2025-08-08 17:11:23,197 - openevolve.controller - INFO - Logging to openevolve_output/level1_85_conv_depthwise_2D_asymmetric_input_asymmetric_kernel/logs/openevolve_20250808_171123.log
2025-08-08 17:11:23,197 - openevolve.controller - INFO - Set random seed to 42 for reproducibility
2025-08-08 17:11:23,241 - openevolve.llm.ensemble - INFO - Initialized LLM ensemble with models: deepseek (weight: 0.80), deepseek (weight: 0.20)
2025-08-08 17:11:23,280 - openevolve.llm.ensemble - INFO - Initialized LLM ensemble with models: deepseek (weight: 0.80), deepseek (weight: 0.20)
2025-08-08 17:11:23,280 - openevolve.prompt.sampler - INFO - Set custom templates: system=evaluator_system_message, user=None
2025-08-08 17:11:23,281 - openevolve.database - INFO - Initialized program database with 0 programs
2025-08-08 17:11:23,303 - openevolve.evaluator - INFO - Successfully loaded evaluation function from openevolve_output/level1_85_conv_depthwise_2D_asymmetric_input_asymmetric_kernel/evaluation.py
2025-08-08 17:11:23,303 - openevolve.evaluator - INFO - Initialized evaluator with openevolve_output/level1_85_conv_depthwise_2D_asymmetric_input_asymmetric_kernel/evaluation.py
2025-08-08 17:11:23,303 - openevolve.controller - INFO - Initialized OpenEvolve with /tmp/4e3ccc06985d31555d55a10792750cf9.py
2025-08-08 17:11:23,303 - openevolve.controller - INFO - Adding initial program to database
2025-08-08 17:11:23,304 - openevolve.RemoteSpeedupEvaluator - INFO - [level1_85_conv_depthwise_2D_asymmetric_input_asymmetric_kernel] verify_plus payload: reference_code(2658 chars) + custom_code(2782 chars)
2025-08-08 17:11:25,692 - openevolve.RemoteSpeedupEvaluator - INFO - [level1_85_conv_depthwise_2D_asymmetric_input_asymmetric_kernel] verify_plus request success
2025-08-08 17:11:25,692 - openevolve.RemoteSpeedupEvaluator - INFO - [level1_85_conv_depthwise_2D_asymmetric_input_asymmetric_kernel] verify_plus response: {"id":"level1_85_conv_depthwise_2D_asymmetric_input_asymmetric_kernel","result":{"compiled":true,"correctness":true,"metadata":{"hardware":"NVIDIA L20Y","device":"cuda:7","correctness_trials":"(5 / 5)","reference_timing_ms":0.0407,"speed_up":1.007,"custom_timing":0.0404},"runtime":0.0404,"runtime_stats":{"mean":0.0404,"std":0.00155,"min":0.0389,"max":0.0513,"num_trials":100,"hardware":"NVIDIA L20Y","device":"cuda:7"}}}
2025-08-08 17:11:25,693 - openevolve.evaluator - INFO - Evaluated program 82210f92-4335-4521-a3b3-bdfdec8474d9 in 2.39s: compiled=1.0000, correctness=1.0000, stage=reference code, passed=0.0000, score=0.0000, speed_up=1.0000, runtime_ms=0.0404, meta={'hardware': 'NVIDIA L20Y', 'device': 'cuda:7', 'correctness_trials': '(5 / 5)', 'reference_timing_ms': 0.0407, 'speed_up': 1.007, 'custom_timing': 0.0404}
2025-08-08 17:11:25,693 - openevolve.database - INFO - New MAP-Elites cell occupied: {'score': 0, 'complexity': 2}
2025-08-08 17:11:25,709 - openevolve.threaded_parallel - INFO - Initializing threaded evaluation pool with 3 workers
2025-08-08 17:11:25,711 - openevolve.threaded_parallel - INFO - Started thread pool with 3 threads
2025-08-08 17:11:25,711 - openevolve.threaded_parallel - INFO - Started improved parallel controller
2025-08-08 17:11:25,711 - openevolve.controller - INFO - Using island-based evolution with 3 islands
2025-08-08 17:11:25,711 - openevolve.database - INFO - Island Status:
2025-08-08 17:11:25,711 - openevolve.database - INFO -  * Island 0: 1 programs, best=0.0000, avg=0.0000, diversity=0.00, gen=0 (best: 82210f92-4335-4521-a3b3-bdfdec8474d9)
2025-08-08 17:11:25,711 - openevolve.database - INFO -    Island 1: 0 programs, best=0.0000, avg=0.0000, diversity=0.00, gen=0
2025-08-08 17:11:25,711 - openevolve.database - INFO -    Island 2: 0 programs, best=0.0000, avg=0.0000, diversity=0.00, gen=0
2025-08-08 17:11:25,711 - openevolve.threaded_parallel - INFO - Starting improved parallel evolution from iteration 0 for 30 iterations (total: 30)
2025-08-08 17:11:25,843 - openevolve.llm.ensemble - INFO - Initialized LLM ensemble with models: deepseek (weight: 0.80), deepseek (weight: 0.20)
2025-08-08 17:11:25,848 - openevolve.llm.ensemble - INFO - Initialized LLM ensemble with models: deepseek (weight: 0.80), deepseek (weight: 0.20)
2025-08-08 17:11:25,853 - openevolve.llm.ensemble - INFO - Initialized LLM ensemble with models: deepseek (weight: 0.80), deepseek (weight: 0.20)
2025-08-08 17:11:25,973 - openevolve.llm.ensemble - INFO - Initialized LLM ensemble with models: deepseek (weight: 0.80), deepseek (weight: 0.20)
2025-08-08 17:11:25,974 - openevolve.prompt.sampler - INFO - Set custom templates: system=evaluator_system_message, user=None
2025-08-08 17:11:25,976 - openevolve.evaluator - INFO - Successfully loaded evaluation function from openevolve_output/level1_85_conv_depthwise_2D_asymmetric_input_asymmetric_kernel/evaluation.py
2025-08-08 17:11:25,976 - openevolve.evaluator - INFO - Initialized evaluator with openevolve_output/level1_85_conv_depthwise_2D_asymmetric_input_asymmetric_kernel/evaluation.py
2025-08-08 17:11:25,978 - openevolve.llm.ensemble - INFO - Sampled model: deepseek
2025-08-08 17:11:25,979 - openevolve.llm.ensemble - INFO - Initialized LLM ensemble with models: deepseek (weight: 0.80), deepseek (weight: 0.20)
2025-08-08 17:11:25,979 - openevolve.prompt.sampler - INFO - Set custom templates: system=evaluator_system_message, user=None
2025-08-08 17:11:25,981 - openevolve.evaluator - INFO - Successfully loaded evaluation function from openevolve_output/level1_85_conv_depthwise_2D_asymmetric_input_asymmetric_kernel/evaluation.py
2025-08-08 17:11:25,981 - openevolve.evaluator - INFO - Initialized evaluator with openevolve_output/level1_85_conv_depthwise_2D_asymmetric_input_asymmetric_kernel/evaluation.py
2025-08-08 17:11:25,982 - openevolve.llm.ensemble - INFO - Initialized LLM ensemble with models: deepseek (weight: 0.80), deepseek (weight: 0.20)
2025-08-08 17:11:25,983 - openevolve.prompt.sampler - INFO - Set custom templates: system=evaluator_system_message, user=None
2025-08-08 17:11:25,983 - openevolve.llm.ensemble - INFO - Sampled model: deepseek
2025-08-08 17:11:25,985 - openevolve.evaluator - INFO - Successfully loaded evaluation function from openevolve_output/level1_85_conv_depthwise_2D_asymmetric_input_asymmetric_kernel/evaluation.py
2025-08-08 17:11:25,985 - openevolve.evaluator - INFO - Initialized evaluator with openevolve_output/level1_85_conv_depthwise_2D_asymmetric_input_asymmetric_kernel/evaluation.py
2025-08-08 17:11:25,986 - openevolve.llm.ensemble - INFO - Sampled model: deepseek
2025-08-08 17:20:14,760 - openevolve.RemoteSpeedupEvaluator - INFO - [level1_85_conv_depthwise_2D_asymmetric_input_asymmetric_kernel] âœ˜ invalid_answer 'import triton' is not found
2025-08-08 17:20:14,761 - openevolve.evaluator - INFO - Evaluated program 2bc30d3c-0879-4224-b3cf-dc0caf6502d5 in 0.00s: compiled=0.0000, correctness=0.0000, score=-100.0000, stage=no_valid_triton_code, feedback=You need to generate real and valid triton code for the core function. The key word 'import triton' is not found.
2025-08-08 17:20:14,764 - openevolve.llm.ensemble - INFO - Sampled model: deepseek
2025-08-08 17:20:14,772 - openevolve.database - INFO - New MAP-Elites cell occupied: {'score': -1000, 'complexity': 0}
2025-08-08 17:20:14,777 - openevolve.threaded_parallel - INFO - Iteration 1: Program 2bc30d3c-0879-4224-b3cf-dc0caf6502d5 (parent: 82210f92-4335-4521-a3b3-bdfdec8474d9) completed in 528.77s
2025-08-08 17:20:14,777 - openevolve.threaded_parallel - INFO - Metrics: compiled=0.0000, correctness=0.0000, score=-100.0000, stage=no_valid_triton_code, feedback=You need to generate real and valid triton code for the core function. The key word 'import triton' is not found.
2025-08-08 17:22:02,654 - openevolve.RemoteSpeedupEvaluator - INFO - [level1_85_conv_depthwise_2D_asymmetric_input_asymmetric_kernel] triton key words check pass
2025-08-08 17:22:02,655 - openevolve.RemoteSpeedupEvaluator - INFO - [level1_85_conv_depthwise_2D_asymmetric_input_asymmetric_kernel] verify_plus payload: reference_code(2658 chars) + custom_code(5958 chars)
2025-08-08 17:22:03,860 - openevolve.RemoteSpeedupEvaluator - INFO - [level1_85_conv_depthwise_2D_asymmetric_input_asymmetric_kernel] triton key words check pass
2025-08-08 17:22:03,860 - openevolve.RemoteSpeedupEvaluator - INFO - [level1_85_conv_depthwise_2D_asymmetric_input_asymmetric_kernel] verify_plus payload: reference_code(2658 chars) + custom_code(5500 chars)
2025-08-08 17:22:05,522 - openevolve.RemoteSpeedupEvaluator - INFO - [level1_85_conv_depthwise_2D_asymmetric_input_asymmetric_kernel] verify_plus request success
2025-08-08 17:22:05,522 - openevolve.RemoteSpeedupEvaluator - INFO - [level1_85_conv_depthwise_2D_asymmetric_input_asymmetric_kernel] verify_plus response: {"id":"level1_85_conv_depthwise_2D_asymmetric_input_asymmetric_kernel","result":{"compiled":true,"correctness":false,"metadata":{"hardware":"NVIDIA L20Y","device":"cuda:0","runtime_error":"Traceback (most recent call last):\n  File \"/home/lijiaxing/.conda/envs/api/lib/python3.10/site-packages/triton/language/core.py\", line 42, in wrapper\n    return fn(*args, **kwargs)\n  File \"/home/lijiaxing/.conda/envs/api/lib/python3.10/site-packages/triton/language/core.py\", line 1630, in program_id\n    return _semantic.program_id(axis)\n  File \"/home/lijiaxing/.conda/envs/api/lib/python3.10/site-packages/triton/language/semantic.py\", line 40, in program_id\n    raise ValueError(f\"program_id axis must be 0, 1, or 2 but got {axis}\")\nValueError: program_id axis must be 0, 1, or 2 but got 3\n\n
2025-08-08 17:22:05,522 - openevolve.RemoteSpeedupEvaluator - INFO - [level1_85_conv_depthwise_2D_asymmetric_input_asymmetric_kernel] âœ˜ wrong_answer
2025-08-08 17:22:05,523 - openevolve.evaluator - INFO - Evaluated program d2e6fbf5-789a-4b8e-a584-91e4514a1cea in 2.87s: compiled=1.0000, correctness=0.0000, score=10.0000, stage=wrong_answer, verify_payload={'id': 'level1_85_conv_depthwise_2D_asymmetric_input_asymmetric_kernel', 'result': {'compiled': True, 'correctness': False, 'metadata': {'hardware': 'NVIDIA L20Y', 'device': 'cuda:0', 'runtime_error': 'Traceback (most recent call last):\n  File "/home/lijiaxing/.conda/envs/api/lib/python3.10/site-packages/triton/language/core.py", line 42, in wrapper\n    return fn(*args, **kwargs)\n  File "/home/lijiaxing/.conda/envs/api/lib/python3.10/site-packages/triton/language/core.py", line 1630, in program_id\n    return _semantic.program_id(axis)\n  File "/home/lijiaxing/.conda/envs/api/lib/python3.10/site-packages/triton/language/semantic.py", line 40, in program_id\n    raise ValueError(f"program_id axis must be 0, 1, or 2 but got {axis}")\nValueError: program_id axis must be 0, 1, or 2 but got 3\n\nThe above exception was the direct cause of the following exception:\n\nTraceback (most recent call last):\n  File "/cpfs01/shared/llm_kernel/hujiakai/KernelLLM/validation_api_server/helpers/evaluations.py", line 720, in run_and_check_correctness\n    output_new = model_new(*inputs)\n  File "/home/lijiaxing/.conda/envs/api/lib/python3.10/site-packages/torch/nn/modules/module.py", line 1773, in _wrapped_call_impl\n    return self._call_impl(*args, **kwargs)\n  File "/home/lijiaxing/.conda/envs/api/lib/python3.10/site-packages/torch/nn/modules/module.py", line 1784, in _call_impl\n    return forward_call(*args, **kwargs)\n  File "/tmp/tmp_t5cn3s7.py", line 136, in forward\n    _depthwise_conv2d_kernel[grid](\n  File "/home/lijiaxing/.conda/envs/api/lib/python3.10/site-packages/triton/runtime/jit.py", line 390, in <lambda>\n    return lambda *args, **kwargs: self.run(grid=grid, warmup=False, *args, **kwargs)\n  File "/home/lijiaxing/.conda/envs/api/lib/python3.10/site-packages/triton/runtime/jit.py", line 594, in run\n    kernel = self.compile(src, target=target, options=options.__dict__)\n  File "/home/lijiaxing/.conda/envs/api/lib/python3.10/site-packages/triton/compiler/compiler.py", line 339, in compile\n    module = src.make_ir(options, codegen_fns, module_map, context)\n  File "/home/lijiaxing/.conda/envs/api/lib/python3.10/site-packages/triton/compiler/compiler.py", line 83, in make_ir\n    return ast_to_ttir(self.fn, self, context=context, options=options, codegen_fns=codegen_fns,\ntriton.compiler.errors.CompilationError: at 19:13:\n    # Strides for weight tensor\n    w_stride_c, w_stride_h, w_stride_w,\n    # Convolution parameters\n    stride_h, stride_w, padding_h, padding_w, dilation_h, dilation_w,\n    # Block parameters\n    BLOCK_H: tl.constexpr, BLOCK_W: tl.constexpr,\n):\n    # Compute program indices\n    pid_b = tl.program_id(0)\n    pid_c = tl.program_id(1)\n    pid_oh = tl.program_id(2)\n    pid_ow = tl.program_id(3)\n             ^\n\n\nThe above exception was the direct cause of the following exception:\n\nTraceback (most recent call last):\n  File "/home/lijiaxing/.conda/envs/api/lib/python3.10/site-packages/triton/language/core.py", line 42, in wrapper\n    return fn(*args, **kwargs)\n  File "/home/lijiaxing/.conda/envs/api/lib/python3.10/site-packages/triton/language/core.py", line 1630, in program_id\n    return _semantic.program_id(axis)\n  File "/home/lijiaxing/.conda/envs/api/lib/python3.10/site-packages/triton/language/semantic.py", line 40, in program_id\n    raise ValueError(f"program_id axis must be 0, 1, or 2 but got {axis}")\nValueError: program_id axis must be 0, 1, or 2 but got 3\n', 'runtime_error_name': 'triton.compiler.errors.CompilationError', 'reference_timing_ms': 0.0407, 'speed_up': -1.0, 'custom_timing': -1.0}, 'runtime': -1.0, 'runtime_stats': {}}}
2025-08-08 17:22:05,524 - openevolve.database - INFO - New MAP-Elites cell occupied: {'score': 9, 'complexity': 9}
2025-08-08 17:22:05,525 - openevolve.database - INFO - New best program d2e6fbf5-789a-4b8e-a584-91e4514a1cea replaces 82210f92-4335-4521-a3b3-bdfdec8474d9
2025-08-08 17:22:05,526 - openevolve.llm.ensemble - INFO - Sampled model: deepseek
2025-08-08 17:22:05,536 - openevolve.threaded_parallel - INFO - Iteration 2: Program d2e6fbf5-789a-4b8e-a584-91e4514a1cea (parent: 82210f92-4335-4521-a3b3-bdfdec8474d9) completed in 639.54s
2025-08-08 17:22:05,536 - openevolve.threaded_parallel - INFO - Metrics: compiled=1.0000, correctness=0.0000, score=10.0000, stage=wrong_answer, verify_payload={'id': 'level1_85_conv_depthwise_2D_asymmetric_input_asymmetric_kernel', 'result': {'compiled': True, 'correctness': False, 'metadata': {'hardware': 'NVIDIA L20Y', 'device': 'cuda:0', 'runtime_error': 'Traceback (most recent call last):\n  File "/home/lijiaxing/.conda/envs/api/lib/python3.10/site-packages/triton/language/core.py", line 42, in wrapper\n    return fn(*args, **kwargs)\n  File "/home/lijiaxing/.conda/envs/api/lib/python3.10/site-packages/triton/language/core.py", line 1630, in program_id\n    return _semantic.program_id(axis)\n  File "/home/lijiaxing/.conda/envs/api/lib/python3.10/site-packages/triton/language/semantic.py", line 40, in program_id\n    raise ValueError(f"program_id axis must be 0, 1, or 2 but got {axis}")\nValueError: program_id axis must be 0, 1, or 2 but got 3\n\nThe above exception was the direct cause of the following exception:\n\nTraceback (most recent call last):\n  File "/cpfs01/shared/llm_kernel/hujiakai/KernelLLM/validation_api_server/helpers/evaluations.py", line 720, in run_and_check_correctness\n    output_new = model_new(*inputs)\n  File "/home/lijiaxing/.conda/envs/api/lib/python3.10/site-packages/torch/nn/modules/module.py", line 1773, in _wrapped_call_impl\n    return self._call_impl(*args, **kwargs)\n  File "/home/lijiaxing/.conda/envs/api/lib/python3.10/site-packages/torch/nn/modules/module.py", line 1784, in _call_impl\n    return forward_call(*args, **kwargs)\n  File "/tmp/tmp_t5cn3s7.py", line 136, in forward\n    _depthwise_conv2d_kernel[grid](\n  File "/home/lijiaxing/.conda/envs/api/lib/python3.10/site-packages/triton/runtime/jit.py", line 390, in <lambda>\n    return lambda *args, **kwargs: self.run(grid=grid, warmup=False, *args, **kwargs)\n  File "/home/lijiaxing/.conda/envs/api/lib/python3.10/site-packages/triton/runtime/jit.py", line 594, in run\n    kernel = self.compile(src, target=target, options=options.__dict__)\n  File "/home/lijiaxing/.conda/envs/api/lib/python3.10/site-packages/triton/compiler/compiler.py", line 339, in compile\n    module = src.make_ir(options, codegen_fns, module_map, context)\n  File "/home/lijiaxing/.conda/envs/api/lib/python3.10/site-packages/triton/compiler/compiler.py", line 83, in make_ir\n    return ast_to_ttir(self.fn, self, context=context, options=options, codegen_fns=codegen_fns,\ntriton.compiler.errors.CompilationError: at 19:13:\n    # Strides for weight tensor\n    w_stride_c, w_stride_h, w_stride_w,\n    # Convolution parameters\n    stride_h, stride_w, padding_h, padding_w, dilation_h, dilation_w,\n    # Block parameters\n    BLOCK_H: tl.constexpr, BLOCK_W: tl.constexpr,\n):\n    # Compute program indices\n    pid_b = tl.program_id(0)\n    pid_c = tl.program_id(1)\n    pid_oh = tl.program_id(2)\n    pid_ow = tl.program_id(3)\n             ^\n\n\nThe above exception was the direct cause of the following exception:\n\nTraceback (most recent call last):\n  File "/home/lijiaxing/.conda/envs/api/lib/python3.10/site-packages/triton/language/core.py", line 42, in wrapper\n    return fn(*args, **kwargs)\n  File "/home/lijiaxing/.conda/envs/api/lib/python3.10/site-packages/triton/language/core.py", line 1630, in program_id\n    return _semantic.program_id(axis)\n  File "/home/lijiaxing/.conda/envs/api/lib/python3.10/site-packages/triton/language/semantic.py", line 40, in program_id\n    raise ValueError(f"program_id axis must be 0, 1, or 2 but got {axis}")\nValueError: program_id axis must be 0, 1, or 2 but got 3\n', 'runtime_error_name': 'triton.compiler.errors.CompilationError', 'reference_timing_ms': 0.0407, 'speed_up': -1.0, 'custom_timing': -1.0}, 'runtime': -1.0, 'runtime_stats': {}}}
2025-08-08 17:22:05,537 - openevolve.threaded_parallel - INFO - ðŸŒŸ New best solution found at iteration 2: d2e6fbf5-789a-4b8e-a584-91e4514a1cea
2025-08-08 17:22:06,745 - openevolve.RemoteSpeedupEvaluator - INFO - [level1_85_conv_depthwise_2D_asymmetric_input_asymmetric_kernel] verify_plus request success
2025-08-08 17:22:06,745 - openevolve.RemoteSpeedupEvaluator - INFO - [level1_85_conv_depthwise_2D_asymmetric_input_asymmetric_kernel] verify_plus response: {"id":"level1_85_conv_depthwise_2D_asymmetric_input_asymmetric_kernel","result":{"compiled":true,"correctness":false,"metadata":{"hardware":"NVIDIA L20Y","device":"cuda:1","runtime_error":"Traceback (most recent call last):\n  File \"/cpfs01/shared/llm_kernel/hujiakai/KernelLLM/validation_api_server/helpers/evaluations.py\", line 720, in run_and_check_correctness\n    output_new = model_new(*inputs)\n  File \"/home/lijiaxing/.conda/envs/api/lib/python3.10/site-packages/torch/nn/modules/module.py\", line 1773, in _wrapped_call_impl\n    return self._call_impl(*args, **kwargs)\n  File \"/home/lijiaxing/.conda/envs/api/lib/python3.10/site-packages/torch/nn/modules/module.py\", line 1784, in _call_impl\n    return forward_call(*args, **kwargs)\n  File \"/tmp/tmph6hm0p5r.py\", line 108, in forw
2025-08-08 17:22:06,746 - openevolve.RemoteSpeedupEvaluator - INFO - [level1_85_conv_depthwise_2D_asymmetric_input_asymmetric_kernel] âœ˜ wrong_answer
2025-08-08 17:22:06,746 - openevolve.evaluator - INFO - Evaluated program 0489c0f4-e493-4f4d-b7b0-6c9fdba7260c in 2.89s: compiled=1.0000, correctness=0.0000, score=10.0000, stage=wrong_answer, verify_payload={'id': 'level1_85_conv_depthwise_2D_asymmetric_input_asymmetric_kernel', 'result': {'compiled': True, 'correctness': False, 'metadata': {'hardware': 'NVIDIA L20Y', 'device': 'cuda:1', 'runtime_error': 'Traceback (most recent call last):\n  File "/cpfs01/shared/llm_kernel/hujiakai/KernelLLM/validation_api_server/helpers/evaluations.py", line 720, in run_and_check_correctness\n    output_new = model_new(*inputs)\n  File "/home/lijiaxing/.conda/envs/api/lib/python3.10/site-packages/torch/nn/modules/module.py", line 1773, in _wrapped_call_impl\n    return self._call_impl(*args, **kwargs)\n  File "/home/lijiaxing/.conda/envs/api/lib/python3.10/site-packages/torch/nn/modules/module.py", line 1784, in _call_impl\n    return forward_call(*args, **kwargs)\n  File "/tmp/tmph6hm0p5r.py", line 108, in forward\n    _depthwise_conv2d_kernel[grid](\n  File "/home/lijiaxing/.conda/envs/api/lib/python3.10/site-packages/triton/runtime/jit.py", line 390, in <lambda>\n    return lambda *args, **kwargs: self.run(grid=grid, warmup=False, *args, **kwargs)\n  File "/home/lijiaxing/.conda/envs/api/lib/python3.10/site-packages/triton/runtime/jit.py", line 594, in run\n    kernel = self.compile(src, target=target, options=options.__dict__)\n  File "/home/lijiaxing/.conda/envs/api/lib/python3.10/site-packages/triton/compiler/compiler.py", line 339, in compile\n    module = src.make_ir(options, codegen_fns, module_map, context)\n  File "/home/lijiaxing/.conda/envs/api/lib/python3.10/site-packages/triton/compiler/compiler.py", line 83, in make_ir\n    return ast_to_ttir(self.fn, self, context=context, options=options, codegen_fns=codegen_fns,\ntriton.compiler.errors.UnsupportedLanguageConstruct: at 34:12:\n\n    if pid_batch >= batch_size or pid_channel >= in_channels or pid_h >= out_height or pid_w >= out_width:\n        return\n\n    acc = 0.0\n    start_h = pid_h * stride_h - padding_h\n    start_w = pid_w * stride_w - padding_w\n\n    for kh in range(0, kernel_size_h):\n        h_idx = start_h + kh * dilation_h\n        if h_idx < 0 or h_idx >= height:\n            continue\n            ^\nunsupported AST node type: Continue\n', 'runtime_error_name': 'triton.compiler.errors.UnsupportedLanguageConstruct', 'reference_timing_ms': 0.0407, 'speed_up': -1.0, 'custom_timing': -1.0}, 'runtime': -1.0, 'runtime_stats': {}}}
2025-08-08 17:22:06,749 - openevolve.llm.ensemble - INFO - Sampled model: deepseek
2025-08-08 17:22:06,756 - openevolve.database - INFO - New MAP-Elites cell occupied: {'score': 9, 'complexity': 8}
2025-08-08 17:22:06,768 - openevolve.threaded_parallel - INFO - Iteration 0: Program 0489c0f4-e493-4f4d-b7b0-6c9fdba7260c (parent: 82210f92-4335-4521-a3b3-bdfdec8474d9) completed in 640.77s
2025-08-08 17:22:06,769 - openevolve.threaded_parallel - INFO - Metrics: compiled=1.0000, correctness=0.0000, score=10.0000, stage=wrong_answer, verify_payload={'id': 'level1_85_conv_depthwise_2D_asymmetric_input_asymmetric_kernel', 'result': {'compiled': True, 'correctness': False, 'metadata': {'hardware': 'NVIDIA L20Y', 'device': 'cuda:1', 'runtime_error': 'Traceback (most recent call last):\n  File "/cpfs01/shared/llm_kernel/hujiakai/KernelLLM/validation_api_server/helpers/evaluations.py", line 720, in run_and_check_correctness\n    output_new = model_new(*inputs)\n  File "/home/lijiaxing/.conda/envs/api/lib/python3.10/site-packages/torch/nn/modules/module.py", line 1773, in _wrapped_call_impl\n    return self._call_impl(*args, **kwargs)\n  File "/home/lijiaxing/.conda/envs/api/lib/python3.10/site-packages/torch/nn/modules/module.py", line 1784, in _call_impl\n    return forward_call(*args, **kwargs)\n  File "/tmp/tmph6hm0p5r.py", line 108, in forward\n    _depthwise_conv2d_kernel[grid](\n  File "/home/lijiaxing/.conda/envs/api/lib/python3.10/site-packages/triton/runtime/jit.py", line 390, in <lambda>\n    return lambda *args, **kwargs: self.run(grid=grid, warmup=False, *args, **kwargs)\n  File "/home/lijiaxing/.conda/envs/api/lib/python3.10/site-packages/triton/runtime/jit.py", line 594, in run\n    kernel = self.compile(src, target=target, options=options.__dict__)\n  File "/home/lijiaxing/.conda/envs/api/lib/python3.10/site-packages/triton/compiler/compiler.py", line 339, in compile\n    module = src.make_ir(options, codegen_fns, module_map, context)\n  File "/home/lijiaxing/.conda/envs/api/lib/python3.10/site-packages/triton/compiler/compiler.py", line 83, in make_ir\n    return ast_to_ttir(self.fn, self, context=context, options=options, codegen_fns=codegen_fns,\ntriton.compiler.errors.UnsupportedLanguageConstruct: at 34:12:\n\n    if pid_batch >= batch_size or pid_channel >= in_channels or pid_h >= out_height or pid_w >= out_width:\n        return\n\n    acc = 0.0\n    start_h = pid_h * stride_h - padding_h\n    start_w = pid_w * stride_w - padding_w\n\n    for kh in range(0, kernel_size_h):\n        h_idx = start_h + kh * dilation_h\n        if h_idx < 0 or h_idx >= height:\n            continue\n            ^\nunsupported AST node type: Continue\n', 'runtime_error_name': 'triton.compiler.errors.UnsupportedLanguageConstruct', 'reference_timing_ms': 0.0407, 'speed_up': -1.0, 'custom_timing': -1.0}, 'runtime': -1.0, 'runtime_stats': {}}}
2025-08-08 17:22:06,769 - openevolve.threaded_parallel - INFO - Checkpoint interval reached at iteration 0
2025-08-08 17:22:06,769 - openevolve.database - INFO - Island Status:
2025-08-08 17:22:06,769 - openevolve.database - INFO -    Island 0: 3 programs, best=10.0000, avg=-30.0000, diversity=990.20, gen=1 (best: d2e6fbf5-789a-4b8e-a584-91e4514a1cea)
2025-08-08 17:22:06,769 - openevolve.database - INFO -  * Island 1: 2 programs, best=10.0000, avg=10.0000, diversity=308.30, gen=2 (best: 0489c0f4-e493-4f4d-b7b0-6c9fdba7260c)
2025-08-08 17:22:06,769 - openevolve.database - INFO -    Island 2: 0 programs, best=0.0000, avg=0.0000, diversity=0.00, gen=0
2025-08-08 17:22:06,820 - openevolve.database - INFO - Saved database with 4 programs to openevolve_output/level1_85_conv_depthwise_2D_asymmetric_input_asymmetric_kernel/checkpoints/checkpoint_0
2025-08-08 17:22:06,840 - openevolve.controller - INFO - Saved best program at checkpoint 0 with metrics: compiled=1.0000, correctness=0.0000, score=10.0000, stage=wrong_answer, verify_payload={'id': 'level1_85_conv_depthwise_2D_asymmetric_input_asymmetric_kernel', 'result': {'compiled': True, 'correctness': False, 'metadata': {'hardware': 'NVIDIA L20Y', 'device': 'cuda:0', 'runtime_error': 'Traceback (most recent call last):\n  File "/home/lijiaxing/.conda/envs/api/lib/python3.10/site-packages/triton/language/core.py", line 42, in wrapper\n    return fn(*args, **kwargs)\n  File "/home/lijiaxing/.conda/envs/api/lib/python3.10/site-packages/triton/language/core.py", line 1630, in program_id\n    return _semantic.program_id(axis)\n  File "/home/lijiaxing/.conda/envs/api/lib/python3.10/site-packages/triton/language/semantic.py", line 40, in program_id\n    raise ValueError(f"program_id axis must be 0, 1, or 2 but got {axis}")\nValueError: program_id axis must be 0, 1, or 2 but got 3\n\nThe above exception was the direct cause of the following exception:\n\nTraceback (most recent call last):\n  File "/cpfs01/shared/llm_kernel/hujiakai/KernelLLM/validation_api_server/helpers/evaluations.py", line 720, in run_and_check_correctness\n    output_new = model_new(*inputs)\n  File "/home/lijiaxing/.conda/envs/api/lib/python3.10/site-packages/torch/nn/modules/module.py", line 1773, in _wrapped_call_impl\n    return self._call_impl(*args, **kwargs)\n  File "/home/lijiaxing/.conda/envs/api/lib/python3.10/site-packages/torch/nn/modules/module.py", line 1784, in _call_impl\n    return forward_call(*args, **kwargs)\n  File "/tmp/tmp_t5cn3s7.py", line 136, in forward\n    _depthwise_conv2d_kernel[grid](\n  File "/home/lijiaxing/.conda/envs/api/lib/python3.10/site-packages/triton/runtime/jit.py", line 390, in <lambda>\n    return lambda *args, **kwargs: self.run(grid=grid, warmup=False, *args, **kwargs)\n  File "/home/lijiaxing/.conda/envs/api/lib/python3.10/site-packages/triton/runtime/jit.py", line 594, in run\n    kernel = self.compile(src, target=target, options=options.__dict__)\n  File "/home/lijiaxing/.conda/envs/api/lib/python3.10/site-packages/triton/compiler/compiler.py", line 339, in compile\n    module = src.make_ir(options, codegen_fns, module_map, context)\n  File "/home/lijiaxing/.conda/envs/api/lib/python3.10/site-packages/triton/compiler/compiler.py", line 83, in make_ir\n    return ast_to_ttir(self.fn, self, context=context, options=options, codegen_fns=codegen_fns,\ntriton.compiler.errors.CompilationError: at 19:13:\n    # Strides for weight tensor\n    w_stride_c, w_stride_h, w_stride_w,\n    # Convolution parameters\n    stride_h, stride_w, padding_h, padding_w, dilation_h, dilation_w,\n    # Block parameters\n    BLOCK_H: tl.constexpr, BLOCK_W: tl.constexpr,\n):\n    # Compute program indices\n    pid_b = tl.program_id(0)\n    pid_c = tl.program_id(1)\n    pid_oh = tl.program_id(2)\n    pid_ow = tl.program_id(3)\n             ^\n\n\nThe above exception was the direct cause of the following exception:\n\nTraceback (most recent call last):\n  File "/home/lijiaxing/.conda/envs/api/lib/python3.10/site-packages/triton/language/core.py", line 42, in wrapper\n    return fn(*args, **kwargs)\n  File "/home/lijiaxing/.conda/envs/api/lib/python3.10/site-packages/triton/language/core.py", line 1630, in program_id\n    return _semantic.program_id(axis)\n  File "/home/lijiaxing/.conda/envs/api/lib/python3.10/site-packages/triton/language/semantic.py", line 40, in program_id\n    raise ValueError(f"program_id axis must be 0, 1, or 2 but got {axis}")\nValueError: program_id axis must be 0, 1, or 2 but got 3\n', 'runtime_error_name': 'triton.compiler.errors.CompilationError', 'reference_timing_ms': 0.0407, 'speed_up': -1.0, 'custom_timing': -1.0}, 'runtime': -1.0, 'runtime_stats': {}}}
2025-08-08 17:22:06,840 - openevolve.controller - INFO - Saved checkpoint at iteration 0 to openevolve_output/level1_85_conv_depthwise_2D_asymmetric_input_asymmetric_kernel/checkpoints/checkpoint_0
2025-08-08 17:30:04,522 - openevolve.RemoteSpeedupEvaluator - INFO - [level1_85_conv_depthwise_2D_asymmetric_input_asymmetric_kernel] triton key words check pass
2025-08-08 17:30:04,524 - openevolve.RemoteSpeedupEvaluator - INFO - [level1_85_conv_depthwise_2D_asymmetric_input_asymmetric_kernel] verify_plus payload: reference_code(2658 chars) + custom_code(6028 chars)
2025-08-08 17:30:08,407 - openevolve.RemoteSpeedupEvaluator - INFO - [level1_85_conv_depthwise_2D_asymmetric_input_asymmetric_kernel] verify_plus request success
2025-08-08 17:30:08,407 - openevolve.RemoteSpeedupEvaluator - INFO - [level1_85_conv_depthwise_2D_asymmetric_input_asymmetric_kernel] verify_plus response: {"id":"level1_85_conv_depthwise_2D_asymmetric_input_asymmetric_kernel","result":{"compiled":true,"correctness":false,"metadata":{"hardware":"NVIDIA L20Y","device":"cuda:5","max_difference":["1.706778","1.904913","1.876879","2.127197","1.872633"],"avg_difference":["0.004144","0.004075","0.004095","0.004083","0.004101"],"correctness_issue":"Output mismatch","correctness_trials":"(0 / 5)","reference_timing_ms":0.0407,"speed_up":-1.0,"custom_timing":-1.0},"runtime":-1.0,"runtime_stats":{}}}
2025-08-08 17:30:08,407 - openevolve.RemoteSpeedupEvaluator - INFO - [level1_85_conv_depthwise_2D_asymmetric_input_asymmetric_kernel] âœ˜ wrong_answer
2025-08-08 17:30:08,408 - openevolve.evaluator - INFO - Evaluated program a1327fd9-0e09-48e3-bb6f-f83f27e2808a in 3.89s: compiled=1.0000, correctness=0.0000, score=10.0000, stage=wrong_answer, verify_payload={'id': 'level1_85_conv_depthwise_2D_asymmetric_input_asymmetric_kernel', 'result': {'compiled': True, 'correctness': False, 'metadata': {'hardware': 'NVIDIA L20Y', 'device': 'cuda:5', 'max_difference': ['1.706778', '1.904913', '1.876879', '2.127197', '1.872633'], 'avg_difference': ['0.004144', '0.004075', '0.004095', '0.004083', '0.004101'], 'correctness_issue': 'Output mismatch', 'correctness_trials': '(0 / 5)', 'reference_timing_ms': 0.0407, 'speed_up': -1.0, 'custom_timing': -1.0}, 'runtime': -1.0, 'runtime_stats': {}}}
2025-08-08 17:30:08,412 - openevolve.llm.ensemble - INFO - Sampled model: deepseek
2025-08-08 17:30:08,426 - openevolve.threaded_parallel - INFO - Iteration 5: Program a1327fd9-0e09-48e3-bb6f-f83f27e2808a (parent: d2e6fbf5-789a-4b8e-a584-91e4514a1cea) completed in 481.66s
2025-08-08 17:30:08,426 - openevolve.threaded_parallel - INFO - Metrics: compiled=1.0000, correctness=0.0000, score=10.0000, stage=wrong_answer, verify_payload={'id': 'level1_85_conv_depthwise_2D_asymmetric_input_asymmetric_kernel', 'result': {'compiled': True, 'correctness': False, 'metadata': {'hardware': 'NVIDIA L20Y', 'device': 'cuda:5', 'max_difference': ['1.706778', '1.904913', '1.876879', '2.127197', '1.872633'], 'avg_difference': ['0.004144', '0.004075', '0.004095', '0.004083', '0.004101'], 'correctness_issue': 'Output mismatch', 'correctness_trials': '(0 / 5)', 'reference_timing_ms': 0.0407, 'speed_up': -1.0, 'custom_timing': -1.0}, 'runtime': -1.0, 'runtime_stats': {}}}
2025-08-08 17:30:21,069 - openevolve.RemoteSpeedupEvaluator - INFO - [level1_85_conv_depthwise_2D_asymmetric_input_asymmetric_kernel] triton key words check pass
2025-08-08 17:30:21,069 - openevolve.RemoteSpeedupEvaluator - INFO - [level1_85_conv_depthwise_2D_asymmetric_input_asymmetric_kernel] verify_plus payload: reference_code(2658 chars) + custom_code(6433 chars)
2025-08-08 17:30:24,242 - openevolve.RemoteSpeedupEvaluator - INFO - [level1_85_conv_depthwise_2D_asymmetric_input_asymmetric_kernel] verify_plus request success
2025-08-08 17:30:24,242 - openevolve.RemoteSpeedupEvaluator - INFO - [level1_85_conv_depthwise_2D_asymmetric_input_asymmetric_kernel] verify_plus response: {"id":"level1_85_conv_depthwise_2D_asymmetric_input_asymmetric_kernel","result":{"compiled":true,"correctness":false,"metadata":{"hardware":"NVIDIA L20Y","device":"cuda:7","max_difference":["15164660256342569110190905318440960.000000","14793549353425558526001370959446016.000000","15457756177983815029456296868839424.000000","13309274101602859000960619804360704.000000","15165775640317965237818589429366784.000000"],"avg_difference":["3424574037412419166643641384960.000000","3492027262443637016075547181056.000000","3372027472199959502250450092032.000000","3596657676511098845545310978048.000000","3412634686017905088914243190784.000000"],"correctness_issue":"Output mismatch","correctness_trials":"(0 / 5)","reference_timing_ms":0.0407,"speed_up":-1.0,"custom_timing":-1.0},"runtime":-1.0,"runtime_
2025-08-08 17:30:24,242 - openevolve.RemoteSpeedupEvaluator - INFO - [level1_85_conv_depthwise_2D_asymmetric_input_asymmetric_kernel] âœ˜ wrong_answer
2025-08-08 17:30:24,243 - openevolve.evaluator - INFO - Evaluated program 1d68cae2-ede9-4cc9-90f5-e95ec4a39555 in 3.17s: compiled=1.0000, correctness=0.0000, score=10.0000, stage=wrong_answer, verify_payload={'id': 'level1_85_conv_depthwise_2D_asymmetric_input_asymmetric_kernel', 'result': {'compiled': True, 'correctness': False, 'metadata': {'hardware': 'NVIDIA L20Y', 'device': 'cuda:7', 'max_difference': ['15164660256342569110190905318440960.000000', '14793549353425558526001370959446016.000000', '15457756177983815029456296868839424.000000', '13309274101602859000960619804360704.000000', '15165775640317965237818589429366784.000000'], 'avg_difference': ['3424574037412419166643641384960.000000', '3492027262443637016075547181056.000000', '3372027472199959502250450092032.000000', '3596657676511098845545310978048.000000', '3412634686017905088914243190784.000000'], 'correctness_issue': 'Output mismatch', 'correctness_trials': '(0 / 5)', 'reference_timing_ms': 0.0407, 'speed_up': -1.0, 'custom_timing': -1.0}, 'runtime': -1.0, 'runtime_stats': {}}}
2025-08-08 17:30:24,245 - openevolve.llm.ensemble - INFO - Sampled model: deepseek
2025-08-08 17:30:24,262 - openevolve.threaded_parallel - INFO - Iteration 4: Program 1d68cae2-ede9-4cc9-90f5-e95ec4a39555 (parent: 82210f92-4335-4521-a3b3-bdfdec8474d9) completed in 498.72s
2025-08-08 17:30:24,262 - openevolve.threaded_parallel - INFO - Metrics: compiled=1.0000, correctness=0.0000, score=10.0000, stage=wrong_answer, verify_payload={'id': 'level1_85_conv_depthwise_2D_asymmetric_input_asymmetric_kernel', 'result': {'compiled': True, 'correctness': False, 'metadata': {'hardware': 'NVIDIA L20Y', 'device': 'cuda:7', 'max_difference': ['15164660256342569110190905318440960.000000', '14793549353425558526001370959446016.000000', '15457756177983815029456296868839424.000000', '13309274101602859000960619804360704.000000', '15165775640317965237818589429366784.000000'], 'avg_difference': ['3424574037412419166643641384960.000000', '3492027262443637016075547181056.000000', '3372027472199959502250450092032.000000', '3596657676511098845545310978048.000000', '3412634686017905088914243190784.000000'], 'correctness_issue': 'Output mismatch', 'correctness_trials': '(0 / 5)', 'reference_timing_ms': 0.0407, 'speed_up': -1.0, 'custom_timing': -1.0}, 'runtime': -1.0, 'runtime_stats': {}}}
2025-08-08 17:33:58,691 - openevolve.RemoteSpeedupEvaluator - INFO - [level1_85_conv_depthwise_2D_asymmetric_input_asymmetric_kernel] triton key words check pass
2025-08-08 17:33:58,692 - openevolve.RemoteSpeedupEvaluator - INFO - [level1_85_conv_depthwise_2D_asymmetric_input_asymmetric_kernel] verify_plus payload: reference_code(2658 chars) + custom_code(5616 chars)
2025-08-08 17:34:01,969 - openevolve.RemoteSpeedupEvaluator - INFO - [level1_85_conv_depthwise_2D_asymmetric_input_asymmetric_kernel] verify_plus request success
2025-08-08 17:34:01,969 - openevolve.RemoteSpeedupEvaluator - INFO - [level1_85_conv_depthwise_2D_asymmetric_input_asymmetric_kernel] verify_plus response: {"id":"level1_85_conv_depthwise_2D_asymmetric_input_asymmetric_kernel","result":{"compiled":true,"correctness":true,"metadata":{"hardware":"NVIDIA L20Y","device":"cuda:4","correctness_trials":"(5 / 5)","reference_timing_ms":0.0407,"speed_up":0.515,"custom_timing":0.079},"runtime":0.079,"runtime_stats":{"mean":0.079,"std":0.00245,"min":0.075,"max":0.0905,"num_trials":100,"hardware":"NVIDIA L20Y","device":"cuda:4"}}}
2025-08-08 17:34:01,970 - openevolve.RemoteSpeedupEvaluator - INFO - [level1_85_conv_depthwise_2D_asymmetric_input_asymmetric_kernel] âœ” success | speed_up=0.515  score=20.00
2025-08-08 17:34:01,970 - openevolve.evaluator - INFO - Evaluated program 04eee13e-3f92-4965-bb2a-5c5fec7525ea in 3.28s: compiled=1.0000, correctness=1.0000, stage=success, passed=0.0000, score=20.0000, speed_up=0.5150, runtime_ms=0.0790, meta={'hardware': 'NVIDIA L20Y', 'device': 'cuda:4', 'correctness_trials': '(5 / 5)', 'reference_timing_ms': 0.0407, 'speed_up': 0.515, 'custom_timing': 0.079}
2025-08-08 17:34:01,972 - openevolve.database - INFO - MAP-Elites cell improved: {'score': 9, 'complexity': 8} (fitness: 10.000 -> 20.000)
2025-08-08 17:34:01,973 - openevolve.database - INFO - New best program 04eee13e-3f92-4965-bb2a-5c5fec7525ea replaces d2e6fbf5-789a-4b8e-a584-91e4514a1cea
2025-08-08 17:34:01,974 - openevolve.llm.ensemble - INFO - Sampled model: deepseek
2025-08-08 17:34:01,991 - openevolve.threaded_parallel - INFO - Iteration 3: Program 04eee13e-3f92-4965-bb2a-5c5fec7525ea (parent: 82210f92-4335-4521-a3b3-bdfdec8474d9) completed in 827.21s
2025-08-08 17:34:01,991 - openevolve.threaded_parallel - INFO - Metrics: compiled=1.0000, correctness=1.0000, stage=success, passed=0.0000, score=20.0000, speed_up=0.5150, runtime_ms=0.0790, meta={'hardware': 'NVIDIA L20Y', 'device': 'cuda:4', 'correctness_trials': '(5 / 5)', 'reference_timing_ms': 0.0407, 'speed_up': 0.515, 'custom_timing': 0.079}
2025-08-08 17:34:01,991 - openevolve.threaded_parallel - INFO - ðŸŒŸ New best solution found at iteration 3: 04eee13e-3f92-4965-bb2a-5c5fec7525ea
2025-08-08 17:34:01,991 - openevolve.threaded_parallel - INFO - Checkpoint interval reached at iteration 3
2025-08-08 17:34:01,992 - openevolve.database - INFO - Island Status:
2025-08-08 17:34:01,992 - openevolve.database - INFO -    Island 0: 4 programs, best=20.0000, avg=-17.5000, diversity=922.27, gen=2 (best: 04eee13e-3f92-4965-bb2a-5c5fec7525ea)
2025-08-08 17:34:01,992 - openevolve.database - INFO -  * Island 1: 3 programs, best=10.0000, avg=10.0000, diversity=210.20, gen=3 (best: 0489c0f4-e493-4f4d-b7b0-6c9fdba7260c)
2025-08-08 17:34:01,992 - openevolve.database - INFO -    Island 2: 2 programs, best=10.0000, avg=10.0000, diversity=81.00, gen=1 (best: 1d68cae2-ede9-4cc9-90f5-e95ec4a39555)
2025-08-08 17:34:02,103 - openevolve.database - INFO - Saved database with 7 programs to openevolve_output/level1_85_conv_depthwise_2D_asymmetric_input_asymmetric_kernel/checkpoints/checkpoint_3
2025-08-08 17:34:02,120 - openevolve.controller - INFO - Saved best program at checkpoint 3 with metrics: compiled=1.0000, correctness=1.0000, stage=success, passed=0.0000, score=20.0000, speed_up=0.5150, runtime_ms=0.0790, meta={'hardware': 'NVIDIA L20Y', 'device': 'cuda:4', 'correctness_trials': '(5 / 5)', 'reference_timing_ms': 0.0407, 'speed_up': 0.515, 'custom_timing': 0.079}
2025-08-08 17:34:02,120 - openevolve.controller - INFO - Saved checkpoint at iteration 3 to openevolve_output/level1_85_conv_depthwise_2D_asymmetric_input_asymmetric_kernel/checkpoints/checkpoint_3
2025-08-08 17:35:11,373 - openevolve.RemoteSpeedupEvaluator - INFO - [level1_85_conv_depthwise_2D_asymmetric_input_asymmetric_kernel] triton key words check pass
2025-08-08 17:35:11,375 - openevolve.RemoteSpeedupEvaluator - INFO - [level1_85_conv_depthwise_2D_asymmetric_input_asymmetric_kernel] verify_plus payload: reference_code(2658 chars) + custom_code(6171 chars)
2025-08-08 17:35:14,458 - openevolve.RemoteSpeedupEvaluator - INFO - [level1_85_conv_depthwise_2D_asymmetric_input_asymmetric_kernel] verify_plus request success
2025-08-08 17:35:14,458 - openevolve.RemoteSpeedupEvaluator - INFO - [level1_85_conv_depthwise_2D_asymmetric_input_asymmetric_kernel] verify_plus response: {"id":"level1_85_conv_depthwise_2D_asymmetric_input_asymmetric_kernel","result":{"compiled":true,"correctness":false,"metadata":{"hardware":"NVIDIA L20Y","device":"cuda:2","max_difference":["1.706778","1.904913","1.876879","2.127197","1.872633"],"avg_difference":["0.004144","0.004075","0.004095","0.004083","0.004101"],"correctness_issue":"Output mismatch","correctness_trials":"(0 / 5)","reference_timing_ms":0.0407,"speed_up":-1.0,"custom_timing":-1.0},"runtime":-1.0,"runtime_stats":{}}}
2025-08-08 17:35:14,458 - openevolve.RemoteSpeedupEvaluator - INFO - [level1_85_conv_depthwise_2D_asymmetric_input_asymmetric_kernel] âœ˜ wrong_answer
2025-08-08 17:35:14,459 - openevolve.evaluator - INFO - Evaluated program b539d76b-ddc7-48ec-aec3-ab40394a2a5f in 3.09s: compiled=1.0000, correctness=0.0000, score=10.0000, stage=wrong_answer, verify_payload={'id': 'level1_85_conv_depthwise_2D_asymmetric_input_asymmetric_kernel', 'result': {'compiled': True, 'correctness': False, 'metadata': {'hardware': 'NVIDIA L20Y', 'device': 'cuda:2', 'max_difference': ['1.706778', '1.904913', '1.876879', '2.127197', '1.872633'], 'avg_difference': ['0.004144', '0.004075', '0.004095', '0.004083', '0.004101'], 'correctness_issue': 'Output mismatch', 'correctness_trials': '(0 / 5)', 'reference_timing_ms': 0.0407, 'speed_up': -1.0, 'custom_timing': -1.0}, 'runtime': -1.0, 'runtime_stats': {}}}
2025-08-08 17:35:14,462 - openevolve.llm.ensemble - INFO - Sampled model: deepseek
2025-08-08 17:35:14,484 - openevolve.threaded_parallel - INFO - Iteration 7: Program b539d76b-ddc7-48ec-aec3-ab40394a2a5f (parent: d2e6fbf5-789a-4b8e-a584-91e4514a1cea) completed in 290.21s
2025-08-08 17:35:14,485 - openevolve.threaded_parallel - INFO - Metrics: compiled=1.0000, correctness=0.0000, score=10.0000, stage=wrong_answer, verify_payload={'id': 'level1_85_conv_depthwise_2D_asymmetric_input_asymmetric_kernel', 'result': {'compiled': True, 'correctness': False, 'metadata': {'hardware': 'NVIDIA L20Y', 'device': 'cuda:2', 'max_difference': ['1.706778', '1.904913', '1.876879', '2.127197', '1.872633'], 'avg_difference': ['0.004144', '0.004075', '0.004095', '0.004083', '0.004101'], 'correctness_issue': 'Output mismatch', 'correctness_trials': '(0 / 5)', 'reference_timing_ms': 0.0407, 'speed_up': -1.0, 'custom_timing': -1.0}, 'runtime': -1.0, 'runtime_stats': {}}}
2025-08-08 17:39:31,949 - openevolve.RemoteSpeedupEvaluator - INFO - [level1_85_conv_depthwise_2D_asymmetric_input_asymmetric_kernel] âœ˜ invalid_answer 'import triton' is not found
2025-08-08 17:39:31,950 - openevolve.evaluator - INFO - Evaluated program 4c32695d-c6c4-4ae6-827c-a43a14f62320 in 0.01s: compiled=0.0000, correctness=0.0000, score=-100.0000, stage=no_valid_triton_code, feedback=You need to generate real and valid triton code for the core function. The key word 'import triton' is not found.
2025-08-08 17:39:31,954 - openevolve.llm.ensemble - INFO - Sampled model: deepseek
2025-08-08 17:39:31,971 - openevolve.threaded_parallel - INFO - Iteration 6: Program 4c32695d-c6c4-4ae6-827c-a43a14f62320 (parent: d2e6fbf5-789a-4b8e-a584-91e4514a1cea) completed in 563.54s
2025-08-08 17:39:31,971 - openevolve.threaded_parallel - INFO - Metrics: compiled=0.0000, correctness=0.0000, score=-100.0000, stage=no_valid_triton_code, feedback=You need to generate real and valid triton code for the core function. The key word 'import triton' is not found.
2025-08-08 17:39:31,971 - openevolve.threaded_parallel - INFO - Checkpoint interval reached at iteration 6
2025-08-08 17:39:31,972 - openevolve.database - INFO - Island Status:
2025-08-08 17:39:31,972 - openevolve.database - INFO -  * Island 0: 4 programs, best=20.0000, avg=-17.5000, diversity=922.27, gen=3 (best: 04eee13e-3f92-4965-bb2a-5c5fec7525ea)
2025-08-08 17:39:31,972 - openevolve.database - INFO -    Island 1: 4 programs, best=10.0000, avg=10.0000, diversity=190.97, gen=3 (best: 0489c0f4-e493-4f4d-b7b0-6c9fdba7260c)
2025-08-08 17:39:31,973 - openevolve.database - INFO -    Island 2: 3 programs, best=10.0000, avg=-26.6667, diversity=1542.33, gen=2 (best: 1d68cae2-ede9-4cc9-90f5-e95ec4a39555)
2025-08-08 17:39:32,070 - openevolve.database - INFO - Saved database with 9 programs to openevolve_output/level1_85_conv_depthwise_2D_asymmetric_input_asymmetric_kernel/checkpoints/checkpoint_6
2025-08-08 17:39:32,085 - openevolve.controller - INFO - Saved best program at checkpoint 6 with metrics: compiled=1.0000, correctness=1.0000, stage=success, passed=0.0000, score=20.0000, speed_up=0.5150, runtime_ms=0.0790, meta={'hardware': 'NVIDIA L20Y', 'device': 'cuda:4', 'correctness_trials': '(5 / 5)', 'reference_timing_ms': 0.0407, 'speed_up': 0.515, 'custom_timing': 0.079}
2025-08-08 17:39:32,085 - openevolve.controller - INFO - Saved checkpoint at iteration 6 to openevolve_output/level1_85_conv_depthwise_2D_asymmetric_input_asymmetric_kernel/checkpoints/checkpoint_6
2025-08-08 17:40:51,856 - openevolve.RemoteSpeedupEvaluator - INFO - [level1_85_conv_depthwise_2D_asymmetric_input_asymmetric_kernel] triton key words check pass
2025-08-08 17:40:51,858 - openevolve.RemoteSpeedupEvaluator - INFO - [level1_85_conv_depthwise_2D_asymmetric_input_asymmetric_kernel] verify_plus payload: reference_code(2658 chars) + custom_code(5584 chars)
2025-08-08 17:40:55,398 - openevolve.RemoteSpeedupEvaluator - INFO - [level1_85_conv_depthwise_2D_asymmetric_input_asymmetric_kernel] verify_plus request success
2025-08-08 17:40:55,399 - openevolve.RemoteSpeedupEvaluator - INFO - [level1_85_conv_depthwise_2D_asymmetric_input_asymmetric_kernel] verify_plus response: {"id":"level1_85_conv_depthwise_2D_asymmetric_input_asymmetric_kernel","result":{"compiled":true,"correctness":true,"metadata":{"hardware":"NVIDIA L20Y","device":"cuda:0","correctness_trials":"(5 / 5)","reference_timing_ms":0.0407,"speed_up":0.014,"custom_timing":2.99},"runtime":2.99,"runtime_stats":{"mean":2.99,"std":0.00387,"min":2.98,"max":3.0,"num_trials":100,"hardware":"NVIDIA L20Y","device":"cuda:0"}}}
2025-08-08 17:40:55,399 - openevolve.RemoteSpeedupEvaluator - INFO - [level1_85_conv_depthwise_2D_asymmetric_input_asymmetric_kernel] âœ” success | speed_up=0.014  score=20.00
2025-08-08 17:40:55,399 - openevolve.evaluator - INFO - Evaluated program df2c9b56-19f6-4ea4-8f89-288fdfb5efcf in 3.54s: compiled=1.0000, correctness=1.0000, stage=success, passed=0.0000, score=20.0000, speed_up=0.0140, runtime_ms=2.9900, meta={'hardware': 'NVIDIA L20Y', 'device': 'cuda:0', 'correctness_trials': '(5 / 5)', 'reference_timing_ms': 0.0407, 'speed_up': 0.014, 'custom_timing': 2.99}
2025-08-08 17:40:55,403 - openevolve.llm.ensemble - INFO - Sampled model: deepseek
2025-08-08 17:40:55,421 - openevolve.threaded_parallel - INFO - Iteration 9: Program df2c9b56-19f6-4ea4-8f89-288fdfb5efcf (parent: 0489c0f4-e493-4f4d-b7b0-6c9fdba7260c) completed in 340.94s
2025-08-08 17:40:55,422 - openevolve.threaded_parallel - INFO - Metrics: compiled=1.0000, correctness=1.0000, stage=success, passed=0.0000, score=20.0000, speed_up=0.0140, runtime_ms=2.9900, meta={'hardware': 'NVIDIA L20Y', 'device': 'cuda:0', 'correctness_trials': '(5 / 5)', 'reference_timing_ms': 0.0407, 'speed_up': 0.014, 'custom_timing': 2.99}
2025-08-08 17:40:55,422 - openevolve.threaded_parallel - INFO - Checkpoint interval reached at iteration 9
2025-08-08 17:40:55,423 - openevolve.database - INFO - Island Status:
2025-08-08 17:40:55,423 - openevolve.database - INFO -    Island 0: 5 programs, best=20.0000, avg=-10.0000, diversity=691.07, gen=3 (best: 04eee13e-3f92-4965-bb2a-5c5fec7525ea)
2025-08-08 17:40:55,423 - openevolve.database - INFO -  * Island 1: 4 programs, best=10.0000, avg=10.0000, diversity=190.97, gen=4 (best: 0489c0f4-e493-4f4d-b7b0-6c9fdba7260c)
2025-08-08 17:40:55,423 - openevolve.database - INFO -    Island 2: 3 programs, best=10.0000, avg=-26.6667, diversity=1542.33, gen=2 (best: 1d68cae2-ede9-4cc9-90f5-e95ec4a39555)
2025-08-08 17:40:55,535 - openevolve.database - INFO - Saved database with 10 programs to openevolve_output/level1_85_conv_depthwise_2D_asymmetric_input_asymmetric_kernel/checkpoints/checkpoint_9
2025-08-08 17:40:55,550 - openevolve.controller - INFO - Saved best program at checkpoint 9 with metrics: compiled=1.0000, correctness=1.0000, stage=success, passed=0.0000, score=20.0000, speed_up=0.5150, runtime_ms=0.0790, meta={'hardware': 'NVIDIA L20Y', 'device': 'cuda:4', 'correctness_trials': '(5 / 5)', 'reference_timing_ms': 0.0407, 'speed_up': 0.515, 'custom_timing': 0.079}
2025-08-08 17:40:55,550 - openevolve.controller - INFO - Saved checkpoint at iteration 9 to openevolve_output/level1_85_conv_depthwise_2D_asymmetric_input_asymmetric_kernel/checkpoints/checkpoint_9
2025-08-08 17:42:33,770 - openevolve.RemoteSpeedupEvaluator - INFO - [level1_85_conv_depthwise_2D_asymmetric_input_asymmetric_kernel] triton key words check pass
2025-08-08 17:42:33,772 - openevolve.RemoteSpeedupEvaluator - INFO - [level1_85_conv_depthwise_2D_asymmetric_input_asymmetric_kernel] verify_plus payload: reference_code(2658 chars) + custom_code(6178 chars)
2025-08-08 17:42:37,244 - openevolve.RemoteSpeedupEvaluator - INFO - [level1_85_conv_depthwise_2D_asymmetric_input_asymmetric_kernel] verify_plus request success
2025-08-08 17:42:37,244 - openevolve.RemoteSpeedupEvaluator - INFO - [level1_85_conv_depthwise_2D_asymmetric_input_asymmetric_kernel] verify_plus response: {"id":"level1_85_conv_depthwise_2D_asymmetric_input_asymmetric_kernel","result":{"compiled":true,"correctness":true,"metadata":{"hardware":"NVIDIA L20Y","device":"cuda:0","correctness_trials":"(5 / 5)","reference_timing_ms":0.0407,"speed_up":0.511,"custom_timing":0.0797},"runtime":0.0797,"runtime_stats":{"mean":0.0797,"std":0.00269,"min":0.0763,"max":0.0901,"num_trials":100,"hardware":"NVIDIA L20Y","device":"cuda:0"}}}
2025-08-08 17:42:37,245 - openevolve.RemoteSpeedupEvaluator - INFO - [level1_85_conv_depthwise_2D_asymmetric_input_asymmetric_kernel] âœ” success | speed_up=0.511  score=20.00
2025-08-08 17:42:37,245 - openevolve.evaluator - INFO - Evaluated program c113cbd5-020a-44ac-aadb-060889ab73f6 in 3.48s: compiled=1.0000, correctness=1.0000, stage=success, passed=0.0000, score=20.0000, speed_up=0.5110, runtime_ms=0.0797, meta={'hardware': 'NVIDIA L20Y', 'device': 'cuda:0', 'correctness_trials': '(5 / 5)', 'reference_timing_ms': 0.0407, 'speed_up': 0.511, 'custom_timing': 0.0797}
2025-08-08 17:42:37,247 - openevolve.database - INFO - MAP-Elites cell improved: {'score': 9, 'complexity': 9} (fitness: 10.000 -> 20.000)
2025-08-08 17:42:37,249 - openevolve.llm.ensemble - INFO - Sampled model: deepseek
2025-08-08 17:42:37,259 - openevolve.threaded_parallel - INFO - Iteration 8: Program c113cbd5-020a-44ac-aadb-060889ab73f6 (parent: 2bc30d3c-0879-4224-b3cf-dc0caf6502d5) completed in 515.27s
2025-08-08 17:42:37,259 - openevolve.threaded_parallel - INFO - Metrics: compiled=1.0000, correctness=1.0000, stage=success, passed=0.0000, score=20.0000, speed_up=0.5110, runtime_ms=0.0797, meta={'hardware': 'NVIDIA L20Y', 'device': 'cuda:0', 'correctness_trials': '(5 / 5)', 'reference_timing_ms': 0.0407, 'speed_up': 0.511, 'custom_timing': 0.0797}
2025-08-08 17:44:45,420 - openevolve.RemoteSpeedupEvaluator - INFO - [level1_85_conv_depthwise_2D_asymmetric_input_asymmetric_kernel] triton key words check pass
2025-08-08 17:44:45,422 - openevolve.RemoteSpeedupEvaluator - INFO - [level1_85_conv_depthwise_2D_asymmetric_input_asymmetric_kernel] verify_plus payload: reference_code(2658 chars) + custom_code(6121 chars)
2025-08-08 17:44:48,584 - openevolve.RemoteSpeedupEvaluator - INFO - [level1_85_conv_depthwise_2D_asymmetric_input_asymmetric_kernel] verify_plus request success
2025-08-08 17:44:48,585 - openevolve.RemoteSpeedupEvaluator - INFO - [level1_85_conv_depthwise_2D_asymmetric_input_asymmetric_kernel] verify_plus response: {"id":"level1_85_conv_depthwise_2D_asymmetric_input_asymmetric_kernel","result":{"compiled":true,"correctness":false,"metadata":{"hardware":"NVIDIA L20Y","device":"cuda:1","max_difference":["1.706778","1.904913","1.876879","2.127197","1.872633"],"avg_difference":["0.004144","0.004075","0.004095","0.004083","0.004101"],"correctness_issue":"Output mismatch","correctness_trials":"(0 / 5)","reference_timing_ms":0.0407,"speed_up":-1.0,"custom_timing":-1.0},"runtime":-1.0,"runtime_stats":{}}}
2025-08-08 17:44:48,585 - openevolve.RemoteSpeedupEvaluator - INFO - [level1_85_conv_depthwise_2D_asymmetric_input_asymmetric_kernel] âœ˜ wrong_answer
2025-08-08 17:44:48,585 - openevolve.evaluator - INFO - Evaluated program dd1ceca3-8591-4f62-8d74-11d991f816d2 in 3.17s: compiled=1.0000, correctness=0.0000, score=10.0000, stage=wrong_answer, verify_payload={'id': 'level1_85_conv_depthwise_2D_asymmetric_input_asymmetric_kernel', 'result': {'compiled': True, 'correctness': False, 'metadata': {'hardware': 'NVIDIA L20Y', 'device': 'cuda:1', 'max_difference': ['1.706778', '1.904913', '1.876879', '2.127197', '1.872633'], 'avg_difference': ['0.004144', '0.004075', '0.004095', '0.004083', '0.004101'], 'correctness_issue': 'Output mismatch', 'correctness_trials': '(0 / 5)', 'reference_timing_ms': 0.0407, 'speed_up': -1.0, 'custom_timing': -1.0}, 'runtime': -1.0, 'runtime_stats': {}}}
2025-08-08 17:44:48,588 - openevolve.llm.ensemble - INFO - Sampled model: deepseek
2025-08-08 17:44:48,600 - openevolve.threaded_parallel - INFO - Iteration 11: Program dd1ceca3-8591-4f62-8d74-11d991f816d2 (parent: 2bc30d3c-0879-4224-b3cf-dc0caf6502d5) completed in 233.18s
2025-08-08 17:44:48,600 - openevolve.threaded_parallel - INFO - Metrics: compiled=1.0000, correctness=0.0000, score=10.0000, stage=wrong_answer, verify_payload={'id': 'level1_85_conv_depthwise_2D_asymmetric_input_asymmetric_kernel', 'result': {'compiled': True, 'correctness': False, 'metadata': {'hardware': 'NVIDIA L20Y', 'device': 'cuda:1', 'max_difference': ['1.706778', '1.904913', '1.876879', '2.127197', '1.872633'], 'avg_difference': ['0.004144', '0.004075', '0.004095', '0.004083', '0.004101'], 'correctness_issue': 'Output mismatch', 'correctness_trials': '(0 / 5)', 'reference_timing_ms': 0.0407, 'speed_up': -1.0, 'custom_timing': -1.0}, 'runtime': -1.0, 'runtime_stats': {}}}
2025-08-08 17:52:06,537 - openevolve.RemoteSpeedupEvaluator - INFO - [level1_85_conv_depthwise_2D_asymmetric_input_asymmetric_kernel] triton key words check pass
2025-08-08 17:52:06,538 - openevolve.RemoteSpeedupEvaluator - INFO - [level1_85_conv_depthwise_2D_asymmetric_input_asymmetric_kernel] verify_plus payload: reference_code(2658 chars) + custom_code(6290 chars)
2025-08-08 17:52:09,747 - openevolve.RemoteSpeedupEvaluator - INFO - [level1_85_conv_depthwise_2D_asymmetric_input_asymmetric_kernel] verify_plus request success
2025-08-08 17:52:09,747 - openevolve.RemoteSpeedupEvaluator - INFO - [level1_85_conv_depthwise_2D_asymmetric_input_asymmetric_kernel] verify_plus response: {"id":"level1_85_conv_depthwise_2D_asymmetric_input_asymmetric_kernel","result":{"compiled":true,"correctness":false,"metadata":{"hardware":"NVIDIA L20Y","device":"cuda:2","max_difference":["1.706778","1.904913","1.876879","2.127197","1.872633"],"avg_difference":["0.004144","0.004075","0.004095","0.004083","0.004101"],"correctness_issue":"Output mismatch","correctness_trials":"(0 / 5)","reference_timing_ms":0.0407,"speed_up":-1.0,"custom_timing":-1.0},"runtime":-1.0,"runtime_stats":{}}}
2025-08-08 17:52:09,748 - openevolve.RemoteSpeedupEvaluator - INFO - [level1_85_conv_depthwise_2D_asymmetric_input_asymmetric_kernel] âœ˜ wrong_answer
2025-08-08 17:52:09,748 - openevolve.evaluator - INFO - Evaluated program 75b6c579-ad32-432e-bb73-a98461369445 in 3.21s: compiled=1.0000, correctness=0.0000, score=10.0000, stage=wrong_answer, verify_payload={'id': 'level1_85_conv_depthwise_2D_asymmetric_input_asymmetric_kernel', 'result': {'compiled': True, 'correctness': False, 'metadata': {'hardware': 'NVIDIA L20Y', 'device': 'cuda:2', 'max_difference': ['1.706778', '1.904913', '1.876879', '2.127197', '1.872633'], 'avg_difference': ['0.004144', '0.004075', '0.004095', '0.004083', '0.004101'], 'correctness_issue': 'Output mismatch', 'correctness_trials': '(0 / 5)', 'reference_timing_ms': 0.0407, 'speed_up': -1.0, 'custom_timing': -1.0}, 'runtime': -1.0, 'runtime_stats': {}}}
2025-08-08 17:52:09,752 - openevolve.llm.ensemble - INFO - Sampled model: deepseek
2025-08-08 17:52:09,775 - openevolve.threaded_parallel - INFO - Iteration 12: Program 75b6c579-ad32-432e-bb73-a98461369445 (parent: a1327fd9-0e09-48e3-bb6f-f83f27e2808a) completed in 572.50s
2025-08-08 17:52:09,775 - openevolve.threaded_parallel - INFO - Metrics: compiled=1.0000, correctness=0.0000, score=10.0000, stage=wrong_answer, verify_payload={'id': 'level1_85_conv_depthwise_2D_asymmetric_input_asymmetric_kernel', 'result': {'compiled': True, 'correctness': False, 'metadata': {'hardware': 'NVIDIA L20Y', 'device': 'cuda:2', 'max_difference': ['1.706778', '1.904913', '1.876879', '2.127197', '1.872633'], 'avg_difference': ['0.004144', '0.004075', '0.004095', '0.004083', '0.004101'], 'correctness_issue': 'Output mismatch', 'correctness_trials': '(0 / 5)', 'reference_timing_ms': 0.0407, 'speed_up': -1.0, 'custom_timing': -1.0}, 'runtime': -1.0, 'runtime_stats': {}}}
2025-08-08 17:52:09,775 - openevolve.threaded_parallel - INFO - Checkpoint interval reached at iteration 12
2025-08-08 17:52:09,777 - openevolve.database - INFO - Island Status:
2025-08-08 17:52:09,777 - openevolve.database - INFO -    Island 0: 6 programs, best=20.0000, avg=-6.6667, diversity=767.13, gen=4 (best: 04eee13e-3f92-4965-bb2a-5c5fec7525ea)
2025-08-08 17:52:09,777 - openevolve.database - INFO -  * Island 1: 5 programs, best=20.0000, avg=12.0000, diversity=275.55, gen=5 (best: c113cbd5-020a-44ac-aadb-060889ab73f6)
2025-08-08 17:52:09,777 - openevolve.database - INFO -    Island 2: 4 programs, best=10.0000, avg=-17.5000, diversity=1159.63, gen=3 (best: 1d68cae2-ede9-4cc9-90f5-e95ec4a39555)
2025-08-08 17:52:09,971 - openevolve.database - INFO - Saved database with 13 programs to openevolve_output/level1_85_conv_depthwise_2D_asymmetric_input_asymmetric_kernel/checkpoints/checkpoint_12
2025-08-08 17:52:09,986 - openevolve.controller - INFO - Saved best program at checkpoint 12 with metrics: compiled=1.0000, correctness=1.0000, stage=success, passed=0.0000, score=20.0000, speed_up=0.5150, runtime_ms=0.0790, meta={'hardware': 'NVIDIA L20Y', 'device': 'cuda:4', 'correctness_trials': '(5 / 5)', 'reference_timing_ms': 0.0407, 'speed_up': 0.515, 'custom_timing': 0.079}
2025-08-08 17:52:09,986 - openevolve.controller - INFO - Saved checkpoint at iteration 12 to openevolve_output/level1_85_conv_depthwise_2D_asymmetric_input_asymmetric_kernel/checkpoints/checkpoint_12
2025-08-08 17:52:30,105 - openevolve.RemoteSpeedupEvaluator - INFO - [level1_85_conv_depthwise_2D_asymmetric_input_asymmetric_kernel] triton key words check pass
2025-08-08 17:52:30,106 - openevolve.RemoteSpeedupEvaluator - INFO - [level1_85_conv_depthwise_2D_asymmetric_input_asymmetric_kernel] verify_plus payload: reference_code(2658 chars) + custom_code(6359 chars)
2025-08-08 17:52:33,229 - openevolve.RemoteSpeedupEvaluator - INFO - [level1_85_conv_depthwise_2D_asymmetric_input_asymmetric_kernel] verify_plus request success
2025-08-08 17:52:33,229 - openevolve.RemoteSpeedupEvaluator - INFO - [level1_85_conv_depthwise_2D_asymmetric_input_asymmetric_kernel] verify_plus response: {"id":"level1_85_conv_depthwise_2D_asymmetric_input_asymmetric_kernel","result":{"compiled":true,"correctness":false,"metadata":{"hardware":"NVIDIA L20Y","device":"cuda:5","max_difference":["1.706778","1.904913","1.876879","2.127197","1.872633"],"avg_difference":["0.004144","0.004075","0.004095","0.004083","0.004101"],"correctness_issue":"Output mismatch","correctness_trials":"(0 / 5)","reference_timing_ms":0.0407,"speed_up":-1.0,"custom_timing":-1.0},"runtime":-1.0,"runtime_stats":{}}}
2025-08-08 17:52:33,230 - openevolve.RemoteSpeedupEvaluator - INFO - [level1_85_conv_depthwise_2D_asymmetric_input_asymmetric_kernel] âœ˜ wrong_answer
2025-08-08 17:52:33,230 - openevolve.evaluator - INFO - Evaluated program 821644a6-0248-4987-9173-d2681ca2e16f in 3.13s: compiled=1.0000, correctness=0.0000, score=10.0000, stage=wrong_answer, verify_payload={'id': 'level1_85_conv_depthwise_2D_asymmetric_input_asymmetric_kernel', 'result': {'compiled': True, 'correctness': False, 'metadata': {'hardware': 'NVIDIA L20Y', 'device': 'cuda:5', 'max_difference': ['1.706778', '1.904913', '1.876879', '2.127197', '1.872633'], 'avg_difference': ['0.004144', '0.004075', '0.004095', '0.004083', '0.004101'], 'correctness_issue': 'Output mismatch', 'correctness_trials': '(0 / 5)', 'reference_timing_ms': 0.0407, 'speed_up': -1.0, 'custom_timing': -1.0}, 'runtime': -1.0, 'runtime_stats': {}}}
2025-08-08 17:52:33,234 - openevolve.llm.ensemble - INFO - Sampled model: deepseek
2025-08-08 17:52:33,249 - openevolve.threaded_parallel - INFO - Iteration 13: Program 821644a6-0248-4987-9173-d2681ca2e16f (parent: d2e6fbf5-789a-4b8e-a584-91e4514a1cea) completed in 464.64s
2025-08-08 17:52:33,249 - openevolve.threaded_parallel - INFO - Metrics: compiled=1.0000, correctness=0.0000, score=10.0000, stage=wrong_answer, verify_payload={'id': 'level1_85_conv_depthwise_2D_asymmetric_input_asymmetric_kernel', 'result': {'compiled': True, 'correctness': False, 'metadata': {'hardware': 'NVIDIA L20Y', 'device': 'cuda:5', 'max_difference': ['1.706778', '1.904913', '1.876879', '2.127197', '1.872633'], 'avg_difference': ['0.004144', '0.004075', '0.004095', '0.004083', '0.004101'], 'correctness_issue': 'Output mismatch', 'correctness_trials': '(0 / 5)', 'reference_timing_ms': 0.0407, 'speed_up': -1.0, 'custom_timing': -1.0}, 'runtime': -1.0, 'runtime_stats': {}}}
2025-08-08 17:52:49,938 - openevolve.RemoteSpeedupEvaluator - INFO - [level1_85_conv_depthwise_2D_asymmetric_input_asymmetric_kernel] triton key words check pass
2025-08-08 17:52:49,939 - openevolve.RemoteSpeedupEvaluator - INFO - [level1_85_conv_depthwise_2D_asymmetric_input_asymmetric_kernel] verify_plus payload: reference_code(2658 chars) + custom_code(6675 chars)
2025-08-08 17:52:52,980 - openevolve.RemoteSpeedupEvaluator - INFO - [level1_85_conv_depthwise_2D_asymmetric_input_asymmetric_kernel] verify_plus request success
2025-08-08 17:52:52,980 - openevolve.RemoteSpeedupEvaluator - INFO - [level1_85_conv_depthwise_2D_asymmetric_input_asymmetric_kernel] verify_plus response: {"id":"level1_85_conv_depthwise_2D_asymmetric_input_asymmetric_kernel","result":{"compiled":true,"correctness":false,"metadata":{"hardware":"NVIDIA L20Y","device":"cuda:6","max_difference":["7613194604380160.000000","5814940652797952.000000","6059085384384512.000000","5643893580234752.000000","6264209801216000.000000"],"avg_difference":["1417143648256.000000","1393381998592.000000","1404446965760.000000","1529620070400.000000","1336883806208.000000"],"correctness_issue":"Output mismatch","correctness_trials":"(0 / 5)","reference_timing_ms":0.0407,"speed_up":-1.0,"custom_timing":-1.0},"runtime":-1.0,"runtime_stats":{}}}
2025-08-08 17:52:52,981 - openevolve.RemoteSpeedupEvaluator - INFO - [level1_85_conv_depthwise_2D_asymmetric_input_asymmetric_kernel] âœ˜ wrong_answer
2025-08-08 17:52:52,981 - openevolve.evaluator - INFO - Evaluated program d9b1d4ac-0bca-4cd7-8d7c-946845bf2d76 in 3.05s: compiled=1.0000, correctness=0.0000, score=10.0000, stage=wrong_answer, verify_payload={'id': 'level1_85_conv_depthwise_2D_asymmetric_input_asymmetric_kernel', 'result': {'compiled': True, 'correctness': False, 'metadata': {'hardware': 'NVIDIA L20Y', 'device': 'cuda:6', 'max_difference': ['7613194604380160.000000', '5814940652797952.000000', '6059085384384512.000000', '5643893580234752.000000', '6264209801216000.000000'], 'avg_difference': ['1417143648256.000000', '1393381998592.000000', '1404446965760.000000', '1529620070400.000000', '1336883806208.000000'], 'correctness_issue': 'Output mismatch', 'correctness_trials': '(0 / 5)', 'reference_timing_ms': 0.0407, 'speed_up': -1.0, 'custom_timing': -1.0}, 'runtime': -1.0, 'runtime_stats': {}}}
2025-08-08 17:52:52,986 - openevolve.llm.ensemble - INFO - Sampled model: deepseek
2025-08-08 17:52:52,996 - openevolve.threaded_parallel - INFO - Iteration 10: Program d9b1d4ac-0bca-4cd7-8d7c-946845bf2d76 (parent: 1d68cae2-ede9-4cc9-90f5-e95ec4a39555) completed in 801.03s
2025-08-08 17:52:52,997 - openevolve.threaded_parallel - INFO - Metrics: compiled=1.0000, correctness=0.0000, score=10.0000, stage=wrong_answer, verify_payload={'id': 'level1_85_conv_depthwise_2D_asymmetric_input_asymmetric_kernel', 'result': {'compiled': True, 'correctness': False, 'metadata': {'hardware': 'NVIDIA L20Y', 'device': 'cuda:6', 'max_difference': ['7613194604380160.000000', '5814940652797952.000000', '6059085384384512.000000', '5643893580234752.000000', '6264209801216000.000000'], 'avg_difference': ['1417143648256.000000', '1393381998592.000000', '1404446965760.000000', '1529620070400.000000', '1336883806208.000000'], 'correctness_issue': 'Output mismatch', 'correctness_trials': '(0 / 5)', 'reference_timing_ms': 0.0407, 'speed_up': -1.0, 'custom_timing': -1.0}, 'runtime': -1.0, 'runtime_stats': {}}}
2025-08-08 18:00:50,419 - openevolve.RemoteSpeedupEvaluator - INFO - [level1_85_conv_depthwise_2D_asymmetric_input_asymmetric_kernel] triton key words check pass
2025-08-08 18:00:50,421 - openevolve.RemoteSpeedupEvaluator - INFO - [level1_85_conv_depthwise_2D_asymmetric_input_asymmetric_kernel] verify_plus payload: reference_code(2658 chars) + custom_code(5573 chars)
2025-08-08 18:00:53,983 - openevolve.RemoteSpeedupEvaluator - INFO - [level1_85_conv_depthwise_2D_asymmetric_input_asymmetric_kernel] verify_plus request success
2025-08-08 18:00:53,983 - openevolve.RemoteSpeedupEvaluator - INFO - [level1_85_conv_depthwise_2D_asymmetric_input_asymmetric_kernel] verify_plus response: {"id":"level1_85_conv_depthwise_2D_asymmetric_input_asymmetric_kernel","result":{"compiled":true,"correctness":true,"metadata":{"hardware":"NVIDIA L20Y","device":"cuda:5","correctness_trials":"(5 / 5)","reference_timing_ms":0.0407,"speed_up":0.014,"custom_timing":2.81},"runtime":2.81,"runtime_stats":{"mean":2.81,"std":0.00412,"min":2.8,"max":2.83,"num_trials":100,"hardware":"NVIDIA L20Y","device":"cuda:5"}}}
2025-08-08 18:00:53,983 - openevolve.RemoteSpeedupEvaluator - INFO - [level1_85_conv_depthwise_2D_asymmetric_input_asymmetric_kernel] âœ” success | speed_up=0.014  score=20.00
2025-08-08 18:00:53,983 - openevolve.evaluator - INFO - Evaluated program 7d801b07-0f8d-4c9b-9ea1-5d5a76ea8835 in 3.57s: compiled=1.0000, correctness=1.0000, stage=success, passed=0.0000, score=20.0000, speed_up=0.0140, runtime_ms=2.8100, meta={'hardware': 'NVIDIA L20Y', 'device': 'cuda:5', 'correctness_trials': '(5 / 5)', 'reference_timing_ms': 0.0407, 'speed_up': 0.014, 'custom_timing': 2.81}
2025-08-08 18:00:53,988 - openevolve.llm.ensemble - INFO - Sampled model: deepseek
2025-08-08 18:00:54,003 - openevolve.threaded_parallel - INFO - Iteration 15: Program 7d801b07-0f8d-4c9b-9ea1-5d5a76ea8835 (parent: 0489c0f4-e493-4f4d-b7b0-6c9fdba7260c) completed in 500.75s
2025-08-08 18:00:54,003 - openevolve.threaded_parallel - INFO - Metrics: compiled=1.0000, correctness=1.0000, stage=success, passed=0.0000, score=20.0000, speed_up=0.0140, runtime_ms=2.8100, meta={'hardware': 'NVIDIA L20Y', 'device': 'cuda:5', 'correctness_trials': '(5 / 5)', 'reference_timing_ms': 0.0407, 'speed_up': 0.014, 'custom_timing': 2.81}
2025-08-08 18:00:54,003 - openevolve.threaded_parallel - INFO - Checkpoint interval reached at iteration 15
2025-08-08 18:00:54,005 - openevolve.database - INFO - Island Status:
2025-08-08 18:00:54,005 - openevolve.database - INFO -    Island 0: 7 programs, best=20.0000, avg=-2.8571, diversity=899.80, gen=5 (best: 04eee13e-3f92-4965-bb2a-5c5fec7525ea)
2025-08-08 18:00:54,005 - openevolve.database - INFO -  * Island 1: 6 programs, best=20.0000, avg=11.6667, diversity=289.08, gen=6 (best: c113cbd5-020a-44ac-aadb-060889ab73f6)
2025-08-08 18:00:54,005 - openevolve.database - INFO -    Island 2: 5 programs, best=10.0000, avg=-12.0000, diversity=1198.60, gen=4 (best: 1d68cae2-ede9-4cc9-90f5-e95ec4a39555)
2025-08-08 18:00:54,186 - openevolve.database - INFO - Saved database with 16 programs to openevolve_output/level1_85_conv_depthwise_2D_asymmetric_input_asymmetric_kernel/checkpoints/checkpoint_15
2025-08-08 18:00:54,201 - openevolve.controller - INFO - Saved best program at checkpoint 15 with metrics: compiled=1.0000, correctness=1.0000, stage=success, passed=0.0000, score=20.0000, speed_up=0.5150, runtime_ms=0.0790, meta={'hardware': 'NVIDIA L20Y', 'device': 'cuda:4', 'correctness_trials': '(5 / 5)', 'reference_timing_ms': 0.0407, 'speed_up': 0.515, 'custom_timing': 0.079}
2025-08-08 18:00:54,201 - openevolve.controller - INFO - Saved checkpoint at iteration 15 to openevolve_output/level1_85_conv_depthwise_2D_asymmetric_input_asymmetric_kernel/checkpoints/checkpoint_15
2025-08-08 18:03:35,223 - openevolve.RemoteSpeedupEvaluator - INFO - [level1_85_conv_depthwise_2D_asymmetric_input_asymmetric_kernel] triton key words check pass
2025-08-08 18:03:35,225 - openevolve.RemoteSpeedupEvaluator - INFO - [level1_85_conv_depthwise_2D_asymmetric_input_asymmetric_kernel] verify_plus payload: reference_code(2658 chars) + custom_code(6142 chars)
2025-08-08 18:03:38,237 - openevolve.RemoteSpeedupEvaluator - INFO - [level1_85_conv_depthwise_2D_asymmetric_input_asymmetric_kernel] verify_plus request success
2025-08-08 18:03:38,237 - openevolve.RemoteSpeedupEvaluator - INFO - [level1_85_conv_depthwise_2D_asymmetric_input_asymmetric_kernel] verify_plus response: {"id":"level1_85_conv_depthwise_2D_asymmetric_input_asymmetric_kernel","result":{"compiled":true,"correctness":false,"metadata":{"hardware":"NVIDIA L20Y","device":"cuda:3","max_difference":["1.706778","1.904913","1.876879","2.127197","1.872633"],"avg_difference":["0.004144","0.004075","0.004095","0.004083","0.004101"],"correctness_issue":"Output mismatch","correctness_trials":"(0 / 5)","reference_timing_ms":0.0407,"speed_up":-1.0,"custom_timing":-1.0},"runtime":-1.0,"runtime_stats":{}}}
2025-08-08 18:03:38,237 - openevolve.RemoteSpeedupEvaluator - INFO - [level1_85_conv_depthwise_2D_asymmetric_input_asymmetric_kernel] âœ˜ wrong_answer
2025-08-08 18:03:38,237 - openevolve.evaluator - INFO - Evaluated program 47d85c8d-a3dd-4122-98e5-92dda09ab818 in 3.01s: compiled=1.0000, correctness=0.0000, score=10.0000, stage=wrong_answer, verify_payload={'id': 'level1_85_conv_depthwise_2D_asymmetric_input_asymmetric_kernel', 'result': {'compiled': True, 'correctness': False, 'metadata': {'hardware': 'NVIDIA L20Y', 'device': 'cuda:3', 'max_difference': ['1.706778', '1.904913', '1.876879', '2.127197', '1.872633'], 'avg_difference': ['0.004144', '0.004075', '0.004095', '0.004083', '0.004101'], 'correctness_issue': 'Output mismatch', 'correctness_trials': '(0 / 5)', 'reference_timing_ms': 0.0407, 'speed_up': -1.0, 'custom_timing': -1.0}, 'runtime': -1.0, 'runtime_stats': {}}}
2025-08-08 18:03:38,243 - openevolve.llm.ensemble - INFO - Sampled model: deepseek
2025-08-08 18:03:38,257 - openevolve.threaded_parallel - INFO - Iteration 16: Program 47d85c8d-a3dd-4122-98e5-92dda09ab818 (parent: dd1ceca3-8591-4f62-8d74-11d991f816d2) completed in 645.25s
2025-08-08 18:03:38,257 - openevolve.threaded_parallel - INFO - Metrics: compiled=1.0000, correctness=0.0000, score=10.0000, stage=wrong_answer, verify_payload={'id': 'level1_85_conv_depthwise_2D_asymmetric_input_asymmetric_kernel', 'result': {'compiled': True, 'correctness': False, 'metadata': {'hardware': 'NVIDIA L20Y', 'device': 'cuda:3', 'max_difference': ['1.706778', '1.904913', '1.876879', '2.127197', '1.872633'], 'avg_difference': ['0.004144', '0.004075', '0.004095', '0.004083', '0.004101'], 'correctness_issue': 'Output mismatch', 'correctness_trials': '(0 / 5)', 'reference_timing_ms': 0.0407, 'speed_up': -1.0, 'custom_timing': -1.0}, 'runtime': -1.0, 'runtime_stats': {}}}
2025-08-08 18:08:09,283 - openevolve.RemoteSpeedupEvaluator - INFO - [level1_85_conv_depthwise_2D_asymmetric_input_asymmetric_kernel] âœ˜ invalid_answer 'import triton' is not found
2025-08-08 18:08:09,284 - openevolve.evaluator - INFO - Evaluated program c26d0663-42e3-4222-a28a-d7cb16ca4ec1 in 0.00s: compiled=0.0000, correctness=0.0000, score=-100.0000, stage=no_valid_triton_code, feedback=You need to generate real and valid triton code for the core function. The key word 'import triton' is not found.
2025-08-08 18:08:09,289 - openevolve.llm.ensemble - INFO - Sampled model: deepseek
2025-08-08 18:08:09,296 - openevolve.threaded_parallel - INFO - Iteration 14: Program c26d0663-42e3-4222-a28a-d7cb16ca4ec1 (parent: 2bc30d3c-0879-4224-b3cf-dc0caf6502d5) completed in 959.53s
2025-08-08 18:08:09,296 - openevolve.threaded_parallel - INFO - Metrics: compiled=0.0000, correctness=0.0000, score=-100.0000, stage=no_valid_triton_code, feedback=You need to generate real and valid triton code for the core function. The key word 'import triton' is not found.
2025-08-08 18:09:33,152 - openevolve.RemoteSpeedupEvaluator - INFO - [level1_85_conv_depthwise_2D_asymmetric_input_asymmetric_kernel] triton key words check pass
2025-08-08 18:09:33,153 - openevolve.RemoteSpeedupEvaluator - INFO - [level1_85_conv_depthwise_2D_asymmetric_input_asymmetric_kernel] verify_plus payload: reference_code(2658 chars) + custom_code(5546 chars)
2025-08-08 18:09:36,611 - openevolve.RemoteSpeedupEvaluator - INFO - [level1_85_conv_depthwise_2D_asymmetric_input_asymmetric_kernel] verify_plus request success
2025-08-08 18:09:36,611 - openevolve.RemoteSpeedupEvaluator - INFO - [level1_85_conv_depthwise_2D_asymmetric_input_asymmetric_kernel] verify_plus response: {"id":"level1_85_conv_depthwise_2D_asymmetric_input_asymmetric_kernel","result":{"compiled":true,"correctness":true,"metadata":{"hardware":"NVIDIA L20Y","device":"cuda:5","correctness_trials":"(5 / 5)","reference_timing_ms":0.0407,"speed_up":0.014,"custom_timing":2.88},"runtime":2.88,"runtime_stats":{"mean":2.88,"std":0.00995,"min":2.88,"max":2.97,"num_trials":100,"hardware":"NVIDIA L20Y","device":"cuda:5"}}}
2025-08-08 18:09:36,611 - openevolve.RemoteSpeedupEvaluator - INFO - [level1_85_conv_depthwise_2D_asymmetric_input_asymmetric_kernel] âœ” success | speed_up=0.014  score=20.00
2025-08-08 18:09:36,611 - openevolve.evaluator - INFO - Evaluated program b5adcb9e-7739-4d8c-8cc2-cc45bedb69cb in 3.46s: compiled=1.0000, correctness=1.0000, stage=success, passed=0.0000, score=20.0000, speed_up=0.0140, runtime_ms=2.8800, meta={'hardware': 'NVIDIA L20Y', 'device': 'cuda:5', 'correctness_trials': '(5 / 5)', 'reference_timing_ms': 0.0407, 'speed_up': 0.014, 'custom_timing': 2.88}
2025-08-08 18:09:36,616 - openevolve.llm.ensemble - INFO - Sampled model: deepseek
2025-08-08 18:09:36,633 - openevolve.threaded_parallel - INFO - Iteration 18: Program b5adcb9e-7739-4d8c-8cc2-cc45bedb69cb (parent: 0489c0f4-e493-4f4d-b7b0-6c9fdba7260c) completed in 358.37s
2025-08-08 18:09:36,633 - openevolve.threaded_parallel - INFO - Metrics: compiled=1.0000, correctness=1.0000, stage=success, passed=0.0000, score=20.0000, speed_up=0.0140, runtime_ms=2.8800, meta={'hardware': 'NVIDIA L20Y', 'device': 'cuda:5', 'correctness_trials': '(5 / 5)', 'reference_timing_ms': 0.0407, 'speed_up': 0.014, 'custom_timing': 2.88}
2025-08-08 18:09:36,633 - openevolve.threaded_parallel - INFO - Checkpoint interval reached at iteration 18
2025-08-08 18:09:36,635 - openevolve.database - INFO - Island Status:
2025-08-08 18:09:36,635 - openevolve.database - INFO -    Island 0: 8 programs, best=20.0000, avg=0.0000, diversity=899.80, gen=6 (best: 04eee13e-3f92-4965-bb2a-5c5fec7525ea)
2025-08-08 18:09:36,635 - openevolve.database - INFO -  * Island 1: 7 programs, best=20.0000, avg=11.4286, diversity=263.52, gen=7 (best: c113cbd5-020a-44ac-aadb-060889ab73f6)
2025-08-08 18:09:36,635 - openevolve.database - INFO -    Island 2: 6 programs, best=10.0000, avg=-26.6667, diversity=1189.17, gen=5 (best: 1d68cae2-ede9-4cc9-90f5-e95ec4a39555)
2025-08-08 18:09:36,954 - openevolve.database - INFO - Saved database with 19 programs to openevolve_output/level1_85_conv_depthwise_2D_asymmetric_input_asymmetric_kernel/checkpoints/checkpoint_18
2025-08-08 18:09:36,969 - openevolve.controller - INFO - Saved best program at checkpoint 18 with metrics: compiled=1.0000, correctness=1.0000, stage=success, passed=0.0000, score=20.0000, speed_up=0.5150, runtime_ms=0.0790, meta={'hardware': 'NVIDIA L20Y', 'device': 'cuda:4', 'correctness_trials': '(5 / 5)', 'reference_timing_ms': 0.0407, 'speed_up': 0.515, 'custom_timing': 0.079}
2025-08-08 18:09:36,969 - openevolve.controller - INFO - Saved checkpoint at iteration 18 to openevolve_output/level1_85_conv_depthwise_2D_asymmetric_input_asymmetric_kernel/checkpoints/checkpoint_18
2025-08-08 18:12:40,496 - openevolve.RemoteSpeedupEvaluator - INFO - [level1_85_conv_depthwise_2D_asymmetric_input_asymmetric_kernel] triton key words check pass
2025-08-08 18:12:40,497 - openevolve.RemoteSpeedupEvaluator - INFO - [level1_85_conv_depthwise_2D_asymmetric_input_asymmetric_kernel] verify_plus payload: reference_code(2658 chars) + custom_code(7155 chars)
2025-08-08 18:12:45,036 - openevolve.RemoteSpeedupEvaluator - INFO - [level1_85_conv_depthwise_2D_asymmetric_input_asymmetric_kernel] verify_plus request success
2025-08-08 18:12:45,036 - openevolve.RemoteSpeedupEvaluator - INFO - [level1_85_conv_depthwise_2D_asymmetric_input_asymmetric_kernel] verify_plus response: {"id":"level1_85_conv_depthwise_2D_asymmetric_input_asymmetric_kernel","result":{"compiled":true,"correctness":false,"metadata":{"hardware":"NVIDIA L20Y","device":"cuda:4","runtime_error":"Traceback (most recent call last):\n  File \"/home/lijiaxing/.conda/envs/api/lib/python3.10/site-packages/triton/language/core.py\", line 42, in wrapper\n    return fn(*args, **kwargs)\n  File \"/home/lijiaxing/.conda/envs/api/lib/python3.10/site-packages/triton/language/core.py\", line 1654, in arange\n    return _semantic.arange(start, end)\n  File \"/home/lijiaxing/.conda/envs/api/lib/python3.10/site-packages/triton/language/semantic.py\", line 574, in arange\n    raise ValueError(\"arange's arguments must be of type tl.constexpr\")\nValueError: arange's arguments must be of type tl.constexpr\n\nThe a
2025-08-08 18:12:45,036 - openevolve.RemoteSpeedupEvaluator - INFO - [level1_85_conv_depthwise_2D_asymmetric_input_asymmetric_kernel] âœ˜ wrong_answer
2025-08-08 18:12:45,037 - openevolve.evaluator - INFO - Evaluated program c1003033-4100-4b49-94b6-f2df6def5de0 in 4.54s: compiled=1.0000, correctness=0.0000, score=10.0000, stage=wrong_answer, verify_payload={'id': 'level1_85_conv_depthwise_2D_asymmetric_input_asymmetric_kernel', 'result': {'compiled': True, 'correctness': False, 'metadata': {'hardware': 'NVIDIA L20Y', 'device': 'cuda:4', 'runtime_error': 'Traceback (most recent call last):\n  File "/home/lijiaxing/.conda/envs/api/lib/python3.10/site-packages/triton/language/core.py", line 42, in wrapper\n    return fn(*args, **kwargs)\n  File "/home/lijiaxing/.conda/envs/api/lib/python3.10/site-packages/triton/language/core.py", line 1654, in arange\n    return _semantic.arange(start, end)\n  File "/home/lijiaxing/.conda/envs/api/lib/python3.10/site-packages/triton/language/semantic.py", line 574, in arange\n    raise ValueError("arange\'s arguments must be of type tl.constexpr")\nValueError: arange\'s arguments must be of type tl.constexpr\n\nThe above exception was the direct cause of the following exception:\n\nTraceback (most recent call last):\n  File "/cpfs01/shared/llm_kernel/hujiakai/KernelLLM/validation_api_server/helpers/evaluations.py", line 720, in run_and_check_correctness\n    output_new = model_new(*inputs)\n  File "/home/lijiaxing/.conda/envs/api/lib/python3.10/site-packages/torch/nn/modules/module.py", line 1773, in _wrapped_call_impl\n    return self._call_impl(*args, **kwargs)\n  File "/home/lijiaxing/.conda/envs/api/lib/python3.10/site-packages/torch/nn/modules/module.py", line 1784, in _call_impl\n    return forward_call(*args, **kwargs)\n  File "/tmp/tmp5d1_vh0q.py", line 164, in forward\n    _depthwise_conv2d_kernel[grid](\n  File "/home/lijiaxing/.conda/envs/api/lib/python3.10/site-packages/triton/runtime/jit.py", line 390, in <lambda>\n    return lambda *args, **kwargs: self.run(grid=grid, warmup=False, *args, **kwargs)\n  File "/home/lijiaxing/.conda/envs/api/lib/python3.10/site-packages/triton/runtime/jit.py", line 594, in run\n    kernel = self.compile(src, target=target, options=options.__dict__)\n  File "/home/lijiaxing/.conda/envs/api/lib/python3.10/site-packages/triton/compiler/compiler.py", line 339, in compile\n    module = src.make_ir(options, codegen_fns, module_map, context)\n  File "/home/lijiaxing/.conda/envs/api/lib/python3.10/site-packages/triton/compiler/compiler.py", line 83, in make_ir\n    return ast_to_ttir(self.fn, self, context=context, options=options, codegen_fns=codegen_fns,\ntriton.compiler.errors.CompilationError: at 38:15:\n    offs_ow = pid_ow * BLOCK_W + tl.arange(0, BLOCK_W)\n\n    # Create masks for output boundaries\n    mask_oh = offs_oh < output_h\n    mask_ow = offs_ow < output_w\n    output_mask = mask_oh[:, None] & mask_ow[None, :]\n\n    # Initialize accumulator\n    acc = tl.zeros((BLOCK_H, BLOCK_W), dtype=tl.float32)\n\n    # Precompute kernel ranges\n    kh_range = tl.arange(0, kernel_h)\n               ^\n\n\nThe above exception was the direct cause of the following exception:\n\nTraceback (most recent call last):\n  File "/home/lijiaxing/.conda/envs/api/lib/python3.10/site-packages/triton/language/core.py", line 42, in wrapper\n    return fn(*args, **kwargs)\n  File "/home/lijiaxing/.conda/envs/api/lib/python3.10/site-packages/triton/language/core.py", line 1654, in arange\n    return _semantic.arange(start, end)\n  File "/home/lijiaxing/.conda/envs/api/lib/python3.10/site-packages/triton/language/semantic.py", line 574, in arange\n    raise ValueError("arange\'s arguments must be of type tl.constexpr")\nValueError: arange\'s arguments must be of type tl.constexpr\n', 'runtime_error_name': 'triton.compiler.errors.CompilationError', 'reference_timing_ms': 0.0407, 'speed_up': -1.0, 'custom_timing': -1.0}, 'runtime': -1.0, 'runtime_stats': {}}}
2025-08-08 18:12:45,041 - openevolve.llm.ensemble - INFO - Sampled model: deepseek
2025-08-08 18:12:45,058 - openevolve.threaded_parallel - INFO - Iteration 17: Program c1003033-4100-4b49-94b6-f2df6def5de0 (parent: 75b6c579-ad32-432e-bb73-a98461369445) completed in 711.05s
2025-08-08 18:12:45,058 - openevolve.threaded_parallel - INFO - Metrics: compiled=1.0000, correctness=0.0000, score=10.0000, stage=wrong_answer, verify_payload={'id': 'level1_85_conv_depthwise_2D_asymmetric_input_asymmetric_kernel', 'result': {'compiled': True, 'correctness': False, 'metadata': {'hardware': 'NVIDIA L20Y', 'device': 'cuda:4', 'runtime_error': 'Traceback (most recent call last):\n  File "/home/lijiaxing/.conda/envs/api/lib/python3.10/site-packages/triton/language/core.py", line 42, in wrapper\n    return fn(*args, **kwargs)\n  File "/home/lijiaxing/.conda/envs/api/lib/python3.10/site-packages/triton/language/core.py", line 1654, in arange\n    return _semantic.arange(start, end)\n  File "/home/lijiaxing/.conda/envs/api/lib/python3.10/site-packages/triton/language/semantic.py", line 574, in arange\n    raise ValueError("arange\'s arguments must be of type tl.constexpr")\nValueError: arange\'s arguments must be of type tl.constexpr\n\nThe above exception was the direct cause of the following exception:\n\nTraceback (most recent call last):\n  File "/cpfs01/shared/llm_kernel/hujiakai/KernelLLM/validation_api_server/helpers/evaluations.py", line 720, in run_and_check_correctness\n    output_new = model_new(*inputs)\n  File "/home/lijiaxing/.conda/envs/api/lib/python3.10/site-packages/torch/nn/modules/module.py", line 1773, in _wrapped_call_impl\n    return self._call_impl(*args, **kwargs)\n  File "/home/lijiaxing/.conda/envs/api/lib/python3.10/site-packages/torch/nn/modules/module.py", line 1784, in _call_impl\n    return forward_call(*args, **kwargs)\n  File "/tmp/tmp5d1_vh0q.py", line 164, in forward\n    _depthwise_conv2d_kernel[grid](\n  File "/home/lijiaxing/.conda/envs/api/lib/python3.10/site-packages/triton/runtime/jit.py", line 390, in <lambda>\n    return lambda *args, **kwargs: self.run(grid=grid, warmup=False, *args, **kwargs)\n  File "/home/lijiaxing/.conda/envs/api/lib/python3.10/site-packages/triton/runtime/jit.py", line 594, in run\n    kernel = self.compile(src, target=target, options=options.__dict__)\n  File "/home/lijiaxing/.conda/envs/api/lib/python3.10/site-packages/triton/compiler/compiler.py", line 339, in compile\n    module = src.make_ir(options, codegen_fns, module_map, context)\n  File "/home/lijiaxing/.conda/envs/api/lib/python3.10/site-packages/triton/compiler/compiler.py", line 83, in make_ir\n    return ast_to_ttir(self.fn, self, context=context, options=options, codegen_fns=codegen_fns,\ntriton.compiler.errors.CompilationError: at 38:15:\n    offs_ow = pid_ow * BLOCK_W + tl.arange(0, BLOCK_W)\n\n    # Create masks for output boundaries\n    mask_oh = offs_oh < output_h\n    mask_ow = offs_ow < output_w\n    output_mask = mask_oh[:, None] & mask_ow[None, :]\n\n    # Initialize accumulator\n    acc = tl.zeros((BLOCK_H, BLOCK_W), dtype=tl.float32)\n\n    # Precompute kernel ranges\n    kh_range = tl.arange(0, kernel_h)\n               ^\n\n\nThe above exception was the direct cause of the following exception:\n\nTraceback (most recent call last):\n  File "/home/lijiaxing/.conda/envs/api/lib/python3.10/site-packages/triton/language/core.py", line 42, in wrapper\n    return fn(*args, **kwargs)\n  File "/home/lijiaxing/.conda/envs/api/lib/python3.10/site-packages/triton/language/core.py", line 1654, in arange\n    return _semantic.arange(start, end)\n  File "/home/lijiaxing/.conda/envs/api/lib/python3.10/site-packages/triton/language/semantic.py", line 574, in arange\n    raise ValueError("arange\'s arguments must be of type tl.constexpr")\nValueError: arange\'s arguments must be of type tl.constexpr\n', 'runtime_error_name': 'triton.compiler.errors.CompilationError', 'reference_timing_ms': 0.0407, 'speed_up': -1.0, 'custom_timing': -1.0}, 'runtime': -1.0, 'runtime_stats': {}}}
2025-08-08 18:16:22,645 - openevolve.RemoteSpeedupEvaluator - INFO - [level1_85_conv_depthwise_2D_asymmetric_input_asymmetric_kernel] triton key words check pass
2025-08-08 18:16:22,647 - openevolve.RemoteSpeedupEvaluator - INFO - [level1_85_conv_depthwise_2D_asymmetric_input_asymmetric_kernel] verify_plus payload: reference_code(2658 chars) + custom_code(6277 chars)
2025-08-08 18:16:25,668 - openevolve.RemoteSpeedupEvaluator - INFO - [level1_85_conv_depthwise_2D_asymmetric_input_asymmetric_kernel] verify_plus request success
2025-08-08 18:16:25,668 - openevolve.RemoteSpeedupEvaluator - INFO - [level1_85_conv_depthwise_2D_asymmetric_input_asymmetric_kernel] verify_plus response: {"id":"level1_85_conv_depthwise_2D_asymmetric_input_asymmetric_kernel","result":{"compiled":true,"correctness":false,"metadata":{"hardware":"NVIDIA L20Y","device":"cuda:1","max_difference":["1.706778","1.904913","1.876879","2.127197","1.872633"],"avg_difference":["0.004144","0.004075","0.004095","0.004083","0.004101"],"correctness_issue":"Output mismatch","correctness_trials":"(0 / 5)","reference_timing_ms":0.0407,"speed_up":-1.0,"custom_timing":-1.0},"runtime":-1.0,"runtime_stats":{}}}
2025-08-08 18:16:25,669 - openevolve.RemoteSpeedupEvaluator - INFO - [level1_85_conv_depthwise_2D_asymmetric_input_asymmetric_kernel] âœ˜ wrong_answer
2025-08-08 18:16:25,669 - openevolve.evaluator - INFO - Evaluated program 872c506c-157d-47f7-9517-714a7a04c2ec in 3.02s: compiled=1.0000, correctness=0.0000, score=10.0000, stage=wrong_answer, verify_payload={'id': 'level1_85_conv_depthwise_2D_asymmetric_input_asymmetric_kernel', 'result': {'compiled': True, 'correctness': False, 'metadata': {'hardware': 'NVIDIA L20Y', 'device': 'cuda:1', 'max_difference': ['1.706778', '1.904913', '1.876879', '2.127197', '1.872633'], 'avg_difference': ['0.004144', '0.004075', '0.004095', '0.004083', '0.004101'], 'correctness_issue': 'Output mismatch', 'correctness_trials': '(0 / 5)', 'reference_timing_ms': 0.0407, 'speed_up': -1.0, 'custom_timing': -1.0}, 'runtime': -1.0, 'runtime_stats': {}}}
2025-08-08 18:16:25,675 - openevolve.llm.ensemble - INFO - Sampled model: deepseek
2025-08-08 18:16:25,691 - openevolve.threaded_parallel - INFO - Iteration 19: Program 872c506c-157d-47f7-9517-714a7a04c2ec (parent: d2e6fbf5-789a-4b8e-a584-91e4514a1cea) completed in 496.38s
2025-08-08 18:16:25,691 - openevolve.threaded_parallel - INFO - Metrics: compiled=1.0000, correctness=0.0000, score=10.0000, stage=wrong_answer, verify_payload={'id': 'level1_85_conv_depthwise_2D_asymmetric_input_asymmetric_kernel', 'result': {'compiled': True, 'correctness': False, 'metadata': {'hardware': 'NVIDIA L20Y', 'device': 'cuda:1', 'max_difference': ['1.706778', '1.904913', '1.876879', '2.127197', '1.872633'], 'avg_difference': ['0.004144', '0.004075', '0.004095', '0.004083', '0.004101'], 'correctness_issue': 'Output mismatch', 'correctness_trials': '(0 / 5)', 'reference_timing_ms': 0.0407, 'speed_up': -1.0, 'custom_timing': -1.0}, 'runtime': -1.0, 'runtime_stats': {}}}
2025-08-08 18:23:19,290 - openevolve.RemoteSpeedupEvaluator - INFO - [level1_85_conv_depthwise_2D_asymmetric_input_asymmetric_kernel] triton key words check pass
2025-08-08 18:23:19,292 - openevolve.RemoteSpeedupEvaluator - INFO - [level1_85_conv_depthwise_2D_asymmetric_input_asymmetric_kernel] verify_plus payload: reference_code(2658 chars) + custom_code(6220 chars)
2025-08-08 18:23:22,312 - openevolve.RemoteSpeedupEvaluator - INFO - [level1_85_conv_depthwise_2D_asymmetric_input_asymmetric_kernel] verify_plus request success
2025-08-08 18:23:22,313 - openevolve.RemoteSpeedupEvaluator - INFO - [level1_85_conv_depthwise_2D_asymmetric_input_asymmetric_kernel] verify_plus response: {"id":"level1_85_conv_depthwise_2D_asymmetric_input_asymmetric_kernel","result":{"compiled":true,"correctness":false,"metadata":{"hardware":"NVIDIA L20Y","device":"cuda:5","max_difference":["1.706778","1.904913","1.876879","2.127197","1.872633"],"avg_difference":["0.004144","0.004075","0.004095","0.004083","0.004101"],"correctness_issue":"Output mismatch","correctness_trials":"(0 / 5)","reference_timing_ms":0.0407,"speed_up":-1.0,"custom_timing":-1.0},"runtime":-1.0,"runtime_stats":{}}}
2025-08-08 18:23:22,313 - openevolve.RemoteSpeedupEvaluator - INFO - [level1_85_conv_depthwise_2D_asymmetric_input_asymmetric_kernel] âœ˜ wrong_answer
2025-08-08 18:23:22,313 - openevolve.evaluator - INFO - Evaluated program a075f441-4fd2-4f10-b924-7c63d8809069 in 3.02s: compiled=1.0000, correctness=0.0000, score=10.0000, stage=wrong_answer, verify_payload={'id': 'level1_85_conv_depthwise_2D_asymmetric_input_asymmetric_kernel', 'result': {'compiled': True, 'correctness': False, 'metadata': {'hardware': 'NVIDIA L20Y', 'device': 'cuda:5', 'max_difference': ['1.706778', '1.904913', '1.876879', '2.127197', '1.872633'], 'avg_difference': ['0.004144', '0.004075', '0.004095', '0.004083', '0.004101'], 'correctness_issue': 'Output mismatch', 'correctness_trials': '(0 / 5)', 'reference_timing_ms': 0.0407, 'speed_up': -1.0, 'custom_timing': -1.0}, 'runtime': -1.0, 'runtime_stats': {}}}
2025-08-08 18:23:22,319 - openevolve.llm.ensemble - INFO - Sampled model: deepseek
2025-08-08 18:23:22,329 - openevolve.threaded_parallel - INFO - Iteration 21: Program a075f441-4fd2-4f10-b924-7c63d8809069 (parent: d2e6fbf5-789a-4b8e-a584-91e4514a1cea) completed in 637.27s
2025-08-08 18:23:22,330 - openevolve.threaded_parallel - INFO - Metrics: compiled=1.0000, correctness=0.0000, score=10.0000, stage=wrong_answer, verify_payload={'id': 'level1_85_conv_depthwise_2D_asymmetric_input_asymmetric_kernel', 'result': {'compiled': True, 'correctness': False, 'metadata': {'hardware': 'NVIDIA L20Y', 'device': 'cuda:5', 'max_difference': ['1.706778', '1.904913', '1.876879', '2.127197', '1.872633'], 'avg_difference': ['0.004144', '0.004075', '0.004095', '0.004083', '0.004101'], 'correctness_issue': 'Output mismatch', 'correctness_trials': '(0 / 5)', 'reference_timing_ms': 0.0407, 'speed_up': -1.0, 'custom_timing': -1.0}, 'runtime': -1.0, 'runtime_stats': {}}}
2025-08-08 18:23:22,330 - openevolve.threaded_parallel - INFO - Checkpoint interval reached at iteration 21
2025-08-08 18:23:22,331 - openevolve.database - INFO - Island Status:
2025-08-08 18:23:22,332 - openevolve.database - INFO -    Island 0: 9 programs, best=20.0000, avg=1.1111, diversity=899.80, gen=7 (best: 04eee13e-3f92-4965-bb2a-5c5fec7525ea)
2025-08-08 18:23:22,332 - openevolve.database - INFO -  * Island 1: 8 programs, best=20.0000, avg=11.2500, diversity=263.52, gen=8 (best: c113cbd5-020a-44ac-aadb-060889ab73f6)
2025-08-08 18:23:22,332 - openevolve.database - INFO -    Island 2: 7 programs, best=10.0000, avg=-21.4286, diversity=1196.80, gen=6 (best: 1d68cae2-ede9-4cc9-90f5-e95ec4a39555)
2025-08-08 18:23:22,575 - openevolve.database - INFO - Saved database with 22 programs to openevolve_output/level1_85_conv_depthwise_2D_asymmetric_input_asymmetric_kernel/checkpoints/checkpoint_21
2025-08-08 18:23:22,591 - openevolve.controller - INFO - Saved best program at checkpoint 21 with metrics: compiled=1.0000, correctness=1.0000, stage=success, passed=0.0000, score=20.0000, speed_up=0.5150, runtime_ms=0.0790, meta={'hardware': 'NVIDIA L20Y', 'device': 'cuda:4', 'correctness_trials': '(5 / 5)', 'reference_timing_ms': 0.0407, 'speed_up': 0.515, 'custom_timing': 0.079}
2025-08-08 18:23:22,591 - openevolve.controller - INFO - Saved checkpoint at iteration 21 to openevolve_output/level1_85_conv_depthwise_2D_asymmetric_input_asymmetric_kernel/checkpoints/checkpoint_21
2025-08-08 18:24:42,605 - openevolve.RemoteSpeedupEvaluator - INFO - [level1_85_conv_depthwise_2D_asymmetric_input_asymmetric_kernel] triton key words check pass
2025-08-08 18:24:42,606 - openevolve.RemoteSpeedupEvaluator - INFO - [level1_85_conv_depthwise_2D_asymmetric_input_asymmetric_kernel] verify_plus payload: reference_code(2658 chars) + custom_code(8303 chars)
2025-08-08 18:24:45,616 - openevolve.RemoteSpeedupEvaluator - INFO - [level1_85_conv_depthwise_2D_asymmetric_input_asymmetric_kernel] verify_plus request success
2025-08-08 18:24:45,616 - openevolve.RemoteSpeedupEvaluator - INFO - [level1_85_conv_depthwise_2D_asymmetric_input_asymmetric_kernel] verify_plus response: {"id":"level1_85_conv_depthwise_2D_asymmetric_input_asymmetric_kernel","result":{"compiled":true,"correctness":false,"metadata":{"hardware":"NVIDIA L20Y","device":"cuda:4","runtime_error":"Traceback (most recent call last):\n  File \"/cpfs01/shared/llm_kernel/hujiakai/KernelLLM/validation_api_server/helpers/evaluations.py\", line 720, in run_and_check_correctness\n    output_new = model_new(*inputs)\n  File \"/home/lijiaxing/.conda/envs/api/lib/python3.10/site-packages/torch/nn/modules/module.py\", line 1773, in _wrapped_call_impl\n    return self._call_impl(*args, **kwargs)\n  File \"/home/lijiaxing/.conda/envs/api/lib/python3.10/site-packages/torch/nn/modules/module.py\", line 1784, in _call_impl\n    return forward_call(*args, **kwargs)\n  File \"/tmp/tmp6sg8ijtb.py\", line 179, in forw
2025-08-08 18:24:45,616 - openevolve.RemoteSpeedupEvaluator - INFO - [level1_85_conv_depthwise_2D_asymmetric_input_asymmetric_kernel] âœ˜ wrong_answer
2025-08-08 18:24:45,617 - openevolve.evaluator - INFO - Evaluated program 8b54cf25-0975-497e-bdc1-e3bfbfa3cb00 in 3.01s: compiled=1.0000, correctness=0.0000, score=10.0000, stage=wrong_answer, verify_payload={'id': 'level1_85_conv_depthwise_2D_asymmetric_input_asymmetric_kernel', 'result': {'compiled': True, 'correctness': False, 'metadata': {'hardware': 'NVIDIA L20Y', 'device': 'cuda:4', 'runtime_error': 'Traceback (most recent call last):\n  File "/cpfs01/shared/llm_kernel/hujiakai/KernelLLM/validation_api_server/helpers/evaluations.py", line 720, in run_and_check_correctness\n    output_new = model_new(*inputs)\n  File "/home/lijiaxing/.conda/envs/api/lib/python3.10/site-packages/torch/nn/modules/module.py", line 1773, in _wrapped_call_impl\n    return self._call_impl(*args, **kwargs)\n  File "/home/lijiaxing/.conda/envs/api/lib/python3.10/site-packages/torch/nn/modules/module.py", line 1784, in _call_impl\n    return forward_call(*args, **kwargs)\n  File "/tmp/tmp6sg8ijtb.py", line 179, in forward\n    _depthwise_conv2d_kernel[grid](\n  File "/home/lijiaxing/.conda/envs/api/lib/python3.10/site-packages/triton/runtime/jit.py", line 390, in <lambda>\n    return lambda *args, **kwargs: self.run(grid=grid, warmup=False, *args, **kwargs)\n  File "/home/lijiaxing/.conda/envs/api/lib/python3.10/site-packages/triton/runtime/jit.py", line 594, in run\n    kernel = self.compile(src, target=target, options=options.__dict__)\n  File "/home/lijiaxing/.conda/envs/api/lib/python3.10/site-packages/triton/compiler/compiler.py", line 339, in compile\n    module = src.make_ir(options, codegen_fns, module_map, context)\n  File "/home/lijiaxing/.conda/envs/api/lib/python3.10/site-packages/triton/compiler/compiler.py", line 83, in make_ir\n    return ast_to_ttir(self.fn, self, context=context, options=options, codegen_fns=codegen_fns,\ntriton.compiler.errors.CompilationError: at 82:41:\n\n                            # Compute memory offsets\n                            x_offsets = (pid_b * x_stride_b + \n                                         pid_c * x_stride_c + \n                                         ih[:, None] * x_stride_h + \n                                         iw[None, :] * x_stride_w)\n\n                            # Load input block\n                            x_val = tl.load(x_ptr + x_offsets, mask=full_mask, other=0.0)\n\n                            # Accumulate\n                            weight_val = w_vals[i, j]\n                                         ^\nValueError(\'unsupported tensor index: int32[]\')\n\n\nThe above exception was the direct cause of the following exception:\n\nTraceback (most recent call last):\n  File "/home/lijiaxing/.conda/envs/api/lib/python3.10/site-packages/triton/language/core.py", line 42, in wrapper\n    return fn(*args, **kwargs)\n  File "/home/lijiaxing/.conda/envs/api/lib/python3.10/site-packages/triton/language/core.py", line 1118, in __getitem__\n    raise ValueError(f"unsupported tensor index: {sl}")\nValueError: unsupported tensor index: int32[]\n', 'runtime_error_name': 'triton.compiler.errors.CompilationError', 'reference_timing_ms': 0.0407, 'speed_up': -1.0, 'custom_timing': -1.0}, 'runtime': -1.0, 'runtime_stats': {}}}
2025-08-08 18:24:45,621 - openevolve.llm.ensemble - INFO - Sampled model: deepseek
2025-08-08 18:24:45,638 - openevolve.threaded_parallel - INFO - Iteration 20: Program 8b54cf25-0975-497e-bdc1-e3bfbfa3cb00 (parent: 75b6c579-ad32-432e-bb73-a98461369445) completed in 909.00s
2025-08-08 18:24:45,638 - openevolve.threaded_parallel - INFO - Metrics: compiled=1.0000, correctness=0.0000, score=10.0000, stage=wrong_answer, verify_payload={'id': 'level1_85_conv_depthwise_2D_asymmetric_input_asymmetric_kernel', 'result': {'compiled': True, 'correctness': False, 'metadata': {'hardware': 'NVIDIA L20Y', 'device': 'cuda:4', 'runtime_error': 'Traceback (most recent call last):\n  File "/cpfs01/shared/llm_kernel/hujiakai/KernelLLM/validation_api_server/helpers/evaluations.py", line 720, in run_and_check_correctness\n    output_new = model_new(*inputs)\n  File "/home/lijiaxing/.conda/envs/api/lib/python3.10/site-packages/torch/nn/modules/module.py", line 1773, in _wrapped_call_impl\n    return self._call_impl(*args, **kwargs)\n  File "/home/lijiaxing/.conda/envs/api/lib/python3.10/site-packages/torch/nn/modules/module.py", line 1784, in _call_impl\n    return forward_call(*args, **kwargs)\n  File "/tmp/tmp6sg8ijtb.py", line 179, in forward\n    _depthwise_conv2d_kernel[grid](\n  File "/home/lijiaxing/.conda/envs/api/lib/python3.10/site-packages/triton/runtime/jit.py", line 390, in <lambda>\n    return lambda *args, **kwargs: self.run(grid=grid, warmup=False, *args, **kwargs)\n  File "/home/lijiaxing/.conda/envs/api/lib/python3.10/site-packages/triton/runtime/jit.py", line 594, in run\n    kernel = self.compile(src, target=target, options=options.__dict__)\n  File "/home/lijiaxing/.conda/envs/api/lib/python3.10/site-packages/triton/compiler/compiler.py", line 339, in compile\n    module = src.make_ir(options, codegen_fns, module_map, context)\n  File "/home/lijiaxing/.conda/envs/api/lib/python3.10/site-packages/triton/compiler/compiler.py", line 83, in make_ir\n    return ast_to_ttir(self.fn, self, context=context, options=options, codegen_fns=codegen_fns,\ntriton.compiler.errors.CompilationError: at 82:41:\n\n                            # Compute memory offsets\n                            x_offsets = (pid_b * x_stride_b + \n                                         pid_c * x_stride_c + \n                                         ih[:, None] * x_stride_h + \n                                         iw[None, :] * x_stride_w)\n\n                            # Load input block\n                            x_val = tl.load(x_ptr + x_offsets, mask=full_mask, other=0.0)\n\n                            # Accumulate\n                            weight_val = w_vals[i, j]\n                                         ^\nValueError(\'unsupported tensor index: int32[]\')\n\n\nThe above exception was the direct cause of the following exception:\n\nTraceback (most recent call last):\n  File "/home/lijiaxing/.conda/envs/api/lib/python3.10/site-packages/triton/language/core.py", line 42, in wrapper\n    return fn(*args, **kwargs)\n  File "/home/lijiaxing/.conda/envs/api/lib/python3.10/site-packages/triton/language/core.py", line 1118, in __getitem__\n    raise ValueError(f"unsupported tensor index: {sl}")\nValueError: unsupported tensor index: int32[]\n', 'runtime_error_name': 'triton.compiler.errors.CompilationError', 'reference_timing_ms': 0.0407, 'speed_up': -1.0, 'custom_timing': -1.0}, 'runtime': -1.0, 'runtime_stats': {}}}
2025-08-08 18:31:44,849 - openevolve.RemoteSpeedupEvaluator - INFO - [level1_85_conv_depthwise_2D_asymmetric_input_asymmetric_kernel] triton key words check pass
2025-08-08 18:31:44,851 - openevolve.RemoteSpeedupEvaluator - INFO - [level1_85_conv_depthwise_2D_asymmetric_input_asymmetric_kernel] verify_plus payload: reference_code(2658 chars) + custom_code(6332 chars)
2025-08-08 18:31:48,216 - openevolve.RemoteSpeedupEvaluator - INFO - [level1_85_conv_depthwise_2D_asymmetric_input_asymmetric_kernel] verify_plus request success
2025-08-08 18:31:48,216 - openevolve.RemoteSpeedupEvaluator - INFO - [level1_85_conv_depthwise_2D_asymmetric_input_asymmetric_kernel] verify_plus response: {"id":"level1_85_conv_depthwise_2D_asymmetric_input_asymmetric_kernel","result":{"compiled":true,"correctness":false,"metadata":{"hardware":"NVIDIA L20Y","device":"cuda:1","max_difference":["1.706778","1.904913","1.876879","2.127197","1.872633"],"avg_difference":["0.004144","0.004075","0.004095","0.004083","0.004101"],"correctness_issue":"Output mismatch","correctness_trials":"(0 / 5)","reference_timing_ms":0.0407,"speed_up":-1.0,"custom_timing":-1.0},"runtime":-1.0,"runtime_stats":{}}}
2025-08-08 18:31:48,216 - openevolve.RemoteSpeedupEvaluator - INFO - [level1_85_conv_depthwise_2D_asymmetric_input_asymmetric_kernel] âœ˜ wrong_answer
2025-08-08 18:31:48,217 - openevolve.evaluator - INFO - Evaluated program b2636c0b-5b93-4cc3-8aeb-66b20599d13b in 3.37s: compiled=1.0000, correctness=0.0000, score=10.0000, stage=wrong_answer, verify_payload={'id': 'level1_85_conv_depthwise_2D_asymmetric_input_asymmetric_kernel', 'result': {'compiled': True, 'correctness': False, 'metadata': {'hardware': 'NVIDIA L20Y', 'device': 'cuda:1', 'max_difference': ['1.706778', '1.904913', '1.876879', '2.127197', '1.872633'], 'avg_difference': ['0.004144', '0.004075', '0.004095', '0.004083', '0.004101'], 'correctness_issue': 'Output mismatch', 'correctness_trials': '(0 / 5)', 'reference_timing_ms': 0.0407, 'speed_up': -1.0, 'custom_timing': -1.0}, 'runtime': -1.0, 'runtime_stats': {}}}
2025-08-08 18:31:48,220 - openevolve.database - INFO - New MAP-Elites cell occupied: {'score': 9, 'complexity': 7}
2025-08-08 18:31:48,221 - openevolve.llm.ensemble - INFO - Sampled model: deepseek
2025-08-08 18:31:48,233 - openevolve.threaded_parallel - INFO - Iteration 22: Program b2636c0b-5b93-4cc3-8aeb-66b20599d13b (parent: dd1ceca3-8591-4f62-8d74-11d991f816d2) completed in 922.54s
2025-08-08 18:31:48,233 - openevolve.threaded_parallel - INFO - Metrics: compiled=1.0000, correctness=0.0000, score=10.0000, stage=wrong_answer, verify_payload={'id': 'level1_85_conv_depthwise_2D_asymmetric_input_asymmetric_kernel', 'result': {'compiled': True, 'correctness': False, 'metadata': {'hardware': 'NVIDIA L20Y', 'device': 'cuda:1', 'max_difference': ['1.706778', '1.904913', '1.876879', '2.127197', '1.872633'], 'avg_difference': ['0.004144', '0.004075', '0.004095', '0.004083', '0.004101'], 'correctness_issue': 'Output mismatch', 'correctness_trials': '(0 / 5)', 'reference_timing_ms': 0.0407, 'speed_up': -1.0, 'custom_timing': -1.0}, 'runtime': -1.0, 'runtime_stats': {}}}
2025-08-08 18:32:10,423 - openevolve.RemoteSpeedupEvaluator - INFO - [level1_85_conv_depthwise_2D_asymmetric_input_asymmetric_kernel] âœ˜ invalid_answer 'import triton' is not found
2025-08-08 18:32:10,423 - openevolve.evaluator - INFO - Evaluated program 26bb0052-bc2c-4ec5-8b94-f6089076bc94 in 0.00s: compiled=0.0000, correctness=0.0000, score=-100.0000, stage=no_valid_triton_code, feedback=You need to generate real and valid triton code for the core function. The key word 'import triton' is not found.
2025-08-08 18:32:10,427 - openevolve.llm.ensemble - INFO - Sampled model: deepseek
2025-08-08 18:32:10,435 - openevolve.threaded_parallel - INFO - Iteration 24: Program 26bb0052-bc2c-4ec5-8b94-f6089076bc94 (parent: 0489c0f4-e493-4f4d-b7b0-6c9fdba7260c) completed in 444.80s
2025-08-08 18:32:10,435 - openevolve.threaded_parallel - INFO - Metrics: compiled=0.0000, correctness=0.0000, score=-100.0000, stage=no_valid_triton_code, feedback=You need to generate real and valid triton code for the core function. The key word 'import triton' is not found.
2025-08-08 18:32:10,435 - openevolve.threaded_parallel - INFO - Checkpoint interval reached at iteration 24
2025-08-08 18:32:10,437 - openevolve.database - INFO - Island Status:
2025-08-08 18:32:10,437 - openevolve.database - INFO -    Island 0: 10 programs, best=20.0000, avg=-9.0000, diversity=1111.32, gen=8 (best: 04eee13e-3f92-4965-bb2a-5c5fec7525ea)
2025-08-08 18:32:10,437 - openevolve.database - INFO -  * Island 1: 9 programs, best=20.0000, avg=11.1111, diversity=468.33, gen=9 (best: c113cbd5-020a-44ac-aadb-060889ab73f6)
2025-08-08 18:32:10,437 - openevolve.database - INFO -    Island 2: 8 programs, best=10.0000, avg=-17.5000, diversity=1573.57, gen=7 (best: 1d68cae2-ede9-4cc9-90f5-e95ec4a39555)
2025-08-08 18:32:10,729 - openevolve.database - INFO - Saved database with 25 programs to openevolve_output/level1_85_conv_depthwise_2D_asymmetric_input_asymmetric_kernel/checkpoints/checkpoint_24
2025-08-08 18:32:10,748 - openevolve.controller - INFO - Saved best program at checkpoint 24 with metrics: compiled=1.0000, correctness=1.0000, stage=success, passed=0.0000, score=20.0000, speed_up=0.5150, runtime_ms=0.0790, meta={'hardware': 'NVIDIA L20Y', 'device': 'cuda:4', 'correctness_trials': '(5 / 5)', 'reference_timing_ms': 0.0407, 'speed_up': 0.515, 'custom_timing': 0.079}
2025-08-08 18:32:10,748 - openevolve.controller - INFO - Saved checkpoint at iteration 24 to openevolve_output/level1_85_conv_depthwise_2D_asymmetric_input_asymmetric_kernel/checkpoints/checkpoint_24
2025-08-08 18:34:17,166 - openevolve.RemoteSpeedupEvaluator - INFO - [level1_85_conv_depthwise_2D_asymmetric_input_asymmetric_kernel] triton key words check pass
2025-08-08 18:34:17,167 - openevolve.RemoteSpeedupEvaluator - INFO - [level1_85_conv_depthwise_2D_asymmetric_input_asymmetric_kernel] verify_plus payload: reference_code(2658 chars) + custom_code(6167 chars)
2025-08-08 18:34:20,433 - openevolve.RemoteSpeedupEvaluator - INFO - [level1_85_conv_depthwise_2D_asymmetric_input_asymmetric_kernel] verify_plus request success
2025-08-08 18:34:20,433 - openevolve.RemoteSpeedupEvaluator - INFO - [level1_85_conv_depthwise_2D_asymmetric_input_asymmetric_kernel] verify_plus response: {"id":"level1_85_conv_depthwise_2D_asymmetric_input_asymmetric_kernel","result":{"compiled":true,"correctness":true,"metadata":{"hardware":"NVIDIA L20Y","device":"cuda:5","correctness_trials":"(5 / 5)","reference_timing_ms":0.0407,"speed_up":0.527,"custom_timing":0.0773},"runtime":0.0773,"runtime_stats":{"mean":0.0773,"std":0.00276,"min":0.074,"max":0.0926,"num_trials":100,"hardware":"NVIDIA L20Y","device":"cuda:5"}}}
2025-08-08 18:34:20,433 - openevolve.RemoteSpeedupEvaluator - INFO - [level1_85_conv_depthwise_2D_asymmetric_input_asymmetric_kernel] âœ” success | speed_up=0.527  score=20.00
2025-08-08 18:34:20,434 - openevolve.evaluator - INFO - Evaluated program 2c4d551a-c5de-4d28-810e-77999466a0d9 in 3.27s: compiled=1.0000, correctness=1.0000, stage=success, passed=0.0000, score=20.0000, speed_up=0.5270, runtime_ms=0.0773, meta={'hardware': 'NVIDIA L20Y', 'device': 'cuda:5', 'correctness_trials': '(5 / 5)', 'reference_timing_ms': 0.0407, 'speed_up': 0.527, 'custom_timing': 0.0773}
2025-08-08 18:34:20,437 - openevolve.database - INFO - MAP-Elites cell improved: {'score': 9, 'complexity': 7} (fitness: 10.000 -> 20.000)
2025-08-08 18:34:20,437 - openevolve.database - INFO - Population size (26) exceeds limit (25), removing 1 programs
2025-08-08 18:34:20,437 - openevolve.database - INFO - Population size after cleanup: 25
2025-08-08 18:34:20,440 - openevolve.llm.ensemble - INFO - Sampled model: deepseek
2025-08-08 18:34:20,450 - openevolve.threaded_parallel - INFO - Iteration 23: Program 2c4d551a-c5de-4d28-810e-77999466a0d9 (parent: b5adcb9e-7739-4d8c-8cc2-cc45bedb69cb) completed in 658.12s
2025-08-08 18:34:20,450 - openevolve.threaded_parallel - INFO - Metrics: compiled=1.0000, correctness=1.0000, stage=success, passed=0.0000, score=20.0000, speed_up=0.5270, runtime_ms=0.0773, meta={'hardware': 'NVIDIA L20Y', 'device': 'cuda:5', 'correctness_trials': '(5 / 5)', 'reference_timing_ms': 0.0407, 'speed_up': 0.527, 'custom_timing': 0.0773}
2025-08-08 18:42:01,459 - openevolve.RemoteSpeedupEvaluator - INFO - [level1_85_conv_depthwise_2D_asymmetric_input_asymmetric_kernel] triton key words check pass
2025-08-08 18:42:01,462 - openevolve.RemoteSpeedupEvaluator - INFO - [level1_85_conv_depthwise_2D_asymmetric_input_asymmetric_kernel] verify_plus payload: reference_code(2658 chars) + custom_code(7020 chars)
2025-08-08 18:42:04,671 - openevolve.RemoteSpeedupEvaluator - INFO - [level1_85_conv_depthwise_2D_asymmetric_input_asymmetric_kernel] verify_plus request success
2025-08-08 18:42:04,671 - openevolve.RemoteSpeedupEvaluator - INFO - [level1_85_conv_depthwise_2D_asymmetric_input_asymmetric_kernel] verify_plus response: {"id":"level1_85_conv_depthwise_2D_asymmetric_input_asymmetric_kernel","result":{"compiled":true,"correctness":false,"metadata":{"hardware":"NVIDIA L20Y","device":"cuda:3","max_difference":["1.706778","1.904913","1.876879","2.127197","1.872633"],"avg_difference":["0.004144","0.004075","0.004095","0.004083","0.004101"],"correctness_issue":"Output mismatch","correctness_trials":"(0 / 5)","reference_timing_ms":0.0407,"speed_up":-1.0,"custom_timing":-1.0},"runtime":-1.0,"runtime_stats":{}}}
2025-08-08 18:42:04,671 - openevolve.RemoteSpeedupEvaluator - INFO - [level1_85_conv_depthwise_2D_asymmetric_input_asymmetric_kernel] âœ˜ wrong_answer
2025-08-08 18:42:04,671 - openevolve.evaluator - INFO - Evaluated program 0abf26c1-ec5e-4631-89ad-27ba9e29d5e7 in 3.21s: compiled=1.0000, correctness=0.0000, score=10.0000, stage=wrong_answer, verify_payload={'id': 'level1_85_conv_depthwise_2D_asymmetric_input_asymmetric_kernel', 'result': {'compiled': True, 'correctness': False, 'metadata': {'hardware': 'NVIDIA L20Y', 'device': 'cuda:3', 'max_difference': ['1.706778', '1.904913', '1.876879', '2.127197', '1.872633'], 'avg_difference': ['0.004144', '0.004075', '0.004095', '0.004083', '0.004101'], 'correctness_issue': 'Output mismatch', 'correctness_trials': '(0 / 5)', 'reference_timing_ms': 0.0407, 'speed_up': -1.0, 'custom_timing': -1.0}, 'runtime': -1.0, 'runtime_stats': {}}}
2025-08-08 18:42:04,675 - openevolve.database - INFO - Population size (26) exceeds limit (25), removing 1 programs
2025-08-08 18:42:04,675 - openevolve.database - INFO - Population size after cleanup: 25
2025-08-08 18:42:04,676 - openevolve.llm.ensemble - INFO - Sampled model: deepseek
2025-08-08 18:42:04,690 - openevolve.threaded_parallel - INFO - Iteration 27: Program 0abf26c1-ec5e-4631-89ad-27ba9e29d5e7 (parent: 8b54cf25-0975-497e-bdc1-e3bfbfa3cb00) completed in 464.23s
2025-08-08 18:42:04,690 - openevolve.threaded_parallel - INFO - Metrics: compiled=1.0000, correctness=0.0000, score=10.0000, stage=wrong_answer, verify_payload={'id': 'level1_85_conv_depthwise_2D_asymmetric_input_asymmetric_kernel', 'result': {'compiled': True, 'correctness': False, 'metadata': {'hardware': 'NVIDIA L20Y', 'device': 'cuda:3', 'max_difference': ['1.706778', '1.904913', '1.876879', '2.127197', '1.872633'], 'avg_difference': ['0.004144', '0.004075', '0.004095', '0.004083', '0.004101'], 'correctness_issue': 'Output mismatch', 'correctness_trials': '(0 / 5)', 'reference_timing_ms': 0.0407, 'speed_up': -1.0, 'custom_timing': -1.0}, 'runtime': -1.0, 'runtime_stats': {}}}
2025-08-08 18:42:04,690 - openevolve.threaded_parallel - INFO - Checkpoint interval reached at iteration 27
2025-08-08 18:42:04,692 - openevolve.database - INFO - Island Status:
2025-08-08 18:42:04,692 - openevolve.database - INFO -  * Island 0: 9 programs, best=20.0000, avg=1.1111, diversity=1294.97, gen=9 (best: 04eee13e-3f92-4965-bb2a-5c5fec7525ea)
2025-08-08 18:42:04,692 - openevolve.database - INFO -    Island 1: 10 programs, best=20.0000, avg=12.0000, diversity=381.30, gen=9 (best: c113cbd5-020a-44ac-aadb-060889ab73f6)
2025-08-08 18:42:04,692 - openevolve.database - INFO -    Island 2: 8 programs, best=10.0000, avg=-3.7500, diversity=582.77, gen=8 (best: 1d68cae2-ede9-4cc9-90f5-e95ec4a39555)
2025-08-08 18:42:04,992 - openevolve.database - INFO - Saved database with 25 programs to openevolve_output/level1_85_conv_depthwise_2D_asymmetric_input_asymmetric_kernel/checkpoints/checkpoint_27
2025-08-08 18:42:05,008 - openevolve.controller - INFO - Saved best program at checkpoint 27 with metrics: compiled=1.0000, correctness=1.0000, stage=success, passed=0.0000, score=20.0000, speed_up=0.5150, runtime_ms=0.0790, meta={'hardware': 'NVIDIA L20Y', 'device': 'cuda:4', 'correctness_trials': '(5 / 5)', 'reference_timing_ms': 0.0407, 'speed_up': 0.515, 'custom_timing': 0.079}
2025-08-08 18:42:05,009 - openevolve.controller - INFO - Saved checkpoint at iteration 27 to openevolve_output/level1_85_conv_depthwise_2D_asymmetric_input_asymmetric_kernel/checkpoints/checkpoint_27
2025-08-08 18:48:08,646 - openevolve.RemoteSpeedupEvaluator - INFO - [level1_85_conv_depthwise_2D_asymmetric_input_asymmetric_kernel] triton key words check pass
2025-08-08 18:48:08,647 - openevolve.RemoteSpeedupEvaluator - INFO - [level1_85_conv_depthwise_2D_asymmetric_input_asymmetric_kernel] verify_plus payload: reference_code(2658 chars) + custom_code(6565 chars)
2025-08-08 18:48:12,066 - openevolve.RemoteSpeedupEvaluator - INFO - [level1_85_conv_depthwise_2D_asymmetric_input_asymmetric_kernel] verify_plus request success
2025-08-08 18:48:12,066 - openevolve.RemoteSpeedupEvaluator - INFO - [level1_85_conv_depthwise_2D_asymmetric_input_asymmetric_kernel] verify_plus response: {"id":"level1_85_conv_depthwise_2D_asymmetric_input_asymmetric_kernel","result":{"compiled":true,"correctness":false,"metadata":{"hardware":"NVIDIA L20Y","device":"cuda:6","max_difference":["440786191633119463546750492475392.000000","403409919110752985605660227928064.000000","416643033903198968726728778711040.000000","376693586952299144879859912671232.000000","427223707418971113936291593453568.000000"],"avg_difference":["85906060957690302890231463936.000000","88937291334646533717160361984.000000","89114323409356350976931397632.000000","93124113124159863945751953408.000000","86716267930423282180254859264.000000"],"correctness_issue":"Output mismatch","correctness_trials":"(0 / 5)","reference_timing_ms":0.0407,"speed_up":-1.0,"custom_timing":-1.0},"runtime":-1.0,"runtime_stats":{}}}
2025-08-08 18:48:12,066 - openevolve.RemoteSpeedupEvaluator - INFO - [level1_85_conv_depthwise_2D_asymmetric_input_asymmetric_kernel] âœ˜ wrong_answer
2025-08-08 18:48:12,067 - openevolve.evaluator - INFO - Evaluated program eff06844-846a-4dcd-a3a5-df2892e63457 in 3.42s: compiled=1.0000, correctness=0.0000, score=10.0000, stage=wrong_answer, verify_payload={'id': 'level1_85_conv_depthwise_2D_asymmetric_input_asymmetric_kernel', 'result': {'compiled': True, 'correctness': False, 'metadata': {'hardware': 'NVIDIA L20Y', 'device': 'cuda:6', 'max_difference': ['440786191633119463546750492475392.000000', '403409919110752985605660227928064.000000', '416643033903198968726728778711040.000000', '376693586952299144879859912671232.000000', '427223707418971113936291593453568.000000'], 'avg_difference': ['85906060957690302890231463936.000000', '88937291334646533717160361984.000000', '89114323409356350976931397632.000000', '93124113124159863945751953408.000000', '86716267930423282180254859264.000000'], 'correctness_issue': 'Output mismatch', 'correctness_trials': '(0 / 5)', 'reference_timing_ms': 0.0407, 'speed_up': -1.0, 'custom_timing': -1.0}, 'runtime': -1.0, 'runtime_stats': {}}}
2025-08-08 18:48:12,070 - openevolve.database - INFO - Population size (26) exceeds limit (25), removing 1 programs
2025-08-08 18:48:12,070 - openevolve.database - INFO - Population size after cleanup: 25
2025-08-08 18:48:12,072 - openevolve.llm.ensemble - INFO - Sampled model: deepseek
2025-08-08 18:48:12,083 - openevolve.threaded_parallel - INFO - Iteration 25: Program eff06844-846a-4dcd-a3a5-df2892e63457 (parent: d9b1d4ac-0bca-4cd7-8d7c-946845bf2d76) completed in 983.85s
2025-08-08 18:48:12,083 - openevolve.threaded_parallel - INFO - Metrics: compiled=1.0000, correctness=0.0000, score=10.0000, stage=wrong_answer, verify_payload={'id': 'level1_85_conv_depthwise_2D_asymmetric_input_asymmetric_kernel', 'result': {'compiled': True, 'correctness': False, 'metadata': {'hardware': 'NVIDIA L20Y', 'device': 'cuda:6', 'max_difference': ['440786191633119463546750492475392.000000', '403409919110752985605660227928064.000000', '416643033903198968726728778711040.000000', '376693586952299144879859912671232.000000', '427223707418971113936291593453568.000000'], 'avg_difference': ['85906060957690302890231463936.000000', '88937291334646533717160361984.000000', '89114323409356350976931397632.000000', '93124113124159863945751953408.000000', '86716267930423282180254859264.000000'], 'correctness_issue': 'Output mismatch', 'correctness_trials': '(0 / 5)', 'reference_timing_ms': 0.0407, 'speed_up': -1.0, 'custom_timing': -1.0}, 'runtime': -1.0, 'runtime_stats': {}}}
2025-08-08 18:50:10,857 - openevolve.RemoteSpeedupEvaluator - INFO - [level1_85_conv_depthwise_2D_asymmetric_input_asymmetric_kernel] âœ˜ invalid_answer 'import triton' is not found
2025-08-08 18:50:10,859 - openevolve.evaluator - INFO - Evaluated program 04024adc-8620-45cb-8e9e-104d3b5533dc in 0.00s: compiled=0.0000, correctness=0.0000, score=-100.0000, stage=no_valid_triton_code, feedback=You need to generate real and valid triton code for the core function. The key word 'import triton' is not found.
2025-08-08 18:50:10,863 - openevolve.database - INFO - New MAP-Elites cell occupied: {'score': -1000, 'complexity': 0}
2025-08-08 18:50:10,864 - openevolve.database - INFO - Population size (26) exceeds limit (25), removing 1 programs
2025-08-08 18:50:10,864 - openevolve.database - INFO - Population size after cleanup: 25
2025-08-08 18:50:10,876 - openevolve.threaded_parallel - INFO - Iteration 28: Program 04024adc-8620-45cb-8e9e-104d3b5533dc (parent: d2e6fbf5-789a-4b8e-a584-91e4514a1cea) completed in 486.18s
2025-08-08 18:50:10,876 - openevolve.threaded_parallel - INFO - Metrics: compiled=0.0000, correctness=0.0000, score=-100.0000, stage=no_valid_triton_code, feedback=You need to generate real and valid triton code for the core function. The key word 'import triton' is not found.
2025-08-08 18:53:32,593 - openevolve.RemoteSpeedupEvaluator - INFO - [level1_85_conv_depthwise_2D_asymmetric_input_asymmetric_kernel] triton key words check pass
2025-08-08 18:53:32,595 - openevolve.RemoteSpeedupEvaluator - INFO - [level1_85_conv_depthwise_2D_asymmetric_input_asymmetric_kernel] verify_plus payload: reference_code(2658 chars) + custom_code(6382 chars)
2025-08-08 18:53:35,370 - openevolve.RemoteSpeedupEvaluator - INFO - [level1_85_conv_depthwise_2D_asymmetric_input_asymmetric_kernel] verify_plus request success
2025-08-08 18:53:35,370 - openevolve.RemoteSpeedupEvaluator - INFO - [level1_85_conv_depthwise_2D_asymmetric_input_asymmetric_kernel] verify_plus response: {"id":"level1_85_conv_depthwise_2D_asymmetric_input_asymmetric_kernel","result":{"compiled":true,"correctness":false,"metadata":{"hardware":"NVIDIA L20Y","device":"cuda:7","runtime_error":"Traceback (most recent call last):\n  File \"/home/lijiaxing/.conda/envs/api/lib/python3.10/site-packages/triton/language/core.py\", line 42, in wrapper\n    return fn(*args, **kwargs)\n  File \"/home/lijiaxing/.conda/envs/api/lib/python3.10/site-packages/triton/language/core.py\", line 1654, in arange\n    return _semantic.arange(start, end)\n  File \"/home/lijiaxing/.conda/envs/api/lib/python3.10/site-packages/triton/language/semantic.py\", line 583, in arange\n    raise ValueError(\"arange's range must be a power of 2\")\nValueError: arange's range must be a power of 2\n\nThe above exception was the d
2025-08-08 18:53:35,370 - openevolve.RemoteSpeedupEvaluator - INFO - [level1_85_conv_depthwise_2D_asymmetric_input_asymmetric_kernel] âœ˜ wrong_answer
2025-08-08 18:53:35,371 - openevolve.evaluator - INFO - Evaluated program c3b94846-2333-4066-b038-b2fde6edb161 in 2.78s: compiled=1.0000, correctness=0.0000, score=10.0000, stage=wrong_answer, verify_payload={'id': 'level1_85_conv_depthwise_2D_asymmetric_input_asymmetric_kernel', 'result': {'compiled': True, 'correctness': False, 'metadata': {'hardware': 'NVIDIA L20Y', 'device': 'cuda:7', 'runtime_error': 'Traceback (most recent call last):\n  File "/home/lijiaxing/.conda/envs/api/lib/python3.10/site-packages/triton/language/core.py", line 42, in wrapper\n    return fn(*args, **kwargs)\n  File "/home/lijiaxing/.conda/envs/api/lib/python3.10/site-packages/triton/language/core.py", line 1654, in arange\n    return _semantic.arange(start, end)\n  File "/home/lijiaxing/.conda/envs/api/lib/python3.10/site-packages/triton/language/semantic.py", line 583, in arange\n    raise ValueError("arange\'s range must be a power of 2")\nValueError: arange\'s range must be a power of 2\n\nThe above exception was the direct cause of the following exception:\n\nTraceback (most recent call last):\n  File "/cpfs01/shared/llm_kernel/hujiakai/KernelLLM/validation_api_server/helpers/evaluations.py", line 720, in run_and_check_correctness\n    output_new = model_new(*inputs)\n  File "/home/lijiaxing/.conda/envs/api/lib/python3.10/site-packages/torch/nn/modules/module.py", line 1773, in _wrapped_call_impl\n    return self._call_impl(*args, **kwargs)\n  File "/home/lijiaxing/.conda/envs/api/lib/python3.10/site-packages/torch/nn/modules/module.py", line 1784, in _call_impl\n    return forward_call(*args, **kwargs)\n  File "/tmp/tmp5yqduvo7.py", line 123, in forward\n    _depthwise_conv2d_kernel[grid](\n  File "/home/lijiaxing/.conda/envs/api/lib/python3.10/site-packages/triton/runtime/jit.py", line 390, in <lambda>\n    return lambda *args, **kwargs: self.run(grid=grid, warmup=False, *args, **kwargs)\n  File "/home/lijiaxing/.conda/envs/api/lib/python3.10/site-packages/triton/runtime/jit.py", line 594, in run\n    kernel = self.compile(src, target=target, options=options.__dict__)\n  File "/home/lijiaxing/.conda/envs/api/lib/python3.10/site-packages/triton/compiler/compiler.py", line 339, in compile\n    module = src.make_ir(options, codegen_fns, module_map, context)\n  File "/home/lijiaxing/.conda/envs/api/lib/python3.10/site-packages/triton/compiler/compiler.py", line 83, in make_ir\n    return ast_to_ttir(self.fn, self, context=context, options=options, codegen_fns=codegen_fns,\ntriton.compiler.errors.CompilationError: at 33:9:\n    pid_channel = pid_bc % in_channels\n\n    if pid_batch >= batch_size or pid_channel >= in_channels or pid_h >= out_height or pid_w >= out_width:\n        return\n\n    acc = 0.0\n    start_h = pid_h * stride_h - padding_h\n    start_w = pid_w * stride_w - padding_w\n\n    # Preload entire weight kernel for this channel\n    weight_offset_base = pid_channel * weight_channel_stride\n    ki = tl.arange(0, kernel_size_h * kernel_size_w)\n         ^\n\n\nThe above exception was the direct cause of the following exception:\n\nTraceback (most recent call last):\n  File "/home/lijiaxing/.conda/envs/api/lib/python3.10/site-packages/triton/language/core.py", line 42, in wrapper\n    return fn(*args, **kwargs)\n  File "/home/lijiaxing/.conda/envs/api/lib/python3.10/site-packages/triton/language/core.py", line 1654, in arange\n    return _semantic.arange(start, end)\n  File "/home/lijiaxing/.conda/envs/api/lib/python3.10/site-packages/triton/language/semantic.py", line 583, in arange\n    raise ValueError("arange\'s range must be a power of 2")\nValueError: arange\'s range must be a power of 2\n', 'runtime_error_name': 'triton.compiler.errors.CompilationError', 'reference_timing_ms': 0.0407, 'speed_up': -1.0, 'custom_timing': -1.0}, 'runtime': -1.0, 'runtime_stats': {}}}
2025-08-08 18:53:35,373 - openevolve.database - INFO - Population size (26) exceeds limit (25), removing 1 programs
2025-08-08 18:53:35,373 - openevolve.database - INFO - Population size after cleanup: 25
2025-08-08 18:53:35,395 - openevolve.threaded_parallel - INFO - Iteration 26: Program c3b94846-2333-4066-b038-b2fde6edb161 (parent: df2c9b56-19f6-4ea4-8f89-288fdfb5efcf) completed in 1284.94s
2025-08-08 18:53:35,395 - openevolve.threaded_parallel - INFO - Metrics: compiled=1.0000, correctness=0.0000, score=10.0000, stage=wrong_answer, verify_payload={'id': 'level1_85_conv_depthwise_2D_asymmetric_input_asymmetric_kernel', 'result': {'compiled': True, 'correctness': False, 'metadata': {'hardware': 'NVIDIA L20Y', 'device': 'cuda:7', 'runtime_error': 'Traceback (most recent call last):\n  File "/home/lijiaxing/.conda/envs/api/lib/python3.10/site-packages/triton/language/core.py", line 42, in wrapper\n    return fn(*args, **kwargs)\n  File "/home/lijiaxing/.conda/envs/api/lib/python3.10/site-packages/triton/language/core.py", line 1654, in arange\n    return _semantic.arange(start, end)\n  File "/home/lijiaxing/.conda/envs/api/lib/python3.10/site-packages/triton/language/semantic.py", line 583, in arange\n    raise ValueError("arange\'s range must be a power of 2")\nValueError: arange\'s range must be a power of 2\n\nThe above exception was the direct cause of the following exception:\n\nTraceback (most recent call last):\n  File "/cpfs01/shared/llm_kernel/hujiakai/KernelLLM/validation_api_server/helpers/evaluations.py", line 720, in run_and_check_correctness\n    output_new = model_new(*inputs)\n  File "/home/lijiaxing/.conda/envs/api/lib/python3.10/site-packages/torch/nn/modules/module.py", line 1773, in _wrapped_call_impl\n    return self._call_impl(*args, **kwargs)\n  File "/home/lijiaxing/.conda/envs/api/lib/python3.10/site-packages/torch/nn/modules/module.py", line 1784, in _call_impl\n    return forward_call(*args, **kwargs)\n  File "/tmp/tmp5yqduvo7.py", line 123, in forward\n    _depthwise_conv2d_kernel[grid](\n  File "/home/lijiaxing/.conda/envs/api/lib/python3.10/site-packages/triton/runtime/jit.py", line 390, in <lambda>\n    return lambda *args, **kwargs: self.run(grid=grid, warmup=False, *args, **kwargs)\n  File "/home/lijiaxing/.conda/envs/api/lib/python3.10/site-packages/triton/runtime/jit.py", line 594, in run\n    kernel = self.compile(src, target=target, options=options.__dict__)\n  File "/home/lijiaxing/.conda/envs/api/lib/python3.10/site-packages/triton/compiler/compiler.py", line 339, in compile\n    module = src.make_ir(options, codegen_fns, module_map, context)\n  File "/home/lijiaxing/.conda/envs/api/lib/python3.10/site-packages/triton/compiler/compiler.py", line 83, in make_ir\n    return ast_to_ttir(self.fn, self, context=context, options=options, codegen_fns=codegen_fns,\ntriton.compiler.errors.CompilationError: at 33:9:\n    pid_channel = pid_bc % in_channels\n\n    if pid_batch >= batch_size or pid_channel >= in_channels or pid_h >= out_height or pid_w >= out_width:\n        return\n\n    acc = 0.0\n    start_h = pid_h * stride_h - padding_h\n    start_w = pid_w * stride_w - padding_w\n\n    # Preload entire weight kernel for this channel\n    weight_offset_base = pid_channel * weight_channel_stride\n    ki = tl.arange(0, kernel_size_h * kernel_size_w)\n         ^\n\n\nThe above exception was the direct cause of the following exception:\n\nTraceback (most recent call last):\n  File "/home/lijiaxing/.conda/envs/api/lib/python3.10/site-packages/triton/language/core.py", line 42, in wrapper\n    return fn(*args, **kwargs)\n  File "/home/lijiaxing/.conda/envs/api/lib/python3.10/site-packages/triton/language/core.py", line 1654, in arange\n    return _semantic.arange(start, end)\n  File "/home/lijiaxing/.conda/envs/api/lib/python3.10/site-packages/triton/language/semantic.py", line 583, in arange\n    raise ValueError("arange\'s range must be a power of 2")\nValueError: arange\'s range must be a power of 2\n', 'runtime_error_name': 'triton.compiler.errors.CompilationError', 'reference_timing_ms': 0.0407, 'speed_up': -1.0, 'custom_timing': -1.0}, 'runtime': -1.0, 'runtime_stats': {}}}
2025-08-08 18:59:20,853 - openevolve.RemoteSpeedupEvaluator - INFO - [level1_85_conv_depthwise_2D_asymmetric_input_asymmetric_kernel] âœ˜ invalid_answer 'import triton' is not found
2025-08-08 18:59:20,855 - openevolve.evaluator - INFO - Evaluated program f2e45d79-33cf-4305-87de-5baaba16b936 in 0.00s: compiled=0.0000, correctness=0.0000, score=-100.0000, stage=no_valid_triton_code, feedback=You need to generate real and valid triton code for the core function. The key word 'import triton' is not found.
2025-08-08 18:59:20,862 - openevolve.database - INFO - New MAP-Elites cell occupied: {'score': -1000, 'complexity': 0}
2025-08-08 18:59:20,863 - openevolve.database - INFO - Population size (26) exceeds limit (25), removing 1 programs
2025-08-08 18:59:20,863 - openevolve.database - INFO - Population size after cleanup: 25
2025-08-08 18:59:20,870 - openevolve.threaded_parallel - INFO - Iteration 29: Program f2e45d79-33cf-4305-87de-5baaba16b936 (parent: b5adcb9e-7739-4d8c-8cc2-cc45bedb69cb) completed in 668.78s
2025-08-08 18:59:20,870 - openevolve.threaded_parallel - INFO - Metrics: compiled=0.0000, correctness=0.0000, score=-100.0000, stage=no_valid_triton_code, feedback=You need to generate real and valid triton code for the core function. The key word 'import triton' is not found.
2025-08-08 18:59:20,870 - openevolve.threaded_parallel - INFO - Evolution completed
2025-08-08 18:59:20,881 - openevolve.threaded_parallel - INFO - Stopped thread pool
2025-08-08 18:59:20,881 - openevolve.threaded_parallel - INFO - Stopped improved parallel controller
2025-08-08 18:59:20,881 - openevolve.controller - INFO - Using tracked best program: 04eee13e-3f92-4965-bb2a-5c5fec7525ea
2025-08-08 18:59:20,881 - openevolve.controller - INFO - Evolution complete. Best program has metrics: compiled=1.0000, correctness=1.0000, stage=success, passed=0.0000, score=20.0000, speed_up=0.5150, runtime_ms=0.0790, meta={'hardware': 'NVIDIA L20Y', 'device': 'cuda:4', 'correctness_trials': '(5 / 5)', 'reference_timing_ms': 0.0407, 'speed_up': 0.515, 'custom_timing': 0.079}
2025-08-08 18:59:20,901 - openevolve.controller - INFO - Saved best program to openevolve_output/level1_85_conv_depthwise_2D_asymmetric_input_asymmetric_kernel/best/best_program.py with program info to openevolve_output/level1_85_conv_depthwise_2D_asymmetric_input_asymmetric_kernel/best/best_program_info.json
2025-08-08 18:59:20,902 - __main__ - INFO - âœ… å®Œæˆ level1_85_conv_depthwise_2D_asymmetric_input_asymmetric_kernel
2025-08-08 18:59:20,902 - __main__ - INFO - ======================================================================
2025-08-08 18:59:20,902 - __main__ - INFO - ðŸš€ [4/9] å¼€å§‹ level2_21_Conv2d_Add_Scale_Sigmoid_GroupNorm
2025-08-08 18:59:20,902 - __main__ - INFO - ======================================================================
2025-08-08 18:59:20,903 - __main__ - INFO - âœ… å®Œæˆ level2_21_Conv2d_Add_Scale_Sigmoid_GroupNorm
2025-08-08 18:59:20,904 - __main__ - INFO - ======================================================================
2025-08-08 18:59:20,904 - __main__ - INFO - ðŸš€ [5/9] å¼€å§‹ level2_49_ConvTranspose3d_Softmax_Sigmoid
2025-08-08 18:59:20,904 - __main__ - INFO - ======================================================================
2025-08-08 18:59:20,904 - __main__ - INFO - âœ… å®Œæˆ level2_49_ConvTranspose3d_Softmax_Sigmoid
2025-08-08 18:59:20,905 - __main__ - INFO - ======================================================================
2025-08-08 18:59:20,905 - __main__ - INFO - ðŸš€ [6/9] å¼€å§‹ level2_76_Gemm_Add_ReLU
2025-08-08 18:59:20,905 - __main__ - INFO - ======================================================================
2025-08-08 18:59:20,905 - __main__ - INFO - âœ… å®Œæˆ level2_76_Gemm_Add_ReLU
2025-08-08 18:59:20,905 - __main__ - INFO - ======================================================================
2025-08-08 18:59:20,906 - __main__ - INFO - ðŸš€ [7/9] å¼€å§‹ level3_13_DenseNet121TransitionLayer
2025-08-08 18:59:20,906 - __main__ - INFO - ======================================================================
2025-08-08 18:59:20,906 - __main__ - INFO - âœ… å®Œæˆ level3_13_DenseNet121TransitionLayer
2025-08-08 18:59:20,906 - __main__ - INFO - ======================================================================
2025-08-08 18:59:20,906 - __main__ - INFO - ðŸš€ [8/9] å¼€å§‹ level3_40_GRUHidden
2025-08-08 18:59:20,906 - __main__ - INFO - ======================================================================
2025-08-08 18:59:20,907 - __main__ - INFO - âœ… å®Œæˆ level3_40_GRUHidden
2025-08-08 18:59:20,907 - __main__ - INFO - ======================================================================
2025-08-08 18:59:20,907 - __main__ - INFO - ðŸš€ [9/9] å¼€å§‹ level4_3_EleutherAI-gpt-neo-2p7B_bs1_seq2047
2025-08-08 18:59:20,907 - __main__ - INFO - ======================================================================
2025-08-08 18:59:20,945 - openevolve.controller - INFO - Logging to openevolve_output/level4_3_EleutherAI-gpt-neo-2p7B_bs1_seq2047/logs/openevolve_20250808_185920.log
2025-08-08 18:59:20,945 - openevolve.controller - INFO - Set random seed to 42 for reproducibility
2025-08-08 18:59:20,985 - openevolve.llm.ensemble - INFO - Initialized LLM ensemble with models: deepseek (weight: 0.80), deepseek (weight: 0.20)
2025-08-08 18:59:21,025 - openevolve.llm.ensemble - INFO - Initialized LLM ensemble with models: deepseek (weight: 0.80), deepseek (weight: 0.20)
2025-08-08 18:59:21,025 - openevolve.prompt.sampler - INFO - Set custom templates: system=evaluator_system_message, user=None
2025-08-08 18:59:21,025 - openevolve.database - INFO - Initialized program database with 0 programs
2025-08-08 18:59:21,049 - openevolve.evaluator - INFO - Successfully loaded evaluation function from openevolve_output/level4_3_EleutherAI-gpt-neo-2p7B_bs1_seq2047/evaluation.py
2025-08-08 18:59:21,049 - openevolve.evaluator - INFO - Initialized evaluator with openevolve_output/level4_3_EleutherAI-gpt-neo-2p7B_bs1_seq2047/evaluation.py
2025-08-08 18:59:21,049 - openevolve.controller - INFO - Initialized OpenEvolve with /tmp/2f58917dc12be0f84280af48ed391c85.py
2025-08-08 18:59:21,049 - openevolve.controller - INFO - Adding initial program to database
2025-08-08 18:59:21,050 - openevolve.RemoteSpeedupEvaluator - INFO - [level4_3_EleutherAI-gpt-neo-2p7B_bs1_seq2047] verify_plus payload: reference_code(722 chars) + custom_code(843 chars)
2025-08-08 18:59:44,365 - openevolve.RemoteSpeedupEvaluator - INFO - [level4_3_EleutherAI-gpt-neo-2p7B_bs1_seq2047] verify_plus request success
2025-08-08 18:59:44,365 - openevolve.RemoteSpeedupEvaluator - INFO - [level4_3_EleutherAI-gpt-neo-2p7B_bs1_seq2047] verify_plus response: {"id":"level4_3_EleutherAI-gpt-neo-2p7B_bs1_seq2047","result":{"error":"We couldn't connect to 'https://huggingface.co' to load the files, and couldn't find them in the cached files.\nCheck your internet connection or see how to run the library in offline mode at 'https://huggingface.co/docs/transformers/installation#offline-mode'.\nTraceback (most recent call last):\n  File \"/home/lijiaxing/.conda/envs/api/lib/python3.10/site-packages/urllib3/connection.py\", line 198, in _new_conn\n    sock = connection.create_connection(\n  File \"/home/lijiaxing/.conda/envs/api/lib/python3.10/site-packages/urllib3/util/connection.py\", line 85, in create_connection\n    raise err\n  File \"/home/lijiaxing/.conda/envs/api/lib/python3.10/site-packages/urllib3/util/connection.py\", line 73, in create_con
2025-08-08 18:59:44,365 - openevolve.evaluator - WARNING - Evaluation attempt 1/4 failed for program f285b3db-d937-49e7-92c5-ef134572260d: Error: The reference code is not valid or correct. The verify result is: {'error': 'We couldn\'t connect to \'https://huggingface.co\' to load the files, and couldn\'t find them in the cached files.\nCheck your internet connection or see how to run the library in offline mode at \'https://huggingface.co/docs/transformers/installation#offline-mode\'.\nTraceback (most recent call last):\n  File "/home/lijiaxing/.conda/envs/api/lib/python3.10/site-packages/urllib3/connection.py", line 198, in _new_conn\n    sock = connection.create_connection(\n  File "/home/lijiaxing/.conda/envs/api/lib/python3.10/site-packages/urllib3/util/connection.py", line 85, in create_connection\n    raise err\n  File "/home/lijiaxing/.conda/envs/api/lib/python3.10/site-packages/urllib3/util/connection.py", line 73, in create_connection\n    sock.connect(sa)\nOSError: [Errno 101] Network is unreachable\n\nThe above exception was the direct cause of the following exception:\n\nTraceback (most recent call last):\n  File "/home/lijiaxing/.conda/envs/api/lib/python3.10/site-packages/urllib3/connectionpool.py", line 787, in urlopen\n    response = self._make_request(\n  File "/home/lijiaxing/.conda/envs/api/lib/python3.10/site-packages/urllib3/connectionpool.py", line 488, in _make_request\n    raise new_e\n  File "/home/lijiaxing/.conda/envs/api/lib/python3.10/site-packages/urllib3/connectionpool.py", line 464, in _make_request\n    self._validate_conn(conn)\n  File "/home/lijiaxing/.conda/envs/api/lib/python3.10/site-packages/urllib3/connectionpool.py", line 1093, in _validate_conn\n    conn.connect()\n  File "/home/lijiaxing/.conda/envs/api/lib/python3.10/site-packages/urllib3/connection.py", line 753, in connect\n    self.sock = sock = self._new_conn()\n  File "/home/lijiaxing/.conda/envs/api/lib/python3.10/site-packages/urllib3/connection.py", line 213, in _new_conn\n    raise NewConnectionError(\nurllib3.exceptions.NewConnectionError: <urllib3.connection.HTTPSConnection object at 0x7f7f0b495420>: Failed to establish a new connection: [Errno 101] Network is unreachable\n\nThe above exception was the direct cause of the following exception:\n\nTraceback (most recent call last):\n  File "/home/lijiaxing/.conda/envs/api/lib/python3.10/site-packages/requests/adapters.py", line 667, in send\n    resp = conn.urlopen(\n  File "/home/lijiaxing/.conda/envs/api/lib/python3.10/site-packages/urllib3/connectionpool.py", line 841, in urlopen\n    retries = retries.increment(\n  File "/home/lijiaxing/.conda/envs/api/lib/python3.10/site-packages/urllib3/util/retry.py", line 519, in increment\n    raise MaxRetryError(_pool, url, reason) from reason  # type: ignore[arg-type]\nurllib3.exceptions.MaxRetryError: HTTPSConnectionPool(host=\'huggingface.co\', port=443): Max retries exceeded with url: /EleutherAI/gpt-neo-2.7B/resolve/main/config.json (Caused by NewConnectionError(\'<urllib3.connection.HTTPSConnection object at 0x7f7f0b495420>: Failed to establish a new connection: [Errno 101] Network is unreachable\'))\n\nDuring handling of the above exception, another exception occurred:\n\nTraceback (most recent call last):\n  File "/home/lijiaxing/.conda/envs/api/lib/python3.10/site-packages/huggingface_hub/file_download.py", line 1546, in _get_metadata_or_catch_error\n    metadata = get_hf_file_metadata(\n  File "/home/lijiaxing/.conda/envs/api/lib/python3.10/site-packages/huggingface_hub/utils/_validators.py", line 114, in _inner_fn\n    return fn(*args, **kwargs)\n  File "/home/lijiaxing/.conda/envs/api/lib/python3.10/site-packages/huggingface_hub/file_download.py", line 1463, in get_hf_file_metadata\n    r = _request_wrapper(\n  File "/home/lijiaxing/.conda/envs/api/lib/python3.10/site-packages/huggingface_hub/file_download.py", line 286, in _request_wrapper\n    response = _request_wrapper(\n  File "/home/lijiaxing/.conda/envs/api/lib/python3.10/site-packages/huggingface_hub/file_download.py", line 309, in _request_wrapper\n    response = http_backoff(method=method, url=url, **params, retry_on_exceptions=(), retry_on_status_codes=(429,))\n  File "/home/lijiaxing/.conda/envs/api/lib/python3.10/site-packages/huggingface_hub/utils/_http.py", line 310, in http_backoff\n    response = session.request(method=method, url=url, **kwargs)\n  File "/home/lijiaxing/.conda/envs/api/lib/python3.10/site-packages/requests/sessions.py", line 589, in request\n    resp = self.send(prep, **send_kwargs)\n  File "/home/lijiaxing/.conda/envs/api/lib/python3.10/site-packages/requests/sessions.py", line 703, in send\n    r = adapter.send(request, **kwargs)\n  File "/home/lijiaxing/.conda/envs/api/lib/python3.10/site-packages/huggingface_hub/utils/_http.py", line 96, in send\n    return super().send(request, *args, **kwargs)\n  File "/home/lijiaxing/.conda/envs/api/lib/python3.10/site-packages/requests/adapters.py", line 700, in send\n    raise ConnectionError(e, request=request)\nrequests.exceptions.ConnectionError: (MaxRetryError("HTTPSConnectionPool(host=\'huggingface.co\', port=443): Max retries exceeded with url: /EleutherAI/gpt-neo-2.7B/resolve/main/config.json (Caused by NewConnectionError(\'<urllib3.connection.HTTPSConnection object at 0x7f7f0b495420>: Failed to establish a new connection: [Errno 101] Network is unreachable\'))"), \'(Request ID: af5bbae0-db32-410a-b143-ccbbfe94a504)\')\n\nThe above exception was the direct cause of the following exception:\n\nTraceback (most recent call last):\n  File "/home/lijiaxing/.conda/envs/api/lib/python3.10/site-packages/transformers/utils/hub.py", line 479, in cached_files\n    hf_hub_download(\n  File "/home/lijiaxing/.conda/envs/api/lib/python3.10/site-packages/huggingface_hub/utils/_validators.py", line 114, in _inner_fn\n    return fn(*args, **kwargs)\n  File "/home/lijiaxing/.conda/envs/api/lib/python3.10/site-packages/huggingface_hub/file_download.py", line 1010, in hf_hub_download\n    return _hf_hub_download_to_cache_dir(\n  File "/home/lijiaxing/.conda/envs/api/lib/python3.10/site-packages/huggingface_hub/file_download.py", line 1117, in _hf_hub_download_to_cache_dir\n    _raise_on_head_call_error(head_call_error, force_download, local_files_only)\n  File "/home/lijiaxing/.conda/envs/api/lib/python3.10/site-packages/huggingface_hub/file_download.py", line 1661, in _raise_on_head_call_error\n    raise LocalEntryNotFoundError(\nhuggingface_hub.errors.LocalEntryNotFoundError: An error happened while trying to locate the file on the Hub and we cannot find the requested files in the local cache. Please check your connection and try again or make sure your Internet connection is on.\n\nThe above exception was the direct cause of the following exception:\n\nTraceback (most recent call last):\n  File "/cpfs01/shared/llm_kernel/hujiakai/KernelLLM/validation_api_server/evaluator.py", line 92, in _measure_perf_worker\n    exec(textwrap.dedent(code_src), temp_module.__dict__)\n  File "<string>", line 16, in <module>\n  File "/home/lijiaxing/.conda/envs/api/lib/python3.10/site-packages/transformers/models/auto/configuration_auto.py", line 1250, in from_pretrained\n    config_dict, unused_kwargs = PretrainedConfig.get_config_dict(pretrained_model_name_or_path, **kwargs)\n  File "/home/lijiaxing/.conda/envs/api/lib/python3.10/site-packages/transformers/configuration_utils.py", line 649, in get_config_dict\n    config_dict, kwargs = cls._get_config_dict(pretrained_model_name_or_path, **kwargs)\n  File "/home/lijiaxing/.conda/envs/api/lib/python3.10/site-packages/transformers/configuration_utils.py", line 708, in _get_config_dict\n    resolved_config_file = cached_file(\n  File "/home/lijiaxing/.conda/envs/api/lib/python3.10/site-packages/transformers/utils/hub.py", line 321, in cached_file\n    file = cached_files(path_or_repo_id=path_or_repo_id, filenames=[filename], **kwargs)\n  File "/home/lijiaxing/.conda/envs/api/lib/python3.10/site-packages/transformers/utils/hub.py", line 553, in cached_files\n    raise OSError(\nOSError: We couldn\'t connect to \'https://huggingface.co\' to load the files, and couldn\'t find them in the cached files.\nCheck your internet connection or see how to run the library in offline mode at \'https://huggingface.co/docs/transformers/installation#offline-mode\'.\n'}
2025-08-08 18:59:45,371 - openevolve.RemoteSpeedupEvaluator - INFO - [level4_3_EleutherAI-gpt-neo-2p7B_bs1_seq2047] verify_plus payload: reference_code(722 chars) + custom_code(843 chars)
2025-08-08 19:00:00,415 - openevolve.RemoteSpeedupEvaluator - INFO - [level4_3_EleutherAI-gpt-neo-2p7B_bs1_seq2047] verify_plus request success
2025-08-08 19:00:00,417 - openevolve.RemoteSpeedupEvaluator - INFO - [level4_3_EleutherAI-gpt-neo-2p7B_bs1_seq2047] verify_plus response: {"id":"level4_3_EleutherAI-gpt-neo-2p7B_bs1_seq2047","result":{"error":"We couldn't connect to 'https://huggingface.co' to load the files, and couldn't find them in the cached files.\nCheck your internet connection or see how to run the library in offline mode at 'https://huggingface.co/docs/transformers/installation#offline-mode'.\nTraceback (most recent call last):\n  File \"/home/lijiaxing/.conda/envs/api/lib/python3.10/site-packages/urllib3/connection.py\", line 198, in _new_conn\n    sock = connection.create_connection(\n  File \"/home/lijiaxing/.conda/envs/api/lib/python3.10/site-packages/urllib3/util/connection.py\", line 85, in create_connection\n    raise err\n  File \"/home/lijiaxing/.conda/envs/api/lib/python3.10/site-packages/urllib3/util/connection.py\", line 73, in create_con
2025-08-08 19:00:00,418 - openevolve.evaluator - WARNING - Evaluation attempt 2/4 failed for program f285b3db-d937-49e7-92c5-ef134572260d: Error: The reference code is not valid or correct. The verify result is: {'error': 'We couldn\'t connect to \'https://huggingface.co\' to load the files, and couldn\'t find them in the cached files.\nCheck your internet connection or see how to run the library in offline mode at \'https://huggingface.co/docs/transformers/installation#offline-mode\'.\nTraceback (most recent call last):\n  File "/home/lijiaxing/.conda/envs/api/lib/python3.10/site-packages/urllib3/connection.py", line 198, in _new_conn\n    sock = connection.create_connection(\n  File "/home/lijiaxing/.conda/envs/api/lib/python3.10/site-packages/urllib3/util/connection.py", line 85, in create_connection\n    raise err\n  File "/home/lijiaxing/.conda/envs/api/lib/python3.10/site-packages/urllib3/util/connection.py", line 73, in create_connection\n    sock.connect(sa)\nOSError: [Errno 101] Network is unreachable\n\nThe above exception was the direct cause of the following exception:\n\nTraceback (most recent call last):\n  File "/home/lijiaxing/.conda/envs/api/lib/python3.10/site-packages/urllib3/connectionpool.py", line 787, in urlopen\n    response = self._make_request(\n  File "/home/lijiaxing/.conda/envs/api/lib/python3.10/site-packages/urllib3/connectionpool.py", line 488, in _make_request\n    raise new_e\n  File "/home/lijiaxing/.conda/envs/api/lib/python3.10/site-packages/urllib3/connectionpool.py", line 464, in _make_request\n    self._validate_conn(conn)\n  File "/home/lijiaxing/.conda/envs/api/lib/python3.10/site-packages/urllib3/connectionpool.py", line 1093, in _validate_conn\n    conn.connect()\n  File "/home/lijiaxing/.conda/envs/api/lib/python3.10/site-packages/urllib3/connection.py", line 753, in connect\n    self.sock = sock = self._new_conn()\n  File "/home/lijiaxing/.conda/envs/api/lib/python3.10/site-packages/urllib3/connection.py", line 213, in _new_conn\n    raise NewConnectionError(\nurllib3.exceptions.NewConnectionError: <urllib3.connection.HTTPSConnection object at 0x7f223ebc54b0>: Failed to establish a new connection: [Errno 101] Network is unreachable\n\nThe above exception was the direct cause of the following exception:\n\nTraceback (most recent call last):\n  File "/home/lijiaxing/.conda/envs/api/lib/python3.10/site-packages/requests/adapters.py", line 667, in send\n    resp = conn.urlopen(\n  File "/home/lijiaxing/.conda/envs/api/lib/python3.10/site-packages/urllib3/connectionpool.py", line 841, in urlopen\n    retries = retries.increment(\n  File "/home/lijiaxing/.conda/envs/api/lib/python3.10/site-packages/urllib3/util/retry.py", line 519, in increment\n    raise MaxRetryError(_pool, url, reason) from reason  # type: ignore[arg-type]\nurllib3.exceptions.MaxRetryError: HTTPSConnectionPool(host=\'huggingface.co\', port=443): Max retries exceeded with url: /EleutherAI/gpt-neo-2.7B/resolve/main/config.json (Caused by NewConnectionError(\'<urllib3.connection.HTTPSConnection object at 0x7f223ebc54b0>: Failed to establish a new connection: [Errno 101] Network is unreachable\'))\n\nDuring handling of the above exception, another exception occurred:\n\nTraceback (most recent call last):\n  File "/home/lijiaxing/.conda/envs/api/lib/python3.10/site-packages/huggingface_hub/file_download.py", line 1546, in _get_metadata_or_catch_error\n    metadata = get_hf_file_metadata(\n  File "/home/lijiaxing/.conda/envs/api/lib/python3.10/site-packages/huggingface_hub/utils/_validators.py", line 114, in _inner_fn\n    return fn(*args, **kwargs)\n  File "/home/lijiaxing/.conda/envs/api/lib/python3.10/site-packages/huggingface_hub/file_download.py", line 1463, in get_hf_file_metadata\n    r = _request_wrapper(\n  File "/home/lijiaxing/.conda/envs/api/lib/python3.10/site-packages/huggingface_hub/file_download.py", line 286, in _request_wrapper\n    response = _request_wrapper(\n  File "/home/lijiaxing/.conda/envs/api/lib/python3.10/site-packages/huggingface_hub/file_download.py", line 309, in _request_wrapper\n    response = http_backoff(method=method, url=url, **params, retry_on_exceptions=(), retry_on_status_codes=(429,))\n  File "/home/lijiaxing/.conda/envs/api/lib/python3.10/site-packages/huggingface_hub/utils/_http.py", line 310, in http_backoff\n    response = session.request(method=method, url=url, **kwargs)\n  File "/home/lijiaxing/.conda/envs/api/lib/python3.10/site-packages/requests/sessions.py", line 589, in request\n    resp = self.send(prep, **send_kwargs)\n  File "/home/lijiaxing/.conda/envs/api/lib/python3.10/site-packages/requests/sessions.py", line 703, in send\n    r = adapter.send(request, **kwargs)\n  File "/home/lijiaxing/.conda/envs/api/lib/python3.10/site-packages/huggingface_hub/utils/_http.py", line 96, in send\n    return super().send(request, *args, **kwargs)\n  File "/home/lijiaxing/.conda/envs/api/lib/python3.10/site-packages/requests/adapters.py", line 700, in send\n    raise ConnectionError(e, request=request)\nrequests.exceptions.ConnectionError: (MaxRetryError("HTTPSConnectionPool(host=\'huggingface.co\', port=443): Max retries exceeded with url: /EleutherAI/gpt-neo-2.7B/resolve/main/config.json (Caused by NewConnectionError(\'<urllib3.connection.HTTPSConnection object at 0x7f223ebc54b0>: Failed to establish a new connection: [Errno 101] Network is unreachable\'))"), \'(Request ID: 87dadf51-e8da-458f-ae73-c3d046381af4)\')\n\nThe above exception was the direct cause of the following exception:\n\nTraceback (most recent call last):\n  File "/home/lijiaxing/.conda/envs/api/lib/python3.10/site-packages/transformers/utils/hub.py", line 479, in cached_files\n    hf_hub_download(\n  File "/home/lijiaxing/.conda/envs/api/lib/python3.10/site-packages/huggingface_hub/utils/_validators.py", line 114, in _inner_fn\n    return fn(*args, **kwargs)\n  File "/home/lijiaxing/.conda/envs/api/lib/python3.10/site-packages/huggingface_hub/file_download.py", line 1010, in hf_hub_download\n    return _hf_hub_download_to_cache_dir(\n  File "/home/lijiaxing/.conda/envs/api/lib/python3.10/site-packages/huggingface_hub/file_download.py", line 1117, in _hf_hub_download_to_cache_dir\n    _raise_on_head_call_error(head_call_error, force_download, local_files_only)\n  File "/home/lijiaxing/.conda/envs/api/lib/python3.10/site-packages/huggingface_hub/file_download.py", line 1661, in _raise_on_head_call_error\n    raise LocalEntryNotFoundError(\nhuggingface_hub.errors.LocalEntryNotFoundError: An error happened while trying to locate the file on the Hub and we cannot find the requested files in the local cache. Please check your connection and try again or make sure your Internet connection is on.\n\nThe above exception was the direct cause of the following exception:\n\nTraceback (most recent call last):\n  File "/cpfs01/shared/llm_kernel/hujiakai/KernelLLM/validation_api_server/evaluator.py", line 92, in _measure_perf_worker\n    exec(textwrap.dedent(code_src), temp_module.__dict__)\n  File "<string>", line 16, in <module>\n  File "/home/lijiaxing/.conda/envs/api/lib/python3.10/site-packages/transformers/models/auto/configuration_auto.py", line 1250, in from_pretrained\n    config_dict, unused_kwargs = PretrainedConfig.get_config_dict(pretrained_model_name_or_path, **kwargs)\n  File "/home/lijiaxing/.conda/envs/api/lib/python3.10/site-packages/transformers/configuration_utils.py", line 649, in get_config_dict\n    config_dict, kwargs = cls._get_config_dict(pretrained_model_name_or_path, **kwargs)\n  File "/home/lijiaxing/.conda/envs/api/lib/python3.10/site-packages/transformers/configuration_utils.py", line 708, in _get_config_dict\n    resolved_config_file = cached_file(\n  File "/home/lijiaxing/.conda/envs/api/lib/python3.10/site-packages/transformers/utils/hub.py", line 321, in cached_file\n    file = cached_files(path_or_repo_id=path_or_repo_id, filenames=[filename], **kwargs)\n  File "/home/lijiaxing/.conda/envs/api/lib/python3.10/site-packages/transformers/utils/hub.py", line 553, in cached_files\n    raise OSError(\nOSError: We couldn\'t connect to \'https://huggingface.co\' to load the files, and couldn\'t find them in the cached files.\nCheck your internet connection or see how to run the library in offline mode at \'https://huggingface.co/docs/transformers/installation#offline-mode\'.\n'}
2025-08-08 19:00:01,422 - openevolve.RemoteSpeedupEvaluator - INFO - [level4_3_EleutherAI-gpt-neo-2p7B_bs1_seq2047] verify_plus payload: reference_code(722 chars) + custom_code(843 chars)
2025-08-08 19:00:15,348 - openevolve.RemoteSpeedupEvaluator - INFO - [level4_3_EleutherAI-gpt-neo-2p7B_bs1_seq2047] verify_plus request success
2025-08-08 19:00:15,348 - openevolve.RemoteSpeedupEvaluator - INFO - [level4_3_EleutherAI-gpt-neo-2p7B_bs1_seq2047] verify_plus response: {"id":"level4_3_EleutherAI-gpt-neo-2p7B_bs1_seq2047","result":{"error":"We couldn't connect to 'https://huggingface.co' to load the files, and couldn't find them in the cached files.\nCheck your internet connection or see how to run the library in offline mode at 'https://huggingface.co/docs/transformers/installation#offline-mode'.\nTraceback (most recent call last):\n  File \"/home/lijiaxing/.conda/envs/api/lib/python3.10/site-packages/urllib3/connection.py\", line 198, in _new_conn\n    sock = connection.create_connection(\n  File \"/home/lijiaxing/.conda/envs/api/lib/python3.10/site-packages/urllib3/util/connection.py\", line 85, in create_connection\n    raise err\n  File \"/home/lijiaxing/.conda/envs/api/lib/python3.10/site-packages/urllib3/util/connection.py\", line 73, in create_con
2025-08-08 19:00:15,349 - openevolve.evaluator - WARNING - Evaluation attempt 3/4 failed for program f285b3db-d937-49e7-92c5-ef134572260d: Error: The reference code is not valid or correct. The verify result is: {'error': 'We couldn\'t connect to \'https://huggingface.co\' to load the files, and couldn\'t find them in the cached files.\nCheck your internet connection or see how to run the library in offline mode at \'https://huggingface.co/docs/transformers/installation#offline-mode\'.\nTraceback (most recent call last):\n  File "/home/lijiaxing/.conda/envs/api/lib/python3.10/site-packages/urllib3/connection.py", line 198, in _new_conn\n    sock = connection.create_connection(\n  File "/home/lijiaxing/.conda/envs/api/lib/python3.10/site-packages/urllib3/util/connection.py", line 85, in create_connection\n    raise err\n  File "/home/lijiaxing/.conda/envs/api/lib/python3.10/site-packages/urllib3/util/connection.py", line 73, in create_connection\n    sock.connect(sa)\nOSError: [Errno 101] Network is unreachable\n\nThe above exception was the direct cause of the following exception:\n\nTraceback (most recent call last):\n  File "/home/lijiaxing/.conda/envs/api/lib/python3.10/site-packages/urllib3/connectionpool.py", line 787, in urlopen\n    response = self._make_request(\n  File "/home/lijiaxing/.conda/envs/api/lib/python3.10/site-packages/urllib3/connectionpool.py", line 488, in _make_request\n    raise new_e\n  File "/home/lijiaxing/.conda/envs/api/lib/python3.10/site-packages/urllib3/connectionpool.py", line 464, in _make_request\n    self._validate_conn(conn)\n  File "/home/lijiaxing/.conda/envs/api/lib/python3.10/site-packages/urllib3/connectionpool.py", line 1093, in _validate_conn\n    conn.connect()\n  File "/home/lijiaxing/.conda/envs/api/lib/python3.10/site-packages/urllib3/connection.py", line 753, in connect\n    self.sock = sock = self._new_conn()\n  File "/home/lijiaxing/.conda/envs/api/lib/python3.10/site-packages/urllib3/connection.py", line 213, in _new_conn\n    raise NewConnectionError(\nurllib3.exceptions.NewConnectionError: <urllib3.connection.HTTPSConnection object at 0x7fe1d83ad480>: Failed to establish a new connection: [Errno 101] Network is unreachable\n\nThe above exception was the direct cause of the following exception:\n\nTraceback (most recent call last):\n  File "/home/lijiaxing/.conda/envs/api/lib/python3.10/site-packages/requests/adapters.py", line 667, in send\n    resp = conn.urlopen(\n  File "/home/lijiaxing/.conda/envs/api/lib/python3.10/site-packages/urllib3/connectionpool.py", line 841, in urlopen\n    retries = retries.increment(\n  File "/home/lijiaxing/.conda/envs/api/lib/python3.10/site-packages/urllib3/util/retry.py", line 519, in increment\n    raise MaxRetryError(_pool, url, reason) from reason  # type: ignore[arg-type]\nurllib3.exceptions.MaxRetryError: HTTPSConnectionPool(host=\'huggingface.co\', port=443): Max retries exceeded with url: /EleutherAI/gpt-neo-2.7B/resolve/main/config.json (Caused by NewConnectionError(\'<urllib3.connection.HTTPSConnection object at 0x7fe1d83ad480>: Failed to establish a new connection: [Errno 101] Network is unreachable\'))\n\nDuring handling of the above exception, another exception occurred:\n\nTraceback (most recent call last):\n  File "/home/lijiaxing/.conda/envs/api/lib/python3.10/site-packages/huggingface_hub/file_download.py", line 1546, in _get_metadata_or_catch_error\n    metadata = get_hf_file_metadata(\n  File "/home/lijiaxing/.conda/envs/api/lib/python3.10/site-packages/huggingface_hub/utils/_validators.py", line 114, in _inner_fn\n    return fn(*args, **kwargs)\n  File "/home/lijiaxing/.conda/envs/api/lib/python3.10/site-packages/huggingface_hub/file_download.py", line 1463, in get_hf_file_metadata\n    r = _request_wrapper(\n  File "/home/lijiaxing/.conda/envs/api/lib/python3.10/site-packages/huggingface_hub/file_download.py", line 286, in _request_wrapper\n    response = _request_wrapper(\n  File "/home/lijiaxing/.conda/envs/api/lib/python3.10/site-packages/huggingface_hub/file_download.py", line 309, in _request_wrapper\n    response = http_backoff(method=method, url=url, **params, retry_on_exceptions=(), retry_on_status_codes=(429,))\n  File "/home/lijiaxing/.conda/envs/api/lib/python3.10/site-packages/huggingface_hub/utils/_http.py", line 310, in http_backoff\n    response = session.request(method=method, url=url, **kwargs)\n  File "/home/lijiaxing/.conda/envs/api/lib/python3.10/site-packages/requests/sessions.py", line 589, in request\n    resp = self.send(prep, **send_kwargs)\n  File "/home/lijiaxing/.conda/envs/api/lib/python3.10/site-packages/requests/sessions.py", line 703, in send\n    r = adapter.send(request, **kwargs)\n  File "/home/lijiaxing/.conda/envs/api/lib/python3.10/site-packages/huggingface_hub/utils/_http.py", line 96, in send\n    return super().send(request, *args, **kwargs)\n  File "/home/lijiaxing/.conda/envs/api/lib/python3.10/site-packages/requests/adapters.py", line 700, in send\n    raise ConnectionError(e, request=request)\nrequests.exceptions.ConnectionError: (MaxRetryError("HTTPSConnectionPool(host=\'huggingface.co\', port=443): Max retries exceeded with url: /EleutherAI/gpt-neo-2.7B/resolve/main/config.json (Caused by NewConnectionError(\'<urllib3.connection.HTTPSConnection object at 0x7fe1d83ad480>: Failed to establish a new connection: [Errno 101] Network is unreachable\'))"), \'(Request ID: 7abcefdc-b56b-4c0f-98bd-82ae462c20c9)\')\n\nThe above exception was the direct cause of the following exception:\n\nTraceback (most recent call last):\n  File "/home/lijiaxing/.conda/envs/api/lib/python3.10/site-packages/transformers/utils/hub.py", line 479, in cached_files\n    hf_hub_download(\n  File "/home/lijiaxing/.conda/envs/api/lib/python3.10/site-packages/huggingface_hub/utils/_validators.py", line 114, in _inner_fn\n    return fn(*args, **kwargs)\n  File "/home/lijiaxing/.conda/envs/api/lib/python3.10/site-packages/huggingface_hub/file_download.py", line 1010, in hf_hub_download\n    return _hf_hub_download_to_cache_dir(\n  File "/home/lijiaxing/.conda/envs/api/lib/python3.10/site-packages/huggingface_hub/file_download.py", line 1117, in _hf_hub_download_to_cache_dir\n    _raise_on_head_call_error(head_call_error, force_download, local_files_only)\n  File "/home/lijiaxing/.conda/envs/api/lib/python3.10/site-packages/huggingface_hub/file_download.py", line 1661, in _raise_on_head_call_error\n    raise LocalEntryNotFoundError(\nhuggingface_hub.errors.LocalEntryNotFoundError: An error happened while trying to locate the file on the Hub and we cannot find the requested files in the local cache. Please check your connection and try again or make sure your Internet connection is on.\n\nThe above exception was the direct cause of the following exception:\n\nTraceback (most recent call last):\n  File "/cpfs01/shared/llm_kernel/hujiakai/KernelLLM/validation_api_server/evaluator.py", line 92, in _measure_perf_worker\n    exec(textwrap.dedent(code_src), temp_module.__dict__)\n  File "<string>", line 16, in <module>\n  File "/home/lijiaxing/.conda/envs/api/lib/python3.10/site-packages/transformers/models/auto/configuration_auto.py", line 1250, in from_pretrained\n    config_dict, unused_kwargs = PretrainedConfig.get_config_dict(pretrained_model_name_or_path, **kwargs)\n  File "/home/lijiaxing/.conda/envs/api/lib/python3.10/site-packages/transformers/configuration_utils.py", line 649, in get_config_dict\n    config_dict, kwargs = cls._get_config_dict(pretrained_model_name_or_path, **kwargs)\n  File "/home/lijiaxing/.conda/envs/api/lib/python3.10/site-packages/transformers/configuration_utils.py", line 708, in _get_config_dict\n    resolved_config_file = cached_file(\n  File "/home/lijiaxing/.conda/envs/api/lib/python3.10/site-packages/transformers/utils/hub.py", line 321, in cached_file\n    file = cached_files(path_or_repo_id=path_or_repo_id, filenames=[filename], **kwargs)\n  File "/home/lijiaxing/.conda/envs/api/lib/python3.10/site-packages/transformers/utils/hub.py", line 553, in cached_files\n    raise OSError(\nOSError: We couldn\'t connect to \'https://huggingface.co\' to load the files, and couldn\'t find them in the cached files.\nCheck your internet connection or see how to run the library in offline mode at \'https://huggingface.co/docs/transformers/installation#offline-mode\'.\n'}
2025-08-08 19:00:16,352 - openevolve.RemoteSpeedupEvaluator - INFO - [level4_3_EleutherAI-gpt-neo-2p7B_bs1_seq2047] verify_plus payload: reference_code(722 chars) + custom_code(843 chars)
2025-08-08 19:00:30,291 - openevolve.RemoteSpeedupEvaluator - INFO - [level4_3_EleutherAI-gpt-neo-2p7B_bs1_seq2047] verify_plus request success
2025-08-08 19:00:30,291 - openevolve.RemoteSpeedupEvaluator - INFO - [level4_3_EleutherAI-gpt-neo-2p7B_bs1_seq2047] verify_plus response: {"id":"level4_3_EleutherAI-gpt-neo-2p7B_bs1_seq2047","result":{"error":"We couldn't connect to 'https://huggingface.co' to load the files, and couldn't find them in the cached files.\nCheck your internet connection or see how to run the library in offline mode at 'https://huggingface.co/docs/transformers/installation#offline-mode'.\nTraceback (most recent call last):\n  File \"/home/lijiaxing/.conda/envs/api/lib/python3.10/site-packages/urllib3/connection.py\", line 198, in _new_conn\n    sock = connection.create_connection(\n  File \"/home/lijiaxing/.conda/envs/api/lib/python3.10/site-packages/urllib3/util/connection.py\", line 85, in create_connection\n    raise err\n  File \"/home/lijiaxing/.conda/envs/api/lib/python3.10/site-packages/urllib3/util/connection.py\", line 73, in create_con
2025-08-08 19:00:30,292 - openevolve.evaluator - WARNING - Evaluation attempt 4/4 failed for program f285b3db-d937-49e7-92c5-ef134572260d: Error: The reference code is not valid or correct. The verify result is: {'error': 'We couldn\'t connect to \'https://huggingface.co\' to load the files, and couldn\'t find them in the cached files.\nCheck your internet connection or see how to run the library in offline mode at \'https://huggingface.co/docs/transformers/installation#offline-mode\'.\nTraceback (most recent call last):\n  File "/home/lijiaxing/.conda/envs/api/lib/python3.10/site-packages/urllib3/connection.py", line 198, in _new_conn\n    sock = connection.create_connection(\n  File "/home/lijiaxing/.conda/envs/api/lib/python3.10/site-packages/urllib3/util/connection.py", line 85, in create_connection\n    raise err\n  File "/home/lijiaxing/.conda/envs/api/lib/python3.10/site-packages/urllib3/util/connection.py", line 73, in create_connection\n    sock.connect(sa)\nOSError: [Errno 101] Network is unreachable\n\nThe above exception was the direct cause of the following exception:\n\nTraceback (most recent call last):\n  File "/home/lijiaxing/.conda/envs/api/lib/python3.10/site-packages/urllib3/connectionpool.py", line 787, in urlopen\n    response = self._make_request(\n  File "/home/lijiaxing/.conda/envs/api/lib/python3.10/site-packages/urllib3/connectionpool.py", line 488, in _make_request\n    raise new_e\n  File "/home/lijiaxing/.conda/envs/api/lib/python3.10/site-packages/urllib3/connectionpool.py", line 464, in _make_request\n    self._validate_conn(conn)\n  File "/home/lijiaxing/.conda/envs/api/lib/python3.10/site-packages/urllib3/connectionpool.py", line 1093, in _validate_conn\n    conn.connect()\n  File "/home/lijiaxing/.conda/envs/api/lib/python3.10/site-packages/urllib3/connection.py", line 753, in connect\n    self.sock = sock = self._new_conn()\n  File "/home/lijiaxing/.conda/envs/api/lib/python3.10/site-packages/urllib3/connection.py", line 213, in _new_conn\n    raise NewConnectionError(\nurllib3.exceptions.NewConnectionError: <urllib3.connection.HTTPSConnection object at 0x7fb69b7ad480>: Failed to establish a new connection: [Errno 101] Network is unreachable\n\nThe above exception was the direct cause of the following exception:\n\nTraceback (most recent call last):\n  File "/home/lijiaxing/.conda/envs/api/lib/python3.10/site-packages/requests/adapters.py", line 667, in send\n    resp = conn.urlopen(\n  File "/home/lijiaxing/.conda/envs/api/lib/python3.10/site-packages/urllib3/connectionpool.py", line 841, in urlopen\n    retries = retries.increment(\n  File "/home/lijiaxing/.conda/envs/api/lib/python3.10/site-packages/urllib3/util/retry.py", line 519, in increment\n    raise MaxRetryError(_pool, url, reason) from reason  # type: ignore[arg-type]\nurllib3.exceptions.MaxRetryError: HTTPSConnectionPool(host=\'huggingface.co\', port=443): Max retries exceeded with url: /EleutherAI/gpt-neo-2.7B/resolve/main/config.json (Caused by NewConnectionError(\'<urllib3.connection.HTTPSConnection object at 0x7fb69b7ad480>: Failed to establish a new connection: [Errno 101] Network is unreachable\'))\n\nDuring handling of the above exception, another exception occurred:\n\nTraceback (most recent call last):\n  File "/home/lijiaxing/.conda/envs/api/lib/python3.10/site-packages/huggingface_hub/file_download.py", line 1546, in _get_metadata_or_catch_error\n    metadata = get_hf_file_metadata(\n  File "/home/lijiaxing/.conda/envs/api/lib/python3.10/site-packages/huggingface_hub/utils/_validators.py", line 114, in _inner_fn\n    return fn(*args, **kwargs)\n  File "/home/lijiaxing/.conda/envs/api/lib/python3.10/site-packages/huggingface_hub/file_download.py", line 1463, in get_hf_file_metadata\n    r = _request_wrapper(\n  File "/home/lijiaxing/.conda/envs/api/lib/python3.10/site-packages/huggingface_hub/file_download.py", line 286, in _request_wrapper\n    response = _request_wrapper(\n  File "/home/lijiaxing/.conda/envs/api/lib/python3.10/site-packages/huggingface_hub/file_download.py", line 309, in _request_wrapper\n    response = http_backoff(method=method, url=url, **params, retry_on_exceptions=(), retry_on_status_codes=(429,))\n  File "/home/lijiaxing/.conda/envs/api/lib/python3.10/site-packages/huggingface_hub/utils/_http.py", line 310, in http_backoff\n    response = session.request(method=method, url=url, **kwargs)\n  File "/home/lijiaxing/.conda/envs/api/lib/python3.10/site-packages/requests/sessions.py", line 589, in request\n    resp = self.send(prep, **send_kwargs)\n  File "/home/lijiaxing/.conda/envs/api/lib/python3.10/site-packages/requests/sessions.py", line 703, in send\n    r = adapter.send(request, **kwargs)\n  File "/home/lijiaxing/.conda/envs/api/lib/python3.10/site-packages/huggingface_hub/utils/_http.py", line 96, in send\n    return super().send(request, *args, **kwargs)\n  File "/home/lijiaxing/.conda/envs/api/lib/python3.10/site-packages/requests/adapters.py", line 700, in send\n    raise ConnectionError(e, request=request)\nrequests.exceptions.ConnectionError: (MaxRetryError("HTTPSConnectionPool(host=\'huggingface.co\', port=443): Max retries exceeded with url: /EleutherAI/gpt-neo-2.7B/resolve/main/config.json (Caused by NewConnectionError(\'<urllib3.connection.HTTPSConnection object at 0x7fb69b7ad480>: Failed to establish a new connection: [Errno 101] Network is unreachable\'))"), \'(Request ID: 4a13e84c-83c3-45e6-9521-08e30bb081f6)\')\n\nThe above exception was the direct cause of the following exception:\n\nTraceback (most recent call last):\n  File "/home/lijiaxing/.conda/envs/api/lib/python3.10/site-packages/transformers/utils/hub.py", line 479, in cached_files\n    hf_hub_download(\n  File "/home/lijiaxing/.conda/envs/api/lib/python3.10/site-packages/huggingface_hub/utils/_validators.py", line 114, in _inner_fn\n    return fn(*args, **kwargs)\n  File "/home/lijiaxing/.conda/envs/api/lib/python3.10/site-packages/huggingface_hub/file_download.py", line 1010, in hf_hub_download\n    return _hf_hub_download_to_cache_dir(\n  File "/home/lijiaxing/.conda/envs/api/lib/python3.10/site-packages/huggingface_hub/file_download.py", line 1117, in _hf_hub_download_to_cache_dir\n    _raise_on_head_call_error(head_call_error, force_download, local_files_only)\n  File "/home/lijiaxing/.conda/envs/api/lib/python3.10/site-packages/huggingface_hub/file_download.py", line 1661, in _raise_on_head_call_error\n    raise LocalEntryNotFoundError(\nhuggingface_hub.errors.LocalEntryNotFoundError: An error happened while trying to locate the file on the Hub and we cannot find the requested files in the local cache. Please check your connection and try again or make sure your Internet connection is on.\n\nThe above exception was the direct cause of the following exception:\n\nTraceback (most recent call last):\n  File "/cpfs01/shared/llm_kernel/hujiakai/KernelLLM/validation_api_server/evaluator.py", line 92, in _measure_perf_worker\n    exec(textwrap.dedent(code_src), temp_module.__dict__)\n  File "<string>", line 16, in <module>\n  File "/home/lijiaxing/.conda/envs/api/lib/python3.10/site-packages/transformers/models/auto/configuration_auto.py", line 1250, in from_pretrained\n    config_dict, unused_kwargs = PretrainedConfig.get_config_dict(pretrained_model_name_or_path, **kwargs)\n  File "/home/lijiaxing/.conda/envs/api/lib/python3.10/site-packages/transformers/configuration_utils.py", line 649, in get_config_dict\n    config_dict, kwargs = cls._get_config_dict(pretrained_model_name_or_path, **kwargs)\n  File "/home/lijiaxing/.conda/envs/api/lib/python3.10/site-packages/transformers/configuration_utils.py", line 708, in _get_config_dict\n    resolved_config_file = cached_file(\n  File "/home/lijiaxing/.conda/envs/api/lib/python3.10/site-packages/transformers/utils/hub.py", line 321, in cached_file\n    file = cached_files(path_or_repo_id=path_or_repo_id, filenames=[filename], **kwargs)\n  File "/home/lijiaxing/.conda/envs/api/lib/python3.10/site-packages/transformers/utils/hub.py", line 553, in cached_files\n    raise OSError(\nOSError: We couldn\'t connect to \'https://huggingface.co\' to load the files, and couldn\'t find them in the cached files.\nCheck your internet connection or see how to run the library in offline mode at \'https://huggingface.co/docs/transformers/installation#offline-mode\'.\n'}
2025-08-08 19:00:30,294 - openevolve.evaluator - ERROR - All evaluation attempts failed for program f285b3db-d937-49e7-92c5-ef134572260d. Last error: Error: The reference code is not valid or correct. The verify result is: {'error': 'We couldn\'t connect to \'https://huggingface.co\' to load the files, and couldn\'t find them in the cached files.\nCheck your internet connection or see how to run the library in offline mode at \'https://huggingface.co/docs/transformers/installation#offline-mode\'.\nTraceback (most recent call last):\n  File "/home/lijiaxing/.conda/envs/api/lib/python3.10/site-packages/urllib3/connection.py", line 198, in _new_conn\n    sock = connection.create_connection(\n  File "/home/lijiaxing/.conda/envs/api/lib/python3.10/site-packages/urllib3/util/connection.py", line 85, in create_connection\n    raise err\n  File "/home/lijiaxing/.conda/envs/api/lib/python3.10/site-packages/urllib3/util/connection.py", line 73, in create_connection\n    sock.connect(sa)\nOSError: [Errno 101] Network is unreachable\n\nThe above exception was the direct cause of the following exception:\n\nTraceback (most recent call last):\n  File "/home/lijiaxing/.conda/envs/api/lib/python3.10/site-packages/urllib3/connectionpool.py", line 787, in urlopen\n    response = self._make_request(\n  File "/home/lijiaxing/.conda/envs/api/lib/python3.10/site-packages/urllib3/connectionpool.py", line 488, in _make_request\n    raise new_e\n  File "/home/lijiaxing/.conda/envs/api/lib/python3.10/site-packages/urllib3/connectionpool.py", line 464, in _make_request\n    self._validate_conn(conn)\n  File "/home/lijiaxing/.conda/envs/api/lib/python3.10/site-packages/urllib3/connectionpool.py", line 1093, in _validate_conn\n    conn.connect()\n  File "/home/lijiaxing/.conda/envs/api/lib/python3.10/site-packages/urllib3/connection.py", line 753, in connect\n    self.sock = sock = self._new_conn()\n  File "/home/lijiaxing/.conda/envs/api/lib/python3.10/site-packages/urllib3/connection.py", line 213, in _new_conn\n    raise NewConnectionError(\nurllib3.exceptions.NewConnectionError: <urllib3.connection.HTTPSConnection object at 0x7fb69b7ad480>: Failed to establish a new connection: [Errno 101] Network is unreachable\n\nThe above exception was the direct cause of the following exception:\n\nTraceback (most recent call last):\n  File "/home/lijiaxing/.conda/envs/api/lib/python3.10/site-packages/requests/adapters.py", line 667, in send\n    resp = conn.urlopen(\n  File "/home/lijiaxing/.conda/envs/api/lib/python3.10/site-packages/urllib3/connectionpool.py", line 841, in urlopen\n    retries = retries.increment(\n  File "/home/lijiaxing/.conda/envs/api/lib/python3.10/site-packages/urllib3/util/retry.py", line 519, in increment\n    raise MaxRetryError(_pool, url, reason) from reason  # type: ignore[arg-type]\nurllib3.exceptions.MaxRetryError: HTTPSConnectionPool(host=\'huggingface.co\', port=443): Max retries exceeded with url: /EleutherAI/gpt-neo-2.7B/resolve/main/config.json (Caused by NewConnectionError(\'<urllib3.connection.HTTPSConnection object at 0x7fb69b7ad480>: Failed to establish a new connection: [Errno 101] Network is unreachable\'))\n\nDuring handling of the above exception, another exception occurred:\n\nTraceback (most recent call last):\n  File "/home/lijiaxing/.conda/envs/api/lib/python3.10/site-packages/huggingface_hub/file_download.py", line 1546, in _get_metadata_or_catch_error\n    metadata = get_hf_file_metadata(\n  File "/home/lijiaxing/.conda/envs/api/lib/python3.10/site-packages/huggingface_hub/utils/_validators.py", line 114, in _inner_fn\n    return fn(*args, **kwargs)\n  File "/home/lijiaxing/.conda/envs/api/lib/python3.10/site-packages/huggingface_hub/file_download.py", line 1463, in get_hf_file_metadata\n    r = _request_wrapper(\n  File "/home/lijiaxing/.conda/envs/api/lib/python3.10/site-packages/huggingface_hub/file_download.py", line 286, in _request_wrapper\n    response = _request_wrapper(\n  File "/home/lijiaxing/.conda/envs/api/lib/python3.10/site-packages/huggingface_hub/file_download.py", line 309, in _request_wrapper\n    response = http_backoff(method=method, url=url, **params, retry_on_exceptions=(), retry_on_status_codes=(429,))\n  File "/home/lijiaxing/.conda/envs/api/lib/python3.10/site-packages/huggingface_hub/utils/_http.py", line 310, in http_backoff\n    response = session.request(method=method, url=url, **kwargs)\n  File "/home/lijiaxing/.conda/envs/api/lib/python3.10/site-packages/requests/sessions.py", line 589, in request\n    resp = self.send(prep, **send_kwargs)\n  File "/home/lijiaxing/.conda/envs/api/lib/python3.10/site-packages/requests/sessions.py", line 703, in send\n    r = adapter.send(request, **kwargs)\n  File "/home/lijiaxing/.conda/envs/api/lib/python3.10/site-packages/huggingface_hub/utils/_http.py", line 96, in send\n    return super().send(request, *args, **kwargs)\n  File "/home/lijiaxing/.conda/envs/api/lib/python3.10/site-packages/requests/adapters.py", line 700, in send\n    raise ConnectionError(e, request=request)\nrequests.exceptions.ConnectionError: (MaxRetryError("HTTPSConnectionPool(host=\'huggingface.co\', port=443): Max retries exceeded with url: /EleutherAI/gpt-neo-2.7B/resolve/main/config.json (Caused by NewConnectionError(\'<urllib3.connection.HTTPSConnection object at 0x7fb69b7ad480>: Failed to establish a new connection: [Errno 101] Network is unreachable\'))"), \'(Request ID: 4a13e84c-83c3-45e6-9521-08e30bb081f6)\')\n\nThe above exception was the direct cause of the following exception:\n\nTraceback (most recent call last):\n  File "/home/lijiaxing/.conda/envs/api/lib/python3.10/site-packages/transformers/utils/hub.py", line 479, in cached_files\n    hf_hub_download(\n  File "/home/lijiaxing/.conda/envs/api/lib/python3.10/site-packages/huggingface_hub/utils/_validators.py", line 114, in _inner_fn\n    return fn(*args, **kwargs)\n  File "/home/lijiaxing/.conda/envs/api/lib/python3.10/site-packages/huggingface_hub/file_download.py", line 1010, in hf_hub_download\n    return _hf_hub_download_to_cache_dir(\n  File "/home/lijiaxing/.conda/envs/api/lib/python3.10/site-packages/huggingface_hub/file_download.py", line 1117, in _hf_hub_download_to_cache_dir\n    _raise_on_head_call_error(head_call_error, force_download, local_files_only)\n  File "/home/lijiaxing/.conda/envs/api/lib/python3.10/site-packages/huggingface_hub/file_download.py", line 1661, in _raise_on_head_call_error\n    raise LocalEntryNotFoundError(\nhuggingface_hub.errors.LocalEntryNotFoundError: An error happened while trying to locate the file on the Hub and we cannot find the requested files in the local cache. Please check your connection and try again or make sure your Internet connection is on.\n\nThe above exception was the direct cause of the following exception:\n\nTraceback (most recent call last):\n  File "/cpfs01/shared/llm_kernel/hujiakai/KernelLLM/validation_api_server/evaluator.py", line 92, in _measure_perf_worker\n    exec(textwrap.dedent(code_src), temp_module.__dict__)\n  File "<string>", line 16, in <module>\n  File "/home/lijiaxing/.conda/envs/api/lib/python3.10/site-packages/transformers/models/auto/configuration_auto.py", line 1250, in from_pretrained\n    config_dict, unused_kwargs = PretrainedConfig.get_config_dict(pretrained_model_name_or_path, **kwargs)\n  File "/home/lijiaxing/.conda/envs/api/lib/python3.10/site-packages/transformers/configuration_utils.py", line 649, in get_config_dict\n    config_dict, kwargs = cls._get_config_dict(pretrained_model_name_or_path, **kwargs)\n  File "/home/lijiaxing/.conda/envs/api/lib/python3.10/site-packages/transformers/configuration_utils.py", line 708, in _get_config_dict\n    resolved_config_file = cached_file(\n  File "/home/lijiaxing/.conda/envs/api/lib/python3.10/site-packages/transformers/utils/hub.py", line 321, in cached_file\n    file = cached_files(path_or_repo_id=path_or_repo_id, filenames=[filename], **kwargs)\n  File "/home/lijiaxing/.conda/envs/api/lib/python3.10/site-packages/transformers/utils/hub.py", line 553, in cached_files\n    raise OSError(\nOSError: We couldn\'t connect to \'https://huggingface.co\' to load the files, and couldn\'t find them in the cached files.\nCheck your internet connection or see how to run the library in offline mode at \'https://huggingface.co/docs/transformers/installation#offline-mode\'.\n'}
2025-08-08 19:00:30,294 - __main__ - ERROR - ðŸ’¥ å¤±è´¥ level4_3_EleutherAI-gpt-neo-2p7B_bs1_seq2047: 'score'
2025-08-08 19:00:30,294 - __main__ - INFO - ----------------------------------------------------------------------
2025-08-08 19:00:30,294 - __main__ - INFO - ðŸ“Š è¿›ç¨‹ rank=23 ç»“æŸ | æˆåŠŸ 8 | å¤±è´¥ 1
2025-08-08 19:00:30,295 - __main__ - INFO - ----------------------------------------------------------------------
