{
  "id": "506beb5a-5a7c-4e3a-8762-2cc0c7d64fd3",
  "generation": 1,
  "iteration": 0,
  "current_iteration": 0,
  "metrics": {
    "compiled": true,
    "correctness": false,
    "score": 10,
    "stage": "wrong_answer",
    "verify_payload": {
      "id": "level2_76_Gemm_Add_ReLU",
      "result": {
        "compiled": true,
        "correctness": false,
        "metadata": {
          "hardware": "NVIDIA L20Y",
          "device": "cuda:3",
          "runtime_error": "Traceback (most recent call last):\n  File \"/home/lijiaxing/.conda/envs/api/lib/python3.10/site-packages/triton/language/core.py\", line 42, in wrapper\n    return fn(*args, **kwargs)\n  File \"/home/lijiaxing/.conda/envs/api/lib/python3.10/site-packages/triton/language/core.py\", line 2656, in _promote_bfloat16_to_float32\n    scalar_ty = t.type.scalar\nAttributeError: 'constexpr_type' object has no attribute 'scalar'\n\nThe above exception was the direct cause of the following exception:\n\ntriton.compiler.errors.CompilationError: at 2:12:\ndef min(input, axis=None, return_indices=False, return_indices_tie_break_left=True, keep_dims=False):\n    input = core._promote_bfloat16_to_float32(input)\n            ^\n\nThe above exception was the direct cause of the following exception:\n\nTraceback (most recent call last):\n  File \"/cpfs01/shared/llm_kernel/hujiakai/KernelLLM/validation_api_server/helpers/evaluations.py\", line 720, in run_and_check_correctness\n    output_new = model_new(*inputs)\n  File \"/home/lijiaxing/.conda/envs/api/lib/python3.10/site-packages/torch/nn/modules/module.py\", line 1773, in _wrapped_call_impl\n    return self._call_impl(*args, **kwargs)\n  File \"/home/lijiaxing/.conda/envs/api/lib/python3.10/site-packages/torch/nn/modules/module.py\", line 1784, in _call_impl\n    return forward_call(*args, **kwargs)\n  File \"/tmp/tmp0v85ym3c.py\", line 85, in forward\n    _fused_gemm_bias_relu_kernel[grid](\n  File \"/home/lijiaxing/.conda/envs/api/lib/python3.10/site-packages/triton/runtime/jit.py\", line 390, in <lambda>\n    return lambda *args, **kwargs: self.run(grid=grid, warmup=False, *args, **kwargs)\n  File \"/home/lijiaxing/.conda/envs/api/lib/python3.10/site-packages/triton/runtime/jit.py\", line 594, in run\n    kernel = self.compile(src, target=target, options=options.__dict__)\n  File \"/home/lijiaxing/.conda/envs/api/lib/python3.10/site-packages/triton/compiler/compiler.py\", line 339, in compile\n    module = src.make_ir(options, codegen_fns, module_map, context)\n  File \"/home/lijiaxing/.conda/envs/api/lib/python3.10/site-packages/triton/compiler/compiler.py\", line 83, in make_ir\n    return ast_to_ttir(self.fn, self, context=context, options=options, codegen_fns=codegen_fns,\ntriton.compiler.errors.CompilationError: at 33:18:\n    offs_bm = pid_bm * BLOCK_SIZE_M + tl.arange(0, BLOCK_SIZE_M)\n    offs_bn = pid_bn * BLOCK_SIZE_N + tl.arange(0, BLOCK_SIZE_N)\n    offs_k = tl.arange(0, BLOCK_SIZE_K)\n\n    x_ptrs = x_ptr + offs_bm[:, None] * stride_x0 + offs_k[None, :] * stride_x1\n    w_ptrs = w_ptr + offs_k[:, None] * stride_w0 + offs_bn[None, :] * stride_w1\n\n    acc = tl.zeros((BLOCK_SIZE_M, BLOCK_SIZE_N), dtype=tl.float32)\n\n    for k in range(0, tl.cdiv(in_features, BLOCK_SIZE_K)):\n        k_remaining = in_features - k * BLOCK_SIZE_K\n        k_valid = tl.min(BLOCK_SIZE_K, k_remaining)\n                  ^\n\n\nThe above exception was the direct cause of the following exception:\n\nTraceback (most recent call last):\n  File \"/home/lijiaxing/.conda/envs/api/lib/python3.10/site-packages/triton/language/core.py\", line 42, in wrapper\n    return fn(*args, **kwargs)\n  File \"/home/lijiaxing/.conda/envs/api/lib/python3.10/site-packages/triton/language/core.py\", line 2656, in _promote_bfloat16_to_float32\n    scalar_ty = t.type.scalar\nAttributeError: 'constexpr_type' object has no attribute 'scalar'\n\nThe above exception was the direct cause of the following exception:\n\ntriton.compiler.errors.CompilationError: at 2:12:\ndef min(input, axis=None, return_indices=False, return_indices_tie_break_left=True, keep_dims=False):\n    input = core._promote_bfloat16_to_float32(input)\n            ^\n\n\nThe above exception was the direct cause of the following exception:\n\nTraceback (most recent call last):\n  File \"/home/lijiaxing/.conda/envs/api/lib/python3.10/site-packages/triton/language/core.py\", line 42, in wrapper\n    return fn(*args, **kwargs)\n  File \"/home/lijiaxing/.conda/envs/api/lib/python3.10/site-packages/triton/language/core.py\", line 2656, in _promote_bfloat16_to_float32\n    scalar_ty = t.type.scalar\nAttributeError: 'constexpr_type' object has no attribute 'scalar'\n",
          "runtime_error_name": "triton.compiler.errors.CompilationError",
          "reference_timing_ms": 0.0549,
          "speed_up": -1.0,
          "custom_timing": -1.0
        },
        "runtime": -1.0,
        "runtime_stats": {}
      }
    }
  },
  "language": "python",
  "timestamp": 1754579369.4756467,
  "saved_at": 1754579369.5344055
}