2025-08-08 17:30:01,904 - openevolve.controller - INFO - Logging to openevolve_output/level1_68_conv_transposed_3D__square_input__asymmetric_kernel/logs/openevolve_20250808_173001.log
2025-08-08 17:30:01,904 - openevolve.controller - INFO - Set random seed to 42 for reproducibility
2025-08-08 17:30:01,944 - openevolve.llm.ensemble - INFO - Initialized LLM ensemble with models: deepseek (weight: 0.80), deepseek (weight: 0.20)
2025-08-08 17:30:01,983 - openevolve.llm.ensemble - INFO - Initialized LLM ensemble with models: deepseek (weight: 0.80), deepseek (weight: 0.20)
2025-08-08 17:30:01,984 - openevolve.prompt.sampler - INFO - Set custom templates: system=evaluator_system_message, user=None
2025-08-08 17:30:01,984 - openevolve.database - INFO - Initialized program database with 0 programs
2025-08-08 17:30:02,004 - openevolve.evaluator - INFO - Successfully loaded evaluation function from openevolve_output/level1_68_conv_transposed_3D__square_input__asymmetric_kernel/evaluation.py
2025-08-08 17:30:02,005 - openevolve.evaluator - INFO - Initialized evaluator with openevolve_output/level1_68_conv_transposed_3D__square_input__asymmetric_kernel/evaluation.py
2025-08-08 17:30:02,005 - openevolve.controller - INFO - Initialized OpenEvolve with /tmp/6995c86145ae48d597203af2db9724cc.py
2025-08-08 17:30:02,005 - openevolve.controller - INFO - Adding initial program to database
2025-08-08 17:30:02,005 - openevolve.RemoteSpeedupEvaluator - INFO - [level1_68_conv_transposed_3D__square_input__asymmetric_kernel] verify_plus payload: reference_code(2265 chars) + custom_code(2389 chars)
2025-08-08 17:30:12,755 - openevolve.RemoteSpeedupEvaluator - INFO - [level1_68_conv_transposed_3D__square_input__asymmetric_kernel] verify_plus request success
2025-08-08 17:30:12,755 - openevolve.RemoteSpeedupEvaluator - INFO - [level1_68_conv_transposed_3D__square_input__asymmetric_kernel] verify_plus response: {"id":"level1_68_conv_transposed_3D__square_input__asymmetric_kernel","result":{"compiled":true,"correctness":true,"metadata":{"hardware":"NVIDIA L20Y","device":"cuda:4","correctness_trials":"(5 / 5)","reference_timing_ms":0.069,"speed_up":0.002,"custom_timing":36.9},"runtime":36.9,"runtime_stats":{"mean":36.9,"std":0.0375,"min":36.9,"max":37.1,"num_trials":100,"hardware":"NVIDIA L20Y","device":"cuda:4"}}}
2025-08-08 17:30:12,755 - openevolve.evaluator - INFO - Evaluated program a2b83c2e-0a70-4869-8b04-989755dba771 in 10.75s: compiled=1.0000, correctness=1.0000, stage=reference code, passed=0.0000, score=0.0000, speed_up=1.0000, runtime_ms=36.9000, meta={'hardware': 'NVIDIA L20Y', 'device': 'cuda:4', 'correctness_trials': '(5 / 5)', 'reference_timing_ms': 0.069, 'speed_up': 0.002, 'custom_timing': 36.9}
2025-08-08 17:30:12,755 - openevolve.database - INFO - New MAP-Elites cell occupied: {'score': 0, 'complexity': 2}
2025-08-08 17:30:12,767 - openevolve.threaded_parallel - INFO - Initializing threaded evaluation pool with 3 workers
2025-08-08 17:30:12,768 - openevolve.threaded_parallel - INFO - Started thread pool with 3 threads
2025-08-08 17:30:12,768 - openevolve.threaded_parallel - INFO - Started improved parallel controller
2025-08-08 17:30:12,768 - openevolve.controller - INFO - Using island-based evolution with 3 islands
2025-08-08 17:30:12,768 - openevolve.database - INFO - Island Status:
2025-08-08 17:30:12,768 - openevolve.database - INFO -  * Island 0: 1 programs, best=0.0000, avg=0.0000, diversity=0.00, gen=0 (best: a2b83c2e-0a70-4869-8b04-989755dba771)
2025-08-08 17:30:12,768 - openevolve.database - INFO -    Island 1: 0 programs, best=0.0000, avg=0.0000, diversity=0.00, gen=0
2025-08-08 17:30:12,768 - openevolve.database - INFO -    Island 2: 0 programs, best=0.0000, avg=0.0000, diversity=0.00, gen=0
2025-08-08 17:30:12,769 - openevolve.threaded_parallel - INFO - Starting improved parallel evolution from iteration 0 for 30 iterations (total: 30)
2025-08-08 17:30:12,907 - openevolve.llm.ensemble - INFO - Initialized LLM ensemble with models: deepseek (weight: 0.80), deepseek (weight: 0.20)
2025-08-08 17:30:12,907 - openevolve.llm.ensemble - INFO - Initialized LLM ensemble with models: deepseek (weight: 0.80), deepseek (weight: 0.20)
2025-08-08 17:30:12,916 - openevolve.llm.ensemble - INFO - Initialized LLM ensemble with models: deepseek (weight: 0.80), deepseek (weight: 0.20)
2025-08-08 17:30:13,042 - openevolve.llm.ensemble - INFO - Initialized LLM ensemble with models: deepseek (weight: 0.80), deepseek (weight: 0.20)
2025-08-08 17:30:13,042 - openevolve.prompt.sampler - INFO - Set custom templates: system=evaluator_system_message, user=None
2025-08-08 17:30:13,043 - openevolve.llm.ensemble - INFO - Initialized LLM ensemble with models: deepseek (weight: 0.80), deepseek (weight: 0.20)
2025-08-08 17:30:13,043 - openevolve.prompt.sampler - INFO - Set custom templates: system=evaluator_system_message, user=None
2025-08-08 17:30:13,044 - openevolve.evaluator - INFO - Successfully loaded evaluation function from openevolve_output/level1_68_conv_transposed_3D__square_input__asymmetric_kernel/evaluation.py
2025-08-08 17:30:13,044 - openevolve.evaluator - INFO - Initialized evaluator with openevolve_output/level1_68_conv_transposed_3D__square_input__asymmetric_kernel/evaluation.py
2025-08-08 17:30:13,045 - openevolve.evaluator - INFO - Successfully loaded evaluation function from openevolve_output/level1_68_conv_transposed_3D__square_input__asymmetric_kernel/evaluation.py
2025-08-08 17:30:13,045 - openevolve.evaluator - INFO - Initialized evaluator with openevolve_output/level1_68_conv_transposed_3D__square_input__asymmetric_kernel/evaluation.py
2025-08-08 17:30:13,046 - openevolve.llm.ensemble - INFO - Sampled model: deepseek
2025-08-08 17:30:13,047 - openevolve.llm.ensemble - INFO - Sampled model: deepseek
2025-08-08 17:30:13,049 - openevolve.llm.ensemble - INFO - Initialized LLM ensemble with models: deepseek (weight: 0.80), deepseek (weight: 0.20)
2025-08-08 17:30:13,049 - openevolve.prompt.sampler - INFO - Set custom templates: system=evaluator_system_message, user=None
2025-08-08 17:30:13,051 - openevolve.evaluator - INFO - Successfully loaded evaluation function from openevolve_output/level1_68_conv_transposed_3D__square_input__asymmetric_kernel/evaluation.py
2025-08-08 17:30:13,051 - openevolve.evaluator - INFO - Initialized evaluator with openevolve_output/level1_68_conv_transposed_3D__square_input__asymmetric_kernel/evaluation.py
2025-08-08 17:30:13,052 - openevolve.llm.ensemble - INFO - Sampled model: deepseek
2025-08-08 17:41:17,842 - openevolve.RemoteSpeedupEvaluator - INFO - [level1_68_conv_transposed_3D__square_input__asymmetric_kernel] triton key words check pass
2025-08-08 17:41:17,843 - openevolve.RemoteSpeedupEvaluator - INFO - [level1_68_conv_transposed_3D__square_input__asymmetric_kernel] verify_plus payload: reference_code(2265 chars) + custom_code(7315 chars)
2025-08-08 17:41:21,468 - openevolve.RemoteSpeedupEvaluator - INFO - [level1_68_conv_transposed_3D__square_input__asymmetric_kernel] verify_plus request success
2025-08-08 17:41:21,468 - openevolve.RemoteSpeedupEvaluator - INFO - [level1_68_conv_transposed_3D__square_input__asymmetric_kernel] verify_plus response: {"id":"level1_68_conv_transposed_3D__square_input__asymmetric_kernel","result":{"compiled":true,"correctness":false,"metadata":{"hardware":"NVIDIA L20Y","device":"cuda:0","runtime_error":"Traceback (most recent call last):\n  File \"/cpfs01/shared/llm_kernel/hujiakai/KernelLLM/validation_api_server/helpers/evaluations.py\", line 720, in run_and_check_correctness\n    output_new = model_new(*inputs)\n  File \"/home/lijiaxing/.conda/envs/api/lib/python3.10/site-packages/torch/nn/modules/module.py\", line 1773, in _wrapped_call_impl\n    return self._call_impl(*args, **kwargs)\n  File \"/home/lijiaxing/.conda/envs/api/lib/python3.10/site-packages/torch/nn/modules/module.py\", line 1784, in _call_impl\n    return forward_call(*args, **kwargs)\n  File \"/tmp/tmp_awste1k.py\", line 72, in forwar
2025-08-08 17:41:21,468 - openevolve.RemoteSpeedupEvaluator - INFO - [level1_68_conv_transposed_3D__square_input__asymmetric_kernel] âœ˜ wrong_answer
2025-08-08 17:41:21,469 - openevolve.evaluator - INFO - Evaluated program 0bae245c-c044-4855-b883-05855a432827 in 3.63s: compiled=1.0000, correctness=0.0000, score=10.0000, stage=wrong_answer, verify_payload={'id': 'level1_68_conv_transposed_3D__square_input__asymmetric_kernel', 'result': {'compiled': True, 'correctness': False, 'metadata': {'hardware': 'NVIDIA L20Y', 'device': 'cuda:0', 'runtime_error': 'Traceback (most recent call last):\n  File "/cpfs01/shared/llm_kernel/hujiakai/KernelLLM/validation_api_server/helpers/evaluations.py", line 720, in run_and_check_correctness\n    output_new = model_new(*inputs)\n  File "/home/lijiaxing/.conda/envs/api/lib/python3.10/site-packages/torch/nn/modules/module.py", line 1773, in _wrapped_call_impl\n    return self._call_impl(*args, **kwargs)\n  File "/home/lijiaxing/.conda/envs/api/lib/python3.10/site-packages/torch/nn/modules/module.py", line 1784, in _call_impl\n    return forward_call(*args, **kwargs)\n  File "/tmp/tmp_awste1k.py", line 72, in forward\n    self._conv_transpose3d_kernel[grid](\n  File "/home/lijiaxing/.conda/envs/api/lib/python3.10/site-packages/triton/runtime/jit.py", line 390, in <lambda>\n    return lambda *args, **kwargs: self.run(grid=grid, warmup=False, *args, **kwargs)\n  File "/home/lijiaxing/.conda/envs/api/lib/python3.10/site-packages/triton/runtime/jit.py", line 594, in run\n    kernel = self.compile(src, target=target, options=options.__dict__)\n  File "/home/lijiaxing/.conda/envs/api/lib/python3.10/site-packages/triton/compiler/compiler.py", line 281, in compile\n    key = f"{triton_key()}-{src.hash()}-{backend.hash()}-{options.hash()}-{str(sorted(env_vars.items()))}"\n  File "/home/lijiaxing/.conda/envs/api/lib/python3.10/site-packages/triton/compiler/compiler.py", line 78, in hash\n    key = f"{self.fn.cache_key}-{str(self.attrs)}-{sorted_sig}-{constants_key}"\n  File "/home/lijiaxing/.conda/envs/api/lib/python3.10/site-packages/triton/runtime/jit.py", line 696, in cache_key\n    dependencies_finder.visit(self.parse())\n  File "/home/lijiaxing/.conda/envs/api/lib/python3.10/ast.py", line 418, in visit\n    return visitor(node)\n  File "/home/lijiaxing/.conda/envs/api/lib/python3.10/ast.py", line 426, in generic_visit\n    self.visit(item)\n  File "/home/lijiaxing/.conda/envs/api/lib/python3.10/ast.py", line 418, in visit\n    return visitor(node)\n  File "/home/lijiaxing/.conda/envs/api/lib/python3.10/site-packages/triton/runtime/jit.py", line 163, in visit_FunctionDef\n    self.generic_visit(node)\n  File "/home/lijiaxing/.conda/envs/api/lib/python3.10/ast.py", line 426, in generic_visit\n    self.visit(item)\n  File "/home/lijiaxing/.conda/envs/api/lib/python3.10/ast.py", line 418, in visit\n    return visitor(node)\n  File "/home/lijiaxing/.conda/envs/api/lib/python3.10/ast.py", line 428, in generic_visit\n    self.visit(value)\n  File "/home/lijiaxing/.conda/envs/api/lib/python3.10/ast.py", line 418, in visit\n    return visitor(node)\n  File "/home/lijiaxing/.conda/envs/api/lib/python3.10/ast.py", line 428, in generic_visit\n    self.visit(value)\n  File "/home/lijiaxing/.conda/envs/api/lib/python3.10/ast.py", line 418, in visit\n    return visitor(node)\n  File "/home/lijiaxing/.conda/envs/api/lib/python3.10/site-packages/triton/runtime/jit.py", line 156, in visit_Attribute\n    ret = getattr(lhs, node.attr)\nAttributeError: module \'triton.language\' has no attribute \'all\'\n', 'runtime_error_name': 'builtins.AttributeError', 'reference_timing_ms': 0.069, 'speed_up': -1.0, 'custom_timing': -1.0}, 'runtime': -1.0, 'runtime_stats': {}}}
2025-08-08 17:41:21,472 - openevolve.llm.ensemble - INFO - Sampled model: deepseek
2025-08-08 17:41:21,480 - openevolve.database - INFO - New MAP-Elites cell occupied: {'score': 9, 'complexity': 9}
2025-08-08 17:41:21,480 - openevolve.database - INFO - New best program 0bae245c-c044-4855-b883-05855a432827 replaces a2b83c2e-0a70-4869-8b04-989755dba771
2025-08-08 17:41:21,492 - openevolve.threaded_parallel - INFO - Iteration 2: Program 0bae245c-c044-4855-b883-05855a432827 (parent: a2b83c2e-0a70-4869-8b04-989755dba771) completed in 668.42s
2025-08-08 17:41:21,492 - openevolve.threaded_parallel - INFO - Metrics: compiled=1.0000, correctness=0.0000, score=10.0000, stage=wrong_answer, verify_payload={'id': 'level1_68_conv_transposed_3D__square_input__asymmetric_kernel', 'result': {'compiled': True, 'correctness': False, 'metadata': {'hardware': 'NVIDIA L20Y', 'device': 'cuda:0', 'runtime_error': 'Traceback (most recent call last):\n  File "/cpfs01/shared/llm_kernel/hujiakai/KernelLLM/validation_api_server/helpers/evaluations.py", line 720, in run_and_check_correctness\n    output_new = model_new(*inputs)\n  File "/home/lijiaxing/.conda/envs/api/lib/python3.10/site-packages/torch/nn/modules/module.py", line 1773, in _wrapped_call_impl\n    return self._call_impl(*args, **kwargs)\n  File "/home/lijiaxing/.conda/envs/api/lib/python3.10/site-packages/torch/nn/modules/module.py", line 1784, in _call_impl\n    return forward_call(*args, **kwargs)\n  File "/tmp/tmp_awste1k.py", line 72, in forward\n    self._conv_transpose3d_kernel[grid](\n  File "/home/lijiaxing/.conda/envs/api/lib/python3.10/site-packages/triton/runtime/jit.py", line 390, in <lambda>\n    return lambda *args, **kwargs: self.run(grid=grid, warmup=False, *args, **kwargs)\n  File "/home/lijiaxing/.conda/envs/api/lib/python3.10/site-packages/triton/runtime/jit.py", line 594, in run\n    kernel = self.compile(src, target=target, options=options.__dict__)\n  File "/home/lijiaxing/.conda/envs/api/lib/python3.10/site-packages/triton/compiler/compiler.py", line 281, in compile\n    key = f"{triton_key()}-{src.hash()}-{backend.hash()}-{options.hash()}-{str(sorted(env_vars.items()))}"\n  File "/home/lijiaxing/.conda/envs/api/lib/python3.10/site-packages/triton/compiler/compiler.py", line 78, in hash\n    key = f"{self.fn.cache_key}-{str(self.attrs)}-{sorted_sig}-{constants_key}"\n  File "/home/lijiaxing/.conda/envs/api/lib/python3.10/site-packages/triton/runtime/jit.py", line 696, in cache_key\n    dependencies_finder.visit(self.parse())\n  File "/home/lijiaxing/.conda/envs/api/lib/python3.10/ast.py", line 418, in visit\n    return visitor(node)\n  File "/home/lijiaxing/.conda/envs/api/lib/python3.10/ast.py", line 426, in generic_visit\n    self.visit(item)\n  File "/home/lijiaxing/.conda/envs/api/lib/python3.10/ast.py", line 418, in visit\n    return visitor(node)\n  File "/home/lijiaxing/.conda/envs/api/lib/python3.10/site-packages/triton/runtime/jit.py", line 163, in visit_FunctionDef\n    self.generic_visit(node)\n  File "/home/lijiaxing/.conda/envs/api/lib/python3.10/ast.py", line 426, in generic_visit\n    self.visit(item)\n  File "/home/lijiaxing/.conda/envs/api/lib/python3.10/ast.py", line 418, in visit\n    return visitor(node)\n  File "/home/lijiaxing/.conda/envs/api/lib/python3.10/ast.py", line 428, in generic_visit\n    self.visit(value)\n  File "/home/lijiaxing/.conda/envs/api/lib/python3.10/ast.py", line 418, in visit\n    return visitor(node)\n  File "/home/lijiaxing/.conda/envs/api/lib/python3.10/ast.py", line 428, in generic_visit\n    self.visit(value)\n  File "/home/lijiaxing/.conda/envs/api/lib/python3.10/ast.py", line 418, in visit\n    return visitor(node)\n  File "/home/lijiaxing/.conda/envs/api/lib/python3.10/site-packages/triton/runtime/jit.py", line 156, in visit_Attribute\n    ret = getattr(lhs, node.attr)\nAttributeError: module \'triton.language\' has no attribute \'all\'\n', 'runtime_error_name': 'builtins.AttributeError', 'reference_timing_ms': 0.069, 'speed_up': -1.0, 'custom_timing': -1.0}, 'runtime': -1.0, 'runtime_stats': {}}}
2025-08-08 17:41:21,492 - openevolve.threaded_parallel - INFO - ðŸŒŸ New best solution found at iteration 2: 0bae245c-c044-4855-b883-05855a432827
2025-08-08 17:43:46,177 - openevolve.RemoteSpeedupEvaluator - INFO - [level1_68_conv_transposed_3D__square_input__asymmetric_kernel] triton key words check pass
2025-08-08 17:43:46,178 - openevolve.RemoteSpeedupEvaluator - INFO - [level1_68_conv_transposed_3D__square_input__asymmetric_kernel] verify_plus payload: reference_code(2265 chars) + custom_code(7973 chars)
2025-08-08 17:43:48,610 - openevolve.RemoteSpeedupEvaluator - INFO - [level1_68_conv_transposed_3D__square_input__asymmetric_kernel] verify_plus request success
2025-08-08 17:43:48,610 - openevolve.RemoteSpeedupEvaluator - INFO - [level1_68_conv_transposed_3D__square_input__asymmetric_kernel] verify_plus response: {"id":"level1_68_conv_transposed_3D__square_input__asymmetric_kernel","result":{"error":"name 'math' is not defined\nTraceback (most recent call last):\n  File \"/cpfs01/shared/llm_kernel/hujiakai/KernelLLM/validation_api_server/evaluator.py\", line 173, in _verification_worker\n    result: KernelExecResult = eval_kernel_against_ref(\n  File \"/cpfs01/shared/llm_kernel/hujiakai/KernelLLM/validation_api_server/helpers/evaluations.py\", line 484, in eval_kernel_against_ref\n    custom_model = ModelNew(*init_args, **init_kwargs)\n  File \"/tmp/tmpjwyfpk78.py\", line 40, in __init__\n    self.reset_parameters()\n  File \"/tmp/tmpjwyfpk78.py\", line 43, in reset_parameters\n    nn.init.kaiming_uniform_(self.weight, a=math.sqrt(5))\nNameError: name 'math' is not defined\n"}}
2025-08-08 17:43:48,611 - openevolve.RemoteSpeedupEvaluator - INFO - [level1_68_conv_transposed_3D__square_input__asymmetric_kernel] âœ˜ compile_error
2025-08-08 17:43:48,611 - openevolve.RemoteSpeedupEvaluator - INFO - [level1_68_conv_transposed_3D__square_input__asymmetric_kernel_b9613b] execute payload: {id:level1_68_conv_transposed_3D__square_input__asymmetric_kernel_b9613b, device_type:NV_LY_20}
2025-08-08 17:43:50,740 - openevolve.RemoteSpeedupEvaluator - INFO - [level1_68_conv_transposed_3D__square_input__asymmetric_kernel_b9613b] execute request success
2025-08-08 17:43:50,740 - openevolve.RemoteSpeedupEvaluator - INFO - [level1_68_conv_transposed_3D__square_input__asymmetric_kernel_b9613b] execute response: {"id":"level1_68_conv_transposed_3D__square_input__asymmetric_kernel_b9613b","exit_code":"1","content":"[Child] ç»‘å®š GPU 3, torch sees 1 device(s)\n\n[Exception]\nTraceback (most recent call last):\n  File \"/cpfs01/shared/llm_kernel/hujiakai/KernelLLM/validation_api_server/code_executor.py\", line 71, in _exec_worker\n    exec(textwrap.dedent(code_src), mod.__dict__)\n  File \"<string>\", line 7, in <module>\n  File \"<string>\", line 82, in ModelNew\n  File \"/home/lijiaxing/.conda/envs/api/lib/python3.10/site-packages/triton/runtime/jit.py\", line 844, in jit\n    return decorator(fn)\n  File \"/home/lijiaxing/.conda/envs/api/lib/python3.10/site-packages/triton/runtime/jit.py\", line 832, in decorator\n    return JITFunction(\n  File \"/home/lijiaxing/.conda/envs/api/lib/python3.10/site-p
2025-08-08 17:43:50,741 - openevolve.evaluator - INFO - Evaluated program 389bed10-a7d7-4c7a-99cc-d5f76988a9fc in 4.56s: compiled=0.0000, correctness=0.0000, score=1.0000, stage=compile_error, compile_log=name 'math' is not defined
Traceback (most recent call last):
  File "/cpfs01/shared/llm_kernel/hujiakai/KernelLLM/validation_api_server/evaluator.py", line 173, in _verification_worker
    result: KernelExecResult = eval_kernel_against_ref(
  File "/cpfs01/shared/llm_kernel/hujiakai/KernelLLM/validation_api_server/helpers/evaluations.py", line 484, in eval_kernel_against_ref
    custom_model = ModelNew(*init_args, **init_kwargs)
  File "/tmp/tmpjwyfpk78.py", line 40, in __init__
    self.reset_parameters()
  File "/tmp/tmpjwyfpk78.py", line 43, in reset_parameters
    nn.init.kaiming_uniform_(self.weight, a=math.sqrt(5))
NameError: name 'math' is not defined
, exec_log=[Child] ç»‘å®š GPU 3, torch sees 1 device(s)

[Exception]
Traceback (most recent call last):
  File "/cpfs01/shared/llm_kernel/hujiakai/KernelLLM/validation_api_server/code_executor.py", line 71, in _exec_worker
    exec(textwrap.dedent(code_src), mod.__dict__)
  File "<string>", line 7, in <module>
  File "<string>", line 82, in ModelNew
  File "/home/lijiaxing/.conda/envs/api/lib/python3.10/site-packages/triton/runtime/jit.py", line 844, in jit
    return decorator(fn)
  File "/home/lijiaxing/.conda/envs/api/lib/python3.10/site-packages/triton/runtime/jit.py", line 832, in decorator
    return JITFunction(
  File "/home/lijiaxing/.conda/envs/api/lib/python3.10/site-packages/triton/runtime/jit.py", line 635, in __init__
    self.starting_line_number = inspect.getsourcelines(fn)[1]
  File "/home/lijiaxing/.conda/envs/api/lib/python3.10/inspect.py", line 1121, in getsourcelines
    lines, lnum = findsource(object)
  File "/home/lijiaxing/.conda/envs/api/lib/python3.10/inspect.py", line 958, in findsource
    raise OSError('could not get source code')
OSError: could not get source code
, exit_code=1
2025-08-08 17:43:50,745 - openevolve.llm.ensemble - INFO - Sampled model: deepseek
2025-08-08 17:43:50,763 - openevolve.threaded_parallel - INFO - Iteration 0: Program 389bed10-a7d7-4c7a-99cc-d5f76988a9fc (parent: a2b83c2e-0a70-4869-8b04-989755dba771) completed in 817.69s
2025-08-08 17:43:50,763 - openevolve.threaded_parallel - INFO - Metrics: compiled=0.0000, correctness=0.0000, score=1.0000, stage=compile_error, compile_log=name 'math' is not defined
Traceback (most recent call last):
  File "/cpfs01/shared/llm_kernel/hujiakai/KernelLLM/validation_api_server/evaluator.py", line 173, in _verification_worker
    result: KernelExecResult = eval_kernel_against_ref(
  File "/cpfs01/shared/llm_kernel/hujiakai/KernelLLM/validation_api_server/helpers/evaluations.py", line 484, in eval_kernel_against_ref
    custom_model = ModelNew(*init_args, **init_kwargs)
  File "/tmp/tmpjwyfpk78.py", line 40, in __init__
    self.reset_parameters()
  File "/tmp/tmpjwyfpk78.py", line 43, in reset_parameters
    nn.init.kaiming_uniform_(self.weight, a=math.sqrt(5))
NameError: name 'math' is not defined
, exec_log=[Child] ç»‘å®š GPU 3, torch sees 1 device(s)

[Exception]
Traceback (most recent call last):
  File "/cpfs01/shared/llm_kernel/hujiakai/KernelLLM/validation_api_server/code_executor.py", line 71, in _exec_worker
    exec(textwrap.dedent(code_src), mod.__dict__)
  File "<string>", line 7, in <module>
  File "<string>", line 82, in ModelNew
  File "/home/lijiaxing/.conda/envs/api/lib/python3.10/site-packages/triton/runtime/jit.py", line 844, in jit
    return decorator(fn)
  File "/home/lijiaxing/.conda/envs/api/lib/python3.10/site-packages/triton/runtime/jit.py", line 832, in decorator
    return JITFunction(
  File "/home/lijiaxing/.conda/envs/api/lib/python3.10/site-packages/triton/runtime/jit.py", line 635, in __init__
    self.starting_line_number = inspect.getsourcelines(fn)[1]
  File "/home/lijiaxing/.conda/envs/api/lib/python3.10/inspect.py", line 1121, in getsourcelines
    lines, lnum = findsource(object)
  File "/home/lijiaxing/.conda/envs/api/lib/python3.10/inspect.py", line 958, in findsource
    raise OSError('could not get source code')
OSError: could not get source code
, exit_code=1
2025-08-08 17:43:50,763 - openevolve.threaded_parallel - INFO - Checkpoint interval reached at iteration 0
2025-08-08 17:43:50,763 - openevolve.database - INFO - Island Status:
2025-08-08 17:43:50,763 - openevolve.database - INFO -  * Island 0: 3 programs, best=10.0000, avg=3.6667, diversity=1304.13, gen=2 (best: 0bae245c-c044-4855-b883-05855a432827)
2025-08-08 17:43:50,764 - openevolve.database - INFO -    Island 1: 0 programs, best=0.0000, avg=0.0000, diversity=0.00, gen=0
2025-08-08 17:43:50,764 - openevolve.database - INFO -    Island 2: 0 programs, best=0.0000, avg=0.0000, diversity=0.00, gen=0
2025-08-08 17:43:50,804 - openevolve.database - INFO - Saved database with 3 programs to openevolve_output/level1_68_conv_transposed_3D__square_input__asymmetric_kernel/checkpoints/checkpoint_0
2025-08-08 17:43:50,819 - openevolve.controller - INFO - Saved best program at checkpoint 0 with metrics: compiled=1.0000, correctness=0.0000, score=10.0000, stage=wrong_answer, verify_payload={'id': 'level1_68_conv_transposed_3D__square_input__asymmetric_kernel', 'result': {'compiled': True, 'correctness': False, 'metadata': {'hardware': 'NVIDIA L20Y', 'device': 'cuda:0', 'runtime_error': 'Traceback (most recent call last):\n  File "/cpfs01/shared/llm_kernel/hujiakai/KernelLLM/validation_api_server/helpers/evaluations.py", line 720, in run_and_check_correctness\n    output_new = model_new(*inputs)\n  File "/home/lijiaxing/.conda/envs/api/lib/python3.10/site-packages/torch/nn/modules/module.py", line 1773, in _wrapped_call_impl\n    return self._call_impl(*args, **kwargs)\n  File "/home/lijiaxing/.conda/envs/api/lib/python3.10/site-packages/torch/nn/modules/module.py", line 1784, in _call_impl\n    return forward_call(*args, **kwargs)\n  File "/tmp/tmp_awste1k.py", line 72, in forward\n    self._conv_transpose3d_kernel[grid](\n  File "/home/lijiaxing/.conda/envs/api/lib/python3.10/site-packages/triton/runtime/jit.py", line 390, in <lambda>\n    return lambda *args, **kwargs: self.run(grid=grid, warmup=False, *args, **kwargs)\n  File "/home/lijiaxing/.conda/envs/api/lib/python3.10/site-packages/triton/runtime/jit.py", line 594, in run\n    kernel = self.compile(src, target=target, options=options.__dict__)\n  File "/home/lijiaxing/.conda/envs/api/lib/python3.10/site-packages/triton/compiler/compiler.py", line 281, in compile\n    key = f"{triton_key()}-{src.hash()}-{backend.hash()}-{options.hash()}-{str(sorted(env_vars.items()))}"\n  File "/home/lijiaxing/.conda/envs/api/lib/python3.10/site-packages/triton/compiler/compiler.py", line 78, in hash\n    key = f"{self.fn.cache_key}-{str(self.attrs)}-{sorted_sig}-{constants_key}"\n  File "/home/lijiaxing/.conda/envs/api/lib/python3.10/site-packages/triton/runtime/jit.py", line 696, in cache_key\n    dependencies_finder.visit(self.parse())\n  File "/home/lijiaxing/.conda/envs/api/lib/python3.10/ast.py", line 418, in visit\n    return visitor(node)\n  File "/home/lijiaxing/.conda/envs/api/lib/python3.10/ast.py", line 426, in generic_visit\n    self.visit(item)\n  File "/home/lijiaxing/.conda/envs/api/lib/python3.10/ast.py", line 418, in visit\n    return visitor(node)\n  File "/home/lijiaxing/.conda/envs/api/lib/python3.10/site-packages/triton/runtime/jit.py", line 163, in visit_FunctionDef\n    self.generic_visit(node)\n  File "/home/lijiaxing/.conda/envs/api/lib/python3.10/ast.py", line 426, in generic_visit\n    self.visit(item)\n  File "/home/lijiaxing/.conda/envs/api/lib/python3.10/ast.py", line 418, in visit\n    return visitor(node)\n  File "/home/lijiaxing/.conda/envs/api/lib/python3.10/ast.py", line 428, in generic_visit\n    self.visit(value)\n  File "/home/lijiaxing/.conda/envs/api/lib/python3.10/ast.py", line 418, in visit\n    return visitor(node)\n  File "/home/lijiaxing/.conda/envs/api/lib/python3.10/ast.py", line 428, in generic_visit\n    self.visit(value)\n  File "/home/lijiaxing/.conda/envs/api/lib/python3.10/ast.py", line 418, in visit\n    return visitor(node)\n  File "/home/lijiaxing/.conda/envs/api/lib/python3.10/site-packages/triton/runtime/jit.py", line 156, in visit_Attribute\n    ret = getattr(lhs, node.attr)\nAttributeError: module \'triton.language\' has no attribute \'all\'\n', 'runtime_error_name': 'builtins.AttributeError', 'reference_timing_ms': 0.069, 'speed_up': -1.0, 'custom_timing': -1.0}, 'runtime': -1.0, 'runtime_stats': {}}}
2025-08-08 17:43:50,819 - openevolve.controller - INFO - Saved checkpoint at iteration 0 to openevolve_output/level1_68_conv_transposed_3D__square_input__asymmetric_kernel/checkpoints/checkpoint_0
2025-08-08 17:49:58,189 - openevolve.RemoteSpeedupEvaluator - INFO - [level1_68_conv_transposed_3D__square_input__asymmetric_kernel] triton key words check pass
2025-08-08 17:49:58,190 - openevolve.RemoteSpeedupEvaluator - INFO - [level1_68_conv_transposed_3D__square_input__asymmetric_kernel] verify_plus payload: reference_code(2265 chars) + custom_code(7497 chars)
2025-08-08 17:50:02,225 - openevolve.RemoteSpeedupEvaluator - INFO - [level1_68_conv_transposed_3D__square_input__asymmetric_kernel] verify_plus request success
2025-08-08 17:50:02,225 - openevolve.RemoteSpeedupEvaluator - INFO - [level1_68_conv_transposed_3D__square_input__asymmetric_kernel] verify_plus response: {"id":"level1_68_conv_transposed_3D__square_input__asymmetric_kernel","result":{"compiled":true,"correctness":false,"metadata":{"hardware":"NVIDIA L20Y","device":"cuda:3","runtime_error":"Traceback (most recent call last):\n  File \"/cpfs01/shared/llm_kernel/hujiakai/KernelLLM/validation_api_server/helpers/evaluations.py\", line 720, in run_and_check_correctness\n    output_new = model_new(*inputs)\n  File \"/home/lijiaxing/.conda/envs/api/lib/python3.10/site-packages/torch/nn/modules/module.py\", line 1773, in _wrapped_call_impl\n    return self._call_impl(*args, **kwargs)\n  File \"/home/lijiaxing/.conda/envs/api/lib/python3.10/site-packages/torch/nn/modules/module.py\", line 1784, in _call_impl\n    return forward_call(*args, **kwargs)\n  File \"/tmp/tmp2jpb6e6e.py\", line 43, in forwar
2025-08-08 17:50:02,225 - openevolve.RemoteSpeedupEvaluator - INFO - [level1_68_conv_transposed_3D__square_input__asymmetric_kernel] âœ˜ wrong_answer
2025-08-08 17:50:02,226 - openevolve.evaluator - INFO - Evaluated program 6a31898b-d9ac-4c56-b8fa-8694838bb764 in 4.04s: compiled=1.0000, correctness=0.0000, score=10.0000, stage=wrong_answer, verify_payload={'id': 'level1_68_conv_transposed_3D__square_input__asymmetric_kernel', 'result': {'compiled': True, 'correctness': False, 'metadata': {'hardware': 'NVIDIA L20Y', 'device': 'cuda:3', 'runtime_error': 'Traceback (most recent call last):\n  File "/cpfs01/shared/llm_kernel/hujiakai/KernelLLM/validation_api_server/helpers/evaluations.py", line 720, in run_and_check_correctness\n    output_new = model_new(*inputs)\n  File "/home/lijiaxing/.conda/envs/api/lib/python3.10/site-packages/torch/nn/modules/module.py", line 1773, in _wrapped_call_impl\n    return self._call_impl(*args, **kwargs)\n  File "/home/lijiaxing/.conda/envs/api/lib/python3.10/site-packages/torch/nn/modules/module.py", line 1784, in _call_impl\n    return forward_call(*args, **kwargs)\n  File "/tmp/tmp2jpb6e6e.py", line 43, in forward\n    _transposed_conv3d_kernel[grid](\n  File "/home/lijiaxing/.conda/envs/api/lib/python3.10/site-packages/triton/runtime/jit.py", line 390, in <lambda>\n    return lambda *args, **kwargs: self.run(grid=grid, warmup=False, *args, **kwargs)\n  File "/home/lijiaxing/.conda/envs/api/lib/python3.10/site-packages/triton/runtime/jit.py", line 594, in run\n    kernel = self.compile(src, target=target, options=options.__dict__)\n  File "/home/lijiaxing/.conda/envs/api/lib/python3.10/site-packages/triton/compiler/compiler.py", line 339, in compile\n    module = src.make_ir(options, codegen_fns, module_map, context)\n  File "/home/lijiaxing/.conda/envs/api/lib/python3.10/site-packages/triton/compiler/compiler.py", line 83, in make_ir\n    return ast_to_ttir(self.fn, self, context=context, options=options, codegen_fns=codegen_fns,\ntriton.compiler.errors.CompilationError: at 74:87:\n                valid_w = (w_in >= 0) & (w_in < input_width) & ((w_offsets + pad_w - kw) % stride_w == 0)\n                valid_mask = valid_d[:, None, None] & valid_h[None, :, None] & valid_w[None, None, :] & spatial_mask\n\n                # Load input values\n                input_val = tl.load(\n                    x_ptr + \n                    batch_idx * x_batch_stride + \n                    c_offsets[None, :, None, None] * x_channel_stride + \n                    d_in[:, None, None, None] * x_d_stride + \n                    w_in[None, None, :, None] * x_w_stride + \n                    h_in[None, None, None, :] * x_h_stride,\n                    mask=valid_mask[:, None, :, :] & (c_offsets[None, :, None, None] < x_ptr.shape[1]),\n                                                                                       ^\nIndexError(\'list index out of range\')\n\n\nThe above exception was the direct cause of the following exception:\n\nTraceback (most recent call last):\n  File "/home/lijiaxing/.conda/envs/api/lib/python3.10/site-packages/triton/language/core.py", line 1289, in __getitem__\n    return self.values[idx]\nIndexError: list index out of range\n', 'runtime_error_name': 'triton.compiler.errors.CompilationError', 'reference_timing_ms': 0.069, 'speed_up': -1.0, 'custom_timing': -1.0}, 'runtime': -1.0, 'runtime_stats': {}}}
2025-08-08 17:50:02,230 - openevolve.llm.ensemble - INFO - Sampled model: deepseek
2025-08-08 17:50:02,245 - openevolve.threaded_parallel - INFO - Iteration 1: Program 6a31898b-d9ac-4c56-b8fa-8694838bb764 (parent: a2b83c2e-0a70-4869-8b04-989755dba771) completed in 1189.18s
2025-08-08 17:50:02,245 - openevolve.threaded_parallel - INFO - Metrics: compiled=1.0000, correctness=0.0000, score=10.0000, stage=wrong_answer, verify_payload={'id': 'level1_68_conv_transposed_3D__square_input__asymmetric_kernel', 'result': {'compiled': True, 'correctness': False, 'metadata': {'hardware': 'NVIDIA L20Y', 'device': 'cuda:3', 'runtime_error': 'Traceback (most recent call last):\n  File "/cpfs01/shared/llm_kernel/hujiakai/KernelLLM/validation_api_server/helpers/evaluations.py", line 720, in run_and_check_correctness\n    output_new = model_new(*inputs)\n  File "/home/lijiaxing/.conda/envs/api/lib/python3.10/site-packages/torch/nn/modules/module.py", line 1773, in _wrapped_call_impl\n    return self._call_impl(*args, **kwargs)\n  File "/home/lijiaxing/.conda/envs/api/lib/python3.10/site-packages/torch/nn/modules/module.py", line 1784, in _call_impl\n    return forward_call(*args, **kwargs)\n  File "/tmp/tmp2jpb6e6e.py", line 43, in forward\n    _transposed_conv3d_kernel[grid](\n  File "/home/lijiaxing/.conda/envs/api/lib/python3.10/site-packages/triton/runtime/jit.py", line 390, in <lambda>\n    return lambda *args, **kwargs: self.run(grid=grid, warmup=False, *args, **kwargs)\n  File "/home/lijiaxing/.conda/envs/api/lib/python3.10/site-packages/triton/runtime/jit.py", line 594, in run\n    kernel = self.compile(src, target=target, options=options.__dict__)\n  File "/home/lijiaxing/.conda/envs/api/lib/python3.10/site-packages/triton/compiler/compiler.py", line 339, in compile\n    module = src.make_ir(options, codegen_fns, module_map, context)\n  File "/home/lijiaxing/.conda/envs/api/lib/python3.10/site-packages/triton/compiler/compiler.py", line 83, in make_ir\n    return ast_to_ttir(self.fn, self, context=context, options=options, codegen_fns=codegen_fns,\ntriton.compiler.errors.CompilationError: at 74:87:\n                valid_w = (w_in >= 0) & (w_in < input_width) & ((w_offsets + pad_w - kw) % stride_w == 0)\n                valid_mask = valid_d[:, None, None] & valid_h[None, :, None] & valid_w[None, None, :] & spatial_mask\n\n                # Load input values\n                input_val = tl.load(\n                    x_ptr + \n                    batch_idx * x_batch_stride + \n                    c_offsets[None, :, None, None] * x_channel_stride + \n                    d_in[:, None, None, None] * x_d_stride + \n                    w_in[None, None, :, None] * x_w_stride + \n                    h_in[None, None, None, :] * x_h_stride,\n                    mask=valid_mask[:, None, :, :] & (c_offsets[None, :, None, None] < x_ptr.shape[1]),\n                                                                                       ^\nIndexError(\'list index out of range\')\n\n\nThe above exception was the direct cause of the following exception:\n\nTraceback (most recent call last):\n  File "/home/lijiaxing/.conda/envs/api/lib/python3.10/site-packages/triton/language/core.py", line 1289, in __getitem__\n    return self.values[idx]\nIndexError: list index out of range\n', 'runtime_error_name': 'triton.compiler.errors.CompilationError', 'reference_timing_ms': 0.069, 'speed_up': -1.0, 'custom_timing': -1.0}, 'runtime': -1.0, 'runtime_stats': {}}}
2025-08-08 17:55:37,845 - openevolve.RemoteSpeedupEvaluator - INFO - [level1_68_conv_transposed_3D__square_input__asymmetric_kernel] triton key words check pass
2025-08-08 17:55:37,847 - openevolve.RemoteSpeedupEvaluator - INFO - [level1_68_conv_transposed_3D__square_input__asymmetric_kernel] verify_plus payload: reference_code(2265 chars) + custom_code(8009 chars)
2025-08-08 17:55:47,440 - openevolve.RemoteSpeedupEvaluator - ERROR - [level1_68_conv_transposed_3D__square_input__asymmetric_kernel] âœ˜ verify_plus request failed
Traceback (most recent call last):
  File "/cpfs01/shared/llm_kernel/hujiakai/KernelLLM/openevolve/triton_evolve/remote_speedup_evaluator.py", line 107, in evaluate
    verify = self._call_verify(uid, reference_code, candidate_code)
  File "/cpfs01/shared/llm_kernel/hujiakai/KernelLLM/openevolve/triton_evolve/remote_speedup_evaluator.py", line 210, in _call_verify
    r.raise_for_status()
  File "/home/lijiaxing/.conda/envs/openevolve/lib/python3.10/site-packages/requests/models.py", line 1026, in raise_for_status
    raise HTTPError(http_error_msg, response=self)
requests.exceptions.HTTPError: 500 Server Error: Internal Server Error for url: http://localhost:8011/verify_plus
2025-08-08 17:55:47,442 - openevolve.evaluator - INFO - Evaluated program 879de6c5-54fe-4fff-a414-7f83546d4bc5 in 9.60s: compiled=0.0000, correctness=0.0000, score=-100.0000, stage=infra_error, exception=500 Server Error: Internal Server Error for url: http://localhost:8011/verify_plus
2025-08-08 17:55:47,445 - openevolve.llm.ensemble - INFO - Sampled model: deepseek
2025-08-08 17:55:47,448 - openevolve.database - INFO - New MAP-Elites cell occupied: {'score': -1000, 'complexity': 9}
2025-08-08 17:55:47,461 - openevolve.threaded_parallel - INFO - Iteration 5: Program 879de6c5-54fe-4fff-a414-7f83546d4bc5 (parent: 389bed10-a7d7-4c7a-99cc-d5f76988a9fc) completed in 345.21s
2025-08-08 17:55:47,462 - openevolve.threaded_parallel - INFO - Metrics: compiled=0.0000, correctness=0.0000, score=-100.0000, stage=infra_error, exception=500 Server Error: Internal Server Error for url: http://localhost:8011/verify_plus
2025-08-08 18:00:27,169 - openevolve.RemoteSpeedupEvaluator - INFO - [level1_68_conv_transposed_3D__square_input__asymmetric_kernel] triton key words check pass
2025-08-08 18:00:27,170 - openevolve.RemoteSpeedupEvaluator - INFO - [level1_68_conv_transposed_3D__square_input__asymmetric_kernel] verify_plus payload: reference_code(2265 chars) + custom_code(7191 chars)
2025-08-08 18:00:32,033 - openevolve.RemoteSpeedupEvaluator - INFO - [level1_68_conv_transposed_3D__square_input__asymmetric_kernel] verify_plus request success
2025-08-08 18:00:32,033 - openevolve.RemoteSpeedupEvaluator - INFO - [level1_68_conv_transposed_3D__square_input__asymmetric_kernel] verify_plus response: {"id":"level1_68_conv_transposed_3D__square_input__asymmetric_kernel","result":{"compiled":true,"correctness":false,"metadata":{"hardware":"NVIDIA L20Y","device":"cuda:0","runtime_error":"Traceback (most recent call last):\n  File \"/cpfs01/shared/llm_kernel/hujiakai/KernelLLM/validation_api_server/helpers/evaluations.py\", line 720, in run_and_check_correctness\n    output_new = model_new(*inputs)\n  File \"/home/lijiaxing/.conda/envs/api/lib/python3.10/site-packages/torch/nn/modules/module.py\", line 1773, in _wrapped_call_impl\n    return self._call_impl(*args, **kwargs)\n  File \"/home/lijiaxing/.conda/envs/api/lib/python3.10/site-packages/torch/nn/modules/module.py\", line 1784, in _call_impl\n    return forward_call(*args, **kwargs)\n  File \"/tmp/tmpqu2azlmw.py\", line 149, in forwa
2025-08-08 18:00:32,033 - openevolve.RemoteSpeedupEvaluator - INFO - [level1_68_conv_transposed_3D__square_input__asymmetric_kernel] âœ˜ wrong_answer
2025-08-08 18:00:32,034 - openevolve.evaluator - INFO - Evaluated program 3d0d7240-5ee6-47ee-ba4d-3f933bace1b4 in 4.87s: compiled=1.0000, correctness=0.0000, score=10.0000, stage=wrong_answer, verify_payload={'id': 'level1_68_conv_transposed_3D__square_input__asymmetric_kernel', 'result': {'compiled': True, 'correctness': False, 'metadata': {'hardware': 'NVIDIA L20Y', 'device': 'cuda:0', 'runtime_error': 'Traceback (most recent call last):\n  File "/cpfs01/shared/llm_kernel/hujiakai/KernelLLM/validation_api_server/helpers/evaluations.py", line 720, in run_and_check_correctness\n    output_new = model_new(*inputs)\n  File "/home/lijiaxing/.conda/envs/api/lib/python3.10/site-packages/torch/nn/modules/module.py", line 1773, in _wrapped_call_impl\n    return self._call_impl(*args, **kwargs)\n  File "/home/lijiaxing/.conda/envs/api/lib/python3.10/site-packages/torch/nn/modules/module.py", line 1784, in _call_impl\n    return forward_call(*args, **kwargs)\n  File "/tmp/tmpqu2azlmw.py", line 149, in forward\n    _transposed_conv3d_kernel[grid](\n  File "/home/lijiaxing/.conda/envs/api/lib/python3.10/site-packages/triton/runtime/jit.py", line 390, in <lambda>\n    return lambda *args, **kwargs: self.run(grid=grid, warmup=False, *args, **kwargs)\n  File "/home/lijiaxing/.conda/envs/api/lib/python3.10/site-packages/triton/runtime/jit.py", line 594, in run\n    kernel = self.compile(src, target=target, options=options.__dict__)\n  File "/home/lijiaxing/.conda/envs/api/lib/python3.10/site-packages/triton/compiler/compiler.py", line 339, in compile\n    module = src.make_ir(options, codegen_fns, module_map, context)\n  File "/home/lijiaxing/.conda/envs/api/lib/python3.10/site-packages/triton/compiler/compiler.py", line 83, in make_ir\n    return ast_to_ttir(self.fn, self, context=context, options=options, codegen_fns=codegen_fns,\ntriton.compiler.errors.UnsupportedLanguageConstruct: at 45:16:\n\n        # Initialize accumulator\n        acc = 0.0\n        g = c_out // (C_out // groups)  # Group index\n        c_in_start = g * (C_in // groups)\n        c_in_end = (g + 1) * (C_in // groups)\n\n        # Loop over kernel dimensions\n        for k_d in range(K_d):\n            d_in_val = d_out - k_d + padding_d\n            if d_in_val < 0 or d_in_val % stride_d != 0:\n                continue\n                ^\nunsupported AST node type: Continue\n', 'runtime_error_name': 'triton.compiler.errors.UnsupportedLanguageConstruct', 'reference_timing_ms': 0.069, 'speed_up': -1.0, 'custom_timing': -1.0}, 'runtime': -1.0, 'runtime_stats': {}}}
2025-08-08 18:00:32,036 - openevolve.llm.ensemble - INFO - Sampled model: deepseek
2025-08-08 18:00:32,037 - openevolve.database - INFO - New MAP-Elites cell occupied: {'score': 9, 'complexity': 8}
2025-08-08 18:00:32,050 - openevolve.threaded_parallel - INFO - Iteration 3: Program 3d0d7240-5ee6-47ee-ba4d-3f933bace1b4 (parent: a2b83c2e-0a70-4869-8b04-989755dba771) completed in 1150.56s
2025-08-08 18:00:32,050 - openevolve.threaded_parallel - INFO - Metrics: compiled=1.0000, correctness=0.0000, score=10.0000, stage=wrong_answer, verify_payload={'id': 'level1_68_conv_transposed_3D__square_input__asymmetric_kernel', 'result': {'compiled': True, 'correctness': False, 'metadata': {'hardware': 'NVIDIA L20Y', 'device': 'cuda:0', 'runtime_error': 'Traceback (most recent call last):\n  File "/cpfs01/shared/llm_kernel/hujiakai/KernelLLM/validation_api_server/helpers/evaluations.py", line 720, in run_and_check_correctness\n    output_new = model_new(*inputs)\n  File "/home/lijiaxing/.conda/envs/api/lib/python3.10/site-packages/torch/nn/modules/module.py", line 1773, in _wrapped_call_impl\n    return self._call_impl(*args, **kwargs)\n  File "/home/lijiaxing/.conda/envs/api/lib/python3.10/site-packages/torch/nn/modules/module.py", line 1784, in _call_impl\n    return forward_call(*args, **kwargs)\n  File "/tmp/tmpqu2azlmw.py", line 149, in forward\n    _transposed_conv3d_kernel[grid](\n  File "/home/lijiaxing/.conda/envs/api/lib/python3.10/site-packages/triton/runtime/jit.py", line 390, in <lambda>\n    return lambda *args, **kwargs: self.run(grid=grid, warmup=False, *args, **kwargs)\n  File "/home/lijiaxing/.conda/envs/api/lib/python3.10/site-packages/triton/runtime/jit.py", line 594, in run\n    kernel = self.compile(src, target=target, options=options.__dict__)\n  File "/home/lijiaxing/.conda/envs/api/lib/python3.10/site-packages/triton/compiler/compiler.py", line 339, in compile\n    module = src.make_ir(options, codegen_fns, module_map, context)\n  File "/home/lijiaxing/.conda/envs/api/lib/python3.10/site-packages/triton/compiler/compiler.py", line 83, in make_ir\n    return ast_to_ttir(self.fn, self, context=context, options=options, codegen_fns=codegen_fns,\ntriton.compiler.errors.UnsupportedLanguageConstruct: at 45:16:\n\n        # Initialize accumulator\n        acc = 0.0\n        g = c_out // (C_out // groups)  # Group index\n        c_in_start = g * (C_in // groups)\n        c_in_end = (g + 1) * (C_in // groups)\n\n        # Loop over kernel dimensions\n        for k_d in range(K_d):\n            d_in_val = d_out - k_d + padding_d\n            if d_in_val < 0 or d_in_val % stride_d != 0:\n                continue\n                ^\nunsupported AST node type: Continue\n', 'runtime_error_name': 'triton.compiler.errors.UnsupportedLanguageConstruct', 'reference_timing_ms': 0.069, 'speed_up': -1.0, 'custom_timing': -1.0}, 'runtime': -1.0, 'runtime_stats': {}}}
2025-08-08 18:00:32,050 - openevolve.threaded_parallel - INFO - Checkpoint interval reached at iteration 3
2025-08-08 18:00:32,051 - openevolve.database - INFO - Island Status:
2025-08-08 18:00:32,051 - openevolve.database - INFO -  * Island 0: 4 programs, best=10.0000, avg=5.2500, diversity=990.63, gen=3 (best: 0bae245c-c044-4855-b883-05855a432827)
2025-08-08 18:00:32,051 - openevolve.database - INFO -    Island 1: 2 programs, best=10.0000, avg=-45.0000, diversity=131.90, gen=1 (best: 879de6c5-54fe-4fff-a414-7f83546d4bc5)
2025-08-08 18:00:32,051 - openevolve.database - INFO -    Island 2: 2 programs, best=10.0000, avg=10.0000, diversity=74.90, gen=1 (best: 3d0d7240-5ee6-47ee-ba4d-3f933bace1b4)
2025-08-08 18:00:32,121 - openevolve.database - INFO - Saved database with 6 programs to openevolve_output/level1_68_conv_transposed_3D__square_input__asymmetric_kernel/checkpoints/checkpoint_3
2025-08-08 18:00:32,137 - openevolve.controller - INFO - Saved best program at checkpoint 3 with metrics: compiled=1.0000, correctness=0.0000, score=10.0000, stage=wrong_answer, verify_payload={'id': 'level1_68_conv_transposed_3D__square_input__asymmetric_kernel', 'result': {'compiled': True, 'correctness': False, 'metadata': {'hardware': 'NVIDIA L20Y', 'device': 'cuda:0', 'runtime_error': 'Traceback (most recent call last):\n  File "/cpfs01/shared/llm_kernel/hujiakai/KernelLLM/validation_api_server/helpers/evaluations.py", line 720, in run_and_check_correctness\n    output_new = model_new(*inputs)\n  File "/home/lijiaxing/.conda/envs/api/lib/python3.10/site-packages/torch/nn/modules/module.py", line 1773, in _wrapped_call_impl\n    return self._call_impl(*args, **kwargs)\n  File "/home/lijiaxing/.conda/envs/api/lib/python3.10/site-packages/torch/nn/modules/module.py", line 1784, in _call_impl\n    return forward_call(*args, **kwargs)\n  File "/tmp/tmp_awste1k.py", line 72, in forward\n    self._conv_transpose3d_kernel[grid](\n  File "/home/lijiaxing/.conda/envs/api/lib/python3.10/site-packages/triton/runtime/jit.py", line 390, in <lambda>\n    return lambda *args, **kwargs: self.run(grid=grid, warmup=False, *args, **kwargs)\n  File "/home/lijiaxing/.conda/envs/api/lib/python3.10/site-packages/triton/runtime/jit.py", line 594, in run\n    kernel = self.compile(src, target=target, options=options.__dict__)\n  File "/home/lijiaxing/.conda/envs/api/lib/python3.10/site-packages/triton/compiler/compiler.py", line 281, in compile\n    key = f"{triton_key()}-{src.hash()}-{backend.hash()}-{options.hash()}-{str(sorted(env_vars.items()))}"\n  File "/home/lijiaxing/.conda/envs/api/lib/python3.10/site-packages/triton/compiler/compiler.py", line 78, in hash\n    key = f"{self.fn.cache_key}-{str(self.attrs)}-{sorted_sig}-{constants_key}"\n  File "/home/lijiaxing/.conda/envs/api/lib/python3.10/site-packages/triton/runtime/jit.py", line 696, in cache_key\n    dependencies_finder.visit(self.parse())\n  File "/home/lijiaxing/.conda/envs/api/lib/python3.10/ast.py", line 418, in visit\n    return visitor(node)\n  File "/home/lijiaxing/.conda/envs/api/lib/python3.10/ast.py", line 426, in generic_visit\n    self.visit(item)\n  File "/home/lijiaxing/.conda/envs/api/lib/python3.10/ast.py", line 418, in visit\n    return visitor(node)\n  File "/home/lijiaxing/.conda/envs/api/lib/python3.10/site-packages/triton/runtime/jit.py", line 163, in visit_FunctionDef\n    self.generic_visit(node)\n  File "/home/lijiaxing/.conda/envs/api/lib/python3.10/ast.py", line 426, in generic_visit\n    self.visit(item)\n  File "/home/lijiaxing/.conda/envs/api/lib/python3.10/ast.py", line 418, in visit\n    return visitor(node)\n  File "/home/lijiaxing/.conda/envs/api/lib/python3.10/ast.py", line 428, in generic_visit\n    self.visit(value)\n  File "/home/lijiaxing/.conda/envs/api/lib/python3.10/ast.py", line 418, in visit\n    return visitor(node)\n  File "/home/lijiaxing/.conda/envs/api/lib/python3.10/ast.py", line 428, in generic_visit\n    self.visit(value)\n  File "/home/lijiaxing/.conda/envs/api/lib/python3.10/ast.py", line 418, in visit\n    return visitor(node)\n  File "/home/lijiaxing/.conda/envs/api/lib/python3.10/site-packages/triton/runtime/jit.py", line 156, in visit_Attribute\n    ret = getattr(lhs, node.attr)\nAttributeError: module \'triton.language\' has no attribute \'all\'\n', 'runtime_error_name': 'builtins.AttributeError', 'reference_timing_ms': 0.069, 'speed_up': -1.0, 'custom_timing': -1.0}, 'runtime': -1.0, 'runtime_stats': {}}}
2025-08-08 18:00:32,137 - openevolve.controller - INFO - Saved checkpoint at iteration 3 to openevolve_output/level1_68_conv_transposed_3D__square_input__asymmetric_kernel/checkpoints/checkpoint_3
2025-08-08 18:02:09,387 - openevolve.RemoteSpeedupEvaluator - INFO - [level1_68_conv_transposed_3D__square_input__asymmetric_kernel] triton key words check pass
2025-08-08 18:02:09,388 - openevolve.RemoteSpeedupEvaluator - INFO - [level1_68_conv_transposed_3D__square_input__asymmetric_kernel] verify_plus payload: reference_code(2265 chars) + custom_code(7427 chars)
2025-08-08 18:02:12,991 - openevolve.RemoteSpeedupEvaluator - INFO - [level1_68_conv_transposed_3D__square_input__asymmetric_kernel] verify_plus request success
2025-08-08 18:02:12,991 - openevolve.RemoteSpeedupEvaluator - INFO - [level1_68_conv_transposed_3D__square_input__asymmetric_kernel] verify_plus response: {"id":"level1_68_conv_transposed_3D__square_input__asymmetric_kernel","result":{"compiled":true,"correctness":false,"metadata":{"hardware":"NVIDIA L20Y","device":"cuda:6","runtime_error":"Traceback (most recent call last):\n  File \"/home/lijiaxing/.conda/envs/api/lib/python3.10/site-packages/triton/language/core.py\", line 42, in wrapper\n    return fn(*args, **kwargs)\n  File \"/home/lijiaxing/.conda/envs/api/lib/python3.10/site-packages/triton/language/core.py\", line 1654, in arange\n    return _semantic.arange(start, end)\n  File \"/home/lijiaxing/.conda/envs/api/lib/python3.10/site-packages/triton/language/semantic.py\", line 574, in arange\n    raise ValueError(\"arange's arguments must be of type tl.constexpr\")\nValueError: arange's arguments must be of type tl.constexpr\n\nThe ab
2025-08-08 18:02:12,991 - openevolve.RemoteSpeedupEvaluator - INFO - [level1_68_conv_transposed_3D__square_input__asymmetric_kernel] âœ˜ wrong_answer
2025-08-08 18:02:12,991 - openevolve.evaluator - INFO - Evaluated program ec3f29b1-6e9b-4e34-8eba-1f9685a3d829 in 3.61s: compiled=1.0000, correctness=0.0000, score=10.0000, stage=wrong_answer, verify_payload={'id': 'level1_68_conv_transposed_3D__square_input__asymmetric_kernel', 'result': {'compiled': True, 'correctness': False, 'metadata': {'hardware': 'NVIDIA L20Y', 'device': 'cuda:6', 'runtime_error': 'Traceback (most recent call last):\n  File "/home/lijiaxing/.conda/envs/api/lib/python3.10/site-packages/triton/language/core.py", line 42, in wrapper\n    return fn(*args, **kwargs)\n  File "/home/lijiaxing/.conda/envs/api/lib/python3.10/site-packages/triton/language/core.py", line 1654, in arange\n    return _semantic.arange(start, end)\n  File "/home/lijiaxing/.conda/envs/api/lib/python3.10/site-packages/triton/language/semantic.py", line 574, in arange\n    raise ValueError("arange\'s arguments must be of type tl.constexpr")\nValueError: arange\'s arguments must be of type tl.constexpr\n\nThe above exception was the direct cause of the following exception:\n\nTraceback (most recent call last):\n  File "/cpfs01/shared/llm_kernel/hujiakai/KernelLLM/validation_api_server/helpers/evaluations.py", line 720, in run_and_check_correctness\n    output_new = model_new(*inputs)\n  File "/home/lijiaxing/.conda/envs/api/lib/python3.10/site-packages/torch/nn/modules/module.py", line 1773, in _wrapped_call_impl\n    return self._call_impl(*args, **kwargs)\n  File "/home/lijiaxing/.conda/envs/api/lib/python3.10/site-packages/torch/nn/modules/module.py", line 1784, in _call_impl\n    return forward_call(*args, **kwargs)\n  File "/tmp/tmpedoipdte.py", line 72, in forward\n    self._conv_transpose3d_kernel[grid](\n  File "/home/lijiaxing/.conda/envs/api/lib/python3.10/site-packages/triton/runtime/jit.py", line 390, in <lambda>\n    return lambda *args, **kwargs: self.run(grid=grid, warmup=False, *args, **kwargs)\n  File "/home/lijiaxing/.conda/envs/api/lib/python3.10/site-packages/triton/runtime/jit.py", line 594, in run\n    kernel = self.compile(src, target=target, options=options.__dict__)\n  File "/home/lijiaxing/.conda/envs/api/lib/python3.10/site-packages/triton/compiler/compiler.py", line 339, in compile\n    module = src.make_ir(options, codegen_fns, module_map, context)\n  File "/home/lijiaxing/.conda/envs/api/lib/python3.10/site-packages/triton/compiler/compiler.py", line 83, in make_ir\n    return ast_to_ttir(self.fn, self, context=context, options=options, codegen_fns=codegen_fns,\ntriton.compiler.errors.CompilationError: at 63:34:\n                           (w_in_int >= 0) & (w_in_int < width) & \\\n                           (h_in_int >= 0) & (h_in_int < height)\n\n                cond = is_integer & in_bounds\n\n                # Compute base pointers\n                spatial_offset = d_in_int * width * height + w_in_int * height + h_in_int\n                base_input = x_ptr + (b_out * in_channels * stride_input) + spatial_offset\n                base_weight = weight_ptr + (c_out * kernel_d * kernel_w * kernel_h) + (kd * kernel_w * kernel_h + kw * kernel_h + kh)\n\n                # Vectorized load over input channels\n                channel_offsets = tl.arange(0, in_channels) * stride_input\n                                  ^\n\n\nThe above exception was the direct cause of the following exception:\n\nTraceback (most recent call last):\n  File "/home/lijiaxing/.conda/envs/api/lib/python3.10/site-packages/triton/language/core.py", line 42, in wrapper\n    return fn(*args, **kwargs)\n  File "/home/lijiaxing/.conda/envs/api/lib/python3.10/site-packages/triton/language/core.py", line 1654, in arange\n    return _semantic.arange(start, end)\n  File "/home/lijiaxing/.conda/envs/api/lib/python3.10/site-packages/triton/language/semantic.py", line 574, in arange\n    raise ValueError("arange\'s arguments must be of type tl.constexpr")\nValueError: arange\'s arguments must be of type tl.constexpr\n', 'runtime_error_name': 'triton.compiler.errors.CompilationError', 'reference_timing_ms': 0.069, 'speed_up': -1.0, 'custom_timing': -1.0}, 'runtime': -1.0, 'runtime_stats': {}}}
2025-08-08 18:02:12,995 - openevolve.llm.ensemble - INFO - Sampled model: deepseek
2025-08-08 18:02:13,005 - openevolve.threaded_parallel - INFO - Iteration 4: Program ec3f29b1-6e9b-4e34-8eba-1f9685a3d829 (parent: a2b83c2e-0a70-4869-8b04-989755dba771) completed in 1102.25s
2025-08-08 18:02:13,006 - openevolve.threaded_parallel - INFO - Metrics: compiled=1.0000, correctness=0.0000, score=10.0000, stage=wrong_answer, verify_payload={'id': 'level1_68_conv_transposed_3D__square_input__asymmetric_kernel', 'result': {'compiled': True, 'correctness': False, 'metadata': {'hardware': 'NVIDIA L20Y', 'device': 'cuda:6', 'runtime_error': 'Traceback (most recent call last):\n  File "/home/lijiaxing/.conda/envs/api/lib/python3.10/site-packages/triton/language/core.py", line 42, in wrapper\n    return fn(*args, **kwargs)\n  File "/home/lijiaxing/.conda/envs/api/lib/python3.10/site-packages/triton/language/core.py", line 1654, in arange\n    return _semantic.arange(start, end)\n  File "/home/lijiaxing/.conda/envs/api/lib/python3.10/site-packages/triton/language/semantic.py", line 574, in arange\n    raise ValueError("arange\'s arguments must be of type tl.constexpr")\nValueError: arange\'s arguments must be of type tl.constexpr\n\nThe above exception was the direct cause of the following exception:\n\nTraceback (most recent call last):\n  File "/cpfs01/shared/llm_kernel/hujiakai/KernelLLM/validation_api_server/helpers/evaluations.py", line 720, in run_and_check_correctness\n    output_new = model_new(*inputs)\n  File "/home/lijiaxing/.conda/envs/api/lib/python3.10/site-packages/torch/nn/modules/module.py", line 1773, in _wrapped_call_impl\n    return self._call_impl(*args, **kwargs)\n  File "/home/lijiaxing/.conda/envs/api/lib/python3.10/site-packages/torch/nn/modules/module.py", line 1784, in _call_impl\n    return forward_call(*args, **kwargs)\n  File "/tmp/tmpedoipdte.py", line 72, in forward\n    self._conv_transpose3d_kernel[grid](\n  File "/home/lijiaxing/.conda/envs/api/lib/python3.10/site-packages/triton/runtime/jit.py", line 390, in <lambda>\n    return lambda *args, **kwargs: self.run(grid=grid, warmup=False, *args, **kwargs)\n  File "/home/lijiaxing/.conda/envs/api/lib/python3.10/site-packages/triton/runtime/jit.py", line 594, in run\n    kernel = self.compile(src, target=target, options=options.__dict__)\n  File "/home/lijiaxing/.conda/envs/api/lib/python3.10/site-packages/triton/compiler/compiler.py", line 339, in compile\n    module = src.make_ir(options, codegen_fns, module_map, context)\n  File "/home/lijiaxing/.conda/envs/api/lib/python3.10/site-packages/triton/compiler/compiler.py", line 83, in make_ir\n    return ast_to_ttir(self.fn, self, context=context, options=options, codegen_fns=codegen_fns,\ntriton.compiler.errors.CompilationError: at 63:34:\n                           (w_in_int >= 0) & (w_in_int < width) & \\\n                           (h_in_int >= 0) & (h_in_int < height)\n\n                cond = is_integer & in_bounds\n\n                # Compute base pointers\n                spatial_offset = d_in_int * width * height + w_in_int * height + h_in_int\n                base_input = x_ptr + (b_out * in_channels * stride_input) + spatial_offset\n                base_weight = weight_ptr + (c_out * kernel_d * kernel_w * kernel_h) + (kd * kernel_w * kernel_h + kw * kernel_h + kh)\n\n                # Vectorized load over input channels\n                channel_offsets = tl.arange(0, in_channels) * stride_input\n                                  ^\n\n\nThe above exception was the direct cause of the following exception:\n\nTraceback (most recent call last):\n  File "/home/lijiaxing/.conda/envs/api/lib/python3.10/site-packages/triton/language/core.py", line 42, in wrapper\n    return fn(*args, **kwargs)\n  File "/home/lijiaxing/.conda/envs/api/lib/python3.10/site-packages/triton/language/core.py", line 1654, in arange\n    return _semantic.arange(start, end)\n  File "/home/lijiaxing/.conda/envs/api/lib/python3.10/site-packages/triton/language/semantic.py", line 574, in arange\n    raise ValueError("arange\'s arguments must be of type tl.constexpr")\nValueError: arange\'s arguments must be of type tl.constexpr\n', 'runtime_error_name': 'triton.compiler.errors.CompilationError', 'reference_timing_ms': 0.069, 'speed_up': -1.0, 'custom_timing': -1.0}, 'runtime': -1.0, 'runtime_stats': {}}}
2025-08-08 18:08:24,520 - openevolve.RemoteSpeedupEvaluator - INFO - [level1_68_conv_transposed_3D__square_input__asymmetric_kernel] triton key words check pass
2025-08-08 18:08:24,521 - openevolve.RemoteSpeedupEvaluator - INFO - [level1_68_conv_transposed_3D__square_input__asymmetric_kernel] verify_plus payload: reference_code(2265 chars) + custom_code(7985 chars)
2025-08-08 18:08:35,048 - openevolve.RemoteSpeedupEvaluator - ERROR - [level1_68_conv_transposed_3D__square_input__asymmetric_kernel] âœ˜ verify_plus request failed
Traceback (most recent call last):
  File "/cpfs01/shared/llm_kernel/hujiakai/KernelLLM/openevolve/triton_evolve/remote_speedup_evaluator.py", line 107, in evaluate
    verify = self._call_verify(uid, reference_code, candidate_code)
  File "/cpfs01/shared/llm_kernel/hujiakai/KernelLLM/openevolve/triton_evolve/remote_speedup_evaluator.py", line 210, in _call_verify
    r.raise_for_status()
  File "/home/lijiaxing/.conda/envs/openevolve/lib/python3.10/site-packages/requests/models.py", line 1026, in raise_for_status
    raise HTTPError(http_error_msg, response=self)
requests.exceptions.HTTPError: 500 Server Error: Internal Server Error for url: http://localhost:8011/verify_plus
2025-08-08 18:08:35,049 - openevolve.evaluator - INFO - Evaluated program 03f9fb33-09e5-41ff-9607-3eec2d854e58 in 10.53s: compiled=0.0000, correctness=0.0000, score=-100.0000, stage=infra_error, exception=500 Server Error: Internal Server Error for url: http://localhost:8011/verify_plus
2025-08-08 18:08:35,053 - openevolve.llm.ensemble - INFO - Sampled model: deepseek
2025-08-08 18:08:35,066 - openevolve.threaded_parallel - INFO - Iteration 8: Program 03f9fb33-09e5-41ff-9607-3eec2d854e58 (parent: 389bed10-a7d7-4c7a-99cc-d5f76988a9fc) completed in 382.06s
2025-08-08 18:08:35,067 - openevolve.threaded_parallel - INFO - Metrics: compiled=0.0000, correctness=0.0000, score=-100.0000, stage=infra_error, exception=500 Server Error: Internal Server Error for url: http://localhost:8011/verify_plus
2025-08-08 18:11:56,852 - openevolve.RemoteSpeedupEvaluator - INFO - [level1_68_conv_transposed_3D__square_input__asymmetric_kernel] triton key words check pass
2025-08-08 18:11:56,853 - openevolve.RemoteSpeedupEvaluator - INFO - [level1_68_conv_transposed_3D__square_input__asymmetric_kernel] verify_plus payload: reference_code(2265 chars) + custom_code(7483 chars)
2025-08-08 18:12:00,634 - openevolve.RemoteSpeedupEvaluator - INFO - [level1_68_conv_transposed_3D__square_input__asymmetric_kernel] verify_plus request success
2025-08-08 18:12:00,634 - openevolve.RemoteSpeedupEvaluator - INFO - [level1_68_conv_transposed_3D__square_input__asymmetric_kernel] verify_plus response: {"id":"level1_68_conv_transposed_3D__square_input__asymmetric_kernel","result":{"compiled":true,"correctness":false,"metadata":{"hardware":"NVIDIA L20Y","device":"cuda:5","runtime_error":"Traceback (most recent call last):\n  File \"/home/lijiaxing/.conda/envs/api/lib/python3.10/site-packages/triton/language/core.py\", line 42, in wrapper\n    return fn(*args, **kwargs)\n  File \"/home/lijiaxing/.conda/envs/api/lib/python3.10/site-packages/triton/language/core.py\", line 1654, in arange\n    return _semantic.arange(start, end)\n  File \"/home/lijiaxing/.conda/envs/api/lib/python3.10/site-packages/triton/language/semantic.py\", line 574, in arange\n    raise ValueError(\"arange's arguments must be of type tl.constexpr\")\nValueError: arange's arguments must be of type tl.constexpr\n\nThe ab
2025-08-08 18:12:00,634 - openevolve.RemoteSpeedupEvaluator - INFO - [level1_68_conv_transposed_3D__square_input__asymmetric_kernel] âœ˜ wrong_answer
2025-08-08 18:12:00,635 - openevolve.evaluator - INFO - Evaluated program 2115a327-76cf-4dc5-afa5-3b2b208c990e in 3.78s: compiled=1.0000, correctness=0.0000, score=10.0000, stage=wrong_answer, verify_payload={'id': 'level1_68_conv_transposed_3D__square_input__asymmetric_kernel', 'result': {'compiled': True, 'correctness': False, 'metadata': {'hardware': 'NVIDIA L20Y', 'device': 'cuda:5', 'runtime_error': 'Traceback (most recent call last):\n  File "/home/lijiaxing/.conda/envs/api/lib/python3.10/site-packages/triton/language/core.py", line 42, in wrapper\n    return fn(*args, **kwargs)\n  File "/home/lijiaxing/.conda/envs/api/lib/python3.10/site-packages/triton/language/core.py", line 1654, in arange\n    return _semantic.arange(start, end)\n  File "/home/lijiaxing/.conda/envs/api/lib/python3.10/site-packages/triton/language/semantic.py", line 574, in arange\n    raise ValueError("arange\'s arguments must be of type tl.constexpr")\nValueError: arange\'s arguments must be of type tl.constexpr\n\nThe above exception was the direct cause of the following exception:\n\nTraceback (most recent call last):\n  File "/cpfs01/shared/llm_kernel/hujiakai/KernelLLM/validation_api_server/helpers/evaluations.py", line 720, in run_and_check_correctness\n    output_new = model_new(*inputs)\n  File "/home/lijiaxing/.conda/envs/api/lib/python3.10/site-packages/torch/nn/modules/module.py", line 1773, in _wrapped_call_impl\n    return self._call_impl(*args, **kwargs)\n  File "/home/lijiaxing/.conda/envs/api/lib/python3.10/site-packages/torch/nn/modules/module.py", line 1784, in _call_impl\n    return forward_call(*args, **kwargs)\n  File "/tmp/tmph5_7613c.py", line 72, in forward\n    self._conv_transpose3d_kernel[grid](\n  File "/home/lijiaxing/.conda/envs/api/lib/python3.10/site-packages/triton/runtime/jit.py", line 390, in <lambda>\n    return lambda *args, **kwargs: self.run(grid=grid, warmup=False, *args, **kwargs)\n  File "/home/lijiaxing/.conda/envs/api/lib/python3.10/site-packages/triton/runtime/jit.py", line 594, in run\n    kernel = self.compile(src, target=target, options=options.__dict__)\n  File "/home/lijiaxing/.conda/envs/api/lib/python3.10/site-packages/triton/compiler/compiler.py", line 339, in compile\n    module = src.make_ir(options, codegen_fns, module_map, context)\n  File "/home/lijiaxing/.conda/envs/api/lib/python3.10/site-packages/triton/compiler/compiler.py", line 83, in make_ir\n    return ast_to_ttir(self.fn, self, context=context, options=options, codegen_fns=codegen_fns,\ntriton.compiler.errors.CompilationError: at 63:19:\n    k_h = (h_out + padding_h) - h_in * stride_h\n\n    # Check kernel bounds\n    condition3 = (k_d >= 0) & (k_d < kernel_d) & \\\n               (k_w >= 0) & (k_w < kernel_w) & \\\n               (k_h >= 0) & (k_h < kernel_h)\n\n    # Final active mask\n    active = mask & condition1 & condition2 & condition3\n\n    # Create channel mask\n    channel_mask = tl.arange(0, in_channels)[None, :] < in_channels\n                   ^\n\n\nThe above exception was the direct cause of the following exception:\n\nTraceback (most recent call last):\n  File "/home/lijiaxing/.conda/envs/api/lib/python3.10/site-packages/triton/language/core.py", line 42, in wrapper\n    return fn(*args, **kwargs)\n  File "/home/lijiaxing/.conda/envs/api/lib/python3.10/site-packages/triton/language/core.py", line 1654, in arange\n    return _semantic.arange(start, end)\n  File "/home/lijiaxing/.conda/envs/api/lib/python3.10/site-packages/triton/language/semantic.py", line 574, in arange\n    raise ValueError("arange\'s arguments must be of type tl.constexpr")\nValueError: arange\'s arguments must be of type tl.constexpr\n', 'runtime_error_name': 'triton.compiler.errors.CompilationError', 'reference_timing_ms': 0.069, 'speed_up': -1.0, 'custom_timing': -1.0}, 'runtime': -1.0, 'runtime_stats': {}}}
2025-08-08 18:12:00,638 - openevolve.llm.ensemble - INFO - Sampled model: deepseek
2025-08-08 18:12:00,655 - openevolve.threaded_parallel - INFO - Iteration 6: Program 2115a327-76cf-4dc5-afa5-3b2b208c990e (parent: 0bae245c-c044-4855-b883-05855a432827) completed in 973.19s
2025-08-08 18:12:00,655 - openevolve.threaded_parallel - INFO - Metrics: compiled=1.0000, correctness=0.0000, score=10.0000, stage=wrong_answer, verify_payload={'id': 'level1_68_conv_transposed_3D__square_input__asymmetric_kernel', 'result': {'compiled': True, 'correctness': False, 'metadata': {'hardware': 'NVIDIA L20Y', 'device': 'cuda:5', 'runtime_error': 'Traceback (most recent call last):\n  File "/home/lijiaxing/.conda/envs/api/lib/python3.10/site-packages/triton/language/core.py", line 42, in wrapper\n    return fn(*args, **kwargs)\n  File "/home/lijiaxing/.conda/envs/api/lib/python3.10/site-packages/triton/language/core.py", line 1654, in arange\n    return _semantic.arange(start, end)\n  File "/home/lijiaxing/.conda/envs/api/lib/python3.10/site-packages/triton/language/semantic.py", line 574, in arange\n    raise ValueError("arange\'s arguments must be of type tl.constexpr")\nValueError: arange\'s arguments must be of type tl.constexpr\n\nThe above exception was the direct cause of the following exception:\n\nTraceback (most recent call last):\n  File "/cpfs01/shared/llm_kernel/hujiakai/KernelLLM/validation_api_server/helpers/evaluations.py", line 720, in run_and_check_correctness\n    output_new = model_new(*inputs)\n  File "/home/lijiaxing/.conda/envs/api/lib/python3.10/site-packages/torch/nn/modules/module.py", line 1773, in _wrapped_call_impl\n    return self._call_impl(*args, **kwargs)\n  File "/home/lijiaxing/.conda/envs/api/lib/python3.10/site-packages/torch/nn/modules/module.py", line 1784, in _call_impl\n    return forward_call(*args, **kwargs)\n  File "/tmp/tmph5_7613c.py", line 72, in forward\n    self._conv_transpose3d_kernel[grid](\n  File "/home/lijiaxing/.conda/envs/api/lib/python3.10/site-packages/triton/runtime/jit.py", line 390, in <lambda>\n    return lambda *args, **kwargs: self.run(grid=grid, warmup=False, *args, **kwargs)\n  File "/home/lijiaxing/.conda/envs/api/lib/python3.10/site-packages/triton/runtime/jit.py", line 594, in run\n    kernel = self.compile(src, target=target, options=options.__dict__)\n  File "/home/lijiaxing/.conda/envs/api/lib/python3.10/site-packages/triton/compiler/compiler.py", line 339, in compile\n    module = src.make_ir(options, codegen_fns, module_map, context)\n  File "/home/lijiaxing/.conda/envs/api/lib/python3.10/site-packages/triton/compiler/compiler.py", line 83, in make_ir\n    return ast_to_ttir(self.fn, self, context=context, options=options, codegen_fns=codegen_fns,\ntriton.compiler.errors.CompilationError: at 63:19:\n    k_h = (h_out + padding_h) - h_in * stride_h\n\n    # Check kernel bounds\n    condition3 = (k_d >= 0) & (k_d < kernel_d) & \\\n               (k_w >= 0) & (k_w < kernel_w) & \\\n               (k_h >= 0) & (k_h < kernel_h)\n\n    # Final active mask\n    active = mask & condition1 & condition2 & condition3\n\n    # Create channel mask\n    channel_mask = tl.arange(0, in_channels)[None, :] < in_channels\n                   ^\n\n\nThe above exception was the direct cause of the following exception:\n\nTraceback (most recent call last):\n  File "/home/lijiaxing/.conda/envs/api/lib/python3.10/site-packages/triton/language/core.py", line 42, in wrapper\n    return fn(*args, **kwargs)\n  File "/home/lijiaxing/.conda/envs/api/lib/python3.10/site-packages/triton/language/core.py", line 1654, in arange\n    return _semantic.arange(start, end)\n  File "/home/lijiaxing/.conda/envs/api/lib/python3.10/site-packages/triton/language/semantic.py", line 574, in arange\n    raise ValueError("arange\'s arguments must be of type tl.constexpr")\nValueError: arange\'s arguments must be of type tl.constexpr\n', 'runtime_error_name': 'triton.compiler.errors.CompilationError', 'reference_timing_ms': 0.069, 'speed_up': -1.0, 'custom_timing': -1.0}, 'runtime': -1.0, 'runtime_stats': {}}}
2025-08-08 18:12:00,655 - openevolve.threaded_parallel - INFO - Checkpoint interval reached at iteration 6
2025-08-08 18:12:00,657 - openevolve.database - INFO - Island Status:
2025-08-08 18:12:00,657 - openevolve.database - INFO -  * Island 0: 5 programs, best=10.0000, avg=6.2000, diversity=696.15, gen=4 (best: 0bae245c-c044-4855-b883-05855a432827)
2025-08-08 18:12:00,657 - openevolve.database - INFO -    Island 1: 3 programs, best=10.0000, avg=-63.3333, diversity=87.93, gen=2 (best: 879de6c5-54fe-4fff-a414-7f83546d4bc5)
2025-08-08 18:12:00,657 - openevolve.database - INFO -    Island 2: 3 programs, best=10.0000, avg=10.0000, diversity=174.80, gen=2 (best: 3d0d7240-5ee6-47ee-ba4d-3f933bace1b4)
2025-08-08 18:12:00,763 - openevolve.database - INFO - Saved database with 9 programs to openevolve_output/level1_68_conv_transposed_3D__square_input__asymmetric_kernel/checkpoints/checkpoint_6
2025-08-08 18:12:00,780 - openevolve.controller - INFO - Saved best program at checkpoint 6 with metrics: compiled=1.0000, correctness=0.0000, score=10.0000, stage=wrong_answer, verify_payload={'id': 'level1_68_conv_transposed_3D__square_input__asymmetric_kernel', 'result': {'compiled': True, 'correctness': False, 'metadata': {'hardware': 'NVIDIA L20Y', 'device': 'cuda:0', 'runtime_error': 'Traceback (most recent call last):\n  File "/cpfs01/shared/llm_kernel/hujiakai/KernelLLM/validation_api_server/helpers/evaluations.py", line 720, in run_and_check_correctness\n    output_new = model_new(*inputs)\n  File "/home/lijiaxing/.conda/envs/api/lib/python3.10/site-packages/torch/nn/modules/module.py", line 1773, in _wrapped_call_impl\n    return self._call_impl(*args, **kwargs)\n  File "/home/lijiaxing/.conda/envs/api/lib/python3.10/site-packages/torch/nn/modules/module.py", line 1784, in _call_impl\n    return forward_call(*args, **kwargs)\n  File "/tmp/tmp_awste1k.py", line 72, in forward\n    self._conv_transpose3d_kernel[grid](\n  File "/home/lijiaxing/.conda/envs/api/lib/python3.10/site-packages/triton/runtime/jit.py", line 390, in <lambda>\n    return lambda *args, **kwargs: self.run(grid=grid, warmup=False, *args, **kwargs)\n  File "/home/lijiaxing/.conda/envs/api/lib/python3.10/site-packages/triton/runtime/jit.py", line 594, in run\n    kernel = self.compile(src, target=target, options=options.__dict__)\n  File "/home/lijiaxing/.conda/envs/api/lib/python3.10/site-packages/triton/compiler/compiler.py", line 281, in compile\n    key = f"{triton_key()}-{src.hash()}-{backend.hash()}-{options.hash()}-{str(sorted(env_vars.items()))}"\n  File "/home/lijiaxing/.conda/envs/api/lib/python3.10/site-packages/triton/compiler/compiler.py", line 78, in hash\n    key = f"{self.fn.cache_key}-{str(self.attrs)}-{sorted_sig}-{constants_key}"\n  File "/home/lijiaxing/.conda/envs/api/lib/python3.10/site-packages/triton/runtime/jit.py", line 696, in cache_key\n    dependencies_finder.visit(self.parse())\n  File "/home/lijiaxing/.conda/envs/api/lib/python3.10/ast.py", line 418, in visit\n    return visitor(node)\n  File "/home/lijiaxing/.conda/envs/api/lib/python3.10/ast.py", line 426, in generic_visit\n    self.visit(item)\n  File "/home/lijiaxing/.conda/envs/api/lib/python3.10/ast.py", line 418, in visit\n    return visitor(node)\n  File "/home/lijiaxing/.conda/envs/api/lib/python3.10/site-packages/triton/runtime/jit.py", line 163, in visit_FunctionDef\n    self.generic_visit(node)\n  File "/home/lijiaxing/.conda/envs/api/lib/python3.10/ast.py", line 426, in generic_visit\n    self.visit(item)\n  File "/home/lijiaxing/.conda/envs/api/lib/python3.10/ast.py", line 418, in visit\n    return visitor(node)\n  File "/home/lijiaxing/.conda/envs/api/lib/python3.10/ast.py", line 428, in generic_visit\n    self.visit(value)\n  File "/home/lijiaxing/.conda/envs/api/lib/python3.10/ast.py", line 418, in visit\n    return visitor(node)\n  File "/home/lijiaxing/.conda/envs/api/lib/python3.10/ast.py", line 428, in generic_visit\n    self.visit(value)\n  File "/home/lijiaxing/.conda/envs/api/lib/python3.10/ast.py", line 418, in visit\n    return visitor(node)\n  File "/home/lijiaxing/.conda/envs/api/lib/python3.10/site-packages/triton/runtime/jit.py", line 156, in visit_Attribute\n    ret = getattr(lhs, node.attr)\nAttributeError: module \'triton.language\' has no attribute \'all\'\n', 'runtime_error_name': 'builtins.AttributeError', 'reference_timing_ms': 0.069, 'speed_up': -1.0, 'custom_timing': -1.0}, 'runtime': -1.0, 'runtime_stats': {}}}
2025-08-08 18:12:00,781 - openevolve.controller - INFO - Saved checkpoint at iteration 6 to openevolve_output/level1_68_conv_transposed_3D__square_input__asymmetric_kernel/checkpoints/checkpoint_6
2025-08-08 18:16:47,490 - openevolve.RemoteSpeedupEvaluator - INFO - [level1_68_conv_transposed_3D__square_input__asymmetric_kernel] triton key words check pass
2025-08-08 18:16:47,491 - openevolve.RemoteSpeedupEvaluator - INFO - [level1_68_conv_transposed_3D__square_input__asymmetric_kernel] verify_plus payload: reference_code(2265 chars) + custom_code(7359 chars)
2025-08-08 18:16:51,477 - openevolve.RemoteSpeedupEvaluator - INFO - [level1_68_conv_transposed_3D__square_input__asymmetric_kernel] verify_plus request success
2025-08-08 18:16:51,478 - openevolve.RemoteSpeedupEvaluator - INFO - [level1_68_conv_transposed_3D__square_input__asymmetric_kernel] verify_plus response: {"id":"level1_68_conv_transposed_3D__square_input__asymmetric_kernel","result":{"compiled":true,"correctness":false,"metadata":{"hardware":"NVIDIA L20Y","device":"cuda:5","runtime_error":"Traceback (most recent call last):\n  File \"/home/lijiaxing/.conda/envs/api/lib/python3.10/site-packages/triton/language/core.py\", line 42, in wrapper\n    return fn(*args, **kwargs)\n  File \"/home/lijiaxing/.conda/envs/api/lib/python3.10/site-packages/triton/language/core.py\", line 1654, in arange\n    return _semantic.arange(start, end)\n  File \"/home/lijiaxing/.conda/envs/api/lib/python3.10/site-packages/triton/language/semantic.py\", line 574, in arange\n    raise ValueError(\"arange's arguments must be of type tl.constexpr\")\nValueError: arange's arguments must be of type tl.constexpr\n\nThe ab
2025-08-08 18:16:51,478 - openevolve.RemoteSpeedupEvaluator - INFO - [level1_68_conv_transposed_3D__square_input__asymmetric_kernel] âœ˜ wrong_answer
2025-08-08 18:16:51,478 - openevolve.evaluator - INFO - Evaluated program 2025a93f-d6b1-458c-bfb7-3e286e6440d1 in 3.99s: compiled=1.0000, correctness=0.0000, score=10.0000, stage=wrong_answer, verify_payload={'id': 'level1_68_conv_transposed_3D__square_input__asymmetric_kernel', 'result': {'compiled': True, 'correctness': False, 'metadata': {'hardware': 'NVIDIA L20Y', 'device': 'cuda:5', 'runtime_error': 'Traceback (most recent call last):\n  File "/home/lijiaxing/.conda/envs/api/lib/python3.10/site-packages/triton/language/core.py", line 42, in wrapper\n    return fn(*args, **kwargs)\n  File "/home/lijiaxing/.conda/envs/api/lib/python3.10/site-packages/triton/language/core.py", line 1654, in arange\n    return _semantic.arange(start, end)\n  File "/home/lijiaxing/.conda/envs/api/lib/python3.10/site-packages/triton/language/semantic.py", line 574, in arange\n    raise ValueError("arange\'s arguments must be of type tl.constexpr")\nValueError: arange\'s arguments must be of type tl.constexpr\n\nThe above exception was the direct cause of the following exception:\n\nTraceback (most recent call last):\n  File "/cpfs01/shared/llm_kernel/hujiakai/KernelLLM/validation_api_server/helpers/evaluations.py", line 720, in run_and_check_correctness\n    output_new = model_new(*inputs)\n  File "/home/lijiaxing/.conda/envs/api/lib/python3.10/site-packages/torch/nn/modules/module.py", line 1773, in _wrapped_call_impl\n    return self._call_impl(*args, **kwargs)\n  File "/home/lijiaxing/.conda/envs/api/lib/python3.10/site-packages/torch/nn/modules/module.py", line 1784, in _call_impl\n    return forward_call(*args, **kwargs)\n  File "/tmp/tmp4pp_81lt.py", line 72, in forward\n    self._conv_transpose3d_kernel[grid](\n  File "/home/lijiaxing/.conda/envs/api/lib/python3.10/site-packages/triton/runtime/jit.py", line 390, in <lambda>\n    return lambda *args, **kwargs: self.run(grid=grid, warmup=False, *args, **kwargs)\n  File "/home/lijiaxing/.conda/envs/api/lib/python3.10/site-packages/triton/runtime/jit.py", line 594, in run\n    kernel = self.compile(src, target=target, options=options.__dict__)\n  File "/home/lijiaxing/.conda/envs/api/lib/python3.10/site-packages/triton/compiler/compiler.py", line 339, in compile\n    module = src.make_ir(options, codegen_fns, module_map, context)\n  File "/home/lijiaxing/.conda/envs/api/lib/python3.10/site-packages/triton/compiler/compiler.py", line 83, in make_ir\n    return ast_to_ttir(self.fn, self, context=context, options=options, codegen_fns=codegen_fns,\ntriton.compiler.errors.CompilationError: at 56:18:\n    in_bounds = cond_int & (d_in_val >= 0) & (d_in_val < depth) & (w_in_val >= 0) & (w_in_val < width) & (h_in_val >= 0) & (h_in_val < height)\n\n    # Compute kernel indices\n    k_d = (d_out + padding_d) - d_in_val * stride_d\n    k_w = (w_out + padding_w) - w_in_val * stride_w\n    k_h = (h_out + padding_h) - h_in_val * stride_h\n\n    # Check kernel bounds per element\n    kernel_bounds = in_bounds & (k_d >= 0) & (k_d < kernel_d) & (k_w >= 0) & (k_w < kernel_w) & (k_h >= 0) & (k_h < kernel_h)\n\n    # Create channel dimension mask\n    channel_idx = tl.arange(0, in_channels)\n                  ^\n\n\nThe above exception was the direct cause of the following exception:\n\nTraceback (most recent call last):\n  File "/home/lijiaxing/.conda/envs/api/lib/python3.10/site-packages/triton/language/core.py", line 42, in wrapper\n    return fn(*args, **kwargs)\n  File "/home/lijiaxing/.conda/envs/api/lib/python3.10/site-packages/triton/language/core.py", line 1654, in arange\n    return _semantic.arange(start, end)\n  File "/home/lijiaxing/.conda/envs/api/lib/python3.10/site-packages/triton/language/semantic.py", line 574, in arange\n    raise ValueError("arange\'s arguments must be of type tl.constexpr")\nValueError: arange\'s arguments must be of type tl.constexpr\n', 'runtime_error_name': 'triton.compiler.errors.CompilationError', 'reference_timing_ms': 0.069, 'speed_up': -1.0, 'custom_timing': -1.0}, 'runtime': -1.0, 'runtime_stats': {}}}
2025-08-08 18:16:51,483 - openevolve.llm.ensemble - INFO - Sampled model: deepseek
2025-08-08 18:16:51,500 - openevolve.threaded_parallel - INFO - Iteration 7: Program 2025a93f-d6b1-458c-bfb7-3e286e6440d1 (parent: 0bae245c-c044-4855-b883-05855a432827) completed in 979.44s
2025-08-08 18:16:51,500 - openevolve.threaded_parallel - INFO - Metrics: compiled=1.0000, correctness=0.0000, score=10.0000, stage=wrong_answer, verify_payload={'id': 'level1_68_conv_transposed_3D__square_input__asymmetric_kernel', 'result': {'compiled': True, 'correctness': False, 'metadata': {'hardware': 'NVIDIA L20Y', 'device': 'cuda:5', 'runtime_error': 'Traceback (most recent call last):\n  File "/home/lijiaxing/.conda/envs/api/lib/python3.10/site-packages/triton/language/core.py", line 42, in wrapper\n    return fn(*args, **kwargs)\n  File "/home/lijiaxing/.conda/envs/api/lib/python3.10/site-packages/triton/language/core.py", line 1654, in arange\n    return _semantic.arange(start, end)\n  File "/home/lijiaxing/.conda/envs/api/lib/python3.10/site-packages/triton/language/semantic.py", line 574, in arange\n    raise ValueError("arange\'s arguments must be of type tl.constexpr")\nValueError: arange\'s arguments must be of type tl.constexpr\n\nThe above exception was the direct cause of the following exception:\n\nTraceback (most recent call last):\n  File "/cpfs01/shared/llm_kernel/hujiakai/KernelLLM/validation_api_server/helpers/evaluations.py", line 720, in run_and_check_correctness\n    output_new = model_new(*inputs)\n  File "/home/lijiaxing/.conda/envs/api/lib/python3.10/site-packages/torch/nn/modules/module.py", line 1773, in _wrapped_call_impl\n    return self._call_impl(*args, **kwargs)\n  File "/home/lijiaxing/.conda/envs/api/lib/python3.10/site-packages/torch/nn/modules/module.py", line 1784, in _call_impl\n    return forward_call(*args, **kwargs)\n  File "/tmp/tmp4pp_81lt.py", line 72, in forward\n    self._conv_transpose3d_kernel[grid](\n  File "/home/lijiaxing/.conda/envs/api/lib/python3.10/site-packages/triton/runtime/jit.py", line 390, in <lambda>\n    return lambda *args, **kwargs: self.run(grid=grid, warmup=False, *args, **kwargs)\n  File "/home/lijiaxing/.conda/envs/api/lib/python3.10/site-packages/triton/runtime/jit.py", line 594, in run\n    kernel = self.compile(src, target=target, options=options.__dict__)\n  File "/home/lijiaxing/.conda/envs/api/lib/python3.10/site-packages/triton/compiler/compiler.py", line 339, in compile\n    module = src.make_ir(options, codegen_fns, module_map, context)\n  File "/home/lijiaxing/.conda/envs/api/lib/python3.10/site-packages/triton/compiler/compiler.py", line 83, in make_ir\n    return ast_to_ttir(self.fn, self, context=context, options=options, codegen_fns=codegen_fns,\ntriton.compiler.errors.CompilationError: at 56:18:\n    in_bounds = cond_int & (d_in_val >= 0) & (d_in_val < depth) & (w_in_val >= 0) & (w_in_val < width) & (h_in_val >= 0) & (h_in_val < height)\n\n    # Compute kernel indices\n    k_d = (d_out + padding_d) - d_in_val * stride_d\n    k_w = (w_out + padding_w) - w_in_val * stride_w\n    k_h = (h_out + padding_h) - h_in_val * stride_h\n\n    # Check kernel bounds per element\n    kernel_bounds = in_bounds & (k_d >= 0) & (k_d < kernel_d) & (k_w >= 0) & (k_w < kernel_w) & (k_h >= 0) & (k_h < kernel_h)\n\n    # Create channel dimension mask\n    channel_idx = tl.arange(0, in_channels)\n                  ^\n\n\nThe above exception was the direct cause of the following exception:\n\nTraceback (most recent call last):\n  File "/home/lijiaxing/.conda/envs/api/lib/python3.10/site-packages/triton/language/core.py", line 42, in wrapper\n    return fn(*args, **kwargs)\n  File "/home/lijiaxing/.conda/envs/api/lib/python3.10/site-packages/triton/language/core.py", line 1654, in arange\n    return _semantic.arange(start, end)\n  File "/home/lijiaxing/.conda/envs/api/lib/python3.10/site-packages/triton/language/semantic.py", line 574, in arange\n    raise ValueError("arange\'s arguments must be of type tl.constexpr")\nValueError: arange\'s arguments must be of type tl.constexpr\n', 'runtime_error_name': 'triton.compiler.errors.CompilationError', 'reference_timing_ms': 0.069, 'speed_up': -1.0, 'custom_timing': -1.0}, 'runtime': -1.0, 'runtime_stats': {}}}
2025-08-08 18:27:55,440 - openevolve.RemoteSpeedupEvaluator - INFO - [level1_68_conv_transposed_3D__square_input__asymmetric_kernel] triton key words check pass
2025-08-08 18:27:55,442 - openevolve.RemoteSpeedupEvaluator - INFO - [level1_68_conv_transposed_3D__square_input__asymmetric_kernel] verify_plus payload: reference_code(2265 chars) + custom_code(7117 chars)
2025-08-08 18:27:59,050 - openevolve.RemoteSpeedupEvaluator - INFO - [level1_68_conv_transposed_3D__square_input__asymmetric_kernel] verify_plus request success
2025-08-08 18:27:59,051 - openevolve.RemoteSpeedupEvaluator - INFO - [level1_68_conv_transposed_3D__square_input__asymmetric_kernel] verify_plus response: {"id":"level1_68_conv_transposed_3D__square_input__asymmetric_kernel","result":{"compiled":true,"correctness":false,"metadata":{"hardware":"NVIDIA L20Y","device":"cuda:2","runtime_error":"Traceback (most recent call last):\n  File \"/home/lijiaxing/.conda/envs/api/lib/python3.10/site-packages/triton/language/core.py\", line 42, in wrapper\n    return fn(*args, **kwargs)\n  File \"/home/lijiaxing/.conda/envs/api/lib/python3.10/site-packages/triton/language/core.py\", line 1654, in arange\n    return _semantic.arange(start, end)\n  File \"/home/lijiaxing/.conda/envs/api/lib/python3.10/site-packages/triton/language/semantic.py\", line 574, in arange\n    raise ValueError(\"arange's arguments must be of type tl.constexpr\")\nValueError: arange's arguments must be of type tl.constexpr\n\nThe ab
2025-08-08 18:27:59,051 - openevolve.RemoteSpeedupEvaluator - INFO - [level1_68_conv_transposed_3D__square_input__asymmetric_kernel] âœ˜ wrong_answer
2025-08-08 18:27:59,051 - openevolve.evaluator - INFO - Evaluated program 2bbca397-53f0-4bdb-93b9-91b8a9de83f1 in 3.61s: compiled=1.0000, correctness=0.0000, score=10.0000, stage=wrong_answer, verify_payload={'id': 'level1_68_conv_transposed_3D__square_input__asymmetric_kernel', 'result': {'compiled': True, 'correctness': False, 'metadata': {'hardware': 'NVIDIA L20Y', 'device': 'cuda:2', 'runtime_error': 'Traceback (most recent call last):\n  File "/home/lijiaxing/.conda/envs/api/lib/python3.10/site-packages/triton/language/core.py", line 42, in wrapper\n    return fn(*args, **kwargs)\n  File "/home/lijiaxing/.conda/envs/api/lib/python3.10/site-packages/triton/language/core.py", line 1654, in arange\n    return _semantic.arange(start, end)\n  File "/home/lijiaxing/.conda/envs/api/lib/python3.10/site-packages/triton/language/semantic.py", line 574, in arange\n    raise ValueError("arange\'s arguments must be of type tl.constexpr")\nValueError: arange\'s arguments must be of type tl.constexpr\n\nThe above exception was the direct cause of the following exception:\n\nTraceback (most recent call last):\n  File "/cpfs01/shared/llm_kernel/hujiakai/KernelLLM/validation_api_server/helpers/evaluations.py", line 720, in run_and_check_correctness\n    output_new = model_new(*inputs)\n  File "/home/lijiaxing/.conda/envs/api/lib/python3.10/site-packages/torch/nn/modules/module.py", line 1773, in _wrapped_call_impl\n    return self._call_impl(*args, **kwargs)\n  File "/home/lijiaxing/.conda/envs/api/lib/python3.10/site-packages/torch/nn/modules/module.py", line 1784, in _call_impl\n    return forward_call(*args, **kwargs)\n  File "/tmp/tmpz8eqm1nk.py", line 72, in forward\n    self._conv_transpose3d_kernel[grid](\n  File "/home/lijiaxing/.conda/envs/api/lib/python3.10/site-packages/triton/runtime/jit.py", line 390, in <lambda>\n    return lambda *args, **kwargs: self.run(grid=grid, warmup=False, *args, **kwargs)\n  File "/home/lijiaxing/.conda/envs/api/lib/python3.10/site-packages/triton/runtime/jit.py", line 594, in run\n    kernel = self.compile(src, target=target, options=options.__dict__)\n  File "/home/lijiaxing/.conda/envs/api/lib/python3.10/site-packages/triton/compiler/compiler.py", line 339, in compile\n    module = src.make_ir(options, codegen_fns, module_map, context)\n  File "/home/lijiaxing/.conda/envs/api/lib/python3.10/site-packages/triton/compiler/compiler.py", line 83, in make_ir\n    return ast_to_ttir(self.fn, self, context=context, options=options, codegen_fns=codegen_fns,\ntriton.compiler.errors.CompilationError: at 61:12:\n\n    # Check kernel bounds\n    kernel_bounds = (k_d >= 0) & (k_d < kernel_d) & \\\n                   (k_w >= 0) & (k_w < kernel_w) & \\\n                   (k_h >= 0) & (k_h < kernel_h)\n\n    # Combine conditions for valid computation\n    valid = d_in_int & w_in_int & h_in_int & in_bounds & kernel_bounds\n\n    # Compute flat indices\n    x_idx = b_out * in_channels * depth * width * height + \\\n            tl.arange(0, in_channels)[None, :] * depth * width * height + \\\n            ^\n\n\nThe above exception was the direct cause of the following exception:\n\nTraceback (most recent call last):\n  File "/home/lijiaxing/.conda/envs/api/lib/python3.10/site-packages/triton/language/core.py", line 42, in wrapper\n    return fn(*args, **kwargs)\n  File "/home/lijiaxing/.conda/envs/api/lib/python3.10/site-packages/triton/language/core.py", line 1654, in arange\n    return _semantic.arange(start, end)\n  File "/home/lijiaxing/.conda/envs/api/lib/python3.10/site-packages/triton/language/semantic.py", line 574, in arange\n    raise ValueError("arange\'s arguments must be of type tl.constexpr")\nValueError: arange\'s arguments must be of type tl.constexpr\n', 'runtime_error_name': 'triton.compiler.errors.CompilationError', 'reference_timing_ms': 0.069, 'speed_up': -1.0, 'custom_timing': -1.0}, 'runtime': -1.0, 'runtime_stats': {}}}
2025-08-08 18:27:59,055 - openevolve.llm.ensemble - INFO - Sampled model: deepseek
2025-08-08 18:27:59,071 - openevolve.threaded_parallel - INFO - Iteration 10: Program 2bbca397-53f0-4bdb-93b9-91b8a9de83f1 (parent: 0bae245c-c044-4855-b883-05855a432827) completed in 958.41s
2025-08-08 18:27:59,071 - openevolve.threaded_parallel - INFO - Metrics: compiled=1.0000, correctness=0.0000, score=10.0000, stage=wrong_answer, verify_payload={'id': 'level1_68_conv_transposed_3D__square_input__asymmetric_kernel', 'result': {'compiled': True, 'correctness': False, 'metadata': {'hardware': 'NVIDIA L20Y', 'device': 'cuda:2', 'runtime_error': 'Traceback (most recent call last):\n  File "/home/lijiaxing/.conda/envs/api/lib/python3.10/site-packages/triton/language/core.py", line 42, in wrapper\n    return fn(*args, **kwargs)\n  File "/home/lijiaxing/.conda/envs/api/lib/python3.10/site-packages/triton/language/core.py", line 1654, in arange\n    return _semantic.arange(start, end)\n  File "/home/lijiaxing/.conda/envs/api/lib/python3.10/site-packages/triton/language/semantic.py", line 574, in arange\n    raise ValueError("arange\'s arguments must be of type tl.constexpr")\nValueError: arange\'s arguments must be of type tl.constexpr\n\nThe above exception was the direct cause of the following exception:\n\nTraceback (most recent call last):\n  File "/cpfs01/shared/llm_kernel/hujiakai/KernelLLM/validation_api_server/helpers/evaluations.py", line 720, in run_and_check_correctness\n    output_new = model_new(*inputs)\n  File "/home/lijiaxing/.conda/envs/api/lib/python3.10/site-packages/torch/nn/modules/module.py", line 1773, in _wrapped_call_impl\n    return self._call_impl(*args, **kwargs)\n  File "/home/lijiaxing/.conda/envs/api/lib/python3.10/site-packages/torch/nn/modules/module.py", line 1784, in _call_impl\n    return forward_call(*args, **kwargs)\n  File "/tmp/tmpz8eqm1nk.py", line 72, in forward\n    self._conv_transpose3d_kernel[grid](\n  File "/home/lijiaxing/.conda/envs/api/lib/python3.10/site-packages/triton/runtime/jit.py", line 390, in <lambda>\n    return lambda *args, **kwargs: self.run(grid=grid, warmup=False, *args, **kwargs)\n  File "/home/lijiaxing/.conda/envs/api/lib/python3.10/site-packages/triton/runtime/jit.py", line 594, in run\n    kernel = self.compile(src, target=target, options=options.__dict__)\n  File "/home/lijiaxing/.conda/envs/api/lib/python3.10/site-packages/triton/compiler/compiler.py", line 339, in compile\n    module = src.make_ir(options, codegen_fns, module_map, context)\n  File "/home/lijiaxing/.conda/envs/api/lib/python3.10/site-packages/triton/compiler/compiler.py", line 83, in make_ir\n    return ast_to_ttir(self.fn, self, context=context, options=options, codegen_fns=codegen_fns,\ntriton.compiler.errors.CompilationError: at 61:12:\n\n    # Check kernel bounds\n    kernel_bounds = (k_d >= 0) & (k_d < kernel_d) & \\\n                   (k_w >= 0) & (k_w < kernel_w) & \\\n                   (k_h >= 0) & (k_h < kernel_h)\n\n    # Combine conditions for valid computation\n    valid = d_in_int & w_in_int & h_in_int & in_bounds & kernel_bounds\n\n    # Compute flat indices\n    x_idx = b_out * in_channels * depth * width * height + \\\n            tl.arange(0, in_channels)[None, :] * depth * width * height + \\\n            ^\n\n\nThe above exception was the direct cause of the following exception:\n\nTraceback (most recent call last):\n  File "/home/lijiaxing/.conda/envs/api/lib/python3.10/site-packages/triton/language/core.py", line 42, in wrapper\n    return fn(*args, **kwargs)\n  File "/home/lijiaxing/.conda/envs/api/lib/python3.10/site-packages/triton/language/core.py", line 1654, in arange\n    return _semantic.arange(start, end)\n  File "/home/lijiaxing/.conda/envs/api/lib/python3.10/site-packages/triton/language/semantic.py", line 574, in arange\n    raise ValueError("arange\'s arguments must be of type tl.constexpr")\nValueError: arange\'s arguments must be of type tl.constexpr\n', 'runtime_error_name': 'triton.compiler.errors.CompilationError', 'reference_timing_ms': 0.069, 'speed_up': -1.0, 'custom_timing': -1.0}, 'runtime': -1.0, 'runtime_stats': {}}}
2025-08-08 18:31:34,619 - openevolve.RemoteSpeedupEvaluator - INFO - [level1_68_conv_transposed_3D__square_input__asymmetric_kernel] triton key words check pass
2025-08-08 18:31:34,620 - openevolve.RemoteSpeedupEvaluator - INFO - [level1_68_conv_transposed_3D__square_input__asymmetric_kernel] verify_plus payload: reference_code(2265 chars) + custom_code(9098 chars)
2025-08-08 18:31:38,399 - openevolve.RemoteSpeedupEvaluator - INFO - [level1_68_conv_transposed_3D__square_input__asymmetric_kernel] verify_plus request success
2025-08-08 18:31:38,399 - openevolve.RemoteSpeedupEvaluator - INFO - [level1_68_conv_transposed_3D__square_input__asymmetric_kernel] verify_plus response: {"id":"level1_68_conv_transposed_3D__square_input__asymmetric_kernel","result":{"compiled":true,"correctness":false,"metadata":{"hardware":"NVIDIA L20Y","device":"cuda:7","runtime_error":"Traceback (most recent call last):\n  File \"/cpfs01/shared/llm_kernel/hujiakai/KernelLLM/validation_api_server/helpers/evaluations.py\", line 720, in run_and_check_correctness\n    output_new = model_new(*inputs)\n  File \"/home/lijiaxing/.conda/envs/api/lib/python3.10/site-packages/torch/nn/modules/module.py\", line 1773, in _wrapped_call_impl\n    return self._call_impl(*args, **kwargs)\n  File \"/home/lijiaxing/.conda/envs/api/lib/python3.10/site-packages/torch/nn/modules/module.py\", line 1784, in _call_impl\n    return forward_call(*args, **kwargs)\n  File \"/tmp/tmpyxc9g5wg.py\", line 68, in forwar
2025-08-08 18:31:38,399 - openevolve.RemoteSpeedupEvaluator - INFO - [level1_68_conv_transposed_3D__square_input__asymmetric_kernel] âœ˜ wrong_answer
2025-08-08 18:31:38,399 - openevolve.evaluator - INFO - Evaluated program a77baa26-bf07-4c42-9bd6-14471eb4e9ad in 3.78s: compiled=1.0000, correctness=0.0000, score=10.0000, stage=wrong_answer, verify_payload={'id': 'level1_68_conv_transposed_3D__square_input__asymmetric_kernel', 'result': {'compiled': True, 'correctness': False, 'metadata': {'hardware': 'NVIDIA L20Y', 'device': 'cuda:7', 'runtime_error': 'Traceback (most recent call last):\n  File "/cpfs01/shared/llm_kernel/hujiakai/KernelLLM/validation_api_server/helpers/evaluations.py", line 720, in run_and_check_correctness\n    output_new = model_new(*inputs)\n  File "/home/lijiaxing/.conda/envs/api/lib/python3.10/site-packages/torch/nn/modules/module.py", line 1773, in _wrapped_call_impl\n    return self._call_impl(*args, **kwargs)\n  File "/home/lijiaxing/.conda/envs/api/lib/python3.10/site-packages/torch/nn/modules/module.py", line 1784, in _call_impl\n    return forward_call(*args, **kwargs)\n  File "/tmp/tmpyxc9g5wg.py", line 68, in forward\n    self._conv_transpose3d_kernel[grid](\n  File "/home/lijiaxing/.conda/envs/api/lib/python3.10/site-packages/triton/runtime/jit.py", line 390, in <lambda>\n    return lambda *args, **kwargs: self.run(grid=grid, warmup=False, *args, **kwargs)\n  File "/home/lijiaxing/.conda/envs/api/lib/python3.10/site-packages/triton/runtime/jit.py", line 594, in run\n    kernel = self.compile(src, target=target, options=options.__dict__)\n  File "/home/lijiaxing/.conda/envs/api/lib/python3.10/site-packages/triton/compiler/compiler.py", line 339, in compile\n    module = src.make_ir(options, codegen_fns, module_map, context)\n  File "/home/lijiaxing/.conda/envs/api/lib/python3.10/site-packages/triton/compiler/compiler.py", line 83, in make_ir\n    return ast_to_ttir(self.fn, self, context=context, options=options, codegen_fns=codegen_fns,\ntriton.compiler.errors.UnsupportedLanguageConstruct: at 48:8:\n    # Vectorize over input channels\n    VEC_SIZE = 16  # Optimized for H100 vector units\n    num_vectors = tl.cdiv(group_size, VEC_SIZE)\n\n    # Precompute spatial offsets\n    spatial_size = depth * width * height\n    weight_spatial_size = kernel_d * kernel_w * kernel_h\n\n    # Compute input position\n    for kd in range(kernel_d):\n        d_in = d_out - kd + pad_d\n        if d_in < 0 or d_in >= depth * stride_d:\n        ^\nBoolean value of Tensor with more than one value is ambiguous\n', 'runtime_error_name': 'triton.compiler.errors.UnsupportedLanguageConstruct', 'reference_timing_ms': 0.069, 'speed_up': -1.0, 'custom_timing': -1.0}, 'runtime': -1.0, 'runtime_stats': {}}}
2025-08-08 18:31:38,403 - openevolve.llm.ensemble - INFO - Sampled model: deepseek
2025-08-08 18:31:38,417 - openevolve.threaded_parallel - INFO - Iteration 9: Program a77baa26-bf07-4c42-9bd6-14471eb4e9ad (parent: 879de6c5-54fe-4fff-a414-7f83546d4bc5) completed in 1383.35s
2025-08-08 18:31:38,417 - openevolve.threaded_parallel - INFO - Metrics: compiled=1.0000, correctness=0.0000, score=10.0000, stage=wrong_answer, verify_payload={'id': 'level1_68_conv_transposed_3D__square_input__asymmetric_kernel', 'result': {'compiled': True, 'correctness': False, 'metadata': {'hardware': 'NVIDIA L20Y', 'device': 'cuda:7', 'runtime_error': 'Traceback (most recent call last):\n  File "/cpfs01/shared/llm_kernel/hujiakai/KernelLLM/validation_api_server/helpers/evaluations.py", line 720, in run_and_check_correctness\n    output_new = model_new(*inputs)\n  File "/home/lijiaxing/.conda/envs/api/lib/python3.10/site-packages/torch/nn/modules/module.py", line 1773, in _wrapped_call_impl\n    return self._call_impl(*args, **kwargs)\n  File "/home/lijiaxing/.conda/envs/api/lib/python3.10/site-packages/torch/nn/modules/module.py", line 1784, in _call_impl\n    return forward_call(*args, **kwargs)\n  File "/tmp/tmpyxc9g5wg.py", line 68, in forward\n    self._conv_transpose3d_kernel[grid](\n  File "/home/lijiaxing/.conda/envs/api/lib/python3.10/site-packages/triton/runtime/jit.py", line 390, in <lambda>\n    return lambda *args, **kwargs: self.run(grid=grid, warmup=False, *args, **kwargs)\n  File "/home/lijiaxing/.conda/envs/api/lib/python3.10/site-packages/triton/runtime/jit.py", line 594, in run\n    kernel = self.compile(src, target=target, options=options.__dict__)\n  File "/home/lijiaxing/.conda/envs/api/lib/python3.10/site-packages/triton/compiler/compiler.py", line 339, in compile\n    module = src.make_ir(options, codegen_fns, module_map, context)\n  File "/home/lijiaxing/.conda/envs/api/lib/python3.10/site-packages/triton/compiler/compiler.py", line 83, in make_ir\n    return ast_to_ttir(self.fn, self, context=context, options=options, codegen_fns=codegen_fns,\ntriton.compiler.errors.UnsupportedLanguageConstruct: at 48:8:\n    # Vectorize over input channels\n    VEC_SIZE = 16  # Optimized for H100 vector units\n    num_vectors = tl.cdiv(group_size, VEC_SIZE)\n\n    # Precompute spatial offsets\n    spatial_size = depth * width * height\n    weight_spatial_size = kernel_d * kernel_w * kernel_h\n\n    # Compute input position\n    for kd in range(kernel_d):\n        d_in = d_out - kd + pad_d\n        if d_in < 0 or d_in >= depth * stride_d:\n        ^\nBoolean value of Tensor with more than one value is ambiguous\n', 'runtime_error_name': 'triton.compiler.errors.UnsupportedLanguageConstruct', 'reference_timing_ms': 0.069, 'speed_up': -1.0, 'custom_timing': -1.0}, 'runtime': -1.0, 'runtime_stats': {}}}
2025-08-08 18:31:38,417 - openevolve.threaded_parallel - INFO - Checkpoint interval reached at iteration 9
2025-08-08 18:31:38,419 - openevolve.database - INFO - Island Status:
2025-08-08 18:31:38,420 - openevolve.database - INFO -  * Island 0: 6 programs, best=10.0000, avg=6.8333, diversity=375.83, gen=5 (best: 0bae245c-c044-4855-b883-05855a432827)
2025-08-08 18:31:38,420 - openevolve.database - INFO -    Island 1: 4 programs, best=10.0000, avg=-45.0000, diversity=94.10, gen=3 (best: 2bbca397-53f0-4bdb-93b9-91b8a9de83f1)
2025-08-08 18:31:38,420 - openevolve.database - INFO -    Island 2: 4 programs, best=10.0000, avg=10.0000, diversity=304.15, gen=3 (best: 3d0d7240-5ee6-47ee-ba4d-3f933bace1b4)
2025-08-08 18:31:38,562 - openevolve.database - INFO - Saved database with 12 programs to openevolve_output/level1_68_conv_transposed_3D__square_input__asymmetric_kernel/checkpoints/checkpoint_9
2025-08-08 18:31:38,579 - openevolve.controller - INFO - Saved best program at checkpoint 9 with metrics: compiled=1.0000, correctness=0.0000, score=10.0000, stage=wrong_answer, verify_payload={'id': 'level1_68_conv_transposed_3D__square_input__asymmetric_kernel', 'result': {'compiled': True, 'correctness': False, 'metadata': {'hardware': 'NVIDIA L20Y', 'device': 'cuda:0', 'runtime_error': 'Traceback (most recent call last):\n  File "/cpfs01/shared/llm_kernel/hujiakai/KernelLLM/validation_api_server/helpers/evaluations.py", line 720, in run_and_check_correctness\n    output_new = model_new(*inputs)\n  File "/home/lijiaxing/.conda/envs/api/lib/python3.10/site-packages/torch/nn/modules/module.py", line 1773, in _wrapped_call_impl\n    return self._call_impl(*args, **kwargs)\n  File "/home/lijiaxing/.conda/envs/api/lib/python3.10/site-packages/torch/nn/modules/module.py", line 1784, in _call_impl\n    return forward_call(*args, **kwargs)\n  File "/tmp/tmp_awste1k.py", line 72, in forward\n    self._conv_transpose3d_kernel[grid](\n  File "/home/lijiaxing/.conda/envs/api/lib/python3.10/site-packages/triton/runtime/jit.py", line 390, in <lambda>\n    return lambda *args, **kwargs: self.run(grid=grid, warmup=False, *args, **kwargs)\n  File "/home/lijiaxing/.conda/envs/api/lib/python3.10/site-packages/triton/runtime/jit.py", line 594, in run\n    kernel = self.compile(src, target=target, options=options.__dict__)\n  File "/home/lijiaxing/.conda/envs/api/lib/python3.10/site-packages/triton/compiler/compiler.py", line 281, in compile\n    key = f"{triton_key()}-{src.hash()}-{backend.hash()}-{options.hash()}-{str(sorted(env_vars.items()))}"\n  File "/home/lijiaxing/.conda/envs/api/lib/python3.10/site-packages/triton/compiler/compiler.py", line 78, in hash\n    key = f"{self.fn.cache_key}-{str(self.attrs)}-{sorted_sig}-{constants_key}"\n  File "/home/lijiaxing/.conda/envs/api/lib/python3.10/site-packages/triton/runtime/jit.py", line 696, in cache_key\n    dependencies_finder.visit(self.parse())\n  File "/home/lijiaxing/.conda/envs/api/lib/python3.10/ast.py", line 418, in visit\n    return visitor(node)\n  File "/home/lijiaxing/.conda/envs/api/lib/python3.10/ast.py", line 426, in generic_visit\n    self.visit(item)\n  File "/home/lijiaxing/.conda/envs/api/lib/python3.10/ast.py", line 418, in visit\n    return visitor(node)\n  File "/home/lijiaxing/.conda/envs/api/lib/python3.10/site-packages/triton/runtime/jit.py", line 163, in visit_FunctionDef\n    self.generic_visit(node)\n  File "/home/lijiaxing/.conda/envs/api/lib/python3.10/ast.py", line 426, in generic_visit\n    self.visit(item)\n  File "/home/lijiaxing/.conda/envs/api/lib/python3.10/ast.py", line 418, in visit\n    return visitor(node)\n  File "/home/lijiaxing/.conda/envs/api/lib/python3.10/ast.py", line 428, in generic_visit\n    self.visit(value)\n  File "/home/lijiaxing/.conda/envs/api/lib/python3.10/ast.py", line 418, in visit\n    return visitor(node)\n  File "/home/lijiaxing/.conda/envs/api/lib/python3.10/ast.py", line 428, in generic_visit\n    self.visit(value)\n  File "/home/lijiaxing/.conda/envs/api/lib/python3.10/ast.py", line 418, in visit\n    return visitor(node)\n  File "/home/lijiaxing/.conda/envs/api/lib/python3.10/site-packages/triton/runtime/jit.py", line 156, in visit_Attribute\n    ret = getattr(lhs, node.attr)\nAttributeError: module \'triton.language\' has no attribute \'all\'\n', 'runtime_error_name': 'builtins.AttributeError', 'reference_timing_ms': 0.069, 'speed_up': -1.0, 'custom_timing': -1.0}, 'runtime': -1.0, 'runtime_stats': {}}}
2025-08-08 18:31:38,579 - openevolve.controller - INFO - Saved checkpoint at iteration 9 to openevolve_output/level1_68_conv_transposed_3D__square_input__asymmetric_kernel/checkpoints/checkpoint_9
2025-08-08 18:36:26,074 - openevolve.RemoteSpeedupEvaluator - INFO - [level1_68_conv_transposed_3D__square_input__asymmetric_kernel] triton key words check pass
2025-08-08 18:36:26,075 - openevolve.RemoteSpeedupEvaluator - INFO - [level1_68_conv_transposed_3D__square_input__asymmetric_kernel] verify_plus payload: reference_code(2265 chars) + custom_code(7237 chars)
2025-08-08 18:36:29,710 - openevolve.RemoteSpeedupEvaluator - INFO - [level1_68_conv_transposed_3D__square_input__asymmetric_kernel] verify_plus request success
2025-08-08 18:36:29,710 - openevolve.RemoteSpeedupEvaluator - INFO - [level1_68_conv_transposed_3D__square_input__asymmetric_kernel] verify_plus response: {"id":"level1_68_conv_transposed_3D__square_input__asymmetric_kernel","result":{"compiled":true,"correctness":false,"metadata":{"hardware":"NVIDIA L20Y","device":"cuda:4","runtime_error":"Traceback (most recent call last):\n  File \"/cpfs01/shared/llm_kernel/hujiakai/KernelLLM/validation_api_server/helpers/evaluations.py\", line 720, in run_and_check_correctness\n    output_new = model_new(*inputs)\n  File \"/home/lijiaxing/.conda/envs/api/lib/python3.10/site-packages/torch/nn/modules/module.py\", line 1773, in _wrapped_call_impl\n    return self._call_impl(*args, **kwargs)\n  File \"/home/lijiaxing/.conda/envs/api/lib/python3.10/site-packages/torch/nn/modules/module.py\", line 1784, in _call_impl\n    return forward_call(*args, **kwargs)\n  File \"/tmp/tmp0umhsjex.py\", line 72, in forwar
2025-08-08 18:36:29,710 - openevolve.RemoteSpeedupEvaluator - INFO - [level1_68_conv_transposed_3D__square_input__asymmetric_kernel] âœ˜ wrong_answer
2025-08-08 18:36:29,711 - openevolve.evaluator - INFO - Evaluated program de4494fb-a93f-4713-b3d6-a3480f5b330a in 3.64s: compiled=1.0000, correctness=0.0000, score=10.0000, stage=wrong_answer, verify_payload={'id': 'level1_68_conv_transposed_3D__square_input__asymmetric_kernel', 'result': {'compiled': True, 'correctness': False, 'metadata': {'hardware': 'NVIDIA L20Y', 'device': 'cuda:4', 'runtime_error': 'Traceback (most recent call last):\n  File "/cpfs01/shared/llm_kernel/hujiakai/KernelLLM/validation_api_server/helpers/evaluations.py", line 720, in run_and_check_correctness\n    output_new = model_new(*inputs)\n  File "/home/lijiaxing/.conda/envs/api/lib/python3.10/site-packages/torch/nn/modules/module.py", line 1773, in _wrapped_call_impl\n    return self._call_impl(*args, **kwargs)\n  File "/home/lijiaxing/.conda/envs/api/lib/python3.10/site-packages/torch/nn/modules/module.py", line 1784, in _call_impl\n    return forward_call(*args, **kwargs)\n  File "/tmp/tmp0umhsjex.py", line 72, in forward\n    self._conv_transpose3d_kernel[grid](\n  File "/home/lijiaxing/.conda/envs/api/lib/python3.10/site-packages/triton/runtime/jit.py", line 390, in <lambda>\n    return lambda *args, **kwargs: self.run(grid=grid, warmup=False, *args, **kwargs)\n  File "/home/lijiaxing/.conda/envs/api/lib/python3.10/site-packages/triton/runtime/jit.py", line 594, in run\n    kernel = self.compile(src, target=target, options=options.__dict__)\n  File "/home/lijiaxing/.conda/envs/api/lib/python3.10/site-packages/triton/compiler/compiler.py", line 339, in compile\n    module = src.make_ir(options, codegen_fns, module_map, context)\n  File "/home/lijiaxing/.conda/envs/api/lib/python3.10/site-packages/triton/compiler/compiler.py", line 83, in make_ir\n    return ast_to_ttir(self.fn, self, context=context, options=options, codegen_fns=codegen_fns,\ntriton.compiler.errors.CompilationError: at 51:31:\n\n                # Check if indices are integers\n                d_in_floor = tl.math.floor(d_in_val)\n                w_in_floor = tl.math.floor(w_in_val)\n                h_in_floor = tl.math.floor(h_in_val)\n\n                d_in_int = -1\n                w_in_int = -1\n                h_in_int = -1\n\n                if tl.abs(d_in_val - d_in_floor) < 1e-5:\n                    d_in_int = tl.int32(d_in_floor)\n                               ^\nTypeError("\'dtype\' object is not callable")\n\n\nThe above exception was the direct cause of the following exception:\n\nTypeError: \'dtype\' object is not callable\n', 'runtime_error_name': 'triton.compiler.errors.CompilationError', 'reference_timing_ms': 0.069, 'speed_up': -1.0, 'custom_timing': -1.0}, 'runtime': -1.0, 'runtime_stats': {}}}
2025-08-08 18:36:29,714 - openevolve.database - INFO - New MAP-Elites cell occupied: {'score': 9, 'complexity': 7}
2025-08-08 18:36:29,715 - openevolve.llm.ensemble - INFO - Sampled model: deepseek
2025-08-08 18:36:29,725 - openevolve.threaded_parallel - INFO - Iteration 11: Program de4494fb-a93f-4713-b3d6-a3480f5b330a (parent: ec3f29b1-6e9b-4e34-8eba-1f9685a3d829) completed in 1178.23s
2025-08-08 18:36:29,726 - openevolve.threaded_parallel - INFO - Metrics: compiled=1.0000, correctness=0.0000, score=10.0000, stage=wrong_answer, verify_payload={'id': 'level1_68_conv_transposed_3D__square_input__asymmetric_kernel', 'result': {'compiled': True, 'correctness': False, 'metadata': {'hardware': 'NVIDIA L20Y', 'device': 'cuda:4', 'runtime_error': 'Traceback (most recent call last):\n  File "/cpfs01/shared/llm_kernel/hujiakai/KernelLLM/validation_api_server/helpers/evaluations.py", line 720, in run_and_check_correctness\n    output_new = model_new(*inputs)\n  File "/home/lijiaxing/.conda/envs/api/lib/python3.10/site-packages/torch/nn/modules/module.py", line 1773, in _wrapped_call_impl\n    return self._call_impl(*args, **kwargs)\n  File "/home/lijiaxing/.conda/envs/api/lib/python3.10/site-packages/torch/nn/modules/module.py", line 1784, in _call_impl\n    return forward_call(*args, **kwargs)\n  File "/tmp/tmp0umhsjex.py", line 72, in forward\n    self._conv_transpose3d_kernel[grid](\n  File "/home/lijiaxing/.conda/envs/api/lib/python3.10/site-packages/triton/runtime/jit.py", line 390, in <lambda>\n    return lambda *args, **kwargs: self.run(grid=grid, warmup=False, *args, **kwargs)\n  File "/home/lijiaxing/.conda/envs/api/lib/python3.10/site-packages/triton/runtime/jit.py", line 594, in run\n    kernel = self.compile(src, target=target, options=options.__dict__)\n  File "/home/lijiaxing/.conda/envs/api/lib/python3.10/site-packages/triton/compiler/compiler.py", line 339, in compile\n    module = src.make_ir(options, codegen_fns, module_map, context)\n  File "/home/lijiaxing/.conda/envs/api/lib/python3.10/site-packages/triton/compiler/compiler.py", line 83, in make_ir\n    return ast_to_ttir(self.fn, self, context=context, options=options, codegen_fns=codegen_fns,\ntriton.compiler.errors.CompilationError: at 51:31:\n\n                # Check if indices are integers\n                d_in_floor = tl.math.floor(d_in_val)\n                w_in_floor = tl.math.floor(w_in_val)\n                h_in_floor = tl.math.floor(h_in_val)\n\n                d_in_int = -1\n                w_in_int = -1\n                h_in_int = -1\n\n                if tl.abs(d_in_val - d_in_floor) < 1e-5:\n                    d_in_int = tl.int32(d_in_floor)\n                               ^\nTypeError("\'dtype\' object is not callable")\n\n\nThe above exception was the direct cause of the following exception:\n\nTypeError: \'dtype\' object is not callable\n', 'runtime_error_name': 'triton.compiler.errors.CompilationError', 'reference_timing_ms': 0.069, 'speed_up': -1.0, 'custom_timing': -1.0}, 'runtime': -1.0, 'runtime_stats': {}}}
2025-08-08 18:42:03,182 - openevolve.RemoteSpeedupEvaluator - INFO - [level1_68_conv_transposed_3D__square_input__asymmetric_kernel] âœ˜ invalid_answer 'import triton' is not found
2025-08-08 18:42:03,183 - openevolve.evaluator - INFO - Evaluated program 5e266f82-728c-4409-8b38-de27c40bf13d in 0.00s: compiled=0.0000, correctness=0.0000, score=-100.0000, stage=no_valid_triton_code, feedback=You need to generate real and valid triton code for the core function. The key word 'import triton' is not found.
2025-08-08 18:42:03,187 - openevolve.llm.ensemble - INFO - Sampled model: deepseek
2025-08-08 18:42:03,193 - openevolve.database - INFO - New MAP-Elites cell occupied: {'score': -1000, 'complexity': 0}
2025-08-08 18:42:03,206 - openevolve.threaded_parallel - INFO - Iteration 12: Program 5e266f82-728c-4409-8b38-de27c40bf13d (parent: 0bae245c-c044-4855-b883-05855a432827) completed in 844.13s
2025-08-08 18:42:03,206 - openevolve.threaded_parallel - INFO - Metrics: compiled=0.0000, correctness=0.0000, score=-100.0000, stage=no_valid_triton_code, feedback=You need to generate real and valid triton code for the core function. The key word 'import triton' is not found.
2025-08-08 18:42:03,206 - openevolve.threaded_parallel - INFO - Checkpoint interval reached at iteration 12
2025-08-08 18:42:03,208 - openevolve.database - INFO - Island Status:
2025-08-08 18:42:03,208 - openevolve.database - INFO -    Island 0: 7 programs, best=10.0000, avg=7.2857, diversity=375.83, gen=5 (best: 0bae245c-c044-4855-b883-05855a432827)
2025-08-08 18:42:03,209 - openevolve.database - INFO -    Island 1: 5 programs, best=10.0000, avg=-56.0000, diversity=939.78, gen=4 (best: 2bbca397-53f0-4bdb-93b9-91b8a9de83f1)
2025-08-08 18:42:03,209 - openevolve.database - INFO -  * Island 2: 4 programs, best=10.0000, avg=10.0000, diversity=304.15, gen=4 (best: 3d0d7240-5ee6-47ee-ba4d-3f933bace1b4)
2025-08-08 18:42:03,393 - openevolve.database - INFO - Saved database with 14 programs to openevolve_output/level1_68_conv_transposed_3D__square_input__asymmetric_kernel/checkpoints/checkpoint_12
2025-08-08 18:42:03,409 - openevolve.controller - INFO - Saved best program at checkpoint 12 with metrics: compiled=1.0000, correctness=0.0000, score=10.0000, stage=wrong_answer, verify_payload={'id': 'level1_68_conv_transposed_3D__square_input__asymmetric_kernel', 'result': {'compiled': True, 'correctness': False, 'metadata': {'hardware': 'NVIDIA L20Y', 'device': 'cuda:0', 'runtime_error': 'Traceback (most recent call last):\n  File "/cpfs01/shared/llm_kernel/hujiakai/KernelLLM/validation_api_server/helpers/evaluations.py", line 720, in run_and_check_correctness\n    output_new = model_new(*inputs)\n  File "/home/lijiaxing/.conda/envs/api/lib/python3.10/site-packages/torch/nn/modules/module.py", line 1773, in _wrapped_call_impl\n    return self._call_impl(*args, **kwargs)\n  File "/home/lijiaxing/.conda/envs/api/lib/python3.10/site-packages/torch/nn/modules/module.py", line 1784, in _call_impl\n    return forward_call(*args, **kwargs)\n  File "/tmp/tmp_awste1k.py", line 72, in forward\n    self._conv_transpose3d_kernel[grid](\n  File "/home/lijiaxing/.conda/envs/api/lib/python3.10/site-packages/triton/runtime/jit.py", line 390, in <lambda>\n    return lambda *args, **kwargs: self.run(grid=grid, warmup=False, *args, **kwargs)\n  File "/home/lijiaxing/.conda/envs/api/lib/python3.10/site-packages/triton/runtime/jit.py", line 594, in run\n    kernel = self.compile(src, target=target, options=options.__dict__)\n  File "/home/lijiaxing/.conda/envs/api/lib/python3.10/site-packages/triton/compiler/compiler.py", line 281, in compile\n    key = f"{triton_key()}-{src.hash()}-{backend.hash()}-{options.hash()}-{str(sorted(env_vars.items()))}"\n  File "/home/lijiaxing/.conda/envs/api/lib/python3.10/site-packages/triton/compiler/compiler.py", line 78, in hash\n    key = f"{self.fn.cache_key}-{str(self.attrs)}-{sorted_sig}-{constants_key}"\n  File "/home/lijiaxing/.conda/envs/api/lib/python3.10/site-packages/triton/runtime/jit.py", line 696, in cache_key\n    dependencies_finder.visit(self.parse())\n  File "/home/lijiaxing/.conda/envs/api/lib/python3.10/ast.py", line 418, in visit\n    return visitor(node)\n  File "/home/lijiaxing/.conda/envs/api/lib/python3.10/ast.py", line 426, in generic_visit\n    self.visit(item)\n  File "/home/lijiaxing/.conda/envs/api/lib/python3.10/ast.py", line 418, in visit\n    return visitor(node)\n  File "/home/lijiaxing/.conda/envs/api/lib/python3.10/site-packages/triton/runtime/jit.py", line 163, in visit_FunctionDef\n    self.generic_visit(node)\n  File "/home/lijiaxing/.conda/envs/api/lib/python3.10/ast.py", line 426, in generic_visit\n    self.visit(item)\n  File "/home/lijiaxing/.conda/envs/api/lib/python3.10/ast.py", line 418, in visit\n    return visitor(node)\n  File "/home/lijiaxing/.conda/envs/api/lib/python3.10/ast.py", line 428, in generic_visit\n    self.visit(value)\n  File "/home/lijiaxing/.conda/envs/api/lib/python3.10/ast.py", line 418, in visit\n    return visitor(node)\n  File "/home/lijiaxing/.conda/envs/api/lib/python3.10/ast.py", line 428, in generic_visit\n    self.visit(value)\n  File "/home/lijiaxing/.conda/envs/api/lib/python3.10/ast.py", line 418, in visit\n    return visitor(node)\n  File "/home/lijiaxing/.conda/envs/api/lib/python3.10/site-packages/triton/runtime/jit.py", line 156, in visit_Attribute\n    ret = getattr(lhs, node.attr)\nAttributeError: module \'triton.language\' has no attribute \'all\'\n', 'runtime_error_name': 'builtins.AttributeError', 'reference_timing_ms': 0.069, 'speed_up': -1.0, 'custom_timing': -1.0}, 'runtime': -1.0, 'runtime_stats': {}}}
2025-08-08 18:42:03,409 - openevolve.controller - INFO - Saved checkpoint at iteration 12 to openevolve_output/level1_68_conv_transposed_3D__square_input__asymmetric_kernel/checkpoints/checkpoint_12
2025-08-08 18:42:41,264 - openevolve.RemoteSpeedupEvaluator - INFO - [level1_68_conv_transposed_3D__square_input__asymmetric_kernel] âœ˜ invalid_answer 'import triton' is not found
2025-08-08 18:42:41,266 - openevolve.evaluator - INFO - Evaluated program 337f1fbd-d880-4c4e-b738-381794656f95 in 0.00s: compiled=0.0000, correctness=0.0000, score=-100.0000, stage=no_valid_triton_code, feedback=You need to generate real and valid triton code for the core function. The key word 'import triton' is not found.
2025-08-08 18:42:41,269 - openevolve.llm.ensemble - INFO - Sampled model: deepseek
2025-08-08 18:42:41,313 - openevolve.threaded_parallel - INFO - Iteration 14: Program 337f1fbd-d880-4c4e-b738-381794656f95 (parent: 6a31898b-d9ac-4c56-b8fa-8694838bb764) completed in 371.55s
2025-08-08 18:42:41,313 - openevolve.threaded_parallel - INFO - Metrics: compiled=0.0000, correctness=0.0000, score=-100.0000, stage=no_valid_triton_code, feedback=You need to generate real and valid triton code for the core function. The key word 'import triton' is not found.
2025-08-08 18:53:09,731 - openevolve.RemoteSpeedupEvaluator - INFO - [level1_68_conv_transposed_3D__square_input__asymmetric_kernel] triton key words check pass
2025-08-08 18:53:09,733 - openevolve.RemoteSpeedupEvaluator - INFO - [level1_68_conv_transposed_3D__square_input__asymmetric_kernel] verify_plus payload: reference_code(2265 chars) + custom_code(7741 chars)
2025-08-08 18:53:13,849 - openevolve.RemoteSpeedupEvaluator - INFO - [level1_68_conv_transposed_3D__square_input__asymmetric_kernel] verify_plus request success
2025-08-08 18:53:13,850 - openevolve.RemoteSpeedupEvaluator - INFO - [level1_68_conv_transposed_3D__square_input__asymmetric_kernel] verify_plus response: {"id":"level1_68_conv_transposed_3D__square_input__asymmetric_kernel","result":{"compiled":true,"correctness":false,"metadata":{"hardware":"NVIDIA L20Y","device":"cuda:1","runtime_error":"Traceback (most recent call last):\n  File \"/home/lijiaxing/.conda/envs/api/lib/python3.10/site-packages/triton/language/core.py\", line 42, in wrapper\n    return fn(*args, **kwargs)\n  File \"/home/lijiaxing/.conda/envs/api/lib/python3.10/site-packages/triton/language/core.py\", line 1654, in arange\n    return _semantic.arange(start, end)\n  File \"/home/lijiaxing/.conda/envs/api/lib/python3.10/site-packages/triton/language/semantic.py\", line 574, in arange\n    raise ValueError(\"arange's arguments must be of type tl.constexpr\")\nValueError: arange's arguments must be of type tl.constexpr\n\nThe ab
2025-08-08 18:53:13,850 - openevolve.RemoteSpeedupEvaluator - INFO - [level1_68_conv_transposed_3D__square_input__asymmetric_kernel] âœ˜ wrong_answer
2025-08-08 18:53:13,850 - openevolve.evaluator - INFO - Evaluated program 66ef7320-f818-4a19-bb28-57cac4ca0df3 in 4.12s: compiled=1.0000, correctness=0.0000, score=10.0000, stage=wrong_answer, verify_payload={'id': 'level1_68_conv_transposed_3D__square_input__asymmetric_kernel', 'result': {'compiled': True, 'correctness': False, 'metadata': {'hardware': 'NVIDIA L20Y', 'device': 'cuda:1', 'runtime_error': 'Traceback (most recent call last):\n  File "/home/lijiaxing/.conda/envs/api/lib/python3.10/site-packages/triton/language/core.py", line 42, in wrapper\n    return fn(*args, **kwargs)\n  File "/home/lijiaxing/.conda/envs/api/lib/python3.10/site-packages/triton/language/core.py", line 1654, in arange\n    return _semantic.arange(start, end)\n  File "/home/lijiaxing/.conda/envs/api/lib/python3.10/site-packages/triton/language/semantic.py", line 574, in arange\n    raise ValueError("arange\'s arguments must be of type tl.constexpr")\nValueError: arange\'s arguments must be of type tl.constexpr\n\nThe above exception was the direct cause of the following exception:\n\nTraceback (most recent call last):\n  File "/cpfs01/shared/llm_kernel/hujiakai/KernelLLM/validation_api_server/helpers/evaluations.py", line 720, in run_and_check_correctness\n    output_new = model_new(*inputs)\n  File "/home/lijiaxing/.conda/envs/api/lib/python3.10/site-packages/torch/nn/modules/module.py", line 1773, in _wrapped_call_impl\n    return self._call_impl(*args, **kwargs)\n  File "/home/lijiaxing/.conda/envs/api/lib/python3.10/site-packages/torch/nn/modules/module.py", line 1784, in _call_impl\n    return forward_call(*args, **kwargs)\n  File "/tmp/tmp9ikcv8z6.py", line 72, in forward\n    self._conv_transpose3d_kernel[grid](\n  File "/home/lijiaxing/.conda/envs/api/lib/python3.10/site-packages/triton/runtime/jit.py", line 390, in <lambda>\n    return lambda *args, **kwargs: self.run(grid=grid, warmup=False, *args, **kwargs)\n  File "/home/lijiaxing/.conda/envs/api/lib/python3.10/site-packages/triton/runtime/jit.py", line 594, in run\n    kernel = self.compile(src, target=target, options=options.__dict__)\n  File "/home/lijiaxing/.conda/envs/api/lib/python3.10/site-packages/triton/compiler/compiler.py", line 339, in compile\n    module = src.make_ir(options, codegen_fns, module_map, context)\n  File "/home/lijiaxing/.conda/envs/api/lib/python3.10/site-packages/triton/compiler/compiler.py", line 83, in make_ir\n    return ast_to_ttir(self.fn, self, context=context, options=options, codegen_fns=codegen_fns,\ntriton.compiler.errors.CompilationError: at 72:18:\n    active = mask & condition1 & condition2 & condition3\n\n    # Handle groups\n    group_size_out = out_channels // groups\n    group_idx = c_out // group_size_out\n    c_out_local = c_out % group_size_out\n    channels_per_group = in_channels // groups\n    c_in_start = group_idx * channels_per_group\n    c_in_end = (group_idx + 1) * channels_per_group\n\n    # Create channel dimension\n    channel_idx = tl.arange(0, channels_per_group)\n                  ^\n\n\nThe above exception was the direct cause of the following exception:\n\nTraceback (most recent call last):\n  File "/home/lijiaxing/.conda/envs/api/lib/python3.10/site-packages/triton/language/core.py", line 42, in wrapper\n    return fn(*args, **kwargs)\n  File "/home/lijiaxing/.conda/envs/api/lib/python3.10/site-packages/triton/language/core.py", line 1654, in arange\n    return _semantic.arange(start, end)\n  File "/home/lijiaxing/.conda/envs/api/lib/python3.10/site-packages/triton/language/semantic.py", line 574, in arange\n    raise ValueError("arange\'s arguments must be of type tl.constexpr")\nValueError: arange\'s arguments must be of type tl.constexpr\n', 'runtime_error_name': 'triton.compiler.errors.CompilationError', 'reference_timing_ms': 0.069, 'speed_up': -1.0, 'custom_timing': -1.0}, 'runtime': -1.0, 'runtime_stats': {}}}
2025-08-08 18:53:13,853 - openevolve.database - INFO - New MAP-Elites cell occupied: {'score': 9, 'complexity': 6}
2025-08-08 18:53:13,855 - openevolve.llm.ensemble - INFO - Sampled model: deepseek
2025-08-08 18:53:13,866 - openevolve.threaded_parallel - INFO - Iteration 13: Program 66ef7320-f818-4a19-bb28-57cac4ca0df3 (parent: 0bae245c-c044-4855-b883-05855a432827) completed in 1295.45s
2025-08-08 18:53:13,866 - openevolve.threaded_parallel - INFO - Metrics: compiled=1.0000, correctness=0.0000, score=10.0000, stage=wrong_answer, verify_payload={'id': 'level1_68_conv_transposed_3D__square_input__asymmetric_kernel', 'result': {'compiled': True, 'correctness': False, 'metadata': {'hardware': 'NVIDIA L20Y', 'device': 'cuda:1', 'runtime_error': 'Traceback (most recent call last):\n  File "/home/lijiaxing/.conda/envs/api/lib/python3.10/site-packages/triton/language/core.py", line 42, in wrapper\n    return fn(*args, **kwargs)\n  File "/home/lijiaxing/.conda/envs/api/lib/python3.10/site-packages/triton/language/core.py", line 1654, in arange\n    return _semantic.arange(start, end)\n  File "/home/lijiaxing/.conda/envs/api/lib/python3.10/site-packages/triton/language/semantic.py", line 574, in arange\n    raise ValueError("arange\'s arguments must be of type tl.constexpr")\nValueError: arange\'s arguments must be of type tl.constexpr\n\nThe above exception was the direct cause of the following exception:\n\nTraceback (most recent call last):\n  File "/cpfs01/shared/llm_kernel/hujiakai/KernelLLM/validation_api_server/helpers/evaluations.py", line 720, in run_and_check_correctness\n    output_new = model_new(*inputs)\n  File "/home/lijiaxing/.conda/envs/api/lib/python3.10/site-packages/torch/nn/modules/module.py", line 1773, in _wrapped_call_impl\n    return self._call_impl(*args, **kwargs)\n  File "/home/lijiaxing/.conda/envs/api/lib/python3.10/site-packages/torch/nn/modules/module.py", line 1784, in _call_impl\n    return forward_call(*args, **kwargs)\n  File "/tmp/tmp9ikcv8z6.py", line 72, in forward\n    self._conv_transpose3d_kernel[grid](\n  File "/home/lijiaxing/.conda/envs/api/lib/python3.10/site-packages/triton/runtime/jit.py", line 390, in <lambda>\n    return lambda *args, **kwargs: self.run(grid=grid, warmup=False, *args, **kwargs)\n  File "/home/lijiaxing/.conda/envs/api/lib/python3.10/site-packages/triton/runtime/jit.py", line 594, in run\n    kernel = self.compile(src, target=target, options=options.__dict__)\n  File "/home/lijiaxing/.conda/envs/api/lib/python3.10/site-packages/triton/compiler/compiler.py", line 339, in compile\n    module = src.make_ir(options, codegen_fns, module_map, context)\n  File "/home/lijiaxing/.conda/envs/api/lib/python3.10/site-packages/triton/compiler/compiler.py", line 83, in make_ir\n    return ast_to_ttir(self.fn, self, context=context, options=options, codegen_fns=codegen_fns,\ntriton.compiler.errors.CompilationError: at 72:18:\n    active = mask & condition1 & condition2 & condition3\n\n    # Handle groups\n    group_size_out = out_channels // groups\n    group_idx = c_out // group_size_out\n    c_out_local = c_out % group_size_out\n    channels_per_group = in_channels // groups\n    c_in_start = group_idx * channels_per_group\n    c_in_end = (group_idx + 1) * channels_per_group\n\n    # Create channel dimension\n    channel_idx = tl.arange(0, channels_per_group)\n                  ^\n\n\nThe above exception was the direct cause of the following exception:\n\nTraceback (most recent call last):\n  File "/home/lijiaxing/.conda/envs/api/lib/python3.10/site-packages/triton/language/core.py", line 42, in wrapper\n    return fn(*args, **kwargs)\n  File "/home/lijiaxing/.conda/envs/api/lib/python3.10/site-packages/triton/language/core.py", line 1654, in arange\n    return _semantic.arange(start, end)\n  File "/home/lijiaxing/.conda/envs/api/lib/python3.10/site-packages/triton/language/semantic.py", line 574, in arange\n    raise ValueError("arange\'s arguments must be of type tl.constexpr")\nValueError: arange\'s arguments must be of type tl.constexpr\n', 'runtime_error_name': 'triton.compiler.errors.CompilationError', 'reference_timing_ms': 0.069, 'speed_up': -1.0, 'custom_timing': -1.0}, 'runtime': -1.0, 'runtime_stats': {}}}
2025-08-08 18:58:41,457 - openevolve.RemoteSpeedupEvaluator - INFO - [level1_68_conv_transposed_3D__square_input__asymmetric_kernel] âœ˜ invalid_answer 'tl.load' is not found
2025-08-08 18:58:41,459 - openevolve.evaluator - INFO - Evaluated program 96c8c98b-eef5-49f2-8cf5-c8fc12f2a8a2 in 0.00s: compiled=0.0000, correctness=0.0000, score=-100.0000, stage=no_valid_triton_code, feedback=You need to generate real and valid triton code for the core function. The key word 'tl.load' is not found.
2025-08-08 18:58:41,463 - openevolve.llm.ensemble - INFO - Sampled model: deepseek
2025-08-08 18:58:41,464 - openevolve.database - INFO - New MAP-Elites cell occupied: {'score': -1000, 'complexity': 8}
2025-08-08 18:58:41,477 - openevolve.threaded_parallel - INFO - Iteration 17: Program 96c8c98b-eef5-49f2-8cf5-c8fc12f2a8a2 (parent: 389bed10-a7d7-4c7a-99cc-d5f76988a9fc) completed in 327.60s
2025-08-08 18:58:41,477 - openevolve.threaded_parallel - INFO - Metrics: compiled=0.0000, correctness=0.0000, score=-100.0000, stage=no_valid_triton_code, feedback=You need to generate real and valid triton code for the core function. The key word 'tl.load' is not found.
2025-08-08 18:59:23,508 - openevolve.RemoteSpeedupEvaluator - INFO - [level1_68_conv_transposed_3D__square_input__asymmetric_kernel] triton key words check pass
2025-08-08 18:59:23,509 - openevolve.RemoteSpeedupEvaluator - INFO - [level1_68_conv_transposed_3D__square_input__asymmetric_kernel] verify_plus payload: reference_code(2265 chars) + custom_code(6916 chars)
2025-08-08 18:59:57,417 - openevolve.RemoteSpeedupEvaluator - INFO - [level1_68_conv_transposed_3D__square_input__asymmetric_kernel] verify_plus request success
2025-08-08 18:59:57,419 - openevolve.RemoteSpeedupEvaluator - INFO - [level1_68_conv_transposed_3D__square_input__asymmetric_kernel] verify_plus response: {"id":"level1_68_conv_transposed_3D__square_input__asymmetric_kernel","result":{"compiled":true,"correctness":false,"metadata":{"hardware":"NVIDIA L20Y","device":"cuda:4","max_difference":["2.372814","2.487550","2.403631","2.537524","2.329950"],"avg_difference":["0.294929","0.294925","0.294904","0.294893","0.294941"],"correctness_issue":"Output mismatch","correctness_trials":"(0 / 5)","reference_timing_ms":0.069,"speed_up":-1.0,"custom_timing":-1.0},"runtime":-1.0,"runtime_stats":{}}}
2025-08-08 18:59:57,419 - openevolve.RemoteSpeedupEvaluator - INFO - [level1_68_conv_transposed_3D__square_input__asymmetric_kernel] âœ˜ wrong_answer
2025-08-08 18:59:57,419 - openevolve.evaluator - INFO - Evaluated program df099863-bd1c-4f8d-842a-6b078b6ba14d in 33.91s: compiled=1.0000, correctness=0.0000, score=10.0000, stage=wrong_answer, verify_payload={'id': 'level1_68_conv_transposed_3D__square_input__asymmetric_kernel', 'result': {'compiled': True, 'correctness': False, 'metadata': {'hardware': 'NVIDIA L20Y', 'device': 'cuda:4', 'max_difference': ['2.372814', '2.487550', '2.403631', '2.537524', '2.329950'], 'avg_difference': ['0.294929', '0.294925', '0.294904', '0.294893', '0.294941'], 'correctness_issue': 'Output mismatch', 'correctness_trials': '(0 / 5)', 'reference_timing_ms': 0.069, 'speed_up': -1.0, 'custom_timing': -1.0}, 'runtime': -1.0, 'runtime_stats': {}}}
2025-08-08 18:59:57,421 - openevolve.database - INFO - New MAP-Elites cell occupied: {'score': 9, 'complexity': 5}
2025-08-08 18:59:57,423 - openevolve.llm.ensemble - INFO - Sampled model: deepseek
2025-08-08 18:59:57,433 - openevolve.threaded_parallel - INFO - Iteration 15: Program df099863-bd1c-4f8d-842a-6b078b6ba14d (parent: 2bbca397-53f0-4bdb-93b9-91b8a9de83f1) completed in 1074.23s
2025-08-08 18:59:57,434 - openevolve.threaded_parallel - INFO - Metrics: compiled=1.0000, correctness=0.0000, score=10.0000, stage=wrong_answer, verify_payload={'id': 'level1_68_conv_transposed_3D__square_input__asymmetric_kernel', 'result': {'compiled': True, 'correctness': False, 'metadata': {'hardware': 'NVIDIA L20Y', 'device': 'cuda:4', 'max_difference': ['2.372814', '2.487550', '2.403631', '2.537524', '2.329950'], 'avg_difference': ['0.294929', '0.294925', '0.294904', '0.294893', '0.294941'], 'correctness_issue': 'Output mismatch', 'correctness_trials': '(0 / 5)', 'reference_timing_ms': 0.069, 'speed_up': -1.0, 'custom_timing': -1.0}, 'runtime': -1.0, 'runtime_stats': {}}}
2025-08-08 18:59:57,434 - openevolve.threaded_parallel - INFO - Checkpoint interval reached at iteration 15
2025-08-08 18:59:57,436 - openevolve.database - INFO - Island Status:
2025-08-08 18:59:57,436 - openevolve.database - INFO -  * Island 0: 8 programs, best=10.0000, avg=7.6250, diversity=135.02, gen=7 (best: 0bae245c-c044-4855-b883-05855a432827)
2025-08-08 18:59:57,436 - openevolve.database - INFO -    Island 1: 6 programs, best=10.0000, avg=-63.3333, diversity=939.78, gen=5 (best: 2bbca397-53f0-4bdb-93b9-91b8a9de83f1)
2025-08-08 18:59:57,437 - openevolve.database - INFO -    Island 2: 6 programs, best=10.0000, avg=-8.3333, diversity=633.90, gen=5 (best: 3d0d7240-5ee6-47ee-ba4d-3f933bace1b4)
2025-08-08 18:59:57,688 - openevolve.database - INFO - Saved database with 18 programs to openevolve_output/level1_68_conv_transposed_3D__square_input__asymmetric_kernel/checkpoints/checkpoint_15
2025-08-08 18:59:57,703 - openevolve.controller - INFO - Saved best program at checkpoint 15 with metrics: compiled=1.0000, correctness=0.0000, score=10.0000, stage=wrong_answer, verify_payload={'id': 'level1_68_conv_transposed_3D__square_input__asymmetric_kernel', 'result': {'compiled': True, 'correctness': False, 'metadata': {'hardware': 'NVIDIA L20Y', 'device': 'cuda:0', 'runtime_error': 'Traceback (most recent call last):\n  File "/cpfs01/shared/llm_kernel/hujiakai/KernelLLM/validation_api_server/helpers/evaluations.py", line 720, in run_and_check_correctness\n    output_new = model_new(*inputs)\n  File "/home/lijiaxing/.conda/envs/api/lib/python3.10/site-packages/torch/nn/modules/module.py", line 1773, in _wrapped_call_impl\n    return self._call_impl(*args, **kwargs)\n  File "/home/lijiaxing/.conda/envs/api/lib/python3.10/site-packages/torch/nn/modules/module.py", line 1784, in _call_impl\n    return forward_call(*args, **kwargs)\n  File "/tmp/tmp_awste1k.py", line 72, in forward\n    self._conv_transpose3d_kernel[grid](\n  File "/home/lijiaxing/.conda/envs/api/lib/python3.10/site-packages/triton/runtime/jit.py", line 390, in <lambda>\n    return lambda *args, **kwargs: self.run(grid=grid, warmup=False, *args, **kwargs)\n  File "/home/lijiaxing/.conda/envs/api/lib/python3.10/site-packages/triton/runtime/jit.py", line 594, in run\n    kernel = self.compile(src, target=target, options=options.__dict__)\n  File "/home/lijiaxing/.conda/envs/api/lib/python3.10/site-packages/triton/compiler/compiler.py", line 281, in compile\n    key = f"{triton_key()}-{src.hash()}-{backend.hash()}-{options.hash()}-{str(sorted(env_vars.items()))}"\n  File "/home/lijiaxing/.conda/envs/api/lib/python3.10/site-packages/triton/compiler/compiler.py", line 78, in hash\n    key = f"{self.fn.cache_key}-{str(self.attrs)}-{sorted_sig}-{constants_key}"\n  File "/home/lijiaxing/.conda/envs/api/lib/python3.10/site-packages/triton/runtime/jit.py", line 696, in cache_key\n    dependencies_finder.visit(self.parse())\n  File "/home/lijiaxing/.conda/envs/api/lib/python3.10/ast.py", line 418, in visit\n    return visitor(node)\n  File "/home/lijiaxing/.conda/envs/api/lib/python3.10/ast.py", line 426, in generic_visit\n    self.visit(item)\n  File "/home/lijiaxing/.conda/envs/api/lib/python3.10/ast.py", line 418, in visit\n    return visitor(node)\n  File "/home/lijiaxing/.conda/envs/api/lib/python3.10/site-packages/triton/runtime/jit.py", line 163, in visit_FunctionDef\n    self.generic_visit(node)\n  File "/home/lijiaxing/.conda/envs/api/lib/python3.10/ast.py", line 426, in generic_visit\n    self.visit(item)\n  File "/home/lijiaxing/.conda/envs/api/lib/python3.10/ast.py", line 418, in visit\n    return visitor(node)\n  File "/home/lijiaxing/.conda/envs/api/lib/python3.10/ast.py", line 428, in generic_visit\n    self.visit(value)\n  File "/home/lijiaxing/.conda/envs/api/lib/python3.10/ast.py", line 418, in visit\n    return visitor(node)\n  File "/home/lijiaxing/.conda/envs/api/lib/python3.10/ast.py", line 428, in generic_visit\n    self.visit(value)\n  File "/home/lijiaxing/.conda/envs/api/lib/python3.10/ast.py", line 418, in visit\n    return visitor(node)\n  File "/home/lijiaxing/.conda/envs/api/lib/python3.10/site-packages/triton/runtime/jit.py", line 156, in visit_Attribute\n    ret = getattr(lhs, node.attr)\nAttributeError: module \'triton.language\' has no attribute \'all\'\n', 'runtime_error_name': 'builtins.AttributeError', 'reference_timing_ms': 0.069, 'speed_up': -1.0, 'custom_timing': -1.0}, 'runtime': -1.0, 'runtime_stats': {}}}
2025-08-08 18:59:57,703 - openevolve.controller - INFO - Saved checkpoint at iteration 15 to openevolve_output/level1_68_conv_transposed_3D__square_input__asymmetric_kernel/checkpoints/checkpoint_15
2025-08-08 19:00:53,263 - openevolve.RemoteSpeedupEvaluator - INFO - [level1_68_conv_transposed_3D__square_input__asymmetric_kernel] triton key words check pass
2025-08-08 19:00:53,265 - openevolve.RemoteSpeedupEvaluator - INFO - [level1_68_conv_transposed_3D__square_input__asymmetric_kernel] verify_plus payload: reference_code(2265 chars) + custom_code(9187 chars)
2025-08-08 19:01:03,642 - openevolve.RemoteSpeedupEvaluator - ERROR - [level1_68_conv_transposed_3D__square_input__asymmetric_kernel] âœ˜ verify_plus request failed
Traceback (most recent call last):
  File "/cpfs01/shared/llm_kernel/hujiakai/KernelLLM/openevolve/triton_evolve/remote_speedup_evaluator.py", line 107, in evaluate
    verify = self._call_verify(uid, reference_code, candidate_code)
  File "/cpfs01/shared/llm_kernel/hujiakai/KernelLLM/openevolve/triton_evolve/remote_speedup_evaluator.py", line 210, in _call_verify
    r.raise_for_status()
  File "/home/lijiaxing/.conda/envs/openevolve/lib/python3.10/site-packages/requests/models.py", line 1026, in raise_for_status
    raise HTTPError(http_error_msg, response=self)
requests.exceptions.HTTPError: 500 Server Error: Internal Server Error for url: http://localhost:8011/verify_plus
2025-08-08 19:01:03,644 - openevolve.evaluator - INFO - Evaluated program 1f11d509-d6a5-4f4f-a85c-eaebe0f1204f in 10.38s: compiled=0.0000, correctness=0.0000, score=-100.0000, stage=infra_error, exception=500 Server Error: Internal Server Error for url: http://localhost:8011/verify_plus
2025-08-08 19:01:03,649 - openevolve.llm.ensemble - INFO - Sampled model: deepseek
2025-08-08 19:01:03,655 - openevolve.database - INFO - New MAP-Elites cell occupied: {'score': -1000, 'complexity': 7}
2025-08-08 19:01:03,655 - openevolve.database - INFO - MAP-Elites coverage reached 10.0% (10/100 cells)
2025-08-08 19:01:03,668 - openevolve.threaded_parallel - INFO - Iteration 16: Program 1f11d509-d6a5-4f4f-a85c-eaebe0f1204f (parent: a77baa26-bf07-4c42-9bd6-14471eb4e9ad) completed in 1102.38s
2025-08-08 19:01:03,668 - openevolve.threaded_parallel - INFO - Metrics: compiled=0.0000, correctness=0.0000, score=-100.0000, stage=infra_error, exception=500 Server Error: Internal Server Error for url: http://localhost:8011/verify_plus
2025-08-08 19:12:38,113 - openevolve.RemoteSpeedupEvaluator - INFO - [level1_68_conv_transposed_3D__square_input__asymmetric_kernel] triton key words check pass
2025-08-08 19:12:38,114 - openevolve.RemoteSpeedupEvaluator - INFO - [level1_68_conv_transposed_3D__square_input__asymmetric_kernel] âœ˜ invalid_answer 'import triton' is not found
2025-08-08 19:12:38,116 - openevolve.RemoteSpeedupEvaluator - INFO - [level1_68_conv_transposed_3D__square_input__asymmetric_kernel] verify_plus payload: reference_code(2265 chars) + custom_code(7293 chars)
2025-08-08 19:12:38,118 - openevolve.evaluator - INFO - Evaluated program 73441472-6459-44df-87fd-181e8e0ef476 in 0.01s: compiled=0.0000, correctness=0.0000, score=-100.0000, stage=no_valid_triton_code, feedback=You need to generate real and valid triton code for the core function. The key word 'import triton' is not found.
2025-08-08 19:12:38,122 - openevolve.llm.ensemble - INFO - Sampled model: deepseek
2025-08-08 19:12:38,141 - openevolve.threaded_parallel - INFO - Iteration 20: Program 73441472-6459-44df-87fd-181e8e0ef476 (parent: 6a31898b-d9ac-4c56-b8fa-8694838bb764) completed in 694.47s
2025-08-08 19:12:38,141 - openevolve.threaded_parallel - INFO - Metrics: compiled=0.0000, correctness=0.0000, score=-100.0000, stage=no_valid_triton_code, feedback=You need to generate real and valid triton code for the core function. The key word 'import triton' is not found.
2025-08-08 19:12:51,887 - openevolve.RemoteSpeedupEvaluator - INFO - [level1_68_conv_transposed_3D__square_input__asymmetric_kernel] verify_plus request success
2025-08-08 19:12:51,887 - openevolve.RemoteSpeedupEvaluator - INFO - [level1_68_conv_transposed_3D__square_input__asymmetric_kernel] verify_plus response: {"id":"level1_68_conv_transposed_3D__square_input__asymmetric_kernel","result":{"compiled":true,"correctness":false,"metadata":{"hardware":"NVIDIA L20Y","device":"cuda:0","runtime_error":"Traceback (most recent call last):\n  File \"/cpfs01/shared/llm_kernel/hujiakai/KernelLLM/validation_api_server/helpers/evaluations.py\", line 720, in run_and_check_correctness\n    output_new = model_new(*inputs)\n  File \"/home/lijiaxing/.conda/envs/api/lib/python3.10/site-packages/torch/nn/modules/module.py\", line 1773, in _wrapped_call_impl\n    return self._call_impl(*args, **kwargs)\n  File \"/home/lijiaxing/.conda/envs/api/lib/python3.10/site-packages/torch/nn/modules/module.py\", line 1784, in _call_impl\n    return forward_call(*args, **kwargs)\n  File \"/tmp/tmp5cmd5ehx.py\", line 72, in forwar
2025-08-08 19:12:51,888 - openevolve.RemoteSpeedupEvaluator - INFO - [level1_68_conv_transposed_3D__square_input__asymmetric_kernel] âœ˜ wrong_answer
2025-08-08 19:12:51,888 - openevolve.evaluator - INFO - Evaluated program d31ffa06-38ca-4c65-8c2c-e964ecb20757 in 13.78s: compiled=1.0000, correctness=0.0000, score=10.0000, stage=wrong_answer, verify_payload={'id': 'level1_68_conv_transposed_3D__square_input__asymmetric_kernel', 'result': {'compiled': True, 'correctness': False, 'metadata': {'hardware': 'NVIDIA L20Y', 'device': 'cuda:0', 'runtime_error': 'Traceback (most recent call last):\n  File "/cpfs01/shared/llm_kernel/hujiakai/KernelLLM/validation_api_server/helpers/evaluations.py", line 720, in run_and_check_correctness\n    output_new = model_new(*inputs)\n  File "/home/lijiaxing/.conda/envs/api/lib/python3.10/site-packages/torch/nn/modules/module.py", line 1773, in _wrapped_call_impl\n    return self._call_impl(*args, **kwargs)\n  File "/home/lijiaxing/.conda/envs/api/lib/python3.10/site-packages/torch/nn/modules/module.py", line 1784, in _call_impl\n    return forward_call(*args, **kwargs)\n  File "/tmp/tmp5cmd5ehx.py", line 72, in forward\n    self._conv_transpose3d_kernel[grid](\n  File "/home/lijiaxing/.conda/envs/api/lib/python3.10/site-packages/triton/runtime/jit.py", line 390, in <lambda>\n    return lambda *args, **kwargs: self.run(grid=grid, warmup=False, *args, **kwargs)\n  File "/home/lijiaxing/.conda/envs/api/lib/python3.10/site-packages/triton/runtime/jit.py", line 594, in run\n    kernel = self.compile(src, target=target, options=options.__dict__)\n  File "/home/lijiaxing/.conda/envs/api/lib/python3.10/site-packages/triton/compiler/compiler.py", line 339, in compile\n    module = src.make_ir(options, codegen_fns, module_map, context)\n  File "/home/lijiaxing/.conda/envs/api/lib/python3.10/site-packages/triton/compiler/compiler.py", line 83, in make_ir\n    return ast_to_ttir(self.fn, self, context=context, options=options, codegen_fns=codegen_fns,\ntriton.compiler.errors.UnsupportedLanguageConstruct: at 71:4:\n    base_x_idx = b_out * in_channels * depth * width * height + \\\n                 d_in_val * width * height + \\\n                 w_in_val * height + \\\n                 h_in_val\n\n    base_weight_idx = c_out * kernel_d * kernel_w * kernel_h + \\\n                      k_d * kernel_w * kernel_h + \\\n                      k_w * kernel_h + \\\n                      k_h\n\n    # Only accumulate if all conditions are met\n    if valid:\n    ^\nBoolean value of Tensor with more than one value is ambiguous\n', 'runtime_error_name': 'triton.compiler.errors.UnsupportedLanguageConstruct', 'reference_timing_ms': 0.069, 'speed_up': -1.0, 'custom_timing': -1.0}, 'runtime': -1.0, 'runtime_stats': {}}}
2025-08-08 19:12:51,892 - openevolve.llm.ensemble - INFO - Sampled model: deepseek
2025-08-08 19:12:51,905 - openevolve.threaded_parallel - INFO - Iteration 18: Program d31ffa06-38ca-4c65-8c2c-e964ecb20757 (parent: 2bbca397-53f0-4bdb-93b9-91b8a9de83f1) completed in 850.43s
2025-08-08 19:12:51,905 - openevolve.threaded_parallel - INFO - Metrics: compiled=1.0000, correctness=0.0000, score=10.0000, stage=wrong_answer, verify_payload={'id': 'level1_68_conv_transposed_3D__square_input__asymmetric_kernel', 'result': {'compiled': True, 'correctness': False, 'metadata': {'hardware': 'NVIDIA L20Y', 'device': 'cuda:0', 'runtime_error': 'Traceback (most recent call last):\n  File "/cpfs01/shared/llm_kernel/hujiakai/KernelLLM/validation_api_server/helpers/evaluations.py", line 720, in run_and_check_correctness\n    output_new = model_new(*inputs)\n  File "/home/lijiaxing/.conda/envs/api/lib/python3.10/site-packages/torch/nn/modules/module.py", line 1773, in _wrapped_call_impl\n    return self._call_impl(*args, **kwargs)\n  File "/home/lijiaxing/.conda/envs/api/lib/python3.10/site-packages/torch/nn/modules/module.py", line 1784, in _call_impl\n    return forward_call(*args, **kwargs)\n  File "/tmp/tmp5cmd5ehx.py", line 72, in forward\n    self._conv_transpose3d_kernel[grid](\n  File "/home/lijiaxing/.conda/envs/api/lib/python3.10/site-packages/triton/runtime/jit.py", line 390, in <lambda>\n    return lambda *args, **kwargs: self.run(grid=grid, warmup=False, *args, **kwargs)\n  File "/home/lijiaxing/.conda/envs/api/lib/python3.10/site-packages/triton/runtime/jit.py", line 594, in run\n    kernel = self.compile(src, target=target, options=options.__dict__)\n  File "/home/lijiaxing/.conda/envs/api/lib/python3.10/site-packages/triton/compiler/compiler.py", line 339, in compile\n    module = src.make_ir(options, codegen_fns, module_map, context)\n  File "/home/lijiaxing/.conda/envs/api/lib/python3.10/site-packages/triton/compiler/compiler.py", line 83, in make_ir\n    return ast_to_ttir(self.fn, self, context=context, options=options, codegen_fns=codegen_fns,\ntriton.compiler.errors.UnsupportedLanguageConstruct: at 71:4:\n    base_x_idx = b_out * in_channels * depth * width * height + \\\n                 d_in_val * width * height + \\\n                 w_in_val * height + \\\n                 h_in_val\n\n    base_weight_idx = c_out * kernel_d * kernel_w * kernel_h + \\\n                      k_d * kernel_w * kernel_h + \\\n                      k_w * kernel_h + \\\n                      k_h\n\n    # Only accumulate if all conditions are met\n    if valid:\n    ^\nBoolean value of Tensor with more than one value is ambiguous\n', 'runtime_error_name': 'triton.compiler.errors.UnsupportedLanguageConstruct', 'reference_timing_ms': 0.069, 'speed_up': -1.0, 'custom_timing': -1.0}, 'runtime': -1.0, 'runtime_stats': {}}}
2025-08-08 19:12:51,905 - openevolve.threaded_parallel - INFO - Checkpoint interval reached at iteration 18
2025-08-08 19:12:51,909 - openevolve.database - INFO - Island Status:
2025-08-08 19:12:51,910 - openevolve.database - INFO -  * Island 0: 9 programs, best=10.0000, avg=-4.3333, diversity=255.62, gen=8 (best: 0bae245c-c044-4855-b883-05855a432827)
2025-08-08 19:12:51,910 - openevolve.database - INFO -    Island 1: 7 programs, best=10.0000, avg=-68.5714, diversity=987.82, gen=6 (best: 2bbca397-53f0-4bdb-93b9-91b8a9de83f1)
2025-08-08 19:12:51,910 - openevolve.database - INFO -    Island 2: 7 programs, best=10.0000, avg=-5.7143, diversity=633.90, gen=6 (best: 3d0d7240-5ee6-47ee-ba4d-3f933bace1b4)
2025-08-08 19:12:52,176 - openevolve.database - INFO - Saved database with 21 programs to openevolve_output/level1_68_conv_transposed_3D__square_input__asymmetric_kernel/checkpoints/checkpoint_18
2025-08-08 19:12:52,213 - openevolve.controller - INFO - Saved best program at checkpoint 18 with metrics: compiled=1.0000, correctness=0.0000, score=10.0000, stage=wrong_answer, verify_payload={'id': 'level1_68_conv_transposed_3D__square_input__asymmetric_kernel', 'result': {'compiled': True, 'correctness': False, 'metadata': {'hardware': 'NVIDIA L20Y', 'device': 'cuda:0', 'runtime_error': 'Traceback (most recent call last):\n  File "/cpfs01/shared/llm_kernel/hujiakai/KernelLLM/validation_api_server/helpers/evaluations.py", line 720, in run_and_check_correctness\n    output_new = model_new(*inputs)\n  File "/home/lijiaxing/.conda/envs/api/lib/python3.10/site-packages/torch/nn/modules/module.py", line 1773, in _wrapped_call_impl\n    return self._call_impl(*args, **kwargs)\n  File "/home/lijiaxing/.conda/envs/api/lib/python3.10/site-packages/torch/nn/modules/module.py", line 1784, in _call_impl\n    return forward_call(*args, **kwargs)\n  File "/tmp/tmp_awste1k.py", line 72, in forward\n    self._conv_transpose3d_kernel[grid](\n  File "/home/lijiaxing/.conda/envs/api/lib/python3.10/site-packages/triton/runtime/jit.py", line 390, in <lambda>\n    return lambda *args, **kwargs: self.run(grid=grid, warmup=False, *args, **kwargs)\n  File "/home/lijiaxing/.conda/envs/api/lib/python3.10/site-packages/triton/runtime/jit.py", line 594, in run\n    kernel = self.compile(src, target=target, options=options.__dict__)\n  File "/home/lijiaxing/.conda/envs/api/lib/python3.10/site-packages/triton/compiler/compiler.py", line 281, in compile\n    key = f"{triton_key()}-{src.hash()}-{backend.hash()}-{options.hash()}-{str(sorted(env_vars.items()))}"\n  File "/home/lijiaxing/.conda/envs/api/lib/python3.10/site-packages/triton/compiler/compiler.py", line 78, in hash\n    key = f"{self.fn.cache_key}-{str(self.attrs)}-{sorted_sig}-{constants_key}"\n  File "/home/lijiaxing/.conda/envs/api/lib/python3.10/site-packages/triton/runtime/jit.py", line 696, in cache_key\n    dependencies_finder.visit(self.parse())\n  File "/home/lijiaxing/.conda/envs/api/lib/python3.10/ast.py", line 418, in visit\n    return visitor(node)\n  File "/home/lijiaxing/.conda/envs/api/lib/python3.10/ast.py", line 426, in generic_visit\n    self.visit(item)\n  File "/home/lijiaxing/.conda/envs/api/lib/python3.10/ast.py", line 418, in visit\n    return visitor(node)\n  File "/home/lijiaxing/.conda/envs/api/lib/python3.10/site-packages/triton/runtime/jit.py", line 163, in visit_FunctionDef\n    self.generic_visit(node)\n  File "/home/lijiaxing/.conda/envs/api/lib/python3.10/ast.py", line 426, in generic_visit\n    self.visit(item)\n  File "/home/lijiaxing/.conda/envs/api/lib/python3.10/ast.py", line 418, in visit\n    return visitor(node)\n  File "/home/lijiaxing/.conda/envs/api/lib/python3.10/ast.py", line 428, in generic_visit\n    self.visit(value)\n  File "/home/lijiaxing/.conda/envs/api/lib/python3.10/ast.py", line 418, in visit\n    return visitor(node)\n  File "/home/lijiaxing/.conda/envs/api/lib/python3.10/ast.py", line 428, in generic_visit\n    self.visit(value)\n  File "/home/lijiaxing/.conda/envs/api/lib/python3.10/ast.py", line 418, in visit\n    return visitor(node)\n  File "/home/lijiaxing/.conda/envs/api/lib/python3.10/site-packages/triton/runtime/jit.py", line 156, in visit_Attribute\n    ret = getattr(lhs, node.attr)\nAttributeError: module \'triton.language\' has no attribute \'all\'\n', 'runtime_error_name': 'builtins.AttributeError', 'reference_timing_ms': 0.069, 'speed_up': -1.0, 'custom_timing': -1.0}, 'runtime': -1.0, 'runtime_stats': {}}}
2025-08-08 19:12:52,213 - openevolve.controller - INFO - Saved checkpoint at iteration 18 to openevolve_output/level1_68_conv_transposed_3D__square_input__asymmetric_kernel/checkpoints/checkpoint_18
2025-08-08 19:17:07,190 - openevolve.RemoteSpeedupEvaluator - INFO - [level1_68_conv_transposed_3D__square_input__asymmetric_kernel] âœ˜ invalid_answer 'import triton' is not found
2025-08-08 19:17:07,192 - openevolve.evaluator - INFO - Evaluated program 4dc18d0e-45d9-4b46-af80-cb6af950af10 in 0.00s: compiled=0.0000, correctness=0.0000, score=-100.0000, stage=no_valid_triton_code, feedback=You need to generate real and valid triton code for the core function. The key word 'import triton' is not found.
2025-08-08 19:17:07,198 - openevolve.llm.ensemble - INFO - Sampled model: deepseek
2025-08-08 19:17:07,200 - openevolve.database - INFO - New MAP-Elites cell occupied: {'score': -1000, 'complexity': 5}
2025-08-08 19:17:07,213 - openevolve.threaded_parallel - INFO - Iteration 22: Program 4dc18d0e-45d9-4b46-af80-cb6af950af10 (parent: 0bae245c-c044-4855-b883-05855a432827) completed in 255.30s
2025-08-08 19:17:07,213 - openevolve.threaded_parallel - INFO - Metrics: compiled=0.0000, correctness=0.0000, score=-100.0000, stage=no_valid_triton_code, feedback=You need to generate real and valid triton code for the core function. The key word 'import triton' is not found.
