2025-08-12 18:24:04,093 - openevolve.controller - INFO - Logging to openevolve_output/level1_99_TripletMarginLoss/logs/openevolve_20250812_182404.log
2025-08-12 18:24:04,093 - openevolve.controller - INFO - Set random seed to 42 for reproducibility
2025-08-12 18:24:04,136 - openevolve.llm.ensemble - INFO - Initialized LLM ensemble with models: deepseek (weight: 0.80), deepseek (weight: 0.20)
2025-08-12 18:24:04,176 - openevolve.llm.ensemble - INFO - Initialized LLM ensemble with models: deepseek (weight: 0.80), deepseek (weight: 0.20)
2025-08-12 18:24:04,176 - openevolve.prompt.sampler - INFO - Set custom templates: system=evaluator_system_message, user=None
2025-08-12 18:24:04,176 - openevolve.database - INFO - Initialized program database with 0 programs
2025-08-12 18:24:04,197 - openevolve.evaluator - INFO - Successfully loaded evaluation function from openevolve_output/level1_99_TripletMarginLoss/evaluation.py
2025-08-12 18:24:04,197 - openevolve.evaluator - INFO - Initialized evaluator with openevolve_output/level1_99_TripletMarginLoss/evaluation.py
2025-08-12 18:24:04,197 - openevolve.controller - INFO - Initialized OpenEvolve with /tmp/91983dc7641d40ff760c2fa6cf76930d.py
2025-08-12 18:24:04,197 - openevolve.controller - INFO - Adding initial program to database
2025-08-12 18:24:04,198 - openevolve.RemoteSpeedupEvaluator - INFO - [level1_99_TripletMarginLoss] verify_plus payload: reference_code(747 chars) + custom_code(871 chars)
2025-08-12 18:24:06,756 - openevolve.RemoteSpeedupEvaluator - INFO - [level1_99_TripletMarginLoss] verify_plus request success
2025-08-12 18:24:06,756 - openevolve.RemoteSpeedupEvaluator - INFO - [level1_99_TripletMarginLoss] verify_plus response: {"id":"level1_99_TripletMarginLoss","result":{"compiled":true,"correctness":true,"metadata":{"hardware":"NVIDIA L20Y","device":"cuda:0","correctness_trials":"(5 / 5)","reference_timing_ms":0.0724,"speed_up":0.907,"custom_timing":0.0798},"runtime":0.0798,"runtime_stats":{"mean":0.0798,"std":0.00531,"min":0.0751,"max":0.12,"num_trials":100,"hardware":"NVIDIA L20Y","device":"cuda:0"}}}
2025-08-12 18:24:06,757 - openevolve.evaluator - INFO - Evaluated program 921f6aa6-20a8-43ec-a760-ec4d3cce817b in 2.56s: compiled=1.0000, correctness=1.0000, stage=reference code, passed=0.0000, score=0.0000, speed_up=1.0000, runtime_ms=0.0798, meta={'hardware': 'NVIDIA L20Y', 'device': 'cuda:0', 'correctness_trials': '(5 / 5)', 'reference_timing_ms': 0.0724, 'speed_up': 0.907, 'custom_timing': 0.0798}
2025-08-12 18:24:06,757 - openevolve.database - INFO - New MAP-Elites cell occupied: {'score': 0, 'complexity': 0}
2025-08-12 18:24:06,774 - openevolve.threaded_parallel - INFO - Initializing threaded evaluation pool with 3 workers
2025-08-12 18:24:06,775 - openevolve.threaded_parallel - INFO - Started thread pool with 3 threads
2025-08-12 18:24:06,776 - openevolve.threaded_parallel - INFO - Started improved parallel controller
2025-08-12 18:24:06,776 - openevolve.controller - INFO - Using island-based evolution with 3 islands
2025-08-12 18:24:06,776 - openevolve.database - INFO - Island Status:
2025-08-12 18:24:06,776 - openevolve.database - INFO -  * Island 0: 1 programs, best=0.0000, avg=0.0000, diversity=0.00, gen=0 (best: 921f6aa6-20a8-43ec-a760-ec4d3cce817b)
2025-08-12 18:24:06,776 - openevolve.database - INFO -    Island 1: 0 programs, best=0.0000, avg=0.0000, diversity=0.00, gen=0
2025-08-12 18:24:06,776 - openevolve.database - INFO -    Island 2: 0 programs, best=0.0000, avg=0.0000, diversity=0.00, gen=0
2025-08-12 18:24:06,776 - openevolve.threaded_parallel - INFO - Starting improved parallel evolution from iteration 0 for 30 iterations (total: 30)
2025-08-12 18:24:06,945 - openevolve.llm.ensemble - INFO - Initialized LLM ensemble with models: deepseek (weight: 0.80), deepseek (weight: 0.20)
2025-08-12 18:24:06,945 - openevolve.llm.ensemble - INFO - Initialized LLM ensemble with models: deepseek (weight: 0.80), deepseek (weight: 0.20)
2025-08-12 18:24:06,946 - openevolve.llm.ensemble - INFO - Initialized LLM ensemble with models: deepseek (weight: 0.80), deepseek (weight: 0.20)
2025-08-12 18:24:07,112 - openevolve.llm.ensemble - INFO - Initialized LLM ensemble with models: deepseek (weight: 0.80), deepseek (weight: 0.20)
2025-08-12 18:24:07,112 - openevolve.prompt.sampler - INFO - Set custom templates: system=evaluator_system_message, user=None
2025-08-12 18:24:07,114 - openevolve.llm.ensemble - INFO - Initialized LLM ensemble with models: deepseek (weight: 0.80), deepseek (weight: 0.20)
2025-08-12 18:24:07,114 - openevolve.llm.ensemble - INFO - Initialized LLM ensemble with models: deepseek (weight: 0.80), deepseek (weight: 0.20)
2025-08-12 18:24:07,114 - openevolve.prompt.sampler - INFO - Set custom templates: system=evaluator_system_message, user=None
2025-08-12 18:24:07,114 - openevolve.prompt.sampler - INFO - Set custom templates: system=evaluator_system_message, user=None
2025-08-12 18:24:07,115 - openevolve.evaluator - INFO - Successfully loaded evaluation function from openevolve_output/level1_99_TripletMarginLoss/evaluation.py
2025-08-12 18:24:07,115 - openevolve.evaluator - INFO - Initialized evaluator with openevolve_output/level1_99_TripletMarginLoss/evaluation.py
2025-08-12 18:24:07,116 - openevolve.llm.ensemble - INFO - Sampled model: deepseek
2025-08-12 18:24:07,117 - openevolve.evaluator - INFO - Successfully loaded evaluation function from openevolve_output/level1_99_TripletMarginLoss/evaluation.py
2025-08-12 18:24:07,117 - openevolve.evaluator - INFO - Initialized evaluator with openevolve_output/level1_99_TripletMarginLoss/evaluation.py
2025-08-12 18:24:07,118 - openevolve.evaluator - INFO - Successfully loaded evaluation function from openevolve_output/level1_99_TripletMarginLoss/evaluation.py
2025-08-12 18:24:07,118 - openevolve.evaluator - INFO - Initialized evaluator with openevolve_output/level1_99_TripletMarginLoss/evaluation.py
2025-08-12 18:24:07,119 - openevolve.llm.ensemble - INFO - Sampled model: deepseek
2025-08-12 18:24:07,120 - openevolve.llm.ensemble - INFO - Sampled model: deepseek
2025-08-12 18:32:34,395 - openevolve.RemoteSpeedupEvaluator - INFO - [level1_99_TripletMarginLoss] triton key words check pass
2025-08-12 18:32:34,396 - openevolve.RemoteSpeedupEvaluator - INFO - [level1_99_TripletMarginLoss] verify_plus payload: reference_code(747 chars) + custom_code(2122 chars)
2025-08-12 18:32:37,358 - openevolve.RemoteSpeedupEvaluator - INFO - [level1_99_TripletMarginLoss] verify_plus request success
2025-08-12 18:32:37,358 - openevolve.RemoteSpeedupEvaluator - INFO - [level1_99_TripletMarginLoss] verify_plus response: {"id":"level1_99_TripletMarginLoss","result":{"compiled":true,"correctness":false,"metadata":{"hardware":"NVIDIA L20Y","device":"cuda:1","runtime_error":"Traceback (most recent call last):\n  File \"/home/lijiaxing/.conda/envs/api/lib/python3.10/site-packages/triton/language/core.py\", line 42, in wrapper\n    return fn(*args, **kwargs)\n  File \"/home/lijiaxing/.conda/envs/api/lib/python3.10/site-packages/triton/language/core.py\", line 2216, in store\n    return _semantic.store(pointer, value, mask, boundary_check, cache_modifier, eviction_policy)\n  File \"/home/lijiaxing/.conda/envs/api/lib/python3.10/site-packages/triton/language/semantic.py\", line 1292, in store\n    return self._store_legacy(ptr, val, mask, boundary_check, cache, eviction)\n  File \"/home/lijiaxing/.conda/envs/api/
2025-08-12 18:32:37,358 - openevolve.RemoteSpeedupEvaluator - INFO - [level1_99_TripletMarginLoss] âœ˜ wrong_answer
2025-08-12 18:32:37,358 - openevolve.evaluator - INFO - Evaluated program 4c41c468-7e81-40b9-9667-d1209d082f67 in 2.96s: compiled=1.0000, correctness=0.0000, score=10.0000, stage=wrong_answer, verify_payload={'id': 'level1_99_TripletMarginLoss', 'result': {'compiled': True, 'correctness': False, 'metadata': {'hardware': 'NVIDIA L20Y', 'device': 'cuda:1', 'runtime_error': 'Traceback (most recent call last):\n  File "/home/lijiaxing/.conda/envs/api/lib/python3.10/site-packages/triton/language/core.py", line 42, in wrapper\n    return fn(*args, **kwargs)\n  File "/home/lijiaxing/.conda/envs/api/lib/python3.10/site-packages/triton/language/core.py", line 2216, in store\n    return _semantic.store(pointer, value, mask, boundary_check, cache_modifier, eviction_policy)\n  File "/home/lijiaxing/.conda/envs/api/lib/python3.10/site-packages/triton/language/semantic.py", line 1292, in store\n    return self._store_legacy(ptr, val, mask, boundary_check, cache, eviction)\n  File "/home/lijiaxing/.conda/envs/api/lib/python3.10/site-packages/triton/language/semantic.py", line 1248, in _store_legacy\n    raise ValueError("Value argument cannot be block type if pointer argument is not a block")\nValueError: Value argument cannot be block type if pointer argument is not a block\n\nThe above exception was the direct cause of the following exception:\n\nTraceback (most recent call last):\n  File "/cpfs01/shared/llm_kernel/hujiakai/KernelLLM/validation_api_server/helpers/evaluations.py", line 720, in run_and_check_correctness\n    output_new = model_new(*inputs)\n  File "/home/lijiaxing/.conda/envs/api/lib/python3.10/site-packages/torch/nn/modules/module.py", line 1773, in _wrapped_call_impl\n    return self._call_impl(*args, **kwargs)\n  File "/home/lijiaxing/.conda/envs/api/lib/python3.10/site-packages/torch/nn/modules/module.py", line 1784, in _call_impl\n    return forward_call(*args, **kwargs)\n  File "/tmp/tmptxhdhct1.py", line 52, in forward\n    triplet_margin_kernel[grid](\n  File "/home/lijiaxing/.conda/envs/api/lib/python3.10/site-packages/triton/runtime/jit.py", line 390, in <lambda>\n    return lambda *args, **kwargs: self.run(grid=grid, warmup=False, *args, **kwargs)\n  File "/home/lijiaxing/.conda/envs/api/lib/python3.10/site-packages/triton/runtime/jit.py", line 594, in run\n    kernel = self.compile(src, target=target, options=options.__dict__)\n  File "/home/lijiaxing/.conda/envs/api/lib/python3.10/site-packages/triton/compiler/compiler.py", line 339, in compile\n    module = src.make_ir(options, codegen_fns, module_map, context)\n  File "/home/lijiaxing/.conda/envs/api/lib/python3.10/site-packages/triton/compiler/compiler.py", line 83, in make_ir\n    return ast_to_ttir(self.fn, self, context=context, options=options, codegen_fns=codegen_fns,\ntriton.compiler.errors.CompilationError: at 30:4:\n        n = tl.load(negative_ptr + pid * feature_size + idxs, mask=mask, other=0.0)\n\n        ap_diff = a - p\n        an_diff = a - n\n\n        ap_acc += tl.sum(ap_diff * ap_diff, axis=0)\n        an_acc += tl.sum(an_diff * an_diff, axis=0)\n\n    d_ap = tl.sqrt(ap_acc)\n    d_an = tl.sqrt(an_acc)\n    loss = tl.maximum(d_ap - d_an + margin, 0.0)\n    tl.store(output_ptr + pid, loss)\n    ^\n\n\nThe above exception was the direct cause of the following exception:\n\nTraceback (most recent call last):\n  File "/home/lijiaxing/.conda/envs/api/lib/python3.10/site-packages/triton/language/core.py", line 42, in wrapper\n    return fn(*args, **kwargs)\n  File "/home/lijiaxing/.conda/envs/api/lib/python3.10/site-packages/triton/language/core.py", line 2216, in store\n    return _semantic.store(pointer, value, mask, boundary_check, cache_modifier, eviction_policy)\n  File "/home/lijiaxing/.conda/envs/api/lib/python3.10/site-packages/triton/language/semantic.py", line 1292, in store\n    return self._store_legacy(ptr, val, mask, boundary_check, cache, eviction)\n  File "/home/lijiaxing/.conda/envs/api/lib/python3.10/site-packages/triton/language/semantic.py", line 1248, in _store_legacy\n    raise ValueError("Value argument cannot be block type if pointer argument is not a block")\nValueError: Value argument cannot be block type if pointer argument is not a block\n', 'runtime_error_name': 'triton.compiler.errors.CompilationError', 'reference_timing_ms': 0.0724, 'speed_up': -1.0, 'custom_timing': -1.0}, 'runtime': -1.0, 'runtime_stats': {}}}
2025-08-12 18:32:37,361 - openevolve.database - INFO - New MAP-Elites cell occupied: {'score': 9, 'complexity': 9}
2025-08-12 18:32:37,362 - openevolve.database - INFO - New best program 4c41c468-7e81-40b9-9667-d1209d082f67 replaces 921f6aa6-20a8-43ec-a760-ec4d3cce817b
2025-08-12 18:32:37,362 - openevolve.llm.ensemble - INFO - Sampled model: deepseek
2025-08-12 18:32:37,374 - openevolve.threaded_parallel - INFO - Iteration 2: Program 4c41c468-7e81-40b9-9667-d1209d082f67 (parent: 921f6aa6-20a8-43ec-a760-ec4d3cce817b) completed in 510.24s
2025-08-12 18:32:37,374 - openevolve.threaded_parallel - INFO - Metrics: compiled=1.0000, correctness=0.0000, score=10.0000, stage=wrong_answer, verify_payload={'id': 'level1_99_TripletMarginLoss', 'result': {'compiled': True, 'correctness': False, 'metadata': {'hardware': 'NVIDIA L20Y', 'device': 'cuda:1', 'runtime_error': 'Traceback (most recent call last):\n  File "/home/lijiaxing/.conda/envs/api/lib/python3.10/site-packages/triton/language/core.py", line 42, in wrapper\n    return fn(*args, **kwargs)\n  File "/home/lijiaxing/.conda/envs/api/lib/python3.10/site-packages/triton/language/core.py", line 2216, in store\n    return _semantic.store(pointer, value, mask, boundary_check, cache_modifier, eviction_policy)\n  File "/home/lijiaxing/.conda/envs/api/lib/python3.10/site-packages/triton/language/semantic.py", line 1292, in store\n    return self._store_legacy(ptr, val, mask, boundary_check, cache, eviction)\n  File "/home/lijiaxing/.conda/envs/api/lib/python3.10/site-packages/triton/language/semantic.py", line 1248, in _store_legacy\n    raise ValueError("Value argument cannot be block type if pointer argument is not a block")\nValueError: Value argument cannot be block type if pointer argument is not a block\n\nThe above exception was the direct cause of the following exception:\n\nTraceback (most recent call last):\n  File "/cpfs01/shared/llm_kernel/hujiakai/KernelLLM/validation_api_server/helpers/evaluations.py", line 720, in run_and_check_correctness\n    output_new = model_new(*inputs)\n  File "/home/lijiaxing/.conda/envs/api/lib/python3.10/site-packages/torch/nn/modules/module.py", line 1773, in _wrapped_call_impl\n    return self._call_impl(*args, **kwargs)\n  File "/home/lijiaxing/.conda/envs/api/lib/python3.10/site-packages/torch/nn/modules/module.py", line 1784, in _call_impl\n    return forward_call(*args, **kwargs)\n  File "/tmp/tmptxhdhct1.py", line 52, in forward\n    triplet_margin_kernel[grid](\n  File "/home/lijiaxing/.conda/envs/api/lib/python3.10/site-packages/triton/runtime/jit.py", line 390, in <lambda>\n    return lambda *args, **kwargs: self.run(grid=grid, warmup=False, *args, **kwargs)\n  File "/home/lijiaxing/.conda/envs/api/lib/python3.10/site-packages/triton/runtime/jit.py", line 594, in run\n    kernel = self.compile(src, target=target, options=options.__dict__)\n  File "/home/lijiaxing/.conda/envs/api/lib/python3.10/site-packages/triton/compiler/compiler.py", line 339, in compile\n    module = src.make_ir(options, codegen_fns, module_map, context)\n  File "/home/lijiaxing/.conda/envs/api/lib/python3.10/site-packages/triton/compiler/compiler.py", line 83, in make_ir\n    return ast_to_ttir(self.fn, self, context=context, options=options, codegen_fns=codegen_fns,\ntriton.compiler.errors.CompilationError: at 30:4:\n        n = tl.load(negative_ptr + pid * feature_size + idxs, mask=mask, other=0.0)\n\n        ap_diff = a - p\n        an_diff = a - n\n\n        ap_acc += tl.sum(ap_diff * ap_diff, axis=0)\n        an_acc += tl.sum(an_diff * an_diff, axis=0)\n\n    d_ap = tl.sqrt(ap_acc)\n    d_an = tl.sqrt(an_acc)\n    loss = tl.maximum(d_ap - d_an + margin, 0.0)\n    tl.store(output_ptr + pid, loss)\n    ^\n\n\nThe above exception was the direct cause of the following exception:\n\nTraceback (most recent call last):\n  File "/home/lijiaxing/.conda/envs/api/lib/python3.10/site-packages/triton/language/core.py", line 42, in wrapper\n    return fn(*args, **kwargs)\n  File "/home/lijiaxing/.conda/envs/api/lib/python3.10/site-packages/triton/language/core.py", line 2216, in store\n    return _semantic.store(pointer, value, mask, boundary_check, cache_modifier, eviction_policy)\n  File "/home/lijiaxing/.conda/envs/api/lib/python3.10/site-packages/triton/language/semantic.py", line 1292, in store\n    return self._store_legacy(ptr, val, mask, boundary_check, cache, eviction)\n  File "/home/lijiaxing/.conda/envs/api/lib/python3.10/site-packages/triton/language/semantic.py", line 1248, in _store_legacy\n    raise ValueError("Value argument cannot be block type if pointer argument is not a block")\nValueError: Value argument cannot be block type if pointer argument is not a block\n', 'runtime_error_name': 'triton.compiler.errors.CompilationError', 'reference_timing_ms': 0.0724, 'speed_up': -1.0, 'custom_timing': -1.0}, 'runtime': -1.0, 'runtime_stats': {}}}
2025-08-12 18:32:37,374 - openevolve.threaded_parallel - INFO - ðŸŒŸ New best solution found at iteration 2: 4c41c468-7e81-40b9-9667-d1209d082f67
2025-08-12 18:34:51,597 - openevolve.RemoteSpeedupEvaluator - INFO - [level1_99_TripletMarginLoss] triton key words check pass
2025-08-12 18:34:51,598 - openevolve.RemoteSpeedupEvaluator - INFO - [level1_99_TripletMarginLoss] verify_plus payload: reference_code(747 chars) + custom_code(2383 chars)
2025-08-12 18:34:54,810 - openevolve.RemoteSpeedupEvaluator - INFO - [level1_99_TripletMarginLoss] verify_plus request success
2025-08-12 18:34:54,810 - openevolve.RemoteSpeedupEvaluator - INFO - [level1_99_TripletMarginLoss] verify_plus response: {"id":"level1_99_TripletMarginLoss","result":{"compiled":true,"correctness":false,"metadata":{"hardware":"NVIDIA L20Y","device":"cuda:4","max_difference":["90.850037","91.845406","78.294472","81.262314","84.247261"],"avg_difference":["90.850037","91.845406","78.294472","81.262314","84.247261"],"correctness_issue":"Output mismatch","correctness_trials":"(0 / 5)","reference_timing_ms":0.0724,"speed_up":-1.0,"custom_timing":-1.0},"runtime":-1.0,"runtime_stats":{}}}
2025-08-12 18:34:54,811 - openevolve.RemoteSpeedupEvaluator - INFO - [level1_99_TripletMarginLoss] âœ˜ wrong_answer
2025-08-12 18:34:54,811 - openevolve.evaluator - INFO - Evaluated program b3c653ac-345e-44da-ae4a-0434fd9256de in 3.22s: compiled=1.0000, correctness=0.0000, score=10.0000, stage=wrong_answer, verify_payload={'id': 'level1_99_TripletMarginLoss', 'result': {'compiled': True, 'correctness': False, 'metadata': {'hardware': 'NVIDIA L20Y', 'device': 'cuda:4', 'max_difference': ['90.850037', '91.845406', '78.294472', '81.262314', '84.247261'], 'avg_difference': ['90.850037', '91.845406', '78.294472', '81.262314', '84.247261'], 'correctness_issue': 'Output mismatch', 'correctness_trials': '(0 / 5)', 'reference_timing_ms': 0.0724, 'speed_up': -1.0, 'custom_timing': -1.0}, 'runtime': -1.0, 'runtime_stats': {}}}
2025-08-12 18:34:54,813 - openevolve.llm.ensemble - INFO - Sampled model: deepseek
2025-08-12 18:34:54,821 - openevolve.threaded_parallel - INFO - Iteration 0: Program b3c653ac-345e-44da-ae4a-0434fd9256de (parent: 921f6aa6-20a8-43ec-a760-ec4d3cce817b) completed in 647.69s
2025-08-12 18:34:54,821 - openevolve.threaded_parallel - INFO - Metrics: compiled=1.0000, correctness=0.0000, score=10.0000, stage=wrong_answer, verify_payload={'id': 'level1_99_TripletMarginLoss', 'result': {'compiled': True, 'correctness': False, 'metadata': {'hardware': 'NVIDIA L20Y', 'device': 'cuda:4', 'max_difference': ['90.850037', '91.845406', '78.294472', '81.262314', '84.247261'], 'avg_difference': ['90.850037', '91.845406', '78.294472', '81.262314', '84.247261'], 'correctness_issue': 'Output mismatch', 'correctness_trials': '(0 / 5)', 'reference_timing_ms': 0.0724, 'speed_up': -1.0, 'custom_timing': -1.0}, 'runtime': -1.0, 'runtime_stats': {}}}
2025-08-12 18:34:54,821 - openevolve.threaded_parallel - INFO - Checkpoint interval reached at iteration 0
2025-08-12 18:34:54,821 - openevolve.database - INFO - Island Status:
2025-08-12 18:34:54,821 - openevolve.database - INFO -  * Island 0: 3 programs, best=10.0000, avg=6.6667, diversity=385.33, gen=2 (best: 4c41c468-7e81-40b9-9667-d1209d082f67)
2025-08-12 18:34:54,821 - openevolve.database - INFO -    Island 1: 0 programs, best=0.0000, avg=0.0000, diversity=0.00, gen=0
2025-08-12 18:34:54,821 - openevolve.database - INFO -    Island 2: 0 programs, best=0.0000, avg=0.0000, diversity=0.00, gen=0
2025-08-12 18:34:54,868 - openevolve.database - INFO - Saved database with 3 programs to openevolve_output/level1_99_TripletMarginLoss/checkpoints/checkpoint_0
2025-08-12 18:34:54,884 - openevolve.controller - INFO - Saved best program at checkpoint 0 with metrics: compiled=1.0000, correctness=0.0000, score=10.0000, stage=wrong_answer, verify_payload={'id': 'level1_99_TripletMarginLoss', 'result': {'compiled': True, 'correctness': False, 'metadata': {'hardware': 'NVIDIA L20Y', 'device': 'cuda:1', 'runtime_error': 'Traceback (most recent call last):\n  File "/home/lijiaxing/.conda/envs/api/lib/python3.10/site-packages/triton/language/core.py", line 42, in wrapper\n    return fn(*args, **kwargs)\n  File "/home/lijiaxing/.conda/envs/api/lib/python3.10/site-packages/triton/language/core.py", line 2216, in store\n    return _semantic.store(pointer, value, mask, boundary_check, cache_modifier, eviction_policy)\n  File "/home/lijiaxing/.conda/envs/api/lib/python3.10/site-packages/triton/language/semantic.py", line 1292, in store\n    return self._store_legacy(ptr, val, mask, boundary_check, cache, eviction)\n  File "/home/lijiaxing/.conda/envs/api/lib/python3.10/site-packages/triton/language/semantic.py", line 1248, in _store_legacy\n    raise ValueError("Value argument cannot be block type if pointer argument is not a block")\nValueError: Value argument cannot be block type if pointer argument is not a block\n\nThe above exception was the direct cause of the following exception:\n\nTraceback (most recent call last):\n  File "/cpfs01/shared/llm_kernel/hujiakai/KernelLLM/validation_api_server/helpers/evaluations.py", line 720, in run_and_check_correctness\n    output_new = model_new(*inputs)\n  File "/home/lijiaxing/.conda/envs/api/lib/python3.10/site-packages/torch/nn/modules/module.py", line 1773, in _wrapped_call_impl\n    return self._call_impl(*args, **kwargs)\n  File "/home/lijiaxing/.conda/envs/api/lib/python3.10/site-packages/torch/nn/modules/module.py", line 1784, in _call_impl\n    return forward_call(*args, **kwargs)\n  File "/tmp/tmptxhdhct1.py", line 52, in forward\n    triplet_margin_kernel[grid](\n  File "/home/lijiaxing/.conda/envs/api/lib/python3.10/site-packages/triton/runtime/jit.py", line 390, in <lambda>\n    return lambda *args, **kwargs: self.run(grid=grid, warmup=False, *args, **kwargs)\n  File "/home/lijiaxing/.conda/envs/api/lib/python3.10/site-packages/triton/runtime/jit.py", line 594, in run\n    kernel = self.compile(src, target=target, options=options.__dict__)\n  File "/home/lijiaxing/.conda/envs/api/lib/python3.10/site-packages/triton/compiler/compiler.py", line 339, in compile\n    module = src.make_ir(options, codegen_fns, module_map, context)\n  File "/home/lijiaxing/.conda/envs/api/lib/python3.10/site-packages/triton/compiler/compiler.py", line 83, in make_ir\n    return ast_to_ttir(self.fn, self, context=context, options=options, codegen_fns=codegen_fns,\ntriton.compiler.errors.CompilationError: at 30:4:\n        n = tl.load(negative_ptr + pid * feature_size + idxs, mask=mask, other=0.0)\n\n        ap_diff = a - p\n        an_diff = a - n\n\n        ap_acc += tl.sum(ap_diff * ap_diff, axis=0)\n        an_acc += tl.sum(an_diff * an_diff, axis=0)\n\n    d_ap = tl.sqrt(ap_acc)\n    d_an = tl.sqrt(an_acc)\n    loss = tl.maximum(d_ap - d_an + margin, 0.0)\n    tl.store(output_ptr + pid, loss)\n    ^\n\n\nThe above exception was the direct cause of the following exception:\n\nTraceback (most recent call last):\n  File "/home/lijiaxing/.conda/envs/api/lib/python3.10/site-packages/triton/language/core.py", line 42, in wrapper\n    return fn(*args, **kwargs)\n  File "/home/lijiaxing/.conda/envs/api/lib/python3.10/site-packages/triton/language/core.py", line 2216, in store\n    return _semantic.store(pointer, value, mask, boundary_check, cache_modifier, eviction_policy)\n  File "/home/lijiaxing/.conda/envs/api/lib/python3.10/site-packages/triton/language/semantic.py", line 1292, in store\n    return self._store_legacy(ptr, val, mask, boundary_check, cache, eviction)\n  File "/home/lijiaxing/.conda/envs/api/lib/python3.10/site-packages/triton/language/semantic.py", line 1248, in _store_legacy\n    raise ValueError("Value argument cannot be block type if pointer argument is not a block")\nValueError: Value argument cannot be block type if pointer argument is not a block\n', 'runtime_error_name': 'triton.compiler.errors.CompilationError', 'reference_timing_ms': 0.0724, 'speed_up': -1.0, 'custom_timing': -1.0}, 'runtime': -1.0, 'runtime_stats': {}}}
2025-08-12 18:34:54,884 - openevolve.controller - INFO - Saved checkpoint at iteration 0 to openevolve_output/level1_99_TripletMarginLoss/checkpoints/checkpoint_0
2025-08-12 18:38:17,786 - openevolve.RemoteSpeedupEvaluator - INFO - [level1_99_TripletMarginLoss] âœ˜ invalid_answer 'import triton' is not found
2025-08-12 18:38:17,788 - openevolve.evaluator - INFO - Evaluated program a0eddda9-dc67-41cc-8d9b-f3ce56a632d8 in 0.00s: compiled=0.0000, correctness=0.0000, score=-100.0000, stage=no_valid_triton_code, feedback=You need to generate real and valid triton code for the core function. The key word 'import triton' is not found.
2025-08-12 18:38:17,791 - openevolve.llm.ensemble - INFO - Sampled model: deepseek
2025-08-12 18:38:17,792 - openevolve.database - INFO - New MAP-Elites cell occupied: {'score': -1000, 'complexity': 0}
2025-08-12 18:38:17,805 - openevolve.threaded_parallel - INFO - Iteration 4: Program a0eddda9-dc67-41cc-8d9b-f3ce56a632d8 (parent: 4c41c468-7e81-40b9-9667-d1209d082f67) completed in 202.97s
2025-08-12 18:38:17,805 - openevolve.threaded_parallel - INFO - Metrics: compiled=0.0000, correctness=0.0000, score=-100.0000, stage=no_valid_triton_code, feedback=You need to generate real and valid triton code for the core function. The key word 'import triton' is not found.
2025-08-12 18:38:54,132 - openevolve.RemoteSpeedupEvaluator - INFO - [level1_99_TripletMarginLoss] triton key words check pass
2025-08-12 18:38:54,133 - openevolve.RemoteSpeedupEvaluator - INFO - [level1_99_TripletMarginLoss] verify_plus payload: reference_code(747 chars) + custom_code(3075 chars)
2025-08-12 18:38:56,970 - openevolve.RemoteSpeedupEvaluator - INFO - [level1_99_TripletMarginLoss] verify_plus request success
2025-08-12 18:38:56,970 - openevolve.RemoteSpeedupEvaluator - INFO - [level1_99_TripletMarginLoss] verify_plus response: {"id":"level1_99_TripletMarginLoss","result":{"compiled":true,"correctness":false,"metadata":{"hardware":"NVIDIA L20Y","device":"cuda:2","runtime_error":"Traceback (most recent call last):\n  File \"/cpfs01/shared/llm_kernel/hujiakai/KernelLLM/validation_api_server/helpers/evaluations.py\", line 720, in run_and_check_correctness\n    output_new = model_new(*inputs)\n  File \"/home/lijiaxing/.conda/envs/api/lib/python3.10/site-packages/torch/nn/modules/module.py\", line 1773, in _wrapped_call_impl\n    return self._call_impl(*args, **kwargs)\n  File \"/home/lijiaxing/.conda/envs/api/lib/python3.10/site-packages/torch/nn/modules/module.py\", line 1784, in _call_impl\n    return forward_call(*args, **kwargs)\n  File \"/tmp/tmppldmb66n.py\", line 81, in forward\n    triplet_margin_loss_kernel[
2025-08-12 18:38:56,971 - openevolve.RemoteSpeedupEvaluator - INFO - [level1_99_TripletMarginLoss] âœ˜ wrong_answer
2025-08-12 18:38:56,971 - openevolve.evaluator - INFO - Evaluated program 0d9bc42a-3889-4c0c-82c4-2790ee94e000 in 2.84s: compiled=1.0000, correctness=0.0000, score=10.0000, stage=wrong_answer, verify_payload={'id': 'level1_99_TripletMarginLoss', 'result': {'compiled': True, 'correctness': False, 'metadata': {'hardware': 'NVIDIA L20Y', 'device': 'cuda:2', 'runtime_error': 'Traceback (most recent call last):\n  File "/cpfs01/shared/llm_kernel/hujiakai/KernelLLM/validation_api_server/helpers/evaluations.py", line 720, in run_and_check_correctness\n    output_new = model_new(*inputs)\n  File "/home/lijiaxing/.conda/envs/api/lib/python3.10/site-packages/torch/nn/modules/module.py", line 1773, in _wrapped_call_impl\n    return self._call_impl(*args, **kwargs)\n  File "/home/lijiaxing/.conda/envs/api/lib/python3.10/site-packages/torch/nn/modules/module.py", line 1784, in _call_impl\n    return forward_call(*args, **kwargs)\n  File "/tmp/tmppldmb66n.py", line 81, in forward\n    triplet_margin_loss_kernel[grid_dim](\n  File "/home/lijiaxing/.conda/envs/api/lib/python3.10/site-packages/triton/runtime/jit.py", line 390, in <lambda>\n    return lambda *args, **kwargs: self.run(grid=grid, warmup=False, *args, **kwargs)\n  File "/home/lijiaxing/.conda/envs/api/lib/python3.10/site-packages/triton/runtime/jit.py", line 594, in run\n    kernel = self.compile(src, target=target, options=options.__dict__)\n  File "/home/lijiaxing/.conda/envs/api/lib/python3.10/site-packages/triton/compiler/compiler.py", line 339, in compile\n    module = src.make_ir(options, codegen_fns, module_map, context)\n  File "/home/lijiaxing/.conda/envs/api/lib/python3.10/site-packages/triton/compiler/compiler.py", line 83, in make_ir\n    return ast_to_ttir(self.fn, self, context=context, options=options, codegen_fns=codegen_fns,\ntriton.compiler.errors.CompilationError: at 43:23:\n\n    # Segment-level reduction\n    pos_sum = tl.sum(pos_sq, axis=0)\n    neg_sum = tl.sum(neg_sq, axis=0)\n\n    # Store partial sums in shared memory\n    shmem = tl.zeros((BLOCK_SIZE,), dtype=tl.float32)\n    shmem = tl.where(tl.arange(0, BLOCK_SIZE) == 0, pos_sum, shmem)\n    shmem = tl.where(tl.arange(0, BLOCK_SIZE) == 1, neg_sum, shmem)\n\n    # Final reduction across segments\n    pos_total = tl.sum(shmem[0:1])\n                       ^\nValueError(\'unsupported tensor index: <triton.language.core.slice object at 0x7f23e009f790>\')\n\n\nThe above exception was the direct cause of the following exception:\n\nTraceback (most recent call last):\n  File "/home/lijiaxing/.conda/envs/api/lib/python3.10/site-packages/triton/language/core.py", line 42, in wrapper\n    return fn(*args, **kwargs)\n  File "/home/lijiaxing/.conda/envs/api/lib/python3.10/site-packages/triton/language/core.py", line 1118, in __getitem__\n    raise ValueError(f"unsupported tensor index: {sl}")\nValueError: unsupported tensor index: <triton.language.core.slice object at 0x7f23e009f790>\n', 'runtime_error_name': 'triton.compiler.errors.CompilationError', 'reference_timing_ms': 0.0724, 'speed_up': -1.0, 'custom_timing': -1.0}, 'runtime': -1.0, 'runtime_stats': {}}}
2025-08-12 18:38:56,974 - openevolve.llm.ensemble - INFO - Sampled model: deepseek
2025-08-12 18:38:56,993 - openevolve.threaded_parallel - INFO - Iteration 1: Program 0d9bc42a-3889-4c0c-82c4-2790ee94e000 (parent: 921f6aa6-20a8-43ec-a760-ec4d3cce817b) completed in 889.85s
2025-08-12 18:38:56,993 - openevolve.threaded_parallel - INFO - Metrics: compiled=1.0000, correctness=0.0000, score=10.0000, stage=wrong_answer, verify_payload={'id': 'level1_99_TripletMarginLoss', 'result': {'compiled': True, 'correctness': False, 'metadata': {'hardware': 'NVIDIA L20Y', 'device': 'cuda:2', 'runtime_error': 'Traceback (most recent call last):\n  File "/cpfs01/shared/llm_kernel/hujiakai/KernelLLM/validation_api_server/helpers/evaluations.py", line 720, in run_and_check_correctness\n    output_new = model_new(*inputs)\n  File "/home/lijiaxing/.conda/envs/api/lib/python3.10/site-packages/torch/nn/modules/module.py", line 1773, in _wrapped_call_impl\n    return self._call_impl(*args, **kwargs)\n  File "/home/lijiaxing/.conda/envs/api/lib/python3.10/site-packages/torch/nn/modules/module.py", line 1784, in _call_impl\n    return forward_call(*args, **kwargs)\n  File "/tmp/tmppldmb66n.py", line 81, in forward\n    triplet_margin_loss_kernel[grid_dim](\n  File "/home/lijiaxing/.conda/envs/api/lib/python3.10/site-packages/triton/runtime/jit.py", line 390, in <lambda>\n    return lambda *args, **kwargs: self.run(grid=grid, warmup=False, *args, **kwargs)\n  File "/home/lijiaxing/.conda/envs/api/lib/python3.10/site-packages/triton/runtime/jit.py", line 594, in run\n    kernel = self.compile(src, target=target, options=options.__dict__)\n  File "/home/lijiaxing/.conda/envs/api/lib/python3.10/site-packages/triton/compiler/compiler.py", line 339, in compile\n    module = src.make_ir(options, codegen_fns, module_map, context)\n  File "/home/lijiaxing/.conda/envs/api/lib/python3.10/site-packages/triton/compiler/compiler.py", line 83, in make_ir\n    return ast_to_ttir(self.fn, self, context=context, options=options, codegen_fns=codegen_fns,\ntriton.compiler.errors.CompilationError: at 43:23:\n\n    # Segment-level reduction\n    pos_sum = tl.sum(pos_sq, axis=0)\n    neg_sum = tl.sum(neg_sq, axis=0)\n\n    # Store partial sums in shared memory\n    shmem = tl.zeros((BLOCK_SIZE,), dtype=tl.float32)\n    shmem = tl.where(tl.arange(0, BLOCK_SIZE) == 0, pos_sum, shmem)\n    shmem = tl.where(tl.arange(0, BLOCK_SIZE) == 1, neg_sum, shmem)\n\n    # Final reduction across segments\n    pos_total = tl.sum(shmem[0:1])\n                       ^\nValueError(\'unsupported tensor index: <triton.language.core.slice object at 0x7f23e009f790>\')\n\n\nThe above exception was the direct cause of the following exception:\n\nTraceback (most recent call last):\n  File "/home/lijiaxing/.conda/envs/api/lib/python3.10/site-packages/triton/language/core.py", line 42, in wrapper\n    return fn(*args, **kwargs)\n  File "/home/lijiaxing/.conda/envs/api/lib/python3.10/site-packages/triton/language/core.py", line 1118, in __getitem__\n    raise ValueError(f"unsupported tensor index: {sl}")\nValueError: unsupported tensor index: <triton.language.core.slice object at 0x7f23e009f790>\n', 'runtime_error_name': 'triton.compiler.errors.CompilationError', 'reference_timing_ms': 0.0724, 'speed_up': -1.0, 'custom_timing': -1.0}, 'runtime': -1.0, 'runtime_stats': {}}}
2025-08-12 18:40:08,741 - openevolve.RemoteSpeedupEvaluator - INFO - [level1_99_TripletMarginLoss] triton key words check pass
2025-08-12 18:40:08,742 - openevolve.RemoteSpeedupEvaluator - INFO - [level1_99_TripletMarginLoss] verify_plus payload: reference_code(747 chars) + custom_code(2701 chars)
2025-08-12 18:40:12,374 - openevolve.RemoteSpeedupEvaluator - INFO - [level1_99_TripletMarginLoss] verify_plus request success
2025-08-12 18:40:12,374 - openevolve.RemoteSpeedupEvaluator - INFO - [level1_99_TripletMarginLoss] verify_plus response: {"id":"level1_99_TripletMarginLoss","result":{"compiled":true,"correctness":false,"metadata":{"hardware":"NVIDIA L20Y","device":"cuda:2","max_difference":["90.850006","91.845421","78.294434","81.262276","84.247261"],"avg_difference":["90.850006","91.845421","78.294434","81.262276","84.247261"],"correctness_issue":"Output mismatch","correctness_trials":"(0 / 5)","reference_timing_ms":0.0724,"speed_up":-1.0,"custom_timing":-1.0},"runtime":-1.0,"runtime_stats":{}}}
2025-08-12 18:40:12,375 - openevolve.RemoteSpeedupEvaluator - INFO - [level1_99_TripletMarginLoss] âœ˜ wrong_answer
2025-08-12 18:40:12,375 - openevolve.evaluator - INFO - Evaluated program 7bee64ae-c442-4fd0-8f0d-15b4db0cc8d7 in 3.63s: compiled=1.0000, correctness=0.0000, score=10.0000, stage=wrong_answer, verify_payload={'id': 'level1_99_TripletMarginLoss', 'result': {'compiled': True, 'correctness': False, 'metadata': {'hardware': 'NVIDIA L20Y', 'device': 'cuda:2', 'max_difference': ['90.850006', '91.845421', '78.294434', '81.262276', '84.247261'], 'avg_difference': ['90.850006', '91.845421', '78.294434', '81.262276', '84.247261'], 'correctness_issue': 'Output mismatch', 'correctness_trials': '(0 / 5)', 'reference_timing_ms': 0.0724, 'speed_up': -1.0, 'custom_timing': -1.0}, 'runtime': -1.0, 'runtime_stats': {}}}
2025-08-12 18:40:12,379 - openevolve.llm.ensemble - INFO - Sampled model: deepseek
2025-08-12 18:40:12,384 - openevolve.database - INFO - New MAP-Elites cell occupied: {'score': 9, 'complexity': 8}
2025-08-12 18:40:12,397 - openevolve.threaded_parallel - INFO - Iteration 3: Program 7bee64ae-c442-4fd0-8f0d-15b4db0cc8d7 (parent: 921f6aa6-20a8-43ec-a760-ec4d3cce817b) completed in 455.01s
2025-08-12 18:40:12,397 - openevolve.threaded_parallel - INFO - Metrics: compiled=1.0000, correctness=0.0000, score=10.0000, stage=wrong_answer, verify_payload={'id': 'level1_99_TripletMarginLoss', 'result': {'compiled': True, 'correctness': False, 'metadata': {'hardware': 'NVIDIA L20Y', 'device': 'cuda:2', 'max_difference': ['90.850006', '91.845421', '78.294434', '81.262276', '84.247261'], 'avg_difference': ['90.850006', '91.845421', '78.294434', '81.262276', '84.247261'], 'correctness_issue': 'Output mismatch', 'correctness_trials': '(0 / 5)', 'reference_timing_ms': 0.0724, 'speed_up': -1.0, 'custom_timing': -1.0}, 'runtime': -1.0, 'runtime_stats': {}}}
2025-08-12 18:40:12,397 - openevolve.threaded_parallel - INFO - Checkpoint interval reached at iteration 3
2025-08-12 18:40:12,397 - openevolve.database - INFO - Island Status:
2025-08-12 18:40:12,397 - openevolve.database - INFO -  * Island 0: 4 programs, best=10.0000, avg=-20.0000, diversity=379.23, gen=3 (best: 4c41c468-7e81-40b9-9667-d1209d082f67)
2025-08-12 18:40:12,397 - openevolve.database - INFO -    Island 1: 2 programs, best=10.0000, avg=10.0000, diversity=466.80, gen=1 (best: 0d9bc42a-3889-4c0c-82c4-2790ee94e000)
2025-08-12 18:40:12,397 - openevolve.database - INFO -    Island 2: 1 programs, best=10.0000, avg=10.0000, diversity=0.00, gen=1 (best: 7bee64ae-c442-4fd0-8f0d-15b4db0cc8d7)
2025-08-12 18:40:12,468 - openevolve.database - INFO - Saved database with 6 programs to openevolve_output/level1_99_TripletMarginLoss/checkpoints/checkpoint_3
2025-08-12 18:40:12,482 - openevolve.controller - INFO - Saved best program at checkpoint 3 with metrics: compiled=1.0000, correctness=0.0000, score=10.0000, stage=wrong_answer, verify_payload={'id': 'level1_99_TripletMarginLoss', 'result': {'compiled': True, 'correctness': False, 'metadata': {'hardware': 'NVIDIA L20Y', 'device': 'cuda:1', 'runtime_error': 'Traceback (most recent call last):\n  File "/home/lijiaxing/.conda/envs/api/lib/python3.10/site-packages/triton/language/core.py", line 42, in wrapper\n    return fn(*args, **kwargs)\n  File "/home/lijiaxing/.conda/envs/api/lib/python3.10/site-packages/triton/language/core.py", line 2216, in store\n    return _semantic.store(pointer, value, mask, boundary_check, cache_modifier, eviction_policy)\n  File "/home/lijiaxing/.conda/envs/api/lib/python3.10/site-packages/triton/language/semantic.py", line 1292, in store\n    return self._store_legacy(ptr, val, mask, boundary_check, cache, eviction)\n  File "/home/lijiaxing/.conda/envs/api/lib/python3.10/site-packages/triton/language/semantic.py", line 1248, in _store_legacy\n    raise ValueError("Value argument cannot be block type if pointer argument is not a block")\nValueError: Value argument cannot be block type if pointer argument is not a block\n\nThe above exception was the direct cause of the following exception:\n\nTraceback (most recent call last):\n  File "/cpfs01/shared/llm_kernel/hujiakai/KernelLLM/validation_api_server/helpers/evaluations.py", line 720, in run_and_check_correctness\n    output_new = model_new(*inputs)\n  File "/home/lijiaxing/.conda/envs/api/lib/python3.10/site-packages/torch/nn/modules/module.py", line 1773, in _wrapped_call_impl\n    return self._call_impl(*args, **kwargs)\n  File "/home/lijiaxing/.conda/envs/api/lib/python3.10/site-packages/torch/nn/modules/module.py", line 1784, in _call_impl\n    return forward_call(*args, **kwargs)\n  File "/tmp/tmptxhdhct1.py", line 52, in forward\n    triplet_margin_kernel[grid](\n  File "/home/lijiaxing/.conda/envs/api/lib/python3.10/site-packages/triton/runtime/jit.py", line 390, in <lambda>\n    return lambda *args, **kwargs: self.run(grid=grid, warmup=False, *args, **kwargs)\n  File "/home/lijiaxing/.conda/envs/api/lib/python3.10/site-packages/triton/runtime/jit.py", line 594, in run\n    kernel = self.compile(src, target=target, options=options.__dict__)\n  File "/home/lijiaxing/.conda/envs/api/lib/python3.10/site-packages/triton/compiler/compiler.py", line 339, in compile\n    module = src.make_ir(options, codegen_fns, module_map, context)\n  File "/home/lijiaxing/.conda/envs/api/lib/python3.10/site-packages/triton/compiler/compiler.py", line 83, in make_ir\n    return ast_to_ttir(self.fn, self, context=context, options=options, codegen_fns=codegen_fns,\ntriton.compiler.errors.CompilationError: at 30:4:\n        n = tl.load(negative_ptr + pid * feature_size + idxs, mask=mask, other=0.0)\n\n        ap_diff = a - p\n        an_diff = a - n\n\n        ap_acc += tl.sum(ap_diff * ap_diff, axis=0)\n        an_acc += tl.sum(an_diff * an_diff, axis=0)\n\n    d_ap = tl.sqrt(ap_acc)\n    d_an = tl.sqrt(an_acc)\n    loss = tl.maximum(d_ap - d_an + margin, 0.0)\n    tl.store(output_ptr + pid, loss)\n    ^\n\n\nThe above exception was the direct cause of the following exception:\n\nTraceback (most recent call last):\n  File "/home/lijiaxing/.conda/envs/api/lib/python3.10/site-packages/triton/language/core.py", line 42, in wrapper\n    return fn(*args, **kwargs)\n  File "/home/lijiaxing/.conda/envs/api/lib/python3.10/site-packages/triton/language/core.py", line 2216, in store\n    return _semantic.store(pointer, value, mask, boundary_check, cache_modifier, eviction_policy)\n  File "/home/lijiaxing/.conda/envs/api/lib/python3.10/site-packages/triton/language/semantic.py", line 1292, in store\n    return self._store_legacy(ptr, val, mask, boundary_check, cache, eviction)\n  File "/home/lijiaxing/.conda/envs/api/lib/python3.10/site-packages/triton/language/semantic.py", line 1248, in _store_legacy\n    raise ValueError("Value argument cannot be block type if pointer argument is not a block")\nValueError: Value argument cannot be block type if pointer argument is not a block\n', 'runtime_error_name': 'triton.compiler.errors.CompilationError', 'reference_timing_ms': 0.0724, 'speed_up': -1.0, 'custom_timing': -1.0}, 'runtime': -1.0, 'runtime_stats': {}}}
2025-08-12 18:40:12,482 - openevolve.controller - INFO - Saved checkpoint at iteration 3 to openevolve_output/level1_99_TripletMarginLoss/checkpoints/checkpoint_3
2025-08-12 18:41:50,281 - openevolve.RemoteSpeedupEvaluator - INFO - [level1_99_TripletMarginLoss] triton key words check pass
2025-08-12 18:41:50,283 - openevolve.RemoteSpeedupEvaluator - INFO - [level1_99_TripletMarginLoss] verify_plus payload: reference_code(747 chars) + custom_code(2066 chars)
2025-08-12 18:41:53,483 - openevolve.RemoteSpeedupEvaluator - INFO - [level1_99_TripletMarginLoss] verify_plus request success
2025-08-12 18:41:53,483 - openevolve.RemoteSpeedupEvaluator - INFO - [level1_99_TripletMarginLoss] verify_plus response: {"id":"level1_99_TripletMarginLoss","result":{"compiled":true,"correctness":true,"metadata":{"hardware":"NVIDIA L20Y","device":"cuda:2","correctness_trials":"(5 / 5)","reference_timing_ms":0.0724,"speed_up":1.319,"custom_timing":0.0549},"runtime":0.0549,"runtime_stats":{"mean":0.0549,"std":0.00266,"min":0.0518,"max":0.0731,"num_trials":100,"hardware":"NVIDIA L20Y","device":"cuda:2"}}}
2025-08-12 18:41:53,484 - openevolve.RemoteSpeedupEvaluator - INFO - [level1_99_TripletMarginLoss] âœ” success | speed_up=1.319  score=51.90
2025-08-12 18:41:53,484 - openevolve.evaluator - INFO - Evaluated program 9b518164-b1ef-48f4-ac84-e04cb26fed93 in 3.20s: compiled=1.0000, correctness=1.0000, stage=success, passed=1.0000, score=51.9000, speed_up=1.3190, runtime_ms=0.0549, meta={'hardware': 'NVIDIA L20Y', 'device': 'cuda:2', 'correctness_trials': '(5 / 5)', 'reference_timing_ms': 0.0724, 'speed_up': 1.319, 'custom_timing': 0.0549}
2025-08-12 18:41:53,489 - openevolve.llm.ensemble - INFO - Sampled model: deepseek
2025-08-12 18:41:53,491 - openevolve.database - INFO - New MAP-Elites cell occupied: {'score': 9, 'complexity': 5}
2025-08-12 18:41:53,491 - openevolve.database - INFO - New best program 9b518164-b1ef-48f4-ac84-e04cb26fed93 replaces 4c41c468-7e81-40b9-9667-d1209d082f67
2025-08-12 18:41:53,503 - openevolve.threaded_parallel - INFO - Iteration 6: Program 9b518164-b1ef-48f4-ac84-e04cb26fed93 (parent: 4c41c468-7e81-40b9-9667-d1209d082f67) completed in 176.51s
2025-08-12 18:41:53,503 - openevolve.threaded_parallel - INFO - Metrics: compiled=1.0000, correctness=1.0000, stage=success, passed=1.0000, score=51.9000, speed_up=1.3190, runtime_ms=0.0549, meta={'hardware': 'NVIDIA L20Y', 'device': 'cuda:2', 'correctness_trials': '(5 / 5)', 'reference_timing_ms': 0.0724, 'speed_up': 1.319, 'custom_timing': 0.0549}
2025-08-12 18:41:53,503 - openevolve.threaded_parallel - INFO - ðŸŒŸ New best solution found at iteration 6: 9b518164-b1ef-48f4-ac84-e04cb26fed93
2025-08-12 18:41:53,503 - openevolve.threaded_parallel - INFO - Checkpoint interval reached at iteration 6
2025-08-12 18:41:53,504 - openevolve.database - INFO - Island Status:
2025-08-12 18:41:53,504 - openevolve.database - INFO -    Island 0: 5 programs, best=51.9000, avg=-5.6200, diversity=276.63, gen=3 (best: 9b518164-b1ef-48f4-ac84-e04cb26fed93)
2025-08-12 18:41:53,504 - openevolve.database - INFO -  * Island 1: 2 programs, best=10.0000, avg=10.0000, diversity=466.80, gen=2 (best: 0d9bc42a-3889-4c0c-82c4-2790ee94e000)
2025-08-12 18:41:53,504 - openevolve.database - INFO -    Island 2: 1 programs, best=10.0000, avg=10.0000, diversity=0.00, gen=1 (best: 7bee64ae-c442-4fd0-8f0d-15b4db0cc8d7)
2025-08-12 18:41:53,586 - openevolve.database - INFO - Saved database with 7 programs to openevolve_output/level1_99_TripletMarginLoss/checkpoints/checkpoint_6
2025-08-12 18:41:53,596 - openevolve.controller - INFO - Saved best program at checkpoint 6 with metrics: compiled=1.0000, correctness=1.0000, stage=success, passed=1.0000, score=51.9000, speed_up=1.3190, runtime_ms=0.0549, meta={'hardware': 'NVIDIA L20Y', 'device': 'cuda:2', 'correctness_trials': '(5 / 5)', 'reference_timing_ms': 0.0724, 'speed_up': 1.319, 'custom_timing': 0.0549}
2025-08-12 18:41:53,596 - openevolve.controller - INFO - Saved checkpoint at iteration 6 to openevolve_output/level1_99_TripletMarginLoss/checkpoints/checkpoint_6
2025-08-12 18:42:05,272 - openevolve.RemoteSpeedupEvaluator - INFO - [level1_99_TripletMarginLoss] triton key words check pass
2025-08-12 18:42:05,273 - openevolve.RemoteSpeedupEvaluator - INFO - [level1_99_TripletMarginLoss] verify_plus payload: reference_code(747 chars) + custom_code(2351 chars)
2025-08-12 18:42:09,239 - openevolve.RemoteSpeedupEvaluator - INFO - [level1_99_TripletMarginLoss] verify_plus request success
2025-08-12 18:42:09,239 - openevolve.RemoteSpeedupEvaluator - INFO - [level1_99_TripletMarginLoss] verify_plus response: {"id":"level1_99_TripletMarginLoss","result":{"compiled":true,"correctness":false,"metadata":{"hardware":"NVIDIA L20Y","device":"cuda:5","runtime_error":"Traceback (most recent call last):\n  File \"/cpfs01/shared/llm_kernel/hujiakai/KernelLLM/validation_api_server/helpers/evaluations.py\", line 720, in run_and_check_correctness\n    output_new = model_new(*inputs)\n  File \"/home/lijiaxing/.conda/envs/api/lib/python3.10/site-packages/torch/nn/modules/module.py\", line 1773, in _wrapped_call_impl\n    return self._call_impl(*args, **kwargs)\n  File \"/home/lijiaxing/.conda/envs/api/lib/python3.10/site-packages/torch/nn/modules/module.py\", line 1784, in _call_impl\n    return forward_call(*args, **kwargs)\n  File \"/tmp/tmp24xi44u8.py\", line 59, in forward\n    triplet_margin_kernel[grid]
2025-08-12 18:42:09,239 - openevolve.RemoteSpeedupEvaluator - INFO - [level1_99_TripletMarginLoss] âœ˜ wrong_answer
2025-08-12 18:42:09,240 - openevolve.evaluator - INFO - Evaluated program 926cc762-fc79-4018-bd09-ebe14734fb34 in 3.97s: compiled=1.0000, correctness=0.0000, score=10.0000, stage=wrong_answer, verify_payload={'id': 'level1_99_TripletMarginLoss', 'result': {'compiled': True, 'correctness': False, 'metadata': {'hardware': 'NVIDIA L20Y', 'device': 'cuda:5', 'runtime_error': 'Traceback (most recent call last):\n  File "/cpfs01/shared/llm_kernel/hujiakai/KernelLLM/validation_api_server/helpers/evaluations.py", line 720, in run_and_check_correctness\n    output_new = model_new(*inputs)\n  File "/home/lijiaxing/.conda/envs/api/lib/python3.10/site-packages/torch/nn/modules/module.py", line 1773, in _wrapped_call_impl\n    return self._call_impl(*args, **kwargs)\n  File "/home/lijiaxing/.conda/envs/api/lib/python3.10/site-packages/torch/nn/modules/module.py", line 1784, in _call_impl\n    return forward_call(*args, **kwargs)\n  File "/tmp/tmp24xi44u8.py", line 59, in forward\n    triplet_margin_kernel[grid](\n  File "/home/lijiaxing/.conda/envs/api/lib/python3.10/site-packages/triton/runtime/jit.py", line 390, in <lambda>\n    return lambda *args, **kwargs: self.run(grid=grid, warmup=False, *args, **kwargs)\n  File "/home/lijiaxing/.conda/envs/api/lib/python3.10/site-packages/triton/runtime/autotuner.py", line 239, in run\n    benchmark()\n  File "/home/lijiaxing/.conda/envs/api/lib/python3.10/site-packages/triton/runtime/autotuner.py", line 228, in benchmark\n    timings = {config: self._bench(*args, config=config, **kwargs) for config in pruned_configs}\n  File "/home/lijiaxing/.conda/envs/api/lib/python3.10/site-packages/triton/runtime/autotuner.py", line 228, in <dictcomp>\n    timings = {config: self._bench(*args, config=config, **kwargs) for config in pruned_configs}\n  File "/home/lijiaxing/.conda/envs/api/lib/python3.10/site-packages/triton/runtime/autotuner.py", line 135, in _bench\n    raise ValueError(f"Conflicting meta-parameters: {\', \'.join(conflicts)}."\nValueError: Conflicting meta-parameters: BLOCK_SIZE. Make sure that you don\'t re-define auto-tuned symbols.\n', 'runtime_error_name': 'builtins.ValueError', 'reference_timing_ms': 0.0724, 'speed_up': -1.0, 'custom_timing': -1.0}, 'runtime': -1.0, 'runtime_stats': {}}}
2025-08-12 18:42:09,241 - openevolve.database - INFO - New MAP-Elites cell occupied: {'score': 9, 'complexity': 6}
2025-08-12 18:42:09,243 - openevolve.llm.ensemble - INFO - Sampled model: deepseek
2025-08-12 18:42:09,253 - openevolve.threaded_parallel - INFO - Iteration 5: Program 926cc762-fc79-4018-bd09-ebe14734fb34 (parent: 4c41c468-7e81-40b9-9667-d1209d082f67) completed in 231.45s
2025-08-12 18:42:09,254 - openevolve.threaded_parallel - INFO - Metrics: compiled=1.0000, correctness=0.0000, score=10.0000, stage=wrong_answer, verify_payload={'id': 'level1_99_TripletMarginLoss', 'result': {'compiled': True, 'correctness': False, 'metadata': {'hardware': 'NVIDIA L20Y', 'device': 'cuda:5', 'runtime_error': 'Traceback (most recent call last):\n  File "/cpfs01/shared/llm_kernel/hujiakai/KernelLLM/validation_api_server/helpers/evaluations.py", line 720, in run_and_check_correctness\n    output_new = model_new(*inputs)\n  File "/home/lijiaxing/.conda/envs/api/lib/python3.10/site-packages/torch/nn/modules/module.py", line 1773, in _wrapped_call_impl\n    return self._call_impl(*args, **kwargs)\n  File "/home/lijiaxing/.conda/envs/api/lib/python3.10/site-packages/torch/nn/modules/module.py", line 1784, in _call_impl\n    return forward_call(*args, **kwargs)\n  File "/tmp/tmp24xi44u8.py", line 59, in forward\n    triplet_margin_kernel[grid](\n  File "/home/lijiaxing/.conda/envs/api/lib/python3.10/site-packages/triton/runtime/jit.py", line 390, in <lambda>\n    return lambda *args, **kwargs: self.run(grid=grid, warmup=False, *args, **kwargs)\n  File "/home/lijiaxing/.conda/envs/api/lib/python3.10/site-packages/triton/runtime/autotuner.py", line 239, in run\n    benchmark()\n  File "/home/lijiaxing/.conda/envs/api/lib/python3.10/site-packages/triton/runtime/autotuner.py", line 228, in benchmark\n    timings = {config: self._bench(*args, config=config, **kwargs) for config in pruned_configs}\n  File "/home/lijiaxing/.conda/envs/api/lib/python3.10/site-packages/triton/runtime/autotuner.py", line 228, in <dictcomp>\n    timings = {config: self._bench(*args, config=config, **kwargs) for config in pruned_configs}\n  File "/home/lijiaxing/.conda/envs/api/lib/python3.10/site-packages/triton/runtime/autotuner.py", line 135, in _bench\n    raise ValueError(f"Conflicting meta-parameters: {\', \'.join(conflicts)}."\nValueError: Conflicting meta-parameters: BLOCK_SIZE. Make sure that you don\'t re-define auto-tuned symbols.\n', 'runtime_error_name': 'builtins.ValueError', 'reference_timing_ms': 0.0724, 'speed_up': -1.0, 'custom_timing': -1.0}, 'runtime': -1.0, 'runtime_stats': {}}}
2025-08-12 18:43:50,437 - openevolve.RemoteSpeedupEvaluator - INFO - [level1_99_TripletMarginLoss] triton key words check pass
2025-08-12 18:43:50,438 - openevolve.RemoteSpeedupEvaluator - INFO - [level1_99_TripletMarginLoss] verify_plus payload: reference_code(747 chars) + custom_code(2050 chars)
2025-08-12 18:43:53,396 - openevolve.RemoteSpeedupEvaluator - INFO - [level1_99_TripletMarginLoss] verify_plus request success
2025-08-12 18:43:53,396 - openevolve.RemoteSpeedupEvaluator - INFO - [level1_99_TripletMarginLoss] verify_plus response: {"id":"level1_99_TripletMarginLoss","result":{"compiled":true,"correctness":true,"metadata":{"hardware":"NVIDIA L20Y","device":"cuda:6","correctness_trials":"(5 / 5)","reference_timing_ms":0.0724,"speed_up":1.309,"custom_timing":0.0553},"runtime":0.0553,"runtime_stats":{"mean":0.0553,"std":0.00248,"min":0.0523,"max":0.0692,"num_trials":100,"hardware":"NVIDIA L20Y","device":"cuda:6"}}}
2025-08-12 18:43:53,397 - openevolve.RemoteSpeedupEvaluator - INFO - [level1_99_TripletMarginLoss] âœ” success | speed_up=1.309  score=50.90
2025-08-12 18:43:53,397 - openevolve.evaluator - INFO - Evaluated program d76b8395-5200-4e77-8684-3f1461e37a9d in 2.96s: compiled=1.0000, correctness=1.0000, stage=success, passed=1.0000, score=50.9000, speed_up=1.3090, runtime_ms=0.0553, meta={'hardware': 'NVIDIA L20Y', 'device': 'cuda:6', 'correctness_trials': '(5 / 5)', 'reference_timing_ms': 0.0724, 'speed_up': 1.309, 'custom_timing': 0.0553}
2025-08-12 18:43:53,399 - openevolve.llm.ensemble - INFO - Sampled model: deepseek
2025-08-12 18:43:53,418 - openevolve.threaded_parallel - INFO - Iteration 7: Program d76b8395-5200-4e77-8684-3f1461e37a9d (parent: 4c41c468-7e81-40b9-9667-d1209d082f67) completed in 221.02s
2025-08-12 18:43:53,418 - openevolve.threaded_parallel - INFO - Metrics: compiled=1.0000, correctness=1.0000, stage=success, passed=1.0000, score=50.9000, speed_up=1.3090, runtime_ms=0.0553, meta={'hardware': 'NVIDIA L20Y', 'device': 'cuda:6', 'correctness_trials': '(5 / 5)', 'reference_timing_ms': 0.0724, 'speed_up': 1.309, 'custom_timing': 0.0553}
2025-08-12 18:45:46,485 - openevolve.RemoteSpeedupEvaluator - INFO - [level1_99_TripletMarginLoss] triton key words check pass
2025-08-12 18:45:46,486 - openevolve.RemoteSpeedupEvaluator - INFO - [level1_99_TripletMarginLoss] verify_plus payload: reference_code(747 chars) + custom_code(2070 chars)
2025-08-12 18:45:52,739 - openevolve.RemoteSpeedupEvaluator - INFO - [level1_99_TripletMarginLoss] verify_plus request success
2025-08-12 18:45:52,739 - openevolve.RemoteSpeedupEvaluator - INFO - [level1_99_TripletMarginLoss] verify_plus response: {"id":"level1_99_TripletMarginLoss","result":{"compiled":true,"correctness":true,"metadata":{"hardware":"NVIDIA L20Y","device":"cuda:7","correctness_trials":"(5 / 5)","reference_timing_ms":0.0724,"speed_up":1.356,"custom_timing":0.0534},"runtime":0.0534,"runtime_stats":{"mean":0.0534,"std":0.00312,"min":0.0504,"max":0.0683,"num_trials":100,"hardware":"NVIDIA L20Y","device":"cuda:7"}}}
2025-08-12 18:45:52,739 - openevolve.RemoteSpeedupEvaluator - INFO - [level1_99_TripletMarginLoss] âœ” success | speed_up=1.356  score=55.60
2025-08-12 18:45:52,739 - openevolve.evaluator - INFO - Evaluated program 686e6fe1-52b3-4b6e-9d6d-7fe5708ef825 in 6.26s: compiled=1.0000, correctness=1.0000, stage=success, passed=1.0000, score=55.6000, speed_up=1.3560, runtime_ms=0.0534, meta={'hardware': 'NVIDIA L20Y', 'device': 'cuda:7', 'correctness_trials': '(5 / 5)', 'reference_timing_ms': 0.0724, 'speed_up': 1.356, 'custom_timing': 0.0534}
2025-08-12 18:45:52,742 - openevolve.llm.ensemble - INFO - Sampled model: deepseek
2025-08-12 18:45:52,746 - openevolve.database - INFO - MAP-Elites cell improved: {'score': 9, 'complexity': 5} (fitness: 51.900 -> 55.600)
2025-08-12 18:45:52,746 - openevolve.database - INFO - New best program 686e6fe1-52b3-4b6e-9d6d-7fe5708ef825 replaces 9b518164-b1ef-48f4-ac84-e04cb26fed93
2025-08-12 18:45:52,758 - openevolve.threaded_parallel - INFO - Iteration 9: Program 686e6fe1-52b3-4b6e-9d6d-7fe5708ef825 (parent: 4c41c468-7e81-40b9-9667-d1209d082f67) completed in 223.50s
2025-08-12 18:45:52,758 - openevolve.threaded_parallel - INFO - Metrics: compiled=1.0000, correctness=1.0000, stage=success, passed=1.0000, score=55.6000, speed_up=1.3560, runtime_ms=0.0534, meta={'hardware': 'NVIDIA L20Y', 'device': 'cuda:7', 'correctness_trials': '(5 / 5)', 'reference_timing_ms': 0.0724, 'speed_up': 1.356, 'custom_timing': 0.0534}
2025-08-12 18:45:52,758 - openevolve.threaded_parallel - INFO - ðŸŒŸ New best solution found at iteration 9: 686e6fe1-52b3-4b6e-9d6d-7fe5708ef825
2025-08-12 18:45:52,758 - openevolve.threaded_parallel - INFO - Checkpoint interval reached at iteration 9
2025-08-12 18:45:52,759 - openevolve.database - INFO - Island Status:
2025-08-12 18:45:52,759 - openevolve.database - INFO -    Island 0: 6 programs, best=55.6000, avg=4.5833, diversity=265.45, gen=4 (best: 686e6fe1-52b3-4b6e-9d6d-7fe5708ef825)
2025-08-12 18:45:52,759 - openevolve.database - INFO -  * Island 1: 3 programs, best=10.0000, avg=10.0000, diversity=312.53, gen=3 (best: 0d9bc42a-3889-4c0c-82c4-2790ee94e000)
2025-08-12 18:45:52,759 - openevolve.database - INFO -    Island 2: 2 programs, best=50.9000, avg=30.4500, diversity=267.10, gen=2 (best: d76b8395-5200-4e77-8684-3f1461e37a9d)
2025-08-12 18:45:52,871 - openevolve.database - INFO - Saved database with 10 programs to openevolve_output/level1_99_TripletMarginLoss/checkpoints/checkpoint_9
2025-08-12 18:45:52,881 - openevolve.controller - INFO - Saved best program at checkpoint 9 with metrics: compiled=1.0000, correctness=1.0000, stage=success, passed=1.0000, score=55.6000, speed_up=1.3560, runtime_ms=0.0534, meta={'hardware': 'NVIDIA L20Y', 'device': 'cuda:7', 'correctness_trials': '(5 / 5)', 'reference_timing_ms': 0.0724, 'speed_up': 1.356, 'custom_timing': 0.0534}
2025-08-12 18:45:52,881 - openevolve.controller - INFO - Saved checkpoint at iteration 9 to openevolve_output/level1_99_TripletMarginLoss/checkpoints/checkpoint_9
2025-08-12 18:48:05,262 - openevolve.RemoteSpeedupEvaluator - INFO - [level1_99_TripletMarginLoss] triton key words check pass
2025-08-12 18:48:05,263 - openevolve.RemoteSpeedupEvaluator - INFO - [level1_99_TripletMarginLoss] verify_plus payload: reference_code(747 chars) + custom_code(2323 chars)
2025-08-12 18:48:08,479 - openevolve.RemoteSpeedupEvaluator - INFO - [level1_99_TripletMarginLoss] verify_plus request success
2025-08-12 18:48:08,479 - openevolve.RemoteSpeedupEvaluator - INFO - [level1_99_TripletMarginLoss] verify_plus response: {"id":"level1_99_TripletMarginLoss","result":{"compiled":true,"correctness":true,"metadata":{"hardware":"NVIDIA L20Y","device":"cuda:7","correctness_trials":"(5 / 5)","reference_timing_ms":0.0724,"speed_up":1.221,"custom_timing":0.0593},"runtime":0.0593,"runtime_stats":{"mean":0.0593,"std":0.00304,"min":0.0562,"max":0.0768,"num_trials":100,"hardware":"NVIDIA L20Y","device":"cuda:7"}}}
2025-08-12 18:48:08,479 - openevolve.RemoteSpeedupEvaluator - INFO - [level1_99_TripletMarginLoss] âœ” success | speed_up=1.221  score=42.10
2025-08-12 18:48:08,479 - openevolve.evaluator - INFO - Evaluated program b58db39c-1a73-4521-a6a8-af5ad26f1060 in 3.22s: compiled=1.0000, correctness=1.0000, stage=success, passed=1.0000, score=42.1000, speed_up=1.2210, runtime_ms=0.0593, meta={'hardware': 'NVIDIA L20Y', 'device': 'cuda:7', 'correctness_trials': '(5 / 5)', 'reference_timing_ms': 0.0724, 'speed_up': 1.221, 'custom_timing': 0.0593}
2025-08-12 18:48:08,481 - openevolve.database - INFO - MAP-Elites cell improved: {'score': 9, 'complexity': 6} (fitness: 10.000 -> 42.100)
2025-08-12 18:48:08,483 - openevolve.llm.ensemble - INFO - Sampled model: deepseek
2025-08-12 18:48:08,488 - openevolve.threaded_parallel - INFO - Iteration 10: Program b58db39c-1a73-4521-a6a8-af5ad26f1060 (parent: 7bee64ae-c442-4fd0-8f0d-15b4db0cc8d7) completed in 255.08s
2025-08-12 18:48:08,489 - openevolve.threaded_parallel - INFO - Metrics: compiled=1.0000, correctness=1.0000, stage=success, passed=1.0000, score=42.1000, speed_up=1.2210, runtime_ms=0.0593, meta={'hardware': 'NVIDIA L20Y', 'device': 'cuda:7', 'correctness_trials': '(5 / 5)', 'reference_timing_ms': 0.0724, 'speed_up': 1.221, 'custom_timing': 0.0593}
2025-08-12 18:48:10,766 - openevolve.RemoteSpeedupEvaluator - INFO - [level1_99_TripletMarginLoss] âœ˜ invalid_answer 'import triton' is not found
2025-08-12 18:48:10,767 - openevolve.evaluator - INFO - Evaluated program ab893e92-963a-4398-ad3c-3da4bcd8dfb1 in 0.00s: compiled=0.0000, correctness=0.0000, score=-100.0000, stage=no_valid_triton_code, feedback=You need to generate real and valid triton code for the core function. The key word 'import triton' is not found.
2025-08-12 18:48:10,770 - openevolve.llm.ensemble - INFO - Sampled model: deepseek
2025-08-12 18:48:10,776 - openevolve.database - INFO - New MAP-Elites cell occupied: {'score': -1000, 'complexity': 3}
2025-08-12 18:48:10,782 - openevolve.threaded_parallel - INFO - Iteration 8: Program ab893e92-963a-4398-ad3c-3da4bcd8dfb1 (parent: 921f6aa6-20a8-43ec-a760-ec4d3cce817b) completed in 377.28s
2025-08-12 18:48:10,782 - openevolve.threaded_parallel - INFO - Metrics: compiled=0.0000, correctness=0.0000, score=-100.0000, stage=no_valid_triton_code, feedback=You need to generate real and valid triton code for the core function. The key word 'import triton' is not found.
2025-08-12 18:53:54,003 - openevolve.RemoteSpeedupEvaluator - INFO - [level1_99_TripletMarginLoss] triton key words check pass
2025-08-12 18:53:54,004 - openevolve.RemoteSpeedupEvaluator - INFO - [level1_99_TripletMarginLoss] verify_plus payload: reference_code(747 chars) + custom_code(2390 chars)
2025-08-12 18:54:32,986 - openevolve.RemoteSpeedupEvaluator - INFO - [level1_99_TripletMarginLoss] verify_plus request success
2025-08-12 18:54:32,987 - openevolve.RemoteSpeedupEvaluator - INFO - [level1_99_TripletMarginLoss] verify_plus response: {"id":"level1_99_TripletMarginLoss","result":{"compiled":true,"correctness":false,"metadata":{"hardware":"NVIDIA L20Y","device":"cuda:1","runtime_error":"Traceback (most recent call last):\n  File \"/home/lijiaxing/.conda/envs/api/lib/python3.10/site-packages/triton/language/core.py\", line 42, in wrapper\n    return fn(*args, **kwargs)\n  File \"/home/lijiaxing/.conda/envs/api/lib/python3.10/site-packages/triton/language/core.py\", line 2216, in store\n    return _semantic.store(pointer, value, mask, boundary_check, cache_modifier, eviction_policy)\n  File \"/home/lijiaxing/.conda/envs/api/lib/python3.10/site-packages/triton/language/semantic.py\", line 1292, in store\n    return self._store_legacy(ptr, val, mask, boundary_check, cache, eviction)\n  File \"/home/lijiaxing/.conda/envs/api/
2025-08-12 18:54:32,987 - openevolve.RemoteSpeedupEvaluator - INFO - [level1_99_TripletMarginLoss] âœ˜ wrong_answer
2025-08-12 18:54:32,988 - openevolve.evaluator - INFO - Evaluated program 999bf2fb-0613-40f5-af49-b98baa619554 in 38.99s: compiled=1.0000, correctness=0.0000, score=10.0000, stage=wrong_answer, verify_payload={'id': 'level1_99_TripletMarginLoss', 'result': {'compiled': True, 'correctness': False, 'metadata': {'hardware': 'NVIDIA L20Y', 'device': 'cuda:1', 'runtime_error': 'Traceback (most recent call last):\n  File "/home/lijiaxing/.conda/envs/api/lib/python3.10/site-packages/triton/language/core.py", line 42, in wrapper\n    return fn(*args, **kwargs)\n  File "/home/lijiaxing/.conda/envs/api/lib/python3.10/site-packages/triton/language/core.py", line 2216, in store\n    return _semantic.store(pointer, value, mask, boundary_check, cache_modifier, eviction_policy)\n  File "/home/lijiaxing/.conda/envs/api/lib/python3.10/site-packages/triton/language/semantic.py", line 1292, in store\n    return self._store_legacy(ptr, val, mask, boundary_check, cache, eviction)\n  File "/home/lijiaxing/.conda/envs/api/lib/python3.10/site-packages/triton/language/semantic.py", line 1248, in _store_legacy\n    raise ValueError("Value argument cannot be block type if pointer argument is not a block")\nValueError: Value argument cannot be block type if pointer argument is not a block\n\nThe above exception was the direct cause of the following exception:\n\nTraceback (most recent call last):\n  File "/cpfs01/shared/llm_kernel/hujiakai/KernelLLM/validation_api_server/helpers/evaluations.py", line 720, in run_and_check_correctness\n    output_new = model_new(*inputs)\n  File "/home/lijiaxing/.conda/envs/api/lib/python3.10/site-packages/torch/nn/modules/module.py", line 1773, in _wrapped_call_impl\n    return self._call_impl(*args, **kwargs)\n  File "/home/lijiaxing/.conda/envs/api/lib/python3.10/site-packages/torch/nn/modules/module.py", line 1784, in _call_impl\n    return forward_call(*args, **kwargs)\n  File "/tmp/tmpz7_6y0yf.py", line 60, in forward\n    triplet_margin_kernel[grid](\n  File "/home/lijiaxing/.conda/envs/api/lib/python3.10/site-packages/triton/runtime/jit.py", line 390, in <lambda>\n    return lambda *args, **kwargs: self.run(grid=grid, warmup=False, *args, **kwargs)\n  File "/home/lijiaxing/.conda/envs/api/lib/python3.10/site-packages/triton/runtime/autotuner.py", line 239, in run\n    benchmark()\n  File "/home/lijiaxing/.conda/envs/api/lib/python3.10/site-packages/triton/runtime/autotuner.py", line 228, in benchmark\n    timings = {config: self._bench(*args, config=config, **kwargs) for config in pruned_configs}\n  File "/home/lijiaxing/.conda/envs/api/lib/python3.10/site-packages/triton/runtime/autotuner.py", line 228, in <dictcomp>\n    timings = {config: self._bench(*args, config=config, **kwargs) for config in pruned_configs}\n  File "/home/lijiaxing/.conda/envs/api/lib/python3.10/site-packages/triton/runtime/autotuner.py", line 160, in _bench\n    return self.do_bench(kernel_call, quantiles=(0.5, 0.2, 0.8))\n  File "/home/lijiaxing/.conda/envs/api/lib/python3.10/site-packages/triton/testing.py", line 149, in do_bench\n    fn()\n  File "/home/lijiaxing/.conda/envs/api/lib/python3.10/site-packages/triton/runtime/autotuner.py", line 146, in kernel_call\n    self.fn.run(\n  File "/home/lijiaxing/.conda/envs/api/lib/python3.10/site-packages/triton/runtime/jit.py", line 594, in run\n    kernel = self.compile(src, target=target, options=options.__dict__)\n  File "/home/lijiaxing/.conda/envs/api/lib/python3.10/site-packages/triton/compiler/compiler.py", line 339, in compile\n    module = src.make_ir(options, codegen_fns, module_map, context)\n  File "/home/lijiaxing/.conda/envs/api/lib/python3.10/site-packages/triton/compiler/compiler.py", line 83, in make_ir\n    return ast_to_ttir(self.fn, self, context=context, options=options, codegen_fns=codegen_fns,\ntriton.compiler.errors.CompilationError: at 31:4:\n        n = tl.load(negative_ptr + pid * feature_size + offset + idxs, mask=mask, other=0.0)\n\n        ap_diff = a - p\n        an_diff = a - n\n\n        ap_acc += tl.sum(ap_diff * ap_diff, axis=0)\n        an_acc += tl.sum(an_diff * an_diff, axis=0)\n\n    d_ap = tl.sqrt(ap_acc)\n    d_an = tl.sqrt(an_acc)\n    loss = tl.maximum(d_ap - d_an + margin, 0.0)\n    tl.store(output_ptr + pid, loss)\n    ^\n\n\nThe above exception was the direct cause of the following exception:\n\nTraceback (most recent call last):\n  File "/home/lijiaxing/.conda/envs/api/lib/python3.10/site-packages/triton/language/core.py", line 42, in wrapper\n    return fn(*args, **kwargs)\n  File "/home/lijiaxing/.conda/envs/api/lib/python3.10/site-packages/triton/language/core.py", line 2216, in store\n    return _semantic.store(pointer, value, mask, boundary_check, cache_modifier, eviction_policy)\n  File "/home/lijiaxing/.conda/envs/api/lib/python3.10/site-packages/triton/language/semantic.py", line 1292, in store\n    return self._store_legacy(ptr, val, mask, boundary_check, cache, eviction)\n  File "/home/lijiaxing/.conda/envs/api/lib/python3.10/site-packages/triton/language/semantic.py", line 1248, in _store_legacy\n    raise ValueError("Value argument cannot be block type if pointer argument is not a block")\nValueError: Value argument cannot be block type if pointer argument is not a block\n', 'runtime_error_name': 'triton.compiler.errors.CompilationError', 'reference_timing_ms': 0.0724, 'speed_up': -1.0, 'custom_timing': -1.0}, 'runtime': -1.0, 'runtime_stats': {}}}
2025-08-12 18:54:32,993 - openevolve.llm.ensemble - INFO - Sampled model: deepseek
2025-08-12 18:54:33,011 - openevolve.threaded_parallel - INFO - Iteration 12: Program 999bf2fb-0613-40f5-af49-b98baa619554 (parent: 926cc762-fc79-4018-bd09-ebe14734fb34) completed in 384.51s
2025-08-12 18:54:33,011 - openevolve.threaded_parallel - INFO - Metrics: compiled=1.0000, correctness=0.0000, score=10.0000, stage=wrong_answer, verify_payload={'id': 'level1_99_TripletMarginLoss', 'result': {'compiled': True, 'correctness': False, 'metadata': {'hardware': 'NVIDIA L20Y', 'device': 'cuda:1', 'runtime_error': 'Traceback (most recent call last):\n  File "/home/lijiaxing/.conda/envs/api/lib/python3.10/site-packages/triton/language/core.py", line 42, in wrapper\n    return fn(*args, **kwargs)\n  File "/home/lijiaxing/.conda/envs/api/lib/python3.10/site-packages/triton/language/core.py", line 2216, in store\n    return _semantic.store(pointer, value, mask, boundary_check, cache_modifier, eviction_policy)\n  File "/home/lijiaxing/.conda/envs/api/lib/python3.10/site-packages/triton/language/semantic.py", line 1292, in store\n    return self._store_legacy(ptr, val, mask, boundary_check, cache, eviction)\n  File "/home/lijiaxing/.conda/envs/api/lib/python3.10/site-packages/triton/language/semantic.py", line 1248, in _store_legacy\n    raise ValueError("Value argument cannot be block type if pointer argument is not a block")\nValueError: Value argument cannot be block type if pointer argument is not a block\n\nThe above exception was the direct cause of the following exception:\n\nTraceback (most recent call last):\n  File "/cpfs01/shared/llm_kernel/hujiakai/KernelLLM/validation_api_server/helpers/evaluations.py", line 720, in run_and_check_correctness\n    output_new = model_new(*inputs)\n  File "/home/lijiaxing/.conda/envs/api/lib/python3.10/site-packages/torch/nn/modules/module.py", line 1773, in _wrapped_call_impl\n    return self._call_impl(*args, **kwargs)\n  File "/home/lijiaxing/.conda/envs/api/lib/python3.10/site-packages/torch/nn/modules/module.py", line 1784, in _call_impl\n    return forward_call(*args, **kwargs)\n  File "/tmp/tmpz7_6y0yf.py", line 60, in forward\n    triplet_margin_kernel[grid](\n  File "/home/lijiaxing/.conda/envs/api/lib/python3.10/site-packages/triton/runtime/jit.py", line 390, in <lambda>\n    return lambda *args, **kwargs: self.run(grid=grid, warmup=False, *args, **kwargs)\n  File "/home/lijiaxing/.conda/envs/api/lib/python3.10/site-packages/triton/runtime/autotuner.py", line 239, in run\n    benchmark()\n  File "/home/lijiaxing/.conda/envs/api/lib/python3.10/site-packages/triton/runtime/autotuner.py", line 228, in benchmark\n    timings = {config: self._bench(*args, config=config, **kwargs) for config in pruned_configs}\n  File "/home/lijiaxing/.conda/envs/api/lib/python3.10/site-packages/triton/runtime/autotuner.py", line 228, in <dictcomp>\n    timings = {config: self._bench(*args, config=config, **kwargs) for config in pruned_configs}\n  File "/home/lijiaxing/.conda/envs/api/lib/python3.10/site-packages/triton/runtime/autotuner.py", line 160, in _bench\n    return self.do_bench(kernel_call, quantiles=(0.5, 0.2, 0.8))\n  File "/home/lijiaxing/.conda/envs/api/lib/python3.10/site-packages/triton/testing.py", line 149, in do_bench\n    fn()\n  File "/home/lijiaxing/.conda/envs/api/lib/python3.10/site-packages/triton/runtime/autotuner.py", line 146, in kernel_call\n    self.fn.run(\n  File "/home/lijiaxing/.conda/envs/api/lib/python3.10/site-packages/triton/runtime/jit.py", line 594, in run\n    kernel = self.compile(src, target=target, options=options.__dict__)\n  File "/home/lijiaxing/.conda/envs/api/lib/python3.10/site-packages/triton/compiler/compiler.py", line 339, in compile\n    module = src.make_ir(options, codegen_fns, module_map, context)\n  File "/home/lijiaxing/.conda/envs/api/lib/python3.10/site-packages/triton/compiler/compiler.py", line 83, in make_ir\n    return ast_to_ttir(self.fn, self, context=context, options=options, codegen_fns=codegen_fns,\ntriton.compiler.errors.CompilationError: at 31:4:\n        n = tl.load(negative_ptr + pid * feature_size + offset + idxs, mask=mask, other=0.0)\n\n        ap_diff = a - p\n        an_diff = a - n\n\n        ap_acc += tl.sum(ap_diff * ap_diff, axis=0)\n        an_acc += tl.sum(an_diff * an_diff, axis=0)\n\n    d_ap = tl.sqrt(ap_acc)\n    d_an = tl.sqrt(an_acc)\n    loss = tl.maximum(d_ap - d_an + margin, 0.0)\n    tl.store(output_ptr + pid, loss)\n    ^\n\n\nThe above exception was the direct cause of the following exception:\n\nTraceback (most recent call last):\n  File "/home/lijiaxing/.conda/envs/api/lib/python3.10/site-packages/triton/language/core.py", line 42, in wrapper\n    return fn(*args, **kwargs)\n  File "/home/lijiaxing/.conda/envs/api/lib/python3.10/site-packages/triton/language/core.py", line 2216, in store\n    return _semantic.store(pointer, value, mask, boundary_check, cache_modifier, eviction_policy)\n  File "/home/lijiaxing/.conda/envs/api/lib/python3.10/site-packages/triton/language/semantic.py", line 1292, in store\n    return self._store_legacy(ptr, val, mask, boundary_check, cache, eviction)\n  File "/home/lijiaxing/.conda/envs/api/lib/python3.10/site-packages/triton/language/semantic.py", line 1248, in _store_legacy\n    raise ValueError("Value argument cannot be block type if pointer argument is not a block")\nValueError: Value argument cannot be block type if pointer argument is not a block\n', 'runtime_error_name': 'triton.compiler.errors.CompilationError', 'reference_timing_ms': 0.0724, 'speed_up': -1.0, 'custom_timing': -1.0}, 'runtime': -1.0, 'runtime_stats': {}}}
2025-08-12 18:54:33,011 - openevolve.threaded_parallel - INFO - Checkpoint interval reached at iteration 12
2025-08-12 18:54:33,012 - openevolve.database - INFO - Island Status:
2025-08-12 18:54:33,012 - openevolve.database - INFO -    Island 0: 7 programs, best=55.6000, avg=5.3571, diversity=212.03, gen=5 (best: 686e6fe1-52b3-4b6e-9d6d-7fe5708ef825)
2025-08-12 18:54:33,012 - openevolve.database - INFO -  * Island 1: 4 programs, best=42.1000, avg=18.0250, diversity=240.03, gen=4 (best: b58db39c-1a73-4521-a6a8-af5ad26f1060)
2025-08-12 18:54:33,012 - openevolve.database - INFO -    Island 2: 3 programs, best=50.9000, avg=-13.0333, diversity=387.13, gen=3 (best: d76b8395-5200-4e77-8684-3f1461e37a9d)
2025-08-12 18:54:33,193 - openevolve.database - INFO - Saved database with 13 programs to openevolve_output/level1_99_TripletMarginLoss/checkpoints/checkpoint_12
2025-08-12 18:54:33,203 - openevolve.controller - INFO - Saved best program at checkpoint 12 with metrics: compiled=1.0000, correctness=1.0000, stage=success, passed=1.0000, score=55.6000, speed_up=1.3560, runtime_ms=0.0534, meta={'hardware': 'NVIDIA L20Y', 'device': 'cuda:7', 'correctness_trials': '(5 / 5)', 'reference_timing_ms': 0.0724, 'speed_up': 1.356, 'custom_timing': 0.0534}
2025-08-12 18:54:33,203 - openevolve.controller - INFO - Saved checkpoint at iteration 12 to openevolve_output/level1_99_TripletMarginLoss/checkpoints/checkpoint_12
2025-08-12 18:55:51,679 - openevolve.RemoteSpeedupEvaluator - INFO - [level1_99_TripletMarginLoss] triton key words check pass
2025-08-12 18:55:51,680 - openevolve.RemoteSpeedupEvaluator - INFO - [level1_99_TripletMarginLoss] verify_plus payload: reference_code(747 chars) + custom_code(2586 chars)
2025-08-12 18:55:54,266 - openevolve.RemoteSpeedupEvaluator - INFO - [level1_99_TripletMarginLoss] verify_plus request success
2025-08-12 18:55:54,266 - openevolve.RemoteSpeedupEvaluator - INFO - [level1_99_TripletMarginLoss] verify_plus response: {"id":"level1_99_TripletMarginLoss","result":{"compiled":true,"correctness":false,"metadata":{"hardware":"NVIDIA L20Y","device":"cuda:2","runtime_error":"Traceback (most recent call last):\n  File \"/cpfs01/shared/llm_kernel/hujiakai/KernelLLM/validation_api_server/helpers/evaluations.py\", line 720, in run_and_check_correctness\n    output_new = model_new(*inputs)\n  File \"/home/lijiaxing/.conda/envs/api/lib/python3.10/site-packages/torch/nn/modules/module.py\", line 1773, in _wrapped_call_impl\n    return self._call_impl(*args, **kwargs)\n  File \"/home/lijiaxing/.conda/envs/api/lib/python3.10/site-packages/torch/nn/modules/module.py\", line 1784, in _call_impl\n    return forward_call(*args, **kwargs)\n  File \"/tmp/tmp2n14fev8.py\", line 64, in forward\n    triplet_margin_kernel[grid]
2025-08-12 18:55:54,266 - openevolve.RemoteSpeedupEvaluator - INFO - [level1_99_TripletMarginLoss] âœ˜ wrong_answer
2025-08-12 18:55:54,267 - openevolve.evaluator - INFO - Evaluated program 50f7f9ca-f040-403d-8e6d-71b4e2bf6133 in 2.59s: compiled=1.0000, correctness=0.0000, score=10.0000, stage=wrong_answer, verify_payload={'id': 'level1_99_TripletMarginLoss', 'result': {'compiled': True, 'correctness': False, 'metadata': {'hardware': 'NVIDIA L20Y', 'device': 'cuda:2', 'runtime_error': 'Traceback (most recent call last):\n  File "/cpfs01/shared/llm_kernel/hujiakai/KernelLLM/validation_api_server/helpers/evaluations.py", line 720, in run_and_check_correctness\n    output_new = model_new(*inputs)\n  File "/home/lijiaxing/.conda/envs/api/lib/python3.10/site-packages/torch/nn/modules/module.py", line 1773, in _wrapped_call_impl\n    return self._call_impl(*args, **kwargs)\n  File "/home/lijiaxing/.conda/envs/api/lib/python3.10/site-packages/torch/nn/modules/module.py", line 1784, in _call_impl\n    return forward_call(*args, **kwargs)\n  File "/tmp/tmp2n14fev8.py", line 64, in forward\n    triplet_margin_kernel[grid](\n  File "/home/lijiaxing/.conda/envs/api/lib/python3.10/site-packages/triton/runtime/jit.py", line 390, in <lambda>\n    return lambda *args, **kwargs: self.run(grid=grid, warmup=False, *args, **kwargs)\n  File "/home/lijiaxing/.conda/envs/api/lib/python3.10/site-packages/triton/runtime/autotuner.py", line 239, in run\n    benchmark()\n  File "/home/lijiaxing/.conda/envs/api/lib/python3.10/site-packages/triton/runtime/autotuner.py", line 228, in benchmark\n    timings = {config: self._bench(*args, config=config, **kwargs) for config in pruned_configs}\n  File "/home/lijiaxing/.conda/envs/api/lib/python3.10/site-packages/triton/runtime/autotuner.py", line 228, in <dictcomp>\n    timings = {config: self._bench(*args, config=config, **kwargs) for config in pruned_configs}\n  File "/home/lijiaxing/.conda/envs/api/lib/python3.10/site-packages/triton/runtime/autotuner.py", line 135, in _bench\n    raise ValueError(f"Conflicting meta-parameters: {\', \'.join(conflicts)}."\nValueError: Conflicting meta-parameters: BLOCK_SIZE. Make sure that you don\'t re-define auto-tuned symbols.\n', 'runtime_error_name': 'builtins.ValueError', 'reference_timing_ms': 0.0724, 'speed_up': -1.0, 'custom_timing': -1.0}, 'runtime': -1.0, 'runtime_stats': {}}}
2025-08-12 18:55:54,269 - openevolve.llm.ensemble - INFO - Sampled model: deepseek
2025-08-12 18:55:54,273 - openevolve.database - INFO - New MAP-Elites cell occupied: {'score': 9, 'complexity': 7}
2025-08-12 18:55:54,287 - openevolve.threaded_parallel - INFO - Iteration 11: Program 50f7f9ca-f040-403d-8e6d-71b4e2bf6133 (parent: 9b518164-b1ef-48f4-ac84-e04cb26fed93) completed in 601.52s
2025-08-12 18:55:54,287 - openevolve.threaded_parallel - INFO - Metrics: compiled=1.0000, correctness=0.0000, score=10.0000, stage=wrong_answer, verify_payload={'id': 'level1_99_TripletMarginLoss', 'result': {'compiled': True, 'correctness': False, 'metadata': {'hardware': 'NVIDIA L20Y', 'device': 'cuda:2', 'runtime_error': 'Traceback (most recent call last):\n  File "/cpfs01/shared/llm_kernel/hujiakai/KernelLLM/validation_api_server/helpers/evaluations.py", line 720, in run_and_check_correctness\n    output_new = model_new(*inputs)\n  File "/home/lijiaxing/.conda/envs/api/lib/python3.10/site-packages/torch/nn/modules/module.py", line 1773, in _wrapped_call_impl\n    return self._call_impl(*args, **kwargs)\n  File "/home/lijiaxing/.conda/envs/api/lib/python3.10/site-packages/torch/nn/modules/module.py", line 1784, in _call_impl\n    return forward_call(*args, **kwargs)\n  File "/tmp/tmp2n14fev8.py", line 64, in forward\n    triplet_margin_kernel[grid](\n  File "/home/lijiaxing/.conda/envs/api/lib/python3.10/site-packages/triton/runtime/jit.py", line 390, in <lambda>\n    return lambda *args, **kwargs: self.run(grid=grid, warmup=False, *args, **kwargs)\n  File "/home/lijiaxing/.conda/envs/api/lib/python3.10/site-packages/triton/runtime/autotuner.py", line 239, in run\n    benchmark()\n  File "/home/lijiaxing/.conda/envs/api/lib/python3.10/site-packages/triton/runtime/autotuner.py", line 228, in benchmark\n    timings = {config: self._bench(*args, config=config, **kwargs) for config in pruned_configs}\n  File "/home/lijiaxing/.conda/envs/api/lib/python3.10/site-packages/triton/runtime/autotuner.py", line 228, in <dictcomp>\n    timings = {config: self._bench(*args, config=config, **kwargs) for config in pruned_configs}\n  File "/home/lijiaxing/.conda/envs/api/lib/python3.10/site-packages/triton/runtime/autotuner.py", line 135, in _bench\n    raise ValueError(f"Conflicting meta-parameters: {\', \'.join(conflicts)}."\nValueError: Conflicting meta-parameters: BLOCK_SIZE. Make sure that you don\'t re-define auto-tuned symbols.\n', 'runtime_error_name': 'builtins.ValueError', 'reference_timing_ms': 0.0724, 'speed_up': -1.0, 'custom_timing': -1.0}, 'runtime': -1.0, 'runtime_stats': {}}}
2025-08-12 19:00:04,150 - openevolve.RemoteSpeedupEvaluator - INFO - [level1_99_TripletMarginLoss] triton key words check pass
2025-08-12 19:00:04,151 - openevolve.RemoteSpeedupEvaluator - INFO - [level1_99_TripletMarginLoss] verify_plus payload: reference_code(747 chars) + custom_code(2054 chars)
2025-08-12 19:00:10,204 - openevolve.RemoteSpeedupEvaluator - INFO - [level1_99_TripletMarginLoss] verify_plus request success
2025-08-12 19:00:10,204 - openevolve.RemoteSpeedupEvaluator - INFO - [level1_99_TripletMarginLoss] verify_plus response: {"id":"level1_99_TripletMarginLoss","result":{"compiled":true,"correctness":true,"metadata":{"hardware":"NVIDIA L20Y","device":"cuda:3","correctness_trials":"(5 / 5)","reference_timing_ms":0.0724,"speed_up":1.343,"custom_timing":0.0539},"runtime":0.0539,"runtime_stats":{"mean":0.0539,"std":0.00325,"min":0.0507,"max":0.0742,"num_trials":100,"hardware":"NVIDIA L20Y","device":"cuda:3"}}}
2025-08-12 19:00:10,205 - openevolve.RemoteSpeedupEvaluator - INFO - [level1_99_TripletMarginLoss] âœ” success | speed_up=1.343  score=54.30
2025-08-12 19:00:10,205 - openevolve.evaluator - INFO - Evaluated program 85a87897-46ef-40e5-9f84-9c30afe7a3b4 in 6.06s: compiled=1.0000, correctness=1.0000, stage=success, passed=1.0000, score=54.3000, speed_up=1.3430, runtime_ms=0.0539, meta={'hardware': 'NVIDIA L20Y', 'device': 'cuda:3', 'correctness_trials': '(5 / 5)', 'reference_timing_ms': 0.0724, 'speed_up': 1.343, 'custom_timing': 0.0539}
2025-08-12 19:00:10,209 - openevolve.llm.ensemble - INFO - Sampled model: deepseek
2025-08-12 19:00:10,219 - openevolve.threaded_parallel - INFO - Iteration 15: Program 85a87897-46ef-40e5-9f84-9c30afe7a3b4 (parent: 926cc762-fc79-4018-bd09-ebe14734fb34) completed in 255.94s
2025-08-12 19:00:10,219 - openevolve.threaded_parallel - INFO - Metrics: compiled=1.0000, correctness=1.0000, stage=success, passed=1.0000, score=54.3000, speed_up=1.3430, runtime_ms=0.0539, meta={'hardware': 'NVIDIA L20Y', 'device': 'cuda:3', 'correctness_trials': '(5 / 5)', 'reference_timing_ms': 0.0724, 'speed_up': 1.343, 'custom_timing': 0.0539}
2025-08-12 19:00:10,219 - openevolve.threaded_parallel - INFO - Checkpoint interval reached at iteration 15
2025-08-12 19:00:10,220 - openevolve.database - INFO - Island Status:
2025-08-12 19:00:10,220 - openevolve.database - INFO -  * Island 0: 7 programs, best=55.6000, avg=5.3571, diversity=212.03, gen=6 (best: 686e6fe1-52b3-4b6e-9d6d-7fe5708ef825)
2025-08-12 19:00:10,220 - openevolve.database - INFO -    Island 1: 5 programs, best=42.1000, avg=16.4200, diversity=292.60, gen=4 (best: b58db39c-1a73-4521-a6a8-af5ad26f1060)
2025-08-12 19:00:10,220 - openevolve.database - INFO -    Island 2: 4 programs, best=54.3000, avg=3.8000, diversity=292.08, gen=4 (best: 85a87897-46ef-40e5-9f84-9c30afe7a3b4)
2025-08-12 19:00:10,394 - openevolve.database - INFO - Saved database with 15 programs to openevolve_output/level1_99_TripletMarginLoss/checkpoints/checkpoint_15
2025-08-12 19:00:10,404 - openevolve.controller - INFO - Saved best program at checkpoint 15 with metrics: compiled=1.0000, correctness=1.0000, stage=success, passed=1.0000, score=55.6000, speed_up=1.3560, runtime_ms=0.0534, meta={'hardware': 'NVIDIA L20Y', 'device': 'cuda:7', 'correctness_trials': '(5 / 5)', 'reference_timing_ms': 0.0724, 'speed_up': 1.356, 'custom_timing': 0.0534}
2025-08-12 19:00:10,405 - openevolve.controller - INFO - Saved checkpoint at iteration 15 to openevolve_output/level1_99_TripletMarginLoss/checkpoints/checkpoint_15
2025-08-12 19:00:50,463 - openevolve.RemoteSpeedupEvaluator - INFO - [level1_99_TripletMarginLoss] triton key words check pass
2025-08-12 19:00:50,463 - openevolve.RemoteSpeedupEvaluator - INFO - [level1_99_TripletMarginLoss] verify_plus payload: reference_code(747 chars) + custom_code(2320 chars)
2025-08-12 19:00:53,409 - openevolve.RemoteSpeedupEvaluator - INFO - [level1_99_TripletMarginLoss] verify_plus request success
2025-08-12 19:00:53,409 - openevolve.RemoteSpeedupEvaluator - INFO - [level1_99_TripletMarginLoss] verify_plus response: {"id":"level1_99_TripletMarginLoss","result":{"compiled":true,"correctness":false,"metadata":{"hardware":"NVIDIA L20Y","device":"cuda:6","runtime_error":"Traceback (most recent call last):\n  File \"/cpfs01/shared/llm_kernel/hujiakai/KernelLLM/validation_api_server/helpers/evaluations.py\", line 720, in run_and_check_correctness\n    output_new = model_new(*inputs)\n  File \"/home/lijiaxing/.conda/envs/api/lib/python3.10/site-packages/torch/nn/modules/module.py\", line 1773, in _wrapped_call_impl\n    return self._call_impl(*args, **kwargs)\n  File \"/home/lijiaxing/.conda/envs/api/lib/python3.10/site-packages/torch/nn/modules/module.py\", line 1784, in _call_impl\n    return forward_call(*args, **kwargs)\n  File \"/tmp/tmpat2t34bs.py\", line 56, in forward\n    triplet_margin_kernel[grid]
2025-08-12 19:00:53,409 - openevolve.RemoteSpeedupEvaluator - INFO - [level1_99_TripletMarginLoss] âœ˜ wrong_answer
2025-08-12 19:00:53,410 - openevolve.evaluator - INFO - Evaluated program fb806410-c996-4714-ad59-bb93370b9dde in 2.95s: compiled=1.0000, correctness=0.0000, score=10.0000, stage=wrong_answer, verify_payload={'id': 'level1_99_TripletMarginLoss', 'result': {'compiled': True, 'correctness': False, 'metadata': {'hardware': 'NVIDIA L20Y', 'device': 'cuda:6', 'runtime_error': 'Traceback (most recent call last):\n  File "/cpfs01/shared/llm_kernel/hujiakai/KernelLLM/validation_api_server/helpers/evaluations.py", line 720, in run_and_check_correctness\n    output_new = model_new(*inputs)\n  File "/home/lijiaxing/.conda/envs/api/lib/python3.10/site-packages/torch/nn/modules/module.py", line 1773, in _wrapped_call_impl\n    return self._call_impl(*args, **kwargs)\n  File "/home/lijiaxing/.conda/envs/api/lib/python3.10/site-packages/torch/nn/modules/module.py", line 1784, in _call_impl\n    return forward_call(*args, **kwargs)\n  File "/tmp/tmpat2t34bs.py", line 56, in forward\n    triplet_margin_kernel[grid](\n  File "/home/lijiaxing/.conda/envs/api/lib/python3.10/site-packages/triton/runtime/jit.py", line 390, in <lambda>\n    return lambda *args, **kwargs: self.run(grid=grid, warmup=False, *args, **kwargs)\n  File "/home/lijiaxing/.conda/envs/api/lib/python3.10/site-packages/triton/runtime/jit.py", line 594, in run\n    kernel = self.compile(src, target=target, options=options.__dict__)\n  File "/home/lijiaxing/.conda/envs/api/lib/python3.10/site-packages/triton/compiler/compiler.py", line 281, in compile\n    key = f"{triton_key()}-{src.hash()}-{backend.hash()}-{options.hash()}-{str(sorted(env_vars.items()))}"\n  File "/home/lijiaxing/.conda/envs/api/lib/python3.10/site-packages/triton/compiler/compiler.py", line 78, in hash\n    key = f"{self.fn.cache_key}-{str(self.attrs)}-{sorted_sig}-{constants_key}"\n  File "/home/lijiaxing/.conda/envs/api/lib/python3.10/site-packages/triton/runtime/jit.py", line 696, in cache_key\n    dependencies_finder.visit(self.parse())\n  File "/home/lijiaxing/.conda/envs/api/lib/python3.10/ast.py", line 418, in visit\n    return visitor(node)\n  File "/home/lijiaxing/.conda/envs/api/lib/python3.10/ast.py", line 426, in generic_visit\n    self.visit(item)\n  File "/home/lijiaxing/.conda/envs/api/lib/python3.10/ast.py", line 418, in visit\n    return visitor(node)\n  File "/home/lijiaxing/.conda/envs/api/lib/python3.10/site-packages/triton/runtime/jit.py", line 163, in visit_FunctionDef\n    self.generic_visit(node)\n  File "/home/lijiaxing/.conda/envs/api/lib/python3.10/ast.py", line 426, in generic_visit\n    self.visit(item)\n  File "/home/lijiaxing/.conda/envs/api/lib/python3.10/ast.py", line 418, in visit\n    return visitor(node)\n  File "/home/lijiaxing/.conda/envs/api/lib/python3.10/site-packages/triton/runtime/jit.py", line 229, in visit_For\n    self.generic_visit(node)\n  File "/home/lijiaxing/.conda/envs/api/lib/python3.10/ast.py", line 428, in generic_visit\n    self.visit(value)\n  File "/home/lijiaxing/.conda/envs/api/lib/python3.10/ast.py", line 418, in visit\n    return visitor(node)\n  File "/home/lijiaxing/.conda/envs/api/lib/python3.10/ast.py", line 428, in generic_visit\n    self.visit(value)\n  File "/home/lijiaxing/.conda/envs/api/lib/python3.10/ast.py", line 418, in visit\n    return visitor(node)\n  File "/home/lijiaxing/.conda/envs/api/lib/python3.10/site-packages/triton/runtime/jit.py", line 156, in visit_Attribute\n    ret = getattr(lhs, node.attr)\nAttributeError: module \'triton.language\' has no attribute \'static\'\n', 'runtime_error_name': 'builtins.AttributeError', 'reference_timing_ms': 0.0724, 'speed_up': -1.0, 'custom_timing': -1.0}, 'runtime': -1.0, 'runtime_stats': {}}}
2025-08-12 19:00:53,414 - openevolve.llm.ensemble - INFO - Sampled model: deepseek
2025-08-12 19:00:53,725 - openevolve.threaded_parallel - INFO - Iteration 13: Program fb806410-c996-4714-ad59-bb93370b9dde (parent: d76b8395-5200-4e77-8684-3f1461e37a9d) completed in 762.64s
2025-08-12 19:00:53,725 - openevolve.threaded_parallel - INFO - Metrics: compiled=1.0000, correctness=0.0000, score=10.0000, stage=wrong_answer, verify_payload={'id': 'level1_99_TripletMarginLoss', 'result': {'compiled': True, 'correctness': False, 'metadata': {'hardware': 'NVIDIA L20Y', 'device': 'cuda:6', 'runtime_error': 'Traceback (most recent call last):\n  File "/cpfs01/shared/llm_kernel/hujiakai/KernelLLM/validation_api_server/helpers/evaluations.py", line 720, in run_and_check_correctness\n    output_new = model_new(*inputs)\n  File "/home/lijiaxing/.conda/envs/api/lib/python3.10/site-packages/torch/nn/modules/module.py", line 1773, in _wrapped_call_impl\n    return self._call_impl(*args, **kwargs)\n  File "/home/lijiaxing/.conda/envs/api/lib/python3.10/site-packages/torch/nn/modules/module.py", line 1784, in _call_impl\n    return forward_call(*args, **kwargs)\n  File "/tmp/tmpat2t34bs.py", line 56, in forward\n    triplet_margin_kernel[grid](\n  File "/home/lijiaxing/.conda/envs/api/lib/python3.10/site-packages/triton/runtime/jit.py", line 390, in <lambda>\n    return lambda *args, **kwargs: self.run(grid=grid, warmup=False, *args, **kwargs)\n  File "/home/lijiaxing/.conda/envs/api/lib/python3.10/site-packages/triton/runtime/jit.py", line 594, in run\n    kernel = self.compile(src, target=target, options=options.__dict__)\n  File "/home/lijiaxing/.conda/envs/api/lib/python3.10/site-packages/triton/compiler/compiler.py", line 281, in compile\n    key = f"{triton_key()}-{src.hash()}-{backend.hash()}-{options.hash()}-{str(sorted(env_vars.items()))}"\n  File "/home/lijiaxing/.conda/envs/api/lib/python3.10/site-packages/triton/compiler/compiler.py", line 78, in hash\n    key = f"{self.fn.cache_key}-{str(self.attrs)}-{sorted_sig}-{constants_key}"\n  File "/home/lijiaxing/.conda/envs/api/lib/python3.10/site-packages/triton/runtime/jit.py", line 696, in cache_key\n    dependencies_finder.visit(self.parse())\n  File "/home/lijiaxing/.conda/envs/api/lib/python3.10/ast.py", line 418, in visit\n    return visitor(node)\n  File "/home/lijiaxing/.conda/envs/api/lib/python3.10/ast.py", line 426, in generic_visit\n    self.visit(item)\n  File "/home/lijiaxing/.conda/envs/api/lib/python3.10/ast.py", line 418, in visit\n    return visitor(node)\n  File "/home/lijiaxing/.conda/envs/api/lib/python3.10/site-packages/triton/runtime/jit.py", line 163, in visit_FunctionDef\n    self.generic_visit(node)\n  File "/home/lijiaxing/.conda/envs/api/lib/python3.10/ast.py", line 426, in generic_visit\n    self.visit(item)\n  File "/home/lijiaxing/.conda/envs/api/lib/python3.10/ast.py", line 418, in visit\n    return visitor(node)\n  File "/home/lijiaxing/.conda/envs/api/lib/python3.10/site-packages/triton/runtime/jit.py", line 229, in visit_For\n    self.generic_visit(node)\n  File "/home/lijiaxing/.conda/envs/api/lib/python3.10/ast.py", line 428, in generic_visit\n    self.visit(value)\n  File "/home/lijiaxing/.conda/envs/api/lib/python3.10/ast.py", line 418, in visit\n    return visitor(node)\n  File "/home/lijiaxing/.conda/envs/api/lib/python3.10/ast.py", line 428, in generic_visit\n    self.visit(value)\n  File "/home/lijiaxing/.conda/envs/api/lib/python3.10/ast.py", line 418, in visit\n    return visitor(node)\n  File "/home/lijiaxing/.conda/envs/api/lib/python3.10/site-packages/triton/runtime/jit.py", line 156, in visit_Attribute\n    ret = getattr(lhs, node.attr)\nAttributeError: module \'triton.language\' has no attribute \'static\'\n', 'runtime_error_name': 'builtins.AttributeError', 'reference_timing_ms': 0.0724, 'speed_up': -1.0, 'custom_timing': -1.0}, 'runtime': -1.0, 'runtime_stats': {}}}
2025-08-12 19:02:07,610 - openevolve.RemoteSpeedupEvaluator - INFO - [level1_99_TripletMarginLoss] triton key words check pass
2025-08-12 19:02:07,610 - openevolve.RemoteSpeedupEvaluator - INFO - [level1_99_TripletMarginLoss] verify_plus payload: reference_code(747 chars) + custom_code(2794 chars)
2025-08-12 19:02:10,646 - openevolve.RemoteSpeedupEvaluator - INFO - [level1_99_TripletMarginLoss] verify_plus request success
2025-08-12 19:02:10,647 - openevolve.RemoteSpeedupEvaluator - INFO - [level1_99_TripletMarginLoss] verify_plus response: {"id":"level1_99_TripletMarginLoss","result":{"compiled":true,"correctness":true,"metadata":{"hardware":"NVIDIA L20Y","device":"cuda:0","correctness_trials":"(5 / 5)","reference_timing_ms":0.0724,"speed_up":1.331,"custom_timing":0.0544},"runtime":0.0544,"runtime_stats":{"mean":0.0544,"std":0.00262,"min":0.0516,"max":0.0693,"num_trials":100,"hardware":"NVIDIA L20Y","device":"cuda:0"}}}
2025-08-12 19:02:10,647 - openevolve.RemoteSpeedupEvaluator - INFO - [level1_99_TripletMarginLoss] âœ” success | speed_up=1.331  score=53.10
2025-08-12 19:02:10,647 - openevolve.evaluator - INFO - Evaluated program 0d321546-3c84-43ff-9d96-0fd6da7a1843 in 3.04s: compiled=1.0000, correctness=1.0000, stage=success, passed=1.0000, score=53.1000, speed_up=1.3310, runtime_ms=0.0544, meta={'hardware': 'NVIDIA L20Y', 'device': 'cuda:0', 'correctness_trials': '(5 / 5)', 'reference_timing_ms': 0.0724, 'speed_up': 1.331, 'custom_timing': 0.0544}
2025-08-12 19:02:10,650 - openevolve.llm.ensemble - INFO - Sampled model: deepseek
2025-08-12 19:02:10,658 - openevolve.database - INFO - MAP-Elites cell improved: {'score': 9, 'complexity': 8} (fitness: 10.000 -> 53.100)
2025-08-12 19:02:10,671 - openevolve.threaded_parallel - INFO - Iteration 14: Program 0d321546-3c84-43ff-9d96-0fd6da7a1843 (parent: b3c653ac-345e-44da-ae4a-0434fd9256de) completed in 457.65s
2025-08-12 19:02:10,671 - openevolve.threaded_parallel - INFO - Metrics: compiled=1.0000, correctness=1.0000, stage=success, passed=1.0000, score=53.1000, speed_up=1.3310, runtime_ms=0.0544, meta={'hardware': 'NVIDIA L20Y', 'device': 'cuda:0', 'correctness_trials': '(5 / 5)', 'reference_timing_ms': 0.0724, 'speed_up': 1.331, 'custom_timing': 0.0544}
2025-08-12 19:02:19,534 - openevolve.RemoteSpeedupEvaluator - INFO - [level1_99_TripletMarginLoss] triton key words check pass
2025-08-12 19:02:19,535 - openevolve.RemoteSpeedupEvaluator - INFO - [level1_99_TripletMarginLoss] verify_plus payload: reference_code(747 chars) + custom_code(2050 chars)
2025-08-12 19:02:22,719 - openevolve.RemoteSpeedupEvaluator - INFO - [level1_99_TripletMarginLoss] verify_plus request success
2025-08-12 19:02:22,719 - openevolve.RemoteSpeedupEvaluator - INFO - [level1_99_TripletMarginLoss] verify_plus response: {"id":"level1_99_TripletMarginLoss","result":{"compiled":true,"correctness":true,"metadata":{"hardware":"NVIDIA L20Y","device":"cuda:1","correctness_trials":"(5 / 5)","reference_timing_ms":0.0724,"speed_up":1.307,"custom_timing":0.0554},"runtime":0.0554,"runtime_stats":{"mean":0.0554,"std":0.00221,"min":0.0523,"max":0.0672,"num_trials":100,"hardware":"NVIDIA L20Y","device":"cuda:1"}}}
2025-08-12 19:02:22,720 - openevolve.RemoteSpeedupEvaluator - INFO - [level1_99_TripletMarginLoss] âœ” success | speed_up=1.307  score=50.70
2025-08-12 19:02:22,720 - openevolve.evaluator - INFO - Evaluated program 6fd8a935-ab40-4682-b06e-823bfb10c46d in 3.19s: compiled=1.0000, correctness=1.0000, stage=success, passed=1.0000, score=50.7000, speed_up=1.3070, runtime_ms=0.0554, meta={'hardware': 'NVIDIA L20Y', 'device': 'cuda:1', 'correctness_trials': '(5 / 5)', 'reference_timing_ms': 0.0724, 'speed_up': 1.307, 'custom_timing': 0.0554}
2025-08-12 19:02:22,723 - openevolve.llm.ensemble - INFO - Sampled model: deepseek
2025-08-12 19:02:22,744 - openevolve.threaded_parallel - INFO - Iteration 16: Program 6fd8a935-ab40-4682-b06e-823bfb10c46d (parent: ab893e92-963a-4398-ad3c-3da4bcd8dfb1) completed in 132.51s
2025-08-12 19:02:22,744 - openevolve.threaded_parallel - INFO - Metrics: compiled=1.0000, correctness=1.0000, stage=success, passed=1.0000, score=50.7000, speed_up=1.3070, runtime_ms=0.0554, meta={'hardware': 'NVIDIA L20Y', 'device': 'cuda:1', 'correctness_trials': '(5 / 5)', 'reference_timing_ms': 0.0724, 'speed_up': 1.307, 'custom_timing': 0.0554}
2025-08-12 19:05:46,337 - openevolve.RemoteSpeedupEvaluator - INFO - [level1_99_TripletMarginLoss] triton key words check pass
2025-08-12 19:05:46,338 - openevolve.RemoteSpeedupEvaluator - INFO - [level1_99_TripletMarginLoss] verify_plus payload: reference_code(747 chars) + custom_code(2054 chars)
2025-08-12 19:05:49,394 - openevolve.RemoteSpeedupEvaluator - INFO - [level1_99_TripletMarginLoss] verify_plus request success
2025-08-12 19:05:49,395 - openevolve.RemoteSpeedupEvaluator - INFO - [level1_99_TripletMarginLoss] verify_plus response: {"id":"level1_99_TripletMarginLoss","result":{"compiled":true,"correctness":true,"metadata":{"hardware":"NVIDIA L20Y","device":"cuda:4","correctness_trials":"(5 / 5)","reference_timing_ms":0.0724,"speed_up":1.291,"custom_timing":0.0561},"runtime":0.0561,"runtime_stats":{"mean":0.0561,"std":0.00256,"min":0.0519,"max":0.0695,"num_trials":100,"hardware":"NVIDIA L20Y","device":"cuda:4"}}}
2025-08-12 19:05:49,395 - openevolve.RemoteSpeedupEvaluator - INFO - [level1_99_TripletMarginLoss] âœ” success | speed_up=1.291  score=49.10
2025-08-12 19:05:49,395 - openevolve.evaluator - INFO - Evaluated program aae09282-e5cb-4c1a-a758-4939942a90f8 in 3.06s: compiled=1.0000, correctness=1.0000, stage=success, passed=1.0000, score=49.1000, speed_up=1.2910, runtime_ms=0.0561, meta={'hardware': 'NVIDIA L20Y', 'device': 'cuda:4', 'correctness_trials': '(5 / 5)', 'reference_timing_ms': 0.0724, 'speed_up': 1.291, 'custom_timing': 0.0561}
2025-08-12 19:05:49,401 - openevolve.llm.ensemble - INFO - Sampled model: deepseek
2025-08-12 19:05:49,405 - openevolve.threaded_parallel - INFO - Iteration 19: Program aae09282-e5cb-4c1a-a758-4939942a90f8 (parent: d76b8395-5200-4e77-8684-3f1461e37a9d) completed in 206.67s
2025-08-12 19:05:49,405 - openevolve.threaded_parallel - INFO - Metrics: compiled=1.0000, correctness=1.0000, stage=success, passed=1.0000, score=49.1000, speed_up=1.2910, runtime_ms=0.0561, meta={'hardware': 'NVIDIA L20Y', 'device': 'cuda:4', 'correctness_trials': '(5 / 5)', 'reference_timing_ms': 0.0724, 'speed_up': 1.291, 'custom_timing': 0.0561}
2025-08-12 19:10:33,422 - openevolve.RemoteSpeedupEvaluator - INFO - [level1_99_TripletMarginLoss] triton key words check pass
2025-08-12 19:10:33,423 - openevolve.RemoteSpeedupEvaluator - INFO - [level1_99_TripletMarginLoss] verify_plus payload: reference_code(747 chars) + custom_code(2780 chars)
2025-08-12 19:10:36,033 - openevolve.RemoteSpeedupEvaluator - INFO - [level1_99_TripletMarginLoss] verify_plus request success
2025-08-12 19:10:36,033 - openevolve.RemoteSpeedupEvaluator - INFO - [level1_99_TripletMarginLoss] verify_plus response: {"id":"level1_99_TripletMarginLoss","result":{"compiled":true,"correctness":false,"metadata":{"hardware":"NVIDIA L20Y","device":"cuda:2","runtime_error":"Traceback (most recent call last):\n  File \"/cpfs01/shared/llm_kernel/hujiakai/KernelLLM/validation_api_server/helpers/evaluations.py\", line 720, in run_and_check_correctness\n    output_new = model_new(*inputs)\n  File \"/home/lijiaxing/.conda/envs/api/lib/python3.10/site-packages/torch/nn/modules/module.py\", line 1773, in _wrapped_call_impl\n    return self._call_impl(*args, **kwargs)\n  File \"/home/lijiaxing/.conda/envs/api/lib/python3.10/site-packages/torch/nn/modules/module.py\", line 1784, in _call_impl\n    return forward_call(*args, **kwargs)\n  File \"/tmp/tmps0ivlgl_.py\", line 64, in forward\n    triplet_margin_kernel[grid]
2025-08-12 19:10:36,033 - openevolve.RemoteSpeedupEvaluator - INFO - [level1_99_TripletMarginLoss] âœ˜ wrong_answer
2025-08-12 19:10:36,034 - openevolve.evaluator - INFO - Evaluated program 72aa7118-279d-43cb-a502-87d85e8411fb in 2.61s: compiled=1.0000, correctness=0.0000, score=10.0000, stage=wrong_answer, verify_payload={'id': 'level1_99_TripletMarginLoss', 'result': {'compiled': True, 'correctness': False, 'metadata': {'hardware': 'NVIDIA L20Y', 'device': 'cuda:2', 'runtime_error': 'Traceback (most recent call last):\n  File "/cpfs01/shared/llm_kernel/hujiakai/KernelLLM/validation_api_server/helpers/evaluations.py", line 720, in run_and_check_correctness\n    output_new = model_new(*inputs)\n  File "/home/lijiaxing/.conda/envs/api/lib/python3.10/site-packages/torch/nn/modules/module.py", line 1773, in _wrapped_call_impl\n    return self._call_impl(*args, **kwargs)\n  File "/home/lijiaxing/.conda/envs/api/lib/python3.10/site-packages/torch/nn/modules/module.py", line 1784, in _call_impl\n    return forward_call(*args, **kwargs)\n  File "/tmp/tmps0ivlgl_.py", line 64, in forward\n    triplet_margin_kernel[grid](\n  File "/home/lijiaxing/.conda/envs/api/lib/python3.10/site-packages/triton/runtime/jit.py", line 390, in <lambda>\n    return lambda *args, **kwargs: self.run(grid=grid, warmup=False, *args, **kwargs)\n  File "/home/lijiaxing/.conda/envs/api/lib/python3.10/site-packages/triton/runtime/autotuner.py", line 239, in run\n    benchmark()\n  File "/home/lijiaxing/.conda/envs/api/lib/python3.10/site-packages/triton/runtime/autotuner.py", line 228, in benchmark\n    timings = {config: self._bench(*args, config=config, **kwargs) for config in pruned_configs}\n  File "/home/lijiaxing/.conda/envs/api/lib/python3.10/site-packages/triton/runtime/autotuner.py", line 228, in <dictcomp>\n    timings = {config: self._bench(*args, config=config, **kwargs) for config in pruned_configs}\n  File "/home/lijiaxing/.conda/envs/api/lib/python3.10/site-packages/triton/runtime/autotuner.py", line 135, in _bench\n    raise ValueError(f"Conflicting meta-parameters: {\', \'.join(conflicts)}."\nValueError: Conflicting meta-parameters: BLOCK_SIZE. Make sure that you don\'t re-define auto-tuned symbols.\n', 'runtime_error_name': 'builtins.ValueError', 'reference_timing_ms': 0.0724, 'speed_up': -1.0, 'custom_timing': -1.0}, 'runtime': -1.0, 'runtime_stats': {}}}
2025-08-12 19:10:36,038 - openevolve.llm.ensemble - INFO - Sampled model: deepseek
2025-08-12 19:10:36,056 - openevolve.threaded_parallel - INFO - Iteration 17: Program 72aa7118-279d-43cb-a502-87d85e8411fb (parent: 9b518164-b1ef-48f4-ac84-e04cb26fed93) completed in 582.62s
2025-08-12 19:10:36,056 - openevolve.threaded_parallel - INFO - Metrics: compiled=1.0000, correctness=0.0000, score=10.0000, stage=wrong_answer, verify_payload={'id': 'level1_99_TripletMarginLoss', 'result': {'compiled': True, 'correctness': False, 'metadata': {'hardware': 'NVIDIA L20Y', 'device': 'cuda:2', 'runtime_error': 'Traceback (most recent call last):\n  File "/cpfs01/shared/llm_kernel/hujiakai/KernelLLM/validation_api_server/helpers/evaluations.py", line 720, in run_and_check_correctness\n    output_new = model_new(*inputs)\n  File "/home/lijiaxing/.conda/envs/api/lib/python3.10/site-packages/torch/nn/modules/module.py", line 1773, in _wrapped_call_impl\n    return self._call_impl(*args, **kwargs)\n  File "/home/lijiaxing/.conda/envs/api/lib/python3.10/site-packages/torch/nn/modules/module.py", line 1784, in _call_impl\n    return forward_call(*args, **kwargs)\n  File "/tmp/tmps0ivlgl_.py", line 64, in forward\n    triplet_margin_kernel[grid](\n  File "/home/lijiaxing/.conda/envs/api/lib/python3.10/site-packages/triton/runtime/jit.py", line 390, in <lambda>\n    return lambda *args, **kwargs: self.run(grid=grid, warmup=False, *args, **kwargs)\n  File "/home/lijiaxing/.conda/envs/api/lib/python3.10/site-packages/triton/runtime/autotuner.py", line 239, in run\n    benchmark()\n  File "/home/lijiaxing/.conda/envs/api/lib/python3.10/site-packages/triton/runtime/autotuner.py", line 228, in benchmark\n    timings = {config: self._bench(*args, config=config, **kwargs) for config in pruned_configs}\n  File "/home/lijiaxing/.conda/envs/api/lib/python3.10/site-packages/triton/runtime/autotuner.py", line 228, in <dictcomp>\n    timings = {config: self._bench(*args, config=config, **kwargs) for config in pruned_configs}\n  File "/home/lijiaxing/.conda/envs/api/lib/python3.10/site-packages/triton/runtime/autotuner.py", line 135, in _bench\n    raise ValueError(f"Conflicting meta-parameters: {\', \'.join(conflicts)}."\nValueError: Conflicting meta-parameters: BLOCK_SIZE. Make sure that you don\'t re-define auto-tuned symbols.\n', 'runtime_error_name': 'builtins.ValueError', 'reference_timing_ms': 0.0724, 'speed_up': -1.0, 'custom_timing': -1.0}, 'runtime': -1.0, 'runtime_stats': {}}}
2025-08-12 19:14:09,176 - openevolve.RemoteSpeedupEvaluator - INFO - [level1_99_TripletMarginLoss] âœ˜ invalid_answer 'import triton' is not found
2025-08-12 19:14:09,177 - openevolve.evaluator - INFO - Evaluated program b0e78d3a-fc28-4a30-8403-94f5b709b852 in 0.00s: compiled=0.0000, correctness=0.0000, score=-100.0000, stage=no_valid_triton_code, feedback=You need to generate real and valid triton code for the core function. The key word 'import triton' is not found.
2025-08-12 19:14:09,182 - openevolve.llm.ensemble - INFO - Sampled model: deepseek
2025-08-12 19:14:09,188 - openevolve.threaded_parallel - INFO - Iteration 20: Program b0e78d3a-fc28-4a30-8403-94f5b709b852 (parent: b3c653ac-345e-44da-ae4a-0434fd9256de) completed in 499.78s
2025-08-12 19:14:09,188 - openevolve.threaded_parallel - INFO - Metrics: compiled=0.0000, correctness=0.0000, score=-100.0000, stage=no_valid_triton_code, feedback=You need to generate real and valid triton code for the core function. The key word 'import triton' is not found.
2025-08-12 19:14:58,692 - openevolve.RemoteSpeedupEvaluator - INFO - [level1_99_TripletMarginLoss] âœ˜ invalid_answer 'import triton' is not found
2025-08-12 19:14:58,693 - openevolve.evaluator - INFO - Evaluated program 45af62ef-e8b3-45ee-ade1-b3c0922daca2 in 0.00s: compiled=0.0000, correctness=0.0000, score=-100.0000, stage=no_valid_triton_code, feedback=You need to generate real and valid triton code for the core function. The key word 'import triton' is not found.
2025-08-12 19:14:58,696 - openevolve.llm.ensemble - INFO - Sampled model: deepseek
2025-08-12 19:14:58,719 - openevolve.threaded_parallel - INFO - Iteration 21: Program 45af62ef-e8b3-45ee-ade1-b3c0922daca2 (parent: 4c41c468-7e81-40b9-9667-d1209d082f67) completed in 262.65s
2025-08-12 19:14:58,719 - openevolve.threaded_parallel - INFO - Metrics: compiled=0.0000, correctness=0.0000, score=-100.0000, stage=no_valid_triton_code, feedback=You need to generate real and valid triton code for the core function. The key word 'import triton' is not found.
2025-08-12 19:14:58,719 - openevolve.threaded_parallel - INFO - Checkpoint interval reached at iteration 21
2025-08-12 19:14:58,720 - openevolve.database - INFO - Island Status:
2025-08-12 19:14:58,720 - openevolve.database - INFO -    Island 0: 10 programs, best=55.6000, avg=-0.3400, diversity=371.60, gen=8 (best: 686e6fe1-52b3-4b6e-9d6d-7fe5708ef825)
2025-08-12 19:14:58,720 - openevolve.database - INFO -  * Island 1: 7 programs, best=53.1000, avg=20.7429, diversity=227.78, gen=7 (best: 0d321546-3c84-43ff-9d96-0fd6da7a1843)
2025-08-12 19:14:58,720 - openevolve.database - INFO -    Island 2: 6 programs, best=54.3000, avg=-5.6833, diversity=335.82, gen=6 (best: 85a87897-46ef-40e5-9f84-9c30afe7a3b4)
2025-08-12 19:14:59,001 - openevolve.database - INFO - Saved database with 22 programs to openevolve_output/level1_99_TripletMarginLoss/checkpoints/checkpoint_21
2025-08-12 19:14:59,011 - openevolve.controller - INFO - Saved best program at checkpoint 21 with metrics: compiled=1.0000, correctness=1.0000, stage=success, passed=1.0000, score=55.6000, speed_up=1.3560, runtime_ms=0.0534, meta={'hardware': 'NVIDIA L20Y', 'device': 'cuda:7', 'correctness_trials': '(5 / 5)', 'reference_timing_ms': 0.0724, 'speed_up': 1.356, 'custom_timing': 0.0534}
2025-08-12 19:14:59,011 - openevolve.controller - INFO - Saved checkpoint at iteration 21 to openevolve_output/level1_99_TripletMarginLoss/checkpoints/checkpoint_21
2025-08-12 19:15:37,784 - openevolve.RemoteSpeedupEvaluator - INFO - [level1_99_TripletMarginLoss] triton key words check pass
2025-08-12 19:15:37,785 - openevolve.RemoteSpeedupEvaluator - INFO - [level1_99_TripletMarginLoss] verify_plus payload: reference_code(747 chars) + custom_code(2557 chars)
2025-08-12 19:15:40,391 - openevolve.RemoteSpeedupEvaluator - INFO - [level1_99_TripletMarginLoss] verify_plus request success
2025-08-12 19:15:40,391 - openevolve.RemoteSpeedupEvaluator - INFO - [level1_99_TripletMarginLoss] verify_plus response: {"id":"level1_99_TripletMarginLoss","result":{"compiled":true,"correctness":false,"metadata":{"hardware":"NVIDIA L20Y","device":"cuda:6","runtime_error":"Traceback (most recent call last):\n  File \"/cpfs01/shared/llm_kernel/hujiakai/KernelLLM/validation_api_server/helpers/evaluations.py\", line 720, in run_and_check_correctness\n    output_new = model_new(*inputs)\n  File \"/home/lijiaxing/.conda/envs/api/lib/python3.10/site-packages/torch/nn/modules/module.py\", line 1773, in _wrapped_call_impl\n    return self._call_impl(*args, **kwargs)\n  File \"/home/lijiaxing/.conda/envs/api/lib/python3.10/site-packages/torch/nn/modules/module.py\", line 1784, in _call_impl\n    return forward_call(*args, **kwargs)\n  File \"/tmp/tmparv33bk_.py\", line 67, in forward\n    triplet_margin_kernel[grid]
2025-08-12 19:15:40,391 - openevolve.RemoteSpeedupEvaluator - INFO - [level1_99_TripletMarginLoss] âœ˜ wrong_answer
2025-08-12 19:15:40,391 - openevolve.evaluator - INFO - Evaluated program 94924736-29da-4775-9de1-d1d1e7fcb5c5 in 2.61s: compiled=1.0000, correctness=0.0000, score=10.0000, stage=wrong_answer, verify_payload={'id': 'level1_99_TripletMarginLoss', 'result': {'compiled': True, 'correctness': False, 'metadata': {'hardware': 'NVIDIA L20Y', 'device': 'cuda:6', 'runtime_error': 'Traceback (most recent call last):\n  File "/cpfs01/shared/llm_kernel/hujiakai/KernelLLM/validation_api_server/helpers/evaluations.py", line 720, in run_and_check_correctness\n    output_new = model_new(*inputs)\n  File "/home/lijiaxing/.conda/envs/api/lib/python3.10/site-packages/torch/nn/modules/module.py", line 1773, in _wrapped_call_impl\n    return self._call_impl(*args, **kwargs)\n  File "/home/lijiaxing/.conda/envs/api/lib/python3.10/site-packages/torch/nn/modules/module.py", line 1784, in _call_impl\n    return forward_call(*args, **kwargs)\n  File "/tmp/tmparv33bk_.py", line 67, in forward\n    triplet_margin_kernel[grid](\n  File "/home/lijiaxing/.conda/envs/api/lib/python3.10/site-packages/triton/runtime/jit.py", line 390, in <lambda>\n    return lambda *args, **kwargs: self.run(grid=grid, warmup=False, *args, **kwargs)\n  File "/home/lijiaxing/.conda/envs/api/lib/python3.10/site-packages/triton/runtime/autotuner.py", line 239, in run\n    benchmark()\n  File "/home/lijiaxing/.conda/envs/api/lib/python3.10/site-packages/triton/runtime/autotuner.py", line 228, in benchmark\n    timings = {config: self._bench(*args, config=config, **kwargs) for config in pruned_configs}\n  File "/home/lijiaxing/.conda/envs/api/lib/python3.10/site-packages/triton/runtime/autotuner.py", line 228, in <dictcomp>\n    timings = {config: self._bench(*args, config=config, **kwargs) for config in pruned_configs}\n  File "/home/lijiaxing/.conda/envs/api/lib/python3.10/site-packages/triton/runtime/autotuner.py", line 135, in _bench\n    raise ValueError(f"Conflicting meta-parameters: {\', \'.join(conflicts)}."\nValueError: Conflicting meta-parameters: BLOCK_SIZE. Make sure that you don\'t re-define auto-tuned symbols.\n', 'runtime_error_name': 'builtins.ValueError', 'reference_timing_ms': 0.0724, 'speed_up': -1.0, 'custom_timing': -1.0}, 'runtime': -1.0, 'runtime_stats': {}}}
2025-08-12 19:15:40,396 - openevolve.llm.ensemble - INFO - Sampled model: deepseek
2025-08-12 19:15:40,409 - openevolve.threaded_parallel - INFO - Iteration 18: Program 94924736-29da-4775-9de1-d1d1e7fcb5c5 (parent: b58db39c-1a73-4521-a6a8-af5ad26f1060) completed in 809.74s
2025-08-12 19:15:40,409 - openevolve.threaded_parallel - INFO - Metrics: compiled=1.0000, correctness=0.0000, score=10.0000, stage=wrong_answer, verify_payload={'id': 'level1_99_TripletMarginLoss', 'result': {'compiled': True, 'correctness': False, 'metadata': {'hardware': 'NVIDIA L20Y', 'device': 'cuda:6', 'runtime_error': 'Traceback (most recent call last):\n  File "/cpfs01/shared/llm_kernel/hujiakai/KernelLLM/validation_api_server/helpers/evaluations.py", line 720, in run_and_check_correctness\n    output_new = model_new(*inputs)\n  File "/home/lijiaxing/.conda/envs/api/lib/python3.10/site-packages/torch/nn/modules/module.py", line 1773, in _wrapped_call_impl\n    return self._call_impl(*args, **kwargs)\n  File "/home/lijiaxing/.conda/envs/api/lib/python3.10/site-packages/torch/nn/modules/module.py", line 1784, in _call_impl\n    return forward_call(*args, **kwargs)\n  File "/tmp/tmparv33bk_.py", line 67, in forward\n    triplet_margin_kernel[grid](\n  File "/home/lijiaxing/.conda/envs/api/lib/python3.10/site-packages/triton/runtime/jit.py", line 390, in <lambda>\n    return lambda *args, **kwargs: self.run(grid=grid, warmup=False, *args, **kwargs)\n  File "/home/lijiaxing/.conda/envs/api/lib/python3.10/site-packages/triton/runtime/autotuner.py", line 239, in run\n    benchmark()\n  File "/home/lijiaxing/.conda/envs/api/lib/python3.10/site-packages/triton/runtime/autotuner.py", line 228, in benchmark\n    timings = {config: self._bench(*args, config=config, **kwargs) for config in pruned_configs}\n  File "/home/lijiaxing/.conda/envs/api/lib/python3.10/site-packages/triton/runtime/autotuner.py", line 228, in <dictcomp>\n    timings = {config: self._bench(*args, config=config, **kwargs) for config in pruned_configs}\n  File "/home/lijiaxing/.conda/envs/api/lib/python3.10/site-packages/triton/runtime/autotuner.py", line 135, in _bench\n    raise ValueError(f"Conflicting meta-parameters: {\', \'.join(conflicts)}."\nValueError: Conflicting meta-parameters: BLOCK_SIZE. Make sure that you don\'t re-define auto-tuned symbols.\n', 'runtime_error_name': 'builtins.ValueError', 'reference_timing_ms': 0.0724, 'speed_up': -1.0, 'custom_timing': -1.0}, 'runtime': -1.0, 'runtime_stats': {}}}
2025-08-12 19:15:40,409 - openevolve.threaded_parallel - INFO - Checkpoint interval reached at iteration 18
2025-08-12 19:15:40,410 - openevolve.database - INFO - Island Status:
2025-08-12 19:15:40,410 - openevolve.database - INFO -    Island 0: 10 programs, best=55.6000, avg=-0.3400, diversity=371.60, gen=8 (best: 686e6fe1-52b3-4b6e-9d6d-7fe5708ef825)
2025-08-12 19:15:40,410 - openevolve.database - INFO -    Island 1: 8 programs, best=53.1000, avg=19.4000, diversity=227.78, gen=7 (best: 0d321546-3c84-43ff-9d96-0fd6da7a1843)
2025-08-12 19:15:40,410 - openevolve.database - INFO -  * Island 2: 6 programs, best=54.3000, avg=-5.6833, diversity=335.82, gen=7 (best: 85a87897-46ef-40e5-9f84-9c30afe7a3b4)
2025-08-12 19:15:40,718 - openevolve.database - INFO - Saved database with 23 programs to openevolve_output/level1_99_TripletMarginLoss/checkpoints/checkpoint_18
2025-08-12 19:15:40,729 - openevolve.controller - INFO - Saved best program at checkpoint 18 with metrics: compiled=1.0000, correctness=1.0000, stage=success, passed=1.0000, score=55.6000, speed_up=1.3560, runtime_ms=0.0534, meta={'hardware': 'NVIDIA L20Y', 'device': 'cuda:7', 'correctness_trials': '(5 / 5)', 'reference_timing_ms': 0.0724, 'speed_up': 1.356, 'custom_timing': 0.0534}
2025-08-12 19:15:40,729 - openevolve.controller - INFO - Saved checkpoint at iteration 18 to openevolve_output/level1_99_TripletMarginLoss/checkpoints/checkpoint_18
2025-08-12 19:19:28,093 - openevolve.RemoteSpeedupEvaluator - INFO - [level1_99_TripletMarginLoss] triton key words check pass
2025-08-12 19:19:28,095 - openevolve.RemoteSpeedupEvaluator - INFO - [level1_99_TripletMarginLoss] verify_plus payload: reference_code(747 chars) + custom_code(2794 chars)
2025-08-12 19:19:31,034 - openevolve.RemoteSpeedupEvaluator - INFO - [level1_99_TripletMarginLoss] verify_plus request success
2025-08-12 19:19:31,034 - openevolve.RemoteSpeedupEvaluator - INFO - [level1_99_TripletMarginLoss] verify_plus response: {"id":"level1_99_TripletMarginLoss","result":{"compiled":true,"correctness":true,"metadata":{"hardware":"NVIDIA L20Y","device":"cuda:1","correctness_trials":"(5 / 5)","reference_timing_ms":0.0724,"speed_up":1.316,"custom_timing":0.055},"runtime":0.055,"runtime_stats":{"mean":0.055,"std":0.00279,"min":0.0521,"max":0.0735,"num_trials":100,"hardware":"NVIDIA L20Y","device":"cuda:1"}}}
2025-08-12 19:19:31,034 - openevolve.RemoteSpeedupEvaluator - INFO - [level1_99_TripletMarginLoss] âœ” success | speed_up=1.316  score=51.60
2025-08-12 19:19:31,034 - openevolve.evaluator - INFO - Evaluated program 63ef5127-d9b1-4a84-a2ed-15f2b08a2660 in 2.94s: compiled=1.0000, correctness=1.0000, stage=success, passed=1.0000, score=51.6000, speed_up=1.3160, runtime_ms=0.0550, meta={'hardware': 'NVIDIA L20Y', 'device': 'cuda:1', 'correctness_trials': '(5 / 5)', 'reference_timing_ms': 0.0724, 'speed_up': 1.316, 'custom_timing': 0.055}
2025-08-12 19:19:31,040 - openevolve.llm.ensemble - INFO - Sampled model: deepseek
2025-08-12 19:19:31,048 - openevolve.threaded_parallel - INFO - Iteration 24: Program 63ef5127-d9b1-4a84-a2ed-15f2b08a2660 (parent: b58db39c-1a73-4521-a6a8-af5ad26f1060) completed in 230.64s
2025-08-12 19:19:31,048 - openevolve.threaded_parallel - INFO - Metrics: compiled=1.0000, correctness=1.0000, stage=success, passed=1.0000, score=51.6000, speed_up=1.3160, runtime_ms=0.0550, meta={'hardware': 'NVIDIA L20Y', 'device': 'cuda:1', 'correctness_trials': '(5 / 5)', 'reference_timing_ms': 0.0724, 'speed_up': 1.316, 'custom_timing': 0.055}
2025-08-12 19:19:31,048 - openevolve.threaded_parallel - INFO - Checkpoint interval reached at iteration 24
2025-08-12 19:19:31,049 - openevolve.database - INFO - Island Status:
2025-08-12 19:19:31,049 - openevolve.database - INFO -  * Island 0: 10 programs, best=55.6000, avg=-0.3400, diversity=371.60, gen=9 (best: 686e6fe1-52b3-4b6e-9d6d-7fe5708ef825)
2025-08-12 19:19:31,049 - openevolve.database - INFO -    Island 1: 8 programs, best=53.1000, avg=19.4000, diversity=227.78, gen=7 (best: 0d321546-3c84-43ff-9d96-0fd6da7a1843)
2025-08-12 19:19:31,049 - openevolve.database - INFO -    Island 2: 7 programs, best=54.3000, avg=2.5000, diversity=229.70, gen=7 (best: 85a87897-46ef-40e5-9f84-9c30afe7a3b4)
2025-08-12 19:19:31,312 - openevolve.database - INFO - Saved database with 24 programs to openevolve_output/level1_99_TripletMarginLoss/checkpoints/checkpoint_24
2025-08-12 19:19:31,322 - openevolve.controller - INFO - Saved best program at checkpoint 24 with metrics: compiled=1.0000, correctness=1.0000, stage=success, passed=1.0000, score=55.6000, speed_up=1.3560, runtime_ms=0.0534, meta={'hardware': 'NVIDIA L20Y', 'device': 'cuda:7', 'correctness_trials': '(5 / 5)', 'reference_timing_ms': 0.0724, 'speed_up': 1.356, 'custom_timing': 0.0534}
2025-08-12 19:19:31,322 - openevolve.controller - INFO - Saved checkpoint at iteration 24 to openevolve_output/level1_99_TripletMarginLoss/checkpoints/checkpoint_24
2025-08-12 19:26:03,807 - openevolve.RemoteSpeedupEvaluator - INFO - [level1_99_TripletMarginLoss] triton key words check pass
2025-08-12 19:26:03,808 - openevolve.RemoteSpeedupEvaluator - INFO - [level1_99_TripletMarginLoss] verify_plus payload: reference_code(747 chars) + custom_code(2105 chars)
2025-08-12 19:26:07,069 - openevolve.RemoteSpeedupEvaluator - INFO - [level1_99_TripletMarginLoss] verify_plus request success
2025-08-12 19:26:07,069 - openevolve.RemoteSpeedupEvaluator - INFO - [level1_99_TripletMarginLoss] verify_plus response: {"id":"level1_99_TripletMarginLoss","result":{"compiled":true,"correctness":true,"metadata":{"hardware":"NVIDIA L20Y","device":"cuda:5","correctness_trials":"(5 / 5)","reference_timing_ms":0.0724,"speed_up":1.384,"custom_timing":0.0523},"runtime":0.0523,"runtime_stats":{"mean":0.0523,"std":0.00424,"min":0.0486,"max":0.0811,"num_trials":100,"hardware":"NVIDIA L20Y","device":"cuda:5"}}}
2025-08-12 19:26:07,069 - openevolve.RemoteSpeedupEvaluator - INFO - [level1_99_TripletMarginLoss] âœ” success | speed_up=1.384  score=58.40
2025-08-12 19:26:07,070 - openevolve.evaluator - INFO - Evaluated program 0225fbe3-faea-44b5-921e-1949c3f62ad5 in 3.26s: compiled=1.0000, correctness=1.0000, stage=success, passed=1.0000, score=58.4000, speed_up=1.3840, runtime_ms=0.0523, meta={'hardware': 'NVIDIA L20Y', 'device': 'cuda:5', 'correctness_trials': '(5 / 5)', 'reference_timing_ms': 0.0724, 'speed_up': 1.384, 'custom_timing': 0.0523}
2025-08-12 19:26:07,073 - openevolve.database - INFO - MAP-Elites cell improved: {'score': 9, 'complexity': 5} (fitness: 55.600 -> 58.400)
2025-08-12 19:26:07,074 - openevolve.database - INFO - New best program 0225fbe3-faea-44b5-921e-1949c3f62ad5 replaces 686e6fe1-52b3-4b6e-9d6d-7fe5708ef825
2025-08-12 19:26:07,076 - openevolve.llm.ensemble - INFO - Sampled model: deepseek
2025-08-12 19:26:07,081 - openevolve.threaded_parallel - INFO - Iteration 22: Program 0225fbe3-faea-44b5-921e-1949c3f62ad5 (parent: 85a87897-46ef-40e5-9f84-9c30afe7a3b4) completed in 717.89s
2025-08-12 19:26:07,082 - openevolve.threaded_parallel - INFO - Metrics: compiled=1.0000, correctness=1.0000, stage=success, passed=1.0000, score=58.4000, speed_up=1.3840, runtime_ms=0.0523, meta={'hardware': 'NVIDIA L20Y', 'device': 'cuda:5', 'correctness_trials': '(5 / 5)', 'reference_timing_ms': 0.0724, 'speed_up': 1.384, 'custom_timing': 0.0523}
2025-08-12 19:26:07,082 - openevolve.threaded_parallel - INFO - ðŸŒŸ New best solution found at iteration 22: 0225fbe3-faea-44b5-921e-1949c3f62ad5
2025-08-12 19:31:49,758 - openevolve.RemoteSpeedupEvaluator - INFO - [level1_99_TripletMarginLoss] triton key words check pass
2025-08-12 19:31:49,759 - openevolve.RemoteSpeedupEvaluator - INFO - [level1_99_TripletMarginLoss] verify_plus payload: reference_code(747 chars) + custom_code(2694 chars)
2025-08-12 19:31:52,486 - openevolve.RemoteSpeedupEvaluator - INFO - [level1_99_TripletMarginLoss] verify_plus request success
2025-08-12 19:31:52,486 - openevolve.RemoteSpeedupEvaluator - INFO - [level1_99_TripletMarginLoss] verify_plus response: {"id":"level1_99_TripletMarginLoss","result":{"compiled":true,"correctness":false,"metadata":{"hardware":"NVIDIA L20Y","device":"cuda:7","runtime_error":"Traceback (most recent call last):\n  File \"/cpfs01/shared/llm_kernel/hujiakai/KernelLLM/validation_api_server/helpers/evaluations.py\", line 720, in run_and_check_correctness\n    output_new = model_new(*inputs)\n  File \"/home/lijiaxing/.conda/envs/api/lib/python3.10/site-packages/torch/nn/modules/module.py\", line 1773, in _wrapped_call_impl\n    return self._call_impl(*args, **kwargs)\n  File \"/home/lijiaxing/.conda/envs/api/lib/python3.10/site-packages/torch/nn/modules/module.py\", line 1784, in _call_impl\n    return forward_call(*args, **kwargs)\n  File \"/tmp/tmpr9dlm1en.py\", line 64, in forward\n    triplet_margin_kernel[grid]
2025-08-12 19:31:52,487 - openevolve.RemoteSpeedupEvaluator - INFO - [level1_99_TripletMarginLoss] âœ˜ wrong_answer
2025-08-12 19:31:52,487 - openevolve.evaluator - INFO - Evaluated program 08166c35-d8c5-45c9-9d8a-8f4a23510792 in 2.73s: compiled=1.0000, correctness=0.0000, score=10.0000, stage=wrong_answer, verify_payload={'id': 'level1_99_TripletMarginLoss', 'result': {'compiled': True, 'correctness': False, 'metadata': {'hardware': 'NVIDIA L20Y', 'device': 'cuda:7', 'runtime_error': 'Traceback (most recent call last):\n  File "/cpfs01/shared/llm_kernel/hujiakai/KernelLLM/validation_api_server/helpers/evaluations.py", line 720, in run_and_check_correctness\n    output_new = model_new(*inputs)\n  File "/home/lijiaxing/.conda/envs/api/lib/python3.10/site-packages/torch/nn/modules/module.py", line 1773, in _wrapped_call_impl\n    return self._call_impl(*args, **kwargs)\n  File "/home/lijiaxing/.conda/envs/api/lib/python3.10/site-packages/torch/nn/modules/module.py", line 1784, in _call_impl\n    return forward_call(*args, **kwargs)\n  File "/tmp/tmpr9dlm1en.py", line 64, in forward\n    triplet_margin_kernel[grid](\n  File "/home/lijiaxing/.conda/envs/api/lib/python3.10/site-packages/triton/runtime/jit.py", line 390, in <lambda>\n    return lambda *args, **kwargs: self.run(grid=grid, warmup=False, *args, **kwargs)\n  File "/home/lijiaxing/.conda/envs/api/lib/python3.10/site-packages/triton/runtime/autotuner.py", line 239, in run\n    benchmark()\n  File "/home/lijiaxing/.conda/envs/api/lib/python3.10/site-packages/triton/runtime/autotuner.py", line 228, in benchmark\n    timings = {config: self._bench(*args, config=config, **kwargs) for config in pruned_configs}\n  File "/home/lijiaxing/.conda/envs/api/lib/python3.10/site-packages/triton/runtime/autotuner.py", line 228, in <dictcomp>\n    timings = {config: self._bench(*args, config=config, **kwargs) for config in pruned_configs}\n  File "/home/lijiaxing/.conda/envs/api/lib/python3.10/site-packages/triton/runtime/autotuner.py", line 160, in _bench\n    return self.do_bench(kernel_call, quantiles=(0.5, 0.2, 0.8))\n  File "/home/lijiaxing/.conda/envs/api/lib/python3.10/site-packages/triton/testing.py", line 149, in do_bench\n    fn()\n  File "/home/lijiaxing/.conda/envs/api/lib/python3.10/site-packages/triton/runtime/autotuner.py", line 146, in kernel_call\n    self.fn.run(\n  File "/home/lijiaxing/.conda/envs/api/lib/python3.10/site-packages/triton/runtime/jit.py", line 581, in run\n    raise KeyError("Keyword argument %s was specified but unrecognised" % k)\nKeyError: \'Keyword argument BLOCK_SIZE was specified but unrecognised\'\n', 'runtime_error_name': 'builtins.KeyError', 'reference_timing_ms': 0.0724, 'speed_up': -1.0, 'custom_timing': -1.0}, 'runtime': -1.0, 'runtime_stats': {}}}
2025-08-12 19:31:52,490 - openevolve.database - INFO - Population size (26) exceeds limit (25), removing 1 programs
2025-08-12 19:31:52,490 - openevolve.database - INFO - Population size after cleanup: 25
2025-08-12 19:31:52,493 - openevolve.llm.ensemble - INFO - Sampled model: deepseek
2025-08-12 19:31:52,502 - openevolve.threaded_parallel - INFO - Iteration 23: Program 08166c35-d8c5-45c9-9d8a-8f4a23510792 (parent: 686e6fe1-52b3-4b6e-9d6d-7fe5708ef825) completed in 1013.79s
2025-08-12 19:31:52,502 - openevolve.threaded_parallel - INFO - Metrics: compiled=1.0000, correctness=0.0000, score=10.0000, stage=wrong_answer, verify_payload={'id': 'level1_99_TripletMarginLoss', 'result': {'compiled': True, 'correctness': False, 'metadata': {'hardware': 'NVIDIA L20Y', 'device': 'cuda:7', 'runtime_error': 'Traceback (most recent call last):\n  File "/cpfs01/shared/llm_kernel/hujiakai/KernelLLM/validation_api_server/helpers/evaluations.py", line 720, in run_and_check_correctness\n    output_new = model_new(*inputs)\n  File "/home/lijiaxing/.conda/envs/api/lib/python3.10/site-packages/torch/nn/modules/module.py", line 1773, in _wrapped_call_impl\n    return self._call_impl(*args, **kwargs)\n  File "/home/lijiaxing/.conda/envs/api/lib/python3.10/site-packages/torch/nn/modules/module.py", line 1784, in _call_impl\n    return forward_call(*args, **kwargs)\n  File "/tmp/tmpr9dlm1en.py", line 64, in forward\n    triplet_margin_kernel[grid](\n  File "/home/lijiaxing/.conda/envs/api/lib/python3.10/site-packages/triton/runtime/jit.py", line 390, in <lambda>\n    return lambda *args, **kwargs: self.run(grid=grid, warmup=False, *args, **kwargs)\n  File "/home/lijiaxing/.conda/envs/api/lib/python3.10/site-packages/triton/runtime/autotuner.py", line 239, in run\n    benchmark()\n  File "/home/lijiaxing/.conda/envs/api/lib/python3.10/site-packages/triton/runtime/autotuner.py", line 228, in benchmark\n    timings = {config: self._bench(*args, config=config, **kwargs) for config in pruned_configs}\n  File "/home/lijiaxing/.conda/envs/api/lib/python3.10/site-packages/triton/runtime/autotuner.py", line 228, in <dictcomp>\n    timings = {config: self._bench(*args, config=config, **kwargs) for config in pruned_configs}\n  File "/home/lijiaxing/.conda/envs/api/lib/python3.10/site-packages/triton/runtime/autotuner.py", line 160, in _bench\n    return self.do_bench(kernel_call, quantiles=(0.5, 0.2, 0.8))\n  File "/home/lijiaxing/.conda/envs/api/lib/python3.10/site-packages/triton/testing.py", line 149, in do_bench\n    fn()\n  File "/home/lijiaxing/.conda/envs/api/lib/python3.10/site-packages/triton/runtime/autotuner.py", line 146, in kernel_call\n    self.fn.run(\n  File "/home/lijiaxing/.conda/envs/api/lib/python3.10/site-packages/triton/runtime/jit.py", line 581, in run\n    raise KeyError("Keyword argument %s was specified but unrecognised" % k)\nKeyError: \'Keyword argument BLOCK_SIZE was specified but unrecognised\'\n', 'runtime_error_name': 'builtins.KeyError', 'reference_timing_ms': 0.0724, 'speed_up': -1.0, 'custom_timing': -1.0}, 'runtime': -1.0, 'runtime_stats': {}}}
2025-08-12 19:32:58,158 - openevolve.RemoteSpeedupEvaluator - INFO - [level1_99_TripletMarginLoss] triton key words check pass
2025-08-12 19:32:58,159 - openevolve.RemoteSpeedupEvaluator - INFO - [level1_99_TripletMarginLoss] verify_plus payload: reference_code(747 chars) + custom_code(2070 chars)
2025-08-12 19:33:01,115 - openevolve.RemoteSpeedupEvaluator - INFO - [level1_99_TripletMarginLoss] verify_plus request success
2025-08-12 19:33:01,116 - openevolve.RemoteSpeedupEvaluator - INFO - [level1_99_TripletMarginLoss] verify_plus response: {"id":"level1_99_TripletMarginLoss","result":{"compiled":true,"correctness":true,"metadata":{"hardware":"NVIDIA L20Y","device":"cuda:1","correctness_trials":"(5 / 5)","reference_timing_ms":0.0724,"speed_up":1.326,"custom_timing":0.0546},"runtime":0.0546,"runtime_stats":{"mean":0.0546,"std":0.00297,"min":0.0517,"max":0.0677,"num_trials":100,"hardware":"NVIDIA L20Y","device":"cuda:1"}}}
2025-08-12 19:33:01,116 - openevolve.RemoteSpeedupEvaluator - INFO - [level1_99_TripletMarginLoss] âœ” success | speed_up=1.326  score=52.60
2025-08-12 19:33:01,116 - openevolve.evaluator - INFO - Evaluated program 2021a06e-6265-42ac-a8f1-97be90700145 in 2.96s: compiled=1.0000, correctness=1.0000, stage=success, passed=1.0000, score=52.6000, speed_up=1.3260, runtime_ms=0.0546, meta={'hardware': 'NVIDIA L20Y', 'device': 'cuda:1', 'correctness_trials': '(5 / 5)', 'reference_timing_ms': 0.0724, 'speed_up': 1.326, 'custom_timing': 0.0546}
2025-08-12 19:33:01,119 - openevolve.database - INFO - Population size (26) exceeds limit (25), removing 1 programs
2025-08-12 19:33:01,119 - openevolve.database - INFO - Population size after cleanup: 25
2025-08-12 19:33:01,120 - openevolve.llm.ensemble - INFO - Sampled model: deepseek
2025-08-12 19:33:01,125 - openevolve.threaded_parallel - INFO - Iteration 26: Program 2021a06e-6265-42ac-a8f1-97be90700145 (parent: 9b518164-b1ef-48f4-ac84-e04cb26fed93) completed in 414.04s
2025-08-12 19:33:01,125 - openevolve.threaded_parallel - INFO - Metrics: compiled=1.0000, correctness=1.0000, stage=success, passed=1.0000, score=52.6000, speed_up=1.3260, runtime_ms=0.0546, meta={'hardware': 'NVIDIA L20Y', 'device': 'cuda:1', 'correctness_trials': '(5 / 5)', 'reference_timing_ms': 0.0724, 'speed_up': 1.326, 'custom_timing': 0.0546}
2025-08-12 19:33:30,072 - openevolve.RemoteSpeedupEvaluator - INFO - [level1_99_TripletMarginLoss] triton key words check pass
2025-08-12 19:33:30,073 - openevolve.RemoteSpeedupEvaluator - INFO - [level1_99_TripletMarginLoss] verify_plus payload: reference_code(747 chars) + custom_code(2054 chars)
2025-08-12 19:33:32,969 - openevolve.RemoteSpeedupEvaluator - INFO - [level1_99_TripletMarginLoss] verify_plus request success
2025-08-12 19:33:32,969 - openevolve.RemoteSpeedupEvaluator - INFO - [level1_99_TripletMarginLoss] verify_plus response: {"id":"level1_99_TripletMarginLoss","result":{"compiled":true,"correctness":true,"metadata":{"hardware":"NVIDIA L20Y","device":"cuda:2","correctness_trials":"(5 / 5)","reference_timing_ms":0.0724,"speed_up":1.333,"custom_timing":0.0543},"runtime":0.0543,"runtime_stats":{"mean":0.0543,"std":0.00214,"min":0.0517,"max":0.0654,"num_trials":100,"hardware":"NVIDIA L20Y","device":"cuda:2"}}}
2025-08-12 19:33:32,969 - openevolve.RemoteSpeedupEvaluator - INFO - [level1_99_TripletMarginLoss] âœ” success | speed_up=1.333  score=53.30
2025-08-12 19:33:32,969 - openevolve.evaluator - INFO - Evaluated program 80d8d292-e472-46d7-b536-41f024920ab3 in 2.90s: compiled=1.0000, correctness=1.0000, stage=success, passed=1.0000, score=53.3000, speed_up=1.3330, runtime_ms=0.0543, meta={'hardware': 'NVIDIA L20Y', 'device': 'cuda:2', 'correctness_trials': '(5 / 5)', 'reference_timing_ms': 0.0724, 'speed_up': 1.333, 'custom_timing': 0.0543}
2025-08-12 19:33:32,973 - openevolve.database - INFO - Population size (26) exceeds limit (25), removing 1 programs
2025-08-12 19:33:32,973 - openevolve.database - INFO - Population size after cleanup: 25
2025-08-12 19:33:32,975 - openevolve.llm.ensemble - INFO - Sampled model: deepseek
2025-08-12 19:33:32,988 - openevolve.threaded_parallel - INFO - Iteration 25: Program 80d8d292-e472-46d7-b536-41f024920ab3 (parent: 85a87897-46ef-40e5-9f84-9c30afe7a3b4) completed in 841.93s
2025-08-12 19:33:32,988 - openevolve.threaded_parallel - INFO - Metrics: compiled=1.0000, correctness=1.0000, stage=success, passed=1.0000, score=53.3000, speed_up=1.3330, runtime_ms=0.0543, meta={'hardware': 'NVIDIA L20Y', 'device': 'cuda:2', 'correctness_trials': '(5 / 5)', 'reference_timing_ms': 0.0724, 'speed_up': 1.333, 'custom_timing': 0.0543}
2025-08-12 19:38:11,525 - openevolve.controller - INFO - Received signal 15, initiating graceful shutdown...
2025-08-12 19:38:11,526 - openevolve.threaded_parallel - INFO - Graceful shutdown requested...
2025-08-12 19:38:11,534 - openevolve.threaded_parallel - INFO - Shutdown requested, canceling remaining evaluations...
2025-08-12 19:38:11,534 - openevolve.threaded_parallel - INFO - Evolution interrupted by shutdown
2025-08-12 19:38:11,534 - openevolve.controller - INFO - Evolution stopped due to shutdown request
