{"id": "42a160d6-5eaa-4d4b-895c-44a0079e87ea", "code": "<think>\nWe are given the current program that has a Triton kernel for matrix multiplication used in pointwise convolutions.\n The current program is failing correctness (correctness=0.0000) and the stage is \"wrong_answer\".\n\n The error in the verify_payload is a Triton compilation error in the kernel at the line with `tl.min`:\n\n   k_valid = tl.min(BLOCK_SIZE_K, k_remaining)\n\n The error says: \"triton.compiler.errors.CompilationError: ... 'constexpr_type' object has no attribute 'scalar'\"\n\n This indicates that the `tl.min` function might not be able to handle one of the arguments being a constant (BLOCK_SIZE_K) and the other a variable (k_remaining) in the context of the kernel.\n\n We have seen in the diverse programs that replacing `tl.min` with a direct mask comparison can avoid this issue.\n\n Let's change the kernel to avoid `tl.min` and instead use a mask based on `k_remaining`.\n\n Specifically, we can replace:\n   k_valid =", "language": "python", "parent_id": "aa58f961-db09-487f-8278-1caaa023d412", "generation": 3, "timestamp": 1754586073.0205874, "iteration_found": 28, "metrics": {"compiled": false, "correctness": false, "score": -100.0, "stage": "no_valid_triton_code", "feedback": "You need to generate real and valid triton code for the core function. The key word 'import triton' is not found."}, "complexity": 0.0, "diversity": 0.0, "metadata": {"changes": "Full rewrite", "parent_metrics": {"compiled": true, "correctness": false, "score": 10, "stage": "wrong_answer", "verify_payload": {"id": "level3_24_EfficientNetB2", "result": {"compiled": true, "correctness": false, "metadata": {"hardware": "NVIDIA L20Y", "device": "cuda:7", "runtime_error": "Traceback (most recent call last):\n  File \"/home/lijiaxing/.conda/envs/api/lib/python3.10/site-packages/triton/language/core.py\", line 42, in wrapper\n    return fn(*args, **kwargs)\n  File \"/home/lijiaxing/.conda/envs/api/lib/python3.10/site-packages/triton/language/core.py\", line 2656, in _promote_bfloat16_to_float32\n    scalar_ty = t.type.scalar\nAttributeError: 'constexpr_type' object has no attribute 'scalar'\n\nThe above exception was the direct cause of the following exception:\n\ntriton.compiler.errors.CompilationError: at 2:12:\ndef min(input, axis=None, return_indices=False, return_indices_tie_break_left=True, keep_dims=False):\n    input = core._promote_bfloat16_to_float32(input)\n            ^\n\nThe above exception was the direct cause of the following exception:\n\nTraceback (most recent call last):\n  File \"/cpfs01/shared/llm_kernel/hujiakai/KernelLLM/validation_api_server/helpers/evaluations.py\", line 720, in run_and_check_correctness\n    output_new = model_new(*inputs)\n  File \"/home/lijiaxing/.conda/envs/api/lib/python3.10/site-packages/torch/nn/modules/module.py\", line 1773, in _wrapped_call_impl\n    return self._call_impl(*args, **kwargs)\n  File \"/home/lijiaxing/.conda/envs/api/lib/python3.10/site-packages/torch/nn/modules/module.py\", line 1784, in _call_impl\n    return forward_call(*args, **kwargs)\n  File \"/tmp/tmpclx_g011.py\", line 133, in forward\n    x = self.mbconv1(x)\n  File \"/home/lijiaxing/.conda/envs/api/lib/python3.10/site-packages/torch/nn/modules/module.py\", line 1773, in _wrapped_call_impl\n    return self._call_impl(*args, **kwargs)\n  File \"/home/lijiaxing/.conda/envs/api/lib/python3.10/site-packages/torch/nn/modules/module.py\", line 1784, in _call_impl\n    return forward_call(*args, **kwargs)\n  File \"/home/lijiaxing/.conda/envs/api/lib/python3.10/site-packages/torch/nn/modules/container.py\", line 244, in forward\n    input = module(input)\n  File \"/home/lijiaxing/.conda/envs/api/lib/python3.10/site-packages/torch/nn/modules/module.py\", line 1773, in _wrapped_call_impl\n    return self._call_impl(*args, **kwargs)\n  File \"/home/lijiaxing/.conda/envs/api/lib/python3.10/site-packages/torch/nn/modules/module.py\", line 1784, in _call_impl\n    return forward_call(*args, **kwargs)\n  File \"/tmp/tmpclx_g011.py\", line 21, in forward\n    output = triton_matmul(x_reshaped, self.weight)\n  File \"/tmp/tmpclx_g011.py\", line 76, in triton_matmul\n    matmul_kernel[grid](\n  File \"/home/lijiaxing/.conda/envs/api/lib/python3.10/site-packages/triton/runtime/jit.py\", line 390, in <lambda>\n    return lambda *args, **kwargs: self.run(grid=grid, warmup=False, *args, **kwargs)\n  File \"/home/lijiaxing/.conda/envs/api/lib/python3.10/site-packages/triton/runtime/jit.py\", line 594, in run\n    kernel = self.compile(src, target=target, options=options.__dict__)\n  File \"/home/lijiaxing/.conda/envs/api/lib/python3.10/site-packages/triton/compiler/compiler.py\", line 339, in compile\n    module = src.make_ir(options, codegen_fns, module_map, context)\n  File \"/home/lijiaxing/.conda/envs/api/lib/python3.10/site-packages/triton/compiler/compiler.py\", line 83, in make_ir\n    return ast_to_ttir(self.fn, self, context=context, options=options, codegen_fns=codegen_fns,\ntriton.compiler.errors.CompilationError: at 28:18:\n    offs_am = (pid_m * BLOCK_SIZE_M + tl.arange(0, BLOCK_SIZE_M)) % M\n    offs_bn = (pid_n * BLOCK_SIZE_N + tl.arange(0, BLOCK_SIZE_N)) % N\n    offs_k = tl.arange(0, BLOCK_SIZE_K)\n\n    a_ptrs = a_ptr + offs_am[:, None] * stride_am + offs_k[None, :] * stride_ak\n    b_ptrs = b_ptr + offs_k[:, None] * stride_bk + offs_bn[None, :] * stride_bn\n\n    accumulator = tl.zeros((BLOCK_SIZE_M, BLOCK_SIZE_N), dtype=tl.float32)\n\n    for k in range(0, tl.cdiv(K, BLOCK_SIZE_K)):\n        k_remaining = K - k * BLOCK_SIZE_K\n        k_valid = tl.min(BLOCK_SIZE_K, k_remaining)\n                  ^\n\n\nThe above exception was the direct cause of the following exception:\n\nTraceback (most recent call last):\n  File \"/home/lijiaxing/.conda/envs/api/lib/python3.10/site-packages/triton/language/core.py\", line 42, in wrapper\n    return fn(*args, **kwargs)\n  File \"/home/lijiaxing/.conda/envs/api/lib/python3.10/site-packages/triton/language/core.py\", line 2656, in _promote_bfloat16_to_float32\n    scalar_ty = t.type.scalar\nAttributeError: 'constexpr_type' object has no attribute 'scalar'\n\nThe above exception was the direct cause of the following exception:\n\ntriton.compiler.errors.CompilationError: at 2:12:\ndef min(input, axis=None, return_indices=False, return_indices_tie_break_left=True, keep_dims=False):\n    input = core._promote_bfloat16_to_float32(input)\n            ^\n\n\nThe above exception was the direct cause of the following exception:\n\nTraceback (most recent call last):\n  File \"/home/lijiaxing/.conda/envs/api/lib/python3.10/site-packages/triton/language/core.py\", line 42, in wrapper\n    return fn(*args, **kwargs)\n  File \"/home/lijiaxing/.conda/envs/api/lib/python3.10/site-packages/triton/language/core.py\", line 2656, in _promote_bfloat16_to_float32\n    scalar_ty = t.type.scalar\nAttributeError: 'constexpr_type' object has no attribute 'scalar'\n", "runtime_error_name": "triton.compiler.errors.CompilationError", "reference_timing_ms": 1.47, "speed_up": -1.0, "custom_timing": -1.0}, "runtime": -1.0, "runtime_stats": {}}}}, "island": 0}, "artifacts_json": null, "artifact_dir": null}