2025-08-08 17:51:37,392 - openevolve.controller - INFO - Logging to openevolve_output/level1_71_conv_transposed_2D__asymmetric_input__square_kernel/logs/openevolve_20250808_175137.log
2025-08-08 17:51:37,392 - openevolve.controller - INFO - Set random seed to 42 for reproducibility
2025-08-08 17:51:37,432 - openevolve.llm.ensemble - INFO - Initialized LLM ensemble with models: deepseek (weight: 0.80), deepseek (weight: 0.20)
2025-08-08 17:51:37,472 - openevolve.llm.ensemble - INFO - Initialized LLM ensemble with models: deepseek (weight: 0.80), deepseek (weight: 0.20)
2025-08-08 17:51:37,472 - openevolve.prompt.sampler - INFO - Set custom templates: system=evaluator_system_message, user=None
2025-08-08 17:51:37,473 - openevolve.database - INFO - Initialized program database with 0 programs
2025-08-08 17:51:37,493 - openevolve.evaluator - INFO - Successfully loaded evaluation function from openevolve_output/level1_71_conv_transposed_2D__asymmetric_input__square_kernel/evaluation.py
2025-08-08 17:51:37,494 - openevolve.evaluator - INFO - Initialized evaluator with openevolve_output/level1_71_conv_transposed_2D__asymmetric_input__square_kernel/evaluation.py
2025-08-08 17:51:37,494 - openevolve.controller - INFO - Initialized OpenEvolve with /tmp/f14f167bd5cd50a4a4bf3fe1f953d6fe.py
2025-08-08 17:51:37,494 - openevolve.controller - INFO - Adding initial program to database
2025-08-08 17:51:37,494 - openevolve.RemoteSpeedupEvaluator - INFO - [level1_71_conv_transposed_2D__asymmetric_input__square_kernel] verify_plus payload: reference_code(2018 chars) + custom_code(2142 chars)
2025-08-08 17:51:40,507 - openevolve.RemoteSpeedupEvaluator - INFO - [level1_71_conv_transposed_2D__asymmetric_input__square_kernel] verify_plus request success
2025-08-08 17:51:40,508 - openevolve.RemoteSpeedupEvaluator - INFO - [level1_71_conv_transposed_2D__asymmetric_input__square_kernel] verify_plus response: {"id":"level1_71_conv_transposed_2D__asymmetric_input__square_kernel","result":{"compiled":true,"correctness":true,"metadata":{"hardware":"NVIDIA L20Y","device":"cuda:7","correctness_trials":"(5 / 5)","reference_timing_ms":0.0519,"speed_up":0.178,"custom_timing":0.291},"runtime":0.291,"runtime_stats":{"mean":0.291,"std":0.00711,"min":0.281,"max":0.312,"num_trials":100,"hardware":"NVIDIA L20Y","device":"cuda:7"}}}
2025-08-08 17:51:40,508 - openevolve.evaluator - INFO - Evaluated program 1b5225b0-76da-4140-84c9-f6da46064976 in 3.01s: compiled=1.0000, correctness=1.0000, stage=reference code, passed=0.0000, score=0.0000, speed_up=1.0000, runtime_ms=0.2910, meta={'hardware': 'NVIDIA L20Y', 'device': 'cuda:7', 'correctness_trials': '(5 / 5)', 'reference_timing_ms': 0.0519, 'speed_up': 0.178, 'custom_timing': 0.291}
2025-08-08 17:51:40,508 - openevolve.database - INFO - New MAP-Elites cell occupied: {'score': 0, 'complexity': 2}
2025-08-08 17:51:40,523 - openevolve.threaded_parallel - INFO - Initializing threaded evaluation pool with 3 workers
2025-08-08 17:51:40,524 - openevolve.threaded_parallel - INFO - Started thread pool with 3 threads
2025-08-08 17:51:40,524 - openevolve.threaded_parallel - INFO - Started improved parallel controller
2025-08-08 17:51:40,524 - openevolve.controller - INFO - Using island-based evolution with 3 islands
2025-08-08 17:51:40,524 - openevolve.database - INFO - Island Status:
2025-08-08 17:51:40,525 - openevolve.database - INFO -  * Island 0: 1 programs, best=0.0000, avg=0.0000, diversity=0.00, gen=0 (best: 1b5225b0-76da-4140-84c9-f6da46064976)
2025-08-08 17:51:40,525 - openevolve.database - INFO -    Island 1: 0 programs, best=0.0000, avg=0.0000, diversity=0.00, gen=0
2025-08-08 17:51:40,525 - openevolve.database - INFO -    Island 2: 0 programs, best=0.0000, avg=0.0000, diversity=0.00, gen=0
2025-08-08 17:51:40,525 - openevolve.threaded_parallel - INFO - Starting improved parallel evolution from iteration 0 for 30 iterations (total: 30)
2025-08-08 17:51:40,650 - openevolve.llm.ensemble - INFO - Initialized LLM ensemble with models: deepseek (weight: 0.80), deepseek (weight: 0.20)
2025-08-08 17:51:40,653 - openevolve.llm.ensemble - INFO - Initialized LLM ensemble with models: deepseek (weight: 0.80), deepseek (weight: 0.20)
2025-08-08 17:51:40,657 - openevolve.llm.ensemble - INFO - Initialized LLM ensemble with models: deepseek (weight: 0.80), deepseek (weight: 0.20)
2025-08-08 17:51:40,774 - openevolve.llm.ensemble - INFO - Initialized LLM ensemble with models: deepseek (weight: 0.80), deepseek (weight: 0.20)
2025-08-08 17:51:40,774 - openevolve.prompt.sampler - INFO - Set custom templates: system=evaluator_system_message, user=None
2025-08-08 17:51:40,776 - openevolve.evaluator - INFO - Successfully loaded evaluation function from openevolve_output/level1_71_conv_transposed_2D__asymmetric_input__square_kernel/evaluation.py
2025-08-08 17:51:40,776 - openevolve.evaluator - INFO - Initialized evaluator with openevolve_output/level1_71_conv_transposed_2D__asymmetric_input__square_kernel/evaluation.py
2025-08-08 17:51:40,777 - openevolve.llm.ensemble - INFO - Initialized LLM ensemble with models: deepseek (weight: 0.80), deepseek (weight: 0.20)
2025-08-08 17:51:40,777 - openevolve.prompt.sampler - INFO - Set custom templates: system=evaluator_system_message, user=None
2025-08-08 17:51:40,778 - openevolve.llm.ensemble - INFO - Sampled model: deepseek
2025-08-08 17:51:40,780 - openevolve.evaluator - INFO - Successfully loaded evaluation function from openevolve_output/level1_71_conv_transposed_2D__asymmetric_input__square_kernel/evaluation.py
2025-08-08 17:51:40,780 - openevolve.evaluator - INFO - Initialized evaluator with openevolve_output/level1_71_conv_transposed_2D__asymmetric_input__square_kernel/evaluation.py
2025-08-08 17:51:40,780 - openevolve.llm.ensemble - INFO - Initialized LLM ensemble with models: deepseek (weight: 0.80), deepseek (weight: 0.20)
2025-08-08 17:51:40,781 - openevolve.prompt.sampler - INFO - Set custom templates: system=evaluator_system_message, user=None
2025-08-08 17:51:40,782 - openevolve.llm.ensemble - INFO - Sampled model: deepseek
2025-08-08 17:51:40,783 - openevolve.evaluator - INFO - Successfully loaded evaluation function from openevolve_output/level1_71_conv_transposed_2D__asymmetric_input__square_kernel/evaluation.py
2025-08-08 17:51:40,783 - openevolve.evaluator - INFO - Initialized evaluator with openevolve_output/level1_71_conv_transposed_2D__asymmetric_input__square_kernel/evaluation.py
2025-08-08 17:51:40,785 - openevolve.llm.ensemble - INFO - Sampled model: deepseek
2025-08-08 18:11:17,420 - openevolve.RemoteSpeedupEvaluator - INFO - [level1_71_conv_transposed_2D__asymmetric_input__square_kernel] triton key words check pass
2025-08-08 18:11:17,422 - openevolve.RemoteSpeedupEvaluator - INFO - [level1_71_conv_transposed_2D__asymmetric_input__square_kernel] verify_plus payload: reference_code(2018 chars) + custom_code(7021 chars)
2025-08-08 18:11:20,888 - openevolve.RemoteSpeedupEvaluator - INFO - [level1_71_conv_transposed_2D__asymmetric_input__square_kernel] verify_plus request success
2025-08-08 18:11:20,888 - openevolve.RemoteSpeedupEvaluator - INFO - [level1_71_conv_transposed_2D__asymmetric_input__square_kernel] verify_plus response: {"id":"level1_71_conv_transposed_2D__asymmetric_input__square_kernel","result":{"compiled":true,"correctness":false,"metadata":{"hardware":"NVIDIA L20Y","device":"cuda:7","runtime_error":"Traceback (most recent call last):\n  File \"/home/lijiaxing/.conda/envs/api/lib/python3.10/site-packages/triton/language/core.py\", line 42, in wrapper\n    return fn(*args, **kwargs)\n  File \"/home/lijiaxing/.conda/envs/api/lib/python3.10/site-packages/triton/language/core.py\", line 1630, in program_id\n    return _semantic.program_id(axis)\n  File \"/home/lijiaxing/.conda/envs/api/lib/python3.10/site-packages/triton/language/semantic.py\", line 40, in program_id\n    raise ValueError(f\"program_id axis must be 0, 1, or 2 but got {axis}\")\nValueError: program_id axis must be 0, 1, or 2 but got 3\n\nT
2025-08-08 18:11:20,889 - openevolve.RemoteSpeedupEvaluator - INFO - [level1_71_conv_transposed_2D__asymmetric_input__square_kernel] âœ˜ wrong_answer
2025-08-08 18:11:20,889 - openevolve.evaluator - INFO - Evaluated program e7365993-c54d-4fa6-b1be-6a1ad7908495 in 3.47s: compiled=1.0000, correctness=0.0000, score=10.0000, stage=wrong_answer, verify_payload={'id': 'level1_71_conv_transposed_2D__asymmetric_input__square_kernel', 'result': {'compiled': True, 'correctness': False, 'metadata': {'hardware': 'NVIDIA L20Y', 'device': 'cuda:7', 'runtime_error': 'Traceback (most recent call last):\n  File "/home/lijiaxing/.conda/envs/api/lib/python3.10/site-packages/triton/language/core.py", line 42, in wrapper\n    return fn(*args, **kwargs)\n  File "/home/lijiaxing/.conda/envs/api/lib/python3.10/site-packages/triton/language/core.py", line 1630, in program_id\n    return _semantic.program_id(axis)\n  File "/home/lijiaxing/.conda/envs/api/lib/python3.10/site-packages/triton/language/semantic.py", line 40, in program_id\n    raise ValueError(f"program_id axis must be 0, 1, or 2 but got {axis}")\nValueError: program_id axis must be 0, 1, or 2 but got 3\n\nThe above exception was the direct cause of the following exception:\n\nTraceback (most recent call last):\n  File "/cpfs01/shared/llm_kernel/hujiakai/KernelLLM/validation_api_server/helpers/evaluations.py", line 720, in run_and_check_correctness\n    output_new = model_new(*inputs)\n  File "/home/lijiaxing/.conda/envs/api/lib/python3.10/site-packages/torch/nn/modules/module.py", line 1773, in _wrapped_call_impl\n    return self._call_impl(*args, **kwargs)\n  File "/home/lijiaxing/.conda/envs/api/lib/python3.10/site-packages/torch/nn/modules/module.py", line 1784, in _call_impl\n    return forward_call(*args, **kwargs)\n  File "/tmp/tmp8yszs3sv.py", line 155, in forward\n    _conv_transpose2d_kernel[(\n  File "/home/lijiaxing/.conda/envs/api/lib/python3.10/site-packages/triton/runtime/jit.py", line 390, in <lambda>\n    return lambda *args, **kwargs: self.run(grid=grid, warmup=False, *args, **kwargs)\n  File "/home/lijiaxing/.conda/envs/api/lib/python3.10/site-packages/triton/runtime/jit.py", line 594, in run\n    kernel = self.compile(src, target=target, options=options.__dict__)\n  File "/home/lijiaxing/.conda/envs/api/lib/python3.10/site-packages/triton/compiler/compiler.py", line 339, in compile\n    module = src.make_ir(options, codegen_fns, module_map, context)\n  File "/home/lijiaxing/.conda/envs/api/lib/python3.10/site-packages/triton/compiler/compiler.py", line 83, in make_ir\n    return ast_to_ttir(self.fn, self, context=context, options=options, codegen_fns=codegen_fns,\ntriton.compiler.errors.CompilationError: at 24:12:\n    out_h, out_w,\n    x_batch_stride, x_channel_stride, x_h_stride, x_w_stride,\n    w_in_channel_stride, w_out_channel_stride, w_h_stride, w_w_stride,\n    output_batch_stride, output_channel_stride, output_h_stride, output_w_stride,\n    BLOCK_SIZE_H: tl.constexpr,\n    BLOCK_SIZE_W: tl.constexpr,\n    BLOCK_SIZE_C: tl.constexpr,\n):\n    pid_batch = tl.program_id(0)\n    pid_channel = tl.program_id(1)\n    pid_h = tl.program_id(2)\n    pid_w = tl.program_id(3)\n            ^\n\n\nThe above exception was the direct cause of the following exception:\n\nTraceback (most recent call last):\n  File "/home/lijiaxing/.conda/envs/api/lib/python3.10/site-packages/triton/language/core.py", line 42, in wrapper\n    return fn(*args, **kwargs)\n  File "/home/lijiaxing/.conda/envs/api/lib/python3.10/site-packages/triton/language/core.py", line 1630, in program_id\n    return _semantic.program_id(axis)\n  File "/home/lijiaxing/.conda/envs/api/lib/python3.10/site-packages/triton/language/semantic.py", line 40, in program_id\n    raise ValueError(f"program_id axis must be 0, 1, or 2 but got {axis}")\nValueError: program_id axis must be 0, 1, or 2 but got 3\n', 'runtime_error_name': 'triton.compiler.errors.CompilationError', 'reference_timing_ms': 0.0519, 'speed_up': -1.0, 'custom_timing': -1.0}, 'runtime': -1.0, 'runtime_stats': {}}}
2025-08-08 18:11:20,892 - openevolve.llm.ensemble - INFO - Sampled model: deepseek
2025-08-08 18:11:20,896 - openevolve.database - INFO - New MAP-Elites cell occupied: {'score': 9, 'complexity': 9}
2025-08-08 18:11:20,896 - openevolve.database - INFO - New best program e7365993-c54d-4fa6-b1be-6a1ad7908495 replaces 1b5225b0-76da-4140-84c9-f6da46064976
2025-08-08 18:11:20,908 - openevolve.threaded_parallel - INFO - Iteration 0: Program e7365993-c54d-4fa6-b1be-6a1ad7908495 (parent: 1b5225b0-76da-4140-84c9-f6da46064976) completed in 1180.11s
2025-08-08 18:11:20,908 - openevolve.threaded_parallel - INFO - Metrics: compiled=1.0000, correctness=0.0000, score=10.0000, stage=wrong_answer, verify_payload={'id': 'level1_71_conv_transposed_2D__asymmetric_input__square_kernel', 'result': {'compiled': True, 'correctness': False, 'metadata': {'hardware': 'NVIDIA L20Y', 'device': 'cuda:7', 'runtime_error': 'Traceback (most recent call last):\n  File "/home/lijiaxing/.conda/envs/api/lib/python3.10/site-packages/triton/language/core.py", line 42, in wrapper\n    return fn(*args, **kwargs)\n  File "/home/lijiaxing/.conda/envs/api/lib/python3.10/site-packages/triton/language/core.py", line 1630, in program_id\n    return _semantic.program_id(axis)\n  File "/home/lijiaxing/.conda/envs/api/lib/python3.10/site-packages/triton/language/semantic.py", line 40, in program_id\n    raise ValueError(f"program_id axis must be 0, 1, or 2 but got {axis}")\nValueError: program_id axis must be 0, 1, or 2 but got 3\n\nThe above exception was the direct cause of the following exception:\n\nTraceback (most recent call last):\n  File "/cpfs01/shared/llm_kernel/hujiakai/KernelLLM/validation_api_server/helpers/evaluations.py", line 720, in run_and_check_correctness\n    output_new = model_new(*inputs)\n  File "/home/lijiaxing/.conda/envs/api/lib/python3.10/site-packages/torch/nn/modules/module.py", line 1773, in _wrapped_call_impl\n    return self._call_impl(*args, **kwargs)\n  File "/home/lijiaxing/.conda/envs/api/lib/python3.10/site-packages/torch/nn/modules/module.py", line 1784, in _call_impl\n    return forward_call(*args, **kwargs)\n  File "/tmp/tmp8yszs3sv.py", line 155, in forward\n    _conv_transpose2d_kernel[(\n  File "/home/lijiaxing/.conda/envs/api/lib/python3.10/site-packages/triton/runtime/jit.py", line 390, in <lambda>\n    return lambda *args, **kwargs: self.run(grid=grid, warmup=False, *args, **kwargs)\n  File "/home/lijiaxing/.conda/envs/api/lib/python3.10/site-packages/triton/runtime/jit.py", line 594, in run\n    kernel = self.compile(src, target=target, options=options.__dict__)\n  File "/home/lijiaxing/.conda/envs/api/lib/python3.10/site-packages/triton/compiler/compiler.py", line 339, in compile\n    module = src.make_ir(options, codegen_fns, module_map, context)\n  File "/home/lijiaxing/.conda/envs/api/lib/python3.10/site-packages/triton/compiler/compiler.py", line 83, in make_ir\n    return ast_to_ttir(self.fn, self, context=context, options=options, codegen_fns=codegen_fns,\ntriton.compiler.errors.CompilationError: at 24:12:\n    out_h, out_w,\n    x_batch_stride, x_channel_stride, x_h_stride, x_w_stride,\n    w_in_channel_stride, w_out_channel_stride, w_h_stride, w_w_stride,\n    output_batch_stride, output_channel_stride, output_h_stride, output_w_stride,\n    BLOCK_SIZE_H: tl.constexpr,\n    BLOCK_SIZE_W: tl.constexpr,\n    BLOCK_SIZE_C: tl.constexpr,\n):\n    pid_batch = tl.program_id(0)\n    pid_channel = tl.program_id(1)\n    pid_h = tl.program_id(2)\n    pid_w = tl.program_id(3)\n            ^\n\n\nThe above exception was the direct cause of the following exception:\n\nTraceback (most recent call last):\n  File "/home/lijiaxing/.conda/envs/api/lib/python3.10/site-packages/triton/language/core.py", line 42, in wrapper\n    return fn(*args, **kwargs)\n  File "/home/lijiaxing/.conda/envs/api/lib/python3.10/site-packages/triton/language/core.py", line 1630, in program_id\n    return _semantic.program_id(axis)\n  File "/home/lijiaxing/.conda/envs/api/lib/python3.10/site-packages/triton/language/semantic.py", line 40, in program_id\n    raise ValueError(f"program_id axis must be 0, 1, or 2 but got {axis}")\nValueError: program_id axis must be 0, 1, or 2 but got 3\n', 'runtime_error_name': 'triton.compiler.errors.CompilationError', 'reference_timing_ms': 0.0519, 'speed_up': -1.0, 'custom_timing': -1.0}, 'runtime': -1.0, 'runtime_stats': {}}}
2025-08-08 18:11:20,909 - openevolve.threaded_parallel - INFO - ðŸŒŸ New best solution found at iteration 0: e7365993-c54d-4fa6-b1be-6a1ad7908495
2025-08-08 18:11:20,909 - openevolve.threaded_parallel - INFO - Checkpoint interval reached at iteration 0
2025-08-08 18:11:20,909 - openevolve.database - INFO - Island Status:
2025-08-08 18:11:20,909 - openevolve.database - INFO -  * Island 0: 2 programs, best=10.0000, avg=5.0000, diversity=1904.70, gen=1 (best: e7365993-c54d-4fa6-b1be-6a1ad7908495)
2025-08-08 18:11:20,909 - openevolve.database - INFO -    Island 1: 0 programs, best=0.0000, avg=0.0000, diversity=0.00, gen=0
2025-08-08 18:11:20,909 - openevolve.database - INFO -    Island 2: 0 programs, best=0.0000, avg=0.0000, diversity=0.00, gen=0
2025-08-08 18:11:20,938 - openevolve.database - INFO - Saved database with 2 programs to openevolve_output/level1_71_conv_transposed_2D__asymmetric_input__square_kernel/checkpoints/checkpoint_0
2025-08-08 18:11:21,000 - openevolve.controller - INFO - Saved best program at checkpoint 0 with metrics: compiled=1.0000, correctness=0.0000, score=10.0000, stage=wrong_answer, verify_payload={'id': 'level1_71_conv_transposed_2D__asymmetric_input__square_kernel', 'result': {'compiled': True, 'correctness': False, 'metadata': {'hardware': 'NVIDIA L20Y', 'device': 'cuda:7', 'runtime_error': 'Traceback (most recent call last):\n  File "/home/lijiaxing/.conda/envs/api/lib/python3.10/site-packages/triton/language/core.py", line 42, in wrapper\n    return fn(*args, **kwargs)\n  File "/home/lijiaxing/.conda/envs/api/lib/python3.10/site-packages/triton/language/core.py", line 1630, in program_id\n    return _semantic.program_id(axis)\n  File "/home/lijiaxing/.conda/envs/api/lib/python3.10/site-packages/triton/language/semantic.py", line 40, in program_id\n    raise ValueError(f"program_id axis must be 0, 1, or 2 but got {axis}")\nValueError: program_id axis must be 0, 1, or 2 but got 3\n\nThe above exception was the direct cause of the following exception:\n\nTraceback (most recent call last):\n  File "/cpfs01/shared/llm_kernel/hujiakai/KernelLLM/validation_api_server/helpers/evaluations.py", line 720, in run_and_check_correctness\n    output_new = model_new(*inputs)\n  File "/home/lijiaxing/.conda/envs/api/lib/python3.10/site-packages/torch/nn/modules/module.py", line 1773, in _wrapped_call_impl\n    return self._call_impl(*args, **kwargs)\n  File "/home/lijiaxing/.conda/envs/api/lib/python3.10/site-packages/torch/nn/modules/module.py", line 1784, in _call_impl\n    return forward_call(*args, **kwargs)\n  File "/tmp/tmp8yszs3sv.py", line 155, in forward\n    _conv_transpose2d_kernel[(\n  File "/home/lijiaxing/.conda/envs/api/lib/python3.10/site-packages/triton/runtime/jit.py", line 390, in <lambda>\n    return lambda *args, **kwargs: self.run(grid=grid, warmup=False, *args, **kwargs)\n  File "/home/lijiaxing/.conda/envs/api/lib/python3.10/site-packages/triton/runtime/jit.py", line 594, in run\n    kernel = self.compile(src, target=target, options=options.__dict__)\n  File "/home/lijiaxing/.conda/envs/api/lib/python3.10/site-packages/triton/compiler/compiler.py", line 339, in compile\n    module = src.make_ir(options, codegen_fns, module_map, context)\n  File "/home/lijiaxing/.conda/envs/api/lib/python3.10/site-packages/triton/compiler/compiler.py", line 83, in make_ir\n    return ast_to_ttir(self.fn, self, context=context, options=options, codegen_fns=codegen_fns,\ntriton.compiler.errors.CompilationError: at 24:12:\n    out_h, out_w,\n    x_batch_stride, x_channel_stride, x_h_stride, x_w_stride,\n    w_in_channel_stride, w_out_channel_stride, w_h_stride, w_w_stride,\n    output_batch_stride, output_channel_stride, output_h_stride, output_w_stride,\n    BLOCK_SIZE_H: tl.constexpr,\n    BLOCK_SIZE_W: tl.constexpr,\n    BLOCK_SIZE_C: tl.constexpr,\n):\n    pid_batch = tl.program_id(0)\n    pid_channel = tl.program_id(1)\n    pid_h = tl.program_id(2)\n    pid_w = tl.program_id(3)\n            ^\n\n\nThe above exception was the direct cause of the following exception:\n\nTraceback (most recent call last):\n  File "/home/lijiaxing/.conda/envs/api/lib/python3.10/site-packages/triton/language/core.py", line 42, in wrapper\n    return fn(*args, **kwargs)\n  File "/home/lijiaxing/.conda/envs/api/lib/python3.10/site-packages/triton/language/core.py", line 1630, in program_id\n    return _semantic.program_id(axis)\n  File "/home/lijiaxing/.conda/envs/api/lib/python3.10/site-packages/triton/language/semantic.py", line 40, in program_id\n    raise ValueError(f"program_id axis must be 0, 1, or 2 but got {axis}")\nValueError: program_id axis must be 0, 1, or 2 but got 3\n', 'runtime_error_name': 'triton.compiler.errors.CompilationError', 'reference_timing_ms': 0.0519, 'speed_up': -1.0, 'custom_timing': -1.0}, 'runtime': -1.0, 'runtime_stats': {}}}
2025-08-08 18:11:21,000 - openevolve.controller - INFO - Saved checkpoint at iteration 0 to openevolve_output/level1_71_conv_transposed_2D__asymmetric_input__square_kernel/checkpoints/checkpoint_0
2025-08-08 18:12:08,949 - openevolve.RemoteSpeedupEvaluator - INFO - [level1_71_conv_transposed_2D__asymmetric_input__square_kernel] âœ˜ invalid_answer 'import triton' is not found
2025-08-08 18:12:08,951 - openevolve.evaluator - INFO - Evaluated program 44e6abe8-7ae9-411e-851f-9de45b2b13c6 in 0.00s: compiled=0.0000, correctness=0.0000, score=-100.0000, stage=no_valid_triton_code, feedback=You need to generate real and valid triton code for the core function. The key word 'import triton' is not found.
2025-08-08 18:12:08,953 - openevolve.llm.ensemble - INFO - Sampled model: deepseek
2025-08-08 18:12:08,960 - openevolve.database - INFO - New MAP-Elites cell occupied: {'score': -1000, 'complexity': 0}
2025-08-08 18:12:08,967 - openevolve.threaded_parallel - INFO - Iteration 1: Program 44e6abe8-7ae9-411e-851f-9de45b2b13c6 (parent: 1b5225b0-76da-4140-84c9-f6da46064976) completed in 1228.17s
2025-08-08 18:12:08,967 - openevolve.threaded_parallel - INFO - Metrics: compiled=0.0000, correctness=0.0000, score=-100.0000, stage=no_valid_triton_code, feedback=You need to generate real and valid triton code for the core function. The key word 'import triton' is not found.
2025-08-08 18:14:05,927 - openevolve.RemoteSpeedupEvaluator - INFO - [level1_71_conv_transposed_2D__asymmetric_input__square_kernel] triton key words check pass
2025-08-08 18:14:05,928 - openevolve.RemoteSpeedupEvaluator - INFO - [level1_71_conv_transposed_2D__asymmetric_input__square_kernel] verify_plus payload: reference_code(2018 chars) + custom_code(6192 chars)
2025-08-08 18:14:08,983 - openevolve.RemoteSpeedupEvaluator - INFO - [level1_71_conv_transposed_2D__asymmetric_input__square_kernel] verify_plus request success
2025-08-08 18:14:08,983 - openevolve.RemoteSpeedupEvaluator - INFO - [level1_71_conv_transposed_2D__asymmetric_input__square_kernel] verify_plus response: {"id":"level1_71_conv_transposed_2D__asymmetric_input__square_kernel","result":{"compiled":true,"correctness":false,"metadata":{"hardware":"NVIDIA L20Y","device":"cuda:3","runtime_error":"Traceback (most recent call last):\n  File \"/home/lijiaxing/.conda/envs/api/lib/python3.10/site-packages/triton/language/core.py\", line 42, in wrapper\n    return fn(*args, **kwargs)\n  File \"/home/lijiaxing/.conda/envs/api/lib/python3.10/site-packages/triton/language/core.py\", line 2150, in load\n    return _semantic.load(pointer, mask, other, boundary_check, padding_option, cache_modifier, eviction_policy,\n  File \"/home/lijiaxing/.conda/envs/api/lib/python3.10/site-packages/triton/language/semantic.py\", line 1086, in load\n    return self._load_legacy(ptr, mask, other, boundary_check, padding, ca
2025-08-08 18:14:08,984 - openevolve.RemoteSpeedupEvaluator - INFO - [level1_71_conv_transposed_2D__asymmetric_input__square_kernel] âœ˜ wrong_answer
2025-08-08 18:14:08,984 - openevolve.evaluator - INFO - Evaluated program 85525613-f732-4348-b54c-87294a8e0c1b in 3.06s: compiled=1.0000, correctness=0.0000, score=10.0000, stage=wrong_answer, verify_payload={'id': 'level1_71_conv_transposed_2D__asymmetric_input__square_kernel', 'result': {'compiled': True, 'correctness': False, 'metadata': {'hardware': 'NVIDIA L20Y', 'device': 'cuda:3', 'runtime_error': 'Traceback (most recent call last):\n  File "/home/lijiaxing/.conda/envs/api/lib/python3.10/site-packages/triton/language/core.py", line 42, in wrapper\n    return fn(*args, **kwargs)\n  File "/home/lijiaxing/.conda/envs/api/lib/python3.10/site-packages/triton/language/core.py", line 2150, in load\n    return _semantic.load(pointer, mask, other, boundary_check, padding_option, cache_modifier, eviction_policy,\n  File "/home/lijiaxing/.conda/envs/api/lib/python3.10/site-packages/triton/language/semantic.py", line 1086, in load\n    return self._load_legacy(ptr, mask, other, boundary_check, padding, cache, eviction, is_volatile)\n  File "/home/lijiaxing/.conda/envs/api/lib/python3.10/site-packages/triton/language/semantic.py", line 1037, in _load_legacy\n    mask = self.broadcast_impl_shape(mask, ptr.type.get_block_shapes())\n  File "/home/lijiaxing/.conda/envs/api/lib/python3.10/site-packages/triton/language/semantic.py", line 697, in broadcast_impl_shape\n    raise ValueError(f"Cannot broadcast, rank mismatch: {src_shape}, {shape}")\nValueError: Cannot broadcast, rank mismatch: [\'16\', \'16\'], [\'16\']\n\nThe above exception was the direct cause of the following exception:\n\nTraceback (most recent call last):\n  File "/cpfs01/shared/llm_kernel/hujiakai/KernelLLM/validation_api_server/helpers/evaluations.py", line 720, in run_and_check_correctness\n    output_new = model_new(*inputs)\n  File "/home/lijiaxing/.conda/envs/api/lib/python3.10/site-packages/torch/nn/modules/module.py", line 1773, in _wrapped_call_impl\n    return self._call_impl(*args, **kwargs)\n  File "/home/lijiaxing/.conda/envs/api/lib/python3.10/site-packages/torch/nn/modules/module.py", line 1784, in _call_impl\n    return forward_call(*args, **kwargs)\n  File "/tmp/tmp3fhw8frl.py", line 139, in forward\n    _conv_transpose2d_kernel[grid](\n  File "/home/lijiaxing/.conda/envs/api/lib/python3.10/site-packages/triton/runtime/jit.py", line 390, in <lambda>\n    return lambda *args, **kwargs: self.run(grid=grid, warmup=False, *args, **kwargs)\n  File "/home/lijiaxing/.conda/envs/api/lib/python3.10/site-packages/triton/runtime/jit.py", line 594, in run\n    kernel = self.compile(src, target=target, options=options.__dict__)\n  File "/home/lijiaxing/.conda/envs/api/lib/python3.10/site-packages/triton/compiler/compiler.py", line 339, in compile\n    module = src.make_ir(options, codegen_fns, module_map, context)\n  File "/home/lijiaxing/.conda/envs/api/lib/python3.10/site-packages/triton/compiler/compiler.py", line 83, in make_ir\n    return ast_to_ttir(self.fn, self, context=context, options=options, codegen_fns=codegen_fns,\ntriton.compiler.errors.CompilationError: at 60:24:\n                    ih * stride_x_h + \n                    iw * stride_x_w\n                )\n                weight_offset = (\n                    ic * stride_weight_ic + \n                    oc_in_group * stride_weight_oc + \n                    kh * stride_weight_kh + \n                    kw * stride_weight_kw\n                )\n\n                # Load input and weight\n                x_val = tl.load(x_ptr + x_offset, mask=valid_mask, other=0.0)\n                        ^\n\n\nThe above exception was the direct cause of the following exception:\n\nTraceback (most recent call last):\n  File "/home/lijiaxing/.conda/envs/api/lib/python3.10/site-packages/triton/language/core.py", line 42, in wrapper\n    return fn(*args, **kwargs)\n  File "/home/lijiaxing/.conda/envs/api/lib/python3.10/site-packages/triton/language/core.py", line 2150, in load\n    return _semantic.load(pointer, mask, other, boundary_check, padding_option, cache_modifier, eviction_policy,\n  File "/home/lijiaxing/.conda/envs/api/lib/python3.10/site-packages/triton/language/semantic.py", line 1086, in load\n    return self._load_legacy(ptr, mask, other, boundary_check, padding, cache, eviction, is_volatile)\n  File "/home/lijiaxing/.conda/envs/api/lib/python3.10/site-packages/triton/language/semantic.py", line 1037, in _load_legacy\n    mask = self.broadcast_impl_shape(mask, ptr.type.get_block_shapes())\n  File "/home/lijiaxing/.conda/envs/api/lib/python3.10/site-packages/triton/language/semantic.py", line 697, in broadcast_impl_shape\n    raise ValueError(f"Cannot broadcast, rank mismatch: {src_shape}, {shape}")\nValueError: Cannot broadcast, rank mismatch: [\'16\', \'16\'], [\'16\']\n', 'runtime_error_name': 'triton.compiler.errors.CompilationError', 'reference_timing_ms': 0.0519, 'speed_up': -1.0, 'custom_timing': -1.0}, 'runtime': -1.0, 'runtime_stats': {}}}
2025-08-08 18:14:08,986 - openevolve.database - INFO - New MAP-Elites cell occupied: {'score': 9, 'complexity': 8}
2025-08-08 18:14:08,987 - openevolve.llm.ensemble - INFO - Sampled model: deepseek
2025-08-08 18:14:08,998 - openevolve.threaded_parallel - INFO - Iteration 2: Program 85525613-f732-4348-b54c-87294a8e0c1b (parent: 1b5225b0-76da-4140-84c9-f6da46064976) completed in 1348.20s
2025-08-08 18:14:08,998 - openevolve.threaded_parallel - INFO - Metrics: compiled=1.0000, correctness=0.0000, score=10.0000, stage=wrong_answer, verify_payload={'id': 'level1_71_conv_transposed_2D__asymmetric_input__square_kernel', 'result': {'compiled': True, 'correctness': False, 'metadata': {'hardware': 'NVIDIA L20Y', 'device': 'cuda:3', 'runtime_error': 'Traceback (most recent call last):\n  File "/home/lijiaxing/.conda/envs/api/lib/python3.10/site-packages/triton/language/core.py", line 42, in wrapper\n    return fn(*args, **kwargs)\n  File "/home/lijiaxing/.conda/envs/api/lib/python3.10/site-packages/triton/language/core.py", line 2150, in load\n    return _semantic.load(pointer, mask, other, boundary_check, padding_option, cache_modifier, eviction_policy,\n  File "/home/lijiaxing/.conda/envs/api/lib/python3.10/site-packages/triton/language/semantic.py", line 1086, in load\n    return self._load_legacy(ptr, mask, other, boundary_check, padding, cache, eviction, is_volatile)\n  File "/home/lijiaxing/.conda/envs/api/lib/python3.10/site-packages/triton/language/semantic.py", line 1037, in _load_legacy\n    mask = self.broadcast_impl_shape(mask, ptr.type.get_block_shapes())\n  File "/home/lijiaxing/.conda/envs/api/lib/python3.10/site-packages/triton/language/semantic.py", line 697, in broadcast_impl_shape\n    raise ValueError(f"Cannot broadcast, rank mismatch: {src_shape}, {shape}")\nValueError: Cannot broadcast, rank mismatch: [\'16\', \'16\'], [\'16\']\n\nThe above exception was the direct cause of the following exception:\n\nTraceback (most recent call last):\n  File "/cpfs01/shared/llm_kernel/hujiakai/KernelLLM/validation_api_server/helpers/evaluations.py", line 720, in run_and_check_correctness\n    output_new = model_new(*inputs)\n  File "/home/lijiaxing/.conda/envs/api/lib/python3.10/site-packages/torch/nn/modules/module.py", line 1773, in _wrapped_call_impl\n    return self._call_impl(*args, **kwargs)\n  File "/home/lijiaxing/.conda/envs/api/lib/python3.10/site-packages/torch/nn/modules/module.py", line 1784, in _call_impl\n    return forward_call(*args, **kwargs)\n  File "/tmp/tmp3fhw8frl.py", line 139, in forward\n    _conv_transpose2d_kernel[grid](\n  File "/home/lijiaxing/.conda/envs/api/lib/python3.10/site-packages/triton/runtime/jit.py", line 390, in <lambda>\n    return lambda *args, **kwargs: self.run(grid=grid, warmup=False, *args, **kwargs)\n  File "/home/lijiaxing/.conda/envs/api/lib/python3.10/site-packages/triton/runtime/jit.py", line 594, in run\n    kernel = self.compile(src, target=target, options=options.__dict__)\n  File "/home/lijiaxing/.conda/envs/api/lib/python3.10/site-packages/triton/compiler/compiler.py", line 339, in compile\n    module = src.make_ir(options, codegen_fns, module_map, context)\n  File "/home/lijiaxing/.conda/envs/api/lib/python3.10/site-packages/triton/compiler/compiler.py", line 83, in make_ir\n    return ast_to_ttir(self.fn, self, context=context, options=options, codegen_fns=codegen_fns,\ntriton.compiler.errors.CompilationError: at 60:24:\n                    ih * stride_x_h + \n                    iw * stride_x_w\n                )\n                weight_offset = (\n                    ic * stride_weight_ic + \n                    oc_in_group * stride_weight_oc + \n                    kh * stride_weight_kh + \n                    kw * stride_weight_kw\n                )\n\n                # Load input and weight\n                x_val = tl.load(x_ptr + x_offset, mask=valid_mask, other=0.0)\n                        ^\n\n\nThe above exception was the direct cause of the following exception:\n\nTraceback (most recent call last):\n  File "/home/lijiaxing/.conda/envs/api/lib/python3.10/site-packages/triton/language/core.py", line 42, in wrapper\n    return fn(*args, **kwargs)\n  File "/home/lijiaxing/.conda/envs/api/lib/python3.10/site-packages/triton/language/core.py", line 2150, in load\n    return _semantic.load(pointer, mask, other, boundary_check, padding_option, cache_modifier, eviction_policy,\n  File "/home/lijiaxing/.conda/envs/api/lib/python3.10/site-packages/triton/language/semantic.py", line 1086, in load\n    return self._load_legacy(ptr, mask, other, boundary_check, padding, cache, eviction, is_volatile)\n  File "/home/lijiaxing/.conda/envs/api/lib/python3.10/site-packages/triton/language/semantic.py", line 1037, in _load_legacy\n    mask = self.broadcast_impl_shape(mask, ptr.type.get_block_shapes())\n  File "/home/lijiaxing/.conda/envs/api/lib/python3.10/site-packages/triton/language/semantic.py", line 697, in broadcast_impl_shape\n    raise ValueError(f"Cannot broadcast, rank mismatch: {src_shape}, {shape}")\nValueError: Cannot broadcast, rank mismatch: [\'16\', \'16\'], [\'16\']\n', 'runtime_error_name': 'triton.compiler.errors.CompilationError', 'reference_timing_ms': 0.0519, 'speed_up': -1.0, 'custom_timing': -1.0}, 'runtime': -1.0, 'runtime_stats': {}}}
2025-08-08 18:20:32,678 - openevolve.RemoteSpeedupEvaluator - INFO - [level1_71_conv_transposed_2D__asymmetric_input__square_kernel] triton key words check pass
2025-08-08 18:20:32,680 - openevolve.RemoteSpeedupEvaluator - INFO - [level1_71_conv_transposed_2D__asymmetric_input__square_kernel] verify_plus payload: reference_code(2018 chars) + custom_code(7302 chars)
2025-08-08 18:20:35,662 - openevolve.RemoteSpeedupEvaluator - INFO - [level1_71_conv_transposed_2D__asymmetric_input__square_kernel] verify_plus request success
2025-08-08 18:20:35,663 - openevolve.RemoteSpeedupEvaluator - INFO - [level1_71_conv_transposed_2D__asymmetric_input__square_kernel] verify_plus response: {"id":"level1_71_conv_transposed_2D__asymmetric_input__square_kernel","result":{"compiled":true,"correctness":false,"metadata":{"hardware":"NVIDIA L20Y","device":"cuda:0","runtime_error":"Traceback (most recent call last):\n  File \"/home/lijiaxing/.conda/envs/api/lib/python3.10/site-packages/triton/language/core.py\", line 42, in wrapper\n    return fn(*args, **kwargs)\n  File \"/home/lijiaxing/.conda/envs/api/lib/python3.10/site-packages/triton/language/core.py\", line 2150, in load\n    return _semantic.load(pointer, mask, other, boundary_check, padding_option, cache_modifier, eviction_policy,\n  File \"/home/lijiaxing/.conda/envs/api/lib/python3.10/site-packages/triton/language/semantic.py\", line 1086, in load\n    return self._load_legacy(ptr, mask, other, boundary_check, padding, ca
2025-08-08 18:20:35,663 - openevolve.RemoteSpeedupEvaluator - INFO - [level1_71_conv_transposed_2D__asymmetric_input__square_kernel] âœ˜ wrong_answer
2025-08-08 18:20:35,663 - openevolve.evaluator - INFO - Evaluated program 03e26f35-ead4-43da-bf5d-72652aa71a19 in 2.99s: compiled=1.0000, correctness=0.0000, score=10.0000, stage=wrong_answer, verify_payload={'id': 'level1_71_conv_transposed_2D__asymmetric_input__square_kernel', 'result': {'compiled': True, 'correctness': False, 'metadata': {'hardware': 'NVIDIA L20Y', 'device': 'cuda:0', 'runtime_error': 'Traceback (most recent call last):\n  File "/home/lijiaxing/.conda/envs/api/lib/python3.10/site-packages/triton/language/core.py", line 42, in wrapper\n    return fn(*args, **kwargs)\n  File "/home/lijiaxing/.conda/envs/api/lib/python3.10/site-packages/triton/language/core.py", line 2150, in load\n    return _semantic.load(pointer, mask, other, boundary_check, padding_option, cache_modifier, eviction_policy,\n  File "/home/lijiaxing/.conda/envs/api/lib/python3.10/site-packages/triton/language/semantic.py", line 1086, in load\n    return self._load_legacy(ptr, mask, other, boundary_check, padding, cache, eviction, is_volatile)\n  File "/home/lijiaxing/.conda/envs/api/lib/python3.10/site-packages/triton/language/semantic.py", line 1037, in _load_legacy\n    mask = self.broadcast_impl_shape(mask, ptr.type.get_block_shapes())\n  File "/home/lijiaxing/.conda/envs/api/lib/python3.10/site-packages/triton/language/semantic.py", line 697, in broadcast_impl_shape\n    raise ValueError(f"Cannot broadcast, rank mismatch: {src_shape}, {shape}")\nValueError: Cannot broadcast, rank mismatch: [\'32\'], [\'1\', \'32\']\n\nThe above exception was the direct cause of the following exception:\n\nTraceback (most recent call last):\n  File "/cpfs01/shared/llm_kernel/hujiakai/KernelLLM/validation_api_server/helpers/evaluations.py", line 720, in run_and_check_correctness\n    output_new = model_new(*inputs)\n  File "/home/lijiaxing/.conda/envs/api/lib/python3.10/site-packages/torch/nn/modules/module.py", line 1773, in _wrapped_call_impl\n    return self._call_impl(*args, **kwargs)\n  File "/home/lijiaxing/.conda/envs/api/lib/python3.10/site-packages/torch/nn/modules/module.py", line 1784, in _call_impl\n    return forward_call(*args, **kwargs)\n  File "/tmp/tmpme6q_5hl.py", line 161, in forward\n    _conv_transpose2d_kernel[(\n  File "/home/lijiaxing/.conda/envs/api/lib/python3.10/site-packages/triton/runtime/jit.py", line 390, in <lambda>\n    return lambda *args, **kwargs: self.run(grid=grid, warmup=False, *args, **kwargs)\n  File "/home/lijiaxing/.conda/envs/api/lib/python3.10/site-packages/triton/runtime/jit.py", line 594, in run\n    kernel = self.compile(src, target=target, options=options.__dict__)\n  File "/home/lijiaxing/.conda/envs/api/lib/python3.10/site-packages/triton/compiler/compiler.py", line 339, in compile\n    module = src.make_ir(options, codegen_fns, module_map, context)\n  File "/home/lijiaxing/.conda/envs/api/lib/python3.10/site-packages/triton/compiler/compiler.py", line 83, in make_ir\n    return ast_to_ttir(self.fn, self, context=context, options=options, codegen_fns=codegen_fns,\ntriton.compiler.errors.CompilationError: at 71:24:\n                x_offset = (pid_batch * x_batch_stride + \n                           c_in * x_channel_stride + \n                           i_input * x_h_stride + \n                           j_input * x_w_stride)\n                x_val = tl.load(x_ptr + x_offset, mask=valid_mask, other=0.0)\n\n                # Load weights\n                w_offset = (c_in * w_in_channel_stride + \n                           channel_offsets[None, :] * w_out_channel_stride + \n                           di * w_h_stride + \n                           dj * w_w_stride)\n                w_val = tl.load(w_ptr + w_offset, mask=channel_mask, other=0.0)\n                        ^\n\n\nThe above exception was the direct cause of the following exception:\n\nTraceback (most recent call last):\n  File "/home/lijiaxing/.conda/envs/api/lib/python3.10/site-packages/triton/language/core.py", line 42, in wrapper\n    return fn(*args, **kwargs)\n  File "/home/lijiaxing/.conda/envs/api/lib/python3.10/site-packages/triton/language/core.py", line 2150, in load\n    return _semantic.load(pointer, mask, other, boundary_check, padding_option, cache_modifier, eviction_policy,\n  File "/home/lijiaxing/.conda/envs/api/lib/python3.10/site-packages/triton/language/semantic.py", line 1086, in load\n    return self._load_legacy(ptr, mask, other, boundary_check, padding, cache, eviction, is_volatile)\n  File "/home/lijiaxing/.conda/envs/api/lib/python3.10/site-packages/triton/language/semantic.py", line 1037, in _load_legacy\n    mask = self.broadcast_impl_shape(mask, ptr.type.get_block_shapes())\n  File "/home/lijiaxing/.conda/envs/api/lib/python3.10/site-packages/triton/language/semantic.py", line 697, in broadcast_impl_shape\n    raise ValueError(f"Cannot broadcast, rank mismatch: {src_shape}, {shape}")\nValueError: Cannot broadcast, rank mismatch: [\'32\'], [\'1\', \'32\']\n', 'runtime_error_name': 'triton.compiler.errors.CompilationError', 'reference_timing_ms': 0.0519, 'speed_up': -1.0, 'custom_timing': -1.0}, 'runtime': -1.0, 'runtime_stats': {}}}
2025-08-08 18:20:35,667 - openevolve.llm.ensemble - INFO - Sampled model: deepseek
2025-08-08 18:20:35,683 - openevolve.threaded_parallel - INFO - Iteration 4: Program 03e26f35-ead4-43da-bf5d-72652aa71a19 (parent: e7365993-c54d-4fa6-b1be-6a1ad7908495) completed in 506.71s
2025-08-08 18:20:35,683 - openevolve.threaded_parallel - INFO - Metrics: compiled=1.0000, correctness=0.0000, score=10.0000, stage=wrong_answer, verify_payload={'id': 'level1_71_conv_transposed_2D__asymmetric_input__square_kernel', 'result': {'compiled': True, 'correctness': False, 'metadata': {'hardware': 'NVIDIA L20Y', 'device': 'cuda:0', 'runtime_error': 'Traceback (most recent call last):\n  File "/home/lijiaxing/.conda/envs/api/lib/python3.10/site-packages/triton/language/core.py", line 42, in wrapper\n    return fn(*args, **kwargs)\n  File "/home/lijiaxing/.conda/envs/api/lib/python3.10/site-packages/triton/language/core.py", line 2150, in load\n    return _semantic.load(pointer, mask, other, boundary_check, padding_option, cache_modifier, eviction_policy,\n  File "/home/lijiaxing/.conda/envs/api/lib/python3.10/site-packages/triton/language/semantic.py", line 1086, in load\n    return self._load_legacy(ptr, mask, other, boundary_check, padding, cache, eviction, is_volatile)\n  File "/home/lijiaxing/.conda/envs/api/lib/python3.10/site-packages/triton/language/semantic.py", line 1037, in _load_legacy\n    mask = self.broadcast_impl_shape(mask, ptr.type.get_block_shapes())\n  File "/home/lijiaxing/.conda/envs/api/lib/python3.10/site-packages/triton/language/semantic.py", line 697, in broadcast_impl_shape\n    raise ValueError(f"Cannot broadcast, rank mismatch: {src_shape}, {shape}")\nValueError: Cannot broadcast, rank mismatch: [\'32\'], [\'1\', \'32\']\n\nThe above exception was the direct cause of the following exception:\n\nTraceback (most recent call last):\n  File "/cpfs01/shared/llm_kernel/hujiakai/KernelLLM/validation_api_server/helpers/evaluations.py", line 720, in run_and_check_correctness\n    output_new = model_new(*inputs)\n  File "/home/lijiaxing/.conda/envs/api/lib/python3.10/site-packages/torch/nn/modules/module.py", line 1773, in _wrapped_call_impl\n    return self._call_impl(*args, **kwargs)\n  File "/home/lijiaxing/.conda/envs/api/lib/python3.10/site-packages/torch/nn/modules/module.py", line 1784, in _call_impl\n    return forward_call(*args, **kwargs)\n  File "/tmp/tmpme6q_5hl.py", line 161, in forward\n    _conv_transpose2d_kernel[(\n  File "/home/lijiaxing/.conda/envs/api/lib/python3.10/site-packages/triton/runtime/jit.py", line 390, in <lambda>\n    return lambda *args, **kwargs: self.run(grid=grid, warmup=False, *args, **kwargs)\n  File "/home/lijiaxing/.conda/envs/api/lib/python3.10/site-packages/triton/runtime/jit.py", line 594, in run\n    kernel = self.compile(src, target=target, options=options.__dict__)\n  File "/home/lijiaxing/.conda/envs/api/lib/python3.10/site-packages/triton/compiler/compiler.py", line 339, in compile\n    module = src.make_ir(options, codegen_fns, module_map, context)\n  File "/home/lijiaxing/.conda/envs/api/lib/python3.10/site-packages/triton/compiler/compiler.py", line 83, in make_ir\n    return ast_to_ttir(self.fn, self, context=context, options=options, codegen_fns=codegen_fns,\ntriton.compiler.errors.CompilationError: at 71:24:\n                x_offset = (pid_batch * x_batch_stride + \n                           c_in * x_channel_stride + \n                           i_input * x_h_stride + \n                           j_input * x_w_stride)\n                x_val = tl.load(x_ptr + x_offset, mask=valid_mask, other=0.0)\n\n                # Load weights\n                w_offset = (c_in * w_in_channel_stride + \n                           channel_offsets[None, :] * w_out_channel_stride + \n                           di * w_h_stride + \n                           dj * w_w_stride)\n                w_val = tl.load(w_ptr + w_offset, mask=channel_mask, other=0.0)\n                        ^\n\n\nThe above exception was the direct cause of the following exception:\n\nTraceback (most recent call last):\n  File "/home/lijiaxing/.conda/envs/api/lib/python3.10/site-packages/triton/language/core.py", line 42, in wrapper\n    return fn(*args, **kwargs)\n  File "/home/lijiaxing/.conda/envs/api/lib/python3.10/site-packages/triton/language/core.py", line 2150, in load\n    return _semantic.load(pointer, mask, other, boundary_check, padding_option, cache_modifier, eviction_policy,\n  File "/home/lijiaxing/.conda/envs/api/lib/python3.10/site-packages/triton/language/semantic.py", line 1086, in load\n    return self._load_legacy(ptr, mask, other, boundary_check, padding, cache, eviction, is_volatile)\n  File "/home/lijiaxing/.conda/envs/api/lib/python3.10/site-packages/triton/language/semantic.py", line 1037, in _load_legacy\n    mask = self.broadcast_impl_shape(mask, ptr.type.get_block_shapes())\n  File "/home/lijiaxing/.conda/envs/api/lib/python3.10/site-packages/triton/language/semantic.py", line 697, in broadcast_impl_shape\n    raise ValueError(f"Cannot broadcast, rank mismatch: {src_shape}, {shape}")\nValueError: Cannot broadcast, rank mismatch: [\'32\'], [\'1\', \'32\']\n', 'runtime_error_name': 'triton.compiler.errors.CompilationError', 'reference_timing_ms': 0.0519, 'speed_up': -1.0, 'custom_timing': -1.0}, 'runtime': -1.0, 'runtime_stats': {}}}
2025-08-08 18:22:32,962 - openevolve.RemoteSpeedupEvaluator - INFO - [level1_71_conv_transposed_2D__asymmetric_input__square_kernel] triton key words check pass
2025-08-08 18:22:32,964 - openevolve.RemoteSpeedupEvaluator - INFO - [level1_71_conv_transposed_2D__asymmetric_input__square_kernel] verify_plus payload: reference_code(2018 chars) + custom_code(7245 chars)
2025-08-08 18:22:35,985 - openevolve.RemoteSpeedupEvaluator - INFO - [level1_71_conv_transposed_2D__asymmetric_input__square_kernel] verify_plus request success
2025-08-08 18:22:35,985 - openevolve.RemoteSpeedupEvaluator - INFO - [level1_71_conv_transposed_2D__asymmetric_input__square_kernel] verify_plus response: {"id":"level1_71_conv_transposed_2D__asymmetric_input__square_kernel","result":{"compiled":true,"correctness":false,"metadata":{"hardware":"NVIDIA L20Y","device":"cuda:6","runtime_error":"Traceback (most recent call last):\n  File \"/home/lijiaxing/.conda/envs/api/lib/python3.10/site-packages/triton/language/core.py\", line 42, in wrapper\n    return fn(*args, **kwargs)\n  File \"/home/lijiaxing/.conda/envs/api/lib/python3.10/site-packages/triton/language/core.py\", line 2150, in load\n    return _semantic.load(pointer, mask, other, boundary_check, padding_option, cache_modifier, eviction_policy,\n  File \"/home/lijiaxing/.conda/envs/api/lib/python3.10/site-packages/triton/language/semantic.py\", line 1086, in load\n    return self._load_legacy(ptr, mask, other, boundary_check, padding, ca
2025-08-08 18:22:35,985 - openevolve.RemoteSpeedupEvaluator - INFO - [level1_71_conv_transposed_2D__asymmetric_input__square_kernel] âœ˜ wrong_answer
2025-08-08 18:22:35,986 - openevolve.evaluator - INFO - Evaluated program f018d939-c580-4872-a6d7-176efaa14ed3 in 3.02s: compiled=1.0000, correctness=0.0000, score=10.0000, stage=wrong_answer, verify_payload={'id': 'level1_71_conv_transposed_2D__asymmetric_input__square_kernel', 'result': {'compiled': True, 'correctness': False, 'metadata': {'hardware': 'NVIDIA L20Y', 'device': 'cuda:6', 'runtime_error': 'Traceback (most recent call last):\n  File "/home/lijiaxing/.conda/envs/api/lib/python3.10/site-packages/triton/language/core.py", line 42, in wrapper\n    return fn(*args, **kwargs)\n  File "/home/lijiaxing/.conda/envs/api/lib/python3.10/site-packages/triton/language/core.py", line 2150, in load\n    return _semantic.load(pointer, mask, other, boundary_check, padding_option, cache_modifier, eviction_policy,\n  File "/home/lijiaxing/.conda/envs/api/lib/python3.10/site-packages/triton/language/semantic.py", line 1086, in load\n    return self._load_legacy(ptr, mask, other, boundary_check, padding, cache, eviction, is_volatile)\n  File "/home/lijiaxing/.conda/envs/api/lib/python3.10/site-packages/triton/language/semantic.py", line 1037, in _load_legacy\n    mask = self.broadcast_impl_shape(mask, ptr.type.get_block_shapes())\n  File "/home/lijiaxing/.conda/envs/api/lib/python3.10/site-packages/triton/language/semantic.py", line 697, in broadcast_impl_shape\n    raise ValueError(f"Cannot broadcast, rank mismatch: {src_shape}, {shape}")\nValueError: Cannot broadcast, rank mismatch: [\'32\'], [\'1\', \'32\']\n\nThe above exception was the direct cause of the following exception:\n\nTraceback (most recent call last):\n  File "/cpfs01/shared/llm_kernel/hujiakai/KernelLLM/validation_api_server/helpers/evaluations.py", line 720, in run_and_check_correctness\n    output_new = model_new(*inputs)\n  File "/home/lijiaxing/.conda/envs/api/lib/python3.10/site-packages/torch/nn/modules/module.py", line 1773, in _wrapped_call_impl\n    return self._call_impl(*args, **kwargs)\n  File "/home/lijiaxing/.conda/envs/api/lib/python3.10/site-packages/torch/nn/modules/module.py", line 1784, in _call_impl\n    return forward_call(*args, **kwargs)\n  File "/tmp/tmprdzsghvh.py", line 160, in forward\n    _conv_transpose2d_kernel[(\n  File "/home/lijiaxing/.conda/envs/api/lib/python3.10/site-packages/triton/runtime/jit.py", line 390, in <lambda>\n    return lambda *args, **kwargs: self.run(grid=grid, warmup=False, *args, **kwargs)\n  File "/home/lijiaxing/.conda/envs/api/lib/python3.10/site-packages/triton/runtime/jit.py", line 594, in run\n    kernel = self.compile(src, target=target, options=options.__dict__)\n  File "/home/lijiaxing/.conda/envs/api/lib/python3.10/site-packages/triton/compiler/compiler.py", line 339, in compile\n    module = src.make_ir(options, codegen_fns, module_map, context)\n  File "/home/lijiaxing/.conda/envs/api/lib/python3.10/site-packages/triton/compiler/compiler.py", line 83, in make_ir\n    return ast_to_ttir(self.fn, self, context=context, options=options, codegen_fns=codegen_fns,\ntriton.compiler.errors.CompilationError: at 70:24:\n                x_offset = (pid_batch * x_batch_stride + \n                           c_in * x_channel_stride + \n                           i_input * x_h_stride + \n                           j_input * x_w_stride)\n                x_val = tl.load(x_ptr + x_offset, mask=valid_mask, other=0.0)\n\n                # Load weights\n                w_offset = (c_in * w_in_channel_stride + \n                           channel_offsets[None, :] * w_out_channel_stride + \n                           di * w_h_stride + \n                           dj * w_w_stride)\n                w_val = tl.load(w_ptr + w_offset, mask=channel_mask, other=0.0)\n                        ^\n\n\nThe above exception was the direct cause of the following exception:\n\nTraceback (most recent call last):\n  File "/home/lijiaxing/.conda/envs/api/lib/python3.10/site-packages/triton/language/core.py", line 42, in wrapper\n    return fn(*args, **kwargs)\n  File "/home/lijiaxing/.conda/envs/api/lib/python3.10/site-packages/triton/language/core.py", line 2150, in load\n    return _semantic.load(pointer, mask, other, boundary_check, padding_option, cache_modifier, eviction_policy,\n  File "/home/lijiaxing/.conda/envs/api/lib/python3.10/site-packages/triton/language/semantic.py", line 1086, in load\n    return self._load_legacy(ptr, mask, other, boundary_check, padding, cache, eviction, is_volatile)\n  File "/home/lijiaxing/.conda/envs/api/lib/python3.10/site-packages/triton/language/semantic.py", line 1037, in _load_legacy\n    mask = self.broadcast_impl_shape(mask, ptr.type.get_block_shapes())\n  File "/home/lijiaxing/.conda/envs/api/lib/python3.10/site-packages/triton/language/semantic.py", line 697, in broadcast_impl_shape\n    raise ValueError(f"Cannot broadcast, rank mismatch: {src_shape}, {shape}")\nValueError: Cannot broadcast, rank mismatch: [\'32\'], [\'1\', \'32\']\n', 'runtime_error_name': 'triton.compiler.errors.CompilationError', 'reference_timing_ms': 0.0519, 'speed_up': -1.0, 'custom_timing': -1.0}, 'runtime': -1.0, 'runtime_stats': {}}}
2025-08-08 18:22:35,989 - openevolve.llm.ensemble - INFO - Sampled model: deepseek
2025-08-08 18:22:36,002 - openevolve.threaded_parallel - INFO - Iteration 5: Program f018d939-c580-4872-a6d7-176efaa14ed3 (parent: e7365993-c54d-4fa6-b1be-6a1ad7908495) completed in 507.00s
2025-08-08 18:22:36,003 - openevolve.threaded_parallel - INFO - Metrics: compiled=1.0000, correctness=0.0000, score=10.0000, stage=wrong_answer, verify_payload={'id': 'level1_71_conv_transposed_2D__asymmetric_input__square_kernel', 'result': {'compiled': True, 'correctness': False, 'metadata': {'hardware': 'NVIDIA L20Y', 'device': 'cuda:6', 'runtime_error': 'Traceback (most recent call last):\n  File "/home/lijiaxing/.conda/envs/api/lib/python3.10/site-packages/triton/language/core.py", line 42, in wrapper\n    return fn(*args, **kwargs)\n  File "/home/lijiaxing/.conda/envs/api/lib/python3.10/site-packages/triton/language/core.py", line 2150, in load\n    return _semantic.load(pointer, mask, other, boundary_check, padding_option, cache_modifier, eviction_policy,\n  File "/home/lijiaxing/.conda/envs/api/lib/python3.10/site-packages/triton/language/semantic.py", line 1086, in load\n    return self._load_legacy(ptr, mask, other, boundary_check, padding, cache, eviction, is_volatile)\n  File "/home/lijiaxing/.conda/envs/api/lib/python3.10/site-packages/triton/language/semantic.py", line 1037, in _load_legacy\n    mask = self.broadcast_impl_shape(mask, ptr.type.get_block_shapes())\n  File "/home/lijiaxing/.conda/envs/api/lib/python3.10/site-packages/triton/language/semantic.py", line 697, in broadcast_impl_shape\n    raise ValueError(f"Cannot broadcast, rank mismatch: {src_shape}, {shape}")\nValueError: Cannot broadcast, rank mismatch: [\'32\'], [\'1\', \'32\']\n\nThe above exception was the direct cause of the following exception:\n\nTraceback (most recent call last):\n  File "/cpfs01/shared/llm_kernel/hujiakai/KernelLLM/validation_api_server/helpers/evaluations.py", line 720, in run_and_check_correctness\n    output_new = model_new(*inputs)\n  File "/home/lijiaxing/.conda/envs/api/lib/python3.10/site-packages/torch/nn/modules/module.py", line 1773, in _wrapped_call_impl\n    return self._call_impl(*args, **kwargs)\n  File "/home/lijiaxing/.conda/envs/api/lib/python3.10/site-packages/torch/nn/modules/module.py", line 1784, in _call_impl\n    return forward_call(*args, **kwargs)\n  File "/tmp/tmprdzsghvh.py", line 160, in forward\n    _conv_transpose2d_kernel[(\n  File "/home/lijiaxing/.conda/envs/api/lib/python3.10/site-packages/triton/runtime/jit.py", line 390, in <lambda>\n    return lambda *args, **kwargs: self.run(grid=grid, warmup=False, *args, **kwargs)\n  File "/home/lijiaxing/.conda/envs/api/lib/python3.10/site-packages/triton/runtime/jit.py", line 594, in run\n    kernel = self.compile(src, target=target, options=options.__dict__)\n  File "/home/lijiaxing/.conda/envs/api/lib/python3.10/site-packages/triton/compiler/compiler.py", line 339, in compile\n    module = src.make_ir(options, codegen_fns, module_map, context)\n  File "/home/lijiaxing/.conda/envs/api/lib/python3.10/site-packages/triton/compiler/compiler.py", line 83, in make_ir\n    return ast_to_ttir(self.fn, self, context=context, options=options, codegen_fns=codegen_fns,\ntriton.compiler.errors.CompilationError: at 70:24:\n                x_offset = (pid_batch * x_batch_stride + \n                           c_in * x_channel_stride + \n                           i_input * x_h_stride + \n                           j_input * x_w_stride)\n                x_val = tl.load(x_ptr + x_offset, mask=valid_mask, other=0.0)\n\n                # Load weights\n                w_offset = (c_in * w_in_channel_stride + \n                           channel_offsets[None, :] * w_out_channel_stride + \n                           di * w_h_stride + \n                           dj * w_w_stride)\n                w_val = tl.load(w_ptr + w_offset, mask=channel_mask, other=0.0)\n                        ^\n\n\nThe above exception was the direct cause of the following exception:\n\nTraceback (most recent call last):\n  File "/home/lijiaxing/.conda/envs/api/lib/python3.10/site-packages/triton/language/core.py", line 42, in wrapper\n    return fn(*args, **kwargs)\n  File "/home/lijiaxing/.conda/envs/api/lib/python3.10/site-packages/triton/language/core.py", line 2150, in load\n    return _semantic.load(pointer, mask, other, boundary_check, padding_option, cache_modifier, eviction_policy,\n  File "/home/lijiaxing/.conda/envs/api/lib/python3.10/site-packages/triton/language/semantic.py", line 1086, in load\n    return self._load_legacy(ptr, mask, other, boundary_check, padding, cache, eviction, is_volatile)\n  File "/home/lijiaxing/.conda/envs/api/lib/python3.10/site-packages/triton/language/semantic.py", line 1037, in _load_legacy\n    mask = self.broadcast_impl_shape(mask, ptr.type.get_block_shapes())\n  File "/home/lijiaxing/.conda/envs/api/lib/python3.10/site-packages/triton/language/semantic.py", line 697, in broadcast_impl_shape\n    raise ValueError(f"Cannot broadcast, rank mismatch: {src_shape}, {shape}")\nValueError: Cannot broadcast, rank mismatch: [\'32\'], [\'1\', \'32\']\n', 'runtime_error_name': 'triton.compiler.errors.CompilationError', 'reference_timing_ms': 0.0519, 'speed_up': -1.0, 'custom_timing': -1.0}, 'runtime': -1.0, 'runtime_stats': {}}}
2025-08-08 18:28:47,963 - openevolve.RemoteSpeedupEvaluator - INFO - [level1_71_conv_transposed_2D__asymmetric_input__square_kernel] triton key words check pass
2025-08-08 18:28:47,965 - openevolve.RemoteSpeedupEvaluator - INFO - [level1_71_conv_transposed_2D__asymmetric_input__square_kernel] verify_plus payload: reference_code(2018 chars) + custom_code(5463 chars)
2025-08-08 18:28:51,348 - openevolve.RemoteSpeedupEvaluator - INFO - [level1_71_conv_transposed_2D__asymmetric_input__square_kernel] verify_plus request success
2025-08-08 18:28:51,348 - openevolve.RemoteSpeedupEvaluator - INFO - [level1_71_conv_transposed_2D__asymmetric_input__square_kernel] verify_plus response: {"id":"level1_71_conv_transposed_2D__asymmetric_input__square_kernel","result":{"compiled":true,"correctness":false,"metadata":{"hardware":"NVIDIA L20Y","device":"cuda:3","runtime_error":"Traceback (most recent call last):\n  File \"/home/lijiaxing/.conda/envs/api/lib/python3.10/site-packages/triton/language/core.py\", line 42, in wrapper\n    return fn(*args, **kwargs)\n  File \"/home/lijiaxing/.conda/envs/api/lib/python3.10/site-packages/triton/language/core.py\", line 2656, in _promote_bfloat16_to_float32\n    scalar_ty = t.type.scalar\nAttributeError: 'constexpr_type' object has no attribute 'scalar'\n\nThe above exception was the direct cause of the following exception:\n\ntriton.compiler.errors.CompilationError: at 2:12:\ndef max(input, axis=None, return_indices=False, return_indices
2025-08-08 18:28:51,348 - openevolve.RemoteSpeedupEvaluator - INFO - [level1_71_conv_transposed_2D__asymmetric_input__square_kernel] âœ˜ wrong_answer
2025-08-08 18:28:51,349 - openevolve.evaluator - INFO - Evaluated program 6be8c454-d47f-4bba-b094-5cfd76d25da7 in 3.39s: compiled=1.0000, correctness=0.0000, score=10.0000, stage=wrong_answer, verify_payload={'id': 'level1_71_conv_transposed_2D__asymmetric_input__square_kernel', 'result': {'compiled': True, 'correctness': False, 'metadata': {'hardware': 'NVIDIA L20Y', 'device': 'cuda:3', 'runtime_error': 'Traceback (most recent call last):\n  File "/home/lijiaxing/.conda/envs/api/lib/python3.10/site-packages/triton/language/core.py", line 42, in wrapper\n    return fn(*args, **kwargs)\n  File "/home/lijiaxing/.conda/envs/api/lib/python3.10/site-packages/triton/language/core.py", line 2656, in _promote_bfloat16_to_float32\n    scalar_ty = t.type.scalar\nAttributeError: \'constexpr_type\' object has no attribute \'scalar\'\n\nThe above exception was the direct cause of the following exception:\n\ntriton.compiler.errors.CompilationError: at 2:12:\ndef max(input, axis=None, return_indices=False, return_indices_tie_break_left=True, keep_dims=False):\n    input = core._promote_bfloat16_to_float32(input)\n            ^\n\nThe above exception was the direct cause of the following exception:\n\nTraceback (most recent call last):\n  File "/cpfs01/shared/llm_kernel/hujiakai/KernelLLM/validation_api_server/helpers/evaluations.py", line 720, in run_and_check_correctness\n    output_new = model_new(*inputs)\n  File "/home/lijiaxing/.conda/envs/api/lib/python3.10/site-packages/torch/nn/modules/module.py", line 1773, in _wrapped_call_impl\n    return self._call_impl(*args, **kwargs)\n  File "/home/lijiaxing/.conda/envs/api/lib/python3.10/site-packages/torch/nn/modules/module.py", line 1784, in _call_impl\n    return forward_call(*args, **kwargs)\n  File "/tmp/tmp17z9f5lq.py", line 117, in forward\n    conv_transpose2d_kernel[grid](\n  File "/home/lijiaxing/.conda/envs/api/lib/python3.10/site-packages/triton/runtime/jit.py", line 390, in <lambda>\n    return lambda *args, **kwargs: self.run(grid=grid, warmup=False, *args, **kwargs)\n  File "/home/lijiaxing/.conda/envs/api/lib/python3.10/site-packages/triton/runtime/jit.py", line 594, in run\n    kernel = self.compile(src, target=target, options=options.__dict__)\n  File "/home/lijiaxing/.conda/envs/api/lib/python3.10/site-packages/triton/compiler/compiler.py", line 339, in compile\n    module = src.make_ir(options, codegen_fns, module_map, context)\n  File "/home/lijiaxing/.conda/envs/api/lib/python3.10/site-packages/triton/compiler/compiler.py", line 83, in make_ir\n    return ast_to_ttir(self.fn, self, context=context, options=options, codegen_fns=codegen_fns,\ntriton.compiler.errors.CompilationError: at 23:15:\n    pid_w = pid % output_w\n    pid_b = tl.program_id(1)\n    pid_c = tl.program_id(2)\n\n    group_size = output_c // groups\n    group_id = pid_c // group_size\n    in_group_c = input_c // groups\n\n    # Calculate input start position\n    i_start = pid_h + padding\n    j_start = pid_w + padding\n    di_start = tl.max(0, (i_start - (input_h - 1) * stride + stride - 1) // stride)\n               ^\n\n\nThe above exception was the direct cause of the following exception:\n\nTraceback (most recent call last):\n  File "/home/lijiaxing/.conda/envs/api/lib/python3.10/site-packages/triton/language/core.py", line 42, in wrapper\n    return fn(*args, **kwargs)\n  File "/home/lijiaxing/.conda/envs/api/lib/python3.10/site-packages/triton/language/core.py", line 2656, in _promote_bfloat16_to_float32\n    scalar_ty = t.type.scalar\nAttributeError: \'constexpr_type\' object has no attribute \'scalar\'\n\nThe above exception was the direct cause of the following exception:\n\ntriton.compiler.errors.CompilationError: at 2:12:\ndef max(input, axis=None, return_indices=False, return_indices_tie_break_left=True, keep_dims=False):\n    input = core._promote_bfloat16_to_float32(input)\n            ^\n\n\nThe above exception was the direct cause of the following exception:\n\nTraceback (most recent call last):\n  File "/home/lijiaxing/.conda/envs/api/lib/python3.10/site-packages/triton/language/core.py", line 42, in wrapper\n    return fn(*args, **kwargs)\n  File "/home/lijiaxing/.conda/envs/api/lib/python3.10/site-packages/triton/language/core.py", line 2656, in _promote_bfloat16_to_float32\n    scalar_ty = t.type.scalar\nAttributeError: \'constexpr_type\' object has no attribute \'scalar\'\n', 'runtime_error_name': 'triton.compiler.errors.CompilationError', 'reference_timing_ms': 0.0519, 'speed_up': -1.0, 'custom_timing': -1.0}, 'runtime': -1.0, 'runtime_stats': {}}}
2025-08-08 18:28:51,352 - openevolve.llm.ensemble - INFO - Sampled model: deepseek
2025-08-08 18:28:51,354 - openevolve.database - INFO - New MAP-Elites cell occupied: {'score': 9, 'complexity': 7}
2025-08-08 18:28:51,379 - openevolve.threaded_parallel - INFO - Iteration 3: Program 6be8c454-d47f-4bba-b094-5cfd76d25da7 (parent: 1b5225b0-76da-4140-84c9-f6da46064976) completed in 1050.46s
2025-08-08 18:28:51,379 - openevolve.threaded_parallel - INFO - Metrics: compiled=1.0000, correctness=0.0000, score=10.0000, stage=wrong_answer, verify_payload={'id': 'level1_71_conv_transposed_2D__asymmetric_input__square_kernel', 'result': {'compiled': True, 'correctness': False, 'metadata': {'hardware': 'NVIDIA L20Y', 'device': 'cuda:3', 'runtime_error': 'Traceback (most recent call last):\n  File "/home/lijiaxing/.conda/envs/api/lib/python3.10/site-packages/triton/language/core.py", line 42, in wrapper\n    return fn(*args, **kwargs)\n  File "/home/lijiaxing/.conda/envs/api/lib/python3.10/site-packages/triton/language/core.py", line 2656, in _promote_bfloat16_to_float32\n    scalar_ty = t.type.scalar\nAttributeError: \'constexpr_type\' object has no attribute \'scalar\'\n\nThe above exception was the direct cause of the following exception:\n\ntriton.compiler.errors.CompilationError: at 2:12:\ndef max(input, axis=None, return_indices=False, return_indices_tie_break_left=True, keep_dims=False):\n    input = core._promote_bfloat16_to_float32(input)\n            ^\n\nThe above exception was the direct cause of the following exception:\n\nTraceback (most recent call last):\n  File "/cpfs01/shared/llm_kernel/hujiakai/KernelLLM/validation_api_server/helpers/evaluations.py", line 720, in run_and_check_correctness\n    output_new = model_new(*inputs)\n  File "/home/lijiaxing/.conda/envs/api/lib/python3.10/site-packages/torch/nn/modules/module.py", line 1773, in _wrapped_call_impl\n    return self._call_impl(*args, **kwargs)\n  File "/home/lijiaxing/.conda/envs/api/lib/python3.10/site-packages/torch/nn/modules/module.py", line 1784, in _call_impl\n    return forward_call(*args, **kwargs)\n  File "/tmp/tmp17z9f5lq.py", line 117, in forward\n    conv_transpose2d_kernel[grid](\n  File "/home/lijiaxing/.conda/envs/api/lib/python3.10/site-packages/triton/runtime/jit.py", line 390, in <lambda>\n    return lambda *args, **kwargs: self.run(grid=grid, warmup=False, *args, **kwargs)\n  File "/home/lijiaxing/.conda/envs/api/lib/python3.10/site-packages/triton/runtime/jit.py", line 594, in run\n    kernel = self.compile(src, target=target, options=options.__dict__)\n  File "/home/lijiaxing/.conda/envs/api/lib/python3.10/site-packages/triton/compiler/compiler.py", line 339, in compile\n    module = src.make_ir(options, codegen_fns, module_map, context)\n  File "/home/lijiaxing/.conda/envs/api/lib/python3.10/site-packages/triton/compiler/compiler.py", line 83, in make_ir\n    return ast_to_ttir(self.fn, self, context=context, options=options, codegen_fns=codegen_fns,\ntriton.compiler.errors.CompilationError: at 23:15:\n    pid_w = pid % output_w\n    pid_b = tl.program_id(1)\n    pid_c = tl.program_id(2)\n\n    group_size = output_c // groups\n    group_id = pid_c // group_size\n    in_group_c = input_c // groups\n\n    # Calculate input start position\n    i_start = pid_h + padding\n    j_start = pid_w + padding\n    di_start = tl.max(0, (i_start - (input_h - 1) * stride + stride - 1) // stride)\n               ^\n\n\nThe above exception was the direct cause of the following exception:\n\nTraceback (most recent call last):\n  File "/home/lijiaxing/.conda/envs/api/lib/python3.10/site-packages/triton/language/core.py", line 42, in wrapper\n    return fn(*args, **kwargs)\n  File "/home/lijiaxing/.conda/envs/api/lib/python3.10/site-packages/triton/language/core.py", line 2656, in _promote_bfloat16_to_float32\n    scalar_ty = t.type.scalar\nAttributeError: \'constexpr_type\' object has no attribute \'scalar\'\n\nThe above exception was the direct cause of the following exception:\n\ntriton.compiler.errors.CompilationError: at 2:12:\ndef max(input, axis=None, return_indices=False, return_indices_tie_break_left=True, keep_dims=False):\n    input = core._promote_bfloat16_to_float32(input)\n            ^\n\n\nThe above exception was the direct cause of the following exception:\n\nTraceback (most recent call last):\n  File "/home/lijiaxing/.conda/envs/api/lib/python3.10/site-packages/triton/language/core.py", line 42, in wrapper\n    return fn(*args, **kwargs)\n  File "/home/lijiaxing/.conda/envs/api/lib/python3.10/site-packages/triton/language/core.py", line 2656, in _promote_bfloat16_to_float32\n    scalar_ty = t.type.scalar\nAttributeError: \'constexpr_type\' object has no attribute \'scalar\'\n', 'runtime_error_name': 'triton.compiler.errors.CompilationError', 'reference_timing_ms': 0.0519, 'speed_up': -1.0, 'custom_timing': -1.0}, 'runtime': -1.0, 'runtime_stats': {}}}
2025-08-08 18:28:51,379 - openevolve.threaded_parallel - INFO - Checkpoint interval reached at iteration 3
2025-08-08 18:28:51,380 - openevolve.database - INFO - Island Status:
2025-08-08 18:28:51,380 - openevolve.database - INFO -    Island 0: 4 programs, best=10.0000, avg=-20.0000, diversity=1614.43, gen=2 (best: e7365993-c54d-4fa6-b1be-6a1ad7908495)
2025-08-08 18:28:51,380 - openevolve.database - INFO -    Island 1: 2 programs, best=10.0000, avg=10.0000, diversity=305.40, gen=2 (best: 85525613-f732-4348-b54c-87294a8e0c1b)
2025-08-08 18:28:51,380 - openevolve.database - INFO -  * Island 2: 1 programs, best=10.0000, avg=10.0000, diversity=0.00, gen=2 (best: 03e26f35-ead4-43da-bf5d-72652aa71a19)
2025-08-08 18:28:51,510 - openevolve.database - INFO - Saved database with 7 programs to openevolve_output/level1_71_conv_transposed_2D__asymmetric_input__square_kernel/checkpoints/checkpoint_3
2025-08-08 18:28:51,532 - openevolve.controller - INFO - Saved best program at checkpoint 3 with metrics: compiled=1.0000, correctness=0.0000, score=10.0000, stage=wrong_answer, verify_payload={'id': 'level1_71_conv_transposed_2D__asymmetric_input__square_kernel', 'result': {'compiled': True, 'correctness': False, 'metadata': {'hardware': 'NVIDIA L20Y', 'device': 'cuda:7', 'runtime_error': 'Traceback (most recent call last):\n  File "/home/lijiaxing/.conda/envs/api/lib/python3.10/site-packages/triton/language/core.py", line 42, in wrapper\n    return fn(*args, **kwargs)\n  File "/home/lijiaxing/.conda/envs/api/lib/python3.10/site-packages/triton/language/core.py", line 1630, in program_id\n    return _semantic.program_id(axis)\n  File "/home/lijiaxing/.conda/envs/api/lib/python3.10/site-packages/triton/language/semantic.py", line 40, in program_id\n    raise ValueError(f"program_id axis must be 0, 1, or 2 but got {axis}")\nValueError: program_id axis must be 0, 1, or 2 but got 3\n\nThe above exception was the direct cause of the following exception:\n\nTraceback (most recent call last):\n  File "/cpfs01/shared/llm_kernel/hujiakai/KernelLLM/validation_api_server/helpers/evaluations.py", line 720, in run_and_check_correctness\n    output_new = model_new(*inputs)\n  File "/home/lijiaxing/.conda/envs/api/lib/python3.10/site-packages/torch/nn/modules/module.py", line 1773, in _wrapped_call_impl\n    return self._call_impl(*args, **kwargs)\n  File "/home/lijiaxing/.conda/envs/api/lib/python3.10/site-packages/torch/nn/modules/module.py", line 1784, in _call_impl\n    return forward_call(*args, **kwargs)\n  File "/tmp/tmp8yszs3sv.py", line 155, in forward\n    _conv_transpose2d_kernel[(\n  File "/home/lijiaxing/.conda/envs/api/lib/python3.10/site-packages/triton/runtime/jit.py", line 390, in <lambda>\n    return lambda *args, **kwargs: self.run(grid=grid, warmup=False, *args, **kwargs)\n  File "/home/lijiaxing/.conda/envs/api/lib/python3.10/site-packages/triton/runtime/jit.py", line 594, in run\n    kernel = self.compile(src, target=target, options=options.__dict__)\n  File "/home/lijiaxing/.conda/envs/api/lib/python3.10/site-packages/triton/compiler/compiler.py", line 339, in compile\n    module = src.make_ir(options, codegen_fns, module_map, context)\n  File "/home/lijiaxing/.conda/envs/api/lib/python3.10/site-packages/triton/compiler/compiler.py", line 83, in make_ir\n    return ast_to_ttir(self.fn, self, context=context, options=options, codegen_fns=codegen_fns,\ntriton.compiler.errors.CompilationError: at 24:12:\n    out_h, out_w,\n    x_batch_stride, x_channel_stride, x_h_stride, x_w_stride,\n    w_in_channel_stride, w_out_channel_stride, w_h_stride, w_w_stride,\n    output_batch_stride, output_channel_stride, output_h_stride, output_w_stride,\n    BLOCK_SIZE_H: tl.constexpr,\n    BLOCK_SIZE_W: tl.constexpr,\n    BLOCK_SIZE_C: tl.constexpr,\n):\n    pid_batch = tl.program_id(0)\n    pid_channel = tl.program_id(1)\n    pid_h = tl.program_id(2)\n    pid_w = tl.program_id(3)\n            ^\n\n\nThe above exception was the direct cause of the following exception:\n\nTraceback (most recent call last):\n  File "/home/lijiaxing/.conda/envs/api/lib/python3.10/site-packages/triton/language/core.py", line 42, in wrapper\n    return fn(*args, **kwargs)\n  File "/home/lijiaxing/.conda/envs/api/lib/python3.10/site-packages/triton/language/core.py", line 1630, in program_id\n    return _semantic.program_id(axis)\n  File "/home/lijiaxing/.conda/envs/api/lib/python3.10/site-packages/triton/language/semantic.py", line 40, in program_id\n    raise ValueError(f"program_id axis must be 0, 1, or 2 but got {axis}")\nValueError: program_id axis must be 0, 1, or 2 but got 3\n', 'runtime_error_name': 'triton.compiler.errors.CompilationError', 'reference_timing_ms': 0.0519, 'speed_up': -1.0, 'custom_timing': -1.0}, 'runtime': -1.0, 'runtime_stats': {}}}
2025-08-08 18:28:51,532 - openevolve.controller - INFO - Saved checkpoint at iteration 3 to openevolve_output/level1_71_conv_transposed_2D__asymmetric_input__square_kernel/checkpoints/checkpoint_3
2025-08-08 18:41:22,308 - openevolve.RemoteSpeedupEvaluator - INFO - [level1_71_conv_transposed_2D__asymmetric_input__square_kernel] triton key words check pass
2025-08-08 18:41:22,310 - openevolve.RemoteSpeedupEvaluator - INFO - [level1_71_conv_transposed_2D__asymmetric_input__square_kernel] verify_plus payload: reference_code(2018 chars) + custom_code(8322 chars)
2025-08-08 18:41:25,609 - openevolve.RemoteSpeedupEvaluator - INFO - [level1_71_conv_transposed_2D__asymmetric_input__square_kernel] verify_plus request success
2025-08-08 18:41:25,609 - openevolve.RemoteSpeedupEvaluator - INFO - [level1_71_conv_transposed_2D__asymmetric_input__square_kernel] verify_plus response: {"id":"level1_71_conv_transposed_2D__asymmetric_input__square_kernel","result":{"compiled":true,"correctness":false,"metadata":{"hardware":"NVIDIA L20Y","device":"cuda:1","runtime_error":"Traceback (most recent call last):\n  File \"/cpfs01/shared/llm_kernel/hujiakai/KernelLLM/validation_api_server/helpers/evaluations.py\", line 720, in run_and_check_correctness\n    output_new = model_new(*inputs)\n  File \"/home/lijiaxing/.conda/envs/api/lib/python3.10/site-packages/torch/nn/modules/module.py\", line 1773, in _wrapped_call_impl\n    return self._call_impl(*args, **kwargs)\n  File \"/home/lijiaxing/.conda/envs/api/lib/python3.10/site-packages/torch/nn/modules/module.py\", line 1784, in _call_impl\n    return forward_call(*args, **kwargs)\n  File \"/tmp/tmp_5cvcu76.py\", line 186, in forwa
2025-08-08 18:41:25,609 - openevolve.RemoteSpeedupEvaluator - INFO - [level1_71_conv_transposed_2D__asymmetric_input__square_kernel] âœ˜ wrong_answer
2025-08-08 18:41:25,610 - openevolve.evaluator - INFO - Evaluated program 8b48f922-9c94-4754-a5cc-c3722a879e34 in 3.30s: compiled=1.0000, correctness=0.0000, score=10.0000, stage=wrong_answer, verify_payload={'id': 'level1_71_conv_transposed_2D__asymmetric_input__square_kernel', 'result': {'compiled': True, 'correctness': False, 'metadata': {'hardware': 'NVIDIA L20Y', 'device': 'cuda:1', 'runtime_error': 'Traceback (most recent call last):\n  File "/cpfs01/shared/llm_kernel/hujiakai/KernelLLM/validation_api_server/helpers/evaluations.py", line 720, in run_and_check_correctness\n    output_new = model_new(*inputs)\n  File "/home/lijiaxing/.conda/envs/api/lib/python3.10/site-packages/torch/nn/modules/module.py", line 1773, in _wrapped_call_impl\n    return self._call_impl(*args, **kwargs)\n  File "/home/lijiaxing/.conda/envs/api/lib/python3.10/site-packages/torch/nn/modules/module.py", line 1784, in _call_impl\n    return forward_call(*args, **kwargs)\n  File "/tmp/tmp_5cvcu76.py", line 186, in forward\n    _conv_transpose2d_kernel[(\n  File "/home/lijiaxing/.conda/envs/api/lib/python3.10/site-packages/triton/runtime/jit.py", line 390, in <lambda>\n    return lambda *args, **kwargs: self.run(grid=grid, warmup=False, *args, **kwargs)\n  File "/home/lijiaxing/.conda/envs/api/lib/python3.10/site-packages/triton/runtime/jit.py", line 594, in run\n    kernel = self.compile(src, target=target, options=options.__dict__)\n  File "/home/lijiaxing/.conda/envs/api/lib/python3.10/site-packages/triton/compiler/compiler.py", line 339, in compile\n    module = src.make_ir(options, codegen_fns, module_map, context)\n  File "/home/lijiaxing/.conda/envs/api/lib/python3.10/site-packages/triton/compiler/compiler.py", line 83, in make_ir\n    return ast_to_ttir(self.fn, self, context=context, options=options, codegen_fns=codegen_fns,\ntriton.compiler.errors.CompilationError: at 70:12:\n            i_input = (h_offsets[:, None, None] - di + padding_h) // stride_h\n            j_input = (w_offsets[None, :, None] - dj + padding_w) // stride_w\n\n            # Check bounds and divisibility\n            valid_i = (h_offsets[:, None, None] - di + padding_h) % stride_h == 0\n            valid_j = (w_offsets[None, :, None] - dj + padding_w) % stride_w == 0\n            i_in_bounds = (i_input >= 0) & (i_input < in_h)\n            j_in_bounds = (j_input >= 0) & (j_input < in_w)\n            valid_mask = valid_i & valid_j & i_in_bounds & j_in_bounds\n\n            # Process input channels in group\n            for c_in in range(c_in_start, c_in_end):\n            ^\nAssertionError("Loop-carried variable acc has initial type <[\'16\', \'16\', \'32\'], fp32> but is re-assigned to <[\'16\', \'16\', \'16\', \'32\'], fp32> in loop! Please make sure that the type stays consistent.")\n\n\nThe above exception was the direct cause of the following exception:\n\nAssertionError: Loop-carried variable acc has initial type <[\'16\', \'16\', \'32\'], fp32> but is re-assigned to <[\'16\', \'16\', \'16\', \'32\'], fp32> in loop! Please make sure that the type stays consistent.\n', 'runtime_error_name': 'triton.compiler.errors.CompilationError', 'reference_timing_ms': 0.0519, 'speed_up': -1.0, 'custom_timing': -1.0}, 'runtime': -1.0, 'runtime_stats': {}}}
2025-08-08 18:41:25,613 - openevolve.llm.ensemble - INFO - Sampled model: deepseek
2025-08-08 18:41:25,627 - openevolve.threaded_parallel - INFO - Iteration 7: Program 8b48f922-9c94-4754-a5cc-c3722a879e34 (parent: 1b5225b0-76da-4140-84c9-f6da46064976) completed in 1129.62s
2025-08-08 18:41:25,628 - openevolve.threaded_parallel - INFO - Metrics: compiled=1.0000, correctness=0.0000, score=10.0000, stage=wrong_answer, verify_payload={'id': 'level1_71_conv_transposed_2D__asymmetric_input__square_kernel', 'result': {'compiled': True, 'correctness': False, 'metadata': {'hardware': 'NVIDIA L20Y', 'device': 'cuda:1', 'runtime_error': 'Traceback (most recent call last):\n  File "/cpfs01/shared/llm_kernel/hujiakai/KernelLLM/validation_api_server/helpers/evaluations.py", line 720, in run_and_check_correctness\n    output_new = model_new(*inputs)\n  File "/home/lijiaxing/.conda/envs/api/lib/python3.10/site-packages/torch/nn/modules/module.py", line 1773, in _wrapped_call_impl\n    return self._call_impl(*args, **kwargs)\n  File "/home/lijiaxing/.conda/envs/api/lib/python3.10/site-packages/torch/nn/modules/module.py", line 1784, in _call_impl\n    return forward_call(*args, **kwargs)\n  File "/tmp/tmp_5cvcu76.py", line 186, in forward\n    _conv_transpose2d_kernel[(\n  File "/home/lijiaxing/.conda/envs/api/lib/python3.10/site-packages/triton/runtime/jit.py", line 390, in <lambda>\n    return lambda *args, **kwargs: self.run(grid=grid, warmup=False, *args, **kwargs)\n  File "/home/lijiaxing/.conda/envs/api/lib/python3.10/site-packages/triton/runtime/jit.py", line 594, in run\n    kernel = self.compile(src, target=target, options=options.__dict__)\n  File "/home/lijiaxing/.conda/envs/api/lib/python3.10/site-packages/triton/compiler/compiler.py", line 339, in compile\n    module = src.make_ir(options, codegen_fns, module_map, context)\n  File "/home/lijiaxing/.conda/envs/api/lib/python3.10/site-packages/triton/compiler/compiler.py", line 83, in make_ir\n    return ast_to_ttir(self.fn, self, context=context, options=options, codegen_fns=codegen_fns,\ntriton.compiler.errors.CompilationError: at 70:12:\n            i_input = (h_offsets[:, None, None] - di + padding_h) // stride_h\n            j_input = (w_offsets[None, :, None] - dj + padding_w) // stride_w\n\n            # Check bounds and divisibility\n            valid_i = (h_offsets[:, None, None] - di + padding_h) % stride_h == 0\n            valid_j = (w_offsets[None, :, None] - dj + padding_w) % stride_w == 0\n            i_in_bounds = (i_input >= 0) & (i_input < in_h)\n            j_in_bounds = (j_input >= 0) & (j_input < in_w)\n            valid_mask = valid_i & valid_j & i_in_bounds & j_in_bounds\n\n            # Process input channels in group\n            for c_in in range(c_in_start, c_in_end):\n            ^\nAssertionError("Loop-carried variable acc has initial type <[\'16\', \'16\', \'32\'], fp32> but is re-assigned to <[\'16\', \'16\', \'16\', \'32\'], fp32> in loop! Please make sure that the type stays consistent.")\n\n\nThe above exception was the direct cause of the following exception:\n\nAssertionError: Loop-carried variable acc has initial type <[\'16\', \'16\', \'32\'], fp32> but is re-assigned to <[\'16\', \'16\', \'16\', \'32\'], fp32> in loop! Please make sure that the type stays consistent.\n', 'runtime_error_name': 'triton.compiler.errors.CompilationError', 'reference_timing_ms': 0.0519, 'speed_up': -1.0, 'custom_timing': -1.0}, 'runtime': -1.0, 'runtime_stats': {}}}
2025-08-08 18:43:48,824 - openevolve.RemoteSpeedupEvaluator - INFO - [level1_71_conv_transposed_2D__asymmetric_input__square_kernel] triton key words check pass
2025-08-08 18:43:48,826 - openevolve.RemoteSpeedupEvaluator - INFO - [level1_71_conv_transposed_2D__asymmetric_input__square_kernel] verify_plus payload: reference_code(2018 chars) + custom_code(6862 chars)
2025-08-08 18:43:53,436 - openevolve.RemoteSpeedupEvaluator - INFO - [level1_71_conv_transposed_2D__asymmetric_input__square_kernel] verify_plus request success
2025-08-08 18:43:53,436 - openevolve.RemoteSpeedupEvaluator - INFO - [level1_71_conv_transposed_2D__asymmetric_input__square_kernel] verify_plus response: {"id":"level1_71_conv_transposed_2D__asymmetric_input__square_kernel","result":{"compiled":true,"correctness":true,"metadata":{"hardware":"NVIDIA L20Y","device":"cuda:0","correctness_trials":"(5 / 5)","reference_timing_ms":0.0519,"speed_up":0.008,"custom_timing":6.21},"runtime":6.21,"runtime_stats":{"mean":6.21,"std":0.00745,"min":6.2,"max":6.23,"num_trials":100,"hardware":"NVIDIA L20Y","device":"cuda:0"}}}
2025-08-08 18:43:53,436 - openevolve.RemoteSpeedupEvaluator - INFO - [level1_71_conv_transposed_2D__asymmetric_input__square_kernel] âœ” success | speed_up=0.008  score=20.00
2025-08-08 18:43:53,437 - openevolve.evaluator - INFO - Evaluated program 4d7308c1-e762-4a96-b49a-20e1fd612d7e in 4.61s: compiled=1.0000, correctness=1.0000, stage=success, passed=0.0000, score=20.0000, speed_up=0.0080, runtime_ms=6.2100, meta={'hardware': 'NVIDIA L20Y', 'device': 'cuda:0', 'correctness_trials': '(5 / 5)', 'reference_timing_ms': 0.0519, 'speed_up': 0.008, 'custom_timing': 6.21}
2025-08-08 18:43:53,442 - openevolve.llm.ensemble - INFO - Sampled model: deepseek
2025-08-08 18:43:53,444 - openevolve.database - INFO - MAP-Elites cell improved: {'score': 9, 'complexity': 8} (fitness: 10.000 -> 20.000)
2025-08-08 18:43:53,444 - openevolve.database - INFO - New best program 4d7308c1-e762-4a96-b49a-20e1fd612d7e replaces e7365993-c54d-4fa6-b1be-6a1ad7908495
2025-08-08 18:43:53,457 - openevolve.threaded_parallel - INFO - Iteration 6: Program 4d7308c1-e762-4a96-b49a-20e1fd612d7e (parent: 44e6abe8-7ae9-411e-851f-9de45b2b13c6) completed in 1397.77s
2025-08-08 18:43:53,457 - openevolve.threaded_parallel - INFO - Metrics: compiled=1.0000, correctness=1.0000, stage=success, passed=0.0000, score=20.0000, speed_up=0.0080, runtime_ms=6.2100, meta={'hardware': 'NVIDIA L20Y', 'device': 'cuda:0', 'correctness_trials': '(5 / 5)', 'reference_timing_ms': 0.0519, 'speed_up': 0.008, 'custom_timing': 6.21}
2025-08-08 18:43:53,457 - openevolve.threaded_parallel - INFO - ðŸŒŸ New best solution found at iteration 6: 4d7308c1-e762-4a96-b49a-20e1fd612d7e
2025-08-08 18:43:53,457 - openevolve.threaded_parallel - INFO - Checkpoint interval reached at iteration 6
2025-08-08 18:43:53,458 - openevolve.database - INFO - Island Status:
2025-08-08 18:43:53,458 - openevolve.database - INFO -    Island 0: 5 programs, best=20.0000, avg=-12.0000, diversity=1902.45, gen=3 (best: 4d7308c1-e762-4a96-b49a-20e1fd612d7e)
2025-08-08 18:43:53,458 - openevolve.database - INFO -  * Island 1: 2 programs, best=10.0000, avg=10.0000, diversity=305.40, gen=3 (best: 85525613-f732-4348-b54c-87294a8e0c1b)
2025-08-08 18:43:53,458 - openevolve.database - INFO -    Island 2: 2 programs, best=10.0000, avg=10.0000, diversity=352.50, gen=2 (best: 03e26f35-ead4-43da-bf5d-72652aa71a19)
2025-08-08 18:43:53,609 - openevolve.database - INFO - Saved database with 9 programs to openevolve_output/level1_71_conv_transposed_2D__asymmetric_input__square_kernel/checkpoints/checkpoint_6
2025-08-08 18:43:53,626 - openevolve.controller - INFO - Saved best program at checkpoint 6 with metrics: compiled=1.0000, correctness=1.0000, stage=success, passed=0.0000, score=20.0000, speed_up=0.0080, runtime_ms=6.2100, meta={'hardware': 'NVIDIA L20Y', 'device': 'cuda:0', 'correctness_trials': '(5 / 5)', 'reference_timing_ms': 0.0519, 'speed_up': 0.008, 'custom_timing': 6.21}
2025-08-08 18:43:53,626 - openevolve.controller - INFO - Saved checkpoint at iteration 6 to openevolve_output/level1_71_conv_transposed_2D__asymmetric_input__square_kernel/checkpoints/checkpoint_6
2025-08-08 18:47:12,829 - openevolve.RemoteSpeedupEvaluator - INFO - [level1_71_conv_transposed_2D__asymmetric_input__square_kernel] triton key words check pass
2025-08-08 18:47:12,830 - openevolve.RemoteSpeedupEvaluator - INFO - [level1_71_conv_transposed_2D__asymmetric_input__square_kernel] verify_plus payload: reference_code(2018 chars) + custom_code(6216 chars)
2025-08-08 18:47:19,666 - openevolve.RemoteSpeedupEvaluator - INFO - [level1_71_conv_transposed_2D__asymmetric_input__square_kernel] verify_plus request success
2025-08-08 18:47:19,666 - openevolve.RemoteSpeedupEvaluator - INFO - [level1_71_conv_transposed_2D__asymmetric_input__square_kernel] verify_plus response: {"id":"level1_71_conv_transposed_2D__asymmetric_input__square_kernel","result":{"compiled":true,"correctness":true,"metadata":{"hardware":"NVIDIA L20Y","device":"cuda:1","correctness_trials":"(5 / 5)","reference_timing_ms":0.0519,"speed_up":0.009,"custom_timing":5.5},"runtime":5.5,"runtime_stats":{"mean":5.5,"std":0.0437,"min":5.48,"max":5.93,"num_trials":100,"hardware":"NVIDIA L20Y","device":"cuda:1"}}}
2025-08-08 18:47:19,666 - openevolve.RemoteSpeedupEvaluator - INFO - [level1_71_conv_transposed_2D__asymmetric_input__square_kernel] âœ” success | speed_up=0.009  score=20.00
2025-08-08 18:47:19,667 - openevolve.evaluator - INFO - Evaluated program 316f040a-87f9-4f7a-8652-c680c8159f68 in 6.84s: compiled=1.0000, correctness=1.0000, stage=success, passed=0.0000, score=20.0000, speed_up=0.0090, runtime_ms=5.5000, meta={'hardware': 'NVIDIA L20Y', 'device': 'cuda:1', 'correctness_trials': '(5 / 5)', 'reference_timing_ms': 0.0519, 'speed_up': 0.009, 'custom_timing': 5.5}
2025-08-08 18:47:19,669 - openevolve.database - INFO - MAP-Elites cell improved: {'score': 9, 'complexity': 7} (fitness: 10.000 -> 20.000)
2025-08-08 18:47:19,670 - openevolve.llm.ensemble - INFO - Sampled model: deepseek
2025-08-08 18:47:19,680 - openevolve.threaded_parallel - INFO - Iteration 8: Program 316f040a-87f9-4f7a-8652-c680c8159f68 (parent: 85525613-f732-4348-b54c-87294a8e0c1b) completed in 1108.32s
2025-08-08 18:47:19,680 - openevolve.threaded_parallel - INFO - Metrics: compiled=1.0000, correctness=1.0000, stage=success, passed=0.0000, score=20.0000, speed_up=0.0090, runtime_ms=5.5000, meta={'hardware': 'NVIDIA L20Y', 'device': 'cuda:1', 'correctness_trials': '(5 / 5)', 'reference_timing_ms': 0.0519, 'speed_up': 0.009, 'custom_timing': 5.5}
2025-08-08 18:56:02,834 - openevolve.RemoteSpeedupEvaluator - INFO - [level1_71_conv_transposed_2D__asymmetric_input__square_kernel] triton key words check pass
2025-08-08 18:56:02,836 - openevolve.RemoteSpeedupEvaluator - INFO - [level1_71_conv_transposed_2D__asymmetric_input__square_kernel] verify_plus payload: reference_code(2018 chars) + custom_code(7561 chars)
2025-08-08 18:56:07,232 - openevolve.RemoteSpeedupEvaluator - INFO - [level1_71_conv_transposed_2D__asymmetric_input__square_kernel] verify_plus request success
2025-08-08 18:56:07,232 - openevolve.RemoteSpeedupEvaluator - INFO - [level1_71_conv_transposed_2D__asymmetric_input__square_kernel] verify_plus response: {"id":"level1_71_conv_transposed_2D__asymmetric_input__square_kernel","result":{"compiled":true,"correctness":true,"metadata":{"hardware":"NVIDIA L20Y","device":"cuda:0","correctness_trials":"(5 / 5)","reference_timing_ms":0.0519,"speed_up":0.026,"custom_timing":2.02},"runtime":2.02,"runtime_stats":{"mean":2.02,"std":0.00614,"min":2.01,"max":2.05,"num_trials":100,"hardware":"NVIDIA L20Y","device":"cuda:0"}}}
2025-08-08 18:56:07,232 - openevolve.RemoteSpeedupEvaluator - INFO - [level1_71_conv_transposed_2D__asymmetric_input__square_kernel] âœ” success | speed_up=0.026  score=20.00
2025-08-08 18:56:07,233 - openevolve.evaluator - INFO - Evaluated program e652b6bc-22e1-4b93-800e-3eb9640c6326 in 4.40s: compiled=1.0000, correctness=1.0000, stage=success, passed=0.0000, score=20.0000, speed_up=0.0260, runtime_ms=2.0200, meta={'hardware': 'NVIDIA L20Y', 'device': 'cuda:0', 'correctness_trials': '(5 / 5)', 'reference_timing_ms': 0.0519, 'speed_up': 0.026, 'custom_timing': 2.02}
2025-08-08 18:56:07,237 - openevolve.llm.ensemble - INFO - Sampled model: deepseek
2025-08-08 18:56:07,240 - openevolve.database - INFO - MAP-Elites cell improved: {'score': 9, 'complexity': 9} (fitness: 10.000 -> 20.000)
2025-08-08 18:56:07,253 - openevolve.threaded_parallel - INFO - Iteration 9: Program e652b6bc-22e1-4b93-800e-3eb9640c6326 (parent: 03e26f35-ead4-43da-bf5d-72652aa71a19) completed in 881.62s
2025-08-08 18:56:07,253 - openevolve.threaded_parallel - INFO - Metrics: compiled=1.0000, correctness=1.0000, stage=success, passed=0.0000, score=20.0000, speed_up=0.0260, runtime_ms=2.0200, meta={'hardware': 'NVIDIA L20Y', 'device': 'cuda:0', 'correctness_trials': '(5 / 5)', 'reference_timing_ms': 0.0519, 'speed_up': 0.026, 'custom_timing': 2.02}
2025-08-08 18:56:07,253 - openevolve.threaded_parallel - INFO - Checkpoint interval reached at iteration 9
2025-08-08 18:56:07,254 - openevolve.database - INFO - Island Status:
2025-08-08 18:56:07,254 - openevolve.database - INFO -  * Island 0: 5 programs, best=20.0000, avg=-12.0000, diversity=1902.45, gen=4 (best: 4d7308c1-e762-4a96-b49a-20e1fd612d7e)
2025-08-08 18:56:07,254 - openevolve.database - INFO -    Island 1: 3 programs, best=20.0000, avg=13.3333, diversity=218.53, gen=3 (best: 316f040a-87f9-4f7a-8652-c680c8159f68)
2025-08-08 18:56:07,254 - openevolve.database - INFO -    Island 2: 3 programs, best=20.0000, avg=13.3333, diversity=235.00, gen=3 (best: e652b6bc-22e1-4b93-800e-3eb9640c6326)
2025-08-08 18:56:07,378 - openevolve.database - INFO - Saved database with 11 programs to openevolve_output/level1_71_conv_transposed_2D__asymmetric_input__square_kernel/checkpoints/checkpoint_9
2025-08-08 18:56:07,394 - openevolve.controller - INFO - Saved best program at checkpoint 9 with metrics: compiled=1.0000, correctness=1.0000, stage=success, passed=0.0000, score=20.0000, speed_up=0.0080, runtime_ms=6.2100, meta={'hardware': 'NVIDIA L20Y', 'device': 'cuda:0', 'correctness_trials': '(5 / 5)', 'reference_timing_ms': 0.0519, 'speed_up': 0.008, 'custom_timing': 6.21}
2025-08-08 18:56:07,394 - openevolve.controller - INFO - Saved checkpoint at iteration 9 to openevolve_output/level1_71_conv_transposed_2D__asymmetric_input__square_kernel/checkpoints/checkpoint_9
2025-08-08 19:00:17,041 - openevolve.RemoteSpeedupEvaluator - INFO - [level1_71_conv_transposed_2D__asymmetric_input__square_kernel] âœ˜ invalid_answer 'import triton' is not found
2025-08-08 19:00:17,043 - openevolve.evaluator - INFO - Evaluated program 4ab62f53-9225-4101-907b-a247914676ff in 0.00s: compiled=0.0000, correctness=0.0000, score=-100.0000, stage=no_valid_triton_code, feedback=You need to generate real and valid triton code for the core function. The key word 'import triton' is not found.
2025-08-08 19:00:17,046 - openevolve.llm.ensemble - INFO - Sampled model: deepseek
2025-08-08 19:00:17,048 - openevolve.database - INFO - New MAP-Elites cell occupied: {'score': -1000, 'complexity': 3}
2025-08-08 19:00:17,060 - openevolve.threaded_parallel - INFO - Iteration 11: Program 4ab62f53-9225-4101-907b-a247914676ff (parent: 85525613-f732-4348-b54c-87294a8e0c1b) completed in 777.37s
2025-08-08 19:00:17,060 - openevolve.threaded_parallel - INFO - Metrics: compiled=0.0000, correctness=0.0000, score=-100.0000, stage=no_valid_triton_code, feedback=You need to generate real and valid triton code for the core function. The key word 'import triton' is not found.
2025-08-08 19:01:17,031 - openevolve.RemoteSpeedupEvaluator - INFO - [level1_71_conv_transposed_2D__asymmetric_input__square_kernel] triton key words check pass
2025-08-08 19:01:17,032 - openevolve.RemoteSpeedupEvaluator - INFO - [level1_71_conv_transposed_2D__asymmetric_input__square_kernel] verify_plus payload: reference_code(2018 chars) + custom_code(7842 chars)
2025-08-08 19:01:20,114 - openevolve.RemoteSpeedupEvaluator - INFO - [level1_71_conv_transposed_2D__asymmetric_input__square_kernel] verify_plus request success
2025-08-08 19:01:20,114 - openevolve.RemoteSpeedupEvaluator - INFO - [level1_71_conv_transposed_2D__asymmetric_input__square_kernel] verify_plus response: {"id":"level1_71_conv_transposed_2D__asymmetric_input__square_kernel","result":{"compiled":true,"correctness":false,"metadata":{"hardware":"NVIDIA L20Y","device":"cuda:3","runtime_error":"Traceback (most recent call last):\n  File \"/home/lijiaxing/.conda/envs/api/lib/python3.10/site-packages/triton/language/core.py\", line 42, in wrapper\n    return fn(*args, **kwargs)\n  File \"/home/lijiaxing/.conda/envs/api/lib/python3.10/site-packages/triton/language/core.py\", line 2045, in dot\n    return _semantic.dot(input, other, acc, input_precision, max_num_imprecise_acc, out_dtype)\n  File \"/home/lijiaxing/.conda/envs/api/lib/python3.10/site-packages/triton/language/semantic.py\", line 1504, in dot\n    and rhs.shape[-1].value >= min_dot_size[1], \\\nAssertionError: Input shapes should have M
2025-08-08 19:01:20,114 - openevolve.RemoteSpeedupEvaluator - INFO - [level1_71_conv_transposed_2D__asymmetric_input__square_kernel] âœ˜ wrong_answer
2025-08-08 19:01:20,115 - openevolve.evaluator - INFO - Evaluated program eb3ba925-2426-43b9-899d-77138f7f1a08 in 3.08s: compiled=1.0000, correctness=0.0000, score=10.0000, stage=wrong_answer, verify_payload={'id': 'level1_71_conv_transposed_2D__asymmetric_input__square_kernel', 'result': {'compiled': True, 'correctness': False, 'metadata': {'hardware': 'NVIDIA L20Y', 'device': 'cuda:3', 'runtime_error': 'Traceback (most recent call last):\n  File "/home/lijiaxing/.conda/envs/api/lib/python3.10/site-packages/triton/language/core.py", line 42, in wrapper\n    return fn(*args, **kwargs)\n  File "/home/lijiaxing/.conda/envs/api/lib/python3.10/site-packages/triton/language/core.py", line 2045, in dot\n    return _semantic.dot(input, other, acc, input_precision, max_num_imprecise_acc, out_dtype)\n  File "/home/lijiaxing/.conda/envs/api/lib/python3.10/site-packages/triton/language/semantic.py", line 1504, in dot\n    and rhs.shape[-1].value >= min_dot_size[1], \\\nAssertionError: Input shapes should have M >= 16, N >= 16 and K >= 16\n\nThe above exception was the direct cause of the following exception:\n\nTraceback (most recent call last):\n  File "/cpfs01/shared/llm_kernel/hujiakai/KernelLLM/validation_api_server/helpers/evaluations.py", line 720, in run_and_check_correctness\n    output_new = model_new(*inputs)\n  File "/home/lijiaxing/.conda/envs/api/lib/python3.10/site-packages/torch/nn/modules/module.py", line 1773, in _wrapped_call_impl\n    return self._call_impl(*args, **kwargs)\n  File "/home/lijiaxing/.conda/envs/api/lib/python3.10/site-packages/torch/nn/modules/module.py", line 1784, in _call_impl\n    return forward_call(*args, **kwargs)\n  File "/tmp/tmp3hu750o2.py", line 172, in forward\n    _conv_transpose2d_kernel[(\n  File "/home/lijiaxing/.conda/envs/api/lib/python3.10/site-packages/triton/runtime/jit.py", line 390, in <lambda>\n    return lambda *args, **kwargs: self.run(grid=grid, warmup=False, *args, **kwargs)\n  File "/home/lijiaxing/.conda/envs/api/lib/python3.10/site-packages/triton/runtime/jit.py", line 594, in run\n    kernel = self.compile(src, target=target, options=options.__dict__)\n  File "/home/lijiaxing/.conda/envs/api/lib/python3.10/site-packages/triton/compiler/compiler.py", line 339, in compile\n    module = src.make_ir(options, codegen_fns, module_map, context)\n  File "/home/lijiaxing/.conda/envs/api/lib/python3.10/site-packages/triton/compiler/compiler.py", line 83, in make_ir\n    return ast_to_ttir(self.fn, self, context=context, options=options, codegen_fns=codegen_fns,\ntriton.compiler.errors.CompilationError: at 73:26:\n                           j_input * x_w_stride)\n                x_val = tl.load(x_ptr + x_offset, mask=valid_mask, other=0.0)\n\n                # Load weights with 1D offset\n                base = c_in * w_in_channel_stride + di * w_h_stride + dj * w_w_stride\n                w_offset = base + channel_offsets * w_out_channel_stride\n                w_val = tl.load(w_ptr + w_offset, mask=channel_mask, other=0.0)\n\n                # Compute outer product via matrix multiplication\n                x_val_vec = tl.reshape(x_val, (BLOCK_SIZE_H * BLOCK_SIZE_W, 1))\n                w_val_vec = tl.reshape(w_val, (1, BLOCK_SIZE_C))\n                product = tl.dot(x_val_vec, w_val_vec, allow_tf32=True)\n                          ^\n\n\nThe above exception was the direct cause of the following exception:\n\nTraceback (most recent call last):\n  File "/home/lijiaxing/.conda/envs/api/lib/python3.10/site-packages/triton/language/core.py", line 42, in wrapper\n    return fn(*args, **kwargs)\n  File "/home/lijiaxing/.conda/envs/api/lib/python3.10/site-packages/triton/language/core.py", line 2045, in dot\n    return _semantic.dot(input, other, acc, input_precision, max_num_imprecise_acc, out_dtype)\n  File "/home/lijiaxing/.conda/envs/api/lib/python3.10/site-packages/triton/language/semantic.py", line 1504, in dot\n    and rhs.shape[-1].value >= min_dot_size[1], \\\nAssertionError: Input shapes should have M >= 16, N >= 16 and K >= 16\n', 'runtime_error_name': 'triton.compiler.errors.CompilationError', 'reference_timing_ms': 0.0519, 'speed_up': -1.0, 'custom_timing': -1.0}, 'runtime': -1.0, 'runtime_stats': {}}}
2025-08-08 19:01:20,119 - openevolve.llm.ensemble - INFO - Sampled model: deepseek
2025-08-08 19:01:20,130 - openevolve.threaded_parallel - INFO - Iteration 10: Program eb3ba925-2426-43b9-899d-77138f7f1a08 (parent: f018d939-c580-4872-a6d7-176efaa14ed3) completed in 1046.67s
2025-08-08 19:01:20,130 - openevolve.threaded_parallel - INFO - Metrics: compiled=1.0000, correctness=0.0000, score=10.0000, stage=wrong_answer, verify_payload={'id': 'level1_71_conv_transposed_2D__asymmetric_input__square_kernel', 'result': {'compiled': True, 'correctness': False, 'metadata': {'hardware': 'NVIDIA L20Y', 'device': 'cuda:3', 'runtime_error': 'Traceback (most recent call last):\n  File "/home/lijiaxing/.conda/envs/api/lib/python3.10/site-packages/triton/language/core.py", line 42, in wrapper\n    return fn(*args, **kwargs)\n  File "/home/lijiaxing/.conda/envs/api/lib/python3.10/site-packages/triton/language/core.py", line 2045, in dot\n    return _semantic.dot(input, other, acc, input_precision, max_num_imprecise_acc, out_dtype)\n  File "/home/lijiaxing/.conda/envs/api/lib/python3.10/site-packages/triton/language/semantic.py", line 1504, in dot\n    and rhs.shape[-1].value >= min_dot_size[1], \\\nAssertionError: Input shapes should have M >= 16, N >= 16 and K >= 16\n\nThe above exception was the direct cause of the following exception:\n\nTraceback (most recent call last):\n  File "/cpfs01/shared/llm_kernel/hujiakai/KernelLLM/validation_api_server/helpers/evaluations.py", line 720, in run_and_check_correctness\n    output_new = model_new(*inputs)\n  File "/home/lijiaxing/.conda/envs/api/lib/python3.10/site-packages/torch/nn/modules/module.py", line 1773, in _wrapped_call_impl\n    return self._call_impl(*args, **kwargs)\n  File "/home/lijiaxing/.conda/envs/api/lib/python3.10/site-packages/torch/nn/modules/module.py", line 1784, in _call_impl\n    return forward_call(*args, **kwargs)\n  File "/tmp/tmp3hu750o2.py", line 172, in forward\n    _conv_transpose2d_kernel[(\n  File "/home/lijiaxing/.conda/envs/api/lib/python3.10/site-packages/triton/runtime/jit.py", line 390, in <lambda>\n    return lambda *args, **kwargs: self.run(grid=grid, warmup=False, *args, **kwargs)\n  File "/home/lijiaxing/.conda/envs/api/lib/python3.10/site-packages/triton/runtime/jit.py", line 594, in run\n    kernel = self.compile(src, target=target, options=options.__dict__)\n  File "/home/lijiaxing/.conda/envs/api/lib/python3.10/site-packages/triton/compiler/compiler.py", line 339, in compile\n    module = src.make_ir(options, codegen_fns, module_map, context)\n  File "/home/lijiaxing/.conda/envs/api/lib/python3.10/site-packages/triton/compiler/compiler.py", line 83, in make_ir\n    return ast_to_ttir(self.fn, self, context=context, options=options, codegen_fns=codegen_fns,\ntriton.compiler.errors.CompilationError: at 73:26:\n                           j_input * x_w_stride)\n                x_val = tl.load(x_ptr + x_offset, mask=valid_mask, other=0.0)\n\n                # Load weights with 1D offset\n                base = c_in * w_in_channel_stride + di * w_h_stride + dj * w_w_stride\n                w_offset = base + channel_offsets * w_out_channel_stride\n                w_val = tl.load(w_ptr + w_offset, mask=channel_mask, other=0.0)\n\n                # Compute outer product via matrix multiplication\n                x_val_vec = tl.reshape(x_val, (BLOCK_SIZE_H * BLOCK_SIZE_W, 1))\n                w_val_vec = tl.reshape(w_val, (1, BLOCK_SIZE_C))\n                product = tl.dot(x_val_vec, w_val_vec, allow_tf32=True)\n                          ^\n\n\nThe above exception was the direct cause of the following exception:\n\nTraceback (most recent call last):\n  File "/home/lijiaxing/.conda/envs/api/lib/python3.10/site-packages/triton/language/core.py", line 42, in wrapper\n    return fn(*args, **kwargs)\n  File "/home/lijiaxing/.conda/envs/api/lib/python3.10/site-packages/triton/language/core.py", line 2045, in dot\n    return _semantic.dot(input, other, acc, input_precision, max_num_imprecise_acc, out_dtype)\n  File "/home/lijiaxing/.conda/envs/api/lib/python3.10/site-packages/triton/language/semantic.py", line 1504, in dot\n    and rhs.shape[-1].value >= min_dot_size[1], \\\nAssertionError: Input shapes should have M >= 16, N >= 16 and K >= 16\n', 'runtime_error_name': 'triton.compiler.errors.CompilationError', 'reference_timing_ms': 0.0519, 'speed_up': -1.0, 'custom_timing': -1.0}, 'runtime': -1.0, 'runtime_stats': {}}}
2025-08-08 19:12:38,112 - openevolve.RemoteSpeedupEvaluator - INFO - [level1_71_conv_transposed_2D__asymmetric_input__square_kernel] triton key words check pass
2025-08-08 19:12:38,114 - openevolve.RemoteSpeedupEvaluator - INFO - [level1_71_conv_transposed_2D__asymmetric_input__square_kernel] verify_plus payload: reference_code(2018 chars) + custom_code(7531 chars)
2025-08-08 19:12:45,253 - openevolve.RemoteSpeedupEvaluator - INFO - [level1_71_conv_transposed_2D__asymmetric_input__square_kernel] verify_plus request success
2025-08-08 19:12:45,253 - openevolve.RemoteSpeedupEvaluator - INFO - [level1_71_conv_transposed_2D__asymmetric_input__square_kernel] verify_plus response: {"id":"level1_71_conv_transposed_2D__asymmetric_input__square_kernel","result":{"compiled":true,"correctness":false,"metadata":{"hardware":"NVIDIA L20Y","device":"cuda:3","runtime_error":"Traceback (most recent call last):\n  File \"/cpfs01/shared/llm_kernel/hujiakai/KernelLLM/validation_api_server/helpers/evaluations.py\", line 720, in run_and_check_correctness\n    output_new = model_new(*inputs)\n  File \"/home/lijiaxing/.conda/envs/api/lib/python3.10/site-packages/torch/nn/modules/module.py\", line 1773, in _wrapped_call_impl\n    return self._call_impl(*args, **kwargs)\n  File \"/home/lijiaxing/.conda/envs/api/lib/python3.10/site-packages/torch/nn/modules/module.py\", line 1784, in _call_impl\n    return forward_call(*args, **kwargs)\n  File \"/tmp/tmp3yvle8kw.py\", line 164, in forwa
2025-08-08 19:12:45,253 - openevolve.RemoteSpeedupEvaluator - INFO - [level1_71_conv_transposed_2D__asymmetric_input__square_kernel] âœ˜ wrong_answer
2025-08-08 19:12:45,253 - openevolve.evaluator - INFO - Evaluated program 809659c5-055a-4b22-8e18-ce588a2c8727 in 7.14s: compiled=1.0000, correctness=0.0000, score=10.0000, stage=wrong_answer, verify_payload={'id': 'level1_71_conv_transposed_2D__asymmetric_input__square_kernel', 'result': {'compiled': True, 'correctness': False, 'metadata': {'hardware': 'NVIDIA L20Y', 'device': 'cuda:3', 'runtime_error': 'Traceback (most recent call last):\n  File "/cpfs01/shared/llm_kernel/hujiakai/KernelLLM/validation_api_server/helpers/evaluations.py", line 720, in run_and_check_correctness\n    output_new = model_new(*inputs)\n  File "/home/lijiaxing/.conda/envs/api/lib/python3.10/site-packages/torch/nn/modules/module.py", line 1773, in _wrapped_call_impl\n    return self._call_impl(*args, **kwargs)\n  File "/home/lijiaxing/.conda/envs/api/lib/python3.10/site-packages/torch/nn/modules/module.py", line 1784, in _call_impl\n    return forward_call(*args, **kwargs)\n  File "/tmp/tmp3yvle8kw.py", line 164, in forward\n    _conv_transpose2d_kernel[(\n  File "/home/lijiaxing/.conda/envs/api/lib/python3.10/site-packages/triton/runtime/jit.py", line 390, in <lambda>\n    return lambda *args, **kwargs: self.run(grid=grid, warmup=False, *args, **kwargs)\n  File "/home/lijiaxing/.conda/envs/api/lib/python3.10/site-packages/triton/runtime/jit.py", line 594, in run\n    kernel = self.compile(src, target=target, options=options.__dict__)\n  File "/home/lijiaxing/.conda/envs/api/lib/python3.10/site-packages/triton/compiler/compiler.py", line 339, in compile\n    module = src.make_ir(options, codegen_fns, module_map, context)\n  File "/home/lijiaxing/.conda/envs/api/lib/python3.10/site-packages/triton/compiler/compiler.py", line 83, in make_ir\n    return ast_to_ttir(self.fn, self, context=context, options=options, codegen_fns=codegen_fns,\ntriton.compiler.errors.CompilationError: at 47:12:\n    # Create masks for boundary checks\n    channel_mask = channel_offsets < out_channels\n    h_mask = h_offsets < out_h\n    w_mask = w_offsets < out_w\n\n    # Initialize 3D accumulator [H, W, C]\n    acc = tl.zeros((BLOCK_SIZE_H, BLOCK_SIZE_W, BLOCK_SIZE_C), dtype=tl.float32)\n\n    # Loop over kernel dimensions and input channels\n    for di in range(kernel_size):\n        for dj in range(kernel_size):\n            for c_in in range(in_channels):\n            ^\nAssertionError("Loop-carried variable acc has initial type <[\'16\', \'16\', \'32\'], fp32> but is re-assigned to <[\'16\', \'16\', \'16\', \'32\'], fp32> in loop! Please make sure that the type stays consistent.")\n\n\nThe above exception was the direct cause of the following exception:\n\nAssertionError: Loop-carried variable acc has initial type <[\'16\', \'16\', \'32\'], fp32> but is re-assigned to <[\'16\', \'16\', \'16\', \'32\'], fp32> in loop! Please make sure that the type stays consistent.\n', 'runtime_error_name': 'triton.compiler.errors.CompilationError', 'reference_timing_ms': 0.0519, 'speed_up': -1.0, 'custom_timing': -1.0}, 'runtime': -1.0, 'runtime_stats': {}}}
2025-08-08 19:12:45,257 - openevolve.llm.ensemble - INFO - Sampled model: deepseek
2025-08-08 19:12:45,269 - openevolve.threaded_parallel - INFO - Iteration 12: Program 809659c5-055a-4b22-8e18-ce588a2c8727 (parent: 03e26f35-ead4-43da-bf5d-72652aa71a19) completed in 998.02s
2025-08-08 19:12:45,269 - openevolve.threaded_parallel - INFO - Metrics: compiled=1.0000, correctness=0.0000, score=10.0000, stage=wrong_answer, verify_payload={'id': 'level1_71_conv_transposed_2D__asymmetric_input__square_kernel', 'result': {'compiled': True, 'correctness': False, 'metadata': {'hardware': 'NVIDIA L20Y', 'device': 'cuda:3', 'runtime_error': 'Traceback (most recent call last):\n  File "/cpfs01/shared/llm_kernel/hujiakai/KernelLLM/validation_api_server/helpers/evaluations.py", line 720, in run_and_check_correctness\n    output_new = model_new(*inputs)\n  File "/home/lijiaxing/.conda/envs/api/lib/python3.10/site-packages/torch/nn/modules/module.py", line 1773, in _wrapped_call_impl\n    return self._call_impl(*args, **kwargs)\n  File "/home/lijiaxing/.conda/envs/api/lib/python3.10/site-packages/torch/nn/modules/module.py", line 1784, in _call_impl\n    return forward_call(*args, **kwargs)\n  File "/tmp/tmp3yvle8kw.py", line 164, in forward\n    _conv_transpose2d_kernel[(\n  File "/home/lijiaxing/.conda/envs/api/lib/python3.10/site-packages/triton/runtime/jit.py", line 390, in <lambda>\n    return lambda *args, **kwargs: self.run(grid=grid, warmup=False, *args, **kwargs)\n  File "/home/lijiaxing/.conda/envs/api/lib/python3.10/site-packages/triton/runtime/jit.py", line 594, in run\n    kernel = self.compile(src, target=target, options=options.__dict__)\n  File "/home/lijiaxing/.conda/envs/api/lib/python3.10/site-packages/triton/compiler/compiler.py", line 339, in compile\n    module = src.make_ir(options, codegen_fns, module_map, context)\n  File "/home/lijiaxing/.conda/envs/api/lib/python3.10/site-packages/triton/compiler/compiler.py", line 83, in make_ir\n    return ast_to_ttir(self.fn, self, context=context, options=options, codegen_fns=codegen_fns,\ntriton.compiler.errors.CompilationError: at 47:12:\n    # Create masks for boundary checks\n    channel_mask = channel_offsets < out_channels\n    h_mask = h_offsets < out_h\n    w_mask = w_offsets < out_w\n\n    # Initialize 3D accumulator [H, W, C]\n    acc = tl.zeros((BLOCK_SIZE_H, BLOCK_SIZE_W, BLOCK_SIZE_C), dtype=tl.float32)\n\n    # Loop over kernel dimensions and input channels\n    for di in range(kernel_size):\n        for dj in range(kernel_size):\n            for c_in in range(in_channels):\n            ^\nAssertionError("Loop-carried variable acc has initial type <[\'16\', \'16\', \'32\'], fp32> but is re-assigned to <[\'16\', \'16\', \'16\', \'32\'], fp32> in loop! Please make sure that the type stays consistent.")\n\n\nThe above exception was the direct cause of the following exception:\n\nAssertionError: Loop-carried variable acc has initial type <[\'16\', \'16\', \'32\'], fp32> but is re-assigned to <[\'16\', \'16\', \'16\', \'32\'], fp32> in loop! Please make sure that the type stays consistent.\n', 'runtime_error_name': 'triton.compiler.errors.CompilationError', 'reference_timing_ms': 0.0519, 'speed_up': -1.0, 'custom_timing': -1.0}, 'runtime': -1.0, 'runtime_stats': {}}}
2025-08-08 19:12:45,269 - openevolve.threaded_parallel - INFO - Checkpoint interval reached at iteration 12
2025-08-08 19:12:45,272 - openevolve.database - INFO - Island Status:
2025-08-08 19:12:45,272 - openevolve.database - INFO -  * Island 0: 6 programs, best=20.0000, avg=-26.6667, diversity=1379.48, gen=5 (best: 4d7308c1-e762-4a96-b49a-20e1fd612d7e)
2025-08-08 19:12:45,272 - openevolve.database - INFO -    Island 1: 4 programs, best=20.0000, avg=12.5000, diversity=439.18, gen=4 (best: 316f040a-87f9-4f7a-8652-c680c8159f68)
2025-08-08 19:12:45,272 - openevolve.database - INFO -    Island 2: 4 programs, best=20.0000, avg=12.5000, diversity=180.17, gen=4 (best: e652b6bc-22e1-4b93-800e-3eb9640c6326)
2025-08-08 19:12:45,457 - openevolve.database - INFO - Saved database with 14 programs to openevolve_output/level1_71_conv_transposed_2D__asymmetric_input__square_kernel/checkpoints/checkpoint_12
2025-08-08 19:12:45,473 - openevolve.controller - INFO - Saved best program at checkpoint 12 with metrics: compiled=1.0000, correctness=1.0000, stage=success, passed=0.0000, score=20.0000, speed_up=0.0080, runtime_ms=6.2100, meta={'hardware': 'NVIDIA L20Y', 'device': 'cuda:0', 'correctness_trials': '(5 / 5)', 'reference_timing_ms': 0.0519, 'speed_up': 0.008, 'custom_timing': 6.21}
2025-08-08 19:12:45,473 - openevolve.controller - INFO - Saved checkpoint at iteration 12 to openevolve_output/level1_71_conv_transposed_2D__asymmetric_input__square_kernel/checkpoints/checkpoint_12
2025-08-08 19:13:19,249 - openevolve.RemoteSpeedupEvaluator - INFO - [level1_71_conv_transposed_2D__asymmetric_input__square_kernel] triton key words check pass
2025-08-08 19:13:19,251 - openevolve.RemoteSpeedupEvaluator - INFO - [level1_71_conv_transposed_2D__asymmetric_input__square_kernel] verify_plus payload: reference_code(2018 chars) + custom_code(6216 chars)
2025-08-08 19:13:40,109 - openevolve.RemoteSpeedupEvaluator - INFO - [level1_71_conv_transposed_2D__asymmetric_input__square_kernel] verify_plus request success
2025-08-08 19:13:40,109 - openevolve.RemoteSpeedupEvaluator - INFO - [level1_71_conv_transposed_2D__asymmetric_input__square_kernel] verify_plus response: {"id":"level1_71_conv_transposed_2D__asymmetric_input__square_kernel","result":{"compiled":true,"correctness":true,"metadata":{"hardware":"NVIDIA L20Y","device":"cuda:7","correctness_trials":"(5 / 5)","reference_timing_ms":0.0519,"speed_up":0.009,"custom_timing":5.5},"runtime":5.5,"runtime_stats":{"mean":5.5,"std":0.0353,"min":5.49,"max":5.75,"num_trials":100,"hardware":"NVIDIA L20Y","device":"cuda:7"}}}
2025-08-08 19:13:40,109 - openevolve.RemoteSpeedupEvaluator - INFO - [level1_71_conv_transposed_2D__asymmetric_input__square_kernel] âœ” success | speed_up=0.009  score=20.00
2025-08-08 19:13:40,110 - openevolve.evaluator - INFO - Evaluated program e781167b-331b-4fc6-8208-cf2fbbf8a2e5 in 20.86s: compiled=1.0000, correctness=1.0000, stage=success, passed=0.0000, score=20.0000, speed_up=0.0090, runtime_ms=5.5000, meta={'hardware': 'NVIDIA L20Y', 'device': 'cuda:7', 'correctness_trials': '(5 / 5)', 'reference_timing_ms': 0.0519, 'speed_up': 0.009, 'custom_timing': 5.5}
2025-08-08 19:13:40,114 - openevolve.llm.ensemble - INFO - Sampled model: deepseek
2025-08-08 19:13:40,125 - openevolve.threaded_parallel - INFO - Iteration 14: Program e781167b-331b-4fc6-8208-cf2fbbf8a2e5 (parent: 85525613-f732-4348-b54c-87294a8e0c1b) completed in 739.99s
2025-08-08 19:13:40,125 - openevolve.threaded_parallel - INFO - Metrics: compiled=1.0000, correctness=1.0000, stage=success, passed=0.0000, score=20.0000, speed_up=0.0090, runtime_ms=5.5000, meta={'hardware': 'NVIDIA L20Y', 'device': 'cuda:7', 'correctness_trials': '(5 / 5)', 'reference_timing_ms': 0.0519, 'speed_up': 0.009, 'custom_timing': 5.5}
2025-08-08 19:17:18,543 - openevolve.RemoteSpeedupEvaluator - INFO - [level1_71_conv_transposed_2D__asymmetric_input__square_kernel] triton key words check pass
2025-08-08 19:17:18,544 - openevolve.RemoteSpeedupEvaluator - INFO - [level1_71_conv_transposed_2D__asymmetric_input__square_kernel] verify_plus payload: reference_code(2018 chars) + custom_code(6946 chars)
2025-08-08 19:17:22,846 - openevolve.RemoteSpeedupEvaluator - INFO - [level1_71_conv_transposed_2D__asymmetric_input__square_kernel] verify_plus request success
2025-08-08 19:17:22,846 - openevolve.RemoteSpeedupEvaluator - INFO - [level1_71_conv_transposed_2D__asymmetric_input__square_kernel] verify_plus response: {"id":"level1_71_conv_transposed_2D__asymmetric_input__square_kernel","result":{"compiled":true,"correctness":true,"metadata":{"hardware":"NVIDIA L20Y","device":"cuda:7","correctness_trials":"(5 / 5)","reference_timing_ms":0.0519,"speed_up":0.008,"custom_timing":6.21},"runtime":6.21,"runtime_stats":{"mean":6.21,"std":0.00862,"min":6.19,"max":6.26,"num_trials":100,"hardware":"NVIDIA L20Y","device":"cuda:7"}}}
2025-08-08 19:17:22,846 - openevolve.RemoteSpeedupEvaluator - INFO - [level1_71_conv_transposed_2D__asymmetric_input__square_kernel] âœ” success | speed_up=0.008  score=20.00
2025-08-08 19:17:22,847 - openevolve.evaluator - INFO - Evaluated program 96a8f714-b0e8-4130-a75d-c3fe49bbe0fc in 4.30s: compiled=1.0000, correctness=1.0000, stage=success, passed=0.0000, score=20.0000, speed_up=0.0080, runtime_ms=6.2100, meta={'hardware': 'NVIDIA L20Y', 'device': 'cuda:7', 'correctness_trials': '(5 / 5)', 'reference_timing_ms': 0.0519, 'speed_up': 0.008, 'custom_timing': 6.21}
2025-08-08 19:17:22,850 - openevolve.llm.ensemble - INFO - Sampled model: deepseek
2025-08-08 19:17:22,866 - openevolve.threaded_parallel - INFO - Iteration 13: Program 96a8f714-b0e8-4130-a75d-c3fe49bbe0fc (parent: f018d939-c580-4872-a6d7-176efaa14ed3) completed in 1025.80s
2025-08-08 19:17:22,867 - openevolve.threaded_parallel - INFO - Metrics: compiled=1.0000, correctness=1.0000, stage=success, passed=0.0000, score=20.0000, speed_up=0.0080, runtime_ms=6.2100, meta={'hardware': 'NVIDIA L20Y', 'device': 'cuda:7', 'correctness_trials': '(5 / 5)', 'reference_timing_ms': 0.0519, 'speed_up': 0.008, 'custom_timing': 6.21}
