2025-08-08 17:41:16,988 - openevolve.controller - INFO - Logging to openevolve_output/level1_66_conv_standard_3D__asymmetric_input__asymmetric_kernel/logs/openevolve_20250808_174116.log
2025-08-08 17:41:16,989 - openevolve.controller - INFO - Set random seed to 42 for reproducibility
2025-08-08 17:41:17,031 - openevolve.llm.ensemble - INFO - Initialized LLM ensemble with models: deepseek (weight: 0.80), deepseek (weight: 0.20)
2025-08-08 17:41:17,071 - openevolve.llm.ensemble - INFO - Initialized LLM ensemble with models: deepseek (weight: 0.80), deepseek (weight: 0.20)
2025-08-08 17:41:17,071 - openevolve.prompt.sampler - INFO - Set custom templates: system=evaluator_system_message, user=None
2025-08-08 17:41:17,071 - openevolve.database - INFO - Initialized program database with 0 programs
2025-08-08 17:41:17,093 - openevolve.evaluator - INFO - Successfully loaded evaluation function from openevolve_output/level1_66_conv_standard_3D__asymmetric_input__asymmetric_kernel/evaluation.py
2025-08-08 17:41:17,093 - openevolve.evaluator - INFO - Initialized evaluator with openevolve_output/level1_66_conv_standard_3D__asymmetric_input__asymmetric_kernel/evaluation.py
2025-08-08 17:41:17,093 - openevolve.controller - INFO - Initialized OpenEvolve with /tmp/6c3b59c5629ed675a28eddc36acd5d8b.py
2025-08-08 17:41:17,093 - openevolve.controller - INFO - Adding initial program to database
2025-08-08 17:41:17,094 - openevolve.RemoteSpeedupEvaluator - INFO - [level1_66_conv_standard_3D__asymmetric_input__asymmetric_kernel] verify_plus payload: reference_code(2241 chars) + custom_code(2365 chars)
2025-08-08 17:41:24,900 - openevolve.RemoteSpeedupEvaluator - INFO - [level1_66_conv_standard_3D__asymmetric_input__asymmetric_kernel] verify_plus request success
2025-08-08 17:41:24,900 - openevolve.RemoteSpeedupEvaluator - INFO - [level1_66_conv_standard_3D__asymmetric_input__asymmetric_kernel] verify_plus response: {"id":"level1_66_conv_standard_3D__asymmetric_input__asymmetric_kernel","result":{"compiled":true,"correctness":true,"metadata":{"hardware":"NVIDIA L20Y","device":"cuda:6","correctness_trials":"(5 / 5)","reference_timing_ms":0.0443,"speed_up":0.001,"custom_timing":31.2},"runtime":31.2,"runtime_stats":{"mean":31.2,"std":0.0259,"min":31.2,"max":31.3,"num_trials":100,"hardware":"NVIDIA L20Y","device":"cuda:6"}}}
2025-08-08 17:41:24,900 - openevolve.evaluator - INFO - Evaluated program 7fd8670a-6cb4-40b4-8983-36021e861d29 in 7.81s: compiled=1.0000, correctness=1.0000, stage=reference code, passed=0.0000, score=0.0000, speed_up=1.0000, runtime_ms=31.2000, meta={'hardware': 'NVIDIA L20Y', 'device': 'cuda:6', 'correctness_trials': '(5 / 5)', 'reference_timing_ms': 0.0443, 'speed_up': 0.001, 'custom_timing': 31.2}
2025-08-08 17:41:24,901 - openevolve.database - INFO - New MAP-Elites cell occupied: {'score': 0, 'complexity': 2}
2025-08-08 17:41:24,916 - openevolve.threaded_parallel - INFO - Initializing threaded evaluation pool with 3 workers
2025-08-08 17:41:24,917 - openevolve.threaded_parallel - INFO - Started thread pool with 3 threads
2025-08-08 17:41:24,917 - openevolve.threaded_parallel - INFO - Started improved parallel controller
2025-08-08 17:41:24,917 - openevolve.controller - INFO - Using island-based evolution with 3 islands
2025-08-08 17:41:24,917 - openevolve.database - INFO - Island Status:
2025-08-08 17:41:24,917 - openevolve.database - INFO -  * Island 0: 1 programs, best=0.0000, avg=0.0000, diversity=0.00, gen=0 (best: 7fd8670a-6cb4-40b4-8983-36021e861d29)
2025-08-08 17:41:24,917 - openevolve.database - INFO -    Island 1: 0 programs, best=0.0000, avg=0.0000, diversity=0.00, gen=0
2025-08-08 17:41:24,917 - openevolve.database - INFO -    Island 2: 0 programs, best=0.0000, avg=0.0000, diversity=0.00, gen=0
2025-08-08 17:41:24,918 - openevolve.threaded_parallel - INFO - Starting improved parallel evolution from iteration 0 for 30 iterations (total: 30)
2025-08-08 17:41:25,089 - openevolve.llm.ensemble - INFO - Initialized LLM ensemble with models: deepseek (weight: 0.80), deepseek (weight: 0.20)
2025-08-08 17:41:25,091 - openevolve.llm.ensemble - INFO - Initialized LLM ensemble with models: deepseek (weight: 0.80), deepseek (weight: 0.20)
2025-08-08 17:41:25,112 - openevolve.llm.ensemble - INFO - Initialized LLM ensemble with models: deepseek (weight: 0.80), deepseek (weight: 0.20)
2025-08-08 17:41:25,233 - openevolve.llm.ensemble - INFO - Initialized LLM ensemble with models: deepseek (weight: 0.80), deepseek (weight: 0.20)
2025-08-08 17:41:25,233 - openevolve.prompt.sampler - INFO - Set custom templates: system=evaluator_system_message, user=None
2025-08-08 17:41:25,235 - openevolve.evaluator - INFO - Successfully loaded evaluation function from openevolve_output/level1_66_conv_standard_3D__asymmetric_input__asymmetric_kernel/evaluation.py
2025-08-08 17:41:25,235 - openevolve.evaluator - INFO - Initialized evaluator with openevolve_output/level1_66_conv_standard_3D__asymmetric_input__asymmetric_kernel/evaluation.py
2025-08-08 17:41:25,236 - openevolve.llm.ensemble - INFO - Initialized LLM ensemble with models: deepseek (weight: 0.80), deepseek (weight: 0.20)
2025-08-08 17:41:25,236 - openevolve.prompt.sampler - INFO - Set custom templates: system=evaluator_system_message, user=None
2025-08-08 17:41:25,237 - openevolve.llm.ensemble - INFO - Sampled model: deepseek
2025-08-08 17:41:25,239 - openevolve.evaluator - INFO - Successfully loaded evaluation function from openevolve_output/level1_66_conv_standard_3D__asymmetric_input__asymmetric_kernel/evaluation.py
2025-08-08 17:41:25,239 - openevolve.evaluator - INFO - Initialized evaluator with openevolve_output/level1_66_conv_standard_3D__asymmetric_input__asymmetric_kernel/evaluation.py
2025-08-08 17:41:25,240 - openevolve.llm.ensemble - INFO - Sampled model: deepseek
2025-08-08 17:41:25,241 - openevolve.llm.ensemble - INFO - Initialized LLM ensemble with models: deepseek (weight: 0.80), deepseek (weight: 0.20)
2025-08-08 17:41:25,241 - openevolve.prompt.sampler - INFO - Set custom templates: system=evaluator_system_message, user=None
2025-08-08 17:41:25,243 - openevolve.evaluator - INFO - Successfully loaded evaluation function from openevolve_output/level1_66_conv_standard_3D__asymmetric_input__asymmetric_kernel/evaluation.py
2025-08-08 17:41:25,243 - openevolve.evaluator - INFO - Initialized evaluator with openevolve_output/level1_66_conv_standard_3D__asymmetric_input__asymmetric_kernel/evaluation.py
2025-08-08 17:41:25,244 - openevolve.llm.ensemble - INFO - Sampled model: deepseek
2025-08-08 17:57:11,321 - openevolve.RemoteSpeedupEvaluator - INFO - [level1_66_conv_standard_3D__asymmetric_input__asymmetric_kernel] triton key words check pass
2025-08-08 17:57:11,324 - openevolve.RemoteSpeedupEvaluator - INFO - [level1_66_conv_standard_3D__asymmetric_input__asymmetric_kernel] verify_plus payload: reference_code(2241 chars) + custom_code(6163 chars)
2025-08-08 17:57:17,613 - openevolve.RemoteSpeedupEvaluator - INFO - [level1_66_conv_standard_3D__asymmetric_input__asymmetric_kernel] verify_plus request success
2025-08-08 17:57:17,613 - openevolve.RemoteSpeedupEvaluator - INFO - [level1_66_conv_standard_3D__asymmetric_input__asymmetric_kernel] verify_plus response: {"id":"level1_66_conv_standard_3D__asymmetric_input__asymmetric_kernel","result":{"compiled":true,"correctness":false,"metadata":{"hardware":"NVIDIA L20Y","device":"cuda:2","max_difference":["116.793068","115.576317","109.927330","116.587410","112.460678"],"avg_difference":["14.336764","14.336644","14.334428","14.337821","14.336843"],"correctness_issue":"Output mismatch","correctness_trials":"(0 / 5)","reference_timing_ms":0.0443,"speed_up":-1.0,"custom_timing":-1.0},"runtime":-1.0,"runtime_stats":{}}}
2025-08-08 17:57:17,613 - openevolve.RemoteSpeedupEvaluator - INFO - [level1_66_conv_standard_3D__asymmetric_input__asymmetric_kernel] âœ˜ wrong_answer
2025-08-08 17:57:17,614 - openevolve.evaluator - INFO - Evaluated program cdf41102-4972-47c8-a062-c8eb837b312b in 6.29s: compiled=1.0000, correctness=0.0000, score=10.0000, stage=wrong_answer, verify_payload={'id': 'level1_66_conv_standard_3D__asymmetric_input__asymmetric_kernel', 'result': {'compiled': True, 'correctness': False, 'metadata': {'hardware': 'NVIDIA L20Y', 'device': 'cuda:2', 'max_difference': ['116.793068', '115.576317', '109.927330', '116.587410', '112.460678'], 'avg_difference': ['14.336764', '14.336644', '14.334428', '14.337821', '14.336843'], 'correctness_issue': 'Output mismatch', 'correctness_trials': '(0 / 5)', 'reference_timing_ms': 0.0443, 'speed_up': -1.0, 'custom_timing': -1.0}, 'runtime': -1.0, 'runtime_stats': {}}}
2025-08-08 17:57:17,616 - openevolve.database - INFO - New MAP-Elites cell occupied: {'score': 9, 'complexity': 9}
2025-08-08 17:57:17,616 - openevolve.database - INFO - New best program cdf41102-4972-47c8-a062-c8eb837b312b replaces 7fd8670a-6cb4-40b4-8983-36021e861d29
2025-08-08 17:57:17,617 - openevolve.llm.ensemble - INFO - Sampled model: deepseek
2025-08-08 17:57:17,629 - openevolve.threaded_parallel - INFO - Iteration 2: Program cdf41102-4972-47c8-a062-c8eb837b312b (parent: 7fd8670a-6cb4-40b4-8983-36021e861d29) completed in 952.38s
2025-08-08 17:57:17,630 - openevolve.threaded_parallel - INFO - Metrics: compiled=1.0000, correctness=0.0000, score=10.0000, stage=wrong_answer, verify_payload={'id': 'level1_66_conv_standard_3D__asymmetric_input__asymmetric_kernel', 'result': {'compiled': True, 'correctness': False, 'metadata': {'hardware': 'NVIDIA L20Y', 'device': 'cuda:2', 'max_difference': ['116.793068', '115.576317', '109.927330', '116.587410', '112.460678'], 'avg_difference': ['14.336764', '14.336644', '14.334428', '14.337821', '14.336843'], 'correctness_issue': 'Output mismatch', 'correctness_trials': '(0 / 5)', 'reference_timing_ms': 0.0443, 'speed_up': -1.0, 'custom_timing': -1.0}, 'runtime': -1.0, 'runtime_stats': {}}}
2025-08-08 17:57:17,630 - openevolve.threaded_parallel - INFO - ðŸŒŸ New best solution found at iteration 2: cdf41102-4972-47c8-a062-c8eb837b312b
2025-08-08 17:59:55,337 - openevolve.RemoteSpeedupEvaluator - INFO - [level1_66_conv_standard_3D__asymmetric_input__asymmetric_kernel] triton key words check pass
2025-08-08 17:59:55,338 - openevolve.RemoteSpeedupEvaluator - INFO - [level1_66_conv_standard_3D__asymmetric_input__asymmetric_kernel] verify_plus payload: reference_code(2241 chars) + custom_code(8118 chars)
2025-08-08 17:59:58,460 - openevolve.RemoteSpeedupEvaluator - INFO - [level1_66_conv_standard_3D__asymmetric_input__asymmetric_kernel] verify_plus request success
2025-08-08 17:59:58,461 - openevolve.RemoteSpeedupEvaluator - INFO - [level1_66_conv_standard_3D__asymmetric_input__asymmetric_kernel] verify_plus response: {"id":"level1_66_conv_standard_3D__asymmetric_input__asymmetric_kernel","result":{"compiled":true,"correctness":false,"metadata":{"hardware":"NVIDIA L20Y","device":"cuda:3","runtime_error":"Traceback (most recent call last):\n  File \"/cpfs01/shared/llm_kernel/hujiakai/KernelLLM/validation_api_server/helpers/evaluations.py\", line 720, in run_and_check_correctness\n    output_new = model_new(*inputs)\n  File \"/home/lijiaxing/.conda/envs/api/lib/python3.10/site-packages/torch/nn/modules/module.py\", line 1773, in _wrapped_call_impl\n    return self._call_impl(*args, **kwargs)\n  File \"/home/lijiaxing/.conda/envs/api/lib/python3.10/site-packages/torch/nn/modules/module.py\", line 1784, in _call_impl\n    return forward_call(*args, **kwargs)\n  File \"/tmp/tmp75qkd1uf.py\", line 58, in forw
2025-08-08 17:59:58,461 - openevolve.RemoteSpeedupEvaluator - INFO - [level1_66_conv_standard_3D__asymmetric_input__asymmetric_kernel] âœ˜ wrong_answer
2025-08-08 17:59:58,461 - openevolve.evaluator - INFO - Evaluated program 0817defc-94ec-4947-bbd2-84fc156b9359 in 3.12s: compiled=1.0000, correctness=0.0000, score=10.0000, stage=wrong_answer, verify_payload={'id': 'level1_66_conv_standard_3D__asymmetric_input__asymmetric_kernel', 'result': {'compiled': True, 'correctness': False, 'metadata': {'hardware': 'NVIDIA L20Y', 'device': 'cuda:3', 'runtime_error': 'Traceback (most recent call last):\n  File "/cpfs01/shared/llm_kernel/hujiakai/KernelLLM/validation_api_server/helpers/evaluations.py", line 720, in run_and_check_correctness\n    output_new = model_new(*inputs)\n  File "/home/lijiaxing/.conda/envs/api/lib/python3.10/site-packages/torch/nn/modules/module.py", line 1773, in _wrapped_call_impl\n    return self._call_impl(*args, **kwargs)\n  File "/home/lijiaxing/.conda/envs/api/lib/python3.10/site-packages/torch/nn/modules/module.py", line 1784, in _call_impl\n    return forward_call(*args, **kwargs)\n  File "/tmp/tmp75qkd1uf.py", line 58, in forward\n    conv3d_kernel[grid](\n  File "/home/lijiaxing/.conda/envs/api/lib/python3.10/site-packages/triton/runtime/jit.py", line 390, in <lambda>\n    return lambda *args, **kwargs: self.run(grid=grid, warmup=False, *args, **kwargs)\n  File "/home/lijiaxing/.conda/envs/api/lib/python3.10/site-packages/triton/runtime/autotuner.py", line 239, in run\n    benchmark()\n  File "/home/lijiaxing/.conda/envs/api/lib/python3.10/site-packages/triton/runtime/autotuner.py", line 228, in benchmark\n    timings = {config: self._bench(*args, config=config, **kwargs) for config in pruned_configs}\n  File "/home/lijiaxing/.conda/envs/api/lib/python3.10/site-packages/triton/runtime/autotuner.py", line 228, in <dictcomp>\n    timings = {config: self._bench(*args, config=config, **kwargs) for config in pruned_configs}\n  File "/home/lijiaxing/.conda/envs/api/lib/python3.10/site-packages/triton/runtime/autotuner.py", line 135, in _bench\n    raise ValueError(f"Conflicting meta-parameters: {\', \'.join(conflicts)}."\nValueError: Conflicting meta-parameters: BLOCK_D, BLOCK_N, BLOCK_O, BLOCK_HW, BLOCK_C. Make sure that you don\'t re-define auto-tuned symbols.\n', 'runtime_error_name': 'builtins.ValueError', 'reference_timing_ms': 0.0443, 'speed_up': -1.0, 'custom_timing': -1.0}, 'runtime': -1.0, 'runtime_stats': {}}}
2025-08-08 17:59:58,465 - openevolve.llm.ensemble - INFO - Sampled model: deepseek
2025-08-08 17:59:58,478 - openevolve.threaded_parallel - INFO - Iteration 1: Program 0817defc-94ec-4947-bbd2-84fc156b9359 (parent: 7fd8670a-6cb4-40b4-8983-36021e861d29) completed in 1113.22s
2025-08-08 17:59:58,478 - openevolve.threaded_parallel - INFO - Metrics: compiled=1.0000, correctness=0.0000, score=10.0000, stage=wrong_answer, verify_payload={'id': 'level1_66_conv_standard_3D__asymmetric_input__asymmetric_kernel', 'result': {'compiled': True, 'correctness': False, 'metadata': {'hardware': 'NVIDIA L20Y', 'device': 'cuda:3', 'runtime_error': 'Traceback (most recent call last):\n  File "/cpfs01/shared/llm_kernel/hujiakai/KernelLLM/validation_api_server/helpers/evaluations.py", line 720, in run_and_check_correctness\n    output_new = model_new(*inputs)\n  File "/home/lijiaxing/.conda/envs/api/lib/python3.10/site-packages/torch/nn/modules/module.py", line 1773, in _wrapped_call_impl\n    return self._call_impl(*args, **kwargs)\n  File "/home/lijiaxing/.conda/envs/api/lib/python3.10/site-packages/torch/nn/modules/module.py", line 1784, in _call_impl\n    return forward_call(*args, **kwargs)\n  File "/tmp/tmp75qkd1uf.py", line 58, in forward\n    conv3d_kernel[grid](\n  File "/home/lijiaxing/.conda/envs/api/lib/python3.10/site-packages/triton/runtime/jit.py", line 390, in <lambda>\n    return lambda *args, **kwargs: self.run(grid=grid, warmup=False, *args, **kwargs)\n  File "/home/lijiaxing/.conda/envs/api/lib/python3.10/site-packages/triton/runtime/autotuner.py", line 239, in run\n    benchmark()\n  File "/home/lijiaxing/.conda/envs/api/lib/python3.10/site-packages/triton/runtime/autotuner.py", line 228, in benchmark\n    timings = {config: self._bench(*args, config=config, **kwargs) for config in pruned_configs}\n  File "/home/lijiaxing/.conda/envs/api/lib/python3.10/site-packages/triton/runtime/autotuner.py", line 228, in <dictcomp>\n    timings = {config: self._bench(*args, config=config, **kwargs) for config in pruned_configs}\n  File "/home/lijiaxing/.conda/envs/api/lib/python3.10/site-packages/triton/runtime/autotuner.py", line 135, in _bench\n    raise ValueError(f"Conflicting meta-parameters: {\', \'.join(conflicts)}."\nValueError: Conflicting meta-parameters: BLOCK_D, BLOCK_N, BLOCK_O, BLOCK_HW, BLOCK_C. Make sure that you don\'t re-define auto-tuned symbols.\n', 'runtime_error_name': 'builtins.ValueError', 'reference_timing_ms': 0.0443, 'speed_up': -1.0, 'custom_timing': -1.0}, 'runtime': -1.0, 'runtime_stats': {}}}
2025-08-08 18:03:29,347 - openevolve.RemoteSpeedupEvaluator - INFO - [level1_66_conv_standard_3D__asymmetric_input__asymmetric_kernel] triton key words check pass
2025-08-08 18:03:29,349 - openevolve.RemoteSpeedupEvaluator - INFO - [level1_66_conv_standard_3D__asymmetric_input__asymmetric_kernel] verify_plus payload: reference_code(2241 chars) + custom_code(7487 chars)
2025-08-08 18:03:32,525 - openevolve.RemoteSpeedupEvaluator - INFO - [level1_66_conv_standard_3D__asymmetric_input__asymmetric_kernel] verify_plus request success
2025-08-08 18:03:32,525 - openevolve.RemoteSpeedupEvaluator - INFO - [level1_66_conv_standard_3D__asymmetric_input__asymmetric_kernel] verify_plus response: {"id":"level1_66_conv_standard_3D__asymmetric_input__asymmetric_kernel","result":{"compiled":true,"correctness":false,"metadata":{"hardware":"NVIDIA L20Y","device":"cuda:2","runtime_error":"Traceback (most recent call last):\n  File \"/home/lijiaxing/.conda/envs/api/lib/python3.10/site-packages/triton/language/core.py\", line 42, in wrapper\n    return fn(*args, **kwargs)\n  File \"/home/lijiaxing/.conda/envs/api/lib/python3.10/site-packages/triton/language/core.py\", line 1630, in program_id\n    return _semantic.program_id(axis)\n  File \"/home/lijiaxing/.conda/envs/api/lib/python3.10/site-packages/triton/language/semantic.py\", line 40, in program_id\n    raise ValueError(f\"program_id axis must be 0, 1, or 2 but got {axis}\")\nValueError: program_id axis must be 0, 1, or 2 but got 3\n\
2025-08-08 18:03:32,525 - openevolve.RemoteSpeedupEvaluator - INFO - [level1_66_conv_standard_3D__asymmetric_input__asymmetric_kernel] âœ˜ wrong_answer
2025-08-08 18:03:32,525 - openevolve.evaluator - INFO - Evaluated program db5a3a9d-f43f-4c67-b9ae-9c2295b10969 in 3.18s: compiled=1.0000, correctness=0.0000, score=10.0000, stage=wrong_answer, verify_payload={'id': 'level1_66_conv_standard_3D__asymmetric_input__asymmetric_kernel', 'result': {'compiled': True, 'correctness': False, 'metadata': {'hardware': 'NVIDIA L20Y', 'device': 'cuda:2', 'runtime_error': 'Traceback (most recent call last):\n  File "/home/lijiaxing/.conda/envs/api/lib/python3.10/site-packages/triton/language/core.py", line 42, in wrapper\n    return fn(*args, **kwargs)\n  File "/home/lijiaxing/.conda/envs/api/lib/python3.10/site-packages/triton/language/core.py", line 1630, in program_id\n    return _semantic.program_id(axis)\n  File "/home/lijiaxing/.conda/envs/api/lib/python3.10/site-packages/triton/language/semantic.py", line 40, in program_id\n    raise ValueError(f"program_id axis must be 0, 1, or 2 but got {axis}")\nValueError: program_id axis must be 0, 1, or 2 but got 3\n\nThe above exception was the direct cause of the following exception:\n\nTraceback (most recent call last):\n  File "/cpfs01/shared/llm_kernel/hujiakai/KernelLLM/validation_api_server/helpers/evaluations.py", line 720, in run_and_check_correctness\n    output_new = model_new(*inputs)\n  File "/home/lijiaxing/.conda/envs/api/lib/python3.10/site-packages/torch/nn/modules/module.py", line 1773, in _wrapped_call_impl\n    return self._call_impl(*args, **kwargs)\n  File "/home/lijiaxing/.conda/envs/api/lib/python3.10/site-packages/torch/nn/modules/module.py", line 1784, in _call_impl\n    return forward_call(*args, **kwargs)\n  File "/tmp/tmp84vqdjbw.py", line 195, in forward\n    return conv3d_triton(\n  File "/tmp/tmp84vqdjbw.py", line 136, in conv3d_triton\n    _conv3d_kernel[grid](\n  File "/home/lijiaxing/.conda/envs/api/lib/python3.10/site-packages/triton/runtime/jit.py", line 390, in <lambda>\n    return lambda *args, **kwargs: self.run(grid=grid, warmup=False, *args, **kwargs)\n  File "/home/lijiaxing/.conda/envs/api/lib/python3.10/site-packages/triton/runtime/jit.py", line 594, in run\n    kernel = self.compile(src, target=target, options=options.__dict__)\n  File "/home/lijiaxing/.conda/envs/api/lib/python3.10/site-packages/triton/compiler/compiler.py", line 339, in compile\n    module = src.make_ir(options, codegen_fns, module_map, context)\n  File "/home/lijiaxing/.conda/envs/api/lib/python3.10/site-packages/triton/compiler/compiler.py", line 83, in make_ir\n    return ast_to_ttir(self.fn, self, context=context, options=options, codegen_fns=codegen_fns,\ntriton.compiler.errors.CompilationError: at 25:12:\n    w_ocs, w_ics, w_ds, w_hs, w_ws,\n    y_bs, y_cs, y_ds, y_hs, y_ws,\n    BLOCK_IC: tl.constexpr,\n    HAVE_BIAS: tl.constexpr,\n    BLOCK_D: tl.constexpr,\n    BLOCK_H: tl.constexpr,\n    BLOCK_W: tl.constexpr,\n):\n    pid_b = tl.program_id(0)\n    pid_oc = tl.program_id(1)\n    pid_d = tl.program_id(2) * BLOCK_D\n    pid_h = tl.program_id(3) * BLOCK_H\n            ^\n\n\nThe above exception was the direct cause of the following exception:\n\nTraceback (most recent call last):\n  File "/home/lijiaxing/.conda/envs/api/lib/python3.10/site-packages/triton/language/core.py", line 42, in wrapper\n    return fn(*args, **kwargs)\n  File "/home/lijiaxing/.conda/envs/api/lib/python3.10/site-packages/triton/language/core.py", line 1630, in program_id\n    return _semantic.program_id(axis)\n  File "/home/lijiaxing/.conda/envs/api/lib/python3.10/site-packages/triton/language/semantic.py", line 40, in program_id\n    raise ValueError(f"program_id axis must be 0, 1, or 2 but got {axis}")\nValueError: program_id axis must be 0, 1, or 2 but got 3\n', 'runtime_error_name': 'triton.compiler.errors.CompilationError', 'reference_timing_ms': 0.0443, 'speed_up': -1.0, 'custom_timing': -1.0}, 'runtime': -1.0, 'runtime_stats': {}}}
2025-08-08 18:03:32,528 - openevolve.database - INFO - New MAP-Elites cell occupied: {'score': 9, 'complexity': 8}
2025-08-08 18:03:32,529 - openevolve.llm.ensemble - INFO - Sampled model: deepseek
2025-08-08 18:03:32,539 - openevolve.threaded_parallel - INFO - Iteration 0: Program db5a3a9d-f43f-4c67-b9ae-9c2295b10969 (parent: 7fd8670a-6cb4-40b4-8983-36021e861d29) completed in 1327.28s
2025-08-08 18:03:32,540 - openevolve.threaded_parallel - INFO - Metrics: compiled=1.0000, correctness=0.0000, score=10.0000, stage=wrong_answer, verify_payload={'id': 'level1_66_conv_standard_3D__asymmetric_input__asymmetric_kernel', 'result': {'compiled': True, 'correctness': False, 'metadata': {'hardware': 'NVIDIA L20Y', 'device': 'cuda:2', 'runtime_error': 'Traceback (most recent call last):\n  File "/home/lijiaxing/.conda/envs/api/lib/python3.10/site-packages/triton/language/core.py", line 42, in wrapper\n    return fn(*args, **kwargs)\n  File "/home/lijiaxing/.conda/envs/api/lib/python3.10/site-packages/triton/language/core.py", line 1630, in program_id\n    return _semantic.program_id(axis)\n  File "/home/lijiaxing/.conda/envs/api/lib/python3.10/site-packages/triton/language/semantic.py", line 40, in program_id\n    raise ValueError(f"program_id axis must be 0, 1, or 2 but got {axis}")\nValueError: program_id axis must be 0, 1, or 2 but got 3\n\nThe above exception was the direct cause of the following exception:\n\nTraceback (most recent call last):\n  File "/cpfs01/shared/llm_kernel/hujiakai/KernelLLM/validation_api_server/helpers/evaluations.py", line 720, in run_and_check_correctness\n    output_new = model_new(*inputs)\n  File "/home/lijiaxing/.conda/envs/api/lib/python3.10/site-packages/torch/nn/modules/module.py", line 1773, in _wrapped_call_impl\n    return self._call_impl(*args, **kwargs)\n  File "/home/lijiaxing/.conda/envs/api/lib/python3.10/site-packages/torch/nn/modules/module.py", line 1784, in _call_impl\n    return forward_call(*args, **kwargs)\n  File "/tmp/tmp84vqdjbw.py", line 195, in forward\n    return conv3d_triton(\n  File "/tmp/tmp84vqdjbw.py", line 136, in conv3d_triton\n    _conv3d_kernel[grid](\n  File "/home/lijiaxing/.conda/envs/api/lib/python3.10/site-packages/triton/runtime/jit.py", line 390, in <lambda>\n    return lambda *args, **kwargs: self.run(grid=grid, warmup=False, *args, **kwargs)\n  File "/home/lijiaxing/.conda/envs/api/lib/python3.10/site-packages/triton/runtime/jit.py", line 594, in run\n    kernel = self.compile(src, target=target, options=options.__dict__)\n  File "/home/lijiaxing/.conda/envs/api/lib/python3.10/site-packages/triton/compiler/compiler.py", line 339, in compile\n    module = src.make_ir(options, codegen_fns, module_map, context)\n  File "/home/lijiaxing/.conda/envs/api/lib/python3.10/site-packages/triton/compiler/compiler.py", line 83, in make_ir\n    return ast_to_ttir(self.fn, self, context=context, options=options, codegen_fns=codegen_fns,\ntriton.compiler.errors.CompilationError: at 25:12:\n    w_ocs, w_ics, w_ds, w_hs, w_ws,\n    y_bs, y_cs, y_ds, y_hs, y_ws,\n    BLOCK_IC: tl.constexpr,\n    HAVE_BIAS: tl.constexpr,\n    BLOCK_D: tl.constexpr,\n    BLOCK_H: tl.constexpr,\n    BLOCK_W: tl.constexpr,\n):\n    pid_b = tl.program_id(0)\n    pid_oc = tl.program_id(1)\n    pid_d = tl.program_id(2) * BLOCK_D\n    pid_h = tl.program_id(3) * BLOCK_H\n            ^\n\n\nThe above exception was the direct cause of the following exception:\n\nTraceback (most recent call last):\n  File "/home/lijiaxing/.conda/envs/api/lib/python3.10/site-packages/triton/language/core.py", line 42, in wrapper\n    return fn(*args, **kwargs)\n  File "/home/lijiaxing/.conda/envs/api/lib/python3.10/site-packages/triton/language/core.py", line 1630, in program_id\n    return _semantic.program_id(axis)\n  File "/home/lijiaxing/.conda/envs/api/lib/python3.10/site-packages/triton/language/semantic.py", line 40, in program_id\n    raise ValueError(f"program_id axis must be 0, 1, or 2 but got {axis}")\nValueError: program_id axis must be 0, 1, or 2 but got 3\n', 'runtime_error_name': 'triton.compiler.errors.CompilationError', 'reference_timing_ms': 0.0443, 'speed_up': -1.0, 'custom_timing': -1.0}, 'runtime': -1.0, 'runtime_stats': {}}}
2025-08-08 18:03:32,540 - openevolve.threaded_parallel - INFO - Checkpoint interval reached at iteration 0
2025-08-08 18:03:32,540 - openevolve.database - INFO - Island Status:
2025-08-08 18:03:32,540 - openevolve.database - INFO -    Island 0: 3 programs, best=10.0000, avg=6.6667, diversity=1417.07, gen=1 (best: cdf41102-4972-47c8-a062-c8eb837b312b)
2025-08-08 18:03:32,540 - openevolve.database - INFO -  * Island 1: 1 programs, best=10.0000, avg=10.0000, diversity=0.00, gen=2 (best: db5a3a9d-f43f-4c67-b9ae-9c2295b10969)
2025-08-08 18:03:32,541 - openevolve.database - INFO -    Island 2: 0 programs, best=0.0000, avg=0.0000, diversity=0.00, gen=0
2025-08-08 18:03:32,590 - openevolve.database - INFO - Saved database with 4 programs to openevolve_output/level1_66_conv_standard_3D__asymmetric_input__asymmetric_kernel/checkpoints/checkpoint_0
2025-08-08 18:03:32,605 - openevolve.controller - INFO - Saved best program at checkpoint 0 with metrics: compiled=1.0000, correctness=0.0000, score=10.0000, stage=wrong_answer, verify_payload={'id': 'level1_66_conv_standard_3D__asymmetric_input__asymmetric_kernel', 'result': {'compiled': True, 'correctness': False, 'metadata': {'hardware': 'NVIDIA L20Y', 'device': 'cuda:2', 'max_difference': ['116.793068', '115.576317', '109.927330', '116.587410', '112.460678'], 'avg_difference': ['14.336764', '14.336644', '14.334428', '14.337821', '14.336843'], 'correctness_issue': 'Output mismatch', 'correctness_trials': '(0 / 5)', 'reference_timing_ms': 0.0443, 'speed_up': -1.0, 'custom_timing': -1.0}, 'runtime': -1.0, 'runtime_stats': {}}}
2025-08-08 18:03:32,605 - openevolve.controller - INFO - Saved checkpoint at iteration 0 to openevolve_output/level1_66_conv_standard_3D__asymmetric_input__asymmetric_kernel/checkpoints/checkpoint_0
2025-08-08 18:15:40,029 - openevolve.RemoteSpeedupEvaluator - INFO - [level1_66_conv_standard_3D__asymmetric_input__asymmetric_kernel] triton key words check pass
2025-08-08 18:15:40,030 - openevolve.RemoteSpeedupEvaluator - INFO - [level1_66_conv_standard_3D__asymmetric_input__asymmetric_kernel] verify_plus payload: reference_code(2241 chars) + custom_code(6366 chars)
2025-08-08 18:15:46,230 - openevolve.RemoteSpeedupEvaluator - INFO - [level1_66_conv_standard_3D__asymmetric_input__asymmetric_kernel] verify_plus request success
2025-08-08 18:15:46,231 - openevolve.RemoteSpeedupEvaluator - INFO - [level1_66_conv_standard_3D__asymmetric_input__asymmetric_kernel] verify_plus response: {"id":"level1_66_conv_standard_3D__asymmetric_input__asymmetric_kernel","result":{"compiled":true,"correctness":false,"metadata":{"hardware":"NVIDIA L20Y","device":"cuda:7","max_difference":["116.793068","115.576317","109.927330","116.587410","112.460678"],"avg_difference":["14.336764","14.336644","14.334428","14.337821","14.336843"],"correctness_issue":"Output mismatch","correctness_trials":"(0 / 5)","reference_timing_ms":0.0443,"speed_up":-1.0,"custom_timing":-1.0},"runtime":-1.0,"runtime_stats":{}}}
2025-08-08 18:15:46,231 - openevolve.RemoteSpeedupEvaluator - INFO - [level1_66_conv_standard_3D__asymmetric_input__asymmetric_kernel] âœ˜ wrong_answer
2025-08-08 18:15:46,231 - openevolve.evaluator - INFO - Evaluated program e540f9a8-b547-4022-acc8-a43cd9d862ff in 6.20s: compiled=1.0000, correctness=0.0000, score=10.0000, stage=wrong_answer, verify_payload={'id': 'level1_66_conv_standard_3D__asymmetric_input__asymmetric_kernel', 'result': {'compiled': True, 'correctness': False, 'metadata': {'hardware': 'NVIDIA L20Y', 'device': 'cuda:7', 'max_difference': ['116.793068', '115.576317', '109.927330', '116.587410', '112.460678'], 'avg_difference': ['14.336764', '14.336644', '14.334428', '14.337821', '14.336843'], 'correctness_issue': 'Output mismatch', 'correctness_trials': '(0 / 5)', 'reference_timing_ms': 0.0443, 'speed_up': -1.0, 'custom_timing': -1.0}, 'runtime': -1.0, 'runtime_stats': {}}}
2025-08-08 18:15:46,234 - openevolve.database - INFO - New MAP-Elites cell occupied: {'score': 9, 'complexity': 6}
2025-08-08 18:15:46,235 - openevolve.llm.ensemble - INFO - Sampled model: deepseek
2025-08-08 18:15:46,247 - openevolve.threaded_parallel - INFO - Iteration 5: Program e540f9a8-b547-4022-acc8-a43cd9d862ff (parent: 7fd8670a-6cb4-40b4-8983-36021e861d29) completed in 733.70s
2025-08-08 18:15:46,247 - openevolve.threaded_parallel - INFO - Metrics: compiled=1.0000, correctness=0.0000, score=10.0000, stage=wrong_answer, verify_payload={'id': 'level1_66_conv_standard_3D__asymmetric_input__asymmetric_kernel', 'result': {'compiled': True, 'correctness': False, 'metadata': {'hardware': 'NVIDIA L20Y', 'device': 'cuda:7', 'max_difference': ['116.793068', '115.576317', '109.927330', '116.587410', '112.460678'], 'avg_difference': ['14.336764', '14.336644', '14.334428', '14.337821', '14.336843'], 'correctness_issue': 'Output mismatch', 'correctness_trials': '(0 / 5)', 'reference_timing_ms': 0.0443, 'speed_up': -1.0, 'custom_timing': -1.0}, 'runtime': -1.0, 'runtime_stats': {}}}
2025-08-08 18:16:15,191 - openevolve.RemoteSpeedupEvaluator - INFO - [level1_66_conv_standard_3D__asymmetric_input__asymmetric_kernel] triton key words check pass
2025-08-08 18:16:15,192 - openevolve.RemoteSpeedupEvaluator - INFO - [level1_66_conv_standard_3D__asymmetric_input__asymmetric_kernel] verify_plus payload: reference_code(2241 chars) + custom_code(6887 chars)
2025-08-08 18:16:17,949 - openevolve.RemoteSpeedupEvaluator - INFO - [level1_66_conv_standard_3D__asymmetric_input__asymmetric_kernel] verify_plus request success
2025-08-08 18:16:17,949 - openevolve.RemoteSpeedupEvaluator - INFO - [level1_66_conv_standard_3D__asymmetric_input__asymmetric_kernel] verify_plus response: {"id":"level1_66_conv_standard_3D__asymmetric_input__asymmetric_kernel","result":{"compiled":true,"correctness":false,"metadata":{"hardware":"NVIDIA L20Y","device":"cuda:7","runtime_error":"Traceback (most recent call last):\n  File \"/cpfs01/shared/llm_kernel/hujiakai/KernelLLM/validation_api_server/helpers/evaluations.py\", line 720, in run_and_check_correctness\n    output_new = model_new(*inputs)\n  File \"/home/lijiaxing/.conda/envs/api/lib/python3.10/site-packages/torch/nn/modules/module.py\", line 1773, in _wrapped_call_impl\n    return self._call_impl(*args, **kwargs)\n  File \"/home/lijiaxing/.conda/envs/api/lib/python3.10/site-packages/torch/nn/modules/module.py\", line 1784, in _call_impl\n    return forward_call(*args, **kwargs)\n  File \"/tmp/tmp596f3wc5.py\", line 158, in for
2025-08-08 18:16:17,950 - openevolve.RemoteSpeedupEvaluator - INFO - [level1_66_conv_standard_3D__asymmetric_input__asymmetric_kernel] âœ˜ wrong_answer
2025-08-08 18:16:17,950 - openevolve.evaluator - INFO - Evaluated program 7b7cefc5-d1dc-432d-88f9-3f57787f92fe in 2.76s: compiled=1.0000, correctness=0.0000, score=10.0000, stage=wrong_answer, verify_payload={'id': 'level1_66_conv_standard_3D__asymmetric_input__asymmetric_kernel', 'result': {'compiled': True, 'correctness': False, 'metadata': {'hardware': 'NVIDIA L20Y', 'device': 'cuda:7', 'runtime_error': 'Traceback (most recent call last):\n  File "/cpfs01/shared/llm_kernel/hujiakai/KernelLLM/validation_api_server/helpers/evaluations.py", line 720, in run_and_check_correctness\n    output_new = model_new(*inputs)\n  File "/home/lijiaxing/.conda/envs/api/lib/python3.10/site-packages/torch/nn/modules/module.py", line 1773, in _wrapped_call_impl\n    return self._call_impl(*args, **kwargs)\n  File "/home/lijiaxing/.conda/envs/api/lib/python3.10/site-packages/torch/nn/modules/module.py", line 1784, in _call_impl\n    return forward_call(*args, **kwargs)\n  File "/tmp/tmp596f3wc5.py", line 158, in forward\n    conv3d_kernel[grid](\n  File "/home/lijiaxing/.conda/envs/api/lib/python3.10/site-packages/triton/runtime/jit.py", line 390, in <lambda>\n    return lambda *args, **kwargs: self.run(grid=grid, warmup=False, *args, **kwargs)\n  File "/home/lijiaxing/.conda/envs/api/lib/python3.10/site-packages/triton/runtime/autotuner.py", line 239, in run\n    benchmark()\n  File "/home/lijiaxing/.conda/envs/api/lib/python3.10/site-packages/triton/runtime/autotuner.py", line 228, in benchmark\n    timings = {config: self._bench(*args, config=config, **kwargs) for config in pruned_configs}\n  File "/home/lijiaxing/.conda/envs/api/lib/python3.10/site-packages/triton/runtime/autotuner.py", line 228, in <dictcomp>\n    timings = {config: self._bench(*args, config=config, **kwargs) for config in pruned_configs}\n  File "/home/lijiaxing/.conda/envs/api/lib/python3.10/site-packages/triton/runtime/autotuner.py", line 135, in _bench\n    raise ValueError(f"Conflicting meta-parameters: {\', \'.join(conflicts)}."\nValueError: Conflicting meta-parameters: VEC_SIZE, BLOCK_C. Make sure that you don\'t re-define auto-tuned symbols.\n', 'runtime_error_name': 'builtins.ValueError', 'reference_timing_ms': 0.0443, 'speed_up': -1.0, 'custom_timing': -1.0}, 'runtime': -1.0, 'runtime_stats': {}}}
2025-08-08 18:16:17,953 - openevolve.llm.ensemble - INFO - Sampled model: deepseek
2025-08-08 18:16:17,959 - openevolve.database - INFO - New MAP-Elites cell occupied: {'score': 9, 'complexity': 7}
2025-08-08 18:16:17,971 - openevolve.threaded_parallel - INFO - Iteration 3: Program 7b7cefc5-d1dc-432d-88f9-3f57787f92fe (parent: 7fd8670a-6cb4-40b4-8983-36021e861d29) completed in 1140.33s
2025-08-08 18:16:17,971 - openevolve.threaded_parallel - INFO - Metrics: compiled=1.0000, correctness=0.0000, score=10.0000, stage=wrong_answer, verify_payload={'id': 'level1_66_conv_standard_3D__asymmetric_input__asymmetric_kernel', 'result': {'compiled': True, 'correctness': False, 'metadata': {'hardware': 'NVIDIA L20Y', 'device': 'cuda:7', 'runtime_error': 'Traceback (most recent call last):\n  File "/cpfs01/shared/llm_kernel/hujiakai/KernelLLM/validation_api_server/helpers/evaluations.py", line 720, in run_and_check_correctness\n    output_new = model_new(*inputs)\n  File "/home/lijiaxing/.conda/envs/api/lib/python3.10/site-packages/torch/nn/modules/module.py", line 1773, in _wrapped_call_impl\n    return self._call_impl(*args, **kwargs)\n  File "/home/lijiaxing/.conda/envs/api/lib/python3.10/site-packages/torch/nn/modules/module.py", line 1784, in _call_impl\n    return forward_call(*args, **kwargs)\n  File "/tmp/tmp596f3wc5.py", line 158, in forward\n    conv3d_kernel[grid](\n  File "/home/lijiaxing/.conda/envs/api/lib/python3.10/site-packages/triton/runtime/jit.py", line 390, in <lambda>\n    return lambda *args, **kwargs: self.run(grid=grid, warmup=False, *args, **kwargs)\n  File "/home/lijiaxing/.conda/envs/api/lib/python3.10/site-packages/triton/runtime/autotuner.py", line 239, in run\n    benchmark()\n  File "/home/lijiaxing/.conda/envs/api/lib/python3.10/site-packages/triton/runtime/autotuner.py", line 228, in benchmark\n    timings = {config: self._bench(*args, config=config, **kwargs) for config in pruned_configs}\n  File "/home/lijiaxing/.conda/envs/api/lib/python3.10/site-packages/triton/runtime/autotuner.py", line 228, in <dictcomp>\n    timings = {config: self._bench(*args, config=config, **kwargs) for config in pruned_configs}\n  File "/home/lijiaxing/.conda/envs/api/lib/python3.10/site-packages/triton/runtime/autotuner.py", line 135, in _bench\n    raise ValueError(f"Conflicting meta-parameters: {\', \'.join(conflicts)}."\nValueError: Conflicting meta-parameters: VEC_SIZE, BLOCK_C. Make sure that you don\'t re-define auto-tuned symbols.\n', 'runtime_error_name': 'builtins.ValueError', 'reference_timing_ms': 0.0443, 'speed_up': -1.0, 'custom_timing': -1.0}, 'runtime': -1.0, 'runtime_stats': {}}}
2025-08-08 18:16:17,972 - openevolve.threaded_parallel - INFO - Checkpoint interval reached at iteration 3
2025-08-08 18:16:17,972 - openevolve.database - INFO - Island Status:
2025-08-08 18:16:17,972 - openevolve.database - INFO -  * Island 0: 3 programs, best=10.0000, avg=6.6667, diversity=1417.07, gen=2 (best: cdf41102-4972-47c8-a062-c8eb837b312b)
2025-08-08 18:16:17,972 - openevolve.database - INFO -    Island 1: 2 programs, best=10.0000, avg=10.0000, diversity=766.10, gen=2 (best: db5a3a9d-f43f-4c67-b9ae-9c2295b10969)
2025-08-08 18:16:17,972 - openevolve.database - INFO -    Island 2: 1 programs, best=10.0000, avg=10.0000, diversity=0.00, gen=1 (best: 7b7cefc5-d1dc-432d-88f9-3f57787f92fe)
2025-08-08 18:16:18,049 - openevolve.database - INFO - Saved database with 6 programs to openevolve_output/level1_66_conv_standard_3D__asymmetric_input__asymmetric_kernel/checkpoints/checkpoint_3
2025-08-08 18:16:18,065 - openevolve.controller - INFO - Saved best program at checkpoint 3 with metrics: compiled=1.0000, correctness=0.0000, score=10.0000, stage=wrong_answer, verify_payload={'id': 'level1_66_conv_standard_3D__asymmetric_input__asymmetric_kernel', 'result': {'compiled': True, 'correctness': False, 'metadata': {'hardware': 'NVIDIA L20Y', 'device': 'cuda:2', 'max_difference': ['116.793068', '115.576317', '109.927330', '116.587410', '112.460678'], 'avg_difference': ['14.336764', '14.336644', '14.334428', '14.337821', '14.336843'], 'correctness_issue': 'Output mismatch', 'correctness_trials': '(0 / 5)', 'reference_timing_ms': 0.0443, 'speed_up': -1.0, 'custom_timing': -1.0}, 'runtime': -1.0, 'runtime_stats': {}}}
2025-08-08 18:16:18,065 - openevolve.controller - INFO - Saved checkpoint at iteration 3 to openevolve_output/level1_66_conv_standard_3D__asymmetric_input__asymmetric_kernel/checkpoints/checkpoint_3
2025-08-08 18:16:32,544 - openevolve.RemoteSpeedupEvaluator - INFO - [level1_66_conv_standard_3D__asymmetric_input__asymmetric_kernel] triton key words check pass
2025-08-08 18:16:32,545 - openevolve.RemoteSpeedupEvaluator - INFO - [level1_66_conv_standard_3D__asymmetric_input__asymmetric_kernel] verify_plus payload: reference_code(2241 chars) + custom_code(6048 chars)
2025-08-08 18:16:42,445 - openevolve.RemoteSpeedupEvaluator - ERROR - [level1_66_conv_standard_3D__asymmetric_input__asymmetric_kernel] âœ˜ verify_plus request failed
Traceback (most recent call last):
  File "/cpfs01/shared/llm_kernel/hujiakai/KernelLLM/openevolve/triton_evolve/remote_speedup_evaluator.py", line 107, in evaluate
    verify = self._call_verify(uid, reference_code, candidate_code)
  File "/cpfs01/shared/llm_kernel/hujiakai/KernelLLM/openevolve/triton_evolve/remote_speedup_evaluator.py", line 210, in _call_verify
    r.raise_for_status()
  File "/home/lijiaxing/.conda/envs/openevolve/lib/python3.10/site-packages/requests/models.py", line 1026, in raise_for_status
    raise HTTPError(http_error_msg, response=self)
requests.exceptions.HTTPError: 500 Server Error: Internal Server Error for url: http://localhost:8011/verify_plus
2025-08-08 18:16:42,447 - openevolve.evaluator - INFO - Evaluated program 59214f2b-8983-429d-9339-e81a5898ba51 in 9.90s: compiled=0.0000, correctness=0.0000, score=-100.0000, stage=infra_error, exception=500 Server Error: Internal Server Error for url: http://localhost:8011/verify_plus
2025-08-08 18:16:42,450 - openevolve.llm.ensemble - INFO - Sampled model: deepseek
2025-08-08 18:16:42,457 - openevolve.database - INFO - New MAP-Elites cell occupied: {'score': -1000, 'complexity': 6}
2025-08-08 18:16:42,505 - openevolve.threaded_parallel - INFO - Iteration 4: Program 59214f2b-8983-429d-9339-e81a5898ba51 (parent: cdf41102-4972-47c8-a062-c8eb837b312b) completed in 1003.98s
2025-08-08 18:16:42,505 - openevolve.threaded_parallel - INFO - Metrics: compiled=0.0000, correctness=0.0000, score=-100.0000, stage=infra_error, exception=500 Server Error: Internal Server Error for url: http://localhost:8011/verify_plus
2025-08-08 18:26:02,081 - openevolve.RemoteSpeedupEvaluator - INFO - [level1_66_conv_standard_3D__asymmetric_input__asymmetric_kernel] triton key words check pass
2025-08-08 18:26:02,083 - openevolve.RemoteSpeedupEvaluator - INFO - [level1_66_conv_standard_3D__asymmetric_input__asymmetric_kernel] verify_plus payload: reference_code(2241 chars) + custom_code(8143 chars)
2025-08-08 18:26:05,253 - openevolve.RemoteSpeedupEvaluator - INFO - [level1_66_conv_standard_3D__asymmetric_input__asymmetric_kernel] verify_plus request success
2025-08-08 18:26:05,253 - openevolve.RemoteSpeedupEvaluator - INFO - [level1_66_conv_standard_3D__asymmetric_input__asymmetric_kernel] verify_plus response: {"id":"level1_66_conv_standard_3D__asymmetric_input__asymmetric_kernel","result":{"compiled":true,"correctness":false,"metadata":{"hardware":"NVIDIA L20Y","device":"cuda:2","runtime_error":"Traceback (most recent call last):\n  File \"/cpfs01/shared/llm_kernel/hujiakai/KernelLLM/validation_api_server/helpers/evaluations.py\", line 720, in run_and_check_correctness\n    output_new = model_new(*inputs)\n  File \"/home/lijiaxing/.conda/envs/api/lib/python3.10/site-packages/torch/nn/modules/module.py\", line 1773, in _wrapped_call_impl\n    return self._call_impl(*args, **kwargs)\n  File \"/home/lijiaxing/.conda/envs/api/lib/python3.10/site-packages/torch/nn/modules/module.py\", line 1784, in _call_impl\n    return forward_call(*args, **kwargs)\n  File \"/tmp/tmpfinv30j_.py\", line 215, in for
2025-08-08 18:26:05,254 - openevolve.RemoteSpeedupEvaluator - INFO - [level1_66_conv_standard_3D__asymmetric_input__asymmetric_kernel] âœ˜ wrong_answer
2025-08-08 18:26:05,254 - openevolve.evaluator - INFO - Evaluated program 899f0a91-4441-4319-a744-09e1c4e68537 in 3.17s: compiled=1.0000, correctness=0.0000, score=10.0000, stage=wrong_answer, verify_payload={'id': 'level1_66_conv_standard_3D__asymmetric_input__asymmetric_kernel', 'result': {'compiled': True, 'correctness': False, 'metadata': {'hardware': 'NVIDIA L20Y', 'device': 'cuda:2', 'runtime_error': 'Traceback (most recent call last):\n  File "/cpfs01/shared/llm_kernel/hujiakai/KernelLLM/validation_api_server/helpers/evaluations.py", line 720, in run_and_check_correctness\n    output_new = model_new(*inputs)\n  File "/home/lijiaxing/.conda/envs/api/lib/python3.10/site-packages/torch/nn/modules/module.py", line 1773, in _wrapped_call_impl\n    return self._call_impl(*args, **kwargs)\n  File "/home/lijiaxing/.conda/envs/api/lib/python3.10/site-packages/torch/nn/modules/module.py", line 1784, in _call_impl\n    return forward_call(*args, **kwargs)\n  File "/tmp/tmpfinv30j_.py", line 215, in forward\n    return conv3d_triton(\n  File "/tmp/tmpfinv30j_.py", line 153, in conv3d_triton\n    _conv3d_kernel[grid](\n  File "/home/lijiaxing/.conda/envs/api/lib/python3.10/site-packages/triton/runtime/jit.py", line 390, in <lambda>\n    return lambda *args, **kwargs: self.run(grid=grid, warmup=False, *args, **kwargs)\n  File "/home/lijiaxing/.conda/envs/api/lib/python3.10/site-packages/triton/runtime/jit.py", line 594, in run\n    kernel = self.compile(src, target=target, options=options.__dict__)\n  File "/home/lijiaxing/.conda/envs/api/lib/python3.10/site-packages/triton/compiler/compiler.py", line 339, in compile\n    module = src.make_ir(options, codegen_fns, module_map, context)\n  File "/home/lijiaxing/.conda/envs/api/lib/python3.10/site-packages/triton/compiler/compiler.py", line 83, in make_ir\n    return ast_to_ttir(self.fn, self, context=context, options=options, codegen_fns=codegen_fns,\ntriton.compiler.errors.CompilationError: at 77:30:\n            for kh in range(Kh):\n                for kw in range(Kw):\n                    # Compute input positions\n                    in_d = d_offsets * stride_d - pad_d + kd * dil_d\n                    in_h = h_offsets * stride_h - pad_h + kh * dil_h\n                    in_w = w_offsets * stride_w - pad_w + kw * dil_w\n\n                    # Check input boundaries\n                    in_d_mask = (in_d >= 0) & (in_d < D)\n                    in_h_mask = (in_h >= 0) & (in_h < H)\n                    in_w_mask = (in_w >= 0) & (in_w < W)\n                    in_mask = in_d_mask[:, None, None] & in_h_mask[None, :, None] & in_w_mask[None, None, :] & ic_mask\n                              ^\nValueError(\'Cannot make_shape_compatible: incompatible dimensions at index 2: 8 and 32\')\n\n\nThe above exception was the direct cause of the following exception:\n\nTraceback (most recent call last):\n  File "/home/lijiaxing/.conda/envs/api/lib/python3.10/site-packages/triton/language/core.py", line 42, in wrapper\n    return fn(*args, **kwargs)\n  File "/home/lijiaxing/.conda/envs/api/lib/python3.10/site-packages/triton/language/core.py", line 966, in __and__\n    return _semantic.and_(self, other)\n  File "/home/lijiaxing/.conda/envs/api/lib/python3.10/site-packages/triton/language/semantic.py", line 420, in and_\n    input, other = self.bitwise_op_type_checking_impl(input, other)\n  File "/home/lijiaxing/.conda/envs/api/lib/python3.10/site-packages/triton/language/semantic.py", line 407, in bitwise_op_type_checking_impl\n    input, other = self.binary_op_type_checking_impl(input, other)\n  File "/home/lijiaxing/.conda/envs/api/lib/python3.10/site-packages/triton/language/semantic.py", line 203, in binary_op_type_checking_impl\n    lhs, rhs = self.broadcast_impl_value(lhs, rhs)\n  File "/home/lijiaxing/.conda/envs/api/lib/python3.10/site-packages/triton/language/semantic.py", line 749, in broadcast_impl_value\n    raise ValueError("Cannot make_shape_compatible: incompatible dimensions "\nValueError: Cannot make_shape_compatible: incompatible dimensions at index 2: 8 and 32\n', 'runtime_error_name': 'triton.compiler.errors.CompilationError', 'reference_timing_ms': 0.0443, 'speed_up': -1.0, 'custom_timing': -1.0}, 'runtime': -1.0, 'runtime_stats': {}}}
2025-08-08 18:26:05,259 - openevolve.llm.ensemble - INFO - Sampled model: deepseek
2025-08-08 18:26:05,277 - openevolve.threaded_parallel - INFO - Iteration 6: Program 899f0a91-4441-4319-a744-09e1c4e68537 (parent: db5a3a9d-f43f-4c67-b9ae-9c2295b10969) completed in 619.02s
2025-08-08 18:26:05,277 - openevolve.threaded_parallel - INFO - Metrics: compiled=1.0000, correctness=0.0000, score=10.0000, stage=wrong_answer, verify_payload={'id': 'level1_66_conv_standard_3D__asymmetric_input__asymmetric_kernel', 'result': {'compiled': True, 'correctness': False, 'metadata': {'hardware': 'NVIDIA L20Y', 'device': 'cuda:2', 'runtime_error': 'Traceback (most recent call last):\n  File "/cpfs01/shared/llm_kernel/hujiakai/KernelLLM/validation_api_server/helpers/evaluations.py", line 720, in run_and_check_correctness\n    output_new = model_new(*inputs)\n  File "/home/lijiaxing/.conda/envs/api/lib/python3.10/site-packages/torch/nn/modules/module.py", line 1773, in _wrapped_call_impl\n    return self._call_impl(*args, **kwargs)\n  File "/home/lijiaxing/.conda/envs/api/lib/python3.10/site-packages/torch/nn/modules/module.py", line 1784, in _call_impl\n    return forward_call(*args, **kwargs)\n  File "/tmp/tmpfinv30j_.py", line 215, in forward\n    return conv3d_triton(\n  File "/tmp/tmpfinv30j_.py", line 153, in conv3d_triton\n    _conv3d_kernel[grid](\n  File "/home/lijiaxing/.conda/envs/api/lib/python3.10/site-packages/triton/runtime/jit.py", line 390, in <lambda>\n    return lambda *args, **kwargs: self.run(grid=grid, warmup=False, *args, **kwargs)\n  File "/home/lijiaxing/.conda/envs/api/lib/python3.10/site-packages/triton/runtime/jit.py", line 594, in run\n    kernel = self.compile(src, target=target, options=options.__dict__)\n  File "/home/lijiaxing/.conda/envs/api/lib/python3.10/site-packages/triton/compiler/compiler.py", line 339, in compile\n    module = src.make_ir(options, codegen_fns, module_map, context)\n  File "/home/lijiaxing/.conda/envs/api/lib/python3.10/site-packages/triton/compiler/compiler.py", line 83, in make_ir\n    return ast_to_ttir(self.fn, self, context=context, options=options, codegen_fns=codegen_fns,\ntriton.compiler.errors.CompilationError: at 77:30:\n            for kh in range(Kh):\n                for kw in range(Kw):\n                    # Compute input positions\n                    in_d = d_offsets * stride_d - pad_d + kd * dil_d\n                    in_h = h_offsets * stride_h - pad_h + kh * dil_h\n                    in_w = w_offsets * stride_w - pad_w + kw * dil_w\n\n                    # Check input boundaries\n                    in_d_mask = (in_d >= 0) & (in_d < D)\n                    in_h_mask = (in_h >= 0) & (in_h < H)\n                    in_w_mask = (in_w >= 0) & (in_w < W)\n                    in_mask = in_d_mask[:, None, None] & in_h_mask[None, :, None] & in_w_mask[None, None, :] & ic_mask\n                              ^\nValueError(\'Cannot make_shape_compatible: incompatible dimensions at index 2: 8 and 32\')\n\n\nThe above exception was the direct cause of the following exception:\n\nTraceback (most recent call last):\n  File "/home/lijiaxing/.conda/envs/api/lib/python3.10/site-packages/triton/language/core.py", line 42, in wrapper\n    return fn(*args, **kwargs)\n  File "/home/lijiaxing/.conda/envs/api/lib/python3.10/site-packages/triton/language/core.py", line 966, in __and__\n    return _semantic.and_(self, other)\n  File "/home/lijiaxing/.conda/envs/api/lib/python3.10/site-packages/triton/language/semantic.py", line 420, in and_\n    input, other = self.bitwise_op_type_checking_impl(input, other)\n  File "/home/lijiaxing/.conda/envs/api/lib/python3.10/site-packages/triton/language/semantic.py", line 407, in bitwise_op_type_checking_impl\n    input, other = self.binary_op_type_checking_impl(input, other)\n  File "/home/lijiaxing/.conda/envs/api/lib/python3.10/site-packages/triton/language/semantic.py", line 203, in binary_op_type_checking_impl\n    lhs, rhs = self.broadcast_impl_value(lhs, rhs)\n  File "/home/lijiaxing/.conda/envs/api/lib/python3.10/site-packages/triton/language/semantic.py", line 749, in broadcast_impl_value\n    raise ValueError("Cannot make_shape_compatible: incompatible dimensions "\nValueError: Cannot make_shape_compatible: incompatible dimensions at index 2: 8 and 32\n', 'runtime_error_name': 'triton.compiler.errors.CompilationError', 'reference_timing_ms': 0.0443, 'speed_up': -1.0, 'custom_timing': -1.0}, 'runtime': -1.0, 'runtime_stats': {}}}
2025-08-08 18:26:05,277 - openevolve.threaded_parallel - INFO - Checkpoint interval reached at iteration 6
2025-08-08 18:26:05,279 - openevolve.database - INFO - Island Status:
2025-08-08 18:26:05,279 - openevolve.database - INFO -    Island 0: 4 programs, best=10.0000, avg=-20.0000, diversity=1076.72, gen=2 (best: cdf41102-4972-47c8-a062-c8eb837b312b)
2025-08-08 18:26:05,279 - openevolve.database - INFO -    Island 1: 3 programs, best=10.0000, avg=10.0000, diversity=687.80, gen=3 (best: db5a3a9d-f43f-4c67-b9ae-9c2295b10969)
2025-08-08 18:26:05,279 - openevolve.database - INFO -  * Island 2: 1 programs, best=10.0000, avg=10.0000, diversity=0.00, gen=2 (best: 7b7cefc5-d1dc-432d-88f9-3f57787f92fe)
2025-08-08 18:26:05,385 - openevolve.database - INFO - Saved database with 8 programs to openevolve_output/level1_66_conv_standard_3D__asymmetric_input__asymmetric_kernel/checkpoints/checkpoint_6
2025-08-08 18:26:05,411 - openevolve.controller - INFO - Saved best program at checkpoint 6 with metrics: compiled=1.0000, correctness=0.0000, score=10.0000, stage=wrong_answer, verify_payload={'id': 'level1_66_conv_standard_3D__asymmetric_input__asymmetric_kernel', 'result': {'compiled': True, 'correctness': False, 'metadata': {'hardware': 'NVIDIA L20Y', 'device': 'cuda:2', 'max_difference': ['116.793068', '115.576317', '109.927330', '116.587410', '112.460678'], 'avg_difference': ['14.336764', '14.336644', '14.334428', '14.337821', '14.336843'], 'correctness_issue': 'Output mismatch', 'correctness_trials': '(0 / 5)', 'reference_timing_ms': 0.0443, 'speed_up': -1.0, 'custom_timing': -1.0}, 'runtime': -1.0, 'runtime_stats': {}}}
2025-08-08 18:26:05,411 - openevolve.controller - INFO - Saved checkpoint at iteration 6 to openevolve_output/level1_66_conv_standard_3D__asymmetric_input__asymmetric_kernel/checkpoints/checkpoint_6
2025-08-08 18:26:41,906 - openevolve.RemoteSpeedupEvaluator - INFO - [level1_66_conv_standard_3D__asymmetric_input__asymmetric_kernel] triton key words check pass
2025-08-08 18:26:41,908 - openevolve.RemoteSpeedupEvaluator - INFO - [level1_66_conv_standard_3D__asymmetric_input__asymmetric_kernel] verify_plus payload: reference_code(2241 chars) + custom_code(6282 chars)
2025-08-08 18:26:47,969 - openevolve.RemoteSpeedupEvaluator - INFO - [level1_66_conv_standard_3D__asymmetric_input__asymmetric_kernel] verify_plus request success
2025-08-08 18:26:47,970 - openevolve.RemoteSpeedupEvaluator - INFO - [level1_66_conv_standard_3D__asymmetric_input__asymmetric_kernel] verify_plus response: {"id":"level1_66_conv_standard_3D__asymmetric_input__asymmetric_kernel","result":{"compiled":true,"correctness":false,"metadata":{"hardware":"NVIDIA L20Y","device":"cuda:1","max_difference":["116.793068","115.576317","109.927330","116.587410","112.460678"],"avg_difference":["14.336764","14.336644","14.334428","14.337821","14.336843"],"correctness_issue":"Output mismatch","correctness_trials":"(0 / 5)","reference_timing_ms":0.0443,"speed_up":-1.0,"custom_timing":-1.0},"runtime":-1.0,"runtime_stats":{}}}
2025-08-08 18:26:47,970 - openevolve.RemoteSpeedupEvaluator - INFO - [level1_66_conv_standard_3D__asymmetric_input__asymmetric_kernel] âœ˜ wrong_answer
2025-08-08 18:26:47,970 - openevolve.evaluator - INFO - Evaluated program 5fa7220d-f871-4e72-8cdb-76e59adf5c29 in 6.07s: compiled=1.0000, correctness=0.0000, score=10.0000, stage=wrong_answer, verify_payload={'id': 'level1_66_conv_standard_3D__asymmetric_input__asymmetric_kernel', 'result': {'compiled': True, 'correctness': False, 'metadata': {'hardware': 'NVIDIA L20Y', 'device': 'cuda:1', 'max_difference': ['116.793068', '115.576317', '109.927330', '116.587410', '112.460678'], 'avg_difference': ['14.336764', '14.336644', '14.334428', '14.337821', '14.336843'], 'correctness_issue': 'Output mismatch', 'correctness_trials': '(0 / 5)', 'reference_timing_ms': 0.0443, 'speed_up': -1.0, 'custom_timing': -1.0}, 'runtime': -1.0, 'runtime_stats': {}}}
2025-08-08 18:26:47,973 - openevolve.llm.ensemble - INFO - Sampled model: deepseek
2025-08-08 18:26:48,003 - openevolve.threaded_parallel - INFO - Iteration 8: Program 5fa7220d-f871-4e72-8cdb-76e59adf5c29 (parent: cdf41102-4972-47c8-a062-c8eb837b312b) completed in 605.52s
2025-08-08 18:26:48,003 - openevolve.threaded_parallel - INFO - Metrics: compiled=1.0000, correctness=0.0000, score=10.0000, stage=wrong_answer, verify_payload={'id': 'level1_66_conv_standard_3D__asymmetric_input__asymmetric_kernel', 'result': {'compiled': True, 'correctness': False, 'metadata': {'hardware': 'NVIDIA L20Y', 'device': 'cuda:1', 'max_difference': ['116.793068', '115.576317', '109.927330', '116.587410', '112.460678'], 'avg_difference': ['14.336764', '14.336644', '14.334428', '14.337821', '14.336843'], 'correctness_issue': 'Output mismatch', 'correctness_trials': '(0 / 5)', 'reference_timing_ms': 0.0443, 'speed_up': -1.0, 'custom_timing': -1.0}, 'runtime': -1.0, 'runtime_stats': {}}}
2025-08-08 18:28:30,803 - openevolve.RemoteSpeedupEvaluator - INFO - [level1_66_conv_standard_3D__asymmetric_input__asymmetric_kernel] triton key words check pass
2025-08-08 18:28:30,804 - openevolve.RemoteSpeedupEvaluator - INFO - [level1_66_conv_standard_3D__asymmetric_input__asymmetric_kernel] verify_plus payload: reference_code(2241 chars) + custom_code(8272 chars)
2025-08-08 18:28:34,034 - openevolve.RemoteSpeedupEvaluator - INFO - [level1_66_conv_standard_3D__asymmetric_input__asymmetric_kernel] verify_plus request success
2025-08-08 18:28:34,034 - openevolve.RemoteSpeedupEvaluator - INFO - [level1_66_conv_standard_3D__asymmetric_input__asymmetric_kernel] verify_plus response: {"id":"level1_66_conv_standard_3D__asymmetric_input__asymmetric_kernel","result":{"compiled":true,"correctness":false,"metadata":{"hardware":"NVIDIA L20Y","device":"cuda:7","runtime_error":"Traceback (most recent call last):\n  File \"/cpfs01/shared/llm_kernel/hujiakai/KernelLLM/validation_api_server/helpers/evaluations.py\", line 720, in run_and_check_correctness\n    output_new = model_new(*inputs)\n  File \"/home/lijiaxing/.conda/envs/api/lib/python3.10/site-packages/torch/nn/modules/module.py\", line 1773, in _wrapped_call_impl\n    return self._call_impl(*args, **kwargs)\n  File \"/home/lijiaxing/.conda/envs/api/lib/python3.10/site-packages/torch/nn/modules/module.py\", line 1784, in _call_impl\n    return forward_call(*args, **kwargs)\n  File \"/tmp/tmp1gnjh3v4.py\", line 215, in for
2025-08-08 18:28:34,034 - openevolve.RemoteSpeedupEvaluator - INFO - [level1_66_conv_standard_3D__asymmetric_input__asymmetric_kernel] âœ˜ wrong_answer
2025-08-08 18:28:34,034 - openevolve.evaluator - INFO - Evaluated program a648757e-f2f8-4444-9245-a9d5e6514a31 in 3.23s: compiled=1.0000, correctness=0.0000, score=10.0000, stage=wrong_answer, verify_payload={'id': 'level1_66_conv_standard_3D__asymmetric_input__asymmetric_kernel', 'result': {'compiled': True, 'correctness': False, 'metadata': {'hardware': 'NVIDIA L20Y', 'device': 'cuda:7', 'runtime_error': 'Traceback (most recent call last):\n  File "/cpfs01/shared/llm_kernel/hujiakai/KernelLLM/validation_api_server/helpers/evaluations.py", line 720, in run_and_check_correctness\n    output_new = model_new(*inputs)\n  File "/home/lijiaxing/.conda/envs/api/lib/python3.10/site-packages/torch/nn/modules/module.py", line 1773, in _wrapped_call_impl\n    return self._call_impl(*args, **kwargs)\n  File "/home/lijiaxing/.conda/envs/api/lib/python3.10/site-packages/torch/nn/modules/module.py", line 1784, in _call_impl\n    return forward_call(*args, **kwargs)\n  File "/tmp/tmp1gnjh3v4.py", line 215, in forward\n    return conv3d_triton(\n  File "/tmp/tmp1gnjh3v4.py", line 155, in conv3d_triton\n    _conv3d_kernel[grid](\n  File "/home/lijiaxing/.conda/envs/api/lib/python3.10/site-packages/triton/runtime/jit.py", line 390, in <lambda>\n    return lambda *args, **kwargs: self.run(grid=grid, warmup=False, *args, **kwargs)\n  File "/home/lijiaxing/.conda/envs/api/lib/python3.10/site-packages/triton/runtime/jit.py", line 594, in run\n    kernel = self.compile(src, target=target, options=options.__dict__)\n  File "/home/lijiaxing/.conda/envs/api/lib/python3.10/site-packages/triton/compiler/compiler.py", line 339, in compile\n    module = src.make_ir(options, codegen_fns, module_map, context)\n  File "/home/lijiaxing/.conda/envs/api/lib/python3.10/site-packages/triton/compiler/compiler.py", line 83, in make_ir\n    return ast_to_ttir(self.fn, self, context=context, options=options, codegen_fns=codegen_fns,\ntriton.compiler.errors.CompilationError: at 78:30:\n            for kh in range(Kh):\n                for kw in range(Kw):\n                    # Compute input positions\n                    in_d = d_offsets * stride_d - pad_d + kd * dil_d\n                    in_h = h_offsets * stride_h - pad_h + kh * dil_h\n                    in_w = w_offsets * stride_w - pad_w + kw * dil_w\n\n                    # Check input boundaries\n                    in_d_mask = (in_d >= 0) & (in_d < D)\n                    in_h_mask = (in_h >= 0) & (in_h < H)\n                    in_w_mask = (in_w >= 0) & (in_w < W)\n                    in_mask = in_d_mask[:, None, None] & in_h_mask[None, :, None] & in_w_mask[None, None, :] & ic_mask\n                              ^\nValueError(\'Cannot make_shape_compatible: incompatible dimensions at index 2: 8 and 32\')\n\n\nThe above exception was the direct cause of the following exception:\n\nTraceback (most recent call last):\n  File "/home/lijiaxing/.conda/envs/api/lib/python3.10/site-packages/triton/language/core.py", line 42, in wrapper\n    return fn(*args, **kwargs)\n  File "/home/lijiaxing/.conda/envs/api/lib/python3.10/site-packages/triton/language/core.py", line 966, in __and__\n    return _semantic.and_(self, other)\n  File "/home/lijiaxing/.conda/envs/api/lib/python3.10/site-packages/triton/language/semantic.py", line 420, in and_\n    input, other = self.bitwise_op_type_checking_impl(input, other)\n  File "/home/lijiaxing/.conda/envs/api/lib/python3.10/site-packages/triton/language/semantic.py", line 407, in bitwise_op_type_checking_impl\n    input, other = self.binary_op_type_checking_impl(input, other)\n  File "/home/lijiaxing/.conda/envs/api/lib/python3.10/site-packages/triton/language/semantic.py", line 203, in binary_op_type_checking_impl\n    lhs, rhs = self.broadcast_impl_value(lhs, rhs)\n  File "/home/lijiaxing/.conda/envs/api/lib/python3.10/site-packages/triton/language/semantic.py", line 749, in broadcast_impl_value\n    raise ValueError("Cannot make_shape_compatible: incompatible dimensions "\nValueError: Cannot make_shape_compatible: incompatible dimensions at index 2: 8 and 32\n', 'runtime_error_name': 'triton.compiler.errors.CompilationError', 'reference_timing_ms': 0.0443, 'speed_up': -1.0, 'custom_timing': -1.0}, 'runtime': -1.0, 'runtime_stats': {}}}
2025-08-08 18:28:34,038 - openevolve.llm.ensemble - INFO - Sampled model: deepseek
2025-08-08 18:28:34,050 - openevolve.threaded_parallel - INFO - Iteration 7: Program a648757e-f2f8-4444-9245-a9d5e6514a31 (parent: db5a3a9d-f43f-4c67-b9ae-9c2295b10969) completed in 736.08s
2025-08-08 18:28:34,050 - openevolve.threaded_parallel - INFO - Metrics: compiled=1.0000, correctness=0.0000, score=10.0000, stage=wrong_answer, verify_payload={'id': 'level1_66_conv_standard_3D__asymmetric_input__asymmetric_kernel', 'result': {'compiled': True, 'correctness': False, 'metadata': {'hardware': 'NVIDIA L20Y', 'device': 'cuda:7', 'runtime_error': 'Traceback (most recent call last):\n  File "/cpfs01/shared/llm_kernel/hujiakai/KernelLLM/validation_api_server/helpers/evaluations.py", line 720, in run_and_check_correctness\n    output_new = model_new(*inputs)\n  File "/home/lijiaxing/.conda/envs/api/lib/python3.10/site-packages/torch/nn/modules/module.py", line 1773, in _wrapped_call_impl\n    return self._call_impl(*args, **kwargs)\n  File "/home/lijiaxing/.conda/envs/api/lib/python3.10/site-packages/torch/nn/modules/module.py", line 1784, in _call_impl\n    return forward_call(*args, **kwargs)\n  File "/tmp/tmp1gnjh3v4.py", line 215, in forward\n    return conv3d_triton(\n  File "/tmp/tmp1gnjh3v4.py", line 155, in conv3d_triton\n    _conv3d_kernel[grid](\n  File "/home/lijiaxing/.conda/envs/api/lib/python3.10/site-packages/triton/runtime/jit.py", line 390, in <lambda>\n    return lambda *args, **kwargs: self.run(grid=grid, warmup=False, *args, **kwargs)\n  File "/home/lijiaxing/.conda/envs/api/lib/python3.10/site-packages/triton/runtime/jit.py", line 594, in run\n    kernel = self.compile(src, target=target, options=options.__dict__)\n  File "/home/lijiaxing/.conda/envs/api/lib/python3.10/site-packages/triton/compiler/compiler.py", line 339, in compile\n    module = src.make_ir(options, codegen_fns, module_map, context)\n  File "/home/lijiaxing/.conda/envs/api/lib/python3.10/site-packages/triton/compiler/compiler.py", line 83, in make_ir\n    return ast_to_ttir(self.fn, self, context=context, options=options, codegen_fns=codegen_fns,\ntriton.compiler.errors.CompilationError: at 78:30:\n            for kh in range(Kh):\n                for kw in range(Kw):\n                    # Compute input positions\n                    in_d = d_offsets * stride_d - pad_d + kd * dil_d\n                    in_h = h_offsets * stride_h - pad_h + kh * dil_h\n                    in_w = w_offsets * stride_w - pad_w + kw * dil_w\n\n                    # Check input boundaries\n                    in_d_mask = (in_d >= 0) & (in_d < D)\n                    in_h_mask = (in_h >= 0) & (in_h < H)\n                    in_w_mask = (in_w >= 0) & (in_w < W)\n                    in_mask = in_d_mask[:, None, None] & in_h_mask[None, :, None] & in_w_mask[None, None, :] & ic_mask\n                              ^\nValueError(\'Cannot make_shape_compatible: incompatible dimensions at index 2: 8 and 32\')\n\n\nThe above exception was the direct cause of the following exception:\n\nTraceback (most recent call last):\n  File "/home/lijiaxing/.conda/envs/api/lib/python3.10/site-packages/triton/language/core.py", line 42, in wrapper\n    return fn(*args, **kwargs)\n  File "/home/lijiaxing/.conda/envs/api/lib/python3.10/site-packages/triton/language/core.py", line 966, in __and__\n    return _semantic.and_(self, other)\n  File "/home/lijiaxing/.conda/envs/api/lib/python3.10/site-packages/triton/language/semantic.py", line 420, in and_\n    input, other = self.bitwise_op_type_checking_impl(input, other)\n  File "/home/lijiaxing/.conda/envs/api/lib/python3.10/site-packages/triton/language/semantic.py", line 407, in bitwise_op_type_checking_impl\n    input, other = self.binary_op_type_checking_impl(input, other)\n  File "/home/lijiaxing/.conda/envs/api/lib/python3.10/site-packages/triton/language/semantic.py", line 203, in binary_op_type_checking_impl\n    lhs, rhs = self.broadcast_impl_value(lhs, rhs)\n  File "/home/lijiaxing/.conda/envs/api/lib/python3.10/site-packages/triton/language/semantic.py", line 749, in broadcast_impl_value\n    raise ValueError("Cannot make_shape_compatible: incompatible dimensions "\nValueError: Cannot make_shape_compatible: incompatible dimensions at index 2: 8 and 32\n', 'runtime_error_name': 'triton.compiler.errors.CompilationError', 'reference_timing_ms': 0.0443, 'speed_up': -1.0, 'custom_timing': -1.0}, 'runtime': -1.0, 'runtime_stats': {}}}
2025-08-08 18:38:37,561 - openevolve.RemoteSpeedupEvaluator - INFO - [level1_66_conv_standard_3D__asymmetric_input__asymmetric_kernel] âœ˜ invalid_answer 'import triton' is not found
2025-08-08 18:38:37,563 - openevolve.evaluator - INFO - Evaluated program a3c90278-7d5b-4fa8-8a6c-d49efdc89867 in 0.00s: compiled=0.0000, correctness=0.0000, score=-100.0000, stage=no_valid_triton_code, feedback=You need to generate real and valid triton code for the core function. The key word 'import triton' is not found.
2025-08-08 18:38:37,565 - openevolve.database - INFO - New MAP-Elites cell occupied: {'score': -1000, 'complexity': 0}
2025-08-08 18:38:37,567 - openevolve.llm.ensemble - INFO - Sampled model: deepseek
2025-08-08 18:38:37,573 - openevolve.threaded_parallel - INFO - Iteration 9: Program a3c90278-7d5b-4fa8-8a6c-d49efdc89867 (parent: e540f9a8-b547-4022-acc8-a43cd9d862ff) completed in 752.30s
2025-08-08 18:38:37,573 - openevolve.threaded_parallel - INFO - Metrics: compiled=0.0000, correctness=0.0000, score=-100.0000, stage=no_valid_triton_code, feedback=You need to generate real and valid triton code for the core function. The key word 'import triton' is not found.
2025-08-08 18:38:37,573 - openevolve.threaded_parallel - INFO - Checkpoint interval reached at iteration 9
2025-08-08 18:38:37,574 - openevolve.database - INFO - Island Status:
2025-08-08 18:38:37,575 - openevolve.database - INFO -    Island 0: 5 programs, best=10.0000, avg=-14.0000, diversity=1087.75, gen=3 (best: cdf41102-4972-47c8-a062-c8eb837b312b)
2025-08-08 18:38:37,575 - openevolve.database - INFO -    Island 1: 4 programs, best=10.0000, avg=-17.5000, diversity=1737.18, gen=4 (best: db5a3a9d-f43f-4c67-b9ae-9c2295b10969)
2025-08-08 18:38:37,575 - openevolve.database - INFO -  * Island 2: 2 programs, best=10.0000, avg=10.0000, diversity=474.50, gen=3 (best: 7b7cefc5-d1dc-432d-88f9-3f57787f92fe)
2025-08-08 18:38:37,703 - openevolve.database - INFO - Saved database with 11 programs to openevolve_output/level1_66_conv_standard_3D__asymmetric_input__asymmetric_kernel/checkpoints/checkpoint_9
2025-08-08 18:38:37,721 - openevolve.controller - INFO - Saved best program at checkpoint 9 with metrics: compiled=1.0000, correctness=0.0000, score=10.0000, stage=wrong_answer, verify_payload={'id': 'level1_66_conv_standard_3D__asymmetric_input__asymmetric_kernel', 'result': {'compiled': True, 'correctness': False, 'metadata': {'hardware': 'NVIDIA L20Y', 'device': 'cuda:2', 'max_difference': ['116.793068', '115.576317', '109.927330', '116.587410', '112.460678'], 'avg_difference': ['14.336764', '14.336644', '14.334428', '14.337821', '14.336843'], 'correctness_issue': 'Output mismatch', 'correctness_trials': '(0 / 5)', 'reference_timing_ms': 0.0443, 'speed_up': -1.0, 'custom_timing': -1.0}, 'runtime': -1.0, 'runtime_stats': {}}}
2025-08-08 18:38:37,721 - openevolve.controller - INFO - Saved checkpoint at iteration 9 to openevolve_output/level1_66_conv_standard_3D__asymmetric_input__asymmetric_kernel/checkpoints/checkpoint_9
2025-08-08 18:39:39,351 - openevolve.RemoteSpeedupEvaluator - INFO - [level1_66_conv_standard_3D__asymmetric_input__asymmetric_kernel] triton key words check pass
2025-08-08 18:39:39,353 - openevolve.RemoteSpeedupEvaluator - INFO - [level1_66_conv_standard_3D__asymmetric_input__asymmetric_kernel] verify_plus payload: reference_code(2241 chars) + custom_code(6593 chars)
2025-08-08 18:39:42,553 - openevolve.RemoteSpeedupEvaluator - INFO - [level1_66_conv_standard_3D__asymmetric_input__asymmetric_kernel] verify_plus request success
2025-08-08 18:39:42,554 - openevolve.RemoteSpeedupEvaluator - INFO - [level1_66_conv_standard_3D__asymmetric_input__asymmetric_kernel] verify_plus response: {"id":"level1_66_conv_standard_3D__asymmetric_input__asymmetric_kernel","result":{"compiled":true,"correctness":false,"metadata":{"hardware":"NVIDIA L20Y","device":"cuda:6","runtime_error":"Traceback (most recent call last):\n  File \"/home/lijiaxing/.conda/envs/api/lib/python3.10/site-packages/triton/language/core.py\", line 42, in wrapper\n    return fn(*args, **kwargs)\n  File \"/home/lijiaxing/.conda/envs/api/lib/python3.10/site-packages/triton/language/core.py\", line 2150, in load\n    return _semantic.load(pointer, mask, other, boundary_check, padding_option, cache_modifier, eviction_policy,\n  File \"/home/lijiaxing/.conda/envs/api/lib/python3.10/site-packages/triton/language/semantic.py\", line 1086, in load\n    return self._load_legacy(ptr, mask, other, boundary_check, padding, 
2025-08-08 18:39:42,554 - openevolve.RemoteSpeedupEvaluator - INFO - [level1_66_conv_standard_3D__asymmetric_input__asymmetric_kernel] âœ˜ wrong_answer
2025-08-08 18:39:42,554 - openevolve.evaluator - INFO - Evaluated program 1dedc709-a6e6-48f8-86bf-172bb9cdee7e in 3.20s: compiled=1.0000, correctness=0.0000, score=10.0000, stage=wrong_answer, verify_payload={'id': 'level1_66_conv_standard_3D__asymmetric_input__asymmetric_kernel', 'result': {'compiled': True, 'correctness': False, 'metadata': {'hardware': 'NVIDIA L20Y', 'device': 'cuda:6', 'runtime_error': 'Traceback (most recent call last):\n  File "/home/lijiaxing/.conda/envs/api/lib/python3.10/site-packages/triton/language/core.py", line 42, in wrapper\n    return fn(*args, **kwargs)\n  File "/home/lijiaxing/.conda/envs/api/lib/python3.10/site-packages/triton/language/core.py", line 2150, in load\n    return _semantic.load(pointer, mask, other, boundary_check, padding_option, cache_modifier, eviction_policy,\n  File "/home/lijiaxing/.conda/envs/api/lib/python3.10/site-packages/triton/language/semantic.py", line 1086, in load\n    return self._load_legacy(ptr, mask, other, boundary_check, padding, cache, eviction, is_volatile)\n  File "/home/lijiaxing/.conda/envs/api/lib/python3.10/site-packages/triton/language/semantic.py", line 1017, in _load_legacy\n    raise ValueError(f"Unsupported ptr type {ptr.type.__repr__()} in `tl.load`")\nValueError: Unsupported ptr type <[\'64\'], int32> in `tl.load`\n\nThe above exception was the direct cause of the following exception:\n\nTraceback (most recent call last):\n  File "/cpfs01/shared/llm_kernel/hujiakai/KernelLLM/validation_api_server/helpers/evaluations.py", line 720, in run_and_check_correctness\n    output_new = model_new(*inputs)\n  File "/home/lijiaxing/.conda/envs/api/lib/python3.10/site-packages/torch/nn/modules/module.py", line 1773, in _wrapped_call_impl\n    return self._call_impl(*args, **kwargs)\n  File "/home/lijiaxing/.conda/envs/api/lib/python3.10/site-packages/torch/nn/modules/module.py", line 1784, in _call_impl\n    return forward_call(*args, **kwargs)\n  File "/tmp/tmp37c8n7oo.py", line 158, in forward\n    conv3d_kernel[grid](\n  File "/home/lijiaxing/.conda/envs/api/lib/python3.10/site-packages/triton/runtime/jit.py", line 390, in <lambda>\n    return lambda *args, **kwargs: self.run(grid=grid, warmup=False, *args, **kwargs)\n  File "/home/lijiaxing/.conda/envs/api/lib/python3.10/site-packages/triton/runtime/autotuner.py", line 239, in run\n    benchmark()\n  File "/home/lijiaxing/.conda/envs/api/lib/python3.10/site-packages/triton/runtime/autotuner.py", line 228, in benchmark\n    timings = {config: self._bench(*args, config=config, **kwargs) for config in pruned_configs}\n  File "/home/lijiaxing/.conda/envs/api/lib/python3.10/site-packages/triton/runtime/autotuner.py", line 228, in <dictcomp>\n    timings = {config: self._bench(*args, config=config, **kwargs) for config in pruned_configs}\n  File "/home/lijiaxing/.conda/envs/api/lib/python3.10/site-packages/triton/runtime/autotuner.py", line 160, in _bench\n    return self.do_bench(kernel_call, quantiles=(0.5, 0.2, 0.8))\n  File "/home/lijiaxing/.conda/envs/api/lib/python3.10/site-packages/triton/testing.py", line 149, in do_bench\n    fn()\n  File "/home/lijiaxing/.conda/envs/api/lib/python3.10/site-packages/triton/runtime/autotuner.py", line 146, in kernel_call\n    self.fn.run(\n  File "/home/lijiaxing/.conda/envs/api/lib/python3.10/site-packages/triton/runtime/jit.py", line 594, in run\n    kernel = self.compile(src, target=target, options=options.__dict__)\n  File "/home/lijiaxing/.conda/envs/api/lib/python3.10/site-packages/triton/compiler/compiler.py", line 339, in compile\n    module = src.make_ir(options, codegen_fns, module_map, context)\n  File "/home/lijiaxing/.conda/envs/api/lib/python3.10/site-packages/triton/compiler/compiler.py", line 83, in make_ir\n    return ast_to_ttir(self.fn, self, context=context, options=options, codegen_fns=codegen_fns,\ntriton.compiler.errors.CompilationError: at 76:19:\n                oc_offsets[:, None] * weight_ocs +\n                ic * weight_ics +\n                kd[None, :] * weight_ds +\n                kh[None, :] * weight_hs +\n                kw[None, :] * weight_ws\n            )\n            weight_val = tl.load(weight_ptr + weight_ptr_offset, mask=oc_mask[:, None] & k_mask[None, :], other=0.0)\n\n            acc += tl.sum(input_val[None, :] * weight_val, axis=1)\n\n    if bias_ptr != 0:\n        bias_val = tl.load(bias_ptr + oc_offsets, mask=oc_mask, other=0.0)\n                   ^\n\n\nThe above exception was the direct cause of the following exception:\n\nTraceback (most recent call last):\n  File "/home/lijiaxing/.conda/envs/api/lib/python3.10/site-packages/triton/language/core.py", line 42, in wrapper\n    return fn(*args, **kwargs)\n  File "/home/lijiaxing/.conda/envs/api/lib/python3.10/site-packages/triton/language/core.py", line 2150, in load\n    return _semantic.load(pointer, mask, other, boundary_check, padding_option, cache_modifier, eviction_policy,\n  File "/home/lijiaxing/.conda/envs/api/lib/python3.10/site-packages/triton/language/semantic.py", line 1086, in load\n    return self._load_legacy(ptr, mask, other, boundary_check, padding, cache, eviction, is_volatile)\n  File "/home/lijiaxing/.conda/envs/api/lib/python3.10/site-packages/triton/language/semantic.py", line 1017, in _load_legacy\n    raise ValueError(f"Unsupported ptr type {ptr.type.__repr__()} in `tl.load`")\nValueError: Unsupported ptr type <[\'64\'], int32> in `tl.load`\n', 'runtime_error_name': 'triton.compiler.errors.CompilationError', 'reference_timing_ms': 0.0443, 'speed_up': -1.0, 'custom_timing': -1.0}, 'runtime': -1.0, 'runtime_stats': {}}}
2025-08-08 18:39:42,558 - openevolve.llm.ensemble - INFO - Sampled model: deepseek
2025-08-08 18:39:42,573 - openevolve.threaded_parallel - INFO - Iteration 10: Program 1dedc709-a6e6-48f8-86bf-172bb9cdee7e (parent: 7b7cefc5-d1dc-432d-88f9-3f57787f92fe) completed in 774.58s
2025-08-08 18:39:42,573 - openevolve.threaded_parallel - INFO - Metrics: compiled=1.0000, correctness=0.0000, score=10.0000, stage=wrong_answer, verify_payload={'id': 'level1_66_conv_standard_3D__asymmetric_input__asymmetric_kernel', 'result': {'compiled': True, 'correctness': False, 'metadata': {'hardware': 'NVIDIA L20Y', 'device': 'cuda:6', 'runtime_error': 'Traceback (most recent call last):\n  File "/home/lijiaxing/.conda/envs/api/lib/python3.10/site-packages/triton/language/core.py", line 42, in wrapper\n    return fn(*args, **kwargs)\n  File "/home/lijiaxing/.conda/envs/api/lib/python3.10/site-packages/triton/language/core.py", line 2150, in load\n    return _semantic.load(pointer, mask, other, boundary_check, padding_option, cache_modifier, eviction_policy,\n  File "/home/lijiaxing/.conda/envs/api/lib/python3.10/site-packages/triton/language/semantic.py", line 1086, in load\n    return self._load_legacy(ptr, mask, other, boundary_check, padding, cache, eviction, is_volatile)\n  File "/home/lijiaxing/.conda/envs/api/lib/python3.10/site-packages/triton/language/semantic.py", line 1017, in _load_legacy\n    raise ValueError(f"Unsupported ptr type {ptr.type.__repr__()} in `tl.load`")\nValueError: Unsupported ptr type <[\'64\'], int32> in `tl.load`\n\nThe above exception was the direct cause of the following exception:\n\nTraceback (most recent call last):\n  File "/cpfs01/shared/llm_kernel/hujiakai/KernelLLM/validation_api_server/helpers/evaluations.py", line 720, in run_and_check_correctness\n    output_new = model_new(*inputs)\n  File "/home/lijiaxing/.conda/envs/api/lib/python3.10/site-packages/torch/nn/modules/module.py", line 1773, in _wrapped_call_impl\n    return self._call_impl(*args, **kwargs)\n  File "/home/lijiaxing/.conda/envs/api/lib/python3.10/site-packages/torch/nn/modules/module.py", line 1784, in _call_impl\n    return forward_call(*args, **kwargs)\n  File "/tmp/tmp37c8n7oo.py", line 158, in forward\n    conv3d_kernel[grid](\n  File "/home/lijiaxing/.conda/envs/api/lib/python3.10/site-packages/triton/runtime/jit.py", line 390, in <lambda>\n    return lambda *args, **kwargs: self.run(grid=grid, warmup=False, *args, **kwargs)\n  File "/home/lijiaxing/.conda/envs/api/lib/python3.10/site-packages/triton/runtime/autotuner.py", line 239, in run\n    benchmark()\n  File "/home/lijiaxing/.conda/envs/api/lib/python3.10/site-packages/triton/runtime/autotuner.py", line 228, in benchmark\n    timings = {config: self._bench(*args, config=config, **kwargs) for config in pruned_configs}\n  File "/home/lijiaxing/.conda/envs/api/lib/python3.10/site-packages/triton/runtime/autotuner.py", line 228, in <dictcomp>\n    timings = {config: self._bench(*args, config=config, **kwargs) for config in pruned_configs}\n  File "/home/lijiaxing/.conda/envs/api/lib/python3.10/site-packages/triton/runtime/autotuner.py", line 160, in _bench\n    return self.do_bench(kernel_call, quantiles=(0.5, 0.2, 0.8))\n  File "/home/lijiaxing/.conda/envs/api/lib/python3.10/site-packages/triton/testing.py", line 149, in do_bench\n    fn()\n  File "/home/lijiaxing/.conda/envs/api/lib/python3.10/site-packages/triton/runtime/autotuner.py", line 146, in kernel_call\n    self.fn.run(\n  File "/home/lijiaxing/.conda/envs/api/lib/python3.10/site-packages/triton/runtime/jit.py", line 594, in run\n    kernel = self.compile(src, target=target, options=options.__dict__)\n  File "/home/lijiaxing/.conda/envs/api/lib/python3.10/site-packages/triton/compiler/compiler.py", line 339, in compile\n    module = src.make_ir(options, codegen_fns, module_map, context)\n  File "/home/lijiaxing/.conda/envs/api/lib/python3.10/site-packages/triton/compiler/compiler.py", line 83, in make_ir\n    return ast_to_ttir(self.fn, self, context=context, options=options, codegen_fns=codegen_fns,\ntriton.compiler.errors.CompilationError: at 76:19:\n                oc_offsets[:, None] * weight_ocs +\n                ic * weight_ics +\n                kd[None, :] * weight_ds +\n                kh[None, :] * weight_hs +\n                kw[None, :] * weight_ws\n            )\n            weight_val = tl.load(weight_ptr + weight_ptr_offset, mask=oc_mask[:, None] & k_mask[None, :], other=0.0)\n\n            acc += tl.sum(input_val[None, :] * weight_val, axis=1)\n\n    if bias_ptr != 0:\n        bias_val = tl.load(bias_ptr + oc_offsets, mask=oc_mask, other=0.0)\n                   ^\n\n\nThe above exception was the direct cause of the following exception:\n\nTraceback (most recent call last):\n  File "/home/lijiaxing/.conda/envs/api/lib/python3.10/site-packages/triton/language/core.py", line 42, in wrapper\n    return fn(*args, **kwargs)\n  File "/home/lijiaxing/.conda/envs/api/lib/python3.10/site-packages/triton/language/core.py", line 2150, in load\n    return _semantic.load(pointer, mask, other, boundary_check, padding_option, cache_modifier, eviction_policy,\n  File "/home/lijiaxing/.conda/envs/api/lib/python3.10/site-packages/triton/language/semantic.py", line 1086, in load\n    return self._load_legacy(ptr, mask, other, boundary_check, padding, cache, eviction, is_volatile)\n  File "/home/lijiaxing/.conda/envs/api/lib/python3.10/site-packages/triton/language/semantic.py", line 1017, in _load_legacy\n    raise ValueError(f"Unsupported ptr type {ptr.type.__repr__()} in `tl.load`")\nValueError: Unsupported ptr type <[\'64\'], int32> in `tl.load`\n', 'runtime_error_name': 'triton.compiler.errors.CompilationError', 'reference_timing_ms': 0.0443, 'speed_up': -1.0, 'custom_timing': -1.0}, 'runtime': -1.0, 'runtime_stats': {}}}
2025-08-08 18:44:00,750 - openevolve.RemoteSpeedupEvaluator - INFO - [level1_66_conv_standard_3D__asymmetric_input__asymmetric_kernel] âœ˜ invalid_answer 'import triton' is not found
2025-08-08 18:44:00,752 - openevolve.evaluator - INFO - Evaluated program 23354fa3-f1ae-4e3f-b9ed-cbdc55a6d1ca in 0.00s: compiled=0.0000, correctness=0.0000, score=-100.0000, stage=no_valid_triton_code, feedback=You need to generate real and valid triton code for the core function. The key word 'import triton' is not found.
2025-08-08 18:44:00,755 - openevolve.database - INFO - New MAP-Elites cell occupied: {'score': -1000, 'complexity': 4}
2025-08-08 18:44:00,756 - openevolve.llm.ensemble - INFO - Sampled model: deepseek
2025-08-08 18:44:00,769 - openevolve.threaded_parallel - INFO - Iteration 11: Program 23354fa3-f1ae-4e3f-b9ed-cbdc55a6d1ca (parent: cdf41102-4972-47c8-a062-c8eb837b312b) completed in 926.71s
2025-08-08 18:44:00,769 - openevolve.threaded_parallel - INFO - Metrics: compiled=0.0000, correctness=0.0000, score=-100.0000, stage=no_valid_triton_code, feedback=You need to generate real and valid triton code for the core function. The key word 'import triton' is not found.
2025-08-08 18:48:45,062 - openevolve.RemoteSpeedupEvaluator - INFO - [level1_66_conv_standard_3D__asymmetric_input__asymmetric_kernel] triton key words check pass
2025-08-08 18:48:45,064 - openevolve.RemoteSpeedupEvaluator - INFO - [level1_66_conv_standard_3D__asymmetric_input__asymmetric_kernel] verify_plus payload: reference_code(2241 chars) + custom_code(6957 chars)
2025-08-08 18:48:59,347 - openevolve.RemoteSpeedupEvaluator - INFO - [level1_66_conv_standard_3D__asymmetric_input__asymmetric_kernel] verify_plus request success
2025-08-08 18:48:59,347 - openevolve.RemoteSpeedupEvaluator - INFO - [level1_66_conv_standard_3D__asymmetric_input__asymmetric_kernel] verify_plus response: {"id":"level1_66_conv_standard_3D__asymmetric_input__asymmetric_kernel","result":{"compiled":true,"correctness":false,"metadata":{"hardware":"NVIDIA L20Y","device":"cuda:5","runtime_error":"Traceback (most recent call last):\n  File \"/cpfs01/shared/llm_kernel/hujiakai/KernelLLM/validation_api_server/helpers/evaluations.py\", line 720, in run_and_check_correctness\n    output_new = model_new(*inputs)\n  File \"/home/lijiaxing/.conda/envs/api/lib/python3.10/site-packages/torch/nn/modules/module.py\", line 1773, in _wrapped_call_impl\n    return self._call_impl(*args, **kwargs)\n  File \"/home/lijiaxing/.conda/envs/api/lib/python3.10/site-packages/torch/nn/modules/module.py\", line 1784, in _call_impl\n    return forward_call(*args, **kwargs)\n  File \"/tmp/tmp34blnxpx.py\", line 167, in for
2025-08-08 18:48:59,347 - openevolve.RemoteSpeedupEvaluator - INFO - [level1_66_conv_standard_3D__asymmetric_input__asymmetric_kernel] âœ˜ wrong_answer
2025-08-08 18:48:59,348 - openevolve.evaluator - INFO - Evaluated program b3d3cb55-34e5-403d-b2c4-f03d3dca809c in 14.29s: compiled=1.0000, correctness=0.0000, score=10.0000, stage=wrong_answer, verify_payload={'id': 'level1_66_conv_standard_3D__asymmetric_input__asymmetric_kernel', 'result': {'compiled': True, 'correctness': False, 'metadata': {'hardware': 'NVIDIA L20Y', 'device': 'cuda:5', 'runtime_error': 'Traceback (most recent call last):\n  File "/cpfs01/shared/llm_kernel/hujiakai/KernelLLM/validation_api_server/helpers/evaluations.py", line 720, in run_and_check_correctness\n    output_new = model_new(*inputs)\n  File "/home/lijiaxing/.conda/envs/api/lib/python3.10/site-packages/torch/nn/modules/module.py", line 1773, in _wrapped_call_impl\n    return self._call_impl(*args, **kwargs)\n  File "/home/lijiaxing/.conda/envs/api/lib/python3.10/site-packages/torch/nn/modules/module.py", line 1784, in _call_impl\n    return forward_call(*args, **kwargs)\n  File "/tmp/tmp34blnxpx.py", line 167, in forward\n    conv3d_kernel[grid](\n  File "/home/lijiaxing/.conda/envs/api/lib/python3.10/site-packages/triton/runtime/jit.py", line 390, in <lambda>\n    return lambda *args, **kwargs: self.run(grid=grid, warmup=False, *args, **kwargs)\n  File "/home/lijiaxing/.conda/envs/api/lib/python3.10/site-packages/triton/runtime/autotuner.py", line 239, in run\n    benchmark()\n  File "/home/lijiaxing/.conda/envs/api/lib/python3.10/site-packages/triton/runtime/autotuner.py", line 228, in benchmark\n    timings = {config: self._bench(*args, config=config, **kwargs) for config in pruned_configs}\n  File "/home/lijiaxing/.conda/envs/api/lib/python3.10/site-packages/triton/runtime/autotuner.py", line 228, in <dictcomp>\n    timings = {config: self._bench(*args, config=config, **kwargs) for config in pruned_configs}\n  File "/home/lijiaxing/.conda/envs/api/lib/python3.10/site-packages/triton/runtime/autotuner.py", line 160, in _bench\n    return self.do_bench(kernel_call, quantiles=(0.5, 0.2, 0.8))\n  File "/home/lijiaxing/.conda/envs/api/lib/python3.10/site-packages/triton/testing.py", line 149, in do_bench\n    fn()\n  File "/home/lijiaxing/.conda/envs/api/lib/python3.10/site-packages/triton/runtime/autotuner.py", line 146, in kernel_call\n    self.fn.run(\n  File "/home/lijiaxing/.conda/envs/api/lib/python3.10/site-packages/triton/runtime/jit.py", line 594, in run\n    kernel = self.compile(src, target=target, options=options.__dict__)\n  File "/home/lijiaxing/.conda/envs/api/lib/python3.10/site-packages/triton/compiler/compiler.py", line 339, in compile\n    module = src.make_ir(options, codegen_fns, module_map, context)\n  File "/home/lijiaxing/.conda/envs/api/lib/python3.10/site-packages/triton/compiler/compiler.py", line 83, in make_ir\n    return ast_to_ttir(self.fn, self, context=context, options=options, codegen_fns=codegen_fns,\ntriton.compiler.errors.CompilationError: at 63:16:\n            ic_offsets = ic_block + tl.arange(0, BLOCK_C)\n            ic_mask = ic_offsets < ic_end\n\n            input_ptrs = (\n                batch_idx * input_bs +\n                ic_offsets[:, None] * input_cs +\n                id[None, :] * input_ds +\n                ih[None, :] * input_hs +\n                iw[None, :] * input_ws\n            )\n            weight_ptrs = (\n                (oc_start + oc_offsets)[:, None] * weight_ocs +\n                ^\nValueError(\'Cannot make_shape_compatible: incompatible dimensions at index 2: 64 and 4\')\n\n\nThe above exception was the direct cause of the following exception:\n\nTraceback (most recent call last):\n  File "/home/lijiaxing/.conda/envs/api/lib/python3.10/site-packages/triton/language/core.py", line 42, in wrapper\n    return fn(*args, **kwargs)\n  File "/home/lijiaxing/.conda/envs/api/lib/python3.10/site-packages/triton/language/core.py", line 900, in __add__\n    return add(self, other, sanitize_overflow=True, _semantic=_semantic)\n  File "/home/lijiaxing/.conda/envs/api/lib/python3.10/site-packages/triton/language/core.py", line 42, in wrapper\n    return fn(*args, **kwargs)\n  File "/home/lijiaxing/.conda/envs/api/lib/python3.10/site-packages/triton/language/core.py", line 2468, in add\n    return _semantic.add(x, y, sanitize_overflow)\n  File "/home/lijiaxing/.conda/envs/api/lib/python3.10/site-packages/triton/language/semantic.py", line 226, in add\n    input, other = self.binary_op_type_checking_impl(input, other, True, True)\n  File "/home/lijiaxing/.conda/envs/api/lib/python3.10/site-packages/triton/language/semantic.py", line 203, in binary_op_type_checking_impl\n    lhs, rhs = self.broadcast_impl_value(lhs, rhs)\n  File "/home/lijiaxing/.conda/envs/api/lib/python3.10/site-packages/triton/language/semantic.py", line 749, in broadcast_impl_value\n    raise ValueError("Cannot make_shape_compatible: incompatible dimensions "\nValueError: Cannot make_shape_compatible: incompatible dimensions at index 2: 64 and 4\n', 'runtime_error_name': 'triton.compiler.errors.CompilationError', 'reference_timing_ms': 0.0443, 'speed_up': -1.0, 'custom_timing': -1.0}, 'runtime': -1.0, 'runtime_stats': {}}}
2025-08-08 18:48:59,352 - openevolve.llm.ensemble - INFO - Sampled model: deepseek
2025-08-08 18:48:59,370 - openevolve.threaded_parallel - INFO - Iteration 13: Program b3d3cb55-34e5-403d-b2c4-f03d3dca809c (parent: 7b7cefc5-d1dc-432d-88f9-3f57787f92fe) completed in 556.79s
2025-08-08 18:48:59,370 - openevolve.threaded_parallel - INFO - Metrics: compiled=1.0000, correctness=0.0000, score=10.0000, stage=wrong_answer, verify_payload={'id': 'level1_66_conv_standard_3D__asymmetric_input__asymmetric_kernel', 'result': {'compiled': True, 'correctness': False, 'metadata': {'hardware': 'NVIDIA L20Y', 'device': 'cuda:5', 'runtime_error': 'Traceback (most recent call last):\n  File "/cpfs01/shared/llm_kernel/hujiakai/KernelLLM/validation_api_server/helpers/evaluations.py", line 720, in run_and_check_correctness\n    output_new = model_new(*inputs)\n  File "/home/lijiaxing/.conda/envs/api/lib/python3.10/site-packages/torch/nn/modules/module.py", line 1773, in _wrapped_call_impl\n    return self._call_impl(*args, **kwargs)\n  File "/home/lijiaxing/.conda/envs/api/lib/python3.10/site-packages/torch/nn/modules/module.py", line 1784, in _call_impl\n    return forward_call(*args, **kwargs)\n  File "/tmp/tmp34blnxpx.py", line 167, in forward\n    conv3d_kernel[grid](\n  File "/home/lijiaxing/.conda/envs/api/lib/python3.10/site-packages/triton/runtime/jit.py", line 390, in <lambda>\n    return lambda *args, **kwargs: self.run(grid=grid, warmup=False, *args, **kwargs)\n  File "/home/lijiaxing/.conda/envs/api/lib/python3.10/site-packages/triton/runtime/autotuner.py", line 239, in run\n    benchmark()\n  File "/home/lijiaxing/.conda/envs/api/lib/python3.10/site-packages/triton/runtime/autotuner.py", line 228, in benchmark\n    timings = {config: self._bench(*args, config=config, **kwargs) for config in pruned_configs}\n  File "/home/lijiaxing/.conda/envs/api/lib/python3.10/site-packages/triton/runtime/autotuner.py", line 228, in <dictcomp>\n    timings = {config: self._bench(*args, config=config, **kwargs) for config in pruned_configs}\n  File "/home/lijiaxing/.conda/envs/api/lib/python3.10/site-packages/triton/runtime/autotuner.py", line 160, in _bench\n    return self.do_bench(kernel_call, quantiles=(0.5, 0.2, 0.8))\n  File "/home/lijiaxing/.conda/envs/api/lib/python3.10/site-packages/triton/testing.py", line 149, in do_bench\n    fn()\n  File "/home/lijiaxing/.conda/envs/api/lib/python3.10/site-packages/triton/runtime/autotuner.py", line 146, in kernel_call\n    self.fn.run(\n  File "/home/lijiaxing/.conda/envs/api/lib/python3.10/site-packages/triton/runtime/jit.py", line 594, in run\n    kernel = self.compile(src, target=target, options=options.__dict__)\n  File "/home/lijiaxing/.conda/envs/api/lib/python3.10/site-packages/triton/compiler/compiler.py", line 339, in compile\n    module = src.make_ir(options, codegen_fns, module_map, context)\n  File "/home/lijiaxing/.conda/envs/api/lib/python3.10/site-packages/triton/compiler/compiler.py", line 83, in make_ir\n    return ast_to_ttir(self.fn, self, context=context, options=options, codegen_fns=codegen_fns,\ntriton.compiler.errors.CompilationError: at 63:16:\n            ic_offsets = ic_block + tl.arange(0, BLOCK_C)\n            ic_mask = ic_offsets < ic_end\n\n            input_ptrs = (\n                batch_idx * input_bs +\n                ic_offsets[:, None] * input_cs +\n                id[None, :] * input_ds +\n                ih[None, :] * input_hs +\n                iw[None, :] * input_ws\n            )\n            weight_ptrs = (\n                (oc_start + oc_offsets)[:, None] * weight_ocs +\n                ^\nValueError(\'Cannot make_shape_compatible: incompatible dimensions at index 2: 64 and 4\')\n\n\nThe above exception was the direct cause of the following exception:\n\nTraceback (most recent call last):\n  File "/home/lijiaxing/.conda/envs/api/lib/python3.10/site-packages/triton/language/core.py", line 42, in wrapper\n    return fn(*args, **kwargs)\n  File "/home/lijiaxing/.conda/envs/api/lib/python3.10/site-packages/triton/language/core.py", line 900, in __add__\n    return add(self, other, sanitize_overflow=True, _semantic=_semantic)\n  File "/home/lijiaxing/.conda/envs/api/lib/python3.10/site-packages/triton/language/core.py", line 42, in wrapper\n    return fn(*args, **kwargs)\n  File "/home/lijiaxing/.conda/envs/api/lib/python3.10/site-packages/triton/language/core.py", line 2468, in add\n    return _semantic.add(x, y, sanitize_overflow)\n  File "/home/lijiaxing/.conda/envs/api/lib/python3.10/site-packages/triton/language/semantic.py", line 226, in add\n    input, other = self.binary_op_type_checking_impl(input, other, True, True)\n  File "/home/lijiaxing/.conda/envs/api/lib/python3.10/site-packages/triton/language/semantic.py", line 203, in binary_op_type_checking_impl\n    lhs, rhs = self.broadcast_impl_value(lhs, rhs)\n  File "/home/lijiaxing/.conda/envs/api/lib/python3.10/site-packages/triton/language/semantic.py", line 749, in broadcast_impl_value\n    raise ValueError("Cannot make_shape_compatible: incompatible dimensions "\nValueError: Cannot make_shape_compatible: incompatible dimensions at index 2: 64 and 4\n', 'runtime_error_name': 'triton.compiler.errors.CompilationError', 'reference_timing_ms': 0.0443, 'speed_up': -1.0, 'custom_timing': -1.0}, 'runtime': -1.0, 'runtime_stats': {}}}
2025-08-08 18:53:09,436 - openevolve.RemoteSpeedupEvaluator - INFO - [level1_66_conv_standard_3D__asymmetric_input__asymmetric_kernel] triton key words check pass
2025-08-08 18:53:09,438 - openevolve.RemoteSpeedupEvaluator - INFO - [level1_66_conv_standard_3D__asymmetric_input__asymmetric_kernel] verify_plus payload: reference_code(2241 chars) + custom_code(8640 chars)
2025-08-08 18:53:13,119 - openevolve.RemoteSpeedupEvaluator - INFO - [level1_66_conv_standard_3D__asymmetric_input__asymmetric_kernel] verify_plus request success
2025-08-08 18:53:13,119 - openevolve.RemoteSpeedupEvaluator - INFO - [level1_66_conv_standard_3D__asymmetric_input__asymmetric_kernel] verify_plus response: {"id":"level1_66_conv_standard_3D__asymmetric_input__asymmetric_kernel","result":{"compiled":true,"correctness":false,"metadata":{"hardware":"NVIDIA L20Y","device":"cuda:0","runtime_error":"Traceback (most recent call last):\n  File \"/home/lijiaxing/.conda/envs/api/lib/python3.10/site-packages/triton/language/core.py\", line 42, in wrapper\n    return fn(*args, **kwargs)\n  File \"/home/lijiaxing/.conda/envs/api/lib/python3.10/site-packages/triton/language/core.py\", line 2150, in load\n    return _semantic.load(pointer, mask, other, boundary_check, padding_option, cache_modifier, eviction_policy,\n  File \"/home/lijiaxing/.conda/envs/api/lib/python3.10/site-packages/triton/language/semantic.py\", line 1086, in load\n    return self._load_legacy(ptr, mask, other, boundary_check, padding, 
2025-08-08 18:53:13,120 - openevolve.RemoteSpeedupEvaluator - INFO - [level1_66_conv_standard_3D__asymmetric_input__asymmetric_kernel] âœ˜ wrong_answer
2025-08-08 18:53:13,120 - openevolve.evaluator - INFO - Evaluated program aa8490b4-eef9-4a2c-88e5-5c6469fb1c43 in 3.68s: compiled=1.0000, correctness=0.0000, score=10.0000, stage=wrong_answer, verify_payload={'id': 'level1_66_conv_standard_3D__asymmetric_input__asymmetric_kernel', 'result': {'compiled': True, 'correctness': False, 'metadata': {'hardware': 'NVIDIA L20Y', 'device': 'cuda:0', 'runtime_error': 'Traceback (most recent call last):\n  File "/home/lijiaxing/.conda/envs/api/lib/python3.10/site-packages/triton/language/core.py", line 42, in wrapper\n    return fn(*args, **kwargs)\n  File "/home/lijiaxing/.conda/envs/api/lib/python3.10/site-packages/triton/language/core.py", line 2150, in load\n    return _semantic.load(pointer, mask, other, boundary_check, padding_option, cache_modifier, eviction_policy,\n  File "/home/lijiaxing/.conda/envs/api/lib/python3.10/site-packages/triton/language/semantic.py", line 1086, in load\n    return self._load_legacy(ptr, mask, other, boundary_check, padding, cache, eviction, is_volatile)\n  File "/home/lijiaxing/.conda/envs/api/lib/python3.10/site-packages/triton/language/semantic.py", line 1037, in _load_legacy\n    mask = self.broadcast_impl_shape(mask, ptr.type.get_block_shapes())\n  File "/home/lijiaxing/.conda/envs/api/lib/python3.10/site-packages/triton/language/semantic.py", line 697, in broadcast_impl_shape\n    raise ValueError(f"Cannot broadcast, rank mismatch: {src_shape}, {shape}")\nValueError: Cannot broadcast, rank mismatch: [\'32\'], [\'1\', \'1\', \'1\', \'32\']\n\nThe above exception was the direct cause of the following exception:\n\nTraceback (most recent call last):\n  File "/cpfs01/shared/llm_kernel/hujiakai/KernelLLM/validation_api_server/helpers/evaluations.py", line 720, in run_and_check_correctness\n    output_new = model_new(*inputs)\n  File "/home/lijiaxing/.conda/envs/api/lib/python3.10/site-packages/torch/nn/modules/module.py", line 1773, in _wrapped_call_impl\n    return self._call_impl(*args, **kwargs)\n  File "/home/lijiaxing/.conda/envs/api/lib/python3.10/site-packages/torch/nn/modules/module.py", line 1784, in _call_impl\n    return forward_call(*args, **kwargs)\n  File "/tmp/tmp31lr0poi.py", line 228, in forward\n    return conv3d_triton(\n  File "/tmp/tmp31lr0poi.py", line 166, in conv3d_triton\n    _conv3d_kernel[grid](\n  File "/home/lijiaxing/.conda/envs/api/lib/python3.10/site-packages/triton/runtime/jit.py", line 390, in <lambda>\n    return lambda *args, **kwargs: self.run(grid=grid, warmup=False, *args, **kwargs)\n  File "/home/lijiaxing/.conda/envs/api/lib/python3.10/site-packages/triton/runtime/jit.py", line 594, in run\n    kernel = self.compile(src, target=target, options=options.__dict__)\n  File "/home/lijiaxing/.conda/envs/api/lib/python3.10/site-packages/triton/compiler/compiler.py", line 339, in compile\n    module = src.make_ir(options, codegen_fns, module_map, context)\n  File "/home/lijiaxing/.conda/envs/api/lib/python3.10/site-packages/triton/compiler/compiler.py", line 83, in make_ir\n    return ast_to_ttir(self.fn, self, context=context, options=options, codegen_fns=codegen_fns,\ntriton.compiler.errors.CompilationError: at 105:30:\n                    x_block = tl.load(x_ptrs, mask=in_mask, other=0.0)\n\n                    # Load weight block\n                    w_ptrs = (\n                        w_ptr + \n                        pid_oc * w_ocs + \n                        ic_offsets[None, None, None, :] * w_ics + \n                        kd * w_ds + \n                        kh * w_hs + \n                        kw * w_ws\n                    )\n                    w_block = tl.load(w_ptrs, mask=ic_mask, other=0.0)\n                              ^\n\n\nThe above exception was the direct cause of the following exception:\n\nTraceback (most recent call last):\n  File "/home/lijiaxing/.conda/envs/api/lib/python3.10/site-packages/triton/language/core.py", line 42, in wrapper\n    return fn(*args, **kwargs)\n  File "/home/lijiaxing/.conda/envs/api/lib/python3.10/site-packages/triton/language/core.py", line 2150, in load\n    return _semantic.load(pointer, mask, other, boundary_check, padding_option, cache_modifier, eviction_policy,\n  File "/home/lijiaxing/.conda/envs/api/lib/python3.10/site-packages/triton/language/semantic.py", line 1086, in load\n    return self._load_legacy(ptr, mask, other, boundary_check, padding, cache, eviction, is_volatile)\n  File "/home/lijiaxing/.conda/envs/api/lib/python3.10/site-packages/triton/language/semantic.py", line 1037, in _load_legacy\n    mask = self.broadcast_impl_shape(mask, ptr.type.get_block_shapes())\n  File "/home/lijiaxing/.conda/envs/api/lib/python3.10/site-packages/triton/language/semantic.py", line 697, in broadcast_impl_shape\n    raise ValueError(f"Cannot broadcast, rank mismatch: {src_shape}, {shape}")\nValueError: Cannot broadcast, rank mismatch: [\'32\'], [\'1\', \'1\', \'1\', \'32\']\n', 'runtime_error_name': 'triton.compiler.errors.CompilationError', 'reference_timing_ms': 0.0443, 'speed_up': -1.0, 'custom_timing': -1.0}, 'runtime': -1.0, 'runtime_stats': {}}}
2025-08-08 18:53:13,124 - openevolve.llm.ensemble - INFO - Sampled model: deepseek
2025-08-08 18:53:13,139 - openevolve.threaded_parallel - INFO - Iteration 12: Program aa8490b4-eef9-4a2c-88e5-5c6469fb1c43 (parent: e540f9a8-b547-4022-acc8-a43cd9d862ff) completed in 875.55s
2025-08-08 18:53:13,139 - openevolve.threaded_parallel - INFO - Metrics: compiled=1.0000, correctness=0.0000, score=10.0000, stage=wrong_answer, verify_payload={'id': 'level1_66_conv_standard_3D__asymmetric_input__asymmetric_kernel', 'result': {'compiled': True, 'correctness': False, 'metadata': {'hardware': 'NVIDIA L20Y', 'device': 'cuda:0', 'runtime_error': 'Traceback (most recent call last):\n  File "/home/lijiaxing/.conda/envs/api/lib/python3.10/site-packages/triton/language/core.py", line 42, in wrapper\n    return fn(*args, **kwargs)\n  File "/home/lijiaxing/.conda/envs/api/lib/python3.10/site-packages/triton/language/core.py", line 2150, in load\n    return _semantic.load(pointer, mask, other, boundary_check, padding_option, cache_modifier, eviction_policy,\n  File "/home/lijiaxing/.conda/envs/api/lib/python3.10/site-packages/triton/language/semantic.py", line 1086, in load\n    return self._load_legacy(ptr, mask, other, boundary_check, padding, cache, eviction, is_volatile)\n  File "/home/lijiaxing/.conda/envs/api/lib/python3.10/site-packages/triton/language/semantic.py", line 1037, in _load_legacy\n    mask = self.broadcast_impl_shape(mask, ptr.type.get_block_shapes())\n  File "/home/lijiaxing/.conda/envs/api/lib/python3.10/site-packages/triton/language/semantic.py", line 697, in broadcast_impl_shape\n    raise ValueError(f"Cannot broadcast, rank mismatch: {src_shape}, {shape}")\nValueError: Cannot broadcast, rank mismatch: [\'32\'], [\'1\', \'1\', \'1\', \'32\']\n\nThe above exception was the direct cause of the following exception:\n\nTraceback (most recent call last):\n  File "/cpfs01/shared/llm_kernel/hujiakai/KernelLLM/validation_api_server/helpers/evaluations.py", line 720, in run_and_check_correctness\n    output_new = model_new(*inputs)\n  File "/home/lijiaxing/.conda/envs/api/lib/python3.10/site-packages/torch/nn/modules/module.py", line 1773, in _wrapped_call_impl\n    return self._call_impl(*args, **kwargs)\n  File "/home/lijiaxing/.conda/envs/api/lib/python3.10/site-packages/torch/nn/modules/module.py", line 1784, in _call_impl\n    return forward_call(*args, **kwargs)\n  File "/tmp/tmp31lr0poi.py", line 228, in forward\n    return conv3d_triton(\n  File "/tmp/tmp31lr0poi.py", line 166, in conv3d_triton\n    _conv3d_kernel[grid](\n  File "/home/lijiaxing/.conda/envs/api/lib/python3.10/site-packages/triton/runtime/jit.py", line 390, in <lambda>\n    return lambda *args, **kwargs: self.run(grid=grid, warmup=False, *args, **kwargs)\n  File "/home/lijiaxing/.conda/envs/api/lib/python3.10/site-packages/triton/runtime/jit.py", line 594, in run\n    kernel = self.compile(src, target=target, options=options.__dict__)\n  File "/home/lijiaxing/.conda/envs/api/lib/python3.10/site-packages/triton/compiler/compiler.py", line 339, in compile\n    module = src.make_ir(options, codegen_fns, module_map, context)\n  File "/home/lijiaxing/.conda/envs/api/lib/python3.10/site-packages/triton/compiler/compiler.py", line 83, in make_ir\n    return ast_to_ttir(self.fn, self, context=context, options=options, codegen_fns=codegen_fns,\ntriton.compiler.errors.CompilationError: at 105:30:\n                    x_block = tl.load(x_ptrs, mask=in_mask, other=0.0)\n\n                    # Load weight block\n                    w_ptrs = (\n                        w_ptr + \n                        pid_oc * w_ocs + \n                        ic_offsets[None, None, None, :] * w_ics + \n                        kd * w_ds + \n                        kh * w_hs + \n                        kw * w_ws\n                    )\n                    w_block = tl.load(w_ptrs, mask=ic_mask, other=0.0)\n                              ^\n\n\nThe above exception was the direct cause of the following exception:\n\nTraceback (most recent call last):\n  File "/home/lijiaxing/.conda/envs/api/lib/python3.10/site-packages/triton/language/core.py", line 42, in wrapper\n    return fn(*args, **kwargs)\n  File "/home/lijiaxing/.conda/envs/api/lib/python3.10/site-packages/triton/language/core.py", line 2150, in load\n    return _semantic.load(pointer, mask, other, boundary_check, padding_option, cache_modifier, eviction_policy,\n  File "/home/lijiaxing/.conda/envs/api/lib/python3.10/site-packages/triton/language/semantic.py", line 1086, in load\n    return self._load_legacy(ptr, mask, other, boundary_check, padding, cache, eviction, is_volatile)\n  File "/home/lijiaxing/.conda/envs/api/lib/python3.10/site-packages/triton/language/semantic.py", line 1037, in _load_legacy\n    mask = self.broadcast_impl_shape(mask, ptr.type.get_block_shapes())\n  File "/home/lijiaxing/.conda/envs/api/lib/python3.10/site-packages/triton/language/semantic.py", line 697, in broadcast_impl_shape\n    raise ValueError(f"Cannot broadcast, rank mismatch: {src_shape}, {shape}")\nValueError: Cannot broadcast, rank mismatch: [\'32\'], [\'1\', \'1\', \'1\', \'32\']\n', 'runtime_error_name': 'triton.compiler.errors.CompilationError', 'reference_timing_ms': 0.0443, 'speed_up': -1.0, 'custom_timing': -1.0}, 'runtime': -1.0, 'runtime_stats': {}}}
2025-08-08 18:53:13,140 - openevolve.threaded_parallel - INFO - Checkpoint interval reached at iteration 12
2025-08-08 18:53:13,142 - openevolve.database - INFO - Island Status:
2025-08-08 18:53:13,142 - openevolve.database - INFO -  * Island 0: 6 programs, best=10.0000, avg=-28.3333, diversity=1062.67, gen=5 (best: cdf41102-4972-47c8-a062-c8eb837b312b)
2025-08-08 18:53:13,142 - openevolve.database - INFO -    Island 1: 5 programs, best=10.0000, avg=-12.0000, diversity=1781.62, gen=5 (best: db5a3a9d-f43f-4c67-b9ae-9c2295b10969)
2025-08-08 18:53:13,142 - openevolve.database - INFO -    Island 2: 4 programs, best=10.0000, avg=10.0000, diversity=638.63, gen=4 (best: 7b7cefc5-d1dc-432d-88f9-3f57787f92fe)
2025-08-08 18:53:13,330 - openevolve.database - INFO - Saved database with 15 programs to openevolve_output/level1_66_conv_standard_3D__asymmetric_input__asymmetric_kernel/checkpoints/checkpoint_12
2025-08-08 18:53:13,348 - openevolve.controller - INFO - Saved best program at checkpoint 12 with metrics: compiled=1.0000, correctness=0.0000, score=10.0000, stage=wrong_answer, verify_payload={'id': 'level1_66_conv_standard_3D__asymmetric_input__asymmetric_kernel', 'result': {'compiled': True, 'correctness': False, 'metadata': {'hardware': 'NVIDIA L20Y', 'device': 'cuda:2', 'max_difference': ['116.793068', '115.576317', '109.927330', '116.587410', '112.460678'], 'avg_difference': ['14.336764', '14.336644', '14.334428', '14.337821', '14.336843'], 'correctness_issue': 'Output mismatch', 'correctness_trials': '(0 / 5)', 'reference_timing_ms': 0.0443, 'speed_up': -1.0, 'custom_timing': -1.0}, 'runtime': -1.0, 'runtime_stats': {}}}
2025-08-08 18:53:13,348 - openevolve.controller - INFO - Saved checkpoint at iteration 12 to openevolve_output/level1_66_conv_standard_3D__asymmetric_input__asymmetric_kernel/checkpoints/checkpoint_12
2025-08-08 18:53:27,823 - openevolve.RemoteSpeedupEvaluator - INFO - [level1_66_conv_standard_3D__asymmetric_input__asymmetric_kernel] triton key words check pass
2025-08-08 18:53:27,823 - openevolve.RemoteSpeedupEvaluator - INFO - [level1_66_conv_standard_3D__asymmetric_input__asymmetric_kernel] verify_plus payload: reference_code(2241 chars) + custom_code(8517 chars)
2025-08-08 18:53:31,439 - openevolve.RemoteSpeedupEvaluator - INFO - [level1_66_conv_standard_3D__asymmetric_input__asymmetric_kernel] verify_plus request success
2025-08-08 18:53:31,439 - openevolve.RemoteSpeedupEvaluator - INFO - [level1_66_conv_standard_3D__asymmetric_input__asymmetric_kernel] verify_plus response: {"id":"level1_66_conv_standard_3D__asymmetric_input__asymmetric_kernel","result":{"compiled":true,"correctness":false,"metadata":{"hardware":"NVIDIA L20Y","device":"cuda:5","runtime_error":"Traceback (most recent call last):\n  File \"/home/lijiaxing/.conda/envs/api/lib/python3.10/site-packages/triton/language/core.py\", line 42, in wrapper\n    return fn(*args, **kwargs)\n  File \"/home/lijiaxing/.conda/envs/api/lib/python3.10/site-packages/triton/language/core.py\", line 2150, in load\n    return _semantic.load(pointer, mask, other, boundary_check, padding_option, cache_modifier, eviction_policy,\n  File \"/home/lijiaxing/.conda/envs/api/lib/python3.10/site-packages/triton/language/semantic.py\", line 1086, in load\n    return self._load_legacy(ptr, mask, other, boundary_check, padding, 
2025-08-08 18:53:31,439 - openevolve.RemoteSpeedupEvaluator - INFO - [level1_66_conv_standard_3D__asymmetric_input__asymmetric_kernel] âœ˜ wrong_answer
2025-08-08 18:53:31,439 - openevolve.evaluator - INFO - Evaluated program 9d928dcd-c7a8-4d5f-99ad-6785d1752802 in 3.62s: compiled=1.0000, correctness=0.0000, score=10.0000, stage=wrong_answer, verify_payload={'id': 'level1_66_conv_standard_3D__asymmetric_input__asymmetric_kernel', 'result': {'compiled': True, 'correctness': False, 'metadata': {'hardware': 'NVIDIA L20Y', 'device': 'cuda:5', 'runtime_error': 'Traceback (most recent call last):\n  File "/home/lijiaxing/.conda/envs/api/lib/python3.10/site-packages/triton/language/core.py", line 42, in wrapper\n    return fn(*args, **kwargs)\n  File "/home/lijiaxing/.conda/envs/api/lib/python3.10/site-packages/triton/language/core.py", line 2150, in load\n    return _semantic.load(pointer, mask, other, boundary_check, padding_option, cache_modifier, eviction_policy,\n  File "/home/lijiaxing/.conda/envs/api/lib/python3.10/site-packages/triton/language/semantic.py", line 1086, in load\n    return self._load_legacy(ptr, mask, other, boundary_check, padding, cache, eviction, is_volatile)\n  File "/home/lijiaxing/.conda/envs/api/lib/python3.10/site-packages/triton/language/semantic.py", line 1037, in _load_legacy\n    mask = self.broadcast_impl_shape(mask, ptr.type.get_block_shapes())\n  File "/home/lijiaxing/.conda/envs/api/lib/python3.10/site-packages/triton/language/semantic.py", line 697, in broadcast_impl_shape\n    raise ValueError(f"Cannot broadcast, rank mismatch: {src_shape}, {shape}")\nValueError: Cannot broadcast, rank mismatch: [\'32\'], [\'1\', \'1\', \'1\', \'32\']\n\nThe above exception was the direct cause of the following exception:\n\nTraceback (most recent call last):\n  File "/cpfs01/shared/llm_kernel/hujiakai/KernelLLM/validation_api_server/helpers/evaluations.py", line 720, in run_and_check_correctness\n    output_new = model_new(*inputs)\n  File "/home/lijiaxing/.conda/envs/api/lib/python3.10/site-packages/torch/nn/modules/module.py", line 1773, in _wrapped_call_impl\n    return self._call_impl(*args, **kwargs)\n  File "/home/lijiaxing/.conda/envs/api/lib/python3.10/site-packages/torch/nn/modules/module.py", line 1784, in _call_impl\n    return forward_call(*args, **kwargs)\n  File "/tmp/tmp7_9e78y0.py", line 222, in forward\n    return conv3d_triton(\n  File "/tmp/tmp7_9e78y0.py", line 162, in conv3d_triton\n    _conv3d_kernel[grid](\n  File "/home/lijiaxing/.conda/envs/api/lib/python3.10/site-packages/triton/runtime/jit.py", line 390, in <lambda>\n    return lambda *args, **kwargs: self.run(grid=grid, warmup=False, *args, **kwargs)\n  File "/home/lijiaxing/.conda/envs/api/lib/python3.10/site-packages/triton/runtime/jit.py", line 594, in run\n    kernel = self.compile(src, target=target, options=options.__dict__)\n  File "/home/lijiaxing/.conda/envs/api/lib/python3.10/site-packages/triton/compiler/compiler.py", line 339, in compile\n    module = src.make_ir(options, codegen_fns, module_map, context)\n  File "/home/lijiaxing/.conda/envs/api/lib/python3.10/site-packages/triton/compiler/compiler.py", line 83, in make_ir\n    return ast_to_ttir(self.fn, self, context=context, options=options, codegen_fns=codegen_fns,\ntriton.compiler.errors.CompilationError: at 107:30:\n                    x_block = tl.load(x_ptrs, mask=in_mask, other=0.0)\n\n                    # Load weight block\n                    w_ptrs = (\n                        w_ptr + \n                        pid_oc * w_ocs + \n                        ic_offsets[None, None, None, :] * w_ics + \n                        kd * w_ds + \n                        kh * w_hs + \n                        kw * w_ws\n                    )\n                    w_block = tl.load(w_ptrs, mask=ic_mask, other=0.0)\n                              ^\n\n\nThe above exception was the direct cause of the following exception:\n\nTraceback (most recent call last):\n  File "/home/lijiaxing/.conda/envs/api/lib/python3.10/site-packages/triton/language/core.py", line 42, in wrapper\n    return fn(*args, **kwargs)\n  File "/home/lijiaxing/.conda/envs/api/lib/python3.10/site-packages/triton/language/core.py", line 2150, in load\n    return _semantic.load(pointer, mask, other, boundary_check, padding_option, cache_modifier, eviction_policy,\n  File "/home/lijiaxing/.conda/envs/api/lib/python3.10/site-packages/triton/language/semantic.py", line 1086, in load\n    return self._load_legacy(ptr, mask, other, boundary_check, padding, cache, eviction, is_volatile)\n  File "/home/lijiaxing/.conda/envs/api/lib/python3.10/site-packages/triton/language/semantic.py", line 1037, in _load_legacy\n    mask = self.broadcast_impl_shape(mask, ptr.type.get_block_shapes())\n  File "/home/lijiaxing/.conda/envs/api/lib/python3.10/site-packages/triton/language/semantic.py", line 697, in broadcast_impl_shape\n    raise ValueError(f"Cannot broadcast, rank mismatch: {src_shape}, {shape}")\nValueError: Cannot broadcast, rank mismatch: [\'32\'], [\'1\', \'1\', \'1\', \'32\']\n', 'runtime_error_name': 'triton.compiler.errors.CompilationError', 'reference_timing_ms': 0.0443, 'speed_up': -1.0, 'custom_timing': -1.0}, 'runtime': -1.0, 'runtime_stats': {}}}
2025-08-08 18:53:31,444 - openevolve.llm.ensemble - INFO - Sampled model: deepseek
2025-08-08 18:53:31,456 - openevolve.threaded_parallel - INFO - Iteration 14: Program 9d928dcd-c7a8-4d5f-99ad-6785d1752802 (parent: a648757e-f2f8-4444-9245-a9d5e6514a31) completed in 570.68s
2025-08-08 18:53:31,456 - openevolve.threaded_parallel - INFO - Metrics: compiled=1.0000, correctness=0.0000, score=10.0000, stage=wrong_answer, verify_payload={'id': 'level1_66_conv_standard_3D__asymmetric_input__asymmetric_kernel', 'result': {'compiled': True, 'correctness': False, 'metadata': {'hardware': 'NVIDIA L20Y', 'device': 'cuda:5', 'runtime_error': 'Traceback (most recent call last):\n  File "/home/lijiaxing/.conda/envs/api/lib/python3.10/site-packages/triton/language/core.py", line 42, in wrapper\n    return fn(*args, **kwargs)\n  File "/home/lijiaxing/.conda/envs/api/lib/python3.10/site-packages/triton/language/core.py", line 2150, in load\n    return _semantic.load(pointer, mask, other, boundary_check, padding_option, cache_modifier, eviction_policy,\n  File "/home/lijiaxing/.conda/envs/api/lib/python3.10/site-packages/triton/language/semantic.py", line 1086, in load\n    return self._load_legacy(ptr, mask, other, boundary_check, padding, cache, eviction, is_volatile)\n  File "/home/lijiaxing/.conda/envs/api/lib/python3.10/site-packages/triton/language/semantic.py", line 1037, in _load_legacy\n    mask = self.broadcast_impl_shape(mask, ptr.type.get_block_shapes())\n  File "/home/lijiaxing/.conda/envs/api/lib/python3.10/site-packages/triton/language/semantic.py", line 697, in broadcast_impl_shape\n    raise ValueError(f"Cannot broadcast, rank mismatch: {src_shape}, {shape}")\nValueError: Cannot broadcast, rank mismatch: [\'32\'], [\'1\', \'1\', \'1\', \'32\']\n\nThe above exception was the direct cause of the following exception:\n\nTraceback (most recent call last):\n  File "/cpfs01/shared/llm_kernel/hujiakai/KernelLLM/validation_api_server/helpers/evaluations.py", line 720, in run_and_check_correctness\n    output_new = model_new(*inputs)\n  File "/home/lijiaxing/.conda/envs/api/lib/python3.10/site-packages/torch/nn/modules/module.py", line 1773, in _wrapped_call_impl\n    return self._call_impl(*args, **kwargs)\n  File "/home/lijiaxing/.conda/envs/api/lib/python3.10/site-packages/torch/nn/modules/module.py", line 1784, in _call_impl\n    return forward_call(*args, **kwargs)\n  File "/tmp/tmp7_9e78y0.py", line 222, in forward\n    return conv3d_triton(\n  File "/tmp/tmp7_9e78y0.py", line 162, in conv3d_triton\n    _conv3d_kernel[grid](\n  File "/home/lijiaxing/.conda/envs/api/lib/python3.10/site-packages/triton/runtime/jit.py", line 390, in <lambda>\n    return lambda *args, **kwargs: self.run(grid=grid, warmup=False, *args, **kwargs)\n  File "/home/lijiaxing/.conda/envs/api/lib/python3.10/site-packages/triton/runtime/jit.py", line 594, in run\n    kernel = self.compile(src, target=target, options=options.__dict__)\n  File "/home/lijiaxing/.conda/envs/api/lib/python3.10/site-packages/triton/compiler/compiler.py", line 339, in compile\n    module = src.make_ir(options, codegen_fns, module_map, context)\n  File "/home/lijiaxing/.conda/envs/api/lib/python3.10/site-packages/triton/compiler/compiler.py", line 83, in make_ir\n    return ast_to_ttir(self.fn, self, context=context, options=options, codegen_fns=codegen_fns,\ntriton.compiler.errors.CompilationError: at 107:30:\n                    x_block = tl.load(x_ptrs, mask=in_mask, other=0.0)\n\n                    # Load weight block\n                    w_ptrs = (\n                        w_ptr + \n                        pid_oc * w_ocs + \n                        ic_offsets[None, None, None, :] * w_ics + \n                        kd * w_ds + \n                        kh * w_hs + \n                        kw * w_ws\n                    )\n                    w_block = tl.load(w_ptrs, mask=ic_mask, other=0.0)\n                              ^\n\n\nThe above exception was the direct cause of the following exception:\n\nTraceback (most recent call last):\n  File "/home/lijiaxing/.conda/envs/api/lib/python3.10/site-packages/triton/language/core.py", line 42, in wrapper\n    return fn(*args, **kwargs)\n  File "/home/lijiaxing/.conda/envs/api/lib/python3.10/site-packages/triton/language/core.py", line 2150, in load\n    return _semantic.load(pointer, mask, other, boundary_check, padding_option, cache_modifier, eviction_policy,\n  File "/home/lijiaxing/.conda/envs/api/lib/python3.10/site-packages/triton/language/semantic.py", line 1086, in load\n    return self._load_legacy(ptr, mask, other, boundary_check, padding, cache, eviction, is_volatile)\n  File "/home/lijiaxing/.conda/envs/api/lib/python3.10/site-packages/triton/language/semantic.py", line 1037, in _load_legacy\n    mask = self.broadcast_impl_shape(mask, ptr.type.get_block_shapes())\n  File "/home/lijiaxing/.conda/envs/api/lib/python3.10/site-packages/triton/language/semantic.py", line 697, in broadcast_impl_shape\n    raise ValueError(f"Cannot broadcast, rank mismatch: {src_shape}, {shape}")\nValueError: Cannot broadcast, rank mismatch: [\'32\'], [\'1\', \'1\', \'1\', \'32\']\n', 'runtime_error_name': 'triton.compiler.errors.CompilationError', 'reference_timing_ms': 0.0443, 'speed_up': -1.0, 'custom_timing': -1.0}, 'runtime': -1.0, 'runtime_stats': {}}}
2025-08-08 19:02:57,885 - openevolve.RemoteSpeedupEvaluator - INFO - [level1_66_conv_standard_3D__asymmetric_input__asymmetric_kernel] âœ˜ invalid_answer 'import triton' is not found
2025-08-08 19:02:57,888 - openevolve.evaluator - INFO - Evaluated program a16c3d41-979d-4909-8df3-fece572c4523 in 0.00s: compiled=0.0000, correctness=0.0000, score=-100.0000, stage=no_valid_triton_code, feedback=You need to generate real and valid triton code for the core function. The key word 'import triton' is not found.
2025-08-08 19:02:57,892 - openevolve.llm.ensemble - INFO - Sampled model: deepseek
2025-08-08 19:02:57,895 - openevolve.database - INFO - New MAP-Elites cell occupied: {'score': -1000, 'complexity': 1}
2025-08-08 19:02:57,908 - openevolve.threaded_parallel - INFO - Iteration 17: Program a16c3d41-979d-4909-8df3-fece572c4523 (parent: 0817defc-94ec-4947-bbd2-84fc156b9359) completed in 566.44s
2025-08-08 19:02:57,908 - openevolve.threaded_parallel - INFO - Metrics: compiled=0.0000, correctness=0.0000, score=-100.0000, stage=no_valid_triton_code, feedback=You need to generate real and valid triton code for the core function. The key word 'import triton' is not found.
2025-08-08 19:12:38,111 - openevolve.RemoteSpeedupEvaluator - INFO - [level1_66_conv_standard_3D__asymmetric_input__asymmetric_kernel] triton key words check pass
2025-08-08 19:12:38,113 - openevolve.RemoteSpeedupEvaluator - INFO - [level1_66_conv_standard_3D__asymmetric_input__asymmetric_kernel] verify_plus payload: reference_code(2241 chars) + custom_code(8290 chars)
2025-08-08 19:12:45,049 - openevolve.RemoteSpeedupEvaluator - INFO - [level1_66_conv_standard_3D__asymmetric_input__asymmetric_kernel] verify_plus request success
2025-08-08 19:12:45,050 - openevolve.RemoteSpeedupEvaluator - INFO - [level1_66_conv_standard_3D__asymmetric_input__asymmetric_kernel] verify_plus response: {"id":"level1_66_conv_standard_3D__asymmetric_input__asymmetric_kernel","result":{"compiled":true,"correctness":false,"metadata":{"hardware":"NVIDIA L20Y","device":"cuda:2","runtime_error":"Traceback (most recent call last):\n  File \"/home/lijiaxing/.conda/envs/api/lib/python3.10/site-packages/triton/language/core.py\", line 42, in wrapper\n    return fn(*args, **kwargs)\n  File \"/home/lijiaxing/.conda/envs/api/lib/python3.10/site-packages/triton/language/core.py\", line 2150, in load\n    return _semantic.load(pointer, mask, other, boundary_check, padding_option, cache_modifier, eviction_policy,\n  File \"/home/lijiaxing/.conda/envs/api/lib/python3.10/site-packages/triton/language/semantic.py\", line 1086, in load\n    return self._load_legacy(ptr, mask, other, boundary_check, padding, 
2025-08-08 19:12:45,050 - openevolve.RemoteSpeedupEvaluator - INFO - [level1_66_conv_standard_3D__asymmetric_input__asymmetric_kernel] âœ˜ wrong_answer
2025-08-08 19:12:45,050 - openevolve.evaluator - INFO - Evaluated program 1d34656f-7823-4893-9fd8-16e2b58c37c1 in 6.94s: compiled=1.0000, correctness=0.0000, score=10.0000, stage=wrong_answer, verify_payload={'id': 'level1_66_conv_standard_3D__asymmetric_input__asymmetric_kernel', 'result': {'compiled': True, 'correctness': False, 'metadata': {'hardware': 'NVIDIA L20Y', 'device': 'cuda:2', 'runtime_error': 'Traceback (most recent call last):\n  File "/home/lijiaxing/.conda/envs/api/lib/python3.10/site-packages/triton/language/core.py", line 42, in wrapper\n    return fn(*args, **kwargs)\n  File "/home/lijiaxing/.conda/envs/api/lib/python3.10/site-packages/triton/language/core.py", line 2150, in load\n    return _semantic.load(pointer, mask, other, boundary_check, padding_option, cache_modifier, eviction_policy,\n  File "/home/lijiaxing/.conda/envs/api/lib/python3.10/site-packages/triton/language/semantic.py", line 1086, in load\n    return self._load_legacy(ptr, mask, other, boundary_check, padding, cache, eviction, is_volatile)\n  File "/home/lijiaxing/.conda/envs/api/lib/python3.10/site-packages/triton/language/semantic.py", line 1037, in _load_legacy\n    mask = self.broadcast_impl_shape(mask, ptr.type.get_block_shapes())\n  File "/home/lijiaxing/.conda/envs/api/lib/python3.10/site-packages/triton/language/semantic.py", line 697, in broadcast_impl_shape\n    raise ValueError(f"Cannot broadcast, rank mismatch: {src_shape}, {shape}")\nValueError: Cannot broadcast, rank mismatch: [\'32\'], [\'1\', \'1\', \'1\', \'32\']\n\nThe above exception was the direct cause of the following exception:\n\nTraceback (most recent call last):\n  File "/cpfs01/shared/llm_kernel/hujiakai/KernelLLM/validation_api_server/helpers/evaluations.py", line 720, in run_and_check_correctness\n    output_new = model_new(*inputs)\n  File "/home/lijiaxing/.conda/envs/api/lib/python3.10/site-packages/torch/nn/modules/module.py", line 1773, in _wrapped_call_impl\n    return self._call_impl(*args, **kwargs)\n  File "/home/lijiaxing/.conda/envs/api/lib/python3.10/site-packages/torch/nn/modules/module.py", line 1784, in _call_impl\n    return forward_call(*args, **kwargs)\n  File "/tmp/tmp6m6x9j92.py", line 219, in forward\n    return conv3d_triton(\n  File "/tmp/tmp6m6x9j92.py", line 157, in conv3d_triton\n    _conv3d_kernel[grid](\n  File "/home/lijiaxing/.conda/envs/api/lib/python3.10/site-packages/triton/runtime/jit.py", line 390, in <lambda>\n    return lambda *args, **kwargs: self.run(grid=grid, warmup=False, *args, **kwargs)\n  File "/home/lijiaxing/.conda/envs/api/lib/python3.10/site-packages/triton/runtime/jit.py", line 594, in run\n    kernel = self.compile(src, target=target, options=options.__dict__)\n  File "/home/lijiaxing/.conda/envs/api/lib/python3.10/site-packages/triton/compiler/compiler.py", line 339, in compile\n    module = src.make_ir(options, codegen_fns, module_map, context)\n  File "/home/lijiaxing/.conda/envs/api/lib/python3.10/site-packages/triton/compiler/compiler.py", line 83, in make_ir\n    return ast_to_ttir(self.fn, self, context=context, options=options, codegen_fns=codegen_fns,\ntriton.compiler.errors.CompilationError: at 102:30:\n                    x_block = tl.load(x_ptrs, mask=in_mask, other=0.0)\n\n                    # Load weight block\n                    w_ptrs = (\n                        w_ptr + \n                        pid_oc * w_ocs + \n                        ic_offsets[None, None, None, :] * w_ics + \n                        kd * w_ds + \n                        kh * w_hs + \n                        kw * w_ws\n                    )\n                    w_block = tl.load(w_ptrs, mask=ic_mask, other=0.0)\n                              ^\n\n\nThe above exception was the direct cause of the following exception:\n\nTraceback (most recent call last):\n  File "/home/lijiaxing/.conda/envs/api/lib/python3.10/site-packages/triton/language/core.py", line 42, in wrapper\n    return fn(*args, **kwargs)\n  File "/home/lijiaxing/.conda/envs/api/lib/python3.10/site-packages/triton/language/core.py", line 2150, in load\n    return _semantic.load(pointer, mask, other, boundary_check, padding_option, cache_modifier, eviction_policy,\n  File "/home/lijiaxing/.conda/envs/api/lib/python3.10/site-packages/triton/language/semantic.py", line 1086, in load\n    return self._load_legacy(ptr, mask, other, boundary_check, padding, cache, eviction, is_volatile)\n  File "/home/lijiaxing/.conda/envs/api/lib/python3.10/site-packages/triton/language/semantic.py", line 1037, in _load_legacy\n    mask = self.broadcast_impl_shape(mask, ptr.type.get_block_shapes())\n  File "/home/lijiaxing/.conda/envs/api/lib/python3.10/site-packages/triton/language/semantic.py", line 697, in broadcast_impl_shape\n    raise ValueError(f"Cannot broadcast, rank mismatch: {src_shape}, {shape}")\nValueError: Cannot broadcast, rank mismatch: [\'32\'], [\'1\', \'1\', \'1\', \'32\']\n', 'runtime_error_name': 'triton.compiler.errors.CompilationError', 'reference_timing_ms': 0.0443, 'speed_up': -1.0, 'custom_timing': -1.0}, 'runtime': -1.0, 'runtime_stats': {}}}
2025-08-08 19:12:45,055 - openevolve.llm.ensemble - INFO - Sampled model: deepseek
2025-08-08 19:12:45,067 - openevolve.threaded_parallel - INFO - Iteration 15: Program 1d34656f-7823-4893-9fd8-16e2b58c37c1 (parent: e540f9a8-b547-4022-acc8-a43cd9d862ff) completed in 1425.70s
2025-08-08 19:12:45,068 - openevolve.threaded_parallel - INFO - Metrics: compiled=1.0000, correctness=0.0000, score=10.0000, stage=wrong_answer, verify_payload={'id': 'level1_66_conv_standard_3D__asymmetric_input__asymmetric_kernel', 'result': {'compiled': True, 'correctness': False, 'metadata': {'hardware': 'NVIDIA L20Y', 'device': 'cuda:2', 'runtime_error': 'Traceback (most recent call last):\n  File "/home/lijiaxing/.conda/envs/api/lib/python3.10/site-packages/triton/language/core.py", line 42, in wrapper\n    return fn(*args, **kwargs)\n  File "/home/lijiaxing/.conda/envs/api/lib/python3.10/site-packages/triton/language/core.py", line 2150, in load\n    return _semantic.load(pointer, mask, other, boundary_check, padding_option, cache_modifier, eviction_policy,\n  File "/home/lijiaxing/.conda/envs/api/lib/python3.10/site-packages/triton/language/semantic.py", line 1086, in load\n    return self._load_legacy(ptr, mask, other, boundary_check, padding, cache, eviction, is_volatile)\n  File "/home/lijiaxing/.conda/envs/api/lib/python3.10/site-packages/triton/language/semantic.py", line 1037, in _load_legacy\n    mask = self.broadcast_impl_shape(mask, ptr.type.get_block_shapes())\n  File "/home/lijiaxing/.conda/envs/api/lib/python3.10/site-packages/triton/language/semantic.py", line 697, in broadcast_impl_shape\n    raise ValueError(f"Cannot broadcast, rank mismatch: {src_shape}, {shape}")\nValueError: Cannot broadcast, rank mismatch: [\'32\'], [\'1\', \'1\', \'1\', \'32\']\n\nThe above exception was the direct cause of the following exception:\n\nTraceback (most recent call last):\n  File "/cpfs01/shared/llm_kernel/hujiakai/KernelLLM/validation_api_server/helpers/evaluations.py", line 720, in run_and_check_correctness\n    output_new = model_new(*inputs)\n  File "/home/lijiaxing/.conda/envs/api/lib/python3.10/site-packages/torch/nn/modules/module.py", line 1773, in _wrapped_call_impl\n    return self._call_impl(*args, **kwargs)\n  File "/home/lijiaxing/.conda/envs/api/lib/python3.10/site-packages/torch/nn/modules/module.py", line 1784, in _call_impl\n    return forward_call(*args, **kwargs)\n  File "/tmp/tmp6m6x9j92.py", line 219, in forward\n    return conv3d_triton(\n  File "/tmp/tmp6m6x9j92.py", line 157, in conv3d_triton\n    _conv3d_kernel[grid](\n  File "/home/lijiaxing/.conda/envs/api/lib/python3.10/site-packages/triton/runtime/jit.py", line 390, in <lambda>\n    return lambda *args, **kwargs: self.run(grid=grid, warmup=False, *args, **kwargs)\n  File "/home/lijiaxing/.conda/envs/api/lib/python3.10/site-packages/triton/runtime/jit.py", line 594, in run\n    kernel = self.compile(src, target=target, options=options.__dict__)\n  File "/home/lijiaxing/.conda/envs/api/lib/python3.10/site-packages/triton/compiler/compiler.py", line 339, in compile\n    module = src.make_ir(options, codegen_fns, module_map, context)\n  File "/home/lijiaxing/.conda/envs/api/lib/python3.10/site-packages/triton/compiler/compiler.py", line 83, in make_ir\n    return ast_to_ttir(self.fn, self, context=context, options=options, codegen_fns=codegen_fns,\ntriton.compiler.errors.CompilationError: at 102:30:\n                    x_block = tl.load(x_ptrs, mask=in_mask, other=0.0)\n\n                    # Load weight block\n                    w_ptrs = (\n                        w_ptr + \n                        pid_oc * w_ocs + \n                        ic_offsets[None, None, None, :] * w_ics + \n                        kd * w_ds + \n                        kh * w_hs + \n                        kw * w_ws\n                    )\n                    w_block = tl.load(w_ptrs, mask=ic_mask, other=0.0)\n                              ^\n\n\nThe above exception was the direct cause of the following exception:\n\nTraceback (most recent call last):\n  File "/home/lijiaxing/.conda/envs/api/lib/python3.10/site-packages/triton/language/core.py", line 42, in wrapper\n    return fn(*args, **kwargs)\n  File "/home/lijiaxing/.conda/envs/api/lib/python3.10/site-packages/triton/language/core.py", line 2150, in load\n    return _semantic.load(pointer, mask, other, boundary_check, padding_option, cache_modifier, eviction_policy,\n  File "/home/lijiaxing/.conda/envs/api/lib/python3.10/site-packages/triton/language/semantic.py", line 1086, in load\n    return self._load_legacy(ptr, mask, other, boundary_check, padding, cache, eviction, is_volatile)\n  File "/home/lijiaxing/.conda/envs/api/lib/python3.10/site-packages/triton/language/semantic.py", line 1037, in _load_legacy\n    mask = self.broadcast_impl_shape(mask, ptr.type.get_block_shapes())\n  File "/home/lijiaxing/.conda/envs/api/lib/python3.10/site-packages/triton/language/semantic.py", line 697, in broadcast_impl_shape\n    raise ValueError(f"Cannot broadcast, rank mismatch: {src_shape}, {shape}")\nValueError: Cannot broadcast, rank mismatch: [\'32\'], [\'1\', \'1\', \'1\', \'32\']\n', 'runtime_error_name': 'triton.compiler.errors.CompilationError', 'reference_timing_ms': 0.0443, 'speed_up': -1.0, 'custom_timing': -1.0}, 'runtime': -1.0, 'runtime_stats': {}}}
2025-08-08 19:12:45,068 - openevolve.threaded_parallel - INFO - Checkpoint interval reached at iteration 15
2025-08-08 19:12:45,071 - openevolve.database - INFO - Island Status:
2025-08-08 19:12:45,071 - openevolve.database - INFO -  * Island 0: 7 programs, best=10.0000, avg=-22.8571, diversity=1078.42, gen=6 (best: cdf41102-4972-47c8-a062-c8eb837b312b)
2025-08-08 19:12:45,071 - openevolve.database - INFO -    Island 1: 6 programs, best=10.0000, avg=-26.6667, diversity=1579.20, gen=6 (best: db5a3a9d-f43f-4c67-b9ae-9c2295b10969)
2025-08-08 19:12:45,071 - openevolve.database - INFO -    Island 2: 5 programs, best=10.0000, avg=10.0000, diversity=518.05, gen=5 (best: 7b7cefc5-d1dc-432d-88f9-3f57787f92fe)
2025-08-08 19:12:45,296 - openevolve.database - INFO - Saved database with 18 programs to openevolve_output/level1_66_conv_standard_3D__asymmetric_input__asymmetric_kernel/checkpoints/checkpoint_15
2025-08-08 19:12:45,312 - openevolve.controller - INFO - Saved best program at checkpoint 15 with metrics: compiled=1.0000, correctness=0.0000, score=10.0000, stage=wrong_answer, verify_payload={'id': 'level1_66_conv_standard_3D__asymmetric_input__asymmetric_kernel', 'result': {'compiled': True, 'correctness': False, 'metadata': {'hardware': 'NVIDIA L20Y', 'device': 'cuda:2', 'max_difference': ['116.793068', '115.576317', '109.927330', '116.587410', '112.460678'], 'avg_difference': ['14.336764', '14.336644', '14.334428', '14.337821', '14.336843'], 'correctness_issue': 'Output mismatch', 'correctness_trials': '(0 / 5)', 'reference_timing_ms': 0.0443, 'speed_up': -1.0, 'custom_timing': -1.0}, 'runtime': -1.0, 'runtime_stats': {}}}
2025-08-08 19:12:45,313 - openevolve.controller - INFO - Saved checkpoint at iteration 15 to openevolve_output/level1_66_conv_standard_3D__asymmetric_input__asymmetric_kernel/checkpoints/checkpoint_15
2025-08-08 19:12:58,666 - openevolve.RemoteSpeedupEvaluator - INFO - [level1_66_conv_standard_3D__asymmetric_input__asymmetric_kernel] triton key words check pass
2025-08-08 19:12:58,666 - openevolve.RemoteSpeedupEvaluator - INFO - [level1_66_conv_standard_3D__asymmetric_input__asymmetric_kernel] verify_plus payload: reference_code(2241 chars) + custom_code(6370 chars)
2025-08-08 19:13:08,971 - openevolve.RemoteSpeedupEvaluator - INFO - [level1_66_conv_standard_3D__asymmetric_input__asymmetric_kernel] verify_plus request success
2025-08-08 19:13:08,973 - openevolve.RemoteSpeedupEvaluator - INFO - [level1_66_conv_standard_3D__asymmetric_input__asymmetric_kernel] verify_plus response: {"id":"level1_66_conv_standard_3D__asymmetric_input__asymmetric_kernel","result":{"compiled":true,"correctness":false,"metadata":{"hardware":"NVIDIA L20Y","device":"cuda:2","runtime_error":"Traceback (most recent call last):\n  File \"/home/lijiaxing/.conda/envs/api/lib/python3.10/site-packages/triton/language/core.py\", line 42, in wrapper\n    return fn(*args, **kwargs)\n  File \"/home/lijiaxing/.conda/envs/api/lib/python3.10/site-packages/triton/language/core.py\", line 2150, in load\n    return _semantic.load(pointer, mask, other, boundary_check, padding_option, cache_modifier, eviction_policy,\n  File \"/home/lijiaxing/.conda/envs/api/lib/python3.10/site-packages/triton/language/semantic.py\", line 1086, in load\n    return self._load_legacy(ptr, mask, other, boundary_check, padding, 
2025-08-08 19:13:08,973 - openevolve.RemoteSpeedupEvaluator - INFO - [level1_66_conv_standard_3D__asymmetric_input__asymmetric_kernel] âœ˜ wrong_answer
2025-08-08 19:13:08,973 - openevolve.evaluator - INFO - Evaluated program ce94d18e-bb9a-4bf5-af33-d6ecd47f5937 in 10.31s: compiled=1.0000, correctness=0.0000, score=10.0000, stage=wrong_answer, verify_payload={'id': 'level1_66_conv_standard_3D__asymmetric_input__asymmetric_kernel', 'result': {'compiled': True, 'correctness': False, 'metadata': {'hardware': 'NVIDIA L20Y', 'device': 'cuda:2', 'runtime_error': 'Traceback (most recent call last):\n  File "/home/lijiaxing/.conda/envs/api/lib/python3.10/site-packages/triton/language/core.py", line 42, in wrapper\n    return fn(*args, **kwargs)\n  File "/home/lijiaxing/.conda/envs/api/lib/python3.10/site-packages/triton/language/core.py", line 2150, in load\n    return _semantic.load(pointer, mask, other, boundary_check, padding_option, cache_modifier, eviction_policy,\n  File "/home/lijiaxing/.conda/envs/api/lib/python3.10/site-packages/triton/language/semantic.py", line 1086, in load\n    return self._load_legacy(ptr, mask, other, boundary_check, padding, cache, eviction, is_volatile)\n  File "/home/lijiaxing/.conda/envs/api/lib/python3.10/site-packages/triton/language/semantic.py", line 1017, in _load_legacy\n    raise ValueError(f"Unsupported ptr type {ptr.type.__repr__()} in `tl.load`")\nValueError: Unsupported ptr type <[\'64\'], int64> in `tl.load`\n\nThe above exception was the direct cause of the following exception:\n\nTraceback (most recent call last):\n  File "/cpfs01/shared/llm_kernel/hujiakai/KernelLLM/validation_api_server/helpers/evaluations.py", line 720, in run_and_check_correctness\n    output_new = model_new(*inputs)\n  File "/home/lijiaxing/.conda/envs/api/lib/python3.10/site-packages/torch/nn/modules/module.py", line 1773, in _wrapped_call_impl\n    return self._call_impl(*args, **kwargs)\n  File "/home/lijiaxing/.conda/envs/api/lib/python3.10/site-packages/torch/nn/modules/module.py", line 1784, in _call_impl\n    return forward_call(*args, **kwargs)\n  File "/tmp/tmpfagdmmxb.py", line 150, in forward\n    conv3d_kernel[grid](\n  File "/home/lijiaxing/.conda/envs/api/lib/python3.10/site-packages/triton/runtime/jit.py", line 390, in <lambda>\n    return lambda *args, **kwargs: self.run(grid=grid, warmup=False, *args, **kwargs)\n  File "/home/lijiaxing/.conda/envs/api/lib/python3.10/site-packages/triton/runtime/jit.py", line 594, in run\n    kernel = self.compile(src, target=target, options=options.__dict__)\n  File "/home/lijiaxing/.conda/envs/api/lib/python3.10/site-packages/triton/compiler/compiler.py", line 339, in compile\n    module = src.make_ir(options, codegen_fns, module_map, context)\n  File "/home/lijiaxing/.conda/envs/api/lib/python3.10/site-packages/triton/compiler/compiler.py", line 83, in make_ir\n    return ast_to_ttir(self.fn, self, context=context, options=options, codegen_fns=codegen_fns,\ntriton.compiler.errors.CompilationError: at 76:19:\n                oc_offsets[:, None] * weight_ocs +\n                ic * weight_ics +\n                kd[None, :] * weight_ds +\n                kh[None, :] * weight_hs +\n                kw[None, :] * weight_ws\n            )\n            weight_val = tl.load(weight_ptr + weight_ptr_offset, mask=oc_mask[:, None] & k_mask[None, :], other=0.0)\n\n            acc += tl.sum(input_val[None, :] * weight_val, axis=1)\n\n    if bias_ptr != 0:\n        bias_val = tl.load(bias_ptr + oc_offsets, mask=oc_mask, other=0.0)\n                   ^\n\n\nThe above exception was the direct cause of the following exception:\n\nTraceback (most recent call last):\n  File "/home/lijiaxing/.conda/envs/api/lib/python3.10/site-packages/triton/language/core.py", line 42, in wrapper\n    return fn(*args, **kwargs)\n  File "/home/lijiaxing/.conda/envs/api/lib/python3.10/site-packages/triton/language/core.py", line 2150, in load\n    return _semantic.load(pointer, mask, other, boundary_check, padding_option, cache_modifier, eviction_policy,\n  File "/home/lijiaxing/.conda/envs/api/lib/python3.10/site-packages/triton/language/semantic.py", line 1086, in load\n    return self._load_legacy(ptr, mask, other, boundary_check, padding, cache, eviction, is_volatile)\n  File "/home/lijiaxing/.conda/envs/api/lib/python3.10/site-packages/triton/language/semantic.py", line 1017, in _load_legacy\n    raise ValueError(f"Unsupported ptr type {ptr.type.__repr__()} in `tl.load`")\nValueError: Unsupported ptr type <[\'64\'], int64> in `tl.load`\n', 'runtime_error_name': 'triton.compiler.errors.CompilationError', 'reference_timing_ms': 0.0443, 'speed_up': -1.0, 'custom_timing': -1.0}, 'runtime': -1.0, 'runtime_stats': {}}}
2025-08-08 19:13:08,979 - openevolve.llm.ensemble - INFO - Sampled model: deepseek
2025-08-08 19:13:08,992 - openevolve.threaded_parallel - INFO - Iteration 16: Program ce94d18e-bb9a-4bf5-af33-d6ecd47f5937 (parent: 1dedc709-a6e6-48f8-86bf-172bb9cdee7e) completed in 1195.85s
2025-08-08 19:13:08,993 - openevolve.threaded_parallel - INFO - Metrics: compiled=1.0000, correctness=0.0000, score=10.0000, stage=wrong_answer, verify_payload={'id': 'level1_66_conv_standard_3D__asymmetric_input__asymmetric_kernel', 'result': {'compiled': True, 'correctness': False, 'metadata': {'hardware': 'NVIDIA L20Y', 'device': 'cuda:2', 'runtime_error': 'Traceback (most recent call last):\n  File "/home/lijiaxing/.conda/envs/api/lib/python3.10/site-packages/triton/language/core.py", line 42, in wrapper\n    return fn(*args, **kwargs)\n  File "/home/lijiaxing/.conda/envs/api/lib/python3.10/site-packages/triton/language/core.py", line 2150, in load\n    return _semantic.load(pointer, mask, other, boundary_check, padding_option, cache_modifier, eviction_policy,\n  File "/home/lijiaxing/.conda/envs/api/lib/python3.10/site-packages/triton/language/semantic.py", line 1086, in load\n    return self._load_legacy(ptr, mask, other, boundary_check, padding, cache, eviction, is_volatile)\n  File "/home/lijiaxing/.conda/envs/api/lib/python3.10/site-packages/triton/language/semantic.py", line 1017, in _load_legacy\n    raise ValueError(f"Unsupported ptr type {ptr.type.__repr__()} in `tl.load`")\nValueError: Unsupported ptr type <[\'64\'], int64> in `tl.load`\n\nThe above exception was the direct cause of the following exception:\n\nTraceback (most recent call last):\n  File "/cpfs01/shared/llm_kernel/hujiakai/KernelLLM/validation_api_server/helpers/evaluations.py", line 720, in run_and_check_correctness\n    output_new = model_new(*inputs)\n  File "/home/lijiaxing/.conda/envs/api/lib/python3.10/site-packages/torch/nn/modules/module.py", line 1773, in _wrapped_call_impl\n    return self._call_impl(*args, **kwargs)\n  File "/home/lijiaxing/.conda/envs/api/lib/python3.10/site-packages/torch/nn/modules/module.py", line 1784, in _call_impl\n    return forward_call(*args, **kwargs)\n  File "/tmp/tmpfagdmmxb.py", line 150, in forward\n    conv3d_kernel[grid](\n  File "/home/lijiaxing/.conda/envs/api/lib/python3.10/site-packages/triton/runtime/jit.py", line 390, in <lambda>\n    return lambda *args, **kwargs: self.run(grid=grid, warmup=False, *args, **kwargs)\n  File "/home/lijiaxing/.conda/envs/api/lib/python3.10/site-packages/triton/runtime/jit.py", line 594, in run\n    kernel = self.compile(src, target=target, options=options.__dict__)\n  File "/home/lijiaxing/.conda/envs/api/lib/python3.10/site-packages/triton/compiler/compiler.py", line 339, in compile\n    module = src.make_ir(options, codegen_fns, module_map, context)\n  File "/home/lijiaxing/.conda/envs/api/lib/python3.10/site-packages/triton/compiler/compiler.py", line 83, in make_ir\n    return ast_to_ttir(self.fn, self, context=context, options=options, codegen_fns=codegen_fns,\ntriton.compiler.errors.CompilationError: at 76:19:\n                oc_offsets[:, None] * weight_ocs +\n                ic * weight_ics +\n                kd[None, :] * weight_ds +\n                kh[None, :] * weight_hs +\n                kw[None, :] * weight_ws\n            )\n            weight_val = tl.load(weight_ptr + weight_ptr_offset, mask=oc_mask[:, None] & k_mask[None, :], other=0.0)\n\n            acc += tl.sum(input_val[None, :] * weight_val, axis=1)\n\n    if bias_ptr != 0:\n        bias_val = tl.load(bias_ptr + oc_offsets, mask=oc_mask, other=0.0)\n                   ^\n\n\nThe above exception was the direct cause of the following exception:\n\nTraceback (most recent call last):\n  File "/home/lijiaxing/.conda/envs/api/lib/python3.10/site-packages/triton/language/core.py", line 42, in wrapper\n    return fn(*args, **kwargs)\n  File "/home/lijiaxing/.conda/envs/api/lib/python3.10/site-packages/triton/language/core.py", line 2150, in load\n    return _semantic.load(pointer, mask, other, boundary_check, padding_option, cache_modifier, eviction_policy,\n  File "/home/lijiaxing/.conda/envs/api/lib/python3.10/site-packages/triton/language/semantic.py", line 1086, in load\n    return self._load_legacy(ptr, mask, other, boundary_check, padding, cache, eviction, is_volatile)\n  File "/home/lijiaxing/.conda/envs/api/lib/python3.10/site-packages/triton/language/semantic.py", line 1017, in _load_legacy\n    raise ValueError(f"Unsupported ptr type {ptr.type.__repr__()} in `tl.load`")\nValueError: Unsupported ptr type <[\'64\'], int64> in `tl.load`\n', 'runtime_error_name': 'triton.compiler.errors.CompilationError', 'reference_timing_ms': 0.0443, 'speed_up': -1.0, 'custom_timing': -1.0}, 'runtime': -1.0, 'runtime_stats': {}}}
2025-08-08 19:13:48,893 - openevolve.RemoteSpeedupEvaluator - INFO - [level1_66_conv_standard_3D__asymmetric_input__asymmetric_kernel] triton key words check pass
2025-08-08 19:13:48,894 - openevolve.RemoteSpeedupEvaluator - INFO - [level1_66_conv_standard_3D__asymmetric_input__asymmetric_kernel] verify_plus payload: reference_code(2241 chars) + custom_code(8397 chars)
2025-08-08 19:14:07,573 - openevolve.RemoteSpeedupEvaluator - INFO - [level1_66_conv_standard_3D__asymmetric_input__asymmetric_kernel] verify_plus request success
2025-08-08 19:14:07,573 - openevolve.RemoteSpeedupEvaluator - INFO - [level1_66_conv_standard_3D__asymmetric_input__asymmetric_kernel] verify_plus response: {"id":"level1_66_conv_standard_3D__asymmetric_input__asymmetric_kernel","result":{"compiled":true,"correctness":false,"metadata":{"hardware":"NVIDIA L20Y","device":"cuda:3","runtime_error":"Traceback (most recent call last):\n  File \"/cpfs01/shared/llm_kernel/hujiakai/KernelLLM/validation_api_server/helpers/evaluations.py\", line 720, in run_and_check_correctness\n    output_new = model_new(*inputs)\n  File \"/home/lijiaxing/.conda/envs/api/lib/python3.10/site-packages/torch/nn/modules/module.py\", line 1773, in _wrapped_call_impl\n    return self._call_impl(*args, **kwargs)\n  File \"/home/lijiaxing/.conda/envs/api/lib/python3.10/site-packages/torch/nn/modules/module.py\", line 1784, in _call_impl\n    return forward_call(*args, **kwargs)\n  File \"/tmp/tmprl_8f4hd.py\", line 222, in for
2025-08-08 19:14:07,573 - openevolve.RemoteSpeedupEvaluator - INFO - [level1_66_conv_standard_3D__asymmetric_input__asymmetric_kernel] âœ˜ wrong_answer
2025-08-08 19:14:07,574 - openevolve.evaluator - INFO - Evaluated program fb01cb67-3c89-4fe7-9067-77f947b29e87 in 18.68s: compiled=1.0000, correctness=0.0000, score=10.0000, stage=wrong_answer, verify_payload={'id': 'level1_66_conv_standard_3D__asymmetric_input__asymmetric_kernel', 'result': {'compiled': True, 'correctness': False, 'metadata': {'hardware': 'NVIDIA L20Y', 'device': 'cuda:3', 'runtime_error': 'Traceback (most recent call last):\n  File "/cpfs01/shared/llm_kernel/hujiakai/KernelLLM/validation_api_server/helpers/evaluations.py", line 720, in run_and_check_correctness\n    output_new = model_new(*inputs)\n  File "/home/lijiaxing/.conda/envs/api/lib/python3.10/site-packages/torch/nn/modules/module.py", line 1773, in _wrapped_call_impl\n    return self._call_impl(*args, **kwargs)\n  File "/home/lijiaxing/.conda/envs/api/lib/python3.10/site-packages/torch/nn/modules/module.py", line 1784, in _call_impl\n    return forward_call(*args, **kwargs)\n  File "/tmp/tmprl_8f4hd.py", line 222, in forward\n    return conv3d_triton(\n  File "/tmp/tmprl_8f4hd.py", line 160, in conv3d_triton\n    _conv3æžkernel[grid](\nNameError: name \'_conv3æžkernel\' is not defined. Did you mean: \'_conv3d_kernel\'?\n', 'runtime_error_name': 'builtins.NameError', 'reference_timing_ms': 0.0443, 'speed_up': -1.0, 'custom_timing': -1.0}, 'runtime': -1.0, 'runtime_stats': {}}}
2025-08-08 19:14:07,578 - openevolve.llm.ensemble - INFO - Sampled model: deepseek
2025-08-08 19:14:07,598 - openevolve.threaded_parallel - INFO - Iteration 18: Program fb01cb67-3c89-4fe7-9067-77f947b29e87 (parent: 899f0a91-4441-4319-a744-09e1c4e68537) completed in 669.68s
2025-08-08 19:14:07,598 - openevolve.threaded_parallel - INFO - Metrics: compiled=1.0000, correctness=0.0000, score=10.0000, stage=wrong_answer, verify_payload={'id': 'level1_66_conv_standard_3D__asymmetric_input__asymmetric_kernel', 'result': {'compiled': True, 'correctness': False, 'metadata': {'hardware': 'NVIDIA L20Y', 'device': 'cuda:3', 'runtime_error': 'Traceback (most recent call last):\n  File "/cpfs01/shared/llm_kernel/hujiakai/KernelLLM/validation_api_server/helpers/evaluations.py", line 720, in run_and_check_correctness\n    output_new = model_new(*inputs)\n  File "/home/lijiaxing/.conda/envs/api/lib/python3.10/site-packages/torch/nn/modules/module.py", line 1773, in _wrapped_call_impl\n    return self._call_impl(*args, **kwargs)\n  File "/home/lijiaxing/.conda/envs/api/lib/python3.10/site-packages/torch/nn/modules/module.py", line 1784, in _call_impl\n    return forward_call(*args, **kwargs)\n  File "/tmp/tmprl_8f4hd.py", line 222, in forward\n    return conv3d_triton(\n  File "/tmp/tmprl_8f4hd.py", line 160, in conv3d_triton\n    _conv3æžkernel[grid](\nNameError: name \'_conv3æžkernel\' is not defined. Did you mean: \'_conv3d_kernel\'?\n', 'runtime_error_name': 'builtins.NameError', 'reference_timing_ms': 0.0443, 'speed_up': -1.0, 'custom_timing': -1.0}, 'runtime': -1.0, 'runtime_stats': {}}}
2025-08-08 19:14:07,598 - openevolve.threaded_parallel - INFO - Checkpoint interval reached at iteration 18
2025-08-08 19:14:07,600 - openevolve.database - INFO - Island Status:
2025-08-08 19:14:07,600 - openevolve.database - INFO -    Island 0: 8 programs, best=10.0000, avg=-18.7500, diversity=1078.42, gen=6 (best: cdf41102-4972-47c8-a062-c8eb837b312b)
2025-08-08 19:14:07,600 - openevolve.database - INFO -    Island 1: 7 programs, best=10.0000, avg=-21.4286, diversity=1579.20, gen=7 (best: db5a3a9d-f43f-4c67-b9ae-9c2295b10969)
2025-08-08 19:14:07,600 - openevolve.database - INFO -  * Island 2: 5 programs, best=10.0000, avg=10.0000, diversity=518.05, gen=6 (best: 7b7cefc5-d1dc-432d-88f9-3f57787f92fe)
2025-08-08 19:14:07,893 - openevolve.database - INFO - Saved database with 20 programs to openevolve_output/level1_66_conv_standard_3D__asymmetric_input__asymmetric_kernel/checkpoints/checkpoint_18
2025-08-08 19:14:07,909 - openevolve.controller - INFO - Saved best program at checkpoint 18 with metrics: compiled=1.0000, correctness=0.0000, score=10.0000, stage=wrong_answer, verify_payload={'id': 'level1_66_conv_standard_3D__asymmetric_input__asymmetric_kernel', 'result': {'compiled': True, 'correctness': False, 'metadata': {'hardware': 'NVIDIA L20Y', 'device': 'cuda:2', 'max_difference': ['116.793068', '115.576317', '109.927330', '116.587410', '112.460678'], 'avg_difference': ['14.336764', '14.336644', '14.334428', '14.337821', '14.336843'], 'correctness_issue': 'Output mismatch', 'correctness_trials': '(0 / 5)', 'reference_timing_ms': 0.0443, 'speed_up': -1.0, 'custom_timing': -1.0}, 'runtime': -1.0, 'runtime_stats': {}}}
2025-08-08 19:14:07,909 - openevolve.controller - INFO - Saved checkpoint at iteration 18 to openevolve_output/level1_66_conv_standard_3D__asymmetric_input__asymmetric_kernel/checkpoints/checkpoint_18
