2025-08-12 15:51:49,857 - openevolve.controller - INFO - Logging to openevolve_output/level1_93_masked_cumsum/logs/openevolve_20250812_155149.log
2025-08-12 15:51:49,857 - openevolve.controller - INFO - Set random seed to 42 for reproducibility
2025-08-12 15:51:49,898 - openevolve.llm.ensemble - INFO - Initialized LLM ensemble with models: deepseek (weight: 0.80), deepseek (weight: 0.20)
2025-08-12 15:51:49,938 - openevolve.llm.ensemble - INFO - Initialized LLM ensemble with models: deepseek (weight: 0.80), deepseek (weight: 0.20)
2025-08-12 15:51:49,938 - openevolve.prompt.sampler - INFO - Set custom templates: system=evaluator_system_message, user=None
2025-08-12 15:51:49,938 - openevolve.database - INFO - Initialized program database with 0 programs
2025-08-12 15:51:49,957 - openevolve.evaluator - INFO - Successfully loaded evaluation function from openevolve_output/level1_93_masked_cumsum/evaluation.py
2025-08-12 15:51:49,957 - openevolve.evaluator - INFO - Initialized evaluator with openevolve_output/level1_93_masked_cumsum/evaluation.py
2025-08-12 15:51:49,957 - openevolve.controller - INFO - Initialized OpenEvolve with /tmp/b01e8d893c529ee6a2693b2b42bff9c6.py
2025-08-12 15:51:49,957 - openevolve.controller - INFO - Adding initial program to database
2025-08-12 15:51:49,958 - openevolve.RemoteSpeedupEvaluator - INFO - [level1_93_masked_cumsum] verify_plus payload: reference_code(975 chars) + custom_code(1099 chars)
2025-08-12 15:51:52,530 - openevolve.RemoteSpeedupEvaluator - INFO - [level1_93_masked_cumsum] verify_plus request success
2025-08-12 15:51:52,530 - openevolve.RemoteSpeedupEvaluator - INFO - [level1_93_masked_cumsum] verify_plus response: {"id":"level1_93_masked_cumsum","result":{"compiled":true,"correctness":true,"metadata":{"hardware":"NVIDIA L20Y","device":"cuda:4","correctness_trials":"(5 / 5)","reference_timing_ms":0.0235,"speed_up":0.704,"custom_timing":0.0334},"runtime":0.0334,"runtime_stats":{"mean":0.0334,"std":0.00138,"min":0.0323,"max":0.0414,"num_trials":100,"hardware":"NVIDIA L20Y","device":"cuda:4"}}}
2025-08-12 15:51:52,531 - openevolve.evaluator - INFO - Evaluated program 44ca9f19-e0d1-4988-8ed7-2e0602156f9e in 2.57s: compiled=1.0000, correctness=1.0000, stage=reference code, passed=0.0000, score=0.0000, speed_up=1.0000, runtime_ms=0.0334, meta={'hardware': 'NVIDIA L20Y', 'device': 'cuda:4', 'correctness_trials': '(5 / 5)', 'reference_timing_ms': 0.0235, 'speed_up': 0.704, 'custom_timing': 0.0334}
2025-08-12 15:51:52,531 - openevolve.database - INFO - New MAP-Elites cell occupied: {'score': 0, 'complexity': 1}
2025-08-12 15:51:52,546 - openevolve.threaded_parallel - INFO - Initializing threaded evaluation pool with 3 workers
2025-08-12 15:51:52,548 - openevolve.threaded_parallel - INFO - Started thread pool with 3 threads
2025-08-12 15:51:52,548 - openevolve.threaded_parallel - INFO - Started improved parallel controller
2025-08-12 15:51:52,548 - openevolve.controller - INFO - Using island-based evolution with 3 islands
2025-08-12 15:51:52,548 - openevolve.database - INFO - Island Status:
2025-08-12 15:51:52,549 - openevolve.database - INFO -  * Island 0: 1 programs, best=0.0000, avg=0.0000, diversity=0.00, gen=0 (best: 44ca9f19-e0d1-4988-8ed7-2e0602156f9e)
2025-08-12 15:51:52,549 - openevolve.database - INFO -    Island 1: 0 programs, best=0.0000, avg=0.0000, diversity=0.00, gen=0
2025-08-12 15:51:52,549 - openevolve.database - INFO -    Island 2: 0 programs, best=0.0000, avg=0.0000, diversity=0.00, gen=0
2025-08-12 15:51:52,549 - openevolve.threaded_parallel - INFO - Starting improved parallel evolution from iteration 0 for 30 iterations (total: 30)
2025-08-12 15:51:52,707 - openevolve.llm.ensemble - INFO - Initialized LLM ensemble with models: deepseek (weight: 0.80), deepseek (weight: 0.20)
2025-08-12 15:51:52,709 - openevolve.llm.ensemble - INFO - Initialized LLM ensemble with models: deepseek (weight: 0.80), deepseek (weight: 0.20)
2025-08-12 15:51:52,710 - openevolve.llm.ensemble - INFO - Initialized LLM ensemble with models: deepseek (weight: 0.80), deepseek (weight: 0.20)
2025-08-12 15:51:52,864 - openevolve.llm.ensemble - INFO - Initialized LLM ensemble with models: deepseek (weight: 0.80), deepseek (weight: 0.20)
2025-08-12 15:51:52,864 - openevolve.prompt.sampler - INFO - Set custom templates: system=evaluator_system_message, user=None
2025-08-12 15:51:52,865 - openevolve.llm.ensemble - INFO - Initialized LLM ensemble with models: deepseek (weight: 0.80), deepseek (weight: 0.20)
2025-08-12 15:51:52,865 - openevolve.prompt.sampler - INFO - Set custom templates: system=evaluator_system_message, user=None
2025-08-12 15:51:52,866 - openevolve.evaluator - INFO - Successfully loaded evaluation function from openevolve_output/level1_93_masked_cumsum/evaluation.py
2025-08-12 15:51:52,866 - openevolve.llm.ensemble - INFO - Initialized LLM ensemble with models: deepseek (weight: 0.80), deepseek (weight: 0.20)
2025-08-12 15:51:52,866 - openevolve.evaluator - INFO - Initialized evaluator with openevolve_output/level1_93_masked_cumsum/evaluation.py
2025-08-12 15:51:52,866 - openevolve.prompt.sampler - INFO - Set custom templates: system=evaluator_system_message, user=None
2025-08-12 15:51:52,868 - openevolve.evaluator - INFO - Successfully loaded evaluation function from openevolve_output/level1_93_masked_cumsum/evaluation.py
2025-08-12 15:51:52,868 - openevolve.evaluator - INFO - Initialized evaluator with openevolve_output/level1_93_masked_cumsum/evaluation.py
2025-08-12 15:51:52,868 - openevolve.llm.ensemble - INFO - Sampled model: deepseek
2025-08-12 15:51:52,869 - openevolve.evaluator - INFO - Successfully loaded evaluation function from openevolve_output/level1_93_masked_cumsum/evaluation.py
2025-08-12 15:51:52,870 - openevolve.evaluator - INFO - Initialized evaluator with openevolve_output/level1_93_masked_cumsum/evaluation.py
2025-08-12 15:51:52,870 - openevolve.llm.ensemble - INFO - Sampled model: deepseek
2025-08-12 15:51:52,871 - openevolve.llm.ensemble - INFO - Sampled model: deepseek
2025-08-12 16:01:10,192 - openevolve.RemoteSpeedupEvaluator - INFO - [level1_93_masked_cumsum] triton key words check pass
2025-08-12 16:01:10,193 - openevolve.RemoteSpeedupEvaluator - INFO - [level1_93_masked_cumsum] verify_plus payload: reference_code(975 chars) + custom_code(1946 chars)
2025-08-12 16:01:13,179 - openevolve.RemoteSpeedupEvaluator - INFO - [level1_93_masked_cumsum] verify_plus request success
2025-08-12 16:01:13,179 - openevolve.RemoteSpeedupEvaluator - INFO - [level1_93_masked_cumsum] verify_plus response: {"id":"level1_93_masked_cumsum","result":{"compiled":true,"correctness":false,"metadata":{"hardware":"NVIDIA L20Y","device":"cuda:2","runtime_error":"Traceback (most recent call last):\n  File \"/home/lijiaxing/.conda/envs/api/lib/python3.10/site-packages/triton/language/core.py\", line 42, in wrapper\n    return fn(*args, **kwargs)\n  File \"/home/lijiaxing/.conda/envs/api/lib/python3.10/site-packages/triton/language/core.py\", line 2619, in reduce\n    return reduce((input, ), axis, combine_fn, keep_dims=keep_dims, _semantic=_semantic, _generator=_generator)[0]\n  File \"/home/lijiaxing/.conda/envs/api/lib/python3.10/site-packages/triton/language/core.py\", line 42, in wrapper\n    return fn(*args, **kwargs)\n  File \"/home/lijiaxing/.conda/envs/api/lib/python3.10/site-packages/triton/la
2025-08-12 16:01:13,179 - openevolve.RemoteSpeedupEvaluator - INFO - [level1_93_masked_cumsum] âœ˜ wrong_answer
2025-08-12 16:01:13,180 - openevolve.evaluator - INFO - Evaluated program c53d605b-d98c-4329-9c6b-647fa2319f55 in 2.99s: compiled=1.0000, correctness=0.0000, score=10.0000, stage=wrong_answer, verify_payload={'id': 'level1_93_masked_cumsum', 'result': {'compiled': True, 'correctness': False, 'metadata': {'hardware': 'NVIDIA L20Y', 'device': 'cuda:2', 'runtime_error': 'Traceback (most recent call last):\n  File "/home/lijiaxing/.conda/envs/api/lib/python3.10/site-packages/triton/language/core.py", line 42, in wrapper\n    return fn(*args, **kwargs)\n  File "/home/lijiaxing/.conda/envs/api/lib/python3.10/site-packages/triton/language/core.py", line 2619, in reduce\n    return reduce((input, ), axis, combine_fn, keep_dims=keep_dims, _semantic=_semantic, _generator=_generator)[0]\n  File "/home/lijiaxing/.conda/envs/api/lib/python3.10/site-packages/triton/language/core.py", line 42, in wrapper\n    return fn(*args, **kwargs)\n  File "/home/lijiaxing/.conda/envs/api/lib/python3.10/site-packages/triton/language/core.py", line 2644, in reduce\n    axis = _wrap_axis(axis, len(input[0].shape))\n  File "/home/lijiaxing/.conda/envs/api/lib/python3.10/site-packages/triton/language/core.py", line 1942, in _wrap_axis\n    if not (-ndim <= axis < ndim):\n  File "/home/lijiaxing/.conda/envs/api/lib/python3.10/site-packages/triton/language/core.py", line 40, in wrapper\n    raise ValueError("Did you forget to add @triton.jit ? "\nValueError: Did you forget to add @triton.jit ? (`_semantic` argument must be provided outside of JIT functions.)\n\nThe above exception was the direct cause of the following exception:\n\ntriton.compiler.errors.CompilationError: at 7:11:\ndef sum(input, axis=None, keep_dims=False, dtype: core.constexpr = None):\n    # Pick a default dtype for the reduction if one was not specified.\n    out_dtype: core.constexpr = _pick_sum_dtype(input.dtype, dtype)\n\n    if out_dtype is not None:\n        input = input.to(out_dtype)\n    return core.reduce(input, axis, _sum_combine, keep_dims=keep_dims)\n           ^\n\nThe above exception was the direct cause of the following exception:\n\nTraceback (most recent call last):\n  File "/home/lijiaxing/.conda/envs/api/lib/python3.10/site-packages/triton/language/core.py", line 42, in wrapper\n    return fn(*args, **kwargs)\n  File "/home/lijiaxing/.conda/envs/api/lib/python3.10/site-packages/triton/language/core.py", line 2727, in associative_scan\n    return associative_scan((input, ), axis, combine_fn, reverse, _semantic=_semantic, _generator=_generator)[0]\n  File "/home/lijiaxing/.conda/envs/api/lib/python3.10/site-packages/triton/language/core.py", line 42, in wrapper\n    return fn(*args, **kwargs)\n  File "/home/lijiaxing/.conda/envs/api/lib/python3.10/site-packages/triton/language/core.py", line 2747, in associative_scan\n    return _semantic.associative_scan(input, axis, make_combine_region, reverse)\n  File "/home/lijiaxing/.conda/envs/api/lib/python3.10/site-packages/triton/language/semantic.py", line 1685, in associative_scan\n    region_builder_fn(scan_op)\n  File "/home/lijiaxing/.conda/envs/api/lib/python3.10/site-packages/triton/language/core.py", line 2737, in make_combine_region\n    results = _generator.call_JitFunction(combine_fn, args, kwargs={})\ntriton.compiler.errors.CompilationError: at 16:13:\n    n_cols,\n    stride,\n    BLOCK_SIZE: tl.constexpr\n):\n    row_idx = tl.program_id(0)\n    start = row_idx * stride\n    offsets = start + tl.arange(0, BLOCK_SIZE)\n    mask = tl.arange(0, BLOCK_SIZE) < n_cols\n    x = tl.load(x_ptr + offsets, mask=mask, other=0.0)\n    m = tl.load(mask_ptr + offsets, mask=mask, other=False).to(tl.float32)\n    vals = x * m\n    cumsum = tl.associative_scan(vals, 0, tl.sum)\n             ^\n\nThe above exception was the direct cause of the following exception:\n\nTraceback (most recent call last):\n  File "/cpfs01/shared/llm_kernel/hujiakai/KernelLLM/validation_api_server/helpers/evaluations.py", line 720, in run_and_check_correctness\n    output_new = model_new(*inputs)\n  File "/home/lijiaxing/.conda/envs/api/lib/python3.10/site-packages/torch/nn/modules/module.py", line 1773, in _wrapped_call_impl\n    return self._call_impl(*args, **kwargs)\n  File "/home/lijiaxing/.conda/envs/api/lib/python3.10/site-packages/torch/nn/modules/module.py", line 1784, in _call_impl\n    return forward_call(*args, **kwargs)\n  File "/tmp/tmpwtpwadc7.py", line 47, in forward\n    _masked_cumsum_kernel[grid](\n  File "/home/lijiaxing/.conda/envs/api/lib/python3.10/site-packages/triton/runtime/jit.py", line 390, in <lambda>\n    return lambda *args, **kwargs: self.run(grid=grid, warmup=False, *args, **kwargs)\n  File "/home/lijiaxing/.conda/envs/api/lib/python3.10/site-packages/triton/runtime/jit.py", line 594, in run\n    kernel = self.compile(src, target=target, options=options.__dict__)\n  File "/home/lijiaxing/.conda/envs/api/lib/python3.10/site-packages/triton/compiler/compiler.py", line 339, in compile\n    module = src.make_ir(options, codegen_fns, module_map, context)\n  File "/home/lijiaxing/.conda/envs/api/lib/python3.10/site-packages/triton/compiler/compiler.py", line 83, in make_ir\n    return ast_to_ttir(self.fn, self, context=context, options=options, codegen_fns=codegen_fns,\ntriton.compiler.errors.CompilationError: at 16:13:\n    n_cols,\n    stride,\n    BLOCK_SIZE: tl.constexpr\n):\n    row_idx = tl.program_id(0)\n    start = row_idx * stride\n    offsets = start + tl.arange(0, BLOCK_SIZE)\n    mask = tl.arange(0, BLOCK_SIZE) < n_cols\n    x = tl.load(x_ptr + offsets, mask=mask, other=0.0)\n    m = tl.load(mask_ptr + offsets, mask=mask, other=False).to(tl.float32)\n    vals = x * m\n    cumsum = tl.associative_scan(vals, 0, tl.sum)\n             ^\n\n\nThe above exception was the direct cause of the following exception:\n\nTraceback (most recent call last):\n  File "/home/lijiaxing/.conda/envs/api/lib/python3.10/site-packages/triton/language/core.py", line 42, in wrapper\n    return fn(*args, **kwargs)\n  File "/home/lijiaxing/.conda/envs/api/lib/python3.10/site-packages/triton/language/core.py", line 2619, in reduce\n    return reduce((input, ), axis, combine_fn, keep_dims=keep_dims, _semantic=_semantic, _generator=_generator)[0]\n  File "/home/lijiaxing/.conda/envs/api/lib/python3.10/site-packages/triton/language/core.py", line 42, in wrapper\n    return fn(*args, **kwargs)\n  File "/home/lijiaxing/.conda/envs/api/lib/python3.10/site-packages/triton/language/core.py", line 2644, in reduce\n    axis = _wrap_axis(axis, len(input[0].shape))\n  File "/home/lijiaxing/.conda/envs/api/lib/python3.10/site-packages/triton/language/core.py", line 1942, in _wrap_axis\n    if not (-ndim <= axis < ndim):\n  File "/home/lijiaxing/.conda/envs/api/lib/python3.10/site-packages/triton/language/core.py", line 40, in wrapper\n    raise ValueError("Did you forget to add @triton.jit ? "\nValueError: Did you forget to add @triton.jit ? (`_semantic` argument must be provided outside of JIT functions.)\n\nThe above exception was the direct cause of the following exception:\n\ntriton.compiler.errors.CompilationError: at 7:11:\ndef sum(input, axis=None, keep_dims=False, dtype: core.constexpr = None):\n    # Pick a default dtype for the reduction if one was not specified.\n    out_dtype: core.constexpr = _pick_sum_dtype(input.dtype, dtype)\n\n    if out_dtype is not None:\n        input = input.to(out_dtype)\n    return core.reduce(input, axis, _sum_combine, keep_dims=keep_dims)\n           ^\n\nThe above exception was the direct cause of the following exception:\n\nTraceback (most recent call last):\n  File "/home/lijiaxing/.conda/envs/api/lib/python3.10/site-packages/triton/language/core.py", line 42, in wrapper\n    return fn(*args, **kwargs)\n  File "/home/lijiaxing/.conda/envs/api/lib/python3.10/site-packages/triton/language/core.py", line 2727, in associative_scan\n    return associative_scan((input, ), axis, combine_fn, reverse, _semantic=_semantic, _generator=_generator)[0]\n  File "/home/lijiaxing/.conda/envs/api/lib/python3.10/site-packages/triton/language/core.py", line 42, in wrapper\n    return fn(*args, **kwargs)\n  File "/home/lijiaxing/.conda/envs/api/lib/python3.10/site-packages/triton/language/core.py", line 2747, in associative_scan\n    return _semantic.associative_scan(input, axis, make_combine_region, reverse)\n  File "/home/lijiaxing/.conda/envs/api/lib/python3.10/site-packages/triton/language/semantic.py", line 1685, in associative_scan\n    region_builder_fn(scan_op)\n  File "/home/lijiaxing/.conda/envs/api/lib/python3.10/site-packages/triton/language/core.py", line 2737, in make_combine_region\n    results = _generator.call_JitFunction(com\n\n... <truncated> ...', 'runtime_error_name': 'triton.compiler.errors.CompilationError', 'reference_timing_ms': 0.0235, 'speed_up': -1.0, 'custom_timing': -1.0}, 'runtime': -1.0, 'runtime_stats': {}}}
2025-08-12 16:01:13,183 - openevolve.llm.ensemble - INFO - Sampled model: deepseek
2025-08-12 16:01:13,187 - openevolve.database - INFO - New MAP-Elites cell occupied: {'score': 9, 'complexity': 9}
2025-08-12 16:01:13,188 - openevolve.database - INFO - New best program c53d605b-d98c-4329-9c6b-647fa2319f55 replaces 44ca9f19-e0d1-4988-8ed7-2e0602156f9e
2025-08-12 16:01:13,199 - openevolve.threaded_parallel - INFO - Iteration 0: Program c53d605b-d98c-4329-9c6b-647fa2319f55 (parent: 44ca9f19-e0d1-4988-8ed7-2e0602156f9e) completed in 560.31s
2025-08-12 16:01:13,200 - openevolve.threaded_parallel - INFO - Metrics: compiled=1.0000, correctness=0.0000, score=10.0000, stage=wrong_answer, verify_payload={'id': 'level1_93_masked_cumsum', 'result': {'compiled': True, 'correctness': False, 'metadata': {'hardware': 'NVIDIA L20Y', 'device': 'cuda:2', 'runtime_error': 'Traceback (most recent call last):\n  File "/home/lijiaxing/.conda/envs/api/lib/python3.10/site-packages/triton/language/core.py", line 42, in wrapper\n    return fn(*args, **kwargs)\n  File "/home/lijiaxing/.conda/envs/api/lib/python3.10/site-packages/triton/language/core.py", line 2619, in reduce\n    return reduce((input, ), axis, combine_fn, keep_dims=keep_dims, _semantic=_semantic, _generator=_generator)[0]\n  File "/home/lijiaxing/.conda/envs/api/lib/python3.10/site-packages/triton/language/core.py", line 42, in wrapper\n    return fn(*args, **kwargs)\n  File "/home/lijiaxing/.conda/envs/api/lib/python3.10/site-packages/triton/language/core.py", line 2644, in reduce\n    axis = _wrap_axis(axis, len(input[0].shape))\n  File "/home/lijiaxing/.conda/envs/api/lib/python3.10/site-packages/triton/language/core.py", line 1942, in _wrap_axis\n    if not (-ndim <= axis < ndim):\n  File "/home/lijiaxing/.conda/envs/api/lib/python3.10/site-packages/triton/language/core.py", line 40, in wrapper\n    raise ValueError("Did you forget to add @triton.jit ? "\nValueError: Did you forget to add @triton.jit ? (`_semantic` argument must be provided outside of JIT functions.)\n\nThe above exception was the direct cause of the following exception:\n\ntriton.compiler.errors.CompilationError: at 7:11:\ndef sum(input, axis=None, keep_dims=False, dtype: core.constexpr = None):\n    # Pick a default dtype for the reduction if one was not specified.\n    out_dtype: core.constexpr = _pick_sum_dtype(input.dtype, dtype)\n\n    if out_dtype is not None:\n        input = input.to(out_dtype)\n    return core.reduce(input, axis, _sum_combine, keep_dims=keep_dims)\n           ^\n\nThe above exception was the direct cause of the following exception:\n\nTraceback (most recent call last):\n  File "/home/lijiaxing/.conda/envs/api/lib/python3.10/site-packages/triton/language/core.py", line 42, in wrapper\n    return fn(*args, **kwargs)\n  File "/home/lijiaxing/.conda/envs/api/lib/python3.10/site-packages/triton/language/core.py", line 2727, in associative_scan\n    return associative_scan((input, ), axis, combine_fn, reverse, _semantic=_semantic, _generator=_generator)[0]\n  File "/home/lijiaxing/.conda/envs/api/lib/python3.10/site-packages/triton/language/core.py", line 42, in wrapper\n    return fn(*args, **kwargs)\n  File "/home/lijiaxing/.conda/envs/api/lib/python3.10/site-packages/triton/language/core.py", line 2747, in associative_scan\n    return _semantic.associative_scan(input, axis, make_combine_region, reverse)\n  File "/home/lijiaxing/.conda/envs/api/lib/python3.10/site-packages/triton/language/semantic.py", line 1685, in associative_scan\n    region_builder_fn(scan_op)\n  File "/home/lijiaxing/.conda/envs/api/lib/python3.10/site-packages/triton/language/core.py", line 2737, in make_combine_region\n    results = _generator.call_JitFunction(combine_fn, args, kwargs={})\ntriton.compiler.errors.CompilationError: at 16:13:\n    n_cols,\n    stride,\n    BLOCK_SIZE: tl.constexpr\n):\n    row_idx = tl.program_id(0)\n    start = row_idx * stride\n    offsets = start + tl.arange(0, BLOCK_SIZE)\n    mask = tl.arange(0, BLOCK_SIZE) < n_cols\n    x = tl.load(x_ptr + offsets, mask=mask, other=0.0)\n    m = tl.load(mask_ptr + offsets, mask=mask, other=False).to(tl.float32)\n    vals = x * m\n    cumsum = tl.associative_scan(vals, 0, tl.sum)\n             ^\n\nThe above exception was the direct cause of the following exception:\n\nTraceback (most recent call last):\n  File "/cpfs01/shared/llm_kernel/hujiakai/KernelLLM/validation_api_server/helpers/evaluations.py", line 720, in run_and_check_correctness\n    output_new = model_new(*inputs)\n  File "/home/lijiaxing/.conda/envs/api/lib/python3.10/site-packages/torch/nn/modules/module.py", line 1773, in _wrapped_call_impl\n    return self._call_impl(*args, **kwargs)\n  File "/home/lijiaxing/.conda/envs/api/lib/python3.10/site-packages/torch/nn/modules/module.py", line 1784, in _call_impl\n    return forward_call(*args, **kwargs)\n  File "/tmp/tmpwtpwadc7.py", line 47, in forward\n    _masked_cumsum_kernel[grid](\n  File "/home/lijiaxing/.conda/envs/api/lib/python3.10/site-packages/triton/runtime/jit.py", line 390, in <lambda>\n    return lambda *args, **kwargs: self.run(grid=grid, warmup=False, *args, **kwargs)\n  File "/home/lijiaxing/.conda/envs/api/lib/python3.10/site-packages/triton/runtime/jit.py", line 594, in run\n    kernel = self.compile(src, target=target, options=options.__dict__)\n  File "/home/lijiaxing/.conda/envs/api/lib/python3.10/site-packages/triton/compiler/compiler.py", line 339, in compile\n    module = src.make_ir(options, codegen_fns, module_map, context)\n  File "/home/lijiaxing/.conda/envs/api/lib/python3.10/site-packages/triton/compiler/compiler.py", line 83, in make_ir\n    return ast_to_ttir(self.fn, self, context=context, options=options, codegen_fns=codegen_fns,\ntriton.compiler.errors.CompilationError: at 16:13:\n    n_cols,\n    stride,\n    BLOCK_SIZE: tl.constexpr\n):\n    row_idx = tl.program_id(0)\n    start = row_idx * stride\n    offsets = start + tl.arange(0, BLOCK_SIZE)\n    mask = tl.arange(0, BLOCK_SIZE) < n_cols\n    x = tl.load(x_ptr + offsets, mask=mask, other=0.0)\n    m = tl.load(mask_ptr + offsets, mask=mask, other=False).to(tl.float32)\n    vals = x * m\n    cumsum = tl.associative_scan(vals, 0, tl.sum)\n             ^\n\n\nThe above exception was the direct cause of the following exception:\n\nTraceback (most recent call last):\n  File "/home/lijiaxing/.conda/envs/api/lib/python3.10/site-packages/triton/language/core.py", line 42, in wrapper\n    return fn(*args, **kwargs)\n  File "/home/lijiaxing/.conda/envs/api/lib/python3.10/site-packages/triton/language/core.py", line 2619, in reduce\n    return reduce((input, ), axis, combine_fn, keep_dims=keep_dims, _semantic=_semantic, _generator=_generator)[0]\n  File "/home/lijiaxing/.conda/envs/api/lib/python3.10/site-packages/triton/language/core.py", line 42, in wrapper\n    return fn(*args, **kwargs)\n  File "/home/lijiaxing/.conda/envs/api/lib/python3.10/site-packages/triton/language/core.py", line 2644, in reduce\n    axis = _wrap_axis(axis, len(input[0].shape))\n  File "/home/lijiaxing/.conda/envs/api/lib/python3.10/site-packages/triton/language/core.py", line 1942, in _wrap_axis\n    if not (-ndim <= axis < ndim):\n  File "/home/lijiaxing/.conda/envs/api/lib/python3.10/site-packages/triton/language/core.py", line 40, in wrapper\n    raise ValueError("Did you forget to add @triton.jit ? "\nValueError: Did you forget to add @triton.jit ? (`_semantic` argument must be provided outside of JIT functions.)\n\nThe above exception was the direct cause of the following exception:\n\ntriton.compiler.errors.CompilationError: at 7:11:\ndef sum(input, axis=None, keep_dims=False, dtype: core.constexpr = None):\n    # Pick a default dtype for the reduction if one was not specified.\n    out_dtype: core.constexpr = _pick_sum_dtype(input.dtype, dtype)\n\n    if out_dtype is not None:\n        input = input.to(out_dtype)\n    return core.reduce(input, axis, _sum_combine, keep_dims=keep_dims)\n           ^\n\nThe above exception was the direct cause of the following exception:\n\nTraceback (most recent call last):\n  File "/home/lijiaxing/.conda/envs/api/lib/python3.10/site-packages/triton/language/core.py", line 42, in wrapper\n    return fn(*args, **kwargs)\n  File "/home/lijiaxing/.conda/envs/api/lib/python3.10/site-packages/triton/language/core.py", line 2727, in associative_scan\n    return associative_scan((input, ), axis, combine_fn, reverse, _semantic=_semantic, _generator=_generator)[0]\n  File "/home/lijiaxing/.conda/envs/api/lib/python3.10/site-packages/triton/language/core.py", line 42, in wrapper\n    return fn(*args, **kwargs)\n  File "/home/lijiaxing/.conda/envs/api/lib/python3.10/site-packages/triton/language/core.py", line 2747, in associative_scan\n    return _semantic.associative_scan(input, axis, make_combine_region, reverse)\n  File "/home/lijiaxing/.conda/envs/api/lib/python3.10/site-packages/triton/language/semantic.py", line 1685, in associative_scan\n    region_builder_fn(scan_op)\n  File "/home/lijiaxing/.conda/envs/api/lib/python3.10/site-packages/triton/language/core.py", line 2737, in make_combine_region\n    results = _generator.call_JitFunction(com\n\n... <truncated> ...', 'runtime_error_name': 'triton.compiler.errors.CompilationError', 'reference_timing_ms': 0.0235, 'speed_up': -1.0, 'custom_timing': -1.0}, 'runtime': -1.0, 'runtime_stats': {}}}
2025-08-12 16:01:13,200 - openevolve.threaded_parallel - INFO - ðŸŒŸ New best solution found at iteration 0: c53d605b-d98c-4329-9c6b-647fa2319f55
2025-08-12 16:01:13,200 - openevolve.threaded_parallel - INFO - Checkpoint interval reached at iteration 0
2025-08-12 16:01:13,200 - openevolve.database - INFO - Island Status:
2025-08-12 16:01:13,200 - openevolve.database - INFO -  * Island 0: 2 programs, best=10.0000, avg=5.0000, diversity=330.00, gen=1 (best: c53d605b-d98c-4329-9c6b-647fa2319f55)
2025-08-12 16:01:13,200 - openevolve.database - INFO -    Island 1: 0 programs, best=0.0000, avg=0.0000, diversity=0.00, gen=0
2025-08-12 16:01:13,200 - openevolve.database - INFO -    Island 2: 0 programs, best=0.0000, avg=0.0000, diversity=0.00, gen=0
2025-08-12 16:01:13,237 - openevolve.database - INFO - Saved database with 2 programs to openevolve_output/level1_93_masked_cumsum/checkpoints/checkpoint_0
2025-08-12 16:01:13,253 - openevolve.controller - INFO - Saved best program at checkpoint 0 with metrics: compiled=1.0000, correctness=0.0000, score=10.0000, stage=wrong_answer, verify_payload={'id': 'level1_93_masked_cumsum', 'result': {'compiled': True, 'correctness': False, 'metadata': {'hardware': 'NVIDIA L20Y', 'device': 'cuda:2', 'runtime_error': 'Traceback (most recent call last):\n  File "/home/lijiaxing/.conda/envs/api/lib/python3.10/site-packages/triton/language/core.py", line 42, in wrapper\n    return fn(*args, **kwargs)\n  File "/home/lijiaxing/.conda/envs/api/lib/python3.10/site-packages/triton/language/core.py", line 2619, in reduce\n    return reduce((input, ), axis, combine_fn, keep_dims=keep_dims, _semantic=_semantic, _generator=_generator)[0]\n  File "/home/lijiaxing/.conda/envs/api/lib/python3.10/site-packages/triton/language/core.py", line 42, in wrapper\n    return fn(*args, **kwargs)\n  File "/home/lijiaxing/.conda/envs/api/lib/python3.10/site-packages/triton/language/core.py", line 2644, in reduce\n    axis = _wrap_axis(axis, len(input[0].shape))\n  File "/home/lijiaxing/.conda/envs/api/lib/python3.10/site-packages/triton/language/core.py", line 1942, in _wrap_axis\n    if not (-ndim <= axis < ndim):\n  File "/home/lijiaxing/.conda/envs/api/lib/python3.10/site-packages/triton/language/core.py", line 40, in wrapper\n    raise ValueError("Did you forget to add @triton.jit ? "\nValueError: Did you forget to add @triton.jit ? (`_semantic` argument must be provided outside of JIT functions.)\n\nThe above exception was the direct cause of the following exception:\n\ntriton.compiler.errors.CompilationError: at 7:11:\ndef sum(input, axis=None, keep_dims=False, dtype: core.constexpr = None):\n    # Pick a default dtype for the reduction if one was not specified.\n    out_dtype: core.constexpr = _pick_sum_dtype(input.dtype, dtype)\n\n    if out_dtype is not None:\n        input = input.to(out_dtype)\n    return core.reduce(input, axis, _sum_combine, keep_dims=keep_dims)\n           ^\n\nThe above exception was the direct cause of the following exception:\n\nTraceback (most recent call last):\n  File "/home/lijiaxing/.conda/envs/api/lib/python3.10/site-packages/triton/language/core.py", line 42, in wrapper\n    return fn(*args, **kwargs)\n  File "/home/lijiaxing/.conda/envs/api/lib/python3.10/site-packages/triton/language/core.py", line 2727, in associative_scan\n    return associative_scan((input, ), axis, combine_fn, reverse, _semantic=_semantic, _generator=_generator)[0]\n  File "/home/lijiaxing/.conda/envs/api/lib/python3.10/site-packages/triton/language/core.py", line 42, in wrapper\n    return fn(*args, **kwargs)\n  File "/home/lijiaxing/.conda/envs/api/lib/python3.10/site-packages/triton/language/core.py", line 2747, in associative_scan\n    return _semantic.associative_scan(input, axis, make_combine_region, reverse)\n  File "/home/lijiaxing/.conda/envs/api/lib/python3.10/site-packages/triton/language/semantic.py", line 1685, in associative_scan\n    region_builder_fn(scan_op)\n  File "/home/lijiaxing/.conda/envs/api/lib/python3.10/site-packages/triton/language/core.py", line 2737, in make_combine_region\n    results = _generator.call_JitFunction(combine_fn, args, kwargs={})\ntriton.compiler.errors.CompilationError: at 16:13:\n    n_cols,\n    stride,\n    BLOCK_SIZE: tl.constexpr\n):\n    row_idx = tl.program_id(0)\n    start = row_idx * stride\n    offsets = start + tl.arange(0, BLOCK_SIZE)\n    mask = tl.arange(0, BLOCK_SIZE) < n_cols\n    x = tl.load(x_ptr + offsets, mask=mask, other=0.0)\n    m = tl.load(mask_ptr + offsets, mask=mask, other=False).to(tl.float32)\n    vals = x * m\n    cumsum = tl.associative_scan(vals, 0, tl.sum)\n             ^\n\nThe above exception was the direct cause of the following exception:\n\nTraceback (most recent call last):\n  File "/cpfs01/shared/llm_kernel/hujiakai/KernelLLM/validation_api_server/helpers/evaluations.py", line 720, in run_and_check_correctness\n    output_new = model_new(*inputs)\n  File "/home/lijiaxing/.conda/envs/api/lib/python3.10/site-packages/torch/nn/modules/module.py", line 1773, in _wrapped_call_impl\n    return self._call_impl(*args, **kwargs)\n  File "/home/lijiaxing/.conda/envs/api/lib/python3.10/site-packages/torch/nn/modules/module.py", line 1784, in _call_impl\n    return forward_call(*args, **kwargs)\n  File "/tmp/tmpwtpwadc7.py", line 47, in forward\n    _masked_cumsum_kernel[grid](\n  File "/home/lijiaxing/.conda/envs/api/lib/python3.10/site-packages/triton/runtime/jit.py", line 390, in <lambda>\n    return lambda *args, **kwargs: self.run(grid=grid, warmup=False, *args, **kwargs)\n  File "/home/lijiaxing/.conda/envs/api/lib/python3.10/site-packages/triton/runtime/jit.py", line 594, in run\n    kernel = self.compile(src, target=target, options=options.__dict__)\n  File "/home/lijiaxing/.conda/envs/api/lib/python3.10/site-packages/triton/compiler/compiler.py", line 339, in compile\n    module = src.make_ir(options, codegen_fns, module_map, context)\n  File "/home/lijiaxing/.conda/envs/api/lib/python3.10/site-packages/triton/compiler/compiler.py", line 83, in make_ir\n    return ast_to_ttir(self.fn, self, context=context, options=options, codegen_fns=codegen_fns,\ntriton.compiler.errors.CompilationError: at 16:13:\n    n_cols,\n    stride,\n    BLOCK_SIZE: tl.constexpr\n):\n    row_idx = tl.program_id(0)\n    start = row_idx * stride\n    offsets = start + tl.arange(0, BLOCK_SIZE)\n    mask = tl.arange(0, BLOCK_SIZE) < n_cols\n    x = tl.load(x_ptr + offsets, mask=mask, other=0.0)\n    m = tl.load(mask_ptr + offsets, mask=mask, other=False).to(tl.float32)\n    vals = x * m\n    cumsum = tl.associative_scan(vals, 0, tl.sum)\n             ^\n\n\nThe above exception was the direct cause of the following exception:\n\nTraceback (most recent call last):\n  File "/home/lijiaxing/.conda/envs/api/lib/python3.10/site-packages/triton/language/core.py", line 42, in wrapper\n    return fn(*args, **kwargs)\n  File "/home/lijiaxing/.conda/envs/api/lib/python3.10/site-packages/triton/language/core.py", line 2619, in reduce\n    return reduce((input, ), axis, combine_fn, keep_dims=keep_dims, _semantic=_semantic, _generator=_generator)[0]\n  File "/home/lijiaxing/.conda/envs/api/lib/python3.10/site-packages/triton/language/core.py", line 42, in wrapper\n    return fn(*args, **kwargs)\n  File "/home/lijiaxing/.conda/envs/api/lib/python3.10/site-packages/triton/language/core.py", line 2644, in reduce\n    axis = _wrap_axis(axis, len(input[0].shape))\n  File "/home/lijiaxing/.conda/envs/api/lib/python3.10/site-packages/triton/language/core.py", line 1942, in _wrap_axis\n    if not (-ndim <= axis < ndim):\n  File "/home/lijiaxing/.conda/envs/api/lib/python3.10/site-packages/triton/language/core.py", line 40, in wrapper\n    raise ValueError("Did you forget to add @triton.jit ? "\nValueError: Did you forget to add @triton.jit ? (`_semantic` argument must be provided outside of JIT functions.)\n\nThe above exception was the direct cause of the following exception:\n\ntriton.compiler.errors.CompilationError: at 7:11:\ndef sum(input, axis=None, keep_dims=False, dtype: core.constexpr = None):\n    # Pick a default dtype for the reduction if one was not specified.\n    out_dtype: core.constexpr = _pick_sum_dtype(input.dtype, dtype)\n\n    if out_dtype is not None:\n        input = input.to(out_dtype)\n    return core.reduce(input, axis, _sum_combine, keep_dims=keep_dims)\n           ^\n\nThe above exception was the direct cause of the following exception:\n\nTraceback (most recent call last):\n  File "/home/lijiaxing/.conda/envs/api/lib/python3.10/site-packages/triton/language/core.py", line 42, in wrapper\n    return fn(*args, **kwargs)\n  File "/home/lijiaxing/.conda/envs/api/lib/python3.10/site-packages/triton/language/core.py", line 2727, in associative_scan\n    return associative_scan((input, ), axis, combine_fn, reverse, _semantic=_semantic, _generator=_generator)[0]\n  File "/home/lijiaxing/.conda/envs/api/lib/python3.10/site-packages/triton/language/core.py", line 42, in wrapper\n    return fn(*args, **kwargs)\n  File "/home/lijiaxing/.conda/envs/api/lib/python3.10/site-packages/triton/language/core.py", line 2747, in associative_scan\n    return _semantic.associative_scan(input, axis, make_combine_region, reverse)\n  File "/home/lijiaxing/.conda/envs/api/lib/python3.10/site-packages/triton/language/semantic.py", line 1685, in associative_scan\n    region_builder_fn(scan_op)\n  File "/home/lijiaxing/.conda/envs/api/lib/python3.10/site-packages/triton/language/core.py", line 2737, in make_combine_region\n    results = _generator.call_JitFunction(com\n\n... <truncated> ...', 'runtime_error_name': 'triton.compiler.errors.CompilationError', 'reference_timing_ms': 0.0235, 'speed_up': -1.0, 'custom_timing': -1.0}, 'runtime': -1.0, 'runtime_stats': {}}}
2025-08-12 16:01:13,253 - openevolve.controller - INFO - Saved checkpoint at iteration 0 to openevolve_output/level1_93_masked_cumsum/checkpoints/checkpoint_0
2025-08-12 16:01:56,470 - openevolve.RemoteSpeedupEvaluator - INFO - [level1_93_masked_cumsum] triton key words check pass
2025-08-12 16:01:56,470 - openevolve.RemoteSpeedupEvaluator - INFO - [level1_93_masked_cumsum] verify_plus payload: reference_code(975 chars) + custom_code(1786 chars)
2025-08-12 16:01:59,476 - openevolve.RemoteSpeedupEvaluator - INFO - [level1_93_masked_cumsum] verify_plus request success
2025-08-12 16:01:59,476 - openevolve.RemoteSpeedupEvaluator - INFO - [level1_93_masked_cumsum] verify_plus response: {"id":"level1_93_masked_cumsum","result":{"compiled":true,"correctness":false,"metadata":{"hardware":"NVIDIA L20Y","device":"cuda:5","runtime_error":"Traceback (most recent call last):\n  File \"/cpfs01/shared/llm_kernel/hujiakai/KernelLLM/validation_api_server/helpers/evaluations.py\", line 720, in run_and_check_correctness\n    output_new = model_new(*inputs)\n  File \"/home/lijiaxing/.conda/envs/api/lib/python3.10/site-packages/torch/nn/modules/module.py\", line 1773, in _wrapped_call_impl\n    return self._call_impl(*args, **kwargs)\n  File \"/home/lijiaxing/.conda/envs/api/lib/python3.10/site-packages/torch/nn/modules/module.py\", line 1784, in _call_impl\n    return forward_call(*args, **kwargs)\n  File \"/tmp/tmp1i4ee9wn.py\", line 47, in forward\n    masked_cumsum_kernel[grid](\n  
2025-08-12 16:01:59,476 - openevolve.RemoteSpeedupEvaluator - INFO - [level1_93_masked_cumsum] âœ˜ wrong_answer
2025-08-12 16:01:59,476 - openevolve.evaluator - INFO - Evaluated program 3d022536-1ae6-4639-a05c-58f5083ea21f in 3.01s: compiled=1.0000, correctness=0.0000, score=10.0000, stage=wrong_answer, verify_payload={'id': 'level1_93_masked_cumsum', 'result': {'compiled': True, 'correctness': False, 'metadata': {'hardware': 'NVIDIA L20Y', 'device': 'cuda:5', 'runtime_error': 'Traceback (most recent call last):\n  File "/cpfs01/shared/llm_kernel/hujiakai/KernelLLM/validation_api_server/helpers/evaluations.py", line 720, in run_and_check_correctness\n    output_new = model_new(*inputs)\n  File "/home/lijiaxing/.conda/envs/api/lib/python3.10/site-packages/torch/nn/modules/module.py", line 1773, in _wrapped_call_impl\n    return self._call_impl(*args, **kwargs)\n  File "/home/lijiaxing/.conda/envs/api/lib/python3.10/site-packages/torch/nn/modules/module.py", line 1784, in _call_impl\n    return forward_call(*args, **kwargs)\n  File "/tmp/tmp1i4ee9wn.py", line 47, in forward\n    masked_cumsum_kernel[grid](\n  File "/home/lijiaxing/.conda/envs/api/lib/python3.10/site-packages/triton/runtime/jit.py", line 390, in <lambda>\n    return lambda *args, **kwargs: self.run(grid=grid, warmup=False, *args, **kwargs)\n  File "/home/lijiaxing/.conda/envs/api/lib/python3.10/site-packages/triton/runtime/jit.py", line 594, in run\n    kernel = self.compile(src, target=target, options=options.__dict__)\n  File "/home/lijiaxing/.conda/envs/api/lib/python3.10/site-packages/triton/compiler/compiler.py", line 281, in compile\n    key = f"{triton_key()}-{src.hash()}-{backend.hash()}-{options.hash()}-{str(sorted(env_vars.items()))}"\n  File "/home/lijiaxing/.conda/envs/api/lib/python3.10/site-packages/triton/compiler/compiler.py", line 78, in hash\n    key = f"{self.fn.cache_key}-{str(self.attrs)}-{sorted_sig}-{constants_key}"\n  File "/home/lijiaxing/.conda/envs/api/lib/python3.10/site-packages/triton/runtime/jit.py", line 696, in cache_key\n    dependencies_finder.visit(self.parse())\n  File "/home/lijiaxing/.conda/envs/api/lib/python3.10/ast.py", line 418, in visit\n    return visitor(node)\n  File "/home/lijiaxing/.conda/envs/api/lib/python3.10/ast.py", line 426, in generic_visit\n    self.visit(item)\n  File "/home/lijiaxing/.conda/envs/api/lib/python3.10/ast.py", line 418, in visit\n    return visitor(node)\n  File "/home/lijiaxing/.conda/envs/api/lib/python3.10/site-packages/triton/runtime/jit.py", line 163, in visit_FunctionDef\n    self.generic_visit(node)\n  File "/home/lijiaxing/.conda/envs/api/lib/python3.10/ast.py", line 426, in generic_visit\n    self.visit(item)\n  File "/home/lijiaxing/.conda/envs/api/lib/python3.10/ast.py", line 418, in visit\n    return visitor(node)\n  File "/home/lijiaxing/.conda/envs/api/lib/python3.10/site-packages/triton/runtime/jit.py", line 217, in visit_Assign\n    self.generic_visit(node)\n  File "/home/lijiaxing/.conda/envs/api/lib/python3.10/ast.py", line 428, in generic_visit\n    self.visit(value)\n  File "/home/lijiaxing/.conda/envs/api/lib/python3.10/ast.py", line 418, in visit\n    return visitor(node)\n  File "/home/lijiaxing/.conda/envs/api/lib/python3.10/ast.py", line 426, in generic_visit\n    self.visit(item)\n  File "/home/lijiaxing/.conda/envs/api/lib/python3.10/ast.py", line 418, in visit\n    return visitor(node)\n  File "/home/lijiaxing/.conda/envs/api/lib/python3.10/site-packages/triton/runtime/jit.py", line 151, in visit_Attribute\n    lhs = self.visit(node.value)\n  File "/home/lijiaxing/.conda/envs/api/lib/python3.10/ast.py", line 418, in visit\n    return visitor(node)\n  File "/home/lijiaxing/.conda/envs/api/lib/python3.10/site-packages/triton/runtime/jit.py", line 156, in visit_Attribute\n    ret = getattr(lhs, node.attr)\nAttributeError: module \'triton.language\' has no attribute \'associative\'. Did you mean: \'associative_scan\'?\n', 'runtime_error_name': 'builtins.AttributeError', 'reference_timing_ms': 0.0235, 'speed_up': -1.0, 'custom_timing': -1.0}, 'runtime': -1.0, 'runtime_stats': {}}}
2025-08-12 16:01:59,478 - openevolve.llm.ensemble - INFO - Sampled model: deepseek
2025-08-12 16:01:59,487 - openevolve.database - INFO - New MAP-Elites cell occupied: {'score': 9, 'complexity': 8}
2025-08-12 16:01:59,499 - openevolve.threaded_parallel - INFO - Iteration 1: Program 3d022536-1ae6-4639-a05c-58f5083ea21f (parent: 44ca9f19-e0d1-4988-8ed7-2e0602156f9e) completed in 606.61s
2025-08-12 16:01:59,499 - openevolve.threaded_parallel - INFO - Metrics: compiled=1.0000, correctness=0.0000, score=10.0000, stage=wrong_answer, verify_payload={'id': 'level1_93_masked_cumsum', 'result': {'compiled': True, 'correctness': False, 'metadata': {'hardware': 'NVIDIA L20Y', 'device': 'cuda:5', 'runtime_error': 'Traceback (most recent call last):\n  File "/cpfs01/shared/llm_kernel/hujiakai/KernelLLM/validation_api_server/helpers/evaluations.py", line 720, in run_and_check_correctness\n    output_new = model_new(*inputs)\n  File "/home/lijiaxing/.conda/envs/api/lib/python3.10/site-packages/torch/nn/modules/module.py", line 1773, in _wrapped_call_impl\n    return self._call_impl(*args, **kwargs)\n  File "/home/lijiaxing/.conda/envs/api/lib/python3.10/site-packages/torch/nn/modules/module.py", line 1784, in _call_impl\n    return forward_call(*args, **kwargs)\n  File "/tmp/tmp1i4ee9wn.py", line 47, in forward\n    masked_cumsum_kernel[grid](\n  File "/home/lijiaxing/.conda/envs/api/lib/python3.10/site-packages/triton/runtime/jit.py", line 390, in <lambda>\n    return lambda *args, **kwargs: self.run(grid=grid, warmup=False, *args, **kwargs)\n  File "/home/lijiaxing/.conda/envs/api/lib/python3.10/site-packages/triton/runtime/jit.py", line 594, in run\n    kernel = self.compile(src, target=target, options=options.__dict__)\n  File "/home/lijiaxing/.conda/envs/api/lib/python3.10/site-packages/triton/compiler/compiler.py", line 281, in compile\n    key = f"{triton_key()}-{src.hash()}-{backend.hash()}-{options.hash()}-{str(sorted(env_vars.items()))}"\n  File "/home/lijiaxing/.conda/envs/api/lib/python3.10/site-packages/triton/compiler/compiler.py", line 78, in hash\n    key = f"{self.fn.cache_key}-{str(self.attrs)}-{sorted_sig}-{constants_key}"\n  File "/home/lijiaxing/.conda/envs/api/lib/python3.10/site-packages/triton/runtime/jit.py", line 696, in cache_key\n    dependencies_finder.visit(self.parse())\n  File "/home/lijiaxing/.conda/envs/api/lib/python3.10/ast.py", line 418, in visit\n    return visitor(node)\n  File "/home/lijiaxing/.conda/envs/api/lib/python3.10/ast.py", line 426, in generic_visit\n    self.visit(item)\n  File "/home/lijiaxing/.conda/envs/api/lib/python3.10/ast.py", line 418, in visit\n    return visitor(node)\n  File "/home/lijiaxing/.conda/envs/api/lib/python3.10/site-packages/triton/runtime/jit.py", line 163, in visit_FunctionDef\n    self.generic_visit(node)\n  File "/home/lijiaxing/.conda/envs/api/lib/python3.10/ast.py", line 426, in generic_visit\n    self.visit(item)\n  File "/home/lijiaxing/.conda/envs/api/lib/python3.10/ast.py", line 418, in visit\n    return visitor(node)\n  File "/home/lijiaxing/.conda/envs/api/lib/python3.10/site-packages/triton/runtime/jit.py", line 217, in visit_Assign\n    self.generic_visit(node)\n  File "/home/lijiaxing/.conda/envs/api/lib/python3.10/ast.py", line 428, in generic_visit\n    self.visit(value)\n  File "/home/lijiaxing/.conda/envs/api/lib/python3.10/ast.py", line 418, in visit\n    return visitor(node)\n  File "/home/lijiaxing/.conda/envs/api/lib/python3.10/ast.py", line 426, in generic_visit\n    self.visit(item)\n  File "/home/lijiaxing/.conda/envs/api/lib/python3.10/ast.py", line 418, in visit\n    return visitor(node)\n  File "/home/lijiaxing/.conda/envs/api/lib/python3.10/site-packages/triton/runtime/jit.py", line 151, in visit_Attribute\n    lhs = self.visit(node.value)\n  File "/home/lijiaxing/.conda/envs/api/lib/python3.10/ast.py", line 418, in visit\n    return visitor(node)\n  File "/home/lijiaxing/.conda/envs/api/lib/python3.10/site-packages/triton/runtime/jit.py", line 156, in visit_Attribute\n    ret = getattr(lhs, node.attr)\nAttributeError: module \'triton.language\' has no attribute \'associative\'. Did you mean: \'associative_scan\'?\n', 'runtime_error_name': 'builtins.AttributeError', 'reference_timing_ms': 0.0235, 'speed_up': -1.0, 'custom_timing': -1.0}, 'runtime': -1.0, 'runtime_stats': {}}}
2025-08-12 16:09:11,283 - openevolve.RemoteSpeedupEvaluator - INFO - [level1_93_masked_cumsum] triton key words check pass
2025-08-12 16:09:11,284 - openevolve.RemoteSpeedupEvaluator - INFO - [level1_93_masked_cumsum] verify_plus payload: reference_code(975 chars) + custom_code(2012 chars)
2025-08-12 16:09:14,416 - openevolve.RemoteSpeedupEvaluator - INFO - [level1_93_masked_cumsum] verify_plus request success
2025-08-12 16:09:14,416 - openevolve.RemoteSpeedupEvaluator - INFO - [level1_93_masked_cumsum] verify_plus response: {"id":"level1_93_masked_cumsum","result":{"compiled":true,"correctness":true,"metadata":{"hardware":"NVIDIA L20Y","device":"cuda:4","correctness_trials":"(5 / 5)","reference_timing_ms":0.0235,"speed_up":0.103,"custom_timing":0.228},"runtime":0.228,"runtime_stats":{"mean":0.228,"std":0.00379,"min":0.224,"max":0.251,"num_trials":100,"hardware":"NVIDIA L20Y","device":"cuda:4"}}}
2025-08-12 16:09:14,417 - openevolve.RemoteSpeedupEvaluator - INFO - [level1_93_masked_cumsum] âœ” success | speed_up=0.103  score=20.00
2025-08-12 16:09:14,417 - openevolve.evaluator - INFO - Evaluated program 18475ef5-452d-403c-801a-edb93c4a547f in 3.13s: compiled=1.0000, correctness=1.0000, stage=success, passed=0.0000, score=20.0000, speed_up=0.1030, runtime_ms=0.2280, meta={'hardware': 'NVIDIA L20Y', 'device': 'cuda:4', 'correctness_trials': '(5 / 5)', 'reference_timing_ms': 0.0235, 'speed_up': 0.103, 'custom_timing': 0.228}
2025-08-12 16:09:14,418 - openevolve.database - INFO - MAP-Elites cell improved: {'score': 9, 'complexity': 9} (fitness: 10.000 -> 20.000)
2025-08-12 16:09:14,419 - openevolve.database - INFO - New best program 18475ef5-452d-403c-801a-edb93c4a547f replaces c53d605b-d98c-4329-9c6b-647fa2319f55
2025-08-12 16:09:14,421 - openevolve.llm.ensemble - INFO - Sampled model: deepseek
2025-08-12 16:09:14,426 - openevolve.threaded_parallel - INFO - Iteration 2: Program 18475ef5-452d-403c-801a-edb93c4a547f (parent: 44ca9f19-e0d1-4988-8ed7-2e0602156f9e) completed in 1041.55s
2025-08-12 16:09:14,426 - openevolve.threaded_parallel - INFO - Metrics: compiled=1.0000, correctness=1.0000, stage=success, passed=0.0000, score=20.0000, speed_up=0.1030, runtime_ms=0.2280, meta={'hardware': 'NVIDIA L20Y', 'device': 'cuda:4', 'correctness_trials': '(5 / 5)', 'reference_timing_ms': 0.0235, 'speed_up': 0.103, 'custom_timing': 0.228}
2025-08-12 16:09:14,426 - openevolve.threaded_parallel - INFO - ðŸŒŸ New best solution found at iteration 2: 18475ef5-452d-403c-801a-edb93c4a547f
2025-08-12 16:13:19,194 - openevolve.RemoteSpeedupEvaluator - INFO - [level1_93_masked_cumsum] triton key words check pass
2025-08-12 16:13:19,194 - openevolve.RemoteSpeedupEvaluator - INFO - [level1_93_masked_cumsum] verify_plus payload: reference_code(975 chars) + custom_code(1778 chars)
2025-08-12 16:13:22,434 - openevolve.RemoteSpeedupEvaluator - INFO - [level1_93_masked_cumsum] verify_plus request success
2025-08-12 16:13:22,434 - openevolve.RemoteSpeedupEvaluator - INFO - [level1_93_masked_cumsum] verify_plus response: {"id":"level1_93_masked_cumsum","result":{"compiled":true,"correctness":false,"metadata":{"hardware":"NVIDIA L20Y","device":"cuda:7","runtime_error":"Traceback (most recent call last):\n  File \"/home/lijiaxing/.conda/envs/api/lib/python3.10/site-packages/triton/language/core.py\", line 42, in wrapper\n    return fn(*args, **kwargs)\n  File \"/home/lijiaxing/.conda/envs/api/lib/python3.10/site-packages/triton/language/core.py\", line 2727, in associative_scan\n    return associative_scan((input, ), axis, combine_fn, reverse, _semantic=_semantic, _generator=_generator)[0]\n  File \"/home/lijiaxing/.conda/envs/api/lib/python3.10/site-packages/triton/language/core.py\", line 42, in wrapper\n    return fn(*args, **kwargs)\n  File \"/home/lijiaxing/.conda/envs/api/lib/python3.10/site-packages/t
2025-08-12 16:13:22,434 - openevolve.RemoteSpeedupEvaluator - INFO - [level1_93_masked_cumsum] âœ˜ wrong_answer
2025-08-12 16:13:22,435 - openevolve.evaluator - INFO - Evaluated program 2daf85fb-c6e8-43f4-bf7f-f205d96abe09 in 3.24s: compiled=1.0000, correctness=0.0000, score=10.0000, stage=wrong_answer, verify_payload={'id': 'level1_93_masked_cumsum', 'result': {'compiled': True, 'correctness': False, 'metadata': {'hardware': 'NVIDIA L20Y', 'device': 'cuda:7', 'runtime_error': 'Traceback (most recent call last):\n  File "/home/lijiaxing/.conda/envs/api/lib/python3.10/site-packages/triton/language/core.py", line 42, in wrapper\n    return fn(*args, **kwargs)\n  File "/home/lijiaxing/.conda/envs/api/lib/python3.10/site-packages/triton/language/core.py", line 2727, in associative_scan\n    return associative_scan((input, ), axis, combine_fn, reverse, _semantic=_semantic, _generator=_generator)[0]\n  File "/home/lijiaxing/.conda/envs/api/lib/python3.10/site-packages/triton/language/core.py", line 42, in wrapper\n    return fn(*args, **kwargs)\n  File "/home/lijiaxing/.conda/envs/api/lib/python3.10/site-packages/triton/language/core.py", line 2747, in associative_scan\n    return _semantic.associative_scan(input, axis, make_combine_region, reverse)\n  File "/home/lijiaxing/.conda/envs/api/lib/python3.10/site-packages/triton/language/semantic.py", line 1685, in associative_scan\n    region_builder_fn(scan_op)\n  File "/home/lijiaxing/.conda/envs/api/lib/python3.10/site-packages/triton/language/core.py", line 2737, in make_combine_region\n    results = _generator.call_JitFunction(combine_fn, args, kwargs={})\nAttributeError: \'function\' object has no attribute \'fn\'\n\nThe above exception was the direct cause of the following exception:\n\nTraceback (most recent call last):\n  File "/cpfs01/shared/llm_kernel/hujiakai/KernelLLM/validation_api_server/helpers/evaluations.py", line 720, in run_and_check_correctness\n    output_new = model_new(*inputs)\n  File "/home/lijiaxing/.conda/envs/api/lib/python3.10/site-packages/torch/nn/modules/module.py", line 1773, in _wrapped_call_impl\n    return self._call_impl(*args, **kwargs)\n  File "/home/lijiaxing/.conda/envs/api/lib/python3.10/site-packages/torch/nn/modules/module.py", line 1784, in _call_impl\n    return forward_call(*args, **kwargs)\n  File "/tmp/tmp_wkvug_2.py", line 47, in forward\n    masked_cumsum_kernel[grid](\n  File "/home/lijiaxing/.conda/envs/api/lib/python3.10/site-packages/triton/runtime/jit.py", line 390, in <lambda>\n    return lambda *args, **kwargs: self.run(grid=grid, warmup=False, *args, **kwargs)\n  File "/home/lijiaxing/.conda/envs/api/lib/python3.10/site-packages/triton/runtime/jit.py", line 594, in run\n    kernel = self.compile(src, target=target, options=options.__dict__)\n  File "/home/lijiaxing/.conda/envs/api/lib/python3.10/site-packages/triton/compiler/compiler.py", line 339, in compile\n    module = src.make_ir(options, codegen_fns, module_map, context)\n  File "/home/lijiaxing/.conda/envs/api/lib/python3.10/site-packages/triton/compiler/compiler.py", line 83, in make_ir\n    return ast_to_ttir(self.fn, self, context=context, options=options, codegen_fns=codegen_fns,\ntriton.compiler.errors.CompilationError: at 22:13:\n    pid0 = tl.program_id(0)\n    row_x = x_ptr + pid0 * x_row_stride\n    row_mask = mask_ptr + pid0 * mask_row_stride\n    row_out = output_ptr + pid0 * out_row_stride\n\n    offsets = tl.arange(0, BLOCK_SIZE)\n    valid_mask = offsets < row_length\n    x = tl.load(row_x + offsets, mask=valid_mask, other=0.0)\n    mask_val = tl.load(row_mask + offsets, mask=valid_mask, other=False).to(tl.int1)\n\n    x_masked = tl.where(mask_val, x, 0.0)\n    cumsum = tl.associative_scan(x_masked, 0, tl.add)\n             ^\n\n\nThe above exception was the direct cause of the following exception:\n\nTraceback (most recent call last):\n  File "/home/lijiaxing/.conda/envs/api/lib/python3.10/site-packages/triton/language/core.py", line 42, in wrapper\n    return fn(*args, **kwargs)\n  File "/home/lijiaxing/.conda/envs/api/lib/python3.10/site-packages/triton/language/core.py", line 2727, in associative_scan\n    return associative_scan((input, ), axis, combine_fn, reverse, _semantic=_semantic, _generator=_generator)[0]\n  File "/home/lijiaxing/.conda/envs/api/lib/python3.10/site-packages/triton/language/core.py", line 42, in wrapper\n    return fn(*args, **kwargs)\n  File "/home/lijiaxing/.conda/envs/api/lib/python3.10/site-packages/triton/language/core.py", line 2747, in associative_scan\n    return _semantic.associative_scan(input, axis, make_combine_region, reverse)\n  File "/home/lijiaxing/.conda/envs/api/lib/python3.10/site-packages/triton/language/semantic.py", line 1685, in associative_scan\n    region_builder_fn(scan_op)\n  File "/home/lijiaxing/.conda/envs/api/lib/python3.10/site-packages/triton/language/core.py", line 2737, in make_combine_region\n    results = _generator.call_JitFunction(combine_fn, args, kwargs={})\nAttributeError: \'function\' object has no attribute \'fn\'\n', 'runtime_error_name': 'triton.compiler.errors.CompilationError', 'reference_timing_ms': 0.0235, 'speed_up': -1.0, 'custom_timing': -1.0}, 'runtime': -1.0, 'runtime_stats': {}}}
2025-08-12 16:13:22,438 - openevolve.llm.ensemble - INFO - Sampled model: deepseek
2025-08-12 16:13:22,443 - openevolve.database - INFO - New MAP-Elites cell occupied: {'score': 9, 'complexity': 7}
2025-08-12 16:13:22,454 - openevolve.threaded_parallel - INFO - Iteration 5: Program 2daf85fb-c6e8-43f4-bf7f-f205d96abe09 (parent: 3d022536-1ae6-4639-a05c-58f5083ea21f) completed in 248.01s
2025-08-12 16:13:22,454 - openevolve.threaded_parallel - INFO - Metrics: compiled=1.0000, correctness=0.0000, score=10.0000, stage=wrong_answer, verify_payload={'id': 'level1_93_masked_cumsum', 'result': {'compiled': True, 'correctness': False, 'metadata': {'hardware': 'NVIDIA L20Y', 'device': 'cuda:7', 'runtime_error': 'Traceback (most recent call last):\n  File "/home/lijiaxing/.conda/envs/api/lib/python3.10/site-packages/triton/language/core.py", line 42, in wrapper\n    return fn(*args, **kwargs)\n  File "/home/lijiaxing/.conda/envs/api/lib/python3.10/site-packages/triton/language/core.py", line 2727, in associative_scan\n    return associative_scan((input, ), axis, combine_fn, reverse, _semantic=_semantic, _generator=_generator)[0]\n  File "/home/lijiaxing/.conda/envs/api/lib/python3.10/site-packages/triton/language/core.py", line 42, in wrapper\n    return fn(*args, **kwargs)\n  File "/home/lijiaxing/.conda/envs/api/lib/python3.10/site-packages/triton/language/core.py", line 2747, in associative_scan\n    return _semantic.associative_scan(input, axis, make_combine_region, reverse)\n  File "/home/lijiaxing/.conda/envs/api/lib/python3.10/site-packages/triton/language/semantic.py", line 1685, in associative_scan\n    region_builder_fn(scan_op)\n  File "/home/lijiaxing/.conda/envs/api/lib/python3.10/site-packages/triton/language/core.py", line 2737, in make_combine_region\n    results = _generator.call_JitFunction(combine_fn, args, kwargs={})\nAttributeError: \'function\' object has no attribute \'fn\'\n\nThe above exception was the direct cause of the following exception:\n\nTraceback (most recent call last):\n  File "/cpfs01/shared/llm_kernel/hujiakai/KernelLLM/validation_api_server/helpers/evaluations.py", line 720, in run_and_check_correctness\n    output_new = model_new(*inputs)\n  File "/home/lijiaxing/.conda/envs/api/lib/python3.10/site-packages/torch/nn/modules/module.py", line 1773, in _wrapped_call_impl\n    return self._call_impl(*args, **kwargs)\n  File "/home/lijiaxing/.conda/envs/api/lib/python3.10/site-packages/torch/nn/modules/module.py", line 1784, in _call_impl\n    return forward_call(*args, **kwargs)\n  File "/tmp/tmp_wkvug_2.py", line 47, in forward\n    masked_cumsum_kernel[grid](\n  File "/home/lijiaxing/.conda/envs/api/lib/python3.10/site-packages/triton/runtime/jit.py", line 390, in <lambda>\n    return lambda *args, **kwargs: self.run(grid=grid, warmup=False, *args, **kwargs)\n  File "/home/lijiaxing/.conda/envs/api/lib/python3.10/site-packages/triton/runtime/jit.py", line 594, in run\n    kernel = self.compile(src, target=target, options=options.__dict__)\n  File "/home/lijiaxing/.conda/envs/api/lib/python3.10/site-packages/triton/compiler/compiler.py", line 339, in compile\n    module = src.make_ir(options, codegen_fns, module_map, context)\n  File "/home/lijiaxing/.conda/envs/api/lib/python3.10/site-packages/triton/compiler/compiler.py", line 83, in make_ir\n    return ast_to_ttir(self.fn, self, context=context, options=options, codegen_fns=codegen_fns,\ntriton.compiler.errors.CompilationError: at 22:13:\n    pid0 = tl.program_id(0)\n    row_x = x_ptr + pid0 * x_row_stride\n    row_mask = mask_ptr + pid0 * mask_row_stride\n    row_out = output_ptr + pid0 * out_row_stride\n\n    offsets = tl.arange(0, BLOCK_SIZE)\n    valid_mask = offsets < row_length\n    x = tl.load(row_x + offsets, mask=valid_mask, other=0.0)\n    mask_val = tl.load(row_mask + offsets, mask=valid_mask, other=False).to(tl.int1)\n\n    x_masked = tl.where(mask_val, x, 0.0)\n    cumsum = tl.associative_scan(x_masked, 0, tl.add)\n             ^\n\n\nThe above exception was the direct cause of the following exception:\n\nTraceback (most recent call last):\n  File "/home/lijiaxing/.conda/envs/api/lib/python3.10/site-packages/triton/language/core.py", line 42, in wrapper\n    return fn(*args, **kwargs)\n  File "/home/lijiaxing/.conda/envs/api/lib/python3.10/site-packages/triton/language/core.py", line 2727, in associative_scan\n    return associative_scan((input, ), axis, combine_fn, reverse, _semantic=_semantic, _generator=_generator)[0]\n  File "/home/lijiaxing/.conda/envs/api/lib/python3.10/site-packages/triton/language/core.py", line 42, in wrapper\n    return fn(*args, **kwargs)\n  File "/home/lijiaxing/.conda/envs/api/lib/python3.10/site-packages/triton/language/core.py", line 2747, in associative_scan\n    return _semantic.associative_scan(input, axis, make_combine_region, reverse)\n  File "/home/lijiaxing/.conda/envs/api/lib/python3.10/site-packages/triton/language/semantic.py", line 1685, in associative_scan\n    region_builder_fn(scan_op)\n  File "/home/lijiaxing/.conda/envs/api/lib/python3.10/site-packages/triton/language/core.py", line 2737, in make_combine_region\n    results = _generator.call_JitFunction(combine_fn, args, kwargs={})\nAttributeError: \'function\' object has no attribute \'fn\'\n', 'runtime_error_name': 'triton.compiler.errors.CompilationError', 'reference_timing_ms': 0.0235, 'speed_up': -1.0, 'custom_timing': -1.0}, 'runtime': -1.0, 'runtime_stats': {}}}
2025-08-12 16:16:40,272 - openevolve.RemoteSpeedupEvaluator - INFO - [level1_93_masked_cumsum] âœ˜ invalid_answer 'import triton' is not found
2025-08-12 16:16:40,273 - openevolve.evaluator - INFO - Evaluated program 86f6e711-5bc4-4664-8d3b-255fd45aedd6 in 0.00s: compiled=0.0000, correctness=0.0000, score=-100.0000, stage=no_valid_triton_code, feedback=You need to generate real and valid triton code for the core function. The key word 'import triton' is not found.
2025-08-12 16:16:40,276 - openevolve.llm.ensemble - INFO - Sampled model: deepseek
2025-08-12 16:16:40,277 - openevolve.database - INFO - New MAP-Elites cell occupied: {'score': -1000, 'complexity': 0}
2025-08-12 16:16:40,301 - openevolve.threaded_parallel - INFO - Iteration 6: Program 86f6e711-5bc4-4664-8d3b-255fd45aedd6 (parent: c53d605b-d98c-4329-9c6b-647fa2319f55) completed in 197.84s
2025-08-12 16:16:40,302 - openevolve.threaded_parallel - INFO - Metrics: compiled=0.0000, correctness=0.0000, score=-100.0000, stage=no_valid_triton_code, feedback=You need to generate real and valid triton code for the core function. The key word 'import triton' is not found.
2025-08-12 16:16:40,302 - openevolve.threaded_parallel - INFO - Checkpoint interval reached at iteration 6
2025-08-12 16:16:40,302 - openevolve.database - INFO - Island Status:
2025-08-12 16:16:40,302 - openevolve.database - INFO -    Island 0: 4 programs, best=10.0000, avg=-20.0000, diversity=363.83, gen=2 (best: c53d605b-d98c-4329-9c6b-647fa2319f55)
2025-08-12 16:16:40,302 - openevolve.database - INFO -  * Island 1: 1 programs, best=20.0000, avg=20.0000, diversity=0.00, gen=2 (best: 18475ef5-452d-403c-801a-edb93c4a547f)
2025-08-12 16:16:40,302 - openevolve.database - INFO -    Island 2: 1 programs, best=10.0000, avg=10.0000, diversity=0.00, gen=1 (best: 2daf85fb-c6e8-43f4-bf7f-f205d96abe09)
2025-08-12 16:16:40,377 - openevolve.database - INFO - Saved database with 6 programs to openevolve_output/level1_93_masked_cumsum/checkpoints/checkpoint_6
2025-08-12 16:16:40,388 - openevolve.controller - INFO - Saved best program at checkpoint 6 with metrics: compiled=1.0000, correctness=1.0000, stage=success, passed=0.0000, score=20.0000, speed_up=0.1030, runtime_ms=0.2280, meta={'hardware': 'NVIDIA L20Y', 'device': 'cuda:4', 'correctness_trials': '(5 / 5)', 'reference_timing_ms': 0.0235, 'speed_up': 0.103, 'custom_timing': 0.228}
2025-08-12 16:16:40,388 - openevolve.controller - INFO - Saved checkpoint at iteration 6 to openevolve_output/level1_93_masked_cumsum/checkpoints/checkpoint_6
2025-08-12 16:19:41,488 - openevolve.RemoteSpeedupEvaluator - INFO - [level1_93_masked_cumsum] triton key words check pass
2025-08-12 16:19:41,489 - openevolve.RemoteSpeedupEvaluator - INFO - [level1_93_masked_cumsum] verify_plus payload: reference_code(975 chars) + custom_code(2113 chars)
2025-08-12 16:19:44,284 - openevolve.RemoteSpeedupEvaluator - INFO - [level1_93_masked_cumsum] verify_plus request success
2025-08-12 16:19:44,285 - openevolve.RemoteSpeedupEvaluator - INFO - [level1_93_masked_cumsum] verify_plus response: {"id":"level1_93_masked_cumsum","result":{"compiled":true,"correctness":false,"metadata":{"hardware":"NVIDIA L20Y","device":"cuda:1","runtime_error":"Traceback (most recent call last):\n  File \"/home/lijiaxing/.conda/envs/api/lib/python3.10/site-packages/triton/language/core.py\", line 42, in wrapper\n    return fn(*args, **kwargs)\n  File \"/home/lijiaxing/.conda/envs/api/lib/python3.10/site-packages/triton/language/core.py\", line 2727, in associative_scan\n    return associative_scan((input, ), axis, combine_fn, reverse, _semantic=_semantic, _generator=_generator)[0]\n  File \"/home/lijiaxing/.conda/envs/api/lib/python3.10/site-packages/triton/language/core.py\", line 42, in wrapper\n    return fn(*args, **kwargs)\n  File \"/home/lijiaxing/.conda/envs/api/lib/python3.10/site-packages/t
2025-08-12 16:19:44,285 - openevolve.RemoteSpeedupEvaluator - INFO - [level1_93_masked_cumsum] âœ˜ wrong_answer
2025-08-12 16:19:44,285 - openevolve.evaluator - INFO - Evaluated program 9c48d2bb-06fe-4df2-a11d-66dfa269036b in 2.80s: compiled=1.0000, correctness=0.0000, score=10.0000, stage=wrong_answer, verify_payload={'id': 'level1_93_masked_cumsum', 'result': {'compiled': True, 'correctness': False, 'metadata': {'hardware': 'NVIDIA L20Y', 'device': 'cuda:1', 'runtime_error': 'Traceback (most recent call last):\n  File "/home/lijiaxing/.conda/envs/api/lib/python3.10/site-packages/triton/language/core.py", line 42, in wrapper\n    return fn(*args, **kwargs)\n  File "/home/lijiaxing/.conda/envs/api/lib/python3.10/site-packages/triton/language/core.py", line 2727, in associative_scan\n    return associative_scan((input, ), axis, combine_fn, reverse, _semantic=_semantic, _generator=_generator)[0]\n  File "/home/lijiaxing/.conda/envs/api/lib/python3.10/site-packages/triton/language/core.py", line 42, in wrapper\n    return fn(*args, **kwargs)\n  File "/home/lijiaxing/.conda/envs/api/lib/python3.10/site-packages/triton/language/core.py", line 2747, in associative_scan\n    return _semantic.associative_scan(input, axis, make_combine_region, reverse)\n  File "/home/lijiaxing/.conda/envs/api/lib/python3.10/site-packages/triton/language/semantic.py", line 1685, in associative_scan\n    region_builder_fn(scan_op)\n  File "/home/lijiaxing/.conda/envs/api/lib/python3.10/site-packages/triton/language/core.py", line 2737, in make_combine_region\n    results = _generator.call_JitFunction(combine_fn, args, kwargs={})\nAttributeError: \'function\' object has no attribute \'fn\'\n\nThe above exception was the direct cause of the following exception:\n\nTraceback (most recent call last):\n  File "/cpfs01/shared/llm_kernel/hujiakai/KernelLLM/validation_api_server/helpers/evaluations.py", line 720, in run_and_check_correctness\n    output_new = model_new(*inputs)\n  File "/home/lijiaxing/.conda/envs/api/lib/python3.10/site-packages/torch/nn/modules/module.py", line 1773, in _wrapped_call_impl\n    return self._call_impl(*args, **kwargs)\n  File "/home/lijiaxing/.conda/envs/api/lib/python3.10/site-packages/torch/nn/modules/module.py", line 1784, in _call_impl\n    return forward_call(*args, **kwargs)\n  File "/tmp/tmpgryi5348.py", line 58, in forward\n    _masked_cumsum_kernel[grid](\n  File "/home/lijiaxing/.conda/envs/api/lib/python3.10/site-packages/triton/runtime/jit.py", line 390, in <lambda>\n    return lambda *args, **kwargs: self.run(grid=grid, warmup=False, *args, **kwargs)\n  File "/home/lijiaxing/.conda/envs/api/lib/python3.10/site-packages/triton/runtime/jit.py", line 594, in run\n    kernel = self.compile(src, target=target, options=options.__dict__)\n  File "/home/lijiaxing/.conda/envs/api/lib/python3.10/site-packages/triton/compiler/compiler.py", line 339, in compile\n    module = src.make_ir(options, codegen_fns, module_map, context)\n  File "/home/lijiaxing/.conda/envs/api/lib/python3.10/site-packages/triton/compiler/compiler.py", line 83, in make_ir\n    return ast_to_ttir(self.fn, self, context=context, options=options, codegen_fns=codegen_fns,\ntriton.compiler.errors.CompilationError: at 27:13:\n    x_row_ptr = x_ptr + row_idx * x_row_stride\n    mask_row_ptr = mask_ptr + row_idx * mask_row_stride\n    output_row_ptr = output_ptr + row_idx * output_row_stride\n\n    # Load data and mask\n    x_vals = tl.load(x_row_ptr + col_offsets, mask=mask, other=0.0)\n    mask_vals = tl.load(mask_row_ptr + col_offsets, mask=mask, other=0)\n    mask_vals = mask_vals.to(tl.int1)\n\n    # Apply mask and compute cumulative sum\n    masked_vals = tl.where(mask_vals, x_vals, 0.0)\n    cumsum = tl.associative_scan(masked_vals, 0, tl.add)\n             ^\n\n\nThe above exception was the direct cause of the following exception:\n\nTraceback (most recent call last):\n  File "/home/lijiaxing/.conda/envs/api/lib/python3.10/site-packages/triton/language/core.py", line 42, in wrapper\n    return fn(*args, **kwargs)\n  File "/home/lijiaxing/.conda/envs/api/lib/python3.10/site-packages/triton/language/core.py", line 2727, in associative_scan\n    return associative_scan((input, ), axis, combine_fn, reverse, _semantic=_semantic, _generator=_generator)[0]\n  File "/home/lijiaxing/.conda/envs/api/lib/python3.10/site-packages/triton/language/core.py", line 42, in wrapper\n    return fn(*args, **kwargs)\n  File "/home/lijiaxing/.conda/envs/api/lib/python3.10/site-packages/triton/language/core.py", line 2747, in associative_scan\n    return _semantic.associative_scan(input, axis, make_combine_region, reverse)\n  File "/home/lijiaxing/.conda/envs/api/lib/python3.10/site-packages/triton/language/semantic.py", line 1685, in associative_scan\n    region_builder_fn(scan_op)\n  File "/home/lijiaxing/.conda/envs/api/lib/python3.10/site-packages/triton/language/core.py", line 2737, in make_combine_region\n    results = _generator.call_JitFunction(combine_fn, args, kwargs={})\nAttributeError: \'function\' object has no attribute \'fn\'\n', 'runtime_error_name': 'triton.compiler.errors.CompilationError', 'reference_timing_ms': 0.0235, 'speed_up': -1.0, 'custom_timing': -1.0}, 'runtime': -1.0, 'runtime_stats': {}}}
2025-08-12 16:19:44,290 - openevolve.llm.ensemble - INFO - Sampled model: deepseek
2025-08-12 16:19:44,304 - openevolve.threaded_parallel - INFO - Iteration 3: Program 9c48d2bb-06fe-4df2-a11d-66dfa269036b (parent: 44ca9f19-e0d1-4988-8ed7-2e0602156f9e) completed in 1111.10s
2025-08-12 16:19:44,304 - openevolve.threaded_parallel - INFO - Metrics: compiled=1.0000, correctness=0.0000, score=10.0000, stage=wrong_answer, verify_payload={'id': 'level1_93_masked_cumsum', 'result': {'compiled': True, 'correctness': False, 'metadata': {'hardware': 'NVIDIA L20Y', 'device': 'cuda:1', 'runtime_error': 'Traceback (most recent call last):\n  File "/home/lijiaxing/.conda/envs/api/lib/python3.10/site-packages/triton/language/core.py", line 42, in wrapper\n    return fn(*args, **kwargs)\n  File "/home/lijiaxing/.conda/envs/api/lib/python3.10/site-packages/triton/language/core.py", line 2727, in associative_scan\n    return associative_scan((input, ), axis, combine_fn, reverse, _semantic=_semantic, _generator=_generator)[0]\n  File "/home/lijiaxing/.conda/envs/api/lib/python3.10/site-packages/triton/language/core.py", line 42, in wrapper\n    return fn(*args, **kwargs)\n  File "/home/lijiaxing/.conda/envs/api/lib/python3.10/site-packages/triton/language/core.py", line 2747, in associative_scan\n    return _semantic.associative_scan(input, axis, make_combine_region, reverse)\n  File "/home/lijiaxing/.conda/envs/api/lib/python3.10/site-packages/triton/language/semantic.py", line 1685, in associative_scan\n    region_builder_fn(scan_op)\n  File "/home/lijiaxing/.conda/envs/api/lib/python3.10/site-packages/triton/language/core.py", line 2737, in make_combine_region\n    results = _generator.call_JitFunction(combine_fn, args, kwargs={})\nAttributeError: \'function\' object has no attribute \'fn\'\n\nThe above exception was the direct cause of the following exception:\n\nTraceback (most recent call last):\n  File "/cpfs01/shared/llm_kernel/hujiakai/KernelLLM/validation_api_server/helpers/evaluations.py", line 720, in run_and_check_correctness\n    output_new = model_new(*inputs)\n  File "/home/lijiaxing/.conda/envs/api/lib/python3.10/site-packages/torch/nn/modules/module.py", line 1773, in _wrapped_call_impl\n    return self._call_impl(*args, **kwargs)\n  File "/home/lijiaxing/.conda/envs/api/lib/python3.10/site-packages/torch/nn/modules/module.py", line 1784, in _call_impl\n    return forward_call(*args, **kwargs)\n  File "/tmp/tmpgryi5348.py", line 58, in forward\n    _masked_cumsum_kernel[grid](\n  File "/home/lijiaxing/.conda/envs/api/lib/python3.10/site-packages/triton/runtime/jit.py", line 390, in <lambda>\n    return lambda *args, **kwargs: self.run(grid=grid, warmup=False, *args, **kwargs)\n  File "/home/lijiaxing/.conda/envs/api/lib/python3.10/site-packages/triton/runtime/jit.py", line 594, in run\n    kernel = self.compile(src, target=target, options=options.__dict__)\n  File "/home/lijiaxing/.conda/envs/api/lib/python3.10/site-packages/triton/compiler/compiler.py", line 339, in compile\n    module = src.make_ir(options, codegen_fns, module_map, context)\n  File "/home/lijiaxing/.conda/envs/api/lib/python3.10/site-packages/triton/compiler/compiler.py", line 83, in make_ir\n    return ast_to_ttir(self.fn, self, context=context, options=options, codegen_fns=codegen_fns,\ntriton.compiler.errors.CompilationError: at 27:13:\n    x_row_ptr = x_ptr + row_idx * x_row_stride\n    mask_row_ptr = mask_ptr + row_idx * mask_row_stride\n    output_row_ptr = output_ptr + row_idx * output_row_stride\n\n    # Load data and mask\n    x_vals = tl.load(x_row_ptr + col_offsets, mask=mask, other=0.0)\n    mask_vals = tl.load(mask_row_ptr + col_offsets, mask=mask, other=0)\n    mask_vals = mask_vals.to(tl.int1)\n\n    # Apply mask and compute cumulative sum\n    masked_vals = tl.where(mask_vals, x_vals, 0.0)\n    cumsum = tl.associative_scan(masked_vals, 0, tl.add)\n             ^\n\n\nThe above exception was the direct cause of the following exception:\n\nTraceback (most recent call last):\n  File "/home/lijiaxing/.conda/envs/api/lib/python3.10/site-packages/triton/language/core.py", line 42, in wrapper\n    return fn(*args, **kwargs)\n  File "/home/lijiaxing/.conda/envs/api/lib/python3.10/site-packages/triton/language/core.py", line 2727, in associative_scan\n    return associative_scan((input, ), axis, combine_fn, reverse, _semantic=_semantic, _generator=_generator)[0]\n  File "/home/lijiaxing/.conda/envs/api/lib/python3.10/site-packages/triton/language/core.py", line 42, in wrapper\n    return fn(*args, **kwargs)\n  File "/home/lijiaxing/.conda/envs/api/lib/python3.10/site-packages/triton/language/core.py", line 2747, in associative_scan\n    return _semantic.associative_scan(input, axis, make_combine_region, reverse)\n  File "/home/lijiaxing/.conda/envs/api/lib/python3.10/site-packages/triton/language/semantic.py", line 1685, in associative_scan\n    region_builder_fn(scan_op)\n  File "/home/lijiaxing/.conda/envs/api/lib/python3.10/site-packages/triton/language/core.py", line 2737, in make_combine_region\n    results = _generator.call_JitFunction(combine_fn, args, kwargs={})\nAttributeError: \'function\' object has no attribute \'fn\'\n', 'runtime_error_name': 'triton.compiler.errors.CompilationError', 'reference_timing_ms': 0.0235, 'speed_up': -1.0, 'custom_timing': -1.0}, 'runtime': -1.0, 'runtime_stats': {}}}
2025-08-12 16:19:44,304 - openevolve.threaded_parallel - INFO - Checkpoint interval reached at iteration 3
2025-08-12 16:19:44,305 - openevolve.database - INFO - Island Status:
2025-08-12 16:19:44,305 - openevolve.database - INFO -    Island 0: 4 programs, best=10.0000, avg=-20.0000, diversity=363.83, gen=2 (best: c53d605b-d98c-4329-9c6b-647fa2319f55)
2025-08-12 16:19:44,305 - openevolve.database - INFO -    Island 1: 2 programs, best=20.0000, avg=15.0000, diversity=23.10, gen=2 (best: 18475ef5-452d-403c-801a-edb93c4a547f)
2025-08-12 16:19:44,305 - openevolve.database - INFO -  * Island 2: 1 programs, best=10.0000, avg=10.0000, diversity=0.00, gen=2 (best: 2daf85fb-c6e8-43f4-bf7f-f205d96abe09)
2025-08-12 16:19:44,383 - openevolve.database - INFO - Saved database with 7 programs to openevolve_output/level1_93_masked_cumsum/checkpoints/checkpoint_3
2025-08-12 16:19:44,392 - openevolve.controller - INFO - Saved best program at checkpoint 3 with metrics: compiled=1.0000, correctness=1.0000, stage=success, passed=0.0000, score=20.0000, speed_up=0.1030, runtime_ms=0.2280, meta={'hardware': 'NVIDIA L20Y', 'device': 'cuda:4', 'correctness_trials': '(5 / 5)', 'reference_timing_ms': 0.0235, 'speed_up': 0.103, 'custom_timing': 0.228}
2025-08-12 16:19:44,393 - openevolve.controller - INFO - Saved checkpoint at iteration 3 to openevolve_output/level1_93_masked_cumsum/checkpoints/checkpoint_3
2025-08-12 16:19:46,648 - openevolve.RemoteSpeedupEvaluator - INFO - [level1_93_masked_cumsum] triton key words check pass
2025-08-12 16:19:46,649 - openevolve.RemoteSpeedupEvaluator - INFO - [level1_93_masked_cumsum] verify_plus payload: reference_code(975 chars) + custom_code(2540 chars)
2025-08-12 16:19:50,003 - openevolve.RemoteSpeedupEvaluator - INFO - [level1_93_masked_cumsum] verify_plus request success
2025-08-12 16:19:50,003 - openevolve.RemoteSpeedupEvaluator - INFO - [level1_93_masked_cumsum] verify_plus response: {"id":"level1_93_masked_cumsum","result":{"compiled":true,"correctness":true,"metadata":{"hardware":"NVIDIA L20Y","device":"cuda:2","correctness_trials":"(5 / 5)","reference_timing_ms":0.0235,"speed_up":0.216,"custom_timing":0.109},"runtime":0.109,"runtime_stats":{"mean":0.109,"std":0.0126,"min":0.0983,"max":0.147,"num_trials":100,"hardware":"NVIDIA L20Y","device":"cuda:2"}}}
2025-08-12 16:19:50,004 - openevolve.RemoteSpeedupEvaluator - INFO - [level1_93_masked_cumsum] âœ” success | speed_up=0.216  score=20.00
2025-08-12 16:19:50,004 - openevolve.evaluator - INFO - Evaluated program 9f813bfb-5027-4211-8da2-0d97a8b552f0 in 3.36s: compiled=1.0000, correctness=1.0000, stage=success, passed=0.0000, score=20.0000, speed_up=0.2160, runtime_ms=0.1090, meta={'hardware': 'NVIDIA L20Y', 'device': 'cuda:2', 'correctness_trials': '(5 / 5)', 'reference_timing_ms': 0.0235, 'speed_up': 0.216, 'custom_timing': 0.109}
2025-08-12 16:19:50,006 - openevolve.llm.ensemble - INFO - Sampled model: deepseek
2025-08-12 16:19:50,014 - openevolve.threaded_parallel - INFO - Iteration 4: Program 9f813bfb-5027-4211-8da2-0d97a8b552f0 (parent: 44ca9f19-e0d1-4988-8ed7-2e0602156f9e) completed in 1070.53s
2025-08-12 16:19:50,014 - openevolve.threaded_parallel - INFO - Metrics: compiled=1.0000, correctness=1.0000, stage=success, passed=0.0000, score=20.0000, speed_up=0.2160, runtime_ms=0.1090, meta={'hardware': 'NVIDIA L20Y', 'device': 'cuda:2', 'correctness_trials': '(5 / 5)', 'reference_timing_ms': 0.0235, 'speed_up': 0.216, 'custom_timing': 0.109}
2025-08-12 16:21:39,456 - openevolve.RemoteSpeedupEvaluator - INFO - [level1_93_masked_cumsum] triton key words check pass
2025-08-12 16:21:39,457 - openevolve.RemoteSpeedupEvaluator - INFO - [level1_93_masked_cumsum] verify_plus payload: reference_code(975 chars) + custom_code(1991 chars)
2025-08-12 16:21:42,460 - openevolve.RemoteSpeedupEvaluator - INFO - [level1_93_masked_cumsum] verify_plus request success
2025-08-12 16:21:42,460 - openevolve.RemoteSpeedupEvaluator - INFO - [level1_93_masked_cumsum] verify_plus response: {"id":"level1_93_masked_cumsum","result":{"compiled":true,"correctness":true,"metadata":{"hardware":"NVIDIA L20Y","device":"cuda:7","correctness_trials":"(5 / 5)","reference_timing_ms":0.0235,"speed_up":0.459,"custom_timing":0.0512},"runtime":0.0512,"runtime_stats":{"mean":0.0512,"std":0.00612,"min":0.0438,"max":0.0729,"num_trials":100,"hardware":"NVIDIA L20Y","device":"cuda:7"}}}
2025-08-12 16:21:42,460 - openevolve.RemoteSpeedupEvaluator - INFO - [level1_93_masked_cumsum] âœ” success | speed_up=0.459  score=20.00
2025-08-12 16:21:42,461 - openevolve.evaluator - INFO - Evaluated program a4e9399a-a758-485b-82db-bae262180e21 in 3.01s: compiled=1.0000, correctness=1.0000, stage=success, passed=0.0000, score=20.0000, speed_up=0.4590, runtime_ms=0.0512, meta={'hardware': 'NVIDIA L20Y', 'device': 'cuda:7', 'correctness_trials': '(5 / 5)', 'reference_timing_ms': 0.0235, 'speed_up': 0.459, 'custom_timing': 0.0512}
2025-08-12 16:21:42,464 - openevolve.llm.ensemble - INFO - Sampled model: deepseek
2025-08-12 16:21:42,465 - openevolve.database - INFO - MAP-Elites cell improved: {'score': 9, 'complexity': 7} (fitness: 10.000 -> 20.000)
2025-08-12 16:21:42,477 - openevolve.threaded_parallel - INFO - Iteration 7: Program a4e9399a-a758-485b-82db-bae262180e21 (parent: 3d022536-1ae6-4639-a05c-58f5083ea21f) completed in 302.18s
2025-08-12 16:21:42,477 - openevolve.threaded_parallel - INFO - Metrics: compiled=1.0000, correctness=1.0000, stage=success, passed=0.0000, score=20.0000, speed_up=0.4590, runtime_ms=0.0512, meta={'hardware': 'NVIDIA L20Y', 'device': 'cuda:7', 'correctness_trials': '(5 / 5)', 'reference_timing_ms': 0.0235, 'speed_up': 0.459, 'custom_timing': 0.0512}
2025-08-12 16:23:32,640 - openevolve.RemoteSpeedupEvaluator - INFO - [level1_93_masked_cumsum] triton key words check pass
2025-08-12 16:23:32,641 - openevolve.RemoteSpeedupEvaluator - INFO - [level1_93_masked_cumsum] verify_plus payload: reference_code(975 chars) + custom_code(1826 chars)
2025-08-12 16:23:35,774 - openevolve.RemoteSpeedupEvaluator - INFO - [level1_93_masked_cumsum] verify_plus request success
2025-08-12 16:23:35,775 - openevolve.RemoteSpeedupEvaluator - INFO - [level1_93_masked_cumsum] verify_plus response: {"id":"level1_93_masked_cumsum","result":{"compiled":true,"correctness":true,"metadata":{"hardware":"NVIDIA L20Y","device":"cuda:0","correctness_trials":"(5 / 5)","reference_timing_ms":0.0235,"speed_up":0.476,"custom_timing":0.0494},"runtime":0.0494,"runtime_stats":{"mean":0.0494,"std":0.00606,"min":0.0414,"max":0.0706,"num_trials":100,"hardware":"NVIDIA L20Y","device":"cuda:0"}}}
2025-08-12 16:23:35,775 - openevolve.RemoteSpeedupEvaluator - INFO - [level1_93_masked_cumsum] âœ” success | speed_up=0.476  score=20.00
2025-08-12 16:23:35,775 - openevolve.evaluator - INFO - Evaluated program a98beb76-8740-4ff7-bee3-2fc3fbbfca89 in 3.14s: compiled=1.0000, correctness=1.0000, stage=success, passed=0.0000, score=20.0000, speed_up=0.4760, runtime_ms=0.0494, meta={'hardware': 'NVIDIA L20Y', 'device': 'cuda:0', 'correctness_trials': '(5 / 5)', 'reference_timing_ms': 0.0235, 'speed_up': 0.476, 'custom_timing': 0.0494}
2025-08-12 16:23:35,780 - openevolve.llm.ensemble - INFO - Sampled model: deepseek
2025-08-12 16:23:35,781 - openevolve.database - INFO - New MAP-Elites cell occupied: {'score': 9, 'complexity': 6}
2025-08-12 16:23:35,793 - openevolve.threaded_parallel - INFO - Iteration 9: Program a98beb76-8740-4ff7-bee3-2fc3fbbfca89 (parent: 2daf85fb-c6e8-43f4-bf7f-f205d96abe09) completed in 225.77s
2025-08-12 16:23:35,793 - openevolve.threaded_parallel - INFO - Metrics: compiled=1.0000, correctness=1.0000, stage=success, passed=0.0000, score=20.0000, speed_up=0.4760, runtime_ms=0.0494, meta={'hardware': 'NVIDIA L20Y', 'device': 'cuda:0', 'correctness_trials': '(5 / 5)', 'reference_timing_ms': 0.0235, 'speed_up': 0.476, 'custom_timing': 0.0494}
2025-08-12 16:23:35,793 - openevolve.threaded_parallel - INFO - Checkpoint interval reached at iteration 9
2025-08-12 16:23:35,794 - openevolve.database - INFO - Island Status:
2025-08-12 16:23:35,794 - openevolve.database - INFO -    Island 0: 5 programs, best=20.0000, avg=-12.0000, diversity=301.17, gen=3 (best: a4e9399a-a758-485b-82db-bae262180e21)
2025-08-12 16:23:35,794 - openevolve.database - INFO -    Island 1: 3 programs, best=20.0000, avg=16.6667, diversity=61.80, gen=3 (best: 18475ef5-452d-403c-801a-edb93c4a547f)
2025-08-12 16:23:35,794 - openevolve.database - INFO -  * Island 2: 2 programs, best=20.0000, avg=15.0000, diversity=207.70, gen=3 (best: 9f813bfb-5027-4211-8da2-0d97a8b552f0)
2025-08-12 16:23:35,908 - openevolve.database - INFO - Saved database with 10 programs to openevolve_output/level1_93_masked_cumsum/checkpoints/checkpoint_9
2025-08-12 16:23:35,919 - openevolve.controller - INFO - Saved best program at checkpoint 9 with metrics: compiled=1.0000, correctness=1.0000, stage=success, passed=0.0000, score=20.0000, speed_up=0.1030, runtime_ms=0.2280, meta={'hardware': 'NVIDIA L20Y', 'device': 'cuda:4', 'correctness_trials': '(5 / 5)', 'reference_timing_ms': 0.0235, 'speed_up': 0.103, 'custom_timing': 0.228}
2025-08-12 16:23:35,919 - openevolve.controller - INFO - Saved checkpoint at iteration 9 to openevolve_output/level1_93_masked_cumsum/checkpoints/checkpoint_9
2025-08-12 16:29:05,517 - openevolve.RemoteSpeedupEvaluator - INFO - [level1_93_masked_cumsum] triton key words check pass
2025-08-12 16:29:05,518 - openevolve.RemoteSpeedupEvaluator - INFO - [level1_93_masked_cumsum] verify_plus payload: reference_code(975 chars) + custom_code(1961 chars)
2025-08-12 16:29:08,442 - openevolve.RemoteSpeedupEvaluator - INFO - [level1_93_masked_cumsum] verify_plus request success
2025-08-12 16:29:08,442 - openevolve.RemoteSpeedupEvaluator - INFO - [level1_93_masked_cumsum] verify_plus response: {"id":"level1_93_masked_cumsum","result":{"compiled":true,"correctness":false,"metadata":{"hardware":"NVIDIA L20Y","device":"cuda:0","runtime_error":"Traceback (most recent call last):\n  File \"/home/lijiaxing/.conda/envs/api/lib/python3.10/site-packages/triton/language/core.py\", line 42, in wrapper\n    return fn(*args, **kwargs)\n  File \"/home/lijiaxing/.conda/envs/api/lib/python3.10/site-packages/triton/language/core.py\", line 2727, in associative_scan\n    return associative_scan((input, ), axis, combine_fn, reverse, _semantic=_semantic, _generator=_generator)[0]\n  File \"/home/lijiaxing/.conda/envs/api/lib/python3.10/site-packages/triton/language/core.py\", line 42, in wrapper\n    return fn(*args, **kwargs)\n  File \"/home/lijiaxing/.conda/envs/api/lib/python3.10/site-packages/t
2025-08-12 16:29:08,442 - openevolve.RemoteSpeedupEvaluator - INFO - [level1_93_masked_cumsum] âœ˜ wrong_answer
2025-08-12 16:29:08,443 - openevolve.evaluator - INFO - Evaluated program aed2470d-71dc-411a-b034-f415b2d3ac92 in 2.93s: compiled=1.0000, correctness=0.0000, score=10.0000, stage=wrong_answer, verify_payload={'id': 'level1_93_masked_cumsum', 'result': {'compiled': True, 'correctness': False, 'metadata': {'hardware': 'NVIDIA L20Y', 'device': 'cuda:0', 'runtime_error': 'Traceback (most recent call last):\n  File "/home/lijiaxing/.conda/envs/api/lib/python3.10/site-packages/triton/language/core.py", line 42, in wrapper\n    return fn(*args, **kwargs)\n  File "/home/lijiaxing/.conda/envs/api/lib/python3.10/site-packages/triton/language/core.py", line 2727, in associative_scan\n    return associative_scan((input, ), axis, combine_fn, reverse, _semantic=_semantic, _generator=_generator)[0]\n  File "/home/lijiaxing/.conda/envs/api/lib/python3.10/site-packages/triton/language/core.py", line 42, in wrapper\n    return fn(*args, **kwargs)\n  File "/home/lijiaxing/.conda/envs/api/lib/python3.10/site-packages/triton/language/core.py", line 2747, in associative_scan\n    return _semantic.associative_scan(input, axis, make_combine_region, reverse)\n  File "/home/lijiaxing/.conda/envs/api/lib/python3.10/site-packages/triton/language/semantic.py", line 1685, in associative_scan\n    region_builder_fn(scan_op)\n  File "/home/lijiaxing/.conda/envs/api/lib/python3.10/site-packages/triton/language/core.py", line 2737, in make_combine_region\n    results = _generator.call_JitFunction(combine_fn, args, kwargs={})\nAttributeError: \'function\' object has no attribute \'fn\'\n\nThe above exception was the direct cause of the following exception:\n\nTraceback (most recent call last):\n  File "/cpfs01/shared/llm_kernel/hujiakai/KernelLLM/validation_api_server/helpers/evaluations.py", line 720, in run_and_check_correctness\n    output_new = model_new(*inputs)\n  File "/home/lijiaxing/.conda/envs/api/lib/python3.10/site-packages/torch/nn/modules/module.py", line 1773, in _wrapped_call_impl\n    return self._call_impl(*args, **kwargs)\n  File "/home/lijiaxing/.conda/envs/api/lib/python3.10/site-packages/torch/nn/modules/module.py", line 1784, in _call_impl\n    return forward_call(*args, **kwargs)\n  File "/tmp/tmpugflj9rb.py", line 47, in forward\n    _masked_cumsum_kernel[grid](\n  File "/home/lijiaxing/.conda/envs/api/lib/python3.10/site-packages/triton/runtime/jit.py", line 390, in <lambda>\n    return lambda *args, **kwargs: self.run(grid=grid, warmup=False, *args, **kwargs)\n  File "/home/lijiaxing/.conda/envs/api/lib/python3.10/site-packages/triton/runtime/jit.py", line 594, in run\n    kernel = self.compile(src, target=target, options=options.__dict__)\n  File "/home/lijiaxing/.conda/envs/api/lib/python3.10/site-packages/triton/compiler/compiler.py", line 339, in compile\n    module = src.make_ir(options, codegen_fns, module_map, context)\n  File "/home/lijiaxing/.conda/envs/api/lib/python3.10/site-packages/triton/compiler/compiler.py", line 83, in make_ir\n    return ast_to_ttir(self.fn, self, context=context, options=options, codegen_fns=codegen_fns,\ntriton.compiler.errors.CompilationError: at 16:13:\n    n_cols,\n    stride,\n    BLOCK_SIZE: tl.constexpr\n):\n    row_idx = tl.program_id(0)\n    start = row_idx * stride\n    offsets = start + tl.arange(0, BLOCK_SIZE)\n    col_mask = tl.arange(0, BLOCK_SIZE) < n_cols\n    x = tl.load(x_ptr + offsets, mask=col_mask, other=0.0)\n    m = tl.load(mask_ptr + offsets, mask=col_mask, other=False)\n    vals = tl.where(m, x, 0.0)\n    cumsum = tl.associative_scan(vals, 0, tl.add)\n             ^\n\n\nThe above exception was the direct cause of the following exception:\n\nTraceback (most recent call last):\n  File "/home/lijiaxing/.conda/envs/api/lib/python3.10/site-packages/triton/language/core.py", line 42, in wrapper\n    return fn(*args, **kwargs)\n  File "/home/lijiaxing/.conda/envs/api/lib/python3.10/site-packages/triton/language/core.py", line 2727, in associative_scan\n    return associative_scan((input, ), axis, combine_fn, reverse, _semantic=_semantic, _generator=_generator)[0]\n  File "/home/lijiaxing/.conda/envs/api/lib/python3.10/site-packages/triton/language/core.py", line 42, in wrapper\n    return fn(*args, **kwargs)\n  File "/home/lijiaxing/.conda/envs/api/lib/python3.10/site-packages/triton/language/core.py", line 2747, in associative_scan\n    return _semantic.associative_scan(input, axis, make_combine_region, reverse)\n  File "/home/lijiaxing/.conda/envs/api/lib/python3.10/site-packages/triton/language/semantic.py", line 1685, in associative_scan\n    region_builder_fn(scan_op)\n  File "/home/lijiaxing/.conda/envs/api/lib/python3.10/site-packages/triton/language/core.py", line 2737, in make_combine_region\n    results = _generator.call_JitFunction(combine_fn, args, kwargs={})\nAttributeError: \'function\' object has no attribute \'fn\'\n', 'runtime_error_name': 'triton.compiler.errors.CompilationError', 'reference_timing_ms': 0.0235, 'speed_up': -1.0, 'custom_timing': -1.0}, 'runtime': -1.0, 'runtime_stats': {}}}
2025-08-12 16:29:08,447 - openevolve.llm.ensemble - INFO - Sampled model: deepseek
2025-08-12 16:29:08,461 - openevolve.threaded_parallel - INFO - Iteration 10: Program aed2470d-71dc-411a-b034-f415b2d3ac92 (parent: 44ca9f19-e0d1-4988-8ed7-2e0602156f9e) completed in 445.98s
2025-08-12 16:29:08,462 - openevolve.threaded_parallel - INFO - Metrics: compiled=1.0000, correctness=0.0000, score=10.0000, stage=wrong_answer, verify_payload={'id': 'level1_93_masked_cumsum', 'result': {'compiled': True, 'correctness': False, 'metadata': {'hardware': 'NVIDIA L20Y', 'device': 'cuda:0', 'runtime_error': 'Traceback (most recent call last):\n  File "/home/lijiaxing/.conda/envs/api/lib/python3.10/site-packages/triton/language/core.py", line 42, in wrapper\n    return fn(*args, **kwargs)\n  File "/home/lijiaxing/.conda/envs/api/lib/python3.10/site-packages/triton/language/core.py", line 2727, in associative_scan\n    return associative_scan((input, ), axis, combine_fn, reverse, _semantic=_semantic, _generator=_generator)[0]\n  File "/home/lijiaxing/.conda/envs/api/lib/python3.10/site-packages/triton/language/core.py", line 42, in wrapper\n    return fn(*args, **kwargs)\n  File "/home/lijiaxing/.conda/envs/api/lib/python3.10/site-packages/triton/language/core.py", line 2747, in associative_scan\n    return _semantic.associative_scan(input, axis, make_combine_region, reverse)\n  File "/home/lijiaxing/.conda/envs/api/lib/python3.10/site-packages/triton/language/semantic.py", line 1685, in associative_scan\n    region_builder_fn(scan_op)\n  File "/home/lijiaxing/.conda/envs/api/lib/python3.10/site-packages/triton/language/core.py", line 2737, in make_combine_region\n    results = _generator.call_JitFunction(combine_fn, args, kwargs={})\nAttributeError: \'function\' object has no attribute \'fn\'\n\nThe above exception was the direct cause of the following exception:\n\nTraceback (most recent call last):\n  File "/cpfs01/shared/llm_kernel/hujiakai/KernelLLM/validation_api_server/helpers/evaluations.py", line 720, in run_and_check_correctness\n    output_new = model_new(*inputs)\n  File "/home/lijiaxing/.conda/envs/api/lib/python3.10/site-packages/torch/nn/modules/module.py", line 1773, in _wrapped_call_impl\n    return self._call_impl(*args, **kwargs)\n  File "/home/lijiaxing/.conda/envs/api/lib/python3.10/site-packages/torch/nn/modules/module.py", line 1784, in _call_impl\n    return forward_call(*args, **kwargs)\n  File "/tmp/tmpugflj9rb.py", line 47, in forward\n    _masked_cumsum_kernel[grid](\n  File "/home/lijiaxing/.conda/envs/api/lib/python3.10/site-packages/triton/runtime/jit.py", line 390, in <lambda>\n    return lambda *args, **kwargs: self.run(grid=grid, warmup=False, *args, **kwargs)\n  File "/home/lijiaxing/.conda/envs/api/lib/python3.10/site-packages/triton/runtime/jit.py", line 594, in run\n    kernel = self.compile(src, target=target, options=options.__dict__)\n  File "/home/lijiaxing/.conda/envs/api/lib/python3.10/site-packages/triton/compiler/compiler.py", line 339, in compile\n    module = src.make_ir(options, codegen_fns, module_map, context)\n  File "/home/lijiaxing/.conda/envs/api/lib/python3.10/site-packages/triton/compiler/compiler.py", line 83, in make_ir\n    return ast_to_ttir(self.fn, self, context=context, options=options, codegen_fns=codegen_fns,\ntriton.compiler.errors.CompilationError: at 16:13:\n    n_cols,\n    stride,\n    BLOCK_SIZE: tl.constexpr\n):\n    row_idx = tl.program_id(0)\n    start = row_idx * stride\n    offsets = start + tl.arange(0, BLOCK_SIZE)\n    col_mask = tl.arange(0, BLOCK_SIZE) < n_cols\n    x = tl.load(x_ptr + offsets, mask=col_mask, other=0.0)\n    m = tl.load(mask_ptr + offsets, mask=col_mask, other=False)\n    vals = tl.where(m, x, 0.0)\n    cumsum = tl.associative_scan(vals, 0, tl.add)\n             ^\n\n\nThe above exception was the direct cause of the following exception:\n\nTraceback (most recent call last):\n  File "/home/lijiaxing/.conda/envs/api/lib/python3.10/site-packages/triton/language/core.py", line 42, in wrapper\n    return fn(*args, **kwargs)\n  File "/home/lijiaxing/.conda/envs/api/lib/python3.10/site-packages/triton/language/core.py", line 2727, in associative_scan\n    return associative_scan((input, ), axis, combine_fn, reverse, _semantic=_semantic, _generator=_generator)[0]\n  File "/home/lijiaxing/.conda/envs/api/lib/python3.10/site-packages/triton/language/core.py", line 42, in wrapper\n    return fn(*args, **kwargs)\n  File "/home/lijiaxing/.conda/envs/api/lib/python3.10/site-packages/triton/language/core.py", line 2747, in associative_scan\n    return _semantic.associative_scan(input, axis, make_combine_region, reverse)\n  File "/home/lijiaxing/.conda/envs/api/lib/python3.10/site-packages/triton/language/semantic.py", line 1685, in associative_scan\n    region_builder_fn(scan_op)\n  File "/home/lijiaxing/.conda/envs/api/lib/python3.10/site-packages/triton/language/core.py", line 2737, in make_combine_region\n    results = _generator.call_JitFunction(combine_fn, args, kwargs={})\nAttributeError: \'function\' object has no attribute \'fn\'\n', 'runtime_error_name': 'triton.compiler.errors.CompilationError', 'reference_timing_ms': 0.0235, 'speed_up': -1.0, 'custom_timing': -1.0}, 'runtime': -1.0, 'runtime_stats': {}}}
2025-08-12 16:33:21,675 - openevolve.RemoteSpeedupEvaluator - INFO - [level1_93_masked_cumsum] triton key words check pass
2025-08-12 16:33:21,676 - openevolve.RemoteSpeedupEvaluator - INFO - [level1_93_masked_cumsum] verify_plus payload: reference_code(975 chars) + custom_code(2497 chars)
2025-08-12 16:33:24,539 - openevolve.RemoteSpeedupEvaluator - INFO - [level1_93_masked_cumsum] verify_plus request success
2025-08-12 16:33:24,540 - openevolve.RemoteSpeedupEvaluator - INFO - [level1_93_masked_cumsum] verify_plus response: {"id":"level1_93_masked_cumsum","result":{"compiled":true,"correctness":false,"metadata":{"hardware":"NVIDIA L20Y","device":"cuda:5","runtime_error":"Traceback (most recent call last):\n  File \"/home/lijiaxing/.conda/envs/api/lib/python3.10/site-packages/triton/language/core.py\", line 42, in wrapper\n    return fn(*args, **kwargs)\n  File \"/home/lijiaxing/.conda/envs/api/lib/python3.10/site-packages/triton/language/core.py\", line 1654, in arange\n    return _semantic.arange(start, end)\n  File \"/home/lijiaxing/.conda/envs/api/lib/python3.10/site-packages/triton/language/semantic.py\", line 574, in arange\n    raise ValueError(\"arange's arguments must be of type tl.constexpr\")\nValueError: arange's arguments must be of type tl.constexpr\n\nThe above exception was the direct cause of 
2025-08-12 16:33:24,540 - openevolve.RemoteSpeedupEvaluator - INFO - [level1_93_masked_cumsum] âœ˜ wrong_answer
2025-08-12 16:33:24,540 - openevolve.evaluator - INFO - Evaluated program 04ba91ed-5ec2-4ac5-913a-5aa783c906ec in 2.87s: compiled=1.0000, correctness=0.0000, score=10.0000, stage=wrong_answer, verify_payload={'id': 'level1_93_masked_cumsum', 'result': {'compiled': True, 'correctness': False, 'metadata': {'hardware': 'NVIDIA L20Y', 'device': 'cuda:5', 'runtime_error': 'Traceback (most recent call last):\n  File "/home/lijiaxing/.conda/envs/api/lib/python3.10/site-packages/triton/language/core.py", line 42, in wrapper\n    return fn(*args, **kwargs)\n  File "/home/lijiaxing/.conda/envs/api/lib/python3.10/site-packages/triton/language/core.py", line 1654, in arange\n    return _semantic.arange(start, end)\n  File "/home/lijiaxing/.conda/envs/api/lib/python3.10/site-packages/triton/language/semantic.py", line 574, in arange\n    raise ValueError("arange\'s arguments must be of type tl.constexpr")\nValueError: arange\'s arguments must be of type tl.constexpr\n\nThe above exception was the direct cause of the following exception:\n\nTraceback (most recent call last):\n  File "/cpfs01/shared/llm_kernel/hujiakai/KernelLLM/validation_api_server/helpers/evaluations.py", line 720, in run_and_check_correctness\n    output_new = model_new(*inputs)\n  File "/home/lijiaxing/.conda/envs/api/lib/python3.10/site-packages/torch/nn/modules/module.py", line 1773, in _wrapped_call_impl\n    return self._call_impl(*args, **kwargs)\n  File "/home/lijiaxing/.conda/envs/api/lib/python3.10/site-packages/torch/nn/modules/module.py", line 1784, in _call_impl\n    return forward_call(*args, **kwargs)\n  File "/tmp/tmpll_poqju.py", line 37, in forward\n    _masked_cumsum_kernel[grid](\n  File "/home/lijiaxing/.conda/envs/api/lib/python3.10/site-packages/triton/runtime/jit.py", line 390, in <lambda>\n    return lambda *args, **kwargs: self.run(grid=grid, warmup=False, *args, **kwargs)\n  File "/home/lijiaxing/.conda/envs/api/lib/python3.10/site-packages/triton/runtime/jit.py", line 594, in run\n    kernel = self.compile(src, target=target, options=options.__dict__)\n  File "/home/lijiaxing/.conda/envs/api/lib/python3.10/site-packages/triton/compiler/compiler.py", line 339, in compile\n    module = src.make_ir(options, codegen_fns, module_map, context)\n  File "/home/lijiaxing/.conda/envs/api/lib/python3.10/site-packages/triton/compiler/compiler.py", line 83, in make_ir\n    return ast_to_ttir(self.fn, self, context=context, options=options, codegen_fns=codegen_fns,\ntriton.compiler.errors.CompilationError: at 15:30:\n    output_ptr,\n    stride_batch,\n    stride_row,\n    seq_len,\n):\n    row_idx = tl.program_id(0)\n    base = row_idx * stride_batch\n    total = 0.0\n    VECTOR_SIZE = 4\n    for j in range(0, seq_len, VECTOR_SIZE):\n        # Create a vector of offsets\n        offsets = base + (j + tl.arange(0, VECTOR_SIZE)) * stride_row\n                              ^\n\n\nThe above exception was the direct cause of the following exception:\n\nTraceback (most recent call last):\n  File "/home/lijiaxing/.conda/envs/api/lib/python3.10/site-packages/triton/language/core.py", line 42, in wrapper\n    return fn(*args, **kwargs)\n  File "/home/lijiaxing/.conda/envs/api/lib/python3.10/site-packages/triton/language/core.py", line 1654, in arange\n    return _semantic.arange(start, end)\n  File "/home/lijiaxing/.conda/envs/api/lib/python3.10/site-packages/triton/language/semantic.py", line 574, in arange\n    raise ValueError("arange\'s arguments must be of type tl.constexpr")\nValueError: arange\'s arguments must be of type tl.constexpr\n', 'runtime_error_name': 'triton.compiler.errors.CompilationError', 'reference_timing_ms': 0.0235, 'speed_up': -1.0, 'custom_timing': -1.0}, 'runtime': -1.0, 'runtime_stats': {}}}
2025-08-12 16:33:24,544 - openevolve.llm.ensemble - INFO - Sampled model: deepseek
2025-08-12 16:33:24,596 - openevolve.threaded_parallel - INFO - Iteration 8: Program 04ba91ed-5ec2-4ac5-913a-5aa783c906ec (parent: 18475ef5-452d-403c-801a-edb93c4a547f) completed in 820.25s
2025-08-12 16:33:24,596 - openevolve.threaded_parallel - INFO - Metrics: compiled=1.0000, correctness=0.0000, score=10.0000, stage=wrong_answer, verify_payload={'id': 'level1_93_masked_cumsum', 'result': {'compiled': True, 'correctness': False, 'metadata': {'hardware': 'NVIDIA L20Y', 'device': 'cuda:5', 'runtime_error': 'Traceback (most recent call last):\n  File "/home/lijiaxing/.conda/envs/api/lib/python3.10/site-packages/triton/language/core.py", line 42, in wrapper\n    return fn(*args, **kwargs)\n  File "/home/lijiaxing/.conda/envs/api/lib/python3.10/site-packages/triton/language/core.py", line 1654, in arange\n    return _semantic.arange(start, end)\n  File "/home/lijiaxing/.conda/envs/api/lib/python3.10/site-packages/triton/language/semantic.py", line 574, in arange\n    raise ValueError("arange\'s arguments must be of type tl.constexpr")\nValueError: arange\'s arguments must be of type tl.constexpr\n\nThe above exception was the direct cause of the following exception:\n\nTraceback (most recent call last):\n  File "/cpfs01/shared/llm_kernel/hujiakai/KernelLLM/validation_api_server/helpers/evaluations.py", line 720, in run_and_check_correctness\n    output_new = model_new(*inputs)\n  File "/home/lijiaxing/.conda/envs/api/lib/python3.10/site-packages/torch/nn/modules/module.py", line 1773, in _wrapped_call_impl\n    return self._call_impl(*args, **kwargs)\n  File "/home/lijiaxing/.conda/envs/api/lib/python3.10/site-packages/torch/nn/modules/module.py", line 1784, in _call_impl\n    return forward_call(*args, **kwargs)\n  File "/tmp/tmpll_poqju.py", line 37, in forward\n    _masked_cumsum_kernel[grid](\n  File "/home/lijiaxing/.conda/envs/api/lib/python3.10/site-packages/triton/runtime/jit.py", line 390, in <lambda>\n    return lambda *args, **kwargs: self.run(grid=grid, warmup=False, *args, **kwargs)\n  File "/home/lijiaxing/.conda/envs/api/lib/python3.10/site-packages/triton/runtime/jit.py", line 594, in run\n    kernel = self.compile(src, target=target, options=options.__dict__)\n  File "/home/lijiaxing/.conda/envs/api/lib/python3.10/site-packages/triton/compiler/compiler.py", line 339, in compile\n    module = src.make_ir(options, codegen_fns, module_map, context)\n  File "/home/lijiaxing/.conda/envs/api/lib/python3.10/site-packages/triton/compiler/compiler.py", line 83, in make_ir\n    return ast_to_ttir(self.fn, self, context=context, options=options, codegen_fns=codegen_fns,\ntriton.compiler.errors.CompilationError: at 15:30:\n    output_ptr,\n    stride_batch,\n    stride_row,\n    seq_len,\n):\n    row_idx = tl.program_id(0)\n    base = row_idx * stride_batch\n    total = 0.0\n    VECTOR_SIZE = 4\n    for j in range(0, seq_len, VECTOR_SIZE):\n        # Create a vector of offsets\n        offsets = base + (j + tl.arange(0, VECTOR_SIZE)) * stride_row\n                              ^\n\n\nThe above exception was the direct cause of the following exception:\n\nTraceback (most recent call last):\n  File "/home/lijiaxing/.conda/envs/api/lib/python3.10/site-packages/triton/language/core.py", line 42, in wrapper\n    return fn(*args, **kwargs)\n  File "/home/lijiaxing/.conda/envs/api/lib/python3.10/site-packages/triton/language/core.py", line 1654, in arange\n    return _semantic.arange(start, end)\n  File "/home/lijiaxing/.conda/envs/api/lib/python3.10/site-packages/triton/language/semantic.py", line 574, in arange\n    raise ValueError("arange\'s arguments must be of type tl.constexpr")\nValueError: arange\'s arguments must be of type tl.constexpr\n', 'runtime_error_name': 'triton.compiler.errors.CompilationError', 'reference_timing_ms': 0.0235, 'speed_up': -1.0, 'custom_timing': -1.0}, 'runtime': -1.0, 'runtime_stats': {}}}
2025-08-12 16:36:07,949 - openevolve.RemoteSpeedupEvaluator - INFO - [level1_93_masked_cumsum] triton key words check pass
2025-08-12 16:36:07,950 - openevolve.RemoteSpeedupEvaluator - INFO - [level1_93_masked_cumsum] verify_plus payload: reference_code(975 chars) + custom_code(1836 chars)
2025-08-12 16:36:10,913 - openevolve.RemoteSpeedupEvaluator - INFO - [level1_93_masked_cumsum] verify_plus request success
2025-08-12 16:36:10,913 - openevolve.RemoteSpeedupEvaluator - INFO - [level1_93_masked_cumsum] verify_plus response: {"id":"level1_93_masked_cumsum","result":{"compiled":true,"correctness":true,"metadata":{"hardware":"NVIDIA L20Y","device":"cuda:4","correctness_trials":"(5 / 5)","reference_timing_ms":0.0235,"speed_up":0.473,"custom_timing":0.0497},"runtime":0.0497,"runtime_stats":{"mean":0.0497,"std":0.00602,"min":0.0406,"max":0.073,"num_trials":100,"hardware":"NVIDIA L20Y","device":"cuda:4"}}}
2025-08-12 16:36:10,913 - openevolve.RemoteSpeedupEvaluator - INFO - [level1_93_masked_cumsum] âœ” success | speed_up=0.473  score=20.00
2025-08-12 16:36:10,914 - openevolve.evaluator - INFO - Evaluated program c60e0ebc-3083-49bf-8191-8d51461996bb in 2.96s: compiled=1.0000, correctness=1.0000, stage=success, passed=0.0000, score=20.0000, speed_up=0.4730, runtime_ms=0.0497, meta={'hardware': 'NVIDIA L20Y', 'device': 'cuda:4', 'correctness_trials': '(5 / 5)', 'reference_timing_ms': 0.0235, 'speed_up': 0.473, 'custom_timing': 0.0497}
2025-08-12 16:36:10,916 - openevolve.llm.ensemble - INFO - Sampled model: deepseek
2025-08-12 16:36:10,929 - openevolve.threaded_parallel - INFO - Iteration 13: Program c60e0ebc-3083-49bf-8191-8d51461996bb (parent: 3d022536-1ae6-4639-a05c-58f5083ea21f) completed in 166.37s
2025-08-12 16:36:10,930 - openevolve.threaded_parallel - INFO - Metrics: compiled=1.0000, correctness=1.0000, stage=success, passed=0.0000, score=20.0000, speed_up=0.4730, runtime_ms=0.0497, meta={'hardware': 'NVIDIA L20Y', 'device': 'cuda:4', 'correctness_trials': '(5 / 5)', 'reference_timing_ms': 0.0235, 'speed_up': 0.473, 'custom_timing': 0.0497}
2025-08-12 16:38:23,025 - openevolve.RemoteSpeedupEvaluator - INFO - [level1_93_masked_cumsum] âœ˜ invalid_answer 'import triton' is not found
2025-08-12 16:38:23,026 - openevolve.evaluator - INFO - Evaluated program 9f29bfc0-7ba4-4190-8c84-f3d4b8f43e96 in 0.00s: compiled=0.0000, correctness=0.0000, score=-100.0000, stage=no_valid_triton_code, feedback=You need to generate real and valid triton code for the core function. The key word 'import triton' is not found.
2025-08-12 16:38:23,030 - openevolve.llm.ensemble - INFO - Sampled model: deepseek
2025-08-12 16:38:23,033 - openevolve.database - INFO - New MAP-Elites cell occupied: {'score': -1000, 'complexity': 9}
2025-08-12 16:38:23,044 - openevolve.threaded_parallel - INFO - Iteration 12: Program 9f29bfc0-7ba4-4190-8c84-f3d4b8f43e96 (parent: 9f813bfb-5027-4211-8da2-0d97a8b552f0) completed in 554.58s
2025-08-12 16:38:23,045 - openevolve.threaded_parallel - INFO - Metrics: compiled=0.0000, correctness=0.0000, score=-100.0000, stage=no_valid_triton_code, feedback=You need to generate real and valid triton code for the core function. The key word 'import triton' is not found.
2025-08-12 16:38:23,045 - openevolve.threaded_parallel - INFO - Checkpoint interval reached at iteration 12
2025-08-12 16:38:23,046 - openevolve.database - INFO - Island Status:
2025-08-12 16:38:23,046 - openevolve.database - INFO -  * Island 0: 6 programs, best=20.0000, avg=-8.3333, diversity=457.23, gen=5 (best: a4e9399a-a758-485b-82db-bae262180e21)
2025-08-12 16:38:23,046 - openevolve.database - INFO -    Island 1: 4 programs, best=20.0000, avg=17.5000, diversity=57.78, gen=4 (best: 18475ef5-452d-403c-801a-edb93c4a547f)
2025-08-12 16:38:23,046 - openevolve.database - INFO -    Island 2: 4 programs, best=20.0000, avg=-15.0000, diversity=563.72, gen=4 (best: 9f813bfb-5027-4211-8da2-0d97a8b552f0)
2025-08-12 16:38:23,196 - openevolve.database - INFO - Saved database with 14 programs to openevolve_output/level1_93_masked_cumsum/checkpoints/checkpoint_12
2025-08-12 16:38:23,206 - openevolve.controller - INFO - Saved best program at checkpoint 12 with metrics: compiled=1.0000, correctness=1.0000, stage=success, passed=0.0000, score=20.0000, speed_up=0.1030, runtime_ms=0.2280, meta={'hardware': 'NVIDIA L20Y', 'device': 'cuda:4', 'correctness_trials': '(5 / 5)', 'reference_timing_ms': 0.0235, 'speed_up': 0.103, 'custom_timing': 0.228}
2025-08-12 16:38:23,206 - openevolve.controller - INFO - Saved checkpoint at iteration 12 to openevolve_output/level1_93_masked_cumsum/checkpoints/checkpoint_12
2025-08-12 16:39:04,908 - openevolve.RemoteSpeedupEvaluator - INFO - [level1_93_masked_cumsum] triton key words check pass
2025-08-12 16:39:04,908 - openevolve.RemoteSpeedupEvaluator - INFO - [level1_93_masked_cumsum] verify_plus payload: reference_code(975 chars) + custom_code(2161 chars)
2025-08-12 16:39:07,952 - openevolve.RemoteSpeedupEvaluator - INFO - [level1_93_masked_cumsum] verify_plus request success
2025-08-12 16:39:07,953 - openevolve.RemoteSpeedupEvaluator - INFO - [level1_93_masked_cumsum] verify_plus response: {"id":"level1_93_masked_cumsum","result":{"compiled":true,"correctness":true,"metadata":{"hardware":"NVIDIA L20Y","device":"cuda:7","correctness_trials":"(5 / 5)","reference_timing_ms":0.0235,"speed_up":0.538,"custom_timing":0.0437},"runtime":0.0437,"runtime_stats":{"mean":0.0437,"std":0.00289,"min":0.0411,"max":0.0593,"num_trials":100,"hardware":"NVIDIA L20Y","device":"cuda:7"}}}
2025-08-12 16:39:07,953 - openevolve.RemoteSpeedupEvaluator - INFO - [level1_93_masked_cumsum] âœ” success | speed_up=0.538  score=20.00
2025-08-12 16:39:07,953 - openevolve.evaluator - INFO - Evaluated program 794f24eb-dbdb-4666-8bbe-2e4d01877ccb in 3.05s: compiled=1.0000, correctness=1.0000, stage=success, passed=0.0000, score=20.0000, speed_up=0.5380, runtime_ms=0.0437, meta={'hardware': 'NVIDIA L20Y', 'device': 'cuda:7', 'correctness_trials': '(5 / 5)', 'reference_timing_ms': 0.0235, 'speed_up': 0.538, 'custom_timing': 0.0437}
2025-08-12 16:39:07,957 - openevolve.llm.ensemble - INFO - Sampled model: deepseek
2025-08-12 16:39:07,963 - openevolve.database - INFO - New MAP-Elites cell occupied: {'score': 9, 'complexity': 2}
2025-08-12 16:39:07,975 - openevolve.threaded_parallel - INFO - Iteration 14: Program 794f24eb-dbdb-4666-8bbe-2e4d01877ccb (parent: 9c48d2bb-06fe-4df2-a11d-66dfa269036b) completed in 177.04s
2025-08-12 16:39:07,975 - openevolve.threaded_parallel - INFO - Metrics: compiled=1.0000, correctness=1.0000, stage=success, passed=0.0000, score=20.0000, speed_up=0.5380, runtime_ms=0.0437, meta={'hardware': 'NVIDIA L20Y', 'device': 'cuda:7', 'correctness_trials': '(5 / 5)', 'reference_timing_ms': 0.0235, 'speed_up': 0.538, 'custom_timing': 0.0437}
2025-08-12 16:39:22,268 - openevolve.RemoteSpeedupEvaluator - INFO - [level1_93_masked_cumsum] triton key words check pass
2025-08-12 16:39:22,268 - openevolve.RemoteSpeedupEvaluator - INFO - [level1_93_masked_cumsum] verify_plus payload: reference_code(975 chars) + custom_code(3154 chars)
2025-08-12 16:39:25,216 - openevolve.RemoteSpeedupEvaluator - INFO - [level1_93_masked_cumsum] verify_plus request success
2025-08-12 16:39:25,217 - openevolve.RemoteSpeedupEvaluator - INFO - [level1_93_masked_cumsum] verify_plus response: {"id":"level1_93_masked_cumsum","result":{"compiled":true,"correctness":false,"metadata":{"hardware":"NVIDIA L20Y","device":"cuda:2","runtime_error":"Traceback (most recent call last):\n  File \"/cpfs01/shared/llm_kernel/hujiakai/KernelLLM/validation_api_server/helpers/evaluations.py\", line 720, in run_and_check_correctness\n    output_new = model_new(*inputs)\n  File \"/home/lijiaxing/.conda/envs/api/lib/python3.10/site-packages/torch/nn/modules/module.py\", line 1773, in _wrapped_call_impl\n    return self._call_impl(*args, **kwargs)\n  File \"/home/lijiaxing/.conda/envs/api/lib/python3.10/site-packages/torch/nn/modules/module.py\", line 1784, in _call_impl\n    return forward_call(*args, **kwargs)\n  File \"/tmp/tmpepksytic.py\", line 37, in forward\n    _masked_cumsum_kernel[grid](\n 
2025-08-12 16:39:25,217 - openevolve.RemoteSpeedupEvaluator - INFO - [level1_93_masked_cumsum] âœ˜ wrong_answer
2025-08-12 16:39:25,217 - openevolve.evaluator - INFO - Evaluated program 1deb85c2-e650-4135-a3fb-1a4b79e8e1b4 in 2.95s: compiled=1.0000, correctness=0.0000, score=10.0000, stage=wrong_answer, verify_payload={'id': 'level1_93_masked_cumsum', 'result': {'compiled': True, 'correctness': False, 'metadata': {'hardware': 'NVIDIA L20Y', 'device': 'cuda:2', 'runtime_error': 'Traceback (most recent call last):\n  File "/cpfs01/shared/llm_kernel/hujiakai/KernelLLM/validation_api_server/helpers/evaluations.py", line 720, in run_and_check_correctness\n    output_new = model_new(*inputs)\n  File "/home/lijiaxing/.conda/envs/api/lib/python3.10/site-packages/torch/nn/modules/module.py", line 1773, in _wrapped_call_impl\n    return self._call_impl(*args, **kwargs)\n  File "/home/lijiaxing/.conda/envs/api/lib/python3.10/site-packages/torch/nn/modules/module.py", line 1784, in _call_impl\n    return forward_call(*args, **kwargs)\n  File "/tmp/tmpepksytic.py", line 37, in forward\n    _masked_cumsum_kernel[grid](\n  File "/home/lijiaxing/.conda/envs/api/lib/python3.10/site-packages/triton/runtime/jit.py", line 390, in <lambda>\n    return lambda *args, **kwargs: self.run(grid=grid, warmup=False, *args, **kwargs)\n  File "/home/lijiaxing/.conda/envs/api/lib/python3.10/site-packages/triton/runtime/jit.py", line 594, in run\n    kernel = self.compile(src, target=target, options=options.__dict__)\n  File "/home/lijiaxing/.conda/envs/api/lib/python3.10/site-packages/triton/compiler/compiler.py", line 339, in compile\n    module = src.make_ir(options, codegen_fns, module_map, context)\n  File "/home/lijiaxing/.conda/envs/api/lib/python3.10/site-packages/triton/compiler/compiler.py", line 83, in make_ir\n    return ast_to_ttir(self.fn, self, context=context, options=options, codegen_fns=codegen_fns,\ntriton.compiler.errors.UnsupportedLanguageConstruct: at 18:22:\n    seq_len,\n):\n    row_idx = tl.program_id(0)\n    base = row_idx * stride_batch\n    total = 0.0\n    j = 0\n    # Process 4 elements at a time for better vectorization\n    while j < seq_len:\n        remaining = seq_len - j\n        if remaining >= 4:\n            # Load and process 4 elements simultaneously\n            offsets = [base + (j + k) * stride_row for k in range(4)]\n                      ^\nunsupported AST node type: ListComp\n', 'runtime_error_name': 'triton.compiler.errors.UnsupportedLanguageConstruct', 'reference_timing_ms': 0.0235, 'speed_up': -1.0, 'custom_timing': -1.0}, 'runtime': -1.0, 'runtime_stats': {}}}
2025-08-12 16:39:25,220 - openevolve.llm.ensemble - INFO - Sampled model: deepseek
2025-08-12 16:39:25,225 - openevolve.database - INFO - New MAP-Elites cell occupied: {'score': 9, 'complexity': 4}
2025-08-12 16:39:25,237 - openevolve.threaded_parallel - INFO - Iteration 11: Program 1deb85c2-e650-4135-a3fb-1a4b79e8e1b4 (parent: 18475ef5-452d-403c-801a-edb93c4a547f) completed in 949.44s
2025-08-12 16:39:25,237 - openevolve.threaded_parallel - INFO - Metrics: compiled=1.0000, correctness=0.0000, score=10.0000, stage=wrong_answer, verify_payload={'id': 'level1_93_masked_cumsum', 'result': {'compiled': True, 'correctness': False, 'metadata': {'hardware': 'NVIDIA L20Y', 'device': 'cuda:2', 'runtime_error': 'Traceback (most recent call last):\n  File "/cpfs01/shared/llm_kernel/hujiakai/KernelLLM/validation_api_server/helpers/evaluations.py", line 720, in run_and_check_correctness\n    output_new = model_new(*inputs)\n  File "/home/lijiaxing/.conda/envs/api/lib/python3.10/site-packages/torch/nn/modules/module.py", line 1773, in _wrapped_call_impl\n    return self._call_impl(*args, **kwargs)\n  File "/home/lijiaxing/.conda/envs/api/lib/python3.10/site-packages/torch/nn/modules/module.py", line 1784, in _call_impl\n    return forward_call(*args, **kwargs)\n  File "/tmp/tmpepksytic.py", line 37, in forward\n    _masked_cumsum_kernel[grid](\n  File "/home/lijiaxing/.conda/envs/api/lib/python3.10/site-packages/triton/runtime/jit.py", line 390, in <lambda>\n    return lambda *args, **kwargs: self.run(grid=grid, warmup=False, *args, **kwargs)\n  File "/home/lijiaxing/.conda/envs/api/lib/python3.10/site-packages/triton/runtime/jit.py", line 594, in run\n    kernel = self.compile(src, target=target, options=options.__dict__)\n  File "/home/lijiaxing/.conda/envs/api/lib/python3.10/site-packages/triton/compiler/compiler.py", line 339, in compile\n    module = src.make_ir(options, codegen_fns, module_map, context)\n  File "/home/lijiaxing/.conda/envs/api/lib/python3.10/site-packages/triton/compiler/compiler.py", line 83, in make_ir\n    return ast_to_ttir(self.fn, self, context=context, options=options, codegen_fns=codegen_fns,\ntriton.compiler.errors.UnsupportedLanguageConstruct: at 18:22:\n    seq_len,\n):\n    row_idx = tl.program_id(0)\n    base = row_idx * stride_batch\n    total = 0.0\n    j = 0\n    # Process 4 elements at a time for better vectorization\n    while j < seq_len:\n        remaining = seq_len - j\n        if remaining >= 4:\n            # Load and process 4 elements simultaneously\n            offsets = [base + (j + k) * stride_row for k in range(4)]\n                      ^\nunsupported AST node type: ListComp\n', 'runtime_error_name': 'triton.compiler.errors.UnsupportedLanguageConstruct', 'reference_timing_ms': 0.0235, 'speed_up': -1.0, 'custom_timing': -1.0}, 'runtime': -1.0, 'runtime_stats': {}}}
2025-08-12 16:43:02,257 - openevolve.RemoteSpeedupEvaluator - INFO - [level1_93_masked_cumsum] âœ˜ invalid_answer 'import triton' is not found
2025-08-12 16:43:02,258 - openevolve.evaluator - INFO - Evaluated program c0d29309-a813-4fc7-82b4-ba6163372aaf in 0.00s: compiled=0.0000, correctness=0.0000, score=-100.0000, stage=no_valid_triton_code, feedback=You need to generate real and valid triton code for the core function. The key word 'import triton' is not found.
2025-08-12 16:43:02,260 - openevolve.llm.ensemble - INFO - Sampled model: deepseek
2025-08-12 16:43:02,278 - openevolve.threaded_parallel - INFO - Iteration 15: Program c0d29309-a813-4fc7-82b4-ba6163372aaf (parent: 2daf85fb-c6e8-43f4-bf7f-f205d96abe09) completed in 279.23s
2025-08-12 16:43:02,278 - openevolve.threaded_parallel - INFO - Metrics: compiled=0.0000, correctness=0.0000, score=-100.0000, stage=no_valid_triton_code, feedback=You need to generate real and valid triton code for the core function. The key word 'import triton' is not found.
2025-08-12 16:43:02,278 - openevolve.threaded_parallel - INFO - Checkpoint interval reached at iteration 15
2025-08-12 16:43:02,279 - openevolve.database - INFO - Island Status:
2025-08-12 16:43:02,279 - openevolve.database - INFO -  * Island 0: 7 programs, best=20.0000, avg=-4.2857, diversity=376.57, gen=6 (best: a4e9399a-a758-485b-82db-bae262180e21)
2025-08-12 16:43:02,279 - openevolve.database - INFO -    Island 1: 5 programs, best=20.0000, avg=16.0000, diversity=239.40, gen=5 (best: 18475ef5-452d-403c-801a-edb93c4a547f)
2025-08-12 16:43:02,279 - openevolve.database - INFO -    Island 2: 5 programs, best=20.0000, avg=-32.0000, diversity=669.43, gen=5 (best: 9f813bfb-5027-4211-8da2-0d97a8b552f0)
2025-08-12 16:43:02,612 - openevolve.database - INFO - Saved database with 17 programs to openevolve_output/level1_93_masked_cumsum/checkpoints/checkpoint_15
2025-08-12 16:43:02,621 - openevolve.controller - INFO - Saved best program at checkpoint 15 with metrics: compiled=1.0000, correctness=1.0000, stage=success, passed=0.0000, score=20.0000, speed_up=0.1030, runtime_ms=0.2280, meta={'hardware': 'NVIDIA L20Y', 'device': 'cuda:4', 'correctness_trials': '(5 / 5)', 'reference_timing_ms': 0.0235, 'speed_up': 0.103, 'custom_timing': 0.228}
2025-08-12 16:43:02,622 - openevolve.controller - INFO - Saved checkpoint at iteration 15 to openevolve_output/level1_93_masked_cumsum/checkpoints/checkpoint_15
2025-08-12 16:46:41,548 - openevolve.RemoteSpeedupEvaluator - INFO - [level1_93_masked_cumsum] triton key words check pass
2025-08-12 16:46:41,549 - openevolve.RemoteSpeedupEvaluator - INFO - [level1_93_masked_cumsum] verify_plus payload: reference_code(975 chars) + custom_code(2849 chars)
2025-08-12 16:46:44,489 - openevolve.RemoteSpeedupEvaluator - INFO - [level1_93_masked_cumsum] verify_plus request success
2025-08-12 16:46:44,490 - openevolve.RemoteSpeedupEvaluator - INFO - [level1_93_masked_cumsum] verify_plus response: {"id":"level1_93_masked_cumsum","result":{"compiled":true,"correctness":false,"metadata":{"hardware":"NVIDIA L20Y","device":"cuda:3","runtime_error":"Traceback (most recent call last):\n  File \"/home/lijiaxing/.conda/envs/api/lib/python3.10/site-packages/triton/language/core.py\", line 42, in wrapper\n    return fn(*args, **kwargs)\n  File \"/home/lijiaxing/.conda/envs/api/lib/python3.10/site-packages/triton/language/core.py\", line 2727, in associative_scan\n    return associative_scan((input, ), axis, combine_fn, reverse, _semantic=_semantic, _generator=_generator)[0]\n  File \"/home/lijiaxing/.conda/envs/api/lib/python3.10/site-packages/triton/language/core.py\", line 42, in wrapper\n    return fn(*args, **kwargs)\n  File \"/home/lijiaxing/.conda/envs/api/lib/python3.10/site-packages/t
2025-08-12 16:46:44,490 - openevolve.RemoteSpeedupEvaluator - INFO - [level1_93_masked_cumsum] âœ˜ wrong_answer
2025-08-12 16:46:44,490 - openevolve.evaluator - INFO - Evaluated program 883f06bc-47f5-4a28-916c-6ef98b742ca7 in 2.94s: compiled=1.0000, correctness=0.0000, score=10.0000, stage=wrong_answer, verify_payload={'id': 'level1_93_masked_cumsum', 'result': {'compiled': True, 'correctness': False, 'metadata': {'hardware': 'NVIDIA L20Y', 'device': 'cuda:3', 'runtime_error': 'Traceback (most recent call last):\n  File "/home/lijiaxing/.conda/envs/api/lib/python3.10/site-packages/triton/language/core.py", line 42, in wrapper\n    return fn(*args, **kwargs)\n  File "/home/lijiaxing/.conda/envs/api/lib/python3.10/site-packages/triton/language/core.py", line 2727, in associative_scan\n    return associative_scan((input, ), axis, combine_fn, reverse, _semantic=_semantic, _generator=_generator)[0]\n  File "/home/lijiaxing/.conda/envs/api/lib/python3.10/site-packages/triton/language/core.py", line 42, in wrapper\n    return fn(*args, **kwargs)\n  File "/home/lijiaxing/.conda/envs/api/lib/python3.10/site-packages/triton/language/core.py", line 2747, in associative_scan\n    return _semantic.associative_scan(input, axis, make_combine_region, reverse)\n  File "/home/lijiaxing/.conda/envs/api/lib/python3.10/site-packages/triton/language/semantic.py", line 1685, in associative_scan\n    region_builder_fn(scan_op)\n  File "/home/lijiaxing/.conda/envs/api/lib/python3.10/site-packages/triton/language/core.py", line 2737, in make_combine_region\n    results = _generator.call_JitFunction(combine_fn, args, kwargs={})\nAttributeError: \'constexpr\' object has no attribute \'fn\'\n\nThe above exception was the direct cause of the following exception:\n\nTraceback (most recent call last):\n  File "/cpfs01/shared/llm_kernel/hujiakai/KernelLLM/validation_api_server/helpers/evaluations.py", line 720, in run_and_check_correctness\n    output_new = model_new(*inputs)\n  File "/home/lijiaxing/.conda/envs/api/lib/python3.10/site-packages/torch/nn/modules/module.py", line 1773, in _wrapped_call_impl\n    return self._call_impl(*args, **kwargs)\n  File "/home/lijiaxing/.conda/envs/api/lib/python3.10/site-packages/torch/nn/modules/module.py", line 1784, in _call_impl\n    return forward_call(*args, **kwargs)\n  File "/tmp/tmpcj6qokxd.py", line 67, in forward\n    _masked_cumsum_kernel[grid](\n  File "/home/lijiaxing/.conda/envs/api/lib/python3.10/site-packages/triton/runtime/jit.py", line 390, in <lambda>\n    return lambda *args, **kwargs: self.run(grid=grid, warmup=False, *args, **kwargs)\n  File "/home/lijiaxing/.conda/envs/api/lib/python3.10/site-packages/triton/runtime/autotuner.py", line 239, in run\n    benchmark()\n  File "/home/lijiaxing/.conda/envs/api/lib/python3.10/site-packages/triton/runtime/autotuner.py", line 228, in benchmark\n    timings = {config: self._bench(*args, config=config, **kwargs) for config in pruned_configs}\n  File "/home/lijiaxing/.conda/envs/api/lib/python3.10/site-packages/triton/runtime/autotuner.py", line 228, in <dictcomp>\n    timings = {config: self._bench(*args, config=config, **kwargs) for config in pruned_configs}\n  File "/home/lijiaxing/.conda/envs/api/lib/python3.10/site-packages/triton/runtime/autotuner.py", line 160, in _bench\n    return self.do_bench(kernel_call, quantiles=(0.5, 0.2, 0.8))\n  File "/home/lijiaxing/.conda/envs/api/lib/python3.10/site-packages/triton/testing.py", line 149, in do_bench\n    fn()\n  File "/home/lijiaxing/.conda/envs/api/lib/python3.10/site-packages/triton/runtime/autotuner.py", line 146, in kernel_call\n    self.fn.run(\n  File "/home/lijiaxing/.conda/envs/api/lib/python3.10/site-packages/triton/runtime/jit.py", line 594, in run\n    kernel = self.compile(src, target=target, options=options.__dict__)\n  File "/home/lijiaxing/.conda/envs/api/lib/python3.10/site-packages/triton/compiler/compiler.py", line 339, in compile\n    module = src.make_ir(options, codegen_fns, module_map, context)\n  File "/home/lijiaxing/.conda/envs/api/lib/python3.10/site-packages/triton/compiler/compiler.py", line 83, in make_ir\n    return ast_to_ttir(self.fn, self, context=context, options=options, codegen_fns=codegen_fns,\ntriton.compiler.errors.CompilationError: at 16:13:\n    n_cols,\n    stride,\n    BLOCK_SIZE: tl.constexpr\n):\n    row_idx = tl.program_id(0)\n    start = row_idx * stride\n    offsets = start + tl.arange(0, BLOCK_SIZE)\n    mask_boundary = tl.arange(0, BLOCK_SIZE) < n_cols\n    x = tl.load(x_ptr + offsets, mask=mask_boundary, other=0.0, cache_modifier=".cg")\n    m = tl.load(mask_ptr + offsets, mask=mask_boundary, other=False, cache_modifier=".cg").to(tl.float32)\n    vals = x * m\n    cumsum = tl.associative_scan(vals, 0, "add")\n             ^\n\n\nThe above exception was the direct cause of the following exception:\n\nTraceback (most recent call last):\n  File "/home/lijiaxing/.conda/envs/api/lib/python3.10/site-packages/triton/language/core.py", line 42, in wrapper\n    return fn(*args, **kwargs)\n  File "/home/lijiaxing/.conda/envs/api/lib/python3.10/site-packages/triton/language/core.py", line 2727, in associative_scan\n    return associative_scan((input, ), axis, combine_fn, reverse, _semantic=_semantic, _generator=_generator)[0]\n  File "/home/lijiaxing/.conda/envs/api/lib/python3.10/site-packages/triton/language/core.py", line 42, in wrapper\n    return fn(*args, **kwargs)\n  File "/home/lijiaxing/.conda/envs/api/lib/python3.10/site-packages/triton/language/core.py", line 2747, in associative_scan\n    return _semantic.associative_scan(input, axis, make_combine_region, reverse)\n  File "/home/lijiaxing/.conda/envs/api/lib/python3.10/site-packages/triton/language/semantic.py", line 1685, in associative_scan\n    region_builder_fn(scan_op)\n  File "/home/lijiaxing/.conda/envs/api/lib/python3.10/site-packages/triton/language/core.py", line 2737, in make_combine_region\n    results = _generator.call_JitFunction(combine_fn, args, kwargs={})\nAttributeError: \'constexpr\' object has no attribute \'fn\'\n', 'runtime_error_name': 'triton.compiler.errors.CompilationError', 'reference_timing_ms': 0.0235, 'speed_up': -1.0, 'custom_timing': -1.0}, 'runtime': -1.0, 'runtime_stats': {}}}
2025-08-12 16:46:44,496 - openevolve.llm.ensemble - INFO - Sampled model: deepseek
2025-08-12 16:46:44,654 - openevolve.threaded_parallel - INFO - Iteration 18: Program 883f06bc-47f5-4a28-916c-6ef98b742ca7 (parent: 9f813bfb-5027-4211-8da2-0d97a8b552f0) completed in 222.23s
2025-08-12 16:46:44,654 - openevolve.threaded_parallel - INFO - Metrics: compiled=1.0000, correctness=0.0000, score=10.0000, stage=wrong_answer, verify_payload={'id': 'level1_93_masked_cumsum', 'result': {'compiled': True, 'correctness': False, 'metadata': {'hardware': 'NVIDIA L20Y', 'device': 'cuda:3', 'runtime_error': 'Traceback (most recent call last):\n  File "/home/lijiaxing/.conda/envs/api/lib/python3.10/site-packages/triton/language/core.py", line 42, in wrapper\n    return fn(*args, **kwargs)\n  File "/home/lijiaxing/.conda/envs/api/lib/python3.10/site-packages/triton/language/core.py", line 2727, in associative_scan\n    return associative_scan((input, ), axis, combine_fn, reverse, _semantic=_semantic, _generator=_generator)[0]\n  File "/home/lijiaxing/.conda/envs/api/lib/python3.10/site-packages/triton/language/core.py", line 42, in wrapper\n    return fn(*args, **kwargs)\n  File "/home/lijiaxing/.conda/envs/api/lib/python3.10/site-packages/triton/language/core.py", line 2747, in associative_scan\n    return _semantic.associative_scan(input, axis, make_combine_region, reverse)\n  File "/home/lijiaxing/.conda/envs/api/lib/python3.10/site-packages/triton/language/semantic.py", line 1685, in associative_scan\n    region_builder_fn(scan_op)\n  File "/home/lijiaxing/.conda/envs/api/lib/python3.10/site-packages/triton/language/core.py", line 2737, in make_combine_region\n    results = _generator.call_JitFunction(combine_fn, args, kwargs={})\nAttributeError: \'constexpr\' object has no attribute \'fn\'\n\nThe above exception was the direct cause of the following exception:\n\nTraceback (most recent call last):\n  File "/cpfs01/shared/llm_kernel/hujiakai/KernelLLM/validation_api_server/helpers/evaluations.py", line 720, in run_and_check_correctness\n    output_new = model_new(*inputs)\n  File "/home/lijiaxing/.conda/envs/api/lib/python3.10/site-packages/torch/nn/modules/module.py", line 1773, in _wrapped_call_impl\n    return self._call_impl(*args, **kwargs)\n  File "/home/lijiaxing/.conda/envs/api/lib/python3.10/site-packages/torch/nn/modules/module.py", line 1784, in _call_impl\n    return forward_call(*args, **kwargs)\n  File "/tmp/tmpcj6qokxd.py", line 67, in forward\n    _masked_cumsum_kernel[grid](\n  File "/home/lijiaxing/.conda/envs/api/lib/python3.10/site-packages/triton/runtime/jit.py", line 390, in <lambda>\n    return lambda *args, **kwargs: self.run(grid=grid, warmup=False, *args, **kwargs)\n  File "/home/lijiaxing/.conda/envs/api/lib/python3.10/site-packages/triton/runtime/autotuner.py", line 239, in run\n    benchmark()\n  File "/home/lijiaxing/.conda/envs/api/lib/python3.10/site-packages/triton/runtime/autotuner.py", line 228, in benchmark\n    timings = {config: self._bench(*args, config=config, **kwargs) for config in pruned_configs}\n  File "/home/lijiaxing/.conda/envs/api/lib/python3.10/site-packages/triton/runtime/autotuner.py", line 228, in <dictcomp>\n    timings = {config: self._bench(*args, config=config, **kwargs) for config in pruned_configs}\n  File "/home/lijiaxing/.conda/envs/api/lib/python3.10/site-packages/triton/runtime/autotuner.py", line 160, in _bench\n    return self.do_bench(kernel_call, quantiles=(0.5, 0.2, 0.8))\n  File "/home/lijiaxing/.conda/envs/api/lib/python3.10/site-packages/triton/testing.py", line 149, in do_bench\n    fn()\n  File "/home/lijiaxing/.conda/envs/api/lib/python3.10/site-packages/triton/runtime/autotuner.py", line 146, in kernel_call\n    self.fn.run(\n  File "/home/lijiaxing/.conda/envs/api/lib/python3.10/site-packages/triton/runtime/jit.py", line 594, in run\n    kernel = self.compile(src, target=target, options=options.__dict__)\n  File "/home/lijiaxing/.conda/envs/api/lib/python3.10/site-packages/triton/compiler/compiler.py", line 339, in compile\n    module = src.make_ir(options, codegen_fns, module_map, context)\n  File "/home/lijiaxing/.conda/envs/api/lib/python3.10/site-packages/triton/compiler/compiler.py", line 83, in make_ir\n    return ast_to_ttir(self.fn, self, context=context, options=options, codegen_fns=codegen_fns,\ntriton.compiler.errors.CompilationError: at 16:13:\n    n_cols,\n    stride,\n    BLOCK_SIZE: tl.constexpr\n):\n    row_idx = tl.program_id(0)\n    start = row_idx * stride\n    offsets = start + tl.arange(0, BLOCK_SIZE)\n    mask_boundary = tl.arange(0, BLOCK_SIZE) < n_cols\n    x = tl.load(x_ptr + offsets, mask=mask_boundary, other=0.0, cache_modifier=".cg")\n    m = tl.load(mask_ptr + offsets, mask=mask_boundary, other=False, cache_modifier=".cg").to(tl.float32)\n    vals = x * m\n    cumsum = tl.associative_scan(vals, 0, "add")\n             ^\n\n\nThe above exception was the direct cause of the following exception:\n\nTraceback (most recent call last):\n  File "/home/lijiaxing/.conda/envs/api/lib/python3.10/site-packages/triton/language/core.py", line 42, in wrapper\n    return fn(*args, **kwargs)\n  File "/home/lijiaxing/.conda/envs/api/lib/python3.10/site-packages/triton/language/core.py", line 2727, in associative_scan\n    return associative_scan((input, ), axis, combine_fn, reverse, _semantic=_semantic, _generator=_generator)[0]\n  File "/home/lijiaxing/.conda/envs/api/lib/python3.10/site-packages/triton/language/core.py", line 42, in wrapper\n    return fn(*args, **kwargs)\n  File "/home/lijiaxing/.conda/envs/api/lib/python3.10/site-packages/triton/language/core.py", line 2747, in associative_scan\n    return _semantic.associative_scan(input, axis, make_combine_region, reverse)\n  File "/home/lijiaxing/.conda/envs/api/lib/python3.10/site-packages/triton/language/semantic.py", line 1685, in associative_scan\n    region_builder_fn(scan_op)\n  File "/home/lijiaxing/.conda/envs/api/lib/python3.10/site-packages/triton/language/core.py", line 2737, in make_combine_region\n    results = _generator.call_JitFunction(combine_fn, args, kwargs={})\nAttributeError: \'constexpr\' object has no attribute \'fn\'\n', 'runtime_error_name': 'triton.compiler.errors.CompilationError', 'reference_timing_ms': 0.0235, 'speed_up': -1.0, 'custom_timing': -1.0}, 'runtime': -1.0, 'runtime_stats': {}}}
2025-08-12 16:46:44,654 - openevolve.threaded_parallel - INFO - Checkpoint interval reached at iteration 18
2025-08-12 16:46:44,655 - openevolve.database - INFO - Island Status:
2025-08-12 16:46:44,655 - openevolve.database - INFO -    Island 0: 8 programs, best=20.0000, avg=-2.5000, diversity=376.57, gen=6 (best: a4e9399a-a758-485b-82db-bae262180e21)
2025-08-12 16:46:44,655 - openevolve.database - INFO -  * Island 1: 5 programs, best=20.0000, avg=16.0000, diversity=239.40, gen=6 (best: 18475ef5-452d-403c-801a-edb93c4a547f)
2025-08-12 16:46:44,655 - openevolve.database - INFO -    Island 2: 5 programs, best=20.0000, avg=-32.0000, diversity=669.43, gen=5 (best: 9f813bfb-5027-4211-8da2-0d97a8b552f0)
2025-08-12 16:46:44,911 - openevolve.database - INFO - Saved database with 18 programs to openevolve_output/level1_93_masked_cumsum/checkpoints/checkpoint_18
2025-08-12 16:46:44,921 - openevolve.controller - INFO - Saved best program at checkpoint 18 with metrics: compiled=1.0000, correctness=1.0000, stage=success, passed=0.0000, score=20.0000, speed_up=0.1030, runtime_ms=0.2280, meta={'hardware': 'NVIDIA L20Y', 'device': 'cuda:4', 'correctness_trials': '(5 / 5)', 'reference_timing_ms': 0.0235, 'speed_up': 0.103, 'custom_timing': 0.228}
2025-08-12 16:46:44,921 - openevolve.controller - INFO - Saved checkpoint at iteration 18 to openevolve_output/level1_93_masked_cumsum/checkpoints/checkpoint_18
2025-08-12 16:57:50,788 - openevolve.RemoteSpeedupEvaluator - INFO - [level1_93_masked_cumsum] triton key words check pass
2025-08-12 16:57:50,789 - openevolve.RemoteSpeedupEvaluator - INFO - [level1_93_masked_cumsum] verify_plus payload: reference_code(975 chars) + custom_code(2399 chars)
2025-08-12 16:57:53,715 - openevolve.RemoteSpeedupEvaluator - INFO - [level1_93_masked_cumsum] verify_plus request success
2025-08-12 16:57:53,715 - openevolve.RemoteSpeedupEvaluator - INFO - [level1_93_masked_cumsum] verify_plus response: {"id":"level1_93_masked_cumsum","result":{"compiled":true,"correctness":false,"metadata":{"hardware":"NVIDIA L20Y","device":"cuda:7","runtime_error":"Traceback (most recent call last):\n  File \"/cpfs01/shared/llm_kernel/hujiakai/KernelLLM/validation_api_server/helpers/evaluations.py\", line 720, in run_and_check_correctness\n    output_new = model_new(*inputs)\n  File \"/home/lijiaxing/.conda/envs/api/lib/python3.10/site-packages/torch/nn/modules/module.py\", line 1773, in _wrapped_call_impl\n    return self._call_impl(*args, **kwargs)\n  File \"/home/lijiaxing/.conda/envs/api/lib/python3.10/site-packages/torch/nn/modules/module.py\", line 1784, in _call_impl\n    return forward_call(*args, **kwargs)\n  File \"/tmp/tmpab0ve__w.py\", line 66, in forward\n    masked_cumsum_kernel[grid](\n  
2025-08-12 16:57:53,715 - openevolve.RemoteSpeedupEvaluator - INFO - [level1_93_masked_cumsum] âœ˜ wrong_answer
2025-08-12 16:57:53,716 - openevolve.evaluator - INFO - Evaluated program a227f3b9-8e99-465f-991a-c0fa0b1134b3 in 2.93s: compiled=1.0000, correctness=0.0000, score=10.0000, stage=wrong_answer, verify_payload={'id': 'level1_93_masked_cumsum', 'result': {'compiled': True, 'correctness': False, 'metadata': {'hardware': 'NVIDIA L20Y', 'device': 'cuda:7', 'runtime_error': 'Traceback (most recent call last):\n  File "/cpfs01/shared/llm_kernel/hujiakai/KernelLLM/validation_api_server/helpers/evaluations.py", line 720, in run_and_check_correctness\n    output_new = model_new(*inputs)\n  File "/home/lijiaxing/.conda/envs/api/lib/python3.10/site-packages/torch/nn/modules/module.py", line 1773, in _wrapped_call_impl\n    return self._call_impl(*args, **kwargs)\n  File "/home/lijiaxing/.conda/envs/api/lib/python3.10/site-packages/torch/nn/modules/module.py", line 1784, in _call_impl\n    return forward_call(*args, **kwargs)\n  File "/tmp/tmpab0ve__w.py", line 66, in forward\n    masked_cumsum_kernel[grid](\n  File "/home/lijiaxing/.conda/envs/api/lib/python3.10/site-packages/triton/runtime/jit.py", line 390, in <lambda>\n    return lambda *args, **kwargs: self.run(grid=grid, warmup=False, *args, **kwargs)\n  File "/home/lijiaxing/.conda/envs/api/lib/python3.10/site-packages/triton/runtime/jit.py", line 594, in run\n    kernel = self.compile(src, target=target, options=options.__dict__)\n  File "/home/lijiaxing/.conda/envs/api/lib/python3.10/site-packages/triton/compiler/compiler.py", line 339, in compile\n    module = src.make_ir(options, codegen_fns, module_map, context)\n  File "/home/lijiaxing/.conda/envs/api/lib/python3.10/site-packages/triton/compiler/compiler.py", line 83, in make_ir\n    return ast_to_ttir(self.fn, self, context=context, options=options, codegen_fns=codegen_fns,\ntriton.compiler.errors.CompilationError: at 35:11:\n        mask_val_vec = tl.load(mask_ptr + mask_start + offsets, mask=vec_mask, other=False)\n        mask_val_vec = mask_val_vec.to(tl.int1)\n\n        # Apply mask\n        x_masked_vec = tl.where(mask_val_vec, x_vec, 0.0)\n        tl.store(output_ptr + out_start + offsets, x_masked_vec, mask=vec_mask)\n\n    # Compute cumulative sum efficiently\n    cumsum = tl.zeros((BLOCK_SIZE,), dtype=tl.float32)\n    total = 0.0\n    for i in range(0, BLOCK_SIZE, 1):\n        if valid_mask[i]:\n           ^\nValueError(\'Did you forget to add @triton.jit ? (`_semantic` argument must be provided outside of JIT functions.)\')\n\n\nThe above exception was the direct cause of the following exception:\n\nTraceback (most recent call last):\n  File "/home/lijiaxing/.conda/envs/api/lib/python3.10/site-packages/triton/language/core.py", line 42, in wrapper\n    return fn(*args, **kwargs)\n  File "/home/lijiaxing/.conda/envs/api/lib/python3.10/site-packages/triton/language/core.py", line 1111, in __getitem__\n    for dim, sl in enumerate(slices):\n  File "/home/lijiaxing/.conda/envs/api/lib/python3.10/site-packages/triton/language/core.py", line 40, in wrapper\n    raise ValueError("Did you forget to add @triton.jit ? "\nValueError: Did you forget to add @triton.jit ? (`_semantic` argument must be provided outside of JIT functions.)\n', 'runtime_error_name': 'triton.compiler.errors.CompilationError', 'reference_timing_ms': 0.0235, 'speed_up': -1.0, 'custom_timing': -1.0}, 'runtime': -1.0, 'runtime_stats': {}}}
2025-08-12 16:57:53,719 - openevolve.llm.ensemble - INFO - Sampled model: deepseek
2025-08-12 16:57:53,722 - openevolve.database - INFO - New MAP-Elites cell occupied: {'score': 9, 'complexity': 3}
2025-08-12 16:57:53,723 - openevolve.database - INFO - MAP-Elites coverage reached 10.0% (10/100 cells)
2025-08-12 16:57:53,733 - openevolve.threaded_parallel - INFO - Iteration 16: Program a227f3b9-8e99-465f-991a-c0fa0b1134b3 (parent: a4e9399a-a758-485b-82db-bae262180e21) completed in 1125.76s
2025-08-12 16:57:53,734 - openevolve.threaded_parallel - INFO - Metrics: compiled=1.0000, correctness=0.0000, score=10.0000, stage=wrong_answer, verify_payload={'id': 'level1_93_masked_cumsum', 'result': {'compiled': True, 'correctness': False, 'metadata': {'hardware': 'NVIDIA L20Y', 'device': 'cuda:7', 'runtime_error': 'Traceback (most recent call last):\n  File "/cpfs01/shared/llm_kernel/hujiakai/KernelLLM/validation_api_server/helpers/evaluations.py", line 720, in run_and_check_correctness\n    output_new = model_new(*inputs)\n  File "/home/lijiaxing/.conda/envs/api/lib/python3.10/site-packages/torch/nn/modules/module.py", line 1773, in _wrapped_call_impl\n    return self._call_impl(*args, **kwargs)\n  File "/home/lijiaxing/.conda/envs/api/lib/python3.10/site-packages/torch/nn/modules/module.py", line 1784, in _call_impl\n    return forward_call(*args, **kwargs)\n  File "/tmp/tmpab0ve__w.py", line 66, in forward\n    masked_cumsum_kernel[grid](\n  File "/home/lijiaxing/.conda/envs/api/lib/python3.10/site-packages/triton/runtime/jit.py", line 390, in <lambda>\n    return lambda *args, **kwargs: self.run(grid=grid, warmup=False, *args, **kwargs)\n  File "/home/lijiaxing/.conda/envs/api/lib/python3.10/site-packages/triton/runtime/jit.py", line 594, in run\n    kernel = self.compile(src, target=target, options=options.__dict__)\n  File "/home/lijiaxing/.conda/envs/api/lib/python3.10/site-packages/triton/compiler/compiler.py", line 339, in compile\n    module = src.make_ir(options, codegen_fns, module_map, context)\n  File "/home/lijiaxing/.conda/envs/api/lib/python3.10/site-packages/triton/compiler/compiler.py", line 83, in make_ir\n    return ast_to_ttir(self.fn, self, context=context, options=options, codegen_fns=codegen_fns,\ntriton.compiler.errors.CompilationError: at 35:11:\n        mask_val_vec = tl.load(mask_ptr + mask_start + offsets, mask=vec_mask, other=False)\n        mask_val_vec = mask_val_vec.to(tl.int1)\n\n        # Apply mask\n        x_masked_vec = tl.where(mask_val_vec, x_vec, 0.0)\n        tl.store(output_ptr + out_start + offsets, x_masked_vec, mask=vec_mask)\n\n    # Compute cumulative sum efficiently\n    cumsum = tl.zeros((BLOCK_SIZE,), dtype=tl.float32)\n    total = 0.0\n    for i in range(0, BLOCK_SIZE, 1):\n        if valid_mask[i]:\n           ^\nValueError(\'Did you forget to add @triton.jit ? (`_semantic` argument must be provided outside of JIT functions.)\')\n\n\nThe above exception was the direct cause of the following exception:\n\nTraceback (most recent call last):\n  File "/home/lijiaxing/.conda/envs/api/lib/python3.10/site-packages/triton/language/core.py", line 42, in wrapper\n    return fn(*args, **kwargs)\n  File "/home/lijiaxing/.conda/envs/api/lib/python3.10/site-packages/triton/language/core.py", line 1111, in __getitem__\n    for dim, sl in enumerate(slices):\n  File "/home/lijiaxing/.conda/envs/api/lib/python3.10/site-packages/triton/language/core.py", line 40, in wrapper\n    raise ValueError("Did you forget to add @triton.jit ? "\nValueError: Did you forget to add @triton.jit ? (`_semantic` argument must be provided outside of JIT functions.)\n', 'runtime_error_name': 'triton.compiler.errors.CompilationError', 'reference_timing_ms': 0.0235, 'speed_up': -1.0, 'custom_timing': -1.0}, 'runtime': -1.0, 'runtime_stats': {}}}
2025-08-12 16:58:09,860 - openevolve.RemoteSpeedupEvaluator - INFO - [level1_93_masked_cumsum] triton key words check pass
2025-08-12 16:58:09,860 - openevolve.RemoteSpeedupEvaluator - INFO - [level1_93_masked_cumsum] verify_plus payload: reference_code(975 chars) + custom_code(4309 chars)
2025-08-12 16:58:13,211 - openevolve.RemoteSpeedupEvaluator - INFO - [level1_93_masked_cumsum] verify_plus request success
2025-08-12 16:58:13,211 - openevolve.RemoteSpeedupEvaluator - INFO - [level1_93_masked_cumsum] verify_plus response: {"id":"level1_93_masked_cumsum","result":{"compiled":true,"correctness":false,"metadata":{"hardware":"NVIDIA L20Y","device":"cuda:1","max_difference":["69.150841","66.926544","77.448227","68.311699","74.726044"],"avg_difference":["14.380543","13.240409","13.565186","12.980073","13.523314"],"correctness_issue":"Output mismatch","correctness_trials":"(0 / 5)","reference_timing_ms":0.0235,"speed_up":-1.0,"custom_timing":-1.0},"runtime":-1.0,"runtime_stats":{}}}
2025-08-12 16:58:13,211 - openevolve.RemoteSpeedupEvaluator - INFO - [level1_93_masked_cumsum] âœ˜ wrong_answer
2025-08-12 16:58:13,212 - openevolve.evaluator - INFO - Evaluated program ec78ae5b-1ac2-49eb-bc2e-66386d684fce in 3.35s: compiled=1.0000, correctness=0.0000, score=10.0000, stage=wrong_answer, verify_payload={'id': 'level1_93_masked_cumsum', 'result': {'compiled': True, 'correctness': False, 'metadata': {'hardware': 'NVIDIA L20Y', 'device': 'cuda:1', 'max_difference': ['69.150841', '66.926544', '77.448227', '68.311699', '74.726044'], 'avg_difference': ['14.380543', '13.240409', '13.565186', '12.980073', '13.523314'], 'correctness_issue': 'Output mismatch', 'correctness_trials': '(0 / 5)', 'reference_timing_ms': 0.0235, 'speed_up': -1.0, 'custom_timing': -1.0}, 'runtime': -1.0, 'runtime_stats': {}}}
2025-08-12 16:58:13,215 - openevolve.llm.ensemble - INFO - Sampled model: deepseek
2025-08-12 16:58:13,225 - openevolve.threaded_parallel - INFO - Iteration 17: Program ec78ae5b-1ac2-49eb-bc2e-66386d684fce (parent: c60e0ebc-3083-49bf-8191-8d51461996bb) completed in 1127.99s
2025-08-12 16:58:13,225 - openevolve.threaded_parallel - INFO - Metrics: compiled=1.0000, correctness=0.0000, score=10.0000, stage=wrong_answer, verify_payload={'id': 'level1_93_masked_cumsum', 'result': {'compiled': True, 'correctness': False, 'metadata': {'hardware': 'NVIDIA L20Y', 'device': 'cuda:1', 'max_difference': ['69.150841', '66.926544', '77.448227', '68.311699', '74.726044'], 'avg_difference': ['14.380543', '13.240409', '13.565186', '12.980073', '13.523314'], 'correctness_issue': 'Output mismatch', 'correctness_trials': '(0 / 5)', 'reference_timing_ms': 0.0235, 'speed_up': -1.0, 'custom_timing': -1.0}, 'runtime': -1.0, 'runtime_stats': {}}}
2025-08-12 17:05:43,854 - openevolve.RemoteSpeedupEvaluator - INFO - [level1_93_masked_cumsum] triton key words check pass
2025-08-12 17:05:43,855 - openevolve.RemoteSpeedupEvaluator - INFO - [level1_93_masked_cumsum] verify_plus payload: reference_code(975 chars) + custom_code(2720 chars)
2025-08-12 17:05:47,084 - openevolve.RemoteSpeedupEvaluator - INFO - [level1_93_masked_cumsum] verify_plus request success
2025-08-12 17:05:47,084 - openevolve.RemoteSpeedupEvaluator - INFO - [level1_93_masked_cumsum] verify_plus response: {"id":"level1_93_masked_cumsum","result":{"compiled":true,"correctness":true,"metadata":{"hardware":"NVIDIA L20Y","device":"cuda:1","correctness_trials":"(5 / 5)","reference_timing_ms":0.0235,"speed_up":0.523,"custom_timing":0.0449},"runtime":0.0449,"runtime_stats":{"mean":0.0449,"std":0.00389,"min":0.0418,"max":0.0752,"num_trials":100,"hardware":"NVIDIA L20Y","device":"cuda:1"}}}
2025-08-12 17:05:47,084 - openevolve.RemoteSpeedupEvaluator - INFO - [level1_93_masked_cumsum] âœ” success | speed_up=0.523  score=20.00
2025-08-12 17:05:47,084 - openevolve.evaluator - INFO - Evaluated program 112a4703-c239-427d-8fa4-f21f95479c9f in 3.23s: compiled=1.0000, correctness=1.0000, stage=success, passed=0.0000, score=20.0000, speed_up=0.5230, runtime_ms=0.0449, meta={'hardware': 'NVIDIA L20Y', 'device': 'cuda:1', 'correctness_trials': '(5 / 5)', 'reference_timing_ms': 0.0235, 'speed_up': 0.523, 'custom_timing': 0.0449}
2025-08-12 17:05:47,087 - openevolve.database - INFO - MAP-Elites cell improved: {'score': 9, 'complexity': 4} (fitness: 10.000 -> 20.000)
2025-08-12 17:05:47,089 - openevolve.llm.ensemble - INFO - Sampled model: deepseek
2025-08-12 17:05:47,094 - openevolve.threaded_parallel - INFO - Iteration 19: Program 112a4703-c239-427d-8fa4-f21f95479c9f (parent: 794f24eb-dbdb-4666-8bbe-2e4d01877ccb) completed in 1142.59s
2025-08-12 17:05:47,094 - openevolve.threaded_parallel - INFO - Metrics: compiled=1.0000, correctness=1.0000, stage=success, passed=0.0000, score=20.0000, speed_up=0.5230, runtime_ms=0.0449, meta={'hardware': 'NVIDIA L20Y', 'device': 'cuda:1', 'correctness_trials': '(5 / 5)', 'reference_timing_ms': 0.0235, 'speed_up': 0.523, 'custom_timing': 0.0449}
2025-08-12 17:05:50,216 - openevolve.RemoteSpeedupEvaluator - INFO - [level1_93_masked_cumsum] triton key words check pass
2025-08-12 17:05:50,217 - openevolve.RemoteSpeedupEvaluator - INFO - [level1_93_masked_cumsum] verify_plus payload: reference_code(975 chars) + custom_code(3013 chars)
2025-08-12 17:05:53,211 - openevolve.RemoteSpeedupEvaluator - INFO - [level1_93_masked_cumsum] verify_plus request success
2025-08-12 17:05:53,211 - openevolve.RemoteSpeedupEvaluator - INFO - [level1_93_masked_cumsum] verify_plus response: {"id":"level1_93_masked_cumsum","result":{"compiled":true,"correctness":false,"metadata":{"hardware":"NVIDIA L20Y","device":"cuda:2","runtime_error":"Traceback (most recent call last):\n  File \"/home/lijiaxing/.conda/envs/api/lib/python3.10/site-packages/triton/language/core.py\", line 42, in wrapper\n    return fn(*args, **kwargs)\n  File \"/home/lijiaxing/.conda/envs/api/lib/python3.10/site-packages/triton/language/core.py\", line 2727, in associative_scan\n    return associative_scan((input, ), axis, combine_fn, reverse, _semantic=_semantic, _generator=_generator)[0]\n  File \"/home/lijiaxing/.conda/envs/api/lib/python3.10/site-packages/triton/language/core.py\", line 42, in wrapper\n    return fn(*args, **kwargs)\n  File \"/home/lijiaxing/.conda/envs/api/lib/python3.10/site-packages/t
2025-08-12 17:05:53,211 - openevolve.RemoteSpeedupEvaluator - INFO - [level1_93_masked_cumsum] âœ˜ wrong_answer
2025-08-12 17:05:53,211 - openevolve.evaluator - INFO - Evaluated program 4e0812be-bd11-4108-baa0-62b4362cf3e2 in 3.00s: compiled=1.0000, correctness=0.0000, score=10.0000, stage=wrong_answer, verify_payload={'id': 'level1_93_masked_cumsum', 'result': {'compiled': True, 'correctness': False, 'metadata': {'hardware': 'NVIDIA L20Y', 'device': 'cuda:2', 'runtime_error': 'Traceback (most recent call last):\n  File "/home/lijiaxing/.conda/envs/api/lib/python3.10/site-packages/triton/language/core.py", line 42, in wrapper\n    return fn(*args, **kwargs)\n  File "/home/lijiaxing/.conda/envs/api/lib/python3.10/site-packages/triton/language/core.py", line 2727, in associative_scan\n    return associative_scan((input, ), axis, combine_fn, reverse, _semantic=_semantic, _generator=_generator)[0]\n  File "/home/lijiaxing/.conda/envs/api/lib/python3.10/site-packages/triton/language/core.py", line 42, in wrapper\n    return fn(*args, **kwargs)\n  File "/home/lijiaxing/.conda/envs/api/lib/python3.10/site-packages/triton/language/core.py", line 2747, in associative_scan\n    return _semantic.associative_scan(input, axis, make_combine_region, reverse)\n  File "/home/lijiaxing/.conda/envs/api/lib/python3.10/site-packages/triton/language/semantic.py", line 1685, in associative_scan\n    region_builder_fn(scan_op)\n  File "/home/lijiaxing/.conda/envs/api/lib/python3.10/site-packages/triton/language/core.py", line 2737, in make_combine_region\n    results = _generator.call_JitFunction(combine_fn, args, kwargs={})\nAttributeError: \'constexpr\' object has no attribute \'fn\'\n\nThe above exception was the direct cause of the following exception:\n\nTraceback (most recent call last):\n  File "/cpfs01/shared/llm_kernel/hujiakai/KernelLLM/validation_api_server/helpers/evaluations.py", line 720, in run_and_check_correctness\n    output_new = model_new(*inputs)\n  File "/home/lijiaxing/.conda/envs/api/lib/python3.10/site-packages/torch/nn/modules/module.py", line 1773, in _wrapped_call_impl\n    return self._call_impl(*args, **kwargs)\n  File "/home/lijiaxing/.conda/envs/api/lib/python3.10/site-packages/torch/nn/modules/module.py", line 1784, in _call_impl\n    return forward_call(*args, **kwargs)\n  File "/tmp/tmp_j7fhnh4.py", line 71, in forward\n    _masked_cumsum_kernel[grid](\n  File "/home/lijiaxing/.conda/envs/api/lib/python3.10/site-packages/triton/runtime/jit.py", line 390, in <lambda>\n    return lambda *args, **kwargs: self.run(grid=grid, warmup=False, *args, **kwargs)\n  File "/home/lijiaxing/.conda/envs/api/lib/python3.10/site-packages/triton/runtime/autotuner.py", line 239, in run\n    benchmark()\n  File "/home/lijiaxing/.conda/envs/api/lib/python3.10/site-packages/triton/runtime/autotuner.py", line 228, in benchmark\n    timings = {config: self._bench(*args, config=config, **kwargs) for config in pruned_configs}\n  File "/home/lijiaxing/.conda/envs/api/lib/python3.10/site-packages/triton/runtime/autotuner.py", line 228, in <dictcomp>\n    timings = {config: self._bench(*args, config=config, **kwargs) for config in pruned_configs}\n  File "/home/lijiaxing/.conda/envs/api/lib/python3.10/site-packages/triton/runtime/autotuner.py", line 160, in _bench\n    return self.do_bench(kernel_call, quantiles=(0.5, 0.2, 0.8))\n  File "/home/lijiaxing/.conda/envs/api/lib/python3.10/site-packages/triton/testing.py", line 149, in do_bench\n    fn()\n  File "/home/lijiaxing/.conda/envs/api/lib/python3.10/site-packages/triton/runtime/autotuner.py", line 146, in kernel_call\n    self.fn.run(\n  File "/home/lijiaxing/.conda/envs/api/lib/python3.10/site-packages/triton/runtime/jit.py", line 594, in run\n    kernel = self.compile(src, target=target, options=options.__dict__)\n  File "/home/lijiaxing/.conda/envs/api/lib/python3.10/site-packages/triton/compiler/compiler.py", line 339, in compile\n    module = src.make_ir(options, codegen_fns, module_map, context)\n  File "/home/lijiaxing/.conda/envs/api/lib/python3.10/site-packages/triton/compiler/compiler.py", line 83, in make_ir\n    return ast_to_ttir(self.fn, self, context=context, options=options, codegen_fns=codegen_fns,\ntriton.compiler.errors.CompilationError: at 16:13:\n    n_cols,\n    stride,\n    BLOCK_SIZE: tl.constexpr\n):\n    row_idx = tl.program_id(0)\n    start = row_idx * stride\n    offsets = start + tl.arange(0, BLOCK_SIZE)\n    mask_boundary = tl.arange(0, BLOCK_SIZE) < n_cols\n    x = tl.load(x_ptr + offsets, mask=mask_boundary, other=0.0, cache_modifier=".cg")\n    m = tl.load(mask_ptr + offsets, mask=mask_boundary, other=False, cache_modifier=".cg").to(tl.float32)\n    vals = x * m\n    cumsum = tl.associative_scan(vals, 0, "add")\n             ^\n\n\nThe above exception was the direct cause of the following exception:\n\nTraceback (most recent call last):\n  File "/home/lijiaxing/.conda/envs/api/lib/python3.10/site-packages/triton/language/core.py", line 42, in wrapper\n    return fn(*args, **kwargs)\n  File "/home/lijiaxing/.conda/envs/api/lib/python3.10/site-packages/triton/language/core.py", line 2727, in associative_scan\n    return associative_scan((input, ), axis, combine_fn, reverse, _semantic=_semantic, _generator=_generator)[0]\n  File "/home/lijiaxing/.conda/envs/api/lib/python3.10/site-packages/triton/language/core.py", line 42, in wrapper\n    return fn(*args, **kwargs)\n  File "/home/lijiaxing/.conda/envs/api/lib/python3.10/site-packages/triton/language/core.py", line 2747, in associative_scan\n    return _semantic.associative_scan(input, axis, make_combine_region, reverse)\n  File "/home/lijiaxing/.conda/envs/api/lib/python3.10/site-packages/triton/language/semantic.py", line 1685, in associative_scan\n    region_builder_fn(scan_op)\n  File "/home/lijiaxing/.conda/envs/api/lib/python3.10/site-packages/triton/language/core.py", line 2737, in make_combine_region\n    results = _generator.call_JitFunction(combine_fn, args, kwargs={})\nAttributeError: \'constexpr\' object has no attribute \'fn\'\n', 'runtime_error_name': 'triton.compiler.errors.CompilationError', 'reference_timing_ms': 0.0235, 'speed_up': -1.0, 'custom_timing': -1.0}, 'runtime': -1.0, 'runtime_stats': {}}}
2025-08-12 17:05:53,215 - openevolve.llm.ensemble - INFO - Sampled model: deepseek
2025-08-12 17:05:53,233 - openevolve.threaded_parallel - INFO - Iteration 21: Program 4e0812be-bd11-4108-baa0-62b4362cf3e2 (parent: 9f813bfb-5027-4211-8da2-0d97a8b552f0) completed in 460.00s
2025-08-12 17:05:53,233 - openevolve.threaded_parallel - INFO - Metrics: compiled=1.0000, correctness=0.0000, score=10.0000, stage=wrong_answer, verify_payload={'id': 'level1_93_masked_cumsum', 'result': {'compiled': True, 'correctness': False, 'metadata': {'hardware': 'NVIDIA L20Y', 'device': 'cuda:2', 'runtime_error': 'Traceback (most recent call last):\n  File "/home/lijiaxing/.conda/envs/api/lib/python3.10/site-packages/triton/language/core.py", line 42, in wrapper\n    return fn(*args, **kwargs)\n  File "/home/lijiaxing/.conda/envs/api/lib/python3.10/site-packages/triton/language/core.py", line 2727, in associative_scan\n    return associative_scan((input, ), axis, combine_fn, reverse, _semantic=_semantic, _generator=_generator)[0]\n  File "/home/lijiaxing/.conda/envs/api/lib/python3.10/site-packages/triton/language/core.py", line 42, in wrapper\n    return fn(*args, **kwargs)\n  File "/home/lijiaxing/.conda/envs/api/lib/python3.10/site-packages/triton/language/core.py", line 2747, in associative_scan\n    return _semantic.associative_scan(input, axis, make_combine_region, reverse)\n  File "/home/lijiaxing/.conda/envs/api/lib/python3.10/site-packages/triton/language/semantic.py", line 1685, in associative_scan\n    region_builder_fn(scan_op)\n  File "/home/lijiaxing/.conda/envs/api/lib/python3.10/site-packages/triton/language/core.py", line 2737, in make_combine_region\n    results = _generator.call_JitFunction(combine_fn, args, kwargs={})\nAttributeError: \'constexpr\' object has no attribute \'fn\'\n\nThe above exception was the direct cause of the following exception:\n\nTraceback (most recent call last):\n  File "/cpfs01/shared/llm_kernel/hujiakai/KernelLLM/validation_api_server/helpers/evaluations.py", line 720, in run_and_check_correctness\n    output_new = model_new(*inputs)\n  File "/home/lijiaxing/.conda/envs/api/lib/python3.10/site-packages/torch/nn/modules/module.py", line 1773, in _wrapped_call_impl\n    return self._call_impl(*args, **kwargs)\n  File "/home/lijiaxing/.conda/envs/api/lib/python3.10/site-packages/torch/nn/modules/module.py", line 1784, in _call_impl\n    return forward_call(*args, **kwargs)\n  File "/tmp/tmp_j7fhnh4.py", line 71, in forward\n    _masked_cumsum_kernel[grid](\n  File "/home/lijiaxing/.conda/envs/api/lib/python3.10/site-packages/triton/runtime/jit.py", line 390, in <lambda>\n    return lambda *args, **kwargs: self.run(grid=grid, warmup=False, *args, **kwargs)\n  File "/home/lijiaxing/.conda/envs/api/lib/python3.10/site-packages/triton/runtime/autotuner.py", line 239, in run\n    benchmark()\n  File "/home/lijiaxing/.conda/envs/api/lib/python3.10/site-packages/triton/runtime/autotuner.py", line 228, in benchmark\n    timings = {config: self._bench(*args, config=config, **kwargs) for config in pruned_configs}\n  File "/home/lijiaxing/.conda/envs/api/lib/python3.10/site-packages/triton/runtime/autotuner.py", line 228, in <dictcomp>\n    timings = {config: self._bench(*args, config=config, **kwargs) for config in pruned_configs}\n  File "/home/lijiaxing/.conda/envs/api/lib/python3.10/site-packages/triton/runtime/autotuner.py", line 160, in _bench\n    return self.do_bench(kernel_call, quantiles=(0.5, 0.2, 0.8))\n  File "/home/lijiaxing/.conda/envs/api/lib/python3.10/site-packages/triton/testing.py", line 149, in do_bench\n    fn()\n  File "/home/lijiaxing/.conda/envs/api/lib/python3.10/site-packages/triton/runtime/autotuner.py", line 146, in kernel_call\n    self.fn.run(\n  File "/home/lijiaxing/.conda/envs/api/lib/python3.10/site-packages/triton/runtime/jit.py", line 594, in run\n    kernel = self.compile(src, target=target, options=options.__dict__)\n  File "/home/lijiaxing/.conda/envs/api/lib/python3.10/site-packages/triton/compiler/compiler.py", line 339, in compile\n    module = src.make_ir(options, codegen_fns, module_map, context)\n  File "/home/lijiaxing/.conda/envs/api/lib/python3.10/site-packages/triton/compiler/compiler.py", line 83, in make_ir\n    return ast_to_ttir(self.fn, self, context=context, options=options, codegen_fns=codegen_fns,\ntriton.compiler.errors.CompilationError: at 16:13:\n    n_cols,\n    stride,\n    BLOCK_SIZE: tl.constexpr\n):\n    row_idx = tl.program_id(0)\n    start = row_idx * stride\n    offsets = start + tl.arange(0, BLOCK_SIZE)\n    mask_boundary = tl.arange(0, BLOCK_SIZE) < n_cols\n    x = tl.load(x_ptr + offsets, mask=mask_boundary, other=0.0, cache_modifier=".cg")\n    m = tl.load(mask_ptr + offsets, mask=mask_boundary, other=False, cache_modifier=".cg").to(tl.float32)\n    vals = x * m\n    cumsum = tl.associative_scan(vals, 0, "add")\n             ^\n\n\nThe above exception was the direct cause of the following exception:\n\nTraceback (most recent call last):\n  File "/home/lijiaxing/.conda/envs/api/lib/python3.10/site-packages/triton/language/core.py", line 42, in wrapper\n    return fn(*args, **kwargs)\n  File "/home/lijiaxing/.conda/envs/api/lib/python3.10/site-packages/triton/language/core.py", line 2727, in associative_scan\n    return associative_scan((input, ), axis, combine_fn, reverse, _semantic=_semantic, _generator=_generator)[0]\n  File "/home/lijiaxing/.conda/envs/api/lib/python3.10/site-packages/triton/language/core.py", line 42, in wrapper\n    return fn(*args, **kwargs)\n  File "/home/lijiaxing/.conda/envs/api/lib/python3.10/site-packages/triton/language/core.py", line 2747, in associative_scan\n    return _semantic.associative_scan(input, axis, make_combine_region, reverse)\n  File "/home/lijiaxing/.conda/envs/api/lib/python3.10/site-packages/triton/language/semantic.py", line 1685, in associative_scan\n    region_builder_fn(scan_op)\n  File "/home/lijiaxing/.conda/envs/api/lib/python3.10/site-packages/triton/language/core.py", line 2737, in make_combine_region\n    results = _generator.call_JitFunction(combine_fn, args, kwargs={})\nAttributeError: \'constexpr\' object has no attribute \'fn\'\n', 'runtime_error_name': 'triton.compiler.errors.CompilationError', 'reference_timing_ms': 0.0235, 'speed_up': -1.0, 'custom_timing': -1.0}, 'runtime': -1.0, 'runtime_stats': {}}}
2025-08-12 17:05:53,233 - openevolve.threaded_parallel - INFO - Checkpoint interval reached at iteration 21
2025-08-12 17:05:53,234 - openevolve.database - INFO - Island Status:
2025-08-12 17:05:53,234 - openevolve.database - INFO -    Island 0: 9 programs, best=20.0000, avg=0.0000, diversity=339.65, gen=7 (best: a4e9399a-a758-485b-82db-bae262180e21)
2025-08-12 17:05:53,234 - openevolve.database - INFO -    Island 1: 7 programs, best=20.0000, avg=14.2857, diversity=228.63, gen=7 (best: 18475ef5-452d-403c-801a-edb93c4a547f)
2025-08-12 17:05:53,234 - openevolve.database - INFO -  * Island 2: 6 programs, best=20.0000, avg=-25.0000, diversity=669.43, gen=7 (best: 9f813bfb-5027-4211-8da2-0d97a8b552f0)
2025-08-12 17:05:53,477 - openevolve.database - INFO - Saved database with 22 programs to openevolve_output/level1_93_masked_cumsum/checkpoints/checkpoint_21
2025-08-12 17:05:53,488 - openevolve.controller - INFO - Saved best program at checkpoint 21 with metrics: compiled=1.0000, correctness=1.0000, stage=success, passed=0.0000, score=20.0000, speed_up=0.1030, runtime_ms=0.2280, meta={'hardware': 'NVIDIA L20Y', 'device': 'cuda:4', 'correctness_trials': '(5 / 5)', 'reference_timing_ms': 0.0235, 'speed_up': 0.103, 'custom_timing': 0.228}
2025-08-12 17:05:53,488 - openevolve.controller - INFO - Saved checkpoint at iteration 21 to openevolve_output/level1_93_masked_cumsum/checkpoints/checkpoint_21
2025-08-12 17:08:49,236 - openevolve.RemoteSpeedupEvaluator - INFO - [level1_93_masked_cumsum] âœ˜ invalid_answer 'import triton' is not found
2025-08-12 17:08:49,236 - openevolve.evaluator - INFO - Evaluated program fc7f7f77-9602-478c-bf31-e5c725f3ad0d in 0.00s: compiled=0.0000, correctness=0.0000, score=-100.0000, stage=no_valid_triton_code, feedback=You need to generate real and valid triton code for the core function. The key word 'import triton' is not found.
2025-08-12 17:08:49,240 - openevolve.llm.ensemble - INFO - Sampled model: deepseek
2025-08-12 17:08:49,241 - openevolve.database - INFO - New MAP-Elites cell occupied: {'score': -1000, 'complexity': 1}
2025-08-12 17:08:49,253 - openevolve.threaded_parallel - INFO - Iteration 23: Program fc7f7f77-9602-478c-bf31-e5c725f3ad0d (parent: 9c48d2bb-06fe-4df2-a11d-66dfa269036b) completed in 176.02s
2025-08-12 17:08:49,253 - openevolve.threaded_parallel - INFO - Metrics: compiled=0.0000, correctness=0.0000, score=-100.0000, stage=no_valid_triton_code, feedback=You need to generate real and valid triton code for the core function. The key word 'import triton' is not found.
2025-08-12 17:09:56,781 - openevolve.RemoteSpeedupEvaluator - INFO - [level1_93_masked_cumsum] triton key words check pass
2025-08-12 17:09:56,782 - openevolve.RemoteSpeedupEvaluator - INFO - [level1_93_masked_cumsum] verify_plus payload: reference_code(975 chars) + custom_code(2174 chars)
2025-08-12 17:10:03,513 - openevolve.RemoteSpeedupEvaluator - INFO - [level1_93_masked_cumsum] verify_plus request success
2025-08-12 17:10:03,513 - openevolve.RemoteSpeedupEvaluator - INFO - [level1_93_masked_cumsum] verify_plus response: {"id":"level1_93_masked_cumsum","result":{"compiled":true,"correctness":true,"metadata":{"hardware":"NVIDIA L20Y","device":"cuda:7","correctness_trials":"(5 / 5)","reference_timing_ms":0.0235,"speed_up":0.365,"custom_timing":0.0644},"runtime":0.0644,"runtime_stats":{"mean":0.0644,"std":0.0101,"min":0.0543,"max":0.104,"num_trials":100,"hardware":"NVIDIA L20Y","device":"cuda:7"}}}
2025-08-12 17:10:03,513 - openevolve.RemoteSpeedupEvaluator - INFO - [level1_93_masked_cumsum] âœ” success | speed_up=0.365  score=20.00
2025-08-12 17:10:03,513 - openevolve.evaluator - INFO - Evaluated program b8ba0656-0d60-45c7-ae68-c1345a100197 in 6.73s: compiled=1.0000, correctness=1.0000, stage=success, passed=0.0000, score=20.0000, speed_up=0.3650, runtime_ms=0.0644, meta={'hardware': 'NVIDIA L20Y', 'device': 'cuda:7', 'correctness_trials': '(5 / 5)', 'reference_timing_ms': 0.0235, 'speed_up': 0.365, 'custom_timing': 0.0644}
2025-08-12 17:10:03,517 - openevolve.llm.ensemble - INFO - Sampled model: deepseek
2025-08-12 17:10:03,524 - openevolve.database - INFO - MAP-Elites cell improved: {'score': 9, 'complexity': 3} (fitness: 10.000 -> 20.000)
2025-08-12 17:10:03,536 - openevolve.threaded_parallel - INFO - Iteration 22: Program b8ba0656-0d60-45c7-ae68-c1345a100197 (parent: c53d605b-d98c-4329-9c6b-647fa2319f55) completed in 256.43s
2025-08-12 17:10:03,537 - openevolve.threaded_parallel - INFO - Metrics: compiled=1.0000, correctness=1.0000, stage=success, passed=0.0000, score=20.0000, speed_up=0.3650, runtime_ms=0.0644, meta={'hardware': 'NVIDIA L20Y', 'device': 'cuda:7', 'correctness_trials': '(5 / 5)', 'reference_timing_ms': 0.0235, 'speed_up': 0.365, 'custom_timing': 0.0644}
2025-08-12 17:13:54,937 - openevolve.RemoteSpeedupEvaluator - INFO - [level1_93_masked_cumsum] triton key words check pass
2025-08-12 17:13:54,938 - openevolve.RemoteSpeedupEvaluator - INFO - [level1_93_masked_cumsum] verify_plus payload: reference_code(975 chars) + custom_code(2183 chars)
2025-08-12 17:13:57,756 - openevolve.RemoteSpeedupEvaluator - INFO - [level1_93_masked_cumsum] verify_plus request success
2025-08-12 17:13:57,756 - openevolve.RemoteSpeedupEvaluator - INFO - [level1_93_masked_cumsum] verify_plus response: {"id":"level1_93_masked_cumsum","result":{"compiled":true,"correctness":false,"metadata":{"hardware":"NVIDIA L20Y","device":"cuda:7","runtime_error":"Traceback (most recent call last):\n  File \"/home/lijiaxing/.conda/envs/api/lib/python3.10/site-packages/triton/language/core.py\", line 42, in wrapper\n    return fn(*args, **kwargs)\n  File \"/home/lijiaxing/.conda/envs/api/lib/python3.10/site-packages/triton/language/core.py\", line 2150, in load\n    return _semantic.load(pointer, mask, other, boundary_check, padding_option, cache_modifier, eviction_policy,\n  File \"/home/lijiaxing/.conda/envs/api/lib/python3.10/site-packages/triton/language/semantic.py\", line 1086, in load\n    return self._load_legacy(ptr, mask, other, boundary_check, padding, cache, eviction, is_volatile)\n  File \"
2025-08-12 17:13:57,756 - openevolve.RemoteSpeedupEvaluator - INFO - [level1_93_masked_cumsum] âœ˜ wrong_answer
2025-08-12 17:13:57,757 - openevolve.evaluator - INFO - Evaluated program 8785f322-5b01-4f36-82f8-f4787d2847bb in 2.82s: compiled=1.0000, correctness=0.0000, score=10.0000, stage=wrong_answer, verify_payload={'id': 'level1_93_masked_cumsum', 'result': {'compiled': True, 'correctness': False, 'metadata': {'hardware': 'NVIDIA L20Y', 'device': 'cuda:7', 'runtime_error': 'Traceback (most recent call last):\n  File "/home/lijiaxing/.conda/envs/api/lib/python3.10/site-packages/triton/language/core.py", line 42, in wrapper\n    return fn(*args, **kwargs)\n  File "/home/lijiaxing/.conda/envs/api/lib/python3.10/site-packages/triton/language/core.py", line 2150, in load\n    return _semantic.load(pointer, mask, other, boundary_check, padding_option, cache_modifier, eviction_policy,\n  File "/home/lijiaxing/.conda/envs/api/lib/python3.10/site-packages/triton/language/semantic.py", line 1086, in load\n    return self._load_legacy(ptr, mask, other, boundary_check, padding, cache, eviction, is_volatile)\n  File "/home/lijiaxing/.conda/envs/api/lib/python3.10/site-packages/triton/language/semantic.py", line 1017, in _load_legacy\n    raise ValueError(f"Unsupported ptr type {ptr.type.__repr__()} in `tl.load`")\nValueError: Unsupported ptr type <[\'8\'], fp32> in `tl.load`\n\nThe above exception was the direct cause of the following exception:\n\nTraceback (most recent call last):\n  File "/cpfs01/shared/llm_kernel/hujiakai/KernelLLM/validation_api_server/helpers/evaluations.py", line 720, in run_and_check_correctness\n    output_new = model_new(*inputs)\n  File "/home/lijiaxing/.conda/envs/api/lib/python3.10/site-packages/torch/nn/modules/module.py", line 1773, in _wrapped_call_impl\n    return self._call_impl(*args, **kwargs)\n  File "/home/lijiaxing/.conda/envs/api/lib/python3.10/site-packages/torch/nn/modules/module.py", line 1784, in _call_impl\n    return forward_call(*args, **kwargs)\n  File "/tmp/tmpf6ego_c2.py", line 58, in forward\n    masked_cumsum_kernel[grid](\n  File "/home/lijiaxing/.conda/envs/api/lib/python3.10/site-packages/triton/runtime/jit.py", line 390, in <lambda>\n    return lambda *args, **kwargs: self.run(grid=grid, warmup=False, *args, **kwargs)\n  File "/home/lijiaxing/.conda/envs/api/lib/python3.10/site-packages/triton/runtime/jit.py", line 594, in run\n    kernel = self.compile(src, target=target, options=options.__dict__)\n  File "/home/lijiaxing/.conda/envs/api/lib/python3.10/site-packages/triton/compiler/compiler.py", line 339, in compile\n    module = src.make_ir(options, codegen_fns, module_map, context)\n  File "/home/lijiaxing/.conda/envs/api/lib/python3.10/site-packages/triton/compiler/compiler.py", line 83, in make_ir\n    return ast_to_ttir(self.fn, self, context=context, options=options, codegen_fns=codegen_fns,\ntriton.compiler.errors.CompilationError: at 32:23:\n\n        # Vectorized load for input and mask\n        x_vals = tl.load(row_x + offsets, mask=valid_mask, other=0.0)\n        mask_vals = tl.load(row_mask + offsets, mask=valid_mask, other=False).to(tl.int1)\n\n        # Apply mask and compute cumulative sum\n        masked_vals = tl.where(mask_vals, x_vals, 0.0)\n\n        # Sequential processing within the chunk\n        for k in range(8):\n            if j + k < row_length:\n                data = tl.load(masked_vals + k)  # Extract element\n                       ^\n\n\nThe above exception was the direct cause of the following exception:\n\nTraceback (most recent call last):\n  File "/home/lijiaxing/.conda/envs/api/lib/python3.10/site-packages/triton/language/core.py", line 42, in wrapper\n    return fn(*args, **kwargs)\n  File "/home/lijiaxing/.conda/envs/api/lib/python3.10/site-packages/triton/language/core.py", line 2150, in load\n    return _semantic.load(pointer, mask, other, boundary_check, padding_option, cache_modifier, eviction_policy,\n  File "/home/lijiaxing/.conda/envs/api/lib/python3.10/site-packages/triton/language/semantic.py", line 1086, in load\n    return self._load_legacy(ptr, mask, other, boundary_check, padding, cache, eviction, is_volatile)\n  File "/home/lijiaxing/.conda/envs/api/lib/python3.10/site-packages/triton/language/semantic.py", line 1017, in _load_legacy\n    raise ValueError(f"Unsupported ptr type {ptr.type.__repr__()} in `tl.load`")\nValueError: Unsupported ptr type <[\'8\'], fp32> in `tl.load`\n', 'runtime_error_name': 'triton.compiler.errors.CompilationError', 'reference_timing_ms': 0.0235, 'speed_up': -1.0, 'custom_timing': -1.0}, 'runtime': -1.0, 'runtime_stats': {}}}
2025-08-12 17:13:57,760 - openevolve.llm.ensemble - INFO - Sampled model: deepseek
2025-08-12 17:13:57,821 - openevolve.threaded_parallel - INFO - Iteration 20: Program 8785f322-5b01-4f36-82f8-f4787d2847bb (parent: c60e0ebc-3083-49bf-8191-8d51461996bb) completed in 964.04s
2025-08-12 17:13:57,821 - openevolve.threaded_parallel - INFO - Metrics: compiled=1.0000, correctness=0.0000, score=10.0000, stage=wrong_answer, verify_payload={'id': 'level1_93_masked_cumsum', 'result': {'compiled': True, 'correctness': False, 'metadata': {'hardware': 'NVIDIA L20Y', 'device': 'cuda:7', 'runtime_error': 'Traceback (most recent call last):\n  File "/home/lijiaxing/.conda/envs/api/lib/python3.10/site-packages/triton/language/core.py", line 42, in wrapper\n    return fn(*args, **kwargs)\n  File "/home/lijiaxing/.conda/envs/api/lib/python3.10/site-packages/triton/language/core.py", line 2150, in load\n    return _semantic.load(pointer, mask, other, boundary_check, padding_option, cache_modifier, eviction_policy,\n  File "/home/lijiaxing/.conda/envs/api/lib/python3.10/site-packages/triton/language/semantic.py", line 1086, in load\n    return self._load_legacy(ptr, mask, other, boundary_check, padding, cache, eviction, is_volatile)\n  File "/home/lijiaxing/.conda/envs/api/lib/python3.10/site-packages/triton/language/semantic.py", line 1017, in _load_legacy\n    raise ValueError(f"Unsupported ptr type {ptr.type.__repr__()} in `tl.load`")\nValueError: Unsupported ptr type <[\'8\'], fp32> in `tl.load`\n\nThe above exception was the direct cause of the following exception:\n\nTraceback (most recent call last):\n  File "/cpfs01/shared/llm_kernel/hujiakai/KernelLLM/validation_api_server/helpers/evaluations.py", line 720, in run_and_check_correctness\n    output_new = model_new(*inputs)\n  File "/home/lijiaxing/.conda/envs/api/lib/python3.10/site-packages/torch/nn/modules/module.py", line 1773, in _wrapped_call_impl\n    return self._call_impl(*args, **kwargs)\n  File "/home/lijiaxing/.conda/envs/api/lib/python3.10/site-packages/torch/nn/modules/module.py", line 1784, in _call_impl\n    return forward_call(*args, **kwargs)\n  File "/tmp/tmpf6ego_c2.py", line 58, in forward\n    masked_cumsum_kernel[grid](\n  File "/home/lijiaxing/.conda/envs/api/lib/python3.10/site-packages/triton/runtime/jit.py", line 390, in <lambda>\n    return lambda *args, **kwargs: self.run(grid=grid, warmup=False, *args, **kwargs)\n  File "/home/lijiaxing/.conda/envs/api/lib/python3.10/site-packages/triton/runtime/jit.py", line 594, in run\n    kernel = self.compile(src, target=target, options=options.__dict__)\n  File "/home/lijiaxing/.conda/envs/api/lib/python3.10/site-packages/triton/compiler/compiler.py", line 339, in compile\n    module = src.make_ir(options, codegen_fns, module_map, context)\n  File "/home/lijiaxing/.conda/envs/api/lib/python3.10/site-packages/triton/compiler/compiler.py", line 83, in make_ir\n    return ast_to_ttir(self.fn, self, context=context, options=options, codegen_fns=codegen_fns,\ntriton.compiler.errors.CompilationError: at 32:23:\n\n        # Vectorized load for input and mask\n        x_vals = tl.load(row_x + offsets, mask=valid_mask, other=0.0)\n        mask_vals = tl.load(row_mask + offsets, mask=valid_mask, other=False).to(tl.int1)\n\n        # Apply mask and compute cumulative sum\n        masked_vals = tl.where(mask_vals, x_vals, 0.0)\n\n        # Sequential processing within the chunk\n        for k in range(8):\n            if j + k < row_length:\n                data = tl.load(masked_vals + k)  # Extract element\n                       ^\n\n\nThe above exception was the direct cause of the following exception:\n\nTraceback (most recent call last):\n  File "/home/lijiaxing/.conda/envs/api/lib/python3.10/site-packages/triton/language/core.py", line 42, in wrapper\n    return fn(*args, **kwargs)\n  File "/home/lijiaxing/.conda/envs/api/lib/python3.10/site-packages/triton/language/core.py", line 2150, in load\n    return _semantic.load(pointer, mask, other, boundary_check, padding_option, cache_modifier, eviction_policy,\n  File "/home/lijiaxing/.conda/envs/api/lib/python3.10/site-packages/triton/language/semantic.py", line 1086, in load\n    return self._load_legacy(ptr, mask, other, boundary_check, padding, cache, eviction, is_volatile)\n  File "/home/lijiaxing/.conda/envs/api/lib/python3.10/site-packages/triton/language/semantic.py", line 1017, in _load_legacy\n    raise ValueError(f"Unsupported ptr type {ptr.type.__repr__()} in `tl.load`")\nValueError: Unsupported ptr type <[\'8\'], fp32> in `tl.load`\n', 'runtime_error_name': 'triton.compiler.errors.CompilationError', 'reference_timing_ms': 0.0235, 'speed_up': -1.0, 'custom_timing': -1.0}, 'runtime': -1.0, 'runtime_stats': {}}}
2025-08-12 17:16:47,266 - openevolve.RemoteSpeedupEvaluator - INFO - [level1_93_masked_cumsum] triton key words check pass
2025-08-12 17:16:47,267 - openevolve.RemoteSpeedupEvaluator - INFO - [level1_93_masked_cumsum] verify_plus payload: reference_code(975 chars) + custom_code(2720 chars)
2025-08-12 17:16:50,341 - openevolve.RemoteSpeedupEvaluator - INFO - [level1_93_masked_cumsum] verify_plus request success
2025-08-12 17:16:50,341 - openevolve.RemoteSpeedupEvaluator - INFO - [level1_93_masked_cumsum] verify_plus response: {"id":"level1_93_masked_cumsum","result":{"compiled":true,"correctness":true,"metadata":{"hardware":"NVIDIA L20Y","device":"cuda:0","correctness_trials":"(5 / 5)","reference_timing_ms":0.0235,"speed_up":0.533,"custom_timing":0.0441},"runtime":0.0441,"runtime_stats":{"mean":0.0441,"std":0.00325,"min":0.0408,"max":0.0607,"num_trials":100,"hardware":"NVIDIA L20Y","device":"cuda:0"}}}
2025-08-12 17:16:50,341 - openevolve.RemoteSpeedupEvaluator - INFO - [level1_93_masked_cumsum] âœ” success | speed_up=0.533  score=20.00
2025-08-12 17:16:50,342 - openevolve.evaluator - INFO - Evaluated program af41515c-89cf-4b5e-ba8d-277fbd899468 in 3.08s: compiled=1.0000, correctness=1.0000, stage=success, passed=0.0000, score=20.0000, speed_up=0.5330, runtime_ms=0.0441, meta={'hardware': 'NVIDIA L20Y', 'device': 'cuda:0', 'correctness_trials': '(5 / 5)', 'reference_timing_ms': 0.0235, 'speed_up': 0.533, 'custom_timing': 0.0441}
2025-08-12 17:16:50,346 - openevolve.llm.ensemble - INFO - Sampled model: deepseek
2025-08-12 17:16:50,348 - openevolve.database - INFO - Population size (26) exceeds limit (25), removing 1 programs
2025-08-12 17:16:50,348 - openevolve.database - INFO - Population size after cleanup: 25
2025-08-12 17:16:50,356 - openevolve.threaded_parallel - INFO - Iteration 25: Program af41515c-89cf-4b5e-ba8d-277fbd899468 (parent: 794f24eb-dbdb-4666-8bbe-2e4d01877ccb) completed in 406.83s
2025-08-12 17:16:50,356 - openevolve.threaded_parallel - INFO - Metrics: compiled=1.0000, correctness=1.0000, stage=success, passed=0.0000, score=20.0000, speed_up=0.5330, runtime_ms=0.0441, meta={'hardware': 'NVIDIA L20Y', 'device': 'cuda:0', 'correctness_trials': '(5 / 5)', 'reference_timing_ms': 0.0235, 'speed_up': 0.533, 'custom_timing': 0.0441}
2025-08-12 17:21:01,365 - openevolve.RemoteSpeedupEvaluator - INFO - [level1_93_masked_cumsum] triton key words check pass
2025-08-12 17:21:01,365 - openevolve.RemoteSpeedupEvaluator - INFO - [level1_93_masked_cumsum] verify_plus payload: reference_code(975 chars) + custom_code(2207 chars)
2025-08-12 17:21:04,288 - openevolve.RemoteSpeedupEvaluator - INFO - [level1_93_masked_cumsum] verify_plus request success
2025-08-12 17:21:04,288 - openevolve.RemoteSpeedupEvaluator - INFO - [level1_93_masked_cumsum] verify_plus response: {"id":"level1_93_masked_cumsum","result":{"compiled":true,"correctness":false,"metadata":{"hardware":"NVIDIA L20Y","device":"cuda:2","runtime_error":"Traceback (most recent call last):\n  File \"/home/lijiaxing/.conda/envs/api/lib/python3.10/site-packages/triton/language/core.py\", line 42, in wrapper\n    return fn(*args, **kwargs)\n  File \"/home/lijiaxing/.conda/envs/api/lib/python3.10/site-packages/triton/language/core.py\", line 2727, in associative_scan\n    return associative_scan((input, ), axis, combine_fn, reverse, _semantic=_semantic, _generator=_generator)[0]\n  File \"/home/lijiaxing/.conda/envs/api/lib/python3.10/site-packages/triton/language/core.py\", line 42, in wrapper\n    return fn(*args, **kwargs)\n  File \"/home/lijiaxing/.conda/envs/api/lib/python3.10/site-packages/t
2025-08-12 17:21:04,288 - openevolve.RemoteSpeedupEvaluator - INFO - [level1_93_masked_cumsum] âœ˜ wrong_answer
2025-08-12 17:21:04,289 - openevolve.evaluator - INFO - Evaluated program b092cfeb-aaae-4e09-9b6e-120787405993 in 2.92s: compiled=1.0000, correctness=0.0000, score=10.0000, stage=wrong_answer, verify_payload={'id': 'level1_93_masked_cumsum', 'result': {'compiled': True, 'correctness': False, 'metadata': {'hardware': 'NVIDIA L20Y', 'device': 'cuda:2', 'runtime_error': 'Traceback (most recent call last):\n  File "/home/lijiaxing/.conda/envs/api/lib/python3.10/site-packages/triton/language/core.py", line 42, in wrapper\n    return fn(*args, **kwargs)\n  File "/home/lijiaxing/.conda/envs/api/lib/python3.10/site-packages/triton/language/core.py", line 2727, in associative_scan\n    return associative_scan((input, ), axis, combine_fn, reverse, _semantic=_semantic, _generator=_generator)[0]\n  File "/home/lijiaxing/.conda/envs/api/lib/python3.10/site-packages/triton/language/core.py", line 42, in wrapper\n    return fn(*args, **kwargs)\n  File "/home/lijiaxing/.conda/envs/api/lib/python3.10/site-packages/triton/language/core.py", line 2747, in associative_scan\n    return _semantic.associative_scan(input, axis, make_combine_region, reverse)\n  File "/home/lijiaxing/.conda/envs/api/lib/python3.10/site-packages/triton/language/semantic.py", line 1685, in associative_scan\n    region_builder_fn(scan_op)\n  File "/home/lijiaxing/.conda/envs/api/lib/python3.10/site-packages/triton/language/core.py", line 2737, in make_combine_region\n    results = _generator.call_JitFunction(combine_fn, args, kwargs={})\nAttributeError: \'function\' object has no attribute \'fn\'\n\nThe above exception was the direct cause of the following exception:\n\nTraceback (most recent call last):\n  File "/cpfs01/shared/llm_kernel/hujiakai/KernelLLM/validation_api_server/helpers/evaluations.py", line 720, in run_and_check_correctness\n    output_new = model_new(*inputs)\n  File "/home/lijiaxing/.conda/envs/api/lib/python3.10/site-packages/torch/nn/modules/module.py", line 1773, in _wrapped_call_impl\n    return self._call_impl(*args, **kwargs)\n  File "/home/lijiaxing/.conda/envs/api/lib/python3.10/site-packages/torch/nn/modules/module.py", line 1784, in _call_impl\n    return forward_call(*args, **kwargs)\n  File "/tmp/tmp7fkz1mht.py", line 61, in forward\n    masked_cumsum_kernel[grid](\n  File "/home/lijiaxing/.conda/envs/api/lib/python3.10/site-packages/triton/runtime/jit.py", line 390, in <lambda>\n    return lambda *args, **kwargs: self.run(grid=grid, warmup=False, *args, **kwargs)\n  File "/home/lijiaxing/.conda/envs/api/lib/python3.10/site-packages/triton/runtime/autotuner.py", line 239, in run\n    benchmark()\n  File "/home/lijiaxing/.conda/envs/api/lib/python3.10/site-packages/triton/runtime/autotuner.py", line 228, in benchmark\n    timings = {config: self._bench(*args, config=config, **kwargs) for config in pruned_configs}\n  File "/home/lijiaxing/.conda/envs/api/lib/python3.10/site-packages/triton/runtime/autotuner.py", line 228, in <dictcomp>\n    timings = {config: self._bench(*args, config=config, **kwargs) for config in pruned_configs}\n  File "/home/lijiaxing/.conda/envs/api/lib/python3.10/site-packages/triton/runtime/autotuner.py", line 160, in _bench\n    return self.do_bench(kernel_call, quantiles=(0.5, 0.2, 0.8))\n  File "/home/lijiaxing/.conda/envs/api/lib/python3.10/site-packages/triton/testing.py", line 149, in do_bench\n    fn()\n  File "/home/lijiaxing/.conda/envs/api/lib/python3.10/site-packages/triton/runtime/autotuner.py", line 146, in kernel_call\n    self.fn.run(\n  File "/home/lijiaxing/.conda/envs/api/lib/python3.10/site-packages/triton/runtime/jit.py", line 594, in run\n    kernel = self.compile(src, target=target, options=options.__dict__)\n  File "/home/lijiaxing/.conda/envs/api/lib/python3.10/site-packages/triton/compiler/compiler.py", line 339, in compile\n    module = src.make_ir(options, codegen_fns, module_map, context)\n  File "/home/lijiaxing/.conda/envs/api/lib/python3.10/site-packages/triton/compiler/compiler.py", line 83, in make_ir\n    return ast_to_ttir(self.fn, self, context=context, options=options, codegen_fns=codegen_fns,\ntriton.compiler.errors.CompilationError: at 22:13:\n    pid0 = tl.program_id(0)\n    row_x = x_ptr + pid0 * x_row_stride\n    row_mask = mask_ptr + pid0 * mask_row_stride\n    row_out = output_ptr + pid0 * out_row_stride\n\n    offsets = tl.arange(0, BLOCK_SIZE)\n    valid_mask = offsets < row_length\n    x = tl.load(row_x + offsets, mask=valid_mask, other=0.0)\n    mask_val = tl.load(row_mask + offsets, mask=valid_mask, other=False).to(tl.int1)\n\n    x_masked = tl.where(mask_val, x, 0.0)\n    cumsum = tl.associative_scan(x_masked, 0, tl.add)\n             ^\n\n\nThe above exception was the direct cause of the following exception:\n\nTraceback (most recent call last):\n  File "/home/lijiaxing/.conda/envs/api/lib/python3.10/site-packages/triton/language/core.py", line 42, in wrapper\n    return fn(*args, **kwargs)\n  File "/home/lijiaxing/.conda/envs/api/lib/python3.10/site-packages/triton/language/core.py", line 2727, in associative_scan\n    return associative_scan((input, ), axis, combine_fn, reverse, _semantic=_semantic, _generator=_generator)[0]\n  File "/home/lijiaxing/.conda/envs/api/lib/python3.10/site-packages/triton/language/core.py", line 42, in wrapper\n    return fn(*args, **kwargs)\n  File "/home/lijiaxing/.conda/envs/api/lib/python3.10/site-packages/triton/language/core.py", line 2747, in associative_scan\n    return _semantic.associative_scan(input, axis, make_combine_region, reverse)\n  File "/home/lijiaxing/.conda/envs/api/lib/python3.10/site-packages/triton/language/semantic.py", line 1685, in associative_scan\n    region_builder_fn(scan_op)\n  File "/home/lijiaxing/.conda/envs/api/lib/python3.10/site-packages/triton/language/core.py", line 2737, in make_combine_region\n    results = _generator.call_JitFunction(combine_fn, args, kwargs={})\nAttributeError: \'function\' object has no attribute \'fn\'\n', 'runtime_error_name': 'triton.compiler.errors.CompilationError', 'reference_timing_ms': 0.0235, 'speed_up': -1.0, 'custom_timing': -1.0}, 'runtime': -1.0, 'runtime_stats': {}}}
2025-08-12 17:21:04,292 - openevolve.llm.ensemble - INFO - Sampled model: deepseek
2025-08-12 17:21:04,294 - openevolve.database - INFO - Population size (26) exceeds limit (25), removing 1 programs
2025-08-12 17:21:04,294 - openevolve.database - INFO - Population size after cleanup: 25
2025-08-12 17:21:04,305 - openevolve.threaded_parallel - INFO - Iteration 26: Program b092cfeb-aaae-4e09-9b6e-120787405993 (parent: a98beb76-8740-4ff7-bee3-2fc3fbbfca89) completed in 426.53s
2025-08-12 17:21:04,306 - openevolve.threaded_parallel - INFO - Metrics: compiled=1.0000, correctness=0.0000, score=10.0000, stage=wrong_answer, verify_payload={'id': 'level1_93_masked_cumsum', 'result': {'compiled': True, 'correctness': False, 'metadata': {'hardware': 'NVIDIA L20Y', 'device': 'cuda:2', 'runtime_error': 'Traceback (most recent call last):\n  File "/home/lijiaxing/.conda/envs/api/lib/python3.10/site-packages/triton/language/core.py", line 42, in wrapper\n    return fn(*args, **kwargs)\n  File "/home/lijiaxing/.conda/envs/api/lib/python3.10/site-packages/triton/language/core.py", line 2727, in associative_scan\n    return associative_scan((input, ), axis, combine_fn, reverse, _semantic=_semantic, _generator=_generator)[0]\n  File "/home/lijiaxing/.conda/envs/api/lib/python3.10/site-packages/triton/language/core.py", line 42, in wrapper\n    return fn(*args, **kwargs)\n  File "/home/lijiaxing/.conda/envs/api/lib/python3.10/site-packages/triton/language/core.py", line 2747, in associative_scan\n    return _semantic.associative_scan(input, axis, make_combine_region, reverse)\n  File "/home/lijiaxing/.conda/envs/api/lib/python3.10/site-packages/triton/language/semantic.py", line 1685, in associative_scan\n    region_builder_fn(scan_op)\n  File "/home/lijiaxing/.conda/envs/api/lib/python3.10/site-packages/triton/language/core.py", line 2737, in make_combine_region\n    results = _generator.call_JitFunction(combine_fn, args, kwargs={})\nAttributeError: \'function\' object has no attribute \'fn\'\n\nThe above exception was the direct cause of the following exception:\n\nTraceback (most recent call last):\n  File "/cpfs01/shared/llm_kernel/hujiakai/KernelLLM/validation_api_server/helpers/evaluations.py", line 720, in run_and_check_correctness\n    output_new = model_new(*inputs)\n  File "/home/lijiaxing/.conda/envs/api/lib/python3.10/site-packages/torch/nn/modules/module.py", line 1773, in _wrapped_call_impl\n    return self._call_impl(*args, **kwargs)\n  File "/home/lijiaxing/.conda/envs/api/lib/python3.10/site-packages/torch/nn/modules/module.py", line 1784, in _call_impl\n    return forward_call(*args, **kwargs)\n  File "/tmp/tmp7fkz1mht.py", line 61, in forward\n    masked_cumsum_kernel[grid](\n  File "/home/lijiaxing/.conda/envs/api/lib/python3.10/site-packages/triton/runtime/jit.py", line 390, in <lambda>\n    return lambda *args, **kwargs: self.run(grid=grid, warmup=False, *args, **kwargs)\n  File "/home/lijiaxing/.conda/envs/api/lib/python3.10/site-packages/triton/runtime/autotuner.py", line 239, in run\n    benchmark()\n  File "/home/lijiaxing/.conda/envs/api/lib/python3.10/site-packages/triton/runtime/autotuner.py", line 228, in benchmark\n    timings = {config: self._bench(*args, config=config, **kwargs) for config in pruned_configs}\n  File "/home/lijiaxing/.conda/envs/api/lib/python3.10/site-packages/triton/runtime/autotuner.py", line 228, in <dictcomp>\n    timings = {config: self._bench(*args, config=config, **kwargs) for config in pruned_configs}\n  File "/home/lijiaxing/.conda/envs/api/lib/python3.10/site-packages/triton/runtime/autotuner.py", line 160, in _bench\n    return self.do_bench(kernel_call, quantiles=(0.5, 0.2, 0.8))\n  File "/home/lijiaxing/.conda/envs/api/lib/python3.10/site-packages/triton/testing.py", line 149, in do_bench\n    fn()\n  File "/home/lijiaxing/.conda/envs/api/lib/python3.10/site-packages/triton/runtime/autotuner.py", line 146, in kernel_call\n    self.fn.run(\n  File "/home/lijiaxing/.conda/envs/api/lib/python3.10/site-packages/triton/runtime/jit.py", line 594, in run\n    kernel = self.compile(src, target=target, options=options.__dict__)\n  File "/home/lijiaxing/.conda/envs/api/lib/python3.10/site-packages/triton/compiler/compiler.py", line 339, in compile\n    module = src.make_ir(options, codegen_fns, module_map, context)\n  File "/home/lijiaxing/.conda/envs/api/lib/python3.10/site-packages/triton/compiler/compiler.py", line 83, in make_ir\n    return ast_to_ttir(self.fn, self, context=context, options=options, codegen_fns=codegen_fns,\ntriton.compiler.errors.CompilationError: at 22:13:\n    pid0 = tl.program_id(0)\n    row_x = x_ptr + pid0 * x_row_stride\n    row_mask = mask_ptr + pid0 * mask_row_stride\n    row_out = output_ptr + pid0 * out_row_stride\n\n    offsets = tl.arange(0, BLOCK_SIZE)\n    valid_mask = offsets < row_length\n    x = tl.load(row_x + offsets, mask=valid_mask, other=0.0)\n    mask_val = tl.load(row_mask + offsets, mask=valid_mask, other=False).to(tl.int1)\n\n    x_masked = tl.where(mask_val, x, 0.0)\n    cumsum = tl.associative_scan(x_masked, 0, tl.add)\n             ^\n\n\nThe above exception was the direct cause of the following exception:\n\nTraceback (most recent call last):\n  File "/home/lijiaxing/.conda/envs/api/lib/python3.10/site-packages/triton/language/core.py", line 42, in wrapper\n    return fn(*args, **kwargs)\n  File "/home/lijiaxing/.conda/envs/api/lib/python3.10/site-packages/triton/language/core.py", line 2727, in associative_scan\n    return associative_scan((input, ), axis, combine_fn, reverse, _semantic=_semantic, _generator=_generator)[0]\n  File "/home/lijiaxing/.conda/envs/api/lib/python3.10/site-packages/triton/language/core.py", line 42, in wrapper\n    return fn(*args, **kwargs)\n  File "/home/lijiaxing/.conda/envs/api/lib/python3.10/site-packages/triton/language/core.py", line 2747, in associative_scan\n    return _semantic.associative_scan(input, axis, make_combine_region, reverse)\n  File "/home/lijiaxing/.conda/envs/api/lib/python3.10/site-packages/triton/language/semantic.py", line 1685, in associative_scan\n    region_builder_fn(scan_op)\n  File "/home/lijiaxing/.conda/envs/api/lib/python3.10/site-packages/triton/language/core.py", line 2737, in make_combine_region\n    results = _generator.call_JitFunction(combine_fn, args, kwargs={})\nAttributeError: \'function\' object has no attribute \'fn\'\n', 'runtime_error_name': 'triton.compiler.errors.CompilationError', 'reference_timing_ms': 0.0235, 'speed_up': -1.0, 'custom_timing': -1.0}, 'runtime': -1.0, 'runtime_stats': {}}}
2025-08-12 17:21:33,225 - openevolve.RemoteSpeedupEvaluator - INFO - [level1_93_masked_cumsum] triton key words check pass
2025-08-12 17:21:33,226 - openevolve.RemoteSpeedupEvaluator - INFO - [level1_93_masked_cumsum] verify_plus payload: reference_code(975 chars) + custom_code(2850 chars)
2025-08-12 17:21:36,106 - openevolve.RemoteSpeedupEvaluator - INFO - [level1_93_masked_cumsum] verify_plus request success
2025-08-12 17:21:36,106 - openevolve.RemoteSpeedupEvaluator - INFO - [level1_93_masked_cumsum] verify_plus response: {"id":"level1_93_masked_cumsum","result":{"compiled":true,"correctness":false,"metadata":{"hardware":"NVIDIA L20Y","device":"cuda:3","runtime_error":"Traceback (most recent call last):\n  File \"/home/lijiaxing/.conda/envs/api/lib/python3.10/site-packages/triton/language/core.py\", line 42, in wrapper\n    return fn(*args, **kwargs)\n  File \"/home/lijiaxing/.conda/envs/api/lib/python3.10/site-packages/triton/language/core.py\", line 2727, in associative_scan\n    return associative_scan((input, ), axis, combine_fn, reverse, _semantic=_semantic, _generator=_generator)[0]\n  File \"/home/lijiaxing/.conda/envs/api/lib/python3.10/site-packages/triton/language/core.py\", line 42, in wrapper\n    return fn(*args, **kwargs)\n  File \"/home/lijiaxing/.conda/envs/api/lib/python3.10/site-packages/t
2025-08-12 17:21:36,106 - openevolve.RemoteSpeedupEvaluator - INFO - [level1_93_masked_cumsum] âœ˜ wrong_answer
2025-08-12 17:21:36,107 - openevolve.evaluator - INFO - Evaluated program e2be297d-64db-4d66-98f9-a592cfeb6777 in 2.88s: compiled=1.0000, correctness=0.0000, score=10.0000, stage=wrong_answer, verify_payload={'id': 'level1_93_masked_cumsum', 'result': {'compiled': True, 'correctness': False, 'metadata': {'hardware': 'NVIDIA L20Y', 'device': 'cuda:3', 'runtime_error': 'Traceback (most recent call last):\n  File "/home/lijiaxing/.conda/envs/api/lib/python3.10/site-packages/triton/language/core.py", line 42, in wrapper\n    return fn(*args, **kwargs)\n  File "/home/lijiaxing/.conda/envs/api/lib/python3.10/site-packages/triton/language/core.py", line 2727, in associative_scan\n    return associative_scan((input, ), axis, combine_fn, reverse, _semantic=_semantic, _generator=_generator)[0]\n  File "/home/lijiaxing/.conda/envs/api/lib/python3.10/site-packages/triton/language/core.py", line 42, in wrapper\n    return fn(*args, **kwargs)\n  File "/home/lijiaxing/.conda/envs/api/lib/python3.10/site-packages/triton/language/core.py", line 2747, in associative_scan\n    return _semantic.associative_scan(input, axis, make_combine_region, reverse)\n  File "/home/lijiaxing/.conda/envs/api/lib/python3.10/site-packages/triton/language/semantic.py", line 1685, in associative_scan\n    region_builder_fn(scan_op)\n  File "/home/lijiaxing/.conda/envs/api/lib/python3.10/site-packages/triton/language/core.py", line 2737, in make_combine_region\n    results = _generator.call_JitFunction(combine_fn, args, kwargs={})\nAttributeError: \'constexpr\' object has no attribute \'fn\'\n\nThe above exception was the direct cause of the following exception:\n\nTraceback (most recent call last):\n  File "/cpfs01/shared/llm_kernel/hujiakai/KernelLLM/validation_api_server/helpers/evaluations.py", line 720, in run_and_check_correctness\n    output_new = model_new(*inputs)\n  File "/home/lijiaxing/.conda/envs/api/lib/python3.10/site-packages/torch/nn/modules/module.py", line 1773, in _wrapped_call_impl\n    return self._call_impl(*args, **kwargs)\n  File "/home/lijiaxing/.conda/envs/api/lib/python3.10/site-packages/torch/nn/modules/module.py", line 1784, in _call_impl\n    return forward_call(*args, **kwargs)\n  File "/tmp/tmphiiq65fp.py", line 67, in forward\n    _masked_cumsum_kernel[grid](\n  File "/home/lijiaxing/.conda/envs/api/lib/python3.10/site-packages/triton/runtime/jit.py", line 390, in <lambda>\n    return lambda *args, **kwargs: self.run(grid=grid, warmup=False, *args, **kwargs)\n  File "/home/lijiaxing/.conda/envs/api/lib/python3.10/site-packages/triton/runtime/autotuner.py", line 239, in run\n    benchmark()\n  File "/home/lijiaxing/.conda/envs/api/lib/python3.10/site-packages/triton/runtime/autotuner.py", line 228, in benchmark\n    timings = {config: self._bench(*args, config=config, **kwargs) for config in pruned_configs}\n  File "/home/lijiaxing/.conda/envs/api/lib/python3.10/site-packages/triton/runtime/autotuner.py", line 228, in <dictcomp>\n    timings = {config: self._bench(*args, config=config, **kwargs) for config in pruned_configs}\n  File "/home/lijiaxing/.conda/envs/api/lib/python3.10/site-packages/triton/runtime/autotuner.py", line 160, in _bench\n    return self.do_bench(kernel_call, quantiles=(0.5, 0.2, 0.8))\n  File "/home/lijiaxing/.conda/envs/api/lib/python3.10/site-packages/triton/testing.py", line 149, in do_bench\n    fn()\n  File "/home/lijiaxing/.conda/envs/api/lib/python3.10/site-packages/triton/runtime/autotuner.py", line 146, in kernel_call\n    self.fn.run(\n  File "/home/lijiaxing/.conda/envs/api/lib/python3.10/site-packages/triton/runtime/jit.py", line 594, in run\n    kernel = self.compile(src, target=target, options=options.__dict__)\n  File "/home/lijiaxing/.conda/envs/api/lib/python3.10/site-packages/triton/compiler/compiler.py", line 339, in compile\n    module = src.make_ir(options, codegen_fns, module_map, context)\n  File "/home/lijiaxing/.conda/envs/api/lib/python3.10/site-packages/triton/compiler/compiler.py", line 83, in make_ir\n    return ast_to_ttir(self.fn, self, context=context, options=options, codegen_fns=codegen_fns,\ntriton.compiler.errors.CompilationError: at 16:13:\n    n_cols,\n    stride,\n    BLOCK_SIZE: tl.constexpr\n):\n    row_idx = tl.program_id(0)\n    start = row_idx * stride\n    offsets = start + tl.arange(0, BLOCK_SIZE)\n    mask_boundary = tl.arange(0, BLOCK_SIZE) < n_cols\n    x = tl.load(x_ptr + offsets, mask=mask_boundary, other=0.0, cache_modifier=".cg")\n    m = tl.load(mask_ptr + offsets, mask=mask_boundary, other=False, cache_modifier=".cg").to(tl.float32)\n    vals = x * m\n    cumsum = tl.associative_scan(vals, 0, "add")\n             ^\n\n\nThe above exception was the direct cause of the following exception:\n\nTraceback (most recent call last):\n  File "/home/lijiaxing/.conda/envs/api/lib/python3.10/site-packages/triton/language/core.py", line 42, in wrapper\n    return fn(*args, **kwargs)\n  File "/home/lijiaxing/.conda/envs/api/lib/python3.10/site-packages/triton/language/core.py", line 2727, in associative_scan\n    return associative_scan((input, ), axis, combine_fn, reverse, _semantic=_semantic, _generator=_generator)[0]\n  File "/home/lijiaxing/.conda/envs/api/lib/python3.10/site-packages/triton/language/core.py", line 42, in wrapper\n    return fn(*args, **kwargs)\n  File "/home/lijiaxing/.conda/envs/api/lib/python3.10/site-packages/triton/language/core.py", line 2747, in associative_scan\n    return _semantic.associative_scan(input, axis, make_combine_region, reverse)\n  File "/home/lijiaxing/.conda/envs/api/lib/python3.10/site-packages/triton/language/semantic.py", line 1685, in associative_scan\n    region_builder_fn(scan_op)\n  File "/home/lijiaxing/.conda/envs/api/lib/python3.10/site-packages/triton/language/core.py", line 2737, in make_combine_region\n    results = _generator.call_JitFunction(combine_fn, args, kwargs={})\nAttributeError: \'constexpr\' object has no attribute \'fn\'\n', 'runtime_error_name': 'triton.compiler.errors.CompilationError', 'reference_timing_ms': 0.0235, 'speed_up': -1.0, 'custom_timing': -1.0}, 'runtime': -1.0, 'runtime_stats': {}}}
2025-08-12 17:21:36,109 - openevolve.database - INFO - Population size (26) exceeds limit (25), removing 1 programs
2025-08-12 17:21:36,110 - openevolve.database - INFO - Population size after cleanup: 25
2025-08-12 17:21:36,111 - openevolve.llm.ensemble - INFO - Sampled model: deepseek
2025-08-12 17:21:36,123 - openevolve.threaded_parallel - INFO - Iteration 24: Program e2be297d-64db-4d66-98f9-a592cfeb6777 (parent: 9f813bfb-5027-4211-8da2-0d97a8b552f0) completed in 766.87s
2025-08-12 17:21:36,123 - openevolve.threaded_parallel - INFO - Metrics: compiled=1.0000, correctness=0.0000, score=10.0000, stage=wrong_answer, verify_payload={'id': 'level1_93_masked_cumsum', 'result': {'compiled': True, 'correctness': False, 'metadata': {'hardware': 'NVIDIA L20Y', 'device': 'cuda:3', 'runtime_error': 'Traceback (most recent call last):\n  File "/home/lijiaxing/.conda/envs/api/lib/python3.10/site-packages/triton/language/core.py", line 42, in wrapper\n    return fn(*args, **kwargs)\n  File "/home/lijiaxing/.conda/envs/api/lib/python3.10/site-packages/triton/language/core.py", line 2727, in associative_scan\n    return associative_scan((input, ), axis, combine_fn, reverse, _semantic=_semantic, _generator=_generator)[0]\n  File "/home/lijiaxing/.conda/envs/api/lib/python3.10/site-packages/triton/language/core.py", line 42, in wrapper\n    return fn(*args, **kwargs)\n  File "/home/lijiaxing/.conda/envs/api/lib/python3.10/site-packages/triton/language/core.py", line 2747, in associative_scan\n    return _semantic.associative_scan(input, axis, make_combine_region, reverse)\n  File "/home/lijiaxing/.conda/envs/api/lib/python3.10/site-packages/triton/language/semantic.py", line 1685, in associative_scan\n    region_builder_fn(scan_op)\n  File "/home/lijiaxing/.conda/envs/api/lib/python3.10/site-packages/triton/language/core.py", line 2737, in make_combine_region\n    results = _generator.call_JitFunction(combine_fn, args, kwargs={})\nAttributeError: \'constexpr\' object has no attribute \'fn\'\n\nThe above exception was the direct cause of the following exception:\n\nTraceback (most recent call last):\n  File "/cpfs01/shared/llm_kernel/hujiakai/KernelLLM/validation_api_server/helpers/evaluations.py", line 720, in run_and_check_correctness\n    output_new = model_new(*inputs)\n  File "/home/lijiaxing/.conda/envs/api/lib/python3.10/site-packages/torch/nn/modules/module.py", line 1773, in _wrapped_call_impl\n    return self._call_impl(*args, **kwargs)\n  File "/home/lijiaxing/.conda/envs/api/lib/python3.10/site-packages/torch/nn/modules/module.py", line 1784, in _call_impl\n    return forward_call(*args, **kwargs)\n  File "/tmp/tmphiiq65fp.py", line 67, in forward\n    _masked_cumsum_kernel[grid](\n  File "/home/lijiaxing/.conda/envs/api/lib/python3.10/site-packages/triton/runtime/jit.py", line 390, in <lambda>\n    return lambda *args, **kwargs: self.run(grid=grid, warmup=False, *args, **kwargs)\n  File "/home/lijiaxing/.conda/envs/api/lib/python3.10/site-packages/triton/runtime/autotuner.py", line 239, in run\n    benchmark()\n  File "/home/lijiaxing/.conda/envs/api/lib/python3.10/site-packages/triton/runtime/autotuner.py", line 228, in benchmark\n    timings = {config: self._bench(*args, config=config, **kwargs) for config in pruned_configs}\n  File "/home/lijiaxing/.conda/envs/api/lib/python3.10/site-packages/triton/runtime/autotuner.py", line 228, in <dictcomp>\n    timings = {config: self._bench(*args, config=config, **kwargs) for config in pruned_configs}\n  File "/home/lijiaxing/.conda/envs/api/lib/python3.10/site-packages/triton/runtime/autotuner.py", line 160, in _bench\n    return self.do_bench(kernel_call, quantiles=(0.5, 0.2, 0.8))\n  File "/home/lijiaxing/.conda/envs/api/lib/python3.10/site-packages/triton/testing.py", line 149, in do_bench\n    fn()\n  File "/home/lijiaxing/.conda/envs/api/lib/python3.10/site-packages/triton/runtime/autotuner.py", line 146, in kernel_call\n    self.fn.run(\n  File "/home/lijiaxing/.conda/envs/api/lib/python3.10/site-packages/triton/runtime/jit.py", line 594, in run\n    kernel = self.compile(src, target=target, options=options.__dict__)\n  File "/home/lijiaxing/.conda/envs/api/lib/python3.10/site-packages/triton/compiler/compiler.py", line 339, in compile\n    module = src.make_ir(options, codegen_fns, module_map, context)\n  File "/home/lijiaxing/.conda/envs/api/lib/python3.10/site-packages/triton/compiler/compiler.py", line 83, in make_ir\n    return ast_to_ttir(self.fn, self, context=context, options=options, codegen_fns=codegen_fns,\ntriton.compiler.errors.CompilationError: at 16:13:\n    n_cols,\n    stride,\n    BLOCK_SIZE: tl.constexpr\n):\n    row_idx = tl.program_id(0)\n    start = row_idx * stride\n    offsets = start + tl.arange(0, BLOCK_SIZE)\n    mask_boundary = tl.arange(0, BLOCK_SIZE) < n_cols\n    x = tl.load(x_ptr + offsets, mask=mask_boundary, other=0.0, cache_modifier=".cg")\n    m = tl.load(mask_ptr + offsets, mask=mask_boundary, other=False, cache_modifier=".cg").to(tl.float32)\n    vals = x * m\n    cumsum = tl.associative_scan(vals, 0, "add")\n             ^\n\n\nThe above exception was the direct cause of the following exception:\n\nTraceback (most recent call last):\n  File "/home/lijiaxing/.conda/envs/api/lib/python3.10/site-packages/triton/language/core.py", line 42, in wrapper\n    return fn(*args, **kwargs)\n  File "/home/lijiaxing/.conda/envs/api/lib/python3.10/site-packages/triton/language/core.py", line 2727, in associative_scan\n    return associative_scan((input, ), axis, combine_fn, reverse, _semantic=_semantic, _generator=_generator)[0]\n  File "/home/lijiaxing/.conda/envs/api/lib/python3.10/site-packages/triton/language/core.py", line 42, in wrapper\n    return fn(*args, **kwargs)\n  File "/home/lijiaxing/.conda/envs/api/lib/python3.10/site-packages/triton/language/core.py", line 2747, in associative_scan\n    return _semantic.associative_scan(input, axis, make_combine_region, reverse)\n  File "/home/lijiaxing/.conda/envs/api/lib/python3.10/site-packages/triton/language/semantic.py", line 1685, in associative_scan\n    region_builder_fn(scan_op)\n  File "/home/lijiaxing/.conda/envs/api/lib/python3.10/site-packages/triton/language/core.py", line 2737, in make_combine_region\n    results = _generator.call_JitFunction(combine_fn, args, kwargs={})\nAttributeError: \'constexpr\' object has no attribute \'fn\'\n', 'runtime_error_name': 'triton.compiler.errors.CompilationError', 'reference_timing_ms': 0.0235, 'speed_up': -1.0, 'custom_timing': -1.0}, 'runtime': -1.0, 'runtime_stats': {}}}
2025-08-12 17:21:36,123 - openevolve.threaded_parallel - INFO - Checkpoint interval reached at iteration 24
2025-08-12 17:21:36,124 - openevolve.database - INFO - Island Status:
2025-08-12 17:21:36,124 - openevolve.database - INFO -    Island 0: 10 programs, best=20.0000, avg=13.0000, diversity=339.65, gen=9 (best: a4e9399a-a758-485b-82db-bae262180e21)
2025-08-12 17:21:36,124 - openevolve.database - INFO -    Island 1: 9 programs, best=20.0000, avg=13.3333, diversity=208.62, gen=9 (best: 18475ef5-452d-403c-801a-edb93c4a547f)
2025-08-12 17:21:36,125 - openevolve.database - INFO -  * Island 2: 6 programs, best=20.0000, avg=-5.0000, diversity=326.12, gen=9 (best: 9f813bfb-5027-4211-8da2-0d97a8b552f0)
2025-08-12 17:21:36,396 - openevolve.database - INFO - Saved database with 25 programs to openevolve_output/level1_93_masked_cumsum/checkpoints/checkpoint_24
2025-08-12 17:21:36,405 - openevolve.controller - INFO - Saved best program at checkpoint 24 with metrics: compiled=1.0000, correctness=1.0000, stage=success, passed=0.0000, score=20.0000, speed_up=0.1030, runtime_ms=0.2280, meta={'hardware': 'NVIDIA L20Y', 'device': 'cuda:4', 'correctness_trials': '(5 / 5)', 'reference_timing_ms': 0.0235, 'speed_up': 0.103, 'custom_timing': 0.228}
2025-08-12 17:21:36,405 - openevolve.controller - INFO - Saved checkpoint at iteration 24 to openevolve_output/level1_93_masked_cumsum/checkpoints/checkpoint_24
2025-08-12 17:25:47,833 - openevolve.RemoteSpeedupEvaluator - INFO - [level1_93_masked_cumsum] triton key words check pass
2025-08-12 17:25:47,834 - openevolve.RemoteSpeedupEvaluator - INFO - [level1_93_masked_cumsum] verify_plus payload: reference_code(975 chars) + custom_code(2720 chars)
2025-08-12 17:25:51,501 - openevolve.RemoteSpeedupEvaluator - INFO - [level1_93_masked_cumsum] verify_plus request success
2025-08-12 17:25:51,501 - openevolve.RemoteSpeedupEvaluator - INFO - [level1_93_masked_cumsum] verify_plus response: {"id":"level1_93_masked_cumsum","result":{"compiled":true,"correctness":true,"metadata":{"hardware":"NVIDIA L20Y","device":"cuda:6","correctness_trials":"(5 / 5)","reference_timing_ms":0.0235,"speed_up":0.51,"custom_timing":0.0461},"runtime":0.0461,"runtime_stats":{"mean":0.0461,"std":0.00539,"min":0.0417,"max":0.0701,"num_trials":100,"hardware":"NVIDIA L20Y","device":"cuda:6"}}}
2025-08-12 17:25:51,501 - openevolve.RemoteSpeedupEvaluator - INFO - [level1_93_masked_cumsum] âœ” success | speed_up=0.510  score=20.00
2025-08-12 17:25:51,501 - openevolve.evaluator - INFO - Evaluated program 09a81ec7-f787-43e7-a346-836727d2e7f5 in 3.67s: compiled=1.0000, correctness=1.0000, stage=success, passed=0.0000, score=20.0000, speed_up=0.5100, runtime_ms=0.0461, meta={'hardware': 'NVIDIA L20Y', 'device': 'cuda:6', 'correctness_trials': '(5 / 5)', 'reference_timing_ms': 0.0235, 'speed_up': 0.51, 'custom_timing': 0.0461}
2025-08-12 17:25:51,508 - openevolve.database - INFO - New MAP-Elites cell occupied: {'score': 9, 'complexity': 5}
2025-08-12 17:25:51,508 - openevolve.database - INFO - MAP-Elites coverage reached 10.0% (10/100 cells)
2025-08-12 17:25:51,508 - openevolve.database - INFO - Population size (26) exceeds limit (25), removing 1 programs
2025-08-12 17:25:51,508 - openevolve.database - INFO - Population size after cleanup: 25
2025-08-12 17:25:51,515 - openevolve.threaded_parallel - INFO - Iteration 28: Program 09a81ec7-f787-43e7-a346-836727d2e7f5 (parent: 794f24eb-dbdb-4666-8bbe-2e4d01877ccb) completed in 287.21s
2025-08-12 17:25:51,515 - openevolve.threaded_parallel - INFO - Metrics: compiled=1.0000, correctness=1.0000, stage=success, passed=0.0000, score=20.0000, speed_up=0.5100, runtime_ms=0.0461, meta={'hardware': 'NVIDIA L20Y', 'device': 'cuda:6', 'correctness_trials': '(5 / 5)', 'reference_timing_ms': 0.0235, 'speed_up': 0.51, 'custom_timing': 0.0461}
2025-08-12 17:25:53,684 - openevolve.RemoteSpeedupEvaluator - INFO - [level1_93_masked_cumsum] âœ˜ invalid_answer 'import triton' is not found
2025-08-12 17:25:53,685 - openevolve.evaluator - INFO - Evaluated program da523b3e-1440-4c93-8540-4241b2a169a5 in 0.00s: compiled=0.0000, correctness=0.0000, score=-100.0000, stage=no_valid_triton_code, feedback=You need to generate real and valid triton code for the core function. The key word 'import triton' is not found.
2025-08-12 17:25:53,690 - openevolve.database - INFO - New MAP-Elites cell occupied: {'score': -1000, 'complexity': 0}
2025-08-12 17:25:53,691 - openevolve.database - INFO - MAP-Elites coverage reached 10.0% (10/100 cells)
2025-08-12 17:25:53,691 - openevolve.database - INFO - Population size (26) exceeds limit (25), removing 1 programs
2025-08-12 17:25:53,691 - openevolve.database - INFO - Population size after cleanup: 25
2025-08-12 17:25:53,703 - openevolve.threaded_parallel - INFO - Iteration 27: Program da523b3e-1440-4c93-8540-4241b2a169a5 (parent: 2daf85fb-c6e8-43f4-bf7f-f205d96abe09) completed in 543.34s
2025-08-12 17:25:53,704 - openevolve.threaded_parallel - INFO - Metrics: compiled=0.0000, correctness=0.0000, score=-100.0000, stage=no_valid_triton_code, feedback=You need to generate real and valid triton code for the core function. The key word 'import triton' is not found.
2025-08-12 17:25:53,704 - openevolve.threaded_parallel - INFO - Checkpoint interval reached at iteration 27
2025-08-12 17:25:53,705 - openevolve.database - INFO - Island Status:
2025-08-12 17:25:53,705 - openevolve.database - INFO -    Island 0: 10 programs, best=20.0000, avg=3.0000, diversity=170.75, gen=10 (best: a4e9399a-a758-485b-82db-bae262180e21)
2025-08-12 17:25:53,705 - openevolve.database - INFO -  * Island 1: 9 programs, best=20.0000, avg=13.3333, diversity=208.62, gen=10 (best: 18475ef5-452d-403c-801a-edb93c4a547f)
2025-08-12 17:25:53,705 - openevolve.database - INFO -    Island 2: 6 programs, best=20.0000, avg=15.0000, diversity=181.93, gen=9 (best: 9f813bfb-5027-4211-8da2-0d97a8b552f0)
2025-08-12 17:25:54,014 - openevolve.database - INFO - Saved database with 25 programs to openevolve_output/level1_93_masked_cumsum/checkpoints/checkpoint_27
2025-08-12 17:25:54,024 - openevolve.controller - INFO - Saved best program at checkpoint 27 with metrics: compiled=1.0000, correctness=1.0000, stage=success, passed=0.0000, score=20.0000, speed_up=0.1030, runtime_ms=0.2280, meta={'hardware': 'NVIDIA L20Y', 'device': 'cuda:4', 'correctness_trials': '(5 / 5)', 'reference_timing_ms': 0.0235, 'speed_up': 0.103, 'custom_timing': 0.228}
2025-08-12 17:25:54,024 - openevolve.controller - INFO - Saved checkpoint at iteration 27 to openevolve_output/level1_93_masked_cumsum/checkpoints/checkpoint_27
2025-08-12 17:41:20,335 - openevolve.RemoteSpeedupEvaluator - INFO - [level1_93_masked_cumsum] triton key words check pass
2025-08-12 17:41:20,336 - openevolve.RemoteSpeedupEvaluator - INFO - [level1_93_masked_cumsum] verify_plus payload: reference_code(975 chars) + custom_code(1936 chars)
2025-08-12 17:41:22,928 - openevolve.RemoteSpeedupEvaluator - INFO - [level1_93_masked_cumsum] verify_plus request success
2025-08-12 17:41:22,928 - openevolve.RemoteSpeedupEvaluator - INFO - [level1_93_masked_cumsum] verify_plus response: {"id":"level1_93_masked_cumsum","result":{"compiled":true,"correctness":false,"metadata":{"hardware":"NVIDIA L20Y","device":"cuda:6","runtime_error":"Traceback (most recent call last):\n  File \"/cpfs01/shared/llm_kernel/hujiakai/KernelLLM/validation_api_server/helpers/evaluations.py\", line 720, in run_and_check_correctness\n    output_new = model_new(*inputs)\n  File \"/home/lijiaxing/.conda/envs/api/lib/python3.10/site-packages/torch/nn/modules/module.py\", line 1773, in _wrapped_call_impl\n    return self._call_impl(*args, **kwargs)\n  File \"/home/lijiaxing/.conda/envs/api/lib/python3.10/site-packages/torch/nn/modules/module.py\", line 1784, in _call_impl\n    return forward_call(*args, **kwargs)\n  File \"/tmp/tmp99n25y3i.py\", line 52, in forward\n    masked_cumsum_kernel[grid](\n  
2025-08-12 17:41:22,928 - openevolve.RemoteSpeedupEvaluator - INFO - [level1_93_masked_cumsum] âœ˜ wrong_answer
2025-08-12 17:41:22,928 - openevolve.evaluator - INFO - Evaluated program 1386c88a-77e9-4af5-b1d3-1dd2adf3ab7b in 2.59s: compiled=1.0000, correctness=0.0000, score=10.0000, stage=wrong_answer, verify_payload={'id': 'level1_93_masked_cumsum', 'result': {'compiled': True, 'correctness': False, 'metadata': {'hardware': 'NVIDIA L20Y', 'device': 'cuda:6', 'runtime_error': 'Traceback (most recent call last):\n  File "/cpfs01/shared/llm_kernel/hujiakai/KernelLLM/validation_api_server/helpers/evaluations.py", line 720, in run_and_check_correctness\n    output_new = model_new(*inputs)\n  File "/home/lijiaxing/.conda/envs/api/lib/python3.10/site-packages/torch/nn/modules/module.py", line 1773, in _wrapped_call_impl\n    return self._call_impl(*args, **kwargs)\n  File "/home/lijiaxing/.conda/envs/api/lib/python3.10/site-packages/torch/nn/modules/module.py", line 1784, in _call_impl\n    return forward_call(*args, **kwargs)\n  File "/tmp/tmp99n25y3i.py", line 52, in forward\n    masked_cumsum_kernel[grid](\n  File "/home/lijiaxing/.conda/envs/api/lib/python3.10/site-packages/triton/runtime/jit.py", line 390, in <lambda>\n    return lambda *args, **kwargs: self.run(grid=grid, warmup=False, *args, **kwargs)\n  File "/home/lijiaxing/.conda/envs/api/lib/python3.10/site-packages/triton/runtime/jit.py", line 561, in run\n    bound_args, specialization, options = binder(*args, **kwargs)\nTypeError: dynamic_func() missing 1 required positional argument: \'row_length\'\n', 'runtime_error_name': 'builtins.TypeError', 'reference_timing_ms': 0.0235, 'speed_up': -1.0, 'custom_timing': -1.0}, 'runtime': -1.0, 'runtime_stats': {}}}
2025-08-12 17:41:22,938 - openevolve.database - INFO - Population size (26) exceeds limit (25), removing 1 programs
2025-08-12 17:41:22,938 - openevolve.database - INFO - Population size after cleanup: 25
2025-08-12 17:41:22,950 - openevolve.threaded_parallel - INFO - Iteration 29: Program 1386c88a-77e9-4af5-b1d3-1dd2adf3ab7b (parent: 18475ef5-452d-403c-801a-edb93c4a547f) completed in 1186.82s
2025-08-12 17:41:22,951 - openevolve.threaded_parallel - INFO - Metrics: compiled=1.0000, correctness=0.0000, score=10.0000, stage=wrong_answer, verify_payload={'id': 'level1_93_masked_cumsum', 'result': {'compiled': True, 'correctness': False, 'metadata': {'hardware': 'NVIDIA L20Y', 'device': 'cuda:6', 'runtime_error': 'Traceback (most recent call last):\n  File "/cpfs01/shared/llm_kernel/hujiakai/KernelLLM/validation_api_server/helpers/evaluations.py", line 720, in run_and_check_correctness\n    output_new = model_new(*inputs)\n  File "/home/lijiaxing/.conda/envs/api/lib/python3.10/site-packages/torch/nn/modules/module.py", line 1773, in _wrapped_call_impl\n    return self._call_impl(*args, **kwargs)\n  File "/home/lijiaxing/.conda/envs/api/lib/python3.10/site-packages/torch/nn/modules/module.py", line 1784, in _call_impl\n    return forward_call(*args, **kwargs)\n  File "/tmp/tmp99n25y3i.py", line 52, in forward\n    masked_cumsum_kernel[grid](\n  File "/home/lijiaxing/.conda/envs/api/lib/python3.10/site-packages/triton/runtime/jit.py", line 390, in <lambda>\n    return lambda *args, **kwargs: self.run(grid=grid, warmup=False, *args, **kwargs)\n  File "/home/lijiaxing/.conda/envs/api/lib/python3.10/site-packages/triton/runtime/jit.py", line 561, in run\n    bound_args, specialization, options = binder(*args, **kwargs)\nTypeError: dynamic_func() missing 1 required positional argument: \'row_length\'\n', 'runtime_error_name': 'builtins.TypeError', 'reference_timing_ms': 0.0235, 'speed_up': -1.0, 'custom_timing': -1.0}, 'runtime': -1.0, 'runtime_stats': {}}}
2025-08-12 17:41:22,951 - openevolve.threaded_parallel - INFO - Evolution completed
2025-08-12 17:41:22,962 - openevolve.threaded_parallel - INFO - Stopped thread pool
2025-08-12 17:41:22,962 - openevolve.threaded_parallel - INFO - Stopped improved parallel controller
2025-08-12 17:41:22,962 - openevolve.controller - INFO - Using tracked best program: 18475ef5-452d-403c-801a-edb93c4a547f
2025-08-12 17:41:22,962 - openevolve.controller - INFO - Evolution complete. Best program has metrics: compiled=1.0000, correctness=1.0000, stage=success, passed=0.0000, score=20.0000, speed_up=0.1030, runtime_ms=0.2280, meta={'hardware': 'NVIDIA L20Y', 'device': 'cuda:4', 'correctness_trials': '(5 / 5)', 'reference_timing_ms': 0.0235, 'speed_up': 0.103, 'custom_timing': 0.228}
2025-08-12 17:41:22,976 - openevolve.controller - INFO - Saved best program to openevolve_output/level1_93_masked_cumsum/best/best_program.py with program info to openevolve_output/level1_93_masked_cumsum/best/best_program_info.json
2025-08-12 17:41:22,977 - __main__ - INFO - âœ… å®Œæˆ level1_93_masked_cumsum
2025-08-12 17:41:22,977 - __main__ - INFO - ======================================================================
2025-08-12 17:41:22,977 - __main__ - INFO - ðŸš€ [5/10] å¼€å§‹ level2_2_ConvTranspose2d_BiasAdd_Clamp_Scaling_Clamp_Divide
2025-08-12 17:41:22,977 - __main__ - INFO - ======================================================================
2025-08-12 17:41:22,978 - __main__ - INFO - âœ… å®Œæˆ level2_2_ConvTranspose2d_BiasAdd_Clamp_Scaling_Clamp_Divide
2025-08-12 17:41:22,978 - __main__ - INFO - ======================================================================
2025-08-12 17:41:22,978 - __main__ - INFO - ðŸš€ [6/10] å¼€å§‹ level2_57_Conv2d_ReLU_HardSwish
2025-08-12 17:41:22,978 - __main__ - INFO - ======================================================================
2025-08-12 17:41:22,979 - __main__ - INFO - âœ… å®Œæˆ level2_57_Conv2d_ReLU_HardSwish
2025-08-12 17:41:22,979 - __main__ - INFO - ======================================================================
2025-08-12 17:41:22,979 - __main__ - INFO - ðŸš€ [7/10] å¼€å§‹ level2_84_Gemm_BatchNorm_Scaling_Softmax
2025-08-12 17:41:22,979 - __main__ - INFO - ======================================================================
2025-08-12 17:41:22,979 - __main__ - INFO - âœ… å®Œæˆ level2_84_Gemm_BatchNorm_Scaling_Softmax
2025-08-12 17:41:22,980 - __main__ - INFO - ======================================================================
2025-08-12 17:41:22,980 - __main__ - INFO - ðŸš€ [8/10] å¼€å§‹ level3_21_EfficientNetMBConv
2025-08-12 17:41:22,980 - __main__ - INFO - ======================================================================
2025-08-12 17:41:22,980 - __main__ - INFO - âœ… å®Œæˆ level3_21_EfficientNetMBConv
2025-08-12 17:41:22,980 - __main__ - INFO - ======================================================================
2025-08-12 17:41:22,980 - __main__ - INFO - ðŸš€ [9/10] å¼€å§‹ level3_49_Mamba2ReturnFinalState
2025-08-12 17:41:22,980 - __main__ - INFO - ======================================================================
2025-08-12 17:41:23,016 - openevolve.controller - INFO - Logging to openevolve_output/level3_49_Mamba2ReturnFinalState/logs/openevolve_20250812_174123.log
2025-08-12 17:41:23,016 - openevolve.controller - INFO - Set random seed to 42 for reproducibility
2025-08-12 17:41:23,058 - openevolve.llm.ensemble - INFO - Initialized LLM ensemble with models: deepseek (weight: 0.80), deepseek (weight: 0.20)
2025-08-12 17:41:23,098 - openevolve.llm.ensemble - INFO - Initialized LLM ensemble with models: deepseek (weight: 0.80), deepseek (weight: 0.20)
2025-08-12 17:41:23,098 - openevolve.prompt.sampler - INFO - Set custom templates: system=evaluator_system_message, user=None
2025-08-12 17:41:23,098 - openevolve.database - INFO - Initialized program database with 0 programs
2025-08-12 17:41:23,165 - openevolve.evaluator - INFO - Successfully loaded evaluation function from openevolve_output/level3_49_Mamba2ReturnFinalState/evaluation.py
2025-08-12 17:41:23,165 - openevolve.evaluator - INFO - Initialized evaluator with openevolve_output/level3_49_Mamba2ReturnFinalState/evaluation.py
2025-08-12 17:41:23,165 - openevolve.controller - INFO - Initialized OpenEvolve with /tmp/9960c6c4230c23354e8824d311357ccf.py
2025-08-12 17:41:23,165 - openevolve.controller - INFO - Adding initial program to database
2025-08-12 17:41:23,166 - openevolve.RemoteSpeedupEvaluator - INFO - [level3_49_Mamba2ReturnFinalState] verify_plus payload: reference_code(3473 chars) + custom_code(3597 chars)
2025-08-12 17:41:25,379 - openevolve.RemoteSpeedupEvaluator - INFO - [level3_49_Mamba2ReturnFinalState] verify_plus request success
2025-08-12 17:41:25,380 - openevolve.RemoteSpeedupEvaluator - INFO - [level3_49_Mamba2ReturnFinalState] verify_plus response: {"id":"level3_49_Mamba2ReturnFinalState","result":{"error":"No module named 'einops'\nTraceback (most recent call last):\n  File \"/cpfs01/shared/llm_kernel/hujiakai/KernelLLM/validation_api_server/evaluator.py\", line 92, in _measure_perf_worker\n    exec(textwrap.dedent(code_src), temp_module.__dict__)\n  File \"<string>\", line 4, in <module>\nModuleNotFoundError: No module named 'einops'\n"}}
2025-08-12 17:41:25,380 - openevolve.evaluator - WARNING - Evaluation attempt 1/4 failed for program 41fac97b-cc50-4156-b5ab-7f3cae19b8bf: Error: The reference code is not valid or correct. The verify result is: {'error': 'No module named \'einops\'\nTraceback (most recent call last):\n  File "/cpfs01/shared/llm_kernel/hujiakai/KernelLLM/validation_api_server/evaluator.py", line 92, in _measure_perf_worker\n    exec(textwrap.dedent(code_src), temp_module.__dict__)\n  File "<string>", line 4, in <module>\nModuleNotFoundError: No module named \'einops\'\n'}
2025-08-12 17:41:26,386 - openevolve.RemoteSpeedupEvaluator - INFO - [level3_49_Mamba2ReturnFinalState] verify_plus payload: reference_code(3473 chars) + custom_code(3597 chars)
2025-08-12 17:41:28,912 - openevolve.RemoteSpeedupEvaluator - INFO - [level3_49_Mamba2ReturnFinalState] verify_plus request success
2025-08-12 17:41:28,913 - openevolve.RemoteSpeedupEvaluator - INFO - [level3_49_Mamba2ReturnFinalState] verify_plus response: {"id":"level3_49_Mamba2ReturnFinalState","result":{"error":"No module named 'einops'\nTraceback (most recent call last):\n  File \"/cpfs01/shared/llm_kernel/hujiakai/KernelLLM/validation_api_server/evaluator.py\", line 92, in _measure_perf_worker\n    exec(textwrap.dedent(code_src), temp_module.__dict__)\n  File \"<string>\", line 4, in <module>\nModuleNotFoundError: No module named 'einops'\n"}}
2025-08-12 17:41:28,913 - openevolve.evaluator - WARNING - Evaluation attempt 2/4 failed for program 41fac97b-cc50-4156-b5ab-7f3cae19b8bf: Error: The reference code is not valid or correct. The verify result is: {'error': 'No module named \'einops\'\nTraceback (most recent call last):\n  File "/cpfs01/shared/llm_kernel/hujiakai/KernelLLM/validation_api_server/evaluator.py", line 92, in _measure_perf_worker\n    exec(textwrap.dedent(code_src), temp_module.__dict__)\n  File "<string>", line 4, in <module>\nModuleNotFoundError: No module named \'einops\'\n'}
2025-08-12 17:41:29,915 - openevolve.RemoteSpeedupEvaluator - INFO - [level3_49_Mamba2ReturnFinalState] verify_plus payload: reference_code(3473 chars) + custom_code(3597 chars)
2025-08-12 17:41:32,559 - openevolve.RemoteSpeedupEvaluator - INFO - [level3_49_Mamba2ReturnFinalState] verify_plus request success
2025-08-12 17:41:32,559 - openevolve.RemoteSpeedupEvaluator - INFO - [level3_49_Mamba2ReturnFinalState] verify_plus response: {"id":"level3_49_Mamba2ReturnFinalState","result":{"error":"No module named 'einops'\nTraceback (most recent call last):\n  File \"/cpfs01/shared/llm_kernel/hujiakai/KernelLLM/validation_api_server/evaluator.py\", line 92, in _measure_perf_worker\n    exec(textwrap.dedent(code_src), temp_module.__dict__)\n  File \"<string>\", line 4, in <module>\nModuleNotFoundError: No module named 'einops'\n"}}
2025-08-12 17:41:32,559 - openevolve.evaluator - WARNING - Evaluation attempt 3/4 failed for program 41fac97b-cc50-4156-b5ab-7f3cae19b8bf: Error: The reference code is not valid or correct. The verify result is: {'error': 'No module named \'einops\'\nTraceback (most recent call last):\n  File "/cpfs01/shared/llm_kernel/hujiakai/KernelLLM/validation_api_server/evaluator.py", line 92, in _measure_perf_worker\n    exec(textwrap.dedent(code_src), temp_module.__dict__)\n  File "<string>", line 4, in <module>\nModuleNotFoundError: No module named \'einops\'\n'}
2025-08-12 17:41:33,564 - openevolve.RemoteSpeedupEvaluator - INFO - [level3_49_Mamba2ReturnFinalState] verify_plus payload: reference_code(3473 chars) + custom_code(3597 chars)
2025-08-12 17:41:36,092 - openevolve.RemoteSpeedupEvaluator - INFO - [level3_49_Mamba2ReturnFinalState] verify_plus request success
2025-08-12 17:41:36,092 - openevolve.RemoteSpeedupEvaluator - INFO - [level3_49_Mamba2ReturnFinalState] verify_plus response: {"id":"level3_49_Mamba2ReturnFinalState","result":{"error":"No module named 'einops'\nTraceback (most recent call last):\n  File \"/cpfs01/shared/llm_kernel/hujiakai/KernelLLM/validation_api_server/evaluator.py\", line 92, in _measure_perf_worker\n    exec(textwrap.dedent(code_src), temp_module.__dict__)\n  File \"<string>\", line 4, in <module>\nModuleNotFoundError: No module named 'einops'\n"}}
2025-08-12 17:41:36,092 - openevolve.evaluator - WARNING - Evaluation attempt 4/4 failed for program 41fac97b-cc50-4156-b5ab-7f3cae19b8bf: Error: The reference code is not valid or correct. The verify result is: {'error': 'No module named \'einops\'\nTraceback (most recent call last):\n  File "/cpfs01/shared/llm_kernel/hujiakai/KernelLLM/validation_api_server/evaluator.py", line 92, in _measure_perf_worker\n    exec(textwrap.dedent(code_src), temp_module.__dict__)\n  File "<string>", line 4, in <module>\nModuleNotFoundError: No module named \'einops\'\n'}
2025-08-12 17:41:36,093 - openevolve.evaluator - ERROR - All evaluation attempts failed for program 41fac97b-cc50-4156-b5ab-7f3cae19b8bf. Last error: Error: The reference code is not valid or correct. The verify result is: {'error': 'No module named \'einops\'\nTraceback (most recent call last):\n  File "/cpfs01/shared/llm_kernel/hujiakai/KernelLLM/validation_api_server/evaluator.py", line 92, in _measure_perf_worker\n    exec(textwrap.dedent(code_src), temp_module.__dict__)\n  File "<string>", line 4, in <module>\nModuleNotFoundError: No module named \'einops\'\n'}
2025-08-12 17:41:36,093 - __main__ - ERROR - ðŸ’¥ å¤±è´¥ level3_49_Mamba2ReturnFinalState: 'score'
2025-08-12 17:41:36,093 - __main__ - INFO - ======================================================================
2025-08-12 17:41:36,093 - __main__ - INFO - ðŸš€ [10/10] å¼€å§‹ level5_12_deepseekv3_MLA_decode
2025-08-12 17:41:36,093 - __main__ - INFO - ======================================================================
2025-08-12 17:41:36,136 - openevolve.controller - INFO - Logging to openevolve_output/level5_12_deepseekv3_MLA_decode/logs/openevolve_20250812_174136.log
2025-08-12 17:41:36,136 - openevolve.controller - INFO - Set random seed to 42 for reproducibility
2025-08-12 17:41:36,175 - openevolve.llm.ensemble - INFO - Initialized LLM ensemble with models: deepseek (weight: 0.80), deepseek (weight: 0.20)
2025-08-12 17:41:36,215 - openevolve.llm.ensemble - INFO - Initialized LLM ensemble with models: deepseek (weight: 0.80), deepseek (weight: 0.20)
2025-08-12 17:41:36,215 - openevolve.prompt.sampler - INFO - Set custom templates: system=evaluator_system_message, user=None
2025-08-12 17:41:36,215 - openevolve.database - INFO - Initialized program database with 0 programs
2025-08-12 17:41:36,253 - openevolve.evaluator - INFO - Successfully loaded evaluation function from openevolve_output/level5_12_deepseekv3_MLA_decode/evaluation.py
2025-08-12 17:41:36,253 - openevolve.evaluator - INFO - Initialized evaluator with openevolve_output/level5_12_deepseekv3_MLA_decode/evaluation.py
2025-08-12 17:41:36,254 - openevolve.controller - INFO - Initialized OpenEvolve with /tmp/9835df67776a7c18162ef197180fe8ee.py
2025-08-12 17:41:36,254 - openevolve.controller - INFO - Adding initial program to database
2025-08-12 17:41:36,254 - openevolve.RemoteSpeedupEvaluator - INFO - [level5_12_deepseekv3_MLA_decode] verify_plus payload: reference_code(11886 chars) + custom_code(12007 chars)
2025-08-12 17:41:39,035 - openevolve.RemoteSpeedupEvaluator - INFO - [level5_12_deepseekv3_MLA_decode] verify_plus request success
2025-08-12 17:41:39,035 - openevolve.RemoteSpeedupEvaluator - INFO - [level5_12_deepseekv3_MLA_decode] verify_plus response: {"id":"level5_12_deepseekv3_MLA_decode","result":{"error":"'NoneType' object has no attribute '__dict__'\nTraceback (most recent call last):\n  File \"/cpfs01/shared/llm_kernel/hujiakai/KernelLLM/validation_api_server/evaluator.py\", line 92, in _measure_perf_worker\n    exec(textwrap.dedent(code_src), temp_module.__dict__)\n  File \"<string>\", line 9, in <module>\n  File \"/home/lijiaxing/.conda/envs/api/lib/python3.10/dataclasses.py\", line 1184, in dataclass\n    return wrap(cls)\n  File \"/home/lijiaxing/.conda/envs/api/lib/python3.10/dataclasses.py\", line 1175, in wrap\n    return _process_class(cls, init, repr, eq, order, unsafe_hash,\n  File \"/home/lijiaxing/.conda/envs/api/lib/python3.10/dataclasses.py\", line 944, in _process_class\n    and _is_type(type, cls, dataclasses, data
2025-08-12 17:41:39,035 - openevolve.evaluator - WARNING - Evaluation attempt 1/4 failed for program 6e1b58e9-45d8-4254-93e4-32e70e558ade: Error: The reference code is not valid or correct. The verify result is: {'error': '\'NoneType\' object has no attribute \'__dict__\'\nTraceback (most recent call last):\n  File "/cpfs01/shared/llm_kernel/hujiakai/KernelLLM/validation_api_server/evaluator.py", line 92, in _measure_perf_worker\n    exec(textwrap.dedent(code_src), temp_module.__dict__)\n  File "<string>", line 9, in <module>\n  File "/home/lijiaxing/.conda/envs/api/lib/python3.10/dataclasses.py", line 1184, in dataclass\n    return wrap(cls)\n  File "/home/lijiaxing/.conda/envs/api/lib/python3.10/dataclasses.py", line 1175, in wrap\n    return _process_class(cls, init, repr, eq, order, unsafe_hash,\n  File "/home/lijiaxing/.conda/envs/api/lib/python3.10/dataclasses.py", line 944, in _process_class\n    and _is_type(type, cls, dataclasses, dataclasses.KW_ONLY,\n  File "/home/lijiaxing/.conda/envs/api/lib/python3.10/dataclasses.py", line 711, in _is_type\n    ns = sys.modules.get(cls.__module__).__dict__\nAttributeError: \'NoneType\' object has no attribute \'__dict__\'. Did you mean: \'__dir__\'?\n'}
2025-08-12 17:41:40,039 - openevolve.RemoteSpeedupEvaluator - INFO - [level5_12_deepseekv3_MLA_decode] verify_plus payload: reference_code(11886 chars) + custom_code(12007 chars)
2025-08-12 17:41:42,423 - openevolve.RemoteSpeedupEvaluator - INFO - [level5_12_deepseekv3_MLA_decode] verify_plus request success
2025-08-12 17:41:42,423 - openevolve.RemoteSpeedupEvaluator - INFO - [level5_12_deepseekv3_MLA_decode] verify_plus response: {"id":"level5_12_deepseekv3_MLA_decode","result":{"error":"'NoneType' object has no attribute '__dict__'\nTraceback (most recent call last):\n  File \"/cpfs01/shared/llm_kernel/hujiakai/KernelLLM/validation_api_server/evaluator.py\", line 92, in _measure_perf_worker\n    exec(textwrap.dedent(code_src), temp_module.__dict__)\n  File \"<string>\", line 9, in <module>\n  File \"/home/lijiaxing/.conda/envs/api/lib/python3.10/dataclasses.py\", line 1184, in dataclass\n    return wrap(cls)\n  File \"/home/lijiaxing/.conda/envs/api/lib/python3.10/dataclasses.py\", line 1175, in wrap\n    return _process_class(cls, init, repr, eq, order, unsafe_hash,\n  File \"/home/lijiaxing/.conda/envs/api/lib/python3.10/dataclasses.py\", line 944, in _process_class\n    and _is_type(type, cls, dataclasses, data
2025-08-12 17:41:42,423 - openevolve.evaluator - WARNING - Evaluation attempt 2/4 failed for program 6e1b58e9-45d8-4254-93e4-32e70e558ade: Error: The reference code is not valid or correct. The verify result is: {'error': '\'NoneType\' object has no attribute \'__dict__\'\nTraceback (most recent call last):\n  File "/cpfs01/shared/llm_kernel/hujiakai/KernelLLM/validation_api_server/evaluator.py", line 92, in _measure_perf_worker\n    exec(textwrap.dedent(code_src), temp_module.__dict__)\n  File "<string>", line 9, in <module>\n  File "/home/lijiaxing/.conda/envs/api/lib/python3.10/dataclasses.py", line 1184, in dataclass\n    return wrap(cls)\n  File "/home/lijiaxing/.conda/envs/api/lib/python3.10/dataclasses.py", line 1175, in wrap\n    return _process_class(cls, init, repr, eq, order, unsafe_hash,\n  File "/home/lijiaxing/.conda/envs/api/lib/python3.10/dataclasses.py", line 944, in _process_class\n    and _is_type(type, cls, dataclasses, dataclasses.KW_ONLY,\n  File "/home/lijiaxing/.conda/envs/api/lib/python3.10/dataclasses.py", line 711, in _is_type\n    ns = sys.modules.get(cls.__module__).__dict__\nAttributeError: \'NoneType\' object has no attribute \'__dict__\'. Did you mean: \'__dir__\'?\n'}
2025-08-12 17:41:43,426 - openevolve.RemoteSpeedupEvaluator - INFO - [level5_12_deepseekv3_MLA_decode] verify_plus payload: reference_code(11886 chars) + custom_code(12007 chars)
2025-08-12 17:41:45,940 - openevolve.RemoteSpeedupEvaluator - INFO - [level5_12_deepseekv3_MLA_decode] verify_plus request success
2025-08-12 17:41:45,940 - openevolve.RemoteSpeedupEvaluator - INFO - [level5_12_deepseekv3_MLA_decode] verify_plus response: {"id":"level5_12_deepseekv3_MLA_decode","result":{"error":"'NoneType' object has no attribute '__dict__'\nTraceback (most recent call last):\n  File \"/cpfs01/shared/llm_kernel/hujiakai/KernelLLM/validation_api_server/evaluator.py\", line 92, in _measure_perf_worker\n    exec(textwrap.dedent(code_src), temp_module.__dict__)\n  File \"<string>\", line 9, in <module>\n  File \"/home/lijiaxing/.conda/envs/api/lib/python3.10/dataclasses.py\", line 1184, in dataclass\n    return wrap(cls)\n  File \"/home/lijiaxing/.conda/envs/api/lib/python3.10/dataclasses.py\", line 1175, in wrap\n    return _process_class(cls, init, repr, eq, order, unsafe_hash,\n  File \"/home/lijiaxing/.conda/envs/api/lib/python3.10/dataclasses.py\", line 944, in _process_class\n    and _is_type(type, cls, dataclasses, data
2025-08-12 17:41:45,940 - openevolve.evaluator - WARNING - Evaluation attempt 3/4 failed for program 6e1b58e9-45d8-4254-93e4-32e70e558ade: Error: The reference code is not valid or correct. The verify result is: {'error': '\'NoneType\' object has no attribute \'__dict__\'\nTraceback (most recent call last):\n  File "/cpfs01/shared/llm_kernel/hujiakai/KernelLLM/validation_api_server/evaluator.py", line 92, in _measure_perf_worker\n    exec(textwrap.dedent(code_src), temp_module.__dict__)\n  File "<string>", line 9, in <module>\n  File "/home/lijiaxing/.conda/envs/api/lib/python3.10/dataclasses.py", line 1184, in dataclass\n    return wrap(cls)\n  File "/home/lijiaxing/.conda/envs/api/lib/python3.10/dataclasses.py", line 1175, in wrap\n    return _process_class(cls, init, repr, eq, order, unsafe_hash,\n  File "/home/lijiaxing/.conda/envs/api/lib/python3.10/dataclasses.py", line 944, in _process_class\n    and _is_type(type, cls, dataclasses, dataclasses.KW_ONLY,\n  File "/home/lijiaxing/.conda/envs/api/lib/python3.10/dataclasses.py", line 711, in _is_type\n    ns = sys.modules.get(cls.__module__).__dict__\nAttributeError: \'NoneType\' object has no attribute \'__dict__\'. Did you mean: \'__dir__\'?\n'}
2025-08-12 17:41:46,943 - openevolve.RemoteSpeedupEvaluator - INFO - [level5_12_deepseekv3_MLA_decode] verify_plus payload: reference_code(11886 chars) + custom_code(12007 chars)
2025-08-12 17:41:49,186 - openevolve.RemoteSpeedupEvaluator - INFO - [level5_12_deepseekv3_MLA_decode] verify_plus request success
2025-08-12 17:41:49,186 - openevolve.RemoteSpeedupEvaluator - INFO - [level5_12_deepseekv3_MLA_decode] verify_plus response: {"id":"level5_12_deepseekv3_MLA_decode","result":{"error":"'NoneType' object has no attribute '__dict__'\nTraceback (most recent call last):\n  File \"/cpfs01/shared/llm_kernel/hujiakai/KernelLLM/validation_api_server/evaluator.py\", line 92, in _measure_perf_worker\n    exec(textwrap.dedent(code_src), temp_module.__dict__)\n  File \"<string>\", line 9, in <module>\n  File \"/home/lijiaxing/.conda/envs/api/lib/python3.10/dataclasses.py\", line 1184, in dataclass\n    return wrap(cls)\n  File \"/home/lijiaxing/.conda/envs/api/lib/python3.10/dataclasses.py\", line 1175, in wrap\n    return _process_class(cls, init, repr, eq, order, unsafe_hash,\n  File \"/home/lijiaxing/.conda/envs/api/lib/python3.10/dataclasses.py\", line 944, in _process_class\n    and _is_type(type, cls, dataclasses, data
2025-08-12 17:41:49,187 - openevolve.evaluator - WARNING - Evaluation attempt 4/4 failed for program 6e1b58e9-45d8-4254-93e4-32e70e558ade: Error: The reference code is not valid or correct. The verify result is: {'error': '\'NoneType\' object has no attribute \'__dict__\'\nTraceback (most recent call last):\n  File "/cpfs01/shared/llm_kernel/hujiakai/KernelLLM/validation_api_server/evaluator.py", line 92, in _measure_perf_worker\n    exec(textwrap.dedent(code_src), temp_module.__dict__)\n  File "<string>", line 9, in <module>\n  File "/home/lijiaxing/.conda/envs/api/lib/python3.10/dataclasses.py", line 1184, in dataclass\n    return wrap(cls)\n  File "/home/lijiaxing/.conda/envs/api/lib/python3.10/dataclasses.py", line 1175, in wrap\n    return _process_class(cls, init, repr, eq, order, unsafe_hash,\n  File "/home/lijiaxing/.conda/envs/api/lib/python3.10/dataclasses.py", line 944, in _process_class\n    and _is_type(type, cls, dataclasses, dataclasses.KW_ONLY,\n  File "/home/lijiaxing/.conda/envs/api/lib/python3.10/dataclasses.py", line 711, in _is_type\n    ns = sys.modules.get(cls.__module__).__dict__\nAttributeError: \'NoneType\' object has no attribute \'__dict__\'. Did you mean: \'__dir__\'?\n'}
2025-08-12 17:41:49,189 - openevolve.evaluator - ERROR - All evaluation attempts failed for program 6e1b58e9-45d8-4254-93e4-32e70e558ade. Last error: Error: The reference code is not valid or correct. The verify result is: {'error': '\'NoneType\' object has no attribute \'__dict__\'\nTraceback (most recent call last):\n  File "/cpfs01/shared/llm_kernel/hujiakai/KernelLLM/validation_api_server/evaluator.py", line 92, in _measure_perf_worker\n    exec(textwrap.dedent(code_src), temp_module.__dict__)\n  File "<string>", line 9, in <module>\n  File "/home/lijiaxing/.conda/envs/api/lib/python3.10/dataclasses.py", line 1184, in dataclass\n    return wrap(cls)\n  File "/home/lijiaxing/.conda/envs/api/lib/python3.10/dataclasses.py", line 1175, in wrap\n    return _process_class(cls, init, repr, eq, order, unsafe_hash,\n  File "/home/lijiaxing/.conda/envs/api/lib/python3.10/dataclasses.py", line 944, in _process_class\n    and _is_type(type, cls, dataclasses, dataclasses.KW_ONLY,\n  File "/home/lijiaxing/.conda/envs/api/lib/python3.10/dataclasses.py", line 711, in _is_type\n    ns = sys.modules.get(cls.__module__).__dict__\nAttributeError: \'NoneType\' object has no attribute \'__dict__\'. Did you mean: \'__dir__\'?\n'}
2025-08-12 17:41:49,190 - __main__ - ERROR - ðŸ’¥ å¤±è´¥ level5_12_deepseekv3_MLA_decode: 'score'
2025-08-12 17:41:49,191 - __main__ - INFO - ----------------------------------------------------------------------
2025-08-12 17:41:49,191 - __main__ - INFO - ðŸ“Š è¿›ç¨‹ rank=25 ç»“æŸ | æˆåŠŸ 8 | å¤±è´¥ 2
2025-08-12 17:41:49,191 - __main__ - INFO - ----------------------------------------------------------------------
