{
  "id": "75a5fd2a-9b33-4c07-8db6-712723fd9414",
  "generation": 1,
  "iteration": 2,
  "current_iteration": 9,
  "metrics": {
    "compiled": true,
    "correctness": false,
    "score": 10,
    "stage": "wrong_answer",
    "verify_payload": {
      "id": "level1_17_Matmul_with_transposed_B",
      "result": {
        "compiled": true,
        "correctness": false,
        "metadata": {
          "hardware": "NVIDIA L20Y",
          "device": "cuda:3",
          "runtime_error": "Traceback (most recent call last):\n  File \"/home/lijiaxing/.conda/envs/api/lib/python3.10/site-packages/triton/language/core.py\", line 42, in wrapper\n    return fn(*args, **kwargs)\nTypeError: dot() got an unexpected keyword argument 'trans_b'\n\nThe above exception was the direct cause of the following exception:\n\nTraceback (most recent call last):\n  File \"/cpfs01/shared/llm_kernel/hujiakai/KernelLLM/validation_api_server/helpers/evaluations.py\", line 720, in run_and_check_correctness\n    output_new = model_new(*inputs)\n  File \"/home/lijiaxing/.conda/envs/api/lib/python3.10/site-packages/torch/nn/modules/module.py\", line 1773, in _wrapped_call_impl\n    return self._call_impl(*args, **kwargs)\n  File \"/home/lijiaxing/.conda/envs/api/lib/python3.10/site-packages/torch/nn/modules/module.py\", line 1784, in _call_impl\n    return forward_call(*args, **kwargs)\n  File \"/tmp/tmpgpk7lfxo.py\", line 76, in forward\n    matmul_kernel[grid](\n  File \"/home/lijiaxing/.conda/envs/api/lib/python3.10/site-packages/triton/runtime/jit.py\", line 390, in <lambda>\n    return lambda *args, **kwargs: self.run(grid=grid, warmup=False, *args, **kwargs)\n  File \"/home/lijiaxing/.conda/envs/api/lib/python3.10/site-packages/triton/runtime/autotuner.py\", line 239, in run\n    benchmark()\n  File \"/home/lijiaxing/.conda/envs/api/lib/python3.10/site-packages/triton/runtime/autotuner.py\", line 228, in benchmark\n    timings = {config: self._bench(*args, config=config, **kwargs) for config in pruned_configs}\n  File \"/home/lijiaxing/.conda/envs/api/lib/python3.10/site-packages/triton/runtime/autotuner.py\", line 228, in <dictcomp>\n    timings = {config: self._bench(*args, config=config, **kwargs) for config in pruned_configs}\n  File \"/home/lijiaxing/.conda/envs/api/lib/python3.10/site-packages/triton/runtime/autotuner.py\", line 160, in _bench\n    return self.do_bench(kernel_call, quantiles=(0.5, 0.2, 0.8))\n  File \"/home/lijiaxing/.conda/envs/api/lib/python3.10/site-packages/triton/testing.py\", line 149, in do_bench\n    fn()\n  File \"/home/lijiaxing/.conda/envs/api/lib/python3.10/site-packages/triton/runtime/autotuner.py\", line 146, in kernel_call\n    self.fn.run(\n  File \"/home/lijiaxing/.conda/envs/api/lib/python3.10/site-packages/triton/runtime/jit.py\", line 594, in run\n    kernel = self.compile(src, target=target, options=options.__dict__)\n  File \"/home/lijiaxing/.conda/envs/api/lib/python3.10/site-packages/triton/compiler/compiler.py\", line 339, in compile\n    module = src.make_ir(options, codegen_fns, module_map, context)\n  File \"/home/lijiaxing/.conda/envs/api/lib/python3.10/site-packages/triton/compiler/compiler.py\", line 83, in make_ir\n    return ast_to_ttir(self.fn, self, context=context, options=options, codegen_fns=codegen_fns,\ntriton.compiler.errors.CompilationError: at 31:23:\n    b_ptrs = b_ptr + offs_n[:, None] * stride_bn + offs_k[None, :] * stride_bk\n\n    accumulator = tl.zeros((BLOCK_M, BLOCK_N), dtype=tl.float32)\n\n    for k in range(0, tl.cdiv(K, BLOCK_K)):\n        k_remaining = K - k * BLOCK_K\n        k_mask = offs_k < k_remaining\n\n        a = tl.load(a_ptrs, mask=k_mask[None, :], other=0.0)\n        b = tl.load(b_ptrs, mask=k_mask[None, :], other=0.0)\n\n        accumulator += tl.dot(a, b, trans_b=True, allow_tf32=True)\n                       ^\n\n\nThe above exception was the direct cause of the following exception:\n\nTraceback (most recent call last):\n  File \"/home/lijiaxing/.conda/envs/api/lib/python3.10/site-packages/triton/language/core.py\", line 42, in wrapper\n    return fn(*args, **kwargs)\nTypeError: dot() got an unexpected keyword argument 'trans_b'\n",
          "runtime_error_name": "triton.compiler.errors.CompilationError",
          "reference_timing_ms": 0.366,
          "speed_up": -1.0,
          "custom_timing": -1.0
        },
        "runtime": -1.0,
        "runtime_stats": {}
      }
    }
  },
  "language": "python",
  "timestamp": 1754634336.8948696,
  "saved_at": 1754636695.9360974
}