2025-08-08 17:17:52,238 - openevolve.controller - INFO - Logging to openevolve_output/level1_84_conv_depthwise_2D_asymmetric_input_square_kernel/logs/openevolve_20250808_171752.log
2025-08-08 17:17:52,238 - openevolve.controller - INFO - Set random seed to 42 for reproducibility
2025-08-08 17:17:52,280 - openevolve.llm.ensemble - INFO - Initialized LLM ensemble with models: deepseek (weight: 0.80), deepseek (weight: 0.20)
2025-08-08 17:17:52,320 - openevolve.llm.ensemble - INFO - Initialized LLM ensemble with models: deepseek (weight: 0.80), deepseek (weight: 0.20)
2025-08-08 17:17:52,320 - openevolve.prompt.sampler - INFO - Set custom templates: system=evaluator_system_message, user=None
2025-08-08 17:17:52,320 - openevolve.database - INFO - Initialized program database with 0 programs
2025-08-08 17:17:52,360 - openevolve.evaluator - INFO - Successfully loaded evaluation function from openevolve_output/level1_84_conv_depthwise_2D_asymmetric_input_square_kernel/evaluation.py
2025-08-08 17:17:52,360 - openevolve.evaluator - INFO - Initialized evaluator with openevolve_output/level1_84_conv_depthwise_2D_asymmetric_input_square_kernel/evaluation.py
2025-08-08 17:17:52,360 - openevolve.controller - INFO - Initialized OpenEvolve with /tmp/1bb6bd1c457f6802d29ed44a6d703fff.py
2025-08-08 17:17:52,360 - openevolve.controller - INFO - Adding initial program to database
2025-08-08 17:17:52,361 - openevolve.RemoteSpeedupEvaluator - INFO - [level1_84_conv_depthwise_2D_asymmetric_input_square_kernel] verify_plus payload: reference_code(1678 chars) + custom_code(1802 chars)
2025-08-08 17:17:55,005 - openevolve.RemoteSpeedupEvaluator - INFO - [level1_84_conv_depthwise_2D_asymmetric_input_square_kernel] verify_plus request success
2025-08-08 17:17:55,006 - openevolve.RemoteSpeedupEvaluator - INFO - [level1_84_conv_depthwise_2D_asymmetric_input_square_kernel] verify_plus response: {"id":"level1_84_conv_depthwise_2D_asymmetric_input_square_kernel","result":{"compiled":true,"correctness":true,"metadata":{"hardware":"NVIDIA L20Y","device":"cuda:1","correctness_trials":"(5 / 5)","reference_timing_ms":0.0301,"speed_up":1.01,"custom_timing":0.0298},"runtime":0.0298,"runtime_stats":{"mean":0.0298,"std":0.00182,"min":0.0284,"max":0.0407,"num_trials":100,"hardware":"NVIDIA L20Y","device":"cuda:1"}}}
2025-08-08 17:17:55,006 - openevolve.evaluator - INFO - Evaluated program d91137ae-5fbe-4e53-b889-be7299fe8179 in 2.65s: compiled=1.0000, correctness=1.0000, stage=reference code, passed=0.0000, score=0.0000, speed_up=1.0000, runtime_ms=0.0298, meta={'hardware': 'NVIDIA L20Y', 'device': 'cuda:1', 'correctness_trials': '(5 / 5)', 'reference_timing_ms': 0.0301, 'speed_up': 1.01, 'custom_timing': 0.0298}
2025-08-08 17:17:55,006 - openevolve.database - INFO - New MAP-Elites cell occupied: {'score': 0, 'complexity': 1}
2025-08-08 17:17:55,059 - openevolve.threaded_parallel - INFO - Initializing threaded evaluation pool with 3 workers
2025-08-08 17:17:55,061 - openevolve.threaded_parallel - INFO - Started thread pool with 3 threads
2025-08-08 17:17:55,061 - openevolve.threaded_parallel - INFO - Started improved parallel controller
2025-08-08 17:17:55,061 - openevolve.controller - INFO - Using island-based evolution with 3 islands
2025-08-08 17:17:55,061 - openevolve.database - INFO - Island Status:
2025-08-08 17:17:55,061 - openevolve.database - INFO -  * Island 0: 1 programs, best=0.0000, avg=0.0000, diversity=0.00, gen=0 (best: d91137ae-5fbe-4e53-b889-be7299fe8179)
2025-08-08 17:17:55,061 - openevolve.database - INFO -    Island 1: 0 programs, best=0.0000, avg=0.0000, diversity=0.00, gen=0
2025-08-08 17:17:55,061 - openevolve.database - INFO -    Island 2: 0 programs, best=0.0000, avg=0.0000, diversity=0.00, gen=0
2025-08-08 17:17:55,061 - openevolve.threaded_parallel - INFO - Starting improved parallel evolution from iteration 0 for 30 iterations (total: 30)
2025-08-08 17:17:55,196 - openevolve.llm.ensemble - INFO - Initialized LLM ensemble with models: deepseek (weight: 0.80), deepseek (weight: 0.20)
2025-08-08 17:17:55,204 - openevolve.llm.ensemble - INFO - Initialized LLM ensemble with models: deepseek (weight: 0.80), deepseek (weight: 0.20)
2025-08-08 17:17:55,215 - openevolve.llm.ensemble - INFO - Initialized LLM ensemble with models: deepseek (weight: 0.80), deepseek (weight: 0.20)
2025-08-08 17:17:55,328 - openevolve.llm.ensemble - INFO - Initialized LLM ensemble with models: deepseek (weight: 0.80), deepseek (weight: 0.20)
2025-08-08 17:17:55,328 - openevolve.prompt.sampler - INFO - Set custom templates: system=evaluator_system_message, user=None
2025-08-08 17:17:55,331 - openevolve.evaluator - INFO - Successfully loaded evaluation function from openevolve_output/level1_84_conv_depthwise_2D_asymmetric_input_square_kernel/evaluation.py
2025-08-08 17:17:55,331 - openevolve.evaluator - INFO - Initialized evaluator with openevolve_output/level1_84_conv_depthwise_2D_asymmetric_input_square_kernel/evaluation.py
2025-08-08 17:17:55,333 - openevolve.llm.ensemble - INFO - Sampled model: deepseek
2025-08-08 17:17:55,340 - openevolve.llm.ensemble - INFO - Initialized LLM ensemble with models: deepseek (weight: 0.80), deepseek (weight: 0.20)
2025-08-08 17:17:55,340 - openevolve.prompt.sampler - INFO - Set custom templates: system=evaluator_system_message, user=None
2025-08-08 17:17:55,342 - openevolve.evaluator - INFO - Successfully loaded evaluation function from openevolve_output/level1_84_conv_depthwise_2D_asymmetric_input_square_kernel/evaluation.py
2025-08-08 17:17:55,342 - openevolve.evaluator - INFO - Initialized evaluator with openevolve_output/level1_84_conv_depthwise_2D_asymmetric_input_square_kernel/evaluation.py
2025-08-08 17:17:55,344 - openevolve.llm.ensemble - INFO - Sampled model: deepseek
2025-08-08 17:17:55,346 - openevolve.llm.ensemble - INFO - Initialized LLM ensemble with models: deepseek (weight: 0.80), deepseek (weight: 0.20)
2025-08-08 17:17:55,346 - openevolve.prompt.sampler - INFO - Set custom templates: system=evaluator_system_message, user=None
2025-08-08 17:17:55,348 - openevolve.evaluator - INFO - Successfully loaded evaluation function from openevolve_output/level1_84_conv_depthwise_2D_asymmetric_input_square_kernel/evaluation.py
2025-08-08 17:17:55,348 - openevolve.evaluator - INFO - Initialized evaluator with openevolve_output/level1_84_conv_depthwise_2D_asymmetric_input_square_kernel/evaluation.py
2025-08-08 17:17:55,349 - openevolve.llm.ensemble - INFO - Sampled model: deepseek
2025-08-08 17:29:10,683 - openevolve.RemoteSpeedupEvaluator - INFO - [level1_84_conv_depthwise_2D_asymmetric_input_square_kernel] triton key words check pass
2025-08-08 17:29:10,685 - openevolve.RemoteSpeedupEvaluator - INFO - [level1_84_conv_depthwise_2D_asymmetric_input_square_kernel] verify_plus payload: reference_code(1678 chars) + custom_code(4061 chars)
2025-08-08 17:29:13,979 - openevolve.RemoteSpeedupEvaluator - INFO - [level1_84_conv_depthwise_2D_asymmetric_input_square_kernel] verify_plus request success
2025-08-08 17:29:13,980 - openevolve.RemoteSpeedupEvaluator - INFO - [level1_84_conv_depthwise_2D_asymmetric_input_square_kernel] verify_plus response: {"id":"level1_84_conv_depthwise_2D_asymmetric_input_square_kernel","result":{"compiled":true,"correctness":true,"metadata":{"hardware":"NVIDIA L20Y","device":"cuda:7","correctness_trials":"(5 / 5)","reference_timing_ms":0.0301,"speed_up":0.352,"custom_timing":0.0856},"runtime":0.0856,"runtime_stats":{"mean":0.0856,"std":0.0017,"min":0.0826,"max":0.0935,"num_trials":100,"hardware":"NVIDIA L20Y","device":"cuda:7"}}}
2025-08-08 17:29:13,980 - openevolve.RemoteSpeedupEvaluator - INFO - [level1_84_conv_depthwise_2D_asymmetric_input_square_kernel] âœ” success | speed_up=0.352  score=20.00
2025-08-08 17:29:13,981 - openevolve.evaluator - INFO - Evaluated program 79b44ec7-454b-4fe3-a34f-8c14ad2c447a in 3.30s: compiled=1.0000, correctness=1.0000, stage=success, passed=0.0000, score=20.0000, speed_up=0.3520, runtime_ms=0.0856, meta={'hardware': 'NVIDIA L20Y', 'device': 'cuda:7', 'correctness_trials': '(5 / 5)', 'reference_timing_ms': 0.0301, 'speed_up': 0.352, 'custom_timing': 0.0856}
2025-08-08 17:29:13,984 - openevolve.llm.ensemble - INFO - Sampled model: deepseek
2025-08-08 17:29:13,985 - openevolve.database - INFO - New MAP-Elites cell occupied: {'score': 9, 'complexity': 9}
2025-08-08 17:29:13,985 - openevolve.database - INFO - New best program 79b44ec7-454b-4fe3-a34f-8c14ad2c447a replaces d91137ae-5fbe-4e53-b889-be7299fe8179
2025-08-08 17:29:13,998 - openevolve.threaded_parallel - INFO - Iteration 2: Program 79b44ec7-454b-4fe3-a34f-8c14ad2c447a (parent: d91137ae-5fbe-4e53-b889-be7299fe8179) completed in 678.64s
2025-08-08 17:29:13,999 - openevolve.threaded_parallel - INFO - Metrics: compiled=1.0000, correctness=1.0000, stage=success, passed=0.0000, score=20.0000, speed_up=0.3520, runtime_ms=0.0856, meta={'hardware': 'NVIDIA L20Y', 'device': 'cuda:7', 'correctness_trials': '(5 / 5)', 'reference_timing_ms': 0.0301, 'speed_up': 0.352, 'custom_timing': 0.0856}
2025-08-08 17:29:13,999 - openevolve.threaded_parallel - INFO - ðŸŒŸ New best solution found at iteration 2: 79b44ec7-454b-4fe3-a34f-8c14ad2c447a
2025-08-08 17:33:33,597 - openevolve.RemoteSpeedupEvaluator - INFO - [level1_84_conv_depthwise_2D_asymmetric_input_square_kernel] triton key words check pass
2025-08-08 17:33:33,598 - openevolve.RemoteSpeedupEvaluator - INFO - [level1_84_conv_depthwise_2D_asymmetric_input_square_kernel] verify_plus payload: reference_code(1678 chars) + custom_code(4303 chars)
2025-08-08 17:33:36,865 - openevolve.RemoteSpeedupEvaluator - INFO - [level1_84_conv_depthwise_2D_asymmetric_input_square_kernel] verify_plus request success
2025-08-08 17:33:36,866 - openevolve.RemoteSpeedupEvaluator - INFO - [level1_84_conv_depthwise_2D_asymmetric_input_square_kernel] verify_plus response: {"id":"level1_84_conv_depthwise_2D_asymmetric_input_square_kernel","result":{"compiled":true,"correctness":false,"metadata":{"hardware":"NVIDIA L20Y","device":"cuda:7","max_difference":["4.182371","4.071887","4.051472","4.011905","4.015185"],"avg_difference":["0.559656","0.558394","0.553539","0.562404","0.558698"],"correctness_issue":"Output mismatch","correctness_trials":"(0 / 5)","reference_timing_ms":0.0301,"speed_up":-1.0,"custom_timing":-1.0},"runtime":-1.0,"runtime_stats":{}}}
2025-08-08 17:33:36,866 - openevolve.RemoteSpeedupEvaluator - INFO - [level1_84_conv_depthwise_2D_asymmetric_input_square_kernel] âœ˜ wrong_answer
2025-08-08 17:33:36,866 - openevolve.evaluator - INFO - Evaluated program 138f1104-08c7-45a4-8aa8-5d5cbb99e92e in 3.27s: compiled=1.0000, correctness=0.0000, score=10.0000, stage=wrong_answer, verify_payload={'id': 'level1_84_conv_depthwise_2D_asymmetric_input_square_kernel', 'result': {'compiled': True, 'correctness': False, 'metadata': {'hardware': 'NVIDIA L20Y', 'device': 'cuda:7', 'max_difference': ['4.182371', '4.071887', '4.051472', '4.011905', '4.015185'], 'avg_difference': ['0.559656', '0.558394', '0.553539', '0.562404', '0.558698'], 'correctness_issue': 'Output mismatch', 'correctness_trials': '(0 / 5)', 'reference_timing_ms': 0.0301, 'speed_up': -1.0, 'custom_timing': -1.0}, 'runtime': -1.0, 'runtime_stats': {}}}
2025-08-08 17:33:36,870 - openevolve.llm.ensemble - INFO - Sampled model: deepseek
2025-08-08 17:33:36,888 - openevolve.threaded_parallel - INFO - Iteration 0: Program 138f1104-08c7-45a4-8aa8-5d5cbb99e92e (parent: d91137ae-5fbe-4e53-b889-be7299fe8179) completed in 941.53s
2025-08-08 17:33:36,888 - openevolve.threaded_parallel - INFO - Metrics: compiled=1.0000, correctness=0.0000, score=10.0000, stage=wrong_answer, verify_payload={'id': 'level1_84_conv_depthwise_2D_asymmetric_input_square_kernel', 'result': {'compiled': True, 'correctness': False, 'metadata': {'hardware': 'NVIDIA L20Y', 'device': 'cuda:7', 'max_difference': ['4.182371', '4.071887', '4.051472', '4.011905', '4.015185'], 'avg_difference': ['0.559656', '0.558394', '0.553539', '0.562404', '0.558698'], 'correctness_issue': 'Output mismatch', 'correctness_trials': '(0 / 5)', 'reference_timing_ms': 0.0301, 'speed_up': -1.0, 'custom_timing': -1.0}, 'runtime': -1.0, 'runtime_stats': {}}}
2025-08-08 17:33:36,888 - openevolve.threaded_parallel - INFO - Checkpoint interval reached at iteration 0
2025-08-08 17:33:36,889 - openevolve.database - INFO - Island Status:
2025-08-08 17:33:36,889 - openevolve.database - INFO -  * Island 0: 3 programs, best=20.0000, avg=10.0000, diversity=725.60, gen=2 (best: 79b44ec7-454b-4fe3-a34f-8c14ad2c447a)
2025-08-08 17:33:36,889 - openevolve.database - INFO -    Island 1: 0 programs, best=0.0000, avg=0.0000, diversity=0.00, gen=0
2025-08-08 17:33:36,889 - openevolve.database - INFO -    Island 2: 0 programs, best=0.0000, avg=0.0000, diversity=0.00, gen=0
2025-08-08 17:33:36,928 - openevolve.database - INFO - Saved database with 3 programs to openevolve_output/level1_84_conv_depthwise_2D_asymmetric_input_square_kernel/checkpoints/checkpoint_0
2025-08-08 17:33:36,943 - openevolve.controller - INFO - Saved best program at checkpoint 0 with metrics: compiled=1.0000, correctness=1.0000, stage=success, passed=0.0000, score=20.0000, speed_up=0.3520, runtime_ms=0.0856, meta={'hardware': 'NVIDIA L20Y', 'device': 'cuda:7', 'correctness_trials': '(5 / 5)', 'reference_timing_ms': 0.0301, 'speed_up': 0.352, 'custom_timing': 0.0856}
2025-08-08 17:33:36,943 - openevolve.controller - INFO - Saved checkpoint at iteration 0 to openevolve_output/level1_84_conv_depthwise_2D_asymmetric_input_square_kernel/checkpoints/checkpoint_0
2025-08-08 17:34:56,439 - openevolve.RemoteSpeedupEvaluator - INFO - [level1_84_conv_depthwise_2D_asymmetric_input_square_kernel] triton key words check pass
2025-08-08 17:34:56,441 - openevolve.RemoteSpeedupEvaluator - INFO - [level1_84_conv_depthwise_2D_asymmetric_input_square_kernel] verify_plus payload: reference_code(1678 chars) + custom_code(5420 chars)
2025-08-08 17:34:59,199 - openevolve.RemoteSpeedupEvaluator - INFO - [level1_84_conv_depthwise_2D_asymmetric_input_square_kernel] verify_plus request success
2025-08-08 17:34:59,200 - openevolve.RemoteSpeedupEvaluator - INFO - [level1_84_conv_depthwise_2D_asymmetric_input_square_kernel] verify_plus response: {"id":"level1_84_conv_depthwise_2D_asymmetric_input_square_kernel","result":{"compiled":true,"correctness":false,"metadata":{"hardware":"NVIDIA L20Y","device":"cuda:7","runtime_error":"Traceback (most recent call last):\n  File \"/home/lijiaxing/.conda/envs/api/lib/python3.10/site-packages/triton/language/core.py\", line 42, in wrapper\n    return fn(*args, **kwargs)\n  File \"/home/lijiaxing/.conda/envs/api/lib/python3.10/site-packages/triton/language/core.py\", line 1693, in full\n    shape = _shape_check_impl(shape)\n  File \"/home/lijiaxing/.conda/envs/api/lib/python3.10/site-packages/triton/language/core.py\", line 1677, in _shape_check_impl\n    validate_block_shape(shape)\n  File \"/home/lijiaxing/.conda/envs/api/lib/python3.10/site-packages/triton/_utils.py\", line 52, in validate_
2025-08-08 17:34:59,200 - openevolve.RemoteSpeedupEvaluator - INFO - [level1_84_conv_depthwise_2D_asymmetric_input_square_kernel] âœ˜ wrong_answer
2025-08-08 17:34:59,200 - openevolve.evaluator - INFO - Evaluated program 8339c307-2292-4f01-9106-a5f7ec146d66 in 2.76s: compiled=1.0000, correctness=0.0000, score=10.0000, stage=wrong_answer, verify_payload={'id': 'level1_84_conv_depthwise_2D_asymmetric_input_square_kernel', 'result': {'compiled': True, 'correctness': False, 'metadata': {'hardware': 'NVIDIA L20Y', 'device': 'cuda:7', 'runtime_error': 'Traceback (most recent call last):\n  File "/home/lijiaxing/.conda/envs/api/lib/python3.10/site-packages/triton/language/core.py", line 42, in wrapper\n    return fn(*args, **kwargs)\n  File "/home/lijiaxing/.conda/envs/api/lib/python3.10/site-packages/triton/language/core.py", line 1693, in full\n    shape = _shape_check_impl(shape)\n  File "/home/lijiaxing/.conda/envs/api/lib/python3.10/site-packages/triton/language/core.py", line 1677, in _shape_check_impl\n    validate_block_shape(shape)\n  File "/home/lijiaxing/.conda/envs/api/lib/python3.10/site-packages/triton/_utils.py", line 52, in validate_block_shape\n    raise ValueError(f"Shape element {i} must be a power of 2")\nValueError: Shape element 0 must be a power of 2\n\nThe above exception was the direct cause of the following exception:\n\ntriton.compiler.errors.CompilationError: at 10:11:\ndef zeros(shape, dtype):\n    """\n    Returns a tensor filled with the scalar value 0 for the given :code:`shape` and :code:`dtype`.\n\n    :param shape: Shape of the new array, e.g., (8, 16) or (8, )\n    :type shape: tuple of ints\n    :param dtype: Data-type of the new array, e.g., :code:`tl.float16`\n    :type dtype: DType\n    """\n    return core.full(shape, 0, dtype)\n           ^\n\nThe above exception was the direct cause of the following exception:\n\nTraceback (most recent call last):\n  File "/cpfs01/shared/llm_kernel/hujiakai/KernelLLM/validation_api_server/helpers/evaluations.py", line 720, in run_and_check_correctness\n    output_new = model_new(*inputs)\n  File "/home/lijiaxing/.conda/envs/api/lib/python3.10/site-packages/torch/nn/modules/module.py", line 1773, in _wrapped_call_impl\n    return self._call_impl(*args, **kwargs)\n  File "/home/lijiaxing/.conda/envs/api/lib/python3.10/site-packages/torch/nn/modules/module.py", line 1784, in _call_impl\n    return forward_call(*args, **kwargs)\n  File "/tmp/tmp2lwjdtyb.py", line 57, in forward\n    _depthwise_conv_kernel[grid](\n  File "/home/lijiaxing/.conda/envs/api/lib/python3.10/site-packages/triton/runtime/jit.py", line 390, in <lambda>\n    return lambda *args, **kwargs: self.run(grid=grid, warmup=False, *args, **kwargs)\n  File "/home/lijiaxing/.conda/envs/api/lib/python3.10/site-packages/triton/runtime/jit.py", line 594, in run\n    kernel = self.compile(src, target=target, options=options.__dict__)\n  File "/home/lijiaxing/.conda/envs/api/lib/python3.10/site-packages/triton/compiler/compiler.py", line 339, in compile\n    module = src.make_ir(options, codegen_fns, module_map, context)\n  File "/home/lijiaxing/.conda/envs/api/lib/python3.10/site-packages/triton/compiler/compiler.py", line 83, in make_ir\n    return ast_to_ttir(self.fn, self, context=context, options=options, codegen_fns=codegen_fns,\ntriton.compiler.errors.CompilationError: at 33:17:\n    n = pid // (H_out * W_out * filters_per_channel)\n    c_in = (pid // (H_out * W_out)) % filters_per_channel\n    pid_res = pid % (H_out * W_out)\n    h_out = pid_res // W_out\n    w_out = pid_res % W_out\n\n    # Calculate input window start position\n    h_start = h_out * stride - padding\n    w_start = w_out * stride - padding\n\n    # Load input window\n    input_vals = tl.zeros((kernel_size, kernel_size), dtype=tl.float32)\n                 ^\n\n\nThe above exception was the direct cause of the following exception:\n\nTraceback (most recent call last):\n  File "/home/lijiaxing/.conda/envs/api/lib/python3.10/site-packages/triton/language/core.py", line 42, in wrapper\n    return fn(*args, **kwargs)\n  File "/home/lijiaxing/.conda/envs/api/lib/python3.10/site-packages/triton/language/core.py", line 1693, in full\n    shape = _shape_check_impl(shape)\n  File "/home/lijiaxing/.conda/envs/api/lib/python3.10/site-packages/triton/language/core.py", line 1677, in _shape_check_impl\n    validate_block_shape(shape)\n  File "/home/lijiaxing/.conda/envs/api/lib/python3.10/site-packages/triton/_utils.py", line 52, in validate_block_shape\n    raise ValueError(f"Shape element {i} must be a power of 2")\nValueError: Shape element 0 must be a power of 2\n\nThe above exception was the direct cause of the following exception:\n\ntriton.compiler.errors.CompilationError: at 10:11:\ndef zeros(shape, dtype):\n    """\n    Returns a tensor filled with the scalar value 0 for the given :code:`shape` and :code:`dtype`.\n\n    :param shape: Shape of the new array, e.g., (8, 16) or (8, )\n    :type shape: tuple of ints\n    :param dtype: Data-type of the new array, e.g., :code:`tl.float16`\n    :type dtype: DType\n    """\n    return core.full(shape, 0, dtype)\n           ^\n\n\nThe above exception was the direct cause of the following exception:\n\nTraceback (most recent call last):\n  File "/home/lijiaxing/.conda/envs/api/lib/python3.10/site-packages/triton/language/core.py", line 42, in wrapper\n    return fn(*args, **kwargs)\n  File "/home/lijiaxing/.conda/envs/api/lib/python3.10/site-packages/triton/language/core.py", line 1693, in full\n    shape = _shape_check_impl(shape)\n  File "/home/lijiaxing/.conda/envs/api/lib/python3.10/site-packages/triton/language/core.py", line 1677, in _shape_check_impl\n    validate_block_shape(shape)\n  File "/home/lijiaxing/.conda/envs/api/lib/python3.10/site-packages/triton/_utils.py", line 52, in validate_block_shape\n    raise ValueError(f"Shape element {i} must be a power of 2")\nValueError: Shape element 0 must be a power of 2\n', 'runtime_error_name': 'triton.compiler.errors.CompilationError', 'reference_timing_ms': 0.0301, 'speed_up': -1.0, 'custom_timing': -1.0}, 'runtime': -1.0, 'runtime_stats': {}}}
2025-08-08 17:34:59,204 - openevolve.llm.ensemble - INFO - Sampled model: deepseek
2025-08-08 17:34:59,232 - openevolve.threaded_parallel - INFO - Iteration 1: Program 8339c307-2292-4f01-9106-a5f7ec146d66 (parent: d91137ae-5fbe-4e53-b889-be7299fe8179) completed in 1023.85s
2025-08-08 17:34:59,232 - openevolve.threaded_parallel - INFO - Metrics: compiled=1.0000, correctness=0.0000, score=10.0000, stage=wrong_answer, verify_payload={'id': 'level1_84_conv_depthwise_2D_asymmetric_input_square_kernel', 'result': {'compiled': True, 'correctness': False, 'metadata': {'hardware': 'NVIDIA L20Y', 'device': 'cuda:7', 'runtime_error': 'Traceback (most recent call last):\n  File "/home/lijiaxing/.conda/envs/api/lib/python3.10/site-packages/triton/language/core.py", line 42, in wrapper\n    return fn(*args, **kwargs)\n  File "/home/lijiaxing/.conda/envs/api/lib/python3.10/site-packages/triton/language/core.py", line 1693, in full\n    shape = _shape_check_impl(shape)\n  File "/home/lijiaxing/.conda/envs/api/lib/python3.10/site-packages/triton/language/core.py", line 1677, in _shape_check_impl\n    validate_block_shape(shape)\n  File "/home/lijiaxing/.conda/envs/api/lib/python3.10/site-packages/triton/_utils.py", line 52, in validate_block_shape\n    raise ValueError(f"Shape element {i} must be a power of 2")\nValueError: Shape element 0 must be a power of 2\n\nThe above exception was the direct cause of the following exception:\n\ntriton.compiler.errors.CompilationError: at 10:11:\ndef zeros(shape, dtype):\n    """\n    Returns a tensor filled with the scalar value 0 for the given :code:`shape` and :code:`dtype`.\n\n    :param shape: Shape of the new array, e.g., (8, 16) or (8, )\n    :type shape: tuple of ints\n    :param dtype: Data-type of the new array, e.g., :code:`tl.float16`\n    :type dtype: DType\n    """\n    return core.full(shape, 0, dtype)\n           ^\n\nThe above exception was the direct cause of the following exception:\n\nTraceback (most recent call last):\n  File "/cpfs01/shared/llm_kernel/hujiakai/KernelLLM/validation_api_server/helpers/evaluations.py", line 720, in run_and_check_correctness\n    output_new = model_new(*inputs)\n  File "/home/lijiaxing/.conda/envs/api/lib/python3.10/site-packages/torch/nn/modules/module.py", line 1773, in _wrapped_call_impl\n    return self._call_impl(*args, **kwargs)\n  File "/home/lijiaxing/.conda/envs/api/lib/python3.10/site-packages/torch/nn/modules/module.py", line 1784, in _call_impl\n    return forward_call(*args, **kwargs)\n  File "/tmp/tmp2lwjdtyb.py", line 57, in forward\n    _depthwise_conv_kernel[grid](\n  File "/home/lijiaxing/.conda/envs/api/lib/python3.10/site-packages/triton/runtime/jit.py", line 390, in <lambda>\n    return lambda *args, **kwargs: self.run(grid=grid, warmup=False, *args, **kwargs)\n  File "/home/lijiaxing/.conda/envs/api/lib/python3.10/site-packages/triton/runtime/jit.py", line 594, in run\n    kernel = self.compile(src, target=target, options=options.__dict__)\n  File "/home/lijiaxing/.conda/envs/api/lib/python3.10/site-packages/triton/compiler/compiler.py", line 339, in compile\n    module = src.make_ir(options, codegen_fns, module_map, context)\n  File "/home/lijiaxing/.conda/envs/api/lib/python3.10/site-packages/triton/compiler/compiler.py", line 83, in make_ir\n    return ast_to_ttir(self.fn, self, context=context, options=options, codegen_fns=codegen_fns,\ntriton.compiler.errors.CompilationError: at 33:17:\n    n = pid // (H_out * W_out * filters_per_channel)\n    c_in = (pid // (H_out * W_out)) % filters_per_channel\n    pid_res = pid % (H_out * W_out)\n    h_out = pid_res // W_out\n    w_out = pid_res % W_out\n\n    # Calculate input window start position\n    h_start = h_out * stride - padding\n    w_start = w_out * stride - padding\n\n    # Load input window\n    input_vals = tl.zeros((kernel_size, kernel_size), dtype=tl.float32)\n                 ^\n\n\nThe above exception was the direct cause of the following exception:\n\nTraceback (most recent call last):\n  File "/home/lijiaxing/.conda/envs/api/lib/python3.10/site-packages/triton/language/core.py", line 42, in wrapper\n    return fn(*args, **kwargs)\n  File "/home/lijiaxing/.conda/envs/api/lib/python3.10/site-packages/triton/language/core.py", line 1693, in full\n    shape = _shape_check_impl(shape)\n  File "/home/lijiaxing/.conda/envs/api/lib/python3.10/site-packages/triton/language/core.py", line 1677, in _shape_check_impl\n    validate_block_shape(shape)\n  File "/home/lijiaxing/.conda/envs/api/lib/python3.10/site-packages/triton/_utils.py", line 52, in validate_block_shape\n    raise ValueError(f"Shape element {i} must be a power of 2")\nValueError: Shape element 0 must be a power of 2\n\nThe above exception was the direct cause of the following exception:\n\ntriton.compiler.errors.CompilationError: at 10:11:\ndef zeros(shape, dtype):\n    """\n    Returns a tensor filled with the scalar value 0 for the given :code:`shape` and :code:`dtype`.\n\n    :param shape: Shape of the new array, e.g., (8, 16) or (8, )\n    :type shape: tuple of ints\n    :param dtype: Data-type of the new array, e.g., :code:`tl.float16`\n    :type dtype: DType\n    """\n    return core.full(shape, 0, dtype)\n           ^\n\n\nThe above exception was the direct cause of the following exception:\n\nTraceback (most recent call last):\n  File "/home/lijiaxing/.conda/envs/api/lib/python3.10/site-packages/triton/language/core.py", line 42, in wrapper\n    return fn(*args, **kwargs)\n  File "/home/lijiaxing/.conda/envs/api/lib/python3.10/site-packages/triton/language/core.py", line 1693, in full\n    shape = _shape_check_impl(shape)\n  File "/home/lijiaxing/.conda/envs/api/lib/python3.10/site-packages/triton/language/core.py", line 1677, in _shape_check_impl\n    validate_block_shape(shape)\n  File "/home/lijiaxing/.conda/envs/api/lib/python3.10/site-packages/triton/_utils.py", line 52, in validate_block_shape\n    raise ValueError(f"Shape element {i} must be a power of 2")\nValueError: Shape element 0 must be a power of 2\n', 'runtime_error_name': 'triton.compiler.errors.CompilationError', 'reference_timing_ms': 0.0301, 'speed_up': -1.0, 'custom_timing': -1.0}, 'runtime': -1.0, 'runtime_stats': {}}}
2025-08-08 17:37:36,769 - openevolve.RemoteSpeedupEvaluator - INFO - [level1_84_conv_depthwise_2D_asymmetric_input_square_kernel] triton key words check pass
2025-08-08 17:37:36,771 - openevolve.RemoteSpeedupEvaluator - INFO - [level1_84_conv_depthwise_2D_asymmetric_input_square_kernel] verify_plus payload: reference_code(1678 chars) + custom_code(4755 chars)
2025-08-08 17:37:39,864 - openevolve.RemoteSpeedupEvaluator - INFO - [level1_84_conv_depthwise_2D_asymmetric_input_square_kernel] verify_plus request success
2025-08-08 17:37:39,864 - openevolve.RemoteSpeedupEvaluator - INFO - [level1_84_conv_depthwise_2D_asymmetric_input_square_kernel] verify_plus response: {"id":"level1_84_conv_depthwise_2D_asymmetric_input_square_kernel","result":{"compiled":true,"correctness":true,"metadata":{"hardware":"NVIDIA L20Y","device":"cuda:5","correctness_trials":"(5 / 5)","reference_timing_ms":0.0301,"speed_up":0.473,"custom_timing":0.0636},"runtime":0.0636,"runtime_stats":{"mean":0.0636,"std":0.00173,"min":0.0613,"max":0.072,"num_trials":100,"hardware":"NVIDIA L20Y","device":"cuda:5"}}}
2025-08-08 17:37:39,864 - openevolve.RemoteSpeedupEvaluator - INFO - [level1_84_conv_depthwise_2D_asymmetric_input_square_kernel] âœ” success | speed_up=0.473  score=20.00
2025-08-08 17:37:39,865 - openevolve.evaluator - INFO - Evaluated program e7815a3a-5858-4b61-828f-4d42d9124ec6 in 3.10s: compiled=1.0000, correctness=1.0000, stage=success, passed=0.0000, score=20.0000, speed_up=0.4730, runtime_ms=0.0636, meta={'hardware': 'NVIDIA L20Y', 'device': 'cuda:5', 'correctness_trials': '(5 / 5)', 'reference_timing_ms': 0.0301, 'speed_up': 0.473, 'custom_timing': 0.0636}
2025-08-08 17:37:39,869 - openevolve.llm.ensemble - INFO - Sampled model: deepseek
2025-08-08 17:37:39,875 - openevolve.database - INFO - New MAP-Elites cell occupied: {'score': 9, 'complexity': 8}
2025-08-08 17:37:39,891 - openevolve.threaded_parallel - INFO - Iteration 3: Program e7815a3a-5858-4b61-828f-4d42d9124ec6 (parent: d91137ae-5fbe-4e53-b889-be7299fe8179) completed in 505.88s
2025-08-08 17:37:39,891 - openevolve.threaded_parallel - INFO - Metrics: compiled=1.0000, correctness=1.0000, stage=success, passed=0.0000, score=20.0000, speed_up=0.4730, runtime_ms=0.0636, meta={'hardware': 'NVIDIA L20Y', 'device': 'cuda:5', 'correctness_trials': '(5 / 5)', 'reference_timing_ms': 0.0301, 'speed_up': 0.473, 'custom_timing': 0.0636}
2025-08-08 17:37:39,891 - openevolve.threaded_parallel - INFO - Checkpoint interval reached at iteration 3
2025-08-08 17:37:39,892 - openevolve.database - INFO - Island Status:
2025-08-08 17:37:39,892 - openevolve.database - INFO -    Island 0: 4 programs, best=20.0000, avg=10.0000, diversity=704.50, gen=2 (best: 79b44ec7-454b-4fe3-a34f-8c14ad2c447a)
2025-08-08 17:37:39,892 - openevolve.database - INFO -    Island 1: 1 programs, best=20.0000, avg=20.0000, diversity=0.00, gen=1 (best: e7815a3a-5858-4b61-828f-4d42d9124ec6)
2025-08-08 17:37:39,892 - openevolve.database - INFO -  * Island 2: 0 programs, best=0.0000, avg=0.0000, diversity=0.00, gen=1
2025-08-08 17:37:40,025 - openevolve.database - INFO - Saved database with 5 programs to openevolve_output/level1_84_conv_depthwise_2D_asymmetric_input_square_kernel/checkpoints/checkpoint_3
2025-08-08 17:37:40,041 - openevolve.controller - INFO - Saved best program at checkpoint 3 with metrics: compiled=1.0000, correctness=1.0000, stage=success, passed=0.0000, score=20.0000, speed_up=0.3520, runtime_ms=0.0856, meta={'hardware': 'NVIDIA L20Y', 'device': 'cuda:7', 'correctness_trials': '(5 / 5)', 'reference_timing_ms': 0.0301, 'speed_up': 0.352, 'custom_timing': 0.0856}
2025-08-08 17:37:40,041 - openevolve.controller - INFO - Saved checkpoint at iteration 3 to openevolve_output/level1_84_conv_depthwise_2D_asymmetric_input_square_kernel/checkpoints/checkpoint_3
2025-08-08 17:46:00,231 - openevolve.RemoteSpeedupEvaluator - INFO - [level1_84_conv_depthwise_2D_asymmetric_input_square_kernel] triton key words check pass
2025-08-08 17:46:00,232 - openevolve.RemoteSpeedupEvaluator - INFO - [level1_84_conv_depthwise_2D_asymmetric_input_square_kernel] verify_plus payload: reference_code(1678 chars) + custom_code(5185 chars)
2025-08-08 17:46:03,207 - openevolve.RemoteSpeedupEvaluator - INFO - [level1_84_conv_depthwise_2D_asymmetric_input_square_kernel] verify_plus request success
2025-08-08 17:46:03,208 - openevolve.RemoteSpeedupEvaluator - INFO - [level1_84_conv_depthwise_2D_asymmetric_input_square_kernel] verify_plus response: {"id":"level1_84_conv_depthwise_2D_asymmetric_input_square_kernel","result":{"compiled":true,"correctness":false,"metadata":{"hardware":"NVIDIA L20Y","device":"cuda:3","runtime_error":"Traceback (most recent call last):\n  File \"/home/lijiaxing/.conda/envs/api/lib/python3.10/site-packages/triton/language/core.py\", line 42, in wrapper\n    return fn(*args, **kwargs)\n  File \"/home/lijiaxing/.conda/envs/api/lib/python3.10/site-packages/triton/language/core.py\", line 1693, in full\n    shape = _shape_check_impl(shape)\n  File \"/home/lijiaxing/.conda/envs/api/lib/python3.10/site-packages/triton/language/core.py\", line 1677, in _shape_check_impl\n    validate_block_shape(shape)\n  File \"/home/lijiaxing/.conda/envs/api/lib/python3.10/site-packages/triton/_utils.py\", line 50, in validate_
2025-08-08 17:46:03,208 - openevolve.RemoteSpeedupEvaluator - INFO - [level1_84_conv_depthwise_2D_asymmetric_input_square_kernel] âœ˜ wrong_answer
2025-08-08 17:46:03,208 - openevolve.evaluator - INFO - Evaluated program e8d43b4b-a24f-406a-9a72-98bee4b07f26 in 2.98s: compiled=1.0000, correctness=0.0000, score=10.0000, stage=wrong_answer, verify_payload={'id': 'level1_84_conv_depthwise_2D_asymmetric_input_square_kernel', 'result': {'compiled': True, 'correctness': False, 'metadata': {'hardware': 'NVIDIA L20Y', 'device': 'cuda:3', 'runtime_error': 'Traceback (most recent call last):\n  File "/home/lijiaxing/.conda/envs/api/lib/python3.10/site-packages/triton/language/core.py", line 42, in wrapper\n    return fn(*args, **kwargs)\n  File "/home/lijiaxing/.conda/envs/api/lib/python3.10/site-packages/triton/language/core.py", line 1693, in full\n    shape = _shape_check_impl(shape)\n  File "/home/lijiaxing/.conda/envs/api/lib/python3.10/site-packages/triton/language/core.py", line 1677, in _shape_check_impl\n    validate_block_shape(shape)\n  File "/home/lijiaxing/.conda/envs/api/lib/python3.10/site-packages/triton/_utils.py", line 50, in validate_block_shape\n    raise TypeError(f"Shape element {i} must have type `constexpr[int]`, got `constexpr[{type(d)}]")\nTypeError: Shape element 0 must have type `constexpr[int]`, got `constexpr[<class \'triton.language.core.tensor\'>]\n\nThe above exception was the direct cause of the following exception:\n\ntriton.compiler.errors.CompilationError: at 10:11:\ndef zeros(shape, dtype):\n    """\n    Returns a tensor filled with the scalar value 0 for the given :code:`shape` and :code:`dtype`.\n\n    :param shape: Shape of the new array, e.g., (8, 16) or (8, )\n    :type shape: tuple of ints\n    :param dtype: Data-type of the new array, e.g., :code:`tl.float16`\n    :type dtype: DType\n    """\n    return core.full(shape, 0, dtype)\n           ^\n\nThe above exception was the direct cause of the following exception:\n\nTraceback (most recent call last):\n  File "/cpfs01/shared/llm_kernel/hujiakai/KernelLLM/validation_api_server/helpers/evaluations.py", line 720, in run_and_check_correctness\n    output_new = model_new(*inputs)\n  File "/home/lijiaxing/.conda/envs/api/lib/python3.10/site-packages/torch/nn/modules/module.py", line 1773, in _wrapped_call_impl\n    return self._call_impl(*args, **kwargs)\n  File "/home/lijiaxing/.conda/envs/api/lib/python3.10/site-packages/torch/nn/modules/module.py", line 1784, in _call_impl\n    return forward_call(*args, **kwargs)\n  File "/tmp/tmphvhof90f.py", line 125, in forward\n    depthwise_conv2d_kernel[grid](\n  File "/home/lijiaxing/.conda/envs/api/lib/python3.10/site-packages/triton/runtime/jit.py", line 390, in <lambda>\n    return lambda *args, **kwargs: self.run(grid=grid, warmup=False, *args, **kwargs)\n  File "/home/lijiaxing/.conda/envs/api/lib/python3.10/site-packages/triton/runtime/autotuner.py", line 239, in run\n    benchmark()\n  File "/home/lijiaxing/.conda/envs/api/lib/python3.10/site-packages/triton/runtime/autotuner.py", line 228, in benchmark\n    timings = {config: self._bench(*args, config=config, **kwargs) for config in pruned_configs}\n  File "/home/lijiaxing/.conda/envs/api/lib/python3.10/site-packages/triton/runtime/autotuner.py", line 228, in <dictcomp>\n    timings = {config: self._bench(*args, config=config, **kwargs) for config in pruned_configs}\n  File "/home/lijiaxing/.conda/envs/api/lib/python3.10/site-packages/triton/runtime/autotuner.py", line 160, in _bench\n    return self.do_bench(kernel_call, quantiles=(0.5, 0.2, 0.8))\n  File "/home/lijiaxing/.conda/envs/api/lib/python3.10/site-packages/triton/testing.py", line 149, in do_bench\n    fn()\n  File "/home/lijiaxing/.conda/envs/api/lib/python3.10/site-packages/triton/runtime/autotuner.py", line 146, in kernel_call\n    self.fn.run(\n  File "/home/lijiaxing/.conda/envs/api/lib/python3.10/site-packages/triton/runtime/jit.py", line 594, in run\n    kernel = self.compile(src, target=target, options=options.__dict__)\n  File "/home/lijiaxing/.conda/envs/api/lib/python3.10/site-packages/triton/compiler/compiler.py", line 339, in compile\n    module = src.make_ir(options, codegen_fns, module_map, context)\n  File "/home/lijiaxing/.conda/envs/api/lib/python3.10/site-packages/triton/compiler/compiler.py", line 83, in make_ir\n    return ast_to_ttir(self.fn, self, context=context, options=options, codegen_fns=codegen_fns,\ntriton.compiler.errors.CompilationError: at 36:13:\n\n    ow_start = pid_owb * BLOCK_OW\n    ow_offsets = ow_start + tl.arange(0, BLOCK_OW)\n    ow_mask = ow_offsets < OW\n\n    # Precompute base pointer for input channel group\n    base_x = batch_idx * in_channels * height * width + group_idx * height * width\n\n    acc = tl.zeros((BLOCK_OW,), dtype=tl.float32)\n\n    # Preload kernel weights to registers\n    w_vals = tl.zeros((kernel_size * kernel_size,), dtype=tl.float32)\n             ^\n\n\nThe above exception was the direct cause of the following exception:\n\nTraceback (most recent call last):\n  File "/home/lijiaxing/.conda/envs/api/lib/python3.10/site-packages/triton/language/core.py", line 42, in wrapper\n    return fn(*args, **kwargs)\n  File "/home/lijiaxing/.conda/envs/api/lib/python3.10/site-packages/triton/language/core.py", line 1693, in full\n    shape = _shape_check_impl(shape)\n  File "/home/lijiaxing/.conda/envs/api/lib/python3.10/site-packages/triton/language/core.py", line 1677, in _shape_check_impl\n    validate_block_shape(shape)\n  File "/home/lijiaxing/.conda/envs/api/lib/python3.10/site-packages/triton/_utils.py", line 50, in validate_block_shape\n    raise TypeError(f"Shape element {i} must have type `constexpr[int]`, got `constexpr[{type(d)}]")\nTypeError: Shape element 0 must have type `constexpr[int]`, got `constexpr[<class \'triton.language.core.tensor\'>]\n\nThe above exception was the direct cause of the following exception:\n\ntriton.compiler.errors.CompilationError: at 10:11:\ndef zeros(shape, dtype):\n    """\n    Returns a tensor filled with the scalar value 0 for the given :code:`shape` and :code:`dtype`.\n\n    :param shape: Shape of the new array, e.g., (8, 16) or (8, )\n    :type shape: tuple of ints\n    :param dtype: Data-type of the new array, e.g., :code:`tl.float16`\n    :type dtype: DType\n    """\n    return core.full(shape, 0, dtype)\n           ^\n\n\nThe above exception was the direct cause of the following exception:\n\nTraceback (most recent call last):\n  File "/home/lijiaxing/.conda/envs/api/lib/python3.10/site-packages/triton/language/core.py", line 42, in wrapper\n    return fn(*args, **kwargs)\n  File "/home/lijiaxing/.conda/envs/api/lib/python3.10/site-packages/triton/language/core.py", line 1693, in full\n    shape = _shape_check_impl(shape)\n  File "/home/lijiaxing/.conda/envs/api/lib/python3.10/site-packages/triton/language/core.py", line 1677, in _shape_check_impl\n    validate_block_shape(shape)\n  File "/home/lijiaxing/.conda/envs/api/lib/python3.10/site-packages/triton/_utils.py", line 50, in validate_block_shape\n    raise TypeError(f"Shape element {i} must have type `constexpr[int]`, got `constexpr[{type(d)}]")\nTypeError: Shape element 0 must have type `constexpr[int]`, got `constexpr[<class \'triton.language.core.tensor\'>]\n', 'runtime_error_name': 'triton.compiler.errors.CompilationError', 'reference_timing_ms': 0.0301, 'speed_up': -1.0, 'custom_timing': -1.0}, 'runtime': -1.0, 'runtime_stats': {}}}
2025-08-08 17:46:03,211 - openevolve.llm.ensemble - INFO - Sampled model: deepseek
2025-08-08 17:46:03,234 - openevolve.threaded_parallel - INFO - Iteration 5: Program e8d43b4b-a24f-406a-9a72-98bee4b07f26 (parent: d91137ae-5fbe-4e53-b889-be7299fe8179) completed in 664.01s
2025-08-08 17:46:03,234 - openevolve.threaded_parallel - INFO - Metrics: compiled=1.0000, correctness=0.0000, score=10.0000, stage=wrong_answer, verify_payload={'id': 'level1_84_conv_depthwise_2D_asymmetric_input_square_kernel', 'result': {'compiled': True, 'correctness': False, 'metadata': {'hardware': 'NVIDIA L20Y', 'device': 'cuda:3', 'runtime_error': 'Traceback (most recent call last):\n  File "/home/lijiaxing/.conda/envs/api/lib/python3.10/site-packages/triton/language/core.py", line 42, in wrapper\n    return fn(*args, **kwargs)\n  File "/home/lijiaxing/.conda/envs/api/lib/python3.10/site-packages/triton/language/core.py", line 1693, in full\n    shape = _shape_check_impl(shape)\n  File "/home/lijiaxing/.conda/envs/api/lib/python3.10/site-packages/triton/language/core.py", line 1677, in _shape_check_impl\n    validate_block_shape(shape)\n  File "/home/lijiaxing/.conda/envs/api/lib/python3.10/site-packages/triton/_utils.py", line 50, in validate_block_shape\n    raise TypeError(f"Shape element {i} must have type `constexpr[int]`, got `constexpr[{type(d)}]")\nTypeError: Shape element 0 must have type `constexpr[int]`, got `constexpr[<class \'triton.language.core.tensor\'>]\n\nThe above exception was the direct cause of the following exception:\n\ntriton.compiler.errors.CompilationError: at 10:11:\ndef zeros(shape, dtype):\n    """\n    Returns a tensor filled with the scalar value 0 for the given :code:`shape` and :code:`dtype`.\n\n    :param shape: Shape of the new array, e.g., (8, 16) or (8, )\n    :type shape: tuple of ints\n    :param dtype: Data-type of the new array, e.g., :code:`tl.float16`\n    :type dtype: DType\n    """\n    return core.full(shape, 0, dtype)\n           ^\n\nThe above exception was the direct cause of the following exception:\n\nTraceback (most recent call last):\n  File "/cpfs01/shared/llm_kernel/hujiakai/KernelLLM/validation_api_server/helpers/evaluations.py", line 720, in run_and_check_correctness\n    output_new = model_new(*inputs)\n  File "/home/lijiaxing/.conda/envs/api/lib/python3.10/site-packages/torch/nn/modules/module.py", line 1773, in _wrapped_call_impl\n    return self._call_impl(*args, **kwargs)\n  File "/home/lijiaxing/.conda/envs/api/lib/python3.10/site-packages/torch/nn/modules/module.py", line 1784, in _call_impl\n    return forward_call(*args, **kwargs)\n  File "/tmp/tmphvhof90f.py", line 125, in forward\n    depthwise_conv2d_kernel[grid](\n  File "/home/lijiaxing/.conda/envs/api/lib/python3.10/site-packages/triton/runtime/jit.py", line 390, in <lambda>\n    return lambda *args, **kwargs: self.run(grid=grid, warmup=False, *args, **kwargs)\n  File "/home/lijiaxing/.conda/envs/api/lib/python3.10/site-packages/triton/runtime/autotuner.py", line 239, in run\n    benchmark()\n  File "/home/lijiaxing/.conda/envs/api/lib/python3.10/site-packages/triton/runtime/autotuner.py", line 228, in benchmark\n    timings = {config: self._bench(*args, config=config, **kwargs) for config in pruned_configs}\n  File "/home/lijiaxing/.conda/envs/api/lib/python3.10/site-packages/triton/runtime/autotuner.py", line 228, in <dictcomp>\n    timings = {config: self._bench(*args, config=config, **kwargs) for config in pruned_configs}\n  File "/home/lijiaxing/.conda/envs/api/lib/python3.10/site-packages/triton/runtime/autotuner.py", line 160, in _bench\n    return self.do_bench(kernel_call, quantiles=(0.5, 0.2, 0.8))\n  File "/home/lijiaxing/.conda/envs/api/lib/python3.10/site-packages/triton/testing.py", line 149, in do_bench\n    fn()\n  File "/home/lijiaxing/.conda/envs/api/lib/python3.10/site-packages/triton/runtime/autotuner.py", line 146, in kernel_call\n    self.fn.run(\n  File "/home/lijiaxing/.conda/envs/api/lib/python3.10/site-packages/triton/runtime/jit.py", line 594, in run\n    kernel = self.compile(src, target=target, options=options.__dict__)\n  File "/home/lijiaxing/.conda/envs/api/lib/python3.10/site-packages/triton/compiler/compiler.py", line 339, in compile\n    module = src.make_ir(options, codegen_fns, module_map, context)\n  File "/home/lijiaxing/.conda/envs/api/lib/python3.10/site-packages/triton/compiler/compiler.py", line 83, in make_ir\n    return ast_to_ttir(self.fn, self, context=context, options=options, codegen_fns=codegen_fns,\ntriton.compiler.errors.CompilationError: at 36:13:\n\n    ow_start = pid_owb * BLOCK_OW\n    ow_offsets = ow_start + tl.arange(0, BLOCK_OW)\n    ow_mask = ow_offsets < OW\n\n    # Precompute base pointer for input channel group\n    base_x = batch_idx * in_channels * height * width + group_idx * height * width\n\n    acc = tl.zeros((BLOCK_OW,), dtype=tl.float32)\n\n    # Preload kernel weights to registers\n    w_vals = tl.zeros((kernel_size * kernel_size,), dtype=tl.float32)\n             ^\n\n\nThe above exception was the direct cause of the following exception:\n\nTraceback (most recent call last):\n  File "/home/lijiaxing/.conda/envs/api/lib/python3.10/site-packages/triton/language/core.py", line 42, in wrapper\n    return fn(*args, **kwargs)\n  File "/home/lijiaxing/.conda/envs/api/lib/python3.10/site-packages/triton/language/core.py", line 1693, in full\n    shape = _shape_check_impl(shape)\n  File "/home/lijiaxing/.conda/envs/api/lib/python3.10/site-packages/triton/language/core.py", line 1677, in _shape_check_impl\n    validate_block_shape(shape)\n  File "/home/lijiaxing/.conda/envs/api/lib/python3.10/site-packages/triton/_utils.py", line 50, in validate_block_shape\n    raise TypeError(f"Shape element {i} must have type `constexpr[int]`, got `constexpr[{type(d)}]")\nTypeError: Shape element 0 must have type `constexpr[int]`, got `constexpr[<class \'triton.language.core.tensor\'>]\n\nThe above exception was the direct cause of the following exception:\n\ntriton.compiler.errors.CompilationError: at 10:11:\ndef zeros(shape, dtype):\n    """\n    Returns a tensor filled with the scalar value 0 for the given :code:`shape` and :code:`dtype`.\n\n    :param shape: Shape of the new array, e.g., (8, 16) or (8, )\n    :type shape: tuple of ints\n    :param dtype: Data-type of the new array, e.g., :code:`tl.float16`\n    :type dtype: DType\n    """\n    return core.full(shape, 0, dtype)\n           ^\n\n\nThe above exception was the direct cause of the following exception:\n\nTraceback (most recent call last):\n  File "/home/lijiaxing/.conda/envs/api/lib/python3.10/site-packages/triton/language/core.py", line 42, in wrapper\n    return fn(*args, **kwargs)\n  File "/home/lijiaxing/.conda/envs/api/lib/python3.10/site-packages/triton/language/core.py", line 1693, in full\n    shape = _shape_check_impl(shape)\n  File "/home/lijiaxing/.conda/envs/api/lib/python3.10/site-packages/triton/language/core.py", line 1677, in _shape_check_impl\n    validate_block_shape(shape)\n  File "/home/lijiaxing/.conda/envs/api/lib/python3.10/site-packages/triton/_utils.py", line 50, in validate_block_shape\n    raise TypeError(f"Shape element {i} must have type `constexpr[int]`, got `constexpr[{type(d)}]")\nTypeError: Shape element 0 must have type `constexpr[int]`, got `constexpr[<class \'triton.language.core.tensor\'>]\n', 'runtime_error_name': 'triton.compiler.errors.CompilationError', 'reference_timing_ms': 0.0301, 'speed_up': -1.0, 'custom_timing': -1.0}, 'runtime': -1.0, 'runtime_stats': {}}}
2025-08-08 17:46:40,277 - openevolve.RemoteSpeedupEvaluator - INFO - [level1_84_conv_depthwise_2D_asymmetric_input_square_kernel] triton key words check pass
2025-08-08 17:46:40,278 - openevolve.RemoteSpeedupEvaluator - INFO - [level1_84_conv_depthwise_2D_asymmetric_input_square_kernel] verify_plus payload: reference_code(1678 chars) + custom_code(4693 chars)
2025-08-08 17:46:43,069 - openevolve.RemoteSpeedupEvaluator - INFO - [level1_84_conv_depthwise_2D_asymmetric_input_square_kernel] verify_plus request success
2025-08-08 17:46:43,069 - openevolve.RemoteSpeedupEvaluator - INFO - [level1_84_conv_depthwise_2D_asymmetric_input_square_kernel] verify_plus response: {"id":"level1_84_conv_depthwise_2D_asymmetric_input_square_kernel","result":{"compiled":true,"correctness":false,"metadata":{"hardware":"NVIDIA L20Y","device":"cuda:0","runtime_error":"Traceback (most recent call last):\n  File \"/cpfs01/shared/llm_kernel/hujiakai/KernelLLM/validation_api_server/helpers/evaluations.py\", line 720, in run_and_check_correctness\n    output_new = model_new(*inputs)\n  File \"/home/lijiaxing/.conda/envs/api/lib/python3.10/site-packages/torch/nn/modules/module.py\", line 1773, in _wrapped_call_impl\n    return self._call_impl(*args, **kwargs)\n  File \"/home/lijiaxing/.conda/envs/api/lib/python3.10/site-packages/torch/nn/modules/module.py\", line 1784, in _call_impl\n    return forward_call(*args, **kwargs)\n  File \"/tmp/tmpuzi8da25.py\", line 124, in forward\
2025-08-08 17:46:43,069 - openevolve.RemoteSpeedupEvaluator - INFO - [level1_84_conv_depthwise_2D_asymmetric_input_square_kernel] âœ˜ wrong_answer
2025-08-08 17:46:43,069 - openevolve.evaluator - INFO - Evaluated program 4ba81770-9174-41a6-b74e-99ae32bac4a1 in 2.79s: compiled=1.0000, correctness=0.0000, score=10.0000, stage=wrong_answer, verify_payload={'id': 'level1_84_conv_depthwise_2D_asymmetric_input_square_kernel', 'result': {'compiled': True, 'correctness': False, 'metadata': {'hardware': 'NVIDIA L20Y', 'device': 'cuda:0', 'runtime_error': 'Traceback (most recent call last):\n  File "/cpfs01/shared/llm_kernel/hujiakai/KernelLLM/validation_api_server/helpers/evaluations.py", line 720, in run_and_check_correctness\n    output_new = model_new(*inputs)\n  File "/home/lijiaxing/.conda/envs/api/lib/python3.10/site-packages/torch/nn/modules/module.py", line 1773, in _wrapped_call_impl\n    return self._call_impl(*args, **kwargs)\n  File "/home/lijiaxing/.conda/envs/api/lib/python3.10/site-packages/torch/nn/modules/module.py", line 1784, in _call_impl\n    return forward_call(*args, **kwargs)\n  File "/tmp/tmpuzi8da25.py", line 124, in forward\n    depthwise_conv2d_kernel[grid](\n  File "/home/lijiaxing/.conda/envs/api/lib/python3.10/site-packages/triton/runtime/jit.py", line 390, in <lambda>\n    return lambda *args, **kwargs: self.run(grid=grid, warmup=False, *args, **kwargs)\n  File "/home/lijiaxing/.conda/envs/api/lib/python3.10/site-packages/triton/runtime/autotuner.py", line 239, in run\n    benchmark()\n  File "/home/lijiaxing/.conda/envs/api/lib/python3.10/site-packages/triton/runtime/autotuner.py", line 228, in benchmark\n    timings = {config: self._bench(*args, config=config, **kwargs) for config in pruned_configs}\n  File "/home/lijiaxing/.conda/envs/api/lib/python3.10/site-packages/triton/runtime/autotuner.py", line 228, in <dictcomp>\n    timings = {config: self._bench(*args, config=config, **kwargs) for config in pruned_configs}\n  File "/home/lijiaxing/.conda/envs/api/lib/python3.10/site-packages/triton/runtime/autotuner.py", line 160, in _bench\n    return self.do_bench(kernel_call, quantiles=(0.5, 0.2, 0.8))\n  File "/home/lijiaxing/.conda/envs/api/lib/python3.10/site-packages/triton/testing.py", line 149, in do_bench\n    fn()\n  File "/home/lijiaxing/.conda/envs/api/lib/python3.10/site-packages/triton/runtime/autotuner.py", line 146, in kernel_call\n    self.fn.run(\n  File "/home/lijiaxing/.conda/envs/api/lib/python3.10/site-packages/triton/runtime/jit.py", line 594, in run\n    kernel = self.compile(src, target=target, options=options.__dict__)\n  File "/home/lijiaxing/.conda/envs/api/lib/python3.10/site-packages/triton/compiler/compiler.py", line 339, in compile\n    module = src.make_ir(options, codegen_fns, module_map, context)\n  File "/home/lijiaxing/.conda/envs/api/lib/python3.10/site-packages/triton/compiler/compiler.py", line 83, in make_ir\n    return ast_to_ttir(self.fn, self, context=context, options=options, codegen_fns=codegen_fns,\ntriton.compiler.errors.UnsupportedLanguageConstruct: at 38:12:\n    ow_offsets = ow_start + tl.arange(0, BLOCK_OW)\n    ow_mask = ow_offsets < OW\n\n    acc = tl.zeros((BLOCK_OW,), dtype=tl.float32)\n\n    base_x_ptr = x_ptr + batch_idx * in_channels * height * width + group_idx * height * width\n    base_w_ptr = w_ptr + channel_idx * kernel_size * kernel_size\n\n    for kh in range(kernel_size):\n        h_in = pid_oh * stride + kh - padding\n        if h_in < 0 or h_in >= height:\n            continue\n            ^\nunsupported AST node type: Continue\n', 'runtime_error_name': 'triton.compiler.errors.UnsupportedLanguageConstruct', 'reference_timing_ms': 0.0301, 'speed_up': -1.0, 'custom_timing': -1.0}, 'runtime': -1.0, 'runtime_stats': {}}}
2025-08-08 17:46:43,073 - openevolve.llm.ensemble - INFO - Sampled model: deepseek
2025-08-08 17:46:43,076 - openevolve.database - INFO - New MAP-Elites cell occupied: {'score': 9, 'complexity': 7}
2025-08-08 17:46:43,087 - openevolve.threaded_parallel - INFO - Iteration 4: Program 4ba81770-9174-41a6-b74e-99ae32bac4a1 (parent: d91137ae-5fbe-4e53-b889-be7299fe8179) completed in 786.20s
2025-08-08 17:46:43,088 - openevolve.threaded_parallel - INFO - Metrics: compiled=1.0000, correctness=0.0000, score=10.0000, stage=wrong_answer, verify_payload={'id': 'level1_84_conv_depthwise_2D_asymmetric_input_square_kernel', 'result': {'compiled': True, 'correctness': False, 'metadata': {'hardware': 'NVIDIA L20Y', 'device': 'cuda:0', 'runtime_error': 'Traceback (most recent call last):\n  File "/cpfs01/shared/llm_kernel/hujiakai/KernelLLM/validation_api_server/helpers/evaluations.py", line 720, in run_and_check_correctness\n    output_new = model_new(*inputs)\n  File "/home/lijiaxing/.conda/envs/api/lib/python3.10/site-packages/torch/nn/modules/module.py", line 1773, in _wrapped_call_impl\n    return self._call_impl(*args, **kwargs)\n  File "/home/lijiaxing/.conda/envs/api/lib/python3.10/site-packages/torch/nn/modules/module.py", line 1784, in _call_impl\n    return forward_call(*args, **kwargs)\n  File "/tmp/tmpuzi8da25.py", line 124, in forward\n    depthwise_conv2d_kernel[grid](\n  File "/home/lijiaxing/.conda/envs/api/lib/python3.10/site-packages/triton/runtime/jit.py", line 390, in <lambda>\n    return lambda *args, **kwargs: self.run(grid=grid, warmup=False, *args, **kwargs)\n  File "/home/lijiaxing/.conda/envs/api/lib/python3.10/site-packages/triton/runtime/autotuner.py", line 239, in run\n    benchmark()\n  File "/home/lijiaxing/.conda/envs/api/lib/python3.10/site-packages/triton/runtime/autotuner.py", line 228, in benchmark\n    timings = {config: self._bench(*args, config=config, **kwargs) for config in pruned_configs}\n  File "/home/lijiaxing/.conda/envs/api/lib/python3.10/site-packages/triton/runtime/autotuner.py", line 228, in <dictcomp>\n    timings = {config: self._bench(*args, config=config, **kwargs) for config in pruned_configs}\n  File "/home/lijiaxing/.conda/envs/api/lib/python3.10/site-packages/triton/runtime/autotuner.py", line 160, in _bench\n    return self.do_bench(kernel_call, quantiles=(0.5, 0.2, 0.8))\n  File "/home/lijiaxing/.conda/envs/api/lib/python3.10/site-packages/triton/testing.py", line 149, in do_bench\n    fn()\n  File "/home/lijiaxing/.conda/envs/api/lib/python3.10/site-packages/triton/runtime/autotuner.py", line 146, in kernel_call\n    self.fn.run(\n  File "/home/lijiaxing/.conda/envs/api/lib/python3.10/site-packages/triton/runtime/jit.py", line 594, in run\n    kernel = self.compile(src, target=target, options=options.__dict__)\n  File "/home/lijiaxing/.conda/envs/api/lib/python3.10/site-packages/triton/compiler/compiler.py", line 339, in compile\n    module = src.make_ir(options, codegen_fns, module_map, context)\n  File "/home/lijiaxing/.conda/envs/api/lib/python3.10/site-packages/triton/compiler/compiler.py", line 83, in make_ir\n    return ast_to_ttir(self.fn, self, context=context, options=options, codegen_fns=codegen_fns,\ntriton.compiler.errors.UnsupportedLanguageConstruct: at 38:12:\n    ow_offsets = ow_start + tl.arange(0, BLOCK_OW)\n    ow_mask = ow_offsets < OW\n\n    acc = tl.zeros((BLOCK_OW,), dtype=tl.float32)\n\n    base_x_ptr = x_ptr + batch_idx * in_channels * height * width + group_idx * height * width\n    base_w_ptr = w_ptr + channel_idx * kernel_size * kernel_size\n\n    for kh in range(kernel_size):\n        h_in = pid_oh * stride + kh - padding\n        if h_in < 0 or h_in >= height:\n            continue\n            ^\nunsupported AST node type: Continue\n', 'runtime_error_name': 'triton.compiler.errors.UnsupportedLanguageConstruct', 'reference_timing_ms': 0.0301, 'speed_up': -1.0, 'custom_timing': -1.0}, 'runtime': -1.0, 'runtime_stats': {}}}
2025-08-08 17:53:10,178 - openevolve.RemoteSpeedupEvaluator - INFO - [level1_84_conv_depthwise_2D_asymmetric_input_square_kernel] triton key words check pass
2025-08-08 17:53:10,180 - openevolve.RemoteSpeedupEvaluator - INFO - [level1_84_conv_depthwise_2D_asymmetric_input_square_kernel] verify_plus payload: reference_code(1678 chars) + custom_code(4387 chars)
2025-08-08 17:53:13,763 - openevolve.RemoteSpeedupEvaluator - INFO - [level1_84_conv_depthwise_2D_asymmetric_input_square_kernel] verify_plus request success
2025-08-08 17:53:13,763 - openevolve.RemoteSpeedupEvaluator - INFO - [level1_84_conv_depthwise_2D_asymmetric_input_square_kernel] verify_plus response: {"id":"level1_84_conv_depthwise_2D_asymmetric_input_square_kernel","result":{"compiled":true,"correctness":false,"metadata":{"hardware":"NVIDIA L20Y","device":"cuda:7","max_difference":["4.182371","4.071887","4.051472","4.011905","4.015185"],"avg_difference":["0.559656","0.558394","0.553539","0.562404","0.558698"],"correctness_issue":"Output mismatch","correctness_trials":"(0 / 5)","reference_timing_ms":0.0301,"speed_up":-1.0,"custom_timing":-1.0},"runtime":-1.0,"runtime_stats":{}}}
2025-08-08 17:53:13,764 - openevolve.RemoteSpeedupEvaluator - INFO - [level1_84_conv_depthwise_2D_asymmetric_input_square_kernel] âœ˜ wrong_answer
2025-08-08 17:53:13,764 - openevolve.evaluator - INFO - Evaluated program 35ab042a-5b4e-4dbe-92dc-41c13d19f995 in 3.59s: compiled=1.0000, correctness=0.0000, score=10.0000, stage=wrong_answer, verify_payload={'id': 'level1_84_conv_depthwise_2D_asymmetric_input_square_kernel', 'result': {'compiled': True, 'correctness': False, 'metadata': {'hardware': 'NVIDIA L20Y', 'device': 'cuda:7', 'max_difference': ['4.182371', '4.071887', '4.051472', '4.011905', '4.015185'], 'avg_difference': ['0.559656', '0.558394', '0.553539', '0.562404', '0.558698'], 'correctness_issue': 'Output mismatch', 'correctness_trials': '(0 / 5)', 'reference_timing_ms': 0.0301, 'speed_up': -1.0, 'custom_timing': -1.0}, 'runtime': -1.0, 'runtime_stats': {}}}
2025-08-08 17:53:13,767 - openevolve.llm.ensemble - INFO - Sampled model: deepseek
2025-08-08 17:53:13,780 - openevolve.threaded_parallel - INFO - Iteration 6: Program 35ab042a-5b4e-4dbe-92dc-41c13d19f995 (parent: 138f1104-08c7-45a4-8aa8-5d5cbb99e92e) completed in 933.90s
2025-08-08 17:53:13,780 - openevolve.threaded_parallel - INFO - Metrics: compiled=1.0000, correctness=0.0000, score=10.0000, stage=wrong_answer, verify_payload={'id': 'level1_84_conv_depthwise_2D_asymmetric_input_square_kernel', 'result': {'compiled': True, 'correctness': False, 'metadata': {'hardware': 'NVIDIA L20Y', 'device': 'cuda:7', 'max_difference': ['4.182371', '4.071887', '4.051472', '4.011905', '4.015185'], 'avg_difference': ['0.559656', '0.558394', '0.553539', '0.562404', '0.558698'], 'correctness_issue': 'Output mismatch', 'correctness_trials': '(0 / 5)', 'reference_timing_ms': 0.0301, 'speed_up': -1.0, 'custom_timing': -1.0}, 'runtime': -1.0, 'runtime_stats': {}}}
2025-08-08 17:53:13,780 - openevolve.threaded_parallel - INFO - Checkpoint interval reached at iteration 6
2025-08-08 17:53:13,782 - openevolve.database - INFO - Island Status:
2025-08-08 17:53:13,783 - openevolve.database - INFO -    Island 0: 5 programs, best=20.0000, avg=10.0000, diversity=344.03, gen=3 (best: 79b44ec7-454b-4fe3-a34f-8c14ad2c447a)
2025-08-08 17:53:13,783 - openevolve.database - INFO -    Island 1: 2 programs, best=20.0000, avg=15.0000, diversity=69.80, gen=2 (best: e7815a3a-5858-4b61-828f-4d42d9124ec6)
2025-08-08 17:53:13,783 - openevolve.database - INFO -  * Island 2: 2 programs, best=20.0000, avg=15.0000, diversity=345.40, gen=2 (best: e8d43b4b-a24f-406a-9a72-98bee4b07f26)
2025-08-08 17:53:13,880 - openevolve.database - INFO - Saved database with 8 programs to openevolve_output/level1_84_conv_depthwise_2D_asymmetric_input_square_kernel/checkpoints/checkpoint_6
2025-08-08 17:53:13,897 - openevolve.controller - INFO - Saved best program at checkpoint 6 with metrics: compiled=1.0000, correctness=1.0000, stage=success, passed=0.0000, score=20.0000, speed_up=0.3520, runtime_ms=0.0856, meta={'hardware': 'NVIDIA L20Y', 'device': 'cuda:7', 'correctness_trials': '(5 / 5)', 'reference_timing_ms': 0.0301, 'speed_up': 0.352, 'custom_timing': 0.0856}
2025-08-08 17:53:13,897 - openevolve.controller - INFO - Saved checkpoint at iteration 6 to openevolve_output/level1_84_conv_depthwise_2D_asymmetric_input_square_kernel/checkpoints/checkpoint_6
2025-08-08 17:55:51,858 - openevolve.RemoteSpeedupEvaluator - INFO - [level1_84_conv_depthwise_2D_asymmetric_input_square_kernel] triton key words check pass
2025-08-08 17:55:51,859 - openevolve.RemoteSpeedupEvaluator - INFO - [level1_84_conv_depthwise_2D_asymmetric_input_square_kernel] verify_plus payload: reference_code(1678 chars) + custom_code(5269 chars)
2025-08-08 17:55:54,997 - openevolve.RemoteSpeedupEvaluator - INFO - [level1_84_conv_depthwise_2D_asymmetric_input_square_kernel] verify_plus request success
2025-08-08 17:55:54,998 - openevolve.RemoteSpeedupEvaluator - INFO - [level1_84_conv_depthwise_2D_asymmetric_input_square_kernel] verify_plus response: {"id":"level1_84_conv_depthwise_2D_asymmetric_input_square_kernel","result":{"error":"CUDA error: an illegal memory access was encountered\nCUDA kernel errors might be asynchronously reported at some other API call, so the stacktrace below might be incorrect.\nFor debugging consider passing CUDA_LAUNCH_BLOCKING=1\nCompile with `TORCH_USE_CUDA_DSA` to enable device-side assertions.\n\nTraceback (most recent call last):\n  File \"/cpfs01/shared/llm_kernel/hujiakai/KernelLLM/validation_api_server/evaluator.py\", line 173, in _verification_worker\n    result: KernelExecResult = eval_kernel_against_ref(\n  File \"/cpfs01/shared/llm_kernel/hujiakai/KernelLLM/validation_api_server/helpers/evaluations.py\", line 578, in eval_kernel_against_ref\n    graceful_eval_cleanup(context, device, tempfile)\
2025-08-08 17:55:54,998 - openevolve.RemoteSpeedupEvaluator - INFO - [level1_84_conv_depthwise_2D_asymmetric_input_square_kernel] âœ˜ compile_error
2025-08-08 17:55:54,998 - openevolve.RemoteSpeedupEvaluator - INFO - [level1_84_conv_depthwise_2D_asymmetric_input_square_kernel_356d39] execute payload: {id:level1_84_conv_depthwise_2D_asymmetric_input_square_kernel_356d39, device_type:NV_LY_20}
2025-08-08 17:55:57,040 - openevolve.RemoteSpeedupEvaluator - INFO - [level1_84_conv_depthwise_2D_asymmetric_input_square_kernel_356d39] execute request success
2025-08-08 17:55:57,040 - openevolve.RemoteSpeedupEvaluator - INFO - [level1_84_conv_depthwise_2D_asymmetric_input_square_kernel_356d39] execute response: {"id":"level1_84_conv_depthwise_2D_asymmetric_input_square_kernel_356d39","exit_code":"1","content":"[Child] ç»‘å®š GPU 0, torch sees 1 device(s)\n\n[Exception]\nTraceback (most recent call last):\n  File \"/cpfs01/shared/llm_kernel/hujiakai/KernelLLM/validation_api_server/code_executor.py\", line 71, in _exec_worker\n    exec(textwrap.dedent(code_src), mod.__dict__)\n  File \"<string>\", line 72, in <module>\n  File \"/home/lijiaxing/.conda/envs/api/lib/python3.10/site-packages/triton/runtime/jit.py\", line 844, in jit\n    return decorator(fn)\n  File \"/home/lijiaxing/.conda/envs/api/lib/python3.10/site-packages/triton/runtime/jit.py\", line 832, in decorator\n    return JITFunction(\n  File \"/home/lijiaxing/.conda/envs/api/lib/python3.10/site-packages/triton/runtime/jit.py\", line 635, in
2025-08-08 17:55:57,041 - openevolve.evaluator - INFO - Evaluated program 1895fb2b-9ce7-4f06-82b1-f7ec3415a40f in 5.18s: compiled=0.0000, correctness=0.0000, score=1.0000, stage=compile_error, compile_log=CUDA error: an illegal memory access was encountered
CUDA kernel errors might be asynchronously reported at some other API call, so the stacktrace below might be incorrect.
For debugging consider passing CUDA_LAUNCH_BLOCKING=1
Compile with `TORCH_USE_CUDA_DSA` to enable device-side assertions.

Traceback (most recent call last):
  File "/cpfs01/shared/llm_kernel/hujiakai/KernelLLM/validation_api_server/evaluator.py", line 173, in _verification_worker
    result: KernelExecResult = eval_kernel_against_ref(
  File "/cpfs01/shared/llm_kernel/hujiakai/KernelLLM/validation_api_server/helpers/evaluations.py", line 578, in eval_kernel_against_ref
    graceful_eval_cleanup(context, device, tempfile)
  File "/cpfs01/shared/llm_kernel/hujiakai/KernelLLM/validation_api_server/helpers/evaluations.py", line 230, in graceful_eval_cleanup
    torch.cuda.empty_cache()
  File "/home/lijiaxing/.conda/envs/api/lib/python3.10/site-packages/torch/cuda/memory.py", line 224, in empty_cache
    torch._C._cuda_emptyCache()
torch.AcceleratorError: CUDA error: an illegal memory access was encountered
CUDA kernel errors might be asynchronously reported at some other API call, so the stacktrace below might be incorrect.
For debugging consider passing CUDA_LAUNCH_BLOCKING=1
Compile with `TORCH_USE_CUDA_DSA` to enable device-side assertions.

, exec_log=[Child] ç»‘å®š GPU 0, torch sees 1 device(s)

[Exception]
Traceback (most recent call last):
  File "/cpfs01/shared/llm_kernel/hujiakai/KernelLLM/validation_api_server/code_executor.py", line 71, in _exec_worker
    exec(textwrap.dedent(code_src), mod.__dict__)
  File "<string>", line 72, in <module>
  File "/home/lijiaxing/.conda/envs/api/lib/python3.10/site-packages/triton/runtime/jit.py", line 844, in jit
    return decorator(fn)
  File "/home/lijiaxing/.conda/envs/api/lib/python3.10/site-packages/triton/runtime/jit.py", line 832, in decorator
    return JITFunction(
  File "/home/lijiaxing/.conda/envs/api/lib/python3.10/site-packages/triton/runtime/jit.py", line 635, in __init__
    self.starting_line_number = inspect.getsourcelines(fn)[1]
  File "/home/lijiaxing/.conda/envs/api/lib/python3.10/inspect.py", line 1121, in getsourcelines
    lines, lnum = findsource(object)
  File "/home/lijiaxing/.conda/envs/api/lib/python3.10/inspect.py", line 958, in findsource
    raise OSError('could not get source code')
OSError: could not get source code
, exit_code=1
2025-08-08 17:55:57,044 - openevolve.llm.ensemble - INFO - Sampled model: deepseek
2025-08-08 17:55:57,055 - openevolve.threaded_parallel - INFO - Iteration 8: Program 1895fb2b-9ce7-4f06-82b1-f7ec3415a40f (parent: 8339c307-2292-4f01-9106-a5f7ec146d66) completed in 553.97s
2025-08-08 17:55:57,055 - openevolve.threaded_parallel - INFO - Metrics: compiled=0.0000, correctness=0.0000, score=1.0000, stage=compile_error, compile_log=CUDA error: an illegal memory access was encountered
CUDA kernel errors might be asynchronously reported at some other API call, so the stacktrace below might be incorrect.
For debugging consider passing CUDA_LAUNCH_BLOCKING=1
Compile with `TORCH_USE_CUDA_DSA` to enable device-side assertions.

Traceback (most recent call last):
  File "/cpfs01/shared/llm_kernel/hujiakai/KernelLLM/validation_api_server/evaluator.py", line 173, in _verification_worker
    result: KernelExecResult = eval_kernel_against_ref(
  File "/cpfs01/shared/llm_kernel/hujiakai/KernelLLM/validation_api_server/helpers/evaluations.py", line 578, in eval_kernel_against_ref
    graceful_eval_cleanup(context, device, tempfile)
  File "/cpfs01/shared/llm_kernel/hujiakai/KernelLLM/validation_api_server/helpers/evaluations.py", line 230, in graceful_eval_cleanup
    torch.cuda.empty_cache()
  File "/home/lijiaxing/.conda/envs/api/lib/python3.10/site-packages/torch/cuda/memory.py", line 224, in empty_cache
    torch._C._cuda_emptyCache()
torch.AcceleratorError: CUDA error: an illegal memory access was encountered
CUDA kernel errors might be asynchronously reported at some other API call, so the stacktrace below might be incorrect.
For debugging consider passing CUDA_LAUNCH_BLOCKING=1
Compile with `TORCH_USE_CUDA_DSA` to enable device-side assertions.

, exec_log=[Child] ç»‘å®š GPU 0, torch sees 1 device(s)

[Exception]
Traceback (most recent call last):
  File "/cpfs01/shared/llm_kernel/hujiakai/KernelLLM/validation_api_server/code_executor.py", line 71, in _exec_worker
    exec(textwrap.dedent(code_src), mod.__dict__)
  File "<string>", line 72, in <module>
  File "/home/lijiaxing/.conda/envs/api/lib/python3.10/site-packages/triton/runtime/jit.py", line 844, in jit
    return decorator(fn)
  File "/home/lijiaxing/.conda/envs/api/lib/python3.10/site-packages/triton/runtime/jit.py", line 832, in decorator
    return JITFunction(
  File "/home/lijiaxing/.conda/envs/api/lib/python3.10/site-packages/triton/runtime/jit.py", line 635, in __init__
    self.starting_line_number = inspect.getsourcelines(fn)[1]
  File "/home/lijiaxing/.conda/envs/api/lib/python3.10/inspect.py", line 1121, in getsourcelines
    lines, lnum = findsource(object)
  File "/home/lijiaxing/.conda/envs/api/lib/python3.10/inspect.py", line 958, in findsource
    raise OSError('could not get source code')
OSError: could not get source code
, exit_code=1
2025-08-08 17:57:04,756 - openevolve.RemoteSpeedupEvaluator - INFO - [level1_84_conv_depthwise_2D_asymmetric_input_square_kernel] triton key words check pass
2025-08-08 17:57:04,757 - openevolve.RemoteSpeedupEvaluator - INFO - [level1_84_conv_depthwise_2D_asymmetric_input_square_kernel] verify_plus payload: reference_code(1678 chars) + custom_code(4276 chars)
2025-08-08 17:57:07,592 - openevolve.RemoteSpeedupEvaluator - INFO - [level1_84_conv_depthwise_2D_asymmetric_input_square_kernel] verify_plus request success
2025-08-08 17:57:07,592 - openevolve.RemoteSpeedupEvaluator - INFO - [level1_84_conv_depthwise_2D_asymmetric_input_square_kernel] verify_plus response: {"id":"level1_84_conv_depthwise_2D_asymmetric_input_square_kernel","result":{"compiled":true,"correctness":false,"metadata":{"hardware":"NVIDIA L20Y","device":"cuda:0","runtime_error":"Traceback (most recent call last):\n  File \"/home/lijiaxing/.conda/envs/api/lib/python3.10/site-packages/triton/language/core.py\", line 42, in wrapper\n    return fn(*args, **kwargs)\n  File \"/home/lijiaxing/.conda/envs/api/lib/python3.10/site-packages/triton/language/core.py\", line 1693, in full\n    shape = _shape_check_impl(shape)\n  File \"/home/lijiaxing/.conda/envs/api/lib/python3.10/site-packages/triton/language/core.py\", line 1677, in _shape_check_impl\n    validate_block_shape(shape)\n  File \"/home/lijiaxing/.conda/envs/api/lib/python3.10/site-packages/triton/_utils.py\", line 50, in validate_
2025-08-08 17:57:07,593 - openevolve.RemoteSpeedupEvaluator - INFO - [level1_84_conv_depthwise_2D_asymmetric_input_square_kernel] âœ˜ wrong_answer
2025-08-08 17:57:07,593 - openevolve.evaluator - INFO - Evaluated program 3667ad06-3676-4857-9983-c15c7c22a86e in 2.84s: compiled=1.0000, correctness=0.0000, score=10.0000, stage=wrong_answer, verify_payload={'id': 'level1_84_conv_depthwise_2D_asymmetric_input_square_kernel', 'result': {'compiled': True, 'correctness': False, 'metadata': {'hardware': 'NVIDIA L20Y', 'device': 'cuda:0', 'runtime_error': 'Traceback (most recent call last):\n  File "/home/lijiaxing/.conda/envs/api/lib/python3.10/site-packages/triton/language/core.py", line 42, in wrapper\n    return fn(*args, **kwargs)\n  File "/home/lijiaxing/.conda/envs/api/lib/python3.10/site-packages/triton/language/core.py", line 1693, in full\n    shape = _shape_check_impl(shape)\n  File "/home/lijiaxing/.conda/envs/api/lib/python3.10/site-packages/triton/language/core.py", line 1677, in _shape_check_impl\n    validate_block_shape(shape)\n  File "/home/lijiaxing/.conda/envs/api/lib/python3.10/site-packages/triton/_utils.py", line 50, in validate_block_shape\n    raise TypeError(f"Shape element {i} must have type `constexpr[int]`, got `constexpr[{type(d)}]")\nTypeError: Shape element 0 must have type `constexpr[int]`, got `constexpr[<class \'triton.language.core.tensor\'>]\n\nThe above exception was the direct cause of the following exception:\n\ntriton.compiler.errors.CompilationError: at 10:11:\ndef zeros(shape, dtype):\n    """\n    Returns a tensor filled with the scalar value 0 for the given :code:`shape` and :code:`dtype`.\n\n    :param shape: Shape of the new array, e.g., (8, 16) or (8, )\n    :type shape: tuple of ints\n    :param dtype: Data-type of the new array, e.g., :code:`tl.float16`\n    :type dtype: DType\n    """\n    return core.full(shape, 0, dtype)\n           ^\n\nThe above exception was the direct cause of the following exception:\n\nTraceback (most recent call last):\n  File "/cpfs01/shared/llm_kernel/hujiakai/KernelLLM/validation_api_server/helpers/evaluations.py", line 720, in run_and_check_correctness\n    output_new = model_new(*inputs)\n  File "/home/lijiaxing/.conda/envs/api/lib/python3.10/site-packages/torch/nn/modules/module.py", line 1773, in _wrapped_call_impl\n    return self._call_impl(*args, **kwargs)\n  File "/home/lijiaxing/.conda/envs/api/lib/python3.10/site-packages/torch/nn/modules/module.py", line 1784, in _call_impl\n    return forward_call(*args, **kwargs)\n  File "/tmp/tmplk49b16w.py", line 104, in forward\n    depthwise_conv2d_kernel[grid](\n  File "/home/lijiaxing/.conda/envs/api/lib/python3.10/site-packages/triton/runtime/jit.py", line 390, in <lambda>\n    return lambda *args, **kwargs: self.run(grid=grid, warmup=False, *args, **kwargs)\n  File "/home/lijiaxing/.conda/envs/api/lib/python3.10/site-packages/triton/runtime/jit.py", line 594, in run\n    kernel = self.compile(src, target=target, options=options.__dict__)\n  File "/home/lijiaxing/.conda/envs/api/lib/python3.10/site-packages/triton/compiler/compiler.py", line 339, in compile\n    module = src.make_ir(options, codegen_fns, module_map, context)\n  File "/home/lijiaxing/.conda/envs/api/lib/python3.10/site-packages/triton/compiler/compiler.py", line 83, in make_ir\n    return ast_to_ttir(self.fn, self, context=context, options=options, codegen_fns=codegen_fns,\ntriton.compiler.errors.CompilationError: at 33:13:\n    batch_idx = pid_bc // out_channels\n    channel_idx = pid_bc % out_channels\n    group_idx = channel_idx // (out_channels // in_channels)\n\n    ow_start = pid_owb * BLOCK_OW\n    ow_offsets = ow_start + tl.arange(0, BLOCK_OW)\n    ow_mask = ow_offsets < OW\n\n    acc = tl.zeros((BLOCK_OW,), dtype=tl.float32)\n\n    # Preload kernel weights into registers\n    w_vals = tl.zeros((kernel_size*kernel_size,), dtype=tl.float32)\n             ^\n\n\nThe above exception was the direct cause of the following exception:\n\nTraceback (most recent call last):\n  File "/home/lijiaxing/.conda/envs/api/lib/python3.10/site-packages/triton/language/core.py", line 42, in wrapper\n    return fn(*args, **kwargs)\n  File "/home/lijiaxing/.conda/envs/api/lib/python3.10/site-packages/triton/language/core.py", line 1693, in full\n    shape = _shape_check_impl(shape)\n  File "/home/lijiaxing/.conda/envs/api/lib/python3.10/site-packages/triton/language/core.py", line 1677, in _shape_check_impl\n    validate_block_shape(shape)\n  File "/home/lijiaxing/.conda/envs/api/lib/python3.10/site-packages/triton/_utils.py", line 50, in validate_block_shape\n    raise TypeError(f"Shape element {i} must have type `constexpr[int]`, got `constexpr[{type(d)}]")\nTypeError: Shape element 0 must have type `constexpr[int]`, got `constexpr[<class \'triton.language.core.tensor\'>]\n\nThe above exception was the direct cause of the following exception:\n\ntriton.compiler.errors.CompilationError: at 10:11:\ndef zeros(shape, dtype):\n    """\n    Returns a tensor filled with the scalar value 0 for the given :code:`shape` and :code:`dtype`.\n\n    :param shape: Shape of the new array, e.g., (8, 16) or (8, )\n    :type shape: tuple of ints\n    :param dtype: Data-type of the new array, e.g., :code:`tl.float16`\n    :type dtype: DType\n    """\n    return core.full(shape, 0, dtype)\n           ^\n\n\nThe above exception was the direct cause of the following exception:\n\nTraceback (most recent call last):\n  File "/home/lijiaxing/.conda/envs/api/lib/python3.10/site-packages/triton/language/core.py", line 42, in wrapper\n    return fn(*args, **kwargs)\n  File "/home/lijiaxing/.conda/envs/api/lib/python3.10/site-packages/triton/language/core.py", line 1693, in full\n    shape = _shape_check_impl(shape)\n  File "/home/lijiaxing/.conda/envs/api/lib/python3.10/site-packages/triton/language/core.py", line 1677, in _shape_check_impl\n    validate_block_shape(shape)\n  File "/home/lijiaxing/.conda/envs/api/lib/python3.10/site-packages/triton/_utils.py", line 50, in validate_block_shape\n    raise TypeError(f"Shape element {i} must have type `constexpr[int]`, got `constexpr[{type(d)}]")\nTypeError: Shape element 0 must have type `constexpr[int]`, got `constexpr[<class \'triton.language.core.tensor\'>]\n', 'runtime_error_name': 'triton.compiler.errors.CompilationError', 'reference_timing_ms': 0.0301, 'speed_up': -1.0, 'custom_timing': -1.0}, 'runtime': -1.0, 'runtime_stats': {}}}
2025-08-08 17:57:07,597 - openevolve.llm.ensemble - INFO - Sampled model: deepseek
2025-08-08 17:57:07,602 - openevolve.database - INFO - New MAP-Elites cell occupied: {'score': 9, 'complexity': 6}
2025-08-08 17:57:07,615 - openevolve.threaded_parallel - INFO - Iteration 7: Program 3667ad06-3676-4857-9983-c15c7c22a86e (parent: 79b44ec7-454b-4fe3-a34f-8c14ad2c447a) completed in 664.38s
2025-08-08 17:57:07,615 - openevolve.threaded_parallel - INFO - Metrics: compiled=1.0000, correctness=0.0000, score=10.0000, stage=wrong_answer, verify_payload={'id': 'level1_84_conv_depthwise_2D_asymmetric_input_square_kernel', 'result': {'compiled': True, 'correctness': False, 'metadata': {'hardware': 'NVIDIA L20Y', 'device': 'cuda:0', 'runtime_error': 'Traceback (most recent call last):\n  File "/home/lijiaxing/.conda/envs/api/lib/python3.10/site-packages/triton/language/core.py", line 42, in wrapper\n    return fn(*args, **kwargs)\n  File "/home/lijiaxing/.conda/envs/api/lib/python3.10/site-packages/triton/language/core.py", line 1693, in full\n    shape = _shape_check_impl(shape)\n  File "/home/lijiaxing/.conda/envs/api/lib/python3.10/site-packages/triton/language/core.py", line 1677, in _shape_check_impl\n    validate_block_shape(shape)\n  File "/home/lijiaxing/.conda/envs/api/lib/python3.10/site-packages/triton/_utils.py", line 50, in validate_block_shape\n    raise TypeError(f"Shape element {i} must have type `constexpr[int]`, got `constexpr[{type(d)}]")\nTypeError: Shape element 0 must have type `constexpr[int]`, got `constexpr[<class \'triton.language.core.tensor\'>]\n\nThe above exception was the direct cause of the following exception:\n\ntriton.compiler.errors.CompilationError: at 10:11:\ndef zeros(shape, dtype):\n    """\n    Returns a tensor filled with the scalar value 0 for the given :code:`shape` and :code:`dtype`.\n\n    :param shape: Shape of the new array, e.g., (8, 16) or (8, )\n    :type shape: tuple of ints\n    :param dtype: Data-type of the new array, e.g., :code:`tl.float16`\n    :type dtype: DType\n    """\n    return core.full(shape, 0, dtype)\n           ^\n\nThe above exception was the direct cause of the following exception:\n\nTraceback (most recent call last):\n  File "/cpfs01/shared/llm_kernel/hujiakai/KernelLLM/validation_api_server/helpers/evaluations.py", line 720, in run_and_check_correctness\n    output_new = model_new(*inputs)\n  File "/home/lijiaxing/.conda/envs/api/lib/python3.10/site-packages/torch/nn/modules/module.py", line 1773, in _wrapped_call_impl\n    return self._call_impl(*args, **kwargs)\n  File "/home/lijiaxing/.conda/envs/api/lib/python3.10/site-packages/torch/nn/modules/module.py", line 1784, in _call_impl\n    return forward_call(*args, **kwargs)\n  File "/tmp/tmplk49b16w.py", line 104, in forward\n    depthwise_conv2d_kernel[grid](\n  File "/home/lijiaxing/.conda/envs/api/lib/python3.10/site-packages/triton/runtime/jit.py", line 390, in <lambda>\n    return lambda *args, **kwargs: self.run(grid=grid, warmup=False, *args, **kwargs)\n  File "/home/lijiaxing/.conda/envs/api/lib/python3.10/site-packages/triton/runtime/jit.py", line 594, in run\n    kernel = self.compile(src, target=target, options=options.__dict__)\n  File "/home/lijiaxing/.conda/envs/api/lib/python3.10/site-packages/triton/compiler/compiler.py", line 339, in compile\n    module = src.make_ir(options, codegen_fns, module_map, context)\n  File "/home/lijiaxing/.conda/envs/api/lib/python3.10/site-packages/triton/compiler/compiler.py", line 83, in make_ir\n    return ast_to_ttir(self.fn, self, context=context, options=options, codegen_fns=codegen_fns,\ntriton.compiler.errors.CompilationError: at 33:13:\n    batch_idx = pid_bc // out_channels\n    channel_idx = pid_bc % out_channels\n    group_idx = channel_idx // (out_channels // in_channels)\n\n    ow_start = pid_owb * BLOCK_OW\n    ow_offsets = ow_start + tl.arange(0, BLOCK_OW)\n    ow_mask = ow_offsets < OW\n\n    acc = tl.zeros((BLOCK_OW,), dtype=tl.float32)\n\n    # Preload kernel weights into registers\n    w_vals = tl.zeros((kernel_size*kernel_size,), dtype=tl.float32)\n             ^\n\n\nThe above exception was the direct cause of the following exception:\n\nTraceback (most recent call last):\n  File "/home/lijiaxing/.conda/envs/api/lib/python3.10/site-packages/triton/language/core.py", line 42, in wrapper\n    return fn(*args, **kwargs)\n  File "/home/lijiaxing/.conda/envs/api/lib/python3.10/site-packages/triton/language/core.py", line 1693, in full\n    shape = _shape_check_impl(shape)\n  File "/home/lijiaxing/.conda/envs/api/lib/python3.10/site-packages/triton/language/core.py", line 1677, in _shape_check_impl\n    validate_block_shape(shape)\n  File "/home/lijiaxing/.conda/envs/api/lib/python3.10/site-packages/triton/_utils.py", line 50, in validate_block_shape\n    raise TypeError(f"Shape element {i} must have type `constexpr[int]`, got `constexpr[{type(d)}]")\nTypeError: Shape element 0 must have type `constexpr[int]`, got `constexpr[<class \'triton.language.core.tensor\'>]\n\nThe above exception was the direct cause of the following exception:\n\ntriton.compiler.errors.CompilationError: at 10:11:\ndef zeros(shape, dtype):\n    """\n    Returns a tensor filled with the scalar value 0 for the given :code:`shape` and :code:`dtype`.\n\n    :param shape: Shape of the new array, e.g., (8, 16) or (8, )\n    :type shape: tuple of ints\n    :param dtype: Data-type of the new array, e.g., :code:`tl.float16`\n    :type dtype: DType\n    """\n    return core.full(shape, 0, dtype)\n           ^\n\n\nThe above exception was the direct cause of the following exception:\n\nTraceback (most recent call last):\n  File "/home/lijiaxing/.conda/envs/api/lib/python3.10/site-packages/triton/language/core.py", line 42, in wrapper\n    return fn(*args, **kwargs)\n  File "/home/lijiaxing/.conda/envs/api/lib/python3.10/site-packages/triton/language/core.py", line 1693, in full\n    shape = _shape_check_impl(shape)\n  File "/home/lijiaxing/.conda/envs/api/lib/python3.10/site-packages/triton/language/core.py", line 1677, in _shape_check_impl\n    validate_block_shape(shape)\n  File "/home/lijiaxing/.conda/envs/api/lib/python3.10/site-packages/triton/_utils.py", line 50, in validate_block_shape\n    raise TypeError(f"Shape element {i} must have type `constexpr[int]`, got `constexpr[{type(d)}]")\nTypeError: Shape element 0 must have type `constexpr[int]`, got `constexpr[<class \'triton.language.core.tensor\'>]\n', 'runtime_error_name': 'triton.compiler.errors.CompilationError', 'reference_timing_ms': 0.0301, 'speed_up': -1.0, 'custom_timing': -1.0}, 'runtime': -1.0, 'runtime_stats': {}}}
2025-08-08 18:02:52,350 - openevolve.RemoteSpeedupEvaluator - INFO - [level1_84_conv_depthwise_2D_asymmetric_input_square_kernel] triton key words check pass
2025-08-08 18:02:52,352 - openevolve.RemoteSpeedupEvaluator - INFO - [level1_84_conv_depthwise_2D_asymmetric_input_square_kernel] verify_plus payload: reference_code(1678 chars) + custom_code(5051 chars)
2025-08-08 18:02:57,086 - openevolve.RemoteSpeedupEvaluator - INFO - [level1_84_conv_depthwise_2D_asymmetric_input_square_kernel] verify_plus request success
2025-08-08 18:02:57,086 - openevolve.RemoteSpeedupEvaluator - INFO - [level1_84_conv_depthwise_2D_asymmetric_input_square_kernel] verify_plus response: {"id":"level1_84_conv_depthwise_2D_asymmetric_input_square_kernel","result":{"compiled":true,"correctness":true,"metadata":{"hardware":"NVIDIA L20Y","device":"cuda:4","correctness_trials":"(5 / 5)","reference_timing_ms":0.0301,"speed_up":0.388,"custom_timing":0.0775},"runtime":0.0775,"runtime_stats":{"mean":0.0775,"std":0.0016,"min":0.0749,"max":0.0835,"num_trials":100,"hardware":"NVIDIA L20Y","device":"cuda:4"}}}
2025-08-08 18:02:57,086 - openevolve.RemoteSpeedupEvaluator - INFO - [level1_84_conv_depthwise_2D_asymmetric_input_square_kernel] âœ” success | speed_up=0.388  score=20.00
2025-08-08 18:02:57,087 - openevolve.evaluator - INFO - Evaluated program 831eacf6-10fe-4233-8dac-cfb83f943de3 in 4.74s: compiled=1.0000, correctness=1.0000, stage=success, passed=0.0000, score=20.0000, speed_up=0.3880, runtime_ms=0.0775, meta={'hardware': 'NVIDIA L20Y', 'device': 'cuda:4', 'correctness_trials': '(5 / 5)', 'reference_timing_ms': 0.0301, 'speed_up': 0.388, 'custom_timing': 0.0775}
2025-08-08 18:02:57,090 - openevolve.llm.ensemble - INFO - Sampled model: deepseek
2025-08-08 18:02:57,108 - openevolve.threaded_parallel - INFO - Iteration 10: Program 831eacf6-10fe-4233-8dac-cfb83f943de3 (parent: e8d43b4b-a24f-406a-9a72-98bee4b07f26) completed in 420.04s
2025-08-08 18:02:57,108 - openevolve.threaded_parallel - INFO - Metrics: compiled=1.0000, correctness=1.0000, stage=success, passed=0.0000, score=20.0000, speed_up=0.3880, runtime_ms=0.0775, meta={'hardware': 'NVIDIA L20Y', 'device': 'cuda:4', 'correctness_trials': '(5 / 5)', 'reference_timing_ms': 0.0301, 'speed_up': 0.388, 'custom_timing': 0.0775}
2025-08-08 18:06:41,551 - openevolve.RemoteSpeedupEvaluator - INFO - [level1_84_conv_depthwise_2D_asymmetric_input_square_kernel] triton key words check pass
2025-08-08 18:06:41,552 - openevolve.RemoteSpeedupEvaluator - INFO - [level1_84_conv_depthwise_2D_asymmetric_input_square_kernel] verify_plus payload: reference_code(1678 chars) + custom_code(5186 chars)
2025-08-08 18:06:44,410 - openevolve.RemoteSpeedupEvaluator - INFO - [level1_84_conv_depthwise_2D_asymmetric_input_square_kernel] verify_plus request success
2025-08-08 18:06:44,410 - openevolve.RemoteSpeedupEvaluator - INFO - [level1_84_conv_depthwise_2D_asymmetric_input_square_kernel] verify_plus response: {"id":"level1_84_conv_depthwise_2D_asymmetric_input_square_kernel","result":{"compiled":true,"correctness":false,"metadata":{"hardware":"NVIDIA L20Y","device":"cuda:3","runtime_error":"Traceback (most recent call last):\n  File \"/home/lijiaxing/.conda/envs/api/lib/python3.10/site-packages/triton/language/core.py\", line 42, in wrapper\n    return fn(*args, **kwargs)\n  File \"/home/lijiaxing/.conda/envs/api/lib/python3.10/site-packages/triton/language/core.py\", line 1693, in full\n    shape = _shape_check_impl(shape)\n  File \"/home/lijiaxing/.conda/envs/api/lib/python3.10/site-packages/triton/language/core.py\", line 1677, in _shape_check_impl\n    validate_block_shape(shape)\n  File \"/home/lijiaxing/.conda/envs/api/lib/python3.10/site-packages/triton/_utils.py\", line 50, in validate_
2025-08-08 18:06:44,410 - openevolve.RemoteSpeedupEvaluator - INFO - [level1_84_conv_depthwise_2D_asymmetric_input_square_kernel] âœ˜ wrong_answer
2025-08-08 18:06:44,410 - openevolve.evaluator - INFO - Evaluated program 2eae5b1e-fd02-4bf9-9552-df028765e28d in 2.86s: compiled=1.0000, correctness=0.0000, score=10.0000, stage=wrong_answer, verify_payload={'id': 'level1_84_conv_depthwise_2D_asymmetric_input_square_kernel', 'result': {'compiled': True, 'correctness': False, 'metadata': {'hardware': 'NVIDIA L20Y', 'device': 'cuda:3', 'runtime_error': 'Traceback (most recent call last):\n  File "/home/lijiaxing/.conda/envs/api/lib/python3.10/site-packages/triton/language/core.py", line 42, in wrapper\n    return fn(*args, **kwargs)\n  File "/home/lijiaxing/.conda/envs/api/lib/python3.10/site-packages/triton/language/core.py", line 1693, in full\n    shape = _shape_check_impl(shape)\n  File "/home/lijiaxing/.conda/envs/api/lib/python3.10/site-packages/triton/language/core.py", line 1677, in _shape_check_impl\n    validate_block_shape(shape)\n  File "/home/lijiaxing/.conda/envs/api/lib/python3.10/site-packages/triton/_utils.py", line 50, in validate_block_shape\n    raise TypeError(f"Shape element {i} must have type `constexpr[int]`, got `constexpr[{type(d)}]")\nTypeError: Shape element 0 must have type `constexpr[int]`, got `constexpr[<class \'triton.language.core.tensor\'>]\n\nThe above exception was the direct cause of the following exception:\n\ntriton.compiler.errors.CompilationError: at 10:11:\ndef zeros(shape, dtype):\n    """\n    Returns a tensor filled with the scalar value 0 for the given :code:`shape` and :code:`dtype`.\n\n    :param shape: Shape of the new array, e.g., (8, 16) or (8, )\n    :type shape: tuple of ints\n    :param dtype: Data-type of the new array, e.g., :code:`tl.float16`\n    :type dtype: DType\n    """\n    return core.full(shape, 0, dtype)\n           ^\n\nThe above exception was the direct cause of the following exception:\n\nTraceback (most recent call last):\n  File "/cpfs01/shared/llm_kernel/hujiakai/KernelLLM/validation_api_server/helpers/evaluations.py", line 720, in run_and_check_correctness\n    output_new = model_new(*inputs)\n  File "/home/lijiaxing/.conda/envs/api/lib/python3.10/site-packages/torch/nn/modules/module.py", line 1773, in _wrapped_call_impl\n    return self._call_impl(*args, **kwargs)\n  File "/home/lijiaxing/.conda/envs/api/lib/python3.10/site-packages/torch/nn/modules/module.py", line 1784, in _call_impl\n    return forward_call(*args, **kwargs)\n  File "/tmp/tmpppar8r1k.py", line 143, in forward\n    depthwise_conv2d_kernel[grid](\n  File "/home/lijiaxing/.conda/envs/api/lib/python3.10/site-packages/triton/runtime/jit.py", line 390, in <lambda>\n    return lambda *args, **kwargs: self.run(grid=grid, warmup=False, *args, **kwargs)\n  File "/home/lijiaxing/.conda/envs/api/lib/python3.10/site-packages/triton/runtime/autotuner.py", line 239, in run\n    benchmark()\n  File "/home/lijiaxing/.conda/envs/api/lib/python3.10/site-packages/triton/runtime/autotuner.py", line 228, in benchmark\n    timings = {config: self._bench(*args, config=config, **kwargs) for config in pruned_configs}\n  File "/home/lijiaxing/.conda/envs/api/lib/python3.10/site-packages/triton/runtime/autotuner.py", line 228, in <dictcomp>\n    timings = {config: self._bench(*args, config=config, **kwargs) for config in pruned_configs}\n  File "/home/lijiaxing/.conda/envs/api/lib/python3.10/site-packages/triton/runtime/autotuner.py", line 160, in _bench\n    return self.do_bench(kernel_call, quantiles=(0.5, 0.2, 0.8))\n  File "/home/lijiaxing/.conda/envs/api/lib/python3.10/site-packages/triton/testing.py", line 149, in do_bench\n    fn()\n  File "/home/lijiaxing/.conda/envs/api/lib/python3.10/site-packages/triton/runtime/autotuner.py", line 146, in kernel_call\n    self.fn.run(\n  File "/home/lijiaxing/.conda/envs/api/lib/python3.10/site-packages/triton/runtime/jit.py", line 594, in run\n    kernel = self.compile(src, target=target, options=options.__dict__)\n  File "/home/lijiaxing/.conda/envs/api/lib/python3.10/site-packages/triton/compiler/compiler.py", line 339, in compile\n    module = src.make_ir(options, codegen_fns, module_map, context)\n  File "/home/lijiaxing/.conda/envs/api/lib/python3.10/site-packages/triton/compiler/compiler.py", line 83, in make_ir\n    return ast_to_ttir(self.fn, self, context=context, options=options, codegen_fns=codegen_fns,\ntriton.compiler.errors.CompilationError: at 37:13:\n    group_idx = channel_idx // (out_channels // in_channels)\n\n    # Compute output width offsets\n    ow_start = pid_owb * BLOCK_OW\n    ow_offsets = ow_start + tl.arange(0, BLOCK_OW)\n    ow_mask = ow_offsets < OW\n\n    # Initialize accumulator\n    acc = tl.zeros((BLOCK_OW,), dtype=tl.float32)\n\n    # Preload filter weights for this channel\n    w_vals = tl.zeros((kernel_size, kernel_size), dtype=tl.float32)\n             ^\n\n\nThe above exception was the direct cause of the following exception:\n\nTraceback (most recent call last):\n  File "/home/lijiaxing/.conda/envs/api/lib/python3.10/site-packages/triton/language/core.py", line 42, in wrapper\n    return fn(*args, **kwargs)\n  File "/home/lijiaxing/.conda/envs/api/lib/python3.10/site-packages/triton/language/core.py", line 1693, in full\n    shape = _shape_check_impl(shape)\n  File "/home/lijiaxing/.conda/envs/api/lib/python3.10/site-packages/triton/language/core.py", line 1677, in _shape_check_impl\n    validate_block_shape(shape)\n  File "/home/lijiaxing/.conda/envs/api/lib/python3.10/site-packages/triton/_utils.py", line 50, in validate_block_shape\n    raise TypeError(f"Shape element {i} must have type `constexpr[int]`, got `constexpr[{type(d)}]")\nTypeError: Shape element 0 must have type `constexpr[int]`, got `constexpr[<class \'triton.language.core.tensor\'>]\n\nThe above exception was the direct cause of the following exception:\n\ntriton.compiler.errors.CompilationError: at 10:11:\ndef zeros(shape, dtype):\n    """\n    Returns a tensor filled with the scalar value 0 for the given :code:`shape` and :code:`dtype`.\n\n    :param shape: Shape of the new array, e.g., (8, 16) or (8, )\n    :type shape: tuple of ints\n    :param dtype: Data-type of the new array, e.g., :code:`tl.float16`\n    :type dtype: DType\n    """\n    return core.full(shape, 0, dtype)\n           ^\n\n\nThe above exception was the direct cause of the following exception:\n\nTraceback (most recent call last):\n  File "/home/lijiaxing/.conda/envs/api/lib/python3.10/site-packages/triton/language/core.py", line 42, in wrapper\n    return fn(*args, **kwargs)\n  File "/home/lijiaxing/.conda/envs/api/lib/python3.10/site-packages/triton/language/core.py", line 1693, in full\n    shape = _shape_check_impl(shape)\n  File "/home/lijiaxing/.conda/envs/api/lib/python3.10/site-packages/triton/language/core.py", line 1677, in _shape_check_impl\n    validate_block_shape(shape)\n  File "/home/lijiaxing/.conda/envs/api/lib/python3.10/site-packages/triton/_utils.py", line 50, in validate_block_shape\n    raise TypeError(f"Shape element {i} must have type `constexpr[int]`, got `constexpr[{type(d)}]")\nTypeError: Shape element 0 must have type `constexpr[int]`, got `constexpr[<class \'triton.language.core.tensor\'>]\n', 'runtime_error_name': 'triton.compiler.errors.CompilationError', 'reference_timing_ms': 0.0301, 'speed_up': -1.0, 'custom_timing': -1.0}, 'runtime': -1.0, 'runtime_stats': {}}}
2025-08-08 18:06:44,414 - openevolve.llm.ensemble - INFO - Sampled model: deepseek
2025-08-08 18:06:44,425 - openevolve.threaded_parallel - INFO - Iteration 11: Program 2eae5b1e-fd02-4bf9-9552-df028765e28d (parent: 138f1104-08c7-45a4-8aa8-5d5cbb99e92e) completed in 576.81s
2025-08-08 18:06:44,425 - openevolve.threaded_parallel - INFO - Metrics: compiled=1.0000, correctness=0.0000, score=10.0000, stage=wrong_answer, verify_payload={'id': 'level1_84_conv_depthwise_2D_asymmetric_input_square_kernel', 'result': {'compiled': True, 'correctness': False, 'metadata': {'hardware': 'NVIDIA L20Y', 'device': 'cuda:3', 'runtime_error': 'Traceback (most recent call last):\n  File "/home/lijiaxing/.conda/envs/api/lib/python3.10/site-packages/triton/language/core.py", line 42, in wrapper\n    return fn(*args, **kwargs)\n  File "/home/lijiaxing/.conda/envs/api/lib/python3.10/site-packages/triton/language/core.py", line 1693, in full\n    shape = _shape_check_impl(shape)\n  File "/home/lijiaxing/.conda/envs/api/lib/python3.10/site-packages/triton/language/core.py", line 1677, in _shape_check_impl\n    validate_block_shape(shape)\n  File "/home/lijiaxing/.conda/envs/api/lib/python3.10/site-packages/triton/_utils.py", line 50, in validate_block_shape\n    raise TypeError(f"Shape element {i} must have type `constexpr[int]`, got `constexpr[{type(d)}]")\nTypeError: Shape element 0 must have type `constexpr[int]`, got `constexpr[<class \'triton.language.core.tensor\'>]\n\nThe above exception was the direct cause of the following exception:\n\ntriton.compiler.errors.CompilationError: at 10:11:\ndef zeros(shape, dtype):\n    """\n    Returns a tensor filled with the scalar value 0 for the given :code:`shape` and :code:`dtype`.\n\n    :param shape: Shape of the new array, e.g., (8, 16) or (8, )\n    :type shape: tuple of ints\n    :param dtype: Data-type of the new array, e.g., :code:`tl.float16`\n    :type dtype: DType\n    """\n    return core.full(shape, 0, dtype)\n           ^\n\nThe above exception was the direct cause of the following exception:\n\nTraceback (most recent call last):\n  File "/cpfs01/shared/llm_kernel/hujiakai/KernelLLM/validation_api_server/helpers/evaluations.py", line 720, in run_and_check_correctness\n    output_new = model_new(*inputs)\n  File "/home/lijiaxing/.conda/envs/api/lib/python3.10/site-packages/torch/nn/modules/module.py", line 1773, in _wrapped_call_impl\n    return self._call_impl(*args, **kwargs)\n  File "/home/lijiaxing/.conda/envs/api/lib/python3.10/site-packages/torch/nn/modules/module.py", line 1784, in _call_impl\n    return forward_call(*args, **kwargs)\n  File "/tmp/tmpppar8r1k.py", line 143, in forward\n    depthwise_conv2d_kernel[grid](\n  File "/home/lijiaxing/.conda/envs/api/lib/python3.10/site-packages/triton/runtime/jit.py", line 390, in <lambda>\n    return lambda *args, **kwargs: self.run(grid=grid, warmup=False, *args, **kwargs)\n  File "/home/lijiaxing/.conda/envs/api/lib/python3.10/site-packages/triton/runtime/autotuner.py", line 239, in run\n    benchmark()\n  File "/home/lijiaxing/.conda/envs/api/lib/python3.10/site-packages/triton/runtime/autotuner.py", line 228, in benchmark\n    timings = {config: self._bench(*args, config=config, **kwargs) for config in pruned_configs}\n  File "/home/lijiaxing/.conda/envs/api/lib/python3.10/site-packages/triton/runtime/autotuner.py", line 228, in <dictcomp>\n    timings = {config: self._bench(*args, config=config, **kwargs) for config in pruned_configs}\n  File "/home/lijiaxing/.conda/envs/api/lib/python3.10/site-packages/triton/runtime/autotuner.py", line 160, in _bench\n    return self.do_bench(kernel_call, quantiles=(0.5, 0.2, 0.8))\n  File "/home/lijiaxing/.conda/envs/api/lib/python3.10/site-packages/triton/testing.py", line 149, in do_bench\n    fn()\n  File "/home/lijiaxing/.conda/envs/api/lib/python3.10/site-packages/triton/runtime/autotuner.py", line 146, in kernel_call\n    self.fn.run(\n  File "/home/lijiaxing/.conda/envs/api/lib/python3.10/site-packages/triton/runtime/jit.py", line 594, in run\n    kernel = self.compile(src, target=target, options=options.__dict__)\n  File "/home/lijiaxing/.conda/envs/api/lib/python3.10/site-packages/triton/compiler/compiler.py", line 339, in compile\n    module = src.make_ir(options, codegen_fns, module_map, context)\n  File "/home/lijiaxing/.conda/envs/api/lib/python3.10/site-packages/triton/compiler/compiler.py", line 83, in make_ir\n    return ast_to_ttir(self.fn, self, context=context, options=options, codegen_fns=codegen_fns,\ntriton.compiler.errors.CompilationError: at 37:13:\n    group_idx = channel_idx // (out_channels // in_channels)\n\n    # Compute output width offsets\n    ow_start = pid_owb * BLOCK_OW\n    ow_offsets = ow_start + tl.arange(0, BLOCK_OW)\n    ow_mask = ow_offsets < OW\n\n    # Initialize accumulator\n    acc = tl.zeros((BLOCK_OW,), dtype=tl.float32)\n\n    # Preload filter weights for this channel\n    w_vals = tl.zeros((kernel_size, kernel_size), dtype=tl.float32)\n             ^\n\n\nThe above exception was the direct cause of the following exception:\n\nTraceback (most recent call last):\n  File "/home/lijiaxing/.conda/envs/api/lib/python3.10/site-packages/triton/language/core.py", line 42, in wrapper\n    return fn(*args, **kwargs)\n  File "/home/lijiaxing/.conda/envs/api/lib/python3.10/site-packages/triton/language/core.py", line 1693, in full\n    shape = _shape_check_impl(shape)\n  File "/home/lijiaxing/.conda/envs/api/lib/python3.10/site-packages/triton/language/core.py", line 1677, in _shape_check_impl\n    validate_block_shape(shape)\n  File "/home/lijiaxing/.conda/envs/api/lib/python3.10/site-packages/triton/_utils.py", line 50, in validate_block_shape\n    raise TypeError(f"Shape element {i} must have type `constexpr[int]`, got `constexpr[{type(d)}]")\nTypeError: Shape element 0 must have type `constexpr[int]`, got `constexpr[<class \'triton.language.core.tensor\'>]\n\nThe above exception was the direct cause of the following exception:\n\ntriton.compiler.errors.CompilationError: at 10:11:\ndef zeros(shape, dtype):\n    """\n    Returns a tensor filled with the scalar value 0 for the given :code:`shape` and :code:`dtype`.\n\n    :param shape: Shape of the new array, e.g., (8, 16) or (8, )\n    :type shape: tuple of ints\n    :param dtype: Data-type of the new array, e.g., :code:`tl.float16`\n    :type dtype: DType\n    """\n    return core.full(shape, 0, dtype)\n           ^\n\n\nThe above exception was the direct cause of the following exception:\n\nTraceback (most recent call last):\n  File "/home/lijiaxing/.conda/envs/api/lib/python3.10/site-packages/triton/language/core.py", line 42, in wrapper\n    return fn(*args, **kwargs)\n  File "/home/lijiaxing/.conda/envs/api/lib/python3.10/site-packages/triton/language/core.py", line 1693, in full\n    shape = _shape_check_impl(shape)\n  File "/home/lijiaxing/.conda/envs/api/lib/python3.10/site-packages/triton/language/core.py", line 1677, in _shape_check_impl\n    validate_block_shape(shape)\n  File "/home/lijiaxing/.conda/envs/api/lib/python3.10/site-packages/triton/_utils.py", line 50, in validate_block_shape\n    raise TypeError(f"Shape element {i} must have type `constexpr[int]`, got `constexpr[{type(d)}]")\nTypeError: Shape element 0 must have type `constexpr[int]`, got `constexpr[<class \'triton.language.core.tensor\'>]\n', 'runtime_error_name': 'triton.compiler.errors.CompilationError', 'reference_timing_ms': 0.0301, 'speed_up': -1.0, 'custom_timing': -1.0}, 'runtime': -1.0, 'runtime_stats': {}}}
2025-08-08 18:12:18,467 - openevolve.RemoteSpeedupEvaluator - INFO - [level1_84_conv_depthwise_2D_asymmetric_input_square_kernel] triton key words check pass
2025-08-08 18:12:18,468 - openevolve.RemoteSpeedupEvaluator - INFO - [level1_84_conv_depthwise_2D_asymmetric_input_square_kernel] verify_plus payload: reference_code(1678 chars) + custom_code(4172 chars)
2025-08-08 18:12:21,534 - openevolve.RemoteSpeedupEvaluator - INFO - [level1_84_conv_depthwise_2D_asymmetric_input_square_kernel] verify_plus request success
2025-08-08 18:12:21,534 - openevolve.RemoteSpeedupEvaluator - INFO - [level1_84_conv_depthwise_2D_asymmetric_input_square_kernel] verify_plus response: {"id":"level1_84_conv_depthwise_2D_asymmetric_input_square_kernel","result":{"compiled":true,"correctness":true,"metadata":{"hardware":"NVIDIA L20Y","device":"cuda:1","correctness_trials":"(5 / 5)","reference_timing_ms":0.0301,"speed_up":0.343,"custom_timing":0.0878},"runtime":0.0878,"runtime_stats":{"mean":0.0878,"std":0.00232,"min":0.0848,"max":0.101,"num_trials":100,"hardware":"NVIDIA L20Y","device":"cuda:1"}}}
2025-08-08 18:12:21,534 - openevolve.RemoteSpeedupEvaluator - INFO - [level1_84_conv_depthwise_2D_asymmetric_input_square_kernel] âœ” success | speed_up=0.343  score=20.00
2025-08-08 18:12:21,535 - openevolve.evaluator - INFO - Evaluated program f35618c8-19b2-4b2b-b947-f73811d393f1 in 3.07s: compiled=1.0000, correctness=1.0000, stage=success, passed=0.0000, score=20.0000, speed_up=0.3430, runtime_ms=0.0878, meta={'hardware': 'NVIDIA L20Y', 'device': 'cuda:1', 'correctness_trials': '(5 / 5)', 'reference_timing_ms': 0.0301, 'speed_up': 0.343, 'custom_timing': 0.0878}
2025-08-08 18:12:21,540 - openevolve.llm.ensemble - INFO - Sampled model: deepseek
2025-08-08 18:12:21,543 - openevolve.database - INFO - MAP-Elites cell improved: {'score': 9, 'complexity': 6} (fitness: 10.000 -> 20.000)
2025-08-08 18:12:21,555 - openevolve.threaded_parallel - INFO - Iteration 13: Program f35618c8-19b2-4b2b-b947-f73811d393f1 (parent: 1895fb2b-9ce7-4f06-82b1-f7ec3415a40f) completed in 337.12s
2025-08-08 18:12:21,555 - openevolve.threaded_parallel - INFO - Metrics: compiled=1.0000, correctness=1.0000, stage=success, passed=0.0000, score=20.0000, speed_up=0.3430, runtime_ms=0.0878, meta={'hardware': 'NVIDIA L20Y', 'device': 'cuda:1', 'correctness_trials': '(5 / 5)', 'reference_timing_ms': 0.0301, 'speed_up': 0.343, 'custom_timing': 0.0878}
2025-08-08 18:17:06,108 - openevolve.RemoteSpeedupEvaluator - INFO - [level1_84_conv_depthwise_2D_asymmetric_input_square_kernel] triton key words check pass
2025-08-08 18:17:06,110 - openevolve.RemoteSpeedupEvaluator - INFO - [level1_84_conv_depthwise_2D_asymmetric_input_square_kernel] verify_plus payload: reference_code(1678 chars) + custom_code(5129 chars)
2025-08-08 18:17:10,357 - openevolve.RemoteSpeedupEvaluator - INFO - [level1_84_conv_depthwise_2D_asymmetric_input_square_kernel] verify_plus request success
2025-08-08 18:17:10,357 - openevolve.RemoteSpeedupEvaluator - INFO - [level1_84_conv_depthwise_2D_asymmetric_input_square_kernel] verify_plus response: {"id":"level1_84_conv_depthwise_2D_asymmetric_input_square_kernel","result":{"compiled":true,"correctness":true,"metadata":{"hardware":"NVIDIA L20Y","device":"cuda:7","correctness_trials":"(5 / 5)","reference_timing_ms":0.0301,"speed_up":0.416,"custom_timing":0.0723},"runtime":0.0723,"runtime_stats":{"mean":0.0723,"std":0.00255,"min":0.07,"max":0.0878,"num_trials":100,"hardware":"NVIDIA L20Y","device":"cuda:7"}}}
2025-08-08 18:17:10,357 - openevolve.RemoteSpeedupEvaluator - INFO - [level1_84_conv_depthwise_2D_asymmetric_input_square_kernel] âœ” success | speed_up=0.416  score=20.00
2025-08-08 18:17:10,358 - openevolve.evaluator - INFO - Evaluated program a3109632-8abf-4aa8-bbe4-7c97a564d754 in 4.25s: compiled=1.0000, correctness=1.0000, stage=success, passed=0.0000, score=20.0000, speed_up=0.4160, runtime_ms=0.0723, meta={'hardware': 'NVIDIA L20Y', 'device': 'cuda:7', 'correctness_trials': '(5 / 5)', 'reference_timing_ms': 0.0301, 'speed_up': 0.416, 'custom_timing': 0.0723}
2025-08-08 18:17:10,361 - openevolve.llm.ensemble - INFO - Sampled model: deepseek
2025-08-08 18:17:10,375 - openevolve.threaded_parallel - INFO - Iteration 9: Program a3109632-8abf-4aa8-bbe4-7c97a564d754 (parent: e7815a3a-5858-4b61-828f-4d42d9124ec6) completed in 1436.59s
2025-08-08 18:17:10,375 - openevolve.threaded_parallel - INFO - Metrics: compiled=1.0000, correctness=1.0000, stage=success, passed=0.0000, score=20.0000, speed_up=0.4160, runtime_ms=0.0723, meta={'hardware': 'NVIDIA L20Y', 'device': 'cuda:7', 'correctness_trials': '(5 / 5)', 'reference_timing_ms': 0.0301, 'speed_up': 0.416, 'custom_timing': 0.0723}
2025-08-08 18:17:10,375 - openevolve.threaded_parallel - INFO - Checkpoint interval reached at iteration 9
2025-08-08 18:17:10,377 - openevolve.database - INFO - Island Status:
2025-08-08 18:17:10,377 - openevolve.database - INFO -    Island 0: 7 programs, best=20.0000, avg=11.4286, diversity=154.88, gen=5 (best: 79b44ec7-454b-4fe3-a34f-8c14ad2c447a)
2025-08-08 18:17:10,377 - openevolve.database - INFO -    Island 1: 4 programs, best=20.0000, avg=17.5000, diversity=124.78, gen=4 (best: e7815a3a-5858-4b61-828f-4d42d9124ec6)
2025-08-08 18:17:10,377 - openevolve.database - INFO -  * Island 2: 4 programs, best=20.0000, avg=10.2500, diversity=276.83, gen=4 (best: e8d43b4b-a24f-406a-9a72-98bee4b07f26)
2025-08-08 18:17:10,540 - openevolve.database - INFO - Saved database with 14 programs to openevolve_output/level1_84_conv_depthwise_2D_asymmetric_input_square_kernel/checkpoints/checkpoint_9
2025-08-08 18:17:10,556 - openevolve.controller - INFO - Saved best program at checkpoint 9 with metrics: compiled=1.0000, correctness=1.0000, stage=success, passed=0.0000, score=20.0000, speed_up=0.3520, runtime_ms=0.0856, meta={'hardware': 'NVIDIA L20Y', 'device': 'cuda:7', 'correctness_trials': '(5 / 5)', 'reference_timing_ms': 0.0301, 'speed_up': 0.352, 'custom_timing': 0.0856}
2025-08-08 18:17:10,556 - openevolve.controller - INFO - Saved checkpoint at iteration 9 to openevolve_output/level1_84_conv_depthwise_2D_asymmetric_input_square_kernel/checkpoints/checkpoint_9
2025-08-08 18:20:10,760 - openevolve.RemoteSpeedupEvaluator - INFO - [level1_84_conv_depthwise_2D_asymmetric_input_square_kernel] triton key words check pass
2025-08-08 18:20:10,762 - openevolve.RemoteSpeedupEvaluator - INFO - [level1_84_conv_depthwise_2D_asymmetric_input_square_kernel] verify_plus payload: reference_code(1678 chars) + custom_code(4827 chars)
2025-08-08 18:20:13,759 - openevolve.RemoteSpeedupEvaluator - INFO - [level1_84_conv_depthwise_2D_asymmetric_input_square_kernel] verify_plus request success
2025-08-08 18:20:13,759 - openevolve.RemoteSpeedupEvaluator - INFO - [level1_84_conv_depthwise_2D_asymmetric_input_square_kernel] verify_plus response: {"id":"level1_84_conv_depthwise_2D_asymmetric_input_square_kernel","result":{"compiled":true,"correctness":true,"metadata":{"hardware":"NVIDIA L20Y","device":"cuda:6","correctness_trials":"(5 / 5)","reference_timing_ms":0.0301,"speed_up":0.505,"custom_timing":0.0596},"runtime":0.0596,"runtime_stats":{"mean":0.0596,"std":0.00209,"min":0.0572,"max":0.0712,"num_trials":100,"hardware":"NVIDIA L20Y","device":"cuda:6"}}}
2025-08-08 18:20:13,760 - openevolve.RemoteSpeedupEvaluator - INFO - [level1_84_conv_depthwise_2D_asymmetric_input_square_kernel] âœ” success | speed_up=0.505  score=20.00
2025-08-08 18:20:13,760 - openevolve.evaluator - INFO - Evaluated program 73dd7d5f-d3fb-4739-8e02-4f6ae19f0973 in 3.00s: compiled=1.0000, correctness=1.0000, stage=success, passed=0.0000, score=20.0000, speed_up=0.5050, runtime_ms=0.0596, meta={'hardware': 'NVIDIA L20Y', 'device': 'cuda:6', 'correctness_trials': '(5 / 5)', 'reference_timing_ms': 0.0301, 'speed_up': 0.505, 'custom_timing': 0.0596}
2025-08-08 18:20:13,764 - openevolve.llm.ensemble - INFO - Sampled model: deepseek
2025-08-08 18:20:13,778 - openevolve.threaded_parallel - INFO - Iteration 12: Program 73dd7d5f-d3fb-4739-8e02-4f6ae19f0973 (parent: e7815a3a-5858-4b61-828f-4d42d9124ec6) completed in 1036.67s
2025-08-08 18:20:13,778 - openevolve.threaded_parallel - INFO - Metrics: compiled=1.0000, correctness=1.0000, stage=success, passed=0.0000, score=20.0000, speed_up=0.5050, runtime_ms=0.0596, meta={'hardware': 'NVIDIA L20Y', 'device': 'cuda:6', 'correctness_trials': '(5 / 5)', 'reference_timing_ms': 0.0301, 'speed_up': 0.505, 'custom_timing': 0.0596}
2025-08-08 18:20:13,778 - openevolve.threaded_parallel - INFO - Checkpoint interval reached at iteration 12
2025-08-08 18:20:13,780 - openevolve.database - INFO - Island Status:
2025-08-08 18:20:13,780 - openevolve.database - INFO -  * Island 0: 7 programs, best=20.0000, avg=11.4286, diversity=154.88, gen=6 (best: 79b44ec7-454b-4fe3-a34f-8c14ad2c447a)
2025-08-08 18:20:13,780 - openevolve.database - INFO -    Island 1: 4 programs, best=20.0000, avg=17.5000, diversity=124.78, gen=4 (best: e7815a3a-5858-4b61-828f-4d42d9124ec6)
2025-08-08 18:20:13,780 - openevolve.database - INFO -    Island 2: 5 programs, best=20.0000, avg=12.2000, diversity=249.93, gen=4 (best: 73dd7d5f-d3fb-4739-8e02-4f6ae19f0973)
2025-08-08 18:20:13,971 - openevolve.database - INFO - Saved database with 15 programs to openevolve_output/level1_84_conv_depthwise_2D_asymmetric_input_square_kernel/checkpoints/checkpoint_12
2025-08-08 18:20:13,987 - openevolve.controller - INFO - Saved best program at checkpoint 12 with metrics: compiled=1.0000, correctness=1.0000, stage=success, passed=0.0000, score=20.0000, speed_up=0.3520, runtime_ms=0.0856, meta={'hardware': 'NVIDIA L20Y', 'device': 'cuda:7', 'correctness_trials': '(5 / 5)', 'reference_timing_ms': 0.0301, 'speed_up': 0.352, 'custom_timing': 0.0856}
2025-08-08 18:20:13,987 - openevolve.controller - INFO - Saved checkpoint at iteration 12 to openevolve_output/level1_84_conv_depthwise_2D_asymmetric_input_square_kernel/checkpoints/checkpoint_12
2025-08-08 18:26:52,179 - openevolve.RemoteSpeedupEvaluator - INFO - [level1_84_conv_depthwise_2D_asymmetric_input_square_kernel] triton key words check pass
2025-08-08 18:26:52,180 - openevolve.RemoteSpeedupEvaluator - INFO - [level1_84_conv_depthwise_2D_asymmetric_input_square_kernel] verify_plus payload: reference_code(1678 chars) + custom_code(4781 chars)
2025-08-08 18:26:55,219 - openevolve.RemoteSpeedupEvaluator - INFO - [level1_84_conv_depthwise_2D_asymmetric_input_square_kernel] verify_plus request success
2025-08-08 18:26:55,219 - openevolve.RemoteSpeedupEvaluator - INFO - [level1_84_conv_depthwise_2D_asymmetric_input_square_kernel] verify_plus response: {"id":"level1_84_conv_depthwise_2D_asymmetric_input_square_kernel","result":{"compiled":true,"correctness":false,"metadata":{"hardware":"NVIDIA L20Y","device":"cuda:3","runtime_error":"Traceback (most recent call last):\n  File \"/cpfs01/shared/llm_kernel/hujiakai/KernelLLM/validation_api_server/helpers/evaluations.py\", line 720, in run_and_check_correctness\n    output_new = model_new(*inputs)\n  File \"/home/lijiaxing/.conda/envs/api/lib/python3.10/site-packages/torch/nn/modules/module.py\", line 1773, in _wrapped_call_impl\n    return self._call_impl(*args, **kwargs)\n  File \"/home/lijiaxing/.conda/envs/api/lib/python3.10/site-packages/torch/nn/modules/module.py\", line 1784, in _call_impl\n    return forward_call(*args, **kwargs)\n  File \"/tmp/tmp25ns2e_4.py\", line 120, in forward\
2025-08-08 18:26:55,220 - openevolve.RemoteSpeedupEvaluator - INFO - [level1_84_conv_depthwise_2D_asymmetric_input_square_kernel] âœ˜ wrong_answer
2025-08-08 18:26:55,220 - openevolve.evaluator - INFO - Evaluated program fa8a54b1-72ca-4526-9f02-62135d813d64 in 3.04s: compiled=1.0000, correctness=0.0000, score=10.0000, stage=wrong_answer, verify_payload={'id': 'level1_84_conv_depthwise_2D_asymmetric_input_square_kernel', 'result': {'compiled': True, 'correctness': False, 'metadata': {'hardware': 'NVIDIA L20Y', 'device': 'cuda:3', 'runtime_error': 'Traceback (most recent call last):\n  File "/cpfs01/shared/llm_kernel/hujiakai/KernelLLM/validation_api_server/helpers/evaluations.py", line 720, in run_and_check_correctness\n    output_new = model_new(*inputs)\n  File "/home/lijiaxing/.conda/envs/api/lib/python3.10/site-packages/torch/nn/modules/module.py", line 1773, in _wrapped_call_impl\n    return self._call_impl(*args, **kwargs)\n  File "/home/lijiaxing/.conda/envs/api/lib/python3.10/site-packages/torch/nn/modules/module.py", line 1784, in _call_impl\n    return forward_call(*args, **kwargs)\n  File "/tmp/tmp25ns2e_4.py", line 120, in forward\n    depthwise_conv2d_kernel[grid](\n  File "/home/lijiaxing/.conda/envs/api/lib/python3.10/site-packages/triton/runtime/jit.py", line 390, in <lambda>\n    return lambda *args, **kwargs: self.run(grid=grid, warmup=False, *args, **kwargs)\n  File "/home/lijiaxing/.conda/envs/api/lib/python3.10/site-packages/triton/runtime/autotuner.py", line 239, in run\n    benchmark()\n  File "/home/lijiaxing/.conda/envs/api/lib/python3.10/site-packages/triton/runtime/autotuner.py", line 228, in benchmark\n    timings = {config: self._bench(*args, config=config, **kwargs) for config in pruned_configs}\n  File "/home/lijiaxing/.conda/envs/api/lib/python3.10/site-packages/triton/runtime/autotuner.py", line 228, in <dictcomp>\n    timings = {config: self._bench(*args, config=config, **kwargs) for config in pruned_configs}\n  File "/home/lijiaxing/.conda/envs/api/lib/python3.10/site-packages/triton/runtime/autotuner.py", line 160, in _bench\n    return self.do_bench(kernel_call, quantiles=(0.5, 0.2, 0.8))\n  File "/home/lijiaxing/.conda/envs/api/lib/python3.10/site-packages/triton/testing.py", line 149, in do_bench\n    fn()\n  File "/home/lijiaxing/.conda/envs/api/lib/python3.10/site-packages/triton/runtime/autotuner.py", line 146, in kernel_call\n    self.fn.run(\n  File "/home/lijiaxing/.conda/envs/api/lib/python3.10/site-packages/triton/runtime/jit.py", line 594, in run\n    kernel = self.compile(src, target=target, options=options.__dict__)\n  File "/home/lijiaxing/.conda/envs/api/lib/python3.10/site-packages/triton/compiler/compiler.py", line 281, in compile\n    key = f"{triton_key()}-{src.hash()}-{backend.hash()}-{options.hash()}-{str(sorted(env_vars.items()))}"\n  File "/home/lijiaxing/.conda/envs/api/lib/python3.10/site-packages/triton/compiler/compiler.py", line 78, in hash\n    key = f"{self.fn.cache_key}-{str(self.attrs)}-{sorted_sig}-{constants_key}"\n  File "/home/lijiaxing/.conda/envs/api/lib/python3.10/site-packages/triton/runtime/jit.py", line 696, in cache_key\n    dependencies_finder.visit(self.parse())\n  File "/home/lijiaxing/.conda/envs/api/lib/python3.10/ast.py", line 418, in visit\n    return visitor(node)\n  File "/home/lijiaxing/.conda/envs/api/lib/python3.10/ast.py", line 426, in generic_visit\n    self.visit(item)\n  File "/home/lijiaxing/.conda/envs/api/lib/python3.10/ast.py", line 418, in visit\n    return visitor(node)\n  File "/home/lijiaxing/.conda/envs/api/lib/python3.10/site-packages/triton/runtime/jit.py", line 163, in visit_FunctionDef\n    self.generic_visit(node)\n  File "/home/lijiaxing/.conda/envs/api/lib/python3.10/ast.py", line 426, in generic_visit\n    self.visit(item)\n  File "/home/lijiaxing/.conda/envs/api/lib/python3.10/ast.py", line 418, in visit\n    return visitor(node)\n  File "/home/lijiaxing/.conda/envs/api/lib/python3.10/site-packages/triton/runtime/jit.py", line 229, in visit_For\n    self.generic_visit(node)\n  File "/home/lijiaxing/.conda/envs/api/lib/python3.10/ast.py", line 426, in generic_visit\n    self.visit(item)\n  File "/home/lijiaxing/.conda/envs/api/lib/python3.10/ast.py", line 418, in visit\n    return visitor(node)\n  File "/home/lijiaxing/.conda/envs/api/lib/python3.10/site-packages/triton/runtime/jit.py", line 217, in visit_Assign\n    self.generic_visit(node)\n  File "/home/lijiaxing/.conda/envs/api/lib/python3.10/ast.py", line 428, in generic_visit\n    self.visit(value)\n  File "/home/lijiaxing/.conda/envs/api/lib/python3.10/ast.py", line 418, in visit\n    return visitor(node)\n  File "/home/lijiaxing/.conda/envs/api/lib/python3.10/ast.py", line 428, in generic_visit\n    self.visit(value)\n  File "/home/lijiaxing/.conda/envs/api/lib/python3.10/ast.py", line 418, in visit\n    return visitor(node)\n  File "/home/lijiaxing/.conda/envs/api/lib/python3.10/site-packages/triton/runtime/jit.py", line 156, in visit_Attribute\n    ret = getattr(lhs, node.attr)\nAttributeError: module \'triton.language\' has no attribute \'store_element\'\n', 'runtime_error_name': 'builtins.AttributeError', 'reference_timing_ms': 0.0301, 'speed_up': -1.0, 'custom_timing': -1.0}, 'runtime': -1.0, 'runtime_stats': {}}}
2025-08-08 18:26:55,224 - openevolve.llm.ensemble - INFO - Sampled model: deepseek
2025-08-08 18:26:55,238 - openevolve.threaded_parallel - INFO - Iteration 14: Program fa8a54b1-72ca-4526-9f02-62135d813d64 (parent: 79b44ec7-454b-4fe3-a34f-8c14ad2c447a) completed in 873.68s
2025-08-08 18:26:55,239 - openevolve.threaded_parallel - INFO - Metrics: compiled=1.0000, correctness=0.0000, score=10.0000, stage=wrong_answer, verify_payload={'id': 'level1_84_conv_depthwise_2D_asymmetric_input_square_kernel', 'result': {'compiled': True, 'correctness': False, 'metadata': {'hardware': 'NVIDIA L20Y', 'device': 'cuda:3', 'runtime_error': 'Traceback (most recent call last):\n  File "/cpfs01/shared/llm_kernel/hujiakai/KernelLLM/validation_api_server/helpers/evaluations.py", line 720, in run_and_check_correctness\n    output_new = model_new(*inputs)\n  File "/home/lijiaxing/.conda/envs/api/lib/python3.10/site-packages/torch/nn/modules/module.py", line 1773, in _wrapped_call_impl\n    return self._call_impl(*args, **kwargs)\n  File "/home/lijiaxing/.conda/envs/api/lib/python3.10/site-packages/torch/nn/modules/module.py", line 1784, in _call_impl\n    return forward_call(*args, **kwargs)\n  File "/tmp/tmp25ns2e_4.py", line 120, in forward\n    depthwise_conv2d_kernel[grid](\n  File "/home/lijiaxing/.conda/envs/api/lib/python3.10/site-packages/triton/runtime/jit.py", line 390, in <lambda>\n    return lambda *args, **kwargs: self.run(grid=grid, warmup=False, *args, **kwargs)\n  File "/home/lijiaxing/.conda/envs/api/lib/python3.10/site-packages/triton/runtime/autotuner.py", line 239, in run\n    benchmark()\n  File "/home/lijiaxing/.conda/envs/api/lib/python3.10/site-packages/triton/runtime/autotuner.py", line 228, in benchmark\n    timings = {config: self._bench(*args, config=config, **kwargs) for config in pruned_configs}\n  File "/home/lijiaxing/.conda/envs/api/lib/python3.10/site-packages/triton/runtime/autotuner.py", line 228, in <dictcomp>\n    timings = {config: self._bench(*args, config=config, **kwargs) for config in pruned_configs}\n  File "/home/lijiaxing/.conda/envs/api/lib/python3.10/site-packages/triton/runtime/autotuner.py", line 160, in _bench\n    return self.do_bench(kernel_call, quantiles=(0.5, 0.2, 0.8))\n  File "/home/lijiaxing/.conda/envs/api/lib/python3.10/site-packages/triton/testing.py", line 149, in do_bench\n    fn()\n  File "/home/lijiaxing/.conda/envs/api/lib/python3.10/site-packages/triton/runtime/autotuner.py", line 146, in kernel_call\n    self.fn.run(\n  File "/home/lijiaxing/.conda/envs/api/lib/python3.10/site-packages/triton/runtime/jit.py", line 594, in run\n    kernel = self.compile(src, target=target, options=options.__dict__)\n  File "/home/lijiaxing/.conda/envs/api/lib/python3.10/site-packages/triton/compiler/compiler.py", line 281, in compile\n    key = f"{triton_key()}-{src.hash()}-{backend.hash()}-{options.hash()}-{str(sorted(env_vars.items()))}"\n  File "/home/lijiaxing/.conda/envs/api/lib/python3.10/site-packages/triton/compiler/compiler.py", line 78, in hash\n    key = f"{self.fn.cache_key}-{str(self.attrs)}-{sorted_sig}-{constants_key}"\n  File "/home/lijiaxing/.conda/envs/api/lib/python3.10/site-packages/triton/runtime/jit.py", line 696, in cache_key\n    dependencies_finder.visit(self.parse())\n  File "/home/lijiaxing/.conda/envs/api/lib/python3.10/ast.py", line 418, in visit\n    return visitor(node)\n  File "/home/lijiaxing/.conda/envs/api/lib/python3.10/ast.py", line 426, in generic_visit\n    self.visit(item)\n  File "/home/lijiaxing/.conda/envs/api/lib/python3.10/ast.py", line 418, in visit\n    return visitor(node)\n  File "/home/lijiaxing/.conda/envs/api/lib/python3.10/site-packages/triton/runtime/jit.py", line 163, in visit_FunctionDef\n    self.generic_visit(node)\n  File "/home/lijiaxing/.conda/envs/api/lib/python3.10/ast.py", line 426, in generic_visit\n    self.visit(item)\n  File "/home/lijiaxing/.conda/envs/api/lib/python3.10/ast.py", line 418, in visit\n    return visitor(node)\n  File "/home/lijiaxing/.conda/envs/api/lib/python3.10/site-packages/triton/runtime/jit.py", line 229, in visit_For\n    self.generic_visit(node)\n  File "/home/lijiaxing/.conda/envs/api/lib/python3.10/ast.py", line 426, in generic_visit\n    self.visit(item)\n  File "/home/lijiaxing/.conda/envs/api/lib/python3.10/ast.py", line 418, in visit\n    return visitor(node)\n  File "/home/lijiaxing/.conda/envs/api/lib/python3.10/site-packages/triton/runtime/jit.py", line 217, in visit_Assign\n    self.generic_visit(node)\n  File "/home/lijiaxing/.conda/envs/api/lib/python3.10/ast.py", line 428, in generic_visit\n    self.visit(value)\n  File "/home/lijiaxing/.conda/envs/api/lib/python3.10/ast.py", line 418, in visit\n    return visitor(node)\n  File "/home/lijiaxing/.conda/envs/api/lib/python3.10/ast.py", line 428, in generic_visit\n    self.visit(value)\n  File "/home/lijiaxing/.conda/envs/api/lib/python3.10/ast.py", line 418, in visit\n    return visitor(node)\n  File "/home/lijiaxing/.conda/envs/api/lib/python3.10/site-packages/triton/runtime/jit.py", line 156, in visit_Attribute\n    ret = getattr(lhs, node.attr)\nAttributeError: module \'triton.language\' has no attribute \'store_element\'\n', 'runtime_error_name': 'builtins.AttributeError', 'reference_timing_ms': 0.0301, 'speed_up': -1.0, 'custom_timing': -1.0}, 'runtime': -1.0, 'runtime_stats': {}}}
2025-08-08 18:33:34,933 - openevolve.RemoteSpeedupEvaluator - INFO - [level1_84_conv_depthwise_2D_asymmetric_input_square_kernel] triton key words check pass
2025-08-08 18:33:34,934 - openevolve.RemoteSpeedupEvaluator - INFO - [level1_84_conv_depthwise_2D_asymmetric_input_square_kernel] verify_plus payload: reference_code(1678 chars) + custom_code(5497 chars)
2025-08-08 18:33:37,456 - openevolve.RemoteSpeedupEvaluator - INFO - [level1_84_conv_depthwise_2D_asymmetric_input_square_kernel] verify_plus request success
2025-08-08 18:33:37,456 - openevolve.RemoteSpeedupEvaluator - INFO - [level1_84_conv_depthwise_2D_asymmetric_input_square_kernel] verify_plus response: {"id":"level1_84_conv_depthwise_2D_asymmetric_input_square_kernel","result":{"compiled":true,"correctness":false,"metadata":{"hardware":"NVIDIA L20Y","device":"cuda:0","runtime_error":"Traceback (most recent call last):\n  File \"/cpfs01/shared/llm_kernel/hujiakai/KernelLLM/validation_api_server/helpers/evaluations.py\", line 720, in run_and_check_correctness\n    output_new = model_new(*inputs)\n  File \"/home/lijiaxing/.conda/envs/api/lib/python3.10/site-packages/torch/nn/modules/module.py\", line 1773, in _wrapped_call_impl\n    return self._call_impl(*args, **kwargs)\n  File \"/home/lijiaxing/.conda/envs/api/lib/python3.10/site-packages/torch/nn/modules/module.py\", line 1784, in _call_impl\n    return forward_call(*args, **kwargs)\n  File \"/tmp/tmpjzu24jwx.py\", line 131, in forward\
2025-08-08 18:33:37,457 - openevolve.RemoteSpeedupEvaluator - INFO - [level1_84_conv_depthwise_2D_asymmetric_input_square_kernel] âœ˜ wrong_answer
2025-08-08 18:33:37,457 - openevolve.evaluator - INFO - Evaluated program c934927f-5a30-4066-8ea9-1681f641be7d in 2.53s: compiled=1.0000, correctness=0.0000, score=10.0000, stage=wrong_answer, verify_payload={'id': 'level1_84_conv_depthwise_2D_asymmetric_input_square_kernel', 'result': {'compiled': True, 'correctness': False, 'metadata': {'hardware': 'NVIDIA L20Y', 'device': 'cuda:0', 'runtime_error': 'Traceback (most recent call last):\n  File "/cpfs01/shared/llm_kernel/hujiakai/KernelLLM/validation_api_server/helpers/evaluations.py", line 720, in run_and_check_correctness\n    output_new = model_new(*inputs)\n  File "/home/lijiaxing/.conda/envs/api/lib/python3.10/site-packages/torch/nn/modules/module.py", line 1773, in _wrapped_call_impl\n    return self._call_impl(*args, **kwargs)\n  File "/home/lijiaxing/.conda/envs/api/lib/python3.10/site-packages/torch/nn/modules/module.py", line 1784, in _call_impl\n    return forward_call(*args, **kwargs)\n  File "/tmp/tmpjzu24jwx.py", line 131, in forward\n    depthwise_conv2d_kernel[grid](\n  File "/home/lijiaxing/.conda/envs/api/lib/python3.10/site-packages/triton/runtime/jit.py", line 390, in <lambda>\n    return lambda *args, **kwargs: self.run(grid=grid, warmup=False, *args, **kwargs)\n  File "/home/lijiaxing/.conda/envs/api/lib/python3.10/site-packages/triton/runtime/autotuner.py", line 239, in run\n    benchmark()\n  File "/home/lijiaxing/.conda/envs/api/lib/python3.10/site-packages/triton/runtime/autotuner.py", line 228, in benchmark\n    timings = {config: self._bench(*args, config=config, **kwargs) for config in pruned_configs}\n  File "/home/lijiaxing/.conda/envs/api/lib/python3.10/site-packages/triton/runtime/autotuner.py", line 228, in <dictcomp>\n    timings = {config: self._bench(*args, config=config, **kwargs) for config in pruned_configs}\n  File "/home/lijiaxing/.conda/envs/api/lib/python3.10/site-packages/triton/runtime/autotuner.py", line 135, in _bench\n    raise ValueError(f"Conflicting meta-parameters: {\', \'.join(conflicts)}."\nValueError: Conflicting meta-parameters: BLOCK_OH. Make sure that you don\'t re-define auto-tuned symbols.\n', 'runtime_error_name': 'builtins.ValueError', 'reference_timing_ms': 0.0301, 'speed_up': -1.0, 'custom_timing': -1.0}, 'runtime': -1.0, 'runtime_stats': {}}}
2025-08-08 18:33:37,460 - openevolve.llm.ensemble - INFO - Sampled model: deepseek
2025-08-08 18:33:37,474 - openevolve.threaded_parallel - INFO - Iteration 15: Program c934927f-5a30-4066-8ea9-1681f641be7d (parent: 831eacf6-10fe-4233-8dac-cfb83f943de3) completed in 987.10s
2025-08-08 18:33:37,475 - openevolve.threaded_parallel - INFO - Metrics: compiled=1.0000, correctness=0.0000, score=10.0000, stage=wrong_answer, verify_payload={'id': 'level1_84_conv_depthwise_2D_asymmetric_input_square_kernel', 'result': {'compiled': True, 'correctness': False, 'metadata': {'hardware': 'NVIDIA L20Y', 'device': 'cuda:0', 'runtime_error': 'Traceback (most recent call last):\n  File "/cpfs01/shared/llm_kernel/hujiakai/KernelLLM/validation_api_server/helpers/evaluations.py", line 720, in run_and_check_correctness\n    output_new = model_new(*inputs)\n  File "/home/lijiaxing/.conda/envs/api/lib/python3.10/site-packages/torch/nn/modules/module.py", line 1773, in _wrapped_call_impl\n    return self._call_impl(*args, **kwargs)\n  File "/home/lijiaxing/.conda/envs/api/lib/python3.10/site-packages/torch/nn/modules/module.py", line 1784, in _call_impl\n    return forward_call(*args, **kwargs)\n  File "/tmp/tmpjzu24jwx.py", line 131, in forward\n    depthwise_conv2d_kernel[grid](\n  File "/home/lijiaxing/.conda/envs/api/lib/python3.10/site-packages/triton/runtime/jit.py", line 390, in <lambda>\n    return lambda *args, **kwargs: self.run(grid=grid, warmup=False, *args, **kwargs)\n  File "/home/lijiaxing/.conda/envs/api/lib/python3.10/site-packages/triton/runtime/autotuner.py", line 239, in run\n    benchmark()\n  File "/home/lijiaxing/.conda/envs/api/lib/python3.10/site-packages/triton/runtime/autotuner.py", line 228, in benchmark\n    timings = {config: self._bench(*args, config=config, **kwargs) for config in pruned_configs}\n  File "/home/lijiaxing/.conda/envs/api/lib/python3.10/site-packages/triton/runtime/autotuner.py", line 228, in <dictcomp>\n    timings = {config: self._bench(*args, config=config, **kwargs) for config in pruned_configs}\n  File "/home/lijiaxing/.conda/envs/api/lib/python3.10/site-packages/triton/runtime/autotuner.py", line 135, in _bench\n    raise ValueError(f"Conflicting meta-parameters: {\', \'.join(conflicts)}."\nValueError: Conflicting meta-parameters: BLOCK_OH. Make sure that you don\'t re-define auto-tuned symbols.\n', 'runtime_error_name': 'builtins.ValueError', 'reference_timing_ms': 0.0301, 'speed_up': -1.0, 'custom_timing': -1.0}, 'runtime': -1.0, 'runtime_stats': {}}}
2025-08-08 18:33:37,475 - openevolve.threaded_parallel - INFO - Checkpoint interval reached at iteration 15
2025-08-08 18:33:37,477 - openevolve.database - INFO - Island Status:
2025-08-08 18:33:37,478 - openevolve.database - INFO -    Island 0: 8 programs, best=20.0000, avg=11.2500, diversity=154.88, gen=6 (best: 79b44ec7-454b-4fe3-a34f-8c14ad2c447a)
2025-08-08 18:33:37,478 - openevolve.database - INFO -    Island 1: 5 programs, best=20.0000, avg=16.0000, diversity=152.80, gen=5 (best: e7815a3a-5858-4b61-828f-4d42d9124ec6)
2025-08-08 18:33:37,478 - openevolve.database - INFO -  * Island 2: 5 programs, best=20.0000, avg=12.2000, diversity=249.93, gen=5 (best: 73dd7d5f-d3fb-4739-8e02-4f6ae19f0973)
2025-08-08 18:33:37,694 - openevolve.database - INFO - Saved database with 17 programs to openevolve_output/level1_84_conv_depthwise_2D_asymmetric_input_square_kernel/checkpoints/checkpoint_15
2025-08-08 18:33:37,711 - openevolve.controller - INFO - Saved best program at checkpoint 15 with metrics: compiled=1.0000, correctness=1.0000, stage=success, passed=0.0000, score=20.0000, speed_up=0.3520, runtime_ms=0.0856, meta={'hardware': 'NVIDIA L20Y', 'device': 'cuda:7', 'correctness_trials': '(5 / 5)', 'reference_timing_ms': 0.0301, 'speed_up': 0.352, 'custom_timing': 0.0856}
2025-08-08 18:33:37,711 - openevolve.controller - INFO - Saved checkpoint at iteration 15 to openevolve_output/level1_84_conv_depthwise_2D_asymmetric_input_square_kernel/checkpoints/checkpoint_15
2025-08-08 18:35:38,144 - openevolve.RemoteSpeedupEvaluator - INFO - [level1_84_conv_depthwise_2D_asymmetric_input_square_kernel] triton key words check pass
2025-08-08 18:35:38,146 - openevolve.RemoteSpeedupEvaluator - INFO - [level1_84_conv_depthwise_2D_asymmetric_input_square_kernel] verify_plus payload: reference_code(1678 chars) + custom_code(4347 chars)
2025-08-08 18:35:41,224 - openevolve.RemoteSpeedupEvaluator - INFO - [level1_84_conv_depthwise_2D_asymmetric_input_square_kernel] verify_plus request success
2025-08-08 18:35:41,225 - openevolve.RemoteSpeedupEvaluator - INFO - [level1_84_conv_depthwise_2D_asymmetric_input_square_kernel] verify_plus response: {"id":"level1_84_conv_depthwise_2D_asymmetric_input_square_kernel","result":{"compiled":true,"correctness":false,"metadata":{"hardware":"NVIDIA L20Y","device":"cuda:1","runtime_error":"Traceback (most recent call last):\n  File \"/home/lijiaxing/.conda/envs/api/lib/python3.10/site-packages/triton/language/core.py\", line 42, in wrapper\n    return fn(*args, **kwargs)\n  File \"/home/lijiaxing/.conda/envs/api/lib/python3.10/site-packages/triton/language/core.py\", line 1654, in arange\n    return _semantic.arange(start, end)\n  File \"/home/lijiaxing/.conda/envs/api/lib/python3.10/site-packages/triton/language/semantic.py\", line 583, in arange\n    raise ValueError(\"arange's range must be a power of 2\")\nValueError: arange's range must be a power of 2\n\nThe above exception was the direc
2025-08-08 18:35:41,225 - openevolve.RemoteSpeedupEvaluator - INFO - [level1_84_conv_depthwise_2D_asymmetric_input_square_kernel] âœ˜ wrong_answer
2025-08-08 18:35:41,225 - openevolve.evaluator - INFO - Evaluated program e48b823d-5ca7-4278-b73f-c1e1a56aa4ed in 3.08s: compiled=1.0000, correctness=0.0000, score=10.0000, stage=wrong_answer, verify_payload={'id': 'level1_84_conv_depthwise_2D_asymmetric_input_square_kernel', 'result': {'compiled': True, 'correctness': False, 'metadata': {'hardware': 'NVIDIA L20Y', 'device': 'cuda:1', 'runtime_error': 'Traceback (most recent call last):\n  File "/home/lijiaxing/.conda/envs/api/lib/python3.10/site-packages/triton/language/core.py", line 42, in wrapper\n    return fn(*args, **kwargs)\n  File "/home/lijiaxing/.conda/envs/api/lib/python3.10/site-packages/triton/language/core.py", line 1654, in arange\n    return _semantic.arange(start, end)\n  File "/home/lijiaxing/.conda/envs/api/lib/python3.10/site-packages/triton/language/semantic.py", line 583, in arange\n    raise ValueError("arange\'s range must be a power of 2")\nValueError: arange\'s range must be a power of 2\n\nThe above exception was the direct cause of the following exception:\n\nTraceback (most recent call last):\n  File "/cpfs01/shared/llm_kernel/hujiakai/KernelLLM/validation_api_server/helpers/evaluations.py", line 720, in run_and_check_correctness\n    output_new = model_new(*inputs)\n  File "/home/lijiaxing/.conda/envs/api/lib/python3.10/site-packages/torch/nn/modules/module.py", line 1773, in _wrapped_call_impl\n    return self._call_impl(*args, **kwargs)\n  File "/home/lijiaxing/.conda/envs/api/lib/python3.10/site-packages/torch/nn/modules/module.py", line 1784, in _call_impl\n    return forward_call(*args, **kwargs)\n  File "/tmp/tmpq_zc9yok.py", line 113, in forward\n    depthwise_conv2d_kernel[grid](\n  File "/home/lijiaxing/.conda/envs/api/lib/python3.10/site-packages/triton/runtime/jit.py", line 390, in <lambda>\n    return lambda *args, **kwargs: self.run(grid=grid, warmup=False, *args, **kwargs)\n  File "/home/lijiaxing/.conda/envs/api/lib/python3.10/site-packages/triton/runtime/jit.py", line 594, in run\n    kernel = self.compile(src, target=target, options=options.__dict__)\n  File "/home/lijiaxing/.conda/envs/api/lib/python3.10/site-packages/triton/compiler/compiler.py", line 339, in compile\n    module = src.make_ir(options, codegen_fns, module_map, context)\n  File "/home/lijiaxing/.conda/envs/api/lib/python3.10/site-packages/triton/compiler/compiler.py", line 83, in make_ir\n    return ast_to_ttir(self.fn, self, context=context, options=options, codegen_fns=codegen_fns,\ntriton.compiler.errors.CompilationError: at 36:13:\n\n    ow_start = pid_owb * BLOCK_OW\n    ow_offsets = ow_start + tl.arange(0, BLOCK_OW)\n    ow_mask = ow_offsets < OW\n\n    acc = tl.zeros((BLOCK_OW,), dtype=tl.float32)\n\n    # Preload kernel weights using vectorized access\n    w_base = channel_idx * kernel_size * kernel_size\n    w_vals = tl.load(\n        w_ptr + w_base + tl.arange(0, kernel_size * kernel_size),\n        mask=tl.arange(0, kernel_size * kernel_size) < kernel_size * kernel_size,\n             ^\n\n\nThe above exception was the direct cause of the following exception:\n\nTraceback (most recent call last):\n  File "/home/lijiaxing/.conda/envs/api/lib/python3.10/site-packages/triton/language/core.py", line 42, in wrapper\n    return fn(*args, **kwargs)\n  File "/home/lijiaxing/.conda/envs/api/lib/python3.10/site-packages/triton/language/core.py", line 1654, in arange\n    return _semantic.arange(start, end)\n  File "/home/lijiaxing/.conda/envs/api/lib/python3.10/site-packages/triton/language/semantic.py", line 583, in arange\n    raise ValueError("arange\'s range must be a power of 2")\nValueError: arange\'s range must be a power of 2\n', 'runtime_error_name': 'triton.compiler.errors.CompilationError', 'reference_timing_ms': 0.0301, 'speed_up': -1.0, 'custom_timing': -1.0}, 'runtime': -1.0, 'runtime_stats': {}}}
2025-08-08 18:35:41,229 - openevolve.llm.ensemble - INFO - Sampled model: deepseek
2025-08-08 18:35:41,243 - openevolve.threaded_parallel - INFO - Iteration 17: Program e48b823d-5ca7-4278-b73f-c1e1a56aa4ed (parent: 3667ad06-3676-4857-9983-c15c7c22a86e) completed in 526.00s
2025-08-08 18:35:41,243 - openevolve.threaded_parallel - INFO - Metrics: compiled=1.0000, correctness=0.0000, score=10.0000, stage=wrong_answer, verify_payload={'id': 'level1_84_conv_depthwise_2D_asymmetric_input_square_kernel', 'result': {'compiled': True, 'correctness': False, 'metadata': {'hardware': 'NVIDIA L20Y', 'device': 'cuda:1', 'runtime_error': 'Traceback (most recent call last):\n  File "/home/lijiaxing/.conda/envs/api/lib/python3.10/site-packages/triton/language/core.py", line 42, in wrapper\n    return fn(*args, **kwargs)\n  File "/home/lijiaxing/.conda/envs/api/lib/python3.10/site-packages/triton/language/core.py", line 1654, in arange\n    return _semantic.arange(start, end)\n  File "/home/lijiaxing/.conda/envs/api/lib/python3.10/site-packages/triton/language/semantic.py", line 583, in arange\n    raise ValueError("arange\'s range must be a power of 2")\nValueError: arange\'s range must be a power of 2\n\nThe above exception was the direct cause of the following exception:\n\nTraceback (most recent call last):\n  File "/cpfs01/shared/llm_kernel/hujiakai/KernelLLM/validation_api_server/helpers/evaluations.py", line 720, in run_and_check_correctness\n    output_new = model_new(*inputs)\n  File "/home/lijiaxing/.conda/envs/api/lib/python3.10/site-packages/torch/nn/modules/module.py", line 1773, in _wrapped_call_impl\n    return self._call_impl(*args, **kwargs)\n  File "/home/lijiaxing/.conda/envs/api/lib/python3.10/site-packages/torch/nn/modules/module.py", line 1784, in _call_impl\n    return forward_call(*args, **kwargs)\n  File "/tmp/tmpq_zc9yok.py", line 113, in forward\n    depthwise_conv2d_kernel[grid](\n  File "/home/lijiaxing/.conda/envs/api/lib/python3.10/site-packages/triton/runtime/jit.py", line 390, in <lambda>\n    return lambda *args, **kwargs: self.run(grid=grid, warmup=False, *args, **kwargs)\n  File "/home/lijiaxing/.conda/envs/api/lib/python3.10/site-packages/triton/runtime/jit.py", line 594, in run\n    kernel = self.compile(src, target=target, options=options.__dict__)\n  File "/home/lijiaxing/.conda/envs/api/lib/python3.10/site-packages/triton/compiler/compiler.py", line 339, in compile\n    module = src.make_ir(options, codegen_fns, module_map, context)\n  File "/home/lijiaxing/.conda/envs/api/lib/python3.10/site-packages/triton/compiler/compiler.py", line 83, in make_ir\n    return ast_to_ttir(self.fn, self, context=context, options=options, codegen_fns=codegen_fns,\ntriton.compiler.errors.CompilationError: at 36:13:\n\n    ow_start = pid_owb * BLOCK_OW\n    ow_offsets = ow_start + tl.arange(0, BLOCK_OW)\n    ow_mask = ow_offsets < OW\n\n    acc = tl.zeros((BLOCK_OW,), dtype=tl.float32)\n\n    # Preload kernel weights using vectorized access\n    w_base = channel_idx * kernel_size * kernel_size\n    w_vals = tl.load(\n        w_ptr + w_base + tl.arange(0, kernel_size * kernel_size),\n        mask=tl.arange(0, kernel_size * kernel_size) < kernel_size * kernel_size,\n             ^\n\n\nThe above exception was the direct cause of the following exception:\n\nTraceback (most recent call last):\n  File "/home/lijiaxing/.conda/envs/api/lib/python3.10/site-packages/triton/language/core.py", line 42, in wrapper\n    return fn(*args, **kwargs)\n  File "/home/lijiaxing/.conda/envs/api/lib/python3.10/site-packages/triton/language/core.py", line 1654, in arange\n    return _semantic.arange(start, end)\n  File "/home/lijiaxing/.conda/envs/api/lib/python3.10/site-packages/triton/language/semantic.py", line 583, in arange\n    raise ValueError("arange\'s range must be a power of 2")\nValueError: arange\'s range must be a power of 2\n', 'runtime_error_name': 'triton.compiler.errors.CompilationError', 'reference_timing_ms': 0.0301, 'speed_up': -1.0, 'custom_timing': -1.0}, 'runtime': -1.0, 'runtime_stats': {}}}
2025-08-08 18:41:09,918 - openevolve.RemoteSpeedupEvaluator - INFO - [level1_84_conv_depthwise_2D_asymmetric_input_square_kernel] triton key words check pass
2025-08-08 18:41:09,919 - openevolve.RemoteSpeedupEvaluator - INFO - [level1_84_conv_depthwise_2D_asymmetric_input_square_kernel] verify_plus payload: reference_code(1678 chars) + custom_code(5188 chars)
2025-08-08 18:41:12,794 - openevolve.RemoteSpeedupEvaluator - INFO - [level1_84_conv_depthwise_2D_asymmetric_input_square_kernel] verify_plus request success
2025-08-08 18:41:12,794 - openevolve.RemoteSpeedupEvaluator - INFO - [level1_84_conv_depthwise_2D_asymmetric_input_square_kernel] verify_plus response: {"id":"level1_84_conv_depthwise_2D_asymmetric_input_square_kernel","result":{"compiled":true,"correctness":false,"metadata":{"hardware":"NVIDIA L20Y","device":"cuda:6","runtime_error":"Traceback (most recent call last):\n  File \"/home/lijiaxing/.conda/envs/api/lib/python3.10/site-packages/triton/language/core.py\", line 42, in wrapper\n    return fn(*args, **kwargs)\n  File \"/home/lijiaxing/.conda/envs/api/lib/python3.10/site-packages/triton/language/core.py\", line 1654, in arange\n    return _semantic.arange(start, end)\n  File \"/home/lijiaxing/.conda/envs/api/lib/python3.10/site-packages/triton/language/semantic.py\", line 583, in arange\n    raise ValueError(\"arange's range must be a power of 2\")\nValueError: arange's range must be a power of 2\n\nThe above exception was the direc
2025-08-08 18:41:12,794 - openevolve.RemoteSpeedupEvaluator - INFO - [level1_84_conv_depthwise_2D_asymmetric_input_square_kernel] âœ˜ wrong_answer
2025-08-08 18:41:12,795 - openevolve.evaluator - INFO - Evaluated program 5b0c0c03-dadc-496a-a321-978403ccf47e in 2.88s: compiled=1.0000, correctness=0.0000, score=10.0000, stage=wrong_answer, verify_payload={'id': 'level1_84_conv_depthwise_2D_asymmetric_input_square_kernel', 'result': {'compiled': True, 'correctness': False, 'metadata': {'hardware': 'NVIDIA L20Y', 'device': 'cuda:6', 'runtime_error': 'Traceback (most recent call last):\n  File "/home/lijiaxing/.conda/envs/api/lib/python3.10/site-packages/triton/language/core.py", line 42, in wrapper\n    return fn(*args, **kwargs)\n  File "/home/lijiaxing/.conda/envs/api/lib/python3.10/site-packages/triton/language/core.py", line 1654, in arange\n    return _semantic.arange(start, end)\n  File "/home/lijiaxing/.conda/envs/api/lib/python3.10/site-packages/triton/language/semantic.py", line 583, in arange\n    raise ValueError("arange\'s range must be a power of 2")\nValueError: arange\'s range must be a power of 2\n\nThe above exception was the direct cause of the following exception:\n\nTraceback (most recent call last):\n  File "/cpfs01/shared/llm_kernel/hujiakai/KernelLLM/validation_api_server/helpers/evaluations.py", line 720, in run_and_check_correctness\n    output_new = model_new(*inputs)\n  File "/home/lijiaxing/.conda/envs/api/lib/python3.10/site-packages/torch/nn/modules/module.py", line 1773, in _wrapped_call_impl\n    return self._call_impl(*args, **kwargs)\n  File "/home/lijiaxing/.conda/envs/api/lib/python3.10/site-packages/torch/nn/modules/module.py", line 1784, in _call_impl\n    return forward_call(*args, **kwargs)\n  File "/tmp/tmp5r2dqnsn.py", line 124, in forward\n    depthwise_conv2d_kernel[grid](\n  File "/home/lijiaxing/.conda/envs/api/lib/python3.10/site-packages/triton/runtime/jit.py", line 390, in <lambda>\n    return lambda *args, **kwargs: self.run(grid=grid, warmup=False, *args, **kwargs)\n  File "/home/lijiaxing/.conda/envs/api/lib/python3.10/site-packages/triton/runtime/autotuner.py", line 239, in run\n    benchmark()\n  File "/home/lijiaxing/.conda/envs/api/lib/python3.10/site-packages/triton/runtime/autotuner.py", line 228, in benchmark\n    timings = {config: self._bench(*args, config=config, **kwargs) for config in pruned_configs}\n  File "/home/lijiaxing/.conda/envs/api/lib/python3.10/site-packages/triton/runtime/autotuner.py", line 228, in <dictcomp>\n    timings = {config: self._bench(*args, config=config, **kwargs) for config in pruned_configs}\n  File "/home/lijiaxing/.conda/envs/api/lib/python3.10/site-packages/triton/runtime/autotuner.py", line 160, in _bench\n    return self.do_bench(kernel_call, quantiles=(0.5, 0.2, 0.8))\n  File "/home/lijiaxing/.conda/envs/api/lib/python3.10/site-packages/triton/testing.py", line 149, in do_bench\n    fn()\n  File "/home/lijiaxing/.conda/envs/api/lib/python3.10/site-packages/triton/runtime/autotuner.py", line 146, in kernel_call\n    self.fn.run(\n  File "/home/lijiaxing/.conda/envs/api/lib/python3.10/site-packages/triton/runtime/jit.py", line 594, in run\n    kernel = self.compile(src, target=target, options=options.__dict__)\n  File "/home/lijiaxing/.conda/envs/api/lib/python3.10/site-packages/triton/compiler/compiler.py", line 339, in compile\n    module = src.make_ir(options, codegen_fns, module_map, context)\n  File "/home/lijiaxing/.conda/envs/api/lib/python3.10/site-packages/triton/compiler/compiler.py", line 83, in make_ir\n    return ast_to_ttir(self.fn, self, context=context, options=options, codegen_fns=codegen_fns,\ntriton.compiler.errors.CompilationError: at 37:40:\n    ow_start = pid_owb * BLOCK_OW\n    ow_offsets = ow_start + tl.arange(0, BLOCK_OW)\n    ow_mask = ow_offsets < OW\n\n    # Precompute base pointer for input channel group\n    base_x = batch_idx * in_channels * height * width + group_idx * height * width\n\n    acc = tl.zeros((BLOCK_OW,), dtype=tl.float32)\n\n    # Vectorized weight loading\n    w_offset = channel_idx * kernel_size * kernel_size\n    w_vals = tl.load(w_ptr + w_offset + tl.arange(0, kernel_size * kernel_size))\n                                        ^\n\n\nThe above exception was the direct cause of the following exception:\n\nTraceback (most recent call last):\n  File "/home/lijiaxing/.conda/envs/api/lib/python3.10/site-packages/triton/language/core.py", line 42, in wrapper\n    return fn(*args, **kwargs)\n  File "/home/lijiaxing/.conda/envs/api/lib/python3.10/site-packages/triton/language/core.py", line 1654, in arange\n    return _semantic.arange(start, end)\n  File "/home/lijiaxing/.conda/envs/api/lib/python3.10/site-packages/triton/language/semantic.py", line 583, in arange\n    raise ValueError("arange\'s range must be a power of 2")\nValueError: arange\'s range must be a power of 2\n', 'runtime_error_name': 'triton.compiler.errors.CompilationError', 'reference_timing_ms': 0.0301, 'speed_up': -1.0, 'custom_timing': -1.0}, 'runtime': -1.0, 'runtime_stats': {}}}
2025-08-08 18:41:12,799 - openevolve.llm.ensemble - INFO - Sampled model: deepseek
2025-08-08 18:41:12,812 - openevolve.threaded_parallel - INFO - Iteration 16: Program 5b0c0c03-dadc-496a-a321-978403ccf47e (parent: e8d43b4b-a24f-406a-9a72-98bee4b07f26) completed in 1259.03s
2025-08-08 18:41:12,812 - openevolve.threaded_parallel - INFO - Metrics: compiled=1.0000, correctness=0.0000, score=10.0000, stage=wrong_answer, verify_payload={'id': 'level1_84_conv_depthwise_2D_asymmetric_input_square_kernel', 'result': {'compiled': True, 'correctness': False, 'metadata': {'hardware': 'NVIDIA L20Y', 'device': 'cuda:6', 'runtime_error': 'Traceback (most recent call last):\n  File "/home/lijiaxing/.conda/envs/api/lib/python3.10/site-packages/triton/language/core.py", line 42, in wrapper\n    return fn(*args, **kwargs)\n  File "/home/lijiaxing/.conda/envs/api/lib/python3.10/site-packages/triton/language/core.py", line 1654, in arange\n    return _semantic.arange(start, end)\n  File "/home/lijiaxing/.conda/envs/api/lib/python3.10/site-packages/triton/language/semantic.py", line 583, in arange\n    raise ValueError("arange\'s range must be a power of 2")\nValueError: arange\'s range must be a power of 2\n\nThe above exception was the direct cause of the following exception:\n\nTraceback (most recent call last):\n  File "/cpfs01/shared/llm_kernel/hujiakai/KernelLLM/validation_api_server/helpers/evaluations.py", line 720, in run_and_check_correctness\n    output_new = model_new(*inputs)\n  File "/home/lijiaxing/.conda/envs/api/lib/python3.10/site-packages/torch/nn/modules/module.py", line 1773, in _wrapped_call_impl\n    return self._call_impl(*args, **kwargs)\n  File "/home/lijiaxing/.conda/envs/api/lib/python3.10/site-packages/torch/nn/modules/module.py", line 1784, in _call_impl\n    return forward_call(*args, **kwargs)\n  File "/tmp/tmp5r2dqnsn.py", line 124, in forward\n    depthwise_conv2d_kernel[grid](\n  File "/home/lijiaxing/.conda/envs/api/lib/python3.10/site-packages/triton/runtime/jit.py", line 390, in <lambda>\n    return lambda *args, **kwargs: self.run(grid=grid, warmup=False, *args, **kwargs)\n  File "/home/lijiaxing/.conda/envs/api/lib/python3.10/site-packages/triton/runtime/autotuner.py", line 239, in run\n    benchmark()\n  File "/home/lijiaxing/.conda/envs/api/lib/python3.10/site-packages/triton/runtime/autotuner.py", line 228, in benchmark\n    timings = {config: self._bench(*args, config=config, **kwargs) for config in pruned_configs}\n  File "/home/lijiaxing/.conda/envs/api/lib/python3.10/site-packages/triton/runtime/autotuner.py", line 228, in <dictcomp>\n    timings = {config: self._bench(*args, config=config, **kwargs) for config in pruned_configs}\n  File "/home/lijiaxing/.conda/envs/api/lib/python3.10/site-packages/triton/runtime/autotuner.py", line 160, in _bench\n    return self.do_bench(kernel_call, quantiles=(0.5, 0.2, 0.8))\n  File "/home/lijiaxing/.conda/envs/api/lib/python3.10/site-packages/triton/testing.py", line 149, in do_bench\n    fn()\n  File "/home/lijiaxing/.conda/envs/api/lib/python3.10/site-packages/triton/runtime/autotuner.py", line 146, in kernel_call\n    self.fn.run(\n  File "/home/lijiaxing/.conda/envs/api/lib/python3.10/site-packages/triton/runtime/jit.py", line 594, in run\n    kernel = self.compile(src, target=target, options=options.__dict__)\n  File "/home/lijiaxing/.conda/envs/api/lib/python3.10/site-packages/triton/compiler/compiler.py", line 339, in compile\n    module = src.make_ir(options, codegen_fns, module_map, context)\n  File "/home/lijiaxing/.conda/envs/api/lib/python3.10/site-packages/triton/compiler/compiler.py", line 83, in make_ir\n    return ast_to_ttir(self.fn, self, context=context, options=options, codegen_fns=codegen_fns,\ntriton.compiler.errors.CompilationError: at 37:40:\n    ow_start = pid_owb * BLOCK_OW\n    ow_offsets = ow_start + tl.arange(0, BLOCK_OW)\n    ow_mask = ow_offsets < OW\n\n    # Precompute base pointer for input channel group\n    base_x = batch_idx * in_channels * height * width + group_idx * height * width\n\n    acc = tl.zeros((BLOCK_OW,), dtype=tl.float32)\n\n    # Vectorized weight loading\n    w_offset = channel_idx * kernel_size * kernel_size\n    w_vals = tl.load(w_ptr + w_offset + tl.arange(0, kernel_size * kernel_size))\n                                        ^\n\n\nThe above exception was the direct cause of the following exception:\n\nTraceback (most recent call last):\n  File "/home/lijiaxing/.conda/envs/api/lib/python3.10/site-packages/triton/language/core.py", line 42, in wrapper\n    return fn(*args, **kwargs)\n  File "/home/lijiaxing/.conda/envs/api/lib/python3.10/site-packages/triton/language/core.py", line 1654, in arange\n    return _semantic.arange(start, end)\n  File "/home/lijiaxing/.conda/envs/api/lib/python3.10/site-packages/triton/language/semantic.py", line 583, in arange\n    raise ValueError("arange\'s range must be a power of 2")\nValueError: arange\'s range must be a power of 2\n', 'runtime_error_name': 'triton.compiler.errors.CompilationError', 'reference_timing_ms': 0.0301, 'speed_up': -1.0, 'custom_timing': -1.0}, 'runtime': -1.0, 'runtime_stats': {}}}
2025-08-08 18:46:18,201 - openevolve.RemoteSpeedupEvaluator - INFO - [level1_84_conv_depthwise_2D_asymmetric_input_square_kernel] triton key words check pass
2025-08-08 18:46:18,203 - openevolve.RemoteSpeedupEvaluator - INFO - [level1_84_conv_depthwise_2D_asymmetric_input_square_kernel] verify_plus payload: reference_code(1678 chars) + custom_code(4529 chars)
2025-08-08 18:46:21,980 - openevolve.RemoteSpeedupEvaluator - INFO - [level1_84_conv_depthwise_2D_asymmetric_input_square_kernel] verify_plus request success
2025-08-08 18:46:21,981 - openevolve.RemoteSpeedupEvaluator - INFO - [level1_84_conv_depthwise_2D_asymmetric_input_square_kernel] verify_plus response: {"id":"level1_84_conv_depthwise_2D_asymmetric_input_square_kernel","result":{"compiled":true,"correctness":true,"metadata":{"hardware":"NVIDIA L20Y","device":"cuda:1","correctness_trials":"(5 / 5)","reference_timing_ms":0.0301,"speed_up":0.419,"custom_timing":0.0719},"runtime":0.0719,"runtime_stats":{"mean":0.0719,"std":0.00212,"min":0.0697,"max":0.0837,"num_trials":100,"hardware":"NVIDIA L20Y","device":"cuda:1"}}}
2025-08-08 18:46:21,981 - openevolve.RemoteSpeedupEvaluator - INFO - [level1_84_conv_depthwise_2D_asymmetric_input_square_kernel] âœ” success | speed_up=0.419  score=20.00
2025-08-08 18:46:21,981 - openevolve.evaluator - INFO - Evaluated program 1de1288e-621e-43ce-ae4b-093a11475e9c in 3.78s: compiled=1.0000, correctness=1.0000, stage=success, passed=0.0000, score=20.0000, speed_up=0.4190, runtime_ms=0.0719, meta={'hardware': 'NVIDIA L20Y', 'device': 'cuda:1', 'correctness_trials': '(5 / 5)', 'reference_timing_ms': 0.0301, 'speed_up': 0.419, 'custom_timing': 0.0719}
2025-08-08 18:46:21,983 - openevolve.database - INFO - MAP-Elites cell improved: {'score': 9, 'complexity': 7} (fitness: 10.000 -> 20.000)
2025-08-08 18:46:21,986 - openevolve.llm.ensemble - INFO - Sampled model: deepseek
2025-08-08 18:46:21,996 - openevolve.threaded_parallel - INFO - Iteration 19: Program 1de1288e-621e-43ce-ae4b-093a11475e9c (parent: 79b44ec7-454b-4fe3-a34f-8c14ad2c447a) completed in 640.75s
2025-08-08 18:46:21,996 - openevolve.threaded_parallel - INFO - Metrics: compiled=1.0000, correctness=1.0000, stage=success, passed=0.0000, score=20.0000, speed_up=0.4190, runtime_ms=0.0719, meta={'hardware': 'NVIDIA L20Y', 'device': 'cuda:1', 'correctness_trials': '(5 / 5)', 'reference_timing_ms': 0.0301, 'speed_up': 0.419, 'custom_timing': 0.0719}
2025-08-08 18:53:48,131 - openevolve.RemoteSpeedupEvaluator - INFO - [level1_84_conv_depthwise_2D_asymmetric_input_square_kernel] triton key words check pass
2025-08-08 18:53:48,133 - openevolve.RemoteSpeedupEvaluator - INFO - [level1_84_conv_depthwise_2D_asymmetric_input_square_kernel] verify_plus payload: reference_code(1678 chars) + custom_code(5372 chars)
2025-08-08 18:53:50,863 - openevolve.RemoteSpeedupEvaluator - INFO - [level1_84_conv_depthwise_2D_asymmetric_input_square_kernel] verify_plus request success
2025-08-08 18:53:50,863 - openevolve.RemoteSpeedupEvaluator - INFO - [level1_84_conv_depthwise_2D_asymmetric_input_square_kernel] verify_plus response: {"id":"level1_84_conv_depthwise_2D_asymmetric_input_square_kernel","result":{"compiled":true,"correctness":false,"metadata":{"hardware":"NVIDIA L20Y","device":"cuda:7","runtime_error":"Traceback (most recent call last):\n  File \"/home/lijiaxing/.conda/envs/api/lib/python3.10/site-packages/triton/language/core.py\", line 42, in wrapper\n    return fn(*args, **kwargs)\n  File \"/home/lijiaxing/.conda/envs/api/lib/python3.10/site-packages/triton/language/core.py\", line 1693, in full\n    shape = _shape_check_impl(shape)\n  File \"/home/lijiaxing/.conda/envs/api/lib/python3.10/site-packages/triton/language/core.py\", line 1677, in _shape_check_impl\n    validate_block_shape(shape)\n  File \"/home/lijiaxing/.conda/envs/api/lib/python3.10/site-packages/triton/_utils.py\", line 50, in validate_
2025-08-08 18:53:50,863 - openevolve.RemoteSpeedupEvaluator - INFO - [level1_84_conv_depthwise_2D_asymmetric_input_square_kernel] âœ˜ wrong_answer
2025-08-08 18:53:50,864 - openevolve.evaluator - INFO - Evaluated program daa8a2fd-94fe-4d5e-9904-d1fb56519fe8 in 2.73s: compiled=1.0000, correctness=0.0000, score=10.0000, stage=wrong_answer, verify_payload={'id': 'level1_84_conv_depthwise_2D_asymmetric_input_square_kernel', 'result': {'compiled': True, 'correctness': False, 'metadata': {'hardware': 'NVIDIA L20Y', 'device': 'cuda:7', 'runtime_error': 'Traceback (most recent call last):\n  File "/home/lijiaxing/.conda/envs/api/lib/python3.10/site-packages/triton/language/core.py", line 42, in wrapper\n    return fn(*args, **kwargs)\n  File "/home/lijiaxing/.conda/envs/api/lib/python3.10/site-packages/triton/language/core.py", line 1693, in full\n    shape = _shape_check_impl(shape)\n  File "/home/lijiaxing/.conda/envs/api/lib/python3.10/site-packages/triton/language/core.py", line 1677, in _shape_check_impl\n    validate_block_shape(shape)\n  File "/home/lijiaxing/.conda/envs/api/lib/python3.10/site-packages/triton/_utils.py", line 50, in validate_block_shape\n    raise TypeError(f"Shape element {i} must have type `constexpr[int]`, got `constexpr[{type(d)}]")\nTypeError: Shape element 0 must have type `constexpr[int]`, got `constexpr[<class \'triton.language.core.tensor\'>]\n\nThe above exception was the direct cause of the following exception:\n\ntriton.compiler.errors.CompilationError: at 10:11:\ndef zeros(shape, dtype):\n    """\n    Returns a tensor filled with the scalar value 0 for the given :code:`shape` and :code:`dtype`.\n\n    :param shape: Shape of the new array, e.g., (8, 16) or (8, )\n    :type shape: tuple of ints\n    :param dtype: Data-type of the new array, e.g., :code:`tl.float16`\n    :type dtype: DType\n    """\n    return core.full(shape, 0, dtype)\n           ^\n\nThe above exception was the direct cause of the following exception:\n\nTraceback (most recent call last):\n  File "/cpfs01/shared/llm_kernel/hujiakai/KernelLLM/validation_api_server/helpers/evaluations.py", line 720, in run_and_check_correctness\n    output_new = model_new(*inputs)\n  File "/home/lijiaxing/.conda/envs/api/lib/python3.10/site-packages/torch/nn/modules/module.py", line 1773, in _wrapped_call_impl\n    return self._call_impl(*args, **kwargs)\n  File "/home/lijiaxing/.conda/envs/api/lib/python3.10/site-packages/torch/nn/modules/module.py", line 1784, in _call_impl\n    return forward_call(*args, **kwargs)\n  File "/tmp/tmpl0yk0oiq.py", line 128, in forward\n    depthwise_conv2d_kernel[grid](\n  File "/home/lijiaxing/.conda/envs/api/lib/python3.10/site-packages/triton/runtime/jit.py", line 390, in <lambda>\n    return lambda *args, **kwargs: self.run(grid=grid, warmup=False, *args, **kwargs)\n  File "/home/lijiaxing/.conda/envs/api/lib/python3.10/site-packages/triton/runtime/autotuner.py", line 239, in run\n    benchmark()\n  File "/home/lijiaxing/.conda/envs/api/lib/python3.10/site-packages/triton/runtime/autotuner.py", line 228, in benchmark\n    timings = {config: self._bench(*args, config=config, **kwargs) for config in pruned_configs}\n  File "/home/lijiaxing/.conda/envs/api/lib/python3.10/site-packages/triton/runtime/autotuner.py", line 228, in <dictcomp>\n    timings = {config: self._bench(*args, config=config, **kwargs) for config in pruned_configs}\n  File "/home/lijiaxing/.conda/envs/api/lib/python3.10/site-packages/triton/runtime/autotuner.py", line 160, in _bench\n    return self.do_bench(kernel_call, quantiles=(0.5, 0.2, 0.8))\n  File "/home/lijiaxing/.conda/envs/api/lib/python3.10/site-packages/triton/testing.py", line 149, in do_bench\n    fn()\n  File "/home/lijiaxing/.conda/envs/api/lib/python3.10/site-packages/triton/runtime/autotuner.py", line 146, in kernel_call\n    self.fn.run(\n  File "/home/lijiaxing/.conda/envs/api/lib/python3.10/site-packages/triton/runtime/jit.py", line 594, in run\n    kernel = self.compile(src, target=target, options=options.__dict__)\n  File "/home/lijiaxing/.conda/envs/api/lib/python3.10/site-packages/triton/compiler/compiler.py", line 339, in compile\n    module = src.make_ir(options, codegen_fns, module_map, context)\n  File "/home/lijiaxing/.conda/envs/api/lib/python3.10/site-packages/triton/compiler/compiler.py", line 83, in make_ir\n    return ast_to_ttir(self.fn, self, context=context, options=options, codegen_fns=codegen_fns,\ntriton.compiler.errors.CompilationError: at 27:14:\n    # Calculate 2D output indices\n    i = tl.where(valid_mask, offsets // width_out, 0)\n    j = tl.where(valid_mask, offsets % width_out, 0)\n\n    acc = tl.zeros((BLOCK_SIZE,), dtype=tl.float32)\n\n    # Precompute input offsets\n    input_i = tl.where(valid_mask, i * stride - padding, 0)\n    input_j = tl.where(valid_mask, j * stride - padding, 0)\n\n    # Preload kernel weights into registers\n    weights = tl.zeros((kernel_size * kernel_size,), dtype=tl.float32)\n              ^\n\n\nThe above exception was the direct cause of the following exception:\n\nTraceback (most recent call last):\n  File "/home/lijiaxing/.conda/envs/api/lib/python3.10/site-packages/triton/language/core.py", line 42, in wrapper\n    return fn(*args, **kwargs)\n  File "/home/lijiaxing/.conda/envs/api/lib/python3.10/site-packages/triton/language/core.py", line 1693, in full\n    shape = _shape_check_impl(shape)\n  File "/home/lijiaxing/.conda/envs/api/lib/python3.10/site-packages/triton/language/core.py", line 1677, in _shape_check_impl\n    validate_block_shape(shape)\n  File "/home/lijiaxing/.conda/envs/api/lib/python3.10/site-packages/triton/_utils.py", line 50, in validate_block_shape\n    raise TypeError(f"Shape element {i} must have type `constexpr[int]`, got `constexpr[{type(d)}]")\nTypeError: Shape element 0 must have type `constexpr[int]`, got `constexpr[<class \'triton.language.core.tensor\'>]\n\nThe above exception was the direct cause of the following exception:\n\ntriton.compiler.errors.CompilationError: at 10:11:\ndef zeros(shape, dtype):\n    """\n    Returns a tensor filled with the scalar value 0 for the given :code:`shape` and :code:`dtype`.\n\n    :param shape: Shape of the new array, e.g., (8, 16) or (8, )\n    :type shape: tuple of ints\n    :param dtype: Data-type of the new array, e.g., :code:`tl.float16`\n    :type dtype: DType\n    """\n    return core.full(shape, 0, dtype)\n           ^\n\n\nThe above exception was the direct cause of the following exception:\n\nTraceback (most recent call last):\n  File "/home/lijiaxing/.conda/envs/api/lib/python3.10/site-packages/triton/language/core.py", line 42, in wrapper\n    return fn(*args, **kwargs)\n  File "/home/lijiaxing/.conda/envs/api/lib/python3.10/site-packages/triton/language/core.py", line 1693, in full\n    shape = _shape_check_impl(shape)\n  File "/home/lijiaxing/.conda/envs/api/lib/python3.10/site-packages/triton/language/core.py", line 1677, in _shape_check_impl\n    validate_block_shape(shape)\n  File "/home/lijiaxing/.conda/envs/api/lib/python3.10/site-packages/triton/_utils.py", line 50, in validate_block_shape\n    raise TypeError(f"Shape element {i} must have type `constexpr[int]`, got `constexpr[{type(d)}]")\nTypeError: Shape element 0 must have type `constexpr[int]`, got `constexpr[<class \'triton.language.core.tensor\'>]\n', 'runtime_error_name': 'triton.compiler.errors.CompilationError', 'reference_timing_ms': 0.0301, 'speed_up': -1.0, 'custom_timing': -1.0}, 'runtime': -1.0, 'runtime_stats': {}}}
2025-08-08 18:53:50,870 - openevolve.llm.ensemble - INFO - Sampled model: deepseek
2025-08-08 18:53:50,883 - openevolve.threaded_parallel - INFO - Iteration 18: Program daa8a2fd-94fe-4d5e-9904-d1fb56519fe8 (parent: a3109632-8abf-4aa8-bbe4-7c97a564d754) completed in 1213.40s
2025-08-08 18:53:50,883 - openevolve.threaded_parallel - INFO - Metrics: compiled=1.0000, correctness=0.0000, score=10.0000, stage=wrong_answer, verify_payload={'id': 'level1_84_conv_depthwise_2D_asymmetric_input_square_kernel', 'result': {'compiled': True, 'correctness': False, 'metadata': {'hardware': 'NVIDIA L20Y', 'device': 'cuda:7', 'runtime_error': 'Traceback (most recent call last):\n  File "/home/lijiaxing/.conda/envs/api/lib/python3.10/site-packages/triton/language/core.py", line 42, in wrapper\n    return fn(*args, **kwargs)\n  File "/home/lijiaxing/.conda/envs/api/lib/python3.10/site-packages/triton/language/core.py", line 1693, in full\n    shape = _shape_check_impl(shape)\n  File "/home/lijiaxing/.conda/envs/api/lib/python3.10/site-packages/triton/language/core.py", line 1677, in _shape_check_impl\n    validate_block_shape(shape)\n  File "/home/lijiaxing/.conda/envs/api/lib/python3.10/site-packages/triton/_utils.py", line 50, in validate_block_shape\n    raise TypeError(f"Shape element {i} must have type `constexpr[int]`, got `constexpr[{type(d)}]")\nTypeError: Shape element 0 must have type `constexpr[int]`, got `constexpr[<class \'triton.language.core.tensor\'>]\n\nThe above exception was the direct cause of the following exception:\n\ntriton.compiler.errors.CompilationError: at 10:11:\ndef zeros(shape, dtype):\n    """\n    Returns a tensor filled with the scalar value 0 for the given :code:`shape` and :code:`dtype`.\n\n    :param shape: Shape of the new array, e.g., (8, 16) or (8, )\n    :type shape: tuple of ints\n    :param dtype: Data-type of the new array, e.g., :code:`tl.float16`\n    :type dtype: DType\n    """\n    return core.full(shape, 0, dtype)\n           ^\n\nThe above exception was the direct cause of the following exception:\n\nTraceback (most recent call last):\n  File "/cpfs01/shared/llm_kernel/hujiakai/KernelLLM/validation_api_server/helpers/evaluations.py", line 720, in run_and_check_correctness\n    output_new = model_new(*inputs)\n  File "/home/lijiaxing/.conda/envs/api/lib/python3.10/site-packages/torch/nn/modules/module.py", line 1773, in _wrapped_call_impl\n    return self._call_impl(*args, **kwargs)\n  File "/home/lijiaxing/.conda/envs/api/lib/python3.10/site-packages/torch/nn/modules/module.py", line 1784, in _call_impl\n    return forward_call(*args, **kwargs)\n  File "/tmp/tmpl0yk0oiq.py", line 128, in forward\n    depthwise_conv2d_kernel[grid](\n  File "/home/lijiaxing/.conda/envs/api/lib/python3.10/site-packages/triton/runtime/jit.py", line 390, in <lambda>\n    return lambda *args, **kwargs: self.run(grid=grid, warmup=False, *args, **kwargs)\n  File "/home/lijiaxing/.conda/envs/api/lib/python3.10/site-packages/triton/runtime/autotuner.py", line 239, in run\n    benchmark()\n  File "/home/lijiaxing/.conda/envs/api/lib/python3.10/site-packages/triton/runtime/autotuner.py", line 228, in benchmark\n    timings = {config: self._bench(*args, config=config, **kwargs) for config in pruned_configs}\n  File "/home/lijiaxing/.conda/envs/api/lib/python3.10/site-packages/triton/runtime/autotuner.py", line 228, in <dictcomp>\n    timings = {config: self._bench(*args, config=config, **kwargs) for config in pruned_configs}\n  File "/home/lijiaxing/.conda/envs/api/lib/python3.10/site-packages/triton/runtime/autotuner.py", line 160, in _bench\n    return self.do_bench(kernel_call, quantiles=(0.5, 0.2, 0.8))\n  File "/home/lijiaxing/.conda/envs/api/lib/python3.10/site-packages/triton/testing.py", line 149, in do_bench\n    fn()\n  File "/home/lijiaxing/.conda/envs/api/lib/python3.10/site-packages/triton/runtime/autotuner.py", line 146, in kernel_call\n    self.fn.run(\n  File "/home/lijiaxing/.conda/envs/api/lib/python3.10/site-packages/triton/runtime/jit.py", line 594, in run\n    kernel = self.compile(src, target=target, options=options.__dict__)\n  File "/home/lijiaxing/.conda/envs/api/lib/python3.10/site-packages/triton/compiler/compiler.py", line 339, in compile\n    module = src.make_ir(options, codegen_fns, module_map, context)\n  File "/home/lijiaxing/.conda/envs/api/lib/python3.10/site-packages/triton/compiler/compiler.py", line 83, in make_ir\n    return ast_to_ttir(self.fn, self, context=context, options=options, codegen_fns=codegen_fns,\ntriton.compiler.errors.CompilationError: at 27:14:\n    # Calculate 2D output indices\n    i = tl.where(valid_mask, offsets // width_out, 0)\n    j = tl.where(valid_mask, offsets % width_out, 0)\n\n    acc = tl.zeros((BLOCK_SIZE,), dtype=tl.float32)\n\n    # Precompute input offsets\n    input_i = tl.where(valid_mask, i * stride - padding, 0)\n    input_j = tl.where(valid_mask, j * stride - padding, 0)\n\n    # Preload kernel weights into registers\n    weights = tl.zeros((kernel_size * kernel_size,), dtype=tl.float32)\n              ^\n\n\nThe above exception was the direct cause of the following exception:\n\nTraceback (most recent call last):\n  File "/home/lijiaxing/.conda/envs/api/lib/python3.10/site-packages/triton/language/core.py", line 42, in wrapper\n    return fn(*args, **kwargs)\n  File "/home/lijiaxing/.conda/envs/api/lib/python3.10/site-packages/triton/language/core.py", line 1693, in full\n    shape = _shape_check_impl(shape)\n  File "/home/lijiaxing/.conda/envs/api/lib/python3.10/site-packages/triton/language/core.py", line 1677, in _shape_check_impl\n    validate_block_shape(shape)\n  File "/home/lijiaxing/.conda/envs/api/lib/python3.10/site-packages/triton/_utils.py", line 50, in validate_block_shape\n    raise TypeError(f"Shape element {i} must have type `constexpr[int]`, got `constexpr[{type(d)}]")\nTypeError: Shape element 0 must have type `constexpr[int]`, got `constexpr[<class \'triton.language.core.tensor\'>]\n\nThe above exception was the direct cause of the following exception:\n\ntriton.compiler.errors.CompilationError: at 10:11:\ndef zeros(shape, dtype):\n    """\n    Returns a tensor filled with the scalar value 0 for the given :code:`shape` and :code:`dtype`.\n\n    :param shape: Shape of the new array, e.g., (8, 16) or (8, )\n    :type shape: tuple of ints\n    :param dtype: Data-type of the new array, e.g., :code:`tl.float16`\n    :type dtype: DType\n    """\n    return core.full(shape, 0, dtype)\n           ^\n\n\nThe above exception was the direct cause of the following exception:\n\nTraceback (most recent call last):\n  File "/home/lijiaxing/.conda/envs/api/lib/python3.10/site-packages/triton/language/core.py", line 42, in wrapper\n    return fn(*args, **kwargs)\n  File "/home/lijiaxing/.conda/envs/api/lib/python3.10/site-packages/triton/language/core.py", line 1693, in full\n    shape = _shape_check_impl(shape)\n  File "/home/lijiaxing/.conda/envs/api/lib/python3.10/site-packages/triton/language/core.py", line 1677, in _shape_check_impl\n    validate_block_shape(shape)\n  File "/home/lijiaxing/.conda/envs/api/lib/python3.10/site-packages/triton/_utils.py", line 50, in validate_block_shape\n    raise TypeError(f"Shape element {i} must have type `constexpr[int]`, got `constexpr[{type(d)}]")\nTypeError: Shape element 0 must have type `constexpr[int]`, got `constexpr[<class \'triton.language.core.tensor\'>]\n', 'runtime_error_name': 'triton.compiler.errors.CompilationError', 'reference_timing_ms': 0.0301, 'speed_up': -1.0, 'custom_timing': -1.0}, 'runtime': -1.0, 'runtime_stats': {}}}
2025-08-08 18:53:50,883 - openevolve.threaded_parallel - INFO - Checkpoint interval reached at iteration 18
2025-08-08 18:53:50,885 - openevolve.database - INFO - Island Status:
2025-08-08 18:53:50,885 - openevolve.database - INFO -  * Island 0: 9 programs, best=20.0000, avg=11.1111, diversity=193.30, gen=8 (best: 79b44ec7-454b-4fe3-a34f-8c14ad2c447a)
2025-08-08 18:53:50,885 - openevolve.database - INFO -    Island 1: 6 programs, best=20.0000, avg=16.6667, diversity=181.63, gen=6 (best: e7815a3a-5858-4b61-828f-4d42d9124ec6)
2025-08-08 18:53:50,886 - openevolve.database - INFO -    Island 2: 7 programs, best=20.0000, avg=11.5714, diversity=266.83, gen=6 (best: 73dd7d5f-d3fb-4739-8e02-4f6ae19f0973)
2025-08-08 18:53:51,147 - openevolve.database - INFO - Saved database with 21 programs to openevolve_output/level1_84_conv_depthwise_2D_asymmetric_input_square_kernel/checkpoints/checkpoint_18
2025-08-08 18:53:51,162 - openevolve.controller - INFO - Saved best program at checkpoint 18 with metrics: compiled=1.0000, correctness=1.0000, stage=success, passed=0.0000, score=20.0000, speed_up=0.3520, runtime_ms=0.0856, meta={'hardware': 'NVIDIA L20Y', 'device': 'cuda:7', 'correctness_trials': '(5 / 5)', 'reference_timing_ms': 0.0301, 'speed_up': 0.352, 'custom_timing': 0.0856}
2025-08-08 18:53:51,163 - openevolve.controller - INFO - Saved checkpoint at iteration 18 to openevolve_output/level1_84_conv_depthwise_2D_asymmetric_input_square_kernel/checkpoints/checkpoint_18
2025-08-08 18:54:08,534 - openevolve.RemoteSpeedupEvaluator - INFO - [level1_84_conv_depthwise_2D_asymmetric_input_square_kernel] triton key words check pass
2025-08-08 18:54:08,534 - openevolve.RemoteSpeedupEvaluator - INFO - [level1_84_conv_depthwise_2D_asymmetric_input_square_kernel] verify_plus payload: reference_code(1678 chars) + custom_code(4625 chars)
2025-08-08 18:54:12,663 - openevolve.RemoteSpeedupEvaluator - INFO - [level1_84_conv_depthwise_2D_asymmetric_input_square_kernel] verify_plus request success
2025-08-08 18:54:12,663 - openevolve.RemoteSpeedupEvaluator - INFO - [level1_84_conv_depthwise_2D_asymmetric_input_square_kernel] verify_plus response: {"id":"level1_84_conv_depthwise_2D_asymmetric_input_square_kernel","result":{"compiled":true,"correctness":true,"metadata":{"hardware":"NVIDIA L20Y","device":"cuda:0","correctness_trials":"(5 / 5)","reference_timing_ms":0.0301,"speed_up":0.397,"custom_timing":0.0758},"runtime":0.0758,"runtime_stats":{"mean":0.0758,"std":0.00163,"min":0.0738,"max":0.0836,"num_trials":100,"hardware":"NVIDIA L20Y","device":"cuda:0"}}}
2025-08-08 18:54:12,663 - openevolve.RemoteSpeedupEvaluator - INFO - [level1_84_conv_depthwise_2D_asymmetric_input_square_kernel] âœ” success | speed_up=0.397  score=20.00
2025-08-08 18:54:12,664 - openevolve.evaluator - INFO - Evaluated program fcbb5061-eb5f-4c48-bbfc-0e6c86e779eb in 4.13s: compiled=1.0000, correctness=1.0000, stage=success, passed=0.0000, score=20.0000, speed_up=0.3970, runtime_ms=0.0758, meta={'hardware': 'NVIDIA L20Y', 'device': 'cuda:0', 'correctness_trials': '(5 / 5)', 'reference_timing_ms': 0.0301, 'speed_up': 0.397, 'custom_timing': 0.0758}
2025-08-08 18:54:12,668 - openevolve.llm.ensemble - INFO - Sampled model: deepseek
2025-08-08 18:54:12,681 - openevolve.threaded_parallel - INFO - Iteration 20: Program fcbb5061-eb5f-4c48-bbfc-0e6c86e779eb (parent: 4ba81770-9174-41a6-b74e-99ae32bac4a1) completed in 779.87s
2025-08-08 18:54:12,681 - openevolve.threaded_parallel - INFO - Metrics: compiled=1.0000, correctness=1.0000, stage=success, passed=0.0000, score=20.0000, speed_up=0.3970, runtime_ms=0.0758, meta={'hardware': 'NVIDIA L20Y', 'device': 'cuda:0', 'correctness_trials': '(5 / 5)', 'reference_timing_ms': 0.0301, 'speed_up': 0.397, 'custom_timing': 0.0758}
2025-08-08 18:59:31,481 - openevolve.RemoteSpeedupEvaluator - INFO - [level1_84_conv_depthwise_2D_asymmetric_input_square_kernel] triton key words check pass
2025-08-08 18:59:31,482 - openevolve.RemoteSpeedupEvaluator - INFO - [level1_84_conv_depthwise_2D_asymmetric_input_square_kernel] verify_plus payload: reference_code(1678 chars) + custom_code(5262 chars)
2025-08-08 18:59:49,120 - openevolve.RemoteSpeedupEvaluator - INFO - [level1_84_conv_depthwise_2D_asymmetric_input_square_kernel] verify_plus request success
2025-08-08 18:59:49,120 - openevolve.RemoteSpeedupEvaluator - INFO - [level1_84_conv_depthwise_2D_asymmetric_input_square_kernel] verify_plus response: {"id":"level1_84_conv_depthwise_2D_asymmetric_input_square_kernel","result":{"compiled":true,"correctness":false,"metadata":{"hardware":"NVIDIA L20Y","device":"cuda:6","runtime_error":"Traceback (most recent call last):\n  File \"/home/lijiaxing/.conda/envs/api/lib/python3.10/site-packages/triton/language/core.py\", line 42, in wrapper\n    return fn(*args, **kwargs)\n  File \"/home/lijiaxing/.conda/envs/api/lib/python3.10/site-packages/triton/language/core.py\", line 1654, in arange\n    return _semantic.arange(start, end)\n  File \"/home/lijiaxing/.conda/envs/api/lib/python3.10/site-packages/triton/language/semantic.py\", line 583, in arange\n    raise ValueError(\"arange's range must be a power of 2\")\nValueError: arange's range must be a power of 2\n\nThe above exception was the direc
2025-08-08 18:59:49,121 - openevolve.RemoteSpeedupEvaluator - INFO - [level1_84_conv_depthwise_2D_asymmetric_input_square_kernel] âœ˜ wrong_answer
2025-08-08 18:59:49,121 - openevolve.evaluator - INFO - Evaluated program 8a726700-8b87-4901-a892-63063dcc7486 in 17.64s: compiled=1.0000, correctness=0.0000, score=10.0000, stage=wrong_answer, verify_payload={'id': 'level1_84_conv_depthwise_2D_asymmetric_input_square_kernel', 'result': {'compiled': True, 'correctness': False, 'metadata': {'hardware': 'NVIDIA L20Y', 'device': 'cuda:6', 'runtime_error': 'Traceback (most recent call last):\n  File "/home/lijiaxing/.conda/envs/api/lib/python3.10/site-packages/triton/language/core.py", line 42, in wrapper\n    return fn(*args, **kwargs)\n  File "/home/lijiaxing/.conda/envs/api/lib/python3.10/site-packages/triton/language/core.py", line 1654, in arange\n    return _semantic.arange(start, end)\n  File "/home/lijiaxing/.conda/envs/api/lib/python3.10/site-packages/triton/language/semantic.py", line 583, in arange\n    raise ValueError("arange\'s range must be a power of 2")\nValueError: arange\'s range must be a power of 2\n\nThe above exception was the direct cause of the following exception:\n\nTraceback (most recent call last):\n  File "/cpfs01/shared/llm_kernel/hujiakai/KernelLLM/validation_api_server/helpers/evaluations.py", line 720, in run_and_check_correctness\n    output_new = model_new(*inputs)\n  File "/home/lijiaxing/.conda/envs/api/lib/python3.10/site-packages/torch/nn/modules/module.py", line 1773, in _wrapped_call_impl\n    return self._call_impl(*args, **kwargs)\n  File "/home/lijiaxing/.conda/envs/api/lib/python3.10/site-packages/torch/nn/modules/module.py", line 1784, in _call_impl\n    return forward_call(*args, **kwargs)\n  File "/tmp/tmpiz3xt8_u.py", line 126, in forward\n    depthwise_conv2d_kernel[grid](\n  File "/home/lijiaxing/.conda/envs/api/lib/python3.10/site-packages/triton/runtime/jit.py", line 390, in <lambda>\n    return lambda *args, **kwargs: self.run(grid=grid, warmup=False, *args, **kwargs)\n  File "/home/lijiaxing/.conda/envs/api/lib/python3.10/site-packages/triton/runtime/autotuner.py", line 239, in run\n    benchmark()\n  File "/home/lijiaxing/.conda/envs/api/lib/python3.10/site-packages/triton/runtime/autotuner.py", line 228, in benchmark\n    timings = {config: self._bench(*args, config=config, **kwargs) for config in pruned_configs}\n  File "/home/lijiaxing/.conda/envs/api/lib/python3.10/site-packages/triton/runtime/autotuner.py", line 228, in <dictcomp>\n    timings = {config: self._bench(*args, config=config, **kwargs) for config in pruned_configs}\n  File "/home/lijiaxing/.conda/envs/api/lib/python3.10/site-packages/triton/runtime/autotuner.py", line 160, in _bench\n    return self.do_bench(kernel_call, quantiles=(0.5, 0.2, 0.8))\n  File "/home/lijiaxing/.conda/envs/api/lib/python3.10/site-packages/triton/testing.py", line 149, in do_bench\n    fn()\n  File "/home/lijiaxing/.conda/envs/api/lib/python3.10/site-packages/triton/runtime/autotuner.py", line 146, in kernel_call\n    self.fn.run(\n  File "/home/lijiaxing/.conda/envs/api/lib/python3.10/site-packages/triton/runtime/jit.py", line 594, in run\n    kernel = self.compile(src, target=target, options=options.__dict__)\n  File "/home/lijiaxing/.conda/envs/api/lib/python3.10/site-packages/triton/compiler/compiler.py", line 339, in compile\n    module = src.make_ir(options, codegen_fns, module_map, context)\n  File "/home/lijiaxing/.conda/envs/api/lib/python3.10/site-packages/triton/compiler/compiler.py", line 83, in make_ir\n    return ast_to_ttir(self.fn, self, context=context, options=options, codegen_fns=codegen_fns,\ntriton.compiler.errors.CompilationError: at 28:45:\n    i = tl.where(valid_mask, offsets // width_out, 0)\n    j = tl.where(valid_mask, offsets % width_out, 0)\n\n    acc = tl.zeros((BLOCK_SIZE,), dtype=tl.float32)\n\n    # Precompute input offsets\n    input_i = tl.where(valid_mask, i * stride - padding, 0)\n    input_j = tl.where(valid_mask, j * stride - padding, 0)\n\n    # Preload weights for entire kernel\n    weight_start = pid_channel * kernel_size * kernel_size\n    weights = tl.load(w_ptr + weight_start + tl.arange(0, kernel_size * kernel_size))\n                                             ^\n\n\nThe above exception was the direct cause of the following exception:\n\nTraceback (most recent call last):\n  File "/home/lijiaxing/.conda/envs/api/lib/python3.10/site-packages/triton/language/core.py", line 42, in wrapper\n    return fn(*args, **kwargs)\n  File "/home/lijiaxing/.conda/envs/api/lib/python3.10/site-packages/triton/language/core.py", line 1654, in arange\n    return _semantic.arange(start, end)\n  File "/home/lijiaxing/.conda/envs/api/lib/python3.10/site-packages/triton/language/semantic.py", line 583, in arange\n    raise ValueError("arange\'s range must be a power of 2")\nValueError: arange\'s range must be a power of 2\n', 'runtime_error_name': 'triton.compiler.errors.CompilationError', 'reference_timing_ms': 0.0301, 'speed_up': -1.0, 'custom_timing': -1.0}, 'runtime': -1.0, 'runtime_stats': {}}}
2025-08-08 18:59:49,126 - openevolve.llm.ensemble - INFO - Sampled model: deepseek
2025-08-08 18:59:49,162 - openevolve.threaded_parallel - INFO - Iteration 21: Program 8a726700-8b87-4901-a892-63063dcc7486 (parent: e7815a3a-5858-4b61-828f-4d42d9124ec6) completed in 807.13s
2025-08-08 18:59:49,162 - openevolve.threaded_parallel - INFO - Metrics: compiled=1.0000, correctness=0.0000, score=10.0000, stage=wrong_answer, verify_payload={'id': 'level1_84_conv_depthwise_2D_asymmetric_input_square_kernel', 'result': {'compiled': True, 'correctness': False, 'metadata': {'hardware': 'NVIDIA L20Y', 'device': 'cuda:6', 'runtime_error': 'Traceback (most recent call last):\n  File "/home/lijiaxing/.conda/envs/api/lib/python3.10/site-packages/triton/language/core.py", line 42, in wrapper\n    return fn(*args, **kwargs)\n  File "/home/lijiaxing/.conda/envs/api/lib/python3.10/site-packages/triton/language/core.py", line 1654, in arange\n    return _semantic.arange(start, end)\n  File "/home/lijiaxing/.conda/envs/api/lib/python3.10/site-packages/triton/language/semantic.py", line 583, in arange\n    raise ValueError("arange\'s range must be a power of 2")\nValueError: arange\'s range must be a power of 2\n\nThe above exception was the direct cause of the following exception:\n\nTraceback (most recent call last):\n  File "/cpfs01/shared/llm_kernel/hujiakai/KernelLLM/validation_api_server/helpers/evaluations.py", line 720, in run_and_check_correctness\n    output_new = model_new(*inputs)\n  File "/home/lijiaxing/.conda/envs/api/lib/python3.10/site-packages/torch/nn/modules/module.py", line 1773, in _wrapped_call_impl\n    return self._call_impl(*args, **kwargs)\n  File "/home/lijiaxing/.conda/envs/api/lib/python3.10/site-packages/torch/nn/modules/module.py", line 1784, in _call_impl\n    return forward_call(*args, **kwargs)\n  File "/tmp/tmpiz3xt8_u.py", line 126, in forward\n    depthwise_conv2d_kernel[grid](\n  File "/home/lijiaxing/.conda/envs/api/lib/python3.10/site-packages/triton/runtime/jit.py", line 390, in <lambda>\n    return lambda *args, **kwargs: self.run(grid=grid, warmup=False, *args, **kwargs)\n  File "/home/lijiaxing/.conda/envs/api/lib/python3.10/site-packages/triton/runtime/autotuner.py", line 239, in run\n    benchmark()\n  File "/home/lijiaxing/.conda/envs/api/lib/python3.10/site-packages/triton/runtime/autotuner.py", line 228, in benchmark\n    timings = {config: self._bench(*args, config=config, **kwargs) for config in pruned_configs}\n  File "/home/lijiaxing/.conda/envs/api/lib/python3.10/site-packages/triton/runtime/autotuner.py", line 228, in <dictcomp>\n    timings = {config: self._bench(*args, config=config, **kwargs) for config in pruned_configs}\n  File "/home/lijiaxing/.conda/envs/api/lib/python3.10/site-packages/triton/runtime/autotuner.py", line 160, in _bench\n    return self.do_bench(kernel_call, quantiles=(0.5, 0.2, 0.8))\n  File "/home/lijiaxing/.conda/envs/api/lib/python3.10/site-packages/triton/testing.py", line 149, in do_bench\n    fn()\n  File "/home/lijiaxing/.conda/envs/api/lib/python3.10/site-packages/triton/runtime/autotuner.py", line 146, in kernel_call\n    self.fn.run(\n  File "/home/lijiaxing/.conda/envs/api/lib/python3.10/site-packages/triton/runtime/jit.py", line 594, in run\n    kernel = self.compile(src, target=target, options=options.__dict__)\n  File "/home/lijiaxing/.conda/envs/api/lib/python3.10/site-packages/triton/compiler/compiler.py", line 339, in compile\n    module = src.make_ir(options, codegen_fns, module_map, context)\n  File "/home/lijiaxing/.conda/envs/api/lib/python3.10/site-packages/triton/compiler/compiler.py", line 83, in make_ir\n    return ast_to_ttir(self.fn, self, context=context, options=options, codegen_fns=codegen_fns,\ntriton.compiler.errors.CompilationError: at 28:45:\n    i = tl.where(valid_mask, offsets // width_out, 0)\n    j = tl.where(valid_mask, offsets % width_out, 0)\n\n    acc = tl.zeros((BLOCK_SIZE,), dtype=tl.float32)\n\n    # Precompute input offsets\n    input_i = tl.where(valid_mask, i * stride - padding, 0)\n    input_j = tl.where(valid_mask, j * stride - padding, 0)\n\n    # Preload weights for entire kernel\n    weight_start = pid_channel * kernel_size * kernel_size\n    weights = tl.load(w_ptr + weight_start + tl.arange(0, kernel_size * kernel_size))\n                                             ^\n\n\nThe above exception was the direct cause of the following exception:\n\nTraceback (most recent call last):\n  File "/home/lijiaxing/.conda/envs/api/lib/python3.10/site-packages/triton/language/core.py", line 42, in wrapper\n    return fn(*args, **kwargs)\n  File "/home/lijiaxing/.conda/envs/api/lib/python3.10/site-packages/triton/language/core.py", line 1654, in arange\n    return _semantic.arange(start, end)\n  File "/home/lijiaxing/.conda/envs/api/lib/python3.10/site-packages/triton/language/semantic.py", line 583, in arange\n    raise ValueError("arange\'s range must be a power of 2")\nValueError: arange\'s range must be a power of 2\n', 'runtime_error_name': 'triton.compiler.errors.CompilationError', 'reference_timing_ms': 0.0301, 'speed_up': -1.0, 'custom_timing': -1.0}, 'runtime': -1.0, 'runtime_stats': {}}}
2025-08-08 18:59:49,162 - openevolve.threaded_parallel - INFO - Checkpoint interval reached at iteration 21
2025-08-08 18:59:49,164 - openevolve.database - INFO - Island Status:
2025-08-08 18:59:49,164 - openevolve.database - INFO -    Island 0: 10 programs, best=20.0000, avg=12.0000, diversity=193.30, gen=8 (best: 79b44ec7-454b-4fe3-a34f-8c14ad2c447a)
2025-08-08 18:59:49,164 - openevolve.database - INFO -    Island 1: 7 programs, best=20.0000, avg=15.7143, diversity=188.52, gen=7 (best: e7815a3a-5858-4b61-828f-4d42d9124ec6)
2025-08-08 18:59:49,165 - openevolve.database - INFO -  * Island 2: 7 programs, best=20.0000, avg=11.5714, diversity=266.83, gen=7 (best: 73dd7d5f-d3fb-4739-8e02-4f6ae19f0973)
2025-08-08 18:59:49,417 - openevolve.database - INFO - Saved database with 23 programs to openevolve_output/level1_84_conv_depthwise_2D_asymmetric_input_square_kernel/checkpoints/checkpoint_21
2025-08-08 18:59:49,432 - openevolve.controller - INFO - Saved best program at checkpoint 21 with metrics: compiled=1.0000, correctness=1.0000, stage=success, passed=0.0000, score=20.0000, speed_up=0.3520, runtime_ms=0.0856, meta={'hardware': 'NVIDIA L20Y', 'device': 'cuda:7', 'correctness_trials': '(5 / 5)', 'reference_timing_ms': 0.0301, 'speed_up': 0.352, 'custom_timing': 0.0856}
2025-08-08 18:59:49,432 - openevolve.controller - INFO - Saved checkpoint at iteration 21 to openevolve_output/level1_84_conv_depthwise_2D_asymmetric_input_square_kernel/checkpoints/checkpoint_21
2025-08-08 19:03:05,244 - openevolve.RemoteSpeedupEvaluator - INFO - [level1_84_conv_depthwise_2D_asymmetric_input_square_kernel] âœ˜ invalid_answer 'import triton' is not found
2025-08-08 19:03:05,246 - openevolve.evaluator - INFO - Evaluated program c2730d4d-eb68-4741-a31d-36343f8147e1 in 0.00s: compiled=0.0000, correctness=0.0000, score=-100.0000, stage=no_valid_triton_code, feedback=You need to generate real and valid triton code for the core function. The key word 'import triton' is not found.
2025-08-08 19:03:05,250 - openevolve.llm.ensemble - INFO - Sampled model: deepseek
2025-08-08 19:03:05,256 - openevolve.database - INFO - New MAP-Elites cell occupied: {'score': -1000, 'complexity': 0}
2025-08-08 19:03:05,269 - openevolve.threaded_parallel - INFO - Iteration 23: Program c2730d4d-eb68-4741-a31d-36343f8147e1 (parent: 8339c307-2292-4f01-9106-a5f7ec146d66) completed in 532.58s
2025-08-08 19:03:05,269 - openevolve.threaded_parallel - INFO - Metrics: compiled=0.0000, correctness=0.0000, score=-100.0000, stage=no_valid_triton_code, feedback=You need to generate real and valid triton code for the core function. The key word 'import triton' is not found.
2025-08-08 19:12:38,112 - openevolve.RemoteSpeedupEvaluator - INFO - [level1_84_conv_depthwise_2D_asymmetric_input_square_kernel] triton key words check pass
2025-08-08 19:12:38,113 - openevolve.RemoteSpeedupEvaluator - INFO - [level1_84_conv_depthwise_2D_asymmetric_input_square_kernel] verify_plus payload: reference_code(1678 chars) + custom_code(4368 chars)
2025-08-08 19:12:44,168 - openevolve.RemoteSpeedupEvaluator - INFO - [level1_84_conv_depthwise_2D_asymmetric_input_square_kernel] verify_plus request success
2025-08-08 19:12:44,169 - openevolve.RemoteSpeedupEvaluator - INFO - [level1_84_conv_depthwise_2D_asymmetric_input_square_kernel] verify_plus response: {"id":"level1_84_conv_depthwise_2D_asymmetric_input_square_kernel","result":{"compiled":true,"correctness":false,"metadata":{"hardware":"NVIDIA L20Y","device":"cuda:0","runtime_error":"Traceback (most recent call last):\n  File \"/home/lijiaxing/.conda/envs/api/lib/python3.10/site-packages/triton/language/core.py\", line 42, in wrapper\n    return fn(*args, **kwargs)\n  File \"/home/lijiaxing/.conda/envs/api/lib/python3.10/site-packages/triton/language/core.py\", line 1693, in full\n    shape = _shape_check_impl(shape)\n  File \"/home/lijiaxing/.conda/envs/api/lib/python3.10/site-packages/triton/language/core.py\", line 1677, in _shape_check_impl\n    validate_block_shape(shape)\n  File \"/home/lijiaxing/.conda/envs/api/lib/python3.10/site-packages/triton/_utils.py\", line 52, in validate_
2025-08-08 19:12:44,169 - openevolve.RemoteSpeedupEvaluator - INFO - [level1_84_conv_depthwise_2D_asymmetric_input_square_kernel] âœ˜ wrong_answer
2025-08-08 19:12:44,169 - openevolve.evaluator - INFO - Evaluated program f68148f2-9570-4728-9392-4ce7409d4a5e in 6.06s: compiled=1.0000, correctness=0.0000, score=10.0000, stage=wrong_answer, verify_payload={'id': 'level1_84_conv_depthwise_2D_asymmetric_input_square_kernel', 'result': {'compiled': True, 'correctness': False, 'metadata': {'hardware': 'NVIDIA L20Y', 'device': 'cuda:0', 'runtime_error': 'Traceback (most recent call last):\n  File "/home/lijiaxing/.conda/envs/api/lib/python3.10/site-packages/triton/language/core.py", line 42, in wrapper\n    return fn(*args, **kwargs)\n  File "/home/lijiaxing/.conda/envs/api/lib/python3.10/site-packages/triton/language/core.py", line 1693, in full\n    shape = _shape_check_impl(shape)\n  File "/home/lijiaxing/.conda/envs/api/lib/python3.10/site-packages/triton/language/core.py", line 1677, in _shape_check_impl\n    validate_block_shape(shape)\n  File "/home/lijiaxing/.conda/envs/api/lib/python3.10/site-packages/triton/_utils.py", line 52, in validate_block_shape\n    raise ValueError(f"Shape element {i} must be a power of 2")\nValueError: Shape element 0 must be a power of 2\n\nThe above exception was the direct cause of the following exception:\n\ntriton.compiler.errors.CompilationError: at 10:11:\ndef zeros(shape, dtype):\n    """\n    Returns a tensor filled with the scalar value 0 for the given :code:`shape` and :code:`dtype`.\n\n    :param shape: Shape of the new array, e.g., (8, 16) or (8, )\n    :type shape: tuple of ints\n    :param dtype: Data-type of the new array, e.g., :code:`tl.float16`\n    :type dtype: DType\n    """\n    return core.full(shape, 0, dtype)\n           ^\n\nThe above exception was the direct cause of the following exception:\n\nTraceback (most recent call last):\n  File "/cpfs01/shared/llm_kernel/hujiakai/KernelLLM/validation_api_server/helpers/evaluations.py", line 720, in run_and_check_correctness\n    output_new = model_new(*inputs)\n  File "/home/lijiaxing/.conda/envs/api/lib/python3.10/site-packages/torch/nn/modules/module.py", line 1773, in _wrapped_call_impl\n    return self._call_impl(*args, **kwargs)\n  File "/home/lijiaxing/.conda/envs/api/lib/python3.10/site-packages/torch/nn/modules/module.py", line 1784, in _call_impl\n    return forward_call(*args, **kwargs)\n  File "/tmp/tmpjkljljnk.py", line 114, in forward\n    depthwise_conv2d_kernel[grid](\n  File "/home/lijiaxing/.conda/envs/api/lib/python3.10/site-packages/triton/runtime/jit.py", line 390, in <lambda>\n    return lambda *args, **kwargs: self.run(grid=grid, warmup=False, *args, **kwargs)\n  File "/home/lijiaxing/.conda/envs/api/lib/python3.10/site-packages/triton/runtime/jit.py", line 594, in run\n    kernel = self.compile(src, target=target, options=options.__dict__)\n  File "/home/lijiaxing/.conda/envs/api/lib/python3.10/site-packages/triton/compiler/compiler.py", line 339, in compile\n    module = src.make_ir(options, codegen_fns, module_map, context)\n  File "/home/lijiaxing/.conda/envs/api/lib/python3.10/site-packages/triton/compiler/compiler.py", line 83, in make_ir\n    return ast_to_ttir(self.fn, self, context=context, options=options, codegen_fns=codegen_fns,\ntriton.compiler.errors.CompilationError: at 30:13:\n    ow_mask = ow_offsets < OW\n\n    acc = tl.zeros((BLOCK_OW,), dtype=tl.float32)\n\n    base_x_ptr = (\n        x_ptr + \n        batch_idx * in_channels * height * width + \n        channel_idx * height * width\n    )\n\n    w_base = channel_idx * kernel_size * kernel_size\n    w_vals = tl.zeros((kernel_size*kernel_size,), dtype=tl.float32)\n             ^\n\n\nThe above exception was the direct cause of the following exception:\n\nTraceback (most recent call last):\n  File "/home/lijiaxing/.conda/envs/api/lib/python3.10/site-packages/triton/language/core.py", line 42, in wrapper\n    return fn(*args, **kwargs)\n  File "/home/lijiaxing/.conda/envs/api/lib/python3.10/site-packages/triton/language/core.py", line 1693, in full\n    shape = _shape_check_impl(shape)\n  File "/home/lijiaxing/.conda/envs/api/lib/python3.10/site-packages/triton/language/core.py", line 1677, in _shape_check_impl\n    validate_block_shape(shape)\n  File "/home/lijiaxing/.conda/envs/api/lib/python3.10/site-packages/triton/_utils.py", line 52, in validate_block_shape\n    raise ValueError(f"Shape element {i} must be a power of 2")\nValueError: Shape element 0 must be a power of 2\n\nThe above exception was the direct cause of the following exception:\n\ntriton.compiler.errors.CompilationError: at 10:11:\ndef zeros(shape, dtype):\n    """\n    Returns a tensor filled with the scalar value 0 for the given :code:`shape` and :code:`dtype`.\n\n    :param shape: Shape of the new array, e.g., (8, 16) or (8, )\n    :type shape: tuple of ints\n    :param dtype: Data-type of the new array, e.g., :code:`tl.float16`\n    :type dtype: DType\n    """\n    return core.full(shape, 0, dtype)\n           ^\n\n\nThe above exception was the direct cause of the following exception:\n\nTraceback (most recent call last):\n  File "/home/lijiaxing/.conda/envs/api/lib/python3.10/site-packages/triton/language/core.py", line 42, in wrapper\n    return fn(*args, **kwargs)\n  File "/home/lijiaxing/.conda/envs/api/lib/python3.10/site-packages/triton/language/core.py", line 1693, in full\n    shape = _shape_check_impl(shape)\n  File "/home/lijiaxing/.conda/envs/api/lib/python3.10/site-packages/triton/language/core.py", line 1677, in _shape_check_impl\n    validate_block_shape(shape)\n  File "/home/lijiaxing/.conda/envs/api/lib/python3.10/site-packages/triton/_utils.py", line 52, in validate_block_shape\n    raise ValueError(f"Shape element {i} must be a power of 2")\nValueError: Shape element 0 must be a power of 2\n', 'runtime_error_name': 'triton.compiler.errors.CompilationError', 'reference_timing_ms': 0.0301, 'speed_up': -1.0, 'custom_timing': -1.0}, 'runtime': -1.0, 'runtime_stats': {}}}
2025-08-08 19:12:44,174 - openevolve.llm.ensemble - INFO - Sampled model: deepseek
2025-08-08 19:12:44,183 - openevolve.threaded_parallel - INFO - Iteration 22: Program f68148f2-9570-4728-9392-4ce7409d4a5e (parent: 73dd7d5f-d3fb-4739-8e02-4f6ae19f0973) completed in 1133.30s
2025-08-08 19:12:44,183 - openevolve.threaded_parallel - INFO - Metrics: compiled=1.0000, correctness=0.0000, score=10.0000, stage=wrong_answer, verify_payload={'id': 'level1_84_conv_depthwise_2D_asymmetric_input_square_kernel', 'result': {'compiled': True, 'correctness': False, 'metadata': {'hardware': 'NVIDIA L20Y', 'device': 'cuda:0', 'runtime_error': 'Traceback (most recent call last):\n  File "/home/lijiaxing/.conda/envs/api/lib/python3.10/site-packages/triton/language/core.py", line 42, in wrapper\n    return fn(*args, **kwargs)\n  File "/home/lijiaxing/.conda/envs/api/lib/python3.10/site-packages/triton/language/core.py", line 1693, in full\n    shape = _shape_check_impl(shape)\n  File "/home/lijiaxing/.conda/envs/api/lib/python3.10/site-packages/triton/language/core.py", line 1677, in _shape_check_impl\n    validate_block_shape(shape)\n  File "/home/lijiaxing/.conda/envs/api/lib/python3.10/site-packages/triton/_utils.py", line 52, in validate_block_shape\n    raise ValueError(f"Shape element {i} must be a power of 2")\nValueError: Shape element 0 must be a power of 2\n\nThe above exception was the direct cause of the following exception:\n\ntriton.compiler.errors.CompilationError: at 10:11:\ndef zeros(shape, dtype):\n    """\n    Returns a tensor filled with the scalar value 0 for the given :code:`shape` and :code:`dtype`.\n\n    :param shape: Shape of the new array, e.g., (8, 16) or (8, )\n    :type shape: tuple of ints\n    :param dtype: Data-type of the new array, e.g., :code:`tl.float16`\n    :type dtype: DType\n    """\n    return core.full(shape, 0, dtype)\n           ^\n\nThe above exception was the direct cause of the following exception:\n\nTraceback (most recent call last):\n  File "/cpfs01/shared/llm_kernel/hujiakai/KernelLLM/validation_api_server/helpers/evaluations.py", line 720, in run_and_check_correctness\n    output_new = model_new(*inputs)\n  File "/home/lijiaxing/.conda/envs/api/lib/python3.10/site-packages/torch/nn/modules/module.py", line 1773, in _wrapped_call_impl\n    return self._call_impl(*args, **kwargs)\n  File "/home/lijiaxing/.conda/envs/api/lib/python3.10/site-packages/torch/nn/modules/module.py", line 1784, in _call_impl\n    return forward_call(*args, **kwargs)\n  File "/tmp/tmpjkljljnk.py", line 114, in forward\n    depthwise_conv2d_kernel[grid](\n  File "/home/lijiaxing/.conda/envs/api/lib/python3.10/site-packages/triton/runtime/jit.py", line 390, in <lambda>\n    return lambda *args, **kwargs: self.run(grid=grid, warmup=False, *args, **kwargs)\n  File "/home/lijiaxing/.conda/envs/api/lib/python3.10/site-packages/triton/runtime/jit.py", line 594, in run\n    kernel = self.compile(src, target=target, options=options.__dict__)\n  File "/home/lijiaxing/.conda/envs/api/lib/python3.10/site-packages/triton/compiler/compiler.py", line 339, in compile\n    module = src.make_ir(options, codegen_fns, module_map, context)\n  File "/home/lijiaxing/.conda/envs/api/lib/python3.10/site-packages/triton/compiler/compiler.py", line 83, in make_ir\n    return ast_to_ttir(self.fn, self, context=context, options=options, codegen_fns=codegen_fns,\ntriton.compiler.errors.CompilationError: at 30:13:\n    ow_mask = ow_offsets < OW\n\n    acc = tl.zeros((BLOCK_OW,), dtype=tl.float32)\n\n    base_x_ptr = (\n        x_ptr + \n        batch_idx * in_channels * height * width + \n        channel_idx * height * width\n    )\n\n    w_base = channel_idx * kernel_size * kernel_size\n    w_vals = tl.zeros((kernel_size*kernel_size,), dtype=tl.float32)\n             ^\n\n\nThe above exception was the direct cause of the following exception:\n\nTraceback (most recent call last):\n  File "/home/lijiaxing/.conda/envs/api/lib/python3.10/site-packages/triton/language/core.py", line 42, in wrapper\n    return fn(*args, **kwargs)\n  File "/home/lijiaxing/.conda/envs/api/lib/python3.10/site-packages/triton/language/core.py", line 1693, in full\n    shape = _shape_check_impl(shape)\n  File "/home/lijiaxing/.conda/envs/api/lib/python3.10/site-packages/triton/language/core.py", line 1677, in _shape_check_impl\n    validate_block_shape(shape)\n  File "/home/lijiaxing/.conda/envs/api/lib/python3.10/site-packages/triton/_utils.py", line 52, in validate_block_shape\n    raise ValueError(f"Shape element {i} must be a power of 2")\nValueError: Shape element 0 must be a power of 2\n\nThe above exception was the direct cause of the following exception:\n\ntriton.compiler.errors.CompilationError: at 10:11:\ndef zeros(shape, dtype):\n    """\n    Returns a tensor filled with the scalar value 0 for the given :code:`shape` and :code:`dtype`.\n\n    :param shape: Shape of the new array, e.g., (8, 16) or (8, )\n    :type shape: tuple of ints\n    :param dtype: Data-type of the new array, e.g., :code:`tl.float16`\n    :type dtype: DType\n    """\n    return core.full(shape, 0, dtype)\n           ^\n\n\nThe above exception was the direct cause of the following exception:\n\nTraceback (most recent call last):\n  File "/home/lijiaxing/.conda/envs/api/lib/python3.10/site-packages/triton/language/core.py", line 42, in wrapper\n    return fn(*args, **kwargs)\n  File "/home/lijiaxing/.conda/envs/api/lib/python3.10/site-packages/triton/language/core.py", line 1693, in full\n    shape = _shape_check_impl(shape)\n  File "/home/lijiaxing/.conda/envs/api/lib/python3.10/site-packages/triton/language/core.py", line 1677, in _shape_check_impl\n    validate_block_shape(shape)\n  File "/home/lijiaxing/.conda/envs/api/lib/python3.10/site-packages/triton/_utils.py", line 52, in validate_block_shape\n    raise ValueError(f"Shape element {i} must be a power of 2")\nValueError: Shape element 0 must be a power of 2\n', 'runtime_error_name': 'triton.compiler.errors.CompilationError', 'reference_timing_ms': 0.0301, 'speed_up': -1.0, 'custom_timing': -1.0}, 'runtime': -1.0, 'runtime_stats': {}}}
2025-08-08 19:15:58,212 - openevolve.RemoteSpeedupEvaluator - INFO - [level1_84_conv_depthwise_2D_asymmetric_input_square_kernel] triton key words check pass
2025-08-08 19:15:58,214 - openevolve.RemoteSpeedupEvaluator - INFO - [level1_84_conv_depthwise_2D_asymmetric_input_square_kernel] verify_plus payload: reference_code(1678 chars) + custom_code(5988 chars)
2025-08-08 19:16:01,113 - openevolve.RemoteSpeedupEvaluator - INFO - [level1_84_conv_depthwise_2D_asymmetric_input_square_kernel] verify_plus request success
2025-08-08 19:16:01,113 - openevolve.RemoteSpeedupEvaluator - INFO - [level1_84_conv_depthwise_2D_asymmetric_input_square_kernel] verify_plus response: {"id":"level1_84_conv_depthwise_2D_asymmetric_input_square_kernel","result":{"compiled":true,"correctness":false,"metadata":{"hardware":"NVIDIA L20Y","device":"cuda:1","runtime_error":"Traceback (most recent call last):\n  File \"/home/lijiaxing/.conda/envs/api/lib/python3.10/site-packages/triton/language/core.py\", line 42, in wrapper\n    return fn(*args, **kwargs)\n  File \"/home/lijiaxing/.conda/envs/api/lib/python3.10/site-packages/triton/language/core.py\", line 1693, in full\n    shape = _shape_check_impl(shape)\n  File \"/home/lijiaxing/.conda/envs/api/lib/python3.10/site-packages/triton/language/core.py\", line 1677, in _shape_check_impl\n    validate_block_shape(shape)\n  File \"/home/lijiaxing/.conda/envs/api/lib/python3.10/site-packages/triton/_utils.py\", line 50, in validate_
2025-08-08 19:16:01,113 - openevolve.RemoteSpeedupEvaluator - INFO - [level1_84_conv_depthwise_2D_asymmetric_input_square_kernel] âœ˜ wrong_answer
2025-08-08 19:16:01,114 - openevolve.evaluator - INFO - Evaluated program b1f4af74-a14e-4c0c-9e20-96500ce333c4 in 2.90s: compiled=1.0000, correctness=0.0000, score=10.0000, stage=wrong_answer, verify_payload={'id': 'level1_84_conv_depthwise_2D_asymmetric_input_square_kernel', 'result': {'compiled': True, 'correctness': False, 'metadata': {'hardware': 'NVIDIA L20Y', 'device': 'cuda:1', 'runtime_error': 'Traceback (most recent call last):\n  File "/home/lijiaxing/.conda/envs/api/lib/python3.10/site-packages/triton/language/core.py", line 42, in wrapper\n    return fn(*args, **kwargs)\n  File "/home/lijiaxing/.conda/envs/api/lib/python3.10/site-packages/triton/language/core.py", line 1693, in full\n    shape = _shape_check_impl(shape)\n  File "/home/lijiaxing/.conda/envs/api/lib/python3.10/site-packages/triton/language/core.py", line 1677, in _shape_check_impl\n    validate_block_shape(shape)\n  File "/home/lijiaxing/.conda/envs/api/lib/python3.10/site-packages/triton/_utils.py", line 50, in validate_block_shape\n    raise TypeError(f"Shape element {i} must have type `constexpr[int]`, got `constexpr[{type(d)}]")\nTypeError: Shape element 0 must have type `constexpr[int]`, got `constexpr[<class \'triton.language.core.tensor\'>]\n\nThe above exception was the direct cause of the following exception:\n\ntriton.compiler.errors.CompilationError: at 10:11:\ndef zeros(shape, dtype):\n    """\n    Returns a tensor filled with the scalar value 0 for the given :code:`shape` and :code:`dtype`.\n\n    :param shape: Shape of the new array, e.g., (8, 16) or (8, )\n    :type shape: tuple of ints\n    :param dtype: Data-type of the new array, e.g., :code:`tl.float16`\n    :type dtype: DType\n    """\n    return core.full(shape, 0, dtype)\n           ^\n\nThe above exception was the direct cause of the following exception:\n\nTraceback (most recent call last):\n  File "/cpfs01/shared/llm_kernel/hujiakai/KernelLLM/validation_api_server/helpers/evaluations.py", line 720, in run_and_check_correctness\n    output_new = model_new(*inputs)\n  File "/home/lijiaxing/.conda/envs/api/lib/python3.10/site-packages/torch/nn/modules/module.py", line 1773, in _wrapped_call_impl\n    return self._call_impl(*args, **kwargs)\n  File "/home/lijiaxing/.conda/envs/api/lib/python3.10/site-packages/torch/nn/modules/module.py", line 1784, in _call_impl\n    return forward_call(*args, **kwargs)\n  File "/tmp/tmpjdpm_qpy.py", line 148, in forward\n    depthwise_conv2d_kernel[grid](\n  File "/home/lijiaxing/.conda/envs/api/lib/python3.10/site-packages/triton/runtime/jit.py", line 390, in <lambda>\n    return lambda *args, **kwargs: self.run(grid=grid, warmup=False, *args, **kwargs)\n  File "/home/lijiaxing/.conda/envs/api/lib/python3.10/site-packages/triton/runtime/autotuner.py", line 239, in run\n    benchmark()\n  File "/home/lijiaxing/.conda/envs/api/lib/python3.10/site-packages/triton/runtime/autotuner.py", line 228, in benchmark\n    timings = {config: self._bench(*args, config=config, **kwargs) for config in pruned_configs}\n  File "/home/lijiaxing/.conda/envs/api/lib/python3.10/site-packages/triton/runtime/autotuner.py", line 228, in <dictcomp>\n    timings = {config: self._bench(*args, config=config, **kwargs) for config in pruned_configs}\n  File "/home/lijiaxing/.conda/envs/api/lib/python3.10/site-packages/triton/runtime/autotuner.py", line 160, in _bench\n    return self.do_bench(kernel_call, quantiles=(0.5, 0.2, 0.8))\n  File "/home/lijiaxing/.conda/envs/api/lib/python3.10/site-packages/triton/testing.py", line 149, in do_bench\n    fn()\n  File "/home/lijiaxing/.conda/envs/api/lib/python3.10/site-packages/triton/runtime/autotuner.py", line 146, in kernel_call\n    self.fn.run(\n  File "/home/lijiaxing/.conda/envs/api/lib/python3.10/site-packages/triton/runtime/jit.py", line 594, in run\n    kernel = self.compile(src, target=target, options=options.__dict__)\n  File "/home/lijiaxing/.conda/envs/api/lib/python3.10/site-packages/triton/compiler/compiler.py", line 339, in compile\n    module = src.make_ir(options, codegen_fns, module_map, context)\n  File "/home/lijiaxing/.conda/envs/api/lib/python3.10/site-packages/triton/compiler/compiler.py", line 83, in make_ir\n    return ast_to_ttir(self.fn, self, context=context, options=options, codegen_fns=codegen_fns,\ntriton.compiler.errors.CompilationError: at 38:17:\n    oh_start = pid_ohb * TILE_OH\n    ow_start = pid_owb * TILE_OW\n\n    # Precompute base pointer for input channel group\n    base_x = batch_idx * in_channels * height * width + group_idx * height * width\n\n    # Calculate input tile dimensions\n    input_tile_h = (TILE_OH - 1) * stride + kernel_size\n    input_tile_w = (TILE_OW - 1) * stride + kernel_size\n\n    # Preload weights into registers\n    weight_reg = tl.zeros((kernel_size, kernel_size), dtype=tl.float32)\n                 ^\n\n\nThe above exception was the direct cause of the following exception:\n\nTraceback (most recent call last):\n  File "/home/lijiaxing/.conda/envs/api/lib/python3.10/site-packages/triton/language/core.py", line 42, in wrapper\n    return fn(*args, **kwargs)\n  File "/home/lijiaxing/.conda/envs/api/lib/python3.10/site-packages/triton/language/core.py", line 1693, in full\n    shape = _shape_check_impl(shape)\n  File "/home/lijiaxing/.conda/envs/api/lib/python3.10/site-packages/triton/language/core.py", line 1677, in _shape_check_impl\n    validate_block_shape(shape)\n  File "/home/lijiaxing/.conda/envs/api/lib/python3.10/site-packages/triton/_utils.py", line 50, in validate_block_shape\n    raise TypeError(f"Shape element {i} must have type `constexpr[int]`, got `constexpr[{type(d)}]")\nTypeError: Shape element 0 must have type `constexpr[int]`, got `constexpr[<class \'triton.language.core.tensor\'>]\n\nThe above exception was the direct cause of the following exception:\n\ntriton.compiler.errors.CompilationError: at 10:11:\ndef zeros(shape, dtype):\n    """\n    Returns a tensor filled with the scalar value 0 for the given :code:`shape` and :code:`dtype`.\n\n    :param shape: Shape of the new array, e.g., (8, 16) or (8, )\n    :type shape: tuple of ints\n    :param dtype: Data-type of the new array, e.g., :code:`tl.float16`\n    :type dtype: DType\n    """\n    return core.full(shape, 0, dtype)\n           ^\n\n\nThe above exception was the direct cause of the following exception:\n\nTraceback (most recent call last):\n  File "/home/lijiaxing/.conda/envs/api/lib/python3.10/site-packages/triton/language/core.py", line 42, in wrapper\n    return fn(*args, **kwargs)\n  File "/home/lijiaxing/.conda/envs/api/lib/python3.10/site-packages/triton/language/core.py", line 1693, in full\n    shape = _shape_check_impl(shape)\n  File "/home/lijiaxing/.conda/envs/api/lib/python3.10/site-packages/triton/language/core.py", line 1677, in _shape_check_impl\n    validate_block_shape(shape)\n  File "/home/lijiaxing/.conda/envs/api/lib/python3.10/site-packages/triton/_utils.py", line 50, in validate_block_shape\n    raise TypeError(f"Shape element {i} must have type `constexpr[int]`, got `constexpr[{type(d)}]")\nTypeError: Shape element 0 must have type `constexpr[int]`, got `constexpr[<class \'triton.language.core.tensor\'>]\n', 'runtime_error_name': 'triton.compiler.errors.CompilationError', 'reference_timing_ms': 0.0301, 'speed_up': -1.0, 'custom_timing': -1.0}, 'runtime': -1.0, 'runtime_stats': {}}}
2025-08-08 19:16:01,118 - openevolve.database - INFO - Population size (26) exceeds limit (25), removing 1 programs
2025-08-08 19:16:01,118 - openevolve.database - INFO - Population size after cleanup: 25
2025-08-08 19:16:01,121 - openevolve.llm.ensemble - INFO - Sampled model: deepseek
2025-08-08 19:16:01,131 - openevolve.threaded_parallel - INFO - Iteration 24: Program b1f4af74-a14e-4c0c-9e20-96500ce333c4 (parent: 1de1288e-621e-43ce-ae4b-093a11475e9c) completed in 971.99s
2025-08-08 19:16:01,131 - openevolve.threaded_parallel - INFO - Metrics: compiled=1.0000, correctness=0.0000, score=10.0000, stage=wrong_answer, verify_payload={'id': 'level1_84_conv_depthwise_2D_asymmetric_input_square_kernel', 'result': {'compiled': True, 'correctness': False, 'metadata': {'hardware': 'NVIDIA L20Y', 'device': 'cuda:1', 'runtime_error': 'Traceback (most recent call last):\n  File "/home/lijiaxing/.conda/envs/api/lib/python3.10/site-packages/triton/language/core.py", line 42, in wrapper\n    return fn(*args, **kwargs)\n  File "/home/lijiaxing/.conda/envs/api/lib/python3.10/site-packages/triton/language/core.py", line 1693, in full\n    shape = _shape_check_impl(shape)\n  File "/home/lijiaxing/.conda/envs/api/lib/python3.10/site-packages/triton/language/core.py", line 1677, in _shape_check_impl\n    validate_block_shape(shape)\n  File "/home/lijiaxing/.conda/envs/api/lib/python3.10/site-packages/triton/_utils.py", line 50, in validate_block_shape\n    raise TypeError(f"Shape element {i} must have type `constexpr[int]`, got `constexpr[{type(d)}]")\nTypeError: Shape element 0 must have type `constexpr[int]`, got `constexpr[<class \'triton.language.core.tensor\'>]\n\nThe above exception was the direct cause of the following exception:\n\ntriton.compiler.errors.CompilationError: at 10:11:\ndef zeros(shape, dtype):\n    """\n    Returns a tensor filled with the scalar value 0 for the given :code:`shape` and :code:`dtype`.\n\n    :param shape: Shape of the new array, e.g., (8, 16) or (8, )\n    :type shape: tuple of ints\n    :param dtype: Data-type of the new array, e.g., :code:`tl.float16`\n    :type dtype: DType\n    """\n    return core.full(shape, 0, dtype)\n           ^\n\nThe above exception was the direct cause of the following exception:\n\nTraceback (most recent call last):\n  File "/cpfs01/shared/llm_kernel/hujiakai/KernelLLM/validation_api_server/helpers/evaluations.py", line 720, in run_and_check_correctness\n    output_new = model_new(*inputs)\n  File "/home/lijiaxing/.conda/envs/api/lib/python3.10/site-packages/torch/nn/modules/module.py", line 1773, in _wrapped_call_impl\n    return self._call_impl(*args, **kwargs)\n  File "/home/lijiaxing/.conda/envs/api/lib/python3.10/site-packages/torch/nn/modules/module.py", line 1784, in _call_impl\n    return forward_call(*args, **kwargs)\n  File "/tmp/tmpjdpm_qpy.py", line 148, in forward\n    depthwise_conv2d_kernel[grid](\n  File "/home/lijiaxing/.conda/envs/api/lib/python3.10/site-packages/triton/runtime/jit.py", line 390, in <lambda>\n    return lambda *args, **kwargs: self.run(grid=grid, warmup=False, *args, **kwargs)\n  File "/home/lijiaxing/.conda/envs/api/lib/python3.10/site-packages/triton/runtime/autotuner.py", line 239, in run\n    benchmark()\n  File "/home/lijiaxing/.conda/envs/api/lib/python3.10/site-packages/triton/runtime/autotuner.py", line 228, in benchmark\n    timings = {config: self._bench(*args, config=config, **kwargs) for config in pruned_configs}\n  File "/home/lijiaxing/.conda/envs/api/lib/python3.10/site-packages/triton/runtime/autotuner.py", line 228, in <dictcomp>\n    timings = {config: self._bench(*args, config=config, **kwargs) for config in pruned_configs}\n  File "/home/lijiaxing/.conda/envs/api/lib/python3.10/site-packages/triton/runtime/autotuner.py", line 160, in _bench\n    return self.do_bench(kernel_call, quantiles=(0.5, 0.2, 0.8))\n  File "/home/lijiaxing/.conda/envs/api/lib/python3.10/site-packages/triton/testing.py", line 149, in do_bench\n    fn()\n  File "/home/lijiaxing/.conda/envs/api/lib/python3.10/site-packages/triton/runtime/autotuner.py", line 146, in kernel_call\n    self.fn.run(\n  File "/home/lijiaxing/.conda/envs/api/lib/python3.10/site-packages/triton/runtime/jit.py", line 594, in run\n    kernel = self.compile(src, target=target, options=options.__dict__)\n  File "/home/lijiaxing/.conda/envs/api/lib/python3.10/site-packages/triton/compiler/compiler.py", line 339, in compile\n    module = src.make_ir(options, codegen_fns, module_map, context)\n  File "/home/lijiaxing/.conda/envs/api/lib/python3.10/site-packages/triton/compiler/compiler.py", line 83, in make_ir\n    return ast_to_ttir(self.fn, self, context=context, options=options, codegen_fns=codegen_fns,\ntriton.compiler.errors.CompilationError: at 38:17:\n    oh_start = pid_ohb * TILE_OH\n    ow_start = pid_owb * TILE_OW\n\n    # Precompute base pointer for input channel group\n    base_x = batch_idx * in_channels * height * width + group_idx * height * width\n\n    # Calculate input tile dimensions\n    input_tile_h = (TILE_OH - 1) * stride + kernel_size\n    input_tile_w = (TILE_OW - 1) * stride + kernel_size\n\n    # Preload weights into registers\n    weight_reg = tl.zeros((kernel_size, kernel_size), dtype=tl.float32)\n                 ^\n\n\nThe above exception was the direct cause of the following exception:\n\nTraceback (most recent call last):\n  File "/home/lijiaxing/.conda/envs/api/lib/python3.10/site-packages/triton/language/core.py", line 42, in wrapper\n    return fn(*args, **kwargs)\n  File "/home/lijiaxing/.conda/envs/api/lib/python3.10/site-packages/triton/language/core.py", line 1693, in full\n    shape = _shape_check_impl(shape)\n  File "/home/lijiaxing/.conda/envs/api/lib/python3.10/site-packages/triton/language/core.py", line 1677, in _shape_check_impl\n    validate_block_shape(shape)\n  File "/home/lijiaxing/.conda/envs/api/lib/python3.10/site-packages/triton/_utils.py", line 50, in validate_block_shape\n    raise TypeError(f"Shape element {i} must have type `constexpr[int]`, got `constexpr[{type(d)}]")\nTypeError: Shape element 0 must have type `constexpr[int]`, got `constexpr[<class \'triton.language.core.tensor\'>]\n\nThe above exception was the direct cause of the following exception:\n\ntriton.compiler.errors.CompilationError: at 10:11:\ndef zeros(shape, dtype):\n    """\n    Returns a tensor filled with the scalar value 0 for the given :code:`shape` and :code:`dtype`.\n\n    :param shape: Shape of the new array, e.g., (8, 16) or (8, )\n    :type shape: tuple of ints\n    :param dtype: Data-type of the new array, e.g., :code:`tl.float16`\n    :type dtype: DType\n    """\n    return core.full(shape, 0, dtype)\n           ^\n\n\nThe above exception was the direct cause of the following exception:\n\nTraceback (most recent call last):\n  File "/home/lijiaxing/.conda/envs/api/lib/python3.10/site-packages/triton/language/core.py", line 42, in wrapper\n    return fn(*args, **kwargs)\n  File "/home/lijiaxing/.conda/envs/api/lib/python3.10/site-packages/triton/language/core.py", line 1693, in full\n    shape = _shape_check_impl(shape)\n  File "/home/lijiaxing/.conda/envs/api/lib/python3.10/site-packages/triton/language/core.py", line 1677, in _shape_check_impl\n    validate_block_shape(shape)\n  File "/home/lijiaxing/.conda/envs/api/lib/python3.10/site-packages/triton/_utils.py", line 50, in validate_block_shape\n    raise TypeError(f"Shape element {i} must have type `constexpr[int]`, got `constexpr[{type(d)}]")\nTypeError: Shape element 0 must have type `constexpr[int]`, got `constexpr[<class \'triton.language.core.tensor\'>]\n', 'runtime_error_name': 'triton.compiler.errors.CompilationError', 'reference_timing_ms': 0.0301, 'speed_up': -1.0, 'custom_timing': -1.0}, 'runtime': -1.0, 'runtime_stats': {}}}
2025-08-08 19:16:01,131 - openevolve.threaded_parallel - INFO - Checkpoint interval reached at iteration 24
2025-08-08 19:16:01,133 - openevolve.database - INFO - Island Status:
2025-08-08 19:16:01,133 - openevolve.database - INFO -    Island 0: 11 programs, best=20.0000, avg=11.8182, diversity=193.30, gen=9 (best: 79b44ec7-454b-4fe3-a34f-8c14ad2c447a)
2025-08-08 19:16:01,133 - openevolve.database - INFO -    Island 1: 8 programs, best=20.0000, avg=15.0000, diversity=188.52, gen=8 (best: e7815a3a-5858-4b61-828f-4d42d9124ec6)
2025-08-08 19:16:01,133 - openevolve.database - INFO -  * Island 2: 7 programs, best=20.0000, avg=11.5714, diversity=266.83, gen=8 (best: 73dd7d5f-d3fb-4739-8e02-4f6ae19f0973)
2025-08-08 19:16:01,488 - openevolve.database - INFO - Saved database with 25 programs to openevolve_output/level1_84_conv_depthwise_2D_asymmetric_input_square_kernel/checkpoints/checkpoint_24
2025-08-08 19:16:01,505 - openevolve.controller - INFO - Saved best program at checkpoint 24 with metrics: compiled=1.0000, correctness=1.0000, stage=success, passed=0.0000, score=20.0000, speed_up=0.3520, runtime_ms=0.0856, meta={'hardware': 'NVIDIA L20Y', 'device': 'cuda:7', 'correctness_trials': '(5 / 5)', 'reference_timing_ms': 0.0301, 'speed_up': 0.352, 'custom_timing': 0.0856}
2025-08-08 19:16:01,505 - openevolve.controller - INFO - Saved checkpoint at iteration 24 to openevolve_output/level1_84_conv_depthwise_2D_asymmetric_input_square_kernel/checkpoints/checkpoint_24
2025-08-08 19:17:07,647 - openevolve.RemoteSpeedupEvaluator - INFO - [level1_84_conv_depthwise_2D_asymmetric_input_square_kernel] âœ˜ invalid_answer 'import triton' is not found
2025-08-08 19:17:07,649 - openevolve.evaluator - INFO - Evaluated program c0fa5ae5-caba-4196-bf01-d4866e39eafc in 0.00s: compiled=0.0000, correctness=0.0000, score=-100.0000, stage=no_valid_triton_code, feedback=You need to generate real and valid triton code for the core function. The key word 'import triton' is not found.
2025-08-08 19:17:07,653 - openevolve.llm.ensemble - INFO - Sampled model: deepseek
2025-08-08 19:17:07,659 - openevolve.database - INFO - New MAP-Elites cell occupied: {'score': -1000, 'complexity': 1}
2025-08-08 19:17:07,659 - openevolve.database - INFO - Population size (26) exceeds limit (25), removing 1 programs
2025-08-08 19:17:07,660 - openevolve.database - INFO - Population size after cleanup: 25
2025-08-08 19:17:07,672 - openevolve.threaded_parallel - INFO - Iteration 25: Program c0fa5ae5-caba-4196-bf01-d4866e39eafc (parent: e8d43b4b-a24f-406a-9a72-98bee4b07f26) completed in 842.40s
2025-08-08 19:17:07,672 - openevolve.threaded_parallel - INFO - Metrics: compiled=0.0000, correctness=0.0000, score=-100.0000, stage=no_valid_triton_code, feedback=You need to generate real and valid triton code for the core function. The key word 'import triton' is not found.
