2025-08-08 02:41:25,782 - openevolve.controller - INFO - Logging to openevolve_output/level3_30_SwinTransformerV2/logs/openevolve_20250808_024125.log
2025-08-08 02:41:25,782 - openevolve.controller - INFO - Set random seed to 42 for reproducibility
2025-08-08 02:41:25,822 - openevolve.llm.ensemble - INFO - Initialized LLM ensemble with models: deepseek (weight: 0.80), deepseek (weight: 0.20)
2025-08-08 02:41:25,861 - openevolve.llm.ensemble - INFO - Initialized LLM ensemble with models: deepseek (weight: 0.80), deepseek (weight: 0.20)
2025-08-08 02:41:25,861 - openevolve.prompt.sampler - INFO - Set custom templates: system=evaluator_system_message, user=None
2025-08-08 02:41:25,861 - openevolve.database - INFO - Initialized program database with 0 programs
2025-08-08 02:41:25,883 - openevolve.evaluator - INFO - Successfully loaded evaluation function from openevolve_output/level3_30_SwinTransformerV2/evaluation.py
2025-08-08 02:41:25,884 - openevolve.evaluator - INFO - Initialized evaluator with openevolve_output/level3_30_SwinTransformerV2/evaluation.py
2025-08-08 02:41:25,884 - openevolve.controller - INFO - Initialized OpenEvolve with /tmp/22d6e5a8eb09061e2914ac89810e7fec.py
2025-08-08 02:41:25,884 - openevolve.controller - INFO - Adding initial program to database
2025-08-08 02:41:25,884 - openevolve.RemoteSpeedupEvaluator - INFO - [level3_30_SwinTransformerV2] verify_plus payload: reference_code(23171 chars) + custom_code(23292 chars)
2025-08-08 02:41:34,212 - openevolve.RemoteSpeedupEvaluator - INFO - [level3_30_SwinTransformerV2] verify_plus request success
2025-08-08 02:41:34,213 - openevolve.RemoteSpeedupEvaluator - INFO - [level3_30_SwinTransformerV2] verify_plus response: {"id":"level3_30_SwinTransformerV2","result":{"compiled":true,"correctness":true,"metadata":{"hardware":"NVIDIA L20Y","device":"cuda:0","correctness_trials":"(5 / 5)","reference_timing_ms":10.6,"speed_up":0.991,"custom_timing":10.7},"runtime":10.7,"runtime_stats":{"mean":10.7,"std":0.356,"min":10.5,"max":13.3,"num_trials":100,"hardware":"NVIDIA L20Y","device":"cuda:0"}}}
2025-08-08 02:41:34,214 - openevolve.evaluator - INFO - Evaluated program c665b435-c126-4a95-9e82-8f5e06fc984c in 8.33s: compiled=1.0000, correctness=1.0000, stage=reference code, passed=0.0000, score=0.0000, speed_up=1.0000, runtime_ms=10.7000, meta={'hardware': 'NVIDIA L20Y', 'device': 'cuda:0', 'correctness_trials': '(5 / 5)', 'reference_timing_ms': 10.6, 'speed_up': 0.991, 'custom_timing': 10.7}
2025-08-08 02:41:34,214 - openevolve.database - INFO - New MAP-Elites cell occupied: {'score': 0, 'complexity': 9}
2025-08-08 02:41:34,235 - openevolve.threaded_parallel - INFO - Initializing threaded evaluation pool with 3 workers
2025-08-08 02:41:34,235 - openevolve.threaded_parallel - INFO - Started thread pool with 3 threads
2025-08-08 02:41:34,235 - openevolve.threaded_parallel - INFO - Started improved parallel controller
2025-08-08 02:41:34,235 - openevolve.controller - INFO - Using island-based evolution with 3 islands
2025-08-08 02:41:34,235 - openevolve.database - INFO - Island Status:
2025-08-08 02:41:34,235 - openevolve.database - INFO -  * Island 0: 1 programs, best=0.0000, avg=0.0000, diversity=0.00, gen=0 (best: c665b435-c126-4a95-9e82-8f5e06fc984c)
2025-08-08 02:41:34,235 - openevolve.database - INFO -    Island 1: 0 programs, best=0.0000, avg=0.0000, diversity=0.00, gen=0
2025-08-08 02:41:34,235 - openevolve.database - INFO -    Island 2: 0 programs, best=0.0000, avg=0.0000, diversity=0.00, gen=0
2025-08-08 02:41:34,235 - openevolve.threaded_parallel - INFO - Starting improved parallel evolution from iteration 0 for 30 iterations (total: 30)
2025-08-08 02:41:34,368 - openevolve.llm.ensemble - INFO - Initialized LLM ensemble with models: deepseek (weight: 0.80), deepseek (weight: 0.20)
2025-08-08 02:41:34,377 - openevolve.llm.ensemble - INFO - Initialized LLM ensemble with models: deepseek (weight: 0.80), deepseek (weight: 0.20)
2025-08-08 02:41:34,377 - openevolve.llm.ensemble - INFO - Initialized LLM ensemble with models: deepseek (weight: 0.80), deepseek (weight: 0.20)
2025-08-08 02:41:34,500 - openevolve.llm.ensemble - INFO - Initialized LLM ensemble with models: deepseek (weight: 0.80), deepseek (weight: 0.20)
2025-08-08 02:41:34,500 - openevolve.prompt.sampler - INFO - Set custom templates: system=evaluator_system_message, user=None
2025-08-08 02:41:34,502 - openevolve.evaluator - INFO - Successfully loaded evaluation function from openevolve_output/level3_30_SwinTransformerV2/evaluation.py
2025-08-08 02:41:34,503 - openevolve.evaluator - INFO - Initialized evaluator with openevolve_output/level3_30_SwinTransformerV2/evaluation.py
2025-08-08 02:41:34,504 - openevolve.llm.ensemble - INFO - Sampled model: deepseek
2025-08-08 02:41:34,510 - openevolve.llm.ensemble - INFO - Initialized LLM ensemble with models: deepseek (weight: 0.80), deepseek (weight: 0.20)
2025-08-08 02:41:34,511 - openevolve.prompt.sampler - INFO - Set custom templates: system=evaluator_system_message, user=None
2025-08-08 02:41:34,511 - openevolve.llm.ensemble - INFO - Initialized LLM ensemble with models: deepseek (weight: 0.80), deepseek (weight: 0.20)
2025-08-08 02:41:34,511 - openevolve.prompt.sampler - INFO - Set custom templates: system=evaluator_system_message, user=None
2025-08-08 02:41:34,513 - openevolve.evaluator - INFO - Successfully loaded evaluation function from openevolve_output/level3_30_SwinTransformerV2/evaluation.py
2025-08-08 02:41:34,513 - openevolve.evaluator - INFO - Initialized evaluator with openevolve_output/level3_30_SwinTransformerV2/evaluation.py
2025-08-08 02:41:34,513 - openevolve.evaluator - INFO - Successfully loaded evaluation function from openevolve_output/level3_30_SwinTransformerV2/evaluation.py
2025-08-08 02:41:34,514 - openevolve.evaluator - INFO - Initialized evaluator with openevolve_output/level3_30_SwinTransformerV2/evaluation.py
2025-08-08 02:41:34,515 - openevolve.llm.ensemble - INFO - Sampled model: deepseek
2025-08-08 02:41:34,515 - openevolve.llm.ensemble - INFO - Sampled model: deepseek
2025-08-08 03:10:45,340 - openevolve.iteration - WARNING - Iteration 3: Generated code exceeds maximum length (68045 > 60000)
2025-08-08 03:10:45,346 - openevolve.llm.ensemble - INFO - Sampled model: deepseek
2025-08-08 03:10:45,347 - openevolve.threaded_parallel - WARNING - No valid result from iteration 2
2025-08-08 03:11:26,174 - openevolve.RemoteSpeedupEvaluator - INFO - [level3_30_SwinTransformerV2] triton key words check pass
2025-08-08 03:11:26,176 - openevolve.RemoteSpeedupEvaluator - INFO - [level3_30_SwinTransformerV2] verify_plus payload: reference_code(23171 chars) + custom_code(25373 chars)
2025-08-08 03:11:28,702 - openevolve.RemoteSpeedupEvaluator - INFO - [level3_30_SwinTransformerV2] verify_plus request success
2025-08-08 03:11:28,702 - openevolve.RemoteSpeedupEvaluator - INFO - [level3_30_SwinTransformerV2] verify_plus response: {"id":"level3_30_SwinTransformerV2","result":{"compiled":false,"correctness":false,"metadata":{"hardware":"NVIDIA L20Y","device":"cuda:5","compilation_error_name":"builtins.SyntaxError","compilation_error":"'(' was never closed (tmpr_vj3ldw.py, line 151)","reference_timing_ms":10.6,"speed_up":-1.0,"custom_timing":-1.0},"runtime":-1.0,"runtime_stats":{}}}
2025-08-08 03:11:28,702 - openevolve.RemoteSpeedupEvaluator - INFO - [level3_30_SwinTransformerV2] ‚úò compile_error
2025-08-08 03:11:28,702 - openevolve.RemoteSpeedupEvaluator - INFO - [level3_30_SwinTransformerV2_a9ebcd] execute payload: {id:level3_30_SwinTransformerV2_a9ebcd, device_type:NV_LY_20}
2025-08-08 03:11:31,202 - openevolve.RemoteSpeedupEvaluator - INFO - [level3_30_SwinTransformerV2_a9ebcd] execute request success
2025-08-08 03:11:31,203 - openevolve.RemoteSpeedupEvaluator - INFO - [level3_30_SwinTransformerV2_a9ebcd] execute response: {"id":"level3_30_SwinTransformerV2_a9ebcd","exit_code":"1","content":"[Child] ÁªëÂÆö GPU 0, torch sees 1 device(s)\n\n[Exception]\nTraceback (most recent call last):\n  File \"/cpfs01/shared/llm_kernel/hujiakai/KernelLLM/validation_api_server/code_executor.py\", line 71, in _exec_worker\n    exec(textwrap.dedent(code_src), mod.__dict__)\n  File \"<string>\", line 151\n    self.logit_scale = nn.Parameter(torch.log(10 * torch.ones((num_heads, 1, 1)), requires_grad=True)\n                                   ^\nSyntaxError: '(' was never closed\n"}
2025-08-08 03:11:31,203 - openevolve.evaluator - INFO - Evaluated program 63a56e11-c88d-4792-9035-894ada47daed in 5.03s: compiled=0.0000, correctness=0.0000, score=1.0000, stage=compile_error, compile_log=, exec_log=[Child] ÁªëÂÆö GPU 0, torch sees 1 device(s)

[Exception]
Traceback (most recent call last):
  File "/cpfs01/shared/llm_kernel/hujiakai/KernelLLM/validation_api_server/code_executor.py", line 71, in _exec_worker
    exec(textwrap.dedent(code_src), mod.__dict__)
  File "<string>", line 151
    self.logit_scale = nn.Parameter(torch.log(10 * torch.ones((num_heads, 1, 1)), requires_grad=True)
                                   ^
SyntaxError: '(' was never closed
, exit_code=1
2025-08-08 03:11:31,206 - openevolve.llm.ensemble - INFO - Sampled model: deepseek
2025-08-08 03:11:31,211 - openevolve.database - INFO - New MAP-Elites cell occupied: {'score': 9, 'complexity': 9}
2025-08-08 03:11:31,212 - openevolve.database - INFO - New best program 63a56e11-c88d-4792-9035-894ada47daed replaces c665b435-c126-4a95-9e82-8f5e06fc984c
2025-08-08 03:11:31,225 - openevolve.threaded_parallel - INFO - Iteration 1: Program 63a56e11-c88d-4792-9035-894ada47daed (parent: c665b435-c126-4a95-9e82-8f5e06fc984c) completed in 1796.69s
2025-08-08 03:11:31,225 - openevolve.threaded_parallel - INFO - Metrics: compiled=0.0000, correctness=0.0000, score=1.0000, stage=compile_error, compile_log=, exec_log=[Child] ÁªëÂÆö GPU 0, torch sees 1 device(s)

[Exception]
Traceback (most recent call last):
  File "/cpfs01/shared/llm_kernel/hujiakai/KernelLLM/validation_api_server/code_executor.py", line 71, in _exec_worker
    exec(textwrap.dedent(code_src), mod.__dict__)
  File "<string>", line 151
    self.logit_scale = nn.Parameter(torch.log(10 * torch.ones((num_heads, 1, 1)), requires_grad=True)
                                   ^
SyntaxError: '(' was never closed
, exit_code=1
2025-08-08 03:11:31,225 - openevolve.threaded_parallel - INFO - üåü New best solution found at iteration 1: 63a56e11-c88d-4792-9035-894ada47daed
2025-08-08 03:11:52,939 - openevolve.RemoteSpeedupEvaluator - INFO - [level3_30_SwinTransformerV2] triton key words check pass
2025-08-08 03:11:52,939 - openevolve.RemoteSpeedupEvaluator - INFO - [level3_30_SwinTransformerV2] verify_plus payload: reference_code(23171 chars) + custom_code(26838 chars)
2025-08-08 03:11:55,497 - openevolve.RemoteSpeedupEvaluator - INFO - [level3_30_SwinTransformerV2] verify_plus request success
2025-08-08 03:11:55,497 - openevolve.RemoteSpeedupEvaluator - INFO - [level3_30_SwinTransformerV2] verify_plus response: {"id":"level3_30_SwinTransformerV2","result":{"error":"name 'qÊûÅÂÆ¢Êó∂Èó¥_bias' is not defined\nTraceback (most recent call last):\n  File \"/cpfs01/shared/llm_kernel/hujiakai/KernelLLM/validation_api_server/evaluator.py\", line 173, in _verification_worker\n    result: KernelExecResult = eval_kernel_against_ref(\n  File \"/cpfs01/shared/llm_kernel/hujiakai/KernelLLM/validation_api_server/helpers/evaluations.py\", line 484, in eval_kernel_against_ref\n    custom_model = ModelNew(*init_args, **init_kwargs)\n  File \"/tmp/tmphkukf_sx.py\", line 618, in __init__\n    qkv_bias=qÊûÅÂÆ¢Êó∂Èó¥_bias,\nNameError: name 'qÊûÅÂÆ¢Êó∂Èó¥_bias' is not defined\n"}}
2025-08-08 03:11:55,497 - openevolve.RemoteSpeedupEvaluator - INFO - [level3_30_SwinTransformerV2] ‚úò compile_error
2025-08-08 03:11:55,498 - openevolve.RemoteSpeedupEvaluator - INFO - [level3_30_SwinTransformerV2_b4c7a6] execute payload: {id:level3_30_SwinTransformerV2_b4c7a6, device_type:NV_LY_20}
2025-08-08 03:11:57,703 - openevolve.RemoteSpeedupEvaluator - INFO - [level3_30_SwinTransformerV2_b4c7a6] execute request success
2025-08-08 03:11:57,705 - openevolve.RemoteSpeedupEvaluator - INFO - [level3_30_SwinTransformerV2_b4c7a6] execute response: {"id":"level3_30_SwinTransformerV2_b4c7a6","exit_code":"1","content":"[Child] ÁªëÂÆö GPU 5, torch sees 1 device(s)\n\n[Exception]\nTraceback (most recent call last):\n  File \"/cpfs01/shared/llm_kernel/hujiakai/KernelLLM/validation_api_server/code_executor.py\", line 71, in _exec_worker\n    exec(textwrap.dedent(code_src), mod.__dict__)\n  File \"<string>\", line 77, in <module>\n  File \"/home/lijiaxing/.conda/envs/api/lib/python3.10/site-packages/triton/runtime/jit.py\", line 844, in jit\n    return decorator(fn)\n  File \"/home/lijiaxing/.conda/envs/api/lib/python3.10/site-packages/triton/runtime/jit.py\", line 832, in decorator\n    return JITFunction(\n  File \"/home/lijiaxing/.conda/envs/api/lib/python3.10/site-packages/triton/runtime/jit.py\", line 635, in __init__\n    self.starting_li
2025-08-08 03:11:57,705 - openevolve.evaluator - INFO - Evaluated program dae6c779-4fe8-4bbf-9cb1-3c7fcce7dcaa in 4.77s: compiled=0.0000, correctness=0.0000, score=1.0000, stage=compile_error, compile_log=name 'qÊûÅÂÆ¢Êó∂Èó¥_bias' is not defined
Traceback (most recent call last):
  File "/cpfs01/shared/llm_kernel/hujiakai/KernelLLM/validation_api_server/evaluator.py", line 173, in _verification_worker
    result: KernelExecResult = eval_kernel_against_ref(
  File "/cpfs01/shared/llm_kernel/hujiakai/KernelLLM/validation_api_server/helpers/evaluations.py", line 484, in eval_kernel_against_ref
    custom_model = ModelNew(*init_args, **init_kwargs)
  File "/tmp/tmphkukf_sx.py", line 618, in __init__
    qkv_bias=qÊûÅÂÆ¢Êó∂Èó¥_bias,
NameError: name 'qÊûÅÂÆ¢Êó∂Èó¥_bias' is not defined
, exec_log=[Child] ÁªëÂÆö GPU 5, torch sees 1 device(s)

[Exception]
Traceback (most recent call last):
  File "/cpfs01/shared/llm_kernel/hujiakai/KernelLLM/validation_api_server/code_executor.py", line 71, in _exec_worker
    exec(textwrap.dedent(code_src), mod.__dict__)
  File "<string>", line 77, in <module>
  File "/home/lijiaxing/.conda/envs/api/lib/python3.10/site-packages/triton/runtime/jit.py", line 844, in jit
    return decorator(fn)
  File "/home/lijiaxing/.conda/envs/api/lib/python3.10/site-packages/triton/runtime/jit.py", line 832, in decorator
    return JITFunction(
  File "/home/lijiaxing/.conda/envs/api/lib/python3.10/site-packages/triton/runtime/jit.py", line 635, in __init__
    self.starting_line_number = inspect.getsourcelines(fn)[1]
  File "/home/lijiaxing/.conda/envs/api/lib/python3.10/inspect.py", line 1121, in getsourcelines
    lines, lnum = findsource(object)
  File "/home/lijiaxing/.conda/envs/api/lib/python3.10/inspect.py", line 958, in findsource
    raise OSError('could not get source code')
OSError: could not get source code
, exit_code=1
2025-08-08 03:11:57,709 - openevolve.llm.ensemble - INFO - Sampled model: deepseek
2025-08-08 03:11:57,720 - openevolve.threaded_parallel - INFO - Iteration 0: Program dae6c779-4fe8-4bbf-9cb1-3c7fcce7dcaa (parent: c665b435-c126-4a95-9e82-8f5e06fc984c) completed in 1823.20s
2025-08-08 03:11:57,720 - openevolve.threaded_parallel - INFO - Metrics: compiled=0.0000, correctness=0.0000, score=1.0000, stage=compile_error, compile_log=name 'qÊûÅÂÆ¢Êó∂Èó¥_bias' is not defined
Traceback (most recent call last):
  File "/cpfs01/shared/llm_kernel/hujiakai/KernelLLM/validation_api_server/evaluator.py", line 173, in _verification_worker
    result: KernelExecResult = eval_kernel_against_ref(
  File "/cpfs01/shared/llm_kernel/hujiakai/KernelLLM/validation_api_server/helpers/evaluations.py", line 484, in eval_kernel_against_ref
    custom_model = ModelNew(*init_args, **init_kwargs)
  File "/tmp/tmphkukf_sx.py", line 618, in __init__
    qkv_bias=qÊûÅÂÆ¢Êó∂Èó¥_bias,
NameError: name 'qÊûÅÂÆ¢Êó∂Èó¥_bias' is not defined
, exec_log=[Child] ÁªëÂÆö GPU 5, torch sees 1 device(s)

[Exception]
Traceback (most recent call last):
  File "/cpfs01/shared/llm_kernel/hujiakai/KernelLLM/validation_api_server/code_executor.py", line 71, in _exec_worker
    exec(textwrap.dedent(code_src), mod.__dict__)
  File "<string>", line 77, in <module>
  File "/home/lijiaxing/.conda/envs/api/lib/python3.10/site-packages/triton/runtime/jit.py", line 844, in jit
    return decorator(fn)
  File "/home/lijiaxing/.conda/envs/api/lib/python3.10/site-packages/triton/runtime/jit.py", line 832, in decorator
    return JITFunction(
  File "/home/lijiaxing/.conda/envs/api/lib/python3.10/site-packages/triton/runtime/jit.py", line 635, in __init__
    self.starting_line_number = inspect.getsourcelines(fn)[1]
  File "/home/lijiaxing/.conda/envs/api/lib/python3.10/inspect.py", line 1121, in getsourcelines
    lines, lnum = findsource(object)
  File "/home/lijiaxing/.conda/envs/api/lib/python3.10/inspect.py", line 958, in findsource
    raise OSError('could not get source code')
OSError: could not get source code
, exit_code=1
2025-08-08 03:11:57,721 - openevolve.threaded_parallel - INFO - Checkpoint interval reached at iteration 0
2025-08-08 03:11:57,722 - openevolve.database - INFO - Island Status:
2025-08-08 03:11:57,722 - openevolve.database - INFO -  * Island 0: 3 programs, best=1.0000, avg=0.6667, diversity=991.27, gen=2 (best: 63a56e11-c88d-4792-9035-894ada47daed)
2025-08-08 03:11:57,722 - openevolve.database - INFO -    Island 1: 0 programs, best=0.0000, avg=0.0000, diversity=0.00, gen=0
2025-08-08 03:11:57,722 - openevolve.database - INFO -    Island 2: 0 programs, best=0.0000, avg=0.0000, diversity=0.00, gen=0
2025-08-08 03:11:57,770 - openevolve.database - INFO - Saved database with 3 programs to openevolve_output/level3_30_SwinTransformerV2/checkpoints/checkpoint_0
2025-08-08 03:11:57,786 - openevolve.controller - INFO - Saved best program at checkpoint 0 with metrics: compiled=0.0000, correctness=0.0000, score=1.0000, stage=compile_error, compile_log=, exec_log=[Child] ÁªëÂÆö GPU 0, torch sees 1 device(s)

[Exception]
Traceback (most recent call last):
  File "/cpfs01/shared/llm_kernel/hujiakai/KernelLLM/validation_api_server/code_executor.py", line 71, in _exec_worker
    exec(textwrap.dedent(code_src), mod.__dict__)
  File "<string>", line 151
    self.logit_scale = nn.Parameter(torch.log(10 * torch.ones((num_heads, 1, 1)), requires_grad=True)
                                   ^
SyntaxError: '(' was never closed
, exit_code=1
2025-08-08 03:11:57,786 - openevolve.controller - INFO - Saved checkpoint at iteration 0 to openevolve_output/level3_30_SwinTransformerV2/checkpoints/checkpoint_0
2025-08-08 03:16:53,535 - openevolve.RemoteSpeedupEvaluator - INFO - [level3_30_SwinTransformerV2] ‚úò invalid_answer 'import triton' is not found
2025-08-08 03:16:53,538 - openevolve.evaluator - INFO - Evaluated program 1e7b2b5b-5a34-4beb-9e53-ea1aba0c76d0 in 0.00s: compiled=0.0000, correctness=0.0000, score=-100.0000, stage=no_valid_triton_code, feedback=You need to generate real and valid triton code for the core function. The key word 'import triton' is not found.
2025-08-08 03:16:53,541 - openevolve.llm.ensemble - INFO - Sampled model: deepseek
2025-08-08 03:16:53,544 - openevolve.database - INFO - New MAP-Elites cell occupied: {'score': -1000, 'complexity': 0}
2025-08-08 03:16:53,594 - openevolve.threaded_parallel - INFO - Iteration 5: Program 1e7b2b5b-5a34-4beb-9e53-ea1aba0c76d0 (parent: c665b435-c126-4a95-9e82-8f5e06fc984c) completed in 295.83s
2025-08-08 03:16:53,594 - openevolve.threaded_parallel - INFO - Metrics: compiled=0.0000, correctness=0.0000, score=-100.0000, stage=no_valid_triton_code, feedback=You need to generate real and valid triton code for the core function. The key word 'import triton' is not found.
2025-08-08 03:17:01,422 - openevolve.RemoteSpeedupEvaluator - INFO - [level3_30_SwinTransformerV2] ‚úò invalid_answer 'import triton' is not found
2025-08-08 03:17:01,422 - openevolve.evaluator - INFO - Evaluated program 082c3956-b274-44ca-865c-bea10fc43597 in 0.00s: compiled=0.0000, correctness=0.0000, score=-100.0000, stage=no_valid_triton_code, feedback=You need to generate real and valid triton code for the core function. The key word 'import triton' is not found.
2025-08-08 03:17:01,428 - openevolve.llm.ensemble - INFO - Sampled model: deepseek
2025-08-08 03:17:01,436 - openevolve.threaded_parallel - INFO - Iteration 6: Program 082c3956-b274-44ca-865c-bea10fc43597 (parent: c665b435-c126-4a95-9e82-8f5e06fc984c) completed in 7.88s
2025-08-08 03:17:01,436 - openevolve.threaded_parallel - INFO - Metrics: compiled=0.0000, correctness=0.0000, score=-100.0000, stage=no_valid_triton_code, feedback=You need to generate real and valid triton code for the core function. The key word 'import triton' is not found.
2025-08-08 03:17:01,436 - openevolve.threaded_parallel - INFO - Checkpoint interval reached at iteration 6
2025-08-08 03:17:01,440 - openevolve.database - INFO - Island Status:
2025-08-08 03:17:01,440 - openevolve.database - INFO -    Island 0: 4 programs, best=1.0000, avg=-24.5000, diversity=3402.25, gen=2 (best: 63a56e11-c88d-4792-9035-894ada47daed)
2025-08-08 03:17:01,440 - openevolve.database - INFO -    Island 1: 1 programs, best=-100.0000, avg=-100.0000, diversity=0.00, gen=1 (best: 082c3956-b274-44ca-865c-bea10fc43597)
2025-08-08 03:17:01,440 - openevolve.database - INFO -  * Island 2: 0 programs, best=0.0000, avg=0.0000, diversity=0.00, gen=1
2025-08-08 03:17:01,508 - openevolve.database - INFO - Saved database with 5 programs to openevolve_output/level3_30_SwinTransformerV2/checkpoints/checkpoint_6
2025-08-08 03:17:01,524 - openevolve.controller - INFO - Saved best program at checkpoint 6 with metrics: compiled=0.0000, correctness=0.0000, score=1.0000, stage=compile_error, compile_log=, exec_log=[Child] ÁªëÂÆö GPU 0, torch sees 1 device(s)

[Exception]
Traceback (most recent call last):
  File "/cpfs01/shared/llm_kernel/hujiakai/KernelLLM/validation_api_server/code_executor.py", line 71, in _exec_worker
    exec(textwrap.dedent(code_src), mod.__dict__)
  File "<string>", line 151
    self.logit_scale = nn.Parameter(torch.log(10 * torch.ones((num_heads, 1, 1)), requires_grad=True)
                                   ^
SyntaxError: '(' was never closed
, exit_code=1
2025-08-08 03:17:01,525 - openevolve.controller - INFO - Saved checkpoint at iteration 6 to openevolve_output/level3_30_SwinTransformerV2/checkpoints/checkpoint_6
2025-08-08 03:17:09,110 - openevolve.RemoteSpeedupEvaluator - INFO - [level3_30_SwinTransformerV2] ‚úò invalid_answer 'import triton' is not found
2025-08-08 03:17:09,110 - openevolve.evaluator - INFO - Evaluated program 00d7f8b4-a0fc-41b6-916b-9036615cb8ef in 0.00s: compiled=0.0000, correctness=0.0000, score=-100.0000, stage=no_valid_triton_code, feedback=You need to generate real and valid triton code for the core function. The key word 'import triton' is not found.
2025-08-08 03:17:09,113 - openevolve.llm.ensemble - INFO - Sampled model: deepseek
2025-08-08 03:17:09,118 - openevolve.threaded_parallel - INFO - Iteration 7: Program 00d7f8b4-a0fc-41b6-916b-9036615cb8ef (parent: dae6c779-4fe8-4bbf-9cb1-3c7fcce7dcaa) completed in 7.68s
2025-08-08 03:17:09,118 - openevolve.threaded_parallel - INFO - Metrics: compiled=0.0000, correctness=0.0000, score=-100.0000, stage=no_valid_triton_code, feedback=You need to generate real and valid triton code for the core function. The key word 'import triton' is not found.
2025-08-08 03:31:26,278 - openevolve.RemoteSpeedupEvaluator - INFO - [level3_30_SwinTransformerV2] ‚úò invalid_answer 'import triton' is not found
2025-08-08 03:31:26,280 - openevolve.evaluator - INFO - Evaluated program 8466ae37-01e1-4223-810e-47011b9a626e in 0.00s: compiled=0.0000, correctness=0.0000, score=-100.0000, stage=no_valid_triton_code, feedback=You need to generate real and valid triton code for the core function. The key word 'import triton' is not found.
2025-08-08 03:31:26,285 - openevolve.database - INFO - New MAP-Elites cell occupied: {'score': -1000, 'complexity': 8}
2025-08-08 03:31:26,286 - openevolve.llm.ensemble - INFO - Sampled model: deepseek
2025-08-08 03:31:26,298 - openevolve.threaded_parallel - INFO - Iteration 3: Program 8466ae37-01e1-4223-810e-47011b9a626e (parent: c665b435-c126-4a95-9e82-8f5e06fc984c) completed in 1240.93s
2025-08-08 03:31:26,298 - openevolve.threaded_parallel - INFO - Metrics: compiled=0.0000, correctness=0.0000, score=-100.0000, stage=no_valid_triton_code, feedback=You need to generate real and valid triton code for the core function. The key word 'import triton' is not found.
2025-08-08 03:31:26,298 - openevolve.threaded_parallel - INFO - Checkpoint interval reached at iteration 3
2025-08-08 03:31:26,301 - openevolve.database - INFO - Island Status:
2025-08-08 03:31:26,301 - openevolve.database - INFO -    Island 0: 5 programs, best=1.0000, avg=-39.6000, diversity=3989.72, gen=3 (best: 63a56e11-c88d-4792-9035-894ada47daed)
2025-08-08 03:31:26,302 - openevolve.database - INFO -  * Island 1: 1 programs, best=-100.0000, avg=-100.0000, diversity=0.00, gen=2 (best: 082c3956-b274-44ca-865c-bea10fc43597)
2025-08-08 03:31:26,302 - openevolve.database - INFO -    Island 2: 2 programs, best=1.0000, avg=-49.5000, diversity=8476.80, gen=1 (best: 00d7f8b4-a0fc-41b6-916b-9036615cb8ef)
2025-08-08 03:31:26,391 - openevolve.database - INFO - Saved database with 7 programs to openevolve_output/level3_30_SwinTransformerV2/checkpoints/checkpoint_3
2025-08-08 03:31:26,406 - openevolve.controller - INFO - Saved best program at checkpoint 3 with metrics: compiled=0.0000, correctness=0.0000, score=1.0000, stage=compile_error, compile_log=, exec_log=[Child] ÁªëÂÆö GPU 0, torch sees 1 device(s)

[Exception]
Traceback (most recent call last):
  File "/cpfs01/shared/llm_kernel/hujiakai/KernelLLM/validation_api_server/code_executor.py", line 71, in _exec_worker
    exec(textwrap.dedent(code_src), mod.__dict__)
  File "<string>", line 151
    self.logit_scale = nn.Parameter(torch.log(10 * torch.ones((num_heads, 1, 1)), requires_grad=True)
                                   ^
SyntaxError: '(' was never closed
, exit_code=1
2025-08-08 03:31:26,407 - openevolve.controller - INFO - Saved checkpoint at iteration 3 to openevolve_output/level3_30_SwinTransformerV2/checkpoints/checkpoint_3
2025-08-08 03:31:33,970 - openevolve.RemoteSpeedupEvaluator - INFO - [level3_30_SwinTransformerV2] ‚úò invalid_answer 'import triton' is not found
2025-08-08 03:31:33,971 - openevolve.evaluator - INFO - Evaluated program 78255242-a795-4d7f-90e7-107012137f46 in 0.00s: compiled=0.0000, correctness=0.0000, score=-100.0000, stage=no_valid_triton_code, feedback=You need to generate real and valid triton code for the core function. The key word 'import triton' is not found.
2025-08-08 03:31:33,973 - openevolve.llm.ensemble - INFO - Sampled model: deepseek
2025-08-08 03:31:34,006 - openevolve.threaded_parallel - INFO - Iteration 9: Program 78255242-a795-4d7f-90e7-107012137f46 (parent: 1e7b2b5b-5a34-4beb-9e53-ea1aba0c76d0) completed in 7.69s
2025-08-08 03:31:34,006 - openevolve.threaded_parallel - INFO - Metrics: compiled=0.0000, correctness=0.0000, score=-100.0000, stage=no_valid_triton_code, feedback=You need to generate real and valid triton code for the core function. The key word 'import triton' is not found.
2025-08-08 03:31:34,006 - openevolve.threaded_parallel - INFO - Checkpoint interval reached at iteration 9
2025-08-08 03:31:34,009 - openevolve.database - INFO - Island Status:
2025-08-08 03:31:34,009 - openevolve.database - INFO -    Island 0: 5 programs, best=1.0000, avg=-39.6000, diversity=3989.72, gen=3 (best: 63a56e11-c88d-4792-9035-894ada47daed)
2025-08-08 03:31:34,009 - openevolve.database - INFO -    Island 1: 2 programs, best=-100.0000, avg=-100.0000, diversity=34.90, gen=2 (best: 082c3956-b274-44ca-865c-bea10fc43597)
2025-08-08 03:31:34,009 - openevolve.database - INFO -  * Island 2: 2 programs, best=1.0000, avg=-49.5000, diversity=8476.80, gen=2 (best: 00d7f8b4-a0fc-41b6-916b-9036615cb8ef)
2025-08-08 03:31:34,145 - openevolve.database - INFO - Saved database with 8 programs to openevolve_output/level3_30_SwinTransformerV2/checkpoints/checkpoint_9
2025-08-08 03:31:34,162 - openevolve.controller - INFO - Saved best program at checkpoint 9 with metrics: compiled=0.0000, correctness=0.0000, score=1.0000, stage=compile_error, compile_log=, exec_log=[Child] ÁªëÂÆö GPU 0, torch sees 1 device(s)

[Exception]
Traceback (most recent call last):
  File "/cpfs01/shared/llm_kernel/hujiakai/KernelLLM/validation_api_server/code_executor.py", line 71, in _exec_worker
    exec(textwrap.dedent(code_src), mod.__dict__)
  File "<string>", line 151
    self.logit_scale = nn.Parameter(torch.log(10 * torch.ones((num_heads, 1, 1)), requires_grad=True)
                                   ^
SyntaxError: '(' was never closed
, exit_code=1
2025-08-08 03:31:34,162 - openevolve.controller - INFO - Saved checkpoint at iteration 9 to openevolve_output/level3_30_SwinTransformerV2/checkpoints/checkpoint_9
2025-08-08 03:34:53,615 - openevolve.RemoteSpeedupEvaluator - INFO - [level3_30_SwinTransformerV2] triton key words check pass
2025-08-08 03:34:53,617 - openevolve.RemoteSpeedupEvaluator - INFO - [level3_30_SwinTransformerV2] verify_plus payload: reference_code(23171 chars) + custom_code(25374 chars)
2025-08-08 03:34:56,198 - openevolve.RemoteSpeedupEvaluator - INFO - [level3_30_SwinTransformerV2] verify_plus request success
2025-08-08 03:34:56,199 - openevolve.RemoteSpeedupEvaluator - INFO - [level3_30_SwinTransformerV2] verify_plus response: {"id":"level3_30_SwinTransformerV2","result":{"compiled":false,"correctness":false,"metadata":{"hardware":"NVIDIA L20Y","device":"cuda:5","compilation_error_name":"builtins.SyntaxError","compilation_error":"invalid syntax (tmp530awscw.py, line 28)","reference_timing_ms":10.6,"speed_up":-1.0,"custom_timing":-1.0},"runtime":-1.0,"runtime_stats":{}}}
2025-08-08 03:34:56,199 - openevolve.RemoteSpeedupEvaluator - INFO - [level3_30_SwinTransformerV2] ‚úò compile_error
2025-08-08 03:34:56,199 - openevolve.RemoteSpeedupEvaluator - INFO - [level3_30_SwinTransformerV2_5b44fd] execute payload: {id:level3_30_SwinTransformerV2_5b44fd, device_type:NV_LY_20}
2025-08-08 03:34:58,256 - openevolve.RemoteSpeedupEvaluator - INFO - [level3_30_SwinTransformerV2_5b44fd] execute request success
2025-08-08 03:34:58,256 - openevolve.RemoteSpeedupEvaluator - INFO - [level3_30_SwinTransformerV2_5b44fd] execute response: {"id":"level3_30_SwinTransformerV2_5b44fd","exit_code":"1","content":"[Child] ÁªëÂÆö GPU 7, torch sees 1 device(s)\n\n[Exception]\nTraceback (most recent call last):\n  File \"/cpfs01/shared/llm_kernel/hujiakai/KernelLLM/validation_api_server/code_executor.py\", line 71, in _exec_worker\n    exec(textwrap.dedent(code_src), mod.__dict__)\n  File \"<string>\", line 28\n    q_ptr,ÊûÅ k_ptr, v_ptr, output_ptr,\n            ^^^^^\nSyntaxError: invalid syntax\n"}
2025-08-08 03:34:58,257 - openevolve.evaluator - INFO - Evaluated program c81510fb-40d6-4c35-a18c-a045aa95a8ea in 4.64s: compiled=0.0000, correctness=0.0000, score=1.0000, stage=compile_error, compile_log=, exec_log=[Child] ÁªëÂÆö GPU 7, torch sees 1 device(s)

[Exception]
Traceback (most recent call last):
  File "/cpfs01/shared/llm_kernel/hujiakai/KernelLLM/validation_api_server/code_executor.py", line 71, in _exec_worker
    exec(textwrap.dedent(code_src), mod.__dict__)
  File "<string>", line 28
    q_ptr,ÊûÅ k_ptr, v_ptr, output_ptr,
            ^^^^^
SyntaxError: invalid syntax
, exit_code=1
2025-08-08 03:34:58,260 - openevolve.llm.ensemble - INFO - Sampled model: deepseek
2025-08-08 03:34:58,272 - openevolve.threaded_parallel - INFO - Iteration 8: Program c81510fb-40d6-4c35-a18c-a045aa95a8ea (parent: 63a56e11-c88d-4792-9035-894ada47daed) completed in 1069.14s
2025-08-08 03:34:58,272 - openevolve.threaded_parallel - INFO - Metrics: compiled=0.0000, correctness=0.0000, score=1.0000, stage=compile_error, compile_log=, exec_log=[Child] ÁªëÂÆö GPU 7, torch sees 1 device(s)

[Exception]
Traceback (most recent call last):
  File "/cpfs01/shared/llm_kernel/hujiakai/KernelLLM/validation_api_server/code_executor.py", line 71, in _exec_worker
    exec(textwrap.dedent(code_src), mod.__dict__)
  File "<string>", line 28
    q_ptr,ÊûÅ k_ptr, v_ptr, output_ptr,
            ^^^^^
SyntaxError: invalid syntax
, exit_code=1
2025-08-08 03:41:48,422 - openevolve.iteration - WARNING - Iteration 5: Generated code exceeds maximum length (65811 > 60000)
2025-08-08 03:41:48,428 - openevolve.llm.ensemble - INFO - Sampled model: deepseek
2025-08-08 03:41:48,431 - openevolve.threaded_parallel - WARNING - No valid result from iteration 4
2025-08-08 03:41:56,457 - openevolve.RemoteSpeedupEvaluator - INFO - [level3_30_SwinTransformerV2] ‚úò invalid_answer 'import triton' is not found
2025-08-08 03:41:56,458 - openevolve.evaluator - INFO - Evaluated program 9b62c047-9efd-4361-8814-90bcfd350ff2 in 0.00s: compiled=0.0000, correctness=0.0000, score=-100.0000, stage=no_valid_triton_code, feedback=You need to generate real and valid triton code for the core function. The key word 'import triton' is not found.
2025-08-08 03:41:56,465 - openevolve.llm.ensemble - INFO - Sampled model: deepseek
2025-08-08 03:41:56,470 - openevolve.threaded_parallel - INFO - Iteration 12: Program 9b62c047-9efd-4361-8814-90bcfd350ff2 (parent: 8466ae37-01e1-4223-810e-47011b9a626e) completed in 8.03s
2025-08-08 03:41:56,470 - openevolve.threaded_parallel - INFO - Metrics: compiled=0.0000, correctness=0.0000, score=-100.0000, stage=no_valid_triton_code, feedback=You need to generate real and valid triton code for the core function. The key word 'import triton' is not found.
2025-08-08 03:41:56,470 - openevolve.threaded_parallel - INFO - Checkpoint interval reached at iteration 12
2025-08-08 03:41:56,473 - openevolve.database - INFO - Island Status:
2025-08-08 03:41:56,473 - openevolve.database - INFO -    Island 0: 6 programs, best=1.0000, avg=-49.6667, diversity=4642.97, gen=4 (best: 63a56e11-c88d-4792-9035-894ada47daed)
2025-08-08 03:41:56,473 - openevolve.database - INFO -  * Island 1: 2 programs, best=-100.0000, avg=-100.0000, diversity=34.90, gen=3 (best: 082c3956-b274-44ca-865c-bea10fc43597)
2025-08-08 03:41:56,474 - openevolve.database - INFO -    Island 2: 3 programs, best=1.0000, avg=-32.6667, diversity=5651.27, gen=2 (best: c81510fb-40d6-4c35-a18c-a045aa95a8ea)
2025-08-08 03:41:56,629 - openevolve.database - INFO - Saved database with 10 programs to openevolve_output/level3_30_SwinTransformerV2/checkpoints/checkpoint_12
2025-08-08 03:41:56,650 - openevolve.controller - INFO - Saved best program at checkpoint 12 with metrics: compiled=0.0000, correctness=0.0000, score=1.0000, stage=compile_error, compile_log=, exec_log=[Child] ÁªëÂÆö GPU 0, torch sees 1 device(s)

[Exception]
Traceback (most recent call last):
  File "/cpfs01/shared/llm_kernel/hujiakai/KernelLLM/validation_api_server/code_executor.py", line 71, in _exec_worker
    exec(textwrap.dedent(code_src), mod.__dict__)
  File "<string>", line 151
    self.logit_scale = nn.Parameter(torch.log(10 * torch.ones((num_heads, 1, 1)), requires_grad=True)
                                   ^
SyntaxError: '(' was never closed
, exit_code=1
2025-08-08 03:41:56,650 - openevolve.controller - INFO - Saved checkpoint at iteration 12 to openevolve_output/level3_30_SwinTransformerV2/checkpoints/checkpoint_12
2025-08-08 03:42:04,407 - openevolve.RemoteSpeedupEvaluator - INFO - [level3_30_SwinTransformerV2] ‚úò invalid_answer 'import triton' is not found
2025-08-08 03:42:04,407 - openevolve.evaluator - INFO - Evaluated program 35a26075-9f06-4f73-b54d-f2d27b6e5c4e in 0.00s: compiled=0.0000, correctness=0.0000, score=-100.0000, stage=no_valid_triton_code, feedback=You need to generate real and valid triton code for the core function. The key word 'import triton' is not found.
2025-08-08 03:42:04,411 - openevolve.llm.ensemble - INFO - Sampled model: deepseek
2025-08-08 03:42:04,425 - openevolve.threaded_parallel - INFO - Iteration 13: Program 35a26075-9f06-4f73-b54d-f2d27b6e5c4e (parent: c665b435-c126-4a95-9e82-8f5e06fc984c) completed in 7.94s
2025-08-08 03:42:04,425 - openevolve.threaded_parallel - INFO - Metrics: compiled=0.0000, correctness=0.0000, score=-100.0000, stage=no_valid_triton_code, feedback=You need to generate real and valid triton code for the core function. The key word 'import triton' is not found.
2025-08-08 03:44:43,757 - openevolve.RemoteSpeedupEvaluator - INFO - [level3_30_SwinTransformerV2] triton key words check pass
2025-08-08 03:44:43,759 - openevolve.RemoteSpeedupEvaluator - INFO - [level3_30_SwinTransformerV2] verify_plus payload: reference_code(23171 chars) + custom_code(18139 chars)
2025-08-08 03:44:46,363 - openevolve.RemoteSpeedupEvaluator - INFO - [level3_30_SwinTransformerV2] verify_plus request success
2025-08-08 03:44:46,364 - openevolve.RemoteSpeedupEvaluator - INFO - [level3_30_SwinTransformerV2] verify_plus response: {"id":"level3_30_SwinTransformerV2","result":{"compiled":false,"correctness":false,"metadata":{"hardware":"NVIDIA L20Y","device":"cuda:5","compilation_error_name":"builtins.NameError","compilation_error":"name 'ÊûÅnn' is not defined","reference_timing_ms":10.6,"speed_up":-1.0,"custom_timing":-1.0},"runtime":-1.0,"runtime_stats":{}}}
2025-08-08 03:44:46,364 - openevolve.RemoteSpeedupEvaluator - INFO - [level3_30_SwinTransformerV2] ‚úò compile_error
2025-08-08 03:44:46,364 - openevolve.RemoteSpeedupEvaluator - INFO - [level3_30_SwinTransformerV2_e0c627] execute payload: {id:level3_30_SwinTransformerV2_e0c627, device_type:NV_LY_20}
2025-08-08 03:44:48,555 - openevolve.RemoteSpeedupEvaluator - INFO - [level3_30_SwinTransformerV2_e0c627] execute request success
2025-08-08 03:44:48,555 - openevolve.RemoteSpeedupEvaluator - INFO - [level3_30_SwinTransformerV2_e0c627] execute response: {"id":"level3_30_SwinTransformerV2_e0c627","exit_code":"1","content":"[Child] ÁªëÂÆö GPU 6, torch sees 1 device(s)\n\n[Exception]\nTraceback (most recent call last):\n  File \"/cpfs01/shared/llm_kernel/hujiakai/KernelLLM/validation_api_server/code_executor.py\", line 71, in _exec_worker\n    exec(textwrap.dedent(code_src), mod.__dict__)\n  File \"<string>\", line 20, in <module>\n  File \"/home/lijiaxing/.conda/envs/api/lib/python3.10/site-packages/triton/runtime/jit.py\", line 844, in jit\n    return decorator(fn)\n  File \"/home/lijiaxing/.conda/envs/api/lib/python3.10/site-packages/triton/runtime/jit.py\", line 832, in decorator\n    return JITFunction(\n  File \"/home/lijiaxing/.conda/envs/api/lib/python3.10/site-packages/triton/runtime/jit.py\", line 635, in __init__\n    self.starting_li
2025-08-08 03:44:48,556 - openevolve.evaluator - INFO - Evaluated program 183eca44-8d12-464f-aaad-cabb22399fdb in 4.80s: compiled=0.0000, correctness=0.0000, score=1.0000, stage=compile_error, compile_log=, exec_log=[Child] ÁªëÂÆö GPU 6, torch sees 1 device(s)

[Exception]
Traceback (most recent call last):
  File "/cpfs01/shared/llm_kernel/hujiakai/KernelLLM/validation_api_server/code_executor.py", line 71, in _exec_worker
    exec(textwrap.dedent(code_src), mod.__dict__)
  File "<string>", line 20, in <module>
  File "/home/lijiaxing/.conda/envs/api/lib/python3.10/site-packages/triton/runtime/jit.py", line 844, in jit
    return decorator(fn)
  File "/home/lijiaxing/.conda/envs/api/lib/python3.10/site-packages/triton/runtime/jit.py", line 832, in decorator
    return JITFunction(
  File "/home/lijiaxing/.conda/envs/api/lib/python3.10/site-packages/triton/runtime/jit.py", line 635, in __init__
    self.starting_line_number = inspect.getsourcelines(fn)[1]
  File "/home/lijiaxing/.conda/envs/api/lib/python3.10/inspect.py", line 1121, in getsourcelines
    lines, lnum = findsource(object)
  File "/home/lijiaxing/.conda/envs/api/lib/python3.10/inspect.py", line 958, in findsource
    raise OSError('could not get source code')
OSError: could not get source code
, exit_code=1
2025-08-08 03:44:48,560 - openevolve.llm.ensemble - INFO - Sampled model: deepseek
2025-08-08 03:44:48,563 - openevolve.database - INFO - New MAP-Elites cell occupied: {'score': 9, 'complexity': 6}
2025-08-08 03:44:48,575 - openevolve.threaded_parallel - INFO - Iteration 11: Program 183eca44-8d12-464f-aaad-cabb22399fdb (parent: 00d7f8b4-a0fc-41b6-916b-9036615cb8ef) completed in 590.30s
2025-08-08 03:44:48,575 - openevolve.threaded_parallel - INFO - Metrics: compiled=0.0000, correctness=0.0000, score=1.0000, stage=compile_error, compile_log=, exec_log=[Child] ÁªëÂÆö GPU 6, torch sees 1 device(s)

[Exception]
Traceback (most recent call last):
  File "/cpfs01/shared/llm_kernel/hujiakai/KernelLLM/validation_api_server/code_executor.py", line 71, in _exec_worker
    exec(textwrap.dedent(code_src), mod.__dict__)
  File "<string>", line 20, in <module>
  File "/home/lijiaxing/.conda/envs/api/lib/python3.10/site-packages/triton/runtime/jit.py", line 844, in jit
    return decorator(fn)
  File "/home/lijiaxing/.conda/envs/api/lib/python3.10/site-packages/triton/runtime/jit.py", line 832, in decorator
    return JITFunction(
  File "/home/lijiaxing/.conda/envs/api/lib/python3.10/site-packages/triton/runtime/jit.py", line 635, in __init__
    self.starting_line_number = inspect.getsourcelines(fn)[1]
  File "/home/lijiaxing/.conda/envs/api/lib/python3.10/inspect.py", line 1121, in getsourcelines
    lines, lnum = findsource(object)
  File "/home/lijiaxing/.conda/envs/api/lib/python3.10/inspect.py", line 958, in findsource
    raise OSError('could not get source code')
OSError: could not get source code
, exit_code=1
2025-08-08 03:45:06,750 - openevolve.RemoteSpeedupEvaluator - INFO - [level3_30_SwinTransformerV2] triton key words check pass
2025-08-08 03:45:06,751 - openevolve.RemoteSpeedupEvaluator - INFO - [level3_30_SwinTransformerV2] verify_plus payload: reference_code(23171 chars) + custom_code(1875 chars)
2025-08-08 03:45:09,336 - openevolve.RemoteSpeedupEvaluator - INFO - [level3_30_SwinTransformerV2] verify_plus request success
2025-08-08 03:45:09,336 - openevolve.RemoteSpeedupEvaluator - INFO - [level3_30_SwinTransformerV2] verify_plus response: {"id":"level3_30_SwinTransformerV2","result":{"error":"\nTraceback (most recent call last):\n  File \"/cpfs01/shared/llm_kernel/hujiakai/KernelLLM/validation_api_server/evaluator.py\", line 173, in _verification_worker\n    result: KernelExecResult = eval_kernel_against_ref(\n  File \"/cpfs01/shared/llm_kernel/hujiakai/KernelLLM/validation_api_server/helpers/evaluations.py\", line 485, in eval_kernel_against_ref\n    assert hasattr(custom_model, \"forward\")\nAssertionError\n"}}
2025-08-08 03:45:09,337 - openevolve.RemoteSpeedupEvaluator - INFO - [level3_30_SwinTransformerV2] ‚úò compile_error
2025-08-08 03:45:09,337 - openevolve.RemoteSpeedupEvaluator - INFO - [level3_30_SwinTransformerV2_dde194] execute payload: {id:level3_30_SwinTransformerV2_dde194, device_type:NV_LY_20}
2025-08-08 03:45:11,681 - openevolve.RemoteSpeedupEvaluator - INFO - [level3_30_SwinTransformerV2_dde194] execute request success
2025-08-08 03:45:11,682 - openevolve.RemoteSpeedupEvaluator - INFO - [level3_30_SwinTransformerV2_dde194] execute response: {"id":"level3_30_SwinTransformerV2_dde194","exit_code":"1","content":"[Child] ÁªëÂÆö GPU 1, torch sees 1 device(s)\n\n[Exception]\nTraceback (most recent call last):\n  File \"/cpfs01/shared/llm_kernel/hujiakai/KernelLLM/validation_api_server/code_executor.py\", line 71, in _exec_worker\n    exec(textwrap.dedent(code_src), mod.__dict__)\n  File \"<string>\", line 25, in <module>\n  File \"/home/lijiaxing/.conda/envs/api/lib/python3.10/site-packages/triton/runtime/jit.py\", line 844, in jit\n    return decorator(fn)\n  File \"/home/lijiaxing/.conda/envs/api/lib/python3.10/site-packages/triton/runtime/jit.py\", line 832, in decorator\n    return JITFunction(\n  File \"/home/lijiaxing/.conda/envs/api/lib/python3.10/site-packages/triton/runtime/jit.py\", line 635, in __init__\n    self.starting_li
2025-08-08 03:45:11,682 - openevolve.evaluator - INFO - Evaluated program 5580b651-c253-40e8-b01a-d6cc17918f53 in 4.93s: compiled=0.0000, correctness=0.0000, score=1.0000, stage=compile_error, compile_log=
Traceback (most recent call last):
  File "/cpfs01/shared/llm_kernel/hujiakai/KernelLLM/validation_api_server/evaluator.py", line 173, in _verification_worker
    result: KernelExecResult = eval_kernel_against_ref(
  File "/cpfs01/shared/llm_kernel/hujiakai/KernelLLM/validation_api_server/helpers/evaluations.py", line 485, in eval_kernel_against_ref
    assert hasattr(custom_model, "forward")
AssertionError
, exec_log=[Child] ÁªëÂÆö GPU 1, torch sees 1 device(s)

[Exception]
Traceback (most recent call last):
  File "/cpfs01/shared/llm_kernel/hujiakai/KernelLLM/validation_api_server/code_executor.py", line 71, in _exec_worker
    exec(textwrap.dedent(code_src), mod.__dict__)
  File "<string>", line 25, in <module>
  File "/home/lijiaxing/.conda/envs/api/lib/python3.10/site-packages/triton/runtime/jit.py", line 844, in jit
    return decorator(fn)
  File "/home/lijiaxing/.conda/envs/api/lib/python3.10/site-packages/triton/runtime/jit.py", line 832, in decorator
    return JITFunction(
  File "/home/lijiaxing/.conda/envs/api/lib/python3.10/site-packages/triton/runtime/jit.py", line 635, in __init__
    self.starting_line_number = inspect.getsourcelines(fn)[1]
  File "/home/lijiaxing/.conda/envs/api/lib/python3.10/inspect.py", line 1121, in getsourcelines
    lines, lnum = findsource(object)
  File "/home/lijiaxing/.conda/envs/api/lib/python3.10/inspect.py", line 958, in findsource
    raise OSError('could not get source code')
OSError: could not get source code
, exit_code=1
2025-08-08 03:45:11,686 - openevolve.database - INFO - New MAP-Elites cell occupied: {'score': 9, 'complexity': 0}
2025-08-08 03:45:11,689 - openevolve.llm.ensemble - INFO - Sampled model: deepseek
2025-08-08 03:45:11,697 - openevolve.threaded_parallel - INFO - Iteration 10: Program 5580b651-c253-40e8-b01a-d6cc17918f53 (parent: 082c3956-b274-44ca-865c-bea10fc43597) completed in 817.71s
2025-08-08 03:45:11,697 - openevolve.threaded_parallel - INFO - Metrics: compiled=0.0000, correctness=0.0000, score=1.0000, stage=compile_error, compile_log=
Traceback (most recent call last):
  File "/cpfs01/shared/llm_kernel/hujiakai/KernelLLM/validation_api_server/evaluator.py", line 173, in _verification_worker
    result: KernelExecResult = eval_kernel_against_ref(
  File "/cpfs01/shared/llm_kernel/hujiakai/KernelLLM/validation_api_server/helpers/evaluations.py", line 485, in eval_kernel_against_ref
    assert hasattr(custom_model, "forward")
AssertionError
, exec_log=[Child] ÁªëÂÆö GPU 1, torch sees 1 device(s)

[Exception]
Traceback (most recent call last):
  File "/cpfs01/shared/llm_kernel/hujiakai/KernelLLM/validation_api_server/code_executor.py", line 71, in _exec_worker
    exec(textwrap.dedent(code_src), mod.__dict__)
  File "<string>", line 25, in <module>
  File "/home/lijiaxing/.conda/envs/api/lib/python3.10/site-packages/triton/runtime/jit.py", line 844, in jit
    return decorator(fn)
  File "/home/lijiaxing/.conda/envs/api/lib/python3.10/site-packages/triton/runtime/jit.py", line 832, in decorator
    return JITFunction(
  File "/home/lijiaxing/.conda/envs/api/lib/python3.10/site-packages/triton/runtime/jit.py", line 635, in __init__
    self.starting_line_number = inspect.getsourcelines(fn)[1]
  File "/home/lijiaxing/.conda/envs/api/lib/python3.10/inspect.py", line 1121, in getsourcelines
    lines, lnum = findsource(object)
  File "/home/lijiaxing/.conda/envs/api/lib/python3.10/inspect.py", line 958, in findsource
    raise OSError('could not get source code')
OSError: could not get source code
, exit_code=1
2025-08-08 03:45:19,587 - openevolve.RemoteSpeedupEvaluator - INFO - [level3_30_SwinTransformerV2] ‚úò invalid_answer 'import triton' is not found
2025-08-08 03:45:19,588 - openevolve.evaluator - INFO - Evaluated program 204ef975-48c7-4e9e-af59-1539d63b9fc0 in 0.00s: compiled=0.0000, correctness=0.0000, score=-100.0000, stage=no_valid_triton_code, feedback=You need to generate real and valid triton code for the core function. The key word 'import triton' is not found.
2025-08-08 03:45:19,591 - openevolve.llm.ensemble - INFO - Sampled model: deepseek
2025-08-08 03:45:19,602 - openevolve.threaded_parallel - INFO - Iteration 16: Program 204ef975-48c7-4e9e-af59-1539d63b9fc0 (parent: 1e7b2b5b-5a34-4beb-9e53-ea1aba0c76d0) completed in 7.90s
2025-08-08 03:45:19,602 - openevolve.threaded_parallel - INFO - Metrics: compiled=0.0000, correctness=0.0000, score=-100.0000, stage=no_valid_triton_code, feedback=You need to generate real and valid triton code for the core function. The key word 'import triton' is not found.
2025-08-08 03:46:06,482 - openevolve.RemoteSpeedupEvaluator - INFO - [level3_30_SwinTransformerV2] ‚úò invalid_answer 'import triton' is not found
2025-08-08 03:46:06,483 - openevolve.evaluator - INFO - Evaluated program 6e618dfc-9759-474c-850d-aede84fb1dd5 in 0.00s: compiled=0.0000, correctness=0.0000, score=-100.0000, stage=no_valid_triton_code, feedback=You need to generate real and valid triton code for the core function. The key word 'import triton' is not found.
2025-08-08 03:46:06,487 - openevolve.llm.ensemble - INFO - Sampled model: deepseek
2025-08-08 03:46:06,493 - openevolve.database - INFO - New MAP-Elites cell occupied: {'score': -1000, 'complexity': 1}
2025-08-08 03:46:06,505 - openevolve.threaded_parallel - INFO - Iteration 15: Program 6e618dfc-9759-474c-850d-aede84fb1dd5 (parent: c81510fb-40d6-4c35-a18c-a045aa95a8ea) completed in 77.92s
2025-08-08 03:46:06,505 - openevolve.threaded_parallel - INFO - Metrics: compiled=0.0000, correctness=0.0000, score=-100.0000, stage=no_valid_triton_code, feedback=You need to generate real and valid triton code for the core function. The key word 'import triton' is not found.
2025-08-08 03:46:06,505 - openevolve.threaded_parallel - INFO - Checkpoint interval reached at iteration 15
2025-08-08 03:46:06,508 - openevolve.database - INFO - Island Status:
2025-08-08 03:46:06,508 - openevolve.database - INFO -  * Island 0: 7 programs, best=1.0000, avg=-42.4286, diversity=5059.47, gen=6 (best: 63a56e11-c88d-4792-9035-894ada47daed)
2025-08-08 03:46:06,508 - openevolve.database - INFO -    Island 1: 4 programs, best=-100.0000, avg=-100.0000, diversity=25.80, gen=4 (best: 082c3956-b274-44ca-865c-bea10fc43597)
2025-08-08 03:46:06,508 - openevolve.database - INFO -    Island 2: 5 programs, best=1.0000, avg=-39.4000, diversity=5264.73, gen=4 (best: c81510fb-40d6-4c35-a18c-a045aa95a8ea)
2025-08-08 03:46:06,689 - openevolve.database - INFO - Saved database with 15 programs to openevolve_output/level3_30_SwinTransformerV2/checkpoints/checkpoint_15
2025-08-08 03:46:06,704 - openevolve.controller - INFO - Saved best program at checkpoint 15 with metrics: compiled=0.0000, correctness=0.0000, score=1.0000, stage=compile_error, compile_log=, exec_log=[Child] ÁªëÂÆö GPU 0, torch sees 1 device(s)

[Exception]
Traceback (most recent call last):
  File "/cpfs01/shared/llm_kernel/hujiakai/KernelLLM/validation_api_server/code_executor.py", line 71, in _exec_worker
    exec(textwrap.dedent(code_src), mod.__dict__)
  File "<string>", line 151
    self.logit_scale = nn.Parameter(torch.log(10 * torch.ones((num_heads, 1, 1)), requires_grad=True)
                                   ^
SyntaxError: '(' was never closed
, exit_code=1
2025-08-08 03:46:06,705 - openevolve.controller - INFO - Saved checkpoint at iteration 15 to openevolve_output/level3_30_SwinTransformerV2/checkpoints/checkpoint_15
2025-08-08 03:46:16,696 - openevolve.RemoteSpeedupEvaluator - INFO - [level3_30_SwinTransformerV2] ‚úò invalid_answer 'import triton' is not found
2025-08-08 03:46:16,696 - openevolve.evaluator - INFO - Evaluated program 16be0581-9e57-4117-8061-7ff12ebde426 in 0.00s: compiled=0.0000, correctness=0.0000, score=-100.0000, stage=no_valid_triton_code, feedback=You need to generate real and valid triton code for the core function. The key word 'import triton' is not found.
2025-08-08 03:46:16,701 - openevolve.llm.ensemble - INFO - Sampled model: deepseek
2025-08-08 03:46:16,711 - openevolve.threaded_parallel - INFO - Iteration 18: Program 16be0581-9e57-4117-8061-7ff12ebde426 (parent: c81510fb-40d6-4c35-a18c-a045aa95a8ea) completed in 10.21s
2025-08-08 03:46:16,711 - openevolve.threaded_parallel - INFO - Metrics: compiled=0.0000, correctness=0.0000, score=-100.0000, stage=no_valid_triton_code, feedback=You need to generate real and valid triton code for the core function. The key word 'import triton' is not found.
2025-08-08 03:46:16,711 - openevolve.threaded_parallel - INFO - Checkpoint interval reached at iteration 18
2025-08-08 03:46:16,714 - openevolve.database - INFO - Island Status:
2025-08-08 03:46:16,714 - openevolve.database - INFO -    Island 0: 8 programs, best=1.0000, avg=-49.6250, diversity=4592.92, gen=6 (best: 63a56e11-c88d-4792-9035-894ada47daed)
2025-08-08 03:46:16,714 - openevolve.database - INFO -  * Island 1: 4 programs, best=-100.0000, avg=-100.0000, diversity=25.80, gen=5 (best: 082c3956-b274-44ca-865c-bea10fc43597)
2025-08-08 03:46:16,714 - openevolve.database - INFO -    Island 2: 5 programs, best=1.0000, avg=-39.4000, diversity=5264.73, gen=4 (best: c81510fb-40d6-4c35-a18c-a045aa95a8ea)
2025-08-08 03:46:17,055 - openevolve.database - INFO - Saved database with 16 programs to openevolve_output/level3_30_SwinTransformerV2/checkpoints/checkpoint_18
2025-08-08 03:46:17,074 - openevolve.controller - INFO - Saved best program at checkpoint 18 with metrics: compiled=0.0000, correctness=0.0000, score=1.0000, stage=compile_error, compile_log=, exec_log=[Child] ÁªëÂÆö GPU 0, torch sees 1 device(s)

[Exception]
Traceback (most recent call last):
  File "/cpfs01/shared/llm_kernel/hujiakai/KernelLLM/validation_api_server/code_executor.py", line 71, in _exec_worker
    exec(textwrap.dedent(code_src), mod.__dict__)
  File "<string>", line 151
    self.logit_scale = nn.Parameter(torch.log(10 * torch.ones((num_heads, 1, 1)), requires_grad=True)
                                   ^
SyntaxError: '(' was never closed
, exit_code=1
2025-08-08 03:46:17,074 - openevolve.controller - INFO - Saved checkpoint at iteration 18 to openevolve_output/level3_30_SwinTransformerV2/checkpoints/checkpoint_18
2025-08-08 03:46:25,079 - openevolve.RemoteSpeedupEvaluator - INFO - [level3_30_SwinTransformerV2] ‚úò invalid_answer 'import triton' is not found
2025-08-08 03:46:25,079 - openevolve.evaluator - INFO - Evaluated program 5970acdf-15bf-46c7-a42f-65a6116d02d3 in 0.00s: compiled=0.0000, correctness=0.0000, score=-100.0000, stage=no_valid_triton_code, feedback=You need to generate real and valid triton code for the core function. The key word 'import triton' is not found.
2025-08-08 03:46:25,082 - openevolve.llm.ensemble - INFO - Sampled model: deepseek
2025-08-08 03:46:25,089 - openevolve.threaded_parallel - INFO - Iteration 19: Program 5970acdf-15bf-46c7-a42f-65a6116d02d3 (parent: 9b62c047-9efd-4361-8814-90bcfd350ff2) completed in 8.38s
2025-08-08 03:46:25,089 - openevolve.threaded_parallel - INFO - Metrics: compiled=0.0000, correctness=0.0000, score=-100.0000, stage=no_valid_triton_code, feedback=You need to generate real and valid triton code for the core function. The key word 'import triton' is not found.
2025-08-08 03:48:45,725 - openevolve.RemoteSpeedupEvaluator - INFO - [level3_30_SwinTransformerV2] triton key words check pass
2025-08-08 03:48:45,727 - openevolve.RemoteSpeedupEvaluator - INFO - [level3_30_SwinTransformerV2] verify_plus payload: reference_code(23171 chars) + custom_code(770 chars)
2025-08-08 03:48:48,327 - openevolve.RemoteSpeedupEvaluator - INFO - [level3_30_SwinTransformerV2] verify_plus request success
2025-08-08 03:48:48,327 - openevolve.RemoteSpeedupEvaluator - INFO - [level3_30_SwinTransformerV2] verify_plus response: {"id":"level3_30_SwinTransformerV2","result":{"compiled":true,"correctness":false,"metadata":{"hardware":"NVIDIA L20Y","device":"cuda:6","runtime_error":"Traceback (most recent call last):\n  File \"/cpfs01/shared/llm_kernel/hujiakai/KernelLLM/validation_api_server/helpers/evaluations.py\", line 516, in eval_kernel_against_ref\n    kernel_exec_result = run_and_check_correctness(\n  File \"/cpfs01/shared/llm_kernel/hujiakai/KernelLLM/validation_api_server/helpers/evaluations.py\", line 713, in run_and_check_correctness\n    model_new = new_model_instance.cuda(device=device)\nAttributeError: 'ModelNew' object has no attribute 'cuda'\n","runtime_error_name":"builtins.AttributeError","reference_timing_ms":10.6,"speed_up":-1.0,"custom_timing":-1.0},"runtime":-1.0,"runtime_stats":{}}}
2025-08-08 03:48:48,327 - openevolve.RemoteSpeedupEvaluator - INFO - [level3_30_SwinTransformerV2] ‚úò wrong_answer
2025-08-08 03:48:48,328 - openevolve.evaluator - INFO - Evaluated program 101db93d-5596-4d78-ae9c-6076ca27df15 in 2.60s: compiled=1.0000, correctness=0.0000, score=10.0000, stage=wrong_answer, verify_payload={'id': 'level3_30_SwinTransformerV2', 'result': {'compiled': True, 'correctness': False, 'metadata': {'hardware': 'NVIDIA L20Y', 'device': 'cuda:6', 'runtime_error': 'Traceback (most recent call last):\n  File "/cpfs01/shared/llm_kernel/hujiakai/KernelLLM/validation_api_server/helpers/evaluations.py", line 516, in eval_kernel_against_ref\n    kernel_exec_result = run_and_check_correctness(\n  File "/cpfs01/shared/llm_kernel/hujiakai/KernelLLM/validation_api_server/helpers/evaluations.py", line 713, in run_and_check_correctness\n    model_new = new_model_instance.cuda(device=device)\nAttributeError: \'ModelNew\' object has no attribute \'cuda\'\n', 'runtime_error_name': 'builtins.AttributeError', 'reference_timing_ms': 10.6, 'speed_up': -1.0, 'custom_timing': -1.0}, 'runtime': -1.0, 'runtime_stats': {}}}
2025-08-08 03:48:48,328 - openevolve.database - INFO - MAP-Elites cell improved: {'score': 9, 'complexity': 0} (fitness: 1.000 -> 10.000)
2025-08-08 03:48:48,330 - openevolve.database - INFO - New best program 101db93d-5596-4d78-ae9c-6076ca27df15 replaces 63a56e11-c88d-4792-9035-894ada47daed
2025-08-08 03:48:48,331 - openevolve.llm.ensemble - INFO - Sampled model: deepseek
2025-08-08 03:48:48,337 - openevolve.threaded_parallel - INFO - Iteration 14: Program 101db93d-5596-4d78-ae9c-6076ca27df15 (parent: 78255242-a795-4d7f-90e7-107012137f46) completed in 403.92s
2025-08-08 03:48:48,337 - openevolve.threaded_parallel - INFO - Metrics: compiled=1.0000, correctness=0.0000, score=10.0000, stage=wrong_answer, verify_payload={'id': 'level3_30_SwinTransformerV2', 'result': {'compiled': True, 'correctness': False, 'metadata': {'hardware': 'NVIDIA L20Y', 'device': 'cuda:6', 'runtime_error': 'Traceback (most recent call last):\n  File "/cpfs01/shared/llm_kernel/hujiakai/KernelLLM/validation_api_server/helpers/evaluations.py", line 516, in eval_kernel_against_ref\n    kernel_exec_result = run_and_check_correctness(\n  File "/cpfs01/shared/llm_kernel/hujiakai/KernelLLM/validation_api_server/helpers/evaluations.py", line 713, in run_and_check_correctness\n    model_new = new_model_instance.cuda(device=device)\nAttributeError: \'ModelNew\' object has no attribute \'cuda\'\n', 'runtime_error_name': 'builtins.AttributeError', 'reference_timing_ms': 10.6, 'speed_up': -1.0, 'custom_timing': -1.0}, 'runtime': -1.0, 'runtime_stats': {}}}
2025-08-08 03:48:48,337 - openevolve.threaded_parallel - INFO - üåü New best solution found at iteration 14: 101db93d-5596-4d78-ae9c-6076ca27df15
2025-08-08 03:48:55,860 - openevolve.RemoteSpeedupEvaluator - INFO - [level3_30_SwinTransformerV2] ‚úò invalid_answer 'import triton' is not found
2025-08-08 03:48:55,860 - openevolve.evaluator - INFO - Evaluated program c2ad2df0-96f0-4de2-9520-950c5866fe0d in 0.00s: compiled=0.0000, correctness=0.0000, score=-100.0000, stage=no_valid_triton_code, feedback=You need to generate real and valid triton code for the core function. The key word 'import triton' is not found.
2025-08-08 03:48:55,864 - openevolve.llm.ensemble - INFO - Sampled model: deepseek
2025-08-08 03:48:55,869 - openevolve.threaded_parallel - INFO - Iteration 21: Program c2ad2df0-96f0-4de2-9520-950c5866fe0d (parent: 00d7f8b4-a0fc-41b6-916b-9036615cb8ef) completed in 7.53s
2025-08-08 03:48:55,869 - openevolve.threaded_parallel - INFO - Metrics: compiled=0.0000, correctness=0.0000, score=-100.0000, stage=no_valid_triton_code, feedback=You need to generate real and valid triton code for the core function. The key word 'import triton' is not found.
2025-08-08 03:48:55,869 - openevolve.threaded_parallel - INFO - Checkpoint interval reached at iteration 21
2025-08-08 03:48:55,871 - openevolve.database - INFO - Island Status:
2025-08-08 03:48:55,871 - openevolve.database - INFO -    Island 0: 9 programs, best=1.0000, avg=-55.2222, diversity=4592.92, gen=7 (best: 63a56e11-c88d-4792-9035-894ada47daed)
2025-08-08 03:48:55,871 - openevolve.database - INFO -  * Island 1: 5 programs, best=-100.0000, avg=-100.0000, diversity=26.90, gen=6 (best: 082c3956-b274-44ca-865c-bea10fc43597)
2025-08-08 03:48:55,871 - openevolve.database - INFO -    Island 2: 6 programs, best=10.0000, avg=-31.1667, diversity=4938.45, gen=5 (best: 101db93d-5596-4d78-ae9c-6076ca27df15)
2025-08-08 03:48:56,139 - openevolve.database - INFO - Saved database with 19 programs to openevolve_output/level3_30_SwinTransformerV2/checkpoints/checkpoint_21
2025-08-08 03:48:56,150 - openevolve.controller - INFO - Saved best program at checkpoint 21 with metrics: compiled=1.0000, correctness=0.0000, score=10.0000, stage=wrong_answer, verify_payload={'id': 'level3_30_SwinTransformerV2', 'result': {'compiled': True, 'correctness': False, 'metadata': {'hardware': 'NVIDIA L20Y', 'device': 'cuda:6', 'runtime_error': 'Traceback (most recent call last):\n  File "/cpfs01/shared/llm_kernel/hujiakai/KernelLLM/validation_api_server/helpers/evaluations.py", line 516, in eval_kernel_against_ref\n    kernel_exec_result = run_and_check_correctness(\n  File "/cpfs01/shared/llm_kernel/hujiakai/KernelLLM/validation_api_server/helpers/evaluations.py", line 713, in run_and_check_correctness\n    model_new = new_model_instance.cuda(device=device)\nAttributeError: \'ModelNew\' object has no attribute \'cuda\'\n', 'runtime_error_name': 'builtins.AttributeError', 'reference_timing_ms': 10.6, 'speed_up': -1.0, 'custom_timing': -1.0}, 'runtime': -1.0, 'runtime_stats': {}}}
2025-08-08 03:48:56,150 - openevolve.controller - INFO - Saved checkpoint at iteration 21 to openevolve_output/level3_30_SwinTransformerV2/checkpoints/checkpoint_21
2025-08-08 03:49:03,608 - openevolve.RemoteSpeedupEvaluator - INFO - [level3_30_SwinTransformerV2] ‚úò invalid_answer 'import triton' is not found
2025-08-08 03:49:03,608 - openevolve.evaluator - INFO - Evaluated program f973b8b1-fc30-471b-8379-3db09ed6ffef in 0.00s: compiled=0.0000, correctness=0.0000, score=-100.0000, stage=no_valid_triton_code, feedback=You need to generate real and valid triton code for the core function. The key word 'import triton' is not found.
2025-08-08 03:49:03,611 - openevolve.llm.ensemble - INFO - Sampled model: deepseek
2025-08-08 03:49:03,620 - openevolve.threaded_parallel - INFO - Iteration 22: Program f973b8b1-fc30-471b-8379-3db09ed6ffef (parent: dae6c779-4fe8-4bbf-9cb1-3c7fcce7dcaa) completed in 7.74s
2025-08-08 03:49:03,620 - openevolve.threaded_parallel - INFO - Metrics: compiled=0.0000, correctness=0.0000, score=-100.0000, stage=no_valid_triton_code, feedback=You need to generate real and valid triton code for the core function. The key word 'import triton' is not found.
2025-08-08 03:53:26,234 - openevolve.RemoteSpeedupEvaluator - INFO - [level3_30_SwinTransformerV2] ‚úò invalid_answer 'import triton' is not found
2025-08-08 03:53:26,236 - openevolve.evaluator - INFO - Evaluated program c5a9efa9-0995-42ee-a517-55438f1eea51 in 0.00s: compiled=0.0000, correctness=0.0000, score=-100.0000, stage=no_valid_triton_code, feedback=You need to generate real and valid triton code for the core function. The key word 'import triton' is not found.
2025-08-08 03:53:26,240 - openevolve.llm.ensemble - INFO - Sampled model: deepseek
2025-08-08 03:53:26,253 - openevolve.threaded_parallel - INFO - Iteration 23: Program c5a9efa9-0995-42ee-a517-55438f1eea51 (parent: 082c3956-b274-44ca-865c-bea10fc43597) completed in 262.63s
2025-08-08 03:53:26,253 - openevolve.threaded_parallel - INFO - Metrics: compiled=0.0000, correctness=0.0000, score=-100.0000, stage=no_valid_triton_code, feedback=You need to generate real and valid triton code for the core function. The key word 'import triton' is not found.
2025-08-08 03:53:33,973 - openevolve.RemoteSpeedupEvaluator - INFO - [level3_30_SwinTransformerV2] ‚úò invalid_answer 'import triton' is not found
2025-08-08 03:53:33,973 - openevolve.evaluator - INFO - Evaluated program 3fb1e61c-f6ea-465a-8573-6dfe1131b6c3 in 0.00s: compiled=0.0000, correctness=0.0000, score=-100.0000, stage=no_valid_triton_code, feedback=You need to generate real and valid triton code for the core function. The key word 'import triton' is not found.
2025-08-08 03:53:33,978 - openevolve.llm.ensemble - INFO - Sampled model: deepseek
2025-08-08 03:53:33,988 - openevolve.threaded_parallel - INFO - Iteration 24: Program 3fb1e61c-f6ea-465a-8573-6dfe1131b6c3 (parent: 63a56e11-c88d-4792-9035-894ada47daed) completed in 7.73s
2025-08-08 03:53:33,988 - openevolve.threaded_parallel - INFO - Metrics: compiled=0.0000, correctness=0.0000, score=-100.0000, stage=no_valid_triton_code, feedback=You need to generate real and valid triton code for the core function. The key word 'import triton' is not found.
2025-08-08 03:53:33,988 - openevolve.threaded_parallel - INFO - Checkpoint interval reached at iteration 24
2025-08-08 03:53:33,990 - openevolve.database - INFO - Island Status:
2025-08-08 03:53:33,990 - openevolve.database - INFO -    Island 0: 10 programs, best=1.0000, avg=-59.7000, diversity=2770.33, gen=8 (best: 63a56e11-c88d-4792-9035-894ada47daed)
2025-08-08 03:53:33,990 - openevolve.database - INFO -  * Island 1: 6 programs, best=-100.0000, avg=-100.0000, diversity=26.90, gen=7 (best: 082c3956-b274-44ca-865c-bea10fc43597)
2025-08-08 03:53:33,990 - openevolve.database - INFO -    Island 2: 7 programs, best=10.0000, avg=-41.0000, diversity=4938.45, gen=6 (best: 101db93d-5596-4d78-ae9c-6076ca27df15)
2025-08-08 03:53:34,372 - openevolve.database - INFO - Saved database with 22 programs to openevolve_output/level3_30_SwinTransformerV2/checkpoints/checkpoint_24
2025-08-08 03:53:34,383 - openevolve.controller - INFO - Saved best program at checkpoint 24 with metrics: compiled=1.0000, correctness=0.0000, score=10.0000, stage=wrong_answer, verify_payload={'id': 'level3_30_SwinTransformerV2', 'result': {'compiled': True, 'correctness': False, 'metadata': {'hardware': 'NVIDIA L20Y', 'device': 'cuda:6', 'runtime_error': 'Traceback (most recent call last):\n  File "/cpfs01/shared/llm_kernel/hujiakai/KernelLLM/validation_api_server/helpers/evaluations.py", line 516, in eval_kernel_against_ref\n    kernel_exec_result = run_and_check_correctness(\n  File "/cpfs01/shared/llm_kernel/hujiakai/KernelLLM/validation_api_server/helpers/evaluations.py", line 713, in run_and_check_correctness\n    model_new = new_model_instance.cuda(device=device)\nAttributeError: \'ModelNew\' object has no attribute \'cuda\'\n', 'runtime_error_name': 'builtins.AttributeError', 'reference_timing_ms': 10.6, 'speed_up': -1.0, 'custom_timing': -1.0}, 'runtime': -1.0, 'runtime_stats': {}}}
2025-08-08 03:53:34,383 - openevolve.controller - INFO - Saved checkpoint at iteration 24 to openevolve_output/level3_30_SwinTransformerV2/checkpoints/checkpoint_24
2025-08-08 03:53:41,842 - openevolve.RemoteSpeedupEvaluator - INFO - [level3_30_SwinTransformerV2] ‚úò invalid_answer 'import triton' is not found
2025-08-08 03:53:41,843 - openevolve.evaluator - INFO - Evaluated program c7499cd1-52fd-46a4-839a-8cd201933d88 in 0.00s: compiled=0.0000, correctness=0.0000, score=-100.0000, stage=no_valid_triton_code, feedback=You need to generate real and valid triton code for the core function. The key word 'import triton' is not found.
2025-08-08 03:53:41,848 - openevolve.llm.ensemble - INFO - Sampled model: deepseek
2025-08-08 03:53:41,853 - openevolve.threaded_parallel - INFO - Iteration 25: Program c7499cd1-52fd-46a4-839a-8cd201933d88 (parent: dae6c779-4fe8-4bbf-9cb1-3c7fcce7dcaa) completed in 7.87s
2025-08-08 03:53:41,853 - openevolve.threaded_parallel - INFO - Metrics: compiled=0.0000, correctness=0.0000, score=-100.0000, stage=no_valid_triton_code, feedback=You need to generate real and valid triton code for the core function. The key word 'import triton' is not found.
2025-08-08 03:54:29,869 - openevolve.RemoteSpeedupEvaluator - INFO - [level3_30_SwinTransformerV2] ‚úò invalid_answer 'import triton' is not found
2025-08-08 03:54:29,871 - openevolve.evaluator - INFO - Evaluated program 46b652bc-2321-487c-907d-6a7e60c00d17 in 0.00s: compiled=0.0000, correctness=0.0000, score=-100.0000, stage=no_valid_triton_code, feedback=You need to generate real and valid triton code for the core function. The key word 'import triton' is not found.
2025-08-08 03:54:29,876 - openevolve.llm.ensemble - INFO - Sampled model: deepseek
2025-08-08 03:54:29,882 - openevolve.threaded_parallel - INFO - Iteration 20: Program 46b652bc-2321-487c-907d-6a7e60c00d17 (parent: 082c3956-b274-44ca-865c-bea10fc43597) completed in 484.79s
2025-08-08 03:54:29,882 - openevolve.threaded_parallel - INFO - Metrics: compiled=0.0000, correctness=0.0000, score=-100.0000, stage=no_valid_triton_code, feedback=You need to generate real and valid triton code for the core function. The key word 'import triton' is not found.
2025-08-08 03:54:37,713 - openevolve.RemoteSpeedupEvaluator - INFO - [level3_30_SwinTransformerV2] ‚úò invalid_answer 'import triton' is not found
2025-08-08 03:54:37,714 - openevolve.evaluator - INFO - Evaluated program 33abed0c-f5ee-4bfc-b4d7-584185ae340e in 0.00s: compiled=0.0000, correctness=0.0000, score=-100.0000, stage=no_valid_triton_code, feedback=You need to generate real and valid triton code for the core function. The key word 'import triton' is not found.
2025-08-08 03:54:37,719 - openevolve.llm.ensemble - INFO - Sampled model: deepseek
2025-08-08 03:54:37,726 - openevolve.threaded_parallel - INFO - Iteration 27: Program 33abed0c-f5ee-4bfc-b4d7-584185ae340e (parent: 183eca44-8d12-464f-aaad-cabb22399fdb) completed in 7.84s
2025-08-08 03:54:37,726 - openevolve.threaded_parallel - INFO - Metrics: compiled=0.0000, correctness=0.0000, score=-100.0000, stage=no_valid_triton_code, feedback=You need to generate real and valid triton code for the core function. The key word 'import triton' is not found.
2025-08-08 03:54:37,726 - openevolve.threaded_parallel - INFO - Checkpoint interval reached at iteration 27
2025-08-08 03:54:37,728 - openevolve.database - INFO - Island Status:
2025-08-08 03:54:37,728 - openevolve.database - INFO -    Island 0: 11 programs, best=1.0000, avg=-63.3636, diversity=1487.45, gen=9 (best: 63a56e11-c88d-4792-9035-894ada47daed)
2025-08-08 03:54:37,728 - openevolve.database - INFO -  * Island 1: 7 programs, best=-100.0000, avg=-100.0000, diversity=26.90, gen=8 (best: 082c3956-b274-44ca-865c-bea10fc43597)
2025-08-08 03:54:37,728 - openevolve.database - INFO -    Island 2: 8 programs, best=10.0000, avg=-48.3750, diversity=3527.85, gen=7 (best: 101db93d-5596-4d78-ae9c-6076ca27df15)
2025-08-08 03:54:38,070 - openevolve.database - INFO - Saved database with 25 programs to openevolve_output/level3_30_SwinTransformerV2/checkpoints/checkpoint_27
2025-08-08 03:54:38,081 - openevolve.controller - INFO - Saved best program at checkpoint 27 with metrics: compiled=1.0000, correctness=0.0000, score=10.0000, stage=wrong_answer, verify_payload={'id': 'level3_30_SwinTransformerV2', 'result': {'compiled': True, 'correctness': False, 'metadata': {'hardware': 'NVIDIA L20Y', 'device': 'cuda:6', 'runtime_error': 'Traceback (most recent call last):\n  File "/cpfs01/shared/llm_kernel/hujiakai/KernelLLM/validation_api_server/helpers/evaluations.py", line 516, in eval_kernel_against_ref\n    kernel_exec_result = run_and_check_correctness(\n  File "/cpfs01/shared/llm_kernel/hujiakai/KernelLLM/validation_api_server/helpers/evaluations.py", line 713, in run_and_check_correctness\n    model_new = new_model_instance.cuda(device=device)\nAttributeError: \'ModelNew\' object has no attribute \'cuda\'\n', 'runtime_error_name': 'builtins.AttributeError', 'reference_timing_ms': 10.6, 'speed_up': -1.0, 'custom_timing': -1.0}, 'runtime': -1.0, 'runtime_stats': {}}}
2025-08-08 03:54:38,081 - openevolve.controller - INFO - Saved checkpoint at iteration 27 to openevolve_output/level3_30_SwinTransformerV2/checkpoints/checkpoint_27
2025-08-08 03:54:45,486 - openevolve.RemoteSpeedupEvaluator - INFO - [level3_30_SwinTransformerV2] ‚úò invalid_answer 'import triton' is not found
2025-08-08 03:54:45,486 - openevolve.evaluator - INFO - Evaluated program 805d6837-7fa4-401d-a140-f3eeb7e32bda in 0.00s: compiled=0.0000, correctness=0.0000, score=-100.0000, stage=no_valid_triton_code, feedback=You need to generate real and valid triton code for the core function. The key word 'import triton' is not found.
2025-08-08 03:54:45,490 - openevolve.llm.ensemble - INFO - Sampled model: deepseek
2025-08-08 03:54:45,492 - openevolve.database - INFO - Population size (26) exceeds limit (25), removing 1 programs
2025-08-08 03:54:45,493 - openevolve.database - INFO - Population size after cleanup: 25
2025-08-08 03:54:45,499 - openevolve.threaded_parallel - INFO - Iteration 28: Program 805d6837-7fa4-401d-a140-f3eeb7e32bda (parent: 9b62c047-9efd-4361-8814-90bcfd350ff2) completed in 7.77s
2025-08-08 03:54:45,499 - openevolve.threaded_parallel - INFO - Metrics: compiled=0.0000, correctness=0.0000, score=-100.0000, stage=no_valid_triton_code, feedback=You need to generate real and valid triton code for the core function. The key word 'import triton' is not found.
2025-08-08 03:59:56,863 - openevolve.RemoteSpeedupEvaluator - INFO - [level3_30_SwinTransformerV2] triton key words check pass
2025-08-08 03:59:56,864 - openevolve.RemoteSpeedupEvaluator - INFO - [level3_30_SwinTransformerV2] verify_plus payload: reference_code(23171 chars) + custom_code(25245 chars)
2025-08-08 04:00:01,281 - openevolve.RemoteSpeedupEvaluator - INFO - [level3_30_SwinTransformerV2] verify_plus request success
2025-08-08 04:00:01,281 - openevolve.RemoteSpeedupEvaluator - INFO - [level3_30_SwinTransformerV2] verify_plus response: {"id":"level3_30_SwinTransformerV2","result":{"compiled":true,"correctness":true,"metadata":{"hardware":"NVIDIA L20Y","device":"cuda:6","correctness_trials":"(5 / 5)","reference_timing_ms":10.6,"speed_up":1.019,"custom_timing":10.4},"runtime":10.4,"runtime_stats":{"mean":10.4,"std":0.131,"min":10.3,"max":11.7,"num_trials":100,"hardware":"NVIDIA L20Y","device":"cuda:6"}}}
2025-08-08 04:00:01,282 - openevolve.RemoteSpeedupEvaluator - INFO - [level3_30_SwinTransformerV2] ‚úî success | speed_up=1.019  score=21.90
2025-08-08 04:00:01,282 - openevolve.evaluator - INFO - Evaluated program a8f85014-47b4-4087-82ea-6e6ba40a935f in 4.42s: compiled=1.0000, correctness=1.0000, stage=success, passed=1.0000, score=21.9000, speed_up=1.0190, runtime_ms=10.4000, meta={'hardware': 'NVIDIA L20Y', 'device': 'cuda:6', 'correctness_trials': '(5 / 5)', 'reference_timing_ms': 10.6, 'speed_up': 1.019, 'custom_timing': 10.4}
2025-08-08 04:00:01,291 - openevolve.database - INFO - MAP-Elites cell improved: {'score': 9, 'complexity': 0} (fitness: 10.000 -> 21.900)
2025-08-08 04:00:01,292 - openevolve.database - INFO - Population size (26) exceeds limit (25), removing 1 programs
2025-08-08 04:00:01,292 - openevolve.database - INFO - Population size after cleanup: 25
2025-08-08 04:00:01,292 - openevolve.database - INFO - Cleaned up 1 stale island best program references
2025-08-08 04:00:01,292 - openevolve.database - INFO - New best program a8f85014-47b4-4087-82ea-6e6ba40a935f replaces 101db93d-5596-4d78-ae9c-6076ca27df15
2025-08-08 04:00:01,300 - openevolve.threaded_parallel - INFO - Iteration 17: Program a8f85014-47b4-4087-82ea-6e6ba40a935f (parent: 78255242-a795-4d7f-90e7-107012137f46) completed in 881.69s
2025-08-08 04:00:01,300 - openevolve.threaded_parallel - INFO - Metrics: compiled=1.0000, correctness=1.0000, stage=success, passed=1.0000, score=21.9000, speed_up=1.0190, runtime_ms=10.4000, meta={'hardware': 'NVIDIA L20Y', 'device': 'cuda:6', 'correctness_trials': '(5 / 5)', 'reference_timing_ms': 10.6, 'speed_up': 1.019, 'custom_timing': 10.4}
2025-08-08 04:00:01,300 - openevolve.threaded_parallel - INFO - üåü New best solution found at iteration 17: a8f85014-47b4-4087-82ea-6e6ba40a935f
2025-08-08 04:01:19,303 - openevolve.RemoteSpeedupEvaluator - INFO - [level3_30_SwinTransformerV2] ‚úò invalid_answer 'import triton' is not found
2025-08-08 04:01:19,305 - openevolve.evaluator - INFO - Evaluated program ebb99988-7201-463e-bc62-4af43cbb0e63 in 0.00s: compiled=0.0000, correctness=0.0000, score=-100.0000, stage=no_valid_triton_code, feedback=You need to generate real and valid triton code for the core function. The key word 'import triton' is not found.
2025-08-08 04:01:19,312 - openevolve.database - INFO - New MAP-Elites cell occupied: {'score': -1000, 'complexity': 0}
2025-08-08 04:01:19,312 - openevolve.database - INFO - Population size (26) exceeds limit (25), removing 1 programs
2025-08-08 04:01:19,313 - openevolve.database - INFO - Population size after cleanup: 25
2025-08-08 04:01:19,319 - openevolve.threaded_parallel - INFO - Iteration 29: Program ebb99988-7201-463e-bc62-4af43cbb0e63 (parent: 082c3956-b274-44ca-865c-bea10fc43597) completed in 393.82s
2025-08-08 04:01:19,319 - openevolve.threaded_parallel - INFO - Metrics: compiled=0.0000, correctness=0.0000, score=-100.0000, stage=no_valid_triton_code, feedback=You need to generate real and valid triton code for the core function. The key word 'import triton' is not found.
2025-08-08 04:06:06,444 - openevolve.RemoteSpeedupEvaluator - INFO - [level3_30_SwinTransformerV2] triton key words check pass
2025-08-08 04:06:06,446 - openevolve.RemoteSpeedupEvaluator - INFO - [level3_30_SwinTransformerV2] verify_plus payload: reference_code(23171 chars) + custom_code(25454 chars)
2025-08-08 04:06:11,118 - openevolve.RemoteSpeedupEvaluator - INFO - [level3_30_SwinTransformerV2] verify_plus request success
2025-08-08 04:06:11,118 - openevolve.RemoteSpeedupEvaluator - INFO - [level3_30_SwinTransformerV2] verify_plus response: {"id":"level3_30_SwinTransformerV2","result":{"compiled":true,"correctness":true,"metadata":{"hardware":"NVIDIA L20Y","device":"cuda:2","correctness_trials":"(5 / 5)","reference_timing_ms":10.6,"speed_up":0.972,"custom_timing":10.9},"runtime":10.9,"runtime_stats":{"mean":10.9,"std":0.209,"min":10.7,"max":11.8,"num_trials":100,"hardware":"NVIDIA L20Y","device":"cuda:2"}}}
2025-08-08 04:06:11,119 - openevolve.RemoteSpeedupEvaluator - INFO - [level3_30_SwinTransformerV2] ‚úî success | speed_up=0.972  score=20.00
2025-08-08 04:06:11,119 - openevolve.evaluator - INFO - Evaluated program 32aec75c-0a41-43a3-9740-21400f2d192e in 4.68s: compiled=1.0000, correctness=1.0000, stage=success, passed=0.0000, score=20.0000, speed_up=0.9720, runtime_ms=10.9000, meta={'hardware': 'NVIDIA L20Y', 'device': 'cuda:2', 'correctness_trials': '(5 / 5)', 'reference_timing_ms': 10.6, 'speed_up': 0.972, 'custom_timing': 10.9}
2025-08-08 04:06:11,120 - openevolve.database - INFO - Population size (26) exceeds limit (25), removing 1 programs
2025-08-08 04:06:11,120 - openevolve.database - INFO - Population size after cleanup: 25
2025-08-08 04:06:11,126 - openevolve.threaded_parallel - INFO - Iteration 26: Program 32aec75c-0a41-43a3-9740-21400f2d192e (parent: 082c3956-b274-44ca-865c-bea10fc43597) completed in 749.27s
2025-08-08 04:06:11,126 - openevolve.threaded_parallel - INFO - Metrics: compiled=1.0000, correctness=1.0000, stage=success, passed=0.0000, score=20.0000, speed_up=0.9720, runtime_ms=10.9000, meta={'hardware': 'NVIDIA L20Y', 'device': 'cuda:2', 'correctness_trials': '(5 / 5)', 'reference_timing_ms': 10.6, 'speed_up': 0.972, 'custom_timing': 10.9}
2025-08-08 04:06:11,127 - openevolve.threaded_parallel - INFO - Evolution completed
2025-08-08 04:06:11,135 - openevolve.threaded_parallel - INFO - Stopped thread pool
2025-08-08 04:06:11,135 - openevolve.threaded_parallel - INFO - Stopped improved parallel controller
2025-08-08 04:06:11,135 - openevolve.controller - INFO - Using tracked best program: a8f85014-47b4-4087-82ea-6e6ba40a935f
2025-08-08 04:06:11,135 - openevolve.controller - INFO - Evolution complete. Best program has metrics: compiled=1.0000, correctness=1.0000, stage=success, passed=1.0000, score=21.9000, speed_up=1.0190, runtime_ms=10.4000, meta={'hardware': 'NVIDIA L20Y', 'device': 'cuda:6', 'correctness_trials': '(5 / 5)', 'reference_timing_ms': 10.6, 'speed_up': 1.019, 'custom_timing': 10.4}
2025-08-08 04:06:11,147 - openevolve.controller - INFO - Saved best program to openevolve_output/level3_30_SwinTransformerV2/best/best_program.py with program info to openevolve_output/level3_30_SwinTransformerV2/best/best_program_info.json
2025-08-08 04:06:11,148 - __main__ - INFO - ‚úÖ ÂÆåÊàê level3_30_SwinTransformerV2
2025-08-08 04:06:11,148 - __main__ - INFO - ======================================================================
2025-08-08 04:06:11,148 - __main__ - INFO - üöÄ [6/7] ÂºÄÂßã level4_12_google-electra-small-discriminator_bs1024_seq32
2025-08-08 04:06:11,148 - __main__ - INFO - ======================================================================
2025-08-08 04:06:11,203 - openevolve.controller - INFO - Logging to openevolve_output/level4_12_google-electra-small-discriminator_bs1024_seq32/logs/openevolve_20250808_040611.log
2025-08-08 04:06:11,204 - openevolve.controller - INFO - Set random seed to 42 for reproducibility
2025-08-08 04:06:11,243 - openevolve.llm.ensemble - INFO - Initialized LLM ensemble with models: deepseek (weight: 0.80), deepseek (weight: 0.20)
2025-08-08 04:06:11,283 - openevolve.llm.ensemble - INFO - Initialized LLM ensemble with models: deepseek (weight: 0.80), deepseek (weight: 0.20)
2025-08-08 04:06:11,283 - openevolve.prompt.sampler - INFO - Set custom templates: system=evaluator_system_message, user=None
2025-08-08 04:06:11,283 - openevolve.database - INFO - Initialized program database with 0 programs
2025-08-08 04:06:11,306 - openevolve.evaluator - INFO - Successfully loaded evaluation function from openevolve_output/level4_12_google-electra-small-discriminator_bs1024_seq32/evaluation.py
2025-08-08 04:06:11,306 - openevolve.evaluator - INFO - Initialized evaluator with openevolve_output/level4_12_google-electra-small-discriminator_bs1024_seq32/evaluation.py
2025-08-08 04:06:11,306 - openevolve.controller - INFO - Initialized OpenEvolve with /tmp/a751e07b5b61efa1300d33d3c0157c72.py
2025-08-08 04:06:11,306 - openevolve.controller - INFO - Adding initial program to database
2025-08-08 04:06:11,307 - openevolve.RemoteSpeedupEvaluator - INFO - [level4_12_google-electra-small-discriminator_bs1024_seq32] verify_plus payload: reference_code(734 chars) + custom_code(855 chars)
2025-08-08 04:06:13,714 - openevolve.RemoteSpeedupEvaluator - INFO - [level4_12_google-electra-small-discriminator_bs1024_seq32] verify_plus request success
2025-08-08 04:06:13,714 - openevolve.RemoteSpeedupEvaluator - INFO - [level4_12_google-electra-small-discriminator_bs1024_seq32] verify_plus response: {"id":"level4_12_google-electra-small-discriminator_bs1024_seq32","result":{"error":"No module named 'transformers'\nTraceback (most recent call last):\n  File \"/cpfs01/shared/llm_kernel/hujiakai/KernelLLM/validation_api_server/evaluator.py\", line 92, in _measure_perf_worker\n    exec(textwrap.dedent(code_src), temp_module.__dict__)\n  File \"<string>\", line 3, in <module>\nModuleNotFoundError: No module named 'transformers'\n"}}
2025-08-08 04:06:13,714 - openevolve.evaluator - WARNING - Evaluation attempt 1/4 failed for program 68042680-73d7-4fc3-8ebd-cefc62697840: Error: The reference code is not valid or correct. The verify result is: {'error': 'No module named \'transformers\'\nTraceback (most recent call last):\n  File "/cpfs01/shared/llm_kernel/hujiakai/KernelLLM/validation_api_server/evaluator.py", line 92, in _measure_perf_worker\n    exec(textwrap.dedent(code_src), temp_module.__dict__)\n  File "<string>", line 3, in <module>\nModuleNotFoundError: No module named \'transformers\'\n'}
2025-08-08 04:06:14,721 - openevolve.RemoteSpeedupEvaluator - INFO - [level4_12_google-electra-small-discriminator_bs1024_seq32] verify_plus payload: reference_code(734 chars) + custom_code(855 chars)
2025-08-08 04:06:17,119 - openevolve.RemoteSpeedupEvaluator - INFO - [level4_12_google-electra-small-discriminator_bs1024_seq32] verify_plus request success
2025-08-08 04:06:17,119 - openevolve.RemoteSpeedupEvaluator - INFO - [level4_12_google-electra-small-discriminator_bs1024_seq32] verify_plus response: {"id":"level4_12_google-electra-small-discriminator_bs1024_seq32","result":{"error":"No module named 'transformers'\nTraceback (most recent call last):\n  File \"/cpfs01/shared/llm_kernel/hujiakai/KernelLLM/validation_api_server/evaluator.py\", line 92, in _measure_perf_worker\n    exec(textwrap.dedent(code_src), temp_module.__dict__)\n  File \"<string>\", line 3, in <module>\nModuleNotFoundError: No module named 'transformers'\n"}}
2025-08-08 04:06:17,120 - openevolve.evaluator - WARNING - Evaluation attempt 2/4 failed for program 68042680-73d7-4fc3-8ebd-cefc62697840: Error: The reference code is not valid or correct. The verify result is: {'error': 'No module named \'transformers\'\nTraceback (most recent call last):\n  File "/cpfs01/shared/llm_kernel/hujiakai/KernelLLM/validation_api_server/evaluator.py", line 92, in _measure_perf_worker\n    exec(textwrap.dedent(code_src), temp_module.__dict__)\n  File "<string>", line 3, in <module>\nModuleNotFoundError: No module named \'transformers\'\n'}
2025-08-08 04:06:18,122 - openevolve.RemoteSpeedupEvaluator - INFO - [level4_12_google-electra-small-discriminator_bs1024_seq32] verify_plus payload: reference_code(734 chars) + custom_code(855 chars)
2025-08-08 04:06:20,443 - openevolve.RemoteSpeedupEvaluator - INFO - [level4_12_google-electra-small-discriminator_bs1024_seq32] verify_plus request success
2025-08-08 04:06:20,444 - openevolve.RemoteSpeedupEvaluator - INFO - [level4_12_google-electra-small-discriminator_bs1024_seq32] verify_plus response: {"id":"level4_12_google-electra-small-discriminator_bs1024_seq32","result":{"error":"No module named 'transformers'\nTraceback (most recent call last):\n  File \"/cpfs01/shared/llm_kernel/hujiakai/KernelLLM/validation_api_server/evaluator.py\", line 92, in _measure_perf_worker\n    exec(textwrap.dedent(code_src), temp_module.__dict__)\n  File \"<string>\", line 3, in <module>\nModuleNotFoundError: No module named 'transformers'\n"}}
2025-08-08 04:06:20,444 - openevolve.evaluator - WARNING - Evaluation attempt 3/4 failed for program 68042680-73d7-4fc3-8ebd-cefc62697840: Error: The reference code is not valid or correct. The verify result is: {'error': 'No module named \'transformers\'\nTraceback (most recent call last):\n  File "/cpfs01/shared/llm_kernel/hujiakai/KernelLLM/validation_api_server/evaluator.py", line 92, in _measure_perf_worker\n    exec(textwrap.dedent(code_src), temp_module.__dict__)\n  File "<string>", line 3, in <module>\nModuleNotFoundError: No module named \'transformers\'\n'}
2025-08-08 04:06:21,447 - openevolve.RemoteSpeedupEvaluator - INFO - [level4_12_google-electra-small-discriminator_bs1024_seq32] verify_plus payload: reference_code(734 chars) + custom_code(855 chars)
2025-08-08 04:06:23,903 - openevolve.RemoteSpeedupEvaluator - INFO - [level4_12_google-electra-small-discriminator_bs1024_seq32] verify_plus request success
2025-08-08 04:06:23,903 - openevolve.RemoteSpeedupEvaluator - INFO - [level4_12_google-electra-small-discriminator_bs1024_seq32] verify_plus response: {"id":"level4_12_google-electra-small-discriminator_bs1024_seq32","result":{"error":"No module named 'transformers'\nTraceback (most recent call last):\n  File \"/cpfs01/shared/llm_kernel/hujiakai/KernelLLM/validation_api_server/evaluator.py\", line 92, in _measure_perf_worker\n    exec(textwrap.dedent(code_src), temp_module.__dict__)\n  File \"<string>\", line 3, in <module>\nModuleNotFoundError: No module named 'transformers'\n"}}
2025-08-08 04:06:23,904 - openevolve.evaluator - WARNING - Evaluation attempt 4/4 failed for program 68042680-73d7-4fc3-8ebd-cefc62697840: Error: The reference code is not valid or correct. The verify result is: {'error': 'No module named \'transformers\'\nTraceback (most recent call last):\n  File "/cpfs01/shared/llm_kernel/hujiakai/KernelLLM/validation_api_server/evaluator.py", line 92, in _measure_perf_worker\n    exec(textwrap.dedent(code_src), temp_module.__dict__)\n  File "<string>", line 3, in <module>\nModuleNotFoundError: No module named \'transformers\'\n'}
2025-08-08 04:06:23,904 - openevolve.evaluator - ERROR - All evaluation attempts failed for program 68042680-73d7-4fc3-8ebd-cefc62697840. Last error: Error: The reference code is not valid or correct. The verify result is: {'error': 'No module named \'transformers\'\nTraceback (most recent call last):\n  File "/cpfs01/shared/llm_kernel/hujiakai/KernelLLM/validation_api_server/evaluator.py", line 92, in _measure_perf_worker\n    exec(textwrap.dedent(code_src), temp_module.__dict__)\n  File "<string>", line 3, in <module>\nModuleNotFoundError: No module named \'transformers\'\n'}
2025-08-08 04:06:23,905 - __main__ - ERROR - üí• Â§±Ë¥• level4_12_google-electra-small-discriminator_bs1024_seq32: 'score'
2025-08-08 04:06:23,905 - __main__ - INFO - ======================================================================
2025-08-08 04:06:23,906 - __main__ - INFO - üöÄ [7/7] ÂºÄÂßã level5_8_hunyuanvideo_vae_decoder
2025-08-08 04:06:23,906 - __main__ - INFO - ======================================================================
2025-08-08 04:06:23,963 - openevolve.controller - INFO - Logging to openevolve_output/level5_8_hunyuanvideo_vae_decoder/logs/openevolve_20250808_040623.log
2025-08-08 04:06:23,963 - openevolve.controller - INFO - Set random seed to 42 for reproducibility
2025-08-08 04:06:24,003 - openevolve.llm.ensemble - INFO - Initialized LLM ensemble with models: deepseek (weight: 0.80), deepseek (weight: 0.20)
2025-08-08 04:06:24,042 - openevolve.llm.ensemble - INFO - Initialized LLM ensemble with models: deepseek (weight: 0.80), deepseek (weight: 0.20)
2025-08-08 04:06:24,042 - openevolve.prompt.sampler - INFO - Set custom templates: system=evaluator_system_message, user=None
2025-08-08 04:06:24,042 - openevolve.database - INFO - Initialized program database with 0 programs
2025-08-08 04:06:24,150 - openevolve.evaluator - INFO - Successfully loaded evaluation function from openevolve_output/level5_8_hunyuanvideo_vae_decoder/evaluation.py
2025-08-08 04:06:24,151 - openevolve.evaluator - INFO - Initialized evaluator with openevolve_output/level5_8_hunyuanvideo_vae_decoder/evaluation.py
2025-08-08 04:06:24,151 - openevolve.controller - INFO - Initialized OpenEvolve with /tmp/2dafe553615c2dbd4564849315b15ede.py
2025-08-08 04:06:24,151 - openevolve.controller - INFO - Adding initial program to database
2025-08-08 04:06:24,152 - openevolve.RemoteSpeedupEvaluator - INFO - [level5_8_hunyuanvideo_vae_decoder] verify_plus payload: reference_code(33994 chars) + custom_code(34115 chars)
2025-08-08 04:06:26,363 - openevolve.RemoteSpeedupEvaluator - INFO - [level5_8_hunyuanvideo_vae_decoder] verify_plus request success
2025-08-08 04:06:26,363 - openevolve.RemoteSpeedupEvaluator - INFO - [level5_8_hunyuanvideo_vae_decoder] verify_plus response: {"id":"level5_8_hunyuanvideo_vae_decoder","result":{"error":"No module named 'diffusers'\nTraceback (most recent call last):\n  File \"/cpfs01/shared/llm_kernel/hujiakai/KernelLLM/validation_api_server/evaluator.py\", line 92, in _measure_perf_worker\n    exec(textwrap.dedent(code_src), temp_module.__dict__)\n  File \"<string>\", line 8, in <module>\nModuleNotFoundError: No module named 'diffusers'\n"}}
2025-08-08 04:06:26,364 - openevolve.evaluator - WARNING - Evaluation attempt 1/4 failed for program 87979bdd-2d70-4b7a-bbb1-bfcaa16f2900: Error: The reference code is not valid or correct. The verify result is: {'error': 'No module named \'diffusers\'\nTraceback (most recent call last):\n  File "/cpfs01/shared/llm_kernel/hujiakai/KernelLLM/validation_api_server/evaluator.py", line 92, in _measure_perf_worker\n    exec(textwrap.dedent(code_src), temp_module.__dict__)\n  File "<string>", line 8, in <module>\nModuleNotFoundError: No module named \'diffusers\'\n'}
2025-08-08 04:06:27,367 - openevolve.RemoteSpeedupEvaluator - INFO - [level5_8_hunyuanvideo_vae_decoder] verify_plus payload: reference_code(33994 chars) + custom_code(34115 chars)
2025-08-08 04:06:29,600 - openevolve.RemoteSpeedupEvaluator - INFO - [level5_8_hunyuanvideo_vae_decoder] verify_plus request success
2025-08-08 04:06:29,600 - openevolve.RemoteSpeedupEvaluator - INFO - [level5_8_hunyuanvideo_vae_decoder] verify_plus response: {"id":"level5_8_hunyuanvideo_vae_decoder","result":{"error":"No module named 'diffusers'\nTraceback (most recent call last):\n  File \"/cpfs01/shared/llm_kernel/hujiakai/KernelLLM/validation_api_server/evaluator.py\", line 92, in _measure_perf_worker\n    exec(textwrap.dedent(code_src), temp_module.__dict__)\n  File \"<string>\", line 8, in <module>\nModuleNotFoundError: No module named 'diffusers'\n"}}
2025-08-08 04:06:29,600 - openevolve.evaluator - WARNING - Evaluation attempt 2/4 failed for program 87979bdd-2d70-4b7a-bbb1-bfcaa16f2900: Error: The reference code is not valid or correct. The verify result is: {'error': 'No module named \'diffusers\'\nTraceback (most recent call last):\n  File "/cpfs01/shared/llm_kernel/hujiakai/KernelLLM/validation_api_server/evaluator.py", line 92, in _measure_perf_worker\n    exec(textwrap.dedent(code_src), temp_module.__dict__)\n  File "<string>", line 8, in <module>\nModuleNotFoundError: No module named \'diffusers\'\n'}
2025-08-08 04:06:30,604 - openevolve.RemoteSpeedupEvaluator - INFO - [level5_8_hunyuanvideo_vae_decoder] verify_plus payload: reference_code(33994 chars) + custom_code(34115 chars)
2025-08-08 04:06:33,588 - openevolve.RemoteSpeedupEvaluator - INFO - [level5_8_hunyuanvideo_vae_decoder] verify_plus request success
2025-08-08 04:06:33,588 - openevolve.RemoteSpeedupEvaluator - INFO - [level5_8_hunyuanvideo_vae_decoder] verify_plus response: {"id":"level5_8_hunyuanvideo_vae_decoder","result":{"error":"No module named 'diffusers'\nTraceback (most recent call last):\n  File \"/cpfs01/shared/llm_kernel/hujiakai/KernelLLM/validation_api_server/evaluator.py\", line 92, in _measure_perf_worker\n    exec(textwrap.dedent(code_src), temp_module.__dict__)\n  File \"<string>\", line 8, in <module>\nModuleNotFoundError: No module named 'diffusers'\n"}}
2025-08-08 04:06:33,589 - openevolve.evaluator - WARNING - Evaluation attempt 3/4 failed for program 87979bdd-2d70-4b7a-bbb1-bfcaa16f2900: Error: The reference code is not valid or correct. The verify result is: {'error': 'No module named \'diffusers\'\nTraceback (most recent call last):\n  File "/cpfs01/shared/llm_kernel/hujiakai/KernelLLM/validation_api_server/evaluator.py", line 92, in _measure_perf_worker\n    exec(textwrap.dedent(code_src), temp_module.__dict__)\n  File "<string>", line 8, in <module>\nModuleNotFoundError: No module named \'diffusers\'\n'}
2025-08-08 04:06:34,590 - openevolve.RemoteSpeedupEvaluator - INFO - [level5_8_hunyuanvideo_vae_decoder] verify_plus payload: reference_code(33994 chars) + custom_code(34115 chars)
2025-08-08 04:06:36,931 - openevolve.RemoteSpeedupEvaluator - INFO - [level5_8_hunyuanvideo_vae_decoder] verify_plus request success
2025-08-08 04:06:36,933 - openevolve.RemoteSpeedupEvaluator - INFO - [level5_8_hunyuanvideo_vae_decoder] verify_plus response: {"id":"level5_8_hunyuanvideo_vae_decoder","result":{"error":"No module named 'diffusers'\nTraceback (most recent call last):\n  File \"/cpfs01/shared/llm_kernel/hujiakai/KernelLLM/validation_api_server/evaluator.py\", line 92, in _measure_perf_worker\n    exec(textwrap.dedent(code_src), temp_module.__dict__)\n  File \"<string>\", line 8, in <module>\nModuleNotFoundError: No module named 'diffusers'\n"}}
2025-08-08 04:06:36,934 - openevolve.evaluator - WARNING - Evaluation attempt 4/4 failed for program 87979bdd-2d70-4b7a-bbb1-bfcaa16f2900: Error: The reference code is not valid or correct. The verify result is: {'error': 'No module named \'diffusers\'\nTraceback (most recent call last):\n  File "/cpfs01/shared/llm_kernel/hujiakai/KernelLLM/validation_api_server/evaluator.py", line 92, in _measure_perf_worker\n    exec(textwrap.dedent(code_src), temp_module.__dict__)\n  File "<string>", line 8, in <module>\nModuleNotFoundError: No module named \'diffusers\'\n'}
2025-08-08 04:06:36,935 - openevolve.evaluator - ERROR - All evaluation attempts failed for program 87979bdd-2d70-4b7a-bbb1-bfcaa16f2900. Last error: Error: The reference code is not valid or correct. The verify result is: {'error': 'No module named \'diffusers\'\nTraceback (most recent call last):\n  File "/cpfs01/shared/llm_kernel/hujiakai/KernelLLM/validation_api_server/evaluator.py", line 92, in _measure_perf_worker\n    exec(textwrap.dedent(code_src), temp_module.__dict__)\n  File "<string>", line 8, in <module>\nModuleNotFoundError: No module named \'diffusers\'\n'}
2025-08-08 04:06:36,936 - __main__ - ERROR - üí• Â§±Ë¥• level5_8_hunyuanvideo_vae_decoder: 'score'
2025-08-08 04:06:36,936 - __main__ - INFO - ----------------------------------------------------------------------
2025-08-08 04:06:36,936 - __main__ - INFO - üìä ËøõÁ®ã rank=2 ÁªìÊùü | ÊàêÂäü 5 | Â§±Ë¥• 2
2025-08-08 04:06:36,936 - __main__ - INFO - ----------------------------------------------------------------------
