2025-08-08 17:23:21,715 - openevolve.controller - INFO - Logging to openevolve_output/level1_65_conv_transposed_2D__square_input__asymmetric_kernel/logs/openevolve_20250808_172321.log
2025-08-08 17:23:21,715 - openevolve.controller - INFO - Set random seed to 42 for reproducibility
2025-08-08 17:23:21,755 - openevolve.llm.ensemble - INFO - Initialized LLM ensemble with models: deepseek (weight: 0.80), deepseek (weight: 0.20)
2025-08-08 17:23:21,795 - openevolve.llm.ensemble - INFO - Initialized LLM ensemble with models: deepseek (weight: 0.80), deepseek (weight: 0.20)
2025-08-08 17:23:21,795 - openevolve.prompt.sampler - INFO - Set custom templates: system=evaluator_system_message, user=None
2025-08-08 17:23:21,795 - openevolve.database - INFO - Initialized program database with 0 programs
2025-08-08 17:23:21,817 - openevolve.evaluator - INFO - Successfully loaded evaluation function from openevolve_output/level1_65_conv_transposed_2D__square_input__asymmetric_kernel/evaluation.py
2025-08-08 17:23:21,818 - openevolve.evaluator - INFO - Initialized evaluator with openevolve_output/level1_65_conv_transposed_2D__square_input__asymmetric_kernel/evaluation.py
2025-08-08 17:23:21,818 - openevolve.controller - INFO - Initialized OpenEvolve with /tmp/4f9e36f17bdc4d238b170085c45b332c.py
2025-08-08 17:23:21,818 - openevolve.controller - INFO - Adding initial program to database
2025-08-08 17:23:21,818 - openevolve.RemoteSpeedupEvaluator - INFO - [level1_65_conv_transposed_2D__square_input__asymmetric_kernel] verify_plus payload: reference_code(2052 chars) + custom_code(2176 chars)
2025-08-08 17:23:25,219 - openevolve.RemoteSpeedupEvaluator - INFO - [level1_65_conv_transposed_2D__square_input__asymmetric_kernel] verify_plus request success
2025-08-08 17:23:25,220 - openevolve.RemoteSpeedupEvaluator - INFO - [level1_65_conv_transposed_2D__square_input__asymmetric_kernel] verify_plus response: {"id":"level1_65_conv_transposed_2D__square_input__asymmetric_kernel","result":{"compiled":true,"correctness":true,"metadata":{"hardware":"NVIDIA L20Y","device":"cuda:2","correctness_trials":"(5 / 5)","reference_timing_ms":0.0526,"speed_up":0.259,"custom_timing":0.203},"runtime":0.203,"runtime_stats":{"mean":0.203,"std":0.00199,"min":0.199,"max":0.216,"num_trials":100,"hardware":"NVIDIA L20Y","device":"cuda:2"}}}
2025-08-08 17:23:25,220 - openevolve.evaluator - INFO - Evaluated program a02ea640-76d0-47f9-a2f9-e6ca37cbdcc4 in 3.40s: compiled=1.0000, correctness=1.0000, stage=reference code, passed=0.0000, score=0.0000, speed_up=1.0000, runtime_ms=0.2030, meta={'hardware': 'NVIDIA L20Y', 'device': 'cuda:2', 'correctness_trials': '(5 / 5)', 'reference_timing_ms': 0.0526, 'speed_up': 0.259, 'custom_timing': 0.203}
2025-08-08 17:23:25,220 - openevolve.database - INFO - New MAP-Elites cell occupied: {'score': 0, 'complexity': 2}
2025-08-08 17:23:25,234 - openevolve.threaded_parallel - INFO - Initializing threaded evaluation pool with 3 workers
2025-08-08 17:23:25,235 - openevolve.threaded_parallel - INFO - Started thread pool with 3 threads
2025-08-08 17:23:25,235 - openevolve.threaded_parallel - INFO - Started improved parallel controller
2025-08-08 17:23:25,235 - openevolve.controller - INFO - Using island-based evolution with 3 islands
2025-08-08 17:23:25,235 - openevolve.database - INFO - Island Status:
2025-08-08 17:23:25,235 - openevolve.database - INFO -  * Island 0: 1 programs, best=0.0000, avg=0.0000, diversity=0.00, gen=0 (best: a02ea640-76d0-47f9-a2f9-e6ca37cbdcc4)
2025-08-08 17:23:25,235 - openevolve.database - INFO -    Island 1: 0 programs, best=0.0000, avg=0.0000, diversity=0.00, gen=0
2025-08-08 17:23:25,236 - openevolve.database - INFO -    Island 2: 0 programs, best=0.0000, avg=0.0000, diversity=0.00, gen=0
2025-08-08 17:23:25,236 - openevolve.threaded_parallel - INFO - Starting improved parallel evolution from iteration 0 for 30 iterations (total: 30)
2025-08-08 17:23:25,377 - openevolve.llm.ensemble - INFO - Initialized LLM ensemble with models: deepseek (weight: 0.80), deepseek (weight: 0.20)
2025-08-08 17:23:25,377 - openevolve.llm.ensemble - INFO - Initialized LLM ensemble with models: deepseek (weight: 0.80), deepseek (weight: 0.20)
2025-08-08 17:23:25,385 - openevolve.llm.ensemble - INFO - Initialized LLM ensemble with models: deepseek (weight: 0.80), deepseek (weight: 0.20)
2025-08-08 17:23:25,518 - openevolve.llm.ensemble - INFO - Initialized LLM ensemble with models: deepseek (weight: 0.80), deepseek (weight: 0.20)
2025-08-08 17:23:25,518 - openevolve.prompt.sampler - INFO - Set custom templates: system=evaluator_system_message, user=None
2025-08-08 17:23:25,519 - openevolve.llm.ensemble - INFO - Initialized LLM ensemble with models: deepseek (weight: 0.80), deepseek (weight: 0.20)
2025-08-08 17:23:25,519 - openevolve.prompt.sampler - INFO - Set custom templates: system=evaluator_system_message, user=None
2025-08-08 17:23:25,521 - openevolve.evaluator - INFO - Successfully loaded evaluation function from openevolve_output/level1_65_conv_transposed_2D__square_input__asymmetric_kernel/evaluation.py
2025-08-08 17:23:25,521 - openevolve.evaluator - INFO - Initialized evaluator with openevolve_output/level1_65_conv_transposed_2D__square_input__asymmetric_kernel/evaluation.py
2025-08-08 17:23:25,522 - openevolve.evaluator - INFO - Successfully loaded evaluation function from openevolve_output/level1_65_conv_transposed_2D__square_input__asymmetric_kernel/evaluation.py
2025-08-08 17:23:25,522 - openevolve.evaluator - INFO - Initialized evaluator with openevolve_output/level1_65_conv_transposed_2D__square_input__asymmetric_kernel/evaluation.py
2025-08-08 17:23:25,523 - openevolve.llm.ensemble - INFO - Sampled model: deepseek
2025-08-08 17:23:25,523 - openevolve.llm.ensemble - INFO - Initialized LLM ensemble with models: deepseek (weight: 0.80), deepseek (weight: 0.20)
2025-08-08 17:23:25,524 - openevolve.prompt.sampler - INFO - Set custom templates: system=evaluator_system_message, user=None
2025-08-08 17:23:25,524 - openevolve.llm.ensemble - INFO - Sampled model: deepseek
2025-08-08 17:23:25,526 - openevolve.evaluator - INFO - Successfully loaded evaluation function from openevolve_output/level1_65_conv_transposed_2D__square_input__asymmetric_kernel/evaluation.py
2025-08-08 17:23:25,526 - openevolve.evaluator - INFO - Initialized evaluator with openevolve_output/level1_65_conv_transposed_2D__square_input__asymmetric_kernel/evaluation.py
2025-08-08 17:23:25,527 - openevolve.llm.ensemble - INFO - Sampled model: deepseek
2025-08-08 17:36:45,103 - openevolve.RemoteSpeedupEvaluator - INFO - [level1_65_conv_transposed_2D__square_input__asymmetric_kernel] triton key words check pass
2025-08-08 17:36:45,104 - openevolve.RemoteSpeedupEvaluator - INFO - [level1_65_conv_transposed_2D__square_input__asymmetric_kernel] verify_plus payload: reference_code(2052 chars) + custom_code(6734 chars)
2025-08-08 17:36:48,127 - openevolve.RemoteSpeedupEvaluator - INFO - [level1_65_conv_transposed_2D__square_input__asymmetric_kernel] verify_plus request success
2025-08-08 17:36:48,127 - openevolve.RemoteSpeedupEvaluator - INFO - [level1_65_conv_transposed_2D__square_input__asymmetric_kernel] verify_plus response: {"id":"level1_65_conv_transposed_2D__square_input__asymmetric_kernel","result":{"error":"name 'math' is not defined\nTraceback (most recent call last):\n  File \"/cpfs01/shared/llm_kernel/hujiakai/KernelLLM/validation_api_server/evaluator.py\", line 173, in _verification_worker\n    result: KernelExecResult = eval_kernel_against_ref(\n  File \"/cpfs01/shared/llm_kernel/hujiakai/KernelLLM/validation_api_server/helpers/evaluations.py\", line 484, in eval_kernel_against_ref\n    custom_model = ModelNew(*init_args, **init_kwargs)\n  File \"/tmp/tmp6cs7_fv0.py\", line 131, in __init__\n    nn.init.kaiming_uniform_(self.weight, a=math.sqrt(5))\nNameError: name 'math' is not defined\n"}}
2025-08-08 17:36:48,127 - openevolve.RemoteSpeedupEvaluator - INFO - [level1_65_conv_transposed_2D__square_input__asymmetric_kernel] âœ˜ compile_error
2025-08-08 17:36:48,127 - openevolve.RemoteSpeedupEvaluator - INFO - [level1_65_conv_transposed_2D__square_input__asymmetric_kernel_74c508] execute payload: {id:level1_65_conv_transposed_2D__square_input__asymmetric_kernel_74c508, device_type:NV_LY_20}
2025-08-08 17:36:50,362 - openevolve.RemoteSpeedupEvaluator - INFO - [level1_65_conv_transposed_2D__square_input__asymmetric_kernel_74c508] execute request success
2025-08-08 17:36:50,362 - openevolve.RemoteSpeedupEvaluator - INFO - [level1_65_conv_transposed_2D__square_input__asymmetric_kernel_74c508] execute response: {"id":"level1_65_conv_transposed_2D__square_input__asymmetric_kernel_74c508","exit_code":"1","content":"[Child] ç»‘å®š GPU 7, torch sees 1 device(s)\n\n[Exception]\nTraceback (most recent call last):\n  File \"/cpfs01/shared/llm_kernel/hujiakai/KernelLLM/validation_api_server/code_executor.py\", line 71, in _exec_worker\n    exec(textwrap.dedent(code_src), mod.__dict__)\n  File \"<string>\", line 8, in <module>\n  File \"/home/lijiaxing/.conda/envs/api/lib/python3.10/site-packages/triton/runtime/jit.py\", line 844, in jit\n    return decorator(fn)\n  File \"/home/lijiaxing/.conda/envs/api/lib/python3.10/site-packages/triton/runtime/jit.py\", line 832, in decorator\n    return JITFunction(\n  File \"/home/lijiaxing/.conda/envs/api/lib/python3.10/site-packages/triton/runtime/jit.py\", line 635, 
2025-08-08 17:36:50,363 - openevolve.evaluator - INFO - Evaluated program 35fb35c3-d5a6-46bf-ad82-65396b4ed4b8 in 5.26s: compiled=0.0000, correctness=0.0000, score=1.0000, stage=compile_error, compile_log=name 'math' is not defined
Traceback (most recent call last):
  File "/cpfs01/shared/llm_kernel/hujiakai/KernelLLM/validation_api_server/evaluator.py", line 173, in _verification_worker
    result: KernelExecResult = eval_kernel_against_ref(
  File "/cpfs01/shared/llm_kernel/hujiakai/KernelLLM/validation_api_server/helpers/evaluations.py", line 484, in eval_kernel_against_ref
    custom_model = ModelNew(*init_args, **init_kwargs)
  File "/tmp/tmp6cs7_fv0.py", line 131, in __init__
    nn.init.kaiming_uniform_(self.weight, a=math.sqrt(5))
NameError: name 'math' is not defined
, exec_log=[Child] ç»‘å®š GPU 7, torch sees 1 device(s)

[Exception]
Traceback (most recent call last):
  File "/cpfs01/shared/llm_kernel/hujiakai/KernelLLM/validation_api_server/code_executor.py", line 71, in _exec_worker
    exec(textwrap.dedent(code_src), mod.__dict__)
  File "<string>", line 8, in <module>
  File "/home/lijiaxing/.conda/envs/api/lib/python3.10/site-packages/triton/runtime/jit.py", line 844, in jit
    return decorator(fn)
  File "/home/lijiaxing/.conda/envs/api/lib/python3.10/site-packages/triton/runtime/jit.py", line 832, in decorator
    return JITFunction(
  File "/home/lijiaxing/.conda/envs/api/lib/python3.10/site-packages/triton/runtime/jit.py", line 635, in __init__
    self.starting_line_number = inspect.getsourcelines(fn)[1]
  File "/home/lijiaxing/.conda/envs/api/lib/python3.10/inspect.py", line 1121, in getsourcelines
    lines, lnum = findsource(object)
  File "/home/lijiaxing/.conda/envs/api/lib/python3.10/inspect.py", line 958, in findsource
    raise OSError('could not get source code')
OSError: could not get source code
, exit_code=1
2025-08-08 17:36:50,365 - openevolve.database - INFO - New MAP-Elites cell occupied: {'score': 9, 'complexity': 9}
2025-08-08 17:36:50,365 - openevolve.database - INFO - New best program 35fb35c3-d5a6-46bf-ad82-65396b4ed4b8 replaces a02ea640-76d0-47f9-a2f9-e6ca37cbdcc4
2025-08-08 17:36:50,366 - openevolve.llm.ensemble - INFO - Sampled model: deepseek
2025-08-08 17:36:50,378 - openevolve.threaded_parallel - INFO - Iteration 0: Program 35fb35c3-d5a6-46bf-ad82-65396b4ed4b8 (parent: a02ea640-76d0-47f9-a2f9-e6ca37cbdcc4) completed in 804.84s
2025-08-08 17:36:50,378 - openevolve.threaded_parallel - INFO - Metrics: compiled=0.0000, correctness=0.0000, score=1.0000, stage=compile_error, compile_log=name 'math' is not defined
Traceback (most recent call last):
  File "/cpfs01/shared/llm_kernel/hujiakai/KernelLLM/validation_api_server/evaluator.py", line 173, in _verification_worker
    result: KernelExecResult = eval_kernel_against_ref(
  File "/cpfs01/shared/llm_kernel/hujiakai/KernelLLM/validation_api_server/helpers/evaluations.py", line 484, in eval_kernel_against_ref
    custom_model = ModelNew(*init_args, **init_kwargs)
  File "/tmp/tmp6cs7_fv0.py", line 131, in __init__
    nn.init.kaiming_uniform_(self.weight, a=math.sqrt(5))
NameError: name 'math' is not defined
, exec_log=[Child] ç»‘å®š GPU 7, torch sees 1 device(s)

[Exception]
Traceback (most recent call last):
  File "/cpfs01/shared/llm_kernel/hujiakai/KernelLLM/validation_api_server/code_executor.py", line 71, in _exec_worker
    exec(textwrap.dedent(code_src), mod.__dict__)
  File "<string>", line 8, in <module>
  File "/home/lijiaxing/.conda/envs/api/lib/python3.10/site-packages/triton/runtime/jit.py", line 844, in jit
    return decorator(fn)
  File "/home/lijiaxing/.conda/envs/api/lib/python3.10/site-packages/triton/runtime/jit.py", line 832, in decorator
    return JITFunction(
  File "/home/lijiaxing/.conda/envs/api/lib/python3.10/site-packages/triton/runtime/jit.py", line 635, in __init__
    self.starting_line_number = inspect.getsourcelines(fn)[1]
  File "/home/lijiaxing/.conda/envs/api/lib/python3.10/inspect.py", line 1121, in getsourcelines
    lines, lnum = findsource(object)
  File "/home/lijiaxing/.conda/envs/api/lib/python3.10/inspect.py", line 958, in findsource
    raise OSError('could not get source code')
OSError: could not get source code
, exit_code=1
2025-08-08 17:36:50,378 - openevolve.threaded_parallel - INFO - ðŸŒŸ New best solution found at iteration 0: 35fb35c3-d5a6-46bf-ad82-65396b4ed4b8
2025-08-08 17:36:50,378 - openevolve.threaded_parallel - INFO - Checkpoint interval reached at iteration 0
2025-08-08 17:36:50,379 - openevolve.database - INFO - Island Status:
2025-08-08 17:36:50,379 - openevolve.database - INFO -  * Island 0: 2 programs, best=1.0000, avg=0.5000, diversity=1912.60, gen=1 (best: 35fb35c3-d5a6-46bf-ad82-65396b4ed4b8)
2025-08-08 17:36:50,379 - openevolve.database - INFO -    Island 1: 0 programs, best=0.0000, avg=0.0000, diversity=0.00, gen=0
2025-08-08 17:36:50,379 - openevolve.database - INFO -    Island 2: 0 programs, best=0.0000, avg=0.0000, diversity=0.00, gen=0
2025-08-08 17:36:50,412 - openevolve.database - INFO - Saved database with 2 programs to openevolve_output/level1_65_conv_transposed_2D__square_input__asymmetric_kernel/checkpoints/checkpoint_0
2025-08-08 17:36:50,427 - openevolve.controller - INFO - Saved best program at checkpoint 0 with metrics: compiled=0.0000, correctness=0.0000, score=1.0000, stage=compile_error, compile_log=name 'math' is not defined
Traceback (most recent call last):
  File "/cpfs01/shared/llm_kernel/hujiakai/KernelLLM/validation_api_server/evaluator.py", line 173, in _verification_worker
    result: KernelExecResult = eval_kernel_against_ref(
  File "/cpfs01/shared/llm_kernel/hujiakai/KernelLLM/validation_api_server/helpers/evaluations.py", line 484, in eval_kernel_against_ref
    custom_model = ModelNew(*init_args, **init_kwargs)
  File "/tmp/tmp6cs7_fv0.py", line 131, in __init__
    nn.init.kaiming_uniform_(self.weight, a=math.sqrt(5))
NameError: name 'math' is not defined
, exec_log=[Child] ç»‘å®š GPU 7, torch sees 1 device(s)

[Exception]
Traceback (most recent call last):
  File "/cpfs01/shared/llm_kernel/hujiakai/KernelLLM/validation_api_server/code_executor.py", line 71, in _exec_worker
    exec(textwrap.dedent(code_src), mod.__dict__)
  File "<string>", line 8, in <module>
  File "/home/lijiaxing/.conda/envs/api/lib/python3.10/site-packages/triton/runtime/jit.py", line 844, in jit
    return decorator(fn)
  File "/home/lijiaxing/.conda/envs/api/lib/python3.10/site-packages/triton/runtime/jit.py", line 832, in decorator
    return JITFunction(
  File "/home/lijiaxing/.conda/envs/api/lib/python3.10/site-packages/triton/runtime/jit.py", line 635, in __init__
    self.starting_line_number = inspect.getsourcelines(fn)[1]
  File "/home/lijiaxing/.conda/envs/api/lib/python3.10/inspect.py", line 1121, in getsourcelines
    lines, lnum = findsource(object)
  File "/home/lijiaxing/.conda/envs/api/lib/python3.10/inspect.py", line 958, in findsource
    raise OSError('could not get source code')
OSError: could not get source code
, exit_code=1
2025-08-08 17:36:50,428 - openevolve.controller - INFO - Saved checkpoint at iteration 0 to openevolve_output/level1_65_conv_transposed_2D__square_input__asymmetric_kernel/checkpoints/checkpoint_0
2025-08-08 17:38:15,264 - openevolve.RemoteSpeedupEvaluator - INFO - [level1_65_conv_transposed_2D__square_input__asymmetric_kernel] triton key words check pass
2025-08-08 17:38:15,265 - openevolve.RemoteSpeedupEvaluator - INFO - [level1_65_conv_transposed_2D__square_input__asymmetric_kernel] verify_plus payload: reference_code(2052 chars) + custom_code(5899 chars)
2025-08-08 17:38:18,876 - openevolve.RemoteSpeedupEvaluator - INFO - [level1_65_conv_transposed_2D__square_input__asymmetric_kernel] verify_plus request success
2025-08-08 17:38:18,876 - openevolve.RemoteSpeedupEvaluator - INFO - [level1_65_conv_transposed_2D__square_input__asymmetric_kernel] verify_plus response: {"id":"level1_65_conv_transposed_2D__square_input__asymmetric_kernel","result":{"compiled":true,"correctness":false,"metadata":{"hardware":"NVIDIA L20Y","device":"cuda:6","runtime_error":"Traceback (most recent call last):\n  File \"/home/lijiaxing/.conda/envs/api/lib/python3.10/site-packages/triton/language/core.py\", line 42, in wrapper\n    return fn(*args, **kwargs)\n  File \"/home/lijiaxing/.conda/envs/api/lib/python3.10/site-packages/triton/language/core.py\", line 2231, in make_block_ptr\n    return _semantic.make_block_ptr(base, shape, strides, offsets, block_shape, order)\n  File \"/home/lijiaxing/.conda/envs/api/lib/python3.10/site-packages/triton/language/semantic.py\", line 1821, in make_block_ptr\n    assert all(isinstance(elem, int) and -2**31 <= elem < 2**31 for elem in bloc
2025-08-08 17:38:18,876 - openevolve.RemoteSpeedupEvaluator - INFO - [level1_65_conv_transposed_2D__square_input__asymmetric_kernel] âœ˜ wrong_answer
2025-08-08 17:38:18,877 - openevolve.evaluator - INFO - Evaluated program ed56c7c1-a11e-4f0c-b3cd-fbbe2133acec in 3.61s: compiled=1.0000, correctness=0.0000, score=10.0000, stage=wrong_answer, verify_payload={'id': 'level1_65_conv_transposed_2D__square_input__asymmetric_kernel', 'result': {'compiled': True, 'correctness': False, 'metadata': {'hardware': 'NVIDIA L20Y', 'device': 'cuda:6', 'runtime_error': 'Traceback (most recent call last):\n  File "/home/lijiaxing/.conda/envs/api/lib/python3.10/site-packages/triton/language/core.py", line 42, in wrapper\n    return fn(*args, **kwargs)\n  File "/home/lijiaxing/.conda/envs/api/lib/python3.10/site-packages/triton/language/core.py", line 2231, in make_block_ptr\n    return _semantic.make_block_ptr(base, shape, strides, offsets, block_shape, order)\n  File "/home/lijiaxing/.conda/envs/api/lib/python3.10/site-packages/triton/language/semantic.py", line 1821, in make_block_ptr\n    assert all(isinstance(elem, int) and -2**31 <= elem < 2**31 for elem in block_shape), \\\nAssertionError: Expected a list of constant integers (`int32_t` range) in `block_shape`\n\nThe above exception was the direct cause of the following exception:\n\nTraceback (most recent call last):\n  File "/cpfs01/shared/llm_kernel/hujiakai/KernelLLM/validation_api_server/helpers/evaluations.py", line 720, in run_and_check_correctness\n    output_new = model_new(*inputs)\n  File "/home/lijiaxing/.conda/envs/api/lib/python3.10/site-packages/torch/nn/modules/module.py", line 1773, in _wrapped_call_impl\n    return self._call_impl(*args, **kwargs)\n  File "/home/lijiaxing/.conda/envs/api/lib/python3.10/site-packages/torch/nn/modules/module.py", line 1784, in _call_impl\n    return forward_call(*args, **kwargs)\n  File "/tmp/tmpdzney40g.py", line 147, in forward\n    conv_transpose_kernel[grid](\n  File "/home/lijiaxing/.conda/envs/api/lib/python3.10/site-packages/triton/runtime/jit.py", line 390, in <lambda>\n    return lambda *args, **kwargs: self.run(grid=grid, warmup=False, *args, **kwargs)\n  File "/home/lijiaxing/.conda/envs/api/lib/python3.10/site-packages/triton/runtime/jit.py", line 594, in run\n    kernel = self.compile(src, target=target, options=options.__dict__)\n  File "/home/lijiaxing/.conda/envs/api/lib/python3.10/site-packages/triton/compiler/compiler.py", line 339, in compile\n    module = src.make_ir(options, codegen_fns, module_map, context)\n  File "/home/lijiaxing/.conda/envs/api/lib/python3.10/site-packages/triton/compiler/compiler.py", line 83, in make_ir\n    return ast_to_ttir(self.fn, self, context=context, options=options, codegen_fns=codegen_fns,\ntriton.compiler.errors.CompilationError: at 24:18:\n    BLOCK_SIZE_HW: tl.constexpr,\n):\n    pid_bhw = tl.program_id(0)\n    pid_c = tl.program_id(1)\n\n    out_channels_per_group = C_out // groups\n    in_channels_per_group = C_in // groups\n    group_idx = pid_c // out_channels_per_group\n    c_out = pid_c % out_channels_per_group\n\n    # Create block pointers with boundary checks\n    x_block_ptr = tl.make_block_ptr(\n                  ^\n\n\nThe above exception was the direct cause of the following exception:\n\nTraceback (most recent call last):\n  File "/home/lijiaxing/.conda/envs/api/lib/python3.10/site-packages/triton/language/core.py", line 42, in wrapper\n    return fn(*args, **kwargs)\n  File "/home/lijiaxing/.conda/envs/api/lib/python3.10/site-packages/triton/language/core.py", line 2231, in make_block_ptr\n    return _semantic.make_block_ptr(base, shape, strides, offsets, block_shape, order)\n  File "/home/lijiaxing/.conda/envs/api/lib/python3.10/site-packages/triton/language/semantic.py", line 1821, in make_block_ptr\n    assert all(isinstance(elem, int) and -2**31 <= elem < 2**31 for elem in block_shape), \\\nAssertionError: Expected a list of constant integers (`int32_t` range) in `block_shape`\n', 'runtime_error_name': 'triton.compiler.errors.CompilationError', 'reference_timing_ms': 0.0526, 'speed_up': -1.0, 'custom_timing': -1.0}, 'runtime': -1.0, 'runtime_stats': {}}}
2025-08-08 17:38:18,880 - openevolve.llm.ensemble - INFO - Sampled model: deepseek
2025-08-08 17:38:18,884 - openevolve.database - INFO - New MAP-Elites cell occupied: {'score': 9, 'complexity': 8}
2025-08-08 17:38:18,884 - openevolve.database - INFO - New best program ed56c7c1-a11e-4f0c-b3cd-fbbe2133acec replaces 35fb35c3-d5a6-46bf-ad82-65396b4ed4b8
2025-08-08 17:38:18,896 - openevolve.threaded_parallel - INFO - Iteration 1: Program ed56c7c1-a11e-4f0c-b3cd-fbbe2133acec (parent: a02ea640-76d0-47f9-a2f9-e6ca37cbdcc4) completed in 893.35s
2025-08-08 17:38:18,897 - openevolve.threaded_parallel - INFO - Metrics: compiled=1.0000, correctness=0.0000, score=10.0000, stage=wrong_answer, verify_payload={'id': 'level1_65_conv_transposed_2D__square_input__asymmetric_kernel', 'result': {'compiled': True, 'correctness': False, 'metadata': {'hardware': 'NVIDIA L20Y', 'device': 'cuda:6', 'runtime_error': 'Traceback (most recent call last):\n  File "/home/lijiaxing/.conda/envs/api/lib/python3.10/site-packages/triton/language/core.py", line 42, in wrapper\n    return fn(*args, **kwargs)\n  File "/home/lijiaxing/.conda/envs/api/lib/python3.10/site-packages/triton/language/core.py", line 2231, in make_block_ptr\n    return _semantic.make_block_ptr(base, shape, strides, offsets, block_shape, order)\n  File "/home/lijiaxing/.conda/envs/api/lib/python3.10/site-packages/triton/language/semantic.py", line 1821, in make_block_ptr\n    assert all(isinstance(elem, int) and -2**31 <= elem < 2**31 for elem in block_shape), \\\nAssertionError: Expected a list of constant integers (`int32_t` range) in `block_shape`\n\nThe above exception was the direct cause of the following exception:\n\nTraceback (most recent call last):\n  File "/cpfs01/shared/llm_kernel/hujiakai/KernelLLM/validation_api_server/helpers/evaluations.py", line 720, in run_and_check_correctness\n    output_new = model_new(*inputs)\n  File "/home/lijiaxing/.conda/envs/api/lib/python3.10/site-packages/torch/nn/modules/module.py", line 1773, in _wrapped_call_impl\n    return self._call_impl(*args, **kwargs)\n  File "/home/lijiaxing/.conda/envs/api/lib/python3.10/site-packages/torch/nn/modules/module.py", line 1784, in _call_impl\n    return forward_call(*args, **kwargs)\n  File "/tmp/tmpdzney40g.py", line 147, in forward\n    conv_transpose_kernel[grid](\n  File "/home/lijiaxing/.conda/envs/api/lib/python3.10/site-packages/triton/runtime/jit.py", line 390, in <lambda>\n    return lambda *args, **kwargs: self.run(grid=grid, warmup=False, *args, **kwargs)\n  File "/home/lijiaxing/.conda/envs/api/lib/python3.10/site-packages/triton/runtime/jit.py", line 594, in run\n    kernel = self.compile(src, target=target, options=options.__dict__)\n  File "/home/lijiaxing/.conda/envs/api/lib/python3.10/site-packages/triton/compiler/compiler.py", line 339, in compile\n    module = src.make_ir(options, codegen_fns, module_map, context)\n  File "/home/lijiaxing/.conda/envs/api/lib/python3.10/site-packages/triton/compiler/compiler.py", line 83, in make_ir\n    return ast_to_ttir(self.fn, self, context=context, options=options, codegen_fns=codegen_fns,\ntriton.compiler.errors.CompilationError: at 24:18:\n    BLOCK_SIZE_HW: tl.constexpr,\n):\n    pid_bhw = tl.program_id(0)\n    pid_c = tl.program_id(1)\n\n    out_channels_per_group = C_out // groups\n    in_channels_per_group = C_in // groups\n    group_idx = pid_c // out_channels_per_group\n    c_out = pid_c % out_channels_per_group\n\n    # Create block pointers with boundary checks\n    x_block_ptr = tl.make_block_ptr(\n                  ^\n\n\nThe above exception was the direct cause of the following exception:\n\nTraceback (most recent call last):\n  File "/home/lijiaxing/.conda/envs/api/lib/python3.10/site-packages/triton/language/core.py", line 42, in wrapper\n    return fn(*args, **kwargs)\n  File "/home/lijiaxing/.conda/envs/api/lib/python3.10/site-packages/triton/language/core.py", line 2231, in make_block_ptr\n    return _semantic.make_block_ptr(base, shape, strides, offsets, block_shape, order)\n  File "/home/lijiaxing/.conda/envs/api/lib/python3.10/site-packages/triton/language/semantic.py", line 1821, in make_block_ptr\n    assert all(isinstance(elem, int) and -2**31 <= elem < 2**31 for elem in block_shape), \\\nAssertionError: Expected a list of constant integers (`int32_t` range) in `block_shape`\n', 'runtime_error_name': 'triton.compiler.errors.CompilationError', 'reference_timing_ms': 0.0526, 'speed_up': -1.0, 'custom_timing': -1.0}, 'runtime': -1.0, 'runtime_stats': {}}}
2025-08-08 17:38:18,897 - openevolve.threaded_parallel - INFO - ðŸŒŸ New best solution found at iteration 1: ed56c7c1-a11e-4f0c-b3cd-fbbe2133acec
2025-08-08 17:41:39,850 - openevolve.RemoteSpeedupEvaluator - INFO - [level1_65_conv_transposed_2D__square_input__asymmetric_kernel] triton key words check pass
2025-08-08 17:41:39,852 - openevolve.RemoteSpeedupEvaluator - INFO - [level1_65_conv_transposed_2D__square_input__asymmetric_kernel] verify_plus payload: reference_code(2052 chars) + custom_code(4777 chars)
2025-08-08 17:41:43,189 - openevolve.RemoteSpeedupEvaluator - INFO - [level1_65_conv_transposed_2D__square_input__asymmetric_kernel] verify_plus request success
2025-08-08 17:41:43,189 - openevolve.RemoteSpeedupEvaluator - INFO - [level1_65_conv_transposed_2D__square_input__asymmetric_kernel] verify_plus response: {"id":"level1_65_conv_transposed_2D__square_input__asymmetric_kernel","result":{"compiled":true,"correctness":false,"metadata":{"hardware":"NVIDIA L20Y","device":"cuda:1","runtime_error":"Traceback (most recent call last):\n  File \"/home/lijiaxing/.conda/envs/api/lib/python3.10/site-packages/triton/language/core.py\", line 42, in wrapper\n    return fn(*args, **kwargs)\n  File \"/home/lijiaxing/.conda/envs/api/lib/python3.10/site-packages/triton/language/core.py\", line 2216, in store\n    return _semantic.store(pointer, value, mask, boundary_check, cache_modifier, eviction_policy)\n  File \"/home/lijiaxing/.conda/envs/api/lib/python3.10/site-packages/triton/language/semantic.py\", line 1292, in store\n    return self._store_legacy(ptr, val, mask, boundary_check, cache, eviction)\n  File 
2025-08-08 17:41:43,189 - openevolve.RemoteSpeedupEvaluator - INFO - [level1_65_conv_transposed_2D__square_input__asymmetric_kernel] âœ˜ wrong_answer
2025-08-08 17:41:43,190 - openevolve.evaluator - INFO - Evaluated program 17bb2df5-8897-4583-b2d2-0cdb716bd41e in 3.34s: compiled=1.0000, correctness=0.0000, score=10.0000, stage=wrong_answer, verify_payload={'id': 'level1_65_conv_transposed_2D__square_input__asymmetric_kernel', 'result': {'compiled': True, 'correctness': False, 'metadata': {'hardware': 'NVIDIA L20Y', 'device': 'cuda:1', 'runtime_error': 'Traceback (most recent call last):\n  File "/home/lijiaxing/.conda/envs/api/lib/python3.10/site-packages/triton/language/core.py", line 42, in wrapper\n    return fn(*args, **kwargs)\n  File "/home/lijiaxing/.conda/envs/api/lib/python3.10/site-packages/triton/language/core.py", line 2216, in store\n    return _semantic.store(pointer, value, mask, boundary_check, cache_modifier, eviction_policy)\n  File "/home/lijiaxing/.conda/envs/api/lib/python3.10/site-packages/triton/language/semantic.py", line 1292, in store\n    return self._store_legacy(ptr, val, mask, boundary_check, cache, eviction)\n  File "/home/lijiaxing/.conda/envs/api/lib/python3.10/site-packages/triton/language/semantic.py", line 1254, in _store_legacy\n    val = self.broadcast_impl_shape(val, ptr.type.get_block_shapes())\n  File "/home/lijiaxing/.conda/envs/api/lib/python3.10/site-packages/triton/language/semantic.py", line 697, in broadcast_impl_shape\n    raise ValueError(f"Cannot broadcast, rank mismatch: {src_shape}, {shape}")\nValueError: Cannot broadcast, rank mismatch: [\'16\', \'16\'], [\'16\']\n\nThe above exception was the direct cause of the following exception:\n\nTraceback (most recent call last):\n  File "/cpfs01/shared/llm_kernel/hujiakai/KernelLLM/validation_api_server/helpers/evaluations.py", line 720, in run_and_check_correctness\n    output_new = model_new(*inputs)\n  File "/home/lijiaxing/.conda/envs/api/lib/python3.10/site-packages/torch/nn/modules/module.py", line 1773, in _wrapped_call_impl\n    return self._call_impl(*args, **kwargs)\n  File "/home/lijiaxing/.conda/envs/api/lib/python3.10/site-packages/torch/nn/modules/module.py", line 1784, in _call_impl\n    return forward_call(*args, **kwargs)\n  File "/tmp/tmp1lkvkvfb.py", line 113, in forward\n    conv_transpose2d_kernel[grid](\n  File "/home/lijiaxing/.conda/envs/api/lib/python3.10/site-packages/triton/runtime/jit.py", line 390, in <lambda>\n    return lambda *args, **kwargs: self.run(grid=grid, warmup=False, *args, **kwargs)\n  File "/home/lijiaxing/.conda/envs/api/lib/python3.10/site-packages/triton/runtime/jit.py", line 594, in run\n    kernel = self.compile(src, target=target, options=options.__dict__)\n  File "/home/lijiaxing/.conda/envs/api/lib/python3.10/site-packages/triton/compiler/compiler.py", line 339, in compile\n    module = src.make_ir(options, codegen_fns, module_map, context)\n  File "/home/lijiaxing/.conda/envs/api/lib/python3.10/site-packages/triton/compiler/compiler.py", line 83, in make_ir\n    return ast_to_ttir(self.fn, self, context=context, options=options, codegen_fns=codegen_fns,\ntriton.compiler.errors.CompilationError: at 58:4:\n\n                weight_val = tl.load(\n                    weight_ptr + \n                    c * weight_ics + \n                    pid_c * weight_ocs + \n                    kh * weight_hs + \n                    kw * weight_ws\n                )\n\n                acc += input_vals * weight_val\n\n    tl.store(output_ptrs, acc, mask=(offs_h < H_out) & (offs_w < W_out))\n    ^\n\n\nThe above exception was the direct cause of the following exception:\n\nTraceback (most recent call last):\n  File "/home/lijiaxing/.conda/envs/api/lib/python3.10/site-packages/triton/language/core.py", line 42, in wrapper\n    return fn(*args, **kwargs)\n  File "/home/lijiaxing/.conda/envs/api/lib/python3.10/site-packages/triton/language/core.py", line 2216, in store\n    return _semantic.store(pointer, value, mask, boundary_check, cache_modifier, eviction_policy)\n  File "/home/lijiaxing/.conda/envs/api/lib/python3.10/site-packages/triton/language/semantic.py", line 1292, in store\n    return self._store_legacy(ptr, val, mask, boundary_check, cache, eviction)\n  File "/home/lijiaxing/.conda/envs/api/lib/python3.10/site-packages/triton/language/semantic.py", line 1254, in _store_legacy\n    val = self.broadcast_impl_shape(val, ptr.type.get_block_shapes())\n  File "/home/lijiaxing/.conda/envs/api/lib/python3.10/site-packages/triton/language/semantic.py", line 697, in broadcast_impl_shape\n    raise ValueError(f"Cannot broadcast, rank mismatch: {src_shape}, {shape}")\nValueError: Cannot broadcast, rank mismatch: [\'16\', \'16\'], [\'16\']\n', 'runtime_error_name': 'triton.compiler.errors.CompilationError', 'reference_timing_ms': 0.0526, 'speed_up': -1.0, 'custom_timing': -1.0}, 'runtime': -1.0, 'runtime_stats': {}}}
2025-08-08 17:41:43,191 - openevolve.database - INFO - New MAP-Elites cell occupied: {'score': 9, 'complexity': 5}
2025-08-08 17:41:43,194 - openevolve.llm.ensemble - INFO - Sampled model: deepseek
2025-08-08 17:41:43,204 - openevolve.threaded_parallel - INFO - Iteration 2: Program 17bb2df5-8897-4583-b2d2-0cdb716bd41e (parent: a02ea640-76d0-47f9-a2f9-e6ca37cbdcc4) completed in 1097.66s
2025-08-08 17:41:43,204 - openevolve.threaded_parallel - INFO - Metrics: compiled=1.0000, correctness=0.0000, score=10.0000, stage=wrong_answer, verify_payload={'id': 'level1_65_conv_transposed_2D__square_input__asymmetric_kernel', 'result': {'compiled': True, 'correctness': False, 'metadata': {'hardware': 'NVIDIA L20Y', 'device': 'cuda:1', 'runtime_error': 'Traceback (most recent call last):\n  File "/home/lijiaxing/.conda/envs/api/lib/python3.10/site-packages/triton/language/core.py", line 42, in wrapper\n    return fn(*args, **kwargs)\n  File "/home/lijiaxing/.conda/envs/api/lib/python3.10/site-packages/triton/language/core.py", line 2216, in store\n    return _semantic.store(pointer, value, mask, boundary_check, cache_modifier, eviction_policy)\n  File "/home/lijiaxing/.conda/envs/api/lib/python3.10/site-packages/triton/language/semantic.py", line 1292, in store\n    return self._store_legacy(ptr, val, mask, boundary_check, cache, eviction)\n  File "/home/lijiaxing/.conda/envs/api/lib/python3.10/site-packages/triton/language/semantic.py", line 1254, in _store_legacy\n    val = self.broadcast_impl_shape(val, ptr.type.get_block_shapes())\n  File "/home/lijiaxing/.conda/envs/api/lib/python3.10/site-packages/triton/language/semantic.py", line 697, in broadcast_impl_shape\n    raise ValueError(f"Cannot broadcast, rank mismatch: {src_shape}, {shape}")\nValueError: Cannot broadcast, rank mismatch: [\'16\', \'16\'], [\'16\']\n\nThe above exception was the direct cause of the following exception:\n\nTraceback (most recent call last):\n  File "/cpfs01/shared/llm_kernel/hujiakai/KernelLLM/validation_api_server/helpers/evaluations.py", line 720, in run_and_check_correctness\n    output_new = model_new(*inputs)\n  File "/home/lijiaxing/.conda/envs/api/lib/python3.10/site-packages/torch/nn/modules/module.py", line 1773, in _wrapped_call_impl\n    return self._call_impl(*args, **kwargs)\n  File "/home/lijiaxing/.conda/envs/api/lib/python3.10/site-packages/torch/nn/modules/module.py", line 1784, in _call_impl\n    return forward_call(*args, **kwargs)\n  File "/tmp/tmp1lkvkvfb.py", line 113, in forward\n    conv_transpose2d_kernel[grid](\n  File "/home/lijiaxing/.conda/envs/api/lib/python3.10/site-packages/triton/runtime/jit.py", line 390, in <lambda>\n    return lambda *args, **kwargs: self.run(grid=grid, warmup=False, *args, **kwargs)\n  File "/home/lijiaxing/.conda/envs/api/lib/python3.10/site-packages/triton/runtime/jit.py", line 594, in run\n    kernel = self.compile(src, target=target, options=options.__dict__)\n  File "/home/lijiaxing/.conda/envs/api/lib/python3.10/site-packages/triton/compiler/compiler.py", line 339, in compile\n    module = src.make_ir(options, codegen_fns, module_map, context)\n  File "/home/lijiaxing/.conda/envs/api/lib/python3.10/site-packages/triton/compiler/compiler.py", line 83, in make_ir\n    return ast_to_ttir(self.fn, self, context=context, options=options, codegen_fns=codegen_fns,\ntriton.compiler.errors.CompilationError: at 58:4:\n\n                weight_val = tl.load(\n                    weight_ptr + \n                    c * weight_ics + \n                    pid_c * weight_ocs + \n                    kh * weight_hs + \n                    kw * weight_ws\n                )\n\n                acc += input_vals * weight_val\n\n    tl.store(output_ptrs, acc, mask=(offs_h < H_out) & (offs_w < W_out))\n    ^\n\n\nThe above exception was the direct cause of the following exception:\n\nTraceback (most recent call last):\n  File "/home/lijiaxing/.conda/envs/api/lib/python3.10/site-packages/triton/language/core.py", line 42, in wrapper\n    return fn(*args, **kwargs)\n  File "/home/lijiaxing/.conda/envs/api/lib/python3.10/site-packages/triton/language/core.py", line 2216, in store\n    return _semantic.store(pointer, value, mask, boundary_check, cache_modifier, eviction_policy)\n  File "/home/lijiaxing/.conda/envs/api/lib/python3.10/site-packages/triton/language/semantic.py", line 1292, in store\n    return self._store_legacy(ptr, val, mask, boundary_check, cache, eviction)\n  File "/home/lijiaxing/.conda/envs/api/lib/python3.10/site-packages/triton/language/semantic.py", line 1254, in _store_legacy\n    val = self.broadcast_impl_shape(val, ptr.type.get_block_shapes())\n  File "/home/lijiaxing/.conda/envs/api/lib/python3.10/site-packages/triton/language/semantic.py", line 697, in broadcast_impl_shape\n    raise ValueError(f"Cannot broadcast, rank mismatch: {src_shape}, {shape}")\nValueError: Cannot broadcast, rank mismatch: [\'16\', \'16\'], [\'16\']\n', 'runtime_error_name': 'triton.compiler.errors.CompilationError', 'reference_timing_ms': 0.0526, 'speed_up': -1.0, 'custom_timing': -1.0}, 'runtime': -1.0, 'runtime_stats': {}}}
2025-08-08 17:42:50,548 - openevolve.RemoteSpeedupEvaluator - INFO - [level1_65_conv_transposed_2D__square_input__asymmetric_kernel] triton key words check pass
2025-08-08 17:42:50,550 - openevolve.RemoteSpeedupEvaluator - INFO - [level1_65_conv_transposed_2D__square_input__asymmetric_kernel] verify_plus payload: reference_code(2052 chars) + custom_code(6746 chars)
2025-08-08 17:42:53,590 - openevolve.RemoteSpeedupEvaluator - INFO - [level1_65_conv_transposed_2D__square_input__asymmetric_kernel] verify_plus request success
2025-08-08 17:42:53,590 - openevolve.RemoteSpeedupEvaluator - INFO - [level1_65_conv_transposed_2D__square_input__asymmetric_kernel] verify_plus response: {"id":"level1_65_conv_transposed_2D__square_input__asymmetric_kernel","result":{"compiled":true,"correctness":false,"metadata":{"hardware":"NVIDIA L20Y","device":"cuda:3","runtime_error":"Traceback (most recent call last):\n  File \"/home/lijiaxing/.conda/envs/api/lib/python3.10/site-packages/triton/language/core.py\", line 42, in wrapper\n    return fn(*args, **kwargs)\n  File \"/home/lijiaxing/.conda/envs/api/lib/python3.10/site-packages/triton/language/core.py\", line 1630, in program_id\n    return _semantic.program_id(axis)\n  File \"/home/lijiaxing/.conda/envs/api/lib/python3.10/site-packages/triton/language/semantic.py\", line 40, in program_id\n    raise ValueError(f\"program_id axis must be 0, 1, or 2 but got {axis}\")\nValueError: program_id axis must be 0, 1, or 2 but got 3\n\nT
2025-08-08 17:42:53,590 - openevolve.RemoteSpeedupEvaluator - INFO - [level1_65_conv_transposed_2D__square_input__asymmetric_kernel] âœ˜ wrong_answer
2025-08-08 17:42:53,590 - openevolve.evaluator - INFO - Evaluated program 18cf3e48-90a6-48f5-8306-9e5b5b9d488f in 3.04s: compiled=1.0000, correctness=0.0000, score=10.0000, stage=wrong_answer, verify_payload={'id': 'level1_65_conv_transposed_2D__square_input__asymmetric_kernel', 'result': {'compiled': True, 'correctness': False, 'metadata': {'hardware': 'NVIDIA L20Y', 'device': 'cuda:3', 'runtime_error': 'Traceback (most recent call last):\n  File "/home/lijiaxing/.conda/envs/api/lib/python3.10/site-packages/triton/language/core.py", line 42, in wrapper\n    return fn(*args, **kwargs)\n  File "/home/lijiaxing/.conda/envs/api/lib/python3.10/site-packages/triton/language/core.py", line 1630, in program_id\n    return _semantic.program_id(axis)\n  File "/home/lijiaxing/.conda/envs/api/lib/python3.10/site-packages/triton/language/semantic.py", line 40, in program_id\n    raise ValueError(f"program_id axis must be 0, 1, or 2 but got {axis}")\nValueError: program_id axis must be 0, 1, or 2 but got 3\n\nThe above exception was the direct cause of the following exception:\n\nTraceback (most recent call last):\n  File "/cpfs01/shared/llm_kernel/hujiakai/KernelLLM/validation_api_server/helpers/evaluations.py", line 720, in run_and_check_correctness\n    output_new = model_new(*inputs)\n  File "/home/lijiaxing/.conda/envs/api/lib/python3.10/site-packages/torch/nn/modules/module.py", line 1773, in _wrapped_call_impl\n    return self._call_impl(*args, **kwargs)\n  File "/home/lijiaxing/.conda/envs/api/lib/python3.10/site-packages/torch/nn/modules/module.py", line 1784, in _call_impl\n    return forward_call(*args, **kwargs)\n  File "/tmp/tmpdufmw0y0.py", line 167, in forward\n    conv_transpose2d_kernel[grid](\n  File "/home/lijiaxing/.conda/envs/api/lib/python3.10/site-packages/triton/runtime/jit.py", line 390, in <lambda>\n    return lambda *args, **kwargs: self.run(grid=grid, warmup=False, *args, **kwargs)\n  File "/home/lijiaxing/.conda/envs/api/lib/python3.10/site-packages/triton/runtime/jit.py", line 594, in run\n    kernel = self.compile(src, target=target, options=options.__dict__)\n  File "/home/lijiaxing/.conda/envs/api/lib/python3.10/site-packages/triton/compiler/compiler.py", line 339, in compile\n    module = src.make_ir(options, codegen_fns, module_map, context)\n  File "/home/lijiaxing/.conda/envs/api/lib/python3.10/site-packages/triton/compiler/compiler.py", line 83, in make_ir\n    return ast_to_ttir(self.fn, self, context=context, options=options, codegen_fns=codegen_fns,\ntriton.compiler.errors.CompilationError: at 18:19:\n    padding_h, padding_w,\n    output_height, output_width,\n    groups,\n    BLOCK_SIZE_OC: tl.constexpr,\n    BLOCK_SIZE_OH: tl.constexpr,\n    BLOCK_SIZE_OW: tl.constexpr,\n):\n    # Compute program IDs\n    pid_batch = tl.program_id(0)\n    pid_oc_block = tl.program_id(1)\n    pid_oh = tl.program_id(2)\n    pid_ow_block = tl.program_id(3)\n                   ^\n\n\nThe above exception was the direct cause of the following exception:\n\nTraceback (most recent call last):\n  File "/home/lijiaxing/.conda/envs/api/lib/python3.10/site-packages/triton/language/core.py", line 42, in wrapper\n    return fn(*args, **kwargs)\n  File "/home/lijiaxing/.conda/envs/api/lib/python3.10/site-packages/triton/language/core.py", line 1630, in program_id\n    return _semantic.program_id(axis)\n  File "/home/lijiaxing/.conda/envs/api/lib/python3.10/site-packages/triton/language/semantic.py", line 40, in program_id\n    raise ValueError(f"program_id axis must be 0, 1, or 2 but got {axis}")\nValueError: program_id axis must be 0, 1, or 2 but got 3\n', 'runtime_error_name': 'triton.compiler.errors.CompilationError', 'reference_timing_ms': 0.0526, 'speed_up': -1.0, 'custom_timing': -1.0}, 'runtime': -1.0, 'runtime_stats': {}}}
2025-08-08 17:42:53,593 - openevolve.llm.ensemble - INFO - Sampled model: deepseek
2025-08-08 17:42:53,595 - openevolve.database - INFO - MAP-Elites cell improved: {'score': 9, 'complexity': 9} (fitness: 1.000 -> 10.000)
2025-08-08 17:42:53,619 - openevolve.threaded_parallel - INFO - Iteration 4: Program 18cf3e48-90a6-48f5-8306-9e5b5b9d488f (parent: 35fb35c3-d5a6-46bf-ad82-65396b4ed4b8) completed in 274.71s
2025-08-08 17:42:53,620 - openevolve.threaded_parallel - INFO - Metrics: compiled=1.0000, correctness=0.0000, score=10.0000, stage=wrong_answer, verify_payload={'id': 'level1_65_conv_transposed_2D__square_input__asymmetric_kernel', 'result': {'compiled': True, 'correctness': False, 'metadata': {'hardware': 'NVIDIA L20Y', 'device': 'cuda:3', 'runtime_error': 'Traceback (most recent call last):\n  File "/home/lijiaxing/.conda/envs/api/lib/python3.10/site-packages/triton/language/core.py", line 42, in wrapper\n    return fn(*args, **kwargs)\n  File "/home/lijiaxing/.conda/envs/api/lib/python3.10/site-packages/triton/language/core.py", line 1630, in program_id\n    return _semantic.program_id(axis)\n  File "/home/lijiaxing/.conda/envs/api/lib/python3.10/site-packages/triton/language/semantic.py", line 40, in program_id\n    raise ValueError(f"program_id axis must be 0, 1, or 2 but got {axis}")\nValueError: program_id axis must be 0, 1, or 2 but got 3\n\nThe above exception was the direct cause of the following exception:\n\nTraceback (most recent call last):\n  File "/cpfs01/shared/llm_kernel/hujiakai/KernelLLM/validation_api_server/helpers/evaluations.py", line 720, in run_and_check_correctness\n    output_new = model_new(*inputs)\n  File "/home/lijiaxing/.conda/envs/api/lib/python3.10/site-packages/torch/nn/modules/module.py", line 1773, in _wrapped_call_impl\n    return self._call_impl(*args, **kwargs)\n  File "/home/lijiaxing/.conda/envs/api/lib/python3.10/site-packages/torch/nn/modules/module.py", line 1784, in _call_impl\n    return forward_call(*args, **kwargs)\n  File "/tmp/tmpdufmw0y0.py", line 167, in forward\n    conv_transpose2d_kernel[grid](\n  File "/home/lijiaxing/.conda/envs/api/lib/python3.10/site-packages/triton/runtime/jit.py", line 390, in <lambda>\n    return lambda *args, **kwargs: self.run(grid=grid, warmup=False, *args, **kwargs)\n  File "/home/lijiaxing/.conda/envs/api/lib/python3.10/site-packages/triton/runtime/jit.py", line 594, in run\n    kernel = self.compile(src, target=target, options=options.__dict__)\n  File "/home/lijiaxing/.conda/envs/api/lib/python3.10/site-packages/triton/compiler/compiler.py", line 339, in compile\n    module = src.make_ir(options, codegen_fns, module_map, context)\n  File "/home/lijiaxing/.conda/envs/api/lib/python3.10/site-packages/triton/compiler/compiler.py", line 83, in make_ir\n    return ast_to_ttir(self.fn, self, context=context, options=options, codegen_fns=codegen_fns,\ntriton.compiler.errors.CompilationError: at 18:19:\n    padding_h, padding_w,\n    output_height, output_width,\n    groups,\n    BLOCK_SIZE_OC: tl.constexpr,\n    BLOCK_SIZE_OH: tl.constexpr,\n    BLOCK_SIZE_OW: tl.constexpr,\n):\n    # Compute program IDs\n    pid_batch = tl.program_id(0)\n    pid_oc_block = tl.program_id(1)\n    pid_oh = tl.program_id(2)\n    pid_ow_block = tl.program_id(3)\n                   ^\n\n\nThe above exception was the direct cause of the following exception:\n\nTraceback (most recent call last):\n  File "/home/lijiaxing/.conda/envs/api/lib/python3.10/site-packages/triton/language/core.py", line 42, in wrapper\n    return fn(*args, **kwargs)\n  File "/home/lijiaxing/.conda/envs/api/lib/python3.10/site-packages/triton/language/core.py", line 1630, in program_id\n    return _semantic.program_id(axis)\n  File "/home/lijiaxing/.conda/envs/api/lib/python3.10/site-packages/triton/language/semantic.py", line 40, in program_id\n    raise ValueError(f"program_id axis must be 0, 1, or 2 but got {axis}")\nValueError: program_id axis must be 0, 1, or 2 but got 3\n', 'runtime_error_name': 'triton.compiler.errors.CompilationError', 'reference_timing_ms': 0.0526, 'speed_up': -1.0, 'custom_timing': -1.0}, 'runtime': -1.0, 'runtime_stats': {}}}
2025-08-08 17:55:05,833 - openevolve.RemoteSpeedupEvaluator - INFO - [level1_65_conv_transposed_2D__square_input__asymmetric_kernel] âœ˜ invalid_answer 'import triton' is not found
2025-08-08 17:55:05,835 - openevolve.evaluator - INFO - Evaluated program acbd0ab2-23ed-4980-8356-c22193bb9620 in 0.00s: compiled=0.0000, correctness=0.0000, score=-100.0000, stage=no_valid_triton_code, feedback=You need to generate real and valid triton code for the core function. The key word 'import triton' is not found.
2025-08-08 17:55:05,839 - openevolve.llm.ensemble - INFO - Sampled model: deepseek
2025-08-08 17:55:05,844 - openevolve.database - INFO - New MAP-Elites cell occupied: {'score': -1000, 'complexity': 0}
2025-08-08 17:55:05,851 - openevolve.threaded_parallel - INFO - Iteration 3: Program acbd0ab2-23ed-4980-8356-c22193bb9620 (parent: a02ea640-76d0-47f9-a2f9-e6ca37cbdcc4) completed in 1095.47s
2025-08-08 17:55:05,851 - openevolve.threaded_parallel - INFO - Metrics: compiled=0.0000, correctness=0.0000, score=-100.0000, stage=no_valid_triton_code, feedback=You need to generate real and valid triton code for the core function. The key word 'import triton' is not found.
2025-08-08 17:55:05,851 - openevolve.threaded_parallel - INFO - Checkpoint interval reached at iteration 3
2025-08-08 17:55:05,852 - openevolve.database - INFO - Island Status:
2025-08-08 17:55:05,852 - openevolve.database - INFO -    Island 0: 4 programs, best=10.0000, avg=-22.2500, diversity=1218.45, gen=2 (best: ed56c7c1-a11e-4f0c-b3cd-fbbe2133acec)
2025-08-08 17:55:05,852 - openevolve.database - INFO -  * Island 1: 2 programs, best=10.0000, avg=10.0000, diversity=414.70, gen=2 (best: 17bb2df5-8897-4583-b2d2-0cdb716bd41e)
2025-08-08 17:55:05,852 - openevolve.database - INFO -    Island 2: 2 programs, best=10.0000, avg=10.0000, diversity=316.20, gen=1 (best: 18cf3e48-90a6-48f5-8306-9e5b5b9d488f)
2025-08-08 17:55:05,957 - openevolve.database - INFO - Saved database with 6 programs to openevolve_output/level1_65_conv_transposed_2D__square_input__asymmetric_kernel/checkpoints/checkpoint_3
2025-08-08 17:55:05,978 - openevolve.controller - INFO - Saved best program at checkpoint 3 with metrics: compiled=1.0000, correctness=0.0000, score=10.0000, stage=wrong_answer, verify_payload={'id': 'level1_65_conv_transposed_2D__square_input__asymmetric_kernel', 'result': {'compiled': True, 'correctness': False, 'metadata': {'hardware': 'NVIDIA L20Y', 'device': 'cuda:6', 'runtime_error': 'Traceback (most recent call last):\n  File "/home/lijiaxing/.conda/envs/api/lib/python3.10/site-packages/triton/language/core.py", line 42, in wrapper\n    return fn(*args, **kwargs)\n  File "/home/lijiaxing/.conda/envs/api/lib/python3.10/site-packages/triton/language/core.py", line 2231, in make_block_ptr\n    return _semantic.make_block_ptr(base, shape, strides, offsets, block_shape, order)\n  File "/home/lijiaxing/.conda/envs/api/lib/python3.10/site-packages/triton/language/semantic.py", line 1821, in make_block_ptr\n    assert all(isinstance(elem, int) and -2**31 <= elem < 2**31 for elem in block_shape), \\\nAssertionError: Expected a list of constant integers (`int32_t` range) in `block_shape`\n\nThe above exception was the direct cause of the following exception:\n\nTraceback (most recent call last):\n  File "/cpfs01/shared/llm_kernel/hujiakai/KernelLLM/validation_api_server/helpers/evaluations.py", line 720, in run_and_check_correctness\n    output_new = model_new(*inputs)\n  File "/home/lijiaxing/.conda/envs/api/lib/python3.10/site-packages/torch/nn/modules/module.py", line 1773, in _wrapped_call_impl\n    return self._call_impl(*args, **kwargs)\n  File "/home/lijiaxing/.conda/envs/api/lib/python3.10/site-packages/torch/nn/modules/module.py", line 1784, in _call_impl\n    return forward_call(*args, **kwargs)\n  File "/tmp/tmpdzney40g.py", line 147, in forward\n    conv_transpose_kernel[grid](\n  File "/home/lijiaxing/.conda/envs/api/lib/python3.10/site-packages/triton/runtime/jit.py", line 390, in <lambda>\n    return lambda *args, **kwargs: self.run(grid=grid, warmup=False, *args, **kwargs)\n  File "/home/lijiaxing/.conda/envs/api/lib/python3.10/site-packages/triton/runtime/jit.py", line 594, in run\n    kernel = self.compile(src, target=target, options=options.__dict__)\n  File "/home/lijiaxing/.conda/envs/api/lib/python3.10/site-packages/triton/compiler/compiler.py", line 339, in compile\n    module = src.make_ir(options, codegen_fns, module_map, context)\n  File "/home/lijiaxing/.conda/envs/api/lib/python3.10/site-packages/triton/compiler/compiler.py", line 83, in make_ir\n    return ast_to_ttir(self.fn, self, context=context, options=options, codegen_fns=codegen_fns,\ntriton.compiler.errors.CompilationError: at 24:18:\n    BLOCK_SIZE_HW: tl.constexpr,\n):\n    pid_bhw = tl.program_id(0)\n    pid_c = tl.program_id(1)\n\n    out_channels_per_group = C_out // groups\n    in_channels_per_group = C_in // groups\n    group_idx = pid_c // out_channels_per_group\n    c_out = pid_c % out_channels_per_group\n\n    # Create block pointers with boundary checks\n    x_block_ptr = tl.make_block_ptr(\n                  ^\n\n\nThe above exception was the direct cause of the following exception:\n\nTraceback (most recent call last):\n  File "/home/lijiaxing/.conda/envs/api/lib/python3.10/site-packages/triton/language/core.py", line 42, in wrapper\n    return fn(*args, **kwargs)\n  File "/home/lijiaxing/.conda/envs/api/lib/python3.10/site-packages/triton/language/core.py", line 2231, in make_block_ptr\n    return _semantic.make_block_ptr(base, shape, strides, offsets, block_shape, order)\n  File "/home/lijiaxing/.conda/envs/api/lib/python3.10/site-packages/triton/language/semantic.py", line 1821, in make_block_ptr\n    assert all(isinstance(elem, int) and -2**31 <= elem < 2**31 for elem in block_shape), \\\nAssertionError: Expected a list of constant integers (`int32_t` range) in `block_shape`\n', 'runtime_error_name': 'triton.compiler.errors.CompilationError', 'reference_timing_ms': 0.0526, 'speed_up': -1.0, 'custom_timing': -1.0}, 'runtime': -1.0, 'runtime_stats': {}}}
2025-08-08 17:55:05,978 - openevolve.controller - INFO - Saved checkpoint at iteration 3 to openevolve_output/level1_65_conv_transposed_2D__square_input__asymmetric_kernel/checkpoints/checkpoint_3
2025-08-08 17:55:47,752 - openevolve.RemoteSpeedupEvaluator - INFO - [level1_65_conv_transposed_2D__square_input__asymmetric_kernel] triton key words check pass
2025-08-08 17:55:47,753 - openevolve.RemoteSpeedupEvaluator - INFO - [level1_65_conv_transposed_2D__square_input__asymmetric_kernel] verify_plus payload: reference_code(2052 chars) + custom_code(5229 chars)
2025-08-08 17:55:54,050 - openevolve.RemoteSpeedupEvaluator - INFO - [level1_65_conv_transposed_2D__square_input__asymmetric_kernel] verify_plus request success
2025-08-08 17:55:54,050 - openevolve.RemoteSpeedupEvaluator - INFO - [level1_65_conv_transposed_2D__square_input__asymmetric_kernel] verify_plus response: {"id":"level1_65_conv_transposed_2D__square_input__asymmetric_kernel","result":{"compiled":true,"correctness":false,"metadata":{"hardware":"NVIDIA L20Y","device":"cuda:6","max_difference":["3.289221","3.140308","3.268754","3.288007","3.161904"],"avg_difference":["0.459497","0.459430","0.459425","0.459509","0.459590"],"correctness_issue":"Output mismatch","correctness_trials":"(0 / 5)","reference_timing_ms":0.0526,"speed_up":-1.0,"custom_timing":-1.0},"runtime":-1.0,"runtime_stats":{}}}
2025-08-08 17:55:54,051 - openevolve.RemoteSpeedupEvaluator - INFO - [level1_65_conv_transposed_2D__square_input__asymmetric_kernel] âœ˜ wrong_answer
2025-08-08 17:55:54,051 - openevolve.evaluator - INFO - Evaluated program 33939522-4338-4984-9fbe-01800da68283 in 6.30s: compiled=1.0000, correctness=0.0000, score=10.0000, stage=wrong_answer, verify_payload={'id': 'level1_65_conv_transposed_2D__square_input__asymmetric_kernel', 'result': {'compiled': True, 'correctness': False, 'metadata': {'hardware': 'NVIDIA L20Y', 'device': 'cuda:6', 'max_difference': ['3.289221', '3.140308', '3.268754', '3.288007', '3.161904'], 'avg_difference': ['0.459497', '0.459430', '0.459425', '0.459509', '0.459590'], 'correctness_issue': 'Output mismatch', 'correctness_trials': '(0 / 5)', 'reference_timing_ms': 0.0526, 'speed_up': -1.0, 'custom_timing': -1.0}, 'runtime': -1.0, 'runtime_stats': {}}}
2025-08-08 17:55:54,055 - openevolve.llm.ensemble - INFO - Sampled model: deepseek
2025-08-08 17:55:54,060 - openevolve.database - INFO - New MAP-Elites cell occupied: {'score': 9, 'complexity': 6}
2025-08-08 17:55:54,073 - openevolve.threaded_parallel - INFO - Iteration 5: Program 33939522-4338-4984-9fbe-01800da68283 (parent: ed56c7c1-a11e-4f0c-b3cd-fbbe2133acec) completed in 850.86s
2025-08-08 17:55:54,073 - openevolve.threaded_parallel - INFO - Metrics: compiled=1.0000, correctness=0.0000, score=10.0000, stage=wrong_answer, verify_payload={'id': 'level1_65_conv_transposed_2D__square_input__asymmetric_kernel', 'result': {'compiled': True, 'correctness': False, 'metadata': {'hardware': 'NVIDIA L20Y', 'device': 'cuda:6', 'max_difference': ['3.289221', '3.140308', '3.268754', '3.288007', '3.161904'], 'avg_difference': ['0.459497', '0.459430', '0.459425', '0.459509', '0.459590'], 'correctness_issue': 'Output mismatch', 'correctness_trials': '(0 / 5)', 'reference_timing_ms': 0.0526, 'speed_up': -1.0, 'custom_timing': -1.0}, 'runtime': -1.0, 'runtime_stats': {}}}
2025-08-08 17:56:17,677 - openevolve.RemoteSpeedupEvaluator - INFO - [level1_65_conv_transposed_2D__square_input__asymmetric_kernel] triton key words check pass
2025-08-08 17:56:17,677 - openevolve.RemoteSpeedupEvaluator - INFO - [level1_65_conv_transposed_2D__square_input__asymmetric_kernel] verify_plus payload: reference_code(2052 chars) + custom_code(6095 chars)
2025-08-08 17:56:20,624 - openevolve.RemoteSpeedupEvaluator - INFO - [level1_65_conv_transposed_2D__square_input__asymmetric_kernel] verify_plus request success
2025-08-08 17:56:20,626 - openevolve.RemoteSpeedupEvaluator - INFO - [level1_65_conv_transposed_2D__square_input__asymmetric_kernel] verify_plus response: {"id":"level1_65_conv_transposed_2D__square_input__asymmetric_kernel","result":{"compiled":true,"correctness":false,"metadata":{"hardware":"NVIDIA L20Y","device":"cuda:2","runtime_error":"Traceback (most recent call last):\n  File \"/home/lijiaxing/.conda/envs/api/lib/python3.10/site-packages/triton/language/core.py\", line 42, in wrapper\n    return fn(*args, **kwargs)\n  File \"/home/lijiaxing/.conda/envs/api/lib/python3.10/site-packages/triton/language/core.py\", line 2231, in make_block_ptr\n    return _semantic.make_block_ptr(base, shape, strides, offsets, block_shape, order)\n  File \"/home/lijiaxing/.conda/envs/api/lib/python3.10/site-packages/triton/language/semantic.py\", line 1821, in make_block_ptr\n    assert all(isinstance(elem, int) and -2**31 <= elem < 2**31 for elem in bloc
2025-08-08 17:56:20,626 - openevolve.RemoteSpeedupEvaluator - INFO - [level1_65_conv_transposed_2D__square_input__asymmetric_kernel] âœ˜ wrong_answer
2025-08-08 17:56:20,626 - openevolve.evaluator - INFO - Evaluated program 665ce356-6833-49cc-b2ad-89083e8d31ad in 2.95s: compiled=1.0000, correctness=0.0000, score=10.0000, stage=wrong_answer, verify_payload={'id': 'level1_65_conv_transposed_2D__square_input__asymmetric_kernel', 'result': {'compiled': True, 'correctness': False, 'metadata': {'hardware': 'NVIDIA L20Y', 'device': 'cuda:2', 'runtime_error': 'Traceback (most recent call last):\n  File "/home/lijiaxing/.conda/envs/api/lib/python3.10/site-packages/triton/language/core.py", line 42, in wrapper\n    return fn(*args, **kwargs)\n  File "/home/lijiaxing/.conda/envs/api/lib/python3.10/site-packages/triton/language/core.py", line 2231, in make_block_ptr\n    return _semantic.make_block_ptr(base, shape, strides, offsets, block_shape, order)\n  File "/home/lijiaxing/.conda/envs/api/lib/python3.10/site-packages/triton/language/semantic.py", line 1821, in make_block_ptr\n    assert all(isinstance(elem, int) and -2**31 <= elem < 2**31 for elem in block_shape), \\\nAssertionError: Expected a list of constant integers (`int32_t` range) in `block_shape`\n\nThe above exception was the direct cause of the following exception:\n\nTraceback (most recent call last):\n  File "/cpfs01/shared/llm_kernel/hujiakai/KernelLLM/validation_api_server/helpers/evaluations.py", line 720, in run_and_check_correctness\n    output_new = model_new(*inputs)\n  File "/home/lijiaxing/.conda/envs/api/lib/python3.10/site-packages/torch/nn/modules/module.py", line 1773, in _wrapped_call_impl\n    return self._call_impl(*args, **kwargs)\n  File "/home/lijiaxing/.conda/envs/api/lib/python3.10/site-packages/torch/nn/modules/module.py", line 1784, in _call_impl\n    return forward_call(*args, **kwargs)\n  File "/tmp/tmp1bdlr0ip.py", line 147, in forward\n    conv_transpose_kernel[grid](\n  File "/home/lijiaxing/.conda/envs/api/lib/python3.10/site-packages/triton/runtime/jit.py", line 390, in <lambda>\n    return lambda *args, **kwargs: self.run(grid=grid, warmup=False, *args, **kwargs)\n  File "/home/lijiaxing/.conda/envs/api/lib/python3.10/site-packages/triton/runtime/jit.py", line 594, in run\n    kernel = self.compile(src, target=target, options=options.__dict__)\n  File "/home/lijiaxing/.conda/envs/api/lib/python3.10/site-packages/triton/compiler/compiler.py", line 339, in compile\n    module = src.make_ir(options, codegen_fns, module_map, context)\n  File "/home/lijiaxing/.conda/envs/api/lib/python3.10/site-packages/triton/compiler/compiler.py", line 83, in make_ir\n    return ast_to_ttir(self.fn, self, context=context, options=options, codegen_fns=codegen_fns,\ntriton.compiler.errors.CompilationError: at 24:18:\n    BLOCK_SIZE_HW: tl.constexpr,\n):\n    pid_bhw = tl.program_id(0)\n    pid_c = tl.program_id(1)\n\n    out_channels_per_group = C_out // groups\n    in_channels_per_group = C_in // groups\n    group_idx = pid_c // out_channels_per_group\n    c_out = pid_c % out_channels_per_group\n\n    # Create block pointers with boundary checks\n    x_block_ptr = tl.make_block_ptr(\n                  ^\n\n\nThe above exception was the direct cause of the following exception:\n\nTraceback (most recent call last):\n  File "/home/lijiaxing/.conda/envs/api/lib/python3.10/site-packages/triton/language/core.py", line 42, in wrapper\n    return fn(*args, **kwargs)\n  File "/home/lijiaxing/.conda/envs/api/lib/python3.10/site-packages/triton/language/core.py", line 2231, in make_block_ptr\n    return _semantic.make_block_ptr(base, shape, strides, offsets, block_shape, order)\n  File "/home/lijiaxing/.conda/envs/api/lib/python3.10/site-packages/triton/language/semantic.py", line 1821, in make_block_ptr\n    assert all(isinstance(elem, int) and -2**31 <= elem < 2**31 for elem in block_shape), \\\nAssertionError: Expected a list of constant integers (`int32_t` range) in `block_shape`\n', 'runtime_error_name': 'triton.compiler.errors.CompilationError', 'reference_timing_ms': 0.0526, 'speed_up': -1.0, 'custom_timing': -1.0}, 'runtime': -1.0, 'runtime_stats': {}}}
2025-08-08 17:56:20,629 - openevolve.llm.ensemble - INFO - Sampled model: deepseek
2025-08-08 17:56:20,648 - openevolve.threaded_parallel - INFO - Iteration 6: Program 665ce356-6833-49cc-b2ad-89083e8d31ad (parent: ed56c7c1-a11e-4f0c-b3cd-fbbe2133acec) completed in 807.03s
2025-08-08 17:56:20,648 - openevolve.threaded_parallel - INFO - Metrics: compiled=1.0000, correctness=0.0000, score=10.0000, stage=wrong_answer, verify_payload={'id': 'level1_65_conv_transposed_2D__square_input__asymmetric_kernel', 'result': {'compiled': True, 'correctness': False, 'metadata': {'hardware': 'NVIDIA L20Y', 'device': 'cuda:2', 'runtime_error': 'Traceback (most recent call last):\n  File "/home/lijiaxing/.conda/envs/api/lib/python3.10/site-packages/triton/language/core.py", line 42, in wrapper\n    return fn(*args, **kwargs)\n  File "/home/lijiaxing/.conda/envs/api/lib/python3.10/site-packages/triton/language/core.py", line 2231, in make_block_ptr\n    return _semantic.make_block_ptr(base, shape, strides, offsets, block_shape, order)\n  File "/home/lijiaxing/.conda/envs/api/lib/python3.10/site-packages/triton/language/semantic.py", line 1821, in make_block_ptr\n    assert all(isinstance(elem, int) and -2**31 <= elem < 2**31 for elem in block_shape), \\\nAssertionError: Expected a list of constant integers (`int32_t` range) in `block_shape`\n\nThe above exception was the direct cause of the following exception:\n\nTraceback (most recent call last):\n  File "/cpfs01/shared/llm_kernel/hujiakai/KernelLLM/validation_api_server/helpers/evaluations.py", line 720, in run_and_check_correctness\n    output_new = model_new(*inputs)\n  File "/home/lijiaxing/.conda/envs/api/lib/python3.10/site-packages/torch/nn/modules/module.py", line 1773, in _wrapped_call_impl\n    return self._call_impl(*args, **kwargs)\n  File "/home/lijiaxing/.conda/envs/api/lib/python3.10/site-packages/torch/nn/modules/module.py", line 1784, in _call_impl\n    return forward_call(*args, **kwargs)\n  File "/tmp/tmp1bdlr0ip.py", line 147, in forward\n    conv_transpose_kernel[grid](\n  File "/home/lijiaxing/.conda/envs/api/lib/python3.10/site-packages/triton/runtime/jit.py", line 390, in <lambda>\n    return lambda *args, **kwargs: self.run(grid=grid, warmup=False, *args, **kwargs)\n  File "/home/lijiaxing/.conda/envs/api/lib/python3.10/site-packages/triton/runtime/jit.py", line 594, in run\n    kernel = self.compile(src, target=target, options=options.__dict__)\n  File "/home/lijiaxing/.conda/envs/api/lib/python3.10/site-packages/triton/compiler/compiler.py", line 339, in compile\n    module = src.make_ir(options, codegen_fns, module_map, context)\n  File "/home/lijiaxing/.conda/envs/api/lib/python3.10/site-packages/triton/compiler/compiler.py", line 83, in make_ir\n    return ast_to_ttir(self.fn, self, context=context, options=options, codegen_fns=codegen_fns,\ntriton.compiler.errors.CompilationError: at 24:18:\n    BLOCK_SIZE_HW: tl.constexpr,\n):\n    pid_bhw = tl.program_id(0)\n    pid_c = tl.program_id(1)\n\n    out_channels_per_group = C_out // groups\n    in_channels_per_group = C_in // groups\n    group_idx = pid_c // out_channels_per_group\n    c_out = pid_c % out_channels_per_group\n\n    # Create block pointers with boundary checks\n    x_block_ptr = tl.make_block_ptr(\n                  ^\n\n\nThe above exception was the direct cause of the following exception:\n\nTraceback (most recent call last):\n  File "/home/lijiaxing/.conda/envs/api/lib/python3.10/site-packages/triton/language/core.py", line 42, in wrapper\n    return fn(*args, **kwargs)\n  File "/home/lijiaxing/.conda/envs/api/lib/python3.10/site-packages/triton/language/core.py", line 2231, in make_block_ptr\n    return _semantic.make_block_ptr(base, shape, strides, offsets, block_shape, order)\n  File "/home/lijiaxing/.conda/envs/api/lib/python3.10/site-packages/triton/language/semantic.py", line 1821, in make_block_ptr\n    assert all(isinstance(elem, int) and -2**31 <= elem < 2**31 for elem in block_shape), \\\nAssertionError: Expected a list of constant integers (`int32_t` range) in `block_shape`\n', 'runtime_error_name': 'triton.compiler.errors.CompilationError', 'reference_timing_ms': 0.0526, 'speed_up': -1.0, 'custom_timing': -1.0}, 'runtime': -1.0, 'runtime_stats': {}}}
2025-08-08 17:56:20,648 - openevolve.threaded_parallel - INFO - Checkpoint interval reached at iteration 6
2025-08-08 17:56:20,650 - openevolve.database - INFO - Island Status:
2025-08-08 17:56:20,650 - openevolve.database - INFO -  * Island 0: 4 programs, best=10.0000, avg=-22.2500, diversity=1218.45, gen=3 (best: ed56c7c1-a11e-4f0c-b3cd-fbbe2133acec)
2025-08-08 17:56:20,650 - openevolve.database - INFO -    Island 1: 3 programs, best=10.0000, avg=10.0000, diversity=276.80, gen=2 (best: 17bb2df5-8897-4583-b2d2-0cdb716bd41e)
2025-08-08 17:56:20,650 - openevolve.database - INFO -    Island 2: 3 programs, best=10.0000, avg=10.0000, diversity=210.80, gen=2 (best: 18cf3e48-90a6-48f5-8306-9e5b5b9d488f)
2025-08-08 17:56:20,746 - openevolve.database - INFO - Saved database with 8 programs to openevolve_output/level1_65_conv_transposed_2D__square_input__asymmetric_kernel/checkpoints/checkpoint_6
2025-08-08 17:56:20,768 - openevolve.controller - INFO - Saved best program at checkpoint 6 with metrics: compiled=1.0000, correctness=0.0000, score=10.0000, stage=wrong_answer, verify_payload={'id': 'level1_65_conv_transposed_2D__square_input__asymmetric_kernel', 'result': {'compiled': True, 'correctness': False, 'metadata': {'hardware': 'NVIDIA L20Y', 'device': 'cuda:6', 'runtime_error': 'Traceback (most recent call last):\n  File "/home/lijiaxing/.conda/envs/api/lib/python3.10/site-packages/triton/language/core.py", line 42, in wrapper\n    return fn(*args, **kwargs)\n  File "/home/lijiaxing/.conda/envs/api/lib/python3.10/site-packages/triton/language/core.py", line 2231, in make_block_ptr\n    return _semantic.make_block_ptr(base, shape, strides, offsets, block_shape, order)\n  File "/home/lijiaxing/.conda/envs/api/lib/python3.10/site-packages/triton/language/semantic.py", line 1821, in make_block_ptr\n    assert all(isinstance(elem, int) and -2**31 <= elem < 2**31 for elem in block_shape), \\\nAssertionError: Expected a list of constant integers (`int32_t` range) in `block_shape`\n\nThe above exception was the direct cause of the following exception:\n\nTraceback (most recent call last):\n  File "/cpfs01/shared/llm_kernel/hujiakai/KernelLLM/validation_api_server/helpers/evaluations.py", line 720, in run_and_check_correctness\n    output_new = model_new(*inputs)\n  File "/home/lijiaxing/.conda/envs/api/lib/python3.10/site-packages/torch/nn/modules/module.py", line 1773, in _wrapped_call_impl\n    return self._call_impl(*args, **kwargs)\n  File "/home/lijiaxing/.conda/envs/api/lib/python3.10/site-packages/torch/nn/modules/module.py", line 1784, in _call_impl\n    return forward_call(*args, **kwargs)\n  File "/tmp/tmpdzney40g.py", line 147, in forward\n    conv_transpose_kernel[grid](\n  File "/home/lijiaxing/.conda/envs/api/lib/python3.10/site-packages/triton/runtime/jit.py", line 390, in <lambda>\n    return lambda *args, **kwargs: self.run(grid=grid, warmup=False, *args, **kwargs)\n  File "/home/lijiaxing/.conda/envs/api/lib/python3.10/site-packages/triton/runtime/jit.py", line 594, in run\n    kernel = self.compile(src, target=target, options=options.__dict__)\n  File "/home/lijiaxing/.conda/envs/api/lib/python3.10/site-packages/triton/compiler/compiler.py", line 339, in compile\n    module = src.make_ir(options, codegen_fns, module_map, context)\n  File "/home/lijiaxing/.conda/envs/api/lib/python3.10/site-packages/triton/compiler/compiler.py", line 83, in make_ir\n    return ast_to_ttir(self.fn, self, context=context, options=options, codegen_fns=codegen_fns,\ntriton.compiler.errors.CompilationError: at 24:18:\n    BLOCK_SIZE_HW: tl.constexpr,\n):\n    pid_bhw = tl.program_id(0)\n    pid_c = tl.program_id(1)\n\n    out_channels_per_group = C_out // groups\n    in_channels_per_group = C_in // groups\n    group_idx = pid_c // out_channels_per_group\n    c_out = pid_c % out_channels_per_group\n\n    # Create block pointers with boundary checks\n    x_block_ptr = tl.make_block_ptr(\n                  ^\n\n\nThe above exception was the direct cause of the following exception:\n\nTraceback (most recent call last):\n  File "/home/lijiaxing/.conda/envs/api/lib/python3.10/site-packages/triton/language/core.py", line 42, in wrapper\n    return fn(*args, **kwargs)\n  File "/home/lijiaxing/.conda/envs/api/lib/python3.10/site-packages/triton/language/core.py", line 2231, in make_block_ptr\n    return _semantic.make_block_ptr(base, shape, strides, offsets, block_shape, order)\n  File "/home/lijiaxing/.conda/envs/api/lib/python3.10/site-packages/triton/language/semantic.py", line 1821, in make_block_ptr\n    assert all(isinstance(elem, int) and -2**31 <= elem < 2**31 for elem in block_shape), \\\nAssertionError: Expected a list of constant integers (`int32_t` range) in `block_shape`\n', 'runtime_error_name': 'triton.compiler.errors.CompilationError', 'reference_timing_ms': 0.0526, 'speed_up': -1.0, 'custom_timing': -1.0}, 'runtime': -1.0, 'runtime_stats': {}}}
2025-08-08 17:56:20,768 - openevolve.controller - INFO - Saved checkpoint at iteration 6 to openevolve_output/level1_65_conv_transposed_2D__square_input__asymmetric_kernel/checkpoints/checkpoint_6
2025-08-08 18:00:30,683 - openevolve.RemoteSpeedupEvaluator - INFO - [level1_65_conv_transposed_2D__square_input__asymmetric_kernel] triton key words check pass
2025-08-08 18:00:30,685 - openevolve.RemoteSpeedupEvaluator - INFO - [level1_65_conv_transposed_2D__square_input__asymmetric_kernel] verify_plus payload: reference_code(2052 chars) + custom_code(6746 chars)
2025-08-08 18:00:33,915 - openevolve.RemoteSpeedupEvaluator - INFO - [level1_65_conv_transposed_2D__square_input__asymmetric_kernel] verify_plus request success
2025-08-08 18:00:33,916 - openevolve.RemoteSpeedupEvaluator - INFO - [level1_65_conv_transposed_2D__square_input__asymmetric_kernel] verify_plus response: {"id":"level1_65_conv_transposed_2D__square_input__asymmetric_kernel","result":{"compiled":true,"correctness":false,"metadata":{"hardware":"NVIDIA L20Y","device":"cuda:1","runtime_error":"Traceback (most recent call last):\n  File \"/home/lijiaxing/.conda/envs/api/lib/python3.10/site-packages/triton/language/core.py\", line 42, in wrapper\n    return fn(*args, **kwargs)\n  File \"/home/lijiaxing/.conda/envs/api/lib/python3.10/site-packages/triton/language/core.py\", line 1630, in program_id\n    return _semantic.program_id(axis)\n  File \"/home/lijiaxing/.conda/envs/api/lib/python3.10/site-packages/triton/language/semantic.py\", line 40, in program_id\n    raise ValueError(f\"program_id axis must be 0, 1, or 2 but got {axis}\")\nValueError: program_id axis must be 0, 1, or 2 but got 3\n\nT
2025-08-08 18:00:33,916 - openevolve.RemoteSpeedupEvaluator - INFO - [level1_65_conv_transposed_2D__square_input__asymmetric_kernel] âœ˜ wrong_answer
2025-08-08 18:00:33,916 - openevolve.evaluator - INFO - Evaluated program 96a4f41c-1685-46fa-b8c3-3ca218e16dee in 3.23s: compiled=1.0000, correctness=0.0000, score=10.0000, stage=wrong_answer, verify_payload={'id': 'level1_65_conv_transposed_2D__square_input__asymmetric_kernel', 'result': {'compiled': True, 'correctness': False, 'metadata': {'hardware': 'NVIDIA L20Y', 'device': 'cuda:1', 'runtime_error': 'Traceback (most recent call last):\n  File "/home/lijiaxing/.conda/envs/api/lib/python3.10/site-packages/triton/language/core.py", line 42, in wrapper\n    return fn(*args, **kwargs)\n  File "/home/lijiaxing/.conda/envs/api/lib/python3.10/site-packages/triton/language/core.py", line 1630, in program_id\n    return _semantic.program_id(axis)\n  File "/home/lijiaxing/.conda/envs/api/lib/python3.10/site-packages/triton/language/semantic.py", line 40, in program_id\n    raise ValueError(f"program_id axis must be 0, 1, or 2 but got {axis}")\nValueError: program_id axis must be 0, 1, or 2 but got 3\n\nThe above exception was the direct cause of the following exception:\n\nTraceback (most recent call last):\n  File "/cpfs01/shared/llm_kernel/hujiakai/KernelLLM/validation_api_server/helpers/evaluations.py", line 720, in run_and_check_correctness\n    output_new = model_new(*inputs)\n  File "/home/lijiaxing/.conda/envs/api/lib/python3.10/site-packages/torch/nn/modules/module.py", line 1773, in _wrapped_call_impl\n    return self._call_impl(*args, **kwargs)\n  File "/home/lijiaxing/.conda/envs/api/lib/python3.10/site-packages/torch/nn/modules/module.py", line 1784, in _call_impl\n    return forward_call(*args, **kwargs)\n  File "/tmp/tmpb32zyb16.py", line 167, in forward\n    conv_transpose2d_kernel[grid](\n  File "/home/lijiaxing/.conda/envs/api/lib/python3.10/site-packages/triton/runtime/jit.py", line 390, in <lambda>\n    return lambda *args, **kwargs: self.run(grid=grid, warmup=False, *args, **kwargs)\n  File "/home/lijiaxing/.conda/envs/api/lib/python3.10/site-packages/triton/runtime/jit.py", line 594, in run\n    kernel = self.compile(src, target=target, options=options.__dict__)\n  File "/home/lijiaxing/.conda/envs/api/lib/python3.10/site-packages/triton/compiler/compiler.py", line 339, in compile\n    module = src.make_ir(options, codegen_fns, module_map, context)\n  File "/home/lijiaxing/.conda/envs/api/lib/python3.10/site-packages/triton/compiler/compiler.py", line 83, in make_ir\n    return ast_to_ttir(self.fn, self, context=context, options=options, codegen_fns=codegen_fns,\ntriton.compiler.errors.CompilationError: at 18:19:\n    padding_h, padding_w,\n    output_height, output_width,\n    groups,\n    BLOCK_SIZE_OC: tl.constexpr,\n    BLOCK_SIZE_OH: tl.constexpr,\n    BLOCK_SIZE_OW: tl.constexpr,\n):\n    # Compute program IDs\n    pid_batch = tl.program_id(0)\n    pid_oc_block = tl.program_id(1)\n    pid_oh = tl.program_id(2)\n    pid_ow_block = tl.program_id(3)\n                   ^\n\n\nThe above exception was the direct cause of the following exception:\n\nTraceback (most recent call last):\n  File "/home/lijiaxing/.conda/envs/api/lib/python3.10/site-packages/triton/language/core.py", line 42, in wrapper\n    return fn(*args, **kwargs)\n  File "/home/lijiaxing/.conda/envs/api/lib/python3.10/site-packages/triton/language/core.py", line 1630, in program_id\n    return _semantic.program_id(axis)\n  File "/home/lijiaxing/.conda/envs/api/lib/python3.10/site-packages/triton/language/semantic.py", line 40, in program_id\n    raise ValueError(f"program_id axis must be 0, 1, or 2 but got {axis}")\nValueError: program_id axis must be 0, 1, or 2 but got 3\n', 'runtime_error_name': 'triton.compiler.errors.CompilationError', 'reference_timing_ms': 0.0526, 'speed_up': -1.0, 'custom_timing': -1.0}, 'runtime': -1.0, 'runtime_stats': {}}}
2025-08-08 18:00:33,920 - openevolve.llm.ensemble - INFO - Sampled model: deepseek
2025-08-08 18:00:33,933 - openevolve.threaded_parallel - INFO - Iteration 7: Program 96a4f41c-1685-46fa-b8c3-3ca218e16dee (parent: 35fb35c3-d5a6-46bf-ad82-65396b4ed4b8) completed in 328.08s
2025-08-08 18:00:33,933 - openevolve.threaded_parallel - INFO - Metrics: compiled=1.0000, correctness=0.0000, score=10.0000, stage=wrong_answer, verify_payload={'id': 'level1_65_conv_transposed_2D__square_input__asymmetric_kernel', 'result': {'compiled': True, 'correctness': False, 'metadata': {'hardware': 'NVIDIA L20Y', 'device': 'cuda:1', 'runtime_error': 'Traceback (most recent call last):\n  File "/home/lijiaxing/.conda/envs/api/lib/python3.10/site-packages/triton/language/core.py", line 42, in wrapper\n    return fn(*args, **kwargs)\n  File "/home/lijiaxing/.conda/envs/api/lib/python3.10/site-packages/triton/language/core.py", line 1630, in program_id\n    return _semantic.program_id(axis)\n  File "/home/lijiaxing/.conda/envs/api/lib/python3.10/site-packages/triton/language/semantic.py", line 40, in program_id\n    raise ValueError(f"program_id axis must be 0, 1, or 2 but got {axis}")\nValueError: program_id axis must be 0, 1, or 2 but got 3\n\nThe above exception was the direct cause of the following exception:\n\nTraceback (most recent call last):\n  File "/cpfs01/shared/llm_kernel/hujiakai/KernelLLM/validation_api_server/helpers/evaluations.py", line 720, in run_and_check_correctness\n    output_new = model_new(*inputs)\n  File "/home/lijiaxing/.conda/envs/api/lib/python3.10/site-packages/torch/nn/modules/module.py", line 1773, in _wrapped_call_impl\n    return self._call_impl(*args, **kwargs)\n  File "/home/lijiaxing/.conda/envs/api/lib/python3.10/site-packages/torch/nn/modules/module.py", line 1784, in _call_impl\n    return forward_call(*args, **kwargs)\n  File "/tmp/tmpb32zyb16.py", line 167, in forward\n    conv_transpose2d_kernel[grid](\n  File "/home/lijiaxing/.conda/envs/api/lib/python3.10/site-packages/triton/runtime/jit.py", line 390, in <lambda>\n    return lambda *args, **kwargs: self.run(grid=grid, warmup=False, *args, **kwargs)\n  File "/home/lijiaxing/.conda/envs/api/lib/python3.10/site-packages/triton/runtime/jit.py", line 594, in run\n    kernel = self.compile(src, target=target, options=options.__dict__)\n  File "/home/lijiaxing/.conda/envs/api/lib/python3.10/site-packages/triton/compiler/compiler.py", line 339, in compile\n    module = src.make_ir(options, codegen_fns, module_map, context)\n  File "/home/lijiaxing/.conda/envs/api/lib/python3.10/site-packages/triton/compiler/compiler.py", line 83, in make_ir\n    return ast_to_ttir(self.fn, self, context=context, options=options, codegen_fns=codegen_fns,\ntriton.compiler.errors.CompilationError: at 18:19:\n    padding_h, padding_w,\n    output_height, output_width,\n    groups,\n    BLOCK_SIZE_OC: tl.constexpr,\n    BLOCK_SIZE_OH: tl.constexpr,\n    BLOCK_SIZE_OW: tl.constexpr,\n):\n    # Compute program IDs\n    pid_batch = tl.program_id(0)\n    pid_oc_block = tl.program_id(1)\n    pid_oh = tl.program_id(2)\n    pid_ow_block = tl.program_id(3)\n                   ^\n\n\nThe above exception was the direct cause of the following exception:\n\nTraceback (most recent call last):\n  File "/home/lijiaxing/.conda/envs/api/lib/python3.10/site-packages/triton/language/core.py", line 42, in wrapper\n    return fn(*args, **kwargs)\n  File "/home/lijiaxing/.conda/envs/api/lib/python3.10/site-packages/triton/language/core.py", line 1630, in program_id\n    return _semantic.program_id(axis)\n  File "/home/lijiaxing/.conda/envs/api/lib/python3.10/site-packages/triton/language/semantic.py", line 40, in program_id\n    raise ValueError(f"program_id axis must be 0, 1, or 2 but got {axis}")\nValueError: program_id axis must be 0, 1, or 2 but got 3\n', 'runtime_error_name': 'triton.compiler.errors.CompilationError', 'reference_timing_ms': 0.0526, 'speed_up': -1.0, 'custom_timing': -1.0}, 'runtime': -1.0, 'runtime_stats': {}}}
2025-08-08 18:05:01,753 - openevolve.RemoteSpeedupEvaluator - INFO - [level1_65_conv_transposed_2D__square_input__asymmetric_kernel] triton key words check pass
2025-08-08 18:05:01,754 - openevolve.RemoteSpeedupEvaluator - INFO - [level1_65_conv_transposed_2D__square_input__asymmetric_kernel] verify_plus payload: reference_code(2052 chars) + custom_code(5311 chars)
2025-08-08 18:05:05,529 - openevolve.RemoteSpeedupEvaluator - INFO - [level1_65_conv_transposed_2D__square_input__asymmetric_kernel] verify_plus request success
2025-08-08 18:05:05,529 - openevolve.RemoteSpeedupEvaluator - INFO - [level1_65_conv_transposed_2D__square_input__asymmetric_kernel] verify_plus response: {"id":"level1_65_conv_transposed_2D__square_input__asymmetric_kernel","result":{"compiled":true,"correctness":false,"metadata":{"hardware":"NVIDIA L20Y","device":"cuda:5","max_difference":["1.785323","1.682542","1.667400","1.709230","1.695624"],"avg_difference":["0.016985","0.016994","0.016998","0.017029","0.017001"],"correctness_issue":"Output mismatch","correctness_trials":"(0 / 5)","reference_timing_ms":0.0526,"speed_up":-1.0,"custom_timing":-1.0},"runtime":-1.0,"runtime_stats":{}}}
2025-08-08 18:05:05,529 - openevolve.RemoteSpeedupEvaluator - INFO - [level1_65_conv_transposed_2D__square_input__asymmetric_kernel] âœ˜ wrong_answer
2025-08-08 18:05:05,530 - openevolve.evaluator - INFO - Evaluated program 67359490-5206-42e1-b692-9d196fcbe5a2 in 3.78s: compiled=1.0000, correctness=0.0000, score=10.0000, stage=wrong_answer, verify_payload={'id': 'level1_65_conv_transposed_2D__square_input__asymmetric_kernel', 'result': {'compiled': True, 'correctness': False, 'metadata': {'hardware': 'NVIDIA L20Y', 'device': 'cuda:5', 'max_difference': ['1.785323', '1.682542', '1.667400', '1.709230', '1.695624'], 'avg_difference': ['0.016985', '0.016994', '0.016998', '0.017029', '0.017001'], 'correctness_issue': 'Output mismatch', 'correctness_trials': '(0 / 5)', 'reference_timing_ms': 0.0526, 'speed_up': -1.0, 'custom_timing': -1.0}, 'runtime': -1.0, 'runtime_stats': {}}}
2025-08-08 18:05:05,534 - openevolve.llm.ensemble - INFO - Sampled model: deepseek
2025-08-08 18:05:05,549 - openevolve.threaded_parallel - INFO - Iteration 8: Program 67359490-5206-42e1-b692-9d196fcbe5a2 (parent: 17bb2df5-8897-4583-b2d2-0cdb716bd41e) completed in 551.47s
2025-08-08 18:05:05,549 - openevolve.threaded_parallel - INFO - Metrics: compiled=1.0000, correctness=0.0000, score=10.0000, stage=wrong_answer, verify_payload={'id': 'level1_65_conv_transposed_2D__square_input__asymmetric_kernel', 'result': {'compiled': True, 'correctness': False, 'metadata': {'hardware': 'NVIDIA L20Y', 'device': 'cuda:5', 'max_difference': ['1.785323', '1.682542', '1.667400', '1.709230', '1.695624'], 'avg_difference': ['0.016985', '0.016994', '0.016998', '0.017029', '0.017001'], 'correctness_issue': 'Output mismatch', 'correctness_trials': '(0 / 5)', 'reference_timing_ms': 0.0526, 'speed_up': -1.0, 'custom_timing': -1.0}, 'runtime': -1.0, 'runtime_stats': {}}}
2025-08-08 18:05:45,675 - openevolve.RemoteSpeedupEvaluator - INFO - [level1_65_conv_transposed_2D__square_input__asymmetric_kernel] triton key words check pass
2025-08-08 18:05:45,676 - openevolve.RemoteSpeedupEvaluator - INFO - [level1_65_conv_transposed_2D__square_input__asymmetric_kernel] verify_plus payload: reference_code(2052 chars) + custom_code(7009 chars)
2025-08-08 18:05:48,792 - openevolve.RemoteSpeedupEvaluator - INFO - [level1_65_conv_transposed_2D__square_input__asymmetric_kernel] verify_plus request success
2025-08-08 18:05:48,793 - openevolve.RemoteSpeedupEvaluator - INFO - [level1_65_conv_transposed_2D__square_input__asymmetric_kernel] verify_plus response: {"id":"level1_65_conv_transposed_2D__square_input__asymmetric_kernel","result":{"compiled":true,"correctness":false,"metadata":{"hardware":"NVIDIA L20Y","device":"cuda:2","runtime_error":"Traceback (most recent call last):\n  File \"/cpfs01/shared/llm_kernel/hujiakai/KernelLLM/validation_api_server/helpers/evaluations.py\", line 720, in run_and_check_correctness\n    output_new = model_new(*inputs)\n  File \"/home/lijiaxing/.conda/envs/api/lib/python3.10/site-packages/torch/nn/modules/module.py\", line 1773, in _wrapped_call_impl\n    return self._call_impl(*args, **kwargs)\n  File \"/home/lijiaxing/.conda/envs/api/lib/python3.10/site-packages/torch/nn/modules/module.py\", line 1784, in _call_impl\n    return forward_call(*args, **kwargs)\n  File \"/tmp/tmpc8kx13y8.py\", line 173, in forwa
2025-08-08 18:05:48,793 - openevolve.RemoteSpeedupEvaluator - INFO - [level1_65_conv_transposed_2D__square_input__asymmetric_kernel] âœ˜ wrong_answer
2025-08-08 18:05:48,793 - openevolve.evaluator - INFO - Evaluated program 92c25c21-bfad-44bc-a4aa-cfa410d648ee in 3.12s: compiled=1.0000, correctness=0.0000, score=10.0000, stage=wrong_answer, verify_payload={'id': 'level1_65_conv_transposed_2D__square_input__asymmetric_kernel', 'result': {'compiled': True, 'correctness': False, 'metadata': {'hardware': 'NVIDIA L20Y', 'device': 'cuda:2', 'runtime_error': 'Traceback (most recent call last):\n  File "/cpfs01/shared/llm_kernel/hujiakai/KernelLLM/validation_api_server/helpers/evaluations.py", line 720, in run_and_check_correctness\n    output_new = model_new(*inputs)\n  File "/home/lijiaxing/.conda/envs/api/lib/python3.10/site-packages/torch/nn/modules/module.py", line 1773, in _wrapped_call_impl\n    return self._call_impl(*args, **kwargs)\n  File "/home/lijiaxing/.conda/envs/api/lib/python3.10/site-packages/torch/nn/modules/module.py", line 1784, in _call_impl\n    return forward_call(*args, **kwargs)\n  File "/tmp/tmpc8kx13y8.py", line 173, in forward\n    conv_transpose2d_kernel[grid](\n  File "/home/lijiaxing/.conda/envs/api/lib/python3.10/site-packages/triton/runtime/jit.py", line 390, in <lambda>\n    return lambda *args, **kwargs: self.run(grid=grid, warmup=False, *args, **kwargs)\n  File "/home/lijiaxing/.conda/envs/api/lib/python3.10/site-packages/triton/runtime/jit.py", line 594, in run\n    kernel = self.compile(src, target=target, options=options.__dict__)\n  File "/home/lijiaxing/.conda/envs/api/lib/python3.10/site-packages/triton/compiler/compiler.py", line 339, in compile\n    module = src.make_ir(options, codegen_fns, module_map, context)\n  File "/home/lijiaxing/.conda/envs/api/lib/python3.10/site-packages/triton/compiler/compiler.py", line 83, in make_ir\n    return ast_to_ttir(self.fn, self, context=context, options=options, codegen_fns=codegen_fns,\ntriton.compiler.errors.CompilationError: at 55:29:\n        for kw in range(kernel_width):\n            # Compute corresponding input position\n            ih = (pid_oh * stride_h) + kh - padding_h\n            iw = (ow_offsets * stride_w) + kw - padding_w\n\n            # Check input bounds\n            ih_mask = (ih >= 0) & (ih < input_height)\n            iw_mask = (iw >= 0) & (iw < input_width) & ow_mask\n            valid_mask = ih_mask & iw_mask\n\n            # Prepare input pointers\n            input_offsets = (pid_batch * in_channels * input_height * input_width +\n                             ^\nValueError(\'Cannot make_shape_compatible: incompatible dimensions at index 0: 32 and 64\')\n\n\nThe above exception was the direct cause of the following exception:\n\nTraceback (most recent call last):\n  File "/home/lijiaxing/.conda/envs/api/lib/python3.10/site-packages/triton/language/core.py", line 42, in wrapper\n    return fn(*args, **kwargs)\n  File "/home/lijiaxing/.conda/envs/api/lib/python3.10/site-packages/triton/language/core.py", line 900, in __add__\n    return add(self, other, sanitize_overflow=True, _semantic=_semantic)\n  File "/home/lijiaxing/.conda/envs/api/lib/python3.10/site-packages/triton/language/core.py", line 42, in wrapper\n    return fn(*args, **kwargs)\n  File "/home/lijiaxing/.conda/envs/api/lib/python3.10/site-packages/triton/language/core.py", line 2468, in add\n    return _semantic.add(x, y, sanitize_overflow)\n  File "/home/lijiaxing/.conda/envs/api/lib/python3.10/site-packages/triton/language/semantic.py", line 226, in add\n    input, other = self.binary_op_type_checking_impl(input, other, True, True)\n  File "/home/lijiaxing/.conda/envs/api/lib/python3.10/site-packages/triton/language/semantic.py", line 203, in binary_op_type_checking_impl\n    lhs, rhs = self.broadcast_impl_value(lhs, rhs)\n  File "/home/lijiaxing/.conda/envs/api/lib/python3.10/site-packages/triton/language/semantic.py", line 749, in broadcast_impl_value\n    raise ValueError("Cannot make_shape_compatible: incompatible dimensions "\nValueError: Cannot make_shape_compatible: incompatible dimensions at index 0: 32 and 64\n', 'runtime_error_name': 'triton.compiler.errors.CompilationError', 'reference_timing_ms': 0.0526, 'speed_up': -1.0, 'custom_timing': -1.0}, 'runtime': -1.0, 'runtime_stats': {}}}
2025-08-08 18:05:48,796 - openevolve.llm.ensemble - INFO - Sampled model: deepseek
2025-08-08 18:05:48,808 - openevolve.threaded_parallel - INFO - Iteration 9: Program 92c25c21-bfad-44bc-a4aa-cfa410d648ee (parent: 18cf3e48-90a6-48f5-8306-9e5b5b9d488f) completed in 568.16s
2025-08-08 18:05:48,808 - openevolve.threaded_parallel - INFO - Metrics: compiled=1.0000, correctness=0.0000, score=10.0000, stage=wrong_answer, verify_payload={'id': 'level1_65_conv_transposed_2D__square_input__asymmetric_kernel', 'result': {'compiled': True, 'correctness': False, 'metadata': {'hardware': 'NVIDIA L20Y', 'device': 'cuda:2', 'runtime_error': 'Traceback (most recent call last):\n  File "/cpfs01/shared/llm_kernel/hujiakai/KernelLLM/validation_api_server/helpers/evaluations.py", line 720, in run_and_check_correctness\n    output_new = model_new(*inputs)\n  File "/home/lijiaxing/.conda/envs/api/lib/python3.10/site-packages/torch/nn/modules/module.py", line 1773, in _wrapped_call_impl\n    return self._call_impl(*args, **kwargs)\n  File "/home/lijiaxing/.conda/envs/api/lib/python3.10/site-packages/torch/nn/modules/module.py", line 1784, in _call_impl\n    return forward_call(*args, **kwargs)\n  File "/tmp/tmpc8kx13y8.py", line 173, in forward\n    conv_transpose2d_kernel[grid](\n  File "/home/lijiaxing/.conda/envs/api/lib/python3.10/site-packages/triton/runtime/jit.py", line 390, in <lambda>\n    return lambda *args, **kwargs: self.run(grid=grid, warmup=False, *args, **kwargs)\n  File "/home/lijiaxing/.conda/envs/api/lib/python3.10/site-packages/triton/runtime/jit.py", line 594, in run\n    kernel = self.compile(src, target=target, options=options.__dict__)\n  File "/home/lijiaxing/.conda/envs/api/lib/python3.10/site-packages/triton/compiler/compiler.py", line 339, in compile\n    module = src.make_ir(options, codegen_fns, module_map, context)\n  File "/home/lijiaxing/.conda/envs/api/lib/python3.10/site-packages/triton/compiler/compiler.py", line 83, in make_ir\n    return ast_to_ttir(self.fn, self, context=context, options=options, codegen_fns=codegen_fns,\ntriton.compiler.errors.CompilationError: at 55:29:\n        for kw in range(kernel_width):\n            # Compute corresponding input position\n            ih = (pid_oh * stride_h) + kh - padding_h\n            iw = (ow_offsets * stride_w) + kw - padding_w\n\n            # Check input bounds\n            ih_mask = (ih >= 0) & (ih < input_height)\n            iw_mask = (iw >= 0) & (iw < input_width) & ow_mask\n            valid_mask = ih_mask & iw_mask\n\n            # Prepare input pointers\n            input_offsets = (pid_batch * in_channels * input_height * input_width +\n                             ^\nValueError(\'Cannot make_shape_compatible: incompatible dimensions at index 0: 32 and 64\')\n\n\nThe above exception was the direct cause of the following exception:\n\nTraceback (most recent call last):\n  File "/home/lijiaxing/.conda/envs/api/lib/python3.10/site-packages/triton/language/core.py", line 42, in wrapper\n    return fn(*args, **kwargs)\n  File "/home/lijiaxing/.conda/envs/api/lib/python3.10/site-packages/triton/language/core.py", line 900, in __add__\n    return add(self, other, sanitize_overflow=True, _semantic=_semantic)\n  File "/home/lijiaxing/.conda/envs/api/lib/python3.10/site-packages/triton/language/core.py", line 42, in wrapper\n    return fn(*args, **kwargs)\n  File "/home/lijiaxing/.conda/envs/api/lib/python3.10/site-packages/triton/language/core.py", line 2468, in add\n    return _semantic.add(x, y, sanitize_overflow)\n  File "/home/lijiaxing/.conda/envs/api/lib/python3.10/site-packages/triton/language/semantic.py", line 226, in add\n    input, other = self.binary_op_type_checking_impl(input, other, True, True)\n  File "/home/lijiaxing/.conda/envs/api/lib/python3.10/site-packages/triton/language/semantic.py", line 203, in binary_op_type_checking_impl\n    lhs, rhs = self.broadcast_impl_value(lhs, rhs)\n  File "/home/lijiaxing/.conda/envs/api/lib/python3.10/site-packages/triton/language/semantic.py", line 749, in broadcast_impl_value\n    raise ValueError("Cannot make_shape_compatible: incompatible dimensions "\nValueError: Cannot make_shape_compatible: incompatible dimensions at index 0: 32 and 64\n', 'runtime_error_name': 'triton.compiler.errors.CompilationError', 'reference_timing_ms': 0.0526, 'speed_up': -1.0, 'custom_timing': -1.0}, 'runtime': -1.0, 'runtime_stats': {}}}
2025-08-08 18:05:48,808 - openevolve.threaded_parallel - INFO - Checkpoint interval reached at iteration 9
2025-08-08 18:05:48,811 - openevolve.database - INFO - Island Status:
2025-08-08 18:05:48,811 - openevolve.database - INFO -  * Island 0: 5 programs, best=10.0000, avg=-15.8000, diversity=1318.60, gen=4 (best: ed56c7c1-a11e-4f0c-b3cd-fbbe2133acec)
2025-08-08 18:05:48,811 - openevolve.database - INFO -    Island 1: 4 programs, best=10.0000, avg=10.0000, diversity=225.97, gen=3 (best: 17bb2df5-8897-4583-b2d2-0cdb716bd41e)
2025-08-08 18:05:48,811 - openevolve.database - INFO -    Island 2: 4 programs, best=10.0000, avg=10.0000, diversity=245.85, gen=3 (best: 18cf3e48-90a6-48f5-8306-9e5b5b9d488f)
2025-08-08 18:05:48,977 - openevolve.database - INFO - Saved database with 11 programs to openevolve_output/level1_65_conv_transposed_2D__square_input__asymmetric_kernel/checkpoints/checkpoint_9
2025-08-08 18:05:48,997 - openevolve.controller - INFO - Saved best program at checkpoint 9 with metrics: compiled=1.0000, correctness=0.0000, score=10.0000, stage=wrong_answer, verify_payload={'id': 'level1_65_conv_transposed_2D__square_input__asymmetric_kernel', 'result': {'compiled': True, 'correctness': False, 'metadata': {'hardware': 'NVIDIA L20Y', 'device': 'cuda:6', 'runtime_error': 'Traceback (most recent call last):\n  File "/home/lijiaxing/.conda/envs/api/lib/python3.10/site-packages/triton/language/core.py", line 42, in wrapper\n    return fn(*args, **kwargs)\n  File "/home/lijiaxing/.conda/envs/api/lib/python3.10/site-packages/triton/language/core.py", line 2231, in make_block_ptr\n    return _semantic.make_block_ptr(base, shape, strides, offsets, block_shape, order)\n  File "/home/lijiaxing/.conda/envs/api/lib/python3.10/site-packages/triton/language/semantic.py", line 1821, in make_block_ptr\n    assert all(isinstance(elem, int) and -2**31 <= elem < 2**31 for elem in block_shape), \\\nAssertionError: Expected a list of constant integers (`int32_t` range) in `block_shape`\n\nThe above exception was the direct cause of the following exception:\n\nTraceback (most recent call last):\n  File "/cpfs01/shared/llm_kernel/hujiakai/KernelLLM/validation_api_server/helpers/evaluations.py", line 720, in run_and_check_correctness\n    output_new = model_new(*inputs)\n  File "/home/lijiaxing/.conda/envs/api/lib/python3.10/site-packages/torch/nn/modules/module.py", line 1773, in _wrapped_call_impl\n    return self._call_impl(*args, **kwargs)\n  File "/home/lijiaxing/.conda/envs/api/lib/python3.10/site-packages/torch/nn/modules/module.py", line 1784, in _call_impl\n    return forward_call(*args, **kwargs)\n  File "/tmp/tmpdzney40g.py", line 147, in forward\n    conv_transpose_kernel[grid](\n  File "/home/lijiaxing/.conda/envs/api/lib/python3.10/site-packages/triton/runtime/jit.py", line 390, in <lambda>\n    return lambda *args, **kwargs: self.run(grid=grid, warmup=False, *args, **kwargs)\n  File "/home/lijiaxing/.conda/envs/api/lib/python3.10/site-packages/triton/runtime/jit.py", line 594, in run\n    kernel = self.compile(src, target=target, options=options.__dict__)\n  File "/home/lijiaxing/.conda/envs/api/lib/python3.10/site-packages/triton/compiler/compiler.py", line 339, in compile\n    module = src.make_ir(options, codegen_fns, module_map, context)\n  File "/home/lijiaxing/.conda/envs/api/lib/python3.10/site-packages/triton/compiler/compiler.py", line 83, in make_ir\n    return ast_to_ttir(self.fn, self, context=context, options=options, codegen_fns=codegen_fns,\ntriton.compiler.errors.CompilationError: at 24:18:\n    BLOCK_SIZE_HW: tl.constexpr,\n):\n    pid_bhw = tl.program_id(0)\n    pid_c = tl.program_id(1)\n\n    out_channels_per_group = C_out // groups\n    in_channels_per_group = C_in // groups\n    group_idx = pid_c // out_channels_per_group\n    c_out = pid_c % out_channels_per_group\n\n    # Create block pointers with boundary checks\n    x_block_ptr = tl.make_block_ptr(\n                  ^\n\n\nThe above exception was the direct cause of the following exception:\n\nTraceback (most recent call last):\n  File "/home/lijiaxing/.conda/envs/api/lib/python3.10/site-packages/triton/language/core.py", line 42, in wrapper\n    return fn(*args, **kwargs)\n  File "/home/lijiaxing/.conda/envs/api/lib/python3.10/site-packages/triton/language/core.py", line 2231, in make_block_ptr\n    return _semantic.make_block_ptr(base, shape, strides, offsets, block_shape, order)\n  File "/home/lijiaxing/.conda/envs/api/lib/python3.10/site-packages/triton/language/semantic.py", line 1821, in make_block_ptr\n    assert all(isinstance(elem, int) and -2**31 <= elem < 2**31 for elem in block_shape), \\\nAssertionError: Expected a list of constant integers (`int32_t` range) in `block_shape`\n', 'runtime_error_name': 'triton.compiler.errors.CompilationError', 'reference_timing_ms': 0.0526, 'speed_up': -1.0, 'custom_timing': -1.0}, 'runtime': -1.0, 'runtime_stats': {}}}
2025-08-08 18:05:48,997 - openevolve.controller - INFO - Saved checkpoint at iteration 9 to openevolve_output/level1_65_conv_transposed_2D__square_input__asymmetric_kernel/checkpoints/checkpoint_9
2025-08-08 18:22:47,097 - openevolve.RemoteSpeedupEvaluator - INFO - [level1_65_conv_transposed_2D__square_input__asymmetric_kernel] triton key words check pass
2025-08-08 18:22:47,099 - openevolve.RemoteSpeedupEvaluator - INFO - [level1_65_conv_transposed_2D__square_input__asymmetric_kernel] verify_plus payload: reference_code(2052 chars) + custom_code(6480 chars)
2025-08-08 18:22:50,211 - openevolve.RemoteSpeedupEvaluator - INFO - [level1_65_conv_transposed_2D__square_input__asymmetric_kernel] verify_plus request success
2025-08-08 18:22:50,211 - openevolve.RemoteSpeedupEvaluator - INFO - [level1_65_conv_transposed_2D__square_input__asymmetric_kernel] verify_plus response: {"id":"level1_65_conv_transposed_2D__square_input__asymmetric_kernel","result":{"compiled":true,"correctness":false,"metadata":{"hardware":"NVIDIA L20Y","device":"cuda:7","runtime_error":"Traceback (most recent call last):\n  File \"/home/lijiaxing/.conda/envs/api/lib/python3.10/site-packages/triton/language/core.py\", line 42, in wrapper\n    return fn(*args, **kwargs)\n  File \"/home/lijiaxing/.conda/envs/api/lib/python3.10/site-packages/triton/language/core.py\", line 1630, in program_id\n    return _semantic.program_id(axis)\n  File \"/home/lijiaxing/.conda/envs/api/lib/python3.10/site-packages/triton/language/semantic.py\", line 40, in program_id\n    raise ValueError(f\"program_id axis must be 0, 1, or 2 but got {axis}\")\nValueError: program_id axis must be 0, 1, or 2 but got 3\n\nT
2025-08-08 18:22:50,211 - openevolve.RemoteSpeedupEvaluator - INFO - [level1_65_conv_transposed_2D__square_input__asymmetric_kernel] âœ˜ wrong_answer
2025-08-08 18:22:50,212 - openevolve.evaluator - INFO - Evaluated program 20b13543-de4f-41ad-bfb8-ad3b8f1f696a in 3.12s: compiled=1.0000, correctness=0.0000, score=10.0000, stage=wrong_answer, verify_payload={'id': 'level1_65_conv_transposed_2D__square_input__asymmetric_kernel', 'result': {'compiled': True, 'correctness': False, 'metadata': {'hardware': 'NVIDIA L20Y', 'device': 'cuda:7', 'runtime_error': 'Traceback (most recent call last):\n  File "/home/lijiaxing/.conda/envs/api/lib/python3.10/site-packages/triton/language/core.py", line 42, in wrapper\n    return fn(*args, **kwargs)\n  File "/home/lijiaxing/.conda/envs/api/lib/python3.10/site-packages/triton/language/core.py", line 1630, in program_id\n    return _semantic.program_id(axis)\n  File "/home/lijiaxing/.conda/envs/api/lib/python3.10/site-packages/triton/language/semantic.py", line 40, in program_id\n    raise ValueError(f"program_id axis must be 0, 1, or 2 but got {axis}")\nValueError: program_id axis must be 0, 1, or 2 but got 3\n\nThe above exception was the direct cause of the following exception:\n\nTraceback (most recent call last):\n  File "/cpfs01/shared/llm_kernel/hujiakai/KernelLLM/validation_api_server/helpers/evaluations.py", line 720, in run_and_check_correctness\n    output_new = model_new(*inputs)\n  File "/home/lijiaxing/.conda/envs/api/lib/python3.10/site-packages/torch/nn/modules/module.py", line 1773, in _wrapped_call_impl\n    return self._call_impl(*args, **kwargs)\n  File "/home/lijiaxing/.conda/envs/api/lib/python3.10/site-packages/torch/nn/modules/module.py", line 1784, in _call_impl\n    return forward_call(*args, **kwargs)\n  File "/tmp/tmpxemvdtrb.py", line 164, in forward\n    conv_transpose_kernel[grid](\n  File "/home/lijiaxing/.conda/envs/api/lib/python3.10/site-packages/triton/runtime/jit.py", line 390, in <lambda>\n    return lambda *args, **kwargs: self.run(grid=grid, warmup=False, *args, **kwargs)\n  File "/home/lijiaxing/.conda/envs/api/lib/python3.10/site-packages/triton/runtime/jit.py", line 594, in run\n    kernel = self.compile(src, target=target, options=options.__dict__)\n  File "/home/lijiaxing/.conda/envs/api/lib/python3.10/site-packages/triton/compiler/compiler.py", line 339, in compile\n    module = src.make_ir(options, codegen_fns, module_map, context)\n  File "/home/lijiaxing/.conda/envs/api/lib/python3.10/site-packages/triton/compiler/compiler.py", line 83, in make_ir\n    return ast_to_ttir(self.fn, self, context=context, options=options, codegen_fns=codegen_fns,\ntriton.compiler.errors.CompilationError: at 20:13:\n    padding_h, padding_w,\n    kernel_h, kernel_w,\n    groups,\n    BLOCK_SIZE_OC: tl.constexpr,\n    BLOCK_SIZE_H: tl.constexpr,\n    BLOCK_SIZE_W: tl.constexpr,\n):\n    # Compute program IDs\n    pid_b = tl.program_id(0)\n    pid_oc = tl.program_id(1)\n    pid_oh = tl.program_id(2)\n    pid_ow = tl.program_id(3)\n             ^\n\n\nThe above exception was the direct cause of the following exception:\n\nTraceback (most recent call last):\n  File "/home/lijiaxing/.conda/envs/api/lib/python3.10/site-packages/triton/language/core.py", line 42, in wrapper\n    return fn(*args, **kwargs)\n  File "/home/lijiaxing/.conda/envs/api/lib/python3.10/site-packages/triton/language/core.py", line 1630, in program_id\n    return _semantic.program_id(axis)\n  File "/home/lijiaxing/.conda/envs/api/lib/python3.10/site-packages/triton/language/semantic.py", line 40, in program_id\n    raise ValueError(f"program_id axis must be 0, 1, or 2 but got {axis}")\nValueError: program_id axis must be 0, 1, or 2 but got 3\n', 'runtime_error_name': 'triton.compiler.errors.CompilationError', 'reference_timing_ms': 0.0526, 'speed_up': -1.0, 'custom_timing': -1.0}, 'runtime': -1.0, 'runtime_stats': {}}}
2025-08-08 18:22:50,217 - openevolve.llm.ensemble - INFO - Sampled model: deepseek
2025-08-08 18:22:50,226 - openevolve.threaded_parallel - INFO - Iteration 10: Program 20b13543-de4f-41ad-bfb8-ad3b8f1f696a (parent: acbd0ab2-23ed-4980-8356-c22193bb9620) completed in 1336.29s
2025-08-08 18:22:50,227 - openevolve.threaded_parallel - INFO - Metrics: compiled=1.0000, correctness=0.0000, score=10.0000, stage=wrong_answer, verify_payload={'id': 'level1_65_conv_transposed_2D__square_input__asymmetric_kernel', 'result': {'compiled': True, 'correctness': False, 'metadata': {'hardware': 'NVIDIA L20Y', 'device': 'cuda:7', 'runtime_error': 'Traceback (most recent call last):\n  File "/home/lijiaxing/.conda/envs/api/lib/python3.10/site-packages/triton/language/core.py", line 42, in wrapper\n    return fn(*args, **kwargs)\n  File "/home/lijiaxing/.conda/envs/api/lib/python3.10/site-packages/triton/language/core.py", line 1630, in program_id\n    return _semantic.program_id(axis)\n  File "/home/lijiaxing/.conda/envs/api/lib/python3.10/site-packages/triton/language/semantic.py", line 40, in program_id\n    raise ValueError(f"program_id axis must be 0, 1, or 2 but got {axis}")\nValueError: program_id axis must be 0, 1, or 2 but got 3\n\nThe above exception was the direct cause of the following exception:\n\nTraceback (most recent call last):\n  File "/cpfs01/shared/llm_kernel/hujiakai/KernelLLM/validation_api_server/helpers/evaluations.py", line 720, in run_and_check_correctness\n    output_new = model_new(*inputs)\n  File "/home/lijiaxing/.conda/envs/api/lib/python3.10/site-packages/torch/nn/modules/module.py", line 1773, in _wrapped_call_impl\n    return self._call_impl(*args, **kwargs)\n  File "/home/lijiaxing/.conda/envs/api/lib/python3.10/site-packages/torch/nn/modules/module.py", line 1784, in _call_impl\n    return forward_call(*args, **kwargs)\n  File "/tmp/tmpxemvdtrb.py", line 164, in forward\n    conv_transpose_kernel[grid](\n  File "/home/lijiaxing/.conda/envs/api/lib/python3.10/site-packages/triton/runtime/jit.py", line 390, in <lambda>\n    return lambda *args, **kwargs: self.run(grid=grid, warmup=False, *args, **kwargs)\n  File "/home/lijiaxing/.conda/envs/api/lib/python3.10/site-packages/triton/runtime/jit.py", line 594, in run\n    kernel = self.compile(src, target=target, options=options.__dict__)\n  File "/home/lijiaxing/.conda/envs/api/lib/python3.10/site-packages/triton/compiler/compiler.py", line 339, in compile\n    module = src.make_ir(options, codegen_fns, module_map, context)\n  File "/home/lijiaxing/.conda/envs/api/lib/python3.10/site-packages/triton/compiler/compiler.py", line 83, in make_ir\n    return ast_to_ttir(self.fn, self, context=context, options=options, codegen_fns=codegen_fns,\ntriton.compiler.errors.CompilationError: at 20:13:\n    padding_h, padding_w,\n    kernel_h, kernel_w,\n    groups,\n    BLOCK_SIZE_OC: tl.constexpr,\n    BLOCK_SIZE_H: tl.constexpr,\n    BLOCK_SIZE_W: tl.constexpr,\n):\n    # Compute program IDs\n    pid_b = tl.program_id(0)\n    pid_oc = tl.program_id(1)\n    pid_oh = tl.program_id(2)\n    pid_ow = tl.program_id(3)\n             ^\n\n\nThe above exception was the direct cause of the following exception:\n\nTraceback (most recent call last):\n  File "/home/lijiaxing/.conda/envs/api/lib/python3.10/site-packages/triton/language/core.py", line 42, in wrapper\n    return fn(*args, **kwargs)\n  File "/home/lijiaxing/.conda/envs/api/lib/python3.10/site-packages/triton/language/core.py", line 1630, in program_id\n    return _semantic.program_id(axis)\n  File "/home/lijiaxing/.conda/envs/api/lib/python3.10/site-packages/triton/language/semantic.py", line 40, in program_id\n    raise ValueError(f"program_id axis must be 0, 1, or 2 but got {axis}")\nValueError: program_id axis must be 0, 1, or 2 but got 3\n', 'runtime_error_name': 'triton.compiler.errors.CompilationError', 'reference_timing_ms': 0.0526, 'speed_up': -1.0, 'custom_timing': -1.0}, 'runtime': -1.0, 'runtime_stats': {}}}
2025-08-08 18:26:43,643 - openevolve.RemoteSpeedupEvaluator - INFO - [level1_65_conv_transposed_2D__square_input__asymmetric_kernel] triton key words check pass
2025-08-08 18:26:43,645 - openevolve.RemoteSpeedupEvaluator - INFO - [level1_65_conv_transposed_2D__square_input__asymmetric_kernel] verify_plus payload: reference_code(2052 chars) + custom_code(6086 chars)
2025-08-08 18:26:46,812 - openevolve.RemoteSpeedupEvaluator - INFO - [level1_65_conv_transposed_2D__square_input__asymmetric_kernel] verify_plus request success
2025-08-08 18:26:46,812 - openevolve.RemoteSpeedupEvaluator - INFO - [level1_65_conv_transposed_2D__square_input__asymmetric_kernel] verify_plus response: {"id":"level1_65_conv_transposed_2D__square_input__asymmetric_kernel","result":{"compiled":true,"correctness":false,"metadata":{"hardware":"NVIDIA L20Y","device":"cuda:2","runtime_error":"Traceback (most recent call last):\n  File \"/home/lijiaxing/.conda/envs/api/lib/python3.10/site-packages/triton/language/core.py\", line 42, in wrapper\n    return fn(*args, **kwargs)\n  File \"/home/lijiaxing/.conda/envs/api/lib/python3.10/site-packages/triton/language/core.py\", line 2231, in make_block_ptr\n    return _semantic.make_block_ptr(base, shape, strides, offsets, block_shape, order)\n  File \"/home/lijiaxing/.conda/envs/api/lib/python3.10/site-packages/triton/language/semantic.py\", line 1821, in make_block_ptr\n    assert all(isinstance(elem, int) and -2**31 <= elem < 2**31 for elem in bloc
2025-08-08 18:26:46,813 - openevolve.RemoteSpeedupEvaluator - INFO - [level1_65_conv_transposed_2D__square_input__asymmetric_kernel] âœ˜ wrong_answer
2025-08-08 18:26:46,813 - openevolve.evaluator - INFO - Evaluated program 6289b040-2f60-4a9a-a02b-c2ba49e30fba in 3.17s: compiled=1.0000, correctness=0.0000, score=10.0000, stage=wrong_answer, verify_payload={'id': 'level1_65_conv_transposed_2D__square_input__asymmetric_kernel', 'result': {'compiled': True, 'correctness': False, 'metadata': {'hardware': 'NVIDIA L20Y', 'device': 'cuda:2', 'runtime_error': 'Traceback (most recent call last):\n  File "/home/lijiaxing/.conda/envs/api/lib/python3.10/site-packages/triton/language/core.py", line 42, in wrapper\n    return fn(*args, **kwargs)\n  File "/home/lijiaxing/.conda/envs/api/lib/python3.10/site-packages/triton/language/core.py", line 2231, in make_block_ptr\n    return _semantic.make_block_ptr(base, shape, strides, offsets, block_shape, order)\n  File "/home/lijiaxing/.conda/envs/api/lib/python3.10/site-packages/triton/language/semantic.py", line 1821, in make_block_ptr\n    assert all(isinstance(elem, int) and -2**31 <= elem < 2**31 for elem in block_shape), \\\nAssertionError: Expected a list of constant integers (`int32_t` range) in `block_shape`\n\nThe above exception was the direct cause of the following exception:\n\nTraceback (most recent call last):\n  File "/cpfs01/shared/llm_kernel/hujiakai/KernelLLM/validation_api_server/helpers/evaluations.py", line 720, in run_and_check_correctness\n    output_new = model_new(*inputs)\n  File "/home/lijiaxing/.conda/envs/api/lib/python3.10/site-packages/torch/nn/modules/module.py", line 1773, in _wrapped_call_impl\n    return self._call_impl(*args, **kwargs)\n  File "/home/lijiaxing/.conda/envs/api/lib/python3.10/site-packages/torch/nn/modules/module.py", line 1784, in _call_impl\n    return forward_call(*args, **kwargs)\n  File "/tmp/tmp1dzjpvey.py", line 149, in forward\n    conv_transpose_kernel[grid](\n  File "/home/lijiaxing/.conda/envs/api/lib/python3.10/site-packages/triton/runtime/jit.py", line 390, in <lambda>\n    return lambda *args, **kwargs: self.run(grid=grid, warmup=False, *args, **kwargs)\n  File "/home/lijiaxing/.conda/envs/api/lib/python3.10/site-packages/triton/runtime/jit.py", line 594, in run\n    kernel = self.compile(src, target=target, options=options.__dict__)\n  File "/home/lijiaxing/.conda/envs/api/lib/python3.10/site-packages/triton/compiler/compiler.py", line 339, in compile\n    module = src.make_ir(options, codegen_fns, module_map, context)\n  File "/home/lijiaxing/.conda/envs/api/lib/python3.10/site-packages/triton/compiler/compiler.py", line 83, in make_ir\n    return ast_to_ttir(self.fn, self, context=context, options=options, codegen_fns=codegen_fns,\ntriton.compiler.errors.CompilationError: at 45:22:\n\n        # Create block pointers for current channel\n        x_block_ptr = tl.make_block_ptr(\n            base=x_ptr,\n            shape=(B, C_in, H, W),\n            strides=(C_in*H*W, H*W, W, 1),\n            offsets=(0, c_in, 0, 0),\n            block_shape=(1, 1, BLOCK_SIZE_HW, BLOCK_SIZE_HW),\n            order=(0,1,2,3)\n        )\n\n        w_block_ptr = tl.make_block_ptr(\n                      ^\n\n\nThe above exception was the direct cause of the following exception:\n\nTraceback (most recent call last):\n  File "/home/lijiaxing/.conda/envs/api/lib/python3.10/site-packages/triton/language/core.py", line 42, in wrapper\n    return fn(*args, **kwargs)\n  File "/home/lijiaxing/.conda/envs/api/lib/python3.10/site-packages/triton/language/core.py", line 2231, in make_block_ptr\n    return _semantic.make_block_ptr(base, shape, strides, offsets, block_shape, order)\n  File "/home/lijiaxing/.conda/envs/api/lib/python3.10/site-packages/triton/language/semantic.py", line 1821, in make_block_ptr\n    assert all(isinstance(elem, int) and -2**31 <= elem < 2**31 for elem in block_shape), \\\nAssertionError: Expected a list of constant integers (`int32_t` range) in `block_shape`\n', 'runtime_error_name': 'triton.compiler.errors.CompilationError', 'reference_timing_ms': 0.0526, 'speed_up': -1.0, 'custom_timing': -1.0}, 'runtime': -1.0, 'runtime_stats': {}}}
2025-08-08 18:26:46,817 - openevolve.llm.ensemble - INFO - Sampled model: deepseek
2025-08-08 18:26:46,829 - openevolve.threaded_parallel - INFO - Iteration 11: Program 6289b040-2f60-4a9a-a02b-c2ba49e30fba (parent: ed56c7c1-a11e-4f0c-b3cd-fbbe2133acec) completed in 1301.28s
2025-08-08 18:26:46,829 - openevolve.threaded_parallel - INFO - Metrics: compiled=1.0000, correctness=0.0000, score=10.0000, stage=wrong_answer, verify_payload={'id': 'level1_65_conv_transposed_2D__square_input__asymmetric_kernel', 'result': {'compiled': True, 'correctness': False, 'metadata': {'hardware': 'NVIDIA L20Y', 'device': 'cuda:2', 'runtime_error': 'Traceback (most recent call last):\n  File "/home/lijiaxing/.conda/envs/api/lib/python3.10/site-packages/triton/language/core.py", line 42, in wrapper\n    return fn(*args, **kwargs)\n  File "/home/lijiaxing/.conda/envs/api/lib/python3.10/site-packages/triton/language/core.py", line 2231, in make_block_ptr\n    return _semantic.make_block_ptr(base, shape, strides, offsets, block_shape, order)\n  File "/home/lijiaxing/.conda/envs/api/lib/python3.10/site-packages/triton/language/semantic.py", line 1821, in make_block_ptr\n    assert all(isinstance(elem, int) and -2**31 <= elem < 2**31 for elem in block_shape), \\\nAssertionError: Expected a list of constant integers (`int32_t` range) in `block_shape`\n\nThe above exception was the direct cause of the following exception:\n\nTraceback (most recent call last):\n  File "/cpfs01/shared/llm_kernel/hujiakai/KernelLLM/validation_api_server/helpers/evaluations.py", line 720, in run_and_check_correctness\n    output_new = model_new(*inputs)\n  File "/home/lijiaxing/.conda/envs/api/lib/python3.10/site-packages/torch/nn/modules/module.py", line 1773, in _wrapped_call_impl\n    return self._call_impl(*args, **kwargs)\n  File "/home/lijiaxing/.conda/envs/api/lib/python3.10/site-packages/torch/nn/modules/module.py", line 1784, in _call_impl\n    return forward_call(*args, **kwargs)\n  File "/tmp/tmp1dzjpvey.py", line 149, in forward\n    conv_transpose_kernel[grid](\n  File "/home/lijiaxing/.conda/envs/api/lib/python3.10/site-packages/triton/runtime/jit.py", line 390, in <lambda>\n    return lambda *args, **kwargs: self.run(grid=grid, warmup=False, *args, **kwargs)\n  File "/home/lijiaxing/.conda/envs/api/lib/python3.10/site-packages/triton/runtime/jit.py", line 594, in run\n    kernel = self.compile(src, target=target, options=options.__dict__)\n  File "/home/lijiaxing/.conda/envs/api/lib/python3.10/site-packages/triton/compiler/compiler.py", line 339, in compile\n    module = src.make_ir(options, codegen_fns, module_map, context)\n  File "/home/lijiaxing/.conda/envs/api/lib/python3.10/site-packages/triton/compiler/compiler.py", line 83, in make_ir\n    return ast_to_ttir(self.fn, self, context=context, options=options, codegen_fns=codegen_fns,\ntriton.compiler.errors.CompilationError: at 45:22:\n\n        # Create block pointers for current channel\n        x_block_ptr = tl.make_block_ptr(\n            base=x_ptr,\n            shape=(B, C_in, H, W),\n            strides=(C_in*H*W, H*W, W, 1),\n            offsets=(0, c_in, 0, 0),\n            block_shape=(1, 1, BLOCK_SIZE_HW, BLOCK_SIZE_HW),\n            order=(0,1,2,3)\n        )\n\n        w_block_ptr = tl.make_block_ptr(\n                      ^\n\n\nThe above exception was the direct cause of the following exception:\n\nTraceback (most recent call last):\n  File "/home/lijiaxing/.conda/envs/api/lib/python3.10/site-packages/triton/language/core.py", line 42, in wrapper\n    return fn(*args, **kwargs)\n  File "/home/lijiaxing/.conda/envs/api/lib/python3.10/site-packages/triton/language/core.py", line 2231, in make_block_ptr\n    return _semantic.make_block_ptr(base, shape, strides, offsets, block_shape, order)\n  File "/home/lijiaxing/.conda/envs/api/lib/python3.10/site-packages/triton/language/semantic.py", line 1821, in make_block_ptr\n    assert all(isinstance(elem, int) and -2**31 <= elem < 2**31 for elem in block_shape), \\\nAssertionError: Expected a list of constant integers (`int32_t` range) in `block_shape`\n', 'runtime_error_name': 'triton.compiler.errors.CompilationError', 'reference_timing_ms': 0.0526, 'speed_up': -1.0, 'custom_timing': -1.0}, 'runtime': -1.0, 'runtime_stats': {}}}
2025-08-08 18:29:32,818 - openevolve.RemoteSpeedupEvaluator - INFO - [level1_65_conv_transposed_2D__square_input__asymmetric_kernel] triton key words check pass
2025-08-08 18:29:32,820 - openevolve.RemoteSpeedupEvaluator - INFO - [level1_65_conv_transposed_2D__square_input__asymmetric_kernel] verify_plus payload: reference_code(2052 chars) + custom_code(5396 chars)
2025-08-08 18:29:37,832 - openevolve.RemoteSpeedupEvaluator - INFO - [level1_65_conv_transposed_2D__square_input__asymmetric_kernel] verify_plus request success
2025-08-08 18:29:37,832 - openevolve.RemoteSpeedupEvaluator - INFO - [level1_65_conv_transposed_2D__square_input__asymmetric_kernel] verify_plus response: {"id":"level1_65_conv_transposed_2D__square_input__asymmetric_kernel","result":{"compiled":true,"correctness":false,"metadata":{"hardware":"NVIDIA L20Y","device":"cuda:5","max_difference":["3.289221","3.140308","3.268754","3.288007","3.161904"],"avg_difference":["0.459497","0.459430","0.459425","0.459509","0.459590"],"correctness_issue":"Output mismatch","correctness_trials":"(0 / 5)","reference_timing_ms":0.0526,"speed_up":-1.0,"custom_timing":-1.0},"runtime":-1.0,"runtime_stats":{}}}
2025-08-08 18:29:37,832 - openevolve.RemoteSpeedupEvaluator - INFO - [level1_65_conv_transposed_2D__square_input__asymmetric_kernel] âœ˜ wrong_answer
2025-08-08 18:29:37,833 - openevolve.evaluator - INFO - Evaluated program ebe04896-92c7-485b-b853-fc273f9739e0 in 5.02s: compiled=1.0000, correctness=0.0000, score=10.0000, stage=wrong_answer, verify_payload={'id': 'level1_65_conv_transposed_2D__square_input__asymmetric_kernel', 'result': {'compiled': True, 'correctness': False, 'metadata': {'hardware': 'NVIDIA L20Y', 'device': 'cuda:5', 'max_difference': ['3.289221', '3.140308', '3.268754', '3.288007', '3.161904'], 'avg_difference': ['0.459497', '0.459430', '0.459425', '0.459509', '0.459590'], 'correctness_issue': 'Output mismatch', 'correctness_trials': '(0 / 5)', 'reference_timing_ms': 0.0526, 'speed_up': -1.0, 'custom_timing': -1.0}, 'runtime': -1.0, 'runtime_stats': {}}}
2025-08-08 18:29:37,836 - openevolve.llm.ensemble - INFO - Sampled model: deepseek
2025-08-08 18:29:37,857 - openevolve.threaded_parallel - INFO - Iteration 12: Program ebe04896-92c7-485b-b853-fc273f9739e0 (parent: 665ce356-6833-49cc-b2ad-89083e8d31ad) completed in 1429.04s
2025-08-08 18:29:37,858 - openevolve.threaded_parallel - INFO - Metrics: compiled=1.0000, correctness=0.0000, score=10.0000, stage=wrong_answer, verify_payload={'id': 'level1_65_conv_transposed_2D__square_input__asymmetric_kernel', 'result': {'compiled': True, 'correctness': False, 'metadata': {'hardware': 'NVIDIA L20Y', 'device': 'cuda:5', 'max_difference': ['3.289221', '3.140308', '3.268754', '3.288007', '3.161904'], 'avg_difference': ['0.459497', '0.459430', '0.459425', '0.459509', '0.459590'], 'correctness_issue': 'Output mismatch', 'correctness_trials': '(0 / 5)', 'reference_timing_ms': 0.0526, 'speed_up': -1.0, 'custom_timing': -1.0}, 'runtime': -1.0, 'runtime_stats': {}}}
2025-08-08 18:29:37,858 - openevolve.threaded_parallel - INFO - Checkpoint interval reached at iteration 12
2025-08-08 18:29:37,860 - openevolve.database - INFO - Island Status:
2025-08-08 18:29:37,860 - openevolve.database - INFO -  * Island 0: 6 programs, best=10.0000, avg=-11.5000, diversity=953.58, gen=5 (best: ed56c7c1-a11e-4f0c-b3cd-fbbe2133acec)
2025-08-08 18:29:37,860 - openevolve.database - INFO -    Island 1: 5 programs, best=10.0000, avg=10.0000, diversity=274.43, gen=4 (best: 17bb2df5-8897-4583-b2d2-0cdb716bd41e)
2025-08-08 18:29:37,860 - openevolve.database - INFO -    Island 2: 5 programs, best=10.0000, avg=10.0000, diversity=330.23, gen=4 (best: 18cf3e48-90a6-48f5-8306-9e5b5b9d488f)
2025-08-08 18:29:38,043 - openevolve.database - INFO - Saved database with 14 programs to openevolve_output/level1_65_conv_transposed_2D__square_input__asymmetric_kernel/checkpoints/checkpoint_12
2025-08-08 18:29:38,065 - openevolve.controller - INFO - Saved best program at checkpoint 12 with metrics: compiled=1.0000, correctness=0.0000, score=10.0000, stage=wrong_answer, verify_payload={'id': 'level1_65_conv_transposed_2D__square_input__asymmetric_kernel', 'result': {'compiled': True, 'correctness': False, 'metadata': {'hardware': 'NVIDIA L20Y', 'device': 'cuda:6', 'runtime_error': 'Traceback (most recent call last):\n  File "/home/lijiaxing/.conda/envs/api/lib/python3.10/site-packages/triton/language/core.py", line 42, in wrapper\n    return fn(*args, **kwargs)\n  File "/home/lijiaxing/.conda/envs/api/lib/python3.10/site-packages/triton/language/core.py", line 2231, in make_block_ptr\n    return _semantic.make_block_ptr(base, shape, strides, offsets, block_shape, order)\n  File "/home/lijiaxing/.conda/envs/api/lib/python3.10/site-packages/triton/language/semantic.py", line 1821, in make_block_ptr\n    assert all(isinstance(elem, int) and -2**31 <= elem < 2**31 for elem in block_shape), \\\nAssertionError: Expected a list of constant integers (`int32_t` range) in `block_shape`\n\nThe above exception was the direct cause of the following exception:\n\nTraceback (most recent call last):\n  File "/cpfs01/shared/llm_kernel/hujiakai/KernelLLM/validation_api_server/helpers/evaluations.py", line 720, in run_and_check_correctness\n    output_new = model_new(*inputs)\n  File "/home/lijiaxing/.conda/envs/api/lib/python3.10/site-packages/torch/nn/modules/module.py", line 1773, in _wrapped_call_impl\n    return self._call_impl(*args, **kwargs)\n  File "/home/lijiaxing/.conda/envs/api/lib/python3.10/site-packages/torch/nn/modules/module.py", line 1784, in _call_impl\n    return forward_call(*args, **kwargs)\n  File "/tmp/tmpdzney40g.py", line 147, in forward\n    conv_transpose_kernel[grid](\n  File "/home/lijiaxing/.conda/envs/api/lib/python3.10/site-packages/triton/runtime/jit.py", line 390, in <lambda>\n    return lambda *args, **kwargs: self.run(grid=grid, warmup=False, *args, **kwargs)\n  File "/home/lijiaxing/.conda/envs/api/lib/python3.10/site-packages/triton/runtime/jit.py", line 594, in run\n    kernel = self.compile(src, target=target, options=options.__dict__)\n  File "/home/lijiaxing/.conda/envs/api/lib/python3.10/site-packages/triton/compiler/compiler.py", line 339, in compile\n    module = src.make_ir(options, codegen_fns, module_map, context)\n  File "/home/lijiaxing/.conda/envs/api/lib/python3.10/site-packages/triton/compiler/compiler.py", line 83, in make_ir\n    return ast_to_ttir(self.fn, self, context=context, options=options, codegen_fns=codegen_fns,\ntriton.compiler.errors.CompilationError: at 24:18:\n    BLOCK_SIZE_HW: tl.constexpr,\n):\n    pid_bhw = tl.program_id(0)\n    pid_c = tl.program_id(1)\n\n    out_channels_per_group = C_out // groups\n    in_channels_per_group = C_in // groups\n    group_idx = pid_c // out_channels_per_group\n    c_out = pid_c % out_channels_per_group\n\n    # Create block pointers with boundary checks\n    x_block_ptr = tl.make_block_ptr(\n                  ^\n\n\nThe above exception was the direct cause of the following exception:\n\nTraceback (most recent call last):\n  File "/home/lijiaxing/.conda/envs/api/lib/python3.10/site-packages/triton/language/core.py", line 42, in wrapper\n    return fn(*args, **kwargs)\n  File "/home/lijiaxing/.conda/envs/api/lib/python3.10/site-packages/triton/language/core.py", line 2231, in make_block_ptr\n    return _semantic.make_block_ptr(base, shape, strides, offsets, block_shape, order)\n  File "/home/lijiaxing/.conda/envs/api/lib/python3.10/site-packages/triton/language/semantic.py", line 1821, in make_block_ptr\n    assert all(isinstance(elem, int) and -2**31 <= elem < 2**31 for elem in block_shape), \\\nAssertionError: Expected a list of constant integers (`int32_t` range) in `block_shape`\n', 'runtime_error_name': 'triton.compiler.errors.CompilationError', 'reference_timing_ms': 0.0526, 'speed_up': -1.0, 'custom_timing': -1.0}, 'runtime': -1.0, 'runtime_stats': {}}}
2025-08-08 18:29:38,065 - openevolve.controller - INFO - Saved checkpoint at iteration 12 to openevolve_output/level1_65_conv_transposed_2D__square_input__asymmetric_kernel/checkpoints/checkpoint_12
2025-08-08 18:34:12,571 - openevolve.RemoteSpeedupEvaluator - INFO - [level1_65_conv_transposed_2D__square_input__asymmetric_kernel] triton key words check pass
2025-08-08 18:34:12,573 - openevolve.RemoteSpeedupEvaluator - INFO - [level1_65_conv_transposed_2D__square_input__asymmetric_kernel] verify_plus payload: reference_code(2052 chars) + custom_code(6960 chars)
2025-08-08 18:34:15,616 - openevolve.RemoteSpeedupEvaluator - INFO - [level1_65_conv_transposed_2D__square_input__asymmetric_kernel] verify_plus request success
2025-08-08 18:34:15,616 - openevolve.RemoteSpeedupEvaluator - INFO - [level1_65_conv_transposed_2D__square_input__asymmetric_kernel] verify_plus response: {"id":"level1_65_conv_transposed_2D__square_input__asymmetric_kernel","result":{"compiled":true,"correctness":false,"metadata":{"hardware":"NVIDIA L20Y","device":"cuda:4","runtime_error":"Traceback (most recent call last):\n  File \"/cpfs01/shared/llm_kernel/hujiakai/KernelLLM/validation_api_server/helpers/evaluations.py\", line 720, in run_and_check_correctness\n    output_new = model_new(*inputs)\n  File \"/home/lijiaxing/.conda/envs/api/lib/python3.10/site-packages/torch/nn/modules/module.py\", line 1773, in _wrapped_call_impl\n    return self._call_impl(*args, **kwargs)\n  File \"/home/lijiaxing/.conda/envs/api/lib/python3.10/site-packages/torch/nn/modules/module.py\", line 1784, in _call_impl\n    return forward_call(*args, **kwargs)\n  File \"/tmp/tmpje3y8e8m.py\", line 173, in forwa
2025-08-08 18:34:15,616 - openevolve.RemoteSpeedupEvaluator - INFO - [level1_65_conv_transposed_2D__square_input__asymmetric_kernel] âœ˜ wrong_answer
2025-08-08 18:34:15,617 - openevolve.evaluator - INFO - Evaluated program 0b39b7c5-1360-4a42-beb7-69b7249fcb0c in 3.05s: compiled=1.0000, correctness=0.0000, score=10.0000, stage=wrong_answer, verify_payload={'id': 'level1_65_conv_transposed_2D__square_input__asymmetric_kernel', 'result': {'compiled': True, 'correctness': False, 'metadata': {'hardware': 'NVIDIA L20Y', 'device': 'cuda:4', 'runtime_error': 'Traceback (most recent call last):\n  File "/cpfs01/shared/llm_kernel/hujiakai/KernelLLM/validation_api_server/helpers/evaluations.py", line 720, in run_and_check_correctness\n    output_new = model_new(*inputs)\n  File "/home/lijiaxing/.conda/envs/api/lib/python3.10/site-packages/torch/nn/modules/module.py", line 1773, in _wrapped_call_impl\n    return self._call_impl(*args, **kwargs)\n  File "/home/lijiaxing/.conda/envs/api/lib/python3.10/site-packages/torch/nn/modules/module.py", line 1784, in _call_impl\n    return forward_call(*args, **kwargs)\n  File "/tmp/tmpje3y8e8m.py", line 173, in forward\n    conv_transpose2d_kernel[grid](\n  File "/home/lijiaxing/.conda/envs/api/lib/python3.10/site-packages/triton/runtime/jit.py", line 390, in <lambda>\n    return lambda *args, **kwargs: self.run(grid=grid, warmup=False, *args, **kwargs)\n  File "/home/lijiaxing/.conda/envs/api/lib/python3.10/site-packages/triton/runtime/jit.py", line 594, in run\n    kernel = self.compile(src, target=target, options=options.__dict__)\n  File "/home/lijiaxing/.conda/envs/api/lib/python3.10/site-packages/triton/compiler/compiler.py", line 339, in compile\n    module = src.make_ir(options, codegen_fns, module_map, context)\n  File "/home/lijiaxing/.conda/envs/api/lib/python3.10/site-packages/triton/compiler/compiler.py", line 83, in make_ir\n    return ast_to_ttir(self.fn, self, context=context, options=options, codegen_fns=codegen_fns,\ntriton.compiler.errors.CompilationError: at 56:29:\n        for kw in range(kernel_width):\n            # Compute input position\n            ih = (pid_oh * stride_h) + kh - padding_h\n            iw = (ow_offsets * stride_w) + kw - padding_w\n\n            # Check input bounds\n            ih_mask = (ih >= 0) & (ih < input_height)\n            iw_mask = (iw >= 0) & (iw < input_width) & ow_mask\n            valid_mask = ih_mask & iw_mask\n\n            # Prepare input pointers\n            input_offsets = (pid_batch * in_channels * input_height * input_width +\n                             ^\nValueError(\'Cannot make_shape_compatible: incompatible dimensions at index 0: 32 and 64\')\n\n\nThe above exception was the direct cause of the following exception:\n\nTraceback (most recent call last):\n  File "/home/lijiaxing/.conda/envs/api/lib/python3.10/site-packages/triton/language/core.py", line 42, in wrapper\n    return fn(*args, **kwargs)\n  File "/home/lijiaxing/.conda/envs/api/lib/python3.10/site-packages/triton/language/core.py", line 900, in __add__\n    return add(self, other, sanitize_overflow=True, _semantic=_semantic)\n  File "/home/lijiaxing/.conda/envs/api/lib/python3.10/site-packages/triton/language/core.py", line 42, in wrapper\n    return fn(*args, **kwargs)\n  File "/home/lijiaxing/.conda/envs/api/lib/python3.10/site-packages/triton/language/core.py", line 2468, in add\n    return _semantic.add(x, y, sanitize_overflow)\n  File "/home/lijiaxing/.conda/envs/api/lib/python3.10/site-packages/triton/language/semantic.py", line 226, in add\n    input, other = self.binary_op_type_checking_impl(input, other, True, True)\n  File "/home/lijiaxing/.conda/envs/api/lib/python3.10/site-packages/triton/language/semantic.py", line 203, in binary_op_type_checking_impl\n    lhs, rhs = self.broadcast_impl_value(lhs, rhs)\n  File "/home/lijiaxing/.conda/envs/api/lib/python3.10/site-packages/triton/language/semantic.py", line 749, in broadcast_impl_value\n    raise ValueError("Cannot make_shape_compatible: incompatible dimensions "\nValueError: Cannot make_shape_compatible: incompatible dimensions at index 0: 32 and 64\n', 'runtime_error_name': 'triton.compiler.errors.CompilationError', 'reference_timing_ms': 0.0526, 'speed_up': -1.0, 'custom_timing': -1.0}, 'runtime': -1.0, 'runtime_stats': {}}}
2025-08-08 18:34:15,621 - openevolve.llm.ensemble - INFO - Sampled model: deepseek
2025-08-08 18:34:15,637 - openevolve.threaded_parallel - INFO - Iteration 13: Program 0b39b7c5-1360-4a42-beb7-69b7249fcb0c (parent: 35fb35c3-d5a6-46bf-ad82-65396b4ed4b8) completed in 685.40s
2025-08-08 18:34:15,637 - openevolve.threaded_parallel - INFO - Metrics: compiled=1.0000, correctness=0.0000, score=10.0000, stage=wrong_answer, verify_payload={'id': 'level1_65_conv_transposed_2D__square_input__asymmetric_kernel', 'result': {'compiled': True, 'correctness': False, 'metadata': {'hardware': 'NVIDIA L20Y', 'device': 'cuda:4', 'runtime_error': 'Traceback (most recent call last):\n  File "/cpfs01/shared/llm_kernel/hujiakai/KernelLLM/validation_api_server/helpers/evaluations.py", line 720, in run_and_check_correctness\n    output_new = model_new(*inputs)\n  File "/home/lijiaxing/.conda/envs/api/lib/python3.10/site-packages/torch/nn/modules/module.py", line 1773, in _wrapped_call_impl\n    return self._call_impl(*args, **kwargs)\n  File "/home/lijiaxing/.conda/envs/api/lib/python3.10/site-packages/torch/nn/modules/module.py", line 1784, in _call_impl\n    return forward_call(*args, **kwargs)\n  File "/tmp/tmpje3y8e8m.py", line 173, in forward\n    conv_transpose2d_kernel[grid](\n  File "/home/lijiaxing/.conda/envs/api/lib/python3.10/site-packages/triton/runtime/jit.py", line 390, in <lambda>\n    return lambda *args, **kwargs: self.run(grid=grid, warmup=False, *args, **kwargs)\n  File "/home/lijiaxing/.conda/envs/api/lib/python3.10/site-packages/triton/runtime/jit.py", line 594, in run\n    kernel = self.compile(src, target=target, options=options.__dict__)\n  File "/home/lijiaxing/.conda/envs/api/lib/python3.10/site-packages/triton/compiler/compiler.py", line 339, in compile\n    module = src.make_ir(options, codegen_fns, module_map, context)\n  File "/home/lijiaxing/.conda/envs/api/lib/python3.10/site-packages/triton/compiler/compiler.py", line 83, in make_ir\n    return ast_to_ttir(self.fn, self, context=context, options=options, codegen_fns=codegen_fns,\ntriton.compiler.errors.CompilationError: at 56:29:\n        for kw in range(kernel_width):\n            # Compute input position\n            ih = (pid_oh * stride_h) + kh - padding_h\n            iw = (ow_offsets * stride_w) + kw - padding_w\n\n            # Check input bounds\n            ih_mask = (ih >= 0) & (ih < input_height)\n            iw_mask = (iw >= 0) & (iw < input_width) & ow_mask\n            valid_mask = ih_mask & iw_mask\n\n            # Prepare input pointers\n            input_offsets = (pid_batch * in_channels * input_height * input_width +\n                             ^\nValueError(\'Cannot make_shape_compatible: incompatible dimensions at index 0: 32 and 64\')\n\n\nThe above exception was the direct cause of the following exception:\n\nTraceback (most recent call last):\n  File "/home/lijiaxing/.conda/envs/api/lib/python3.10/site-packages/triton/language/core.py", line 42, in wrapper\n    return fn(*args, **kwargs)\n  File "/home/lijiaxing/.conda/envs/api/lib/python3.10/site-packages/triton/language/core.py", line 900, in __add__\n    return add(self, other, sanitize_overflow=True, _semantic=_semantic)\n  File "/home/lijiaxing/.conda/envs/api/lib/python3.10/site-packages/triton/language/core.py", line 42, in wrapper\n    return fn(*args, **kwargs)\n  File "/home/lijiaxing/.conda/envs/api/lib/python3.10/site-packages/triton/language/core.py", line 2468, in add\n    return _semantic.add(x, y, sanitize_overflow)\n  File "/home/lijiaxing/.conda/envs/api/lib/python3.10/site-packages/triton/language/semantic.py", line 226, in add\n    input, other = self.binary_op_type_checking_impl(input, other, True, True)\n  File "/home/lijiaxing/.conda/envs/api/lib/python3.10/site-packages/triton/language/semantic.py", line 203, in binary_op_type_checking_impl\n    lhs, rhs = self.broadcast_impl_value(lhs, rhs)\n  File "/home/lijiaxing/.conda/envs/api/lib/python3.10/site-packages/triton/language/semantic.py", line 749, in broadcast_impl_value\n    raise ValueError("Cannot make_shape_compatible: incompatible dimensions "\nValueError: Cannot make_shape_compatible: incompatible dimensions at index 0: 32 and 64\n', 'runtime_error_name': 'triton.compiler.errors.CompilationError', 'reference_timing_ms': 0.0526, 'speed_up': -1.0, 'custom_timing': -1.0}, 'runtime': -1.0, 'runtime_stats': {}}}
2025-08-08 18:40:59,615 - openevolve.RemoteSpeedupEvaluator - INFO - [level1_65_conv_transposed_2D__square_input__asymmetric_kernel] triton key words check pass
2025-08-08 18:40:59,617 - openevolve.RemoteSpeedupEvaluator - INFO - [level1_65_conv_transposed_2D__square_input__asymmetric_kernel] verify_plus payload: reference_code(2052 chars) + custom_code(6245 chars)
2025-08-08 18:41:03,620 - openevolve.RemoteSpeedupEvaluator - INFO - [level1_65_conv_transposed_2D__square_input__asymmetric_kernel] verify_plus request success
2025-08-08 18:41:03,621 - openevolve.RemoteSpeedupEvaluator - INFO - [level1_65_conv_transposed_2D__square_input__asymmetric_kernel] verify_plus response: {"id":"level1_65_conv_transposed_2D__square_input__asymmetric_kernel","result":{"compiled":true,"correctness":false,"metadata":{"hardware":"NVIDIA L20Y","device":"cuda:4","max_difference":["1.785323","1.682542","1.667400","1.709230","1.695624"],"avg_difference":["0.016985","0.016994","0.016998","0.017029","0.017001"],"correctness_issue":"Output mismatch","correctness_trials":"(0 / 5)","reference_timing_ms":0.0526,"speed_up":-1.0,"custom_timing":-1.0},"runtime":-1.0,"runtime_stats":{}}}
2025-08-08 18:41:03,621 - openevolve.RemoteSpeedupEvaluator - INFO - [level1_65_conv_transposed_2D__square_input__asymmetric_kernel] âœ˜ wrong_answer
2025-08-08 18:41:03,621 - openevolve.evaluator - INFO - Evaluated program 81330ee2-a1f4-47ae-92ac-e89f0f054835 in 4.01s: compiled=1.0000, correctness=0.0000, score=10.0000, stage=wrong_answer, verify_payload={'id': 'level1_65_conv_transposed_2D__square_input__asymmetric_kernel', 'result': {'compiled': True, 'correctness': False, 'metadata': {'hardware': 'NVIDIA L20Y', 'device': 'cuda:4', 'max_difference': ['1.785323', '1.682542', '1.667400', '1.709230', '1.695624'], 'avg_difference': ['0.016985', '0.016994', '0.016998', '0.017029', '0.017001'], 'correctness_issue': 'Output mismatch', 'correctness_trials': '(0 / 5)', 'reference_timing_ms': 0.0526, 'speed_up': -1.0, 'custom_timing': -1.0}, 'runtime': -1.0, 'runtime_stats': {}}}
2025-08-08 18:41:03,625 - openevolve.llm.ensemble - INFO - Sampled model: deepseek
2025-08-08 18:41:03,638 - openevolve.threaded_parallel - INFO - Iteration 14: Program 81330ee2-a1f4-47ae-92ac-e89f0f054835 (parent: 67359490-5206-42e1-b692-9d196fcbe5a2) completed in 856.80s
2025-08-08 18:41:03,638 - openevolve.threaded_parallel - INFO - Metrics: compiled=1.0000, correctness=0.0000, score=10.0000, stage=wrong_answer, verify_payload={'id': 'level1_65_conv_transposed_2D__square_input__asymmetric_kernel', 'result': {'compiled': True, 'correctness': False, 'metadata': {'hardware': 'NVIDIA L20Y', 'device': 'cuda:4', 'max_difference': ['1.785323', '1.682542', '1.667400', '1.709230', '1.695624'], 'avg_difference': ['0.016985', '0.016994', '0.016998', '0.017029', '0.017001'], 'correctness_issue': 'Output mismatch', 'correctness_trials': '(0 / 5)', 'reference_timing_ms': 0.0526, 'speed_up': -1.0, 'custom_timing': -1.0}, 'runtime': -1.0, 'runtime_stats': {}}}
2025-08-08 18:41:55,635 - openevolve.RemoteSpeedupEvaluator - INFO - [level1_65_conv_transposed_2D__square_input__asymmetric_kernel] âœ˜ invalid_answer 'import triton' is not found
2025-08-08 18:41:55,637 - openevolve.evaluator - INFO - Evaluated program 8406d3af-8ef8-4b41-a6db-882335e6bd50 in 0.00s: compiled=0.0000, correctness=0.0000, score=-100.0000, stage=no_valid_triton_code, feedback=You need to generate real and valid triton code for the core function. The key word 'import triton' is not found.
2025-08-08 18:41:55,642 - openevolve.llm.ensemble - INFO - Sampled model: deepseek
2025-08-08 18:41:55,652 - openevolve.threaded_parallel - INFO - Iteration 15: Program 8406d3af-8ef8-4b41-a6db-882335e6bd50 (parent: 665ce356-6833-49cc-b2ad-89083e8d31ad) completed in 737.80s
2025-08-08 18:41:55,652 - openevolve.threaded_parallel - INFO - Metrics: compiled=0.0000, correctness=0.0000, score=-100.0000, stage=no_valid_triton_code, feedback=You need to generate real and valid triton code for the core function. The key word 'import triton' is not found.
2025-08-08 18:41:55,652 - openevolve.threaded_parallel - INFO - Checkpoint interval reached at iteration 15
2025-08-08 18:41:55,655 - openevolve.database - INFO - Island Status:
2025-08-08 18:41:55,655 - openevolve.database - INFO -  * Island 0: 7 programs, best=10.0000, avg=-8.4286, diversity=407.37, gen=6 (best: ed56c7c1-a11e-4f0c-b3cd-fbbe2133acec)
2025-08-08 18:41:55,655 - openevolve.database - INFO -    Island 1: 6 programs, best=10.0000, avg=10.0000, diversity=289.87, gen=5 (best: 17bb2df5-8897-4583-b2d2-0cdb716bd41e)
2025-08-08 18:41:55,655 - openevolve.database - INFO -    Island 2: 6 programs, best=10.0000, avg=-8.3333, diversity=1027.07, gen=5 (best: 18cf3e48-90a6-48f5-8306-9e5b5b9d488f)
2025-08-08 18:41:55,853 - openevolve.database - INFO - Saved database with 17 programs to openevolve_output/level1_65_conv_transposed_2D__square_input__asymmetric_kernel/checkpoints/checkpoint_15
2025-08-08 18:41:55,874 - openevolve.controller - INFO - Saved best program at checkpoint 15 with metrics: compiled=1.0000, correctness=0.0000, score=10.0000, stage=wrong_answer, verify_payload={'id': 'level1_65_conv_transposed_2D__square_input__asymmetric_kernel', 'result': {'compiled': True, 'correctness': False, 'metadata': {'hardware': 'NVIDIA L20Y', 'device': 'cuda:6', 'runtime_error': 'Traceback (most recent call last):\n  File "/home/lijiaxing/.conda/envs/api/lib/python3.10/site-packages/triton/language/core.py", line 42, in wrapper\n    return fn(*args, **kwargs)\n  File "/home/lijiaxing/.conda/envs/api/lib/python3.10/site-packages/triton/language/core.py", line 2231, in make_block_ptr\n    return _semantic.make_block_ptr(base, shape, strides, offsets, block_shape, order)\n  File "/home/lijiaxing/.conda/envs/api/lib/python3.10/site-packages/triton/language/semantic.py", line 1821, in make_block_ptr\n    assert all(isinstance(elem, int) and -2**31 <= elem < 2**31 for elem in block_shape), \\\nAssertionError: Expected a list of constant integers (`int32_t` range) in `block_shape`\n\nThe above exception was the direct cause of the following exception:\n\nTraceback (most recent call last):\n  File "/cpfs01/shared/llm_kernel/hujiakai/KernelLLM/validation_api_server/helpers/evaluations.py", line 720, in run_and_check_correctness\n    output_new = model_new(*inputs)\n  File "/home/lijiaxing/.conda/envs/api/lib/python3.10/site-packages/torch/nn/modules/module.py", line 1773, in _wrapped_call_impl\n    return self._call_impl(*args, **kwargs)\n  File "/home/lijiaxing/.conda/envs/api/lib/python3.10/site-packages/torch/nn/modules/module.py", line 1784, in _call_impl\n    return forward_call(*args, **kwargs)\n  File "/tmp/tmpdzney40g.py", line 147, in forward\n    conv_transpose_kernel[grid](\n  File "/home/lijiaxing/.conda/envs/api/lib/python3.10/site-packages/triton/runtime/jit.py", line 390, in <lambda>\n    return lambda *args, **kwargs: self.run(grid=grid, warmup=False, *args, **kwargs)\n  File "/home/lijiaxing/.conda/envs/api/lib/python3.10/site-packages/triton/runtime/jit.py", line 594, in run\n    kernel = self.compile(src, target=target, options=options.__dict__)\n  File "/home/lijiaxing/.conda/envs/api/lib/python3.10/site-packages/triton/compiler/compiler.py", line 339, in compile\n    module = src.make_ir(options, codegen_fns, module_map, context)\n  File "/home/lijiaxing/.conda/envs/api/lib/python3.10/site-packages/triton/compiler/compiler.py", line 83, in make_ir\n    return ast_to_ttir(self.fn, self, context=context, options=options, codegen_fns=codegen_fns,\ntriton.compiler.errors.CompilationError: at 24:18:\n    BLOCK_SIZE_HW: tl.constexpr,\n):\n    pid_bhw = tl.program_id(0)\n    pid_c = tl.program_id(1)\n\n    out_channels_per_group = C_out // groups\n    in_channels_per_group = C_in // groups\n    group_idx = pid_c // out_channels_per_group\n    c_out = pid_c % out_channels_per_group\n\n    # Create block pointers with boundary checks\n    x_block_ptr = tl.make_block_ptr(\n                  ^\n\n\nThe above exception was the direct cause of the following exception:\n\nTraceback (most recent call last):\n  File "/home/lijiaxing/.conda/envs/api/lib/python3.10/site-packages/triton/language/core.py", line 42, in wrapper\n    return fn(*args, **kwargs)\n  File "/home/lijiaxing/.conda/envs/api/lib/python3.10/site-packages/triton/language/core.py", line 2231, in make_block_ptr\n    return _semantic.make_block_ptr(base, shape, strides, offsets, block_shape, order)\n  File "/home/lijiaxing/.conda/envs/api/lib/python3.10/site-packages/triton/language/semantic.py", line 1821, in make_block_ptr\n    assert all(isinstance(elem, int) and -2**31 <= elem < 2**31 for elem in block_shape), \\\nAssertionError: Expected a list of constant integers (`int32_t` range) in `block_shape`\n', 'runtime_error_name': 'triton.compiler.errors.CompilationError', 'reference_timing_ms': 0.0526, 'speed_up': -1.0, 'custom_timing': -1.0}, 'runtime': -1.0, 'runtime_stats': {}}}
2025-08-08 18:41:55,874 - openevolve.controller - INFO - Saved checkpoint at iteration 15 to openevolve_output/level1_65_conv_transposed_2D__square_input__asymmetric_kernel/checkpoints/checkpoint_15
2025-08-08 18:42:12,504 - openevolve.RemoteSpeedupEvaluator - INFO - [level1_65_conv_transposed_2D__square_input__asymmetric_kernel] triton key words check pass
2025-08-08 18:42:12,504 - openevolve.RemoteSpeedupEvaluator - INFO - [level1_65_conv_transposed_2D__square_input__asymmetric_kernel] verify_plus payload: reference_code(2052 chars) + custom_code(7033 chars)
2025-08-08 18:42:15,567 - openevolve.RemoteSpeedupEvaluator - INFO - [level1_65_conv_transposed_2D__square_input__asymmetric_kernel] verify_plus request success
2025-08-08 18:42:15,568 - openevolve.RemoteSpeedupEvaluator - INFO - [level1_65_conv_transposed_2D__square_input__asymmetric_kernel] verify_plus response: {"id":"level1_65_conv_transposed_2D__square_input__asymmetric_kernel","result":{"compiled":true,"correctness":false,"metadata":{"hardware":"NVIDIA L20Y","device":"cuda:4","runtime_error":"Traceback (most recent call last):\n  File \"/cpfs01/shared/llm_kernel/hujiakai/KernelLLM/validation_api_server/helpers/evaluations.py\", line 720, in run_and_check_correctness\n    output_new = model_new(*inputs)\n  File \"/home/lijiaxing/.conda/envs/api/lib/python3.10/site-packages/torch/nn/modules/module.py\", line 1773, in _wrapped_call_impl\n    return self._call_impl(*args, **kwargs)\n  File \"/home/lijiaxing/.conda/envs/api/lib/python3.10/site-packages/torch/nn/modules/module.py\", line 1784, in _call_impl\n    return forward_call(*args, **kwargs)\n  File \"/tmp/tmpqfis4hy0.py\", line 172, in forwa
2025-08-08 18:42:15,568 - openevolve.RemoteSpeedupEvaluator - INFO - [level1_65_conv_transposed_2D__square_input__asymmetric_kernel] âœ˜ wrong_answer
2025-08-08 18:42:15,568 - openevolve.evaluator - INFO - Evaluated program 418bf3b2-7932-433e-a994-8add942fc4e5 in 3.06s: compiled=1.0000, correctness=0.0000, score=10.0000, stage=wrong_answer, verify_payload={'id': 'level1_65_conv_transposed_2D__square_input__asymmetric_kernel', 'result': {'compiled': True, 'correctness': False, 'metadata': {'hardware': 'NVIDIA L20Y', 'device': 'cuda:4', 'runtime_error': 'Traceback (most recent call last):\n  File "/cpfs01/shared/llm_kernel/hujiakai/KernelLLM/validation_api_server/helpers/evaluations.py", line 720, in run_and_check_correctness\n    output_new = model_new(*inputs)\n  File "/home/lijiaxing/.conda/envs/api/lib/python3.10/site-packages/torch/nn/modules/module.py", line 1773, in _wrapped_call_impl\n    return self._call_impl(*args, **kwargs)\n  File "/home/lijiaxing/.conda/envs/api/lib/python3.10/site-packages/torch/nn/modules/module.py", line 1784, in _call_impl\n    return forward_call(*args, **kwargs)\n  File "/tmp/tmpqfis4hy0.py", line 172, in forward\n    conv_transpose2d_kernel[grid](\n  File "/home/lijiaxing/.conda/envs/api/lib/python3.10/site-packages/triton/runtime/jit.py", line 390, in <lambda>\n    return lambda *args, **kwargs: self.run(grid=grid, warmup=False, *args, **kwargs)\n  File "/home/lijiaxing/.conda/envs/api/lib/python3.10/site-packages/triton/runtime/jit.py", line 594, in run\n    kernel = self.compile(src, target=target, options=options.__dict__)\n  File "/home/lijiaxing/.conda/envs/api/lib/python3.10/site-packages/triton/compiler/compiler.py", line 339, in compile\n    module = src.make_ir(options, codegen_fns, module_map, context)\n  File "/home/lijiaxing/.conda/envs/api/lib/python3.10/site-packages/triton/compiler/compiler.py", line 83, in make_ir\n    return ast_to_ttir(self.fn, self, context=context, options=options, codegen_fns=codegen_fns,\ntriton.compiler.errors.CompilationError: at 56:29:\n        for kw in range(kernel_width):\n            # Compute corresponding input position\n            ih = (pid_oh * stride_h) + kh - padding_h\n            iw = (ow_offsets * stride_w) + kw - padding_w\n\n            # Check input bounds\n            ih_mask = (ih >= 0) & (ih < input_height)\n            iw_mask = (iw >= 0) & (iw < input_width) & ow_mask\n            valid_mask = ih_mask & iw_mask\n\n            # Prepare input pointers\n            input_offsets = (pid_batch * in_channels * input_height * input_width +\n                             ^\nValueError(\'Cannot make_shape_compatible: incompatible dimensions at index 0: 32 and 64\')\n\n\nThe above exception was the direct cause of the following exception:\n\nTraceback (most recent call last):\n  File "/home/lijiaxing/.conda/envs/api/lib/python3.10/site-packages/triton/language/core.py", line 42, in wrapper\n    return fn(*args, **kwargs)\n  File "/home/lijiaxing/.conda/envs/api/lib/python3.10/site-packages/triton/language/core.py", line 900, in __add__\n    return add(self, other, sanitize_overflow=True, _semantic=_semantic)\n  File "/home/lijiaxing/.conda/envs/api/lib/python3.10/site-packages/triton/language/core.py", line 42, in wrapper\n    return fn(*args, **kwargs)\n  File "/home/lijiaxing/.conda/envs/api/lib/python3.10/site-packages/triton/language/core.py", line 2468, in add\n    return _semantic.add(x, y, sanitize_overflow)\n  File "/home/lijiaxing/.conda/envs/api/lib/python3.10/site-packages/triton/language/semantic.py", line 226, in add\n    input, other = self.binary_op_type_checking_impl(input, other, True, True)\n  File "/home/lijiaxing/.conda/envs/api/lib/python3.10/site-packages/triton/language/semantic.py", line 203, in binary_op_type_checking_impl\n    lhs, rhs = self.broadcast_impl_value(lhs, rhs)\n  File "/home/lijiaxing/.conda/envs/api/lib/python3.10/site-packages/triton/language/semantic.py", line 749, in broadcast_impl_value\n    raise ValueError("Cannot make_shape_compatible: incompatible dimensions "\nValueError: Cannot make_shape_compatible: incompatible dimensions at index 0: 32 and 64\n', 'runtime_error_name': 'triton.compiler.errors.CompilationError', 'reference_timing_ms': 0.0526, 'speed_up': -1.0, 'custom_timing': -1.0}, 'runtime': -1.0, 'runtime_stats': {}}}
2025-08-08 18:42:15,573 - openevolve.llm.ensemble - INFO - Sampled model: deepseek
2025-08-08 18:42:15,587 - openevolve.threaded_parallel - INFO - Iteration 16: Program 418bf3b2-7932-433e-a994-8add942fc4e5 (parent: 96a4f41c-1685-46fa-b8c3-3ca218e16dee) completed in 479.95s
2025-08-08 18:42:15,587 - openevolve.threaded_parallel - INFO - Metrics: compiled=1.0000, correctness=0.0000, score=10.0000, stage=wrong_answer, verify_payload={'id': 'level1_65_conv_transposed_2D__square_input__asymmetric_kernel', 'result': {'compiled': True, 'correctness': False, 'metadata': {'hardware': 'NVIDIA L20Y', 'device': 'cuda:4', 'runtime_error': 'Traceback (most recent call last):\n  File "/cpfs01/shared/llm_kernel/hujiakai/KernelLLM/validation_api_server/helpers/evaluations.py", line 720, in run_and_check_correctness\n    output_new = model_new(*inputs)\n  File "/home/lijiaxing/.conda/envs/api/lib/python3.10/site-packages/torch/nn/modules/module.py", line 1773, in _wrapped_call_impl\n    return self._call_impl(*args, **kwargs)\n  File "/home/lijiaxing/.conda/envs/api/lib/python3.10/site-packages/torch/nn/modules/module.py", line 1784, in _call_impl\n    return forward_call(*args, **kwargs)\n  File "/tmp/tmpqfis4hy0.py", line 172, in forward\n    conv_transpose2d_kernel[grid](\n  File "/home/lijiaxing/.conda/envs/api/lib/python3.10/site-packages/triton/runtime/jit.py", line 390, in <lambda>\n    return lambda *args, **kwargs: self.run(grid=grid, warmup=False, *args, **kwargs)\n  File "/home/lijiaxing/.conda/envs/api/lib/python3.10/site-packages/triton/runtime/jit.py", line 594, in run\n    kernel = self.compile(src, target=target, options=options.__dict__)\n  File "/home/lijiaxing/.conda/envs/api/lib/python3.10/site-packages/triton/compiler/compiler.py", line 339, in compile\n    module = src.make_ir(options, codegen_fns, module_map, context)\n  File "/home/lijiaxing/.conda/envs/api/lib/python3.10/site-packages/triton/compiler/compiler.py", line 83, in make_ir\n    return ast_to_ttir(self.fn, self, context=context, options=options, codegen_fns=codegen_fns,\ntriton.compiler.errors.CompilationError: at 56:29:\n        for kw in range(kernel_width):\n            # Compute corresponding input position\n            ih = (pid_oh * stride_h) + kh - padding_h\n            iw = (ow_offsets * stride_w) + kw - padding_w\n\n            # Check input bounds\n            ih_mask = (ih >= 0) & (ih < input_height)\n            iw_mask = (iw >= 0) & (iw < input_width) & ow_mask\n            valid_mask = ih_mask & iw_mask\n\n            # Prepare input pointers\n            input_offsets = (pid_batch * in_channels * input_height * input_width +\n                             ^\nValueError(\'Cannot make_shape_compatible: incompatible dimensions at index 0: 32 and 64\')\n\n\nThe above exception was the direct cause of the following exception:\n\nTraceback (most recent call last):\n  File "/home/lijiaxing/.conda/envs/api/lib/python3.10/site-packages/triton/language/core.py", line 42, in wrapper\n    return fn(*args, **kwargs)\n  File "/home/lijiaxing/.conda/envs/api/lib/python3.10/site-packages/triton/language/core.py", line 900, in __add__\n    return add(self, other, sanitize_overflow=True, _semantic=_semantic)\n  File "/home/lijiaxing/.conda/envs/api/lib/python3.10/site-packages/triton/language/core.py", line 42, in wrapper\n    return fn(*args, **kwargs)\n  File "/home/lijiaxing/.conda/envs/api/lib/python3.10/site-packages/triton/language/core.py", line 2468, in add\n    return _semantic.add(x, y, sanitize_overflow)\n  File "/home/lijiaxing/.conda/envs/api/lib/python3.10/site-packages/triton/language/semantic.py", line 226, in add\n    input, other = self.binary_op_type_checking_impl(input, other, True, True)\n  File "/home/lijiaxing/.conda/envs/api/lib/python3.10/site-packages/triton/language/semantic.py", line 203, in binary_op_type_checking_impl\n    lhs, rhs = self.broadcast_impl_value(lhs, rhs)\n  File "/home/lijiaxing/.conda/envs/api/lib/python3.10/site-packages/triton/language/semantic.py", line 749, in broadcast_impl_value\n    raise ValueError("Cannot make_shape_compatible: incompatible dimensions "\nValueError: Cannot make_shape_compatible: incompatible dimensions at index 0: 32 and 64\n', 'runtime_error_name': 'triton.compiler.errors.CompilationError', 'reference_timing_ms': 0.0526, 'speed_up': -1.0, 'custom_timing': -1.0}, 'runtime': -1.0, 'runtime_stats': {}}}
2025-08-08 18:53:03,483 - openevolve.RemoteSpeedupEvaluator - INFO - [level1_65_conv_transposed_2D__square_input__asymmetric_kernel] triton key words check pass
2025-08-08 18:53:03,485 - openevolve.RemoteSpeedupEvaluator - INFO - [level1_65_conv_transposed_2D__square_input__asymmetric_kernel] verify_plus payload: reference_code(2052 chars) + custom_code(7087 chars)
2025-08-08 18:53:06,607 - openevolve.RemoteSpeedupEvaluator - INFO - [level1_65_conv_transposed_2D__square_input__asymmetric_kernel] verify_plus request success
2025-08-08 18:53:06,608 - openevolve.RemoteSpeedupEvaluator - INFO - [level1_65_conv_transposed_2D__square_input__asymmetric_kernel] verify_plus response: {"id":"level1_65_conv_transposed_2D__square_input__asymmetric_kernel","result":{"compiled":true,"correctness":false,"metadata":{"hardware":"NVIDIA L20Y","device":"cuda:7","runtime_error":"Traceback (most recent call last):\n  File \"/cpfs01/shared/llm_kernel/hujiakai/KernelLLM/validation_api_server/helpers/evaluations.py\", line 720, in run_and_check_correctness\n    output_new = model_new(*inputs)\n  File \"/home/lijiaxing/.conda/envs/api/lib/python3.10/site-packages/torch/nn/modules/module.py\", line 1773, in _wrapped_call_impl\n    return self._call_impl(*args, **kwargs)\n  File \"/home/lijiaxing/.conda/envs/api/lib/python3.10/site-packages/torch/nn/modules/module.py\", line 1784, in _call_impl\n    return forward_call(*args, **kwargs)\n  File \"/tmp/tmpgp2h2sw2.py\", line 179, in forwa
2025-08-08 18:53:06,608 - openevolve.RemoteSpeedupEvaluator - INFO - [level1_65_conv_transposed_2D__square_input__asymmetric_kernel] âœ˜ wrong_answer
2025-08-08 18:53:06,608 - openevolve.evaluator - INFO - Evaluated program 2c9326aa-ddf7-486e-8523-2f284df7b7c9 in 3.13s: compiled=1.0000, correctness=0.0000, score=10.0000, stage=wrong_answer, verify_payload={'id': 'level1_65_conv_transposed_2D__square_input__asymmetric_kernel', 'result': {'compiled': True, 'correctness': False, 'metadata': {'hardware': 'NVIDIA L20Y', 'device': 'cuda:7', 'runtime_error': 'Traceback (most recent call last):\n  File "/cpfs01/shared/llm_kernel/hujiakai/KernelLLM/validation_api_server/helpers/evaluations.py", line 720, in run_and_check_correctness\n    output_new = model_new(*inputs)\n  File "/home/lijiaxing/.conda/envs/api/lib/python3.10/site-packages/torch/nn/modules/module.py", line 1773, in _wrapped_call_impl\n    return self._call_impl(*args, **kwargs)\n  File "/home/lijiaxing/.conda/envs/api/lib/python3.10/site-packages/torch/nn/modules/module.py", line 1784, in _call_impl\n    return forward_call(*args, **kwargs)\n  File "/tmp/tmpgp2h2sw2.py", line 179, in forward\n    conv_transpose_kernel[grid](\n  File "/home/lijiaxing/.conda/envs/api/lib/python3.10/site-packages/triton/runtime/jit.py", line 390, in <lambda>\n    return lambda *args, **kwargs: self.run(grid=grid, warmup=False, *args, **kwargs)\n  File "/home/lijiaxing/.conda/envs/api/lib/python3.10/site-packages/triton/runtime/jit.py", line 594, in run\n    kernel = self.compile(src, target=target, options=options.__dict__)\n  File "/home/lijiaxing/.conda/envs/api/lib/python3.10/site-packages/triton/compiler/compiler.py", line 339, in compile\n    module = src.make_ir(options, codegen_fns, module_map, context)\n  File "/home/lijiaxing/.conda/envs/api/lib/python3.10/site-packages/triton/compiler/compiler.py", line 83, in make_ir\n    return ast_to_ttir(self.fn, self, context=context, options=options, codegen_fns=codegen_fns,\ntriton.compiler.errors.CompilationError: at 67:20:\n\n            # Create input masks\n            ih_mask = (ih >= 0) & (ih < H)\n            iw_mask = (iw >= 0) & (iw < W)\n            valid_mask = spatial_mask & ih_mask[:, None] & iw_mask[None, :]\n\n            # Iterate over input channels in group\n            for ic in range(in_channels_per_group):\n                # Compute input offsets\n                ic_idx = ic_start + ic\n                input_offsets = (\n                    pid_b * C_in * H * W + \n                    ^\nValueError(\'Cannot make_shape_compatible: incompatible dimensions at index 1: 64 and 8\')\n\n\nThe above exception was the direct cause of the following exception:\n\nTraceback (most recent call last):\n  File "/home/lijiaxing/.conda/envs/api/lib/python3.10/site-packages/triton/language/core.py", line 42, in wrapper\n    return fn(*args, **kwargs)\n  File "/home/lijiaxing/.conda/envs/api/lib/python3.10/site-packages/triton/language/core.py", line 900, in __add__\n    return add(self, other, sanitize_overflow=True, _semantic=_semantic)\n  File "/home/lijiaxing/.conda/envs/api/lib/python3.10/site-packages/triton/language/core.py", line 42, in wrapper\n    return fn(*args, **kwargs)\n  File "/home/lijiaxing/.conda/envs/api/lib/python3.10/site-packages/triton/language/core.py", line 2468, in add\n    return _semantic.add(x, y, sanitize_overflow)\n  File "/home/lijiaxing/.conda/envs/api/lib/python3.10/site-packages/triton/language/semantic.py", line 226, in add\n    input, other = self.binary_op_type_checking_impl(input, other, True, True)\n  File "/home/lijiaxing/.conda/envs/api/lib/python3.10/site-packages/triton/language/semantic.py", line 203, in binary_op_type_checking_impl\n    lhs, rhs = self.broadcast_impl_value(lhs, rhs)\n  File "/home/lijiaxing/.conda/envs/api/lib/python3.10/site-packages/triton/language/semantic.py", line 749, in broadcast_impl_value\n    raise ValueError("Cannot make_shape_compatible: incompatible dimensions "\nValueError: Cannot make_shape_compatible: incompatible dimensions at index 1: 64 and 8\n', 'runtime_error_name': 'triton.compiler.errors.CompilationError', 'reference_timing_ms': 0.0526, 'speed_up': -1.0, 'custom_timing': -1.0}, 'runtime': -1.0, 'runtime_stats': {}}}
2025-08-08 18:53:06,613 - openevolve.llm.ensemble - INFO - Sampled model: deepseek
2025-08-08 18:53:06,630 - openevolve.threaded_parallel - INFO - Iteration 19: Program 2c9326aa-ddf7-486e-8523-2f284df7b7c9 (parent: 20b13543-de4f-41ad-bfb8-ad3b8f1f696a) completed in 651.04s
2025-08-08 18:53:06,630 - openevolve.threaded_parallel - INFO - Metrics: compiled=1.0000, correctness=0.0000, score=10.0000, stage=wrong_answer, verify_payload={'id': 'level1_65_conv_transposed_2D__square_input__asymmetric_kernel', 'result': {'compiled': True, 'correctness': False, 'metadata': {'hardware': 'NVIDIA L20Y', 'device': 'cuda:7', 'runtime_error': 'Traceback (most recent call last):\n  File "/cpfs01/shared/llm_kernel/hujiakai/KernelLLM/validation_api_server/helpers/evaluations.py", line 720, in run_and_check_correctness\n    output_new = model_new(*inputs)\n  File "/home/lijiaxing/.conda/envs/api/lib/python3.10/site-packages/torch/nn/modules/module.py", line 1773, in _wrapped_call_impl\n    return self._call_impl(*args, **kwargs)\n  File "/home/lijiaxing/.conda/envs/api/lib/python3.10/site-packages/torch/nn/modules/module.py", line 1784, in _call_impl\n    return forward_call(*args, **kwargs)\n  File "/tmp/tmpgp2h2sw2.py", line 179, in forward\n    conv_transpose_kernel[grid](\n  File "/home/lijiaxing/.conda/envs/api/lib/python3.10/site-packages/triton/runtime/jit.py", line 390, in <lambda>\n    return lambda *args, **kwargs: self.run(grid=grid, warmup=False, *args, **kwargs)\n  File "/home/lijiaxing/.conda/envs/api/lib/python3.10/site-packages/triton/runtime/jit.py", line 594, in run\n    kernel = self.compile(src, target=target, options=options.__dict__)\n  File "/home/lijiaxing/.conda/envs/api/lib/python3.10/site-packages/triton/compiler/compiler.py", line 339, in compile\n    module = src.make_ir(options, codegen_fns, module_map, context)\n  File "/home/lijiaxing/.conda/envs/api/lib/python3.10/site-packages/triton/compiler/compiler.py", line 83, in make_ir\n    return ast_to_ttir(self.fn, self, context=context, options=options, codegen_fns=codegen_fns,\ntriton.compiler.errors.CompilationError: at 67:20:\n\n            # Create input masks\n            ih_mask = (ih >= 0) & (ih < H)\n            iw_mask = (iw >= 0) & (iw < W)\n            valid_mask = spatial_mask & ih_mask[:, None] & iw_mask[None, :]\n\n            # Iterate over input channels in group\n            for ic in range(in_channels_per_group):\n                # Compute input offsets\n                ic_idx = ic_start + ic\n                input_offsets = (\n                    pid_b * C_in * H * W + \n                    ^\nValueError(\'Cannot make_shape_compatible: incompatible dimensions at index 1: 64 and 8\')\n\n\nThe above exception was the direct cause of the following exception:\n\nTraceback (most recent call last):\n  File "/home/lijiaxing/.conda/envs/api/lib/python3.10/site-packages/triton/language/core.py", line 42, in wrapper\n    return fn(*args, **kwargs)\n  File "/home/lijiaxing/.conda/envs/api/lib/python3.10/site-packages/triton/language/core.py", line 900, in __add__\n    return add(self, other, sanitize_overflow=True, _semantic=_semantic)\n  File "/home/lijiaxing/.conda/envs/api/lib/python3.10/site-packages/triton/language/core.py", line 42, in wrapper\n    return fn(*args, **kwargs)\n  File "/home/lijiaxing/.conda/envs/api/lib/python3.10/site-packages/triton/language/core.py", line 2468, in add\n    return _semantic.add(x, y, sanitize_overflow)\n  File "/home/lijiaxing/.conda/envs/api/lib/python3.10/site-packages/triton/language/semantic.py", line 226, in add\n    input, other = self.binary_op_type_checking_impl(input, other, True, True)\n  File "/home/lijiaxing/.conda/envs/api/lib/python3.10/site-packages/triton/language/semantic.py", line 203, in binary_op_type_checking_impl\n    lhs, rhs = self.broadcast_impl_value(lhs, rhs)\n  File "/home/lijiaxing/.conda/envs/api/lib/python3.10/site-packages/triton/language/semantic.py", line 749, in broadcast_impl_value\n    raise ValueError("Cannot make_shape_compatible: incompatible dimensions "\nValueError: Cannot make_shape_compatible: incompatible dimensions at index 1: 64 and 8\n', 'runtime_error_name': 'triton.compiler.errors.CompilationError', 'reference_timing_ms': 0.0526, 'speed_up': -1.0, 'custom_timing': -1.0}, 'runtime': -1.0, 'runtime_stats': {}}}
2025-08-08 18:53:21,131 - openevolve.RemoteSpeedupEvaluator - INFO - [level1_65_conv_transposed_2D__square_input__asymmetric_kernel] triton key words check pass
2025-08-08 18:53:21,131 - openevolve.RemoteSpeedupEvaluator - INFO - [level1_65_conv_transposed_2D__square_input__asymmetric_kernel] verify_plus payload: reference_code(2052 chars) + custom_code(5674 chars)
2025-08-08 18:53:24,627 - openevolve.RemoteSpeedupEvaluator - INFO - [level1_65_conv_transposed_2D__square_input__asymmetric_kernel] verify_plus request success
2025-08-08 18:53:24,628 - openevolve.RemoteSpeedupEvaluator - INFO - [level1_65_conv_transposed_2D__square_input__asymmetric_kernel] verify_plus response: {"id":"level1_65_conv_transposed_2D__square_input__asymmetric_kernel","result":{"compiled":true,"correctness":false,"metadata":{"hardware":"NVIDIA L20Y","device":"cuda:4","runtime_error":"Traceback (most recent call last):\n  File \"/cpfs01/shared/llm_kernel/hujiakai/KernelLLM/validation_api_server/helpers/evaluations.py\", line 720, in run_and_check_correctness\n    output_new = model_new(*inputs)\n  File \"/home/lijiaxing/.conda/envs/api/lib/python3.10/site-packages/torch/nn/modules/module.py\", line 1773, in _wrapped_call_impl\n    return self._call_impl(*args, **kwargs)\n  File \"/home/lijiaxing/.conda/envs/api/lib/python3.10/site-packages/torch/nn/modules/module.py\", line 1784, in _call_impl\n    return forward_call(*args, **kwargs)\n  File \"/tmp/tmpyhkh_h18.py\", line 135, in forwa
2025-08-08 18:53:24,628 - openevolve.RemoteSpeedupEvaluator - INFO - [level1_65_conv_transposed_2D__square_input__asymmetric_kernel] âœ˜ wrong_answer
2025-08-08 18:53:24,628 - openevolve.evaluator - INFO - Evaluated program d60c1b8e-5974-4ddc-92e1-ec8931142cab in 3.50s: compiled=1.0000, correctness=0.0000, score=10.0000, stage=wrong_answer, verify_payload={'id': 'level1_65_conv_transposed_2D__square_input__asymmetric_kernel', 'result': {'compiled': True, 'correctness': False, 'metadata': {'hardware': 'NVIDIA L20Y', 'device': 'cuda:4', 'runtime_error': 'Traceback (most recent call last):\n  File "/cpfs01/shared/llm_kernel/hujiakai/KernelLLM/validation_api_server/helpers/evaluations.py", line 720, in run_and_check_correctness\n    output_new = model_new(*inputs)\n  File "/home/lijiaxing/.conda/envs/api/lib/python3.10/site-packages/torch/nn/modules/module.py", line 1773, in _wrapped_call_impl\n    return self._call_impl(*args, **kwargs)\n  File "/home/lijiaxing/.conda/envs/api/lib/python3.10/site-packages/torch/nn/modules/module.py", line 1784, in _call_impl\n    return forward_call(*args, **kwargs)\n  File "/tmp/tmpyhkh_h18.py", line 135, in forward\n    conv_transpose_kernel[grid](\n  File "/home/lijiaxing/.conda/envs/api/lib/python3.10/site-packages/triton/runtime/jit.py", line 390, in <lambda>\n    return lambda *args, **kwargs: self.run(grid=grid, warmup=False, *args, **kwargs)\n  File "/home/lijiaxing/.conda/envs/api/lib/python3.10/site-packages/triton/runtime/jit.py", line 594, in run\n    kernel = self.compile(src, target=target, options=options.__dict__)\n  File "/home/lijiaxing/.conda/envs/api/lib/python3.10/site-packages/triton/compiler/compiler.py", line 339, in compile\n    module = src.make_ir(options, codegen_fns, module_map, context)\n  File "/home/lijiaxing/.conda/envs/api/lib/python3.10/site-packages/triton/compiler/compiler.py", line 83, in make_ir\n    return ast_to_ttir(self.fn, self, context=context, options=options, codegen_fns=codegen_fns,\ntriton.compiler.errors.UnsupportedLanguageConstruct: at 47:16:\n    acc = 0.0\n\n    # Iterate over kernel positions\n    for kh in range(kernel_h):\n        for kw in range(kernel_w):\n            # Compute numerator for input positions\n            num_h = pid_h + padding_h - kh\n            num_w = pid_w + padding_w - kw\n\n            # Check divisibility and bounds for h\n            if num_h % stride_h != 0:\n                continue\n                ^\nunsupported AST node type: Continue\n', 'runtime_error_name': 'triton.compiler.errors.UnsupportedLanguageConstruct', 'reference_timing_ms': 0.0526, 'speed_up': -1.0, 'custom_timing': -1.0}, 'runtime': -1.0, 'runtime_stats': {}}}
2025-08-08 18:53:24,632 - openevolve.llm.ensemble - INFO - Sampled model: deepseek
2025-08-08 18:53:24,634 - openevolve.database - INFO - New MAP-Elites cell occupied: {'score': 9, 'complexity': 7}
2025-08-08 18:53:24,646 - openevolve.threaded_parallel - INFO - Iteration 18: Program d60c1b8e-5974-4ddc-92e1-ec8931142cab (parent: ebe04896-92c7-485b-b853-fc273f9739e0) completed in 688.99s
2025-08-08 18:53:24,646 - openevolve.threaded_parallel - INFO - Metrics: compiled=1.0000, correctness=0.0000, score=10.0000, stage=wrong_answer, verify_payload={'id': 'level1_65_conv_transposed_2D__square_input__asymmetric_kernel', 'result': {'compiled': True, 'correctness': False, 'metadata': {'hardware': 'NVIDIA L20Y', 'device': 'cuda:4', 'runtime_error': 'Traceback (most recent call last):\n  File "/cpfs01/shared/llm_kernel/hujiakai/KernelLLM/validation_api_server/helpers/evaluations.py", line 720, in run_and_check_correctness\n    output_new = model_new(*inputs)\n  File "/home/lijiaxing/.conda/envs/api/lib/python3.10/site-packages/torch/nn/modules/module.py", line 1773, in _wrapped_call_impl\n    return self._call_impl(*args, **kwargs)\n  File "/home/lijiaxing/.conda/envs/api/lib/python3.10/site-packages/torch/nn/modules/module.py", line 1784, in _call_impl\n    return forward_call(*args, **kwargs)\n  File "/tmp/tmpyhkh_h18.py", line 135, in forward\n    conv_transpose_kernel[grid](\n  File "/home/lijiaxing/.conda/envs/api/lib/python3.10/site-packages/triton/runtime/jit.py", line 390, in <lambda>\n    return lambda *args, **kwargs: self.run(grid=grid, warmup=False, *args, **kwargs)\n  File "/home/lijiaxing/.conda/envs/api/lib/python3.10/site-packages/triton/runtime/jit.py", line 594, in run\n    kernel = self.compile(src, target=target, options=options.__dict__)\n  File "/home/lijiaxing/.conda/envs/api/lib/python3.10/site-packages/triton/compiler/compiler.py", line 339, in compile\n    module = src.make_ir(options, codegen_fns, module_map, context)\n  File "/home/lijiaxing/.conda/envs/api/lib/python3.10/site-packages/triton/compiler/compiler.py", line 83, in make_ir\n    return ast_to_ttir(self.fn, self, context=context, options=options, codegen_fns=codegen_fns,\ntriton.compiler.errors.UnsupportedLanguageConstruct: at 47:16:\n    acc = 0.0\n\n    # Iterate over kernel positions\n    for kh in range(kernel_h):\n        for kw in range(kernel_w):\n            # Compute numerator for input positions\n            num_h = pid_h + padding_h - kh\n            num_w = pid_w + padding_w - kw\n\n            # Check divisibility and bounds for h\n            if num_h % stride_h != 0:\n                continue\n                ^\nunsupported AST node type: Continue\n', 'runtime_error_name': 'triton.compiler.errors.UnsupportedLanguageConstruct', 'reference_timing_ms': 0.0526, 'speed_up': -1.0, 'custom_timing': -1.0}, 'runtime': -1.0, 'runtime_stats': {}}}
2025-08-08 18:53:24,646 - openevolve.threaded_parallel - INFO - Checkpoint interval reached at iteration 18
2025-08-08 18:53:24,648 - openevolve.database - INFO - Island Status:
2025-08-08 18:53:24,648 - openevolve.database - INFO -  * Island 0: 8 programs, best=10.0000, avg=-6.1250, diversity=92.67, gen=7 (best: ed56c7c1-a11e-4f0c-b3cd-fbbe2133acec)
2025-08-08 18:53:24,648 - openevolve.database - INFO -    Island 1: 7 programs, best=10.0000, avg=10.0000, diversity=467.48, gen=6 (best: 17bb2df5-8897-4583-b2d2-0cdb716bd41e)
2025-08-08 18:53:24,649 - openevolve.database - INFO -    Island 2: 7 programs, best=10.0000, avg=-5.7143, diversity=1002.52, gen=6 (best: 18cf3e48-90a6-48f5-8306-9e5b5b9d488f)
2025-08-08 18:53:24,882 - openevolve.database - INFO - Saved database with 20 programs to openevolve_output/level1_65_conv_transposed_2D__square_input__asymmetric_kernel/checkpoints/checkpoint_18
2025-08-08 18:53:24,905 - openevolve.controller - INFO - Saved best program at checkpoint 18 with metrics: compiled=1.0000, correctness=0.0000, score=10.0000, stage=wrong_answer, verify_payload={'id': 'level1_65_conv_transposed_2D__square_input__asymmetric_kernel', 'result': {'compiled': True, 'correctness': False, 'metadata': {'hardware': 'NVIDIA L20Y', 'device': 'cuda:6', 'runtime_error': 'Traceback (most recent call last):\n  File "/home/lijiaxing/.conda/envs/api/lib/python3.10/site-packages/triton/language/core.py", line 42, in wrapper\n    return fn(*args, **kwargs)\n  File "/home/lijiaxing/.conda/envs/api/lib/python3.10/site-packages/triton/language/core.py", line 2231, in make_block_ptr\n    return _semantic.make_block_ptr(base, shape, strides, offsets, block_shape, order)\n  File "/home/lijiaxing/.conda/envs/api/lib/python3.10/site-packages/triton/language/semantic.py", line 1821, in make_block_ptr\n    assert all(isinstance(elem, int) and -2**31 <= elem < 2**31 for elem in block_shape), \\\nAssertionError: Expected a list of constant integers (`int32_t` range) in `block_shape`\n\nThe above exception was the direct cause of the following exception:\n\nTraceback (most recent call last):\n  File "/cpfs01/shared/llm_kernel/hujiakai/KernelLLM/validation_api_server/helpers/evaluations.py", line 720, in run_and_check_correctness\n    output_new = model_new(*inputs)\n  File "/home/lijiaxing/.conda/envs/api/lib/python3.10/site-packages/torch/nn/modules/module.py", line 1773, in _wrapped_call_impl\n    return self._call_impl(*args, **kwargs)\n  File "/home/lijiaxing/.conda/envs/api/lib/python3.10/site-packages/torch/nn/modules/module.py", line 1784, in _call_impl\n    return forward_call(*args, **kwargs)\n  File "/tmp/tmpdzney40g.py", line 147, in forward\n    conv_transpose_kernel[grid](\n  File "/home/lijiaxing/.conda/envs/api/lib/python3.10/site-packages/triton/runtime/jit.py", line 390, in <lambda>\n    return lambda *args, **kwargs: self.run(grid=grid, warmup=False, *args, **kwargs)\n  File "/home/lijiaxing/.conda/envs/api/lib/python3.10/site-packages/triton/runtime/jit.py", line 594, in run\n    kernel = self.compile(src, target=target, options=options.__dict__)\n  File "/home/lijiaxing/.conda/envs/api/lib/python3.10/site-packages/triton/compiler/compiler.py", line 339, in compile\n    module = src.make_ir(options, codegen_fns, module_map, context)\n  File "/home/lijiaxing/.conda/envs/api/lib/python3.10/site-packages/triton/compiler/compiler.py", line 83, in make_ir\n    return ast_to_ttir(self.fn, self, context=context, options=options, codegen_fns=codegen_fns,\ntriton.compiler.errors.CompilationError: at 24:18:\n    BLOCK_SIZE_HW: tl.constexpr,\n):\n    pid_bhw = tl.program_id(0)\n    pid_c = tl.program_id(1)\n\n    out_channels_per_group = C_out // groups\n    in_channels_per_group = C_in // groups\n    group_idx = pid_c // out_channels_per_group\n    c_out = pid_c % out_channels_per_group\n\n    # Create block pointers with boundary checks\n    x_block_ptr = tl.make_block_ptr(\n                  ^\n\n\nThe above exception was the direct cause of the following exception:\n\nTraceback (most recent call last):\n  File "/home/lijiaxing/.conda/envs/api/lib/python3.10/site-packages/triton/language/core.py", line 42, in wrapper\n    return fn(*args, **kwargs)\n  File "/home/lijiaxing/.conda/envs/api/lib/python3.10/site-packages/triton/language/core.py", line 2231, in make_block_ptr\n    return _semantic.make_block_ptr(base, shape, strides, offsets, block_shape, order)\n  File "/home/lijiaxing/.conda/envs/api/lib/python3.10/site-packages/triton/language/semantic.py", line 1821, in make_block_ptr\n    assert all(isinstance(elem, int) and -2**31 <= elem < 2**31 for elem in block_shape), \\\nAssertionError: Expected a list of constant integers (`int32_t` range) in `block_shape`\n', 'runtime_error_name': 'triton.compiler.errors.CompilationError', 'reference_timing_ms': 0.0526, 'speed_up': -1.0, 'custom_timing': -1.0}, 'runtime': -1.0, 'runtime_stats': {}}}
2025-08-08 18:53:24,905 - openevolve.controller - INFO - Saved checkpoint at iteration 18 to openevolve_output/level1_65_conv_transposed_2D__square_input__asymmetric_kernel/checkpoints/checkpoint_18
2025-08-08 18:58:28,928 - openevolve.RemoteSpeedupEvaluator - INFO - [level1_65_conv_transposed_2D__square_input__asymmetric_kernel] triton key words check pass
2025-08-08 18:58:28,930 - openevolve.RemoteSpeedupEvaluator - INFO - [level1_65_conv_transposed_2D__square_input__asymmetric_kernel] verify_plus payload: reference_code(2052 chars) + custom_code(5149 chars)
2025-08-08 18:58:49,175 - openevolve.RemoteSpeedupEvaluator - INFO - [level1_65_conv_transposed_2D__square_input__asymmetric_kernel] verify_plus request success
2025-08-08 18:58:49,175 - openevolve.RemoteSpeedupEvaluator - INFO - [level1_65_conv_transposed_2D__square_input__asymmetric_kernel] verify_plus response: {"id":"level1_65_conv_transposed_2D__square_input__asymmetric_kernel","result":{"compiled":true,"correctness":false,"metadata":{"hardware":"NVIDIA L20Y","device":"cuda:2","max_difference":["3.289226","3.140307","3.268755","3.288007","3.161908"],"avg_difference":["0.459497","0.459430","0.459425","0.459509","0.459590"],"correctness_issue":"Output mismatch","correctness_trials":"(0 / 5)","reference_timing_ms":0.0526,"speed_up":-1.0,"custom_timing":-1.0},"runtime":-1.0,"runtime_stats":{}}}
2025-08-08 18:58:49,176 - openevolve.RemoteSpeedupEvaluator - INFO - [level1_65_conv_transposed_2D__square_input__asymmetric_kernel] âœ˜ wrong_answer
2025-08-08 18:58:49,176 - openevolve.evaluator - INFO - Evaluated program e16b2f26-fe5a-4c20-a8e8-e52b0957a76b in 20.26s: compiled=1.0000, correctness=0.0000, score=10.0000, stage=wrong_answer, verify_payload={'id': 'level1_65_conv_transposed_2D__square_input__asymmetric_kernel', 'result': {'compiled': True, 'correctness': False, 'metadata': {'hardware': 'NVIDIA L20Y', 'device': 'cuda:2', 'max_difference': ['3.289226', '3.140307', '3.268755', '3.288007', '3.161908'], 'avg_difference': ['0.459497', '0.459430', '0.459425', '0.459509', '0.459590'], 'correctness_issue': 'Output mismatch', 'correctness_trials': '(0 / 5)', 'reference_timing_ms': 0.0526, 'speed_up': -1.0, 'custom_timing': -1.0}, 'runtime': -1.0, 'runtime_stats': {}}}
2025-08-08 18:58:49,180 - openevolve.llm.ensemble - INFO - Sampled model: deepseek
2025-08-08 18:58:49,190 - openevolve.threaded_parallel - INFO - Iteration 17: Program e16b2f26-fe5a-4c20-a8e8-e52b0957a76b (parent: 33939522-4338-4984-9fbe-01800da68283) completed in 1065.55s
2025-08-08 18:58:49,191 - openevolve.threaded_parallel - INFO - Metrics: compiled=1.0000, correctness=0.0000, score=10.0000, stage=wrong_answer, verify_payload={'id': 'level1_65_conv_transposed_2D__square_input__asymmetric_kernel', 'result': {'compiled': True, 'correctness': False, 'metadata': {'hardware': 'NVIDIA L20Y', 'device': 'cuda:2', 'max_difference': ['3.289226', '3.140307', '3.268755', '3.288007', '3.161908'], 'avg_difference': ['0.459497', '0.459430', '0.459425', '0.459509', '0.459590'], 'correctness_issue': 'Output mismatch', 'correctness_trials': '(0 / 5)', 'reference_timing_ms': 0.0526, 'speed_up': -1.0, 'custom_timing': -1.0}, 'runtime': -1.0, 'runtime_stats': {}}}
2025-08-08 19:01:49,309 - openevolve.RemoteSpeedupEvaluator - INFO - [level1_65_conv_transposed_2D__square_input__asymmetric_kernel] triton key words check pass
2025-08-08 19:01:49,311 - openevolve.RemoteSpeedupEvaluator - INFO - [level1_65_conv_transposed_2D__square_input__asymmetric_kernel] verify_plus payload: reference_code(2052 chars) + custom_code(6738 chars)
2025-08-08 19:01:52,260 - openevolve.RemoteSpeedupEvaluator - INFO - [level1_65_conv_transposed_2D__square_input__asymmetric_kernel] verify_plus request success
2025-08-08 19:01:52,260 - openevolve.RemoteSpeedupEvaluator - INFO - [level1_65_conv_transposed_2D__square_input__asymmetric_kernel] verify_plus response: {"id":"level1_65_conv_transposed_2D__square_input__asymmetric_kernel","result":{"compiled":true,"correctness":false,"metadata":{"hardware":"NVIDIA L20Y","device":"cuda:0","runtime_error":"Traceback (most recent call last):\n  File \"/cpfs01/shared/llm_kernel/hujiakai/KernelLLM/validation_api_server/helpers/evaluations.py\", line 720, in run_and_check_correctness\n    output_new = model_new(*inputs)\n  File \"/home/lijiaxing/.conda/envs/api/lib/python3.10/site-packages/torch/nn/modules/module.py\", line 1773, in _wrapped_call_impl\n    return self._call_impl(*args, **kwargs)\n  File \"/home/lijiaxing/.conda/envs/api/lib/python3.10/site-packages/torch/nn/modules/module.py\", line 1784, in _call_impl\n    return forward_call(*args, **kwargs)\n  File \"/tmp/tmplt2ctl8f.py\", line 165, in forwa
2025-08-08 19:01:52,260 - openevolve.RemoteSpeedupEvaluator - INFO - [level1_65_conv_transposed_2D__square_input__asymmetric_kernel] âœ˜ wrong_answer
2025-08-08 19:01:52,261 - openevolve.evaluator - INFO - Evaluated program fee2c916-336c-45ae-ad6a-e2618a0b04d4 in 2.95s: compiled=1.0000, correctness=0.0000, score=10.0000, stage=wrong_answer, verify_payload={'id': 'level1_65_conv_transposed_2D__square_input__asymmetric_kernel', 'result': {'compiled': True, 'correctness': False, 'metadata': {'hardware': 'NVIDIA L20Y', 'device': 'cuda:0', 'runtime_error': 'Traceback (most recent call last):\n  File "/cpfs01/shared/llm_kernel/hujiakai/KernelLLM/validation_api_server/helpers/evaluations.py", line 720, in run_and_check_correctness\n    output_new = model_new(*inputs)\n  File "/home/lijiaxing/.conda/envs/api/lib/python3.10/site-packages/torch/nn/modules/module.py", line 1773, in _wrapped_call_impl\n    return self._call_impl(*args, **kwargs)\n  File "/home/lijiaxing/.conda/envs/api/lib/python3.10/site-packages/torch/nn/modules/module.py", line 1784, in _call_impl\n    return forward_call(*args, **kwargs)\n  File "/tmp/tmplt2ctl8f.py", line 165, in forward\n    conv_transpose2d_kernel[grid](\n  File "/home/lijiaxing/.conda/envs/api/lib/python3.10/site-packages/triton/runtime/jit.py", line 390, in <lambda>\n    return lambda *args, **kwargs: self.run(grid=grid, warmup=False, *args, **kwargs)\n  File "/home/lijiaxing/.conda/envs/api/lib/python3.10/site-packages/triton/runtime/jit.py", line 594, in run\n    kernel = self.compile(src, target=target, options=options.__dict__)\n  File "/home/lijiaxing/.conda/envs/api/lib/python3.10/site-packages/triton/compiler/compiler.py", line 339, in compile\n    module = src.make_ir(options, codegen_fns, module_map, context)\n  File "/home/lijiaxing/.conda/envs/api/lib/python3.10/site-packages/triton/compiler/compiler.py", line 83, in make_ir\n    return ast_to_ttir(self.fn, self, context=context, options=options, codegen_fns=codegen_fns,\ntriton.compiler.errors.CompilationError: at 53:29:\n        for kw in range(kernel_width):\n            # Calculate input positions\n            ih = (pid_oh * stride_h) + kh - padding_h\n            iw = (ow_offsets * stride_w) + kw - padding_w\n\n            # Check input bounds\n            ih_mask = (ih >= 0) & (ih < input_height)\n            iw_mask = (iw >= 0) & (iw < input_width) & ow_mask\n            valid_mask = ih_mask & iw_mask\n\n            # Load input block\n            input_offsets = (pid_batch * in_channels * input_height * input_width +\n                             ^\nValueError(\'Cannot make_shape_compatible: incompatible dimensions at index 0: 32 and 64\')\n\n\nThe above exception was the direct cause of the following exception:\n\nTraceback (most recent call last):\n  File "/home/lijiaxing/.conda/envs/api/lib/python3.10/site-packages/triton/language/core.py", line 42, in wrapper\n    return fn(*args, **kwargs)\n  File "/home/lijiaxing/.conda/envs/api/lib/python3.10/site-packages/triton/language/core.py", line 900, in __add__\n    return add(self, other, sanitize_overflow=True, _semantic=_semantic)\n  File "/home/lijiaxing/.conda/envs/api/lib/python3.10/site-packages/triton/language/core.py", line 42, in wrapper\n    return fn(*args, **kwargs)\n  File "/home/lijiaxing/.conda/envs/api/lib/python3.10/site-packages/triton/language/core.py", line 2468, in add\n    return _semantic.add(x, y, sanitize_overflow)\n  File "/home/lijiaxing/.conda/envs/api/lib/python3.10/site-packages/triton/language/semantic.py", line 226, in add\n    input, other = self.binary_op_type_checking_impl(input, other, True, True)\n  File "/home/lijiaxing/.conda/envs/api/lib/python3.10/site-packages/triton/language/semantic.py", line 203, in binary_op_type_checking_impl\n    lhs, rhs = self.broadcast_impl_value(lhs, rhs)\n  File "/home/lijiaxing/.conda/envs/api/lib/python3.10/site-packages/triton/language/semantic.py", line 749, in broadcast_impl_value\n    raise ValueError("Cannot make_shape_compatible: incompatible dimensions "\nValueError: Cannot make_shape_compatible: incompatible dimensions at index 0: 32 and 64\n', 'runtime_error_name': 'triton.compiler.errors.CompilationError', 'reference_timing_ms': 0.0526, 'speed_up': -1.0, 'custom_timing': -1.0}, 'runtime': -1.0, 'runtime_stats': {}}}
2025-08-08 19:01:52,265 - openevolve.llm.ensemble - INFO - Sampled model: deepseek
2025-08-08 19:01:52,278 - openevolve.threaded_parallel - INFO - Iteration 21: Program fee2c916-336c-45ae-ad6a-e2618a0b04d4 (parent: 18cf3e48-90a6-48f5-8306-9e5b5b9d488f) completed in 507.63s
2025-08-08 19:01:52,279 - openevolve.threaded_parallel - INFO - Metrics: compiled=1.0000, correctness=0.0000, score=10.0000, stage=wrong_answer, verify_payload={'id': 'level1_65_conv_transposed_2D__square_input__asymmetric_kernel', 'result': {'compiled': True, 'correctness': False, 'metadata': {'hardware': 'NVIDIA L20Y', 'device': 'cuda:0', 'runtime_error': 'Traceback (most recent call last):\n  File "/cpfs01/shared/llm_kernel/hujiakai/KernelLLM/validation_api_server/helpers/evaluations.py", line 720, in run_and_check_correctness\n    output_new = model_new(*inputs)\n  File "/home/lijiaxing/.conda/envs/api/lib/python3.10/site-packages/torch/nn/modules/module.py", line 1773, in _wrapped_call_impl\n    return self._call_impl(*args, **kwargs)\n  File "/home/lijiaxing/.conda/envs/api/lib/python3.10/site-packages/torch/nn/modules/module.py", line 1784, in _call_impl\n    return forward_call(*args, **kwargs)\n  File "/tmp/tmplt2ctl8f.py", line 165, in forward\n    conv_transpose2d_kernel[grid](\n  File "/home/lijiaxing/.conda/envs/api/lib/python3.10/site-packages/triton/runtime/jit.py", line 390, in <lambda>\n    return lambda *args, **kwargs: self.run(grid=grid, warmup=False, *args, **kwargs)\n  File "/home/lijiaxing/.conda/envs/api/lib/python3.10/site-packages/triton/runtime/jit.py", line 594, in run\n    kernel = self.compile(src, target=target, options=options.__dict__)\n  File "/home/lijiaxing/.conda/envs/api/lib/python3.10/site-packages/triton/compiler/compiler.py", line 339, in compile\n    module = src.make_ir(options, codegen_fns, module_map, context)\n  File "/home/lijiaxing/.conda/envs/api/lib/python3.10/site-packages/triton/compiler/compiler.py", line 83, in make_ir\n    return ast_to_ttir(self.fn, self, context=context, options=options, codegen_fns=codegen_fns,\ntriton.compiler.errors.CompilationError: at 53:29:\n        for kw in range(kernel_width):\n            # Calculate input positions\n            ih = (pid_oh * stride_h) + kh - padding_h\n            iw = (ow_offsets * stride_w) + kw - padding_w\n\n            # Check input bounds\n            ih_mask = (ih >= 0) & (ih < input_height)\n            iw_mask = (iw >= 0) & (iw < input_width) & ow_mask\n            valid_mask = ih_mask & iw_mask\n\n            # Load input block\n            input_offsets = (pid_batch * in_channels * input_height * input_width +\n                             ^\nValueError(\'Cannot make_shape_compatible: incompatible dimensions at index 0: 32 and 64\')\n\n\nThe above exception was the direct cause of the following exception:\n\nTraceback (most recent call last):\n  File "/home/lijiaxing/.conda/envs/api/lib/python3.10/site-packages/triton/language/core.py", line 42, in wrapper\n    return fn(*args, **kwargs)\n  File "/home/lijiaxing/.conda/envs/api/lib/python3.10/site-packages/triton/language/core.py", line 900, in __add__\n    return add(self, other, sanitize_overflow=True, _semantic=_semantic)\n  File "/home/lijiaxing/.conda/envs/api/lib/python3.10/site-packages/triton/language/core.py", line 42, in wrapper\n    return fn(*args, **kwargs)\n  File "/home/lijiaxing/.conda/envs/api/lib/python3.10/site-packages/triton/language/core.py", line 2468, in add\n    return _semantic.add(x, y, sanitize_overflow)\n  File "/home/lijiaxing/.conda/envs/api/lib/python3.10/site-packages/triton/language/semantic.py", line 226, in add\n    input, other = self.binary_op_type_checking_impl(input, other, True, True)\n  File "/home/lijiaxing/.conda/envs/api/lib/python3.10/site-packages/triton/language/semantic.py", line 203, in binary_op_type_checking_impl\n    lhs, rhs = self.broadcast_impl_value(lhs, rhs)\n  File "/home/lijiaxing/.conda/envs/api/lib/python3.10/site-packages/triton/language/semantic.py", line 749, in broadcast_impl_value\n    raise ValueError("Cannot make_shape_compatible: incompatible dimensions "\nValueError: Cannot make_shape_compatible: incompatible dimensions at index 0: 32 and 64\n', 'runtime_error_name': 'triton.compiler.errors.CompilationError', 'reference_timing_ms': 0.0526, 'speed_up': -1.0, 'custom_timing': -1.0}, 'runtime': -1.0, 'runtime_stats': {}}}
2025-08-08 19:01:52,279 - openevolve.threaded_parallel - INFO - Checkpoint interval reached at iteration 21
2025-08-08 19:01:52,282 - openevolve.database - INFO - Island Status:
2025-08-08 19:01:52,282 - openevolve.database - INFO -    Island 0: 9 programs, best=10.0000, avg=-4.3333, diversity=92.67, gen=7 (best: ed56c7c1-a11e-4f0c-b3cd-fbbe2133acec)
2025-08-08 19:01:52,282 - openevolve.database - INFO -    Island 1: 8 programs, best=10.0000, avg=10.0000, diversity=467.48, gen=7 (best: 17bb2df5-8897-4583-b2d2-0cdb716bd41e)
2025-08-08 19:01:52,282 - openevolve.database - INFO -  * Island 2: 7 programs, best=10.0000, avg=-5.7143, diversity=1002.52, gen=7 (best: 18cf3e48-90a6-48f5-8306-9e5b5b9d488f)
2025-08-08 19:01:52,531 - openevolve.database - INFO - Saved database with 22 programs to openevolve_output/level1_65_conv_transposed_2D__square_input__asymmetric_kernel/checkpoints/checkpoint_21
2025-08-08 19:01:52,551 - openevolve.controller - INFO - Saved best program at checkpoint 21 with metrics: compiled=1.0000, correctness=0.0000, score=10.0000, stage=wrong_answer, verify_payload={'id': 'level1_65_conv_transposed_2D__square_input__asymmetric_kernel', 'result': {'compiled': True, 'correctness': False, 'metadata': {'hardware': 'NVIDIA L20Y', 'device': 'cuda:6', 'runtime_error': 'Traceback (most recent call last):\n  File "/home/lijiaxing/.conda/envs/api/lib/python3.10/site-packages/triton/language/core.py", line 42, in wrapper\n    return fn(*args, **kwargs)\n  File "/home/lijiaxing/.conda/envs/api/lib/python3.10/site-packages/triton/language/core.py", line 2231, in make_block_ptr\n    return _semantic.make_block_ptr(base, shape, strides, offsets, block_shape, order)\n  File "/home/lijiaxing/.conda/envs/api/lib/python3.10/site-packages/triton/language/semantic.py", line 1821, in make_block_ptr\n    assert all(isinstance(elem, int) and -2**31 <= elem < 2**31 for elem in block_shape), \\\nAssertionError: Expected a list of constant integers (`int32_t` range) in `block_shape`\n\nThe above exception was the direct cause of the following exception:\n\nTraceback (most recent call last):\n  File "/cpfs01/shared/llm_kernel/hujiakai/KernelLLM/validation_api_server/helpers/evaluations.py", line 720, in run_and_check_correctness\n    output_new = model_new(*inputs)\n  File "/home/lijiaxing/.conda/envs/api/lib/python3.10/site-packages/torch/nn/modules/module.py", line 1773, in _wrapped_call_impl\n    return self._call_impl(*args, **kwargs)\n  File "/home/lijiaxing/.conda/envs/api/lib/python3.10/site-packages/torch/nn/modules/module.py", line 1784, in _call_impl\n    return forward_call(*args, **kwargs)\n  File "/tmp/tmpdzney40g.py", line 147, in forward\n    conv_transpose_kernel[grid](\n  File "/home/lijiaxing/.conda/envs/api/lib/python3.10/site-packages/triton/runtime/jit.py", line 390, in <lambda>\n    return lambda *args, **kwargs: self.run(grid=grid, warmup=False, *args, **kwargs)\n  File "/home/lijiaxing/.conda/envs/api/lib/python3.10/site-packages/triton/runtime/jit.py", line 594, in run\n    kernel = self.compile(src, target=target, options=options.__dict__)\n  File "/home/lijiaxing/.conda/envs/api/lib/python3.10/site-packages/triton/compiler/compiler.py", line 339, in compile\n    module = src.make_ir(options, codegen_fns, module_map, context)\n  File "/home/lijiaxing/.conda/envs/api/lib/python3.10/site-packages/triton/compiler/compiler.py", line 83, in make_ir\n    return ast_to_ttir(self.fn, self, context=context, options=options, codegen_fns=codegen_fns,\ntriton.compiler.errors.CompilationError: at 24:18:\n    BLOCK_SIZE_HW: tl.constexpr,\n):\n    pid_bhw = tl.program_id(0)\n    pid_c = tl.program_id(1)\n\n    out_channels_per_group = C_out // groups\n    in_channels_per_group = C_in // groups\n    group_idx = pid_c // out_channels_per_group\n    c_out = pid_c % out_channels_per_group\n\n    # Create block pointers with boundary checks\n    x_block_ptr = tl.make_block_ptr(\n                  ^\n\n\nThe above exception was the direct cause of the following exception:\n\nTraceback (most recent call last):\n  File "/home/lijiaxing/.conda/envs/api/lib/python3.10/site-packages/triton/language/core.py", line 42, in wrapper\n    return fn(*args, **kwargs)\n  File "/home/lijiaxing/.conda/envs/api/lib/python3.10/site-packages/triton/language/core.py", line 2231, in make_block_ptr\n    return _semantic.make_block_ptr(base, shape, strides, offsets, block_shape, order)\n  File "/home/lijiaxing/.conda/envs/api/lib/python3.10/site-packages/triton/language/semantic.py", line 1821, in make_block_ptr\n    assert all(isinstance(elem, int) and -2**31 <= elem < 2**31 for elem in block_shape), \\\nAssertionError: Expected a list of constant integers (`int32_t` range) in `block_shape`\n', 'runtime_error_name': 'triton.compiler.errors.CompilationError', 'reference_timing_ms': 0.0526, 'speed_up': -1.0, 'custom_timing': -1.0}, 'runtime': -1.0, 'runtime_stats': {}}}
2025-08-08 19:01:52,552 - openevolve.controller - INFO - Saved checkpoint at iteration 21 to openevolve_output/level1_65_conv_transposed_2D__square_input__asymmetric_kernel/checkpoints/checkpoint_21
2025-08-08 19:12:38,112 - openevolve.RemoteSpeedupEvaluator - INFO - [level1_65_conv_transposed_2D__square_input__asymmetric_kernel] âœ˜ invalid_answer 'import triton' is not found
2025-08-08 19:12:38,115 - openevolve.RemoteSpeedupEvaluator - INFO - [level1_65_conv_transposed_2D__square_input__asymmetric_kernel] âœ˜ invalid_answer 'import triton' is not found
2025-08-08 19:12:38,116 - openevolve.evaluator - INFO - Evaluated program 0906da00-001d-4212-ab91-0e0b6f9d7a53 in 0.00s: compiled=0.0000, correctness=0.0000, score=-100.0000, stage=no_valid_triton_code, feedback=You need to generate real and valid triton code for the core function. The key word 'import triton' is not found.
2025-08-08 19:12:38,116 - openevolve.evaluator - INFO - Evaluated program 812c1d91-6c1f-4843-a6a5-f2b61a9c432c in 0.00s: compiled=0.0000, correctness=0.0000, score=-100.0000, stage=no_valid_triton_code, feedback=You need to generate real and valid triton code for the core function. The key word 'import triton' is not found.
2025-08-08 19:12:38,124 - openevolve.llm.ensemble - INFO - Sampled model: deepseek
2025-08-08 19:12:38,125 - openevolve.llm.ensemble - INFO - Sampled model: deepseek
2025-08-08 19:12:38,134 - openevolve.threaded_parallel - INFO - Iteration 20: Program 812c1d91-6c1f-4843-a6a5-f2b61a9c432c (parent: 6289b040-2f60-4a9a-a02b-c2ba49e30fba) completed in 1171.50s
2025-08-08 19:12:38,134 - openevolve.threaded_parallel - INFO - Metrics: compiled=0.0000, correctness=0.0000, score=-100.0000, stage=no_valid_triton_code, feedback=You need to generate real and valid triton code for the core function. The key word 'import triton' is not found.
2025-08-08 19:12:38,134 - openevolve.database - INFO - New MAP-Elites cell occupied: {'score': -1000, 'complexity': 9}
2025-08-08 19:12:38,146 - openevolve.threaded_parallel - INFO - Iteration 22: Program 0906da00-001d-4212-ab91-0e0b6f9d7a53 (parent: 0b39b7c5-1360-4a42-beb7-69b7249fcb0c) completed in 828.94s
2025-08-08 19:12:38,146 - openevolve.threaded_parallel - INFO - Metrics: compiled=0.0000, correctness=0.0000, score=-100.0000, stage=no_valid_triton_code, feedback=You need to generate real and valid triton code for the core function. The key word 'import triton' is not found.
2025-08-08 19:14:55,936 - openevolve.RemoteSpeedupEvaluator - INFO - [level1_65_conv_transposed_2D__square_input__asymmetric_kernel] âœ˜ invalid_answer 'import triton' is not found
2025-08-08 19:14:55,938 - openevolve.evaluator - INFO - Evaluated program f900059f-5b37-475d-87cb-542340abbc6d in 0.02s: compiled=0.0000, correctness=0.0000, score=-100.0000, stage=no_valid_triton_code, feedback=You need to generate real and valid triton code for the core function. The key word 'import triton' is not found.
2025-08-08 19:14:55,942 - openevolve.llm.ensemble - INFO - Sampled model: deepseek
2025-08-08 19:14:55,957 - openevolve.threaded_parallel - INFO - Iteration 23: Program f900059f-5b37-475d-87cb-542340abbc6d (parent: 6289b040-2f60-4a9a-a02b-c2ba49e30fba) completed in 783.67s
2025-08-08 19:14:55,957 - openevolve.threaded_parallel - INFO - Metrics: compiled=0.0000, correctness=0.0000, score=-100.0000, stage=no_valid_triton_code, feedback=You need to generate real and valid triton code for the core function. The key word 'import triton' is not found.
