2025-08-12 17:41:23,016 - openevolve.controller - INFO - Logging to openevolve_output/level3_49_Mamba2ReturnFinalState/logs/openevolve_20250812_174123.log
2025-08-12 17:41:23,016 - openevolve.controller - INFO - Set random seed to 42 for reproducibility
2025-08-12 17:41:23,058 - openevolve.llm.ensemble - INFO - Initialized LLM ensemble with models: deepseek (weight: 0.80), deepseek (weight: 0.20)
2025-08-12 17:41:23,098 - openevolve.llm.ensemble - INFO - Initialized LLM ensemble with models: deepseek (weight: 0.80), deepseek (weight: 0.20)
2025-08-12 17:41:23,098 - openevolve.prompt.sampler - INFO - Set custom templates: system=evaluator_system_message, user=None
2025-08-12 17:41:23,098 - openevolve.database - INFO - Initialized program database with 0 programs
2025-08-12 17:41:23,165 - openevolve.evaluator - INFO - Successfully loaded evaluation function from openevolve_output/level3_49_Mamba2ReturnFinalState/evaluation.py
2025-08-12 17:41:23,165 - openevolve.evaluator - INFO - Initialized evaluator with openevolve_output/level3_49_Mamba2ReturnFinalState/evaluation.py
2025-08-12 17:41:23,165 - openevolve.controller - INFO - Initialized OpenEvolve with /tmp/9960c6c4230c23354e8824d311357ccf.py
2025-08-12 17:41:23,165 - openevolve.controller - INFO - Adding initial program to database
2025-08-12 17:41:23,166 - openevolve.RemoteSpeedupEvaluator - INFO - [level3_49_Mamba2ReturnFinalState] verify_plus payload: reference_code(3473 chars) + custom_code(3597 chars)
2025-08-12 17:41:25,379 - openevolve.RemoteSpeedupEvaluator - INFO - [level3_49_Mamba2ReturnFinalState] verify_plus request success
2025-08-12 17:41:25,380 - openevolve.RemoteSpeedupEvaluator - INFO - [level3_49_Mamba2ReturnFinalState] verify_plus response: {"id":"level3_49_Mamba2ReturnFinalState","result":{"error":"No module named 'einops'\nTraceback (most recent call last):\n  File \"/cpfs01/shared/llm_kernel/hujiakai/KernelLLM/validation_api_server/evaluator.py\", line 92, in _measure_perf_worker\n    exec(textwrap.dedent(code_src), temp_module.__dict__)\n  File \"<string>\", line 4, in <module>\nModuleNotFoundError: No module named 'einops'\n"}}
2025-08-12 17:41:25,380 - openevolve.evaluator - WARNING - Evaluation attempt 1/4 failed for program 41fac97b-cc50-4156-b5ab-7f3cae19b8bf: Error: The reference code is not valid or correct. The verify result is: {'error': 'No module named \'einops\'\nTraceback (most recent call last):\n  File "/cpfs01/shared/llm_kernel/hujiakai/KernelLLM/validation_api_server/evaluator.py", line 92, in _measure_perf_worker\n    exec(textwrap.dedent(code_src), temp_module.__dict__)\n  File "<string>", line 4, in <module>\nModuleNotFoundError: No module named \'einops\'\n'}
2025-08-12 17:41:26,386 - openevolve.RemoteSpeedupEvaluator - INFO - [level3_49_Mamba2ReturnFinalState] verify_plus payload: reference_code(3473 chars) + custom_code(3597 chars)
2025-08-12 17:41:28,912 - openevolve.RemoteSpeedupEvaluator - INFO - [level3_49_Mamba2ReturnFinalState] verify_plus request success
2025-08-12 17:41:28,913 - openevolve.RemoteSpeedupEvaluator - INFO - [level3_49_Mamba2ReturnFinalState] verify_plus response: {"id":"level3_49_Mamba2ReturnFinalState","result":{"error":"No module named 'einops'\nTraceback (most recent call last):\n  File \"/cpfs01/shared/llm_kernel/hujiakai/KernelLLM/validation_api_server/evaluator.py\", line 92, in _measure_perf_worker\n    exec(textwrap.dedent(code_src), temp_module.__dict__)\n  File \"<string>\", line 4, in <module>\nModuleNotFoundError: No module named 'einops'\n"}}
2025-08-12 17:41:28,913 - openevolve.evaluator - WARNING - Evaluation attempt 2/4 failed for program 41fac97b-cc50-4156-b5ab-7f3cae19b8bf: Error: The reference code is not valid or correct. The verify result is: {'error': 'No module named \'einops\'\nTraceback (most recent call last):\n  File "/cpfs01/shared/llm_kernel/hujiakai/KernelLLM/validation_api_server/evaluator.py", line 92, in _measure_perf_worker\n    exec(textwrap.dedent(code_src), temp_module.__dict__)\n  File "<string>", line 4, in <module>\nModuleNotFoundError: No module named \'einops\'\n'}
2025-08-12 17:41:29,915 - openevolve.RemoteSpeedupEvaluator - INFO - [level3_49_Mamba2ReturnFinalState] verify_plus payload: reference_code(3473 chars) + custom_code(3597 chars)
2025-08-12 17:41:32,559 - openevolve.RemoteSpeedupEvaluator - INFO - [level3_49_Mamba2ReturnFinalState] verify_plus request success
2025-08-12 17:41:32,559 - openevolve.RemoteSpeedupEvaluator - INFO - [level3_49_Mamba2ReturnFinalState] verify_plus response: {"id":"level3_49_Mamba2ReturnFinalState","result":{"error":"No module named 'einops'\nTraceback (most recent call last):\n  File \"/cpfs01/shared/llm_kernel/hujiakai/KernelLLM/validation_api_server/evaluator.py\", line 92, in _measure_perf_worker\n    exec(textwrap.dedent(code_src), temp_module.__dict__)\n  File \"<string>\", line 4, in <module>\nModuleNotFoundError: No module named 'einops'\n"}}
2025-08-12 17:41:32,559 - openevolve.evaluator - WARNING - Evaluation attempt 3/4 failed for program 41fac97b-cc50-4156-b5ab-7f3cae19b8bf: Error: The reference code is not valid or correct. The verify result is: {'error': 'No module named \'einops\'\nTraceback (most recent call last):\n  File "/cpfs01/shared/llm_kernel/hujiakai/KernelLLM/validation_api_server/evaluator.py", line 92, in _measure_perf_worker\n    exec(textwrap.dedent(code_src), temp_module.__dict__)\n  File "<string>", line 4, in <module>\nModuleNotFoundError: No module named \'einops\'\n'}
2025-08-12 17:41:33,564 - openevolve.RemoteSpeedupEvaluator - INFO - [level3_49_Mamba2ReturnFinalState] verify_plus payload: reference_code(3473 chars) + custom_code(3597 chars)
2025-08-12 17:41:36,092 - openevolve.RemoteSpeedupEvaluator - INFO - [level3_49_Mamba2ReturnFinalState] verify_plus request success
2025-08-12 17:41:36,092 - openevolve.RemoteSpeedupEvaluator - INFO - [level3_49_Mamba2ReturnFinalState] verify_plus response: {"id":"level3_49_Mamba2ReturnFinalState","result":{"error":"No module named 'einops'\nTraceback (most recent call last):\n  File \"/cpfs01/shared/llm_kernel/hujiakai/KernelLLM/validation_api_server/evaluator.py\", line 92, in _measure_perf_worker\n    exec(textwrap.dedent(code_src), temp_module.__dict__)\n  File \"<string>\", line 4, in <module>\nModuleNotFoundError: No module named 'einops'\n"}}
2025-08-12 17:41:36,092 - openevolve.evaluator - WARNING - Evaluation attempt 4/4 failed for program 41fac97b-cc50-4156-b5ab-7f3cae19b8bf: Error: The reference code is not valid or correct. The verify result is: {'error': 'No module named \'einops\'\nTraceback (most recent call last):\n  File "/cpfs01/shared/llm_kernel/hujiakai/KernelLLM/validation_api_server/evaluator.py", line 92, in _measure_perf_worker\n    exec(textwrap.dedent(code_src), temp_module.__dict__)\n  File "<string>", line 4, in <module>\nModuleNotFoundError: No module named \'einops\'\n'}
2025-08-12 17:41:36,093 - openevolve.evaluator - ERROR - All evaluation attempts failed for program 41fac97b-cc50-4156-b5ab-7f3cae19b8bf. Last error: Error: The reference code is not valid or correct. The verify result is: {'error': 'No module named \'einops\'\nTraceback (most recent call last):\n  File "/cpfs01/shared/llm_kernel/hujiakai/KernelLLM/validation_api_server/evaluator.py", line 92, in _measure_perf_worker\n    exec(textwrap.dedent(code_src), temp_module.__dict__)\n  File "<string>", line 4, in <module>\nModuleNotFoundError: No module named \'einops\'\n'}
2025-08-12 17:41:36,093 - __main__ - ERROR - üí• Â§±Ë¥• level3_49_Mamba2ReturnFinalState: 'score'
2025-08-12 17:41:36,093 - __main__ - INFO - ======================================================================
2025-08-12 17:41:36,093 - __main__ - INFO - üöÄ [10/10] ÂºÄÂßã level5_12_deepseekv3_MLA_decode
2025-08-12 17:41:36,093 - __main__ - INFO - ======================================================================
2025-08-12 17:41:36,136 - openevolve.controller - INFO - Logging to openevolve_output/level5_12_deepseekv3_MLA_decode/logs/openevolve_20250812_174136.log
2025-08-12 17:41:36,136 - openevolve.controller - INFO - Set random seed to 42 for reproducibility
2025-08-12 17:41:36,175 - openevolve.llm.ensemble - INFO - Initialized LLM ensemble with models: deepseek (weight: 0.80), deepseek (weight: 0.20)
2025-08-12 17:41:36,215 - openevolve.llm.ensemble - INFO - Initialized LLM ensemble with models: deepseek (weight: 0.80), deepseek (weight: 0.20)
2025-08-12 17:41:36,215 - openevolve.prompt.sampler - INFO - Set custom templates: system=evaluator_system_message, user=None
2025-08-12 17:41:36,215 - openevolve.database - INFO - Initialized program database with 0 programs
2025-08-12 17:41:36,253 - openevolve.evaluator - INFO - Successfully loaded evaluation function from openevolve_output/level5_12_deepseekv3_MLA_decode/evaluation.py
2025-08-12 17:41:36,253 - openevolve.evaluator - INFO - Initialized evaluator with openevolve_output/level5_12_deepseekv3_MLA_decode/evaluation.py
2025-08-12 17:41:36,254 - openevolve.controller - INFO - Initialized OpenEvolve with /tmp/9835df67776a7c18162ef197180fe8ee.py
2025-08-12 17:41:36,254 - openevolve.controller - INFO - Adding initial program to database
2025-08-12 17:41:36,254 - openevolve.RemoteSpeedupEvaluator - INFO - [level5_12_deepseekv3_MLA_decode] verify_plus payload: reference_code(11886 chars) + custom_code(12007 chars)
2025-08-12 17:41:39,035 - openevolve.RemoteSpeedupEvaluator - INFO - [level5_12_deepseekv3_MLA_decode] verify_plus request success
2025-08-12 17:41:39,035 - openevolve.RemoteSpeedupEvaluator - INFO - [level5_12_deepseekv3_MLA_decode] verify_plus response: {"id":"level5_12_deepseekv3_MLA_decode","result":{"error":"'NoneType' object has no attribute '__dict__'\nTraceback (most recent call last):\n  File \"/cpfs01/shared/llm_kernel/hujiakai/KernelLLM/validation_api_server/evaluator.py\", line 92, in _measure_perf_worker\n    exec(textwrap.dedent(code_src), temp_module.__dict__)\n  File \"<string>\", line 9, in <module>\n  File \"/home/lijiaxing/.conda/envs/api/lib/python3.10/dataclasses.py\", line 1184, in dataclass\n    return wrap(cls)\n  File \"/home/lijiaxing/.conda/envs/api/lib/python3.10/dataclasses.py\", line 1175, in wrap\n    return _process_class(cls, init, repr, eq, order, unsafe_hash,\n  File \"/home/lijiaxing/.conda/envs/api/lib/python3.10/dataclasses.py\", line 944, in _process_class\n    and _is_type(type, cls, dataclasses, data
2025-08-12 17:41:39,035 - openevolve.evaluator - WARNING - Evaluation attempt 1/4 failed for program 6e1b58e9-45d8-4254-93e4-32e70e558ade: Error: The reference code is not valid or correct. The verify result is: {'error': '\'NoneType\' object has no attribute \'__dict__\'\nTraceback (most recent call last):\n  File "/cpfs01/shared/llm_kernel/hujiakai/KernelLLM/validation_api_server/evaluator.py", line 92, in _measure_perf_worker\n    exec(textwrap.dedent(code_src), temp_module.__dict__)\n  File "<string>", line 9, in <module>\n  File "/home/lijiaxing/.conda/envs/api/lib/python3.10/dataclasses.py", line 1184, in dataclass\n    return wrap(cls)\n  File "/home/lijiaxing/.conda/envs/api/lib/python3.10/dataclasses.py", line 1175, in wrap\n    return _process_class(cls, init, repr, eq, order, unsafe_hash,\n  File "/home/lijiaxing/.conda/envs/api/lib/python3.10/dataclasses.py", line 944, in _process_class\n    and _is_type(type, cls, dataclasses, dataclasses.KW_ONLY,\n  File "/home/lijiaxing/.conda/envs/api/lib/python3.10/dataclasses.py", line 711, in _is_type\n    ns = sys.modules.get(cls.__module__).__dict__\nAttributeError: \'NoneType\' object has no attribute \'__dict__\'. Did you mean: \'__dir__\'?\n'}
2025-08-12 17:41:40,039 - openevolve.RemoteSpeedupEvaluator - INFO - [level5_12_deepseekv3_MLA_decode] verify_plus payload: reference_code(11886 chars) + custom_code(12007 chars)
2025-08-12 17:41:42,423 - openevolve.RemoteSpeedupEvaluator - INFO - [level5_12_deepseekv3_MLA_decode] verify_plus request success
2025-08-12 17:41:42,423 - openevolve.RemoteSpeedupEvaluator - INFO - [level5_12_deepseekv3_MLA_decode] verify_plus response: {"id":"level5_12_deepseekv3_MLA_decode","result":{"error":"'NoneType' object has no attribute '__dict__'\nTraceback (most recent call last):\n  File \"/cpfs01/shared/llm_kernel/hujiakai/KernelLLM/validation_api_server/evaluator.py\", line 92, in _measure_perf_worker\n    exec(textwrap.dedent(code_src), temp_module.__dict__)\n  File \"<string>\", line 9, in <module>\n  File \"/home/lijiaxing/.conda/envs/api/lib/python3.10/dataclasses.py\", line 1184, in dataclass\n    return wrap(cls)\n  File \"/home/lijiaxing/.conda/envs/api/lib/python3.10/dataclasses.py\", line 1175, in wrap\n    return _process_class(cls, init, repr, eq, order, unsafe_hash,\n  File \"/home/lijiaxing/.conda/envs/api/lib/python3.10/dataclasses.py\", line 944, in _process_class\n    and _is_type(type, cls, dataclasses, data
2025-08-12 17:41:42,423 - openevolve.evaluator - WARNING - Evaluation attempt 2/4 failed for program 6e1b58e9-45d8-4254-93e4-32e70e558ade: Error: The reference code is not valid or correct. The verify result is: {'error': '\'NoneType\' object has no attribute \'__dict__\'\nTraceback (most recent call last):\n  File "/cpfs01/shared/llm_kernel/hujiakai/KernelLLM/validation_api_server/evaluator.py", line 92, in _measure_perf_worker\n    exec(textwrap.dedent(code_src), temp_module.__dict__)\n  File "<string>", line 9, in <module>\n  File "/home/lijiaxing/.conda/envs/api/lib/python3.10/dataclasses.py", line 1184, in dataclass\n    return wrap(cls)\n  File "/home/lijiaxing/.conda/envs/api/lib/python3.10/dataclasses.py", line 1175, in wrap\n    return _process_class(cls, init, repr, eq, order, unsafe_hash,\n  File "/home/lijiaxing/.conda/envs/api/lib/python3.10/dataclasses.py", line 944, in _process_class\n    and _is_type(type, cls, dataclasses, dataclasses.KW_ONLY,\n  File "/home/lijiaxing/.conda/envs/api/lib/python3.10/dataclasses.py", line 711, in _is_type\n    ns = sys.modules.get(cls.__module__).__dict__\nAttributeError: \'NoneType\' object has no attribute \'__dict__\'. Did you mean: \'__dir__\'?\n'}
2025-08-12 17:41:43,426 - openevolve.RemoteSpeedupEvaluator - INFO - [level5_12_deepseekv3_MLA_decode] verify_plus payload: reference_code(11886 chars) + custom_code(12007 chars)
2025-08-12 17:41:45,940 - openevolve.RemoteSpeedupEvaluator - INFO - [level5_12_deepseekv3_MLA_decode] verify_plus request success
2025-08-12 17:41:45,940 - openevolve.RemoteSpeedupEvaluator - INFO - [level5_12_deepseekv3_MLA_decode] verify_plus response: {"id":"level5_12_deepseekv3_MLA_decode","result":{"error":"'NoneType' object has no attribute '__dict__'\nTraceback (most recent call last):\n  File \"/cpfs01/shared/llm_kernel/hujiakai/KernelLLM/validation_api_server/evaluator.py\", line 92, in _measure_perf_worker\n    exec(textwrap.dedent(code_src), temp_module.__dict__)\n  File \"<string>\", line 9, in <module>\n  File \"/home/lijiaxing/.conda/envs/api/lib/python3.10/dataclasses.py\", line 1184, in dataclass\n    return wrap(cls)\n  File \"/home/lijiaxing/.conda/envs/api/lib/python3.10/dataclasses.py\", line 1175, in wrap\n    return _process_class(cls, init, repr, eq, order, unsafe_hash,\n  File \"/home/lijiaxing/.conda/envs/api/lib/python3.10/dataclasses.py\", line 944, in _process_class\n    and _is_type(type, cls, dataclasses, data
2025-08-12 17:41:45,940 - openevolve.evaluator - WARNING - Evaluation attempt 3/4 failed for program 6e1b58e9-45d8-4254-93e4-32e70e558ade: Error: The reference code is not valid or correct. The verify result is: {'error': '\'NoneType\' object has no attribute \'__dict__\'\nTraceback (most recent call last):\n  File "/cpfs01/shared/llm_kernel/hujiakai/KernelLLM/validation_api_server/evaluator.py", line 92, in _measure_perf_worker\n    exec(textwrap.dedent(code_src), temp_module.__dict__)\n  File "<string>", line 9, in <module>\n  File "/home/lijiaxing/.conda/envs/api/lib/python3.10/dataclasses.py", line 1184, in dataclass\n    return wrap(cls)\n  File "/home/lijiaxing/.conda/envs/api/lib/python3.10/dataclasses.py", line 1175, in wrap\n    return _process_class(cls, init, repr, eq, order, unsafe_hash,\n  File "/home/lijiaxing/.conda/envs/api/lib/python3.10/dataclasses.py", line 944, in _process_class\n    and _is_type(type, cls, dataclasses, dataclasses.KW_ONLY,\n  File "/home/lijiaxing/.conda/envs/api/lib/python3.10/dataclasses.py", line 711, in _is_type\n    ns = sys.modules.get(cls.__module__).__dict__\nAttributeError: \'NoneType\' object has no attribute \'__dict__\'. Did you mean: \'__dir__\'?\n'}
2025-08-12 17:41:46,943 - openevolve.RemoteSpeedupEvaluator - INFO - [level5_12_deepseekv3_MLA_decode] verify_plus payload: reference_code(11886 chars) + custom_code(12007 chars)
2025-08-12 17:41:49,186 - openevolve.RemoteSpeedupEvaluator - INFO - [level5_12_deepseekv3_MLA_decode] verify_plus request success
2025-08-12 17:41:49,186 - openevolve.RemoteSpeedupEvaluator - INFO - [level5_12_deepseekv3_MLA_decode] verify_plus response: {"id":"level5_12_deepseekv3_MLA_decode","result":{"error":"'NoneType' object has no attribute '__dict__'\nTraceback (most recent call last):\n  File \"/cpfs01/shared/llm_kernel/hujiakai/KernelLLM/validation_api_server/evaluator.py\", line 92, in _measure_perf_worker\n    exec(textwrap.dedent(code_src), temp_module.__dict__)\n  File \"<string>\", line 9, in <module>\n  File \"/home/lijiaxing/.conda/envs/api/lib/python3.10/dataclasses.py\", line 1184, in dataclass\n    return wrap(cls)\n  File \"/home/lijiaxing/.conda/envs/api/lib/python3.10/dataclasses.py\", line 1175, in wrap\n    return _process_class(cls, init, repr, eq, order, unsafe_hash,\n  File \"/home/lijiaxing/.conda/envs/api/lib/python3.10/dataclasses.py\", line 944, in _process_class\n    and _is_type(type, cls, dataclasses, data
2025-08-12 17:41:49,187 - openevolve.evaluator - WARNING - Evaluation attempt 4/4 failed for program 6e1b58e9-45d8-4254-93e4-32e70e558ade: Error: The reference code is not valid or correct. The verify result is: {'error': '\'NoneType\' object has no attribute \'__dict__\'\nTraceback (most recent call last):\n  File "/cpfs01/shared/llm_kernel/hujiakai/KernelLLM/validation_api_server/evaluator.py", line 92, in _measure_perf_worker\n    exec(textwrap.dedent(code_src), temp_module.__dict__)\n  File "<string>", line 9, in <module>\n  File "/home/lijiaxing/.conda/envs/api/lib/python3.10/dataclasses.py", line 1184, in dataclass\n    return wrap(cls)\n  File "/home/lijiaxing/.conda/envs/api/lib/python3.10/dataclasses.py", line 1175, in wrap\n    return _process_class(cls, init, repr, eq, order, unsafe_hash,\n  File "/home/lijiaxing/.conda/envs/api/lib/python3.10/dataclasses.py", line 944, in _process_class\n    and _is_type(type, cls, dataclasses, dataclasses.KW_ONLY,\n  File "/home/lijiaxing/.conda/envs/api/lib/python3.10/dataclasses.py", line 711, in _is_type\n    ns = sys.modules.get(cls.__module__).__dict__\nAttributeError: \'NoneType\' object has no attribute \'__dict__\'. Did you mean: \'__dir__\'?\n'}
2025-08-12 17:41:49,189 - openevolve.evaluator - ERROR - All evaluation attempts failed for program 6e1b58e9-45d8-4254-93e4-32e70e558ade. Last error: Error: The reference code is not valid or correct. The verify result is: {'error': '\'NoneType\' object has no attribute \'__dict__\'\nTraceback (most recent call last):\n  File "/cpfs01/shared/llm_kernel/hujiakai/KernelLLM/validation_api_server/evaluator.py", line 92, in _measure_perf_worker\n    exec(textwrap.dedent(code_src), temp_module.__dict__)\n  File "<string>", line 9, in <module>\n  File "/home/lijiaxing/.conda/envs/api/lib/python3.10/dataclasses.py", line 1184, in dataclass\n    return wrap(cls)\n  File "/home/lijiaxing/.conda/envs/api/lib/python3.10/dataclasses.py", line 1175, in wrap\n    return _process_class(cls, init, repr, eq, order, unsafe_hash,\n  File "/home/lijiaxing/.conda/envs/api/lib/python3.10/dataclasses.py", line 944, in _process_class\n    and _is_type(type, cls, dataclasses, dataclasses.KW_ONLY,\n  File "/home/lijiaxing/.conda/envs/api/lib/python3.10/dataclasses.py", line 711, in _is_type\n    ns = sys.modules.get(cls.__module__).__dict__\nAttributeError: \'NoneType\' object has no attribute \'__dict__\'. Did you mean: \'__dir__\'?\n'}
2025-08-12 17:41:49,190 - __main__ - ERROR - üí• Â§±Ë¥• level5_12_deepseekv3_MLA_decode: 'score'
2025-08-12 17:41:49,191 - __main__ - INFO - ----------------------------------------------------------------------
2025-08-12 17:41:49,191 - __main__ - INFO - üìä ËøõÁ®ã rank=25 ÁªìÊùü | ÊàêÂäü 8 | Â§±Ë¥• 2
2025-08-12 17:41:49,191 - __main__ - INFO - ----------------------------------------------------------------------
