2025-08-08 02:52:31,288 - openevolve.controller - INFO - Logging to openevolve_output/level3_6_GoogleNetInceptionModule/logs/openevolve_20250808_025231.log
2025-08-08 02:52:31,288 - openevolve.controller - INFO - Set random seed to 42 for reproducibility
2025-08-08 02:52:31,331 - openevolve.llm.ensemble - INFO - Initialized LLM ensemble with models: deepseek (weight: 0.80), deepseek (weight: 0.20)
2025-08-08 02:52:31,371 - openevolve.llm.ensemble - INFO - Initialized LLM ensemble with models: deepseek (weight: 0.80), deepseek (weight: 0.20)
2025-08-08 02:52:31,372 - openevolve.prompt.sampler - INFO - Set custom templates: system=evaluator_system_message, user=None
2025-08-08 02:52:31,372 - openevolve.database - INFO - Initialized program database with 0 programs
2025-08-08 02:52:31,393 - openevolve.evaluator - INFO - Successfully loaded evaluation function from openevolve_output/level3_6_GoogleNetInceptionModule/evaluation.py
2025-08-08 02:52:31,394 - openevolve.evaluator - INFO - Initialized evaluator with openevolve_output/level3_6_GoogleNetInceptionModule/evaluation.py
2025-08-08 02:52:31,394 - openevolve.controller - INFO - Initialized OpenEvolve with /tmp/0c180d0fbeb4bfbad62246eb7bf758ad.py
2025-08-08 02:52:31,394 - openevolve.controller - INFO - Adding initial program to database
2025-08-08 02:52:31,395 - openevolve.RemoteSpeedupEvaluator - INFO - [level3_6_GoogleNetInceptionModule] verify_plus payload: reference_code(2413 chars) + custom_code(2537 chars)
2025-08-08 02:52:47,023 - openevolve.RemoteSpeedupEvaluator - INFO - [level3_6_GoogleNetInceptionModule] verify_plus request success
2025-08-08 02:52:47,023 - openevolve.RemoteSpeedupEvaluator - INFO - [level3_6_GoogleNetInceptionModule] verify_plus response: {"id":"level3_6_GoogleNetInceptionModule","result":{"compiled":true,"correctness":true,"metadata":{"hardware":"NVIDIA L20Y","device":"cuda:2","correctness_trials":"(5 / 5)","reference_timing_ms":0.301,"speed_up":0.034,"custom_timing":8.76},"runtime":8.76,"runtime_stats":{"mean":8.76,"std":0.0425,"min":8.73,"max":8.89,"num_trials":100,"hardware":"NVIDIA L20Y","device":"cuda:2"}}}
2025-08-08 02:52:47,024 - openevolve.evaluator - INFO - Evaluated program b6dcfbf5-4684-4ec2-92c1-da7ff60fc74b in 15.63s: compiled=1.0000, correctness=1.0000, stage=reference code, passed=0.0000, score=0.0000, speed_up=1.0000, runtime_ms=8.7600, meta={'hardware': 'NVIDIA L20Y', 'device': 'cuda:2', 'correctness_trials': '(5 / 5)', 'reference_timing_ms': 0.301, 'speed_up': 0.034, 'custom_timing': 8.76}
2025-08-08 02:52:47,024 - openevolve.database - INFO - New MAP-Elites cell occupied: {'score': 0, 'complexity': 2}
2025-08-08 02:52:47,039 - openevolve.threaded_parallel - INFO - Initializing threaded evaluation pool with 3 workers
2025-08-08 02:52:47,040 - openevolve.threaded_parallel - INFO - Started thread pool with 3 threads
2025-08-08 02:52:47,040 - openevolve.threaded_parallel - INFO - Started improved parallel controller
2025-08-08 02:52:47,040 - openevolve.controller - INFO - Using island-based evolution with 3 islands
2025-08-08 02:52:47,040 - openevolve.database - INFO - Island Status:
2025-08-08 02:52:47,040 - openevolve.database - INFO -  * Island 0: 1 programs, best=0.0000, avg=0.0000, diversity=0.00, gen=0 (best: b6dcfbf5-4684-4ec2-92c1-da7ff60fc74b)
2025-08-08 02:52:47,040 - openevolve.database - INFO -    Island 1: 0 programs, best=0.0000, avg=0.0000, diversity=0.00, gen=0
2025-08-08 02:52:47,041 - openevolve.database - INFO -    Island 2: 0 programs, best=0.0000, avg=0.0000, diversity=0.00, gen=0
2025-08-08 02:52:47,041 - openevolve.threaded_parallel - INFO - Starting improved parallel evolution from iteration 0 for 30 iterations (total: 30)
2025-08-08 02:52:47,173 - openevolve.llm.ensemble - INFO - Initialized LLM ensemble with models: deepseek (weight: 0.80), deepseek (weight: 0.20)
2025-08-08 02:52:47,177 - openevolve.llm.ensemble - INFO - Initialized LLM ensemble with models: deepseek (weight: 0.80), deepseek (weight: 0.20)
2025-08-08 02:52:47,180 - openevolve.llm.ensemble - INFO - Initialized LLM ensemble with models: deepseek (weight: 0.80), deepseek (weight: 0.20)
2025-08-08 02:52:47,302 - openevolve.llm.ensemble - INFO - Initialized LLM ensemble with models: deepseek (weight: 0.80), deepseek (weight: 0.20)
2025-08-08 02:52:47,303 - openevolve.prompt.sampler - INFO - Set custom templates: system=evaluator_system_message, user=None
2025-08-08 02:52:47,305 - openevolve.evaluator - INFO - Successfully loaded evaluation function from openevolve_output/level3_6_GoogleNetInceptionModule/evaluation.py
2025-08-08 02:52:47,305 - openevolve.evaluator - INFO - Initialized evaluator with openevolve_output/level3_6_GoogleNetInceptionModule/evaluation.py
2025-08-08 02:52:47,307 - openevolve.llm.ensemble - INFO - Sampled model: deepseek
2025-08-08 02:52:47,309 - openevolve.llm.ensemble - INFO - Initialized LLM ensemble with models: deepseek (weight: 0.80), deepseek (weight: 0.20)
2025-08-08 02:52:47,309 - openevolve.prompt.sampler - INFO - Set custom templates: system=evaluator_system_message, user=None
2025-08-08 02:52:47,309 - openevolve.llm.ensemble - INFO - Initialized LLM ensemble with models: deepseek (weight: 0.80), deepseek (weight: 0.20)
2025-08-08 02:52:47,309 - openevolve.prompt.sampler - INFO - Set custom templates: system=evaluator_system_message, user=None
2025-08-08 02:52:47,311 - openevolve.evaluator - INFO - Successfully loaded evaluation function from openevolve_output/level3_6_GoogleNetInceptionModule/evaluation.py
2025-08-08 02:52:47,311 - openevolve.evaluator - INFO - Initialized evaluator with openevolve_output/level3_6_GoogleNetInceptionModule/evaluation.py
2025-08-08 02:52:47,312 - openevolve.evaluator - INFO - Successfully loaded evaluation function from openevolve_output/level3_6_GoogleNetInceptionModule/evaluation.py
2025-08-08 02:52:47,312 - openevolve.evaluator - INFO - Initialized evaluator with openevolve_output/level3_6_GoogleNetInceptionModule/evaluation.py
2025-08-08 02:52:47,314 - openevolve.llm.ensemble - INFO - Sampled model: deepseek
2025-08-08 02:52:47,315 - openevolve.llm.ensemble - INFO - Sampled model: deepseek
2025-08-08 03:03:47,553 - openevolve.RemoteSpeedupEvaluator - INFO - [level3_6_GoogleNetInceptionModule] triton key words check pass
2025-08-08 03:03:47,556 - openevolve.RemoteSpeedupEvaluator - INFO - [level3_6_GoogleNetInceptionModule] verify_plus payload: reference_code(2413 chars) + custom_code(5184 chars)
2025-08-08 03:04:00,923 - openevolve.RemoteSpeedupEvaluator - INFO - [level3_6_GoogleNetInceptionModule] verify_plus request success
2025-08-08 03:04:00,923 - openevolve.RemoteSpeedupEvaluator - INFO - [level3_6_GoogleNetInceptionModule] verify_plus response: {"id":"level3_6_GoogleNetInceptionModule","result":{"compiled":true,"correctness":true,"metadata":{"hardware":"NVIDIA L20Y","device":"cuda:2","correctness_trials":"(5 / 5)","reference_timing_ms":0.301,"speed_up":0.01,"custom_timing":28.8},"runtime":28.8,"runtime_stats":{"mean":28.8,"std":0.0725,"min":28.4,"max":28.9,"num_trials":100,"hardware":"NVIDIA L20Y","device":"cuda:2"}}}
2025-08-08 03:04:00,923 - openevolve.RemoteSpeedupEvaluator - INFO - [level3_6_GoogleNetInceptionModule] âœ” success | speed_up=0.010  score=20.00
2025-08-08 03:04:00,924 - openevolve.evaluator - INFO - Evaluated program 5092794b-55d3-42db-bdae-6d6e05c20435 in 13.37s: compiled=1.0000, correctness=1.0000, stage=success, passed=0.0000, score=20.0000, speed_up=0.0100, runtime_ms=28.8000, meta={'hardware': 'NVIDIA L20Y', 'device': 'cuda:2', 'correctness_trials': '(5 / 5)', 'reference_timing_ms': 0.301, 'speed_up': 0.01, 'custom_timing': 28.8}
2025-08-08 03:04:00,927 - openevolve.llm.ensemble - INFO - Sampled model: deepseek
2025-08-08 03:04:00,931 - openevolve.database - INFO - New MAP-Elites cell occupied: {'score': 9, 'complexity': 9}
2025-08-08 03:04:00,931 - openevolve.database - INFO - New best program 5092794b-55d3-42db-bdae-6d6e05c20435 replaces b6dcfbf5-4684-4ec2-92c1-da7ff60fc74b
2025-08-08 03:04:00,944 - openevolve.threaded_parallel - INFO - Iteration 0: Program 5092794b-55d3-42db-bdae-6d6e05c20435 (parent: b6dcfbf5-4684-4ec2-92c1-da7ff60fc74b) completed in 673.61s
2025-08-08 03:04:00,944 - openevolve.threaded_parallel - INFO - Metrics: compiled=1.0000, correctness=1.0000, stage=success, passed=0.0000, score=20.0000, speed_up=0.0100, runtime_ms=28.8000, meta={'hardware': 'NVIDIA L20Y', 'device': 'cuda:2', 'correctness_trials': '(5 / 5)', 'reference_timing_ms': 0.301, 'speed_up': 0.01, 'custom_timing': 28.8}
2025-08-08 03:04:00,944 - openevolve.threaded_parallel - INFO - ðŸŒŸ New best solution found at iteration 0: 5092794b-55d3-42db-bdae-6d6e05c20435
2025-08-08 03:04:00,944 - openevolve.threaded_parallel - INFO - Checkpoint interval reached at iteration 0
2025-08-08 03:04:00,944 - openevolve.database - INFO - Island Status:
2025-08-08 03:04:00,944 - openevolve.database - INFO -  * Island 0: 2 programs, best=20.0000, avg=10.0000, diversity=970.00, gen=1 (best: 5092794b-55d3-42db-bdae-6d6e05c20435)
2025-08-08 03:04:00,945 - openevolve.database - INFO -    Island 1: 0 programs, best=0.0000, avg=0.0000, diversity=0.00, gen=0
2025-08-08 03:04:00,945 - openevolve.database - INFO -    Island 2: 0 programs, best=0.0000, avg=0.0000, diversity=0.00, gen=0
2025-08-08 03:04:00,972 - openevolve.database - INFO - Saved database with 2 programs to openevolve_output/level3_6_GoogleNetInceptionModule/checkpoints/checkpoint_0
2025-08-08 03:04:00,989 - openevolve.controller - INFO - Saved best program at checkpoint 0 with metrics: compiled=1.0000, correctness=1.0000, stage=success, passed=0.0000, score=20.0000, speed_up=0.0100, runtime_ms=28.8000, meta={'hardware': 'NVIDIA L20Y', 'device': 'cuda:2', 'correctness_trials': '(5 / 5)', 'reference_timing_ms': 0.301, 'speed_up': 0.01, 'custom_timing': 28.8}
2025-08-08 03:04:00,989 - openevolve.controller - INFO - Saved checkpoint at iteration 0 to openevolve_output/level3_6_GoogleNetInceptionModule/checkpoints/checkpoint_0
2025-08-08 03:05:41,096 - openevolve.RemoteSpeedupEvaluator - INFO - [level3_6_GoogleNetInceptionModule] triton key words check pass
2025-08-08 03:05:41,098 - openevolve.RemoteSpeedupEvaluator - INFO - [level3_6_GoogleNetInceptionModule] verify_plus payload: reference_code(2413 chars) + custom_code(4551 chars)
2025-08-08 03:05:45,724 - openevolve.RemoteSpeedupEvaluator - INFO - [level3_6_GoogleNetInceptionModule] verify_plus request success
2025-08-08 03:05:45,724 - openevolve.RemoteSpeedupEvaluator - INFO - [level3_6_GoogleNetInceptionModule] verify_plus response: {"id":"level3_6_GoogleNetInceptionModule","result":{"compiled":true,"correctness":false,"metadata":{"hardware":"NVIDIA L20Y","device":"cuda:1","runtime_error":"Traceback (most recent call last):\n  File \"/cpfs01/shared/llm_kernel/hujiakai/KernelLLM/validation_api_server/helpers/evaluations.py\", line 720, in run_and_check_correctness\n    output_new = model_new(*inputs)\n  File \"/home/lijiaxing/.conda/envs/api/lib/python3.10/site-packages/torch/nn/modules/module.py\", line 1773, in _wrapped_call_impl\n    return self._call_impl(*args, **kwargs)\n  File \"/home/lijiaxing/.conda/envs/api/lib/python3.10/site-packages/torch/nn/modules/module.py\", line 1784, in _call_impl\n    return forward_call(*args, **kwargs)\n  File \"/tmp/tmpny_pcdsw.py\", line 89, in forward\n    conv1x1_kernel[grid](
2025-08-08 03:05:45,724 - openevolve.RemoteSpeedupEvaluator - INFO - [level3_6_GoogleNetInceptionModule] âœ˜ wrong_answer
2025-08-08 03:05:45,725 - openevolve.evaluator - INFO - Evaluated program 0621b0aa-f078-4cb9-8b1a-151c62c78633 in 4.63s: compiled=1.0000, correctness=0.0000, score=10.0000, stage=wrong_answer, verify_payload={'id': 'level3_6_GoogleNetInceptionModule', 'result': {'compiled': True, 'correctness': False, 'metadata': {'hardware': 'NVIDIA L20Y', 'device': 'cuda:1', 'runtime_error': 'Traceback (most recent call last):\n  File "/cpfs01/shared/llm_kernel/hujiakai/KernelLLM/validation_api_server/helpers/evaluations.py", line 720, in run_and_check_correctness\n    output_new = model_new(*inputs)\n  File "/home/lijiaxing/.conda/envs/api/lib/python3.10/site-packages/torch/nn/modules/module.py", line 1773, in _wrapped_call_impl\n    return self._call_impl(*args, **kwargs)\n  File "/home/lijiaxing/.conda/envs/api/lib/python3.10/site-packages/torch/nn/modules/module.py", line 1784, in _call_impl\n    return forward_call(*args, **kwargs)\n  File "/tmp/tmpny_pcdsw.py", line 89, in forward\n    conv1x1_kernel[grid](\n  File "/home/lijiaxing/.conda/envs/api/lib/python3.10/site-packages/triton/runtime/jit.py", line 390, in <lambda>\n    return lambda *args, **kwargs: self.run(grid=grid, warmup=False, *args, **kwargs)\n  File "/home/lijiaxing/.conda/envs/api/lib/python3.10/site-packages/triton/runtime/jit.py", line 594, in run\n    kernel = self.compile(src, target=target, options=options.__dict__)\n  File "/home/lijiaxing/.conda/envs/api/lib/python3.10/site-packages/triton/compiler/compiler.py", line 339, in compile\n    module = src.make_ir(options, codegen_fns, module_map, context)\n  File "/home/lijiaxing/.conda/envs/api/lib/python3.10/site-packages/triton/compiler/compiler.py", line 83, in make_ir\n    return ast_to_ttir(self.fn, self, context=context, options=options, codegen_fns=codegen_fns,\ntriton.compiler.errors.CompilationError: at 38:28:\n        w = pos % width\n        h = pos // width\n        b = pid // (height * width)\n\n        # Load input with boundary checks\n        input_offset = b * stride_xi + h * stride_xh + w * stride_xw + c\n        x = tl.load(input_ptr + input_offset, mask=valid_mask, other=0.0)\n\n        # Load weights and compute output\n        for g in range(0, out_channels, GROUP_SIZE):\n            g_idx = g + tl.arange(0, GROUP_SIZE)\n            weight_offset = c * stride_wo + g_idx\n                            ^\nValueError(\'Cannot make_shape_compatible: incompatible dimensions at index 0: 128 and 32\')\n\n\nThe above exception was the direct cause of the following exception:\n\nTraceback (most recent call last):\n  File "/home/lijiaxing/.conda/envs/api/lib/python3.10/site-packages/triton/language/core.py", line 42, in wrapper\n    return fn(*args, **kwargs)\n  File "/home/lijiaxing/.conda/envs/api/lib/python3.10/site-packages/triton/language/core.py", line 900, in __add__\n    return add(self, other, sanitize_overflow=True, _semantic=_semantic)\n  File "/home/lijiaxing/.conda/envs/api/lib/python3.10/site-packages/triton/language/core.py", line 42, in wrapper\n    return fn(*args, **kwargs)\n  File "/home/lijiaxing/.conda/envs/api/lib/python3.10/site-packages/triton/language/core.py", line 2468, in add\n    return _semantic.add(x, y, sanitize_overflow)\n  File "/home/lijiaxing/.conda/envs/api/lib/python3.10/site-packages/triton/language/semantic.py", line 226, in add\n    input, other = self.binary_op_type_checking_impl(input, other, True, True)\n  File "/home/lijiaxing/.conda/envs/api/lib/python3.10/site-packages/triton/language/semantic.py", line 203, in binary_op_type_checking_impl\n    lhs, rhs = self.broadcast_impl_value(lhs, rhs)\n  File "/home/lijiaxing/.conda/envs/api/lib/python3.10/site-packages/triton/language/semantic.py", line 749, in broadcast_impl_value\n    raise ValueError("Cannot make_shape_compatible: incompatible dimensions "\nValueError: Cannot make_shape_compatible: incompatible dimensions at index 0: 128 and 32\n', 'runtime_error_name': 'triton.compiler.errors.CompilationError', 'reference_timing_ms': 0.301, 'speed_up': -1.0, 'custom_timing': -1.0}, 'runtime': -1.0, 'runtime_stats': {}}}
2025-08-08 03:05:45,728 - openevolve.llm.ensemble - INFO - Sampled model: deepseek
2025-08-08 03:05:45,730 - openevolve.database - INFO - New MAP-Elites cell occupied: {'score': 9, 'complexity': 7}
2025-08-08 03:05:45,741 - openevolve.threaded_parallel - INFO - Iteration 2: Program 0621b0aa-f078-4cb9-8b1a-151c62c78633 (parent: b6dcfbf5-4684-4ec2-92c1-da7ff60fc74b) completed in 778.41s
2025-08-08 03:05:45,741 - openevolve.threaded_parallel - INFO - Metrics: compiled=1.0000, correctness=0.0000, score=10.0000, stage=wrong_answer, verify_payload={'id': 'level3_6_GoogleNetInceptionModule', 'result': {'compiled': True, 'correctness': False, 'metadata': {'hardware': 'NVIDIA L20Y', 'device': 'cuda:1', 'runtime_error': 'Traceback (most recent call last):\n  File "/cpfs01/shared/llm_kernel/hujiakai/KernelLLM/validation_api_server/helpers/evaluations.py", line 720, in run_and_check_correctness\n    output_new = model_new(*inputs)\n  File "/home/lijiaxing/.conda/envs/api/lib/python3.10/site-packages/torch/nn/modules/module.py", line 1773, in _wrapped_call_impl\n    return self._call_impl(*args, **kwargs)\n  File "/home/lijiaxing/.conda/envs/api/lib/python3.10/site-packages/torch/nn/modules/module.py", line 1784, in _call_impl\n    return forward_call(*args, **kwargs)\n  File "/tmp/tmpny_pcdsw.py", line 89, in forward\n    conv1x1_kernel[grid](\n  File "/home/lijiaxing/.conda/envs/api/lib/python3.10/site-packages/triton/runtime/jit.py", line 390, in <lambda>\n    return lambda *args, **kwargs: self.run(grid=grid, warmup=False, *args, **kwargs)\n  File "/home/lijiaxing/.conda/envs/api/lib/python3.10/site-packages/triton/runtime/jit.py", line 594, in run\n    kernel = self.compile(src, target=target, options=options.__dict__)\n  File "/home/lijiaxing/.conda/envs/api/lib/python3.10/site-packages/triton/compiler/compiler.py", line 339, in compile\n    module = src.make_ir(options, codegen_fns, module_map, context)\n  File "/home/lijiaxing/.conda/envs/api/lib/python3.10/site-packages/triton/compiler/compiler.py", line 83, in make_ir\n    return ast_to_ttir(self.fn, self, context=context, options=options, codegen_fns=codegen_fns,\ntriton.compiler.errors.CompilationError: at 38:28:\n        w = pos % width\n        h = pos // width\n        b = pid // (height * width)\n\n        # Load input with boundary checks\n        input_offset = b * stride_xi + h * stride_xh + w * stride_xw + c\n        x = tl.load(input_ptr + input_offset, mask=valid_mask, other=0.0)\n\n        # Load weights and compute output\n        for g in range(0, out_channels, GROUP_SIZE):\n            g_idx = g + tl.arange(0, GROUP_SIZE)\n            weight_offset = c * stride_wo + g_idx\n                            ^\nValueError(\'Cannot make_shape_compatible: incompatible dimensions at index 0: 128 and 32\')\n\n\nThe above exception was the direct cause of the following exception:\n\nTraceback (most recent call last):\n  File "/home/lijiaxing/.conda/envs/api/lib/python3.10/site-packages/triton/language/core.py", line 42, in wrapper\n    return fn(*args, **kwargs)\n  File "/home/lijiaxing/.conda/envs/api/lib/python3.10/site-packages/triton/language/core.py", line 900, in __add__\n    return add(self, other, sanitize_overflow=True, _semantic=_semantic)\n  File "/home/lijiaxing/.conda/envs/api/lib/python3.10/site-packages/triton/language/core.py", line 42, in wrapper\n    return fn(*args, **kwargs)\n  File "/home/lijiaxing/.conda/envs/api/lib/python3.10/site-packages/triton/language/core.py", line 2468, in add\n    return _semantic.add(x, y, sanitize_overflow)\n  File "/home/lijiaxing/.conda/envs/api/lib/python3.10/site-packages/triton/language/semantic.py", line 226, in add\n    input, other = self.binary_op_type_checking_impl(input, other, True, True)\n  File "/home/lijiaxing/.conda/envs/api/lib/python3.10/site-packages/triton/language/semantic.py", line 203, in binary_op_type_checking_impl\n    lhs, rhs = self.broadcast_impl_value(lhs, rhs)\n  File "/home/lijiaxing/.conda/envs/api/lib/python3.10/site-packages/triton/language/semantic.py", line 749, in broadcast_impl_value\n    raise ValueError("Cannot make_shape_compatible: incompatible dimensions "\nValueError: Cannot make_shape_compatible: incompatible dimensions at index 0: 128 and 32\n', 'runtime_error_name': 'triton.compiler.errors.CompilationError', 'reference_timing_ms': 0.301, 'speed_up': -1.0, 'custom_timing': -1.0}, 'runtime': -1.0, 'runtime_stats': {}}}
2025-08-08 03:06:31,341 - openevolve.RemoteSpeedupEvaluator - INFO - [level3_6_GoogleNetInceptionModule] triton key words check pass
2025-08-08 03:06:31,344 - openevolve.RemoteSpeedupEvaluator - INFO - [level3_6_GoogleNetInceptionModule] verify_plus payload: reference_code(2413 chars) + custom_code(5620 chars)
2025-08-08 03:06:35,831 - openevolve.RemoteSpeedupEvaluator - INFO - [level3_6_GoogleNetInceptionModule] verify_plus request success
2025-08-08 03:06:35,831 - openevolve.RemoteSpeedupEvaluator - INFO - [level3_6_GoogleNetInceptionModule] verify_plus response: {"id":"level3_6_GoogleNetInceptionModule","result":{"compiled":true,"correctness":false,"metadata":{"hardware":"NVIDIA L20Y","device":"cuda:7","runtime_error":"Traceback (most recent call last):\n  File \"/home/lijiaxing/.conda/envs/api/lib/python3.10/site-packages/triton/language/core.py\", line 42, in wrapper\n    return fn(*args, **kwargs)\n  File \"/home/lijiaxing/.conda/envs/api/lib/python3.10/site-packages/triton/language/core.py\", line 2045, in dot\n    return _semantic.dot(input, other, acc, input_precision, max_num_imprecise_acc, out_dtype)\n  File \"/home/lijiaxing/.conda/envs/api/lib/python3.10/site-packages/triton/language/semantic.py\", line 1497, in dot\n    assert lhs_rank == rhs_rank == 2 or lhs_rank == rhs_rank == 3, f\"Both inputs must be either 2D or 3D; (lhs: {lhs.shap
2025-08-08 03:06:35,831 - openevolve.RemoteSpeedupEvaluator - INFO - [level3_6_GoogleNetInceptionModule] âœ˜ wrong_answer
2025-08-08 03:06:35,832 - openevolve.evaluator - INFO - Evaluated program ef45e62d-5233-4157-bed7-c4d86255f64a in 4.49s: compiled=1.0000, correctness=0.0000, score=10.0000, stage=wrong_answer, verify_payload={'id': 'level3_6_GoogleNetInceptionModule', 'result': {'compiled': True, 'correctness': False, 'metadata': {'hardware': 'NVIDIA L20Y', 'device': 'cuda:7', 'runtime_error': 'Traceback (most recent call last):\n  File "/home/lijiaxing/.conda/envs/api/lib/python3.10/site-packages/triton/language/core.py", line 42, in wrapper\n    return fn(*args, **kwargs)\n  File "/home/lijiaxing/.conda/envs/api/lib/python3.10/site-packages/triton/language/core.py", line 2045, in dot\n    return _semantic.dot(input, other, acc, input_precision, max_num_imprecise_acc, out_dtype)\n  File "/home/lijiaxing/.conda/envs/api/lib/python3.10/site-packages/triton/language/semantic.py", line 1497, in dot\n    assert lhs_rank == rhs_rank == 2 or lhs_rank == rhs_rank == 3, f"Both inputs must be either 2D or 3D; (lhs: {lhs.shape} vs rhs: {rhs.shape})"\nAssertionError: Both inputs must be either 2D or 3D; (lhs: [\'constexpr[64]\', \'constexpr[64]\'] vs rhs: [\'constexpr[64]\', \'constexpr[16]\', \'constexpr[16]\'])\n\nThe above exception was the direct cause of the following exception:\n\nTraceback (most recent call last):\n  File "/cpfs01/shared/llm_kernel/hujiakai/KernelLLM/validation_api_server/helpers/evaluations.py", line 720, in run_and_check_correctness\n    output_new = model_new(*inputs)\n  File "/home/lijiaxing/.conda/envs/api/lib/python3.10/site-packages/torch/nn/modules/module.py", line 1773, in _wrapped_call_impl\n    return self._call_impl(*args, **kwargs)\n  File "/home/lijiaxing/.conda/envs/api/lib/python3.10/site-packages/torch/nn/modules/module.py", line 1784, in _call_impl\n    return forward_call(*args, **kwargs)\n  File "/tmp/tmp9nry6w3w.py", line 133, in forward\n    branch1x1 = self.branch1x1(x)\n  File "/home/lijiaxing/.conda/envs/api/lib/python3.10/site-packages/torch/nn/modules/module.py", line 1773, in _wrapped_call_impl\n    return self._call_impl(*args, **kwargs)\n  File "/home/lijiaxing/.conda/envs/api/lib/python3.10/site-packages/torch/nn/modules/module.py", line 1784, in _call_impl\n    return forward_call(*args, **kwargs)\n  File "/tmp/tmp9nry6w3w.py", line 105, in forward\n    conv1x1_kernel[grid](\n  File "/home/lijiaxing/.conda/envs/api/lib/python3.10/site-packages/triton/runtime/jit.py", line 390, in <lambda>\n    return lambda *args, **kwargs: self.run(grid=grid, warmup=False, *args, **kwargs)\n  File "/home/lijiaxing/.conda/envs/api/lib/python3.10/site-packages/triton/runtime/autotuner.py", line 239, in run\n    benchmark()\n  File "/home/lijiaxing/.conda/envs/api/lib/python3.10/site-packages/triton/runtime/autotuner.py", line 228, in benchmark\n    timings = {config: self._bench(*args, config=config, **kwargs) for config in pruned_configs}\n  File "/home/lijiaxing/.conda/envs/api/lib/python3.10/site-packages/triton/runtime/autotuner.py", line 228, in <dictcomp>\n    timings = {config: self._bench(*args, config=config, **kwargs) for config in pruned_configs}\n  File "/home/lijiaxing/.conda/envs/api/lib/python3.10/site-packages/triton/runtime/autotuner.py", line 160, in _bench\n    return self.do_bench(kernel_call, quantiles=(0.5, 0.2, 0.8))\n  File "/home/lijiaxing/.conda/envs/api/lib/python3.10/site-packages/triton/testing.py", line 149, in do_bench\n    fn()\n  File "/home/lijiaxing/.conda/envs/api/lib/python3.10/site-packages/triton/runtime/autotuner.py", line 146, in kernel_call\n    self.fn.run(\n  File "/home/lijiaxing/.conda/envs/api/lib/python3.10/site-packages/triton/runtime/jit.py", line 594, in run\n    kernel = self.compile(src, target=target, options=options.__dict__)\n  File "/home/lijiaxing/.conda/envs/api/lib/python3.10/site-packages/triton/compiler/compiler.py", line 339, in compile\n    module = src.make_ir(options, codegen_fns, module_map, context)\n  File "/home/lijiaxing/.conda/envs/api/lib/python3.10/site-packages/triton/compiler/compiler.py", line 83, in make_ir\n    return ast_to_ttir(self.fn, self, context=context, options=options, codegen_fns=codegen_fns,\ntriton.compiler.errors.CompilationError: at 57:23:\n\n        input_vals = tl.load(\n            input_ptr + c_offs[:, None, None] * input_channel_stride +\n            offs_h[None, :, None] * input_height_stride +\n            offs_w[None, None, :] * input_width_stride,\n            mask=(c_offs[:, None, None] < C_in) & \n                 (offs_h[None, :, None] < H) & \n                 (offs_w[None, None, :] < W),\n            other=0.0\n        )\n\n        accumulator += tl.dot(weight_vals, input_vals, allow_tf32=True)\n                       ^\n\n\nThe above exception was the direct cause of the following exception:\n\nTraceback (most recent call last):\n  File "/home/lijiaxing/.conda/envs/api/lib/python3.10/site-packages/triton/language/core.py", line 42, in wrapper\n    return fn(*args, **kwargs)\n  File "/home/lijiaxing/.conda/envs/api/lib/python3.10/site-packages/triton/language/core.py", line 2045, in dot\n    return _semantic.dot(input, other, acc, input_precision, max_num_imprecise_acc, out_dtype)\n  File "/home/lijiaxing/.conda/envs/api/lib/python3.10/site-packages/triton/language/semantic.py", line 1497, in dot\n    assert lhs_rank == rhs_rank == 2 or lhs_rank == rhs_rank == 3, f"Both inputs must be either 2D or 3D; (lhs: {lhs.shape} vs rhs: {rhs.shape})"\nAssertionError: Both inputs must be either 2D or 3D; (lhs: [\'constexpr[64]\', \'constexpr[64]\'] vs rhs: [\'constexpr[64]\', \'constexpr[16]\', \'constexpr[16]\'])\n', 'runtime_error_name': 'triton.compiler.errors.CompilationError', 'reference_timing_ms': 0.301, 'speed_up': -1.0, 'custom_timing': -1.0}, 'runtime': -1.0, 'runtime_stats': {}}}
2025-08-08 03:06:35,835 - openevolve.llm.ensemble - INFO - Sampled model: deepseek
2025-08-08 03:06:35,853 - openevolve.threaded_parallel - INFO - Iteration 1: Program ef45e62d-5233-4157-bed7-c4d86255f64a (parent: b6dcfbf5-4684-4ec2-92c1-da7ff60fc74b) completed in 828.53s
2025-08-08 03:06:35,854 - openevolve.threaded_parallel - INFO - Metrics: compiled=1.0000, correctness=0.0000, score=10.0000, stage=wrong_answer, verify_payload={'id': 'level3_6_GoogleNetInceptionModule', 'result': {'compiled': True, 'correctness': False, 'metadata': {'hardware': 'NVIDIA L20Y', 'device': 'cuda:7', 'runtime_error': 'Traceback (most recent call last):\n  File "/home/lijiaxing/.conda/envs/api/lib/python3.10/site-packages/triton/language/core.py", line 42, in wrapper\n    return fn(*args, **kwargs)\n  File "/home/lijiaxing/.conda/envs/api/lib/python3.10/site-packages/triton/language/core.py", line 2045, in dot\n    return _semantic.dot(input, other, acc, input_precision, max_num_imprecise_acc, out_dtype)\n  File "/home/lijiaxing/.conda/envs/api/lib/python3.10/site-packages/triton/language/semantic.py", line 1497, in dot\n    assert lhs_rank == rhs_rank == 2 or lhs_rank == rhs_rank == 3, f"Both inputs must be either 2D or 3D; (lhs: {lhs.shape} vs rhs: {rhs.shape})"\nAssertionError: Both inputs must be either 2D or 3D; (lhs: [\'constexpr[64]\', \'constexpr[64]\'] vs rhs: [\'constexpr[64]\', \'constexpr[16]\', \'constexpr[16]\'])\n\nThe above exception was the direct cause of the following exception:\n\nTraceback (most recent call last):\n  File "/cpfs01/shared/llm_kernel/hujiakai/KernelLLM/validation_api_server/helpers/evaluations.py", line 720, in run_and_check_correctness\n    output_new = model_new(*inputs)\n  File "/home/lijiaxing/.conda/envs/api/lib/python3.10/site-packages/torch/nn/modules/module.py", line 1773, in _wrapped_call_impl\n    return self._call_impl(*args, **kwargs)\n  File "/home/lijiaxing/.conda/envs/api/lib/python3.10/site-packages/torch/nn/modules/module.py", line 1784, in _call_impl\n    return forward_call(*args, **kwargs)\n  File "/tmp/tmp9nry6w3w.py", line 133, in forward\n    branch1x1 = self.branch1x1(x)\n  File "/home/lijiaxing/.conda/envs/api/lib/python3.10/site-packages/torch/nn/modules/module.py", line 1773, in _wrapped_call_impl\n    return self._call_impl(*args, **kwargs)\n  File "/home/lijiaxing/.conda/envs/api/lib/python3.10/site-packages/torch/nn/modules/module.py", line 1784, in _call_impl\n    return forward_call(*args, **kwargs)\n  File "/tmp/tmp9nry6w3w.py", line 105, in forward\n    conv1x1_kernel[grid](\n  File "/home/lijiaxing/.conda/envs/api/lib/python3.10/site-packages/triton/runtime/jit.py", line 390, in <lambda>\n    return lambda *args, **kwargs: self.run(grid=grid, warmup=False, *args, **kwargs)\n  File "/home/lijiaxing/.conda/envs/api/lib/python3.10/site-packages/triton/runtime/autotuner.py", line 239, in run\n    benchmark()\n  File "/home/lijiaxing/.conda/envs/api/lib/python3.10/site-packages/triton/runtime/autotuner.py", line 228, in benchmark\n    timings = {config: self._bench(*args, config=config, **kwargs) for config in pruned_configs}\n  File "/home/lijiaxing/.conda/envs/api/lib/python3.10/site-packages/triton/runtime/autotuner.py", line 228, in <dictcomp>\n    timings = {config: self._bench(*args, config=config, **kwargs) for config in pruned_configs}\n  File "/home/lijiaxing/.conda/envs/api/lib/python3.10/site-packages/triton/runtime/autotuner.py", line 160, in _bench\n    return self.do_bench(kernel_call, quantiles=(0.5, 0.2, 0.8))\n  File "/home/lijiaxing/.conda/envs/api/lib/python3.10/site-packages/triton/testing.py", line 149, in do_bench\n    fn()\n  File "/home/lijiaxing/.conda/envs/api/lib/python3.10/site-packages/triton/runtime/autotuner.py", line 146, in kernel_call\n    self.fn.run(\n  File "/home/lijiaxing/.conda/envs/api/lib/python3.10/site-packages/triton/runtime/jit.py", line 594, in run\n    kernel = self.compile(src, target=target, options=options.__dict__)\n  File "/home/lijiaxing/.conda/envs/api/lib/python3.10/site-packages/triton/compiler/compiler.py", line 339, in compile\n    module = src.make_ir(options, codegen_fns, module_map, context)\n  File "/home/lijiaxing/.conda/envs/api/lib/python3.10/site-packages/triton/compiler/compiler.py", line 83, in make_ir\n    return ast_to_ttir(self.fn, self, context=context, options=options, codegen_fns=codegen_fns,\ntriton.compiler.errors.CompilationError: at 57:23:\n\n        input_vals = tl.load(\n            input_ptr + c_offs[:, None, None] * input_channel_stride +\n            offs_h[None, :, None] * input_height_stride +\n            offs_w[None, None, :] * input_width_stride,\n            mask=(c_offs[:, None, None] < C_in) & \n                 (offs_h[None, :, None] < H) & \n                 (offs_w[None, None, :] < W),\n            other=0.0\n        )\n\n        accumulator += tl.dot(weight_vals, input_vals, allow_tf32=True)\n                       ^\n\n\nThe above exception was the direct cause of the following exception:\n\nTraceback (most recent call last):\n  File "/home/lijiaxing/.conda/envs/api/lib/python3.10/site-packages/triton/language/core.py", line 42, in wrapper\n    return fn(*args, **kwargs)\n  File "/home/lijiaxing/.conda/envs/api/lib/python3.10/site-packages/triton/language/core.py", line 2045, in dot\n    return _semantic.dot(input, other, acc, input_precision, max_num_imprecise_acc, out_dtype)\n  File "/home/lijiaxing/.conda/envs/api/lib/python3.10/site-packages/triton/language/semantic.py", line 1497, in dot\n    assert lhs_rank == rhs_rank == 2 or lhs_rank == rhs_rank == 3, f"Both inputs must be either 2D or 3D; (lhs: {lhs.shape} vs rhs: {rhs.shape})"\nAssertionError: Both inputs must be either 2D or 3D; (lhs: [\'constexpr[64]\', \'constexpr[64]\'] vs rhs: [\'constexpr[64]\', \'constexpr[16]\', \'constexpr[16]\'])\n', 'runtime_error_name': 'triton.compiler.errors.CompilationError', 'reference_timing_ms': 0.301, 'speed_up': -1.0, 'custom_timing': -1.0}, 'runtime': -1.0, 'runtime_stats': {}}}
2025-08-08 03:14:47,213 - openevolve.RemoteSpeedupEvaluator - INFO - [level3_6_GoogleNetInceptionModule] triton key words check pass
2025-08-08 03:14:47,215 - openevolve.RemoteSpeedupEvaluator - INFO - [level3_6_GoogleNetInceptionModule] verify_plus payload: reference_code(2413 chars) + custom_code(5706 chars)
2025-08-08 03:14:50,984 - openevolve.RemoteSpeedupEvaluator - INFO - [level3_6_GoogleNetInceptionModule] verify_plus request success
2025-08-08 03:14:50,985 - openevolve.RemoteSpeedupEvaluator - INFO - [level3_6_GoogleNetInceptionModule] verify_plus response: {"id":"level3_6_GoogleNetInceptionModule","result":{"compiled":true,"correctness":false,"metadata":{"hardware":"NVIDIA L20Y","device":"cuda:7","runtime_error":"Traceback (most recent call last):\n  File \"/cpfs01/shared/llm_kernel/hujiakai/KernelLLM/validation_api_server/helpers/evaluations.py\", line 720, in run_and_check_correctness\n    output_new = model_new(*inputs)\n  File \"/home/lijiaxing/.conda/envs/api/lib/python3.10/site-packages/torch/nn/modules/module.py\", line 1773, in _wrapped_call_impl\n    return self._call_impl(*args, **kwargs)\n  File \"/home/lijiaxing/.conda/envs/api/lib/python3.10/site-packages/torch/nn/modules/module.py\", line 1784, in _call_impl\n    return forward_call(*args, **kwargs)\n  File \"/tmp/tmpv7c8wmp7.py\", line 125, in forward\n    branch1x1 = conv1x1_
2025-08-08 03:14:50,985 - openevolve.RemoteSpeedupEvaluator - INFO - [level3_6_GoogleNetInceptionModule] âœ˜ wrong_answer
2025-08-08 03:14:50,985 - openevolve.evaluator - INFO - Evaluated program f8b69d54-2d98-43e8-90c0-b752b9d6cb7f in 3.77s: compiled=1.0000, correctness=0.0000, score=10.0000, stage=wrong_answer, verify_payload={'id': 'level3_6_GoogleNetInceptionModule', 'result': {'compiled': True, 'correctness': False, 'metadata': {'hardware': 'NVIDIA L20Y', 'device': 'cuda:7', 'runtime_error': 'Traceback (most recent call last):\n  File "/cpfs01/shared/llm_kernel/hujiakai/KernelLLM/validation_api_server/helpers/evaluations.py", line 720, in run_and_check_correctness\n    output_new = model_new(*inputs)\n  File "/home/lijiaxing/.conda/envs/api/lib/python3.10/site-packages/torch/nn/modules/module.py", line 1773, in _wrapped_call_impl\n    return self._call_impl(*args, **kwargs)\n  File "/home/lijiaxing/.conda/envs/api/lib/python3.10/site-packages/torch/nn/modules/module.py", line 1784, in _call_impl\n    return forward_call(*args, **kwargs)\n  File "/tmp/tmpv7c8wmp7.py", line 125, in forward\n    branch1x1 = conv1x1_triton(x, self.weight_1x1.squeeze(-1).squeeze(-1), self.bias_1x1)\n  File "/tmp/tmpv7c8wmp7.py", line 82, in conv1x1_triton\n    conv1x1_kernel[grid](\n  File "/home/lijiaxing/.conda/envs/api/lib/python3.10/site-packages/triton/runtime/jit.py", line 390, in <lambda>\n    return lambda *args, **kwargs: self.run(grid=grid, warmup=False, *args, **kwargs)\n  File "/home/lijiaxing/.conda/envs/api/lib/python3.10/site-packages/triton/runtime/autotuner.py", line 239, in run\n    benchmark()\n  File "/home/lijiaxing/.conda/envs/api/lib/python3.10/site-packages/triton/runtime/autotuner.py", line 228, in benchmark\n    timings = {config: self._bench(*args, config=config, **kwargs) for config in pruned_configs}\n  File "/home/lijiaxing/.conda/envs/api/lib/python3.10/site-packages/triton/runtime/autotuner.py", line 228, in <dictcomp>\n    timings = {config: self._bench(*args, config=config, **kwargs) for config in pruned_configs}\n  File "/home/lijiaxing/.conda/envs/api/lib/python3.10/site-packages/triton/runtime/autotuner.py", line 135, in _bench\n    raise ValueError(f"Conflicting meta-parameters: {\', \'.join(conflicts)}."\nValueError: Conflicting meta-parameters: BLOCK_SIZE_OC, BLOCK_SIZE_IC. Make sure that you don\'t re-define auto-tuned symbols.\n', 'runtime_error_name': 'builtins.ValueError', 'reference_timing_ms': 0.301, 'speed_up': -1.0, 'custom_timing': -1.0}, 'runtime': -1.0, 'runtime_stats': {}}}
2025-08-08 03:14:50,990 - openevolve.llm.ensemble - INFO - Sampled model: deepseek
2025-08-08 03:14:51,009 - openevolve.threaded_parallel - INFO - Iteration 5: Program f8b69d54-2d98-43e8-90c0-b752b9d6cb7f (parent: b6dcfbf5-4684-4ec2-92c1-da7ff60fc74b) completed in 495.15s
2025-08-08 03:14:51,009 - openevolve.threaded_parallel - INFO - Metrics: compiled=1.0000, correctness=0.0000, score=10.0000, stage=wrong_answer, verify_payload={'id': 'level3_6_GoogleNetInceptionModule', 'result': {'compiled': True, 'correctness': False, 'metadata': {'hardware': 'NVIDIA L20Y', 'device': 'cuda:7', 'runtime_error': 'Traceback (most recent call last):\n  File "/cpfs01/shared/llm_kernel/hujiakai/KernelLLM/validation_api_server/helpers/evaluations.py", line 720, in run_and_check_correctness\n    output_new = model_new(*inputs)\n  File "/home/lijiaxing/.conda/envs/api/lib/python3.10/site-packages/torch/nn/modules/module.py", line 1773, in _wrapped_call_impl\n    return self._call_impl(*args, **kwargs)\n  File "/home/lijiaxing/.conda/envs/api/lib/python3.10/site-packages/torch/nn/modules/module.py", line 1784, in _call_impl\n    return forward_call(*args, **kwargs)\n  File "/tmp/tmpv7c8wmp7.py", line 125, in forward\n    branch1x1 = conv1x1_triton(x, self.weight_1x1.squeeze(-1).squeeze(-1), self.bias_1x1)\n  File "/tmp/tmpv7c8wmp7.py", line 82, in conv1x1_triton\n    conv1x1_kernel[grid](\n  File "/home/lijiaxing/.conda/envs/api/lib/python3.10/site-packages/triton/runtime/jit.py", line 390, in <lambda>\n    return lambda *args, **kwargs: self.run(grid=grid, warmup=False, *args, **kwargs)\n  File "/home/lijiaxing/.conda/envs/api/lib/python3.10/site-packages/triton/runtime/autotuner.py", line 239, in run\n    benchmark()\n  File "/home/lijiaxing/.conda/envs/api/lib/python3.10/site-packages/triton/runtime/autotuner.py", line 228, in benchmark\n    timings = {config: self._bench(*args, config=config, **kwargs) for config in pruned_configs}\n  File "/home/lijiaxing/.conda/envs/api/lib/python3.10/site-packages/triton/runtime/autotuner.py", line 228, in <dictcomp>\n    timings = {config: self._bench(*args, config=config, **kwargs) for config in pruned_configs}\n  File "/home/lijiaxing/.conda/envs/api/lib/python3.10/site-packages/triton/runtime/autotuner.py", line 135, in _bench\n    raise ValueError(f"Conflicting meta-parameters: {\', \'.join(conflicts)}."\nValueError: Conflicting meta-parameters: BLOCK_SIZE_OC, BLOCK_SIZE_IC. Make sure that you don\'t re-define auto-tuned symbols.\n', 'runtime_error_name': 'builtins.ValueError', 'reference_timing_ms': 0.301, 'speed_up': -1.0, 'custom_timing': -1.0}, 'runtime': -1.0, 'runtime_stats': {}}}
2025-08-08 03:15:38,640 - openevolve.RemoteSpeedupEvaluator - INFO - [level3_6_GoogleNetInceptionModule] triton key words check pass
2025-08-08 03:15:38,642 - openevolve.RemoteSpeedupEvaluator - INFO - [level3_6_GoogleNetInceptionModule] verify_plus payload: reference_code(2413 chars) + custom_code(3864 chars)
2025-08-08 03:15:42,103 - openevolve.RemoteSpeedupEvaluator - INFO - [level3_6_GoogleNetInceptionModule] verify_plus request success
2025-08-08 03:15:42,103 - openevolve.RemoteSpeedupEvaluator - INFO - [level3_6_GoogleNetInceptionModule] verify_plus response: {"id":"level3_6_GoogleNetInceptionModule","result":{"compiled":true,"correctness":false,"metadata":{"hardware":"NVIDIA L20Y","device":"cuda:7","runtime_error":"Traceback (most recent call last):\n  File \"/cpfs01/shared/llm_kernel/hujiakai/KernelLLM/validation_api_server/helpers/evaluations.py\", line 516, in eval_kernel_against_ref\n    kernel_exec_result = run_and_check_correctness(\n  File \"/cpfs01/shared/llm_kernel/hujiakai/KernelLLM/validation_api_server/helpers/evaluations.py\", line 713, in run_and_check_correctness\n    model_new = new_model_instance.cuda(device=device)\nAttributeError: 'ModelNew' object has no attribute 'cuda'\n","runtime_error_name":"builtins.AttributeError","reference_timing_ms":0.301,"speed_up":-1.0,"custom_timing":-1.0},"runtime":-1.0,"runtime_stats":{}}}
2025-08-08 03:15:42,103 - openevolve.RemoteSpeedupEvaluator - INFO - [level3_6_GoogleNetInceptionModule] âœ˜ wrong_answer
2025-08-08 03:15:42,103 - openevolve.evaluator - INFO - Evaluated program 6377978e-10a9-4f05-82b7-93c9bcfb821e in 3.46s: compiled=1.0000, correctness=0.0000, score=10.0000, stage=wrong_answer, verify_payload={'id': 'level3_6_GoogleNetInceptionModule', 'result': {'compiled': True, 'correctness': False, 'metadata': {'hardware': 'NVIDIA L20Y', 'device': 'cuda:7', 'runtime_error': 'Traceback (most recent call last):\n  File "/cpfs01/shared/llm_kernel/hujiakai/KernelLLM/validation_api_server/helpers/evaluations.py", line 516, in eval_kernel_against_ref\n    kernel_exec_result = run_and_check_correctness(\n  File "/cpfs01/shared/llm_kernel/hujiakai/KernelLLM/validation_api_server/helpers/evaluations.py", line 713, in run_and_check_correctness\n    model_new = new_model_instance.cuda(device=device)\nAttributeError: \'ModelNew\' object has no attribute \'cuda\'\n', 'runtime_error_name': 'builtins.AttributeError', 'reference_timing_ms': 0.301, 'speed_up': -1.0, 'custom_timing': -1.0}, 'runtime': -1.0, 'runtime_stats': {}}}
2025-08-08 03:15:42,107 - openevolve.llm.ensemble - INFO - Sampled model: deepseek
2025-08-08 03:15:42,111 - openevolve.database - INFO - New MAP-Elites cell occupied: {'score': 9, 'complexity': 4}
2025-08-08 03:15:42,124 - openevolve.threaded_parallel - INFO - Iteration 3: Program 6377978e-10a9-4f05-82b7-93c9bcfb821e (parent: b6dcfbf5-4684-4ec2-92c1-da7ff60fc74b) completed in 701.18s
2025-08-08 03:15:42,124 - openevolve.threaded_parallel - INFO - Metrics: compiled=1.0000, correctness=0.0000, score=10.0000, stage=wrong_answer, verify_payload={'id': 'level3_6_GoogleNetInceptionModule', 'result': {'compiled': True, 'correctness': False, 'metadata': {'hardware': 'NVIDIA L20Y', 'device': 'cuda:7', 'runtime_error': 'Traceback (most recent call last):\n  File "/cpfs01/shared/llm_kernel/hujiakai/KernelLLM/validation_api_server/helpers/evaluations.py", line 516, in eval_kernel_against_ref\n    kernel_exec_result = run_and_check_correctness(\n  File "/cpfs01/shared/llm_kernel/hujiakai/KernelLLM/validation_api_server/helpers/evaluations.py", line 713, in run_and_check_correctness\n    model_new = new_model_instance.cuda(device=device)\nAttributeError: \'ModelNew\' object has no attribute \'cuda\'\n', 'runtime_error_name': 'builtins.AttributeError', 'reference_timing_ms': 0.301, 'speed_up': -1.0, 'custom_timing': -1.0}, 'runtime': -1.0, 'runtime_stats': {}}}
2025-08-08 03:15:42,124 - openevolve.threaded_parallel - INFO - Checkpoint interval reached at iteration 3
2025-08-08 03:15:42,125 - openevolve.database - INFO - Island Status:
2025-08-08 03:15:42,125 - openevolve.database - INFO -    Island 0: 4 programs, best=20.0000, avg=10.0000, diversity=543.37, gen=2 (best: 5092794b-55d3-42db-bdae-6d6e05c20435)
2025-08-08 03:15:42,125 - openevolve.database - INFO -  * Island 1: 1 programs, best=10.0000, avg=10.0000, diversity=0.00, gen=2 (best: ef45e62d-5233-4157-bed7-c4d86255f64a)
2025-08-08 03:15:42,125 - openevolve.database - INFO -    Island 2: 1 programs, best=10.0000, avg=10.0000, diversity=0.00, gen=1 (best: f8b69d54-2d98-43e8-90c0-b752b9d6cb7f)
2025-08-08 03:15:42,195 - openevolve.database - INFO - Saved database with 6 programs to openevolve_output/level3_6_GoogleNetInceptionModule/checkpoints/checkpoint_3
2025-08-08 03:15:42,211 - openevolve.controller - INFO - Saved best program at checkpoint 3 with metrics: compiled=1.0000, correctness=1.0000, stage=success, passed=0.0000, score=20.0000, speed_up=0.0100, runtime_ms=28.8000, meta={'hardware': 'NVIDIA L20Y', 'device': 'cuda:2', 'correctness_trials': '(5 / 5)', 'reference_timing_ms': 0.301, 'speed_up': 0.01, 'custom_timing': 28.8}
2025-08-08 03:15:42,211 - openevolve.controller - INFO - Saved checkpoint at iteration 3 to openevolve_output/level3_6_GoogleNetInceptionModule/checkpoints/checkpoint_3
2025-08-08 03:18:00,578 - openevolve.RemoteSpeedupEvaluator - INFO - [level3_6_GoogleNetInceptionModule] triton key words check pass
2025-08-08 03:18:00,580 - openevolve.RemoteSpeedupEvaluator - INFO - [level3_6_GoogleNetInceptionModule] verify_plus payload: reference_code(2413 chars) + custom_code(5320 chars)
2025-08-08 03:18:04,752 - openevolve.RemoteSpeedupEvaluator - INFO - [level3_6_GoogleNetInceptionModule] verify_plus request success
2025-08-08 03:18:04,752 - openevolve.RemoteSpeedupEvaluator - INFO - [level3_6_GoogleNetInceptionModule] verify_plus response: {"id":"level3_6_GoogleNetInceptionModule","result":{"compiled":true,"correctness":false,"metadata":{"hardware":"NVIDIA L20Y","device":"cuda:6","runtime_error":"Traceback (most recent call last):\n  File \"/home/lijiaxing/.conda/envs/api/lib/python3.10/site-packages/triton/language/core.py\", line 42, in wrapper\n    return fn(*args, **kwargs)\n  File \"/home/lijiaxing/.conda/envs/api/lib/python3.10/site-packages/triton/language/core.py\", line 2045, in dot\n    return _semantic.dot(input, other, acc, input_precision, max_num_imprecise_acc, out_dtype)\n  File \"/home/lijiaxing/.conda/envs/api/lib/python3.10/site-packages/triton/language/semantic.py\", line 1504, in dot\n    and rhs.shape[-1].value >= min_dot_size[1], \\\nAssertionError: Input shapes should have M >= 16, N >= 16 and K >= 16\
2025-08-08 03:18:04,752 - openevolve.RemoteSpeedupEvaluator - INFO - [level3_6_GoogleNetInceptionModule] âœ˜ wrong_answer
2025-08-08 03:18:04,753 - openevolve.evaluator - INFO - Evaluated program f43e5d8a-27e6-496d-a39f-5426c3063d77 in 4.17s: compiled=1.0000, correctness=0.0000, score=10.0000, stage=wrong_answer, verify_payload={'id': 'level3_6_GoogleNetInceptionModule', 'result': {'compiled': True, 'correctness': False, 'metadata': {'hardware': 'NVIDIA L20Y', 'device': 'cuda:6', 'runtime_error': 'Traceback (most recent call last):\n  File "/home/lijiaxing/.conda/envs/api/lib/python3.10/site-packages/triton/language/core.py", line 42, in wrapper\n    return fn(*args, **kwargs)\n  File "/home/lijiaxing/.conda/envs/api/lib/python3.10/site-packages/triton/language/core.py", line 2045, in dot\n    return _semantic.dot(input, other, acc, input_precision, max_num_imprecise_acc, out_dtype)\n  File "/home/lijiaxing/.conda/envs/api/lib/python3.10/site-packages/triton/language/semantic.py", line 1504, in dot\n    and rhs.shape[-1].value >= min_dot_size[1], \\\nAssertionError: Input shapes should have M >= 16, N >= 16 and K >= 16\n\nThe above exception was the direct cause of the following exception:\n\nTraceback (most recent call last):\n  File "/cpfs01/shared/llm_kernel/hujiakai/KernelLLM/validation_api_server/helpers/evaluations.py", line 720, in run_and_check_correctness\n    output_new = model_new(*inputs)\n  File "/home/lijiaxing/.conda/envs/api/lib/python3.10/site-packages/torch/nn/modules/module.py", line 1773, in _wrapped_call_impl\n    return self._call_impl(*args, **kwargs)\n  File "/home/lijiaxing/.conda/envs/api/lib/python3.10/site-packages/torch/nn/modules/module.py", line 1784, in _call_impl\n    return forward_call(*args, **kwargs)\n  File "/tmp/tmpzs2dmba6.py", line 119, in forward\n    branch1x1 = conv1x1_triton(x, self.weight_1x1.squeeze(-1).squeeze(-1), self.bias_1x1)\n  File "/tmp/tmpzs2dmba6.py", line 76, in conv1x1_triton\n    conv1x1_kernel[grid](\n  File "/home/lijiaxing/.conda/envs/api/lib/python3.10/site-packages/triton/runtime/jit.py", line 390, in <lambda>\n    return lambda *args, **kwargs: self.run(grid=grid, warmup=False, *args, **kwargs)\n  File "/home/lijiaxing/.conda/envs/api/lib/python3.10/site-packages/triton/runtime/jit.py", line 594, in run\n    kernel = self.compile(src, target=target, options=options.__dict__)\n  File "/home/lijiaxing/.conda/envs/api/lib/python3.10/site-packages/triton/compiler/compiler.py", line 339, in compile\n    module = src.make_ir(options, codegen_fns, module_map, context)\n  File "/home/lijiaxing/.conda/envs/api/lib/python3.10/site-packages/triton/compiler/compiler.py", line 83, in make_ir\n    return ast_to_ttir(self.fn, self, context=context, options=options, codegen_fns=codegen_fns,\ntriton.compiler.errors.CompilationError: at 45:22:\n            ic_mask = ic_offsets < in_channels\n\n            # Load input block\n            x_vals = tl.load(base_x + ic_offsets * stride_x_c, mask=ic_mask, other=0.0)\n\n            # Load weight block\n            weight_ptrs = weight_ptr + oc_offsets[:, None] * stride_weight_oc + ic_offsets[None, :] * stride_weight_ic\n            w_block = tl.load(weight_ptrs, mask=oc_mask[:, None] & ic_mask[None, :], other=0.0)\n\n            # Compute partial dot product using tensor cores\n            x_vec = tl.reshape(x_vals, (BLOCK_SIZE_IC, 1))\n            product = tl.dot(w_block, x_vec, allow_tf32=True)\n                      ^\n\n\nThe above exception was the direct cause of the following exception:\n\nTraceback (most recent call last):\n  File "/home/lijiaxing/.conda/envs/api/lib/python3.10/site-packages/triton/language/core.py", line 42, in wrapper\n    return fn(*args, **kwargs)\n  File "/home/lijiaxing/.conda/envs/api/lib/python3.10/site-packages/triton/language/core.py", line 2045, in dot\n    return _semantic.dot(input, other, acc, input_precision, max_num_imprecise_acc, out_dtype)\n  File "/home/lijiaxing/.conda/envs/api/lib/python3.10/site-packages/triton/language/semantic.py", line 1504, in dot\n    and rhs.shape[-1].value >= min_dot_size[1], \\\nAssertionError: Input shapes should have M >= 16, N >= 16 and K >= 16\n', 'runtime_error_name': 'triton.compiler.errors.CompilationError', 'reference_timing_ms': 0.301, 'speed_up': -1.0, 'custom_timing': -1.0}, 'runtime': -1.0, 'runtime_stats': {}}}
2025-08-08 03:18:04,756 - openevolve.llm.ensemble - INFO - Sampled model: deepseek
2025-08-08 03:18:04,760 - openevolve.database - INFO - New MAP-Elites cell occupied: {'score': 9, 'complexity': 8}
2025-08-08 03:18:04,790 - openevolve.threaded_parallel - INFO - Iteration 4: Program f43e5d8a-27e6-496d-a39f-5426c3063d77 (parent: 5092794b-55d3-42db-bdae-6d6e05c20435) completed in 739.03s
2025-08-08 03:18:04,790 - openevolve.threaded_parallel - INFO - Metrics: compiled=1.0000, correctness=0.0000, score=10.0000, stage=wrong_answer, verify_payload={'id': 'level3_6_GoogleNetInceptionModule', 'result': {'compiled': True, 'correctness': False, 'metadata': {'hardware': 'NVIDIA L20Y', 'device': 'cuda:6', 'runtime_error': 'Traceback (most recent call last):\n  File "/home/lijiaxing/.conda/envs/api/lib/python3.10/site-packages/triton/language/core.py", line 42, in wrapper\n    return fn(*args, **kwargs)\n  File "/home/lijiaxing/.conda/envs/api/lib/python3.10/site-packages/triton/language/core.py", line 2045, in dot\n    return _semantic.dot(input, other, acc, input_precision, max_num_imprecise_acc, out_dtype)\n  File "/home/lijiaxing/.conda/envs/api/lib/python3.10/site-packages/triton/language/semantic.py", line 1504, in dot\n    and rhs.shape[-1].value >= min_dot_size[1], \\\nAssertionError: Input shapes should have M >= 16, N >= 16 and K >= 16\n\nThe above exception was the direct cause of the following exception:\n\nTraceback (most recent call last):\n  File "/cpfs01/shared/llm_kernel/hujiakai/KernelLLM/validation_api_server/helpers/evaluations.py", line 720, in run_and_check_correctness\n    output_new = model_new(*inputs)\n  File "/home/lijiaxing/.conda/envs/api/lib/python3.10/site-packages/torch/nn/modules/module.py", line 1773, in _wrapped_call_impl\n    return self._call_impl(*args, **kwargs)\n  File "/home/lijiaxing/.conda/envs/api/lib/python3.10/site-packages/torch/nn/modules/module.py", line 1784, in _call_impl\n    return forward_call(*args, **kwargs)\n  File "/tmp/tmpzs2dmba6.py", line 119, in forward\n    branch1x1 = conv1x1_triton(x, self.weight_1x1.squeeze(-1).squeeze(-1), self.bias_1x1)\n  File "/tmp/tmpzs2dmba6.py", line 76, in conv1x1_triton\n    conv1x1_kernel[grid](\n  File "/home/lijiaxing/.conda/envs/api/lib/python3.10/site-packages/triton/runtime/jit.py", line 390, in <lambda>\n    return lambda *args, **kwargs: self.run(grid=grid, warmup=False, *args, **kwargs)\n  File "/home/lijiaxing/.conda/envs/api/lib/python3.10/site-packages/triton/runtime/jit.py", line 594, in run\n    kernel = self.compile(src, target=target, options=options.__dict__)\n  File "/home/lijiaxing/.conda/envs/api/lib/python3.10/site-packages/triton/compiler/compiler.py", line 339, in compile\n    module = src.make_ir(options, codegen_fns, module_map, context)\n  File "/home/lijiaxing/.conda/envs/api/lib/python3.10/site-packages/triton/compiler/compiler.py", line 83, in make_ir\n    return ast_to_ttir(self.fn, self, context=context, options=options, codegen_fns=codegen_fns,\ntriton.compiler.errors.CompilationError: at 45:22:\n            ic_mask = ic_offsets < in_channels\n\n            # Load input block\n            x_vals = tl.load(base_x + ic_offsets * stride_x_c, mask=ic_mask, other=0.0)\n\n            # Load weight block\n            weight_ptrs = weight_ptr + oc_offsets[:, None] * stride_weight_oc + ic_offsets[None, :] * stride_weight_ic\n            w_block = tl.load(weight_ptrs, mask=oc_mask[:, None] & ic_mask[None, :], other=0.0)\n\n            # Compute partial dot product using tensor cores\n            x_vec = tl.reshape(x_vals, (BLOCK_SIZE_IC, 1))\n            product = tl.dot(w_block, x_vec, allow_tf32=True)\n                      ^\n\n\nThe above exception was the direct cause of the following exception:\n\nTraceback (most recent call last):\n  File "/home/lijiaxing/.conda/envs/api/lib/python3.10/site-packages/triton/language/core.py", line 42, in wrapper\n    return fn(*args, **kwargs)\n  File "/home/lijiaxing/.conda/envs/api/lib/python3.10/site-packages/triton/language/core.py", line 2045, in dot\n    return _semantic.dot(input, other, acc, input_precision, max_num_imprecise_acc, out_dtype)\n  File "/home/lijiaxing/.conda/envs/api/lib/python3.10/site-packages/triton/language/semantic.py", line 1504, in dot\n    and rhs.shape[-1].value >= min_dot_size[1], \\\nAssertionError: Input shapes should have M >= 16, N >= 16 and K >= 16\n', 'runtime_error_name': 'triton.compiler.errors.CompilationError', 'reference_timing_ms': 0.301, 'speed_up': -1.0, 'custom_timing': -1.0}, 'runtime': -1.0, 'runtime_stats': {}}}
2025-08-08 03:21:17,111 - openevolve.RemoteSpeedupEvaluator - INFO - [level3_6_GoogleNetInceptionModule] triton key words check pass
2025-08-08 03:21:17,113 - openevolve.RemoteSpeedupEvaluator - INFO - [level3_6_GoogleNetInceptionModule] verify_plus payload: reference_code(2413 chars) + custom_code(4879 chars)
2025-08-08 03:21:30,385 - openevolve.RemoteSpeedupEvaluator - INFO - [level3_6_GoogleNetInceptionModule] verify_plus request success
2025-08-08 03:21:30,385 - openevolve.RemoteSpeedupEvaluator - INFO - [level3_6_GoogleNetInceptionModule] verify_plus response: {"id":"level3_6_GoogleNetInceptionModule","result":{"compiled":true,"correctness":true,"metadata":{"hardware":"NVIDIA L20Y","device":"cuda:3","correctness_trials":"(5 / 5)","reference_timing_ms":0.301,"speed_up":0.01,"custom_timing":28.8},"runtime":28.8,"runtime_stats":{"mean":28.8,"std":0.0891,"min":28.7,"max":29.0,"num_trials":100,"hardware":"NVIDIA L20Y","device":"cuda:3"}}}
2025-08-08 03:21:30,385 - openevolve.RemoteSpeedupEvaluator - INFO - [level3_6_GoogleNetInceptionModule] âœ” success | speed_up=0.010  score=20.00
2025-08-08 03:21:30,386 - openevolve.evaluator - INFO - Evaluated program f68abc8a-9219-4931-bf3e-2226d5936301 in 13.28s: compiled=1.0000, correctness=1.0000, stage=success, passed=0.0000, score=20.0000, speed_up=0.0100, runtime_ms=28.8000, meta={'hardware': 'NVIDIA L20Y', 'device': 'cuda:3', 'correctness_trials': '(5 / 5)', 'reference_timing_ms': 0.301, 'speed_up': 0.01, 'custom_timing': 28.8}
2025-08-08 03:21:30,389 - openevolve.llm.ensemble - INFO - Sampled model: deepseek
2025-08-08 03:21:30,391 - openevolve.database - INFO - MAP-Elites cell improved: {'score': 9, 'complexity': 7} (fitness: 10.000 -> 20.000)
2025-08-08 03:21:30,404 - openevolve.threaded_parallel - INFO - Iteration 7: Program f68abc8a-9219-4931-bf3e-2226d5936301 (parent: b6dcfbf5-4684-4ec2-92c1-da7ff60fc74b) completed in 348.28s
2025-08-08 03:21:30,404 - openevolve.threaded_parallel - INFO - Metrics: compiled=1.0000, correctness=1.0000, stage=success, passed=0.0000, score=20.0000, speed_up=0.0100, runtime_ms=28.8000, meta={'hardware': 'NVIDIA L20Y', 'device': 'cuda:3', 'correctness_trials': '(5 / 5)', 'reference_timing_ms': 0.301, 'speed_up': 0.01, 'custom_timing': 28.8}
2025-08-08 03:24:48,145 - openevolve.RemoteSpeedupEvaluator - INFO - [level3_6_GoogleNetInceptionModule] âœ˜ invalid_answer 'import triton' is not found
2025-08-08 03:24:48,147 - openevolve.evaluator - INFO - Evaluated program 7d9d7726-15a7-452f-9add-c36f030a4bad in 0.00s: compiled=0.0000, correctness=0.0000, score=-100.0000, stage=no_valid_triton_code, feedback=You need to generate real and valid triton code for the core function. The key word 'import triton' is not found.
2025-08-08 03:24:48,150 - openevolve.database - INFO - New MAP-Elites cell occupied: {'score': -1000, 'complexity': 0}
2025-08-08 03:24:48,151 - openevolve.llm.ensemble - INFO - Sampled model: deepseek
2025-08-08 03:24:48,157 - openevolve.threaded_parallel - INFO - Iteration 6: Program 7d9d7726-15a7-452f-9add-c36f030a4bad (parent: 5092794b-55d3-42db-bdae-6d6e05c20435) completed in 597.16s
2025-08-08 03:24:48,157 - openevolve.threaded_parallel - INFO - Metrics: compiled=0.0000, correctness=0.0000, score=-100.0000, stage=no_valid_triton_code, feedback=You need to generate real and valid triton code for the core function. The key word 'import triton' is not found.
2025-08-08 03:24:48,157 - openevolve.threaded_parallel - INFO - Checkpoint interval reached at iteration 6
2025-08-08 03:24:48,158 - openevolve.database - INFO - Island Status:
2025-08-08 03:24:48,158 - openevolve.database - INFO -    Island 0: 5 programs, best=20.0000, avg=-12.0000, diversity=854.03, gen=3 (best: 5092794b-55d3-42db-bdae-6d6e05c20435)
2025-08-08 03:24:48,159 - openevolve.database - INFO -  * Island 1: 2 programs, best=10.0000, avg=10.0000, diversity=173.50, gen=3 (best: ef45e62d-5233-4157-bed7-c4d86255f64a)
2025-08-08 03:24:48,159 - openevolve.database - INFO -    Island 2: 2 programs, best=20.0000, avg=15.0000, diversity=125.70, gen=2 (best: f68abc8a-9219-4931-bf3e-2226d5936301)
2025-08-08 03:24:48,270 - openevolve.database - INFO - Saved database with 9 programs to openevolve_output/level3_6_GoogleNetInceptionModule/checkpoints/checkpoint_6
2025-08-08 03:24:48,286 - openevolve.controller - INFO - Saved best program at checkpoint 6 with metrics: compiled=1.0000, correctness=1.0000, stage=success, passed=0.0000, score=20.0000, speed_up=0.0100, runtime_ms=28.8000, meta={'hardware': 'NVIDIA L20Y', 'device': 'cuda:2', 'correctness_trials': '(5 / 5)', 'reference_timing_ms': 0.301, 'speed_up': 0.01, 'custom_timing': 28.8}
2025-08-08 03:24:48,286 - openevolve.controller - INFO - Saved checkpoint at iteration 6 to openevolve_output/level3_6_GoogleNetInceptionModule/checkpoints/checkpoint_6
2025-08-08 03:26:52,783 - openevolve.RemoteSpeedupEvaluator - INFO - [level3_6_GoogleNetInceptionModule] triton key words check pass
2025-08-08 03:26:52,785 - openevolve.RemoteSpeedupEvaluator - INFO - [level3_6_GoogleNetInceptionModule] verify_plus payload: reference_code(2413 chars) + custom_code(5653 chars)
2025-08-08 03:26:57,133 - openevolve.RemoteSpeedupEvaluator - INFO - [level3_6_GoogleNetInceptionModule] verify_plus request success
2025-08-08 03:26:57,133 - openevolve.RemoteSpeedupEvaluator - INFO - [level3_6_GoogleNetInceptionModule] verify_plus response: {"id":"level3_6_GoogleNetInceptionModule","result":{"compiled":true,"correctness":false,"metadata":{"hardware":"NVIDIA L20Y","device":"cuda:1","runtime_error":"Traceback (most recent call last):\n  File \"/home/lijiaxing/.conda/envs/api/lib/python3.10/site-packages/triton/language/core.py\", line 42, in wrapper\n    return fn(*args, **kwargs)\n  File \"/home/lijiaxing/.conda/envs/api/lib/python3.10/site-packages/triton/language/core.py\", line 2045, in dot\n    return _semantic.dot(input, other, acc, input_precision, max_num_imprecise_acc, out_dtype)\n  File \"/home/lijiaxing/.conda/envs/api/lib/python3.10/site-packages/triton/language/semantic.py\", line 1497, in dot\n    assert lhs_rank == rhs_rank == 2 or lhs_rank == rhs_rank == 3, f\"Both inputs must be either 2D or 3D; (lhs: {lhs.shap
2025-08-08 03:26:57,133 - openevolve.RemoteSpeedupEvaluator - INFO - [level3_6_GoogleNetInceptionModule] âœ˜ wrong_answer
2025-08-08 03:26:57,134 - openevolve.evaluator - INFO - Evaluated program 800a0288-02fe-4386-b07d-593d03a060c3 in 4.35s: compiled=1.0000, correctness=0.0000, score=10.0000, stage=wrong_answer, verify_payload={'id': 'level3_6_GoogleNetInceptionModule', 'result': {'compiled': True, 'correctness': False, 'metadata': {'hardware': 'NVIDIA L20Y', 'device': 'cuda:1', 'runtime_error': 'Traceback (most recent call last):\n  File "/home/lijiaxing/.conda/envs/api/lib/python3.10/site-packages/triton/language/core.py", line 42, in wrapper\n    return fn(*args, **kwargs)\n  File "/home/lijiaxing/.conda/envs/api/lib/python3.10/site-packages/triton/language/core.py", line 2045, in dot\n    return _semantic.dot(input, other, acc, input_precision, max_num_imprecise_acc, out_dtype)\n  File "/home/lijiaxing/.conda/envs/api/lib/python3.10/site-packages/triton/language/semantic.py", line 1497, in dot\n    assert lhs_rank == rhs_rank == 2 or lhs_rank == rhs_rank == 3, f"Both inputs must be either 2D or 3D; (lhs: {lhs.shape} vs rhs: {rhs.shape})"\nAssertionError: Both inputs must be either 2D or 3D; (lhs: [\'constexpr[128]\', \'constexpr[64]\'] vs rhs: [\'constexpr[64]\'])\n\nThe above exception was the direct cause of the following exception:\n\nTraceback (most recent call last):\n  File "/cpfs01/shared/llm_kernel/hujiakai/KernelLLM/validation_api_server/helpers/evaluations.py", line 720, in run_and_check_correctness\n    output_new = model_new(*inputs)\n  File "/home/lijiaxing/.conda/envs/api/lib/python3.10/site-packages/torch/nn/modules/module.py", line 1773, in _wrapped_call_impl\n    return self._call_impl(*args, **kwargs)\n  File "/home/lijiaxing/.conda/envs/api/lib/python3.10/site-packages/torch/nn/modules/module.py", line 1784, in _call_impl\n    return forward_call(*args, **kwargs)\n  File "/tmp/tmpu4jdq75j.py", line 123, in forward\n    branch1x1 = conv1x1_triton(x, self.weight_1x1.squeeze(-1).squeeze(-1), self.bias_1x1)\n  File "/tmp/tmpu4jdq75j.py", line 82, in conv1x1_triton\n    conv1x1_kernel[grid](\n  File "/home/lijiaxing/.conda/envs/api/lib/python3.10/site-packages/triton/runtime/jit.py", line 390, in <lambda>\n    return lambda *args, **kwargs: self.run(grid=grid, warmup=False, *args, **kwargs)\n  File "/home/lijiaxing/.conda/envs/api/lib/python3.10/site-packages/triton/runtime/autotuner.py", line 239, in run\n    benchmark()\n  File "/home/lijiaxing/.conda/envs/api/lib/python3.10/site-packages/triton/runtime/autotuner.py", line 228, in benchmark\n    timings = {config: self._bench(*args, config=config, **kwargs) for config in pruned_configs}\n  File "/home/lijiaxing/.conda/envs/api/lib/python3.10/site-packages/triton/runtime/autotuner.py", line 228, in <dictcomp>\n    timings = {config: self._bench(*args, config=config, **kwargs) for config in pruned_configs}\n  File "/home/lijiaxing/.conda/envs/api/lib/python3.10/site-packages/triton/runtime/autotuner.py", line 160, in _bench\n    return self.do_bench(kernel_call, quantiles=(0.5, 0.2, 0.8))\n  File "/home/lijiaxing/.conda/envs/api/lib/python3.10/site-packages/triton/testing.py", line 149, in do_bench\n    fn()\n  File "/home/lijiaxing/.conda/envs/api/lib/python3.10/site-packages/triton/runtime/autotuner.py", line 146, in kernel_call\n    self.fn.run(\n  File "/home/lijiaxing/.conda/envs/api/lib/python3.10/site-packages/triton/runtime/jit.py", line 594, in run\n    kernel = self.compile(src, target=target, options=options.__dict__)\n  File "/home/lijiaxing/.conda/envs/api/lib/python3.10/site-packages/triton/compiler/compiler.py", line 339, in compile\n    module = src.make_ir(options, codegen_fns, module_map, context)\n  File "/home/lijiaxing/.conda/envs/api/lib/python3.10/site-packages/triton/compiler/compiler.py", line 83, in make_ir\n    return ast_to_ttir(self.fn, self, context=context, options=options, codegen_fns=codegen_fns,\ntriton.compiler.errors.CompilationError: at 44:19:\n            ic_offsets = ic_block_start + tl.arange(0, BLOCK_SIZE_IC)\n            ic_mask = ic_offsets < in_channels\n\n            # Vectorized load for input block\n            x_vals = tl.load(base_x + ic_offsets * stride_x_c, mask=ic_mask, other=0.0)\n\n            # Load weight block with coalesced access\n            weight_ptrs = weight_ptr + oc_offsets[:, None] * stride_weight_oc + ic_offsets[None, :] * stride_weight_ic\n            w_block = tl.load(weight_ptrs, mask=oc_mask[:, None] & ic_mask[None, :], other=0.0)\n\n            # Tensor core accelerated matrix multiplication\n            acc += tl.dot(w_block, x_vals, allow_tf32=True)\n                   ^\n\n\nThe above exception was the direct cause of the following exception:\n\nTraceback (most recent call last):\n  File "/home/lijiaxing/.conda/envs/api/lib/python3.10/site-packages/triton/language/core.py", line 42, in wrapper\n    return fn(*args, **kwargs)\n  File "/home/lijiaxing/.conda/envs/api/lib/python3.10/site-packages/triton/language/core.py", line 2045, in dot\n    return _semantic.dot(input, other, acc, input_precision, max_num_imprecise_acc, out_dtype)\n  File "/home/lijiaxing/.conda/envs/api/lib/python3.10/site-packages/triton/language/semantic.py", line 1497, in dot\n    assert lhs_rank == rhs_rank == 2 or lhs_rank == rhs_rank == 3, f"Both inputs must be either 2D or 3D; (lhs: {lhs.shape} vs rhs: {rhs.shape})"\nAssertionError: Both inputs must be either 2D or 3D; (lhs: [\'constexpr[128]\', \'constexpr[64]\'] vs rhs: [\'constexpr[64]\'])\n', 'runtime_error_name': 'triton.compiler.errors.CompilationError', 'reference_timing_ms': 0.301, 'speed_up': -1.0, 'custom_timing': -1.0}, 'runtime': -1.0, 'runtime_stats': {}}}
2025-08-08 03:26:57,137 - openevolve.llm.ensemble - INFO - Sampled model: deepseek
2025-08-08 03:26:57,150 - openevolve.threaded_parallel - INFO - Iteration 9: Program 800a0288-02fe-4386-b07d-593d03a060c3 (parent: f8b69d54-2d98-43e8-90c0-b752b9d6cb7f) completed in 326.75s
2025-08-08 03:26:57,150 - openevolve.threaded_parallel - INFO - Metrics: compiled=1.0000, correctness=0.0000, score=10.0000, stage=wrong_answer, verify_payload={'id': 'level3_6_GoogleNetInceptionModule', 'result': {'compiled': True, 'correctness': False, 'metadata': {'hardware': 'NVIDIA L20Y', 'device': 'cuda:1', 'runtime_error': 'Traceback (most recent call last):\n  File "/home/lijiaxing/.conda/envs/api/lib/python3.10/site-packages/triton/language/core.py", line 42, in wrapper\n    return fn(*args, **kwargs)\n  File "/home/lijiaxing/.conda/envs/api/lib/python3.10/site-packages/triton/language/core.py", line 2045, in dot\n    return _semantic.dot(input, other, acc, input_precision, max_num_imprecise_acc, out_dtype)\n  File "/home/lijiaxing/.conda/envs/api/lib/python3.10/site-packages/triton/language/semantic.py", line 1497, in dot\n    assert lhs_rank == rhs_rank == 2 or lhs_rank == rhs_rank == 3, f"Both inputs must be either 2D or 3D; (lhs: {lhs.shape} vs rhs: {rhs.shape})"\nAssertionError: Both inputs must be either 2D or 3D; (lhs: [\'constexpr[128]\', \'constexpr[64]\'] vs rhs: [\'constexpr[64]\'])\n\nThe above exception was the direct cause of the following exception:\n\nTraceback (most recent call last):\n  File "/cpfs01/shared/llm_kernel/hujiakai/KernelLLM/validation_api_server/helpers/evaluations.py", line 720, in run_and_check_correctness\n    output_new = model_new(*inputs)\n  File "/home/lijiaxing/.conda/envs/api/lib/python3.10/site-packages/torch/nn/modules/module.py", line 1773, in _wrapped_call_impl\n    return self._call_impl(*args, **kwargs)\n  File "/home/lijiaxing/.conda/envs/api/lib/python3.10/site-packages/torch/nn/modules/module.py", line 1784, in _call_impl\n    return forward_call(*args, **kwargs)\n  File "/tmp/tmpu4jdq75j.py", line 123, in forward\n    branch1x1 = conv1x1_triton(x, self.weight_1x1.squeeze(-1).squeeze(-1), self.bias_1x1)\n  File "/tmp/tmpu4jdq75j.py", line 82, in conv1x1_triton\n    conv1x1_kernel[grid](\n  File "/home/lijiaxing/.conda/envs/api/lib/python3.10/site-packages/triton/runtime/jit.py", line 390, in <lambda>\n    return lambda *args, **kwargs: self.run(grid=grid, warmup=False, *args, **kwargs)\n  File "/home/lijiaxing/.conda/envs/api/lib/python3.10/site-packages/triton/runtime/autotuner.py", line 239, in run\n    benchmark()\n  File "/home/lijiaxing/.conda/envs/api/lib/python3.10/site-packages/triton/runtime/autotuner.py", line 228, in benchmark\n    timings = {config: self._bench(*args, config=config, **kwargs) for config in pruned_configs}\n  File "/home/lijiaxing/.conda/envs/api/lib/python3.10/site-packages/triton/runtime/autotuner.py", line 228, in <dictcomp>\n    timings = {config: self._bench(*args, config=config, **kwargs) for config in pruned_configs}\n  File "/home/lijiaxing/.conda/envs/api/lib/python3.10/site-packages/triton/runtime/autotuner.py", line 160, in _bench\n    return self.do_bench(kernel_call, quantiles=(0.5, 0.2, 0.8))\n  File "/home/lijiaxing/.conda/envs/api/lib/python3.10/site-packages/triton/testing.py", line 149, in do_bench\n    fn()\n  File "/home/lijiaxing/.conda/envs/api/lib/python3.10/site-packages/triton/runtime/autotuner.py", line 146, in kernel_call\n    self.fn.run(\n  File "/home/lijiaxing/.conda/envs/api/lib/python3.10/site-packages/triton/runtime/jit.py", line 594, in run\n    kernel = self.compile(src, target=target, options=options.__dict__)\n  File "/home/lijiaxing/.conda/envs/api/lib/python3.10/site-packages/triton/compiler/compiler.py", line 339, in compile\n    module = src.make_ir(options, codegen_fns, module_map, context)\n  File "/home/lijiaxing/.conda/envs/api/lib/python3.10/site-packages/triton/compiler/compiler.py", line 83, in make_ir\n    return ast_to_ttir(self.fn, self, context=context, options=options, codegen_fns=codegen_fns,\ntriton.compiler.errors.CompilationError: at 44:19:\n            ic_offsets = ic_block_start + tl.arange(0, BLOCK_SIZE_IC)\n            ic_mask = ic_offsets < in_channels\n\n            # Vectorized load for input block\n            x_vals = tl.load(base_x + ic_offsets * stride_x_c, mask=ic_mask, other=0.0)\n\n            # Load weight block with coalesced access\n            weight_ptrs = weight_ptr + oc_offsets[:, None] * stride_weight_oc + ic_offsets[None, :] * stride_weight_ic\n            w_block = tl.load(weight_ptrs, mask=oc_mask[:, None] & ic_mask[None, :], other=0.0)\n\n            # Tensor core accelerated matrix multiplication\n            acc += tl.dot(w_block, x_vals, allow_tf32=True)\n                   ^\n\n\nThe above exception was the direct cause of the following exception:\n\nTraceback (most recent call last):\n  File "/home/lijiaxing/.conda/envs/api/lib/python3.10/site-packages/triton/language/core.py", line 42, in wrapper\n    return fn(*args, **kwargs)\n  File "/home/lijiaxing/.conda/envs/api/lib/python3.10/site-packages/triton/language/core.py", line 2045, in dot\n    return _semantic.dot(input, other, acc, input_precision, max_num_imprecise_acc, out_dtype)\n  File "/home/lijiaxing/.conda/envs/api/lib/python3.10/site-packages/triton/language/semantic.py", line 1497, in dot\n    assert lhs_rank == rhs_rank == 2 or lhs_rank == rhs_rank == 3, f"Both inputs must be either 2D or 3D; (lhs: {lhs.shape} vs rhs: {rhs.shape})"\nAssertionError: Both inputs must be either 2D or 3D; (lhs: [\'constexpr[128]\', \'constexpr[64]\'] vs rhs: [\'constexpr[64]\'])\n', 'runtime_error_name': 'triton.compiler.errors.CompilationError', 'reference_timing_ms': 0.301, 'speed_up': -1.0, 'custom_timing': -1.0}, 'runtime': -1.0, 'runtime_stats': {}}}
2025-08-08 03:26:57,150 - openevolve.threaded_parallel - INFO - Checkpoint interval reached at iteration 9
2025-08-08 03:26:57,151 - openevolve.database - INFO - Island Status:
2025-08-08 03:26:57,151 - openevolve.database - INFO -    Island 0: 5 programs, best=20.0000, avg=-12.0000, diversity=854.03, gen=3 (best: 5092794b-55d3-42db-bdae-6d6e05c20435)
2025-08-08 03:26:57,151 - openevolve.database - INFO -    Island 1: 3 programs, best=10.0000, avg=10.0000, diversity=117.87, gen=3 (best: ef45e62d-5233-4157-bed7-c4d86255f64a)
2025-08-08 03:26:57,151 - openevolve.database - INFO -  * Island 2: 2 programs, best=20.0000, avg=15.0000, diversity=125.70, gen=3 (best: f68abc8a-9219-4931-bf3e-2226d5936301)
2025-08-08 03:26:57,267 - openevolve.database - INFO - Saved database with 10 programs to openevolve_output/level3_6_GoogleNetInceptionModule/checkpoints/checkpoint_9
2025-08-08 03:26:57,284 - openevolve.controller - INFO - Saved best program at checkpoint 9 with metrics: compiled=1.0000, correctness=1.0000, stage=success, passed=0.0000, score=20.0000, speed_up=0.0100, runtime_ms=28.8000, meta={'hardware': 'NVIDIA L20Y', 'device': 'cuda:2', 'correctness_trials': '(5 / 5)', 'reference_timing_ms': 0.301, 'speed_up': 0.01, 'custom_timing': 28.8}
2025-08-08 03:26:57,284 - openevolve.controller - INFO - Saved checkpoint at iteration 9 to openevolve_output/level3_6_GoogleNetInceptionModule/checkpoints/checkpoint_9
2025-08-08 03:28:53,441 - openevolve.RemoteSpeedupEvaluator - INFO - [level3_6_GoogleNetInceptionModule] triton key words check pass
2025-08-08 03:28:53,443 - openevolve.RemoteSpeedupEvaluator - INFO - [level3_6_GoogleNetInceptionModule] verify_plus payload: reference_code(2413 chars) + custom_code(5963 chars)
2025-08-08 03:28:59,063 - openevolve.RemoteSpeedupEvaluator - INFO - [level3_6_GoogleNetInceptionModule] verify_plus request success
2025-08-08 03:28:59,064 - openevolve.RemoteSpeedupEvaluator - INFO - [level3_6_GoogleNetInceptionModule] verify_plus response: {"id":"level3_6_GoogleNetInceptionModule","result":{"compiled":true,"correctness":false,"metadata":{"hardware":"NVIDIA L20Y","device":"cuda:5","runtime_error":"Traceback (most recent call last):\n  File \"/cpfs01/shared/llm_kernel/hujiakai/KernelLLM/validation_api_server/helpers/evaluations.py\", line 720, in run_and_check_correctness\n    output_new = model_new(*inputs)\n  File \"/home/lijiaxing/.conda/envs/api/lib/python3.10/site-packages/torch/nn/modules/module.py\", line 1773, in _wrapped_call_impl\n    return self._call_impl(*args, **kwargs)\n  File \"/home/lijiaxing/.conda/envs/api/lib/python3.10/site-packages/torch/nn/modules/module.py\", line 1784, in _call_impl\n    return forward_call(*args, **kwargs)\n  File \"/tmp/tmp_rt98xet.py\", line 139, in forward\n    branch1x1 = self.bra
2025-08-08 03:28:59,064 - openevolve.RemoteSpeedupEvaluator - INFO - [level3_6_GoogleNetInceptionModule] âœ˜ wrong_answer
2025-08-08 03:28:59,064 - openevolve.evaluator - INFO - Evaluated program 0b2e1d5a-fb40-4ad0-bd88-5f34fdede801 in 5.62s: compiled=1.0000, correctness=0.0000, score=10.0000, stage=wrong_answer, verify_payload={'id': 'level3_6_GoogleNetInceptionModule', 'result': {'compiled': True, 'correctness': False, 'metadata': {'hardware': 'NVIDIA L20Y', 'device': 'cuda:5', 'runtime_error': 'Traceback (most recent call last):\n  File "/cpfs01/shared/llm_kernel/hujiakai/KernelLLM/validation_api_server/helpers/evaluations.py", line 720, in run_and_check_correctness\n    output_new = model_new(*inputs)\n  File "/home/lijiaxing/.conda/envs/api/lib/python3.10/site-packages/torch/nn/modules/module.py", line 1773, in _wrapped_call_impl\n    return self._call_impl(*args, **kwargs)\n  File "/home/lijiaxing/.conda/envs/api/lib/python3.10/site-packages/torch/nn/modules/module.py", line 1784, in _call_impl\n    return forward_call(*args, **kwargs)\n  File "/tmp/tmp_rt98xet.py", line 139, in forward\n    branch1x1 = self.branch1x1(x)\n  File "/home/lijiaxing/.conda/envs/api/lib/python3.10/site-packages/torch/nn/modules/module.py", line 1773, in _wrapped_call_impl\n    return self._call_impl(*args, **kwargs)\n  File "/home/lijiaxing/.conda/envs/api/lib/python3.10/site-packages/torch/nn/modules/module.py", line 1784, in _call_impl\n    return forward_call(*args, **kwargs)\n  File "/tmp/tmp_rt98xet.py", line 111, in forward\n    conv1x1_kernel[grid](\n  File "/home/lijiaxing/.conda/envs/api/lib/python3.10/site-packages/triton/runtime/jit.py", line 390, in <lambda>\n    return lambda *args, **kwargs: self.run(grid=grid, warmup=False, *args, **kwargs)\n  File "/home/lijiaxing/.conda/envs/api/lib/python3.10/site-packages/triton/runtime/autotuner.py", line 239, in run\n    benchmark()\n  File "/home/lijiaxing/.conda/envs/api/lib/python3.10/site-packages/triton/runtime/autotuner.py", line 228, in benchmark\n    timings = {config: self._bench(*args, config=config, **kwargs) for config in pruned_configs}\n  File "/home/lijiaxing/.conda/envs/api/lib/python3.10/site-packages/triton/runtime/autotuner.py", line 228, in <dictcomp>\n    timings = {config: self._bench(*args, config=config, **kwargs) for config in pruned_configs}\n  File "/home/lijiaxing/.conda/envs/api/lib/python3.10/site-packages/triton/runtime/autotuner.py", line 160, in _bench\n    return self.do_bench(kernel_call, quantiles=(0.5, 0.2, 0.8))\n  File "/home/lijiaxing/.conda/envs/api/lib/python3.10/site-packages/triton/testing.py", line 149, in do_bench\n    fn()\n  File "/home/lijiaxing/.conda/envs/api/lib/python3.10/site-packages/triton/runtime/autotuner.py", line 146, in kernel_call\n    self.fn.run(\n  File "/home/lijiaxing/.conda/envs/api/lib/python3.10/site-packages/triton/runtime/jit.py", line 610, in run\n    grid = grid(bound_args)\n  File "/tmp/tmp_rt98xet.py", line 106, in <lambda>\n    triton.cdiv(self.out_channels, opt.dkwargs[\'BLOCK_SIZE_C\']),\nAttributeError: \'dict\' object has no attribute \'dkwargs\'\n', 'runtime_error_name': 'builtins.AttributeError', 'reference_timing_ms': 0.301, 'speed_up': -1.0, 'custom_timing': -1.0}, 'runtime': -1.0, 'runtime_stats': {}}}
2025-08-08 03:28:59,067 - openevolve.llm.ensemble - INFO - Sampled model: deepseek
2025-08-08 03:28:59,076 - openevolve.threaded_parallel - INFO - Iteration 8: Program 0b2e1d5a-fb40-4ad0-bd88-5f34fdede801 (parent: ef45e62d-5233-4157-bed7-c4d86255f64a) completed in 654.31s
2025-08-08 03:28:59,076 - openevolve.threaded_parallel - INFO - Metrics: compiled=1.0000, correctness=0.0000, score=10.0000, stage=wrong_answer, verify_payload={'id': 'level3_6_GoogleNetInceptionModule', 'result': {'compiled': True, 'correctness': False, 'metadata': {'hardware': 'NVIDIA L20Y', 'device': 'cuda:5', 'runtime_error': 'Traceback (most recent call last):\n  File "/cpfs01/shared/llm_kernel/hujiakai/KernelLLM/validation_api_server/helpers/evaluations.py", line 720, in run_and_check_correctness\n    output_new = model_new(*inputs)\n  File "/home/lijiaxing/.conda/envs/api/lib/python3.10/site-packages/torch/nn/modules/module.py", line 1773, in _wrapped_call_impl\n    return self._call_impl(*args, **kwargs)\n  File "/home/lijiaxing/.conda/envs/api/lib/python3.10/site-packages/torch/nn/modules/module.py", line 1784, in _call_impl\n    return forward_call(*args, **kwargs)\n  File "/tmp/tmp_rt98xet.py", line 139, in forward\n    branch1x1 = self.branch1x1(x)\n  File "/home/lijiaxing/.conda/envs/api/lib/python3.10/site-packages/torch/nn/modules/module.py", line 1773, in _wrapped_call_impl\n    return self._call_impl(*args, **kwargs)\n  File "/home/lijiaxing/.conda/envs/api/lib/python3.10/site-packages/torch/nn/modules/module.py", line 1784, in _call_impl\n    return forward_call(*args, **kwargs)\n  File "/tmp/tmp_rt98xet.py", line 111, in forward\n    conv1x1_kernel[grid](\n  File "/home/lijiaxing/.conda/envs/api/lib/python3.10/site-packages/triton/runtime/jit.py", line 390, in <lambda>\n    return lambda *args, **kwargs: self.run(grid=grid, warmup=False, *args, **kwargs)\n  File "/home/lijiaxing/.conda/envs/api/lib/python3.10/site-packages/triton/runtime/autotuner.py", line 239, in run\n    benchmark()\n  File "/home/lijiaxing/.conda/envs/api/lib/python3.10/site-packages/triton/runtime/autotuner.py", line 228, in benchmark\n    timings = {config: self._bench(*args, config=config, **kwargs) for config in pruned_configs}\n  File "/home/lijiaxing/.conda/envs/api/lib/python3.10/site-packages/triton/runtime/autotuner.py", line 228, in <dictcomp>\n    timings = {config: self._bench(*args, config=config, **kwargs) for config in pruned_configs}\n  File "/home/lijiaxing/.conda/envs/api/lib/python3.10/site-packages/triton/runtime/autotuner.py", line 160, in _bench\n    return self.do_bench(kernel_call, quantiles=(0.5, 0.2, 0.8))\n  File "/home/lijiaxing/.conda/envs/api/lib/python3.10/site-packages/triton/testing.py", line 149, in do_bench\n    fn()\n  File "/home/lijiaxing/.conda/envs/api/lib/python3.10/site-packages/triton/runtime/autotuner.py", line 146, in kernel_call\n    self.fn.run(\n  File "/home/lijiaxing/.conda/envs/api/lib/python3.10/site-packages/triton/runtime/jit.py", line 610, in run\n    grid = grid(bound_args)\n  File "/tmp/tmp_rt98xet.py", line 106, in <lambda>\n    triton.cdiv(self.out_channels, opt.dkwargs[\'BLOCK_SIZE_C\']),\nAttributeError: \'dict\' object has no attribute \'dkwargs\'\n', 'runtime_error_name': 'builtins.AttributeError', 'reference_timing_ms': 0.301, 'speed_up': -1.0, 'custom_timing': -1.0}, 'runtime': -1.0, 'runtime_stats': {}}}
2025-08-08 03:31:39,334 - openevolve.RemoteSpeedupEvaluator - INFO - [level3_6_GoogleNetInceptionModule] triton key words check pass
2025-08-08 03:31:39,336 - openevolve.RemoteSpeedupEvaluator - INFO - [level3_6_GoogleNetInceptionModule] verify_plus payload: reference_code(2413 chars) + custom_code(5122 chars)
2025-08-08 03:31:52,606 - openevolve.RemoteSpeedupEvaluator - INFO - [level3_6_GoogleNetInceptionModule] verify_plus request success
2025-08-08 03:31:52,607 - openevolve.RemoteSpeedupEvaluator - INFO - [level3_6_GoogleNetInceptionModule] verify_plus response: {"id":"level3_6_GoogleNetInceptionModule","result":{"compiled":true,"correctness":true,"metadata":{"hardware":"NVIDIA L20Y","device":"cuda:5","correctness_trials":"(5 / 5)","reference_timing_ms":0.301,"speed_up":0.01,"custom_timing":29.0},"runtime":29.0,"runtime_stats":{"mean":29.0,"std":0.0419,"min":28.9,"max":29.2,"num_trials":100,"hardware":"NVIDIA L20Y","device":"cuda:5"}}}
2025-08-08 03:31:52,607 - openevolve.RemoteSpeedupEvaluator - INFO - [level3_6_GoogleNetInceptionModule] âœ” success | speed_up=0.010  score=20.00
2025-08-08 03:31:52,607 - openevolve.evaluator - INFO - Evaluated program eed7ed66-4bbe-4976-bb88-6e986eafc92e in 13.27s: compiled=1.0000, correctness=1.0000, stage=success, passed=0.0000, score=20.0000, speed_up=0.0100, runtime_ms=29.0000, meta={'hardware': 'NVIDIA L20Y', 'device': 'cuda:5', 'correctness_trials': '(5 / 5)', 'reference_timing_ms': 0.301, 'speed_up': 0.01, 'custom_timing': 29.0}
2025-08-08 03:31:52,612 - openevolve.llm.ensemble - INFO - Sampled model: deepseek
2025-08-08 03:31:52,617 - openevolve.database - INFO - MAP-Elites cell improved: {'score': 9, 'complexity': 8} (fitness: 10.000 -> 20.000)
2025-08-08 03:31:52,630 - openevolve.threaded_parallel - INFO - Iteration 10: Program eed7ed66-4bbe-4976-bb88-6e986eafc92e (parent: b6dcfbf5-4684-4ec2-92c1-da7ff60fc74b) completed in 424.46s
2025-08-08 03:31:52,630 - openevolve.threaded_parallel - INFO - Metrics: compiled=1.0000, correctness=1.0000, stage=success, passed=0.0000, score=20.0000, speed_up=0.0100, runtime_ms=29.0000, meta={'hardware': 'NVIDIA L20Y', 'device': 'cuda:5', 'correctness_trials': '(5 / 5)', 'reference_timing_ms': 0.301, 'speed_up': 0.01, 'custom_timing': 29.0}
2025-08-08 03:33:36,288 - openevolve.RemoteSpeedupEvaluator - INFO - [level3_6_GoogleNetInceptionModule] âœ˜ invalid_answer 'import triton' is not found
2025-08-08 03:33:36,290 - openevolve.evaluator - INFO - Evaluated program 18ea5a44-fd8a-4a1a-b181-c83e3fc80368 in 0.00s: compiled=0.0000, correctness=0.0000, score=-100.0000, stage=no_valid_triton_code, feedback=You need to generate real and valid triton code for the core function. The key word 'import triton' is not found.
2025-08-08 03:33:36,293 - openevolve.llm.ensemble - INFO - Sampled model: deepseek
2025-08-08 03:33:36,302 - openevolve.threaded_parallel - INFO - Iteration 12: Program 18ea5a44-fd8a-4a1a-b181-c83e3fc80368 (parent: f8b69d54-2d98-43e8-90c0-b752b9d6cb7f) completed in 277.22s
2025-08-08 03:33:36,303 - openevolve.threaded_parallel - INFO - Metrics: compiled=0.0000, correctness=0.0000, score=-100.0000, stage=no_valid_triton_code, feedback=You need to generate real and valid triton code for the core function. The key word 'import triton' is not found.
2025-08-08 03:33:36,303 - openevolve.threaded_parallel - INFO - Checkpoint interval reached at iteration 12
2025-08-08 03:33:36,304 - openevolve.database - INFO - Island Status:
2025-08-08 03:33:36,304 - openevolve.database - INFO -    Island 0: 6 programs, best=20.0000, avg=-6.6667, diversity=854.03, gen=4 (best: 5092794b-55d3-42db-bdae-6d6e05c20435)
2025-08-08 03:33:36,305 - openevolve.database - INFO -    Island 1: 4 programs, best=10.0000, avg=-17.5000, diversity=1065.80, gen=4 (best: ef45e62d-5233-4157-bed7-c4d86255f64a)
2025-08-08 03:33:36,305 - openevolve.database - INFO -  * Island 2: 3 programs, best=20.0000, avg=13.3333, diversity=194.60, gen=4 (best: f68abc8a-9219-4931-bf3e-2226d5936301)
2025-08-08 03:33:36,520 - openevolve.database - INFO - Saved database with 13 programs to openevolve_output/level3_6_GoogleNetInceptionModule/checkpoints/checkpoint_12
2025-08-08 03:33:36,535 - openevolve.controller - INFO - Saved best program at checkpoint 12 with metrics: compiled=1.0000, correctness=1.0000, stage=success, passed=0.0000, score=20.0000, speed_up=0.0100, runtime_ms=28.8000, meta={'hardware': 'NVIDIA L20Y', 'device': 'cuda:2', 'correctness_trials': '(5 / 5)', 'reference_timing_ms': 0.301, 'speed_up': 0.01, 'custom_timing': 28.8}
2025-08-08 03:33:36,535 - openevolve.controller - INFO - Saved checkpoint at iteration 12 to openevolve_output/level3_6_GoogleNetInceptionModule/checkpoints/checkpoint_12
2025-08-08 03:34:52,846 - openevolve.RemoteSpeedupEvaluator - INFO - [level3_6_GoogleNetInceptionModule] triton key words check pass
2025-08-08 03:34:52,853 - openevolve.RemoteSpeedupEvaluator - INFO - [level3_6_GoogleNetInceptionModule] verify_plus payload: reference_code(2413 chars) + custom_code(6080 chars)
2025-08-08 03:34:58,462 - openevolve.RemoteSpeedupEvaluator - INFO - [level3_6_GoogleNetInceptionModule] verify_plus request success
2025-08-08 03:34:58,463 - openevolve.RemoteSpeedupEvaluator - INFO - [level3_6_GoogleNetInceptionModule] verify_plus response: {"id":"level3_6_GoogleNetInceptionModule","result":{"compiled":true,"correctness":false,"metadata":{"hardware":"NVIDIA L20Y","device":"cuda:4","runtime_error":"Traceback (most recent call last):\n  File \"/cpfs01/shared/llm_kernel/hujiakai/KernelLLM/validation_api_server/helpers/evaluations.py\", line 720, in run_and_check_correctness\n    output_new = model_new(*inputs)\n  File \"/home/lijiaxing/.conda/envs/api/lib/python3.10/site-packages/torch/nn/modules/module.py\", line 1773, in _wrapped_call_impl\n    return self._call_impl(*args, **kwargs)\n  File \"/home/lijiaxing/.conda/envs/api/lib/python3.10/site-packages/torch/nn/modules/module.py\", line 1784, in _call_impl\n    return forward_call(*args, **kwargs)\n  File \"/tmp/tmp1hc4046k.py\", line 139, in forward\n    branch1x1 = self.bra
2025-08-08 03:34:58,463 - openevolve.RemoteSpeedupEvaluator - INFO - [level3_6_GoogleNetInceptionModule] âœ˜ wrong_answer
2025-08-08 03:34:58,464 - openevolve.evaluator - INFO - Evaluated program 6abafd7f-487b-4c40-8d35-608d32fb894d in 5.62s: compiled=1.0000, correctness=0.0000, score=10.0000, stage=wrong_answer, verify_payload={'id': 'level3_6_GoogleNetInceptionModule', 'result': {'compiled': True, 'correctness': False, 'metadata': {'hardware': 'NVIDIA L20Y', 'device': 'cuda:4', 'runtime_error': 'Traceback (most recent call last):\n  File "/cpfs01/shared/llm_kernel/hujiakai/KernelLLM/validation_api_server/helpers/evaluations.py", line 720, in run_and_check_correctness\n    output_new = model_new(*inputs)\n  File "/home/lijiaxing/.conda/envs/api/lib/python3.10/site-packages/torch/nn/modules/module.py", line 1773, in _wrapped_call_impl\n    return self._call_impl(*args, **kwargs)\n  File "/home/lijiaxing/.conda/envs/api/lib/python3.10/site-packages/torch/nn/modules/module.py", line 1784, in _call_impl\n    return forward_call(*args, **kwargs)\n  File "/tmp/tmp1hc4046k.py", line 139, in forward\n    branch1x1 = self.branch1x1(x)\n  File "/home/lijiaxing/.conda/envs/api/lib/python3.10/site-packages/torch/nn/modules/module.py", line 1773, in _wrapped_call_impl\n    return self._call_impl(*args, **kwargs)\n  File "/home/lijiaxing/.conda/envs/api/lib/python3.10/site-packages/torch/nn/modules/module.py", line 1784, in _call_impl\n    return forward_call(*args, **kwargs)\n  File "/tmp/tmp1hc4046k.py", line 111, in forward\n    conv1x1_kernel[grid](\n  File "/home/lijiaxing/.conda/envs/api/lib/python3.10/site-packages/triton/runtime/jit.py", line 390, in <lambda>\n    return lambda *args, **kwargs: self.run(grid=grid, warmup=False, *args, **kwargs)\n  File "/home/lijiaxing/.conda/envs/api/lib/python3.10/site-packages/triton/runtime/autotuner.py", line 239, in run\n    benchmark()\n  File "/home/lijiaxing/.conda/envs/api/lib/python3.10/site-packages/triton/runtime/autotuner.py", line 228, in benchmark\n    timings = {config: self._bench(*args, config=config, **kwargs) for config in pruned_configs}\n  File "/home/lijiaxing/.conda/envs/api/lib/python3.10/site-packages/triton/runtime/autotuner.py", line 228, in <dictcomp>\n    timings = {config: self._bench(*args, config=config, **kwargs) for config in pruned_configs}\n  File "/home/lijiaxing/.conda/envs/api/lib/python3.10/site-packages/triton/runtime/autotuner.py", line 160, in _bench\n    return self.do_bench(kernel_call, quantiles=(0.5, 0.2, 0.8))\n  File "/home/lijiaxing/.conda/envs/api/lib/python3.10/site-packages/triton/testing.py", line 149, in do_bench\n    fn()\n  File "/home/lijiaxing/.conda/envs/api/lib/python3.10/site-packages/triton/runtime/autotuner.py", line 146, in kernel_call\n    self.fn.run(\n  File "/home/lijiaxing/.conda/envs/api/lib/python3.10/site-packages/triton/runtime/jit.py", line 610, in run\n    grid = grid(bound_args)\n  File "/tmp/tmp1hc4046k.py", line 106, in <lambda>\n    triton.cdiv(self.out_channels, opt.dkwargs[\'BLOCK_SIZE_C\']),\nAttributeError: \'dict\' object has no attribute \'dkwargs\'\n', 'runtime_error_name': 'builtins.AttributeError', 'reference_timing_ms': 0.301, 'speed_up': -1.0, 'custom_timing': -1.0}, 'runtime': -1.0, 'runtime_stats': {}}}
2025-08-08 03:34:58,467 - openevolve.llm.ensemble - INFO - Sampled model: deepseek
2025-08-08 03:34:58,504 - openevolve.threaded_parallel - INFO - Iteration 11: Program 6abafd7f-487b-4c40-8d35-608d32fb894d (parent: ef45e62d-5233-4157-bed7-c4d86255f64a) completed in 481.33s
2025-08-08 03:34:58,504 - openevolve.threaded_parallel - INFO - Metrics: compiled=1.0000, correctness=0.0000, score=10.0000, stage=wrong_answer, verify_payload={'id': 'level3_6_GoogleNetInceptionModule', 'result': {'compiled': True, 'correctness': False, 'metadata': {'hardware': 'NVIDIA L20Y', 'device': 'cuda:4', 'runtime_error': 'Traceback (most recent call last):\n  File "/cpfs01/shared/llm_kernel/hujiakai/KernelLLM/validation_api_server/helpers/evaluations.py", line 720, in run_and_check_correctness\n    output_new = model_new(*inputs)\n  File "/home/lijiaxing/.conda/envs/api/lib/python3.10/site-packages/torch/nn/modules/module.py", line 1773, in _wrapped_call_impl\n    return self._call_impl(*args, **kwargs)\n  File "/home/lijiaxing/.conda/envs/api/lib/python3.10/site-packages/torch/nn/modules/module.py", line 1784, in _call_impl\n    return forward_call(*args, **kwargs)\n  File "/tmp/tmp1hc4046k.py", line 139, in forward\n    branch1x1 = self.branch1x1(x)\n  File "/home/lijiaxing/.conda/envs/api/lib/python3.10/site-packages/torch/nn/modules/module.py", line 1773, in _wrapped_call_impl\n    return self._call_impl(*args, **kwargs)\n  File "/home/lijiaxing/.conda/envs/api/lib/python3.10/site-packages/torch/nn/modules/module.py", line 1784, in _call_impl\n    return forward_call(*args, **kwargs)\n  File "/tmp/tmp1hc4046k.py", line 111, in forward\n    conv1x1_kernel[grid](\n  File "/home/lijiaxing/.conda/envs/api/lib/python3.10/site-packages/triton/runtime/jit.py", line 390, in <lambda>\n    return lambda *args, **kwargs: self.run(grid=grid, warmup=False, *args, **kwargs)\n  File "/home/lijiaxing/.conda/envs/api/lib/python3.10/site-packages/triton/runtime/autotuner.py", line 239, in run\n    benchmark()\n  File "/home/lijiaxing/.conda/envs/api/lib/python3.10/site-packages/triton/runtime/autotuner.py", line 228, in benchmark\n    timings = {config: self._bench(*args, config=config, **kwargs) for config in pruned_configs}\n  File "/home/lijiaxing/.conda/envs/api/lib/python3.10/site-packages/triton/runtime/autotuner.py", line 228, in <dictcomp>\n    timings = {config: self._bench(*args, config=config, **kwargs) for config in pruned_configs}\n  File "/home/lijiaxing/.conda/envs/api/lib/python3.10/site-packages/triton/runtime/autotuner.py", line 160, in _bench\n    return self.do_bench(kernel_call, quantiles=(0.5, 0.2, 0.8))\n  File "/home/lijiaxing/.conda/envs/api/lib/python3.10/site-packages/triton/testing.py", line 149, in do_bench\n    fn()\n  File "/home/lijiaxing/.conda/envs/api/lib/python3.10/site-packages/triton/runtime/autotuner.py", line 146, in kernel_call\n    self.fn.run(\n  File "/home/lijiaxing/.conda/envs/api/lib/python3.10/site-packages/triton/runtime/jit.py", line 610, in run\n    grid = grid(bound_args)\n  File "/tmp/tmp1hc4046k.py", line 106, in <lambda>\n    triton.cdiv(self.out_channels, opt.dkwargs[\'BLOCK_SIZE_C\']),\nAttributeError: \'dict\' object has no attribute \'dkwargs\'\n', 'runtime_error_name': 'builtins.AttributeError', 'reference_timing_ms': 0.301, 'speed_up': -1.0, 'custom_timing': -1.0}, 'runtime': -1.0, 'runtime_stats': {}}}
2025-08-08 03:39:20,925 - openevolve.RemoteSpeedupEvaluator - INFO - [level3_6_GoogleNetInceptionModule] triton key words check pass
2025-08-08 03:39:20,927 - openevolve.RemoteSpeedupEvaluator - INFO - [level3_6_GoogleNetInceptionModule] verify_plus payload: reference_code(2413 chars) + custom_code(5289 chars)
2025-08-08 03:39:25,019 - openevolve.RemoteSpeedupEvaluator - INFO - [level3_6_GoogleNetInceptionModule] verify_plus request success
2025-08-08 03:39:25,019 - openevolve.RemoteSpeedupEvaluator - INFO - [level3_6_GoogleNetInceptionModule] verify_plus response: {"id":"level3_6_GoogleNetInceptionModule","result":{"compiled":true,"correctness":false,"metadata":{"hardware":"NVIDIA L20Y","device":"cuda:6","runtime_error":"Traceback (most recent call last):\n  File \"/cpfs01/shared/llm_kernel/hujiakai/KernelLLM/validation_api_server/helpers/evaluations.py\", line 720, in run_and_check_correctness\n    output_new = model_new(*inputs)\n  File \"/home/lijiaxing/.conda/envs/api/lib/python3.10/site-packages/torch/nn/modules/module.py\", line 1773, in _wrapped_call_impl\n    return self._call_impl(*args, **kwargs)\n  File \"/home/lijiaxing/.conda/envs/api/lib/python3.10/site-packages/torch/nn/modules/module.py\", line 1784, in _call_impl\n    return forward_call(*args, **kwargs)\n  File \"/tmp/tmpijkxq8dl.py\", line 121, in forward\n    branch1x1 = conv1x1_
2025-08-08 03:39:25,019 - openevolve.RemoteSpeedupEvaluator - INFO - [level3_6_GoogleNetInceptionModule] âœ˜ wrong_answer
2025-08-08 03:39:25,020 - openevolve.evaluator - INFO - Evaluated program 8bc38b20-0cb0-4ac7-b843-b00742c729ff in 4.10s: compiled=1.0000, correctness=0.0000, score=10.0000, stage=wrong_answer, verify_payload={'id': 'level3_6_GoogleNetInceptionModule', 'result': {'compiled': True, 'correctness': False, 'metadata': {'hardware': 'NVIDIA L20Y', 'device': 'cuda:6', 'runtime_error': 'Traceback (most recent call last):\n  File "/cpfs01/shared/llm_kernel/hujiakai/KernelLLM/validation_api_server/helpers/evaluations.py", line 720, in run_and_check_correctness\n    output_new = model_new(*inputs)\n  File "/home/lijiaxing/.conda/envs/api/lib/python3.10/site-packages/torch/nn/modules/module.py", line 1773, in _wrapped_call_impl\n    return self._call_impl(*args, **kwargs)\n  File "/home/lijiaxing/.conda/envs/api/lib/python3.10/site-packages/torch/nn/modules/module.py", line 1784, in _call_impl\n    return forward_call(*args, **kwargs)\n  File "/tmp/tmpijkxq8dl.py", line 121, in forward\n    branch1x1 = conv1x1_triton(x, self.weight_1x1, self.bias_1x1)\n  File "/tmp/tmpijkxq8dl.py", line 80, in conv1x1_triton\n    conv1x1_kernel[grid](\n  File "/home/lijiaxing/.conda/envs/api/lib/python3.10/site-packages/triton/runtime/jit.py", line 390, in <lambda>\n    return lambda *args, **kwargs: self.run(grid=grid, warmup=False, *args, **kwargs)\n  File "/home/lijiaxing/.conda/envs/api/lib/python3.10/site-packages/triton/runtime/autotuner.py", line 239, in run\n    benchmark()\n  File "/home/lijiaxing/.conda/envs/api/lib/python3.10/site-packages/triton/runtime/autotuner.py", line 228, in benchmark\n    timings = {config: self._bench(*args, config=config, **kwargs) for config in pruned_configs}\n  File "/home/lijiaxing/.conda/envs/api/lib/python3.10/site-packages/triton/runtime/autotuner.py", line 228, in <dictcomp>\n    timings = {config: self._bench(*args, config=config, **kwargs) for config in pruned_configs}\n  File "/home/lijiaxing/.conda/envs/api/lib/python3.10/site-packages/triton/runtime/autotuner.py", line 135, in _bench\n    raise ValueError(f"Conflicting meta-parameters: {\', \'.join(conflicts)}."\nValueError: Conflicting meta-parameters: BLOCK_SIZE_OC, BLOCK_SIZE_IC. Make sure that you don\'t re-define auto-tuned symbols.\n', 'runtime_error_name': 'builtins.ValueError', 'reference_timing_ms': 0.301, 'speed_up': -1.0, 'custom_timing': -1.0}, 'runtime': -1.0, 'runtime_stats': {}}}
2025-08-08 03:39:25,024 - openevolve.llm.ensemble - INFO - Sampled model: deepseek
2025-08-08 03:39:25,040 - openevolve.threaded_parallel - INFO - Iteration 13: Program 8bc38b20-0cb0-4ac7-b843-b00742c729ff (parent: 6377978e-10a9-4f05-82b7-93c9bcfb821e) completed in 452.41s
2025-08-08 03:39:25,040 - openevolve.threaded_parallel - INFO - Metrics: compiled=1.0000, correctness=0.0000, score=10.0000, stage=wrong_answer, verify_payload={'id': 'level3_6_GoogleNetInceptionModule', 'result': {'compiled': True, 'correctness': False, 'metadata': {'hardware': 'NVIDIA L20Y', 'device': 'cuda:6', 'runtime_error': 'Traceback (most recent call last):\n  File "/cpfs01/shared/llm_kernel/hujiakai/KernelLLM/validation_api_server/helpers/evaluations.py", line 720, in run_and_check_correctness\n    output_new = model_new(*inputs)\n  File "/home/lijiaxing/.conda/envs/api/lib/python3.10/site-packages/torch/nn/modules/module.py", line 1773, in _wrapped_call_impl\n    return self._call_impl(*args, **kwargs)\n  File "/home/lijiaxing/.conda/envs/api/lib/python3.10/site-packages/torch/nn/modules/module.py", line 1784, in _call_impl\n    return forward_call(*args, **kwargs)\n  File "/tmp/tmpijkxq8dl.py", line 121, in forward\n    branch1x1 = conv1x1_triton(x, self.weight_1x1, self.bias_1x1)\n  File "/tmp/tmpijkxq8dl.py", line 80, in conv1x1_triton\n    conv1x1_kernel[grid](\n  File "/home/lijiaxing/.conda/envs/api/lib/python3.10/site-packages/triton/runtime/jit.py", line 390, in <lambda>\n    return lambda *args, **kwargs: self.run(grid=grid, warmup=False, *args, **kwargs)\n  File "/home/lijiaxing/.conda/envs/api/lib/python3.10/site-packages/triton/runtime/autotuner.py", line 239, in run\n    benchmark()\n  File "/home/lijiaxing/.conda/envs/api/lib/python3.10/site-packages/triton/runtime/autotuner.py", line 228, in benchmark\n    timings = {config: self._bench(*args, config=config, **kwargs) for config in pruned_configs}\n  File "/home/lijiaxing/.conda/envs/api/lib/python3.10/site-packages/triton/runtime/autotuner.py", line 228, in <dictcomp>\n    timings = {config: self._bench(*args, config=config, **kwargs) for config in pruned_configs}\n  File "/home/lijiaxing/.conda/envs/api/lib/python3.10/site-packages/triton/runtime/autotuner.py", line 135, in _bench\n    raise ValueError(f"Conflicting meta-parameters: {\', \'.join(conflicts)}."\nValueError: Conflicting meta-parameters: BLOCK_SIZE_OC, BLOCK_SIZE_IC. Make sure that you don\'t re-define auto-tuned symbols.\n', 'runtime_error_name': 'builtins.ValueError', 'reference_timing_ms': 0.301, 'speed_up': -1.0, 'custom_timing': -1.0}, 'runtime': -1.0, 'runtime_stats': {}}}
2025-08-08 03:41:24,318 - openevolve.RemoteSpeedupEvaluator - INFO - [level3_6_GoogleNetInceptionModule] triton key words check pass
2025-08-08 03:41:24,320 - openevolve.RemoteSpeedupEvaluator - INFO - [level3_6_GoogleNetInceptionModule] verify_plus payload: reference_code(2413 chars) + custom_code(5982 chars)
2025-08-08 03:41:28,426 - openevolve.RemoteSpeedupEvaluator - INFO - [level3_6_GoogleNetInceptionModule] verify_plus request success
2025-08-08 03:41:28,426 - openevolve.RemoteSpeedupEvaluator - INFO - [level3_6_GoogleNetInceptionModule] verify_plus response: {"id":"level3_6_GoogleNetInceptionModule","result":{"compiled":true,"correctness":false,"metadata":{"hardware":"NVIDIA L20Y","device":"cuda:2","runtime_error":"Traceback (most recent call last):\n  File \"/home/lijiaxing/.conda/envs/api/lib/python3.10/site-packages/triton/language/core.py\", line 42, in wrapper\n    return fn(*args, **kwargs)\n  File \"/home/lijiaxing/.conda/envs/api/lib/python3.10/site-packages/triton/language/core.py\", line 1935, in reshape\n    shape = _shape_check_impl(_unwrap_iterable(shape))\n  File \"/home/lijiaxing/.conda/envs/api/lib/python3.10/site-packages/triton/language/core.py\", line 1677, in _shape_check_impl\n    validate_block_shape(shape)\n  File \"/home/lijiaxing/.conda/envs/api/lib/python3.10/site-packages/triton/_utils.py\", line 50, in validate_bloc
2025-08-08 03:41:28,426 - openevolve.RemoteSpeedupEvaluator - INFO - [level3_6_GoogleNetInceptionModule] âœ˜ wrong_answer
2025-08-08 03:41:28,427 - openevolve.evaluator - INFO - Evaluated program 06eb7019-13e6-4372-9186-96458c07751c in 4.11s: compiled=1.0000, correctness=0.0000, score=10.0000, stage=wrong_answer, verify_payload={'id': 'level3_6_GoogleNetInceptionModule', 'result': {'compiled': True, 'correctness': False, 'metadata': {'hardware': 'NVIDIA L20Y', 'device': 'cuda:2', 'runtime_error': 'Traceback (most recent call last):\n  File "/home/lijiaxing/.conda/envs/api/lib/python3.10/site-packages/triton/language/core.py", line 42, in wrapper\n    return fn(*args, **kwargs)\n  File "/home/lijiaxing/.conda/envs/api/lib/python3.10/site-packages/triton/language/core.py", line 1935, in reshape\n    shape = _shape_check_impl(_unwrap_iterable(shape))\n  File "/home/lijiaxing/.conda/envs/api/lib/python3.10/site-packages/triton/language/core.py", line 1677, in _shape_check_impl\n    validate_block_shape(shape)\n  File "/home/lijiaxing/.conda/envs/api/lib/python3.10/site-packages/triton/_utils.py", line 50, in validate_block_shape\n    raise TypeError(f"Shape element {i} must have type `constexpr[int]`, got `constexpr[{type(d)}]")\nTypeError: Shape element 1 must have type `constexpr[int]`, got `constexpr[<class \'triton.language.core.tensor\'>]\n\nThe above exception was the direct cause of the following exception:\n\nTraceback (most recent call last):\n  File "/cpfs01/shared/llm_kernel/hujiakai/KernelLLM/validation_api_server/helpers/evaluations.py", line 720, in run_and_check_correctness\n    output_new = model_new(*inputs)\n  File "/home/lijiaxing/.conda/envs/api/lib/python3.10/site-packages/torch/nn/modules/module.py", line 1773, in _wrapped_call_impl\n    return self._call_impl(*args, **kwargs)\n  File "/home/lijiaxing/.conda/envs/api/lib/python3.10/site-packages/torch/nn/modules/module.py", line 1784, in _call_impl\n    return forward_call(*args, **kwargs)\n  File "/tmp/tmpr80yzy8z.py", line 141, in forward\n    branch1x1 = self.branch1x1(x)\n  File "/home/lijiaxing/.conda/envs/api/lib/python3.10/site-packages/torch/nn/modules/module.py", line 1773, in _wrapped_call_impl\n    return self._call_impl(*args, **kwargs)\n  File "/home/lijiaxing/.conda/envs/api/lib/python3.10/site-packages/torch/nn/modules/module.py", line 1784, in _call_impl\n    return forward_call(*args, **kwargs)\n  File "/tmp/tmpr80yzy8z.py", line 113, in forward\n    conv1x1_kernel[grid](\n  File "/home/lijiaxing/.conda/envs/api/lib/python3.10/site-packages/triton/runtime/jit.py", line 390, in <lambda>\n    return lambda *args, **kwargs: self.run(grid=grid, warmup=False, *args, **kwargs)\n  File "/home/lijiaxing/.conda/envs/api/lib/python3.10/site-packages/triton/runtime/autotuner.py", line 239, in run\n    benchmark()\n  File "/home/lijiaxing/.conda/envs/api/lib/python3.10/site-packages/triton/runtime/autotuner.py", line 228, in benchmark\n    timings = {config: self._bench(*args, config=config, **kwargs) for config in pruned_configs}\n  File "/home/lijiaxing/.conda/envs/api/lib/python3.10/site-packages/triton/runtime/autotuner.py", line 228, in <dictcomp>\n    timings = {config: self._bench(*args, config=config, **kwargs) for config in pruned_configs}\n  File "/home/lijiaxing/.conda/envs/api/lib/python3.10/site-packages/triton/runtime/autotuner.py", line 160, in _bench\n    return self.do_bench(kernel_call, quantiles=(0.5, 0.2, 0.8))\n  File "/home/lijiaxing/.conda/envs/api/lib/python3.10/site-packages/triton/testing.py", line 149, in do_bench\n    fn()\n  File "/home/lijiaxing/.conda/envs/api/lib/python3.10/site-packages/triton/runtime/autotuner.py", line 146, in kernel_call\n    self.fn.run(\n  File "/home/lijiaxing/.conda/envs/api/lib/python3.10/site-packages/triton/runtime/jit.py", line 594, in run\n    kernel = self.compile(src, target=target, options=options.__dict__)\n  File "/home/lijiaxing/.conda/envs/api/lib/python3.10/site-packages/triton/compiler/compiler.py", line 339, in compile\n    module = src.make_ir(options, codegen_fns, module_map, context)\n  File "/home/lijiaxing/.conda/envs/api/lib/python3.10/site-packages/triton/compiler/compiler.py", line 83, in make_ir\n    return ast_to_ttir(self.fn, self, context=context, options=options, codegen_fns=codegen_fns,\ntriton.compiler.errors.CompilationError: at 59:25:\n            input_ptr + c_offs[:, None, None] * input_channel_stride +\n            offs_h[None, :, None] * input_height_stride +\n            offs_w[None, None, :] * input_width_stride,\n            mask=(c_offs[:, None, None] < C_in) & \n                 (offs_h[None, :, None] < H) & \n                 (offs_w[None, None, :] < W),\n            other=0.0\n        )\n\n        # Reshape input to 2D for dot product\n        spatial_size = BLOCK_SIZE_H * BLOCK_SIZE_W\n        input_reshaped = tl.reshape(input_vals, (BLOCK_SIZE_C, spatial_size))\n                         ^\n\n\nThe above exception was the direct cause of the following exception:\n\nTraceback (most recent call last):\n  File "/home/lijiaxing/.conda/envs/api/lib/python3.10/site-packages/triton/language/core.py", line 42, in wrapper\n    return fn(*args, **kwargs)\n  File "/home/lijiaxing/.conda/envs/api/lib/python3.10/site-packages/triton/language/core.py", line 1935, in reshape\n    shape = _shape_check_impl(_unwrap_iterable(shape))\n  File "/home/lijiaxing/.conda/envs/api/lib/python3.10/site-packages/triton/language/core.py", line 1677, in _shape_check_impl\n    validate_block_shape(shape)\n  File "/home/lijiaxing/.conda/envs/api/lib/python3.10/site-packages/triton/_utils.py", line 50, in validate_block_shape\n    raise TypeError(f"Shape element {i} must have type `constexpr[int]`, got `constexpr[{type(d)}]")\nTypeError: Shape element 1 must have type `constexpr[int]`, got `constexpr[<class \'triton.language.core.tensor\'>]\n', 'runtime_error_name': 'triton.compiler.errors.CompilationError', 'reference_timing_ms': 0.301, 'speed_up': -1.0, 'custom_timing': -1.0}, 'runtime': -1.0, 'runtime_stats': {}}}
2025-08-08 03:41:28,430 - openevolve.llm.ensemble - INFO - Sampled model: deepseek
2025-08-08 03:41:28,445 - openevolve.threaded_parallel - INFO - Iteration 14: Program 06eb7019-13e6-4372-9186-96458c07751c (parent: ef45e62d-5233-4157-bed7-c4d86255f64a) completed in 472.13s
2025-08-08 03:41:28,445 - openevolve.threaded_parallel - INFO - Metrics: compiled=1.0000, correctness=0.0000, score=10.0000, stage=wrong_answer, verify_payload={'id': 'level3_6_GoogleNetInceptionModule', 'result': {'compiled': True, 'correctness': False, 'metadata': {'hardware': 'NVIDIA L20Y', 'device': 'cuda:2', 'runtime_error': 'Traceback (most recent call last):\n  File "/home/lijiaxing/.conda/envs/api/lib/python3.10/site-packages/triton/language/core.py", line 42, in wrapper\n    return fn(*args, **kwargs)\n  File "/home/lijiaxing/.conda/envs/api/lib/python3.10/site-packages/triton/language/core.py", line 1935, in reshape\n    shape = _shape_check_impl(_unwrap_iterable(shape))\n  File "/home/lijiaxing/.conda/envs/api/lib/python3.10/site-packages/triton/language/core.py", line 1677, in _shape_check_impl\n    validate_block_shape(shape)\n  File "/home/lijiaxing/.conda/envs/api/lib/python3.10/site-packages/triton/_utils.py", line 50, in validate_block_shape\n    raise TypeError(f"Shape element {i} must have type `constexpr[int]`, got `constexpr[{type(d)}]")\nTypeError: Shape element 1 must have type `constexpr[int]`, got `constexpr[<class \'triton.language.core.tensor\'>]\n\nThe above exception was the direct cause of the following exception:\n\nTraceback (most recent call last):\n  File "/cpfs01/shared/llm_kernel/hujiakai/KernelLLM/validation_api_server/helpers/evaluations.py", line 720, in run_and_check_correctness\n    output_new = model_new(*inputs)\n  File "/home/lijiaxing/.conda/envs/api/lib/python3.10/site-packages/torch/nn/modules/module.py", line 1773, in _wrapped_call_impl\n    return self._call_impl(*args, **kwargs)\n  File "/home/lijiaxing/.conda/envs/api/lib/python3.10/site-packages/torch/nn/modules/module.py", line 1784, in _call_impl\n    return forward_call(*args, **kwargs)\n  File "/tmp/tmpr80yzy8z.py", line 141, in forward\n    branch1x1 = self.branch1x1(x)\n  File "/home/lijiaxing/.conda/envs/api/lib/python3.10/site-packages/torch/nn/modules/module.py", line 1773, in _wrapped_call_impl\n    return self._call_impl(*args, **kwargs)\n  File "/home/lijiaxing/.conda/envs/api/lib/python3.10/site-packages/torch/nn/modules/module.py", line 1784, in _call_impl\n    return forward_call(*args, **kwargs)\n  File "/tmp/tmpr80yzy8z.py", line 113, in forward\n    conv1x1_kernel[grid](\n  File "/home/lijiaxing/.conda/envs/api/lib/python3.10/site-packages/triton/runtime/jit.py", line 390, in <lambda>\n    return lambda *args, **kwargs: self.run(grid=grid, warmup=False, *args, **kwargs)\n  File "/home/lijiaxing/.conda/envs/api/lib/python3.10/site-packages/triton/runtime/autotuner.py", line 239, in run\n    benchmark()\n  File "/home/lijiaxing/.conda/envs/api/lib/python3.10/site-packages/triton/runtime/autotuner.py", line 228, in benchmark\n    timings = {config: self._bench(*args, config=config, **kwargs) for config in pruned_configs}\n  File "/home/lijiaxing/.conda/envs/api/lib/python3.10/site-packages/triton/runtime/autotuner.py", line 228, in <dictcomp>\n    timings = {config: self._bench(*args, config=config, **kwargs) for config in pruned_configs}\n  File "/home/lijiaxing/.conda/envs/api/lib/python3.10/site-packages/triton/runtime/autotuner.py", line 160, in _bench\n    return self.do_bench(kernel_call, quantiles=(0.5, 0.2, 0.8))\n  File "/home/lijiaxing/.conda/envs/api/lib/python3.10/site-packages/triton/testing.py", line 149, in do_bench\n    fn()\n  File "/home/lijiaxing/.conda/envs/api/lib/python3.10/site-packages/triton/runtime/autotuner.py", line 146, in kernel_call\n    self.fn.run(\n  File "/home/lijiaxing/.conda/envs/api/lib/python3.10/site-packages/triton/runtime/jit.py", line 594, in run\n    kernel = self.compile(src, target=target, options=options.__dict__)\n  File "/home/lijiaxing/.conda/envs/api/lib/python3.10/site-packages/triton/compiler/compiler.py", line 339, in compile\n    module = src.make_ir(options, codegen_fns, module_map, context)\n  File "/home/lijiaxing/.conda/envs/api/lib/python3.10/site-packages/triton/compiler/compiler.py", line 83, in make_ir\n    return ast_to_ttir(self.fn, self, context=context, options=options, codegen_fns=codegen_fns,\ntriton.compiler.errors.CompilationError: at 59:25:\n            input_ptr + c_offs[:, None, None] * input_channel_stride +\n            offs_h[None, :, None] * input_height_stride +\n            offs_w[None, None, :] * input_width_stride,\n            mask=(c_offs[:, None, None] < C_in) & \n                 (offs_h[None, :, None] < H) & \n                 (offs_w[None, None, :] < W),\n            other=0.0\n        )\n\n        # Reshape input to 2D for dot product\n        spatial_size = BLOCK_SIZE_H * BLOCK_SIZE_W\n        input_reshaped = tl.reshape(input_vals, (BLOCK_SIZE_C, spatial_size))\n                         ^\n\n\nThe above exception was the direct cause of the following exception:\n\nTraceback (most recent call last):\n  File "/home/lijiaxing/.conda/envs/api/lib/python3.10/site-packages/triton/language/core.py", line 42, in wrapper\n    return fn(*args, **kwargs)\n  File "/home/lijiaxing/.conda/envs/api/lib/python3.10/site-packages/triton/language/core.py", line 1935, in reshape\n    shape = _shape_check_impl(_unwrap_iterable(shape))\n  File "/home/lijiaxing/.conda/envs/api/lib/python3.10/site-packages/triton/language/core.py", line 1677, in _shape_check_impl\n    validate_block_shape(shape)\n  File "/home/lijiaxing/.conda/envs/api/lib/python3.10/site-packages/triton/_utils.py", line 50, in validate_block_shape\n    raise TypeError(f"Shape element {i} must have type `constexpr[int]`, got `constexpr[{type(d)}]")\nTypeError: Shape element 1 must have type `constexpr[int]`, got `constexpr[<class \'triton.language.core.tensor\'>]\n', 'runtime_error_name': 'triton.compiler.errors.CompilationError', 'reference_timing_ms': 0.301, 'speed_up': -1.0, 'custom_timing': -1.0}, 'runtime': -1.0, 'runtime_stats': {}}}
2025-08-08 03:43:51,898 - openevolve.RemoteSpeedupEvaluator - INFO - [level3_6_GoogleNetInceptionModule] triton key words check pass
2025-08-08 03:43:51,899 - openevolve.RemoteSpeedupEvaluator - INFO - [level3_6_GoogleNetInceptionModule] verify_plus payload: reference_code(2413 chars) + custom_code(5128 chars)
2025-08-08 03:44:05,426 - openevolve.RemoteSpeedupEvaluator - INFO - [level3_6_GoogleNetInceptionModule] verify_plus request success
2025-08-08 03:44:05,426 - openevolve.RemoteSpeedupEvaluator - INFO - [level3_6_GoogleNetInceptionModule] verify_plus response: {"id":"level3_6_GoogleNetInceptionModule","result":{"compiled":true,"correctness":true,"metadata":{"hardware":"NVIDIA L20Y","device":"cuda:0","correctness_trials":"(5 / 5)","reference_timing_ms":0.301,"speed_up":0.01,"custom_timing":28.8},"runtime":28.8,"runtime_stats":{"mean":28.8,"std":0.0648,"min":28.7,"max":29.0,"num_trials":100,"hardware":"NVIDIA L20Y","device":"cuda:0"}}}
2025-08-08 03:44:05,427 - openevolve.RemoteSpeedupEvaluator - INFO - [level3_6_GoogleNetInceptionModule] âœ” success | speed_up=0.010  score=20.00
2025-08-08 03:44:05,427 - openevolve.evaluator - INFO - Evaluated program 84211d71-e538-439b-8b55-528d3f2cdd15 in 13.53s: compiled=1.0000, correctness=1.0000, stage=success, passed=0.0000, score=20.0000, speed_up=0.0100, runtime_ms=28.8000, meta={'hardware': 'NVIDIA L20Y', 'device': 'cuda:0', 'correctness_trials': '(5 / 5)', 'reference_timing_ms': 0.301, 'speed_up': 0.01, 'custom_timing': 28.8}
2025-08-08 03:44:05,431 - openevolve.llm.ensemble - INFO - Sampled model: deepseek
2025-08-08 03:44:05,460 - openevolve.threaded_parallel - INFO - Iteration 16: Program 84211d71-e538-439b-8b55-528d3f2cdd15 (parent: 6377978e-10a9-4f05-82b7-93c9bcfb821e) completed in 280.40s
2025-08-08 03:44:05,460 - openevolve.threaded_parallel - INFO - Metrics: compiled=1.0000, correctness=1.0000, stage=success, passed=0.0000, score=20.0000, speed_up=0.0100, runtime_ms=28.8000, meta={'hardware': 'NVIDIA L20Y', 'device': 'cuda:0', 'correctness_trials': '(5 / 5)', 'reference_timing_ms': 0.301, 'speed_up': 0.01, 'custom_timing': 28.8}
2025-08-08 03:45:57,897 - openevolve.RemoteSpeedupEvaluator - INFO - [level3_6_GoogleNetInceptionModule] triton key words check pass
2025-08-08 03:45:57,898 - openevolve.RemoteSpeedupEvaluator - INFO - [level3_6_GoogleNetInceptionModule] verify_plus payload: reference_code(2413 chars) + custom_code(5586 chars)
2025-08-08 03:46:13,226 - openevolve.RemoteSpeedupEvaluator - INFO - [level3_6_GoogleNetInceptionModule] verify_plus request success
2025-08-08 03:46:13,226 - openevolve.RemoteSpeedupEvaluator - INFO - [level3_6_GoogleNetInceptionModule] verify_plus response: {"id":"level3_6_GoogleNetInceptionModule","result":{"compiled":true,"correctness":true,"metadata":{"hardware":"NVIDIA L20Y","device":"cuda:7","correctness_trials":"(5 / 5)","reference_timing_ms":0.301,"speed_up":0.01,"custom_timing":28.7},"runtime":28.7,"runtime_stats":{"mean":28.7,"std":0.0935,"min":28.6,"max":29.0,"num_trials":100,"hardware":"NVIDIA L20Y","device":"cuda:7"}}}
2025-08-08 03:46:13,226 - openevolve.RemoteSpeedupEvaluator - INFO - [level3_6_GoogleNetInceptionModule] âœ” success | speed_up=0.010  score=20.00
2025-08-08 03:46:13,227 - openevolve.evaluator - INFO - Evaluated program 2f304090-bee7-4489-8986-fcc6276d635e in 15.33s: compiled=1.0000, correctness=1.0000, stage=success, passed=0.0000, score=20.0000, speed_up=0.0100, runtime_ms=28.7000, meta={'hardware': 'NVIDIA L20Y', 'device': 'cuda:7', 'correctness_trials': '(5 / 5)', 'reference_timing_ms': 0.301, 'speed_up': 0.01, 'custom_timing': 28.7}
2025-08-08 03:46:13,231 - openevolve.llm.ensemble - INFO - Sampled model: deepseek
2025-08-08 03:46:13,267 - openevolve.threaded_parallel - INFO - Iteration 15: Program 2f304090-bee7-4489-8986-fcc6276d635e (parent: f8b69d54-2d98-43e8-90c0-b752b9d6cb7f) completed in 674.76s
2025-08-08 03:46:13,267 - openevolve.threaded_parallel - INFO - Metrics: compiled=1.0000, correctness=1.0000, stage=success, passed=0.0000, score=20.0000, speed_up=0.0100, runtime_ms=28.7000, meta={'hardware': 'NVIDIA L20Y', 'device': 'cuda:7', 'correctness_trials': '(5 / 5)', 'reference_timing_ms': 0.301, 'speed_up': 0.01, 'custom_timing': 28.7}
2025-08-08 03:46:13,267 - openevolve.threaded_parallel - INFO - Checkpoint interval reached at iteration 15
2025-08-08 03:46:13,269 - openevolve.database - INFO - Island Status:
2025-08-08 03:46:13,269 - openevolve.database - INFO -    Island 0: 8 programs, best=20.0000, avg=-1.2500, diversity=535.92, gen=6 (best: 5092794b-55d3-42db-bdae-6d6e05c20435)
2025-08-08 03:46:13,269 - openevolve.database - INFO -  * Island 1: 5 programs, best=10.0000, avg=-12.0000, diversity=1151.53, gen=6 (best: ef45e62d-5233-4157-bed7-c4d86255f64a)
2025-08-08 03:46:13,269 - openevolve.database - INFO -    Island 2: 5 programs, best=20.0000, avg=14.0000, diversity=233.02, gen=5 (best: f68abc8a-9219-4931-bf3e-2226d5936301)
2025-08-08 03:46:13,608 - openevolve.database - INFO - Saved database with 18 programs to openevolve_output/level3_6_GoogleNetInceptionModule/checkpoints/checkpoint_15
2025-08-08 03:46:13,622 - openevolve.controller - INFO - Saved best program at checkpoint 15 with metrics: compiled=1.0000, correctness=1.0000, stage=success, passed=0.0000, score=20.0000, speed_up=0.0100, runtime_ms=28.8000, meta={'hardware': 'NVIDIA L20Y', 'device': 'cuda:2', 'correctness_trials': '(5 / 5)', 'reference_timing_ms': 0.301, 'speed_up': 0.01, 'custom_timing': 28.8}
2025-08-08 03:46:13,623 - openevolve.controller - INFO - Saved checkpoint at iteration 15 to openevolve_output/level3_6_GoogleNetInceptionModule/checkpoints/checkpoint_15
2025-08-08 03:49:01,844 - openevolve.RemoteSpeedupEvaluator - INFO - [level3_6_GoogleNetInceptionModule] triton key words check pass
2025-08-08 03:49:01,845 - openevolve.RemoteSpeedupEvaluator - INFO - [level3_6_GoogleNetInceptionModule] verify_plus payload: reference_code(2413 chars) + custom_code(5959 chars)
2025-08-08 03:49:06,261 - openevolve.RemoteSpeedupEvaluator - INFO - [level3_6_GoogleNetInceptionModule] triton key words check pass
2025-08-08 03:49:06,261 - openevolve.RemoteSpeedupEvaluator - INFO - [level3_6_GoogleNetInceptionModule] verify_plus payload: reference_code(2413 chars) + custom_code(5578 chars)
2025-08-08 03:49:07,208 - openevolve.RemoteSpeedupEvaluator - INFO - [level3_6_GoogleNetInceptionModule] verify_plus request success
2025-08-08 03:49:07,209 - openevolve.RemoteSpeedupEvaluator - INFO - [level3_6_GoogleNetInceptionModule] verify_plus response: {"id":"level3_6_GoogleNetInceptionModule","result":{"compiled":true,"correctness":false,"metadata":{"hardware":"NVIDIA L20Y","device":"cuda:7","runtime_error":"Traceback (most recent call last):\n  File \"/cpfs01/shared/llm_kernel/hujiakai/KernelLLM/validation_api_server/helpers/evaluations.py\", line 720, in run_and_check_correctness\n    output_new = model_new(*inputs)\n  File \"/home/lijiaxing/.conda/envs/api/lib/python3.10/site-packages/torch/nn/modules/module.py\", line 1773, in _wrapped_call_impl\n    return self._call_impl(*args, **kwargs)\n  File \"/home/lijiaxing/.conda/envs/api/lib/python3.10/site-packages/torch/nn/modules/module.py\", line 1784, in _call_impl\n    return forward_call(*args, **kwargs)\n  File \"/tmp/tmpmv5mu76z.py\", line 140, in forward\n    branch1x1 = self.bra
2025-08-08 03:49:07,209 - openevolve.RemoteSpeedupEvaluator - INFO - [level3_6_GoogleNetInceptionModule] âœ˜ wrong_answer
2025-08-08 03:49:07,209 - openevolve.evaluator - INFO - Evaluated program fa1e52d2-4db7-44d9-84eb-98b953cb1e87 in 5.37s: compiled=1.0000, correctness=0.0000, score=10.0000, stage=wrong_answer, verify_payload={'id': 'level3_6_GoogleNetInceptionModule', 'result': {'compiled': True, 'correctness': False, 'metadata': {'hardware': 'NVIDIA L20Y', 'device': 'cuda:7', 'runtime_error': 'Traceback (most recent call last):\n  File "/cpfs01/shared/llm_kernel/hujiakai/KernelLLM/validation_api_server/helpers/evaluations.py", line 720, in run_and_check_correctness\n    output_new = model_new(*inputs)\n  File "/home/lijiaxing/.conda/envs/api/lib/python3.10/site-packages/torch/nn/modules/module.py", line 1773, in _wrapped_call_impl\n    return self._call_impl(*args, **kwargs)\n  File "/home/lijiaxing/.conda/envs/api/lib/python3.10/site-packages/torch/nn/modules/module.py", line 1784, in _call_impl\n    return forward_call(*args, **kwargs)\n  File "/tmp/tmpmv5mu76z.py", line 140, in forward\n    branch1x1 = self.branch1x1(x)\n  File "/home/lijiaxing/.conda/envs/api/lib/python3.10/site-packages/torch/nn/modules/module.py", line 1773, in _wrapped_call_impl\n    return self._call_impl(*args, **kwargs)\n  File "/home/lijiaxing/.conda/envs/api/lib/python3.10/site-packages/torch/nn/modules/module.py", line 1784, in _call_impl\n    return forward_call(*args, **kwargs)\n  File "/tmp/tmpmv5mu76z.py", line 112, in forward\n    conv1x1_kernel[grid](\n  File "/home/lijiaxing/.conda/envs/api/lib/python3.10/site-packages/triton/runtime/jit.py", line 390, in <lambda>\n    return lambda *args, **kwargs: self.run(grid=grid, warmup=False, *args, **kwargs)\n  File "/home/lijiaxing/.conda/envs/api/lib/python3.10/site-packages/triton/runtime/autotuner.py", line 239, in run\n    benchmark()\n  File "/home/lijiaxing/.conda/envs/api/lib/python3.10/site-packages/triton/runtime/autotuner.py", line 228, in benchmark\n    timings = {config: self._bench(*args, config=config, **kwargs) for config in pruned_configs}\n  File "/home/lijiaxing/.conda/envs/api/lib/python3.10/site-packages/triton/runtime/autotuner.py", line 228, in <dictcomp>\n    timings = {config: self._bench(*args, config=config, **kwargs) for config in pruned_configs}\n  File "/home/lijiaxing/.conda/envs/api/lib/python3.10/site-packages/triton/runtime/autotuner.py", line 160, in _bench\n    return self.do_bench(kernel_call, quantiles=(0.5, 0.2, 0.8))\n  File "/home/lijiaxing/.conda/envs/api/lib/python3.10/site-packages/triton/testing.py", line 149, in do_bench\n    fn()\n  File "/home/lijiaxing/.conda/envs/api/lib/python3.10/site-packages/triton/runtime/autotuner.py", line 146, in kernel_call\n    self.fn.run(\n  File "/home/lijiaxing/.conda/envs/api/lib/python3.10/site-packages/triton/runtime/jit.py", line 610, in run\n    grid = grid(bound_args)\n  File "/tmp/tmpmv5mu76z.py", line 107, in <lambda>\n    triton.cdiv(self.out_channels, opt.dkwargs[\'BLOCK_SIZE_C\']),\nAttributeError: \'dict\' object has no attribute \'dkwargs\'\n', 'runtime_error_name': 'builtins.AttributeError', 'reference_timing_ms': 0.301, 'speed_up': -1.0, 'custom_timing': -1.0}, 'runtime': -1.0, 'runtime_stats': {}}}
2025-08-08 03:49:07,214 - openevolve.llm.ensemble - INFO - Sampled model: deepseek
2025-08-08 03:49:07,229 - openevolve.threaded_parallel - INFO - Iteration 17: Program fa1e52d2-4db7-44d9-84eb-98b953cb1e87 (parent: ef45e62d-5233-4157-bed7-c4d86255f64a) completed in 458.78s
2025-08-08 03:49:07,229 - openevolve.threaded_parallel - INFO - Metrics: compiled=1.0000, correctness=0.0000, score=10.0000, stage=wrong_answer, verify_payload={'id': 'level3_6_GoogleNetInceptionModule', 'result': {'compiled': True, 'correctness': False, 'metadata': {'hardware': 'NVIDIA L20Y', 'device': 'cuda:7', 'runtime_error': 'Traceback (most recent call last):\n  File "/cpfs01/shared/llm_kernel/hujiakai/KernelLLM/validation_api_server/helpers/evaluations.py", line 720, in run_and_check_correctness\n    output_new = model_new(*inputs)\n  File "/home/lijiaxing/.conda/envs/api/lib/python3.10/site-packages/torch/nn/modules/module.py", line 1773, in _wrapped_call_impl\n    return self._call_impl(*args, **kwargs)\n  File "/home/lijiaxing/.conda/envs/api/lib/python3.10/site-packages/torch/nn/modules/module.py", line 1784, in _call_impl\n    return forward_call(*args, **kwargs)\n  File "/tmp/tmpmv5mu76z.py", line 140, in forward\n    branch1x1 = self.branch1x1(x)\n  File "/home/lijiaxing/.conda/envs/api/lib/python3.10/site-packages/torch/nn/modules/module.py", line 1773, in _wrapped_call_impl\n    return self._call_impl(*args, **kwargs)\n  File "/home/lijiaxing/.conda/envs/api/lib/python3.10/site-packages/torch/nn/modules/module.py", line 1784, in _call_impl\n    return forward_call(*args, **kwargs)\n  File "/tmp/tmpmv5mu76z.py", line 112, in forward\n    conv1x1_kernel[grid](\n  File "/home/lijiaxing/.conda/envs/api/lib/python3.10/site-packages/triton/runtime/jit.py", line 390, in <lambda>\n    return lambda *args, **kwargs: self.run(grid=grid, warmup=False, *args, **kwargs)\n  File "/home/lijiaxing/.conda/envs/api/lib/python3.10/site-packages/triton/runtime/autotuner.py", line 239, in run\n    benchmark()\n  File "/home/lijiaxing/.conda/envs/api/lib/python3.10/site-packages/triton/runtime/autotuner.py", line 228, in benchmark\n    timings = {config: self._bench(*args, config=config, **kwargs) for config in pruned_configs}\n  File "/home/lijiaxing/.conda/envs/api/lib/python3.10/site-packages/triton/runtime/autotuner.py", line 228, in <dictcomp>\n    timings = {config: self._bench(*args, config=config, **kwargs) for config in pruned_configs}\n  File "/home/lijiaxing/.conda/envs/api/lib/python3.10/site-packages/triton/runtime/autotuner.py", line 160, in _bench\n    return self.do_bench(kernel_call, quantiles=(0.5, 0.2, 0.8))\n  File "/home/lijiaxing/.conda/envs/api/lib/python3.10/site-packages/triton/testing.py", line 149, in do_bench\n    fn()\n  File "/home/lijiaxing/.conda/envs/api/lib/python3.10/site-packages/triton/runtime/autotuner.py", line 146, in kernel_call\n    self.fn.run(\n  File "/home/lijiaxing/.conda/envs/api/lib/python3.10/site-packages/triton/runtime/jit.py", line 610, in run\n    grid = grid(bound_args)\n  File "/tmp/tmpmv5mu76z.py", line 107, in <lambda>\n    triton.cdiv(self.out_channels, opt.dkwargs[\'BLOCK_SIZE_C\']),\nAttributeError: \'dict\' object has no attribute \'dkwargs\'\n', 'runtime_error_name': 'builtins.AttributeError', 'reference_timing_ms': 0.301, 'speed_up': -1.0, 'custom_timing': -1.0}, 'runtime': -1.0, 'runtime_stats': {}}}
2025-08-08 03:49:10,489 - openevolve.RemoteSpeedupEvaluator - INFO - [level3_6_GoogleNetInceptionModule] verify_plus request success
2025-08-08 03:49:10,490 - openevolve.RemoteSpeedupEvaluator - INFO - [level3_6_GoogleNetInceptionModule] verify_plus response: {"id":"level3_6_GoogleNetInceptionModule","result":{"compiled":true,"correctness":false,"metadata":{"hardware":"NVIDIA L20Y","device":"cuda:0","runtime_error":"Traceback (most recent call last):\n  File \"/home/lijiaxing/.conda/envs/api/lib/python3.10/site-packages/triton/language/core.py\", line 42, in wrapper\n    return fn(*args, **kwargs)\n  File \"/home/lijiaxing/.conda/envs/api/lib/python3.10/site-packages/triton/language/core.py\", line 2045, in dot\n    return _semantic.dot(input, other, acc, input_precision, max_num_imprecise_acc, out_dtype)\n  File \"/home/lijiaxing/.conda/envs/api/lib/python3.10/site-packages/triton/language/semantic.py\", line 1497, in dot\n    assert lhs_rank == rhs_rank == 2 or lhs_rank == rhs_rank == 3, f\"Both inputs must be either 2D or 3D; (lhs: {lhs.shap
2025-08-08 03:49:10,490 - openevolve.RemoteSpeedupEvaluator - INFO - [level3_6_GoogleNetInceptionModule] âœ˜ wrong_answer
2025-08-08 03:49:10,491 - openevolve.evaluator - INFO - Evaluated program 1d87c931-8a0d-42e9-af35-e39d83b76a6f in 4.23s: compiled=1.0000, correctness=0.0000, score=10.0000, stage=wrong_answer, verify_payload={'id': 'level3_6_GoogleNetInceptionModule', 'result': {'compiled': True, 'correctness': False, 'metadata': {'hardware': 'NVIDIA L20Y', 'device': 'cuda:0', 'runtime_error': 'Traceback (most recent call last):\n  File "/home/lijiaxing/.conda/envs/api/lib/python3.10/site-packages/triton/language/core.py", line 42, in wrapper\n    return fn(*args, **kwargs)\n  File "/home/lijiaxing/.conda/envs/api/lib/python3.10/site-packages/triton/language/core.py", line 2045, in dot\n    return _semantic.dot(input, other, acc, input_precision, max_num_imprecise_acc, out_dtype)\n  File "/home/lijiaxing/.conda/envs/api/lib/python3.10/site-packages/triton/language/semantic.py", line 1497, in dot\n    assert lhs_rank == rhs_rank == 2 or lhs_rank == rhs_rank == 3, f"Both inputs must be either 2D or 3D; (lhs: {lhs.shape} vs rhs: {rhs.shape})"\nAssertionError: Both inputs must be either 2D or 3D; (lhs: [\'constexpr[128]\', \'constexpr[64]\'] vs rhs: [\'constexpr[64]\'])\n\nThe above exception was the direct cause of the following exception:\n\nTraceback (most recent call last):\n  File "/cpfs01/shared/llm_kernel/hujiakai/KernelLLM/validation_api_server/helpers/evaluations.py", line 720, in run_and_check_correctness\n    output_new = model_new(*inputs)\n  File "/home/lijiaxing/.conda/envs/api/lib/python3.10/site-packages/torch/nn/modules/module.py", line 1773, in _wrapped_call_impl\n    return self._call_impl(*args, **kwargs)\n  File "/home/lijiaxing/.conda/envs/api/lib/python3.10/site-packages/torch/nn/modules/module.py", line 1784, in _call_impl\n    return forward_call(*args, **kwargs)\n  File "/tmp/tmpgb75l9ry.py", line 123, in forward\n    branch1x1 = conv1x1_triton(x, self.weight_1x1.squeeze(-1).squeeze(-1), self.bias_1x1)\n  File "/tmp/tmpgb75l9ry.py", line 82, in conv1x1_triton\n    conv1x1_kernel[grid](\n  File "/home/lijiaxing/.conda/envs/api/lib/python3.10/site-packages/triton/runtime/jit.py", line 390, in <lambda>\n    return lambda *args, **kwargs: self.run(grid=grid, warmup=False, *args, **kwargs)\n  File "/home/lijiaxing/.conda/envs/api/lib/python3.10/site-packages/triton/runtime/autotuner.py", line 239, in run\n    benchmark()\n  File "/home/lijiaxing/.conda/envs/api/lib/python3.10/site-packages/triton/runtime/autotuner.py", line 228, in benchmark\n    timings = {config: self._bench(*args, config=config, **kwargs) for config in pruned_configs}\n  File "/home/lijiaxing/.conda/envs/api/lib/python3.10/site-packages/triton/runtime/autotuner.py", line 228, in <dictcomp>\n    timings = {config: self._bench(*args, config=config, **kwargs) for config in pruned_configs}\n  File "/home/lijiaxing/.conda/envs/api/lib/python3.10/site-packages/triton/runtime/autotuner.py", line 160, in _bench\n    return self.do_bench(kernel_call, quantiles=(0.5, 0.2, 0.8))\n  File "/home/lijiaxing/.conda/envs/api/lib/python3.10/site-packages/triton/testing.py", line 149, in do_bench\n    fn()\n  File "/home/lijiaxing/.conda/envs/api/lib/python3.10/site-packages/triton/runtime/autotuner.py", line 146, in kernel_call\n    self.fn.run(\n  File "/home/lijiaxing/.conda/envs/api/lib/python3.10/site-packages/triton/runtime/jit.py", line 594, in run\n    kernel = self.compile(src, target=target, options=options.__dict__)\n  File "/home/lijiaxing/.conda/envs/api/lib/python3.10/site-packages/triton/compiler/compiler.py", line 339, in compile\n    module = src.make_ir(options, codegen_fns, module_map, context)\n  File "/home/lijiaxing/.conda/envs/api/lib/python3.10/site-packages/triton/compiler/compiler.py", line 83, in make_ir\n    return ast_to_ttir(self.fn, self, context=context, options=options, codegen_fns=codegen_fns,\ntriton.compiler.errors.CompilationError: at 44:19:\n            ic_offsets = ic_block_start + tl.arange(0, BLOCK_IC)\n            ic_mask = ic_offsets < in_channels\n\n            # Vectorized load for input block\n            x_vals = tl.load(base_x + ic_offsets * stride_x_c, mask=ic_mask, other=0.0)\n\n            # Load weight block with coalesced access\n            weight_ptrs = weight_ptr + oc_offsets[:, None] * stride_weight_oc + ic_offsets[None, :] * stride_weight_ic\n            w_block = tl.load(weight_ptrs, mask=oc_mask[:, None] & ic_mask[None, :], other=0.0)\n\n            # Tensor core accelerated matrix multiplication\n            acc += tl.dot(w_block, x_vals, allow_tf32=True)\n                   ^\n\n\nThe above exception was the direct cause of the following exception:\n\nTraceback (most recent call last):\n  File "/home/lijiaxing/.conda/envs/api/lib/python3.10/site-packages/triton/language/core.py", line 42, in wrapper\n    return fn(*args, **kwargs)\n  File "/home/lijiaxing/.conda/envs/api/lib/python3.10/site-packages/triton/language/core.py", line 2045, in dot\n    return _semantic.dot(input, other, acc, input_precision, max_num_imprecise_acc, out_dtype)\n  File "/home/lijiaxing/.conda/envs/api/lib/python3.10/site-packages/triton/language/semantic.py", line 1497, in dot\n    assert lhs_rank == rhs_rank == 2 or lhs_rank == rhs_rank == 3, f"Both inputs must be either 2D or 3D; (lhs: {lhs.shape} vs rhs: {rhs.shape})"\nAssertionError: Both inputs must be either 2D or 3D; (lhs: [\'constexpr[128]\', \'constexpr[64]\'] vs rhs: [\'constexpr[64]\'])\n', 'runtime_error_name': 'triton.compiler.errors.CompilationError', 'reference_timing_ms': 0.301, 'speed_up': -1.0, 'custom_timing': -1.0}, 'runtime': -1.0, 'runtime_stats': {}}}
2025-08-08 03:49:10,494 - openevolve.llm.ensemble - INFO - Sampled model: deepseek
2025-08-08 03:49:10,505 - openevolve.threaded_parallel - INFO - Iteration 18: Program 1d87c931-8a0d-42e9-af35-e39d83b76a6f (parent: f8b69d54-2d98-43e8-90c0-b752b9d6cb7f) completed in 305.06s
2025-08-08 03:49:10,505 - openevolve.threaded_parallel - INFO - Metrics: compiled=1.0000, correctness=0.0000, score=10.0000, stage=wrong_answer, verify_payload={'id': 'level3_6_GoogleNetInceptionModule', 'result': {'compiled': True, 'correctness': False, 'metadata': {'hardware': 'NVIDIA L20Y', 'device': 'cuda:0', 'runtime_error': 'Traceback (most recent call last):\n  File "/home/lijiaxing/.conda/envs/api/lib/python3.10/site-packages/triton/language/core.py", line 42, in wrapper\n    return fn(*args, **kwargs)\n  File "/home/lijiaxing/.conda/envs/api/lib/python3.10/site-packages/triton/language/core.py", line 2045, in dot\n    return _semantic.dot(input, other, acc, input_precision, max_num_imprecise_acc, out_dtype)\n  File "/home/lijiaxing/.conda/envs/api/lib/python3.10/site-packages/triton/language/semantic.py", line 1497, in dot\n    assert lhs_rank == rhs_rank == 2 or lhs_rank == rhs_rank == 3, f"Both inputs must be either 2D or 3D; (lhs: {lhs.shape} vs rhs: {rhs.shape})"\nAssertionError: Both inputs must be either 2D or 3D; (lhs: [\'constexpr[128]\', \'constexpr[64]\'] vs rhs: [\'constexpr[64]\'])\n\nThe above exception was the direct cause of the following exception:\n\nTraceback (most recent call last):\n  File "/cpfs01/shared/llm_kernel/hujiakai/KernelLLM/validation_api_server/helpers/evaluations.py", line 720, in run_and_check_correctness\n    output_new = model_new(*inputs)\n  File "/home/lijiaxing/.conda/envs/api/lib/python3.10/site-packages/torch/nn/modules/module.py", line 1773, in _wrapped_call_impl\n    return self._call_impl(*args, **kwargs)\n  File "/home/lijiaxing/.conda/envs/api/lib/python3.10/site-packages/torch/nn/modules/module.py", line 1784, in _call_impl\n    return forward_call(*args, **kwargs)\n  File "/tmp/tmpgb75l9ry.py", line 123, in forward\n    branch1x1 = conv1x1_triton(x, self.weight_1x1.squeeze(-1).squeeze(-1), self.bias_1x1)\n  File "/tmp/tmpgb75l9ry.py", line 82, in conv1x1_triton\n    conv1x1_kernel[grid](\n  File "/home/lijiaxing/.conda/envs/api/lib/python3.10/site-packages/triton/runtime/jit.py", line 390, in <lambda>\n    return lambda *args, **kwargs: self.run(grid=grid, warmup=False, *args, **kwargs)\n  File "/home/lijiaxing/.conda/envs/api/lib/python3.10/site-packages/triton/runtime/autotuner.py", line 239, in run\n    benchmark()\n  File "/home/lijiaxing/.conda/envs/api/lib/python3.10/site-packages/triton/runtime/autotuner.py", line 228, in benchmark\n    timings = {config: self._bench(*args, config=config, **kwargs) for config in pruned_configs}\n  File "/home/lijiaxing/.conda/envs/api/lib/python3.10/site-packages/triton/runtime/autotuner.py", line 228, in <dictcomp>\n    timings = {config: self._bench(*args, config=config, **kwargs) for config in pruned_configs}\n  File "/home/lijiaxing/.conda/envs/api/lib/python3.10/site-packages/triton/runtime/autotuner.py", line 160, in _bench\n    return self.do_bench(kernel_call, quantiles=(0.5, 0.2, 0.8))\n  File "/home/lijiaxing/.conda/envs/api/lib/python3.10/site-packages/triton/testing.py", line 149, in do_bench\n    fn()\n  File "/home/lijiaxing/.conda/envs/api/lib/python3.10/site-packages/triton/runtime/autotuner.py", line 146, in kernel_call\n    self.fn.run(\n  File "/home/lijiaxing/.conda/envs/api/lib/python3.10/site-packages/triton/runtime/jit.py", line 594, in run\n    kernel = self.compile(src, target=target, options=options.__dict__)\n  File "/home/lijiaxing/.conda/envs/api/lib/python3.10/site-packages/triton/compiler/compiler.py", line 339, in compile\n    module = src.make_ir(options, codegen_fns, module_map, context)\n  File "/home/lijiaxing/.conda/envs/api/lib/python3.10/site-packages/triton/compiler/compiler.py", line 83, in make_ir\n    return ast_to_ttir(self.fn, self, context=context, options=options, codegen_fns=codegen_fns,\ntriton.compiler.errors.CompilationError: at 44:19:\n            ic_offsets = ic_block_start + tl.arange(0, BLOCK_IC)\n            ic_mask = ic_offsets < in_channels\n\n            # Vectorized load for input block\n            x_vals = tl.load(base_x + ic_offsets * stride_x_c, mask=ic_mask, other=0.0)\n\n            # Load weight block with coalesced access\n            weight_ptrs = weight_ptr + oc_offsets[:, None] * stride_weight_oc + ic_offsets[None, :] * stride_weight_ic\n            w_block = tl.load(weight_ptrs, mask=oc_mask[:, None] & ic_mask[None, :], other=0.0)\n\n            # Tensor core accelerated matrix multiplication\n            acc += tl.dot(w_block, x_vals, allow_tf32=True)\n                   ^\n\n\nThe above exception was the direct cause of the following exception:\n\nTraceback (most recent call last):\n  File "/home/lijiaxing/.conda/envs/api/lib/python3.10/site-packages/triton/language/core.py", line 42, in wrapper\n    return fn(*args, **kwargs)\n  File "/home/lijiaxing/.conda/envs/api/lib/python3.10/site-packages/triton/language/core.py", line 2045, in dot\n    return _semantic.dot(input, other, acc, input_precision, max_num_imprecise_acc, out_dtype)\n  File "/home/lijiaxing/.conda/envs/api/lib/python3.10/site-packages/triton/language/semantic.py", line 1497, in dot\n    assert lhs_rank == rhs_rank == 2 or lhs_rank == rhs_rank == 3, f"Both inputs must be either 2D or 3D; (lhs: {lhs.shape} vs rhs: {rhs.shape})"\nAssertionError: Both inputs must be either 2D or 3D; (lhs: [\'constexpr[128]\', \'constexpr[64]\'] vs rhs: [\'constexpr[64]\'])\n', 'runtime_error_name': 'triton.compiler.errors.CompilationError', 'reference_timing_ms': 0.301, 'speed_up': -1.0, 'custom_timing': -1.0}, 'runtime': -1.0, 'runtime_stats': {}}}
2025-08-08 03:49:10,505 - openevolve.threaded_parallel - INFO - Checkpoint interval reached at iteration 18
2025-08-08 03:49:10,507 - openevolve.database - INFO - Island Status:
2025-08-08 03:49:10,507 - openevolve.database - INFO -  * Island 0: 8 programs, best=20.0000, avg=-1.2500, diversity=535.92, gen=7 (best: 5092794b-55d3-42db-bdae-6d6e05c20435)
2025-08-08 03:49:10,508 - openevolve.database - INFO -    Island 1: 6 programs, best=10.0000, avg=-8.3333, diversity=1151.53, gen=6 (best: ef45e62d-5233-4157-bed7-c4d86255f64a)
2025-08-08 03:49:10,508 - openevolve.database - INFO -    Island 2: 6 programs, best=20.0000, avg=13.3333, diversity=188.30, gen=6 (best: f68abc8a-9219-4931-bf3e-2226d5936301)
2025-08-08 03:49:10,727 - openevolve.database - INFO - Saved database with 20 programs to openevolve_output/level3_6_GoogleNetInceptionModule/checkpoints/checkpoint_18
2025-08-08 03:49:10,742 - openevolve.controller - INFO - Saved best program at checkpoint 18 with metrics: compiled=1.0000, correctness=1.0000, stage=success, passed=0.0000, score=20.0000, speed_up=0.0100, runtime_ms=28.8000, meta={'hardware': 'NVIDIA L20Y', 'device': 'cuda:2', 'correctness_trials': '(5 / 5)', 'reference_timing_ms': 0.301, 'speed_up': 0.01, 'custom_timing': 28.8}
2025-08-08 03:49:10,742 - openevolve.controller - INFO - Saved checkpoint at iteration 18 to openevolve_output/level3_6_GoogleNetInceptionModule/checkpoints/checkpoint_18
2025-08-08 03:51:55,109 - openevolve.RemoteSpeedupEvaluator - INFO - [level3_6_GoogleNetInceptionModule] triton key words check pass
2025-08-08 03:51:55,111 - openevolve.RemoteSpeedupEvaluator - INFO - [level3_6_GoogleNetInceptionModule] verify_plus payload: reference_code(2413 chars) + custom_code(5959 chars)
2025-08-08 03:51:59,149 - openevolve.RemoteSpeedupEvaluator - INFO - [level3_6_GoogleNetInceptionModule] verify_plus request success
2025-08-08 03:51:59,149 - openevolve.RemoteSpeedupEvaluator - INFO - [level3_6_GoogleNetInceptionModule] verify_plus response: {"id":"level3_6_GoogleNetInceptionModule","result":{"compiled":true,"correctness":false,"metadata":{"hardware":"NVIDIA L20Y","device":"cuda:2","runtime_error":"Traceback (most recent call last):\n  File \"/cpfs01/shared/llm_kernel/hujiakai/KernelLLM/validation_api_server/helpers/evaluations.py\", line 720, in run_and_check_correctness\n    output_new = model_new(*inputs)\n  File \"/home/lijiaxing/.conda/envs/api/lib/python3.10/site-packages/torch/nn/modules/module.py\", line 1773, in _wrapped_call_impl\n    return self._call_impl(*args, **kwargs)\n  File \"/home/lijiaxing/.conda/envs/api/lib/python3.10/site-packages/torch/nn/modules/module.py\", line 1784, in _call_impl\n    return forward_call(*args, **kwargs)\n  File \"/tmp/tmpc5stycsn.py\", line 137, in forward\n    branch1x1 = conv1x1_
2025-08-08 03:51:59,149 - openevolve.RemoteSpeedupEvaluator - INFO - [level3_6_GoogleNetInceptionModule] âœ˜ wrong_answer
2025-08-08 03:51:59,150 - openevolve.evaluator - INFO - Evaluated program 7723eff5-96f8-4e60-9812-2256ffcdd2e3 in 4.04s: compiled=1.0000, correctness=0.0000, score=10.0000, stage=wrong_answer, verify_payload={'id': 'level3_6_GoogleNetInceptionModule', 'result': {'compiled': True, 'correctness': False, 'metadata': {'hardware': 'NVIDIA L20Y', 'device': 'cuda:2', 'runtime_error': 'Traceback (most recent call last):\n  File "/cpfs01/shared/llm_kernel/hujiakai/KernelLLM/validation_api_server/helpers/evaluations.py", line 720, in run_and_check_correctness\n    output_new = model_new(*inputs)\n  File "/home/lijiaxing/.conda/envs/api/lib/python3.10/site-packages/torch/nn/modules/module.py", line 1773, in _wrapped_call_impl\n    return self._call_impl(*args, **kwargs)\n  File "/home/lijiaxing/.conda/envs/api/lib/python3.10/site-packages/torch/nn/modules/module.py", line 1784, in _call_impl\n    return forward_call(*args, **kwargs)\n  File "/tmp/tmpc5stycsn.py", line 137, in forward\n    branch1x1 = conv1x1_triton(x, self.weight_1x1, self.bias_1x1)\n  File "/tmp/tmpc5stycsn.py", line 91, in conv1x1_triton\n    conv1x1_kernel[grid](\n  File "/home/lijiaxing/.conda/envs/api/lib/python3.10/site-packages/triton/runtime/jit.py", line 390, in <lambda>\n    return lambda *args, **kwargs: self.run(grid=grid, warmup=False, *args, **kwargs)\n  File "/home/lijiaxing/.conda/envs/api/lib/python3.10/site-packages/triton/runtime/autotuner.py", line 239, in run\n    benchmark()\n  File "/home/lijiaxing/.conda/envs/api/lib/python3.10/site-packages/triton/runtime/autotuner.py", line 228, in benchmark\n    timings = {config: self._bench(*args, config=config, **kwargs) for config in pruned_configs}\n  File "/home/lijiaxing/.conda/envs/api/lib/python3.10/site-packages/triton/runtime/autotuner.py", line 228, in <dictcomp>\n    timings = {config: self._bench(*args, config=config, **kwargs) for config in pruned_configs}\n  File "/home/lijiaxing/.conda/envs/api/lib/python3.10/site-packages/triton/runtime/autotuner.py", line 135, in _bench\n    raise ValueError(f"Conflicting meta-parameters: {\', \'.join(conflicts)}."\nValueError: Conflicting meta-parameters: BLOCK_SIZE_OC, BLOCK_SIZE_IC. Make sure that you don\'t re-define auto-tuned symbols.\n', 'runtime_error_name': 'builtins.ValueError', 'reference_timing_ms': 0.301, 'speed_up': -1.0, 'custom_timing': -1.0}, 'runtime': -1.0, 'runtime_stats': {}}}
2025-08-08 03:51:59,155 - openevolve.llm.ensemble - INFO - Sampled model: deepseek
2025-08-08 03:51:59,165 - openevolve.threaded_parallel - INFO - Iteration 19: Program 7723eff5-96f8-4e60-9812-2256ffcdd2e3 (parent: b6dcfbf5-4684-4ec2-92c1-da7ff60fc74b) completed in 345.92s
2025-08-08 03:51:59,165 - openevolve.threaded_parallel - INFO - Metrics: compiled=1.0000, correctness=0.0000, score=10.0000, stage=wrong_answer, verify_payload={'id': 'level3_6_GoogleNetInceptionModule', 'result': {'compiled': True, 'correctness': False, 'metadata': {'hardware': 'NVIDIA L20Y', 'device': 'cuda:2', 'runtime_error': 'Traceback (most recent call last):\n  File "/cpfs01/shared/llm_kernel/hujiakai/KernelLLM/validation_api_server/helpers/evaluations.py", line 720, in run_and_check_correctness\n    output_new = model_new(*inputs)\n  File "/home/lijiaxing/.conda/envs/api/lib/python3.10/site-packages/torch/nn/modules/module.py", line 1773, in _wrapped_call_impl\n    return self._call_impl(*args, **kwargs)\n  File "/home/lijiaxing/.conda/envs/api/lib/python3.10/site-packages/torch/nn/modules/module.py", line 1784, in _call_impl\n    return forward_call(*args, **kwargs)\n  File "/tmp/tmpc5stycsn.py", line 137, in forward\n    branch1x1 = conv1x1_triton(x, self.weight_1x1, self.bias_1x1)\n  File "/tmp/tmpc5stycsn.py", line 91, in conv1x1_triton\n    conv1x1_kernel[grid](\n  File "/home/lijiaxing/.conda/envs/api/lib/python3.10/site-packages/triton/runtime/jit.py", line 390, in <lambda>\n    return lambda *args, **kwargs: self.run(grid=grid, warmup=False, *args, **kwargs)\n  File "/home/lijiaxing/.conda/envs/api/lib/python3.10/site-packages/triton/runtime/autotuner.py", line 239, in run\n    benchmark()\n  File "/home/lijiaxing/.conda/envs/api/lib/python3.10/site-packages/triton/runtime/autotuner.py", line 228, in benchmark\n    timings = {config: self._bench(*args, config=config, **kwargs) for config in pruned_configs}\n  File "/home/lijiaxing/.conda/envs/api/lib/python3.10/site-packages/triton/runtime/autotuner.py", line 228, in <dictcomp>\n    timings = {config: self._bench(*args, config=config, **kwargs) for config in pruned_configs}\n  File "/home/lijiaxing/.conda/envs/api/lib/python3.10/site-packages/triton/runtime/autotuner.py", line 135, in _bench\n    raise ValueError(f"Conflicting meta-parameters: {\', \'.join(conflicts)}."\nValueError: Conflicting meta-parameters: BLOCK_SIZE_OC, BLOCK_SIZE_IC. Make sure that you don\'t re-define auto-tuned symbols.\n', 'runtime_error_name': 'builtins.ValueError', 'reference_timing_ms': 0.301, 'speed_up': -1.0, 'custom_timing': -1.0}, 'runtime': -1.0, 'runtime_stats': {}}}
2025-08-08 03:56:01,587 - openevolve.RemoteSpeedupEvaluator - INFO - [level3_6_GoogleNetInceptionModule] triton key words check pass
2025-08-08 03:56:01,589 - openevolve.RemoteSpeedupEvaluator - INFO - [level3_6_GoogleNetInceptionModule] verify_plus payload: reference_code(2413 chars) + custom_code(6000 chars)
2025-08-08 03:56:06,962 - openevolve.RemoteSpeedupEvaluator - INFO - [level3_6_GoogleNetInceptionModule] verify_plus request success
2025-08-08 03:56:06,962 - openevolve.RemoteSpeedupEvaluator - INFO - [level3_6_GoogleNetInceptionModule] verify_plus response: {"id":"level3_6_GoogleNetInceptionModule","result":{"compiled":true,"correctness":false,"metadata":{"hardware":"NVIDIA L20Y","device":"cuda:0","runtime_error":"Traceback (most recent call last):\n  File \"/cpfs01/shared/llm_kernel/hujiakai/KernelLLM/validation_api_server/helpers/evaluations.py\", line 720, in run_and_check_correctness\n    output_new = model_new(*inputs)\n  File \"/home/lijiaxing/.conda/envs/api/lib/python3.10/site-packages/torch/nn/modules/module.py\", line 1773, in _wrapped_call_impl\n    return self._call_impl(*args, **kwargs)\n  File \"/home/lijiaxing/.conda/envs/api/lib/python3.10/site-packages/torch/nn/modules/module.py\", line 1784, in _call_impl\n    return forward_call(*args, **kwargs)\n  File \"/tmp/tmpccui18to.py\", line 140, in forward\n    branch1x1 = self.bra
2025-08-08 03:56:06,962 - openevolve.RemoteSpeedupEvaluator - INFO - [level3_6_GoogleNetInceptionModule] âœ˜ wrong_answer
2025-08-08 03:56:06,963 - openevolve.evaluator - INFO - Evaluated program f0b3f639-655f-4828-a0fa-a160390842c9 in 5.38s: compiled=1.0000, correctness=0.0000, score=10.0000, stage=wrong_answer, verify_payload={'id': 'level3_6_GoogleNetInceptionModule', 'result': {'compiled': True, 'correctness': False, 'metadata': {'hardware': 'NVIDIA L20Y', 'device': 'cuda:0', 'runtime_error': 'Traceback (most recent call last):\n  File "/cpfs01/shared/llm_kernel/hujiakai/KernelLLM/validation_api_server/helpers/evaluations.py", line 720, in run_and_check_correctness\n    output_new = model_new(*inputs)\n  File "/home/lijiaxing/.conda/envs/api/lib/python3.10/site-packages/torch/nn/modules/module.py", line 1773, in _wrapped_call_impl\n    return self._call_impl(*args, **kwargs)\n  File "/home/lijiaxing/.conda/envs/api/lib/python3.10/site-packages/torch/nn/modules/module.py", line 1784, in _call_impl\n    return forward_call(*args, **kwargs)\n  File "/tmp/tmpccui18to.py", line 140, in forward\n    branch1x1 = self.branch1x1(x)\n  File "/home/lijiaxing/.conda/envs/api/lib/python3.10/site-packages/torch/nn/modules/module.py", line 1773, in _wrapped_call_impl\n    return self._call_impl(*args, **kwargs)\n  File "/home/lijiaxing/.conda/envs/api/lib/python3.10/site-packages/torch/nn/modules/module.py", line 1784, in _call_impl\n    return forward_call(*args, **kwargs)\n  File "/tmp/tmpccui18to.py", line 112, in forward\n    conv1x1_kernel[grid](\n  File "/home/lijiaxing/.conda/envs/api/lib/python3.10/site-packages/triton/runtime/jit.py", line 390, in <lambda>\n    return lambda *args, **kwargs: self.run(grid=grid, warmup=False, *args, **kwargs)\n  File "/home/lijiaxing/.conda/envs/api/lib/python3.10/site-packages/triton/runtime/autotuner.py", line 239, in run\n    benchmark()\n  File "/home/lijiaxing/.conda/envs/api/lib/python3.10/site-packages/triton/runtime/autotuner.py", line 228, in benchmark\n    timings = {config: self._bench(*args, config=config, **kwargs) for config in pruned_configs}\n  File "/home/lijiaxing/.conda/envs/api/lib/python3.10/site-packages/triton/runtime/autotuner.py", line 228, in <dictcomp>\n    timings = {config: self._bench(*args, config=config, **kwargs) for config in pruned_configs}\n  File "/home/lijiaxing/.conda/envs/api/lib/python3.10/site-packages/triton/runtime/autotuner.py", line 160, in _bench\n    return self.do_bench(kernel_call, quantiles=(0.5, 0.2, 0.8))\n  File "/home/lijiaxing/.conda/envs/api/lib/python3.10/site-packages/triton/testing.py", line 149, in do_bench\n    fn()\n  File "/home/lijiaxing/.conda/envs/api/lib/python3.10/site-packages/triton/runtime/autotuner.py", line 146, in kernel_call\n    self.fn.run(\n  File "/home/lijiaxing/.conda/envs/api/lib/python3.10/site-packages/triton/runtime/jit.py", line 610, in run\n    grid = grid(bound_args)\n  File "/tmp/tmpccui18to.py", line 107, in <lambda>\n    triton.cdiv(self.out_channels, opt.dkwargs[\'BLOCK_SIZE_C\']),\nAttributeError: \'dict\' object has no attribute \'dkwargs\'\n', 'runtime_error_name': 'builtins.AttributeError', 'reference_timing_ms': 0.301, 'speed_up': -1.0, 'custom_timing': -1.0}, 'runtime': -1.0, 'runtime_stats': {}}}
2025-08-08 03:56:06,969 - openevolve.llm.ensemble - INFO - Sampled model: deepseek
2025-08-08 03:56:06,983 - openevolve.threaded_parallel - INFO - Iteration 20: Program f0b3f639-655f-4828-a0fa-a160390842c9 (parent: 06eb7019-13e6-4372-9186-96458c07751c) completed in 419.75s
2025-08-08 03:56:06,984 - openevolve.threaded_parallel - INFO - Metrics: compiled=1.0000, correctness=0.0000, score=10.0000, stage=wrong_answer, verify_payload={'id': 'level3_6_GoogleNetInceptionModule', 'result': {'compiled': True, 'correctness': False, 'metadata': {'hardware': 'NVIDIA L20Y', 'device': 'cuda:0', 'runtime_error': 'Traceback (most recent call last):\n  File "/cpfs01/shared/llm_kernel/hujiakai/KernelLLM/validation_api_server/helpers/evaluations.py", line 720, in run_and_check_correctness\n    output_new = model_new(*inputs)\n  File "/home/lijiaxing/.conda/envs/api/lib/python3.10/site-packages/torch/nn/modules/module.py", line 1773, in _wrapped_call_impl\n    return self._call_impl(*args, **kwargs)\n  File "/home/lijiaxing/.conda/envs/api/lib/python3.10/site-packages/torch/nn/modules/module.py", line 1784, in _call_impl\n    return forward_call(*args, **kwargs)\n  File "/tmp/tmpccui18to.py", line 140, in forward\n    branch1x1 = self.branch1x1(x)\n  File "/home/lijiaxing/.conda/envs/api/lib/python3.10/site-packages/torch/nn/modules/module.py", line 1773, in _wrapped_call_impl\n    return self._call_impl(*args, **kwargs)\n  File "/home/lijiaxing/.conda/envs/api/lib/python3.10/site-packages/torch/nn/modules/module.py", line 1784, in _call_impl\n    return forward_call(*args, **kwargs)\n  File "/tmp/tmpccui18to.py", line 112, in forward\n    conv1x1_kernel[grid](\n  File "/home/lijiaxing/.conda/envs/api/lib/python3.10/site-packages/triton/runtime/jit.py", line 390, in <lambda>\n    return lambda *args, **kwargs: self.run(grid=grid, warmup=False, *args, **kwargs)\n  File "/home/lijiaxing/.conda/envs/api/lib/python3.10/site-packages/triton/runtime/autotuner.py", line 239, in run\n    benchmark()\n  File "/home/lijiaxing/.conda/envs/api/lib/python3.10/site-packages/triton/runtime/autotuner.py", line 228, in benchmark\n    timings = {config: self._bench(*args, config=config, **kwargs) for config in pruned_configs}\n  File "/home/lijiaxing/.conda/envs/api/lib/python3.10/site-packages/triton/runtime/autotuner.py", line 228, in <dictcomp>\n    timings = {config: self._bench(*args, config=config, **kwargs) for config in pruned_configs}\n  File "/home/lijiaxing/.conda/envs/api/lib/python3.10/site-packages/triton/runtime/autotuner.py", line 160, in _bench\n    return self.do_bench(kernel_call, quantiles=(0.5, 0.2, 0.8))\n  File "/home/lijiaxing/.conda/envs/api/lib/python3.10/site-packages/triton/testing.py", line 149, in do_bench\n    fn()\n  File "/home/lijiaxing/.conda/envs/api/lib/python3.10/site-packages/triton/runtime/autotuner.py", line 146, in kernel_call\n    self.fn.run(\n  File "/home/lijiaxing/.conda/envs/api/lib/python3.10/site-packages/triton/runtime/jit.py", line 610, in run\n    grid = grid(bound_args)\n  File "/tmp/tmpccui18to.py", line 107, in <lambda>\n    triton.cdiv(self.out_channels, opt.dkwargs[\'BLOCK_SIZE_C\']),\nAttributeError: \'dict\' object has no attribute \'dkwargs\'\n', 'runtime_error_name': 'builtins.AttributeError', 'reference_timing_ms': 0.301, 'speed_up': -1.0, 'custom_timing': -1.0}, 'runtime': -1.0, 'runtime_stats': {}}}
2025-08-08 03:58:28,499 - openevolve.RemoteSpeedupEvaluator - INFO - [level3_6_GoogleNetInceptionModule] âœ˜ invalid_answer '@triton.jit' is not found
2025-08-08 03:58:28,501 - openevolve.evaluator - INFO - Evaluated program df6cba0d-2182-4dcc-b9a4-8de331b9355d in 0.00s: compiled=0.0000, correctness=0.0000, score=-100.0000, stage=no_valid_triton_code, feedback=You need to generate real and valid triton code for the core function. The key word '@triton.jit' is not found.
2025-08-08 03:58:28,505 - openevolve.llm.ensemble - INFO - Sampled model: deepseek
2025-08-08 03:58:28,509 - openevolve.database - INFO - New MAP-Elites cell occupied: {'score': -1000, 'complexity': 8}
2025-08-08 03:58:28,522 - openevolve.threaded_parallel - INFO - Iteration 23: Program df6cba0d-2182-4dcc-b9a4-8de331b9355d (parent: 800a0288-02fe-4386-b07d-593d03a060c3) completed in 141.53s
2025-08-08 03:58:28,522 - openevolve.threaded_parallel - INFO - Metrics: compiled=0.0000, correctness=0.0000, score=-100.0000, stage=no_valid_triton_code, feedback=You need to generate real and valid triton code for the core function. The key word '@triton.jit' is not found.
2025-08-08 04:00:22,232 - openevolve.RemoteSpeedupEvaluator - INFO - [level3_6_GoogleNetInceptionModule] triton key words check pass
2025-08-08 04:00:22,234 - openevolve.RemoteSpeedupEvaluator - INFO - [level3_6_GoogleNetInceptionModule] verify_plus payload: reference_code(2413 chars) + custom_code(4919 chars)
2025-08-08 04:00:24,745 - openevolve.RemoteSpeedupEvaluator - INFO - [level3_6_GoogleNetInceptionModule] verify_plus request success
2025-08-08 04:00:24,745 - openevolve.RemoteSpeedupEvaluator - INFO - [level3_6_GoogleNetInceptionModule] verify_plus response: {"id":"level3_6_GoogleNetInceptionModule","result":{"error":"name 'reduce_æž3' is not defined\nTraceback (most recent call last):\n  File \"/cpfs01/shared/llm_kernel/hujiakai/KernelLLM/validation_api_server/evaluator.py\", line 173, in _verification_worker\n    result: KernelExecResult = eval_kernel_against_ref(\n  File \"/cpfs01/shared/llm_kernel/hujiakai/KernelLLM/validation_api_server/helpers/evaluations.py\", line 484, in eval_kernel_against_ref\n    custom_model = ModelNew(*init_args, **init_kwargs)\n  File \"/tmp/tmp73umtser.py\", line 100, in __init__\n    nn.Conv2d(reduce_æž3, out_3x3, kernel_size=3, padding=1)\nNameError: name 'reduce_æž3' is not defined. Did you mean: 'reduce_3x3'?\n"}}
2025-08-08 04:00:24,745 - openevolve.RemoteSpeedupEvaluator - INFO - [level3_6_GoogleNetInceptionModule] âœ˜ compile_error
2025-08-08 04:00:24,745 - openevolve.RemoteSpeedupEvaluator - INFO - [level3_6_GoogleNetInceptionModule_38c16f] execute payload: {id:level3_6_GoogleNetInceptionModule_38c16f, device_type:NV_LY_20}
2025-08-08 04:00:26,804 - openevolve.RemoteSpeedupEvaluator - INFO - [level3_6_GoogleNetInceptionModule_38c16f] execute request success
2025-08-08 04:00:26,804 - openevolve.RemoteSpeedupEvaluator - INFO - [level3_6_GoogleNetInceptionModule_38c16f] execute response: {"id":"level3_6_GoogleNetInceptionModule_38c16f","exit_code":"1","content":"[Child] ç»‘å®š GPU 2, torch sees 1 device(s)\n\n[Exception]\nTraceback (most recent call last):\n  File \"/cpfs01/shared/llm_kernel/hujiakai/KernelLLM/validation_api_server/code_executor.py\", line 71, in _exec_worker\n    exec(textwrap.dedent(code_src), mod.__dict__)\n  File \"<string>\", line 10, in <module>\n  File \"/home/lijiaxing/.conda/envs/api/lib/python3.10/site-packages/triton/runtime/jit.py\", line 844, in jit\n    return decorator(fn)\n  File \"/home/lijiaxing/.conda/envs/api/lib/python3.10/site-packages/triton/runtime/jit.py\", line 832, in decorator\n    return JITFunction(\n  File \"/home/lijiaxing/.conda/envs/api/lib/python3.10/site-packages/triton/runtime/jit.py\", line 635, in __init__\n    self.start
2025-08-08 04:00:26,805 - openevolve.evaluator - INFO - Evaluated program 73d97ea1-1cee-405b-84cf-05b2238a2cce in 4.57s: compiled=0.0000, correctness=0.0000, score=1.0000, stage=compile_error, compile_log=name 'reduce_æž3' is not defined
Traceback (most recent call last):
  File "/cpfs01/shared/llm_kernel/hujiakai/KernelLLM/validation_api_server/evaluator.py", line 173, in _verification_worker
    result: KernelExecResult = eval_kernel_against_ref(
  File "/cpfs01/shared/llm_kernel/hujiakai/KernelLLM/validation_api_server/helpers/evaluations.py", line 484, in eval_kernel_against_ref
    custom_model = ModelNew(*init_args, **init_kwargs)
  File "/tmp/tmp73umtser.py", line 100, in __init__
    nn.Conv2d(reduce_æž3, out_3x3, kernel_size=3, padding=1)
NameError: name 'reduce_æž3' is not defined. Did you mean: 'reduce_3x3'?
, exec_log=[Child] ç»‘å®š GPU 2, torch sees 1 device(s)

[Exception]
Traceback (most recent call last):
  File "/cpfs01/shared/llm_kernel/hujiakai/KernelLLM/validation_api_server/code_executor.py", line 71, in _exec_worker
    exec(textwrap.dedent(code_src), mod.__dict__)
  File "<string>", line 10, in <module>
  File "/home/lijiaxing/.conda/envs/api/lib/python3.10/site-packages/triton/runtime/jit.py", line 844, in jit
    return decorator(fn)
  File "/home/lijiaxing/.conda/envs/api/lib/python3.10/site-packages/triton/runtime/jit.py", line 832, in decorator
    return JITFunction(
  File "/home/lijiaxing/.conda/envs/api/lib/python3.10/site-packages/triton/runtime/jit.py", line 635, in __init__
    self.starting_line_number = inspect.getsourcelines(fn)[1]
  File "/home/lijiaxing/.conda/envs/api/lib/python3.10/inspect.py", line 1121, in getsourcelines
    lines, lnum = findsource(object)
  File "/home/lijiaxing/.conda/envs/api/lib/python3.10/inspect.py", line 958, in findsource
    raise OSError('could not get source code')
OSError: could not get source code
, exit_code=1
2025-08-08 04:00:26,810 - openevolve.llm.ensemble - INFO - Sampled model: deepseek
2025-08-08 04:00:26,821 - openevolve.threaded_parallel - INFO - Iteration 21: Program 73d97ea1-1cee-405b-84cf-05b2238a2cce (parent: f68abc8a-9219-4931-bf3e-2226d5936301) completed in 676.31s
2025-08-08 04:00:26,821 - openevolve.threaded_parallel - INFO - Metrics: compiled=0.0000, correctness=0.0000, score=1.0000, stage=compile_error, compile_log=name 'reduce_æž3' is not defined
Traceback (most recent call last):
  File "/cpfs01/shared/llm_kernel/hujiakai/KernelLLM/validation_api_server/evaluator.py", line 173, in _verification_worker
    result: KernelExecResult = eval_kernel_against_ref(
  File "/cpfs01/shared/llm_kernel/hujiakai/KernelLLM/validation_api_server/helpers/evaluations.py", line 484, in eval_kernel_against_ref
    custom_model = ModelNew(*init_args, **init_kwargs)
  File "/tmp/tmp73umtser.py", line 100, in __init__
    nn.Conv2d(reduce_æž3, out_3x3, kernel_size=3, padding=1)
NameError: name 'reduce_æž3' is not defined. Did you mean: 'reduce_3x3'?
, exec_log=[Child] ç»‘å®š GPU 2, torch sees 1 device(s)

[Exception]
Traceback (most recent call last):
  File "/cpfs01/shared/llm_kernel/hujiakai/KernelLLM/validation_api_server/code_executor.py", line 71, in _exec_worker
    exec(textwrap.dedent(code_src), mod.__dict__)
  File "<string>", line 10, in <module>
  File "/home/lijiaxing/.conda/envs/api/lib/python3.10/site-packages/triton/runtime/jit.py", line 844, in jit
    return decorator(fn)
  File "/home/lijiaxing/.conda/envs/api/lib/python3.10/site-packages/triton/runtime/jit.py", line 832, in decorator
    return JITFunction(
  File "/home/lijiaxing/.conda/envs/api/lib/python3.10/site-packages/triton/runtime/jit.py", line 635, in __init__
    self.starting_line_number = inspect.getsourcelines(fn)[1]
  File "/home/lijiaxing/.conda/envs/api/lib/python3.10/inspect.py", line 1121, in getsourcelines
    lines, lnum = findsource(object)
  File "/home/lijiaxing/.conda/envs/api/lib/python3.10/inspect.py", line 958, in findsource
    raise OSError('could not get source code')
OSError: could not get source code
, exit_code=1
2025-08-08 04:00:26,821 - openevolve.threaded_parallel - INFO - Checkpoint interval reached at iteration 21
2025-08-08 04:00:26,823 - openevolve.database - INFO - Island Status:
2025-08-08 04:00:26,823 - openevolve.database - INFO -    Island 0: 10 programs, best=20.0000, avg=0.1000, diversity=330.70, gen=8 (best: 5092794b-55d3-42db-bdae-6d6e05c20435)
2025-08-08 04:00:26,823 - openevolve.database - INFO -  * Island 1: 7 programs, best=10.0000, avg=-5.7143, diversity=1106.88, gen=8 (best: ef45e62d-5233-4157-bed7-c4d86255f64a)
2025-08-08 04:00:26,824 - openevolve.database - INFO -    Island 2: 7 programs, best=20.0000, avg=-2.8571, diversity=251.80, gen=7 (best: f68abc8a-9219-4931-bf3e-2226d5936301)
2025-08-08 04:00:27,116 - openevolve.database - INFO - Saved database with 24 programs to openevolve_output/level3_6_GoogleNetInceptionModule/checkpoints/checkpoint_21
2025-08-08 04:00:27,132 - openevolve.controller - INFO - Saved best program at checkpoint 21 with metrics: compiled=1.0000, correctness=1.0000, stage=success, passed=0.0000, score=20.0000, speed_up=0.0100, runtime_ms=28.8000, meta={'hardware': 'NVIDIA L20Y', 'device': 'cuda:2', 'correctness_trials': '(5 / 5)', 'reference_timing_ms': 0.301, 'speed_up': 0.01, 'custom_timing': 28.8}
2025-08-08 04:00:27,132 - openevolve.controller - INFO - Saved checkpoint at iteration 21 to openevolve_output/level3_6_GoogleNetInceptionModule/checkpoints/checkpoint_21
2025-08-08 04:07:17,876 - openevolve.RemoteSpeedupEvaluator - INFO - [level3_6_GoogleNetInceptionModule] triton key words check pass
2025-08-08 04:07:17,878 - openevolve.RemoteSpeedupEvaluator - INFO - [level3_6_GoogleNetInceptionModule] verify_plus payload: reference_code(2413 chars) + custom_code(4883 chars)
2025-08-08 04:07:20,275 - openevolve.RemoteSpeedupEvaluator - INFO - [level3_6_GoogleNetInceptionModule] verify_plus request success
2025-08-08 04:07:20,276 - openevolve.RemoteSpeedupEvaluator - INFO - [level3_6_GoogleNetInceptionModule] verify_plus response: {"id":"level3_6_GoogleNetInceptionModule","result":{"compiled":false,"correctness":false,"metadata":{"hardware":"NVIDIA L20Y","device":"cuda:5","compilation_error_name":"builtins.SyntaxError","compilation_error":"invalid syntax (tmpgoi_9108.py, line 104)","reference_timing_ms":0.301,"speed_up":-1.0,"custom_timing":-1.0},"runtime":-1.0,"runtime_stats":{}}}
2025-08-08 04:07:20,276 - openevolve.RemoteSpeedupEvaluator - INFO - [level3_6_GoogleNetInceptionModule] âœ˜ compile_error
2025-08-08 04:07:20,276 - openevolve.RemoteSpeedupEvaluator - INFO - [level3_6_GoogleNetInceptionModule_f3aab9] execute payload: {id:level3_6_GoogleNetInceptionModule_f3aab9, device_type:NV_LY_20}
2025-08-08 04:07:22,526 - openevolve.RemoteSpeedupEvaluator - INFO - [level3_6_GoogleNetInceptionModule_f3aab9] execute request success
2025-08-08 04:07:22,526 - openevolve.RemoteSpeedupEvaluator - INFO - [level3_6_GoogleNetInceptionModule_f3aab9] execute response: {"id":"level3_6_GoogleNetInceptionModule_f3aab9","exit_code":"1","content":"[Child] ç»‘å®š GPU 7, torch sees 1 device(s)\n\n[Exception]\nTraceback (most recent call last):\n  File \"/cpfs01/shared/llm_kernel/hujiakai/KernelLLM/validation_api_server/code_executor.py\", line 71, in _exec_worker\n    exec(textwrap.dedent(code_src), mod.__dict__)\n  File \"<string>\", line 104\n    self.branch5x5 =æž nn.Sequential(\n                      ^^\nSyntaxError: invalid syntax\n"}
2025-08-08 04:07:22,527 - openevolve.evaluator - INFO - Evaluated program 2339aa72-c412-4230-898a-c56ad7248488 in 4.65s: compiled=0.0000, correctness=0.0000, score=1.0000, stage=compile_error, compile_log=, exec_log=[Child] ç»‘å®š GPU 7, torch sees 1 device(s)

[Exception]
Traceback (most recent call last):
  File "/cpfs01/shared/llm_kernel/hujiakai/KernelLLM/validation_api_server/code_executor.py", line 71, in _exec_worker
    exec(textwrap.dedent(code_src), mod.__dict__)
  File "<string>", line 104
    self.branch5x5 =æž nn.Sequential(
                      ^^
SyntaxError: invalid syntax
, exit_code=1
2025-08-08 04:07:22,532 - openevolve.llm.ensemble - INFO - Sampled model: deepseek
2025-08-08 04:07:22,545 - openevolve.threaded_parallel - INFO - Iteration 24: Program 2339aa72-c412-4230-898a-c56ad7248488 (parent: 6abafd7f-487b-4c40-8d35-608d32fb894d) completed in 534.02s
2025-08-08 04:07:22,545 - openevolve.threaded_parallel - INFO - Metrics: compiled=0.0000, correctness=0.0000, score=1.0000, stage=compile_error, compile_log=, exec_log=[Child] ç»‘å®š GPU 7, torch sees 1 device(s)

[Exception]
Traceback (most recent call last):
  File "/cpfs01/shared/llm_kernel/hujiakai/KernelLLM/validation_api_server/code_executor.py", line 71, in _exec_worker
    exec(textwrap.dedent(code_src), mod.__dict__)
  File "<string>", line 104
    self.branch5x5 =æž nn.Sequential(
                      ^^
SyntaxError: invalid syntax
, exit_code=1
2025-08-08 04:07:22,545 - openevolve.threaded_parallel - INFO - Checkpoint interval reached at iteration 24
2025-08-08 04:07:22,547 - openevolve.database - INFO - Island Status:
2025-08-08 04:07:22,547 - openevolve.database - INFO -    Island 0: 10 programs, best=20.0000, avg=0.1000, diversity=330.70, gen=8 (best: 5092794b-55d3-42db-bdae-6d6e05c20435)
2025-08-08 04:07:22,547 - openevolve.database - INFO -    Island 1: 8 programs, best=10.0000, avg=-4.8750, diversity=1123.12, gen=8 (best: ef45e62d-5233-4157-bed7-c4d86255f64a)
2025-08-08 04:07:22,547 - openevolve.database - INFO -  * Island 2: 7 programs, best=20.0000, avg=-2.8571, diversity=251.80, gen=8 (best: f68abc8a-9219-4931-bf3e-2226d5936301)
2025-08-08 04:07:22,841 - openevolve.database - INFO - Saved database with 25 programs to openevolve_output/level3_6_GoogleNetInceptionModule/checkpoints/checkpoint_24
2025-08-08 04:07:22,857 - openevolve.controller - INFO - Saved best program at checkpoint 24 with metrics: compiled=1.0000, correctness=1.0000, stage=success, passed=0.0000, score=20.0000, speed_up=0.0100, runtime_ms=28.8000, meta={'hardware': 'NVIDIA L20Y', 'device': 'cuda:2', 'correctness_trials': '(5 / 5)', 'reference_timing_ms': 0.301, 'speed_up': 0.01, 'custom_timing': 28.8}
2025-08-08 04:07:22,857 - openevolve.controller - INFO - Saved checkpoint at iteration 24 to openevolve_output/level3_6_GoogleNetInceptionModule/checkpoints/checkpoint_24
2025-08-08 04:07:48,937 - openevolve.RemoteSpeedupEvaluator - INFO - [level3_6_GoogleNetInceptionModule] triton key words check pass
2025-08-08 04:07:48,939 - openevolve.RemoteSpeedupEvaluator - INFO - [level3_6_GoogleNetInceptionModule] verify_plus payload: reference_code(2413 chars) + custom_code(5605 chars)
2025-08-08 04:08:04,318 - openevolve.RemoteSpeedupEvaluator - INFO - [level3_6_GoogleNetInceptionModule] verify_plus request success
2025-08-08 04:08:04,318 - openevolve.RemoteSpeedupEvaluator - INFO - [level3_6_GoogleNetInceptionModule] verify_plus response: {"id":"level3_6_GoogleNetInceptionModule","result":{"compiled":true,"correctness":true,"metadata":{"hardware":"NVIDIA L20Y","device":"cuda:2","correctness_trials":"(5 / 5)","reference_timing_ms":0.301,"speed_up":0.013,"custom_timing":22.3},"runtime":22.3,"runtime_stats":{"mean":22.3,"std":1.03,"min":21.4,"max":26.3,"num_trials":100,"hardware":"NVIDIA L20Y","device":"cuda:2"}}}
2025-08-08 04:08:04,319 - openevolve.RemoteSpeedupEvaluator - INFO - [level3_6_GoogleNetInceptionModule] âœ” success | speed_up=0.013  score=20.00
2025-08-08 04:08:04,319 - openevolve.evaluator - INFO - Evaluated program e7e9ec56-c0d6-44be-bfa8-4852460f13b8 in 15.38s: compiled=1.0000, correctness=1.0000, stage=success, passed=0.0000, score=20.0000, speed_up=0.0130, runtime_ms=22.3000, meta={'hardware': 'NVIDIA L20Y', 'device': 'cuda:2', 'correctness_trials': '(5 / 5)', 'reference_timing_ms': 0.301, 'speed_up': 0.013, 'custom_timing': 22.3}
2025-08-08 04:08:04,324 - openevolve.llm.ensemble - INFO - Sampled model: deepseek
2025-08-08 04:08:04,325 - openevolve.database - INFO - Population size (26) exceeds limit (25), removing 1 programs
2025-08-08 04:08:04,325 - openevolve.database - INFO - Population size after cleanup: 25
2025-08-08 04:08:04,337 - openevolve.threaded_parallel - INFO - Iteration 22: Program e7e9ec56-c0d6-44be-bfa8-4852460f13b8 (parent: 7d9d7726-15a7-452f-9add-c36f030a4bad) completed in 965.16s
2025-08-08 04:08:04,338 - openevolve.threaded_parallel - INFO - Metrics: compiled=1.0000, correctness=1.0000, stage=success, passed=0.0000, score=20.0000, speed_up=0.0130, runtime_ms=22.3000, meta={'hardware': 'NVIDIA L20Y', 'device': 'cuda:2', 'correctness_trials': '(5 / 5)', 'reference_timing_ms': 0.301, 'speed_up': 0.013, 'custom_timing': 22.3}
2025-08-08 04:09:41,479 - openevolve.RemoteSpeedupEvaluator - INFO - [level3_6_GoogleNetInceptionModule] âœ˜ invalid_answer 'import triton' is not found
2025-08-08 04:09:41,481 - openevolve.evaluator - INFO - Evaluated program 6fa8ab16-4437-4565-9d59-154878000df6 in 0.00s: compiled=0.0000, correctness=0.0000, score=-100.0000, stage=no_valid_triton_code, feedback=You need to generate real and valid triton code for the core function. The key word 'import triton' is not found.
2025-08-08 04:09:41,484 - openevolve.database - INFO - New MAP-Elites cell occupied: {'score': -1000, 'complexity': 0}
2025-08-08 04:09:41,484 - openevolve.database - INFO - Population size (26) exceeds limit (25), removing 1 programs
2025-08-08 04:09:41,485 - openevolve.database - INFO - Population size after cleanup: 25
2025-08-08 04:09:41,486 - openevolve.llm.ensemble - INFO - Sampled model: deepseek
2025-08-08 04:09:41,497 - openevolve.threaded_parallel - INFO - Iteration 26: Program 6fa8ab16-4437-4565-9d59-154878000df6 (parent: f43e5d8a-27e6-496d-a39f-5426c3063d77) completed in 138.95s
2025-08-08 04:09:41,497 - openevolve.threaded_parallel - INFO - Metrics: compiled=0.0000, correctness=0.0000, score=-100.0000, stage=no_valid_triton_code, feedback=You need to generate real and valid triton code for the core function. The key word 'import triton' is not found.
2025-08-08 04:12:14,176 - openevolve.RemoteSpeedupEvaluator - INFO - [level3_6_GoogleNetInceptionModule] triton key words check pass
2025-08-08 04:12:14,178 - openevolve.RemoteSpeedupEvaluator - INFO - [level3_6_GoogleNetInceptionModule] verify_plus payload: reference_code(2413 chars) + custom_code(5921 chars)
2025-08-08 04:12:18,295 - openevolve.RemoteSpeedupEvaluator - INFO - [level3_6_GoogleNetInceptionModule] verify_plus request success
2025-08-08 04:12:18,296 - openevolve.RemoteSpeedupEvaluator - INFO - [level3_6_GoogleNetInceptionModule] verify_plus response: {"id":"level3_6_GoogleNetInceptionModule","result":{"compiled":true,"correctness":false,"metadata":{"hardware":"NVIDIA L20Y","device":"cuda:1","runtime_error":"Traceback (most recent call last):\n  File \"/home/lijiaxing/.conda/envs/api/lib/python3.10/site-packages/triton/language/core.py\", line 42, in wrapper\n    return fn(*args, **kwargs)\n  File \"/home/lijiaxing/.conda/envs/api/lib/python3.10/site-packages/triton/language/core.py\", line 2231, in make_block_ptr\n    return _semantic.make_block_ptr(base, shape, strides, offsets, block_shape, order)\n  File \"/home/lijiaxing/.conda/envs/api/lib/python3.10/site-packages/triton/language/semantic.py\", line 1828, in make_block_ptr\n    assert sorted(order) == list(range(len(order))), \"Expected a permutation of (0, 1, ..., len(order)-1) i
2025-08-08 04:12:18,296 - openevolve.RemoteSpeedupEvaluator - INFO - [level3_6_GoogleNetInceptionModule] âœ˜ wrong_answer
2025-08-08 04:12:18,296 - openevolve.evaluator - INFO - Evaluated program 038fb606-38bc-4483-8639-4c3de06d8c21 in 4.12s: compiled=1.0000, correctness=0.0000, score=10.0000, stage=wrong_answer, verify_payload={'id': 'level3_6_GoogleNetInceptionModule', 'result': {'compiled': True, 'correctness': False, 'metadata': {'hardware': 'NVIDIA L20Y', 'device': 'cuda:1', 'runtime_error': 'Traceback (most recent call last):\n  File "/home/lijiaxing/.conda/envs/api/lib/python3.10/site-packages/triton/language/core.py", line 42, in wrapper\n    return fn(*args, **kwargs)\n  File "/home/lijiaxing/.conda/envs/api/lib/python3.10/site-packages/triton/language/core.py", line 2231, in make_block_ptr\n    return _semantic.make_block_ptr(base, shape, strides, offsets, block_shape, order)\n  File "/home/lijiaxing/.conda/envs/api/lib/python3.10/site-packages/triton/language/semantic.py", line 1828, in make_block_ptr\n    assert sorted(order) == list(range(len(order))), "Expected a permutation of (0, 1, ..., len(order)-1) in order"\nAssertionError: Expected a permutation of (0, 1, ..., len(order)-1) in order\n\nThe above exception was the direct cause of the following exception:\n\nTraceback (most recent call last):\n  File "/cpfs01/shared/llm_kernel/hujiakai/KernelLLM/validation_api_server/helpers/evaluations.py", line 720, in run_and_check_correctness\n    output_new = model_new(*inputs)\n  File "/home/lijiaxing/.conda/envs/api/lib/python3.10/site-packages/torch/nn/modules/module.py", line 1773, in _wrapped_call_impl\n    return self._call_impl(*args, **kwargs)\n  File "/home/lijiaxing/.conda/envs/api/lib/python3.10/site-packages/torch/nn/modules/module.py", line 1784, in _call_impl\n    return forward_call(*args, **kwargs)\n  File "/tmp/tmpst3bl64t.py", line 139, in forward\n    branch1x1 = conv1x1_triton(x, self.weight_1x1.squeeze(-1).squeeze(-1), self.bias_1x1)\n  File "/tmp/tmpst3bl64t.py", line 98, in conv1x1_triton\n    conv1x1_kernel[grid](\n  File "/home/lijiaxing/.conda/envs/api/lib/python3.10/site-packages/triton/runtime/jit.py", line 390, in <lambda>\n    return lambda *args, **kwargs: self.run(grid=grid, warmup=False, *args, **kwargs)\n  File "/home/lijiaxing/.conda/envs/api/lib/python3.10/site-packages/triton/runtime/autotuner.py", line 239, in run\n    benchmark()\n  File "/home/lijiaxing/.conda/envs/api/lib/python3.10/site-packages/triton/runtime/autotuner.py", line 228, in benchmark\n    timings = {config: self._bench(*args, config=config, **kwargs) for config in pruned_configs}\n  File "/home/lijiaxing/.conda/envs/api/lib/python3.10/site-packages/triton/runtime/autotuner.py", line 228, in <dictcomp>\n    timings = {config: self._bench(*args, config=config, **kwargs) for config in pruned_configs}\n  File "/home/lijiaxing/.conda/envs/api/lib/python3.10/site-packages/triton/runtime/autotuner.py", line 160, in _bench\n    return self.do_bench(kernel_call, quantiles=(0.5, 0.2, 0.8))\n  File "/home/lijiaxing/.conda/envs/api/lib/python3.10/site-packages/triton/testing.py", line 149, in do_bench\n    fn()\n  File "/home/lijiaxing/.conda/envs/api/lib/python3.10/site-packages/triton/runtime/autotuner.py", line 146, in kernel_call\n    self.fn.run(\n  File "/home/lijiaxing/.conda/envs/api/lib/python3.10/site-packages/triton/runtime/jit.py", line 594, in run\n    kernel = self.compile(src, target=target, options=options.__dict__)\n  File "/home/lijiaxing/.conda/envs/api/lib/python3.10/site-packages/triton/compiler/compiler.py", line 339, in compile\n    module = src.make_ir(options, codegen_fns, module_map, context)\n  File "/home/lijiaxing/.conda/envs/api/lib/python3.10/site-packages/triton/compiler/compiler.py", line 83, in make_ir\n    return ast_to_ttir(self.fn, self, context=context, options=options, codegen_fns=codegen_fns,\ntriton.compiler.errors.CompilationError: at 26:18:\n    # Calculate spatial indices\n    b_idx = pid // (height * width)\n    hw = pid % (height * width)\n    i_idx = hw // width\n    j_idx = hw % width\n\n    # Compute base pointers for current pixel\n    base_x = x_ptr + b_idx * stride_x_b + i_idx * stride_x_h + j_idx * stride_x_w\n    base_output = output_ptr + b_idx * stride_out_b + i_idx * stride_out_h + j_idx * stride_out_w\n\n    # Create block pointers for vectorized access\n    x_block_ptr = tl.make_block_ptr(\n                  ^\n\n\nThe above exception was the direct cause of the following exception:\n\nTraceback (most recent call last):\n  File "/home/lijiaxing/.conda/envs/api/lib/python3.10/site-packages/triton/language/core.py", line 42, in wrapper\n    return fn(*args, **kwargs)\n  File "/home/lijiaxing/.conda/envs/api/lib/python3.10/site-packages/triton/language/core.py", line 2231, in make_block_ptr\n    return _semantic.make_block_ptr(base, shape, strides, offsets, block_shape, order)\n  File "/home/lijiaxing/.conda/envs/api/lib/python3.10/site-packages/triton/language/semantic.py", line 1828, in make_block_ptr\n    assert sorted(order) == list(range(len(order))), "Expected a permutation of (0, 1, ..., len(order)-1) in order"\nAssertionError: Expected a permutation of (0, 1, ..., len(order)-1) in order\n', 'runtime_error_name': 'triton.compiler.errors.CompilationError', 'reference_timing_ms': 0.301, 'speed_up': -1.0, 'custom_timing': -1.0}, 'runtime': -1.0, 'runtime_stats': {}}}
2025-08-08 04:12:18,301 - openevolve.llm.ensemble - INFO - Sampled model: deepseek
2025-08-08 04:12:18,305 - openevolve.database - INFO - Population size (26) exceeds limit (25), removing 1 programs
2025-08-08 04:12:18,305 - openevolve.database - INFO - Population size after cleanup: 25
2025-08-08 04:12:18,341 - openevolve.threaded_parallel - INFO - Iteration 25: Program 038fb606-38bc-4483-8639-4c3de06d8c21 (parent: 2f304090-bee7-4489-8986-fcc6276d635e) completed in 711.49s
2025-08-08 04:12:18,342 - openevolve.threaded_parallel - INFO - Metrics: compiled=1.0000, correctness=0.0000, score=10.0000, stage=wrong_answer, verify_payload={'id': 'level3_6_GoogleNetInceptionModule', 'result': {'compiled': True, 'correctness': False, 'metadata': {'hardware': 'NVIDIA L20Y', 'device': 'cuda:1', 'runtime_error': 'Traceback (most recent call last):\n  File "/home/lijiaxing/.conda/envs/api/lib/python3.10/site-packages/triton/language/core.py", line 42, in wrapper\n    return fn(*args, **kwargs)\n  File "/home/lijiaxing/.conda/envs/api/lib/python3.10/site-packages/triton/language/core.py", line 2231, in make_block_ptr\n    return _semantic.make_block_ptr(base, shape, strides, offsets, block_shape, order)\n  File "/home/lijiaxing/.conda/envs/api/lib/python3.10/site-packages/triton/language/semantic.py", line 1828, in make_block_ptr\n    assert sorted(order) == list(range(len(order))), "Expected a permutation of (0, 1, ..., len(order)-1) in order"\nAssertionError: Expected a permutation of (0, 1, ..., len(order)-1) in order\n\nThe above exception was the direct cause of the following exception:\n\nTraceback (most recent call last):\n  File "/cpfs01/shared/llm_kernel/hujiakai/KernelLLM/validation_api_server/helpers/evaluations.py", line 720, in run_and_check_correctness\n    output_new = model_new(*inputs)\n  File "/home/lijiaxing/.conda/envs/api/lib/python3.10/site-packages/torch/nn/modules/module.py", line 1773, in _wrapped_call_impl\n    return self._call_impl(*args, **kwargs)\n  File "/home/lijiaxing/.conda/envs/api/lib/python3.10/site-packages/torch/nn/modules/module.py", line 1784, in _call_impl\n    return forward_call(*args, **kwargs)\n  File "/tmp/tmpst3bl64t.py", line 139, in forward\n    branch1x1 = conv1x1_triton(x, self.weight_1x1.squeeze(-1).squeeze(-1), self.bias_1x1)\n  File "/tmp/tmpst3bl64t.py", line 98, in conv1x1_triton\n    conv1x1_kernel[grid](\n  File "/home/lijiaxing/.conda/envs/api/lib/python3.10/site-packages/triton/runtime/jit.py", line 390, in <lambda>\n    return lambda *args, **kwargs: self.run(grid=grid, warmup=False, *args, **kwargs)\n  File "/home/lijiaxing/.conda/envs/api/lib/python3.10/site-packages/triton/runtime/autotuner.py", line 239, in run\n    benchmark()\n  File "/home/lijiaxing/.conda/envs/api/lib/python3.10/site-packages/triton/runtime/autotuner.py", line 228, in benchmark\n    timings = {config: self._bench(*args, config=config, **kwargs) for config in pruned_configs}\n  File "/home/lijiaxing/.conda/envs/api/lib/python3.10/site-packages/triton/runtime/autotuner.py", line 228, in <dictcomp>\n    timings = {config: self._bench(*args, config=config, **kwargs) for config in pruned_configs}\n  File "/home/lijiaxing/.conda/envs/api/lib/python3.10/site-packages/triton/runtime/autotuner.py", line 160, in _bench\n    return self.do_bench(kernel_call, quantiles=(0.5, 0.2, 0.8))\n  File "/home/lijiaxing/.conda/envs/api/lib/python3.10/site-packages/triton/testing.py", line 149, in do_bench\n    fn()\n  File "/home/lijiaxing/.conda/envs/api/lib/python3.10/site-packages/triton/runtime/autotuner.py", line 146, in kernel_call\n    self.fn.run(\n  File "/home/lijiaxing/.conda/envs/api/lib/python3.10/site-packages/triton/runtime/jit.py", line 594, in run\n    kernel = self.compile(src, target=target, options=options.__dict__)\n  File "/home/lijiaxing/.conda/envs/api/lib/python3.10/site-packages/triton/compiler/compiler.py", line 339, in compile\n    module = src.make_ir(options, codegen_fns, module_map, context)\n  File "/home/lijiaxing/.conda/envs/api/lib/python3.10/site-packages/triton/compiler/compiler.py", line 83, in make_ir\n    return ast_to_ttir(self.fn, self, context=context, options=options, codegen_fns=codegen_fns,\ntriton.compiler.errors.CompilationError: at 26:18:\n    # Calculate spatial indices\n    b_idx = pid // (height * width)\n    hw = pid % (height * width)\n    i_idx = hw // width\n    j_idx = hw % width\n\n    # Compute base pointers for current pixel\n    base_x = x_ptr + b_idx * stride_x_b + i_idx * stride_x_h + j_idx * stride_x_w\n    base_output = output_ptr + b_idx * stride_out_b + i_idx * stride_out_h + j_idx * stride_out_w\n\n    # Create block pointers for vectorized access\n    x_block_ptr = tl.make_block_ptr(\n                  ^\n\n\nThe above exception was the direct cause of the following exception:\n\nTraceback (most recent call last):\n  File "/home/lijiaxing/.conda/envs/api/lib/python3.10/site-packages/triton/language/core.py", line 42, in wrapper\n    return fn(*args, **kwargs)\n  File "/home/lijiaxing/.conda/envs/api/lib/python3.10/site-packages/triton/language/core.py", line 2231, in make_block_ptr\n    return _semantic.make_block_ptr(base, shape, strides, offsets, block_shape, order)\n  File "/home/lijiaxing/.conda/envs/api/lib/python3.10/site-packages/triton/language/semantic.py", line 1828, in make_block_ptr\n    assert sorted(order) == list(range(len(order))), "Expected a permutation of (0, 1, ..., len(order)-1) in order"\nAssertionError: Expected a permutation of (0, 1, ..., len(order)-1) in order\n', 'runtime_error_name': 'triton.compiler.errors.CompilationError', 'reference_timing_ms': 0.301, 'speed_up': -1.0, 'custom_timing': -1.0}, 'runtime': -1.0, 'runtime_stats': {}}}
2025-08-08 04:15:23,821 - openevolve.RemoteSpeedupEvaluator - INFO - [level3_6_GoogleNetInceptionModule] âœ˜ invalid_answer 'import triton' is not found
2025-08-08 04:15:23,824 - openevolve.evaluator - INFO - Evaluated program 8df5b55d-46fc-4973-81f4-3e27fa406093 in 0.00s: compiled=0.0000, correctness=0.0000, score=-100.0000, stage=no_valid_triton_code, feedback=You need to generate real and valid triton code for the core function. The key word 'import triton' is not found.
2025-08-08 04:15:23,830 - openevolve.database - INFO - New MAP-Elites cell occupied: {'score': -1000, 'complexity': 9}
2025-08-08 04:15:23,830 - openevolve.database - INFO - Population size (26) exceeds limit (25), removing 1 programs
2025-08-08 04:15:23,830 - openevolve.database - INFO - Population size after cleanup: 25
2025-08-08 04:15:23,842 - openevolve.threaded_parallel - INFO - Iteration 29: Program 8df5b55d-46fc-4973-81f4-3e27fa406093 (parent: f43e5d8a-27e6-496d-a39f-5426c3063d77) completed in 185.52s
2025-08-08 04:15:23,842 - openevolve.threaded_parallel - INFO - Metrics: compiled=0.0000, correctness=0.0000, score=-100.0000, stage=no_valid_triton_code, feedback=You need to generate real and valid triton code for the core function. The key word 'import triton' is not found.
2025-08-08 04:16:11,285 - openevolve.RemoteSpeedupEvaluator - INFO - [level3_6_GoogleNetInceptionModule] triton key words check pass
2025-08-08 04:16:11,286 - openevolve.RemoteSpeedupEvaluator - INFO - [level3_6_GoogleNetInceptionModule] verify_plus payload: reference_code(2413 chars) + custom_code(5066 chars)
2025-08-08 04:16:13,752 - openevolve.RemoteSpeedupEvaluator - INFO - [level3_6_GoogleNetInceptionModule] verify_plus request success
2025-08-08 04:16:13,752 - openevolve.RemoteSpeedupEvaluator - INFO - [level3_6_GoogleNetInceptionModule] verify_plus response: {"id":"level3_6_GoogleNetInceptionModule","result":{"compiled":false,"correctness":false,"metadata":{"hardware":"NVIDIA L20Y","device":"cuda:6","compilation_error_name":"builtins.NameError","compilation_error":"name 'æž64' is not defined","reference_timing_ms":0.301,"speed_up":-1.0,"custom_timing":-1.0},"runtime":-1.0,"runtime_stats":{}}}
2025-08-08 04:16:13,752 - openevolve.RemoteSpeedupEvaluator - INFO - [level3_6_GoogleNetInceptionModule] âœ˜ compile_error
2025-08-08 04:16:13,752 - openevolve.RemoteSpeedupEvaluator - INFO - [level3_6_GoogleNetInceptionModule_86b624] execute payload: {id:level3_6_GoogleNetInceptionModule_86b624, device_type:NV_LY_20}
2025-08-08 04:16:15,925 - openevolve.RemoteSpeedupEvaluator - INFO - [level3_6_GoogleNetInceptionModule_86b624] execute request success
2025-08-08 04:16:15,925 - openevolve.RemoteSpeedupEvaluator - INFO - [level3_6_GoogleNetInceptionModule_86b624] execute response: {"id":"level3_6_GoogleNetInceptionModule_86b624","exit_code":"1","content":"[Child] ç»‘å®š GPU 7, torch sees 1 device(s)\n\n[Exception]\nTraceback (most recent call last):\n  File \"/cpfs01/shared/llm_kernel/hujiakai/KernelLLM/validation_api_server/code_executor.py\", line 71, in _exec_worker\n    exec(textwrap.dedent(code_src), mod.__dict__)\n  File \"<string>\", line 10, in <module>\n  File \"/home/lijiaxing/.conda/envs/api/lib/python3.10/site-packages/triton/runtime/jit.py\", line 844, in jit\n    return decorator(fn)\n  File \"/home/lijiaxing/.conda/envs/api/lib/python3.10/site-packages/triton/runtime/jit.py\", line 832, in decorator\n    return JITFunction(\n  File \"/home/lijiaxing/.conda/envs/api/lib/python3.10/site-packages/triton/runtime/jit.py\", line 635, in __init__\n    self.start
2025-08-08 04:16:15,925 - openevolve.evaluator - INFO - Evaluated program 2721ea28-a668-4a60-9e15-7713bf261adf in 4.64s: compiled=0.0000, correctness=0.0000, score=1.0000, stage=compile_error, compile_log=, exec_log=[Child] ç»‘å®š GPU 7, torch sees 1 device(s)

[Exception]
Traceback (most recent call last):
  File "/cpfs01/shared/llm_kernel/hujiakai/KernelLLM/validation_api_server/code_executor.py", line 71, in _exec_worker
    exec(textwrap.dedent(code_src), mod.__dict__)
  File "<string>", line 10, in <module>
  File "/home/lijiaxing/.conda/envs/api/lib/python3.10/site-packages/triton/runtime/jit.py", line 844, in jit
    return decorator(fn)
  File "/home/lijiaxing/.conda/envs/api/lib/python3.10/site-packages/triton/runtime/jit.py", line 832, in decorator
    return JITFunction(
  File "/home/lijiaxing/.conda/envs/api/lib/python3.10/site-packages/triton/runtime/jit.py", line 635, in __init__
    self.starting_line_number = inspect.getsourcelines(fn)[1]
  File "/home/lijiaxing/.conda/envs/api/lib/python3.10/inspect.py", line 1121, in getsourcelines
    lines, lnum = findsource(object)
  File "/home/lijiaxing/.conda/envs/api/lib/python3.10/inspect.py", line 958, in findsource
    raise OSError('could not get source code')
OSError: could not get source code
, exit_code=1
2025-08-08 04:16:15,930 - openevolve.database - INFO - New MAP-Elites cell occupied: {'score': 9, 'complexity': 5}
2025-08-08 04:16:15,930 - openevolve.database - INFO - Population size (26) exceeds limit (25), removing 1 programs
2025-08-08 04:16:15,930 - openevolve.database - INFO - Population size after cleanup: 25
2025-08-08 04:16:15,959 - openevolve.threaded_parallel - INFO - Iteration 27: Program 2721ea28-a668-4a60-9e15-7713bf261adf (parent: f68abc8a-9219-4931-bf3e-2226d5936301) completed in 491.60s
2025-08-08 04:16:15,959 - openevolve.threaded_parallel - INFO - Metrics: compiled=0.0000, correctness=0.0000, score=1.0000, stage=compile_error, compile_log=, exec_log=[Child] ç»‘å®š GPU 7, torch sees 1 device(s)

[Exception]
Traceback (most recent call last):
  File "/cpfs01/shared/llm_kernel/hujiakai/KernelLLM/validation_api_server/code_executor.py", line 71, in _exec_worker
    exec(textwrap.dedent(code_src), mod.__dict__)
  File "<string>", line 10, in <module>
  File "/home/lijiaxing/.conda/envs/api/lib/python3.10/site-packages/triton/runtime/jit.py", line 844, in jit
    return decorator(fn)
  File "/home/lijiaxing/.conda/envs/api/lib/python3.10/site-packages/triton/runtime/jit.py", line 832, in decorator
    return JITFunction(
  File "/home/lijiaxing/.conda/envs/api/lib/python3.10/site-packages/triton/runtime/jit.py", line 635, in __init__
    self.starting_line_number = inspect.getsourcelines(fn)[1]
  File "/home/lijiaxing/.conda/envs/api/lib/python3.10/inspect.py", line 1121, in getsourcelines
    lines, lnum = findsource(object)
  File "/home/lijiaxing/.conda/envs/api/lib/python3.10/inspect.py", line 958, in findsource
    raise OSError('could not get source code')
OSError: could not get source code
, exit_code=1
2025-08-08 04:16:15,959 - openevolve.threaded_parallel - INFO - Checkpoint interval reached at iteration 27
2025-08-08 04:16:15,962 - openevolve.database - INFO - Island Status:
2025-08-08 04:16:15,962 - openevolve.database - INFO -    Island 0: 10 programs, best=20.0000, avg=10.2000, diversity=226.63, gen=10 (best: 5092794b-55d3-42db-bdae-6d6e05c20435)
2025-08-08 04:16:15,962 - openevolve.database - INFO -  * Island 1: 8 programs, best=10.0000, avg=8.8750, diversity=182.27, gen=10 (best: ef45e62d-5233-4157-bed7-c4d86255f64a)
2025-08-08 04:16:15,962 - openevolve.database - INFO -    Island 2: 7 programs, best=20.0000, avg=14.2857, diversity=164.45, gen=9 (best: f68abc8a-9219-4931-bf3e-2226d5936301)
2025-08-08 04:16:16,282 - openevolve.database - INFO - Saved database with 25 programs to openevolve_output/level3_6_GoogleNetInceptionModule/checkpoints/checkpoint_27
2025-08-08 04:16:16,300 - openevolve.controller - INFO - Saved best program at checkpoint 27 with metrics: compiled=1.0000, correctness=1.0000, stage=success, passed=0.0000, score=20.0000, speed_up=0.0100, runtime_ms=28.8000, meta={'hardware': 'NVIDIA L20Y', 'device': 'cuda:2', 'correctness_trials': '(5 / 5)', 'reference_timing_ms': 0.301, 'speed_up': 0.01, 'custom_timing': 28.8}
2025-08-08 04:16:16,300 - openevolve.controller - INFO - Saved checkpoint at iteration 27 to openevolve_output/level3_6_GoogleNetInceptionModule/checkpoints/checkpoint_27
2025-08-08 04:22:20,577 - openevolve.RemoteSpeedupEvaluator - INFO - [level3_6_GoogleNetInceptionModule] triton key words check pass
2025-08-08 04:22:20,579 - openevolve.RemoteSpeedupEvaluator - INFO - [level3_6_GoogleNetInceptionModule] verify_plus payload: reference_code(2413 chars) + custom_code(5576 chars)
2025-08-08 04:22:23,119 - openevolve.RemoteSpeedupEvaluator - INFO - [level3_6_GoogleNetInceptionModule] verify_plus request success
2025-08-08 04:22:23,120 - openevolve.RemoteSpeedupEvaluator - INFO - [level3_6_GoogleNetInceptionModule] verify_plus response: {"id":"level3_6_GoogleNetInceptionModule","result":{"error":"'ModelNew' object has no attribute 'weight_1x1'\nTraceback (most recent call last):\n  File \"/cpfs01/shared/llm_kernel/hujiakai/KernelLLM/validation_api_server/evaluator.py\", line 173, in _verification_worker\n    result: KernelExecResult = eval_kernel_against_ref(\n  File \"/cpfs01/shared/llm_kernel/hujiakai/KernelLLM/validation_api_server/helpers/evaluations.py\", line 484, in eval_kernel_against_ref\n    custom_model = ModelNew(*init_args, **init_kwargs)\n  File \"/tmp/tmpexs4h4a_.py\", line 98, in __init__\n    nn.init.kaiming_uniform_(self.weight_1x1, a=math.sqrt(5))\n  File \"/home/lijiaxing/.conda/envs/api/lib/python3.10/site-packages/torch/nn/modules/module.py\", line 1962, in __getattr__\n    raise AttributeError(\nAtt
2025-08-08 04:22:23,120 - openevolve.RemoteSpeedupEvaluator - INFO - [level3_6_GoogleNetInceptionModule] âœ˜ compile_error
2025-08-08 04:22:23,120 - openevolve.RemoteSpeedupEvaluator - INFO - [level3_6_GoogleNetInceptionModule_5198a0] execute payload: {id:level3_6_GoogleNetInceptionModule_5198a0, device_type:NV_LY_20}
2025-08-08 04:22:25,367 - openevolve.RemoteSpeedupEvaluator - INFO - [level3_6_GoogleNetInceptionModule_5198a0] execute request success
2025-08-08 04:22:25,367 - openevolve.RemoteSpeedupEvaluator - INFO - [level3_6_GoogleNetInceptionModule_5198a0] execute response: {"id":"level3_6_GoogleNetInceptionModule_5198a0","exit_code":"1","content":"[Child] ç»‘å®š GPU 3, torch sees 1 device(s)\n\n[Exception]\nTraceback (most recent call last):\n  File \"/cpfs01/shared/llm_kernel/hujiakai/KernelLLM/validation_api_server/code_executor.py\", line 71, in _exec_worker\n    exec(textwrap.dedent(code_src), mod.__dict__)\n  File \"<string>\", line 20, in <module>\n  File \"/home/lijiaxing/.conda/envs/api/lib/python3.10/site-packages/triton/runtime/jit.py\", line 844, in jit\n    return decorator(fn)\n  File \"/home/lijiaxing/.conda/envs/api/lib/python3.10/site-packages/triton/runtime/jit.py\", line 832, in decorator\n    return JITFunction(\n  File \"/home/lijiaxing/.conda/envs/api/lib/python3.10/site-packages/triton/runtime/jit.py\", line 635, in __init__\n    self.start
2025-08-08 04:22:25,368 - openevolve.evaluator - INFO - Evaluated program 0167beb0-c03b-4189-91fe-5a8989f9bf91 in 4.79s: compiled=0.0000, correctness=0.0000, score=1.0000, stage=compile_error, compile_log='ModelNew' object has no attribute 'weight_1x1'
Traceback (most recent call last):
  File "/cpfs01/shared/llm_kernel/hujiakai/KernelLLM/validation_api_server/evaluator.py", line 173, in _verification_worker
    result: KernelExecResult = eval_kernel_against_ref(
  File "/cpfs01/shared/llm_kernel/hujiakai/KernelLLM/validation_api_server/helpers/evaluations.py", line 484, in eval_kernel_against_ref
    custom_model = ModelNew(*init_args, **init_kwargs)
  File "/tmp/tmpexs4h4a_.py", line 98, in __init__
    nn.init.kaiming_uniform_(self.weight_1x1, a=math.sqrt(5))
  File "/home/lijiaxing/.conda/envs/api/lib/python3.10/site-packages/torch/nn/modules/module.py", line 1962, in __getattr__
    raise AttributeError(
AttributeError: 'ModelNew' object has no attribute 'weight_1x1'. Did you mean: 'weight_æž1x1'?
, exec_log=[Child] ç»‘å®š GPU 3, torch sees 1 device(s)

[Exception]
Traceback (most recent call last):
  File "/cpfs01/shared/llm_kernel/hujiakai/KernelLLM/validation_api_server/code_executor.py", line 71, in _exec_worker
    exec(textwrap.dedent(code_src), mod.__dict__)
  File "<string>", line 20, in <module>
  File "/home/lijiaxing/.conda/envs/api/lib/python3.10/site-packages/triton/runtime/jit.py", line 844, in jit
    return decorator(fn)
  File "/home/lijiaxing/.conda/envs/api/lib/python3.10/site-packages/triton/runtime/jit.py", line 832, in decorator
    return JITFunction(
  File "/home/lijiaxing/.conda/envs/api/lib/python3.10/site-packages/triton/runtime/jit.py", line 635, in __init__
    self.starting_line_number = inspect.getsourcelines(fn)[1]
  File "/home/lijiaxing/.conda/envs/api/lib/python3.10/inspect.py", line 1121, in getsourcelines
    lines, lnum = findsource(object)
  File "/home/lijiaxing/.conda/envs/api/lib/python3.10/inspect.py", line 958, in findsource
    raise OSError('could not get source code')
OSError: could not get source code
, exit_code=1
2025-08-08 04:22:25,377 - openevolve.database - INFO - Population size (26) exceeds limit (25), removing 1 programs
2025-08-08 04:22:25,377 - openevolve.database - INFO - Population size after cleanup: 25
2025-08-08 04:22:25,390 - openevolve.threaded_parallel - INFO - Iteration 28: Program 0167beb0-c03b-4189-91fe-5a8989f9bf91 (parent: 5092794b-55d3-42db-bdae-6d6e05c20435) completed in 763.88s
2025-08-08 04:22:25,390 - openevolve.threaded_parallel - INFO - Metrics: compiled=0.0000, correctness=0.0000, score=1.0000, stage=compile_error, compile_log='ModelNew' object has no attribute 'weight_1x1'
Traceback (most recent call last):
  File "/cpfs01/shared/llm_kernel/hujiakai/KernelLLM/validation_api_server/evaluator.py", line 173, in _verification_worker
    result: KernelExecResult = eval_kernel_against_ref(
  File "/cpfs01/shared/llm_kernel/hujiakai/KernelLLM/validation_api_server/helpers/evaluations.py", line 484, in eval_kernel_against_ref
    custom_model = ModelNew(*init_args, **init_kwargs)
  File "/tmp/tmpexs4h4a_.py", line 98, in __init__
    nn.init.kaiming_uniform_(self.weight_1x1, a=math.sqrt(5))
  File "/home/lijiaxing/.conda/envs/api/lib/python3.10/site-packages/torch/nn/modules/module.py", line 1962, in __getattr__
    raise AttributeError(
AttributeError: 'ModelNew' object has no attribute 'weight_1x1'. Did you mean: 'weight_æž1x1'?
, exec_log=[Child] ç»‘å®š GPU 3, torch sees 1 device(s)

[Exception]
Traceback (most recent call last):
  File "/cpfs01/shared/llm_kernel/hujiakai/KernelLLM/validation_api_server/code_executor.py", line 71, in _exec_worker
    exec(textwrap.dedent(code_src), mod.__dict__)
  File "<string>", line 20, in <module>
  File "/home/lijiaxing/.conda/envs/api/lib/python3.10/site-packages/triton/runtime/jit.py", line 844, in jit
    return decorator(fn)
  File "/home/lijiaxing/.conda/envs/api/lib/python3.10/site-packages/triton/runtime/jit.py", line 832, in decorator
    return JITFunction(
  File "/home/lijiaxing/.conda/envs/api/lib/python3.10/site-packages/triton/runtime/jit.py", line 635, in __init__
    self.starting_line_number = inspect.getsourcelines(fn)[1]
  File "/home/lijiaxing/.conda/envs/api/lib/python3.10/inspect.py", line 1121, in getsourcelines
    lines, lnum = findsource(object)
  File "/home/lijiaxing/.conda/envs/api/lib/python3.10/inspect.py", line 958, in findsource
    raise OSError('could not get source code')
OSError: could not get source code
, exit_code=1
2025-08-08 04:22:25,390 - openevolve.threaded_parallel - INFO - Evolution completed
2025-08-08 04:22:25,398 - openevolve.threaded_parallel - INFO - Stopped thread pool
2025-08-08 04:22:25,398 - openevolve.threaded_parallel - INFO - Stopped improved parallel controller
2025-08-08 04:22:25,398 - openevolve.controller - INFO - Using tracked best program: 5092794b-55d3-42db-bdae-6d6e05c20435
2025-08-08 04:22:25,398 - openevolve.controller - INFO - Evolution complete. Best program has metrics: compiled=1.0000, correctness=1.0000, stage=success, passed=0.0000, score=20.0000, speed_up=0.0100, runtime_ms=28.8000, meta={'hardware': 'NVIDIA L20Y', 'device': 'cuda:2', 'correctness_trials': '(5 / 5)', 'reference_timing_ms': 0.301, 'speed_up': 0.01, 'custom_timing': 28.8}
2025-08-08 04:22:25,428 - openevolve.controller - INFO - Saved best program to openevolve_output/level3_6_GoogleNetInceptionModule/best/best_program.py with program info to openevolve_output/level3_6_GoogleNetInceptionModule/best/best_program_info.json
2025-08-08 04:22:25,429 - __main__ - INFO - âœ… å®Œæˆ level3_6_GoogleNetInceptionModule
2025-08-08 04:22:25,429 - __main__ - INFO - ======================================================================
2025-08-08 04:22:25,429 - __main__ - INFO - ðŸš€ [6/6] å¼€å§‹ level5_2_stablediffusion3_mmdit
2025-08-08 04:22:25,430 - __main__ - INFO - ======================================================================
2025-08-08 04:22:25,481 - openevolve.controller - INFO - Logging to openevolve_output/level5_2_stablediffusion3_mmdit/logs/openevolve_20250808_042225.log
2025-08-08 04:22:25,481 - openevolve.controller - INFO - Set random seed to 42 for reproducibility
2025-08-08 04:22:25,522 - openevolve.llm.ensemble - INFO - Initialized LLM ensemble with models: deepseek (weight: 0.80), deepseek (weight: 0.20)
2025-08-08 04:22:25,561 - openevolve.llm.ensemble - INFO - Initialized LLM ensemble with models: deepseek (weight: 0.80), deepseek (weight: 0.20)
2025-08-08 04:22:25,562 - openevolve.prompt.sampler - INFO - Set custom templates: system=evaluator_system_message, user=None
2025-08-08 04:22:25,562 - openevolve.database - INFO - Initialized program database with 0 programs
2025-08-08 04:22:25,583 - openevolve.evaluator - INFO - Successfully loaded evaluation function from openevolve_output/level5_2_stablediffusion3_mmdit/evaluation.py
2025-08-08 04:22:25,583 - openevolve.evaluator - INFO - Initialized evaluator with openevolve_output/level5_2_stablediffusion3_mmdit/evaluation.py
2025-08-08 04:22:25,583 - openevolve.controller - INFO - Initialized OpenEvolve with /tmp/455ceaeaa232852551e5d8f445bd5a0b.py
2025-08-08 04:22:25,583 - openevolve.controller - INFO - Adding initial program to database
2025-08-08 04:22:25,584 - openevolve.RemoteSpeedupEvaluator - INFO - [level5_2_stablediffusion3_mmdit] verify_plus payload: reference_code(26268 chars) + custom_code(26389 chars)
2025-08-08 04:22:27,827 - openevolve.RemoteSpeedupEvaluator - INFO - [level5_2_stablediffusion3_mmdit] verify_plus request success
2025-08-08 04:22:27,828 - openevolve.RemoteSpeedupEvaluator - INFO - [level5_2_stablediffusion3_mmdit] verify_plus response: {"id":"level5_2_stablediffusion3_mmdit","result":{"error":"No module named 'einops'\nTraceback (most recent call last):\n  File \"/cpfs01/shared/llm_kernel/hujiakai/KernelLLM/validation_api_server/evaluator.py\", line 92, in _measure_perf_worker\n    exec(textwrap.dedent(code_src), temp_module.__dict__)\n  File \"<string>\", line 8, in <module>\nModuleNotFoundError: No module named 'einops'\n"}}
2025-08-08 04:22:27,828 - openevolve.evaluator - WARNING - Evaluation attempt 1/4 failed for program 0e4fc684-3e88-4417-b5b5-bd5a3ca83267: Error: The reference code is not valid or correct. The verify result is: {'error': 'No module named \'einops\'\nTraceback (most recent call last):\n  File "/cpfs01/shared/llm_kernel/hujiakai/KernelLLM/validation_api_server/evaluator.py", line 92, in _measure_perf_worker\n    exec(textwrap.dedent(code_src), temp_module.__dict__)\n  File "<string>", line 8, in <module>\nModuleNotFoundError: No module named \'einops\'\n'}
2025-08-08 04:22:28,833 - openevolve.RemoteSpeedupEvaluator - INFO - [level5_2_stablediffusion3_mmdit] verify_plus payload: reference_code(26268 chars) + custom_code(26389 chars)
2025-08-08 04:22:31,218 - openevolve.RemoteSpeedupEvaluator - INFO - [level5_2_stablediffusion3_mmdit] verify_plus request success
2025-08-08 04:22:31,218 - openevolve.RemoteSpeedupEvaluator - INFO - [level5_2_stablediffusion3_mmdit] verify_plus response: {"id":"level5_2_stablediffusion3_mmdit","result":{"error":"No module named 'einops'\nTraceback (most recent call last):\n  File \"/cpfs01/shared/llm_kernel/hujiakai/KernelLLM/validation_api_server/evaluator.py\", line 92, in _measure_perf_worker\n    exec(textwrap.dedent(code_src), temp_module.__dict__)\n  File \"<string>\", line 8, in <module>\nModuleNotFoundError: No module named 'einops'\n"}}
2025-08-08 04:22:31,218 - openevolve.evaluator - WARNING - Evaluation attempt 2/4 failed for program 0e4fc684-3e88-4417-b5b5-bd5a3ca83267: Error: The reference code is not valid or correct. The verify result is: {'error': 'No module named \'einops\'\nTraceback (most recent call last):\n  File "/cpfs01/shared/llm_kernel/hujiakai/KernelLLM/validation_api_server/evaluator.py", line 92, in _measure_perf_worker\n    exec(textwrap.dedent(code_src), temp_module.__dict__)\n  File "<string>", line 8, in <module>\nModuleNotFoundError: No module named \'einops\'\n'}
2025-08-08 04:22:32,220 - openevolve.RemoteSpeedupEvaluator - INFO - [level5_2_stablediffusion3_mmdit] verify_plus payload: reference_code(26268 chars) + custom_code(26389 chars)
2025-08-08 04:22:36,617 - openevolve.RemoteSpeedupEvaluator - INFO - [level5_2_stablediffusion3_mmdit] verify_plus request success
2025-08-08 04:22:36,617 - openevolve.RemoteSpeedupEvaluator - INFO - [level5_2_stablediffusion3_mmdit] verify_plus response: {"id":"level5_2_stablediffusion3_mmdit","result":{"error":"No module named 'einops'\nTraceback (most recent call last):\n  File \"/cpfs01/shared/llm_kernel/hujiakai/KernelLLM/validation_api_server/evaluator.py\", line 92, in _measure_perf_worker\n    exec(textwrap.dedent(code_src), temp_module.__dict__)\n  File \"<string>\", line 8, in <module>\nModuleNotFoundError: No module named 'einops'\n"}}
2025-08-08 04:22:36,618 - openevolve.evaluator - WARNING - Evaluation attempt 3/4 failed for program 0e4fc684-3e88-4417-b5b5-bd5a3ca83267: Error: The reference code is not valid or correct. The verify result is: {'error': 'No module named \'einops\'\nTraceback (most recent call last):\n  File "/cpfs01/shared/llm_kernel/hujiakai/KernelLLM/validation_api_server/evaluator.py", line 92, in _measure_perf_worker\n    exec(textwrap.dedent(code_src), temp_module.__dict__)\n  File "<string>", line 8, in <module>\nModuleNotFoundError: No module named \'einops\'\n'}
2025-08-08 04:22:37,621 - openevolve.RemoteSpeedupEvaluator - INFO - [level5_2_stablediffusion3_mmdit] verify_plus payload: reference_code(26268 chars) + custom_code(26389 chars)
2025-08-08 04:22:41,841 - openevolve.RemoteSpeedupEvaluator - INFO - [level5_2_stablediffusion3_mmdit] verify_plus request success
2025-08-08 04:22:41,841 - openevolve.RemoteSpeedupEvaluator - INFO - [level5_2_stablediffusion3_mmdit] verify_plus response: {"id":"level5_2_stablediffusion3_mmdit","result":{"error":"No module named 'einops'\nTraceback (most recent call last):\n  File \"/cpfs01/shared/llm_kernel/hujiakai/KernelLLM/validation_api_server/evaluator.py\", line 92, in _measure_perf_worker\n    exec(textwrap.dedent(code_src), temp_module.__dict__)\n  File \"<string>\", line 8, in <module>\nModuleNotFoundError: No module named 'einops'\n"}}
2025-08-08 04:22:41,841 - openevolve.evaluator - WARNING - Evaluation attempt 4/4 failed for program 0e4fc684-3e88-4417-b5b5-bd5a3ca83267: Error: The reference code is not valid or correct. The verify result is: {'error': 'No module named \'einops\'\nTraceback (most recent call last):\n  File "/cpfs01/shared/llm_kernel/hujiakai/KernelLLM/validation_api_server/evaluator.py", line 92, in _measure_perf_worker\n    exec(textwrap.dedent(code_src), temp_module.__dict__)\n  File "<string>", line 8, in <module>\nModuleNotFoundError: No module named \'einops\'\n'}
2025-08-08 04:22:41,842 - openevolve.evaluator - ERROR - All evaluation attempts failed for program 0e4fc684-3e88-4417-b5b5-bd5a3ca83267. Last error: Error: The reference code is not valid or correct. The verify result is: {'error': 'No module named \'einops\'\nTraceback (most recent call last):\n  File "/cpfs01/shared/llm_kernel/hujiakai/KernelLLM/validation_api_server/evaluator.py", line 92, in _measure_perf_worker\n    exec(textwrap.dedent(code_src), temp_module.__dict__)\n  File "<string>", line 8, in <module>\nModuleNotFoundError: No module named \'einops\'\n'}
2025-08-08 04:22:41,843 - __main__ - ERROR - ðŸ’¥ å¤±è´¥ level5_2_stablediffusion3_mmdit: 'score'
2025-08-08 04:22:41,843 - __main__ - INFO - ----------------------------------------------------------------------
2025-08-08 04:22:41,843 - __main__ - INFO - ðŸ“Š è¿›ç¨‹ rank=26 ç»“æŸ | æˆåŠŸ 5 | å¤±è´¥ 1
2025-08-08 04:22:41,843 - __main__ - INFO - ----------------------------------------------------------------------
