2025-08-08 00:55:01,726 - openevolve.controller - INFO - Logging to openevolve_output/level2_91_ConvTranspose2d_Softmax_BiasAdd_Scaling_Sigmoid/logs/openevolve_20250808_005501.log
2025-08-08 00:55:01,726 - openevolve.controller - INFO - Set random seed to 42 for reproducibility
2025-08-08 00:55:01,767 - openevolve.llm.ensemble - INFO - Initialized LLM ensemble with models: deepseek (weight: 0.80), deepseek (weight: 0.20)
2025-08-08 00:55:01,808 - openevolve.llm.ensemble - INFO - Initialized LLM ensemble with models: deepseek (weight: 0.80), deepseek (weight: 0.20)
2025-08-08 00:55:01,808 - openevolve.prompt.sampler - INFO - Set custom templates: system=evaluator_system_message, user=None
2025-08-08 00:55:01,808 - openevolve.database - INFO - Initialized program database with 0 programs
2025-08-08 00:55:01,830 - openevolve.evaluator - INFO - Successfully loaded evaluation function from openevolve_output/level2_91_ConvTranspose2d_Softmax_BiasAdd_Scaling_Sigmoid/evaluation.py
2025-08-08 00:55:01,830 - openevolve.evaluator - INFO - Initialized evaluator with openevolve_output/level2_91_ConvTranspose2d_Softmax_BiasAdd_Scaling_Sigmoid/evaluation.py
2025-08-08 00:55:01,830 - openevolve.controller - INFO - Initialized OpenEvolve with /tmp/d7146bc2790a79ca7fc1bc5cdde2a29f.py
2025-08-08 00:55:01,831 - openevolve.controller - INFO - Adding initial program to database
2025-08-08 00:55:01,831 - openevolve.RemoteSpeedupEvaluator - INFO - [level2_91_ConvTranspose2d_Softmax_BiasAdd_Scaling_Sigmoid] verify_plus payload: reference_code(1235 chars) + custom_code(1359 chars)
2025-08-08 00:55:04,866 - openevolve.RemoteSpeedupEvaluator - INFO - [level2_91_ConvTranspose2d_Softmax_BiasAdd_Scaling_Sigmoid] verify_plus request success
2025-08-08 00:55:04,867 - openevolve.RemoteSpeedupEvaluator - INFO - [level2_91_ConvTranspose2d_Softmax_BiasAdd_Scaling_Sigmoid] verify_plus response: {"id":"level2_91_ConvTranspose2d_Softmax_BiasAdd_Scaling_Sigmoid","result":{"compiled":true,"correctness":true,"metadata":{"hardware":"NVIDIA L20Y","device":"cuda:4","correctness_trials":"(5 / 5)","reference_timing_ms":0.0962,"speed_up":0.291,"custom_timing":0.331},"runtime":0.331,"runtime_stats":{"mean":0.331,"std":0.00359,"min":0.323,"max":0.342,"num_trials":100,"hardware":"NVIDIA L20Y","device":"cuda:4"}}}
2025-08-08 00:55:04,867 - openevolve.evaluator - INFO - Evaluated program 815e0c43-3448-4aca-a2fa-b4a70c19e995 in 3.04s: compiled=1.0000, correctness=1.0000, stage=reference code, passed=0.0000, score=0.0000, speed_up=1.0000, runtime_ms=0.3310, meta={'hardware': 'NVIDIA L20Y', 'device': 'cuda:4', 'correctness_trials': '(5 / 5)', 'reference_timing_ms': 0.0962, 'speed_up': 0.291, 'custom_timing': 0.331}
2025-08-08 00:55:04,867 - openevolve.database - INFO - New MAP-Elites cell occupied: {'score': 0, 'complexity': 1}
2025-08-08 00:55:04,882 - openevolve.threaded_parallel - INFO - Initializing threaded evaluation pool with 3 workers
2025-08-08 00:55:04,883 - openevolve.threaded_parallel - INFO - Started thread pool with 3 threads
2025-08-08 00:55:04,883 - openevolve.threaded_parallel - INFO - Started improved parallel controller
2025-08-08 00:55:04,883 - openevolve.controller - INFO - Using island-based evolution with 3 islands
2025-08-08 00:55:04,883 - openevolve.database - INFO - Island Status:
2025-08-08 00:55:04,884 - openevolve.database - INFO -  * Island 0: 1 programs, best=0.0000, avg=0.0000, diversity=0.00, gen=0 (best: 815e0c43-3448-4aca-a2fa-b4a70c19e995)
2025-08-08 00:55:04,884 - openevolve.database - INFO -    Island 1: 0 programs, best=0.0000, avg=0.0000, diversity=0.00, gen=0
2025-08-08 00:55:04,884 - openevolve.database - INFO -    Island 2: 0 programs, best=0.0000, avg=0.0000, diversity=0.00, gen=0
2025-08-08 00:55:04,884 - openevolve.threaded_parallel - INFO - Starting improved parallel evolution from iteration 0 for 30 iterations (total: 30)
2025-08-08 00:55:05,015 - openevolve.llm.ensemble - INFO - Initialized LLM ensemble with models: deepseek (weight: 0.80), deepseek (weight: 0.20)
2025-08-08 00:55:05,027 - openevolve.llm.ensemble - INFO - Initialized LLM ensemble with models: deepseek (weight: 0.80), deepseek (weight: 0.20)
2025-08-08 00:55:05,027 - openevolve.llm.ensemble - INFO - Initialized LLM ensemble with models: deepseek (weight: 0.80), deepseek (weight: 0.20)
2025-08-08 00:55:05,145 - openevolve.llm.ensemble - INFO - Initialized LLM ensemble with models: deepseek (weight: 0.80), deepseek (weight: 0.20)
2025-08-08 00:55:05,145 - openevolve.prompt.sampler - INFO - Set custom templates: system=evaluator_system_message, user=None
2025-08-08 00:55:05,148 - openevolve.evaluator - INFO - Successfully loaded evaluation function from openevolve_output/level2_91_ConvTranspose2d_Softmax_BiasAdd_Scaling_Sigmoid/evaluation.py
2025-08-08 00:55:05,148 - openevolve.evaluator - INFO - Initialized evaluator with openevolve_output/level2_91_ConvTranspose2d_Softmax_BiasAdd_Scaling_Sigmoid/evaluation.py
2025-08-08 00:55:05,151 - openevolve.llm.ensemble - INFO - Sampled model: deepseek
2025-08-08 00:55:05,158 - openevolve.llm.ensemble - INFO - Initialized LLM ensemble with models: deepseek (weight: 0.80), deepseek (weight: 0.20)
2025-08-08 00:55:05,158 - openevolve.prompt.sampler - INFO - Set custom templates: system=evaluator_system_message, user=None
2025-08-08 00:55:05,158 - openevolve.llm.ensemble - INFO - Initialized LLM ensemble with models: deepseek (weight: 0.80), deepseek (weight: 0.20)
2025-08-08 00:55:05,159 - openevolve.prompt.sampler - INFO - Set custom templates: system=evaluator_system_message, user=None
2025-08-08 00:55:05,160 - openevolve.evaluator - INFO - Successfully loaded evaluation function from openevolve_output/level2_91_ConvTranspose2d_Softmax_BiasAdd_Scaling_Sigmoid/evaluation.py
2025-08-08 00:55:05,160 - openevolve.evaluator - INFO - Initialized evaluator with openevolve_output/level2_91_ConvTranspose2d_Softmax_BiasAdd_Scaling_Sigmoid/evaluation.py
2025-08-08 00:55:05,161 - openevolve.evaluator - INFO - Successfully loaded evaluation function from openevolve_output/level2_91_ConvTranspose2d_Softmax_BiasAdd_Scaling_Sigmoid/evaluation.py
2025-08-08 00:55:05,161 - openevolve.evaluator - INFO - Initialized evaluator with openevolve_output/level2_91_ConvTranspose2d_Softmax_BiasAdd_Scaling_Sigmoid/evaluation.py
2025-08-08 00:55:05,162 - openevolve.llm.ensemble - INFO - Sampled model: deepseek
2025-08-08 00:55:05,163 - openevolve.llm.ensemble - INFO - Sampled model: deepseek
2025-08-08 01:05:54,992 - openevolve.RemoteSpeedupEvaluator - INFO - [level2_91_ConvTranspose2d_Softmax_BiasAdd_Scaling_Sigmoid] triton key words check pass
2025-08-08 01:05:54,993 - openevolve.RemoteSpeedupEvaluator - INFO - [level2_91_ConvTranspose2d_Softmax_BiasAdd_Scaling_Sigmoid] verify_plus payload: reference_code(1235 chars) + custom_code(3131 chars)
2025-08-08 01:05:58,470 - openevolve.RemoteSpeedupEvaluator - INFO - [level2_91_ConvTranspose2d_Softmax_BiasAdd_Scaling_Sigmoid] verify_plus request success
2025-08-08 01:05:58,470 - openevolve.RemoteSpeedupEvaluator - INFO - [level2_91_ConvTranspose2d_Softmax_BiasAdd_Scaling_Sigmoid] verify_plus response: {"id":"level2_91_ConvTranspose2d_Softmax_BiasAdd_Scaling_Sigmoid","result":{"compiled":true,"correctness":true,"metadata":{"hardware":"NVIDIA L20Y","device":"cuda:5","correctness_trials":"(5 / 5)","reference_timing_ms":0.0962,"speed_up":0.121,"custom_timing":0.796},"runtime":0.796,"runtime_stats":{"mean":0.796,"std":0.00392,"min":0.791,"max":0.823,"num_trials":100,"hardware":"NVIDIA L20Y","device":"cuda:5"}}}
2025-08-08 01:05:58,471 - openevolve.RemoteSpeedupEvaluator - INFO - [level2_91_ConvTranspose2d_Softmax_BiasAdd_Scaling_Sigmoid] âœ” success | speed_up=0.121  score=20.00
2025-08-08 01:05:58,471 - openevolve.evaluator - INFO - Evaluated program 84b5b7d3-4cb1-4ba9-84ad-c2090b136c5d in 3.48s: compiled=1.0000, correctness=1.0000, stage=success, passed=0.0000, score=20.0000, speed_up=0.1210, runtime_ms=0.7960, meta={'hardware': 'NVIDIA L20Y', 'device': 'cuda:5', 'correctness_trials': '(5 / 5)', 'reference_timing_ms': 0.0962, 'speed_up': 0.121, 'custom_timing': 0.796}
2025-08-08 01:05:58,474 - openevolve.llm.ensemble - INFO - Sampled model: deepseek
2025-08-08 01:05:58,479 - openevolve.database - INFO - New MAP-Elites cell occupied: {'score': 9, 'complexity': 9}
2025-08-08 01:05:58,479 - openevolve.database - INFO - New best program 84b5b7d3-4cb1-4ba9-84ad-c2090b136c5d replaces 815e0c43-3448-4aca-a2fa-b4a70c19e995
2025-08-08 01:05:58,491 - openevolve.threaded_parallel - INFO - Iteration 2: Program 84b5b7d3-4cb1-4ba9-84ad-c2090b136c5d (parent: 815e0c43-3448-4aca-a2fa-b4a70c19e995) completed in 653.31s
2025-08-08 01:05:58,492 - openevolve.threaded_parallel - INFO - Metrics: compiled=1.0000, correctness=1.0000, stage=success, passed=0.0000, score=20.0000, speed_up=0.1210, runtime_ms=0.7960, meta={'hardware': 'NVIDIA L20Y', 'device': 'cuda:5', 'correctness_trials': '(5 / 5)', 'reference_timing_ms': 0.0962, 'speed_up': 0.121, 'custom_timing': 0.796}
2025-08-08 01:05:58,492 - openevolve.threaded_parallel - INFO - ðŸŒŸ New best solution found at iteration 2: 84b5b7d3-4cb1-4ba9-84ad-c2090b136c5d
2025-08-08 01:06:37,682 - openevolve.RemoteSpeedupEvaluator - INFO - [level2_91_ConvTranspose2d_Softmax_BiasAdd_Scaling_Sigmoid] triton key words check pass
2025-08-08 01:06:37,684 - openevolve.RemoteSpeedupEvaluator - INFO - [level2_91_ConvTranspose2d_Softmax_BiasAdd_Scaling_Sigmoid] verify_plus payload: reference_code(1235 chars) + custom_code(2595 chars)
2025-08-08 01:06:40,982 - openevolve.RemoteSpeedupEvaluator - INFO - [level2_91_ConvTranspose2d_Softmax_BiasAdd_Scaling_Sigmoid] verify_plus request success
2025-08-08 01:06:40,982 - openevolve.RemoteSpeedupEvaluator - INFO - [level2_91_ConvTranspose2d_Softmax_BiasAdd_Scaling_Sigmoid] verify_plus response: {"id":"level2_91_ConvTranspose2d_Softmax_BiasAdd_Scaling_Sigmoid","result":{"compiled":true,"correctness":true,"metadata":{"hardware":"NVIDIA L20Y","device":"cuda:0","correctness_trials":"(5 / 5)","reference_timing_ms":0.0962,"speed_up":0.269,"custom_timing":0.357},"runtime":0.357,"runtime_stats":{"mean":0.357,"std":0.00328,"min":0.349,"max":0.367,"num_trials":100,"hardware":"NVIDIA L20Y","device":"cuda:0"}}}
2025-08-08 01:06:40,983 - openevolve.RemoteSpeedupEvaluator - INFO - [level2_91_ConvTranspose2d_Softmax_BiasAdd_Scaling_Sigmoid] âœ” success | speed_up=0.269  score=20.00
2025-08-08 01:06:40,983 - openevolve.evaluator - INFO - Evaluated program 827e2bed-917f-4723-b7a8-4dd65b66d81d in 3.30s: compiled=1.0000, correctness=1.0000, stage=success, passed=0.0000, score=20.0000, speed_up=0.2690, runtime_ms=0.3570, meta={'hardware': 'NVIDIA L20Y', 'device': 'cuda:0', 'correctness_trials': '(5 / 5)', 'reference_timing_ms': 0.0962, 'speed_up': 0.269, 'custom_timing': 0.357}
2025-08-08 01:06:40,986 - openevolve.llm.ensemble - INFO - Sampled model: deepseek
2025-08-08 01:06:40,991 - openevolve.database - INFO - New MAP-Elites cell occupied: {'score': 9, 'complexity': 6}
2025-08-08 01:06:40,998 - openevolve.threaded_parallel - INFO - Iteration 1: Program 827e2bed-917f-4723-b7a8-4dd65b66d81d (parent: 815e0c43-3448-4aca-a2fa-b4a70c19e995) completed in 695.82s
2025-08-08 01:06:40,998 - openevolve.threaded_parallel - INFO - Metrics: compiled=1.0000, correctness=1.0000, stage=success, passed=0.0000, score=20.0000, speed_up=0.2690, runtime_ms=0.3570, meta={'hardware': 'NVIDIA L20Y', 'device': 'cuda:0', 'correctness_trials': '(5 / 5)', 'reference_timing_ms': 0.0962, 'speed_up': 0.269, 'custom_timing': 0.357}
2025-08-08 01:08:54,893 - openevolve.RemoteSpeedupEvaluator - INFO - [level2_91_ConvTranspose2d_Softmax_BiasAdd_Scaling_Sigmoid] triton key words check pass
2025-08-08 01:08:54,894 - openevolve.RemoteSpeedupEvaluator - INFO - [level2_91_ConvTranspose2d_Softmax_BiasAdd_Scaling_Sigmoid] verify_plus payload: reference_code(1235 chars) + custom_code(2741 chars)
2025-08-08 01:08:58,336 - openevolve.RemoteSpeedupEvaluator - INFO - [level2_91_ConvTranspose2d_Softmax_BiasAdd_Scaling_Sigmoid] verify_plus request success
2025-08-08 01:08:58,336 - openevolve.RemoteSpeedupEvaluator - INFO - [level2_91_ConvTranspose2d_Softmax_BiasAdd_Scaling_Sigmoid] verify_plus response: {"id":"level2_91_ConvTranspose2d_Softmax_BiasAdd_Scaling_Sigmoid","result":{"compiled":true,"correctness":false,"metadata":{"hardware":"NVIDIA L20Y","device":"cuda:0","max_difference":["0.950054","0.949956","0.949889","0.950104","0.950177"],"avg_difference":["0.355800","0.355800","0.355800","0.355800","0.355800"],"correctness_issue":"Output mismatch","correctness_trials":"(0 / 5)","reference_timing_ms":0.0962,"speed_up":-1.0,"custom_timing":-1.0},"runtime":-1.0,"runtime_stats":{}}}
2025-08-08 01:08:58,336 - openevolve.RemoteSpeedupEvaluator - INFO - [level2_91_ConvTranspose2d_Softmax_BiasAdd_Scaling_Sigmoid] âœ˜ wrong_answer
2025-08-08 01:08:58,337 - openevolve.evaluator - INFO - Evaluated program eac961cb-0589-4dfc-b310-5df34ab1ae91 in 3.45s: compiled=1.0000, correctness=0.0000, score=10.0000, stage=wrong_answer, verify_payload={'id': 'level2_91_ConvTranspose2d_Softmax_BiasAdd_Scaling_Sigmoid', 'result': {'compiled': True, 'correctness': False, 'metadata': {'hardware': 'NVIDIA L20Y', 'device': 'cuda:0', 'max_difference': ['0.950054', '0.949956', '0.949889', '0.950104', '0.950177'], 'avg_difference': ['0.355800', '0.355800', '0.355800', '0.355800', '0.355800'], 'correctness_issue': 'Output mismatch', 'correctness_trials': '(0 / 5)', 'reference_timing_ms': 0.0962, 'speed_up': -1.0, 'custom_timing': -1.0}, 'runtime': -1.0, 'runtime_stats': {}}}
2025-08-08 01:08:58,340 - openevolve.llm.ensemble - INFO - Sampled model: deepseek
2025-08-08 01:08:58,347 - openevolve.database - INFO - New MAP-Elites cell occupied: {'score': 9, 'complexity': 7}
2025-08-08 01:08:58,359 - openevolve.threaded_parallel - INFO - Iteration 0: Program eac961cb-0589-4dfc-b310-5df34ab1ae91 (parent: 815e0c43-3448-4aca-a2fa-b4a70c19e995) completed in 833.19s
2025-08-08 01:08:58,359 - openevolve.threaded_parallel - INFO - Metrics: compiled=1.0000, correctness=0.0000, score=10.0000, stage=wrong_answer, verify_payload={'id': 'level2_91_ConvTranspose2d_Softmax_BiasAdd_Scaling_Sigmoid', 'result': {'compiled': True, 'correctness': False, 'metadata': {'hardware': 'NVIDIA L20Y', 'device': 'cuda:0', 'max_difference': ['0.950054', '0.949956', '0.949889', '0.950104', '0.950177'], 'avg_difference': ['0.355800', '0.355800', '0.355800', '0.355800', '0.355800'], 'correctness_issue': 'Output mismatch', 'correctness_trials': '(0 / 5)', 'reference_timing_ms': 0.0962, 'speed_up': -1.0, 'custom_timing': -1.0}, 'runtime': -1.0, 'runtime_stats': {}}}
2025-08-08 01:08:58,359 - openevolve.threaded_parallel - INFO - Checkpoint interval reached at iteration 0
2025-08-08 01:08:58,359 - openevolve.database - INFO - Island Status:
2025-08-08 01:08:58,359 - openevolve.database - INFO -    Island 0: 3 programs, best=20.0000, avg=13.3333, diversity=429.00, gen=1 (best: 84b5b7d3-4cb1-4ba9-84ad-c2090b136c5d)
2025-08-08 01:08:58,359 - openevolve.database - INFO -  * Island 1: 1 programs, best=10.0000, avg=10.0000, diversity=0.00, gen=2 (best: eac961cb-0589-4dfc-b310-5df34ab1ae91)
2025-08-08 01:08:58,359 - openevolve.database - INFO -    Island 2: 0 programs, best=0.0000, avg=0.0000, diversity=0.00, gen=0
2025-08-08 01:08:58,413 - openevolve.database - INFO - Saved database with 4 programs to openevolve_output/level2_91_ConvTranspose2d_Softmax_BiasAdd_Scaling_Sigmoid/checkpoints/checkpoint_0
2025-08-08 01:08:58,424 - openevolve.controller - INFO - Saved best program at checkpoint 0 with metrics: compiled=1.0000, correctness=1.0000, stage=success, passed=0.0000, score=20.0000, speed_up=0.1210, runtime_ms=0.7960, meta={'hardware': 'NVIDIA L20Y', 'device': 'cuda:5', 'correctness_trials': '(5 / 5)', 'reference_timing_ms': 0.0962, 'speed_up': 0.121, 'custom_timing': 0.796}
2025-08-08 01:08:58,424 - openevolve.controller - INFO - Saved checkpoint at iteration 0 to openevolve_output/level2_91_ConvTranspose2d_Softmax_BiasAdd_Scaling_Sigmoid/checkpoints/checkpoint_0
2025-08-08 01:15:34,154 - openevolve.RemoteSpeedupEvaluator - INFO - [level2_91_ConvTranspose2d_Softmax_BiasAdd_Scaling_Sigmoid] triton key words check pass
2025-08-08 01:15:34,155 - openevolve.RemoteSpeedupEvaluator - INFO - [level2_91_ConvTranspose2d_Softmax_BiasAdd_Scaling_Sigmoid] verify_plus payload: reference_code(1235 chars) + custom_code(2994 chars)
2025-08-08 01:15:37,488 - openevolve.RemoteSpeedupEvaluator - INFO - [level2_91_ConvTranspose2d_Softmax_BiasAdd_Scaling_Sigmoid] verify_plus request success
2025-08-08 01:15:37,488 - openevolve.RemoteSpeedupEvaluator - INFO - [level2_91_ConvTranspose2d_Softmax_BiasAdd_Scaling_Sigmoid] verify_plus response: {"id":"level2_91_ConvTranspose2d_Softmax_BiasAdd_Scaling_Sigmoid","result":{"compiled":true,"correctness":true,"metadata":{"hardware":"NVIDIA L20Y","device":"cuda:7","correctness_trials":"(5 / 5)","reference_timing_ms":0.0962,"speed_up":0.121,"custom_timing":0.793},"runtime":0.793,"runtime_stats":{"mean":0.793,"std":0.00254,"min":0.787,"max":0.799,"num_trials":100,"hardware":"NVIDIA L20Y","device":"cuda:7"}}}
2025-08-08 01:15:37,488 - openevolve.RemoteSpeedupEvaluator - INFO - [level2_91_ConvTranspose2d_Softmax_BiasAdd_Scaling_Sigmoid] âœ” success | speed_up=0.121  score=20.00
2025-08-08 01:15:37,489 - openevolve.evaluator - INFO - Evaluated program 4d06acec-326a-4d4e-ada5-3d5fe89e530e in 3.34s: compiled=1.0000, correctness=1.0000, stage=success, passed=0.0000, score=20.0000, speed_up=0.1210, runtime_ms=0.7930, meta={'hardware': 'NVIDIA L20Y', 'device': 'cuda:7', 'correctness_trials': '(5 / 5)', 'reference_timing_ms': 0.0962, 'speed_up': 0.121, 'custom_timing': 0.793}
2025-08-08 01:15:37,492 - openevolve.llm.ensemble - INFO - Sampled model: deepseek
2025-08-08 01:15:37,505 - openevolve.threaded_parallel - INFO - Iteration 3: Program 4d06acec-326a-4d4e-ada5-3d5fe89e530e (parent: 815e0c43-3448-4aca-a2fa-b4a70c19e995) completed in 579.02s
2025-08-08 01:15:37,505 - openevolve.threaded_parallel - INFO - Metrics: compiled=1.0000, correctness=1.0000, stage=success, passed=0.0000, score=20.0000, speed_up=0.1210, runtime_ms=0.7930, meta={'hardware': 'NVIDIA L20Y', 'device': 'cuda:7', 'correctness_trials': '(5 / 5)', 'reference_timing_ms': 0.0962, 'speed_up': 0.121, 'custom_timing': 0.793}
2025-08-08 01:15:37,505 - openevolve.threaded_parallel - INFO - Checkpoint interval reached at iteration 3
2025-08-08 01:15:37,506 - openevolve.database - INFO - Island Status:
2025-08-08 01:15:37,506 - openevolve.database - INFO -    Island 0: 3 programs, best=20.0000, avg=13.3333, diversity=429.00, gen=1 (best: 84b5b7d3-4cb1-4ba9-84ad-c2090b136c5d)
2025-08-08 01:15:37,506 - openevolve.database - INFO -    Island 1: 2 programs, best=20.0000, avg=15.0000, diversity=137.30, gen=2 (best: 4d06acec-326a-4d4e-ada5-3d5fe89e530e)
2025-08-08 01:15:37,506 - openevolve.database - INFO -  * Island 2: 0 programs, best=0.0000, avg=0.0000, diversity=0.00, gen=1
2025-08-08 01:15:37,565 - openevolve.database - INFO - Saved database with 5 programs to openevolve_output/level2_91_ConvTranspose2d_Softmax_BiasAdd_Scaling_Sigmoid/checkpoints/checkpoint_3
2025-08-08 01:15:37,577 - openevolve.controller - INFO - Saved best program at checkpoint 3 with metrics: compiled=1.0000, correctness=1.0000, stage=success, passed=0.0000, score=20.0000, speed_up=0.1210, runtime_ms=0.7960, meta={'hardware': 'NVIDIA L20Y', 'device': 'cuda:5', 'correctness_trials': '(5 / 5)', 'reference_timing_ms': 0.0962, 'speed_up': 0.121, 'custom_timing': 0.796}
2025-08-08 01:15:37,577 - openevolve.controller - INFO - Saved checkpoint at iteration 3 to openevolve_output/level2_91_ConvTranspose2d_Softmax_BiasAdd_Scaling_Sigmoid/checkpoints/checkpoint_3
2025-08-08 01:17:46,806 - openevolve.RemoteSpeedupEvaluator - INFO - [level2_91_ConvTranspose2d_Softmax_BiasAdd_Scaling_Sigmoid] triton key words check pass
2025-08-08 01:17:46,808 - openevolve.RemoteSpeedupEvaluator - INFO - [level2_91_ConvTranspose2d_Softmax_BiasAdd_Scaling_Sigmoid] verify_plus payload: reference_code(1235 chars) + custom_code(3803 chars)
2025-08-08 01:17:50,796 - openevolve.RemoteSpeedupEvaluator - INFO - [level2_91_ConvTranspose2d_Softmax_BiasAdd_Scaling_Sigmoid] verify_plus request success
2025-08-08 01:17:50,797 - openevolve.RemoteSpeedupEvaluator - INFO - [level2_91_ConvTranspose2d_Softmax_BiasAdd_Scaling_Sigmoid] verify_plus response: {"id":"level2_91_ConvTranspose2d_Softmax_BiasAdd_Scaling_Sigmoid","result":{"compiled":true,"correctness":true,"metadata":{"hardware":"NVIDIA L20Y","device":"cuda:3","correctness_trials":"(5 / 5)","reference_timing_ms":0.0962,"speed_up":0.393,"custom_timing":0.245},"runtime":0.245,"runtime_stats":{"mean":0.245,"std":0.00317,"min":0.241,"max":0.263,"num_trials":100,"hardware":"NVIDIA L20Y","device":"cuda:3"}}}
2025-08-08 01:17:50,797 - openevolve.RemoteSpeedupEvaluator - INFO - [level2_91_ConvTranspose2d_Softmax_BiasAdd_Scaling_Sigmoid] âœ” success | speed_up=0.393  score=20.00
2025-08-08 01:17:50,797 - openevolve.evaluator - INFO - Evaluated program 4543921b-99eb-4380-9000-da82fa4becaf in 3.99s: compiled=1.0000, correctness=1.0000, stage=success, passed=0.0000, score=20.0000, speed_up=0.3930, runtime_ms=0.2450, meta={'hardware': 'NVIDIA L20Y', 'device': 'cuda:3', 'correctness_trials': '(5 / 5)', 'reference_timing_ms': 0.0962, 'speed_up': 0.393, 'custom_timing': 0.245}
2025-08-08 01:17:50,800 - openevolve.llm.ensemble - INFO - Sampled model: deepseek
2025-08-08 01:17:50,818 - openevolve.threaded_parallel - INFO - Iteration 4: Program 4543921b-99eb-4380-9000-da82fa4becaf (parent: 84b5b7d3-4cb1-4ba9-84ad-c2090b136c5d) completed in 669.81s
2025-08-08 01:17:50,818 - openevolve.threaded_parallel - INFO - Metrics: compiled=1.0000, correctness=1.0000, stage=success, passed=0.0000, score=20.0000, speed_up=0.3930, runtime_ms=0.2450, meta={'hardware': 'NVIDIA L20Y', 'device': 'cuda:3', 'correctness_trials': '(5 / 5)', 'reference_timing_ms': 0.0962, 'speed_up': 0.393, 'custom_timing': 0.245}
2025-08-08 01:20:57,335 - openevolve.RemoteSpeedupEvaluator - INFO - [level2_91_ConvTranspose2d_Softmax_BiasAdd_Scaling_Sigmoid] triton key words check pass
2025-08-08 01:20:57,336 - openevolve.RemoteSpeedupEvaluator - INFO - [level2_91_ConvTranspose2d_Softmax_BiasAdd_Scaling_Sigmoid] verify_plus payload: reference_code(1235 chars) + custom_code(3744 chars)
2025-08-08 01:20:59,994 - openevolve.RemoteSpeedupEvaluator - INFO - [level2_91_ConvTranspose2d_Softmax_BiasAdd_Scaling_Sigmoid] verify_plus request success
2025-08-08 01:20:59,994 - openevolve.RemoteSpeedupEvaluator - INFO - [level2_91_ConvTranspose2d_Softmax_BiasAdd_Scaling_Sigmoid] verify_plus response: {"id":"level2_91_ConvTranspose2d_Softmax_BiasAdd_Scaling_Sigmoid","result":{"compiled":true,"correctness":false,"metadata":{"hardware":"NVIDIA L20Y","device":"cuda:3","runtime_error":"Traceback (most recent call last):\n  File \"/cpfs01/shared/llm_kernel/hujiakai/KernelLLM/validation_api_server/helpers/evaluations.py\", line 720, in run_and_check_correctness\n    output_new = model_new(*inputs)\n  File \"/home/lijiaxing/.conda/envs/api/lib/python3.10/site-packages/torch/nn/modules/module.py\", line 1773, in _wrapped_call_impl\n    return self._call_impl(*args, **kwargs)\n  File \"/home/lijiaxing/.conda/envs/api/lib/python3.10/site-packages/torch/nn/modules/module.py\", line 1784, in _call_impl\n    return forward_call(*args, **kwargs)\n  File \"/tmp/tmpckehjcfm.py\", line 80, in forward\n 
2025-08-08 01:20:59,994 - openevolve.RemoteSpeedupEvaluator - INFO - [level2_91_ConvTranspose2d_Softmax_BiasAdd_Scaling_Sigmoid] âœ˜ wrong_answer
2025-08-08 01:20:59,995 - openevolve.evaluator - INFO - Evaluated program 2c1f3879-565e-4a33-ae92-aca2b0f79d0d in 2.66s: compiled=1.0000, correctness=0.0000, score=10.0000, stage=wrong_answer, verify_payload={'id': 'level2_91_ConvTranspose2d_Softmax_BiasAdd_Scaling_Sigmoid', 'result': {'compiled': True, 'correctness': False, 'metadata': {'hardware': 'NVIDIA L20Y', 'device': 'cuda:3', 'runtime_error': 'Traceback (most recent call last):\n  File "/cpfs01/shared/llm_kernel/hujiakai/KernelLLM/validation_api_server/helpers/evaluations.py", line 720, in run_and_check_correctness\n    output_new = model_new(*inputs)\n  File "/home/lijiaxing/.conda/envs/api/lib/python3.10/site-packages/torch/nn/modules/module.py", line 1773, in _wrapped_call_impl\n    return self._call_impl(*args, **kwargs)\n  File "/home/lijiaxing/.conda/envs/api/lib/python3.10/site-packages/torch/nn/modules/module.py", line 1784, in _call_impl\n    return forward_call(*args, **kwargs)\n  File "/tmp/tmpckehjcfm.py", line 80, in forward\n    fused_softmax_bias_scale_sigmoid_kernel[grid](\n  File "/home/lijiaxing/.conda/envs/api/lib/python3.10/site-packages/triton/runtime/jit.py", line 390, in <lambda>\n    return lambda *args, **kwargs: self.run(grid=grid, warmup=False, *args, **kwargs)\n  File "/home/lijiaxing/.conda/envs/api/lib/python3.10/site-packages/triton/runtime/autotuner.py", line 239, in run\n    benchmark()\n  File "/home/lijiaxing/.conda/envs/api/lib/python3.10/site-packages/triton/runtime/autotuner.py", line 228, in benchmark\n    timings = {config: self._bench(*args, config=config, **kwargs) for config in pruned_configs}\n  File "/home/lijiaxing/.conda/envs/api/lib/python3.10/site-packages/triton/runtime/autotuner.py", line 228, in <dictcomp>\n    timings = {config: self._bench(*args, config=config, **kwargs) for config in pruned_configs}\n  File "/home/lijiaxing/.conda/envs/api/lib/python3.10/site-packages/triton/runtime/autotuner.py", line 135, in _bench\n    raise ValueError(f"Conflicting meta-parameters: {\', \'.join(conflicts)}."\nValueError: Conflicting meta-parameters: BLOCK_SIZE_W. Make sure that you don\'t re-define auto-tuned symbols.\n', 'runtime_error_name': 'builtins.ValueError', 'reference_timing_ms': 0.0962, 'speed_up': -1.0, 'custom_timing': -1.0}, 'runtime': -1.0, 'runtime_stats': {}}}
2025-08-08 01:20:59,998 - openevolve.llm.ensemble - INFO - Sampled model: deepseek
2025-08-08 01:21:00,009 - openevolve.threaded_parallel - INFO - Iteration 5: Program 2c1f3879-565e-4a33-ae92-aca2b0f79d0d (parent: 815e0c43-3448-4aca-a2fa-b4a70c19e995) completed in 721.66s
2025-08-08 01:21:00,009 - openevolve.threaded_parallel - INFO - Metrics: compiled=1.0000, correctness=0.0000, score=10.0000, stage=wrong_answer, verify_payload={'id': 'level2_91_ConvTranspose2d_Softmax_BiasAdd_Scaling_Sigmoid', 'result': {'compiled': True, 'correctness': False, 'metadata': {'hardware': 'NVIDIA L20Y', 'device': 'cuda:3', 'runtime_error': 'Traceback (most recent call last):\n  File "/cpfs01/shared/llm_kernel/hujiakai/KernelLLM/validation_api_server/helpers/evaluations.py", line 720, in run_and_check_correctness\n    output_new = model_new(*inputs)\n  File "/home/lijiaxing/.conda/envs/api/lib/python3.10/site-packages/torch/nn/modules/module.py", line 1773, in _wrapped_call_impl\n    return self._call_impl(*args, **kwargs)\n  File "/home/lijiaxing/.conda/envs/api/lib/python3.10/site-packages/torch/nn/modules/module.py", line 1784, in _call_impl\n    return forward_call(*args, **kwargs)\n  File "/tmp/tmpckehjcfm.py", line 80, in forward\n    fused_softmax_bias_scale_sigmoid_kernel[grid](\n  File "/home/lijiaxing/.conda/envs/api/lib/python3.10/site-packages/triton/runtime/jit.py", line 390, in <lambda>\n    return lambda *args, **kwargs: self.run(grid=grid, warmup=False, *args, **kwargs)\n  File "/home/lijiaxing/.conda/envs/api/lib/python3.10/site-packages/triton/runtime/autotuner.py", line 239, in run\n    benchmark()\n  File "/home/lijiaxing/.conda/envs/api/lib/python3.10/site-packages/triton/runtime/autotuner.py", line 228, in benchmark\n    timings = {config: self._bench(*args, config=config, **kwargs) for config in pruned_configs}\n  File "/home/lijiaxing/.conda/envs/api/lib/python3.10/site-packages/triton/runtime/autotuner.py", line 228, in <dictcomp>\n    timings = {config: self._bench(*args, config=config, **kwargs) for config in pruned_configs}\n  File "/home/lijiaxing/.conda/envs/api/lib/python3.10/site-packages/triton/runtime/autotuner.py", line 135, in _bench\n    raise ValueError(f"Conflicting meta-parameters: {\', \'.join(conflicts)}."\nValueError: Conflicting meta-parameters: BLOCK_SIZE_W. Make sure that you don\'t re-define auto-tuned symbols.\n', 'runtime_error_name': 'builtins.ValueError', 'reference_timing_ms': 0.0962, 'speed_up': -1.0, 'custom_timing': -1.0}, 'runtime': -1.0, 'runtime_stats': {}}}
2025-08-08 01:25:32,888 - openevolve.RemoteSpeedupEvaluator - INFO - [level2_91_ConvTranspose2d_Softmax_BiasAdd_Scaling_Sigmoid] triton key words check pass
2025-08-08 01:25:32,889 - openevolve.RemoteSpeedupEvaluator - INFO - [level2_91_ConvTranspose2d_Softmax_BiasAdd_Scaling_Sigmoid] verify_plus payload: reference_code(1235 chars) + custom_code(2910 chars)
2025-08-08 01:25:36,233 - openevolve.RemoteSpeedupEvaluator - INFO - [level2_91_ConvTranspose2d_Softmax_BiasAdd_Scaling_Sigmoid] verify_plus request success
2025-08-08 01:25:36,233 - openevolve.RemoteSpeedupEvaluator - INFO - [level2_91_ConvTranspose2d_Softmax_BiasAdd_Scaling_Sigmoid] verify_plus response: {"id":"level2_91_ConvTranspose2d_Softmax_BiasAdd_Scaling_Sigmoid","result":{"compiled":true,"correctness":true,"metadata":{"hardware":"NVIDIA L20Y","device":"cuda:3","correctness_trials":"(5 / 5)","reference_timing_ms":0.0962,"speed_up":0.275,"custom_timing":0.35},"runtime":0.35,"runtime_stats":{"mean":0.35,"std":0.00359,"min":0.343,"max":0.367,"num_trials":100,"hardware":"NVIDIA L20Y","device":"cuda:3"}}}
2025-08-08 01:25:36,233 - openevolve.RemoteSpeedupEvaluator - INFO - [level2_91_ConvTranspose2d_Softmax_BiasAdd_Scaling_Sigmoid] âœ” success | speed_up=0.275  score=20.00
2025-08-08 01:25:36,234 - openevolve.evaluator - INFO - Evaluated program 4febcca4-7a43-43dc-841c-fe22016145ff in 3.35s: compiled=1.0000, correctness=1.0000, stage=success, passed=0.0000, score=20.0000, speed_up=0.2750, runtime_ms=0.3500, meta={'hardware': 'NVIDIA L20Y', 'device': 'cuda:3', 'correctness_trials': '(5 / 5)', 'reference_timing_ms': 0.0962, 'speed_up': 0.275, 'custom_timing': 0.35}
2025-08-08 01:25:36,237 - openevolve.llm.ensemble - INFO - Sampled model: deepseek
2025-08-08 01:25:36,266 - openevolve.threaded_parallel - INFO - Iteration 6: Program 4febcca4-7a43-43dc-841c-fe22016145ff (parent: eac961cb-0589-4dfc-b310-5df34ab1ae91) completed in 598.74s
2025-08-08 01:25:36,267 - openevolve.threaded_parallel - INFO - Metrics: compiled=1.0000, correctness=1.0000, stage=success, passed=0.0000, score=20.0000, speed_up=0.2750, runtime_ms=0.3500, meta={'hardware': 'NVIDIA L20Y', 'device': 'cuda:3', 'correctness_trials': '(5 / 5)', 'reference_timing_ms': 0.0962, 'speed_up': 0.275, 'custom_timing': 0.35}
2025-08-08 01:25:36,267 - openevolve.threaded_parallel - INFO - Checkpoint interval reached at iteration 6
2025-08-08 01:25:36,268 - openevolve.database - INFO - Island Status:
2025-08-08 01:25:36,268 - openevolve.database - INFO -    Island 0: 4 programs, best=20.0000, avg=12.5000, diversity=464.08, gen=2 (best: 84b5b7d3-4cb1-4ba9-84ad-c2090b136c5d)
2025-08-08 01:25:36,268 - openevolve.database - INFO -    Island 1: 3 programs, best=20.0000, avg=16.6667, diversity=91.53, gen=3 (best: 4d06acec-326a-4d4e-ada5-3d5fe89e530e)
2025-08-08 01:25:36,268 - openevolve.database - INFO -  * Island 2: 1 programs, best=20.0000, avg=20.0000, diversity=0.00, gen=2 (best: 4543921b-99eb-4380-9000-da82fa4becaf)
2025-08-08 01:25:36,354 - openevolve.database - INFO - Saved database with 8 programs to openevolve_output/level2_91_ConvTranspose2d_Softmax_BiasAdd_Scaling_Sigmoid/checkpoints/checkpoint_6
2025-08-08 01:25:36,366 - openevolve.controller - INFO - Saved best program at checkpoint 6 with metrics: compiled=1.0000, correctness=1.0000, stage=success, passed=0.0000, score=20.0000, speed_up=0.1210, runtime_ms=0.7960, meta={'hardware': 'NVIDIA L20Y', 'device': 'cuda:5', 'correctness_trials': '(5 / 5)', 'reference_timing_ms': 0.0962, 'speed_up': 0.121, 'custom_timing': 0.796}
2025-08-08 01:25:36,366 - openevolve.controller - INFO - Saved checkpoint at iteration 6 to openevolve_output/level2_91_ConvTranspose2d_Softmax_BiasAdd_Scaling_Sigmoid/checkpoints/checkpoint_6
2025-08-08 01:30:32,836 - openevolve.RemoteSpeedupEvaluator - INFO - [level2_91_ConvTranspose2d_Softmax_BiasAdd_Scaling_Sigmoid] triton key words check pass
2025-08-08 01:30:32,837 - openevolve.RemoteSpeedupEvaluator - INFO - [level2_91_ConvTranspose2d_Softmax_BiasAdd_Scaling_Sigmoid] verify_plus payload: reference_code(1235 chars) + custom_code(3309 chars)
2025-08-08 01:30:38,468 - openevolve.RemoteSpeedupEvaluator - INFO - [level2_91_ConvTranspose2d_Softmax_BiasAdd_Scaling_Sigmoid] verify_plus request success
2025-08-08 01:30:38,469 - openevolve.RemoteSpeedupEvaluator - INFO - [level2_91_ConvTranspose2d_Softmax_BiasAdd_Scaling_Sigmoid] verify_plus response: {"id":"level2_91_ConvTranspose2d_Softmax_BiasAdd_Scaling_Sigmoid","result":{"compiled":true,"correctness":false,"metadata":{"hardware":"NVIDIA L20Y","device":"cuda:0","max_difference":["0.014576"],"avg_difference":["0.001216"],"correctness_issue":"Output mismatch","correctness_trials":"(4 / 5)","reference_timing_ms":0.0962,"speed_up":-1.0,"custom_timing":-1.0},"runtime":-1.0,"runtime_stats":{}}}
2025-08-08 01:30:38,469 - openevolve.RemoteSpeedupEvaluator - INFO - [level2_91_ConvTranspose2d_Softmax_BiasAdd_Scaling_Sigmoid] âœ˜ wrong_answer
2025-08-08 01:30:38,469 - openevolve.evaluator - INFO - Evaluated program 7a06a6b2-b487-49fb-88d8-cf865725191b in 5.63s: compiled=1.0000, correctness=0.0000, score=10.0000, stage=wrong_answer, verify_payload={'id': 'level2_91_ConvTranspose2d_Softmax_BiasAdd_Scaling_Sigmoid', 'result': {'compiled': True, 'correctness': False, 'metadata': {'hardware': 'NVIDIA L20Y', 'device': 'cuda:0', 'max_difference': ['0.014576'], 'avg_difference': ['0.001216'], 'correctness_issue': 'Output mismatch', 'correctness_trials': '(4 / 5)', 'reference_timing_ms': 0.0962, 'speed_up': -1.0, 'custom_timing': -1.0}, 'runtime': -1.0, 'runtime_stats': {}}}
2025-08-08 01:30:38,472 - openevolve.llm.ensemble - INFO - Sampled model: deepseek
2025-08-08 01:30:38,483 - openevolve.threaded_parallel - INFO - Iteration 7: Program 7a06a6b2-b487-49fb-88d8-cf865725191b (parent: 827e2bed-917f-4723-b7a8-4dd65b66d81d) completed in 767.67s
2025-08-08 01:30:38,483 - openevolve.threaded_parallel - INFO - Metrics: compiled=1.0000, correctness=0.0000, score=10.0000, stage=wrong_answer, verify_payload={'id': 'level2_91_ConvTranspose2d_Softmax_BiasAdd_Scaling_Sigmoid', 'result': {'compiled': True, 'correctness': False, 'metadata': {'hardware': 'NVIDIA L20Y', 'device': 'cuda:0', 'max_difference': ['0.014576'], 'avg_difference': ['0.001216'], 'correctness_issue': 'Output mismatch', 'correctness_trials': '(4 / 5)', 'reference_timing_ms': 0.0962, 'speed_up': -1.0, 'custom_timing': -1.0}, 'runtime': -1.0, 'runtime_stats': {}}}
2025-08-08 01:37:31,278 - openevolve.RemoteSpeedupEvaluator - INFO - [level2_91_ConvTranspose2d_Softmax_BiasAdd_Scaling_Sigmoid] triton key words check pass
2025-08-08 01:37:31,280 - openevolve.RemoteSpeedupEvaluator - INFO - [level2_91_ConvTranspose2d_Softmax_BiasAdd_Scaling_Sigmoid] verify_plus payload: reference_code(1235 chars) + custom_code(3084 chars)
2025-08-08 01:37:34,552 - openevolve.RemoteSpeedupEvaluator - INFO - [level2_91_ConvTranspose2d_Softmax_BiasAdd_Scaling_Sigmoid] verify_plus request success
2025-08-08 01:37:34,552 - openevolve.RemoteSpeedupEvaluator - INFO - [level2_91_ConvTranspose2d_Softmax_BiasAdd_Scaling_Sigmoid] verify_plus response: {"id":"level2_91_ConvTranspose2d_Softmax_BiasAdd_Scaling_Sigmoid","result":{"compiled":true,"correctness":false,"metadata":{"hardware":"NVIDIA L20Y","device":"cuda:1","max_difference":["1.945826","1.889967","2.039871","1.986812","1.994857"],"avg_difference":["0.396331","0.396248","0.396315","0.396252","0.396265"],"correctness_issue":"Output mismatch","correctness_trials":"(0 / 5)","reference_timing_ms":0.0962,"speed_up":-1.0,"custom_timing":-1.0},"runtime":-1.0,"runtime_stats":{}}}
2025-08-08 01:37:34,552 - openevolve.RemoteSpeedupEvaluator - INFO - [level2_91_ConvTranspose2d_Softmax_BiasAdd_Scaling_Sigmoid] âœ˜ wrong_answer
2025-08-08 01:37:34,553 - openevolve.evaluator - INFO - Evaluated program 3e72d445-58d0-46ad-80de-08958aab4813 in 3.28s: compiled=1.0000, correctness=0.0000, score=10.0000, stage=wrong_answer, verify_payload={'id': 'level2_91_ConvTranspose2d_Softmax_BiasAdd_Scaling_Sigmoid', 'result': {'compiled': True, 'correctness': False, 'metadata': {'hardware': 'NVIDIA L20Y', 'device': 'cuda:1', 'max_difference': ['1.945826', '1.889967', '2.039871', '1.986812', '1.994857'], 'avg_difference': ['0.396331', '0.396248', '0.396315', '0.396252', '0.396265'], 'correctness_issue': 'Output mismatch', 'correctness_trials': '(0 / 5)', 'reference_timing_ms': 0.0962, 'speed_up': -1.0, 'custom_timing': -1.0}, 'runtime': -1.0, 'runtime_stats': {}}}
2025-08-08 01:37:34,557 - openevolve.llm.ensemble - INFO - Sampled model: deepseek
2025-08-08 01:37:34,568 - openevolve.threaded_parallel - INFO - Iteration 8: Program 3e72d445-58d0-46ad-80de-08958aab4813 (parent: 827e2bed-917f-4723-b7a8-4dd65b66d81d) completed in 994.55s
2025-08-08 01:37:34,568 - openevolve.threaded_parallel - INFO - Metrics: compiled=1.0000, correctness=0.0000, score=10.0000, stage=wrong_answer, verify_payload={'id': 'level2_91_ConvTranspose2d_Softmax_BiasAdd_Scaling_Sigmoid', 'result': {'compiled': True, 'correctness': False, 'metadata': {'hardware': 'NVIDIA L20Y', 'device': 'cuda:1', 'max_difference': ['1.945826', '1.889967', '2.039871', '1.986812', '1.994857'], 'avg_difference': ['0.396331', '0.396248', '0.396315', '0.396252', '0.396265'], 'correctness_issue': 'Output mismatch', 'correctness_trials': '(0 / 5)', 'reference_timing_ms': 0.0962, 'speed_up': -1.0, 'custom_timing': -1.0}, 'runtime': -1.0, 'runtime_stats': {}}}
2025-08-08 01:38:27,650 - openevolve.RemoteSpeedupEvaluator - INFO - [level2_91_ConvTranspose2d_Softmax_BiasAdd_Scaling_Sigmoid] triton key words check pass
2025-08-08 01:38:27,651 - openevolve.RemoteSpeedupEvaluator - INFO - [level2_91_ConvTranspose2d_Softmax_BiasAdd_Scaling_Sigmoid] verify_plus payload: reference_code(1235 chars) + custom_code(3054 chars)
2025-08-08 01:38:30,585 - openevolve.RemoteSpeedupEvaluator - INFO - [level2_91_ConvTranspose2d_Softmax_BiasAdd_Scaling_Sigmoid] verify_plus request success
2025-08-08 01:38:30,585 - openevolve.RemoteSpeedupEvaluator - INFO - [level2_91_ConvTranspose2d_Softmax_BiasAdd_Scaling_Sigmoid] verify_plus response: {"id":"level2_91_ConvTranspose2d_Softmax_BiasAdd_Scaling_Sigmoid","result":{"compiled":true,"correctness":false,"metadata":{"hardware":"NVIDIA L20Y","device":"cuda:6","runtime_error":"Traceback (most recent call last):\n  File \"/cpfs01/shared/llm_kernel/hujiakai/KernelLLM/validation_api_server/helpers/evaluations.py\", line 720, in run_and_check_correctness\n    output_new = model_new(*inputs)\n  File \"/home/lijiaxing/.conda/envs/api/lib/python3.10/site-packages/torch/nn/modules/module.py\", line 1773, in _wrapped_call_impl\n    return self._call_impl(*args, **kwargs)\n  File \"/home/lijiaxing/.conda/envs/api/lib/python3.10/site-packages/torch/nn/modules/module.py\", line 1784, in _call_impl\n    return forward_call(*args, **kwargs)\n  File \"/tmp/tmpzi58gxts.py\", line 77, in forward\n 
2025-08-08 01:38:30,585 - openevolve.RemoteSpeedupEvaluator - INFO - [level2_91_ConvTranspose2d_Softmax_BiasAdd_Scaling_Sigmoid] âœ˜ wrong_answer
2025-08-08 01:38:30,585 - openevolve.evaluator - INFO - Evaluated program 43657721-61ac-47c0-bd82-91f5165d6a20 in 2.94s: compiled=1.0000, correctness=0.0000, score=10.0000, stage=wrong_answer, verify_payload={'id': 'level2_91_ConvTranspose2d_Softmax_BiasAdd_Scaling_Sigmoid', 'result': {'compiled': True, 'correctness': False, 'metadata': {'hardware': 'NVIDIA L20Y', 'device': 'cuda:6', 'runtime_error': 'Traceback (most recent call last):\n  File "/cpfs01/shared/llm_kernel/hujiakai/KernelLLM/validation_api_server/helpers/evaluations.py", line 720, in run_and_check_correctness\n    output_new = model_new(*inputs)\n  File "/home/lijiaxing/.conda/envs/api/lib/python3.10/site-packages/torch/nn/modules/module.py", line 1773, in _wrapped_call_impl\n    return self._call_impl(*args, **kwargs)\n  File "/home/lijiaxing/.conda/envs/api/lib/python3.10/site-packages/torch/nn/modules/module.py", line 1784, in _call_impl\n    return forward_call(*args, **kwargs)\n  File "/tmp/tmpzi58gxts.py", line 77, in forward\n    fused_softmax_bias_scale_sigmoid[grid](\n  File "/home/lijiaxing/.conda/envs/api/lib/python3.10/site-packages/triton/runtime/jit.py", line 390, in <lambda>\n    return lambda *args, **kwargs: self.run(grid=grid, warmup=False, *args, **kwargs)\n  File "/home/lijiaxing/.conda/envs/api/lib/python3.10/site-packages/triton/runtime/autotuner.py", line 239, in run\n    benchmark()\n  File "/home/lijiaxing/.conda/envs/api/lib/python3.10/site-packages/triton/runtime/autotuner.py", line 228, in benchmark\n    timings = {config: self._bench(*args, config=config, **kwargs) for config in pruned_configs}\n  File "/home/lijiaxing/.conda/envs/api/lib/python3.10/site-packages/triton/runtime/autotuner.py", line 228, in <dictcomp>\n    timings = {config: self._bench(*args, config=config, **kwargs) for config in pruned_configs}\n  File "/home/lijiaxing/.conda/envs/api/lib/python3.10/site-packages/triton/runtime/autotuner.py", line 160, in _bench\n    return self.do_bench(kernel_call, quantiles=(0.5, 0.2, 0.8))\n  File "/home/lijiaxing/.conda/envs/api/lib/python3.10/site-packages/triton/testing.py", line 149, in do_bench\n    fn()\n  File "/home/lijiaxing/.conda/envs/api/lib/python3.10/site-packages/triton/runtime/autotuner.py", line 146, in kernel_call\n    self.fn.run(\n  File "/home/lijiaxing/.conda/envs/api/lib/python3.10/site-packages/triton/runtime/jit.py", line 594, in run\n    kernel = self.compile(src, target=target, options=options.__dict__)\n  File "/home/lijiaxing/.conda/envs/api/lib/python3.10/site-packages/triton/compiler/compiler.py", line 339, in compile\n    module = src.make_ir(options, codegen_fns, module_map, context)\n  File "/home/lijiaxing/.conda/envs/api/lib/python3.10/site-packages/triton/compiler/compiler.py", line 83, in make_ir\n    return ast_to_ttir(self.fn, self, context=context, options=options, codegen_fns=codegen_fns,\ntriton.compiler.errors.CompilationError: at 24:18:\n\n    # Create base pointer for current spatial position\n    base = pid_b * stride_b + pid_h * stride_h + pid_w * stride_w\n    offs_c = tl.arange(0, BLOCK_SIZE_C)\n    x_ptrs = x_ptr + base + offs_c * stride_c\n\n    # Load channel values with mask\n    mask = offs_c < C\n    x_vals = tl.load(x_ptrs, mask=mask, other=-float(\'inf\'))\n\n    # Optimized softmax using Triton built-in\n    softmax_out = tl.softmax(x_vals, axis=0)\n                  ^\nTypeError("softmax() got an unexpected keyword argument \'axis\'")\n\n\nThe above exception was the direct cause of the following exception:\n\nTraceback (most recent call last):\n  File "/home/lijiaxing/.conda/envs/api/lib/python3.10/inspect.py", line 1517, in getcallargs\n    raise TypeError("%s() got an unexpected keyword argument %r" %\nTypeError: softmax() got an unexpected keyword argument \'axis\'\n', 'runtime_error_name': 'triton.compiler.errors.CompilationError', 'reference_timing_ms': 0.0962, 'speed_up': -1.0, 'custom_timing': -1.0}, 'runtime': -1.0, 'runtime_stats': {}}}
2025-08-08 01:38:30,589 - openevolve.llm.ensemble - INFO - Sampled model: deepseek
2025-08-08 01:38:30,598 - openevolve.threaded_parallel - INFO - Iteration 9: Program 43657721-61ac-47c0-bd82-91f5165d6a20 (parent: 4d06acec-326a-4d4e-ada5-3d5fe89e530e) completed in 774.35s
2025-08-08 01:38:30,599 - openevolve.threaded_parallel - INFO - Metrics: compiled=1.0000, correctness=0.0000, score=10.0000, stage=wrong_answer, verify_payload={'id': 'level2_91_ConvTranspose2d_Softmax_BiasAdd_Scaling_Sigmoid', 'result': {'compiled': True, 'correctness': False, 'metadata': {'hardware': 'NVIDIA L20Y', 'device': 'cuda:6', 'runtime_error': 'Traceback (most recent call last):\n  File "/cpfs01/shared/llm_kernel/hujiakai/KernelLLM/validation_api_server/helpers/evaluations.py", line 720, in run_and_check_correctness\n    output_new = model_new(*inputs)\n  File "/home/lijiaxing/.conda/envs/api/lib/python3.10/site-packages/torch/nn/modules/module.py", line 1773, in _wrapped_call_impl\n    return self._call_impl(*args, **kwargs)\n  File "/home/lijiaxing/.conda/envs/api/lib/python3.10/site-packages/torch/nn/modules/module.py", line 1784, in _call_impl\n    return forward_call(*args, **kwargs)\n  File "/tmp/tmpzi58gxts.py", line 77, in forward\n    fused_softmax_bias_scale_sigmoid[grid](\n  File "/home/lijiaxing/.conda/envs/api/lib/python3.10/site-packages/triton/runtime/jit.py", line 390, in <lambda>\n    return lambda *args, **kwargs: self.run(grid=grid, warmup=False, *args, **kwargs)\n  File "/home/lijiaxing/.conda/envs/api/lib/python3.10/site-packages/triton/runtime/autotuner.py", line 239, in run\n    benchmark()\n  File "/home/lijiaxing/.conda/envs/api/lib/python3.10/site-packages/triton/runtime/autotuner.py", line 228, in benchmark\n    timings = {config: self._bench(*args, config=config, **kwargs) for config in pruned_configs}\n  File "/home/lijiaxing/.conda/envs/api/lib/python3.10/site-packages/triton/runtime/autotuner.py", line 228, in <dictcomp>\n    timings = {config: self._bench(*args, config=config, **kwargs) for config in pruned_configs}\n  File "/home/lijiaxing/.conda/envs/api/lib/python3.10/site-packages/triton/runtime/autotuner.py", line 160, in _bench\n    return self.do_bench(kernel_call, quantiles=(0.5, 0.2, 0.8))\n  File "/home/lijiaxing/.conda/envs/api/lib/python3.10/site-packages/triton/testing.py", line 149, in do_bench\n    fn()\n  File "/home/lijiaxing/.conda/envs/api/lib/python3.10/site-packages/triton/runtime/autotuner.py", line 146, in kernel_call\n    self.fn.run(\n  File "/home/lijiaxing/.conda/envs/api/lib/python3.10/site-packages/triton/runtime/jit.py", line 594, in run\n    kernel = self.compile(src, target=target, options=options.__dict__)\n  File "/home/lijiaxing/.conda/envs/api/lib/python3.10/site-packages/triton/compiler/compiler.py", line 339, in compile\n    module = src.make_ir(options, codegen_fns, module_map, context)\n  File "/home/lijiaxing/.conda/envs/api/lib/python3.10/site-packages/triton/compiler/compiler.py", line 83, in make_ir\n    return ast_to_ttir(self.fn, self, context=context, options=options, codegen_fns=codegen_fns,\ntriton.compiler.errors.CompilationError: at 24:18:\n\n    # Create base pointer for current spatial position\n    base = pid_b * stride_b + pid_h * stride_h + pid_w * stride_w\n    offs_c = tl.arange(0, BLOCK_SIZE_C)\n    x_ptrs = x_ptr + base + offs_c * stride_c\n\n    # Load channel values with mask\n    mask = offs_c < C\n    x_vals = tl.load(x_ptrs, mask=mask, other=-float(\'inf\'))\n\n    # Optimized softmax using Triton built-in\n    softmax_out = tl.softmax(x_vals, axis=0)\n                  ^\nTypeError("softmax() got an unexpected keyword argument \'axis\'")\n\n\nThe above exception was the direct cause of the following exception:\n\nTraceback (most recent call last):\n  File "/home/lijiaxing/.conda/envs/api/lib/python3.10/inspect.py", line 1517, in getcallargs\n    raise TypeError("%s() got an unexpected keyword argument %r" %\nTypeError: softmax() got an unexpected keyword argument \'axis\'\n', 'runtime_error_name': 'triton.compiler.errors.CompilationError', 'reference_timing_ms': 0.0962, 'speed_up': -1.0, 'custom_timing': -1.0}, 'runtime': -1.0, 'runtime_stats': {}}}
2025-08-08 01:38:30,599 - openevolve.threaded_parallel - INFO - Checkpoint interval reached at iteration 9
2025-08-08 01:38:30,600 - openevolve.database - INFO - Island Status:
2025-08-08 01:38:30,600 - openevolve.database - INFO -    Island 0: 5 programs, best=20.0000, avg=12.0000, diversity=418.95, gen=3 (best: 84b5b7d3-4cb1-4ba9-84ad-c2090b136c5d)
2025-08-08 01:38:30,600 - openevolve.database - INFO -    Island 1: 4 programs, best=20.0000, avg=15.0000, diversity=110.80, gen=4 (best: 4d06acec-326a-4d4e-ada5-3d5fe89e530e)
2025-08-08 01:38:30,600 - openevolve.database - INFO -  * Island 2: 2 programs, best=20.0000, avg=15.0000, diversity=102.90, gen=3 (best: 4543921b-99eb-4380-9000-da82fa4becaf)
2025-08-08 01:38:30,737 - openevolve.database - INFO - Saved database with 11 programs to openevolve_output/level2_91_ConvTranspose2d_Softmax_BiasAdd_Scaling_Sigmoid/checkpoints/checkpoint_9
2025-08-08 01:38:30,748 - openevolve.controller - INFO - Saved best program at checkpoint 9 with metrics: compiled=1.0000, correctness=1.0000, stage=success, passed=0.0000, score=20.0000, speed_up=0.1210, runtime_ms=0.7960, meta={'hardware': 'NVIDIA L20Y', 'device': 'cuda:5', 'correctness_trials': '(5 / 5)', 'reference_timing_ms': 0.0962, 'speed_up': 0.121, 'custom_timing': 0.796}
2025-08-08 01:38:30,748 - openevolve.controller - INFO - Saved checkpoint at iteration 9 to openevolve_output/level2_91_ConvTranspose2d_Softmax_BiasAdd_Scaling_Sigmoid/checkpoints/checkpoint_9
2025-08-08 01:41:30,864 - openevolve.RemoteSpeedupEvaluator - INFO - [level2_91_ConvTranspose2d_Softmax_BiasAdd_Scaling_Sigmoid] triton key words check pass
2025-08-08 01:41:30,866 - openevolve.RemoteSpeedupEvaluator - INFO - [level2_91_ConvTranspose2d_Softmax_BiasAdd_Scaling_Sigmoid] verify_plus payload: reference_code(1235 chars) + custom_code(3826 chars)
2025-08-08 01:41:34,328 - openevolve.RemoteSpeedupEvaluator - INFO - [level2_91_ConvTranspose2d_Softmax_BiasAdd_Scaling_Sigmoid] verify_plus request success
2025-08-08 01:41:34,328 - openevolve.RemoteSpeedupEvaluator - INFO - [level2_91_ConvTranspose2d_Softmax_BiasAdd_Scaling_Sigmoid] verify_plus response: {"id":"level2_91_ConvTranspose2d_Softmax_BiasAdd_Scaling_Sigmoid","result":{"compiled":true,"correctness":true,"metadata":{"hardware":"NVIDIA L20Y","device":"cuda:0","correctness_trials":"(5 / 5)","reference_timing_ms":0.0962,"speed_up":0.358,"custom_timing":0.269},"runtime":0.269,"runtime_stats":{"mean":0.269,"std":0.0032,"min":0.263,"max":0.279,"num_trials":100,"hardware":"NVIDIA L20Y","device":"cuda:0"}}}
2025-08-08 01:41:34,328 - openevolve.RemoteSpeedupEvaluator - INFO - [level2_91_ConvTranspose2d_Softmax_BiasAdd_Scaling_Sigmoid] âœ” success | speed_up=0.358  score=20.00
2025-08-08 01:41:34,329 - openevolve.evaluator - INFO - Evaluated program b56e2ec0-cf8e-4810-9686-0138d67c1f87 in 3.47s: compiled=1.0000, correctness=1.0000, stage=success, passed=0.0000, score=20.0000, speed_up=0.3580, runtime_ms=0.2690, meta={'hardware': 'NVIDIA L20Y', 'device': 'cuda:0', 'correctness_trials': '(5 / 5)', 'reference_timing_ms': 0.0962, 'speed_up': 0.358, 'custom_timing': 0.269}
2025-08-08 01:41:34,332 - openevolve.llm.ensemble - INFO - Sampled model: deepseek
2025-08-08 01:41:34,373 - openevolve.threaded_parallel - INFO - Iteration 10: Program b56e2ec0-cf8e-4810-9686-0138d67c1f87 (parent: 4543921b-99eb-4380-9000-da82fa4becaf) completed in 655.86s
2025-08-08 01:41:34,373 - openevolve.threaded_parallel - INFO - Metrics: compiled=1.0000, correctness=1.0000, stage=success, passed=0.0000, score=20.0000, speed_up=0.3580, runtime_ms=0.2690, meta={'hardware': 'NVIDIA L20Y', 'device': 'cuda:0', 'correctness_trials': '(5 / 5)', 'reference_timing_ms': 0.0962, 'speed_up': 0.358, 'custom_timing': 0.269}
2025-08-08 01:44:30,063 - openevolve.RemoteSpeedupEvaluator - INFO - [level2_91_ConvTranspose2d_Softmax_BiasAdd_Scaling_Sigmoid] triton key words check pass
2025-08-08 01:44:30,064 - openevolve.RemoteSpeedupEvaluator - INFO - [level2_91_ConvTranspose2d_Softmax_BiasAdd_Scaling_Sigmoid] verify_plus payload: reference_code(1235 chars) + custom_code(3425 chars)
2025-08-08 01:44:32,986 - openevolve.RemoteSpeedupEvaluator - INFO - [level2_91_ConvTranspose2d_Softmax_BiasAdd_Scaling_Sigmoid] verify_plus request success
2025-08-08 01:44:32,986 - openevolve.RemoteSpeedupEvaluator - INFO - [level2_91_ConvTranspose2d_Softmax_BiasAdd_Scaling_Sigmoid] verify_plus response: {"id":"level2_91_ConvTranspose2d_Softmax_BiasAdd_Scaling_Sigmoid","result":{"compiled":true,"correctness":false,"metadata":{"hardware":"NVIDIA L20Y","device":"cuda:3","runtime_error":"Traceback (most recent call last):\n  File \"/home/lijiaxing/.conda/envs/api/lib/python3.10/site-packages/triton/language/core.py\", line 42, in wrapper\n    return fn(*args, **kwargs)\n  File \"/home/lijiaxing/.conda/envs/api/lib/python3.10/site-packages/triton/language/core.py\", line 1654, in arange\n    return _semantic.arange(start, end)\n  File \"/home/lijiaxing/.conda/envs/api/lib/python3.10/site-packages/triton/language/semantic.py\", line 574, in arange\n    raise ValueError(\"arange's arguments must be of type tl.constexpr\")\nValueError: arange's arguments must be of type tl.constexpr\n\nThe above 
2025-08-08 01:44:32,986 - openevolve.RemoteSpeedupEvaluator - INFO - [level2_91_ConvTranspose2d_Softmax_BiasAdd_Scaling_Sigmoid] âœ˜ wrong_answer
2025-08-08 01:44:32,986 - openevolve.evaluator - INFO - Evaluated program d007c564-17a2-4213-8f2c-d87e6c4bd8b8 in 2.92s: compiled=1.0000, correctness=0.0000, score=10.0000, stage=wrong_answer, verify_payload={'id': 'level2_91_ConvTranspose2d_Softmax_BiasAdd_Scaling_Sigmoid', 'result': {'compiled': True, 'correctness': False, 'metadata': {'hardware': 'NVIDIA L20Y', 'device': 'cuda:3', 'runtime_error': 'Traceback (most recent call last):\n  File "/home/lijiaxing/.conda/envs/api/lib/python3.10/site-packages/triton/language/core.py", line 42, in wrapper\n    return fn(*args, **kwargs)\n  File "/home/lijiaxing/.conda/envs/api/lib/python3.10/site-packages/triton/language/core.py", line 1654, in arange\n    return _semantic.arange(start, end)\n  File "/home/lijiaxing/.conda/envs/api/lib/python3.10/site-packages/triton/language/semantic.py", line 574, in arange\n    raise ValueError("arange\'s arguments must be of type tl.constexpr")\nValueError: arange\'s arguments must be of type tl.constexpr\n\nThe above exception was the direct cause of the following exception:\n\nTraceback (most recent call last):\n  File "/cpfs01/shared/llm_kernel/hujiakai/KernelLLM/validation_api_server/helpers/evaluations.py", line 720, in run_and_check_correctness\n    output_new = model_new(*inputs)\n  File "/home/lijiaxing/.conda/envs/api/lib/python3.10/site-packages/torch/nn/modules/module.py", line 1773, in _wrapped_call_impl\n    return self._call_impl(*args, **kwargs)\n  File "/home/lijiaxing/.conda/envs/api/lib/python3.10/site-packages/torch/nn/modules/module.py", line 1784, in _call_impl\n    return forward_call(*args, **kwargs)\n  File "/tmp/tmprcs2y_ii.py", line 72, in forward\n    fused_softmax_bias_scale_sigmoid_kernel[grid](\n  File "/home/lijiaxing/.conda/envs/api/lib/python3.10/site-packages/triton/runtime/jit.py", line 390, in <lambda>\n    return lambda *args, **kwargs: self.run(grid=grid, warmup=False, *args, **kwargs)\n  File "/home/lijiaxing/.conda/envs/api/lib/python3.10/site-packages/triton/runtime/jit.py", line 594, in run\n    kernel = self.compile(src, target=target, options=options.__dict__)\n  File "/home/lijiaxing/.conda/envs/api/lib/python3.10/site-packages/triton/compiler/compiler.py", line 339, in compile\n    module = src.make_ir(options, codegen_fns, module_map, context)\n  File "/home/lijiaxing/.conda/envs/api/lib/python3.10/site-packages/triton/compiler/compiler.py", line 83, in make_ir\n    return ast_to_ttir(self.fn, self, context=context, options=options, codegen_fns=codegen_fns,\ntriton.compiler.errors.CompilationError: at 29:16:\n    output_width_stride,\n    BLOCK_SIZE_W: tl.constexpr,\n):\n    BLOCK_SIZE_C = 64\n\n    pid_b = tl.program_id(0)\n    pid_h = tl.program_id(1)\n    pid_w_block = tl.program_id(2)\n\n    w_offsets = pid_w_block * BLOCK_SIZE_W + tl.arange(0, BLOCK_SIZE_W)\n    w_mask = w_offsets < width\n    c_offsets = tl.arange(0, BLOCK_SIZE_C)\n                ^\n\n\nThe above exception was the direct cause of the following exception:\n\nTraceback (most recent call last):\n  File "/home/lijiaxing/.conda/envs/api/lib/python3.10/site-packages/triton/language/core.py", line 42, in wrapper\n    return fn(*args, **kwargs)\n  File "/home/lijiaxing/.conda/envs/api/lib/python3.10/site-packages/triton/language/core.py", line 1654, in arange\n    return _semantic.arange(start, end)\n  File "/home/lijiaxing/.conda/envs/api/lib/python3.10/site-packages/triton/language/semantic.py", line 574, in arange\n    raise ValueError("arange\'s arguments must be of type tl.constexpr")\nValueError: arange\'s arguments must be of type tl.constexpr\n', 'runtime_error_name': 'triton.compiler.errors.CompilationError', 'reference_timing_ms': 0.0962, 'speed_up': -1.0, 'custom_timing': -1.0}, 'runtime': -1.0, 'runtime_stats': {}}}
2025-08-08 01:44:32,990 - openevolve.llm.ensemble - INFO - Sampled model: deepseek
2025-08-08 01:44:32,991 - openevolve.database - INFO - New MAP-Elites cell occupied: {'score': 9, 'complexity': 8}
2025-08-08 01:44:33,004 - openevolve.threaded_parallel - INFO - Iteration 11: Program d007c564-17a2-4213-8f2c-d87e6c4bd8b8 (parent: 2c1f3879-565e-4a33-ae92-aca2b0f79d0d) completed in 418.43s
2025-08-08 01:44:33,004 - openevolve.threaded_parallel - INFO - Metrics: compiled=1.0000, correctness=0.0000, score=10.0000, stage=wrong_answer, verify_payload={'id': 'level2_91_ConvTranspose2d_Softmax_BiasAdd_Scaling_Sigmoid', 'result': {'compiled': True, 'correctness': False, 'metadata': {'hardware': 'NVIDIA L20Y', 'device': 'cuda:3', 'runtime_error': 'Traceback (most recent call last):\n  File "/home/lijiaxing/.conda/envs/api/lib/python3.10/site-packages/triton/language/core.py", line 42, in wrapper\n    return fn(*args, **kwargs)\n  File "/home/lijiaxing/.conda/envs/api/lib/python3.10/site-packages/triton/language/core.py", line 1654, in arange\n    return _semantic.arange(start, end)\n  File "/home/lijiaxing/.conda/envs/api/lib/python3.10/site-packages/triton/language/semantic.py", line 574, in arange\n    raise ValueError("arange\'s arguments must be of type tl.constexpr")\nValueError: arange\'s arguments must be of type tl.constexpr\n\nThe above exception was the direct cause of the following exception:\n\nTraceback (most recent call last):\n  File "/cpfs01/shared/llm_kernel/hujiakai/KernelLLM/validation_api_server/helpers/evaluations.py", line 720, in run_and_check_correctness\n    output_new = model_new(*inputs)\n  File "/home/lijiaxing/.conda/envs/api/lib/python3.10/site-packages/torch/nn/modules/module.py", line 1773, in _wrapped_call_impl\n    return self._call_impl(*args, **kwargs)\n  File "/home/lijiaxing/.conda/envs/api/lib/python3.10/site-packages/torch/nn/modules/module.py", line 1784, in _call_impl\n    return forward_call(*args, **kwargs)\n  File "/tmp/tmprcs2y_ii.py", line 72, in forward\n    fused_softmax_bias_scale_sigmoid_kernel[grid](\n  File "/home/lijiaxing/.conda/envs/api/lib/python3.10/site-packages/triton/runtime/jit.py", line 390, in <lambda>\n    return lambda *args, **kwargs: self.run(grid=grid, warmup=False, *args, **kwargs)\n  File "/home/lijiaxing/.conda/envs/api/lib/python3.10/site-packages/triton/runtime/jit.py", line 594, in run\n    kernel = self.compile(src, target=target, options=options.__dict__)\n  File "/home/lijiaxing/.conda/envs/api/lib/python3.10/site-packages/triton/compiler/compiler.py", line 339, in compile\n    module = src.make_ir(options, codegen_fns, module_map, context)\n  File "/home/lijiaxing/.conda/envs/api/lib/python3.10/site-packages/triton/compiler/compiler.py", line 83, in make_ir\n    return ast_to_ttir(self.fn, self, context=context, options=options, codegen_fns=codegen_fns,\ntriton.compiler.errors.CompilationError: at 29:16:\n    output_width_stride,\n    BLOCK_SIZE_W: tl.constexpr,\n):\n    BLOCK_SIZE_C = 64\n\n    pid_b = tl.program_id(0)\n    pid_h = tl.program_id(1)\n    pid_w_block = tl.program_id(2)\n\n    w_offsets = pid_w_block * BLOCK_SIZE_W + tl.arange(0, BLOCK_SIZE_W)\n    w_mask = w_offsets < width\n    c_offsets = tl.arange(0, BLOCK_SIZE_C)\n                ^\n\n\nThe above exception was the direct cause of the following exception:\n\nTraceback (most recent call last):\n  File "/home/lijiaxing/.conda/envs/api/lib/python3.10/site-packages/triton/language/core.py", line 42, in wrapper\n    return fn(*args, **kwargs)\n  File "/home/lijiaxing/.conda/envs/api/lib/python3.10/site-packages/triton/language/core.py", line 1654, in arange\n    return _semantic.arange(start, end)\n  File "/home/lijiaxing/.conda/envs/api/lib/python3.10/site-packages/triton/language/semantic.py", line 574, in arange\n    raise ValueError("arange\'s arguments must be of type tl.constexpr")\nValueError: arange\'s arguments must be of type tl.constexpr\n', 'runtime_error_name': 'triton.compiler.errors.CompilationError', 'reference_timing_ms': 0.0962, 'speed_up': -1.0, 'custom_timing': -1.0}, 'runtime': -1.0, 'runtime_stats': {}}}
2025-08-08 01:47:29,335 - openevolve.RemoteSpeedupEvaluator - INFO - [level2_91_ConvTranspose2d_Softmax_BiasAdd_Scaling_Sigmoid] âœ˜ invalid_answer 'import triton' is not found
2025-08-08 01:47:29,337 - openevolve.evaluator - INFO - Evaluated program 2e27ae1e-b645-4eb6-b017-bdfeae5f51e8 in 0.00s: compiled=0.0000, correctness=0.0000, score=-100.0000, stage=no_valid_triton_code, feedback=You need to generate real and valid triton code for the core function. The key word 'import triton' is not found.
2025-08-08 01:47:29,339 - openevolve.database - INFO - New MAP-Elites cell occupied: {'score': -1000, 'complexity': 0}
2025-08-08 01:47:29,340 - openevolve.llm.ensemble - INFO - Sampled model: deepseek
2025-08-08 01:47:29,346 - openevolve.threaded_parallel - INFO - Iteration 12: Program 2e27ae1e-b645-4eb6-b017-bdfeae5f51e8 (parent: 4d06acec-326a-4d4e-ada5-3d5fe89e530e) completed in 538.75s
2025-08-08 01:47:29,347 - openevolve.threaded_parallel - INFO - Metrics: compiled=0.0000, correctness=0.0000, score=-100.0000, stage=no_valid_triton_code, feedback=You need to generate real and valid triton code for the core function. The key word 'import triton' is not found.
2025-08-08 01:47:29,347 - openevolve.threaded_parallel - INFO - Checkpoint interval reached at iteration 12
2025-08-08 01:47:29,348 - openevolve.database - INFO - Island Status:
2025-08-08 01:47:29,348 - openevolve.database - INFO -    Island 0: 6 programs, best=20.0000, avg=11.6667, diversity=418.95, gen=4 (best: 84b5b7d3-4cb1-4ba9-84ad-c2090b136c5d)
2025-08-08 01:47:29,348 - openevolve.database - INFO -    Island 1: 5 programs, best=20.0000, avg=-8.0000, diversity=415.60, gen=5 (best: 4d06acec-326a-4d4e-ada5-3d5fe89e530e)
2025-08-08 01:47:29,348 - openevolve.database - INFO -  * Island 2: 3 programs, best=20.0000, avg=16.6667, diversity=70.13, gen=4 (best: 4543921b-99eb-4380-9000-da82fa4becaf)
2025-08-08 01:47:29,508 - openevolve.database - INFO - Saved database with 14 programs to openevolve_output/level2_91_ConvTranspose2d_Softmax_BiasAdd_Scaling_Sigmoid/checkpoints/checkpoint_12
2025-08-08 01:47:29,519 - openevolve.controller - INFO - Saved best program at checkpoint 12 with metrics: compiled=1.0000, correctness=1.0000, stage=success, passed=0.0000, score=20.0000, speed_up=0.1210, runtime_ms=0.7960, meta={'hardware': 'NVIDIA L20Y', 'device': 'cuda:5', 'correctness_trials': '(5 / 5)', 'reference_timing_ms': 0.0962, 'speed_up': 0.121, 'custom_timing': 0.796}
2025-08-08 01:47:29,519 - openevolve.controller - INFO - Saved checkpoint at iteration 12 to openevolve_output/level2_91_ConvTranspose2d_Softmax_BiasAdd_Scaling_Sigmoid/checkpoints/checkpoint_12
2025-08-08 01:50:12,966 - openevolve.RemoteSpeedupEvaluator - INFO - [level2_91_ConvTranspose2d_Softmax_BiasAdd_Scaling_Sigmoid] triton key words check pass
2025-08-08 01:50:12,967 - openevolve.RemoteSpeedupEvaluator - INFO - [level2_91_ConvTranspose2d_Softmax_BiasAdd_Scaling_Sigmoid] verify_plus payload: reference_code(1235 chars) + custom_code(3070 chars)
2025-08-08 01:50:16,929 - openevolve.RemoteSpeedupEvaluator - INFO - [level2_91_ConvTranspose2d_Softmax_BiasAdd_Scaling_Sigmoid] verify_plus request success
2025-08-08 01:50:16,929 - openevolve.RemoteSpeedupEvaluator - INFO - [level2_91_ConvTranspose2d_Softmax_BiasAdd_Scaling_Sigmoid] verify_plus response: {"id":"level2_91_ConvTranspose2d_Softmax_BiasAdd_Scaling_Sigmoid","result":{"compiled":true,"correctness":true,"metadata":{"hardware":"NVIDIA L20Y","device":"cuda:7","correctness_trials":"(5 / 5)","reference_timing_ms":0.0962,"speed_up":0.124,"custom_timing":0.774},"runtime":0.774,"runtime_stats":{"mean":0.774,"std":0.00255,"min":0.769,"max":0.782,"num_trials":100,"hardware":"NVIDIA L20Y","device":"cuda:7"}}}
2025-08-08 01:50:16,929 - openevolve.RemoteSpeedupEvaluator - INFO - [level2_91_ConvTranspose2d_Softmax_BiasAdd_Scaling_Sigmoid] âœ” success | speed_up=0.124  score=20.00
2025-08-08 01:50:16,930 - openevolve.evaluator - INFO - Evaluated program 12859dfa-2893-42a5-88ee-7cc03af36a0b in 3.97s: compiled=1.0000, correctness=1.0000, stage=success, passed=0.0000, score=20.0000, speed_up=0.1240, runtime_ms=0.7740, meta={'hardware': 'NVIDIA L20Y', 'device': 'cuda:7', 'correctness_trials': '(5 / 5)', 'reference_timing_ms': 0.0962, 'speed_up': 0.124, 'custom_timing': 0.774}
2025-08-08 01:50:16,946 - openevolve.llm.ensemble - INFO - Sampled model: deepseek
2025-08-08 01:50:16,989 - openevolve.threaded_parallel - INFO - Iteration 15: Program 12859dfa-2893-42a5-88ee-7cc03af36a0b (parent: 43657721-61ac-47c0-bd82-91f5165d6a20) completed in 167.59s
2025-08-08 01:50:16,990 - openevolve.threaded_parallel - INFO - Metrics: compiled=1.0000, correctness=1.0000, stage=success, passed=0.0000, score=20.0000, speed_up=0.1240, runtime_ms=0.7740, meta={'hardware': 'NVIDIA L20Y', 'device': 'cuda:7', 'correctness_trials': '(5 / 5)', 'reference_timing_ms': 0.0962, 'speed_up': 0.124, 'custom_timing': 0.774}
2025-08-08 01:50:16,990 - openevolve.threaded_parallel - INFO - Checkpoint interval reached at iteration 15
2025-08-08 01:50:16,991 - openevolve.database - INFO - Island Status:
2025-08-08 01:50:16,991 - openevolve.database - INFO -  * Island 0: 6 programs, best=20.0000, avg=11.6667, diversity=418.95, gen=5 (best: 84b5b7d3-4cb1-4ba9-84ad-c2090b136c5d)
2025-08-08 01:50:16,991 - openevolve.database - INFO -    Island 1: 5 programs, best=20.0000, avg=-8.0000, diversity=415.60, gen=5 (best: 4d06acec-326a-4d4e-ada5-3d5fe89e530e)
2025-08-08 01:50:16,991 - openevolve.database - INFO -    Island 2: 4 programs, best=20.0000, avg=17.5000, diversity=75.28, gen=4 (best: 4543921b-99eb-4380-9000-da82fa4becaf)
2025-08-08 01:50:17,165 - openevolve.database - INFO - Saved database with 15 programs to openevolve_output/level2_91_ConvTranspose2d_Softmax_BiasAdd_Scaling_Sigmoid/checkpoints/checkpoint_15
2025-08-08 01:50:17,183 - openevolve.controller - INFO - Saved best program at checkpoint 15 with metrics: compiled=1.0000, correctness=1.0000, stage=success, passed=0.0000, score=20.0000, speed_up=0.1210, runtime_ms=0.7960, meta={'hardware': 'NVIDIA L20Y', 'device': 'cuda:5', 'correctness_trials': '(5 / 5)', 'reference_timing_ms': 0.0962, 'speed_up': 0.121, 'custom_timing': 0.796}
2025-08-08 01:50:17,183 - openevolve.controller - INFO - Saved checkpoint at iteration 15 to openevolve_output/level2_91_ConvTranspose2d_Softmax_BiasAdd_Scaling_Sigmoid/checkpoints/checkpoint_15
2025-08-08 01:51:30,204 - openevolve.RemoteSpeedupEvaluator - INFO - [level2_91_ConvTranspose2d_Softmax_BiasAdd_Scaling_Sigmoid] âœ˜ invalid_answer 'import triton' is not found
2025-08-08 01:51:30,206 - openevolve.evaluator - INFO - Evaluated program 67e70ba1-4026-4cc6-8874-994998d4a48e in 0.00s: compiled=0.0000, correctness=0.0000, score=-100.0000, stage=no_valid_triton_code, feedback=You need to generate real and valid triton code for the core function. The key word 'import triton' is not found.
2025-08-08 01:51:30,209 - openevolve.llm.ensemble - INFO - Sampled model: deepseek
2025-08-08 01:51:30,218 - openevolve.threaded_parallel - INFO - Iteration 14: Program 67e70ba1-4026-4cc6-8874-994998d4a48e (parent: 3e72d445-58d0-46ad-80de-08958aab4813) completed in 417.22s
2025-08-08 01:51:30,218 - openevolve.threaded_parallel - INFO - Metrics: compiled=0.0000, correctness=0.0000, score=-100.0000, stage=no_valid_triton_code, feedback=You need to generate real and valid triton code for the core function. The key word 'import triton' is not found.
2025-08-08 01:56:24,514 - openevolve.RemoteSpeedupEvaluator - INFO - [level2_91_ConvTranspose2d_Softmax_BiasAdd_Scaling_Sigmoid] triton key words check pass
2025-08-08 01:56:24,516 - openevolve.RemoteSpeedupEvaluator - INFO - [level2_91_ConvTranspose2d_Softmax_BiasAdd_Scaling_Sigmoid] verify_plus payload: reference_code(1235 chars) + custom_code(3803 chars)
2025-08-08 01:56:27,654 - openevolve.RemoteSpeedupEvaluator - INFO - [level2_91_ConvTranspose2d_Softmax_BiasAdd_Scaling_Sigmoid] verify_plus request success
2025-08-08 01:56:27,655 - openevolve.RemoteSpeedupEvaluator - INFO - [level2_91_ConvTranspose2d_Softmax_BiasAdd_Scaling_Sigmoid] verify_plus response: {"id":"level2_91_ConvTranspose2d_Softmax_BiasAdd_Scaling_Sigmoid","result":{"compiled":true,"correctness":true,"metadata":{"hardware":"NVIDIA L20Y","device":"cuda:6","correctness_trials":"(5 / 5)","reference_timing_ms":0.0962,"speed_up":0.401,"custom_timing":0.24},"runtime":0.24,"runtime_stats":{"mean":0.24,"std":0.00243,"min":0.235,"max":0.247,"num_trials":100,"hardware":"NVIDIA L20Y","device":"cuda:6"}}}
2025-08-08 01:56:27,655 - openevolve.RemoteSpeedupEvaluator - INFO - [level2_91_ConvTranspose2d_Softmax_BiasAdd_Scaling_Sigmoid] âœ” success | speed_up=0.401  score=20.00
2025-08-08 01:56:27,655 - openevolve.evaluator - INFO - Evaluated program f9dea8ee-f777-4ef4-860b-c5cce57e0f4d in 3.14s: compiled=1.0000, correctness=1.0000, stage=success, passed=0.0000, score=20.0000, speed_up=0.4010, runtime_ms=0.2400, meta={'hardware': 'NVIDIA L20Y', 'device': 'cuda:6', 'correctness_trials': '(5 / 5)', 'reference_timing_ms': 0.0962, 'speed_up': 0.401, 'custom_timing': 0.24}
2025-08-08 01:56:27,659 - openevolve.llm.ensemble - INFO - Sampled model: deepseek
2025-08-08 01:56:27,710 - openevolve.threaded_parallel - INFO - Iteration 16: Program f9dea8ee-f777-4ef4-860b-c5cce57e0f4d (parent: b56e2ec0-cf8e-4810-9686-0138d67c1f87) completed in 370.71s
2025-08-08 01:56:27,710 - openevolve.threaded_parallel - INFO - Metrics: compiled=1.0000, correctness=1.0000, stage=success, passed=0.0000, score=20.0000, speed_up=0.4010, runtime_ms=0.2400, meta={'hardware': 'NVIDIA L20Y', 'device': 'cuda:6', 'correctness_trials': '(5 / 5)', 'reference_timing_ms': 0.0962, 'speed_up': 0.401, 'custom_timing': 0.24}
2025-08-08 01:57:54,286 - openevolve.RemoteSpeedupEvaluator - INFO - [level2_91_ConvTranspose2d_Softmax_BiasAdd_Scaling_Sigmoid] triton key words check pass
2025-08-08 01:57:54,288 - openevolve.RemoteSpeedupEvaluator - INFO - [level2_91_ConvTranspose2d_Softmax_BiasAdd_Scaling_Sigmoid] verify_plus payload: reference_code(1235 chars) + custom_code(3662 chars)
2025-08-08 01:57:57,636 - openevolve.RemoteSpeedupEvaluator - INFO - [level2_91_ConvTranspose2d_Softmax_BiasAdd_Scaling_Sigmoid] verify_plus request success
2025-08-08 01:57:57,636 - openevolve.RemoteSpeedupEvaluator - INFO - [level2_91_ConvTranspose2d_Softmax_BiasAdd_Scaling_Sigmoid] verify_plus response: {"id":"level2_91_ConvTranspose2d_Softmax_BiasAdd_Scaling_Sigmoid","result":{"compiled":true,"correctness":true,"metadata":{"hardware":"NVIDIA L20Y","device":"cuda:7","correctness_trials":"(5 / 5)","reference_timing_ms":0.0962,"speed_up":0.121,"custom_timing":0.793},"runtime":0.793,"runtime_stats":{"mean":0.793,"std":0.00322,"min":0.788,"max":0.807,"num_trials":100,"hardware":"NVIDIA L20Y","device":"cuda:7"}}}
2025-08-08 01:57:57,636 - openevolve.RemoteSpeedupEvaluator - INFO - [level2_91_ConvTranspose2d_Softmax_BiasAdd_Scaling_Sigmoid] âœ” success | speed_up=0.121  score=20.00
2025-08-08 01:57:57,637 - openevolve.evaluator - INFO - Evaluated program dec5eaf6-e6d7-4551-9de8-8e30c761674c in 3.35s: compiled=1.0000, correctness=1.0000, stage=success, passed=0.0000, score=20.0000, speed_up=0.1210, runtime_ms=0.7930, meta={'hardware': 'NVIDIA L20Y', 'device': 'cuda:7', 'correctness_trials': '(5 / 5)', 'reference_timing_ms': 0.0962, 'speed_up': 0.121, 'custom_timing': 0.793}
2025-08-08 01:57:57,640 - openevolve.llm.ensemble - INFO - Sampled model: deepseek
2025-08-08 01:57:57,656 - openevolve.threaded_parallel - INFO - Iteration 13: Program dec5eaf6-e6d7-4551-9de8-8e30c761674c (parent: 4543921b-99eb-4380-9000-da82fa4becaf) completed in 983.31s
2025-08-08 01:57:57,656 - openevolve.threaded_parallel - INFO - Metrics: compiled=1.0000, correctness=1.0000, stage=success, passed=0.0000, score=20.0000, speed_up=0.1210, runtime_ms=0.7930, meta={'hardware': 'NVIDIA L20Y', 'device': 'cuda:7', 'correctness_trials': '(5 / 5)', 'reference_timing_ms': 0.0962, 'speed_up': 0.121, 'custom_timing': 0.793}
2025-08-08 01:58:58,120 - openevolve.RemoteSpeedupEvaluator - INFO - [level2_91_ConvTranspose2d_Softmax_BiasAdd_Scaling_Sigmoid] triton key words check pass
2025-08-08 01:58:58,121 - openevolve.RemoteSpeedupEvaluator - INFO - [level2_91_ConvTranspose2d_Softmax_BiasAdd_Scaling_Sigmoid] verify_plus payload: reference_code(1235 chars) + custom_code(3046 chars)
2025-08-08 01:59:02,123 - openevolve.RemoteSpeedupEvaluator - INFO - [level2_91_ConvTranspose2d_Softmax_BiasAdd_Scaling_Sigmoid] verify_plus request success
2025-08-08 01:59:02,123 - openevolve.RemoteSpeedupEvaluator - INFO - [level2_91_ConvTranspose2d_Softmax_BiasAdd_Scaling_Sigmoid] verify_plus response: {"id":"level2_91_ConvTranspose2d_Softmax_BiasAdd_Scaling_Sigmoid","result":{"compiled":true,"correctness":true,"metadata":{"hardware":"NVIDIA L20Y","device":"cuda:1","correctness_trials":"(5 / 5)","reference_timing_ms":0.0962,"speed_up":0.124,"custom_timing":0.774},"runtime":0.774,"runtime_stats":{"mean":0.774,"std":0.00317,"min":0.768,"max":0.784,"num_trials":100,"hardware":"NVIDIA L20Y","device":"cuda:1"}}}
2025-08-08 01:59:02,123 - openevolve.RemoteSpeedupEvaluator - INFO - [level2_91_ConvTranspose2d_Softmax_BiasAdd_Scaling_Sigmoid] âœ” success | speed_up=0.124  score=20.00
2025-08-08 01:59:02,123 - openevolve.evaluator - INFO - Evaluated program ca66a0a2-5f58-4f2b-ac8d-825863b75360 in 4.00s: compiled=1.0000, correctness=1.0000, stage=success, passed=0.0000, score=20.0000, speed_up=0.1240, runtime_ms=0.7740, meta={'hardware': 'NVIDIA L20Y', 'device': 'cuda:1', 'correctness_trials': '(5 / 5)', 'reference_timing_ms': 0.0962, 'speed_up': 0.124, 'custom_timing': 0.774}
2025-08-08 01:59:02,127 - openevolve.llm.ensemble - INFO - Sampled model: deepseek
2025-08-08 01:59:02,128 - openevolve.database - INFO - MAP-Elites cell improved: {'score': 9, 'complexity': 7} (fitness: 10.000 -> 20.000)
2025-08-08 01:59:02,169 - openevolve.threaded_parallel - INFO - Iteration 18: Program ca66a0a2-5f58-4f2b-ac8d-825863b75360 (parent: 43657721-61ac-47c0-bd82-91f5165d6a20) completed in 154.47s
2025-08-08 01:59:02,169 - openevolve.threaded_parallel - INFO - Metrics: compiled=1.0000, correctness=1.0000, stage=success, passed=0.0000, score=20.0000, speed_up=0.1240, runtime_ms=0.7740, meta={'hardware': 'NVIDIA L20Y', 'device': 'cuda:1', 'correctness_trials': '(5 / 5)', 'reference_timing_ms': 0.0962, 'speed_up': 0.124, 'custom_timing': 0.774}
2025-08-08 01:59:02,170 - openevolve.threaded_parallel - INFO - Checkpoint interval reached at iteration 18
2025-08-08 01:59:02,171 - openevolve.database - INFO - Island Status:
2025-08-08 01:59:02,171 - openevolve.database - INFO -    Island 0: 8 programs, best=20.0000, avg=-1.2500, diversity=639.55, gen=6 (best: 84b5b7d3-4cb1-4ba9-84ad-c2090b136c5d)
2025-08-08 01:59:02,171 - openevolve.database - INFO -  * Island 1: 6 programs, best=20.0000, avg=-3.3333, diversity=415.60, gen=7 (best: 4d06acec-326a-4d4e-ada5-3d5fe89e530e)
2025-08-08 01:59:02,171 - openevolve.database - INFO -    Island 2: 5 programs, best=20.0000, avg=18.0000, diversity=69.70, gen=5 (best: 4543921b-99eb-4380-9000-da82fa4becaf)
2025-08-08 01:59:02,469 - openevolve.database - INFO - Saved database with 19 programs to openevolve_output/level2_91_ConvTranspose2d_Softmax_BiasAdd_Scaling_Sigmoid/checkpoints/checkpoint_18
2025-08-08 01:59:02,480 - openevolve.controller - INFO - Saved best program at checkpoint 18 with metrics: compiled=1.0000, correctness=1.0000, stage=success, passed=0.0000, score=20.0000, speed_up=0.1210, runtime_ms=0.7960, meta={'hardware': 'NVIDIA L20Y', 'device': 'cuda:5', 'correctness_trials': '(5 / 5)', 'reference_timing_ms': 0.0962, 'speed_up': 0.121, 'custom_timing': 0.796}
2025-08-08 01:59:02,480 - openevolve.controller - INFO - Saved checkpoint at iteration 18 to openevolve_output/level2_91_ConvTranspose2d_Softmax_BiasAdd_Scaling_Sigmoid/checkpoints/checkpoint_18
2025-08-08 02:03:12,896 - openevolve.RemoteSpeedupEvaluator - INFO - [level2_91_ConvTranspose2d_Softmax_BiasAdd_Scaling_Sigmoid] triton key words check pass
2025-08-08 02:03:12,898 - openevolve.RemoteSpeedupEvaluator - INFO - [level2_91_ConvTranspose2d_Softmax_BiasAdd_Scaling_Sigmoid] verify_plus payload: reference_code(1235 chars) + custom_code(2597 chars)
2025-08-08 02:03:15,743 - openevolve.RemoteSpeedupEvaluator - INFO - [level2_91_ConvTranspose2d_Softmax_BiasAdd_Scaling_Sigmoid] verify_plus request success
2025-08-08 02:03:15,743 - openevolve.RemoteSpeedupEvaluator - INFO - [level2_91_ConvTranspose2d_Softmax_BiasAdd_Scaling_Sigmoid] verify_plus response: {"id":"level2_91_ConvTranspose2d_Softmax_BiasAdd_Scaling_Sigmoid","result":{"compiled":false,"correctness":false,"metadata":{"hardware":"NVIDIA L20Y","device":"cuda:5","compilation_error_name":"builtins.TypeError","compilation_error":"jit() got an unexpected keyword argument 'num_warps'","reference_timing_ms":0.0962,"speed_up":-1.0,"custom_timing":-1.0},"runtime":-1.0,"runtime_stats":{}}}
2025-08-08 02:03:15,743 - openevolve.RemoteSpeedupEvaluator - INFO - [level2_91_ConvTranspose2d_Softmax_BiasAdd_Scaling_Sigmoid] âœ˜ compile_error
2025-08-08 02:03:15,744 - openevolve.RemoteSpeedupEvaluator - INFO - [level2_91_ConvTranspose2d_Softmax_BiasAdd_Scaling_Sigmoid_c97599] execute payload: {id:level2_91_ConvTranspose2d_Softmax_BiasAdd_Scaling_Sigmoid_c97599, device_type:NV_LY_20}
2025-08-08 02:03:18,121 - openevolve.RemoteSpeedupEvaluator - INFO - [level2_91_ConvTranspose2d_Softmax_BiasAdd_Scaling_Sigmoid_c97599] execute request success
2025-08-08 02:03:18,122 - openevolve.RemoteSpeedupEvaluator - INFO - [level2_91_ConvTranspose2d_Softmax_BiasAdd_Scaling_Sigmoid_c97599] execute response: {"id":"level2_91_ConvTranspose2d_Softmax_BiasAdd_Scaling_Sigmoid_c97599","exit_code":"1","content":"[Child] ç»‘å®š GPU 7, torch sees 1 device(s)\n\n[Exception]\nTraceback (most recent call last):\n  File \"/cpfs01/shared/llm_kernel/hujiakai/KernelLLM/validation_api_server/code_executor.py\", line 71, in _exec_worker\n    exec(textwrap.dedent(code_src), mod.__dict__)\n  File \"<string>\", line 7, in <module>\nTypeError: jit() got an unexpected keyword argument 'num_warps'\n"}
2025-08-08 02:03:18,122 - openevolve.evaluator - INFO - Evaluated program 5e61a8dc-6392-4feb-9625-22828edeecf5 in 5.23s: compiled=0.0000, correctness=0.0000, score=1.0000, stage=compile_error, compile_log=, exec_log=[Child] ç»‘å®š GPU 7, torch sees 1 device(s)

[Exception]
Traceback (most recent call last):
  File "/cpfs01/shared/llm_kernel/hujiakai/KernelLLM/validation_api_server/code_executor.py", line 71, in _exec_worker
    exec(textwrap.dedent(code_src), mod.__dict__)
  File "<string>", line 7, in <module>
TypeError: jit() got an unexpected keyword argument 'num_warps'
, exit_code=1
2025-08-08 02:03:18,126 - openevolve.llm.ensemble - INFO - Sampled model: deepseek
2025-08-08 02:03:18,127 - openevolve.database - INFO - New MAP-Elites cell occupied: {'score': 9, 'complexity': 5}
2025-08-08 02:03:18,134 - openevolve.threaded_parallel - INFO - Iteration 17: Program 5e61a8dc-6392-4feb-9625-22828edeecf5 (parent: 827e2bed-917f-4723-b7a8-4dd65b66d81d) completed in 707.91s
2025-08-08 02:03:18,135 - openevolve.threaded_parallel - INFO - Metrics: compiled=0.0000, correctness=0.0000, score=1.0000, stage=compile_error, compile_log=, exec_log=[Child] ç»‘å®š GPU 7, torch sees 1 device(s)

[Exception]
Traceback (most recent call last):
  File "/cpfs01/shared/llm_kernel/hujiakai/KernelLLM/validation_api_server/code_executor.py", line 71, in _exec_worker
    exec(textwrap.dedent(code_src), mod.__dict__)
  File "<string>", line 7, in <module>
TypeError: jit() got an unexpected keyword argument 'num_warps'
, exit_code=1
2025-08-08 02:07:10,801 - openevolve.RemoteSpeedupEvaluator - INFO - [level2_91_ConvTranspose2d_Softmax_BiasAdd_Scaling_Sigmoid] triton key words check pass
2025-08-08 02:07:10,803 - openevolve.RemoteSpeedupEvaluator - INFO - [level2_91_ConvTranspose2d_Softmax_BiasAdd_Scaling_Sigmoid] verify_plus payload: reference_code(1235 chars) + custom_code(3557 chars)
2025-08-08 02:07:14,914 - openevolve.RemoteSpeedupEvaluator - INFO - [level2_91_ConvTranspose2d_Softmax_BiasAdd_Scaling_Sigmoid] verify_plus request success
2025-08-08 02:07:14,914 - openevolve.RemoteSpeedupEvaluator - INFO - [level2_91_ConvTranspose2d_Softmax_BiasAdd_Scaling_Sigmoid] verify_plus response: {"id":"level2_91_ConvTranspose2d_Softmax_BiasAdd_Scaling_Sigmoid","result":{"compiled":true,"correctness":true,"metadata":{"hardware":"NVIDIA L20Y","device":"cuda:2","correctness_trials":"(5 / 5)","reference_timing_ms":0.0962,"speed_up":0.124,"custom_timing":0.774},"runtime":0.774,"runtime_stats":{"mean":0.774,"std":0.00333,"min":0.768,"max":0.784,"num_trials":100,"hardware":"NVIDIA L20Y","device":"cuda:2"}}}
2025-08-08 02:07:14,915 - openevolve.RemoteSpeedupEvaluator - INFO - [level2_91_ConvTranspose2d_Softmax_BiasAdd_Scaling_Sigmoid] âœ” success | speed_up=0.124  score=20.00
2025-08-08 02:07:14,915 - openevolve.evaluator - INFO - Evaluated program 6a651e17-9a33-41b9-a18f-6f5a4159d921 in 4.11s: compiled=1.0000, correctness=1.0000, stage=success, passed=0.0000, score=20.0000, speed_up=0.1240, runtime_ms=0.7740, meta={'hardware': 'NVIDIA L20Y', 'device': 'cuda:2', 'correctness_trials': '(5 / 5)', 'reference_timing_ms': 0.0962, 'speed_up': 0.124, 'custom_timing': 0.774}
2025-08-08 02:07:14,917 - openevolve.database - INFO - MAP-Elites cell improved: {'score': 9, 'complexity': 8} (fitness: 10.000 -> 20.000)
2025-08-08 02:07:14,919 - openevolve.llm.ensemble - INFO - Sampled model: deepseek
2025-08-08 02:07:14,931 - openevolve.threaded_parallel - INFO - Iteration 19: Program 6a651e17-9a33-41b9-a18f-6f5a4159d921 (parent: 4543921b-99eb-4380-9000-da82fa4becaf) completed in 557.28s
2025-08-08 02:07:14,931 - openevolve.threaded_parallel - INFO - Metrics: compiled=1.0000, correctness=1.0000, stage=success, passed=0.0000, score=20.0000, speed_up=0.1240, runtime_ms=0.7740, meta={'hardware': 'NVIDIA L20Y', 'device': 'cuda:2', 'correctness_trials': '(5 / 5)', 'reference_timing_ms': 0.0962, 'speed_up': 0.124, 'custom_timing': 0.774}
2025-08-08 02:11:13,430 - openevolve.RemoteSpeedupEvaluator - INFO - [level2_91_ConvTranspose2d_Softmax_BiasAdd_Scaling_Sigmoid] triton key words check pass
2025-08-08 02:11:13,432 - openevolve.RemoteSpeedupEvaluator - INFO - [level2_91_ConvTranspose2d_Softmax_BiasAdd_Scaling_Sigmoid] verify_plus payload: reference_code(1235 chars) + custom_code(3603 chars)
2025-08-08 02:11:19,660 - openevolve.RemoteSpeedupEvaluator - INFO - [level2_91_ConvTranspose2d_Softmax_BiasAdd_Scaling_Sigmoid] verify_plus request success
2025-08-08 02:11:19,660 - openevolve.RemoteSpeedupEvaluator - INFO - [level2_91_ConvTranspose2d_Softmax_BiasAdd_Scaling_Sigmoid] verify_plus response: {"id":"level2_91_ConvTranspose2d_Softmax_BiasAdd_Scaling_Sigmoid","result":{"compiled":true,"correctness":true,"metadata":{"hardware":"NVIDIA L20Y","device":"cuda:2","correctness_trials":"(5 / 5)","reference_timing_ms":0.0962,"speed_up":0.252,"custom_timing":0.382},"runtime":0.382,"runtime_stats":{"mean":0.382,"std":0.00364,"min":0.376,"max":0.398,"num_trials":100,"hardware":"NVIDIA L20Y","device":"cuda:2"}}}
2025-08-08 02:11:19,661 - openevolve.RemoteSpeedupEvaluator - INFO - [level2_91_ConvTranspose2d_Softmax_BiasAdd_Scaling_Sigmoid] âœ” success | speed_up=0.252  score=20.00
2025-08-08 02:11:19,661 - openevolve.evaluator - INFO - Evaluated program c486820a-b67f-428e-9b15-2df19451cb08 in 6.23s: compiled=1.0000, correctness=1.0000, stage=success, passed=0.0000, score=20.0000, speed_up=0.2520, runtime_ms=0.3820, meta={'hardware': 'NVIDIA L20Y', 'device': 'cuda:2', 'correctness_trials': '(5 / 5)', 'reference_timing_ms': 0.0962, 'speed_up': 0.252, 'custom_timing': 0.382}
2025-08-08 02:11:19,666 - openevolve.llm.ensemble - INFO - Sampled model: deepseek
2025-08-08 02:11:19,683 - openevolve.threaded_parallel - INFO - Iteration 20: Program c486820a-b67f-428e-9b15-2df19451cb08 (parent: 84b5b7d3-4cb1-4ba9-84ad-c2090b136c5d) completed in 737.53s
2025-08-08 02:11:19,683 - openevolve.threaded_parallel - INFO - Metrics: compiled=1.0000, correctness=1.0000, stage=success, passed=0.0000, score=20.0000, speed_up=0.2520, runtime_ms=0.3820, meta={'hardware': 'NVIDIA L20Y', 'device': 'cuda:2', 'correctness_trials': '(5 / 5)', 'reference_timing_ms': 0.0962, 'speed_up': 0.252, 'custom_timing': 0.382}
2025-08-08 02:13:54,498 - openevolve.RemoteSpeedupEvaluator - INFO - [level2_91_ConvTranspose2d_Softmax_BiasAdd_Scaling_Sigmoid] triton key words check pass
2025-08-08 02:13:54,499 - openevolve.RemoteSpeedupEvaluator - INFO - [level2_91_ConvTranspose2d_Softmax_BiasAdd_Scaling_Sigmoid] verify_plus payload: reference_code(1235 chars) + custom_code(3078 chars)
2025-08-08 02:13:58,406 - openevolve.RemoteSpeedupEvaluator - INFO - [level2_91_ConvTranspose2d_Softmax_BiasAdd_Scaling_Sigmoid] verify_plus request success
2025-08-08 02:13:58,406 - openevolve.RemoteSpeedupEvaluator - INFO - [level2_91_ConvTranspose2d_Softmax_BiasAdd_Scaling_Sigmoid] verify_plus response: {"id":"level2_91_ConvTranspose2d_Softmax_BiasAdd_Scaling_Sigmoid","result":{"compiled":true,"correctness":true,"metadata":{"hardware":"NVIDIA L20Y","device":"cuda:7","correctness_trials":"(5 / 5)","reference_timing_ms":0.0962,"speed_up":0.341,"custom_timing":0.282},"runtime":0.282,"runtime_stats":{"mean":0.282,"std":0.0187,"min":0.274,"max":0.459,"num_trials":100,"hardware":"NVIDIA L20Y","device":"cuda:7"}}}
2025-08-08 02:13:58,406 - openevolve.RemoteSpeedupEvaluator - INFO - [level2_91_ConvTranspose2d_Softmax_BiasAdd_Scaling_Sigmoid] âœ” success | speed_up=0.341  score=20.00
2025-08-08 02:13:58,407 - openevolve.evaluator - INFO - Evaluated program 485160c5-baf7-4109-b73f-57ae53598015 in 3.91s: compiled=1.0000, correctness=1.0000, stage=success, passed=0.0000, score=20.0000, speed_up=0.3410, runtime_ms=0.2820, meta={'hardware': 'NVIDIA L20Y', 'device': 'cuda:7', 'correctness_trials': '(5 / 5)', 'reference_timing_ms': 0.0962, 'speed_up': 0.341, 'custom_timing': 0.282}
2025-08-08 02:13:58,411 - openevolve.llm.ensemble - INFO - Sampled model: deepseek
2025-08-08 02:13:58,426 - openevolve.threaded_parallel - INFO - Iteration 21: Program 485160c5-baf7-4109-b73f-57ae53598015 (parent: 4d06acec-326a-4d4e-ada5-3d5fe89e530e) completed in 640.28s
2025-08-08 02:13:58,426 - openevolve.threaded_parallel - INFO - Metrics: compiled=1.0000, correctness=1.0000, stage=success, passed=0.0000, score=20.0000, speed_up=0.3410, runtime_ms=0.2820, meta={'hardware': 'NVIDIA L20Y', 'device': 'cuda:7', 'correctness_trials': '(5 / 5)', 'reference_timing_ms': 0.0962, 'speed_up': 0.341, 'custom_timing': 0.282}
2025-08-08 02:13:58,426 - openevolve.threaded_parallel - INFO - Checkpoint interval reached at iteration 21
2025-08-08 02:13:58,427 - openevolve.database - INFO - Island Status:
2025-08-08 02:13:58,427 - openevolve.database - INFO -    Island 0: 9 programs, best=20.0000, avg=1.1111, diversity=639.55, gen=7 (best: 84b5b7d3-4cb1-4ba9-84ad-c2090b136c5d)
2025-08-08 02:13:58,427 - openevolve.database - INFO -    Island 1: 8 programs, best=20.0000, avg=0.1250, diversity=425.55, gen=8 (best: 4d06acec-326a-4d4e-ada5-3d5fe89e530e)
2025-08-08 02:13:58,427 - openevolve.database - INFO -  * Island 2: 6 programs, best=20.0000, avg=18.3333, diversity=80.25, gen=7 (best: 4543921b-99eb-4380-9000-da82fa4becaf)
2025-08-08 02:13:58,679 - openevolve.database - INFO - Saved database with 23 programs to openevolve_output/level2_91_ConvTranspose2d_Softmax_BiasAdd_Scaling_Sigmoid/checkpoints/checkpoint_21
2025-08-08 02:13:58,689 - openevolve.controller - INFO - Saved best program at checkpoint 21 with metrics: compiled=1.0000, correctness=1.0000, stage=success, passed=0.0000, score=20.0000, speed_up=0.1210, runtime_ms=0.7960, meta={'hardware': 'NVIDIA L20Y', 'device': 'cuda:5', 'correctness_trials': '(5 / 5)', 'reference_timing_ms': 0.0962, 'speed_up': 0.121, 'custom_timing': 0.796}
2025-08-08 02:13:58,689 - openevolve.controller - INFO - Saved checkpoint at iteration 21 to openevolve_output/level2_91_ConvTranspose2d_Softmax_BiasAdd_Scaling_Sigmoid/checkpoints/checkpoint_21
2025-08-08 02:16:37,822 - openevolve.RemoteSpeedupEvaluator - INFO - [level2_91_ConvTranspose2d_Softmax_BiasAdd_Scaling_Sigmoid] triton key words check pass
2025-08-08 02:16:37,823 - openevolve.RemoteSpeedupEvaluator - INFO - [level2_91_ConvTranspose2d_Softmax_BiasAdd_Scaling_Sigmoid] verify_plus payload: reference_code(1235 chars) + custom_code(3826 chars)
2025-08-08 02:16:41,029 - openevolve.RemoteSpeedupEvaluator - INFO - [level2_91_ConvTranspose2d_Softmax_BiasAdd_Scaling_Sigmoid] verify_plus request success
2025-08-08 02:16:41,029 - openevolve.RemoteSpeedupEvaluator - INFO - [level2_91_ConvTranspose2d_Softmax_BiasAdd_Scaling_Sigmoid] verify_plus response: {"id":"level2_91_ConvTranspose2d_Softmax_BiasAdd_Scaling_Sigmoid","result":{"compiled":true,"correctness":true,"metadata":{"hardware":"NVIDIA L20Y","device":"cuda:6","correctness_trials":"(5 / 5)","reference_timing_ms":0.0962,"speed_up":0.363,"custom_timing":0.265},"runtime":0.265,"runtime_stats":{"mean":0.265,"std":0.00355,"min":0.258,"max":0.283,"num_trials":100,"hardware":"NVIDIA L20Y","device":"cuda:6"}}}
2025-08-08 02:16:41,030 - openevolve.RemoteSpeedupEvaluator - INFO - [level2_91_ConvTranspose2d_Softmax_BiasAdd_Scaling_Sigmoid] âœ” success | speed_up=0.363  score=20.00
2025-08-08 02:16:41,030 - openevolve.evaluator - INFO - Evaluated program 3751a4c4-badc-478a-9915-4d80d976c30e in 3.21s: compiled=1.0000, correctness=1.0000, stage=success, passed=0.0000, score=20.0000, speed_up=0.3630, runtime_ms=0.2650, meta={'hardware': 'NVIDIA L20Y', 'device': 'cuda:6', 'correctness_trials': '(5 / 5)', 'reference_timing_ms': 0.0962, 'speed_up': 0.363, 'custom_timing': 0.265}
2025-08-08 02:16:41,034 - openevolve.llm.ensemble - INFO - Sampled model: deepseek
2025-08-08 02:16:41,045 - openevolve.threaded_parallel - INFO - Iteration 22: Program 3751a4c4-badc-478a-9915-4d80d976c30e (parent: 7a06a6b2-b487-49fb-88d8-cf865725191b) completed in 566.11s
2025-08-08 02:16:41,045 - openevolve.threaded_parallel - INFO - Metrics: compiled=1.0000, correctness=1.0000, stage=success, passed=0.0000, score=20.0000, speed_up=0.3630, runtime_ms=0.2650, meta={'hardware': 'NVIDIA L20Y', 'device': 'cuda:6', 'correctness_trials': '(5 / 5)', 'reference_timing_ms': 0.0962, 'speed_up': 0.363, 'custom_timing': 0.265}
2025-08-08 02:19:06,995 - openevolve.RemoteSpeedupEvaluator - INFO - [level2_91_ConvTranspose2d_Softmax_BiasAdd_Scaling_Sigmoid] triton key words check pass
2025-08-08 02:19:06,997 - openevolve.RemoteSpeedupEvaluator - INFO - [level2_91_ConvTranspose2d_Softmax_BiasAdd_Scaling_Sigmoid] verify_plus payload: reference_code(1235 chars) + custom_code(2812 chars)
2025-08-08 02:19:10,399 - openevolve.RemoteSpeedupEvaluator - INFO - [level2_91_ConvTranspose2d_Softmax_BiasAdd_Scaling_Sigmoid] verify_plus request success
2025-08-08 02:19:10,399 - openevolve.RemoteSpeedupEvaluator - INFO - [level2_91_ConvTranspose2d_Softmax_BiasAdd_Scaling_Sigmoid] verify_plus response: {"id":"level2_91_ConvTranspose2d_Softmax_BiasAdd_Scaling_Sigmoid","result":{"compiled":true,"correctness":false,"metadata":{"hardware":"NVIDIA L20Y","device":"cuda:4","runtime_error":"Traceback (most recent call last):\n  File \"/cpfs01/shared/llm_kernel/hujiakai/KernelLLM/validation_api_server/helpers/evaluations.py\", line 720, in run_and_check_correctness\n    output_new = model_new(*inputs)\n  File \"/home/lijiaxing/.conda/envs/api/lib/python3.10/site-packages/torch/nn/modules/module.py\", line 1773, in _wrapped_call_impl\n    return self._call_impl(*args, **kwargs)\n  File \"/home/lijiaxing/.conda/envs/api/lib/python3.10/site-packages/torch/nn/modules/module.py\", line 1784, in _call_impl\n    return forward_call(*args, **kwargs)\n  File \"/tmp/tmp1pcw_8su.py\", line 66, in forward\n 
2025-08-08 02:19:10,399 - openevolve.RemoteSpeedupEvaluator - INFO - [level2_91_ConvTranspose2d_Softmax_BiasAdd_Scaling_Sigmoid] âœ˜ wrong_answer
2025-08-08 02:19:10,400 - openevolve.evaluator - INFO - Evaluated program fc98865e-814f-4d5e-b1c1-26ff30b6cb7f in 3.41s: compiled=1.0000, correctness=0.0000, score=10.0000, stage=wrong_answer, verify_payload={'id': 'level2_91_ConvTranspose2d_Softmax_BiasAdd_Scaling_Sigmoid', 'result': {'compiled': True, 'correctness': False, 'metadata': {'hardware': 'NVIDIA L20Y', 'device': 'cuda:4', 'runtime_error': 'Traceback (most recent call last):\n  File "/cpfs01/shared/llm_kernel/hujiakai/KernelLLM/validation_api_server/helpers/evaluations.py", line 720, in run_and_check_correctness\n    output_new = model_new(*inputs)\n  File "/home/lijiaxing/.conda/envs/api/lib/python3.10/site-packages/torch/nn/modules/module.py", line 1773, in _wrapped_call_impl\n    return self._call_impl(*args, **kwargs)\n  File "/home/lijiaxing/.conda/envs/api/lib/python3.10/site-packages/torch/nn/modules/module.py", line 1784, in _call_impl\n    return forward_call(*args, **kwargs)\n  File "/tmp/tmp1pcw_8su.py", line 66, in forward\n    fused_softmax_bias_scale_sigmoid_kernel[grid](\n  File "/home/lijiaxing/.conda/envs/api/lib/python3.10/site-packages/triton/runtime/jit.py", line 390, in <lambda>\n    return lambda *args, **kwargs: self.run(grid=grid, warmup=False, *args, **kwargs)\n  File "/home/lijiaxing/.conda/envs/api/lib/python3.10/site-packages/triton/runtime/autotuner.py", line 239, in run\n    benchmark()\n  File "/home/lijiaxing/.conda/envs/api/lib/python3.10/site-packages/triton/runtime/autotuner.py", line 228, in benchmark\n    timings = {config: self._bench(*args, config=config, **kwargs) for config in pruned_configs}\n  File "/home/lijiaxing/.conda/envs/api/lib/python3.10/site-packages/triton/runtime/autotuner.py", line 228, in <dictcomp>\n    timings = {config: self._bench(*args, config=config, **kwargs) for config in pruned_configs}\n  File "/home/lijiaxing/.conda/envs/api/lib/python3.10/site-packages/triton/runtime/autotuner.py", line 160, in _bench\n    return self.do_bench(kernel_call, quantiles=(0.5, 0.2, 0.8))\n  File "/home/lijiaxing/.conda/envs/api/lib/python3.10/site-packages/triton/testing.py", line 149, in do_bench\n    fn()\n  File "/home/lijiaxing/.conda/envs/api/lib/python3.10/site-packages/triton/runtime/autotuner.py", line 146, in kernel_call\n    self.fn.run(\n  File "/home/lijiaxing/.conda/envs/api/lib/python3.10/site-packages/triton/runtime/jit.py", line 594, in run\n    kernel = self.compile(src, target=target, options=options.__dict__)\n  File "/home/lijiaxing/.conda/envs/api/lib/python3.10/site-packages/triton/compiler/compiler.py", line 339, in compile\n    module = src.make_ir(options, codegen_fns, module_map, context)\n  File "/home/lijiaxing/.conda/envs/api/lib/python3.10/site-packages/triton/compiler/compiler.py", line 83, in make_ir\n    return ast_to_ttir(self.fn, self, context=context, options=options, codegen_fns=codegen_fns,\ntriton.compiler.errors.CompilationError: at 25:22:\n        h_idx = remainder // W\n        w_idx = remainder % W\n\n        base = input_ptr + n_batch * stride_n + h_idx * stride_h + w_idx * stride_w\n        c_offsets = tl.arange(0, BLOCK_C)\n        c_mask = c_offsets < C\n        x_ptrs = base + c_offsets * stride_c\n        x = tl.load(x_ptrs, mask=c_mask, other=-float(\'inf\'))\n\n        bias = tl.load(bias_ptr + c_offsets, mask=c_mask, other=0)\n\n        softmax_out = tl.softmax(x, axis=0)\n                      ^\nTypeError("softmax() got an unexpected keyword argument \'axis\'")\n\n\nThe above exception was the direct cause of the following exception:\n\nTraceback (most recent call last):\n  File "/home/lijiaxing/.conda/envs/api/lib/python3.10/inspect.py", line 1517, in getcallargs\n    raise TypeError("%s() got an unexpected keyword argument %r" %\nTypeError: softmax() got an unexpected keyword argument \'axis\'\n', 'runtime_error_name': 'triton.compiler.errors.CompilationError', 'reference_timing_ms': 0.0962, 'speed_up': -1.0, 'custom_timing': -1.0}, 'runtime': -1.0, 'runtime_stats': {}}}
2025-08-08 02:19:10,404 - openevolve.llm.ensemble - INFO - Sampled model: deepseek
2025-08-08 02:19:10,422 - openevolve.threaded_parallel - INFO - Iteration 23: Program fc98865e-814f-4d5e-b1c1-26ff30b6cb7f (parent: 84b5b7d3-4cb1-4ba9-84ad-c2090b136c5d) completed in 470.73s
2025-08-08 02:19:10,422 - openevolve.threaded_parallel - INFO - Metrics: compiled=1.0000, correctness=0.0000, score=10.0000, stage=wrong_answer, verify_payload={'id': 'level2_91_ConvTranspose2d_Softmax_BiasAdd_Scaling_Sigmoid', 'result': {'compiled': True, 'correctness': False, 'metadata': {'hardware': 'NVIDIA L20Y', 'device': 'cuda:4', 'runtime_error': 'Traceback (most recent call last):\n  File "/cpfs01/shared/llm_kernel/hujiakai/KernelLLM/validation_api_server/helpers/evaluations.py", line 720, in run_and_check_correctness\n    output_new = model_new(*inputs)\n  File "/home/lijiaxing/.conda/envs/api/lib/python3.10/site-packages/torch/nn/modules/module.py", line 1773, in _wrapped_call_impl\n    return self._call_impl(*args, **kwargs)\n  File "/home/lijiaxing/.conda/envs/api/lib/python3.10/site-packages/torch/nn/modules/module.py", line 1784, in _call_impl\n    return forward_call(*args, **kwargs)\n  File "/tmp/tmp1pcw_8su.py", line 66, in forward\n    fused_softmax_bias_scale_sigmoid_kernel[grid](\n  File "/home/lijiaxing/.conda/envs/api/lib/python3.10/site-packages/triton/runtime/jit.py", line 390, in <lambda>\n    return lambda *args, **kwargs: self.run(grid=grid, warmup=False, *args, **kwargs)\n  File "/home/lijiaxing/.conda/envs/api/lib/python3.10/site-packages/triton/runtime/autotuner.py", line 239, in run\n    benchmark()\n  File "/home/lijiaxing/.conda/envs/api/lib/python3.10/site-packages/triton/runtime/autotuner.py", line 228, in benchmark\n    timings = {config: self._bench(*args, config=config, **kwargs) for config in pruned_configs}\n  File "/home/lijiaxing/.conda/envs/api/lib/python3.10/site-packages/triton/runtime/autotuner.py", line 228, in <dictcomp>\n    timings = {config: self._bench(*args, config=config, **kwargs) for config in pruned_configs}\n  File "/home/lijiaxing/.conda/envs/api/lib/python3.10/site-packages/triton/runtime/autotuner.py", line 160, in _bench\n    return self.do_bench(kernel_call, quantiles=(0.5, 0.2, 0.8))\n  File "/home/lijiaxing/.conda/envs/api/lib/python3.10/site-packages/triton/testing.py", line 149, in do_bench\n    fn()\n  File "/home/lijiaxing/.conda/envs/api/lib/python3.10/site-packages/triton/runtime/autotuner.py", line 146, in kernel_call\n    self.fn.run(\n  File "/home/lijiaxing/.conda/envs/api/lib/python3.10/site-packages/triton/runtime/jit.py", line 594, in run\n    kernel = self.compile(src, target=target, options=options.__dict__)\n  File "/home/lijiaxing/.conda/envs/api/lib/python3.10/site-packages/triton/compiler/compiler.py", line 339, in compile\n    module = src.make_ir(options, codegen_fns, module_map, context)\n  File "/home/lijiaxing/.conda/envs/api/lib/python3.10/site-packages/triton/compiler/compiler.py", line 83, in make_ir\n    return ast_to_ttir(self.fn, self, context=context, options=options, codegen_fns=codegen_fns,\ntriton.compiler.errors.CompilationError: at 25:22:\n        h_idx = remainder // W\n        w_idx = remainder % W\n\n        base = input_ptr + n_batch * stride_n + h_idx * stride_h + w_idx * stride_w\n        c_offsets = tl.arange(0, BLOCK_C)\n        c_mask = c_offsets < C\n        x_ptrs = base + c_offsets * stride_c\n        x = tl.load(x_ptrs, mask=c_mask, other=-float(\'inf\'))\n\n        bias = tl.load(bias_ptr + c_offsets, mask=c_mask, other=0)\n\n        softmax_out = tl.softmax(x, axis=0)\n                      ^\nTypeError("softmax() got an unexpected keyword argument \'axis\'")\n\n\nThe above exception was the direct cause of the following exception:\n\nTraceback (most recent call last):\n  File "/home/lijiaxing/.conda/envs/api/lib/python3.10/inspect.py", line 1517, in getcallargs\n    raise TypeError("%s() got an unexpected keyword argument %r" %\nTypeError: softmax() got an unexpected keyword argument \'axis\'\n', 'runtime_error_name': 'triton.compiler.errors.CompilationError', 'reference_timing_ms': 0.0962, 'speed_up': -1.0, 'custom_timing': -1.0}, 'runtime': -1.0, 'runtime_stats': {}}}
2025-08-08 02:23:38,378 - openevolve.RemoteSpeedupEvaluator - INFO - [level2_91_ConvTranspose2d_Softmax_BiasAdd_Scaling_Sigmoid] triton key words check pass
2025-08-08 02:23:38,380 - openevolve.RemoteSpeedupEvaluator - INFO - [level2_91_ConvTranspose2d_Softmax_BiasAdd_Scaling_Sigmoid] verify_plus payload: reference_code(1235 chars) + custom_code(3882 chars)
2025-08-08 02:23:42,363 - openevolve.RemoteSpeedupEvaluator - INFO - [level2_91_ConvTranspose2d_Softmax_BiasAdd_Scaling_Sigmoid] verify_plus request success
2025-08-08 02:23:42,363 - openevolve.RemoteSpeedupEvaluator - INFO - [level2_91_ConvTranspose2d_Softmax_BiasAdd_Scaling_Sigmoid] verify_plus response: {"id":"level2_91_ConvTranspose2d_Softmax_BiasAdd_Scaling_Sigmoid","result":{"compiled":true,"correctness":true,"metadata":{"hardware":"NVIDIA L20Y","device":"cuda:1","correctness_trials":"(5 / 5)","reference_timing_ms":0.0962,"speed_up":0.399,"custom_timing":0.241},"runtime":0.241,"runtime_stats":{"mean":0.241,"std":0.00315,"min":0.236,"max":0.253,"num_trials":100,"hardware":"NVIDIA L20Y","device":"cuda:1"}}}
2025-08-08 02:23:42,363 - openevolve.RemoteSpeedupEvaluator - INFO - [level2_91_ConvTranspose2d_Softmax_BiasAdd_Scaling_Sigmoid] âœ” success | speed_up=0.399  score=20.00
2025-08-08 02:23:42,364 - openevolve.evaluator - INFO - Evaluated program b5f5222b-3de2-463f-bd31-22dc4271e0ba in 3.99s: compiled=1.0000, correctness=1.0000, stage=success, passed=0.0000, score=20.0000, speed_up=0.3990, runtime_ms=0.2410, meta={'hardware': 'NVIDIA L20Y', 'device': 'cuda:1', 'correctness_trials': '(5 / 5)', 'reference_timing_ms': 0.0962, 'speed_up': 0.399, 'custom_timing': 0.241}
2025-08-08 02:23:42,369 - openevolve.llm.ensemble - INFO - Sampled model: deepseek
2025-08-08 02:23:42,370 - openevolve.database - INFO - Population size (26) exceeds limit (25), removing 1 programs
2025-08-08 02:23:42,370 - openevolve.database - INFO - Population size after cleanup: 25
2025-08-08 02:23:42,383 - openevolve.threaded_parallel - INFO - Iteration 24: Program b5f5222b-3de2-463f-bd31-22dc4271e0ba (parent: 4d06acec-326a-4d4e-ada5-3d5fe89e530e) completed in 583.95s
2025-08-08 02:23:42,383 - openevolve.threaded_parallel - INFO - Metrics: compiled=1.0000, correctness=1.0000, stage=success, passed=0.0000, score=20.0000, speed_up=0.3990, runtime_ms=0.2410, meta={'hardware': 'NVIDIA L20Y', 'device': 'cuda:1', 'correctness_trials': '(5 / 5)', 'reference_timing_ms': 0.0962, 'speed_up': 0.399, 'custom_timing': 0.241}
2025-08-08 02:23:42,383 - openevolve.threaded_parallel - INFO - Checkpoint interval reached at iteration 24
2025-08-08 02:23:42,384 - openevolve.database - INFO - Island Status:
2025-08-08 02:23:42,384 - openevolve.database - INFO -    Island 0: 10 programs, best=20.0000, avg=2.0000, diversity=639.55, gen=8 (best: 84b5b7d3-4cb1-4ba9-84ad-c2090b136c5d)
2025-08-08 02:23:42,384 - openevolve.database - INFO -    Island 1: 8 programs, best=20.0000, avg=15.1250, diversity=91.28, gen=9 (best: 4d06acec-326a-4d4e-ada5-3d5fe89e530e)
2025-08-08 02:23:42,384 - openevolve.database - INFO -  * Island 2: 7 programs, best=20.0000, avg=18.5714, diversity=67.20, gen=8 (best: 4543921b-99eb-4380-9000-da82fa4becaf)
2025-08-08 02:23:42,890 - openevolve.database - INFO - Saved database with 25 programs to openevolve_output/level2_91_ConvTranspose2d_Softmax_BiasAdd_Scaling_Sigmoid/checkpoints/checkpoint_24
2025-08-08 02:23:42,899 - openevolve.controller - INFO - Saved best program at checkpoint 24 with metrics: compiled=1.0000, correctness=1.0000, stage=success, passed=0.0000, score=20.0000, speed_up=0.1210, runtime_ms=0.7960, meta={'hardware': 'NVIDIA L20Y', 'device': 'cuda:5', 'correctness_trials': '(5 / 5)', 'reference_timing_ms': 0.0962, 'speed_up': 0.121, 'custom_timing': 0.796}
2025-08-08 02:23:42,900 - openevolve.controller - INFO - Saved checkpoint at iteration 24 to openevolve_output/level2_91_ConvTranspose2d_Softmax_BiasAdd_Scaling_Sigmoid/checkpoints/checkpoint_24
2025-08-08 02:29:07,565 - openevolve.RemoteSpeedupEvaluator - INFO - [level2_91_ConvTranspose2d_Softmax_BiasAdd_Scaling_Sigmoid] âœ˜ invalid_answer 'import triton' is not found
2025-08-08 02:29:07,567 - openevolve.evaluator - INFO - Evaluated program c9d02fde-d36d-40f7-a390-c06b8ce94831 in 0.00s: compiled=0.0000, correctness=0.0000, score=-100.0000, stage=no_valid_triton_code, feedback=You need to generate real and valid triton code for the core function. The key word 'import triton' is not found.
2025-08-08 02:29:07,570 - openevolve.llm.ensemble - INFO - Sampled model: deepseek
2025-08-08 02:29:07,575 - openevolve.database - INFO - New MAP-Elites cell occupied: {'score': -1000, 'complexity': 0}
2025-08-08 02:29:07,576 - openevolve.database - INFO - Population size (26) exceeds limit (25), removing 1 programs
2025-08-08 02:29:07,576 - openevolve.database - INFO - Population size after cleanup: 25
2025-08-08 02:29:07,583 - openevolve.threaded_parallel - INFO - Iteration 25: Program c9d02fde-d36d-40f7-a390-c06b8ce94831 (parent: dec5eaf6-e6d7-4551-9de8-8e30c761674c) completed in 746.53s
2025-08-08 02:29:07,584 - openevolve.threaded_parallel - INFO - Metrics: compiled=0.0000, correctness=0.0000, score=-100.0000, stage=no_valid_triton_code, feedback=You need to generate real and valid triton code for the core function. The key word 'import triton' is not found.
2025-08-08 02:32:21,409 - openevolve.RemoteSpeedupEvaluator - INFO - [level2_91_ConvTranspose2d_Softmax_BiasAdd_Scaling_Sigmoid] âœ˜ invalid_answer 'import triton' is not found
2025-08-08 02:32:21,410 - openevolve.evaluator - INFO - Evaluated program 1d9e315a-f3c7-4eff-9a4e-0565de60e800 in 0.00s: compiled=0.0000, correctness=0.0000, score=-100.0000, stage=no_valid_triton_code, feedback=You need to generate real and valid triton code for the core function. The key word 'import triton' is not found.
2025-08-08 02:32:21,414 - openevolve.llm.ensemble - INFO - Sampled model: deepseek
2025-08-08 02:32:21,415 - openevolve.database - INFO - New MAP-Elites cell occupied: {'score': -1000, 'complexity': 3}
2025-08-08 02:32:21,415 - openevolve.database - INFO - Population size (26) exceeds limit (25), removing 1 programs
2025-08-08 02:32:21,416 - openevolve.database - INFO - Population size after cleanup: 25
2025-08-08 02:32:21,422 - openevolve.threaded_parallel - INFO - Iteration 27: Program 1d9e315a-f3c7-4eff-9a4e-0565de60e800 (parent: 4d06acec-326a-4d4e-ada5-3d5fe89e530e) completed in 519.04s
2025-08-08 02:32:21,422 - openevolve.threaded_parallel - INFO - Metrics: compiled=0.0000, correctness=0.0000, score=-100.0000, stage=no_valid_triton_code, feedback=You need to generate real and valid triton code for the core function. The key word 'import triton' is not found.
2025-08-08 02:32:21,422 - openevolve.threaded_parallel - INFO - Checkpoint interval reached at iteration 27
2025-08-08 02:32:21,423 - openevolve.database - INFO - Island Status:
2025-08-08 02:32:21,423 - openevolve.database - INFO -    Island 0: 10 programs, best=20.0000, avg=2.0000, diversity=461.82, gen=9 (best: 84b5b7d3-4cb1-4ba9-84ad-c2090b136c5d)
2025-08-08 02:32:21,424 - openevolve.database - INFO -  * Island 1: 8 programs, best=20.0000, avg=15.1250, diversity=91.28, gen=10 (best: 4d06acec-326a-4d4e-ada5-3d5fe89e530e)
2025-08-08 02:32:21,424 - openevolve.database - INFO -    Island 2: 7 programs, best=20.0000, avg=18.5714, diversity=67.20, gen=8 (best: 4543921b-99eb-4380-9000-da82fa4becaf)
2025-08-08 02:32:21,761 - openevolve.database - INFO - Saved database with 25 programs to openevolve_output/level2_91_ConvTranspose2d_Softmax_BiasAdd_Scaling_Sigmoid/checkpoints/checkpoint_27
2025-08-08 02:32:21,772 - openevolve.controller - INFO - Saved best program at checkpoint 27 with metrics: compiled=1.0000, correctness=1.0000, stage=success, passed=0.0000, score=20.0000, speed_up=0.1210, runtime_ms=0.7960, meta={'hardware': 'NVIDIA L20Y', 'device': 'cuda:5', 'correctness_trials': '(5 / 5)', 'reference_timing_ms': 0.0962, 'speed_up': 0.121, 'custom_timing': 0.796}
2025-08-08 02:32:21,772 - openevolve.controller - INFO - Saved checkpoint at iteration 27 to openevolve_output/level2_91_ConvTranspose2d_Softmax_BiasAdd_Scaling_Sigmoid/checkpoints/checkpoint_27
2025-08-08 02:32:48,686 - openevolve.RemoteSpeedupEvaluator - INFO - [level2_91_ConvTranspose2d_Softmax_BiasAdd_Scaling_Sigmoid] triton key words check pass
2025-08-08 02:32:48,686 - openevolve.RemoteSpeedupEvaluator - INFO - [level2_91_ConvTranspose2d_Softmax_BiasAdd_Scaling_Sigmoid] verify_plus payload: reference_code(1235 chars) + custom_code(3690 chars)
2025-08-08 02:32:51,375 - openevolve.RemoteSpeedupEvaluator - INFO - [level2_91_ConvTranspose2d_Softmax_BiasAdd_Scaling_Sigmoid] verify_plus request success
2025-08-08 02:32:51,375 - openevolve.RemoteSpeedupEvaluator - INFO - [level2_91_ConvTranspose2d_Softmax_BiasAdd_Scaling_Sigmoid] verify_plus response: {"id":"level2_91_ConvTranspose2d_Softmax_BiasAdd_Scaling_Sigmoid","result":{"compiled":true,"correctness":false,"metadata":{"hardware":"NVIDIA L20Y","device":"cuda:6","runtime_error":"Traceback (most recent call last):\n  File \"/cpfs01/shared/llm_kernel/hujiakai/KernelLLM/validation_api_server/helpers/evaluations.py\", line 720, in run_and_check_correctness\n    output_new = model_new(*inputs)\n  File \"/home/lijiaxing/.conda/envs/api/lib/python3.10/site-packages/torch/nn/modules/module.py\", line 1773, in _wrapped_call_impl\n    return self._call_impl(*args, **kwargs)\n  File \"/home/lijiaxing/.conda/envs/api/lib/python3.10/site-packages/torch/nn/modules/module.py\", line 1784, in _call_impl\n    return forward_call(*args, **kwargs)\n  File \"/tmp/tmpdqb9rqkr.py\", line 84, in forward\n 
2025-08-08 02:32:51,375 - openevolve.RemoteSpeedupEvaluator - INFO - [level2_91_ConvTranspose2d_Softmax_BiasAdd_Scaling_Sigmoid] âœ˜ wrong_answer
2025-08-08 02:32:51,376 - openevolve.evaluator - INFO - Evaluated program d3d62379-6e2e-4cf7-807d-8b2650bbc38e in 2.69s: compiled=1.0000, correctness=0.0000, score=10.0000, stage=wrong_answer, verify_payload={'id': 'level2_91_ConvTranspose2d_Softmax_BiasAdd_Scaling_Sigmoid', 'result': {'compiled': True, 'correctness': False, 'metadata': {'hardware': 'NVIDIA L20Y', 'device': 'cuda:6', 'runtime_error': 'Traceback (most recent call last):\n  File "/cpfs01/shared/llm_kernel/hujiakai/KernelLLM/validation_api_server/helpers/evaluations.py", line 720, in run_and_check_correctness\n    output_new = model_new(*inputs)\n  File "/home/lijiaxing/.conda/envs/api/lib/python3.10/site-packages/torch/nn/modules/module.py", line 1773, in _wrapped_call_impl\n    return self._call_impl(*args, **kwargs)\n  File "/home/lijiaxing/.conda/envs/api/lib/python3.10/site-packages/torch/nn/modules/module.py", line 1784, in _call_impl\n    return forward_call(*args, **kwargs)\n  File "/tmp/tmpdqb9rqkr.py", line 84, in forward\n    fused_softmax_bias_scale_sigmoid[grid](\n  File "/home/lijiaxing/.conda/envs/api/lib/python3.10/site-packages/triton/runtime/jit.py", line 390, in <lambda>\n    return lambda *args, **kwargs: self.run(grid=grid, warmup=False, *args, **kwargs)\n  File "/home/lijiaxing/.conda/envs/api/lib/python3.10/site-packages/triton/runtime/autotuner.py", line 239, in run\n    benchmark()\n  File "/home/lijiaxing/.conda/envs/api/lib/python3.10/site-packages/triton/runtime/autotuner.py", line 228, in benchmark\n    timings = {config: self._bench(*args, config=config, **kwargs) for config in pruned_configs}\n  File "/home/lijiaxing/.conda/envs/api/lib/python3.10/site-packages/triton/runtime/autotuner.py", line 228, in <dictcomp>\n    timings = {config: self._bench(*args, config=config, **kwargs) for config in pruned_configs}\n  File "/home/lijiaxing/.conda/envs/api/lib/python3.10/site-packages/triton/runtime/autotuner.py", line 135, in _bench\n    raise ValueError(f"Conflicting meta-parameters: {\', \'.join(conflicts)}."\nValueError: Conflicting meta-parameters: BLOCK_SIZE_W. Make sure that you don\'t re-define auto-tuned symbols.\n', 'runtime_error_name': 'builtins.ValueError', 'reference_timing_ms': 0.0962, 'speed_up': -1.0, 'custom_timing': -1.0}, 'runtime': -1.0, 'runtime_stats': {}}}
2025-08-08 02:32:51,378 - openevolve.database - INFO - Population size (26) exceeds limit (25), removing 1 programs
2025-08-08 02:32:51,378 - openevolve.database - INFO - Population size after cleanup: 25
2025-08-08 02:32:51,391 - openevolve.threaded_parallel - INFO - Iteration 26: Program d3d62379-6e2e-4cf7-807d-8b2650bbc38e (parent: ca66a0a2-5f58-4f2b-ac8d-825863b75360) completed in 820.97s
2025-08-08 02:32:51,391 - openevolve.threaded_parallel - INFO - Metrics: compiled=1.0000, correctness=0.0000, score=10.0000, stage=wrong_answer, verify_payload={'id': 'level2_91_ConvTranspose2d_Softmax_BiasAdd_Scaling_Sigmoid', 'result': {'compiled': True, 'correctness': False, 'metadata': {'hardware': 'NVIDIA L20Y', 'device': 'cuda:6', 'runtime_error': 'Traceback (most recent call last):\n  File "/cpfs01/shared/llm_kernel/hujiakai/KernelLLM/validation_api_server/helpers/evaluations.py", line 720, in run_and_check_correctness\n    output_new = model_new(*inputs)\n  File "/home/lijiaxing/.conda/envs/api/lib/python3.10/site-packages/torch/nn/modules/module.py", line 1773, in _wrapped_call_impl\n    return self._call_impl(*args, **kwargs)\n  File "/home/lijiaxing/.conda/envs/api/lib/python3.10/site-packages/torch/nn/modules/module.py", line 1784, in _call_impl\n    return forward_call(*args, **kwargs)\n  File "/tmp/tmpdqb9rqkr.py", line 84, in forward\n    fused_softmax_bias_scale_sigmoid[grid](\n  File "/home/lijiaxing/.conda/envs/api/lib/python3.10/site-packages/triton/runtime/jit.py", line 390, in <lambda>\n    return lambda *args, **kwargs: self.run(grid=grid, warmup=False, *args, **kwargs)\n  File "/home/lijiaxing/.conda/envs/api/lib/python3.10/site-packages/triton/runtime/autotuner.py", line 239, in run\n    benchmark()\n  File "/home/lijiaxing/.conda/envs/api/lib/python3.10/site-packages/triton/runtime/autotuner.py", line 228, in benchmark\n    timings = {config: self._bench(*args, config=config, **kwargs) for config in pruned_configs}\n  File "/home/lijiaxing/.conda/envs/api/lib/python3.10/site-packages/triton/runtime/autotuner.py", line 228, in <dictcomp>\n    timings = {config: self._bench(*args, config=config, **kwargs) for config in pruned_configs}\n  File "/home/lijiaxing/.conda/envs/api/lib/python3.10/site-packages/triton/runtime/autotuner.py", line 135, in _bench\n    raise ValueError(f"Conflicting meta-parameters: {\', \'.join(conflicts)}."\nValueError: Conflicting meta-parameters: BLOCK_SIZE_W. Make sure that you don\'t re-define auto-tuned symbols.\n', 'runtime_error_name': 'builtins.ValueError', 'reference_timing_ms': 0.0962, 'speed_up': -1.0, 'custom_timing': -1.0}, 'runtime': -1.0, 'runtime_stats': {}}}
2025-08-08 02:36:24,616 - openevolve.RemoteSpeedupEvaluator - INFO - [level2_91_ConvTranspose2d_Softmax_BiasAdd_Scaling_Sigmoid] triton key words check pass
2025-08-08 02:36:24,618 - openevolve.RemoteSpeedupEvaluator - INFO - [level2_91_ConvTranspose2d_Softmax_BiasAdd_Scaling_Sigmoid] verify_plus payload: reference_code(1235 chars) + custom_code(3874 chars)
2025-08-08 02:36:32,204 - openevolve.RemoteSpeedupEvaluator - INFO - [level2_91_ConvTranspose2d_Softmax_BiasAdd_Scaling_Sigmoid] verify_plus request success
2025-08-08 02:36:32,205 - openevolve.RemoteSpeedupEvaluator - INFO - [level2_91_ConvTranspose2d_Softmax_BiasAdd_Scaling_Sigmoid] verify_plus response: {"id":"level2_91_ConvTranspose2d_Softmax_BiasAdd_Scaling_Sigmoid","result":{"compiled":true,"correctness":true,"metadata":{"hardware":"NVIDIA L20Y","device":"cuda:1","correctness_trials":"(5 / 5)","reference_timing_ms":0.0962,"speed_up":0.364,"custom_timing":0.264},"runtime":0.264,"runtime_stats":{"mean":0.264,"std":0.00302,"min":0.258,"max":0.275,"num_trials":100,"hardware":"NVIDIA L20Y","device":"cuda:1"}}}
2025-08-08 02:36:32,205 - openevolve.RemoteSpeedupEvaluator - INFO - [level2_91_ConvTranspose2d_Softmax_BiasAdd_Scaling_Sigmoid] âœ” success | speed_up=0.364  score=20.00
2025-08-08 02:36:32,205 - openevolve.evaluator - INFO - Evaluated program 79a4a3da-23fd-4f3c-a00e-0a0982bd0691 in 7.59s: compiled=1.0000, correctness=1.0000, stage=success, passed=0.0000, score=20.0000, speed_up=0.3640, runtime_ms=0.2640, meta={'hardware': 'NVIDIA L20Y', 'device': 'cuda:1', 'correctness_trials': '(5 / 5)', 'reference_timing_ms': 0.0962, 'speed_up': 0.364, 'custom_timing': 0.264}
2025-08-08 02:36:32,210 - openevolve.database - INFO - Population size (26) exceeds limit (25), removing 1 programs
2025-08-08 02:36:32,210 - openevolve.database - INFO - Population size after cleanup: 25
2025-08-08 02:36:32,224 - openevolve.threaded_parallel - INFO - Iteration 28: Program 79a4a3da-23fd-4f3c-a00e-0a0982bd0691 (parent: 12859dfa-2893-42a5-88ee-7cc03af36a0b) completed in 444.63s
2025-08-08 02:36:32,224 - openevolve.threaded_parallel - INFO - Metrics: compiled=1.0000, correctness=1.0000, stage=success, passed=0.0000, score=20.0000, speed_up=0.3640, runtime_ms=0.2640, meta={'hardware': 'NVIDIA L20Y', 'device': 'cuda:1', 'correctness_trials': '(5 / 5)', 'reference_timing_ms': 0.0962, 'speed_up': 0.364, 'custom_timing': 0.264}
2025-08-08 02:47:47,853 - openevolve.RemoteSpeedupEvaluator - INFO - [level2_91_ConvTranspose2d_Softmax_BiasAdd_Scaling_Sigmoid] triton key words check pass
2025-08-08 02:47:47,855 - openevolve.RemoteSpeedupEvaluator - INFO - [level2_91_ConvTranspose2d_Softmax_BiasAdd_Scaling_Sigmoid] verify_plus payload: reference_code(1235 chars) + custom_code(3262 chars)
2025-08-08 02:47:50,805 - openevolve.RemoteSpeedupEvaluator - INFO - [level2_91_ConvTranspose2d_Softmax_BiasAdd_Scaling_Sigmoid] verify_plus request success
2025-08-08 02:47:50,806 - openevolve.RemoteSpeedupEvaluator - INFO - [level2_91_ConvTranspose2d_Softmax_BiasAdd_Scaling_Sigmoid] verify_plus response: {"id":"level2_91_ConvTranspose2d_Softmax_BiasAdd_Scaling_Sigmoid","result":{"compiled":true,"correctness":false,"metadata":{"hardware":"NVIDIA L20Y","device":"cuda:3","runtime_error":"Traceback (most recent call last):\n  File \"/home/lijiaxing/.conda/envs/api/lib/python3.10/site-packages/triton/language/core.py\", line 42, in wrapper\n    return fn(*args, **kwargs)\nTypeError: reduce() got an unexpected keyword argument 'group_size'\n\nThe above exception was the direct cause of the following exception:\n\nTraceback (most recent call last):\n  File \"/cpfs01/shared/llm_kernel/hujiakai/KernelLLM/validation_api_server/helpers/evaluations.py\", line 720, in run_and_check_correctness\n    output_new = model_new(*inputs)\n  File \"/home/lijiaxing/.conda/envs/api/lib/python3.10/site-packages/to
2025-08-08 02:47:50,806 - openevolve.RemoteSpeedupEvaluator - INFO - [level2_91_ConvTranspose2d_Softmax_BiasAdd_Scaling_Sigmoid] âœ˜ wrong_answer
2025-08-08 02:47:50,806 - openevolve.evaluator - INFO - Evaluated program cc0fe4d2-cbf4-42c2-aede-3c55ef9640d8 in 2.95s: compiled=1.0000, correctness=0.0000, score=10.0000, stage=wrong_answer, verify_payload={'id': 'level2_91_ConvTranspose2d_Softmax_BiasAdd_Scaling_Sigmoid', 'result': {'compiled': True, 'correctness': False, 'metadata': {'hardware': 'NVIDIA L20Y', 'device': 'cuda:3', 'runtime_error': 'Traceback (most recent call last):\n  File "/home/lijiaxing/.conda/envs/api/lib/python3.10/site-packages/triton/language/core.py", line 42, in wrapper\n    return fn(*args, **kwargs)\nTypeError: reduce() got an unexpected keyword argument \'group_size\'\n\nThe above exception was the direct cause of the following exception:\n\nTraceback (most recent call last):\n  File "/cpfs01/shared/llm_kernel/hujiakai/KernelLLM/validation_api_server/helpers/evaluations.py", line 720, in run_and_check_correctness\n    output_new = model_new(*inputs)\n  File "/home/lijiaxing/.conda/envs/api/lib/python3.10/site-packages/torch/nn/modules/module.py", line 1773, in _wrapped_call_impl\n    return self._call_impl(*args, **kwargs)\n  File "/home/lijiaxing/.conda/envs/api/lib/python3.10/site-packages/torch/nn/modules/module.py", line 1784, in _call_impl\n    return forward_call(*args, **kwargs)\n  File "/tmp/tmpzcv0adbc.py", line 83, in forward\n    fused_softmax_bias_scale_sigmoid[grid](\n  File "/home/lijiaxing/.conda/envs/api/lib/python3.10/site-packages/triton/runtime/jit.py", line 390, in <lambda>\n    return lambda *args, **kwargs: self.run(grid=grid, warmup=False, *args, **kwargs)\n  File "/home/lijiaxing/.conda/envs/api/lib/python3.10/site-packages/triton/runtime/jit.py", line 594, in run\n    kernel = self.compile(src, target=target, options=options.__dict__)\n  File "/home/lijiaxing/.conda/envs/api/lib/python3.10/site-packages/triton/compiler/compiler.py", line 339, in compile\n    module = src.make_ir(options, codegen_fns, module_map, context)\n  File "/home/lijiaxing/.conda/envs/api/lib/python3.10/site-packages/triton/compiler/compiler.py", line 83, in make_ir\n    return ast_to_ttir(self.fn, self, context=context, options=options, codegen_fns=codegen_fns,\ntriton.compiler.errors.CompilationError: at 37:14:\n    h = spatial_idx // W\n    w = spatial_idx % W\n\n    batch_ptr = batch_id * stride_b\n    ptr_offset = batch_ptr + h * stride_h + w * stride_w + c_local * stride_c\n    mask = spatial_mask & (c_local < C)\n\n    x = tl.load(x_ptr + ptr_offset, mask=mask, other=float(\'-inf\'))\n    bias = tl.load(bias_ptr + c_local, mask=(c_local < C), other=0.0)\n\n    # Group reduction for softmax\n    max_val = tl.reduce(x, 0, tl.max, group_size=BLOCK_SIZE_C)\n              ^\n\n\nThe above exception was the direct cause of the following exception:\n\nTraceback (most recent call last):\n  File "/home/lijiaxing/.conda/envs/api/lib/python3.10/site-packages/triton/language/core.py", line 42, in wrapper\n    return fn(*args, **kwargs)\nTypeError: reduce() got an unexpected keyword argument \'group_size\'\n', 'runtime_error_name': 'triton.compiler.errors.CompilationError', 'reference_timing_ms': 0.0962, 'speed_up': -1.0, 'custom_timing': -1.0}, 'runtime': -1.0, 'runtime_stats': {}}}
2025-08-08 02:47:50,808 - openevolve.database - INFO - MAP-Elites cell improved: {'score': 9, 'complexity': 5} (fitness: 1.000 -> 10.000)
2025-08-08 02:47:50,808 - openevolve.database - INFO - Population size (26) exceeds limit (25), removing 1 programs
2025-08-08 02:47:50,808 - openevolve.database - INFO - Population size after cleanup: 25
2025-08-08 02:47:50,821 - openevolve.threaded_parallel - INFO - Iteration 29: Program cc0fe4d2-cbf4-42c2-aede-3c55ef9640d8 (parent: ca66a0a2-5f58-4f2b-ac8d-825863b75360) completed in 929.39s
2025-08-08 02:47:50,821 - openevolve.threaded_parallel - INFO - Metrics: compiled=1.0000, correctness=0.0000, score=10.0000, stage=wrong_answer, verify_payload={'id': 'level2_91_ConvTranspose2d_Softmax_BiasAdd_Scaling_Sigmoid', 'result': {'compiled': True, 'correctness': False, 'metadata': {'hardware': 'NVIDIA L20Y', 'device': 'cuda:3', 'runtime_error': 'Traceback (most recent call last):\n  File "/home/lijiaxing/.conda/envs/api/lib/python3.10/site-packages/triton/language/core.py", line 42, in wrapper\n    return fn(*args, **kwargs)\nTypeError: reduce() got an unexpected keyword argument \'group_size\'\n\nThe above exception was the direct cause of the following exception:\n\nTraceback (most recent call last):\n  File "/cpfs01/shared/llm_kernel/hujiakai/KernelLLM/validation_api_server/helpers/evaluations.py", line 720, in run_and_check_correctness\n    output_new = model_new(*inputs)\n  File "/home/lijiaxing/.conda/envs/api/lib/python3.10/site-packages/torch/nn/modules/module.py", line 1773, in _wrapped_call_impl\n    return self._call_impl(*args, **kwargs)\n  File "/home/lijiaxing/.conda/envs/api/lib/python3.10/site-packages/torch/nn/modules/module.py", line 1784, in _call_impl\n    return forward_call(*args, **kwargs)\n  File "/tmp/tmpzcv0adbc.py", line 83, in forward\n    fused_softmax_bias_scale_sigmoid[grid](\n  File "/home/lijiaxing/.conda/envs/api/lib/python3.10/site-packages/triton/runtime/jit.py", line 390, in <lambda>\n    return lambda *args, **kwargs: self.run(grid=grid, warmup=False, *args, **kwargs)\n  File "/home/lijiaxing/.conda/envs/api/lib/python3.10/site-packages/triton/runtime/jit.py", line 594, in run\n    kernel = self.compile(src, target=target, options=options.__dict__)\n  File "/home/lijiaxing/.conda/envs/api/lib/python3.10/site-packages/triton/compiler/compiler.py", line 339, in compile\n    module = src.make_ir(options, codegen_fns, module_map, context)\n  File "/home/lijiaxing/.conda/envs/api/lib/python3.10/site-packages/triton/compiler/compiler.py", line 83, in make_ir\n    return ast_to_ttir(self.fn, self, context=context, options=options, codegen_fns=codegen_fns,\ntriton.compiler.errors.CompilationError: at 37:14:\n    h = spatial_idx // W\n    w = spatial_idx % W\n\n    batch_ptr = batch_id * stride_b\n    ptr_offset = batch_ptr + h * stride_h + w * stride_w + c_local * stride_c\n    mask = spatial_mask & (c_local < C)\n\n    x = tl.load(x_ptr + ptr_offset, mask=mask, other=float(\'-inf\'))\n    bias = tl.load(bias_ptr + c_local, mask=(c_local < C), other=0.0)\n\n    # Group reduction for softmax\n    max_val = tl.reduce(x, 0, tl.max, group_size=BLOCK_SIZE_C)\n              ^\n\n\nThe above exception was the direct cause of the following exception:\n\nTraceback (most recent call last):\n  File "/home/lijiaxing/.conda/envs/api/lib/python3.10/site-packages/triton/language/core.py", line 42, in wrapper\n    return fn(*args, **kwargs)\nTypeError: reduce() got an unexpected keyword argument \'group_size\'\n', 'runtime_error_name': 'triton.compiler.errors.CompilationError', 'reference_timing_ms': 0.0962, 'speed_up': -1.0, 'custom_timing': -1.0}, 'runtime': -1.0, 'runtime_stats': {}}}
2025-08-08 02:47:50,822 - openevolve.threaded_parallel - INFO - Evolution completed
2025-08-08 02:47:50,828 - openevolve.threaded_parallel - INFO - Stopped thread pool
2025-08-08 02:47:50,828 - openevolve.threaded_parallel - INFO - Stopped improved parallel controller
2025-08-08 02:47:50,828 - openevolve.controller - INFO - Using tracked best program: 84b5b7d3-4cb1-4ba9-84ad-c2090b136c5d
2025-08-08 02:47:50,828 - openevolve.controller - INFO - Evolution complete. Best program has metrics: compiled=1.0000, correctness=1.0000, stage=success, passed=0.0000, score=20.0000, speed_up=0.1210, runtime_ms=0.7960, meta={'hardware': 'NVIDIA L20Y', 'device': 'cuda:5', 'correctness_trials': '(5 / 5)', 'reference_timing_ms': 0.0962, 'speed_up': 0.121, 'custom_timing': 0.796}
2025-08-08 02:47:50,842 - openevolve.controller - INFO - Saved best program to openevolve_output/level2_91_ConvTranspose2d_Softmax_BiasAdd_Scaling_Sigmoid/best/best_program.py with program info to openevolve_output/level2_91_ConvTranspose2d_Softmax_BiasAdd_Scaling_Sigmoid/best/best_program_info.json
2025-08-08 02:47:50,843 - __main__ - INFO - âœ… å®Œæˆ level2_91_ConvTranspose2d_Softmax_BiasAdd_Scaling_Sigmoid
2025-08-08 02:47:50,843 - __main__ - INFO - ======================================================================
2025-08-08 02:47:50,843 - __main__ - INFO - ðŸš€ [5/7] å¼€å§‹ level3_29_SwinMLP
2025-08-08 02:47:50,843 - __main__ - INFO - ======================================================================
2025-08-08 02:47:50,891 - openevolve.controller - INFO - Logging to openevolve_output/level3_29_SwinMLP/logs/openevolve_20250808_024750.log
2025-08-08 02:47:50,891 - openevolve.controller - INFO - Set random seed to 42 for reproducibility
2025-08-08 02:47:50,930 - openevolve.llm.ensemble - INFO - Initialized LLM ensemble with models: deepseek (weight: 0.80), deepseek (weight: 0.20)
2025-08-08 02:47:50,969 - openevolve.llm.ensemble - INFO - Initialized LLM ensemble with models: deepseek (weight: 0.80), deepseek (weight: 0.20)
2025-08-08 02:47:50,969 - openevolve.prompt.sampler - INFO - Set custom templates: system=evaluator_system_message, user=None
2025-08-08 02:47:50,970 - openevolve.database - INFO - Initialized program database with 0 programs
2025-08-08 02:47:50,991 - openevolve.evaluator - INFO - Successfully loaded evaluation function from openevolve_output/level3_29_SwinMLP/evaluation.py
2025-08-08 02:47:50,991 - openevolve.evaluator - INFO - Initialized evaluator with openevolve_output/level3_29_SwinMLP/evaluation.py
2025-08-08 02:47:50,991 - openevolve.controller - INFO - Initialized OpenEvolve with /tmp/420d3826814d51b40b5512ce880e3a78.py
2025-08-08 02:47:50,991 - openevolve.controller - INFO - Adding initial program to database
2025-08-08 02:47:50,992 - openevolve.RemoteSpeedupEvaluator - INFO - [level3_29_SwinMLP] verify_plus payload: reference_code(15938 chars) + custom_code(16059 chars)
2025-08-08 02:47:54,752 - openevolve.RemoteSpeedupEvaluator - INFO - [level3_29_SwinMLP] verify_plus request success
2025-08-08 02:47:54,752 - openevolve.RemoteSpeedupEvaluator - INFO - [level3_29_SwinMLP] verify_plus response: {"id":"level3_29_SwinMLP","result":{"compiled":true,"correctness":true,"metadata":{"hardware":"NVIDIA L20Y","device":"cuda:4","correctness_trials":"(5 / 5)","reference_timing_ms":4.57,"speed_up":0.952,"custom_timing":4.8},"runtime":4.8,"runtime_stats":{"mean":4.8,"std":0.0549,"min":4.67,"max":4.94,"num_trials":100,"hardware":"NVIDIA L20Y","device":"cuda:4"}}}
2025-08-08 02:47:54,753 - openevolve.evaluator - INFO - Evaluated program fbf8e0dc-374c-411b-9ec4-8a958dac4d27 in 3.76s: compiled=1.0000, correctness=1.0000, stage=reference code, passed=0.0000, score=0.0000, speed_up=1.0000, runtime_ms=4.8000, meta={'hardware': 'NVIDIA L20Y', 'device': 'cuda:4', 'correctness_trials': '(5 / 5)', 'reference_timing_ms': 4.57, 'speed_up': 0.952, 'custom_timing': 4.8}
2025-08-08 02:47:54,753 - openevolve.database - INFO - New MAP-Elites cell occupied: {'score': 0, 'complexity': 9}
2025-08-08 02:47:54,772 - openevolve.threaded_parallel - INFO - Initializing threaded evaluation pool with 3 workers
2025-08-08 02:47:54,773 - openevolve.threaded_parallel - INFO - Started thread pool with 3 threads
2025-08-08 02:47:54,773 - openevolve.threaded_parallel - INFO - Started improved parallel controller
2025-08-08 02:47:54,774 - openevolve.controller - INFO - Using island-based evolution with 3 islands
2025-08-08 02:47:54,774 - openevolve.database - INFO - Island Status:
2025-08-08 02:47:54,774 - openevolve.database - INFO -  * Island 0: 1 programs, best=0.0000, avg=0.0000, diversity=0.00, gen=0 (best: fbf8e0dc-374c-411b-9ec4-8a958dac4d27)
2025-08-08 02:47:54,774 - openevolve.database - INFO -    Island 1: 0 programs, best=0.0000, avg=0.0000, diversity=0.00, gen=0
2025-08-08 02:47:54,774 - openevolve.database - INFO -    Island 2: 0 programs, best=0.0000, avg=0.0000, diversity=0.00, gen=0
2025-08-08 02:47:54,774 - openevolve.threaded_parallel - INFO - Starting improved parallel evolution from iteration 0 for 30 iterations (total: 30)
2025-08-08 02:47:54,911 - openevolve.llm.ensemble - INFO - Initialized LLM ensemble with models: deepseek (weight: 0.80), deepseek (weight: 0.20)
2025-08-08 02:47:54,912 - openevolve.llm.ensemble - INFO - Initialized LLM ensemble with models: deepseek (weight: 0.80), deepseek (weight: 0.20)
2025-08-08 02:47:54,917 - openevolve.llm.ensemble - INFO - Initialized LLM ensemble with models: deepseek (weight: 0.80), deepseek (weight: 0.20)
2025-08-08 02:47:55,047 - openevolve.llm.ensemble - INFO - Initialized LLM ensemble with models: deepseek (weight: 0.80), deepseek (weight: 0.20)
2025-08-08 02:47:55,048 - openevolve.prompt.sampler - INFO - Set custom templates: system=evaluator_system_message, user=None
2025-08-08 02:47:55,050 - openevolve.evaluator - INFO - Successfully loaded evaluation function from openevolve_output/level3_29_SwinMLP/evaluation.py
2025-08-08 02:47:55,050 - openevolve.evaluator - INFO - Initialized evaluator with openevolve_output/level3_29_SwinMLP/evaluation.py
2025-08-08 02:47:55,051 - openevolve.llm.ensemble - INFO - Initialized LLM ensemble with models: deepseek (weight: 0.80), deepseek (weight: 0.20)
2025-08-08 02:47:55,051 - openevolve.prompt.sampler - INFO - Set custom templates: system=evaluator_system_message, user=None
2025-08-08 02:47:55,052 - openevolve.llm.ensemble - INFO - Sampled model: deepseek
2025-08-08 02:47:55,053 - openevolve.llm.ensemble - INFO - Initialized LLM ensemble with models: deepseek (weight: 0.80), deepseek (weight: 0.20)
2025-08-08 02:47:55,053 - openevolve.prompt.sampler - INFO - Set custom templates: system=evaluator_system_message, user=None
2025-08-08 02:47:55,053 - openevolve.evaluator - INFO - Successfully loaded evaluation function from openevolve_output/level3_29_SwinMLP/evaluation.py
2025-08-08 02:47:55,054 - openevolve.evaluator - INFO - Initialized evaluator with openevolve_output/level3_29_SwinMLP/evaluation.py
2025-08-08 02:47:55,055 - openevolve.llm.ensemble - INFO - Sampled model: deepseek
2025-08-08 02:47:55,056 - openevolve.evaluator - INFO - Successfully loaded evaluation function from openevolve_output/level3_29_SwinMLP/evaluation.py
2025-08-08 02:47:55,056 - openevolve.evaluator - INFO - Initialized evaluator with openevolve_output/level3_29_SwinMLP/evaluation.py
2025-08-08 02:47:55,057 - openevolve.llm.ensemble - INFO - Sampled model: deepseek
2025-08-08 03:05:19,883 - openevolve.RemoteSpeedupEvaluator - INFO - [level3_29_SwinMLP] triton key words check pass
2025-08-08 03:05:19,886 - openevolve.RemoteSpeedupEvaluator - INFO - [level3_29_SwinMLP] verify_plus payload: reference_code(15938 chars) + custom_code(17862 chars)
2025-08-08 03:05:22,363 - openevolve.RemoteSpeedupEvaluator - INFO - [level3_29_SwinMLP] verify_plus request success
2025-08-08 03:05:22,363 - openevolve.RemoteSpeedupEvaluator - INFO - [level3_29_SwinMLP] verify_plus response: {"id":"level3_29_SwinMLP","result":{"compiled":false,"correctness":false,"metadata":{"hardware":"NVIDIA L20Y","device":"cuda:3","compilation_error_name":"builtins.NameError","compilation_error":"name 'æž' is not defined","reference_timing_ms":4.57,"speed_up":-1.0,"custom_timing":-1.0},"runtime":-1.0,"runtime_stats":{}}}
2025-08-08 03:05:22,363 - openevolve.RemoteSpeedupEvaluator - INFO - [level3_29_SwinMLP] âœ˜ compile_error
2025-08-08 03:05:22,363 - openevolve.RemoteSpeedupEvaluator - INFO - [level3_29_SwinMLP_55441a] execute payload: {id:level3_29_SwinMLP_55441a, device_type:NV_LY_20}
2025-08-08 03:05:24,583 - openevolve.RemoteSpeedupEvaluator - INFO - [level3_29_SwinMLP_55441a] execute request success
2025-08-08 03:05:24,584 - openevolve.RemoteSpeedupEvaluator - INFO - [level3_29_SwinMLP_55441a] execute response: {"id":"level3_29_SwinMLP_55441a","exit_code":"1","content":"[Child] ç»‘å®š GPU 4, torch sees 1 device(s)\n\n[Exception]\nTraceback (most recent call last):\n  File \"/cpfs01/shared/llm_kernel/hujiakai/KernelLLM/validation_api_server/code_executor.py\", line 71, in _exec_worker\n    exec(textwrap.dedent(code_src), mod.__dict__)\n  File \"<string>\", line 19, in <module>\n  File \"/home/lijiaxing/.conda/envs/api/lib/python3.10/site-packages/triton/runtime/jit.py\", line 844, in jit\n    return decorator(fn)\n  File \"/home/lijiaxing/.conda/envs/api/lib/python3.10/site-packages/triton/runtime/jit.py\", line 832, in decorator\n    return JITFunction(\n  File \"/home/lijiaxing/.conda/envs/api/lib/python3.10/site-packages/triton/runtime/jit.py\", line 635, in __init__\n    self.starting_line_number 
2025-08-08 03:05:24,584 - openevolve.evaluator - INFO - Evaluated program 39828dff-fa9c-4a97-82fd-dd6773439f3c in 4.70s: compiled=0.0000, correctness=0.0000, score=1.0000, stage=compile_error, compile_log=, exec_log=[Child] ç»‘å®š GPU 4, torch sees 1 device(s)

[Exception]
Traceback (most recent call last):
  File "/cpfs01/shared/llm_kernel/hujiakai/KernelLLM/validation_api_server/code_executor.py", line 71, in _exec_worker
    exec(textwrap.dedent(code_src), mod.__dict__)
  File "<string>", line 19, in <module>
  File "/home/lijiaxing/.conda/envs/api/lib/python3.10/site-packages/triton/runtime/jit.py", line 844, in jit
    return decorator(fn)
  File "/home/lijiaxing/.conda/envs/api/lib/python3.10/site-packages/triton/runtime/jit.py", line 832, in decorator
    return JITFunction(
  File "/home/lijiaxing/.conda/envs/api/lib/python3.10/site-packages/triton/runtime/jit.py", line 635, in __init__
    self.starting_line_number = inspect.getsourcelines(fn)[1]
  File "/home/lijiaxing/.conda/envs/api/lib/python3.10/inspect.py", line 1121, in getsourcelines
    lines, lnum = findsource(object)
  File "/home/lijiaxing/.conda/envs/api/lib/python3.10/inspect.py", line 958, in findsource
    raise OSError('could not get source code')
OSError: could not get source code
, exit_code=1
2025-08-08 03:05:24,587 - openevolve.llm.ensemble - INFO - Sampled model: deepseek
2025-08-08 03:05:24,594 - openevolve.database - INFO - New MAP-Elites cell occupied: {'score': 9, 'complexity': 9}
2025-08-08 03:05:24,594 - openevolve.database - INFO - New best program 39828dff-fa9c-4a97-82fd-dd6773439f3c replaces fbf8e0dc-374c-411b-9ec4-8a958dac4d27
2025-08-08 03:05:24,605 - openevolve.threaded_parallel - INFO - Iteration 1: Program 39828dff-fa9c-4a97-82fd-dd6773439f3c (parent: fbf8e0dc-374c-411b-9ec4-8a958dac4d27) completed in 1049.53s
2025-08-08 03:05:24,605 - openevolve.threaded_parallel - INFO - Metrics: compiled=0.0000, correctness=0.0000, score=1.0000, stage=compile_error, compile_log=, exec_log=[Child] ç»‘å®š GPU 4, torch sees 1 device(s)

[Exception]
Traceback (most recent call last):
  File "/cpfs01/shared/llm_kernel/hujiakai/KernelLLM/validation_api_server/code_executor.py", line 71, in _exec_worker
    exec(textwrap.dedent(code_src), mod.__dict__)
  File "<string>", line 19, in <module>
  File "/home/lijiaxing/.conda/envs/api/lib/python3.10/site-packages/triton/runtime/jit.py", line 844, in jit
    return decorator(fn)
  File "/home/lijiaxing/.conda/envs/api/lib/python3.10/site-packages/triton/runtime/jit.py", line 832, in decorator
    return JITFunction(
  File "/home/lijiaxing/.conda/envs/api/lib/python3.10/site-packages/triton/runtime/jit.py", line 635, in __init__
    self.starting_line_number = inspect.getsourcelines(fn)[1]
  File "/home/lijiaxing/.conda/envs/api/lib/python3.10/inspect.py", line 1121, in getsourcelines
    lines, lnum = findsource(object)
  File "/home/lijiaxing/.conda/envs/api/lib/python3.10/inspect.py", line 958, in findsource
    raise OSError('could not get source code')
OSError: could not get source code
, exit_code=1
2025-08-08 03:05:24,605 - openevolve.threaded_parallel - INFO - ðŸŒŸ New best solution found at iteration 1: 39828dff-fa9c-4a97-82fd-dd6773439f3c
2025-08-08 03:09:10,051 - openevolve.RemoteSpeedupEvaluator - INFO - [level3_29_SwinMLP] triton key words check pass
2025-08-08 03:09:10,053 - openevolve.RemoteSpeedupEvaluator - INFO - [level3_29_SwinMLP] verify_plus payload: reference_code(15938 chars) + custom_code(61908 chars)
2025-08-08 03:09:12,511 - openevolve.RemoteSpeedupEvaluator - INFO - [level3_29_SwinMLP] verify_plus request success
2025-08-08 03:09:12,512 - openevolve.RemoteSpeedupEvaluator - INFO - [level3_29_SwinMLP] verify_plus response: {"id":"level3_29_SwinMLP","result":{"compiled":false,"correctness":false,"metadata":{"hardware":"NVIDIA L20Y","device":"cuda:5","compilation_error_name":"builtins.SyntaxError","compilation_error":"unterminated string literal (detected at line 441) (tmpoweose7d.py, line 441)","reference_timing_ms":4.57,"speed_up":-1.0,"custom_timing":-1.0},"runtime":-1.0,"runtime_stats":{}}}
2025-08-08 03:09:12,512 - openevolve.RemoteSpeedupEvaluator - INFO - [level3_29_SwinMLP] âœ˜ compile_error
2025-08-08 03:09:12,512 - openevolve.RemoteSpeedupEvaluator - INFO - [level3_29_SwinMLP_09195b] execute payload: {id:level3_29_SwinMLP_09195b, device_type:NV_LY_20}
2025-08-08 03:09:14,690 - openevolve.RemoteSpeedupEvaluator - INFO - [level3_29_SwinMLP_09195b] execute request success
2025-08-08 03:09:14,690 - openevolve.RemoteSpeedupEvaluator - INFO - [level3_29_SwinMLP_09195b] execute response: {"id":"level3_29_SwinMLP_09195b","exit_code":"1","content":"[Child] ç»‘å®š GPU 6, torch sees 1 device(s)\n\n[Exception]\nTraceback (most recent call last):\n  File \"/cpfs01/shared/llm_kernel/hujiakai/KernelLLM/validation_api_server/code_executor.py\", line 71, in _exec_worker\n    exec(textwrap.dedent(code_src), mod.__dict__)\n  File \"<string>\", line 441\n    But note: the weight matrix for each head is of size [window_size^2, window_size^2] and it is applied to each feature (C//nH) independently? Actually, it's applied to the entire vector of length C//nH? \n                                                                                                                                                             ^\nSyntaxError: unterminated string literal (detected at line 441)\n"}
2025-08-08 03:09:14,691 - openevolve.evaluator - INFO - Evaluated program fa4fee52-695d-4c43-881d-fad1c24473bb in 4.64s: compiled=0.0000, correctness=0.0000, score=1.0000, stage=compile_error, compile_log=, exec_log=[Child] ç»‘å®š GPU 6, torch sees 1 device(s)

[Exception]
Traceback (most recent call last):
  File "/cpfs01/shared/llm_kernel/hujiakai/KernelLLM/validation_api_server/code_executor.py", line 71, in _exec_worker
    exec(textwrap.dedent(code_src), mod.__dict__)
  File "<string>", line 441
    But note: the weight matrix for each head is of size [window_size^2, window_size^2] and it is applied to each feature (C//nH) independently? Actually, it's applied to the entire vector of length C//nH? 
                                                                                                                                                             ^
SyntaxError: unterminated string literal (detected at line 441)
, exit_code=1
2025-08-08 03:09:14,694 - openevolve.llm.ensemble - INFO - Sampled model: deepseek
2025-08-08 03:09:14,709 - openevolve.threaded_parallel - INFO - Iteration 2: Program fa4fee52-695d-4c43-881d-fad1c24473bb (parent: fbf8e0dc-374c-411b-9ec4-8a958dac4d27) completed in 1279.64s
2025-08-08 03:09:14,710 - openevolve.threaded_parallel - INFO - Metrics: compiled=0.0000, correctness=0.0000, score=1.0000, stage=compile_error, compile_log=, exec_log=[Child] ç»‘å®š GPU 6, torch sees 1 device(s)

[Exception]
Traceback (most recent call last):
  File "/cpfs01/shared/llm_kernel/hujiakai/KernelLLM/validation_api_server/code_executor.py", line 71, in _exec_worker
    exec(textwrap.dedent(code_src), mod.__dict__)
  File "<string>", line 441
    But note: the weight matrix for each head is of size [window_size^2, window_size^2] and it is applied to each feature (C//nH) independently? Actually, it's applied to the entire vector of length C//nH? 
                                                                                                                                                             ^
SyntaxError: unterminated string literal (detected at line 441)
, exit_code=1
2025-08-08 03:17:10,935 - openevolve.RemoteSpeedupEvaluator - INFO - [level3_29_SwinMLP] âœ˜ invalid_answer 'import triton' is not found
2025-08-08 03:17:10,938 - openevolve.evaluator - INFO - Evaluated program bb824447-0974-4d36-958e-078e37d580ed in 0.01s: compiled=0.0000, correctness=0.0000, score=-100.0000, stage=no_valid_triton_code, feedback=You need to generate real and valid triton code for the core function. The key word 'import triton' is not found.
2025-08-08 03:17:10,942 - openevolve.llm.ensemble - INFO - Sampled model: deepseek
2025-08-08 03:17:10,948 - openevolve.database - INFO - New MAP-Elites cell occupied: {'score': -1000, 'complexity': 0}
2025-08-08 03:17:10,955 - openevolve.threaded_parallel - INFO - Iteration 0: Program bb824447-0974-4d36-958e-078e37d580ed (parent: fbf8e0dc-374c-411b-9ec4-8a958dac4d27) completed in 1755.89s
2025-08-08 03:17:10,955 - openevolve.threaded_parallel - INFO - Metrics: compiled=0.0000, correctness=0.0000, score=-100.0000, stage=no_valid_triton_code, feedback=You need to generate real and valid triton code for the core function. The key word 'import triton' is not found.
2025-08-08 03:17:10,955 - openevolve.threaded_parallel - INFO - Checkpoint interval reached at iteration 0
2025-08-08 03:17:10,957 - openevolve.database - INFO - Island Status:
2025-08-08 03:17:10,957 - openevolve.database - INFO -    Island 0: 3 programs, best=1.0000, avg=0.6667, diversity=6280.93, gen=1 (best: 39828dff-fa9c-4a97-82fd-dd6773439f3c)
2025-08-08 03:17:10,957 - openevolve.database - INFO -  * Island 1: 1 programs, best=-100.0000, avg=-100.0000, diversity=0.00, gen=2 (best: bb824447-0974-4d36-958e-078e37d580ed)
2025-08-08 03:17:10,958 - openevolve.database - INFO -    Island 2: 0 programs, best=0.0000, avg=0.0000, diversity=0.00, gen=0
2025-08-08 03:17:11,046 - openevolve.database - INFO - Saved database with 4 programs to openevolve_output/level3_29_SwinMLP/checkpoints/checkpoint_0
2025-08-08 03:17:11,063 - openevolve.controller - INFO - Saved best program at checkpoint 0 with metrics: compiled=0.0000, correctness=0.0000, score=1.0000, stage=compile_error, compile_log=, exec_log=[Child] ç»‘å®š GPU 4, torch sees 1 device(s)

[Exception]
Traceback (most recent call last):
  File "/cpfs01/shared/llm_kernel/hujiakai/KernelLLM/validation_api_server/code_executor.py", line 71, in _exec_worker
    exec(textwrap.dedent(code_src), mod.__dict__)
  File "<string>", line 19, in <module>
  File "/home/lijiaxing/.conda/envs/api/lib/python3.10/site-packages/triton/runtime/jit.py", line 844, in jit
    return decorator(fn)
  File "/home/lijiaxing/.conda/envs/api/lib/python3.10/site-packages/triton/runtime/jit.py", line 832, in decorator
    return JITFunction(
  File "/home/lijiaxing/.conda/envs/api/lib/python3.10/site-packages/triton/runtime/jit.py", line 635, in __init__
    self.starting_line_number = inspect.getsourcelines(fn)[1]
  File "/home/lijiaxing/.conda/envs/api/lib/python3.10/inspect.py", line 1121, in getsourcelines
    lines, lnum = findsource(object)
  File "/home/lijiaxing/.conda/envs/api/lib/python3.10/inspect.py", line 958, in findsource
    raise OSError('could not get source code')
OSError: could not get source code
, exit_code=1
2025-08-08 03:17:11,063 - openevolve.controller - INFO - Saved checkpoint at iteration 0 to openevolve_output/level3_29_SwinMLP/checkpoints/checkpoint_0
2025-08-08 03:17:18,792 - openevolve.RemoteSpeedupEvaluator - INFO - [level3_29_SwinMLP] âœ˜ invalid_answer 'import triton' is not found
2025-08-08 03:17:18,792 - openevolve.evaluator - INFO - Evaluated program 4c2bf1e8-72e0-4235-8bfe-b87c806b623a in 0.00s: compiled=0.0000, correctness=0.0000, score=-100.0000, stage=no_valid_triton_code, feedback=You need to generate real and valid triton code for the core function. The key word 'import triton' is not found.
2025-08-08 03:17:18,795 - openevolve.llm.ensemble - INFO - Sampled model: deepseek
2025-08-08 03:17:18,803 - openevolve.threaded_parallel - INFO - Iteration 5: Program 4c2bf1e8-72e0-4235-8bfe-b87c806b623a (parent: fa4fee52-695d-4c43-881d-fad1c24473bb) completed in 7.85s
2025-08-08 03:17:18,804 - openevolve.threaded_parallel - INFO - Metrics: compiled=0.0000, correctness=0.0000, score=-100.0000, stage=no_valid_triton_code, feedback=You need to generate real and valid triton code for the core function. The key word 'import triton' is not found.
2025-08-08 03:21:55,037 - openevolve.RemoteSpeedupEvaluator - INFO - [level3_29_SwinMLP] âœ˜ invalid_answer 'import triton' is not found
2025-08-08 03:21:55,040 - openevolve.evaluator - INFO - Evaluated program 8802fe55-ac8c-4284-ba38-79143d61cac4 in 0.00s: compiled=0.0000, correctness=0.0000, score=-100.0000, stage=no_valid_triton_code, feedback=You need to generate real and valid triton code for the core function. The key word 'import triton' is not found.
2025-08-08 03:21:55,042 - openevolve.llm.ensemble - INFO - Sampled model: deepseek
2025-08-08 03:21:55,057 - openevolve.threaded_parallel - INFO - Iteration 4: Program 8802fe55-ac8c-4284-ba38-79143d61cac4 (parent: 39828dff-fa9c-4a97-82fd-dd6773439f3c) completed in 760.35s
2025-08-08 03:21:55,057 - openevolve.threaded_parallel - INFO - Metrics: compiled=0.0000, correctness=0.0000, score=-100.0000, stage=no_valid_triton_code, feedback=You need to generate real and valid triton code for the core function. The key word 'import triton' is not found.
2025-08-08 03:31:09,023 - openevolve.RemoteSpeedupEvaluator - INFO - [level3_29_SwinMLP] triton key words check pass
2025-08-08 03:31:09,025 - openevolve.RemoteSpeedupEvaluator - INFO - [level3_29_SwinMLP] verify_plus payload: reference_code(15938 chars) + custom_code(19552 chars)
2025-08-08 03:31:11,495 - openevolve.RemoteSpeedupEvaluator - INFO - [level3_29_SwinMLP] verify_plus request success
2025-08-08 03:31:11,496 - openevolve.RemoteSpeedupEvaluator - INFO - [level3_29_SwinMLP] verify_plus response: {"id":"level3_29_SwinMLP","result":{"compiled":false,"correctness":false,"metadata":{"hardware":"NVIDIA L20Y","device":"cuda:2","compilation_error_name":"builtins.NameError","compilation_error":"name 'self' is not defined","reference_timing_ms":4.57,"speed_up":-1.0,"custom_timing":-1.0},"runtime":-1.0,"runtime_stats":{}}}
2025-08-08 03:31:11,496 - openevolve.RemoteSpeedupEvaluator - INFO - [level3_29_SwinMLP] âœ˜ compile_error
2025-08-08 03:31:11,496 - openevolve.RemoteSpeedupEvaluator - INFO - [level3_29_SwinMLP_5c8f31] execute payload: {id:level3_29_SwinMLP_5c8f31, device_type:NV_LY_20}
2025-08-08 03:31:13,536 - openevolve.RemoteSpeedupEvaluator - INFO - [level3_29_SwinMLP_5c8f31] execute request success
2025-08-08 03:31:13,536 - openevolve.RemoteSpeedupEvaluator - INFO - [level3_29_SwinMLP_5c8f31] execute response: {"id":"level3_29_SwinMLP_5c8f31","exit_code":"1","content":"[Child] ç»‘å®š GPU 3, torch sees 1 device(s)\n\n[Exception]\nTraceback (most recent call last):\n  File \"/cpfs01/shared/llm_kernel/hujiakai/KernelLLM/validation_api_server/code_executor.py\", line 71, in _exec_worker\n    exec(textwrap.dedent(code_src), mod.__dict__)\n  File \"<string>\", line 411, in <module>\n  File \"/home/lijiaxing/.conda/envs/api/lib/python3.10/site-packages/triton/runtime/jit.py\", line 844, in jit\n    return decorator(fn)\n  File \"/home/lijiaxing/.conda/envs/api/lib/python3.10/site-packages/triton/runtime/jit.py\", line 832, in decorator\n    return JITFunction(\n  File \"/home/lijiaxing/.conda/envs/api/lib/python3.10/site-packages/triton/runtime/jit.py\", line 635, in __init__\n    self.starting_line_number
2025-08-08 03:31:13,537 - openevolve.evaluator - INFO - Evaluated program ae0107e8-6ce2-4ccf-92e2-6276b058daa7 in 4.52s: compiled=0.0000, correctness=0.0000, score=1.0000, stage=compile_error, compile_log=, exec_log=[Child] ç»‘å®š GPU 3, torch sees 1 device(s)

[Exception]
Traceback (most recent call last):
  File "/cpfs01/shared/llm_kernel/hujiakai/KernelLLM/validation_api_server/code_executor.py", line 71, in _exec_worker
    exec(textwrap.dedent(code_src), mod.__dict__)
  File "<string>", line 411, in <module>
  File "/home/lijiaxing/.conda/envs/api/lib/python3.10/site-packages/triton/runtime/jit.py", line 844, in jit
    return decorator(fn)
  File "/home/lijiaxing/.conda/envs/api/lib/python3.10/site-packages/triton/runtime/jit.py", line 832, in decorator
    return JITFunction(
  File "/home/lijiaxing/.conda/envs/api/lib/python3.10/site-packages/triton/runtime/jit.py", line 635, in __init__
    self.starting_line_number = inspect.getsourcelines(fn)[1]
  File "/home/lijiaxing/.conda/envs/api/lib/python3.10/inspect.py", line 1121, in getsourcelines
    lines, lnum = findsource(object)
  File "/home/lijiaxing/.conda/envs/api/lib/python3.10/inspect.py", line 958, in findsource
    raise OSError('could not get source code')
OSError: could not get source code
, exit_code=1
2025-08-08 03:31:13,541 - openevolve.llm.ensemble - INFO - Sampled model: deepseek
2025-08-08 03:31:13,543 - openevolve.database - INFO - New MAP-Elites cell occupied: {'score': 9, 'complexity': 0}
2025-08-08 03:31:13,557 - openevolve.threaded_parallel - INFO - Iteration 6: Program ae0107e8-6ce2-4ccf-92e2-6276b058daa7 (parent: bb824447-0974-4d36-958e-078e37d580ed) completed in 834.74s
2025-08-08 03:31:13,557 - openevolve.threaded_parallel - INFO - Metrics: compiled=0.0000, correctness=0.0000, score=1.0000, stage=compile_error, compile_log=, exec_log=[Child] ç»‘å®š GPU 3, torch sees 1 device(s)

[Exception]
Traceback (most recent call last):
  File "/cpfs01/shared/llm_kernel/hujiakai/KernelLLM/validation_api_server/code_executor.py", line 71, in _exec_worker
    exec(textwrap.dedent(code_src), mod.__dict__)
  File "<string>", line 411, in <module>
  File "/home/lijiaxing/.conda/envs/api/lib/python3.10/site-packages/triton/runtime/jit.py", line 844, in jit
    return decorator(fn)
  File "/home/lijiaxing/.conda/envs/api/lib/python3.10/site-packages/triton/runtime/jit.py", line 832, in decorator
    return JITFunction(
  File "/home/lijiaxing/.conda/envs/api/lib/python3.10/site-packages/triton/runtime/jit.py", line 635, in __init__
    self.starting_line_number = inspect.getsourcelines(fn)[1]
  File "/home/lijiaxing/.conda/envs/api/lib/python3.10/inspect.py", line 1121, in getsourcelines
    lines, lnum = findsource(object)
  File "/home/lijiaxing/.conda/envs/api/lib/python3.10/inspect.py", line 958, in findsource
    raise OSError('could not get source code')
OSError: could not get source code
, exit_code=1
2025-08-08 03:31:13,557 - openevolve.threaded_parallel - INFO - Checkpoint interval reached at iteration 6
2025-08-08 03:31:13,560 - openevolve.database - INFO - Island Status:
2025-08-08 03:31:13,560 - openevolve.database - INFO -    Island 0: 4 programs, best=1.0000, avg=0.7500, diversity=7017.23, gen=2 (best: 39828dff-fa9c-4a97-82fd-dd6773439f3c)
2025-08-08 03:31:13,560 - openevolve.database - INFO -  * Island 1: 2 programs, best=-100.0000, avg=-100.0000, diversity=60.90, gen=3 (best: bb824447-0974-4d36-958e-078e37d580ed)
2025-08-08 03:31:13,560 - openevolve.database - INFO -    Island 2: 1 programs, best=-100.0000, avg=-100.0000, diversity=0.00, gen=1 (best: 8802fe55-ac8c-4284-ba38-79143d61cac4)
2025-08-08 03:31:13,652 - openevolve.database - INFO - Saved database with 7 programs to openevolve_output/level3_29_SwinMLP/checkpoints/checkpoint_6
2025-08-08 03:31:13,713 - openevolve.controller - INFO - Saved best program at checkpoint 6 with metrics: compiled=0.0000, correctness=0.0000, score=1.0000, stage=compile_error, compile_log=, exec_log=[Child] ç»‘å®š GPU 4, torch sees 1 device(s)

[Exception]
Traceback (most recent call last):
  File "/cpfs01/shared/llm_kernel/hujiakai/KernelLLM/validation_api_server/code_executor.py", line 71, in _exec_worker
    exec(textwrap.dedent(code_src), mod.__dict__)
  File "<string>", line 19, in <module>
  File "/home/lijiaxing/.conda/envs/api/lib/python3.10/site-packages/triton/runtime/jit.py", line 844, in jit
    return decorator(fn)
  File "/home/lijiaxing/.conda/envs/api/lib/python3.10/site-packages/triton/runtime/jit.py", line 832, in decorator
    return JITFunction(
  File "/home/lijiaxing/.conda/envs/api/lib/python3.10/site-packages/triton/runtime/jit.py", line 635, in __init__
    self.starting_line_number = inspect.getsourcelines(fn)[1]
  File "/home/lijiaxing/.conda/envs/api/lib/python3.10/inspect.py", line 1121, in getsourcelines
    lines, lnum = findsource(object)
  File "/home/lijiaxing/.conda/envs/api/lib/python3.10/inspect.py", line 958, in findsource
    raise OSError('could not get source code')
OSError: could not get source code
, exit_code=1
2025-08-08 03:31:13,713 - openevolve.controller - INFO - Saved checkpoint at iteration 6 to openevolve_output/level3_29_SwinMLP/checkpoints/checkpoint_6
2025-08-08 03:31:21,067 - openevolve.RemoteSpeedupEvaluator - INFO - [level3_29_SwinMLP] âœ˜ invalid_answer 'import triton' is not found
2025-08-08 03:31:21,067 - openevolve.evaluator - INFO - Evaluated program a31ef7d7-f645-4c4f-ba73-dd3e7a06a857 in 0.00s: compiled=0.0000, correctness=0.0000, score=-100.0000, stage=no_valid_triton_code, feedback=You need to generate real and valid triton code for the core function. The key word 'import triton' is not found.
2025-08-08 03:31:21,070 - openevolve.llm.ensemble - INFO - Sampled model: deepseek
2025-08-08 03:31:21,080 - openevolve.threaded_parallel - INFO - Iteration 8: Program a31ef7d7-f645-4c4f-ba73-dd3e7a06a857 (parent: fbf8e0dc-374c-411b-9ec4-8a958dac4d27) completed in 7.53s
2025-08-08 03:31:21,080 - openevolve.threaded_parallel - INFO - Metrics: compiled=0.0000, correctness=0.0000, score=-100.0000, stage=no_valid_triton_code, feedback=You need to generate real and valid triton code for the core function. The key word 'import triton' is not found.
2025-08-08 03:34:46,484 - openevolve.RemoteSpeedupEvaluator - INFO - [level3_29_SwinMLP] triton key words check pass
2025-08-08 03:34:46,486 - openevolve.RemoteSpeedupEvaluator - INFO - [level3_29_SwinMLP] verify_plus payload: reference_code(15938 chars) + custom_code(18091 chars)
2025-08-08 03:34:48,852 - openevolve.RemoteSpeedupEvaluator - INFO - [level3_29_SwinMLP] verify_plus request success
2025-08-08 03:34:48,853 - openevolve.RemoteSpeedupEvaluator - INFO - [level3_29_SwinMLP] verify_plus response: {"id":"level3_29_SwinMLP","result":{"compiled":false,"correctness":false,"metadata":{"hardware":"NVIDIA L20Y","device":"cuda:2","compilation_error_name":"builtins.SyntaxError","compilation_error":"invalid syntax. Perhaps you forgot a comma? (tmpi81iu2sg.py, line 117)","reference_timing_ms":4.57,"speed_up":-1.0,"custom_timing":-1.0},"runtime":-1.0,"runtime_stats":{}}}
2025-08-08 03:34:48,853 - openevolve.RemoteSpeedupEvaluator - INFO - [level3_29_SwinMLP] âœ˜ compile_error
2025-08-08 03:34:48,853 - openevolve.RemoteSpeedupEvaluator - INFO - [level3_29_SwinMLP_06f6dd] execute payload: {id:level3_29_SwinMLP_06f6dd, device_type:NV_LY_20}
2025-08-08 03:34:50,823 - openevolve.RemoteSpeedupEvaluator - INFO - [level3_29_SwinMLP_06f6dd] execute request success
2025-08-08 03:34:50,823 - openevolve.RemoteSpeedupEvaluator - INFO - [level3_29_SwinMLP_06f6dd] execute response: {"id":"level3_29_SwinMLP_06f6dd","exit_code":"1","content":"[Child] ç»‘å®š GPU 3, torch sees 1 device(s)\n\n[Exception]\nTraceback (most recent call last):\n  File \"/cpfs01/shared/llm_kernel/hujiakai/KernelLLM/validation_api_server/code_executor.py\", line 71, in _exec_worker\n    exec(textwrap.dedent(code_src), mod.__dict__)\n  File \"<string>\", line 117\n    act_layer=nn.GELæž norm_layer=nn.LayerNorm):\n              ^^^^^^^^^^^^^^^^^^\nSyntaxError: invalid syntax. Perhaps you forgot a comma?\n"}
2025-08-08 03:34:50,824 - openevolve.evaluator - INFO - Evaluated program 45d52386-851c-46fc-8dba-e08e02bafe53 in 4.34s: compiled=0.0000, correctness=0.0000, score=1.0000, stage=compile_error, compile_log=, exec_log=[Child] ç»‘å®š GPU 3, torch sees 1 device(s)

[Exception]
Traceback (most recent call last):
  File "/cpfs01/shared/llm_kernel/hujiakai/KernelLLM/validation_api_server/code_executor.py", line 71, in _exec_worker
    exec(textwrap.dedent(code_src), mod.__dict__)
  File "<string>", line 117
    act_layer=nn.GELæž norm_layer=nn.LayerNorm):
              ^^^^^^^^^^^^^^^^^^
SyntaxError: invalid syntax. Perhaps you forgot a comma?
, exit_code=1
2025-08-08 03:34:50,828 - openevolve.llm.ensemble - INFO - Sampled model: deepseek
2025-08-08 03:34:50,832 - openevolve.database - INFO - New MAP-Elites cell occupied: {'score': 9, 'complexity': 3}
2025-08-08 03:34:50,845 - openevolve.threaded_parallel - INFO - Iteration 3: Program 45d52386-851c-46fc-8dba-e08e02bafe53 (parent: fbf8e0dc-374c-411b-9ec4-8a958dac4d27) completed in 1766.24s
2025-08-08 03:34:50,845 - openevolve.threaded_parallel - INFO - Metrics: compiled=0.0000, correctness=0.0000, score=1.0000, stage=compile_error, compile_log=, exec_log=[Child] ç»‘å®š GPU 3, torch sees 1 device(s)

[Exception]
Traceback (most recent call last):
  File "/cpfs01/shared/llm_kernel/hujiakai/KernelLLM/validation_api_server/code_executor.py", line 71, in _exec_worker
    exec(textwrap.dedent(code_src), mod.__dict__)
  File "<string>", line 117
    act_layer=nn.GELæž norm_layer=nn.LayerNorm):
              ^^^^^^^^^^^^^^^^^^
SyntaxError: invalid syntax. Perhaps you forgot a comma?
, exit_code=1
2025-08-08 03:34:50,845 - openevolve.threaded_parallel - INFO - Checkpoint interval reached at iteration 3
2025-08-08 03:34:50,848 - openevolve.database - INFO - Island Status:
2025-08-08 03:34:50,848 - openevolve.database - INFO -  * Island 0: 4 programs, best=1.0000, avg=0.7500, diversity=7017.23, gen=3 (best: 39828dff-fa9c-4a97-82fd-dd6773439f3c)
2025-08-08 03:34:50,849 - openevolve.database - INFO -    Island 1: 3 programs, best=-100.0000, avg=-100.0000, diversity=51.27, gen=3 (best: bb824447-0974-4d36-958e-078e37d580ed)
2025-08-08 03:34:50,849 - openevolve.database - INFO -    Island 2: 2 programs, best=1.0000, avg=-49.5000, diversity=6407.40, gen=2 (best: 45d52386-851c-46fc-8dba-e08e02bafe53)
2025-08-08 03:34:50,962 - openevolve.database - INFO - Saved database with 9 programs to openevolve_output/level3_29_SwinMLP/checkpoints/checkpoint_3
2025-08-08 03:34:50,978 - openevolve.controller - INFO - Saved best program at checkpoint 3 with metrics: compiled=0.0000, correctness=0.0000, score=1.0000, stage=compile_error, compile_log=, exec_log=[Child] ç»‘å®š GPU 4, torch sees 1 device(s)

[Exception]
Traceback (most recent call last):
  File "/cpfs01/shared/llm_kernel/hujiakai/KernelLLM/validation_api_server/code_executor.py", line 71, in _exec_worker
    exec(textwrap.dedent(code_src), mod.__dict__)
  File "<string>", line 19, in <module>
  File "/home/lijiaxing/.conda/envs/api/lib/python3.10/site-packages/triton/runtime/jit.py", line 844, in jit
    return decorator(fn)
  File "/home/lijiaxing/.conda/envs/api/lib/python3.10/site-packages/triton/runtime/jit.py", line 832, in decorator
    return JITFunction(
  File "/home/lijiaxing/.conda/envs/api/lib/python3.10/site-packages/triton/runtime/jit.py", line 635, in __init__
    self.starting_line_number = inspect.getsourcelines(fn)[1]
  File "/home/lijiaxing/.conda/envs/api/lib/python3.10/inspect.py", line 1121, in getsourcelines
    lines, lnum = findsource(object)
  File "/home/lijiaxing/.conda/envs/api/lib/python3.10/inspect.py", line 958, in findsource
    raise OSError('could not get source code')
OSError: could not get source code
, exit_code=1
2025-08-08 03:34:50,978 - openevolve.controller - INFO - Saved checkpoint at iteration 3 to openevolve_output/level3_29_SwinMLP/checkpoints/checkpoint_3
2025-08-08 03:39:54,165 - openevolve.RemoteSpeedupEvaluator - INFO - [level3_29_SwinMLP] triton key words check pass
2025-08-08 03:39:54,167 - openevolve.RemoteSpeedupEvaluator - INFO - [level3_29_SwinMLP] verify_plus payload: reference_code(15938 chars) + custom_code(4431 chars)
2025-08-08 03:39:56,665 - openevolve.RemoteSpeedupEvaluator - INFO - [level3_29_SwinMLP] verify_plus request success
2025-08-08 03:39:56,665 - openevolve.RemoteSpeedupEvaluator - INFO - [level3_29_SwinMLP] verify_plus response: {"id":"level3_29_SwinMLP","result":{"compiled":true,"correctness":false,"metadata":{"hardware":"NVIDIA L20Y","device":"cuda:0","runtime_error":"Traceback (most recent call last):\n  File \"/cpfs01/shared/llm_kernel/hujiakai/KernelLLM/validation_api_server/helpers/evaluations.py\", line 516, in eval_kernel_against_ref\n    kernel_exec_result = run_and_check_correctness(\n  File \"/cpfs01/shared/llm_kernel/hujiakai/KernelLLM/validation_api_server/helpers/evaluations.py\", line 713, in run_and_check_correctness\n    model_new = new_model_instance.cuda(device=device)\nAttributeError: 'ModelNew' object has no attribute 'cuda'\n","runtime_error_name":"builtins.AttributeError","reference_timing_ms":4.57,"speed_up":-1.0,"custom_timing":-1.0},"runtime":-1.0,"runtime_stats":{}}}
2025-08-08 03:39:56,665 - openevolve.RemoteSpeedupEvaluator - INFO - [level3_29_SwinMLP] âœ˜ wrong_answer
2025-08-08 03:39:56,665 - openevolve.evaluator - INFO - Evaluated program b7146906-be81-4c05-b545-edc02f51df47 in 2.50s: compiled=1.0000, correctness=0.0000, score=10.0000, stage=wrong_answer, verify_payload={'id': 'level3_29_SwinMLP', 'result': {'compiled': True, 'correctness': False, 'metadata': {'hardware': 'NVIDIA L20Y', 'device': 'cuda:0', 'runtime_error': 'Traceback (most recent call last):\n  File "/cpfs01/shared/llm_kernel/hujiakai/KernelLLM/validation_api_server/helpers/evaluations.py", line 516, in eval_kernel_against_ref\n    kernel_exec_result = run_and_check_correctness(\n  File "/cpfs01/shared/llm_kernel/hujiakai/KernelLLM/validation_api_server/helpers/evaluations.py", line 713, in run_and_check_correctness\n    model_new = new_model_instance.cuda(device=device)\nAttributeError: \'ModelNew\' object has no attribute \'cuda\'\n', 'runtime_error_name': 'builtins.AttributeError', 'reference_timing_ms': 4.57, 'speed_up': -1.0, 'custom_timing': -1.0}, 'runtime': -1.0, 'runtime_stats': {}}}
2025-08-08 03:39:56,671 - openevolve.llm.ensemble - INFO - Sampled model: deepseek
2025-08-08 03:39:56,671 - openevolve.database - INFO - MAP-Elites cell improved: {'score': 9, 'complexity': 0} (fitness: 1.000 -> 10.000)
2025-08-08 03:39:56,673 - openevolve.database - INFO - New best program b7146906-be81-4c05-b545-edc02f51df47 replaces 39828dff-fa9c-4a97-82fd-dd6773439f3c
2025-08-08 03:39:56,710 - openevolve.threaded_parallel - INFO - Iteration 9: Program b7146906-be81-4c05-b545-edc02f51df47 (parent: 4c2bf1e8-72e0-4235-8bfe-b87c806b623a) completed in 515.60s
2025-08-08 03:39:56,710 - openevolve.threaded_parallel - INFO - Metrics: compiled=1.0000, correctness=0.0000, score=10.0000, stage=wrong_answer, verify_payload={'id': 'level3_29_SwinMLP', 'result': {'compiled': True, 'correctness': False, 'metadata': {'hardware': 'NVIDIA L20Y', 'device': 'cuda:0', 'runtime_error': 'Traceback (most recent call last):\n  File "/cpfs01/shared/llm_kernel/hujiakai/KernelLLM/validation_api_server/helpers/evaluations.py", line 516, in eval_kernel_against_ref\n    kernel_exec_result = run_and_check_correctness(\n  File "/cpfs01/shared/llm_kernel/hujiakai/KernelLLM/validation_api_server/helpers/evaluations.py", line 713, in run_and_check_correctness\n    model_new = new_model_instance.cuda(device=device)\nAttributeError: \'ModelNew\' object has no attribute \'cuda\'\n', 'runtime_error_name': 'builtins.AttributeError', 'reference_timing_ms': 4.57, 'speed_up': -1.0, 'custom_timing': -1.0}, 'runtime': -1.0, 'runtime_stats': {}}}
2025-08-08 03:39:56,710 - openevolve.threaded_parallel - INFO - ðŸŒŸ New best solution found at iteration 9: b7146906-be81-4c05-b545-edc02f51df47
2025-08-08 03:39:56,710 - openevolve.threaded_parallel - INFO - Checkpoint interval reached at iteration 9
2025-08-08 03:39:56,712 - openevolve.database - INFO - Island Status:
2025-08-08 03:39:56,713 - openevolve.database - INFO -    Island 0: 5 programs, best=10.0000, avg=2.6000, diversity=5577.85, gen=3 (best: b7146906-be81-4c05-b545-edc02f51df47)
2025-08-08 03:39:56,713 - openevolve.database - INFO -  * Island 1: 3 programs, best=-100.0000, avg=-100.0000, diversity=51.27, gen=4 (best: bb824447-0974-4d36-958e-078e37d580ed)
2025-08-08 03:39:56,713 - openevolve.database - INFO -    Island 2: 2 programs, best=1.0000, avg=-49.5000, diversity=6407.40, gen=2 (best: 45d52386-851c-46fc-8dba-e08e02bafe53)
2025-08-08 03:39:56,842 - openevolve.database - INFO - Saved database with 10 programs to openevolve_output/level3_29_SwinMLP/checkpoints/checkpoint_9
2025-08-08 03:39:56,859 - openevolve.controller - INFO - Saved best program at checkpoint 9 with metrics: compiled=1.0000, correctness=0.0000, score=10.0000, stage=wrong_answer, verify_payload={'id': 'level3_29_SwinMLP', 'result': {'compiled': True, 'correctness': False, 'metadata': {'hardware': 'NVIDIA L20Y', 'device': 'cuda:0', 'runtime_error': 'Traceback (most recent call last):\n  File "/cpfs01/shared/llm_kernel/hujiakai/KernelLLM/validation_api_server/helpers/evaluations.py", line 516, in eval_kernel_against_ref\n    kernel_exec_result = run_and_check_correctness(\n  File "/cpfs01/shared/llm_kernel/hujiakai/KernelLLM/validation_api_server/helpers/evaluations.py", line 713, in run_and_check_correctness\n    model_new = new_model_instance.cuda(device=device)\nAttributeError: \'ModelNew\' object has no attribute \'cuda\'\n', 'runtime_error_name': 'builtins.AttributeError', 'reference_timing_ms': 4.57, 'speed_up': -1.0, 'custom_timing': -1.0}, 'runtime': -1.0, 'runtime_stats': {}}}
2025-08-08 03:39:56,859 - openevolve.controller - INFO - Saved checkpoint at iteration 9 to openevolve_output/level3_29_SwinMLP/checkpoints/checkpoint_9
2025-08-08 03:40:04,280 - openevolve.RemoteSpeedupEvaluator - INFO - [level3_29_SwinMLP] âœ˜ invalid_answer 'import triton' is not found
2025-08-08 03:40:04,280 - openevolve.evaluator - INFO - Evaluated program 2dcdd2b5-46e5-4ff1-a903-d99cee5fc991 in 0.00s: compiled=0.0000, correctness=0.0000, score=-100.0000, stage=no_valid_triton_code, feedback=You need to generate real and valid triton code for the core function. The key word 'import triton' is not found.
2025-08-08 03:40:04,283 - openevolve.llm.ensemble - INFO - Sampled model: deepseek
2025-08-08 03:40:04,290 - openevolve.threaded_parallel - INFO - Iteration 11: Program 2dcdd2b5-46e5-4ff1-a903-d99cee5fc991 (parent: fbf8e0dc-374c-411b-9ec4-8a958dac4d27) completed in 7.61s
2025-08-08 03:40:04,290 - openevolve.threaded_parallel - INFO - Metrics: compiled=0.0000, correctness=0.0000, score=-100.0000, stage=no_valid_triton_code, feedback=You need to generate real and valid triton code for the core function. The key word 'import triton' is not found.
2025-08-08 03:41:39,064 - openevolve.RemoteSpeedupEvaluator - INFO - [level3_29_SwinMLP] âœ˜ invalid_answer 'import triton' is not found
2025-08-08 03:41:39,067 - openevolve.evaluator - INFO - Evaluated program 66c7e300-1241-47c2-a1c8-3e6531325d9a in 0.00s: compiled=0.0000, correctness=0.0000, score=-100.0000, stage=no_valid_triton_code, feedback=You need to generate real and valid triton code for the core function. The key word 'import triton' is not found.
2025-08-08 03:41:39,069 - openevolve.llm.ensemble - INFO - Sampled model: deepseek
2025-08-08 03:41:39,083 - openevolve.threaded_parallel - INFO - Iteration 7: Program 66c7e300-1241-47c2-a1c8-3e6531325d9a (parent: bb824447-0974-4d36-958e-078e37d580ed) completed in 1184.02s
2025-08-08 03:41:39,084 - openevolve.threaded_parallel - INFO - Metrics: compiled=0.0000, correctness=0.0000, score=-100.0000, stage=no_valid_triton_code, feedback=You need to generate real and valid triton code for the core function. The key word 'import triton' is not found.
2025-08-08 03:45:58,232 - openevolve.RemoteSpeedupEvaluator - INFO - [level3_29_SwinMLP] triton key words check pass
2025-08-08 03:45:58,233 - openevolve.RemoteSpeedupEvaluator - INFO - [level3_29_SwinMLP] verify_plus payload: reference_code(15938 chars) + custom_code(17867 chars)
2025-08-08 03:46:02,372 - openevolve.RemoteSpeedupEvaluator - INFO - [level3_29_SwinMLP] verify_plus request success
2025-08-08 03:46:02,372 - openevolve.RemoteSpeedupEvaluator - INFO - [level3_29_SwinMLP] verify_plus response: {"id":"level3_29_SwinMLP","result":{"compiled":true,"correctness":true,"metadata":{"hardware":"NVIDIA L20Y","device":"cuda:0","correctness_trials":"(5 / 5)","reference_timing_ms":4.57,"speed_up":0.95,"custom_timing":4.81},"runtime":4.81,"runtime_stats":{"mean":4.81,"std":0.288,"min":4.58,"max":6.62,"num_trials":100,"hardware":"NVIDIA L20Y","device":"cuda:0"}}}
2025-08-08 03:46:02,373 - openevolve.RemoteSpeedupEvaluator - INFO - [level3_29_SwinMLP] âœ” success | speed_up=0.950  score=20.00
2025-08-08 03:46:02,373 - openevolve.evaluator - INFO - Evaluated program 7d651b2f-ac55-4a6c-b743-b2d09ed758b6 in 4.14s: compiled=1.0000, correctness=1.0000, stage=success, passed=0.0000, score=20.0000, speed_up=0.9500, runtime_ms=4.8100, meta={'hardware': 'NVIDIA L20Y', 'device': 'cuda:0', 'correctness_trials': '(5 / 5)', 'reference_timing_ms': 4.57, 'speed_up': 0.95, 'custom_timing': 4.81}
2025-08-08 03:46:02,377 - openevolve.llm.ensemble - INFO - Sampled model: deepseek
2025-08-08 03:46:02,379 - openevolve.database - INFO - MAP-Elites cell improved: {'score': 9, 'complexity': 0} (fitness: 10.000 -> 20.000)
2025-08-08 03:46:02,379 - openevolve.database - INFO - New best program 7d651b2f-ac55-4a6c-b743-b2d09ed758b6 replaces b7146906-be81-4c05-b545-edc02f51df47
2025-08-08 03:46:02,386 - openevolve.threaded_parallel - INFO - Iteration 10: Program 7d651b2f-ac55-4a6c-b743-b2d09ed758b6 (parent: 8802fe55-ac8c-4284-ba38-79143d61cac4) completed in 671.55s
2025-08-08 03:46:02,386 - openevolve.threaded_parallel - INFO - Metrics: compiled=1.0000, correctness=1.0000, stage=success, passed=0.0000, score=20.0000, speed_up=0.9500, runtime_ms=4.8100, meta={'hardware': 'NVIDIA L20Y', 'device': 'cuda:0', 'correctness_trials': '(5 / 5)', 'reference_timing_ms': 4.57, 'speed_up': 0.95, 'custom_timing': 4.81}
2025-08-08 03:46:02,386 - openevolve.threaded_parallel - INFO - ðŸŒŸ New best solution found at iteration 10: 7d651b2f-ac55-4a6c-b743-b2d09ed758b6
2025-08-08 03:46:10,223 - openevolve.RemoteSpeedupEvaluator - INFO - [level3_29_SwinMLP] âœ˜ invalid_answer 'import triton' is not found
2025-08-08 03:46:10,223 - openevolve.evaluator - INFO - Evaluated program 818ebffd-0673-4e1e-af80-50069bb7b438 in 0.00s: compiled=0.0000, correctness=0.0000, score=-100.0000, stage=no_valid_triton_code, feedback=You need to generate real and valid triton code for the core function. The key word 'import triton' is not found.
2025-08-08 03:46:10,226 - openevolve.llm.ensemble - INFO - Sampled model: deepseek
2025-08-08 03:46:10,232 - openevolve.threaded_parallel - INFO - Iteration 14: Program 818ebffd-0673-4e1e-af80-50069bb7b438 (parent: fbf8e0dc-374c-411b-9ec4-8a958dac4d27) completed in 7.85s
2025-08-08 03:46:10,232 - openevolve.threaded_parallel - INFO - Metrics: compiled=0.0000, correctness=0.0000, score=-100.0000, stage=no_valid_triton_code, feedback=You need to generate real and valid triton code for the core function. The key word 'import triton' is not found.
2025-08-08 03:53:51,213 - openevolve.RemoteSpeedupEvaluator - INFO - [level3_29_SwinMLP] triton key words check pass
2025-08-08 03:53:51,215 - openevolve.RemoteSpeedupEvaluator - INFO - [level3_29_SwinMLP] verify_plus payload: reference_code(15938 chars) + custom_code(18189 chars)
2025-08-08 03:53:53,739 - openevolve.RemoteSpeedupEvaluator - INFO - [level3_29_SwinMLP] verify_plus request success
2025-08-08 03:53:53,739 - openevolve.RemoteSpeedupEvaluator - INFO - [level3_29_SwinMLP] verify_plus response: {"id":"level3_29_SwinMLP","result":{"compiled":false,"correctness":false,"metadata":{"hardware":"NVIDIA L20Y","device":"cuda:2","compilation_error_name":"builtins.SyntaxError","compilation_error":"invalid syntax (tmpzakl2gu8.py, line 371)","reference_timing_ms":4.57,"speed_up":-1.0,"custom_timing":-1.0},"runtime":-1.0,"runtime_stats":{}}}
2025-08-08 03:53:53,739 - openevolve.RemoteSpeedupEvaluator - INFO - [level3_29_SwinMLP] âœ˜ compile_error
2025-08-08 03:53:53,739 - openevolve.RemoteSpeedupEvaluator - INFO - [level3_29_SwinMLP_1e319e] execute payload: {id:level3_29_SwinMLP_1e319e, device_type:NV_LY_20}
2025-08-08 03:53:55,705 - openevolve.RemoteSpeedupEvaluator - INFO - [level3_29_SwinMLP_1e319e] execute request success
2025-08-08 03:53:55,705 - openevolve.RemoteSpeedupEvaluator - INFO - [level3_29_SwinMLP_1e319e] execute response: {"id":"level3_29_SwinMLP_1e319e","exit_code":"1","content":"[Child] ç»‘å®š GPU 3, torch sees 1 device(s)\n\n[Exception]\nTraceback (most recent call last):\n  File \"/cpfs01/shared/llm_kernel/hujiakai/KernelLLM/validation_api_server/code_executor.py\", line 71, in _exec_worker\n    exec(textwrap.dedent(code_src), mod.__dict__)\n  File \"<string>\", line 371\n    class ModelNew(nn.Modæž:\n                          ^\nSyntaxError: invalid syntax\n"}
2025-08-08 03:53:55,706 - openevolve.evaluator - INFO - Evaluated program 7d847ee2-c7d2-4d94-bfbb-dc4b248c466f in 4.49s: compiled=0.0000, correctness=0.0000, score=1.0000, stage=compile_error, compile_log=, exec_log=[Child] ç»‘å®š GPU 3, torch sees 1 device(s)

[Exception]
Traceback (most recent call last):
  File "/cpfs01/shared/llm_kernel/hujiakai/KernelLLM/validation_api_server/code_executor.py", line 71, in _exec_worker
    exec(textwrap.dedent(code_src), mod.__dict__)
  File "<string>", line 371
    class ModelNew(nn.Modæž:
                          ^
SyntaxError: invalid syntax
, exit_code=1
2025-08-08 03:53:55,709 - openevolve.llm.ensemble - INFO - Sampled model: deepseek
2025-08-08 03:53:55,730 - openevolve.threaded_parallel - INFO - Iteration 13: Program 7d847ee2-c7d2-4d94-bfbb-dc4b248c466f (parent: 8802fe55-ac8c-4284-ba38-79143d61cac4) completed in 736.64s
2025-08-08 03:53:55,730 - openevolve.threaded_parallel - INFO - Metrics: compiled=0.0000, correctness=0.0000, score=1.0000, stage=compile_error, compile_log=, exec_log=[Child] ç»‘å®š GPU 3, torch sees 1 device(s)

[Exception]
Traceback (most recent call last):
  File "/cpfs01/shared/llm_kernel/hujiakai/KernelLLM/validation_api_server/code_executor.py", line 71, in _exec_worker
    exec(textwrap.dedent(code_src), mod.__dict__)
  File "<string>", line 371
    class ModelNew(nn.Modæž:
                          ^
SyntaxError: invalid syntax
, exit_code=1
2025-08-08 03:55:17,030 - openevolve.RemoteSpeedupEvaluator - INFO - [level3_29_SwinMLP] triton key words check pass
2025-08-08 03:55:17,032 - openevolve.RemoteSpeedupEvaluator - INFO - [level3_29_SwinMLP] verify_plus payload: reference_code(15938 chars) + custom_code(2883 chars)
2025-08-08 03:55:19,556 - openevolve.RemoteSpeedupEvaluator - INFO - [level3_29_SwinMLP] verify_plus request success
2025-08-08 03:55:19,557 - openevolve.RemoteSpeedupEvaluator - INFO - [level3_29_SwinMLP] verify_plus response: {"id":"level3_29_SwinMLP","result":{"error":"ModelNew.__init__() missing 4 required positional arguments: 'in_channels', 'out_channels', 'kernel_size', and 'groups'\nTraceback (most recent call last):\n  File \"/cpfs01/shared/llm_kernel/hujiakai/KernelLLM/validation_api_server/evaluator.py\", line 173, in _verification_worker\n    result: KernelExecResult = eval_kernel_against_ref(\n  File \"/cpfs01/shared/llm_kernel/hujiakai/KernelLLM/validation_api_server/helpers/evaluations.py\", line 484, in eval_kernel_against_ref\n    custom_model = ModelNew(*init_args, **init_kwargs)\nTypeError: ModelNew.__init__() missing 4 required positional arguments: 'in_channels', 'out_channels', 'kernel_size', and 'groups'\n"}}
2025-08-08 03:55:19,557 - openevolve.RemoteSpeedupEvaluator - INFO - [level3_29_SwinMLP] âœ˜ compile_error
2025-08-08 03:55:19,557 - openevolve.RemoteSpeedupEvaluator - INFO - [level3_29_SwinMLP_f3ed8e] execute payload: {id:level3_29_SwinMLP_f3ed8e, device_type:NV_LY_20}
2025-08-08 03:55:21,775 - openevolve.RemoteSpeedupEvaluator - INFO - [level3_29_SwinMLP_f3ed8e] execute request success
2025-08-08 03:55:21,775 - openevolve.RemoteSpeedupEvaluator - INFO - [level3_29_SwinMLP_f3ed8e] execute response: {"id":"level3_29_SwinMLP_f3ed8e","exit_code":"1","content":"[Child] ç»‘å®š GPU 5, torch sees 1 device(s)\n\n[Exception]\nTraceback (most recent call last):\n  File \"/cpfs01/shared/llm_kernel/hujiakai/KernelLLM/validation_api_server/code_executor.py\", line 71, in _exec_worker\n    exec(textwrap.dedent(code_src), mod.__dict__)\n  File \"<string>\", line 8, in <module>\n  File \"/home/lijiaxing/.conda/envs/api/lib/python3.10/site-packages/triton/runtime/jit.py\", line 844, in jit\n    return decorator(fn)\n  File \"/home/lijiaxing/.conda/envs/api/lib/python3.10/site-packages/triton/runtime/jit.py\", line 832, in decorator\n    return JITFunction(\n  File \"/home/lijiaxing/.conda/envs/api/lib/python3.10/site-packages/triton/runtime/jit.py\", line 635, in __init__\n    self.starting_line_number =
2025-08-08 03:55:21,775 - openevolve.evaluator - INFO - Evaluated program 6fb18d26-614e-4223-b66d-ef8e174809af in 4.75s: compiled=0.0000, correctness=0.0000, score=1.0000, stage=compile_error, compile_log=ModelNew.__init__() missing 4 required positional arguments: 'in_channels', 'out_channels', 'kernel_size', and 'groups'
Traceback (most recent call last):
  File "/cpfs01/shared/llm_kernel/hujiakai/KernelLLM/validation_api_server/evaluator.py", line 173, in _verification_worker
    result: KernelExecResult = eval_kernel_against_ref(
  File "/cpfs01/shared/llm_kernel/hujiakai/KernelLLM/validation_api_server/helpers/evaluations.py", line 484, in eval_kernel_against_ref
    custom_model = ModelNew(*init_args, **init_kwargs)
TypeError: ModelNew.__init__() missing 4 required positional arguments: 'in_channels', 'out_channels', 'kernel_size', and 'groups'
, exec_log=[Child] ç»‘å®š GPU 5, torch sees 1 device(s)

[Exception]
Traceback (most recent call last):
  File "/cpfs01/shared/llm_kernel/hujiakai/KernelLLM/validation_api_server/code_executor.py", line 71, in _exec_worker
    exec(textwrap.dedent(code_src), mod.__dict__)
  File "<string>", line 8, in <module>
  File "/home/lijiaxing/.conda/envs/api/lib/python3.10/site-packages/triton/runtime/jit.py", line 844, in jit
    return decorator(fn)
  File "/home/lijiaxing/.conda/envs/api/lib/python3.10/site-packages/triton/runtime/jit.py", line 832, in decorator
    return JITFunction(
  File "/home/lijiaxing/.conda/envs/api/lib/python3.10/site-packages/triton/runtime/jit.py", line 635, in __init__
    self.starting_line_number = inspect.getsourcelines(fn)[1]
  File "/home/lijiaxing/.conda/envs/api/lib/python3.10/inspect.py", line 1121, in getsourcelines
    lines, lnum = findsource(object)
  File "/home/lijiaxing/.conda/envs/api/lib/python3.10/inspect.py", line 958, in findsource
    raise OSError('could not get source code')
OSError: could not get source code
, exit_code=1
2025-08-08 03:55:21,781 - openevolve.llm.ensemble - INFO - Sampled model: deepseek
2025-08-08 03:55:21,797 - openevolve.threaded_parallel - INFO - Iteration 12: Program 6fb18d26-614e-4223-b66d-ef8e174809af (parent: bb824447-0974-4d36-958e-078e37d580ed) completed in 917.49s
2025-08-08 03:55:21,797 - openevolve.threaded_parallel - INFO - Metrics: compiled=0.0000, correctness=0.0000, score=1.0000, stage=compile_error, compile_log=ModelNew.__init__() missing 4 required positional arguments: 'in_channels', 'out_channels', 'kernel_size', and 'groups'
Traceback (most recent call last):
  File "/cpfs01/shared/llm_kernel/hujiakai/KernelLLM/validation_api_server/evaluator.py", line 173, in _verification_worker
    result: KernelExecResult = eval_kernel_against_ref(
  File "/cpfs01/shared/llm_kernel/hujiakai/KernelLLM/validation_api_server/helpers/evaluations.py", line 484, in eval_kernel_against_ref
    custom_model = ModelNew(*init_args, **init_kwargs)
TypeError: ModelNew.__init__() missing 4 required positional arguments: 'in_channels', 'out_channels', 'kernel_size', and 'groups'
, exec_log=[Child] ç»‘å®š GPU 5, torch sees 1 device(s)

[Exception]
Traceback (most recent call last):
  File "/cpfs01/shared/llm_kernel/hujiakai/KernelLLM/validation_api_server/code_executor.py", line 71, in _exec_worker
    exec(textwrap.dedent(code_src), mod.__dict__)
  File "<string>", line 8, in <module>
  File "/home/lijiaxing/.conda/envs/api/lib/python3.10/site-packages/triton/runtime/jit.py", line 844, in jit
    return decorator(fn)
  File "/home/lijiaxing/.conda/envs/api/lib/python3.10/site-packages/triton/runtime/jit.py", line 832, in decorator
    return JITFunction(
  File "/home/lijiaxing/.conda/envs/api/lib/python3.10/site-packages/triton/runtime/jit.py", line 635, in __init__
    self.starting_line_number = inspect.getsourcelines(fn)[1]
  File "/home/lijiaxing/.conda/envs/api/lib/python3.10/inspect.py", line 1121, in getsourcelines
    lines, lnum = findsource(object)
  File "/home/lijiaxing/.conda/envs/api/lib/python3.10/inspect.py", line 958, in findsource
    raise OSError('could not get source code')
OSError: could not get source code
, exit_code=1
2025-08-08 03:55:21,797 - openevolve.threaded_parallel - INFO - Checkpoint interval reached at iteration 12
2025-08-08 03:55:21,800 - openevolve.database - INFO - Island Status:
2025-08-08 03:55:21,800 - openevolve.database - INFO -    Island 0: 7 programs, best=20.0000, avg=4.8571, diversity=3612.43, gen=5 (best: 7d651b2f-ac55-4a6c-b743-b2d09ed758b6)
2025-08-08 03:55:21,800 - openevolve.database - INFO -  * Island 1: 5 programs, best=-100.0000, avg=-100.0000, diversity=28.85, gen=6 (best: bb824447-0974-4d36-958e-078e37d580ed)
2025-08-08 03:55:21,800 - openevolve.database - INFO -    Island 2: 4 programs, best=1.0000, avg=-49.5000, diversity=4290.47, gen=4 (best: 45d52386-851c-46fc-8dba-e08e02bafe53)
2025-08-08 03:55:22,009 - openevolve.database - INFO - Saved database with 16 programs to openevolve_output/level3_29_SwinMLP/checkpoints/checkpoint_12
2025-08-08 03:55:22,020 - openevolve.controller - INFO - Saved best program at checkpoint 12 with metrics: compiled=1.0000, correctness=1.0000, stage=success, passed=0.0000, score=20.0000, speed_up=0.9500, runtime_ms=4.8100, meta={'hardware': 'NVIDIA L20Y', 'device': 'cuda:0', 'correctness_trials': '(5 / 5)', 'reference_timing_ms': 4.57, 'speed_up': 0.95, 'custom_timing': 4.81}
2025-08-08 03:55:22,020 - openevolve.controller - INFO - Saved checkpoint at iteration 12 to openevolve_output/level3_29_SwinMLP/checkpoints/checkpoint_12
2025-08-08 03:55:29,657 - openevolve.RemoteSpeedupEvaluator - INFO - [level3_29_SwinMLP] âœ˜ invalid_answer 'import triton' is not found
2025-08-08 03:55:29,658 - openevolve.evaluator - INFO - Evaluated program 209bf10d-dbcc-4b14-9323-a5b3250b6ccc in 0.00s: compiled=0.0000, correctness=0.0000, score=-100.0000, stage=no_valid_triton_code, feedback=You need to generate real and valid triton code for the core function. The key word 'import triton' is not found.
2025-08-08 03:55:29,661 - openevolve.llm.ensemble - INFO - Sampled model: deepseek
2025-08-08 03:55:29,670 - openevolve.threaded_parallel - INFO - Iteration 17: Program 209bf10d-dbcc-4b14-9323-a5b3250b6ccc (parent: fa4fee52-695d-4c43-881d-fad1c24473bb) completed in 7.88s
2025-08-08 03:55:29,670 - openevolve.threaded_parallel - INFO - Metrics: compiled=0.0000, correctness=0.0000, score=-100.0000, stage=no_valid_triton_code, feedback=You need to generate real and valid triton code for the core function. The key word 'import triton' is not found.
2025-08-08 04:09:12,086 - openevolve.RemoteSpeedupEvaluator - INFO - [level3_29_SwinMLP] triton key words check pass
2025-08-08 04:09:12,089 - openevolve.RemoteSpeedupEvaluator - INFO - [level3_29_SwinMLP] verify_plus payload: reference_code(15938 chars) + custom_code(18159 chars)
2025-08-08 04:09:14,582 - openevolve.RemoteSpeedupEvaluator - INFO - [level3_29_SwinMLP] verify_plus request success
2025-08-08 04:09:14,582 - openevolve.RemoteSpeedupEvaluator - INFO - [level3_29_SwinMLP] verify_plus response: {"id":"level3_29_SwinMLP","result":{"compiled":false,"correctness":false,"metadata":{"hardware":"NVIDIA L20Y","device":"cuda:1","compilation_error_name":"builtins.AttributeError","compilation_error":"module 'torch.nn' has no attribute 'Modæž'","reference_timing_ms":4.57,"speed_up":-1.0,"custom_timing":-1.0},"runtime":-1.0,"runtime_stats":{}}}
2025-08-08 04:09:14,582 - openevolve.RemoteSpeedupEvaluator - INFO - [level3_29_SwinMLP] âœ˜ compile_error
2025-08-08 04:09:14,582 - openevolve.RemoteSpeedupEvaluator - INFO - [level3_29_SwinMLP_b05a9d] execute payload: {id:level3_29_SwinMLP_b05a9d, device_type:NV_LY_20}
2025-08-08 04:09:16,659 - openevolve.RemoteSpeedupEvaluator - INFO - [level3_29_SwinMLP_b05a9d] execute request success
2025-08-08 04:09:16,659 - openevolve.RemoteSpeedupEvaluator - INFO - [level3_29_SwinMLP_b05a9d] execute response: {"id":"level3_29_SwinMLP_b05a9d","exit_code":"1","content":"[Child] ç»‘å®š GPU 2, torch sees 1 device(s)\n\n[Exception]\nTraceback (most recent call last):\n  File \"/cpfs01/shared/llm_kernel/hujiakai/KernelLLM/validation_api_server/code_executor.py\", line 71, in _exec_worker\n    exec(textwrap.dedent(code_src), mod.__dict__)\n  File \"<string>\", line 69, in <module>\n  File \"/home/lijiaxing/.conda/envs/api/lib/python3.10/site-packages/triton/runtime/jit.py\", line 844, in jit\n    return decorator(fn)\n  File \"/home/lijiaxing/.conda/envs/api/lib/python3.10/site-packages/triton/runtime/jit.py\", line 832, in decorator\n    return JITFunction(\n  File \"/home/lijiaxing/.conda/envs/api/lib/python3.10/site-packages/triton/runtime/jit.py\", line 635, in __init__\n    self.starting_line_number 
2025-08-08 04:09:16,659 - openevolve.evaluator - INFO - Evaluated program 12966f95-ac4f-42ba-bc73-988a1bdf7d00 in 4.57s: compiled=0.0000, correctness=0.0000, score=1.0000, stage=compile_error, compile_log=, exec_log=[Child] ç»‘å®š GPU 2, torch sees 1 device(s)

[Exception]
Traceback (most recent call last):
  File "/cpfs01/shared/llm_kernel/hujiakai/KernelLLM/validation_api_server/code_executor.py", line 71, in _exec_worker
    exec(textwrap.dedent(code_src), mod.__dict__)
  File "<string>", line 69, in <module>
  File "/home/lijiaxing/.conda/envs/api/lib/python3.10/site-packages/triton/runtime/jit.py", line 844, in jit
    return decorator(fn)
  File "/home/lijiaxing/.conda/envs/api/lib/python3.10/site-packages/triton/runtime/jit.py", line 832, in decorator
    return JITFunction(
  File "/home/lijiaxing/.conda/envs/api/lib/python3.10/site-packages/triton/runtime/jit.py", line 635, in __init__
    self.starting_line_number = inspect.getsourcelines(fn)[1]
  File "/home/lijiaxing/.conda/envs/api/lib/python3.10/inspect.py", line 1121, in getsourcelines
    lines, lnum = findsource(object)
  File "/home/lijiaxing/.conda/envs/api/lib/python3.10/inspect.py", line 958, in findsource
    raise OSError('could not get source code')
OSError: could not get source code
, exit_code=1
2025-08-08 04:09:16,665 - openevolve.llm.ensemble - INFO - Sampled model: deepseek
2025-08-08 04:09:16,680 - openevolve.threaded_parallel - INFO - Iteration 16: Program 12966f95-ac4f-42ba-bc73-988a1bdf7d00 (parent: 66c7e300-1241-47c2-a1c8-3e6531325d9a) completed in 920.95s
2025-08-08 04:09:16,681 - openevolve.threaded_parallel - INFO - Metrics: compiled=0.0000, correctness=0.0000, score=1.0000, stage=compile_error, compile_log=, exec_log=[Child] ç»‘å®š GPU 2, torch sees 1 device(s)

[Exception]
Traceback (most recent call last):
  File "/cpfs01/shared/llm_kernel/hujiakai/KernelLLM/validation_api_server/code_executor.py", line 71, in _exec_worker
    exec(textwrap.dedent(code_src), mod.__dict__)
  File "<string>", line 69, in <module>
  File "/home/lijiaxing/.conda/envs/api/lib/python3.10/site-packages/triton/runtime/jit.py", line 844, in jit
    return decorator(fn)
  File "/home/lijiaxing/.conda/envs/api/lib/python3.10/site-packages/triton/runtime/jit.py", line 832, in decorator
    return JITFunction(
  File "/home/lijiaxing/.conda/envs/api/lib/python3.10/site-packages/triton/runtime/jit.py", line 635, in __init__
    self.starting_line_number = inspect.getsourcelines(fn)[1]
  File "/home/lijiaxing/.conda/envs/api/lib/python3.10/inspect.py", line 1121, in getsourcelines
    lines, lnum = findsource(object)
  File "/home/lijiaxing/.conda/envs/api/lib/python3.10/inspect.py", line 958, in findsource
    raise OSError('could not get source code')
OSError: could not get source code
, exit_code=1
2025-08-08 04:10:55,139 - openevolve.RemoteSpeedupEvaluator - INFO - [level3_29_SwinMLP] triton key words check pass
2025-08-08 04:10:55,141 - openevolve.RemoteSpeedupEvaluator - INFO - [level3_29_SwinMLP] verify_plus payload: reference_code(15938 chars) + custom_code(20022 chars)
2025-08-08 04:10:57,852 - openevolve.RemoteSpeedupEvaluator - INFO - [level3_29_SwinMLP] verify_plus request success
2025-08-08 04:10:57,852 - openevolve.RemoteSpeedupEvaluator - INFO - [level3_29_SwinMLP] verify_plus response: {"id":"level3_29_SwinMLP","result":{"compiled":false,"correctness":false,"metadata":{"hardware":"NVIDIA L20Y","device":"cuda:4","compilation_error_name":"builtins.NameError","compilation_error":"name 'self' is not defined","reference_timing_ms":4.57,"speed_up":-1.0,"custom_timing":-1.0},"runtime":-1.0,"runtime_stats":{}}}
2025-08-08 04:10:57,853 - openevolve.RemoteSpeedupEvaluator - INFO - [level3_29_SwinMLP] âœ˜ compile_error
2025-08-08 04:10:57,853 - openevolve.RemoteSpeedupEvaluator - INFO - [level3_29_SwinMLP_7ccda7] execute payload: {id:level3_29_SwinMLP_7ccda7, device_type:NV_LY_20}
2025-08-08 04:11:00,255 - openevolve.RemoteSpeedupEvaluator - INFO - [level3_29_SwinMLP_7ccda7] execute request success
2025-08-08 04:11:00,256 - openevolve.RemoteSpeedupEvaluator - INFO - [level3_29_SwinMLP_7ccda7] execute response: {"id":"level3_29_SwinMLP_7ccda7","exit_code":"1","content":"[Child] ç»‘å®š GPU 6, torch sees 1 device(s)\n\n[Exception]\nTraceback (most recent call last):\n  File \"/cpfs01/shared/llm_kernel/hujiakai/KernelLLM/validation_api_server/code_executor.py\", line 71, in _exec_worker\n    exec(textwrap.dedent(code_src), mod.__dict__)\n  File \"<string>\", line 411, in <module>\n  File \"/home/lijiaxing/.conda/envs/api/lib/python3.10/site-packages/triton/runtime/jit.py\", line 844, in jit\n    return decorator(fn)\n  File \"/home/lijiaxing/.conda/envs/api/lib/python3.10/site-packages/triton/runtime/jit.py\", line 832, in decorator\n    return JITFunction(\n  File \"/home/lijiaxing/.conda/envs/api/lib/python3.10/site-packages/triton/runtime/jit.py\", line 635, in __init__\n    self.starting_line_number
2025-08-08 04:11:00,256 - openevolve.evaluator - INFO - Evaluated program 9aef0949-fe98-423d-9089-e22fef7cd43b in 5.12s: compiled=0.0000, correctness=0.0000, score=1.0000, stage=compile_error, compile_log=, exec_log=[Child] ç»‘å®š GPU 6, torch sees 1 device(s)

[Exception]
Traceback (most recent call last):
  File "/cpfs01/shared/llm_kernel/hujiakai/KernelLLM/validation_api_server/code_executor.py", line 71, in _exec_worker
    exec(textwrap.dedent(code_src), mod.__dict__)
  File "<string>", line 411, in <module>
  File "/home/lijiaxing/.conda/envs/api/lib/python3.10/site-packages/triton/runtime/jit.py", line 844, in jit
    return decorator(fn)
  File "/home/lijiaxing/.conda/envs/api/lib/python3.10/site-packages/triton/runtime/jit.py", line 832, in decorator
    return JITFunction(
  File "/home/lijiaxing/.conda/envs/api/lib/python3.10/site-packages/triton/runtime/jit.py", line 635, in __init__
    self.starting_line_number = inspect.getsourcelines(fn)[1]
  File "/home/lijiaxing/.conda/envs/api/lib/python3.10/inspect.py", line 1121, in getsourcelines
    lines, lnum = findsource(object)
  File "/home/lijiaxing/.conda/envs/api/lib/python3.10/inspect.py", line 958, in findsource
    raise OSError('could not get source code')
OSError: could not get source code
, exit_code=1
2025-08-08 04:11:00,260 - openevolve.llm.ensemble - INFO - Sampled model: deepseek
2025-08-08 04:11:00,274 - openevolve.threaded_parallel - INFO - Iteration 18: Program 9aef0949-fe98-423d-9089-e22fef7cd43b (parent: bb824447-0974-4d36-958e-078e37d580ed) completed in 930.60s
2025-08-08 04:11:00,274 - openevolve.threaded_parallel - INFO - Metrics: compiled=0.0000, correctness=0.0000, score=1.0000, stage=compile_error, compile_log=, exec_log=[Child] ç»‘å®š GPU 6, torch sees 1 device(s)

[Exception]
Traceback (most recent call last):
  File "/cpfs01/shared/llm_kernel/hujiakai/KernelLLM/validation_api_server/code_executor.py", line 71, in _exec_worker
    exec(textwrap.dedent(code_src), mod.__dict__)
  File "<string>", line 411, in <module>
  File "/home/lijiaxing/.conda/envs/api/lib/python3.10/site-packages/triton/runtime/jit.py", line 844, in jit
    return decorator(fn)
  File "/home/lijiaxing/.conda/envs/api/lib/python3.10/site-packages/triton/runtime/jit.py", line 832, in decorator
    return JITFunction(
  File "/home/lijiaxing/.conda/envs/api/lib/python3.10/site-packages/triton/runtime/jit.py", line 635, in __init__
    self.starting_line_number = inspect.getsourcelines(fn)[1]
  File "/home/lijiaxing/.conda/envs/api/lib/python3.10/inspect.py", line 1121, in getsourcelines
    lines, lnum = findsource(object)
  File "/home/lijiaxing/.conda/envs/api/lib/python3.10/inspect.py", line 958, in findsource
    raise OSError('could not get source code')
OSError: could not get source code
, exit_code=1
2025-08-08 04:11:00,274 - openevolve.threaded_parallel - INFO - Checkpoint interval reached at iteration 18
2025-08-08 04:11:00,277 - openevolve.database - INFO - Island Status:
2025-08-08 04:11:00,277 - openevolve.database - INFO -    Island 0: 8 programs, best=20.0000, avg=4.3750, diversity=3659.97, gen=6 (best: 7d651b2f-ac55-4a6c-b743-b2d09ed758b6)
2025-08-08 04:11:00,277 - openevolve.database - INFO -  * Island 1: 6 programs, best=-100.0000, avg=-100.0000, diversity=23.17, gen=7 (best: bb824447-0974-4d36-958e-078e37d580ed)
2025-08-08 04:11:00,277 - openevolve.database - INFO -    Island 2: 5 programs, best=1.0000, avg=-39.4000, diversity=3216.17, gen=5 (best: 45d52386-851c-46fc-8dba-e08e02bafe53)
2025-08-08 04:11:00,502 - openevolve.database - INFO - Saved database with 19 programs to openevolve_output/level3_29_SwinMLP/checkpoints/checkpoint_18
2025-08-08 04:11:00,513 - openevolve.controller - INFO - Saved best program at checkpoint 18 with metrics: compiled=1.0000, correctness=1.0000, stage=success, passed=0.0000, score=20.0000, speed_up=0.9500, runtime_ms=4.8100, meta={'hardware': 'NVIDIA L20Y', 'device': 'cuda:0', 'correctness_trials': '(5 / 5)', 'reference_timing_ms': 4.57, 'speed_up': 0.95, 'custom_timing': 4.81}
2025-08-08 04:11:00,513 - openevolve.controller - INFO - Saved checkpoint at iteration 18 to openevolve_output/level3_29_SwinMLP/checkpoints/checkpoint_18
2025-08-08 04:11:07,752 - openevolve.RemoteSpeedupEvaluator - INFO - [level3_29_SwinMLP] âœ˜ invalid_answer 'import triton' is not found
2025-08-08 04:11:07,752 - openevolve.evaluator - INFO - Evaluated program 26642e29-0067-4632-920a-114c53ec5992 in 0.00s: compiled=0.0000, correctness=0.0000, score=-100.0000, stage=no_valid_triton_code, feedback=You need to generate real and valid triton code for the core function. The key word 'import triton' is not found.
2025-08-08 04:11:07,757 - openevolve.llm.ensemble - INFO - Sampled model: deepseek
2025-08-08 04:11:07,765 - openevolve.threaded_parallel - INFO - Iteration 20: Program 26642e29-0067-4632-920a-114c53ec5992 (parent: fa4fee52-695d-4c43-881d-fad1c24473bb) completed in 7.49s
2025-08-08 04:11:07,766 - openevolve.threaded_parallel - INFO - Metrics: compiled=0.0000, correctness=0.0000, score=-100.0000, stage=no_valid_triton_code, feedback=You need to generate real and valid triton code for the core function. The key word 'import triton' is not found.
2025-08-08 04:11:12,302 - openevolve.RemoteSpeedupEvaluator - INFO - [level3_29_SwinMLP] âœ˜ invalid_answer 'import triton' is not found
2025-08-08 04:11:12,303 - openevolve.evaluator - INFO - Evaluated program 2c3d2fc0-7dc3-405f-bf48-79112ea4e068 in 0.00s: compiled=0.0000, correctness=0.0000, score=-100.0000, stage=no_valid_triton_code, feedback=You need to generate real and valid triton code for the core function. The key word 'import triton' is not found.
2025-08-08 04:11:12,306 - openevolve.llm.ensemble - INFO - Sampled model: deepseek
2025-08-08 04:11:12,314 - openevolve.threaded_parallel - INFO - Iteration 15: Program 2c3d2fc0-7dc3-405f-bf48-79112ea4e068 (parent: bb824447-0974-4d36-958e-078e37d580ed) completed in 1502.08s
2025-08-08 04:11:12,314 - openevolve.threaded_parallel - INFO - Metrics: compiled=0.0000, correctness=0.0000, score=-100.0000, stage=no_valid_triton_code, feedback=You need to generate real and valid triton code for the core function. The key word 'import triton' is not found.
2025-08-08 04:11:12,314 - openevolve.threaded_parallel - INFO - Checkpoint interval reached at iteration 15
2025-08-08 04:11:12,317 - openevolve.database - INFO - Island Status:
2025-08-08 04:11:12,317 - openevolve.database - INFO -  * Island 0: 8 programs, best=20.0000, avg=4.3750, diversity=3659.97, gen=7 (best: 7d651b2f-ac55-4a6c-b743-b2d09ed758b6)
2025-08-08 04:11:12,317 - openevolve.database - INFO -    Island 1: 7 programs, best=-100.0000, avg=-100.0000, diversity=29.18, gen=7 (best: bb824447-0974-4d36-958e-078e37d580ed)
2025-08-08 04:11:12,317 - openevolve.database - INFO -    Island 2: 6 programs, best=1.0000, avg=-49.5000, diversity=3201.33, gen=6 (best: 45d52386-851c-46fc-8dba-e08e02bafe53)
2025-08-08 04:11:12,558 - openevolve.database - INFO - Saved database with 21 programs to openevolve_output/level3_29_SwinMLP/checkpoints/checkpoint_15
2025-08-08 04:11:12,569 - openevolve.controller - INFO - Saved best program at checkpoint 15 with metrics: compiled=1.0000, correctness=1.0000, stage=success, passed=0.0000, score=20.0000, speed_up=0.9500, runtime_ms=4.8100, meta={'hardware': 'NVIDIA L20Y', 'device': 'cuda:0', 'correctness_trials': '(5 / 5)', 'reference_timing_ms': 4.57, 'speed_up': 0.95, 'custom_timing': 4.81}
2025-08-08 04:11:12,569 - openevolve.controller - INFO - Saved checkpoint at iteration 15 to openevolve_output/level3_29_SwinMLP/checkpoints/checkpoint_15
2025-08-08 04:14:38,643 - openevolve.RemoteSpeedupEvaluator - INFO - [level3_29_SwinMLP] triton key words check pass
2025-08-08 04:14:38,645 - openevolve.RemoteSpeedupEvaluator - INFO - [level3_29_SwinMLP] verify_plus payload: reference_code(15938 chars) + custom_code(817 chars)
2025-08-08 04:14:41,208 - openevolve.RemoteSpeedupEvaluator - INFO - [level3_29_SwinMLP] verify_plus request success
2025-08-08 04:14:41,208 - openevolve.RemoteSpeedupEvaluator - INFO - [level3_29_SwinMLP] verify_plus response: {"id":"level3_29_SwinMLP","result":{"error":"\nTraceback (most recent call last):\n  File \"/cpfs01/shared/llm_kernel/hujiakai/KernelLLM/validation_api_server/evaluator.py\", line 173, in _verification_worker\n    result: KernelExecResult = eval_kernel_against_ref(\n  File \"/cpfs01/shared/llm_kernel/hujiakai/KernelLLM/validation_api_server/helpers/evaluations.py\", line 485, in eval_kernel_against_ref\n    assert hasattr(custom_model, \"forward\")\nAssertionError\n"}}
2025-08-08 04:14:41,208 - openevolve.RemoteSpeedupEvaluator - INFO - [level3_29_SwinMLP] âœ˜ compile_error
2025-08-08 04:14:41,208 - openevolve.RemoteSpeedupEvaluator - INFO - [level3_29_SwinMLP_b73674] execute payload: {id:level3_29_SwinMLP_b73674, device_type:NV_LY_20}
2025-08-08 04:14:43,812 - openevolve.RemoteSpeedupEvaluator - INFO - [level3_29_SwinMLP_b73674] execute request success
2025-08-08 04:14:43,812 - openevolve.RemoteSpeedupEvaluator - INFO - [level3_29_SwinMLP_b73674] execute response: {"id":"level3_29_SwinMLP_b73674","exit_code":"1","content":"[Child] ç»‘å®š GPU 1, torch sees 1 device(s)\n\n[Exception]\nTraceback (most recent call last):\n  File \"/cpfs01/shared/llm_kernel/hujiakai/KernelLLM/validation_api_server/code_executor.py\", line 71, in _exec_worker\n    exec(textwrap.dedent(code_src), mod.__dict__)\n  File \"<string>\", line 6, in <module>\n  File \"<string>\", line 9, in ModelNew\n  File \"/home/lijiaxing/.conda/envs/api/lib/python3.10/site-packages/triton/runtime/jit.py\", line 844, in jit\n    return decorator(fn)\n  File \"/home/lijiaxing/.conda/envs/api/lib/python3.10/site-packages/triton/runtime/jit.py\", line 832, in decorator\n    return JITFunction(\n  File \"/home/lijiaxing/.conda/envs/api/lib/python3.10/site-packages/triton/runtime/jit.py\", line 635, in
2025-08-08 04:14:43,813 - openevolve.evaluator - INFO - Evaluated program e74a6fbb-8402-486f-b968-da8cf71c626a in 5.17s: compiled=0.0000, correctness=0.0000, score=1.0000, stage=compile_error, compile_log=
Traceback (most recent call last):
  File "/cpfs01/shared/llm_kernel/hujiakai/KernelLLM/validation_api_server/evaluator.py", line 173, in _verification_worker
    result: KernelExecResult = eval_kernel_against_ref(
  File "/cpfs01/shared/llm_kernel/hujiakai/KernelLLM/validation_api_server/helpers/evaluations.py", line 485, in eval_kernel_against_ref
    assert hasattr(custom_model, "forward")
AssertionError
, exec_log=[Child] ç»‘å®š GPU 1, torch sees 1 device(s)

[Exception]
Traceback (most recent call last):
  File "/cpfs01/shared/llm_kernel/hujiakai/KernelLLM/validation_api_server/code_executor.py", line 71, in _exec_worker
    exec(textwrap.dedent(code_src), mod.__dict__)
  File "<string>", line 6, in <module>
  File "<string>", line 9, in ModelNew
  File "/home/lijiaxing/.conda/envs/api/lib/python3.10/site-packages/triton/runtime/jit.py", line 844, in jit
    return decorator(fn)
  File "/home/lijiaxing/.conda/envs/api/lib/python3.10/site-packages/triton/runtime/jit.py", line 832, in decorator
    return JITFunction(
  File "/home/lijiaxing/.conda/envs/api/lib/python3.10/site-packages/triton/runtime/jit.py", line 635, in __init__
    self.starting_line_number = inspect.getsourcelines(fn)[1]
  File "/home/lijiaxing/.conda/envs/api/lib/python3.10/inspect.py", line 1121, in getsourcelines
    lines, lnum = findsource(object)
  File "/home/lijiaxing/.conda/envs/api/lib/python3.10/inspect.py", line 958, in findsource
    raise OSError('could not get source code')
OSError: could not get source code
, exit_code=1
2025-08-08 04:14:43,817 - openevolve.llm.ensemble - INFO - Sampled model: deepseek
2025-08-08 04:14:43,829 - openevolve.threaded_parallel - INFO - Iteration 21: Program e74a6fbb-8402-486f-b968-da8cf71c626a (parent: 2dcdd2b5-46e5-4ff1-a903-d99cee5fc991) completed in 216.06s
2025-08-08 04:14:43,830 - openevolve.threaded_parallel - INFO - Metrics: compiled=0.0000, correctness=0.0000, score=1.0000, stage=compile_error, compile_log=
Traceback (most recent call last):
  File "/cpfs01/shared/llm_kernel/hujiakai/KernelLLM/validation_api_server/evaluator.py", line 173, in _verification_worker
    result: KernelExecResult = eval_kernel_against_ref(
  File "/cpfs01/shared/llm_kernel/hujiakai/KernelLLM/validation_api_server/helpers/evaluations.py", line 485, in eval_kernel_against_ref
    assert hasattr(custom_model, "forward")
AssertionError
, exec_log=[Child] ç»‘å®š GPU 1, torch sees 1 device(s)

[Exception]
Traceback (most recent call last):
  File "/cpfs01/shared/llm_kernel/hujiakai/KernelLLM/validation_api_server/code_executor.py", line 71, in _exec_worker
    exec(textwrap.dedent(code_src), mod.__dict__)
  File "<string>", line 6, in <module>
  File "<string>", line 9, in ModelNew
  File "/home/lijiaxing/.conda/envs/api/lib/python3.10/site-packages/triton/runtime/jit.py", line 844, in jit
    return decorator(fn)
  File "/home/lijiaxing/.conda/envs/api/lib/python3.10/site-packages/triton/runtime/jit.py", line 832, in decorator
    return JITFunction(
  File "/home/lijiaxing/.conda/envs/api/lib/python3.10/site-packages/triton/runtime/jit.py", line 635, in __init__
    self.starting_line_number = inspect.getsourcelines(fn)[1]
  File "/home/lijiaxing/.conda/envs/api/lib/python3.10/inspect.py", line 1121, in getsourcelines
    lines, lnum = findsource(object)
  File "/home/lijiaxing/.conda/envs/api/lib/python3.10/inspect.py", line 958, in findsource
    raise OSError('could not get source code')
OSError: could not get source code
, exit_code=1
2025-08-08 04:14:43,830 - openevolve.threaded_parallel - INFO - Checkpoint interval reached at iteration 21
2025-08-08 04:14:43,832 - openevolve.database - INFO - Island Status:
2025-08-08 04:14:43,832 - openevolve.database - INFO -    Island 0: 9 programs, best=20.0000, avg=4.0000, diversity=3659.97, gen=7 (best: 7d651b2f-ac55-4a6c-b743-b2d09ed758b6)
2025-08-08 04:14:43,832 - openevolve.database - INFO -  * Island 1: 7 programs, best=-100.0000, avg=-100.0000, diversity=29.18, gen=8 (best: bb824447-0974-4d36-958e-078e37d580ed)
2025-08-08 04:14:43,833 - openevolve.database - INFO -    Island 2: 6 programs, best=1.0000, avg=-49.5000, diversity=3201.33, gen=6 (best: 45d52386-851c-46fc-8dba-e08e02bafe53)
2025-08-08 04:14:44,110 - openevolve.database - INFO - Saved database with 22 programs to openevolve_output/level3_29_SwinMLP/checkpoints/checkpoint_21
2025-08-08 04:14:44,119 - openevolve.controller - INFO - Saved best program at checkpoint 21 with metrics: compiled=1.0000, correctness=1.0000, stage=success, passed=0.0000, score=20.0000, speed_up=0.9500, runtime_ms=4.8100, meta={'hardware': 'NVIDIA L20Y', 'device': 'cuda:0', 'correctness_trials': '(5 / 5)', 'reference_timing_ms': 4.57, 'speed_up': 0.95, 'custom_timing': 4.81}
2025-08-08 04:14:44,120 - openevolve.controller - INFO - Saved checkpoint at iteration 21 to openevolve_output/level3_29_SwinMLP/checkpoints/checkpoint_21
2025-08-08 04:14:51,306 - openevolve.RemoteSpeedupEvaluator - INFO - [level3_29_SwinMLP] âœ˜ invalid_answer 'import triton' is not found
2025-08-08 04:14:51,306 - openevolve.evaluator - INFO - Evaluated program 8f33734f-e8a6-4ca4-9b67-70c66e40bc14 in 0.00s: compiled=0.0000, correctness=0.0000, score=-100.0000, stage=no_valid_triton_code, feedback=You need to generate real and valid triton code for the core function. The key word 'import triton' is not found.
2025-08-08 04:14:51,310 - openevolve.llm.ensemble - INFO - Sampled model: deepseek
2025-08-08 04:14:51,318 - openevolve.threaded_parallel - INFO - Iteration 23: Program 8f33734f-e8a6-4ca4-9b67-70c66e40bc14 (parent: ae0107e8-6ce2-4ccf-92e2-6276b058daa7) completed in 7.49s
2025-08-08 04:14:51,318 - openevolve.threaded_parallel - INFO - Metrics: compiled=0.0000, correctness=0.0000, score=-100.0000, stage=no_valid_triton_code, feedback=You need to generate real and valid triton code for the core function. The key word 'import triton' is not found.
2025-08-08 04:14:59,281 - openevolve.RemoteSpeedupEvaluator - INFO - [level3_29_SwinMLP] âœ˜ invalid_answer 'import triton' is not found
2025-08-08 04:14:59,282 - openevolve.evaluator - INFO - Evaluated program 39652ac8-cac3-4543-a51e-f6c6985f9f1c in 0.00s: compiled=0.0000, correctness=0.0000, score=-100.0000, stage=no_valid_triton_code, feedback=You need to generate real and valid triton code for the core function. The key word 'import triton' is not found.
2025-08-08 04:14:59,286 - openevolve.llm.ensemble - INFO - Sampled model: deepseek
2025-08-08 04:14:59,294 - openevolve.threaded_parallel - INFO - Iteration 24: Program 39652ac8-cac3-4543-a51e-f6c6985f9f1c (parent: fa4fee52-695d-4c43-881d-fad1c24473bb) completed in 7.97s
2025-08-08 04:14:59,294 - openevolve.threaded_parallel - INFO - Metrics: compiled=0.0000, correctness=0.0000, score=-100.0000, stage=no_valid_triton_code, feedback=You need to generate real and valid triton code for the core function. The key word 'import triton' is not found.
2025-08-08 04:14:59,294 - openevolve.threaded_parallel - INFO - Checkpoint interval reached at iteration 24
2025-08-08 04:14:59,296 - openevolve.database - INFO - Island Status:
2025-08-08 04:14:59,296 - openevolve.database - INFO -  * Island 0: 9 programs, best=20.0000, avg=4.0000, diversity=3659.97, gen=8 (best: 7d651b2f-ac55-4a6c-b743-b2d09ed758b6)
2025-08-08 04:14:59,296 - openevolve.database - INFO -    Island 1: 8 programs, best=-100.0000, avg=-100.0000, diversity=29.18, gen=8 (best: bb824447-0974-4d36-958e-078e37d580ed)
2025-08-08 04:14:59,297 - openevolve.database - INFO -    Island 2: 7 programs, best=1.0000, avg=-56.7143, diversity=4284.70, gen=7 (best: 45d52386-851c-46fc-8dba-e08e02bafe53)
2025-08-08 04:14:59,629 - openevolve.database - INFO - Saved database with 24 programs to openevolve_output/level3_29_SwinMLP/checkpoints/checkpoint_24
2025-08-08 04:14:59,640 - openevolve.controller - INFO - Saved best program at checkpoint 24 with metrics: compiled=1.0000, correctness=1.0000, stage=success, passed=0.0000, score=20.0000, speed_up=0.9500, runtime_ms=4.8100, meta={'hardware': 'NVIDIA L20Y', 'device': 'cuda:0', 'correctness_trials': '(5 / 5)', 'reference_timing_ms': 4.57, 'speed_up': 0.95, 'custom_timing': 4.81}
2025-08-08 04:14:59,640 - openevolve.controller - INFO - Saved checkpoint at iteration 24 to openevolve_output/level3_29_SwinMLP/checkpoints/checkpoint_24
2025-08-08 04:15:07,032 - openevolve.RemoteSpeedupEvaluator - INFO - [level3_29_SwinMLP] âœ˜ invalid_answer 'import triton' is not found
2025-08-08 04:15:07,033 - openevolve.evaluator - INFO - Evaluated program b6bd50d1-7a16-41cd-8192-6ddbaa5e1abf in 0.00s: compiled=0.0000, correctness=0.0000, score=-100.0000, stage=no_valid_triton_code, feedback=You need to generate real and valid triton code for the core function. The key word 'import triton' is not found.
2025-08-08 04:15:07,037 - openevolve.llm.ensemble - INFO - Sampled model: deepseek
2025-08-08 04:15:07,041 - openevolve.threaded_parallel - INFO - Iteration 25: Program b6bd50d1-7a16-41cd-8192-6ddbaa5e1abf (parent: 12966f95-ac4f-42ba-bc73-988a1bdf7d00) completed in 7.75s
2025-08-08 04:15:07,041 - openevolve.threaded_parallel - INFO - Metrics: compiled=0.0000, correctness=0.0000, score=-100.0000, stage=no_valid_triton_code, feedback=You need to generate real and valid triton code for the core function. The key word 'import triton' is not found.
2025-08-08 04:18:04,297 - openevolve.RemoteSpeedupEvaluator - INFO - [level3_29_SwinMLP] âœ˜ invalid_answer 'import triton' is not found
2025-08-08 04:18:04,299 - openevolve.evaluator - INFO - Evaluated program c4b13603-9414-4739-84d2-2c9902841560 in 0.00s: compiled=0.0000, correctness=0.0000, score=-100.0000, stage=no_valid_triton_code, feedback=You need to generate real and valid triton code for the core function. The key word 'import triton' is not found.
2025-08-08 04:18:04,303 - openevolve.llm.ensemble - INFO - Sampled model: deepseek
2025-08-08 04:18:04,306 - openevolve.database - INFO - Population size (26) exceeds limit (25), removing 1 programs
2025-08-08 04:18:04,306 - openevolve.database - INFO - Population size after cleanup: 25
2025-08-08 04:18:04,306 - openevolve.database - INFO - Cleaned up 1 stale island best program references
2025-08-08 04:18:04,313 - openevolve.threaded_parallel - INFO - Iteration 22: Program c4b13603-9414-4739-84d2-2c9902841560 (parent: 12966f95-ac4f-42ba-bc73-988a1bdf7d00) completed in 411.99s
2025-08-08 04:18:04,314 - openevolve.threaded_parallel - INFO - Metrics: compiled=0.0000, correctness=0.0000, score=-100.0000, stage=no_valid_triton_code, feedback=You need to generate real and valid triton code for the core function. The key word 'import triton' is not found.
2025-08-08 04:18:12,538 - openevolve.RemoteSpeedupEvaluator - INFO - [level3_29_SwinMLP] âœ˜ invalid_answer 'import triton' is not found
2025-08-08 04:18:12,539 - openevolve.evaluator - INFO - Evaluated program 42faac8c-6c0b-4036-b323-81ad79b405b7 in 0.00s: compiled=0.0000, correctness=0.0000, score=-100.0000, stage=no_valid_triton_code, feedback=You need to generate real and valid triton code for the core function. The key word 'import triton' is not found.
2025-08-08 04:18:12,543 - openevolve.llm.ensemble - INFO - Sampled model: deepseek
2025-08-08 04:18:12,543 - openevolve.database - INFO - New MAP-Elites cell occupied: {'score': -1000, 'complexity': 0}
2025-08-08 04:18:12,544 - openevolve.database - INFO - Population size (26) exceeds limit (25), removing 1 programs
2025-08-08 04:18:12,544 - openevolve.database - INFO - Population size after cleanup: 25
2025-08-08 04:18:12,550 - openevolve.threaded_parallel - INFO - Iteration 27: Program 42faac8c-6c0b-4036-b323-81ad79b405b7 (parent: fa4fee52-695d-4c43-881d-fad1c24473bb) completed in 8.24s
2025-08-08 04:18:12,550 - openevolve.threaded_parallel - INFO - Metrics: compiled=0.0000, correctness=0.0000, score=-100.0000, stage=no_valid_triton_code, feedback=You need to generate real and valid triton code for the core function. The key word 'import triton' is not found.
2025-08-08 04:18:12,550 - openevolve.threaded_parallel - INFO - Checkpoint interval reached at iteration 27
2025-08-08 04:18:12,552 - openevolve.database - INFO - Island Status:
2025-08-08 04:18:12,553 - openevolve.database - INFO -  * Island 0: 10 programs, best=20.0000, avg=-6.4000, diversity=3659.97, gen=9 (best: 7d651b2f-ac55-4a6c-b743-b2d09ed758b6)
2025-08-08 04:18:12,553 - openevolve.database - INFO -    Island 1: 7 programs, best=-100.0000, avg=-100.0000, diversity=26.55, gen=9 (best: 818ebffd-0673-4e1e-af80-50069bb7b438)
2025-08-08 04:18:12,553 - openevolve.database - INFO -    Island 2: 8 programs, best=1.0000, avg=-62.1250, diversity=3241.20, gen=8 (best: 45d52386-851c-46fc-8dba-e08e02bafe53)
2025-08-08 04:18:12,831 - openevolve.database - INFO - Saved database with 25 programs to openevolve_output/level3_29_SwinMLP/checkpoints/checkpoint_27
2025-08-08 04:18:12,841 - openevolve.controller - INFO - Saved best program at checkpoint 27 with metrics: compiled=1.0000, correctness=1.0000, stage=success, passed=0.0000, score=20.0000, speed_up=0.9500, runtime_ms=4.8100, meta={'hardware': 'NVIDIA L20Y', 'device': 'cuda:0', 'correctness_trials': '(5 / 5)', 'reference_timing_ms': 4.57, 'speed_up': 0.95, 'custom_timing': 4.81}
2025-08-08 04:18:12,841 - openevolve.controller - INFO - Saved checkpoint at iteration 27 to openevolve_output/level3_29_SwinMLP/checkpoints/checkpoint_27
2025-08-08 04:18:20,163 - openevolve.RemoteSpeedupEvaluator - INFO - [level3_29_SwinMLP] âœ˜ invalid_answer 'import triton' is not found
2025-08-08 04:18:20,163 - openevolve.evaluator - INFO - Evaluated program 10c066e0-44a0-47d1-bacb-468171a669cf in 0.00s: compiled=0.0000, correctness=0.0000, score=-100.0000, stage=no_valid_triton_code, feedback=You need to generate real and valid triton code for the core function. The key word 'import triton' is not found.
2025-08-08 04:18:20,164 - openevolve.database - INFO - Population size (26) exceeds limit (25), removing 1 programs
2025-08-08 04:18:20,167 - openevolve.database - INFO - Population size after cleanup: 25
2025-08-08 04:18:20,168 - openevolve.llm.ensemble - INFO - Sampled model: deepseek
2025-08-08 04:18:20,174 - openevolve.threaded_parallel - INFO - Iteration 28: Program 10c066e0-44a0-47d1-bacb-468171a669cf (parent: 7d847ee2-c7d2-4d94-bfbb-dc4b248c466f) completed in 7.62s
2025-08-08 04:18:20,174 - openevolve.threaded_parallel - INFO - Metrics: compiled=0.0000, correctness=0.0000, score=-100.0000, stage=no_valid_triton_code, feedback=You need to generate real and valid triton code for the core function. The key word 'import triton' is not found.
2025-08-08 04:18:28,086 - openevolve.RemoteSpeedupEvaluator - INFO - [level3_29_SwinMLP] âœ˜ invalid_answer 'import triton' is not found
2025-08-08 04:18:28,087 - openevolve.evaluator - INFO - Evaluated program 48233165-37c5-43ce-825d-9e92bb88bcc2 in 0.00s: compiled=0.0000, correctness=0.0000, score=-100.0000, stage=no_valid_triton_code, feedback=You need to generate real and valid triton code for the core function. The key word 'import triton' is not found.
2025-08-08 04:18:28,090 - openevolve.database - INFO - Population size (26) exceeds limit (25), removing 1 programs
2025-08-08 04:18:28,090 - openevolve.database - INFO - Population size after cleanup: 25
2025-08-08 04:18:28,106 - openevolve.threaded_parallel - INFO - Iteration 29: Program 48233165-37c5-43ce-825d-9e92bb88bcc2 (parent: 7d651b2f-ac55-4a6c-b743-b2d09ed758b6) completed in 7.92s
2025-08-08 04:18:28,106 - openevolve.threaded_parallel - INFO - Metrics: compiled=0.0000, correctness=0.0000, score=-100.0000, stage=no_valid_triton_code, feedback=You need to generate real and valid triton code for the core function. The key word 'import triton' is not found.
2025-08-08 04:18:47,998 - openevolve.RemoteSpeedupEvaluator - INFO - [level3_29_SwinMLP] triton key words check pass
2025-08-08 04:18:48,000 - openevolve.RemoteSpeedupEvaluator - INFO - [level3_29_SwinMLP] verify_plus payload: reference_code(15938 chars) + custom_code(18098 chars)
2025-08-08 04:18:50,478 - openevolve.RemoteSpeedupEvaluator - INFO - [level3_29_SwinMLP] verify_plus request success
2025-08-08 04:18:50,478 - openevolve.RemoteSpeedupEvaluator - INFO - [level3_29_SwinMLP] verify_plus response: {"id":"level3_29_SwinMLP","result":{"compiled":false,"correctness":false,"metadata":{"hardware":"NVIDIA L20Y","device":"cuda:2","compilation_error_name":"builtins.SyntaxError","compilation_error":"invalid syntax. Perhaps you forgot a comma? (tmpncrxnsga.py, line 200)","reference_timing_ms":4.57,"speed_up":-1.0,"custom_timing":-1.0},"runtime":-1.0,"runtime_stats":{}}}
2025-08-08 04:18:50,479 - openevolve.RemoteSpeedupEvaluator - INFO - [level3_29_SwinMLP] âœ˜ compile_error
2025-08-08 04:18:50,479 - openevolve.RemoteSpeedupEvaluator - INFO - [level3_29_SwinMLP_c8ed40] execute payload: {id:level3_29_SwinMLP_c8ed40, device_type:NV_LY_20}
2025-08-08 04:18:52,507 - openevolve.RemoteSpeedupEvaluator - INFO - [level3_29_SwinMLP_c8ed40] execute request success
2025-08-08 04:18:52,507 - openevolve.RemoteSpeedupEvaluator - INFO - [level3_29_SwinMLP_c8ed40] execute response: {"id":"level3_29_SwinMLP_c8ed40","exit_code":"1","content":"[Child] ç»‘å®š GPU 3, torch sees 1 device(s)\n\n[Exception]\nTraceback (most recent call last):\n  File \"/cpfs01/shared/llm_kernel/hujiakai/KernelLLM/validation_api_server/code_executor.py\", line 71, in _exec_worker\n    exec(textwrap.dedent(code_src), mod.__dict__)\n  File \"<string>\", line 200\n    spatial_mlp_windows = spatial_mlp_windows.reshape(-1, self.window_size, self.window_sizeæž C)\n                                                                            ^^^^^^^^^^^^^^^^^^^\nSyntaxError: invalid syntax. Perhaps you forgot a comma?\n"}
2025-08-08 04:18:52,508 - openevolve.evaluator - INFO - Evaluated program 86e7ed6d-4c73-4942-9bfc-30b257fe33f9 in 4.51s: compiled=0.0000, correctness=0.0000, score=1.0000, stage=compile_error, compile_log=, exec_log=[Child] ç»‘å®š GPU 3, torch sees 1 device(s)

[Exception]
Traceback (most recent call last):
  File "/cpfs01/shared/llm_kernel/hujiakai/KernelLLM/validation_api_server/code_executor.py", line 71, in _exec_worker
    exec(textwrap.dedent(code_src), mod.__dict__)
  File "<string>", line 200
    spatial_mlp_windows = spatial_mlp_windows.reshape(-1, self.window_size, self.window_sizeæž C)
                                                                            ^^^^^^^^^^^^^^^^^^^
SyntaxError: invalid syntax. Perhaps you forgot a comma?
, exit_code=1
2025-08-08 04:18:52,510 - openevolve.database - INFO - Population size (26) exceeds limit (25), removing 1 programs
2025-08-08 04:18:52,510 - openevolve.database - INFO - Population size after cleanup: 25
2025-08-08 04:18:52,528 - openevolve.threaded_parallel - INFO - Iteration 19: Program 86e7ed6d-4c73-4942-9bfc-30b257fe33f9 (parent: 45d52386-851c-46fc-8dba-e08e02bafe53) completed in 575.84s
2025-08-08 04:18:52,528 - openevolve.threaded_parallel - INFO - Metrics: compiled=0.0000, correctness=0.0000, score=1.0000, stage=compile_error, compile_log=, exec_log=[Child] ç»‘å®š GPU 3, torch sees 1 device(s)

[Exception]
Traceback (most recent call last):
  File "/cpfs01/shared/llm_kernel/hujiakai/KernelLLM/validation_api_server/code_executor.py", line 71, in _exec_worker
    exec(textwrap.dedent(code_src), mod.__dict__)
  File "<string>", line 200
    spatial_mlp_windows = spatial_mlp_windows.reshape(-1, self.window_size, self.window_sizeæž C)
                                                                            ^^^^^^^^^^^^^^^^^^^
SyntaxError: invalid syntax. Perhaps you forgot a comma?
, exit_code=1
2025-08-08 04:18:55,201 - openevolve.RemoteSpeedupEvaluator - INFO - [level3_29_SwinMLP] triton key words check pass
2025-08-08 04:18:55,201 - openevolve.RemoteSpeedupEvaluator - INFO - [level3_29_SwinMLP] verify_plus payload: reference_code(15938 chars) + custom_code(23916 chars)
2025-08-08 04:18:57,681 - openevolve.RemoteSpeedupEvaluator - INFO - [level3_29_SwinMLP] verify_plus request success
2025-08-08 04:18:57,681 - openevolve.RemoteSpeedupEvaluator - INFO - [level3_29_SwinMLP] verify_plus response: {"id":"level3_29_SwinMLP","result":{"compiled":false,"correctness":false,"metadata":{"hardware":"NVIDIA L20Y","device":"cuda:4","compilation_error_name":"builtins.SyntaxError","compilation_error":"invalid decimal literal (tmp10bup74d.py, line 411)","reference_timing_ms":4.57,"speed_up":-1.0,"custom_timing":-1.0},"runtime":-1.0,"runtime_stats":{}}}
2025-08-08 04:18:57,682 - openevolve.RemoteSpeedupEvaluator - INFO - [level3_29_SwinMLP] âœ˜ compile_error
2025-08-08 04:18:57,682 - openevolve.RemoteSpeedupEvaluator - INFO - [level3_29_SwinMLP_cde14d] execute payload: {id:level3_29_SwinMLP_cde14d, device_type:NV_LY_20}
2025-08-08 04:18:59,796 - openevolve.RemoteSpeedupEvaluator - INFO - [level3_29_SwinMLP_cde14d] execute request success
2025-08-08 04:18:59,796 - openevolve.RemoteSpeedupEvaluator - INFO - [level3_29_SwinMLP_cde14d] execute response: {"id":"level3_29_SwinMLP_cde14d","exit_code":"1","content":"[Child] ç»‘å®š GPU 5, torch sees 1 device(s)\n\n[Exception]\nTraceback (most recent call last):\n  File \"/cpfs01/shared/llm_kernel/hujiakai/KernelLLM/validation_api_server/code_executor.py\", line 71, in _exec_worker\n    exec(textwrap.dedent(code_src), mod.__dict__)\n  File \"<string>\", line 411\n    1. The kernel uses 4D grid (n_batch, num_heads, window_size_sq, triton.cdiv(c_per_head, 128)) which might be too high-dimensional and cause issues.\n                       ^\nSyntaxError: invalid decimal literal\n"}
2025-08-08 04:18:59,797 - openevolve.evaluator - INFO - Evaluated program 757a4d2a-a2b1-48a6-86e5-c8940472e740 in 4.60s: compiled=0.0000, correctness=0.0000, score=1.0000, stage=compile_error, compile_log=, exec_log=[Child] ç»‘å®š GPU 5, torch sees 1 device(s)

[Exception]
Traceback (most recent call last):
  File "/cpfs01/shared/llm_kernel/hujiakai/KernelLLM/validation_api_server/code_executor.py", line 71, in _exec_worker
    exec(textwrap.dedent(code_src), mod.__dict__)
  File "<string>", line 411
    1. The kernel uses 4D grid (n_batch, num_heads, window_size_sq, triton.cdiv(c_per_head, 128)) which might be too high-dimensional and cause issues.
                       ^
SyntaxError: invalid decimal literal
, exit_code=1
2025-08-08 04:18:59,799 - openevolve.database - INFO - New MAP-Elites cell occupied: {'score': 9, 'complexity': 1}
2025-08-08 04:18:59,799 - openevolve.database - INFO - Population size (26) exceeds limit (25), removing 1 programs
2025-08-08 04:18:59,799 - openevolve.database - INFO - Population size after cleanup: 25
2025-08-08 04:18:59,811 - openevolve.threaded_parallel - INFO - Iteration 26: Program 757a4d2a-a2b1-48a6-86e5-c8940472e740 (parent: 39828dff-fa9c-4a97-82fd-dd6773439f3c) completed in 232.76s
2025-08-08 04:18:59,811 - openevolve.threaded_parallel - INFO - Metrics: compiled=0.0000, correctness=0.0000, score=1.0000, stage=compile_error, compile_log=, exec_log=[Child] ç»‘å®š GPU 5, torch sees 1 device(s)

[Exception]
Traceback (most recent call last):
  File "/cpfs01/shared/llm_kernel/hujiakai/KernelLLM/validation_api_server/code_executor.py", line 71, in _exec_worker
    exec(textwrap.dedent(code_src), mod.__dict__)
  File "<string>", line 411
    1. The kernel uses 4D grid (n_batch, num_heads, window_size_sq, triton.cdiv(c_per_head, 128)) which might be too high-dimensional and cause issues.
                       ^
SyntaxError: invalid decimal literal
, exit_code=1
2025-08-08 04:18:59,811 - openevolve.threaded_parallel - INFO - Evolution completed
2025-08-08 04:18:59,820 - openevolve.threaded_parallel - INFO - Stopped thread pool
2025-08-08 04:18:59,820 - openevolve.threaded_parallel - INFO - Stopped improved parallel controller
2025-08-08 04:18:59,820 - openevolve.controller - INFO - Using tracked best program: 7d651b2f-ac55-4a6c-b743-b2d09ed758b6
2025-08-08 04:18:59,820 - openevolve.controller - INFO - Evolution complete. Best program has metrics: compiled=1.0000, correctness=1.0000, stage=success, passed=0.0000, score=20.0000, speed_up=0.9500, runtime_ms=4.8100, meta={'hardware': 'NVIDIA L20Y', 'device': 'cuda:0', 'correctness_trials': '(5 / 5)', 'reference_timing_ms': 4.57, 'speed_up': 0.95, 'custom_timing': 4.81}
2025-08-08 04:18:59,835 - openevolve.controller - INFO - Saved best program to openevolve_output/level3_29_SwinMLP/best/best_program.py with program info to openevolve_output/level3_29_SwinMLP/best/best_program_info.json
2025-08-08 04:18:59,836 - __main__ - INFO - âœ… å®Œæˆ level3_29_SwinMLP
2025-08-08 04:18:59,836 - __main__ - INFO - ======================================================================
2025-08-08 04:18:59,836 - __main__ - INFO - ðŸš€ [6/7] å¼€å§‹ level4_10_google-bigbird-roberta-base_bs1024_seq32
2025-08-08 04:18:59,836 - __main__ - INFO - ======================================================================
2025-08-08 04:18:59,888 - openevolve.controller - INFO - Logging to openevolve_output/level4_10_google-bigbird-roberta-base_bs1024_seq32/logs/openevolve_20250808_041859.log
2025-08-08 04:18:59,888 - openevolve.controller - INFO - Set random seed to 42 for reproducibility
2025-08-08 04:18:59,928 - openevolve.llm.ensemble - INFO - Initialized LLM ensemble with models: deepseek (weight: 0.80), deepseek (weight: 0.20)
2025-08-08 04:18:59,968 - openevolve.llm.ensemble - INFO - Initialized LLM ensemble with models: deepseek (weight: 0.80), deepseek (weight: 0.20)
2025-08-08 04:18:59,968 - openevolve.prompt.sampler - INFO - Set custom templates: system=evaluator_system_message, user=None
2025-08-08 04:18:59,969 - openevolve.database - INFO - Initialized program database with 0 programs
2025-08-08 04:18:59,990 - openevolve.evaluator - INFO - Successfully loaded evaluation function from openevolve_output/level4_10_google-bigbird-roberta-base_bs1024_seq32/evaluation.py
2025-08-08 04:18:59,991 - openevolve.evaluator - INFO - Initialized evaluator with openevolve_output/level4_10_google-bigbird-roberta-base_bs1024_seq32/evaluation.py
2025-08-08 04:18:59,991 - openevolve.controller - INFO - Initialized OpenEvolve with /tmp/37f546a0d74b95e2e5f220576f48ca25.py
2025-08-08 04:18:59,991 - openevolve.controller - INFO - Adding initial program to database
2025-08-08 04:18:59,992 - openevolve.RemoteSpeedupEvaluator - INFO - [level4_10_google-bigbird-roberta-base_bs1024_seq32] verify_plus payload: reference_code(727 chars) + custom_code(848 chars)
2025-08-08 04:19:02,386 - openevolve.RemoteSpeedupEvaluator - INFO - [level4_10_google-bigbird-roberta-base_bs1024_seq32] verify_plus request success
2025-08-08 04:19:02,387 - openevolve.RemoteSpeedupEvaluator - INFO - [level4_10_google-bigbird-roberta-base_bs1024_seq32] verify_plus response: {"id":"level4_10_google-bigbird-roberta-base_bs1024_seq32","result":{"error":"No module named 'transformers'\nTraceback (most recent call last):\n  File \"/cpfs01/shared/llm_kernel/hujiakai/KernelLLM/validation_api_server/evaluator.py\", line 92, in _measure_perf_worker\n    exec(textwrap.dedent(code_src), temp_module.__dict__)\n  File \"<string>\", line 3, in <module>\nModuleNotFoundError: No module named 'transformers'\n"}}
2025-08-08 04:19:02,387 - openevolve.evaluator - WARNING - Evaluation attempt 1/4 failed for program 952c01cf-621d-440b-820b-e62de9755645: Error: The reference code is not valid or correct. The verify result is: {'error': 'No module named \'transformers\'\nTraceback (most recent call last):\n  File "/cpfs01/shared/llm_kernel/hujiakai/KernelLLM/validation_api_server/evaluator.py", line 92, in _measure_perf_worker\n    exec(textwrap.dedent(code_src), temp_module.__dict__)\n  File "<string>", line 3, in <module>\nModuleNotFoundError: No module named \'transformers\'\n'}
2025-08-08 04:19:03,394 - openevolve.RemoteSpeedupEvaluator - INFO - [level4_10_google-bigbird-roberta-base_bs1024_seq32] verify_plus payload: reference_code(727 chars) + custom_code(848 chars)
2025-08-08 04:19:05,728 - openevolve.RemoteSpeedupEvaluator - INFO - [level4_10_google-bigbird-roberta-base_bs1024_seq32] verify_plus request success
2025-08-08 04:19:05,729 - openevolve.RemoteSpeedupEvaluator - INFO - [level4_10_google-bigbird-roberta-base_bs1024_seq32] verify_plus response: {"id":"level4_10_google-bigbird-roberta-base_bs1024_seq32","result":{"error":"No module named 'transformers'\nTraceback (most recent call last):\n  File \"/cpfs01/shared/llm_kernel/hujiakai/KernelLLM/validation_api_server/evaluator.py\", line 92, in _measure_perf_worker\n    exec(textwrap.dedent(code_src), temp_module.__dict__)\n  File \"<string>\", line 3, in <module>\nModuleNotFoundError: No module named 'transformers'\n"}}
2025-08-08 04:19:05,729 - openevolve.evaluator - WARNING - Evaluation attempt 2/4 failed for program 952c01cf-621d-440b-820b-e62de9755645: Error: The reference code is not valid or correct. The verify result is: {'error': 'No module named \'transformers\'\nTraceback (most recent call last):\n  File "/cpfs01/shared/llm_kernel/hujiakai/KernelLLM/validation_api_server/evaluator.py", line 92, in _measure_perf_worker\n    exec(textwrap.dedent(code_src), temp_module.__dict__)\n  File "<string>", line 3, in <module>\nModuleNotFoundError: No module named \'transformers\'\n'}
2025-08-08 04:19:06,732 - openevolve.RemoteSpeedupEvaluator - INFO - [level4_10_google-bigbird-roberta-base_bs1024_seq32] verify_plus payload: reference_code(727 chars) + custom_code(848 chars)
2025-08-08 04:19:09,057 - openevolve.RemoteSpeedupEvaluator - INFO - [level4_10_google-bigbird-roberta-base_bs1024_seq32] verify_plus request success
2025-08-08 04:19:09,057 - openevolve.RemoteSpeedupEvaluator - INFO - [level4_10_google-bigbird-roberta-base_bs1024_seq32] verify_plus response: {"id":"level4_10_google-bigbird-roberta-base_bs1024_seq32","result":{"error":"No module named 'transformers'\nTraceback (most recent call last):\n  File \"/cpfs01/shared/llm_kernel/hujiakai/KernelLLM/validation_api_server/evaluator.py\", line 92, in _measure_perf_worker\n    exec(textwrap.dedent(code_src), temp_module.__dict__)\n  File \"<string>\", line 3, in <module>\nModuleNotFoundError: No module named 'transformers'\n"}}
2025-08-08 04:19:09,058 - openevolve.evaluator - WARNING - Evaluation attempt 3/4 failed for program 952c01cf-621d-440b-820b-e62de9755645: Error: The reference code is not valid or correct. The verify result is: {'error': 'No module named \'transformers\'\nTraceback (most recent call last):\n  File "/cpfs01/shared/llm_kernel/hujiakai/KernelLLM/validation_api_server/evaluator.py", line 92, in _measure_perf_worker\n    exec(textwrap.dedent(code_src), temp_module.__dict__)\n  File "<string>", line 3, in <module>\nModuleNotFoundError: No module named \'transformers\'\n'}
2025-08-08 04:19:10,061 - openevolve.RemoteSpeedupEvaluator - INFO - [level4_10_google-bigbird-roberta-base_bs1024_seq32] verify_plus payload: reference_code(727 chars) + custom_code(848 chars)
2025-08-08 04:19:12,425 - openevolve.RemoteSpeedupEvaluator - INFO - [level4_10_google-bigbird-roberta-base_bs1024_seq32] verify_plus request success
2025-08-08 04:19:12,425 - openevolve.RemoteSpeedupEvaluator - INFO - [level4_10_google-bigbird-roberta-base_bs1024_seq32] verify_plus response: {"id":"level4_10_google-bigbird-roberta-base_bs1024_seq32","result":{"error":"No module named 'transformers'\nTraceback (most recent call last):\n  File \"/cpfs01/shared/llm_kernel/hujiakai/KernelLLM/validation_api_server/evaluator.py\", line 92, in _measure_perf_worker\n    exec(textwrap.dedent(code_src), temp_module.__dict__)\n  File \"<string>\", line 3, in <module>\nModuleNotFoundError: No module named 'transformers'\n"}}
2025-08-08 04:19:12,426 - openevolve.evaluator - WARNING - Evaluation attempt 4/4 failed for program 952c01cf-621d-440b-820b-e62de9755645: Error: The reference code is not valid or correct. The verify result is: {'error': 'No module named \'transformers\'\nTraceback (most recent call last):\n  File "/cpfs01/shared/llm_kernel/hujiakai/KernelLLM/validation_api_server/evaluator.py", line 92, in _measure_perf_worker\n    exec(textwrap.dedent(code_src), temp_module.__dict__)\n  File "<string>", line 3, in <module>\nModuleNotFoundError: No module named \'transformers\'\n'}
2025-08-08 04:19:12,426 - openevolve.evaluator - ERROR - All evaluation attempts failed for program 952c01cf-621d-440b-820b-e62de9755645. Last error: Error: The reference code is not valid or correct. The verify result is: {'error': 'No module named \'transformers\'\nTraceback (most recent call last):\n  File "/cpfs01/shared/llm_kernel/hujiakai/KernelLLM/validation_api_server/evaluator.py", line 92, in _measure_perf_worker\n    exec(textwrap.dedent(code_src), temp_module.__dict__)\n  File "<string>", line 3, in <module>\nModuleNotFoundError: No module named \'transformers\'\n'}
2025-08-08 04:19:12,427 - __main__ - ERROR - ðŸ’¥ å¤±è´¥ level4_10_google-bigbird-roberta-base_bs1024_seq32: 'score'
2025-08-08 04:19:12,427 - __main__ - INFO - ======================================================================
2025-08-08 04:19:12,427 - __main__ - INFO - ðŸš€ [7/7] å¼€å§‹ level5_6_hunyuanvideo_vae_encoder
2025-08-08 04:19:12,427 - __main__ - INFO - ======================================================================
2025-08-08 04:19:12,513 - openevolve.controller - INFO - Logging to openevolve_output/level5_6_hunyuanvideo_vae_encoder/logs/openevolve_20250808_041912.log
2025-08-08 04:19:12,513 - openevolve.controller - INFO - Set random seed to 42 for reproducibility
2025-08-08 04:19:12,553 - openevolve.llm.ensemble - INFO - Initialized LLM ensemble with models: deepseek (weight: 0.80), deepseek (weight: 0.20)
2025-08-08 04:19:12,591 - openevolve.llm.ensemble - INFO - Initialized LLM ensemble with models: deepseek (weight: 0.80), deepseek (weight: 0.20)
2025-08-08 04:19:12,591 - openevolve.prompt.sampler - INFO - Set custom templates: system=evaluator_system_message, user=None
2025-08-08 04:19:12,592 - openevolve.database - INFO - Initialized program database with 0 programs
2025-08-08 04:19:12,651 - openevolve.evaluator - INFO - Successfully loaded evaluation function from openevolve_output/level5_6_hunyuanvideo_vae_encoder/evaluation.py
2025-08-08 04:19:12,652 - openevolve.evaluator - INFO - Initialized evaluator with openevolve_output/level5_6_hunyuanvideo_vae_encoder/evaluation.py
2025-08-08 04:19:12,652 - openevolve.controller - INFO - Initialized OpenEvolve with /tmp/616cc5185310e43ae7d60f903b0b89af.py
2025-08-08 04:19:12,652 - openevolve.controller - INFO - Adding initial program to database
2025-08-08 04:19:12,653 - openevolve.RemoteSpeedupEvaluator - INFO - [level5_6_hunyuanvideo_vae_encoder] verify_plus payload: reference_code(32631 chars) + custom_code(32752 chars)
2025-08-08 04:19:14,921 - openevolve.RemoteSpeedupEvaluator - INFO - [level5_6_hunyuanvideo_vae_encoder] verify_plus request success
2025-08-08 04:19:14,921 - openevolve.RemoteSpeedupEvaluator - INFO - [level5_6_hunyuanvideo_vae_encoder] verify_plus response: {"id":"level5_6_hunyuanvideo_vae_encoder","result":{"error":"No module named 'diffusers'\nTraceback (most recent call last):\n  File \"/cpfs01/shared/llm_kernel/hujiakai/KernelLLM/validation_api_server/evaluator.py\", line 92, in _measure_perf_worker\n    exec(textwrap.dedent(code_src), temp_module.__dict__)\n  File \"<string>\", line 27, in <module>\nModuleNotFoundError: No module named 'diffusers'\n"}}
2025-08-08 04:19:14,922 - openevolve.evaluator - WARNING - Evaluation attempt 1/4 failed for program 5b6cb59c-a86c-41d4-845e-3cdc5168a2cc: Error: The reference code is not valid or correct. The verify result is: {'error': 'No module named \'diffusers\'\nTraceback (most recent call last):\n  File "/cpfs01/shared/llm_kernel/hujiakai/KernelLLM/validation_api_server/evaluator.py", line 92, in _measure_perf_worker\n    exec(textwrap.dedent(code_src), temp_module.__dict__)\n  File "<string>", line 27, in <module>\nModuleNotFoundError: No module named \'diffusers\'\n'}
2025-08-08 04:19:15,924 - openevolve.RemoteSpeedupEvaluator - INFO - [level5_6_hunyuanvideo_vae_encoder] verify_plus payload: reference_code(32631 chars) + custom_code(32752 chars)
2025-08-08 04:19:18,380 - openevolve.RemoteSpeedupEvaluator - INFO - [level5_6_hunyuanvideo_vae_encoder] verify_plus request success
2025-08-08 04:19:18,382 - openevolve.RemoteSpeedupEvaluator - INFO - [level5_6_hunyuanvideo_vae_encoder] verify_plus response: {"id":"level5_6_hunyuanvideo_vae_encoder","result":{"error":"No module named 'diffusers'\nTraceback (most recent call last):\n  File \"/cpfs01/shared/llm_kernel/hujiakai/KernelLLM/validation_api_server/evaluator.py\", line 92, in _measure_perf_worker\n    exec(textwrap.dedent(code_src), temp_module.__dict__)\n  File \"<string>\", line 27, in <module>\nModuleNotFoundError: No module named 'diffusers'\n"}}
2025-08-08 04:19:18,382 - openevolve.evaluator - WARNING - Evaluation attempt 2/4 failed for program 5b6cb59c-a86c-41d4-845e-3cdc5168a2cc: Error: The reference code is not valid or correct. The verify result is: {'error': 'No module named \'diffusers\'\nTraceback (most recent call last):\n  File "/cpfs01/shared/llm_kernel/hujiakai/KernelLLM/validation_api_server/evaluator.py", line 92, in _measure_perf_worker\n    exec(textwrap.dedent(code_src), temp_module.__dict__)\n  File "<string>", line 27, in <module>\nModuleNotFoundError: No module named \'diffusers\'\n'}
2025-08-08 04:19:19,385 - openevolve.RemoteSpeedupEvaluator - INFO - [level5_6_hunyuanvideo_vae_encoder] verify_plus payload: reference_code(32631 chars) + custom_code(32752 chars)
2025-08-08 04:19:21,642 - openevolve.RemoteSpeedupEvaluator - INFO - [level5_6_hunyuanvideo_vae_encoder] verify_plus request success
2025-08-08 04:19:21,642 - openevolve.RemoteSpeedupEvaluator - INFO - [level5_6_hunyuanvideo_vae_encoder] verify_plus response: {"id":"level5_6_hunyuanvideo_vae_encoder","result":{"error":"No module named 'diffusers'\nTraceback (most recent call last):\n  File \"/cpfs01/shared/llm_kernel/hujiakai/KernelLLM/validation_api_server/evaluator.py\", line 92, in _measure_perf_worker\n    exec(textwrap.dedent(code_src), temp_module.__dict__)\n  File \"<string>\", line 27, in <module>\nModuleNotFoundError: No module named 'diffusers'\n"}}
2025-08-08 04:19:21,643 - openevolve.evaluator - WARNING - Evaluation attempt 3/4 failed for program 5b6cb59c-a86c-41d4-845e-3cdc5168a2cc: Error: The reference code is not valid or correct. The verify result is: {'error': 'No module named \'diffusers\'\nTraceback (most recent call last):\n  File "/cpfs01/shared/llm_kernel/hujiakai/KernelLLM/validation_api_server/evaluator.py", line 92, in _measure_perf_worker\n    exec(textwrap.dedent(code_src), temp_module.__dict__)\n  File "<string>", line 27, in <module>\nModuleNotFoundError: No module named \'diffusers\'\n'}
2025-08-08 04:19:22,645 - openevolve.RemoteSpeedupEvaluator - INFO - [level5_6_hunyuanvideo_vae_encoder] verify_plus payload: reference_code(32631 chars) + custom_code(32752 chars)
2025-08-08 04:19:25,150 - openevolve.RemoteSpeedupEvaluator - INFO - [level5_6_hunyuanvideo_vae_encoder] verify_plus request success
2025-08-08 04:19:25,151 - openevolve.RemoteSpeedupEvaluator - INFO - [level5_6_hunyuanvideo_vae_encoder] verify_plus response: {"id":"level5_6_hunyuanvideo_vae_encoder","result":{"error":"No module named 'diffusers'\nTraceback (most recent call last):\n  File \"/cpfs01/shared/llm_kernel/hujiakai/KernelLLM/validation_api_server/evaluator.py\", line 92, in _measure_perf_worker\n    exec(textwrap.dedent(code_src), temp_module.__dict__)\n  File \"<string>\", line 27, in <module>\nModuleNotFoundError: No module named 'diffusers'\n"}}
2025-08-08 04:19:25,151 - openevolve.evaluator - WARNING - Evaluation attempt 4/4 failed for program 5b6cb59c-a86c-41d4-845e-3cdc5168a2cc: Error: The reference code is not valid or correct. The verify result is: {'error': 'No module named \'diffusers\'\nTraceback (most recent call last):\n  File "/cpfs01/shared/llm_kernel/hujiakai/KernelLLM/validation_api_server/evaluator.py", line 92, in _measure_perf_worker\n    exec(textwrap.dedent(code_src), temp_module.__dict__)\n  File "<string>", line 27, in <module>\nModuleNotFoundError: No module named \'diffusers\'\n'}
2025-08-08 04:19:25,152 - openevolve.evaluator - ERROR - All evaluation attempts failed for program 5b6cb59c-a86c-41d4-845e-3cdc5168a2cc. Last error: Error: The reference code is not valid or correct. The verify result is: {'error': 'No module named \'diffusers\'\nTraceback (most recent call last):\n  File "/cpfs01/shared/llm_kernel/hujiakai/KernelLLM/validation_api_server/evaluator.py", line 92, in _measure_perf_worker\n    exec(textwrap.dedent(code_src), temp_module.__dict__)\n  File "<string>", line 27, in <module>\nModuleNotFoundError: No module named \'diffusers\'\n'}
2025-08-08 04:19:25,153 - __main__ - ERROR - ðŸ’¥ å¤±è´¥ level5_6_hunyuanvideo_vae_encoder: 'score'
2025-08-08 04:19:25,153 - __main__ - INFO - ----------------------------------------------------------------------
2025-08-08 04:19:25,154 - __main__ - INFO - ðŸ“Š è¿›ç¨‹ rank=0 ç»“æŸ | æˆåŠŸ 5 | å¤±è´¥ 2
2025-08-08 04:19:25,154 - __main__ - INFO - ----------------------------------------------------------------------
