{"id": "a2709255-1f47-4c7e-b0e0-5e8a1f08d315", "code": "@triton.jit\n    def _conv2d_kernel(\n        ...\n    ):\n        ...\n        for i in tl.range(0, BLOCK_SIZE):\n            if mask[i]:\n                ...", "language": "python", "parent_id": "17b7398a-393f-4b4e-a8dc-95fa0b05fdbd", "generation": 2, "timestamp": 1754595899.8528645, "iteration_found": 23, "metrics": {"compiled": false, "correctness": false, "score": -100.0, "stage": "no_valid_triton_code", "feedback": "You need to generate real and valid triton code for the core function. The key word 'import triton' is not found."}, "complexity": 0.0, "diversity": 0.0, "metadata": {"changes": "Full rewrite", "parent_metrics": {"compiled": true, "correctness": false, "score": 10, "stage": "wrong_answer", "verify_payload": {"id": "level3_8_ResNetBasicBlock", "result": {"compiled": true, "correctness": false, "metadata": {"hardware": "NVIDIA L20Y", "device": "cuda:3", "runtime_error": "Traceback (most recent call last):\n  File \"/cpfs01/shared/llm_kernel/hujiakai/KernelLLM/validation_api_server/helpers/evaluations.py\", line 720, in run_and_check_correctness\n    output_new = model_new(*inputs)\n  File \"/home/lijiaxing/.conda/envs/api/lib/python3.10/site-packages/torch/nn/modules/module.py\", line 1773, in _wrapped_call_impl\n    return self._call_impl(*args, **kwargs)\n  File \"/home/lijiaxing/.conda/envs/api/lib/python3.10/site-packages/torch/nn/modules/module.py\", line 1784, in _call_impl\n    return forward_call(*args, **kwargs)\n  File \"/tmp/tmpxkjf7zd0.py\", line 115, in forward\n    out = self.conv1(x)\n  File \"/home/lijiaxing/.conda/envs/api/lib/python3.10/site-packages/torch/nn/modules/module.py\", line 1773, in _wrapped_call_impl\n    return self._call_impl(*args, **kwargs)\n  File \"/home/lijiaxing/.conda/envs/api/lib/python3.10/site-packages/torch/nn/modules/module.py\", line 1784, in _call_impl\n    return forward_call(*args, **kwargs)\n  File \"/tmp/tmpxkjf7zd0.py\", line 81, in forward\n    self._conv2d_kernel[grid](\n  File \"/home/lijiaxing/.conda/envs/api/lib/python3.10/site-packages/triton/runtime/jit.py\", line 390, in <lambda>\n    return lambda *args, **kwargs: self.run(grid=grid, warmup=False, *args, **kwargs)\n  File \"/home/lijiaxing/.conda/envs/api/lib/python3.10/site-packages/triton/runtime/jit.py\", line 594, in run\n    kernel = self.compile(src, target=target, options=options.__dict__)\n  File \"/home/lijiaxing/.conda/envs/api/lib/python3.10/site-packages/triton/compiler/compiler.py\", line 339, in compile\n    module = src.make_ir(options, codegen_fns, module_map, context)\n  File \"/home/lijiaxing/.conda/envs/api/lib/python3.10/site-packages/triton/compiler/compiler.py\", line 83, in make_ir\n    return ast_to_ttir(self.fn, self, context=context, options=options, codegen_fns=codegen_fns,\ntriton.compiler.errors.CompilationError: at 17:11:\n    stride_yb, stride_yc, stride_yh, stride_yw,\n    BLOCK_SIZE: tl.constexpr,\n    VEC_C: tl.constexpr\n):\n    pid = tl.program_id(0)\n    start_idx = pid * BLOCK_SIZE\n    offsets = start_idx + tl.arange(0, BLOCK_SIZE)\n    total_elements = B * C_out * ((H + 2*P - K)//S + 1) * ((W + 2*P - K)//S + 1)\n    mask = offsets < total_elements\n\n    for i in tl.range(0, BLOCK_SIZE):\n        if mask[i]:\n           ^\nValueError('Did you forget to add @triton.jit ? (`_semantic` argument must be provided outside of JIT functions.)')\n\n\nThe above exception was the direct cause of the following exception:\n\nTraceback (most recent call last):\n  File \"/home/lijiaxing/.conda/envs/api/lib/python3.10/site-packages/triton/language/core.py\", line 42, in wrapper\n    return fn(*args, **kwargs)\n  File \"/home/lijiaxing/.conda/envs/api/lib/python3.10/site-packages/triton/language/core.py\", line 1111, in __getitem__\n    for dim, sl in enumerate(slices):\n  File \"/home/lijiaxing/.conda/envs/api/lib/python3.10/site-packages/triton/language/core.py\", line 40, in wrapper\n    raise ValueError(\"Did you forget to add @triton.jit ? \"\nValueError: Did you forget to add @triton.jit ? (`_semantic` argument must be provided outside of JIT functions.)\n", "runtime_error_name": "triton.compiler.errors.CompilationError", "reference_timing_ms": 1.28, "speed_up": -1.0, "custom_timing": -1.0}, "runtime": -1.0, "runtime_stats": {}}}}, "island": 0}, "artifacts_json": null, "artifact_dir": null}