2025-08-08 02:49:48,788 - openevolve.controller - INFO - Logging to openevolve_output/level3_47_NetVladNoGhostClusters/logs/openevolve_20250808_024948.log
2025-08-08 02:49:48,788 - openevolve.controller - INFO - Set random seed to 42 for reproducibility
2025-08-08 02:49:48,827 - openevolve.llm.ensemble - INFO - Initialized LLM ensemble with models: deepseek (weight: 0.80), deepseek (weight: 0.20)
2025-08-08 02:49:48,866 - openevolve.llm.ensemble - INFO - Initialized LLM ensemble with models: deepseek (weight: 0.80), deepseek (weight: 0.20)
2025-08-08 02:49:48,866 - openevolve.prompt.sampler - INFO - Set custom templates: system=evaluator_system_message, user=None
2025-08-08 02:49:48,867 - openevolve.database - INFO - Initialized program database with 0 programs
2025-08-08 02:49:48,888 - openevolve.evaluator - INFO - Successfully loaded evaluation function from openevolve_output/level3_47_NetVladNoGhostClusters/evaluation.py
2025-08-08 02:49:48,889 - openevolve.evaluator - INFO - Initialized evaluator with openevolve_output/level3_47_NetVladNoGhostClusters/evaluation.py
2025-08-08 02:49:48,889 - openevolve.controller - INFO - Initialized OpenEvolve with /tmp/a95f42e669494a854f3b8ea345dc94ef.py
2025-08-08 02:49:48,889 - openevolve.controller - INFO - Adding initial program to database
2025-08-08 02:49:48,890 - openevolve.RemoteSpeedupEvaluator - INFO - [level3_47_NetVladNoGhostClusters] verify_plus payload: reference_code(3482 chars) + custom_code(3606 chars)
2025-08-08 02:49:54,355 - openevolve.RemoteSpeedupEvaluator - INFO - [level3_47_NetVladNoGhostClusters] verify_plus request success
2025-08-08 02:49:54,356 - openevolve.RemoteSpeedupEvaluator - INFO - [level3_47_NetVladNoGhostClusters] verify_plus response: {"id":"level3_47_NetVladNoGhostClusters","result":{"compiled":true,"correctness":true,"metadata":{"hardware":"NVIDIA L20Y","device":"cuda:7","correctness_trials":"(5 / 5)","reference_timing_ms":0.265,"speed_up":0.863,"custom_timing":0.307},"runtime":0.307,"runtime_stats":{"mean":0.307,"std":0.389,"min":0.243,"max":3.94,"num_trials":100,"hardware":"NVIDIA L20Y","device":"cuda:7"}}}
2025-08-08 02:49:54,356 - openevolve.evaluator - INFO - Evaluated program f5ec7d31-1f22-4405-aad0-f408f80b9c95 in 5.47s: compiled=1.0000, correctness=1.0000, stage=reference code, passed=0.0000, score=0.0000, speed_up=1.0000, runtime_ms=0.3070, meta={'hardware': 'NVIDIA L20Y', 'device': 'cuda:7', 'correctness_trials': '(5 / 5)', 'reference_timing_ms': 0.265, 'speed_up': 0.863, 'custom_timing': 0.307}
2025-08-08 02:49:54,356 - openevolve.database - INFO - New MAP-Elites cell occupied: {'score': 0, 'complexity': 3}
2025-08-08 02:49:54,376 - openevolve.threaded_parallel - INFO - Initializing threaded evaluation pool with 3 workers
2025-08-08 02:49:54,377 - openevolve.threaded_parallel - INFO - Started thread pool with 3 threads
2025-08-08 02:49:54,377 - openevolve.threaded_parallel - INFO - Started improved parallel controller
2025-08-08 02:49:54,377 - openevolve.controller - INFO - Using island-based evolution with 3 islands
2025-08-08 02:49:54,377 - openevolve.database - INFO - Island Status:
2025-08-08 02:49:54,378 - openevolve.database - INFO -  * Island 0: 1 programs, best=0.0000, avg=0.0000, diversity=0.00, gen=0 (best: f5ec7d31-1f22-4405-aad0-f408f80b9c95)
2025-08-08 02:49:54,378 - openevolve.database - INFO -    Island 1: 0 programs, best=0.0000, avg=0.0000, diversity=0.00, gen=0
2025-08-08 02:49:54,378 - openevolve.database - INFO -    Island 2: 0 programs, best=0.0000, avg=0.0000, diversity=0.00, gen=0
2025-08-08 02:49:54,378 - openevolve.threaded_parallel - INFO - Starting improved parallel evolution from iteration 0 for 30 iterations (total: 30)
2025-08-08 02:49:54,514 - openevolve.llm.ensemble - INFO - Initialized LLM ensemble with models: deepseek (weight: 0.80), deepseek (weight: 0.20)
2025-08-08 02:49:54,514 - openevolve.llm.ensemble - INFO - Initialized LLM ensemble with models: deepseek (weight: 0.80), deepseek (weight: 0.20)
2025-08-08 02:49:54,517 - openevolve.llm.ensemble - INFO - Initialized LLM ensemble with models: deepseek (weight: 0.80), deepseek (weight: 0.20)
2025-08-08 02:49:54,649 - openevolve.llm.ensemble - INFO - Initialized LLM ensemble with models: deepseek (weight: 0.80), deepseek (weight: 0.20)
2025-08-08 02:49:54,649 - openevolve.prompt.sampler - INFO - Set custom templates: system=evaluator_system_message, user=None
2025-08-08 02:49:54,652 - openevolve.llm.ensemble - INFO - Initialized LLM ensemble with models: deepseek (weight: 0.80), deepseek (weight: 0.20)
2025-08-08 02:49:54,652 - openevolve.evaluator - INFO - Successfully loaded evaluation function from openevolve_output/level3_47_NetVladNoGhostClusters/evaluation.py
2025-08-08 02:49:54,652 - openevolve.evaluator - INFO - Initialized evaluator with openevolve_output/level3_47_NetVladNoGhostClusters/evaluation.py
2025-08-08 02:49:54,652 - openevolve.prompt.sampler - INFO - Set custom templates: system=evaluator_system_message, user=None
2025-08-08 02:49:54,653 - openevolve.llm.ensemble - INFO - Initialized LLM ensemble with models: deepseek (weight: 0.80), deepseek (weight: 0.20)
2025-08-08 02:49:54,653 - openevolve.prompt.sampler - INFO - Set custom templates: system=evaluator_system_message, user=None
2025-08-08 02:49:54,654 - openevolve.llm.ensemble - INFO - Sampled model: deepseek
2025-08-08 02:49:54,655 - openevolve.evaluator - INFO - Successfully loaded evaluation function from openevolve_output/level3_47_NetVladNoGhostClusters/evaluation.py
2025-08-08 02:49:54,655 - openevolve.evaluator - INFO - Initialized evaluator with openevolve_output/level3_47_NetVladNoGhostClusters/evaluation.py
2025-08-08 02:49:54,656 - openevolve.evaluator - INFO - Successfully loaded evaluation function from openevolve_output/level3_47_NetVladNoGhostClusters/evaluation.py
2025-08-08 02:49:54,656 - openevolve.evaluator - INFO - Initialized evaluator with openevolve_output/level3_47_NetVladNoGhostClusters/evaluation.py
2025-08-08 02:49:54,657 - openevolve.llm.ensemble - INFO - Sampled model: deepseek
2025-08-08 02:49:54,658 - openevolve.llm.ensemble - INFO - Sampled model: deepseek
2025-08-08 02:59:54,377 - openevolve.RemoteSpeedupEvaluator - INFO - [level3_47_NetVladNoGhostClusters] âœ˜ invalid_answer 'import triton' is not found
2025-08-08 02:59:54,380 - openevolve.evaluator - INFO - Evaluated program 6b003b9f-26ab-44cd-9bda-48ca76eff38a in 0.00s: compiled=0.0000, correctness=0.0000, score=-100.0000, stage=no_valid_triton_code, feedback=You need to generate real and valid triton code for the core function. The key word 'import triton' is not found.
2025-08-08 02:59:54,383 - openevolve.llm.ensemble - INFO - Sampled model: deepseek
2025-08-08 02:59:54,390 - openevolve.database - INFO - New MAP-Elites cell occupied: {'score': -1000, 'complexity': 0}
2025-08-08 02:59:54,404 - openevolve.threaded_parallel - INFO - Iteration 2: Program 6b003b9f-26ab-44cd-9bda-48ca76eff38a (parent: f5ec7d31-1f22-4405-aad0-f408f80b9c95) completed in 599.72s
2025-08-08 02:59:54,404 - openevolve.threaded_parallel - INFO - Metrics: compiled=0.0000, correctness=0.0000, score=-100.0000, stage=no_valid_triton_code, feedback=You need to generate real and valid triton code for the core function. The key word 'import triton' is not found.
2025-08-08 03:03:16,452 - openevolve.RemoteSpeedupEvaluator - INFO - [level3_47_NetVladNoGhostClusters] triton key words check pass
2025-08-08 03:03:16,454 - openevolve.RemoteSpeedupEvaluator - INFO - [level3_47_NetVladNoGhostClusters] verify_plus payload: reference_code(3482 chars) + custom_code(5455 chars)
2025-08-08 03:03:19,905 - openevolve.RemoteSpeedupEvaluator - INFO - [level3_47_NetVladNoGhostClusters] verify_plus request success
2025-08-08 03:03:19,905 - openevolve.RemoteSpeedupEvaluator - INFO - [level3_47_NetVladNoGhostClusters] verify_plus response: {"id":"level3_47_NetVladNoGhostClusters","result":{"compiled":true,"correctness":false,"metadata":{"hardware":"NVIDIA L20Y","device":"cuda:6","max_difference":["0.028428","0.027120","0.026711","0.028246","0.028112"],"avg_difference":["0.003148","0.003153","0.003155","0.003167","0.003132"],"correctness_issue":"Output mismatch","correctness_trials":"(0 / 5)","reference_timing_ms":0.265,"speed_up":-1.0,"custom_timing":-1.0},"runtime":-1.0,"runtime_stats":{}}}
2025-08-08 03:03:19,905 - openevolve.RemoteSpeedupEvaluator - INFO - [level3_47_NetVladNoGhostClusters] âœ˜ wrong_answer
2025-08-08 03:03:19,906 - openevolve.evaluator - INFO - Evaluated program 829ab88f-ded9-453a-875b-cc355b6e9d4a in 3.45s: compiled=1.0000, correctness=0.0000, score=10.0000, stage=wrong_answer, verify_payload={'id': 'level3_47_NetVladNoGhostClusters', 'result': {'compiled': True, 'correctness': False, 'metadata': {'hardware': 'NVIDIA L20Y', 'device': 'cuda:6', 'max_difference': ['0.028428', '0.027120', '0.026711', '0.028246', '0.028112'], 'avg_difference': ['0.003148', '0.003153', '0.003155', '0.003167', '0.003132'], 'correctness_issue': 'Output mismatch', 'correctness_trials': '(0 / 5)', 'reference_timing_ms': 0.265, 'speed_up': -1.0, 'custom_timing': -1.0}, 'runtime': -1.0, 'runtime_stats': {}}}
2025-08-08 03:03:19,908 - openevolve.llm.ensemble - INFO - Sampled model: deepseek
2025-08-08 03:03:19,912 - openevolve.database - INFO - New MAP-Elites cell occupied: {'score': 9, 'complexity': 9}
2025-08-08 03:03:19,912 - openevolve.database - INFO - New best program 829ab88f-ded9-453a-875b-cc355b6e9d4a replaces f5ec7d31-1f22-4405-aad0-f408f80b9c95
2025-08-08 03:03:19,944 - openevolve.threaded_parallel - INFO - Iteration 1: Program 829ab88f-ded9-453a-875b-cc355b6e9d4a (parent: f5ec7d31-1f22-4405-aad0-f408f80b9c95) completed in 805.25s
2025-08-08 03:03:19,944 - openevolve.threaded_parallel - INFO - Metrics: compiled=1.0000, correctness=0.0000, score=10.0000, stage=wrong_answer, verify_payload={'id': 'level3_47_NetVladNoGhostClusters', 'result': {'compiled': True, 'correctness': False, 'metadata': {'hardware': 'NVIDIA L20Y', 'device': 'cuda:6', 'max_difference': ['0.028428', '0.027120', '0.026711', '0.028246', '0.028112'], 'avg_difference': ['0.003148', '0.003153', '0.003155', '0.003167', '0.003132'], 'correctness_issue': 'Output mismatch', 'correctness_trials': '(0 / 5)', 'reference_timing_ms': 0.265, 'speed_up': -1.0, 'custom_timing': -1.0}, 'runtime': -1.0, 'runtime_stats': {}}}
2025-08-08 03:03:19,945 - openevolve.threaded_parallel - INFO - ðŸŒŸ New best solution found at iteration 1: 829ab88f-ded9-453a-875b-cc355b6e9d4a
2025-08-08 03:04:14,061 - openevolve.RemoteSpeedupEvaluator - INFO - [level3_47_NetVladNoGhostClusters] triton key words check pass
2025-08-08 03:04:14,063 - openevolve.RemoteSpeedupEvaluator - INFO - [level3_47_NetVladNoGhostClusters] verify_plus payload: reference_code(3482 chars) + custom_code(4372 chars)
2025-08-08 03:04:17,671 - openevolve.RemoteSpeedupEvaluator - INFO - [level3_47_NetVladNoGhostClusters] verify_plus request success
2025-08-08 03:04:17,672 - openevolve.RemoteSpeedupEvaluator - INFO - [level3_47_NetVladNoGhostClusters] verify_plus response: {"id":"level3_47_NetVladNoGhostClusters","result":{"compiled":true,"correctness":true,"metadata":{"hardware":"NVIDIA L20Y","device":"cuda:6","correctness_trials":"(5 / 5)","reference_timing_ms":0.265,"speed_up":0.123,"custom_timing":2.15},"runtime":2.15,"runtime_stats":{"mean":2.15,"std":0.0072,"min":2.14,"max":2.18,"num_trials":100,"hardware":"NVIDIA L20Y","device":"cuda:6"}}}
2025-08-08 03:04:17,672 - openevolve.RemoteSpeedupEvaluator - INFO - [level3_47_NetVladNoGhostClusters] âœ” success | speed_up=0.123  score=20.00
2025-08-08 03:04:17,672 - openevolve.evaluator - INFO - Evaluated program 5ecfbe02-85b0-4e95-9e71-609b456e7d96 in 3.61s: compiled=1.0000, correctness=1.0000, stage=success, passed=0.0000, score=20.0000, speed_up=0.1230, runtime_ms=2.1500, meta={'hardware': 'NVIDIA L20Y', 'device': 'cuda:6', 'correctness_trials': '(5 / 5)', 'reference_timing_ms': 0.265, 'speed_up': 0.123, 'custom_timing': 2.15}
2025-08-08 03:04:17,675 - openevolve.llm.ensemble - INFO - Sampled model: deepseek
2025-08-08 03:04:17,682 - openevolve.database - INFO - New MAP-Elites cell occupied: {'score': 9, 'complexity': 4}
2025-08-08 03:04:17,682 - openevolve.database - INFO - New best program 5ecfbe02-85b0-4e95-9e71-609b456e7d96 replaces 829ab88f-ded9-453a-875b-cc355b6e9d4a
2025-08-08 03:04:17,695 - openevolve.threaded_parallel - INFO - Iteration 0: Program 5ecfbe02-85b0-4e95-9e71-609b456e7d96 (parent: f5ec7d31-1f22-4405-aad0-f408f80b9c95) completed in 863.02s
2025-08-08 03:04:17,695 - openevolve.threaded_parallel - INFO - Metrics: compiled=1.0000, correctness=1.0000, stage=success, passed=0.0000, score=20.0000, speed_up=0.1230, runtime_ms=2.1500, meta={'hardware': 'NVIDIA L20Y', 'device': 'cuda:6', 'correctness_trials': '(5 / 5)', 'reference_timing_ms': 0.265, 'speed_up': 0.123, 'custom_timing': 2.15}
2025-08-08 03:04:17,695 - openevolve.threaded_parallel - INFO - ðŸŒŸ New best solution found at iteration 0: 5ecfbe02-85b0-4e95-9e71-609b456e7d96
2025-08-08 03:04:17,695 - openevolve.threaded_parallel - INFO - Checkpoint interval reached at iteration 0
2025-08-08 03:04:17,695 - openevolve.database - INFO - Island Status:
2025-08-08 03:04:17,696 - openevolve.database - INFO -    Island 0: 3 programs, best=10.0000, avg=-30.0000, diversity=447.07, gen=1 (best: 829ab88f-ded9-453a-875b-cc355b6e9d4a)
2025-08-08 03:04:17,696 - openevolve.database - INFO -  * Island 1: 1 programs, best=20.0000, avg=20.0000, diversity=0.00, gen=2 (best: 5ecfbe02-85b0-4e95-9e71-609b456e7d96)
2025-08-08 03:04:17,696 - openevolve.database - INFO -    Island 2: 0 programs, best=0.0000, avg=0.0000, diversity=0.00, gen=0
2025-08-08 03:04:17,801 - openevolve.database - INFO - Saved database with 4 programs to openevolve_output/level3_47_NetVladNoGhostClusters/checkpoints/checkpoint_0
2025-08-08 03:04:17,815 - openevolve.controller - INFO - Saved best program at checkpoint 0 with metrics: compiled=1.0000, correctness=1.0000, stage=success, passed=0.0000, score=20.0000, speed_up=0.1230, runtime_ms=2.1500, meta={'hardware': 'NVIDIA L20Y', 'device': 'cuda:6', 'correctness_trials': '(5 / 5)', 'reference_timing_ms': 0.265, 'speed_up': 0.123, 'custom_timing': 2.15}
2025-08-08 03:04:17,815 - openevolve.controller - INFO - Saved checkpoint at iteration 0 to openevolve_output/level3_47_NetVladNoGhostClusters/checkpoints/checkpoint_0
2025-08-08 03:14:16,587 - openevolve.RemoteSpeedupEvaluator - INFO - [level3_47_NetVladNoGhostClusters] triton key words check pass
2025-08-08 03:14:16,589 - openevolve.RemoteSpeedupEvaluator - INFO - [level3_47_NetVladNoGhostClusters] verify_plus payload: reference_code(3482 chars) + custom_code(5455 chars)
2025-08-08 03:14:19,894 - openevolve.RemoteSpeedupEvaluator - INFO - [level3_47_NetVladNoGhostClusters] verify_plus request success
2025-08-08 03:14:19,895 - openevolve.RemoteSpeedupEvaluator - INFO - [level3_47_NetVladNoGhostClusters] verify_plus response: {"id":"level3_47_NetVladNoGhostClusters","result":{"compiled":true,"correctness":true,"metadata":{"hardware":"NVIDIA L20Y","device":"cuda:2","correctness_trials":"(5 / 5)","reference_timing_ms":0.265,"speed_up":0.828,"custom_timing":0.32},"runtime":0.32,"runtime_stats":{"mean":0.32,"std":0.0108,"min":0.299,"max":0.372,"num_trials":100,"hardware":"NVIDIA L20Y","device":"cuda:2"}}}
2025-08-08 03:14:19,895 - openevolve.RemoteSpeedupEvaluator - INFO - [level3_47_NetVladNoGhostClusters] âœ” success | speed_up=0.828  score=20.00
2025-08-08 03:14:19,895 - openevolve.evaluator - INFO - Evaluated program 34c2df53-4690-4ed1-b5ae-6d5246f1bcfc in 3.31s: compiled=1.0000, correctness=1.0000, stage=success, passed=0.0000, score=20.0000, speed_up=0.8280, runtime_ms=0.3200, meta={'hardware': 'NVIDIA L20Y', 'device': 'cuda:2', 'correctness_trials': '(5 / 5)', 'reference_timing_ms': 0.265, 'speed_up': 0.828, 'custom_timing': 0.32}
2025-08-08 03:14:19,899 - openevolve.llm.ensemble - INFO - Sampled model: deepseek
2025-08-08 03:14:19,905 - openevolve.database - INFO - MAP-Elites cell improved: {'score': 9, 'complexity': 9} (fitness: 10.000 -> 20.000)
2025-08-08 03:14:19,920 - openevolve.threaded_parallel - INFO - Iteration 5: Program 34c2df53-4690-4ed1-b5ae-6d5246f1bcfc (parent: 829ab88f-ded9-453a-875b-cc355b6e9d4a) completed in 602.22s
2025-08-08 03:14:19,920 - openevolve.threaded_parallel - INFO - Metrics: compiled=1.0000, correctness=1.0000, stage=success, passed=0.0000, score=20.0000, speed_up=0.8280, runtime_ms=0.3200, meta={'hardware': 'NVIDIA L20Y', 'device': 'cuda:2', 'correctness_trials': '(5 / 5)', 'reference_timing_ms': 0.265, 'speed_up': 0.828, 'custom_timing': 0.32}
2025-08-08 03:16:19,310 - openevolve.RemoteSpeedupEvaluator - INFO - [level3_47_NetVladNoGhostClusters] triton key words check pass
2025-08-08 03:16:19,312 - openevolve.RemoteSpeedupEvaluator - INFO - [level3_47_NetVladNoGhostClusters] verify_plus payload: reference_code(3482 chars) + custom_code(4697 chars)
2025-08-08 03:16:22,140 - openevolve.RemoteSpeedupEvaluator - INFO - [level3_47_NetVladNoGhostClusters] verify_plus request success
2025-08-08 03:16:22,140 - openevolve.RemoteSpeedupEvaluator - INFO - [level3_47_NetVladNoGhostClusters] verify_plus response: {"id":"level3_47_NetVladNoGhostClusters","result":{"compiled":true,"correctness":false,"metadata":{"hardware":"NVIDIA L20Y","device":"cuda:5","runtime_error":"Traceback (most recent call last):\n  File \"/cpfs01/shared/llm_kernel/hujiakai/KernelLLM/validation_api_server/helpers/evaluations.py\", line 720, in run_and_check_correctness\n    output_new = model_new(*inputs)\n  File \"/home/lijiaxing/.conda/envs/api/lib/python3.10/site-packages/torch/nn/modules/module.py\", line 1773, in _wrapped_call_impl\n    return self._call_impl(*args, **kwargs)\n  File \"/home/lijiaxing/.conda/envs/api/lib/python3.10/site-packages/torch/nn/modules/module.py\", line 1784, in _call_impl\n    return forward_call(*args, **kwargs)\n  File \"/tmp/tmpyutpbf4q.py\", line 104, in forward\n    assignment = triton_m
2025-08-08 03:16:22,141 - openevolve.RemoteSpeedupEvaluator - INFO - [level3_47_NetVladNoGhostClusters] âœ˜ wrong_answer
2025-08-08 03:16:22,141 - openevolve.evaluator - INFO - Evaluated program e9ad20a6-1491-4939-8fe6-5215084d760f in 2.83s: compiled=1.0000, correctness=0.0000, score=10.0000, stage=wrong_answer, verify_payload={'id': 'level3_47_NetVladNoGhostClusters', 'result': {'compiled': True, 'correctness': False, 'metadata': {'hardware': 'NVIDIA L20Y', 'device': 'cuda:5', 'runtime_error': 'Traceback (most recent call last):\n  File "/cpfs01/shared/llm_kernel/hujiakai/KernelLLM/validation_api_server/helpers/evaluations.py", line 720, in run_and_check_correctness\n    output_new = model_new(*inputs)\n  File "/home/lijiaxing/.conda/envs/api/lib/python3.10/site-packages/torch/nn/modules/module.py", line 1773, in _wrapped_call_impl\n    return self._call_impl(*args, **kwargs)\n  File "/home/lijiaxing/.conda/envs/api/lib/python3.10/site-packages/torch/nn/modules/module.py", line 1784, in _call_impl\n    return forward_call(*args, **kwargs)\n  File "/tmp/tmpyutpbf4q.py", line 104, in forward\n    assignment = triton_matmul(x, self.clusters)\n  File "/tmp/tmpyutpbf4q.py", line 72, in triton_matmul\n    matmul_kernel[grid](\n  File "/home/lijiaxing/.conda/envs/api/lib/python3.10/site-packages/triton/runtime/jit.py", line 390, in <lambda>\n    return lambda *args, **kwargs: self.run(grid=grid, warmup=False, *args, **kwargs)\n  File "/home/lijiaxing/.conda/envs/api/lib/python3.10/site-packages/triton/runtime/autotuner.py", line 239, in run\n    benchmark()\n  File "/home/lijiaxing/.conda/envs/api/lib/python3.10/site-packages/triton/runtime/autotuner.py", line 228, in benchmark\n    timings = {config: self._bench(*args, config=config, **kwargs) for config in pruned_configs}\n  File "/home/lijiaxing/.conda/envs/api/lib/python3.10/site-packages/triton/runtime/autotuner.py", line 228, in <dictcomp>\n    timings = {config: self._bench(*args, config=config, **kwargs) for config in pruned_configs}\n  File "/home/lijiaxing/.conda/envs/api/lib/python3.10/site-packages/triton/runtime/autotuner.py", line 135, in _bench\n    raise ValueError(f"Conflicting meta-parameters: {\', \'.join(conflicts)}."\nValueError: Conflicting meta-parameters: BLOCK_SIZE. Make sure that you don\'t re-define auto-tuned symbols.\n', 'runtime_error_name': 'builtins.ValueError', 'reference_timing_ms': 0.265, 'speed_up': -1.0, 'custom_timing': -1.0}, 'runtime': -1.0, 'runtime_stats': {}}}
2025-08-08 03:16:22,144 - openevolve.llm.ensemble - INFO - Sampled model: deepseek
2025-08-08 03:16:22,149 - openevolve.database - INFO - New MAP-Elites cell occupied: {'score': 9, 'complexity': 5}
2025-08-08 03:16:22,163 - openevolve.threaded_parallel - INFO - Iteration 3: Program e9ad20a6-1491-4939-8fe6-5215084d760f (parent: f5ec7d31-1f22-4405-aad0-f408f80b9c95) completed in 987.76s
2025-08-08 03:16:22,163 - openevolve.threaded_parallel - INFO - Metrics: compiled=1.0000, correctness=0.0000, score=10.0000, stage=wrong_answer, verify_payload={'id': 'level3_47_NetVladNoGhostClusters', 'result': {'compiled': True, 'correctness': False, 'metadata': {'hardware': 'NVIDIA L20Y', 'device': 'cuda:5', 'runtime_error': 'Traceback (most recent call last):\n  File "/cpfs01/shared/llm_kernel/hujiakai/KernelLLM/validation_api_server/helpers/evaluations.py", line 720, in run_and_check_correctness\n    output_new = model_new(*inputs)\n  File "/home/lijiaxing/.conda/envs/api/lib/python3.10/site-packages/torch/nn/modules/module.py", line 1773, in _wrapped_call_impl\n    return self._call_impl(*args, **kwargs)\n  File "/home/lijiaxing/.conda/envs/api/lib/python3.10/site-packages/torch/nn/modules/module.py", line 1784, in _call_impl\n    return forward_call(*args, **kwargs)\n  File "/tmp/tmpyutpbf4q.py", line 104, in forward\n    assignment = triton_matmul(x, self.clusters)\n  File "/tmp/tmpyutpbf4q.py", line 72, in triton_matmul\n    matmul_kernel[grid](\n  File "/home/lijiaxing/.conda/envs/api/lib/python3.10/site-packages/triton/runtime/jit.py", line 390, in <lambda>\n    return lambda *args, **kwargs: self.run(grid=grid, warmup=False, *args, **kwargs)\n  File "/home/lijiaxing/.conda/envs/api/lib/python3.10/site-packages/triton/runtime/autotuner.py", line 239, in run\n    benchmark()\n  File "/home/lijiaxing/.conda/envs/api/lib/python3.10/site-packages/triton/runtime/autotuner.py", line 228, in benchmark\n    timings = {config: self._bench(*args, config=config, **kwargs) for config in pruned_configs}\n  File "/home/lijiaxing/.conda/envs/api/lib/python3.10/site-packages/triton/runtime/autotuner.py", line 228, in <dictcomp>\n    timings = {config: self._bench(*args, config=config, **kwargs) for config in pruned_configs}\n  File "/home/lijiaxing/.conda/envs/api/lib/python3.10/site-packages/triton/runtime/autotuner.py", line 135, in _bench\n    raise ValueError(f"Conflicting meta-parameters: {\', \'.join(conflicts)}."\nValueError: Conflicting meta-parameters: BLOCK_SIZE. Make sure that you don\'t re-define auto-tuned symbols.\n', 'runtime_error_name': 'builtins.ValueError', 'reference_timing_ms': 0.265, 'speed_up': -1.0, 'custom_timing': -1.0}, 'runtime': -1.0, 'runtime_stats': {}}}
2025-08-08 03:16:22,163 - openevolve.threaded_parallel - INFO - Checkpoint interval reached at iteration 3
2025-08-08 03:16:22,163 - openevolve.database - INFO - Island Status:
2025-08-08 03:16:22,163 - openevolve.database - INFO -  * Island 0: 3 programs, best=10.0000, avg=-30.0000, diversity=447.07, gen=2 (best: 829ab88f-ded9-453a-875b-cc355b6e9d4a)
2025-08-08 03:16:22,164 - openevolve.database - INFO -    Island 1: 2 programs, best=20.0000, avg=20.0000, diversity=272.80, gen=2 (best: 5ecfbe02-85b0-4e95-9e71-609b456e7d96)
2025-08-08 03:16:22,164 - openevolve.database - INFO -    Island 2: 1 programs, best=10.0000, avg=10.0000, diversity=0.00, gen=1 (best: e9ad20a6-1491-4939-8fe6-5215084d760f)
2025-08-08 03:16:22,239 - openevolve.database - INFO - Saved database with 6 programs to openevolve_output/level3_47_NetVladNoGhostClusters/checkpoints/checkpoint_3
2025-08-08 03:16:22,256 - openevolve.controller - INFO - Saved best program at checkpoint 3 with metrics: compiled=1.0000, correctness=1.0000, stage=success, passed=0.0000, score=20.0000, speed_up=0.1230, runtime_ms=2.1500, meta={'hardware': 'NVIDIA L20Y', 'device': 'cuda:6', 'correctness_trials': '(5 / 5)', 'reference_timing_ms': 0.265, 'speed_up': 0.123, 'custom_timing': 2.15}
2025-08-08 03:16:22,256 - openevolve.controller - INFO - Saved checkpoint at iteration 3 to openevolve_output/level3_47_NetVladNoGhostClusters/checkpoints/checkpoint_3
2025-08-08 03:19:17,230 - openevolve.RemoteSpeedupEvaluator - INFO - [level3_47_NetVladNoGhostClusters] triton key words check pass
2025-08-08 03:19:17,232 - openevolve.RemoteSpeedupEvaluator - INFO - [level3_47_NetVladNoGhostClusters] verify_plus payload: reference_code(3482 chars) + custom_code(4658 chars)
2025-08-08 03:19:20,887 - openevolve.RemoteSpeedupEvaluator - INFO - [level3_47_NetVladNoGhostClusters] verify_plus request success
2025-08-08 03:19:20,887 - openevolve.RemoteSpeedupEvaluator - INFO - [level3_47_NetVladNoGhostClusters] verify_plus response: {"id":"level3_47_NetVladNoGhostClusters","result":{"compiled":true,"correctness":false,"metadata":{"hardware":"NVIDIA L20Y","device":"cuda:7","max_difference":["0.039974","0.048234","0.043449","0.045125","0.044439"],"avg_difference":["0.006669","0.006667","0.006599","0.006622","0.006611"],"correctness_issue":"Output mismatch","correctness_trials":"(0 / 5)","reference_timing_ms":0.265,"speed_up":-1.0,"custom_timing":-1.0},"runtime":-1.0,"runtime_stats":{}}}
2025-08-08 03:19:20,888 - openevolve.RemoteSpeedupEvaluator - INFO - [level3_47_NetVladNoGhostClusters] âœ˜ wrong_answer
2025-08-08 03:19:20,888 - openevolve.evaluator - INFO - Evaluated program 33d5b523-ce38-4d37-9800-5ed094da48d4 in 3.66s: compiled=1.0000, correctness=0.0000, score=10.0000, stage=wrong_answer, verify_payload={'id': 'level3_47_NetVladNoGhostClusters', 'result': {'compiled': True, 'correctness': False, 'metadata': {'hardware': 'NVIDIA L20Y', 'device': 'cuda:7', 'max_difference': ['0.039974', '0.048234', '0.043449', '0.045125', '0.044439'], 'avg_difference': ['0.006669', '0.006667', '0.006599', '0.006622', '0.006611'], 'correctness_issue': 'Output mismatch', 'correctness_trials': '(0 / 5)', 'reference_timing_ms': 0.265, 'speed_up': -1.0, 'custom_timing': -1.0}, 'runtime': -1.0, 'runtime_stats': {}}}
2025-08-08 03:19:20,891 - openevolve.llm.ensemble - INFO - Sampled model: deepseek
2025-08-08 03:19:20,904 - openevolve.threaded_parallel - INFO - Iteration 4: Program 33d5b523-ce38-4d37-9800-5ed094da48d4 (parent: f5ec7d31-1f22-4405-aad0-f408f80b9c95) completed in 960.98s
2025-08-08 03:19:20,904 - openevolve.threaded_parallel - INFO - Metrics: compiled=1.0000, correctness=0.0000, score=10.0000, stage=wrong_answer, verify_payload={'id': 'level3_47_NetVladNoGhostClusters', 'result': {'compiled': True, 'correctness': False, 'metadata': {'hardware': 'NVIDIA L20Y', 'device': 'cuda:7', 'max_difference': ['0.039974', '0.048234', '0.043449', '0.045125', '0.044439'], 'avg_difference': ['0.006669', '0.006667', '0.006599', '0.006622', '0.006611'], 'correctness_issue': 'Output mismatch', 'correctness_trials': '(0 / 5)', 'reference_timing_ms': 0.265, 'speed_up': -1.0, 'custom_timing': -1.0}, 'runtime': -1.0, 'runtime_stats': {}}}
2025-08-08 03:23:31,884 - openevolve.RemoteSpeedupEvaluator - INFO - [level3_47_NetVladNoGhostClusters] triton key words check pass
2025-08-08 03:23:31,886 - openevolve.RemoteSpeedupEvaluator - INFO - [level3_47_NetVladNoGhostClusters] verify_plus payload: reference_code(3482 chars) + custom_code(5332 chars)
2025-08-08 03:23:35,334 - openevolve.RemoteSpeedupEvaluator - INFO - [level3_47_NetVladNoGhostClusters] verify_plus request success
2025-08-08 03:23:35,335 - openevolve.RemoteSpeedupEvaluator - INFO - [level3_47_NetVladNoGhostClusters] verify_plus response: {"id":"level3_47_NetVladNoGhostClusters","result":{"compiled":true,"correctness":false,"metadata":{"hardware":"NVIDIA L20Y","device":"cuda:7","max_difference":["0.028428","0.027120","0.026711","0.028246","0.028112"],"avg_difference":["0.003148","0.003153","0.003155","0.003167","0.003132"],"correctness_issue":"Output mismatch","correctness_trials":"(0 / 5)","reference_timing_ms":0.265,"speed_up":-1.0,"custom_timing":-1.0},"runtime":-1.0,"runtime_stats":{}}}
2025-08-08 03:23:35,335 - openevolve.RemoteSpeedupEvaluator - INFO - [level3_47_NetVladNoGhostClusters] âœ˜ wrong_answer
2025-08-08 03:23:35,335 - openevolve.evaluator - INFO - Evaluated program 3267011e-f905-468b-9e00-f5dafffb0076 in 3.45s: compiled=1.0000, correctness=0.0000, score=10.0000, stage=wrong_answer, verify_payload={'id': 'level3_47_NetVladNoGhostClusters', 'result': {'compiled': True, 'correctness': False, 'metadata': {'hardware': 'NVIDIA L20Y', 'device': 'cuda:7', 'max_difference': ['0.028428', '0.027120', '0.026711', '0.028246', '0.028112'], 'avg_difference': ['0.003148', '0.003153', '0.003155', '0.003167', '0.003132'], 'correctness_issue': 'Output mismatch', 'correctness_trials': '(0 / 5)', 'reference_timing_ms': 0.265, 'speed_up': -1.0, 'custom_timing': -1.0}, 'runtime': -1.0, 'runtime_stats': {}}}
2025-08-08 03:23:35,339 - openevolve.llm.ensemble - INFO - Sampled model: deepseek
2025-08-08 03:23:35,353 - openevolve.threaded_parallel - INFO - Iteration 7: Program 3267011e-f905-468b-9e00-f5dafffb0076 (parent: 6b003b9f-26ab-44cd-9bda-48ca76eff38a) completed in 433.19s
2025-08-08 03:23:35,354 - openevolve.threaded_parallel - INFO - Metrics: compiled=1.0000, correctness=0.0000, score=10.0000, stage=wrong_answer, verify_payload={'id': 'level3_47_NetVladNoGhostClusters', 'result': {'compiled': True, 'correctness': False, 'metadata': {'hardware': 'NVIDIA L20Y', 'device': 'cuda:7', 'max_difference': ['0.028428', '0.027120', '0.026711', '0.028246', '0.028112'], 'avg_difference': ['0.003148', '0.003153', '0.003155', '0.003167', '0.003132'], 'correctness_issue': 'Output mismatch', 'correctness_trials': '(0 / 5)', 'reference_timing_ms': 0.265, 'speed_up': -1.0, 'custom_timing': -1.0}, 'runtime': -1.0, 'runtime_stats': {}}}
2025-08-08 03:28:20,379 - openevolve.RemoteSpeedupEvaluator - INFO - [level3_47_NetVladNoGhostClusters] âœ˜ invalid_answer 'import triton' is not found
2025-08-08 03:28:20,382 - openevolve.evaluator - INFO - Evaluated program f1d8d944-69a0-4a63-935e-c432aca52b18 in 0.00s: compiled=0.0000, correctness=0.0000, score=-100.0000, stage=no_valid_triton_code, feedback=You need to generate real and valid triton code for the core function. The key word 'import triton' is not found.
2025-08-08 03:28:20,385 - openevolve.llm.ensemble - INFO - Sampled model: deepseek
2025-08-08 03:28:20,396 - openevolve.threaded_parallel - INFO - Iteration 6: Program f1d8d944-69a0-4a63-935e-c432aca52b18 (parent: 5ecfbe02-85b0-4e95-9e71-609b456e7d96) completed in 840.48s
2025-08-08 03:28:20,396 - openevolve.threaded_parallel - INFO - Metrics: compiled=0.0000, correctness=0.0000, score=-100.0000, stage=no_valid_triton_code, feedback=You need to generate real and valid triton code for the core function. The key word 'import triton' is not found.
2025-08-08 03:28:20,396 - openevolve.threaded_parallel - INFO - Checkpoint interval reached at iteration 6
2025-08-08 03:28:20,397 - openevolve.database - INFO - Island Status:
2025-08-08 03:28:20,398 - openevolve.database - INFO -  * Island 0: 4 programs, best=10.0000, avg=-20.0000, diversity=398.22, gen=3 (best: 829ab88f-ded9-453a-875b-cc355b6e9d4a)
2025-08-08 03:28:20,398 - openevolve.database - INFO -    Island 1: 3 programs, best=20.0000, avg=16.6667, diversity=181.87, gen=3 (best: 5ecfbe02-85b0-4e95-9e71-609b456e7d96)
2025-08-08 03:28:20,398 - openevolve.database - INFO -    Island 2: 2 programs, best=10.0000, avg=-45.0000, diversity=1851.10, gen=2 (best: e9ad20a6-1491-4939-8fe6-5215084d760f)
2025-08-08 03:28:20,518 - openevolve.database - INFO - Saved database with 9 programs to openevolve_output/level3_47_NetVladNoGhostClusters/checkpoints/checkpoint_6
2025-08-08 03:28:20,576 - openevolve.controller - INFO - Saved best program at checkpoint 6 with metrics: compiled=1.0000, correctness=1.0000, stage=success, passed=0.0000, score=20.0000, speed_up=0.1230, runtime_ms=2.1500, meta={'hardware': 'NVIDIA L20Y', 'device': 'cuda:6', 'correctness_trials': '(5 / 5)', 'reference_timing_ms': 0.265, 'speed_up': 0.123, 'custom_timing': 2.15}
2025-08-08 03:28:20,576 - openevolve.controller - INFO - Saved checkpoint at iteration 6 to openevolve_output/level3_47_NetVladNoGhostClusters/checkpoints/checkpoint_6
2025-08-08 03:29:38,565 - openevolve.RemoteSpeedupEvaluator - INFO - [level3_47_NetVladNoGhostClusters] triton key words check pass
2025-08-08 03:29:38,567 - openevolve.RemoteSpeedupEvaluator - INFO - [level3_47_NetVladNoGhostClusters] verify_plus payload: reference_code(3482 chars) + custom_code(5478 chars)
2025-08-08 03:29:44,503 - openevolve.RemoteSpeedupEvaluator - INFO - [level3_47_NetVladNoGhostClusters] verify_plus request success
2025-08-08 03:29:44,503 - openevolve.RemoteSpeedupEvaluator - INFO - [level3_47_NetVladNoGhostClusters] verify_plus response: {"id":"level3_47_NetVladNoGhostClusters","result":{"compiled":true,"correctness":true,"metadata":{"hardware":"NVIDIA L20Y","device":"cuda:0","correctness_trials":"(5 / 5)","reference_timing_ms":0.265,"speed_up":0.791,"custom_timing":0.335},"runtime":0.335,"runtime_stats":{"mean":0.335,"std":0.0139,"min":0.312,"max":0.39,"num_trials":100,"hardware":"NVIDIA L20Y","device":"cuda:0"}}}
2025-08-08 03:29:44,503 - openevolve.RemoteSpeedupEvaluator - INFO - [level3_47_NetVladNoGhostClusters] âœ” success | speed_up=0.791  score=20.00
2025-08-08 03:29:44,504 - openevolve.evaluator - INFO - Evaluated program 9a5f3ba5-8b81-4a22-a4dc-cb6405ae7fc1 in 5.94s: compiled=1.0000, correctness=1.0000, stage=success, passed=0.0000, score=20.0000, speed_up=0.7910, runtime_ms=0.3350, meta={'hardware': 'NVIDIA L20Y', 'device': 'cuda:0', 'correctness_trials': '(5 / 5)', 'reference_timing_ms': 0.265, 'speed_up': 0.791, 'custom_timing': 0.335}
2025-08-08 03:29:44,507 - openevolve.llm.ensemble - INFO - Sampled model: deepseek
2025-08-08 03:29:44,522 - openevolve.threaded_parallel - INFO - Iteration 8: Program 9a5f3ba5-8b81-4a22-a4dc-cb6405ae7fc1 (parent: f5ec7d31-1f22-4405-aad0-f408f80b9c95) completed in 623.61s
2025-08-08 03:29:44,522 - openevolve.threaded_parallel - INFO - Metrics: compiled=1.0000, correctness=1.0000, stage=success, passed=0.0000, score=20.0000, speed_up=0.7910, runtime_ms=0.3350, meta={'hardware': 'NVIDIA L20Y', 'device': 'cuda:0', 'correctness_trials': '(5 / 5)', 'reference_timing_ms': 0.265, 'speed_up': 0.791, 'custom_timing': 0.335}
2025-08-08 03:36:22,796 - openevolve.RemoteSpeedupEvaluator - INFO - [level3_47_NetVladNoGhostClusters] triton key words check pass
2025-08-08 03:36:22,798 - openevolve.RemoteSpeedupEvaluator - INFO - [level3_47_NetVladNoGhostClusters] verify_plus payload: reference_code(3482 chars) + custom_code(4674 chars)
2025-08-08 03:36:25,841 - openevolve.RemoteSpeedupEvaluator - INFO - [level3_47_NetVladNoGhostClusters] verify_plus request success
2025-08-08 03:36:25,841 - openevolve.RemoteSpeedupEvaluator - INFO - [level3_47_NetVladNoGhostClusters] verify_plus response: {"id":"level3_47_NetVladNoGhostClusters","result":{"compiled":true,"correctness":false,"metadata":{"hardware":"NVIDIA L20Y","device":"cuda:5","runtime_error":"Traceback (most recent call last):\n  File \"/home/lijiaxing/.conda/envs/api/lib/python3.10/site-packages/triton/language/core.py\", line 42, in wrapper\n    return fn(*args, **kwargs)\n  File \"/home/lijiaxing/.conda/envs/api/lib/python3.10/site-packages/triton/language/core.py\", line 1654, in arange\n    return _semantic.arange(start, end)\n  File \"/home/lijiaxing/.conda/envs/api/lib/python3.10/site-packages/triton/language/semantic.py\", line 574, in arange\n    raise ValueError(\"arange's arguments must be of type tl.constexpr\")\nValueError: arange's arguments must be of type tl.constexpr\n\nThe above exception was the direct 
2025-08-08 03:36:25,841 - openevolve.RemoteSpeedupEvaluator - INFO - [level3_47_NetVladNoGhostClusters] âœ˜ wrong_answer
2025-08-08 03:36:25,842 - openevolve.evaluator - INFO - Evaluated program 4ecc7471-feef-43e9-8ab5-9ef3ff42a7ab in 3.05s: compiled=1.0000, correctness=0.0000, score=10.0000, stage=wrong_answer, verify_payload={'id': 'level3_47_NetVladNoGhostClusters', 'result': {'compiled': True, 'correctness': False, 'metadata': {'hardware': 'NVIDIA L20Y', 'device': 'cuda:5', 'runtime_error': 'Traceback (most recent call last):\n  File "/home/lijiaxing/.conda/envs/api/lib/python3.10/site-packages/triton/language/core.py", line 42, in wrapper\n    return fn(*args, **kwargs)\n  File "/home/lijiaxing/.conda/envs/api/lib/python3.10/site-packages/triton/language/core.py", line 1654, in arange\n    return _semantic.arange(start, end)\n  File "/home/lijiaxing/.conda/envs/api/lib/python3.10/site-packages/triton/language/semantic.py", line 574, in arange\n    raise ValueError("arange\'s arguments must be of type tl.constexpr")\nValueError: arange\'s arguments must be of type tl.constexpr\n\nThe above exception was the direct cause of the following exception:\n\nTraceback (most recent call last):\n  File "/cpfs01/shared/llm_kernel/hujiakai/KernelLLM/validation_api_server/helpers/evaluations.py", line 720, in run_and_check_correctness\n    output_new = model_new(*inputs)\n  File "/home/lijiaxing/.conda/envs/api/lib/python3.10/site-packages/torch/nn/modules/module.py", line 1773, in _wrapped_call_impl\n    return self._call_impl(*args, **kwargs)\n  File "/home/lijiaxing/.conda/envs/api/lib/python3.10/site-packages/torch/nn/modules/module.py", line 1784, in _call_impl\n    return forward_call(*args, **kwargs)\n  File "/tmp/tmpzoejee9c.py", line 103, in forward\n    assignment = triton_matmul(x, self.clusters)\n  File "/tmp/tmpzoejee9c.py", line 72, in triton_matmul\n    matmul_kernel[grid](\n  File "/home/lijiaxing/.conda/envs/api/lib/python3.10/site-packages/triton/runtime/jit.py", line 390, in <lambda>\n    return lambda *args, **kwargs: self.run(grid=grid, warmup=False, *args, **kwargs)\n  File "/home/lijiaxing/.conda/envs/api/lib/python3.10/site-packages/triton/runtime/autotuner.py", line 239, in run\n    benchmark()\n  File "/home/lijiaxing/.conda/envs/api/lib/python3.10/site-packages/triton/runtime/autotuner.py", line 228, in benchmark\n    timings = {config: self._bench(*args, config=config, **kwargs) for config in pruned_configs}\n  File "/home/lijiaxing/.conda/envs/api/lib/python3.10/site-packages/triton/runtime/autotuner.py", line 228, in <dictcomp>\n    timings = {config: self._bench(*args, config=config, **kwargs) for config in pruned_configs}\n  File "/home/lijiaxing/.conda/envs/api/lib/python3.10/site-packages/triton/runtime/autotuner.py", line 160, in _bench\n    return self.do_bench(kernel_call, quantiles=(0.5, 0.2, 0.8))\n  File "/home/lijiaxing/.conda/envs/api/lib/python3.10/site-packages/triton/testing.py", line 149, in do_bench\n    fn()\n  File "/home/lijiaxing/.conda/envs/api/lib/python3.10/site-packages/triton/runtime/autotuner.py", line 146, in kernel_call\n    self.fn.run(\n  File "/home/lijiaxing/.conda/envs/api/lib/python3.10/site-packages/triton/runtime/jit.py", line 594, in run\n    kernel = self.compile(src, target=target, options=options.__dict__)\n  File "/home/lijiaxing/.conda/envs/api/lib/python3.10/site-packages/triton/compiler/compiler.py", line 339, in compile\n    module = src.make_ir(options, codegen_fns, module_map, context)\n  File "/home/lijiaxing/.conda/envs/api/lib/python3.10/site-packages/triton/compiler/compiler.py", line 83, in make_ir\n    return ast_to_ttir(self.fn, self, context=context, options=options, codegen_fns=codegen_fns,\ntriton.compiler.errors.CompilationError: at 11:13:\ndef matmul_kernel(\n    x_ptr, clusters_ptr, output_ptr,\n    B_N, D, clusters_size,\n    stride_x, stride_clusters_row, stride_clusters_col, stride_output,\n    BLOCK_SIZE: tl.constexpr,\n):\n    row = tl.program_id(0)\n    if row >= B_N:\n        return\n\n    offs_c = tl.arange(0, clusters_size)\n             ^\n\n\nThe above exception was the direct cause of the following exception:\n\nTraceback (most recent call last):\n  File "/home/lijiaxing/.conda/envs/api/lib/python3.10/site-packages/triton/language/core.py", line 42, in wrapper\n    return fn(*args, **kwargs)\n  File "/home/lijiaxing/.conda/envs/api/lib/python3.10/site-packages/triton/language/core.py", line 1654, in arange\n    return _semantic.arange(start, end)\n  File "/home/lijiaxing/.conda/envs/api/lib/python3.10/site-packages/triton/language/semantic.py", line 574, in arange\n    raise ValueError("arange\'s arguments must be of type tl.constexpr")\nValueError: arange\'s arguments must be of type tl.constexpr\n', 'runtime_error_name': 'triton.compiler.errors.CompilationError', 'reference_timing_ms': 0.265, 'speed_up': -1.0, 'custom_timing': -1.0}, 'runtime': -1.0, 'runtime_stats': {}}}
2025-08-08 03:36:25,844 - openevolve.database - INFO - New MAP-Elites cell occupied: {'score': 9, 'complexity': 8}
2025-08-08 03:36:25,846 - openevolve.llm.ensemble - INFO - Sampled model: deepseek
2025-08-08 03:36:25,867 - openevolve.threaded_parallel - INFO - Iteration 10: Program 4ecc7471-feef-43e9-8ab5-9ef3ff42a7ab (parent: e9ad20a6-1491-4939-8fe6-5215084d760f) completed in 485.46s
2025-08-08 03:36:25,868 - openevolve.threaded_parallel - INFO - Metrics: compiled=1.0000, correctness=0.0000, score=10.0000, stage=wrong_answer, verify_payload={'id': 'level3_47_NetVladNoGhostClusters', 'result': {'compiled': True, 'correctness': False, 'metadata': {'hardware': 'NVIDIA L20Y', 'device': 'cuda:5', 'runtime_error': 'Traceback (most recent call last):\n  File "/home/lijiaxing/.conda/envs/api/lib/python3.10/site-packages/triton/language/core.py", line 42, in wrapper\n    return fn(*args, **kwargs)\n  File "/home/lijiaxing/.conda/envs/api/lib/python3.10/site-packages/triton/language/core.py", line 1654, in arange\n    return _semantic.arange(start, end)\n  File "/home/lijiaxing/.conda/envs/api/lib/python3.10/site-packages/triton/language/semantic.py", line 574, in arange\n    raise ValueError("arange\'s arguments must be of type tl.constexpr")\nValueError: arange\'s arguments must be of type tl.constexpr\n\nThe above exception was the direct cause of the following exception:\n\nTraceback (most recent call last):\n  File "/cpfs01/shared/llm_kernel/hujiakai/KernelLLM/validation_api_server/helpers/evaluations.py", line 720, in run_and_check_correctness\n    output_new = model_new(*inputs)\n  File "/home/lijiaxing/.conda/envs/api/lib/python3.10/site-packages/torch/nn/modules/module.py", line 1773, in _wrapped_call_impl\n    return self._call_impl(*args, **kwargs)\n  File "/home/lijiaxing/.conda/envs/api/lib/python3.10/site-packages/torch/nn/modules/module.py", line 1784, in _call_impl\n    return forward_call(*args, **kwargs)\n  File "/tmp/tmpzoejee9c.py", line 103, in forward\n    assignment = triton_matmul(x, self.clusters)\n  File "/tmp/tmpzoejee9c.py", line 72, in triton_matmul\n    matmul_kernel[grid](\n  File "/home/lijiaxing/.conda/envs/api/lib/python3.10/site-packages/triton/runtime/jit.py", line 390, in <lambda>\n    return lambda *args, **kwargs: self.run(grid=grid, warmup=False, *args, **kwargs)\n  File "/home/lijiaxing/.conda/envs/api/lib/python3.10/site-packages/triton/runtime/autotuner.py", line 239, in run\n    benchmark()\n  File "/home/lijiaxing/.conda/envs/api/lib/python3.10/site-packages/triton/runtime/autotuner.py", line 228, in benchmark\n    timings = {config: self._bench(*args, config=config, **kwargs) for config in pruned_configs}\n  File "/home/lijiaxing/.conda/envs/api/lib/python3.10/site-packages/triton/runtime/autotuner.py", line 228, in <dictcomp>\n    timings = {config: self._bench(*args, config=config, **kwargs) for config in pruned_configs}\n  File "/home/lijiaxing/.conda/envs/api/lib/python3.10/site-packages/triton/runtime/autotuner.py", line 160, in _bench\n    return self.do_bench(kernel_call, quantiles=(0.5, 0.2, 0.8))\n  File "/home/lijiaxing/.conda/envs/api/lib/python3.10/site-packages/triton/testing.py", line 149, in do_bench\n    fn()\n  File "/home/lijiaxing/.conda/envs/api/lib/python3.10/site-packages/triton/runtime/autotuner.py", line 146, in kernel_call\n    self.fn.run(\n  File "/home/lijiaxing/.conda/envs/api/lib/python3.10/site-packages/triton/runtime/jit.py", line 594, in run\n    kernel = self.compile(src, target=target, options=options.__dict__)\n  File "/home/lijiaxing/.conda/envs/api/lib/python3.10/site-packages/triton/compiler/compiler.py", line 339, in compile\n    module = src.make_ir(options, codegen_fns, module_map, context)\n  File "/home/lijiaxing/.conda/envs/api/lib/python3.10/site-packages/triton/compiler/compiler.py", line 83, in make_ir\n    return ast_to_ttir(self.fn, self, context=context, options=options, codegen_fns=codegen_fns,\ntriton.compiler.errors.CompilationError: at 11:13:\ndef matmul_kernel(\n    x_ptr, clusters_ptr, output_ptr,\n    B_N, D, clusters_size,\n    stride_x, stride_clusters_row, stride_clusters_col, stride_output,\n    BLOCK_SIZE: tl.constexpr,\n):\n    row = tl.program_id(0)\n    if row >= B_N:\n        return\n\n    offs_c = tl.arange(0, clusters_size)\n             ^\n\n\nThe above exception was the direct cause of the following exception:\n\nTraceback (most recent call last):\n  File "/home/lijiaxing/.conda/envs/api/lib/python3.10/site-packages/triton/language/core.py", line 42, in wrapper\n    return fn(*args, **kwargs)\n  File "/home/lijiaxing/.conda/envs/api/lib/python3.10/site-packages/triton/language/core.py", line 1654, in arange\n    return _semantic.arange(start, end)\n  File "/home/lijiaxing/.conda/envs/api/lib/python3.10/site-packages/triton/language/semantic.py", line 574, in arange\n    raise ValueError("arange\'s arguments must be of type tl.constexpr")\nValueError: arange\'s arguments must be of type tl.constexpr\n', 'runtime_error_name': 'triton.compiler.errors.CompilationError', 'reference_timing_ms': 0.265, 'speed_up': -1.0, 'custom_timing': -1.0}, 'runtime': -1.0, 'runtime_stats': {}}}
2025-08-08 03:37:15,580 - openevolve.RemoteSpeedupEvaluator - INFO - [level3_47_NetVladNoGhostClusters] âœ˜ invalid_answer 'import triton' is not found
2025-08-08 03:37:15,582 - openevolve.evaluator - INFO - Evaluated program 2ada5251-d66a-43fb-be58-3bf45516bdeb in 0.00s: compiled=0.0000, correctness=0.0000, score=-100.0000, stage=no_valid_triton_code, feedback=You need to generate real and valid triton code for the core function. The key word 'import triton' is not found.
2025-08-08 03:37:15,584 - openevolve.llm.ensemble - INFO - Sampled model: deepseek
2025-08-08 03:37:15,592 - openevolve.database - INFO - New MAP-Elites cell occupied: {'score': -1000, 'complexity': 4}
2025-08-08 03:37:15,600 - openevolve.threaded_parallel - INFO - Iteration 9: Program 2ada5251-d66a-43fb-be58-3bf45516bdeb (parent: 5ecfbe02-85b0-4e95-9e71-609b456e7d96) completed in 820.24s
2025-08-08 03:37:15,600 - openevolve.threaded_parallel - INFO - Metrics: compiled=0.0000, correctness=0.0000, score=-100.0000, stage=no_valid_triton_code, feedback=You need to generate real and valid triton code for the core function. The key word 'import triton' is not found.
2025-08-08 03:37:15,600 - openevolve.threaded_parallel - INFO - Checkpoint interval reached at iteration 9
2025-08-08 03:37:15,602 - openevolve.database - INFO - Island Status:
2025-08-08 03:37:15,602 - openevolve.database - INFO -  * Island 0: 5 programs, best=20.0000, avg=-12.0000, diversity=431.02, gen=4 (best: 9a5f3ba5-8b81-4a22-a4dc-cb6405ae7fc1)
2025-08-08 03:37:15,602 - openevolve.database - INFO -    Island 1: 4 programs, best=20.0000, avg=15.0000, diversity=164.45, gen=4 (best: 5ecfbe02-85b0-4e95-9e71-609b456e7d96)
2025-08-08 03:37:15,602 - openevolve.database - INFO -    Island 2: 3 programs, best=10.0000, avg=-63.3333, diversity=1234.07, gen=3 (best: e9ad20a6-1491-4939-8fe6-5215084d760f)
2025-08-08 03:37:15,748 - openevolve.database - INFO - Saved database with 12 programs to openevolve_output/level3_47_NetVladNoGhostClusters/checkpoints/checkpoint_9
2025-08-08 03:37:15,765 - openevolve.controller - INFO - Saved best program at checkpoint 9 with metrics: compiled=1.0000, correctness=1.0000, stage=success, passed=0.0000, score=20.0000, speed_up=0.1230, runtime_ms=2.1500, meta={'hardware': 'NVIDIA L20Y', 'device': 'cuda:6', 'correctness_trials': '(5 / 5)', 'reference_timing_ms': 0.265, 'speed_up': 0.123, 'custom_timing': 2.15}
2025-08-08 03:37:15,765 - openevolve.controller - INFO - Saved checkpoint at iteration 9 to openevolve_output/level3_47_NetVladNoGhostClusters/checkpoints/checkpoint_9
2025-08-08 03:42:58,743 - openevolve.RemoteSpeedupEvaluator - INFO - [level3_47_NetVladNoGhostClusters] âœ˜ invalid_answer 'import triton' is not found
2025-08-08 03:42:58,745 - openevolve.evaluator - INFO - Evaluated program 2ff1d613-95ab-42c8-a588-c58429ef8c26 in 0.00s: compiled=0.0000, correctness=0.0000, score=-100.0000, stage=no_valid_triton_code, feedback=You need to generate real and valid triton code for the core function. The key word 'import triton' is not found.
2025-08-08 03:42:58,749 - openevolve.llm.ensemble - INFO - Sampled model: deepseek
2025-08-08 03:42:58,761 - openevolve.threaded_parallel - INFO - Iteration 13: Program 2ff1d613-95ab-42c8-a588-c58429ef8c26 (parent: e9ad20a6-1491-4939-8fe6-5215084d760f) completed in 343.16s
2025-08-08 03:42:58,761 - openevolve.threaded_parallel - INFO - Metrics: compiled=0.0000, correctness=0.0000, score=-100.0000, stage=no_valid_triton_code, feedback=You need to generate real and valid triton code for the core function. The key word 'import triton' is not found.
2025-08-08 03:45:28,401 - openevolve.RemoteSpeedupEvaluator - INFO - [level3_47_NetVladNoGhostClusters] triton key words check pass
2025-08-08 03:45:28,403 - openevolve.RemoteSpeedupEvaluator - INFO - [level3_47_NetVladNoGhostClusters] verify_plus payload: reference_code(3482 chars) + custom_code(4389 chars)
2025-08-08 03:45:31,406 - openevolve.RemoteSpeedupEvaluator - INFO - [level3_47_NetVladNoGhostClusters] verify_plus request success
2025-08-08 03:45:31,407 - openevolve.RemoteSpeedupEvaluator - INFO - [level3_47_NetVladNoGhostClusters] verify_plus response: {"id":"level3_47_NetVladNoGhostClusters","result":{"compiled":true,"correctness":false,"metadata":{"hardware":"NVIDIA L20Y","device":"cuda:4","runtime_error":"Traceback (most recent call last):\n  File \"/home/lijiaxing/.conda/envs/api/lib/python3.10/site-packages/triton/language/core.py\", line 42, in wrapper\n    return fn(*args, **kwargs)\n  File \"/home/lijiaxing/.conda/envs/api/lib/python3.10/site-packages/triton/language/core.py\", line 2045, in dot\n    return _semantic.dot(input, other, acc, input_precision, max_num_imprecise_acc, out_dtype)\n  File \"/home/lijiaxing/.conda/envs/api/lib/python3.10/site-packages/triton/language/semantic.py\", line 1497, in dot\n    assert lhs_rank == rhs_rank == 2 or lhs_rank == rhs_rank == 3, f\"Both inputs must be either 2D or 3D; (lhs: {lhs.shape
2025-08-08 03:45:31,407 - openevolve.RemoteSpeedupEvaluator - INFO - [level3_47_NetVladNoGhostClusters] âœ˜ wrong_answer
2025-08-08 03:45:31,407 - openevolve.evaluator - INFO - Evaluated program a3eb7e20-1f37-416b-991d-b95970fd5bd8 in 3.01s: compiled=1.0000, correctness=0.0000, score=10.0000, stage=wrong_answer, verify_payload={'id': 'level3_47_NetVladNoGhostClusters', 'result': {'compiled': True, 'correctness': False, 'metadata': {'hardware': 'NVIDIA L20Y', 'device': 'cuda:4', 'runtime_error': 'Traceback (most recent call last):\n  File "/home/lijiaxing/.conda/envs/api/lib/python3.10/site-packages/triton/language/core.py", line 42, in wrapper\n    return fn(*args, **kwargs)\n  File "/home/lijiaxing/.conda/envs/api/lib/python3.10/site-packages/triton/language/core.py", line 2045, in dot\n    return _semantic.dot(input, other, acc, input_precision, max_num_imprecise_acc, out_dtype)\n  File "/home/lijiaxing/.conda/envs/api/lib/python3.10/site-packages/triton/language/semantic.py", line 1497, in dot\n    assert lhs_rank == rhs_rank == 2 or lhs_rank == rhs_rank == 3, f"Both inputs must be either 2D or 3D; (lhs: {lhs.shape} vs rhs: {rhs.shape})"\nAssertionError: Both inputs must be either 2D or 3D; (lhs: [\'constexpr[128]\'] vs rhs: [\'constexpr[128]\'])\n\nThe above exception was the direct cause of the following exception:\n\nTraceback (most recent call last):\n  File "/cpfs01/shared/llm_kernel/hujiakai/KernelLLM/validation_api_server/helpers/evaluations.py", line 720, in run_and_check_correctness\n    output_new = model_new(*inputs)\n  File "/home/lijiaxing/.conda/envs/api/lib/python3.10/site-packages/torch/nn/modules/module.py", line 1773, in _wrapped_call_impl\n    return self._call_impl(*args, **kwargs)\n  File "/home/lijiaxing/.conda/envs/api/lib/python3.10/site-packages/torch/nn/modules/module.py", line 1784, in _call_impl\n    return forward_call(*args, **kwargs)\n  File "/tmp/tmp19_wctl_.py", line 105, in forward\n    vlad_compute_kernel[grid](\n  File "/home/lijiaxing/.conda/envs/api/lib/python3.10/site-packages/triton/runtime/jit.py", line 390, in <lambda>\n    return lambda *args, **kwargs: self.run(grid=grid, warmup=False, *args, **kwargs)\n  File "/home/lijiaxing/.conda/envs/api/lib/python3.10/site-packages/triton/runtime/jit.py", line 594, in run\n    kernel = self.compile(src, target=target, options=options.__dict__)\n  File "/home/lijiaxing/.conda/envs/api/lib/python3.10/site-packages/triton/compiler/compiler.py", line 339, in compile\n    module = src.make_ir(options, codegen_fns, module_map, context)\n  File "/home/lijiaxing/.conda/envs/api/lib/python3.10/site-packages/triton/compiler/compiler.py", line 83, in make_ir\n    return ast_to_ttir(self.fn, self, context=context, options=options, codegen_fns=codegen_fns,\ntriton.compiler.errors.CompilationError: at 31:22:\n\n    for n in range(0, N, BLOCK_SIZE_N):\n        n_offsets = n + tl.arange(0, BLOCK_SIZE_N)\n        mask = n_offsets < N\n\n        a_ptrs = assignment_ptr + (pid_b * N + n_offsets) * assignment_stride_bn + pid_k * assignment_stride_k\n        a_val = tl.load(a_ptrs, mask=mask, other=0.0)\n\n        x_ptrs = x_ptr + pid_b * x_stride_b + n_offsets * x_stride_n + pid_d * x_stride_d\n        x_val = tl.load(x_ptrs, mask=mask, other=0.0)\n\n        vlad_part1 += tl.dot(a_val, x_val, allow_tf32=True)\n                      ^\n\n\nThe above exception was the direct cause of the following exception:\n\nTraceback (most recent call last):\n  File "/home/lijiaxing/.conda/envs/api/lib/python3.10/site-packages/triton/language/core.py", line 42, in wrapper\n    return fn(*args, **kwargs)\n  File "/home/lijiaxing/.conda/envs/api/lib/python3.10/site-packages/triton/language/core.py", line 2045, in dot\n    return _semantic.dot(input, other, acc, input_precision, max_num_imprecise_acc, out_dtype)\n  File "/home/lijiaxing/.conda/envs/api/lib/python3.10/site-packages/triton/language/semantic.py", line 1497, in dot\n    assert lhs_rank == rhs_rank == 2 or lhs_rank == rhs_rank == 3, f"Both inputs must be either 2D or 3D; (lhs: {lhs.shape} vs rhs: {rhs.shape})"\nAssertionError: Both inputs must be either 2D or 3D; (lhs: [\'constexpr[128]\'] vs rhs: [\'constexpr[128]\'])\n', 'runtime_error_name': 'triton.compiler.errors.CompilationError', 'reference_timing_ms': 0.265, 'speed_up': -1.0, 'custom_timing': -1.0}, 'runtime': -1.0, 'runtime_stats': {}}}
2025-08-08 03:45:31,410 - openevolve.llm.ensemble - INFO - Sampled model: deepseek
2025-08-08 03:45:31,415 - openevolve.database - INFO - New MAP-Elites cell occupied: {'score': 9, 'complexity': 7}
2025-08-08 03:45:31,427 - openevolve.threaded_parallel - INFO - Iteration 12: Program a3eb7e20-1f37-416b-991d-b95970fd5bd8 (parent: 5ecfbe02-85b0-4e95-9e71-609b456e7d96) completed in 545.56s
2025-08-08 03:45:31,427 - openevolve.threaded_parallel - INFO - Metrics: compiled=1.0000, correctness=0.0000, score=10.0000, stage=wrong_answer, verify_payload={'id': 'level3_47_NetVladNoGhostClusters', 'result': {'compiled': True, 'correctness': False, 'metadata': {'hardware': 'NVIDIA L20Y', 'device': 'cuda:4', 'runtime_error': 'Traceback (most recent call last):\n  File "/home/lijiaxing/.conda/envs/api/lib/python3.10/site-packages/triton/language/core.py", line 42, in wrapper\n    return fn(*args, **kwargs)\n  File "/home/lijiaxing/.conda/envs/api/lib/python3.10/site-packages/triton/language/core.py", line 2045, in dot\n    return _semantic.dot(input, other, acc, input_precision, max_num_imprecise_acc, out_dtype)\n  File "/home/lijiaxing/.conda/envs/api/lib/python3.10/site-packages/triton/language/semantic.py", line 1497, in dot\n    assert lhs_rank == rhs_rank == 2 or lhs_rank == rhs_rank == 3, f"Both inputs must be either 2D or 3D; (lhs: {lhs.shape} vs rhs: {rhs.shape})"\nAssertionError: Both inputs must be either 2D or 3D; (lhs: [\'constexpr[128]\'] vs rhs: [\'constexpr[128]\'])\n\nThe above exception was the direct cause of the following exception:\n\nTraceback (most recent call last):\n  File "/cpfs01/shared/llm_kernel/hujiakai/KernelLLM/validation_api_server/helpers/evaluations.py", line 720, in run_and_check_correctness\n    output_new = model_new(*inputs)\n  File "/home/lijiaxing/.conda/envs/api/lib/python3.10/site-packages/torch/nn/modules/module.py", line 1773, in _wrapped_call_impl\n    return self._call_impl(*args, **kwargs)\n  File "/home/lijiaxing/.conda/envs/api/lib/python3.10/site-packages/torch/nn/modules/module.py", line 1784, in _call_impl\n    return forward_call(*args, **kwargs)\n  File "/tmp/tmp19_wctl_.py", line 105, in forward\n    vlad_compute_kernel[grid](\n  File "/home/lijiaxing/.conda/envs/api/lib/python3.10/site-packages/triton/runtime/jit.py", line 390, in <lambda>\n    return lambda *args, **kwargs: self.run(grid=grid, warmup=False, *args, **kwargs)\n  File "/home/lijiaxing/.conda/envs/api/lib/python3.10/site-packages/triton/runtime/jit.py", line 594, in run\n    kernel = self.compile(src, target=target, options=options.__dict__)\n  File "/home/lijiaxing/.conda/envs/api/lib/python3.10/site-packages/triton/compiler/compiler.py", line 339, in compile\n    module = src.make_ir(options, codegen_fns, module_map, context)\n  File "/home/lijiaxing/.conda/envs/api/lib/python3.10/site-packages/triton/compiler/compiler.py", line 83, in make_ir\n    return ast_to_ttir(self.fn, self, context=context, options=options, codegen_fns=codegen_fns,\ntriton.compiler.errors.CompilationError: at 31:22:\n\n    for n in range(0, N, BLOCK_SIZE_N):\n        n_offsets = n + tl.arange(0, BLOCK_SIZE_N)\n        mask = n_offsets < N\n\n        a_ptrs = assignment_ptr + (pid_b * N + n_offsets) * assignment_stride_bn + pid_k * assignment_stride_k\n        a_val = tl.load(a_ptrs, mask=mask, other=0.0)\n\n        x_ptrs = x_ptr + pid_b * x_stride_b + n_offsets * x_stride_n + pid_d * x_stride_d\n        x_val = tl.load(x_ptrs, mask=mask, other=0.0)\n\n        vlad_part1 += tl.dot(a_val, x_val, allow_tf32=True)\n                      ^\n\n\nThe above exception was the direct cause of the following exception:\n\nTraceback (most recent call last):\n  File "/home/lijiaxing/.conda/envs/api/lib/python3.10/site-packages/triton/language/core.py", line 42, in wrapper\n    return fn(*args, **kwargs)\n  File "/home/lijiaxing/.conda/envs/api/lib/python3.10/site-packages/triton/language/core.py", line 2045, in dot\n    return _semantic.dot(input, other, acc, input_precision, max_num_imprecise_acc, out_dtype)\n  File "/home/lijiaxing/.conda/envs/api/lib/python3.10/site-packages/triton/language/semantic.py", line 1497, in dot\n    assert lhs_rank == rhs_rank == 2 or lhs_rank == rhs_rank == 3, f"Both inputs must be either 2D or 3D; (lhs: {lhs.shape} vs rhs: {rhs.shape})"\nAssertionError: Both inputs must be either 2D or 3D; (lhs: [\'constexpr[128]\'] vs rhs: [\'constexpr[128]\'])\n', 'runtime_error_name': 'triton.compiler.errors.CompilationError', 'reference_timing_ms': 0.265, 'speed_up': -1.0, 'custom_timing': -1.0}, 'runtime': -1.0, 'runtime_stats': {}}}
2025-08-08 03:45:31,427 - openevolve.threaded_parallel - INFO - Checkpoint interval reached at iteration 12
2025-08-08 03:45:31,429 - openevolve.database - INFO - Island Status:
2025-08-08 03:45:31,429 - openevolve.database - INFO -    Island 0: 6 programs, best=20.0000, avg=-26.6667, diversity=1181.97, gen=4 (best: 9a5f3ba5-8b81-4a22-a4dc-cb6405ae7fc1)
2025-08-08 03:45:31,429 - openevolve.database - INFO -    Island 1: 5 programs, best=20.0000, avg=14.0000, diversity=191.88, gen=5 (best: 5ecfbe02-85b0-4e95-9e71-609b456e7d96)
2025-08-08 03:45:31,429 - openevolve.database - INFO -  * Island 2: 3 programs, best=10.0000, avg=-63.3333, diversity=1234.07, gen=4 (best: e9ad20a6-1491-4939-8fe6-5215084d760f)
2025-08-08 03:45:31,614 - openevolve.database - INFO - Saved database with 14 programs to openevolve_output/level3_47_NetVladNoGhostClusters/checkpoints/checkpoint_12
2025-08-08 03:45:31,629 - openevolve.controller - INFO - Saved best program at checkpoint 12 with metrics: compiled=1.0000, correctness=1.0000, stage=success, passed=0.0000, score=20.0000, speed_up=0.1230, runtime_ms=2.1500, meta={'hardware': 'NVIDIA L20Y', 'device': 'cuda:6', 'correctness_trials': '(5 / 5)', 'reference_timing_ms': 0.265, 'speed_up': 0.123, 'custom_timing': 2.15}
2025-08-08 03:45:31,629 - openevolve.controller - INFO - Saved checkpoint at iteration 12 to openevolve_output/level3_47_NetVladNoGhostClusters/checkpoints/checkpoint_12
2025-08-08 03:49:48,410 - openevolve.RemoteSpeedupEvaluator - INFO - [level3_47_NetVladNoGhostClusters] triton key words check pass
2025-08-08 03:49:48,412 - openevolve.RemoteSpeedupEvaluator - INFO - [level3_47_NetVladNoGhostClusters] verify_plus payload: reference_code(3482 chars) + custom_code(6823 chars)
2025-08-08 03:49:52,489 - openevolve.RemoteSpeedupEvaluator - INFO - [level3_47_NetVladNoGhostClusters] verify_plus request success
2025-08-08 03:49:52,490 - openevolve.RemoteSpeedupEvaluator - INFO - [level3_47_NetVladNoGhostClusters] verify_plus response: {"id":"level3_47_NetVladNoGhostClusters","result":{"compiled":true,"correctness":false,"metadata":{"hardware":"NVIDIA L20Y","device":"cuda:5","max_difference":["0.076610","0.074949","0.079200","0.077699","0.078233"],"avg_difference":["0.007552","0.007547","0.007477","0.007498","0.007486"],"correctness_issue":"Output mismatch","correctness_trials":"(0 / 5)","reference_timing_ms":0.265,"speed_up":-1.0,"custom_timing":-1.0},"runtime":-1.0,"runtime_stats":{}}}
2025-08-08 03:49:52,490 - openevolve.RemoteSpeedupEvaluator - INFO - [level3_47_NetVladNoGhostClusters] âœ˜ wrong_answer
2025-08-08 03:49:52,490 - openevolve.evaluator - INFO - Evaluated program 9d9015c3-7a28-469e-9d79-5e3e3c418b0f in 4.08s: compiled=1.0000, correctness=0.0000, score=10.0000, stage=wrong_answer, verify_payload={'id': 'level3_47_NetVladNoGhostClusters', 'result': {'compiled': True, 'correctness': False, 'metadata': {'hardware': 'NVIDIA L20Y', 'device': 'cuda:5', 'max_difference': ['0.076610', '0.074949', '0.079200', '0.077699', '0.078233'], 'avg_difference': ['0.007552', '0.007547', '0.007477', '0.007498', '0.007486'], 'correctness_issue': 'Output mismatch', 'correctness_trials': '(0 / 5)', 'reference_timing_ms': 0.265, 'speed_up': -1.0, 'custom_timing': -1.0}, 'runtime': -1.0, 'runtime_stats': {}}}
2025-08-08 03:49:52,494 - openevolve.llm.ensemble - INFO - Sampled model: deepseek
2025-08-08 03:49:52,503 - openevolve.threaded_parallel - INFO - Iteration 11: Program 9d9015c3-7a28-469e-9d79-5e3e3c418b0f (parent: 6b003b9f-26ab-44cd-9bda-48ca76eff38a) completed in 1207.98s
2025-08-08 03:49:52,503 - openevolve.threaded_parallel - INFO - Metrics: compiled=1.0000, correctness=0.0000, score=10.0000, stage=wrong_answer, verify_payload={'id': 'level3_47_NetVladNoGhostClusters', 'result': {'compiled': True, 'correctness': False, 'metadata': {'hardware': 'NVIDIA L20Y', 'device': 'cuda:5', 'max_difference': ['0.076610', '0.074949', '0.079200', '0.077699', '0.078233'], 'avg_difference': ['0.007552', '0.007547', '0.007477', '0.007498', '0.007486'], 'correctness_issue': 'Output mismatch', 'correctness_trials': '(0 / 5)', 'reference_timing_ms': 0.265, 'speed_up': -1.0, 'custom_timing': -1.0}, 'runtime': -1.0, 'runtime_stats': {}}}
2025-08-08 03:53:26,819 - openevolve.RemoteSpeedupEvaluator - INFO - [level3_47_NetVladNoGhostClusters] triton key words check pass
2025-08-08 03:53:26,820 - openevolve.RemoteSpeedupEvaluator - INFO - [level3_47_NetVladNoGhostClusters] verify_plus payload: reference_code(3482 chars) + custom_code(4706 chars)
2025-08-08 03:53:30,088 - openevolve.RemoteSpeedupEvaluator - INFO - [level3_47_NetVladNoGhostClusters] verify_plus request success
2025-08-08 03:53:30,088 - openevolve.RemoteSpeedupEvaluator - INFO - [level3_47_NetVladNoGhostClusters] verify_plus response: {"id":"level3_47_NetVladNoGhostClusters","result":{"compiled":true,"correctness":false,"metadata":{"hardware":"NVIDIA L20Y","device":"cuda:6","runtime_error":"Traceback (most recent call last):\n  File \"/cpfs01/shared/llm_kernel/hujiakai/KernelLLM/validation_api_server/helpers/evaluations.py\", line 720, in run_and_check_correctness\n    output_new = model_new(*inputs)\n  File \"/home/lijiaxing/.conda/envs/api/lib/python3.10/site-packages/torch/nn/modules/module.py\", line 1773, in _wrapped_call_impl\n    return self._call_impl(*args, **kwargs)\n  File \"/home/lijiaxing/.conda/envs/api/lib/python3.10/site-packages/torch/nn/modules/module.py\", line 1784, in _call_impl\n    return forward_call(*args, **kwargs)\n  File \"/tmp/tmp8ety69xu.py\", line 105, in forward\n    assignment = triton_m
2025-08-08 03:53:30,088 - openevolve.RemoteSpeedupEvaluator - INFO - [level3_47_NetVladNoGhostClusters] âœ˜ wrong_answer
2025-08-08 03:53:30,089 - openevolve.evaluator - INFO - Evaluated program 6de21ab8-d26b-4927-955d-7ffd5c7e8af3 in 3.27s: compiled=1.0000, correctness=0.0000, score=10.0000, stage=wrong_answer, verify_payload={'id': 'level3_47_NetVladNoGhostClusters', 'result': {'compiled': True, 'correctness': False, 'metadata': {'hardware': 'NVIDIA L20Y', 'device': 'cuda:6', 'runtime_error': 'Traceback (most recent call last):\n  File "/cpfs01/shared/llm_kernel/hujiakai/KernelLLM/validation_api_server/helpers/evaluations.py", line 720, in run_and_check_correctness\n    output_new = model_new(*inputs)\n  File "/home/lijiaxing/.conda/envs/api/lib/python3.10/site-packages/torch/nn/modules/module.py", line 1773, in _wrapped_call_impl\n    return self._call_impl(*args, **kwargs)\n  File "/home/lijiaxing/.conda/envs/api/lib/python3.10/site-packages/torch/nn/modules/module.py", line 1784, in _call_impl\n    return forward_call(*args, **kwargs)\n  File "/tmp/tmp8ety69xu.py", line 105, in forward\n    assignment = triton_matmul(x, self.clusters)\n  File "/tmp/tmp8ety69xu.py", line 73, in triton_matmul\n    matmul_kernel[grid](\n  File "/home/lijiaxing/.conda/envs/api/lib/python3.10/site-packages/triton/runtime/jit.py", line 390, in <lambda>\n    return lambda *args, **kwargs: self.run(grid=grid, warmup=False, *args, **kwargs)\n  File "/home/lijiaxing/.conda/envs/api/lib/python3.10/site-packages/triton/runtime/autotuner.py", line 239, in run\n    benchmark()\n  File "/home/lijiaxing/.conda/envs/api/lib/python3.10/site-packages/triton/runtime/autotuner.py", line 228, in benchmark\n    timings = {config: self._bench(*args, config=config, **kwargs) for config in pruned_configs}\n  File "/home/lijiaxing/.conda/envs/api/lib/python3.10/site-packages/triton/runtime/autotuner.py", line 228, in <dictcomp>\n    timings = {config: self._bench(*args, config=config, **kwargs) for config in pruned_configs}\n  File "/home/lijiaxing/.conda/envs/api/lib/python3.10/site-packages/triton/runtime/autotuner.py", line 135, in _bench\n    raise ValueError(f"Conflicting meta-parameters: {\', \'.join(conflicts)}."\nValueError: Conflicting meta-parameters: BLOCK_SIZE. Make sure that you don\'t re-define auto-tuned symbols.\n', 'runtime_error_name': 'builtins.ValueError', 'reference_timing_ms': 0.265, 'speed_up': -1.0, 'custom_timing': -1.0}, 'runtime': -1.0, 'runtime_stats': {}}}
2025-08-08 03:53:30,092 - openevolve.database - INFO - New MAP-Elites cell occupied: {'score': 9, 'complexity': 6}
2025-08-08 03:53:30,093 - openevolve.llm.ensemble - INFO - Sampled model: deepseek
2025-08-08 03:53:30,104 - openevolve.threaded_parallel - INFO - Iteration 15: Program 6de21ab8-d26b-4927-955d-7ffd5c7e8af3 (parent: 4ecc7471-feef-43e9-8ab5-9ef3ff42a7ab) completed in 478.68s
2025-08-08 03:53:30,104 - openevolve.threaded_parallel - INFO - Metrics: compiled=1.0000, correctness=0.0000, score=10.0000, stage=wrong_answer, verify_payload={'id': 'level3_47_NetVladNoGhostClusters', 'result': {'compiled': True, 'correctness': False, 'metadata': {'hardware': 'NVIDIA L20Y', 'device': 'cuda:6', 'runtime_error': 'Traceback (most recent call last):\n  File "/cpfs01/shared/llm_kernel/hujiakai/KernelLLM/validation_api_server/helpers/evaluations.py", line 720, in run_and_check_correctness\n    output_new = model_new(*inputs)\n  File "/home/lijiaxing/.conda/envs/api/lib/python3.10/site-packages/torch/nn/modules/module.py", line 1773, in _wrapped_call_impl\n    return self._call_impl(*args, **kwargs)\n  File "/home/lijiaxing/.conda/envs/api/lib/python3.10/site-packages/torch/nn/modules/module.py", line 1784, in _call_impl\n    return forward_call(*args, **kwargs)\n  File "/tmp/tmp8ety69xu.py", line 105, in forward\n    assignment = triton_matmul(x, self.clusters)\n  File "/tmp/tmp8ety69xu.py", line 73, in triton_matmul\n    matmul_kernel[grid](\n  File "/home/lijiaxing/.conda/envs/api/lib/python3.10/site-packages/triton/runtime/jit.py", line 390, in <lambda>\n    return lambda *args, **kwargs: self.run(grid=grid, warmup=False, *args, **kwargs)\n  File "/home/lijiaxing/.conda/envs/api/lib/python3.10/site-packages/triton/runtime/autotuner.py", line 239, in run\n    benchmark()\n  File "/home/lijiaxing/.conda/envs/api/lib/python3.10/site-packages/triton/runtime/autotuner.py", line 228, in benchmark\n    timings = {config: self._bench(*args, config=config, **kwargs) for config in pruned_configs}\n  File "/home/lijiaxing/.conda/envs/api/lib/python3.10/site-packages/triton/runtime/autotuner.py", line 228, in <dictcomp>\n    timings = {config: self._bench(*args, config=config, **kwargs) for config in pruned_configs}\n  File "/home/lijiaxing/.conda/envs/api/lib/python3.10/site-packages/triton/runtime/autotuner.py", line 135, in _bench\n    raise ValueError(f"Conflicting meta-parameters: {\', \'.join(conflicts)}."\nValueError: Conflicting meta-parameters: BLOCK_SIZE. Make sure that you don\'t re-define auto-tuned symbols.\n', 'runtime_error_name': 'builtins.ValueError', 'reference_timing_ms': 0.265, 'speed_up': -1.0, 'custom_timing': -1.0}, 'runtime': -1.0, 'runtime_stats': {}}}
2025-08-08 03:53:30,104 - openevolve.threaded_parallel - INFO - Checkpoint interval reached at iteration 15
2025-08-08 03:53:30,106 - openevolve.database - INFO - Island Status:
2025-08-08 03:53:30,106 - openevolve.database - INFO -    Island 0: 7 programs, best=20.0000, avg=-21.4286, diversity=1129.70, gen=5 (best: 9a5f3ba5-8b81-4a22-a4dc-cb6405ae7fc1)
2025-08-08 03:53:30,106 - openevolve.database - INFO -  * Island 1: 5 programs, best=20.0000, avg=14.0000, diversity=191.88, gen=6 (best: 5ecfbe02-85b0-4e95-9e71-609b456e7d96)
2025-08-08 03:53:30,106 - openevolve.database - INFO -    Island 2: 4 programs, best=10.0000, avg=-45.0000, diversity=1390.62, gen=4 (best: e9ad20a6-1491-4939-8fe6-5215084d760f)
2025-08-08 03:53:30,299 - openevolve.database - INFO - Saved database with 16 programs to openevolve_output/level3_47_NetVladNoGhostClusters/checkpoints/checkpoint_15
2025-08-08 03:53:30,316 - openevolve.controller - INFO - Saved best program at checkpoint 15 with metrics: compiled=1.0000, correctness=1.0000, stage=success, passed=0.0000, score=20.0000, speed_up=0.1230, runtime_ms=2.1500, meta={'hardware': 'NVIDIA L20Y', 'device': 'cuda:6', 'correctness_trials': '(5 / 5)', 'reference_timing_ms': 0.265, 'speed_up': 0.123, 'custom_timing': 2.15}
2025-08-08 03:53:30,316 - openevolve.controller - INFO - Saved checkpoint at iteration 15 to openevolve_output/level3_47_NetVladNoGhostClusters/checkpoints/checkpoint_15
2025-08-08 03:54:25,115 - openevolve.RemoteSpeedupEvaluator - INFO - [level3_47_NetVladNoGhostClusters] triton key words check pass
2025-08-08 03:54:25,116 - openevolve.RemoteSpeedupEvaluator - INFO - [level3_47_NetVladNoGhostClusters] verify_plus payload: reference_code(3482 chars) + custom_code(4341 chars)
2025-08-08 03:54:28,425 - openevolve.RemoteSpeedupEvaluator - INFO - [level3_47_NetVladNoGhostClusters] verify_plus request success
2025-08-08 03:54:28,425 - openevolve.RemoteSpeedupEvaluator - INFO - [level3_47_NetVladNoGhostClusters] verify_plus response: {"id":"level3_47_NetVladNoGhostClusters","result":{"compiled":true,"correctness":false,"metadata":{"hardware":"NVIDIA L20Y","device":"cuda:0","runtime_error":"Traceback (most recent call last):\n  File \"/cpfs01/shared/llm_kernel/hujiakai/KernelLLM/validation_api_server/helpers/evaluations.py\", line 720, in run_and_check_correctness\n    output_new = model_new(*inputs)\n  File \"/home/lijiaxing/.conda/envs/api/lib/python3.10/site-packages/torch/nn/modules/module.py\", line 1773, in _wrapped_call_impl\n    return self._call_impl(*args, **kwargs)\n  File \"/home/lijiaxing/.conda/envs/api/lib/python3.10/site-packages/torch/nn/modules/module.py\", line 1784, in _call_impl\n    return forward_call(*args, **kwargs)\n  File \"/tmp/tmpil5084t4.py\", line 99, in forward\n    assignment = triton_ma
2025-08-08 03:54:28,425 - openevolve.RemoteSpeedupEvaluator - INFO - [level3_47_NetVladNoGhostClusters] âœ˜ wrong_answer
2025-08-08 03:54:28,426 - openevolve.evaluator - INFO - Evaluated program 90c39d53-ef33-468e-8755-c6e1d22f4ff3 in 3.31s: compiled=1.0000, correctness=0.0000, score=10.0000, stage=wrong_answer, verify_payload={'id': 'level3_47_NetVladNoGhostClusters', 'result': {'compiled': True, 'correctness': False, 'metadata': {'hardware': 'NVIDIA L20Y', 'device': 'cuda:0', 'runtime_error': 'Traceback (most recent call last):\n  File "/cpfs01/shared/llm_kernel/hujiakai/KernelLLM/validation_api_server/helpers/evaluations.py", line 720, in run_and_check_correctness\n    output_new = model_new(*inputs)\n  File "/home/lijiaxing/.conda/envs/api/lib/python3.10/site-packages/torch/nn/modules/module.py", line 1773, in _wrapped_call_impl\n    return self._call_impl(*args, **kwargs)\n  File "/home/lijiaxing/.conda/envs/api/lib/python3.10/site-packages/torch/nn/modules/module.py", line 1784, in _call_impl\n    return forward_call(*args, **kwargs)\n  File "/tmp/tmpil5084t4.py", line 99, in forward\n    assignment = triton_matmul(x, self.clusters)\n  File "/tmp/tmpil5084t4.py", line 67, in triton_matmul\n    matmul_kernel[grid](\n  File "/home/lijiaxing/.conda/envs/api/lib/python3.10/site-packages/triton/runtime/jit.py", line 390, in <lambda>\n    return lambda *args, **kwargs: self.run(grid=grid, warmup=False, *args, **kwargs)\n  File "/home/lijiaxing/.conda/envs/api/lib/python3.10/site-packages/triton/runtime/autotuner.py", line 239, in run\n    benchmark()\n  File "/home/lijiaxing/.conda/envs/api/lib/python3.10/site-packages/triton/runtime/autotuner.py", line 228, in benchmark\n    timings = {config: self._bench(*args, config=config, **kwargs) for config in pruned_configs}\n  File "/home/lijiaxing/.conda/envs/api/lib/python3.10/site-packages/triton/runtime/autotuner.py", line 228, in <dictcomp>\n    timings = {config: self._bench(*args, config=config, **kwargs) for config in pruned_configs}\n  File "/home/lijiaxing/.conda/envs/api/lib/python3.10/site-packages/triton/runtime/autotuner.py", line 135, in _bench\n    raise ValueError(f"Conflicting meta-parameters: {\', \'.join(conflicts)}."\nValueError: Conflicting meta-parameters: BLOCK_K. Make sure that you don\'t re-define auto-tuned symbols.\n', 'runtime_error_name': 'builtins.ValueError', 'reference_timing_ms': 0.265, 'speed_up': -1.0, 'custom_timing': -1.0}, 'runtime': -1.0, 'runtime_stats': {}}}
2025-08-08 03:54:28,429 - openevolve.llm.ensemble - INFO - Sampled model: deepseek
2025-08-08 03:54:28,447 - openevolve.threaded_parallel - INFO - Iteration 16: Program 90c39d53-ef33-468e-8755-c6e1d22f4ff3 (parent: f1d8d944-69a0-4a63-935e-c432aca52b18) completed in 275.93s
2025-08-08 03:54:28,447 - openevolve.threaded_parallel - INFO - Metrics: compiled=1.0000, correctness=0.0000, score=10.0000, stage=wrong_answer, verify_payload={'id': 'level3_47_NetVladNoGhostClusters', 'result': {'compiled': True, 'correctness': False, 'metadata': {'hardware': 'NVIDIA L20Y', 'device': 'cuda:0', 'runtime_error': 'Traceback (most recent call last):\n  File "/cpfs01/shared/llm_kernel/hujiakai/KernelLLM/validation_api_server/helpers/evaluations.py", line 720, in run_and_check_correctness\n    output_new = model_new(*inputs)\n  File "/home/lijiaxing/.conda/envs/api/lib/python3.10/site-packages/torch/nn/modules/module.py", line 1773, in _wrapped_call_impl\n    return self._call_impl(*args, **kwargs)\n  File "/home/lijiaxing/.conda/envs/api/lib/python3.10/site-packages/torch/nn/modules/module.py", line 1784, in _call_impl\n    return forward_call(*args, **kwargs)\n  File "/tmp/tmpil5084t4.py", line 99, in forward\n    assignment = triton_matmul(x, self.clusters)\n  File "/tmp/tmpil5084t4.py", line 67, in triton_matmul\n    matmul_kernel[grid](\n  File "/home/lijiaxing/.conda/envs/api/lib/python3.10/site-packages/triton/runtime/jit.py", line 390, in <lambda>\n    return lambda *args, **kwargs: self.run(grid=grid, warmup=False, *args, **kwargs)\n  File "/home/lijiaxing/.conda/envs/api/lib/python3.10/site-packages/triton/runtime/autotuner.py", line 239, in run\n    benchmark()\n  File "/home/lijiaxing/.conda/envs/api/lib/python3.10/site-packages/triton/runtime/autotuner.py", line 228, in benchmark\n    timings = {config: self._bench(*args, config=config, **kwargs) for config in pruned_configs}\n  File "/home/lijiaxing/.conda/envs/api/lib/python3.10/site-packages/triton/runtime/autotuner.py", line 228, in <dictcomp>\n    timings = {config: self._bench(*args, config=config, **kwargs) for config in pruned_configs}\n  File "/home/lijiaxing/.conda/envs/api/lib/python3.10/site-packages/triton/runtime/autotuner.py", line 135, in _bench\n    raise ValueError(f"Conflicting meta-parameters: {\', \'.join(conflicts)}."\nValueError: Conflicting meta-parameters: BLOCK_K. Make sure that you don\'t re-define auto-tuned symbols.\n', 'runtime_error_name': 'builtins.ValueError', 'reference_timing_ms': 0.265, 'speed_up': -1.0, 'custom_timing': -1.0}, 'runtime': -1.0, 'runtime_stats': {}}}
2025-08-08 03:57:41,657 - openevolve.RemoteSpeedupEvaluator - INFO - [level3_47_NetVladNoGhostClusters] triton key words check pass
2025-08-08 03:57:41,659 - openevolve.RemoteSpeedupEvaluator - INFO - [level3_47_NetVladNoGhostClusters] verify_plus payload: reference_code(3482 chars) + custom_code(5866 chars)
2025-08-08 03:57:48,939 - openevolve.RemoteSpeedupEvaluator - INFO - [level3_47_NetVladNoGhostClusters] verify_plus request success
2025-08-08 03:57:48,939 - openevolve.RemoteSpeedupEvaluator - INFO - [level3_47_NetVladNoGhostClusters] verify_plus response: {"id":"level3_47_NetVladNoGhostClusters","result":{"compiled":true,"correctness":true,"metadata":{"hardware":"NVIDIA L20Y","device":"cuda:4","correctness_trials":"(5 / 5)","reference_timing_ms":0.265,"speed_up":0.766,"custom_timing":0.346},"runtime":0.346,"runtime_stats":{"mean":0.346,"std":0.0126,"min":0.323,"max":0.386,"num_trials":100,"hardware":"NVIDIA L20Y","device":"cuda:4"}}}
2025-08-08 03:57:48,940 - openevolve.RemoteSpeedupEvaluator - INFO - [level3_47_NetVladNoGhostClusters] âœ” success | speed_up=0.766  score=20.00
2025-08-08 03:57:48,940 - openevolve.evaluator - INFO - Evaluated program 0d92f8dd-dfaf-4ca0-bdad-4af67bfe1a6b in 7.28s: compiled=1.0000, correctness=1.0000, stage=success, passed=0.0000, score=20.0000, speed_up=0.7660, runtime_ms=0.3460, meta={'hardware': 'NVIDIA L20Y', 'device': 'cuda:4', 'correctness_trials': '(5 / 5)', 'reference_timing_ms': 0.265, 'speed_up': 0.766, 'custom_timing': 0.346}
2025-08-08 03:57:48,943 - openevolve.llm.ensemble - INFO - Sampled model: deepseek
2025-08-08 03:57:48,948 - openevolve.database - INFO - MAP-Elites cell improved: {'score': 9, 'complexity': 8} (fitness: 10.000 -> 20.000)
2025-08-08 03:57:48,961 - openevolve.threaded_parallel - INFO - Iteration 14: Program 0d92f8dd-dfaf-4ca0-bdad-4af67bfe1a6b (parent: 9a5f3ba5-8b81-4a22-a4dc-cb6405ae7fc1) completed in 890.19s
2025-08-08 03:57:48,961 - openevolve.threaded_parallel - INFO - Metrics: compiled=1.0000, correctness=1.0000, stage=success, passed=0.0000, score=20.0000, speed_up=0.7660, runtime_ms=0.3460, meta={'hardware': 'NVIDIA L20Y', 'device': 'cuda:4', 'correctness_trials': '(5 / 5)', 'reference_timing_ms': 0.265, 'speed_up': 0.766, 'custom_timing': 0.346}
2025-08-08 04:02:48,273 - openevolve.RemoteSpeedupEvaluator - INFO - [level3_47_NetVladNoGhostClusters] âœ˜ invalid_answer 'import triton' is not found
2025-08-08 04:02:48,275 - openevolve.evaluator - INFO - Evaluated program 8d3644d7-51d1-4e43-a7ff-c918dad75322 in 0.00s: compiled=0.0000, correctness=0.0000, score=-100.0000, stage=no_valid_triton_code, feedback=You need to generate real and valid triton code for the core function. The key word 'import triton' is not found.
2025-08-08 04:02:48,279 - openevolve.database - INFO - New MAP-Elites cell occupied: {'score': -1000, 'complexity': 2}
2025-08-08 04:02:48,280 - openevolve.database - INFO - MAP-Elites coverage reached 10.0% (10/100 cells)
2025-08-08 04:02:48,280 - openevolve.llm.ensemble - INFO - Sampled model: deepseek
2025-08-08 04:02:48,287 - openevolve.threaded_parallel - INFO - Iteration 17: Program 8d3644d7-51d1-4e43-a7ff-c918dad75322 (parent: 33d5b523-ce38-4d37-9800-5ed094da48d4) completed in 558.18s
2025-08-08 04:02:48,287 - openevolve.threaded_parallel - INFO - Metrics: compiled=0.0000, correctness=0.0000, score=-100.0000, stage=no_valid_triton_code, feedback=You need to generate real and valid triton code for the core function. The key word 'import triton' is not found.
2025-08-08 04:02:48,588 - openevolve.RemoteSpeedupEvaluator - INFO - [level3_47_NetVladNoGhostClusters] triton key words check pass
2025-08-08 04:02:48,588 - openevolve.RemoteSpeedupEvaluator - INFO - [level3_47_NetVladNoGhostClusters] verify_plus payload: reference_code(3482 chars) + custom_code(5305 chars)
2025-08-08 04:02:53,376 - openevolve.RemoteSpeedupEvaluator - INFO - [level3_47_NetVladNoGhostClusters] verify_plus request success
2025-08-08 04:02:53,376 - openevolve.RemoteSpeedupEvaluator - INFO - [level3_47_NetVladNoGhostClusters] verify_plus response: {"id":"level3_47_NetVladNoGhostClusters","result":{"compiled":true,"correctness":true,"metadata":{"hardware":"NVIDIA L20Y","device":"cuda:4","correctness_trials":"(5 / 5)","reference_timing_ms":0.265,"speed_up":0.914,"custom_timing":0.29},"runtime":0.29,"runtime_stats":{"mean":0.29,"std":0.012,"min":0.272,"max":0.347,"num_trials":100,"hardware":"NVIDIA L20Y","device":"cuda:4"}}}
2025-08-08 04:02:53,376 - openevolve.RemoteSpeedupEvaluator - INFO - [level3_47_NetVladNoGhostClusters] âœ” success | speed_up=0.914  score=20.00
2025-08-08 04:02:53,377 - openevolve.evaluator - INFO - Evaluated program f444674b-2f05-4ff0-8e1a-7781298f7370 in 4.79s: compiled=1.0000, correctness=1.0000, stage=success, passed=0.0000, score=20.0000, speed_up=0.9140, runtime_ms=0.2900, meta={'hardware': 'NVIDIA L20Y', 'device': 'cuda:4', 'correctness_trials': '(5 / 5)', 'reference_timing_ms': 0.265, 'speed_up': 0.914, 'custom_timing': 0.29}
2025-08-08 04:02:53,381 - openevolve.llm.ensemble - INFO - Sampled model: deepseek
2025-08-08 04:02:53,385 - openevolve.database - INFO - MAP-Elites cell improved: {'score': 9, 'complexity': 7} (fitness: 10.000 -> 20.000)
2025-08-08 04:02:53,397 - openevolve.threaded_parallel - INFO - Iteration 18: Program f444674b-2f05-4ff0-8e1a-7781298f7370 (parent: 3267011e-f905-468b-9e00-f5dafffb0076) completed in 504.95s
2025-08-08 04:02:53,397 - openevolve.threaded_parallel - INFO - Metrics: compiled=1.0000, correctness=1.0000, stage=success, passed=0.0000, score=20.0000, speed_up=0.9140, runtime_ms=0.2900, meta={'hardware': 'NVIDIA L20Y', 'device': 'cuda:4', 'correctness_trials': '(5 / 5)', 'reference_timing_ms': 0.265, 'speed_up': 0.914, 'custom_timing': 0.29}
2025-08-08 04:02:53,398 - openevolve.threaded_parallel - INFO - Checkpoint interval reached at iteration 18
2025-08-08 04:02:53,399 - openevolve.database - INFO - Island Status:
2025-08-08 04:02:53,399 - openevolve.database - INFO -    Island 0: 8 programs, best=20.0000, avg=-31.2500, diversity=1129.70, gen=6 (best: 9a5f3ba5-8b81-4a22-a4dc-cb6405ae7fc1)
2025-08-08 04:02:53,400 - openevolve.database - INFO -    Island 1: 7 programs, best=20.0000, avg=14.2857, diversity=192.35, gen=7 (best: 5ecfbe02-85b0-4e95-9e71-609b456e7d96)
2025-08-08 04:02:53,400 - openevolve.database - INFO -  * Island 2: 5 programs, best=20.0000, avg=-32.0000, diversity=1010.07, gen=6 (best: 0d92f8dd-dfaf-4ca0-bdad-4af67bfe1a6b)
2025-08-08 04:02:53,636 - openevolve.database - INFO - Saved database with 20 programs to openevolve_output/level3_47_NetVladNoGhostClusters/checkpoints/checkpoint_18
2025-08-08 04:02:53,653 - openevolve.controller - INFO - Saved best program at checkpoint 18 with metrics: compiled=1.0000, correctness=1.0000, stage=success, passed=0.0000, score=20.0000, speed_up=0.1230, runtime_ms=2.1500, meta={'hardware': 'NVIDIA L20Y', 'device': 'cuda:6', 'correctness_trials': '(5 / 5)', 'reference_timing_ms': 0.265, 'speed_up': 0.123, 'custom_timing': 2.15}
2025-08-08 04:02:53,653 - openevolve.controller - INFO - Saved checkpoint at iteration 18 to openevolve_output/level3_47_NetVladNoGhostClusters/checkpoints/checkpoint_18
2025-08-08 04:06:12,155 - openevolve.RemoteSpeedupEvaluator - INFO - [level3_47_NetVladNoGhostClusters] triton key words check pass
2025-08-08 04:06:12,157 - openevolve.RemoteSpeedupEvaluator - INFO - [level3_47_NetVladNoGhostClusters] verify_plus payload: reference_code(3482 chars) + custom_code(5352 chars)
2025-08-08 04:06:19,730 - openevolve.RemoteSpeedupEvaluator - INFO - [level3_47_NetVladNoGhostClusters] verify_plus request success
2025-08-08 04:06:19,730 - openevolve.RemoteSpeedupEvaluator - INFO - [level3_47_NetVladNoGhostClusters] verify_plus response: {"id":"level3_47_NetVladNoGhostClusters","result":{"compiled":true,"correctness":true,"metadata":{"hardware":"NVIDIA L20Y","device":"cuda:4","correctness_trials":"(5 / 5)","reference_timing_ms":0.265,"speed_up":0.813,"custom_timing":0.326},"runtime":0.326,"runtime_stats":{"mean":0.326,"std":0.0125,"min":0.304,"max":0.368,"num_trials":100,"hardware":"NVIDIA L20Y","device":"cuda:4"}}}
2025-08-08 04:06:19,730 - openevolve.RemoteSpeedupEvaluator - INFO - [level3_47_NetVladNoGhostClusters] âœ” success | speed_up=0.813  score=20.00
2025-08-08 04:06:19,731 - openevolve.evaluator - INFO - Evaluated program 7c12e7e4-39db-4606-8fdf-8b3f6be63fbf in 7.58s: compiled=1.0000, correctness=1.0000, stage=success, passed=0.0000, score=20.0000, speed_up=0.8130, runtime_ms=0.3260, meta={'hardware': 'NVIDIA L20Y', 'device': 'cuda:4', 'correctness_trials': '(5 / 5)', 'reference_timing_ms': 0.265, 'speed_up': 0.813, 'custom_timing': 0.326}
2025-08-08 04:06:19,734 - openevolve.llm.ensemble - INFO - Sampled model: deepseek
2025-08-08 04:06:19,747 - openevolve.threaded_parallel - INFO - Iteration 20: Program 7c12e7e4-39db-4606-8fdf-8b3f6be63fbf (parent: 6de21ab8-d26b-4927-955d-7ffd5c7e8af3) completed in 211.45s
2025-08-08 04:06:19,747 - openevolve.threaded_parallel - INFO - Metrics: compiled=1.0000, correctness=1.0000, stage=success, passed=0.0000, score=20.0000, speed_up=0.8130, runtime_ms=0.3260, meta={'hardware': 'NVIDIA L20Y', 'device': 'cuda:4', 'correctness_trials': '(5 / 5)', 'reference_timing_ms': 0.265, 'speed_up': 0.813, 'custom_timing': 0.326}
2025-08-08 04:08:03,007 - openevolve.RemoteSpeedupEvaluator - INFO - [level3_47_NetVladNoGhostClusters] triton key words check pass
2025-08-08 04:08:03,009 - openevolve.RemoteSpeedupEvaluator - INFO - [level3_47_NetVladNoGhostClusters] verify_plus payload: reference_code(3482 chars) + custom_code(4373 chars)
2025-08-08 04:08:06,353 - openevolve.RemoteSpeedupEvaluator - INFO - [level3_47_NetVladNoGhostClusters] verify_plus request success
2025-08-08 04:08:06,353 - openevolve.RemoteSpeedupEvaluator - INFO - [level3_47_NetVladNoGhostClusters] verify_plus response: {"id":"level3_47_NetVladNoGhostClusters","result":{"compiled":true,"correctness":true,"metadata":{"hardware":"NVIDIA L20Y","device":"cuda:3","correctness_trials":"(5 / 5)","reference_timing_ms":0.265,"speed_up":0.305,"custom_timing":0.87},"runtime":0.87,"runtime_stats":{"mean":0.87,"std":0.00588,"min":0.862,"max":0.906,"num_trials":100,"hardware":"NVIDIA L20Y","device":"cuda:3"}}}
2025-08-08 04:08:06,354 - openevolve.RemoteSpeedupEvaluator - INFO - [level3_47_NetVladNoGhostClusters] âœ” success | speed_up=0.305  score=20.00
2025-08-08 04:08:06,354 - openevolve.evaluator - INFO - Evaluated program 9e667770-2ddd-4195-90fc-64175a99a1e1 in 3.35s: compiled=1.0000, correctness=1.0000, stage=success, passed=0.0000, score=20.0000, speed_up=0.3050, runtime_ms=0.8700, meta={'hardware': 'NVIDIA L20Y', 'device': 'cuda:3', 'correctness_trials': '(5 / 5)', 'reference_timing_ms': 0.265, 'speed_up': 0.305, 'custom_timing': 0.87}
2025-08-08 04:08:06,359 - openevolve.llm.ensemble - INFO - Sampled model: deepseek
2025-08-08 04:08:06,362 - openevolve.database - INFO - MAP-Elites cell improved: {'score': 9, 'complexity': 6} (fitness: 10.000 -> 20.000)
2025-08-08 04:08:06,395 - openevolve.threaded_parallel - INFO - Iteration 21: Program 9e667770-2ddd-4195-90fc-64175a99a1e1 (parent: a3eb7e20-1f37-416b-991d-b95970fd5bd8) completed in 312.97s
2025-08-08 04:08:06,395 - openevolve.threaded_parallel - INFO - Metrics: compiled=1.0000, correctness=1.0000, stage=success, passed=0.0000, score=20.0000, speed_up=0.3050, runtime_ms=0.8700, meta={'hardware': 'NVIDIA L20Y', 'device': 'cuda:3', 'correctness_trials': '(5 / 5)', 'reference_timing_ms': 0.265, 'speed_up': 0.305, 'custom_timing': 0.87}
2025-08-08 04:08:06,395 - openevolve.threaded_parallel - INFO - Checkpoint interval reached at iteration 21
2025-08-08 04:08:06,397 - openevolve.database - INFO - Island Status:
2025-08-08 04:08:06,397 - openevolve.database - INFO -    Island 0: 9 programs, best=20.0000, avg=-25.5556, diversity=1129.70, gen=7 (best: 9a5f3ba5-8b81-4a22-a4dc-cb6405ae7fc1)
2025-08-08 04:08:06,397 - openevolve.database - INFO -  * Island 1: 7 programs, best=20.0000, avg=14.2857, diversity=192.35, gen=8 (best: 5ecfbe02-85b0-4e95-9e71-609b456e7d96)
2025-08-08 04:08:06,397 - openevolve.database - INFO -    Island 2: 6 programs, best=20.0000, avg=-23.3333, diversity=701.55, gen=6 (best: 0d92f8dd-dfaf-4ca0-bdad-4af67bfe1a6b)
2025-08-08 04:08:06,746 - openevolve.database - INFO - Saved database with 22 programs to openevolve_output/level3_47_NetVladNoGhostClusters/checkpoints/checkpoint_21
2025-08-08 04:08:06,763 - openevolve.controller - INFO - Saved best program at checkpoint 21 with metrics: compiled=1.0000, correctness=1.0000, stage=success, passed=0.0000, score=20.0000, speed_up=0.1230, runtime_ms=2.1500, meta={'hardware': 'NVIDIA L20Y', 'device': 'cuda:6', 'correctness_trials': '(5 / 5)', 'reference_timing_ms': 0.265, 'speed_up': 0.123, 'custom_timing': 2.15}
2025-08-08 04:08:06,763 - openevolve.controller - INFO - Saved checkpoint at iteration 21 to openevolve_output/level3_47_NetVladNoGhostClusters/checkpoints/checkpoint_21
2025-08-08 04:11:21,927 - openevolve.RemoteSpeedupEvaluator - INFO - [level3_47_NetVladNoGhostClusters] âœ˜ invalid_answer 'import triton' is not found
2025-08-08 04:11:21,929 - openevolve.evaluator - INFO - Evaluated program d27aa25a-9a54-4361-a806-e1c97dbdd762 in 0.00s: compiled=0.0000, correctness=0.0000, score=-100.0000, stage=no_valid_triton_code, feedback=You need to generate real and valid triton code for the core function. The key word 'import triton' is not found.
2025-08-08 04:11:21,933 - openevolve.llm.ensemble - INFO - Sampled model: deepseek
2025-08-08 04:11:21,936 - openevolve.database - INFO - New MAP-Elites cell occupied: {'score': -1000, 'complexity': 1}
2025-08-08 04:11:21,944 - openevolve.threaded_parallel - INFO - Iteration 22: Program d27aa25a-9a54-4361-a806-e1c97dbdd762 (parent: 9d9015c3-7a28-469e-9d79-5e3e3c418b0f) completed in 302.20s
2025-08-08 04:11:21,944 - openevolve.threaded_parallel - INFO - Metrics: compiled=0.0000, correctness=0.0000, score=-100.0000, stage=no_valid_triton_code, feedback=You need to generate real and valid triton code for the core function. The key word 'import triton' is not found.
2025-08-08 04:14:31,566 - openevolve.RemoteSpeedupEvaluator - INFO - [level3_47_NetVladNoGhostClusters] triton key words check pass
2025-08-08 04:14:31,568 - openevolve.RemoteSpeedupEvaluator - INFO - [level3_47_NetVladNoGhostClusters] verify_plus payload: reference_code(3482 chars) + custom_code(6959 chars)
2025-08-08 04:14:35,478 - openevolve.RemoteSpeedupEvaluator - INFO - [level3_47_NetVladNoGhostClusters] verify_plus request success
2025-08-08 04:14:35,478 - openevolve.RemoteSpeedupEvaluator - INFO - [level3_47_NetVladNoGhostClusters] verify_plus response: {"id":"level3_47_NetVladNoGhostClusters","result":{"compiled":true,"correctness":false,"metadata":{"hardware":"NVIDIA L20Y","device":"cuda:6","max_difference":["0.039974","0.048234","0.043451","0.045127","0.044422"],"avg_difference":["0.006669","0.006667","0.006599","0.006622","0.006611"],"correctness_issue":"Output mismatch","correctness_trials":"(0 / 5)","reference_timing_ms":0.265,"speed_up":-1.0,"custom_timing":-1.0},"runtime":-1.0,"runtime_stats":{}}}
2025-08-08 04:14:35,478 - openevolve.RemoteSpeedupEvaluator - INFO - [level3_47_NetVladNoGhostClusters] âœ˜ wrong_answer
2025-08-08 04:14:35,479 - openevolve.evaluator - INFO - Evaluated program ca99529b-23c0-4680-bc70-ec110735e65e in 3.91s: compiled=1.0000, correctness=0.0000, score=10.0000, stage=wrong_answer, verify_payload={'id': 'level3_47_NetVladNoGhostClusters', 'result': {'compiled': True, 'correctness': False, 'metadata': {'hardware': 'NVIDIA L20Y', 'device': 'cuda:6', 'max_difference': ['0.039974', '0.048234', '0.043451', '0.045127', '0.044422'], 'avg_difference': ['0.006669', '0.006667', '0.006599', '0.006622', '0.006611'], 'correctness_issue': 'Output mismatch', 'correctness_trials': '(0 / 5)', 'reference_timing_ms': 0.265, 'speed_up': -1.0, 'custom_timing': -1.0}, 'runtime': -1.0, 'runtime_stats': {}}}
2025-08-08 04:14:35,484 - openevolve.llm.ensemble - INFO - Sampled model: deepseek
2025-08-08 04:14:35,499 - openevolve.threaded_parallel - INFO - Iteration 19: Program ca99529b-23c0-4680-bc70-ec110735e65e (parent: 9d9015c3-7a28-469e-9d79-5e3e3c418b0f) completed in 1006.54s
2025-08-08 04:14:35,499 - openevolve.threaded_parallel - INFO - Metrics: compiled=1.0000, correctness=0.0000, score=10.0000, stage=wrong_answer, verify_payload={'id': 'level3_47_NetVladNoGhostClusters', 'result': {'compiled': True, 'correctness': False, 'metadata': {'hardware': 'NVIDIA L20Y', 'device': 'cuda:6', 'max_difference': ['0.039974', '0.048234', '0.043451', '0.045127', '0.044422'], 'avg_difference': ['0.006669', '0.006667', '0.006599', '0.006622', '0.006611'], 'correctness_issue': 'Output mismatch', 'correctness_trials': '(0 / 5)', 'reference_timing_ms': 0.265, 'speed_up': -1.0, 'custom_timing': -1.0}, 'runtime': -1.0, 'runtime_stats': {}}}
2025-08-08 04:18:33,520 - openevolve.RemoteSpeedupEvaluator - INFO - [level3_47_NetVladNoGhostClusters] triton key words check pass
2025-08-08 04:18:33,523 - openevolve.RemoteSpeedupEvaluator - INFO - [level3_47_NetVladNoGhostClusters] verify_plus payload: reference_code(3482 chars) + custom_code(5352 chars)
2025-08-08 04:18:36,818 - openevolve.RemoteSpeedupEvaluator - INFO - [level3_47_NetVladNoGhostClusters] verify_plus request success
2025-08-08 04:18:36,819 - openevolve.RemoteSpeedupEvaluator - INFO - [level3_47_NetVladNoGhostClusters] verify_plus response: {"id":"level3_47_NetVladNoGhostClusters","result":{"compiled":true,"correctness":true,"metadata":{"hardware":"NVIDIA L20Y","device":"cuda:0","correctness_trials":"(5 / 5)","reference_timing_ms":0.265,"speed_up":0.801,"custom_timing":0.331},"runtime":0.331,"runtime_stats":{"mean":0.331,"std":0.0117,"min":0.31,"max":0.375,"num_trials":100,"hardware":"NVIDIA L20Y","device":"cuda:0"}}}
2025-08-08 04:18:36,819 - openevolve.RemoteSpeedupEvaluator - INFO - [level3_47_NetVladNoGhostClusters] âœ” success | speed_up=0.801  score=20.00
2025-08-08 04:18:36,819 - openevolve.evaluator - INFO - Evaluated program 4396c284-cfea-445c-b5ff-b826d97abae4 in 3.30s: compiled=1.0000, correctness=1.0000, stage=success, passed=0.0000, score=20.0000, speed_up=0.8010, runtime_ms=0.3310, meta={'hardware': 'NVIDIA L20Y', 'device': 'cuda:0', 'correctness_trials': '(5 / 5)', 'reference_timing_ms': 0.265, 'speed_up': 0.801, 'custom_timing': 0.331}
2025-08-08 04:18:36,825 - openevolve.llm.ensemble - INFO - Sampled model: deepseek
2025-08-08 04:18:36,842 - openevolve.threaded_parallel - INFO - Iteration 25: Program 4396c284-cfea-445c-b5ff-b826d97abae4 (parent: e9ad20a6-1491-4939-8fe6-5215084d760f) completed in 241.34s
2025-08-08 04:18:36,843 - openevolve.threaded_parallel - INFO - Metrics: compiled=1.0000, correctness=1.0000, stage=success, passed=0.0000, score=20.0000, speed_up=0.8010, runtime_ms=0.3310, meta={'hardware': 'NVIDIA L20Y', 'device': 'cuda:0', 'correctness_trials': '(5 / 5)', 'reference_timing_ms': 0.265, 'speed_up': 0.801, 'custom_timing': 0.331}
2025-08-08 04:23:10,103 - openevolve.RemoteSpeedupEvaluator - INFO - [level3_47_NetVladNoGhostClusters] triton key words check pass
2025-08-08 04:23:10,105 - openevolve.RemoteSpeedupEvaluator - INFO - [level3_47_NetVladNoGhostClusters] verify_plus payload: reference_code(3482 chars) + custom_code(5954 chars)
2025-08-08 04:23:16,245 - openevolve.RemoteSpeedupEvaluator - INFO - [level3_47_NetVladNoGhostClusters] verify_plus request success
2025-08-08 04:23:16,245 - openevolve.RemoteSpeedupEvaluator - INFO - [level3_47_NetVladNoGhostClusters] verify_plus response: {"id":"level3_47_NetVladNoGhostClusters","result":{"compiled":true,"correctness":true,"metadata":{"hardware":"NVIDIA L20Y","device":"cuda:1","correctness_trials":"(5 / 5)","reference_timing_ms":0.265,"speed_up":0.755,"custom_timing":0.351},"runtime":0.351,"runtime_stats":{"mean":0.351,"std":0.0149,"min":0.325,"max":0.411,"num_trials":100,"hardware":"NVIDIA L20Y","device":"cuda:1"}}}
2025-08-08 04:23:16,245 - openevolve.RemoteSpeedupEvaluator - INFO - [level3_47_NetVladNoGhostClusters] âœ” success | speed_up=0.755  score=20.00
2025-08-08 04:23:16,246 - openevolve.evaluator - INFO - Evaluated program 495a1f21-3fdf-4034-add2-997a38b342da in 6.14s: compiled=1.0000, correctness=1.0000, stage=success, passed=0.0000, score=20.0000, speed_up=0.7550, runtime_ms=0.3510, meta={'hardware': 'NVIDIA L20Y', 'device': 'cuda:1', 'correctness_trials': '(5 / 5)', 'reference_timing_ms': 0.265, 'speed_up': 0.755, 'custom_timing': 0.351}
2025-08-08 04:23:16,251 - openevolve.llm.ensemble - INFO - Sampled model: deepseek
2025-08-08 04:23:16,253 - openevolve.database - INFO - Population size (26) exceeds limit (25), removing 1 programs
2025-08-08 04:23:16,253 - openevolve.database - INFO - Population size after cleanup: 25
2025-08-08 04:23:16,266 - openevolve.threaded_parallel - INFO - Iteration 23: Program 495a1f21-3fdf-4034-add2-997a38b342da (parent: 9a5f3ba5-8b81-4a22-a4dc-cb6405ae7fc1) completed in 909.89s
2025-08-08 04:23:16,266 - openevolve.threaded_parallel - INFO - Metrics: compiled=1.0000, correctness=1.0000, stage=success, passed=0.0000, score=20.0000, speed_up=0.7550, runtime_ms=0.3510, meta={'hardware': 'NVIDIA L20Y', 'device': 'cuda:1', 'correctness_trials': '(5 / 5)', 'reference_timing_ms': 0.265, 'speed_up': 0.755, 'custom_timing': 0.351}
2025-08-08 04:26:27,071 - openevolve.RemoteSpeedupEvaluator - INFO - [level3_47_NetVladNoGhostClusters] triton key words check pass
2025-08-08 04:26:27,073 - openevolve.RemoteSpeedupEvaluator - INFO - [level3_47_NetVladNoGhostClusters] verify_plus payload: reference_code(3482 chars) + custom_code(4973 chars)
2025-08-08 04:26:29,732 - openevolve.RemoteSpeedupEvaluator - INFO - [level3_47_NetVladNoGhostClusters] verify_plus request success
2025-08-08 04:26:29,733 - openevolve.RemoteSpeedupEvaluator - INFO - [level3_47_NetVladNoGhostClusters] verify_plus response: {"id":"level3_47_NetVladNoGhostClusters","result":{"compiled":true,"correctness":false,"metadata":{"hardware":"NVIDIA L20Y","device":"cuda:5","runtime_error":"Traceback (most recent call last):\n  File \"/cpfs01/shared/llm_kernel/hujiakai/KernelLLM/validation_api_server/helpers/evaluations.py\", line 720, in run_and_check_correctness\n    output_new = model_new(*inputs)\n  File \"/home/lijiaxing/.conda/envs/api/lib/python3.10/site-packages/torch/nn/modules/module.py\", line 1773, in _wrapped_call_impl\n    return self._call_impl(*args, **kwargs)\n  File \"/home/lijiaxing/.conda/envs/api/lib/python3.10/site-packages/torch/nn/modules/module.py\", line 1784, in _call_impl\n    return forward_call(*args, **kwargs)\n  File \"/tmp/tmpslm552wk.py\", line 119, in forward\n    vlad_compute_kernel[g
2025-08-08 04:26:29,733 - openevolve.RemoteSpeedupEvaluator - INFO - [level3_47_NetVladNoGhostClusters] âœ˜ wrong_answer
2025-08-08 04:26:29,733 - openevolve.evaluator - INFO - Evaluated program 16554f04-3c5c-47e5-b696-7d122af4ac9e in 2.66s: compiled=1.0000, correctness=0.0000, score=10.0000, stage=wrong_answer, verify_payload={'id': 'level3_47_NetVladNoGhostClusters', 'result': {'compiled': True, 'correctness': False, 'metadata': {'hardware': 'NVIDIA L20Y', 'device': 'cuda:5', 'runtime_error': 'Traceback (most recent call last):\n  File "/cpfs01/shared/llm_kernel/hujiakai/KernelLLM/validation_api_server/helpers/evaluations.py", line 720, in run_and_check_correctness\n    output_new = model_new(*inputs)\n  File "/home/lijiaxing/.conda/envs/api/lib/python3.10/site-packages/torch/nn/modules/module.py", line 1773, in _wrapped_call_impl\n    return self._call_impl(*args, **kwargs)\n  File "/home/lijiaxing/.conda/envs/api/lib/python3.10/site-packages/torch/nn/modules/module.py", line 1784, in _call_impl\n    return forward_call(*args, **kwargs)\n  File "/tmp/tmpslm552wk.py", line 119, in forward\n    vlad_compute_kernel[grid](\n  File "/home/lijiaxing/.conda/envs/api/lib/python3.10/site-packages/triton/runtime/jit.py", line 390, in <lambda>\n    return lambda *args, **kwargs: self.run(grid=grid, warmup=False, *args, **kwargs)\n  File "/home/lijiaxing/.conda/envs/api/lib/python3.10/site-packages/triton/runtime/autotuner.py", line 239, in run\n    benchmark()\n  File "/home/lijiaxing/.conda/envs/api/lib/python3.10/site-packages/triton/runtime/autotuner.py", line 228, in benchmark\n    timings = {config: self._bench(*args, config=config, **kwargs) for config in pruned_configs}\n  File "/home/lijiaxing/.conda/envs/api/lib/python3.10/site-packages/triton/runtime/autotuner.py", line 228, in <dictcomp>\n    timings = {config: self._bench(*args, config=config, **kwargs) for config in pruned_configs}\n  File "/home/lijiaxing/.conda/envs/api/lib/python3.10/site-packages/triton/runtime/autotuner.py", line 135, in _bench\n    raise ValueError(f"Conflicting meta-parameters: {\', \'.join(conflicts)}."\nValueError: Conflicting meta-parameters: BLOCK_SIZE_N. Make sure that you don\'t re-define auto-tuned symbols.\n', 'runtime_error_name': 'builtins.ValueError', 'reference_timing_ms': 0.265, 'speed_up': -1.0, 'custom_timing': -1.0}, 'runtime': -1.0, 'runtime_stats': {}}}
2025-08-08 04:26:29,738 - openevolve.llm.ensemble - INFO - Sampled model: deepseek
2025-08-08 04:26:29,744 - openevolve.database - INFO - Population size (26) exceeds limit (25), removing 1 programs
2025-08-08 04:26:29,744 - openevolve.database - INFO - Population size after cleanup: 25
2025-08-08 04:26:29,774 - openevolve.threaded_parallel - INFO - Iteration 24: Program 16554f04-3c5c-47e5-b696-7d122af4ac9e (parent: 5ecfbe02-85b0-4e95-9e71-609b456e7d96) completed in 907.80s
2025-08-08 04:26:29,774 - openevolve.threaded_parallel - INFO - Metrics: compiled=1.0000, correctness=0.0000, score=10.0000, stage=wrong_answer, verify_payload={'id': 'level3_47_NetVladNoGhostClusters', 'result': {'compiled': True, 'correctness': False, 'metadata': {'hardware': 'NVIDIA L20Y', 'device': 'cuda:5', 'runtime_error': 'Traceback (most recent call last):\n  File "/cpfs01/shared/llm_kernel/hujiakai/KernelLLM/validation_api_server/helpers/evaluations.py", line 720, in run_and_check_correctness\n    output_new = model_new(*inputs)\n  File "/home/lijiaxing/.conda/envs/api/lib/python3.10/site-packages/torch/nn/modules/module.py", line 1773, in _wrapped_call_impl\n    return self._call_impl(*args, **kwargs)\n  File "/home/lijiaxing/.conda/envs/api/lib/python3.10/site-packages/torch/nn/modules/module.py", line 1784, in _call_impl\n    return forward_call(*args, **kwargs)\n  File "/tmp/tmpslm552wk.py", line 119, in forward\n    vlad_compute_kernel[grid](\n  File "/home/lijiaxing/.conda/envs/api/lib/python3.10/site-packages/triton/runtime/jit.py", line 390, in <lambda>\n    return lambda *args, **kwargs: self.run(grid=grid, warmup=False, *args, **kwargs)\n  File "/home/lijiaxing/.conda/envs/api/lib/python3.10/site-packages/triton/runtime/autotuner.py", line 239, in run\n    benchmark()\n  File "/home/lijiaxing/.conda/envs/api/lib/python3.10/site-packages/triton/runtime/autotuner.py", line 228, in benchmark\n    timings = {config: self._bench(*args, config=config, **kwargs) for config in pruned_configs}\n  File "/home/lijiaxing/.conda/envs/api/lib/python3.10/site-packages/triton/runtime/autotuner.py", line 228, in <dictcomp>\n    timings = {config: self._bench(*args, config=config, **kwargs) for config in pruned_configs}\n  File "/home/lijiaxing/.conda/envs/api/lib/python3.10/site-packages/triton/runtime/autotuner.py", line 135, in _bench\n    raise ValueError(f"Conflicting meta-parameters: {\', \'.join(conflicts)}."\nValueError: Conflicting meta-parameters: BLOCK_SIZE_N. Make sure that you don\'t re-define auto-tuned symbols.\n', 'runtime_error_name': 'builtins.ValueError', 'reference_timing_ms': 0.265, 'speed_up': -1.0, 'custom_timing': -1.0}, 'runtime': -1.0, 'runtime_stats': {}}}
2025-08-08 04:26:29,774 - openevolve.threaded_parallel - INFO - Checkpoint interval reached at iteration 24
2025-08-08 04:26:29,776 - openevolve.database - INFO - Island Status:
2025-08-08 04:26:29,776 - openevolve.database - INFO -  * Island 0: 9 programs, best=20.0000, avg=-12.2222, diversity=1179.00, gen=9 (best: 9a5f3ba5-8b81-4a22-a4dc-cb6405ae7fc1)
2025-08-08 04:26:29,776 - openevolve.database - INFO -    Island 1: 9 programs, best=20.0000, avg=2.2222, diversity=182.47, gen=9 (best: 5ecfbe02-85b0-4e95-9e71-609b456e7d96)
2025-08-08 04:26:29,776 - openevolve.database - INFO -    Island 2: 7 programs, best=20.0000, avg=-2.8571, diversity=468.17, gen=8 (best: 0d92f8dd-dfaf-4ca0-bdad-4af67bfe1a6b)
2025-08-08 04:26:30,168 - openevolve.database - INFO - Saved database with 25 programs to openevolve_output/level3_47_NetVladNoGhostClusters/checkpoints/checkpoint_24
2025-08-08 04:26:30,184 - openevolve.controller - INFO - Saved best program at checkpoint 24 with metrics: compiled=1.0000, correctness=1.0000, stage=success, passed=0.0000, score=20.0000, speed_up=0.1230, runtime_ms=2.1500, meta={'hardware': 'NVIDIA L20Y', 'device': 'cuda:6', 'correctness_trials': '(5 / 5)', 'reference_timing_ms': 0.265, 'speed_up': 0.123, 'custom_timing': 2.15}
2025-08-08 04:26:30,184 - openevolve.controller - INFO - Saved checkpoint at iteration 24 to openevolve_output/level3_47_NetVladNoGhostClusters/checkpoints/checkpoint_24
2025-08-08 04:31:36,924 - openevolve.RemoteSpeedupEvaluator - INFO - [level3_47_NetVladNoGhostClusters] triton key words check pass
2025-08-08 04:31:36,926 - openevolve.RemoteSpeedupEvaluator - INFO - [level3_47_NetVladNoGhostClusters] verify_plus payload: reference_code(3482 chars) + custom_code(5746 chars)
2025-08-08 04:31:44,152 - openevolve.RemoteSpeedupEvaluator - INFO - [level3_47_NetVladNoGhostClusters] verify_plus request success
2025-08-08 04:31:44,152 - openevolve.RemoteSpeedupEvaluator - INFO - [level3_47_NetVladNoGhostClusters] verify_plus response: {"id":"level3_47_NetVladNoGhostClusters","result":{"compiled":true,"correctness":true,"metadata":{"hardware":"NVIDIA L20Y","device":"cuda:5","correctness_trials":"(5 / 5)","reference_timing_ms":0.265,"speed_up":0.749,"custom_timing":0.354},"runtime":0.354,"runtime_stats":{"mean":0.354,"std":0.0787,"min":0.321,"max":1.12,"num_trials":100,"hardware":"NVIDIA L20Y","device":"cuda:5"}}}
2025-08-08 04:31:44,153 - openevolve.RemoteSpeedupEvaluator - INFO - [level3_47_NetVladNoGhostClusters] âœ” success | speed_up=0.749  score=20.00
2025-08-08 04:31:44,153 - openevolve.evaluator - INFO - Evaluated program a3657111-981c-452a-97fb-bc730a512e91 in 7.23s: compiled=1.0000, correctness=1.0000, stage=success, passed=0.0000, score=20.0000, speed_up=0.7490, runtime_ms=0.3540, meta={'hardware': 'NVIDIA L20Y', 'device': 'cuda:5', 'correctness_trials': '(5 / 5)', 'reference_timing_ms': 0.265, 'speed_up': 0.749, 'custom_timing': 0.354}
2025-08-08 04:31:44,158 - openevolve.llm.ensemble - INFO - Sampled model: deepseek
2025-08-08 04:31:44,159 - openevolve.database - INFO - Population size (26) exceeds limit (25), removing 1 programs
2025-08-08 04:31:44,159 - openevolve.database - INFO - Population size after cleanup: 25
2025-08-08 04:31:44,174 - openevolve.threaded_parallel - INFO - Iteration 28: Program a3657111-981c-452a-97fb-bc730a512e91 (parent: 7c12e7e4-39db-4606-8fdf-8b3f6be63fbf) completed in 314.41s
2025-08-08 04:31:44,174 - openevolve.threaded_parallel - INFO - Metrics: compiled=1.0000, correctness=1.0000, stage=success, passed=0.0000, score=20.0000, speed_up=0.7490, runtime_ms=0.3540, meta={'hardware': 'NVIDIA L20Y', 'device': 'cuda:5', 'correctness_trials': '(5 / 5)', 'reference_timing_ms': 0.265, 'speed_up': 0.749, 'custom_timing': 0.354}
2025-08-08 04:33:43,588 - openevolve.RemoteSpeedupEvaluator - INFO - [level3_47_NetVladNoGhostClusters] triton key words check pass
2025-08-08 04:33:43,590 - openevolve.RemoteSpeedupEvaluator - INFO - [level3_47_NetVladNoGhostClusters] verify_plus payload: reference_code(3482 chars) + custom_code(4378 chars)
2025-08-08 04:33:46,969 - openevolve.RemoteSpeedupEvaluator - INFO - [level3_47_NetVladNoGhostClusters] verify_plus request success
2025-08-08 04:33:46,969 - openevolve.RemoteSpeedupEvaluator - INFO - [level3_47_NetVladNoGhostClusters] verify_plus response: {"id":"level3_47_NetVladNoGhostClusters","result":{"compiled":true,"correctness":true,"metadata":{"hardware":"NVIDIA L20Y","device":"cuda:3","correctness_trials":"(5 / 5)","reference_timing_ms":0.265,"speed_up":0.297,"custom_timing":0.891},"runtime":0.891,"runtime_stats":{"mean":0.891,"std":0.00596,"min":0.884,"max":0.92,"num_trials":100,"hardware":"NVIDIA L20Y","device":"cuda:3"}}}
2025-08-08 04:33:46,969 - openevolve.RemoteSpeedupEvaluator - INFO - [level3_47_NetVladNoGhostClusters] âœ” success | speed_up=0.297  score=20.00
2025-08-08 04:33:46,970 - openevolve.evaluator - INFO - Evaluated program a3ca3d3c-0846-40e2-990d-57ab02bcf10d in 3.38s: compiled=1.0000, correctness=1.0000, stage=success, passed=0.0000, score=20.0000, speed_up=0.2970, runtime_ms=0.8910, meta={'hardware': 'NVIDIA L20Y', 'device': 'cuda:3', 'correctness_trials': '(5 / 5)', 'reference_timing_ms': 0.265, 'speed_up': 0.297, 'custom_timing': 0.891}
2025-08-08 04:33:46,973 - openevolve.database - INFO - MAP-Elites cell improved: {'score': 9, 'complexity': 5} (fitness: 10.000 -> 20.000)
2025-08-08 04:33:46,973 - openevolve.database - INFO - Population size (26) exceeds limit (25), removing 1 programs
2025-08-08 04:33:46,974 - openevolve.database - INFO - Population size after cleanup: 25
2025-08-08 04:33:46,986 - openevolve.threaded_parallel - INFO - Iteration 26: Program a3ca3d3c-0846-40e2-990d-57ab02bcf10d (parent: 33d5b523-ce38-4d37-9800-5ed094da48d4) completed in 910.15s
2025-08-08 04:33:46,986 - openevolve.threaded_parallel - INFO - Metrics: compiled=1.0000, correctness=1.0000, stage=success, passed=0.0000, score=20.0000, speed_up=0.2970, runtime_ms=0.8910, meta={'hardware': 'NVIDIA L20Y', 'device': 'cuda:3', 'correctness_trials': '(5 / 5)', 'reference_timing_ms': 0.265, 'speed_up': 0.297, 'custom_timing': 0.891}
2025-08-08 04:39:33,305 - openevolve.RemoteSpeedupEvaluator - INFO - [level3_47_NetVladNoGhostClusters] triton key words check pass
2025-08-08 04:39:33,307 - openevolve.RemoteSpeedupEvaluator - INFO - [level3_47_NetVladNoGhostClusters] verify_plus payload: reference_code(3482 chars) + custom_code(5219 chars)
2025-08-08 04:39:35,851 - openevolve.RemoteSpeedupEvaluator - INFO - [level3_47_NetVladNoGhostClusters] verify_plus request success
2025-08-08 04:39:35,851 - openevolve.RemoteSpeedupEvaluator - INFO - [level3_47_NetVladNoGhostClusters] verify_plus response: {"id":"level3_47_NetVladNoGhostClusters","result":{"compiled":true,"correctness":false,"metadata":{"hardware":"NVIDIA L20Y","device":"cuda:2","runtime_error":"Traceback (most recent call last):\n  File \"/cpfs01/shared/llm_kernel/hujiakai/KernelLLM/validation_api_server/helpers/evaluations.py\", line 720, in run_and_check_correctness\n    output_new = model_new(*inputs)\n  File \"/home/lijiaxing/.conda/envs/api/lib/python3.10/site-packages/torch/nn/modules/module.py\", line 1773, in _wrapped_call_impl\n    return self._call_impl(*args, **kwargs)\n  File \"/home/lijiaxing/.conda/envs/api/lib/python3.10/site-packages/torch/nn/modules/module.py\", line 1784, in _call_impl\n    return forward_call(*args, **kwargs)\n  File \"/tmp/tmpcjz6mori.py\", line 115, in forward\n    batched_matmul_kernel
2025-08-08 04:39:35,852 - openevolve.RemoteSpeedupEvaluator - INFO - [level3_47_NetVladNoGhostClusters] âœ˜ wrong_answer
2025-08-08 04:39:35,852 - openevolve.evaluator - INFO - Evaluated program aca965d4-8233-43d6-9a57-1ca04dba7f18 in 2.55s: compiled=1.0000, correctness=0.0000, score=10.0000, stage=wrong_answer, verify_payload={'id': 'level3_47_NetVladNoGhostClusters', 'result': {'compiled': True, 'correctness': False, 'metadata': {'hardware': 'NVIDIA L20Y', 'device': 'cuda:2', 'runtime_error': 'Traceback (most recent call last):\n  File "/cpfs01/shared/llm_kernel/hujiakai/KernelLLM/validation_api_server/helpers/evaluations.py", line 720, in run_and_check_correctness\n    output_new = model_new(*inputs)\n  File "/home/lijiaxing/.conda/envs/api/lib/python3.10/site-packages/torch/nn/modules/module.py", line 1773, in _wrapped_call_impl\n    return self._call_impl(*args, **kwargs)\n  File "/home/lijiaxing/.conda/envs/api/lib/python3.10/site-packages/torch/nn/modules/module.py", line 1784, in _call_impl\n    return forward_call(*args, **kwargs)\n  File "/tmp/tmpcjz6mori.py", line 115, in forward\n    batched_matmul_kernel[grid](\n  File "/home/lijiaxing/.conda/envs/api/lib/python3.10/site-packages/triton/runtime/jit.py", line 390, in <lambda>\n    return lambda *args, **kwargs: self.run(grid=grid, warmup=False, *args, **kwargs)\n  File "/home/lijiaxing/.conda/envs/api/lib/python3.10/site-packages/triton/runtime/autotuner.py", line 239, in run\n    benchmark()\n  File "/home/lijiaxing/.conda/envs/api/lib/python3.10/site-packages/triton/runtime/autotuner.py", line 228, in benchmark\n    timings = {config: self._bench(*args, config=config, **kwargs) for config in pruned_configs}\n  File "/home/lijiaxing/.conda/envs/api/lib/python3.10/site-packages/triton/runtime/autotuner.py", line 228, in <dictcomp>\n    timings = {config: self._bench(*args, config=config, **kwargs) for config in pruned_configs}\n  File "/home/lijiaxing/.conda/envs/api/lib/python3.10/site-packages/triton/runtime/autotuner.py", line 135, in _bench\n    raise ValueError(f"Conflicting meta-parameters: {\', \'.join(conflicts)}."\nValueError: Conflicting meta-parameters: BLOCK_N, BLOCK_M, BLOCK_K. Make sure that you don\'t re-define auto-tuned symbols.\n', 'runtime_error_name': 'builtins.ValueError', 'reference_timing_ms': 0.265, 'speed_up': -1.0, 'custom_timing': -1.0}, 'runtime': -1.0, 'runtime_stats': {}}}
2025-08-08 04:39:35,856 - openevolve.database - INFO - Population size (26) exceeds limit (25), removing 1 programs
2025-08-08 04:39:35,856 - openevolve.database - INFO - Population size after cleanup: 25
2025-08-08 04:39:35,869 - openevolve.threaded_parallel - INFO - Iteration 27: Program aca965d4-8233-43d6-9a57-1ca04dba7f18 (parent: 5ecfbe02-85b0-4e95-9e71-609b456e7d96) completed in 979.60s
2025-08-08 04:39:35,869 - openevolve.threaded_parallel - INFO - Metrics: compiled=1.0000, correctness=0.0000, score=10.0000, stage=wrong_answer, verify_payload={'id': 'level3_47_NetVladNoGhostClusters', 'result': {'compiled': True, 'correctness': False, 'metadata': {'hardware': 'NVIDIA L20Y', 'device': 'cuda:2', 'runtime_error': 'Traceback (most recent call last):\n  File "/cpfs01/shared/llm_kernel/hujiakai/KernelLLM/validation_api_server/helpers/evaluations.py", line 720, in run_and_check_correctness\n    output_new = model_new(*inputs)\n  File "/home/lijiaxing/.conda/envs/api/lib/python3.10/site-packages/torch/nn/modules/module.py", line 1773, in _wrapped_call_impl\n    return self._call_impl(*args, **kwargs)\n  File "/home/lijiaxing/.conda/envs/api/lib/python3.10/site-packages/torch/nn/modules/module.py", line 1784, in _call_impl\n    return forward_call(*args, **kwargs)\n  File "/tmp/tmpcjz6mori.py", line 115, in forward\n    batched_matmul_kernel[grid](\n  File "/home/lijiaxing/.conda/envs/api/lib/python3.10/site-packages/triton/runtime/jit.py", line 390, in <lambda>\n    return lambda *args, **kwargs: self.run(grid=grid, warmup=False, *args, **kwargs)\n  File "/home/lijiaxing/.conda/envs/api/lib/python3.10/site-packages/triton/runtime/autotuner.py", line 239, in run\n    benchmark()\n  File "/home/lijiaxing/.conda/envs/api/lib/python3.10/site-packages/triton/runtime/autotuner.py", line 228, in benchmark\n    timings = {config: self._bench(*args, config=config, **kwargs) for config in pruned_configs}\n  File "/home/lijiaxing/.conda/envs/api/lib/python3.10/site-packages/triton/runtime/autotuner.py", line 228, in <dictcomp>\n    timings = {config: self._bench(*args, config=config, **kwargs) for config in pruned_configs}\n  File "/home/lijiaxing/.conda/envs/api/lib/python3.10/site-packages/triton/runtime/autotuner.py", line 135, in _bench\n    raise ValueError(f"Conflicting meta-parameters: {\', \'.join(conflicts)}."\nValueError: Conflicting meta-parameters: BLOCK_N, BLOCK_M, BLOCK_K. Make sure that you don\'t re-define auto-tuned symbols.\n', 'runtime_error_name': 'builtins.ValueError', 'reference_timing_ms': 0.265, 'speed_up': -1.0, 'custom_timing': -1.0}, 'runtime': -1.0, 'runtime_stats': {}}}
2025-08-08 04:39:35,869 - openevolve.threaded_parallel - INFO - Checkpoint interval reached at iteration 27
2025-08-08 04:39:35,872 - openevolve.database - INFO - Island Status:
2025-08-08 04:39:35,872 - openevolve.database - INFO -  * Island 0: 8 programs, best=20.0000, avg=13.7500, diversity=158.80, gen=10 (best: 9a5f3ba5-8b81-4a22-a4dc-cb6405ae7fc1)
2025-08-08 04:39:35,872 - openevolve.database - INFO -    Island 1: 10 programs, best=20.0000, avg=4.0000, diversity=182.47, gen=10 (best: 5ecfbe02-85b0-4e95-9e71-609b456e7d96)
2025-08-08 04:39:35,872 - openevolve.database - INFO -    Island 2: 7 programs, best=20.0000, avg=12.8571, diversity=253.75, gen=9 (best: 0d92f8dd-dfaf-4ca0-bdad-4af67bfe1a6b)
2025-08-08 04:39:36,177 - openevolve.database - INFO - Saved database with 25 programs to openevolve_output/level3_47_NetVladNoGhostClusters/checkpoints/checkpoint_27
2025-08-08 04:39:36,227 - openevolve.controller - INFO - Saved best program at checkpoint 27 with metrics: compiled=1.0000, correctness=1.0000, stage=success, passed=0.0000, score=20.0000, speed_up=0.1230, runtime_ms=2.1500, meta={'hardware': 'NVIDIA L20Y', 'device': 'cuda:6', 'correctness_trials': '(5 / 5)', 'reference_timing_ms': 0.265, 'speed_up': 0.123, 'custom_timing': 2.15}
2025-08-08 04:39:36,228 - openevolve.controller - INFO - Saved checkpoint at iteration 27 to openevolve_output/level3_47_NetVladNoGhostClusters/checkpoints/checkpoint_27
2025-08-08 04:43:33,129 - openevolve.RemoteSpeedupEvaluator - INFO - [level3_47_NetVladNoGhostClusters] triton key words check pass
2025-08-08 04:43:33,131 - openevolve.RemoteSpeedupEvaluator - INFO - [level3_47_NetVladNoGhostClusters] verify_plus payload: reference_code(3482 chars) + custom_code(4775 chars)
2025-08-08 04:43:36,444 - openevolve.RemoteSpeedupEvaluator - INFO - [level3_47_NetVladNoGhostClusters] verify_plus request success
2025-08-08 04:43:36,445 - openevolve.RemoteSpeedupEvaluator - INFO - [level3_47_NetVladNoGhostClusters] verify_plus response: {"id":"level3_47_NetVladNoGhostClusters","result":{"compiled":true,"correctness":false,"metadata":{"hardware":"NVIDIA L20Y","device":"cuda:2","max_difference":["0.039974","0.048234","0.043449","0.045125","0.044439"],"avg_difference":["0.006669","0.006667","0.006599","0.006622","0.006611"],"correctness_issue":"Output mismatch","correctness_trials":"(0 / 5)","reference_timing_ms":0.265,"speed_up":-1.0,"custom_timing":-1.0},"runtime":-1.0,"runtime_stats":{}}}
2025-08-08 04:43:36,445 - openevolve.RemoteSpeedupEvaluator - INFO - [level3_47_NetVladNoGhostClusters] âœ˜ wrong_answer
2025-08-08 04:43:36,445 - openevolve.evaluator - INFO - Evaluated program 852a101b-e676-4231-87f3-38211191630c in 3.32s: compiled=1.0000, correctness=0.0000, score=10.0000, stage=wrong_answer, verify_payload={'id': 'level3_47_NetVladNoGhostClusters', 'result': {'compiled': True, 'correctness': False, 'metadata': {'hardware': 'NVIDIA L20Y', 'device': 'cuda:2', 'max_difference': ['0.039974', '0.048234', '0.043449', '0.045125', '0.044439'], 'avg_difference': ['0.006669', '0.006667', '0.006599', '0.006622', '0.006611'], 'correctness_issue': 'Output mismatch', 'correctness_trials': '(0 / 5)', 'reference_timing_ms': 0.265, 'speed_up': -1.0, 'custom_timing': -1.0}, 'runtime': -1.0, 'runtime_stats': {}}}
2025-08-08 04:43:36,447 - openevolve.database - INFO - Population size (26) exceeds limit (25), removing 1 programs
2025-08-08 04:43:36,447 - openevolve.database - INFO - Population size after cleanup: 25
2025-08-08 04:43:36,459 - openevolve.threaded_parallel - INFO - Iteration 29: Program 852a101b-e676-4231-87f3-38211191630c (parent: 33d5b523-ce38-4d37-9800-5ed094da48d4) completed in 712.29s
2025-08-08 04:43:36,459 - openevolve.threaded_parallel - INFO - Metrics: compiled=1.0000, correctness=0.0000, score=10.0000, stage=wrong_answer, verify_payload={'id': 'level3_47_NetVladNoGhostClusters', 'result': {'compiled': True, 'correctness': False, 'metadata': {'hardware': 'NVIDIA L20Y', 'device': 'cuda:2', 'max_difference': ['0.039974', '0.048234', '0.043449', '0.045125', '0.044439'], 'avg_difference': ['0.006669', '0.006667', '0.006599', '0.006622', '0.006611'], 'correctness_issue': 'Output mismatch', 'correctness_trials': '(0 / 5)', 'reference_timing_ms': 0.265, 'speed_up': -1.0, 'custom_timing': -1.0}, 'runtime': -1.0, 'runtime_stats': {}}}
2025-08-08 04:43:36,460 - openevolve.threaded_parallel - INFO - Evolution completed
2025-08-08 04:43:36,466 - openevolve.threaded_parallel - INFO - Stopped thread pool
2025-08-08 04:43:36,466 - openevolve.threaded_parallel - INFO - Stopped improved parallel controller
2025-08-08 04:43:36,466 - openevolve.controller - INFO - Using tracked best program: 5ecfbe02-85b0-4e95-9e71-609b456e7d96
2025-08-08 04:43:36,466 - openevolve.controller - INFO - Evolution complete. Best program has metrics: compiled=1.0000, correctness=1.0000, stage=success, passed=0.0000, score=20.0000, speed_up=0.1230, runtime_ms=2.1500, meta={'hardware': 'NVIDIA L20Y', 'device': 'cuda:6', 'correctness_trials': '(5 / 5)', 'reference_timing_ms': 0.265, 'speed_up': 0.123, 'custom_timing': 2.15}
2025-08-08 04:43:36,485 - openevolve.controller - INFO - Saved best program to openevolve_output/level3_47_NetVladNoGhostClusters/best/best_program.py with program info to openevolve_output/level3_47_NetVladNoGhostClusters/best/best_program_info.json
2025-08-08 04:43:36,486 - __main__ - INFO - âœ… å®Œæˆ level3_47_NetVladNoGhostClusters
2025-08-08 04:43:36,487 - __main__ - INFO - ======================================================================
2025-08-08 04:43:36,487 - __main__ - INFO - ðŸš€ [6/6] å¼€å§‹ level5_10_rwkv_pytorch
2025-08-08 04:43:36,487 - __main__ - INFO - ======================================================================
2025-08-08 04:43:36,574 - openevolve.controller - INFO - Logging to openevolve_output/level5_10_rwkv_pytorch/logs/openevolve_20250808_044336.log
2025-08-08 04:43:36,575 - openevolve.controller - INFO - Set random seed to 42 for reproducibility
2025-08-08 04:43:36,617 - openevolve.llm.ensemble - INFO - Initialized LLM ensemble with models: deepseek (weight: 0.80), deepseek (weight: 0.20)
2025-08-08 04:43:36,658 - openevolve.llm.ensemble - INFO - Initialized LLM ensemble with models: deepseek (weight: 0.80), deepseek (weight: 0.20)
2025-08-08 04:43:36,659 - openevolve.prompt.sampler - INFO - Set custom templates: system=evaluator_system_message, user=None
2025-08-08 04:43:36,659 - openevolve.database - INFO - Initialized program database with 0 programs
2025-08-08 04:43:36,680 - openevolve.evaluator - INFO - Successfully loaded evaluation function from openevolve_output/level5_10_rwkv_pytorch/evaluation.py
2025-08-08 04:43:36,680 - openevolve.evaluator - INFO - Initialized evaluator with openevolve_output/level5_10_rwkv_pytorch/evaluation.py
2025-08-08 04:43:36,681 - openevolve.controller - INFO - Initialized OpenEvolve with /tmp/ed56f69c5fafeacee298490258a20764.py
2025-08-08 04:43:36,681 - openevolve.controller - INFO - Adding initial program to database
2025-08-08 04:43:36,681 - openevolve.RemoteSpeedupEvaluator - INFO - [level5_10_rwkv_pytorch] verify_plus payload: reference_code(16807 chars) + custom_code(16928 chars)
2025-08-08 04:43:38,940 - openevolve.RemoteSpeedupEvaluator - INFO - [level5_10_rwkv_pytorch] verify_plus request success
2025-08-08 04:43:38,941 - openevolve.RemoteSpeedupEvaluator - INFO - [level5_10_rwkv_pytorch] verify_plus response: {"id":"level5_10_rwkv_pytorch","result":{"error":"No module named 'einops'\nTraceback (most recent call last):\n  File \"/cpfs01/shared/llm_kernel/hujiakai/KernelLLM/validation_api_server/evaluator.py\", line 92, in _measure_perf_worker\n    exec(textwrap.dedent(code_src), temp_module.__dict__)\n  File \"<string>\", line 26, in <module>\nModuleNotFoundError: No module named 'einops'\n"}}
2025-08-08 04:43:38,941 - openevolve.evaluator - WARNING - Evaluation attempt 1/4 failed for program e561cea9-9d47-4837-be40-6bc5bfcc02c7: Error: The reference code is not valid or correct. The verify result is: {'error': 'No module named \'einops\'\nTraceback (most recent call last):\n  File "/cpfs01/shared/llm_kernel/hujiakai/KernelLLM/validation_api_server/evaluator.py", line 92, in _measure_perf_worker\n    exec(textwrap.dedent(code_src), temp_module.__dict__)\n  File "<string>", line 26, in <module>\nModuleNotFoundError: No module named \'einops\'\n'}
2025-08-08 04:43:39,948 - openevolve.RemoteSpeedupEvaluator - INFO - [level5_10_rwkv_pytorch] verify_plus payload: reference_code(16807 chars) + custom_code(16928 chars)
2025-08-08 04:43:42,253 - openevolve.RemoteSpeedupEvaluator - INFO - [level5_10_rwkv_pytorch] verify_plus request success
2025-08-08 04:43:42,254 - openevolve.RemoteSpeedupEvaluator - INFO - [level5_10_rwkv_pytorch] verify_plus response: {"id":"level5_10_rwkv_pytorch","result":{"error":"No module named 'einops'\nTraceback (most recent call last):\n  File \"/cpfs01/shared/llm_kernel/hujiakai/KernelLLM/validation_api_server/evaluator.py\", line 92, in _measure_perf_worker\n    exec(textwrap.dedent(code_src), temp_module.__dict__)\n  File \"<string>\", line 26, in <module>\nModuleNotFoundError: No module named 'einops'\n"}}
2025-08-08 04:43:42,254 - openevolve.evaluator - WARNING - Evaluation attempt 2/4 failed for program e561cea9-9d47-4837-be40-6bc5bfcc02c7: Error: The reference code is not valid or correct. The verify result is: {'error': 'No module named \'einops\'\nTraceback (most recent call last):\n  File "/cpfs01/shared/llm_kernel/hujiakai/KernelLLM/validation_api_server/evaluator.py", line 92, in _measure_perf_worker\n    exec(textwrap.dedent(code_src), temp_module.__dict__)\n  File "<string>", line 26, in <module>\nModuleNotFoundError: No module named \'einops\'\n'}
2025-08-08 04:43:43,256 - openevolve.RemoteSpeedupEvaluator - INFO - [level5_10_rwkv_pytorch] verify_plus payload: reference_code(16807 chars) + custom_code(16928 chars)
2025-08-08 04:43:45,777 - openevolve.RemoteSpeedupEvaluator - INFO - [level5_10_rwkv_pytorch] verify_plus request success
2025-08-08 04:43:45,777 - openevolve.RemoteSpeedupEvaluator - INFO - [level5_10_rwkv_pytorch] verify_plus response: {"id":"level5_10_rwkv_pytorch","result":{"error":"No module named 'einops'\nTraceback (most recent call last):\n  File \"/cpfs01/shared/llm_kernel/hujiakai/KernelLLM/validation_api_server/evaluator.py\", line 92, in _measure_perf_worker\n    exec(textwrap.dedent(code_src), temp_module.__dict__)\n  File \"<string>\", line 26, in <module>\nModuleNotFoundError: No module named 'einops'\n"}}
2025-08-08 04:43:45,778 - openevolve.evaluator - WARNING - Evaluation attempt 3/4 failed for program e561cea9-9d47-4837-be40-6bc5bfcc02c7: Error: The reference code is not valid or correct. The verify result is: {'error': 'No module named \'einops\'\nTraceback (most recent call last):\n  File "/cpfs01/shared/llm_kernel/hujiakai/KernelLLM/validation_api_server/evaluator.py", line 92, in _measure_perf_worker\n    exec(textwrap.dedent(code_src), temp_module.__dict__)\n  File "<string>", line 26, in <module>\nModuleNotFoundError: No module named \'einops\'\n'}
2025-08-08 04:43:46,780 - openevolve.RemoteSpeedupEvaluator - INFO - [level5_10_rwkv_pytorch] verify_plus payload: reference_code(16807 chars) + custom_code(16928 chars)
2025-08-08 04:43:49,099 - openevolve.RemoteSpeedupEvaluator - INFO - [level5_10_rwkv_pytorch] verify_plus request success
2025-08-08 04:43:49,100 - openevolve.RemoteSpeedupEvaluator - INFO - [level5_10_rwkv_pytorch] verify_plus response: {"id":"level5_10_rwkv_pytorch","result":{"error":"No module named 'einops'\nTraceback (most recent call last):\n  File \"/cpfs01/shared/llm_kernel/hujiakai/KernelLLM/validation_api_server/evaluator.py\", line 92, in _measure_perf_worker\n    exec(textwrap.dedent(code_src), temp_module.__dict__)\n  File \"<string>\", line 26, in <module>\nModuleNotFoundError: No module named 'einops'\n"}}
2025-08-08 04:43:49,100 - openevolve.evaluator - WARNING - Evaluation attempt 4/4 failed for program e561cea9-9d47-4837-be40-6bc5bfcc02c7: Error: The reference code is not valid or correct. The verify result is: {'error': 'No module named \'einops\'\nTraceback (most recent call last):\n  File "/cpfs01/shared/llm_kernel/hujiakai/KernelLLM/validation_api_server/evaluator.py", line 92, in _measure_perf_worker\n    exec(textwrap.dedent(code_src), temp_module.__dict__)\n  File "<string>", line 26, in <module>\nModuleNotFoundError: No module named \'einops\'\n'}
2025-08-08 04:43:49,101 - openevolve.evaluator - ERROR - All evaluation attempts failed for program e561cea9-9d47-4837-be40-6bc5bfcc02c7. Last error: Error: The reference code is not valid or correct. The verify result is: {'error': 'No module named \'einops\'\nTraceback (most recent call last):\n  File "/cpfs01/shared/llm_kernel/hujiakai/KernelLLM/validation_api_server/evaluator.py", line 92, in _measure_perf_worker\n    exec(textwrap.dedent(code_src), temp_module.__dict__)\n  File "<string>", line 26, in <module>\nModuleNotFoundError: No module named \'einops\'\n'}
2025-08-08 04:43:49,101 - __main__ - ERROR - ðŸ’¥ å¤±è´¥ level5_10_rwkv_pytorch: 'score'
2025-08-08 04:43:49,102 - __main__ - INFO - ----------------------------------------------------------------------
2025-08-08 04:43:49,102 - __main__ - INFO - ðŸ“Š è¿›ç¨‹ rank=20 ç»“æŸ | æˆåŠŸ 5 | å¤±è´¥ 1
2025-08-08 04:43:49,102 - __main__ - INFO - ----------------------------------------------------------------------
