{
  "id": "8b69b0ae-3012-41e4-a48b-b4281fc9082b",
  "generation": 2,
  "iteration": 2,
  "current_iteration": 0,
  "metrics": {
    "compiled": true,
    "correctness": false,
    "score": 10,
    "stage": "wrong_answer",
    "verify_payload": {
      "id": "level1_69_conv_transposed_2D__asymmetric_input__asymmetric_kernel",
      "result": {
        "compiled": true,
        "correctness": false,
        "metadata": {
          "hardware": "NVIDIA L20Y",
          "device": "cuda:2",
          "runtime_error": "Traceback (most recent call last):\n  File \"/cpfs01/shared/llm_kernel/hujiakai/KernelLLM/validation_api_server/helpers/evaluations.py\", line 720, in run_and_check_correctness\n    output_new = model_new(*inputs)\n  File \"/home/lijiaxing/.conda/envs/api/lib/python3.10/site-packages/torch/nn/modules/module.py\", line 1773, in _wrapped_call_impl\n    return self._call_impl(*args, **kwargs)\n  File \"/home/lijiaxing/.conda/envs/api/lib/python3.10/site-packages/torch/nn/modules/module.py\", line 1784, in _call_impl\n    return forward_call(*args, **kwargs)\n  File \"/tmp/tmptinzm01c.py\", line 145, in forward\n    conv_transpose2d_kernel[grid](\n  File \"/home/lijiaxing/.conda/envs/api/lib/python3.10/site-packages/triton/runtime/jit.py\", line 390, in <lambda>\n    return lambda *args, **kwargs: self.run(grid=grid, warmup=False, *args, **kwargs)\n  File \"/home/lijiaxing/.conda/envs/api/lib/python3.10/site-packages/triton/runtime/jit.py\", line 594, in run\n    kernel = self.compile(src, target=target, options=options.__dict__)\n  File \"/home/lijiaxing/.conda/envs/api/lib/python3.10/site-packages/triton/compiler/compiler.py\", line 339, in compile\n    module = src.make_ir(options, codegen_fns, module_map, context)\n  File \"/home/lijiaxing/.conda/envs/api/lib/python3.10/site-packages/triton/compiler/compiler.py\", line 83, in make_ir\n    return ast_to_ttir(self.fn, self, context=context, options=options, codegen_fns=codegen_fns,\ntriton.compiler.errors.CompilationError: at 43:12:\n    for kh in range(kH):\n        for kw in range(kW):\n            base_h = (h_offsets + padding_h - kh * dilation_h)\n            base_w = (w_offsets + padding_w - kw * dilation_w)\n            valid_base = (base_h[:, None] >= 0) & (base_w[None, :] >= 0)\n            ih = base_h // stride_h\n            iw = base_w // stride_w\n            valid_div = (base_h[:, None] % stride_h == 0) & (base_w[None, :] % stride_w == 0)\n            valid_bounds = (ih[:, None] < H_in) & (iw[None, :] < W_in)\n            valid = valid_base & valid_div & valid_bounds\n\n            for ic_offset in range(0, in_channels_per_group, BLOCK_IC):\n            ^\nAssertionError(\"Loop-carried variable output has initial type <['16', '16'], fp32> but is re-assigned to <['1', '32', '16', '16'], fp32> in loop! Please make sure that the type stays consistent.\")\n\n\nThe above exception was the direct cause of the following exception:\n\nAssertionError: Loop-carried variable output has initial type <['16', '16'], fp32> but is re-assigned to <['1', '32', '16', '16'], fp32> in loop! Please make sure that the type stays consistent.\n",
          "runtime_error_name": "triton.compiler.errors.CompilationError",
          "reference_timing_ms": 0.0435,
          "speed_up": -1.0,
          "custom_timing": -1.0
        },
        "runtime": -1.0,
        "runtime_stats": {}
      }
    }
  },
  "language": "python",
  "timestamp": 1754982948.7680192,
  "saved_at": 1754983024.6326728
}