2025-08-08 17:10:58,198 - openevolve.controller - INFO - Logging to openevolve_output/level1_64_conv_transposed_1D/logs/openevolve_20250808_171058.log
2025-08-08 17:10:58,198 - openevolve.controller - INFO - Set random seed to 42 for reproducibility
2025-08-08 17:10:58,239 - openevolve.llm.ensemble - INFO - Initialized LLM ensemble with models: deepseek (weight: 0.80), deepseek (weight: 0.20)
2025-08-08 17:10:58,278 - openevolve.llm.ensemble - INFO - Initialized LLM ensemble with models: deepseek (weight: 0.80), deepseek (weight: 0.20)
2025-08-08 17:10:58,278 - openevolve.prompt.sampler - INFO - Set custom templates: system=evaluator_system_message, user=None
2025-08-08 17:10:58,279 - openevolve.database - INFO - Initialized program database with 0 programs
2025-08-08 17:10:58,299 - openevolve.evaluator - INFO - Successfully loaded evaluation function from openevolve_output/level1_64_conv_transposed_1D/evaluation.py
2025-08-08 17:10:58,299 - openevolve.evaluator - INFO - Initialized evaluator with openevolve_output/level1_64_conv_transposed_1D/evaluation.py
2025-08-08 17:10:58,300 - openevolve.controller - INFO - Initialized OpenEvolve with /tmp/1545c3528d7800daaceb3e9a98e0e171.py
2025-08-08 17:10:58,300 - openevolve.controller - INFO - Adding initial program to database
2025-08-08 17:10:58,300 - openevolve.RemoteSpeedupEvaluator - INFO - [level1_64_conv_transposed_1D] verify_plus payload: reference_code(1923 chars) + custom_code(2047 chars)
2025-08-08 17:11:00,809 - openevolve.RemoteSpeedupEvaluator - INFO - [level1_64_conv_transposed_1D] verify_plus request success
2025-08-08 17:11:00,809 - openevolve.RemoteSpeedupEvaluator - INFO - [level1_64_conv_transposed_1D] verify_plus response: {"id":"level1_64_conv_transposed_1D","result":{"compiled":true,"correctness":true,"metadata":{"hardware":"NVIDIA L20Y","device":"cuda:3","correctness_trials":"(5 / 5)","reference_timing_ms":0.0383,"speed_up":0.972,"custom_timing":0.0394},"runtime":0.0394,"runtime_stats":{"mean":0.0394,"std":0.00156,"min":0.0379,"max":0.047,"num_trials":100,"hardware":"NVIDIA L20Y","device":"cuda:3"}}}
2025-08-08 17:11:00,810 - openevolve.evaluator - INFO - Evaluated program d1ca4e46-62cf-4f0e-afe5-43be31082aab in 2.51s: compiled=1.0000, correctness=1.0000, stage=reference code, passed=0.0000, score=0.0000, speed_up=1.0000, runtime_ms=0.0394, meta={'hardware': 'NVIDIA L20Y', 'device': 'cuda:3', 'correctness_trials': '(5 / 5)', 'reference_timing_ms': 0.0383, 'speed_up': 0.972, 'custom_timing': 0.0394}
2025-08-08 17:11:00,810 - openevolve.database - INFO - New MAP-Elites cell occupied: {'score': 0, 'complexity': 2}
2025-08-08 17:11:00,825 - openevolve.threaded_parallel - INFO - Initializing threaded evaluation pool with 3 workers
2025-08-08 17:11:00,826 - openevolve.threaded_parallel - INFO - Started thread pool with 3 threads
2025-08-08 17:11:00,827 - openevolve.threaded_parallel - INFO - Started improved parallel controller
2025-08-08 17:11:00,827 - openevolve.controller - INFO - Using island-based evolution with 3 islands
2025-08-08 17:11:00,827 - openevolve.database - INFO - Island Status:
2025-08-08 17:11:00,827 - openevolve.database - INFO -  * Island 0: 1 programs, best=0.0000, avg=0.0000, diversity=0.00, gen=0 (best: d1ca4e46-62cf-4f0e-afe5-43be31082aab)
2025-08-08 17:11:00,827 - openevolve.database - INFO -    Island 1: 0 programs, best=0.0000, avg=0.0000, diversity=0.00, gen=0
2025-08-08 17:11:00,827 - openevolve.database - INFO -    Island 2: 0 programs, best=0.0000, avg=0.0000, diversity=0.00, gen=0
2025-08-08 17:11:00,827 - openevolve.threaded_parallel - INFO - Starting improved parallel evolution from iteration 0 for 30 iterations (total: 30)
2025-08-08 17:11:00,961 - openevolve.llm.ensemble - INFO - Initialized LLM ensemble with models: deepseek (weight: 0.80), deepseek (weight: 0.20)
2025-08-08 17:11:00,962 - openevolve.llm.ensemble - INFO - Initialized LLM ensemble with models: deepseek (weight: 0.80), deepseek (weight: 0.20)
2025-08-08 17:11:00,971 - openevolve.llm.ensemble - INFO - Initialized LLM ensemble with models: deepseek (weight: 0.80), deepseek (weight: 0.20)
2025-08-08 17:11:01,093 - openevolve.llm.ensemble - INFO - Initialized LLM ensemble with models: deepseek (weight: 0.80), deepseek (weight: 0.20)
2025-08-08 17:11:01,093 - openevolve.prompt.sampler - INFO - Set custom templates: system=evaluator_system_message, user=None
2025-08-08 17:11:01,094 - openevolve.llm.ensemble - INFO - Initialized LLM ensemble with models: deepseek (weight: 0.80), deepseek (weight: 0.20)
2025-08-08 17:11:01,095 - openevolve.prompt.sampler - INFO - Set custom templates: system=evaluator_system_message, user=None
2025-08-08 17:11:01,096 - openevolve.evaluator - INFO - Successfully loaded evaluation function from openevolve_output/level1_64_conv_transposed_1D/evaluation.py
2025-08-08 17:11:01,096 - openevolve.evaluator - INFO - Initialized evaluator with openevolve_output/level1_64_conv_transposed_1D/evaluation.py
2025-08-08 17:11:01,097 - openevolve.evaluator - INFO - Successfully loaded evaluation function from openevolve_output/level1_64_conv_transposed_1D/evaluation.py
2025-08-08 17:11:01,097 - openevolve.evaluator - INFO - Initialized evaluator with openevolve_output/level1_64_conv_transposed_1D/evaluation.py
2025-08-08 17:11:01,098 - openevolve.llm.ensemble - INFO - Sampled model: deepseek
2025-08-08 17:11:01,099 - openevolve.llm.ensemble - INFO - Sampled model: deepseek
2025-08-08 17:11:01,100 - openevolve.llm.ensemble - INFO - Initialized LLM ensemble with models: deepseek (weight: 0.80), deepseek (weight: 0.20)
2025-08-08 17:11:01,100 - openevolve.prompt.sampler - INFO - Set custom templates: system=evaluator_system_message, user=None
2025-08-08 17:11:01,102 - openevolve.evaluator - INFO - Successfully loaded evaluation function from openevolve_output/level1_64_conv_transposed_1D/evaluation.py
2025-08-08 17:11:01,102 - openevolve.evaluator - INFO - Initialized evaluator with openevolve_output/level1_64_conv_transposed_1D/evaluation.py
2025-08-08 17:11:01,103 - openevolve.llm.ensemble - INFO - Sampled model: deepseek
2025-08-08 17:26:24,485 - openevolve.RemoteSpeedupEvaluator - INFO - [level1_64_conv_transposed_1D] triton key words check pass
2025-08-08 17:26:24,487 - openevolve.RemoteSpeedupEvaluator - INFO - [level1_64_conv_transposed_1D] verify_plus payload: reference_code(1923 chars) + custom_code(6606 chars)
2025-08-08 17:26:27,498 - openevolve.RemoteSpeedupEvaluator - INFO - [level1_64_conv_transposed_1D] verify_plus request success
2025-08-08 17:26:27,499 - openevolve.RemoteSpeedupEvaluator - INFO - [level1_64_conv_transposed_1D] verify_plus response: {"id":"level1_64_conv_transposed_1D","result":{"compiled":true,"correctness":false,"metadata":{"hardware":"NVIDIA L20Y","device":"cuda:6","runtime_error":"Traceback (most recent call last):\n  File \"/home/lijiaxing/.conda/envs/api/lib/python3.10/site-packages/triton/language/core.py\", line 42, in wrapper\n    return fn(*args, **kwargs)\n  File \"/home/lijiaxing/.conda/envs/api/lib/python3.10/site-packages/triton/language/core.py\", line 2045, in dot\n    return _semantic.dot(input, other, acc, input_precision, max_num_imprecise_acc, out_dtype)\n  File \"/home/lijiaxing/.conda/envs/api/lib/python3.10/site-packages/triton/language/semantic.py\", line 1498, in dot\n    assert lhs.shape[-1].value == rhs.shape[\nAssertionError: First input shape (['constexpr[32]', 'constexpr[64]']) and second
2025-08-08 17:26:27,499 - openevolve.RemoteSpeedupEvaluator - INFO - [level1_64_conv_transposed_1D] âœ˜ wrong_answer
2025-08-08 17:26:27,499 - openevolve.evaluator - INFO - Evaluated program 4582c063-677a-453e-8496-10c587cc4edd in 3.01s: compiled=1.0000, correctness=0.0000, score=10.0000, stage=wrong_answer, verify_payload={'id': 'level1_64_conv_transposed_1D', 'result': {'compiled': True, 'correctness': False, 'metadata': {'hardware': 'NVIDIA L20Y', 'device': 'cuda:6', 'runtime_error': 'Traceback (most recent call last):\n  File "/home/lijiaxing/.conda/envs/api/lib/python3.10/site-packages/triton/language/core.py", line 42, in wrapper\n    return fn(*args, **kwargs)\n  File "/home/lijiaxing/.conda/envs/api/lib/python3.10/site-packages/triton/language/core.py", line 2045, in dot\n    return _semantic.dot(input, other, acc, input_precision, max_num_imprecise_acc, out_dtype)\n  File "/home/lijiaxing/.conda/envs/api/lib/python3.10/site-packages/triton/language/semantic.py", line 1498, in dot\n    assert lhs.shape[-1].value == rhs.shape[\nAssertionError: First input shape ([\'constexpr[32]\', \'constexpr[64]\']) and second input shape [\'constexpr[32]\', \'constexpr[128]\'] are not compatible for matmul (second index of first shape (64) must be equal to first index of second shape (32)\n\nThe above exception was the direct cause of the following exception:\n\nTraceback (most recent call last):\n  File "/cpfs01/shared/llm_kernel/hujiakai/KernelLLM/validation_api_server/helpers/evaluations.py", line 720, in run_and_check_correctness\n    output_new = model_new(*inputs)\n  File "/home/lijiaxing/.conda/envs/api/lib/python3.10/site-packages/torch/nn/modules/module.py", line 1773, in _wrapped_call_impl\n    return self._call_impl(*args, **kwargs)\n  File "/home/lijiaxing/.conda/envs/api/lib/python3.10/site-packages/torch/nn/modules/module.py", line 1784, in _call_impl\n    return forward_call(*args, **kwargs)\n  File "/tmp/tmp3vxtfs8s.py", line 174, in forward\n    conv_transpose1d_kernel[grid](\n  File "/home/lijiaxing/.conda/envs/api/lib/python3.10/site-packages/triton/runtime/jit.py", line 390, in <lambda>\n    return lambda *args, **kwargs: self.run(grid=grid, warmup=False, *args, **kwargs)\n  File "/home/lijiaxing/.conda/envs/api/lib/python3.10/site-packages/triton/runtime/jit.py", line 594, in run\n    kernel = self.compile(src, target=target, options=options.__dict__)\n  File "/home/lijiaxing/.conda/envs/api/lib/python3.10/site-packages/triton/compiler/compiler.py", line 339, in compile\n    module = src.make_ir(options, codegen_fns, module_map, context)\n  File "/home/lijiaxing/.conda/envs/api/lib/python3.10/site-packages/triton/compiler/compiler.py", line 83, in make_ir\n    return ast_to_ttir(self.fn, self, context=context, options=options, codegen_fns=codegen_fns,\ntriton.compiler.errors.CompilationError: at 90:23:\n                abs_ic_offsets[:, None] * (out_channels * kernel_size) +\n                oc_offsets[None, :] * kernel_size +\n                k\n            )\n            weight_vals = tl.load(\n                weight_ptrs,\n                mask=ic_mask[:, None] & oc_mask[None, :],\n                other=0.0\n            )\n\n            # Accumulate\n            weighted = tl.dot(weight_vals, input_vals, allow_tf32=True)\n                       ^\n\n\nThe above exception was the direct cause of the following exception:\n\nTraceback (most recent call last):\n  File "/home/lijiaxing/.conda/envs/api/lib/python3.10/site-packages/triton/language/core.py", line 42, in wrapper\n    return fn(*args, **kwargs)\n  File "/home/lijiaxing/.conda/envs/api/lib/python3.10/site-packages/triton/language/core.py", line 2045, in dot\n    return _semantic.dot(input, other, acc, input_precision, max_num_imprecise_acc, out_dtype)\n  File "/home/lijiaxing/.conda/envs/api/lib/python3.10/site-packages/triton/language/semantic.py", line 1498, in dot\n    assert lhs.shape[-1].value == rhs.shape[\nAssertionError: First input shape ([\'constexpr[32]\', \'constexpr[64]\']) and second input shape [\'constexpr[32]\', \'constexpr[128]\'] are not compatible for matmul (second index of first shape (64) must be equal to first index of second shape (32)\n', 'runtime_error_name': 'triton.compiler.errors.CompilationError', 'reference_timing_ms': 0.0383, 'speed_up': -1.0, 'custom_timing': -1.0}, 'runtime': -1.0, 'runtime_stats': {}}}
2025-08-08 17:26:27,502 - openevolve.llm.ensemble - INFO - Sampled model: deepseek
2025-08-08 17:26:27,504 - openevolve.database - INFO - New MAP-Elites cell occupied: {'score': 9, 'complexity': 9}
2025-08-08 17:26:27,504 - openevolve.database - INFO - New best program 4582c063-677a-453e-8496-10c587cc4edd replaces d1ca4e46-62cf-4f0e-afe5-43be31082aab
2025-08-08 17:26:27,516 - openevolve.threaded_parallel - INFO - Iteration 0: Program 4582c063-677a-453e-8496-10c587cc4edd (parent: d1ca4e46-62cf-4f0e-afe5-43be31082aab) completed in 926.40s
2025-08-08 17:26:27,517 - openevolve.threaded_parallel - INFO - Metrics: compiled=1.0000, correctness=0.0000, score=10.0000, stage=wrong_answer, verify_payload={'id': 'level1_64_conv_transposed_1D', 'result': {'compiled': True, 'correctness': False, 'metadata': {'hardware': 'NVIDIA L20Y', 'device': 'cuda:6', 'runtime_error': 'Traceback (most recent call last):\n  File "/home/lijiaxing/.conda/envs/api/lib/python3.10/site-packages/triton/language/core.py", line 42, in wrapper\n    return fn(*args, **kwargs)\n  File "/home/lijiaxing/.conda/envs/api/lib/python3.10/site-packages/triton/language/core.py", line 2045, in dot\n    return _semantic.dot(input, other, acc, input_precision, max_num_imprecise_acc, out_dtype)\n  File "/home/lijiaxing/.conda/envs/api/lib/python3.10/site-packages/triton/language/semantic.py", line 1498, in dot\n    assert lhs.shape[-1].value == rhs.shape[\nAssertionError: First input shape ([\'constexpr[32]\', \'constexpr[64]\']) and second input shape [\'constexpr[32]\', \'constexpr[128]\'] are not compatible for matmul (second index of first shape (64) must be equal to first index of second shape (32)\n\nThe above exception was the direct cause of the following exception:\n\nTraceback (most recent call last):\n  File "/cpfs01/shared/llm_kernel/hujiakai/KernelLLM/validation_api_server/helpers/evaluations.py", line 720, in run_and_check_correctness\n    output_new = model_new(*inputs)\n  File "/home/lijiaxing/.conda/envs/api/lib/python3.10/site-packages/torch/nn/modules/module.py", line 1773, in _wrapped_call_impl\n    return self._call_impl(*args, **kwargs)\n  File "/home/lijiaxing/.conda/envs/api/lib/python3.10/site-packages/torch/nn/modules/module.py", line 1784, in _call_impl\n    return forward_call(*args, **kwargs)\n  File "/tmp/tmp3vxtfs8s.py", line 174, in forward\n    conv_transpose1d_kernel[grid](\n  File "/home/lijiaxing/.conda/envs/api/lib/python3.10/site-packages/triton/runtime/jit.py", line 390, in <lambda>\n    return lambda *args, **kwargs: self.run(grid=grid, warmup=False, *args, **kwargs)\n  File "/home/lijiaxing/.conda/envs/api/lib/python3.10/site-packages/triton/runtime/jit.py", line 594, in run\n    kernel = self.compile(src, target=target, options=options.__dict__)\n  File "/home/lijiaxing/.conda/envs/api/lib/python3.10/site-packages/triton/compiler/compiler.py", line 339, in compile\n    module = src.make_ir(options, codegen_fns, module_map, context)\n  File "/home/lijiaxing/.conda/envs/api/lib/python3.10/site-packages/triton/compiler/compiler.py", line 83, in make_ir\n    return ast_to_ttir(self.fn, self, context=context, options=options, codegen_fns=codegen_fns,\ntriton.compiler.errors.CompilationError: at 90:23:\n                abs_ic_offsets[:, None] * (out_channels * kernel_size) +\n                oc_offsets[None, :] * kernel_size +\n                k\n            )\n            weight_vals = tl.load(\n                weight_ptrs,\n                mask=ic_mask[:, None] & oc_mask[None, :],\n                other=0.0\n            )\n\n            # Accumulate\n            weighted = tl.dot(weight_vals, input_vals, allow_tf32=True)\n                       ^\n\n\nThe above exception was the direct cause of the following exception:\n\nTraceback (most recent call last):\n  File "/home/lijiaxing/.conda/envs/api/lib/python3.10/site-packages/triton/language/core.py", line 42, in wrapper\n    return fn(*args, **kwargs)\n  File "/home/lijiaxing/.conda/envs/api/lib/python3.10/site-packages/triton/language/core.py", line 2045, in dot\n    return _semantic.dot(input, other, acc, input_precision, max_num_imprecise_acc, out_dtype)\n  File "/home/lijiaxing/.conda/envs/api/lib/python3.10/site-packages/triton/language/semantic.py", line 1498, in dot\n    assert lhs.shape[-1].value == rhs.shape[\nAssertionError: First input shape ([\'constexpr[32]\', \'constexpr[64]\']) and second input shape [\'constexpr[32]\', \'constexpr[128]\'] are not compatible for matmul (second index of first shape (64) must be equal to first index of second shape (32)\n', 'runtime_error_name': 'triton.compiler.errors.CompilationError', 'reference_timing_ms': 0.0383, 'speed_up': -1.0, 'custom_timing': -1.0}, 'runtime': -1.0, 'runtime_stats': {}}}
2025-08-08 17:26:27,517 - openevolve.threaded_parallel - INFO - ðŸŒŸ New best solution found at iteration 0: 4582c063-677a-453e-8496-10c587cc4edd
2025-08-08 17:26:27,517 - openevolve.threaded_parallel - INFO - Checkpoint interval reached at iteration 0
2025-08-08 17:26:27,517 - openevolve.database - INFO - Island Status:
2025-08-08 17:26:27,517 - openevolve.database - INFO -  * Island 0: 2 programs, best=10.0000, avg=5.0000, diversity=1984.20, gen=1 (best: 4582c063-677a-453e-8496-10c587cc4edd)
2025-08-08 17:26:27,517 - openevolve.database - INFO -    Island 1: 0 programs, best=0.0000, avg=0.0000, diversity=0.00, gen=0
2025-08-08 17:26:27,517 - openevolve.database - INFO -    Island 2: 0 programs, best=0.0000, avg=0.0000, diversity=0.00, gen=0
2025-08-08 17:26:27,547 - openevolve.database - INFO - Saved database with 2 programs to openevolve_output/level1_64_conv_transposed_1D/checkpoints/checkpoint_0
2025-08-08 17:26:27,567 - openevolve.controller - INFO - Saved best program at checkpoint 0 with metrics: compiled=1.0000, correctness=0.0000, score=10.0000, stage=wrong_answer, verify_payload={'id': 'level1_64_conv_transposed_1D', 'result': {'compiled': True, 'correctness': False, 'metadata': {'hardware': 'NVIDIA L20Y', 'device': 'cuda:6', 'runtime_error': 'Traceback (most recent call last):\n  File "/home/lijiaxing/.conda/envs/api/lib/python3.10/site-packages/triton/language/core.py", line 42, in wrapper\n    return fn(*args, **kwargs)\n  File "/home/lijiaxing/.conda/envs/api/lib/python3.10/site-packages/triton/language/core.py", line 2045, in dot\n    return _semantic.dot(input, other, acc, input_precision, max_num_imprecise_acc, out_dtype)\n  File "/home/lijiaxing/.conda/envs/api/lib/python3.10/site-packages/triton/language/semantic.py", line 1498, in dot\n    assert lhs.shape[-1].value == rhs.shape[\nAssertionError: First input shape ([\'constexpr[32]\', \'constexpr[64]\']) and second input shape [\'constexpr[32]\', \'constexpr[128]\'] are not compatible for matmul (second index of first shape (64) must be equal to first index of second shape (32)\n\nThe above exception was the direct cause of the following exception:\n\nTraceback (most recent call last):\n  File "/cpfs01/shared/llm_kernel/hujiakai/KernelLLM/validation_api_server/helpers/evaluations.py", line 720, in run_and_check_correctness\n    output_new = model_new(*inputs)\n  File "/home/lijiaxing/.conda/envs/api/lib/python3.10/site-packages/torch/nn/modules/module.py", line 1773, in _wrapped_call_impl\n    return self._call_impl(*args, **kwargs)\n  File "/home/lijiaxing/.conda/envs/api/lib/python3.10/site-packages/torch/nn/modules/module.py", line 1784, in _call_impl\n    return forward_call(*args, **kwargs)\n  File "/tmp/tmp3vxtfs8s.py", line 174, in forward\n    conv_transpose1d_kernel[grid](\n  File "/home/lijiaxing/.conda/envs/api/lib/python3.10/site-packages/triton/runtime/jit.py", line 390, in <lambda>\n    return lambda *args, **kwargs: self.run(grid=grid, warmup=False, *args, **kwargs)\n  File "/home/lijiaxing/.conda/envs/api/lib/python3.10/site-packages/triton/runtime/jit.py", line 594, in run\n    kernel = self.compile(src, target=target, options=options.__dict__)\n  File "/home/lijiaxing/.conda/envs/api/lib/python3.10/site-packages/triton/compiler/compiler.py", line 339, in compile\n    module = src.make_ir(options, codegen_fns, module_map, context)\n  File "/home/lijiaxing/.conda/envs/api/lib/python3.10/site-packages/triton/compiler/compiler.py", line 83, in make_ir\n    return ast_to_ttir(self.fn, self, context=context, options=options, codegen_fns=codegen_fns,\ntriton.compiler.errors.CompilationError: at 90:23:\n                abs_ic_offsets[:, None] * (out_channels * kernel_size) +\n                oc_offsets[None, :] * kernel_size +\n                k\n            )\n            weight_vals = tl.load(\n                weight_ptrs,\n                mask=ic_mask[:, None] & oc_mask[None, :],\n                other=0.0\n            )\n\n            # Accumulate\n            weighted = tl.dot(weight_vals, input_vals, allow_tf32=True)\n                       ^\n\n\nThe above exception was the direct cause of the following exception:\n\nTraceback (most recent call last):\n  File "/home/lijiaxing/.conda/envs/api/lib/python3.10/site-packages/triton/language/core.py", line 42, in wrapper\n    return fn(*args, **kwargs)\n  File "/home/lijiaxing/.conda/envs/api/lib/python3.10/site-packages/triton/language/core.py", line 2045, in dot\n    return _semantic.dot(input, other, acc, input_precision, max_num_imprecise_acc, out_dtype)\n  File "/home/lijiaxing/.conda/envs/api/lib/python3.10/site-packages/triton/language/semantic.py", line 1498, in dot\n    assert lhs.shape[-1].value == rhs.shape[\nAssertionError: First input shape ([\'constexpr[32]\', \'constexpr[64]\']) and second input shape [\'constexpr[32]\', \'constexpr[128]\'] are not compatible for matmul (second index of first shape (64) must be equal to first index of second shape (32)\n', 'runtime_error_name': 'triton.compiler.errors.CompilationError', 'reference_timing_ms': 0.0383, 'speed_up': -1.0, 'custom_timing': -1.0}, 'runtime': -1.0, 'runtime_stats': {}}}
2025-08-08 17:26:27,567 - openevolve.controller - INFO - Saved checkpoint at iteration 0 to openevolve_output/level1_64_conv_transposed_1D/checkpoints/checkpoint_0
2025-08-08 17:26:32,770 - openevolve.RemoteSpeedupEvaluator - INFO - [level1_64_conv_transposed_1D] triton key words check pass
2025-08-08 17:26:32,770 - openevolve.RemoteSpeedupEvaluator - INFO - [level1_64_conv_transposed_1D] verify_plus payload: reference_code(1923 chars) + custom_code(5069 chars)
2025-08-08 17:26:35,737 - openevolve.RemoteSpeedupEvaluator - INFO - [level1_64_conv_transposed_1D] verify_plus request success
2025-08-08 17:26:35,737 - openevolve.RemoteSpeedupEvaluator - INFO - [level1_64_conv_transposed_1D] verify_plus response: {"id":"level1_64_conv_transposed_1D","result":{"compiled":true,"correctness":false,"metadata":{"hardware":"NVIDIA L20Y","device":"cuda:0","runtime_error":"Traceback (most recent call last):\n  File \"/cpfs01/shared/llm_kernel/hujiakai/KernelLLM/validation_api_server/helpers/evaluations.py\", line 720, in run_and_check_correctness\n    output_new = model_new(*inputs)\n  File \"/home/lijiaxing/.conda/envs/api/lib/python3.10/site-packages/torch/nn/modules/module.py\", line 1773, in _wrapped_call_impl\n    return self._call_impl(*args, **kwargs)\n  File \"/home/lijiaxing/.conda/envs/api/lib/python3.10/site-packages/torch/nn/modules/module.py\", line 1784, in _call_impl\n    return forward_call(*args, **kwargs)\n  File \"/tmp/tmpkirzj0uv.py\", line 108, in forward\n    conv_transpose1d_kernel[g
2025-08-08 17:26:35,737 - openevolve.RemoteSpeedupEvaluator - INFO - [level1_64_conv_transposed_1D] âœ˜ wrong_answer
2025-08-08 17:26:35,738 - openevolve.evaluator - INFO - Evaluated program 22af7eb4-4e25-49de-9101-6bcb5efd35fa in 2.97s: compiled=1.0000, correctness=0.0000, score=10.0000, stage=wrong_answer, verify_payload={'id': 'level1_64_conv_transposed_1D', 'result': {'compiled': True, 'correctness': False, 'metadata': {'hardware': 'NVIDIA L20Y', 'device': 'cuda:0', 'runtime_error': 'Traceback (most recent call last):\n  File "/cpfs01/shared/llm_kernel/hujiakai/KernelLLM/validation_api_server/helpers/evaluations.py", line 720, in run_and_check_correctness\n    output_new = model_new(*inputs)\n  File "/home/lijiaxing/.conda/envs/api/lib/python3.10/site-packages/torch/nn/modules/module.py", line 1773, in _wrapped_call_impl\n    return self._call_impl(*args, **kwargs)\n  File "/home/lijiaxing/.conda/envs/api/lib/python3.10/site-packages/torch/nn/modules/module.py", line 1784, in _call_impl\n    return forward_call(*args, **kwargs)\n  File "/tmp/tmpkirzj0uv.py", line 108, in forward\n    conv_transpose1d_kernel[grid](\n  File "/home/lijiaxing/.conda/envs/api/lib/python3.10/site-packages/triton/runtime/jit.py", line 390, in <lambda>\n    return lambda *args, **kwargs: self.run(grid=grid, warmup=False, *args, **kwargs)\n  File "/home/lijiaxing/.conda/envs/api/lib/python3.10/site-packages/triton/runtime/jit.py", line 594, in run\n    kernel = self.compile(src, target=target, options=options.__dict__)\n  File "/home/lijiaxing/.conda/envs/api/lib/python3.10/site-packages/triton/compiler/compiler.py", line 339, in compile\n    module = src.make_ir(options, codegen_fns, module_map, context)\n  File "/home/lijiaxing/.conda/envs/api/lib/python3.10/site-packages/triton/compiler/compiler.py", line 83, in make_ir\n    return ast_to_ttir(self.fn, self, context=context, options=options, codegen_fns=codegen_fns,\ntriton.compiler.errors.CompilationError: at 45:19:\n        valid_mask = (il_positions >= 0) & (il_positions < in_length * stride) & (il_positions % stride == 0)\n        il_idx = tl.where(valid_mask, il_positions // stride, -1)\n\n        for ic in range(in_channels // groups):\n            in_channel = in_channel_start + ic\n            w = tl.load(weight_ptr + in_channel * weight_in_stride + \n                        (pid_oc % group_size) * weight_out_stride + \n                        k * weight_kernel_stride)\n\n            x_vals = tl.zeros((BLOCK_SIZE,), dtype=tl.float32)\n            for i in range(BLOCK_SIZE):\n                if il_idx[i] >= 0 and il_idx[i] < in_length:\n                   ^\nValueError(\'Did you forget to add @triton.jit ? (`_semantic` argument must be provided outside of JIT functions.)\')\n\n\nThe above exception was the direct cause of the following exception:\n\nTraceback (most recent call last):\n  File "/home/lijiaxing/.conda/envs/api/lib/python3.10/site-packages/triton/language/core.py", line 42, in wrapper\n    return fn(*args, **kwargs)\n  File "/home/lijiaxing/.conda/envs/api/lib/python3.10/site-packages/triton/language/core.py", line 1111, in __getitem__\n    for dim, sl in enumerate(slices):\n  File "/home/lijiaxing/.conda/envs/api/lib/python3.10/site-packages/triton/language/core.py", line 40, in wrapper\n    raise ValueError("Did you forget to add @triton.jit ? "\nValueError: Did you forget to add @triton.jit ? (`_semantic` argument must be provided outside of JIT functions.)\n', 'runtime_error_name': 'triton.compiler.errors.CompilationError', 'reference_timing_ms': 0.0383, 'speed_up': -1.0, 'custom_timing': -1.0}, 'runtime': -1.0, 'runtime_stats': {}}}
2025-08-08 17:26:35,742 - openevolve.llm.ensemble - INFO - Sampled model: deepseek
2025-08-08 17:26:35,748 - openevolve.database - INFO - New MAP-Elites cell occupied: {'score': 9, 'complexity': 6}
2025-08-08 17:26:35,768 - openevolve.threaded_parallel - INFO - Iteration 1: Program 22af7eb4-4e25-49de-9101-6bcb5efd35fa (parent: d1ca4e46-62cf-4f0e-afe5-43be31082aab) completed in 934.64s
2025-08-08 17:26:35,768 - openevolve.threaded_parallel - INFO - Metrics: compiled=1.0000, correctness=0.0000, score=10.0000, stage=wrong_answer, verify_payload={'id': 'level1_64_conv_transposed_1D', 'result': {'compiled': True, 'correctness': False, 'metadata': {'hardware': 'NVIDIA L20Y', 'device': 'cuda:0', 'runtime_error': 'Traceback (most recent call last):\n  File "/cpfs01/shared/llm_kernel/hujiakai/KernelLLM/validation_api_server/helpers/evaluations.py", line 720, in run_and_check_correctness\n    output_new = model_new(*inputs)\n  File "/home/lijiaxing/.conda/envs/api/lib/python3.10/site-packages/torch/nn/modules/module.py", line 1773, in _wrapped_call_impl\n    return self._call_impl(*args, **kwargs)\n  File "/home/lijiaxing/.conda/envs/api/lib/python3.10/site-packages/torch/nn/modules/module.py", line 1784, in _call_impl\n    return forward_call(*args, **kwargs)\n  File "/tmp/tmpkirzj0uv.py", line 108, in forward\n    conv_transpose1d_kernel[grid](\n  File "/home/lijiaxing/.conda/envs/api/lib/python3.10/site-packages/triton/runtime/jit.py", line 390, in <lambda>\n    return lambda *args, **kwargs: self.run(grid=grid, warmup=False, *args, **kwargs)\n  File "/home/lijiaxing/.conda/envs/api/lib/python3.10/site-packages/triton/runtime/jit.py", line 594, in run\n    kernel = self.compile(src, target=target, options=options.__dict__)\n  File "/home/lijiaxing/.conda/envs/api/lib/python3.10/site-packages/triton/compiler/compiler.py", line 339, in compile\n    module = src.make_ir(options, codegen_fns, module_map, context)\n  File "/home/lijiaxing/.conda/envs/api/lib/python3.10/site-packages/triton/compiler/compiler.py", line 83, in make_ir\n    return ast_to_ttir(self.fn, self, context=context, options=options, codegen_fns=codegen_fns,\ntriton.compiler.errors.CompilationError: at 45:19:\n        valid_mask = (il_positions >= 0) & (il_positions < in_length * stride) & (il_positions % stride == 0)\n        il_idx = tl.where(valid_mask, il_positions // stride, -1)\n\n        for ic in range(in_channels // groups):\n            in_channel = in_channel_start + ic\n            w = tl.load(weight_ptr + in_channel * weight_in_stride + \n                        (pid_oc % group_size) * weight_out_stride + \n                        k * weight_kernel_stride)\n\n            x_vals = tl.zeros((BLOCK_SIZE,), dtype=tl.float32)\n            for i in range(BLOCK_SIZE):\n                if il_idx[i] >= 0 and il_idx[i] < in_length:\n                   ^\nValueError(\'Did you forget to add @triton.jit ? (`_semantic` argument must be provided outside of JIT functions.)\')\n\n\nThe above exception was the direct cause of the following exception:\n\nTraceback (most recent call last):\n  File "/home/lijiaxing/.conda/envs/api/lib/python3.10/site-packages/triton/language/core.py", line 42, in wrapper\n    return fn(*args, **kwargs)\n  File "/home/lijiaxing/.conda/envs/api/lib/python3.10/site-packages/triton/language/core.py", line 1111, in __getitem__\n    for dim, sl in enumerate(slices):\n  File "/home/lijiaxing/.conda/envs/api/lib/python3.10/site-packages/triton/language/core.py", line 40, in wrapper\n    raise ValueError("Did you forget to add @triton.jit ? "\nValueError: Did you forget to add @triton.jit ? (`_semantic` argument must be provided outside of JIT functions.)\n', 'runtime_error_name': 'triton.compiler.errors.CompilationError', 'reference_timing_ms': 0.0383, 'speed_up': -1.0, 'custom_timing': -1.0}, 'runtime': -1.0, 'runtime_stats': {}}}
2025-08-08 17:28:54,250 - openevolve.RemoteSpeedupEvaluator - INFO - [level1_64_conv_transposed_1D] triton key words check pass
2025-08-08 17:28:54,251 - openevolve.RemoteSpeedupEvaluator - INFO - [level1_64_conv_transposed_1D] verify_plus payload: reference_code(1923 chars) + custom_code(4310 chars)
2025-08-08 17:28:57,417 - openevolve.RemoteSpeedupEvaluator - INFO - [level1_64_conv_transposed_1D] verify_plus request success
2025-08-08 17:28:57,417 - openevolve.RemoteSpeedupEvaluator - INFO - [level1_64_conv_transposed_1D] verify_plus response: {"id":"level1_64_conv_transposed_1D","result":{"compiled":true,"correctness":false,"metadata":{"hardware":"NVIDIA L20Y","device":"cuda:6","runtime_error":"Traceback (most recent call last):\n  File \"/cpfs01/shared/llm_kernel/hujiakai/KernelLLM/validation_api_server/helpers/evaluations.py\", line 720, in run_and_check_correctness\n    output_new = model_new(*inputs)\n  File \"/home/lijiaxing/.conda/envs/api/lib/python3.10/site-packages/torch/nn/modules/module.py\", line 1773, in _wrapped_call_impl\n    return self._call_impl(*args, **kwargs)\n  File \"/home/lijiaxing/.conda/envs/api/lib/python3.10/site-packages/torch/nn/modules/module.py\", line 1784, in _call_impl\n    return forward_call(*args, **kwargs)\n  File \"/tmp/tmpcc9sbvwp.py\", line 94, in forward\n    conv_transpose1d_kernel[gr
2025-08-08 17:28:57,417 - openevolve.RemoteSpeedupEvaluator - INFO - [level1_64_conv_transposed_1D] âœ˜ wrong_answer
2025-08-08 17:28:57,418 - openevolve.evaluator - INFO - Evaluated program 763c80f3-a4e7-4678-8ea1-094e5279131f in 3.17s: compiled=1.0000, correctness=0.0000, score=10.0000, stage=wrong_answer, verify_payload={'id': 'level1_64_conv_transposed_1D', 'result': {'compiled': True, 'correctness': False, 'metadata': {'hardware': 'NVIDIA L20Y', 'device': 'cuda:6', 'runtime_error': 'Traceback (most recent call last):\n  File "/cpfs01/shared/llm_kernel/hujiakai/KernelLLM/validation_api_server/helpers/evaluations.py", line 720, in run_and_check_correctness\n    output_new = model_new(*inputs)\n  File "/home/lijiaxing/.conda/envs/api/lib/python3.10/site-packages/torch/nn/modules/module.py", line 1773, in _wrapped_call_impl\n    return self._call_impl(*args, **kwargs)\n  File "/home/lijiaxing/.conda/envs/api/lib/python3.10/site-packages/torch/nn/modules/module.py", line 1784, in _call_impl\n    return forward_call(*args, **kwargs)\n  File "/tmp/tmpcc9sbvwp.py", line 94, in forward\n    conv_transpose1d_kernel[grid](\n  File "/home/lijiaxing/.conda/envs/api/lib/python3.10/site-packages/triton/runtime/jit.py", line 390, in <lambda>\n    return lambda *args, **kwargs: self.run(grid=grid, warmup=False, *args, **kwargs)\n  File "/home/lijiaxing/.conda/envs/api/lib/python3.10/site-packages/triton/runtime/jit.py", line 594, in run\n    kernel = self.compile(src, target=target, options=options.__dict__)\n  File "/home/lijiaxing/.conda/envs/api/lib/python3.10/site-packages/triton/compiler/compiler.py", line 339, in compile\n    module = src.make_ir(options, codegen_fns, module_map, context)\n  File "/home/lijiaxing/.conda/envs/api/lib/python3.10/site-packages/triton/compiler/compiler.py", line 83, in make_ir\n    return ast_to_ttir(self.fn, self, context=context, options=options, codegen_fns=codegen_fns,\ntriton.compiler.errors.UnsupportedLanguageConstruct: at 25:12:\n\n    out_channels_per_group = out_channels // groups\n    group_idx = pid_c // out_channels_per_group\n    c_out_index = pid_c % out_channels_per_group\n    in_channels_per_group = in_channels // groups\n    c_in_start = group_idx * in_channels_per_group\n\n    acc = 0.0\n    for k in range(kernel_size):\n        num = pid_t + padding - k\n        if num < 0:\n            continue\n            ^\nunsupported AST node type: Continue\n', 'runtime_error_name': 'triton.compiler.errors.UnsupportedLanguageConstruct', 'reference_timing_ms': 0.0383, 'speed_up': -1.0, 'custom_timing': -1.0}, 'runtime': -1.0, 'runtime_stats': {}}}
2025-08-08 17:28:57,419 - openevolve.database - INFO - New MAP-Elites cell occupied: {'score': 9, 'complexity': 4}
2025-08-08 17:28:57,421 - openevolve.llm.ensemble - INFO - Sampled model: deepseek
2025-08-08 17:28:57,432 - openevolve.threaded_parallel - INFO - Iteration 2: Program 763c80f3-a4e7-4678-8ea1-094e5279131f (parent: d1ca4e46-62cf-4f0e-afe5-43be31082aab) completed in 1076.32s
2025-08-08 17:28:57,432 - openevolve.threaded_parallel - INFO - Metrics: compiled=1.0000, correctness=0.0000, score=10.0000, stage=wrong_answer, verify_payload={'id': 'level1_64_conv_transposed_1D', 'result': {'compiled': True, 'correctness': False, 'metadata': {'hardware': 'NVIDIA L20Y', 'device': 'cuda:6', 'runtime_error': 'Traceback (most recent call last):\n  File "/cpfs01/shared/llm_kernel/hujiakai/KernelLLM/validation_api_server/helpers/evaluations.py", line 720, in run_and_check_correctness\n    output_new = model_new(*inputs)\n  File "/home/lijiaxing/.conda/envs/api/lib/python3.10/site-packages/torch/nn/modules/module.py", line 1773, in _wrapped_call_impl\n    return self._call_impl(*args, **kwargs)\n  File "/home/lijiaxing/.conda/envs/api/lib/python3.10/site-packages/torch/nn/modules/module.py", line 1784, in _call_impl\n    return forward_call(*args, **kwargs)\n  File "/tmp/tmpcc9sbvwp.py", line 94, in forward\n    conv_transpose1d_kernel[grid](\n  File "/home/lijiaxing/.conda/envs/api/lib/python3.10/site-packages/triton/runtime/jit.py", line 390, in <lambda>\n    return lambda *args, **kwargs: self.run(grid=grid, warmup=False, *args, **kwargs)\n  File "/home/lijiaxing/.conda/envs/api/lib/python3.10/site-packages/triton/runtime/jit.py", line 594, in run\n    kernel = self.compile(src, target=target, options=options.__dict__)\n  File "/home/lijiaxing/.conda/envs/api/lib/python3.10/site-packages/triton/compiler/compiler.py", line 339, in compile\n    module = src.make_ir(options, codegen_fns, module_map, context)\n  File "/home/lijiaxing/.conda/envs/api/lib/python3.10/site-packages/triton/compiler/compiler.py", line 83, in make_ir\n    return ast_to_ttir(self.fn, self, context=context, options=options, codegen_fns=codegen_fns,\ntriton.compiler.errors.UnsupportedLanguageConstruct: at 25:12:\n\n    out_channels_per_group = out_channels // groups\n    group_idx = pid_c // out_channels_per_group\n    c_out_index = pid_c % out_channels_per_group\n    in_channels_per_group = in_channels // groups\n    c_in_start = group_idx * in_channels_per_group\n\n    acc = 0.0\n    for k in range(kernel_size):\n        num = pid_t + padding - k\n        if num < 0:\n            continue\n            ^\nunsupported AST node type: Continue\n', 'runtime_error_name': 'triton.compiler.errors.UnsupportedLanguageConstruct', 'reference_timing_ms': 0.0383, 'speed_up': -1.0, 'custom_timing': -1.0}, 'runtime': -1.0, 'runtime_stats': {}}}
2025-08-08 17:36:04,853 - openevolve.RemoteSpeedupEvaluator - INFO - [level1_64_conv_transposed_1D] triton key words check pass
2025-08-08 17:36:04,855 - openevolve.RemoteSpeedupEvaluator - INFO - [level1_64_conv_transposed_1D] verify_plus payload: reference_code(1923 chars) + custom_code(6653 chars)
2025-08-08 17:36:08,559 - openevolve.RemoteSpeedupEvaluator - INFO - [level1_64_conv_transposed_1D] verify_plus request success
2025-08-08 17:36:08,560 - openevolve.RemoteSpeedupEvaluator - INFO - [level1_64_conv_transposed_1D] verify_plus response: {"id":"level1_64_conv_transposed_1D","result":{"compiled":true,"correctness":false,"metadata":{"hardware":"NVIDIA L20Y","device":"cuda:0","max_difference":["4.924958","8.833500","6.975890","6.398912","8.086189"],"avg_difference":["0.026442","0.033641","0.032590","0.032957","0.034970"],"correctness_issue":"Output mismatch","correctness_trials":"(0 / 5)","reference_timing_ms":0.0383,"speed_up":-1.0,"custom_timing":-1.0},"runtime":-1.0,"runtime_stats":{}}}
2025-08-08 17:36:08,560 - openevolve.RemoteSpeedupEvaluator - INFO - [level1_64_conv_transposed_1D] âœ˜ wrong_answer
2025-08-08 17:36:08,560 - openevolve.evaluator - INFO - Evaluated program dc5d3e25-d33a-410b-a8dc-e8382a913196 in 3.71s: compiled=1.0000, correctness=0.0000, score=10.0000, stage=wrong_answer, verify_payload={'id': 'level1_64_conv_transposed_1D', 'result': {'compiled': True, 'correctness': False, 'metadata': {'hardware': 'NVIDIA L20Y', 'device': 'cuda:0', 'max_difference': ['4.924958', '8.833500', '6.975890', '6.398912', '8.086189'], 'avg_difference': ['0.026442', '0.033641', '0.032590', '0.032957', '0.034970'], 'correctness_issue': 'Output mismatch', 'correctness_trials': '(0 / 5)', 'reference_timing_ms': 0.0383, 'speed_up': -1.0, 'custom_timing': -1.0}, 'runtime': -1.0, 'runtime_stats': {}}}
2025-08-08 17:36:08,564 - openevolve.llm.ensemble - INFO - Sampled model: deepseek
2025-08-08 17:36:08,583 - openevolve.threaded_parallel - INFO - Iteration 5: Program dc5d3e25-d33a-410b-a8dc-e8382a913196 (parent: 4582c063-677a-453e-8496-10c587cc4edd) completed in 431.14s
2025-08-08 17:36:08,584 - openevolve.threaded_parallel - INFO - Metrics: compiled=1.0000, correctness=0.0000, score=10.0000, stage=wrong_answer, verify_payload={'id': 'level1_64_conv_transposed_1D', 'result': {'compiled': True, 'correctness': False, 'metadata': {'hardware': 'NVIDIA L20Y', 'device': 'cuda:0', 'max_difference': ['4.924958', '8.833500', '6.975890', '6.398912', '8.086189'], 'avg_difference': ['0.026442', '0.033641', '0.032590', '0.032957', '0.034970'], 'correctness_issue': 'Output mismatch', 'correctness_trials': '(0 / 5)', 'reference_timing_ms': 0.0383, 'speed_up': -1.0, 'custom_timing': -1.0}, 'runtime': -1.0, 'runtime_stats': {}}}
2025-08-08 17:43:15,708 - openevolve.RemoteSpeedupEvaluator - INFO - [level1_64_conv_transposed_1D] triton key words check pass
2025-08-08 17:43:15,709 - openevolve.RemoteSpeedupEvaluator - INFO - [level1_64_conv_transposed_1D] verify_plus payload: reference_code(1923 chars) + custom_code(6652 chars)
2025-08-08 17:43:18,571 - openevolve.RemoteSpeedupEvaluator - INFO - [level1_64_conv_transposed_1D] verify_plus request success
2025-08-08 17:43:18,571 - openevolve.RemoteSpeedupEvaluator - INFO - [level1_64_conv_transposed_1D] verify_plus response: {"id":"level1_64_conv_transposed_1D","result":{"compiled":true,"correctness":false,"metadata":{"hardware":"NVIDIA L20Y","device":"cuda:7","runtime_error":"Traceback (most recent call last):\n  File \"/home/lijiaxing/.conda/envs/api/lib/python3.10/site-packages/triton/language/core.py\", line 42, in wrapper\n    return fn(*args, **kwargs)\nTypeError: dot() got an unexpected keyword argument 'trans_a'\n\nThe above exception was the direct cause of the following exception:\n\nTraceback (most recent call last):\n  File \"/cpfs01/shared/llm_kernel/hujiakai/KernelLLM/validation_api_server/helpers/evaluations.py\", line 720, in run_and_check_correctness\n    output_new = model_new(*inputs)\n  File \"/home/lijiaxing/.conda/envs/api/lib/python3.10/site-packages/torch/nn/modules/module.py\", line 17
2025-08-08 17:43:18,572 - openevolve.RemoteSpeedupEvaluator - INFO - [level1_64_conv_transposed_1D] âœ˜ wrong_answer
2025-08-08 17:43:18,572 - openevolve.evaluator - INFO - Evaluated program edcf79ef-51d5-4ac8-9345-e81ebb8c54f6 in 2.86s: compiled=1.0000, correctness=0.0000, score=10.0000, stage=wrong_answer, verify_payload={'id': 'level1_64_conv_transposed_1D', 'result': {'compiled': True, 'correctness': False, 'metadata': {'hardware': 'NVIDIA L20Y', 'device': 'cuda:7', 'runtime_error': 'Traceback (most recent call last):\n  File "/home/lijiaxing/.conda/envs/api/lib/python3.10/site-packages/triton/language/core.py", line 42, in wrapper\n    return fn(*args, **kwargs)\nTypeError: dot() got an unexpected keyword argument \'trans_a\'\n\nThe above exception was the direct cause of the following exception:\n\nTraceback (most recent call last):\n  File "/cpfs01/shared/llm_kernel/hujiakai/KernelLLM/validation_api_server/helpers/evaluations.py", line 720, in run_and_check_correctness\n    output_new = model_new(*inputs)\n  File "/home/lijiaxing/.conda/envs/api/lib/python3.10/site-packages/torch/nn/modules/module.py", line 1773, in _wrapped_call_impl\n    return self._call_impl(*args, **kwargs)\n  File "/home/lijiaxing/.conda/envs/api/lib/python3.10/site-packages/torch/nn/modules/module.py", line 1784, in _call_impl\n    return forward_call(*args, **kwargs)\n  File "/tmp/tmpj1pt1_eo.py", line 174, in forward\n    conv_transpose1d_kernel[grid](\n  File "/home/lijiaxing/.conda/envs/api/lib/python3.10/site-packages/triton/runtime/jit.py", line 390, in <lambda>\n    return lambda *args, **kwargs: self.run(grid=grid, warmup=False, *args, **kwargs)\n  File "/home/lijiaxing/.conda/envs/api/lib/python3.10/site-packages/triton/runtime/jit.py", line 594, in run\n    kernel = self.compile(src, target=target, options=options.__dict__)\n  File "/home/lijiaxing/.conda/envs/api/lib/python3.10/site-packages/triton/compiler/compiler.py", line 339, in compile\n    module = src.make_ir(options, codegen_fns, module_map, context)\n  File "/home/lijiaxing/.conda/envs/api/lib/python3.10/site-packages/triton/compiler/compiler.py", line 83, in make_ir\n    return ast_to_ttir(self.fn, self, context=context, options=options, codegen_fns=codegen_fns,\ntriton.compiler.errors.CompilationError: at 90:23:\n                abs_ic_offsets[:, None] * (out_channels * kernel_size) +\n                oc_offsets[None, :] * kernel_size +\n                k\n            )\n            weight_vals = tl.load(\n                weight_ptrs,\n                mask=ic_mask[:, None] & oc_mask[None, :],\n                other=0.0\n            )\n\n            # Corrected matrix multiplication dimensions\n            weighted = tl.dot(weight_vals, input_vals, trans_a=True, allow_tf32=True)\n                       ^\n\n\nThe above exception was the direct cause of the following exception:\n\nTraceback (most recent call last):\n  File "/home/lijiaxing/.conda/envs/api/lib/python3.10/site-packages/triton/language/core.py", line 42, in wrapper\n    return fn(*args, **kwargs)\nTypeError: dot() got an unexpected keyword argument \'trans_a\'\n', 'runtime_error_name': 'triton.compiler.errors.CompilationError', 'reference_timing_ms': 0.0383, 'speed_up': -1.0, 'custom_timing': -1.0}, 'runtime': -1.0, 'runtime_stats': {}}}
2025-08-08 17:43:18,577 - openevolve.llm.ensemble - INFO - Sampled model: deepseek
2025-08-08 17:43:18,592 - openevolve.threaded_parallel - INFO - Iteration 6: Program edcf79ef-51d5-4ac8-9345-e81ebb8c54f6 (parent: 4582c063-677a-453e-8496-10c587cc4edd) completed in 430.01s
2025-08-08 17:43:18,592 - openevolve.threaded_parallel - INFO - Metrics: compiled=1.0000, correctness=0.0000, score=10.0000, stage=wrong_answer, verify_payload={'id': 'level1_64_conv_transposed_1D', 'result': {'compiled': True, 'correctness': False, 'metadata': {'hardware': 'NVIDIA L20Y', 'device': 'cuda:7', 'runtime_error': 'Traceback (most recent call last):\n  File "/home/lijiaxing/.conda/envs/api/lib/python3.10/site-packages/triton/language/core.py", line 42, in wrapper\n    return fn(*args, **kwargs)\nTypeError: dot() got an unexpected keyword argument \'trans_a\'\n\nThe above exception was the direct cause of the following exception:\n\nTraceback (most recent call last):\n  File "/cpfs01/shared/llm_kernel/hujiakai/KernelLLM/validation_api_server/helpers/evaluations.py", line 720, in run_and_check_correctness\n    output_new = model_new(*inputs)\n  File "/home/lijiaxing/.conda/envs/api/lib/python3.10/site-packages/torch/nn/modules/module.py", line 1773, in _wrapped_call_impl\n    return self._call_impl(*args, **kwargs)\n  File "/home/lijiaxing/.conda/envs/api/lib/python3.10/site-packages/torch/nn/modules/module.py", line 1784, in _call_impl\n    return forward_call(*args, **kwargs)\n  File "/tmp/tmpj1pt1_eo.py", line 174, in forward\n    conv_transpose1d_kernel[grid](\n  File "/home/lijiaxing/.conda/envs/api/lib/python3.10/site-packages/triton/runtime/jit.py", line 390, in <lambda>\n    return lambda *args, **kwargs: self.run(grid=grid, warmup=False, *args, **kwargs)\n  File "/home/lijiaxing/.conda/envs/api/lib/python3.10/site-packages/triton/runtime/jit.py", line 594, in run\n    kernel = self.compile(src, target=target, options=options.__dict__)\n  File "/home/lijiaxing/.conda/envs/api/lib/python3.10/site-packages/triton/compiler/compiler.py", line 339, in compile\n    module = src.make_ir(options, codegen_fns, module_map, context)\n  File "/home/lijiaxing/.conda/envs/api/lib/python3.10/site-packages/triton/compiler/compiler.py", line 83, in make_ir\n    return ast_to_ttir(self.fn, self, context=context, options=options, codegen_fns=codegen_fns,\ntriton.compiler.errors.CompilationError: at 90:23:\n                abs_ic_offsets[:, None] * (out_channels * kernel_size) +\n                oc_offsets[None, :] * kernel_size +\n                k\n            )\n            weight_vals = tl.load(\n                weight_ptrs,\n                mask=ic_mask[:, None] & oc_mask[None, :],\n                other=0.0\n            )\n\n            # Corrected matrix multiplication dimensions\n            weighted = tl.dot(weight_vals, input_vals, trans_a=True, allow_tf32=True)\n                       ^\n\n\nThe above exception was the direct cause of the following exception:\n\nTraceback (most recent call last):\n  File "/home/lijiaxing/.conda/envs/api/lib/python3.10/site-packages/triton/language/core.py", line 42, in wrapper\n    return fn(*args, **kwargs)\nTypeError: dot() got an unexpected keyword argument \'trans_a\'\n', 'runtime_error_name': 'triton.compiler.errors.CompilationError', 'reference_timing_ms': 0.0383, 'speed_up': -1.0, 'custom_timing': -1.0}, 'runtime': -1.0, 'runtime_stats': {}}}
2025-08-08 17:43:18,592 - openevolve.threaded_parallel - INFO - Checkpoint interval reached at iteration 6
2025-08-08 17:43:18,593 - openevolve.database - INFO - Island Status:
2025-08-08 17:43:18,593 - openevolve.database - INFO -    Island 0: 4 programs, best=10.0000, avg=7.5000, diversity=1119.10, gen=2 (best: 4582c063-677a-453e-8496-10c587cc4edd)
2025-08-08 17:43:18,593 - openevolve.database - INFO -  * Island 1: 1 programs, best=10.0000, avg=10.0000, diversity=0.00, gen=2 (best: 763c80f3-a4e7-4678-8ea1-094e5279131f)
2025-08-08 17:43:18,593 - openevolve.database - INFO -    Island 2: 2 programs, best=10.0000, avg=10.0000, diversity=4.70, gen=1 (best: dc5d3e25-d33a-410b-a8dc-e8382a913196)
2025-08-08 17:43:18,669 - openevolve.database - INFO - Saved database with 6 programs to openevolve_output/level1_64_conv_transposed_1D/checkpoints/checkpoint_6
2025-08-08 17:43:18,689 - openevolve.controller - INFO - Saved best program at checkpoint 6 with metrics: compiled=1.0000, correctness=0.0000, score=10.0000, stage=wrong_answer, verify_payload={'id': 'level1_64_conv_transposed_1D', 'result': {'compiled': True, 'correctness': False, 'metadata': {'hardware': 'NVIDIA L20Y', 'device': 'cuda:6', 'runtime_error': 'Traceback (most recent call last):\n  File "/home/lijiaxing/.conda/envs/api/lib/python3.10/site-packages/triton/language/core.py", line 42, in wrapper\n    return fn(*args, **kwargs)\n  File "/home/lijiaxing/.conda/envs/api/lib/python3.10/site-packages/triton/language/core.py", line 2045, in dot\n    return _semantic.dot(input, other, acc, input_precision, max_num_imprecise_acc, out_dtype)\n  File "/home/lijiaxing/.conda/envs/api/lib/python3.10/site-packages/triton/language/semantic.py", line 1498, in dot\n    assert lhs.shape[-1].value == rhs.shape[\nAssertionError: First input shape ([\'constexpr[32]\', \'constexpr[64]\']) and second input shape [\'constexpr[32]\', \'constexpr[128]\'] are not compatible for matmul (second index of first shape (64) must be equal to first index of second shape (32)\n\nThe above exception was the direct cause of the following exception:\n\nTraceback (most recent call last):\n  File "/cpfs01/shared/llm_kernel/hujiakai/KernelLLM/validation_api_server/helpers/evaluations.py", line 720, in run_and_check_correctness\n    output_new = model_new(*inputs)\n  File "/home/lijiaxing/.conda/envs/api/lib/python3.10/site-packages/torch/nn/modules/module.py", line 1773, in _wrapped_call_impl\n    return self._call_impl(*args, **kwargs)\n  File "/home/lijiaxing/.conda/envs/api/lib/python3.10/site-packages/torch/nn/modules/module.py", line 1784, in _call_impl\n    return forward_call(*args, **kwargs)\n  File "/tmp/tmp3vxtfs8s.py", line 174, in forward\n    conv_transpose1d_kernel[grid](\n  File "/home/lijiaxing/.conda/envs/api/lib/python3.10/site-packages/triton/runtime/jit.py", line 390, in <lambda>\n    return lambda *args, **kwargs: self.run(grid=grid, warmup=False, *args, **kwargs)\n  File "/home/lijiaxing/.conda/envs/api/lib/python3.10/site-packages/triton/runtime/jit.py", line 594, in run\n    kernel = self.compile(src, target=target, options=options.__dict__)\n  File "/home/lijiaxing/.conda/envs/api/lib/python3.10/site-packages/triton/compiler/compiler.py", line 339, in compile\n    module = src.make_ir(options, codegen_fns, module_map, context)\n  File "/home/lijiaxing/.conda/envs/api/lib/python3.10/site-packages/triton/compiler/compiler.py", line 83, in make_ir\n    return ast_to_ttir(self.fn, self, context=context, options=options, codegen_fns=codegen_fns,\ntriton.compiler.errors.CompilationError: at 90:23:\n                abs_ic_offsets[:, None] * (out_channels * kernel_size) +\n                oc_offsets[None, :] * kernel_size +\n                k\n            )\n            weight_vals = tl.load(\n                weight_ptrs,\n                mask=ic_mask[:, None] & oc_mask[None, :],\n                other=0.0\n            )\n\n            # Accumulate\n            weighted = tl.dot(weight_vals, input_vals, allow_tf32=True)\n                       ^\n\n\nThe above exception was the direct cause of the following exception:\n\nTraceback (most recent call last):\n  File "/home/lijiaxing/.conda/envs/api/lib/python3.10/site-packages/triton/language/core.py", line 42, in wrapper\n    return fn(*args, **kwargs)\n  File "/home/lijiaxing/.conda/envs/api/lib/python3.10/site-packages/triton/language/core.py", line 2045, in dot\n    return _semantic.dot(input, other, acc, input_precision, max_num_imprecise_acc, out_dtype)\n  File "/home/lijiaxing/.conda/envs/api/lib/python3.10/site-packages/triton/language/semantic.py", line 1498, in dot\n    assert lhs.shape[-1].value == rhs.shape[\nAssertionError: First input shape ([\'constexpr[32]\', \'constexpr[64]\']) and second input shape [\'constexpr[32]\', \'constexpr[128]\'] are not compatible for matmul (second index of first shape (64) must be equal to first index of second shape (32)\n', 'runtime_error_name': 'triton.compiler.errors.CompilationError', 'reference_timing_ms': 0.0383, 'speed_up': -1.0, 'custom_timing': -1.0}, 'runtime': -1.0, 'runtime_stats': {}}}
2025-08-08 17:43:18,689 - openevolve.controller - INFO - Saved checkpoint at iteration 6 to openevolve_output/level1_64_conv_transposed_1D/checkpoints/checkpoint_6
2025-08-08 17:44:15,615 - openevolve.RemoteSpeedupEvaluator - INFO - [level1_64_conv_transposed_1D] triton key words check pass
2025-08-08 17:44:15,616 - openevolve.RemoteSpeedupEvaluator - INFO - [level1_64_conv_transposed_1D] verify_plus payload: reference_code(1923 chars) + custom_code(6169 chars)
2025-08-08 17:44:18,527 - openevolve.RemoteSpeedupEvaluator - INFO - [level1_64_conv_transposed_1D] verify_plus request success
2025-08-08 17:44:18,528 - openevolve.RemoteSpeedupEvaluator - INFO - [level1_64_conv_transposed_1D] verify_plus response: {"id":"level1_64_conv_transposed_1D","result":{"compiled":true,"correctness":false,"metadata":{"hardware":"NVIDIA L20Y","device":"cuda:6","runtime_error":"Traceback (most recent call last):\n  File \"/home/lijiaxing/.conda/envs/api/lib/python3.10/site-packages/triton/language/core.py\", line 42, in wrapper\n    return fn(*args, **kwargs)\n  File \"/home/lijiaxing/.conda/envs/api/lib/python3.10/site-packages/triton/language/core.py\", line 1630, in program_id\n    return _semantic.program_id(axis)\n  File \"/home/lijiaxing/.conda/envs/api/lib/python3.10/site-packages/triton/language/semantic.py\", line 40, in program_id\n    raise ValueError(f\"program_id axis must be 0, 1, or 2 but got {axis}\")\nValueError: program_id axis must be 0, 1, or 2 but got 3\n\nThe above exception was the direct
2025-08-08 17:44:18,528 - openevolve.RemoteSpeedupEvaluator - INFO - [level1_64_conv_transposed_1D] âœ˜ wrong_answer
2025-08-08 17:44:18,528 - openevolve.evaluator - INFO - Evaluated program 07585610-66ab-4695-8feb-1f03daea9577 in 2.91s: compiled=1.0000, correctness=0.0000, score=10.0000, stage=wrong_answer, verify_payload={'id': 'level1_64_conv_transposed_1D', 'result': {'compiled': True, 'correctness': False, 'metadata': {'hardware': 'NVIDIA L20Y', 'device': 'cuda:6', 'runtime_error': 'Traceback (most recent call last):\n  File "/home/lijiaxing/.conda/envs/api/lib/python3.10/site-packages/triton/language/core.py", line 42, in wrapper\n    return fn(*args, **kwargs)\n  File "/home/lijiaxing/.conda/envs/api/lib/python3.10/site-packages/triton/language/core.py", line 1630, in program_id\n    return _semantic.program_id(axis)\n  File "/home/lijiaxing/.conda/envs/api/lib/python3.10/site-packages/triton/language/semantic.py", line 40, in program_id\n    raise ValueError(f"program_id axis must be 0, 1, or 2 but got {axis}")\nValueError: program_id axis must be 0, 1, or 2 but got 3\n\nThe above exception was the direct cause of the following exception:\n\nTraceback (most recent call last):\n  File "/cpfs01/shared/llm_kernel/hujiakai/KernelLLM/validation_api_server/helpers/evaluations.py", line 720, in run_and_check_correctness\n    output_new = model_new(*inputs)\n  File "/home/lijiaxing/.conda/envs/api/lib/python3.10/site-packages/torch/nn/modules/module.py", line 1773, in _wrapped_call_impl\n    return self._call_impl(*args, **kwargs)\n  File "/home/lijiaxing/.conda/envs/api/lib/python3.10/site-packages/torch/nn/modules/module.py", line 1784, in _call_impl\n    return forward_call(*args, **kwargs)\n  File "/tmp/tmp8wchedu8.py", line 172, in forward\n    conv_transpose1d_kernel[grid](\n  File "/home/lijiaxing/.conda/envs/api/lib/python3.10/site-packages/triton/runtime/jit.py", line 390, in <lambda>\n    return lambda *args, **kwargs: self.run(grid=grid, warmup=False, *args, **kwargs)\n  File "/home/lijiaxing/.conda/envs/api/lib/python3.10/site-packages/triton/runtime/jit.py", line 594, in run\n    kernel = self.compile(src, target=target, options=options.__dict__)\n  File "/home/lijiaxing/.conda/envs/api/lib/python3.10/site-packages/triton/compiler/compiler.py", line 339, in compile\n    module = src.make_ir(options, codegen_fns, module_map, context)\n  File "/home/lijiaxing/.conda/envs/api/lib/python3.10/site-packages/triton/compiler/compiler.py", line 83, in make_ir\n    return ast_to_ttir(self.fn, self, context=context, options=options, codegen_fns=codegen_fns,\ntriton.compiler.errors.CompilationError: at 29:19:\n    groups,\n    # Blocking parameters\n    BLOCK_OC: tl.constexpr,\n    BLOCK_OP: tl.constexpr,\n    # Meta-parameters\n    HAS_BIAS: tl.constexpr,\n):\n    # Program ID organization\n    pid_batch = tl.program_id(0)\n    pid_group = tl.program_id(1)\n    pid_oc_block = tl.program_id(2)\n    pid_op_block = tl.program_id(3)\n                   ^\n\n\nThe above exception was the direct cause of the following exception:\n\nTraceback (most recent call last):\n  File "/home/lijiaxing/.conda/envs/api/lib/python3.10/site-packages/triton/language/core.py", line 42, in wrapper\n    return fn(*args, **kwargs)\n  File "/home/lijiaxing/.conda/envs/api/lib/python3.10/site-packages/triton/language/core.py", line 1630, in program_id\n    return _semantic.program_id(axis)\n  File "/home/lijiaxing/.conda/envs/api/lib/python3.10/site-packages/triton/language/semantic.py", line 40, in program_id\n    raise ValueError(f"program_id axis must be 0, 1, or 2 but got {axis}")\nValueError: program_id axis must be 0, 1, or 2 but got 3\n', 'runtime_error_name': 'triton.compiler.errors.CompilationError', 'reference_timing_ms': 0.0383, 'speed_up': -1.0, 'custom_timing': -1.0}, 'runtime': -1.0, 'runtime_stats': {}}}
2025-08-08 17:44:18,531 - openevolve.llm.ensemble - INFO - Sampled model: deepseek
2025-08-08 17:44:18,537 - openevolve.database - INFO - New MAP-Elites cell occupied: {'score': 9, 'complexity': 8}
2025-08-08 17:44:18,547 - openevolve.threaded_parallel - INFO - Iteration 4: Program 07585610-66ab-4695-8feb-1f03daea9577 (parent: d1ca4e46-62cf-4f0e-afe5-43be31082aab) completed in 1062.79s
2025-08-08 17:44:18,547 - openevolve.threaded_parallel - INFO - Metrics: compiled=1.0000, correctness=0.0000, score=10.0000, stage=wrong_answer, verify_payload={'id': 'level1_64_conv_transposed_1D', 'result': {'compiled': True, 'correctness': False, 'metadata': {'hardware': 'NVIDIA L20Y', 'device': 'cuda:6', 'runtime_error': 'Traceback (most recent call last):\n  File "/home/lijiaxing/.conda/envs/api/lib/python3.10/site-packages/triton/language/core.py", line 42, in wrapper\n    return fn(*args, **kwargs)\n  File "/home/lijiaxing/.conda/envs/api/lib/python3.10/site-packages/triton/language/core.py", line 1630, in program_id\n    return _semantic.program_id(axis)\n  File "/home/lijiaxing/.conda/envs/api/lib/python3.10/site-packages/triton/language/semantic.py", line 40, in program_id\n    raise ValueError(f"program_id axis must be 0, 1, or 2 but got {axis}")\nValueError: program_id axis must be 0, 1, or 2 but got 3\n\nThe above exception was the direct cause of the following exception:\n\nTraceback (most recent call last):\n  File "/cpfs01/shared/llm_kernel/hujiakai/KernelLLM/validation_api_server/helpers/evaluations.py", line 720, in run_and_check_correctness\n    output_new = model_new(*inputs)\n  File "/home/lijiaxing/.conda/envs/api/lib/python3.10/site-packages/torch/nn/modules/module.py", line 1773, in _wrapped_call_impl\n    return self._call_impl(*args, **kwargs)\n  File "/home/lijiaxing/.conda/envs/api/lib/python3.10/site-packages/torch/nn/modules/module.py", line 1784, in _call_impl\n    return forward_call(*args, **kwargs)\n  File "/tmp/tmp8wchedu8.py", line 172, in forward\n    conv_transpose1d_kernel[grid](\n  File "/home/lijiaxing/.conda/envs/api/lib/python3.10/site-packages/triton/runtime/jit.py", line 390, in <lambda>\n    return lambda *args, **kwargs: self.run(grid=grid, warmup=False, *args, **kwargs)\n  File "/home/lijiaxing/.conda/envs/api/lib/python3.10/site-packages/triton/runtime/jit.py", line 594, in run\n    kernel = self.compile(src, target=target, options=options.__dict__)\n  File "/home/lijiaxing/.conda/envs/api/lib/python3.10/site-packages/triton/compiler/compiler.py", line 339, in compile\n    module = src.make_ir(options, codegen_fns, module_map, context)\n  File "/home/lijiaxing/.conda/envs/api/lib/python3.10/site-packages/triton/compiler/compiler.py", line 83, in make_ir\n    return ast_to_ttir(self.fn, self, context=context, options=options, codegen_fns=codegen_fns,\ntriton.compiler.errors.CompilationError: at 29:19:\n    groups,\n    # Blocking parameters\n    BLOCK_OC: tl.constexpr,\n    BLOCK_OP: tl.constexpr,\n    # Meta-parameters\n    HAS_BIAS: tl.constexpr,\n):\n    # Program ID organization\n    pid_batch = tl.program_id(0)\n    pid_group = tl.program_id(1)\n    pid_oc_block = tl.program_id(2)\n    pid_op_block = tl.program_id(3)\n                   ^\n\n\nThe above exception was the direct cause of the following exception:\n\nTraceback (most recent call last):\n  File "/home/lijiaxing/.conda/envs/api/lib/python3.10/site-packages/triton/language/core.py", line 42, in wrapper\n    return fn(*args, **kwargs)\n  File "/home/lijiaxing/.conda/envs/api/lib/python3.10/site-packages/triton/language/core.py", line 1630, in program_id\n    return _semantic.program_id(axis)\n  File "/home/lijiaxing/.conda/envs/api/lib/python3.10/site-packages/triton/language/semantic.py", line 40, in program_id\n    raise ValueError(f"program_id axis must be 0, 1, or 2 but got {axis}")\nValueError: program_id axis must be 0, 1, or 2 but got 3\n', 'runtime_error_name': 'triton.compiler.errors.CompilationError', 'reference_timing_ms': 0.0383, 'speed_up': -1.0, 'custom_timing': -1.0}, 'runtime': -1.0, 'runtime_stats': {}}}
2025-08-08 17:45:00,066 - openevolve.RemoteSpeedupEvaluator - INFO - [level1_64_conv_transposed_1D] triton key words check pass
2025-08-08 17:45:00,068 - openevolve.RemoteSpeedupEvaluator - INFO - [level1_64_conv_transposed_1D] verify_plus payload: reference_code(1923 chars) + custom_code(5028 chars)
2025-08-08 17:45:03,198 - openevolve.RemoteSpeedupEvaluator - INFO - [level1_64_conv_transposed_1D] verify_plus request success
2025-08-08 17:45:03,199 - openevolve.RemoteSpeedupEvaluator - INFO - [level1_64_conv_transposed_1D] verify_plus response: {"id":"level1_64_conv_transposed_1D","result":{"compiled":true,"correctness":false,"metadata":{"hardware":"NVIDIA L20Y","device":"cuda:3","runtime_error":"Traceback (most recent call last):\n  File \"/home/lijiaxing/.conda/envs/api/lib/python3.10/site-packages/triton/language/core.py\", line 42, in wrapper\n    return fn(*args, **kwargs)\n  File \"/home/lijiaxing/.conda/envs/api/lib/python3.10/site-packages/triton/language/core.py\", line 1654, in arange\n    return _semantic.arange(start, end)\n  File \"/home/lijiaxing/.conda/envs/api/lib/python3.10/site-packages/triton/language/semantic.py\", line 583, in arange\n    raise ValueError(\"arange's range must be a power of 2\")\nValueError: arange's range must be a power of 2\n\nThe above exception was the direct cause of the following excep
2025-08-08 17:45:03,199 - openevolve.RemoteSpeedupEvaluator - INFO - [level1_64_conv_transposed_1D] âœ˜ wrong_answer
2025-08-08 17:45:03,199 - openevolve.evaluator - INFO - Evaluated program 2c77dd6d-14a9-48f3-8acc-d80531fec32e in 3.13s: compiled=1.0000, correctness=0.0000, score=10.0000, stage=wrong_answer, verify_payload={'id': 'level1_64_conv_transposed_1D', 'result': {'compiled': True, 'correctness': False, 'metadata': {'hardware': 'NVIDIA L20Y', 'device': 'cuda:3', 'runtime_error': 'Traceback (most recent call last):\n  File "/home/lijiaxing/.conda/envs/api/lib/python3.10/site-packages/triton/language/core.py", line 42, in wrapper\n    return fn(*args, **kwargs)\n  File "/home/lijiaxing/.conda/envs/api/lib/python3.10/site-packages/triton/language/core.py", line 1654, in arange\n    return _semantic.arange(start, end)\n  File "/home/lijiaxing/.conda/envs/api/lib/python3.10/site-packages/triton/language/semantic.py", line 583, in arange\n    raise ValueError("arange\'s range must be a power of 2")\nValueError: arange\'s range must be a power of 2\n\nThe above exception was the direct cause of the following exception:\n\nTraceback (most recent call last):\n  File "/cpfs01/shared/llm_kernel/hujiakai/KernelLLM/validation_api_server/helpers/evaluations.py", line 720, in run_and_check_correctness\n    output_new = model_new(*inputs)\n  File "/home/lijiaxing/.conda/envs/api/lib/python3.10/site-packages/torch/nn/modules/module.py", line 1773, in _wrapped_call_impl\n    return self._call_impl(*args, **kwargs)\n  File "/home/lijiaxing/.conda/envs/api/lib/python3.10/site-packages/torch/nn/modules/module.py", line 1784, in _call_impl\n    return forward_call(*args, **kwargs)\n  File "/tmp/tmpar1zwq5v.py", line 94, in forward\n    return self.triton_forward(x)\n  File "/tmp/tmpar1zwq5v.py", line 112, in triton_forward\n    conv1d_transpose_kernel[grid](\n  File "/home/lijiaxing/.conda/envs/api/lib/python3.10/site-packages/triton/runtime/jit.py", line 390, in <lambda>\n    return lambda *args, **kwargs: self.run(grid=grid, warmup=False, *args, **kwargs)\n  File "/home/lijiaxing/.conda/envs/api/lib/python3.10/site-packages/triton/runtime/jit.py", line 594, in run\n    kernel = self.compile(src, target=target, options=options.__dict__)\n  File "/home/lijiaxing/.conda/envs/api/lib/python3.10/site-packages/triton/compiler/compiler.py", line 339, in compile\n    module = src.make_ir(options, codegen_fns, module_map, context)\n  File "/home/lijiaxing/.conda/envs/api/lib/python3.10/site-packages/triton/compiler/compiler.py", line 83, in make_ir\n    return ast_to_ttir(self.fn, self, context=context, options=options, codegen_fns=codegen_fns,\ntriton.compiler.errors.CompilationError: at 25:39:\n    pid_oc = tl.program_id(1)\n    pid_block = tl.program_id(2)\n\n    j_start = pid_block * BLOCK_SIZE_L\n    j_offsets = j_start + tl.arange(0, BLOCK_SIZE_L)\n    mask_j = j_offsets < L_out\n\n    # Initialize output block\n    output_block = tl.zeros((BLOCK_SIZE_L,), dtype=tl.float32)\n\n    # Load weights for this output channel\n    w_offsets = pid_oc * stride_w_oc + tl.arange(0, 3) * stride_w_k\n                                       ^\n\n\nThe above exception was the direct cause of the following exception:\n\nTraceback (most recent call last):\n  File "/home/lijiaxing/.conda/envs/api/lib/python3.10/site-packages/triton/language/core.py", line 42, in wrapper\n    return fn(*args, **kwargs)\n  File "/home/lijiaxing/.conda/envs/api/lib/python3.10/site-packages/triton/language/core.py", line 1654, in arange\n    return _semantic.arange(start, end)\n  File "/home/lijiaxing/.conda/envs/api/lib/python3.10/site-packages/triton/language/semantic.py", line 583, in arange\n    raise ValueError("arange\'s range must be a power of 2")\nValueError: arange\'s range must be a power of 2\n', 'runtime_error_name': 'triton.compiler.errors.CompilationError', 'reference_timing_ms': 0.0383, 'speed_up': -1.0, 'custom_timing': -1.0}, 'runtime': -1.0, 'runtime_stats': {}}}
2025-08-08 17:45:03,203 - openevolve.llm.ensemble - INFO - Sampled model: deepseek
2025-08-08 17:45:03,214 - openevolve.threaded_parallel - INFO - Iteration 3: Program 2c77dd6d-14a9-48f3-8acc-d80531fec32e (parent: d1ca4e46-62cf-4f0e-afe5-43be31082aab) completed in 1115.70s
2025-08-08 17:45:03,214 - openevolve.threaded_parallel - INFO - Metrics: compiled=1.0000, correctness=0.0000, score=10.0000, stage=wrong_answer, verify_payload={'id': 'level1_64_conv_transposed_1D', 'result': {'compiled': True, 'correctness': False, 'metadata': {'hardware': 'NVIDIA L20Y', 'device': 'cuda:3', 'runtime_error': 'Traceback (most recent call last):\n  File "/home/lijiaxing/.conda/envs/api/lib/python3.10/site-packages/triton/language/core.py", line 42, in wrapper\n    return fn(*args, **kwargs)\n  File "/home/lijiaxing/.conda/envs/api/lib/python3.10/site-packages/triton/language/core.py", line 1654, in arange\n    return _semantic.arange(start, end)\n  File "/home/lijiaxing/.conda/envs/api/lib/python3.10/site-packages/triton/language/semantic.py", line 583, in arange\n    raise ValueError("arange\'s range must be a power of 2")\nValueError: arange\'s range must be a power of 2\n\nThe above exception was the direct cause of the following exception:\n\nTraceback (most recent call last):\n  File "/cpfs01/shared/llm_kernel/hujiakai/KernelLLM/validation_api_server/helpers/evaluations.py", line 720, in run_and_check_correctness\n    output_new = model_new(*inputs)\n  File "/home/lijiaxing/.conda/envs/api/lib/python3.10/site-packages/torch/nn/modules/module.py", line 1773, in _wrapped_call_impl\n    return self._call_impl(*args, **kwargs)\n  File "/home/lijiaxing/.conda/envs/api/lib/python3.10/site-packages/torch/nn/modules/module.py", line 1784, in _call_impl\n    return forward_call(*args, **kwargs)\n  File "/tmp/tmpar1zwq5v.py", line 94, in forward\n    return self.triton_forward(x)\n  File "/tmp/tmpar1zwq5v.py", line 112, in triton_forward\n    conv1d_transpose_kernel[grid](\n  File "/home/lijiaxing/.conda/envs/api/lib/python3.10/site-packages/triton/runtime/jit.py", line 390, in <lambda>\n    return lambda *args, **kwargs: self.run(grid=grid, warmup=False, *args, **kwargs)\n  File "/home/lijiaxing/.conda/envs/api/lib/python3.10/site-packages/triton/runtime/jit.py", line 594, in run\n    kernel = self.compile(src, target=target, options=options.__dict__)\n  File "/home/lijiaxing/.conda/envs/api/lib/python3.10/site-packages/triton/compiler/compiler.py", line 339, in compile\n    module = src.make_ir(options, codegen_fns, module_map, context)\n  File "/home/lijiaxing/.conda/envs/api/lib/python3.10/site-packages/triton/compiler/compiler.py", line 83, in make_ir\n    return ast_to_ttir(self.fn, self, context=context, options=options, codegen_fns=codegen_fns,\ntriton.compiler.errors.CompilationError: at 25:39:\n    pid_oc = tl.program_id(1)\n    pid_block = tl.program_id(2)\n\n    j_start = pid_block * BLOCK_SIZE_L\n    j_offsets = j_start + tl.arange(0, BLOCK_SIZE_L)\n    mask_j = j_offsets < L_out\n\n    # Initialize output block\n    output_block = tl.zeros((BLOCK_SIZE_L,), dtype=tl.float32)\n\n    # Load weights for this output channel\n    w_offsets = pid_oc * stride_w_oc + tl.arange(0, 3) * stride_w_k\n                                       ^\n\n\nThe above exception was the direct cause of the following exception:\n\nTraceback (most recent call last):\n  File "/home/lijiaxing/.conda/envs/api/lib/python3.10/site-packages/triton/language/core.py", line 42, in wrapper\n    return fn(*args, **kwargs)\n  File "/home/lijiaxing/.conda/envs/api/lib/python3.10/site-packages/triton/language/core.py", line 1654, in arange\n    return _semantic.arange(start, end)\n  File "/home/lijiaxing/.conda/envs/api/lib/python3.10/site-packages/triton/language/semantic.py", line 583, in arange\n    raise ValueError("arange\'s range must be a power of 2")\nValueError: arange\'s range must be a power of 2\n', 'runtime_error_name': 'triton.compiler.errors.CompilationError', 'reference_timing_ms': 0.0383, 'speed_up': -1.0, 'custom_timing': -1.0}, 'runtime': -1.0, 'runtime_stats': {}}}
2025-08-08 17:45:03,214 - openevolve.threaded_parallel - INFO - Checkpoint interval reached at iteration 3
2025-08-08 17:45:03,216 - openevolve.database - INFO - Island Status:
2025-08-08 17:45:03,216 - openevolve.database - INFO -  * Island 0: 4 programs, best=10.0000, avg=7.5000, diversity=1119.10, gen=3 (best: 4582c063-677a-453e-8496-10c587cc4edd)
2025-08-08 17:45:03,216 - openevolve.database - INFO -    Island 1: 2 programs, best=10.0000, avg=10.0000, diversity=970.90, gen=2 (best: 763c80f3-a4e7-4678-8ea1-094e5279131f)
2025-08-08 17:45:03,216 - openevolve.database - INFO -    Island 2: 3 programs, best=10.0000, avg=10.0000, diversity=544.00, gen=2 (best: dc5d3e25-d33a-410b-a8dc-e8382a913196)
2025-08-08 17:45:03,310 - openevolve.database - INFO - Saved database with 8 programs to openevolve_output/level1_64_conv_transposed_1D/checkpoints/checkpoint_3
2025-08-08 17:45:03,328 - openevolve.controller - INFO - Saved best program at checkpoint 3 with metrics: compiled=1.0000, correctness=0.0000, score=10.0000, stage=wrong_answer, verify_payload={'id': 'level1_64_conv_transposed_1D', 'result': {'compiled': True, 'correctness': False, 'metadata': {'hardware': 'NVIDIA L20Y', 'device': 'cuda:6', 'runtime_error': 'Traceback (most recent call last):\n  File "/home/lijiaxing/.conda/envs/api/lib/python3.10/site-packages/triton/language/core.py", line 42, in wrapper\n    return fn(*args, **kwargs)\n  File "/home/lijiaxing/.conda/envs/api/lib/python3.10/site-packages/triton/language/core.py", line 2045, in dot\n    return _semantic.dot(input, other, acc, input_precision, max_num_imprecise_acc, out_dtype)\n  File "/home/lijiaxing/.conda/envs/api/lib/python3.10/site-packages/triton/language/semantic.py", line 1498, in dot\n    assert lhs.shape[-1].value == rhs.shape[\nAssertionError: First input shape ([\'constexpr[32]\', \'constexpr[64]\']) and second input shape [\'constexpr[32]\', \'constexpr[128]\'] are not compatible for matmul (second index of first shape (64) must be equal to first index of second shape (32)\n\nThe above exception was the direct cause of the following exception:\n\nTraceback (most recent call last):\n  File "/cpfs01/shared/llm_kernel/hujiakai/KernelLLM/validation_api_server/helpers/evaluations.py", line 720, in run_and_check_correctness\n    output_new = model_new(*inputs)\n  File "/home/lijiaxing/.conda/envs/api/lib/python3.10/site-packages/torch/nn/modules/module.py", line 1773, in _wrapped_call_impl\n    return self._call_impl(*args, **kwargs)\n  File "/home/lijiaxing/.conda/envs/api/lib/python3.10/site-packages/torch/nn/modules/module.py", line 1784, in _call_impl\n    return forward_call(*args, **kwargs)\n  File "/tmp/tmp3vxtfs8s.py", line 174, in forward\n    conv_transpose1d_kernel[grid](\n  File "/home/lijiaxing/.conda/envs/api/lib/python3.10/site-packages/triton/runtime/jit.py", line 390, in <lambda>\n    return lambda *args, **kwargs: self.run(grid=grid, warmup=False, *args, **kwargs)\n  File "/home/lijiaxing/.conda/envs/api/lib/python3.10/site-packages/triton/runtime/jit.py", line 594, in run\n    kernel = self.compile(src, target=target, options=options.__dict__)\n  File "/home/lijiaxing/.conda/envs/api/lib/python3.10/site-packages/triton/compiler/compiler.py", line 339, in compile\n    module = src.make_ir(options, codegen_fns, module_map, context)\n  File "/home/lijiaxing/.conda/envs/api/lib/python3.10/site-packages/triton/compiler/compiler.py", line 83, in make_ir\n    return ast_to_ttir(self.fn, self, context=context, options=options, codegen_fns=codegen_fns,\ntriton.compiler.errors.CompilationError: at 90:23:\n                abs_ic_offsets[:, None] * (out_channels * kernel_size) +\n                oc_offsets[None, :] * kernel_size +\n                k\n            )\n            weight_vals = tl.load(\n                weight_ptrs,\n                mask=ic_mask[:, None] & oc_mask[None, :],\n                other=0.0\n            )\n\n            # Accumulate\n            weighted = tl.dot(weight_vals, input_vals, allow_tf32=True)\n                       ^\n\n\nThe above exception was the direct cause of the following exception:\n\nTraceback (most recent call last):\n  File "/home/lijiaxing/.conda/envs/api/lib/python3.10/site-packages/triton/language/core.py", line 42, in wrapper\n    return fn(*args, **kwargs)\n  File "/home/lijiaxing/.conda/envs/api/lib/python3.10/site-packages/triton/language/core.py", line 2045, in dot\n    return _semantic.dot(input, other, acc, input_precision, max_num_imprecise_acc, out_dtype)\n  File "/home/lijiaxing/.conda/envs/api/lib/python3.10/site-packages/triton/language/semantic.py", line 1498, in dot\n    assert lhs.shape[-1].value == rhs.shape[\nAssertionError: First input shape ([\'constexpr[32]\', \'constexpr[64]\']) and second input shape [\'constexpr[32]\', \'constexpr[128]\'] are not compatible for matmul (second index of first shape (64) must be equal to first index of second shape (32)\n', 'runtime_error_name': 'triton.compiler.errors.CompilationError', 'reference_timing_ms': 0.0383, 'speed_up': -1.0, 'custom_timing': -1.0}, 'runtime': -1.0, 'runtime_stats': {}}}
2025-08-08 17:45:03,328 - openevolve.controller - INFO - Saved checkpoint at iteration 3 to openevolve_output/level1_64_conv_transposed_1D/checkpoints/checkpoint_3
2025-08-08 17:51:24,997 - openevolve.RemoteSpeedupEvaluator - INFO - [level1_64_conv_transposed_1D] triton key words check pass
2025-08-08 17:51:24,998 - openevolve.RemoteSpeedupEvaluator - INFO - [level1_64_conv_transposed_1D] verify_plus payload: reference_code(1923 chars) + custom_code(4695 chars)
2025-08-08 17:51:28,446 - openevolve.RemoteSpeedupEvaluator - INFO - [level1_64_conv_transposed_1D] verify_plus request success
2025-08-08 17:51:28,446 - openevolve.RemoteSpeedupEvaluator - INFO - [level1_64_conv_transposed_1D] verify_plus response: {"id":"level1_64_conv_transposed_1D","result":{"compiled":true,"correctness":false,"metadata":{"hardware":"NVIDIA L20Y","device":"cuda:4","max_difference":["62.102810","63.799484","55.446194","68.011215","58.116875"],"avg_difference":["11.685536","11.510026","11.787825","11.852592","11.696945"],"correctness_issue":"Output mismatch","correctness_trials":"(0 / 5)","reference_timing_ms":0.0383,"speed_up":-1.0,"custom_timing":-1.0},"runtime":-1.0,"runtime_stats":{}}}
2025-08-08 17:51:28,446 - openevolve.RemoteSpeedupEvaluator - INFO - [level1_64_conv_transposed_1D] âœ˜ wrong_answer
2025-08-08 17:51:28,447 - openevolve.evaluator - INFO - Evaluated program ea5e8428-d828-476f-ae93-433f795394b3 in 3.45s: compiled=1.0000, correctness=0.0000, score=10.0000, stage=wrong_answer, verify_payload={'id': 'level1_64_conv_transposed_1D', 'result': {'compiled': True, 'correctness': False, 'metadata': {'hardware': 'NVIDIA L20Y', 'device': 'cuda:4', 'max_difference': ['62.102810', '63.799484', '55.446194', '68.011215', '58.116875'], 'avg_difference': ['11.685536', '11.510026', '11.787825', '11.852592', '11.696945'], 'correctness_issue': 'Output mismatch', 'correctness_trials': '(0 / 5)', 'reference_timing_ms': 0.0383, 'speed_up': -1.0, 'custom_timing': -1.0}, 'runtime': -1.0, 'runtime_stats': {}}}
2025-08-08 17:51:28,451 - openevolve.database - INFO - New MAP-Elites cell occupied: {'score': 9, 'complexity': 5}
2025-08-08 17:51:28,451 - openevolve.llm.ensemble - INFO - Sampled model: deepseek
2025-08-08 17:51:28,464 - openevolve.threaded_parallel - INFO - Iteration 7: Program ea5e8428-d828-476f-ae93-433f795394b3 (parent: 22af7eb4-4e25-49de-9101-6bcb5efd35fa) completed in 489.87s
2025-08-08 17:51:28,464 - openevolve.threaded_parallel - INFO - Metrics: compiled=1.0000, correctness=0.0000, score=10.0000, stage=wrong_answer, verify_payload={'id': 'level1_64_conv_transposed_1D', 'result': {'compiled': True, 'correctness': False, 'metadata': {'hardware': 'NVIDIA L20Y', 'device': 'cuda:4', 'max_difference': ['62.102810', '63.799484', '55.446194', '68.011215', '58.116875'], 'avg_difference': ['11.685536', '11.510026', '11.787825', '11.852592', '11.696945'], 'correctness_issue': 'Output mismatch', 'correctness_trials': '(0 / 5)', 'reference_timing_ms': 0.0383, 'speed_up': -1.0, 'custom_timing': -1.0}, 'runtime': -1.0, 'runtime_stats': {}}}
2025-08-08 17:51:37,601 - openevolve.RemoteSpeedupEvaluator - INFO - [level1_64_conv_transposed_1D] âœ˜ invalid_answer 'import triton' is not found
2025-08-08 17:51:37,601 - openevolve.evaluator - INFO - Evaluated program 14a7f756-5053-4b69-9db7-c7108ce7dc46 in 0.00s: compiled=0.0000, correctness=0.0000, score=-100.0000, stage=no_valid_triton_code, feedback=You need to generate real and valid triton code for the core function. The key word 'import triton' is not found.
2025-08-08 17:51:37,604 - openevolve.llm.ensemble - INFO - Sampled model: deepseek
2025-08-08 17:51:37,605 - openevolve.database - INFO - New MAP-Elites cell occupied: {'score': -1000, 'complexity': 0}
2025-08-08 17:51:37,612 - openevolve.threaded_parallel - INFO - Iteration 8: Program 14a7f756-5053-4b69-9db7-c7108ce7dc46 (parent: 763c80f3-a4e7-4678-8ea1-094e5279131f) completed in 439.07s
2025-08-08 17:51:37,612 - openevolve.threaded_parallel - INFO - Metrics: compiled=0.0000, correctness=0.0000, score=-100.0000, stage=no_valid_triton_code, feedback=You need to generate real and valid triton code for the core function. The key word 'import triton' is not found.
2025-08-08 17:53:40,934 - openevolve.RemoteSpeedupEvaluator - INFO - [level1_64_conv_transposed_1D] triton key words check pass
2025-08-08 17:53:40,936 - openevolve.RemoteSpeedupEvaluator - INFO - [level1_64_conv_transposed_1D] verify_plus payload: reference_code(1923 chars) + custom_code(6649 chars)
2025-08-08 17:53:44,628 - openevolve.RemoteSpeedupEvaluator - INFO - [level1_64_conv_transposed_1D] verify_plus request success
2025-08-08 17:53:44,628 - openevolve.RemoteSpeedupEvaluator - INFO - [level1_64_conv_transposed_1D] verify_plus response: {"id":"level1_64_conv_transposed_1D","result":{"compiled":true,"correctness":false,"metadata":{"hardware":"NVIDIA L20Y","device":"cuda:1","max_difference":["4.924958","8.833500","6.975890","6.398912","8.086189"],"avg_difference":["0.026442","0.033641","0.032590","0.032957","0.034970"],"correctness_issue":"Output mismatch","correctness_trials":"(0 / 5)","reference_timing_ms":0.0383,"speed_up":-1.0,"custom_timing":-1.0},"runtime":-1.0,"runtime_stats":{}}}
2025-08-08 17:53:44,628 - openevolve.RemoteSpeedupEvaluator - INFO - [level1_64_conv_transposed_1D] âœ˜ wrong_answer
2025-08-08 17:53:44,629 - openevolve.evaluator - INFO - Evaluated program 4d02c76a-eec8-49a5-9f6a-4522ad0c8a87 in 3.71s: compiled=1.0000, correctness=0.0000, score=10.0000, stage=wrong_answer, verify_payload={'id': 'level1_64_conv_transposed_1D', 'result': {'compiled': True, 'correctness': False, 'metadata': {'hardware': 'NVIDIA L20Y', 'device': 'cuda:1', 'max_difference': ['4.924958', '8.833500', '6.975890', '6.398912', '8.086189'], 'avg_difference': ['0.026442', '0.033641', '0.032590', '0.032957', '0.034970'], 'correctness_issue': 'Output mismatch', 'correctness_trials': '(0 / 5)', 'reference_timing_ms': 0.0383, 'speed_up': -1.0, 'custom_timing': -1.0}, 'runtime': -1.0, 'runtime_stats': {}}}
2025-08-08 17:53:44,632 - openevolve.llm.ensemble - INFO - Sampled model: deepseek
2025-08-08 17:53:44,643 - openevolve.threaded_parallel - INFO - Iteration 9: Program 4d02c76a-eec8-49a5-9f6a-4522ad0c8a87 (parent: 4582c063-677a-453e-8496-10c587cc4edd) completed in 521.43s
2025-08-08 17:53:44,643 - openevolve.threaded_parallel - INFO - Metrics: compiled=1.0000, correctness=0.0000, score=10.0000, stage=wrong_answer, verify_payload={'id': 'level1_64_conv_transposed_1D', 'result': {'compiled': True, 'correctness': False, 'metadata': {'hardware': 'NVIDIA L20Y', 'device': 'cuda:1', 'max_difference': ['4.924958', '8.833500', '6.975890', '6.398912', '8.086189'], 'avg_difference': ['0.026442', '0.033641', '0.032590', '0.032957', '0.034970'], 'correctness_issue': 'Output mismatch', 'correctness_trials': '(0 / 5)', 'reference_timing_ms': 0.0383, 'speed_up': -1.0, 'custom_timing': -1.0}, 'runtime': -1.0, 'runtime_stats': {}}}
2025-08-08 17:53:44,644 - openevolve.threaded_parallel - INFO - Checkpoint interval reached at iteration 9
2025-08-08 17:53:44,645 - openevolve.database - INFO - Island Status:
2025-08-08 17:53:44,645 - openevolve.database - INFO -  * Island 0: 5 programs, best=10.0000, avg=8.0000, diversity=953.87, gen=4 (best: 4582c063-677a-453e-8496-10c587cc4edd)
2025-08-08 17:53:44,645 - openevolve.database - INFO -    Island 1: 3 programs, best=10.0000, avg=-26.6667, diversity=1667.60, gen=3 (best: 763c80f3-a4e7-4678-8ea1-094e5279131f)
2025-08-08 17:53:44,645 - openevolve.database - INFO -    Island 2: 4 programs, best=10.0000, avg=10.0000, diversity=408.72, gen=3 (best: dc5d3e25-d33a-410b-a8dc-e8382a913196)
2025-08-08 17:53:44,782 - openevolve.database - INFO - Saved database with 11 programs to openevolve_output/level1_64_conv_transposed_1D/checkpoints/checkpoint_9
2025-08-08 17:53:44,805 - openevolve.controller - INFO - Saved best program at checkpoint 9 with metrics: compiled=1.0000, correctness=0.0000, score=10.0000, stage=wrong_answer, verify_payload={'id': 'level1_64_conv_transposed_1D', 'result': {'compiled': True, 'correctness': False, 'metadata': {'hardware': 'NVIDIA L20Y', 'device': 'cuda:6', 'runtime_error': 'Traceback (most recent call last):\n  File "/home/lijiaxing/.conda/envs/api/lib/python3.10/site-packages/triton/language/core.py", line 42, in wrapper\n    return fn(*args, **kwargs)\n  File "/home/lijiaxing/.conda/envs/api/lib/python3.10/site-packages/triton/language/core.py", line 2045, in dot\n    return _semantic.dot(input, other, acc, input_precision, max_num_imprecise_acc, out_dtype)\n  File "/home/lijiaxing/.conda/envs/api/lib/python3.10/site-packages/triton/language/semantic.py", line 1498, in dot\n    assert lhs.shape[-1].value == rhs.shape[\nAssertionError: First input shape ([\'constexpr[32]\', \'constexpr[64]\']) and second input shape [\'constexpr[32]\', \'constexpr[128]\'] are not compatible for matmul (second index of first shape (64) must be equal to first index of second shape (32)\n\nThe above exception was the direct cause of the following exception:\n\nTraceback (most recent call last):\n  File "/cpfs01/shared/llm_kernel/hujiakai/KernelLLM/validation_api_server/helpers/evaluations.py", line 720, in run_and_check_correctness\n    output_new = model_new(*inputs)\n  File "/home/lijiaxing/.conda/envs/api/lib/python3.10/site-packages/torch/nn/modules/module.py", line 1773, in _wrapped_call_impl\n    return self._call_impl(*args, **kwargs)\n  File "/home/lijiaxing/.conda/envs/api/lib/python3.10/site-packages/torch/nn/modules/module.py", line 1784, in _call_impl\n    return forward_call(*args, **kwargs)\n  File "/tmp/tmp3vxtfs8s.py", line 174, in forward\n    conv_transpose1d_kernel[grid](\n  File "/home/lijiaxing/.conda/envs/api/lib/python3.10/site-packages/triton/runtime/jit.py", line 390, in <lambda>\n    return lambda *args, **kwargs: self.run(grid=grid, warmup=False, *args, **kwargs)\n  File "/home/lijiaxing/.conda/envs/api/lib/python3.10/site-packages/triton/runtime/jit.py", line 594, in run\n    kernel = self.compile(src, target=target, options=options.__dict__)\n  File "/home/lijiaxing/.conda/envs/api/lib/python3.10/site-packages/triton/compiler/compiler.py", line 339, in compile\n    module = src.make_ir(options, codegen_fns, module_map, context)\n  File "/home/lijiaxing/.conda/envs/api/lib/python3.10/site-packages/triton/compiler/compiler.py", line 83, in make_ir\n    return ast_to_ttir(self.fn, self, context=context, options=options, codegen_fns=codegen_fns,\ntriton.compiler.errors.CompilationError: at 90:23:\n                abs_ic_offsets[:, None] * (out_channels * kernel_size) +\n                oc_offsets[None, :] * kernel_size +\n                k\n            )\n            weight_vals = tl.load(\n                weight_ptrs,\n                mask=ic_mask[:, None] & oc_mask[None, :],\n                other=0.0\n            )\n\n            # Accumulate\n            weighted = tl.dot(weight_vals, input_vals, allow_tf32=True)\n                       ^\n\n\nThe above exception was the direct cause of the following exception:\n\nTraceback (most recent call last):\n  File "/home/lijiaxing/.conda/envs/api/lib/python3.10/site-packages/triton/language/core.py", line 42, in wrapper\n    return fn(*args, **kwargs)\n  File "/home/lijiaxing/.conda/envs/api/lib/python3.10/site-packages/triton/language/core.py", line 2045, in dot\n    return _semantic.dot(input, other, acc, input_precision, max_num_imprecise_acc, out_dtype)\n  File "/home/lijiaxing/.conda/envs/api/lib/python3.10/site-packages/triton/language/semantic.py", line 1498, in dot\n    assert lhs.shape[-1].value == rhs.shape[\nAssertionError: First input shape ([\'constexpr[32]\', \'constexpr[64]\']) and second input shape [\'constexpr[32]\', \'constexpr[128]\'] are not compatible for matmul (second index of first shape (64) must be equal to first index of second shape (32)\n', 'runtime_error_name': 'triton.compiler.errors.CompilationError', 'reference_timing_ms': 0.0383, 'speed_up': -1.0, 'custom_timing': -1.0}, 'runtime': -1.0, 'runtime_stats': {}}}
2025-08-08 17:53:44,805 - openevolve.controller - INFO - Saved checkpoint at iteration 9 to openevolve_output/level1_64_conv_transposed_1D/checkpoints/checkpoint_9
2025-08-08 18:00:48,428 - openevolve.RemoteSpeedupEvaluator - INFO - [level1_64_conv_transposed_1D] triton key words check pass
2025-08-08 18:00:48,429 - openevolve.RemoteSpeedupEvaluator - INFO - [level1_64_conv_transposed_1D] verify_plus payload: reference_code(1923 chars) + custom_code(4436 chars)
2025-08-08 18:00:52,243 - openevolve.RemoteSpeedupEvaluator - INFO - [level1_64_conv_transposed_1D] verify_plus request success
2025-08-08 18:00:52,243 - openevolve.RemoteSpeedupEvaluator - INFO - [level1_64_conv_transposed_1D] verify_plus response: {"id":"level1_64_conv_transposed_1D","result":{"compiled":true,"correctness":true,"metadata":{"hardware":"NVIDIA L20Y","device":"cuda:4","correctness_trials":"(5 / 5)","reference_timing_ms":0.0383,"speed_up":0.587,"custom_timing":0.0653},"runtime":0.0653,"runtime_stats":{"mean":0.0653,"std":0.00343,"min":0.0611,"max":0.0821,"num_trials":100,"hardware":"NVIDIA L20Y","device":"cuda:4"}}}
2025-08-08 18:00:52,243 - openevolve.RemoteSpeedupEvaluator - INFO - [level1_64_conv_transposed_1D] âœ” success | speed_up=0.587  score=20.00
2025-08-08 18:00:52,244 - openevolve.evaluator - INFO - Evaluated program d6d862e0-e791-4dc4-a805-eb58db7d7106 in 3.82s: compiled=1.0000, correctness=1.0000, stage=success, passed=0.0000, score=20.0000, speed_up=0.5870, runtime_ms=0.0653, meta={'hardware': 'NVIDIA L20Y', 'device': 'cuda:4', 'correctness_trials': '(5 / 5)', 'reference_timing_ms': 0.0383, 'speed_up': 0.587, 'custom_timing': 0.0653}
2025-08-08 18:00:52,248 - openevolve.llm.ensemble - INFO - Sampled model: deepseek
2025-08-08 18:00:52,249 - openevolve.database - INFO - MAP-Elites cell improved: {'score': 9, 'complexity': 6} (fitness: 10.000 -> 20.000)
2025-08-08 18:00:52,250 - openevolve.database - INFO - New best program d6d862e0-e791-4dc4-a805-eb58db7d7106 replaces 4582c063-677a-453e-8496-10c587cc4edd
2025-08-08 18:00:52,261 - openevolve.threaded_parallel - INFO - Iteration 11: Program d6d862e0-e791-4dc4-a805-eb58db7d7106 (parent: 763c80f3-a4e7-4678-8ea1-094e5279131f) completed in 554.64s
2025-08-08 18:00:52,261 - openevolve.threaded_parallel - INFO - Metrics: compiled=1.0000, correctness=1.0000, stage=success, passed=0.0000, score=20.0000, speed_up=0.5870, runtime_ms=0.0653, meta={'hardware': 'NVIDIA L20Y', 'device': 'cuda:4', 'correctness_trials': '(5 / 5)', 'reference_timing_ms': 0.0383, 'speed_up': 0.587, 'custom_timing': 0.0653}
2025-08-08 18:00:52,261 - openevolve.threaded_parallel - INFO - ðŸŒŸ New best solution found at iteration 11: d6d862e0-e791-4dc4-a805-eb58db7d7106
2025-08-08 18:02:02,371 - openevolve.RemoteSpeedupEvaluator - INFO - [level1_64_conv_transposed_1D] triton key words check pass
2025-08-08 18:02:02,372 - openevolve.RemoteSpeedupEvaluator - INFO - [level1_64_conv_transposed_1D] verify_plus payload: reference_code(1923 chars) + custom_code(4949 chars)
2025-08-08 18:02:05,604 - openevolve.RemoteSpeedupEvaluator - INFO - [level1_64_conv_transposed_1D] verify_plus request success
2025-08-08 18:02:05,604 - openevolve.RemoteSpeedupEvaluator - INFO - [level1_64_conv_transposed_1D] verify_plus response: {"id":"level1_64_conv_transposed_1D","result":{"compiled":true,"correctness":true,"metadata":{"hardware":"NVIDIA L20Y","device":"cuda:5","correctness_trials":"(5 / 5)","reference_timing_ms":0.0383,"speed_up":0.617,"custom_timing":0.0621},"runtime":0.0621,"runtime_stats":{"mean":0.0621,"std":0.00224,"min":0.0591,"max":0.0746,"num_trials":100,"hardware":"NVIDIA L20Y","device":"cuda:5"}}}
2025-08-08 18:02:05,604 - openevolve.RemoteSpeedupEvaluator - INFO - [level1_64_conv_transposed_1D] âœ” success | speed_up=0.617  score=20.00
2025-08-08 18:02:05,605 - openevolve.evaluator - INFO - Evaluated program afccfa0e-d311-4b44-b5ae-485d0d93a87e in 3.23s: compiled=1.0000, correctness=1.0000, stage=success, passed=0.0000, score=20.0000, speed_up=0.6170, runtime_ms=0.0621, meta={'hardware': 'NVIDIA L20Y', 'device': 'cuda:5', 'correctness_trials': '(5 / 5)', 'reference_timing_ms': 0.0383, 'speed_up': 0.617, 'custom_timing': 0.0621}
2025-08-08 18:02:05,608 - openevolve.llm.ensemble - INFO - Sampled model: deepseek
2025-08-08 18:02:05,612 - openevolve.database - INFO - New MAP-Elites cell occupied: {'score': 9, 'complexity': 7}
2025-08-08 18:02:05,624 - openevolve.threaded_parallel - INFO - Iteration 12: Program afccfa0e-d311-4b44-b5ae-485d0d93a87e (parent: 2c77dd6d-14a9-48f3-8acc-d80531fec32e) completed in 500.97s
2025-08-08 18:02:05,624 - openevolve.threaded_parallel - INFO - Metrics: compiled=1.0000, correctness=1.0000, stage=success, passed=0.0000, score=20.0000, speed_up=0.6170, runtime_ms=0.0621, meta={'hardware': 'NVIDIA L20Y', 'device': 'cuda:5', 'correctness_trials': '(5 / 5)', 'reference_timing_ms': 0.0383, 'speed_up': 0.617, 'custom_timing': 0.0621}
2025-08-08 18:02:05,624 - openevolve.threaded_parallel - INFO - Checkpoint interval reached at iteration 12
2025-08-08 18:02:05,626 - openevolve.database - INFO - Island Status:
2025-08-08 18:02:05,626 - openevolve.database - INFO -    Island 0: 6 programs, best=20.0000, avg=10.0000, diversity=909.10, gen=4 (best: d6d862e0-e791-4dc4-a805-eb58db7d7106)
2025-08-08 18:02:05,626 - openevolve.database - INFO -    Island 1: 4 programs, best=20.0000, avg=-15.0000, diversity=1288.93, gen=4 (best: afccfa0e-d311-4b44-b5ae-485d0d93a87e)
2025-08-08 18:02:05,626 - openevolve.database - INFO -  * Island 2: 4 programs, best=10.0000, avg=10.0000, diversity=408.72, gen=4 (best: dc5d3e25-d33a-410b-a8dc-e8382a913196)
2025-08-08 18:02:05,775 - openevolve.database - INFO - Saved database with 13 programs to openevolve_output/level1_64_conv_transposed_1D/checkpoints/checkpoint_12
2025-08-08 18:02:05,790 - openevolve.controller - INFO - Saved best program at checkpoint 12 with metrics: compiled=1.0000, correctness=1.0000, stage=success, passed=0.0000, score=20.0000, speed_up=0.5870, runtime_ms=0.0653, meta={'hardware': 'NVIDIA L20Y', 'device': 'cuda:4', 'correctness_trials': '(5 / 5)', 'reference_timing_ms': 0.0383, 'speed_up': 0.587, 'custom_timing': 0.0653}
2025-08-08 18:02:05,790 - openevolve.controller - INFO - Saved checkpoint at iteration 12 to openevolve_output/level1_64_conv_transposed_1D/checkpoints/checkpoint_12
2025-08-08 18:10:44,494 - openevolve.RemoteSpeedupEvaluator - INFO - [level1_64_conv_transposed_1D] triton key words check pass
2025-08-08 18:10:44,495 - openevolve.RemoteSpeedupEvaluator - INFO - [level1_64_conv_transposed_1D] verify_plus payload: reference_code(1923 chars) + custom_code(6675 chars)
2025-08-08 18:10:48,033 - openevolve.RemoteSpeedupEvaluator - INFO - [level1_64_conv_transposed_1D] verify_plus request success
2025-08-08 18:10:48,033 - openevolve.RemoteSpeedupEvaluator - INFO - [level1_64_conv_transposed_1D] verify_plus response: {"id":"level1_64_conv_transposed_1D","result":{"compiled":true,"correctness":false,"metadata":{"hardware":"NVIDIA L20Y","device":"cuda:2","max_difference":["4.924958","8.833500","6.975890","6.398912","8.086189"],"avg_difference":["0.026442","0.033641","0.032590","0.032957","0.034970"],"correctness_issue":"Output mismatch","correctness_trials":"(0 / 5)","reference_timing_ms":0.0383,"speed_up":-1.0,"custom_timing":-1.0},"runtime":-1.0,"runtime_stats":{}}}
2025-08-08 18:10:48,033 - openevolve.RemoteSpeedupEvaluator - INFO - [level1_64_conv_transposed_1D] âœ˜ wrong_answer
2025-08-08 18:10:48,034 - openevolve.evaluator - INFO - Evaluated program 083604f0-2e98-4c4e-8f88-184ab639bb65 in 3.54s: compiled=1.0000, correctness=0.0000, score=10.0000, stage=wrong_answer, verify_payload={'id': 'level1_64_conv_transposed_1D', 'result': {'compiled': True, 'correctness': False, 'metadata': {'hardware': 'NVIDIA L20Y', 'device': 'cuda:2', 'max_difference': ['4.924958', '8.833500', '6.975890', '6.398912', '8.086189'], 'avg_difference': ['0.026442', '0.033641', '0.032590', '0.032957', '0.034970'], 'correctness_issue': 'Output mismatch', 'correctness_trials': '(0 / 5)', 'reference_timing_ms': 0.0383, 'speed_up': -1.0, 'custom_timing': -1.0}, 'runtime': -1.0, 'runtime_stats': {}}}
2025-08-08 18:10:48,039 - openevolve.llm.ensemble - INFO - Sampled model: deepseek
2025-08-08 18:10:48,051 - openevolve.threaded_parallel - INFO - Iteration 13: Program 083604f0-2e98-4c4e-8f88-184ab639bb65 (parent: edcf79ef-51d5-4ac8-9345-e81ebb8c54f6) completed in 595.79s
2025-08-08 18:10:48,051 - openevolve.threaded_parallel - INFO - Metrics: compiled=1.0000, correctness=0.0000, score=10.0000, stage=wrong_answer, verify_payload={'id': 'level1_64_conv_transposed_1D', 'result': {'compiled': True, 'correctness': False, 'metadata': {'hardware': 'NVIDIA L20Y', 'device': 'cuda:2', 'max_difference': ['4.924958', '8.833500', '6.975890', '6.398912', '8.086189'], 'avg_difference': ['0.026442', '0.033641', '0.032590', '0.032957', '0.034970'], 'correctness_issue': 'Output mismatch', 'correctness_trials': '(0 / 5)', 'reference_timing_ms': 0.0383, 'speed_up': -1.0, 'custom_timing': -1.0}, 'runtime': -1.0, 'runtime_stats': {}}}
2025-08-08 18:14:14,135 - openevolve.RemoteSpeedupEvaluator - INFO - [level1_64_conv_transposed_1D] triton key words check pass
2025-08-08 18:14:14,137 - openevolve.RemoteSpeedupEvaluator - INFO - [level1_64_conv_transposed_1D] verify_plus payload: reference_code(1923 chars) + custom_code(6966 chars)
2025-08-08 18:14:17,837 - openevolve.RemoteSpeedupEvaluator - INFO - [level1_64_conv_transposed_1D] verify_plus request success
2025-08-08 18:14:17,837 - openevolve.RemoteSpeedupEvaluator - INFO - [level1_64_conv_transposed_1D] verify_plus response: {"id":"level1_64_conv_transposed_1D","result":{"compiled":true,"correctness":false,"metadata":{"hardware":"NVIDIA L20Y","device":"cuda:4","max_difference":["49602246959541388157641471477940224.000000","45054614804104658019546343483113472.000000","55673159381558621582478872233902080.000000","47648222980411458233487498644815872.000000","64733553397405491267085769692413952.000000"],"avg_difference":["4492510089822460189249625965723648.000000","4275149482874634907132150486663168.000000","4248987477054397323092569844875264.000000","4225393577845657260433267436290048.000000","4272706717692115030504705789788160.000000"],"correctness_issue":"Output mismatch","correctness_trials":"(0 / 5)","reference_timing_ms":0.0383,"speed_up":-1.0,"custom_timing":-1.0},"runtime":-1.0,"runtime_stats":{}}}
2025-08-08 18:14:17,838 - openevolve.RemoteSpeedupEvaluator - INFO - [level1_64_conv_transposed_1D] âœ˜ wrong_answer
2025-08-08 18:14:17,838 - openevolve.evaluator - INFO - Evaluated program 7cd9f512-6785-4427-9222-0a639a053455 in 3.70s: compiled=1.0000, correctness=0.0000, score=10.0000, stage=wrong_answer, verify_payload={'id': 'level1_64_conv_transposed_1D', 'result': {'compiled': True, 'correctness': False, 'metadata': {'hardware': 'NVIDIA L20Y', 'device': 'cuda:4', 'max_difference': ['49602246959541388157641471477940224.000000', '45054614804104658019546343483113472.000000', '55673159381558621582478872233902080.000000', '47648222980411458233487498644815872.000000', '64733553397405491267085769692413952.000000'], 'avg_difference': ['4492510089822460189249625965723648.000000', '4275149482874634907132150486663168.000000', '4248987477054397323092569844875264.000000', '4225393577845657260433267436290048.000000', '4272706717692115030504705789788160.000000'], 'correctness_issue': 'Output mismatch', 'correctness_trials': '(0 / 5)', 'reference_timing_ms': 0.0383, 'speed_up': -1.0, 'custom_timing': -1.0}, 'runtime': -1.0, 'runtime_stats': {}}}
2025-08-08 18:14:17,842 - openevolve.llm.ensemble - INFO - Sampled model: deepseek
2025-08-08 18:14:17,856 - openevolve.threaded_parallel - INFO - Iteration 10: Program 7cd9f512-6785-4427-9222-0a639a053455 (parent: d1ca4e46-62cf-4f0e-afe5-43be31082aab) completed in 1369.39s
2025-08-08 18:14:17,856 - openevolve.threaded_parallel - INFO - Metrics: compiled=1.0000, correctness=0.0000, score=10.0000, stage=wrong_answer, verify_payload={'id': 'level1_64_conv_transposed_1D', 'result': {'compiled': True, 'correctness': False, 'metadata': {'hardware': 'NVIDIA L20Y', 'device': 'cuda:4', 'max_difference': ['49602246959541388157641471477940224.000000', '45054614804104658019546343483113472.000000', '55673159381558621582478872233902080.000000', '47648222980411458233487498644815872.000000', '64733553397405491267085769692413952.000000'], 'avg_difference': ['4492510089822460189249625965723648.000000', '4275149482874634907132150486663168.000000', '4248987477054397323092569844875264.000000', '4225393577845657260433267436290048.000000', '4272706717692115030504705789788160.000000'], 'correctness_issue': 'Output mismatch', 'correctness_trials': '(0 / 5)', 'reference_timing_ms': 0.0383, 'speed_up': -1.0, 'custom_timing': -1.0}, 'runtime': -1.0, 'runtime_stats': {}}}
2025-08-08 18:15:18,608 - openevolve.RemoteSpeedupEvaluator - INFO - [level1_64_conv_transposed_1D] triton key words check pass
2025-08-08 18:15:18,609 - openevolve.RemoteSpeedupEvaluator - INFO - [level1_64_conv_transposed_1D] verify_plus payload: reference_code(1923 chars) + custom_code(6706 chars)
2025-08-08 18:15:22,624 - openevolve.RemoteSpeedupEvaluator - INFO - [level1_64_conv_transposed_1D] verify_plus request success
2025-08-08 18:15:22,624 - openevolve.RemoteSpeedupEvaluator - INFO - [level1_64_conv_transposed_1D] verify_plus response: {"id":"level1_64_conv_transposed_1D","result":{"compiled":true,"correctness":true,"metadata":{"hardware":"NVIDIA L20Y","device":"cuda:3","correctness_trials":"(5 / 5)","reference_timing_ms":0.0383,"speed_up":0.235,"custom_timing":0.163},"runtime":0.163,"runtime_stats":{"mean":0.163,"std":0.00232,"min":0.159,"max":0.173,"num_trials":100,"hardware":"NVIDIA L20Y","device":"cuda:3"}}}
2025-08-08 18:15:22,625 - openevolve.RemoteSpeedupEvaluator - INFO - [level1_64_conv_transposed_1D] âœ” success | speed_up=0.235  score=20.00
2025-08-08 18:15:22,625 - openevolve.evaluator - INFO - Evaluated program e551cc5f-7379-4c15-9603-c80104649058 in 4.02s: compiled=1.0000, correctness=1.0000, stage=success, passed=0.0000, score=20.0000, speed_up=0.2350, runtime_ms=0.1630, meta={'hardware': 'NVIDIA L20Y', 'device': 'cuda:3', 'correctness_trials': '(5 / 5)', 'reference_timing_ms': 0.0383, 'speed_up': 0.235, 'custom_timing': 0.163}
2025-08-08 18:15:22,629 - openevolve.llm.ensemble - INFO - Sampled model: deepseek
2025-08-08 18:15:22,633 - openevolve.database - INFO - MAP-Elites cell improved: {'score': 9, 'complexity': 9} (fitness: 10.000 -> 20.000)
2025-08-08 18:15:22,645 - openevolve.threaded_parallel - INFO - Iteration 14: Program e551cc5f-7379-4c15-9603-c80104649058 (parent: 07585610-66ab-4695-8feb-1f03daea9577) completed in 797.02s
2025-08-08 18:15:22,645 - openevolve.threaded_parallel - INFO - Metrics: compiled=1.0000, correctness=1.0000, stage=success, passed=0.0000, score=20.0000, speed_up=0.2350, runtime_ms=0.1630, meta={'hardware': 'NVIDIA L20Y', 'device': 'cuda:3', 'correctness_trials': '(5 / 5)', 'reference_timing_ms': 0.0383, 'speed_up': 0.235, 'custom_timing': 0.163}
2025-08-08 18:19:09,922 - openevolve.RemoteSpeedupEvaluator - INFO - [level1_64_conv_transposed_1D] triton key words check pass
2025-08-08 18:19:09,923 - openevolve.RemoteSpeedupEvaluator - INFO - [level1_64_conv_transposed_1D] verify_plus payload: reference_code(1923 chars) + custom_code(6653 chars)
2025-08-08 18:19:12,863 - openevolve.RemoteSpeedupEvaluator - INFO - [level1_64_conv_transposed_1D] verify_plus request success
2025-08-08 18:19:12,863 - openevolve.RemoteSpeedupEvaluator - INFO - [level1_64_conv_transposed_1D] verify_plus response: {"id":"level1_64_conv_transposed_1D","result":{"compiled":true,"correctness":false,"metadata":{"hardware":"NVIDIA L20Y","device":"cuda:0","max_difference":["4.924958","8.833500","6.975890","6.398912","8.086189"],"avg_difference":["0.026442","0.033641","0.032590","0.032957","0.034970"],"correctness_issue":"Output mismatch","correctness_trials":"(0 / 5)","reference_timing_ms":0.0383,"speed_up":-1.0,"custom_timing":-1.0},"runtime":-1.0,"runtime_stats":{}}}
2025-08-08 18:19:12,864 - openevolve.RemoteSpeedupEvaluator - INFO - [level1_64_conv_transposed_1D] âœ˜ wrong_answer
2025-08-08 18:19:12,864 - openevolve.evaluator - INFO - Evaluated program 7304b2f1-c96c-447c-b25b-97c91a220afc in 2.94s: compiled=1.0000, correctness=0.0000, score=10.0000, stage=wrong_answer, verify_payload={'id': 'level1_64_conv_transposed_1D', 'result': {'compiled': True, 'correctness': False, 'metadata': {'hardware': 'NVIDIA L20Y', 'device': 'cuda:0', 'max_difference': ['4.924958', '8.833500', '6.975890', '6.398912', '8.086189'], 'avg_difference': ['0.026442', '0.033641', '0.032590', '0.032957', '0.034970'], 'correctness_issue': 'Output mismatch', 'correctness_trials': '(0 / 5)', 'reference_timing_ms': 0.0383, 'speed_up': -1.0, 'custom_timing': -1.0}, 'runtime': -1.0, 'runtime_stats': {}}}
2025-08-08 18:19:12,868 - openevolve.llm.ensemble - INFO - Sampled model: deepseek
2025-08-08 18:19:12,880 - openevolve.threaded_parallel - INFO - Iteration 15: Program 7304b2f1-c96c-447c-b25b-97c91a220afc (parent: 4582c063-677a-453e-8496-10c587cc4edd) completed in 504.83s
2025-08-08 18:19:12,880 - openevolve.threaded_parallel - INFO - Metrics: compiled=1.0000, correctness=0.0000, score=10.0000, stage=wrong_answer, verify_payload={'id': 'level1_64_conv_transposed_1D', 'result': {'compiled': True, 'correctness': False, 'metadata': {'hardware': 'NVIDIA L20Y', 'device': 'cuda:0', 'max_difference': ['4.924958', '8.833500', '6.975890', '6.398912', '8.086189'], 'avg_difference': ['0.026442', '0.033641', '0.032590', '0.032957', '0.034970'], 'correctness_issue': 'Output mismatch', 'correctness_trials': '(0 / 5)', 'reference_timing_ms': 0.0383, 'speed_up': -1.0, 'custom_timing': -1.0}, 'runtime': -1.0, 'runtime_stats': {}}}
2025-08-08 18:19:12,880 - openevolve.threaded_parallel - INFO - Checkpoint interval reached at iteration 15
2025-08-08 18:19:12,882 - openevolve.database - INFO - Island Status:
2025-08-08 18:19:12,882 - openevolve.database - INFO -  * Island 0: 7 programs, best=20.0000, avg=10.0000, diversity=865.98, gen=6 (best: d6d862e0-e791-4dc4-a805-eb58db7d7106)
2025-08-08 18:19:12,882 - openevolve.database - INFO -    Island 1: 5 programs, best=20.0000, avg=-8.0000, diversity=1279.98, gen=5 (best: afccfa0e-d311-4b44-b5ae-485d0d93a87e)
2025-08-08 18:19:12,882 - openevolve.database - INFO -    Island 2: 6 programs, best=10.0000, avg=10.0000, diversity=409.47, gen=5 (best: dc5d3e25-d33a-410b-a8dc-e8382a913196)
2025-08-08 18:19:13,089 - openevolve.database - INFO - Saved database with 17 programs to openevolve_output/level1_64_conv_transposed_1D/checkpoints/checkpoint_15
2025-08-08 18:19:13,106 - openevolve.controller - INFO - Saved best program at checkpoint 15 with metrics: compiled=1.0000, correctness=1.0000, stage=success, passed=0.0000, score=20.0000, speed_up=0.5870, runtime_ms=0.0653, meta={'hardware': 'NVIDIA L20Y', 'device': 'cuda:4', 'correctness_trials': '(5 / 5)', 'reference_timing_ms': 0.0383, 'speed_up': 0.587, 'custom_timing': 0.0653}
2025-08-08 18:19:13,106 - openevolve.controller - INFO - Saved checkpoint at iteration 15 to openevolve_output/level1_64_conv_transposed_1D/checkpoints/checkpoint_15
2025-08-08 18:23:58,648 - openevolve.RemoteSpeedupEvaluator - INFO - [level1_64_conv_transposed_1D] âœ˜ invalid_answer 'import triton' is not found
2025-08-08 18:23:58,649 - openevolve.evaluator - INFO - Evaluated program 9fbc5737-9962-4bb0-92c7-a83c9d0ad40e in 0.00s: compiled=0.0000, correctness=0.0000, score=-100.0000, stage=no_valid_triton_code, feedback=You need to generate real and valid triton code for the core function. The key word 'import triton' is not found.
2025-08-08 18:23:58,654 - openevolve.llm.ensemble - INFO - Sampled model: deepseek
2025-08-08 18:23:58,664 - openevolve.threaded_parallel - INFO - Iteration 17: Program 9fbc5737-9962-4bb0-92c7-a83c9d0ad40e (parent: 763c80f3-a4e7-4678-8ea1-094e5279131f) completed in 516.02s
2025-08-08 18:23:58,664 - openevolve.threaded_parallel - INFO - Metrics: compiled=0.0000, correctness=0.0000, score=-100.0000, stage=no_valid_triton_code, feedback=You need to generate real and valid triton code for the core function. The key word 'import triton' is not found.
2025-08-08 18:30:20,248 - openevolve.RemoteSpeedupEvaluator - INFO - [level1_64_conv_transposed_1D] âœ˜ invalid_answer 'import triton' is not found
2025-08-08 18:30:20,250 - openevolve.evaluator - INFO - Evaluated program abd017d8-81a5-4182-a8e3-d93a9ec3aeed in 0.00s: compiled=0.0000, correctness=0.0000, score=-100.0000, stage=no_valid_triton_code, feedback=You need to generate real and valid triton code for the core function. The key word 'import triton' is not found.
2025-08-08 18:30:20,255 - openevolve.llm.ensemble - INFO - Sampled model: deepseek
2025-08-08 18:30:20,268 - openevolve.threaded_parallel - INFO - Iteration 16: Program abd017d8-81a5-4182-a8e3-d93a9ec3aeed (parent: 4582c063-677a-453e-8496-10c587cc4edd) completed in 962.41s
2025-08-08 18:30:20,269 - openevolve.threaded_parallel - INFO - Metrics: compiled=0.0000, correctness=0.0000, score=-100.0000, stage=no_valid_triton_code, feedback=You need to generate real and valid triton code for the core function. The key word 'import triton' is not found.
2025-08-08 18:37:52,350 - openevolve.RemoteSpeedupEvaluator - INFO - [level1_64_conv_transposed_1D] triton key words check pass
2025-08-08 18:37:52,351 - openevolve.RemoteSpeedupEvaluator - INFO - [level1_64_conv_transposed_1D] verify_plus payload: reference_code(1923 chars) + custom_code(6670 chars)
2025-08-08 18:37:55,918 - openevolve.RemoteSpeedupEvaluator - INFO - [level1_64_conv_transposed_1D] verify_plus request success
2025-08-08 18:37:55,918 - openevolve.RemoteSpeedupEvaluator - INFO - [level1_64_conv_transposed_1D] verify_plus response: {"id":"level1_64_conv_transposed_1D","result":{"compiled":true,"correctness":false,"metadata":{"hardware":"NVIDIA L20Y","device":"cuda:6","max_difference":["4.924958","8.833500","6.975890","6.398912","8.086189"],"avg_difference":["0.026442","0.033641","0.032590","0.032957","0.034970"],"correctness_issue":"Output mismatch","correctness_trials":"(0 / 5)","reference_timing_ms":0.0383,"speed_up":-1.0,"custom_timing":-1.0},"runtime":-1.0,"runtime_stats":{}}}
2025-08-08 18:37:55,918 - openevolve.RemoteSpeedupEvaluator - INFO - [level1_64_conv_transposed_1D] âœ˜ wrong_answer
2025-08-08 18:37:55,919 - openevolve.evaluator - INFO - Evaluated program 8920824e-0205-4608-b392-ec9572bf1532 in 3.57s: compiled=1.0000, correctness=0.0000, score=10.0000, stage=wrong_answer, verify_payload={'id': 'level1_64_conv_transposed_1D', 'result': {'compiled': True, 'correctness': False, 'metadata': {'hardware': 'NVIDIA L20Y', 'device': 'cuda:6', 'max_difference': ['4.924958', '8.833500', '6.975890', '6.398912', '8.086189'], 'avg_difference': ['0.026442', '0.033641', '0.032590', '0.032957', '0.034970'], 'correctness_issue': 'Output mismatch', 'correctness_trials': '(0 / 5)', 'reference_timing_ms': 0.0383, 'speed_up': -1.0, 'custom_timing': -1.0}, 'runtime': -1.0, 'runtime_stats': {}}}
2025-08-08 18:37:56,013 - openevolve.llm.ensemble - INFO - Sampled model: deepseek
2025-08-08 18:37:56,031 - openevolve.threaded_parallel - INFO - Iteration 18: Program 8920824e-0205-4608-b392-ec9572bf1532 (parent: 4582c063-677a-453e-8496-10c587cc4edd) completed in 1123.05s
2025-08-08 18:37:56,032 - openevolve.threaded_parallel - INFO - Metrics: compiled=1.0000, correctness=0.0000, score=10.0000, stage=wrong_answer, verify_payload={'id': 'level1_64_conv_transposed_1D', 'result': {'compiled': True, 'correctness': False, 'metadata': {'hardware': 'NVIDIA L20Y', 'device': 'cuda:6', 'max_difference': ['4.924958', '8.833500', '6.975890', '6.398912', '8.086189'], 'avg_difference': ['0.026442', '0.033641', '0.032590', '0.032957', '0.034970'], 'correctness_issue': 'Output mismatch', 'correctness_trials': '(0 / 5)', 'reference_timing_ms': 0.0383, 'speed_up': -1.0, 'custom_timing': -1.0}, 'runtime': -1.0, 'runtime_stats': {}}}
2025-08-08 18:37:56,032 - openevolve.threaded_parallel - INFO - Checkpoint interval reached at iteration 18
2025-08-08 18:37:56,034 - openevolve.database - INFO - Island Status:
2025-08-08 18:37:56,034 - openevolve.database - INFO -  * Island 0: 8 programs, best=20.0000, avg=-3.7500, diversity=1213.27, gen=7 (best: d6d862e0-e791-4dc4-a805-eb58db7d7106)
2025-08-08 18:37:56,034 - openevolve.database - INFO -    Island 1: 6 programs, best=20.0000, avg=-23.3333, diversity=1414.32, gen=6 (best: afccfa0e-d311-4b44-b5ae-485d0d93a87e)
2025-08-08 18:37:56,034 - openevolve.database - INFO -    Island 2: 7 programs, best=10.0000, avg=10.0000, diversity=409.47, gen=6 (best: dc5d3e25-d33a-410b-a8dc-e8382a913196)
2025-08-08 18:37:56,261 - openevolve.database - INFO - Saved database with 20 programs to openevolve_output/level1_64_conv_transposed_1D/checkpoints/checkpoint_18
2025-08-08 18:37:56,278 - openevolve.controller - INFO - Saved best program at checkpoint 18 with metrics: compiled=1.0000, correctness=1.0000, stage=success, passed=0.0000, score=20.0000, speed_up=0.5870, runtime_ms=0.0653, meta={'hardware': 'NVIDIA L20Y', 'device': 'cuda:4', 'correctness_trials': '(5 / 5)', 'reference_timing_ms': 0.0383, 'speed_up': 0.587, 'custom_timing': 0.0653}
2025-08-08 18:37:56,278 - openevolve.controller - INFO - Saved checkpoint at iteration 18 to openevolve_output/level1_64_conv_transposed_1D/checkpoints/checkpoint_18
2025-08-08 18:43:28,676 - openevolve.RemoteSpeedupEvaluator - INFO - [level1_64_conv_transposed_1D] triton key words check pass
2025-08-08 18:43:28,678 - openevolve.RemoteSpeedupEvaluator - INFO - [level1_64_conv_transposed_1D] verify_plus payload: reference_code(1923 chars) + custom_code(6787 chars)
2025-08-08 18:43:32,459 - openevolve.RemoteSpeedupEvaluator - INFO - [level1_64_conv_transposed_1D] verify_plus request success
2025-08-08 18:43:32,459 - openevolve.RemoteSpeedupEvaluator - INFO - [level1_64_conv_transposed_1D] verify_plus response: {"id":"level1_64_conv_transposed_1D","result":{"compiled":true,"correctness":false,"metadata":{"hardware":"NVIDIA L20Y","device":"cuda:5","max_difference":["4.924958","8.833500","6.975890","6.398912","8.086189"],"avg_difference":["0.026442","0.033641","0.032590","0.032957","0.034970"],"correctness_issue":"Output mismatch","correctness_trials":"(0 / 5)","reference_timing_ms":0.0383,"speed_up":-1.0,"custom_timing":-1.0},"runtime":-1.0,"runtime_stats":{}}}
2025-08-08 18:43:32,459 - openevolve.RemoteSpeedupEvaluator - INFO - [level1_64_conv_transposed_1D] âœ˜ wrong_answer
2025-08-08 18:43:32,460 - openevolve.evaluator - INFO - Evaluated program b3952d50-fc94-4f0c-891f-b95a499b98d7 in 3.78s: compiled=1.0000, correctness=0.0000, score=10.0000, stage=wrong_answer, verify_payload={'id': 'level1_64_conv_transposed_1D', 'result': {'compiled': True, 'correctness': False, 'metadata': {'hardware': 'NVIDIA L20Y', 'device': 'cuda:5', 'max_difference': ['4.924958', '8.833500', '6.975890', '6.398912', '8.086189'], 'avg_difference': ['0.026442', '0.033641', '0.032590', '0.032957', '0.034970'], 'correctness_issue': 'Output mismatch', 'correctness_trials': '(0 / 5)', 'reference_timing_ms': 0.0383, 'speed_up': -1.0, 'custom_timing': -1.0}, 'runtime': -1.0, 'runtime_stats': {}}}
2025-08-08 18:43:32,464 - openevolve.llm.ensemble - INFO - Sampled model: deepseek
2025-08-08 18:43:32,482 - openevolve.threaded_parallel - INFO - Iteration 19: Program b3952d50-fc94-4f0c-891f-b95a499b98d7 (parent: 4582c063-677a-453e-8496-10c587cc4edd) completed in 1173.81s
2025-08-08 18:43:32,482 - openevolve.threaded_parallel - INFO - Metrics: compiled=1.0000, correctness=0.0000, score=10.0000, stage=wrong_answer, verify_payload={'id': 'level1_64_conv_transposed_1D', 'result': {'compiled': True, 'correctness': False, 'metadata': {'hardware': 'NVIDIA L20Y', 'device': 'cuda:5', 'max_difference': ['4.924958', '8.833500', '6.975890', '6.398912', '8.086189'], 'avg_difference': ['0.026442', '0.033641', '0.032590', '0.032957', '0.034970'], 'correctness_issue': 'Output mismatch', 'correctness_trials': '(0 / 5)', 'reference_timing_ms': 0.0383, 'speed_up': -1.0, 'custom_timing': -1.0}, 'runtime': -1.0, 'runtime_stats': {}}}
2025-08-08 18:47:11,504 - openevolve.RemoteSpeedupEvaluator - INFO - [level1_64_conv_transposed_1D] triton key words check pass
2025-08-08 18:47:11,505 - openevolve.RemoteSpeedupEvaluator - INFO - [level1_64_conv_transposed_1D] verify_plus payload: reference_code(1923 chars) + custom_code(5664 chars)
2025-08-08 18:47:18,482 - openevolve.RemoteSpeedupEvaluator - INFO - [level1_64_conv_transposed_1D] verify_plus request success
2025-08-08 18:47:18,482 - openevolve.RemoteSpeedupEvaluator - INFO - [level1_64_conv_transposed_1D] verify_plus response: {"id":"level1_64_conv_transposed_1D","result":{"compiled":true,"correctness":true,"metadata":{"hardware":"NVIDIA L20Y","device":"cuda:0","correctness_trials":"(5 / 5)","reference_timing_ms":0.0383,"speed_up":0.528,"custom_timing":0.0726},"runtime":0.0726,"runtime_stats":{"mean":0.0726,"std":0.0106,"min":0.064,"max":0.108,"num_trials":100,"hardware":"NVIDIA L20Y","device":"cuda:0"}}}
2025-08-08 18:47:18,483 - openevolve.RemoteSpeedupEvaluator - INFO - [level1_64_conv_transposed_1D] âœ” success | speed_up=0.528  score=20.00
2025-08-08 18:47:18,483 - openevolve.evaluator - INFO - Evaluated program 2d030782-42f7-4ad9-b85b-f39e32c4e809 in 6.98s: compiled=1.0000, correctness=1.0000, stage=success, passed=0.0000, score=20.0000, speed_up=0.5280, runtime_ms=0.0726, meta={'hardware': 'NVIDIA L20Y', 'device': 'cuda:0', 'correctness_trials': '(5 / 5)', 'reference_timing_ms': 0.0383, 'speed_up': 0.528, 'custom_timing': 0.0726}
2025-08-08 18:47:18,488 - openevolve.llm.ensemble - INFO - Sampled model: deepseek
2025-08-08 18:47:18,490 - openevolve.database - INFO - MAP-Elites cell improved: {'score': 9, 'complexity': 8} (fitness: 10.000 -> 20.000)
2025-08-08 18:47:18,502 - openevolve.threaded_parallel - INFO - Iteration 20: Program 2d030782-42f7-4ad9-b85b-f39e32c4e809 (parent: 14a7f756-5053-4b69-9db7-c7108ce7dc46) completed in 1018.23s
2025-08-08 18:47:18,502 - openevolve.threaded_parallel - INFO - Metrics: compiled=1.0000, correctness=1.0000, stage=success, passed=0.0000, score=20.0000, speed_up=0.5280, runtime_ms=0.0726, meta={'hardware': 'NVIDIA L20Y', 'device': 'cuda:0', 'correctness_trials': '(5 / 5)', 'reference_timing_ms': 0.0383, 'speed_up': 0.528, 'custom_timing': 0.0726}
2025-08-08 18:50:38,885 - openevolve.RemoteSpeedupEvaluator - INFO - [level1_64_conv_transposed_1D] triton key words check pass
2025-08-08 18:50:38,887 - openevolve.RemoteSpeedupEvaluator - INFO - [level1_64_conv_transposed_1D] verify_plus payload: reference_code(1923 chars) + custom_code(6765 chars)
2025-08-08 18:50:43,137 - openevolve.RemoteSpeedupEvaluator - INFO - [level1_64_conv_transposed_1D] verify_plus request success
2025-08-08 18:50:43,137 - openevolve.RemoteSpeedupEvaluator - INFO - [level1_64_conv_transposed_1D] verify_plus response: {"id":"level1_64_conv_transposed_1D","result":{"compiled":true,"correctness":false,"metadata":{"hardware":"NVIDIA L20Y","device":"cuda:3","max_difference":["4.924958","8.833500","6.975890","6.398912","8.086189"],"avg_difference":["0.026442","0.033641","0.032590","0.032957","0.034970"],"correctness_issue":"Output mismatch","correctness_trials":"(0 / 5)","reference_timing_ms":0.0383,"speed_up":-1.0,"custom_timing":-1.0},"runtime":-1.0,"runtime_stats":{}}}
2025-08-08 18:50:43,137 - openevolve.RemoteSpeedupEvaluator - INFO - [level1_64_conv_transposed_1D] âœ˜ wrong_answer
2025-08-08 18:50:43,138 - openevolve.evaluator - INFO - Evaluated program 6f15ba7c-87a7-4c34-bd95-4ee9392ad1f3 in 4.25s: compiled=1.0000, correctness=0.0000, score=10.0000, stage=wrong_answer, verify_payload={'id': 'level1_64_conv_transposed_1D', 'result': {'compiled': True, 'correctness': False, 'metadata': {'hardware': 'NVIDIA L20Y', 'device': 'cuda:3', 'max_difference': ['4.924958', '8.833500', '6.975890', '6.398912', '8.086189'], 'avg_difference': ['0.026442', '0.033641', '0.032590', '0.032957', '0.034970'], 'correctness_issue': 'Output mismatch', 'correctness_trials': '(0 / 5)', 'reference_timing_ms': 0.0383, 'speed_up': -1.0, 'custom_timing': -1.0}, 'runtime': -1.0, 'runtime_stats': {}}}
2025-08-08 18:50:43,143 - openevolve.llm.ensemble - INFO - Sampled model: deepseek
2025-08-08 18:50:43,157 - openevolve.threaded_parallel - INFO - Iteration 21: Program 6f15ba7c-87a7-4c34-bd95-4ee9392ad1f3 (parent: dc5d3e25-d33a-410b-a8dc-e8382a913196) completed in 767.13s
2025-08-08 18:50:43,157 - openevolve.threaded_parallel - INFO - Metrics: compiled=1.0000, correctness=0.0000, score=10.0000, stage=wrong_answer, verify_payload={'id': 'level1_64_conv_transposed_1D', 'result': {'compiled': True, 'correctness': False, 'metadata': {'hardware': 'NVIDIA L20Y', 'device': 'cuda:3', 'max_difference': ['4.924958', '8.833500', '6.975890', '6.398912', '8.086189'], 'avg_difference': ['0.026442', '0.033641', '0.032590', '0.032957', '0.034970'], 'correctness_issue': 'Output mismatch', 'correctness_trials': '(0 / 5)', 'reference_timing_ms': 0.0383, 'speed_up': -1.0, 'custom_timing': -1.0}, 'runtime': -1.0, 'runtime_stats': {}}}
2025-08-08 18:50:43,157 - openevolve.threaded_parallel - INFO - Checkpoint interval reached at iteration 21
2025-08-08 18:50:43,159 - openevolve.database - INFO - Island Status:
2025-08-08 18:50:43,159 - openevolve.database - INFO -  * Island 0: 9 programs, best=20.0000, avg=-2.2222, diversity=1136.15, gen=8 (best: d6d862e0-e791-4dc4-a805-eb58db7d7106)
2025-08-08 18:50:43,159 - openevolve.database - INFO -    Island 1: 7 programs, best=20.0000, avg=-17.1429, diversity=1686.87, gen=7 (best: afccfa0e-d311-4b44-b5ae-485d0d93a87e)
2025-08-08 18:50:43,159 - openevolve.database - INFO -    Island 2: 8 programs, best=10.0000, avg=10.0000, diversity=415.60, gen=7 (best: dc5d3e25-d33a-410b-a8dc-e8382a913196)
2025-08-08 18:50:43,574 - openevolve.database - INFO - Saved database with 23 programs to openevolve_output/level1_64_conv_transposed_1D/checkpoints/checkpoint_21
2025-08-08 18:50:43,590 - openevolve.controller - INFO - Saved best program at checkpoint 21 with metrics: compiled=1.0000, correctness=1.0000, stage=success, passed=0.0000, score=20.0000, speed_up=0.5870, runtime_ms=0.0653, meta={'hardware': 'NVIDIA L20Y', 'device': 'cuda:4', 'correctness_trials': '(5 / 5)', 'reference_timing_ms': 0.0383, 'speed_up': 0.587, 'custom_timing': 0.0653}
2025-08-08 18:50:43,590 - openevolve.controller - INFO - Saved checkpoint at iteration 21 to openevolve_output/level1_64_conv_transposed_1D/checkpoints/checkpoint_21
2025-08-08 18:59:14,662 - openevolve.RemoteSpeedupEvaluator - INFO - [level1_64_conv_transposed_1D] triton key words check pass
2025-08-08 18:59:14,663 - openevolve.RemoteSpeedupEvaluator - INFO - [level1_64_conv_transposed_1D] verify_plus payload: reference_code(1923 chars) + custom_code(5494 chars)
2025-08-08 18:59:19,220 - openevolve.RemoteSpeedupEvaluator - INFO - [level1_64_conv_transposed_1D] verify_plus request success
2025-08-08 18:59:19,220 - openevolve.RemoteSpeedupEvaluator - INFO - [level1_64_conv_transposed_1D] verify_plus response: {"id":"level1_64_conv_transposed_1D","result":{"compiled":true,"correctness":true,"metadata":{"hardware":"NVIDIA L20Y","device":"cuda:1","correctness_trials":"(5 / 5)","reference_timing_ms":0.0383,"speed_up":0.586,"custom_timing":0.0654},"runtime":0.0654,"runtime_stats":{"mean":0.0654,"std":0.00315,"min":0.0615,"max":0.0811,"num_trials":100,"hardware":"NVIDIA L20Y","device":"cuda:1"}}}
2025-08-08 18:59:19,220 - openevolve.RemoteSpeedupEvaluator - INFO - [level1_64_conv_transposed_1D] âœ” success | speed_up=0.586  score=20.00
2025-08-08 18:59:19,221 - openevolve.evaluator - INFO - Evaluated program 531f59b2-269a-4a2a-a919-f4fb69565d8e in 4.56s: compiled=1.0000, correctness=1.0000, stage=success, passed=0.0000, score=20.0000, speed_up=0.5860, runtime_ms=0.0654, meta={'hardware': 'NVIDIA L20Y', 'device': 'cuda:1', 'correctness_trials': '(5 / 5)', 'reference_timing_ms': 0.0383, 'speed_up': 0.586, 'custom_timing': 0.0654}
2025-08-08 18:59:19,226 - openevolve.llm.ensemble - INFO - Sampled model: deepseek
2025-08-08 18:59:19,242 - openevolve.threaded_parallel - INFO - Iteration 23: Program 531f59b2-269a-4a2a-a919-f4fb69565d8e (parent: afccfa0e-d311-4b44-b5ae-485d0d93a87e) completed in 720.73s
2025-08-08 18:59:19,242 - openevolve.threaded_parallel - INFO - Metrics: compiled=1.0000, correctness=1.0000, stage=success, passed=0.0000, score=20.0000, speed_up=0.5860, runtime_ms=0.0654, meta={'hardware': 'NVIDIA L20Y', 'device': 'cuda:1', 'correctness_trials': '(5 / 5)', 'reference_timing_ms': 0.0383, 'speed_up': 0.586, 'custom_timing': 0.0654}
2025-08-08 18:59:40,959 - openevolve.RemoteSpeedupEvaluator - INFO - [level1_64_conv_transposed_1D] triton key words check pass
2025-08-08 18:59:40,959 - openevolve.RemoteSpeedupEvaluator - INFO - [level1_64_conv_transposed_1D] verify_plus payload: reference_code(1923 chars) + custom_code(4383 chars)
2025-08-08 18:59:49,330 - openevolve.RemoteSpeedupEvaluator - INFO - [level1_64_conv_transposed_1D] verify_plus request success
2025-08-08 18:59:49,331 - openevolve.RemoteSpeedupEvaluator - INFO - [level1_64_conv_transposed_1D] verify_plus response: {"id":"level1_64_conv_transposed_1D","result":{"compiled":true,"correctness":true,"metadata":{"hardware":"NVIDIA L20Y","device":"cuda:0","correctness_trials":"(5 / 5)","reference_timing_ms":0.0383,"speed_up":0.609,"custom_timing":0.0629},"runtime":0.0629,"runtime_stats":{"mean":0.0629,"std":0.00228,"min":0.0598,"max":0.0749,"num_trials":100,"hardware":"NVIDIA L20Y","device":"cuda:0"}}}
2025-08-08 18:59:49,331 - openevolve.RemoteSpeedupEvaluator - INFO - [level1_64_conv_transposed_1D] âœ” success | speed_up=0.609  score=20.00
2025-08-08 18:59:49,331 - openevolve.evaluator - INFO - Evaluated program 20229bb2-3aab-4f28-b686-e398c35259cf in 8.37s: compiled=1.0000, correctness=1.0000, stage=success, passed=0.0000, score=20.0000, speed_up=0.6090, runtime_ms=0.0629, meta={'hardware': 'NVIDIA L20Y', 'device': 'cuda:0', 'correctness_trials': '(5 / 5)', 'reference_timing_ms': 0.0383, 'speed_up': 0.609, 'custom_timing': 0.0629}
2025-08-08 18:59:49,336 - openevolve.llm.ensemble - INFO - Sampled model: deepseek
2025-08-08 18:59:49,345 - openevolve.threaded_parallel - INFO - Iteration 22: Program 20229bb2-3aab-4f28-b686-e398c35259cf (parent: ea5e8428-d828-476f-ae93-433f795394b3) completed in 976.87s
2025-08-08 18:59:49,346 - openevolve.threaded_parallel - INFO - Metrics: compiled=1.0000, correctness=1.0000, stage=success, passed=0.0000, score=20.0000, speed_up=0.6090, runtime_ms=0.0629, meta={'hardware': 'NVIDIA L20Y', 'device': 'cuda:0', 'correctness_trials': '(5 / 5)', 'reference_timing_ms': 0.0383, 'speed_up': 0.609, 'custom_timing': 0.0629}
2025-08-08 19:01:42,444 - openevolve.RemoteSpeedupEvaluator - INFO - [level1_64_conv_transposed_1D] triton key words check pass
2025-08-08 19:01:42,445 - openevolve.RemoteSpeedupEvaluator - INFO - [level1_64_conv_transposed_1D] verify_plus payload: reference_code(1923 chars) + custom_code(6722 chars)
2025-08-08 19:01:46,240 - openevolve.RemoteSpeedupEvaluator - INFO - [level1_64_conv_transposed_1D] verify_plus request success
2025-08-08 19:01:46,240 - openevolve.RemoteSpeedupEvaluator - INFO - [level1_64_conv_transposed_1D] verify_plus response: {"id":"level1_64_conv_transposed_1D","result":{"compiled":true,"correctness":false,"metadata":{"hardware":"NVIDIA L20Y","device":"cuda:7","max_difference":["4.924958","8.833500","6.975890","6.398912","8.086189"],"avg_difference":["0.026442","0.033641","0.032590","0.032957","0.034970"],"correctness_issue":"Output mismatch","correctness_trials":"(0 / 5)","reference_timing_ms":0.0383,"speed_up":-1.0,"custom_timing":-1.0},"runtime":-1.0,"runtime_stats":{}}}
2025-08-08 19:01:46,241 - openevolve.RemoteSpeedupEvaluator - INFO - [level1_64_conv_transposed_1D] âœ˜ wrong_answer
2025-08-08 19:01:46,241 - openevolve.evaluator - INFO - Evaluated program a584eb25-9ee4-4c7e-bd9d-a3725f3dabf1 in 3.80s: compiled=1.0000, correctness=0.0000, score=10.0000, stage=wrong_answer, verify_payload={'id': 'level1_64_conv_transposed_1D', 'result': {'compiled': True, 'correctness': False, 'metadata': {'hardware': 'NVIDIA L20Y', 'device': 'cuda:7', 'max_difference': ['4.924958', '8.833500', '6.975890', '6.398912', '8.086189'], 'avg_difference': ['0.026442', '0.033641', '0.032590', '0.032957', '0.034970'], 'correctness_issue': 'Output mismatch', 'correctness_trials': '(0 / 5)', 'reference_timing_ms': 0.0383, 'speed_up': -1.0, 'custom_timing': -1.0}, 'runtime': -1.0, 'runtime_stats': {}}}
2025-08-08 19:01:46,244 - openevolve.database - INFO - Population size (26) exceeds limit (25), removing 1 programs
2025-08-08 19:01:46,244 - openevolve.database - INFO - Population size after cleanup: 25
2025-08-08 19:01:46,247 - openevolve.llm.ensemble - INFO - Sampled model: deepseek
2025-08-08 19:01:46,257 - openevolve.threaded_parallel - INFO - Iteration 24: Program a584eb25-9ee4-4c7e-bd9d-a3725f3dabf1 (parent: 083604f0-2e98-4c4e-8f88-184ab639bb65) completed in 663.10s
2025-08-08 19:01:46,257 - openevolve.threaded_parallel - INFO - Metrics: compiled=1.0000, correctness=0.0000, score=10.0000, stage=wrong_answer, verify_payload={'id': 'level1_64_conv_transposed_1D', 'result': {'compiled': True, 'correctness': False, 'metadata': {'hardware': 'NVIDIA L20Y', 'device': 'cuda:7', 'max_difference': ['4.924958', '8.833500', '6.975890', '6.398912', '8.086189'], 'avg_difference': ['0.026442', '0.033641', '0.032590', '0.032957', '0.034970'], 'correctness_issue': 'Output mismatch', 'correctness_trials': '(0 / 5)', 'reference_timing_ms': 0.0383, 'speed_up': -1.0, 'custom_timing': -1.0}, 'runtime': -1.0, 'runtime_stats': {}}}
2025-08-08 19:01:46,257 - openevolve.threaded_parallel - INFO - Checkpoint interval reached at iteration 24
2025-08-08 19:01:46,259 - openevolve.database - INFO - Island Status:
2025-08-08 19:01:46,259 - openevolve.database - INFO -  * Island 0: 10 programs, best=20.0000, avg=0.0000, diversity=705.10, gen=9 (best: d6d862e0-e791-4dc4-a805-eb58db7d7106)
2025-08-08 19:01:46,259 - openevolve.database - INFO -    Island 1: 7 programs, best=20.0000, avg=0.0000, diversity=935.32, gen=8 (best: afccfa0e-d311-4b44-b5ae-485d0d93a87e)
2025-08-08 19:01:46,259 - openevolve.database - INFO -    Island 2: 9 programs, best=10.0000, avg=10.0000, diversity=415.60, gen=8 (best: dc5d3e25-d33a-410b-a8dc-e8382a913196)
2025-08-08 19:01:46,546 - openevolve.database - INFO - Saved database with 25 programs to openevolve_output/level1_64_conv_transposed_1D/checkpoints/checkpoint_24
2025-08-08 19:01:46,564 - openevolve.controller - INFO - Saved best program at checkpoint 24 with metrics: compiled=1.0000, correctness=1.0000, stage=success, passed=0.0000, score=20.0000, speed_up=0.5870, runtime_ms=0.0653, meta={'hardware': 'NVIDIA L20Y', 'device': 'cuda:4', 'correctness_trials': '(5 / 5)', 'reference_timing_ms': 0.0383, 'speed_up': 0.587, 'custom_timing': 0.0653}
2025-08-08 19:01:46,564 - openevolve.controller - INFO - Saved checkpoint at iteration 24 to openevolve_output/level1_64_conv_transposed_1D/checkpoints/checkpoint_24
2025-08-08 19:16:23,617 - openevolve.RemoteSpeedupEvaluator - INFO - [level1_64_conv_transposed_1D] triton key words check pass
2025-08-08 19:16:23,620 - openevolve.RemoteSpeedupEvaluator - INFO - [level1_64_conv_transposed_1D] verify_plus payload: reference_code(1923 chars) + custom_code(4818 chars)
2025-08-08 19:16:24,041 - openevolve.RemoteSpeedupEvaluator - INFO - [level1_64_conv_transposed_1D] triton key words check pass
2025-08-08 19:16:24,041 - openevolve.RemoteSpeedupEvaluator - INFO - [level1_64_conv_transposed_1D] verify_plus payload: reference_code(1923 chars) + custom_code(4315 chars)
2025-08-08 19:16:28,333 - openevolve.RemoteSpeedupEvaluator - INFO - [level1_64_conv_transposed_1D] verify_plus request success
2025-08-08 19:16:28,334 - openevolve.RemoteSpeedupEvaluator - INFO - [level1_64_conv_transposed_1D] verify_plus response: {"id":"level1_64_conv_transposed_1D","result":{"compiled":true,"correctness":true,"metadata":{"hardware":"NVIDIA L20Y","device":"cuda:5","correctness_trials":"(5 / 5)","reference_timing_ms":0.0383,"speed_up":0.597,"custom_timing":0.0642},"runtime":0.0642,"runtime_stats":{"mean":0.0642,"std":0.00598,"min":0.0589,"max":0.0995,"num_trials":100,"hardware":"NVIDIA L20Y","device":"cuda:5"}}}
2025-08-08 19:16:28,334 - openevolve.RemoteSpeedupEvaluator - INFO - [level1_64_conv_transposed_1D] âœ” success | speed_up=0.597  score=20.00
2025-08-08 19:16:28,334 - openevolve.evaluator - INFO - Evaluated program 17ff612f-438f-4d33-afee-4e5abe1bb9dd in 4.72s: compiled=1.0000, correctness=1.0000, stage=success, passed=0.0000, score=20.0000, speed_up=0.5970, runtime_ms=0.0642, meta={'hardware': 'NVIDIA L20Y', 'device': 'cuda:5', 'correctness_trials': '(5 / 5)', 'reference_timing_ms': 0.0383, 'speed_up': 0.597, 'custom_timing': 0.0642}
2025-08-08 19:16:28,339 - openevolve.llm.ensemble - INFO - Sampled model: deepseek
2025-08-08 19:16:28,345 - openevolve.database - INFO - Population size (26) exceeds limit (25), removing 1 programs
2025-08-08 19:16:28,345 - openevolve.database - INFO - Population size after cleanup: 25
2025-08-08 19:16:28,358 - openevolve.threaded_parallel - INFO - Iteration 25: Program 17ff612f-438f-4d33-afee-4e5abe1bb9dd (parent: d6d862e0-e791-4dc4-a805-eb58db7d7106) completed in 1029.11s
2025-08-08 19:16:28,358 - openevolve.threaded_parallel - INFO - Metrics: compiled=1.0000, correctness=1.0000, stage=success, passed=0.0000, score=20.0000, speed_up=0.5970, runtime_ms=0.0642, meta={'hardware': 'NVIDIA L20Y', 'device': 'cuda:5', 'correctness_trials': '(5 / 5)', 'reference_timing_ms': 0.0383, 'speed_up': 0.597, 'custom_timing': 0.0642}
2025-08-08 19:16:28,582 - openevolve.RemoteSpeedupEvaluator - INFO - [level1_64_conv_transposed_1D] verify_plus request success
2025-08-08 19:16:28,582 - openevolve.RemoteSpeedupEvaluator - INFO - [level1_64_conv_transposed_1D] verify_plus response: {"id":"level1_64_conv_transposed_1D","result":{"compiled":true,"correctness":true,"metadata":{"hardware":"NVIDIA L20Y","device":"cuda:6","correctness_trials":"(5 / 5)","reference_timing_ms":0.0383,"speed_up":0.547,"custom_timing":0.07},"runtime":0.07,"runtime_stats":{"mean":0.07,"std":0.00304,"min":0.0667,"max":0.0856,"num_trials":100,"hardware":"NVIDIA L20Y","device":"cuda:6"}}}
2025-08-08 19:16:28,582 - openevolve.RemoteSpeedupEvaluator - INFO - [level1_64_conv_transposed_1D] âœ” success | speed_up=0.547  score=20.00
2025-08-08 19:16:28,583 - openevolve.evaluator - INFO - Evaluated program c4733845-12e9-479a-ad38-549dc959b24d in 4.54s: compiled=1.0000, correctness=1.0000, stage=success, passed=0.0000, score=20.0000, speed_up=0.5470, runtime_ms=0.0700, meta={'hardware': 'NVIDIA L20Y', 'device': 'cuda:6', 'correctness_trials': '(5 / 5)', 'reference_timing_ms': 0.0383, 'speed_up': 0.547, 'custom_timing': 0.07}
2025-08-08 19:16:28,587 - openevolve.llm.ensemble - INFO - Sampled model: deepseek
2025-08-08 19:16:28,590 - openevolve.database - INFO - Population size (26) exceeds limit (25), removing 1 programs
2025-08-08 19:16:28,590 - openevolve.database - INFO - Population size after cleanup: 25
2025-08-08 19:16:28,601 - openevolve.threaded_parallel - INFO - Iteration 27: Program c4733845-12e9-479a-ad38-549dc959b24d (parent: 2c77dd6d-14a9-48f3-8acc-d80531fec32e) completed in 882.34s
2025-08-08 19:16:28,601 - openevolve.threaded_parallel - INFO - Metrics: compiled=1.0000, correctness=1.0000, stage=success, passed=0.0000, score=20.0000, speed_up=0.5470, runtime_ms=0.0700, meta={'hardware': 'NVIDIA L20Y', 'device': 'cuda:6', 'correctness_trials': '(5 / 5)', 'reference_timing_ms': 0.0383, 'speed_up': 0.547, 'custom_timing': 0.07}
2025-08-08 19:16:28,601 - openevolve.threaded_parallel - INFO - Checkpoint interval reached at iteration 27
2025-08-08 19:16:28,603 - openevolve.database - INFO - Island Status:
2025-08-08 19:16:28,604 - openevolve.database - INFO -    Island 0: 10 programs, best=20.0000, avg=12.0000, diversity=553.67, gen=9 (best: d6d862e0-e791-4dc4-a805-eb58db7d7106)
2025-08-08 19:16:28,604 - openevolve.database - INFO -    Island 1: 7 programs, best=20.0000, avg=17.1429, diversity=623.57, gen=9 (best: afccfa0e-d311-4b44-b5ae-485d0d93a87e)
2025-08-08 19:16:28,604 - openevolve.database - INFO -  * Island 2: 9 programs, best=10.0000, avg=10.0000, diversity=415.60, gen=9 (best: dc5d3e25-d33a-410b-a8dc-e8382a913196)
2025-08-08 19:16:28,955 - openevolve.database - INFO - Saved database with 25 programs to openevolve_output/level1_64_conv_transposed_1D/checkpoints/checkpoint_27
2025-08-08 19:16:28,970 - openevolve.controller - INFO - Saved best program at checkpoint 27 with metrics: compiled=1.0000, correctness=1.0000, stage=success, passed=0.0000, score=20.0000, speed_up=0.5870, runtime_ms=0.0653, meta={'hardware': 'NVIDIA L20Y', 'device': 'cuda:4', 'correctness_trials': '(5 / 5)', 'reference_timing_ms': 0.0383, 'speed_up': 0.587, 'custom_timing': 0.0653}
2025-08-08 19:16:28,970 - openevolve.controller - INFO - Saved checkpoint at iteration 27 to openevolve_output/level1_64_conv_transposed_1D/checkpoints/checkpoint_27
