2025-08-08 17:36:38,370 - openevolve.controller - INFO - Logging to openevolve_output/level1_86_conv_depthwise_separable_2D/logs/openevolve_20250808_173638.log
2025-08-08 17:36:38,370 - openevolve.controller - INFO - Set random seed to 42 for reproducibility
2025-08-08 17:36:38,410 - openevolve.llm.ensemble - INFO - Initialized LLM ensemble with models: deepseek (weight: 0.80), deepseek (weight: 0.20)
2025-08-08 17:36:38,449 - openevolve.llm.ensemble - INFO - Initialized LLM ensemble with models: deepseek (weight: 0.80), deepseek (weight: 0.20)
2025-08-08 17:36:38,449 - openevolve.prompt.sampler - INFO - Set custom templates: system=evaluator_system_message, user=None
2025-08-08 17:36:38,450 - openevolve.database - INFO - Initialized program database with 0 programs
2025-08-08 17:36:38,509 - openevolve.evaluator - INFO - Successfully loaded evaluation function from openevolve_output/level1_86_conv_depthwise_separable_2D/evaluation.py
2025-08-08 17:36:38,509 - openevolve.evaluator - INFO - Initialized evaluator with openevolve_output/level1_86_conv_depthwise_separable_2D/evaluation.py
2025-08-08 17:36:38,510 - openevolve.controller - INFO - Initialized OpenEvolve with /tmp/d8aef6fec5ce4070f18efdafe94353aa.py
2025-08-08 17:36:38,510 - openevolve.controller - INFO - Adding initial program to database
2025-08-08 17:36:38,510 - openevolve.RemoteSpeedupEvaluator - INFO - [level1_86_conv_depthwise_separable_2D] verify_plus payload: reference_code(1905 chars) + custom_code(2029 chars)
2025-08-08 17:36:41,190 - openevolve.RemoteSpeedupEvaluator - INFO - [level1_86_conv_depthwise_separable_2D] verify_plus request success
2025-08-08 17:36:41,190 - openevolve.RemoteSpeedupEvaluator - INFO - [level1_86_conv_depthwise_separable_2D] verify_plus response: {"id":"level1_86_conv_depthwise_separable_2D","result":{"compiled":true,"correctness":true,"metadata":{"hardware":"NVIDIA L20Y","device":"cuda:4","correctness_trials":"(5 / 5)","reference_timing_ms":0.0541,"speed_up":0.345,"custom_timing":0.157},"runtime":0.157,"runtime_stats":{"mean":0.157,"std":0.00119,"min":0.155,"max":0.164,"num_trials":100,"hardware":"NVIDIA L20Y","device":"cuda:4"}}}
2025-08-08 17:36:41,191 - openevolve.evaluator - INFO - Evaluated program 3ba1f3f9-8a6b-4ce4-87ad-871a39e62fca in 2.68s: compiled=1.0000, correctness=1.0000, stage=reference code, passed=0.0000, score=0.0000, speed_up=1.0000, runtime_ms=0.1570, meta={'hardware': 'NVIDIA L20Y', 'device': 'cuda:4', 'correctness_trials': '(5 / 5)', 'reference_timing_ms': 0.0541, 'speed_up': 0.345, 'custom_timing': 0.157}
2025-08-08 17:36:41,191 - openevolve.database - INFO - New MAP-Elites cell occupied: {'score': 0, 'complexity': 2}
2025-08-08 17:36:41,206 - openevolve.threaded_parallel - INFO - Initializing threaded evaluation pool with 3 workers
2025-08-08 17:36:41,207 - openevolve.threaded_parallel - INFO - Started thread pool with 3 threads
2025-08-08 17:36:41,207 - openevolve.threaded_parallel - INFO - Started improved parallel controller
2025-08-08 17:36:41,207 - openevolve.controller - INFO - Using island-based evolution with 3 islands
2025-08-08 17:36:41,208 - openevolve.database - INFO - Island Status:
2025-08-08 17:36:41,208 - openevolve.database - INFO -  * Island 0: 1 programs, best=0.0000, avg=0.0000, diversity=0.00, gen=0 (best: 3ba1f3f9-8a6b-4ce4-87ad-871a39e62fca)
2025-08-08 17:36:41,208 - openevolve.database - INFO -    Island 1: 0 programs, best=0.0000, avg=0.0000, diversity=0.00, gen=0
2025-08-08 17:36:41,208 - openevolve.database - INFO -    Island 2: 0 programs, best=0.0000, avg=0.0000, diversity=0.00, gen=0
2025-08-08 17:36:41,208 - openevolve.threaded_parallel - INFO - Starting improved parallel evolution from iteration 0 for 30 iterations (total: 30)
2025-08-08 17:36:41,363 - openevolve.llm.ensemble - INFO - Initialized LLM ensemble with models: deepseek (weight: 0.80), deepseek (weight: 0.20)
2025-08-08 17:36:41,365 - openevolve.llm.ensemble - INFO - Initialized LLM ensemble with models: deepseek (weight: 0.80), deepseek (weight: 0.20)
2025-08-08 17:36:41,375 - openevolve.llm.ensemble - INFO - Initialized LLM ensemble with models: deepseek (weight: 0.80), deepseek (weight: 0.20)
2025-08-08 17:36:41,577 - openevolve.llm.ensemble - INFO - Initialized LLM ensemble with models: deepseek (weight: 0.80), deepseek (weight: 0.20)
2025-08-08 17:36:41,577 - openevolve.prompt.sampler - INFO - Set custom templates: system=evaluator_system_message, user=None
2025-08-08 17:36:41,579 - openevolve.evaluator - INFO - Successfully loaded evaluation function from openevolve_output/level1_86_conv_depthwise_separable_2D/evaluation.py
2025-08-08 17:36:41,579 - openevolve.evaluator - INFO - Initialized evaluator with openevolve_output/level1_86_conv_depthwise_separable_2D/evaluation.py
2025-08-08 17:36:41,582 - openevolve.llm.ensemble - INFO - Sampled model: deepseek
2025-08-08 17:36:41,585 - openevolve.llm.ensemble - INFO - Initialized LLM ensemble with models: deepseek (weight: 0.80), deepseek (weight: 0.20)
2025-08-08 17:36:41,585 - openevolve.prompt.sampler - INFO - Set custom templates: system=evaluator_system_message, user=None
2025-08-08 17:36:41,586 - openevolve.llm.ensemble - INFO - Initialized LLM ensemble with models: deepseek (weight: 0.80), deepseek (weight: 0.20)
2025-08-08 17:36:41,586 - openevolve.prompt.sampler - INFO - Set custom templates: system=evaluator_system_message, user=None
2025-08-08 17:36:41,587 - openevolve.evaluator - INFO - Successfully loaded evaluation function from openevolve_output/level1_86_conv_depthwise_separable_2D/evaluation.py
2025-08-08 17:36:41,587 - openevolve.evaluator - INFO - Initialized evaluator with openevolve_output/level1_86_conv_depthwise_separable_2D/evaluation.py
2025-08-08 17:36:41,589 - openevolve.llm.ensemble - INFO - Sampled model: deepseek
2025-08-08 17:36:41,589 - openevolve.evaluator - INFO - Successfully loaded evaluation function from openevolve_output/level1_86_conv_depthwise_separable_2D/evaluation.py
2025-08-08 17:36:41,589 - openevolve.evaluator - INFO - Initialized evaluator with openevolve_output/level1_86_conv_depthwise_separable_2D/evaluation.py
2025-08-08 17:36:41,591 - openevolve.llm.ensemble - INFO - Sampled model: deepseek
2025-08-08 17:53:10,525 - openevolve.RemoteSpeedupEvaluator - INFO - [level1_86_conv_depthwise_separable_2D] triton key words check pass
2025-08-08 17:53:10,527 - openevolve.RemoteSpeedupEvaluator - INFO - [level1_86_conv_depthwise_separable_2D] verify_plus payload: reference_code(1905 chars) + custom_code(3807 chars)
2025-08-08 17:53:13,901 - openevolve.RemoteSpeedupEvaluator - INFO - [level1_86_conv_depthwise_separable_2D] verify_plus request success
2025-08-08 17:53:13,902 - openevolve.RemoteSpeedupEvaluator - INFO - [level1_86_conv_depthwise_separable_2D] verify_plus response: {"id":"level1_86_conv_depthwise_separable_2D","result":{"compiled":true,"correctness":false,"metadata":{"hardware":"NVIDIA L20Y","device":"cuda:0","runtime_error":"Traceback (most recent call last):\n  File \"/home/lijiaxing/.conda/envs/api/lib/python3.10/site-packages/triton/language/core.py\", line 42, in wrapper\n    return fn(*args, **kwargs)\n  File \"/home/lijiaxing/.conda/envs/api/lib/python3.10/site-packages/triton/language/core.py\", line 2045, in dot\n    return _semantic.dot(input, other, acc, input_precision, max_num_imprecise_acc, out_dtype)\n  File \"/home/lijiaxing/.conda/envs/api/lib/python3.10/site-packages/triton/language/semantic.py\", line 1498, in dot\n    assert lhs.shape[-1].value == rhs.shape[\nAssertionError: First input shape (['constexpr[128]', 'constexpr[16]']) 
2025-08-08 17:53:13,902 - openevolve.RemoteSpeedupEvaluator - INFO - [level1_86_conv_depthwise_separable_2D] âœ˜ wrong_answer
2025-08-08 17:53:13,902 - openevolve.evaluator - INFO - Evaluated program 9293d8c4-bc0e-4df5-8a15-e5646c48edb8 in 3.38s: compiled=1.0000, correctness=0.0000, score=10.0000, stage=wrong_answer, verify_payload={'id': 'level1_86_conv_depthwise_separable_2D', 'result': {'compiled': True, 'correctness': False, 'metadata': {'hardware': 'NVIDIA L20Y', 'device': 'cuda:0', 'runtime_error': 'Traceback (most recent call last):\n  File "/home/lijiaxing/.conda/envs/api/lib/python3.10/site-packages/triton/language/core.py", line 42, in wrapper\n    return fn(*args, **kwargs)\n  File "/home/lijiaxing/.conda/envs/api/lib/python3.10/site-packages/triton/language/core.py", line 2045, in dot\n    return _semantic.dot(input, other, acc, input_precision, max_num_imprecise_acc, out_dtype)\n  File "/home/lijiaxing/.conda/envs/api/lib/python3.10/site-packages/triton/language/semantic.py", line 1498, in dot\n    assert lhs.shape[-1].value == rhs.shape[\nAssertionError: First input shape ([\'constexpr[128]\', \'constexpr[16]\']) and second input shape [\'constexpr[64]\', \'constexpr[16]\'] are not compatible for matmul (second index of first shape (16) must be equal to first index of second shape (64)\n\nThe above exception was the direct cause of the following exception:\n\nTraceback (most recent call last):\n  File "/cpfs01/shared/llm_kernel/hujiakai/KernelLLM/validation_api_server/helpers/evaluations.py", line 720, in run_and_check_correctness\n    output_new = model_new(*inputs)\n  File "/home/lijiaxing/.conda/envs/api/lib/python3.10/site-packages/torch/nn/modules/module.py", line 1773, in _wrapped_call_impl\n    return self._call_impl(*args, **kwargs)\n  File "/home/lijiaxing/.conda/envs/api/lib/python3.10/site-packages/torch/nn/modules/module.py", line 1784, in _call_impl\n    return forward_call(*args, **kwargs)\n  File "/tmp/tmpbhrgotby.py", line 69, in forward\n    pointwise_conv_kernel[grid](\n  File "/home/lijiaxing/.conda/envs/api/lib/python3.10/site-packages/triton/runtime/jit.py", line 390, in <lambda>\n    return lambda *args, **kwargs: self.run(grid=grid, warmup=False, *args, **kwargs)\n  File "/home/lijiaxing/.conda/envs/api/lib/python3.10/site-packages/triton/runtime/jit.py", line 594, in run\n    kernel = self.compile(src, target=target, options=options.__dict__)\n  File "/home/lijiaxing/.conda/envs/api/lib/python3.10/site-packages/triton/compiler/compiler.py", line 339, in compile\n    module = src.make_ir(options, codegen_fns, module_map, context)\n  File "/home/lijiaxing/.conda/envs/api/lib/python3.10/site-packages/triton/compiler/compiler.py", line 83, in make_ir\n    return ast_to_ttir(self.fn, self, context=context, options=options, codegen_fns=codegen_fns,\ntriton.compiler.errors.CompilationError: at 26:23:\n    offs_k = tl.arange(0, BLOCK_SIZE_K)\n\n    input_ptrs = input_ptr + offs_m[:, None] * stride_im + offs_k[None, :] * stride_ic\n    weight_ptrs = weight_ptr + offs_n[:, None] * stride_wn + offs_k[None, :] * stride_wc\n\n    accumulator = tl.zeros((BLOCK_SIZE_M, BLOCK_SIZE_N), dtype=tl.float32)\n\n    for k in range(0, tl.cdiv(in_channels, BLOCK_SIZE_K)):\n        mask_k = offs_k < (in_channels - k * BLOCK_SIZE_K)\n        a = tl.load(input_ptrs, mask=mask_k[None, :] & (offs_m[:, None] < M), other=0.0)\n        b = tl.load(weight_ptrs, mask=mask_k[None, :] & (offs_n[:, None] < out_channels), other=0.0)\n        accumulator += tl.dot(a, b, allow_tf32=False, out_dtype=tl.float32)\n                       ^\n\n\nThe above exception was the direct cause of the following exception:\n\nTraceback (most recent call last):\n  File "/home/lijiaxing/.conda/envs/api/lib/python3.10/site-packages/triton/language/core.py", line 42, in wrapper\n    return fn(*args, **kwargs)\n  File "/home/lijiaxing/.conda/envs/api/lib/python3.10/site-packages/triton/language/core.py", line 2045, in dot\n    return _semantic.dot(input, other, acc, input_precision, max_num_imprecise_acc, out_dtype)\n  File "/home/lijiaxing/.conda/envs/api/lib/python3.10/site-packages/triton/language/semantic.py", line 1498, in dot\n    assert lhs.shape[-1].value == rhs.shape[\nAssertionError: First input shape ([\'constexpr[128]\', \'constexpr[16]\']) and second input shape [\'constexpr[64]\', \'constexpr[16]\'] are not compatible for matmul (second index of first shape (16) must be equal to first index of second shape (64)\n', 'runtime_error_name': 'triton.compiler.errors.CompilationError', 'reference_timing_ms': 0.0541, 'speed_up': -1.0, 'custom_timing': -1.0}, 'runtime': -1.0, 'runtime_stats': {}}}
2025-08-08 17:53:13,905 - openevolve.llm.ensemble - INFO - Sampled model: deepseek
2025-08-08 17:53:13,908 - openevolve.database - INFO - New MAP-Elites cell occupied: {'score': 9, 'complexity': 9}
2025-08-08 17:53:13,909 - openevolve.database - INFO - New best program 9293d8c4-bc0e-4df5-8a15-e5646c48edb8 replaces 3ba1f3f9-8a6b-4ce4-87ad-871a39e62fca
2025-08-08 17:53:13,921 - openevolve.threaded_parallel - INFO - Iteration 1: Program 9293d8c4-bc0e-4df5-8a15-e5646c48edb8 (parent: 3ba1f3f9-8a6b-4ce4-87ad-871a39e62fca) completed in 992.31s
2025-08-08 17:53:13,921 - openevolve.threaded_parallel - INFO - Metrics: compiled=1.0000, correctness=0.0000, score=10.0000, stage=wrong_answer, verify_payload={'id': 'level1_86_conv_depthwise_separable_2D', 'result': {'compiled': True, 'correctness': False, 'metadata': {'hardware': 'NVIDIA L20Y', 'device': 'cuda:0', 'runtime_error': 'Traceback (most recent call last):\n  File "/home/lijiaxing/.conda/envs/api/lib/python3.10/site-packages/triton/language/core.py", line 42, in wrapper\n    return fn(*args, **kwargs)\n  File "/home/lijiaxing/.conda/envs/api/lib/python3.10/site-packages/triton/language/core.py", line 2045, in dot\n    return _semantic.dot(input, other, acc, input_precision, max_num_imprecise_acc, out_dtype)\n  File "/home/lijiaxing/.conda/envs/api/lib/python3.10/site-packages/triton/language/semantic.py", line 1498, in dot\n    assert lhs.shape[-1].value == rhs.shape[\nAssertionError: First input shape ([\'constexpr[128]\', \'constexpr[16]\']) and second input shape [\'constexpr[64]\', \'constexpr[16]\'] are not compatible for matmul (second index of first shape (16) must be equal to first index of second shape (64)\n\nThe above exception was the direct cause of the following exception:\n\nTraceback (most recent call last):\n  File "/cpfs01/shared/llm_kernel/hujiakai/KernelLLM/validation_api_server/helpers/evaluations.py", line 720, in run_and_check_correctness\n    output_new = model_new(*inputs)\n  File "/home/lijiaxing/.conda/envs/api/lib/python3.10/site-packages/torch/nn/modules/module.py", line 1773, in _wrapped_call_impl\n    return self._call_impl(*args, **kwargs)\n  File "/home/lijiaxing/.conda/envs/api/lib/python3.10/site-packages/torch/nn/modules/module.py", line 1784, in _call_impl\n    return forward_call(*args, **kwargs)\n  File "/tmp/tmpbhrgotby.py", line 69, in forward\n    pointwise_conv_kernel[grid](\n  File "/home/lijiaxing/.conda/envs/api/lib/python3.10/site-packages/triton/runtime/jit.py", line 390, in <lambda>\n    return lambda *args, **kwargs: self.run(grid=grid, warmup=False, *args, **kwargs)\n  File "/home/lijiaxing/.conda/envs/api/lib/python3.10/site-packages/triton/runtime/jit.py", line 594, in run\n    kernel = self.compile(src, target=target, options=options.__dict__)\n  File "/home/lijiaxing/.conda/envs/api/lib/python3.10/site-packages/triton/compiler/compiler.py", line 339, in compile\n    module = src.make_ir(options, codegen_fns, module_map, context)\n  File "/home/lijiaxing/.conda/envs/api/lib/python3.10/site-packages/triton/compiler/compiler.py", line 83, in make_ir\n    return ast_to_ttir(self.fn, self, context=context, options=options, codegen_fns=codegen_fns,\ntriton.compiler.errors.CompilationError: at 26:23:\n    offs_k = tl.arange(0, BLOCK_SIZE_K)\n\n    input_ptrs = input_ptr + offs_m[:, None] * stride_im + offs_k[None, :] * stride_ic\n    weight_ptrs = weight_ptr + offs_n[:, None] * stride_wn + offs_k[None, :] * stride_wc\n\n    accumulator = tl.zeros((BLOCK_SIZE_M, BLOCK_SIZE_N), dtype=tl.float32)\n\n    for k in range(0, tl.cdiv(in_channels, BLOCK_SIZE_K)):\n        mask_k = offs_k < (in_channels - k * BLOCK_SIZE_K)\n        a = tl.load(input_ptrs, mask=mask_k[None, :] & (offs_m[:, None] < M), other=0.0)\n        b = tl.load(weight_ptrs, mask=mask_k[None, :] & (offs_n[:, None] < out_channels), other=0.0)\n        accumulator += tl.dot(a, b, allow_tf32=False, out_dtype=tl.float32)\n                       ^\n\n\nThe above exception was the direct cause of the following exception:\n\nTraceback (most recent call last):\n  File "/home/lijiaxing/.conda/envs/api/lib/python3.10/site-packages/triton/language/core.py", line 42, in wrapper\n    return fn(*args, **kwargs)\n  File "/home/lijiaxing/.conda/envs/api/lib/python3.10/site-packages/triton/language/core.py", line 2045, in dot\n    return _semantic.dot(input, other, acc, input_precision, max_num_imprecise_acc, out_dtype)\n  File "/home/lijiaxing/.conda/envs/api/lib/python3.10/site-packages/triton/language/semantic.py", line 1498, in dot\n    assert lhs.shape[-1].value == rhs.shape[\nAssertionError: First input shape ([\'constexpr[128]\', \'constexpr[16]\']) and second input shape [\'constexpr[64]\', \'constexpr[16]\'] are not compatible for matmul (second index of first shape (16) must be equal to first index of second shape (64)\n', 'runtime_error_name': 'triton.compiler.errors.CompilationError', 'reference_timing_ms': 0.0541, 'speed_up': -1.0, 'custom_timing': -1.0}, 'runtime': -1.0, 'runtime_stats': {}}}
2025-08-08 17:53:13,921 - openevolve.threaded_parallel - INFO - ðŸŒŸ New best solution found at iteration 1: 9293d8c4-bc0e-4df5-8a15-e5646c48edb8
2025-08-08 17:53:14,245 - openevolve.RemoteSpeedupEvaluator - INFO - [level1_86_conv_depthwise_separable_2D] triton key words check pass
2025-08-08 17:53:14,245 - openevolve.RemoteSpeedupEvaluator - INFO - [level1_86_conv_depthwise_separable_2D] verify_plus payload: reference_code(1905 chars) + custom_code(5387 chars)
2025-08-08 17:53:17,467 - openevolve.RemoteSpeedupEvaluator - INFO - [level1_86_conv_depthwise_separable_2D] verify_plus request success
2025-08-08 17:53:17,468 - openevolve.RemoteSpeedupEvaluator - INFO - [level1_86_conv_depthwise_separable_2D] verify_plus response: {"id":"level1_86_conv_depthwise_separable_2D","result":{"compiled":true,"correctness":false,"metadata":{"hardware":"NVIDIA L20Y","device":"cuda:3","runtime_error":"Traceback (most recent call last):\n  File \"/home/lijiaxing/.conda/envs/api/lib/python3.10/site-packages/triton/language/core.py\", line 42, in wrapper\n    return fn(*args, **kwargs)\n  File \"/home/lijiaxing/.conda/envs/api/lib/python3.10/site-packages/triton/language/core.py\", line 1630, in program_id\n    return _semantic.program_id(axis)\n  File \"/home/lijiaxing/.conda/envs/api/lib/python3.10/site-packages/triton/language/semantic.py\", line 40, in program_id\n    raise ValueError(f\"program_id axis must be 0, 1, or 2 but got {axis}\")\nValueError: program_id axis must be 0, 1, or 2 but got 3\n\nThe above exception was t
2025-08-08 17:53:17,468 - openevolve.RemoteSpeedupEvaluator - INFO - [level1_86_conv_depthwise_separable_2D] âœ˜ wrong_answer
2025-08-08 17:53:17,468 - openevolve.evaluator - INFO - Evaluated program 0ef4f10b-90ab-42e0-9068-926adab25f92 in 3.22s: compiled=1.0000, correctness=0.0000, score=10.0000, stage=wrong_answer, verify_payload={'id': 'level1_86_conv_depthwise_separable_2D', 'result': {'compiled': True, 'correctness': False, 'metadata': {'hardware': 'NVIDIA L20Y', 'device': 'cuda:3', 'runtime_error': 'Traceback (most recent call last):\n  File "/home/lijiaxing/.conda/envs/api/lib/python3.10/site-packages/triton/language/core.py", line 42, in wrapper\n    return fn(*args, **kwargs)\n  File "/home/lijiaxing/.conda/envs/api/lib/python3.10/site-packages/triton/language/core.py", line 1630, in program_id\n    return _semantic.program_id(axis)\n  File "/home/lijiaxing/.conda/envs/api/lib/python3.10/site-packages/triton/language/semantic.py", line 40, in program_id\n    raise ValueError(f"program_id axis must be 0, 1, or 2 but got {axis}")\nValueError: program_id axis must be 0, 1, or 2 but got 3\n\nThe above exception was the direct cause of the following exception:\n\nTraceback (most recent call last):\n  File "/cpfs01/shared/llm_kernel/hujiakai/KernelLLM/validation_api_server/helpers/evaluations.py", line 720, in run_and_check_correctness\n    output_new = model_new(*inputs)\n  File "/home/lijiaxing/.conda/envs/api/lib/python3.10/site-packages/torch/nn/modules/module.py", line 1773, in _wrapped_call_impl\n    return self._call_impl(*args, **kwargs)\n  File "/home/lijiaxing/.conda/envs/api/lib/python3.10/site-packages/torch/nn/modules/module.py", line 1784, in _call_impl\n    return forward_call(*args, **kwargs)\n  File "/tmp/tmpf4h78nig.py", line 100, in forward\n    self._depthwise_conv_kernel[grid](\n  File "/home/lijiaxing/.conda/envs/api/lib/python3.10/site-packages/triton/runtime/jit.py", line 390, in <lambda>\n    return lambda *args, **kwargs: self.run(grid=grid, warmup=False, *args, **kwargs)\n  File "/home/lijiaxing/.conda/envs/api/lib/python3.10/site-packages/triton/runtime/jit.py", line 594, in run\n    kernel = self.compile(src, target=target, options=options.__dict__)\n  File "/home/lijiaxing/.conda/envs/api/lib/python3.10/site-packages/triton/compiler/compiler.py", line 339, in compile\n    module = src.make_ir(options, codegen_fns, module_map, context)\n  File "/home/lijiaxing/.conda/envs/api/lib/python3.10/site-packages/triton/compiler/compiler.py", line 83, in make_ir\n    return ast_to_ttir(self.fn, self, context=context, options=options, codegen_fns=codegen_fns,\ntriton.compiler.errors.CompilationError: at 19:12:\n    dilation_h, dilation_w,\n    kernel_size,\n    output_height, output_width,\n    x_batch_stride, x_channel_stride, x_height_stride, x_width_stride,\n    weight_channel_stride, weight_height_stride, weight_width_stride,\n    output_batch_stride, output_channel_stride, output_height_stride, output_width_stride,\n    BLOCK_H: tl.constexpr, BLOCK_W: tl.constexpr\n):\n    pid_b = tl.program_id(0)\n    pid_c = tl.program_id(1)\n    pid_h = tl.program_id(2)\n    pid_w = tl.program_id(3)\n            ^\n\n\nThe above exception was the direct cause of the following exception:\n\nTraceback (most recent call last):\n  File "/home/lijiaxing/.conda/envs/api/lib/python3.10/site-packages/triton/language/core.py", line 42, in wrapper\n    return fn(*args, **kwargs)\n  File "/home/lijiaxing/.conda/envs/api/lib/python3.10/site-packages/triton/language/core.py", line 1630, in program_id\n    return _semantic.program_id(axis)\n  File "/home/lijiaxing/.conda/envs/api/lib/python3.10/site-packages/triton/language/semantic.py", line 40, in program_id\n    raise ValueError(f"program_id axis must be 0, 1, or 2 but got {axis}")\nValueError: program_id axis must be 0, 1, or 2 but got 3\n', 'runtime_error_name': 'triton.compiler.errors.CompilationError', 'reference_timing_ms': 0.0541, 'speed_up': -1.0, 'custom_timing': -1.0}, 'runtime': -1.0, 'runtime_stats': {}}}
2025-08-08 17:53:17,472 - openevolve.llm.ensemble - INFO - Sampled model: deepseek
2025-08-08 17:53:17,491 - openevolve.threaded_parallel - INFO - Iteration 2: Program 0ef4f10b-90ab-42e0-9068-926adab25f92 (parent: 3ba1f3f9-8a6b-4ce4-87ad-871a39e62fca) completed in 995.88s
2025-08-08 17:53:17,491 - openevolve.threaded_parallel - INFO - Metrics: compiled=1.0000, correctness=0.0000, score=10.0000, stage=wrong_answer, verify_payload={'id': 'level1_86_conv_depthwise_separable_2D', 'result': {'compiled': True, 'correctness': False, 'metadata': {'hardware': 'NVIDIA L20Y', 'device': 'cuda:3', 'runtime_error': 'Traceback (most recent call last):\n  File "/home/lijiaxing/.conda/envs/api/lib/python3.10/site-packages/triton/language/core.py", line 42, in wrapper\n    return fn(*args, **kwargs)\n  File "/home/lijiaxing/.conda/envs/api/lib/python3.10/site-packages/triton/language/core.py", line 1630, in program_id\n    return _semantic.program_id(axis)\n  File "/home/lijiaxing/.conda/envs/api/lib/python3.10/site-packages/triton/language/semantic.py", line 40, in program_id\n    raise ValueError(f"program_id axis must be 0, 1, or 2 but got {axis}")\nValueError: program_id axis must be 0, 1, or 2 but got 3\n\nThe above exception was the direct cause of the following exception:\n\nTraceback (most recent call last):\n  File "/cpfs01/shared/llm_kernel/hujiakai/KernelLLM/validation_api_server/helpers/evaluations.py", line 720, in run_and_check_correctness\n    output_new = model_new(*inputs)\n  File "/home/lijiaxing/.conda/envs/api/lib/python3.10/site-packages/torch/nn/modules/module.py", line 1773, in _wrapped_call_impl\n    return self._call_impl(*args, **kwargs)\n  File "/home/lijiaxing/.conda/envs/api/lib/python3.10/site-packages/torch/nn/modules/module.py", line 1784, in _call_impl\n    return forward_call(*args, **kwargs)\n  File "/tmp/tmpf4h78nig.py", line 100, in forward\n    self._depthwise_conv_kernel[grid](\n  File "/home/lijiaxing/.conda/envs/api/lib/python3.10/site-packages/triton/runtime/jit.py", line 390, in <lambda>\n    return lambda *args, **kwargs: self.run(grid=grid, warmup=False, *args, **kwargs)\n  File "/home/lijiaxing/.conda/envs/api/lib/python3.10/site-packages/triton/runtime/jit.py", line 594, in run\n    kernel = self.compile(src, target=target, options=options.__dict__)\n  File "/home/lijiaxing/.conda/envs/api/lib/python3.10/site-packages/triton/compiler/compiler.py", line 339, in compile\n    module = src.make_ir(options, codegen_fns, module_map, context)\n  File "/home/lijiaxing/.conda/envs/api/lib/python3.10/site-packages/triton/compiler/compiler.py", line 83, in make_ir\n    return ast_to_ttir(self.fn, self, context=context, options=options, codegen_fns=codegen_fns,\ntriton.compiler.errors.CompilationError: at 19:12:\n    dilation_h, dilation_w,\n    kernel_size,\n    output_height, output_width,\n    x_batch_stride, x_channel_stride, x_height_stride, x_width_stride,\n    weight_channel_stride, weight_height_stride, weight_width_stride,\n    output_batch_stride, output_channel_stride, output_height_stride, output_width_stride,\n    BLOCK_H: tl.constexpr, BLOCK_W: tl.constexpr\n):\n    pid_b = tl.program_id(0)\n    pid_c = tl.program_id(1)\n    pid_h = tl.program_id(2)\n    pid_w = tl.program_id(3)\n            ^\n\n\nThe above exception was the direct cause of the following exception:\n\nTraceback (most recent call last):\n  File "/home/lijiaxing/.conda/envs/api/lib/python3.10/site-packages/triton/language/core.py", line 42, in wrapper\n    return fn(*args, **kwargs)\n  File "/home/lijiaxing/.conda/envs/api/lib/python3.10/site-packages/triton/language/core.py", line 1630, in program_id\n    return _semantic.program_id(axis)\n  File "/home/lijiaxing/.conda/envs/api/lib/python3.10/site-packages/triton/language/semantic.py", line 40, in program_id\n    raise ValueError(f"program_id axis must be 0, 1, or 2 but got {axis}")\nValueError: program_id axis must be 0, 1, or 2 but got 3\n', 'runtime_error_name': 'triton.compiler.errors.CompilationError', 'reference_timing_ms': 0.0541, 'speed_up': -1.0, 'custom_timing': -1.0}, 'runtime': -1.0, 'runtime_stats': {}}}
2025-08-08 17:53:19,145 - openevolve.RemoteSpeedupEvaluator - INFO - [level1_86_conv_depthwise_separable_2D] triton key words check pass
2025-08-08 17:53:19,145 - openevolve.RemoteSpeedupEvaluator - INFO - [level1_86_conv_depthwise_separable_2D] verify_plus payload: reference_code(1905 chars) + custom_code(6115 chars)
2025-08-08 17:53:29,056 - openevolve.RemoteSpeedupEvaluator - INFO - [level1_86_conv_depthwise_separable_2D] verify_plus request success
2025-08-08 17:53:29,056 - openevolve.RemoteSpeedupEvaluator - INFO - [level1_86_conv_depthwise_separable_2D] verify_plus response: {"id":"level1_86_conv_depthwise_separable_2D","result":{"compiled":true,"correctness":true,"metadata":{"hardware":"NVIDIA L20Y","device":"cuda:5","correctness_trials":"(5 / 5)","reference_timing_ms":0.0541,"speed_up":0.001,"custom_timing":54.1},"runtime":54.1,"runtime_stats":{"mean":54.1,"std":0.0143,"min":54.1,"max":54.2,"num_trials":100,"hardware":"NVIDIA L20Y","device":"cuda:5"}}}
2025-08-08 17:53:29,056 - openevolve.RemoteSpeedupEvaluator - INFO - [level1_86_conv_depthwise_separable_2D] âœ” success | speed_up=0.001  score=20.00
2025-08-08 17:53:29,057 - openevolve.evaluator - INFO - Evaluated program e70e5d29-ce8a-4e0c-9a7e-4aaf824f6b36 in 9.91s: compiled=1.0000, correctness=1.0000, stage=success, passed=0.0000, score=20.0000, speed_up=0.0010, runtime_ms=54.1000, meta={'hardware': 'NVIDIA L20Y', 'device': 'cuda:5', 'correctness_trials': '(5 / 5)', 'reference_timing_ms': 0.0541, 'speed_up': 0.001, 'custom_timing': 54.1}
2025-08-08 17:53:29,060 - openevolve.llm.ensemble - INFO - Sampled model: deepseek
2025-08-08 17:53:29,064 - openevolve.database - INFO - MAP-Elites cell improved: {'score': 9, 'complexity': 9} (fitness: 10.000 -> 20.000)
2025-08-08 17:53:29,064 - openevolve.database - INFO - New best program e70e5d29-ce8a-4e0c-9a7e-4aaf824f6b36 replaces 9293d8c4-bc0e-4df5-8a15-e5646c48edb8
2025-08-08 17:53:29,076 - openevolve.threaded_parallel - INFO - Iteration 0: Program e70e5d29-ce8a-4e0c-9a7e-4aaf824f6b36 (parent: 3ba1f3f9-8a6b-4ce4-87ad-871a39e62fca) completed in 1007.47s
2025-08-08 17:53:29,076 - openevolve.threaded_parallel - INFO - Metrics: compiled=1.0000, correctness=1.0000, stage=success, passed=0.0000, score=20.0000, speed_up=0.0010, runtime_ms=54.1000, meta={'hardware': 'NVIDIA L20Y', 'device': 'cuda:5', 'correctness_trials': '(5 / 5)', 'reference_timing_ms': 0.0541, 'speed_up': 0.001, 'custom_timing': 54.1}
2025-08-08 17:53:29,076 - openevolve.threaded_parallel - INFO - ðŸŒŸ New best solution found at iteration 0: e70e5d29-ce8a-4e0c-9a7e-4aaf824f6b36
2025-08-08 17:53:29,076 - openevolve.threaded_parallel - INFO - Checkpoint interval reached at iteration 0
2025-08-08 17:53:29,077 - openevolve.database - INFO - Island Status:
2025-08-08 17:53:29,077 - openevolve.database - INFO -    Island 0: 3 programs, best=10.0000, avg=6.6667, diversity=769.40, gen=1 (best: 9293d8c4-bc0e-4df5-8a15-e5646c48edb8)
2025-08-08 17:53:29,077 - openevolve.database - INFO -  * Island 1: 1 programs, best=20.0000, avg=20.0000, diversity=0.00, gen=2 (best: e70e5d29-ce8a-4e0c-9a7e-4aaf824f6b36)
2025-08-08 17:53:29,077 - openevolve.database - INFO -    Island 2: 0 programs, best=0.0000, avg=0.0000, diversity=0.00, gen=0
2025-08-08 17:53:29,132 - openevolve.database - INFO - Saved database with 4 programs to openevolve_output/level1_86_conv_depthwise_separable_2D/checkpoints/checkpoint_0
2025-08-08 17:53:29,148 - openevolve.controller - INFO - Saved best program at checkpoint 0 with metrics: compiled=1.0000, correctness=1.0000, stage=success, passed=0.0000, score=20.0000, speed_up=0.0010, runtime_ms=54.1000, meta={'hardware': 'NVIDIA L20Y', 'device': 'cuda:5', 'correctness_trials': '(5 / 5)', 'reference_timing_ms': 0.0541, 'speed_up': 0.001, 'custom_timing': 54.1}
2025-08-08 17:53:29,148 - openevolve.controller - INFO - Saved checkpoint at iteration 0 to openevolve_output/level1_86_conv_depthwise_separable_2D/checkpoints/checkpoint_0
2025-08-08 18:01:55,762 - openevolve.RemoteSpeedupEvaluator - INFO - [level1_86_conv_depthwise_separable_2D] triton key words check pass
2025-08-08 18:01:55,763 - openevolve.RemoteSpeedupEvaluator - INFO - [level1_86_conv_depthwise_separable_2D] verify_plus payload: reference_code(1905 chars) + custom_code(3775 chars)
2025-08-08 18:01:59,604 - openevolve.RemoteSpeedupEvaluator - INFO - [level1_86_conv_depthwise_separable_2D] verify_plus request success
2025-08-08 18:01:59,604 - openevolve.RemoteSpeedupEvaluator - INFO - [level1_86_conv_depthwise_separable_2D] verify_plus response: {"id":"level1_86_conv_depthwise_separable_2D","result":{"compiled":true,"correctness":false,"metadata":{"hardware":"NVIDIA L20Y","device":"cuda:4","runtime_error":"Traceback (most recent call last):\n  File \"/home/lijiaxing/.conda/envs/api/lib/python3.10/site-packages/triton/language/core.py\", line 42, in wrapper\n    return fn(*args, **kwargs)\n  File \"/home/lijiaxing/.conda/envs/api/lib/python3.10/site-packages/triton/language/core.py\", line 2150, in load\n    return _semantic.load(pointer, mask, other, boundary_check, padding_option, cache_modifier, eviction_policy,\n  File \"/home/lijiaxing/.conda/envs/api/lib/python3.10/site-packages/triton/language/semantic.py\", line 1086, in load\n    return self._load_legacy(ptr, mask, other, boundary_check, padding, cache, eviction, is_volati
2025-08-08 18:01:59,605 - openevolve.RemoteSpeedupEvaluator - INFO - [level1_86_conv_depthwise_separable_2D] âœ˜ wrong_answer
2025-08-08 18:01:59,605 - openevolve.evaluator - INFO - Evaluated program 5d1c27b1-1d29-4efa-8694-e2f92b982368 in 3.84s: compiled=1.0000, correctness=0.0000, score=10.0000, stage=wrong_answer, verify_payload={'id': 'level1_86_conv_depthwise_separable_2D', 'result': {'compiled': True, 'correctness': False, 'metadata': {'hardware': 'NVIDIA L20Y', 'device': 'cuda:4', 'runtime_error': 'Traceback (most recent call last):\n  File "/home/lijiaxing/.conda/envs/api/lib/python3.10/site-packages/triton/language/core.py", line 42, in wrapper\n    return fn(*args, **kwargs)\n  File "/home/lijiaxing/.conda/envs/api/lib/python3.10/site-packages/triton/language/core.py", line 2150, in load\n    return _semantic.load(pointer, mask, other, boundary_check, padding_option, cache_modifier, eviction_policy,\n  File "/home/lijiaxing/.conda/envs/api/lib/python3.10/site-packages/triton/language/semantic.py", line 1086, in load\n    return self._load_legacy(ptr, mask, other, boundary_check, padding, cache, eviction, is_volatile)\n  File "/home/lijiaxing/.conda/envs/api/lib/python3.10/site-packages/triton/language/semantic.py", line 1017, in _load_legacy\n    raise ValueError(f"Unsupported ptr type {ptr.type.__repr__()} in `tl.load`")\nValueError: Unsupported ptr type <[\'64\'], int32> in `tl.load`\n\nThe above exception was the direct cause of the following exception:\n\nTraceback (most recent call last):\n  File "/cpfs01/shared/llm_kernel/hujiakai/KernelLLM/validation_api_server/helpers/evaluations.py", line 720, in run_and_check_correctness\n    output_new = model_new(*inputs)\n  File "/home/lijiaxing/.conda/envs/api/lib/python3.10/site-packages/torch/nn/modules/module.py", line 1773, in _wrapped_call_impl\n    return self._call_impl(*args, **kwargs)\n  File "/home/lijiaxing/.conda/envs/api/lib/python3.10/site-packages/torch/nn/modules/module.py", line 1784, in _call_impl\n    return forward_call(*args, **kwargs)\n  File "/tmp/tmpiyyriwdm.py", line 68, in forward\n    pointwise_conv_kernel[grid](\n  File "/home/lijiaxing/.conda/envs/api/lib/python3.10/site-packages/triton/runtime/jit.py", line 390, in <lambda>\n    return lambda *args, **kwargs: self.run(grid=grid, warmup=False, *args, **kwargs)\n  File "/home/lijiaxing/.conda/envs/api/lib/python3.10/site-packages/triton/runtime/jit.py", line 594, in run\n    kernel = self.compile(src, target=target, options=options.__dict__)\n  File "/home/lijiaxing/.conda/envs/api/lib/python3.10/site-packages/triton/compiler/compiler.py", line 339, in compile\n    module = src.make_ir(options, codegen_fns, module_map, context)\n  File "/home/lijiaxing/.conda/envs/api/lib/python3.10/site-packages/triton/compiler/compiler.py", line 83, in make_ir\n    return ast_to_ttir(self.fn, self, context=context, options=options, codegen_fns=codegen_fns,\ntriton.compiler.errors.CompilationError: at 31:15:\n    accumulator = tl.zeros((BLOCK_SIZE_M, BLOCK_SIZE_N), dtype=tl.float32)\n\n    for k in range(0, tl.cdiv(in_channels, BLOCK_SIZE_K)):\n        mask_k = offs_k < (in_channels - k * BLOCK_SIZE_K)\n        a = tl.load(input_ptrs, mask=mask_k[None, :] & (offs_m[:, None] < M), other=0.0)\n        b = tl.load(weight_ptrs, mask=mask_k[:, None] & (offs_n[None, :] < out_channels), other=0.0)\n        accumulator += tl.dot(a, b, allow_tf32=False, out_dtype=tl.float32)\n        input_ptrs += BLOCK_SIZE_K * stride_ic\n        weight_ptrs += BLOCK_SIZE_K * stride_wc\n\n    if bias_ptr != 0:\n        bias = tl.load(bias_ptr + offs_n, mask=offs_n < out_channels, other=0.0)\n               ^\n\n\nThe above exception was the direct cause of the following exception:\n\nTraceback (most recent call last):\n  File "/home/lijiaxing/.conda/envs/api/lib/python3.10/site-packages/triton/language/core.py", line 42, in wrapper\n    return fn(*args, **kwargs)\n  File "/home/lijiaxing/.conda/envs/api/lib/python3.10/site-packages/triton/language/core.py", line 2150, in load\n    return _semantic.load(pointer, mask, other, boundary_check, padding_option, cache_modifier, eviction_policy,\n  File "/home/lijiaxing/.conda/envs/api/lib/python3.10/site-packages/triton/language/semantic.py", line 1086, in load\n    return self._load_legacy(ptr, mask, other, boundary_check, padding, cache, eviction, is_volatile)\n  File "/home/lijiaxing/.conda/envs/api/lib/python3.10/site-packages/triton/language/semantic.py", line 1017, in _load_legacy\n    raise ValueError(f"Unsupported ptr type {ptr.type.__repr__()} in `tl.load`")\nValueError: Unsupported ptr type <[\'64\'], int32> in `tl.load`\n', 'runtime_error_name': 'triton.compiler.errors.CompilationError', 'reference_timing_ms': 0.0541, 'speed_up': -1.0, 'custom_timing': -1.0}, 'runtime': -1.0, 'runtime_stats': {}}}
2025-08-08 18:01:59,608 - openevolve.llm.ensemble - INFO - Sampled model: deepseek
2025-08-08 18:01:59,613 - openevolve.database - INFO - New MAP-Elites cell occupied: {'score': 9, 'complexity': 4}
2025-08-08 18:01:59,626 - openevolve.threaded_parallel - INFO - Iteration 5: Program 5d1c27b1-1d29-4efa-8694-e2f92b982368 (parent: 9293d8c4-bc0e-4df5-8a15-e5646c48edb8) completed in 510.55s
2025-08-08 18:01:59,626 - openevolve.threaded_parallel - INFO - Metrics: compiled=1.0000, correctness=0.0000, score=10.0000, stage=wrong_answer, verify_payload={'id': 'level1_86_conv_depthwise_separable_2D', 'result': {'compiled': True, 'correctness': False, 'metadata': {'hardware': 'NVIDIA L20Y', 'device': 'cuda:4', 'runtime_error': 'Traceback (most recent call last):\n  File "/home/lijiaxing/.conda/envs/api/lib/python3.10/site-packages/triton/language/core.py", line 42, in wrapper\n    return fn(*args, **kwargs)\n  File "/home/lijiaxing/.conda/envs/api/lib/python3.10/site-packages/triton/language/core.py", line 2150, in load\n    return _semantic.load(pointer, mask, other, boundary_check, padding_option, cache_modifier, eviction_policy,\n  File "/home/lijiaxing/.conda/envs/api/lib/python3.10/site-packages/triton/language/semantic.py", line 1086, in load\n    return self._load_legacy(ptr, mask, other, boundary_check, padding, cache, eviction, is_volatile)\n  File "/home/lijiaxing/.conda/envs/api/lib/python3.10/site-packages/triton/language/semantic.py", line 1017, in _load_legacy\n    raise ValueError(f"Unsupported ptr type {ptr.type.__repr__()} in `tl.load`")\nValueError: Unsupported ptr type <[\'64\'], int32> in `tl.load`\n\nThe above exception was the direct cause of the following exception:\n\nTraceback (most recent call last):\n  File "/cpfs01/shared/llm_kernel/hujiakai/KernelLLM/validation_api_server/helpers/evaluations.py", line 720, in run_and_check_correctness\n    output_new = model_new(*inputs)\n  File "/home/lijiaxing/.conda/envs/api/lib/python3.10/site-packages/torch/nn/modules/module.py", line 1773, in _wrapped_call_impl\n    return self._call_impl(*args, **kwargs)\n  File "/home/lijiaxing/.conda/envs/api/lib/python3.10/site-packages/torch/nn/modules/module.py", line 1784, in _call_impl\n    return forward_call(*args, **kwargs)\n  File "/tmp/tmpiyyriwdm.py", line 68, in forward\n    pointwise_conv_kernel[grid](\n  File "/home/lijiaxing/.conda/envs/api/lib/python3.10/site-packages/triton/runtime/jit.py", line 390, in <lambda>\n    return lambda *args, **kwargs: self.run(grid=grid, warmup=False, *args, **kwargs)\n  File "/home/lijiaxing/.conda/envs/api/lib/python3.10/site-packages/triton/runtime/jit.py", line 594, in run\n    kernel = self.compile(src, target=target, options=options.__dict__)\n  File "/home/lijiaxing/.conda/envs/api/lib/python3.10/site-packages/triton/compiler/compiler.py", line 339, in compile\n    module = src.make_ir(options, codegen_fns, module_map, context)\n  File "/home/lijiaxing/.conda/envs/api/lib/python3.10/site-packages/triton/compiler/compiler.py", line 83, in make_ir\n    return ast_to_ttir(self.fn, self, context=context, options=options, codegen_fns=codegen_fns,\ntriton.compiler.errors.CompilationError: at 31:15:\n    accumulator = tl.zeros((BLOCK_SIZE_M, BLOCK_SIZE_N), dtype=tl.float32)\n\n    for k in range(0, tl.cdiv(in_channels, BLOCK_SIZE_K)):\n        mask_k = offs_k < (in_channels - k * BLOCK_SIZE_K)\n        a = tl.load(input_ptrs, mask=mask_k[None, :] & (offs_m[:, None] < M), other=0.0)\n        b = tl.load(weight_ptrs, mask=mask_k[:, None] & (offs_n[None, :] < out_channels), other=0.0)\n        accumulator += tl.dot(a, b, allow_tf32=False, out_dtype=tl.float32)\n        input_ptrs += BLOCK_SIZE_K * stride_ic\n        weight_ptrs += BLOCK_SIZE_K * stride_wc\n\n    if bias_ptr != 0:\n        bias = tl.load(bias_ptr + offs_n, mask=offs_n < out_channels, other=0.0)\n               ^\n\n\nThe above exception was the direct cause of the following exception:\n\nTraceback (most recent call last):\n  File "/home/lijiaxing/.conda/envs/api/lib/python3.10/site-packages/triton/language/core.py", line 42, in wrapper\n    return fn(*args, **kwargs)\n  File "/home/lijiaxing/.conda/envs/api/lib/python3.10/site-packages/triton/language/core.py", line 2150, in load\n    return _semantic.load(pointer, mask, other, boundary_check, padding_option, cache_modifier, eviction_policy,\n  File "/home/lijiaxing/.conda/envs/api/lib/python3.10/site-packages/triton/language/semantic.py", line 1086, in load\n    return self._load_legacy(ptr, mask, other, boundary_check, padding, cache, eviction, is_volatile)\n  File "/home/lijiaxing/.conda/envs/api/lib/python3.10/site-packages/triton/language/semantic.py", line 1017, in _load_legacy\n    raise ValueError(f"Unsupported ptr type {ptr.type.__repr__()} in `tl.load`")\nValueError: Unsupported ptr type <[\'64\'], int32> in `tl.load`\n', 'runtime_error_name': 'triton.compiler.errors.CompilationError', 'reference_timing_ms': 0.0541, 'speed_up': -1.0, 'custom_timing': -1.0}, 'runtime': -1.0, 'runtime_stats': {}}}
2025-08-08 18:06:20,508 - openevolve.RemoteSpeedupEvaluator - INFO - [level1_86_conv_depthwise_separable_2D] triton key words check pass
2025-08-08 18:06:20,509 - openevolve.RemoteSpeedupEvaluator - INFO - [level1_86_conv_depthwise_separable_2D] verify_plus payload: reference_code(1905 chars) + custom_code(3976 chars)
2025-08-08 18:06:23,552 - openevolve.RemoteSpeedupEvaluator - INFO - [level1_86_conv_depthwise_separable_2D] verify_plus request success
2025-08-08 18:06:23,552 - openevolve.RemoteSpeedupEvaluator - INFO - [level1_86_conv_depthwise_separable_2D] verify_plus response: {"id":"level1_86_conv_depthwise_separable_2D","result":{"compiled":true,"correctness":false,"metadata":{"hardware":"NVIDIA L20Y","device":"cuda:0","runtime_error":"Traceback (most recent call last):\n  File \"/home/lijiaxing/.conda/envs/api/lib/python3.10/site-packages/triton/language/core.py\", line 42, in wrapper\n    return fn(*args, **kwargs)\n  File \"/home/lijiaxing/.conda/envs/api/lib/python3.10/site-packages/triton/language/core.py\", line 2150, in load\n    return _semantic.load(pointer, mask, other, boundary_check, padding_option, cache_modifier, eviction_policy,\n  File \"/home/lijiaxing/.conda/envs/api/lib/python3.10/site-packages/triton/language/semantic.py\", line 1086, in load\n    return self._load_legacy(ptr, mask, other, boundary_check, padding, cache, eviction, is_volati
2025-08-08 18:06:23,553 - openevolve.RemoteSpeedupEvaluator - INFO - [level1_86_conv_depthwise_separable_2D] âœ˜ wrong_answer
2025-08-08 18:06:23,553 - openevolve.evaluator - INFO - Evaluated program 12740d63-6cc0-4d96-ad76-2fd7e9510ac3 in 3.05s: compiled=1.0000, correctness=0.0000, score=10.0000, stage=wrong_answer, verify_payload={'id': 'level1_86_conv_depthwise_separable_2D', 'result': {'compiled': True, 'correctness': False, 'metadata': {'hardware': 'NVIDIA L20Y', 'device': 'cuda:0', 'runtime_error': 'Traceback (most recent call last):\n  File "/home/lijiaxing/.conda/envs/api/lib/python3.10/site-packages/triton/language/core.py", line 42, in wrapper\n    return fn(*args, **kwargs)\n  File "/home/lijiaxing/.conda/envs/api/lib/python3.10/site-packages/triton/language/core.py", line 2150, in load\n    return _semantic.load(pointer, mask, other, boundary_check, padding_option, cache_modifier, eviction_policy,\n  File "/home/lijiaxing/.conda/envs/api/lib/python3.10/site-packages/triton/language/semantic.py", line 1086, in load\n    return self._load_legacy(ptr, mask, other, boundary_check, padding, cache, eviction, is_volatile)\n  File "/home/lijiaxing/.conda/envs/api/lib/python3.10/site-packages/triton/language/semantic.py", line 1017, in _load_legacy\n    raise ValueError(f"Unsupported ptr type {ptr.type.__repr__()} in `tl.load`")\nValueError: Unsupported ptr type <[\'64\'], int32> in `tl.load`\n\nThe above exception was the direct cause of the following exception:\n\nTraceback (most recent call last):\n  File "/cpfs01/shared/llm_kernel/hujiakai/KernelLLM/validation_api_server/helpers/evaluations.py", line 720, in run_and_check_correctness\n    output_new = model_new(*inputs)\n  File "/home/lijiaxing/.conda/envs/api/lib/python3.10/site-packages/torch/nn/modules/module.py", line 1773, in _wrapped_call_impl\n    return self._call_impl(*args, **kwargs)\n  File "/home/lijiaxing/.conda/envs/api/lib/python3.10/site-packages/torch/nn/modules/module.py", line 1784, in _call_impl\n    return forward_call(*args, **kwargs)\n  File "/tmp/tmpf2st53u7.py", line 78, in forward\n    pointwise_conv_kernel[grid](\n  File "/home/lijiaxing/.conda/envs/api/lib/python3.10/site-packages/triton/runtime/jit.py", line 390, in <lambda>\n    return lambda *args, **kwargs: self.run(grid=grid, warmup=False, *args, **kwargs)\n  File "/home/lijiaxing/.conda/envs/api/lib/python3.10/site-packages/triton/runtime/jit.py", line 594, in run\n    kernel = self.compile(src, target=target, options=options.__dict__)\n  File "/home/lijiaxing/.conda/envs/api/lib/python3.10/site-packages/triton/compiler/compiler.py", line 339, in compile\n    module = src.make_ir(options, codegen_fns, module_map, context)\n  File "/home/lijiaxing/.conda/envs/api/lib/python3.10/site-packages/triton/compiler/compiler.py", line 83, in make_ir\n    return ast_to_ttir(self.fn, self, context=context, options=options, codegen_fns=codegen_fns,\ntriton.compiler.errors.CompilationError: at 39:15:\n                   mask=mask_k[None, :] & (offs_m[:, None] < M), \n                   other=0.0)\n        b = tl.load(weight_ptrs, \n                   mask=mask_k[:, None] & (offs_n[None, :] < out_channels), \n                   other=0.0)\n\n        accumulator += tl.dot(a, b, allow_tf32=True)\n        input_ptrs += BLOCK_SIZE_K * stride_ic\n        weight_ptrs += BLOCK_SIZE_K * stride_wk\n\n    if bias_ptr != 0:\n        bias = tl.load(bias_ptr + offs_n, mask=offs_n < out_channels, other=0.0)\n               ^\n\n\nThe above exception was the direct cause of the following exception:\n\nTraceback (most recent call last):\n  File "/home/lijiaxing/.conda/envs/api/lib/python3.10/site-packages/triton/language/core.py", line 42, in wrapper\n    return fn(*args, **kwargs)\n  File "/home/lijiaxing/.conda/envs/api/lib/python3.10/site-packages/triton/language/core.py", line 2150, in load\n    return _semantic.load(pointer, mask, other, boundary_check, padding_option, cache_modifier, eviction_policy,\n  File "/home/lijiaxing/.conda/envs/api/lib/python3.10/site-packages/triton/language/semantic.py", line 1086, in load\n    return self._load_legacy(ptr, mask, other, boundary_check, padding, cache, eviction, is_volatile)\n  File "/home/lijiaxing/.conda/envs/api/lib/python3.10/site-packages/triton/language/semantic.py", line 1017, in _load_legacy\n    raise ValueError(f"Unsupported ptr type {ptr.type.__repr__()} in `tl.load`")\nValueError: Unsupported ptr type <[\'64\'], int32> in `tl.load`\n', 'runtime_error_name': 'triton.compiler.errors.CompilationError', 'reference_timing_ms': 0.0541, 'speed_up': -1.0, 'custom_timing': -1.0}, 'runtime': -1.0, 'runtime_stats': {}}}
2025-08-08 18:06:23,557 - openevolve.llm.ensemble - INFO - Sampled model: deepseek
2025-08-08 18:06:23,576 - openevolve.threaded_parallel - INFO - Iteration 4: Program 12740d63-6cc0-4d96-ad76-2fd7e9510ac3 (parent: 3ba1f3f9-8a6b-4ce4-87ad-871a39e62fca) completed in 786.08s
2025-08-08 18:06:23,576 - openevolve.threaded_parallel - INFO - Metrics: compiled=1.0000, correctness=0.0000, score=10.0000, stage=wrong_answer, verify_payload={'id': 'level1_86_conv_depthwise_separable_2D', 'result': {'compiled': True, 'correctness': False, 'metadata': {'hardware': 'NVIDIA L20Y', 'device': 'cuda:0', 'runtime_error': 'Traceback (most recent call last):\n  File "/home/lijiaxing/.conda/envs/api/lib/python3.10/site-packages/triton/language/core.py", line 42, in wrapper\n    return fn(*args, **kwargs)\n  File "/home/lijiaxing/.conda/envs/api/lib/python3.10/site-packages/triton/language/core.py", line 2150, in load\n    return _semantic.load(pointer, mask, other, boundary_check, padding_option, cache_modifier, eviction_policy,\n  File "/home/lijiaxing/.conda/envs/api/lib/python3.10/site-packages/triton/language/semantic.py", line 1086, in load\n    return self._load_legacy(ptr, mask, other, boundary_check, padding, cache, eviction, is_volatile)\n  File "/home/lijiaxing/.conda/envs/api/lib/python3.10/site-packages/triton/language/semantic.py", line 1017, in _load_legacy\n    raise ValueError(f"Unsupported ptr type {ptr.type.__repr__()} in `tl.load`")\nValueError: Unsupported ptr type <[\'64\'], int32> in `tl.load`\n\nThe above exception was the direct cause of the following exception:\n\nTraceback (most recent call last):\n  File "/cpfs01/shared/llm_kernel/hujiakai/KernelLLM/validation_api_server/helpers/evaluations.py", line 720, in run_and_check_correctness\n    output_new = model_new(*inputs)\n  File "/home/lijiaxing/.conda/envs/api/lib/python3.10/site-packages/torch/nn/modules/module.py", line 1773, in _wrapped_call_impl\n    return self._call_impl(*args, **kwargs)\n  File "/home/lijiaxing/.conda/envs/api/lib/python3.10/site-packages/torch/nn/modules/module.py", line 1784, in _call_impl\n    return forward_call(*args, **kwargs)\n  File "/tmp/tmpf2st53u7.py", line 78, in forward\n    pointwise_conv_kernel[grid](\n  File "/home/lijiaxing/.conda/envs/api/lib/python3.10/site-packages/triton/runtime/jit.py", line 390, in <lambda>\n    return lambda *args, **kwargs: self.run(grid=grid, warmup=False, *args, **kwargs)\n  File "/home/lijiaxing/.conda/envs/api/lib/python3.10/site-packages/triton/runtime/jit.py", line 594, in run\n    kernel = self.compile(src, target=target, options=options.__dict__)\n  File "/home/lijiaxing/.conda/envs/api/lib/python3.10/site-packages/triton/compiler/compiler.py", line 339, in compile\n    module = src.make_ir(options, codegen_fns, module_map, context)\n  File "/home/lijiaxing/.conda/envs/api/lib/python3.10/site-packages/triton/compiler/compiler.py", line 83, in make_ir\n    return ast_to_ttir(self.fn, self, context=context, options=options, codegen_fns=codegen_fns,\ntriton.compiler.errors.CompilationError: at 39:15:\n                   mask=mask_k[None, :] & (offs_m[:, None] < M), \n                   other=0.0)\n        b = tl.load(weight_ptrs, \n                   mask=mask_k[:, None] & (offs_n[None, :] < out_channels), \n                   other=0.0)\n\n        accumulator += tl.dot(a, b, allow_tf32=True)\n        input_ptrs += BLOCK_SIZE_K * stride_ic\n        weight_ptrs += BLOCK_SIZE_K * stride_wk\n\n    if bias_ptr != 0:\n        bias = tl.load(bias_ptr + offs_n, mask=offs_n < out_channels, other=0.0)\n               ^\n\n\nThe above exception was the direct cause of the following exception:\n\nTraceback (most recent call last):\n  File "/home/lijiaxing/.conda/envs/api/lib/python3.10/site-packages/triton/language/core.py", line 42, in wrapper\n    return fn(*args, **kwargs)\n  File "/home/lijiaxing/.conda/envs/api/lib/python3.10/site-packages/triton/language/core.py", line 2150, in load\n    return _semantic.load(pointer, mask, other, boundary_check, padding_option, cache_modifier, eviction_policy,\n  File "/home/lijiaxing/.conda/envs/api/lib/python3.10/site-packages/triton/language/semantic.py", line 1086, in load\n    return self._load_legacy(ptr, mask, other, boundary_check, padding, cache, eviction, is_volatile)\n  File "/home/lijiaxing/.conda/envs/api/lib/python3.10/site-packages/triton/language/semantic.py", line 1017, in _load_legacy\n    raise ValueError(f"Unsupported ptr type {ptr.type.__repr__()} in `tl.load`")\nValueError: Unsupported ptr type <[\'64\'], int32> in `tl.load`\n', 'runtime_error_name': 'triton.compiler.errors.CompilationError', 'reference_timing_ms': 0.0541, 'speed_up': -1.0, 'custom_timing': -1.0}, 'runtime': -1.0, 'runtime_stats': {}}}
2025-08-08 18:11:49,457 - openevolve.RemoteSpeedupEvaluator - INFO - [level1_86_conv_depthwise_separable_2D] triton key words check pass
2025-08-08 18:11:49,459 - openevolve.RemoteSpeedupEvaluator - INFO - [level1_86_conv_depthwise_separable_2D] verify_plus payload: reference_code(1905 chars) + custom_code(7640 chars)
2025-08-08 18:11:51,734 - openevolve.RemoteSpeedupEvaluator - INFO - [level1_86_conv_depthwise_separable_2D] verify_plus request success
2025-08-08 18:11:51,734 - openevolve.RemoteSpeedupEvaluator - INFO - [level1_86_conv_depthwise_separable_2D] verify_plus response: {"id":"level1_86_conv_depthwise_separable_2D","result":{"compiled":false,"correctness":false,"metadata":{"hardware":"NVIDIA L20Y","device":"cuda:3","compilation_error_name":"builtins.SyntaxError","compilation_error":"invalid syntax. Maybe you meant '==' or ':=' instead of '='? (tmpou7lqec0.py, line 192)","reference_timing_ms":0.0541,"speed_up":-1.0,"custom_timing":-1.0},"runtime":-1.0,"runtime_stats":{}}}
2025-08-08 18:11:51,734 - openevolve.RemoteSpeedupEvaluator - INFO - [level1_86_conv_depthwise_separable_2D] âœ˜ compile_error
2025-08-08 18:11:51,734 - openevolve.RemoteSpeedupEvaluator - INFO - [level1_86_conv_depthwise_separable_2D_9bede7] execute payload: {id:level1_86_conv_depthwise_separable_2D_9bede7, device_type:NV_LY_20}
2025-08-08 18:11:53,816 - openevolve.RemoteSpeedupEvaluator - INFO - [level1_86_conv_depthwise_separable_2D_9bede7] execute request success
2025-08-08 18:11:53,817 - openevolve.RemoteSpeedupEvaluator - INFO - [level1_86_conv_depthwise_separable_2D_9bede7] execute response: {"id":"level1_86_conv_depthwise_separable_2D_9bede7","exit_code":"1","content":"[Child] ç»‘å®š GPU 4, torch sees 1 device(s)\n\n[Exception]\nTraceback (most recent call last):\n  File \"/cpfs01/shared/llm_kernel/hujiakai/KernelLLM/validation_api_server/code_executor.py\", line 71, in _exec_worker\n    exec(textwrap.dedent(code_src), mod.__dict__)\n  File \"<string>\", line 192\n    BLOCK_SIZE=1024\n    ^^^^^^^^^^^^^^^\nSyntaxError: invalid syntax. Maybe you meant '==' or ':=' instead of '='?\n"}
2025-08-08 18:11:53,817 - openevolve.evaluator - INFO - Evaluated program 36a1343e-ffce-476c-bed7-8792d7a7d5fe in 4.36s: compiled=0.0000, correctness=0.0000, score=1.0000, stage=compile_error, compile_log=, exec_log=[Child] ç»‘å®š GPU 4, torch sees 1 device(s)

[Exception]
Traceback (most recent call last):
  File "/cpfs01/shared/llm_kernel/hujiakai/KernelLLM/validation_api_server/code_executor.py", line 71, in _exec_worker
    exec(textwrap.dedent(code_src), mod.__dict__)
  File "<string>", line 192
    BLOCK_SIZE=1024
    ^^^^^^^^^^^^^^^
SyntaxError: invalid syntax. Maybe you meant '==' or ':=' instead of '='?
, exit_code=1
2025-08-08 18:11:53,820 - openevolve.llm.ensemble - INFO - Sampled model: deepseek
2025-08-08 18:11:53,851 - openevolve.threaded_parallel - INFO - Iteration 3: Program 36a1343e-ffce-476c-bed7-8792d7a7d5fe (parent: 3ba1f3f9-8a6b-4ce4-87ad-871a39e62fca) completed in 1119.91s
2025-08-08 18:11:53,851 - openevolve.threaded_parallel - INFO - Metrics: compiled=0.0000, correctness=0.0000, score=1.0000, stage=compile_error, compile_log=, exec_log=[Child] ç»‘å®š GPU 4, torch sees 1 device(s)

[Exception]
Traceback (most recent call last):
  File "/cpfs01/shared/llm_kernel/hujiakai/KernelLLM/validation_api_server/code_executor.py", line 71, in _exec_worker
    exec(textwrap.dedent(code_src), mod.__dict__)
  File "<string>", line 192
    BLOCK_SIZE=1024
    ^^^^^^^^^^^^^^^
SyntaxError: invalid syntax. Maybe you meant '==' or ':=' instead of '='?
, exit_code=1
2025-08-08 18:11:53,851 - openevolve.threaded_parallel - INFO - Checkpoint interval reached at iteration 3
2025-08-08 18:11:53,852 - openevolve.database - INFO - Island Status:
2025-08-08 18:11:53,852 - openevolve.database - INFO -    Island 0: 4 programs, best=10.0000, avg=5.2500, diversity=1182.03, gen=2 (best: 9293d8c4-bc0e-4df5-8a15-e5646c48edb8)
2025-08-08 18:11:53,852 - openevolve.database - INFO -  * Island 1: 2 programs, best=20.0000, avg=15.0000, diversity=847.00, gen=3 (best: e70e5d29-ce8a-4e0c-9a7e-4aaf824f6b36)
2025-08-08 18:11:53,852 - openevolve.database - INFO -    Island 2: 1 programs, best=10.0000, avg=10.0000, diversity=0.00, gen=1 (best: 12740d63-6cc0-4d96-ad76-2fd7e9510ac3)
2025-08-08 18:11:53,936 - openevolve.database - INFO - Saved database with 7 programs to openevolve_output/level1_86_conv_depthwise_separable_2D/checkpoints/checkpoint_3
2025-08-08 18:11:53,952 - openevolve.controller - INFO - Saved best program at checkpoint 3 with metrics: compiled=1.0000, correctness=1.0000, stage=success, passed=0.0000, score=20.0000, speed_up=0.0010, runtime_ms=54.1000, meta={'hardware': 'NVIDIA L20Y', 'device': 'cuda:5', 'correctness_trials': '(5 / 5)', 'reference_timing_ms': 0.0541, 'speed_up': 0.001, 'custom_timing': 54.1}
2025-08-08 18:11:53,952 - openevolve.controller - INFO - Saved checkpoint at iteration 3 to openevolve_output/level1_86_conv_depthwise_separable_2D/checkpoints/checkpoint_3
2025-08-08 18:15:18,437 - openevolve.RemoteSpeedupEvaluator - INFO - [level1_86_conv_depthwise_separable_2D] triton key words check pass
2025-08-08 18:15:18,438 - openevolve.RemoteSpeedupEvaluator - INFO - [level1_86_conv_depthwise_separable_2D] verify_plus payload: reference_code(1905 chars) + custom_code(5266 chars)
2025-08-08 18:15:22,701 - openevolve.RemoteSpeedupEvaluator - INFO - [level1_86_conv_depthwise_separable_2D] verify_plus request success
2025-08-08 18:15:22,701 - openevolve.RemoteSpeedupEvaluator - INFO - [level1_86_conv_depthwise_separable_2D] verify_plus response: {"id":"level1_86_conv_depthwise_separable_2D","result":{"compiled":true,"correctness":true,"metadata":{"hardware":"NVIDIA L20Y","device":"cuda:2","correctness_trials":"(5 / 5)","reference_timing_ms":0.0541,"speed_up":0.273,"custom_timing":0.198},"runtime":0.198,"runtime_stats":{"mean":0.198,"std":0.00285,"min":0.195,"max":0.217,"num_trials":100,"hardware":"NVIDIA L20Y","device":"cuda:2"}}}
2025-08-08 18:15:22,701 - openevolve.RemoteSpeedupEvaluator - INFO - [level1_86_conv_depthwise_separable_2D] âœ” success | speed_up=0.273  score=20.00
2025-08-08 18:15:22,702 - openevolve.evaluator - INFO - Evaluated program 06b4b387-1564-4a59-a16c-e2e8fb0a0197 in 4.27s: compiled=1.0000, correctness=1.0000, stage=success, passed=0.0000, score=20.0000, speed_up=0.2730, runtime_ms=0.1980, meta={'hardware': 'NVIDIA L20Y', 'device': 'cuda:2', 'correctness_trials': '(5 / 5)', 'reference_timing_ms': 0.0541, 'speed_up': 0.273, 'custom_timing': 0.198}
2025-08-08 18:15:22,705 - openevolve.llm.ensemble - INFO - Sampled model: deepseek
2025-08-08 18:15:22,708 - openevolve.database - INFO - New MAP-Elites cell occupied: {'score': 9, 'complexity': 5}
2025-08-08 18:15:22,719 - openevolve.threaded_parallel - INFO - Iteration 7: Program 06b4b387-1564-4a59-a16c-e2e8fb0a0197 (parent: 3ba1f3f9-8a6b-4ce4-87ad-871a39e62fca) completed in 539.15s
2025-08-08 18:15:22,719 - openevolve.threaded_parallel - INFO - Metrics: compiled=1.0000, correctness=1.0000, stage=success, passed=0.0000, score=20.0000, speed_up=0.2730, runtime_ms=0.1980, meta={'hardware': 'NVIDIA L20Y', 'device': 'cuda:2', 'correctness_trials': '(5 / 5)', 'reference_timing_ms': 0.0541, 'speed_up': 0.273, 'custom_timing': 0.198}
2025-08-08 18:19:26,561 - openevolve.RemoteSpeedupEvaluator - INFO - [level1_86_conv_depthwise_separable_2D] triton key words check pass
2025-08-08 18:19:26,562 - openevolve.RemoteSpeedupEvaluator - INFO - [level1_86_conv_depthwise_separable_2D] verify_plus payload: reference_code(1905 chars) + custom_code(6609 chars)
2025-08-08 18:19:29,639 - openevolve.RemoteSpeedupEvaluator - INFO - [level1_86_conv_depthwise_separable_2D] verify_plus request success
2025-08-08 18:19:29,640 - openevolve.RemoteSpeedupEvaluator - INFO - [level1_86_conv_depthwise_separable_2D] verify_plus response: {"id":"level1_86_conv_depthwise_separable_2D","result":{"compiled":true,"correctness":false,"metadata":{"hardware":"NVIDIA L20Y","device":"cuda:1","runtime_error":"Traceback (most recent call last):\n  File \"/home/lijiaxing/.conda/envs/api/lib/python3.10/site-packages/triton/language/core.py\", line 42, in wrapper\n    return fn(*args, **kwargs)\n  File \"/home/lijiaxing/.conda/envs/api/lib/python3.10/site-packages/triton/language/core.py\", line 1654, in arange\n    return _semantic.arange(start, end)\n  File \"/home/lijiaxing/.conda/envs/api/lib/python3.10/site-packages/triton/language/semantic.py\", line 574, in arange\n    raise ValueError(\"arange's arguments must be of type tl.constexpr\")\nValueError: arange's arguments must be of type tl.constexpr\n\nThe above exception was the di
2025-08-08 18:19:29,640 - openevolve.RemoteSpeedupEvaluator - INFO - [level1_86_conv_depthwise_separable_2D] âœ˜ wrong_answer
2025-08-08 18:19:29,640 - openevolve.evaluator - INFO - Evaluated program ae92aa34-f7e7-48af-b02c-bc5118211a5a in 3.08s: compiled=1.0000, correctness=0.0000, score=10.0000, stage=wrong_answer, verify_payload={'id': 'level1_86_conv_depthwise_separable_2D', 'result': {'compiled': True, 'correctness': False, 'metadata': {'hardware': 'NVIDIA L20Y', 'device': 'cuda:1', 'runtime_error': 'Traceback (most recent call last):\n  File "/home/lijiaxing/.conda/envs/api/lib/python3.10/site-packages/triton/language/core.py", line 42, in wrapper\n    return fn(*args, **kwargs)\n  File "/home/lijiaxing/.conda/envs/api/lib/python3.10/site-packages/triton/language/core.py", line 1654, in arange\n    return _semantic.arange(start, end)\n  File "/home/lijiaxing/.conda/envs/api/lib/python3.10/site-packages/triton/language/semantic.py", line 574, in arange\n    raise ValueError("arange\'s arguments must be of type tl.constexpr")\nValueError: arange\'s arguments must be of type tl.constexpr\n\nThe above exception was the direct cause of the following exception:\n\nTraceback (most recent call last):\n  File "/cpfs01/shared/llm_kernel/hujiakai/KernelLLM/validation_api_server/helpers/evaluations.py", line 720, in run_and_check_correctness\n    output_new = model_new(*inputs)\n  File "/home/lijiaxing/.conda/envs/api/lib/python3.10/site-packages/torch/nn/modules/module.py", line 1773, in _wrapped_call_impl\n    return self._call_impl(*args, **kwargs)\n  File "/home/lijiaxing/.conda/envs/api/lib/python3.10/site-packages/torch/nn/modules/module.py", line 1784, in _call_impl\n    return forward_call(*args, **kwargs)\n  File "/tmp/tmpltltp1yi.py", line 137, in forward\n    pointwise_conv2d_kernel[grid_point](\n  File "/home/lijiaxing/.conda/envs/api/lib/python3.10/site-packages/triton/runtime/jit.py", line 390, in <lambda>\n    return lambda *args, **kwargs: self.run(grid=grid, warmup=False, *args, **kwargs)\n  File "/home/lijiaxing/.conda/envs/api/lib/python3.10/site-packages/triton/runtime/jit.py", line 594, in run\n    kernel = self.compile(src, target=target, options=options.__dict__)\n  File "/home/lijiaxing/.conda/envs/api/lib/python3.10/site-packages/triton/compiler/compiler.py", line 339, in compile\n    module = src.make_ir(options, codegen_fns, module_map, context)\n  File "/home/lijiaxing/.conda/envs/api/lib/python3.10/site-packages/triton/compiler/compiler.py", line 83, in make_ir\n    return ast_to_ttir(self.fn, self, context=context, options=options, codegen_fns=codegen_fns,\ntriton.compiler.errors.CompilationError: at 28:18:\n    h_idx = hw_idx // width\n    w_idx = hw_idx % width\n\n    base_x_offset = batch_idx * x_bs + h_idx * x_hs + w_idx * x_ws\n    base_w_offset = ch_out_idx * w_ocs\n\n    acc = 0.0\n    BLOCK_CHANNEL = 64  # Optimized channel block size\n    ch_in = 0\n    while ch_in < in_channels:\n        ch_remaining = in_channels - ch_in\n        ch_mask = tl.arange(0, BLOCK_CHANNEL) < ch_remaining\n                  ^\n\n\nThe above exception was the direct cause of the following exception:\n\nTraceback (most recent call last):\n  File "/home/lijiaxing/.conda/envs/api/lib/python3.10/site-packages/triton/language/core.py", line 42, in wrapper\n    return fn(*args, **kwargs)\n  File "/home/lijiaxing/.conda/envs/api/lib/python3.10/site-packages/triton/language/core.py", line 1654, in arange\n    return _semantic.arange(start, end)\n  File "/home/lijiaxing/.conda/envs/api/lib/python3.10/site-packages/triton/language/semantic.py", line 574, in arange\n    raise ValueError("arange\'s arguments must be of type tl.constexpr")\nValueError: arange\'s arguments must be of type tl.constexpr\n', 'runtime_error_name': 'triton.compiler.errors.CompilationError', 'reference_timing_ms': 0.0541, 'speed_up': -1.0, 'custom_timing': -1.0}, 'runtime': -1.0, 'runtime_stats': {}}}
2025-08-08 18:19:29,644 - openevolve.llm.ensemble - INFO - Sampled model: deepseek
2025-08-08 18:19:29,650 - openevolve.database - INFO - New MAP-Elites cell occupied: {'score': 9, 'complexity': 8}
2025-08-08 18:19:29,663 - openevolve.threaded_parallel - INFO - Iteration 6: Program ae92aa34-f7e7-48af-b02c-bc5118211a5a (parent: e70e5d29-ce8a-4e0c-9a7e-4aaf824f6b36) completed in 1050.03s
2025-08-08 18:19:29,663 - openevolve.threaded_parallel - INFO - Metrics: compiled=1.0000, correctness=0.0000, score=10.0000, stage=wrong_answer, verify_payload={'id': 'level1_86_conv_depthwise_separable_2D', 'result': {'compiled': True, 'correctness': False, 'metadata': {'hardware': 'NVIDIA L20Y', 'device': 'cuda:1', 'runtime_error': 'Traceback (most recent call last):\n  File "/home/lijiaxing/.conda/envs/api/lib/python3.10/site-packages/triton/language/core.py", line 42, in wrapper\n    return fn(*args, **kwargs)\n  File "/home/lijiaxing/.conda/envs/api/lib/python3.10/site-packages/triton/language/core.py", line 1654, in arange\n    return _semantic.arange(start, end)\n  File "/home/lijiaxing/.conda/envs/api/lib/python3.10/site-packages/triton/language/semantic.py", line 574, in arange\n    raise ValueError("arange\'s arguments must be of type tl.constexpr")\nValueError: arange\'s arguments must be of type tl.constexpr\n\nThe above exception was the direct cause of the following exception:\n\nTraceback (most recent call last):\n  File "/cpfs01/shared/llm_kernel/hujiakai/KernelLLM/validation_api_server/helpers/evaluations.py", line 720, in run_and_check_correctness\n    output_new = model_new(*inputs)\n  File "/home/lijiaxing/.conda/envs/api/lib/python3.10/site-packages/torch/nn/modules/module.py", line 1773, in _wrapped_call_impl\n    return self._call_impl(*args, **kwargs)\n  File "/home/lijiaxing/.conda/envs/api/lib/python3.10/site-packages/torch/nn/modules/module.py", line 1784, in _call_impl\n    return forward_call(*args, **kwargs)\n  File "/tmp/tmpltltp1yi.py", line 137, in forward\n    pointwise_conv2d_kernel[grid_point](\n  File "/home/lijiaxing/.conda/envs/api/lib/python3.10/site-packages/triton/runtime/jit.py", line 390, in <lambda>\n    return lambda *args, **kwargs: self.run(grid=grid, warmup=False, *args, **kwargs)\n  File "/home/lijiaxing/.conda/envs/api/lib/python3.10/site-packages/triton/runtime/jit.py", line 594, in run\n    kernel = self.compile(src, target=target, options=options.__dict__)\n  File "/home/lijiaxing/.conda/envs/api/lib/python3.10/site-packages/triton/compiler/compiler.py", line 339, in compile\n    module = src.make_ir(options, codegen_fns, module_map, context)\n  File "/home/lijiaxing/.conda/envs/api/lib/python3.10/site-packages/triton/compiler/compiler.py", line 83, in make_ir\n    return ast_to_ttir(self.fn, self, context=context, options=options, codegen_fns=codegen_fns,\ntriton.compiler.errors.CompilationError: at 28:18:\n    h_idx = hw_idx // width\n    w_idx = hw_idx % width\n\n    base_x_offset = batch_idx * x_bs + h_idx * x_hs + w_idx * x_ws\n    base_w_offset = ch_out_idx * w_ocs\n\n    acc = 0.0\n    BLOCK_CHANNEL = 64  # Optimized channel block size\n    ch_in = 0\n    while ch_in < in_channels:\n        ch_remaining = in_channels - ch_in\n        ch_mask = tl.arange(0, BLOCK_CHANNEL) < ch_remaining\n                  ^\n\n\nThe above exception was the direct cause of the following exception:\n\nTraceback (most recent call last):\n  File "/home/lijiaxing/.conda/envs/api/lib/python3.10/site-packages/triton/language/core.py", line 42, in wrapper\n    return fn(*args, **kwargs)\n  File "/home/lijiaxing/.conda/envs/api/lib/python3.10/site-packages/triton/language/core.py", line 1654, in arange\n    return _semantic.arange(start, end)\n  File "/home/lijiaxing/.conda/envs/api/lib/python3.10/site-packages/triton/language/semantic.py", line 574, in arange\n    raise ValueError("arange\'s arguments must be of type tl.constexpr")\nValueError: arange\'s arguments must be of type tl.constexpr\n', 'runtime_error_name': 'triton.compiler.errors.CompilationError', 'reference_timing_ms': 0.0541, 'speed_up': -1.0, 'custom_timing': -1.0}, 'runtime': -1.0, 'runtime_stats': {}}}
2025-08-08 18:19:29,663 - openevolve.threaded_parallel - INFO - Checkpoint interval reached at iteration 6
2025-08-08 18:19:29,664 - openevolve.database - INFO - Island Status:
2025-08-08 18:19:29,664 - openevolve.database - INFO -  * Island 0: 4 programs, best=10.0000, avg=5.2500, diversity=1182.03, gen=3 (best: 9293d8c4-bc0e-4df5-8a15-e5646c48edb8)
2025-08-08 18:19:29,664 - openevolve.database - INFO -    Island 1: 3 programs, best=20.0000, avg=16.6667, diversity=565.33, gen=3 (best: e70e5d29-ce8a-4e0c-9a7e-4aaf824f6b36)
2025-08-08 18:19:29,664 - openevolve.database - INFO -    Island 2: 2 programs, best=10.0000, avg=10.0000, diversity=916.30, gen=2 (best: 12740d63-6cc0-4d96-ad76-2fd7e9510ac3)
2025-08-08 18:19:29,772 - openevolve.database - INFO - Saved database with 9 programs to openevolve_output/level1_86_conv_depthwise_separable_2D/checkpoints/checkpoint_6
2025-08-08 18:19:29,788 - openevolve.controller - INFO - Saved best program at checkpoint 6 with metrics: compiled=1.0000, correctness=1.0000, stage=success, passed=0.0000, score=20.0000, speed_up=0.0010, runtime_ms=54.1000, meta={'hardware': 'NVIDIA L20Y', 'device': 'cuda:5', 'correctness_trials': '(5 / 5)', 'reference_timing_ms': 0.0541, 'speed_up': 0.001, 'custom_timing': 54.1}
2025-08-08 18:19:29,788 - openevolve.controller - INFO - Saved checkpoint at iteration 6 to openevolve_output/level1_86_conv_depthwise_separable_2D/checkpoints/checkpoint_6
2025-08-08 18:22:11,173 - openevolve.RemoteSpeedupEvaluator - INFO - [level1_86_conv_depthwise_separable_2D] triton key words check pass
2025-08-08 18:22:11,174 - openevolve.RemoteSpeedupEvaluator - INFO - [level1_86_conv_depthwise_separable_2D] verify_plus payload: reference_code(1905 chars) + custom_code(5330 chars)
2025-08-08 18:22:14,489 - openevolve.RemoteSpeedupEvaluator - INFO - [level1_86_conv_depthwise_separable_2D] verify_plus request success
2025-08-08 18:22:14,489 - openevolve.RemoteSpeedupEvaluator - INFO - [level1_86_conv_depthwise_separable_2D] verify_plus response: {"id":"level1_86_conv_depthwise_separable_2D","result":{"compiled":true,"correctness":false,"metadata":{"hardware":"NVIDIA L20Y","device":"cuda:2","runtime_error":"Traceback (most recent call last):\n  File \"/cpfs01/shared/llm_kernel/hujiakai/KernelLLM/validation_api_server/helpers/evaluations.py\", line 720, in run_and_check_correctness\n    output_new = model_new(*inputs)\n  File \"/home/lijiaxing/.conda/envs/api/lib/python3.10/site-packages/torch/nn/modules/module.py\", line 1773, in _wrapped_call_impl\n    return self._call_impl(*args, **kwargs)\n  File \"/home/lijiaxing/.conda/envs/api/lib/python3.10/site-packages/torch/nn/modules/module.py\", line 1784, in _call_impl\n    return forward_call(*args, **kwargs)\n  File \"/tmp/tmpqtdsy126.py\", line 97, in forward\n    self._depthwise_c
2025-08-08 18:22:14,490 - openevolve.RemoteSpeedupEvaluator - INFO - [level1_86_conv_depthwise_separable_2D] âœ˜ wrong_answer
2025-08-08 18:22:14,490 - openevolve.evaluator - INFO - Evaluated program 6e629a14-4b31-4267-baee-50ee9fe80317 in 3.32s: compiled=1.0000, correctness=0.0000, score=10.0000, stage=wrong_answer, verify_payload={'id': 'level1_86_conv_depthwise_separable_2D', 'result': {'compiled': True, 'correctness': False, 'metadata': {'hardware': 'NVIDIA L20Y', 'device': 'cuda:2', 'runtime_error': 'Traceback (most recent call last):\n  File "/cpfs01/shared/llm_kernel/hujiakai/KernelLLM/validation_api_server/helpers/evaluations.py", line 720, in run_and_check_correctness\n    output_new = model_new(*inputs)\n  File "/home/lijiaxing/.conda/envs/api/lib/python3.10/site-packages/torch/nn/modules/module.py", line 1773, in _wrapped_call_impl\n    return self._call_impl(*args, **kwargs)\n  File "/home/lijiaxing/.conda/envs/api/lib/python3.10/site-packages/torch/nn/modules/module.py", line 1784, in _call_impl\n    return forward_call(*args, **kwargs)\n  File "/tmp/tmpqtdsy126.py", line 97, in forward\n    self._depthwise_conv_kernel[grid](\n  File "/home/lijiaxing/.conda/envs/api/lib/python3.10/site-packages/triton/runtime/jit.py", line 390, in <lambda>\n    return lambda *args, **kwargs: self.run(grid=grid, warmup=False, *args, **kwargs)\n  File "/home/lijiaxing/.conda/envs/api/lib/python3.10/site-packages/triton/runtime/jit.py", line 594, in run\n    kernel = self.compile(src, target=target, options=options.__dict__)\n  File "/home/lijiaxing/.conda/envs/api/lib/python3.10/site-packages/triton/compiler/compiler.py", line 339, in compile\n    module = src.make_ir(options, codegen_fns, module_map, context)\n  File "/home/lijiaxing/.conda/envs/api/lib/python3.10/site-packages/triton/compiler/compiler.py", line 83, in make_ir\n    return ast_to_ttir(self.fn, self, context=context, options=options, codegen_fns=codegen_fns,\ntriton.compiler.errors.CompilationError: at 36:4:\n    w_start = pid_w * BLOCK_W\n\n    h_offsets = h_start + tl.arange(0, BLOCK_H)\n    w_offsets = w_start + tl.arange(0, BLOCK_W)\n\n    h_mask = (h_offsets < output_height)\n    w_mask = (w_offsets < output_width)\n    block_mask = h_mask[:, None] & w_mask[None, :]\n\n    output_block = tl.zeros((BLOCK_H, BLOCK_W), dtype=tl.float32)\n\n    for ki in tl.static_range(kernel_size):\n    ^\nAssertionError(\'int32[] used as tl.static_range start value is not a constexpr\')\n\n\nThe above exception was the direct cause of the following exception:\n\nTraceback (most recent call last):\n  File "/home/lijiaxing/.conda/envs/api/lib/python3.10/site-packages/triton/language/core.py", line 3120, in __init__\n    assert isinstance(arg1, constexpr), f"{arg1} used as tl.static_range start value is not a constexpr"\nAssertionError: int32[] used as tl.static_range start value is not a constexpr\n', 'runtime_error_name': 'triton.compiler.errors.CompilationError', 'reference_timing_ms': 0.0541, 'speed_up': -1.0, 'custom_timing': -1.0}, 'runtime': -1.0, 'runtime_stats': {}}}
2025-08-08 18:22:14,494 - openevolve.llm.ensemble - INFO - Sampled model: deepseek
2025-08-08 18:22:14,505 - openevolve.threaded_parallel - INFO - Iteration 8: Program 6e629a14-4b31-4267-baee-50ee9fe80317 (parent: 3ba1f3f9-8a6b-4ce4-87ad-871a39e62fca) completed in 620.67s
2025-08-08 18:22:14,505 - openevolve.threaded_parallel - INFO - Metrics: compiled=1.0000, correctness=0.0000, score=10.0000, stage=wrong_answer, verify_payload={'id': 'level1_86_conv_depthwise_separable_2D', 'result': {'compiled': True, 'correctness': False, 'metadata': {'hardware': 'NVIDIA L20Y', 'device': 'cuda:2', 'runtime_error': 'Traceback (most recent call last):\n  File "/cpfs01/shared/llm_kernel/hujiakai/KernelLLM/validation_api_server/helpers/evaluations.py", line 720, in run_and_check_correctness\n    output_new = model_new(*inputs)\n  File "/home/lijiaxing/.conda/envs/api/lib/python3.10/site-packages/torch/nn/modules/module.py", line 1773, in _wrapped_call_impl\n    return self._call_impl(*args, **kwargs)\n  File "/home/lijiaxing/.conda/envs/api/lib/python3.10/site-packages/torch/nn/modules/module.py", line 1784, in _call_impl\n    return forward_call(*args, **kwargs)\n  File "/tmp/tmpqtdsy126.py", line 97, in forward\n    self._depthwise_conv_kernel[grid](\n  File "/home/lijiaxing/.conda/envs/api/lib/python3.10/site-packages/triton/runtime/jit.py", line 390, in <lambda>\n    return lambda *args, **kwargs: self.run(grid=grid, warmup=False, *args, **kwargs)\n  File "/home/lijiaxing/.conda/envs/api/lib/python3.10/site-packages/triton/runtime/jit.py", line 594, in run\n    kernel = self.compile(src, target=target, options=options.__dict__)\n  File "/home/lijiaxing/.conda/envs/api/lib/python3.10/site-packages/triton/compiler/compiler.py", line 339, in compile\n    module = src.make_ir(options, codegen_fns, module_map, context)\n  File "/home/lijiaxing/.conda/envs/api/lib/python3.10/site-packages/triton/compiler/compiler.py", line 83, in make_ir\n    return ast_to_ttir(self.fn, self, context=context, options=options, codegen_fns=codegen_fns,\ntriton.compiler.errors.CompilationError: at 36:4:\n    w_start = pid_w * BLOCK_W\n\n    h_offsets = h_start + tl.arange(0, BLOCK_H)\n    w_offsets = w_start + tl.arange(0, BLOCK_W)\n\n    h_mask = (h_offsets < output_height)\n    w_mask = (w_offsets < output_width)\n    block_mask = h_mask[:, None] & w_mask[None, :]\n\n    output_block = tl.zeros((BLOCK_H, BLOCK_W), dtype=tl.float32)\n\n    for ki in tl.static_range(kernel_size):\n    ^\nAssertionError(\'int32[] used as tl.static_range start value is not a constexpr\')\n\n\nThe above exception was the direct cause of the following exception:\n\nTraceback (most recent call last):\n  File "/home/lijiaxing/.conda/envs/api/lib/python3.10/site-packages/triton/language/core.py", line 3120, in __init__\n    assert isinstance(arg1, constexpr), f"{arg1} used as tl.static_range start value is not a constexpr"\nAssertionError: int32[] used as tl.static_range start value is not a constexpr\n', 'runtime_error_name': 'triton.compiler.errors.CompilationError', 'reference_timing_ms': 0.0541, 'speed_up': -1.0, 'custom_timing': -1.0}, 'runtime': -1.0, 'runtime_stats': {}}}
2025-08-08 18:28:15,360 - openevolve.RemoteSpeedupEvaluator - INFO - [level1_86_conv_depthwise_separable_2D] triton key words check pass
2025-08-08 18:28:15,362 - openevolve.RemoteSpeedupEvaluator - INFO - [level1_86_conv_depthwise_separable_2D] verify_plus payload: reference_code(1905 chars) + custom_code(4095 chars)
2025-08-08 18:28:18,321 - openevolve.RemoteSpeedupEvaluator - INFO - [level1_86_conv_depthwise_separable_2D] verify_plus request success
2025-08-08 18:28:18,321 - openevolve.RemoteSpeedupEvaluator - INFO - [level1_86_conv_depthwise_separable_2D] verify_plus response: {"id":"level1_86_conv_depthwise_separable_2D","result":{"compiled":true,"correctness":false,"metadata":{"hardware":"NVIDIA L20Y","device":"cuda:5","runtime_error":"Traceback (most recent call last):\n  File \"/home/lijiaxing/.conda/envs/api/lib/python3.10/site-packages/triton/language/core.py\", line 42, in wrapper\n    return fn(*args, **kwargs)\n  File \"/home/lijiaxing/.conda/envs/api/lib/python3.10/site-packages/triton/language/core.py\", line 2150, in load\n    return _semantic.load(pointer, mask, other, boundary_check, padding_option, cache_modifier, eviction_policy,\n  File \"/home/lijiaxing/.conda/envs/api/lib/python3.10/site-packages/triton/language/semantic.py\", line 1086, in load\n    return self._load_legacy(ptr, mask, other, boundary_check, padding, cache, eviction, is_volati
2025-08-08 18:28:18,322 - openevolve.RemoteSpeedupEvaluator - INFO - [level1_86_conv_depthwise_separable_2D] âœ˜ wrong_answer
2025-08-08 18:28:18,322 - openevolve.evaluator - INFO - Evaluated program b894e8d5-7fad-45df-90a1-9dbcfd38671d in 2.96s: compiled=1.0000, correctness=0.0000, score=10.0000, stage=wrong_answer, verify_payload={'id': 'level1_86_conv_depthwise_separable_2D', 'result': {'compiled': True, 'correctness': False, 'metadata': {'hardware': 'NVIDIA L20Y', 'device': 'cuda:5', 'runtime_error': 'Traceback (most recent call last):\n  File "/home/lijiaxing/.conda/envs/api/lib/python3.10/site-packages/triton/language/core.py", line 42, in wrapper\n    return fn(*args, **kwargs)\n  File "/home/lijiaxing/.conda/envs/api/lib/python3.10/site-packages/triton/language/core.py", line 2150, in load\n    return _semantic.load(pointer, mask, other, boundary_check, padding_option, cache_modifier, eviction_policy,\n  File "/home/lijiaxing/.conda/envs/api/lib/python3.10/site-packages/triton/language/semantic.py", line 1086, in load\n    return self._load_legacy(ptr, mask, other, boundary_check, padding, cache, eviction, is_volatile)\n  File "/home/lijiaxing/.conda/envs/api/lib/python3.10/site-packages/triton/language/semantic.py", line 1017, in _load_legacy\n    raise ValueError(f"Unsupported ptr type {ptr.type.__repr__()} in `tl.load`")\nValueError: Unsupported ptr type <[\'64\'], int64> in `tl.load`\n\nThe above exception was the direct cause of the following exception:\n\nTraceback (most recent call last):\n  File "/cpfs01/shared/llm_kernel/hujiakai/KernelLLM/validation_api_server/helpers/evaluations.py", line 720, in run_and_check_correctness\n    output_new = model_new(*inputs)\n  File "/home/lijiaxing/.conda/envs/api/lib/python3.10/site-packages/torch/nn/modules/module.py", line 1773, in _wrapped_call_impl\n    return self._call_impl(*args, **kwargs)\n  File "/home/lijiaxing/.conda/envs/api/lib/python3.10/site-packages/torch/nn/modules/module.py", line 1784, in _call_impl\n    return forward_call(*args, **kwargs)\n  File "/tmp/tmp66h2wztc.py", line 80, in forward\n    pointwise_conv_kernel[grid](\n  File "/home/lijiaxing/.conda/envs/api/lib/python3.10/site-packages/triton/runtime/jit.py", line 390, in <lambda>\n    return lambda *args, **kwargs: self.run(grid=grid, warmup=False, *args, **kwargs)\n  File "/home/lijiaxing/.conda/envs/api/lib/python3.10/site-packages/triton/runtime/jit.py", line 594, in run\n    kernel = self.compile(src, target=target, options=options.__dict__)\n  File "/home/lijiaxing/.conda/envs/api/lib/python3.10/site-packages/triton/compiler/compiler.py", line 339, in compile\n    module = src.make_ir(options, codegen_fns, module_map, context)\n  File "/home/lijiaxing/.conda/envs/api/lib/python3.10/site-packages/triton/compiler/compiler.py", line 83, in make_ir\n    return ast_to_ttir(self.fn, self, context=context, options=options, codegen_fns=codegen_fns,\ntriton.compiler.errors.CompilationError: at 41:15:\n        b = tl.load(weight_ptrs, \n                   mask=mask_k[:, None] & (offs_n[None, :] < out_channels), \n                   other=0.0)\n\n        accumulator += tl.dot(a, b, allow_tf32=True)\n        input_ptrs += BLOCK_SIZE_K * stride_ic\n        weight_ptrs += BLOCK_SIZE_K * stride_wk\n\n    if bias_ptr != 0:\n        offs_n_int64 = offs_n.to(tl.int64)  # Cast to int64 for pointer arithmetic\n        bias_ptrs = bias_ptr + offs_n_int64\n        bias = tl.load(bias_ptrs, mask=offs_n < out_channels, other=0.0)\n               ^\n\n\nThe above exception was the direct cause of the following exception:\n\nTraceback (most recent call last):\n  File "/home/lijiaxing/.conda/envs/api/lib/python3.10/site-packages/triton/language/core.py", line 42, in wrapper\n    return fn(*args, **kwargs)\n  File "/home/lijiaxing/.conda/envs/api/lib/python3.10/site-packages/triton/language/core.py", line 2150, in load\n    return _semantic.load(pointer, mask, other, boundary_check, padding_option, cache_modifier, eviction_policy,\n  File "/home/lijiaxing/.conda/envs/api/lib/python3.10/site-packages/triton/language/semantic.py", line 1086, in load\n    return self._load_legacy(ptr, mask, other, boundary_check, padding, cache, eviction, is_volatile)\n  File "/home/lijiaxing/.conda/envs/api/lib/python3.10/site-packages/triton/language/semantic.py", line 1017, in _load_legacy\n    raise ValueError(f"Unsupported ptr type {ptr.type.__repr__()} in `tl.load`")\nValueError: Unsupported ptr type <[\'64\'], int64> in `tl.load`\n', 'runtime_error_name': 'triton.compiler.errors.CompilationError', 'reference_timing_ms': 0.0541, 'speed_up': -1.0, 'custom_timing': -1.0}, 'runtime': -1.0, 'runtime_stats': {}}}
2025-08-08 18:28:18,324 - openevolve.database - INFO - New MAP-Elites cell occupied: {'score': 9, 'complexity': 3}
2025-08-08 18:28:18,325 - openevolve.llm.ensemble - INFO - Sampled model: deepseek
2025-08-08 18:28:18,338 - openevolve.threaded_parallel - INFO - Iteration 10: Program b894e8d5-7fad-45df-90a1-9dbcfd38671d (parent: 12740d63-6cc0-4d96-ad76-2fd7e9510ac3) completed in 528.68s
2025-08-08 18:28:18,338 - openevolve.threaded_parallel - INFO - Metrics: compiled=1.0000, correctness=0.0000, score=10.0000, stage=wrong_answer, verify_payload={'id': 'level1_86_conv_depthwise_separable_2D', 'result': {'compiled': True, 'correctness': False, 'metadata': {'hardware': 'NVIDIA L20Y', 'device': 'cuda:5', 'runtime_error': 'Traceback (most recent call last):\n  File "/home/lijiaxing/.conda/envs/api/lib/python3.10/site-packages/triton/language/core.py", line 42, in wrapper\n    return fn(*args, **kwargs)\n  File "/home/lijiaxing/.conda/envs/api/lib/python3.10/site-packages/triton/language/core.py", line 2150, in load\n    return _semantic.load(pointer, mask, other, boundary_check, padding_option, cache_modifier, eviction_policy,\n  File "/home/lijiaxing/.conda/envs/api/lib/python3.10/site-packages/triton/language/semantic.py", line 1086, in load\n    return self._load_legacy(ptr, mask, other, boundary_check, padding, cache, eviction, is_volatile)\n  File "/home/lijiaxing/.conda/envs/api/lib/python3.10/site-packages/triton/language/semantic.py", line 1017, in _load_legacy\n    raise ValueError(f"Unsupported ptr type {ptr.type.__repr__()} in `tl.load`")\nValueError: Unsupported ptr type <[\'64\'], int64> in `tl.load`\n\nThe above exception was the direct cause of the following exception:\n\nTraceback (most recent call last):\n  File "/cpfs01/shared/llm_kernel/hujiakai/KernelLLM/validation_api_server/helpers/evaluations.py", line 720, in run_and_check_correctness\n    output_new = model_new(*inputs)\n  File "/home/lijiaxing/.conda/envs/api/lib/python3.10/site-packages/torch/nn/modules/module.py", line 1773, in _wrapped_call_impl\n    return self._call_impl(*args, **kwargs)\n  File "/home/lijiaxing/.conda/envs/api/lib/python3.10/site-packages/torch/nn/modules/module.py", line 1784, in _call_impl\n    return forward_call(*args, **kwargs)\n  File "/tmp/tmp66h2wztc.py", line 80, in forward\n    pointwise_conv_kernel[grid](\n  File "/home/lijiaxing/.conda/envs/api/lib/python3.10/site-packages/triton/runtime/jit.py", line 390, in <lambda>\n    return lambda *args, **kwargs: self.run(grid=grid, warmup=False, *args, **kwargs)\n  File "/home/lijiaxing/.conda/envs/api/lib/python3.10/site-packages/triton/runtime/jit.py", line 594, in run\n    kernel = self.compile(src, target=target, options=options.__dict__)\n  File "/home/lijiaxing/.conda/envs/api/lib/python3.10/site-packages/triton/compiler/compiler.py", line 339, in compile\n    module = src.make_ir(options, codegen_fns, module_map, context)\n  File "/home/lijiaxing/.conda/envs/api/lib/python3.10/site-packages/triton/compiler/compiler.py", line 83, in make_ir\n    return ast_to_ttir(self.fn, self, context=context, options=options, codegen_fns=codegen_fns,\ntriton.compiler.errors.CompilationError: at 41:15:\n        b = tl.load(weight_ptrs, \n                   mask=mask_k[:, None] & (offs_n[None, :] < out_channels), \n                   other=0.0)\n\n        accumulator += tl.dot(a, b, allow_tf32=True)\n        input_ptrs += BLOCK_SIZE_K * stride_ic\n        weight_ptrs += BLOCK_SIZE_K * stride_wk\n\n    if bias_ptr != 0:\n        offs_n_int64 = offs_n.to(tl.int64)  # Cast to int64 for pointer arithmetic\n        bias_ptrs = bias_ptr + offs_n_int64\n        bias = tl.load(bias_ptrs, mask=offs_n < out_channels, other=0.0)\n               ^\n\n\nThe above exception was the direct cause of the following exception:\n\nTraceback (most recent call last):\n  File "/home/lijiaxing/.conda/envs/api/lib/python3.10/site-packages/triton/language/core.py", line 42, in wrapper\n    return fn(*args, **kwargs)\n  File "/home/lijiaxing/.conda/envs/api/lib/python3.10/site-packages/triton/language/core.py", line 2150, in load\n    return _semantic.load(pointer, mask, other, boundary_check, padding_option, cache_modifier, eviction_policy,\n  File "/home/lijiaxing/.conda/envs/api/lib/python3.10/site-packages/triton/language/semantic.py", line 1086, in load\n    return self._load_legacy(ptr, mask, other, boundary_check, padding, cache, eviction, is_volatile)\n  File "/home/lijiaxing/.conda/envs/api/lib/python3.10/site-packages/triton/language/semantic.py", line 1017, in _load_legacy\n    raise ValueError(f"Unsupported ptr type {ptr.type.__repr__()} in `tl.load`")\nValueError: Unsupported ptr type <[\'64\'], int64> in `tl.load`\n', 'runtime_error_name': 'triton.compiler.errors.CompilationError', 'reference_timing_ms': 0.0541, 'speed_up': -1.0, 'custom_timing': -1.0}, 'runtime': -1.0, 'runtime_stats': {}}}
2025-08-08 18:30:55,646 - openevolve.RemoteSpeedupEvaluator - INFO - [level1_86_conv_depthwise_separable_2D] triton key words check pass
2025-08-08 18:30:55,647 - openevolve.RemoteSpeedupEvaluator - INFO - [level1_86_conv_depthwise_separable_2D] verify_plus payload: reference_code(1905 chars) + custom_code(4027 chars)
2025-08-08 18:30:58,740 - openevolve.RemoteSpeedupEvaluator - INFO - [level1_86_conv_depthwise_separable_2D] verify_plus request success
2025-08-08 18:30:58,740 - openevolve.RemoteSpeedupEvaluator - INFO - [level1_86_conv_depthwise_separable_2D] verify_plus response: {"id":"level1_86_conv_depthwise_separable_2D","result":{"compiled":true,"correctness":false,"metadata":{"hardware":"NVIDIA L20Y","device":"cuda:0","runtime_error":"Traceback (most recent call last):\n  File \"/home/lijiaxing/.conda/envs/api/lib/python3.10/site-packages/triton/language/core.py\", line 42, in wrapper\n    return fn(*args, **kwargs)\n  File \"/home/lijiaxing/.conda/envs/api/lib/python3.10/site-packages/triton/language/core.py\", line 2150, in load\n    return _semantic.load(pointer, mask, other, boundary_check, padding_option, cache_modifier, eviction_policy,\n  File \"/home/lijiaxing/.conda/envs/api/lib/python3.10/site-packages/triton/language/semantic.py\", line 1086, in load\n    return self._load_legacy(ptr, mask, other, boundary_check, padding, cache, eviction, is_volati
2025-08-08 18:30:58,740 - openevolve.RemoteSpeedupEvaluator - INFO - [level1_86_conv_depthwise_separable_2D] âœ˜ wrong_answer
2025-08-08 18:30:58,741 - openevolve.evaluator - INFO - Evaluated program f5e604a9-7201-4b0d-b4ef-05cb6e88e9aa in 3.10s: compiled=1.0000, correctness=0.0000, score=10.0000, stage=wrong_answer, verify_payload={'id': 'level1_86_conv_depthwise_separable_2D', 'result': {'compiled': True, 'correctness': False, 'metadata': {'hardware': 'NVIDIA L20Y', 'device': 'cuda:0', 'runtime_error': 'Traceback (most recent call last):\n  File "/home/lijiaxing/.conda/envs/api/lib/python3.10/site-packages/triton/language/core.py", line 42, in wrapper\n    return fn(*args, **kwargs)\n  File "/home/lijiaxing/.conda/envs/api/lib/python3.10/site-packages/triton/language/core.py", line 2150, in load\n    return _semantic.load(pointer, mask, other, boundary_check, padding_option, cache_modifier, eviction_policy,\n  File "/home/lijiaxing/.conda/envs/api/lib/python3.10/site-packages/triton/language/semantic.py", line 1086, in load\n    return self._load_legacy(ptr, mask, other, boundary_check, padding, cache, eviction, is_volatile)\n  File "/home/lijiaxing/.conda/envs/api/lib/python3.10/site-packages/triton/language/semantic.py", line 1017, in _load_legacy\n    raise ValueError(f"Unsupported ptr type {ptr.type.__repr__()} in `tl.load`")\nValueError: Unsupported ptr type <[\'64\'], int32> in `tl.load`\n\nThe above exception was the direct cause of the following exception:\n\nTraceback (most recent call last):\n  File "/cpfs01/shared/llm_kernel/hujiakai/KernelLLM/validation_api_server/helpers/evaluations.py", line 720, in run_and_check_correctness\n    output_new = model_new(*inputs)\n  File "/home/lijiaxing/.conda/envs/api/lib/python3.10/site-packages/torch/nn/modules/module.py", line 1773, in _wrapped_call_impl\n    return self._call_impl(*args, **kwargs)\n  File "/home/lijiaxing/.conda/envs/api/lib/python3.10/site-packages/torch/nn/modules/module.py", line 1784, in _call_impl\n    return forward_call(*args, **kwargs)\n  File "/tmp/tmpkejgrwxj.py", line 73, in forward\n    pointwise_conv_kernel[grid](\n  File "/home/lijiaxing/.conda/envs/api/lib/python3.10/site-packages/triton/runtime/jit.py", line 390, in <lambda>\n    return lambda *args, **kwargs: self.run(grid=grid, warmup=False, *args, **kwargs)\n  File "/home/lijiaxing/.conda/envs/api/lib/python3.10/site-packages/triton/runtime/jit.py", line 594, in run\n    kernel = self.compile(src, target=target, options=options.__dict__)\n  File "/home/lijiaxing/.conda/envs/api/lib/python3.10/site-packages/triton/compiler/compiler.py", line 339, in compile\n    module = src.make_ir(options, codegen_fns, module_map, context)\n  File "/home/lijiaxing/.conda/envs/api/lib/python3.10/site-packages/triton/compiler/compiler.py", line 83, in make_ir\n    return ast_to_ttir(self.fn, self, context=context, options=options, codegen_fns=codegen_fns,\ntriton.compiler.errors.CompilationError: at 35:15:\n        mask_k = offs_k < (in_channels - k * BLOCK_SIZE_K)\n        # Load input with proper masking\n        a = tl.load(input_ptrs, mask=mask_k[None, :] & (offs_m[:, None] < M), other=0.0)\n        # Load weight with corrected mask for transposed access\n        b = tl.load(weight_ptrs, mask=mask_k[:, None] & (offs_n[None, :] < out_channels), other=0.0)\n        # Matrix multiplication now has compatible shapes\n        accumulator += tl.dot(a, b, allow_tf32=False, out_dtype=tl.float32)\n        input_ptrs += BLOCK_SIZE_K * stride_ic\n        weight_ptrs += BLOCK_SIZE_K * stride_wc\n\n    if bias_ptr != 0:\n        bias = tl.load(bias_ptr + offs_n, mask=offs_n < out_channels, other=0.0)\n               ^\n\n\nThe above exception was the direct cause of the following exception:\n\nTraceback (most recent call last):\n  File "/home/lijiaxing/.conda/envs/api/lib/python3.10/site-packages/triton/language/core.py", line 42, in wrapper\n    return fn(*args, **kwargs)\n  File "/home/lijiaxing/.conda/envs/api/lib/python3.10/site-packages/triton/language/core.py", line 2150, in load\n    return _semantic.load(pointer, mask, other, boundary_check, padding_option, cache_modifier, eviction_policy,\n  File "/home/lijiaxing/.conda/envs/api/lib/python3.10/site-packages/triton/language/semantic.py", line 1086, in load\n    return self._load_legacy(ptr, mask, other, boundary_check, padding, cache, eviction, is_volatile)\n  File "/home/lijiaxing/.conda/envs/api/lib/python3.10/site-packages/triton/language/semantic.py", line 1017, in _load_legacy\n    raise ValueError(f"Unsupported ptr type {ptr.type.__repr__()} in `tl.load`")\nValueError: Unsupported ptr type <[\'64\'], int32> in `tl.load`\n', 'runtime_error_name': 'triton.compiler.errors.CompilationError', 'reference_timing_ms': 0.0541, 'speed_up': -1.0, 'custom_timing': -1.0}, 'runtime': -1.0, 'runtime_stats': {}}}
2025-08-08 18:30:58,745 - openevolve.llm.ensemble - INFO - Sampled model: deepseek
2025-08-08 18:30:58,759 - openevolve.threaded_parallel - INFO - Iteration 11: Program f5e604a9-7201-4b0d-b4ef-05cb6e88e9aa (parent: 9293d8c4-bc0e-4df5-8a15-e5646c48edb8) completed in 524.25s
2025-08-08 18:30:58,759 - openevolve.threaded_parallel - INFO - Metrics: compiled=1.0000, correctness=0.0000, score=10.0000, stage=wrong_answer, verify_payload={'id': 'level1_86_conv_depthwise_separable_2D', 'result': {'compiled': True, 'correctness': False, 'metadata': {'hardware': 'NVIDIA L20Y', 'device': 'cuda:0', 'runtime_error': 'Traceback (most recent call last):\n  File "/home/lijiaxing/.conda/envs/api/lib/python3.10/site-packages/triton/language/core.py", line 42, in wrapper\n    return fn(*args, **kwargs)\n  File "/home/lijiaxing/.conda/envs/api/lib/python3.10/site-packages/triton/language/core.py", line 2150, in load\n    return _semantic.load(pointer, mask, other, boundary_check, padding_option, cache_modifier, eviction_policy,\n  File "/home/lijiaxing/.conda/envs/api/lib/python3.10/site-packages/triton/language/semantic.py", line 1086, in load\n    return self._load_legacy(ptr, mask, other, boundary_check, padding, cache, eviction, is_volatile)\n  File "/home/lijiaxing/.conda/envs/api/lib/python3.10/site-packages/triton/language/semantic.py", line 1017, in _load_legacy\n    raise ValueError(f"Unsupported ptr type {ptr.type.__repr__()} in `tl.load`")\nValueError: Unsupported ptr type <[\'64\'], int32> in `tl.load`\n\nThe above exception was the direct cause of the following exception:\n\nTraceback (most recent call last):\n  File "/cpfs01/shared/llm_kernel/hujiakai/KernelLLM/validation_api_server/helpers/evaluations.py", line 720, in run_and_check_correctness\n    output_new = model_new(*inputs)\n  File "/home/lijiaxing/.conda/envs/api/lib/python3.10/site-packages/torch/nn/modules/module.py", line 1773, in _wrapped_call_impl\n    return self._call_impl(*args, **kwargs)\n  File "/home/lijiaxing/.conda/envs/api/lib/python3.10/site-packages/torch/nn/modules/module.py", line 1784, in _call_impl\n    return forward_call(*args, **kwargs)\n  File "/tmp/tmpkejgrwxj.py", line 73, in forward\n    pointwise_conv_kernel[grid](\n  File "/home/lijiaxing/.conda/envs/api/lib/python3.10/site-packages/triton/runtime/jit.py", line 390, in <lambda>\n    return lambda *args, **kwargs: self.run(grid=grid, warmup=False, *args, **kwargs)\n  File "/home/lijiaxing/.conda/envs/api/lib/python3.10/site-packages/triton/runtime/jit.py", line 594, in run\n    kernel = self.compile(src, target=target, options=options.__dict__)\n  File "/home/lijiaxing/.conda/envs/api/lib/python3.10/site-packages/triton/compiler/compiler.py", line 339, in compile\n    module = src.make_ir(options, codegen_fns, module_map, context)\n  File "/home/lijiaxing/.conda/envs/api/lib/python3.10/site-packages/triton/compiler/compiler.py", line 83, in make_ir\n    return ast_to_ttir(self.fn, self, context=context, options=options, codegen_fns=codegen_fns,\ntriton.compiler.errors.CompilationError: at 35:15:\n        mask_k = offs_k < (in_channels - k * BLOCK_SIZE_K)\n        # Load input with proper masking\n        a = tl.load(input_ptrs, mask=mask_k[None, :] & (offs_m[:, None] < M), other=0.0)\n        # Load weight with corrected mask for transposed access\n        b = tl.load(weight_ptrs, mask=mask_k[:, None] & (offs_n[None, :] < out_channels), other=0.0)\n        # Matrix multiplication now has compatible shapes\n        accumulator += tl.dot(a, b, allow_tf32=False, out_dtype=tl.float32)\n        input_ptrs += BLOCK_SIZE_K * stride_ic\n        weight_ptrs += BLOCK_SIZE_K * stride_wc\n\n    if bias_ptr != 0:\n        bias = tl.load(bias_ptr + offs_n, mask=offs_n < out_channels, other=0.0)\n               ^\n\n\nThe above exception was the direct cause of the following exception:\n\nTraceback (most recent call last):\n  File "/home/lijiaxing/.conda/envs/api/lib/python3.10/site-packages/triton/language/core.py", line 42, in wrapper\n    return fn(*args, **kwargs)\n  File "/home/lijiaxing/.conda/envs/api/lib/python3.10/site-packages/triton/language/core.py", line 2150, in load\n    return _semantic.load(pointer, mask, other, boundary_check, padding_option, cache_modifier, eviction_policy,\n  File "/home/lijiaxing/.conda/envs/api/lib/python3.10/site-packages/triton/language/semantic.py", line 1086, in load\n    return self._load_legacy(ptr, mask, other, boundary_check, padding, cache, eviction, is_volatile)\n  File "/home/lijiaxing/.conda/envs/api/lib/python3.10/site-packages/triton/language/semantic.py", line 1017, in _load_legacy\n    raise ValueError(f"Unsupported ptr type {ptr.type.__repr__()} in `tl.load`")\nValueError: Unsupported ptr type <[\'64\'], int32> in `tl.load`\n', 'runtime_error_name': 'triton.compiler.errors.CompilationError', 'reference_timing_ms': 0.0541, 'speed_up': -1.0, 'custom_timing': -1.0}, 'runtime': -1.0, 'runtime_stats': {}}}
2025-08-08 18:32:16,589 - openevolve.RemoteSpeedupEvaluator - INFO - [level1_86_conv_depthwise_separable_2D] triton key words check pass
2025-08-08 18:32:16,591 - openevolve.RemoteSpeedupEvaluator - INFO - [level1_86_conv_depthwise_separable_2D] verify_plus payload: reference_code(1905 chars) + custom_code(7672 chars)
2025-08-08 18:32:19,640 - openevolve.RemoteSpeedupEvaluator - INFO - [level1_86_conv_depthwise_separable_2D] verify_plus request success
2025-08-08 18:32:19,640 - openevolve.RemoteSpeedupEvaluator - INFO - [level1_86_conv_depthwise_separable_2D] verify_plus response: {"id":"level1_86_conv_depthwise_separable_2D","result":{"compiled":true,"correctness":false,"metadata":{"hardware":"NVIDIA L20Y","device":"cuda:0","runtime_error":"Traceback (most recent call last):\n  File \"/cpfs01/shared/llm_kernel/hujiakai/KernelLLM/validation_api_server/helpers/evaluations.py\", line 720, in run_and_check_correctness\n    output_new = model_new(*inputs)\n  File \"/home/lijiaxing/.conda/envs/api/lib/python3.10/site-packages/torch/nn/modules/module.py\", line 1773, in _wrapped_call_impl\n    return self._call_impl(*args, **kwargs)\n  File \"/home/lijiaxing/.conda/envs/api/lib/python3.10/site-packages/torch/nn/modules/module.py\", line 1784, in _call_impl\n    return forward_call(*args, **kwargs)\n  File \"/tmp/tmpinimo793.py\", line 150, in forward\n    matmul_kernel[gr
2025-08-08 18:32:19,640 - openevolve.RemoteSpeedupEvaluator - INFO - [level1_86_conv_depthwise_separable_2D] âœ˜ wrong_answer
2025-08-08 18:32:19,641 - openevolve.evaluator - INFO - Evaluated program 6893f685-c57d-4475-80a6-72bfc0272b2b in 3.05s: compiled=1.0000, correctness=0.0000, score=10.0000, stage=wrong_answer, verify_payload={'id': 'level1_86_conv_depthwise_separable_2D', 'result': {'compiled': True, 'correctness': False, 'metadata': {'hardware': 'NVIDIA L20Y', 'device': 'cuda:0', 'runtime_error': 'Traceback (most recent call last):\n  File "/cpfs01/shared/llm_kernel/hujiakai/KernelLLM/validation_api_server/helpers/evaluations.py", line 720, in run_and_check_correctness\n    output_new = model_new(*inputs)\n  File "/home/lijiaxing/.conda/envs/api/lib/python3.10/site-packages/torch/nn/modules/module.py", line 1773, in _wrapped_call_impl\n    return self._call_impl(*args, **kwargs)\n  File "/home/lijiaxing/.conda/envs/api/lib/python3.10/site-packages/torch/nn/modules/module.py", line 1784, in _call_impl\n    return forward_call(*args, **kwargs)\n  File "/tmp/tmpinimo793.py", line 150, in forward\n    matmul_kernel[grid](\n  File "/home/lijiaxing/.conda/envs/api/lib/python3.10/site-packages/triton/runtime/jit.py", line 390, in <lambda>\n    return lambda *args, **kwargs: self.run(grid=grid, warmup=False, *args, **kwargs)\n  File "/home/lijiaxing/.conda/envs/api/lib/python3.10/site-packages/triton/runtime/autotuner.py", line 239, in run\n    benchmark()\n  File "/home/lijiaxing/.conda/envs/api/lib/python3.10/site-packages/triton/runtime/autotuner.py", line 228, in benchmark\n    timings = {config: self._bench(*args, config=config, **kwargs) for config in pruned_configs}\n  File "/home/lijiaxing/.conda/envs/api/lib/python3.10/site-packages/triton/runtime/autotuner.py", line 228, in <dictcomp>\n    timings = {config: self._bench(*args, config=config, **kwargs) for config in pruned_configs}\n  File "/home/lijiaxing/.conda/envs/api/lib/python3.10/site-packages/triton/runtime/autotuner.py", line 135, in _bench\n    raise ValueError(f"Conflicting meta-parameters: {\', \'.join(conflicts)}."\nValueError: Conflicting meta-parameters: BLOCK_SIZE_N, BLOCK_SIZE_M, BLOCK_SIZE_K. Make sure that you don\'t re-define auto-tuned symbols.\n', 'runtime_error_name': 'builtins.ValueError', 'reference_timing_ms': 0.0541, 'speed_up': -1.0, 'custom_timing': -1.0}, 'runtime': -1.0, 'runtime_stats': {}}}
2025-08-08 18:32:19,644 - openevolve.llm.ensemble - INFO - Sampled model: deepseek
2025-08-08 18:32:19,658 - openevolve.threaded_parallel - INFO - Iteration 9: Program 6893f685-c57d-4475-80a6-72bfc0272b2b (parent: e70e5d29-ce8a-4e0c-9a7e-4aaf824f6b36) completed in 1016.94s
2025-08-08 18:32:19,658 - openevolve.threaded_parallel - INFO - Metrics: compiled=1.0000, correctness=0.0000, score=10.0000, stage=wrong_answer, verify_payload={'id': 'level1_86_conv_depthwise_separable_2D', 'result': {'compiled': True, 'correctness': False, 'metadata': {'hardware': 'NVIDIA L20Y', 'device': 'cuda:0', 'runtime_error': 'Traceback (most recent call last):\n  File "/cpfs01/shared/llm_kernel/hujiakai/KernelLLM/validation_api_server/helpers/evaluations.py", line 720, in run_and_check_correctness\n    output_new = model_new(*inputs)\n  File "/home/lijiaxing/.conda/envs/api/lib/python3.10/site-packages/torch/nn/modules/module.py", line 1773, in _wrapped_call_impl\n    return self._call_impl(*args, **kwargs)\n  File "/home/lijiaxing/.conda/envs/api/lib/python3.10/site-packages/torch/nn/modules/module.py", line 1784, in _call_impl\n    return forward_call(*args, **kwargs)\n  File "/tmp/tmpinimo793.py", line 150, in forward\n    matmul_kernel[grid](\n  File "/home/lijiaxing/.conda/envs/api/lib/python3.10/site-packages/triton/runtime/jit.py", line 390, in <lambda>\n    return lambda *args, **kwargs: self.run(grid=grid, warmup=False, *args, **kwargs)\n  File "/home/lijiaxing/.conda/envs/api/lib/python3.10/site-packages/triton/runtime/autotuner.py", line 239, in run\n    benchmark()\n  File "/home/lijiaxing/.conda/envs/api/lib/python3.10/site-packages/triton/runtime/autotuner.py", line 228, in benchmark\n    timings = {config: self._bench(*args, config=config, **kwargs) for config in pruned_configs}\n  File "/home/lijiaxing/.conda/envs/api/lib/python3.10/site-packages/triton/runtime/autotuner.py", line 228, in <dictcomp>\n    timings = {config: self._bench(*args, config=config, **kwargs) for config in pruned_configs}\n  File "/home/lijiaxing/.conda/envs/api/lib/python3.10/site-packages/triton/runtime/autotuner.py", line 135, in _bench\n    raise ValueError(f"Conflicting meta-parameters: {\', \'.join(conflicts)}."\nValueError: Conflicting meta-parameters: BLOCK_SIZE_N, BLOCK_SIZE_M, BLOCK_SIZE_K. Make sure that you don\'t re-define auto-tuned symbols.\n', 'runtime_error_name': 'builtins.ValueError', 'reference_timing_ms': 0.0541, 'speed_up': -1.0, 'custom_timing': -1.0}, 'runtime': -1.0, 'runtime_stats': {}}}
2025-08-08 18:32:19,658 - openevolve.threaded_parallel - INFO - Checkpoint interval reached at iteration 9
2025-08-08 18:32:19,660 - openevolve.database - INFO - Island Status:
2025-08-08 18:32:19,660 - openevolve.database - INFO -    Island 0: 6 programs, best=10.0000, avg=6.8333, diversity=906.45, gen=4 (best: 9293d8c4-bc0e-4df5-8a15-e5646c48edb8)
2025-08-08 18:32:19,660 - openevolve.database - INFO -  * Island 1: 4 programs, best=20.0000, avg=15.0000, diversity=482.18, gen=5 (best: e70e5d29-ce8a-4e0c-9a7e-4aaf824f6b36)
2025-08-08 18:32:19,660 - openevolve.database - INFO -    Island 2: 3 programs, best=10.0000, avg=10.0000, diversity=644.20, gen=3 (best: 12740d63-6cc0-4d96-ad76-2fd7e9510ac3)
2025-08-08 18:32:19,812 - openevolve.database - INFO - Saved database with 13 programs to openevolve_output/level1_86_conv_depthwise_separable_2D/checkpoints/checkpoint_9
2025-08-08 18:32:19,828 - openevolve.controller - INFO - Saved best program at checkpoint 9 with metrics: compiled=1.0000, correctness=1.0000, stage=success, passed=0.0000, score=20.0000, speed_up=0.0010, runtime_ms=54.1000, meta={'hardware': 'NVIDIA L20Y', 'device': 'cuda:5', 'correctness_trials': '(5 / 5)', 'reference_timing_ms': 0.0541, 'speed_up': 0.001, 'custom_timing': 54.1}
2025-08-08 18:32:19,828 - openevolve.controller - INFO - Saved checkpoint at iteration 9 to openevolve_output/level1_86_conv_depthwise_separable_2D/checkpoints/checkpoint_9
2025-08-08 18:40:53,010 - openevolve.RemoteSpeedupEvaluator - INFO - [level1_86_conv_depthwise_separable_2D] triton key words check pass
2025-08-08 18:40:53,012 - openevolve.RemoteSpeedupEvaluator - INFO - [level1_86_conv_depthwise_separable_2D] verify_plus payload: reference_code(1905 chars) + custom_code(4083 chars)
2025-08-08 18:40:56,085 - openevolve.RemoteSpeedupEvaluator - INFO - [level1_86_conv_depthwise_separable_2D] verify_plus request success
2025-08-08 18:40:56,085 - openevolve.RemoteSpeedupEvaluator - INFO - [level1_86_conv_depthwise_separable_2D] verify_plus response: {"id":"level1_86_conv_depthwise_separable_2D","result":{"compiled":true,"correctness":false,"metadata":{"hardware":"NVIDIA L20Y","device":"cuda:1","runtime_error":"Traceback (most recent call last):\n  File \"/home/lijiaxing/.conda/envs/api/lib/python3.10/site-packages/triton/language/core.py\", line 42, in wrapper\n    return fn(*args, **kwargs)\n  File \"/home/lijiaxing/.conda/envs/api/lib/python3.10/site-packages/triton/language/core.py\", line 2150, in load\n    return _semantic.load(pointer, mask, other, boundary_check, padding_option, cache_modifier, eviction_policy,\n  File \"/home/lijiaxing/.conda/envs/api/lib/python3.10/site-packages/triton/language/semantic.py\", line 1086, in load\n    return self._load_legacy(ptr, mask, other, boundary_check, padding, cache, eviction, is_volati
2025-08-08 18:40:56,085 - openevolve.RemoteSpeedupEvaluator - INFO - [level1_86_conv_depthwise_separable_2D] âœ˜ wrong_answer
2025-08-08 18:40:56,086 - openevolve.evaluator - INFO - Evaluated program db07515a-4788-4324-9c20-09b4033410aa in 3.08s: compiled=1.0000, correctness=0.0000, score=10.0000, stage=wrong_answer, verify_payload={'id': 'level1_86_conv_depthwise_separable_2D', 'result': {'compiled': True, 'correctness': False, 'metadata': {'hardware': 'NVIDIA L20Y', 'device': 'cuda:1', 'runtime_error': 'Traceback (most recent call last):\n  File "/home/lijiaxing/.conda/envs/api/lib/python3.10/site-packages/triton/language/core.py", line 42, in wrapper\n    return fn(*args, **kwargs)\n  File "/home/lijiaxing/.conda/envs/api/lib/python3.10/site-packages/triton/language/core.py", line 2150, in load\n    return _semantic.load(pointer, mask, other, boundary_check, padding_option, cache_modifier, eviction_policy,\n  File "/home/lijiaxing/.conda/envs/api/lib/python3.10/site-packages/triton/language/semantic.py", line 1086, in load\n    return self._load_legacy(ptr, mask, other, boundary_check, padding, cache, eviction, is_volatile)\n  File "/home/lijiaxing/.conda/envs/api/lib/python3.10/site-packages/triton/language/semantic.py", line 1017, in _load_legacy\n    raise ValueError(f"Unsupported ptr type {ptr.type.__repr__()} in `tl.load`")\nValueError: Unsupported ptr type <[\'64\'], int32> in `tl.load`\n\nThe above exception was the direct cause of the following exception:\n\nTraceback (most recent call last):\n  File "/cpfs01/shared/llm_kernel/hujiakai/KernelLLM/validation_api_server/helpers/evaluations.py", line 720, in run_and_check_correctness\n    output_new = model_new(*inputs)\n  File "/home/lijiaxing/.conda/envs/api/lib/python3.10/site-packages/torch/nn/modules/module.py", line 1773, in _wrapped_call_impl\n    return self._call_impl(*args, **kwargs)\n  File "/home/lijiaxing/.conda/envs/api/lib/python3.10/site-packages/torch/nn/modules/module.py", line 1784, in _call_impl\n    return forward_call(*args, **kwargs)\n  File "/tmp/tmpy476b78_.py", line 80, in forward\n    pointwise_conv_kernel[grid](\n  File "/home/lijiaxing/.conda/envs/api/lib/python3.10/site-packages/triton/runtime/jit.py", line 390, in <lambda>\n    return lambda *args, **kwargs: self.run(grid=grid, warmup=False, *args, **kwargs)\n  File "/home/lijiaxing/.conda/envs/api/lib/python3.10/site-packages/triton/runtime/jit.py", line 594, in run\n    kernel = self.compile(src, target=target, options=options.__dict__)\n  File "/home/lijiaxing/.conda/envs/api/lib/python3.10/site-packages/triton/compiler/compiler.py", line 339, in compile\n    module = src.make_ir(options, codegen_fns, module_map, context)\n  File "/home/lijiaxing/.conda/envs/api/lib/python3.10/site-packages/triton/compiler/compiler.py", line 83, in make_ir\n    return ast_to_ttir(self.fn, self, context=context, options=options, codegen_fns=codegen_fns,\ntriton.compiler.errors.CompilationError: at 41:15:\n        b = tl.load(weight_ptrs, \n                   mask=mask_k[:, None] & (offs_n[None, :] < out_channels), \n                   other=0.0)\n\n        accumulator += tl.dot(a, b, allow_tf32=True)\n        input_ptrs += BLOCK_SIZE_K * stride_ic\n        weight_ptrs += BLOCK_SIZE_K * stride_wk\n\n    # Fixed bias loading: use zeros when no bias exists\n    bias = tl.zeros((BLOCK_SIZE_N,), dtype=tl.float32)\n    if bias_ptr != 0:\n        bias = tl.load(bias_ptr + offs_n, mask=offs_n < out_channels, other=0.0)\n               ^\n\n\nThe above exception was the direct cause of the following exception:\n\nTraceback (most recent call last):\n  File "/home/lijiaxing/.conda/envs/api/lib/python3.10/site-packages/triton/language/core.py", line 42, in wrapper\n    return fn(*args, **kwargs)\n  File "/home/lijiaxing/.conda/envs/api/lib/python3.10/site-packages/triton/language/core.py", line 2150, in load\n    return _semantic.load(pointer, mask, other, boundary_check, padding_option, cache_modifier, eviction_policy,\n  File "/home/lijiaxing/.conda/envs/api/lib/python3.10/site-packages/triton/language/semantic.py", line 1086, in load\n    return self._load_legacy(ptr, mask, other, boundary_check, padding, cache, eviction, is_volatile)\n  File "/home/lijiaxing/.conda/envs/api/lib/python3.10/site-packages/triton/language/semantic.py", line 1017, in _load_legacy\n    raise ValueError(f"Unsupported ptr type {ptr.type.__repr__()} in `tl.load`")\nValueError: Unsupported ptr type <[\'64\'], int32> in `tl.load`\n', 'runtime_error_name': 'triton.compiler.errors.CompilationError', 'reference_timing_ms': 0.0541, 'speed_up': -1.0, 'custom_timing': -1.0}, 'runtime': -1.0, 'runtime_stats': {}}}
2025-08-08 18:40:56,090 - openevolve.llm.ensemble - INFO - Sampled model: deepseek
2025-08-08 18:40:56,110 - openevolve.threaded_parallel - INFO - Iteration 13: Program db07515a-4788-4324-9c20-09b4033410aa (parent: 12740d63-6cc0-4d96-ad76-2fd7e9510ac3) completed in 597.34s
2025-08-08 18:40:56,110 - openevolve.threaded_parallel - INFO - Metrics: compiled=1.0000, correctness=0.0000, score=10.0000, stage=wrong_answer, verify_payload={'id': 'level1_86_conv_depthwise_separable_2D', 'result': {'compiled': True, 'correctness': False, 'metadata': {'hardware': 'NVIDIA L20Y', 'device': 'cuda:1', 'runtime_error': 'Traceback (most recent call last):\n  File "/home/lijiaxing/.conda/envs/api/lib/python3.10/site-packages/triton/language/core.py", line 42, in wrapper\n    return fn(*args, **kwargs)\n  File "/home/lijiaxing/.conda/envs/api/lib/python3.10/site-packages/triton/language/core.py", line 2150, in load\n    return _semantic.load(pointer, mask, other, boundary_check, padding_option, cache_modifier, eviction_policy,\n  File "/home/lijiaxing/.conda/envs/api/lib/python3.10/site-packages/triton/language/semantic.py", line 1086, in load\n    return self._load_legacy(ptr, mask, other, boundary_check, padding, cache, eviction, is_volatile)\n  File "/home/lijiaxing/.conda/envs/api/lib/python3.10/site-packages/triton/language/semantic.py", line 1017, in _load_legacy\n    raise ValueError(f"Unsupported ptr type {ptr.type.__repr__()} in `tl.load`")\nValueError: Unsupported ptr type <[\'64\'], int32> in `tl.load`\n\nThe above exception was the direct cause of the following exception:\n\nTraceback (most recent call last):\n  File "/cpfs01/shared/llm_kernel/hujiakai/KernelLLM/validation_api_server/helpers/evaluations.py", line 720, in run_and_check_correctness\n    output_new = model_new(*inputs)\n  File "/home/lijiaxing/.conda/envs/api/lib/python3.10/site-packages/torch/nn/modules/module.py", line 1773, in _wrapped_call_impl\n    return self._call_impl(*args, **kwargs)\n  File "/home/lijiaxing/.conda/envs/api/lib/python3.10/site-packages/torch/nn/modules/module.py", line 1784, in _call_impl\n    return forward_call(*args, **kwargs)\n  File "/tmp/tmpy476b78_.py", line 80, in forward\n    pointwise_conv_kernel[grid](\n  File "/home/lijiaxing/.conda/envs/api/lib/python3.10/site-packages/triton/runtime/jit.py", line 390, in <lambda>\n    return lambda *args, **kwargs: self.run(grid=grid, warmup=False, *args, **kwargs)\n  File "/home/lijiaxing/.conda/envs/api/lib/python3.10/site-packages/triton/runtime/jit.py", line 594, in run\n    kernel = self.compile(src, target=target, options=options.__dict__)\n  File "/home/lijiaxing/.conda/envs/api/lib/python3.10/site-packages/triton/compiler/compiler.py", line 339, in compile\n    module = src.make_ir(options, codegen_fns, module_map, context)\n  File "/home/lijiaxing/.conda/envs/api/lib/python3.10/site-packages/triton/compiler/compiler.py", line 83, in make_ir\n    return ast_to_ttir(self.fn, self, context=context, options=options, codegen_fns=codegen_fns,\ntriton.compiler.errors.CompilationError: at 41:15:\n        b = tl.load(weight_ptrs, \n                   mask=mask_k[:, None] & (offs_n[None, :] < out_channels), \n                   other=0.0)\n\n        accumulator += tl.dot(a, b, allow_tf32=True)\n        input_ptrs += BLOCK_SIZE_K * stride_ic\n        weight_ptrs += BLOCK_SIZE_K * stride_wk\n\n    # Fixed bias loading: use zeros when no bias exists\n    bias = tl.zeros((BLOCK_SIZE_N,), dtype=tl.float32)\n    if bias_ptr != 0:\n        bias = tl.load(bias_ptr + offs_n, mask=offs_n < out_channels, other=0.0)\n               ^\n\n\nThe above exception was the direct cause of the following exception:\n\nTraceback (most recent call last):\n  File "/home/lijiaxing/.conda/envs/api/lib/python3.10/site-packages/triton/language/core.py", line 42, in wrapper\n    return fn(*args, **kwargs)\n  File "/home/lijiaxing/.conda/envs/api/lib/python3.10/site-packages/triton/language/core.py", line 2150, in load\n    return _semantic.load(pointer, mask, other, boundary_check, padding_option, cache_modifier, eviction_policy,\n  File "/home/lijiaxing/.conda/envs/api/lib/python3.10/site-packages/triton/language/semantic.py", line 1086, in load\n    return self._load_legacy(ptr, mask, other, boundary_check, padding, cache, eviction, is_volatile)\n  File "/home/lijiaxing/.conda/envs/api/lib/python3.10/site-packages/triton/language/semantic.py", line 1017, in _load_legacy\n    raise ValueError(f"Unsupported ptr type {ptr.type.__repr__()} in `tl.load`")\nValueError: Unsupported ptr type <[\'64\'], int32> in `tl.load`\n', 'runtime_error_name': 'triton.compiler.errors.CompilationError', 'reference_timing_ms': 0.0541, 'speed_up': -1.0, 'custom_timing': -1.0}, 'runtime': -1.0, 'runtime_stats': {}}}
2025-08-08 18:42:47,793 - openevolve.RemoteSpeedupEvaluator - INFO - [level1_86_conv_depthwise_separable_2D] triton key words check pass
2025-08-08 18:42:47,795 - openevolve.RemoteSpeedupEvaluator - INFO - [level1_86_conv_depthwise_separable_2D] verify_plus payload: reference_code(1905 chars) + custom_code(5568 chars)
2025-08-08 18:42:51,216 - openevolve.RemoteSpeedupEvaluator - INFO - [level1_86_conv_depthwise_separable_2D] verify_plus request success
2025-08-08 18:42:51,216 - openevolve.RemoteSpeedupEvaluator - INFO - [level1_86_conv_depthwise_separable_2D] verify_plus response: {"id":"level1_86_conv_depthwise_separable_2D","result":{"compiled":true,"correctness":true,"metadata":{"hardware":"NVIDIA L20Y","device":"cuda:1","correctness_trials":"(5 / 5)","reference_timing_ms":0.0541,"speed_up":0.272,"custom_timing":0.199},"runtime":0.199,"runtime_stats":{"mean":0.199,"std":0.00216,"min":0.196,"max":0.211,"num_trials":100,"hardware":"NVIDIA L20Y","device":"cuda:1"}}}
2025-08-08 18:42:51,217 - openevolve.RemoteSpeedupEvaluator - INFO - [level1_86_conv_depthwise_separable_2D] âœ” success | speed_up=0.272  score=20.00
2025-08-08 18:42:51,217 - openevolve.evaluator - INFO - Evaluated program 5a3ba2f4-57e3-4a18-ac6f-b3c3b6c29ded in 3.42s: compiled=1.0000, correctness=1.0000, stage=success, passed=0.0000, score=20.0000, speed_up=0.2720, runtime_ms=0.1990, meta={'hardware': 'NVIDIA L20Y', 'device': 'cuda:1', 'correctness_trials': '(5 / 5)', 'reference_timing_ms': 0.0541, 'speed_up': 0.272, 'custom_timing': 0.199}
2025-08-08 18:42:51,221 - openevolve.llm.ensemble - INFO - Sampled model: deepseek
2025-08-08 18:42:51,224 - openevolve.database - INFO - New MAP-Elites cell occupied: {'score': 9, 'complexity': 6}
2025-08-08 18:42:51,237 - openevolve.threaded_parallel - INFO - Iteration 14: Program 5a3ba2f4-57e3-4a18-ac6f-b3c3b6c29ded (parent: 0ef4f10b-90ab-42e0-9068-926adab25f92) completed in 631.57s
2025-08-08 18:42:51,237 - openevolve.threaded_parallel - INFO - Metrics: compiled=1.0000, correctness=1.0000, stage=success, passed=0.0000, score=20.0000, speed_up=0.2720, runtime_ms=0.1990, meta={'hardware': 'NVIDIA L20Y', 'device': 'cuda:1', 'correctness_trials': '(5 / 5)', 'reference_timing_ms': 0.0541, 'speed_up': 0.272, 'custom_timing': 0.199}
2025-08-08 18:49:45,592 - openevolve.RemoteSpeedupEvaluator - INFO - [level1_86_conv_depthwise_separable_2D] triton key words check pass
2025-08-08 18:49:45,594 - openevolve.RemoteSpeedupEvaluator - INFO - [level1_86_conv_depthwise_separable_2D] verify_plus payload: reference_code(1905 chars) + custom_code(6244 chars)
2025-08-08 18:49:48,665 - openevolve.RemoteSpeedupEvaluator - INFO - [level1_86_conv_depthwise_separable_2D] verify_plus request success
2025-08-08 18:49:48,665 - openevolve.RemoteSpeedupEvaluator - INFO - [level1_86_conv_depthwise_separable_2D] verify_plus response: {"id":"level1_86_conv_depthwise_separable_2D","result":{"compiled":true,"correctness":false,"metadata":{"hardware":"NVIDIA L20Y","device":"cuda:1","runtime_error":"Traceback (most recent call last):\n  File \"/cpfs01/shared/llm_kernel/hujiakai/KernelLLM/validation_api_server/helpers/evaluations.py\", line 720, in run_and_check_correctness\n    output_new = model_new(*inputs)\n  File \"/home/lijiaxing/.conda/envs/api/lib/python3.10/site-packages/torch/nn/modules/module.py\", line 1773, in _wrapped_call_impl\n    return self._call_impl(*args, **kwargs)\n  File \"/home/lijiaxing/.conda/envs/api/lib/python3.10/site-packages/torch/nn/modules/module.py\", line 1784, in _call_impl\n    return forward_call(*args, **kwargs)\n  File \"/tmp/tmpr_fzmics.py\", line 112, in forward\n    self._depthwise_
2025-08-08 18:49:48,665 - openevolve.RemoteSpeedupEvaluator - INFO - [level1_86_conv_depthwise_separable_2D] âœ˜ wrong_answer
2025-08-08 18:49:48,665 - openevolve.evaluator - INFO - Evaluated program 5fff1e4f-1984-4935-a488-f24b839651d9 in 3.07s: compiled=1.0000, correctness=0.0000, score=10.0000, stage=wrong_answer, verify_payload={'id': 'level1_86_conv_depthwise_separable_2D', 'result': {'compiled': True, 'correctness': False, 'metadata': {'hardware': 'NVIDIA L20Y', 'device': 'cuda:1', 'runtime_error': 'Traceback (most recent call last):\n  File "/cpfs01/shared/llm_kernel/hujiakai/KernelLLM/validation_api_server/helpers/evaluations.py", line 720, in run_and_check_correctness\n    output_new = model_new(*inputs)\n  File "/home/lijiaxing/.conda/envs/api/lib/python3.10/site-packages/torch/nn/modules/module.py", line 1773, in _wrapped_call_impl\n    return self._call_impl(*args, **kwargs)\n  File "/home/lijiaxing/.conda/envs/api/lib/python3.10/site-packages/torch/nn/modules/module.py", line 1784, in _call_impl\n    return forward_call(*args, **kwargs)\n  File "/tmp/tmpr_fzmics.py", line 112, in forward\n    self._depthwise_conv_kernel[grid](\n  File "/home/lijiaxing/.conda/envs/api/lib/python3.10/site-packages/triton/runtime/jit.py", line 390, in <lambda>\n    return lambda *args, **kwargs: self.run(grid=grid, warmup=False, *args, **kwargs)\n  File "/home/lijiaxing/.conda/envs/api/lib/python3.10/site-packages/triton/runtime/jit.py", line 594, in run\n    kernel = self.compile(src, target=target, options=options.__dict__)\n  File "/home/lijiaxing/.conda/envs/api/lib/python3.10/site-packages/triton/compiler/compiler.py", line 339, in compile\n    module = src.make_ir(options, codegen_fns, module_map, context)\n  File "/home/lijiaxing/.conda/envs/api/lib/python3.10/site-packages/triton/compiler/compiler.py", line 83, in make_ir\n    return ast_to_ttir(self.fn, self, context=context, options=options, codegen_fns=codegen_fns,\ntriton.compiler.errors.CompilationError: at 52:31:\n\n            input_i = h_offsets * stride_h + ki_offset - padding_h\n            input_j = w_offsets * stride_w + kj_offset - padding_w\n\n            input_i_mask = (input_i >= 0) & (input_i < height)\n            input_j_mask = (input_j >= 0) & (input_j < width)\n\n            # Vectorized load for input values\n            input_val = tl.zeros((BLOCK_H, BLOCK_W), dtype=tl.float32)\n            for i in tl.range(0, BLOCK_H, BLOCK_H):\n                for j in tl.range(0, BLOCK_W, BLOCK_W):\n                    idx_mask = input_i_mask[i:i+BLOCK_H] & input_j_mask[j:j+BLOCK_W] & block_mask[i:i+BLOCK_H, j:j+BLOCK_W]\n                               ^\nValueError(\'unsupported tensor index: <triton.language.core.slice object at 0x7f5c986ffdf0>\')\n\n\nThe above exception was the direct cause of the following exception:\n\nTraceback (most recent call last):\n  File "/home/lijiaxing/.conda/envs/api/lib/python3.10/site-packages/triton/language/core.py", line 42, in wrapper\n    return fn(*args, **kwargs)\n  File "/home/lijiaxing/.conda/envs/api/lib/python3.10/site-packages/triton/language/core.py", line 1118, in __getitem__\n    raise ValueError(f"unsupported tensor index: {sl}")\nValueError: unsupported tensor index: <triton.language.core.slice object at 0x7f5c986ffdf0>\n', 'runtime_error_name': 'triton.compiler.errors.CompilationError', 'reference_timing_ms': 0.0541, 'speed_up': -1.0, 'custom_timing': -1.0}, 'runtime': -1.0, 'runtime_stats': {}}}
2025-08-08 18:49:48,671 - openevolve.database - INFO - New MAP-Elites cell occupied: {'score': 9, 'complexity': 7}
2025-08-08 18:49:48,672 - openevolve.llm.ensemble - INFO - Sampled model: deepseek
2025-08-08 18:49:48,684 - openevolve.threaded_parallel - INFO - Iteration 12: Program 5fff1e4f-1984-4935-a488-f24b839651d9 (parent: 06b4b387-1564-4a59-a16c-e2e8fb0a0197) completed in 1290.34s
2025-08-08 18:49:48,685 - openevolve.threaded_parallel - INFO - Metrics: compiled=1.0000, correctness=0.0000, score=10.0000, stage=wrong_answer, verify_payload={'id': 'level1_86_conv_depthwise_separable_2D', 'result': {'compiled': True, 'correctness': False, 'metadata': {'hardware': 'NVIDIA L20Y', 'device': 'cuda:1', 'runtime_error': 'Traceback (most recent call last):\n  File "/cpfs01/shared/llm_kernel/hujiakai/KernelLLM/validation_api_server/helpers/evaluations.py", line 720, in run_and_check_correctness\n    output_new = model_new(*inputs)\n  File "/home/lijiaxing/.conda/envs/api/lib/python3.10/site-packages/torch/nn/modules/module.py", line 1773, in _wrapped_call_impl\n    return self._call_impl(*args, **kwargs)\n  File "/home/lijiaxing/.conda/envs/api/lib/python3.10/site-packages/torch/nn/modules/module.py", line 1784, in _call_impl\n    return forward_call(*args, **kwargs)\n  File "/tmp/tmpr_fzmics.py", line 112, in forward\n    self._depthwise_conv_kernel[grid](\n  File "/home/lijiaxing/.conda/envs/api/lib/python3.10/site-packages/triton/runtime/jit.py", line 390, in <lambda>\n    return lambda *args, **kwargs: self.run(grid=grid, warmup=False, *args, **kwargs)\n  File "/home/lijiaxing/.conda/envs/api/lib/python3.10/site-packages/triton/runtime/jit.py", line 594, in run\n    kernel = self.compile(src, target=target, options=options.__dict__)\n  File "/home/lijiaxing/.conda/envs/api/lib/python3.10/site-packages/triton/compiler/compiler.py", line 339, in compile\n    module = src.make_ir(options, codegen_fns, module_map, context)\n  File "/home/lijiaxing/.conda/envs/api/lib/python3.10/site-packages/triton/compiler/compiler.py", line 83, in make_ir\n    return ast_to_ttir(self.fn, self, context=context, options=options, codegen_fns=codegen_fns,\ntriton.compiler.errors.CompilationError: at 52:31:\n\n            input_i = h_offsets * stride_h + ki_offset - padding_h\n            input_j = w_offsets * stride_w + kj_offset - padding_w\n\n            input_i_mask = (input_i >= 0) & (input_i < height)\n            input_j_mask = (input_j >= 0) & (input_j < width)\n\n            # Vectorized load for input values\n            input_val = tl.zeros((BLOCK_H, BLOCK_W), dtype=tl.float32)\n            for i in tl.range(0, BLOCK_H, BLOCK_H):\n                for j in tl.range(0, BLOCK_W, BLOCK_W):\n                    idx_mask = input_i_mask[i:i+BLOCK_H] & input_j_mask[j:j+BLOCK_W] & block_mask[i:i+BLOCK_H, j:j+BLOCK_W]\n                               ^\nValueError(\'unsupported tensor index: <triton.language.core.slice object at 0x7f5c986ffdf0>\')\n\n\nThe above exception was the direct cause of the following exception:\n\nTraceback (most recent call last):\n  File "/home/lijiaxing/.conda/envs/api/lib/python3.10/site-packages/triton/language/core.py", line 42, in wrapper\n    return fn(*args, **kwargs)\n  File "/home/lijiaxing/.conda/envs/api/lib/python3.10/site-packages/triton/language/core.py", line 1118, in __getitem__\n    raise ValueError(f"unsupported tensor index: {sl}")\nValueError: unsupported tensor index: <triton.language.core.slice object at 0x7f5c986ffdf0>\n', 'runtime_error_name': 'triton.compiler.errors.CompilationError', 'reference_timing_ms': 0.0541, 'speed_up': -1.0, 'custom_timing': -1.0}, 'runtime': -1.0, 'runtime_stats': {}}}
2025-08-08 18:49:48,685 - openevolve.threaded_parallel - INFO - Checkpoint interval reached at iteration 12
2025-08-08 18:49:48,686 - openevolve.database - INFO - Island Status:
2025-08-08 18:49:48,686 - openevolve.database - INFO -    Island 0: 7 programs, best=10.0000, avg=7.2857, diversity=1013.93, gen=5 (best: 9293d8c4-bc0e-4df5-8a15-e5646c48edb8)
2025-08-08 18:49:48,686 - openevolve.database - INFO -  * Island 1: 5 programs, best=20.0000, avg=14.0000, diversity=308.87, gen=6 (best: e70e5d29-ce8a-4e0c-9a7e-4aaf824f6b36)
2025-08-08 18:49:48,686 - openevolve.database - INFO -    Island 2: 4 programs, best=20.0000, avg=12.5000, diversity=564.92, gen=4 (best: 5a3ba2f4-57e3-4a18-ac6f-b3c3b6c29ded)
2025-08-08 18:49:48,873 - openevolve.database - INFO - Saved database with 16 programs to openevolve_output/level1_86_conv_depthwise_separable_2D/checkpoints/checkpoint_12
2025-08-08 18:49:48,889 - openevolve.controller - INFO - Saved best program at checkpoint 12 with metrics: compiled=1.0000, correctness=1.0000, stage=success, passed=0.0000, score=20.0000, speed_up=0.0010, runtime_ms=54.1000, meta={'hardware': 'NVIDIA L20Y', 'device': 'cuda:5', 'correctness_trials': '(5 / 5)', 'reference_timing_ms': 0.0541, 'speed_up': 0.001, 'custom_timing': 54.1}
2025-08-08 18:49:48,889 - openevolve.controller - INFO - Saved checkpoint at iteration 12 to openevolve_output/level1_86_conv_depthwise_separable_2D/checkpoints/checkpoint_12
2025-08-08 18:50:40,177 - openevolve.RemoteSpeedupEvaluator - INFO - [level1_86_conv_depthwise_separable_2D] âœ˜ invalid_answer 'import triton' is not found
2025-08-08 18:50:40,179 - openevolve.evaluator - INFO - Evaluated program 1e4aeb1c-1f33-43b9-b1c1-f477b3d19985 in 0.00s: compiled=0.0000, correctness=0.0000, score=-100.0000, stage=no_valid_triton_code, feedback=You need to generate real and valid triton code for the core function. The key word 'import triton' is not found.
2025-08-08 18:50:40,183 - openevolve.llm.ensemble - INFO - Sampled model: deepseek
2025-08-08 18:50:40,185 - openevolve.database - INFO - New MAP-Elites cell occupied: {'score': -1000, 'complexity': 0}
2025-08-08 18:50:40,197 - openevolve.threaded_parallel - INFO - Iteration 16: Program 1e4aeb1c-1f33-43b9-b1c1-f477b3d19985 (parent: ae92aa34-f7e7-48af-b02c-bc5118211a5a) completed in 468.96s
2025-08-08 18:50:40,197 - openevolve.threaded_parallel - INFO - Metrics: compiled=0.0000, correctness=0.0000, score=-100.0000, stage=no_valid_triton_code, feedback=You need to generate real and valid triton code for the core function. The key word 'import triton' is not found.
2025-08-08 18:56:33,357 - openevolve.RemoteSpeedupEvaluator - INFO - [level1_86_conv_depthwise_separable_2D] triton key words check pass
2025-08-08 18:56:33,359 - openevolve.RemoteSpeedupEvaluator - INFO - [level1_86_conv_depthwise_separable_2D] verify_plus payload: reference_code(1905 chars) + custom_code(7645 chars)
2025-08-08 18:56:36,284 - openevolve.RemoteSpeedupEvaluator - INFO - [level1_86_conv_depthwise_separable_2D] verify_plus request success
2025-08-08 18:56:36,284 - openevolve.RemoteSpeedupEvaluator - INFO - [level1_86_conv_depthwise_separable_2D] verify_plus response: {"id":"level1_86_conv_depthwise_separable_2D","result":{"compiled":true,"correctness":false,"metadata":{"hardware":"NVIDIA L20Y","device":"cuda:4","runtime_error":"Traceback (most recent call last):\n  File \"/cpfs01/shared/llm_kernel/hujiakai/KernelLLM/validation_api_server/helpers/evaluations.py\", line 720, in run_and_check_correctness\n    output_new = model_new(*inputs)\n  File \"/home/lijiaxing/.conda/envs/api/lib/python3.10/site-packages/torch/nn/modules/module.py\", line 1773, in _wrapped_call_impl\n    return self._call_impl(*args, **kwargs)\n  File \"/home/lijiaxing/.conda/envs/api/lib/python3.10/site-packages/torch/nn/modules/module.py\", line 1784, in _call_impl\n    return forward_call(*args, **kwargs)\n  File \"/tmp/tmpacs68m49.py\", line 194, in forward\n    separable_conv_f
2025-08-08 18:56:36,284 - openevolve.RemoteSpeedupEvaluator - INFO - [level1_86_conv_depthwise_separable_2D] âœ˜ wrong_answer
2025-08-08 18:56:36,285 - openevolve.evaluator - INFO - Evaluated program 108d193d-1a91-4ec3-8418-c27688abadec in 2.93s: compiled=1.0000, correctness=0.0000, score=10.0000, stage=wrong_answer, verify_payload={'id': 'level1_86_conv_depthwise_separable_2D', 'result': {'compiled': True, 'correctness': False, 'metadata': {'hardware': 'NVIDIA L20Y', 'device': 'cuda:4', 'runtime_error': 'Traceback (most recent call last):\n  File "/cpfs01/shared/llm_kernel/hujiakai/KernelLLM/validation_api_server/helpers/evaluations.py", line 720, in run_and_check_correctness\n    output_new = model_new(*inputs)\n  File "/home/lijiaxing/.conda/envs/api/lib/python3.10/site-packages/torch/nn/modules/module.py", line 1773, in _wrapped_call_impl\n    return self._call_impl(*args, **kwargs)\n  File "/home/lijiaxing/.conda/envs/api/lib/python3.10/site-packages/torch/nn/modules/module.py", line 1784, in _call_impl\n    return forward_call(*args, **kwargs)\n  File "/tmp/tmpacs68m49.py", line 194, in forward\n    separable_conv_forward_kernel[grid](*kernel_params, BLOCK_SIZE=1024)\n  File "/home/lijiaxing/.conda/envs/api/lib/python3.10/site-packages/triton/runtime/jit.py", line 390, in <lambda>\n    return lambda *args, **kwargs: self.run(grid=grid, warmup=False, *args, **kwargs)\n  File "/home/lijiaxing/.conda/envs/api/lib/python3.10/site-packages/triton/runtime/jit.py", line 594, in run\n    kernel = self.compile(src, target=target, options=options.__dict__)\n  File "/home/lijiaxing/.conda/envs/api/lib/python3.10/site-packages/triton/compiler/compiler.py", line 339, in compile\n    module = src.make_ir(options, codegen_fns, module_map, context)\n  File "/home/lijiaxing/.conda/envs/api/lib/python3.10/site-packages/triton/compiler/compiler.py", line 83, in make_ir\n    return ast_to_ttir(self.fn, self, context=context, options=options, codegen_fns=codegen_fns,\ntriton.compiler.errors.CompilationError: at 68:32:\n            in_bounds = h_in_bound & w_in_bound\n\n            # Process each input channel\n            for c in range(0, in_channels):\n                # Calculate input pointer offsets\n                x_offset = (b * x_batch_stride + \n                           c * x_channel_stride + \n                           h_in * x_h_stride + \n                           w_in * x_w_stride)\n\n                # Load input value with boundary masking\n                x_val = tl.load(x_ptr + x_offset, mask=in_bounds & mask, other=0.0)\n                                ^\nIncompatibleTypeErrorImpl(\'invalid operands of type pointer<fp32> and triton.language.float32\')\n\n\nThe above exception was the direct cause of the following exception:\n\nTraceback (most recent call last):\n  File "/home/lijiaxing/.conda/envs/api/lib/python3.10/site-packages/triton/language/core.py", line 42, in wrapper\n    return fn(*args, **kwargs)\n  File "/home/lijiaxing/.conda/envs/api/lib/python3.10/site-packages/triton/language/core.py", line 900, in __add__\n    return add(self, other, sanitize_overflow=True, _semantic=_semantic)\n  File "/home/lijiaxing/.conda/envs/api/lib/python3.10/site-packages/triton/language/core.py", line 42, in wrapper\n    return fn(*args, **kwargs)\n  File "/home/lijiaxing/.conda/envs/api/lib/python3.10/site-packages/triton/language/core.py", line 2468, in add\n    return _semantic.add(x, y, sanitize_overflow)\n  File "/home/lijiaxing/.conda/envs/api/lib/python3.10/site-packages/triton/language/semantic.py", line 226, in add\n    input, other = self.binary_op_type_checking_impl(input, other, True, True)\n  File "/home/lijiaxing/.conda/envs/api/lib/python3.10/site-packages/triton/language/semantic.py", line 184, in binary_op_type_checking_impl\n    self.check_ptr_type_impl(lhs_sca_ty, rhs_sca_ty, allow_lhs_ptr)\n  File "/home/lijiaxing/.conda/envs/api/lib/python3.10/site-packages/triton/language/semantic.py", line 167, in check_ptr_type_impl\n    raise IncompatibleTypeErrorImpl(type_a, type_b)\ntriton.language.semantic.IncompatibleTypeErrorImpl: invalid operands of type pointer<fp32> and triton.language.float32\n', 'runtime_error_name': 'triton.compiler.errors.CompilationError', 'reference_timing_ms': 0.0541, 'speed_up': -1.0, 'custom_timing': -1.0}, 'runtime': -1.0, 'runtime_stats': {}}}
2025-08-08 18:56:36,289 - openevolve.llm.ensemble - INFO - Sampled model: deepseek
2025-08-08 18:56:36,350 - openevolve.threaded_parallel - INFO - Iteration 17: Program 108d193d-1a91-4ec3-8418-c27688abadec (parent: 36a1343e-ffce-476c-bed7-8792d7a7d5fe) completed in 407.61s
2025-08-08 18:56:36,350 - openevolve.threaded_parallel - INFO - Metrics: compiled=1.0000, correctness=0.0000, score=10.0000, stage=wrong_answer, verify_payload={'id': 'level1_86_conv_depthwise_separable_2D', 'result': {'compiled': True, 'correctness': False, 'metadata': {'hardware': 'NVIDIA L20Y', 'device': 'cuda:4', 'runtime_error': 'Traceback (most recent call last):\n  File "/cpfs01/shared/llm_kernel/hujiakai/KernelLLM/validation_api_server/helpers/evaluations.py", line 720, in run_and_check_correctness\n    output_new = model_new(*inputs)\n  File "/home/lijiaxing/.conda/envs/api/lib/python3.10/site-packages/torch/nn/modules/module.py", line 1773, in _wrapped_call_impl\n    return self._call_impl(*args, **kwargs)\n  File "/home/lijiaxing/.conda/envs/api/lib/python3.10/site-packages/torch/nn/modules/module.py", line 1784, in _call_impl\n    return forward_call(*args, **kwargs)\n  File "/tmp/tmpacs68m49.py", line 194, in forward\n    separable_conv_forward_kernel[grid](*kernel_params, BLOCK_SIZE=1024)\n  File "/home/lijiaxing/.conda/envs/api/lib/python3.10/site-packages/triton/runtime/jit.py", line 390, in <lambda>\n    return lambda *args, **kwargs: self.run(grid=grid, warmup=False, *args, **kwargs)\n  File "/home/lijiaxing/.conda/envs/api/lib/python3.10/site-packages/triton/runtime/jit.py", line 594, in run\n    kernel = self.compile(src, target=target, options=options.__dict__)\n  File "/home/lijiaxing/.conda/envs/api/lib/python3.10/site-packages/triton/compiler/compiler.py", line 339, in compile\n    module = src.make_ir(options, codegen_fns, module_map, context)\n  File "/home/lijiaxing/.conda/envs/api/lib/python3.10/site-packages/triton/compiler/compiler.py", line 83, in make_ir\n    return ast_to_ttir(self.fn, self, context=context, options=options, codegen_fns=codegen_fns,\ntriton.compiler.errors.CompilationError: at 68:32:\n            in_bounds = h_in_bound & w_in_bound\n\n            # Process each input channel\n            for c in range(0, in_channels):\n                # Calculate input pointer offsets\n                x_offset = (b * x_batch_stride + \n                           c * x_channel_stride + \n                           h_in * x_h_stride + \n                           w_in * x_w_stride)\n\n                # Load input value with boundary masking\n                x_val = tl.load(x_ptr + x_offset, mask=in_bounds & mask, other=0.0)\n                                ^\nIncompatibleTypeErrorImpl(\'invalid operands of type pointer<fp32> and triton.language.float32\')\n\n\nThe above exception was the direct cause of the following exception:\n\nTraceback (most recent call last):\n  File "/home/lijiaxing/.conda/envs/api/lib/python3.10/site-packages/triton/language/core.py", line 42, in wrapper\n    return fn(*args, **kwargs)\n  File "/home/lijiaxing/.conda/envs/api/lib/python3.10/site-packages/triton/language/core.py", line 900, in __add__\n    return add(self, other, sanitize_overflow=True, _semantic=_semantic)\n  File "/home/lijiaxing/.conda/envs/api/lib/python3.10/site-packages/triton/language/core.py", line 42, in wrapper\n    return fn(*args, **kwargs)\n  File "/home/lijiaxing/.conda/envs/api/lib/python3.10/site-packages/triton/language/core.py", line 2468, in add\n    return _semantic.add(x, y, sanitize_overflow)\n  File "/home/lijiaxing/.conda/envs/api/lib/python3.10/site-packages/triton/language/semantic.py", line 226, in add\n    input, other = self.binary_op_type_checking_impl(input, other, True, True)\n  File "/home/lijiaxing/.conda/envs/api/lib/python3.10/site-packages/triton/language/semantic.py", line 184, in binary_op_type_checking_impl\n    self.check_ptr_type_impl(lhs_sca_ty, rhs_sca_ty, allow_lhs_ptr)\n  File "/home/lijiaxing/.conda/envs/api/lib/python3.10/site-packages/triton/language/semantic.py", line 167, in check_ptr_type_impl\n    raise IncompatibleTypeErrorImpl(type_a, type_b)\ntriton.language.semantic.IncompatibleTypeErrorImpl: invalid operands of type pointer<fp32> and triton.language.float32\n', 'runtime_error_name': 'triton.compiler.errors.CompilationError', 'reference_timing_ms': 0.0541, 'speed_up': -1.0, 'custom_timing': -1.0}, 'runtime': -1.0, 'runtime_stats': {}}}
2025-08-08 18:57:36,989 - openevolve.RemoteSpeedupEvaluator - INFO - [level1_86_conv_depthwise_separable_2D] triton key words check pass
2025-08-08 18:57:36,990 - openevolve.RemoteSpeedupEvaluator - INFO - [level1_86_conv_depthwise_separable_2D] verify_plus payload: reference_code(1905 chars) + custom_code(5685 chars)
2025-08-08 18:57:50,220 - openevolve.RemoteSpeedupEvaluator - INFO - [level1_86_conv_depthwise_separable_2D] verify_plus request success
2025-08-08 18:57:50,220 - openevolve.RemoteSpeedupEvaluator - INFO - [level1_86_conv_depthwise_separable_2D] verify_plus response: {"id":"level1_86_conv_depthwise_separable_2D","result":{"compiled":true,"correctness":false,"metadata":{"hardware":"NVIDIA L20Y","device":"cuda:1","runtime_error":"Traceback (most recent call last):\n  File \"/home/lijiaxing/.conda/envs/api/lib/python3.10/site-packages/triton/language/core.py\", line 42, in wrapper\n    return fn(*args, **kwargs)\n  File \"/home/lijiaxing/.conda/envs/api/lib/python3.10/site-packages/triton/language/core.py\", line 1693, in full\n    shape = _shape_check_impl(shape)\n  File \"/home/lijiaxing/.conda/envs/api/lib/python3.10/site-packages/triton/language/core.py\", line 1677, in _shape_check_impl\n    validate_block_shape(shape)\n  File \"/home/lijiaxing/.conda/envs/api/lib/python3.10/site-packages/triton/_utils.py\", line 52, in validate_block_shape\n    rais
2025-08-08 18:57:50,220 - openevolve.RemoteSpeedupEvaluator - INFO - [level1_86_conv_depthwise_separable_2D] âœ˜ wrong_answer
2025-08-08 18:57:50,221 - openevolve.evaluator - INFO - Evaluated program 0280c60e-f6ff-41e4-b9e6-7ac845bcd439 in 13.23s: compiled=1.0000, correctness=0.0000, score=10.0000, stage=wrong_answer, verify_payload={'id': 'level1_86_conv_depthwise_separable_2D', 'result': {'compiled': True, 'correctness': False, 'metadata': {'hardware': 'NVIDIA L20Y', 'device': 'cuda:1', 'runtime_error': 'Traceback (most recent call last):\n  File "/home/lijiaxing/.conda/envs/api/lib/python3.10/site-packages/triton/language/core.py", line 42, in wrapper\n    return fn(*args, **kwargs)\n  File "/home/lijiaxing/.conda/envs/api/lib/python3.10/site-packages/triton/language/core.py", line 1693, in full\n    shape = _shape_check_impl(shape)\n  File "/home/lijiaxing/.conda/envs/api/lib/python3.10/site-packages/triton/language/core.py", line 1677, in _shape_check_impl\n    validate_block_shape(shape)\n  File "/home/lijiaxing/.conda/envs/api/lib/python3.10/site-packages/triton/_utils.py", line 52, in validate_block_shape\n    raise ValueError(f"Shape element {i} must be a power of 2")\nValueError: Shape element 0 must be a power of 2\n\nThe above exception was the direct cause of the following exception:\n\ntriton.compiler.errors.CompilationError: at 10:11:\ndef zeros(shape, dtype):\n    """\n    Returns a tensor filled with the scalar value 0 for the given :code:`shape` and :code:`dtype`.\n\n    :param shape: Shape of the new array, e.g., (8, 16) or (8, )\n    :type shape: tuple of ints\n    :param dtype: Data-type of the new array, e.g., :code:`tl.float16`\n    :type dtype: DType\n    """\n    return core.full(shape, 0, dtype)\n           ^\n\nThe above exception was the direct cause of the following exception:\n\nTraceback (most recent call last):\n  File "/cpfs01/shared/llm_kernel/hujiakai/KernelLLM/validation_api_server/helpers/evaluations.py", line 720, in run_and_check_correctness\n    output_new = model_new(*inputs)\n  File "/home/lijiaxing/.conda/envs/api/lib/python3.10/site-packages/torch/nn/modules/module.py", line 1773, in _wrapped_call_impl\n    return self._call_impl(*args, **kwargs)\n  File "/home/lijiaxing/.conda/envs/api/lib/python3.10/site-packages/torch/nn/modules/module.py", line 1784, in _call_impl\n    return forward_call(*args, **kwargs)\n  File "/tmp/tmpyx3_4pyp.py", line 101, in forward\n    self._depthwise_conv_kernel[grid](\n  File "/home/lijiaxing/.conda/envs/api/lib/python3.10/site-packages/triton/runtime/jit.py", line 390, in <lambda>\n    return lambda *args, **kwargs: self.run(grid=grid, warmup=False, *args, **kwargs)\n  File "/home/lijiaxing/.conda/envs/api/lib/python3.10/site-packages/triton/runtime/jit.py", line 594, in run\n    kernel = self.compile(src, target=target, options=options.__dict__)\n  File "/home/lijiaxing/.conda/envs/api/lib/python3.10/site-packages/triton/compiler/compiler.py", line 339, in compile\n    module = src.make_ir(options, codegen_fns, module_map, context)\n  File "/home/lijiaxing/.conda/envs/api/lib/python3.10/site-packages/triton/compiler/compiler.py", line 83, in make_ir\n    return ast_to_ttir(self.fn, self, context=context, options=options, codegen_fns=codegen_fns,\ntriton.compiler.errors.CompilationError: at 35:18:\n    h_start = pid_h * BLOCK_H\n    w_start = pid_w * BLOCK_W\n\n    h_offsets = h_start + tl.arange(0, BLOCK_H)\n    w_offsets = w_start + tl.arange(0, BLOCK_W)\n\n    h_mask = h_offsets < output_height\n    w_mask = w_offsets < output_width\n    block_mask = h_mask[:, None] & w_mask[None, :]\n\n    # Preload weight kernel for current channel\n    weight_vals = tl.zeros((kernel_size, kernel_size), dtype=tl.float32)\n                  ^\n\n\nThe above exception was the direct cause of the following exception:\n\nTraceback (most recent call last):\n  File "/home/lijiaxing/.conda/envs/api/lib/python3.10/site-packages/triton/language/core.py", line 42, in wrapper\n    return fn(*args, **kwargs)\n  File "/home/lijiaxing/.conda/envs/api/lib/python3.10/site-packages/triton/language/core.py", line 1693, in full\n    shape = _shape_check_impl(shape)\n  File "/home/lijiaxing/.conda/envs/api/lib/python3.10/site-packages/triton/language/core.py", line 1677, in _shape_check_impl\n    validate_block_shape(shape)\n  File "/home/lijiaxing/.conda/envs/api/lib/python3.10/site-packages/triton/_utils.py", line 52, in validate_block_shape\n    raise ValueError(f"Shape element {i} must be a power of 2")\nValueError: Shape element 0 must be a power of 2\n\nThe above exception was the direct cause of the following exception:\n\ntriton.compiler.errors.CompilationError: at 10:11:\ndef zeros(shape, dtype):\n    """\n    Returns a tensor filled with the scalar value 0 for the given :code:`shape` and :code:`dtype`.\n\n    :param shape: Shape of the new array, e.g., (8, 16) or (8, )\n    :type shape: tuple of ints\n    :param dtype: Data-type of the new array, e.g., :code:`tl.float16`\n    :type dtype: DType\n    """\n    return core.full(shape, 0, dtype)\n           ^\n\n\nThe above exception was the direct cause of the following exception:\n\nTraceback (most recent call last):\n  File "/home/lijiaxing/.conda/envs/api/lib/python3.10/site-packages/triton/language/core.py", line 42, in wrapper\n    return fn(*args, **kwargs)\n  File "/home/lijiaxing/.conda/envs/api/lib/python3.10/site-packages/triton/language/core.py", line 1693, in full\n    shape = _shape_check_impl(shape)\n  File "/home/lijiaxing/.conda/envs/api/lib/python3.10/site-packages/triton/language/core.py", line 1677, in _shape_check_impl\n    validate_block_shape(shape)\n  File "/home/lijiaxing/.conda/envs/api/lib/python3.10/site-packages/triton/_utils.py", line 52, in validate_block_shape\n    raise ValueError(f"Shape element {i} must be a power of 2")\nValueError: Shape element 0 must be a power of 2\n', 'runtime_error_name': 'triton.compiler.errors.CompilationError', 'reference_timing_ms': 0.0541, 'speed_up': -1.0, 'custom_timing': -1.0}, 'runtime': -1.0, 'runtime_stats': {}}}
2025-08-08 18:57:50,225 - openevolve.llm.ensemble - INFO - Sampled model: deepseek
2025-08-08 18:57:50,236 - openevolve.threaded_parallel - INFO - Iteration 15: Program 0280c60e-f6ff-41e4-b9e6-7ac845bcd439 (parent: 06b4b387-1564-4a59-a16c-e2e8fb0a0197) completed in 1014.13s
2025-08-08 18:57:50,236 - openevolve.threaded_parallel - INFO - Metrics: compiled=1.0000, correctness=0.0000, score=10.0000, stage=wrong_answer, verify_payload={'id': 'level1_86_conv_depthwise_separable_2D', 'result': {'compiled': True, 'correctness': False, 'metadata': {'hardware': 'NVIDIA L20Y', 'device': 'cuda:1', 'runtime_error': 'Traceback (most recent call last):\n  File "/home/lijiaxing/.conda/envs/api/lib/python3.10/site-packages/triton/language/core.py", line 42, in wrapper\n    return fn(*args, **kwargs)\n  File "/home/lijiaxing/.conda/envs/api/lib/python3.10/site-packages/triton/language/core.py", line 1693, in full\n    shape = _shape_check_impl(shape)\n  File "/home/lijiaxing/.conda/envs/api/lib/python3.10/site-packages/triton/language/core.py", line 1677, in _shape_check_impl\n    validate_block_shape(shape)\n  File "/home/lijiaxing/.conda/envs/api/lib/python3.10/site-packages/triton/_utils.py", line 52, in validate_block_shape\n    raise ValueError(f"Shape element {i} must be a power of 2")\nValueError: Shape element 0 must be a power of 2\n\nThe above exception was the direct cause of the following exception:\n\ntriton.compiler.errors.CompilationError: at 10:11:\ndef zeros(shape, dtype):\n    """\n    Returns a tensor filled with the scalar value 0 for the given :code:`shape` and :code:`dtype`.\n\n    :param shape: Shape of the new array, e.g., (8, 16) or (8, )\n    :type shape: tuple of ints\n    :param dtype: Data-type of the new array, e.g., :code:`tl.float16`\n    :type dtype: DType\n    """\n    return core.full(shape, 0, dtype)\n           ^\n\nThe above exception was the direct cause of the following exception:\n\nTraceback (most recent call last):\n  File "/cpfs01/shared/llm_kernel/hujiakai/KernelLLM/validation_api_server/helpers/evaluations.py", line 720, in run_and_check_correctness\n    output_new = model_new(*inputs)\n  File "/home/lijiaxing/.conda/envs/api/lib/python3.10/site-packages/torch/nn/modules/module.py", line 1773, in _wrapped_call_impl\n    return self._call_impl(*args, **kwargs)\n  File "/home/lijiaxing/.conda/envs/api/lib/python3.10/site-packages/torch/nn/modules/module.py", line 1784, in _call_impl\n    return forward_call(*args, **kwargs)\n  File "/tmp/tmpyx3_4pyp.py", line 101, in forward\n    self._depthwise_conv_kernel[grid](\n  File "/home/lijiaxing/.conda/envs/api/lib/python3.10/site-packages/triton/runtime/jit.py", line 390, in <lambda>\n    return lambda *args, **kwargs: self.run(grid=grid, warmup=False, *args, **kwargs)\n  File "/home/lijiaxing/.conda/envs/api/lib/python3.10/site-packages/triton/runtime/jit.py", line 594, in run\n    kernel = self.compile(src, target=target, options=options.__dict__)\n  File "/home/lijiaxing/.conda/envs/api/lib/python3.10/site-packages/triton/compiler/compiler.py", line 339, in compile\n    module = src.make_ir(options, codegen_fns, module_map, context)\n  File "/home/lijiaxing/.conda/envs/api/lib/python3.10/site-packages/triton/compiler/compiler.py", line 83, in make_ir\n    return ast_to_ttir(self.fn, self, context=context, options=options, codegen_fns=codegen_fns,\ntriton.compiler.errors.CompilationError: at 35:18:\n    h_start = pid_h * BLOCK_H\n    w_start = pid_w * BLOCK_W\n\n    h_offsets = h_start + tl.arange(0, BLOCK_H)\n    w_offsets = w_start + tl.arange(0, BLOCK_W)\n\n    h_mask = h_offsets < output_height\n    w_mask = w_offsets < output_width\n    block_mask = h_mask[:, None] & w_mask[None, :]\n\n    # Preload weight kernel for current channel\n    weight_vals = tl.zeros((kernel_size, kernel_size), dtype=tl.float32)\n                  ^\n\n\nThe above exception was the direct cause of the following exception:\n\nTraceback (most recent call last):\n  File "/home/lijiaxing/.conda/envs/api/lib/python3.10/site-packages/triton/language/core.py", line 42, in wrapper\n    return fn(*args, **kwargs)\n  File "/home/lijiaxing/.conda/envs/api/lib/python3.10/site-packages/triton/language/core.py", line 1693, in full\n    shape = _shape_check_impl(shape)\n  File "/home/lijiaxing/.conda/envs/api/lib/python3.10/site-packages/triton/language/core.py", line 1677, in _shape_check_impl\n    validate_block_shape(shape)\n  File "/home/lijiaxing/.conda/envs/api/lib/python3.10/site-packages/triton/_utils.py", line 52, in validate_block_shape\n    raise ValueError(f"Shape element {i} must be a power of 2")\nValueError: Shape element 0 must be a power of 2\n\nThe above exception was the direct cause of the following exception:\n\ntriton.compiler.errors.CompilationError: at 10:11:\ndef zeros(shape, dtype):\n    """\n    Returns a tensor filled with the scalar value 0 for the given :code:`shape` and :code:`dtype`.\n\n    :param shape: Shape of the new array, e.g., (8, 16) or (8, )\n    :type shape: tuple of ints\n    :param dtype: Data-type of the new array, e.g., :code:`tl.float16`\n    :type dtype: DType\n    """\n    return core.full(shape, 0, dtype)\n           ^\n\n\nThe above exception was the direct cause of the following exception:\n\nTraceback (most recent call last):\n  File "/home/lijiaxing/.conda/envs/api/lib/python3.10/site-packages/triton/language/core.py", line 42, in wrapper\n    return fn(*args, **kwargs)\n  File "/home/lijiaxing/.conda/envs/api/lib/python3.10/site-packages/triton/language/core.py", line 1693, in full\n    shape = _shape_check_impl(shape)\n  File "/home/lijiaxing/.conda/envs/api/lib/python3.10/site-packages/triton/language/core.py", line 1677, in _shape_check_impl\n    validate_block_shape(shape)\n  File "/home/lijiaxing/.conda/envs/api/lib/python3.10/site-packages/triton/_utils.py", line 52, in validate_block_shape\n    raise ValueError(f"Shape element {i} must be a power of 2")\nValueError: Shape element 0 must be a power of 2\n', 'runtime_error_name': 'triton.compiler.errors.CompilationError', 'reference_timing_ms': 0.0541, 'speed_up': -1.0, 'custom_timing': -1.0}, 'runtime': -1.0, 'runtime_stats': {}}}
2025-08-08 18:57:50,236 - openevolve.threaded_parallel - INFO - Checkpoint interval reached at iteration 15
2025-08-08 18:57:50,238 - openevolve.database - INFO - Island Status:
2025-08-08 18:57:50,238 - openevolve.database - INFO -    Island 0: 8 programs, best=10.0000, avg=7.6250, diversity=761.83, gen=6 (best: 9293d8c4-bc0e-4df5-8a15-e5646c48edb8)
2025-08-08 18:57:50,238 - openevolve.database - INFO -  * Island 1: 6 programs, best=20.0000, avg=-5.0000, diversity=666.40, gen=7 (best: e70e5d29-ce8a-4e0c-9a7e-4aaf824f6b36)
2025-08-08 18:57:50,238 - openevolve.database - INFO -    Island 2: 5 programs, best=20.0000, avg=12.0000, diversity=975.42, gen=5 (best: 5a3ba2f4-57e3-4a18-ac6f-b3c3b6c29ded)
2025-08-08 18:57:50,534 - openevolve.database - INFO - Saved database with 19 programs to openevolve_output/level1_86_conv_depthwise_separable_2D/checkpoints/checkpoint_15
2025-08-08 18:57:50,549 - openevolve.controller - INFO - Saved best program at checkpoint 15 with metrics: compiled=1.0000, correctness=1.0000, stage=success, passed=0.0000, score=20.0000, speed_up=0.0010, runtime_ms=54.1000, meta={'hardware': 'NVIDIA L20Y', 'device': 'cuda:5', 'correctness_trials': '(5 / 5)', 'reference_timing_ms': 0.0541, 'speed_up': 0.001, 'custom_timing': 54.1}
2025-08-08 18:57:50,549 - openevolve.controller - INFO - Saved checkpoint at iteration 15 to openevolve_output/level1_86_conv_depthwise_separable_2D/checkpoints/checkpoint_15
2025-08-08 19:02:31,143 - openevolve.RemoteSpeedupEvaluator - INFO - [level1_86_conv_depthwise_separable_2D] triton key words check pass
2025-08-08 19:02:31,144 - openevolve.RemoteSpeedupEvaluator - INFO - [level1_86_conv_depthwise_separable_2D] verify_plus payload: reference_code(1905 chars) + custom_code(3808 chars)
2025-08-08 19:02:34,671 - openevolve.RemoteSpeedupEvaluator - INFO - [level1_86_conv_depthwise_separable_2D] verify_plus request success
2025-08-08 19:02:34,671 - openevolve.RemoteSpeedupEvaluator - INFO - [level1_86_conv_depthwise_separable_2D] verify_plus response: {"id":"level1_86_conv_depthwise_separable_2D","result":{"compiled":true,"correctness":true,"metadata":{"hardware":"NVIDIA L20Y","device":"cuda:5","correctness_trials":"(5 / 5)","reference_timing_ms":0.0541,"speed_up":0.247,"custom_timing":0.219},"runtime":0.219,"runtime_stats":{"mean":0.219,"std":0.0127,"min":0.207,"max":0.282,"num_trials":100,"hardware":"NVIDIA L20Y","device":"cuda:5"}}}
2025-08-08 19:02:34,671 - openevolve.RemoteSpeedupEvaluator - INFO - [level1_86_conv_depthwise_separable_2D] âœ” success | speed_up=0.247  score=20.00
2025-08-08 19:02:34,671 - openevolve.evaluator - INFO - Evaluated program fe17b240-c72e-4a3b-ba86-cdbf8e17f5fd in 3.53s: compiled=1.0000, correctness=1.0000, stage=success, passed=0.0000, score=20.0000, speed_up=0.2470, runtime_ms=0.2190, meta={'hardware': 'NVIDIA L20Y', 'device': 'cuda:5', 'correctness_trials': '(5 / 5)', 'reference_timing_ms': 0.0541, 'speed_up': 0.247, 'custom_timing': 0.219}
2025-08-08 19:02:34,676 - openevolve.llm.ensemble - INFO - Sampled model: deepseek
2025-08-08 19:02:34,681 - openevolve.database - INFO - MAP-Elites cell improved: {'score': 9, 'complexity': 3} (fitness: 10.000 -> 20.000)
2025-08-08 19:02:34,694 - openevolve.threaded_parallel - INFO - Iteration 18: Program fe17b240-c72e-4a3b-ba86-cdbf8e17f5fd (parent: b894e8d5-7fad-45df-90a1-9dbcfd38671d) completed in 714.49s
2025-08-08 19:02:34,694 - openevolve.threaded_parallel - INFO - Metrics: compiled=1.0000, correctness=1.0000, stage=success, passed=0.0000, score=20.0000, speed_up=0.2470, runtime_ms=0.2190, meta={'hardware': 'NVIDIA L20Y', 'device': 'cuda:5', 'correctness_trials': '(5 / 5)', 'reference_timing_ms': 0.0541, 'speed_up': 0.247, 'custom_timing': 0.219}
2025-08-08 19:02:34,694 - openevolve.threaded_parallel - INFO - Checkpoint interval reached at iteration 18
2025-08-08 19:02:34,695 - openevolve.database - INFO - Island Status:
2025-08-08 19:02:34,695 - openevolve.database - INFO -    Island 0: 8 programs, best=10.0000, avg=7.6250, diversity=761.83, gen=6 (best: 9293d8c4-bc0e-4df5-8a15-e5646c48edb8)
2025-08-08 19:02:34,695 - openevolve.database - INFO -    Island 1: 7 programs, best=20.0000, avg=-1.4286, diversity=666.40, gen=7 (best: e70e5d29-ce8a-4e0c-9a7e-4aaf824f6b36)
2025-08-08 19:02:34,696 - openevolve.database - INFO -  * Island 2: 5 programs, best=20.0000, avg=12.0000, diversity=975.42, gen=6 (best: 5a3ba2f4-57e3-4a18-ac6f-b3c3b6c29ded)
2025-08-08 19:02:34,939 - openevolve.database - INFO - Saved database with 20 programs to openevolve_output/level1_86_conv_depthwise_separable_2D/checkpoints/checkpoint_18
2025-08-08 19:02:34,954 - openevolve.controller - INFO - Saved best program at checkpoint 18 with metrics: compiled=1.0000, correctness=1.0000, stage=success, passed=0.0000, score=20.0000, speed_up=0.0010, runtime_ms=54.1000, meta={'hardware': 'NVIDIA L20Y', 'device': 'cuda:5', 'correctness_trials': '(5 / 5)', 'reference_timing_ms': 0.0541, 'speed_up': 0.001, 'custom_timing': 54.1}
2025-08-08 19:02:34,954 - openevolve.controller - INFO - Saved checkpoint at iteration 18 to openevolve_output/level1_86_conv_depthwise_separable_2D/checkpoints/checkpoint_18
2025-08-08 19:12:38,113 - openevolve.RemoteSpeedupEvaluator - INFO - [level1_86_conv_depthwise_separable_2D] triton key words check pass
2025-08-08 19:12:38,113 - openevolve.RemoteSpeedupEvaluator - INFO - [level1_86_conv_depthwise_separable_2D] triton key words check pass
2025-08-08 19:12:38,114 - openevolve.RemoteSpeedupEvaluator - INFO - [level1_86_conv_depthwise_separable_2D] verify_plus payload: reference_code(1905 chars) + custom_code(5379 chars)
2025-08-08 19:12:38,114 - openevolve.RemoteSpeedupEvaluator - INFO - [level1_86_conv_depthwise_separable_2D] verify_plus payload: reference_code(1905 chars) + custom_code(3878 chars)
2025-08-08 19:12:50,329 - openevolve.RemoteSpeedupEvaluator - INFO - [level1_86_conv_depthwise_separable_2D] verify_plus request success
2025-08-08 19:12:50,329 - openevolve.RemoteSpeedupEvaluator - INFO - [level1_86_conv_depthwise_separable_2D] verify_plus response: {"id":"level1_86_conv_depthwise_separable_2D","result":{"compiled":true,"correctness":false,"metadata":{"hardware":"NVIDIA L20Y","device":"cuda:7","runtime_error":"Traceback (most recent call last):\n  File \"/home/lijiaxing/.conda/envs/api/lib/python3.10/site-packages/triton/language/core.py\", line 42, in wrapper\n    return fn(*args, **kwargs)\n  File \"/home/lijiaxing/.conda/envs/api/lib/python3.10/site-packages/triton/language/core.py\", line 2150, in load\n    return _semantic.load(pointer, mask, other, boundary_check, padding_option, cache_modifier, eviction_policy,\n  File \"/home/lijiaxing/.conda/envs/api/lib/python3.10/site-packages/triton/language/semantic.py\", line 1086, in load\n    return self._load_legacy(ptr, mask, other, boundary_check, padding, cache, eviction, is_volati
2025-08-08 19:12:50,329 - openevolve.RemoteSpeedupEvaluator - INFO - [level1_86_conv_depthwise_separable_2D] âœ˜ wrong_answer
2025-08-08 19:12:50,330 - openevolve.evaluator - INFO - Evaluated program e65a7ed9-28cd-4125-ad6f-bbb3d23cb83b in 12.22s: compiled=1.0000, correctness=0.0000, score=10.0000, stage=wrong_answer, verify_payload={'id': 'level1_86_conv_depthwise_separable_2D', 'result': {'compiled': True, 'correctness': False, 'metadata': {'hardware': 'NVIDIA L20Y', 'device': 'cuda:7', 'runtime_error': 'Traceback (most recent call last):\n  File "/home/lijiaxing/.conda/envs/api/lib/python3.10/site-packages/triton/language/core.py", line 42, in wrapper\n    return fn(*args, **kwargs)\n  File "/home/lijiaxing/.conda/envs/api/lib/python3.10/site-packages/triton/language/core.py", line 2150, in load\n    return _semantic.load(pointer, mask, other, boundary_check, padding_option, cache_modifier, eviction_policy,\n  File "/home/lijiaxing/.conda/envs/api/lib/python3.10/site-packages/triton/language/semantic.py", line 1086, in load\n    return self._load_legacy(ptr, mask, other, boundary_check, padding, cache, eviction, is_volatile)\n  File "/home/lijiaxing/.conda/envs/api/lib/python3.10/site-packages/triton/language/semantic.py", line 1017, in _load_legacy\n    raise ValueError(f"Unsupported ptr type {ptr.type.__repr__()} in `tl.load`")\nValueError: Unsupported ptr type <[\'64\'], int64> in `tl.load`\n\nThe above exception was the direct cause of the following exception:\n\nTraceback (most recent call last):\n  File "/cpfs01/shared/llm_kernel/hujiakai/KernelLLM/validation_api_server/helpers/evaluations.py", line 720, in run_and_check_correctness\n    output_new = model_new(*inputs)\n  File "/home/lijiaxing/.conda/envs/api/lib/python3.10/site-packages/torch/nn/modules/module.py", line 1773, in _wrapped_call_impl\n    return self._call_impl(*args, **kwargs)\n  File "/home/lijiaxing/.conda/envs/api/lib/python3.10/site-packages/torch/nn/modules/module.py", line 1784, in _call_impl\n    return forward_call(*args, **kwargs)\n  File "/tmp/tmpkka33a2f.py", line 70, in forward\n    pointwise_conv_kernel[grid](\n  File "/home/lijiaxing/.conda/envs/api/lib/python3.10/site-packages/triton/runtime/jit.py", line 390, in <lambda>\n    return lambda *args, **kwargs: self.run(grid=grid, warmup=False, *args, **kwargs)\n  File "/home/lijiaxing/.conda/envs/api/lib/python3.10/site-packages/triton/runtime/jit.py", line 594, in run\n    kernel = self.compile(src, target=target, options=options.__dict__)\n  File "/home/lijiaxing/.conda/envs/api/lib/python3.10/site-packages/triton/compiler/compiler.py", line 339, in compile\n    module = src.make_ir(options, codegen_fns, module_map, context)\n  File "/home/lijiaxing/.conda/envs/api/lib/python3.10/site-packages/triton/compiler/compiler.py", line 83, in make_ir\n    return ast_to_ttir(self.fn, self, context=context, options=options, codegen_fns=codegen_fns,\ntriton.compiler.errors.CompilationError: at 33:15:\n    for k in range(0, tl.cdiv(in_channels, BLOCK_SIZE_K)):\n        mask_k = offs_k < (in_channels - k * BLOCK_SIZE_K)\n        a = tl.load(input_ptrs, mask=mask_k[None, :] & (offs_m[:, None] < M), other=0.0)\n        b = tl.load(weight_ptrs, mask=mask_k[:, None] & (offs_n[None, :] < out_channels), other=0.0)\n        accumulator += tl.dot(a, b, allow_tf32=False, out_dtype=tl.float32)\n        input_ptrs += BLOCK_SIZE_K * stride_ic\n        weight_ptrs += BLOCK_SIZE_K * stride_wc\n\n    if bias_ptr != 0:\n        # Cast to int64 for proper pointer arithmetic\n        offs_n_int64 = offs_n.to(tl.int64)\n        bias = tl.load(bias_ptr + offs_n_int64, mask=offs_n < out_channels, other=0.0)\n               ^\n\n\nThe above exception was the direct cause of the following exception:\n\nTraceback (most recent call last):\n  File "/home/lijiaxing/.conda/envs/api/lib/python3.10/site-packages/triton/language/core.py", line 42, in wrapper\n    return fn(*args, **kwargs)\n  File "/home/lijiaxing/.conda/envs/api/lib/python3.10/site-packages/triton/language/core.py", line 2150, in load\n    return _semantic.load(pointer, mask, other, boundary_check, padding_option, cache_modifier, eviction_policy,\n  File "/home/lijiaxing/.conda/envs/api/lib/python3.10/site-packages/triton/language/semantic.py", line 1086, in load\n    return self._load_legacy(ptr, mask, other, boundary_check, padding, cache, eviction, is_volatile)\n  File "/home/lijiaxing/.conda/envs/api/lib/python3.10/site-packages/triton/language/semantic.py", line 1017, in _load_legacy\n    raise ValueError(f"Unsupported ptr type {ptr.type.__repr__()} in `tl.load`")\nValueError: Unsupported ptr type <[\'64\'], int64> in `tl.load`\n', 'runtime_error_name': 'triton.compiler.errors.CompilationError', 'reference_timing_ms': 0.0541, 'speed_up': -1.0, 'custom_timing': -1.0}, 'runtime': -1.0, 'runtime_stats': {}}}
2025-08-08 19:12:50,333 - openevolve.llm.ensemble - INFO - Sampled model: deepseek
2025-08-08 19:12:50,348 - openevolve.threaded_parallel - INFO - Iteration 21: Program e65a7ed9-28cd-4125-ad6f-bbb3d23cb83b (parent: 5d1c27b1-1d29-4efa-8694-e2f92b982368) completed in 615.65s
2025-08-08 19:12:50,348 - openevolve.threaded_parallel - INFO - Metrics: compiled=1.0000, correctness=0.0000, score=10.0000, stage=wrong_answer, verify_payload={'id': 'level1_86_conv_depthwise_separable_2D', 'result': {'compiled': True, 'correctness': False, 'metadata': {'hardware': 'NVIDIA L20Y', 'device': 'cuda:7', 'runtime_error': 'Traceback (most recent call last):\n  File "/home/lijiaxing/.conda/envs/api/lib/python3.10/site-packages/triton/language/core.py", line 42, in wrapper\n    return fn(*args, **kwargs)\n  File "/home/lijiaxing/.conda/envs/api/lib/python3.10/site-packages/triton/language/core.py", line 2150, in load\n    return _semantic.load(pointer, mask, other, boundary_check, padding_option, cache_modifier, eviction_policy,\n  File "/home/lijiaxing/.conda/envs/api/lib/python3.10/site-packages/triton/language/semantic.py", line 1086, in load\n    return self._load_legacy(ptr, mask, other, boundary_check, padding, cache, eviction, is_volatile)\n  File "/home/lijiaxing/.conda/envs/api/lib/python3.10/site-packages/triton/language/semantic.py", line 1017, in _load_legacy\n    raise ValueError(f"Unsupported ptr type {ptr.type.__repr__()} in `tl.load`")\nValueError: Unsupported ptr type <[\'64\'], int64> in `tl.load`\n\nThe above exception was the direct cause of the following exception:\n\nTraceback (most recent call last):\n  File "/cpfs01/shared/llm_kernel/hujiakai/KernelLLM/validation_api_server/helpers/evaluations.py", line 720, in run_and_check_correctness\n    output_new = model_new(*inputs)\n  File "/home/lijiaxing/.conda/envs/api/lib/python3.10/site-packages/torch/nn/modules/module.py", line 1773, in _wrapped_call_impl\n    return self._call_impl(*args, **kwargs)\n  File "/home/lijiaxing/.conda/envs/api/lib/python3.10/site-packages/torch/nn/modules/module.py", line 1784, in _call_impl\n    return forward_call(*args, **kwargs)\n  File "/tmp/tmpkka33a2f.py", line 70, in forward\n    pointwise_conv_kernel[grid](\n  File "/home/lijiaxing/.conda/envs/api/lib/python3.10/site-packages/triton/runtime/jit.py", line 390, in <lambda>\n    return lambda *args, **kwargs: self.run(grid=grid, warmup=False, *args, **kwargs)\n  File "/home/lijiaxing/.conda/envs/api/lib/python3.10/site-packages/triton/runtime/jit.py", line 594, in run\n    kernel = self.compile(src, target=target, options=options.__dict__)\n  File "/home/lijiaxing/.conda/envs/api/lib/python3.10/site-packages/triton/compiler/compiler.py", line 339, in compile\n    module = src.make_ir(options, codegen_fns, module_map, context)\n  File "/home/lijiaxing/.conda/envs/api/lib/python3.10/site-packages/triton/compiler/compiler.py", line 83, in make_ir\n    return ast_to_ttir(self.fn, self, context=context, options=options, codegen_fns=codegen_fns,\ntriton.compiler.errors.CompilationError: at 33:15:\n    for k in range(0, tl.cdiv(in_channels, BLOCK_SIZE_K)):\n        mask_k = offs_k < (in_channels - k * BLOCK_SIZE_K)\n        a = tl.load(input_ptrs, mask=mask_k[None, :] & (offs_m[:, None] < M), other=0.0)\n        b = tl.load(weight_ptrs, mask=mask_k[:, None] & (offs_n[None, :] < out_channels), other=0.0)\n        accumulator += tl.dot(a, b, allow_tf32=False, out_dtype=tl.float32)\n        input_ptrs += BLOCK_SIZE_K * stride_ic\n        weight_ptrs += BLOCK_SIZE_K * stride_wc\n\n    if bias_ptr != 0:\n        # Cast to int64 for proper pointer arithmetic\n        offs_n_int64 = offs_n.to(tl.int64)\n        bias = tl.load(bias_ptr + offs_n_int64, mask=offs_n < out_channels, other=0.0)\n               ^\n\n\nThe above exception was the direct cause of the following exception:\n\nTraceback (most recent call last):\n  File "/home/lijiaxing/.conda/envs/api/lib/python3.10/site-packages/triton/language/core.py", line 42, in wrapper\n    return fn(*args, **kwargs)\n  File "/home/lijiaxing/.conda/envs/api/lib/python3.10/site-packages/triton/language/core.py", line 2150, in load\n    return _semantic.load(pointer, mask, other, boundary_check, padding_option, cache_modifier, eviction_policy,\n  File "/home/lijiaxing/.conda/envs/api/lib/python3.10/site-packages/triton/language/semantic.py", line 1086, in load\n    return self._load_legacy(ptr, mask, other, boundary_check, padding, cache, eviction, is_volatile)\n  File "/home/lijiaxing/.conda/envs/api/lib/python3.10/site-packages/triton/language/semantic.py", line 1017, in _load_legacy\n    raise ValueError(f"Unsupported ptr type {ptr.type.__repr__()} in `tl.load`")\nValueError: Unsupported ptr type <[\'64\'], int64> in `tl.load`\n', 'runtime_error_name': 'triton.compiler.errors.CompilationError', 'reference_timing_ms': 0.0541, 'speed_up': -1.0, 'custom_timing': -1.0}, 'runtime': -1.0, 'runtime_stats': {}}}
2025-08-08 19:12:50,348 - openevolve.threaded_parallel - INFO - Checkpoint interval reached at iteration 21
2025-08-08 19:12:50,350 - openevolve.database - INFO - Island Status:
2025-08-08 19:12:50,350 - openevolve.database - INFO -  * Island 0: 8 programs, best=10.0000, avg=7.6250, diversity=761.83, gen=7 (best: 9293d8c4-bc0e-4df5-8a15-e5646c48edb8)
2025-08-08 19:12:50,350 - openevolve.database - INFO -    Island 1: 7 programs, best=20.0000, avg=-1.4286, diversity=666.40, gen=7 (best: e70e5d29-ce8a-4e0c-9a7e-4aaf824f6b36)
2025-08-08 19:12:50,350 - openevolve.database - INFO -    Island 2: 6 programs, best=20.0000, avg=11.6667, diversity=982.90, gen=6 (best: 5a3ba2f4-57e3-4a18-ac6f-b3c3b6c29ded)
2025-08-08 19:12:50,463 - openevolve.RemoteSpeedupEvaluator - INFO - [level1_86_conv_depthwise_separable_2D] verify_plus request success
2025-08-08 19:12:50,463 - openevolve.RemoteSpeedupEvaluator - INFO - [level1_86_conv_depthwise_separable_2D] verify_plus response: {"id":"level1_86_conv_depthwise_separable_2D","result":{"compiled":true,"correctness":true,"metadata":{"hardware":"NVIDIA L20Y","device":"cuda:4","correctness_trials":"(5 / 5)","reference_timing_ms":0.0541,"speed_up":0.272,"custom_timing":0.199},"runtime":0.199,"runtime_stats":{"mean":0.199,"std":0.0026,"min":0.196,"max":0.217,"num_trials":100,"hardware":"NVIDIA L20Y","device":"cuda:4"}}}
2025-08-08 19:12:50,463 - openevolve.RemoteSpeedupEvaluator - INFO - [level1_86_conv_depthwise_separable_2D] âœ” success | speed_up=0.272  score=20.00
2025-08-08 19:12:50,463 - openevolve.evaluator - INFO - Evaluated program 9bd59771-5a86-4433-82c5-32f180fabbeb in 12.35s: compiled=1.0000, correctness=1.0000, stage=success, passed=0.0000, score=20.0000, speed_up=0.2720, runtime_ms=0.1990, meta={'hardware': 'NVIDIA L20Y', 'device': 'cuda:4', 'correctness_trials': '(5 / 5)', 'reference_timing_ms': 0.0541, 'speed_up': 0.272, 'custom_timing': 0.199}
2025-08-08 19:12:50,467 - openevolve.llm.ensemble - INFO - Sampled model: deepseek
2025-08-08 19:12:50,591 - openevolve.database - INFO - Saved database with 21 programs to openevolve_output/level1_86_conv_depthwise_separable_2D/checkpoints/checkpoint_21
2025-08-08 19:12:50,616 - openevolve.controller - INFO - Saved best program at checkpoint 21 with metrics: compiled=1.0000, correctness=1.0000, stage=success, passed=0.0000, score=20.0000, speed_up=0.0010, runtime_ms=54.1000, meta={'hardware': 'NVIDIA L20Y', 'device': 'cuda:5', 'correctness_trials': '(5 / 5)', 'reference_timing_ms': 0.0541, 'speed_up': 0.001, 'custom_timing': 54.1}
2025-08-08 19:12:50,616 - openevolve.controller - INFO - Saved checkpoint at iteration 21 to openevolve_output/level1_86_conv_depthwise_separable_2D/checkpoints/checkpoint_21
2025-08-08 19:12:50,627 - openevolve.threaded_parallel - INFO - Iteration 20: Program 9bd59771-5a86-4433-82c5-32f180fabbeb (parent: 6e629a14-4b31-4267-baee-50ee9fe80317) completed in 900.24s
2025-08-08 19:12:50,628 - openevolve.threaded_parallel - INFO - Metrics: compiled=1.0000, correctness=1.0000, stage=success, passed=0.0000, score=20.0000, speed_up=0.2720, runtime_ms=0.1990, meta={'hardware': 'NVIDIA L20Y', 'device': 'cuda:4', 'correctness_trials': '(5 / 5)', 'reference_timing_ms': 0.0541, 'speed_up': 0.272, 'custom_timing': 0.199}
2025-08-08 19:13:27,947 - openevolve.RemoteSpeedupEvaluator - INFO - [level1_86_conv_depthwise_separable_2D] triton key words check pass
2025-08-08 19:13:27,949 - openevolve.RemoteSpeedupEvaluator - INFO - [level1_86_conv_depthwise_separable_2D] verify_plus payload: reference_code(1905 chars) + custom_code(4092 chars)
2025-08-08 19:13:53,510 - openevolve.RemoteSpeedupEvaluator - INFO - [level1_86_conv_depthwise_separable_2D] verify_plus request success
2025-08-08 19:13:53,510 - openevolve.RemoteSpeedupEvaluator - INFO - [level1_86_conv_depthwise_separable_2D] verify_plus response: {"id":"level1_86_conv_depthwise_separable_2D","result":{"compiled":true,"correctness":false,"metadata":{"hardware":"NVIDIA L20Y","device":"cuda:0","runtime_error":"Traceback (most recent call last):\n  File \"/home/lijiaxing/.conda/envs/api/lib/python3.10/site-packages/triton/language/core.py\", line 42, in wrapper\n    return fn(*args, **kwargs)\n  File \"/home/lijiaxing/.conda/envs/api/lib/python3.10/site-packages/triton/language/core.py\", line 2150, in load\n    return _semantic.load(pointer, mask, other, boundary_check, padding_option, cache_modifier, eviction_policy,\n  File \"/home/lijiaxing/.conda/envs/api/lib/python3.10/site-packages/triton/language/semantic.py\", line 1086, in load\n    return self._load_legacy(ptr, mask, other, boundary_check, padding, cache, eviction, is_volati
2025-08-08 19:13:53,510 - openevolve.RemoteSpeedupEvaluator - INFO - [level1_86_conv_depthwise_separable_2D] âœ˜ wrong_answer
2025-08-08 19:13:53,511 - openevolve.evaluator - INFO - Evaluated program f483dc90-afef-4dd1-982d-f0be70b3eb89 in 25.57s: compiled=1.0000, correctness=0.0000, score=10.0000, stage=wrong_answer, verify_payload={'id': 'level1_86_conv_depthwise_separable_2D', 'result': {'compiled': True, 'correctness': False, 'metadata': {'hardware': 'NVIDIA L20Y', 'device': 'cuda:0', 'runtime_error': 'Traceback (most recent call last):\n  File "/home/lijiaxing/.conda/envs/api/lib/python3.10/site-packages/triton/language/core.py", line 42, in wrapper\n    return fn(*args, **kwargs)\n  File "/home/lijiaxing/.conda/envs/api/lib/python3.10/site-packages/triton/language/core.py", line 2150, in load\n    return _semantic.load(pointer, mask, other, boundary_check, padding_option, cache_modifier, eviction_policy,\n  File "/home/lijiaxing/.conda/envs/api/lib/python3.10/site-packages/triton/language/semantic.py", line 1086, in load\n    return self._load_legacy(ptr, mask, other, boundary_check, padding, cache, eviction, is_volatile)\n  File "/home/lijiaxing/.conda/envs/api/lib/python3.10/site-packages/triton/language/semantic.py", line 1017, in _load_legacy\n    raise ValueError(f"Unsupported ptr type {ptr.type.__repr__()} in `tl.load`")\nValueError: Unsupported ptr type <[\'64\'], int64> in `tl.load`\n\nThe above exception was the direct cause of the following exception:\n\nTraceback (most recent call last):\n  File "/cpfs01/shared/llm_kernel/hujiakai/KernelLLM/validation_api_server/helpers/evaluations.py", line 720, in run_and_check_correctness\n    output_new = model_new(*inputs)\n  File "/home/lijiaxing/.conda/envs/api/lib/python3.10/site-packages/torch/nn/modules/module.py", line 1773, in _wrapped_call_impl\n    return self._call_impl(*args, **kwargs)\n  File "/home/lijiaxing/.conda/envs/api/lib/python3.10/site-packages/torch/nn/modules/module.py", line 1784, in _call_impl\n    return forward_call(*args, **kwargs)\n  File "/tmp/tmp4__vkz24.py", line 80, in forward\n    pointwise_conv_kernel[grid](\n  File "/home/lijiaxing/.conda/envs/api/lib/python3.10/site-packages/triton/runtime/jit.py", line 390, in <lambda>\n    return lambda *args, **kwargs: self.run(grid=grid, warmup=False, *args, **kwargs)\n  File "/home/lijiaxing/.conda/envs/api/lib/python3.10/site-packages/triton/runtime/jit.py", line 594, in run\n    kernel = self.compile(src, target=target, options=options.__dict__)\n  File "/home/lijiaxing/.conda/envs/api/lib/python3.10/site-packages/triton/compiler/compiler.py", line 339, in compile\n    module = src.make_ir(options, codegen_fns, module_map, context)\n  File "/home/lijiaxing/.conda/envs/api/lib/python3.10/site-packages/triton/compiler/compiler.py", line 83, in make_ir\n    return ast_to_ttir(self.fn, self, context=context, options=options, codegen_fns=codegen_fns,\ntriton.compiler.errors.CompilationError: at 41:15:\n        b = tl.load(weight_ptrs, \n                   mask=mask_k[:, None] & (offs_n[None, :] < out_channels), \n                   other=0.0)\n\n        accumulator += tl.dot(a, b, allow_tf32=True)\n        input_ptrs += BLOCK_SIZE_K * stride_ic\n        weight_ptrs += BLOCK_SIZE_K * stride_wk\n\n    if bias_ptr != 0:\n        # Convert integer address to proper pointer tensor\n        bias_base = tl.zeros((1,), tl.int64) + bias_ptr\n        bias = tl.load(bias_base + offs_n, mask=offs_n < out_channels, other=0.0)\n               ^\n\n\nThe above exception was the direct cause of the following exception:\n\nTraceback (most recent call last):\n  File "/home/lijiaxing/.conda/envs/api/lib/python3.10/site-packages/triton/language/core.py", line 42, in wrapper\n    return fn(*args, **kwargs)\n  File "/home/lijiaxing/.conda/envs/api/lib/python3.10/site-packages/triton/language/core.py", line 2150, in load\n    return _semantic.load(pointer, mask, other, boundary_check, padding_option, cache_modifier, eviction_policy,\n  File "/home/lijiaxing/.conda/envs/api/lib/python3.10/site-packages/triton/language/semantic.py", line 1086, in load\n    return self._load_legacy(ptr, mask, other, boundary_check, padding, cache, eviction, is_volatile)\n  File "/home/lijiaxing/.conda/envs/api/lib/python3.10/site-packages/triton/language/semantic.py", line 1017, in _load_legacy\n    raise ValueError(f"Unsupported ptr type {ptr.type.__repr__()} in `tl.load`")\nValueError: Unsupported ptr type <[\'64\'], int64> in `tl.load`\n', 'runtime_error_name': 'triton.compiler.errors.CompilationError', 'reference_timing_ms': 0.0541, 'speed_up': -1.0, 'custom_timing': -1.0}, 'runtime': -1.0, 'runtime_stats': {}}}
2025-08-08 19:13:53,515 - openevolve.llm.ensemble - INFO - Sampled model: deepseek
2025-08-08 19:13:53,534 - openevolve.threaded_parallel - INFO - Iteration 19: Program f483dc90-afef-4dd1-982d-f0be70b3eb89 (parent: 12740d63-6cc0-4d96-ad76-2fd7e9510ac3) completed in 1037.22s
2025-08-08 19:13:53,534 - openevolve.threaded_parallel - INFO - Metrics: compiled=1.0000, correctness=0.0000, score=10.0000, stage=wrong_answer, verify_payload={'id': 'level1_86_conv_depthwise_separable_2D', 'result': {'compiled': True, 'correctness': False, 'metadata': {'hardware': 'NVIDIA L20Y', 'device': 'cuda:0', 'runtime_error': 'Traceback (most recent call last):\n  File "/home/lijiaxing/.conda/envs/api/lib/python3.10/site-packages/triton/language/core.py", line 42, in wrapper\n    return fn(*args, **kwargs)\n  File "/home/lijiaxing/.conda/envs/api/lib/python3.10/site-packages/triton/language/core.py", line 2150, in load\n    return _semantic.load(pointer, mask, other, boundary_check, padding_option, cache_modifier, eviction_policy,\n  File "/home/lijiaxing/.conda/envs/api/lib/python3.10/site-packages/triton/language/semantic.py", line 1086, in load\n    return self._load_legacy(ptr, mask, other, boundary_check, padding, cache, eviction, is_volatile)\n  File "/home/lijiaxing/.conda/envs/api/lib/python3.10/site-packages/triton/language/semantic.py", line 1017, in _load_legacy\n    raise ValueError(f"Unsupported ptr type {ptr.type.__repr__()} in `tl.load`")\nValueError: Unsupported ptr type <[\'64\'], int64> in `tl.load`\n\nThe above exception was the direct cause of the following exception:\n\nTraceback (most recent call last):\n  File "/cpfs01/shared/llm_kernel/hujiakai/KernelLLM/validation_api_server/helpers/evaluations.py", line 720, in run_and_check_correctness\n    output_new = model_new(*inputs)\n  File "/home/lijiaxing/.conda/envs/api/lib/python3.10/site-packages/torch/nn/modules/module.py", line 1773, in _wrapped_call_impl\n    return self._call_impl(*args, **kwargs)\n  File "/home/lijiaxing/.conda/envs/api/lib/python3.10/site-packages/torch/nn/modules/module.py", line 1784, in _call_impl\n    return forward_call(*args, **kwargs)\n  File "/tmp/tmp4__vkz24.py", line 80, in forward\n    pointwise_conv_kernel[grid](\n  File "/home/lijiaxing/.conda/envs/api/lib/python3.10/site-packages/triton/runtime/jit.py", line 390, in <lambda>\n    return lambda *args, **kwargs: self.run(grid=grid, warmup=False, *args, **kwargs)\n  File "/home/lijiaxing/.conda/envs/api/lib/python3.10/site-packages/triton/runtime/jit.py", line 594, in run\n    kernel = self.compile(src, target=target, options=options.__dict__)\n  File "/home/lijiaxing/.conda/envs/api/lib/python3.10/site-packages/triton/compiler/compiler.py", line 339, in compile\n    module = src.make_ir(options, codegen_fns, module_map, context)\n  File "/home/lijiaxing/.conda/envs/api/lib/python3.10/site-packages/triton/compiler/compiler.py", line 83, in make_ir\n    return ast_to_ttir(self.fn, self, context=context, options=options, codegen_fns=codegen_fns,\ntriton.compiler.errors.CompilationError: at 41:15:\n        b = tl.load(weight_ptrs, \n                   mask=mask_k[:, None] & (offs_n[None, :] < out_channels), \n                   other=0.0)\n\n        accumulator += tl.dot(a, b, allow_tf32=True)\n        input_ptrs += BLOCK_SIZE_K * stride_ic\n        weight_ptrs += BLOCK_SIZE_K * stride_wk\n\n    if bias_ptr != 0:\n        # Convert integer address to proper pointer tensor\n        bias_base = tl.zeros((1,), tl.int64) + bias_ptr\n        bias = tl.load(bias_base + offs_n, mask=offs_n < out_channels, other=0.0)\n               ^\n\n\nThe above exception was the direct cause of the following exception:\n\nTraceback (most recent call last):\n  File "/home/lijiaxing/.conda/envs/api/lib/python3.10/site-packages/triton/language/core.py", line 42, in wrapper\n    return fn(*args, **kwargs)\n  File "/home/lijiaxing/.conda/envs/api/lib/python3.10/site-packages/triton/language/core.py", line 2150, in load\n    return _semantic.load(pointer, mask, other, boundary_check, padding_option, cache_modifier, eviction_policy,\n  File "/home/lijiaxing/.conda/envs/api/lib/python3.10/site-packages/triton/language/semantic.py", line 1086, in load\n    return self._load_legacy(ptr, mask, other, boundary_check, padding, cache, eviction, is_volatile)\n  File "/home/lijiaxing/.conda/envs/api/lib/python3.10/site-packages/triton/language/semantic.py", line 1017, in _load_legacy\n    raise ValueError(f"Unsupported ptr type {ptr.type.__repr__()} in `tl.load`")\nValueError: Unsupported ptr type <[\'64\'], int64> in `tl.load`\n', 'runtime_error_name': 'triton.compiler.errors.CompilationError', 'reference_timing_ms': 0.0541, 'speed_up': -1.0, 'custom_timing': -1.0}, 'runtime': -1.0, 'runtime_stats': {}}}
