{
  "id": "963b9765-3d5a-4a07-81d4-75675c4ca60a",
  "generation": 1,
  "iteration": 1,
  "current_iteration": 0,
  "metrics": {
    "compiled": true,
    "correctness": false,
    "score": 10,
    "stage": "wrong_answer",
    "verify_payload": {
      "id": "level2_80_Gemm_Max_Subtract_GELU",
      "result": {
        "compiled": true,
        "correctness": false,
        "metadata": {
          "hardware": "NVIDIA L20Y",
          "device": "cuda:3",
          "runtime_error": "Traceback (most recent call last):\n  File \"/home/lijiaxing/.conda/envs/api/lib/python3.10/site-packages/triton/language/core.py\", line 42, in wrapper\n    return fn(*args, **kwargs)\n  File \"/home/lijiaxing/.conda/envs/api/lib/python3.10/site-packages/triton/language/core.py\", line 2045, in dot\n    return _semantic.dot(input, other, acc, input_precision, max_num_imprecise_acc, out_dtype)\n  File \"/home/lijiaxing/.conda/envs/api/lib/python3.10/site-packages/triton/language/semantic.py\", line 1498, in dot\n    assert lhs.shape[-1].value == rhs.shape[\nAssertionError: First input shape (['constexpr[64]', 'constexpr[32]']) and second input shape ['constexpr[64]', 'constexpr[32]'] are not compatible for matmul (second index of first shape (32) must be equal to first index of second shape (64)\n\nThe above exception was the direct cause of the following exception:\n\nTraceback (most recent call last):\n  File \"/cpfs01/shared/llm_kernel/hujiakai/KernelLLM/validation_api_server/helpers/evaluations.py\", line 720, in run_and_check_correctness\n    output_new = model_new(*inputs)\n  File \"/home/lijiaxing/.conda/envs/api/lib/python3.10/site-packages/torch/nn/modules/module.py\", line 1773, in _wrapped_call_impl\n    return self._call_impl(*args, **kwargs)\n  File \"/home/lijiaxing/.conda/envs/api/lib/python3.10/site-packages/torch/nn/modules/module.py\", line 1784, in _call_impl\n    return forward_call(*args, **kwargs)\n  File \"/tmp/tmpb8wdo9dc.py\", line 73, in forward\n    _gemm_kernel[grid](\n  File \"/home/lijiaxing/.conda/envs/api/lib/python3.10/site-packages/triton/runtime/jit.py\", line 390, in <lambda>\n    return lambda *args, **kwargs: self.run(grid=grid, warmup=False, *args, **kwargs)\n  File \"/home/lijiaxing/.conda/envs/api/lib/python3.10/site-packages/triton/runtime/jit.py\", line 594, in run\n    kernel = self.compile(src, target=target, options=options.__dict__)\n  File \"/home/lijiaxing/.conda/envs/api/lib/python3.10/site-packages/triton/compiler/compiler.py\", line 339, in compile\n    module = src.make_ir(options, codegen_fns, module_map, context)\n  File \"/home/lijiaxing/.conda/envs/api/lib/python3.10/site-packages/triton/compiler/compiler.py\", line 83, in make_ir\n    return ast_to_ttir(self.fn, self, context=context, options=options, codegen_fns=codegen_fns,\ntriton.compiler.errors.CompilationError: at 29:15:\n\n    x_ptr += offs_m[:, None] * stride_xm + offs_k[None, :] * stride_xk\n    w_ptr += offs_n[:, None] * stride_wn + offs_k[None, :] * stride_wk\n\n    acc = tl.zeros((BLOCK_M, BLOCK_N), dtype=tl.float32)\n\n    for k in range(0, K, BLOCK_K):\n        k_remaining = K - k\n        k_mask = offs_k[None, :] < k_remaining\n        x_val = tl.load(x_ptr, mask=k_mask, other=0.0)\n        w_val = tl.load(w_ptr, mask=k_mask, other=0.0)\n        acc += tl.dot(x_val, w_val, allow_tf32=True)\n               ^\n\n\nThe above exception was the direct cause of the following exception:\n\nTraceback (most recent call last):\n  File \"/home/lijiaxing/.conda/envs/api/lib/python3.10/site-packages/triton/language/core.py\", line 42, in wrapper\n    return fn(*args, **kwargs)\n  File \"/home/lijiaxing/.conda/envs/api/lib/python3.10/site-packages/triton/language/core.py\", line 2045, in dot\n    return _semantic.dot(input, other, acc, input_precision, max_num_imprecise_acc, out_dtype)\n  File \"/home/lijiaxing/.conda/envs/api/lib/python3.10/site-packages/triton/language/semantic.py\", line 1498, in dot\n    assert lhs.shape[-1].value == rhs.shape[\nAssertionError: First input shape (['constexpr[64]', 'constexpr[32]']) and second input shape ['constexpr[64]', 'constexpr[32]'] are not compatible for matmul (second index of first shape (32) must be equal to first index of second shape (64)\n",
          "runtime_error_name": "triton.compiler.errors.CompilationError",
          "reference_timing_ms": 0.0827,
          "speed_up": -1.0,
          "custom_timing": -1.0
        },
        "runtime": -1.0,
        "runtime_stats": {}
      }
    }
  },
  "language": "python",
  "timestamp": 1754579440.7996612,
  "saved_at": 1754579761.5025203
}