{"id": "4779a7ac-6006-418c-bb3a-c4ffc6e55624", "code": "_val[None, :, :, :]\n\n", "language": "python", "parent_id": "51d0df94-f53c-4b6a-87a8-0eaf34adfbf2", "generation": 2, "timestamp": 1754993275.8735118, "iteration_found": 17, "metrics": {"compiled": false, "correctness": false, "score": -100.0, "stage": "no_valid_triton_code", "feedback": "You need to generate real and valid triton code for the core function. The key word 'import triton' is not found."}, "complexity": 0.0, "diversity": 0.0, "metadata": {"changes": "Full rewrite", "parent_metrics": {"compiled": true, "correctness": false, "score": 10, "stage": "wrong_answer", "verify_payload": {"id": "level1_70_conv_transposed_3D__asymmetric_input__square_kernel", "result": {"compiled": true, "correctness": false, "metadata": {"hardware": "NVIDIA L20Y", "device": "cuda:5", "runtime_error": "Traceback (most recent call last):\n  File \"/home/lijiaxing/.conda/envs/api/lib/python3.10/site-packages/triton/language/core.py\", line 42, in wrapper\n    return fn(*args, **kwargs)\n  File \"/home/lijiaxing/.conda/envs/api/lib/python3.10/site-packages/triton/language/core.py\", line 1630, in program_id\n    return _semantic.program_id(axis)\n  File \"/home/lijiaxing/.conda/envs/api/lib/python3.10/site-packages/triton/language/semantic.py\", line 40, in program_id\n    raise ValueError(f\"program_id axis must be 0, 1, or 2 but got {axis}\")\nValueError: program_id axis must be 0, 1, or 2 but got 3\n\nThe above exception was the direct cause of the following exception:\n\nTraceback (most recent call last):\n  File \"/cpfs01/shared/llm_kernel/hujiakai/KernelLLM/validation_api_server/helpers/evaluations.py\", line 720, in run_and_check_correctness\n    output_new = model_new(*inputs)\n  File \"/home/lijiaxing/.conda/envs/api/lib/python3.10/site-packages/torch/nn/modules/module.py\", line 1773, in _wrapped_call_impl\n    return self._call_impl(*args, **kwargs)\n  File \"/home/lijiaxing/.conda/envs/api/lib/python3.10/site-packages/torch/nn/modules/module.py\", line 1784, in _call_impl\n    return forward_call(*args, **kwargs)\n  File \"/tmp/tmp9vd736dm.py\", line 173, in forward\n    conv_transpose3d_kernel[grid](\n  File \"/home/lijiaxing/.conda/envs/api/lib/python3.10/site-packages/triton/runtime/jit.py\", line 390, in <lambda>\n    return lambda *args, **kwargs: self.run(grid=grid, warmup=False, *args, **kwargs)\n  File \"/home/lijiaxing/.conda/envs/api/lib/python3.10/site-packages/triton/runtime/jit.py\", line 594, in run\n    kernel = self.compile(src, target=target, options=options.__dict__)\n  File \"/home/lijiaxing/.conda/envs/api/lib/python3.10/site-packages/triton/compiler/compiler.py\", line 339, in compile\n    module = src.make_ir(options, codegen_fns, module_map, context)\n  File \"/home/lijiaxing/.conda/envs/api/lib/python3.10/site-packages/triton/compiler/compiler.py\", line 83, in make_ir\n    return ast_to_ttir(self.fn, self, context=context, options=options, codegen_fns=codegen_fns,\ntriton.compiler.errors.CompilationError: at 24:12:\n    stride_w_oc, stride_w_ic, stride_w_d, stride_w_h, stride_w_k,\n    stride_out_b, stride_out_c, stride_out_d, stride_out_h, stride_out_w,\n    BLOCK_SIZE_C: tl.constexpr,\n    BLOCK_SIZE_D: tl.constexpr,\n    BLOCK_SIZE_H: tl.constexpr,\n    BLOCK_SIZE_W: tl.constexpr,\n):\n    # Program indices\n    pid_b = tl.program_id(0)\n    pid_d = tl.program_id(1)\n    pid_h = tl.program_id(2)\n    pid_w = tl.program_id(3)\n            ^\n\n\nThe above exception was the direct cause of the following exception:\n\nTraceback (most recent call last):\n  File \"/home/lijiaxing/.conda/envs/api/lib/python3.10/site-packages/triton/language/core.py\", line 42, in wrapper\n    return fn(*args, **kwargs)\n  File \"/home/lijiaxing/.conda/envs/api/lib/python3.10/site-packages/triton/language/core.py\", line 1630, in program_id\n    return _semantic.program_id(axis)\n  File \"/home/lijiaxing/.conda/envs/api/lib/python3.10/site-packages/triton/language/semantic.py\", line 40, in program_id\n    raise ValueError(f\"program_id axis must be 0, 1, or 2 but got {axis}\")\nValueError: program_id axis must be 0, 1, or 2 but got 3\n", "runtime_error_name": "triton.compiler.errors.CompilationError", "reference_timing_ms": 0.0497, "speed_up": -1.0, "custom_timing": -1.0}, "runtime": -1.0, "runtime_stats": {}}}}, "island": 1}, "artifacts_json": null, "artifact_dir": null}