2025-08-12 16:23:13,879 - openevolve.controller - INFO - Logging to openevolve_output/level1_95_CrossEntropyLoss/logs/openevolve_20250812_162313.log
2025-08-12 16:23:13,880 - openevolve.controller - INFO - Set random seed to 42 for reproducibility
2025-08-12 16:23:13,920 - openevolve.llm.ensemble - INFO - Initialized LLM ensemble with models: deepseek (weight: 0.80), deepseek (weight: 0.20)
2025-08-12 16:23:13,960 - openevolve.llm.ensemble - INFO - Initialized LLM ensemble with models: deepseek (weight: 0.80), deepseek (weight: 0.20)
2025-08-12 16:23:13,960 - openevolve.prompt.sampler - INFO - Set custom templates: system=evaluator_system_message, user=None
2025-08-12 16:23:13,960 - openevolve.database - INFO - Initialized program database with 0 programs
2025-08-12 16:23:13,977 - openevolve.evaluator - INFO - Successfully loaded evaluation function from openevolve_output/level1_95_CrossEntropyLoss/evaluation.py
2025-08-12 16:23:13,977 - openevolve.evaluator - INFO - Initialized evaluator with openevolve_output/level1_95_CrossEntropyLoss/evaluation.py
2025-08-12 16:23:13,977 - openevolve.controller - INFO - Initialized OpenEvolve with /tmp/7cc72a7c79ff39fecae082978e61ebef.py
2025-08-12 16:23:13,978 - openevolve.controller - INFO - Adding initial program to database
2025-08-12 16:23:13,979 - openevolve.RemoteSpeedupEvaluator - INFO - [level1_95_CrossEntropyLoss] verify_plus payload: reference_code(621 chars) + custom_code(745 chars)
2025-08-12 16:23:17,244 - openevolve.RemoteSpeedupEvaluator - INFO - [level1_95_CrossEntropyLoss] verify_plus request success
2025-08-12 16:23:17,244 - openevolve.RemoteSpeedupEvaluator - INFO - [level1_95_CrossEntropyLoss] verify_plus response: {"id":"level1_95_CrossEntropyLoss","result":{"compiled":true,"correctness":true,"metadata":{"hardware":"NVIDIA L20Y","device":"cuda:4","correctness_trials":"(5 / 5)","reference_timing_ms":0.0249,"speed_up":1.016,"custom_timing":0.0245},"runtime":0.0245,"runtime_stats":{"mean":0.0245,"std":0.00119,"min":0.0233,"max":0.0324,"num_trials":100,"hardware":"NVIDIA L20Y","device":"cuda:4"}}}
2025-08-12 16:23:17,244 - openevolve.evaluator - INFO - Evaluated program cb977197-f054-4177-984a-db6fb880bf09 in 3.27s: compiled=1.0000, correctness=1.0000, stage=reference code, passed=0.0000, score=0.0000, speed_up=1.0000, runtime_ms=0.0245, meta={'hardware': 'NVIDIA L20Y', 'device': 'cuda:4', 'correctness_trials': '(5 / 5)', 'reference_timing_ms': 0.0249, 'speed_up': 1.016, 'custom_timing': 0.0245}
2025-08-12 16:23:17,244 - openevolve.database - INFO - New MAP-Elites cell occupied: {'score': 0, 'complexity': 0}
2025-08-12 16:23:17,260 - openevolve.threaded_parallel - INFO - Initializing threaded evaluation pool with 3 workers
2025-08-12 16:23:17,261 - openevolve.threaded_parallel - INFO - Started thread pool with 3 threads
2025-08-12 16:23:17,261 - openevolve.threaded_parallel - INFO - Started improved parallel controller
2025-08-12 16:23:17,262 - openevolve.controller - INFO - Using island-based evolution with 3 islands
2025-08-12 16:23:17,262 - openevolve.database - INFO - Island Status:
2025-08-12 16:23:17,262 - openevolve.database - INFO -  * Island 0: 1 programs, best=0.0000, avg=0.0000, diversity=0.00, gen=0 (best: cb977197-f054-4177-984a-db6fb880bf09)
2025-08-12 16:23:17,262 - openevolve.database - INFO -    Island 1: 0 programs, best=0.0000, avg=0.0000, diversity=0.00, gen=0
2025-08-12 16:23:17,262 - openevolve.database - INFO -    Island 2: 0 programs, best=0.0000, avg=0.0000, diversity=0.00, gen=0
2025-08-12 16:23:17,262 - openevolve.threaded_parallel - INFO - Starting improved parallel evolution from iteration 0 for 30 iterations (total: 30)
2025-08-12 16:23:17,417 - openevolve.llm.ensemble - INFO - Initialized LLM ensemble with models: deepseek (weight: 0.80), deepseek (weight: 0.20)
2025-08-12 16:23:17,421 - openevolve.llm.ensemble - INFO - Initialized LLM ensemble with models: deepseek (weight: 0.80), deepseek (weight: 0.20)
2025-08-12 16:23:17,430 - openevolve.llm.ensemble - INFO - Initialized LLM ensemble with models: deepseek (weight: 0.80), deepseek (weight: 0.20)
2025-08-12 16:23:17,567 - openevolve.llm.ensemble - INFO - Initialized LLM ensemble with models: deepseek (weight: 0.80), deepseek (weight: 0.20)
2025-08-12 16:23:17,568 - openevolve.prompt.sampler - INFO - Set custom templates: system=evaluator_system_message, user=None
2025-08-12 16:23:17,570 - openevolve.evaluator - INFO - Successfully loaded evaluation function from openevolve_output/level1_95_CrossEntropyLoss/evaluation.py
2025-08-12 16:23:17,570 - openevolve.evaluator - INFO - Initialized evaluator with openevolve_output/level1_95_CrossEntropyLoss/evaluation.py
2025-08-12 16:23:17,572 - openevolve.llm.ensemble - INFO - Sampled model: deepseek
2025-08-12 16:23:17,576 - openevolve.llm.ensemble - INFO - Initialized LLM ensemble with models: deepseek (weight: 0.80), deepseek (weight: 0.20)
2025-08-12 16:23:17,576 - openevolve.prompt.sampler - INFO - Set custom templates: system=evaluator_system_message, user=None
2025-08-12 16:23:17,577 - openevolve.evaluator - INFO - Successfully loaded evaluation function from openevolve_output/level1_95_CrossEntropyLoss/evaluation.py
2025-08-12 16:23:17,578 - openevolve.evaluator - INFO - Initialized evaluator with openevolve_output/level1_95_CrossEntropyLoss/evaluation.py
2025-08-12 16:23:17,579 - openevolve.llm.ensemble - INFO - Sampled model: deepseek
2025-08-12 16:23:17,580 - openevolve.llm.ensemble - INFO - Initialized LLM ensemble with models: deepseek (weight: 0.80), deepseek (weight: 0.20)
2025-08-12 16:23:17,580 - openevolve.prompt.sampler - INFO - Set custom templates: system=evaluator_system_message, user=None
2025-08-12 16:23:17,582 - openevolve.evaluator - INFO - Successfully loaded evaluation function from openevolve_output/level1_95_CrossEntropyLoss/evaluation.py
2025-08-12 16:23:17,582 - openevolve.evaluator - INFO - Initialized evaluator with openevolve_output/level1_95_CrossEntropyLoss/evaluation.py
2025-08-12 16:23:17,584 - openevolve.llm.ensemble - INFO - Sampled model: deepseek
2025-08-12 16:36:49,315 - openevolve.RemoteSpeedupEvaluator - INFO - [level1_95_CrossEntropyLoss] triton key words check pass
2025-08-12 16:36:49,316 - openevolve.RemoteSpeedupEvaluator - INFO - [level1_95_CrossEntropyLoss] verify_plus payload: reference_code(621 chars) + custom_code(2208 chars)
2025-08-12 16:36:52,717 - openevolve.RemoteSpeedupEvaluator - INFO - [level1_95_CrossEntropyLoss] verify_plus request success
2025-08-12 16:36:52,717 - openevolve.RemoteSpeedupEvaluator - INFO - [level1_95_CrossEntropyLoss] verify_plus response: {"id":"level1_95_CrossEntropyLoss","result":{"compiled":true,"correctness":true,"metadata":{"hardware":"NVIDIA L20Y","device":"cuda:5","correctness_trials":"(5 / 5)","reference_timing_ms":0.0249,"speed_up":0.441,"custom_timing":0.0564},"runtime":0.0564,"runtime_stats":{"mean":0.0564,"std":0.00312,"min":0.0526,"max":0.0741,"num_trials":100,"hardware":"NVIDIA L20Y","device":"cuda:5"}}}
2025-08-12 16:36:52,717 - openevolve.RemoteSpeedupEvaluator - INFO - [level1_95_CrossEntropyLoss] âœ” success | speed_up=0.441  score=20.00
2025-08-12 16:36:52,718 - openevolve.evaluator - INFO - Evaluated program 334f291b-2916-40e5-8566-26642a1799cc in 3.40s: compiled=1.0000, correctness=1.0000, stage=success, passed=0.0000, score=20.0000, speed_up=0.4410, runtime_ms=0.0564, meta={'hardware': 'NVIDIA L20Y', 'device': 'cuda:5', 'correctness_trials': '(5 / 5)', 'reference_timing_ms': 0.0249, 'speed_up': 0.441, 'custom_timing': 0.0564}
2025-08-12 16:36:52,720 - openevolve.llm.ensemble - INFO - Sampled model: deepseek
2025-08-12 16:36:52,725 - openevolve.database - INFO - New MAP-Elites cell occupied: {'score': 9, 'complexity': 9}
2025-08-12 16:36:52,725 - openevolve.database - INFO - New best program 334f291b-2916-40e5-8566-26642a1799cc replaces cb977197-f054-4177-984a-db6fb880bf09
2025-08-12 16:36:52,730 - openevolve.threaded_parallel - INFO - Iteration 2: Program 334f291b-2916-40e5-8566-26642a1799cc (parent: cb977197-f054-4177-984a-db6fb880bf09) completed in 815.15s
2025-08-12 16:36:52,731 - openevolve.threaded_parallel - INFO - Metrics: compiled=1.0000, correctness=1.0000, stage=success, passed=0.0000, score=20.0000, speed_up=0.4410, runtime_ms=0.0564, meta={'hardware': 'NVIDIA L20Y', 'device': 'cuda:5', 'correctness_trials': '(5 / 5)', 'reference_timing_ms': 0.0249, 'speed_up': 0.441, 'custom_timing': 0.0564}
2025-08-12 16:36:52,731 - openevolve.threaded_parallel - INFO - ðŸŒŸ New best solution found at iteration 2: 334f291b-2916-40e5-8566-26642a1799cc
2025-08-12 16:38:40,508 - openevolve.RemoteSpeedupEvaluator - INFO - [level1_95_CrossEntropyLoss] triton key words check pass
2025-08-12 16:38:40,511 - openevolve.RemoteSpeedupEvaluator - INFO - [level1_95_CrossEntropyLoss] verify_plus payload: reference_code(621 chars) + custom_code(2696 chars)
2025-08-12 16:38:43,332 - openevolve.RemoteSpeedupEvaluator - INFO - [level1_95_CrossEntropyLoss] verify_plus request success
2025-08-12 16:38:43,333 - openevolve.RemoteSpeedupEvaluator - INFO - [level1_95_CrossEntropyLoss] verify_plus response: {"id":"level1_95_CrossEntropyLoss","result":{"compiled":true,"correctness":false,"metadata":{"hardware":"NVIDIA L20Y","device":"cuda:4","runtime_error":"Traceback (most recent call last):\n  File \"/home/lijiaxing/.conda/envs/api/lib/python3.10/site-packages/triton/language/core.py\", line 42, in wrapper\n    return fn(*args, **kwargs)\n  File \"/home/lijiaxing/.conda/envs/api/lib/python3.10/site-packages/triton/language/core.py\", line 1654, in arange\n    return _semantic.arange(start, end)\n  File \"/home/lijiaxing/.conda/envs/api/lib/python3.10/site-packages/triton/language/semantic.py\", line 583, in arange\n    raise ValueError(\"arange's range must be a power of 2\")\nValueError: arange's range must be a power of 2\n\nThe above exception was the direct cause of the following excepti
2025-08-12 16:38:43,333 - openevolve.RemoteSpeedupEvaluator - INFO - [level1_95_CrossEntropyLoss] âœ˜ wrong_answer
2025-08-12 16:38:43,333 - openevolve.evaluator - INFO - Evaluated program 4a4374cc-d0c3-4ba7-95c9-3e23aa53354c in 2.83s: compiled=1.0000, correctness=0.0000, score=10.0000, stage=wrong_answer, verify_payload={'id': 'level1_95_CrossEntropyLoss', 'result': {'compiled': True, 'correctness': False, 'metadata': {'hardware': 'NVIDIA L20Y', 'device': 'cuda:4', 'runtime_error': 'Traceback (most recent call last):\n  File "/home/lijiaxing/.conda/envs/api/lib/python3.10/site-packages/triton/language/core.py", line 42, in wrapper\n    return fn(*args, **kwargs)\n  File "/home/lijiaxing/.conda/envs/api/lib/python3.10/site-packages/triton/language/core.py", line 1654, in arange\n    return _semantic.arange(start, end)\n  File "/home/lijiaxing/.conda/envs/api/lib/python3.10/site-packages/triton/language/semantic.py", line 583, in arange\n    raise ValueError("arange\'s range must be a power of 2")\nValueError: arange\'s range must be a power of 2\n\nThe above exception was the direct cause of the following exception:\n\nTraceback (most recent call last):\n  File "/cpfs01/shared/llm_kernel/hujiakai/KernelLLM/validation_api_server/helpers/evaluations.py", line 720, in run_and_check_correctness\n    output_new = model_new(*inputs)\n  File "/home/lijiaxing/.conda/envs/api/lib/python3.10/site-packages/torch/nn/modules/module.py", line 1773, in _wrapped_call_impl\n    return self._call_impl(*args, **kwargs)\n  File "/home/lijiaxing/.conda/envs/api/lib/python3.10/site-packages/torch/nn/modules/module.py", line 1784, in _call_impl\n    return forward_call(*args, **kwargs)\n  File "/tmp/tmp1llj3oxt.py", line 70, in forward\n    cross_entropy_kernel[grid](\n  File "/home/lijiaxing/.conda/envs/api/lib/python3.10/site-packages/triton/runtime/jit.py", line 390, in <lambda>\n    return lambda *args, **kwargs: self.run(grid=grid, warmup=False, *args, **kwargs)\n  File "/home/lijiaxing/.conda/envs/api/lib/python3.10/site-packages/triton/runtime/jit.py", line 594, in run\n    kernel = self.compile(src, target=target, options=options.__dict__)\n  File "/home/lijiaxing/.conda/envs/api/lib/python3.10/site-packages/triton/compiler/compiler.py", line 339, in compile\n    module = src.make_ir(options, codegen_fns, module_map, context)\n  File "/home/lijiaxing/.conda/envs/api/lib/python3.10/site-packages/triton/compiler/compiler.py", line 83, in make_ir\n    return ast_to_ttir(self.fn, self, context=context, options=options, codegen_fns=codegen_fns,\ntriton.compiler.errors.CompilationError: at 19:40:\n    BLOCK_SIZE: tl.constexpr\n):\n    pid = tl.program_id(0)\n    row_idx = pid * BLOCK_SIZE + tl.arange(0, BLOCK_SIZE)\n    mask = row_idx < batch_size\n\n    # Load target indices for the block\n    target_indices = tl.load(targets_ptr + row_idx, mask=mask, other=0)\n\n    # Compute row start positions in predictions tensor\n    row_starts = row_idx * stride_pred\n    row_offsets = row_starts[:, None] + tl.arange(0, num_classes)[None, :]\n                                        ^\n\n\nThe above exception was the direct cause of the following exception:\n\nTraceback (most recent call last):\n  File "/home/lijiaxing/.conda/envs/api/lib/python3.10/site-packages/triton/language/core.py", line 42, in wrapper\n    return fn(*args, **kwargs)\n  File "/home/lijiaxing/.conda/envs/api/lib/python3.10/site-packages/triton/language/core.py", line 1654, in arange\n    return _semantic.arange(start, end)\n  File "/home/lijiaxing/.conda/envs/api/lib/python3.10/site-packages/triton/language/semantic.py", line 583, in arange\n    raise ValueError("arange\'s range must be a power of 2")\nValueError: arange\'s range must be a power of 2\n', 'runtime_error_name': 'triton.compiler.errors.CompilationError', 'reference_timing_ms': 0.0249, 'speed_up': -1.0, 'custom_timing': -1.0}, 'runtime': -1.0, 'runtime_stats': {}}}
2025-08-12 16:38:43,336 - openevolve.llm.ensemble - INFO - Sampled model: deepseek
2025-08-12 16:38:43,352 - openevolve.threaded_parallel - INFO - Iteration 1: Program 4a4374cc-d0c3-4ba7-95c9-3e23aa53354c (parent: cb977197-f054-4177-984a-db6fb880bf09) completed in 925.75s
2025-08-12 16:38:43,352 - openevolve.threaded_parallel - INFO - Metrics: compiled=1.0000, correctness=0.0000, score=10.0000, stage=wrong_answer, verify_payload={'id': 'level1_95_CrossEntropyLoss', 'result': {'compiled': True, 'correctness': False, 'metadata': {'hardware': 'NVIDIA L20Y', 'device': 'cuda:4', 'runtime_error': 'Traceback (most recent call last):\n  File "/home/lijiaxing/.conda/envs/api/lib/python3.10/site-packages/triton/language/core.py", line 42, in wrapper\n    return fn(*args, **kwargs)\n  File "/home/lijiaxing/.conda/envs/api/lib/python3.10/site-packages/triton/language/core.py", line 1654, in arange\n    return _semantic.arange(start, end)\n  File "/home/lijiaxing/.conda/envs/api/lib/python3.10/site-packages/triton/language/semantic.py", line 583, in arange\n    raise ValueError("arange\'s range must be a power of 2")\nValueError: arange\'s range must be a power of 2\n\nThe above exception was the direct cause of the following exception:\n\nTraceback (most recent call last):\n  File "/cpfs01/shared/llm_kernel/hujiakai/KernelLLM/validation_api_server/helpers/evaluations.py", line 720, in run_and_check_correctness\n    output_new = model_new(*inputs)\n  File "/home/lijiaxing/.conda/envs/api/lib/python3.10/site-packages/torch/nn/modules/module.py", line 1773, in _wrapped_call_impl\n    return self._call_impl(*args, **kwargs)\n  File "/home/lijiaxing/.conda/envs/api/lib/python3.10/site-packages/torch/nn/modules/module.py", line 1784, in _call_impl\n    return forward_call(*args, **kwargs)\n  File "/tmp/tmp1llj3oxt.py", line 70, in forward\n    cross_entropy_kernel[grid](\n  File "/home/lijiaxing/.conda/envs/api/lib/python3.10/site-packages/triton/runtime/jit.py", line 390, in <lambda>\n    return lambda *args, **kwargs: self.run(grid=grid, warmup=False, *args, **kwargs)\n  File "/home/lijiaxing/.conda/envs/api/lib/python3.10/site-packages/triton/runtime/jit.py", line 594, in run\n    kernel = self.compile(src, target=target, options=options.__dict__)\n  File "/home/lijiaxing/.conda/envs/api/lib/python3.10/site-packages/triton/compiler/compiler.py", line 339, in compile\n    module = src.make_ir(options, codegen_fns, module_map, context)\n  File "/home/lijiaxing/.conda/envs/api/lib/python3.10/site-packages/triton/compiler/compiler.py", line 83, in make_ir\n    return ast_to_ttir(self.fn, self, context=context, options=options, codegen_fns=codegen_fns,\ntriton.compiler.errors.CompilationError: at 19:40:\n    BLOCK_SIZE: tl.constexpr\n):\n    pid = tl.program_id(0)\n    row_idx = pid * BLOCK_SIZE + tl.arange(0, BLOCK_SIZE)\n    mask = row_idx < batch_size\n\n    # Load target indices for the block\n    target_indices = tl.load(targets_ptr + row_idx, mask=mask, other=0)\n\n    # Compute row start positions in predictions tensor\n    row_starts = row_idx * stride_pred\n    row_offsets = row_starts[:, None] + tl.arange(0, num_classes)[None, :]\n                                        ^\n\n\nThe above exception was the direct cause of the following exception:\n\nTraceback (most recent call last):\n  File "/home/lijiaxing/.conda/envs/api/lib/python3.10/site-packages/triton/language/core.py", line 42, in wrapper\n    return fn(*args, **kwargs)\n  File "/home/lijiaxing/.conda/envs/api/lib/python3.10/site-packages/triton/language/core.py", line 1654, in arange\n    return _semantic.arange(start, end)\n  File "/home/lijiaxing/.conda/envs/api/lib/python3.10/site-packages/triton/language/semantic.py", line 583, in arange\n    raise ValueError("arange\'s range must be a power of 2")\nValueError: arange\'s range must be a power of 2\n', 'runtime_error_name': 'triton.compiler.errors.CompilationError', 'reference_timing_ms': 0.0249, 'speed_up': -1.0, 'custom_timing': -1.0}, 'runtime': -1.0, 'runtime_stats': {}}}
2025-08-12 16:39:13,104 - openevolve.RemoteSpeedupEvaluator - INFO - [level1_95_CrossEntropyLoss] triton key words check pass
2025-08-12 16:39:13,105 - openevolve.RemoteSpeedupEvaluator - INFO - [level1_95_CrossEntropyLoss] verify_plus payload: reference_code(621 chars) + custom_code(2853 chars)
2025-08-12 16:39:16,411 - openevolve.RemoteSpeedupEvaluator - INFO - [level1_95_CrossEntropyLoss] verify_plus request success
2025-08-12 16:39:16,411 - openevolve.RemoteSpeedupEvaluator - INFO - [level1_95_CrossEntropyLoss] verify_plus response: {"id":"level1_95_CrossEntropyLoss","result":{"compiled":true,"correctness":false,"metadata":{"hardware":"NVIDIA L20Y","device":"cuda:1","runtime_error":"Traceback (most recent call last):\n  File \"/home/lijiaxing/.conda/envs/api/lib/python3.10/site-packages/triton/language/core.py\", line 42, in wrapper\n    return fn(*args, **kwargs)\nTypeError: load() got an unexpected keyword argument 'dtype'\n\nThe above exception was the direct cause of the following exception:\n\nTraceback (most recent call last):\n  File \"/cpfs01/shared/llm_kernel/hujiakai/KernelLLM/validation_api_server/helpers/evaluations.py\", line 720, in run_and_check_correctness\n    output_new = model_new(*inputs)\n  File \"/home/lijiaxing/.conda/envs/api/lib/python3.10/site-packages/torch/nn/modules/module.py\", line 1773,
2025-08-12 16:39:16,412 - openevolve.RemoteSpeedupEvaluator - INFO - [level1_95_CrossEntropyLoss] âœ˜ wrong_answer
2025-08-12 16:39:16,412 - openevolve.evaluator - INFO - Evaluated program a9b2b1b8-8967-4543-aa04-27d83abe45ba in 3.31s: compiled=1.0000, correctness=0.0000, score=10.0000, stage=wrong_answer, verify_payload={'id': 'level1_95_CrossEntropyLoss', 'result': {'compiled': True, 'correctness': False, 'metadata': {'hardware': 'NVIDIA L20Y', 'device': 'cuda:1', 'runtime_error': 'Traceback (most recent call last):\n  File "/home/lijiaxing/.conda/envs/api/lib/python3.10/site-packages/triton/language/core.py", line 42, in wrapper\n    return fn(*args, **kwargs)\nTypeError: load() got an unexpected keyword argument \'dtype\'\n\nThe above exception was the direct cause of the following exception:\n\nTraceback (most recent call last):\n  File "/cpfs01/shared/llm_kernel/hujiakai/KernelLLM/validation_api_server/helpers/evaluations.py", line 720, in run_and_check_correctness\n    output_new = model_new(*inputs)\n  File "/home/lijiaxing/.conda/envs/api/lib/python3.10/site-packages/torch/nn/modules/module.py", line 1773, in _wrapped_call_impl\n    return self._call_impl(*args, **kwargs)\n  File "/home/lijiaxing/.conda/envs/api/lib/python3.10/site-packages/torch/nn/modules/module.py", line 1784, in _call_impl\n    return forward_call(*args, **kwargs)\n  File "/tmp/tmprtlqv8mj.py", line 68, in forward\n    _cross_entropy_kernel[grid](\n  File "/home/lijiaxing/.conda/envs/api/lib/python3.10/site-packages/triton/runtime/jit.py", line 390, in <lambda>\n    return lambda *args, **kwargs: self.run(grid=grid, warmup=False, *args, **kwargs)\n  File "/home/lijiaxing/.conda/envs/api/lib/python3.10/site-packages/triton/runtime/jit.py", line 594, in run\n    kernel = self.compile(src, target=target, options=options.__dict__)\n  File "/home/lijiaxing/.conda/envs/api/lib/python3.10/site-packages/triton/compiler/compiler.py", line 339, in compile\n    module = src.make_ir(options, codegen_fns, module_map, context)\n  File "/home/lijiaxing/.conda/envs/api/lib/python3.10/site-packages/triton/compiler/compiler.py", line 83, in make_ir\n    return ast_to_ttir(self.fn, self, context=context, options=options, codegen_fns=codegen_fns,\ntriton.compiler.errors.CompilationError: at 14:17:\n    targets_ptr,\n    per_sample_loss_ptr,\n    stride_pred0,\n    stride_pred1,\n    stride_targets,\n    stride_loss,\n    num_classes: tl.constexpr,\n    BLOCK_SIZE: tl.constexpr\n):\n    pid = tl.program_id(0)\n    # Load target index\n    target_idx = tl.load(targets_ptr + pid * stride_targets, dtype=tl.int64)\n                 ^\n\n\nThe above exception was the direct cause of the following exception:\n\nTraceback (most recent call last):\n  File "/home/lijiaxing/.conda/envs/api/lib/python3.10/site-packages/triton/language/core.py", line 42, in wrapper\n    return fn(*args, **kwargs)\nTypeError: load() got an unexpected keyword argument \'dtype\'\n', 'runtime_error_name': 'triton.compiler.errors.CompilationError', 'reference_timing_ms': 0.0249, 'speed_up': -1.0, 'custom_timing': -1.0}, 'runtime': -1.0, 'runtime_stats': {}}}
2025-08-12 16:39:16,415 - openevolve.llm.ensemble - INFO - Sampled model: deepseek
2025-08-12 16:39:16,427 - openevolve.threaded_parallel - INFO - Iteration 0: Program a9b2b1b8-8967-4543-aa04-27d83abe45ba (parent: cb977197-f054-4177-984a-db6fb880bf09) completed in 958.83s
2025-08-12 16:39:16,427 - openevolve.threaded_parallel - INFO - Metrics: compiled=1.0000, correctness=0.0000, score=10.0000, stage=wrong_answer, verify_payload={'id': 'level1_95_CrossEntropyLoss', 'result': {'compiled': True, 'correctness': False, 'metadata': {'hardware': 'NVIDIA L20Y', 'device': 'cuda:1', 'runtime_error': 'Traceback (most recent call last):\n  File "/home/lijiaxing/.conda/envs/api/lib/python3.10/site-packages/triton/language/core.py", line 42, in wrapper\n    return fn(*args, **kwargs)\nTypeError: load() got an unexpected keyword argument \'dtype\'\n\nThe above exception was the direct cause of the following exception:\n\nTraceback (most recent call last):\n  File "/cpfs01/shared/llm_kernel/hujiakai/KernelLLM/validation_api_server/helpers/evaluations.py", line 720, in run_and_check_correctness\n    output_new = model_new(*inputs)\n  File "/home/lijiaxing/.conda/envs/api/lib/python3.10/site-packages/torch/nn/modules/module.py", line 1773, in _wrapped_call_impl\n    return self._call_impl(*args, **kwargs)\n  File "/home/lijiaxing/.conda/envs/api/lib/python3.10/site-packages/torch/nn/modules/module.py", line 1784, in _call_impl\n    return forward_call(*args, **kwargs)\n  File "/tmp/tmprtlqv8mj.py", line 68, in forward\n    _cross_entropy_kernel[grid](\n  File "/home/lijiaxing/.conda/envs/api/lib/python3.10/site-packages/triton/runtime/jit.py", line 390, in <lambda>\n    return lambda *args, **kwargs: self.run(grid=grid, warmup=False, *args, **kwargs)\n  File "/home/lijiaxing/.conda/envs/api/lib/python3.10/site-packages/triton/runtime/jit.py", line 594, in run\n    kernel = self.compile(src, target=target, options=options.__dict__)\n  File "/home/lijiaxing/.conda/envs/api/lib/python3.10/site-packages/triton/compiler/compiler.py", line 339, in compile\n    module = src.make_ir(options, codegen_fns, module_map, context)\n  File "/home/lijiaxing/.conda/envs/api/lib/python3.10/site-packages/triton/compiler/compiler.py", line 83, in make_ir\n    return ast_to_ttir(self.fn, self, context=context, options=options, codegen_fns=codegen_fns,\ntriton.compiler.errors.CompilationError: at 14:17:\n    targets_ptr,\n    per_sample_loss_ptr,\n    stride_pred0,\n    stride_pred1,\n    stride_targets,\n    stride_loss,\n    num_classes: tl.constexpr,\n    BLOCK_SIZE: tl.constexpr\n):\n    pid = tl.program_id(0)\n    # Load target index\n    target_idx = tl.load(targets_ptr + pid * stride_targets, dtype=tl.int64)\n                 ^\n\n\nThe above exception was the direct cause of the following exception:\n\nTraceback (most recent call last):\n  File "/home/lijiaxing/.conda/envs/api/lib/python3.10/site-packages/triton/language/core.py", line 42, in wrapper\n    return fn(*args, **kwargs)\nTypeError: load() got an unexpected keyword argument \'dtype\'\n', 'runtime_error_name': 'triton.compiler.errors.CompilationError', 'reference_timing_ms': 0.0249, 'speed_up': -1.0, 'custom_timing': -1.0}, 'runtime': -1.0, 'runtime_stats': {}}}
2025-08-12 16:39:16,427 - openevolve.threaded_parallel - INFO - Checkpoint interval reached at iteration 0
2025-08-12 16:39:16,428 - openevolve.database - INFO - Island Status:
2025-08-12 16:39:16,428 - openevolve.database - INFO -    Island 0: 3 programs, best=20.0000, avg=10.0000, diversity=541.93, gen=1 (best: 334f291b-2916-40e5-8566-26642a1799cc)
2025-08-12 16:39:16,428 - openevolve.database - INFO -  * Island 1: 2 programs, best=20.0000, avg=15.0000, diversity=185.50, gen=2 (best: a9b2b1b8-8967-4543-aa04-27d83abe45ba)
2025-08-12 16:39:16,428 - openevolve.database - INFO -    Island 2: 0 programs, best=0.0000, avg=0.0000, diversity=0.00, gen=0
2025-08-12 16:39:16,478 - openevolve.database - INFO - Saved database with 4 programs to openevolve_output/level1_95_CrossEntropyLoss/checkpoints/checkpoint_0
2025-08-12 16:39:16,489 - openevolve.controller - INFO - Saved best program at checkpoint 0 with metrics: compiled=1.0000, correctness=1.0000, stage=success, passed=0.0000, score=20.0000, speed_up=0.4410, runtime_ms=0.0564, meta={'hardware': 'NVIDIA L20Y', 'device': 'cuda:5', 'correctness_trials': '(5 / 5)', 'reference_timing_ms': 0.0249, 'speed_up': 0.441, 'custom_timing': 0.0564}
2025-08-12 16:39:16,489 - openevolve.controller - INFO - Saved checkpoint at iteration 0 to openevolve_output/level1_95_CrossEntropyLoss/checkpoints/checkpoint_0
2025-08-12 16:47:20,179 - openevolve.RemoteSpeedupEvaluator - INFO - [level1_95_CrossEntropyLoss] triton key words check pass
2025-08-12 16:47:20,180 - openevolve.RemoteSpeedupEvaluator - INFO - [level1_95_CrossEntropyLoss] verify_plus payload: reference_code(621 chars) + custom_code(2550 chars)
2025-08-12 16:47:23,798 - openevolve.RemoteSpeedupEvaluator - INFO - [level1_95_CrossEntropyLoss] verify_plus request success
2025-08-12 16:47:23,798 - openevolve.RemoteSpeedupEvaluator - INFO - [level1_95_CrossEntropyLoss] verify_plus response: {"id":"level1_95_CrossEntropyLoss","result":{"compiled":true,"correctness":true,"metadata":{"hardware":"NVIDIA L20Y","device":"cuda:7","correctness_trials":"(5 / 5)","reference_timing_ms":0.0249,"speed_up":0.441,"custom_timing":0.0564},"runtime":0.0564,"runtime_stats":{"mean":0.0564,"std":0.003,"min":0.0533,"max":0.069,"num_trials":100,"hardware":"NVIDIA L20Y","device":"cuda:7"}}}
2025-08-12 16:47:23,798 - openevolve.RemoteSpeedupEvaluator - INFO - [level1_95_CrossEntropyLoss] âœ” success | speed_up=0.441  score=20.00
2025-08-12 16:47:23,799 - openevolve.evaluator - INFO - Evaluated program 1d17b150-a092-475d-8fcb-01472acbf0b5 in 3.62s: compiled=1.0000, correctness=1.0000, stage=success, passed=0.0000, score=20.0000, speed_up=0.4410, runtime_ms=0.0564, meta={'hardware': 'NVIDIA L20Y', 'device': 'cuda:7', 'correctness_trials': '(5 / 5)', 'reference_timing_ms': 0.0249, 'speed_up': 0.441, 'custom_timing': 0.0564}
2025-08-12 16:47:23,801 - openevolve.llm.ensemble - INFO - Sampled model: deepseek
2025-08-12 16:47:23,808 - openevolve.database - INFO - New MAP-Elites cell occupied: {'score': 9, 'complexity': 8}
2025-08-12 16:47:23,815 - openevolve.threaded_parallel - INFO - Iteration 5: Program 1d17b150-a092-475d-8fcb-01472acbf0b5 (parent: 334f291b-2916-40e5-8566-26642a1799cc) completed in 487.38s
2025-08-12 16:47:23,815 - openevolve.threaded_parallel - INFO - Metrics: compiled=1.0000, correctness=1.0000, stage=success, passed=0.0000, score=20.0000, speed_up=0.4410, runtime_ms=0.0564, meta={'hardware': 'NVIDIA L20Y', 'device': 'cuda:7', 'correctness_trials': '(5 / 5)', 'reference_timing_ms': 0.0249, 'speed_up': 0.441, 'custom_timing': 0.0564}
2025-08-12 16:49:20,132 - openevolve.RemoteSpeedupEvaluator - INFO - [level1_95_CrossEntropyLoss] triton key words check pass
2025-08-12 16:49:20,133 - openevolve.RemoteSpeedupEvaluator - INFO - [level1_95_CrossEntropyLoss] verify_plus payload: reference_code(621 chars) + custom_code(2327 chars)
2025-08-12 16:49:23,836 - openevolve.RemoteSpeedupEvaluator - INFO - [level1_95_CrossEntropyLoss] verify_plus request success
2025-08-12 16:49:23,836 - openevolve.RemoteSpeedupEvaluator - INFO - [level1_95_CrossEntropyLoss] verify_plus response: {"id":"level1_95_CrossEntropyLoss","result":{"compiled":true,"correctness":true,"metadata":{"hardware":"NVIDIA L20Y","device":"cuda:1","correctness_trials":"(5 / 5)","reference_timing_ms":0.0249,"speed_up":0.385,"custom_timing":0.0647},"runtime":0.0647,"runtime_stats":{"mean":0.0647,"std":0.0025,"min":0.0613,"max":0.076,"num_trials":100,"hardware":"NVIDIA L20Y","device":"cuda:1"}}}
2025-08-12 16:49:23,836 - openevolve.RemoteSpeedupEvaluator - INFO - [level1_95_CrossEntropyLoss] âœ” success | speed_up=0.385  score=20.00
2025-08-12 16:49:23,837 - openevolve.evaluator - INFO - Evaluated program 7fbce3a8-4d6f-4513-856e-27af6b6218da in 3.71s: compiled=1.0000, correctness=1.0000, stage=success, passed=0.0000, score=20.0000, speed_up=0.3850, runtime_ms=0.0647, meta={'hardware': 'NVIDIA L20Y', 'device': 'cuda:1', 'correctness_trials': '(5 / 5)', 'reference_timing_ms': 0.0249, 'speed_up': 0.385, 'custom_timing': 0.0647}
2025-08-12 16:49:23,840 - openevolve.llm.ensemble - INFO - Sampled model: deepseek
2025-08-12 16:49:23,843 - openevolve.database - INFO - New MAP-Elites cell occupied: {'score': 9, 'complexity': 7}
2025-08-12 16:49:23,849 - openevolve.threaded_parallel - INFO - Iteration 3: Program 7fbce3a8-4d6f-4513-856e-27af6b6218da (parent: cb977197-f054-4177-984a-db6fb880bf09) completed in 751.12s
2025-08-12 16:49:23,849 - openevolve.threaded_parallel - INFO - Metrics: compiled=1.0000, correctness=1.0000, stage=success, passed=0.0000, score=20.0000, speed_up=0.3850, runtime_ms=0.0647, meta={'hardware': 'NVIDIA L20Y', 'device': 'cuda:1', 'correctness_trials': '(5 / 5)', 'reference_timing_ms': 0.0249, 'speed_up': 0.385, 'custom_timing': 0.0647}
2025-08-12 16:49:23,849 - openevolve.threaded_parallel - INFO - Checkpoint interval reached at iteration 3
2025-08-12 16:49:23,849 - openevolve.database - INFO - Island Status:
2025-08-12 16:49:23,849 - openevolve.database - INFO -  * Island 0: 3 programs, best=20.0000, avg=10.0000, diversity=541.93, gen=2 (best: 334f291b-2916-40e5-8566-26642a1799cc)
2025-08-12 16:49:23,849 - openevolve.database - INFO -    Island 1: 3 programs, best=20.0000, avg=16.6667, diversity=124.67, gen=2 (best: 1d17b150-a092-475d-8fcb-01472acbf0b5)
2025-08-12 16:49:23,849 - openevolve.database - INFO -    Island 2: 2 programs, best=20.0000, avg=20.0000, diversity=82.90, gen=1 (best: 7fbce3a8-4d6f-4513-856e-27af6b6218da)
2025-08-12 16:49:23,936 - openevolve.database - INFO - Saved database with 6 programs to openevolve_output/level1_95_CrossEntropyLoss/checkpoints/checkpoint_3
2025-08-12 16:49:23,945 - openevolve.controller - INFO - Saved best program at checkpoint 3 with metrics: compiled=1.0000, correctness=1.0000, stage=success, passed=0.0000, score=20.0000, speed_up=0.4410, runtime_ms=0.0564, meta={'hardware': 'NVIDIA L20Y', 'device': 'cuda:5', 'correctness_trials': '(5 / 5)', 'reference_timing_ms': 0.0249, 'speed_up': 0.441, 'custom_timing': 0.0564}
2025-08-12 16:49:23,945 - openevolve.controller - INFO - Saved checkpoint at iteration 3 to openevolve_output/level1_95_CrossEntropyLoss/checkpoints/checkpoint_3
2025-08-12 16:52:50,304 - openevolve.RemoteSpeedupEvaluator - INFO - [level1_95_CrossEntropyLoss] triton key words check pass
2025-08-12 16:52:50,305 - openevolve.RemoteSpeedupEvaluator - INFO - [level1_95_CrossEntropyLoss] verify_plus payload: reference_code(621 chars) + custom_code(3180 chars)
2025-08-12 16:52:53,273 - openevolve.RemoteSpeedupEvaluator - INFO - [level1_95_CrossEntropyLoss] verify_plus request success
2025-08-12 16:52:53,273 - openevolve.RemoteSpeedupEvaluator - INFO - [level1_95_CrossEntropyLoss] verify_plus response: {"id":"level1_95_CrossEntropyLoss","result":{"compiled":true,"correctness":false,"metadata":{"hardware":"NVIDIA L20Y","device":"cuda:5","runtime_error":"Traceback (most recent call last):\n  File \"/home/lijiaxing/.conda/envs/api/lib/python3.10/site-packages/triton/language/core.py\", line 42, in wrapper\n    return fn(*args, **kwargs)\n  File \"/home/lijiaxing/.conda/envs/api/lib/python3.10/site-packages/triton/language/core.py\", line 1654, in arange\n    return _semantic.arange(start, end)\n  File \"/home/lijiaxing/.conda/envs/api/lib/python3.10/site-packages/triton/language/semantic.py\", line 574, in arange\n    raise ValueError(\"arange's arguments must be of type tl.constexpr\")\nValueError: arange's arguments must be of type tl.constexpr\n\nThe above exception was the direct cause 
2025-08-12 16:52:53,273 - openevolve.RemoteSpeedupEvaluator - INFO - [level1_95_CrossEntropyLoss] âœ˜ wrong_answer
2025-08-12 16:52:53,274 - openevolve.evaluator - INFO - Evaluated program 54c8116f-71cb-42b3-9a12-c02f17ace74b in 2.97s: compiled=1.0000, correctness=0.0000, score=10.0000, stage=wrong_answer, verify_payload={'id': 'level1_95_CrossEntropyLoss', 'result': {'compiled': True, 'correctness': False, 'metadata': {'hardware': 'NVIDIA L20Y', 'device': 'cuda:5', 'runtime_error': 'Traceback (most recent call last):\n  File "/home/lijiaxing/.conda/envs/api/lib/python3.10/site-packages/triton/language/core.py", line 42, in wrapper\n    return fn(*args, **kwargs)\n  File "/home/lijiaxing/.conda/envs/api/lib/python3.10/site-packages/triton/language/core.py", line 1654, in arange\n    return _semantic.arange(start, end)\n  File "/home/lijiaxing/.conda/envs/api/lib/python3.10/site-packages/triton/language/semantic.py", line 574, in arange\n    raise ValueError("arange\'s arguments must be of type tl.constexpr")\nValueError: arange\'s arguments must be of type tl.constexpr\n\nThe above exception was the direct cause of the following exception:\n\nTraceback (most recent call last):\n  File "/cpfs01/shared/llm_kernel/hujiakai/KernelLLM/validation_api_server/helpers/evaluations.py", line 720, in run_and_check_correctness\n    output_new = model_new(*inputs)\n  File "/home/lijiaxing/.conda/envs/api/lib/python3.10/site-packages/torch/nn/modules/module.py", line 1773, in _wrapped_call_impl\n    return self._call_impl(*args, **kwargs)\n  File "/home/lijiaxing/.conda/envs/api/lib/python3.10/site-packages/torch/nn/modules/module.py", line 1784, in _call_impl\n    return forward_call(*args, **kwargs)\n  File "/tmp/tmpgt8acdbj.py", line 78, in forward\n    cross_entropy_kernel[grid](\n  File "/home/lijiaxing/.conda/envs/api/lib/python3.10/site-packages/triton/runtime/jit.py", line 390, in <lambda>\n    return lambda *args, **kwargs: self.run(grid=grid, warmup=False, *args, **kwargs)\n  File "/home/lijiaxing/.conda/envs/api/lib/python3.10/site-packages/triton/runtime/autotuner.py", line 239, in run\n    benchmark()\n  File "/home/lijiaxing/.conda/envs/api/lib/python3.10/site-packages/triton/runtime/autotuner.py", line 228, in benchmark\n    timings = {config: self._bench(*args, config=config, **kwargs) for config in pruned_configs}\n  File "/home/lijiaxing/.conda/envs/api/lib/python3.10/site-packages/triton/runtime/autotuner.py", line 228, in <dictcomp>\n    timings = {config: self._bench(*args, config=config, **kwargs) for config in pruned_configs}\n  File "/home/lijiaxing/.conda/envs/api/lib/python3.10/site-packages/triton/runtime/autotuner.py", line 160, in _bench\n    return self.do_bench(kernel_call, quantiles=(0.5, 0.2, 0.8))\n  File "/home/lijiaxing/.conda/envs/api/lib/python3.10/site-packages/triton/testing.py", line 149, in do_bench\n    fn()\n  File "/home/lijiaxing/.conda/envs/api/lib/python3.10/site-packages/triton/runtime/autotuner.py", line 146, in kernel_call\n    self.fn.run(\n  File "/home/lijiaxing/.conda/envs/api/lib/python3.10/site-packages/triton/runtime/jit.py", line 594, in run\n    kernel = self.compile(src, target=target, options=options.__dict__)\n  File "/home/lijiaxing/.conda/envs/api/lib/python3.10/site-packages/triton/compiler/compiler.py", line 339, in compile\n    module = src.make_ir(options, codegen_fns, module_map, context)\n  File "/home/lijiaxing/.conda/envs/api/lib/python3.10/site-packages/triton/compiler/compiler.py", line 83, in make_ir\n    return ast_to_ttir(self.fn, self, context=context, options=options, codegen_fns=codegen_fns,\ntriton.compiler.errors.CompilationError: at 26:18:\n    # Load targets for all rows in block\n    targets = tl.load(targets_ptr + row_idx, mask=mask)\n\n    # Calculate base pointers for logits\n    logit_base = logits_ptr + row_idx * stride_logits_batch\n    target_logit_ptrs = logit_base + targets * stride_logits_class\n\n    # Load target logits directly\n    target_logits = tl.load(target_logit_ptrs, mask=mask)\n\n    # Load entire logit rows\n    col_offsets = tl.arange(0, n_classes)\n                  ^\n\n\nThe above exception was the direct cause of the following exception:\n\nTraceback (most recent call last):\n  File "/home/lijiaxing/.conda/envs/api/lib/python3.10/site-packages/triton/language/core.py", line 42, in wrapper\n    return fn(*args, **kwargs)\n  File "/home/lijiaxing/.conda/envs/api/lib/python3.10/site-packages/triton/language/core.py", line 1654, in arange\n    return _semantic.arange(start, end)\n  File "/home/lijiaxing/.conda/envs/api/lib/python3.10/site-packages/triton/language/semantic.py", line 574, in arange\n    raise ValueError("arange\'s arguments must be of type tl.constexpr")\nValueError: arange\'s arguments must be of type tl.constexpr\n', 'runtime_error_name': 'triton.compiler.errors.CompilationError', 'reference_timing_ms': 0.0249, 'speed_up': -1.0, 'custom_timing': -1.0}, 'runtime': -1.0, 'runtime_stats': {}}}
2025-08-12 16:52:53,276 - openevolve.llm.ensemble - INFO - Sampled model: deepseek
2025-08-12 16:52:53,288 - openevolve.threaded_parallel - INFO - Iteration 4: Program 54c8116f-71cb-42b3-9a12-c02f17ace74b (parent: cb977197-f054-4177-984a-db6fb880bf09) completed in 849.94s
2025-08-12 16:52:53,289 - openevolve.threaded_parallel - INFO - Metrics: compiled=1.0000, correctness=0.0000, score=10.0000, stage=wrong_answer, verify_payload={'id': 'level1_95_CrossEntropyLoss', 'result': {'compiled': True, 'correctness': False, 'metadata': {'hardware': 'NVIDIA L20Y', 'device': 'cuda:5', 'runtime_error': 'Traceback (most recent call last):\n  File "/home/lijiaxing/.conda/envs/api/lib/python3.10/site-packages/triton/language/core.py", line 42, in wrapper\n    return fn(*args, **kwargs)\n  File "/home/lijiaxing/.conda/envs/api/lib/python3.10/site-packages/triton/language/core.py", line 1654, in arange\n    return _semantic.arange(start, end)\n  File "/home/lijiaxing/.conda/envs/api/lib/python3.10/site-packages/triton/language/semantic.py", line 574, in arange\n    raise ValueError("arange\'s arguments must be of type tl.constexpr")\nValueError: arange\'s arguments must be of type tl.constexpr\n\nThe above exception was the direct cause of the following exception:\n\nTraceback (most recent call last):\n  File "/cpfs01/shared/llm_kernel/hujiakai/KernelLLM/validation_api_server/helpers/evaluations.py", line 720, in run_and_check_correctness\n    output_new = model_new(*inputs)\n  File "/home/lijiaxing/.conda/envs/api/lib/python3.10/site-packages/torch/nn/modules/module.py", line 1773, in _wrapped_call_impl\n    return self._call_impl(*args, **kwargs)\n  File "/home/lijiaxing/.conda/envs/api/lib/python3.10/site-packages/torch/nn/modules/module.py", line 1784, in _call_impl\n    return forward_call(*args, **kwargs)\n  File "/tmp/tmpgt8acdbj.py", line 78, in forward\n    cross_entropy_kernel[grid](\n  File "/home/lijiaxing/.conda/envs/api/lib/python3.10/site-packages/triton/runtime/jit.py", line 390, in <lambda>\n    return lambda *args, **kwargs: self.run(grid=grid, warmup=False, *args, **kwargs)\n  File "/home/lijiaxing/.conda/envs/api/lib/python3.10/site-packages/triton/runtime/autotuner.py", line 239, in run\n    benchmark()\n  File "/home/lijiaxing/.conda/envs/api/lib/python3.10/site-packages/triton/runtime/autotuner.py", line 228, in benchmark\n    timings = {config: self._bench(*args, config=config, **kwargs) for config in pruned_configs}\n  File "/home/lijiaxing/.conda/envs/api/lib/python3.10/site-packages/triton/runtime/autotuner.py", line 228, in <dictcomp>\n    timings = {config: self._bench(*args, config=config, **kwargs) for config in pruned_configs}\n  File "/home/lijiaxing/.conda/envs/api/lib/python3.10/site-packages/triton/runtime/autotuner.py", line 160, in _bench\n    return self.do_bench(kernel_call, quantiles=(0.5, 0.2, 0.8))\n  File "/home/lijiaxing/.conda/envs/api/lib/python3.10/site-packages/triton/testing.py", line 149, in do_bench\n    fn()\n  File "/home/lijiaxing/.conda/envs/api/lib/python3.10/site-packages/triton/runtime/autotuner.py", line 146, in kernel_call\n    self.fn.run(\n  File "/home/lijiaxing/.conda/envs/api/lib/python3.10/site-packages/triton/runtime/jit.py", line 594, in run\n    kernel = self.compile(src, target=target, options=options.__dict__)\n  File "/home/lijiaxing/.conda/envs/api/lib/python3.10/site-packages/triton/compiler/compiler.py", line 339, in compile\n    module = src.make_ir(options, codegen_fns, module_map, context)\n  File "/home/lijiaxing/.conda/envs/api/lib/python3.10/site-packages/triton/compiler/compiler.py", line 83, in make_ir\n    return ast_to_ttir(self.fn, self, context=context, options=options, codegen_fns=codegen_fns,\ntriton.compiler.errors.CompilationError: at 26:18:\n    # Load targets for all rows in block\n    targets = tl.load(targets_ptr + row_idx, mask=mask)\n\n    # Calculate base pointers for logits\n    logit_base = logits_ptr + row_idx * stride_logits_batch\n    target_logit_ptrs = logit_base + targets * stride_logits_class\n\n    # Load target logits directly\n    target_logits = tl.load(target_logit_ptrs, mask=mask)\n\n    # Load entire logit rows\n    col_offsets = tl.arange(0, n_classes)\n                  ^\n\n\nThe above exception was the direct cause of the following exception:\n\nTraceback (most recent call last):\n  File "/home/lijiaxing/.conda/envs/api/lib/python3.10/site-packages/triton/language/core.py", line 42, in wrapper\n    return fn(*args, **kwargs)\n  File "/home/lijiaxing/.conda/envs/api/lib/python3.10/site-packages/triton/language/core.py", line 1654, in arange\n    return _semantic.arange(start, end)\n  File "/home/lijiaxing/.conda/envs/api/lib/python3.10/site-packages/triton/language/semantic.py", line 574, in arange\n    raise ValueError("arange\'s arguments must be of type tl.constexpr")\nValueError: arange\'s arguments must be of type tl.constexpr\n', 'runtime_error_name': 'triton.compiler.errors.CompilationError', 'reference_timing_ms': 0.0249, 'speed_up': -1.0, 'custom_timing': -1.0}, 'runtime': -1.0, 'runtime_stats': {}}}
2025-08-12 17:04:43,329 - openevolve.RemoteSpeedupEvaluator - INFO - [level1_95_CrossEntropyLoss] âœ˜ invalid_answer 'import triton' is not found
2025-08-12 17:04:43,331 - openevolve.evaluator - INFO - Evaluated program 045dc73d-e808-4655-a6a4-98b3adfc9460 in 0.00s: compiled=0.0000, correctness=0.0000, score=-100.0000, stage=no_valid_triton_code, feedback=You need to generate real and valid triton code for the core function. The key word 'import triton' is not found.
2025-08-12 17:04:43,335 - openevolve.llm.ensemble - INFO - Sampled model: deepseek
2025-08-12 17:04:43,342 - openevolve.database - INFO - New MAP-Elites cell occupied: {'score': -1000, 'complexity': 9}
2025-08-12 17:04:43,355 - openevolve.threaded_parallel - INFO - Iteration 6: Program 045dc73d-e808-4655-a6a4-98b3adfc9460 (parent: 334f291b-2916-40e5-8566-26642a1799cc) completed in 1039.53s
2025-08-12 17:04:43,355 - openevolve.threaded_parallel - INFO - Metrics: compiled=0.0000, correctness=0.0000, score=-100.0000, stage=no_valid_triton_code, feedback=You need to generate real and valid triton code for the core function. The key word 'import triton' is not found.
2025-08-12 17:04:43,355 - openevolve.threaded_parallel - INFO - Checkpoint interval reached at iteration 6
2025-08-12 17:04:43,356 - openevolve.database - INFO - Island Status:
2025-08-12 17:04:43,356 - openevolve.database - INFO -    Island 0: 4 programs, best=20.0000, avg=10.0000, diversity=487.95, gen=2 (best: 334f291b-2916-40e5-8566-26642a1799cc)
2025-08-12 17:04:43,356 - openevolve.database - INFO -    Island 1: 4 programs, best=20.0000, avg=-12.5000, diversity=3457.50, gen=3 (best: 1d17b150-a092-475d-8fcb-01472acbf0b5)
2025-08-12 17:04:43,356 - openevolve.database - INFO -  * Island 2: 2 programs, best=20.0000, avg=20.0000, diversity=82.90, gen=2 (best: 7fbce3a8-4d6f-4513-856e-27af6b6218da)
2025-08-12 17:04:43,446 - openevolve.database - INFO - Saved database with 8 programs to openevolve_output/level1_95_CrossEntropyLoss/checkpoints/checkpoint_6
2025-08-12 17:04:43,456 - openevolve.controller - INFO - Saved best program at checkpoint 6 with metrics: compiled=1.0000, correctness=1.0000, stage=success, passed=0.0000, score=20.0000, speed_up=0.4410, runtime_ms=0.0564, meta={'hardware': 'NVIDIA L20Y', 'device': 'cuda:5', 'correctness_trials': '(5 / 5)', 'reference_timing_ms': 0.0249, 'speed_up': 0.441, 'custom_timing': 0.0564}
2025-08-12 17:04:43,456 - openevolve.controller - INFO - Saved checkpoint at iteration 6 to openevolve_output/level1_95_CrossEntropyLoss/checkpoints/checkpoint_6
2025-08-12 17:11:43,704 - openevolve.RemoteSpeedupEvaluator - INFO - [level1_95_CrossEntropyLoss] triton key words check pass
2025-08-12 17:11:43,704 - openevolve.RemoteSpeedupEvaluator - INFO - [level1_95_CrossEntropyLoss] verify_plus payload: reference_code(621 chars) + custom_code(2633 chars)
2025-08-12 17:11:46,720 - openevolve.RemoteSpeedupEvaluator - INFO - [level1_95_CrossEntropyLoss] verify_plus request success
2025-08-12 17:11:46,720 - openevolve.RemoteSpeedupEvaluator - INFO - [level1_95_CrossEntropyLoss] verify_plus response: {"id":"level1_95_CrossEntropyLoss","result":{"compiled":true,"correctness":true,"metadata":{"hardware":"NVIDIA L20Y","device":"cuda:7","correctness_trials":"(5 / 5)","reference_timing_ms":0.0249,"speed_up":0.431,"custom_timing":0.0578},"runtime":0.0578,"runtime_stats":{"mean":0.0578,"std":0.00337,"min":0.0547,"max":0.0807,"num_trials":100,"hardware":"NVIDIA L20Y","device":"cuda:7"}}}
2025-08-12 17:11:46,720 - openevolve.RemoteSpeedupEvaluator - INFO - [level1_95_CrossEntropyLoss] âœ” success | speed_up=0.431  score=20.00
2025-08-12 17:11:46,721 - openevolve.evaluator - INFO - Evaluated program a925d195-a9cf-4783-9934-46eca39ea3cc in 3.02s: compiled=1.0000, correctness=1.0000, stage=success, passed=0.0000, score=20.0000, speed_up=0.4310, runtime_ms=0.0578, meta={'hardware': 'NVIDIA L20Y', 'device': 'cuda:7', 'correctness_trials': '(5 / 5)', 'reference_timing_ms': 0.0249, 'speed_up': 0.431, 'custom_timing': 0.0578}
2025-08-12 17:11:46,722 - openevolve.database - INFO - New MAP-Elites cell occupied: {'score': 9, 'complexity': 0}
2025-08-12 17:11:46,724 - openevolve.llm.ensemble - INFO - Sampled model: deepseek
2025-08-12 17:11:46,729 - openevolve.threaded_parallel - INFO - Iteration 7: Program a925d195-a9cf-4783-9934-46eca39ea3cc (parent: 334f291b-2916-40e5-8566-26642a1799cc) completed in 1342.88s
2025-08-12 17:11:46,729 - openevolve.threaded_parallel - INFO - Metrics: compiled=1.0000, correctness=1.0000, stage=success, passed=0.0000, score=20.0000, speed_up=0.4310, runtime_ms=0.0578, meta={'hardware': 'NVIDIA L20Y', 'device': 'cuda:7', 'correctness_trials': '(5 / 5)', 'reference_timing_ms': 0.0249, 'speed_up': 0.431, 'custom_timing': 0.0578}
2025-08-12 17:14:04,109 - openevolve.RemoteSpeedupEvaluator - INFO - [level1_95_CrossEntropyLoss] triton key words check pass
2025-08-12 17:14:04,109 - openevolve.RemoteSpeedupEvaluator - INFO - [level1_95_CrossEntropyLoss] verify_plus payload: reference_code(621 chars) + custom_code(2584 chars)
2025-08-12 17:14:07,315 - openevolve.RemoteSpeedupEvaluator - INFO - [level1_95_CrossEntropyLoss] verify_plus request success
2025-08-12 17:14:07,315 - openevolve.RemoteSpeedupEvaluator - INFO - [level1_95_CrossEntropyLoss] verify_plus response: {"id":"level1_95_CrossEntropyLoss","result":{"compiled":true,"correctness":true,"metadata":{"hardware":"NVIDIA L20Y","device":"cuda:0","correctness_trials":"(5 / 5)","reference_timing_ms":0.0249,"speed_up":0.386,"custom_timing":0.0645},"runtime":0.0645,"runtime_stats":{"mean":0.0645,"std":0.00591,"min":0.0608,"max":0.111,"num_trials":100,"hardware":"NVIDIA L20Y","device":"cuda:0"}}}
2025-08-12 17:14:07,316 - openevolve.RemoteSpeedupEvaluator - INFO - [level1_95_CrossEntropyLoss] âœ” success | speed_up=0.386  score=20.00
2025-08-12 17:14:07,316 - openevolve.evaluator - INFO - Evaluated program 444f2cf8-f0b2-4989-b8ee-c1df2933bc18 in 3.21s: compiled=1.0000, correctness=1.0000, stage=success, passed=0.0000, score=20.0000, speed_up=0.3860, runtime_ms=0.0645, meta={'hardware': 'NVIDIA L20Y', 'device': 'cuda:0', 'correctness_trials': '(5 / 5)', 'reference_timing_ms': 0.0249, 'speed_up': 0.386, 'custom_timing': 0.0645}
2025-08-12 17:14:07,319 - openevolve.llm.ensemble - INFO - Sampled model: deepseek
2025-08-12 17:14:07,329 - openevolve.threaded_parallel - INFO - Iteration 8: Program 444f2cf8-f0b2-4989-b8ee-c1df2933bc18 (parent: cb977197-f054-4177-984a-db6fb880bf09) completed in 1274.04s
2025-08-12 17:14:07,329 - openevolve.threaded_parallel - INFO - Metrics: compiled=1.0000, correctness=1.0000, stage=success, passed=0.0000, score=20.0000, speed_up=0.3860, runtime_ms=0.0645, meta={'hardware': 'NVIDIA L20Y', 'device': 'cuda:0', 'correctness_trials': '(5 / 5)', 'reference_timing_ms': 0.0249, 'speed_up': 0.386, 'custom_timing': 0.0645}
2025-08-12 17:14:50,832 - openevolve.RemoteSpeedupEvaluator - INFO - [level1_95_CrossEntropyLoss] triton key words check pass
2025-08-12 17:14:50,832 - openevolve.RemoteSpeedupEvaluator - INFO - [level1_95_CrossEntropyLoss] verify_plus payload: reference_code(621 chars) + custom_code(2820 chars)
2025-08-12 17:14:54,037 - openevolve.RemoteSpeedupEvaluator - INFO - [level1_95_CrossEntropyLoss] verify_plus request success
2025-08-12 17:14:54,038 - openevolve.RemoteSpeedupEvaluator - INFO - [level1_95_CrossEntropyLoss] verify_plus response: {"id":"level1_95_CrossEntropyLoss","result":{"compiled":true,"correctness":true,"metadata":{"hardware":"NVIDIA L20Y","device":"cuda:2","correctness_trials":"(5 / 5)","reference_timing_ms":0.0249,"speed_up":0.422,"custom_timing":0.059},"runtime":0.059,"runtime_stats":{"mean":0.059,"std":0.00517,"min":0.0543,"max":0.0822,"num_trials":100,"hardware":"NVIDIA L20Y","device":"cuda:2"}}}
2025-08-12 17:14:54,038 - openevolve.RemoteSpeedupEvaluator - INFO - [level1_95_CrossEntropyLoss] âœ” success | speed_up=0.422  score=20.00
2025-08-12 17:14:54,038 - openevolve.evaluator - INFO - Evaluated program d13efd0c-7777-432a-8471-16a46f1065c4 in 3.21s: compiled=1.0000, correctness=1.0000, stage=success, passed=0.0000, score=20.0000, speed_up=0.4220, runtime_ms=0.0590, meta={'hardware': 'NVIDIA L20Y', 'device': 'cuda:2', 'correctness_trials': '(5 / 5)', 'reference_timing_ms': 0.0249, 'speed_up': 0.422, 'custom_timing': 0.059}
2025-08-12 17:14:54,042 - openevolve.llm.ensemble - INFO - Sampled model: deepseek
2025-08-12 17:14:54,059 - openevolve.threaded_parallel - INFO - Iteration 9: Program d13efd0c-7777-432a-8471-16a46f1065c4 (parent: a9b2b1b8-8967-4543-aa04-27d83abe45ba) completed in 610.70s
2025-08-12 17:14:54,059 - openevolve.threaded_parallel - INFO - Metrics: compiled=1.0000, correctness=1.0000, stage=success, passed=0.0000, score=20.0000, speed_up=0.4220, runtime_ms=0.0590, meta={'hardware': 'NVIDIA L20Y', 'device': 'cuda:2', 'correctness_trials': '(5 / 5)', 'reference_timing_ms': 0.0249, 'speed_up': 0.422, 'custom_timing': 0.059}
2025-08-12 17:14:54,059 - openevolve.threaded_parallel - INFO - Checkpoint interval reached at iteration 9
2025-08-12 17:14:54,061 - openevolve.database - INFO - Island Status:
2025-08-12 17:14:54,061 - openevolve.database - INFO -    Island 0: 5 programs, best=20.0000, avg=12.0000, diversity=241.25, gen=3 (best: 334f291b-2916-40e5-8566-26642a1799cc)
2025-08-12 17:14:54,061 - openevolve.database - INFO -    Island 1: 5 programs, best=20.0000, avg=-6.0000, diversity=4539.12, gen=4 (best: 1d17b150-a092-475d-8fcb-01472acbf0b5)
2025-08-12 17:14:54,061 - openevolve.database - INFO -  * Island 2: 3 programs, best=20.0000, avg=20.0000, diversity=96.67, gen=3 (best: 7fbce3a8-4d6f-4513-856e-27af6b6218da)
2025-08-12 17:14:54,191 - openevolve.database - INFO - Saved database with 11 programs to openevolve_output/level1_95_CrossEntropyLoss/checkpoints/checkpoint_9
2025-08-12 17:14:54,202 - openevolve.controller - INFO - Saved best program at checkpoint 9 with metrics: compiled=1.0000, correctness=1.0000, stage=success, passed=0.0000, score=20.0000, speed_up=0.4410, runtime_ms=0.0564, meta={'hardware': 'NVIDIA L20Y', 'device': 'cuda:5', 'correctness_trials': '(5 / 5)', 'reference_timing_ms': 0.0249, 'speed_up': 0.441, 'custom_timing': 0.0564}
2025-08-12 17:14:54,202 - openevolve.controller - INFO - Saved checkpoint at iteration 9 to openevolve_output/level1_95_CrossEntropyLoss/checkpoints/checkpoint_9
2025-08-12 17:19:39,949 - openevolve.RemoteSpeedupEvaluator - INFO - [level1_95_CrossEntropyLoss] âœ˜ invalid_answer 'import triton' is not found
2025-08-12 17:19:39,951 - openevolve.evaluator - INFO - Evaluated program db662cd2-c49d-4f00-b725-157204b31976 in 0.00s: compiled=0.0000, correctness=0.0000, score=-100.0000, stage=no_valid_triton_code, feedback=You need to generate real and valid triton code for the core function. The key word 'import triton' is not found.
2025-08-12 17:19:39,955 - openevolve.llm.ensemble - INFO - Sampled model: deepseek
2025-08-12 17:19:39,959 - openevolve.database - INFO - New MAP-Elites cell occupied: {'score': -1000, 'complexity': 0}
2025-08-12 17:19:39,966 - openevolve.threaded_parallel - INFO - Iteration 12: Program db662cd2-c49d-4f00-b725-157204b31976 (parent: a9b2b1b8-8967-4543-aa04-27d83abe45ba) completed in 285.91s
2025-08-12 17:19:39,966 - openevolve.threaded_parallel - INFO - Metrics: compiled=0.0000, correctness=0.0000, score=-100.0000, stage=no_valid_triton_code, feedback=You need to generate real and valid triton code for the core function. The key word 'import triton' is not found.
2025-08-12 17:19:39,967 - openevolve.threaded_parallel - INFO - Checkpoint interval reached at iteration 12
2025-08-12 17:19:39,968 - openevolve.database - INFO - Island Status:
2025-08-12 17:19:39,968 - openevolve.database - INFO -  * Island 0: 5 programs, best=20.0000, avg=12.0000, diversity=241.25, gen=4 (best: 334f291b-2916-40e5-8566-26642a1799cc)
2025-08-12 17:19:39,968 - openevolve.database - INFO -    Island 1: 5 programs, best=20.0000, avg=-6.0000, diversity=4539.12, gen=4 (best: 1d17b150-a092-475d-8fcb-01472acbf0b5)
2025-08-12 17:19:39,968 - openevolve.database - INFO -    Island 2: 4 programs, best=20.0000, avg=-10.0000, diversity=574.30, gen=3 (best: 7fbce3a8-4d6f-4513-856e-27af6b6218da)
2025-08-12 17:19:40,102 - openevolve.database - INFO - Saved database with 12 programs to openevolve_output/level1_95_CrossEntropyLoss/checkpoints/checkpoint_12
2025-08-12 17:19:40,114 - openevolve.controller - INFO - Saved best program at checkpoint 12 with metrics: compiled=1.0000, correctness=1.0000, stage=success, passed=0.0000, score=20.0000, speed_up=0.4410, runtime_ms=0.0564, meta={'hardware': 'NVIDIA L20Y', 'device': 'cuda:5', 'correctness_trials': '(5 / 5)', 'reference_timing_ms': 0.0249, 'speed_up': 0.441, 'custom_timing': 0.0564}
2025-08-12 17:19:40,114 - openevolve.controller - INFO - Saved checkpoint at iteration 12 to openevolve_output/level1_95_CrossEntropyLoss/checkpoints/checkpoint_12
2025-08-12 17:24:21,992 - openevolve.RemoteSpeedupEvaluator - INFO - [level1_95_CrossEntropyLoss] triton key words check pass
2025-08-12 17:24:21,993 - openevolve.RemoteSpeedupEvaluator - INFO - [level1_95_CrossEntropyLoss] verify_plus payload: reference_code(621 chars) + custom_code(2698 chars)
2025-08-12 17:24:24,866 - openevolve.RemoteSpeedupEvaluator - INFO - [level1_95_CrossEntropyLoss] verify_plus request success
2025-08-12 17:24:24,867 - openevolve.RemoteSpeedupEvaluator - INFO - [level1_95_CrossEntropyLoss] verify_plus response: {"id":"level1_95_CrossEntropyLoss","result":{"compiled":true,"correctness":false,"metadata":{"hardware":"NVIDIA L20Y","device":"cuda:1","runtime_error":"Traceback (most recent call last):\n  File \"/home/lijiaxing/.conda/envs/api/lib/python3.10/site-packages/triton/language/core.py\", line 42, in wrapper\n    return fn(*args, **kwargs)\n  File \"/home/lijiaxing/.conda/envs/api/lib/python3.10/site-packages/triton/language/core.py\", line 1654, in arange\n    return _semantic.arange(start, end)\n  File \"/home/lijiaxing/.conda/envs/api/lib/python3.10/site-packages/triton/language/semantic.py\", line 574, in arange\n    raise ValueError(\"arange's arguments must be of type tl.constexpr\")\nValueError: arange's arguments must be of type tl.constexpr\n\nThe above exception was the direct cause 
2025-08-12 17:24:24,867 - openevolve.RemoteSpeedupEvaluator - INFO - [level1_95_CrossEntropyLoss] âœ˜ wrong_answer
2025-08-12 17:24:24,867 - openevolve.evaluator - INFO - Evaluated program c91d4dc2-9a92-4bd0-8b81-f2622e7cc948 in 2.88s: compiled=1.0000, correctness=0.0000, score=10.0000, stage=wrong_answer, verify_payload={'id': 'level1_95_CrossEntropyLoss', 'result': {'compiled': True, 'correctness': False, 'metadata': {'hardware': 'NVIDIA L20Y', 'device': 'cuda:1', 'runtime_error': 'Traceback (most recent call last):\n  File "/home/lijiaxing/.conda/envs/api/lib/python3.10/site-packages/triton/language/core.py", line 42, in wrapper\n    return fn(*args, **kwargs)\n  File "/home/lijiaxing/.conda/envs/api/lib/python3.10/site-packages/triton/language/core.py", line 1654, in arange\n    return _semantic.arange(start, end)\n  File "/home/lijiaxing/.conda/envs/api/lib/python3.10/site-packages/triton/language/semantic.py", line 574, in arange\n    raise ValueError("arange\'s arguments must be of type tl.constexpr")\nValueError: arange\'s arguments must be of type tl.constexpr\n\nThe above exception was the direct cause of the following exception:\n\nTraceback (most recent call last):\n  File "/cpfs01/shared/llm_kernel/hujiakai/KernelLLM/validation_api_server/helpers/evaluations.py", line 720, in run_and_check_correctness\n    output_new = model_new(*inputs)\n  File "/home/lijiaxing/.conda/envs/api/lib/python3.10/site-packages/torch/nn/modules/module.py", line 1773, in _wrapped_call_impl\n    return self._call_impl(*args, **kwargs)\n  File "/home/lijiaxing/.conda/envs/api/lib/python3.10/site-packages/torch/nn/modules/module.py", line 1784, in _call_impl\n    return forward_call(*args, **kwargs)\n  File "/tmp/tmpu_015smt.py", line 65, in forward\n    cross_entropy_kernel[grid](\n  File "/home/lijiaxing/.conda/envs/api/lib/python3.10/site-packages/triton/runtime/jit.py", line 390, in <lambda>\n    return lambda *args, **kwargs: self.run(grid=grid, warmup=False, *args, **kwargs)\n  File "/home/lijiaxing/.conda/envs/api/lib/python3.10/site-packages/triton/runtime/jit.py", line 594, in run\n    kernel = self.compile(src, target=target, options=options.__dict__)\n  File "/home/lijiaxing/.conda/envs/api/lib/python3.10/site-packages/triton/compiler/compiler.py", line 339, in compile\n    module = src.make_ir(options, codegen_fns, module_map, context)\n  File "/home/lijiaxing/.conda/envs/api/lib/python3.10/site-packages/triton/compiler/compiler.py", line 83, in make_ir\n    return ast_to_ttir(self.fn, self, context=context, options=options, codegen_fns=codegen_fns,\ntriton.compiler.errors.CompilationError: at 14:26:\n    targets_ptr,\n    output_ptr,\n    stride_pred_batch,\n    stride_pred_class,\n    batch_size,\n    num_classes: tl.constexpr,\n    BLOCK_SIZE: tl.constexpr\n):\n    pid = tl.program_id(0)\n    ROWS_PER_PROG = 8\n    row_start = pid * ROWS_PER_PROG\n    row_idx = row_start + tl.arange(0, ROWS_PER_PROG)\n                          ^\n\n\nThe above exception was the direct cause of the following exception:\n\nTraceback (most recent call last):\n  File "/home/lijiaxing/.conda/envs/api/lib/python3.10/site-packages/triton/language/core.py", line 42, in wrapper\n    return fn(*args, **kwargs)\n  File "/home/lijiaxing/.conda/envs/api/lib/python3.10/site-packages/triton/language/core.py", line 1654, in arange\n    return _semantic.arange(start, end)\n  File "/home/lijiaxing/.conda/envs/api/lib/python3.10/site-packages/triton/language/semantic.py", line 574, in arange\n    raise ValueError("arange\'s arguments must be of type tl.constexpr")\nValueError: arange\'s arguments must be of type tl.constexpr\n', 'runtime_error_name': 'triton.compiler.errors.CompilationError', 'reference_timing_ms': 0.0249, 'speed_up': -1.0, 'custom_timing': -1.0}, 'runtime': -1.0, 'runtime_stats': {}}}
2025-08-12 17:24:24,870 - openevolve.database - INFO - New MAP-Elites cell occupied: {'score': 9, 'complexity': 1}
2025-08-12 17:24:24,872 - openevolve.llm.ensemble - INFO - Sampled model: deepseek
2025-08-12 17:24:24,882 - openevolve.threaded_parallel - INFO - Iteration 11: Program c91d4dc2-9a92-4bd0-8b81-f2622e7cc948 (parent: cb977197-f054-4177-984a-db6fb880bf09) completed in 617.55s
2025-08-12 17:24:24,882 - openevolve.threaded_parallel - INFO - Metrics: compiled=1.0000, correctness=0.0000, score=10.0000, stage=wrong_answer, verify_payload={'id': 'level1_95_CrossEntropyLoss', 'result': {'compiled': True, 'correctness': False, 'metadata': {'hardware': 'NVIDIA L20Y', 'device': 'cuda:1', 'runtime_error': 'Traceback (most recent call last):\n  File "/home/lijiaxing/.conda/envs/api/lib/python3.10/site-packages/triton/language/core.py", line 42, in wrapper\n    return fn(*args, **kwargs)\n  File "/home/lijiaxing/.conda/envs/api/lib/python3.10/site-packages/triton/language/core.py", line 1654, in arange\n    return _semantic.arange(start, end)\n  File "/home/lijiaxing/.conda/envs/api/lib/python3.10/site-packages/triton/language/semantic.py", line 574, in arange\n    raise ValueError("arange\'s arguments must be of type tl.constexpr")\nValueError: arange\'s arguments must be of type tl.constexpr\n\nThe above exception was the direct cause of the following exception:\n\nTraceback (most recent call last):\n  File "/cpfs01/shared/llm_kernel/hujiakai/KernelLLM/validation_api_server/helpers/evaluations.py", line 720, in run_and_check_correctness\n    output_new = model_new(*inputs)\n  File "/home/lijiaxing/.conda/envs/api/lib/python3.10/site-packages/torch/nn/modules/module.py", line 1773, in _wrapped_call_impl\n    return self._call_impl(*args, **kwargs)\n  File "/home/lijiaxing/.conda/envs/api/lib/python3.10/site-packages/torch/nn/modules/module.py", line 1784, in _call_impl\n    return forward_call(*args, **kwargs)\n  File "/tmp/tmpu_015smt.py", line 65, in forward\n    cross_entropy_kernel[grid](\n  File "/home/lijiaxing/.conda/envs/api/lib/python3.10/site-packages/triton/runtime/jit.py", line 390, in <lambda>\n    return lambda *args, **kwargs: self.run(grid=grid, warmup=False, *args, **kwargs)\n  File "/home/lijiaxing/.conda/envs/api/lib/python3.10/site-packages/triton/runtime/jit.py", line 594, in run\n    kernel = self.compile(src, target=target, options=options.__dict__)\n  File "/home/lijiaxing/.conda/envs/api/lib/python3.10/site-packages/triton/compiler/compiler.py", line 339, in compile\n    module = src.make_ir(options, codegen_fns, module_map, context)\n  File "/home/lijiaxing/.conda/envs/api/lib/python3.10/site-packages/triton/compiler/compiler.py", line 83, in make_ir\n    return ast_to_ttir(self.fn, self, context=context, options=options, codegen_fns=codegen_fns,\ntriton.compiler.errors.CompilationError: at 14:26:\n    targets_ptr,\n    output_ptr,\n    stride_pred_batch,\n    stride_pred_class,\n    batch_size,\n    num_classes: tl.constexpr,\n    BLOCK_SIZE: tl.constexpr\n):\n    pid = tl.program_id(0)\n    ROWS_PER_PROG = 8\n    row_start = pid * ROWS_PER_PROG\n    row_idx = row_start + tl.arange(0, ROWS_PER_PROG)\n                          ^\n\n\nThe above exception was the direct cause of the following exception:\n\nTraceback (most recent call last):\n  File "/home/lijiaxing/.conda/envs/api/lib/python3.10/site-packages/triton/language/core.py", line 42, in wrapper\n    return fn(*args, **kwargs)\n  File "/home/lijiaxing/.conda/envs/api/lib/python3.10/site-packages/triton/language/core.py", line 1654, in arange\n    return _semantic.arange(start, end)\n  File "/home/lijiaxing/.conda/envs/api/lib/python3.10/site-packages/triton/language/semantic.py", line 574, in arange\n    raise ValueError("arange\'s arguments must be of type tl.constexpr")\nValueError: arange\'s arguments must be of type tl.constexpr\n', 'runtime_error_name': 'triton.compiler.errors.CompilationError', 'reference_timing_ms': 0.0249, 'speed_up': -1.0, 'custom_timing': -1.0}, 'runtime': -1.0, 'runtime_stats': {}}}
2025-08-12 17:26:29,175 - openevolve.RemoteSpeedupEvaluator - INFO - [level1_95_CrossEntropyLoss] triton key words check pass
2025-08-12 17:26:29,176 - openevolve.RemoteSpeedupEvaluator - INFO - [level1_95_CrossEntropyLoss] verify_plus payload: reference_code(621 chars) + custom_code(2442 chars)
2025-08-12 17:26:32,082 - openevolve.RemoteSpeedupEvaluator - INFO - [level1_95_CrossEntropyLoss] verify_plus request success
2025-08-12 17:26:32,082 - openevolve.RemoteSpeedupEvaluator - INFO - [level1_95_CrossEntropyLoss] verify_plus response: {"id":"level1_95_CrossEntropyLoss","result":{"compiled":true,"correctness":false,"metadata":{"hardware":"NVIDIA L20Y","device":"cuda:7","runtime_error":"Traceback (most recent call last):\n  File \"/cpfs01/shared/llm_kernel/hujiakai/KernelLLM/validation_api_server/helpers/evaluations.py\", line 720, in run_and_check_correctness\n    output_new = model_new(*inputs)\n  File \"/home/lijiaxing/.conda/envs/api/lib/python3.10/site-packages/torch/nn/modules/module.py\", line 1773, in _wrapped_call_impl\n    return self._call_impl(*args, **kwargs)\n  File \"/home/lijiaxing/.conda/envs/api/lib/python3.10/site-packages/torch/nn/modules/module.py\", line 1784, in _call_impl\n    return forward_call(*args, **kwargs)\n  File \"/tmp/tmpg6nprfqo.py\", line 62, in forward\n    cross_entropy_kernel[grid, 4
2025-08-12 17:26:32,082 - openevolve.RemoteSpeedupEvaluator - INFO - [level1_95_CrossEntropyLoss] âœ˜ wrong_answer
2025-08-12 17:26:32,083 - openevolve.evaluator - INFO - Evaluated program deb5a4dd-b8a3-4e80-8e15-9e40cecd9670 in 2.91s: compiled=1.0000, correctness=0.0000, score=10.0000, stage=wrong_answer, verify_payload={'id': 'level1_95_CrossEntropyLoss', 'result': {'compiled': True, 'correctness': False, 'metadata': {'hardware': 'NVIDIA L20Y', 'device': 'cuda:7', 'runtime_error': 'Traceback (most recent call last):\n  File "/cpfs01/shared/llm_kernel/hujiakai/KernelLLM/validation_api_server/helpers/evaluations.py", line 720, in run_and_check_correctness\n    output_new = model_new(*inputs)\n  File "/home/lijiaxing/.conda/envs/api/lib/python3.10/site-packages/torch/nn/modules/module.py", line 1773, in _wrapped_call_impl\n    return self._call_impl(*args, **kwargs)\n  File "/home/lijiaxing/.conda/envs/api/lib/python3.10/site-packages/torch/nn/modules/module.py", line 1784, in _call_impl\n    return forward_call(*args, **kwargs)\n  File "/tmp/tmpg6nprfqo.py", line 62, in forward\n    cross_entropy_kernel[grid, 4](\n  File "/home/lijiaxing/.conda/envs/api/lib/python3.10/site-packages/triton/runtime/jit.py", line 390, in <lambda>\n    return lambda *args, **kwargs: self.run(grid=grid, warmup=False, *args, **kwargs)\n  File "/home/lijiaxing/.conda/envs/api/lib/python3.10/site-packages/triton/runtime/jit.py", line 594, in run\n    kernel = self.compile(src, target=target, options=options.__dict__)\n  File "/home/lijiaxing/.conda/envs/api/lib/python3.10/site-packages/triton/compiler/compiler.py", line 281, in compile\n    key = f"{triton_key()}-{src.hash()}-{backend.hash()}-{options.hash()}-{str(sorted(env_vars.items()))}"\n  File "/home/lijiaxing/.conda/envs/api/lib/python3.10/site-packages/triton/compiler/compiler.py", line 78, in hash\n    key = f"{self.fn.cache_key}-{str(self.attrs)}-{sorted_sig}-{constants_key}"\n  File "/home/lijiaxing/.conda/envs/api/lib/python3.10/site-packages/triton/runtime/jit.py", line 696, in cache_key\n    dependencies_finder.visit(self.parse())\n  File "/home/lijiaxing/.conda/envs/api/lib/python3.10/ast.py", line 418, in visit\n    return visitor(node)\n  File "/home/lijiaxing/.conda/envs/api/lib/python3.10/ast.py", line 426, in generic_visit\n    self.visit(item)\n  File "/home/lijiaxing/.conda/envs/api/lib/python3.10/ast.py", line 418, in visit\n    return visitor(node)\n  File "/home/lijiaxing/.conda/envs/api/lib/python3.10/site-packages/triton/runtime/jit.py", line 163, in visit_FunctionDef\n    self.generic_visit(node)\n  File "/home/lijiaxing/.conda/envs/api/lib/python3.10/ast.py", line 426, in generic_visit\n    self.visit(item)\n  File "/home/lijiaxing/.conda/envs/api/lib/python3.10/ast.py", line 418, in visit\n    return visitor(node)\n  File "/home/lijiaxing/.conda/envs/api/lib/python3.10/site-packages/triton/runtime/jit.py", line 217, in visit_Assign\n    self.generic_visit(node)\n  File "/home/lijiaxing/.conda/envs/api/lib/python3.10/ast.py", line 428, in generic_visit\n    self.visit(value)\n  File "/home/lijiaxing/.conda/envs/api/lib/python3.10/ast.py", line 418, in visit\n    return visitor(node)\n  File "/home/lijiaxing/.conda/envs/api/lib/python3.10/ast.py", line 428, in generic_visit\n    self.visit(value)\n  File "/home/lijiaxing/.conda/envs/api/lib/python3.10/ast.py", line 418, in visit\n    return visitor(node)\n  File "/home/lijiaxing/.conda/envs/api/lib/python3.10/site-packages/triton/runtime/jit.py", line 156, in visit_Attribute\n    ret = getattr(lhs, node.attr)\nAttributeError: module \'triton.language\' has no attribute \'local_program_id\'\n', 'runtime_error_name': 'builtins.AttributeError', 'reference_timing_ms': 0.0249, 'speed_up': -1.0, 'custom_timing': -1.0}, 'runtime': -1.0, 'runtime_stats': {}}}
2025-08-12 17:26:32,086 - openevolve.llm.ensemble - INFO - Sampled model: deepseek
2025-08-12 17:26:32,103 - openevolve.threaded_parallel - INFO - Iteration 10: Program deb5a4dd-b8a3-4e80-8e15-9e40cecd9670 (parent: 334f291b-2916-40e5-8566-26642a1799cc) completed in 885.36s
2025-08-12 17:26:32,103 - openevolve.threaded_parallel - INFO - Metrics: compiled=1.0000, correctness=0.0000, score=10.0000, stage=wrong_answer, verify_payload={'id': 'level1_95_CrossEntropyLoss', 'result': {'compiled': True, 'correctness': False, 'metadata': {'hardware': 'NVIDIA L20Y', 'device': 'cuda:7', 'runtime_error': 'Traceback (most recent call last):\n  File "/cpfs01/shared/llm_kernel/hujiakai/KernelLLM/validation_api_server/helpers/evaluations.py", line 720, in run_and_check_correctness\n    output_new = model_new(*inputs)\n  File "/home/lijiaxing/.conda/envs/api/lib/python3.10/site-packages/torch/nn/modules/module.py", line 1773, in _wrapped_call_impl\n    return self._call_impl(*args, **kwargs)\n  File "/home/lijiaxing/.conda/envs/api/lib/python3.10/site-packages/torch/nn/modules/module.py", line 1784, in _call_impl\n    return forward_call(*args, **kwargs)\n  File "/tmp/tmpg6nprfqo.py", line 62, in forward\n    cross_entropy_kernel[grid, 4](\n  File "/home/lijiaxing/.conda/envs/api/lib/python3.10/site-packages/triton/runtime/jit.py", line 390, in <lambda>\n    return lambda *args, **kwargs: self.run(grid=grid, warmup=False, *args, **kwargs)\n  File "/home/lijiaxing/.conda/envs/api/lib/python3.10/site-packages/triton/runtime/jit.py", line 594, in run\n    kernel = self.compile(src, target=target, options=options.__dict__)\n  File "/home/lijiaxing/.conda/envs/api/lib/python3.10/site-packages/triton/compiler/compiler.py", line 281, in compile\n    key = f"{triton_key()}-{src.hash()}-{backend.hash()}-{options.hash()}-{str(sorted(env_vars.items()))}"\n  File "/home/lijiaxing/.conda/envs/api/lib/python3.10/site-packages/triton/compiler/compiler.py", line 78, in hash\n    key = f"{self.fn.cache_key}-{str(self.attrs)}-{sorted_sig}-{constants_key}"\n  File "/home/lijiaxing/.conda/envs/api/lib/python3.10/site-packages/triton/runtime/jit.py", line 696, in cache_key\n    dependencies_finder.visit(self.parse())\n  File "/home/lijiaxing/.conda/envs/api/lib/python3.10/ast.py", line 418, in visit\n    return visitor(node)\n  File "/home/lijiaxing/.conda/envs/api/lib/python3.10/ast.py", line 426, in generic_visit\n    self.visit(item)\n  File "/home/lijiaxing/.conda/envs/api/lib/python3.10/ast.py", line 418, in visit\n    return visitor(node)\n  File "/home/lijiaxing/.conda/envs/api/lib/python3.10/site-packages/triton/runtime/jit.py", line 163, in visit_FunctionDef\n    self.generic_visit(node)\n  File "/home/lijiaxing/.conda/envs/api/lib/python3.10/ast.py", line 426, in generic_visit\n    self.visit(item)\n  File "/home/lijiaxing/.conda/envs/api/lib/python3.10/ast.py", line 418, in visit\n    return visitor(node)\n  File "/home/lijiaxing/.conda/envs/api/lib/python3.10/site-packages/triton/runtime/jit.py", line 217, in visit_Assign\n    self.generic_visit(node)\n  File "/home/lijiaxing/.conda/envs/api/lib/python3.10/ast.py", line 428, in generic_visit\n    self.visit(value)\n  File "/home/lijiaxing/.conda/envs/api/lib/python3.10/ast.py", line 418, in visit\n    return visitor(node)\n  File "/home/lijiaxing/.conda/envs/api/lib/python3.10/ast.py", line 428, in generic_visit\n    self.visit(value)\n  File "/home/lijiaxing/.conda/envs/api/lib/python3.10/ast.py", line 418, in visit\n    return visitor(node)\n  File "/home/lijiaxing/.conda/envs/api/lib/python3.10/site-packages/triton/runtime/jit.py", line 156, in visit_Attribute\n    ret = getattr(lhs, node.attr)\nAttributeError: module \'triton.language\' has no attribute \'local_program_id\'\n', 'runtime_error_name': 'builtins.AttributeError', 'reference_timing_ms': 0.0249, 'speed_up': -1.0, 'custom_timing': -1.0}, 'runtime': -1.0, 'runtime_stats': {}}}
2025-08-12 17:28:49,444 - openevolve.RemoteSpeedupEvaluator - INFO - [level1_95_CrossEntropyLoss] triton key words check pass
2025-08-12 17:28:49,445 - openevolve.RemoteSpeedupEvaluator - INFO - [level1_95_CrossEntropyLoss] verify_plus payload: reference_code(621 chars) + custom_code(2450 chars)
2025-08-12 17:28:52,495 - openevolve.RemoteSpeedupEvaluator - INFO - [level1_95_CrossEntropyLoss] verify_plus request success
2025-08-12 17:28:52,496 - openevolve.RemoteSpeedupEvaluator - INFO - [level1_95_CrossEntropyLoss] verify_plus response: {"id":"level1_95_CrossEntropyLoss","result":{"compiled":true,"correctness":false,"metadata":{"hardware":"NVIDIA L20Y","device":"cuda:1","runtime_error":"Traceback (most recent call last):\n  File \"/cpfs01/shared/llm_kernel/hujiakai/KernelLLM/validation_api_server/helpers/evaluations.py\", line 720, in run_and_check_correctness\n    output_new = model_new(*inputs)\n  File \"/home/lijiaxing/.conda/envs/api/lib/python3.10/site-packages/torch/nn/modules/module.py\", line 1773, in _wrapped_call_impl\n    return self._call_impl(*args, **kwargs)\n  File \"/home/lijiaxing/.conda/envs/api/lib/python3.10/site-packages/torch/nn/modules/module.py\", line 1784, in _call_impl\n    return forward_call(*args, **kwargs)\n  File \"/tmp/tmppadb_lgy.py\", line 64, in forward\n    cross_entropy_kernel[grid](\
2025-08-12 17:28:52,496 - openevolve.RemoteSpeedupEvaluator - INFO - [level1_95_CrossEntropyLoss] âœ˜ wrong_answer
2025-08-12 17:28:52,496 - openevolve.evaluator - INFO - Evaluated program 36a1ebc5-7ebe-45fc-9896-26e4892ef87c in 3.05s: compiled=1.0000, correctness=0.0000, score=10.0000, stage=wrong_answer, verify_payload={'id': 'level1_95_CrossEntropyLoss', 'result': {'compiled': True, 'correctness': False, 'metadata': {'hardware': 'NVIDIA L20Y', 'device': 'cuda:1', 'runtime_error': 'Traceback (most recent call last):\n  File "/cpfs01/shared/llm_kernel/hujiakai/KernelLLM/validation_api_server/helpers/evaluations.py", line 720, in run_and_check_correctness\n    output_new = model_new(*inputs)\n  File "/home/lijiaxing/.conda/envs/api/lib/python3.10/site-packages/torch/nn/modules/module.py", line 1773, in _wrapped_call_impl\n    return self._call_impl(*args, **kwargs)\n  File "/home/lijiaxing/.conda/envs/api/lib/python3.10/site-packages/torch/nn/modules/module.py", line 1784, in _call_impl\n    return forward_call(*args, **kwargs)\n  File "/tmp/tmppadb_lgy.py", line 64, in forward\n    cross_entropy_kernel[grid](\n  File "/home/lijiaxing/.conda/envs/api/lib/python3.10/site-packages/triton/runtime/jit.py", line 390, in <lambda>\n    return lambda *args, **kwargs: self.run(grid=grid, warmup=False, *args, **kwargs)\n  File "/home/lijiaxing/.conda/envs/api/lib/python3.10/site-packages/triton/runtime/jit.py", line 594, in run\n    kernel = self.compile(src, target=target, options=options.__dict__)\n  File "/home/lijiaxing/.conda/envs/api/lib/python3.10/site-packages/triton/compiler/compiler.py", line 339, in compile\n    module = src.make_ir(options, codegen_fns, module_map, context)\n  File "/home/lijiaxing/.conda/envs/api/lib/python3.10/site-packages/triton/compiler/compiler.py", line 83, in make_ir\n    return ast_to_ttir(self.fn, self, context=context, options=options, codegen_fns=codegen_fns,\ntriton.compiler.errors.UnsupportedLanguageConstruct: at 40:4:\n    centered = logits - max_val\n    exp_vals = tl.exp(centered)\n    sum_exp = tl.sum(exp_vals, axis=0)\n\n    # Target value selection\n    is_target = col_offsets == target_idx\n    target_logit = tl.sum(tl.where(is_target, centered, 0.0), axis=0)\n\n    # Compute loss and store\n    log_softmax = target_logit - tl.log(sum_exp)\n    loss = -log_softmax\n    if tid == 0:\n    ^\nBoolean value of Tensor with more than one value is ambiguous\n', 'runtime_error_name': 'triton.compiler.errors.UnsupportedLanguageConstruct', 'reference_timing_ms': 0.0249, 'speed_up': -1.0, 'custom_timing': -1.0}, 'runtime': -1.0, 'runtime_stats': {}}}
2025-08-12 17:28:52,499 - openevolve.llm.ensemble - INFO - Sampled model: deepseek
2025-08-12 17:28:52,516 - openevolve.threaded_parallel - INFO - Iteration 15: Program 36a1ebc5-7ebe-45fc-9896-26e4892ef87c (parent: 1d17b150-a092-475d-8fcb-01472acbf0b5) completed in 140.41s
2025-08-12 17:28:52,516 - openevolve.threaded_parallel - INFO - Metrics: compiled=1.0000, correctness=0.0000, score=10.0000, stage=wrong_answer, verify_payload={'id': 'level1_95_CrossEntropyLoss', 'result': {'compiled': True, 'correctness': False, 'metadata': {'hardware': 'NVIDIA L20Y', 'device': 'cuda:1', 'runtime_error': 'Traceback (most recent call last):\n  File "/cpfs01/shared/llm_kernel/hujiakai/KernelLLM/validation_api_server/helpers/evaluations.py", line 720, in run_and_check_correctness\n    output_new = model_new(*inputs)\n  File "/home/lijiaxing/.conda/envs/api/lib/python3.10/site-packages/torch/nn/modules/module.py", line 1773, in _wrapped_call_impl\n    return self._call_impl(*args, **kwargs)\n  File "/home/lijiaxing/.conda/envs/api/lib/python3.10/site-packages/torch/nn/modules/module.py", line 1784, in _call_impl\n    return forward_call(*args, **kwargs)\n  File "/tmp/tmppadb_lgy.py", line 64, in forward\n    cross_entropy_kernel[grid](\n  File "/home/lijiaxing/.conda/envs/api/lib/python3.10/site-packages/triton/runtime/jit.py", line 390, in <lambda>\n    return lambda *args, **kwargs: self.run(grid=grid, warmup=False, *args, **kwargs)\n  File "/home/lijiaxing/.conda/envs/api/lib/python3.10/site-packages/triton/runtime/jit.py", line 594, in run\n    kernel = self.compile(src, target=target, options=options.__dict__)\n  File "/home/lijiaxing/.conda/envs/api/lib/python3.10/site-packages/triton/compiler/compiler.py", line 339, in compile\n    module = src.make_ir(options, codegen_fns, module_map, context)\n  File "/home/lijiaxing/.conda/envs/api/lib/python3.10/site-packages/triton/compiler/compiler.py", line 83, in make_ir\n    return ast_to_ttir(self.fn, self, context=context, options=options, codegen_fns=codegen_fns,\ntriton.compiler.errors.UnsupportedLanguageConstruct: at 40:4:\n    centered = logits - max_val\n    exp_vals = tl.exp(centered)\n    sum_exp = tl.sum(exp_vals, axis=0)\n\n    # Target value selection\n    is_target = col_offsets == target_idx\n    target_logit = tl.sum(tl.where(is_target, centered, 0.0), axis=0)\n\n    # Compute loss and store\n    log_softmax = target_logit - tl.log(sum_exp)\n    loss = -log_softmax\n    if tid == 0:\n    ^\nBoolean value of Tensor with more than one value is ambiguous\n', 'runtime_error_name': 'triton.compiler.errors.UnsupportedLanguageConstruct', 'reference_timing_ms': 0.0249, 'speed_up': -1.0, 'custom_timing': -1.0}, 'runtime': -1.0, 'runtime_stats': {}}}
2025-08-12 17:28:52,516 - openevolve.threaded_parallel - INFO - Checkpoint interval reached at iteration 15
2025-08-12 17:28:52,518 - openevolve.database - INFO - Island Status:
2025-08-12 17:28:52,518 - openevolve.database - INFO -  * Island 0: 6 programs, best=20.0000, avg=11.6667, diversity=171.07, gen=5 (best: 334f291b-2916-40e5-8566-26642a1799cc)
2025-08-12 17:28:52,518 - openevolve.database - INFO -    Island 1: 6 programs, best=20.0000, avg=-3.3333, diversity=4539.12, gen=5 (best: 1d17b150-a092-475d-8fcb-01472acbf0b5)
2025-08-12 17:28:52,518 - openevolve.database - INFO -    Island 2: 5 programs, best=20.0000, avg=-6.0000, diversity=228.92, gen=4 (best: 7fbce3a8-4d6f-4513-856e-27af6b6218da)
2025-08-12 17:28:52,737 - openevolve.database - INFO - Saved database with 15 programs to openevolve_output/level1_95_CrossEntropyLoss/checkpoints/checkpoint_15
2025-08-12 17:28:52,748 - openevolve.controller - INFO - Saved best program at checkpoint 15 with metrics: compiled=1.0000, correctness=1.0000, stage=success, passed=0.0000, score=20.0000, speed_up=0.4410, runtime_ms=0.0564, meta={'hardware': 'NVIDIA L20Y', 'device': 'cuda:5', 'correctness_trials': '(5 / 5)', 'reference_timing_ms': 0.0249, 'speed_up': 0.441, 'custom_timing': 0.0564}
2025-08-12 17:28:52,748 - openevolve.controller - INFO - Saved checkpoint at iteration 15 to openevolve_output/level1_95_CrossEntropyLoss/checkpoints/checkpoint_15
2025-08-12 17:30:55,845 - openevolve.RemoteSpeedupEvaluator - INFO - [level1_95_CrossEntropyLoss] triton key words check pass
2025-08-12 17:30:55,846 - openevolve.RemoteSpeedupEvaluator - INFO - [level1_95_CrossEntropyLoss] verify_plus payload: reference_code(621 chars) + custom_code(2621 chars)
2025-08-12 17:30:58,840 - openevolve.RemoteSpeedupEvaluator - INFO - [level1_95_CrossEntropyLoss] verify_plus request success
2025-08-12 17:30:58,840 - openevolve.RemoteSpeedupEvaluator - INFO - [level1_95_CrossEntropyLoss] verify_plus response: {"id":"level1_95_CrossEntropyLoss","result":{"compiled":true,"correctness":false,"metadata":{"hardware":"NVIDIA L20Y","device":"cuda:1","max_difference":["1.540643","1.529930","1.537718","1.559637","1.536416"],"avg_difference":["1.540643","1.529930","1.537718","1.559637","1.536416"],"correctness_issue":"Output mismatch","correctness_trials":"(0 / 5)","reference_timing_ms":0.0249,"speed_up":-1.0,"custom_timing":-1.0},"runtime":-1.0,"runtime_stats":{}}}
2025-08-12 17:30:58,841 - openevolve.RemoteSpeedupEvaluator - INFO - [level1_95_CrossEntropyLoss] âœ˜ wrong_answer
2025-08-12 17:30:58,841 - openevolve.evaluator - INFO - Evaluated program ad6b020b-3793-4f6d-8dd1-0499b52d1f75 in 3.00s: compiled=1.0000, correctness=0.0000, score=10.0000, stage=wrong_answer, verify_payload={'id': 'level1_95_CrossEntropyLoss', 'result': {'compiled': True, 'correctness': False, 'metadata': {'hardware': 'NVIDIA L20Y', 'device': 'cuda:1', 'max_difference': ['1.540643', '1.529930', '1.537718', '1.559637', '1.536416'], 'avg_difference': ['1.540643', '1.529930', '1.537718', '1.559637', '1.536416'], 'correctness_issue': 'Output mismatch', 'correctness_trials': '(0 / 5)', 'reference_timing_ms': 0.0249, 'speed_up': -1.0, 'custom_timing': -1.0}, 'runtime': -1.0, 'runtime_stats': {}}}
2025-08-12 17:30:58,845 - openevolve.llm.ensemble - INFO - Sampled model: deepseek
2025-08-12 17:30:58,860 - openevolve.threaded_parallel - INFO - Iteration 14: Program ad6b020b-3793-4f6d-8dd1-0499b52d1f75 (parent: 4a4374cc-d0c3-4ba7-95c9-3e23aa53354c) completed in 393.97s
2025-08-12 17:30:58,861 - openevolve.threaded_parallel - INFO - Metrics: compiled=1.0000, correctness=0.0000, score=10.0000, stage=wrong_answer, verify_payload={'id': 'level1_95_CrossEntropyLoss', 'result': {'compiled': True, 'correctness': False, 'metadata': {'hardware': 'NVIDIA L20Y', 'device': 'cuda:1', 'max_difference': ['1.540643', '1.529930', '1.537718', '1.559637', '1.536416'], 'avg_difference': ['1.540643', '1.529930', '1.537718', '1.559637', '1.536416'], 'correctness_issue': 'Output mismatch', 'correctness_trials': '(0 / 5)', 'reference_timing_ms': 0.0249, 'speed_up': -1.0, 'custom_timing': -1.0}, 'runtime': -1.0, 'runtime_stats': {}}}
2025-08-12 17:34:25,641 - openevolve.RemoteSpeedupEvaluator - INFO - [level1_95_CrossEntropyLoss] triton key words check pass
2025-08-12 17:34:25,642 - openevolve.RemoteSpeedupEvaluator - INFO - [level1_95_CrossEntropyLoss] verify_plus payload: reference_code(621 chars) + custom_code(2330 chars)
2025-08-12 17:34:28,688 - openevolve.RemoteSpeedupEvaluator - INFO - [level1_95_CrossEntropyLoss] verify_plus request success
2025-08-12 17:34:28,688 - openevolve.RemoteSpeedupEvaluator - INFO - [level1_95_CrossEntropyLoss] verify_plus response: {"id":"level1_95_CrossEntropyLoss","result":{"compiled":true,"correctness":true,"metadata":{"hardware":"NVIDIA L20Y","device":"cuda:4","correctness_trials":"(5 / 5)","reference_timing_ms":0.0249,"speed_up":0.409,"custom_timing":0.0609},"runtime":0.0609,"runtime_stats":{"mean":0.0609,"std":0.00452,"min":0.0556,"max":0.0824,"num_trials":100,"hardware":"NVIDIA L20Y","device":"cuda:4"}}}
2025-08-12 17:34:28,689 - openevolve.RemoteSpeedupEvaluator - INFO - [level1_95_CrossEntropyLoss] âœ” success | speed_up=0.409  score=20.00
2025-08-12 17:34:28,689 - openevolve.evaluator - INFO - Evaluated program ec6637f0-866e-40a2-8cf5-2cc7b1797b85 in 3.05s: compiled=1.0000, correctness=1.0000, stage=success, passed=0.0000, score=20.0000, speed_up=0.4090, runtime_ms=0.0609, meta={'hardware': 'NVIDIA L20Y', 'device': 'cuda:4', 'correctness_trials': '(5 / 5)', 'reference_timing_ms': 0.0249, 'speed_up': 0.409, 'custom_timing': 0.0609}
2025-08-12 17:34:28,693 - openevolve.llm.ensemble - INFO - Sampled model: deepseek
2025-08-12 17:34:28,699 - openevolve.threaded_parallel - INFO - Iteration 13: Program ec6637f0-866e-40a2-8cf5-2cc7b1797b85 (parent: 334f291b-2916-40e5-8566-26642a1799cc) completed in 888.73s
2025-08-12 17:34:28,699 - openevolve.threaded_parallel - INFO - Metrics: compiled=1.0000, correctness=1.0000, stage=success, passed=0.0000, score=20.0000, speed_up=0.4090, runtime_ms=0.0609, meta={'hardware': 'NVIDIA L20Y', 'device': 'cuda:4', 'correctness_trials': '(5 / 5)', 'reference_timing_ms': 0.0249, 'speed_up': 0.409, 'custom_timing': 0.0609}
2025-08-12 17:34:34,348 - openevolve.RemoteSpeedupEvaluator - INFO - [level1_95_CrossEntropyLoss] âœ˜ invalid_answer 'import triton' is not found
2025-08-12 17:34:34,348 - openevolve.evaluator - INFO - Evaluated program 5b205f9f-c804-4831-bcb3-e107f3a94642 in 0.00s: compiled=0.0000, correctness=0.0000, score=-100.0000, stage=no_valid_triton_code, feedback=You need to generate real and valid triton code for the core function. The key word 'import triton' is not found.
2025-08-12 17:34:34,353 - openevolve.llm.ensemble - INFO - Sampled model: deepseek
2025-08-12 17:34:34,359 - openevolve.threaded_parallel - INFO - Iteration 16: Program 5b205f9f-c804-4831-bcb3-e107f3a94642 (parent: 334f291b-2916-40e5-8566-26642a1799cc) completed in 341.85s
2025-08-12 17:34:34,359 - openevolve.threaded_parallel - INFO - Metrics: compiled=0.0000, correctness=0.0000, score=-100.0000, stage=no_valid_triton_code, feedback=You need to generate real and valid triton code for the core function. The key word 'import triton' is not found.
2025-08-12 17:40:44,105 - openevolve.RemoteSpeedupEvaluator - INFO - [level1_95_CrossEntropyLoss] triton key words check pass
2025-08-12 17:40:44,107 - openevolve.RemoteSpeedupEvaluator - INFO - [level1_95_CrossEntropyLoss] verify_plus payload: reference_code(621 chars) + custom_code(2706 chars)
2025-08-12 17:40:46,980 - openevolve.RemoteSpeedupEvaluator - INFO - [level1_95_CrossEntropyLoss] verify_plus request success
2025-08-12 17:40:46,981 - openevolve.RemoteSpeedupEvaluator - INFO - [level1_95_CrossEntropyLoss] verify_plus response: {"id":"level1_95_CrossEntropyLoss","result":{"compiled":true,"correctness":false,"metadata":{"hardware":"NVIDIA L20Y","device":"cuda:1","runtime_error":"Traceback (most recent call last):\n  File \"/cpfs01/shared/llm_kernel/hujiakai/KernelLLM/validation_api_server/helpers/evaluations.py\", line 720, in run_and_check_correctness\n    output_new = model_new(*inputs)\n  File \"/home/lijiaxing/.conda/envs/api/lib/python3.10/site-packages/torch/nn/modules/module.py\", line 1773, in _wrapped_call_impl\n    return self._call_impl(*args, **kwargs)\n  File \"/home/lijiaxing/.conda/envs/api/lib/python3.10/site-packages/torch/nn/modules/module.py\", line 1784, in _call_impl\n    return forward_call(*args, **kwargs)\n  File \"/tmp/tmp_ekoax34.py\", line 72, in forward\n    cross_entropy_kernel[grid, B
2025-08-12 17:40:46,981 - openevolve.RemoteSpeedupEvaluator - INFO - [level1_95_CrossEntropyLoss] âœ˜ wrong_answer
2025-08-12 17:40:46,981 - openevolve.evaluator - INFO - Evaluated program e1b5e588-4cab-448d-b86d-649196c13106 in 2.88s: compiled=1.0000, correctness=0.0000, score=10.0000, stage=wrong_answer, verify_payload={'id': 'level1_95_CrossEntropyLoss', 'result': {'compiled': True, 'correctness': False, 'metadata': {'hardware': 'NVIDIA L20Y', 'device': 'cuda:1', 'runtime_error': 'Traceback (most recent call last):\n  File "/cpfs01/shared/llm_kernel/hujiakai/KernelLLM/validation_api_server/helpers/evaluations.py", line 720, in run_and_check_correctness\n    output_new = model_new(*inputs)\n  File "/home/lijiaxing/.conda/envs/api/lib/python3.10/site-packages/torch/nn/modules/module.py", line 1773, in _wrapped_call_impl\n    return self._call_impl(*args, **kwargs)\n  File "/home/lijiaxing/.conda/envs/api/lib/python3.10/site-packages/torch/nn/modules/module.py", line 1784, in _call_impl\n    return forward_call(*args, **kwargs)\n  File "/tmp/tmp_ekoax34.py", line 72, in forward\n    cross_entropy_kernel[grid, BLOCK_SIZE](\n  File "/home/lijiaxing/.conda/envs/api/lib/python3.10/site-packages/triton/runtime/jit.py", line 390, in <lambda>\n    return lambda *args, **kwargs: self.run(grid=grid, warmup=False, *args, **kwargs)\n  File "/home/lijiaxing/.conda/envs/api/lib/python3.10/site-packages/triton/runtime/jit.py", line 594, in run\n    kernel = self.compile(src, target=target, options=options.__dict__)\n  File "/home/lijiaxing/.conda/envs/api/lib/python3.10/site-packages/triton/compiler/compiler.py", line 339, in compile\n    module = src.make_ir(options, codegen_fns, module_map, context)\n  File "/home/lijiaxing/.conda/envs/api/lib/python3.10/site-packages/triton/compiler/compiler.py", line 83, in make_ir\n    return ast_to_ttir(self.fn, self, context=context, options=options, codegen_fns=codegen_fns,\ntriton.compiler.errors.UnsupportedLanguageConstruct: at 47:4:\n    sum_exp = tl.sum(exp_val, axis=0)\n\n    # Identify target logit\n    is_target = tid == target_idx\n    target_logit = tl.sum(tl.where(is_target, centered, 0.0), axis=0)\n\n    # Compute loss\n    log_softmax = target_logit - tl.log(sum_exp)\n    loss = -log_softmax\n\n    # Store result (first thread in block)\n    if tid == 0:\n    ^\nBoolean value of Tensor with more than one value is ambiguous\n', 'runtime_error_name': 'triton.compiler.errors.UnsupportedLanguageConstruct', 'reference_timing_ms': 0.0249, 'speed_up': -1.0, 'custom_timing': -1.0}, 'runtime': -1.0, 'runtime_stats': {}}}
2025-08-12 17:40:46,985 - openevolve.llm.ensemble - INFO - Sampled model: deepseek
2025-08-12 17:40:47,002 - openevolve.threaded_parallel - INFO - Iteration 18: Program e1b5e588-4cab-448d-b86d-649196c13106 (parent: 1d17b150-a092-475d-8fcb-01472acbf0b5) completed in 378.29s
2025-08-12 17:40:47,002 - openevolve.threaded_parallel - INFO - Metrics: compiled=1.0000, correctness=0.0000, score=10.0000, stage=wrong_answer, verify_payload={'id': 'level1_95_CrossEntropyLoss', 'result': {'compiled': True, 'correctness': False, 'metadata': {'hardware': 'NVIDIA L20Y', 'device': 'cuda:1', 'runtime_error': 'Traceback (most recent call last):\n  File "/cpfs01/shared/llm_kernel/hujiakai/KernelLLM/validation_api_server/helpers/evaluations.py", line 720, in run_and_check_correctness\n    output_new = model_new(*inputs)\n  File "/home/lijiaxing/.conda/envs/api/lib/python3.10/site-packages/torch/nn/modules/module.py", line 1773, in _wrapped_call_impl\n    return self._call_impl(*args, **kwargs)\n  File "/home/lijiaxing/.conda/envs/api/lib/python3.10/site-packages/torch/nn/modules/module.py", line 1784, in _call_impl\n    return forward_call(*args, **kwargs)\n  File "/tmp/tmp_ekoax34.py", line 72, in forward\n    cross_entropy_kernel[grid, BLOCK_SIZE](\n  File "/home/lijiaxing/.conda/envs/api/lib/python3.10/site-packages/triton/runtime/jit.py", line 390, in <lambda>\n    return lambda *args, **kwargs: self.run(grid=grid, warmup=False, *args, **kwargs)\n  File "/home/lijiaxing/.conda/envs/api/lib/python3.10/site-packages/triton/runtime/jit.py", line 594, in run\n    kernel = self.compile(src, target=target, options=options.__dict__)\n  File "/home/lijiaxing/.conda/envs/api/lib/python3.10/site-packages/triton/compiler/compiler.py", line 339, in compile\n    module = src.make_ir(options, codegen_fns, module_map, context)\n  File "/home/lijiaxing/.conda/envs/api/lib/python3.10/site-packages/triton/compiler/compiler.py", line 83, in make_ir\n    return ast_to_ttir(self.fn, self, context=context, options=options, codegen_fns=codegen_fns,\ntriton.compiler.errors.UnsupportedLanguageConstruct: at 47:4:\n    sum_exp = tl.sum(exp_val, axis=0)\n\n    # Identify target logit\n    is_target = tid == target_idx\n    target_logit = tl.sum(tl.where(is_target, centered, 0.0), axis=0)\n\n    # Compute loss\n    log_softmax = target_logit - tl.log(sum_exp)\n    loss = -log_softmax\n\n    # Store result (first thread in block)\n    if tid == 0:\n    ^\nBoolean value of Tensor with more than one value is ambiguous\n', 'runtime_error_name': 'triton.compiler.errors.UnsupportedLanguageConstruct', 'reference_timing_ms': 0.0249, 'speed_up': -1.0, 'custom_timing': -1.0}, 'runtime': -1.0, 'runtime_stats': {}}}
2025-08-12 17:40:47,002 - openevolve.threaded_parallel - INFO - Checkpoint interval reached at iteration 18
2025-08-12 17:40:47,004 - openevolve.database - INFO - Island Status:
2025-08-12 17:40:47,004 - openevolve.database - INFO -    Island 0: 8 programs, best=20.0000, avg=11.2500, diversity=179.45, gen=6 (best: 334f291b-2916-40e5-8566-26642a1799cc)
2025-08-12 17:40:47,004 - openevolve.database - INFO -  * Island 1: 7 programs, best=20.0000, avg=0.0000, diversity=4539.12, gen=7 (best: 1d17b150-a092-475d-8fcb-01472acbf0b5)
2025-08-12 17:40:47,004 - openevolve.database - INFO -    Island 2: 6 programs, best=20.0000, avg=-21.6667, diversity=396.87, gen=5 (best: 7fbce3a8-4d6f-4513-856e-27af6b6218da)
2025-08-12 17:40:47,220 - openevolve.database - INFO - Saved database with 19 programs to openevolve_output/level1_95_CrossEntropyLoss/checkpoints/checkpoint_18
2025-08-12 17:40:47,231 - openevolve.controller - INFO - Saved best program at checkpoint 18 with metrics: compiled=1.0000, correctness=1.0000, stage=success, passed=0.0000, score=20.0000, speed_up=0.4410, runtime_ms=0.0564, meta={'hardware': 'NVIDIA L20Y', 'device': 'cuda:5', 'correctness_trials': '(5 / 5)', 'reference_timing_ms': 0.0249, 'speed_up': 0.441, 'custom_timing': 0.0564}
2025-08-12 17:40:47,231 - openevolve.controller - INFO - Saved checkpoint at iteration 18 to openevolve_output/level1_95_CrossEntropyLoss/checkpoints/checkpoint_18
2025-08-12 17:44:16,923 - openevolve.RemoteSpeedupEvaluator - INFO - [level1_95_CrossEntropyLoss] triton key words check pass
2025-08-12 17:44:16,924 - openevolve.RemoteSpeedupEvaluator - INFO - [level1_95_CrossEntropyLoss] verify_plus payload: reference_code(621 chars) + custom_code(2560 chars)
2025-08-12 17:44:19,529 - openevolve.RemoteSpeedupEvaluator - INFO - [level1_95_CrossEntropyLoss] verify_plus request success
2025-08-12 17:44:19,530 - openevolve.RemoteSpeedupEvaluator - INFO - [level1_95_CrossEntropyLoss] verify_plus response: {"id":"level1_95_CrossEntropyLoss","result":{"compiled":true,"correctness":false,"metadata":{"hardware":"NVIDIA L20Y","device":"cuda:6","runtime_error":"Traceback (most recent call last):\n  File \"/cpfs01/shared/llm_kernel/hujiakai/KernelLLM/validation_api_server/helpers/evaluations.py\", line 720, in run_and_check_correctness\n    output_new = model_new(*inputs)\n  File \"/home/lijiaxing/.conda/envs/api/lib/python3.10/site-packages/torch/nn/modules/module.py\", line 1773, in _wrapped_call_impl\n    return self._call_impl(*args, **kwargs)\n  File \"/home/lijiaxing/.conda/envs/api/lib/python3.10/site-packages/torch/nn/modules/module.py\", line 1784, in _call_impl\n    return forward_call(*args, **kwargs)\n  File \"/tmp/tmpwy5rzvst.py\", line 65, in forward\n    cross_entropy_kernel[grid](\
2025-08-12 17:44:19,530 - openevolve.RemoteSpeedupEvaluator - INFO - [level1_95_CrossEntropyLoss] âœ˜ wrong_answer
2025-08-12 17:44:19,530 - openevolve.evaluator - INFO - Evaluated program cfaea8c4-7130-4472-b859-ff2a387b0a9a in 2.61s: compiled=1.0000, correctness=0.0000, score=10.0000, stage=wrong_answer, verify_payload={'id': 'level1_95_CrossEntropyLoss', 'result': {'compiled': True, 'correctness': False, 'metadata': {'hardware': 'NVIDIA L20Y', 'device': 'cuda:6', 'runtime_error': 'Traceback (most recent call last):\n  File "/cpfs01/shared/llm_kernel/hujiakai/KernelLLM/validation_api_server/helpers/evaluations.py", line 720, in run_and_check_correctness\n    output_new = model_new(*inputs)\n  File "/home/lijiaxing/.conda/envs/api/lib/python3.10/site-packages/torch/nn/modules/module.py", line 1773, in _wrapped_call_impl\n    return self._call_impl(*args, **kwargs)\n  File "/home/lijiaxing/.conda/envs/api/lib/python3.10/site-packages/torch/nn/modules/module.py", line 1784, in _call_impl\n    return forward_call(*args, **kwargs)\n  File "/tmp/tmpwy5rzvst.py", line 65, in forward\n    cross_entropy_kernel[grid](\n  File "/home/lijiaxing/.conda/envs/api/lib/python3.10/site-packages/triton/runtime/jit.py", line 390, in <lambda>\n    return lambda *args, **kwargs: self.run(grid=grid, warmup=False, *args, **kwargs)\n  File "/home/lijiaxing/.conda/envs/api/lib/python3.10/site-packages/triton/runtime/autotuner.py", line 239, in run\n    benchmark()\n  File "/home/lijiaxing/.conda/envs/api/lib/python3.10/site-packages/triton/runtime/autotuner.py", line 228, in benchmark\n    timings = {config: self._bench(*args, config=config, **kwargs) for config in pruned_configs}\n  File "/home/lijiaxing/.conda/envs/api/lib/python3.10/site-packages/triton/runtime/autotuner.py", line 228, in <dictcomp>\n    timings = {config: self._bench(*args, config=config, **kwargs) for config in pruned_configs}\n  File "/home/lijiaxing/.conda/envs/api/lib/python3.10/site-packages/triton/runtime/autotuner.py", line 135, in _bench\n    raise ValueError(f"Conflicting meta-parameters: {\', \'.join(conflicts)}."\nValueError: Conflicting meta-parameters: BLOCK_SIZE. Make sure that you don\'t re-define auto-tuned symbols.\n', 'runtime_error_name': 'builtins.ValueError', 'reference_timing_ms': 0.0249, 'speed_up': -1.0, 'custom_timing': -1.0}, 'runtime': -1.0, 'runtime_stats': {}}}
2025-08-12 17:44:19,534 - openevolve.llm.ensemble - INFO - Sampled model: deepseek
2025-08-12 17:44:19,548 - openevolve.threaded_parallel - INFO - Iteration 19: Program cfaea8c4-7130-4472-b859-ff2a387b0a9a (parent: db662cd2-c49d-4f00-b725-157204b31976) completed in 585.18s
2025-08-12 17:44:19,548 - openevolve.threaded_parallel - INFO - Metrics: compiled=1.0000, correctness=0.0000, score=10.0000, stage=wrong_answer, verify_payload={'id': 'level1_95_CrossEntropyLoss', 'result': {'compiled': True, 'correctness': False, 'metadata': {'hardware': 'NVIDIA L20Y', 'device': 'cuda:6', 'runtime_error': 'Traceback (most recent call last):\n  File "/cpfs01/shared/llm_kernel/hujiakai/KernelLLM/validation_api_server/helpers/evaluations.py", line 720, in run_and_check_correctness\n    output_new = model_new(*inputs)\n  File "/home/lijiaxing/.conda/envs/api/lib/python3.10/site-packages/torch/nn/modules/module.py", line 1773, in _wrapped_call_impl\n    return self._call_impl(*args, **kwargs)\n  File "/home/lijiaxing/.conda/envs/api/lib/python3.10/site-packages/torch/nn/modules/module.py", line 1784, in _call_impl\n    return forward_call(*args, **kwargs)\n  File "/tmp/tmpwy5rzvst.py", line 65, in forward\n    cross_entropy_kernel[grid](\n  File "/home/lijiaxing/.conda/envs/api/lib/python3.10/site-packages/triton/runtime/jit.py", line 390, in <lambda>\n    return lambda *args, **kwargs: self.run(grid=grid, warmup=False, *args, **kwargs)\n  File "/home/lijiaxing/.conda/envs/api/lib/python3.10/site-packages/triton/runtime/autotuner.py", line 239, in run\n    benchmark()\n  File "/home/lijiaxing/.conda/envs/api/lib/python3.10/site-packages/triton/runtime/autotuner.py", line 228, in benchmark\n    timings = {config: self._bench(*args, config=config, **kwargs) for config in pruned_configs}\n  File "/home/lijiaxing/.conda/envs/api/lib/python3.10/site-packages/triton/runtime/autotuner.py", line 228, in <dictcomp>\n    timings = {config: self._bench(*args, config=config, **kwargs) for config in pruned_configs}\n  File "/home/lijiaxing/.conda/envs/api/lib/python3.10/site-packages/triton/runtime/autotuner.py", line 135, in _bench\n    raise ValueError(f"Conflicting meta-parameters: {\', \'.join(conflicts)}."\nValueError: Conflicting meta-parameters: BLOCK_SIZE. Make sure that you don\'t re-define auto-tuned symbols.\n', 'runtime_error_name': 'builtins.ValueError', 'reference_timing_ms': 0.0249, 'speed_up': -1.0, 'custom_timing': -1.0}, 'runtime': -1.0, 'runtime_stats': {}}}
2025-08-12 17:45:54,202 - openevolve.RemoteSpeedupEvaluator - INFO - [level1_95_CrossEntropyLoss] âœ˜ invalid_answer 'import triton' is not found
2025-08-12 17:45:54,203 - openevolve.evaluator - INFO - Evaluated program 7a2a9d7e-117c-4fea-9810-2efaa9cb2fc6 in 0.00s: compiled=0.0000, correctness=0.0000, score=-100.0000, stage=no_valid_triton_code, feedback=You need to generate real and valid triton code for the core function. The key word 'import triton' is not found.
2025-08-12 17:45:54,206 - openevolve.llm.ensemble - INFO - Sampled model: deepseek
2025-08-12 17:45:54,223 - openevolve.threaded_parallel - INFO - Iteration 20: Program 7a2a9d7e-117c-4fea-9810-2efaa9cb2fc6 (parent: 54c8116f-71cb-42b3-9a12-c02f17ace74b) completed in 307.22s
2025-08-12 17:45:54,224 - openevolve.threaded_parallel - INFO - Metrics: compiled=0.0000, correctness=0.0000, score=-100.0000, stage=no_valid_triton_code, feedback=You need to generate real and valid triton code for the core function. The key word 'import triton' is not found.
2025-08-12 17:49:36,812 - openevolve.RemoteSpeedupEvaluator - INFO - [level1_95_CrossEntropyLoss] triton key words check pass
2025-08-12 17:49:36,812 - openevolve.RemoteSpeedupEvaluator - INFO - [level1_95_CrossEntropyLoss] verify_plus payload: reference_code(621 chars) + custom_code(3046 chars)
2025-08-12 17:49:39,575 - openevolve.RemoteSpeedupEvaluator - INFO - [level1_95_CrossEntropyLoss] verify_plus request success
2025-08-12 17:49:39,575 - openevolve.RemoteSpeedupEvaluator - INFO - [level1_95_CrossEntropyLoss] verify_plus response: {"id":"level1_95_CrossEntropyLoss","result":{"compiled":true,"correctness":false,"metadata":{"hardware":"NVIDIA L20Y","device":"cuda:5","runtime_error":"Traceback (most recent call last):\n  File \"/home/lijiaxing/.conda/envs/api/lib/python3.10/site-packages/triton/language/core.py\", line 42, in wrapper\n    return fn(*args, **kwargs)\n  File \"/home/lijiaxing/.conda/envs/api/lib/python3.10/site-packages/triton/language/core.py\", line 1654, in arange\n    return _semantic.arange(start, end)\n  File \"/home/lijiaxing/.conda/envs/api/lib/python3.10/site-packages/triton/language/semantic.py\", line 574, in arange\n    raise ValueError(\"arange's arguments must be of type tl.constexpr\")\nValueError: arange's arguments must be of type tl.constexpr\n\nThe above exception was the direct cause 
2025-08-12 17:49:39,576 - openevolve.RemoteSpeedupEvaluator - INFO - [level1_95_CrossEntropyLoss] âœ˜ wrong_answer
2025-08-12 17:49:39,576 - openevolve.evaluator - INFO - Evaluated program 41eea9aa-86de-4482-a323-4f78b308461a in 2.76s: compiled=1.0000, correctness=0.0000, score=10.0000, stage=wrong_answer, verify_payload={'id': 'level1_95_CrossEntropyLoss', 'result': {'compiled': True, 'correctness': False, 'metadata': {'hardware': 'NVIDIA L20Y', 'device': 'cuda:5', 'runtime_error': 'Traceback (most recent call last):\n  File "/home/lijiaxing/.conda/envs/api/lib/python3.10/site-packages/triton/language/core.py", line 42, in wrapper\n    return fn(*args, **kwargs)\n  File "/home/lijiaxing/.conda/envs/api/lib/python3.10/site-packages/triton/language/core.py", line 1654, in arange\n    return _semantic.arange(start, end)\n  File "/home/lijiaxing/.conda/envs/api/lib/python3.10/site-packages/triton/language/semantic.py", line 574, in arange\n    raise ValueError("arange\'s arguments must be of type tl.constexpr")\nValueError: arange\'s arguments must be of type tl.constexpr\n\nThe above exception was the direct cause of the following exception:\n\nTraceback (most recent call last):\n  File "/cpfs01/shared/llm_kernel/hujiakai/KernelLLM/validation_api_server/helpers/evaluations.py", line 720, in run_and_check_correctness\n    output_new = model_new(*inputs)\n  File "/home/lijiaxing/.conda/envs/api/lib/python3.10/site-packages/torch/nn/modules/module.py", line 1773, in _wrapped_call_impl\n    return self._call_impl(*args, **kwargs)\n  File "/home/lijiaxing/.conda/envs/api/lib/python3.10/site-packages/torch/nn/modules/module.py", line 1784, in _call_impl\n    return forward_call(*args, **kwargs)\n  File "/tmp/tmp25qtdbpv.py", line 76, in forward\n    cross_entropy_kernel[grid](\n  File "/home/lijiaxing/.conda/envs/api/lib/python3.10/site-packages/triton/runtime/jit.py", line 390, in <lambda>\n    return lambda *args, **kwargs: self.run(grid=grid, warmup=False, *args, **kwargs)\n  File "/home/lijiaxing/.conda/envs/api/lib/python3.10/site-packages/triton/runtime/jit.py", line 594, in run\n    kernel = self.compile(src, target=target, options=options.__dict__)\n  File "/home/lijiaxing/.conda/envs/api/lib/python3.10/site-packages/triton/compiler/compiler.py", line 339, in compile\n    module = src.make_ir(options, codegen_fns, module_map, context)\n  File "/home/lijiaxing/.conda/envs/api/lib/python3.10/site-packages/triton/compiler/compiler.py", line 83, in make_ir\n    return ast_to_ttir(self.fn, self, context=context, options=options, codegen_fns=codegen_fns,\ntriton.compiler.errors.CompilationError: at 14:30:\n    targets_ptr,\n    output_ptr,\n    n_classes,\n    stride_logits_batch,\n    stride_logits_class,\n    batch_size: tl.constexpr,\n    BLOCK_SIZE: tl.constexpr\n):\n    pid = tl.program_id(0)\n    ROWS_PER_THREAD = 4\n    row_start = pid * ROWS_PER_THREAD\n    row_indices = row_start + tl.arange(0, ROWS_PER_THREAD)\n                              ^\n\n\nThe above exception was the direct cause of the following exception:\n\nTraceback (most recent call last):\n  File "/home/lijiaxing/.conda/envs/api/lib/python3.10/site-packages/triton/language/core.py", line 42, in wrapper\n    return fn(*args, **kwargs)\n  File "/home/lijiaxing/.conda/envs/api/lib/python3.10/site-packages/triton/language/core.py", line 1654, in arange\n    return _semantic.arange(start, end)\n  File "/home/lijiaxing/.conda/envs/api/lib/python3.10/site-packages/triton/language/semantic.py", line 574, in arange\n    raise ValueError("arange\'s arguments must be of type tl.constexpr")\nValueError: arange\'s arguments must be of type tl.constexpr\n', 'runtime_error_name': 'triton.compiler.errors.CompilationError', 'reference_timing_ms': 0.0249, 'speed_up': -1.0, 'custom_timing': -1.0}, 'runtime': -1.0, 'runtime_stats': {}}}
2025-08-12 17:49:39,580 - openevolve.llm.ensemble - INFO - Sampled model: deepseek
2025-08-12 17:49:39,618 - openevolve.threaded_parallel - INFO - Iteration 17: Program 41eea9aa-86de-4482-a323-4f78b308461a (parent: cb977197-f054-4177-984a-db6fb880bf09) completed in 1120.73s
2025-08-12 17:49:39,618 - openevolve.threaded_parallel - INFO - Metrics: compiled=1.0000, correctness=0.0000, score=10.0000, stage=wrong_answer, verify_payload={'id': 'level1_95_CrossEntropyLoss', 'result': {'compiled': True, 'correctness': False, 'metadata': {'hardware': 'NVIDIA L20Y', 'device': 'cuda:5', 'runtime_error': 'Traceback (most recent call last):\n  File "/home/lijiaxing/.conda/envs/api/lib/python3.10/site-packages/triton/language/core.py", line 42, in wrapper\n    return fn(*args, **kwargs)\n  File "/home/lijiaxing/.conda/envs/api/lib/python3.10/site-packages/triton/language/core.py", line 1654, in arange\n    return _semantic.arange(start, end)\n  File "/home/lijiaxing/.conda/envs/api/lib/python3.10/site-packages/triton/language/semantic.py", line 574, in arange\n    raise ValueError("arange\'s arguments must be of type tl.constexpr")\nValueError: arange\'s arguments must be of type tl.constexpr\n\nThe above exception was the direct cause of the following exception:\n\nTraceback (most recent call last):\n  File "/cpfs01/shared/llm_kernel/hujiakai/KernelLLM/validation_api_server/helpers/evaluations.py", line 720, in run_and_check_correctness\n    output_new = model_new(*inputs)\n  File "/home/lijiaxing/.conda/envs/api/lib/python3.10/site-packages/torch/nn/modules/module.py", line 1773, in _wrapped_call_impl\n    return self._call_impl(*args, **kwargs)\n  File "/home/lijiaxing/.conda/envs/api/lib/python3.10/site-packages/torch/nn/modules/module.py", line 1784, in _call_impl\n    return forward_call(*args, **kwargs)\n  File "/tmp/tmp25qtdbpv.py", line 76, in forward\n    cross_entropy_kernel[grid](\n  File "/home/lijiaxing/.conda/envs/api/lib/python3.10/site-packages/triton/runtime/jit.py", line 390, in <lambda>\n    return lambda *args, **kwargs: self.run(grid=grid, warmup=False, *args, **kwargs)\n  File "/home/lijiaxing/.conda/envs/api/lib/python3.10/site-packages/triton/runtime/jit.py", line 594, in run\n    kernel = self.compile(src, target=target, options=options.__dict__)\n  File "/home/lijiaxing/.conda/envs/api/lib/python3.10/site-packages/triton/compiler/compiler.py", line 339, in compile\n    module = src.make_ir(options, codegen_fns, module_map, context)\n  File "/home/lijiaxing/.conda/envs/api/lib/python3.10/site-packages/triton/compiler/compiler.py", line 83, in make_ir\n    return ast_to_ttir(self.fn, self, context=context, options=options, codegen_fns=codegen_fns,\ntriton.compiler.errors.CompilationError: at 14:30:\n    targets_ptr,\n    output_ptr,\n    n_classes,\n    stride_logits_batch,\n    stride_logits_class,\n    batch_size: tl.constexpr,\n    BLOCK_SIZE: tl.constexpr\n):\n    pid = tl.program_id(0)\n    ROWS_PER_THREAD = 4\n    row_start = pid * ROWS_PER_THREAD\n    row_indices = row_start + tl.arange(0, ROWS_PER_THREAD)\n                              ^\n\n\nThe above exception was the direct cause of the following exception:\n\nTraceback (most recent call last):\n  File "/home/lijiaxing/.conda/envs/api/lib/python3.10/site-packages/triton/language/core.py", line 42, in wrapper\n    return fn(*args, **kwargs)\n  File "/home/lijiaxing/.conda/envs/api/lib/python3.10/site-packages/triton/language/core.py", line 1654, in arange\n    return _semantic.arange(start, end)\n  File "/home/lijiaxing/.conda/envs/api/lib/python3.10/site-packages/triton/language/semantic.py", line 574, in arange\n    raise ValueError("arange\'s arguments must be of type tl.constexpr")\nValueError: arange\'s arguments must be of type tl.constexpr\n', 'runtime_error_name': 'triton.compiler.errors.CompilationError', 'reference_timing_ms': 0.0249, 'speed_up': -1.0, 'custom_timing': -1.0}, 'runtime': -1.0, 'runtime_stats': {}}}
2025-08-12 17:55:05,602 - openevolve.RemoteSpeedupEvaluator - INFO - [level1_95_CrossEntropyLoss] triton key words check pass
2025-08-12 17:55:05,603 - openevolve.RemoteSpeedupEvaluator - INFO - [level1_95_CrossEntropyLoss] verify_plus payload: reference_code(621 chars) + custom_code(2550 chars)
2025-08-12 17:55:08,565 - openevolve.RemoteSpeedupEvaluator - INFO - [level1_95_CrossEntropyLoss] verify_plus request success
2025-08-12 17:55:08,566 - openevolve.RemoteSpeedupEvaluator - INFO - [level1_95_CrossEntropyLoss] verify_plus response: {"id":"level1_95_CrossEntropyLoss","result":{"compiled":true,"correctness":true,"metadata":{"hardware":"NVIDIA L20Y","device":"cuda:7","correctness_trials":"(5 / 5)","reference_timing_ms":0.0249,"speed_up":0.419,"custom_timing":0.0594},"runtime":0.0594,"runtime_stats":{"mean":0.0594,"std":0.00368,"min":0.0557,"max":0.0779,"num_trials":100,"hardware":"NVIDIA L20Y","device":"cuda:7"}}}
2025-08-12 17:55:08,566 - openevolve.RemoteSpeedupEvaluator - INFO - [level1_95_CrossEntropyLoss] âœ” success | speed_up=0.419  score=20.00
2025-08-12 17:55:08,566 - openevolve.evaluator - INFO - Evaluated program c11789d5-c239-49f2-8442-b8dd03268e3d in 2.97s: compiled=1.0000, correctness=1.0000, stage=success, passed=0.0000, score=20.0000, speed_up=0.4190, runtime_ms=0.0594, meta={'hardware': 'NVIDIA L20Y', 'device': 'cuda:7', 'correctness_trials': '(5 / 5)', 'reference_timing_ms': 0.0249, 'speed_up': 0.419, 'custom_timing': 0.0594}
2025-08-12 17:55:08,570 - openevolve.llm.ensemble - INFO - Sampled model: deepseek
2025-08-12 17:55:08,584 - openevolve.threaded_parallel - INFO - Iteration 21: Program c11789d5-c239-49f2-8442-b8dd03268e3d (parent: deb5a4dd-b8a3-4e80-8e15-9e40cecd9670) completed in 649.03s
2025-08-12 17:55:08,584 - openevolve.threaded_parallel - INFO - Metrics: compiled=1.0000, correctness=1.0000, stage=success, passed=0.0000, score=20.0000, speed_up=0.4190, runtime_ms=0.0594, meta={'hardware': 'NVIDIA L20Y', 'device': 'cuda:7', 'correctness_trials': '(5 / 5)', 'reference_timing_ms': 0.0249, 'speed_up': 0.419, 'custom_timing': 0.0594}
2025-08-12 17:55:08,584 - openevolve.threaded_parallel - INFO - Checkpoint interval reached at iteration 21
2025-08-12 17:55:08,586 - openevolve.database - INFO - Island Status:
2025-08-12 17:55:08,586 - openevolve.database - INFO -    Island 0: 9 programs, best=20.0000, avg=11.1111, diversity=200.68, gen=7 (best: 334f291b-2916-40e5-8566-26642a1799cc)
2025-08-12 17:55:08,586 - openevolve.database - INFO -    Island 1: 9 programs, best=20.0000, avg=3.3333, diversity=4560.20, gen=8 (best: 1d17b150-a092-475d-8fcb-01472acbf0b5)
2025-08-12 17:55:08,586 - openevolve.database - INFO -  * Island 2: 7 programs, best=20.0000, avg=-32.8571, diversity=713.22, gen=7 (best: 7fbce3a8-4d6f-4513-856e-27af6b6218da)
2025-08-12 17:55:08,871 - openevolve.database - INFO - Saved database with 23 programs to openevolve_output/level1_95_CrossEntropyLoss/checkpoints/checkpoint_21
2025-08-12 17:55:08,880 - openevolve.controller - INFO - Saved best program at checkpoint 21 with metrics: compiled=1.0000, correctness=1.0000, stage=success, passed=0.0000, score=20.0000, speed_up=0.4410, runtime_ms=0.0564, meta={'hardware': 'NVIDIA L20Y', 'device': 'cuda:5', 'correctness_trials': '(5 / 5)', 'reference_timing_ms': 0.0249, 'speed_up': 0.441, 'custom_timing': 0.0564}
2025-08-12 17:55:08,881 - openevolve.controller - INFO - Saved checkpoint at iteration 21 to openevolve_output/level1_95_CrossEntropyLoss/checkpoints/checkpoint_21
2025-08-12 17:58:00,970 - openevolve.RemoteSpeedupEvaluator - INFO - [level1_95_CrossEntropyLoss] âœ˜ invalid_answer 'import triton' is not found
2025-08-12 17:58:00,971 - openevolve.evaluator - INFO - Evaluated program ccf97459-351a-4cc6-a047-6e3a931071ad in 0.00s: compiled=0.0000, correctness=0.0000, score=-100.0000, stage=no_valid_triton_code, feedback=You need to generate real and valid triton code for the core function. The key word 'import triton' is not found.
2025-08-12 17:58:00,974 - openevolve.llm.ensemble - INFO - Sampled model: deepseek
2025-08-12 17:58:00,987 - openevolve.threaded_parallel - INFO - Iteration 23: Program ccf97459-351a-4cc6-a047-6e3a931071ad (parent: 444f2cf8-f0b2-4989-b8ee-c1df2933bc18) completed in 501.39s
2025-08-12 17:58:00,987 - openevolve.threaded_parallel - INFO - Metrics: compiled=0.0000, correctness=0.0000, score=-100.0000, stage=no_valid_triton_code, feedback=You need to generate real and valid triton code for the core function. The key word 'import triton' is not found.
2025-08-12 17:58:55,315 - openevolve.RemoteSpeedupEvaluator - INFO - [level1_95_CrossEntropyLoss] triton key words check pass
2025-08-12 17:58:55,315 - openevolve.RemoteSpeedupEvaluator - INFO - [level1_95_CrossEntropyLoss] verify_plus payload: reference_code(621 chars) + custom_code(2501 chars)
2025-08-12 17:58:58,180 - openevolve.RemoteSpeedupEvaluator - INFO - [level1_95_CrossEntropyLoss] triton key words check pass
2025-08-12 17:58:58,180 - openevolve.RemoteSpeedupEvaluator - INFO - [level1_95_CrossEntropyLoss] verify_plus payload: reference_code(621 chars) + custom_code(2490 chars)
2025-08-12 17:58:58,301 - openevolve.RemoteSpeedupEvaluator - INFO - [level1_95_CrossEntropyLoss] verify_plus request success
2025-08-12 17:58:58,301 - openevolve.RemoteSpeedupEvaluator - INFO - [level1_95_CrossEntropyLoss] verify_plus response: {"id":"level1_95_CrossEntropyLoss","result":{"compiled":true,"correctness":false,"metadata":{"hardware":"NVIDIA L20Y","device":"cuda:4","runtime_error":"Traceback (most recent call last):\n  File \"/cpfs01/shared/llm_kernel/hujiakai/KernelLLM/validation_api_server/helpers/evaluations.py\", line 720, in run_and_check_correctness\n    output_new = model_new(*inputs)\n  File \"/home/lijiaxing/.conda/envs/api/lib/python3.10/site-packages/torch/nn/modules/module.py\", line 1773, in _wrapped_call_impl\n    return self._call_impl(*args, **kwargs)\n  File \"/home/lijiaxing/.conda/envs/api/lib/python3.10/site-packages/torch/nn/modules/module.py\", line 1784, in _call_impl\n    return forward_call(*args, **kwargs)\n  File \"/tmp/tmp6m6ybhne.py\", line 68, in forward\n    cross_entropy_kernel[grid](\
2025-08-12 17:58:58,301 - openevolve.RemoteSpeedupEvaluator - INFO - [level1_95_CrossEntropyLoss] âœ˜ wrong_answer
2025-08-12 17:58:58,301 - openevolve.evaluator - INFO - Evaluated program 3f9b334a-4a23-4447-bc0a-07f7e2737a3e in 2.99s: compiled=1.0000, correctness=0.0000, score=10.0000, stage=wrong_answer, verify_payload={'id': 'level1_95_CrossEntropyLoss', 'result': {'compiled': True, 'correctness': False, 'metadata': {'hardware': 'NVIDIA L20Y', 'device': 'cuda:4', 'runtime_error': 'Traceback (most recent call last):\n  File "/cpfs01/shared/llm_kernel/hujiakai/KernelLLM/validation_api_server/helpers/evaluations.py", line 720, in run_and_check_correctness\n    output_new = model_new(*inputs)\n  File "/home/lijiaxing/.conda/envs/api/lib/python3.10/site-packages/torch/nn/modules/module.py", line 1773, in _wrapped_call_impl\n    return self._call_impl(*args, **kwargs)\n  File "/home/lijiaxing/.conda/envs/api/lib/python3.10/site-packages/torch/nn/modules/module.py", line 1784, in _call_impl\n    return forward_call(*args, **kwargs)\n  File "/tmp/tmp6m6ybhne.py", line 68, in forward\n    cross_entropy_kernel[grid](\n  File "/home/lijiaxing/.conda/envs/api/lib/python3.10/site-packages/triton/runtime/jit.py", line 390, in <lambda>\n    return lambda *args, **kwargs: self.run(grid=grid, warmup=False, *args, **kwargs)\n  File "/home/lijiaxing/.conda/envs/api/lib/python3.10/site-packages/triton/runtime/jit.py", line 594, in run\n    kernel = self.compile(src, target=target, options=options.__dict__)\n  File "/home/lijiaxing/.conda/envs/api/lib/python3.10/site-packages/triton/compiler/compiler.py", line 339, in compile\n    module = src.make_ir(options, codegen_fns, module_map, context)\n  File "/home/lijiaxing/.conda/envs/api/lib/python3.10/site-packages/triton/compiler/compiler.py", line 83, in make_ir\n    return ast_to_ttir(self.fn, self, context=context, options=options, codegen_fns=codegen_fns,\ntriton.compiler.errors.UnsupportedLanguageConstruct: at 45:4:\n    sum_exp = tl.sum(exp_val, axis=0)\n\n    # Identify target value\n    is_target = col_indices == target_idx\n    target_val = tl.sum(tl.where(is_target, centered, 0.0), axis=0)\n\n    # Compute loss\n    log_softmax = target_val - tl.log(sum_exp)\n    loss = -log_softmax\n\n    # Store result using first thread\n    if tid == 0:\n    ^\nBoolean value of Tensor with more than one value is ambiguous\n', 'runtime_error_name': 'triton.compiler.errors.UnsupportedLanguageConstruct', 'reference_timing_ms': 0.0249, 'speed_up': -1.0, 'custom_timing': -1.0}, 'runtime': -1.0, 'runtime_stats': {}}}
2025-08-12 17:58:58,306 - openevolve.llm.ensemble - INFO - Sampled model: deepseek
2025-08-12 17:58:58,316 - openevolve.threaded_parallel - INFO - Iteration 24: Program 3f9b334a-4a23-4447-bc0a-07f7e2737a3e (parent: ec6637f0-866e-40a2-8cf5-2cc7b1797b85) completed in 229.73s
2025-08-12 17:58:58,316 - openevolve.threaded_parallel - INFO - Metrics: compiled=1.0000, correctness=0.0000, score=10.0000, stage=wrong_answer, verify_payload={'id': 'level1_95_CrossEntropyLoss', 'result': {'compiled': True, 'correctness': False, 'metadata': {'hardware': 'NVIDIA L20Y', 'device': 'cuda:4', 'runtime_error': 'Traceback (most recent call last):\n  File "/cpfs01/shared/llm_kernel/hujiakai/KernelLLM/validation_api_server/helpers/evaluations.py", line 720, in run_and_check_correctness\n    output_new = model_new(*inputs)\n  File "/home/lijiaxing/.conda/envs/api/lib/python3.10/site-packages/torch/nn/modules/module.py", line 1773, in _wrapped_call_impl\n    return self._call_impl(*args, **kwargs)\n  File "/home/lijiaxing/.conda/envs/api/lib/python3.10/site-packages/torch/nn/modules/module.py", line 1784, in _call_impl\n    return forward_call(*args, **kwargs)\n  File "/tmp/tmp6m6ybhne.py", line 68, in forward\n    cross_entropy_kernel[grid](\n  File "/home/lijiaxing/.conda/envs/api/lib/python3.10/site-packages/triton/runtime/jit.py", line 390, in <lambda>\n    return lambda *args, **kwargs: self.run(grid=grid, warmup=False, *args, **kwargs)\n  File "/home/lijiaxing/.conda/envs/api/lib/python3.10/site-packages/triton/runtime/jit.py", line 594, in run\n    kernel = self.compile(src, target=target, options=options.__dict__)\n  File "/home/lijiaxing/.conda/envs/api/lib/python3.10/site-packages/triton/compiler/compiler.py", line 339, in compile\n    module = src.make_ir(options, codegen_fns, module_map, context)\n  File "/home/lijiaxing/.conda/envs/api/lib/python3.10/site-packages/triton/compiler/compiler.py", line 83, in make_ir\n    return ast_to_ttir(self.fn, self, context=context, options=options, codegen_fns=codegen_fns,\ntriton.compiler.errors.UnsupportedLanguageConstruct: at 45:4:\n    sum_exp = tl.sum(exp_val, axis=0)\n\n    # Identify target value\n    is_target = col_indices == target_idx\n    target_val = tl.sum(tl.where(is_target, centered, 0.0), axis=0)\n\n    # Compute loss\n    log_softmax = target_val - tl.log(sum_exp)\n    loss = -log_softmax\n\n    # Store result using first thread\n    if tid == 0:\n    ^\nBoolean value of Tensor with more than one value is ambiguous\n', 'runtime_error_name': 'triton.compiler.errors.UnsupportedLanguageConstruct', 'reference_timing_ms': 0.0249, 'speed_up': -1.0, 'custom_timing': -1.0}, 'runtime': -1.0, 'runtime_stats': {}}}
2025-08-12 17:58:58,316 - openevolve.threaded_parallel - INFO - Checkpoint interval reached at iteration 24
2025-08-12 17:58:58,318 - openevolve.database - INFO - Island Status:
2025-08-12 17:58:58,318 - openevolve.database - INFO -    Island 0: 10 programs, best=20.0000, avg=11.0000, diversity=180.80, gen=8 (best: 334f291b-2916-40e5-8566-26642a1799cc)
2025-08-12 17:58:58,318 - openevolve.database - INFO -  * Island 1: 9 programs, best=20.0000, avg=3.3333, diversity=4560.20, gen=9 (best: 1d17b150-a092-475d-8fcb-01472acbf0b5)
2025-08-12 17:58:58,318 - openevolve.database - INFO -    Island 2: 8 programs, best=20.0000, avg=-41.2500, diversity=713.22, gen=7 (best: 7fbce3a8-4d6f-4513-856e-27af6b6218da)
2025-08-12 17:58:58,582 - openevolve.database - INFO - Saved database with 25 programs to openevolve_output/level1_95_CrossEntropyLoss/checkpoints/checkpoint_24
2025-08-12 17:58:58,592 - openevolve.controller - INFO - Saved best program at checkpoint 24 with metrics: compiled=1.0000, correctness=1.0000, stage=success, passed=0.0000, score=20.0000, speed_up=0.4410, runtime_ms=0.0564, meta={'hardware': 'NVIDIA L20Y', 'device': 'cuda:5', 'correctness_trials': '(5 / 5)', 'reference_timing_ms': 0.0249, 'speed_up': 0.441, 'custom_timing': 0.0564}
2025-08-12 17:58:58,592 - openevolve.controller - INFO - Saved checkpoint at iteration 24 to openevolve_output/level1_95_CrossEntropyLoss/checkpoints/checkpoint_24
2025-08-12 17:59:00,945 - openevolve.RemoteSpeedupEvaluator - INFO - [level1_95_CrossEntropyLoss] verify_plus request success
2025-08-12 17:59:00,945 - openevolve.RemoteSpeedupEvaluator - INFO - [level1_95_CrossEntropyLoss] verify_plus response: {"id":"level1_95_CrossEntropyLoss","result":{"compiled":true,"correctness":false,"metadata":{"hardware":"NVIDIA L20Y","device":"cuda:5","runtime_error":"Traceback (most recent call last):\n  File \"/home/lijiaxing/.conda/envs/api/lib/python3.10/site-packages/triton/language/core.py\", line 42, in wrapper\n    return fn(*args, **kwargs)\n  File \"/home/lijiaxing/.conda/envs/api/lib/python3.10/site-packages/triton/language/core.py\", line 1654, in arange\n    return _semantic.arange(start, end)\n  File \"/home/lijiaxing/.conda/envs/api/lib/python3.10/site-packages/triton/language/semantic.py\", line 583, in arange\n    raise ValueError(\"arange's range must be a power of 2\")\nValueError: arange's range must be a power of 2\n\nThe above exception was the direct cause of the following excepti
2025-08-12 17:59:00,945 - openevolve.RemoteSpeedupEvaluator - INFO - [level1_95_CrossEntropyLoss] âœ˜ wrong_answer
2025-08-12 17:59:00,945 - openevolve.evaluator - INFO - Evaluated program c228052b-8b02-4fa4-beae-bfa14289bc05 in 2.77s: compiled=1.0000, correctness=0.0000, score=10.0000, stage=wrong_answer, verify_payload={'id': 'level1_95_CrossEntropyLoss', 'result': {'compiled': True, 'correctness': False, 'metadata': {'hardware': 'NVIDIA L20Y', 'device': 'cuda:5', 'runtime_error': 'Traceback (most recent call last):\n  File "/home/lijiaxing/.conda/envs/api/lib/python3.10/site-packages/triton/language/core.py", line 42, in wrapper\n    return fn(*args, **kwargs)\n  File "/home/lijiaxing/.conda/envs/api/lib/python3.10/site-packages/triton/language/core.py", line 1654, in arange\n    return _semantic.arange(start, end)\n  File "/home/lijiaxing/.conda/envs/api/lib/python3.10/site-packages/triton/language/semantic.py", line 583, in arange\n    raise ValueError("arange\'s range must be a power of 2")\nValueError: arange\'s range must be a power of 2\n\nThe above exception was the direct cause of the following exception:\n\nTraceback (most recent call last):\n  File "/cpfs01/shared/llm_kernel/hujiakai/KernelLLM/validation_api_server/helpers/evaluations.py", line 720, in run_and_check_correctness\n    output_new = model_new(*inputs)\n  File "/home/lijiaxing/.conda/envs/api/lib/python3.10/site-packages/torch/nn/modules/module.py", line 1773, in _wrapped_call_impl\n    return self._call_impl(*args, **kwargs)\n  File "/home/lijiaxing/.conda/envs/api/lib/python3.10/site-packages/torch/nn/modules/module.py", line 1784, in _call_impl\n    return forward_call(*args, **kwargs)\n  File "/tmp/tmpyu0fx0dd.py", line 67, in forward\n    _cross_entropy_forward_kernel[grid](\n  File "/home/lijiaxing/.conda/envs/api/lib/python3.10/site-packages/triton/runtime/jit.py", line 390, in <lambda>\n    return lambda *args, **kwargs: self.run(grid=grid, warmup=False, *args, **kwargs)\n  File "/home/lijiaxing/.conda/envs/api/lib/python3.10/site-packages/triton/runtime/autotuner.py", line 239, in run\n    benchmark()\n  File "/home/lijiaxing/.conda/envs/api/lib/python3.10/site-packages/triton/runtime/autotuner.py", line 228, in benchmark\n    timings = {config: self._bench(*args, config=config, **kwargs) for config in pruned_configs}\n  File "/home/lijiaxing/.conda/envs/api/lib/python3.10/site-packages/triton/runtime/autotuner.py", line 228, in <dictcomp>\n    timings = {config: self._bench(*args, config=config, **kwargs) for config in pruned_configs}\n  File "/home/lijiaxing/.conda/envs/api/lib/python3.10/site-packages/triton/runtime/autotuner.py", line 160, in _bench\n    return self.do_bench(kernel_call, quantiles=(0.5, 0.2, 0.8))\n  File "/home/lijiaxing/.conda/envs/api/lib/python3.10/site-packages/triton/testing.py", line 149, in do_bench\n    fn()\n  File "/home/lijiaxing/.conda/envs/api/lib/python3.10/site-packages/triton/runtime/autotuner.py", line 146, in kernel_call\n    self.fn.run(\n  File "/home/lijiaxing/.conda/envs/api/lib/python3.10/site-packages/triton/runtime/jit.py", line 594, in run\n    kernel = self.compile(src, target=target, options=options.__dict__)\n  File "/home/lijiaxing/.conda/envs/api/lib/python3.10/site-packages/triton/compiler/compiler.py", line 339, in compile\n    module = src.make_ir(options, codegen_fns, module_map, context)\n  File "/home/lijiaxing/.conda/envs/api/lib/python3.10/site-packages/triton/compiler/compiler.py", line 83, in make_ir\n    return ast_to_ttir(self.fn, self, context=context, options=options, codegen_fns=codegen_fns,\ntriton.compiler.errors.CompilationError: at 18:11:\n    BLOCK_SIZE: tl.constexpr,\n):\n    pid = tl.program_id(0)\n    if pid >= batch_size:\n        return\n\n    # Load target index\n    target_idx = tl.load(targets_ptr + pid)\n    row_start = pid * num_classes\n\n    # Vectorized load\n    offs = tl.arange(0, BLOCK_SIZE)\n           ^\n\n\nThe above exception was the direct cause of the following exception:\n\nTraceback (most recent call last):\n  File "/home/lijiaxing/.conda/envs/api/lib/python3.10/site-packages/triton/language/core.py", line 42, in wrapper\n    return fn(*args, **kwargs)\n  File "/home/lijiaxing/.conda/envs/api/lib/python3.10/site-packages/triton/language/core.py", line 1654, in arange\n    return _semantic.arange(start, end)\n  File "/home/lijiaxing/.conda/envs/api/lib/python3.10/site-packages/triton/language/semantic.py", line 583, in arange\n    raise ValueError("arange\'s range must be a power of 2")\nValueError: arange\'s range must be a power of 2\n', 'runtime_error_name': 'triton.compiler.errors.CompilationError', 'reference_timing_ms': 0.0249, 'speed_up': -1.0, 'custom_timing': -1.0}, 'runtime': -1.0, 'runtime_stats': {}}}
2025-08-12 17:59:00,949 - openevolve.llm.ensemble - INFO - Sampled model: deepseek
2025-08-12 17:59:00,950 - openevolve.database - INFO - Population size (26) exceeds limit (25), removing 1 programs
2025-08-12 17:59:00,950 - openevolve.database - INFO - Population size after cleanup: 25
2025-08-12 17:59:00,961 - openevolve.threaded_parallel - INFO - Iteration 22: Program c228052b-8b02-4fa4-beae-bfa14289bc05 (parent: 7fbce3a8-4d6f-4513-856e-27af6b6218da) completed in 786.74s
2025-08-12 17:59:00,962 - openevolve.threaded_parallel - INFO - Metrics: compiled=1.0000, correctness=0.0000, score=10.0000, stage=wrong_answer, verify_payload={'id': 'level1_95_CrossEntropyLoss', 'result': {'compiled': True, 'correctness': False, 'metadata': {'hardware': 'NVIDIA L20Y', 'device': 'cuda:5', 'runtime_error': 'Traceback (most recent call last):\n  File "/home/lijiaxing/.conda/envs/api/lib/python3.10/site-packages/triton/language/core.py", line 42, in wrapper\n    return fn(*args, **kwargs)\n  File "/home/lijiaxing/.conda/envs/api/lib/python3.10/site-packages/triton/language/core.py", line 1654, in arange\n    return _semantic.arange(start, end)\n  File "/home/lijiaxing/.conda/envs/api/lib/python3.10/site-packages/triton/language/semantic.py", line 583, in arange\n    raise ValueError("arange\'s range must be a power of 2")\nValueError: arange\'s range must be a power of 2\n\nThe above exception was the direct cause of the following exception:\n\nTraceback (most recent call last):\n  File "/cpfs01/shared/llm_kernel/hujiakai/KernelLLM/validation_api_server/helpers/evaluations.py", line 720, in run_and_check_correctness\n    output_new = model_new(*inputs)\n  File "/home/lijiaxing/.conda/envs/api/lib/python3.10/site-packages/torch/nn/modules/module.py", line 1773, in _wrapped_call_impl\n    return self._call_impl(*args, **kwargs)\n  File "/home/lijiaxing/.conda/envs/api/lib/python3.10/site-packages/torch/nn/modules/module.py", line 1784, in _call_impl\n    return forward_call(*args, **kwargs)\n  File "/tmp/tmpyu0fx0dd.py", line 67, in forward\n    _cross_entropy_forward_kernel[grid](\n  File "/home/lijiaxing/.conda/envs/api/lib/python3.10/site-packages/triton/runtime/jit.py", line 390, in <lambda>\n    return lambda *args, **kwargs: self.run(grid=grid, warmup=False, *args, **kwargs)\n  File "/home/lijiaxing/.conda/envs/api/lib/python3.10/site-packages/triton/runtime/autotuner.py", line 239, in run\n    benchmark()\n  File "/home/lijiaxing/.conda/envs/api/lib/python3.10/site-packages/triton/runtime/autotuner.py", line 228, in benchmark\n    timings = {config: self._bench(*args, config=config, **kwargs) for config in pruned_configs}\n  File "/home/lijiaxing/.conda/envs/api/lib/python3.10/site-packages/triton/runtime/autotuner.py", line 228, in <dictcomp>\n    timings = {config: self._bench(*args, config=config, **kwargs) for config in pruned_configs}\n  File "/home/lijiaxing/.conda/envs/api/lib/python3.10/site-packages/triton/runtime/autotuner.py", line 160, in _bench\n    return self.do_bench(kernel_call, quantiles=(0.5, 0.2, 0.8))\n  File "/home/lijiaxing/.conda/envs/api/lib/python3.10/site-packages/triton/testing.py", line 149, in do_bench\n    fn()\n  File "/home/lijiaxing/.conda/envs/api/lib/python3.10/site-packages/triton/runtime/autotuner.py", line 146, in kernel_call\n    self.fn.run(\n  File "/home/lijiaxing/.conda/envs/api/lib/python3.10/site-packages/triton/runtime/jit.py", line 594, in run\n    kernel = self.compile(src, target=target, options=options.__dict__)\n  File "/home/lijiaxing/.conda/envs/api/lib/python3.10/site-packages/triton/compiler/compiler.py", line 339, in compile\n    module = src.make_ir(options, codegen_fns, module_map, context)\n  File "/home/lijiaxing/.conda/envs/api/lib/python3.10/site-packages/triton/compiler/compiler.py", line 83, in make_ir\n    return ast_to_ttir(self.fn, self, context=context, options=options, codegen_fns=codegen_fns,\ntriton.compiler.errors.CompilationError: at 18:11:\n    BLOCK_SIZE: tl.constexpr,\n):\n    pid = tl.program_id(0)\n    if pid >= batch_size:\n        return\n\n    # Load target index\n    target_idx = tl.load(targets_ptr + pid)\n    row_start = pid * num_classes\n\n    # Vectorized load\n    offs = tl.arange(0, BLOCK_SIZE)\n           ^\n\n\nThe above exception was the direct cause of the following exception:\n\nTraceback (most recent call last):\n  File "/home/lijiaxing/.conda/envs/api/lib/python3.10/site-packages/triton/language/core.py", line 42, in wrapper\n    return fn(*args, **kwargs)\n  File "/home/lijiaxing/.conda/envs/api/lib/python3.10/site-packages/triton/language/core.py", line 1654, in arange\n    return _semantic.arange(start, end)\n  File "/home/lijiaxing/.conda/envs/api/lib/python3.10/site-packages/triton/language/semantic.py", line 583, in arange\n    raise ValueError("arange\'s range must be a power of 2")\nValueError: arange\'s range must be a power of 2\n', 'runtime_error_name': 'triton.compiler.errors.CompilationError', 'reference_timing_ms': 0.0249, 'speed_up': -1.0, 'custom_timing': -1.0}, 'runtime': -1.0, 'runtime_stats': {}}}
2025-08-12 18:01:25,451 - openevolve.RemoteSpeedupEvaluator - INFO - [level1_95_CrossEntropyLoss] triton key words check pass
2025-08-12 18:01:25,452 - openevolve.RemoteSpeedupEvaluator - INFO - [level1_95_CrossEntropyLoss] verify_plus payload: reference_code(621 chars) + custom_code(2863 chars)
2025-08-12 18:01:28,415 - openevolve.RemoteSpeedupEvaluator - INFO - [level1_95_CrossEntropyLoss] verify_plus request success
2025-08-12 18:01:28,415 - openevolve.RemoteSpeedupEvaluator - INFO - [level1_95_CrossEntropyLoss] verify_plus response: {"id":"level1_95_CrossEntropyLoss","result":{"compiled":true,"correctness":true,"metadata":{"hardware":"NVIDIA L20Y","device":"cuda:0","correctness_trials":"(5 / 5)","reference_timing_ms":0.0249,"speed_up":0.428,"custom_timing":0.0582},"runtime":0.0582,"runtime_stats":{"mean":0.0582,"std":0.00476,"min":0.0529,"max":0.0777,"num_trials":100,"hardware":"NVIDIA L20Y","device":"cuda:0"}}}
2025-08-12 18:01:28,415 - openevolve.RemoteSpeedupEvaluator - INFO - [level1_95_CrossEntropyLoss] âœ” success | speed_up=0.428  score=20.00
2025-08-12 18:01:28,416 - openevolve.evaluator - INFO - Evaluated program ad1bb514-0905-4cf6-8a63-6b0ebde1bbe1 in 2.97s: compiled=1.0000, correctness=1.0000, stage=success, passed=0.0000, score=20.0000, speed_up=0.4280, runtime_ms=0.0582, meta={'hardware': 'NVIDIA L20Y', 'device': 'cuda:0', 'correctness_trials': '(5 / 5)', 'reference_timing_ms': 0.0249, 'speed_up': 0.428, 'custom_timing': 0.0582}
2025-08-12 18:01:28,420 - openevolve.database - INFO - Population size (26) exceeds limit (25), removing 1 programs
2025-08-12 18:01:28,420 - openevolve.database - INFO - Population size after cleanup: 25
2025-08-12 18:01:28,420 - openevolve.llm.ensemble - INFO - Sampled model: deepseek
2025-08-12 18:01:28,428 - openevolve.threaded_parallel - INFO - Iteration 27: Program ad1bb514-0905-4cf6-8a63-6b0ebde1bbe1 (parent: 045dc73d-e808-4655-a6a4-98b3adfc9460) completed in 147.47s
2025-08-12 18:01:28,428 - openevolve.threaded_parallel - INFO - Metrics: compiled=1.0000, correctness=1.0000, stage=success, passed=0.0000, score=20.0000, speed_up=0.4280, runtime_ms=0.0582, meta={'hardware': 'NVIDIA L20Y', 'device': 'cuda:0', 'correctness_trials': '(5 / 5)', 'reference_timing_ms': 0.0249, 'speed_up': 0.428, 'custom_timing': 0.0582}
2025-08-12 18:01:28,428 - openevolve.threaded_parallel - INFO - Checkpoint interval reached at iteration 27
2025-08-12 18:01:28,429 - openevolve.database - INFO - Island Status:
2025-08-12 18:01:28,429 - openevolve.database - INFO -  * Island 0: 10 programs, best=20.0000, avg=11.0000, diversity=180.80, gen=9 (best: 334f291b-2916-40e5-8566-26642a1799cc)
2025-08-12 18:01:28,429 - openevolve.database - INFO -    Island 1: 9 programs, best=20.0000, avg=15.5556, diversity=91.78, gen=9 (best: 1d17b150-a092-475d-8fcb-01472acbf0b5)
2025-08-12 18:01:28,429 - openevolve.database - INFO -    Island 2: 8 programs, best=20.0000, avg=-26.2500, diversity=713.22, gen=8 (best: 7fbce3a8-4d6f-4513-856e-27af6b6218da)
2025-08-12 18:01:28,721 - openevolve.database - INFO - Saved database with 25 programs to openevolve_output/level1_95_CrossEntropyLoss/checkpoints/checkpoint_27
2025-08-12 18:01:28,733 - openevolve.controller - INFO - Saved best program at checkpoint 27 with metrics: compiled=1.0000, correctness=1.0000, stage=success, passed=0.0000, score=20.0000, speed_up=0.4410, runtime_ms=0.0564, meta={'hardware': 'NVIDIA L20Y', 'device': 'cuda:5', 'correctness_trials': '(5 / 5)', 'reference_timing_ms': 0.0249, 'speed_up': 0.441, 'custom_timing': 0.0564}
2025-08-12 18:01:28,733 - openevolve.controller - INFO - Saved checkpoint at iteration 27 to openevolve_output/level1_95_CrossEntropyLoss/checkpoints/checkpoint_27
2025-08-12 18:05:40,301 - openevolve.RemoteSpeedupEvaluator - INFO - [level1_95_CrossEntropyLoss] triton key words check pass
2025-08-12 18:05:40,302 - openevolve.RemoteSpeedupEvaluator - INFO - [level1_95_CrossEntropyLoss] verify_plus payload: reference_code(621 chars) + custom_code(2774 chars)
2025-08-12 18:05:43,593 - openevolve.RemoteSpeedupEvaluator - INFO - [level1_95_CrossEntropyLoss] verify_plus request success
2025-08-12 18:05:43,593 - openevolve.RemoteSpeedupEvaluator - INFO - [level1_95_CrossEntropyLoss] verify_plus response: {"id":"level1_95_CrossEntropyLoss","result":{"compiled":true,"correctness":false,"metadata":{"hardware":"NVIDIA L20Y","device":"cuda:2","max_difference":["1.540643","1.529930","1.537718","1.559637","1.536416"],"avg_difference":["1.540643","1.529930","1.537718","1.559637","1.536416"],"correctness_issue":"Output mismatch","correctness_trials":"(0 / 5)","reference_timing_ms":0.0249,"speed_up":-1.0,"custom_timing":-1.0},"runtime":-1.0,"runtime_stats":{}}}
2025-08-12 18:05:43,593 - openevolve.RemoteSpeedupEvaluator - INFO - [level1_95_CrossEntropyLoss] âœ˜ wrong_answer
2025-08-12 18:05:43,594 - openevolve.evaluator - INFO - Evaluated program 4e78623f-8df6-4953-b815-c78efdc5c003 in 3.29s: compiled=1.0000, correctness=0.0000, score=10.0000, stage=wrong_answer, verify_payload={'id': 'level1_95_CrossEntropyLoss', 'result': {'compiled': True, 'correctness': False, 'metadata': {'hardware': 'NVIDIA L20Y', 'device': 'cuda:2', 'max_difference': ['1.540643', '1.529930', '1.537718', '1.559637', '1.536416'], 'avg_difference': ['1.540643', '1.529930', '1.537718', '1.559637', '1.536416'], 'correctness_issue': 'Output mismatch', 'correctness_trials': '(0 / 5)', 'reference_timing_ms': 0.0249, 'speed_up': -1.0, 'custom_timing': -1.0}, 'runtime': -1.0, 'runtime_stats': {}}}
2025-08-12 18:05:43,596 - openevolve.database - INFO - Population size (26) exceeds limit (25), removing 1 programs
2025-08-12 18:05:43,597 - openevolve.database - INFO - Population size after cleanup: 25
2025-08-12 18:05:43,599 - openevolve.llm.ensemble - INFO - Sampled model: deepseek
2025-08-12 18:05:43,609 - openevolve.threaded_parallel - INFO - Iteration 26: Program 4e78623f-8df6-4953-b815-c78efdc5c003 (parent: c91d4dc2-9a92-4bd0-8b81-f2622e7cc948) completed in 405.29s
2025-08-12 18:05:43,609 - openevolve.threaded_parallel - INFO - Metrics: compiled=1.0000, correctness=0.0000, score=10.0000, stage=wrong_answer, verify_payload={'id': 'level1_95_CrossEntropyLoss', 'result': {'compiled': True, 'correctness': False, 'metadata': {'hardware': 'NVIDIA L20Y', 'device': 'cuda:2', 'max_difference': ['1.540643', '1.529930', '1.537718', '1.559637', '1.536416'], 'avg_difference': ['1.540643', '1.529930', '1.537718', '1.559637', '1.536416'], 'correctness_issue': 'Output mismatch', 'correctness_trials': '(0 / 5)', 'reference_timing_ms': 0.0249, 'speed_up': -1.0, 'custom_timing': -1.0}, 'runtime': -1.0, 'runtime_stats': {}}}
2025-08-12 18:06:52,216 - openevolve.RemoteSpeedupEvaluator - INFO - [level1_95_CrossEntropyLoss] triton key words check pass
2025-08-12 18:06:52,217 - openevolve.RemoteSpeedupEvaluator - INFO - [level1_95_CrossEntropyLoss] verify_plus payload: reference_code(621 chars) + custom_code(2800 chars)
2025-08-12 18:06:56,632 - openevolve.RemoteSpeedupEvaluator - INFO - [level1_95_CrossEntropyLoss] verify_plus request success
2025-08-12 18:06:56,632 - openevolve.RemoteSpeedupEvaluator - INFO - [level1_95_CrossEntropyLoss] verify_plus response: {"id":"level1_95_CrossEntropyLoss","result":{"compiled":true,"correctness":false,"metadata":{"hardware":"NVIDIA L20Y","device":"cuda:6","runtime_error":"Traceback (most recent call last):\n  File \"/cpfs01/shared/llm_kernel/hujiakai/KernelLLM/validation_api_server/helpers/evaluations.py\", line 720, in run_and_check_correctness\n    output_new = model_new(*inputs)\n  File \"/home/lijiaxing/.conda/envs/api/lib/python3.10/site-packages/torch/nn/modules/module.py\", line 1773, in _wrapped_call_impl\n    return self._call_impl(*args, **kwargs)\n  File \"/home/lijiaxing/.conda/envs/api/lib/python3.10/site-packages/torch/nn/modules/module.py\", line 1784, in _call_impl\n    return forward_call(*args, **kwargs)\n  File \"/tmp/tmpd66t8isy.py\", line 64, in forward\n    _cross_entropy_forward_kerne
2025-08-12 18:06:56,632 - openevolve.RemoteSpeedupEvaluator - INFO - [level1_95_CrossEntropyLoss] âœ˜ wrong_answer
2025-08-12 18:06:56,633 - openevolve.evaluator - INFO - Evaluated program e451a813-0f70-430b-83f4-d38e2723cbe1 in 4.42s: compiled=1.0000, correctness=0.0000, score=10.0000, stage=wrong_answer, verify_payload={'id': 'level1_95_CrossEntropyLoss', 'result': {'compiled': True, 'correctness': False, 'metadata': {'hardware': 'NVIDIA L20Y', 'device': 'cuda:6', 'runtime_error': 'Traceback (most recent call last):\n  File "/cpfs01/shared/llm_kernel/hujiakai/KernelLLM/validation_api_server/helpers/evaluations.py", line 720, in run_and_check_correctness\n    output_new = model_new(*inputs)\n  File "/home/lijiaxing/.conda/envs/api/lib/python3.10/site-packages/torch/nn/modules/module.py", line 1773, in _wrapped_call_impl\n    return self._call_impl(*args, **kwargs)\n  File "/home/lijiaxing/.conda/envs/api/lib/python3.10/site-packages/torch/nn/modules/module.py", line 1784, in _call_impl\n    return forward_call(*args, **kwargs)\n  File "/tmp/tmpd66t8isy.py", line 64, in forward\n    _cross_entropy_forward_kernel[grid](\n  File "/home/lijiaxing/.conda/envs/api/lib/python3.10/site-packages/triton/runtime/jit.py", line 390, in <lambda>\n    return lambda *args, **kwargs: self.run(grid=grid, warmup=False, *args, **kwargs)\n  File "/home/lijiaxing/.conda/envs/api/lib/python3.10/site-packages/triton/runtime/autotuner.py", line 239, in run\n    benchmark()\n  File "/home/lijiaxing/.conda/envs/api/lib/python3.10/site-packages/triton/runtime/autotuner.py", line 228, in benchmark\n    timings = {config: self._bench(*args, config=config, **kwargs) for config in pruned_configs}\n  File "/home/lijiaxing/.conda/envs/api/lib/python3.10/site-packages/triton/runtime/autotuner.py", line 228, in <dictcomp>\n    timings = {config: self._bench(*args, config=config, **kwargs) for config in pruned_configs}\n  File "/home/lijiaxing/.conda/envs/api/lib/python3.10/site-packages/triton/runtime/autotuner.py", line 135, in _bench\n    raise ValueError(f"Conflicting meta-parameters: {\', \'.join(conflicts)}."\nValueError: Conflicting meta-parameters: ROWS_PER_PROGRAM. Make sure that you don\'t re-define auto-tuned symbols.\n', 'runtime_error_name': 'builtins.ValueError', 'reference_timing_ms': 0.0249, 'speed_up': -1.0, 'custom_timing': -1.0}, 'runtime': -1.0, 'runtime_stats': {}}}
2025-08-12 18:06:56,641 - openevolve.database - INFO - Population size (26) exceeds limit (25), removing 1 programs
2025-08-12 18:06:56,642 - openevolve.database - INFO - Population size after cleanup: 25
2025-08-12 18:06:56,654 - openevolve.threaded_parallel - INFO - Iteration 25: Program e451a813-0f70-430b-83f4-d38e2723cbe1 (parent: 7fbce3a8-4d6f-4513-856e-27af6b6218da) completed in 535.66s
2025-08-12 18:06:56,654 - openevolve.threaded_parallel - INFO - Metrics: compiled=1.0000, correctness=0.0000, score=10.0000, stage=wrong_answer, verify_payload={'id': 'level1_95_CrossEntropyLoss', 'result': {'compiled': True, 'correctness': False, 'metadata': {'hardware': 'NVIDIA L20Y', 'device': 'cuda:6', 'runtime_error': 'Traceback (most recent call last):\n  File "/cpfs01/shared/llm_kernel/hujiakai/KernelLLM/validation_api_server/helpers/evaluations.py", line 720, in run_and_check_correctness\n    output_new = model_new(*inputs)\n  File "/home/lijiaxing/.conda/envs/api/lib/python3.10/site-packages/torch/nn/modules/module.py", line 1773, in _wrapped_call_impl\n    return self._call_impl(*args, **kwargs)\n  File "/home/lijiaxing/.conda/envs/api/lib/python3.10/site-packages/torch/nn/modules/module.py", line 1784, in _call_impl\n    return forward_call(*args, **kwargs)\n  File "/tmp/tmpd66t8isy.py", line 64, in forward\n    _cross_entropy_forward_kernel[grid](\n  File "/home/lijiaxing/.conda/envs/api/lib/python3.10/site-packages/triton/runtime/jit.py", line 390, in <lambda>\n    return lambda *args, **kwargs: self.run(grid=grid, warmup=False, *args, **kwargs)\n  File "/home/lijiaxing/.conda/envs/api/lib/python3.10/site-packages/triton/runtime/autotuner.py", line 239, in run\n    benchmark()\n  File "/home/lijiaxing/.conda/envs/api/lib/python3.10/site-packages/triton/runtime/autotuner.py", line 228, in benchmark\n    timings = {config: self._bench(*args, config=config, **kwargs) for config in pruned_configs}\n  File "/home/lijiaxing/.conda/envs/api/lib/python3.10/site-packages/triton/runtime/autotuner.py", line 228, in <dictcomp>\n    timings = {config: self._bench(*args, config=config, **kwargs) for config in pruned_configs}\n  File "/home/lijiaxing/.conda/envs/api/lib/python3.10/site-packages/triton/runtime/autotuner.py", line 135, in _bench\n    raise ValueError(f"Conflicting meta-parameters: {\', \'.join(conflicts)}."\nValueError: Conflicting meta-parameters: ROWS_PER_PROGRAM. Make sure that you don\'t re-define auto-tuned symbols.\n', 'runtime_error_name': 'builtins.ValueError', 'reference_timing_ms': 0.0249, 'speed_up': -1.0, 'custom_timing': -1.0}, 'runtime': -1.0, 'runtime_stats': {}}}
2025-08-12 18:10:23,724 - openevolve.RemoteSpeedupEvaluator - INFO - [level1_95_CrossEntropyLoss] âœ˜ invalid_answer 'import triton' is not found
2025-08-12 18:10:23,725 - openevolve.evaluator - INFO - Evaluated program 0f9b89cd-5ac5-42a7-b53a-2e6bdfc940fb in 0.00s: compiled=0.0000, correctness=0.0000, score=-100.0000, stage=no_valid_triton_code, feedback=You need to generate real and valid triton code for the core function. The key word 'import triton' is not found.
2025-08-12 18:10:23,730 - openevolve.database - INFO - New MAP-Elites cell occupied: {'score': -1000, 'complexity': 0}
2025-08-12 18:10:23,731 - openevolve.database - INFO - Population size (26) exceeds limit (25), removing 1 programs
2025-08-12 18:10:23,731 - openevolve.database - INFO - Population size after cleanup: 25
2025-08-12 18:10:23,742 - openevolve.threaded_parallel - INFO - Iteration 29: Program 0f9b89cd-5ac5-42a7-b53a-2e6bdfc940fb (parent: 41eea9aa-86de-4482-a323-4f78b308461a) completed in 280.13s
2025-08-12 18:10:23,742 - openevolve.threaded_parallel - INFO - Metrics: compiled=0.0000, correctness=0.0000, score=-100.0000, stage=no_valid_triton_code, feedback=You need to generate real and valid triton code for the core function. The key word 'import triton' is not found.
2025-08-12 18:19:28,264 - openevolve.RemoteSpeedupEvaluator - INFO - [level1_95_CrossEntropyLoss] triton key words check pass
2025-08-12 18:19:28,264 - openevolve.RemoteSpeedupEvaluator - INFO - [level1_95_CrossEntropyLoss] verify_plus payload: reference_code(621 chars) + custom_code(2324 chars)
2025-08-12 18:19:31,969 - openevolve.RemoteSpeedupEvaluator - INFO - [level1_95_CrossEntropyLoss] verify_plus request success
2025-08-12 18:19:31,970 - openevolve.RemoteSpeedupEvaluator - INFO - [level1_95_CrossEntropyLoss] verify_plus response: {"id":"level1_95_CrossEntropyLoss","result":{"compiled":true,"correctness":true,"metadata":{"hardware":"NVIDIA L20Y","device":"cuda:0","correctness_trials":"(5 / 5)","reference_timing_ms":0.0249,"speed_up":0.357,"custom_timing":0.0698},"runtime":0.0698,"runtime_stats":{"mean":0.0698,"std":0.00828,"min":0.064,"max":0.106,"num_trials":100,"hardware":"NVIDIA L20Y","device":"cuda:0"}}}
2025-08-12 18:19:31,970 - openevolve.RemoteSpeedupEvaluator - INFO - [level1_95_CrossEntropyLoss] âœ” success | speed_up=0.357  score=20.00
2025-08-12 18:19:31,970 - openevolve.evaluator - INFO - Evaluated program 2937de8a-58b1-4143-9017-40471cc9c9fc in 3.71s: compiled=1.0000, correctness=1.0000, stage=success, passed=0.0000, score=20.0000, speed_up=0.3570, runtime_ms=0.0698, meta={'hardware': 'NVIDIA L20Y', 'device': 'cuda:0', 'correctness_trials': '(5 / 5)', 'reference_timing_ms': 0.0249, 'speed_up': 0.357, 'custom_timing': 0.0698}
2025-08-12 18:19:31,980 - openevolve.database - INFO - New MAP-Elites cell occupied: {'score': 9, 'complexity': 6}
2025-08-12 18:19:31,980 - openevolve.database - INFO - Population size (26) exceeds limit (25), removing 1 programs
2025-08-12 18:19:31,980 - openevolve.database - INFO - Population size after cleanup: 25
2025-08-12 18:19:32,026 - openevolve.threaded_parallel - INFO - Iteration 28: Program 2937de8a-58b1-4143-9017-40471cc9c9fc (parent: 7fbce3a8-4d6f-4513-856e-27af6b6218da) completed in 1083.55s
2025-08-12 18:19:32,026 - openevolve.threaded_parallel - INFO - Metrics: compiled=1.0000, correctness=1.0000, stage=success, passed=0.0000, score=20.0000, speed_up=0.3570, runtime_ms=0.0698, meta={'hardware': 'NVIDIA L20Y', 'device': 'cuda:0', 'correctness_trials': '(5 / 5)', 'reference_timing_ms': 0.0249, 'speed_up': 0.357, 'custom_timing': 0.0698}
2025-08-12 18:19:32,026 - openevolve.threaded_parallel - INFO - Evolution completed
2025-08-12 18:19:32,037 - openevolve.threaded_parallel - INFO - Stopped thread pool
2025-08-12 18:19:32,037 - openevolve.threaded_parallel - INFO - Stopped improved parallel controller
2025-08-12 18:19:32,038 - openevolve.controller - INFO - Using tracked best program: 334f291b-2916-40e5-8566-26642a1799cc
2025-08-12 18:19:32,038 - openevolve.controller - INFO - Evolution complete. Best program has metrics: compiled=1.0000, correctness=1.0000, stage=success, passed=0.0000, score=20.0000, speed_up=0.4410, runtime_ms=0.0564, meta={'hardware': 'NVIDIA L20Y', 'device': 'cuda:5', 'correctness_trials': '(5 / 5)', 'reference_timing_ms': 0.0249, 'speed_up': 0.441, 'custom_timing': 0.0564}
2025-08-12 18:19:32,051 - openevolve.controller - INFO - Saved best program to openevolve_output/level1_95_CrossEntropyLoss/best/best_program.py with program info to openevolve_output/level1_95_CrossEntropyLoss/best/best_program_info.json
2025-08-12 18:19:32,052 - __main__ - INFO - âœ… å®Œæˆ level1_95_CrossEntropyLoss
2025-08-12 18:19:32,052 - __main__ - INFO - ======================================================================
2025-08-12 18:19:32,052 - __main__ - INFO - ðŸš€ [5/10] å¼€å§‹ level2_31_Conv2d_Min_Add_Multiply
2025-08-12 18:19:32,052 - __main__ - INFO - ======================================================================
2025-08-12 18:19:32,053 - __main__ - INFO - âœ… å®Œæˆ level2_31_Conv2d_Min_Add_Multiply
2025-08-12 18:19:32,053 - __main__ - INFO - ======================================================================
2025-08-12 18:19:32,053 - __main__ - INFO - ðŸš€ [6/10] å¼€å§‹ level2_59_Matmul_Swish_Scaling
2025-08-12 18:19:32,053 - __main__ - INFO - ======================================================================
2025-08-12 18:19:32,054 - __main__ - INFO - âœ… å®Œæˆ level2_59_Matmul_Swish_Scaling
2025-08-12 18:19:32,054 - __main__ - INFO - ======================================================================
2025-08-12 18:19:32,054 - __main__ - INFO - ðŸš€ [7/10] å¼€å§‹ level2_86_Matmul_Divide_GELU
2025-08-12 18:19:32,054 - __main__ - INFO - ======================================================================
2025-08-12 18:19:32,055 - __main__ - INFO - âœ… å®Œæˆ level2_86_Matmul_Divide_GELU
2025-08-12 18:19:32,055 - __main__ - INFO - ======================================================================
2025-08-12 18:19:32,055 - __main__ - INFO - ðŸš€ [8/10] å¼€å§‹ level3_23_EfficientNetB1
2025-08-12 18:19:32,055 - __main__ - INFO - ======================================================================
2025-08-12 18:19:32,058 - __main__ - INFO - âœ… å®Œæˆ level3_23_EfficientNetB1
2025-08-12 18:19:32,058 - __main__ - INFO - ======================================================================
2025-08-12 18:19:32,058 - __main__ - INFO - ðŸš€ [9/10] å¼€å§‹ level3_50_ReLUSelfAttention
2025-08-12 18:19:32,058 - __main__ - INFO - ======================================================================
2025-08-12 18:19:32,059 - __main__ - INFO - âœ… å®Œæˆ level3_50_ReLUSelfAttention
2025-08-12 18:19:32,059 - __main__ - INFO - ======================================================================
2025-08-12 18:19:32,059 - __main__ - INFO - ðŸš€ [10/10] å¼€å§‹ level5_14_llama2_decode
2025-08-12 18:19:32,059 - __main__ - INFO - ======================================================================
2025-08-12 18:19:32,108 - openevolve.controller - INFO - Logging to openevolve_output/level5_14_llama2_decode/logs/openevolve_20250812_181932.log
2025-08-12 18:19:32,108 - openevolve.controller - INFO - Set random seed to 42 for reproducibility
2025-08-12 18:19:32,150 - openevolve.llm.ensemble - INFO - Initialized LLM ensemble with models: deepseek (weight: 0.80), deepseek (weight: 0.20)
2025-08-12 18:19:32,190 - openevolve.llm.ensemble - INFO - Initialized LLM ensemble with models: deepseek (weight: 0.80), deepseek (weight: 0.20)
2025-08-12 18:19:32,190 - openevolve.prompt.sampler - INFO - Set custom templates: system=evaluator_system_message, user=None
2025-08-12 18:19:32,190 - openevolve.database - INFO - Initialized program database with 0 programs
2025-08-12 18:19:32,213 - openevolve.evaluator - INFO - Successfully loaded evaluation function from openevolve_output/level5_14_llama2_decode/evaluation.py
2025-08-12 18:19:32,213 - openevolve.evaluator - INFO - Initialized evaluator with openevolve_output/level5_14_llama2_decode/evaluation.py
2025-08-12 18:19:32,213 - openevolve.controller - INFO - Initialized OpenEvolve with /tmp/0702297010e16cc15892df748aa692fb.py
2025-08-12 18:19:32,213 - openevolve.controller - INFO - Adding initial program to database
2025-08-12 18:19:32,214 - openevolve.RemoteSpeedupEvaluator - INFO - [level5_14_llama2_decode] verify_plus payload: reference_code(10201 chars) + custom_code(10322 chars)
2025-08-12 18:19:34,603 - openevolve.RemoteSpeedupEvaluator - INFO - [level5_14_llama2_decode] verify_plus request success
2025-08-12 18:19:34,603 - openevolve.RemoteSpeedupEvaluator - INFO - [level5_14_llama2_decode] verify_plus response: {"id":"level5_14_llama2_decode","result":{"error":"'NoneType' object has no attribute '__dict__'\nTraceback (most recent call last):\n  File \"/cpfs01/shared/llm_kernel/hujiakai/KernelLLM/validation_api_server/evaluator.py\", line 92, in _measure_perf_worker\n    exec(textwrap.dedent(code_src), temp_module.__dict__)\n  File \"<string>\", line 10, in <module>\n  File \"/home/lijiaxing/.conda/envs/api/lib/python3.10/dataclasses.py\", line 1184, in dataclass\n    return wrap(cls)\n  File \"/home/lijiaxing/.conda/envs/api/lib/python3.10/dataclasses.py\", line 1175, in wrap\n    return _process_class(cls, init, repr, eq, order, unsafe_hash,\n  File \"/home/lijiaxing/.conda/envs/api/lib/python3.10/dataclasses.py\", line 944, in _process_class\n    and _is_type(type, cls, dataclasses, dataclasses
2025-08-12 18:19:34,604 - openevolve.evaluator - WARNING - Evaluation attempt 1/4 failed for program d7cf63c9-df8b-4c66-b7a4-e7b1cbefd78e: Error: The reference code is not valid or correct. The verify result is: {'error': '\'NoneType\' object has no attribute \'__dict__\'\nTraceback (most recent call last):\n  File "/cpfs01/shared/llm_kernel/hujiakai/KernelLLM/validation_api_server/evaluator.py", line 92, in _measure_perf_worker\n    exec(textwrap.dedent(code_src), temp_module.__dict__)\n  File "<string>", line 10, in <module>\n  File "/home/lijiaxing/.conda/envs/api/lib/python3.10/dataclasses.py", line 1184, in dataclass\n    return wrap(cls)\n  File "/home/lijiaxing/.conda/envs/api/lib/python3.10/dataclasses.py", line 1175, in wrap\n    return _process_class(cls, init, repr, eq, order, unsafe_hash,\n  File "/home/lijiaxing/.conda/envs/api/lib/python3.10/dataclasses.py", line 944, in _process_class\n    and _is_type(type, cls, dataclasses, dataclasses.KW_ONLY,\n  File "/home/lijiaxing/.conda/envs/api/lib/python3.10/dataclasses.py", line 711, in _is_type\n    ns = sys.modules.get(cls.__module__).__dict__\nAttributeError: \'NoneType\' object has no attribute \'__dict__\'. Did you mean: \'__dir__\'?\n'}
2025-08-12 18:19:35,607 - openevolve.RemoteSpeedupEvaluator - INFO - [level5_14_llama2_decode] verify_plus payload: reference_code(10201 chars) + custom_code(10322 chars)
2025-08-12 18:19:37,975 - openevolve.RemoteSpeedupEvaluator - INFO - [level5_14_llama2_decode] verify_plus request success
2025-08-12 18:19:37,975 - openevolve.RemoteSpeedupEvaluator - INFO - [level5_14_llama2_decode] verify_plus response: {"id":"level5_14_llama2_decode","result":{"error":"'NoneType' object has no attribute '__dict__'\nTraceback (most recent call last):\n  File \"/cpfs01/shared/llm_kernel/hujiakai/KernelLLM/validation_api_server/evaluator.py\", line 92, in _measure_perf_worker\n    exec(textwrap.dedent(code_src), temp_module.__dict__)\n  File \"<string>\", line 10, in <module>\n  File \"/home/lijiaxing/.conda/envs/api/lib/python3.10/dataclasses.py\", line 1184, in dataclass\n    return wrap(cls)\n  File \"/home/lijiaxing/.conda/envs/api/lib/python3.10/dataclasses.py\", line 1175, in wrap\n    return _process_class(cls, init, repr, eq, order, unsafe_hash,\n  File \"/home/lijiaxing/.conda/envs/api/lib/python3.10/dataclasses.py\", line 944, in _process_class\n    and _is_type(type, cls, dataclasses, dataclasses
2025-08-12 18:19:37,975 - openevolve.evaluator - WARNING - Evaluation attempt 2/4 failed for program d7cf63c9-df8b-4c66-b7a4-e7b1cbefd78e: Error: The reference code is not valid or correct. The verify result is: {'error': '\'NoneType\' object has no attribute \'__dict__\'\nTraceback (most recent call last):\n  File "/cpfs01/shared/llm_kernel/hujiakai/KernelLLM/validation_api_server/evaluator.py", line 92, in _measure_perf_worker\n    exec(textwrap.dedent(code_src), temp_module.__dict__)\n  File "<string>", line 10, in <module>\n  File "/home/lijiaxing/.conda/envs/api/lib/python3.10/dataclasses.py", line 1184, in dataclass\n    return wrap(cls)\n  File "/home/lijiaxing/.conda/envs/api/lib/python3.10/dataclasses.py", line 1175, in wrap\n    return _process_class(cls, init, repr, eq, order, unsafe_hash,\n  File "/home/lijiaxing/.conda/envs/api/lib/python3.10/dataclasses.py", line 944, in _process_class\n    and _is_type(type, cls, dataclasses, dataclasses.KW_ONLY,\n  File "/home/lijiaxing/.conda/envs/api/lib/python3.10/dataclasses.py", line 711, in _is_type\n    ns = sys.modules.get(cls.__module__).__dict__\nAttributeError: \'NoneType\' object has no attribute \'__dict__\'. Did you mean: \'__dir__\'?\n'}
2025-08-12 18:19:38,977 - openevolve.RemoteSpeedupEvaluator - INFO - [level5_14_llama2_decode] verify_plus payload: reference_code(10201 chars) + custom_code(10322 chars)
2025-08-12 18:19:41,302 - openevolve.RemoteSpeedupEvaluator - INFO - [level5_14_llama2_decode] verify_plus request success
2025-08-12 18:19:41,302 - openevolve.RemoteSpeedupEvaluator - INFO - [level5_14_llama2_decode] verify_plus response: {"id":"level5_14_llama2_decode","result":{"error":"'NoneType' object has no attribute '__dict__'\nTraceback (most recent call last):\n  File \"/cpfs01/shared/llm_kernel/hujiakai/KernelLLM/validation_api_server/evaluator.py\", line 92, in _measure_perf_worker\n    exec(textwrap.dedent(code_src), temp_module.__dict__)\n  File \"<string>\", line 10, in <module>\n  File \"/home/lijiaxing/.conda/envs/api/lib/python3.10/dataclasses.py\", line 1184, in dataclass\n    return wrap(cls)\n  File \"/home/lijiaxing/.conda/envs/api/lib/python3.10/dataclasses.py\", line 1175, in wrap\n    return _process_class(cls, init, repr, eq, order, unsafe_hash,\n  File \"/home/lijiaxing/.conda/envs/api/lib/python3.10/dataclasses.py\", line 944, in _process_class\n    and _is_type(type, cls, dataclasses, dataclasses
2025-08-12 18:19:41,302 - openevolve.evaluator - WARNING - Evaluation attempt 3/4 failed for program d7cf63c9-df8b-4c66-b7a4-e7b1cbefd78e: Error: The reference code is not valid or correct. The verify result is: {'error': '\'NoneType\' object has no attribute \'__dict__\'\nTraceback (most recent call last):\n  File "/cpfs01/shared/llm_kernel/hujiakai/KernelLLM/validation_api_server/evaluator.py", line 92, in _measure_perf_worker\n    exec(textwrap.dedent(code_src), temp_module.__dict__)\n  File "<string>", line 10, in <module>\n  File "/home/lijiaxing/.conda/envs/api/lib/python3.10/dataclasses.py", line 1184, in dataclass\n    return wrap(cls)\n  File "/home/lijiaxing/.conda/envs/api/lib/python3.10/dataclasses.py", line 1175, in wrap\n    return _process_class(cls, init, repr, eq, order, unsafe_hash,\n  File "/home/lijiaxing/.conda/envs/api/lib/python3.10/dataclasses.py", line 944, in _process_class\n    and _is_type(type, cls, dataclasses, dataclasses.KW_ONLY,\n  File "/home/lijiaxing/.conda/envs/api/lib/python3.10/dataclasses.py", line 711, in _is_type\n    ns = sys.modules.get(cls.__module__).__dict__\nAttributeError: \'NoneType\' object has no attribute \'__dict__\'. Did you mean: \'__dir__\'?\n'}
2025-08-12 18:19:42,304 - openevolve.RemoteSpeedupEvaluator - INFO - [level5_14_llama2_decode] verify_plus payload: reference_code(10201 chars) + custom_code(10322 chars)
2025-08-12 18:19:44,706 - openevolve.RemoteSpeedupEvaluator - INFO - [level5_14_llama2_decode] verify_plus request success
2025-08-12 18:19:44,706 - openevolve.RemoteSpeedupEvaluator - INFO - [level5_14_llama2_decode] verify_plus response: {"id":"level5_14_llama2_decode","result":{"error":"'NoneType' object has no attribute '__dict__'\nTraceback (most recent call last):\n  File \"/cpfs01/shared/llm_kernel/hujiakai/KernelLLM/validation_api_server/evaluator.py\", line 92, in _measure_perf_worker\n    exec(textwrap.dedent(code_src), temp_module.__dict__)\n  File \"<string>\", line 10, in <module>\n  File \"/home/lijiaxing/.conda/envs/api/lib/python3.10/dataclasses.py\", line 1184, in dataclass\n    return wrap(cls)\n  File \"/home/lijiaxing/.conda/envs/api/lib/python3.10/dataclasses.py\", line 1175, in wrap\n    return _process_class(cls, init, repr, eq, order, unsafe_hash,\n  File \"/home/lijiaxing/.conda/envs/api/lib/python3.10/dataclasses.py\", line 944, in _process_class\n    and _is_type(type, cls, dataclasses, dataclasses
2025-08-12 18:19:44,706 - openevolve.evaluator - WARNING - Evaluation attempt 4/4 failed for program d7cf63c9-df8b-4c66-b7a4-e7b1cbefd78e: Error: The reference code is not valid or correct. The verify result is: {'error': '\'NoneType\' object has no attribute \'__dict__\'\nTraceback (most recent call last):\n  File "/cpfs01/shared/llm_kernel/hujiakai/KernelLLM/validation_api_server/evaluator.py", line 92, in _measure_perf_worker\n    exec(textwrap.dedent(code_src), temp_module.__dict__)\n  File "<string>", line 10, in <module>\n  File "/home/lijiaxing/.conda/envs/api/lib/python3.10/dataclasses.py", line 1184, in dataclass\n    return wrap(cls)\n  File "/home/lijiaxing/.conda/envs/api/lib/python3.10/dataclasses.py", line 1175, in wrap\n    return _process_class(cls, init, repr, eq, order, unsafe_hash,\n  File "/home/lijiaxing/.conda/envs/api/lib/python3.10/dataclasses.py", line 944, in _process_class\n    and _is_type(type, cls, dataclasses, dataclasses.KW_ONLY,\n  File "/home/lijiaxing/.conda/envs/api/lib/python3.10/dataclasses.py", line 711, in _is_type\n    ns = sys.modules.get(cls.__module__).__dict__\nAttributeError: \'NoneType\' object has no attribute \'__dict__\'. Did you mean: \'__dir__\'?\n'}
2025-08-12 18:19:44,707 - openevolve.evaluator - ERROR - All evaluation attempts failed for program d7cf63c9-df8b-4c66-b7a4-e7b1cbefd78e. Last error: Error: The reference code is not valid or correct. The verify result is: {'error': '\'NoneType\' object has no attribute \'__dict__\'\nTraceback (most recent call last):\n  File "/cpfs01/shared/llm_kernel/hujiakai/KernelLLM/validation_api_server/evaluator.py", line 92, in _measure_perf_worker\n    exec(textwrap.dedent(code_src), temp_module.__dict__)\n  File "<string>", line 10, in <module>\n  File "/home/lijiaxing/.conda/envs/api/lib/python3.10/dataclasses.py", line 1184, in dataclass\n    return wrap(cls)\n  File "/home/lijiaxing/.conda/envs/api/lib/python3.10/dataclasses.py", line 1175, in wrap\n    return _process_class(cls, init, repr, eq, order, unsafe_hash,\n  File "/home/lijiaxing/.conda/envs/api/lib/python3.10/dataclasses.py", line 944, in _process_class\n    and _is_type(type, cls, dataclasses, dataclasses.KW_ONLY,\n  File "/home/lijiaxing/.conda/envs/api/lib/python3.10/dataclasses.py", line 711, in _is_type\n    ns = sys.modules.get(cls.__module__).__dict__\nAttributeError: \'NoneType\' object has no attribute \'__dict__\'. Did you mean: \'__dir__\'?\n'}
2025-08-12 18:19:44,707 - __main__ - ERROR - ðŸ’¥ å¤±è´¥ level5_14_llama2_decode: 'score'
2025-08-12 18:19:44,708 - __main__ - INFO - ----------------------------------------------------------------------
2025-08-12 18:19:44,708 - __main__ - INFO - ðŸ“Š è¿›ç¨‹ rank=27 ç»“æŸ | æˆåŠŸ 9 | å¤±è´¥ 1
2025-08-12 18:19:44,708 - __main__ - INFO - ----------------------------------------------------------------------
