2025-08-08 00:48:32,053 - openevolve.controller - INFO - Logging to openevolve_output/level3_21_EfficientNetMBConv/logs/openevolve_20250808_004832.log
2025-08-08 00:48:32,053 - openevolve.controller - INFO - Set random seed to 42 for reproducibility
2025-08-08 00:48:32,093 - openevolve.llm.ensemble - INFO - Initialized LLM ensemble with models: deepseek (weight: 0.80), deepseek (weight: 0.20)
2025-08-08 00:48:32,132 - openevolve.llm.ensemble - INFO - Initialized LLM ensemble with models: deepseek (weight: 0.80), deepseek (weight: 0.20)
2025-08-08 00:48:32,133 - openevolve.prompt.sampler - INFO - Set custom templates: system=evaluator_system_message, user=None
2025-08-08 00:48:32,133 - openevolve.database - INFO - Initialized program database with 0 programs
2025-08-08 00:48:32,155 - openevolve.evaluator - INFO - Successfully loaded evaluation function from openevolve_output/level3_21_EfficientNetMBConv/evaluation.py
2025-08-08 00:48:32,155 - openevolve.evaluator - INFO - Initialized evaluator with openevolve_output/level3_21_EfficientNetMBConv/evaluation.py
2025-08-08 00:48:32,155 - openevolve.controller - INFO - Initialized OpenEvolve with /tmp/03398eaecab69d87b8c49c36b57fd093.py
2025-08-08 00:48:32,155 - openevolve.controller - INFO - Adding initial program to database
2025-08-08 00:48:32,156 - openevolve.RemoteSpeedupEvaluator - INFO - [level3_21_EfficientNetMBConv] verify_plus payload: reference_code(2304 chars) + custom_code(2428 chars)
2025-08-08 00:48:37,223 - openevolve.RemoteSpeedupEvaluator - INFO - [level3_21_EfficientNetMBConv] verify_plus request success
2025-08-08 00:48:37,223 - openevolve.RemoteSpeedupEvaluator - INFO - [level3_21_EfficientNetMBConv] verify_plus response: {"id":"level3_21_EfficientNetMBConv","result":{"compiled":true,"correctness":true,"metadata":{"hardware":"NVIDIA L20Y","device":"cuda:5","correctness_trials":"(5 / 5)","reference_timing_ms":0.223,"speed_up":0.034,"custom_timing":6.58},"runtime":6.58,"runtime_stats":{"mean":6.58,"std":0.0227,"min":6.56,"max":6.7,"num_trials":100,"hardware":"NVIDIA L20Y","device":"cuda:5"}}}
2025-08-08 00:48:37,224 - openevolve.evaluator - INFO - Evaluated program 47d7b57d-9383-485d-a57c-572cb8c6e790 in 5.07s: compiled=1.0000, correctness=1.0000, stage=reference code, passed=0.0000, score=0.0000, speed_up=1.0000, runtime_ms=6.5800, meta={'hardware': 'NVIDIA L20Y', 'device': 'cuda:5', 'correctness_trials': '(5 / 5)', 'reference_timing_ms': 0.223, 'speed_up': 0.034, 'custom_timing': 6.58}
2025-08-08 00:48:37,224 - openevolve.database - INFO - New MAP-Elites cell occupied: {'score': 0, 'complexity': 2}
2025-08-08 00:48:37,251 - openevolve.threaded_parallel - INFO - Initializing threaded evaluation pool with 3 workers
2025-08-08 00:48:37,252 - openevolve.threaded_parallel - INFO - Started thread pool with 3 threads
2025-08-08 00:48:37,252 - openevolve.threaded_parallel - INFO - Started improved parallel controller
2025-08-08 00:48:37,252 - openevolve.controller - INFO - Using island-based evolution with 3 islands
2025-08-08 00:48:37,252 - openevolve.database - INFO - Island Status:
2025-08-08 00:48:37,252 - openevolve.database - INFO -  * Island 0: 1 programs, best=0.0000, avg=0.0000, diversity=0.00, gen=0 (best: 47d7b57d-9383-485d-a57c-572cb8c6e790)
2025-08-08 00:48:37,252 - openevolve.database - INFO -    Island 1: 0 programs, best=0.0000, avg=0.0000, diversity=0.00, gen=0
2025-08-08 00:48:37,252 - openevolve.database - INFO -    Island 2: 0 programs, best=0.0000, avg=0.0000, diversity=0.00, gen=0
2025-08-08 00:48:37,252 - openevolve.threaded_parallel - INFO - Starting improved parallel evolution from iteration 0 for 30 iterations (total: 30)
2025-08-08 00:48:37,382 - openevolve.llm.ensemble - INFO - Initialized LLM ensemble with models: deepseek (weight: 0.80), deepseek (weight: 0.20)
2025-08-08 00:48:37,387 - openevolve.llm.ensemble - INFO - Initialized LLM ensemble with models: deepseek (weight: 0.80), deepseek (weight: 0.20)
2025-08-08 00:48:37,390 - openevolve.llm.ensemble - INFO - Initialized LLM ensemble with models: deepseek (weight: 0.80), deepseek (weight: 0.20)
2025-08-08 00:48:37,513 - openevolve.llm.ensemble - INFO - Initialized LLM ensemble with models: deepseek (weight: 0.80), deepseek (weight: 0.20)
2025-08-08 00:48:37,513 - openevolve.prompt.sampler - INFO - Set custom templates: system=evaluator_system_message, user=None
2025-08-08 00:48:37,516 - openevolve.evaluator - INFO - Successfully loaded evaluation function from openevolve_output/level3_21_EfficientNetMBConv/evaluation.py
2025-08-08 00:48:37,516 - openevolve.evaluator - INFO - Initialized evaluator with openevolve_output/level3_21_EfficientNetMBConv/evaluation.py
2025-08-08 00:48:37,517 - openevolve.llm.ensemble - INFO - Initialized LLM ensemble with models: deepseek (weight: 0.80), deepseek (weight: 0.20)
2025-08-08 00:48:37,517 - openevolve.prompt.sampler - INFO - Set custom templates: system=evaluator_system_message, user=None
2025-08-08 00:48:37,518 - openevolve.llm.ensemble - INFO - Sampled model: deepseek
2025-08-08 00:48:37,519 - openevolve.evaluator - INFO - Successfully loaded evaluation function from openevolve_output/level3_21_EfficientNetMBConv/evaluation.py
2025-08-08 00:48:37,519 - openevolve.evaluator - INFO - Initialized evaluator with openevolve_output/level3_21_EfficientNetMBConv/evaluation.py
2025-08-08 00:48:37,520 - openevolve.llm.ensemble - INFO - Initialized LLM ensemble with models: deepseek (weight: 0.80), deepseek (weight: 0.20)
2025-08-08 00:48:37,520 - openevolve.prompt.sampler - INFO - Set custom templates: system=evaluator_system_message, user=None
2025-08-08 00:48:37,521 - openevolve.llm.ensemble - INFO - Sampled model: deepseek
2025-08-08 00:48:37,522 - openevolve.evaluator - INFO - Successfully loaded evaluation function from openevolve_output/level3_21_EfficientNetMBConv/evaluation.py
2025-08-08 00:48:37,522 - openevolve.evaluator - INFO - Initialized evaluator with openevolve_output/level3_21_EfficientNetMBConv/evaluation.py
2025-08-08 00:48:37,523 - openevolve.llm.ensemble - INFO - Sampled model: deepseek
2025-08-08 01:01:18,332 - openevolve.RemoteSpeedupEvaluator - INFO - [level3_21_EfficientNetMBConv] triton key words check pass
2025-08-08 01:01:18,333 - openevolve.RemoteSpeedupEvaluator - INFO - [level3_21_EfficientNetMBConv] verify_plus payload: reference_code(2304 chars) + custom_code(5398 chars)
2025-08-08 01:01:21,563 - openevolve.RemoteSpeedupEvaluator - INFO - [level3_21_EfficientNetMBConv] verify_plus request success
2025-08-08 01:01:21,563 - openevolve.RemoteSpeedupEvaluator - INFO - [level3_21_EfficientNetMBConv] verify_plus response: {"id":"level3_21_EfficientNetMBConv","result":{"compiled":true,"correctness":false,"metadata":{"hardware":"NVIDIA L20Y","device":"cuda:3","runtime_error":"Traceback (most recent call last):\n  File \"/home/lijiaxing/.conda/envs/api/lib/python3.10/site-packages/triton/language/core.py\", line 42, in wrapper\n    return fn(*args, **kwargs)\n  File \"/home/lijiaxing/.conda/envs/api/lib/python3.10/site-packages/triton/language/core.py\", line 1693, in full\n    shape = _shape_check_impl(shape)\n  File \"/home/lijiaxing/.conda/envs/api/lib/python3.10/site-packages/triton/language/core.py\", line 1677, in _shape_check_impl\n    validate_block_shape(shape)\n  File \"/home/lijiaxing/.conda/envs/api/lib/python3.10/site-packages/triton/_utils.py\", line 52, in validate_block_shape\n    raise ValueEr
2025-08-08 01:01:21,564 - openevolve.RemoteSpeedupEvaluator - INFO - [level3_21_EfficientNetMBConv] âœ˜ wrong_answer
2025-08-08 01:01:21,564 - openevolve.evaluator - INFO - Evaluated program 138cbf27-65cd-4a32-992d-caa92dde6972 in 3.23s: compiled=1.0000, correctness=0.0000, score=10.0000, stage=wrong_answer, verify_payload={'id': 'level3_21_EfficientNetMBConv', 'result': {'compiled': True, 'correctness': False, 'metadata': {'hardware': 'NVIDIA L20Y', 'device': 'cuda:3', 'runtime_error': 'Traceback (most recent call last):\n  File "/home/lijiaxing/.conda/envs/api/lib/python3.10/site-packages/triton/language/core.py", line 42, in wrapper\n    return fn(*args, **kwargs)\n  File "/home/lijiaxing/.conda/envs/api/lib/python3.10/site-packages/triton/language/core.py", line 1693, in full\n    shape = _shape_check_impl(shape)\n  File "/home/lijiaxing/.conda/envs/api/lib/python3.10/site-packages/triton/language/core.py", line 1677, in _shape_check_impl\n    validate_block_shape(shape)\n  File "/home/lijiaxing/.conda/envs/api/lib/python3.10/site-packages/triton/_utils.py", line 52, in validate_block_shape\n    raise ValueError(f"Shape element {i} must be a power of 2")\nValueError: Shape element 0 must be a power of 2\n\nThe above exception was the direct cause of the following exception:\n\ntriton.compiler.errors.CompilationError: at 10:11:\ndef zeros(shape, dtype):\n    """\n    Returns a tensor filled with the scalar value 0 for the given :code:`shape` and :code:`dtype`.\n\n    :param shape: Shape of the new array, e.g., (8, 16) or (8, )\n    :type shape: tuple of ints\n    :param dtype: Data-type of the new array, e.g., :code:`tl.float16`\n    :type dtype: DType\n    """\n    return core.full(shape, 0, dtype)\n           ^\n\nThe above exception was the direct cause of the following exception:\n\nTraceback (most recent call last):\n  File "/cpfs01/shared/llm_kernel/hujiakai/KernelLLM/validation_api_server/helpers/evaluations.py", line 720, in run_and_check_correctness\n    output_new = model_new(*inputs)\n  File "/home/lijiaxing/.conda/envs/api/lib/python3.10/site-packages/torch/nn/modules/module.py", line 1773, in _wrapped_call_impl\n    return self._call_impl(*args, **kwargs)\n  File "/home/lijiaxing/.conda/envs/api/lib/python3.10/site-packages/torch/nn/modules/module.py", line 1784, in _call_impl\n    return forward_call(*args, **kwargs)\n  File "/tmp/tmpzi2d171b.py", line 116, in forward\n    x = self.depthwise_conv(x)\n  File "/home/lijiaxing/.conda/envs/api/lib/python3.10/site-packages/torch/nn/modules/module.py", line 1773, in _wrapped_call_impl\n    return self._call_impl(*args, **kwargs)\n  File "/home/lijiaxing/.conda/envs/api/lib/python3.10/site-packages/torch/nn/modules/module.py", line 1784, in _call_impl\n    return forward_call(*args, **kwargs)\n  File "/home/lijiaxing/.conda/envs/api/lib/python3.10/site-packages/torch/nn/modules/container.py", line 244, in forward\n    input = module(input)\n  File "/home/lijiaxing/.conda/envs/api/lib/python3.10/site-packages/torch/nn/modules/module.py", line 1773, in _wrapped_call_impl\n    return self._call_impl(*args, **kwargs)\n  File "/home/lijiaxing/.conda/envs/api/lib/python3.10/site-packages/torch/nn/modules/module.py", line 1784, in _call_impl\n    return forward_call(*args, **kwargs)\n  File "/tmp/tmpzi2d171b.py", line 74, in forward\n    self._depthwise_conv2d_kernel[grid](\n  File "/home/lijiaxing/.conda/envs/api/lib/python3.10/site-packages/triton/runtime/jit.py", line 390, in <lambda>\n    return lambda *args, **kwargs: self.run(grid=grid, warmup=False, *args, **kwargs)\n  File "/home/lijiaxing/.conda/envs/api/lib/python3.10/site-packages/triton/runtime/jit.py", line 594, in run\n    kernel = self.compile(src, target=target, options=options.__dict__)\n  File "/home/lijiaxing/.conda/envs/api/lib/python3.10/site-packages/triton/compiler/compiler.py", line 339, in compile\n    module = src.make_ir(options, codegen_fns, module_map, context)\n  File "/home/lijiaxing/.conda/envs/api/lib/python3.10/site-packages/triton/compiler/compiler.py", line 83, in make_ir\n    return ast_to_ttir(self.fn, self, context=context, options=options, codegen_fns=codegen_fns,\ntriton.compiler.errors.CompilationError: at 24:19:\n    pid_ow_block = tl.program_id(2)\n\n    batch_idx = pid // input_channels\n    channel_idx = pid % input_channels\n\n    ow_start = pid_ow_block * BLOCK_SIZE\n    ow = ow_start + tl.arange(0, BLOCK_SIZE)\n    ow_mask = ow < output_width\n\n    acc = tl.zeros((BLOCK_SIZE,), dtype=tl.float32)\n\n    weight_cache = tl.zeros((kernel_size*kernel_size,), dtype=tl.float32)\n                   ^\n\n\nThe above exception was the direct cause of the following exception:\n\nTraceback (most recent call last):\n  File "/home/lijiaxing/.conda/envs/api/lib/python3.10/site-packages/triton/language/core.py", line 42, in wrapper\n    return fn(*args, **kwargs)\n  File "/home/lijiaxing/.conda/envs/api/lib/python3.10/site-packages/triton/language/core.py", line 1693, in full\n    shape = _shape_check_impl(shape)\n  File "/home/lijiaxing/.conda/envs/api/lib/python3.10/site-packages/triton/language/core.py", line 1677, in _shape_check_impl\n    validate_block_shape(shape)\n  File "/home/lijiaxing/.conda/envs/api/lib/python3.10/site-packages/triton/_utils.py", line 52, in validate_block_shape\n    raise ValueError(f"Shape element {i} must be a power of 2")\nValueError: Shape element 0 must be a power of 2\n\nThe above exception was the direct cause of the following exception:\n\ntriton.compiler.errors.CompilationError: at 10:11:\ndef zeros(shape, dtype):\n    """\n    Returns a tensor filled with the scalar value 0 for the given :code:`shape` and :code:`dtype`.\n\n    :param shape: Shape of the new array, e.g., (8, 16) or (8, )\n    :type shape: tuple of ints\n    :param dtype: Data-type of the new array, e.g., :code:`tl.float16`\n    :type dtype: DType\n    """\n    return core.full(shape, 0, dtype)\n           ^\n\n\nThe above exception was the direct cause of the following exception:\n\nTraceback (most recent call last):\n  File "/home/lijiaxing/.conda/envs/api/lib/python3.10/site-packages/triton/language/core.py", line 42, in wrapper\n    return fn(*args, **kwargs)\n  File "/home/lijiaxing/.conda/envs/api/lib/python3.10/site-packages/triton/language/core.py", line 1693, in full\n    shape = _shape_check_impl(shape)\n  File "/home/lijiaxing/.conda/envs/api/lib/python3.10/site-packages/triton/language/core.py", line 1677, in _shape_check_impl\n    validate_block_shape(shape)\n  File "/home/lijiaxing/.conda/envs/api/lib/python3.10/site-packages/triton/_utils.py", line 52, in validate_block_shape\n    raise ValueError(f"Shape element {i} must be a power of 2")\nValueError: Shape element 0 must be a power of 2\n', 'runtime_error_name': 'triton.compiler.errors.CompilationError', 'reference_timing_ms': 0.223, 'speed_up': -1.0, 'custom_timing': -1.0}, 'runtime': -1.0, 'runtime_stats': {}}}
2025-08-08 01:01:21,568 - openevolve.llm.ensemble - INFO - Sampled model: deepseek
2025-08-08 01:01:21,569 - openevolve.database - INFO - New MAP-Elites cell occupied: {'score': 9, 'complexity': 9}
2025-08-08 01:01:21,569 - openevolve.database - INFO - New best program 138cbf27-65cd-4a32-992d-caa92dde6972 replaces 47d7b57d-9383-485d-a57c-572cb8c6e790
2025-08-08 01:01:21,581 - openevolve.threaded_parallel - INFO - Iteration 2: Program 138cbf27-65cd-4a32-992d-caa92dde6972 (parent: 47d7b57d-9383-485d-a57c-572cb8c6e790) completed in 764.04s
2025-08-08 01:01:21,581 - openevolve.threaded_parallel - INFO - Metrics: compiled=1.0000, correctness=0.0000, score=10.0000, stage=wrong_answer, verify_payload={'id': 'level3_21_EfficientNetMBConv', 'result': {'compiled': True, 'correctness': False, 'metadata': {'hardware': 'NVIDIA L20Y', 'device': 'cuda:3', 'runtime_error': 'Traceback (most recent call last):\n  File "/home/lijiaxing/.conda/envs/api/lib/python3.10/site-packages/triton/language/core.py", line 42, in wrapper\n    return fn(*args, **kwargs)\n  File "/home/lijiaxing/.conda/envs/api/lib/python3.10/site-packages/triton/language/core.py", line 1693, in full\n    shape = _shape_check_impl(shape)\n  File "/home/lijiaxing/.conda/envs/api/lib/python3.10/site-packages/triton/language/core.py", line 1677, in _shape_check_impl\n    validate_block_shape(shape)\n  File "/home/lijiaxing/.conda/envs/api/lib/python3.10/site-packages/triton/_utils.py", line 52, in validate_block_shape\n    raise ValueError(f"Shape element {i} must be a power of 2")\nValueError: Shape element 0 must be a power of 2\n\nThe above exception was the direct cause of the following exception:\n\ntriton.compiler.errors.CompilationError: at 10:11:\ndef zeros(shape, dtype):\n    """\n    Returns a tensor filled with the scalar value 0 for the given :code:`shape` and :code:`dtype`.\n\n    :param shape: Shape of the new array, e.g., (8, 16) or (8, )\n    :type shape: tuple of ints\n    :param dtype: Data-type of the new array, e.g., :code:`tl.float16`\n    :type dtype: DType\n    """\n    return core.full(shape, 0, dtype)\n           ^\n\nThe above exception was the direct cause of the following exception:\n\nTraceback (most recent call last):\n  File "/cpfs01/shared/llm_kernel/hujiakai/KernelLLM/validation_api_server/helpers/evaluations.py", line 720, in run_and_check_correctness\n    output_new = model_new(*inputs)\n  File "/home/lijiaxing/.conda/envs/api/lib/python3.10/site-packages/torch/nn/modules/module.py", line 1773, in _wrapped_call_impl\n    return self._call_impl(*args, **kwargs)\n  File "/home/lijiaxing/.conda/envs/api/lib/python3.10/site-packages/torch/nn/modules/module.py", line 1784, in _call_impl\n    return forward_call(*args, **kwargs)\n  File "/tmp/tmpzi2d171b.py", line 116, in forward\n    x = self.depthwise_conv(x)\n  File "/home/lijiaxing/.conda/envs/api/lib/python3.10/site-packages/torch/nn/modules/module.py", line 1773, in _wrapped_call_impl\n    return self._call_impl(*args, **kwargs)\n  File "/home/lijiaxing/.conda/envs/api/lib/python3.10/site-packages/torch/nn/modules/module.py", line 1784, in _call_impl\n    return forward_call(*args, **kwargs)\n  File "/home/lijiaxing/.conda/envs/api/lib/python3.10/site-packages/torch/nn/modules/container.py", line 244, in forward\n    input = module(input)\n  File "/home/lijiaxing/.conda/envs/api/lib/python3.10/site-packages/torch/nn/modules/module.py", line 1773, in _wrapped_call_impl\n    return self._call_impl(*args, **kwargs)\n  File "/home/lijiaxing/.conda/envs/api/lib/python3.10/site-packages/torch/nn/modules/module.py", line 1784, in _call_impl\n    return forward_call(*args, **kwargs)\n  File "/tmp/tmpzi2d171b.py", line 74, in forward\n    self._depthwise_conv2d_kernel[grid](\n  File "/home/lijiaxing/.conda/envs/api/lib/python3.10/site-packages/triton/runtime/jit.py", line 390, in <lambda>\n    return lambda *args, **kwargs: self.run(grid=grid, warmup=False, *args, **kwargs)\n  File "/home/lijiaxing/.conda/envs/api/lib/python3.10/site-packages/triton/runtime/jit.py", line 594, in run\n    kernel = self.compile(src, target=target, options=options.__dict__)\n  File "/home/lijiaxing/.conda/envs/api/lib/python3.10/site-packages/triton/compiler/compiler.py", line 339, in compile\n    module = src.make_ir(options, codegen_fns, module_map, context)\n  File "/home/lijiaxing/.conda/envs/api/lib/python3.10/site-packages/triton/compiler/compiler.py", line 83, in make_ir\n    return ast_to_ttir(self.fn, self, context=context, options=options, codegen_fns=codegen_fns,\ntriton.compiler.errors.CompilationError: at 24:19:\n    pid_ow_block = tl.program_id(2)\n\n    batch_idx = pid // input_channels\n    channel_idx = pid % input_channels\n\n    ow_start = pid_ow_block * BLOCK_SIZE\n    ow = ow_start + tl.arange(0, BLOCK_SIZE)\n    ow_mask = ow < output_width\n\n    acc = tl.zeros((BLOCK_SIZE,), dtype=tl.float32)\n\n    weight_cache = tl.zeros((kernel_size*kernel_size,), dtype=tl.float32)\n                   ^\n\n\nThe above exception was the direct cause of the following exception:\n\nTraceback (most recent call last):\n  File "/home/lijiaxing/.conda/envs/api/lib/python3.10/site-packages/triton/language/core.py", line 42, in wrapper\n    return fn(*args, **kwargs)\n  File "/home/lijiaxing/.conda/envs/api/lib/python3.10/site-packages/triton/language/core.py", line 1693, in full\n    shape = _shape_check_impl(shape)\n  File "/home/lijiaxing/.conda/envs/api/lib/python3.10/site-packages/triton/language/core.py", line 1677, in _shape_check_impl\n    validate_block_shape(shape)\n  File "/home/lijiaxing/.conda/envs/api/lib/python3.10/site-packages/triton/_utils.py", line 52, in validate_block_shape\n    raise ValueError(f"Shape element {i} must be a power of 2")\nValueError: Shape element 0 must be a power of 2\n\nThe above exception was the direct cause of the following exception:\n\ntriton.compiler.errors.CompilationError: at 10:11:\ndef zeros(shape, dtype):\n    """\n    Returns a tensor filled with the scalar value 0 for the given :code:`shape` and :code:`dtype`.\n\n    :param shape: Shape of the new array, e.g., (8, 16) or (8, )\n    :type shape: tuple of ints\n    :param dtype: Data-type of the new array, e.g., :code:`tl.float16`\n    :type dtype: DType\n    """\n    return core.full(shape, 0, dtype)\n           ^\n\n\nThe above exception was the direct cause of the following exception:\n\nTraceback (most recent call last):\n  File "/home/lijiaxing/.conda/envs/api/lib/python3.10/site-packages/triton/language/core.py", line 42, in wrapper\n    return fn(*args, **kwargs)\n  File "/home/lijiaxing/.conda/envs/api/lib/python3.10/site-packages/triton/language/core.py", line 1693, in full\n    shape = _shape_check_impl(shape)\n  File "/home/lijiaxing/.conda/envs/api/lib/python3.10/site-packages/triton/language/core.py", line 1677, in _shape_check_impl\n    validate_block_shape(shape)\n  File "/home/lijiaxing/.conda/envs/api/lib/python3.10/site-packages/triton/_utils.py", line 52, in validate_block_shape\n    raise ValueError(f"Shape element {i} must be a power of 2")\nValueError: Shape element 0 must be a power of 2\n', 'runtime_error_name': 'triton.compiler.errors.CompilationError', 'reference_timing_ms': 0.223, 'speed_up': -1.0, 'custom_timing': -1.0}, 'runtime': -1.0, 'runtime_stats': {}}}
2025-08-08 01:01:21,581 - openevolve.threaded_parallel - INFO - ðŸŒŸ New best solution found at iteration 2: 138cbf27-65cd-4a32-992d-caa92dde6972
2025-08-08 01:02:03,395 - openevolve.RemoteSpeedupEvaluator - INFO - [level3_21_EfficientNetMBConv] triton key words check pass
2025-08-08 01:02:03,396 - openevolve.RemoteSpeedupEvaluator - INFO - [level3_21_EfficientNetMBConv] verify_plus payload: reference_code(2304 chars) + custom_code(4134 chars)
2025-08-08 01:02:13,120 - openevolve.RemoteSpeedupEvaluator - INFO - [level3_21_EfficientNetMBConv] verify_plus request success
2025-08-08 01:02:13,120 - openevolve.RemoteSpeedupEvaluator - INFO - [level3_21_EfficientNetMBConv] verify_plus response: {"id":"level3_21_EfficientNetMBConv","result":{"compiled":true,"correctness":true,"metadata":{"hardware":"NVIDIA L20Y","device":"cuda:3","correctness_trials":"(5 / 5)","reference_timing_ms":0.223,"speed_up":0.006,"custom_timing":35.5},"runtime":35.5,"runtime_stats":{"mean":35.5,"std":0.0669,"min":35.4,"max":35.8,"num_trials":100,"hardware":"NVIDIA L20Y","device":"cuda:3"}}}
2025-08-08 01:02:13,120 - openevolve.RemoteSpeedupEvaluator - INFO - [level3_21_EfficientNetMBConv] âœ” success | speed_up=0.006  score=20.00
2025-08-08 01:02:13,121 - openevolve.evaluator - INFO - Evaluated program 7ca774b0-b9e3-473a-9d47-3a066e4141f7 in 9.73s: compiled=1.0000, correctness=1.0000, stage=success, passed=0.0000, score=20.0000, speed_up=0.0060, runtime_ms=35.5000, meta={'hardware': 'NVIDIA L20Y', 'device': 'cuda:3', 'correctness_trials': '(5 / 5)', 'reference_timing_ms': 0.223, 'speed_up': 0.006, 'custom_timing': 35.5}
2025-08-08 01:02:13,124 - openevolve.llm.ensemble - INFO - Sampled model: deepseek
2025-08-08 01:02:13,125 - openevolve.database - INFO - New MAP-Elites cell occupied: {'score': 9, 'complexity': 5}
2025-08-08 01:02:13,125 - openevolve.database - INFO - New best program 7ca774b0-b9e3-473a-9d47-3a066e4141f7 replaces 138cbf27-65cd-4a32-992d-caa92dde6972
2025-08-08 01:02:13,138 - openevolve.threaded_parallel - INFO - Iteration 1: Program 7ca774b0-b9e3-473a-9d47-3a066e4141f7 (parent: 47d7b57d-9383-485d-a57c-572cb8c6e790) completed in 815.60s
2025-08-08 01:02:13,138 - openevolve.threaded_parallel - INFO - Metrics: compiled=1.0000, correctness=1.0000, stage=success, passed=0.0000, score=20.0000, speed_up=0.0060, runtime_ms=35.5000, meta={'hardware': 'NVIDIA L20Y', 'device': 'cuda:3', 'correctness_trials': '(5 / 5)', 'reference_timing_ms': 0.223, 'speed_up': 0.006, 'custom_timing': 35.5}
2025-08-08 01:02:13,138 - openevolve.threaded_parallel - INFO - ðŸŒŸ New best solution found at iteration 1: 7ca774b0-b9e3-473a-9d47-3a066e4141f7
2025-08-08 01:04:24,773 - openevolve.RemoteSpeedupEvaluator - INFO - [level3_21_EfficientNetMBConv] triton key words check pass
2025-08-08 01:04:24,775 - openevolve.RemoteSpeedupEvaluator - INFO - [level3_21_EfficientNetMBConv] verify_plus payload: reference_code(2304 chars) + custom_code(5081 chars)
2025-08-08 01:04:29,394 - openevolve.RemoteSpeedupEvaluator - INFO - [level3_21_EfficientNetMBConv] verify_plus request success
2025-08-08 01:04:29,395 - openevolve.RemoteSpeedupEvaluator - INFO - [level3_21_EfficientNetMBConv] verify_plus response: {"id":"level3_21_EfficientNetMBConv","result":{"compiled":true,"correctness":false,"metadata":{"hardware":"NVIDIA L20Y","device":"cuda:1","max_difference":["8.624508","10.053205","9.901541","8.273981","9.627108"],"avg_difference":["1.111688","1.091982","1.095623","1.127319","1.091670"],"correctness_issue":"Output mismatch","correctness_trials":"(0 / 5)","reference_timing_ms":0.223,"speed_up":-1.0,"custom_timing":-1.0},"runtime":-1.0,"runtime_stats":{}}}
2025-08-08 01:04:29,395 - openevolve.RemoteSpeedupEvaluator - INFO - [level3_21_EfficientNetMBConv] âœ˜ wrong_answer
2025-08-08 01:04:29,395 - openevolve.evaluator - INFO - Evaluated program a9dcb235-cfeb-49eb-8d84-cb6c10103a66 in 4.62s: compiled=1.0000, correctness=0.0000, score=10.0000, stage=wrong_answer, verify_payload={'id': 'level3_21_EfficientNetMBConv', 'result': {'compiled': True, 'correctness': False, 'metadata': {'hardware': 'NVIDIA L20Y', 'device': 'cuda:1', 'max_difference': ['8.624508', '10.053205', '9.901541', '8.273981', '9.627108'], 'avg_difference': ['1.111688', '1.091982', '1.095623', '1.127319', '1.091670'], 'correctness_issue': 'Output mismatch', 'correctness_trials': '(0 / 5)', 'reference_timing_ms': 0.223, 'speed_up': -1.0, 'custom_timing': -1.0}, 'runtime': -1.0, 'runtime_stats': {}}}
2025-08-08 01:04:29,398 - openevolve.llm.ensemble - INFO - Sampled model: deepseek
2025-08-08 01:04:29,399 - openevolve.database - INFO - New MAP-Elites cell occupied: {'score': 9, 'complexity': 8}
2025-08-08 01:04:29,411 - openevolve.threaded_parallel - INFO - Iteration 0: Program a9dcb235-cfeb-49eb-8d84-cb6c10103a66 (parent: 47d7b57d-9383-485d-a57c-572cb8c6e790) completed in 951.87s
2025-08-08 01:04:29,411 - openevolve.threaded_parallel - INFO - Metrics: compiled=1.0000, correctness=0.0000, score=10.0000, stage=wrong_answer, verify_payload={'id': 'level3_21_EfficientNetMBConv', 'result': {'compiled': True, 'correctness': False, 'metadata': {'hardware': 'NVIDIA L20Y', 'device': 'cuda:1', 'max_difference': ['8.624508', '10.053205', '9.901541', '8.273981', '9.627108'], 'avg_difference': ['1.111688', '1.091982', '1.095623', '1.127319', '1.091670'], 'correctness_issue': 'Output mismatch', 'correctness_trials': '(0 / 5)', 'reference_timing_ms': 0.223, 'speed_up': -1.0, 'custom_timing': -1.0}, 'runtime': -1.0, 'runtime_stats': {}}}
2025-08-08 01:04:29,411 - openevolve.threaded_parallel - INFO - Checkpoint interval reached at iteration 0
2025-08-08 01:04:29,412 - openevolve.database - INFO - Island Status:
2025-08-08 01:04:29,412 - openevolve.database - INFO -    Island 0: 3 programs, best=20.0000, avg=10.0000, diversity=608.87, gen=1 (best: 7ca774b0-b9e3-473a-9d47-3a066e4141f7)
2025-08-08 01:04:29,412 - openevolve.database - INFO -  * Island 1: 2 programs, best=20.0000, avg=15.0000, diversity=377.70, gen=2 (best: a9dcb235-cfeb-49eb-8d84-cb6c10103a66)
2025-08-08 01:04:29,412 - openevolve.database - INFO -    Island 2: 0 programs, best=0.0000, avg=0.0000, diversity=0.00, gen=0
2025-08-08 01:04:29,462 - openevolve.database - INFO - Saved database with 4 programs to openevolve_output/level3_21_EfficientNetMBConv/checkpoints/checkpoint_0
2025-08-08 01:04:29,479 - openevolve.controller - INFO - Saved best program at checkpoint 0 with metrics: compiled=1.0000, correctness=1.0000, stage=success, passed=0.0000, score=20.0000, speed_up=0.0060, runtime_ms=35.5000, meta={'hardware': 'NVIDIA L20Y', 'device': 'cuda:3', 'correctness_trials': '(5 / 5)', 'reference_timing_ms': 0.223, 'speed_up': 0.006, 'custom_timing': 35.5}
2025-08-08 01:04:29,479 - openevolve.controller - INFO - Saved checkpoint at iteration 0 to openevolve_output/level3_21_EfficientNetMBConv/checkpoints/checkpoint_0
2025-08-08 01:14:26,286 - openevolve.RemoteSpeedupEvaluator - INFO - [level3_21_EfficientNetMBConv] triton key words check pass
2025-08-08 01:14:26,288 - openevolve.RemoteSpeedupEvaluator - INFO - [level3_21_EfficientNetMBConv] verify_plus payload: reference_code(2304 chars) + custom_code(5142 chars)
2025-08-08 01:14:31,338 - openevolve.RemoteSpeedupEvaluator - INFO - [level3_21_EfficientNetMBConv] verify_plus request success
2025-08-08 01:14:31,338 - openevolve.RemoteSpeedupEvaluator - INFO - [level3_21_EfficientNetMBConv] verify_plus response: {"id":"level3_21_EfficientNetMBConv","result":{"compiled":true,"correctness":false,"metadata":{"hardware":"NVIDIA L20Y","device":"cuda:5","max_difference":["8.612649","8.206226","8.263649","8.627125","8.428863"],"avg_difference":["1.219000","1.218984","1.218876","1.218949","1.219108"],"correctness_issue":"Output mismatch","correctness_trials":"(0 / 5)","reference_timing_ms":0.223,"speed_up":-1.0,"custom_timing":-1.0},"runtime":-1.0,"runtime_stats":{}}}
2025-08-08 01:14:31,338 - openevolve.RemoteSpeedupEvaluator - INFO - [level3_21_EfficientNetMBConv] âœ˜ wrong_answer
2025-08-08 01:14:31,339 - openevolve.evaluator - INFO - Evaluated program 5fa25975-db07-49a1-9410-0e60a1da7c09 in 5.05s: compiled=1.0000, correctness=0.0000, score=10.0000, stage=wrong_answer, verify_payload={'id': 'level3_21_EfficientNetMBConv', 'result': {'compiled': True, 'correctness': False, 'metadata': {'hardware': 'NVIDIA L20Y', 'device': 'cuda:5', 'max_difference': ['8.612649', '8.206226', '8.263649', '8.627125', '8.428863'], 'avg_difference': ['1.219000', '1.218984', '1.218876', '1.218949', '1.219108'], 'correctness_issue': 'Output mismatch', 'correctness_trials': '(0 / 5)', 'reference_timing_ms': 0.223, 'speed_up': -1.0, 'custom_timing': -1.0}, 'runtime': -1.0, 'runtime_stats': {}}}
2025-08-08 01:14:31,342 - openevolve.llm.ensemble - INFO - Sampled model: deepseek
2025-08-08 01:14:31,352 - openevolve.threaded_parallel - INFO - Iteration 4: Program 5fa25975-db07-49a1-9410-0e60a1da7c09 (parent: 47d7b57d-9383-485d-a57c-572cb8c6e790) completed in 738.22s
2025-08-08 01:14:31,352 - openevolve.threaded_parallel - INFO - Metrics: compiled=1.0000, correctness=0.0000, score=10.0000, stage=wrong_answer, verify_payload={'id': 'level3_21_EfficientNetMBConv', 'result': {'compiled': True, 'correctness': False, 'metadata': {'hardware': 'NVIDIA L20Y', 'device': 'cuda:5', 'max_difference': ['8.612649', '8.206226', '8.263649', '8.627125', '8.428863'], 'avg_difference': ['1.219000', '1.218984', '1.218876', '1.218949', '1.219108'], 'correctness_issue': 'Output mismatch', 'correctness_trials': '(0 / 5)', 'reference_timing_ms': 0.223, 'speed_up': -1.0, 'custom_timing': -1.0}, 'runtime': -1.0, 'runtime_stats': {}}}
2025-08-08 01:15:33,394 - openevolve.RemoteSpeedupEvaluator - INFO - [level3_21_EfficientNetMBConv] triton key words check pass
2025-08-08 01:15:33,395 - openevolve.RemoteSpeedupEvaluator - INFO - [level3_21_EfficientNetMBConv] verify_plus payload: reference_code(2304 chars) + custom_code(5064 chars)
2025-08-08 01:15:38,692 - openevolve.RemoteSpeedupEvaluator - INFO - [level3_21_EfficientNetMBConv] verify_plus request success
2025-08-08 01:15:38,692 - openevolve.RemoteSpeedupEvaluator - INFO - [level3_21_EfficientNetMBConv] verify_plus response: {"id":"level3_21_EfficientNetMBConv","result":{"compiled":true,"correctness":false,"metadata":{"hardware":"NVIDIA L20Y","device":"cuda:6","max_difference":["4.952049","4.976665","5.123834","5.119617","5.368812"],"avg_difference":["0.561430","0.561487","0.561503","0.561440","0.561606"],"correctness_issue":"Output mismatch","correctness_trials":"(0 / 5)","reference_timing_ms":0.223,"speed_up":-1.0,"custom_timing":-1.0},"runtime":-1.0,"runtime_stats":{}}}
2025-08-08 01:15:38,692 - openevolve.RemoteSpeedupEvaluator - INFO - [level3_21_EfficientNetMBConv] âœ˜ wrong_answer
2025-08-08 01:15:38,693 - openevolve.evaluator - INFO - Evaluated program 9540e240-1ff8-4187-a7d4-edf745d9b1a7 in 5.30s: compiled=1.0000, correctness=0.0000, score=10.0000, stage=wrong_answer, verify_payload={'id': 'level3_21_EfficientNetMBConv', 'result': {'compiled': True, 'correctness': False, 'metadata': {'hardware': 'NVIDIA L20Y', 'device': 'cuda:6', 'max_difference': ['4.952049', '4.976665', '5.123834', '5.119617', '5.368812'], 'avg_difference': ['0.561430', '0.561487', '0.561503', '0.561440', '0.561606'], 'correctness_issue': 'Output mismatch', 'correctness_trials': '(0 / 5)', 'reference_timing_ms': 0.223, 'speed_up': -1.0, 'custom_timing': -1.0}, 'runtime': -1.0, 'runtime_stats': {}}}
2025-08-08 01:15:38,695 - openevolve.llm.ensemble - INFO - Sampled model: deepseek
2025-08-08 01:15:38,713 - openevolve.threaded_parallel - INFO - Iteration 3: Program 9540e240-1ff8-4187-a7d4-edf745d9b1a7 (parent: 47d7b57d-9383-485d-a57c-572cb8c6e790) completed in 857.13s
2025-08-08 01:15:38,713 - openevolve.threaded_parallel - INFO - Metrics: compiled=1.0000, correctness=0.0000, score=10.0000, stage=wrong_answer, verify_payload={'id': 'level3_21_EfficientNetMBConv', 'result': {'compiled': True, 'correctness': False, 'metadata': {'hardware': 'NVIDIA L20Y', 'device': 'cuda:6', 'max_difference': ['4.952049', '4.976665', '5.123834', '5.119617', '5.368812'], 'avg_difference': ['0.561430', '0.561487', '0.561503', '0.561440', '0.561606'], 'correctness_issue': 'Output mismatch', 'correctness_trials': '(0 / 5)', 'reference_timing_ms': 0.223, 'speed_up': -1.0, 'custom_timing': -1.0}, 'runtime': -1.0, 'runtime_stats': {}}}
2025-08-08 01:15:38,714 - openevolve.threaded_parallel - INFO - Checkpoint interval reached at iteration 3
2025-08-08 01:15:38,714 - openevolve.database - INFO - Island Status:
2025-08-08 01:15:38,715 - openevolve.database - INFO -  * Island 0: 3 programs, best=20.0000, avg=10.0000, diversity=608.87, gen=2 (best: 7ca774b0-b9e3-473a-9d47-3a066e4141f7)
2025-08-08 01:15:38,715 - openevolve.database - INFO -    Island 1: 3 programs, best=20.0000, avg=13.3333, diversity=256.53, gen=2 (best: a9dcb235-cfeb-49eb-8d84-cb6c10103a66)
2025-08-08 01:15:38,715 - openevolve.database - INFO -    Island 2: 2 programs, best=20.0000, avg=15.0000, diversity=254.50, gen=1 (best: 9540e240-1ff8-4187-a7d4-edf745d9b1a7)
2025-08-08 01:15:38,784 - openevolve.database - INFO - Saved database with 6 programs to openevolve_output/level3_21_EfficientNetMBConv/checkpoints/checkpoint_3
2025-08-08 01:15:38,800 - openevolve.controller - INFO - Saved best program at checkpoint 3 with metrics: compiled=1.0000, correctness=1.0000, stage=success, passed=0.0000, score=20.0000, speed_up=0.0060, runtime_ms=35.5000, meta={'hardware': 'NVIDIA L20Y', 'device': 'cuda:3', 'correctness_trials': '(5 / 5)', 'reference_timing_ms': 0.223, 'speed_up': 0.006, 'custom_timing': 35.5}
2025-08-08 01:15:38,800 - openevolve.controller - INFO - Saved checkpoint at iteration 3 to openevolve_output/level3_21_EfficientNetMBConv/checkpoints/checkpoint_3
2025-08-08 01:17:10,507 - openevolve.RemoteSpeedupEvaluator - INFO - [level3_21_EfficientNetMBConv] triton key words check pass
2025-08-08 01:17:10,508 - openevolve.RemoteSpeedupEvaluator - INFO - [level3_21_EfficientNetMBConv] verify_plus payload: reference_code(2304 chars) + custom_code(4347 chars)
2025-08-08 01:17:13,876 - openevolve.RemoteSpeedupEvaluator - INFO - [level3_21_EfficientNetMBConv] verify_plus request success
2025-08-08 01:17:13,876 - openevolve.RemoteSpeedupEvaluator - INFO - [level3_21_EfficientNetMBConv] verify_plus response: {"id":"level3_21_EfficientNetMBConv","result":{"compiled":true,"correctness":false,"metadata":{"hardware":"NVIDIA L20Y","device":"cuda:0","runtime_error":"Traceback (most recent call last):\n  File \"/home/lijiaxing/.conda/envs/api/lib/python3.10/site-packages/triton/language/core.py\", line 42, in wrapper\n    return fn(*args, **kwargs)\n  File \"/home/lijiaxing/.conda/envs/api/lib/python3.10/site-packages/triton/language/core.py\", line 2045, in dot\n    return _semantic.dot(input, other, acc, input_precision, max_num_imprecise_acc, out_dtype)\n  File \"/home/lijiaxing/.conda/envs/api/lib/python3.10/site-packages/triton/language/semantic.py\", line 1504, in dot\n    and rhs.shape[-1].value >= min_dot_size[1], \\\nAssertionError: Input shapes should have M >= 16, N >= 16 and K >= 16\n\nTh
2025-08-08 01:17:13,876 - openevolve.RemoteSpeedupEvaluator - INFO - [level3_21_EfficientNetMBConv] âœ˜ wrong_answer
2025-08-08 01:17:13,877 - openevolve.evaluator - INFO - Evaluated program d93b3800-c045-45e9-a414-b492d4d4d78b in 3.37s: compiled=1.0000, correctness=0.0000, score=10.0000, stage=wrong_answer, verify_payload={'id': 'level3_21_EfficientNetMBConv', 'result': {'compiled': True, 'correctness': False, 'metadata': {'hardware': 'NVIDIA L20Y', 'device': 'cuda:0', 'runtime_error': 'Traceback (most recent call last):\n  File "/home/lijiaxing/.conda/envs/api/lib/python3.10/site-packages/triton/language/core.py", line 42, in wrapper\n    return fn(*args, **kwargs)\n  File "/home/lijiaxing/.conda/envs/api/lib/python3.10/site-packages/triton/language/core.py", line 2045, in dot\n    return _semantic.dot(input, other, acc, input_precision, max_num_imprecise_acc, out_dtype)\n  File "/home/lijiaxing/.conda/envs/api/lib/python3.10/site-packages/triton/language/semantic.py", line 1504, in dot\n    and rhs.shape[-1].value >= min_dot_size[1], \\\nAssertionError: Input shapes should have M >= 16, N >= 16 and K >= 16\n\nThe above exception was the direct cause of the following exception:\n\nTraceback (most recent call last):\n  File "/cpfs01/shared/llm_kernel/hujiakai/KernelLLM/validation_api_server/helpers/evaluations.py", line 720, in run_and_check_correctness\n    output_new = model_new(*inputs)\n  File "/home/lijiaxing/.conda/envs/api/lib/python3.10/site-packages/torch/nn/modules/module.py", line 1773, in _wrapped_call_impl\n    return self._call_impl(*args, **kwargs)\n  File "/home/lijiaxing/.conda/envs/api/lib/python3.10/site-packages/torch/nn/modules/module.py", line 1784, in _call_impl\n    return forward_call(*args, **kwargs)\n  File "/tmp/tmpasaoldkx.py", line 99, in forward\n    x = self.expand_conv(x)\n  File "/home/lijiaxing/.conda/envs/api/lib/python3.10/site-packages/torch/nn/modules/module.py", line 1773, in _wrapped_call_impl\n    return self._call_impl(*args, **kwargs)\n  File "/home/lijiaxing/.conda/envs/api/lib/python3.10/site-packages/torch/nn/modules/module.py", line 1784, in _call_impl\n    return forward_call(*args, **kwargs)\n  File "/home/lijiaxing/.conda/envs/api/lib/python3.10/site-packages/torch/nn/modules/container.py", line 244, in forward\n    input = module(input)\n  File "/home/lijiaxing/.conda/envs/api/lib/python3.10/site-packages/torch/nn/modules/module.py", line 1773, in _wrapped_call_impl\n    return self._call_impl(*args, **kwargs)\n  File "/home/lijiaxing/.conda/envs/api/lib/python3.10/site-packages/torch/nn/modules/module.py", line 1784, in _call_impl\n    return forward_call(*args, **kwargs)\n  File "/tmp/tmpasaoldkx.py", line 60, in forward\n    conv1x1_kernel[grid](\n  File "/home/lijiaxing/.conda/envs/api/lib/python3.10/site-packages/triton/runtime/jit.py", line 390, in <lambda>\n    return lambda *args, **kwargs: self.run(grid=grid, warmup=False, *args, **kwargs)\n  File "/home/lijiaxing/.conda/envs/api/lib/python3.10/site-packages/triton/runtime/jit.py", line 594, in run\n    kernel = self.compile(src, target=target, options=options.__dict__)\n  File "/home/lijiaxing/.conda/envs/api/lib/python3.10/site-packages/triton/compiler/compiler.py", line 339, in compile\n    module = src.make_ir(options, codegen_fns, module_map, context)\n  File "/home/lijiaxing/.conda/envs/api/lib/python3.10/site-packages/triton/compiler/compiler.py", line 83, in make_ir\n    return ast_to_ttir(self.fn, self, context=context, options=options, codegen_fns=codegen_fns,\ntriton.compiler.errors.CompilationError: at 33:22:\n        k_offset = k * BLOCK_K\n        k_mask = k_offset + tl.arange(0, BLOCK_K) < in_channels\n\n        x_ptr_offset = b*stride_xb + h*stride_xh + w*stride_xw + (k_offset + tl.arange(0, BLOCK_K))*stride_xc\n        x_vals = tl.load(x_ptr + x_ptr_offset, mask=k_mask, other=0.0)\n\n        w_ptr_offset = (n_offset + tl.arange(0, BLOCK_N)[:, None])*stride_woc + (k_offset + tl.arange(0, BLOCK_K)[None, :])*stride_wic\n        w_vals = tl.load(w_ptr + w_ptr_offset, mask=n_mask[:, None] & k_mask[None, :], other=0.0)\n\n        # Optimized matrix multiplication using tensor cores\n        x_vec = x_vals[:, None]  # Shape: [BLOCK_K, 1]\n        dot_product = tl.dot(w_vals, x_vec)  # [BLOCK_N, 1]\n                      ^\n\n\nThe above exception was the direct cause of the following exception:\n\nTraceback (most recent call last):\n  File "/home/lijiaxing/.conda/envs/api/lib/python3.10/site-packages/triton/language/core.py", line 42, in wrapper\n    return fn(*args, **kwargs)\n  File "/home/lijiaxing/.conda/envs/api/lib/python3.10/site-packages/triton/language/core.py", line 2045, in dot\n    return _semantic.dot(input, other, acc, input_precision, max_num_imprecise_acc, out_dtype)\n  File "/home/lijiaxing/.conda/envs/api/lib/python3.10/site-packages/triton/language/semantic.py", line 1504, in dot\n    and rhs.shape[-1].value >= min_dot_size[1], \\\nAssertionError: Input shapes should have M >= 16, N >= 16 and K >= 16\n', 'runtime_error_name': 'triton.compiler.errors.CompilationError', 'reference_timing_ms': 0.223, 'speed_up': -1.0, 'custom_timing': -1.0}, 'runtime': -1.0, 'runtime_stats': {}}}
2025-08-08 01:17:13,880 - openevolve.llm.ensemble - INFO - Sampled model: deepseek
2025-08-08 01:17:13,886 - openevolve.database - INFO - New MAP-Elites cell occupied: {'score': 9, 'complexity': 6}
2025-08-08 01:17:13,899 - openevolve.threaded_parallel - INFO - Iteration 5: Program d93b3800-c045-45e9-a414-b492d4d4d78b (parent: 7ca774b0-b9e3-473a-9d47-3a066e4141f7) completed in 764.48s
2025-08-08 01:17:13,899 - openevolve.threaded_parallel - INFO - Metrics: compiled=1.0000, correctness=0.0000, score=10.0000, stage=wrong_answer, verify_payload={'id': 'level3_21_EfficientNetMBConv', 'result': {'compiled': True, 'correctness': False, 'metadata': {'hardware': 'NVIDIA L20Y', 'device': 'cuda:0', 'runtime_error': 'Traceback (most recent call last):\n  File "/home/lijiaxing/.conda/envs/api/lib/python3.10/site-packages/triton/language/core.py", line 42, in wrapper\n    return fn(*args, **kwargs)\n  File "/home/lijiaxing/.conda/envs/api/lib/python3.10/site-packages/triton/language/core.py", line 2045, in dot\n    return _semantic.dot(input, other, acc, input_precision, max_num_imprecise_acc, out_dtype)\n  File "/home/lijiaxing/.conda/envs/api/lib/python3.10/site-packages/triton/language/semantic.py", line 1504, in dot\n    and rhs.shape[-1].value >= min_dot_size[1], \\\nAssertionError: Input shapes should have M >= 16, N >= 16 and K >= 16\n\nThe above exception was the direct cause of the following exception:\n\nTraceback (most recent call last):\n  File "/cpfs01/shared/llm_kernel/hujiakai/KernelLLM/validation_api_server/helpers/evaluations.py", line 720, in run_and_check_correctness\n    output_new = model_new(*inputs)\n  File "/home/lijiaxing/.conda/envs/api/lib/python3.10/site-packages/torch/nn/modules/module.py", line 1773, in _wrapped_call_impl\n    return self._call_impl(*args, **kwargs)\n  File "/home/lijiaxing/.conda/envs/api/lib/python3.10/site-packages/torch/nn/modules/module.py", line 1784, in _call_impl\n    return forward_call(*args, **kwargs)\n  File "/tmp/tmpasaoldkx.py", line 99, in forward\n    x = self.expand_conv(x)\n  File "/home/lijiaxing/.conda/envs/api/lib/python3.10/site-packages/torch/nn/modules/module.py", line 1773, in _wrapped_call_impl\n    return self._call_impl(*args, **kwargs)\n  File "/home/lijiaxing/.conda/envs/api/lib/python3.10/site-packages/torch/nn/modules/module.py", line 1784, in _call_impl\n    return forward_call(*args, **kwargs)\n  File "/home/lijiaxing/.conda/envs/api/lib/python3.10/site-packages/torch/nn/modules/container.py", line 244, in forward\n    input = module(input)\n  File "/home/lijiaxing/.conda/envs/api/lib/python3.10/site-packages/torch/nn/modules/module.py", line 1773, in _wrapped_call_impl\n    return self._call_impl(*args, **kwargs)\n  File "/home/lijiaxing/.conda/envs/api/lib/python3.10/site-packages/torch/nn/modules/module.py", line 1784, in _call_impl\n    return forward_call(*args, **kwargs)\n  File "/tmp/tmpasaoldkx.py", line 60, in forward\n    conv1x1_kernel[grid](\n  File "/home/lijiaxing/.conda/envs/api/lib/python3.10/site-packages/triton/runtime/jit.py", line 390, in <lambda>\n    return lambda *args, **kwargs: self.run(grid=grid, warmup=False, *args, **kwargs)\n  File "/home/lijiaxing/.conda/envs/api/lib/python3.10/site-packages/triton/runtime/jit.py", line 594, in run\n    kernel = self.compile(src, target=target, options=options.__dict__)\n  File "/home/lijiaxing/.conda/envs/api/lib/python3.10/site-packages/triton/compiler/compiler.py", line 339, in compile\n    module = src.make_ir(options, codegen_fns, module_map, context)\n  File "/home/lijiaxing/.conda/envs/api/lib/python3.10/site-packages/triton/compiler/compiler.py", line 83, in make_ir\n    return ast_to_ttir(self.fn, self, context=context, options=options, codegen_fns=codegen_fns,\ntriton.compiler.errors.CompilationError: at 33:22:\n        k_offset = k * BLOCK_K\n        k_mask = k_offset + tl.arange(0, BLOCK_K) < in_channels\n\n        x_ptr_offset = b*stride_xb + h*stride_xh + w*stride_xw + (k_offset + tl.arange(0, BLOCK_K))*stride_xc\n        x_vals = tl.load(x_ptr + x_ptr_offset, mask=k_mask, other=0.0)\n\n        w_ptr_offset = (n_offset + tl.arange(0, BLOCK_N)[:, None])*stride_woc + (k_offset + tl.arange(0, BLOCK_K)[None, :])*stride_wic\n        w_vals = tl.load(w_ptr + w_ptr_offset, mask=n_mask[:, None] & k_mask[None, :], other=0.0)\n\n        # Optimized matrix multiplication using tensor cores\n        x_vec = x_vals[:, None]  # Shape: [BLOCK_K, 1]\n        dot_product = tl.dot(w_vals, x_vec)  # [BLOCK_N, 1]\n                      ^\n\n\nThe above exception was the direct cause of the following exception:\n\nTraceback (most recent call last):\n  File "/home/lijiaxing/.conda/envs/api/lib/python3.10/site-packages/triton/language/core.py", line 42, in wrapper\n    return fn(*args, **kwargs)\n  File "/home/lijiaxing/.conda/envs/api/lib/python3.10/site-packages/triton/language/core.py", line 2045, in dot\n    return _semantic.dot(input, other, acc, input_precision, max_num_imprecise_acc, out_dtype)\n  File "/home/lijiaxing/.conda/envs/api/lib/python3.10/site-packages/triton/language/semantic.py", line 1504, in dot\n    and rhs.shape[-1].value >= min_dot_size[1], \\\nAssertionError: Input shapes should have M >= 16, N >= 16 and K >= 16\n', 'runtime_error_name': 'triton.compiler.errors.CompilationError', 'reference_timing_ms': 0.223, 'speed_up': -1.0, 'custom_timing': -1.0}, 'runtime': -1.0, 'runtime_stats': {}}}
2025-08-08 01:24:29,896 - openevolve.RemoteSpeedupEvaluator - INFO - [level3_21_EfficientNetMBConv] triton key words check pass
2025-08-08 01:24:29,897 - openevolve.RemoteSpeedupEvaluator - INFO - [level3_21_EfficientNetMBConv] verify_plus payload: reference_code(2304 chars) + custom_code(5273 chars)
2025-08-08 01:24:34,684 - openevolve.RemoteSpeedupEvaluator - INFO - [level3_21_EfficientNetMBConv] verify_plus request success
2025-08-08 01:24:34,684 - openevolve.RemoteSpeedupEvaluator - INFO - [level3_21_EfficientNetMBConv] verify_plus response: {"id":"level3_21_EfficientNetMBConv","result":{"compiled":true,"correctness":false,"metadata":{"hardware":"NVIDIA L20Y","device":"cuda:1","max_difference":["8.624508","10.053205","9.901541","8.273981","9.627108"],"avg_difference":["1.111688","1.091982","1.095623","1.127319","1.091670"],"correctness_issue":"Output mismatch","correctness_trials":"(0 / 5)","reference_timing_ms":0.223,"speed_up":-1.0,"custom_timing":-1.0},"runtime":-1.0,"runtime_stats":{}}}
2025-08-08 01:24:34,684 - openevolve.RemoteSpeedupEvaluator - INFO - [level3_21_EfficientNetMBConv] âœ˜ wrong_answer
2025-08-08 01:24:34,684 - openevolve.evaluator - INFO - Evaluated program 75dd612c-09c7-4ecf-8c10-95aa16f7baa8 in 4.79s: compiled=1.0000, correctness=0.0000, score=10.0000, stage=wrong_answer, verify_payload={'id': 'level3_21_EfficientNetMBConv', 'result': {'compiled': True, 'correctness': False, 'metadata': {'hardware': 'NVIDIA L20Y', 'device': 'cuda:1', 'max_difference': ['8.624508', '10.053205', '9.901541', '8.273981', '9.627108'], 'avg_difference': ['1.111688', '1.091982', '1.095623', '1.127319', '1.091670'], 'correctness_issue': 'Output mismatch', 'correctness_trials': '(0 / 5)', 'reference_timing_ms': 0.223, 'speed_up': -1.0, 'custom_timing': -1.0}, 'runtime': -1.0, 'runtime_stats': {}}}
2025-08-08 01:24:34,688 - openevolve.llm.ensemble - INFO - Sampled model: deepseek
2025-08-08 01:24:34,706 - openevolve.threaded_parallel - INFO - Iteration 6: Program 75dd612c-09c7-4ecf-8c10-95aa16f7baa8 (parent: a9dcb235-cfeb-49eb-8d84-cb6c10103a66) completed in 603.34s
2025-08-08 01:24:34,706 - openevolve.threaded_parallel - INFO - Metrics: compiled=1.0000, correctness=0.0000, score=10.0000, stage=wrong_answer, verify_payload={'id': 'level3_21_EfficientNetMBConv', 'result': {'compiled': True, 'correctness': False, 'metadata': {'hardware': 'NVIDIA L20Y', 'device': 'cuda:1', 'max_difference': ['8.624508', '10.053205', '9.901541', '8.273981', '9.627108'], 'avg_difference': ['1.111688', '1.091982', '1.095623', '1.127319', '1.091670'], 'correctness_issue': 'Output mismatch', 'correctness_trials': '(0 / 5)', 'reference_timing_ms': 0.223, 'speed_up': -1.0, 'custom_timing': -1.0}, 'runtime': -1.0, 'runtime_stats': {}}}
2025-08-08 01:24:34,706 - openevolve.threaded_parallel - INFO - Checkpoint interval reached at iteration 6
2025-08-08 01:24:34,708 - openevolve.database - INFO - Island Status:
2025-08-08 01:24:34,708 - openevolve.database - INFO -    Island 0: 4 programs, best=20.0000, avg=10.0000, diversity=466.87, gen=2 (best: 7ca774b0-b9e3-473a-9d47-3a066e4141f7)
2025-08-08 01:24:34,708 - openevolve.database - INFO -    Island 1: 4 programs, best=20.0000, avg=12.5000, diversity=238.47, gen=3 (best: a9dcb235-cfeb-49eb-8d84-cb6c10103a66)
2025-08-08 01:24:34,708 - openevolve.database - INFO -  * Island 2: 2 programs, best=20.0000, avg=15.0000, diversity=254.50, gen=2 (best: 9540e240-1ff8-4187-a7d4-edf745d9b1a7)
2025-08-08 01:24:34,798 - openevolve.database - INFO - Saved database with 8 programs to openevolve_output/level3_21_EfficientNetMBConv/checkpoints/checkpoint_6
2025-08-08 01:24:34,814 - openevolve.controller - INFO - Saved best program at checkpoint 6 with metrics: compiled=1.0000, correctness=1.0000, stage=success, passed=0.0000, score=20.0000, speed_up=0.0060, runtime_ms=35.5000, meta={'hardware': 'NVIDIA L20Y', 'device': 'cuda:3', 'correctness_trials': '(5 / 5)', 'reference_timing_ms': 0.223, 'speed_up': 0.006, 'custom_timing': 35.5}
2025-08-08 01:24:34,814 - openevolve.controller - INFO - Saved checkpoint at iteration 6 to openevolve_output/level3_21_EfficientNetMBConv/checkpoints/checkpoint_6
2025-08-08 01:31:12,038 - openevolve.RemoteSpeedupEvaluator - INFO - [level3_21_EfficientNetMBConv] triton key words check pass
2025-08-08 01:31:12,040 - openevolve.RemoteSpeedupEvaluator - INFO - [level3_21_EfficientNetMBConv] verify_plus payload: reference_code(2304 chars) + custom_code(5497 chars)
2025-08-08 01:31:16,573 - openevolve.RemoteSpeedupEvaluator - INFO - [level3_21_EfficientNetMBConv] verify_plus request success
2025-08-08 01:31:16,573 - openevolve.RemoteSpeedupEvaluator - INFO - [level3_21_EfficientNetMBConv] verify_plus response: {"id":"level3_21_EfficientNetMBConv","result":{"compiled":true,"correctness":false,"metadata":{"hardware":"NVIDIA L20Y","device":"cuda:7","max_difference":["8.624106","10.039976","9.971140","8.271701","9.622320"],"avg_difference":["1.111665","1.091925","1.095847","1.127311","1.091609"],"correctness_issue":"Output mismatch","correctness_trials":"(0 / 5)","reference_timing_ms":0.223,"speed_up":-1.0,"custom_timing":-1.0},"runtime":-1.0,"runtime_stats":{}}}
2025-08-08 01:31:16,573 - openevolve.RemoteSpeedupEvaluator - INFO - [level3_21_EfficientNetMBConv] âœ˜ wrong_answer
2025-08-08 01:31:16,574 - openevolve.evaluator - INFO - Evaluated program ccfc054c-aa47-4beb-82a4-c81d5d72adaf in 4.54s: compiled=1.0000, correctness=0.0000, score=10.0000, stage=wrong_answer, verify_payload={'id': 'level3_21_EfficientNetMBConv', 'result': {'compiled': True, 'correctness': False, 'metadata': {'hardware': 'NVIDIA L20Y', 'device': 'cuda:7', 'max_difference': ['8.624106', '10.039976', '9.971140', '8.271701', '9.622320'], 'avg_difference': ['1.111665', '1.091925', '1.095847', '1.127311', '1.091609'], 'correctness_issue': 'Output mismatch', 'correctness_trials': '(0 / 5)', 'reference_timing_ms': 0.223, 'speed_up': -1.0, 'custom_timing': -1.0}, 'runtime': -1.0, 'runtime_stats': {}}}
2025-08-08 01:31:16,577 - openevolve.llm.ensemble - INFO - Sampled model: deepseek
2025-08-08 01:31:16,593 - openevolve.threaded_parallel - INFO - Iteration 9: Program ccfc054c-aa47-4beb-82a4-c81d5d72adaf (parent: a9dcb235-cfeb-49eb-8d84-cb6c10103a66) completed in 401.89s
2025-08-08 01:31:16,593 - openevolve.threaded_parallel - INFO - Metrics: compiled=1.0000, correctness=0.0000, score=10.0000, stage=wrong_answer, verify_payload={'id': 'level3_21_EfficientNetMBConv', 'result': {'compiled': True, 'correctness': False, 'metadata': {'hardware': 'NVIDIA L20Y', 'device': 'cuda:7', 'max_difference': ['8.624106', '10.039976', '9.971140', '8.271701', '9.622320'], 'avg_difference': ['1.111665', '1.091925', '1.095847', '1.127311', '1.091609'], 'correctness_issue': 'Output mismatch', 'correctness_trials': '(0 / 5)', 'reference_timing_ms': 0.223, 'speed_up': -1.0, 'custom_timing': -1.0}, 'runtime': -1.0, 'runtime_stats': {}}}
2025-08-08 01:31:16,593 - openevolve.threaded_parallel - INFO - Checkpoint interval reached at iteration 9
2025-08-08 01:31:16,595 - openevolve.database - INFO - Island Status:
2025-08-08 01:31:16,595 - openevolve.database - INFO -  * Island 0: 4 programs, best=20.0000, avg=10.0000, diversity=466.87, gen=3 (best: 7ca774b0-b9e3-473a-9d47-3a066e4141f7)
2025-08-08 01:31:16,595 - openevolve.database - INFO -    Island 1: 4 programs, best=20.0000, avg=12.5000, diversity=238.47, gen=3 (best: a9dcb235-cfeb-49eb-8d84-cb6c10103a66)
2025-08-08 01:31:16,595 - openevolve.database - INFO -    Island 2: 3 programs, best=20.0000, avg=13.3333, diversity=353.87, gen=2 (best: 9540e240-1ff8-4187-a7d4-edf745d9b1a7)
2025-08-08 01:31:16,702 - openevolve.database - INFO - Saved database with 9 programs to openevolve_output/level3_21_EfficientNetMBConv/checkpoints/checkpoint_9
2025-08-08 01:31:16,722 - openevolve.controller - INFO - Saved best program at checkpoint 9 with metrics: compiled=1.0000, correctness=1.0000, stage=success, passed=0.0000, score=20.0000, speed_up=0.0060, runtime_ms=35.5000, meta={'hardware': 'NVIDIA L20Y', 'device': 'cuda:3', 'correctness_trials': '(5 / 5)', 'reference_timing_ms': 0.223, 'speed_up': 0.006, 'custom_timing': 35.5}
2025-08-08 01:31:16,722 - openevolve.controller - INFO - Saved checkpoint at iteration 9 to openevolve_output/level3_21_EfficientNetMBConv/checkpoints/checkpoint_9
2025-08-08 01:31:40,708 - openevolve.RemoteSpeedupEvaluator - INFO - [level3_21_EfficientNetMBConv] triton key words check pass
2025-08-08 01:31:40,709 - openevolve.RemoteSpeedupEvaluator - INFO - [level3_21_EfficientNetMBConv] verify_plus payload: reference_code(2304 chars) + custom_code(7250 chars)
2025-08-08 01:31:46,237 - openevolve.RemoteSpeedupEvaluator - INFO - [level3_21_EfficientNetMBConv] verify_plus request success
2025-08-08 01:31:46,239 - openevolve.RemoteSpeedupEvaluator - INFO - [level3_21_EfficientNetMBConv] verify_plus response: {"id":"level3_21_EfficientNetMBConv","result":{"compiled":true,"correctness":false,"metadata":{"hardware":"NVIDIA L20Y","device":"cuda:6","max_difference":["8.612193","8.206987","8.264012","8.627005","8.429837"],"avg_difference":["1.219000","1.218984","1.218876","1.218949","1.219108"],"correctness_issue":"Output mismatch","correctness_trials":"(0 / 5)","reference_timing_ms":0.223,"speed_up":-1.0,"custom_timing":-1.0},"runtime":-1.0,"runtime_stats":{}}}
2025-08-08 01:31:46,239 - openevolve.RemoteSpeedupEvaluator - INFO - [level3_21_EfficientNetMBConv] âœ˜ wrong_answer
2025-08-08 01:31:46,239 - openevolve.evaluator - INFO - Evaluated program a3ef5efa-12f6-4b2b-941a-8da7a2ee04c5 in 5.53s: compiled=1.0000, correctness=0.0000, score=10.0000, stage=wrong_answer, verify_payload={'id': 'level3_21_EfficientNetMBConv', 'result': {'compiled': True, 'correctness': False, 'metadata': {'hardware': 'NVIDIA L20Y', 'device': 'cuda:6', 'max_difference': ['8.612193', '8.206987', '8.264012', '8.627005', '8.429837'], 'avg_difference': ['1.219000', '1.218984', '1.218876', '1.218949', '1.219108'], 'correctness_issue': 'Output mismatch', 'correctness_trials': '(0 / 5)', 'reference_timing_ms': 0.223, 'speed_up': -1.0, 'custom_timing': -1.0}, 'runtime': -1.0, 'runtime_stats': {}}}
2025-08-08 01:31:46,243 - openevolve.llm.ensemble - INFO - Sampled model: deepseek
2025-08-08 01:31:46,254 - openevolve.threaded_parallel - INFO - Iteration 8: Program a3ef5efa-12f6-4b2b-941a-8da7a2ee04c5 (parent: 47d7b57d-9383-485d-a57c-572cb8c6e790) completed in 872.36s
2025-08-08 01:31:46,254 - openevolve.threaded_parallel - INFO - Metrics: compiled=1.0000, correctness=0.0000, score=10.0000, stage=wrong_answer, verify_payload={'id': 'level3_21_EfficientNetMBConv', 'result': {'compiled': True, 'correctness': False, 'metadata': {'hardware': 'NVIDIA L20Y', 'device': 'cuda:6', 'max_difference': ['8.612193', '8.206987', '8.264012', '8.627005', '8.429837'], 'avg_difference': ['1.219000', '1.218984', '1.218876', '1.218949', '1.219108'], 'correctness_issue': 'Output mismatch', 'correctness_trials': '(0 / 5)', 'reference_timing_ms': 0.223, 'speed_up': -1.0, 'custom_timing': -1.0}, 'runtime': -1.0, 'runtime_stats': {}}}
2025-08-08 01:33:21,928 - openevolve.RemoteSpeedupEvaluator - INFO - [level3_21_EfficientNetMBConv] triton key words check pass
2025-08-08 01:33:21,930 - openevolve.RemoteSpeedupEvaluator - INFO - [level3_21_EfficientNetMBConv] verify_plus payload: reference_code(2304 chars) + custom_code(4336 chars)
2025-08-08 01:33:32,095 - openevolve.RemoteSpeedupEvaluator - INFO - [level3_21_EfficientNetMBConv] verify_plus request success
2025-08-08 01:33:32,095 - openevolve.RemoteSpeedupEvaluator - INFO - [level3_21_EfficientNetMBConv] verify_plus response: {"id":"level3_21_EfficientNetMBConv","result":{"compiled":true,"correctness":true,"metadata":{"hardware":"NVIDIA L20Y","device":"cuda:2","correctness_trials":"(5 / 5)","reference_timing_ms":0.223,"speed_up":0.005,"custom_timing":47.4},"runtime":47.4,"runtime_stats":{"mean":47.4,"std":0.0872,"min":47.1,"max":47.7,"num_trials":100,"hardware":"NVIDIA L20Y","device":"cuda:2"}}}
2025-08-08 01:33:32,096 - openevolve.RemoteSpeedupEvaluator - INFO - [level3_21_EfficientNetMBConv] âœ” success | speed_up=0.005  score=20.00
2025-08-08 01:33:32,096 - openevolve.evaluator - INFO - Evaluated program a797e2a0-08f2-4421-96ce-fcbb3d75c5d3 in 10.17s: compiled=1.0000, correctness=1.0000, stage=success, passed=0.0000, score=20.0000, speed_up=0.0050, runtime_ms=47.4000, meta={'hardware': 'NVIDIA L20Y', 'device': 'cuda:2', 'correctness_trials': '(5 / 5)', 'reference_timing_ms': 0.223, 'speed_up': 0.005, 'custom_timing': 47.4}
2025-08-08 01:33:32,101 - openevolve.llm.ensemble - INFO - Sampled model: deepseek
2025-08-08 01:33:32,101 - openevolve.database - INFO - New MAP-Elites cell occupied: {'score': 9, 'complexity': 3}
2025-08-08 01:33:32,114 - openevolve.threaded_parallel - INFO - Iteration 7: Program a797e2a0-08f2-4421-96ce-fcbb3d75c5d3 (parent: 7ca774b0-b9e3-473a-9d47-3a066e4141f7) completed in 1073.40s
2025-08-08 01:33:32,114 - openevolve.threaded_parallel - INFO - Metrics: compiled=1.0000, correctness=1.0000, stage=success, passed=0.0000, score=20.0000, speed_up=0.0050, runtime_ms=47.4000, meta={'hardware': 'NVIDIA L20Y', 'device': 'cuda:2', 'correctness_trials': '(5 / 5)', 'reference_timing_ms': 0.223, 'speed_up': 0.005, 'custom_timing': 47.4}
2025-08-08 01:38:39,595 - openevolve.RemoteSpeedupEvaluator - INFO - [level3_21_EfficientNetMBConv] âœ˜ invalid_answer 'tl.load' is not found
2025-08-08 01:38:39,596 - openevolve.evaluator - INFO - Evaluated program ef9933a1-b69a-496b-9a57-bf5ff898d34b in 0.00s: compiled=0.0000, correctness=0.0000, score=-100.0000, stage=no_valid_triton_code, feedback=You need to generate real and valid triton code for the core function. The key word 'tl.load' is not found.
2025-08-08 01:38:39,600 - openevolve.llm.ensemble - INFO - Sampled model: deepseek
2025-08-08 01:38:39,602 - openevolve.database - INFO - New MAP-Elites cell occupied: {'score': -1000, 'complexity': 0}
2025-08-08 01:38:39,609 - openevolve.threaded_parallel - INFO - Iteration 12: Program ef9933a1-b69a-496b-9a57-bf5ff898d34b (parent: 75dd612c-09c7-4ecf-8c10-95aa16f7baa8) completed in 307.50s
2025-08-08 01:38:39,609 - openevolve.threaded_parallel - INFO - Metrics: compiled=0.0000, correctness=0.0000, score=-100.0000, stage=no_valid_triton_code, feedback=You need to generate real and valid triton code for the core function. The key word 'tl.load' is not found.
2025-08-08 01:38:39,609 - openevolve.threaded_parallel - INFO - Checkpoint interval reached at iteration 12
2025-08-08 01:38:39,612 - openevolve.database - INFO - Island Status:
2025-08-08 01:38:39,612 - openevolve.database - INFO -  * Island 0: 5 programs, best=20.0000, avg=10.0000, diversity=743.23, gen=4 (best: 7ca774b0-b9e3-473a-9d47-3a066e4141f7)
2025-08-08 01:38:39,612 - openevolve.database - INFO -    Island 1: 5 programs, best=20.0000, avg=14.0000, diversity=262.53, gen=4 (best: a797e2a0-08f2-4421-96ce-fcbb3d75c5d3)
2025-08-08 01:38:39,612 - openevolve.database - INFO -    Island 2: 4 programs, best=20.0000, avg=-15.0000, diversity=990.27, gen=3 (best: 9540e240-1ff8-4187-a7d4-edf745d9b1a7)
2025-08-08 01:38:39,751 - openevolve.database - INFO - Saved database with 12 programs to openevolve_output/level3_21_EfficientNetMBConv/checkpoints/checkpoint_12
2025-08-08 01:38:39,767 - openevolve.controller - INFO - Saved best program at checkpoint 12 with metrics: compiled=1.0000, correctness=1.0000, stage=success, passed=0.0000, score=20.0000, speed_up=0.0060, runtime_ms=35.5000, meta={'hardware': 'NVIDIA L20Y', 'device': 'cuda:3', 'correctness_trials': '(5 / 5)', 'reference_timing_ms': 0.223, 'speed_up': 0.006, 'custom_timing': 35.5}
2025-08-08 01:38:39,768 - openevolve.controller - INFO - Saved checkpoint at iteration 12 to openevolve_output/level3_21_EfficientNetMBConv/checkpoints/checkpoint_12
2025-08-08 01:42:28,691 - openevolve.RemoteSpeedupEvaluator - INFO - [level3_21_EfficientNetMBConv] triton key words check pass
2025-08-08 01:42:28,693 - openevolve.RemoteSpeedupEvaluator - INFO - [level3_21_EfficientNetMBConv] verify_plus payload: reference_code(2304 chars) + custom_code(4140 chars)
2025-08-08 01:42:37,509 - openevolve.RemoteSpeedupEvaluator - INFO - [level3_21_EfficientNetMBConv] verify_plus request success
2025-08-08 01:42:37,509 - openevolve.RemoteSpeedupEvaluator - INFO - [level3_21_EfficientNetMBConv] verify_plus response: {"id":"level3_21_EfficientNetMBConv","result":{"compiled":true,"correctness":true,"metadata":{"hardware":"NVIDIA L20Y","device":"cuda:0","correctness_trials":"(5 / 5)","reference_timing_ms":0.223,"speed_up":0.006,"custom_timing":35.5},"runtime":35.5,"runtime_stats":{"mean":35.5,"std":0.145,"min":35.4,"max":36.8,"num_trials":100,"hardware":"NVIDIA L20Y","device":"cuda:0"}}}
2025-08-08 01:42:37,509 - openevolve.RemoteSpeedupEvaluator - INFO - [level3_21_EfficientNetMBConv] âœ” success | speed_up=0.006  score=20.00
2025-08-08 01:42:37,510 - openevolve.evaluator - INFO - Evaluated program 1a44ccc8-1c80-44dd-8c16-4077b3cd20f4 in 8.82s: compiled=1.0000, correctness=1.0000, stage=success, passed=0.0000, score=20.0000, speed_up=0.0060, runtime_ms=35.5000, meta={'hardware': 'NVIDIA L20Y', 'device': 'cuda:0', 'correctness_trials': '(5 / 5)', 'reference_timing_ms': 0.223, 'speed_up': 0.006, 'custom_timing': 35.5}
2025-08-08 01:42:37,513 - openevolve.llm.ensemble - INFO - Sampled model: deepseek
2025-08-08 01:42:37,522 - openevolve.threaded_parallel - INFO - Iteration 13: Program 1a44ccc8-1c80-44dd-8c16-4077b3cd20f4 (parent: 9540e240-1ff8-4187-a7d4-edf745d9b1a7) completed in 237.91s
2025-08-08 01:42:37,523 - openevolve.threaded_parallel - INFO - Metrics: compiled=1.0000, correctness=1.0000, stage=success, passed=0.0000, score=20.0000, speed_up=0.0060, runtime_ms=35.5000, meta={'hardware': 'NVIDIA L20Y', 'device': 'cuda:0', 'correctness_trials': '(5 / 5)', 'reference_timing_ms': 0.223, 'speed_up': 0.006, 'custom_timing': 35.5}
2025-08-08 01:45:42,151 - openevolve.RemoteSpeedupEvaluator - INFO - [level3_21_EfficientNetMBConv] triton key words check pass
2025-08-08 01:45:42,152 - openevolve.RemoteSpeedupEvaluator - INFO - [level3_21_EfficientNetMBConv] verify_plus payload: reference_code(2304 chars) + custom_code(4642 chars)
2025-08-08 01:45:45,676 - openevolve.RemoteSpeedupEvaluator - INFO - [level3_21_EfficientNetMBConv] verify_plus request success
2025-08-08 01:45:45,676 - openevolve.RemoteSpeedupEvaluator - INFO - [level3_21_EfficientNetMBConv] verify_plus response: {"id":"level3_21_EfficientNetMBConv","result":{"compiled":true,"correctness":false,"metadata":{"hardware":"NVIDIA L20Y","device":"cuda:3","runtime_error":"Traceback (most recent call last):\n  File \"/home/lijiaxing/.conda/envs/api/lib/python3.10/site-packages/triton/language/core.py\", line 42, in wrapper\n    return fn(*args, **kwargs)\nTypeError: dot() got an unexpected keyword argument 'trans_b'\n\nThe above exception was the direct cause of the following exception:\n\nTraceback (most recent call last):\n  File \"/cpfs01/shared/llm_kernel/hujiakai/KernelLLM/validation_api_server/helpers/evaluations.py\", line 720, in run_and_check_correctness\n    output_new = model_new(*inputs)\n  File \"/home/lijiaxing/.conda/envs/api/lib/python3.10/site-packages/torch/nn/modules/module.py\", line 17
2025-08-08 01:45:45,676 - openevolve.RemoteSpeedupEvaluator - INFO - [level3_21_EfficientNetMBConv] âœ˜ wrong_answer
2025-08-08 01:45:45,676 - openevolve.evaluator - INFO - Evaluated program 138abd2e-f5bc-4bed-ba0b-03ea5ecdce0c in 3.53s: compiled=1.0000, correctness=0.0000, score=10.0000, stage=wrong_answer, verify_payload={'id': 'level3_21_EfficientNetMBConv', 'result': {'compiled': True, 'correctness': False, 'metadata': {'hardware': 'NVIDIA L20Y', 'device': 'cuda:3', 'runtime_error': 'Traceback (most recent call last):\n  File "/home/lijiaxing/.conda/envs/api/lib/python3.10/site-packages/triton/language/core.py", line 42, in wrapper\n    return fn(*args, **kwargs)\nTypeError: dot() got an unexpected keyword argument \'trans_b\'\n\nThe above exception was the direct cause of the following exception:\n\nTraceback (most recent call last):\n  File "/cpfs01/shared/llm_kernel/hujiakai/KernelLLM/validation_api_server/helpers/evaluations.py", line 720, in run_and_check_correctness\n    output_new = model_new(*inputs)\n  File "/home/lijiaxing/.conda/envs/api/lib/python3.10/site-packages/torch/nn/modules/module.py", line 1773, in _wrapped_call_impl\n    return self._call_impl(*args, **kwargs)\n  File "/home/lijiaxing/.conda/envs/api/lib/python3.10/site-packages/torch/nn/modules/module.py", line 1784, in _call_impl\n    return forward_call(*args, **kwargs)\n  File "/tmp/tmpidhw0rac.py", line 106, in forward\n    x = self.expand_conv(x)\n  File "/home/lijiaxing/.conda/envs/api/lib/python3.10/site-packages/torch/nn/modules/module.py", line 1773, in _wrapped_call_impl\n    return self._call_impl(*args, **kwargs)\n  File "/home/lijiaxing/.conda/envs/api/lib/python3.10/site-packages/torch/nn/modules/module.py", line 1784, in _call_impl\n    return forward_call(*args, **kwargs)\n  File "/home/lijiaxing/.conda/envs/api/lib/python3.10/site-packages/torch/nn/modules/container.py", line 244, in forward\n    input = module(input)\n  File "/home/lijiaxing/.conda/envs/api/lib/python3.10/site-packages/torch/nn/modules/module.py", line 1773, in _wrapped_call_impl\n    return self._call_impl(*args, **kwargs)\n  File "/home/lijiaxing/.conda/envs/api/lib/python3.10/site-packages/torch/nn/modules/module.py", line 1784, in _call_impl\n    return forward_call(*args, **kwargs)\n  File "/tmp/tmpidhw0rac.py", line 67, in forward\n    conv1x1_kernel[grid](\n  File "/home/lijiaxing/.conda/envs/api/lib/python3.10/site-packages/triton/runtime/jit.py", line 390, in <lambda>\n    return lambda *args, **kwargs: self.run(grid=grid, warmup=False, *args, **kwargs)\n  File "/home/lijiaxing/.conda/envs/api/lib/python3.10/site-packages/triton/runtime/jit.py", line 594, in run\n    kernel = self.compile(src, target=target, options=options.__dict__)\n  File "/home/lijiaxing/.conda/envs/api/lib/python3.10/site-packages/triton/compiler/compiler.py", line 339, in compile\n    module = src.make_ir(options, codegen_fns, module_map, context)\n  File "/home/lijiaxing/.conda/envs/api/lib/python3.10/site-packages/triton/compiler/compiler.py", line 83, in make_ir\n    return ast_to_ttir(self.fn, self, context=context, options=options, codegen_fns=codegen_fns,\ntriton.compiler.errors.CompilationError: at 36:20:\n        # Load input vector with vectorized access\n        x_ptr_offset = b*stride_xb + h*stride_xh + w*stride_xw + (k_offset + tl.arange(0, BLOCK_K))\n        x_vals = tl.load(x_ptr + x_ptr_offset, mask=k_mask, other=0.0, cache_modifier=".cg").to(tl.float16)\n\n        # Load weight matrix with vectorized access\n        w_ptr_offset = (n_offset + tl.arange(0, BLOCK_N)[:, None])*stride_woc + (k_offset + tl.arange(0, BLOCK_K)[None, :])\n        w_vals = tl.load(w_ptr + w_ptr_offset, mask=n_mask[:, None] & k_mask[None, :], other=0.0, cache_modifier=".cg").to(tl.float16)\n\n        # Compute with tensor cores\n        x_vec = tl.reshape(x_vals, (1, BLOCK_K))\n        w_mat = w_vals\n        acc_block = tl.dot(x_vec, w_mat, trans_b=True)\n                    ^\n\n\nThe above exception was the direct cause of the following exception:\n\nTraceback (most recent call last):\n  File "/home/lijiaxing/.conda/envs/api/lib/python3.10/site-packages/triton/language/core.py", line 42, in wrapper\n    return fn(*args, **kwargs)\nTypeError: dot() got an unexpected keyword argument \'trans_b\'\n', 'runtime_error_name': 'triton.compiler.errors.CompilationError', 'reference_timing_ms': 0.223, 'speed_up': -1.0, 'custom_timing': -1.0}, 'runtime': -1.0, 'runtime_stats': {}}}
2025-08-08 01:45:45,680 - openevolve.llm.ensemble - INFO - Sampled model: deepseek
2025-08-08 01:45:45,699 - openevolve.threaded_parallel - INFO - Iteration 11: Program 138abd2e-f5bc-4bed-ba0b-03ea5ecdce0c (parent: 7ca774b0-b9e3-473a-9d47-3a066e4141f7) completed in 839.43s
2025-08-08 01:45:45,699 - openevolve.threaded_parallel - INFO - Metrics: compiled=1.0000, correctness=0.0000, score=10.0000, stage=wrong_answer, verify_payload={'id': 'level3_21_EfficientNetMBConv', 'result': {'compiled': True, 'correctness': False, 'metadata': {'hardware': 'NVIDIA L20Y', 'device': 'cuda:3', 'runtime_error': 'Traceback (most recent call last):\n  File "/home/lijiaxing/.conda/envs/api/lib/python3.10/site-packages/triton/language/core.py", line 42, in wrapper\n    return fn(*args, **kwargs)\nTypeError: dot() got an unexpected keyword argument \'trans_b\'\n\nThe above exception was the direct cause of the following exception:\n\nTraceback (most recent call last):\n  File "/cpfs01/shared/llm_kernel/hujiakai/KernelLLM/validation_api_server/helpers/evaluations.py", line 720, in run_and_check_correctness\n    output_new = model_new(*inputs)\n  File "/home/lijiaxing/.conda/envs/api/lib/python3.10/site-packages/torch/nn/modules/module.py", line 1773, in _wrapped_call_impl\n    return self._call_impl(*args, **kwargs)\n  File "/home/lijiaxing/.conda/envs/api/lib/python3.10/site-packages/torch/nn/modules/module.py", line 1784, in _call_impl\n    return forward_call(*args, **kwargs)\n  File "/tmp/tmpidhw0rac.py", line 106, in forward\n    x = self.expand_conv(x)\n  File "/home/lijiaxing/.conda/envs/api/lib/python3.10/site-packages/torch/nn/modules/module.py", line 1773, in _wrapped_call_impl\n    return self._call_impl(*args, **kwargs)\n  File "/home/lijiaxing/.conda/envs/api/lib/python3.10/site-packages/torch/nn/modules/module.py", line 1784, in _call_impl\n    return forward_call(*args, **kwargs)\n  File "/home/lijiaxing/.conda/envs/api/lib/python3.10/site-packages/torch/nn/modules/container.py", line 244, in forward\n    input = module(input)\n  File "/home/lijiaxing/.conda/envs/api/lib/python3.10/site-packages/torch/nn/modules/module.py", line 1773, in _wrapped_call_impl\n    return self._call_impl(*args, **kwargs)\n  File "/home/lijiaxing/.conda/envs/api/lib/python3.10/site-packages/torch/nn/modules/module.py", line 1784, in _call_impl\n    return forward_call(*args, **kwargs)\n  File "/tmp/tmpidhw0rac.py", line 67, in forward\n    conv1x1_kernel[grid](\n  File "/home/lijiaxing/.conda/envs/api/lib/python3.10/site-packages/triton/runtime/jit.py", line 390, in <lambda>\n    return lambda *args, **kwargs: self.run(grid=grid, warmup=False, *args, **kwargs)\n  File "/home/lijiaxing/.conda/envs/api/lib/python3.10/site-packages/triton/runtime/jit.py", line 594, in run\n    kernel = self.compile(src, target=target, options=options.__dict__)\n  File "/home/lijiaxing/.conda/envs/api/lib/python3.10/site-packages/triton/compiler/compiler.py", line 339, in compile\n    module = src.make_ir(options, codegen_fns, module_map, context)\n  File "/home/lijiaxing/.conda/envs/api/lib/python3.10/site-packages/triton/compiler/compiler.py", line 83, in make_ir\n    return ast_to_ttir(self.fn, self, context=context, options=options, codegen_fns=codegen_fns,\ntriton.compiler.errors.CompilationError: at 36:20:\n        # Load input vector with vectorized access\n        x_ptr_offset = b*stride_xb + h*stride_xh + w*stride_xw + (k_offset + tl.arange(0, BLOCK_K))\n        x_vals = tl.load(x_ptr + x_ptr_offset, mask=k_mask, other=0.0, cache_modifier=".cg").to(tl.float16)\n\n        # Load weight matrix with vectorized access\n        w_ptr_offset = (n_offset + tl.arange(0, BLOCK_N)[:, None])*stride_woc + (k_offset + tl.arange(0, BLOCK_K)[None, :])\n        w_vals = tl.load(w_ptr + w_ptr_offset, mask=n_mask[:, None] & k_mask[None, :], other=0.0, cache_modifier=".cg").to(tl.float16)\n\n        # Compute with tensor cores\n        x_vec = tl.reshape(x_vals, (1, BLOCK_K))\n        w_mat = w_vals\n        acc_block = tl.dot(x_vec, w_mat, trans_b=True)\n                    ^\n\n\nThe above exception was the direct cause of the following exception:\n\nTraceback (most recent call last):\n  File "/home/lijiaxing/.conda/envs/api/lib/python3.10/site-packages/triton/language/core.py", line 42, in wrapper\n    return fn(*args, **kwargs)\nTypeError: dot() got an unexpected keyword argument \'trans_b\'\n', 'runtime_error_name': 'triton.compiler.errors.CompilationError', 'reference_timing_ms': 0.223, 'speed_up': -1.0, 'custom_timing': -1.0}, 'runtime': -1.0, 'runtime_stats': {}}}
2025-08-08 01:47:24,782 - openevolve.RemoteSpeedupEvaluator - INFO - [level3_21_EfficientNetMBConv] triton key words check pass
2025-08-08 01:47:24,784 - openevolve.RemoteSpeedupEvaluator - INFO - [level3_21_EfficientNetMBConv] verify_plus payload: reference_code(2304 chars) + custom_code(7695 chars)
2025-08-08 01:47:30,111 - openevolve.RemoteSpeedupEvaluator - INFO - [level3_21_EfficientNetMBConv] verify_plus request success
2025-08-08 01:47:30,111 - openevolve.RemoteSpeedupEvaluator - INFO - [level3_21_EfficientNetMBConv] verify_plus response: {"id":"level3_21_EfficientNetMBConv","result":{"compiled":true,"correctness":false,"metadata":{"hardware":"NVIDIA L20Y","device":"cuda:6","max_difference":["8.612193","8.206987","8.264012","8.627005","8.429837"],"avg_difference":["1.219000","1.218984","1.218876","1.218949","1.219108"],"correctness_issue":"Output mismatch","correctness_trials":"(0 / 5)","reference_timing_ms":0.223,"speed_up":-1.0,"custom_timing":-1.0},"runtime":-1.0,"runtime_stats":{}}}
2025-08-08 01:47:30,112 - openevolve.RemoteSpeedupEvaluator - INFO - [level3_21_EfficientNetMBConv] âœ˜ wrong_answer
2025-08-08 01:47:30,112 - openevolve.evaluator - INFO - Evaluated program 8e251f3e-9ad6-4405-af6e-e2b52f913049 in 5.33s: compiled=1.0000, correctness=0.0000, score=10.0000, stage=wrong_answer, verify_payload={'id': 'level3_21_EfficientNetMBConv', 'result': {'compiled': True, 'correctness': False, 'metadata': {'hardware': 'NVIDIA L20Y', 'device': 'cuda:6', 'max_difference': ['8.612193', '8.206987', '8.264012', '8.627005', '8.429837'], 'avg_difference': ['1.219000', '1.218984', '1.218876', '1.218949', '1.219108'], 'correctness_issue': 'Output mismatch', 'correctness_trials': '(0 / 5)', 'reference_timing_ms': 0.223, 'speed_up': -1.0, 'custom_timing': -1.0}, 'runtime': -1.0, 'runtime_stats': {}}}
2025-08-08 01:47:30,115 - openevolve.llm.ensemble - INFO - Sampled model: deepseek
2025-08-08 01:47:30,131 - openevolve.threaded_parallel - INFO - Iteration 14: Program 8e251f3e-9ad6-4405-af6e-e2b52f913049 (parent: a3ef5efa-12f6-4b2b-941a-8da7a2ee04c5) completed in 292.60s
2025-08-08 01:47:30,132 - openevolve.threaded_parallel - INFO - Metrics: compiled=1.0000, correctness=0.0000, score=10.0000, stage=wrong_answer, verify_payload={'id': 'level3_21_EfficientNetMBConv', 'result': {'compiled': True, 'correctness': False, 'metadata': {'hardware': 'NVIDIA L20Y', 'device': 'cuda:6', 'max_difference': ['8.612193', '8.206987', '8.264012', '8.627005', '8.429837'], 'avg_difference': ['1.219000', '1.218984', '1.218876', '1.218949', '1.219108'], 'correctness_issue': 'Output mismatch', 'correctness_trials': '(0 / 5)', 'reference_timing_ms': 0.223, 'speed_up': -1.0, 'custom_timing': -1.0}, 'runtime': -1.0, 'runtime_stats': {}}}
2025-08-08 01:47:35,665 - openevolve.RemoteSpeedupEvaluator - INFO - [level3_21_EfficientNetMBConv] triton key words check pass
2025-08-08 01:47:35,666 - openevolve.RemoteSpeedupEvaluator - INFO - [level3_21_EfficientNetMBConv] verify_plus payload: reference_code(2304 chars) + custom_code(4676 chars)
2025-08-08 01:47:38,674 - openevolve.RemoteSpeedupEvaluator - INFO - [level3_21_EfficientNetMBConv] verify_plus request success
2025-08-08 01:47:38,674 - openevolve.RemoteSpeedupEvaluator - INFO - [level3_21_EfficientNetMBConv] verify_plus response: {"id":"level3_21_EfficientNetMBConv","result":{"compiled":true,"correctness":false,"metadata":{"hardware":"NVIDIA L20Y","device":"cuda:3","runtime_error":"Traceback (most recent call last):\n  File \"/cpfs01/shared/llm_kernel/hujiakai/KernelLLM/validation_api_server/helpers/evaluations.py\", line 720, in run_and_check_correctness\n    output_new = model_new(*inputs)\n  File \"/home/lijiaxing/.conda/envs/api/lib/python3.10/site-packages/torch/nn/modules/module.py\", line 1773, in _wrapped_call_impl\n    return self._call_impl(*args, **kwargs)\n  File \"/home/lijiaxing/.conda/envs/api/lib/python3.10/site-packages/torch/nn/modules/module.py\", line 1784, in _call_impl\n    return forward_call(*args, **kwargs)\n  File \"/tmp/tmpzmev8vnq.py\", line 109, in forward\n    x = self.expand_conv(x)\n
2025-08-08 01:47:38,674 - openevolve.RemoteSpeedupEvaluator - INFO - [level3_21_EfficientNetMBConv] âœ˜ wrong_answer
2025-08-08 01:47:38,675 - openevolve.evaluator - INFO - Evaluated program 4412325a-afc9-4025-91ed-f91e6621248d in 3.01s: compiled=1.0000, correctness=0.0000, score=10.0000, stage=wrong_answer, verify_payload={'id': 'level3_21_EfficientNetMBConv', 'result': {'compiled': True, 'correctness': False, 'metadata': {'hardware': 'NVIDIA L20Y', 'device': 'cuda:3', 'runtime_error': 'Traceback (most recent call last):\n  File "/cpfs01/shared/llm_kernel/hujiakai/KernelLLM/validation_api_server/helpers/evaluations.py", line 720, in run_and_check_correctness\n    output_new = model_new(*inputs)\n  File "/home/lijiaxing/.conda/envs/api/lib/python3.10/site-packages/torch/nn/modules/module.py", line 1773, in _wrapped_call_impl\n    return self._call_impl(*args, **kwargs)\n  File "/home/lijiaxing/.conda/envs/api/lib/python3.10/site-packages/torch/nn/modules/module.py", line 1784, in _call_impl\n    return forward_call(*args, **kwargs)\n  File "/tmp/tmpzmev8vnq.py", line 109, in forward\n    x = self.expand_conv(x)\n  File "/home/lijiaxing/.conda/envs/api/lib/python3.10/site-packages/torch/nn/modules/module.py", line 1773, in _wrapped_call_impl\n    return self._call_impl(*args, **kwargs)\n  File "/home/lijiaxing/.conda/envs/api/lib/python3.10/site-packages/torch/nn/modules/module.py", line 1784, in _call_impl\n    return forward_call(*args, **kwargs)\n  File "/home/lijiaxing/.conda/envs/api/lib/python3.10/site-packages/torch/nn/modules/container.py", line 244, in forward\n    input = module(input)\n  File "/home/lijiaxing/.conda/envs/api/lib/python3.10/site-packages/torch/nn/modules/module.py", line 1773, in _wrapped_call_impl\n    return self._call_impl(*args, **kwargs)\n  File "/home/lijiaxing/.conda/envs/api/lib/python3.10/site-packages/torch/nn/modules/module.py", line 1784, in _call_impl\n    return forward_call(*args, **kwargs)\n  File "/tmp/tmpzmev8vnq.py", line 70, in forward\n    conv1x1_kernel[grid](\n  File "/home/lijiaxing/.conda/envs/api/lib/python3.10/site-packages/triton/runtime/jit.py", line 390, in <lambda>\n    return lambda *args, **kwargs: self.run(grid=grid, warmup=False, *args, **kwargs)\n  File "/home/lijiaxing/.conda/envs/api/lib/python3.10/site-packages/triton/runtime/autotuner.py", line 239, in run\n    benchmark()\n  File "/home/lijiaxing/.conda/envs/api/lib/python3.10/site-packages/triton/runtime/autotuner.py", line 228, in benchmark\n    timings = {config: self._bench(*args, config=config, **kwargs) for config in pruned_configs}\n  File "/home/lijiaxing/.conda/envs/api/lib/python3.10/site-packages/triton/runtime/autotuner.py", line 228, in <dictcomp>\n    timings = {config: self._bench(*args, config=config, **kwargs) for config in pruned_configs}\n  File "/home/lijiaxing/.conda/envs/api/lib/python3.10/site-packages/triton/runtime/autotuner.py", line 135, in _bench\n    raise ValueError(f"Conflicting meta-parameters: {\', \'.join(conflicts)}."\nValueError: Conflicting meta-parameters: BLOCK_N, BLOCK_K. Make sure that you don\'t re-define auto-tuned symbols.\n', 'runtime_error_name': 'builtins.ValueError', 'reference_timing_ms': 0.223, 'speed_up': -1.0, 'custom_timing': -1.0}, 'runtime': -1.0, 'runtime_stats': {}}}
2025-08-08 01:47:38,678 - openevolve.llm.ensemble - INFO - Sampled model: deepseek
2025-08-08 01:47:38,696 - openevolve.threaded_parallel - INFO - Iteration 10: Program 4412325a-afc9-4025-91ed-f91e6621248d (parent: 7ca774b0-b9e3-473a-9d47-3a066e4141f7) completed in 982.10s
2025-08-08 01:47:38,697 - openevolve.threaded_parallel - INFO - Metrics: compiled=1.0000, correctness=0.0000, score=10.0000, stage=wrong_answer, verify_payload={'id': 'level3_21_EfficientNetMBConv', 'result': {'compiled': True, 'correctness': False, 'metadata': {'hardware': 'NVIDIA L20Y', 'device': 'cuda:3', 'runtime_error': 'Traceback (most recent call last):\n  File "/cpfs01/shared/llm_kernel/hujiakai/KernelLLM/validation_api_server/helpers/evaluations.py", line 720, in run_and_check_correctness\n    output_new = model_new(*inputs)\n  File "/home/lijiaxing/.conda/envs/api/lib/python3.10/site-packages/torch/nn/modules/module.py", line 1773, in _wrapped_call_impl\n    return self._call_impl(*args, **kwargs)\n  File "/home/lijiaxing/.conda/envs/api/lib/python3.10/site-packages/torch/nn/modules/module.py", line 1784, in _call_impl\n    return forward_call(*args, **kwargs)\n  File "/tmp/tmpzmev8vnq.py", line 109, in forward\n    x = self.expand_conv(x)\n  File "/home/lijiaxing/.conda/envs/api/lib/python3.10/site-packages/torch/nn/modules/module.py", line 1773, in _wrapped_call_impl\n    return self._call_impl(*args, **kwargs)\n  File "/home/lijiaxing/.conda/envs/api/lib/python3.10/site-packages/torch/nn/modules/module.py", line 1784, in _call_impl\n    return forward_call(*args, **kwargs)\n  File "/home/lijiaxing/.conda/envs/api/lib/python3.10/site-packages/torch/nn/modules/container.py", line 244, in forward\n    input = module(input)\n  File "/home/lijiaxing/.conda/envs/api/lib/python3.10/site-packages/torch/nn/modules/module.py", line 1773, in _wrapped_call_impl\n    return self._call_impl(*args, **kwargs)\n  File "/home/lijiaxing/.conda/envs/api/lib/python3.10/site-packages/torch/nn/modules/module.py", line 1784, in _call_impl\n    return forward_call(*args, **kwargs)\n  File "/tmp/tmpzmev8vnq.py", line 70, in forward\n    conv1x1_kernel[grid](\n  File "/home/lijiaxing/.conda/envs/api/lib/python3.10/site-packages/triton/runtime/jit.py", line 390, in <lambda>\n    return lambda *args, **kwargs: self.run(grid=grid, warmup=False, *args, **kwargs)\n  File "/home/lijiaxing/.conda/envs/api/lib/python3.10/site-packages/triton/runtime/autotuner.py", line 239, in run\n    benchmark()\n  File "/home/lijiaxing/.conda/envs/api/lib/python3.10/site-packages/triton/runtime/autotuner.py", line 228, in benchmark\n    timings = {config: self._bench(*args, config=config, **kwargs) for config in pruned_configs}\n  File "/home/lijiaxing/.conda/envs/api/lib/python3.10/site-packages/triton/runtime/autotuner.py", line 228, in <dictcomp>\n    timings = {config: self._bench(*args, config=config, **kwargs) for config in pruned_configs}\n  File "/home/lijiaxing/.conda/envs/api/lib/python3.10/site-packages/triton/runtime/autotuner.py", line 135, in _bench\n    raise ValueError(f"Conflicting meta-parameters: {\', \'.join(conflicts)}."\nValueError: Conflicting meta-parameters: BLOCK_N, BLOCK_K. Make sure that you don\'t re-define auto-tuned symbols.\n', 'runtime_error_name': 'builtins.ValueError', 'reference_timing_ms': 0.223, 'speed_up': -1.0, 'custom_timing': -1.0}, 'runtime': -1.0, 'runtime_stats': {}}}
2025-08-08 01:55:12,322 - openevolve.RemoteSpeedupEvaluator - INFO - [level3_21_EfficientNetMBConv] triton key words check pass
2025-08-08 01:55:12,324 - openevolve.RemoteSpeedupEvaluator - INFO - [level3_21_EfficientNetMBConv] verify_plus payload: reference_code(2304 chars) + custom_code(4807 chars)
2025-08-08 01:55:17,116 - openevolve.RemoteSpeedupEvaluator - INFO - [level3_21_EfficientNetMBConv] verify_plus request success
2025-08-08 01:55:17,117 - openevolve.RemoteSpeedupEvaluator - INFO - [level3_21_EfficientNetMBConv] verify_plus response: {"id":"level3_21_EfficientNetMBConv","result":{"compiled":true,"correctness":false,"metadata":{"hardware":"NVIDIA L20Y","device":"cuda:0","max_difference":["9.279058","10.385979","9.847370","2.260199","10.416748"],"avg_difference":["1.111719","1.092393","1.095059","0.079908","1.092520"],"correctness_issue":"Output mismatch","correctness_trials":"(0 / 5)","reference_timing_ms":0.223,"speed_up":-1.0,"custom_timing":-1.0},"runtime":-1.0,"runtime_stats":{}}}
2025-08-08 01:55:17,117 - openevolve.RemoteSpeedupEvaluator - INFO - [level3_21_EfficientNetMBConv] âœ˜ wrong_answer
2025-08-08 01:55:17,117 - openevolve.evaluator - INFO - Evaluated program ce0e53a2-83b2-4cfa-af6e-8c0f5e3e4e9a in 4.80s: compiled=1.0000, correctness=0.0000, score=10.0000, stage=wrong_answer, verify_payload={'id': 'level3_21_EfficientNetMBConv', 'result': {'compiled': True, 'correctness': False, 'metadata': {'hardware': 'NVIDIA L20Y', 'device': 'cuda:0', 'max_difference': ['9.279058', '10.385979', '9.847370', '2.260199', '10.416748'], 'avg_difference': ['1.111719', '1.092393', '1.095059', '0.079908', '1.092520'], 'correctness_issue': 'Output mismatch', 'correctness_trials': '(0 / 5)', 'reference_timing_ms': 0.223, 'speed_up': -1.0, 'custom_timing': -1.0}, 'runtime': -1.0, 'runtime_stats': {}}}
2025-08-08 01:55:17,121 - openevolve.llm.ensemble - INFO - Sampled model: deepseek
2025-08-08 01:55:17,132 - openevolve.threaded_parallel - INFO - Iteration 15: Program ce0e53a2-83b2-4cfa-af6e-8c0f5e3e4e9a (parent: 5fa25975-db07-49a1-9410-0e60a1da7c09) completed in 571.44s
2025-08-08 01:55:17,133 - openevolve.threaded_parallel - INFO - Metrics: compiled=1.0000, correctness=0.0000, score=10.0000, stage=wrong_answer, verify_payload={'id': 'level3_21_EfficientNetMBConv', 'result': {'compiled': True, 'correctness': False, 'metadata': {'hardware': 'NVIDIA L20Y', 'device': 'cuda:0', 'max_difference': ['9.279058', '10.385979', '9.847370', '2.260199', '10.416748'], 'avg_difference': ['1.111719', '1.092393', '1.095059', '0.079908', '1.092520'], 'correctness_issue': 'Output mismatch', 'correctness_trials': '(0 / 5)', 'reference_timing_ms': 0.223, 'speed_up': -1.0, 'custom_timing': -1.0}, 'runtime': -1.0, 'runtime_stats': {}}}
2025-08-08 01:55:17,133 - openevolve.threaded_parallel - INFO - Checkpoint interval reached at iteration 15
2025-08-08 01:55:17,135 - openevolve.database - INFO - Island Status:
2025-08-08 01:55:17,135 - openevolve.database - INFO -    Island 0: 7 programs, best=20.0000, avg=11.4286, diversity=407.80, gen=5 (best: 7ca774b0-b9e3-473a-9d47-3a066e4141f7)
2025-08-08 01:55:17,135 - openevolve.database - INFO -    Island 1: 7 programs, best=20.0000, avg=12.8571, diversity=175.15, gen=6 (best: a797e2a0-08f2-4421-96ce-fcbb3d75c5d3)
2025-08-08 01:55:17,135 - openevolve.database - INFO -  * Island 2: 5 programs, best=20.0000, avg=-10.0000, diversity=842.78, gen=5 (best: 9540e240-1ff8-4187-a7d4-edf745d9b1a7)
2025-08-08 01:55:17,512 - openevolve.database - INFO - Saved database with 17 programs to openevolve_output/level3_21_EfficientNetMBConv/checkpoints/checkpoint_15
2025-08-08 01:55:17,529 - openevolve.controller - INFO - Saved best program at checkpoint 15 with metrics: compiled=1.0000, correctness=1.0000, stage=success, passed=0.0000, score=20.0000, speed_up=0.0060, runtime_ms=35.5000, meta={'hardware': 'NVIDIA L20Y', 'device': 'cuda:3', 'correctness_trials': '(5 / 5)', 'reference_timing_ms': 0.223, 'speed_up': 0.006, 'custom_timing': 35.5}
2025-08-08 01:55:17,529 - openevolve.controller - INFO - Saved checkpoint at iteration 15 to openevolve_output/level3_21_EfficientNetMBConv/checkpoints/checkpoint_15
2025-08-08 01:58:15,475 - openevolve.RemoteSpeedupEvaluator - INFO - [level3_21_EfficientNetMBConv] triton key words check pass
2025-08-08 01:58:15,477 - openevolve.RemoteSpeedupEvaluator - INFO - [level3_21_EfficientNetMBConv] verify_plus payload: reference_code(2304 chars) + custom_code(4730 chars)
2025-08-08 01:58:18,408 - openevolve.RemoteSpeedupEvaluator - INFO - [level3_21_EfficientNetMBConv] verify_plus request success
2025-08-08 01:58:18,409 - openevolve.RemoteSpeedupEvaluator - INFO - [level3_21_EfficientNetMBConv] verify_plus response: {"id":"level3_21_EfficientNetMBConv","result":{"compiled":true,"correctness":false,"metadata":{"hardware":"NVIDIA L20Y","device":"cuda:3","runtime_error":"Traceback (most recent call last):\n  File \"/cpfs01/shared/llm_kernel/hujiakai/KernelLLM/validation_api_server/helpers/evaluations.py\", line 720, in run_and_check_correctness\n    output_new = model_new(*inputs)\n  File \"/home/lijiaxing/.conda/envs/api/lib/python3.10/site-packages/torch/nn/modules/module.py\", line 1773, in _wrapped_call_impl\n    return self._call_impl(*args, **kwargs)\n  File \"/home/lijiaxing/.conda/envs/api/lib/python3.10/site-packages/torch/nn/modules/module.py\", line 1784, in _call_impl\n    return forward_call(*args, **kwargs)\n  File \"/tmp/tmp0hldeyz4.py\", line 107, in forward\n    x = self.expand_conv(x)\n
2025-08-08 01:58:18,409 - openevolve.RemoteSpeedupEvaluator - INFO - [level3_21_EfficientNetMBConv] âœ˜ wrong_answer
2025-08-08 01:58:18,409 - openevolve.evaluator - INFO - Evaluated program 3faaa557-d24a-4b80-9407-5ea761511ec1 in 2.94s: compiled=1.0000, correctness=0.0000, score=10.0000, stage=wrong_answer, verify_payload={'id': 'level3_21_EfficientNetMBConv', 'result': {'compiled': True, 'correctness': False, 'metadata': {'hardware': 'NVIDIA L20Y', 'device': 'cuda:3', 'runtime_error': 'Traceback (most recent call last):\n  File "/cpfs01/shared/llm_kernel/hujiakai/KernelLLM/validation_api_server/helpers/evaluations.py", line 720, in run_and_check_correctness\n    output_new = model_new(*inputs)\n  File "/home/lijiaxing/.conda/envs/api/lib/python3.10/site-packages/torch/nn/modules/module.py", line 1773, in _wrapped_call_impl\n    return self._call_impl(*args, **kwargs)\n  File "/home/lijiaxing/.conda/envs/api/lib/python3.10/site-packages/torch/nn/modules/module.py", line 1784, in _call_impl\n    return forward_call(*args, **kwargs)\n  File "/tmp/tmp0hldeyz4.py", line 107, in forward\n    x = self.expand_conv(x)\n  File "/home/lijiaxing/.conda/envs/api/lib/python3.10/site-packages/torch/nn/modules/module.py", line 1773, in _wrapped_call_impl\n    return self._call_impl(*args, **kwargs)\n  File "/home/lijiaxing/.conda/envs/api/lib/python3.10/site-packages/torch/nn/modules/module.py", line 1784, in _call_impl\n    return forward_call(*args, **kwargs)\n  File "/home/lijiaxing/.conda/envs/api/lib/python3.10/site-packages/torch/nn/modules/container.py", line 244, in forward\n    input = module(input)\n  File "/home/lijiaxing/.conda/envs/api/lib/python3.10/site-packages/torch/nn/modules/module.py", line 1773, in _wrapped_call_impl\n    return self._call_impl(*args, **kwargs)\n  File "/home/lijiaxing/.conda/envs/api/lib/python3.10/site-packages/torch/nn/modules/module.py", line 1784, in _call_impl\n    return forward_call(*args, **kwargs)\n  File "/tmp/tmp0hldeyz4.py", line 68, in forward\n    conv1x1_kernel[grid](\n  File "/home/lijiaxing/.conda/envs/api/lib/python3.10/site-packages/triton/runtime/jit.py", line 390, in <lambda>\n    return lambda *args, **kwargs: self.run(grid=grid, warmup=False, *args, **kwargs)\n  File "/home/lijiaxing/.conda/envs/api/lib/python3.10/site-packages/triton/runtime/autotuner.py", line 239, in run\n    benchmark()\n  File "/home/lijiaxing/.conda/envs/api/lib/python3.10/site-packages/triton/runtime/autotuner.py", line 228, in benchmark\n    timings = {config: self._bench(*args, config=config, **kwargs) for config in pruned_configs}\n  File "/home/lijiaxing/.conda/envs/api/lib/python3.10/site-packages/triton/runtime/autotuner.py", line 228, in <dictcomp>\n    timings = {config: self._bench(*args, config=config, **kwargs) for config in pruned_configs}\n  File "/home/lijiaxing/.conda/envs/api/lib/python3.10/site-packages/triton/runtime/autotuner.py", line 135, in _bench\n    raise ValueError(f"Conflicting meta-parameters: {\', \'.join(conflicts)}."\nValueError: Conflicting meta-parameters: BLOCK_K, BLOCK_N. Make sure that you don\'t re-define auto-tuned symbols.\n', 'runtime_error_name': 'builtins.ValueError', 'reference_timing_ms': 0.223, 'speed_up': -1.0, 'custom_timing': -1.0}, 'runtime': -1.0, 'runtime_stats': {}}}
2025-08-08 01:58:18,413 - openevolve.llm.ensemble - INFO - Sampled model: deepseek
2025-08-08 01:58:18,448 - openevolve.threaded_parallel - INFO - Iteration 17: Program 3faaa557-d24a-4b80-9407-5ea761511ec1 (parent: 1a44ccc8-1c80-44dd-8c16-4077b3cd20f4) completed in 639.73s
2025-08-08 01:58:18,448 - openevolve.threaded_parallel - INFO - Metrics: compiled=1.0000, correctness=0.0000, score=10.0000, stage=wrong_answer, verify_payload={'id': 'level3_21_EfficientNetMBConv', 'result': {'compiled': True, 'correctness': False, 'metadata': {'hardware': 'NVIDIA L20Y', 'device': 'cuda:3', 'runtime_error': 'Traceback (most recent call last):\n  File "/cpfs01/shared/llm_kernel/hujiakai/KernelLLM/validation_api_server/helpers/evaluations.py", line 720, in run_and_check_correctness\n    output_new = model_new(*inputs)\n  File "/home/lijiaxing/.conda/envs/api/lib/python3.10/site-packages/torch/nn/modules/module.py", line 1773, in _wrapped_call_impl\n    return self._call_impl(*args, **kwargs)\n  File "/home/lijiaxing/.conda/envs/api/lib/python3.10/site-packages/torch/nn/modules/module.py", line 1784, in _call_impl\n    return forward_call(*args, **kwargs)\n  File "/tmp/tmp0hldeyz4.py", line 107, in forward\n    x = self.expand_conv(x)\n  File "/home/lijiaxing/.conda/envs/api/lib/python3.10/site-packages/torch/nn/modules/module.py", line 1773, in _wrapped_call_impl\n    return self._call_impl(*args, **kwargs)\n  File "/home/lijiaxing/.conda/envs/api/lib/python3.10/site-packages/torch/nn/modules/module.py", line 1784, in _call_impl\n    return forward_call(*args, **kwargs)\n  File "/home/lijiaxing/.conda/envs/api/lib/python3.10/site-packages/torch/nn/modules/container.py", line 244, in forward\n    input = module(input)\n  File "/home/lijiaxing/.conda/envs/api/lib/python3.10/site-packages/torch/nn/modules/module.py", line 1773, in _wrapped_call_impl\n    return self._call_impl(*args, **kwargs)\n  File "/home/lijiaxing/.conda/envs/api/lib/python3.10/site-packages/torch/nn/modules/module.py", line 1784, in _call_impl\n    return forward_call(*args, **kwargs)\n  File "/tmp/tmp0hldeyz4.py", line 68, in forward\n    conv1x1_kernel[grid](\n  File "/home/lijiaxing/.conda/envs/api/lib/python3.10/site-packages/triton/runtime/jit.py", line 390, in <lambda>\n    return lambda *args, **kwargs: self.run(grid=grid, warmup=False, *args, **kwargs)\n  File "/home/lijiaxing/.conda/envs/api/lib/python3.10/site-packages/triton/runtime/autotuner.py", line 239, in run\n    benchmark()\n  File "/home/lijiaxing/.conda/envs/api/lib/python3.10/site-packages/triton/runtime/autotuner.py", line 228, in benchmark\n    timings = {config: self._bench(*args, config=config, **kwargs) for config in pruned_configs}\n  File "/home/lijiaxing/.conda/envs/api/lib/python3.10/site-packages/triton/runtime/autotuner.py", line 228, in <dictcomp>\n    timings = {config: self._bench(*args, config=config, **kwargs) for config in pruned_configs}\n  File "/home/lijiaxing/.conda/envs/api/lib/python3.10/site-packages/triton/runtime/autotuner.py", line 135, in _bench\n    raise ValueError(f"Conflicting meta-parameters: {\', \'.join(conflicts)}."\nValueError: Conflicting meta-parameters: BLOCK_K, BLOCK_N. Make sure that you don\'t re-define auto-tuned symbols.\n', 'runtime_error_name': 'builtins.ValueError', 'reference_timing_ms': 0.223, 'speed_up': -1.0, 'custom_timing': -1.0}, 'runtime': -1.0, 'runtime_stats': {}}}
2025-08-08 02:01:40,887 - openevolve.RemoteSpeedupEvaluator - INFO - [level3_21_EfficientNetMBConv] âœ˜ invalid_answer 'import triton' is not found
2025-08-08 02:01:40,888 - openevolve.evaluator - INFO - Evaluated program 5f106ce5-4fab-4696-8797-7af2a619c424 in 0.00s: compiled=0.0000, correctness=0.0000, score=-100.0000, stage=no_valid_triton_code, feedback=You need to generate real and valid triton code for the core function. The key word 'import triton' is not found.
2025-08-08 02:01:40,892 - openevolve.llm.ensemble - INFO - Sampled model: deepseek
2025-08-08 02:01:40,898 - openevolve.threaded_parallel - INFO - Iteration 18: Program 5f106ce5-4fab-4696-8797-7af2a619c424 (parent: a9dcb235-cfeb-49eb-8d84-cb6c10103a66) completed in 383.77s
2025-08-08 02:01:40,899 - openevolve.threaded_parallel - INFO - Metrics: compiled=0.0000, correctness=0.0000, score=-100.0000, stage=no_valid_triton_code, feedback=You need to generate real and valid triton code for the core function. The key word 'import triton' is not found.
2025-08-08 02:01:40,899 - openevolve.threaded_parallel - INFO - Checkpoint interval reached at iteration 18
2025-08-08 02:01:40,901 - openevolve.database - INFO - Island Status:
2025-08-08 02:01:40,901 - openevolve.database - INFO -    Island 0: 8 programs, best=20.0000, avg=-2.5000, diversity=674.77, gen=6 (best: 7ca774b0-b9e3-473a-9d47-3a066e4141f7)
2025-08-08 02:01:40,901 - openevolve.database - INFO -  * Island 1: 7 programs, best=20.0000, avg=12.8571, diversity=175.15, gen=7 (best: a797e2a0-08f2-4421-96ce-fcbb3d75c5d3)
2025-08-08 02:01:40,901 - openevolve.database - INFO -    Island 2: 6 programs, best=20.0000, avg=-6.6667, diversity=526.47, gen=5 (best: 9540e240-1ff8-4187-a7d4-edf745d9b1a7)
2025-08-08 02:01:41,118 - openevolve.database - INFO - Saved database with 19 programs to openevolve_output/level3_21_EfficientNetMBConv/checkpoints/checkpoint_18
2025-08-08 02:01:41,133 - openevolve.controller - INFO - Saved best program at checkpoint 18 with metrics: compiled=1.0000, correctness=1.0000, stage=success, passed=0.0000, score=20.0000, speed_up=0.0060, runtime_ms=35.5000, meta={'hardware': 'NVIDIA L20Y', 'device': 'cuda:3', 'correctness_trials': '(5 / 5)', 'reference_timing_ms': 0.223, 'speed_up': 0.006, 'custom_timing': 35.5}
2025-08-08 02:01:41,133 - openevolve.controller - INFO - Saved checkpoint at iteration 18 to openevolve_output/level3_21_EfficientNetMBConv/checkpoints/checkpoint_18
2025-08-08 02:02:17,776 - openevolve.RemoteSpeedupEvaluator - INFO - [level3_21_EfficientNetMBConv] triton key words check pass
2025-08-08 02:02:17,777 - openevolve.RemoteSpeedupEvaluator - INFO - [level3_21_EfficientNetMBConv] verify_plus payload: reference_code(2304 chars) + custom_code(4179 chars)
2025-08-08 02:02:21,127 - openevolve.RemoteSpeedupEvaluator - INFO - [level3_21_EfficientNetMBConv] verify_plus request success
2025-08-08 02:02:21,128 - openevolve.RemoteSpeedupEvaluator - INFO - [level3_21_EfficientNetMBConv] verify_plus response: {"id":"level3_21_EfficientNetMBConv","result":{"compiled":true,"correctness":false,"metadata":{"hardware":"NVIDIA L20Y","device":"cuda:6","runtime_error":"Traceback (most recent call last):\n  File \"/home/lijiaxing/.conda/envs/api/lib/python3.10/site-packages/triton/language/core.py\", line 42, in wrapper\n    return fn(*args, **kwargs)\n  File \"/home/lijiaxing/.conda/envs/api/lib/python3.10/site-packages/triton/language/core.py\", line 2045, in dot\n    return _semantic.dot(input, other, acc, input_precision, max_num_imprecise_acc, out_dtype)\n  File \"/home/lijiaxing/.conda/envs/api/lib/python3.10/site-packages/triton/language/semantic.py\", line 1497, in dot\n    assert lhs_rank == rhs_rank == 2 or lhs_rank == rhs_rank == 3, f\"Both inputs must be either 2D or 3D; (lhs: {lhs.shape} vs
2025-08-08 02:02:21,128 - openevolve.RemoteSpeedupEvaluator - INFO - [level3_21_EfficientNetMBConv] âœ˜ wrong_answer
2025-08-08 02:02:21,128 - openevolve.evaluator - INFO - Evaluated program 04b02495-754b-4dbd-a5a0-3f33de6a56a9 in 3.35s: compiled=1.0000, correctness=0.0000, score=10.0000, stage=wrong_answer, verify_payload={'id': 'level3_21_EfficientNetMBConv', 'result': {'compiled': True, 'correctness': False, 'metadata': {'hardware': 'NVIDIA L20Y', 'device': 'cuda:6', 'runtime_error': 'Traceback (most recent call last):\n  File "/home/lijiaxing/.conda/envs/api/lib/python3.10/site-packages/triton/language/core.py", line 42, in wrapper\n    return fn(*args, **kwargs)\n  File "/home/lijiaxing/.conda/envs/api/lib/python3.10/site-packages/triton/language/core.py", line 2045, in dot\n    return _semantic.dot(input, other, acc, input_precision, max_num_imprecise_acc, out_dtype)\n  File "/home/lijiaxing/.conda/envs/api/lib/python3.10/site-packages/triton/language/semantic.py", line 1497, in dot\n    assert lhs_rank == rhs_rank == 2 or lhs_rank == rhs_rank == 3, f"Both inputs must be either 2D or 3D; (lhs: {lhs.shape} vs rhs: {rhs.shape})"\nAssertionError: Both inputs must be either 2D or 3D; (lhs: [\'constexpr[128]\', \'constexpr[64]\'] vs rhs: [\'constexpr[64]\'])\n\nThe above exception was the direct cause of the following exception:\n\nTraceback (most recent call last):\n  File "/cpfs01/shared/llm_kernel/hujiakai/KernelLLM/validation_api_server/helpers/evaluations.py", line 720, in run_and_check_correctness\n    output_new = model_new(*inputs)\n  File "/home/lijiaxing/.conda/envs/api/lib/python3.10/site-packages/torch/nn/modules/module.py", line 1773, in _wrapped_call_impl\n    return self._call_impl(*args, **kwargs)\n  File "/home/lijiaxing/.conda/envs/api/lib/python3.10/site-packages/torch/nn/modules/module.py", line 1784, in _call_impl\n    return forward_call(*args, **kwargs)\n  File "/tmp/tmpkb4gehnz.py", line 96, in forward\n    x = self.expand_conv(x)\n  File "/home/lijiaxing/.conda/envs/api/lib/python3.10/site-packages/torch/nn/modules/module.py", line 1773, in _wrapped_call_impl\n    return self._call_impl(*args, **kwargs)\n  File "/home/lijiaxing/.conda/envs/api/lib/python3.10/site-packages/torch/nn/modules/module.py", line 1784, in _call_impl\n    return forward_call(*args, **kwargs)\n  File "/home/lijiaxing/.conda/envs/api/lib/python3.10/site-packages/torch/nn/modules/container.py", line 244, in forward\n    input = module(input)\n  File "/home/lijiaxing/.conda/envs/api/lib/python3.10/site-packages/torch/nn/modules/module.py", line 1773, in _wrapped_call_impl\n    return self._call_impl(*args, **kwargs)\n  File "/home/lijiaxing/.conda/envs/api/lib/python3.10/site-packages/torch/nn/modules/module.py", line 1784, in _call_impl\n    return forward_call(*args, **kwargs)\n  File "/tmp/tmpkb4gehnz.py", line 57, in forward\n    conv1x1_kernel[grid](\n  File "/home/lijiaxing/.conda/envs/api/lib/python3.10/site-packages/triton/runtime/jit.py", line 390, in <lambda>\n    return lambda *args, **kwargs: self.run(grid=grid, warmup=False, *args, **kwargs)\n  File "/home/lijiaxing/.conda/envs/api/lib/python3.10/site-packages/triton/runtime/jit.py", line 594, in run\n    kernel = self.compile(src, target=target, options=options.__dict__)\n  File "/home/lijiaxing/.conda/envs/api/lib/python3.10/site-packages/triton/compiler/compiler.py", line 339, in compile\n    module = src.make_ir(options, codegen_fns, module_map, context)\n  File "/home/lijiaxing/.conda/envs/api/lib/python3.10/site-packages/triton/compiler/compiler.py", line 83, in make_ir\n    return ast_to_ttir(self.fn, self, context=context, options=options, codegen_fns=codegen_fns,\ntriton.compiler.errors.CompilationError: at 32:15:\n    for k in range(0, tl.cdiv(in_channels, BLOCK_K)):\n        k_offset = k * BLOCK_K\n        k_mask = k_offset + tl.arange(0, BLOCK_K) < in_channels\n\n        x_ptr_offset = b*stride_xb + h*stride_xh + w*stride_xw + (k_offset + tl.arange(0, BLOCK_K))*stride_xc\n        x_vals = tl.load(x_ptr + x_ptr_offset, mask=k_mask, other=0.0)\n\n        w_ptr_offset = (n_offset + tl.arange(0, BLOCK_N)[:, None])*stride_woc + (k_offset + tl.arange(0, BLOCK_K)[None, :])*stride_wic\n        w_vals = tl.load(w_ptr + w_ptr_offset, mask=n_mask[:, None] & k_mask[None, :], other=0.0)\n\n        # Use tensor core optimized dot product instead of sum\n        acc += tl.dot(w_vals, x_vals)\n               ^\n\n\nThe above exception was the direct cause of the following exception:\n\nTraceback (most recent call last):\n  File "/home/lijiaxing/.conda/envs/api/lib/python3.10/site-packages/triton/language/core.py", line 42, in wrapper\n    return fn(*args, **kwargs)\n  File "/home/lijiaxing/.conda/envs/api/lib/python3.10/site-packages/triton/language/core.py", line 2045, in dot\n    return _semantic.dot(input, other, acc, input_precision, max_num_imprecise_acc, out_dtype)\n  File "/home/lijiaxing/.conda/envs/api/lib/python3.10/site-packages/triton/language/semantic.py", line 1497, in dot\n    assert lhs_rank == rhs_rank == 2 or lhs_rank == rhs_rank == 3, f"Both inputs must be either 2D or 3D; (lhs: {lhs.shape} vs rhs: {rhs.shape})"\nAssertionError: Both inputs must be either 2D or 3D; (lhs: [\'constexpr[128]\', \'constexpr[64]\'] vs rhs: [\'constexpr[64]\'])\n', 'runtime_error_name': 'triton.compiler.errors.CompilationError', 'reference_timing_ms': 0.223, 'speed_up': -1.0, 'custom_timing': -1.0}, 'runtime': -1.0, 'runtime_stats': {}}}
2025-08-08 02:02:21,132 - openevolve.llm.ensemble - INFO - Sampled model: deepseek
2025-08-08 02:02:21,176 - openevolve.threaded_parallel - INFO - Iteration 16: Program 04b02495-754b-4dbd-a5a0-3f33de6a56a9 (parent: 7ca774b0-b9e3-473a-9d47-3a066e4141f7) completed in 891.01s
2025-08-08 02:02:21,176 - openevolve.threaded_parallel - INFO - Metrics: compiled=1.0000, correctness=0.0000, score=10.0000, stage=wrong_answer, verify_payload={'id': 'level3_21_EfficientNetMBConv', 'result': {'compiled': True, 'correctness': False, 'metadata': {'hardware': 'NVIDIA L20Y', 'device': 'cuda:6', 'runtime_error': 'Traceback (most recent call last):\n  File "/home/lijiaxing/.conda/envs/api/lib/python3.10/site-packages/triton/language/core.py", line 42, in wrapper\n    return fn(*args, **kwargs)\n  File "/home/lijiaxing/.conda/envs/api/lib/python3.10/site-packages/triton/language/core.py", line 2045, in dot\n    return _semantic.dot(input, other, acc, input_precision, max_num_imprecise_acc, out_dtype)\n  File "/home/lijiaxing/.conda/envs/api/lib/python3.10/site-packages/triton/language/semantic.py", line 1497, in dot\n    assert lhs_rank == rhs_rank == 2 or lhs_rank == rhs_rank == 3, f"Both inputs must be either 2D or 3D; (lhs: {lhs.shape} vs rhs: {rhs.shape})"\nAssertionError: Both inputs must be either 2D or 3D; (lhs: [\'constexpr[128]\', \'constexpr[64]\'] vs rhs: [\'constexpr[64]\'])\n\nThe above exception was the direct cause of the following exception:\n\nTraceback (most recent call last):\n  File "/cpfs01/shared/llm_kernel/hujiakai/KernelLLM/validation_api_server/helpers/evaluations.py", line 720, in run_and_check_correctness\n    output_new = model_new(*inputs)\n  File "/home/lijiaxing/.conda/envs/api/lib/python3.10/site-packages/torch/nn/modules/module.py", line 1773, in _wrapped_call_impl\n    return self._call_impl(*args, **kwargs)\n  File "/home/lijiaxing/.conda/envs/api/lib/python3.10/site-packages/torch/nn/modules/module.py", line 1784, in _call_impl\n    return forward_call(*args, **kwargs)\n  File "/tmp/tmpkb4gehnz.py", line 96, in forward\n    x = self.expand_conv(x)\n  File "/home/lijiaxing/.conda/envs/api/lib/python3.10/site-packages/torch/nn/modules/module.py", line 1773, in _wrapped_call_impl\n    return self._call_impl(*args, **kwargs)\n  File "/home/lijiaxing/.conda/envs/api/lib/python3.10/site-packages/torch/nn/modules/module.py", line 1784, in _call_impl\n    return forward_call(*args, **kwargs)\n  File "/home/lijiaxing/.conda/envs/api/lib/python3.10/site-packages/torch/nn/modules/container.py", line 244, in forward\n    input = module(input)\n  File "/home/lijiaxing/.conda/envs/api/lib/python3.10/site-packages/torch/nn/modules/module.py", line 1773, in _wrapped_call_impl\n    return self._call_impl(*args, **kwargs)\n  File "/home/lijiaxing/.conda/envs/api/lib/python3.10/site-packages/torch/nn/modules/module.py", line 1784, in _call_impl\n    return forward_call(*args, **kwargs)\n  File "/tmp/tmpkb4gehnz.py", line 57, in forward\n    conv1x1_kernel[grid](\n  File "/home/lijiaxing/.conda/envs/api/lib/python3.10/site-packages/triton/runtime/jit.py", line 390, in <lambda>\n    return lambda *args, **kwargs: self.run(grid=grid, warmup=False, *args, **kwargs)\n  File "/home/lijiaxing/.conda/envs/api/lib/python3.10/site-packages/triton/runtime/jit.py", line 594, in run\n    kernel = self.compile(src, target=target, options=options.__dict__)\n  File "/home/lijiaxing/.conda/envs/api/lib/python3.10/site-packages/triton/compiler/compiler.py", line 339, in compile\n    module = src.make_ir(options, codegen_fns, module_map, context)\n  File "/home/lijiaxing/.conda/envs/api/lib/python3.10/site-packages/triton/compiler/compiler.py", line 83, in make_ir\n    return ast_to_ttir(self.fn, self, context=context, options=options, codegen_fns=codegen_fns,\ntriton.compiler.errors.CompilationError: at 32:15:\n    for k in range(0, tl.cdiv(in_channels, BLOCK_K)):\n        k_offset = k * BLOCK_K\n        k_mask = k_offset + tl.arange(0, BLOCK_K) < in_channels\n\n        x_ptr_offset = b*stride_xb + h*stride_xh + w*stride_xw + (k_offset + tl.arange(0, BLOCK_K))*stride_xc\n        x_vals = tl.load(x_ptr + x_ptr_offset, mask=k_mask, other=0.0)\n\n        w_ptr_offset = (n_offset + tl.arange(0, BLOCK_N)[:, None])*stride_woc + (k_offset + tl.arange(0, BLOCK_K)[None, :])*stride_wic\n        w_vals = tl.load(w_ptr + w_ptr_offset, mask=n_mask[:, None] & k_mask[None, :], other=0.0)\n\n        # Use tensor core optimized dot product instead of sum\n        acc += tl.dot(w_vals, x_vals)\n               ^\n\n\nThe above exception was the direct cause of the following exception:\n\nTraceback (most recent call last):\n  File "/home/lijiaxing/.conda/envs/api/lib/python3.10/site-packages/triton/language/core.py", line 42, in wrapper\n    return fn(*args, **kwargs)\n  File "/home/lijiaxing/.conda/envs/api/lib/python3.10/site-packages/triton/language/core.py", line 2045, in dot\n    return _semantic.dot(input, other, acc, input_precision, max_num_imprecise_acc, out_dtype)\n  File "/home/lijiaxing/.conda/envs/api/lib/python3.10/site-packages/triton/language/semantic.py", line 1497, in dot\n    assert lhs_rank == rhs_rank == 2 or lhs_rank == rhs_rank == 3, f"Both inputs must be either 2D or 3D; (lhs: {lhs.shape} vs rhs: {rhs.shape})"\nAssertionError: Both inputs must be either 2D or 3D; (lhs: [\'constexpr[128]\', \'constexpr[64]\'] vs rhs: [\'constexpr[64]\'])\n', 'runtime_error_name': 'triton.compiler.errors.CompilationError', 'reference_timing_ms': 0.223, 'speed_up': -1.0, 'custom_timing': -1.0}, 'runtime': -1.0, 'runtime_stats': {}}}
2025-08-08 02:11:20,547 - openevolve.RemoteSpeedupEvaluator - INFO - [level3_21_EfficientNetMBConv] triton key words check pass
2025-08-08 02:11:20,549 - openevolve.RemoteSpeedupEvaluator - INFO - [level3_21_EfficientNetMBConv] verify_plus payload: reference_code(2304 chars) + custom_code(4519 chars)
2025-08-08 02:11:25,357 - openevolve.RemoteSpeedupEvaluator - INFO - [level3_21_EfficientNetMBConv] verify_plus request success
2025-08-08 02:11:25,357 - openevolve.RemoteSpeedupEvaluator - INFO - [level3_21_EfficientNetMBConv] verify_plus response: {"id":"level3_21_EfficientNetMBConv","result":{"compiled":true,"correctness":false,"metadata":{"hardware":"NVIDIA L20Y","device":"cuda:6","runtime_error":"Traceback (most recent call last):\n  File \"/cpfs01/shared/llm_kernel/hujiakai/KernelLLM/validation_api_server/helpers/evaluations.py\", line 720, in run_and_check_correctness\n    output_new = model_new(*inputs)\n  File \"/home/lijiaxing/.conda/envs/api/lib/python3.10/site-packages/torch/nn/modules/module.py\", line 1773, in _wrapped_call_impl\n    return self._call_impl(*args, **kwargs)\n  File \"/home/lijiaxing/.conda/envs/api/lib/python3.10/site-packages/torch/nn/modules/module.py\", line 1784, in _call_impl\n    return forward_call(*args, **kwargs)\n  File \"/tmp/tmpbmmi5g_4.py\", line 105, in forward\n    x = self.expand_conv(x)\n
2025-08-08 02:11:25,357 - openevolve.RemoteSpeedupEvaluator - INFO - [level3_21_EfficientNetMBConv] âœ˜ wrong_answer
2025-08-08 02:11:25,358 - openevolve.evaluator - INFO - Evaluated program 948901d8-9af4-412e-b042-6752d1016e02 in 4.81s: compiled=1.0000, correctness=0.0000, score=10.0000, stage=wrong_answer, verify_payload={'id': 'level3_21_EfficientNetMBConv', 'result': {'compiled': True, 'correctness': False, 'metadata': {'hardware': 'NVIDIA L20Y', 'device': 'cuda:6', 'runtime_error': 'Traceback (most recent call last):\n  File "/cpfs01/shared/llm_kernel/hujiakai/KernelLLM/validation_api_server/helpers/evaluations.py", line 720, in run_and_check_correctness\n    output_new = model_new(*inputs)\n  File "/home/lijiaxing/.conda/envs/api/lib/python3.10/site-packages/torch/nn/modules/module.py", line 1773, in _wrapped_call_impl\n    return self._call_impl(*args, **kwargs)\n  File "/home/lijiaxing/.conda/envs/api/lib/python3.10/site-packages/torch/nn/modules/module.py", line 1784, in _call_impl\n    return forward_call(*args, **kwargs)\n  File "/tmp/tmpbmmi5g_4.py", line 105, in forward\n    x = self.expand_conv(x)\n  File "/home/lijiaxing/.conda/envs/api/lib/python3.10/site-packages/torch/nn/modules/module.py", line 1773, in _wrapped_call_impl\n    return self._call_impl(*args, **kwargs)\n  File "/home/lijiaxing/.conda/envs/api/lib/python3.10/site-packages/torch/nn/modules/module.py", line 1784, in _call_impl\n    return forward_call(*args, **kwargs)\n  File "/home/lijiaxing/.conda/envs/api/lib/python3.10/site-packages/torch/nn/modules/container.py", line 244, in forward\n    input = module(input)\n  File "/home/lijiaxing/.conda/envs/api/lib/python3.10/site-packages/torch/nn/modules/module.py", line 1773, in _wrapped_call_impl\n    return self._call_impl(*args, **kwargs)\n  File "/home/lijiaxing/.conda/envs/api/lib/python3.10/site-packages/torch/nn/modules/module.py", line 1784, in _call_impl\n    return forward_call(*args, **kwargs)\n  File "/tmp/tmpbmmi5g_4.py", line 66, in forward\n    conv1x1_kernel[grid](\n  File "/home/lijiaxing/.conda/envs/api/lib/python3.10/site-packages/triton/runtime/jit.py", line 390, in <lambda>\n    return lambda *args, **kwargs: self.run(grid=grid, warmup=False, *args, **kwargs)\n  File "/home/lijiaxing/.conda/envs/api/lib/python3.10/site-packages/triton/runtime/autotuner.py", line 239, in run\n    benchmark()\n  File "/home/lijiaxing/.conda/envs/api/lib/python3.10/site-packages/triton/runtime/autotuner.py", line 228, in benchmark\n    timings = {config: self._bench(*args, config=config, **kwargs) for config in pruned_configs}\n  File "/home/lijiaxing/.conda/envs/api/lib/python3.10/site-packages/triton/runtime/autotuner.py", line 228, in <dictcomp>\n    timings = {config: self._bench(*args, config=config, **kwargs) for config in pruned_configs}\n  File "/home/lijiaxing/.conda/envs/api/lib/python3.10/site-packages/triton/runtime/autotuner.py", line 135, in _bench\n    raise ValueError(f"Conflicting meta-parameters: {\', \'.join(conflicts)}."\nValueError: Conflicting meta-parameters: BLOCK_N, BLOCK_K. Make sure that you don\'t re-define auto-tuned symbols.\n', 'runtime_error_name': 'builtins.ValueError', 'reference_timing_ms': 0.223, 'speed_up': -1.0, 'custom_timing': -1.0}, 'runtime': -1.0, 'runtime_stats': {}}}
2025-08-08 02:11:25,362 - openevolve.llm.ensemble - INFO - Sampled model: deepseek
2025-08-08 02:11:25,378 - openevolve.threaded_parallel - INFO - Iteration 20: Program 948901d8-9af4-412e-b042-6752d1016e02 (parent: 47d7b57d-9383-485d-a57c-572cb8c6e790) completed in 584.47s
2025-08-08 02:11:25,378 - openevolve.threaded_parallel - INFO - Metrics: compiled=1.0000, correctness=0.0000, score=10.0000, stage=wrong_answer, verify_payload={'id': 'level3_21_EfficientNetMBConv', 'result': {'compiled': True, 'correctness': False, 'metadata': {'hardware': 'NVIDIA L20Y', 'device': 'cuda:6', 'runtime_error': 'Traceback (most recent call last):\n  File "/cpfs01/shared/llm_kernel/hujiakai/KernelLLM/validation_api_server/helpers/evaluations.py", line 720, in run_and_check_correctness\n    output_new = model_new(*inputs)\n  File "/home/lijiaxing/.conda/envs/api/lib/python3.10/site-packages/torch/nn/modules/module.py", line 1773, in _wrapped_call_impl\n    return self._call_impl(*args, **kwargs)\n  File "/home/lijiaxing/.conda/envs/api/lib/python3.10/site-packages/torch/nn/modules/module.py", line 1784, in _call_impl\n    return forward_call(*args, **kwargs)\n  File "/tmp/tmpbmmi5g_4.py", line 105, in forward\n    x = self.expand_conv(x)\n  File "/home/lijiaxing/.conda/envs/api/lib/python3.10/site-packages/torch/nn/modules/module.py", line 1773, in _wrapped_call_impl\n    return self._call_impl(*args, **kwargs)\n  File "/home/lijiaxing/.conda/envs/api/lib/python3.10/site-packages/torch/nn/modules/module.py", line 1784, in _call_impl\n    return forward_call(*args, **kwargs)\n  File "/home/lijiaxing/.conda/envs/api/lib/python3.10/site-packages/torch/nn/modules/container.py", line 244, in forward\n    input = module(input)\n  File "/home/lijiaxing/.conda/envs/api/lib/python3.10/site-packages/torch/nn/modules/module.py", line 1773, in _wrapped_call_impl\n    return self._call_impl(*args, **kwargs)\n  File "/home/lijiaxing/.conda/envs/api/lib/python3.10/site-packages/torch/nn/modules/module.py", line 1784, in _call_impl\n    return forward_call(*args, **kwargs)\n  File "/tmp/tmpbmmi5g_4.py", line 66, in forward\n    conv1x1_kernel[grid](\n  File "/home/lijiaxing/.conda/envs/api/lib/python3.10/site-packages/triton/runtime/jit.py", line 390, in <lambda>\n    return lambda *args, **kwargs: self.run(grid=grid, warmup=False, *args, **kwargs)\n  File "/home/lijiaxing/.conda/envs/api/lib/python3.10/site-packages/triton/runtime/autotuner.py", line 239, in run\n    benchmark()\n  File "/home/lijiaxing/.conda/envs/api/lib/python3.10/site-packages/triton/runtime/autotuner.py", line 228, in benchmark\n    timings = {config: self._bench(*args, config=config, **kwargs) for config in pruned_configs}\n  File "/home/lijiaxing/.conda/envs/api/lib/python3.10/site-packages/triton/runtime/autotuner.py", line 228, in <dictcomp>\n    timings = {config: self._bench(*args, config=config, **kwargs) for config in pruned_configs}\n  File "/home/lijiaxing/.conda/envs/api/lib/python3.10/site-packages/triton/runtime/autotuner.py", line 135, in _bench\n    raise ValueError(f"Conflicting meta-parameters: {\', \'.join(conflicts)}."\nValueError: Conflicting meta-parameters: BLOCK_N, BLOCK_K. Make sure that you don\'t re-define auto-tuned symbols.\n', 'runtime_error_name': 'builtins.ValueError', 'reference_timing_ms': 0.223, 'speed_up': -1.0, 'custom_timing': -1.0}, 'runtime': -1.0, 'runtime_stats': {}}}
2025-08-08 02:14:01,078 - openevolve.RemoteSpeedupEvaluator - INFO - [level3_21_EfficientNetMBConv] triton key words check pass
2025-08-08 02:14:01,079 - openevolve.RemoteSpeedupEvaluator - INFO - [level3_21_EfficientNetMBConv] verify_plus payload: reference_code(2304 chars) + custom_code(4300 chars)
2025-08-08 02:14:12,571 - openevolve.RemoteSpeedupEvaluator - INFO - [level3_21_EfficientNetMBConv] verify_plus request success
2025-08-08 02:14:12,571 - openevolve.RemoteSpeedupEvaluator - INFO - [level3_21_EfficientNetMBConv] verify_plus response: {"id":"level3_21_EfficientNetMBConv","result":{"compiled":true,"correctness":true,"metadata":{"hardware":"NVIDIA L20Y","device":"cuda:2","correctness_trials":"(5 / 5)","reference_timing_ms":0.223,"speed_up":0.005,"custom_timing":47.3},"runtime":47.3,"runtime_stats":{"mean":47.3,"std":0.0669,"min":47.2,"max":47.6,"num_trials":100,"hardware":"NVIDIA L20Y","device":"cuda:2"}}}
2025-08-08 02:14:12,571 - openevolve.RemoteSpeedupEvaluator - INFO - [level3_21_EfficientNetMBConv] âœ” success | speed_up=0.005  score=20.00
2025-08-08 02:14:12,572 - openevolve.evaluator - INFO - Evaluated program 1c57f2c0-58b7-42df-b9ec-4a95085c2ec0 in 11.49s: compiled=1.0000, correctness=1.0000, stage=success, passed=0.0000, score=20.0000, speed_up=0.0050, runtime_ms=47.3000, meta={'hardware': 'NVIDIA L20Y', 'device': 'cuda:2', 'correctness_trials': '(5 / 5)', 'reference_timing_ms': 0.223, 'speed_up': 0.005, 'custom_timing': 47.3}
2025-08-08 02:14:12,577 - openevolve.llm.ensemble - INFO - Sampled model: deepseek
2025-08-08 02:14:12,588 - openevolve.threaded_parallel - INFO - Iteration 21: Program 1c57f2c0-58b7-42df-b9ec-4a95085c2ec0 (parent: 138abd2e-f5bc-4bed-ba0b-03ea5ecdce0c) completed in 711.44s
2025-08-08 02:14:12,588 - openevolve.threaded_parallel - INFO - Metrics: compiled=1.0000, correctness=1.0000, stage=success, passed=0.0000, score=20.0000, speed_up=0.0050, runtime_ms=47.3000, meta={'hardware': 'NVIDIA L20Y', 'device': 'cuda:2', 'correctness_trials': '(5 / 5)', 'reference_timing_ms': 0.223, 'speed_up': 0.005, 'custom_timing': 47.3}
2025-08-08 02:14:12,588 - openevolve.threaded_parallel - INFO - Checkpoint interval reached at iteration 21
2025-08-08 02:14:12,590 - openevolve.database - INFO - Island Status:
2025-08-08 02:14:12,591 - openevolve.database - INFO -    Island 0: 9 programs, best=20.0000, avg=0.0000, diversity=307.03, gen=7 (best: 7ca774b0-b9e3-473a-9d47-3a066e4141f7)
2025-08-08 02:14:12,591 - openevolve.database - INFO -  * Island 1: 8 programs, best=20.0000, avg=12.5000, diversity=192.18, gen=8 (best: a797e2a0-08f2-4421-96ce-fcbb3d75c5d3)
2025-08-08 02:14:12,591 - openevolve.database - INFO -    Island 2: 7 programs, best=20.0000, avg=-4.2857, diversity=452.28, gen=6 (best: 9540e240-1ff8-4187-a7d4-edf745d9b1a7)
2025-08-08 02:14:12,938 - openevolve.database - INFO - Saved database with 22 programs to openevolve_output/level3_21_EfficientNetMBConv/checkpoints/checkpoint_21
2025-08-08 02:14:12,973 - openevolve.controller - INFO - Saved best program at checkpoint 21 with metrics: compiled=1.0000, correctness=1.0000, stage=success, passed=0.0000, score=20.0000, speed_up=0.0060, runtime_ms=35.5000, meta={'hardware': 'NVIDIA L20Y', 'device': 'cuda:3', 'correctness_trials': '(5 / 5)', 'reference_timing_ms': 0.223, 'speed_up': 0.006, 'custom_timing': 35.5}
2025-08-08 02:14:12,974 - openevolve.controller - INFO - Saved checkpoint at iteration 21 to openevolve_output/level3_21_EfficientNetMBConv/checkpoints/checkpoint_21
2025-08-08 02:14:21,051 - openevolve.RemoteSpeedupEvaluator - INFO - [level3_21_EfficientNetMBConv] triton key words check pass
2025-08-08 02:14:21,052 - openevolve.RemoteSpeedupEvaluator - INFO - [level3_21_EfficientNetMBConv] verify_plus payload: reference_code(2304 chars) + custom_code(4934 chars)
2025-08-08 02:14:24,055 - openevolve.RemoteSpeedupEvaluator - INFO - [level3_21_EfficientNetMBConv] verify_plus request success
2025-08-08 02:14:24,055 - openevolve.RemoteSpeedupEvaluator - INFO - [level3_21_EfficientNetMBConv] verify_plus response: {"id":"level3_21_EfficientNetMBConv","result":{"compiled":true,"correctness":false,"metadata":{"hardware":"NVIDIA L20Y","device":"cuda:5","runtime_error":"Traceback (most recent call last):\n  File \"/cpfs01/shared/llm_kernel/hujiakai/KernelLLM/validation_api_server/helpers/evaluations.py\", line 720, in run_and_check_correctness\n    output_new = model_new(*inputs)\n  File \"/home/lijiaxing/.conda/envs/api/lib/python3.10/site-packages/torch/nn/modules/module.py\", line 1773, in _wrapped_call_impl\n    return self._call_impl(*args, **kwargs)\n  File \"/home/lijiaxing/.conda/envs/api/lib/python3.10/site-packages/torch/nn/modules/module.py\", line 1784, in _call_impl\n    return forward_call(*args, **kwargs)\n  File \"/tmp/tmpepwseuxr.py\", line 119, in forward\n    x = self.expand_conv(x)\n
2025-08-08 02:14:24,055 - openevolve.RemoteSpeedupEvaluator - INFO - [level3_21_EfficientNetMBConv] âœ˜ wrong_answer
2025-08-08 02:14:24,055 - openevolve.evaluator - INFO - Evaluated program f6c5eeb9-db87-4661-a956-bfe55d45aa6c in 3.00s: compiled=1.0000, correctness=0.0000, score=10.0000, stage=wrong_answer, verify_payload={'id': 'level3_21_EfficientNetMBConv', 'result': {'compiled': True, 'correctness': False, 'metadata': {'hardware': 'NVIDIA L20Y', 'device': 'cuda:5', 'runtime_error': 'Traceback (most recent call last):\n  File "/cpfs01/shared/llm_kernel/hujiakai/KernelLLM/validation_api_server/helpers/evaluations.py", line 720, in run_and_check_correctness\n    output_new = model_new(*inputs)\n  File "/home/lijiaxing/.conda/envs/api/lib/python3.10/site-packages/torch/nn/modules/module.py", line 1773, in _wrapped_call_impl\n    return self._call_impl(*args, **kwargs)\n  File "/home/lijiaxing/.conda/envs/api/lib/python3.10/site-packages/torch/nn/modules/module.py", line 1784, in _call_impl\n    return forward_call(*args, **kwargs)\n  File "/tmp/tmpepwseuxr.py", line 119, in forward\n    x = self.expand_conv(x)\n  File "/home/lijiaxing/.conda/envs/api/lib/python3.10/site-packages/torch/nn/modules/module.py", line 1773, in _wrapped_call_impl\n    return self._call_impl(*args, **kwargs)\n  File "/home/lijiaxing/.conda/envs/api/lib/python3.10/site-packages/torch/nn/modules/module.py", line 1784, in _call_impl\n    return forward_call(*args, **kwargs)\n  File "/home/lijiaxing/.conda/envs/api/lib/python3.10/site-packages/torch/nn/modules/container.py", line 244, in forward\n    input = module(input)\n  File "/home/lijiaxing/.conda/envs/api/lib/python3.10/site-packages/torch/nn/modules/module.py", line 1773, in _wrapped_call_impl\n    return self._call_impl(*args, **kwargs)\n  File "/home/lijiaxing/.conda/envs/api/lib/python3.10/site-packages/torch/nn/modules/module.py", line 1784, in _call_impl\n    return forward_call(*args, **kwargs)\n  File "/tmp/tmpepwseuxr.py", line 80, in forward\n    conv1x1_kernel[grid](\n  File "/home/lijiaxing/.conda/envs/api/lib/python3.10/site-packages/triton/runtime/jit.py", line 390, in <lambda>\n    return lambda *args, **kwargs: self.run(grid=grid, warmup=False, *args, **kwargs)\n  File "/home/lijiaxing/.conda/envs/api/lib/python3.10/site-packages/triton/runtime/autotuner.py", line 239, in run\n    benchmark()\n  File "/home/lijiaxing/.conda/envs/api/lib/python3.10/site-packages/triton/runtime/autotuner.py", line 228, in benchmark\n    timings = {config: self._bench(*args, config=config, **kwargs) for config in pruned_configs}\n  File "/home/lijiaxing/.conda/envs/api/lib/python3.10/site-packages/triton/runtime/autotuner.py", line 228, in <dictcomp>\n    timings = {config: self._bench(*args, config=config, **kwargs) for config in pruned_configs}\n  File "/home/lijiaxing/.conda/envs/api/lib/python3.10/site-packages/triton/runtime/autotuner.py", line 135, in _bench\n    raise ValueError(f"Conflicting meta-parameters: {\', \'.join(conflicts)}."\nValueError: Conflicting meta-parameters: BLOCK_M, BLOCK_K, BLOCK_N. Make sure that you don\'t re-define auto-tuned symbols.\n', 'runtime_error_name': 'builtins.ValueError', 'reference_timing_ms': 0.223, 'speed_up': -1.0, 'custom_timing': -1.0}, 'runtime': -1.0, 'runtime_stats': {}}}
2025-08-08 02:14:24,060 - openevolve.llm.ensemble - INFO - Sampled model: deepseek
2025-08-08 02:14:24,078 - openevolve.threaded_parallel - INFO - Iteration 19: Program f6c5eeb9-db87-4661-a956-bfe55d45aa6c (parent: 7ca774b0-b9e3-473a-9d47-3a066e4141f7) completed in 965.64s
2025-08-08 02:14:24,079 - openevolve.threaded_parallel - INFO - Metrics: compiled=1.0000, correctness=0.0000, score=10.0000, stage=wrong_answer, verify_payload={'id': 'level3_21_EfficientNetMBConv', 'result': {'compiled': True, 'correctness': False, 'metadata': {'hardware': 'NVIDIA L20Y', 'device': 'cuda:5', 'runtime_error': 'Traceback (most recent call last):\n  File "/cpfs01/shared/llm_kernel/hujiakai/KernelLLM/validation_api_server/helpers/evaluations.py", line 720, in run_and_check_correctness\n    output_new = model_new(*inputs)\n  File "/home/lijiaxing/.conda/envs/api/lib/python3.10/site-packages/torch/nn/modules/module.py", line 1773, in _wrapped_call_impl\n    return self._call_impl(*args, **kwargs)\n  File "/home/lijiaxing/.conda/envs/api/lib/python3.10/site-packages/torch/nn/modules/module.py", line 1784, in _call_impl\n    return forward_call(*args, **kwargs)\n  File "/tmp/tmpepwseuxr.py", line 119, in forward\n    x = self.expand_conv(x)\n  File "/home/lijiaxing/.conda/envs/api/lib/python3.10/site-packages/torch/nn/modules/module.py", line 1773, in _wrapped_call_impl\n    return self._call_impl(*args, **kwargs)\n  File "/home/lijiaxing/.conda/envs/api/lib/python3.10/site-packages/torch/nn/modules/module.py", line 1784, in _call_impl\n    return forward_call(*args, **kwargs)\n  File "/home/lijiaxing/.conda/envs/api/lib/python3.10/site-packages/torch/nn/modules/container.py", line 244, in forward\n    input = module(input)\n  File "/home/lijiaxing/.conda/envs/api/lib/python3.10/site-packages/torch/nn/modules/module.py", line 1773, in _wrapped_call_impl\n    return self._call_impl(*args, **kwargs)\n  File "/home/lijiaxing/.conda/envs/api/lib/python3.10/site-packages/torch/nn/modules/module.py", line 1784, in _call_impl\n    return forward_call(*args, **kwargs)\n  File "/tmp/tmpepwseuxr.py", line 80, in forward\n    conv1x1_kernel[grid](\n  File "/home/lijiaxing/.conda/envs/api/lib/python3.10/site-packages/triton/runtime/jit.py", line 390, in <lambda>\n    return lambda *args, **kwargs: self.run(grid=grid, warmup=False, *args, **kwargs)\n  File "/home/lijiaxing/.conda/envs/api/lib/python3.10/site-packages/triton/runtime/autotuner.py", line 239, in run\n    benchmark()\n  File "/home/lijiaxing/.conda/envs/api/lib/python3.10/site-packages/triton/runtime/autotuner.py", line 228, in benchmark\n    timings = {config: self._bench(*args, config=config, **kwargs) for config in pruned_configs}\n  File "/home/lijiaxing/.conda/envs/api/lib/python3.10/site-packages/triton/runtime/autotuner.py", line 228, in <dictcomp>\n    timings = {config: self._bench(*args, config=config, **kwargs) for config in pruned_configs}\n  File "/home/lijiaxing/.conda/envs/api/lib/python3.10/site-packages/triton/runtime/autotuner.py", line 135, in _bench\n    raise ValueError(f"Conflicting meta-parameters: {\', \'.join(conflicts)}."\nValueError: Conflicting meta-parameters: BLOCK_M, BLOCK_K, BLOCK_N. Make sure that you don\'t re-define auto-tuned symbols.\n', 'runtime_error_name': 'builtins.ValueError', 'reference_timing_ms': 0.223, 'speed_up': -1.0, 'custom_timing': -1.0}, 'runtime': -1.0, 'runtime_stats': {}}}
2025-08-08 02:17:49,043 - openevolve.RemoteSpeedupEvaluator - INFO - [level3_21_EfficientNetMBConv] triton key words check pass
2025-08-08 02:17:49,045 - openevolve.RemoteSpeedupEvaluator - INFO - [level3_21_EfficientNetMBConv] verify_plus payload: reference_code(2304 chars) + custom_code(4134 chars)
2025-08-08 02:17:57,599 - openevolve.RemoteSpeedupEvaluator - INFO - [level3_21_EfficientNetMBConv] verify_plus request success
2025-08-08 02:17:57,599 - openevolve.RemoteSpeedupEvaluator - INFO - [level3_21_EfficientNetMBConv] verify_plus response: {"id":"level3_21_EfficientNetMBConv","result":{"compiled":true,"correctness":true,"metadata":{"hardware":"NVIDIA L20Y","device":"cuda:4","correctness_trials":"(5 / 5)","reference_timing_ms":0.223,"speed_up":0.006,"custom_timing":35.4},"runtime":35.4,"runtime_stats":{"mean":35.4,"std":0.0589,"min":35.4,"max":35.7,"num_trials":100,"hardware":"NVIDIA L20Y","device":"cuda:4"}}}
2025-08-08 02:17:57,600 - openevolve.RemoteSpeedupEvaluator - INFO - [level3_21_EfficientNetMBConv] âœ” success | speed_up=0.006  score=20.00
2025-08-08 02:17:57,600 - openevolve.evaluator - INFO - Evaluated program 4c259650-033f-4230-be9b-46eeca8baf95 in 8.56s: compiled=1.0000, correctness=1.0000, stage=success, passed=0.0000, score=20.0000, speed_up=0.0060, runtime_ms=35.4000, meta={'hardware': 'NVIDIA L20Y', 'device': 'cuda:4', 'correctness_trials': '(5 / 5)', 'reference_timing_ms': 0.223, 'speed_up': 0.006, 'custom_timing': 35.4}
2025-08-08 02:17:57,604 - openevolve.llm.ensemble - INFO - Sampled model: deepseek
2025-08-08 02:17:57,616 - openevolve.threaded_parallel - INFO - Iteration 24: Program 4c259650-033f-4230-be9b-46eeca8baf95 (parent: 5fa25975-db07-49a1-9410-0e60a1da7c09) completed in 213.54s
2025-08-08 02:17:57,616 - openevolve.threaded_parallel - INFO - Metrics: compiled=1.0000, correctness=1.0000, stage=success, passed=0.0000, score=20.0000, speed_up=0.0060, runtime_ms=35.4000, meta={'hardware': 'NVIDIA L20Y', 'device': 'cuda:4', 'correctness_trials': '(5 / 5)', 'reference_timing_ms': 0.223, 'speed_up': 0.006, 'custom_timing': 35.4}
2025-08-08 02:17:57,617 - openevolve.threaded_parallel - INFO - Checkpoint interval reached at iteration 24
2025-08-08 02:17:57,619 - openevolve.database - INFO - Island Status:
2025-08-08 02:17:57,619 - openevolve.database - INFO -  * Island 0: 9 programs, best=20.0000, avg=0.0000, diversity=307.03, gen=8 (best: 7ca774b0-b9e3-473a-9d47-3a066e4141f7)
2025-08-08 02:17:57,619 - openevolve.database - INFO -    Island 1: 9 programs, best=20.0000, avg=12.2222, diversity=192.18, gen=8 (best: a797e2a0-08f2-4421-96ce-fcbb3d75c5d3)
2025-08-08 02:17:57,619 - openevolve.database - INFO -    Island 2: 8 programs, best=20.0000, avg=-1.2500, diversity=444.82, gen=7 (best: 4c259650-033f-4230-be9b-46eeca8baf95)
2025-08-08 02:17:57,935 - openevolve.database - INFO - Saved database with 24 programs to openevolve_output/level3_21_EfficientNetMBConv/checkpoints/checkpoint_24
2025-08-08 02:17:57,951 - openevolve.controller - INFO - Saved best program at checkpoint 24 with metrics: compiled=1.0000, correctness=1.0000, stage=success, passed=0.0000, score=20.0000, speed_up=0.0060, runtime_ms=35.5000, meta={'hardware': 'NVIDIA L20Y', 'device': 'cuda:3', 'correctness_trials': '(5 / 5)', 'reference_timing_ms': 0.223, 'speed_up': 0.006, 'custom_timing': 35.5}
2025-08-08 02:17:57,951 - openevolve.controller - INFO - Saved checkpoint at iteration 24 to openevolve_output/level3_21_EfficientNetMBConv/checkpoints/checkpoint_24
2025-08-08 02:18:37,285 - openevolve.RemoteSpeedupEvaluator - INFO - [level3_21_EfficientNetMBConv] triton key words check pass
2025-08-08 02:18:37,287 - openevolve.RemoteSpeedupEvaluator - INFO - [level3_21_EfficientNetMBConv] verify_plus payload: reference_code(2304 chars) + custom_code(4717 chars)
2025-08-08 02:18:49,684 - openevolve.RemoteSpeedupEvaluator - INFO - [level3_21_EfficientNetMBConv] verify_plus request success
2025-08-08 02:18:49,684 - openevolve.RemoteSpeedupEvaluator - INFO - [level3_21_EfficientNetMBConv] verify_plus response: {"id":"level3_21_EfficientNetMBConv","result":{"compiled":true,"correctness":true,"metadata":{"hardware":"NVIDIA L20Y","device":"cuda:0","correctness_trials":"(5 / 5)","reference_timing_ms":0.223,"speed_up":0.007,"custom_timing":33.7},"runtime":33.7,"runtime_stats":{"mean":33.7,"std":0.0699,"min":33.7,"max":34.1,"num_trials":100,"hardware":"NVIDIA L20Y","device":"cuda:0"}}}
2025-08-08 02:18:49,685 - openevolve.RemoteSpeedupEvaluator - INFO - [level3_21_EfficientNetMBConv] âœ” success | speed_up=0.007  score=20.00
2025-08-08 02:18:49,685 - openevolve.evaluator - INFO - Evaluated program de54d48b-fbc1-4428-aa3f-85a5bb69e51e in 12.40s: compiled=1.0000, correctness=1.0000, stage=success, passed=0.0000, score=20.0000, speed_up=0.0070, runtime_ms=33.7000, meta={'hardware': 'NVIDIA L20Y', 'device': 'cuda:0', 'correctness_trials': '(5 / 5)', 'reference_timing_ms': 0.223, 'speed_up': 0.007, 'custom_timing': 33.7}
2025-08-08 02:18:49,689 - openevolve.llm.ensemble - INFO - Sampled model: deepseek
2025-08-08 02:18:49,694 - openevolve.database - INFO - MAP-Elites cell improved: {'score': 9, 'complexity': 6} (fitness: 10.000 -> 20.000)
2025-08-08 02:18:49,707 - openevolve.threaded_parallel - INFO - Iteration 22: Program de54d48b-fbc1-4428-aa3f-85a5bb69e51e (parent: 3faaa557-d24a-4b80-9407-5ea761511ec1) completed in 444.32s
2025-08-08 02:18:49,707 - openevolve.threaded_parallel - INFO - Metrics: compiled=1.0000, correctness=1.0000, stage=success, passed=0.0000, score=20.0000, speed_up=0.0070, runtime_ms=33.7000, meta={'hardware': 'NVIDIA L20Y', 'device': 'cuda:0', 'correctness_trials': '(5 / 5)', 'reference_timing_ms': 0.223, 'speed_up': 0.007, 'custom_timing': 33.7}
2025-08-08 02:24:13,459 - openevolve.RemoteSpeedupEvaluator - INFO - [level3_21_EfficientNetMBConv] triton key words check pass
2025-08-08 02:24:13,460 - openevolve.RemoteSpeedupEvaluator - INFO - [level3_21_EfficientNetMBConv] verify_plus payload: reference_code(2304 chars) + custom_code(4196 chars)
2025-08-08 02:24:22,205 - openevolve.RemoteSpeedupEvaluator - INFO - [level3_21_EfficientNetMBConv] verify_plus request success
2025-08-08 02:24:22,205 - openevolve.RemoteSpeedupEvaluator - INFO - [level3_21_EfficientNetMBConv] verify_plus response: {"id":"level3_21_EfficientNetMBConv","result":{"compiled":true,"correctness":true,"metadata":{"hardware":"NVIDIA L20Y","device":"cuda:7","correctness_trials":"(5 / 5)","reference_timing_ms":0.223,"speed_up":0.006,"custom_timing":35.4},"runtime":35.4,"runtime_stats":{"mean":35.4,"std":0.0576,"min":35.4,"max":35.7,"num_trials":100,"hardware":"NVIDIA L20Y","device":"cuda:7"}}}
2025-08-08 02:24:22,205 - openevolve.RemoteSpeedupEvaluator - INFO - [level3_21_EfficientNetMBConv] âœ” success | speed_up=0.006  score=20.00
2025-08-08 02:24:22,205 - openevolve.evaluator - INFO - Evaluated program a1cef66f-b8db-465a-b9e4-18b1422a60b4 in 8.75s: compiled=1.0000, correctness=1.0000, stage=success, passed=0.0000, score=20.0000, speed_up=0.0060, runtime_ms=35.4000, meta={'hardware': 'NVIDIA L20Y', 'device': 'cuda:7', 'correctness_trials': '(5 / 5)', 'reference_timing_ms': 0.223, 'speed_up': 0.006, 'custom_timing': 35.4}
2025-08-08 02:24:22,208 - openevolve.database - INFO - Population size (26) exceeds limit (25), removing 1 programs
2025-08-08 02:24:22,209 - openevolve.database - INFO - Population size after cleanup: 25
2025-08-08 02:24:22,210 - openevolve.llm.ensemble - INFO - Sampled model: deepseek
2025-08-08 02:24:22,222 - openevolve.threaded_parallel - INFO - Iteration 26: Program a1cef66f-b8db-465a-b9e4-18b1422a60b4 (parent: d93b3800-c045-45e9-a414-b492d4d4d78b) completed in 332.52s
2025-08-08 02:24:22,222 - openevolve.threaded_parallel - INFO - Metrics: compiled=1.0000, correctness=1.0000, stage=success, passed=0.0000, score=20.0000, speed_up=0.0060, runtime_ms=35.4000, meta={'hardware': 'NVIDIA L20Y', 'device': 'cuda:7', 'correctness_trials': '(5 / 5)', 'reference_timing_ms': 0.223, 'speed_up': 0.006, 'custom_timing': 35.4}
2025-08-08 02:26:19,234 - openevolve.RemoteSpeedupEvaluator - INFO - [level3_21_EfficientNetMBConv] triton key words check pass
2025-08-08 02:26:19,236 - openevolve.RemoteSpeedupEvaluator - INFO - [level3_21_EfficientNetMBConv] verify_plus payload: reference_code(2304 chars) + custom_code(4376 chars)
2025-08-08 02:26:22,944 - openevolve.RemoteSpeedupEvaluator - INFO - [level3_21_EfficientNetMBConv] verify_plus request success
2025-08-08 02:26:22,944 - openevolve.RemoteSpeedupEvaluator - INFO - [level3_21_EfficientNetMBConv] verify_plus response: {"id":"level3_21_EfficientNetMBConv","result":{"compiled":true,"correctness":false,"metadata":{"hardware":"NVIDIA L20Y","device":"cuda:2","runtime_error":"Traceback (most recent call last):\n  File \"/home/lijiaxing/.conda/envs/api/lib/python3.10/site-packages/triton/language/core.py\", line 42, in wrapper\n    return fn(*args, **kwargs)\n  File \"/home/lijiaxing/.conda/envs/api/lib/python3.10/site-packages/triton/language/core.py\", line 2045, in dot\n    return _semantic.dot(input, other, acc, input_precision, max_num_imprecise_acc, out_dtype)\n  File \"/home/lijiaxing/.conda/envs/api/lib/python3.10/site-packages/triton/language/semantic.py\", line 1504, in dot\n    and rhs.shape[-1].value >= min_dot_size[1], \\\nAssertionError: Input shapes should have M >= 16, N >= 16 and K >= 16\n\nTh
2025-08-08 02:26:22,944 - openevolve.RemoteSpeedupEvaluator - INFO - [level3_21_EfficientNetMBConv] âœ˜ wrong_answer
2025-08-08 02:26:22,945 - openevolve.evaluator - INFO - Evaluated program e5f4c77d-3ca5-4c69-93f3-5042338268b4 in 3.71s: compiled=1.0000, correctness=0.0000, score=10.0000, stage=wrong_answer, verify_payload={'id': 'level3_21_EfficientNetMBConv', 'result': {'compiled': True, 'correctness': False, 'metadata': {'hardware': 'NVIDIA L20Y', 'device': 'cuda:2', 'runtime_error': 'Traceback (most recent call last):\n  File "/home/lijiaxing/.conda/envs/api/lib/python3.10/site-packages/triton/language/core.py", line 42, in wrapper\n    return fn(*args, **kwargs)\n  File "/home/lijiaxing/.conda/envs/api/lib/python3.10/site-packages/triton/language/core.py", line 2045, in dot\n    return _semantic.dot(input, other, acc, input_precision, max_num_imprecise_acc, out_dtype)\n  File "/home/lijiaxing/.conda/envs/api/lib/python3.10/site-packages/triton/language/semantic.py", line 1504, in dot\n    and rhs.shape[-1].value >= min_dot_size[1], \\\nAssertionError: Input shapes should have M >= 16, N >= 16 and K >= 16\n\nThe above exception was the direct cause of the following exception:\n\nTraceback (most recent call last):\n  File "/cpfs01/shared/llm_kernel/hujiakai/KernelLLM/validation_api_server/helpers/evaluations.py", line 720, in run_and_check_correctness\n    output_new = model_new(*inputs)\n  File "/home/lijiaxing/.conda/envs/api/lib/python3.10/site-packages/torch/nn/modules/module.py", line 1773, in _wrapped_call_impl\n    return self._call_impl(*args, **kwargs)\n  File "/home/lijiaxing/.conda/envs/api/lib/python3.10/site-packages/torch/nn/modules/module.py", line 1784, in _call_impl\n    return forward_call(*args, **kwargs)\n  File "/tmp/tmp0u4ub34s.py", line 100, in forward\n    x = self.expand_conv(x)\n  File "/home/lijiaxing/.conda/envs/api/lib/python3.10/site-packages/torch/nn/modules/module.py", line 1773, in _wrapped_call_impl\n    return self._call_impl(*args, **kwargs)\n  File "/home/lijiaxing/.conda/envs/api/lib/python3.10/site-packages/torch/nn/modules/module.py", line 1784, in _call_impl\n    return forward_call(*args, **kwargs)\n  File "/home/lijiaxing/.conda/envs/api/lib/python3.10/site-packages/torch/nn/modules/container.py", line 244, in forward\n    input = module(input)\n  File "/home/lijiaxing/.conda/envs/api/lib/python3.10/site-packages/torch/nn/modules/module.py", line 1773, in _wrapped_call_impl\n    return self._call_impl(*args, **kwargs)\n  File "/home/lijiaxing/.conda/envs/api/lib/python3.10/site-packages/torch/nn/modules/module.py", line 1784, in _call_impl\n    return forward_call(*args, **kwargs)\n  File "/tmp/tmp0u4ub34s.py", line 61, in forward\n    conv1x1_kernel[grid](\n  File "/home/lijiaxing/.conda/envs/api/lib/python3.10/site-packages/triton/runtime/jit.py", line 390, in <lambda>\n    return lambda *args, **kwargs: self.run(grid=grid, warmup=False, *args, **kwargs)\n  File "/home/lijiaxing/.conda/envs/api/lib/python3.10/site-packages/triton/runtime/jit.py", line 594, in run\n    kernel = self.compile(src, target=target, options=options.__dict__)\n  File "/home/lijiaxing/.conda/envs/api/lib/python3.10/site-packages/triton/compiler/compiler.py", line 339, in compile\n    module = src.make_ir(options, codegen_fns, module_map, context)\n  File "/home/lijiaxing/.conda/envs/api/lib/python3.10/site-packages/triton/compiler/compiler.py", line 83, in make_ir\n    return ast_to_ttir(self.fn, self, context=context, options=options, codegen_fns=codegen_fns,\ntriton.compiler.errors.CompilationError: at 33:22:\n        k_offset = k * BLOCK_K\n        k_mask = k_offset + tl.arange(0, BLOCK_K) < in_channels\n\n        x_ptr_offset = b*stride_xb + h*stride_xh + w*stride_xw + (k_offset + tl.arange(0, BLOCK_K))*stride_xc\n        x_vals = tl.load(x_ptr + x_ptr_offset, mask=k_mask, other=0.0)\n\n        w_ptr_offset = (n_offset + tl.arange(0, BLOCK_N)[:, None])*stride_woc + (k_offset + tl.arange(0, BLOCK_K)[None, :])*stride_wic\n        w_vals = tl.load(w_ptr + w_ptr_offset, mask=n_mask[:, None] & k_mask[None, :], other=0.0)\n\n        # Optimized matrix multiplication using tensor cores\n        x_vec = tl.reshape(x_vals, (BLOCK_K, 1))\n        dot_product = tl.dot(w_vals, x_vec, allow_tf32=True)  # [BLOCK_N, 1]\n                      ^\n\n\nThe above exception was the direct cause of the following exception:\n\nTraceback (most recent call last):\n  File "/home/lijiaxing/.conda/envs/api/lib/python3.10/site-packages/triton/language/core.py", line 42, in wrapper\n    return fn(*args, **kwargs)\n  File "/home/lijiaxing/.conda/envs/api/lib/python3.10/site-packages/triton/language/core.py", line 2045, in dot\n    return _semantic.dot(input, other, acc, input_precision, max_num_imprecise_acc, out_dtype)\n  File "/home/lijiaxing/.conda/envs/api/lib/python3.10/site-packages/triton/language/semantic.py", line 1504, in dot\n    and rhs.shape[-1].value >= min_dot_size[1], \\\nAssertionError: Input shapes should have M >= 16, N >= 16 and K >= 16\n', 'runtime_error_name': 'triton.compiler.errors.CompilationError', 'reference_timing_ms': 0.223, 'speed_up': -1.0, 'custom_timing': -1.0}, 'runtime': -1.0, 'runtime_stats': {}}}
2025-08-08 02:26:22,949 - openevolve.llm.ensemble - INFO - Sampled model: deepseek
2025-08-08 02:26:22,953 - openevolve.database - INFO - Population size (26) exceeds limit (25), removing 1 programs
2025-08-08 02:26:22,954 - openevolve.database - INFO - Population size after cleanup: 25
2025-08-08 02:26:22,966 - openevolve.threaded_parallel - INFO - Iteration 23: Program e5f4c77d-3ca5-4c69-93f3-5042338268b4 (parent: a3ef5efa-12f6-4b2b-941a-8da7a2ee04c5) completed in 730.37s
2025-08-08 02:26:22,966 - openevolve.threaded_parallel - INFO - Metrics: compiled=1.0000, correctness=0.0000, score=10.0000, stage=wrong_answer, verify_payload={'id': 'level3_21_EfficientNetMBConv', 'result': {'compiled': True, 'correctness': False, 'metadata': {'hardware': 'NVIDIA L20Y', 'device': 'cuda:2', 'runtime_error': 'Traceback (most recent call last):\n  File "/home/lijiaxing/.conda/envs/api/lib/python3.10/site-packages/triton/language/core.py", line 42, in wrapper\n    return fn(*args, **kwargs)\n  File "/home/lijiaxing/.conda/envs/api/lib/python3.10/site-packages/triton/language/core.py", line 2045, in dot\n    return _semantic.dot(input, other, acc, input_precision, max_num_imprecise_acc, out_dtype)\n  File "/home/lijiaxing/.conda/envs/api/lib/python3.10/site-packages/triton/language/semantic.py", line 1504, in dot\n    and rhs.shape[-1].value >= min_dot_size[1], \\\nAssertionError: Input shapes should have M >= 16, N >= 16 and K >= 16\n\nThe above exception was the direct cause of the following exception:\n\nTraceback (most recent call last):\n  File "/cpfs01/shared/llm_kernel/hujiakai/KernelLLM/validation_api_server/helpers/evaluations.py", line 720, in run_and_check_correctness\n    output_new = model_new(*inputs)\n  File "/home/lijiaxing/.conda/envs/api/lib/python3.10/site-packages/torch/nn/modules/module.py", line 1773, in _wrapped_call_impl\n    return self._call_impl(*args, **kwargs)\n  File "/home/lijiaxing/.conda/envs/api/lib/python3.10/site-packages/torch/nn/modules/module.py", line 1784, in _call_impl\n    return forward_call(*args, **kwargs)\n  File "/tmp/tmp0u4ub34s.py", line 100, in forward\n    x = self.expand_conv(x)\n  File "/home/lijiaxing/.conda/envs/api/lib/python3.10/site-packages/torch/nn/modules/module.py", line 1773, in _wrapped_call_impl\n    return self._call_impl(*args, **kwargs)\n  File "/home/lijiaxing/.conda/envs/api/lib/python3.10/site-packages/torch/nn/modules/module.py", line 1784, in _call_impl\n    return forward_call(*args, **kwargs)\n  File "/home/lijiaxing/.conda/envs/api/lib/python3.10/site-packages/torch/nn/modules/container.py", line 244, in forward\n    input = module(input)\n  File "/home/lijiaxing/.conda/envs/api/lib/python3.10/site-packages/torch/nn/modules/module.py", line 1773, in _wrapped_call_impl\n    return self._call_impl(*args, **kwargs)\n  File "/home/lijiaxing/.conda/envs/api/lib/python3.10/site-packages/torch/nn/modules/module.py", line 1784, in _call_impl\n    return forward_call(*args, **kwargs)\n  File "/tmp/tmp0u4ub34s.py", line 61, in forward\n    conv1x1_kernel[grid](\n  File "/home/lijiaxing/.conda/envs/api/lib/python3.10/site-packages/triton/runtime/jit.py", line 390, in <lambda>\n    return lambda *args, **kwargs: self.run(grid=grid, warmup=False, *args, **kwargs)\n  File "/home/lijiaxing/.conda/envs/api/lib/python3.10/site-packages/triton/runtime/jit.py", line 594, in run\n    kernel = self.compile(src, target=target, options=options.__dict__)\n  File "/home/lijiaxing/.conda/envs/api/lib/python3.10/site-packages/triton/compiler/compiler.py", line 339, in compile\n    module = src.make_ir(options, codegen_fns, module_map, context)\n  File "/home/lijiaxing/.conda/envs/api/lib/python3.10/site-packages/triton/compiler/compiler.py", line 83, in make_ir\n    return ast_to_ttir(self.fn, self, context=context, options=options, codegen_fns=codegen_fns,\ntriton.compiler.errors.CompilationError: at 33:22:\n        k_offset = k * BLOCK_K\n        k_mask = k_offset + tl.arange(0, BLOCK_K) < in_channels\n\n        x_ptr_offset = b*stride_xb + h*stride_xh + w*stride_xw + (k_offset + tl.arange(0, BLOCK_K))*stride_xc\n        x_vals = tl.load(x_ptr + x_ptr_offset, mask=k_mask, other=0.0)\n\n        w_ptr_offset = (n_offset + tl.arange(0, BLOCK_N)[:, None])*stride_woc + (k_offset + tl.arange(0, BLOCK_K)[None, :])*stride_wic\n        w_vals = tl.load(w_ptr + w_ptr_offset, mask=n_mask[:, None] & k_mask[None, :], other=0.0)\n\n        # Optimized matrix multiplication using tensor cores\n        x_vec = tl.reshape(x_vals, (BLOCK_K, 1))\n        dot_product = tl.dot(w_vals, x_vec, allow_tf32=True)  # [BLOCK_N, 1]\n                      ^\n\n\nThe above exception was the direct cause of the following exception:\n\nTraceback (most recent call last):\n  File "/home/lijiaxing/.conda/envs/api/lib/python3.10/site-packages/triton/language/core.py", line 42, in wrapper\n    return fn(*args, **kwargs)\n  File "/home/lijiaxing/.conda/envs/api/lib/python3.10/site-packages/triton/language/core.py", line 2045, in dot\n    return _semantic.dot(input, other, acc, input_precision, max_num_imprecise_acc, out_dtype)\n  File "/home/lijiaxing/.conda/envs/api/lib/python3.10/site-packages/triton/language/semantic.py", line 1504, in dot\n    and rhs.shape[-1].value >= min_dot_size[1], \\\nAssertionError: Input shapes should have M >= 16, N >= 16 and K >= 16\n', 'runtime_error_name': 'triton.compiler.errors.CompilationError', 'reference_timing_ms': 0.223, 'speed_up': -1.0, 'custom_timing': -1.0}, 'runtime': -1.0, 'runtime_stats': {}}}
2025-08-08 02:30:36,777 - openevolve.RemoteSpeedupEvaluator - INFO - [level3_21_EfficientNetMBConv] triton key words check pass
2025-08-08 02:30:36,778 - openevolve.RemoteSpeedupEvaluator - INFO - [level3_21_EfficientNetMBConv] verify_plus payload: reference_code(2304 chars) + custom_code(8299 chars)
2025-08-08 02:30:39,807 - openevolve.RemoteSpeedupEvaluator - INFO - [level3_21_EfficientNetMBConv] verify_plus request success
2025-08-08 02:30:39,807 - openevolve.RemoteSpeedupEvaluator - INFO - [level3_21_EfficientNetMBConv] verify_plus response: {"id":"level3_21_EfficientNetMBConv","result":{"compiled":true,"correctness":false,"metadata":{"hardware":"NVIDIA L20Y","device":"cuda:5","runtime_error":"Traceback (most recent call last):\n  File \"/cpfs01/shared/llm_kernel/hujiakai/KernelLLM/validation_api_server/helpers/evaluations.py\", line 720, in run_and_check_correctness\n    output_new = model_new(*inputs)\n  File \"/home/lijiaxing/.conda/envs/api/lib/python3.10/site-packages/torch/nn/modules/module.py\", line 1773, in _wrapped_call_impl\n    return self._call_impl(*args, **kwargs)\n  File \"/home/lijiaxing/.conda/envs/api/lib/python3.10/site-packages/torch/nn/modules/module.py\", line 1784, in _call_impl\n    return forward_call(*args, **kwargs)\n  File \"/tmp/tmpwiiimq_9.py\", line 200, in forward\n    x = self.expand_conv(x)\n
2025-08-08 02:30:39,807 - openevolve.RemoteSpeedupEvaluator - INFO - [level3_21_EfficientNetMBConv] âœ˜ wrong_answer
2025-08-08 02:30:39,808 - openevolve.evaluator - INFO - Evaluated program 1b0bbc35-893a-4051-81d4-5f759d0b4cb4 in 3.03s: compiled=1.0000, correctness=0.0000, score=10.0000, stage=wrong_answer, verify_payload={'id': 'level3_21_EfficientNetMBConv', 'result': {'compiled': True, 'correctness': False, 'metadata': {'hardware': 'NVIDIA L20Y', 'device': 'cuda:5', 'runtime_error': 'Traceback (most recent call last):\n  File "/cpfs01/shared/llm_kernel/hujiakai/KernelLLM/validation_api_server/helpers/evaluations.py", line 720, in run_and_check_correctness\n    output_new = model_new(*inputs)\n  File "/home/lijiaxing/.conda/envs/api/lib/python3.10/site-packages/torch/nn/modules/module.py", line 1773, in _wrapped_call_impl\n    return self._call_impl(*args, **kwargs)\n  File "/home/lijiaxing/.conda/envs/api/lib/python3.10/site-packages/torch/nn/modules/module.py", line 1784, in _call_impl\n    return forward_call(*args, **kwargs)\n  File "/tmp/tmpwiiimq_9.py", line 200, in forward\n    x = self.expand_conv(x)\n  File "/home/lijiaxing/.conda/envs/api/lib/python3.10/site-packages/torch/nn/modules/module.py", line 1773, in _wrapped_call_impl\n    return self._call_impl(*args, **kwargs)\n  File "/home/lijiaxing/.conda/envs/api/lib/python3.10/site-packages/torch/nn/modules/module.py", line 1784, in _call_impl\n    return forward_call(*args, **kwargs)\n  File "/home/lijiaxing/.conda/envs/api/lib/python3.10/site-packages/torch/nn/modules/container.py", line 244, in forward\n    input = module(input)\n  File "/home/lijiaxing/.conda/envs/api/lib/python3.10/site-packages/torch/nn/modules/module.py", line 1773, in _wrapped_call_impl\n    return self._call_impl(*args, **kwargs)\n  File "/home/lijiaxing/.conda/envs/api/lib/python3.10/site-packages/torch/nn/modules/module.py", line 1784, in _call_impl\n    return forward_call(*args, **kwargs)\n  File "/tmp/tmpwiiimq_9.py", line 130, in forward\n    conv1x1_kernel[grid](\n  File "/home/lijiaxing/.conda/envs/api/lib/python3.10/site-packages/triton/runtime/jit.py", line 390, in <lambda>\n    return lambda *args, **kwargs: self.run(grid=grid, warmup=False, *args, **kwargs)\n  File "/home/lijiaxing/.conda/envs/api/lib/python3.10/site-packages/triton/runtime/autotuner.py", line 239, in run\n    benchmark()\n  File "/home/lijiaxing/.conda/envs/api/lib/python3.10/site-packages/triton/runtime/autotuner.py", line 228, in benchmark\n    timings = {config: self._bench(*args, config=config, **kwargs) for config in pruned_configs}\n  File "/home/lijiaxing/.conda/envs/api/lib/python3.10/site-packages/triton/runtime/autotuner.py", line 228, in <dictcomp>\n    timings = {config: self._bench(*args, config=config, **kwargs) for config in pruned_configs}\n  File "/home/lijiaxing/.conda/envs/api/lib/python3.10/site-packages/triton/runtime/autotuner.py", line 135, in _bench\n    raise ValueError(f"Conflicting meta-parameters: {\', \'.join(conflicts)}."\nValueError: Conflicting meta-parameters: BLOCK_N, BLOCK_K. Make sure that you don\'t re-define auto-tuned symbols.\n', 'runtime_error_name': 'builtins.ValueError', 'reference_timing_ms': 0.223, 'speed_up': -1.0, 'custom_timing': -1.0}, 'runtime': -1.0, 'runtime_stats': {}}}
2025-08-08 02:30:39,812 - openevolve.llm.ensemble - INFO - Sampled model: deepseek
2025-08-08 02:30:39,813 - openevolve.database - INFO - Population size (26) exceeds limit (25), removing 1 programs
2025-08-08 02:30:39,813 - openevolve.database - INFO - Population size after cleanup: 25
2025-08-08 02:30:39,844 - openevolve.threaded_parallel - INFO - Iteration 25: Program 1b0bbc35-893a-4051-81d4-5f759d0b4cb4 (parent: ef9933a1-b69a-496b-9a57-bf5ff898d34b) completed in 762.20s
2025-08-08 02:30:39,845 - openevolve.threaded_parallel - INFO - Metrics: compiled=1.0000, correctness=0.0000, score=10.0000, stage=wrong_answer, verify_payload={'id': 'level3_21_EfficientNetMBConv', 'result': {'compiled': True, 'correctness': False, 'metadata': {'hardware': 'NVIDIA L20Y', 'device': 'cuda:5', 'runtime_error': 'Traceback (most recent call last):\n  File "/cpfs01/shared/llm_kernel/hujiakai/KernelLLM/validation_api_server/helpers/evaluations.py", line 720, in run_and_check_correctness\n    output_new = model_new(*inputs)\n  File "/home/lijiaxing/.conda/envs/api/lib/python3.10/site-packages/torch/nn/modules/module.py", line 1773, in _wrapped_call_impl\n    return self._call_impl(*args, **kwargs)\n  File "/home/lijiaxing/.conda/envs/api/lib/python3.10/site-packages/torch/nn/modules/module.py", line 1784, in _call_impl\n    return forward_call(*args, **kwargs)\n  File "/tmp/tmpwiiimq_9.py", line 200, in forward\n    x = self.expand_conv(x)\n  File "/home/lijiaxing/.conda/envs/api/lib/python3.10/site-packages/torch/nn/modules/module.py", line 1773, in _wrapped_call_impl\n    return self._call_impl(*args, **kwargs)\n  File "/home/lijiaxing/.conda/envs/api/lib/python3.10/site-packages/torch/nn/modules/module.py", line 1784, in _call_impl\n    return forward_call(*args, **kwargs)\n  File "/home/lijiaxing/.conda/envs/api/lib/python3.10/site-packages/torch/nn/modules/container.py", line 244, in forward\n    input = module(input)\n  File "/home/lijiaxing/.conda/envs/api/lib/python3.10/site-packages/torch/nn/modules/module.py", line 1773, in _wrapped_call_impl\n    return self._call_impl(*args, **kwargs)\n  File "/home/lijiaxing/.conda/envs/api/lib/python3.10/site-packages/torch/nn/modules/module.py", line 1784, in _call_impl\n    return forward_call(*args, **kwargs)\n  File "/tmp/tmpwiiimq_9.py", line 130, in forward\n    conv1x1_kernel[grid](\n  File "/home/lijiaxing/.conda/envs/api/lib/python3.10/site-packages/triton/runtime/jit.py", line 390, in <lambda>\n    return lambda *args, **kwargs: self.run(grid=grid, warmup=False, *args, **kwargs)\n  File "/home/lijiaxing/.conda/envs/api/lib/python3.10/site-packages/triton/runtime/autotuner.py", line 239, in run\n    benchmark()\n  File "/home/lijiaxing/.conda/envs/api/lib/python3.10/site-packages/triton/runtime/autotuner.py", line 228, in benchmark\n    timings = {config: self._bench(*args, config=config, **kwargs) for config in pruned_configs}\n  File "/home/lijiaxing/.conda/envs/api/lib/python3.10/site-packages/triton/runtime/autotuner.py", line 228, in <dictcomp>\n    timings = {config: self._bench(*args, config=config, **kwargs) for config in pruned_configs}\n  File "/home/lijiaxing/.conda/envs/api/lib/python3.10/site-packages/triton/runtime/autotuner.py", line 135, in _bench\n    raise ValueError(f"Conflicting meta-parameters: {\', \'.join(conflicts)}."\nValueError: Conflicting meta-parameters: BLOCK_N, BLOCK_K. Make sure that you don\'t re-define auto-tuned symbols.\n', 'runtime_error_name': 'builtins.ValueError', 'reference_timing_ms': 0.223, 'speed_up': -1.0, 'custom_timing': -1.0}, 'runtime': -1.0, 'runtime_stats': {}}}
2025-08-08 02:33:29,095 - openevolve.RemoteSpeedupEvaluator - INFO - [level3_21_EfficientNetMBConv] triton key words check pass
2025-08-08 02:33:29,097 - openevolve.RemoteSpeedupEvaluator - INFO - [level3_21_EfficientNetMBConv] verify_plus payload: reference_code(2304 chars) + custom_code(4358 chars)
2025-08-08 02:33:31,700 - openevolve.RemoteSpeedupEvaluator - INFO - [level3_21_EfficientNetMBConv] verify_plus request success
2025-08-08 02:33:31,700 - openevolve.RemoteSpeedupEvaluator - INFO - [level3_21_EfficientNetMBConv] verify_plus response: {"id":"level3_21_EfficientNetMBConv","result":{"compiled":false,"correctness":false,"metadata":{"hardware":"NVIDIA L20Y","device":"cuda:6","compilation_error_name":"builtins.TypeError","compilation_error":"jit() got an unexpected keyword argument 'num_warps'","reference_timing_ms":0.223,"speed_up":-1.0,"custom_timing":-1.0},"runtime":-1.0,"runtime_stats":{}}}
2025-08-08 02:33:31,700 - openevolve.RemoteSpeedupEvaluator - INFO - [level3_21_EfficientNetMBConv] âœ˜ compile_error
2025-08-08 02:33:31,700 - openevolve.RemoteSpeedupEvaluator - INFO - [level3_21_EfficientNetMBConv_a4808d] execute payload: {id:level3_21_EfficientNetMBConv_a4808d, device_type:NV_LY_20}
2025-08-08 02:33:33,861 - openevolve.RemoteSpeedupEvaluator - INFO - [level3_21_EfficientNetMBConv_a4808d] execute request success
2025-08-08 02:33:33,861 - openevolve.RemoteSpeedupEvaluator - INFO - [level3_21_EfficientNetMBConv_a4808d] execute response: {"id":"level3_21_EfficientNetMBConv_a4808d","exit_code":"1","content":"[Child] ç»‘å®š GPU 7, torch sees 1 device(s)\n\n[Exception]\nTraceback (most recent call last):\n  File \"/cpfs01/shared/llm_kernel/hujiakai/KernelLLM/validation_api_server/code_executor.py\", line 71, in _exec_worker\n    exec(textwrap.dedent(code_src), mod.__dict__)\n  File \"<string>\", line 7, in <module>\nTypeError: jit() got an unexpected keyword argument 'num_warps'\n"}
2025-08-08 02:33:33,861 - openevolve.evaluator - INFO - Evaluated program a716ad48-6a5e-4c37-8d7d-c9888832313f in 4.77s: compiled=0.0000, correctness=0.0000, score=1.0000, stage=compile_error, compile_log=, exec_log=[Child] ç»‘å®š GPU 7, torch sees 1 device(s)

[Exception]
Traceback (most recent call last):
  File "/cpfs01/shared/llm_kernel/hujiakai/KernelLLM/validation_api_server/code_executor.py", line 71, in _exec_worker
    exec(textwrap.dedent(code_src), mod.__dict__)
  File "<string>", line 7, in <module>
TypeError: jit() got an unexpected keyword argument 'num_warps'
, exit_code=1
2025-08-08 02:33:33,871 - openevolve.database - INFO - New MAP-Elites cell occupied: {'score': 9, 'complexity': 0}
2025-08-08 02:33:33,872 - openevolve.database - INFO - Population size (26) exceeds limit (25), removing 1 programs
2025-08-08 02:33:33,872 - openevolve.database - INFO - Population size after cleanup: 25
2025-08-08 02:33:33,884 - openevolve.threaded_parallel - INFO - Iteration 27: Program a716ad48-6a5e-4c37-8d7d-c9888832313f (parent: a797e2a0-08f2-4421-96ce-fcbb3d75c5d3) completed in 551.65s
2025-08-08 02:33:33,884 - openevolve.threaded_parallel - INFO - Metrics: compiled=0.0000, correctness=0.0000, score=1.0000, stage=compile_error, compile_log=, exec_log=[Child] ç»‘å®š GPU 7, torch sees 1 device(s)

[Exception]
Traceback (most recent call last):
  File "/cpfs01/shared/llm_kernel/hujiakai/KernelLLM/validation_api_server/code_executor.py", line 71, in _exec_worker
    exec(textwrap.dedent(code_src), mod.__dict__)
  File "<string>", line 7, in <module>
TypeError: jit() got an unexpected keyword argument 'num_warps'
, exit_code=1
2025-08-08 02:33:33,884 - openevolve.threaded_parallel - INFO - Checkpoint interval reached at iteration 27
2025-08-08 02:33:33,886 - openevolve.database - INFO - Island Status:
2025-08-08 02:33:33,887 - openevolve.database - INFO -    Island 0: 8 programs, best=20.0000, avg=15.0000, diversity=729.22, gen=9 (best: 7ca774b0-b9e3-473a-9d47-3a066e4141f7)
2025-08-08 02:33:33,887 - openevolve.database - INFO -    Island 1: 11 programs, best=20.0000, avg=11.9091, diversity=192.18, gen=10 (best: a797e2a0-08f2-4421-96ce-fcbb3d75c5d3)
2025-08-08 02:33:33,887 - openevolve.database - INFO -  * Island 2: 8 programs, best=20.0000, avg=12.5000, diversity=444.82, gen=9 (best: 4c259650-033f-4230-be9b-46eeca8baf95)
2025-08-08 02:33:34,195 - openevolve.database - INFO - Saved database with 25 programs to openevolve_output/level3_21_EfficientNetMBConv/checkpoints/checkpoint_27
2025-08-08 02:33:34,211 - openevolve.controller - INFO - Saved best program at checkpoint 27 with metrics: compiled=1.0000, correctness=1.0000, stage=success, passed=0.0000, score=20.0000, speed_up=0.0060, runtime_ms=35.5000, meta={'hardware': 'NVIDIA L20Y', 'device': 'cuda:3', 'correctness_trials': '(5 / 5)', 'reference_timing_ms': 0.223, 'speed_up': 0.006, 'custom_timing': 35.5}
2025-08-08 02:33:34,211 - openevolve.controller - INFO - Saved checkpoint at iteration 27 to openevolve_output/level3_21_EfficientNetMBConv/checkpoints/checkpoint_27
2025-08-08 02:38:40,780 - openevolve.RemoteSpeedupEvaluator - INFO - [level3_21_EfficientNetMBConv] âœ˜ invalid_answer 'import triton' is not found
2025-08-08 02:38:40,782 - openevolve.evaluator - INFO - Evaluated program c203b480-6e6b-4759-bb2d-530234902273 in 0.00s: compiled=0.0000, correctness=0.0000, score=-100.0000, stage=no_valid_triton_code, feedback=You need to generate real and valid triton code for the core function. The key word 'import triton' is not found.
2025-08-08 02:38:40,784 - openevolve.database - INFO - New MAP-Elites cell occupied: {'score': -1000, 'complexity': 0}
2025-08-08 02:38:40,784 - openevolve.database - INFO - Population size (26) exceeds limit (25), removing 1 programs
2025-08-08 02:38:40,784 - openevolve.database - INFO - Population size after cleanup: 25
2025-08-08 02:38:40,791 - openevolve.threaded_parallel - INFO - Iteration 29: Program c203b480-6e6b-4759-bb2d-530234902273 (parent: 1a44ccc8-1c80-44dd-8c16-4077b3cd20f4) completed in 480.97s
2025-08-08 02:38:40,791 - openevolve.threaded_parallel - INFO - Metrics: compiled=0.0000, correctness=0.0000, score=-100.0000, stage=no_valid_triton_code, feedback=You need to generate real and valid triton code for the core function. The key word 'import triton' is not found.
2025-08-08 02:39:51,307 - openevolve.RemoteSpeedupEvaluator - INFO - [level3_21_EfficientNetMBConv] triton key words check pass
2025-08-08 02:39:51,309 - openevolve.RemoteSpeedupEvaluator - INFO - [level3_21_EfficientNetMBConv] verify_plus payload: reference_code(2304 chars) + custom_code(5701 chars)
2025-08-08 02:39:56,456 - openevolve.RemoteSpeedupEvaluator - INFO - [level3_21_EfficientNetMBConv] verify_plus request success
2025-08-08 02:39:56,457 - openevolve.RemoteSpeedupEvaluator - INFO - [level3_21_EfficientNetMBConv] verify_plus response: {"id":"level3_21_EfficientNetMBConv","result":{"error":"CUDA error: an illegal memory access was encountered\nCUDA kernel errors might be asynchronously reported at some other API call, so the stacktrace below might be incorrect.\nFor debugging consider passing CUDA_LAUNCH_BLOCKING=1\nCompile with `TORCH_USE_CUDA_DSA` to enable device-side assertions.\n\nTraceback (most recent call last):\n  File \"/cpfs01/shared/llm_kernel/hujiakai/KernelLLM/validation_api_server/evaluator.py\", line 173, in _verification_worker\n    result: KernelExecResult = eval_kernel_against_ref(\n  File \"/cpfs01/shared/llm_kernel/hujiakai/KernelLLM/validation_api_server/helpers/evaluations.py\", line 578, in eval_kernel_against_ref\n    graceful_eval_cleanup(context, device, tempfile)\n  File \"/cpfs01/shared/llm_k
2025-08-08 02:39:56,457 - openevolve.RemoteSpeedupEvaluator - INFO - [level3_21_EfficientNetMBConv] âœ˜ compile_error
2025-08-08 02:39:56,457 - openevolve.RemoteSpeedupEvaluator - INFO - [level3_21_EfficientNetMBConv_b16500] execute payload: {id:level3_21_EfficientNetMBConv_b16500, device_type:NV_LY_20}
2025-08-08 02:39:58,467 - openevolve.RemoteSpeedupEvaluator - INFO - [level3_21_EfficientNetMBConv_b16500] execute request success
2025-08-08 02:39:58,468 - openevolve.RemoteSpeedupEvaluator - INFO - [level3_21_EfficientNetMBConv_b16500] execute response: {"id":"level3_21_EfficientNetMBConv_b16500","exit_code":"1","content":"[Child] ç»‘å®š GPU 1, torch sees 1 device(s)\n\n[Exception]\nTraceback (most recent call last):\n  File \"/cpfs01/shared/llm_kernel/hujiakai/KernelLLM/validation_api_server/code_executor.py\", line 71, in _exec_worker\n    exec(textwrap.dedent(code_src), mod.__dict__)\n  File \"<string>\", line 20, in <module>\n  File \"/home/lijiaxing/.conda/envs/api/lib/python3.10/site-packages/triton/runtime/jit.py\", line 844, in jit\n    return decorator(fn)\n  File \"/home/lijiaxing/.conda/envs/api/lib/python3.10/site-packages/triton/runtime/jit.py\", line 832, in decorator\n    return JITFunction(\n  File \"/home/lijiaxing/.conda/envs/api/lib/python3.10/site-packages/triton/runtime/jit.py\", line 635, in __init__\n    self.starting_l
2025-08-08 02:39:58,468 - openevolve.evaluator - INFO - Evaluated program df56c2d1-e790-44ad-b094-cceab2e1603e in 7.16s: compiled=0.0000, correctness=0.0000, score=1.0000, stage=compile_error, compile_log=CUDA error: an illegal memory access was encountered
CUDA kernel errors might be asynchronously reported at some other API call, so the stacktrace below might be incorrect.
For debugging consider passing CUDA_LAUNCH_BLOCKING=1
Compile with `TORCH_USE_CUDA_DSA` to enable device-side assertions.

Traceback (most recent call last):
  File "/cpfs01/shared/llm_kernel/hujiakai/KernelLLM/validation_api_server/evaluator.py", line 173, in _verification_worker
    result: KernelExecResult = eval_kernel_against_ref(
  File "/cpfs01/shared/llm_kernel/hujiakai/KernelLLM/validation_api_server/helpers/evaluations.py", line 578, in eval_kernel_against_ref
    graceful_eval_cleanup(context, device, tempfile)
  File "/cpfs01/shared/llm_kernel/hujiakai/KernelLLM/validation_api_server/helpers/evaluations.py", line 230, in graceful_eval_cleanup
    torch.cuda.empty_cache()
  File "/home/lijiaxing/.conda/envs/api/lib/python3.10/site-packages/torch/cuda/memory.py", line 224, in empty_cache
    torch._C._cuda_emptyCache()
torch.AcceleratorError: CUDA error: an illegal memory access was encountered
CUDA kernel errors might be asynchronously reported at some other API call, so the stacktrace below might be incorrect.
For debugging consider passing CUDA_LAUNCH_BLOCKING=1
Compile with `TORCH_USE_CUDA_DSA` to enable device-side assertions.

, exec_log=[Child] ç»‘å®š GPU 1, torch sees 1 device(s)

[Exception]
Traceback (most recent call last):
  File "/cpfs01/shared/llm_kernel/hujiakai/KernelLLM/validation_api_server/code_executor.py", line 71, in _exec_worker
    exec(textwrap.dedent(code_src), mod.__dict__)
  File "<string>", line 20, in <module>
  File "/home/lijiaxing/.conda/envs/api/lib/python3.10/site-packages/triton/runtime/jit.py", line 844, in jit
    return decorator(fn)
  File "/home/lijiaxing/.conda/envs/api/lib/python3.10/site-packages/triton/runtime/jit.py", line 832, in decorator
    return JITFunction(
  File "/home/lijiaxing/.conda/envs/api/lib/python3.10/site-packages/triton/runtime/jit.py", line 635, in __init__
    self.starting_line_number = inspect.getsourcelines(fn)[1]
  File "/home/lijiaxing/.conda/envs/api/lib/python3.10/inspect.py", line 1121, in getsourcelines
    lines, lnum = findsource(object)
  File "/home/lijiaxing/.conda/envs/api/lib/python3.10/inspect.py", line 958, in findsource
    raise OSError('could not get source code')
OSError: could not get source code
, exit_code=1
2025-08-08 02:39:58,477 - openevolve.database - INFO - Population size (26) exceeds limit (25), removing 1 programs
2025-08-08 02:39:58,477 - openevolve.database - INFO - Population size after cleanup: 25
2025-08-08 02:39:58,489 - openevolve.threaded_parallel - INFO - Iteration 28: Program df56c2d1-e790-44ad-b094-cceab2e1603e (parent: 7ca774b0-b9e3-473a-9d47-3a066e4141f7) completed in 815.52s
2025-08-08 02:39:58,489 - openevolve.threaded_parallel - INFO - Metrics: compiled=0.0000, correctness=0.0000, score=1.0000, stage=compile_error, compile_log=CUDA error: an illegal memory access was encountered
CUDA kernel errors might be asynchronously reported at some other API call, so the stacktrace below might be incorrect.
For debugging consider passing CUDA_LAUNCH_BLOCKING=1
Compile with `TORCH_USE_CUDA_DSA` to enable device-side assertions.

Traceback (most recent call last):
  File "/cpfs01/shared/llm_kernel/hujiakai/KernelLLM/validation_api_server/evaluator.py", line 173, in _verification_worker
    result: KernelExecResult = eval_kernel_against_ref(
  File "/cpfs01/shared/llm_kernel/hujiakai/KernelLLM/validation_api_server/helpers/evaluations.py", line 578, in eval_kernel_against_ref
    graceful_eval_cleanup(context, device, tempfile)
  File "/cpfs01/shared/llm_kernel/hujiakai/KernelLLM/validation_api_server/helpers/evaluations.py", line 230, in graceful_eval_cleanup
    torch.cuda.empty_cache()
  File "/home/lijiaxing/.conda/envs/api/lib/python3.10/site-packages/torch/cuda/memory.py", line 224, in empty_cache
    torch._C._cuda_emptyCache()
torch.AcceleratorError: CUDA error: an illegal memory access was encountered
CUDA kernel errors might be asynchronously reported at some other API call, so the stacktrace below might be incorrect.
For debugging consider passing CUDA_LAUNCH_BLOCKING=1
Compile with `TORCH_USE_CUDA_DSA` to enable device-side assertions.

, exec_log=[Child] ç»‘å®š GPU 1, torch sees 1 device(s)

[Exception]
Traceback (most recent call last):
  File "/cpfs01/shared/llm_kernel/hujiakai/KernelLLM/validation_api_server/code_executor.py", line 71, in _exec_worker
    exec(textwrap.dedent(code_src), mod.__dict__)
  File "<string>", line 20, in <module>
  File "/home/lijiaxing/.conda/envs/api/lib/python3.10/site-packages/triton/runtime/jit.py", line 844, in jit
    return decorator(fn)
  File "/home/lijiaxing/.conda/envs/api/lib/python3.10/site-packages/triton/runtime/jit.py", line 832, in decorator
    return JITFunction(
  File "/home/lijiaxing/.conda/envs/api/lib/python3.10/site-packages/triton/runtime/jit.py", line 635, in __init__
    self.starting_line_number = inspect.getsourcelines(fn)[1]
  File "/home/lijiaxing/.conda/envs/api/lib/python3.10/inspect.py", line 1121, in getsourcelines
    lines, lnum = findsource(object)
  File "/home/lijiaxing/.conda/envs/api/lib/python3.10/inspect.py", line 958, in findsource
    raise OSError('could not get source code')
OSError: could not get source code
, exit_code=1
2025-08-08 02:39:58,489 - openevolve.threaded_parallel - INFO - Evolution completed
2025-08-08 02:39:58,497 - openevolve.threaded_parallel - INFO - Stopped thread pool
2025-08-08 02:39:58,497 - openevolve.threaded_parallel - INFO - Stopped improved parallel controller
2025-08-08 02:39:58,497 - openevolve.controller - INFO - Using tracked best program: 7ca774b0-b9e3-473a-9d47-3a066e4141f7
2025-08-08 02:39:58,497 - openevolve.controller - INFO - Evolution complete. Best program has metrics: compiled=1.0000, correctness=1.0000, stage=success, passed=0.0000, score=20.0000, speed_up=0.0060, runtime_ms=35.5000, meta={'hardware': 'NVIDIA L20Y', 'device': 'cuda:3', 'correctness_trials': '(5 / 5)', 'reference_timing_ms': 0.223, 'speed_up': 0.006, 'custom_timing': 35.5}
2025-08-08 02:39:58,517 - openevolve.controller - INFO - Saved best program to openevolve_output/level3_21_EfficientNetMBConv/best/best_program.py with program info to openevolve_output/level3_21_EfficientNetMBConv/best/best_program_info.json
2025-08-08 02:39:58,518 - __main__ - INFO - âœ… å®Œæˆ level3_21_EfficientNetMBConv
2025-08-08 02:39:58,518 - __main__ - INFO - ======================================================================
2025-08-08 02:39:58,518 - __main__ - INFO - ðŸš€ [5/6] å¼€å§‹ level3_49_Mamba2ReturnFinalState
2025-08-08 02:39:58,518 - __main__ - INFO - ======================================================================
2025-08-08 02:39:58,571 - openevolve.controller - INFO - Logging to openevolve_output/level3_49_Mamba2ReturnFinalState/logs/openevolve_20250808_023958.log
2025-08-08 02:39:58,571 - openevolve.controller - INFO - Set random seed to 42 for reproducibility
2025-08-08 02:39:58,611 - openevolve.llm.ensemble - INFO - Initialized LLM ensemble with models: deepseek (weight: 0.80), deepseek (weight: 0.20)
2025-08-08 02:39:58,649 - openevolve.llm.ensemble - INFO - Initialized LLM ensemble with models: deepseek (weight: 0.80), deepseek (weight: 0.20)
2025-08-08 02:39:58,650 - openevolve.prompt.sampler - INFO - Set custom templates: system=evaluator_system_message, user=None
2025-08-08 02:39:58,650 - openevolve.database - INFO - Initialized program database with 0 programs
2025-08-08 02:39:58,671 - openevolve.evaluator - INFO - Successfully loaded evaluation function from openevolve_output/level3_49_Mamba2ReturnFinalState/evaluation.py
2025-08-08 02:39:58,671 - openevolve.evaluator - INFO - Initialized evaluator with openevolve_output/level3_49_Mamba2ReturnFinalState/evaluation.py
2025-08-08 02:39:58,671 - openevolve.controller - INFO - Initialized OpenEvolve with /tmp/9960c6c4230c23354e8824d311357ccf.py
2025-08-08 02:39:58,671 - openevolve.controller - INFO - Adding initial program to database
2025-08-08 02:39:58,672 - openevolve.RemoteSpeedupEvaluator - INFO - [level3_49_Mamba2ReturnFinalState] verify_plus payload: reference_code(3473 chars) + custom_code(3597 chars)
2025-08-08 02:40:00,948 - openevolve.RemoteSpeedupEvaluator - INFO - [level3_49_Mamba2ReturnFinalState] verify_plus request success
2025-08-08 02:40:00,948 - openevolve.RemoteSpeedupEvaluator - INFO - [level3_49_Mamba2ReturnFinalState] verify_plus response: {"id":"level3_49_Mamba2ReturnFinalState","result":{"error":"No module named 'einops'\nTraceback (most recent call last):\n  File \"/cpfs01/shared/llm_kernel/hujiakai/KernelLLM/validation_api_server/evaluator.py\", line 92, in _measure_perf_worker\n    exec(textwrap.dedent(code_src), temp_module.__dict__)\n  File \"<string>\", line 4, in <module>\nModuleNotFoundError: No module named 'einops'\n"}}
2025-08-08 02:40:00,948 - openevolve.evaluator - WARNING - Evaluation attempt 1/4 failed for program 43971d7e-7cd6-4ef2-9d0e-7a4ec74b388c: Error: The reference code is not valid or correct. The verify result is: {'error': 'No module named \'einops\'\nTraceback (most recent call last):\n  File "/cpfs01/shared/llm_kernel/hujiakai/KernelLLM/validation_api_server/evaluator.py", line 92, in _measure_perf_worker\n    exec(textwrap.dedent(code_src), temp_module.__dict__)\n  File "<string>", line 4, in <module>\nModuleNotFoundError: No module named \'einops\'\n'}
2025-08-08 02:40:01,955 - openevolve.RemoteSpeedupEvaluator - INFO - [level3_49_Mamba2ReturnFinalState] verify_plus payload: reference_code(3473 chars) + custom_code(3597 chars)
2025-08-08 02:40:04,302 - openevolve.RemoteSpeedupEvaluator - INFO - [level3_49_Mamba2ReturnFinalState] verify_plus request success
2025-08-08 02:40:04,303 - openevolve.RemoteSpeedupEvaluator - INFO - [level3_49_Mamba2ReturnFinalState] verify_plus response: {"id":"level3_49_Mamba2ReturnFinalState","result":{"error":"No module named 'einops'\nTraceback (most recent call last):\n  File \"/cpfs01/shared/llm_kernel/hujiakai/KernelLLM/validation_api_server/evaluator.py\", line 92, in _measure_perf_worker\n    exec(textwrap.dedent(code_src), temp_module.__dict__)\n  File \"<string>\", line 4, in <module>\nModuleNotFoundError: No module named 'einops'\n"}}
2025-08-08 02:40:04,303 - openevolve.evaluator - WARNING - Evaluation attempt 2/4 failed for program 43971d7e-7cd6-4ef2-9d0e-7a4ec74b388c: Error: The reference code is not valid or correct. The verify result is: {'error': 'No module named \'einops\'\nTraceback (most recent call last):\n  File "/cpfs01/shared/llm_kernel/hujiakai/KernelLLM/validation_api_server/evaluator.py", line 92, in _measure_perf_worker\n    exec(textwrap.dedent(code_src), temp_module.__dict__)\n  File "<string>", line 4, in <module>\nModuleNotFoundError: No module named \'einops\'\n'}
2025-08-08 02:40:05,306 - openevolve.RemoteSpeedupEvaluator - INFO - [level3_49_Mamba2ReturnFinalState] verify_plus payload: reference_code(3473 chars) + custom_code(3597 chars)
2025-08-08 02:40:07,544 - openevolve.RemoteSpeedupEvaluator - INFO - [level3_49_Mamba2ReturnFinalState] verify_plus request success
2025-08-08 02:40:07,544 - openevolve.RemoteSpeedupEvaluator - INFO - [level3_49_Mamba2ReturnFinalState] verify_plus response: {"id":"level3_49_Mamba2ReturnFinalState","result":{"error":"No module named 'einops'\nTraceback (most recent call last):\n  File \"/cpfs01/shared/llm_kernel/hujiakai/KernelLLM/validation_api_server/evaluator.py\", line 92, in _measure_perf_worker\n    exec(textwrap.dedent(code_src), temp_module.__dict__)\n  File \"<string>\", line 4, in <module>\nModuleNotFoundError: No module named 'einops'\n"}}
2025-08-08 02:40:07,545 - openevolve.evaluator - WARNING - Evaluation attempt 3/4 failed for program 43971d7e-7cd6-4ef2-9d0e-7a4ec74b388c: Error: The reference code is not valid or correct. The verify result is: {'error': 'No module named \'einops\'\nTraceback (most recent call last):\n  File "/cpfs01/shared/llm_kernel/hujiakai/KernelLLM/validation_api_server/evaluator.py", line 92, in _measure_perf_worker\n    exec(textwrap.dedent(code_src), temp_module.__dict__)\n  File "<string>", line 4, in <module>\nModuleNotFoundError: No module named \'einops\'\n'}
2025-08-08 02:40:08,547 - openevolve.RemoteSpeedupEvaluator - INFO - [level3_49_Mamba2ReturnFinalState] verify_plus payload: reference_code(3473 chars) + custom_code(3597 chars)
2025-08-08 02:40:10,775 - openevolve.RemoteSpeedupEvaluator - INFO - [level3_49_Mamba2ReturnFinalState] verify_plus request success
2025-08-08 02:40:10,776 - openevolve.RemoteSpeedupEvaluator - INFO - [level3_49_Mamba2ReturnFinalState] verify_plus response: {"id":"level3_49_Mamba2ReturnFinalState","result":{"error":"No module named 'einops'\nTraceback (most recent call last):\n  File \"/cpfs01/shared/llm_kernel/hujiakai/KernelLLM/validation_api_server/evaluator.py\", line 92, in _measure_perf_worker\n    exec(textwrap.dedent(code_src), temp_module.__dict__)\n  File \"<string>\", line 4, in <module>\nModuleNotFoundError: No module named 'einops'\n"}}
2025-08-08 02:40:10,776 - openevolve.evaluator - WARNING - Evaluation attempt 4/4 failed for program 43971d7e-7cd6-4ef2-9d0e-7a4ec74b388c: Error: The reference code is not valid or correct. The verify result is: {'error': 'No module named \'einops\'\nTraceback (most recent call last):\n  File "/cpfs01/shared/llm_kernel/hujiakai/KernelLLM/validation_api_server/evaluator.py", line 92, in _measure_perf_worker\n    exec(textwrap.dedent(code_src), temp_module.__dict__)\n  File "<string>", line 4, in <module>\nModuleNotFoundError: No module named \'einops\'\n'}
2025-08-08 02:40:10,777 - openevolve.evaluator - ERROR - All evaluation attempts failed for program 43971d7e-7cd6-4ef2-9d0e-7a4ec74b388c. Last error: Error: The reference code is not valid or correct. The verify result is: {'error': 'No module named \'einops\'\nTraceback (most recent call last):\n  File "/cpfs01/shared/llm_kernel/hujiakai/KernelLLM/validation_api_server/evaluator.py", line 92, in _measure_perf_worker\n    exec(textwrap.dedent(code_src), temp_module.__dict__)\n  File "<string>", line 4, in <module>\nModuleNotFoundError: No module named \'einops\'\n'}
2025-08-08 02:40:10,777 - __main__ - ERROR - ðŸ’¥ å¤±è´¥ level3_49_Mamba2ReturnFinalState: 'score'
2025-08-08 02:40:10,777 - __main__ - INFO - ======================================================================
2025-08-08 02:40:10,777 - __main__ - INFO - ðŸš€ [6/6] å¼€å§‹ level5_12_deepseekv3_MLA_decode
2025-08-08 02:40:10,778 - __main__ - INFO - ======================================================================
2025-08-08 02:40:10,845 - openevolve.controller - INFO - Logging to openevolve_output/level5_12_deepseekv3_MLA_decode/logs/openevolve_20250808_024010.log
2025-08-08 02:40:10,845 - openevolve.controller - INFO - Set random seed to 42 for reproducibility
2025-08-08 02:40:10,884 - openevolve.llm.ensemble - INFO - Initialized LLM ensemble with models: deepseek (weight: 0.80), deepseek (weight: 0.20)
2025-08-08 02:40:10,924 - openevolve.llm.ensemble - INFO - Initialized LLM ensemble with models: deepseek (weight: 0.80), deepseek (weight: 0.20)
2025-08-08 02:40:10,924 - openevolve.prompt.sampler - INFO - Set custom templates: system=evaluator_system_message, user=None
2025-08-08 02:40:10,924 - openevolve.database - INFO - Initialized program database with 0 programs
2025-08-08 02:40:10,946 - openevolve.evaluator - INFO - Successfully loaded evaluation function from openevolve_output/level5_12_deepseekv3_MLA_decode/evaluation.py
2025-08-08 02:40:10,946 - openevolve.evaluator - INFO - Initialized evaluator with openevolve_output/level5_12_deepseekv3_MLA_decode/evaluation.py
2025-08-08 02:40:10,946 - openevolve.controller - INFO - Initialized OpenEvolve with /tmp/9835df67776a7c18162ef197180fe8ee.py
2025-08-08 02:40:10,946 - openevolve.controller - INFO - Adding initial program to database
2025-08-08 02:40:10,949 - openevolve.RemoteSpeedupEvaluator - INFO - [level5_12_deepseekv3_MLA_decode] verify_plus payload: reference_code(11886 chars) + custom_code(12007 chars)
2025-08-08 02:40:13,728 - openevolve.RemoteSpeedupEvaluator - INFO - [level5_12_deepseekv3_MLA_decode] verify_plus request success
2025-08-08 02:40:13,728 - openevolve.RemoteSpeedupEvaluator - INFO - [level5_12_deepseekv3_MLA_decode] verify_plus response: {"id":"level5_12_deepseekv3_MLA_decode","result":{"error":"'NoneType' object has no attribute '__dict__'\nTraceback (most recent call last):\n  File \"/cpfs01/shared/llm_kernel/hujiakai/KernelLLM/validation_api_server/evaluator.py\", line 92, in _measure_perf_worker\n    exec(textwrap.dedent(code_src), temp_module.__dict__)\n  File \"<string>\", line 9, in <module>\n  File \"/home/lijiaxing/.conda/envs/api/lib/python3.10/dataclasses.py\", line 1184, in dataclass\n    return wrap(cls)\n  File \"/home/lijiaxing/.conda/envs/api/lib/python3.10/dataclasses.py\", line 1175, in wrap\n    return _process_class(cls, init, repr, eq, order, unsafe_hash,\n  File \"/home/lijiaxing/.conda/envs/api/lib/python3.10/dataclasses.py\", line 944, in _process_class\n    and _is_type(type, cls, dataclasses, data
2025-08-08 02:40:13,729 - openevolve.evaluator - WARNING - Evaluation attempt 1/4 failed for program 6517080f-e512-4d78-9c62-1f97c3f6d261: Error: The reference code is not valid or correct. The verify result is: {'error': '\'NoneType\' object has no attribute \'__dict__\'\nTraceback (most recent call last):\n  File "/cpfs01/shared/llm_kernel/hujiakai/KernelLLM/validation_api_server/evaluator.py", line 92, in _measure_perf_worker\n    exec(textwrap.dedent(code_src), temp_module.__dict__)\n  File "<string>", line 9, in <module>\n  File "/home/lijiaxing/.conda/envs/api/lib/python3.10/dataclasses.py", line 1184, in dataclass\n    return wrap(cls)\n  File "/home/lijiaxing/.conda/envs/api/lib/python3.10/dataclasses.py", line 1175, in wrap\n    return _process_class(cls, init, repr, eq, order, unsafe_hash,\n  File "/home/lijiaxing/.conda/envs/api/lib/python3.10/dataclasses.py", line 944, in _process_class\n    and _is_type(type, cls, dataclasses, dataclasses.KW_ONLY,\n  File "/home/lijiaxing/.conda/envs/api/lib/python3.10/dataclasses.py", line 711, in _is_type\n    ns = sys.modules.get(cls.__module__).__dict__\nAttributeError: \'NoneType\' object has no attribute \'__dict__\'. Did you mean: \'__dir__\'?\n'}
2025-08-08 02:40:14,732 - openevolve.RemoteSpeedupEvaluator - INFO - [level5_12_deepseekv3_MLA_decode] verify_plus payload: reference_code(11886 chars) + custom_code(12007 chars)
2025-08-08 02:40:17,073 - openevolve.RemoteSpeedupEvaluator - INFO - [level5_12_deepseekv3_MLA_decode] verify_plus request success
2025-08-08 02:40:17,073 - openevolve.RemoteSpeedupEvaluator - INFO - [level5_12_deepseekv3_MLA_decode] verify_plus response: {"id":"level5_12_deepseekv3_MLA_decode","result":{"error":"'NoneType' object has no attribute '__dict__'\nTraceback (most recent call last):\n  File \"/cpfs01/shared/llm_kernel/hujiakai/KernelLLM/validation_api_server/evaluator.py\", line 92, in _measure_perf_worker\n    exec(textwrap.dedent(code_src), temp_module.__dict__)\n  File \"<string>\", line 9, in <module>\n  File \"/home/lijiaxing/.conda/envs/api/lib/python3.10/dataclasses.py\", line 1184, in dataclass\n    return wrap(cls)\n  File \"/home/lijiaxing/.conda/envs/api/lib/python3.10/dataclasses.py\", line 1175, in wrap\n    return _process_class(cls, init, repr, eq, order, unsafe_hash,\n  File \"/home/lijiaxing/.conda/envs/api/lib/python3.10/dataclasses.py\", line 944, in _process_class\n    and _is_type(type, cls, dataclasses, data
2025-08-08 02:40:17,073 - openevolve.evaluator - WARNING - Evaluation attempt 2/4 failed for program 6517080f-e512-4d78-9c62-1f97c3f6d261: Error: The reference code is not valid or correct. The verify result is: {'error': '\'NoneType\' object has no attribute \'__dict__\'\nTraceback (most recent call last):\n  File "/cpfs01/shared/llm_kernel/hujiakai/KernelLLM/validation_api_server/evaluator.py", line 92, in _measure_perf_worker\n    exec(textwrap.dedent(code_src), temp_module.__dict__)\n  File "<string>", line 9, in <module>\n  File "/home/lijiaxing/.conda/envs/api/lib/python3.10/dataclasses.py", line 1184, in dataclass\n    return wrap(cls)\n  File "/home/lijiaxing/.conda/envs/api/lib/python3.10/dataclasses.py", line 1175, in wrap\n    return _process_class(cls, init, repr, eq, order, unsafe_hash,\n  File "/home/lijiaxing/.conda/envs/api/lib/python3.10/dataclasses.py", line 944, in _process_class\n    and _is_type(type, cls, dataclasses, dataclasses.KW_ONLY,\n  File "/home/lijiaxing/.conda/envs/api/lib/python3.10/dataclasses.py", line 711, in _is_type\n    ns = sys.modules.get(cls.__module__).__dict__\nAttributeError: \'NoneType\' object has no attribute \'__dict__\'. Did you mean: \'__dir__\'?\n'}
2025-08-08 02:40:18,076 - openevolve.RemoteSpeedupEvaluator - INFO - [level5_12_deepseekv3_MLA_decode] verify_plus payload: reference_code(11886 chars) + custom_code(12007 chars)
2025-08-08 02:40:20,415 - openevolve.RemoteSpeedupEvaluator - INFO - [level5_12_deepseekv3_MLA_decode] verify_plus request success
2025-08-08 02:40:20,415 - openevolve.RemoteSpeedupEvaluator - INFO - [level5_12_deepseekv3_MLA_decode] verify_plus response: {"id":"level5_12_deepseekv3_MLA_decode","result":{"error":"'NoneType' object has no attribute '__dict__'\nTraceback (most recent call last):\n  File \"/cpfs01/shared/llm_kernel/hujiakai/KernelLLM/validation_api_server/evaluator.py\", line 92, in _measure_perf_worker\n    exec(textwrap.dedent(code_src), temp_module.__dict__)\n  File \"<string>\", line 9, in <module>\n  File \"/home/lijiaxing/.conda/envs/api/lib/python3.10/dataclasses.py\", line 1184, in dataclass\n    return wrap(cls)\n  File \"/home/lijiaxing/.conda/envs/api/lib/python3.10/dataclasses.py\", line 1175, in wrap\n    return _process_class(cls, init, repr, eq, order, unsafe_hash,\n  File \"/home/lijiaxing/.conda/envs/api/lib/python3.10/dataclasses.py\", line 944, in _process_class\n    and _is_type(type, cls, dataclasses, data
2025-08-08 02:40:20,416 - openevolve.evaluator - WARNING - Evaluation attempt 3/4 failed for program 6517080f-e512-4d78-9c62-1f97c3f6d261: Error: The reference code is not valid or correct. The verify result is: {'error': '\'NoneType\' object has no attribute \'__dict__\'\nTraceback (most recent call last):\n  File "/cpfs01/shared/llm_kernel/hujiakai/KernelLLM/validation_api_server/evaluator.py", line 92, in _measure_perf_worker\n    exec(textwrap.dedent(code_src), temp_module.__dict__)\n  File "<string>", line 9, in <module>\n  File "/home/lijiaxing/.conda/envs/api/lib/python3.10/dataclasses.py", line 1184, in dataclass\n    return wrap(cls)\n  File "/home/lijiaxing/.conda/envs/api/lib/python3.10/dataclasses.py", line 1175, in wrap\n    return _process_class(cls, init, repr, eq, order, unsafe_hash,\n  File "/home/lijiaxing/.conda/envs/api/lib/python3.10/dataclasses.py", line 944, in _process_class\n    and _is_type(type, cls, dataclasses, dataclasses.KW_ONLY,\n  File "/home/lijiaxing/.conda/envs/api/lib/python3.10/dataclasses.py", line 711, in _is_type\n    ns = sys.modules.get(cls.__module__).__dict__\nAttributeError: \'NoneType\' object has no attribute \'__dict__\'. Did you mean: \'__dir__\'?\n'}
2025-08-08 02:40:21,419 - openevolve.RemoteSpeedupEvaluator - INFO - [level5_12_deepseekv3_MLA_decode] verify_plus payload: reference_code(11886 chars) + custom_code(12007 chars)
2025-08-08 02:40:23,792 - openevolve.RemoteSpeedupEvaluator - INFO - [level5_12_deepseekv3_MLA_decode] verify_plus request success
2025-08-08 02:40:23,792 - openevolve.RemoteSpeedupEvaluator - INFO - [level5_12_deepseekv3_MLA_decode] verify_plus response: {"id":"level5_12_deepseekv3_MLA_decode","result":{"error":"'NoneType' object has no attribute '__dict__'\nTraceback (most recent call last):\n  File \"/cpfs01/shared/llm_kernel/hujiakai/KernelLLM/validation_api_server/evaluator.py\", line 92, in _measure_perf_worker\n    exec(textwrap.dedent(code_src), temp_module.__dict__)\n  File \"<string>\", line 9, in <module>\n  File \"/home/lijiaxing/.conda/envs/api/lib/python3.10/dataclasses.py\", line 1184, in dataclass\n    return wrap(cls)\n  File \"/home/lijiaxing/.conda/envs/api/lib/python3.10/dataclasses.py\", line 1175, in wrap\n    return _process_class(cls, init, repr, eq, order, unsafe_hash,\n  File \"/home/lijiaxing/.conda/envs/api/lib/python3.10/dataclasses.py\", line 944, in _process_class\n    and _is_type(type, cls, dataclasses, data
2025-08-08 02:40:23,793 - openevolve.evaluator - WARNING - Evaluation attempt 4/4 failed for program 6517080f-e512-4d78-9c62-1f97c3f6d261: Error: The reference code is not valid or correct. The verify result is: {'error': '\'NoneType\' object has no attribute \'__dict__\'\nTraceback (most recent call last):\n  File "/cpfs01/shared/llm_kernel/hujiakai/KernelLLM/validation_api_server/evaluator.py", line 92, in _measure_perf_worker\n    exec(textwrap.dedent(code_src), temp_module.__dict__)\n  File "<string>", line 9, in <module>\n  File "/home/lijiaxing/.conda/envs/api/lib/python3.10/dataclasses.py", line 1184, in dataclass\n    return wrap(cls)\n  File "/home/lijiaxing/.conda/envs/api/lib/python3.10/dataclasses.py", line 1175, in wrap\n    return _process_class(cls, init, repr, eq, order, unsafe_hash,\n  File "/home/lijiaxing/.conda/envs/api/lib/python3.10/dataclasses.py", line 944, in _process_class\n    and _is_type(type, cls, dataclasses, dataclasses.KW_ONLY,\n  File "/home/lijiaxing/.conda/envs/api/lib/python3.10/dataclasses.py", line 711, in _is_type\n    ns = sys.modules.get(cls.__module__).__dict__\nAttributeError: \'NoneType\' object has no attribute \'__dict__\'. Did you mean: \'__dir__\'?\n'}
2025-08-08 02:40:23,793 - openevolve.evaluator - ERROR - All evaluation attempts failed for program 6517080f-e512-4d78-9c62-1f97c3f6d261. Last error: Error: The reference code is not valid or correct. The verify result is: {'error': '\'NoneType\' object has no attribute \'__dict__\'\nTraceback (most recent call last):\n  File "/cpfs01/shared/llm_kernel/hujiakai/KernelLLM/validation_api_server/evaluator.py", line 92, in _measure_perf_worker\n    exec(textwrap.dedent(code_src), temp_module.__dict__)\n  File "<string>", line 9, in <module>\n  File "/home/lijiaxing/.conda/envs/api/lib/python3.10/dataclasses.py", line 1184, in dataclass\n    return wrap(cls)\n  File "/home/lijiaxing/.conda/envs/api/lib/python3.10/dataclasses.py", line 1175, in wrap\n    return _process_class(cls, init, repr, eq, order, unsafe_hash,\n  File "/home/lijiaxing/.conda/envs/api/lib/python3.10/dataclasses.py", line 944, in _process_class\n    and _is_type(type, cls, dataclasses, dataclasses.KW_ONLY,\n  File "/home/lijiaxing/.conda/envs/api/lib/python3.10/dataclasses.py", line 711, in _is_type\n    ns = sys.modules.get(cls.__module__).__dict__\nAttributeError: \'NoneType\' object has no attribute \'__dict__\'. Did you mean: \'__dir__\'?\n'}
2025-08-08 02:40:23,794 - __main__ - ERROR - ðŸ’¥ å¤±è´¥ level5_12_deepseekv3_MLA_decode: 'score'
2025-08-08 02:40:23,794 - __main__ - INFO - ----------------------------------------------------------------------
2025-08-08 02:40:23,794 - __main__ - INFO - ðŸ“Š è¿›ç¨‹ rank=22 ç»“æŸ | æˆåŠŸ 4 | å¤±è´¥ 2
2025-08-08 02:40:23,794 - __main__ - INFO - ----------------------------------------------------------------------
