2025-08-08 02:39:58,571 - openevolve.controller - INFO - Logging to openevolve_output/level3_49_Mamba2ReturnFinalState/logs/openevolve_20250808_023958.log
2025-08-08 02:39:58,571 - openevolve.controller - INFO - Set random seed to 42 for reproducibility
2025-08-08 02:39:58,611 - openevolve.llm.ensemble - INFO - Initialized LLM ensemble with models: deepseek (weight: 0.80), deepseek (weight: 0.20)
2025-08-08 02:39:58,649 - openevolve.llm.ensemble - INFO - Initialized LLM ensemble with models: deepseek (weight: 0.80), deepseek (weight: 0.20)
2025-08-08 02:39:58,650 - openevolve.prompt.sampler - INFO - Set custom templates: system=evaluator_system_message, user=None
2025-08-08 02:39:58,650 - openevolve.database - INFO - Initialized program database with 0 programs
2025-08-08 02:39:58,671 - openevolve.evaluator - INFO - Successfully loaded evaluation function from openevolve_output/level3_49_Mamba2ReturnFinalState/evaluation.py
2025-08-08 02:39:58,671 - openevolve.evaluator - INFO - Initialized evaluator with openevolve_output/level3_49_Mamba2ReturnFinalState/evaluation.py
2025-08-08 02:39:58,671 - openevolve.controller - INFO - Initialized OpenEvolve with /tmp/9960c6c4230c23354e8824d311357ccf.py
2025-08-08 02:39:58,671 - openevolve.controller - INFO - Adding initial program to database
2025-08-08 02:39:58,672 - openevolve.RemoteSpeedupEvaluator - INFO - [level3_49_Mamba2ReturnFinalState] verify_plus payload: reference_code(3473 chars) + custom_code(3597 chars)
2025-08-08 02:40:00,948 - openevolve.RemoteSpeedupEvaluator - INFO - [level3_49_Mamba2ReturnFinalState] verify_plus request success
2025-08-08 02:40:00,948 - openevolve.RemoteSpeedupEvaluator - INFO - [level3_49_Mamba2ReturnFinalState] verify_plus response: {"id":"level3_49_Mamba2ReturnFinalState","result":{"error":"No module named 'einops'\nTraceback (most recent call last):\n  File \"/cpfs01/shared/llm_kernel/hujiakai/KernelLLM/validation_api_server/evaluator.py\", line 92, in _measure_perf_worker\n    exec(textwrap.dedent(code_src), temp_module.__dict__)\n  File \"<string>\", line 4, in <module>\nModuleNotFoundError: No module named 'einops'\n"}}
2025-08-08 02:40:00,948 - openevolve.evaluator - WARNING - Evaluation attempt 1/4 failed for program 43971d7e-7cd6-4ef2-9d0e-7a4ec74b388c: Error: The reference code is not valid or correct. The verify result is: {'error': 'No module named \'einops\'\nTraceback (most recent call last):\n  File "/cpfs01/shared/llm_kernel/hujiakai/KernelLLM/validation_api_server/evaluator.py", line 92, in _measure_perf_worker\n    exec(textwrap.dedent(code_src), temp_module.__dict__)\n  File "<string>", line 4, in <module>\nModuleNotFoundError: No module named \'einops\'\n'}
2025-08-08 02:40:01,955 - openevolve.RemoteSpeedupEvaluator - INFO - [level3_49_Mamba2ReturnFinalState] verify_plus payload: reference_code(3473 chars) + custom_code(3597 chars)
2025-08-08 02:40:04,302 - openevolve.RemoteSpeedupEvaluator - INFO - [level3_49_Mamba2ReturnFinalState] verify_plus request success
2025-08-08 02:40:04,303 - openevolve.RemoteSpeedupEvaluator - INFO - [level3_49_Mamba2ReturnFinalState] verify_plus response: {"id":"level3_49_Mamba2ReturnFinalState","result":{"error":"No module named 'einops'\nTraceback (most recent call last):\n  File \"/cpfs01/shared/llm_kernel/hujiakai/KernelLLM/validation_api_server/evaluator.py\", line 92, in _measure_perf_worker\n    exec(textwrap.dedent(code_src), temp_module.__dict__)\n  File \"<string>\", line 4, in <module>\nModuleNotFoundError: No module named 'einops'\n"}}
2025-08-08 02:40:04,303 - openevolve.evaluator - WARNING - Evaluation attempt 2/4 failed for program 43971d7e-7cd6-4ef2-9d0e-7a4ec74b388c: Error: The reference code is not valid or correct. The verify result is: {'error': 'No module named \'einops\'\nTraceback (most recent call last):\n  File "/cpfs01/shared/llm_kernel/hujiakai/KernelLLM/validation_api_server/evaluator.py", line 92, in _measure_perf_worker\n    exec(textwrap.dedent(code_src), temp_module.__dict__)\n  File "<string>", line 4, in <module>\nModuleNotFoundError: No module named \'einops\'\n'}
2025-08-08 02:40:05,306 - openevolve.RemoteSpeedupEvaluator - INFO - [level3_49_Mamba2ReturnFinalState] verify_plus payload: reference_code(3473 chars) + custom_code(3597 chars)
2025-08-08 02:40:07,544 - openevolve.RemoteSpeedupEvaluator - INFO - [level3_49_Mamba2ReturnFinalState] verify_plus request success
2025-08-08 02:40:07,544 - openevolve.RemoteSpeedupEvaluator - INFO - [level3_49_Mamba2ReturnFinalState] verify_plus response: {"id":"level3_49_Mamba2ReturnFinalState","result":{"error":"No module named 'einops'\nTraceback (most recent call last):\n  File \"/cpfs01/shared/llm_kernel/hujiakai/KernelLLM/validation_api_server/evaluator.py\", line 92, in _measure_perf_worker\n    exec(textwrap.dedent(code_src), temp_module.__dict__)\n  File \"<string>\", line 4, in <module>\nModuleNotFoundError: No module named 'einops'\n"}}
2025-08-08 02:40:07,545 - openevolve.evaluator - WARNING - Evaluation attempt 3/4 failed for program 43971d7e-7cd6-4ef2-9d0e-7a4ec74b388c: Error: The reference code is not valid or correct. The verify result is: {'error': 'No module named \'einops\'\nTraceback (most recent call last):\n  File "/cpfs01/shared/llm_kernel/hujiakai/KernelLLM/validation_api_server/evaluator.py", line 92, in _measure_perf_worker\n    exec(textwrap.dedent(code_src), temp_module.__dict__)\n  File "<string>", line 4, in <module>\nModuleNotFoundError: No module named \'einops\'\n'}
2025-08-08 02:40:08,547 - openevolve.RemoteSpeedupEvaluator - INFO - [level3_49_Mamba2ReturnFinalState] verify_plus payload: reference_code(3473 chars) + custom_code(3597 chars)
2025-08-08 02:40:10,775 - openevolve.RemoteSpeedupEvaluator - INFO - [level3_49_Mamba2ReturnFinalState] verify_plus request success
2025-08-08 02:40:10,776 - openevolve.RemoteSpeedupEvaluator - INFO - [level3_49_Mamba2ReturnFinalState] verify_plus response: {"id":"level3_49_Mamba2ReturnFinalState","result":{"error":"No module named 'einops'\nTraceback (most recent call last):\n  File \"/cpfs01/shared/llm_kernel/hujiakai/KernelLLM/validation_api_server/evaluator.py\", line 92, in _measure_perf_worker\n    exec(textwrap.dedent(code_src), temp_module.__dict__)\n  File \"<string>\", line 4, in <module>\nModuleNotFoundError: No module named 'einops'\n"}}
2025-08-08 02:40:10,776 - openevolve.evaluator - WARNING - Evaluation attempt 4/4 failed for program 43971d7e-7cd6-4ef2-9d0e-7a4ec74b388c: Error: The reference code is not valid or correct. The verify result is: {'error': 'No module named \'einops\'\nTraceback (most recent call last):\n  File "/cpfs01/shared/llm_kernel/hujiakai/KernelLLM/validation_api_server/evaluator.py", line 92, in _measure_perf_worker\n    exec(textwrap.dedent(code_src), temp_module.__dict__)\n  File "<string>", line 4, in <module>\nModuleNotFoundError: No module named \'einops\'\n'}
2025-08-08 02:40:10,777 - openevolve.evaluator - ERROR - All evaluation attempts failed for program 43971d7e-7cd6-4ef2-9d0e-7a4ec74b388c. Last error: Error: The reference code is not valid or correct. The verify result is: {'error': 'No module named \'einops\'\nTraceback (most recent call last):\n  File "/cpfs01/shared/llm_kernel/hujiakai/KernelLLM/validation_api_server/evaluator.py", line 92, in _measure_perf_worker\n    exec(textwrap.dedent(code_src), temp_module.__dict__)\n  File "<string>", line 4, in <module>\nModuleNotFoundError: No module named \'einops\'\n'}
2025-08-08 02:40:10,777 - __main__ - ERROR - üí• Â§±Ë¥• level3_49_Mamba2ReturnFinalState: 'score'
2025-08-08 02:40:10,777 - __main__ - INFO - ======================================================================
2025-08-08 02:40:10,777 - __main__ - INFO - üöÄ [6/6] ÂºÄÂßã level5_12_deepseekv3_MLA_decode
2025-08-08 02:40:10,778 - __main__ - INFO - ======================================================================
2025-08-08 02:40:10,845 - openevolve.controller - INFO - Logging to openevolve_output/level5_12_deepseekv3_MLA_decode/logs/openevolve_20250808_024010.log
2025-08-08 02:40:10,845 - openevolve.controller - INFO - Set random seed to 42 for reproducibility
2025-08-08 02:40:10,884 - openevolve.llm.ensemble - INFO - Initialized LLM ensemble with models: deepseek (weight: 0.80), deepseek (weight: 0.20)
2025-08-08 02:40:10,924 - openevolve.llm.ensemble - INFO - Initialized LLM ensemble with models: deepseek (weight: 0.80), deepseek (weight: 0.20)
2025-08-08 02:40:10,924 - openevolve.prompt.sampler - INFO - Set custom templates: system=evaluator_system_message, user=None
2025-08-08 02:40:10,924 - openevolve.database - INFO - Initialized program database with 0 programs
2025-08-08 02:40:10,946 - openevolve.evaluator - INFO - Successfully loaded evaluation function from openevolve_output/level5_12_deepseekv3_MLA_decode/evaluation.py
2025-08-08 02:40:10,946 - openevolve.evaluator - INFO - Initialized evaluator with openevolve_output/level5_12_deepseekv3_MLA_decode/evaluation.py
2025-08-08 02:40:10,946 - openevolve.controller - INFO - Initialized OpenEvolve with /tmp/9835df67776a7c18162ef197180fe8ee.py
2025-08-08 02:40:10,946 - openevolve.controller - INFO - Adding initial program to database
2025-08-08 02:40:10,949 - openevolve.RemoteSpeedupEvaluator - INFO - [level5_12_deepseekv3_MLA_decode] verify_plus payload: reference_code(11886 chars) + custom_code(12007 chars)
2025-08-08 02:40:13,728 - openevolve.RemoteSpeedupEvaluator - INFO - [level5_12_deepseekv3_MLA_decode] verify_plus request success
2025-08-08 02:40:13,728 - openevolve.RemoteSpeedupEvaluator - INFO - [level5_12_deepseekv3_MLA_decode] verify_plus response: {"id":"level5_12_deepseekv3_MLA_decode","result":{"error":"'NoneType' object has no attribute '__dict__'\nTraceback (most recent call last):\n  File \"/cpfs01/shared/llm_kernel/hujiakai/KernelLLM/validation_api_server/evaluator.py\", line 92, in _measure_perf_worker\n    exec(textwrap.dedent(code_src), temp_module.__dict__)\n  File \"<string>\", line 9, in <module>\n  File \"/home/lijiaxing/.conda/envs/api/lib/python3.10/dataclasses.py\", line 1184, in dataclass\n    return wrap(cls)\n  File \"/home/lijiaxing/.conda/envs/api/lib/python3.10/dataclasses.py\", line 1175, in wrap\n    return _process_class(cls, init, repr, eq, order, unsafe_hash,\n  File \"/home/lijiaxing/.conda/envs/api/lib/python3.10/dataclasses.py\", line 944, in _process_class\n    and _is_type(type, cls, dataclasses, data
2025-08-08 02:40:13,729 - openevolve.evaluator - WARNING - Evaluation attempt 1/4 failed for program 6517080f-e512-4d78-9c62-1f97c3f6d261: Error: The reference code is not valid or correct. The verify result is: {'error': '\'NoneType\' object has no attribute \'__dict__\'\nTraceback (most recent call last):\n  File "/cpfs01/shared/llm_kernel/hujiakai/KernelLLM/validation_api_server/evaluator.py", line 92, in _measure_perf_worker\n    exec(textwrap.dedent(code_src), temp_module.__dict__)\n  File "<string>", line 9, in <module>\n  File "/home/lijiaxing/.conda/envs/api/lib/python3.10/dataclasses.py", line 1184, in dataclass\n    return wrap(cls)\n  File "/home/lijiaxing/.conda/envs/api/lib/python3.10/dataclasses.py", line 1175, in wrap\n    return _process_class(cls, init, repr, eq, order, unsafe_hash,\n  File "/home/lijiaxing/.conda/envs/api/lib/python3.10/dataclasses.py", line 944, in _process_class\n    and _is_type(type, cls, dataclasses, dataclasses.KW_ONLY,\n  File "/home/lijiaxing/.conda/envs/api/lib/python3.10/dataclasses.py", line 711, in _is_type\n    ns = sys.modules.get(cls.__module__).__dict__\nAttributeError: \'NoneType\' object has no attribute \'__dict__\'. Did you mean: \'__dir__\'?\n'}
2025-08-08 02:40:14,732 - openevolve.RemoteSpeedupEvaluator - INFO - [level5_12_deepseekv3_MLA_decode] verify_plus payload: reference_code(11886 chars) + custom_code(12007 chars)
2025-08-08 02:40:17,073 - openevolve.RemoteSpeedupEvaluator - INFO - [level5_12_deepseekv3_MLA_decode] verify_plus request success
2025-08-08 02:40:17,073 - openevolve.RemoteSpeedupEvaluator - INFO - [level5_12_deepseekv3_MLA_decode] verify_plus response: {"id":"level5_12_deepseekv3_MLA_decode","result":{"error":"'NoneType' object has no attribute '__dict__'\nTraceback (most recent call last):\n  File \"/cpfs01/shared/llm_kernel/hujiakai/KernelLLM/validation_api_server/evaluator.py\", line 92, in _measure_perf_worker\n    exec(textwrap.dedent(code_src), temp_module.__dict__)\n  File \"<string>\", line 9, in <module>\n  File \"/home/lijiaxing/.conda/envs/api/lib/python3.10/dataclasses.py\", line 1184, in dataclass\n    return wrap(cls)\n  File \"/home/lijiaxing/.conda/envs/api/lib/python3.10/dataclasses.py\", line 1175, in wrap\n    return _process_class(cls, init, repr, eq, order, unsafe_hash,\n  File \"/home/lijiaxing/.conda/envs/api/lib/python3.10/dataclasses.py\", line 944, in _process_class\n    and _is_type(type, cls, dataclasses, data
2025-08-08 02:40:17,073 - openevolve.evaluator - WARNING - Evaluation attempt 2/4 failed for program 6517080f-e512-4d78-9c62-1f97c3f6d261: Error: The reference code is not valid or correct. The verify result is: {'error': '\'NoneType\' object has no attribute \'__dict__\'\nTraceback (most recent call last):\n  File "/cpfs01/shared/llm_kernel/hujiakai/KernelLLM/validation_api_server/evaluator.py", line 92, in _measure_perf_worker\n    exec(textwrap.dedent(code_src), temp_module.__dict__)\n  File "<string>", line 9, in <module>\n  File "/home/lijiaxing/.conda/envs/api/lib/python3.10/dataclasses.py", line 1184, in dataclass\n    return wrap(cls)\n  File "/home/lijiaxing/.conda/envs/api/lib/python3.10/dataclasses.py", line 1175, in wrap\n    return _process_class(cls, init, repr, eq, order, unsafe_hash,\n  File "/home/lijiaxing/.conda/envs/api/lib/python3.10/dataclasses.py", line 944, in _process_class\n    and _is_type(type, cls, dataclasses, dataclasses.KW_ONLY,\n  File "/home/lijiaxing/.conda/envs/api/lib/python3.10/dataclasses.py", line 711, in _is_type\n    ns = sys.modules.get(cls.__module__).__dict__\nAttributeError: \'NoneType\' object has no attribute \'__dict__\'. Did you mean: \'__dir__\'?\n'}
2025-08-08 02:40:18,076 - openevolve.RemoteSpeedupEvaluator - INFO - [level5_12_deepseekv3_MLA_decode] verify_plus payload: reference_code(11886 chars) + custom_code(12007 chars)
2025-08-08 02:40:20,415 - openevolve.RemoteSpeedupEvaluator - INFO - [level5_12_deepseekv3_MLA_decode] verify_plus request success
2025-08-08 02:40:20,415 - openevolve.RemoteSpeedupEvaluator - INFO - [level5_12_deepseekv3_MLA_decode] verify_plus response: {"id":"level5_12_deepseekv3_MLA_decode","result":{"error":"'NoneType' object has no attribute '__dict__'\nTraceback (most recent call last):\n  File \"/cpfs01/shared/llm_kernel/hujiakai/KernelLLM/validation_api_server/evaluator.py\", line 92, in _measure_perf_worker\n    exec(textwrap.dedent(code_src), temp_module.__dict__)\n  File \"<string>\", line 9, in <module>\n  File \"/home/lijiaxing/.conda/envs/api/lib/python3.10/dataclasses.py\", line 1184, in dataclass\n    return wrap(cls)\n  File \"/home/lijiaxing/.conda/envs/api/lib/python3.10/dataclasses.py\", line 1175, in wrap\n    return _process_class(cls, init, repr, eq, order, unsafe_hash,\n  File \"/home/lijiaxing/.conda/envs/api/lib/python3.10/dataclasses.py\", line 944, in _process_class\n    and _is_type(type, cls, dataclasses, data
2025-08-08 02:40:20,416 - openevolve.evaluator - WARNING - Evaluation attempt 3/4 failed for program 6517080f-e512-4d78-9c62-1f97c3f6d261: Error: The reference code is not valid or correct. The verify result is: {'error': '\'NoneType\' object has no attribute \'__dict__\'\nTraceback (most recent call last):\n  File "/cpfs01/shared/llm_kernel/hujiakai/KernelLLM/validation_api_server/evaluator.py", line 92, in _measure_perf_worker\n    exec(textwrap.dedent(code_src), temp_module.__dict__)\n  File "<string>", line 9, in <module>\n  File "/home/lijiaxing/.conda/envs/api/lib/python3.10/dataclasses.py", line 1184, in dataclass\n    return wrap(cls)\n  File "/home/lijiaxing/.conda/envs/api/lib/python3.10/dataclasses.py", line 1175, in wrap\n    return _process_class(cls, init, repr, eq, order, unsafe_hash,\n  File "/home/lijiaxing/.conda/envs/api/lib/python3.10/dataclasses.py", line 944, in _process_class\n    and _is_type(type, cls, dataclasses, dataclasses.KW_ONLY,\n  File "/home/lijiaxing/.conda/envs/api/lib/python3.10/dataclasses.py", line 711, in _is_type\n    ns = sys.modules.get(cls.__module__).__dict__\nAttributeError: \'NoneType\' object has no attribute \'__dict__\'. Did you mean: \'__dir__\'?\n'}
2025-08-08 02:40:21,419 - openevolve.RemoteSpeedupEvaluator - INFO - [level5_12_deepseekv3_MLA_decode] verify_plus payload: reference_code(11886 chars) + custom_code(12007 chars)
2025-08-08 02:40:23,792 - openevolve.RemoteSpeedupEvaluator - INFO - [level5_12_deepseekv3_MLA_decode] verify_plus request success
2025-08-08 02:40:23,792 - openevolve.RemoteSpeedupEvaluator - INFO - [level5_12_deepseekv3_MLA_decode] verify_plus response: {"id":"level5_12_deepseekv3_MLA_decode","result":{"error":"'NoneType' object has no attribute '__dict__'\nTraceback (most recent call last):\n  File \"/cpfs01/shared/llm_kernel/hujiakai/KernelLLM/validation_api_server/evaluator.py\", line 92, in _measure_perf_worker\n    exec(textwrap.dedent(code_src), temp_module.__dict__)\n  File \"<string>\", line 9, in <module>\n  File \"/home/lijiaxing/.conda/envs/api/lib/python3.10/dataclasses.py\", line 1184, in dataclass\n    return wrap(cls)\n  File \"/home/lijiaxing/.conda/envs/api/lib/python3.10/dataclasses.py\", line 1175, in wrap\n    return _process_class(cls, init, repr, eq, order, unsafe_hash,\n  File \"/home/lijiaxing/.conda/envs/api/lib/python3.10/dataclasses.py\", line 944, in _process_class\n    and _is_type(type, cls, dataclasses, data
2025-08-08 02:40:23,793 - openevolve.evaluator - WARNING - Evaluation attempt 4/4 failed for program 6517080f-e512-4d78-9c62-1f97c3f6d261: Error: The reference code is not valid or correct. The verify result is: {'error': '\'NoneType\' object has no attribute \'__dict__\'\nTraceback (most recent call last):\n  File "/cpfs01/shared/llm_kernel/hujiakai/KernelLLM/validation_api_server/evaluator.py", line 92, in _measure_perf_worker\n    exec(textwrap.dedent(code_src), temp_module.__dict__)\n  File "<string>", line 9, in <module>\n  File "/home/lijiaxing/.conda/envs/api/lib/python3.10/dataclasses.py", line 1184, in dataclass\n    return wrap(cls)\n  File "/home/lijiaxing/.conda/envs/api/lib/python3.10/dataclasses.py", line 1175, in wrap\n    return _process_class(cls, init, repr, eq, order, unsafe_hash,\n  File "/home/lijiaxing/.conda/envs/api/lib/python3.10/dataclasses.py", line 944, in _process_class\n    and _is_type(type, cls, dataclasses, dataclasses.KW_ONLY,\n  File "/home/lijiaxing/.conda/envs/api/lib/python3.10/dataclasses.py", line 711, in _is_type\n    ns = sys.modules.get(cls.__module__).__dict__\nAttributeError: \'NoneType\' object has no attribute \'__dict__\'. Did you mean: \'__dir__\'?\n'}
2025-08-08 02:40:23,793 - openevolve.evaluator - ERROR - All evaluation attempts failed for program 6517080f-e512-4d78-9c62-1f97c3f6d261. Last error: Error: The reference code is not valid or correct. The verify result is: {'error': '\'NoneType\' object has no attribute \'__dict__\'\nTraceback (most recent call last):\n  File "/cpfs01/shared/llm_kernel/hujiakai/KernelLLM/validation_api_server/evaluator.py", line 92, in _measure_perf_worker\n    exec(textwrap.dedent(code_src), temp_module.__dict__)\n  File "<string>", line 9, in <module>\n  File "/home/lijiaxing/.conda/envs/api/lib/python3.10/dataclasses.py", line 1184, in dataclass\n    return wrap(cls)\n  File "/home/lijiaxing/.conda/envs/api/lib/python3.10/dataclasses.py", line 1175, in wrap\n    return _process_class(cls, init, repr, eq, order, unsafe_hash,\n  File "/home/lijiaxing/.conda/envs/api/lib/python3.10/dataclasses.py", line 944, in _process_class\n    and _is_type(type, cls, dataclasses, dataclasses.KW_ONLY,\n  File "/home/lijiaxing/.conda/envs/api/lib/python3.10/dataclasses.py", line 711, in _is_type\n    ns = sys.modules.get(cls.__module__).__dict__\nAttributeError: \'NoneType\' object has no attribute \'__dict__\'. Did you mean: \'__dir__\'?\n'}
2025-08-08 02:40:23,794 - __main__ - ERROR - üí• Â§±Ë¥• level5_12_deepseekv3_MLA_decode: 'score'
2025-08-08 02:40:23,794 - __main__ - INFO - ----------------------------------------------------------------------
2025-08-08 02:40:23,794 - __main__ - INFO - üìä ËøõÁ®ã rank=22 ÁªìÊùü | ÊàêÂäü 4 | Â§±Ë¥• 2
2025-08-08 02:40:23,794 - __main__ - INFO - ----------------------------------------------------------------------
