2025-08-08 17:45:35,236 - openevolve.controller - INFO - Logging to openevolve_output/level1_79_conv_transposed_1D_asymmetric_input_square_kernel___padded____strided____dilated__/logs/openevolve_20250808_174535.log
2025-08-08 17:45:35,236 - openevolve.controller - INFO - Set random seed to 42 for reproducibility
2025-08-08 17:45:35,277 - openevolve.llm.ensemble - INFO - Initialized LLM ensemble with models: deepseek (weight: 0.80), deepseek (weight: 0.20)
2025-08-08 17:45:35,316 - openevolve.llm.ensemble - INFO - Initialized LLM ensemble with models: deepseek (weight: 0.80), deepseek (weight: 0.20)
2025-08-08 17:45:35,316 - openevolve.prompt.sampler - INFO - Set custom templates: system=evaluator_system_message, user=None
2025-08-08 17:45:35,316 - openevolve.database - INFO - Initialized program database with 0 programs
2025-08-08 17:45:35,336 - openevolve.evaluator - INFO - Successfully loaded evaluation function from openevolve_output/level1_79_conv_transposed_1D_asymmetric_input_square_kernel___padded____strided____dilated__/evaluation.py
2025-08-08 17:45:35,336 - openevolve.evaluator - INFO - Initialized evaluator with openevolve_output/level1_79_conv_transposed_1D_asymmetric_input_square_kernel___padded____strided____dilated__/evaluation.py
2025-08-08 17:45:35,336 - openevolve.controller - INFO - Initialized OpenEvolve with /tmp/e3c302b1e3d238c40e8e79e953df442b.py
2025-08-08 17:45:35,336 - openevolve.controller - INFO - Adding initial program to database
2025-08-08 17:45:35,337 - openevolve.RemoteSpeedupEvaluator - INFO - [level1_79_conv_transposed_1D_asymmetric_input_square_kernel___padded____strided____dilated__] verify_plus payload: reference_code(1816 chars) + custom_code(1940 chars)
2025-08-08 17:45:37,838 - openevolve.RemoteSpeedupEvaluator - INFO - [level1_79_conv_transposed_1D_asymmetric_input_square_kernel___padded____strided____dilated__] verify_plus request success
2025-08-08 17:45:37,839 - openevolve.RemoteSpeedupEvaluator - INFO - [level1_79_conv_transposed_1D_asymmetric_input_square_kernel___padded____strided____dilated__] verify_plus response: {"id":"level1_79_conv_transposed_1D_asymmetric_input_square_kernel___padded____strided____dilated__","result":{"compiled":true,"correctness":true,"metadata":{"hardware":"NVIDIA L20Y","device":"cuda:0","correctness_trials":"(5 / 5)","reference_timing_ms":0.0728,"speed_up":2.24,"custom_timing":0.0325},"runtime":0.0325,"runtime_stats":{"mean":0.0325,"std":0.00239,"min":0.0306,"max":0.0526,"num_trials":100,"hardware":"NVIDIA L20Y","device":"cuda:0"}}}
2025-08-08 17:45:37,839 - openevolve.evaluator - INFO - Evaluated program 7a815852-ec75-4bc1-9d41-0fb4be7b3210 in 2.50s: compiled=1.0000, correctness=1.0000, stage=reference code, passed=0.0000, score=0.0000, speed_up=1.0000, runtime_ms=0.0325, meta={'hardware': 'NVIDIA L20Y', 'device': 'cuda:0', 'correctness_trials': '(5 / 5)', 'reference_timing_ms': 0.0728, 'speed_up': 2.24, 'custom_timing': 0.0325}
2025-08-08 17:45:37,840 - openevolve.database - INFO - New MAP-Elites cell occupied: {'score': 0, 'complexity': 1}
2025-08-08 17:45:37,856 - openevolve.threaded_parallel - INFO - Initializing threaded evaluation pool with 3 workers
2025-08-08 17:45:37,856 - openevolve.threaded_parallel - INFO - Started thread pool with 3 threads
2025-08-08 17:45:37,856 - openevolve.threaded_parallel - INFO - Started improved parallel controller
2025-08-08 17:45:37,856 - openevolve.controller - INFO - Using island-based evolution with 3 islands
2025-08-08 17:45:37,856 - openevolve.database - INFO - Island Status:
2025-08-08 17:45:37,856 - openevolve.database - INFO -  * Island 0: 1 programs, best=0.0000, avg=0.0000, diversity=0.00, gen=0 (best: 7a815852-ec75-4bc1-9d41-0fb4be7b3210)
2025-08-08 17:45:37,856 - openevolve.database - INFO -    Island 1: 0 programs, best=0.0000, avg=0.0000, diversity=0.00, gen=0
2025-08-08 17:45:37,856 - openevolve.database - INFO -    Island 2: 0 programs, best=0.0000, avg=0.0000, diversity=0.00, gen=0
2025-08-08 17:45:37,856 - openevolve.threaded_parallel - INFO - Starting improved parallel evolution from iteration 0 for 30 iterations (total: 30)
2025-08-08 17:45:37,992 - openevolve.llm.ensemble - INFO - Initialized LLM ensemble with models: deepseek (weight: 0.80), deepseek (weight: 0.20)
2025-08-08 17:45:37,995 - openevolve.llm.ensemble - INFO - Initialized LLM ensemble with models: deepseek (weight: 0.80), deepseek (weight: 0.20)
2025-08-08 17:45:38,000 - openevolve.llm.ensemble - INFO - Initialized LLM ensemble with models: deepseek (weight: 0.80), deepseek (weight: 0.20)
2025-08-08 17:45:38,127 - openevolve.llm.ensemble - INFO - Initialized LLM ensemble with models: deepseek (weight: 0.80), deepseek (weight: 0.20)
2025-08-08 17:45:38,127 - openevolve.prompt.sampler - INFO - Set custom templates: system=evaluator_system_message, user=None
2025-08-08 17:45:38,130 - openevolve.evaluator - INFO - Successfully loaded evaluation function from openevolve_output/level1_79_conv_transposed_1D_asymmetric_input_square_kernel___padded____strided____dilated__/evaluation.py
2025-08-08 17:45:38,130 - openevolve.evaluator - INFO - Initialized evaluator with openevolve_output/level1_79_conv_transposed_1D_asymmetric_input_square_kernel___padded____strided____dilated__/evaluation.py
2025-08-08 17:45:38,132 - openevolve.llm.ensemble - INFO - Initialized LLM ensemble with models: deepseek (weight: 0.80), deepseek (weight: 0.20)
2025-08-08 17:45:38,132 - openevolve.prompt.sampler - INFO - Set custom templates: system=evaluator_system_message, user=None
2025-08-08 17:45:38,133 - openevolve.llm.ensemble - INFO - Sampled model: deepseek
2025-08-08 17:45:38,135 - openevolve.evaluator - INFO - Successfully loaded evaluation function from openevolve_output/level1_79_conv_transposed_1D_asymmetric_input_square_kernel___padded____strided____dilated__/evaluation.py
2025-08-08 17:45:38,135 - openevolve.evaluator - INFO - Initialized evaluator with openevolve_output/level1_79_conv_transposed_1D_asymmetric_input_square_kernel___padded____strided____dilated__/evaluation.py
2025-08-08 17:45:38,135 - openevolve.llm.ensemble - INFO - Initialized LLM ensemble with models: deepseek (weight: 0.80), deepseek (weight: 0.20)
2025-08-08 17:45:38,135 - openevolve.prompt.sampler - INFO - Set custom templates: system=evaluator_system_message, user=None
2025-08-08 17:45:38,136 - openevolve.llm.ensemble - INFO - Sampled model: deepseek
2025-08-08 17:45:38,137 - openevolve.evaluator - INFO - Successfully loaded evaluation function from openevolve_output/level1_79_conv_transposed_1D_asymmetric_input_square_kernel___padded____strided____dilated__/evaluation.py
2025-08-08 17:45:38,137 - openevolve.evaluator - INFO - Initialized evaluator with openevolve_output/level1_79_conv_transposed_1D_asymmetric_input_square_kernel___padded____strided____dilated__/evaluation.py
2025-08-08 17:45:38,139 - openevolve.llm.ensemble - INFO - Sampled model: deepseek
2025-08-08 18:05:41,105 - openevolve.RemoteSpeedupEvaluator - INFO - [level1_79_conv_transposed_1D_asymmetric_input_square_kernel___padded____strided____dilated__] triton key words check pass
2025-08-08 18:05:41,107 - openevolve.RemoteSpeedupEvaluator - INFO - [level1_79_conv_transposed_1D_asymmetric_input_square_kernel___padded____strided____dilated__] verify_plus payload: reference_code(1816 chars) + custom_code(3721 chars)
2025-08-08 18:05:44,372 - openevolve.RemoteSpeedupEvaluator - INFO - [level1_79_conv_transposed_1D_asymmetric_input_square_kernel___padded____strided____dilated__] verify_plus request success
2025-08-08 18:05:44,372 - openevolve.RemoteSpeedupEvaluator - INFO - [level1_79_conv_transposed_1D_asymmetric_input_square_kernel___padded____strided____dilated__] verify_plus response: {"id":"level1_79_conv_transposed_1D_asymmetric_input_square_kernel___padded____strided____dilated__","result":{"compiled":true,"correctness":false,"metadata":{"hardware":"NVIDIA L20Y","device":"cuda:1","max_difference":["2.601572","2.663080","2.652262","2.446545","2.661658"],"avg_difference":["0.223985","0.224181","0.223960","0.224384","0.224755"],"correctness_issue":"Output mismatch","correctness_trials":"(0 / 5)","reference_timing_ms":0.0728,"speed_up":-1.0,"custom_timing":-1.0},"runtime":-1.0,"runtime_stats":{}}}
2025-08-08 18:05:44,372 - openevolve.RemoteSpeedupEvaluator - INFO - [level1_79_conv_transposed_1D_asymmetric_input_square_kernel___padded____strided____dilated__] âœ˜ wrong_answer
2025-08-08 18:05:44,373 - openevolve.evaluator - INFO - Evaluated program fae57417-4275-4c41-b1c2-cdbad07798f7 in 3.27s: compiled=1.0000, correctness=0.0000, score=10.0000, stage=wrong_answer, verify_payload={'id': 'level1_79_conv_transposed_1D_asymmetric_input_square_kernel___padded____strided____dilated__', 'result': {'compiled': True, 'correctness': False, 'metadata': {'hardware': 'NVIDIA L20Y', 'device': 'cuda:1', 'max_difference': ['2.601572', '2.663080', '2.652262', '2.446545', '2.661658'], 'avg_difference': ['0.223985', '0.224181', '0.223960', '0.224384', '0.224755'], 'correctness_issue': 'Output mismatch', 'correctness_trials': '(0 / 5)', 'reference_timing_ms': 0.0728, 'speed_up': -1.0, 'custom_timing': -1.0}, 'runtime': -1.0, 'runtime_stats': {}}}
2025-08-08 18:05:44,377 - openevolve.llm.ensemble - INFO - Sampled model: deepseek
2025-08-08 18:05:44,384 - openevolve.database - INFO - New MAP-Elites cell occupied: {'score': 9, 'complexity': 9}
2025-08-08 18:05:44,384 - openevolve.database - INFO - New best program fae57417-4275-4c41-b1c2-cdbad07798f7 replaces 7a815852-ec75-4bc1-9d41-0fb4be7b3210
2025-08-08 18:05:44,396 - openevolve.threaded_parallel - INFO - Iteration 0: Program fae57417-4275-4c41-b1c2-cdbad07798f7 (parent: 7a815852-ec75-4bc1-9d41-0fb4be7b3210) completed in 1206.23s
2025-08-08 18:05:44,396 - openevolve.threaded_parallel - INFO - Metrics: compiled=1.0000, correctness=0.0000, score=10.0000, stage=wrong_answer, verify_payload={'id': 'level1_79_conv_transposed_1D_asymmetric_input_square_kernel___padded____strided____dilated__', 'result': {'compiled': True, 'correctness': False, 'metadata': {'hardware': 'NVIDIA L20Y', 'device': 'cuda:1', 'max_difference': ['2.601572', '2.663080', '2.652262', '2.446545', '2.661658'], 'avg_difference': ['0.223985', '0.224181', '0.223960', '0.224384', '0.224755'], 'correctness_issue': 'Output mismatch', 'correctness_trials': '(0 / 5)', 'reference_timing_ms': 0.0728, 'speed_up': -1.0, 'custom_timing': -1.0}, 'runtime': -1.0, 'runtime_stats': {}}}
2025-08-08 18:05:44,396 - openevolve.threaded_parallel - INFO - ðŸŒŸ New best solution found at iteration 0: fae57417-4275-4c41-b1c2-cdbad07798f7
2025-08-08 18:05:44,397 - openevolve.threaded_parallel - INFO - Checkpoint interval reached at iteration 0
2025-08-08 18:05:44,397 - openevolve.database - INFO - Island Status:
2025-08-08 18:05:44,397 - openevolve.database - INFO -  * Island 0: 2 programs, best=10.0000, avg=5.0000, diversity=754.40, gen=1 (best: fae57417-4275-4c41-b1c2-cdbad07798f7)
2025-08-08 18:05:44,398 - openevolve.database - INFO -    Island 1: 0 programs, best=0.0000, avg=0.0000, diversity=0.00, gen=0
2025-08-08 18:05:44,398 - openevolve.database - INFO -    Island 2: 0 programs, best=0.0000, avg=0.0000, diversity=0.00, gen=0
2025-08-08 18:05:44,430 - openevolve.database - INFO - Saved database with 2 programs to openevolve_output/level1_79_conv_transposed_1D_asymmetric_input_square_kernel___padded____strided____dilated__/checkpoints/checkpoint_0
2025-08-08 18:05:44,439 - openevolve.controller - INFO - Saved best program at checkpoint 0 with metrics: compiled=1.0000, correctness=0.0000, score=10.0000, stage=wrong_answer, verify_payload={'id': 'level1_79_conv_transposed_1D_asymmetric_input_square_kernel___padded____strided____dilated__', 'result': {'compiled': True, 'correctness': False, 'metadata': {'hardware': 'NVIDIA L20Y', 'device': 'cuda:1', 'max_difference': ['2.601572', '2.663080', '2.652262', '2.446545', '2.661658'], 'avg_difference': ['0.223985', '0.224181', '0.223960', '0.224384', '0.224755'], 'correctness_issue': 'Output mismatch', 'correctness_trials': '(0 / 5)', 'reference_timing_ms': 0.0728, 'speed_up': -1.0, 'custom_timing': -1.0}, 'runtime': -1.0, 'runtime_stats': {}}}
2025-08-08 18:05:44,439 - openevolve.controller - INFO - Saved checkpoint at iteration 0 to openevolve_output/level1_79_conv_transposed_1D_asymmetric_input_square_kernel___padded____strided____dilated__/checkpoints/checkpoint_0
2025-08-08 18:06:10,657 - openevolve.RemoteSpeedupEvaluator - INFO - [level1_79_conv_transposed_1D_asymmetric_input_square_kernel___padded____strided____dilated__] triton key words check pass
2025-08-08 18:06:10,657 - openevolve.RemoteSpeedupEvaluator - INFO - [level1_79_conv_transposed_1D_asymmetric_input_square_kernel___padded____strided____dilated__] verify_plus payload: reference_code(1816 chars) + custom_code(5348 chars)
2025-08-08 18:06:13,170 - openevolve.RemoteSpeedupEvaluator - INFO - [level1_79_conv_transposed_1D_asymmetric_input_square_kernel___padded____strided____dilated__] verify_plus request success
2025-08-08 18:06:13,171 - openevolve.RemoteSpeedupEvaluator - INFO - [level1_79_conv_transposed_1D_asymmetric_input_square_kernel___padded____strided____dilated__] verify_plus response: {"id":"level1_79_conv_transposed_1D_asymmetric_input_square_kernel___padded____strided____dilated__","result":{"compiled":true,"correctness":false,"metadata":{"hardware":"NVIDIA L20Y","device":"cuda:6","runtime_error":"Traceback (most recent call last):\n  File \"/cpfs01/shared/llm_kernel/hujiakai/KernelLLM/validation_api_server/helpers/evaluations.py\", line 720, in run_and_check_correctness\n    output_new = model_new(*inputs)\n  File \"/home/lijiaxing/.conda/envs/api/lib/python3.10/site-packages/torch/nn/modules/module.py\", line 1773, in _wrapped_call_impl\n    return self._call_impl(*args, **kwargs)\n  File \"/home/lijiaxing/.conda/envs/api/lib/python3.10/site-packages/torch/nn/modules/module.py\", line 1784, in _call_impl\n    return forward_call(*args, **kwargs)\n  File \"/tmp/tmp6f
2025-08-08 18:06:13,171 - openevolve.RemoteSpeedupEvaluator - INFO - [level1_79_conv_transposed_1D_asymmetric_input_square_kernel___padded____strided____dilated__] âœ˜ wrong_answer
2025-08-08 18:06:13,172 - openevolve.evaluator - INFO - Evaluated program 2c36a0b9-ab7f-4701-87fb-138929d29afd in 2.52s: compiled=1.0000, correctness=0.0000, score=10.0000, stage=wrong_answer, verify_payload={'id': 'level1_79_conv_transposed_1D_asymmetric_input_square_kernel___padded____strided____dilated__', 'result': {'compiled': True, 'correctness': False, 'metadata': {'hardware': 'NVIDIA L20Y', 'device': 'cuda:6', 'runtime_error': 'Traceback (most recent call last):\n  File "/cpfs01/shared/llm_kernel/hujiakai/KernelLLM/validation_api_server/helpers/evaluations.py", line 720, in run_and_check_correctness\n    output_new = model_new(*inputs)\n  File "/home/lijiaxing/.conda/envs/api/lib/python3.10/site-packages/torch/nn/modules/module.py", line 1773, in _wrapped_call_impl\n    return self._call_impl(*args, **kwargs)\n  File "/home/lijiaxing/.conda/envs/api/lib/python3.10/site-packages/torch/nn/modules/module.py", line 1784, in _call_impl\n    return forward_call(*args, **kwargs)\n  File "/tmp/tmp6f9gvvva.py", line 113, in forward\n    conv_transpose1d_kernel[grid](\n  File "/home/lijiaxing/.conda/envs/api/lib/python3.10/site-packages/triton/runtime/jit.py", line 390, in <lambda>\n    return lambda *args, **kwargs: self.run(grid=grid, warmup=False, *args, **kwargs)\n  File "/home/lijiaxing/.conda/envs/api/lib/python3.10/site-packages/triton/runtime/autotuner.py", line 239, in run\n    benchmark()\n  File "/home/lijiaxing/.conda/envs/api/lib/python3.10/site-packages/triton/runtime/autotuner.py", line 228, in benchmark\n    timings = {config: self._bench(*args, config=config, **kwargs) for config in pruned_configs}\n  File "/home/lijiaxing/.conda/envs/api/lib/python3.10/site-packages/triton/runtime/autotuner.py", line 228, in <dictcomp>\n    timings = {config: self._bench(*args, config=config, **kwargs) for config in pruned_configs}\n  File "/home/lijiaxing/.conda/envs/api/lib/python3.10/site-packages/triton/runtime/autotuner.py", line 135, in _bench\n    raise ValueError(f"Conflicting meta-parameters: {\', \'.join(conflicts)}."\nValueError: Conflicting meta-parameters: BLOCK_C, BLOCK_L. Make sure that you don\'t re-define auto-tuned symbols.\n', 'runtime_error_name': 'builtins.ValueError', 'reference_timing_ms': 0.0728, 'speed_up': -1.0, 'custom_timing': -1.0}, 'runtime': -1.0, 'runtime_stats': {}}}
2025-08-08 18:06:13,175 - openevolve.llm.ensemble - INFO - Sampled model: deepseek
2025-08-08 18:06:13,187 - openevolve.threaded_parallel - INFO - Iteration 2: Program 2c36a0b9-ab7f-4701-87fb-138929d29afd (parent: 7a815852-ec75-4bc1-9d41-0fb4be7b3210) completed in 1235.04s
2025-08-08 18:06:13,187 - openevolve.threaded_parallel - INFO - Metrics: compiled=1.0000, correctness=0.0000, score=10.0000, stage=wrong_answer, verify_payload={'id': 'level1_79_conv_transposed_1D_asymmetric_input_square_kernel___padded____strided____dilated__', 'result': {'compiled': True, 'correctness': False, 'metadata': {'hardware': 'NVIDIA L20Y', 'device': 'cuda:6', 'runtime_error': 'Traceback (most recent call last):\n  File "/cpfs01/shared/llm_kernel/hujiakai/KernelLLM/validation_api_server/helpers/evaluations.py", line 720, in run_and_check_correctness\n    output_new = model_new(*inputs)\n  File "/home/lijiaxing/.conda/envs/api/lib/python3.10/site-packages/torch/nn/modules/module.py", line 1773, in _wrapped_call_impl\n    return self._call_impl(*args, **kwargs)\n  File "/home/lijiaxing/.conda/envs/api/lib/python3.10/site-packages/torch/nn/modules/module.py", line 1784, in _call_impl\n    return forward_call(*args, **kwargs)\n  File "/tmp/tmp6f9gvvva.py", line 113, in forward\n    conv_transpose1d_kernel[grid](\n  File "/home/lijiaxing/.conda/envs/api/lib/python3.10/site-packages/triton/runtime/jit.py", line 390, in <lambda>\n    return lambda *args, **kwargs: self.run(grid=grid, warmup=False, *args, **kwargs)\n  File "/home/lijiaxing/.conda/envs/api/lib/python3.10/site-packages/triton/runtime/autotuner.py", line 239, in run\n    benchmark()\n  File "/home/lijiaxing/.conda/envs/api/lib/python3.10/site-packages/triton/runtime/autotuner.py", line 228, in benchmark\n    timings = {config: self._bench(*args, config=config, **kwargs) for config in pruned_configs}\n  File "/home/lijiaxing/.conda/envs/api/lib/python3.10/site-packages/triton/runtime/autotuner.py", line 228, in <dictcomp>\n    timings = {config: self._bench(*args, config=config, **kwargs) for config in pruned_configs}\n  File "/home/lijiaxing/.conda/envs/api/lib/python3.10/site-packages/triton/runtime/autotuner.py", line 135, in _bench\n    raise ValueError(f"Conflicting meta-parameters: {\', \'.join(conflicts)}."\nValueError: Conflicting meta-parameters: BLOCK_C, BLOCK_L. Make sure that you don\'t re-define auto-tuned symbols.\n', 'runtime_error_name': 'builtins.ValueError', 'reference_timing_ms': 0.0728, 'speed_up': -1.0, 'custom_timing': -1.0}, 'runtime': -1.0, 'runtime_stats': {}}}
2025-08-08 18:15:17,501 - openevolve.RemoteSpeedupEvaluator - INFO - [level1_79_conv_transposed_1D_asymmetric_input_square_kernel___padded____strided____dilated__] triton key words check pass
2025-08-08 18:15:17,503 - openevolve.RemoteSpeedupEvaluator - INFO - [level1_79_conv_transposed_1D_asymmetric_input_square_kernel___padded____strided____dilated__] verify_plus payload: reference_code(1816 chars) + custom_code(4449 chars)
2025-08-08 18:15:20,422 - openevolve.RemoteSpeedupEvaluator - INFO - [level1_79_conv_transposed_1D_asymmetric_input_square_kernel___padded____strided____dilated__] verify_plus request success
2025-08-08 18:15:20,422 - openevolve.RemoteSpeedupEvaluator - INFO - [level1_79_conv_transposed_1D_asymmetric_input_square_kernel___padded____strided____dilated__] verify_plus response: {"id":"level1_79_conv_transposed_1D_asymmetric_input_square_kernel___padded____strided____dilated__","result":{"compiled":true,"correctness":false,"metadata":{"hardware":"NVIDIA L20Y","device":"cuda:1","runtime_error":"Traceback (most recent call last):\n  File \"/cpfs01/shared/llm_kernel/hujiakai/KernelLLM/validation_api_server/helpers/evaluations.py\", line 720, in run_and_check_correctness\n    output_new = model_new(*inputs)\n  File \"/home/lijiaxing/.conda/envs/api/lib/python3.10/site-packages/torch/nn/modules/module.py\", line 1773, in _wrapped_call_impl\n    return self._call_impl(*args, **kwargs)\n  File \"/home/lijiaxing/.conda/envs/api/lib/python3.10/site-packages/torch/nn/modules/module.py\", line 1784, in _call_impl\n    return forward_call(*args, **kwargs)\n  File \"/tmp/tmpg3
2025-08-08 18:15:20,423 - openevolve.RemoteSpeedupEvaluator - INFO - [level1_79_conv_transposed_1D_asymmetric_input_square_kernel___padded____strided____dilated__] âœ˜ wrong_answer
2025-08-08 18:15:20,423 - openevolve.evaluator - INFO - Evaluated program 97c8db02-d2e1-461c-a200-03efd5073070 in 2.92s: compiled=1.0000, correctness=0.0000, score=10.0000, stage=wrong_answer, verify_payload={'id': 'level1_79_conv_transposed_1D_asymmetric_input_square_kernel___padded____strided____dilated__', 'result': {'compiled': True, 'correctness': False, 'metadata': {'hardware': 'NVIDIA L20Y', 'device': 'cuda:1', 'runtime_error': 'Traceback (most recent call last):\n  File "/cpfs01/shared/llm_kernel/hujiakai/KernelLLM/validation_api_server/helpers/evaluations.py", line 720, in run_and_check_correctness\n    output_new = model_new(*inputs)\n  File "/home/lijiaxing/.conda/envs/api/lib/python3.10/site-packages/torch/nn/modules/module.py", line 1773, in _wrapped_call_impl\n    return self._call_impl(*args, **kwargs)\n  File "/home/lijiaxing/.conda/envs/api/lib/python3.10/site-packages/torch/nn/modules/module.py", line 1784, in _call_impl\n    return forward_call(*args, **kwargs)\n  File "/tmp/tmpg3ilp65m.py", line 99, in forward\n    conv_transpose1d_kernel[grid](\n  File "/home/lijiaxing/.conda/envs/api/lib/python3.10/site-packages/triton/runtime/jit.py", line 390, in <lambda>\n    return lambda *args, **kwargs: self.run(grid=grid, warmup=False, *args, **kwargs)\n  File "/home/lijiaxing/.conda/envs/api/lib/python3.10/site-packages/triton/runtime/jit.py", line 594, in run\n    kernel = self.compile(src, target=target, options=options.__dict__)\n  File "/home/lijiaxing/.conda/envs/api/lib/python3.10/site-packages/triton/compiler/compiler.py", line 281, in compile\n    key = f"{triton_key()}-{src.hash()}-{backend.hash()}-{options.hash()}-{str(sorted(env_vars.items()))}"\n  File "/home/lijiaxing/.conda/envs/api/lib/python3.10/site-packages/triton/compiler/compiler.py", line 78, in hash\n    key = f"{self.fn.cache_key}-{str(self.attrs)}-{sorted_sig}-{constants_key}"\n  File "/home/lijiaxing/.conda/envs/api/lib/python3.10/site-packages/triton/runtime/jit.py", line 696, in cache_key\n    dependencies_finder.visit(self.parse())\n  File "/home/lijiaxing/.conda/envs/api/lib/python3.10/ast.py", line 418, in visit\n    return visitor(node)\n  File "/home/lijiaxing/.conda/envs/api/lib/python3.10/ast.py", line 426, in generic_visit\n    self.visit(item)\n  File "/home/lijiaxing/.conda/envs/api/lib/python3.10/ast.py", line 418, in visit\n    return visitor(node)\n  File "/home/lijiaxing/.conda/envs/api/lib/python3.10/site-packages/triton/runtime/jit.py", line 163, in visit_FunctionDef\n    self.generic_visit(node)\n  File "/home/lijiaxing/.conda/envs/api/lib/python3.10/ast.py", line 426, in generic_visit\n    self.visit(item)\n  File "/home/lijiaxing/.conda/envs/api/lib/python3.10/ast.py", line 418, in visit\n    return visitor(node)\n  File "/home/lijiaxing/.conda/envs/api/lib/python3.10/site-packages/triton/runtime/jit.py", line 229, in visit_For\n    self.generic_visit(node)\n  File "/home/lijiaxing/.conda/envs/api/lib/python3.10/ast.py", line 426, in generic_visit\n    self.visit(item)\n  File "/home/lijiaxing/.conda/envs/api/lib/python3.10/ast.py", line 418, in visit\n    return visitor(node)\n  File "/home/lijiaxing/.conda/envs/api/lib/python3.10/ast.py", line 428, in generic_visit\n    self.visit(value)\n  File "/home/lijiaxing/.conda/envs/api/lib/python3.10/ast.py", line 418, in visit\n    return visitor(node)\n  File "/home/lijiaxing/.conda/envs/api/lib/python3.10/ast.py", line 428, in generic_visit\n    self.visit(value)\n  File "/home/lijiaxing/.conda/envs/api/lib/python3.10/ast.py", line 418, in visit\n    return visitor(node)\n  File "/home/lijiaxing/.conda/envs/api/lib/python3.10/site-packages/triton/runtime/jit.py", line 156, in visit_Attribute\n    ret = getattr(lhs, node.attr)\nAttributeError: module \'triton.language\' has no attribute \'any\'\n', 'runtime_error_name': 'builtins.AttributeError', 'reference_timing_ms': 0.0728, 'speed_up': -1.0, 'custom_timing': -1.0}, 'runtime': -1.0, 'runtime_stats': {}}}
2025-08-08 18:15:20,427 - openevolve.llm.ensemble - INFO - Sampled model: deepseek
2025-08-08 18:15:20,431 - openevolve.database - INFO - New MAP-Elites cell occupied: {'score': 9, 'complexity': 7}
2025-08-08 18:15:20,443 - openevolve.threaded_parallel - INFO - Iteration 1: Program 97c8db02-d2e1-461c-a200-03efd5073070 (parent: 7a815852-ec75-4bc1-9d41-0fb4be7b3210) completed in 1782.29s
2025-08-08 18:15:20,444 - openevolve.threaded_parallel - INFO - Metrics: compiled=1.0000, correctness=0.0000, score=10.0000, stage=wrong_answer, verify_payload={'id': 'level1_79_conv_transposed_1D_asymmetric_input_square_kernel___padded____strided____dilated__', 'result': {'compiled': True, 'correctness': False, 'metadata': {'hardware': 'NVIDIA L20Y', 'device': 'cuda:1', 'runtime_error': 'Traceback (most recent call last):\n  File "/cpfs01/shared/llm_kernel/hujiakai/KernelLLM/validation_api_server/helpers/evaluations.py", line 720, in run_and_check_correctness\n    output_new = model_new(*inputs)\n  File "/home/lijiaxing/.conda/envs/api/lib/python3.10/site-packages/torch/nn/modules/module.py", line 1773, in _wrapped_call_impl\n    return self._call_impl(*args, **kwargs)\n  File "/home/lijiaxing/.conda/envs/api/lib/python3.10/site-packages/torch/nn/modules/module.py", line 1784, in _call_impl\n    return forward_call(*args, **kwargs)\n  File "/tmp/tmpg3ilp65m.py", line 99, in forward\n    conv_transpose1d_kernel[grid](\n  File "/home/lijiaxing/.conda/envs/api/lib/python3.10/site-packages/triton/runtime/jit.py", line 390, in <lambda>\n    return lambda *args, **kwargs: self.run(grid=grid, warmup=False, *args, **kwargs)\n  File "/home/lijiaxing/.conda/envs/api/lib/python3.10/site-packages/triton/runtime/jit.py", line 594, in run\n    kernel = self.compile(src, target=target, options=options.__dict__)\n  File "/home/lijiaxing/.conda/envs/api/lib/python3.10/site-packages/triton/compiler/compiler.py", line 281, in compile\n    key = f"{triton_key()}-{src.hash()}-{backend.hash()}-{options.hash()}-{str(sorted(env_vars.items()))}"\n  File "/home/lijiaxing/.conda/envs/api/lib/python3.10/site-packages/triton/compiler/compiler.py", line 78, in hash\n    key = f"{self.fn.cache_key}-{str(self.attrs)}-{sorted_sig}-{constants_key}"\n  File "/home/lijiaxing/.conda/envs/api/lib/python3.10/site-packages/triton/runtime/jit.py", line 696, in cache_key\n    dependencies_finder.visit(self.parse())\n  File "/home/lijiaxing/.conda/envs/api/lib/python3.10/ast.py", line 418, in visit\n    return visitor(node)\n  File "/home/lijiaxing/.conda/envs/api/lib/python3.10/ast.py", line 426, in generic_visit\n    self.visit(item)\n  File "/home/lijiaxing/.conda/envs/api/lib/python3.10/ast.py", line 418, in visit\n    return visitor(node)\n  File "/home/lijiaxing/.conda/envs/api/lib/python3.10/site-packages/triton/runtime/jit.py", line 163, in visit_FunctionDef\n    self.generic_visit(node)\n  File "/home/lijiaxing/.conda/envs/api/lib/python3.10/ast.py", line 426, in generic_visit\n    self.visit(item)\n  File "/home/lijiaxing/.conda/envs/api/lib/python3.10/ast.py", line 418, in visit\n    return visitor(node)\n  File "/home/lijiaxing/.conda/envs/api/lib/python3.10/site-packages/triton/runtime/jit.py", line 229, in visit_For\n    self.generic_visit(node)\n  File "/home/lijiaxing/.conda/envs/api/lib/python3.10/ast.py", line 426, in generic_visit\n    self.visit(item)\n  File "/home/lijiaxing/.conda/envs/api/lib/python3.10/ast.py", line 418, in visit\n    return visitor(node)\n  File "/home/lijiaxing/.conda/envs/api/lib/python3.10/ast.py", line 428, in generic_visit\n    self.visit(value)\n  File "/home/lijiaxing/.conda/envs/api/lib/python3.10/ast.py", line 418, in visit\n    return visitor(node)\n  File "/home/lijiaxing/.conda/envs/api/lib/python3.10/ast.py", line 428, in generic_visit\n    self.visit(value)\n  File "/home/lijiaxing/.conda/envs/api/lib/python3.10/ast.py", line 418, in visit\n    return visitor(node)\n  File "/home/lijiaxing/.conda/envs/api/lib/python3.10/site-packages/triton/runtime/jit.py", line 156, in visit_Attribute\n    ret = getattr(lhs, node.attr)\nAttributeError: module \'triton.language\' has no attribute \'any\'\n', 'runtime_error_name': 'builtins.AttributeError', 'reference_timing_ms': 0.0728, 'speed_up': -1.0, 'custom_timing': -1.0}, 'runtime': -1.0, 'runtime_stats': {}}}
2025-08-08 18:22:51,001 - openevolve.RemoteSpeedupEvaluator - INFO - [level1_79_conv_transposed_1D_asymmetric_input_square_kernel___padded____strided____dilated__] triton key words check pass
2025-08-08 18:22:51,003 - openevolve.RemoteSpeedupEvaluator - INFO - [level1_79_conv_transposed_1D_asymmetric_input_square_kernel___padded____strided____dilated__] verify_plus payload: reference_code(1816 chars) + custom_code(5688 chars)
2025-08-08 18:22:53,888 - openevolve.RemoteSpeedupEvaluator - INFO - [level1_79_conv_transposed_1D_asymmetric_input_square_kernel___padded____strided____dilated__] verify_plus request success
2025-08-08 18:22:53,889 - openevolve.RemoteSpeedupEvaluator - INFO - [level1_79_conv_transposed_1D_asymmetric_input_square_kernel___padded____strided____dilated__] verify_plus response: {"id":"level1_79_conv_transposed_1D_asymmetric_input_square_kernel___padded____strided____dilated__","result":{"compiled":true,"correctness":false,"metadata":{"hardware":"NVIDIA L20Y","device":"cuda:0","runtime_error":"Traceback (most recent call last):\n  File \"/cpfs01/shared/llm_kernel/hujiakai/KernelLLM/validation_api_server/helpers/evaluations.py\", line 720, in run_and_check_correctness\n    output_new = model_new(*inputs)\n  File \"/home/lijiaxing/.conda/envs/api/lib/python3.10/site-packages/torch/nn/modules/module.py\", line 1773, in _wrapped_call_impl\n    return self._call_impl(*args, **kwargs)\n  File \"/home/lijiaxing/.conda/envs/api/lib/python3.10/site-packages/torch/nn/modules/module.py\", line 1784, in _call_impl\n    return forward_call(*args, **kwargs)\n  File \"/tmp/tmp95
2025-08-08 18:22:53,889 - openevolve.RemoteSpeedupEvaluator - INFO - [level1_79_conv_transposed_1D_asymmetric_input_square_kernel___padded____strided____dilated__] âœ˜ wrong_answer
2025-08-08 18:22:53,889 - openevolve.evaluator - INFO - Evaluated program 4a09f880-5d79-40b6-ad69-5359da05c3c6 in 2.89s: compiled=1.0000, correctness=0.0000, score=10.0000, stage=wrong_answer, verify_payload={'id': 'level1_79_conv_transposed_1D_asymmetric_input_square_kernel___padded____strided____dilated__', 'result': {'compiled': True, 'correctness': False, 'metadata': {'hardware': 'NVIDIA L20Y', 'device': 'cuda:0', 'runtime_error': 'Traceback (most recent call last):\n  File "/cpfs01/shared/llm_kernel/hujiakai/KernelLLM/validation_api_server/helpers/evaluations.py", line 720, in run_and_check_correctness\n    output_new = model_new(*inputs)\n  File "/home/lijiaxing/.conda/envs/api/lib/python3.10/site-packages/torch/nn/modules/module.py", line 1773, in _wrapped_call_impl\n    return self._call_impl(*args, **kwargs)\n  File "/home/lijiaxing/.conda/envs/api/lib/python3.10/site-packages/torch/nn/modules/module.py", line 1784, in _call_impl\n    return forward_call(*args, **kwargs)\n  File "/tmp/tmp95727tcr.py", line 137, in forward\n    conv_transpose1d_kernel[grid](\n  File "/home/lijiaxing/.conda/envs/api/lib/python3.10/site-packages/triton/runtime/jit.py", line 390, in <lambda>\n    return lambda *args, **kwargs: self.run(grid=grid, warmup=False, *args, **kwargs)\n  File "/home/lijiaxing/.conda/envs/api/lib/python3.10/site-packages/triton/runtime/jit.py", line 594, in run\n    kernel = self.compile(src, target=target, options=options.__dict__)\n  File "/home/lijiaxing/.conda/envs/api/lib/python3.10/site-packages/triton/compiler/compiler.py", line 339, in compile\n    module = src.make_ir(options, codegen_fns, module_map, context)\n  File "/home/lijiaxing/.conda/envs/api/lib/python3.10/site-packages/triton/compiler/compiler.py", line 83, in make_ir\n    return ast_to_ttir(self.fn, self, context=context, options=options, codegen_fns=codegen_fns,\ntriton.compiler.errors.CompilationError: def conv_transpose1d_kernel(\n    x_ptr,\n    weight_ptr,\n    bias_ptr,\n    output_ptr,\n    batch_size,\n    in_channels,\n    out_channels,\n    length,\n    length_out,\n    x_batch_stride,\n    x_in_channel_stride,\n    x_length_stride,\n    weight_in_channel_stride,\n    weight_out_channel_stride,\n    weight_kernel_stride,\n    output_batch_stride,\n    output_out_channel_stride,\n    output_length_stride,\n    stride,\n    padding,\n    dilation,\n    kernel_size,\n    BLOCK_SIZE_IC: tl.constexpr,\n    BLOCK_SIZE_K: tl.constexpr,\n    BLOCK_SIZE_L: tl.constexpr\n):\n    pid_b = tl.program_id(0)\n    pid_oc = tl.program_id(1)\n    pid_l_block = tl.program_id(2)\n\n    l_offsets = pid_l_block * BLOCK_SIZE_L + tl.arange(0, BLOCK_SIZE_L)\n    l_mask = l_offsets < length_out\n\n    output_ptrs = (\n        output_ptr +\n        pid_b * output_batch_stride +\n        pid_oc * output_out_channel_stride +\n        l_offsets * output_length_stride\n    )\n\n    acc = tl.zeros((BLOCK_SIZE_L,), dtype=tl.float32)\n\n    for ic_block in range(0, in_channels, BLOCK_SIZE_IC):\n        ic_offsets = ic_block + tl.arange(0, BLOCK_SIZE_IC)\n        ic_mask = ic_offsets < in_channels\n\n        for k_block in range(0, kernel_size, BLOCK_SIZE_K):\n            k_offsets = k_block + tl.arange(0, BLOCK_SIZE_K)\n            k_mask = k_offsets < kernel_size\n\n            k_offsets_expanded = tl.expand_dims(k_offsets, 0)\n            l_offsets_expanded = tl.expand_dims(l_offsets, 1)\n\n            base = l_offsets_expanded + padding - k_offsets_expanded * dilation\n            input_l = base // stride\n            valid_mask = (base % stride == 0) & (input_l >= 0) & (input_l < length)\n            valid_mask &= tl.expand_dims(l_mask, 1) & tl.expand_dims(k_mask, 0)\n\n            input_ptrs = (\n                x_ptr +\n                pid_b * x_batch_stride +\n                tl.expand_dims(ic_offsets, (0, 1)) * x_in_channel_stride +\n                input_l * x_length_stride\n            )\n\n            x_vals = tl.load(input_ptrs, mask=valid_mask & tl.expand_dims(ic_mask, (0, 1)), other=0.0)\n\n            weight_ptrs = (\n                weight_ptr +\n                tl.expand_dims(ic_offsets, (0, 1)) * weight_in_channel_stride +\n                pid_oc * weight_out_channel_stride +\n                k_offsets_expanded * weight_kernel_stride\n            )\n\n            w_vals = tl.load(weight_ptrs, mask=tl.expand_dims(ic_mask, (0, 1)) & tl.expand_dims(k_mask, 0), other=0.0)\n\n            acc += tl.sum(x_vals * w_vals, axis=1)\n\n    if bias_ptr is not None:\n        bias_val = tl.load(bias_ptr + pid_oc)\n        acc += bias_val\n\n    tl.store(output_ptrs, acc, mask=l_mask)\n\nValueError(\'Cannot make_shape_compatible: incompatible dimensions at index 1: 64 and 16\')\n\n\nThe above exception was the direct cause of the following exception:\n\nTraceback (most recent call last):\n  File "/home/lijiaxing/.conda/envs/api/lib/python3.10/site-packages/triton/language/core.py", line 42, in wrapper\n    return fn(*args, **kwargs)\n  File "/home/lijiaxing/.conda/envs/api/lib/python3.10/site-packages/triton/language/core.py", line 900, in __add__\n    return add(self, other, sanitize_overflow=True, _semantic=_semantic)\n  File "/home/lijiaxing/.conda/envs/api/lib/python3.10/site-packages/triton/language/core.py", line 42, in wrapper\n    return fn(*args, **kwargs)\n  File "/home/lijiaxing/.conda/envs/api/lib/python3.10/site-packages/triton/language/core.py", line 2468, in add\n    return _semantic.add(x, y, sanitize_overflow)\n  File "/home/lijiaxing/.conda/envs/api/lib/python3.10/site-packages/triton/language/semantic.py", line 226, in add\n    input, other = self.binary_op_type_checking_impl(input, other, True, True)\n  File "/home/lijiaxing/.conda/envs/api/lib/python3.10/site-packages/triton/language/semantic.py", line 203, in binary_op_type_checking_impl\n    lhs, rhs = self.broadcast_impl_value(lhs, rhs)\n  File "/home/lijiaxing/.conda/envs/api/lib/python3.10/site-packages/triton/language/semantic.py", line 749, in broadcast_impl_value\n    raise ValueError("Cannot make_shape_compatible: incompatible dimensions "\nValueError: Cannot make_shape_compatible: incompatible dimensions at index 1: 64 and 16\n', 'runtime_error_name': 'triton.compiler.errors.CompilationError', 'reference_timing_ms': 0.0728, 'speed_up': -1.0, 'custom_timing': -1.0}, 'runtime': -1.0, 'runtime_stats': {}}}
2025-08-08 18:22:53,893 - openevolve.llm.ensemble - INFO - Sampled model: deepseek
2025-08-08 18:22:53,907 - openevolve.threaded_parallel - INFO - Iteration 3: Program 4a09f880-5d79-40b6-ad69-5359da05c3c6 (parent: 7a815852-ec75-4bc1-9d41-0fb4be7b3210) completed in 1029.51s
2025-08-08 18:22:53,907 - openevolve.threaded_parallel - INFO - Metrics: compiled=1.0000, correctness=0.0000, score=10.0000, stage=wrong_answer, verify_payload={'id': 'level1_79_conv_transposed_1D_asymmetric_input_square_kernel___padded____strided____dilated__', 'result': {'compiled': True, 'correctness': False, 'metadata': {'hardware': 'NVIDIA L20Y', 'device': 'cuda:0', 'runtime_error': 'Traceback (most recent call last):\n  File "/cpfs01/shared/llm_kernel/hujiakai/KernelLLM/validation_api_server/helpers/evaluations.py", line 720, in run_and_check_correctness\n    output_new = model_new(*inputs)\n  File "/home/lijiaxing/.conda/envs/api/lib/python3.10/site-packages/torch/nn/modules/module.py", line 1773, in _wrapped_call_impl\n    return self._call_impl(*args, **kwargs)\n  File "/home/lijiaxing/.conda/envs/api/lib/python3.10/site-packages/torch/nn/modules/module.py", line 1784, in _call_impl\n    return forward_call(*args, **kwargs)\n  File "/tmp/tmp95727tcr.py", line 137, in forward\n    conv_transpose1d_kernel[grid](\n  File "/home/lijiaxing/.conda/envs/api/lib/python3.10/site-packages/triton/runtime/jit.py", line 390, in <lambda>\n    return lambda *args, **kwargs: self.run(grid=grid, warmup=False, *args, **kwargs)\n  File "/home/lijiaxing/.conda/envs/api/lib/python3.10/site-packages/triton/runtime/jit.py", line 594, in run\n    kernel = self.compile(src, target=target, options=options.__dict__)\n  File "/home/lijiaxing/.conda/envs/api/lib/python3.10/site-packages/triton/compiler/compiler.py", line 339, in compile\n    module = src.make_ir(options, codegen_fns, module_map, context)\n  File "/home/lijiaxing/.conda/envs/api/lib/python3.10/site-packages/triton/compiler/compiler.py", line 83, in make_ir\n    return ast_to_ttir(self.fn, self, context=context, options=options, codegen_fns=codegen_fns,\ntriton.compiler.errors.CompilationError: def conv_transpose1d_kernel(\n    x_ptr,\n    weight_ptr,\n    bias_ptr,\n    output_ptr,\n    batch_size,\n    in_channels,\n    out_channels,\n    length,\n    length_out,\n    x_batch_stride,\n    x_in_channel_stride,\n    x_length_stride,\n    weight_in_channel_stride,\n    weight_out_channel_stride,\n    weight_kernel_stride,\n    output_batch_stride,\n    output_out_channel_stride,\n    output_length_stride,\n    stride,\n    padding,\n    dilation,\n    kernel_size,\n    BLOCK_SIZE_IC: tl.constexpr,\n    BLOCK_SIZE_K: tl.constexpr,\n    BLOCK_SIZE_L: tl.constexpr\n):\n    pid_b = tl.program_id(0)\n    pid_oc = tl.program_id(1)\n    pid_l_block = tl.program_id(2)\n\n    l_offsets = pid_l_block * BLOCK_SIZE_L + tl.arange(0, BLOCK_SIZE_L)\n    l_mask = l_offsets < length_out\n\n    output_ptrs = (\n        output_ptr +\n        pid_b * output_batch_stride +\n        pid_oc * output_out_channel_stride +\n        l_offsets * output_length_stride\n    )\n\n    acc = tl.zeros((BLOCK_SIZE_L,), dtype=tl.float32)\n\n    for ic_block in range(0, in_channels, BLOCK_SIZE_IC):\n        ic_offsets = ic_block + tl.arange(0, BLOCK_SIZE_IC)\n        ic_mask = ic_offsets < in_channels\n\n        for k_block in range(0, kernel_size, BLOCK_SIZE_K):\n            k_offsets = k_block + tl.arange(0, BLOCK_SIZE_K)\n            k_mask = k_offsets < kernel_size\n\n            k_offsets_expanded = tl.expand_dims(k_offsets, 0)\n            l_offsets_expanded = tl.expand_dims(l_offsets, 1)\n\n            base = l_offsets_expanded + padding - k_offsets_expanded * dilation\n            input_l = base // stride\n            valid_mask = (base % stride == 0) & (input_l >= 0) & (input_l < length)\n            valid_mask &= tl.expand_dims(l_mask, 1) & tl.expand_dims(k_mask, 0)\n\n            input_ptrs = (\n                x_ptr +\n                pid_b * x_batch_stride +\n                tl.expand_dims(ic_offsets, (0, 1)) * x_in_channel_stride +\n                input_l * x_length_stride\n            )\n\n            x_vals = tl.load(input_ptrs, mask=valid_mask & tl.expand_dims(ic_mask, (0, 1)), other=0.0)\n\n            weight_ptrs = (\n                weight_ptr +\n                tl.expand_dims(ic_offsets, (0, 1)) * weight_in_channel_stride +\n                pid_oc * weight_out_channel_stride +\n                k_offsets_expanded * weight_kernel_stride\n            )\n\n            w_vals = tl.load(weight_ptrs, mask=tl.expand_dims(ic_mask, (0, 1)) & tl.expand_dims(k_mask, 0), other=0.0)\n\n            acc += tl.sum(x_vals * w_vals, axis=1)\n\n    if bias_ptr is not None:\n        bias_val = tl.load(bias_ptr + pid_oc)\n        acc += bias_val\n\n    tl.store(output_ptrs, acc, mask=l_mask)\n\nValueError(\'Cannot make_shape_compatible: incompatible dimensions at index 1: 64 and 16\')\n\n\nThe above exception was the direct cause of the following exception:\n\nTraceback (most recent call last):\n  File "/home/lijiaxing/.conda/envs/api/lib/python3.10/site-packages/triton/language/core.py", line 42, in wrapper\n    return fn(*args, **kwargs)\n  File "/home/lijiaxing/.conda/envs/api/lib/python3.10/site-packages/triton/language/core.py", line 900, in __add__\n    return add(self, other, sanitize_overflow=True, _semantic=_semantic)\n  File "/home/lijiaxing/.conda/envs/api/lib/python3.10/site-packages/triton/language/core.py", line 42, in wrapper\n    return fn(*args, **kwargs)\n  File "/home/lijiaxing/.conda/envs/api/lib/python3.10/site-packages/triton/language/core.py", line 2468, in add\n    return _semantic.add(x, y, sanitize_overflow)\n  File "/home/lijiaxing/.conda/envs/api/lib/python3.10/site-packages/triton/language/semantic.py", line 226, in add\n    input, other = self.binary_op_type_checking_impl(input, other, True, True)\n  File "/home/lijiaxing/.conda/envs/api/lib/python3.10/site-packages/triton/language/semantic.py", line 203, in binary_op_type_checking_impl\n    lhs, rhs = self.broadcast_impl_value(lhs, rhs)\n  File "/home/lijiaxing/.conda/envs/api/lib/python3.10/site-packages/triton/language/semantic.py", line 749, in broadcast_impl_value\n    raise ValueError("Cannot make_shape_compatible: incompatible dimensions "\nValueError: Cannot make_shape_compatible: incompatible dimensions at index 1: 64 and 16\n', 'runtime_error_name': 'triton.compiler.errors.CompilationError', 'reference_timing_ms': 0.0728, 'speed_up': -1.0, 'custom_timing': -1.0}, 'runtime': -1.0, 'runtime_stats': {}}}
2025-08-08 18:22:53,907 - openevolve.threaded_parallel - INFO - Checkpoint interval reached at iteration 3
2025-08-08 18:22:53,907 - openevolve.database - INFO - Island Status:
2025-08-08 18:22:53,907 - openevolve.database - INFO -  * Island 0: 3 programs, best=10.0000, avg=6.6667, diversity=833.07, gen=2 (best: fae57417-4275-4c41-b1c2-cdbad07798f7)
2025-08-08 18:22:53,908 - openevolve.database - INFO -    Island 1: 2 programs, best=10.0000, avg=10.0000, diversity=255.30, gen=1 (best: 97c8db02-d2e1-461c-a200-03efd5073070)
2025-08-08 18:22:53,908 - openevolve.database - INFO -    Island 2: 1 programs, best=10.0000, avg=10.0000, diversity=0.00, gen=1 (best: 4a09f880-5d79-40b6-ad69-5359da05c3c6)
2025-08-08 18:22:53,976 - openevolve.database - INFO - Saved database with 5 programs to openevolve_output/level1_79_conv_transposed_1D_asymmetric_input_square_kernel___padded____strided____dilated__/checkpoints/checkpoint_3
2025-08-08 18:22:53,987 - openevolve.controller - INFO - Saved best program at checkpoint 3 with metrics: compiled=1.0000, correctness=0.0000, score=10.0000, stage=wrong_answer, verify_payload={'id': 'level1_79_conv_transposed_1D_asymmetric_input_square_kernel___padded____strided____dilated__', 'result': {'compiled': True, 'correctness': False, 'metadata': {'hardware': 'NVIDIA L20Y', 'device': 'cuda:1', 'max_difference': ['2.601572', '2.663080', '2.652262', '2.446545', '2.661658'], 'avg_difference': ['0.223985', '0.224181', '0.223960', '0.224384', '0.224755'], 'correctness_issue': 'Output mismatch', 'correctness_trials': '(0 / 5)', 'reference_timing_ms': 0.0728, 'speed_up': -1.0, 'custom_timing': -1.0}, 'runtime': -1.0, 'runtime_stats': {}}}
2025-08-08 18:22:53,987 - openevolve.controller - INFO - Saved checkpoint at iteration 3 to openevolve_output/level1_79_conv_transposed_1D_asymmetric_input_square_kernel___padded____strided____dilated__/checkpoints/checkpoint_3
2025-08-08 18:24:15,388 - openevolve.RemoteSpeedupEvaluator - INFO - [level1_79_conv_transposed_1D_asymmetric_input_square_kernel___padded____strided____dilated__] triton key words check pass
2025-08-08 18:24:15,389 - openevolve.RemoteSpeedupEvaluator - INFO - [level1_79_conv_transposed_1D_asymmetric_input_square_kernel___padded____strided____dilated__] verify_plus payload: reference_code(1816 chars) + custom_code(3828 chars)
2025-08-08 18:24:19,505 - openevolve.RemoteSpeedupEvaluator - INFO - [level1_79_conv_transposed_1D_asymmetric_input_square_kernel___padded____strided____dilated__] verify_plus request success
2025-08-08 18:24:19,505 - openevolve.RemoteSpeedupEvaluator - INFO - [level1_79_conv_transposed_1D_asymmetric_input_square_kernel___padded____strided____dilated__] verify_plus response: {"id":"level1_79_conv_transposed_1D_asymmetric_input_square_kernel___padded____strided____dilated__","result":{"compiled":true,"correctness":true,"metadata":{"hardware":"NVIDIA L20Y","device":"cuda:4","correctness_trials":"(5 / 5)","reference_timing_ms":0.0728,"speed_up":0.569,"custom_timing":0.128},"runtime":0.128,"runtime_stats":{"mean":0.128,"std":0.00361,"min":0.124,"max":0.149,"num_trials":100,"hardware":"NVIDIA L20Y","device":"cuda:4"}}}
2025-08-08 18:24:19,505 - openevolve.RemoteSpeedupEvaluator - INFO - [level1_79_conv_transposed_1D_asymmetric_input_square_kernel___padded____strided____dilated__] âœ” success | speed_up=0.569  score=20.00
2025-08-08 18:24:19,506 - openevolve.evaluator - INFO - Evaluated program efbe907e-8e12-4e03-880d-15e8da78d561 in 4.12s: compiled=1.0000, correctness=1.0000, stage=success, passed=0.0000, score=20.0000, speed_up=0.5690, runtime_ms=0.1280, meta={'hardware': 'NVIDIA L20Y', 'device': 'cuda:4', 'correctness_trials': '(5 / 5)', 'reference_timing_ms': 0.0728, 'speed_up': 0.569, 'custom_timing': 0.128}
2025-08-08 18:24:19,509 - openevolve.llm.ensemble - INFO - Sampled model: deepseek
2025-08-08 18:24:19,510 - openevolve.database - INFO - New MAP-Elites cell occupied: {'score': 9, 'complexity': 5}
2025-08-08 18:24:19,510 - openevolve.database - INFO - New best program efbe907e-8e12-4e03-880d-15e8da78d561 replaces fae57417-4275-4c41-b1c2-cdbad07798f7
2025-08-08 18:24:19,522 - openevolve.threaded_parallel - INFO - Iteration 4: Program efbe907e-8e12-4e03-880d-15e8da78d561 (parent: 7a815852-ec75-4bc1-9d41-0fb4be7b3210) completed in 1086.33s
2025-08-08 18:24:19,522 - openevolve.threaded_parallel - INFO - Metrics: compiled=1.0000, correctness=1.0000, stage=success, passed=0.0000, score=20.0000, speed_up=0.5690, runtime_ms=0.1280, meta={'hardware': 'NVIDIA L20Y', 'device': 'cuda:4', 'correctness_trials': '(5 / 5)', 'reference_timing_ms': 0.0728, 'speed_up': 0.569, 'custom_timing': 0.128}
2025-08-08 18:24:19,522 - openevolve.threaded_parallel - INFO - ðŸŒŸ New best solution found at iteration 4: efbe907e-8e12-4e03-880d-15e8da78d561
2025-08-08 18:28:06,502 - openevolve.RemoteSpeedupEvaluator - INFO - [level1_79_conv_transposed_1D_asymmetric_input_square_kernel___padded____strided____dilated__] triton key words check pass
2025-08-08 18:28:06,504 - openevolve.RemoteSpeedupEvaluator - INFO - [level1_79_conv_transposed_1D_asymmetric_input_square_kernel___padded____strided____dilated__] verify_plus payload: reference_code(1816 chars) + custom_code(3722 chars)
2025-08-08 18:28:09,666 - openevolve.RemoteSpeedupEvaluator - INFO - [level1_79_conv_transposed_1D_asymmetric_input_square_kernel___padded____strided____dilated__] verify_plus request success
2025-08-08 18:28:09,666 - openevolve.RemoteSpeedupEvaluator - INFO - [level1_79_conv_transposed_1D_asymmetric_input_square_kernel___padded____strided____dilated__] verify_plus response: {"id":"level1_79_conv_transposed_1D_asymmetric_input_square_kernel___padded____strided____dilated__","result":{"compiled":true,"correctness":true,"metadata":{"hardware":"NVIDIA L20Y","device":"cuda:4","correctness_trials":"(5 / 5)","reference_timing_ms":0.0728,"speed_up":0.633,"custom_timing":0.115},"runtime":0.115,"runtime_stats":{"mean":0.115,"std":0.00207,"min":0.113,"max":0.126,"num_trials":100,"hardware":"NVIDIA L20Y","device":"cuda:4"}}}
2025-08-08 18:28:09,666 - openevolve.RemoteSpeedupEvaluator - INFO - [level1_79_conv_transposed_1D_asymmetric_input_square_kernel___padded____strided____dilated__] âœ” success | speed_up=0.633  score=20.00
2025-08-08 18:28:09,666 - openevolve.evaluator - INFO - Evaluated program 64cdc2ae-7929-4ca7-b137-a15d92164602 in 3.17s: compiled=1.0000, correctness=1.0000, stage=success, passed=0.0000, score=20.0000, speed_up=0.6330, runtime_ms=0.1150, meta={'hardware': 'NVIDIA L20Y', 'device': 'cuda:4', 'correctness_trials': '(5 / 5)', 'reference_timing_ms': 0.0728, 'speed_up': 0.633, 'custom_timing': 0.115}
2025-08-08 18:28:09,671 - openevolve.llm.ensemble - INFO - Sampled model: deepseek
2025-08-08 18:28:09,672 - openevolve.database - INFO - New MAP-Elites cell occupied: {'score': 9, 'complexity': 4}
2025-08-08 18:28:09,684 - openevolve.threaded_parallel - INFO - Iteration 5: Program 64cdc2ae-7929-4ca7-b137-a15d92164602 (parent: fae57417-4275-4c41-b1c2-cdbad07798f7) completed in 769.24s
2025-08-08 18:28:09,684 - openevolve.threaded_parallel - INFO - Metrics: compiled=1.0000, correctness=1.0000, stage=success, passed=0.0000, score=20.0000, speed_up=0.6330, runtime_ms=0.1150, meta={'hardware': 'NVIDIA L20Y', 'device': 'cuda:4', 'correctness_trials': '(5 / 5)', 'reference_timing_ms': 0.0728, 'speed_up': 0.633, 'custom_timing': 0.115}
2025-08-08 18:31:18,042 - openevolve.RemoteSpeedupEvaluator - INFO - [level1_79_conv_transposed_1D_asymmetric_input_square_kernel___padded____strided____dilated__] âœ˜ invalid_answer 'import triton' is not found
2025-08-08 18:31:18,044 - openevolve.evaluator - INFO - Evaluated program f7922ee9-3ae6-42ae-b4fe-785a68531761 in 0.00s: compiled=0.0000, correctness=0.0000, score=-100.0000, stage=no_valid_triton_code, feedback=You need to generate real and valid triton code for the core function. The key word 'import triton' is not found.
2025-08-08 18:31:18,047 - openevolve.llm.ensemble - INFO - Sampled model: deepseek
2025-08-08 18:31:18,051 - openevolve.database - INFO - New MAP-Elites cell occupied: {'score': -1000, 'complexity': 0}
2025-08-08 18:31:18,063 - openevolve.threaded_parallel - INFO - Iteration 6: Program f7922ee9-3ae6-42ae-b4fe-785a68531761 (parent: 97c8db02-d2e1-461c-a200-03efd5073070) completed in 504.15s
2025-08-08 18:31:18,063 - openevolve.threaded_parallel - INFO - Metrics: compiled=0.0000, correctness=0.0000, score=-100.0000, stage=no_valid_triton_code, feedback=You need to generate real and valid triton code for the core function. The key word 'import triton' is not found.
2025-08-08 18:31:18,063 - openevolve.threaded_parallel - INFO - Checkpoint interval reached at iteration 6
2025-08-08 18:31:18,064 - openevolve.database - INFO - Island Status:
2025-08-08 18:31:18,064 - openevolve.database - INFO -  * Island 0: 4 programs, best=20.0000, avg=10.0000, diversity=628.42, gen=3 (best: efbe907e-8e12-4e03-880d-15e8da78d561)
2025-08-08 18:31:18,064 - openevolve.database - INFO -    Island 1: 3 programs, best=20.0000, avg=13.3333, diversity=170.20, gen=2 (best: 64cdc2ae-7929-4ca7-b137-a15d92164602)
2025-08-08 18:31:18,064 - openevolve.database - INFO -    Island 2: 2 programs, best=10.0000, avg=-45.0000, diversity=2028.00, gen=2 (best: 4a09f880-5d79-40b6-ad69-5359da05c3c6)
2025-08-08 18:31:18,159 - openevolve.database - INFO - Saved database with 8 programs to openevolve_output/level1_79_conv_transposed_1D_asymmetric_input_square_kernel___padded____strided____dilated__/checkpoints/checkpoint_6
2025-08-08 18:31:18,212 - openevolve.controller - INFO - Saved best program at checkpoint 6 with metrics: compiled=1.0000, correctness=1.0000, stage=success, passed=0.0000, score=20.0000, speed_up=0.5690, runtime_ms=0.1280, meta={'hardware': 'NVIDIA L20Y', 'device': 'cuda:4', 'correctness_trials': '(5 / 5)', 'reference_timing_ms': 0.0728, 'speed_up': 0.569, 'custom_timing': 0.128}
2025-08-08 18:31:18,212 - openevolve.controller - INFO - Saved checkpoint at iteration 6 to openevolve_output/level1_79_conv_transposed_1D_asymmetric_input_square_kernel___padded____strided____dilated__/checkpoints/checkpoint_6
2025-08-08 18:36:45,693 - openevolve.RemoteSpeedupEvaluator - INFO - [level1_79_conv_transposed_1D_asymmetric_input_square_kernel___padded____strided____dilated__] triton key words check pass
2025-08-08 18:36:45,695 - openevolve.RemoteSpeedupEvaluator - INFO - [level1_79_conv_transposed_1D_asymmetric_input_square_kernel___padded____strided____dilated__] verify_plus payload: reference_code(1816 chars) + custom_code(4512 chars)
2025-08-08 18:36:48,640 - openevolve.RemoteSpeedupEvaluator - INFO - [level1_79_conv_transposed_1D_asymmetric_input_square_kernel___padded____strided____dilated__] verify_plus request success
2025-08-08 18:36:48,640 - openevolve.RemoteSpeedupEvaluator - INFO - [level1_79_conv_transposed_1D_asymmetric_input_square_kernel___padded____strided____dilated__] verify_plus response: {"id":"level1_79_conv_transposed_1D_asymmetric_input_square_kernel___padded____strided____dilated__","result":{"compiled":true,"correctness":false,"metadata":{"hardware":"NVIDIA L20Y","device":"cuda:6","runtime_error":"Traceback (most recent call last):\n  File \"/home/lijiaxing/.conda/envs/api/lib/python3.10/site-packages/triton/language/core.py\", line 42, in wrapper\n    return fn(*args, **kwargs)\n  File \"/home/lijiaxing/.conda/envs/api/lib/python3.10/site-packages/triton/language/core.py\", line 1654, in arange\n    return _semantic.arange(start, end)\n  File \"/home/lijiaxing/.conda/envs/api/lib/python3.10/site-packages/triton/language/semantic.py\", line 574, in arange\n    raise ValueError(\"arange's arguments must be of type tl.constexpr\")\nValueError: arange's arguments must be
2025-08-08 18:36:48,640 - openevolve.RemoteSpeedupEvaluator - INFO - [level1_79_conv_transposed_1D_asymmetric_input_square_kernel___padded____strided____dilated__] âœ˜ wrong_answer
2025-08-08 18:36:48,641 - openevolve.evaluator - INFO - Evaluated program 0acc09df-aa0b-4707-a33c-0ccb79d4c66f in 2.95s: compiled=1.0000, correctness=0.0000, score=10.0000, stage=wrong_answer, verify_payload={'id': 'level1_79_conv_transposed_1D_asymmetric_input_square_kernel___padded____strided____dilated__', 'result': {'compiled': True, 'correctness': False, 'metadata': {'hardware': 'NVIDIA L20Y', 'device': 'cuda:6', 'runtime_error': 'Traceback (most recent call last):\n  File "/home/lijiaxing/.conda/envs/api/lib/python3.10/site-packages/triton/language/core.py", line 42, in wrapper\n    return fn(*args, **kwargs)\n  File "/home/lijiaxing/.conda/envs/api/lib/python3.10/site-packages/triton/language/core.py", line 1654, in arange\n    return _semantic.arange(start, end)\n  File "/home/lijiaxing/.conda/envs/api/lib/python3.10/site-packages/triton/language/semantic.py", line 574, in arange\n    raise ValueError("arange\'s arguments must be of type tl.constexpr")\nValueError: arange\'s arguments must be of type tl.constexpr\n\nThe above exception was the direct cause of the following exception:\n\nTraceback (most recent call last):\n  File "/cpfs01/shared/llm_kernel/hujiakai/KernelLLM/validation_api_server/helpers/evaluations.py", line 720, in run_and_check_correctness\n    output_new = model_new(*inputs)\n  File "/home/lijiaxing/.conda/envs/api/lib/python3.10/site-packages/torch/nn/modules/module.py", line 1773, in _wrapped_call_impl\n    return self._call_impl(*args, **kwargs)\n  File "/home/lijiaxing/.conda/envs/api/lib/python3.10/site-packages/torch/nn/modules/module.py", line 1784, in _call_impl\n    return forward_call(*args, **kwargs)\n  File "/tmp/tmp_w2c161x.py", line 100, in forward\n    conv_transpose1d_kernel[grid](\n  File "/home/lijiaxing/.conda/envs/api/lib/python3.10/site-packages/triton/runtime/jit.py", line 390, in <lambda>\n    return lambda *args, **kwargs: self.run(grid=grid, warmup=False, *args, **kwargs)\n  File "/home/lijiaxing/.conda/envs/api/lib/python3.10/site-packages/triton/runtime/jit.py", line 594, in run\n    kernel = self.compile(src, target=target, options=options.__dict__)\n  File "/home/lijiaxing/.conda/envs/api/lib/python3.10/site-packages/triton/compiler/compiler.py", line 339, in compile\n    module = src.make_ir(options, codegen_fns, module_map, context)\n  File "/home/lijiaxing/.conda/envs/api/lib/python3.10/site-packages/triton/compiler/compiler.py", line 83, in make_ir\n    return ast_to_ttir(self.fn, self, context=context, options=options, codegen_fns=codegen_fns,\ntriton.compiler.errors.CompilationError: at 36:25:\n    for k in range(kernel_size):\n        # Compute input position\n        base = ol_idx + padding - k * dilation\n        # Check divisibility by stride and bounds\n        il = base // stride\n        remainder_val = base % stride\n        valid = (base >= 0) & (remainder_val == 0) & (il < in_length)\n\n        # Check if any valid positions exist in this block\n        if tl.sum(valid) > 0:\n            # Vectorized load for input channels\n            ic_offsets = tl.arange(0, in_channels)\n                         ^\n\n\nThe above exception was the direct cause of the following exception:\n\nTraceback (most recent call last):\n  File "/home/lijiaxing/.conda/envs/api/lib/python3.10/site-packages/triton/language/core.py", line 42, in wrapper\n    return fn(*args, **kwargs)\n  File "/home/lijiaxing/.conda/envs/api/lib/python3.10/site-packages/triton/language/core.py", line 1654, in arange\n    return _semantic.arange(start, end)\n  File "/home/lijiaxing/.conda/envs/api/lib/python3.10/site-packages/triton/language/semantic.py", line 574, in arange\n    raise ValueError("arange\'s arguments must be of type tl.constexpr")\nValueError: arange\'s arguments must be of type tl.constexpr\n', 'runtime_error_name': 'triton.compiler.errors.CompilationError', 'reference_timing_ms': 0.0728, 'speed_up': -1.0, 'custom_timing': -1.0}, 'runtime': -1.0, 'runtime_stats': {}}}
2025-08-08 18:36:48,645 - openevolve.llm.ensemble - INFO - Sampled model: deepseek
2025-08-08 18:36:48,657 - openevolve.threaded_parallel - INFO - Iteration 8: Program 0acc09df-aa0b-4707-a33c-0ccb79d4c66f (parent: 97c8db02-d2e1-461c-a200-03efd5073070) completed in 518.97s
2025-08-08 18:36:48,658 - openevolve.threaded_parallel - INFO - Metrics: compiled=1.0000, correctness=0.0000, score=10.0000, stage=wrong_answer, verify_payload={'id': 'level1_79_conv_transposed_1D_asymmetric_input_square_kernel___padded____strided____dilated__', 'result': {'compiled': True, 'correctness': False, 'metadata': {'hardware': 'NVIDIA L20Y', 'device': 'cuda:6', 'runtime_error': 'Traceback (most recent call last):\n  File "/home/lijiaxing/.conda/envs/api/lib/python3.10/site-packages/triton/language/core.py", line 42, in wrapper\n    return fn(*args, **kwargs)\n  File "/home/lijiaxing/.conda/envs/api/lib/python3.10/site-packages/triton/language/core.py", line 1654, in arange\n    return _semantic.arange(start, end)\n  File "/home/lijiaxing/.conda/envs/api/lib/python3.10/site-packages/triton/language/semantic.py", line 574, in arange\n    raise ValueError("arange\'s arguments must be of type tl.constexpr")\nValueError: arange\'s arguments must be of type tl.constexpr\n\nThe above exception was the direct cause of the following exception:\n\nTraceback (most recent call last):\n  File "/cpfs01/shared/llm_kernel/hujiakai/KernelLLM/validation_api_server/helpers/evaluations.py", line 720, in run_and_check_correctness\n    output_new = model_new(*inputs)\n  File "/home/lijiaxing/.conda/envs/api/lib/python3.10/site-packages/torch/nn/modules/module.py", line 1773, in _wrapped_call_impl\n    return self._call_impl(*args, **kwargs)\n  File "/home/lijiaxing/.conda/envs/api/lib/python3.10/site-packages/torch/nn/modules/module.py", line 1784, in _call_impl\n    return forward_call(*args, **kwargs)\n  File "/tmp/tmp_w2c161x.py", line 100, in forward\n    conv_transpose1d_kernel[grid](\n  File "/home/lijiaxing/.conda/envs/api/lib/python3.10/site-packages/triton/runtime/jit.py", line 390, in <lambda>\n    return lambda *args, **kwargs: self.run(grid=grid, warmup=False, *args, **kwargs)\n  File "/home/lijiaxing/.conda/envs/api/lib/python3.10/site-packages/triton/runtime/jit.py", line 594, in run\n    kernel = self.compile(src, target=target, options=options.__dict__)\n  File "/home/lijiaxing/.conda/envs/api/lib/python3.10/site-packages/triton/compiler/compiler.py", line 339, in compile\n    module = src.make_ir(options, codegen_fns, module_map, context)\n  File "/home/lijiaxing/.conda/envs/api/lib/python3.10/site-packages/triton/compiler/compiler.py", line 83, in make_ir\n    return ast_to_ttir(self.fn, self, context=context, options=options, codegen_fns=codegen_fns,\ntriton.compiler.errors.CompilationError: at 36:25:\n    for k in range(kernel_size):\n        # Compute input position\n        base = ol_idx + padding - k * dilation\n        # Check divisibility by stride and bounds\n        il = base // stride\n        remainder_val = base % stride\n        valid = (base >= 0) & (remainder_val == 0) & (il < in_length)\n\n        # Check if any valid positions exist in this block\n        if tl.sum(valid) > 0:\n            # Vectorized load for input channels\n            ic_offsets = tl.arange(0, in_channels)\n                         ^\n\n\nThe above exception was the direct cause of the following exception:\n\nTraceback (most recent call last):\n  File "/home/lijiaxing/.conda/envs/api/lib/python3.10/site-packages/triton/language/core.py", line 42, in wrapper\n    return fn(*args, **kwargs)\n  File "/home/lijiaxing/.conda/envs/api/lib/python3.10/site-packages/triton/language/core.py", line 1654, in arange\n    return _semantic.arange(start, end)\n  File "/home/lijiaxing/.conda/envs/api/lib/python3.10/site-packages/triton/language/semantic.py", line 574, in arange\n    raise ValueError("arange\'s arguments must be of type tl.constexpr")\nValueError: arange\'s arguments must be of type tl.constexpr\n', 'runtime_error_name': 'triton.compiler.errors.CompilationError', 'reference_timing_ms': 0.0728, 'speed_up': -1.0, 'custom_timing': -1.0}, 'runtime': -1.0, 'runtime_stats': {}}}
2025-08-08 18:40:29,609 - openevolve.RemoteSpeedupEvaluator - INFO - [level1_79_conv_transposed_1D_asymmetric_input_square_kernel___padded____strided____dilated__] triton key words check pass
2025-08-08 18:40:29,611 - openevolve.RemoteSpeedupEvaluator - INFO - [level1_79_conv_transposed_1D_asymmetric_input_square_kernel___padded____strided____dilated__] verify_plus payload: reference_code(1816 chars) + custom_code(5692 chars)
2025-08-08 18:40:32,622 - openevolve.RemoteSpeedupEvaluator - INFO - [level1_79_conv_transposed_1D_asymmetric_input_square_kernel___padded____strided____dilated__] verify_plus request success
2025-08-08 18:40:32,622 - openevolve.RemoteSpeedupEvaluator - INFO - [level1_79_conv_transposed_1D_asymmetric_input_square_kernel___padded____strided____dilated__] verify_plus response: {"id":"level1_79_conv_transposed_1D_asymmetric_input_square_kernel___padded____strided____dilated__","result":{"compiled":true,"correctness":false,"metadata":{"hardware":"NVIDIA L20Y","device":"cuda:7","runtime_error":"Traceback (most recent call last):\n  File \"/home/lijiaxing/.conda/envs/api/lib/python3.10/site-packages/triton/language/core.py\", line 42, in wrapper\n    return fn(*args, **kwargs)\n  File \"/home/lijiaxing/.conda/envs/api/lib/python3.10/site-packages/triton/language/core.py\", line 2619, in reduce\n    return reduce((input, ), axis, combine_fn, keep_dims=keep_dims, _semantic=_semantic, _generator=_generator)[0]\n  File \"/home/lijiaxing/.conda/envs/api/lib/python3.10/site-packages/triton/language/core.py\", line 42, in wrapper\n    return fn(*args, **kwargs)\n  File \"/
2025-08-08 18:40:32,622 - openevolve.RemoteSpeedupEvaluator - INFO - [level1_79_conv_transposed_1D_asymmetric_input_square_kernel___padded____strided____dilated__] âœ˜ wrong_answer
2025-08-08 18:40:32,622 - openevolve.evaluator - INFO - Evaluated program 17b4b9cb-3b55-44a2-bc25-d497f6ba7ba6 in 3.01s: compiled=1.0000, correctness=0.0000, score=10.0000, stage=wrong_answer, verify_payload={'id': 'level1_79_conv_transposed_1D_asymmetric_input_square_kernel___padded____strided____dilated__', 'result': {'compiled': True, 'correctness': False, 'metadata': {'hardware': 'NVIDIA L20Y', 'device': 'cuda:7', 'runtime_error': 'Traceback (most recent call last):\n  File "/home/lijiaxing/.conda/envs/api/lib/python3.10/site-packages/triton/language/core.py", line 42, in wrapper\n    return fn(*args, **kwargs)\n  File "/home/lijiaxing/.conda/envs/api/lib/python3.10/site-packages/triton/language/core.py", line 2619, in reduce\n    return reduce((input, ), axis, combine_fn, keep_dims=keep_dims, _semantic=_semantic, _generator=_generator)[0]\n  File "/home/lijiaxing/.conda/envs/api/lib/python3.10/site-packages/triton/language/core.py", line 42, in wrapper\n    return fn(*args, **kwargs)\n  File "/home/lijiaxing/.conda/envs/api/lib/python3.10/site-packages/triton/language/core.py", line 2644, in reduce\n    axis = _wrap_axis(axis, len(input[0].shape))\n  File "/home/lijiaxing/.conda/envs/api/lib/python3.10/site-packages/triton/language/core.py", line 1942, in _wrap_axis\n    if not (-ndim <= axis < ndim):\nTypeError: \'<=\' not supported between instances of \'int\' and \'tuple\'\n\nThe above exception was the direct cause of the following exception:\n\ntriton.compiler.errors.CompilationError: at 7:11:\ndef sum(input, axis=None, keep_dims=False, dtype: core.constexpr = None):\n    # Pick a default dtype for the reduction if one was not specified.\n    out_dtype: core.constexpr = _pick_sum_dtype(input.dtype, dtype)\n\n    if out_dtype is not None:\n        input = input.to(out_dtype)\n    return core.reduce(input, axis, _sum_combine, keep_dims=keep_dims)\n           ^\n\nThe above exception was the direct cause of the following exception:\n\nTraceback (most recent call last):\n  File "/cpfs01/shared/llm_kernel/hujiakai/KernelLLM/validation_api_server/helpers/evaluations.py", line 720, in run_and_check_correctness\n    output_new = model_new(*inputs)\n  File "/home/lijiaxing/.conda/envs/api/lib/python3.10/site-packages/torch/nn/modules/module.py", line 1773, in _wrapped_call_impl\n    return self._call_impl(*args, **kwargs)\n  File "/home/lijiaxing/.conda/envs/api/lib/python3.10/site-packages/torch/nn/modules/module.py", line 1784, in _call_impl\n    return forward_call(*args, **kwargs)\n  File "/tmp/tmpaekplb6q.py", line 137, in forward\n    conv_transpose1d_kernel[grid](\n  File "/home/lijiaxing/.conda/envs/api/lib/python3.10/site-packages/triton/runtime/jit.py", line 390, in <lambda>\n    return lambda *args, **kwargs: self.run(grid=grid, warmup=False, *args, **kwargs)\n  File "/home/lijiaxing/.conda/envs/api/lib/python3.10/site-packages/triton/runtime/jit.py", line 594, in run\n    kernel = self.compile(src, target=target, options=options.__dict__)\n  File "/home/lijiaxing/.conda/envs/api/lib/python3.10/site-packages/triton/compiler/compiler.py", line 339, in compile\n    module = src.make_ir(options, codegen_fns, module_map, context)\n  File "/home/lijiaxing/.conda/envs/api/lib/python3.10/site-packages/triton/compiler/compiler.py", line 83, in make_ir\n    return ast_to_ttir(self.fn, self, context=context, options=options, codegen_fns=codegen_fns,\ntriton.compiler.errors.CompilationError: at 78:19:\n            x_vals = tl.load(input_ptrs, mask=valid_mask & tl.expand_dims(ic_mask, (0, 1)), other=0.0)\n\n            weight_ptrs = (\n                weight_ptr +\n                tl.expand_dims(ic_offsets, (0, 1)) * weight_in_channel_stride +\n                pid_oc * weight_out_channel_stride +\n                k_offsets_expanded * weight_kernel_stride\n            )\n\n            w_vals = tl.load(weight_ptrs, mask=tl.expand_dims(ic_mask, (0, 1)) & tl.expand_dims(k_mask, 0), other=0.0)\n\n            acc += tl.sum(x_vals * w_vals, axis=[1,2])\n                   ^\n\n\nThe above exception was the direct cause of the following exception:\n\nTraceback (most recent call last):\n  File "/home/lijiaxing/.conda/envs/api/lib/python3.10/site-packages/triton/language/core.py", line 42, in wrapper\n    return fn(*args, **kwargs)\n  File "/home/lijiaxing/.conda/envs/api/lib/python3.10/site-packages/triton/language/core.py", line 2619, in reduce\n    return reduce((input, ), axis, combine_fn, keep_dims=keep_dims, _semantic=_semantic, _generator=_generator)[0]\n  File "/home/lijiaxing/.conda/envs/api/lib/python3.10/site-packages/triton/language/core.py", line 42, in wrapper\n    return fn(*args, **kwargs)\n  File "/home/lijiaxing/.conda/envs/api/lib/python3.10/site-packages/triton/language/core.py", line 2644, in reduce\n    axis = _wrap_axis(axis, len(input[0].shape))\n  File "/home/lijiaxing/.conda/envs/api/lib/python3.10/site-packages/triton/language/core.py", line 1942, in _wrap_axis\n    if not (-ndim <= axis < ndim):\nTypeError: \'<=\' not supported between instances of \'int\' and \'tuple\'\n\nThe above exception was the direct cause of the following exception:\n\ntriton.compiler.errors.CompilationError: at 7:11:\ndef sum(input, axis=None, keep_dims=False, dtype: core.constexpr = None):\n    # Pick a default dtype for the reduction if one was not specified.\n    out_dtype: core.constexpr = _pick_sum_dtype(input.dtype, dtype)\n\n    if out_dtype is not None:\n        input = input.to(out_dtype)\n    return core.reduce(input, axis, _sum_combine, keep_dims=keep_dims)\n           ^\n\n\nThe above exception was the direct cause of the following exception:\n\nTraceback (most recent call last):\n  File "/home/lijiaxing/.conda/envs/api/lib/python3.10/site-packages/triton/language/core.py", line 42, in wrapper\n    return fn(*args, **kwargs)\n  File "/home/lijiaxing/.conda/envs/api/lib/python3.10/site-packages/triton/language/core.py", line 2619, in reduce\n    return reduce((input, ), axis, combine_fn, keep_dims=keep_dims, _semantic=_semantic, _generator=_generator)[0]\n  File "/home/lijiaxing/.conda/envs/api/lib/python3.10/site-packages/triton/language/core.py", line 42, in wrapper\n    return fn(*args, **kwargs)\n  File "/home/lijiaxing/.conda/envs/api/lib/python3.10/site-packages/triton/language/core.py", line 2644, in reduce\n    axis = _wrap_axis(axis, len(input[0].shape))\n  File "/home/lijiaxing/.conda/envs/api/lib/python3.10/site-packages/triton/language/core.py", line 1942, in _wrap_axis\n    if not (-ndim <= axis < ndim):\nTypeError: \'<=\' not supported between instances of \'int\' and \'tuple\'\n', 'runtime_error_name': 'triton.compiler.errors.CompilationError', 'reference_timing_ms': 0.0728, 'speed_up': -1.0, 'custom_timing': -1.0}, 'runtime': -1.0, 'runtime_stats': {}}}
2025-08-08 18:40:32,626 - openevolve.llm.ensemble - INFO - Sampled model: deepseek
2025-08-08 18:40:32,638 - openevolve.threaded_parallel - INFO - Iteration 9: Program 17b4b9cb-3b55-44a2-bc25-d497f6ba7ba6 (parent: 4a09f880-5d79-40b6-ad69-5359da05c3c6) completed in 554.58s
2025-08-08 18:40:32,638 - openevolve.threaded_parallel - INFO - Metrics: compiled=1.0000, correctness=0.0000, score=10.0000, stage=wrong_answer, verify_payload={'id': 'level1_79_conv_transposed_1D_asymmetric_input_square_kernel___padded____strided____dilated__', 'result': {'compiled': True, 'correctness': False, 'metadata': {'hardware': 'NVIDIA L20Y', 'device': 'cuda:7', 'runtime_error': 'Traceback (most recent call last):\n  File "/home/lijiaxing/.conda/envs/api/lib/python3.10/site-packages/triton/language/core.py", line 42, in wrapper\n    return fn(*args, **kwargs)\n  File "/home/lijiaxing/.conda/envs/api/lib/python3.10/site-packages/triton/language/core.py", line 2619, in reduce\n    return reduce((input, ), axis, combine_fn, keep_dims=keep_dims, _semantic=_semantic, _generator=_generator)[0]\n  File "/home/lijiaxing/.conda/envs/api/lib/python3.10/site-packages/triton/language/core.py", line 42, in wrapper\n    return fn(*args, **kwargs)\n  File "/home/lijiaxing/.conda/envs/api/lib/python3.10/site-packages/triton/language/core.py", line 2644, in reduce\n    axis = _wrap_axis(axis, len(input[0].shape))\n  File "/home/lijiaxing/.conda/envs/api/lib/python3.10/site-packages/triton/language/core.py", line 1942, in _wrap_axis\n    if not (-ndim <= axis < ndim):\nTypeError: \'<=\' not supported between instances of \'int\' and \'tuple\'\n\nThe above exception was the direct cause of the following exception:\n\ntriton.compiler.errors.CompilationError: at 7:11:\ndef sum(input, axis=None, keep_dims=False, dtype: core.constexpr = None):\n    # Pick a default dtype for the reduction if one was not specified.\n    out_dtype: core.constexpr = _pick_sum_dtype(input.dtype, dtype)\n\n    if out_dtype is not None:\n        input = input.to(out_dtype)\n    return core.reduce(input, axis, _sum_combine, keep_dims=keep_dims)\n           ^\n\nThe above exception was the direct cause of the following exception:\n\nTraceback (most recent call last):\n  File "/cpfs01/shared/llm_kernel/hujiakai/KernelLLM/validation_api_server/helpers/evaluations.py", line 720, in run_and_check_correctness\n    output_new = model_new(*inputs)\n  File "/home/lijiaxing/.conda/envs/api/lib/python3.10/site-packages/torch/nn/modules/module.py", line 1773, in _wrapped_call_impl\n    return self._call_impl(*args, **kwargs)\n  File "/home/lijiaxing/.conda/envs/api/lib/python3.10/site-packages/torch/nn/modules/module.py", line 1784, in _call_impl\n    return forward_call(*args, **kwargs)\n  File "/tmp/tmpaekplb6q.py", line 137, in forward\n    conv_transpose1d_kernel[grid](\n  File "/home/lijiaxing/.conda/envs/api/lib/python3.10/site-packages/triton/runtime/jit.py", line 390, in <lambda>\n    return lambda *args, **kwargs: self.run(grid=grid, warmup=False, *args, **kwargs)\n  File "/home/lijiaxing/.conda/envs/api/lib/python3.10/site-packages/triton/runtime/jit.py", line 594, in run\n    kernel = self.compile(src, target=target, options=options.__dict__)\n  File "/home/lijiaxing/.conda/envs/api/lib/python3.10/site-packages/triton/compiler/compiler.py", line 339, in compile\n    module = src.make_ir(options, codegen_fns, module_map, context)\n  File "/home/lijiaxing/.conda/envs/api/lib/python3.10/site-packages/triton/compiler/compiler.py", line 83, in make_ir\n    return ast_to_ttir(self.fn, self, context=context, options=options, codegen_fns=codegen_fns,\ntriton.compiler.errors.CompilationError: at 78:19:\n            x_vals = tl.load(input_ptrs, mask=valid_mask & tl.expand_dims(ic_mask, (0, 1)), other=0.0)\n\n            weight_ptrs = (\n                weight_ptr +\n                tl.expand_dims(ic_offsets, (0, 1)) * weight_in_channel_stride +\n                pid_oc * weight_out_channel_stride +\n                k_offsets_expanded * weight_kernel_stride\n            )\n\n            w_vals = tl.load(weight_ptrs, mask=tl.expand_dims(ic_mask, (0, 1)) & tl.expand_dims(k_mask, 0), other=0.0)\n\n            acc += tl.sum(x_vals * w_vals, axis=[1,2])\n                   ^\n\n\nThe above exception was the direct cause of the following exception:\n\nTraceback (most recent call last):\n  File "/home/lijiaxing/.conda/envs/api/lib/python3.10/site-packages/triton/language/core.py", line 42, in wrapper\n    return fn(*args, **kwargs)\n  File "/home/lijiaxing/.conda/envs/api/lib/python3.10/site-packages/triton/language/core.py", line 2619, in reduce\n    return reduce((input, ), axis, combine_fn, keep_dims=keep_dims, _semantic=_semantic, _generator=_generator)[0]\n  File "/home/lijiaxing/.conda/envs/api/lib/python3.10/site-packages/triton/language/core.py", line 42, in wrapper\n    return fn(*args, **kwargs)\n  File "/home/lijiaxing/.conda/envs/api/lib/python3.10/site-packages/triton/language/core.py", line 2644, in reduce\n    axis = _wrap_axis(axis, len(input[0].shape))\n  File "/home/lijiaxing/.conda/envs/api/lib/python3.10/site-packages/triton/language/core.py", line 1942, in _wrap_axis\n    if not (-ndim <= axis < ndim):\nTypeError: \'<=\' not supported between instances of \'int\' and \'tuple\'\n\nThe above exception was the direct cause of the following exception:\n\ntriton.compiler.errors.CompilationError: at 7:11:\ndef sum(input, axis=None, keep_dims=False, dtype: core.constexpr = None):\n    # Pick a default dtype for the reduction if one was not specified.\n    out_dtype: core.constexpr = _pick_sum_dtype(input.dtype, dtype)\n\n    if out_dtype is not None:\n        input = input.to(out_dtype)\n    return core.reduce(input, axis, _sum_combine, keep_dims=keep_dims)\n           ^\n\n\nThe above exception was the direct cause of the following exception:\n\nTraceback (most recent call last):\n  File "/home/lijiaxing/.conda/envs/api/lib/python3.10/site-packages/triton/language/core.py", line 42, in wrapper\n    return fn(*args, **kwargs)\n  File "/home/lijiaxing/.conda/envs/api/lib/python3.10/site-packages/triton/language/core.py", line 2619, in reduce\n    return reduce((input, ), axis, combine_fn, keep_dims=keep_dims, _semantic=_semantic, _generator=_generator)[0]\n  File "/home/lijiaxing/.conda/envs/api/lib/python3.10/site-packages/triton/language/core.py", line 42, in wrapper\n    return fn(*args, **kwargs)\n  File "/home/lijiaxing/.conda/envs/api/lib/python3.10/site-packages/triton/language/core.py", line 2644, in reduce\n    axis = _wrap_axis(axis, len(input[0].shape))\n  File "/home/lijiaxing/.conda/envs/api/lib/python3.10/site-packages/triton/language/core.py", line 1942, in _wrap_axis\n    if not (-ndim <= axis < ndim):\nTypeError: \'<=\' not supported between instances of \'int\' and \'tuple\'\n', 'runtime_error_name': 'triton.compiler.errors.CompilationError', 'reference_timing_ms': 0.0728, 'speed_up': -1.0, 'custom_timing': -1.0}, 'runtime': -1.0, 'runtime_stats': {}}}
2025-08-08 18:40:32,638 - openevolve.threaded_parallel - INFO - Checkpoint interval reached at iteration 9
2025-08-08 18:40:32,639 - openevolve.database - INFO - Island Status:
2025-08-08 18:40:32,639 - openevolve.database - INFO -    Island 0: 5 programs, best=20.0000, avg=10.0000, diversity=582.62, gen=3 (best: efbe907e-8e12-4e03-880d-15e8da78d561)
2025-08-08 18:40:32,639 - openevolve.database - INFO -    Island 1: 4 programs, best=20.0000, avg=12.5000, diversity=507.25, gen=3 (best: 64cdc2ae-7929-4ca7-b137-a15d92164602)
2025-08-08 18:40:32,639 - openevolve.database - INFO -  * Island 2: 2 programs, best=10.0000, avg=-45.0000, diversity=2028.00, gen=3 (best: 4a09f880-5d79-40b6-ad69-5359da05c3c6)
2025-08-08 18:40:32,755 - openevolve.database - INFO - Saved database with 10 programs to openevolve_output/level1_79_conv_transposed_1D_asymmetric_input_square_kernel___padded____strided____dilated__/checkpoints/checkpoint_9
2025-08-08 18:40:32,766 - openevolve.controller - INFO - Saved best program at checkpoint 9 with metrics: compiled=1.0000, correctness=1.0000, stage=success, passed=0.0000, score=20.0000, speed_up=0.5690, runtime_ms=0.1280, meta={'hardware': 'NVIDIA L20Y', 'device': 'cuda:4', 'correctness_trials': '(5 / 5)', 'reference_timing_ms': 0.0728, 'speed_up': 0.569, 'custom_timing': 0.128}
2025-08-08 18:40:32,766 - openevolve.controller - INFO - Saved checkpoint at iteration 9 to openevolve_output/level1_79_conv_transposed_1D_asymmetric_input_square_kernel___padded____strided____dilated__/checkpoints/checkpoint_9
2025-08-08 18:42:33,568 - openevolve.RemoteSpeedupEvaluator - INFO - [level1_79_conv_transposed_1D_asymmetric_input_square_kernel___padded____strided____dilated__] âœ˜ invalid_answer 'import triton' is not found
2025-08-08 18:42:33,570 - openevolve.evaluator - INFO - Evaluated program fc7f6c8c-3c68-4575-91b3-391013736412 in 0.00s: compiled=0.0000, correctness=0.0000, score=-100.0000, stage=no_valid_triton_code, feedback=You need to generate real and valid triton code for the core function. The key word 'import triton' is not found.
2025-08-08 18:42:33,573 - openevolve.llm.ensemble - INFO - Sampled model: deepseek
2025-08-08 18:42:33,584 - openevolve.threaded_parallel - INFO - Iteration 7: Program fc7f6c8c-3c68-4575-91b3-391013736412 (parent: 7a815852-ec75-4bc1-9d41-0fb4be7b3210) completed in 1094.06s
2025-08-08 18:42:33,584 - openevolve.threaded_parallel - INFO - Metrics: compiled=0.0000, correctness=0.0000, score=-100.0000, stage=no_valid_triton_code, feedback=You need to generate real and valid triton code for the core function. The key word 'import triton' is not found.
2025-08-08 18:48:19,397 - openevolve.RemoteSpeedupEvaluator - INFO - [level1_79_conv_transposed_1D_asymmetric_input_square_kernel___padded____strided____dilated__] triton key words check pass
2025-08-08 18:48:19,399 - openevolve.RemoteSpeedupEvaluator - INFO - [level1_79_conv_transposed_1D_asymmetric_input_square_kernel___padded____strided____dilated__] verify_plus payload: reference_code(1816 chars) + custom_code(3828 chars)
2025-08-08 18:48:28,323 - openevolve.RemoteSpeedupEvaluator - INFO - [level1_79_conv_transposed_1D_asymmetric_input_square_kernel___padded____strided____dilated__] verify_plus request success
2025-08-08 18:48:28,323 - openevolve.RemoteSpeedupEvaluator - INFO - [level1_79_conv_transposed_1D_asymmetric_input_square_kernel___padded____strided____dilated__] verify_plus response: {"id":"level1_79_conv_transposed_1D_asymmetric_input_square_kernel___padded____strided____dilated__","result":{"compiled":true,"correctness":true,"metadata":{"hardware":"NVIDIA L20Y","device":"cuda:2","correctness_trials":"(5 / 5)","reference_timing_ms":0.0728,"speed_up":0.564,"custom_timing":0.129},"runtime":0.129,"runtime_stats":{"mean":0.129,"std":0.00331,"min":0.125,"max":0.151,"num_trials":100,"hardware":"NVIDIA L20Y","device":"cuda:2"}}}
2025-08-08 18:48:28,324 - openevolve.RemoteSpeedupEvaluator - INFO - [level1_79_conv_transposed_1D_asymmetric_input_square_kernel___padded____strided____dilated__] âœ” success | speed_up=0.564  score=20.00
2025-08-08 18:48:28,324 - openevolve.evaluator - INFO - Evaluated program 9e1ba546-cd1c-469d-b364-125751250680 in 8.93s: compiled=1.0000, correctness=1.0000, stage=success, passed=0.0000, score=20.0000, speed_up=0.5640, runtime_ms=0.1290, meta={'hardware': 'NVIDIA L20Y', 'device': 'cuda:2', 'correctness_trials': '(5 / 5)', 'reference_timing_ms': 0.0728, 'speed_up': 0.564, 'custom_timing': 0.129}
2025-08-08 18:48:28,327 - openevolve.database - INFO - New MAP-Elites cell occupied: {'score': 9, 'complexity': 6}
2025-08-08 18:48:28,329 - openevolve.llm.ensemble - INFO - Sampled model: deepseek
2025-08-08 18:48:28,341 - openevolve.threaded_parallel - INFO - Iteration 10: Program 9e1ba546-cd1c-469d-b364-125751250680 (parent: 2c36a0b9-ab7f-4701-87fb-138929d29afd) completed in 699.68s
2025-08-08 18:48:28,341 - openevolve.threaded_parallel - INFO - Metrics: compiled=1.0000, correctness=1.0000, stage=success, passed=0.0000, score=20.0000, speed_up=0.5640, runtime_ms=0.1290, meta={'hardware': 'NVIDIA L20Y', 'device': 'cuda:2', 'correctness_trials': '(5 / 5)', 'reference_timing_ms': 0.0728, 'speed_up': 0.564, 'custom_timing': 0.129}
2025-08-08 18:51:24,168 - openevolve.RemoteSpeedupEvaluator - INFO - [level1_79_conv_transposed_1D_asymmetric_input_square_kernel___padded____strided____dilated__] triton key words check pass
2025-08-08 18:51:24,170 - openevolve.RemoteSpeedupEvaluator - INFO - [level1_79_conv_transposed_1D_asymmetric_input_square_kernel___padded____strided____dilated__] verify_plus payload: reference_code(1816 chars) + custom_code(5891 chars)
2025-08-08 18:51:27,534 - openevolve.RemoteSpeedupEvaluator - INFO - [level1_79_conv_transposed_1D_asymmetric_input_square_kernel___padded____strided____dilated__] verify_plus request success
2025-08-08 18:51:27,534 - openevolve.RemoteSpeedupEvaluator - INFO - [level1_79_conv_transposed_1D_asymmetric_input_square_kernel___padded____strided____dilated__] verify_plus response: {"id":"level1_79_conv_transposed_1D_asymmetric_input_square_kernel___padded____strided____dilated__","result":{"compiled":true,"correctness":false,"metadata":{"hardware":"NVIDIA L20Y","device":"cuda:4","max_difference":["3.104609","3.172418","3.193006","3.110272","3.274888"],"avg_difference":["0.506404","0.499909","0.493718","0.466302","0.529551"],"correctness_issue":"Output mismatch","correctness_trials":"(0 / 5)","reference_timing_ms":0.0728,"speed_up":-1.0,"custom_timing":-1.0},"runtime":-1.0,"runtime_stats":{}}}
2025-08-08 18:51:27,534 - openevolve.RemoteSpeedupEvaluator - INFO - [level1_79_conv_transposed_1D_asymmetric_input_square_kernel___padded____strided____dilated__] âœ˜ wrong_answer
2025-08-08 18:51:27,534 - openevolve.evaluator - INFO - Evaluated program 3447ed23-8a74-4d35-b1ba-1c3f20b5a030 in 3.37s: compiled=1.0000, correctness=0.0000, score=10.0000, stage=wrong_answer, verify_payload={'id': 'level1_79_conv_transposed_1D_asymmetric_input_square_kernel___padded____strided____dilated__', 'result': {'compiled': True, 'correctness': False, 'metadata': {'hardware': 'NVIDIA L20Y', 'device': 'cuda:4', 'max_difference': ['3.104609', '3.172418', '3.193006', '3.110272', '3.274888'], 'avg_difference': ['0.506404', '0.499909', '0.493718', '0.466302', '0.529551'], 'correctness_issue': 'Output mismatch', 'correctness_trials': '(0 / 5)', 'reference_timing_ms': 0.0728, 'speed_up': -1.0, 'custom_timing': -1.0}, 'runtime': -1.0, 'runtime_stats': {}}}
2025-08-08 18:51:27,538 - openevolve.llm.ensemble - INFO - Sampled model: deepseek
2025-08-08 18:51:27,552 - openevolve.threaded_parallel - INFO - Iteration 12: Program 3447ed23-8a74-4d35-b1ba-1c3f20b5a030 (parent: f7922ee9-3ae6-42ae-b4fe-785a68531761) completed in 533.96s
2025-08-08 18:51:27,553 - openevolve.threaded_parallel - INFO - Metrics: compiled=1.0000, correctness=0.0000, score=10.0000, stage=wrong_answer, verify_payload={'id': 'level1_79_conv_transposed_1D_asymmetric_input_square_kernel___padded____strided____dilated__', 'result': {'compiled': True, 'correctness': False, 'metadata': {'hardware': 'NVIDIA L20Y', 'device': 'cuda:4', 'max_difference': ['3.104609', '3.172418', '3.193006', '3.110272', '3.274888'], 'avg_difference': ['0.506404', '0.499909', '0.493718', '0.466302', '0.529551'], 'correctness_issue': 'Output mismatch', 'correctness_trials': '(0 / 5)', 'reference_timing_ms': 0.0728, 'speed_up': -1.0, 'custom_timing': -1.0}, 'runtime': -1.0, 'runtime_stats': {}}}
2025-08-08 18:51:27,553 - openevolve.threaded_parallel - INFO - Checkpoint interval reached at iteration 12
2025-08-08 18:51:27,554 - openevolve.database - INFO - Island Status:
2025-08-08 18:51:27,554 - openevolve.database - INFO -    Island 0: 6 programs, best=20.0000, avg=11.6667, diversity=579.08, gen=4 (best: efbe907e-8e12-4e03-880d-15e8da78d561)
2025-08-08 18:51:27,554 - openevolve.database - INFO -    Island 1: 5 programs, best=20.0000, avg=12.0000, diversity=719.40, gen=4 (best: 64cdc2ae-7929-4ca7-b137-a15d92164602)
2025-08-08 18:51:27,554 - openevolve.database - INFO -  * Island 2: 3 programs, best=10.0000, avg=-63.3333, diversity=1403.60, gen=4 (best: 4a09f880-5d79-40b6-ad69-5359da05c3c6)
2025-08-08 18:51:27,702 - openevolve.database - INFO - Saved database with 13 programs to openevolve_output/level1_79_conv_transposed_1D_asymmetric_input_square_kernel___padded____strided____dilated__/checkpoints/checkpoint_12
2025-08-08 18:51:27,713 - openevolve.controller - INFO - Saved best program at checkpoint 12 with metrics: compiled=1.0000, correctness=1.0000, stage=success, passed=0.0000, score=20.0000, speed_up=0.5690, runtime_ms=0.1280, meta={'hardware': 'NVIDIA L20Y', 'device': 'cuda:4', 'correctness_trials': '(5 / 5)', 'reference_timing_ms': 0.0728, 'speed_up': 0.569, 'custom_timing': 0.128}
2025-08-08 18:51:27,713 - openevolve.controller - INFO - Saved checkpoint at iteration 12 to openevolve_output/level1_79_conv_transposed_1D_asymmetric_input_square_kernel___padded____strided____dilated__/checkpoints/checkpoint_12
2025-08-08 18:55:09,503 - openevolve.RemoteSpeedupEvaluator - INFO - [level1_79_conv_transposed_1D_asymmetric_input_square_kernel___padded____strided____dilated__] âœ˜ invalid_answer 'import triton' is not found
2025-08-08 18:55:09,505 - openevolve.evaluator - INFO - Evaluated program a7036c5e-8f10-4fbd-97d0-d54d22f17d2f in 0.00s: compiled=0.0000, correctness=0.0000, score=-100.0000, stage=no_valid_triton_code, feedback=You need to generate real and valid triton code for the core function. The key word 'import triton' is not found.
2025-08-08 18:55:09,509 - openevolve.llm.ensemble - INFO - Sampled model: deepseek
2025-08-08 18:55:09,516 - openevolve.threaded_parallel - INFO - Iteration 11: Program a7036c5e-8f10-4fbd-97d0-d54d22f17d2f (parent: 64cdc2ae-7929-4ca7-b137-a15d92164602) completed in 876.88s
2025-08-08 18:55:09,516 - openevolve.threaded_parallel - INFO - Metrics: compiled=0.0000, correctness=0.0000, score=-100.0000, stage=no_valid_triton_code, feedback=You need to generate real and valid triton code for the core function. The key word 'import triton' is not found.
2025-08-08 19:02:53,239 - openevolve.RemoteSpeedupEvaluator - INFO - [level1_79_conv_transposed_1D_asymmetric_input_square_kernel___padded____strided____dilated__] âœ˜ invalid_answer 'import triton' is not found
2025-08-08 19:02:53,241 - openevolve.evaluator - INFO - Evaluated program a1ada3dc-fe31-4ffa-ad13-098a068b64d9 in 0.00s: compiled=0.0000, correctness=0.0000, score=-100.0000, stage=no_valid_triton_code, feedback=You need to generate real and valid triton code for the core function. The key word 'import triton' is not found.
2025-08-08 19:02:53,245 - openevolve.llm.ensemble - INFO - Sampled model: deepseek
2025-08-08 19:02:53,259 - openevolve.threaded_parallel - INFO - Iteration 13: Program a1ada3dc-fe31-4ffa-ad13-098a068b64d9 (parent: 0acc09df-aa0b-4707-a33c-0ccb79d4c66f) completed in 864.91s
2025-08-08 19:02:53,259 - openevolve.threaded_parallel - INFO - Metrics: compiled=0.0000, correctness=0.0000, score=-100.0000, stage=no_valid_triton_code, feedback=You need to generate real and valid triton code for the core function. The key word 'import triton' is not found.
2025-08-08 19:12:38,114 - openevolve.RemoteSpeedupEvaluator - INFO - [level1_79_conv_transposed_1D_asymmetric_input_square_kernel___padded____strided____dilated__] triton key words check pass
2025-08-08 19:12:38,115 - openevolve.RemoteSpeedupEvaluator - INFO - [level1_79_conv_transposed_1D_asymmetric_input_square_kernel___padded____strided____dilated__] triton key words check pass
2025-08-08 19:12:38,115 - openevolve.RemoteSpeedupEvaluator - INFO - [level1_79_conv_transposed_1D_asymmetric_input_square_kernel___padded____strided____dilated__] triton key words check pass
2025-08-08 19:12:38,116 - openevolve.RemoteSpeedupEvaluator - INFO - [level1_79_conv_transposed_1D_asymmetric_input_square_kernel___padded____strided____dilated__] verify_plus payload: reference_code(1816 chars) + custom_code(3774 chars)
2025-08-08 19:12:38,116 - openevolve.RemoteSpeedupEvaluator - INFO - [level1_79_conv_transposed_1D_asymmetric_input_square_kernel___padded____strided____dilated__] verify_plus payload: reference_code(1816 chars) + custom_code(5783 chars)
2025-08-08 19:12:38,116 - openevolve.RemoteSpeedupEvaluator - INFO - [level1_79_conv_transposed_1D_asymmetric_input_square_kernel___padded____strided____dilated__] verify_plus payload: reference_code(1816 chars) + custom_code(3961 chars)
2025-08-08 19:12:56,397 - openevolve.RemoteSpeedupEvaluator - INFO - [level1_79_conv_transposed_1D_asymmetric_input_square_kernel___padded____strided____dilated__] verify_plus request success
2025-08-08 19:12:56,397 - openevolve.RemoteSpeedupEvaluator - INFO - [level1_79_conv_transposed_1D_asymmetric_input_square_kernel___padded____strided____dilated__] verify_plus response: {"id":"level1_79_conv_transposed_1D_asymmetric_input_square_kernel___padded____strided____dilated__","result":{"compiled":true,"correctness":true,"metadata":{"hardware":"NVIDIA L20Y","device":"cuda:0","correctness_trials":"(5 / 5)","reference_timing_ms":0.0728,"speed_up":0.56,"custom_timing":0.13},"runtime":0.13,"runtime_stats":{"mean":0.13,"std":0.00287,"min":0.126,"max":0.143,"num_trials":100,"hardware":"NVIDIA L20Y","device":"cuda:0"}}}
2025-08-08 19:12:56,398 - openevolve.RemoteSpeedupEvaluator - INFO - [level1_79_conv_transposed_1D_asymmetric_input_square_kernel___padded____strided____dilated__] âœ” success | speed_up=0.560  score=20.00
2025-08-08 19:12:56,398 - openevolve.evaluator - INFO - Evaluated program 2d1f0c14-1631-4821-9fce-7d18b8a0bb36 in 18.29s: compiled=1.0000, correctness=1.0000, stage=success, passed=0.0000, score=20.0000, speed_up=0.5600, runtime_ms=0.1300, meta={'hardware': 'NVIDIA L20Y', 'device': 'cuda:0', 'correctness_trials': '(5 / 5)', 'reference_timing_ms': 0.0728, 'speed_up': 0.56, 'custom_timing': 0.13}
2025-08-08 19:12:56,401 - openevolve.llm.ensemble - INFO - Sampled model: deepseek
2025-08-08 19:12:56,415 - openevolve.threaded_parallel - INFO - Iteration 14: Program 2d1f0c14-1631-4821-9fce-7d18b8a0bb36 (parent: 64cdc2ae-7929-4ca7-b137-a15d92164602) completed in 1288.86s
2025-08-08 19:12:56,415 - openevolve.threaded_parallel - INFO - Metrics: compiled=1.0000, correctness=1.0000, stage=success, passed=0.0000, score=20.0000, speed_up=0.5600, runtime_ms=0.1300, meta={'hardware': 'NVIDIA L20Y', 'device': 'cuda:0', 'correctness_trials': '(5 / 5)', 'reference_timing_ms': 0.0728, 'speed_up': 0.56, 'custom_timing': 0.13}
2025-08-08 19:13:00,136 - openevolve.RemoteSpeedupEvaluator - INFO - [level1_79_conv_transposed_1D_asymmetric_input_square_kernel___padded____strided____dilated__] verify_plus request success
2025-08-08 19:13:00,136 - openevolve.RemoteSpeedupEvaluator - INFO - [level1_79_conv_transposed_1D_asymmetric_input_square_kernel___padded____strided____dilated__] verify_plus response: {"id":"level1_79_conv_transposed_1D_asymmetric_input_square_kernel___padded____strided____dilated__","result":{"compiled":true,"correctness":false,"metadata":{"hardware":"NVIDIA L20Y","device":"cuda:3","runtime_error":"Traceback (most recent call last):\n  File \"/home/lijiaxing/.conda/envs/api/lib/python3.10/site-packages/triton/language/core.py\", line 42, in wrapper\n    return fn(*args, **kwargs)\n  File \"/home/lijiaxing/.conda/envs/api/lib/python3.10/site-packages/triton/language/core.py\", line 2619, in reduce\n    return reduce((input, ), axis, combine_fn, keep_dims=keep_dims, _semantic=_semantic, _generator=_generator)[0]\n  File \"/home/lijiaxing/.conda/envs/api/lib/python3.10/site-packages/triton/language/core.py\", line 42, in wrapper\n    return fn(*args, **kwargs)\n  File \"/
2025-08-08 19:13:00,136 - openevolve.RemoteSpeedupEvaluator - INFO - [level1_79_conv_transposed_1D_asymmetric_input_square_kernel___padded____strided____dilated__] âœ˜ wrong_answer
2025-08-08 19:13:00,137 - openevolve.evaluator - INFO - Evaluated program 2e7aee33-cf89-4d3e-be8b-c3e40ccc191c in 22.02s: compiled=1.0000, correctness=0.0000, score=10.0000, stage=wrong_answer, verify_payload={'id': 'level1_79_conv_transposed_1D_asymmetric_input_square_kernel___padded____strided____dilated__', 'result': {'compiled': True, 'correctness': False, 'metadata': {'hardware': 'NVIDIA L20Y', 'device': 'cuda:3', 'runtime_error': 'Traceback (most recent call last):\n  File "/home/lijiaxing/.conda/envs/api/lib/python3.10/site-packages/triton/language/core.py", line 42, in wrapper\n    return fn(*args, **kwargs)\n  File "/home/lijiaxing/.conda/envs/api/lib/python3.10/site-packages/triton/language/core.py", line 2619, in reduce\n    return reduce((input, ), axis, combine_fn, keep_dims=keep_dims, _semantic=_semantic, _generator=_generator)[0]\n  File "/home/lijiaxing/.conda/envs/api/lib/python3.10/site-packages/triton/language/core.py", line 42, in wrapper\n    return fn(*args, **kwargs)\n  File "/home/lijiaxing/.conda/envs/api/lib/python3.10/site-packages/triton/language/core.py", line 2644, in reduce\n    axis = _wrap_axis(axis, len(input[0].shape))\n  File "/home/lijiaxing/.conda/envs/api/lib/python3.10/site-packages/triton/language/core.py", line 1942, in _wrap_axis\n    if not (-ndim <= axis < ndim):\nTypeError: \'<=\' not supported between instances of \'int\' and \'tuple\'\n\nThe above exception was the direct cause of the following exception:\n\ntriton.compiler.errors.CompilationError: at 7:11:\ndef sum(input, axis=None, keep_dims=False, dtype: core.constexpr = None):\n    # Pick a default dtype for the reduction if one was not specified.\n    out_dtype: core.constexpr = _pick_sum_dtype(input.dtype, dtype)\n\n    if out_dtype is not None:\n        input = input.to(out_dtype)\n    return core.reduce(input, axis, _sum_combine, keep_dims=keep_dims)\n           ^\n\nThe above exception was the direct cause of the following exception:\n\nTraceback (most recent call last):\n  File "/cpfs01/shared/llm_kernel/hujiakai/KernelLLM/validation_api_server/helpers/evaluations.py", line 720, in run_and_check_correctness\n    output_new = model_new(*inputs)\n  File "/home/lijiaxing/.conda/envs/api/lib/python3.10/site-packages/torch/nn/modules/module.py", line 1773, in _wrapped_call_impl\n    return self._call_impl(*args, **kwargs)\n  File "/home/lijiaxing/.conda/envs/api/lib/python3.10/site-packages/torch/nn/modules/module.py", line 1784, in _call_impl\n    return forward_call(*args, **kwargs)\n  File "/tmp/tmpcbdn02hu.py", line 139, in forward\n    conv_transpose1d_kernel[grid](\n  File "/home/lijiaxing/.conda/envs/api/lib/python3.10/site-packages/triton/runtime/jit.py", line 390, in <lambda>\n    return lambda *args, **kwargs: self.run(grid=grid, warmup=False, *args, **kwargs)\n  File "/home/lijiaxing/.conda/envs/api/lib/python3.10/site-packages/triton/runtime/jit.py", line 594, in run\n    kernel = self.compile(src, target=target, options=options.__dict__)\n  File "/home/lijiaxing/.conda/envs/api/lib/python3.10/site-packages/triton/compiler/compiler.py", line 339, in compile\n    module = src.make_ir(options, codegen_fns, module_map, context)\n  File "/home/lijiaxing/.conda/envs/api/lib/python3.10/site-packages/triton/compiler/compiler.py", line 83, in make_ir\n    return ast_to_ttir(self.fn, self, context=context, options=options, codegen_fns=codegen_fns,\ntriton.compiler.errors.CompilationError: at 80:19:\n            weight_ptrs = (\n                weight_ptr +\n                tl.expand_dims(ic_offsets, (0, 1)) * weight_in_channel_stride +\n                pid_oc * weight_out_channel_stride +\n                k_offsets_expanded * weight_kernel_stride\n            )\n\n            w_vals = tl.load(weight_ptrs, mask=tl.expand_dims(ic_mask, (0, 1)) & tl.expand_dims(k_mask, 0), other=0.0)\n\n            # Reduce over both channel and kernel dimensions\n            product = x_vals * w_vals\n            acc += tl.sum(product, axis=[1,2])\n                   ^\n\n\nThe above exception was the direct cause of the following exception:\n\nTraceback (most recent call last):\n  File "/home/lijiaxing/.conda/envs/api/lib/python3.10/site-packages/triton/language/core.py", line 42, in wrapper\n    return fn(*args, **kwargs)\n  File "/home/lijiaxing/.conda/envs/api/lib/python3.10/site-packages/triton/language/core.py", line 2619, in reduce\n    return reduce((input, ), axis, combine_fn, keep_dims=keep_dims, _semantic=_semantic, _generator=_generator)[0]\n  File "/home/lijiaxing/.conda/envs/api/lib/python3.10/site-packages/triton/language/core.py", line 42, in wrapper\n    return fn(*args, **kwargs)\n  File "/home/lijiaxing/.conda/envs/api/lib/python3.10/site-packages/triton/language/core.py", line 2644, in reduce\n    axis = _wrap_axis(axis, len(input[0].shape))\n  File "/home/lijiaxing/.conda/envs/api/lib/python3.10/site-packages/triton/language/core.py", line 1942, in _wrap_axis\n    if not (-ndim <= axis < ndim):\nTypeError: \'<=\' not supported between instances of \'int\' and \'tuple\'\n\nThe above exception was the direct cause of the following exception:\n\ntriton.compiler.errors.CompilationError: at 7:11:\ndef sum(input, axis=None, keep_dims=False, dtype: core.constexpr = None):\n    # Pick a default dtype for the reduction if one was not specified.\n    out_dtype: core.constexpr = _pick_sum_dtype(input.dtype, dtype)\n\n    if out_dtype is not None:\n        input = input.to(out_dtype)\n    return core.reduce(input, axis, _sum_combine, keep_dims=keep_dims)\n           ^\n\n\nThe above exception was the direct cause of the following exception:\n\nTraceback (most recent call last):\n  File "/home/lijiaxing/.conda/envs/api/lib/python3.10/site-packages/triton/language/core.py", line 42, in wrapper\n    return fn(*args, **kwargs)\n  File "/home/lijiaxing/.conda/envs/api/lib/python3.10/site-packages/triton/language/core.py", line 2619, in reduce\n    return reduce((input, ), axis, combine_fn, keep_dims=keep_dims, _semantic=_semantic, _generator=_generator)[0]\n  File "/home/lijiaxing/.conda/envs/api/lib/python3.10/site-packages/triton/language/core.py", line 42, in wrapper\n    return fn(*args, **kwargs)\n  File "/home/lijiaxing/.conda/envs/api/lib/python3.10/site-packages/triton/language/core.py", line 2644, in reduce\n    axis = _wrap_axis(axis, len(input[0].shape))\n  File "/home/lijiaxing/.conda/envs/api/lib/python3.10/site-packages/triton/language/core.py", line 1942, in _wrap_axis\n    if not (-ndim <= axis < ndim):\nTypeError: \'<=\' not supported between instances of \'int\' and \'tuple\'\n', 'runtime_error_name': 'triton.compiler.errors.CompilationError', 'reference_timing_ms': 0.0728, 'speed_up': -1.0, 'custom_timing': -1.0}, 'runtime': -1.0, 'runtime_stats': {}}}
2025-08-08 19:13:00,140 - openevolve.llm.ensemble - INFO - Sampled model: deepseek
2025-08-08 19:13:00,160 - openevolve.threaded_parallel - INFO - Iteration 15: Program 2e7aee33-cf89-4d3e-be8b-c3e40ccc191c (parent: 4a09f880-5d79-40b6-ad69-5359da05c3c6) completed in 1070.63s
2025-08-08 19:13:00,160 - openevolve.threaded_parallel - INFO - Metrics: compiled=1.0000, correctness=0.0000, score=10.0000, stage=wrong_answer, verify_payload={'id': 'level1_79_conv_transposed_1D_asymmetric_input_square_kernel___padded____strided____dilated__', 'result': {'compiled': True, 'correctness': False, 'metadata': {'hardware': 'NVIDIA L20Y', 'device': 'cuda:3', 'runtime_error': 'Traceback (most recent call last):\n  File "/home/lijiaxing/.conda/envs/api/lib/python3.10/site-packages/triton/language/core.py", line 42, in wrapper\n    return fn(*args, **kwargs)\n  File "/home/lijiaxing/.conda/envs/api/lib/python3.10/site-packages/triton/language/core.py", line 2619, in reduce\n    return reduce((input, ), axis, combine_fn, keep_dims=keep_dims, _semantic=_semantic, _generator=_generator)[0]\n  File "/home/lijiaxing/.conda/envs/api/lib/python3.10/site-packages/triton/language/core.py", line 42, in wrapper\n    return fn(*args, **kwargs)\n  File "/home/lijiaxing/.conda/envs/api/lib/python3.10/site-packages/triton/language/core.py", line 2644, in reduce\n    axis = _wrap_axis(axis, len(input[0].shape))\n  File "/home/lijiaxing/.conda/envs/api/lib/python3.10/site-packages/triton/language/core.py", line 1942, in _wrap_axis\n    if not (-ndim <= axis < ndim):\nTypeError: \'<=\' not supported between instances of \'int\' and \'tuple\'\n\nThe above exception was the direct cause of the following exception:\n\ntriton.compiler.errors.CompilationError: at 7:11:\ndef sum(input, axis=None, keep_dims=False, dtype: core.constexpr = None):\n    # Pick a default dtype for the reduction if one was not specified.\n    out_dtype: core.constexpr = _pick_sum_dtype(input.dtype, dtype)\n\n    if out_dtype is not None:\n        input = input.to(out_dtype)\n    return core.reduce(input, axis, _sum_combine, keep_dims=keep_dims)\n           ^\n\nThe above exception was the direct cause of the following exception:\n\nTraceback (most recent call last):\n  File "/cpfs01/shared/llm_kernel/hujiakai/KernelLLM/validation_api_server/helpers/evaluations.py", line 720, in run_and_check_correctness\n    output_new = model_new(*inputs)\n  File "/home/lijiaxing/.conda/envs/api/lib/python3.10/site-packages/torch/nn/modules/module.py", line 1773, in _wrapped_call_impl\n    return self._call_impl(*args, **kwargs)\n  File "/home/lijiaxing/.conda/envs/api/lib/python3.10/site-packages/torch/nn/modules/module.py", line 1784, in _call_impl\n    return forward_call(*args, **kwargs)\n  File "/tmp/tmpcbdn02hu.py", line 139, in forward\n    conv_transpose1d_kernel[grid](\n  File "/home/lijiaxing/.conda/envs/api/lib/python3.10/site-packages/triton/runtime/jit.py", line 390, in <lambda>\n    return lambda *args, **kwargs: self.run(grid=grid, warmup=False, *args, **kwargs)\n  File "/home/lijiaxing/.conda/envs/api/lib/python3.10/site-packages/triton/runtime/jit.py", line 594, in run\n    kernel = self.compile(src, target=target, options=options.__dict__)\n  File "/home/lijiaxing/.conda/envs/api/lib/python3.10/site-packages/triton/compiler/compiler.py", line 339, in compile\n    module = src.make_ir(options, codegen_fns, module_map, context)\n  File "/home/lijiaxing/.conda/envs/api/lib/python3.10/site-packages/triton/compiler/compiler.py", line 83, in make_ir\n    return ast_to_ttir(self.fn, self, context=context, options=options, codegen_fns=codegen_fns,\ntriton.compiler.errors.CompilationError: at 80:19:\n            weight_ptrs = (\n                weight_ptr +\n                tl.expand_dims(ic_offsets, (0, 1)) * weight_in_channel_stride +\n                pid_oc * weight_out_channel_stride +\n                k_offsets_expanded * weight_kernel_stride\n            )\n\n            w_vals = tl.load(weight_ptrs, mask=tl.expand_dims(ic_mask, (0, 1)) & tl.expand_dims(k_mask, 0), other=0.0)\n\n            # Reduce over both channel and kernel dimensions\n            product = x_vals * w_vals\n            acc += tl.sum(product, axis=[1,2])\n                   ^\n\n\nThe above exception was the direct cause of the following exception:\n\nTraceback (most recent call last):\n  File "/home/lijiaxing/.conda/envs/api/lib/python3.10/site-packages/triton/language/core.py", line 42, in wrapper\n    return fn(*args, **kwargs)\n  File "/home/lijiaxing/.conda/envs/api/lib/python3.10/site-packages/triton/language/core.py", line 2619, in reduce\n    return reduce((input, ), axis, combine_fn, keep_dims=keep_dims, _semantic=_semantic, _generator=_generator)[0]\n  File "/home/lijiaxing/.conda/envs/api/lib/python3.10/site-packages/triton/language/core.py", line 42, in wrapper\n    return fn(*args, **kwargs)\n  File "/home/lijiaxing/.conda/envs/api/lib/python3.10/site-packages/triton/language/core.py", line 2644, in reduce\n    axis = _wrap_axis(axis, len(input[0].shape))\n  File "/home/lijiaxing/.conda/envs/api/lib/python3.10/site-packages/triton/language/core.py", line 1942, in _wrap_axis\n    if not (-ndim <= axis < ndim):\nTypeError: \'<=\' not supported between instances of \'int\' and \'tuple\'\n\nThe above exception was the direct cause of the following exception:\n\ntriton.compiler.errors.CompilationError: at 7:11:\ndef sum(input, axis=None, keep_dims=False, dtype: core.constexpr = None):\n    # Pick a default dtype for the reduction if one was not specified.\n    out_dtype: core.constexpr = _pick_sum_dtype(input.dtype, dtype)\n\n    if out_dtype is not None:\n        input = input.to(out_dtype)\n    return core.reduce(input, axis, _sum_combine, keep_dims=keep_dims)\n           ^\n\n\nThe above exception was the direct cause of the following exception:\n\nTraceback (most recent call last):\n  File "/home/lijiaxing/.conda/envs/api/lib/python3.10/site-packages/triton/language/core.py", line 42, in wrapper\n    return fn(*args, **kwargs)\n  File "/home/lijiaxing/.conda/envs/api/lib/python3.10/site-packages/triton/language/core.py", line 2619, in reduce\n    return reduce((input, ), axis, combine_fn, keep_dims=keep_dims, _semantic=_semantic, _generator=_generator)[0]\n  File "/home/lijiaxing/.conda/envs/api/lib/python3.10/site-packages/triton/language/core.py", line 42, in wrapper\n    return fn(*args, **kwargs)\n  File "/home/lijiaxing/.conda/envs/api/lib/python3.10/site-packages/triton/language/core.py", line 2644, in reduce\n    axis = _wrap_axis(axis, len(input[0].shape))\n  File "/home/lijiaxing/.conda/envs/api/lib/python3.10/site-packages/triton/language/core.py", line 1942, in _wrap_axis\n    if not (-ndim <= axis < ndim):\nTypeError: \'<=\' not supported between instances of \'int\' and \'tuple\'\n', 'runtime_error_name': 'triton.compiler.errors.CompilationError', 'reference_timing_ms': 0.0728, 'speed_up': -1.0, 'custom_timing': -1.0}, 'runtime': -1.0, 'runtime_stats': {}}}
2025-08-08 19:13:00,160 - openevolve.threaded_parallel - INFO - Checkpoint interval reached at iteration 15
2025-08-08 19:13:00,162 - openevolve.database - INFO - Island Status:
2025-08-08 19:13:00,162 - openevolve.database - INFO -  * Island 0: 7 programs, best=20.0000, avg=-4.2857, diversity=829.75, gen=6 (best: efbe907e-8e12-4e03-880d-15e8da78d561)
2025-08-08 19:13:00,162 - openevolve.database - INFO -    Island 1: 6 programs, best=20.0000, avg=13.3333, diversity=596.48, gen=5 (best: 64cdc2ae-7929-4ca7-b137-a15d92164602)
2025-08-08 19:13:00,162 - openevolve.database - INFO -    Island 2: 5 programs, best=10.0000, avg=-56.0000, diversity=1777.77, gen=5 (best: 4a09f880-5d79-40b6-ad69-5359da05c3c6)
2025-08-08 19:13:00,376 - openevolve.database - INFO - Saved database with 17 programs to openevolve_output/level1_79_conv_transposed_1D_asymmetric_input_square_kernel___padded____strided____dilated__/checkpoints/checkpoint_15
2025-08-08 19:13:00,390 - openevolve.controller - INFO - Saved best program at checkpoint 15 with metrics: compiled=1.0000, correctness=1.0000, stage=success, passed=0.0000, score=20.0000, speed_up=0.5690, runtime_ms=0.1280, meta={'hardware': 'NVIDIA L20Y', 'device': 'cuda:4', 'correctness_trials': '(5 / 5)', 'reference_timing_ms': 0.0728, 'speed_up': 0.569, 'custom_timing': 0.128}
2025-08-08 19:13:00,390 - openevolve.controller - INFO - Saved checkpoint at iteration 15 to openevolve_output/level1_79_conv_transposed_1D_asymmetric_input_square_kernel___padded____strided____dilated__/checkpoints/checkpoint_15
2025-08-08 19:13:00,807 - openevolve.RemoteSpeedupEvaluator - INFO - [level1_79_conv_transposed_1D_asymmetric_input_square_kernel___padded____strided____dilated__] verify_plus request success
2025-08-08 19:13:00,807 - openevolve.RemoteSpeedupEvaluator - INFO - [level1_79_conv_transposed_1D_asymmetric_input_square_kernel___padded____strided____dilated__] verify_plus response: {"id":"level1_79_conv_transposed_1D_asymmetric_input_square_kernel___padded____strided____dilated__","result":{"compiled":true,"correctness":false,"metadata":{"hardware":"NVIDIA L20Y","device":"cuda:6","runtime_error":"Traceback (most recent call last):\n  File \"/home/lijiaxing/.conda/envs/api/lib/python3.10/site-packages/triton/language/core.py\", line 42, in wrapper\n    return fn(*args, **kwargs)\n  File \"/home/lijiaxing/.conda/envs/api/lib/python3.10/site-packages/triton/language/core.py\", line 1654, in arange\n    return _semantic.arange(start, end)\n  File \"/home/lijiaxing/.conda/envs/api/lib/python3.10/site-packages/triton/language/semantic.py\", line 574, in arange\n    raise ValueError(\"arange's arguments must be of type tl.constexpr\")\nValueError: arange's arguments must be
2025-08-08 19:13:00,807 - openevolve.RemoteSpeedupEvaluator - INFO - [level1_79_conv_transposed_1D_asymmetric_input_square_kernel___padded____strided____dilated__] âœ˜ wrong_answer
2025-08-08 19:13:00,808 - openevolve.evaluator - INFO - Evaluated program cc8210af-472b-4002-8392-88afdbc7b861 in 22.70s: compiled=1.0000, correctness=0.0000, score=10.0000, stage=wrong_answer, verify_payload={'id': 'level1_79_conv_transposed_1D_asymmetric_input_square_kernel___padded____strided____dilated__', 'result': {'compiled': True, 'correctness': False, 'metadata': {'hardware': 'NVIDIA L20Y', 'device': 'cuda:6', 'runtime_error': 'Traceback (most recent call last):\n  File "/home/lijiaxing/.conda/envs/api/lib/python3.10/site-packages/triton/language/core.py", line 42, in wrapper\n    return fn(*args, **kwargs)\n  File "/home/lijiaxing/.conda/envs/api/lib/python3.10/site-packages/triton/language/core.py", line 1654, in arange\n    return _semantic.arange(start, end)\n  File "/home/lijiaxing/.conda/envs/api/lib/python3.10/site-packages/triton/language/semantic.py", line 574, in arange\n    raise ValueError("arange\'s arguments must be of type tl.constexpr")\nValueError: arange\'s arguments must be of type tl.constexpr\n\nThe above exception was the direct cause of the following exception:\n\nTraceback (most recent call last):\n  File "/cpfs01/shared/llm_kernel/hujiakai/KernelLLM/validation_api_server/helpers/evaluations.py", line 720, in run_and_check_correctness\n    output_new = model_new(*inputs)\n  File "/home/lijiaxing/.conda/envs/api/lib/python3.10/site-packages/torch/nn/modules/module.py", line 1773, in _wrapped_call_impl\n    return self._call_impl(*args, **kwargs)\n  File "/home/lijiaxing/.conda/envs/api/lib/python3.10/site-packages/torch/nn/modules/module.py", line 1784, in _call_impl\n    return forward_call(*args, **kwargs)\n  File "/tmp/tmplfirabes.py", line 89, in forward\n    transposed_conv1d_kernel[grid](\n  File "/home/lijiaxing/.conda/envs/api/lib/python3.10/site-packages/triton/runtime/jit.py", line 390, in <lambda>\n    return lambda *args, **kwargs: self.run(grid=grid, warmup=False, *args, **kwargs)\n  File "/home/lijiaxing/.conda/envs/api/lib/python3.10/site-packages/triton/runtime/jit.py", line 594, in run\n    kernel = self.compile(src, target=target, options=options.__dict__)\n  File "/home/lijiaxing/.conda/envs/api/lib/python3.10/site-packages/triton/compiler/compiler.py", line 339, in compile\n    module = src.make_ir(options, codegen_fns, module_map, context)\n  File "/home/lijiaxing/.conda/envs/api/lib/python3.10/site-packages/triton/compiler/compiler.py", line 83, in make_ir\n    return ast_to_ttir(self.fn, self, context=context, options=options, codegen_fns=codegen_fns,\ntriton.compiler.errors.CompilationError: at 35:16:\n    remainder = offs % output_channels_length\n    c_out_idx = remainder // length_out\n    i_out = remainder % length_out\n\n    acc = tl.zeros((BLOCK_SIZE,), dtype=tl.float32)\n\n    if bias_ptr is not None:\n        bias = tl.load(bias_ptr + c_out_idx, mask=mask, other=0.0)\n        acc += bias\n\n    # Precompute kernel indices and validity masks\n    k_offsets = tl.arange(0, kernel_size)\n                ^\n\n\nThe above exception was the direct cause of the following exception:\n\nTraceback (most recent call last):\n  File "/home/lijiaxing/.conda/envs/api/lib/python3.10/site-packages/triton/language/core.py", line 42, in wrapper\n    return fn(*args, **kwargs)\n  File "/home/lijiaxing/.conda/envs/api/lib/python3.10/site-packages/triton/language/core.py", line 1654, in arange\n    return _semantic.arange(start, end)\n  File "/home/lijiaxing/.conda/envs/api/lib/python3.10/site-packages/triton/language/semantic.py", line 574, in arange\n    raise ValueError("arange\'s arguments must be of type tl.constexpr")\nValueError: arange\'s arguments must be of type tl.constexpr\n', 'runtime_error_name': 'triton.compiler.errors.CompilationError', 'reference_timing_ms': 0.0728, 'speed_up': -1.0, 'custom_timing': -1.0}, 'runtime': -1.0, 'runtime_stats': {}}}
2025-08-08 19:13:00,812 - openevolve.llm.ensemble - INFO - Sampled model: deepseek
2025-08-08 19:13:00,826 - openevolve.threaded_parallel - INFO - Iteration 16: Program cc8210af-472b-4002-8392-88afdbc7b861 (parent: fae57417-4275-4c41-b1c2-cdbad07798f7) completed in 607.56s
2025-08-08 19:13:00,826 - openevolve.threaded_parallel - INFO - Metrics: compiled=1.0000, correctness=0.0000, score=10.0000, stage=wrong_answer, verify_payload={'id': 'level1_79_conv_transposed_1D_asymmetric_input_square_kernel___padded____strided____dilated__', 'result': {'compiled': True, 'correctness': False, 'metadata': {'hardware': 'NVIDIA L20Y', 'device': 'cuda:6', 'runtime_error': 'Traceback (most recent call last):\n  File "/home/lijiaxing/.conda/envs/api/lib/python3.10/site-packages/triton/language/core.py", line 42, in wrapper\n    return fn(*args, **kwargs)\n  File "/home/lijiaxing/.conda/envs/api/lib/python3.10/site-packages/triton/language/core.py", line 1654, in arange\n    return _semantic.arange(start, end)\n  File "/home/lijiaxing/.conda/envs/api/lib/python3.10/site-packages/triton/language/semantic.py", line 574, in arange\n    raise ValueError("arange\'s arguments must be of type tl.constexpr")\nValueError: arange\'s arguments must be of type tl.constexpr\n\nThe above exception was the direct cause of the following exception:\n\nTraceback (most recent call last):\n  File "/cpfs01/shared/llm_kernel/hujiakai/KernelLLM/validation_api_server/helpers/evaluations.py", line 720, in run_and_check_correctness\n    output_new = model_new(*inputs)\n  File "/home/lijiaxing/.conda/envs/api/lib/python3.10/site-packages/torch/nn/modules/module.py", line 1773, in _wrapped_call_impl\n    return self._call_impl(*args, **kwargs)\n  File "/home/lijiaxing/.conda/envs/api/lib/python3.10/site-packages/torch/nn/modules/module.py", line 1784, in _call_impl\n    return forward_call(*args, **kwargs)\n  File "/tmp/tmplfirabes.py", line 89, in forward\n    transposed_conv1d_kernel[grid](\n  File "/home/lijiaxing/.conda/envs/api/lib/python3.10/site-packages/triton/runtime/jit.py", line 390, in <lambda>\n    return lambda *args, **kwargs: self.run(grid=grid, warmup=False, *args, **kwargs)\n  File "/home/lijiaxing/.conda/envs/api/lib/python3.10/site-packages/triton/runtime/jit.py", line 594, in run\n    kernel = self.compile(src, target=target, options=options.__dict__)\n  File "/home/lijiaxing/.conda/envs/api/lib/python3.10/site-packages/triton/compiler/compiler.py", line 339, in compile\n    module = src.make_ir(options, codegen_fns, module_map, context)\n  File "/home/lijiaxing/.conda/envs/api/lib/python3.10/site-packages/triton/compiler/compiler.py", line 83, in make_ir\n    return ast_to_ttir(self.fn, self, context=context, options=options, codegen_fns=codegen_fns,\ntriton.compiler.errors.CompilationError: at 35:16:\n    remainder = offs % output_channels_length\n    c_out_idx = remainder // length_out\n    i_out = remainder % length_out\n\n    acc = tl.zeros((BLOCK_SIZE,), dtype=tl.float32)\n\n    if bias_ptr is not None:\n        bias = tl.load(bias_ptr + c_out_idx, mask=mask, other=0.0)\n        acc += bias\n\n    # Precompute kernel indices and validity masks\n    k_offsets = tl.arange(0, kernel_size)\n                ^\n\n\nThe above exception was the direct cause of the following exception:\n\nTraceback (most recent call last):\n  File "/home/lijiaxing/.conda/envs/api/lib/python3.10/site-packages/triton/language/core.py", line 42, in wrapper\n    return fn(*args, **kwargs)\n  File "/home/lijiaxing/.conda/envs/api/lib/python3.10/site-packages/triton/language/core.py", line 1654, in arange\n    return _semantic.arange(start, end)\n  File "/home/lijiaxing/.conda/envs/api/lib/python3.10/site-packages/triton/language/semantic.py", line 574, in arange\n    raise ValueError("arange\'s arguments must be of type tl.constexpr")\nValueError: arange\'s arguments must be of type tl.constexpr\n', 'runtime_error_name': 'triton.compiler.errors.CompilationError', 'reference_timing_ms': 0.0728, 'speed_up': -1.0, 'custom_timing': -1.0}, 'runtime': -1.0, 'runtime_stats': {}}}
