2025-08-12 16:56:47,520 - openevolve.controller - INFO - Logging to openevolve_output/level1_7_Matmul_with_small_K_dimension_/logs/openevolve_20250812_165647.log
2025-08-12 16:56:47,520 - openevolve.controller - INFO - Set random seed to 42 for reproducibility
2025-08-12 16:56:47,561 - openevolve.llm.ensemble - INFO - Initialized LLM ensemble with models: deepseek (weight: 0.80), deepseek (weight: 0.20)
2025-08-12 16:56:47,600 - openevolve.llm.ensemble - INFO - Initialized LLM ensemble with models: deepseek (weight: 0.80), deepseek (weight: 0.20)
2025-08-12 16:56:47,600 - openevolve.prompt.sampler - INFO - Set custom templates: system=evaluator_system_message, user=None
2025-08-12 16:56:47,644 - openevolve.database - INFO - Reconstructed islands: restored 0 programs to islands
2025-08-12 16:56:47,644 - openevolve.database - INFO - No island assignments found, distributing programs across islands
2025-08-12 16:56:47,644 - openevolve.database - INFO - Distributed 28 programs across 3 islands
2025-08-12 16:56:47,644 - openevolve.database - INFO - Loaded database with 28 programs from openevolve_output/level1_7_Matmul_with_small_K_dimension_/triton_kernel_evolution
2025-08-12 16:56:47,646 - openevolve.database - INFO - Island Status:
2025-08-12 16:56:47,646 - openevolve.database - INFO -  * Island 0: 10 programs, best=20.0000, avg=12.0000, diversity=81.32, gen=0
2025-08-12 16:56:47,646 - openevolve.database - INFO -    Island 1: 9 programs, best=20.0000, avg=17.7778, diversity=39.22, gen=0
2025-08-12 16:56:47,646 - openevolve.database - INFO -    Island 2: 9 programs, best=20.0000, avg=1.1111, diversity=235.70, gen=0
2025-08-12 16:56:47,646 - openevolve.database - INFO - Initialized program database with 28 programs
2025-08-12 16:56:47,666 - openevolve.evaluator - INFO - Successfully loaded evaluation function from openevolve_output/level1_7_Matmul_with_small_K_dimension_/evaluation.py
2025-08-12 16:56:47,667 - openevolve.evaluator - INFO - Initialized evaluator with openevolve_output/level1_7_Matmul_with_small_K_dimension_/evaluation.py
2025-08-12 16:56:47,667 - openevolve.controller - INFO - Initialized OpenEvolve with /tmp/90223fcf3b95e14163c827775293e9f4.py
2025-08-12 16:56:47,667 - openevolve.controller - INFO - Skipping initial program addition (resuming from iteration 0 with 28 existing programs)
2025-08-12 16:56:47,672 - openevolve.threaded_parallel - INFO - Initializing threaded evaluation pool with 3 workers
2025-08-12 16:56:47,674 - openevolve.threaded_parallel - INFO - Started thread pool with 3 threads
2025-08-12 16:56:47,674 - openevolve.threaded_parallel - INFO - Started improved parallel controller
2025-08-12 16:56:47,674 - openevolve.controller - INFO - Using island-based evolution with 3 islands
2025-08-12 16:56:47,675 - openevolve.database - INFO - Island Status:
2025-08-12 16:56:47,675 - openevolve.database - INFO -  * Island 0: 10 programs, best=20.0000, avg=12.0000, diversity=81.32, gen=0
2025-08-12 16:56:47,675 - openevolve.database - INFO -    Island 1: 9 programs, best=20.0000, avg=17.7778, diversity=39.22, gen=0
2025-08-12 16:56:47,675 - openevolve.database - INFO -    Island 2: 9 programs, best=20.0000, avg=1.1111, diversity=235.70, gen=0
2025-08-12 16:56:47,675 - openevolve.threaded_parallel - INFO - Starting improved parallel evolution from iteration 0 for 30 iterations (total: 30)
2025-08-12 16:56:47,822 - openevolve.llm.ensemble - INFO - Initialized LLM ensemble with models: deepseek (weight: 0.80), deepseek (weight: 0.20)
2025-08-12 16:56:47,822 - openevolve.llm.ensemble - INFO - Initialized LLM ensemble with models: deepseek (weight: 0.80), deepseek (weight: 0.20)
2025-08-12 16:56:47,826 - openevolve.llm.ensemble - INFO - Initialized LLM ensemble with models: deepseek (weight: 0.80), deepseek (weight: 0.20)
2025-08-12 16:56:47,965 - openevolve.llm.ensemble - INFO - Initialized LLM ensemble with models: deepseek (weight: 0.80), deepseek (weight: 0.20)
2025-08-12 16:56:47,965 - openevolve.prompt.sampler - INFO - Set custom templates: system=evaluator_system_message, user=None
2025-08-12 16:56:47,966 - openevolve.llm.ensemble - INFO - Initialized LLM ensemble with models: deepseek (weight: 0.80), deepseek (weight: 0.20)
2025-08-12 16:56:47,967 - openevolve.prompt.sampler - INFO - Set custom templates: system=evaluator_system_message, user=None
2025-08-12 16:56:47,967 - openevolve.evaluator - INFO - Successfully loaded evaluation function from openevolve_output/level1_7_Matmul_with_small_K_dimension_/evaluation.py
2025-08-12 16:56:47,967 - openevolve.evaluator - INFO - Initialized evaluator with openevolve_output/level1_7_Matmul_with_small_K_dimension_/evaluation.py
2025-08-12 16:56:47,969 - openevolve.llm.ensemble - INFO - Initialized LLM ensemble with models: deepseek (weight: 0.80), deepseek (weight: 0.20)
2025-08-12 16:56:47,969 - openevolve.prompt.sampler - INFO - Set custom templates: system=evaluator_system_message, user=None
2025-08-12 16:56:47,970 - openevolve.llm.ensemble - INFO - Sampled model: deepseek
2025-08-12 16:56:47,971 - openevolve.evaluator - INFO - Successfully loaded evaluation function from openevolve_output/level1_7_Matmul_with_small_K_dimension_/evaluation.py
2025-08-12 16:56:47,972 - openevolve.evaluator - INFO - Initialized evaluator with openevolve_output/level1_7_Matmul_with_small_K_dimension_/evaluation.py
2025-08-12 16:56:47,974 - openevolve.evaluator - INFO - Successfully loaded evaluation function from openevolve_output/level1_7_Matmul_with_small_K_dimension_/evaluation.py
2025-08-12 16:56:47,974 - openevolve.evaluator - INFO - Initialized evaluator with openevolve_output/level1_7_Matmul_with_small_K_dimension_/evaluation.py
2025-08-12 16:56:47,976 - openevolve.llm.ensemble - INFO - Sampled model: deepseek
2025-08-12 16:56:47,977 - openevolve.llm.ensemble - INFO - Sampled model: deepseek
2025-08-12 17:02:33,947 - openevolve.RemoteSpeedupEvaluator - INFO - [level1_7_Matmul_with_small_K_dimension_] âœ˜ invalid_answer 'import triton' is not found
2025-08-12 17:02:33,948 - openevolve.evaluator - INFO - Evaluated program 8c61b1a8-9a25-4dfa-8b29-509ac59499b0 in 0.00s: compiled=0.0000, correctness=0.0000, score=-100.0000, stage=no_valid_triton_code, feedback=You need to generate real and valid triton code for the core function. The key word 'import triton' is not found.
2025-08-12 17:02:33,952 - openevolve.llm.ensemble - INFO - Sampled model: deepseek
2025-08-12 17:02:33,953 - openevolve.database - INFO - New MAP-Elites cell occupied: {'score': -1000, 'complexity': 0}
2025-08-12 17:02:33,953 - openevolve.database - INFO - Population size (29) exceeds limit (25), removing 4 programs
2025-08-12 17:02:33,953 - openevolve.database - INFO - Population size after cleanup: 25
2025-08-12 17:02:33,979 - openevolve.threaded_parallel - INFO - Iteration 0: Program 8c61b1a8-9a25-4dfa-8b29-509ac59499b0 (parent: 98f92d21-1300-4237-a716-3cf1297ba8b7) completed in 345.97s
2025-08-12 17:02:33,979 - openevolve.threaded_parallel - INFO - Metrics: compiled=0.0000, correctness=0.0000, score=-100.0000, stage=no_valid_triton_code, feedback=You need to generate real and valid triton code for the core function. The key word 'import triton' is not found.
2025-08-12 17:02:33,979 - openevolve.threaded_parallel - INFO - ðŸŒŸ New best solution found at iteration 0: 8c61b1a8-9a25-4dfa-8b29-509ac59499b0
2025-08-12 17:02:33,979 - openevolve.threaded_parallel - INFO - Checkpoint interval reached at iteration 0
2025-08-12 17:02:33,980 - openevolve.database - INFO - Island Status:
2025-08-12 17:02:33,980 - openevolve.database - INFO -  * Island 0: 9 programs, best=20.0000, avg=0.0000, diversity=417.25, gen=1 (best: 8c61b1a8-9a25-4dfa-8b29-509ac59499b0)
2025-08-12 17:02:33,980 - openevolve.database - INFO -    Island 1: 9 programs, best=20.0000, avg=17.7778, diversity=39.22, gen=0
2025-08-12 17:02:33,980 - openevolve.database - INFO -    Island 2: 7 programs, best=20.0000, avg=15.7143, diversity=80.78, gen=0
2025-08-12 17:02:34,303 - openevolve.database - INFO - Saved database with 25 programs to openevolve_output/level1_7_Matmul_with_small_K_dimension_/checkpoints/checkpoint_0
2025-08-12 17:02:34,310 - openevolve.controller - INFO - Saved best program at checkpoint 0 with metrics: compiled=0.0000, correctness=0.0000, score=-100.0000, stage=no_valid_triton_code, feedback=You need to generate real and valid triton code for the core function. The key word 'import triton' is not found.
2025-08-12 17:02:34,310 - openevolve.controller - INFO - Saved checkpoint at iteration 0 to openevolve_output/level1_7_Matmul_with_small_K_dimension_/checkpoints/checkpoint_0
2025-08-12 17:08:55,514 - openevolve.RemoteSpeedupEvaluator - INFO - [level1_7_Matmul_with_small_K_dimension_] triton key words check pass
2025-08-12 17:08:55,514 - openevolve.RemoteSpeedupEvaluator - INFO - [level1_7_Matmul_with_small_K_dimension_] verify_plus payload: reference_code(776 chars) + custom_code(2671 chars)
2025-08-12 17:09:09,317 - openevolve.RemoteSpeedupEvaluator - INFO - [level1_7_Matmul_with_small_K_dimension_] verify_plus request success
2025-08-12 17:09:09,317 - openevolve.RemoteSpeedupEvaluator - INFO - [level1_7_Matmul_with_small_K_dimension_] verify_plus response: {"id":"level1_7_Matmul_with_small_K_dimension_","result":{"compiled":true,"correctness":true,"metadata":{"hardware":"NVIDIA L20Y","device":"cuda:6","correctness_trials":"(5 / 5)","reference_timing_ms":0.0331,"speed_up":0.047,"custom_timing":0.698},"runtime":0.698,"runtime_stats":{"mean":0.698,"std":0.00338,"min":0.691,"max":0.709,"num_trials":100,"hardware":"NVIDIA L20Y","device":"cuda:6"}}}
2025-08-12 17:09:09,317 - openevolve.RemoteSpeedupEvaluator - INFO - [level1_7_Matmul_with_small_K_dimension_] âœ” success | speed_up=0.047  score=20.00
2025-08-12 17:09:09,318 - openevolve.evaluator - INFO - Evaluated program 75faa1bd-ff3b-47b8-bc01-a56aee63f7a9 in 13.81s: compiled=1.0000, correctness=1.0000, stage=success, passed=0.0000, score=20.0000, speed_up=0.0470, runtime_ms=0.6980, meta={'hardware': 'NVIDIA L20Y', 'device': 'cuda:6', 'correctness_trials': '(5 / 5)', 'reference_timing_ms': 0.0331, 'speed_up': 0.047, 'custom_timing': 0.698}
2025-08-12 17:09:09,322 - openevolve.llm.ensemble - INFO - Sampled model: deepseek
2025-08-12 17:09:09,328 - openevolve.database - INFO - New MAP-Elites cell occupied: {'score': 9, 'complexity': 7}
2025-08-12 17:09:09,328 - openevolve.database - INFO - Population size (26) exceeds limit (25), removing 1 programs
2025-08-12 17:09:09,329 - openevolve.database - INFO - Population size after cleanup: 25
2025-08-12 17:09:09,329 - openevolve.database - INFO - New best program 75faa1bd-ff3b-47b8-bc01-a56aee63f7a9 replaces 8c61b1a8-9a25-4dfa-8b29-509ac59499b0
2025-08-12 17:09:09,340 - openevolve.threaded_parallel - INFO - Iteration 2: Program 75faa1bd-ff3b-47b8-bc01-a56aee63f7a9 (parent: 697216f7-004e-443c-8ae2-a515ba4624fd) completed in 741.34s
2025-08-12 17:09:09,340 - openevolve.threaded_parallel - INFO - Metrics: compiled=1.0000, correctness=1.0000, stage=success, passed=0.0000, score=20.0000, speed_up=0.0470, runtime_ms=0.6980, meta={'hardware': 'NVIDIA L20Y', 'device': 'cuda:6', 'correctness_trials': '(5 / 5)', 'reference_timing_ms': 0.0331, 'speed_up': 0.047, 'custom_timing': 0.698}
2025-08-12 17:09:09,340 - openevolve.threaded_parallel - INFO - ðŸŒŸ New best solution found at iteration 2: 75faa1bd-ff3b-47b8-bc01-a56aee63f7a9
2025-08-12 17:11:12,514 - openevolve.RemoteSpeedupEvaluator - INFO - [level1_7_Matmul_with_small_K_dimension_] triton key words check pass
2025-08-12 17:11:12,515 - openevolve.RemoteSpeedupEvaluator - INFO - [level1_7_Matmul_with_small_K_dimension_] verify_plus payload: reference_code(776 chars) + custom_code(2732 chars)
2025-08-12 17:11:32,965 - openevolve.RemoteSpeedupEvaluator - INFO - [level1_7_Matmul_with_small_K_dimension_] verify_plus request success
2025-08-12 17:11:32,966 - openevolve.RemoteSpeedupEvaluator - INFO - [level1_7_Matmul_with_small_K_dimension_] verify_plus response: {"id":"level1_7_Matmul_with_small_K_dimension_","result":{"compiled":true,"correctness":false,"metadata":{"hardware":"NVIDIA L20Y","device":"cuda:6","runtime_error":"Traceback (most recent call last):\n  File \"/cpfs01/shared/llm_kernel/hujiakai/KernelLLM/validation_api_server/helpers/evaluations.py\", line 738, in run_and_check_correctness\n    if not torch.allclose(\nRuntimeError: Float did not match Half\n","runtime_error_name":"builtins.RuntimeError","reference_timing_ms":0.0331,"speed_up":-1.0,"custom_timing":-1.0},"runtime":-1.0,"runtime_stats":{}}}
2025-08-12 17:11:32,966 - openevolve.RemoteSpeedupEvaluator - INFO - [level1_7_Matmul_with_small_K_dimension_] âœ˜ wrong_answer
2025-08-12 17:11:32,966 - openevolve.evaluator - INFO - Evaluated program b1e59f92-97f3-453e-aa97-5d03357e4452 in 20.45s: compiled=1.0000, correctness=0.0000, score=10.0000, stage=wrong_answer, verify_payload={'id': 'level1_7_Matmul_with_small_K_dimension_', 'result': {'compiled': True, 'correctness': False, 'metadata': {'hardware': 'NVIDIA L20Y', 'device': 'cuda:6', 'runtime_error': 'Traceback (most recent call last):\n  File "/cpfs01/shared/llm_kernel/hujiakai/KernelLLM/validation_api_server/helpers/evaluations.py", line 738, in run_and_check_correctness\n    if not torch.allclose(\nRuntimeError: Float did not match Half\n', 'runtime_error_name': 'builtins.RuntimeError', 'reference_timing_ms': 0.0331, 'speed_up': -1.0, 'custom_timing': -1.0}, 'runtime': -1.0, 'runtime_stats': {}}}
2025-08-12 17:11:32,972 - openevolve.llm.ensemble - INFO - Sampled model: deepseek
2025-08-12 17:11:32,977 - openevolve.database - INFO - New MAP-Elites cell occupied: {'score': 9, 'complexity': 8}
2025-08-12 17:11:32,978 - openevolve.database - INFO - Population size (26) exceeds limit (25), removing 1 programs
2025-08-12 17:11:32,978 - openevolve.database - INFO - Population size after cleanup: 25
2025-08-12 17:11:32,989 - openevolve.threaded_parallel - INFO - Iteration 1: Program b1e59f92-97f3-453e-aa97-5d03357e4452 (parent: cf515880-e83a-48ae-a8f9-7d9c25f6b9f8) completed in 885.00s
2025-08-12 17:11:32,989 - openevolve.threaded_parallel - INFO - Metrics: compiled=1.0000, correctness=0.0000, score=10.0000, stage=wrong_answer, verify_payload={'id': 'level1_7_Matmul_with_small_K_dimension_', 'result': {'compiled': True, 'correctness': False, 'metadata': {'hardware': 'NVIDIA L20Y', 'device': 'cuda:6', 'runtime_error': 'Traceback (most recent call last):\n  File "/cpfs01/shared/llm_kernel/hujiakai/KernelLLM/validation_api_server/helpers/evaluations.py", line 738, in run_and_check_correctness\n    if not torch.allclose(\nRuntimeError: Float did not match Half\n', 'runtime_error_name': 'builtins.RuntimeError', 'reference_timing_ms': 0.0331, 'speed_up': -1.0, 'custom_timing': -1.0}, 'runtime': -1.0, 'runtime_stats': {}}}
2025-08-12 17:13:23,961 - openevolve.RemoteSpeedupEvaluator - INFO - [level1_7_Matmul_with_small_K_dimension_] âœ˜ invalid_answer 'import triton' is not found
2025-08-12 17:13:23,962 - openevolve.evaluator - INFO - Evaluated program 41ddd498-e3db-44c6-9dfd-3adfb7006ae8 in 0.00s: compiled=0.0000, correctness=0.0000, score=-100.0000, stage=no_valid_triton_code, feedback=You need to generate real and valid triton code for the core function. The key word 'import triton' is not found.
2025-08-12 17:13:23,966 - openevolve.llm.ensemble - INFO - Sampled model: deepseek
2025-08-12 17:13:23,970 - openevolve.database - INFO - New MAP-Elites cell occupied: {'score': -1000, 'complexity': 0}
2025-08-12 17:13:23,970 - openevolve.database - INFO - Population size (26) exceeds limit (25), removing 1 programs
2025-08-12 17:13:23,970 - openevolve.database - INFO - Population size after cleanup: 25
2025-08-12 17:13:23,976 - openevolve.threaded_parallel - INFO - Iteration 3: Program 41ddd498-e3db-44c6-9dfd-3adfb7006ae8 (parent: 90e63ecf-a570-4677-902c-91ae6f92c7db) completed in 650.01s
2025-08-12 17:13:23,977 - openevolve.threaded_parallel - INFO - Metrics: compiled=0.0000, correctness=0.0000, score=-100.0000, stage=no_valid_triton_code, feedback=You need to generate real and valid triton code for the core function. The key word 'import triton' is not found.
2025-08-12 17:13:23,977 - openevolve.threaded_parallel - INFO - Checkpoint interval reached at iteration 3
2025-08-12 17:13:23,978 - openevolve.database - INFO - Island Status:
2025-08-12 17:13:23,978 - openevolve.database - INFO -  * Island 0: 8 programs, best=20.0000, avg=13.7500, diversity=86.32, gen=2 (best: 75faa1bd-ff3b-47b8-bc01-a56aee63f7a9)
2025-08-12 17:13:23,978 - openevolve.database - INFO -    Island 1: 10 programs, best=20.0000, avg=17.0000, diversity=39.22, gen=1 (best: b1e59f92-97f3-453e-aa97-5d03357e4452)
2025-08-12 17:13:23,978 - openevolve.database - INFO -    Island 2: 7 programs, best=20.0000, avg=0.0000, diversity=597.13, gen=1 (best: 41ddd498-e3db-44c6-9dfd-3adfb7006ae8)
2025-08-12 17:13:24,223 - openevolve.database - INFO - Saved database with 25 programs to openevolve_output/level1_7_Matmul_with_small_K_dimension_/checkpoints/checkpoint_3
2025-08-12 17:13:24,229 - openevolve.controller - INFO - Saved best program at checkpoint 3 with metrics: compiled=1.0000, correctness=1.0000, stage=success, passed=0.0000, score=20.0000, speed_up=0.0470, runtime_ms=0.6980, meta={'hardware': 'NVIDIA L20Y', 'device': 'cuda:6', 'correctness_trials': '(5 / 5)', 'reference_timing_ms': 0.0331, 'speed_up': 0.047, 'custom_timing': 0.698}
2025-08-12 17:13:24,229 - openevolve.controller - INFO - Saved checkpoint at iteration 3 to openevolve_output/level1_7_Matmul_with_small_K_dimension_/checkpoints/checkpoint_3
2025-08-12 17:14:56,575 - openevolve.RemoteSpeedupEvaluator - INFO - [level1_7_Matmul_with_small_K_dimension_] triton key words check pass
2025-08-12 17:14:56,576 - openevolve.RemoteSpeedupEvaluator - INFO - [level1_7_Matmul_with_small_K_dimension_] verify_plus payload: reference_code(776 chars) + custom_code(2711 chars)
2025-08-12 17:15:03,182 - openevolve.RemoteSpeedupEvaluator - INFO - [level1_7_Matmul_with_small_K_dimension_] verify_plus request success
2025-08-12 17:15:03,182 - openevolve.RemoteSpeedupEvaluator - INFO - [level1_7_Matmul_with_small_K_dimension_] verify_plus response: {"id":"level1_7_Matmul_with_small_K_dimension_","result":{"compiled":true,"correctness":false,"metadata":{"hardware":"NVIDIA L20Y","device":"cuda:3","max_difference":["0.034637","0.038040","0.035515","0.036993","0.033375"],"avg_difference":["0.003421","0.003415","0.003422","0.003413","0.003423"],"correctness_issue":"Output mismatch","correctness_trials":"(0 / 5)","reference_timing_ms":0.0331,"speed_up":-1.0,"custom_timing":-1.0},"runtime":-1.0,"runtime_stats":{}}}
2025-08-12 17:15:03,182 - openevolve.RemoteSpeedupEvaluator - INFO - [level1_7_Matmul_with_small_K_dimension_] âœ˜ wrong_answer
2025-08-12 17:15:03,183 - openevolve.evaluator - INFO - Evaluated program 176fb5d8-1d6e-483c-8bde-70dbe0dea478 in 6.61s: compiled=1.0000, correctness=0.0000, score=10.0000, stage=wrong_answer, verify_payload={'id': 'level1_7_Matmul_with_small_K_dimension_', 'result': {'compiled': True, 'correctness': False, 'metadata': {'hardware': 'NVIDIA L20Y', 'device': 'cuda:3', 'max_difference': ['0.034637', '0.038040', '0.035515', '0.036993', '0.033375'], 'avg_difference': ['0.003421', '0.003415', '0.003422', '0.003413', '0.003423'], 'correctness_issue': 'Output mismatch', 'correctness_trials': '(0 / 5)', 'reference_timing_ms': 0.0331, 'speed_up': -1.0, 'custom_timing': -1.0}, 'runtime': -1.0, 'runtime_stats': {}}}
2025-08-12 17:15:03,186 - openevolve.llm.ensemble - INFO - Sampled model: deepseek
2025-08-12 17:15:03,193 - openevolve.database - INFO - Population size (26) exceeds limit (25), removing 1 programs
2025-08-12 17:15:03,193 - openevolve.database - INFO - Population size after cleanup: 25
2025-08-12 17:15:03,193 - openevolve.database - INFO - Cleaned up 1 stale island best program references
2025-08-12 17:15:03,206 - openevolve.threaded_parallel - INFO - Iteration 5: Program 176fb5d8-1d6e-483c-8bde-70dbe0dea478 (parent: 8c61b1a8-9a25-4dfa-8b29-509ac59499b0) completed in 210.21s
2025-08-12 17:15:03,206 - openevolve.threaded_parallel - INFO - Metrics: compiled=1.0000, correctness=0.0000, score=10.0000, stage=wrong_answer, verify_payload={'id': 'level1_7_Matmul_with_small_K_dimension_', 'result': {'compiled': True, 'correctness': False, 'metadata': {'hardware': 'NVIDIA L20Y', 'device': 'cuda:3', 'max_difference': ['0.034637', '0.038040', '0.035515', '0.036993', '0.033375'], 'avg_difference': ['0.003421', '0.003415', '0.003422', '0.003413', '0.003423'], 'correctness_issue': 'Output mismatch', 'correctness_trials': '(0 / 5)', 'reference_timing_ms': 0.0331, 'speed_up': -1.0, 'custom_timing': -1.0}, 'runtime': -1.0, 'runtime_stats': {}}}
2025-08-12 17:18:13,150 - openevolve.RemoteSpeedupEvaluator - INFO - [level1_7_Matmul_with_small_K_dimension_] triton key words check pass
2025-08-12 17:18:13,151 - openevolve.RemoteSpeedupEvaluator - INFO - [level1_7_Matmul_with_small_K_dimension_] verify_plus payload: reference_code(776 chars) + custom_code(2888 chars)
2025-08-12 17:18:21,396 - openevolve.RemoteSpeedupEvaluator - INFO - [level1_7_Matmul_with_small_K_dimension_] verify_plus request success
2025-08-12 17:18:21,397 - openevolve.RemoteSpeedupEvaluator - INFO - [level1_7_Matmul_with_small_K_dimension_] verify_plus response: {"id":"level1_7_Matmul_with_small_K_dimension_","result":{"compiled":true,"correctness":true,"metadata":{"hardware":"NVIDIA L20Y","device":"cuda:3","correctness_trials":"(5 / 5)","reference_timing_ms":0.0331,"speed_up":0.058,"custom_timing":0.568},"runtime":0.568,"runtime_stats":{"mean":0.568,"std":0.0021,"min":0.564,"max":0.579,"num_trials":100,"hardware":"NVIDIA L20Y","device":"cuda:3"}}}
2025-08-12 17:18:21,397 - openevolve.RemoteSpeedupEvaluator - INFO - [level1_7_Matmul_with_small_K_dimension_] âœ” success | speed_up=0.058  score=20.00
2025-08-12 17:18:21,397 - openevolve.evaluator - INFO - Evaluated program dab86e5d-1d62-47bb-99ac-89efd4490d07 in 8.25s: compiled=1.0000, correctness=1.0000, stage=success, passed=0.0000, score=20.0000, speed_up=0.0580, runtime_ms=0.5680, meta={'hardware': 'NVIDIA L20Y', 'device': 'cuda:3', 'correctness_trials': '(5 / 5)', 'reference_timing_ms': 0.0331, 'speed_up': 0.058, 'custom_timing': 0.568}
2025-08-12 17:18:21,398 - openevolve.database - INFO - New MAP-Elites cell occupied: {'score': 9, 'complexity': 4}
2025-08-12 17:18:21,400 - openevolve.database - INFO - Population size (26) exceeds limit (25), removing 1 programs
2025-08-12 17:18:21,400 - openevolve.database - INFO - Population size after cleanup: 25
2025-08-12 17:18:21,402 - openevolve.llm.ensemble - INFO - Sampled model: deepseek
2025-08-12 17:18:21,412 - openevolve.threaded_parallel - INFO - Iteration 4: Program dab86e5d-1d62-47bb-99ac-89efd4490d07 (parent: 9ecc78ab-6a54-4aba-9c94-6662797a76ca) completed in 552.08s
2025-08-12 17:18:21,412 - openevolve.threaded_parallel - INFO - Metrics: compiled=1.0000, correctness=1.0000, stage=success, passed=0.0000, score=20.0000, speed_up=0.0580, runtime_ms=0.5680, meta={'hardware': 'NVIDIA L20Y', 'device': 'cuda:3', 'correctness_trials': '(5 / 5)', 'reference_timing_ms': 0.0331, 'speed_up': 0.058, 'custom_timing': 0.568}
2025-08-12 17:21:43,878 - openevolve.RemoteSpeedupEvaluator - INFO - [level1_7_Matmul_with_small_K_dimension_] triton key words check pass
2025-08-12 17:21:43,879 - openevolve.RemoteSpeedupEvaluator - INFO - [level1_7_Matmul_with_small_K_dimension_] verify_plus payload: reference_code(776 chars) + custom_code(2624 chars)
2025-08-12 17:21:49,305 - openevolve.RemoteSpeedupEvaluator - INFO - [level1_7_Matmul_with_small_K_dimension_] verify_plus request success
2025-08-12 17:21:49,305 - openevolve.RemoteSpeedupEvaluator - INFO - [level1_7_Matmul_with_small_K_dimension_] verify_plus response: {"id":"level1_7_Matmul_with_small_K_dimension_","result":{"compiled":true,"correctness":true,"metadata":{"hardware":"NVIDIA L20Y","device":"cuda:4","correctness_trials":"(5 / 5)","reference_timing_ms":0.0331,"speed_up":0.059,"custom_timing":0.558},"runtime":0.558,"runtime_stats":{"mean":0.558,"std":0.00232,"min":0.554,"max":0.569,"num_trials":100,"hardware":"NVIDIA L20Y","device":"cuda:4"}}}
2025-08-12 17:21:49,306 - openevolve.RemoteSpeedupEvaluator - INFO - [level1_7_Matmul_with_small_K_dimension_] âœ” success | speed_up=0.059  score=20.00
2025-08-12 17:21:49,306 - openevolve.evaluator - INFO - Evaluated program 41933949-6407-406a-a5b7-5d884fa75c5b in 5.43s: compiled=1.0000, correctness=1.0000, stage=success, passed=0.0000, score=20.0000, speed_up=0.0590, runtime_ms=0.5580, meta={'hardware': 'NVIDIA L20Y', 'device': 'cuda:4', 'correctness_trials': '(5 / 5)', 'reference_timing_ms': 0.0331, 'speed_up': 0.059, 'custom_timing': 0.558}
2025-08-12 17:21:49,309 - openevolve.llm.ensemble - INFO - Sampled model: deepseek
2025-08-12 17:21:49,316 - openevolve.database - INFO - New MAP-Elites cell occupied: {'score': 9, 'complexity': 1}
2025-08-12 17:21:49,316 - openevolve.database - INFO - Population size (26) exceeds limit (25), removing 1 programs
2025-08-12 17:21:49,316 - openevolve.database - INFO - Population size after cleanup: 25
2025-08-12 17:21:49,327 - openevolve.threaded_parallel - INFO - Iteration 7: Program 41933949-6407-406a-a5b7-5d884fa75c5b (parent: dec29185-d75d-4974-b85d-3cae5c6187d7) completed in 406.12s
2025-08-12 17:21:49,327 - openevolve.threaded_parallel - INFO - Metrics: compiled=1.0000, correctness=1.0000, stage=success, passed=0.0000, score=20.0000, speed_up=0.0590, runtime_ms=0.5580, meta={'hardware': 'NVIDIA L20Y', 'device': 'cuda:4', 'correctness_trials': '(5 / 5)', 'reference_timing_ms': 0.0331, 'speed_up': 0.059, 'custom_timing': 0.558}
2025-08-12 17:25:25,703 - openevolve.RemoteSpeedupEvaluator - INFO - [level1_7_Matmul_with_small_K_dimension_] triton key words check pass
2025-08-12 17:25:25,704 - openevolve.RemoteSpeedupEvaluator - INFO - [level1_7_Matmul_with_small_K_dimension_] verify_plus payload: reference_code(776 chars) + custom_code(2989 chars)
2025-08-12 17:25:31,847 - openevolve.RemoteSpeedupEvaluator - INFO - [level1_7_Matmul_with_small_K_dimension_] verify_plus request success
2025-08-12 17:25:31,848 - openevolve.RemoteSpeedupEvaluator - INFO - [level1_7_Matmul_with_small_K_dimension_] verify_plus response: {"id":"level1_7_Matmul_with_small_K_dimension_","result":{"compiled":true,"correctness":false,"metadata":{"hardware":"NVIDIA L20Y","device":"cuda:4","max_difference":["0.014040","0.016539","0.014754","0.014940","0.016187"],"avg_difference":["0.001293","0.001292","0.001292","0.001291","0.001293"],"correctness_issue":"Output mismatch","correctness_trials":"(0 / 5)","reference_timing_ms":0.0331,"speed_up":-1.0,"custom_timing":-1.0},"runtime":-1.0,"runtime_stats":{}}}
2025-08-12 17:25:31,848 - openevolve.RemoteSpeedupEvaluator - INFO - [level1_7_Matmul_with_small_K_dimension_] âœ˜ wrong_answer
2025-08-12 17:25:31,848 - openevolve.evaluator - INFO - Evaluated program 72ef10d9-4264-469e-947e-9879ba8d3420 in 6.15s: compiled=1.0000, correctness=0.0000, score=10.0000, stage=wrong_answer, verify_payload={'id': 'level1_7_Matmul_with_small_K_dimension_', 'result': {'compiled': True, 'correctness': False, 'metadata': {'hardware': 'NVIDIA L20Y', 'device': 'cuda:4', 'max_difference': ['0.014040', '0.016539', '0.014754', '0.014940', '0.016187'], 'avg_difference': ['0.001293', '0.001292', '0.001292', '0.001291', '0.001293'], 'correctness_issue': 'Output mismatch', 'correctness_trials': '(0 / 5)', 'reference_timing_ms': 0.0331, 'speed_up': -1.0, 'custom_timing': -1.0}, 'runtime': -1.0, 'runtime_stats': {}}}
2025-08-12 17:25:31,854 - openevolve.llm.ensemble - INFO - Sampled model: deepseek
2025-08-12 17:25:31,857 - openevolve.database - INFO - New MAP-Elites cell occupied: {'score': 9, 'complexity': 6}
2025-08-12 17:25:31,857 - openevolve.database - INFO - Population size (26) exceeds limit (25), removing 1 programs
2025-08-12 17:25:31,857 - openevolve.database - INFO - Population size after cleanup: 25
2025-08-12 17:25:31,869 - openevolve.threaded_parallel - INFO - Iteration 6: Program 72ef10d9-4264-469e-947e-9879ba8d3420 (parent: 8ca0e565-0b30-46d7-99b9-aa22a056ca6f) completed in 727.88s
2025-08-12 17:25:31,869 - openevolve.threaded_parallel - INFO - Metrics: compiled=1.0000, correctness=0.0000, score=10.0000, stage=wrong_answer, verify_payload={'id': 'level1_7_Matmul_with_small_K_dimension_', 'result': {'compiled': True, 'correctness': False, 'metadata': {'hardware': 'NVIDIA L20Y', 'device': 'cuda:4', 'max_difference': ['0.014040', '0.016539', '0.014754', '0.014940', '0.016187'], 'avg_difference': ['0.001293', '0.001292', '0.001292', '0.001291', '0.001293'], 'correctness_issue': 'Output mismatch', 'correctness_trials': '(0 / 5)', 'reference_timing_ms': 0.0331, 'speed_up': -1.0, 'custom_timing': -1.0}, 'runtime': -1.0, 'runtime_stats': {}}}
2025-08-12 17:25:31,869 - openevolve.threaded_parallel - INFO - Checkpoint interval reached at iteration 6
2025-08-12 17:25:31,870 - openevolve.database - INFO - Island Status:
2025-08-12 17:25:31,870 - openevolve.database - INFO -    Island 0: 8 programs, best=20.0000, avg=13.7500, diversity=102.95, gen=3 (best: 75faa1bd-ff3b-47b8-bc01-a56aee63f7a9)
2025-08-12 17:25:31,870 - openevolve.database - INFO -  * Island 1: 11 programs, best=20.0000, avg=17.2727, diversity=39.22, gen=3 (best: dab86e5d-1d62-47bb-99ac-89efd4490d07)
2025-08-12 17:25:31,870 - openevolve.database - INFO -    Island 2: 6 programs, best=20.0000, avg=18.3333, diversity=90.90, gen=2 (best: 008e8647-5fed-45ab-9e40-9c20b95dd74b)
2025-08-12 17:25:32,077 - openevolve.database - INFO - Saved database with 25 programs to openevolve_output/level1_7_Matmul_with_small_K_dimension_/checkpoints/checkpoint_6
2025-08-12 17:25:32,082 - openevolve.controller - INFO - Saved best program at checkpoint 6 with metrics: compiled=1.0000, correctness=1.0000, stage=success, passed=0.0000, score=20.0000, speed_up=0.0470, runtime_ms=0.6980, meta={'hardware': 'NVIDIA L20Y', 'device': 'cuda:6', 'correctness_trials': '(5 / 5)', 'reference_timing_ms': 0.0331, 'speed_up': 0.047, 'custom_timing': 0.698}
2025-08-12 17:25:32,082 - openevolve.controller - INFO - Saved checkpoint at iteration 6 to openevolve_output/level1_7_Matmul_with_small_K_dimension_/checkpoints/checkpoint_6
2025-08-12 17:29:15,005 - openevolve.RemoteSpeedupEvaluator - INFO - [level1_7_Matmul_with_small_K_dimension_] âœ˜ invalid_answer 'import triton' is not found
2025-08-12 17:29:15,006 - openevolve.evaluator - INFO - Evaluated program 57745ba3-0064-44fc-98e1-70f363a2bd73 in 0.00s: compiled=0.0000, correctness=0.0000, score=-100.0000, stage=no_valid_triton_code, feedback=You need to generate real and valid triton code for the core function. The key word 'import triton' is not found.
2025-08-12 17:29:15,009 - openevolve.database - INFO - New MAP-Elites cell occupied: {'score': -1000, 'complexity': 0}
2025-08-12 17:29:15,009 - openevolve.database - INFO - Population size (26) exceeds limit (25), removing 1 programs
2025-08-12 17:29:15,009 - openevolve.database - INFO - Population size after cleanup: 25
2025-08-12 17:29:15,011 - openevolve.llm.ensemble - INFO - Sampled model: deepseek
2025-08-12 17:29:15,016 - openevolve.threaded_parallel - INFO - Iteration 9: Program 57745ba3-0064-44fc-98e1-70f363a2bd73 (parent: d44b1fbc-a129-4de0-9e35-3174e5ead1b8) completed in 445.70s
2025-08-12 17:29:15,016 - openevolve.threaded_parallel - INFO - Metrics: compiled=0.0000, correctness=0.0000, score=-100.0000, stage=no_valid_triton_code, feedback=You need to generate real and valid triton code for the core function. The key word 'import triton' is not found.
2025-08-12 17:29:15,016 - openevolve.threaded_parallel - INFO - Checkpoint interval reached at iteration 9
2025-08-12 17:29:15,018 - openevolve.database - INFO - Island Status:
2025-08-12 17:29:15,018 - openevolve.database - INFO -    Island 0: 8 programs, best=20.0000, avg=13.7500, diversity=102.95, gen=3 (best: 75faa1bd-ff3b-47b8-bc01-a56aee63f7a9)
2025-08-12 17:29:15,018 - openevolve.database - INFO -    Island 1: 11 programs, best=20.0000, avg=7.2727, diversity=39.22, gen=3 (best: dab86e5d-1d62-47bb-99ac-89efd4490d07)
2025-08-12 17:29:15,018 - openevolve.database - INFO -  * Island 2: 6 programs, best=20.0000, avg=18.3333, diversity=90.90, gen=3 (best: 008e8647-5fed-45ab-9e40-9c20b95dd74b)
2025-08-12 17:29:15,234 - openevolve.database - INFO - Saved database with 25 programs to openevolve_output/level1_7_Matmul_with_small_K_dimension_/checkpoints/checkpoint_9
2025-08-12 17:29:15,243 - openevolve.controller - INFO - Saved best program at checkpoint 9 with metrics: compiled=1.0000, correctness=1.0000, stage=success, passed=0.0000, score=20.0000, speed_up=0.0470, runtime_ms=0.6980, meta={'hardware': 'NVIDIA L20Y', 'device': 'cuda:6', 'correctness_trials': '(5 / 5)', 'reference_timing_ms': 0.0331, 'speed_up': 0.047, 'custom_timing': 0.698}
2025-08-12 17:29:15,244 - openevolve.controller - INFO - Saved checkpoint at iteration 9 to openevolve_output/level1_7_Matmul_with_small_K_dimension_/checkpoints/checkpoint_9
2025-08-12 17:31:50,483 - openevolve.RemoteSpeedupEvaluator - INFO - [level1_7_Matmul_with_small_K_dimension_] âœ˜ invalid_answer 'import triton' is not found
2025-08-12 17:31:50,486 - openevolve.evaluator - INFO - Evaluated program fded6942-d6db-48be-a239-48b0d191fc0b in 0.00s: compiled=0.0000, correctness=0.0000, score=-100.0000, stage=no_valid_triton_code, feedback=You need to generate real and valid triton code for the core function. The key word 'import triton' is not found.
2025-08-12 17:31:50,489 - openevolve.llm.ensemble - INFO - Sampled model: deepseek
2025-08-12 17:31:50,494 - openevolve.database - INFO - New MAP-Elites cell occupied: {'score': -1000, 'complexity': 4}
2025-08-12 17:31:50,494 - openevolve.database - INFO - Population size (26) exceeds limit (25), removing 1 programs
2025-08-12 17:31:50,494 - openevolve.database - INFO - Population size after cleanup: 25
2025-08-12 17:31:50,501 - openevolve.threaded_parallel - INFO - Iteration 10: Program fded6942-d6db-48be-a239-48b0d191fc0b (parent: 176fb5d8-1d6e-483c-8bde-70dbe0dea478) completed in 378.63s
2025-08-12 17:31:50,501 - openevolve.threaded_parallel - INFO - Metrics: compiled=0.0000, correctness=0.0000, score=-100.0000, stage=no_valid_triton_code, feedback=You need to generate real and valid triton code for the core function. The key word 'import triton' is not found.
2025-08-12 17:32:21,154 - openevolve.RemoteSpeedupEvaluator - INFO - [level1_7_Matmul_with_small_K_dimension_] triton key words check pass
2025-08-12 17:32:21,155 - openevolve.RemoteSpeedupEvaluator - INFO - [level1_7_Matmul_with_small_K_dimension_] verify_plus payload: reference_code(776 chars) + custom_code(2948 chars)
2025-08-12 17:32:44,955 - openevolve.RemoteSpeedupEvaluator - INFO - [level1_7_Matmul_with_small_K_dimension_] verify_plus request success
2025-08-12 17:32:44,955 - openevolve.RemoteSpeedupEvaluator - INFO - [level1_7_Matmul_with_small_K_dimension_] verify_plus response: {"id":"level1_7_Matmul_with_small_K_dimension_","result":{"compiled":true,"correctness":true,"metadata":{"hardware":"NVIDIA L20Y","device":"cuda:6","correctness_trials":"(5 / 5)","reference_timing_ms":0.0331,"speed_up":0.042,"custom_timing":0.787},"runtime":0.787,"runtime_stats":{"mean":0.787,"std":0.00333,"min":0.781,"max":0.809,"num_trials":100,"hardware":"NVIDIA L20Y","device":"cuda:6"}}}
2025-08-12 17:32:44,955 - openevolve.RemoteSpeedupEvaluator - INFO - [level1_7_Matmul_with_small_K_dimension_] âœ” success | speed_up=0.042  score=20.00
2025-08-12 17:32:44,955 - openevolve.evaluator - INFO - Evaluated program 3b57cf29-c302-4211-a4aa-319633caea4a in 23.80s: compiled=1.0000, correctness=1.0000, stage=success, passed=0.0000, score=20.0000, speed_up=0.0420, runtime_ms=0.7870, meta={'hardware': 'NVIDIA L20Y', 'device': 'cuda:6', 'correctness_trials': '(5 / 5)', 'reference_timing_ms': 0.0331, 'speed_up': 0.042, 'custom_timing': 0.787}
2025-08-12 17:32:44,961 - openevolve.llm.ensemble - INFO - Sampled model: deepseek
2025-08-12 17:32:44,966 - openevolve.database - INFO - Population size (26) exceeds limit (25), removing 1 programs
2025-08-12 17:32:44,966 - openevolve.database - INFO - Population size after cleanup: 25
2025-08-12 17:32:44,978 - openevolve.threaded_parallel - INFO - Iteration 8: Program 3b57cf29-c302-4211-a4aa-319633caea4a (parent: b1e59f92-97f3-453e-aa97-5d03357e4452) completed in 863.55s
2025-08-12 17:32:44,978 - openevolve.threaded_parallel - INFO - Metrics: compiled=1.0000, correctness=1.0000, stage=success, passed=0.0000, score=20.0000, speed_up=0.0420, runtime_ms=0.7870, meta={'hardware': 'NVIDIA L20Y', 'device': 'cuda:6', 'correctness_trials': '(5 / 5)', 'reference_timing_ms': 0.0331, 'speed_up': 0.042, 'custom_timing': 0.787}
2025-08-12 17:39:14,581 - openevolve.RemoteSpeedupEvaluator - INFO - [level1_7_Matmul_with_small_K_dimension_] triton key words check pass
2025-08-12 17:39:14,582 - openevolve.RemoteSpeedupEvaluator - INFO - [level1_7_Matmul_with_small_K_dimension_] verify_plus payload: reference_code(776 chars) + custom_code(3045 chars)
2025-08-12 17:39:24,331 - openevolve.RemoteSpeedupEvaluator - INFO - [level1_7_Matmul_with_small_K_dimension_] verify_plus request success
2025-08-12 17:39:24,331 - openevolve.RemoteSpeedupEvaluator - INFO - [level1_7_Matmul_with_small_K_dimension_] verify_plus response: {"id":"level1_7_Matmul_with_small_K_dimension_","result":{"compiled":true,"correctness":true,"metadata":{"hardware":"NVIDIA L20Y","device":"cuda:6","correctness_trials":"(5 / 5)","reference_timing_ms":0.0331,"speed_up":0.048,"custom_timing":0.691},"runtime":0.691,"runtime_stats":{"mean":0.691,"std":0.00196,"min":0.688,"max":0.698,"num_trials":100,"hardware":"NVIDIA L20Y","device":"cuda:6"}}}
2025-08-12 17:39:24,331 - openevolve.RemoteSpeedupEvaluator - INFO - [level1_7_Matmul_with_small_K_dimension_] âœ” success | speed_up=0.048  score=20.00
2025-08-12 17:39:24,332 - openevolve.evaluator - INFO - Evaluated program 5a5e08bf-b34a-4dab-bbb3-1a20de78e783 in 9.75s: compiled=1.0000, correctness=1.0000, stage=success, passed=0.0000, score=20.0000, speed_up=0.0480, runtime_ms=0.6910, meta={'hardware': 'NVIDIA L20Y', 'device': 'cuda:6', 'correctness_trials': '(5 / 5)', 'reference_timing_ms': 0.0331, 'speed_up': 0.048, 'custom_timing': 0.691}
2025-08-12 17:39:24,335 - openevolve.database - INFO - MAP-Elites cell improved: {'score': 9, 'complexity': 6} (fitness: 10.000 -> 20.000)
2025-08-12 17:39:24,336 - openevolve.database - INFO - Population size (26) exceeds limit (25), removing 1 programs
2025-08-12 17:39:24,336 - openevolve.database - INFO - Population size after cleanup: 25
2025-08-12 17:39:24,337 - openevolve.llm.ensemble - INFO - Sampled model: deepseek
2025-08-12 17:39:24,347 - openevolve.threaded_parallel - INFO - Iteration 11: Program 5a5e08bf-b34a-4dab-bbb3-1a20de78e783 (parent: dab86e5d-1d62-47bb-99ac-89efd4490d07) completed in 609.32s
2025-08-12 17:39:24,347 - openevolve.threaded_parallel - INFO - Metrics: compiled=1.0000, correctness=1.0000, stage=success, passed=0.0000, score=20.0000, speed_up=0.0480, runtime_ms=0.6910, meta={'hardware': 'NVIDIA L20Y', 'device': 'cuda:6', 'correctness_trials': '(5 / 5)', 'reference_timing_ms': 0.0331, 'speed_up': 0.048, 'custom_timing': 0.691}
2025-08-12 17:39:44,133 - openevolve.RemoteSpeedupEvaluator - INFO - [level1_7_Matmul_with_small_K_dimension_] triton key words check pass
2025-08-12 17:39:44,133 - openevolve.RemoteSpeedupEvaluator - INFO - [level1_7_Matmul_with_small_K_dimension_] verify_plus payload: reference_code(776 chars) + custom_code(2759 chars)
2025-08-12 17:39:57,622 - openevolve.RemoteSpeedupEvaluator - INFO - [level1_7_Matmul_with_small_K_dimension_] verify_plus request success
2025-08-12 17:39:57,623 - openevolve.RemoteSpeedupEvaluator - INFO - [level1_7_Matmul_with_small_K_dimension_] verify_plus response: {"id":"level1_7_Matmul_with_small_K_dimension_","result":{"compiled":true,"correctness":true,"metadata":{"hardware":"NVIDIA L20Y","device":"cuda:3","correctness_trials":"(5 / 5)","reference_timing_ms":0.0331,"speed_up":0.047,"custom_timing":0.704},"runtime":0.704,"runtime_stats":{"mean":0.704,"std":0.00905,"min":0.691,"max":0.752,"num_trials":100,"hardware":"NVIDIA L20Y","device":"cuda:3"}}}
2025-08-12 17:39:57,623 - openevolve.RemoteSpeedupEvaluator - INFO - [level1_7_Matmul_with_small_K_dimension_] âœ” success | speed_up=0.047  score=20.00
2025-08-12 17:39:57,623 - openevolve.evaluator - INFO - Evaluated program a1e77c29-c283-426d-a027-47a089312be5 in 13.49s: compiled=1.0000, correctness=1.0000, stage=success, passed=0.0000, score=20.0000, speed_up=0.0470, runtime_ms=0.7040, meta={'hardware': 'NVIDIA L20Y', 'device': 'cuda:3', 'correctness_trials': '(5 / 5)', 'reference_timing_ms': 0.0331, 'speed_up': 0.047, 'custom_timing': 0.704}
2025-08-12 17:39:57,626 - openevolve.llm.ensemble - INFO - Sampled model: deepseek
2025-08-12 17:39:57,633 - openevolve.database - INFO - New MAP-Elites cell occupied: {'score': 9, 'complexity': 3}
2025-08-12 17:39:57,633 - openevolve.database - INFO - Population size (26) exceeds limit (25), removing 1 programs
2025-08-12 17:39:57,633 - openevolve.database - INFO - Population size after cleanup: 25
2025-08-12 17:39:57,639 - openevolve.threaded_parallel - INFO - Iteration 13: Program a1e77c29-c283-426d-a027-47a089312be5 (parent: 75faa1bd-ff3b-47b8-bc01-a56aee63f7a9) completed in 432.66s
2025-08-12 17:39:57,639 - openevolve.threaded_parallel - INFO - Metrics: compiled=1.0000, correctness=1.0000, stage=success, passed=0.0000, score=20.0000, speed_up=0.0470, runtime_ms=0.7040, meta={'hardware': 'NVIDIA L20Y', 'device': 'cuda:3', 'correctness_trials': '(5 / 5)', 'reference_timing_ms': 0.0331, 'speed_up': 0.047, 'custom_timing': 0.704}
2025-08-12 17:47:03,035 - openevolve.RemoteSpeedupEvaluator - INFO - [level1_7_Matmul_with_small_K_dimension_] triton key words check pass
2025-08-12 17:47:03,035 - openevolve.RemoteSpeedupEvaluator - INFO - [level1_7_Matmul_with_small_K_dimension_] verify_plus payload: reference_code(776 chars) + custom_code(3119 chars)
2025-08-12 17:47:21,649 - openevolve.RemoteSpeedupEvaluator - INFO - [level1_7_Matmul_with_small_K_dimension_] verify_plus request success
2025-08-12 17:47:21,649 - openevolve.RemoteSpeedupEvaluator - INFO - [level1_7_Matmul_with_small_K_dimension_] verify_plus response: {"id":"level1_7_Matmul_with_small_K_dimension_","result":{"compiled":true,"correctness":true,"metadata":{"hardware":"NVIDIA L20Y","device":"cuda:7","correctness_trials":"(5 / 5)","reference_timing_ms":0.0331,"speed_up":0.049,"custom_timing":0.679},"runtime":0.679,"runtime_stats":{"mean":0.679,"std":0.00388,"min":0.671,"max":0.692,"num_trials":100,"hardware":"NVIDIA L20Y","device":"cuda:7"}}}
2025-08-12 17:47:21,649 - openevolve.RemoteSpeedupEvaluator - INFO - [level1_7_Matmul_with_small_K_dimension_] âœ” success | speed_up=0.049  score=20.00
2025-08-12 17:47:21,649 - openevolve.evaluator - INFO - Evaluated program 9228b579-b8fc-4efe-8ee7-e3448c1be2ae in 18.62s: compiled=1.0000, correctness=1.0000, stage=success, passed=0.0000, score=20.0000, speed_up=0.0490, runtime_ms=0.6790, meta={'hardware': 'NVIDIA L20Y', 'device': 'cuda:7', 'correctness_trials': '(5 / 5)', 'reference_timing_ms': 0.0331, 'speed_up': 0.049, 'custom_timing': 0.679}
2025-08-12 17:47:21,652 - openevolve.database - INFO - New MAP-Elites cell occupied: {'score': 9, 'complexity': 9}
2025-08-12 17:47:21,653 - openevolve.database - INFO - Population size (26) exceeds limit (25), removing 1 programs
2025-08-12 17:47:21,653 - openevolve.database - INFO - Population size after cleanup: 25
2025-08-12 17:47:21,654 - openevolve.llm.ensemble - INFO - Sampled model: deepseek
2025-08-12 17:47:21,665 - openevolve.threaded_parallel - INFO - Iteration 12: Program 9228b579-b8fc-4efe-8ee7-e3448c1be2ae (parent: 41933949-6407-406a-a5b7-5d884fa75c5b) completed in 931.16s
2025-08-12 17:47:21,665 - openevolve.threaded_parallel - INFO - Metrics: compiled=1.0000, correctness=1.0000, stage=success, passed=0.0000, score=20.0000, speed_up=0.0490, runtime_ms=0.6790, meta={'hardware': 'NVIDIA L20Y', 'device': 'cuda:7', 'correctness_trials': '(5 / 5)', 'reference_timing_ms': 0.0331, 'speed_up': 0.049, 'custom_timing': 0.679}
2025-08-12 17:47:21,665 - openevolve.threaded_parallel - INFO - Checkpoint interval reached at iteration 12
2025-08-12 17:47:21,667 - openevolve.database - INFO - Island Status:
2025-08-12 17:47:21,667 - openevolve.database - INFO -    Island 0: 9 programs, best=20.0000, avg=15.5556, diversity=86.72, gen=5 (best: 75faa1bd-ff3b-47b8-bc01-a56aee63f7a9)
2025-08-12 17:47:21,667 - openevolve.database - INFO -  * Island 1: 10 programs, best=20.0000, avg=19.0000, diversity=39.22, gen=5 (best: dab86e5d-1d62-47bb-99ac-89efd4490d07)
2025-08-12 17:47:21,667 - openevolve.database - INFO -    Island 2: 6 programs, best=20.0000, avg=20.0000, diversity=73.37, gen=4 (best: 008e8647-5fed-45ab-9e40-9c20b95dd74b)
2025-08-12 17:47:21,906 - openevolve.database - INFO - Saved database with 25 programs to openevolve_output/level1_7_Matmul_with_small_K_dimension_/checkpoints/checkpoint_12
2025-08-12 17:47:21,912 - openevolve.controller - INFO - Saved best program at checkpoint 12 with metrics: compiled=1.0000, correctness=1.0000, stage=success, passed=0.0000, score=20.0000, speed_up=0.0470, runtime_ms=0.6980, meta={'hardware': 'NVIDIA L20Y', 'device': 'cuda:6', 'correctness_trials': '(5 / 5)', 'reference_timing_ms': 0.0331, 'speed_up': 0.047, 'custom_timing': 0.698}
2025-08-12 17:47:21,912 - openevolve.controller - INFO - Saved checkpoint at iteration 12 to openevolve_output/level1_7_Matmul_with_small_K_dimension_/checkpoints/checkpoint_12
2025-08-12 17:47:46,847 - openevolve.RemoteSpeedupEvaluator - INFO - [level1_7_Matmul_with_small_K_dimension_] triton key words check pass
2025-08-12 17:47:46,847 - openevolve.RemoteSpeedupEvaluator - INFO - [level1_7_Matmul_with_small_K_dimension_] verify_plus payload: reference_code(776 chars) + custom_code(2707 chars)
2025-08-12 17:48:04,029 - openevolve.RemoteSpeedupEvaluator - INFO - [level1_7_Matmul_with_small_K_dimension_] verify_plus request success
2025-08-12 17:48:04,029 - openevolve.RemoteSpeedupEvaluator - INFO - [level1_7_Matmul_with_small_K_dimension_] verify_plus response: {"id":"level1_7_Matmul_with_small_K_dimension_","result":{"compiled":true,"correctness":false,"metadata":{"hardware":"NVIDIA L20Y","device":"cuda:7","runtime_error":"Traceback (most recent call last):\n  File \"/cpfs01/shared/llm_kernel/hujiakai/KernelLLM/validation_api_server/helpers/evaluations.py\", line 738, in run_and_check_correctness\n    if not torch.allclose(\nRuntimeError: Float did not match Half\n","runtime_error_name":"builtins.RuntimeError","reference_timing_ms":0.0331,"speed_up":-1.0,"custom_timing":-1.0},"runtime":-1.0,"runtime_stats":{}}}
2025-08-12 17:48:04,030 - openevolve.RemoteSpeedupEvaluator - INFO - [level1_7_Matmul_with_small_K_dimension_] âœ˜ wrong_answer
2025-08-12 17:48:04,030 - openevolve.evaluator - INFO - Evaluated program 9fb5c2f9-b44e-4e4d-a0a3-8ef80e48abd3 in 17.18s: compiled=1.0000, correctness=0.0000, score=10.0000, stage=wrong_answer, verify_payload={'id': 'level1_7_Matmul_with_small_K_dimension_', 'result': {'compiled': True, 'correctness': False, 'metadata': {'hardware': 'NVIDIA L20Y', 'device': 'cuda:7', 'runtime_error': 'Traceback (most recent call last):\n  File "/cpfs01/shared/llm_kernel/hujiakai/KernelLLM/validation_api_server/helpers/evaluations.py", line 738, in run_and_check_correctness\n    if not torch.allclose(\nRuntimeError: Float did not match Half\n', 'runtime_error_name': 'builtins.RuntimeError', 'reference_timing_ms': 0.0331, 'speed_up': -1.0, 'custom_timing': -1.0}, 'runtime': -1.0, 'runtime_stats': {}}}
2025-08-12 17:48:04,034 - openevolve.llm.ensemble - INFO - Sampled model: deepseek
2025-08-12 17:48:04,037 - openevolve.database - INFO - Population size (26) exceeds limit (25), removing 1 programs
2025-08-12 17:48:04,037 - openevolve.database - INFO - Population size after cleanup: 25
2025-08-12 17:48:04,049 - openevolve.threaded_parallel - INFO - Iteration 14: Program 9fb5c2f9-b44e-4e4d-a0a3-8ef80e48abd3 (parent: b1e59f92-97f3-453e-aa97-5d03357e4452) completed in 519.69s
2025-08-12 17:48:04,049 - openevolve.threaded_parallel - INFO - Metrics: compiled=1.0000, correctness=0.0000, score=10.0000, stage=wrong_answer, verify_payload={'id': 'level1_7_Matmul_with_small_K_dimension_', 'result': {'compiled': True, 'correctness': False, 'metadata': {'hardware': 'NVIDIA L20Y', 'device': 'cuda:7', 'runtime_error': 'Traceback (most recent call last):\n  File "/cpfs01/shared/llm_kernel/hujiakai/KernelLLM/validation_api_server/helpers/evaluations.py", line 738, in run_and_check_correctness\n    if not torch.allclose(\nRuntimeError: Float did not match Half\n', 'runtime_error_name': 'builtins.RuntimeError', 'reference_timing_ms': 0.0331, 'speed_up': -1.0, 'custom_timing': -1.0}, 'runtime': -1.0, 'runtime_stats': {}}}
2025-08-12 17:51:53,091 - openevolve.RemoteSpeedupEvaluator - INFO - [level1_7_Matmul_with_small_K_dimension_] triton key words check pass
2025-08-12 17:51:53,092 - openevolve.RemoteSpeedupEvaluator - INFO - [level1_7_Matmul_with_small_K_dimension_] verify_plus payload: reference_code(776 chars) + custom_code(2983 chars)
2025-08-12 17:53:47,330 - openevolve.RemoteSpeedupEvaluator - INFO - [level1_7_Matmul_with_small_K_dimension_] verify_plus request success
2025-08-12 17:53:47,331 - openevolve.RemoteSpeedupEvaluator - INFO - [level1_7_Matmul_with_small_K_dimension_] verify_plus response: {"id":"level1_7_Matmul_with_small_K_dimension_","result":{"compiled":true,"correctness":false,"metadata":{"hardware":"NVIDIA L20Y","device":"cuda:2","runtime_error":"Traceback (most recent call last):\n  File \"/cpfs01/shared/llm_kernel/hujiakai/KernelLLM/validation_api_server/helpers/evaluations.py\", line 738, in run_and_check_correctness\n    if not torch.allclose(\nRuntimeError: Float did not match Half\n","runtime_error_name":"builtins.RuntimeError","reference_timing_ms":0.0331,"speed_up":-1.0,"custom_timing":-1.0},"runtime":-1.0,"runtime_stats":{}}}
2025-08-12 17:53:47,331 - openevolve.RemoteSpeedupEvaluator - INFO - [level1_7_Matmul_with_small_K_dimension_] âœ˜ wrong_answer
2025-08-12 17:53:47,332 - openevolve.evaluator - INFO - Evaluated program 4351859d-0f7c-4fa5-b4f5-12441222862a in 114.24s: compiled=1.0000, correctness=0.0000, score=10.0000, stage=wrong_answer, verify_payload={'id': 'level1_7_Matmul_with_small_K_dimension_', 'result': {'compiled': True, 'correctness': False, 'metadata': {'hardware': 'NVIDIA L20Y', 'device': 'cuda:2', 'runtime_error': 'Traceback (most recent call last):\n  File "/cpfs01/shared/llm_kernel/hujiakai/KernelLLM/validation_api_server/helpers/evaluations.py", line 738, in run_and_check_correctness\n    if not torch.allclose(\nRuntimeError: Float did not match Half\n', 'runtime_error_name': 'builtins.RuntimeError', 'reference_timing_ms': 0.0331, 'speed_up': -1.0, 'custom_timing': -1.0}, 'runtime': -1.0, 'runtime_stats': {}}}
2025-08-12 17:53:47,336 - openevolve.llm.ensemble - INFO - Sampled model: deepseek
2025-08-12 17:53:47,337 - openevolve.database - INFO - Population size (26) exceeds limit (25), removing 1 programs
2025-08-12 17:53:47,338 - openevolve.database - INFO - Population size after cleanup: 25
2025-08-12 17:53:47,349 - openevolve.threaded_parallel - INFO - Iteration 15: Program 4351859d-0f7c-4fa5-b4f5-12441222862a (parent: 41933949-6407-406a-a5b7-5d884fa75c5b) completed in 829.71s
2025-08-12 17:53:47,349 - openevolve.threaded_parallel - INFO - Metrics: compiled=1.0000, correctness=0.0000, score=10.0000, stage=wrong_answer, verify_payload={'id': 'level1_7_Matmul_with_small_K_dimension_', 'result': {'compiled': True, 'correctness': False, 'metadata': {'hardware': 'NVIDIA L20Y', 'device': 'cuda:2', 'runtime_error': 'Traceback (most recent call last):\n  File "/cpfs01/shared/llm_kernel/hujiakai/KernelLLM/validation_api_server/helpers/evaluations.py", line 738, in run_and_check_correctness\n    if not torch.allclose(\nRuntimeError: Float did not match Half\n', 'runtime_error_name': 'builtins.RuntimeError', 'reference_timing_ms': 0.0331, 'speed_up': -1.0, 'custom_timing': -1.0}, 'runtime': -1.0, 'runtime_stats': {}}}
2025-08-12 17:53:47,349 - openevolve.threaded_parallel - INFO - Checkpoint interval reached at iteration 15
2025-08-12 17:53:47,350 - openevolve.database - INFO - Island Status:
2025-08-12 17:53:47,350 - openevolve.database - INFO -  * Island 0: 7 programs, best=20.0000, avg=17.1429, diversity=86.72, gen=6 (best: 75faa1bd-ff3b-47b8-bc01-a56aee63f7a9)
2025-08-12 17:53:47,350 - openevolve.database - INFO -    Island 1: 11 programs, best=20.0000, avg=18.1818, diversity=39.22, gen=5 (best: dab86e5d-1d62-47bb-99ac-89efd4490d07)
2025-08-12 17:53:47,351 - openevolve.database - INFO -    Island 2: 7 programs, best=20.0000, avg=18.5714, diversity=73.62, gen=5 (best: 008e8647-5fed-45ab-9e40-9c20b95dd74b)
2025-08-12 17:53:47,560 - openevolve.database - INFO - Saved database with 25 programs to openevolve_output/level1_7_Matmul_with_small_K_dimension_/checkpoints/checkpoint_15
2025-08-12 17:53:47,566 - openevolve.controller - INFO - Saved best program at checkpoint 15 with metrics: compiled=1.0000, correctness=1.0000, stage=success, passed=0.0000, score=20.0000, speed_up=0.0470, runtime_ms=0.6980, meta={'hardware': 'NVIDIA L20Y', 'device': 'cuda:6', 'correctness_trials': '(5 / 5)', 'reference_timing_ms': 0.0331, 'speed_up': 0.047, 'custom_timing': 0.698}
2025-08-12 17:53:47,566 - openevolve.controller - INFO - Saved checkpoint at iteration 15 to openevolve_output/level1_7_Matmul_with_small_K_dimension_/checkpoints/checkpoint_15
2025-08-12 17:56:00,393 - openevolve.RemoteSpeedupEvaluator - INFO - [level1_7_Matmul_with_small_K_dimension_] âœ˜ invalid_answer 'import triton' is not found
2025-08-12 17:56:00,393 - openevolve.evaluator - INFO - Evaluated program f2380ac7-d169-4e0f-bfc5-2e9d69b4aa04 in 0.00s: compiled=0.0000, correctness=0.0000, score=-100.0000, stage=no_valid_triton_code, feedback=You need to generate real and valid triton code for the core function. The key word 'import triton' is not found.
2025-08-12 17:56:00,396 - openevolve.llm.ensemble - INFO - Sampled model: deepseek
2025-08-12 17:56:00,401 - openevolve.database - INFO - New MAP-Elites cell occupied: {'score': -1000, 'complexity': 0}
2025-08-12 17:56:00,401 - openevolve.database - INFO - Population size (26) exceeds limit (25), removing 1 programs
2025-08-12 17:56:00,401 - openevolve.database - INFO - Population size after cleanup: 25
2025-08-12 17:56:00,407 - openevolve.threaded_parallel - INFO - Iteration 17: Program f2380ac7-d169-4e0f-bfc5-2e9d69b4aa04 (parent: dab86e5d-1d62-47bb-99ac-89efd4490d07) completed in 476.36s
2025-08-12 17:56:00,407 - openevolve.threaded_parallel - INFO - Metrics: compiled=0.0000, correctness=0.0000, score=-100.0000, stage=no_valid_triton_code, feedback=You need to generate real and valid triton code for the core function. The key word 'import triton' is not found.
2025-08-12 17:57:49,352 - openevolve.RemoteSpeedupEvaluator - INFO - [level1_7_Matmul_with_small_K_dimension_] triton key words check pass
2025-08-12 17:57:49,353 - openevolve.RemoteSpeedupEvaluator - INFO - [level1_7_Matmul_with_small_K_dimension_] verify_plus payload: reference_code(776 chars) + custom_code(2720 chars)
2025-08-12 17:57:59,767 - openevolve.RemoteSpeedupEvaluator - INFO - [level1_7_Matmul_with_small_K_dimension_] verify_plus request success
2025-08-12 17:57:59,767 - openevolve.RemoteSpeedupEvaluator - INFO - [level1_7_Matmul_with_small_K_dimension_] verify_plus response: {"id":"level1_7_Matmul_with_small_K_dimension_","result":{"compiled":true,"correctness":true,"metadata":{"hardware":"NVIDIA L20Y","device":"cuda:6","correctness_trials":"(5 / 5)","reference_timing_ms":0.0331,"speed_up":0.046,"custom_timing":0.714},"runtime":0.714,"runtime_stats":{"mean":0.714,"std":0.0509,"min":0.696,"max":0.959,"num_trials":100,"hardware":"NVIDIA L20Y","device":"cuda:6"}}}
2025-08-12 17:57:59,767 - openevolve.RemoteSpeedupEvaluator - INFO - [level1_7_Matmul_with_small_K_dimension_] âœ” success | speed_up=0.046  score=20.00
2025-08-12 17:57:59,768 - openevolve.evaluator - INFO - Evaluated program 5f0caef3-b3d8-459d-8193-3be3155a943c in 10.42s: compiled=1.0000, correctness=1.0000, stage=success, passed=0.0000, score=20.0000, speed_up=0.0460, runtime_ms=0.7140, meta={'hardware': 'NVIDIA L20Y', 'device': 'cuda:6', 'correctness_trials': '(5 / 5)', 'reference_timing_ms': 0.0331, 'speed_up': 0.046, 'custom_timing': 0.714}
2025-08-12 17:57:59,772 - openevolve.llm.ensemble - INFO - Sampled model: deepseek
2025-08-12 17:57:59,777 - openevolve.database - INFO - New MAP-Elites cell occupied: {'score': 9, 'complexity': 8}
2025-08-12 17:57:59,777 - openevolve.database - INFO - Population size (26) exceeds limit (25), removing 1 programs
2025-08-12 17:57:59,777 - openevolve.database - INFO - Population size after cleanup: 25
2025-08-12 17:57:59,784 - openevolve.threaded_parallel - INFO - Iteration 16: Program 5f0caef3-b3d8-459d-8193-3be3155a943c (parent: 75faa1bd-ff3b-47b8-bc01-a56aee63f7a9) completed in 638.11s
2025-08-12 17:57:59,784 - openevolve.threaded_parallel - INFO - Metrics: compiled=1.0000, correctness=1.0000, stage=success, passed=0.0000, score=20.0000, speed_up=0.0460, runtime_ms=0.7140, meta={'hardware': 'NVIDIA L20Y', 'device': 'cuda:6', 'correctness_trials': '(5 / 5)', 'reference_timing_ms': 0.0331, 'speed_up': 0.046, 'custom_timing': 0.714}
2025-08-12 17:58:24,252 - openevolve.RemoteSpeedupEvaluator - INFO - [level1_7_Matmul_with_small_K_dimension_] triton key words check pass
2025-08-12 17:58:24,253 - openevolve.RemoteSpeedupEvaluator - INFO - [level1_7_Matmul_with_small_K_dimension_] verify_plus payload: reference_code(776 chars) + custom_code(2797 chars)
2025-08-12 17:58:40,780 - openevolve.RemoteSpeedupEvaluator - INFO - [level1_7_Matmul_with_small_K_dimension_] verify_plus request success
2025-08-12 17:58:40,780 - openevolve.RemoteSpeedupEvaluator - INFO - [level1_7_Matmul_with_small_K_dimension_] verify_plus response: {"id":"level1_7_Matmul_with_small_K_dimension_","result":{"compiled":true,"correctness":true,"metadata":{"hardware":"NVIDIA L20Y","device":"cuda:0","correctness_trials":"(5 / 5)","reference_timing_ms":0.0331,"speed_up":0.044,"custom_timing":0.75},"runtime":0.75,"runtime_stats":{"mean":0.75,"std":0.0164,"min":0.74,"max":0.908,"num_trials":100,"hardware":"NVIDIA L20Y","device":"cuda:0"}}}
2025-08-12 17:58:40,780 - openevolve.RemoteSpeedupEvaluator - INFO - [level1_7_Matmul_with_small_K_dimension_] âœ” success | speed_up=0.044  score=20.00
2025-08-12 17:58:40,781 - openevolve.evaluator - INFO - Evaluated program 9db84fd3-c396-4095-a03f-a7ed11782324 in 16.53s: compiled=1.0000, correctness=1.0000, stage=success, passed=0.0000, score=20.0000, speed_up=0.0440, runtime_ms=0.7500, meta={'hardware': 'NVIDIA L20Y', 'device': 'cuda:0', 'correctness_trials': '(5 / 5)', 'reference_timing_ms': 0.0331, 'speed_up': 0.044, 'custom_timing': 0.75}
2025-08-12 17:58:40,785 - openevolve.llm.ensemble - INFO - Sampled model: deepseek
2025-08-12 17:58:40,788 - openevolve.database - INFO - Population size (26) exceeds limit (25), removing 1 programs
2025-08-12 17:58:40,788 - openevolve.database - INFO - Population size after cleanup: 25
2025-08-12 17:58:40,794 - openevolve.threaded_parallel - INFO - Iteration 18: Program 9db84fd3-c396-4095-a03f-a7ed11782324 (parent: a1e77c29-c283-426d-a027-47a089312be5) completed in 293.44s
2025-08-12 17:58:40,794 - openevolve.threaded_parallel - INFO - Metrics: compiled=1.0000, correctness=1.0000, stage=success, passed=0.0000, score=20.0000, speed_up=0.0440, runtime_ms=0.7500, meta={'hardware': 'NVIDIA L20Y', 'device': 'cuda:0', 'correctness_trials': '(5 / 5)', 'reference_timing_ms': 0.0331, 'speed_up': 0.044, 'custom_timing': 0.75}
2025-08-12 17:58:40,794 - openevolve.threaded_parallel - INFO - Checkpoint interval reached at iteration 18
2025-08-12 17:58:40,796 - openevolve.database - INFO - Island Status:
2025-08-12 17:58:40,796 - openevolve.database - INFO -  * Island 0: 6 programs, best=20.0000, avg=18.3333, diversity=86.20, gen=7 (best: 75faa1bd-ff3b-47b8-bc01-a56aee63f7a9)
2025-08-12 17:58:40,796 - openevolve.database - INFO -    Island 1: 11 programs, best=20.0000, avg=19.0909, diversity=39.22, gen=6 (best: dab86e5d-1d62-47bb-99ac-89efd4490d07)
2025-08-12 17:58:40,796 - openevolve.database - INFO -    Island 2: 8 programs, best=20.0000, avg=18.7500, diversity=71.32, gen=6 (best: 008e8647-5fed-45ab-9e40-9c20b95dd74b)
2025-08-12 17:58:40,999 - openevolve.database - INFO - Saved database with 25 programs to openevolve_output/level1_7_Matmul_with_small_K_dimension_/checkpoints/checkpoint_18
2025-08-12 17:58:41,006 - openevolve.controller - INFO - Saved best program at checkpoint 18 with metrics: compiled=1.0000, correctness=1.0000, stage=success, passed=0.0000, score=20.0000, speed_up=0.0470, runtime_ms=0.6980, meta={'hardware': 'NVIDIA L20Y', 'device': 'cuda:6', 'correctness_trials': '(5 / 5)', 'reference_timing_ms': 0.0331, 'speed_up': 0.047, 'custom_timing': 0.698}
2025-08-12 17:58:41,006 - openevolve.controller - INFO - Saved checkpoint at iteration 18 to openevolve_output/level1_7_Matmul_with_small_K_dimension_/checkpoints/checkpoint_18
2025-08-12 18:09:01,305 - openevolve.RemoteSpeedupEvaluator - INFO - [level1_7_Matmul_with_small_K_dimension_] triton key words check pass
2025-08-12 18:09:01,306 - openevolve.RemoteSpeedupEvaluator - INFO - [level1_7_Matmul_with_small_K_dimension_] verify_plus payload: reference_code(776 chars) + custom_code(3221 chars)
2025-08-12 18:09:10,622 - openevolve.RemoteSpeedupEvaluator - INFO - [level1_7_Matmul_with_small_K_dimension_] triton key words check pass
2025-08-12 18:09:10,623 - openevolve.RemoteSpeedupEvaluator - INFO - [level1_7_Matmul_with_small_K_dimension_] verify_plus payload: reference_code(776 chars) + custom_code(2671 chars)
2025-08-12 18:09:19,490 - openevolve.RemoteSpeedupEvaluator - INFO - [level1_7_Matmul_with_small_K_dimension_] verify_plus request success
2025-08-12 18:09:19,491 - openevolve.RemoteSpeedupEvaluator - INFO - [level1_7_Matmul_with_small_K_dimension_] verify_plus response: {"id":"level1_7_Matmul_with_small_K_dimension_","result":{"compiled":true,"correctness":true,"metadata":{"hardware":"NVIDIA L20Y","device":"cuda:3","correctness_trials":"(5 / 5)","reference_timing_ms":0.0331,"speed_up":0.049,"custom_timing":0.674},"runtime":0.674,"runtime_stats":{"mean":0.674,"std":0.00455,"min":0.665,"max":0.698,"num_trials":100,"hardware":"NVIDIA L20Y","device":"cuda:3"}}}
2025-08-12 18:09:19,491 - openevolve.RemoteSpeedupEvaluator - INFO - [level1_7_Matmul_with_small_K_dimension_] âœ” success | speed_up=0.049  score=20.00
2025-08-12 18:09:19,491 - openevolve.evaluator - INFO - Evaluated program 4c5c9403-56ba-49a5-a950-fc9df7a59f18 in 8.87s: compiled=1.0000, correctness=1.0000, stage=success, passed=0.0000, score=20.0000, speed_up=0.0490, runtime_ms=0.6740, meta={'hardware': 'NVIDIA L20Y', 'device': 'cuda:3', 'correctness_trials': '(5 / 5)', 'reference_timing_ms': 0.0331, 'speed_up': 0.049, 'custom_timing': 0.674}
2025-08-12 18:09:19,496 - openevolve.llm.ensemble - INFO - Sampled model: deepseek
2025-08-12 18:09:19,498 - openevolve.database - INFO - New MAP-Elites cell occupied: {'score': 9, 'complexity': 2}
2025-08-12 18:09:19,499 - openevolve.database - INFO - Population size (26) exceeds limit (25), removing 1 programs
2025-08-12 18:09:19,499 - openevolve.database - INFO - Population size after cleanup: 25
2025-08-12 18:09:19,505 - openevolve.threaded_parallel - INFO - Iteration 21: Program 4c5c9403-56ba-49a5-a950-fc9df7a59f18 (parent: 008e8647-5fed-45ab-9e40-9c20b95dd74b) completed in 638.71s
2025-08-12 18:09:19,505 - openevolve.threaded_parallel - INFO - Metrics: compiled=1.0000, correctness=1.0000, stage=success, passed=0.0000, score=20.0000, speed_up=0.0490, runtime_ms=0.6740, meta={'hardware': 'NVIDIA L20Y', 'device': 'cuda:3', 'correctness_trials': '(5 / 5)', 'reference_timing_ms': 0.0331, 'speed_up': 0.049, 'custom_timing': 0.674}
2025-08-12 18:09:19,505 - openevolve.threaded_parallel - INFO - Checkpoint interval reached at iteration 21
2025-08-12 18:09:19,507 - openevolve.database - INFO - Island Status:
2025-08-12 18:09:19,507 - openevolve.database - INFO -    Island 0: 6 programs, best=20.0000, avg=20.0000, diversity=73.73, gen=7 (best: 75faa1bd-ff3b-47b8-bc01-a56aee63f7a9)
2025-08-12 18:09:19,507 - openevolve.database - INFO -  * Island 1: 11 programs, best=20.0000, avg=19.0909, diversity=39.22, gen=7 (best: dab86e5d-1d62-47bb-99ac-89efd4490d07)
2025-08-12 18:09:19,507 - openevolve.database - INFO -    Island 2: 8 programs, best=20.0000, avg=18.7500, diversity=71.32, gen=6 (best: 008e8647-5fed-45ab-9e40-9c20b95dd74b)
2025-08-12 18:09:19,697 - openevolve.database - INFO - Saved database with 25 programs to openevolve_output/level1_7_Matmul_with_small_K_dimension_/checkpoints/checkpoint_21
2025-08-12 18:09:19,703 - openevolve.controller - INFO - Saved best program at checkpoint 21 with metrics: compiled=1.0000, correctness=1.0000, stage=success, passed=0.0000, score=20.0000, speed_up=0.0470, runtime_ms=0.6980, meta={'hardware': 'NVIDIA L20Y', 'device': 'cuda:6', 'correctness_trials': '(5 / 5)', 'reference_timing_ms': 0.0331, 'speed_up': 0.047, 'custom_timing': 0.698}
2025-08-12 18:09:19,703 - openevolve.controller - INFO - Saved checkpoint at iteration 21 to openevolve_output/level1_7_Matmul_with_small_K_dimension_/checkpoints/checkpoint_21
2025-08-12 18:09:25,151 - openevolve.RemoteSpeedupEvaluator - INFO - [level1_7_Matmul_with_small_K_dimension_] verify_plus request success
2025-08-12 18:09:25,151 - openevolve.RemoteSpeedupEvaluator - INFO - [level1_7_Matmul_with_small_K_dimension_] verify_plus response: {"id":"level1_7_Matmul_with_small_K_dimension_","result":{"compiled":true,"correctness":false,"metadata":{"hardware":"NVIDIA L20Y","device":"cuda:2","runtime_error":"Traceback (most recent call last):\n  File \"/cpfs01/shared/llm_kernel/hujiakai/KernelLLM/validation_api_server/helpers/evaluations.py\", line 738, in run_and_check_correctness\n    if not torch.allclose(\nRuntimeError: Float did not match Half\n","runtime_error_name":"builtins.RuntimeError","reference_timing_ms":0.0331,"speed_up":-1.0,"custom_timing":-1.0},"runtime":-1.0,"runtime_stats":{}}}
2025-08-12 18:09:25,151 - openevolve.RemoteSpeedupEvaluator - INFO - [level1_7_Matmul_with_small_K_dimension_] âœ˜ wrong_answer
2025-08-12 18:09:25,152 - openevolve.evaluator - INFO - Evaluated program 89b9f7c8-14a6-4a0b-b73c-1dfa132507d2 in 23.85s: compiled=1.0000, correctness=0.0000, score=10.0000, stage=wrong_answer, verify_payload={'id': 'level1_7_Matmul_with_small_K_dimension_', 'result': {'compiled': True, 'correctness': False, 'metadata': {'hardware': 'NVIDIA L20Y', 'device': 'cuda:2', 'runtime_error': 'Traceback (most recent call last):\n  File "/cpfs01/shared/llm_kernel/hujiakai/KernelLLM/validation_api_server/helpers/evaluations.py", line 738, in run_and_check_correctness\n    if not torch.allclose(\nRuntimeError: Float did not match Half\n', 'runtime_error_name': 'builtins.RuntimeError', 'reference_timing_ms': 0.0331, 'speed_up': -1.0, 'custom_timing': -1.0}, 'runtime': -1.0, 'runtime_stats': {}}}
2025-08-12 18:09:25,154 - openevolve.database - INFO - Population size (26) exceeds limit (25), removing 1 programs
2025-08-12 18:09:25,155 - openevolve.database - INFO - Population size after cleanup: 25
2025-08-12 18:09:25,156 - openevolve.llm.ensemble - INFO - Sampled model: deepseek
2025-08-12 18:09:25,167 - openevolve.threaded_parallel - INFO - Iteration 19: Program 89b9f7c8-14a6-4a0b-b73c-1dfa132507d2 (parent: 9228b579-b8fc-4efe-8ee7-e3448c1be2ae) completed in 804.76s
2025-08-12 18:09:25,167 - openevolve.threaded_parallel - INFO - Metrics: compiled=1.0000, correctness=0.0000, score=10.0000, stage=wrong_answer, verify_payload={'id': 'level1_7_Matmul_with_small_K_dimension_', 'result': {'compiled': True, 'correctness': False, 'metadata': {'hardware': 'NVIDIA L20Y', 'device': 'cuda:2', 'runtime_error': 'Traceback (most recent call last):\n  File "/cpfs01/shared/llm_kernel/hujiakai/KernelLLM/validation_api_server/helpers/evaluations.py", line 738, in run_and_check_correctness\n    if not torch.allclose(\nRuntimeError: Float did not match Half\n', 'runtime_error_name': 'builtins.RuntimeError', 'reference_timing_ms': 0.0331, 'speed_up': -1.0, 'custom_timing': -1.0}, 'runtime': -1.0, 'runtime_stats': {}}}
2025-08-12 18:11:24,144 - openevolve.RemoteSpeedupEvaluator - INFO - [level1_7_Matmul_with_small_K_dimension_] triton key words check pass
2025-08-12 18:11:24,145 - openevolve.RemoteSpeedupEvaluator - INFO - [level1_7_Matmul_with_small_K_dimension_] verify_plus payload: reference_code(776 chars) + custom_code(3166 chars)
2025-08-12 18:11:27,125 - openevolve.RemoteSpeedupEvaluator - INFO - [level1_7_Matmul_with_small_K_dimension_] verify_plus request success
2025-08-12 18:11:27,125 - openevolve.RemoteSpeedupEvaluator - INFO - [level1_7_Matmul_with_small_K_dimension_] verify_plus response: {"id":"level1_7_Matmul_with_small_K_dimension_","result":{"compiled":true,"correctness":false,"metadata":{"hardware":"NVIDIA L20Y","device":"cuda:5","runtime_error":"Traceback (most recent call last):\n  File \"/cpfs01/shared/llm_kernel/hujiakai/KernelLLM/validation_api_server/helpers/evaluations.py\", line 720, in run_and_check_correctness\n    output_new = model_new(*inputs)\n  File \"/home/lijiaxing/.conda/envs/api/lib/python3.10/site-packages/torch/nn/modules/module.py\", line 1773, in _wrapped_call_impl\n    return self._call_impl(*args, **kwargs)\n  File \"/home/lijiaxing/.conda/envs/api/lib/python3.10/site-packages/torch/nn/modules/module.py\", line 1784, in _call_impl\n    return forward_call(*args, **kwargs)\n  File \"/tmp/tmptu5vajhd.py\", line 73, in forward\n    matmul_kernel[g
2025-08-12 18:11:27,125 - openevolve.RemoteSpeedupEvaluator - INFO - [level1_7_Matmul_with_small_K_dimension_] âœ˜ wrong_answer
2025-08-12 18:11:27,126 - openevolve.evaluator - INFO - Evaluated program 1f248f6c-e46d-4f0e-b425-d0a8651e5606 in 2.98s: compiled=1.0000, correctness=0.0000, score=10.0000, stage=wrong_answer, verify_payload={'id': 'level1_7_Matmul_with_small_K_dimension_', 'result': {'compiled': True, 'correctness': False, 'metadata': {'hardware': 'NVIDIA L20Y', 'device': 'cuda:5', 'runtime_error': 'Traceback (most recent call last):\n  File "/cpfs01/shared/llm_kernel/hujiakai/KernelLLM/validation_api_server/helpers/evaluations.py", line 720, in run_and_check_correctness\n    output_new = model_new(*inputs)\n  File "/home/lijiaxing/.conda/envs/api/lib/python3.10/site-packages/torch/nn/modules/module.py", line 1773, in _wrapped_call_impl\n    return self._call_impl(*args, **kwargs)\n  File "/home/lijiaxing/.conda/envs/api/lib/python3.10/site-packages/torch/nn/modules/module.py", line 1784, in _call_impl\n    return forward_call(*args, **kwargs)\n  File "/tmp/tmptu5vajhd.py", line 73, in forward\n    matmul_kernel[grid](\n  File "/home/lijiaxing/.conda/envs/api/lib/python3.10/site-packages/triton/runtime/jit.py", line 390, in <lambda>\n    return lambda *args, **kwargs: self.run(grid=grid, warmup=False, *args, **kwargs)\n  File "/home/lijiaxing/.conda/envs/api/lib/python3.10/site-packages/triton/runtime/autotuner.py", line 239, in run\n    benchmark()\n  File "/home/lijiaxing/.conda/envs/api/lib/python3.10/site-packages/triton/runtime/autotuner.py", line 228, in benchmark\n    timings = {config: self._bench(*args, config=config, **kwargs) for config in pruned_configs}\n  File "/home/lijiaxing/.conda/envs/api/lib/python3.10/site-packages/triton/runtime/autotuner.py", line 228, in <dictcomp>\n    timings = {config: self._bench(*args, config=config, **kwargs) for config in pruned_configs}\n  File "/home/lijiaxing/.conda/envs/api/lib/python3.10/site-packages/triton/runtime/autotuner.py", line 160, in _bench\n    return self.do_bench(kernel_call, quantiles=(0.5, 0.2, 0.8))\n  File "/home/lijiaxing/.conda/envs/api/lib/python3.10/site-packages/triton/testing.py", line 149, in do_bench\n    fn()\n  File "/home/lijiaxing/.conda/envs/api/lib/python3.10/site-packages/triton/runtime/autotuner.py", line 146, in kernel_call\n    self.fn.run(\n  File "/home/lijiaxing/.conda/envs/api/lib/python3.10/site-packages/triton/runtime/jit.py", line 594, in run\n    kernel = self.compile(src, target=target, options=options.__dict__)\n  File "/home/lijiaxing/.conda/envs/api/lib/python3.10/site-packages/triton/compiler/compiler.py", line 339, in compile\n    module = src.make_ir(options, codegen_fns, module_map, context)\n  File "/home/lijiaxing/.conda/envs/api/lib/python3.10/site-packages/triton/compiler/compiler.py", line 83, in make_ir\n    return ast_to_ttir(self.fn, self, context=context, options=options, codegen_fns=codegen_fns,\ntriton.compiler.errors.CompilationError: at 25:4:\n    offs_k = tl.arange(0, BLOCK_K)\n\n    a_ptrs = a_ptr + offs_m[:, None] * stride_am + offs_k[None, :] * stride_ak\n    b_ptrs = b_ptr + offs_k[:, None] * stride_bk + offs_n[None, :] * stride_bn\n\n    # Precompute masks for rows and columns\n    row_mask = offs_m[:, None] < M\n    col_mask = offs_n[None, :] < N\n    c_mask = row_mask & col_mask\n\n    acc = tl.zeros((BLOCK_M, BLOCK_N), dtype=tl.float32)\n    for k in tl.static_range(0, tl.cdiv(K, BLOCK_K)):\n    ^\nAssertionError(\'int32[] used as tl.static_range end value is not a constexpr\')\n\n\nThe above exception was the direct cause of the following exception:\n\nTraceback (most recent call last):\n  File "/home/lijiaxing/.conda/envs/api/lib/python3.10/site-packages/triton/language/core.py", line 3130, in __init__\n    assert isinstance(arg2, constexpr), f"{arg2} used as tl.static_range end value is not a constexpr"\nAssertionError: int32[] used as tl.static_range end value is not a constexpr\n', 'runtime_error_name': 'triton.compiler.errors.CompilationError', 'reference_timing_ms': 0.0331, 'speed_up': -1.0, 'custom_timing': -1.0}, 'runtime': -1.0, 'runtime_stats': {}}}
2025-08-12 18:11:27,129 - openevolve.llm.ensemble - INFO - Sampled model: deepseek
2025-08-12 18:11:27,133 - openevolve.database - INFO - Population size (26) exceeds limit (25), removing 1 programs
2025-08-12 18:11:27,133 - openevolve.database - INFO - Population size after cleanup: 25
2025-08-12 18:11:27,146 - openevolve.threaded_parallel - INFO - Iteration 20: Program 1f248f6c-e46d-4f0e-b425-d0a8651e5606 (parent: 5a5e08bf-b34a-4dab-bbb3-1a20de78e783) completed in 807.35s
2025-08-12 18:11:27,146 - openevolve.threaded_parallel - INFO - Metrics: compiled=1.0000, correctness=0.0000, score=10.0000, stage=wrong_answer, verify_payload={'id': 'level1_7_Matmul_with_small_K_dimension_', 'result': {'compiled': True, 'correctness': False, 'metadata': {'hardware': 'NVIDIA L20Y', 'device': 'cuda:5', 'runtime_error': 'Traceback (most recent call last):\n  File "/cpfs01/shared/llm_kernel/hujiakai/KernelLLM/validation_api_server/helpers/evaluations.py", line 720, in run_and_check_correctness\n    output_new = model_new(*inputs)\n  File "/home/lijiaxing/.conda/envs/api/lib/python3.10/site-packages/torch/nn/modules/module.py", line 1773, in _wrapped_call_impl\n    return self._call_impl(*args, **kwargs)\n  File "/home/lijiaxing/.conda/envs/api/lib/python3.10/site-packages/torch/nn/modules/module.py", line 1784, in _call_impl\n    return forward_call(*args, **kwargs)\n  File "/tmp/tmptu5vajhd.py", line 73, in forward\n    matmul_kernel[grid](\n  File "/home/lijiaxing/.conda/envs/api/lib/python3.10/site-packages/triton/runtime/jit.py", line 390, in <lambda>\n    return lambda *args, **kwargs: self.run(grid=grid, warmup=False, *args, **kwargs)\n  File "/home/lijiaxing/.conda/envs/api/lib/python3.10/site-packages/triton/runtime/autotuner.py", line 239, in run\n    benchmark()\n  File "/home/lijiaxing/.conda/envs/api/lib/python3.10/site-packages/triton/runtime/autotuner.py", line 228, in benchmark\n    timings = {config: self._bench(*args, config=config, **kwargs) for config in pruned_configs}\n  File "/home/lijiaxing/.conda/envs/api/lib/python3.10/site-packages/triton/runtime/autotuner.py", line 228, in <dictcomp>\n    timings = {config: self._bench(*args, config=config, **kwargs) for config in pruned_configs}\n  File "/home/lijiaxing/.conda/envs/api/lib/python3.10/site-packages/triton/runtime/autotuner.py", line 160, in _bench\n    return self.do_bench(kernel_call, quantiles=(0.5, 0.2, 0.8))\n  File "/home/lijiaxing/.conda/envs/api/lib/python3.10/site-packages/triton/testing.py", line 149, in do_bench\n    fn()\n  File "/home/lijiaxing/.conda/envs/api/lib/python3.10/site-packages/triton/runtime/autotuner.py", line 146, in kernel_call\n    self.fn.run(\n  File "/home/lijiaxing/.conda/envs/api/lib/python3.10/site-packages/triton/runtime/jit.py", line 594, in run\n    kernel = self.compile(src, target=target, options=options.__dict__)\n  File "/home/lijiaxing/.conda/envs/api/lib/python3.10/site-packages/triton/compiler/compiler.py", line 339, in compile\n    module = src.make_ir(options, codegen_fns, module_map, context)\n  File "/home/lijiaxing/.conda/envs/api/lib/python3.10/site-packages/triton/compiler/compiler.py", line 83, in make_ir\n    return ast_to_ttir(self.fn, self, context=context, options=options, codegen_fns=codegen_fns,\ntriton.compiler.errors.CompilationError: at 25:4:\n    offs_k = tl.arange(0, BLOCK_K)\n\n    a_ptrs = a_ptr + offs_m[:, None] * stride_am + offs_k[None, :] * stride_ak\n    b_ptrs = b_ptr + offs_k[:, None] * stride_bk + offs_n[None, :] * stride_bn\n\n    # Precompute masks for rows and columns\n    row_mask = offs_m[:, None] < M\n    col_mask = offs_n[None, :] < N\n    c_mask = row_mask & col_mask\n\n    acc = tl.zeros((BLOCK_M, BLOCK_N), dtype=tl.float32)\n    for k in tl.static_range(0, tl.cdiv(K, BLOCK_K)):\n    ^\nAssertionError(\'int32[] used as tl.static_range end value is not a constexpr\')\n\n\nThe above exception was the direct cause of the following exception:\n\nTraceback (most recent call last):\n  File "/home/lijiaxing/.conda/envs/api/lib/python3.10/site-packages/triton/language/core.py", line 3130, in __init__\n    assert isinstance(arg2, constexpr), f"{arg2} used as tl.static_range end value is not a constexpr"\nAssertionError: int32[] used as tl.static_range end value is not a constexpr\n', 'runtime_error_name': 'triton.compiler.errors.CompilationError', 'reference_timing_ms': 0.0331, 'speed_up': -1.0, 'custom_timing': -1.0}, 'runtime': -1.0, 'runtime_stats': {}}}
2025-08-12 18:16:27,065 - openevolve.RemoteSpeedupEvaluator - INFO - [level1_7_Matmul_with_small_K_dimension_] triton key words check pass
2025-08-12 18:16:27,066 - openevolve.RemoteSpeedupEvaluator - INFO - [level1_7_Matmul_with_small_K_dimension_] verify_plus payload: reference_code(776 chars) + custom_code(2935 chars)
2025-08-12 18:16:31,019 - openevolve.RemoteSpeedupEvaluator - INFO - [level1_7_Matmul_with_small_K_dimension_] verify_plus request success
2025-08-12 18:16:31,019 - openevolve.RemoteSpeedupEvaluator - INFO - [level1_7_Matmul_with_small_K_dimension_] verify_plus response: {"id":"level1_7_Matmul_with_small_K_dimension_","result":{"compiled":true,"correctness":true,"metadata":{"hardware":"NVIDIA L20Y","device":"cuda:7","correctness_trials":"(5 / 5)","reference_timing_ms":0.0331,"speed_up":0.043,"custom_timing":0.762},"runtime":0.762,"runtime_stats":{"mean":0.762,"std":0.00385,"min":0.755,"max":0.778,"num_trials":100,"hardware":"NVIDIA L20Y","device":"cuda:7"}}}
2025-08-12 18:16:31,019 - openevolve.RemoteSpeedupEvaluator - INFO - [level1_7_Matmul_with_small_K_dimension_] âœ” success | speed_up=0.043  score=20.00
2025-08-12 18:16:31,020 - openevolve.evaluator - INFO - Evaluated program 0bbb16ee-7af3-47c6-b747-87c468d437b2 in 3.96s: compiled=1.0000, correctness=1.0000, stage=success, passed=0.0000, score=20.0000, speed_up=0.0430, runtime_ms=0.7620, meta={'hardware': 'NVIDIA L20Y', 'device': 'cuda:7', 'correctness_trials': '(5 / 5)', 'reference_timing_ms': 0.0331, 'speed_up': 0.043, 'custom_timing': 0.762}
2025-08-12 18:16:31,022 - openevolve.database - INFO - Population size (26) exceeds limit (25), removing 1 programs
2025-08-12 18:16:31,022 - openevolve.database - INFO - Population size after cleanup: 25
2025-08-12 18:16:31,024 - openevolve.llm.ensemble - INFO - Sampled model: deepseek
2025-08-12 18:16:31,034 - openevolve.threaded_parallel - INFO - Iteration 23: Program 0bbb16ee-7af3-47c6-b747-87c468d437b2 (parent: 9fb5c2f9-b44e-4e4d-a0a3-8ef80e48abd3) completed in 425.86s
2025-08-12 18:16:31,034 - openevolve.threaded_parallel - INFO - Metrics: compiled=1.0000, correctness=1.0000, stage=success, passed=0.0000, score=20.0000, speed_up=0.0430, runtime_ms=0.7620, meta={'hardware': 'NVIDIA L20Y', 'device': 'cuda:7', 'correctness_trials': '(5 / 5)', 'reference_timing_ms': 0.0331, 'speed_up': 0.043, 'custom_timing': 0.762}
2025-08-12 18:21:07,729 - openevolve.RemoteSpeedupEvaluator - INFO - [level1_7_Matmul_with_small_K_dimension_] âœ˜ invalid_answer 'import triton' is not found
2025-08-12 18:21:07,730 - openevolve.evaluator - INFO - Evaluated program 0bb5f0d6-7d02-42a6-bb7a-7bbc87382f5f in 0.00s: compiled=0.0000, correctness=0.0000, score=-100.0000, stage=no_valid_triton_code, feedback=You need to generate real and valid triton code for the core function. The key word 'import triton' is not found.
2025-08-12 18:21:07,734 - openevolve.llm.ensemble - INFO - Sampled model: deepseek
2025-08-12 18:21:07,741 - openevolve.database - INFO - New MAP-Elites cell occupied: {'score': -1000, 'complexity': 0}
2025-08-12 18:21:07,741 - openevolve.database - INFO - Population size (26) exceeds limit (25), removing 1 programs
2025-08-12 18:21:07,741 - openevolve.database - INFO - Population size after cleanup: 25
2025-08-12 18:21:07,747 - openevolve.threaded_parallel - INFO - Iteration 24: Program 0bb5f0d6-7d02-42a6-bb7a-7bbc87382f5f (parent: 9db84fd3-c396-4095-a03f-a7ed11782324) completed in 580.60s
2025-08-12 18:21:07,747 - openevolve.threaded_parallel - INFO - Metrics: compiled=0.0000, correctness=0.0000, score=-100.0000, stage=no_valid_triton_code, feedback=You need to generate real and valid triton code for the core function. The key word 'import triton' is not found.
2025-08-12 18:21:07,747 - openevolve.threaded_parallel - INFO - Checkpoint interval reached at iteration 24
2025-08-12 18:21:07,749 - openevolve.database - INFO - Island Status:
2025-08-12 18:21:07,749 - openevolve.database - INFO -    Island 0: 7 programs, best=20.0000, avg=20.0000, diversity=69.25, gen=8 (best: 75faa1bd-ff3b-47b8-bc01-a56aee63f7a9)
2025-08-12 18:21:07,749 - openevolve.database - INFO -    Island 1: 11 programs, best=20.0000, avg=9.0909, diversity=598.38, gen=8 (best: dab86e5d-1d62-47bb-99ac-89efd4490d07)
2025-08-12 18:21:07,749 - openevolve.database - INFO -  * Island 2: 7 programs, best=20.0000, avg=20.0000, diversity=69.22, gen=8 (best: 008e8647-5fed-45ab-9e40-9c20b95dd74b)
2025-08-12 18:21:07,934 - openevolve.database - INFO - Saved database with 25 programs to openevolve_output/level1_7_Matmul_with_small_K_dimension_/checkpoints/checkpoint_24
2025-08-12 18:21:07,939 - openevolve.controller - INFO - Saved best program at checkpoint 24 with metrics: compiled=1.0000, correctness=1.0000, stage=success, passed=0.0000, score=20.0000, speed_up=0.0470, runtime_ms=0.6980, meta={'hardware': 'NVIDIA L20Y', 'device': 'cuda:6', 'correctness_trials': '(5 / 5)', 'reference_timing_ms': 0.0331, 'speed_up': 0.047, 'custom_timing': 0.698}
2025-08-12 18:21:07,940 - openevolve.controller - INFO - Saved checkpoint at iteration 24 to openevolve_output/level1_7_Matmul_with_small_K_dimension_/checkpoints/checkpoint_24
2025-08-12 18:28:10,109 - openevolve.RemoteSpeedupEvaluator - INFO - [level1_7_Matmul_with_small_K_dimension_] triton key words check pass
2025-08-12 18:28:10,110 - openevolve.RemoteSpeedupEvaluator - INFO - [level1_7_Matmul_with_small_K_dimension_] verify_plus payload: reference_code(776 chars) + custom_code(3040 chars)
2025-08-12 18:28:13,046 - openevolve.RemoteSpeedupEvaluator - INFO - [level1_7_Matmul_with_small_K_dimension_] verify_plus request success
2025-08-12 18:28:13,046 - openevolve.RemoteSpeedupEvaluator - INFO - [level1_7_Matmul_with_small_K_dimension_] verify_plus response: {"id":"level1_7_Matmul_with_small_K_dimension_","result":{"compiled":true,"correctness":false,"metadata":{"hardware":"NVIDIA L20Y","device":"cuda:2","runtime_error":"Traceback (most recent call last):\n  File \"/cpfs01/shared/llm_kernel/hujiakai/KernelLLM/validation_api_server/helpers/evaluations.py\", line 720, in run_and_check_correctness\n    output_new = model_new(*inputs)\n  File \"/home/lijiaxing/.conda/envs/api/lib/python3.10/site-packages/torch/nn/modules/module.py\", line 1773, in _wrapped_call_impl\n    return self._call_impl(*args, **kwargs)\n  File \"/home/lijiaxing/.conda/envs/api/lib/python3.10/site-packages/torch/nn/modules/module.py\", line 1784, in _call_impl\n    return forward_call(*args, **kwargs)\n  File \"/tmp/tmp8k3e7uk9.py\", line 68, in forward\n    matmul_kernel[g
2025-08-12 18:28:13,046 - openevolve.RemoteSpeedupEvaluator - INFO - [level1_7_Matmul_with_small_K_dimension_] âœ˜ wrong_answer
2025-08-12 18:28:13,047 - openevolve.evaluator - INFO - Evaluated program dac6f133-0289-4a86-a9c6-bd33f5b04121 in 2.94s: compiled=1.0000, correctness=0.0000, score=10.0000, stage=wrong_answer, verify_payload={'id': 'level1_7_Matmul_with_small_K_dimension_', 'result': {'compiled': True, 'correctness': False, 'metadata': {'hardware': 'NVIDIA L20Y', 'device': 'cuda:2', 'runtime_error': 'Traceback (most recent call last):\n  File "/cpfs01/shared/llm_kernel/hujiakai/KernelLLM/validation_api_server/helpers/evaluations.py", line 720, in run_and_check_correctness\n    output_new = model_new(*inputs)\n  File "/home/lijiaxing/.conda/envs/api/lib/python3.10/site-packages/torch/nn/modules/module.py", line 1773, in _wrapped_call_impl\n    return self._call_impl(*args, **kwargs)\n  File "/home/lijiaxing/.conda/envs/api/lib/python3.10/site-packages/torch/nn/modules/module.py", line 1784, in _call_impl\n    return forward_call(*args, **kwargs)\n  File "/tmp/tmp8k3e7uk9.py", line 68, in forward\n    matmul_kernel[grid](\n  File "/home/lijiaxing/.conda/envs/api/lib/python3.10/site-packages/triton/runtime/jit.py", line 390, in <lambda>\n    return lambda *args, **kwargs: self.run(grid=grid, warmup=False, *args, **kwargs)\n  File "/home/lijiaxing/.conda/envs/api/lib/python3.10/site-packages/triton/runtime/autotuner.py", line 239, in run\n    benchmark()\n  File "/home/lijiaxing/.conda/envs/api/lib/python3.10/site-packages/triton/runtime/autotuner.py", line 228, in benchmark\n    timings = {config: self._bench(*args, config=config, **kwargs) for config in pruned_configs}\n  File "/home/lijiaxing/.conda/envs/api/lib/python3.10/site-packages/triton/runtime/autotuner.py", line 228, in <dictcomp>\n    timings = {config: self._bench(*args, config=config, **kwargs) for config in pruned_configs}\n  File "/home/lijiaxing/.conda/envs/api/lib/python3.10/site-packages/triton/runtime/autotuner.py", line 160, in _bench\n    return self.do_bench(kernel_call, quantiles=(0.5, 0.2, 0.8))\n  File "/home/lijiaxing/.conda/envs/api/lib/python3.10/site-packages/triton/testing.py", line 149, in do_bench\n    fn()\n  File "/home/lijiaxing/.conda/envs/api/lib/python3.10/site-packages/triton/runtime/autotuner.py", line 146, in kernel_call\n    self.fn.run(\n  File "/home/lijiaxing/.conda/envs/api/lib/python3.10/site-packages/triton/runtime/jit.py", line 594, in run\n    kernel = self.compile(src, target=target, options=options.__dict__)\n  File "/home/lijiaxing/.conda/envs/api/lib/python3.10/site-packages/triton/compiler/compiler.py", line 339, in compile\n    module = src.make_ir(options, codegen_fns, module_map, context)\n  File "/home/lijiaxing/.conda/envs/api/lib/python3.10/site-packages/triton/compiler/compiler.py", line 83, in make_ir\n    return ast_to_ttir(self.fn, self, context=context, options=options, codegen_fns=codegen_fns,\ntriton.compiler.errors.CompilationError: at 20:4:\n    pid0 = tl.program_id(0)\n    pid1 = tl.program_id(1)\n\n    offs_m = pid0 * BLOCK_M + tl.arange(0, BLOCK_M)\n    offs_n = pid1 * BLOCK_N + tl.arange(0, BLOCK_N)\n    offs_k = tl.arange(0, BLOCK_K)\n\n    a_ptrs = a_ptr + offs_m[:, None] * stride_am + offs_k[None, :] * stride_ak\n    b_ptrs = b_ptr + offs_k[:, None] * stride_bk + offs_n[None, :] * stride_bn\n\n    acc = tl.zeros((BLOCK_M, BLOCK_N), dtype=tl.float16)\n    for k in range(0, tl.cdiv(K, BLOCK_K)):\n    ^\nAssertionError("Loop-carried variable acc has initial type <[\'128\', \'128\'], fp16> but is re-assigned to <[\'128\', \'128\'], fp32> in loop! Please make sure that the type stays consistent.")\n\n\nThe above exception was the direct cause of the following exception:\n\nAssertionError: Loop-carried variable acc has initial type <[\'128\', \'128\'], fp16> but is re-assigned to <[\'128\', \'128\'], fp32> in loop! Please make sure that the type stays consistent.\n', 'runtime_error_name': 'triton.compiler.errors.CompilationError', 'reference_timing_ms': 0.0331, 'speed_up': -1.0, 'custom_timing': -1.0}, 'runtime': -1.0, 'runtime_stats': {}}}
2025-08-12 18:28:13,050 - openevolve.database - INFO - Population size (26) exceeds limit (25), removing 1 programs
2025-08-12 18:28:13,051 - openevolve.database - INFO - Population size after cleanup: 25
2025-08-12 18:28:13,052 - openevolve.llm.ensemble - INFO - Sampled model: deepseek
2025-08-12 18:28:13,063 - openevolve.threaded_parallel - INFO - Iteration 26: Program dac6f133-0289-4a86-a9c6-bd33f5b04121 (parent: 5a5e08bf-b34a-4dab-bbb3-1a20de78e783) completed in 425.31s
2025-08-12 18:28:13,063 - openevolve.threaded_parallel - INFO - Metrics: compiled=1.0000, correctness=0.0000, score=10.0000, stage=wrong_answer, verify_payload={'id': 'level1_7_Matmul_with_small_K_dimension_', 'result': {'compiled': True, 'correctness': False, 'metadata': {'hardware': 'NVIDIA L20Y', 'device': 'cuda:2', 'runtime_error': 'Traceback (most recent call last):\n  File "/cpfs01/shared/llm_kernel/hujiakai/KernelLLM/validation_api_server/helpers/evaluations.py", line 720, in run_and_check_correctness\n    output_new = model_new(*inputs)\n  File "/home/lijiaxing/.conda/envs/api/lib/python3.10/site-packages/torch/nn/modules/module.py", line 1773, in _wrapped_call_impl\n    return self._call_impl(*args, **kwargs)\n  File "/home/lijiaxing/.conda/envs/api/lib/python3.10/site-packages/torch/nn/modules/module.py", line 1784, in _call_impl\n    return forward_call(*args, **kwargs)\n  File "/tmp/tmp8k3e7uk9.py", line 68, in forward\n    matmul_kernel[grid](\n  File "/home/lijiaxing/.conda/envs/api/lib/python3.10/site-packages/triton/runtime/jit.py", line 390, in <lambda>\n    return lambda *args, **kwargs: self.run(grid=grid, warmup=False, *args, **kwargs)\n  File "/home/lijiaxing/.conda/envs/api/lib/python3.10/site-packages/triton/runtime/autotuner.py", line 239, in run\n    benchmark()\n  File "/home/lijiaxing/.conda/envs/api/lib/python3.10/site-packages/triton/runtime/autotuner.py", line 228, in benchmark\n    timings = {config: self._bench(*args, config=config, **kwargs) for config in pruned_configs}\n  File "/home/lijiaxing/.conda/envs/api/lib/python3.10/site-packages/triton/runtime/autotuner.py", line 228, in <dictcomp>\n    timings = {config: self._bench(*args, config=config, **kwargs) for config in pruned_configs}\n  File "/home/lijiaxing/.conda/envs/api/lib/python3.10/site-packages/triton/runtime/autotuner.py", line 160, in _bench\n    return self.do_bench(kernel_call, quantiles=(0.5, 0.2, 0.8))\n  File "/home/lijiaxing/.conda/envs/api/lib/python3.10/site-packages/triton/testing.py", line 149, in do_bench\n    fn()\n  File "/home/lijiaxing/.conda/envs/api/lib/python3.10/site-packages/triton/runtime/autotuner.py", line 146, in kernel_call\n    self.fn.run(\n  File "/home/lijiaxing/.conda/envs/api/lib/python3.10/site-packages/triton/runtime/jit.py", line 594, in run\n    kernel = self.compile(src, target=target, options=options.__dict__)\n  File "/home/lijiaxing/.conda/envs/api/lib/python3.10/site-packages/triton/compiler/compiler.py", line 339, in compile\n    module = src.make_ir(options, codegen_fns, module_map, context)\n  File "/home/lijiaxing/.conda/envs/api/lib/python3.10/site-packages/triton/compiler/compiler.py", line 83, in make_ir\n    return ast_to_ttir(self.fn, self, context=context, options=options, codegen_fns=codegen_fns,\ntriton.compiler.errors.CompilationError: at 20:4:\n    pid0 = tl.program_id(0)\n    pid1 = tl.program_id(1)\n\n    offs_m = pid0 * BLOCK_M + tl.arange(0, BLOCK_M)\n    offs_n = pid1 * BLOCK_N + tl.arange(0, BLOCK_N)\n    offs_k = tl.arange(0, BLOCK_K)\n\n    a_ptrs = a_ptr + offs_m[:, None] * stride_am + offs_k[None, :] * stride_ak\n    b_ptrs = b_ptr + offs_k[:, None] * stride_bk + offs_n[None, :] * stride_bn\n\n    acc = tl.zeros((BLOCK_M, BLOCK_N), dtype=tl.float16)\n    for k in range(0, tl.cdiv(K, BLOCK_K)):\n    ^\nAssertionError("Loop-carried variable acc has initial type <[\'128\', \'128\'], fp16> but is re-assigned to <[\'128\', \'128\'], fp32> in loop! Please make sure that the type stays consistent.")\n\n\nThe above exception was the direct cause of the following exception:\n\nAssertionError: Loop-carried variable acc has initial type <[\'128\', \'128\'], fp16> but is re-assigned to <[\'128\', \'128\'], fp32> in loop! Please make sure that the type stays consistent.\n', 'runtime_error_name': 'triton.compiler.errors.CompilationError', 'reference_timing_ms': 0.0331, 'speed_up': -1.0, 'custom_timing': -1.0}, 'runtime': -1.0, 'runtime_stats': {}}}
2025-08-12 18:30:01,353 - openevolve.RemoteSpeedupEvaluator - INFO - [level1_7_Matmul_with_small_K_dimension_] triton key words check pass
2025-08-12 18:30:01,354 - openevolve.RemoteSpeedupEvaluator - INFO - [level1_7_Matmul_with_small_K_dimension_] verify_plus payload: reference_code(776 chars) + custom_code(2625 chars)
2025-08-12 18:30:04,356 - openevolve.RemoteSpeedupEvaluator - INFO - [level1_7_Matmul_with_small_K_dimension_] verify_plus request success
2025-08-12 18:30:04,356 - openevolve.RemoteSpeedupEvaluator - INFO - [level1_7_Matmul_with_small_K_dimension_] verify_plus response: {"id":"level1_7_Matmul_with_small_K_dimension_","result":{"compiled":true,"correctness":false,"metadata":{"hardware":"NVIDIA L20Y","device":"cuda:0","runtime_error":"Traceback (most recent call last):\n  File \"/home/lijiaxing/.conda/envs/api/lib/python3.10/site-packages/triton/language/core.py\", line 42, in wrapper\n    return fn(*args, **kwargs)\n  File \"/home/lijiaxing/.conda/envs/api/lib/python3.10/site-packages/triton/language/core.py\", line 1654, in arange\n    return _semantic.arange(start, end)\n  File \"/home/lijiaxing/.conda/envs/api/lib/python3.10/site-packages/triton/language/semantic.py\", line 574, in arange\n    raise ValueError(\"arange's arguments must be of type tl.constexpr\")\nValueError: arange's arguments must be of type tl.constexpr\n\nThe above exception was the 
2025-08-12 18:30:04,356 - openevolve.RemoteSpeedupEvaluator - INFO - [level1_7_Matmul_with_small_K_dimension_] âœ˜ wrong_answer
2025-08-12 18:30:04,356 - openevolve.evaluator - INFO - Evaluated program 30bb06a9-15ac-46e9-9a66-4157cd8bca3a in 3.00s: compiled=1.0000, correctness=0.0000, score=10.0000, stage=wrong_answer, verify_payload={'id': 'level1_7_Matmul_with_small_K_dimension_', 'result': {'compiled': True, 'correctness': False, 'metadata': {'hardware': 'NVIDIA L20Y', 'device': 'cuda:0', 'runtime_error': 'Traceback (most recent call last):\n  File "/home/lijiaxing/.conda/envs/api/lib/python3.10/site-packages/triton/language/core.py", line 42, in wrapper\n    return fn(*args, **kwargs)\n  File "/home/lijiaxing/.conda/envs/api/lib/python3.10/site-packages/triton/language/core.py", line 1654, in arange\n    return _semantic.arange(start, end)\n  File "/home/lijiaxing/.conda/envs/api/lib/python3.10/site-packages/triton/language/semantic.py", line 574, in arange\n    raise ValueError("arange\'s arguments must be of type tl.constexpr")\nValueError: arange\'s arguments must be of type tl.constexpr\n\nThe above exception was the direct cause of the following exception:\n\nTraceback (most recent call last):\n  File "/cpfs01/shared/llm_kernel/hujiakai/KernelLLM/validation_api_server/helpers/evaluations.py", line 720, in run_and_check_correctness\n    output_new = model_new(*inputs)\n  File "/home/lijiaxing/.conda/envs/api/lib/python3.10/site-packages/torch/nn/modules/module.py", line 1773, in _wrapped_call_impl\n    return self._call_impl(*args, **kwargs)\n  File "/home/lijiaxing/.conda/envs/api/lib/python3.10/site-packages/torch/nn/modules/module.py", line 1784, in _call_impl\n    return forward_call(*args, **kwargs)\n  File "/tmp/tmpjt50sgtc.py", line 64, in forward\n    matmul_kernel[grid](\n  File "/home/lijiaxing/.conda/envs/api/lib/python3.10/site-packages/triton/runtime/jit.py", line 390, in <lambda>\n    return lambda *args, **kwargs: self.run(grid=grid, warmup=False, *args, **kwargs)\n  File "/home/lijiaxing/.conda/envs/api/lib/python3.10/site-packages/triton/runtime/autotuner.py", line 239, in run\n    benchmark()\n  File "/home/lijiaxing/.conda/envs/api/lib/python3.10/site-packages/triton/runtime/autotuner.py", line 228, in benchmark\n    timings = {config: self._bench(*args, config=config, **kwargs) for config in pruned_configs}\n  File "/home/lijiaxing/.conda/envs/api/lib/python3.10/site-packages/triton/runtime/autotuner.py", line 228, in <dictcomp>\n    timings = {config: self._bench(*args, config=config, **kwargs) for config in pruned_configs}\n  File "/home/lijiaxing/.conda/envs/api/lib/python3.10/site-packages/triton/runtime/autotuner.py", line 160, in _bench\n    return self.do_bench(kernel_call, quantiles=(0.5, 0.2, 0.8))\n  File "/home/lijiaxing/.conda/envs/api/lib/python3.10/site-packages/triton/testing.py", line 149, in do_bench\n    fn()\n  File "/home/lijiaxing/.conda/envs/api/lib/python3.10/site-packages/triton/runtime/autotuner.py", line 146, in kernel_call\n    self.fn.run(\n  File "/home/lijiaxing/.conda/envs/api/lib/python3.10/site-packages/triton/runtime/jit.py", line 594, in run\n    kernel = self.compile(src, target=target, options=options.__dict__)\n  File "/home/lijiaxing/.conda/envs/api/lib/python3.10/site-packages/triton/compiler/compiler.py", line 339, in compile\n    module = src.make_ir(options, codegen_fns, module_map, context)\n  File "/home/lijiaxing/.conda/envs/api/lib/python3.10/site-packages/triton/compiler/compiler.py", line 83, in make_ir\n    return ast_to_ttir(self.fn, self, context=context, options=options, codegen_fns=codegen_fns,\ntriton.compiler.errors.CompilationError: at 14:13:\n    M, N, K,\n    stride_am, stride_ak,\n    stride_bk, stride_bn,\n    stride_cm, stride_cn,\n    BLOCK_M: tl.constexpr, BLOCK_N: tl.constexpr,\n):\n    pid0 = tl.program_id(0)\n    pid1 = tl.program_id(1)\n\n    offs_m = pid0 * BLOCK_M + tl.arange(0, BLOCK_M)\n    offs_n = pid1 * BLOCK_N + tl.arange(0, BLOCK_N)\n    offs_k = tl.arange(0, K)\n             ^\n\n\nThe above exception was the direct cause of the following exception:\n\nTraceback (most recent call last):\n  File "/home/lijiaxing/.conda/envs/api/lib/python3.10/site-packages/triton/language/core.py", line 42, in wrapper\n    return fn(*args, **kwargs)\n  File "/home/lijiaxing/.conda/envs/api/lib/python3.10/site-packages/triton/language/core.py", line 1654, in arange\n    return _semantic.arange(start, end)\n  File "/home/lijiaxing/.conda/envs/api/lib/python3.10/site-packages/triton/language/semantic.py", line 574, in arange\n    raise ValueError("arange\'s arguments must be of type tl.constexpr")\nValueError: arange\'s arguments must be of type tl.constexpr\n', 'runtime_error_name': 'triton.compiler.errors.CompilationError', 'reference_timing_ms': 0.0331, 'speed_up': -1.0, 'custom_timing': -1.0}, 'runtime': -1.0, 'runtime_stats': {}}}
2025-08-12 18:30:04,360 - openevolve.llm.ensemble - INFO - Sampled model: deepseek
2025-08-12 18:30:04,368 - openevolve.database - INFO - Population size (26) exceeds limit (25), removing 1 programs
2025-08-12 18:30:04,368 - openevolve.database - INFO - Population size after cleanup: 25
2025-08-12 18:30:04,380 - openevolve.threaded_parallel - INFO - Iteration 22: Program 30bb06a9-15ac-46e9-9a66-4157cd8bca3a (parent: 3b57cf29-c302-4211-a4aa-319633caea4a) completed in 1244.86s
2025-08-12 18:30:04,380 - openevolve.threaded_parallel - INFO - Metrics: compiled=1.0000, correctness=0.0000, score=10.0000, stage=wrong_answer, verify_payload={'id': 'level1_7_Matmul_with_small_K_dimension_', 'result': {'compiled': True, 'correctness': False, 'metadata': {'hardware': 'NVIDIA L20Y', 'device': 'cuda:0', 'runtime_error': 'Traceback (most recent call last):\n  File "/home/lijiaxing/.conda/envs/api/lib/python3.10/site-packages/triton/language/core.py", line 42, in wrapper\n    return fn(*args, **kwargs)\n  File "/home/lijiaxing/.conda/envs/api/lib/python3.10/site-packages/triton/language/core.py", line 1654, in arange\n    return _semantic.arange(start, end)\n  File "/home/lijiaxing/.conda/envs/api/lib/python3.10/site-packages/triton/language/semantic.py", line 574, in arange\n    raise ValueError("arange\'s arguments must be of type tl.constexpr")\nValueError: arange\'s arguments must be of type tl.constexpr\n\nThe above exception was the direct cause of the following exception:\n\nTraceback (most recent call last):\n  File "/cpfs01/shared/llm_kernel/hujiakai/KernelLLM/validation_api_server/helpers/evaluations.py", line 720, in run_and_check_correctness\n    output_new = model_new(*inputs)\n  File "/home/lijiaxing/.conda/envs/api/lib/python3.10/site-packages/torch/nn/modules/module.py", line 1773, in _wrapped_call_impl\n    return self._call_impl(*args, **kwargs)\n  File "/home/lijiaxing/.conda/envs/api/lib/python3.10/site-packages/torch/nn/modules/module.py", line 1784, in _call_impl\n    return forward_call(*args, **kwargs)\n  File "/tmp/tmpjt50sgtc.py", line 64, in forward\n    matmul_kernel[grid](\n  File "/home/lijiaxing/.conda/envs/api/lib/python3.10/site-packages/triton/runtime/jit.py", line 390, in <lambda>\n    return lambda *args, **kwargs: self.run(grid=grid, warmup=False, *args, **kwargs)\n  File "/home/lijiaxing/.conda/envs/api/lib/python3.10/site-packages/triton/runtime/autotuner.py", line 239, in run\n    benchmark()\n  File "/home/lijiaxing/.conda/envs/api/lib/python3.10/site-packages/triton/runtime/autotuner.py", line 228, in benchmark\n    timings = {config: self._bench(*args, config=config, **kwargs) for config in pruned_configs}\n  File "/home/lijiaxing/.conda/envs/api/lib/python3.10/site-packages/triton/runtime/autotuner.py", line 228, in <dictcomp>\n    timings = {config: self._bench(*args, config=config, **kwargs) for config in pruned_configs}\n  File "/home/lijiaxing/.conda/envs/api/lib/python3.10/site-packages/triton/runtime/autotuner.py", line 160, in _bench\n    return self.do_bench(kernel_call, quantiles=(0.5, 0.2, 0.8))\n  File "/home/lijiaxing/.conda/envs/api/lib/python3.10/site-packages/triton/testing.py", line 149, in do_bench\n    fn()\n  File "/home/lijiaxing/.conda/envs/api/lib/python3.10/site-packages/triton/runtime/autotuner.py", line 146, in kernel_call\n    self.fn.run(\n  File "/home/lijiaxing/.conda/envs/api/lib/python3.10/site-packages/triton/runtime/jit.py", line 594, in run\n    kernel = self.compile(src, target=target, options=options.__dict__)\n  File "/home/lijiaxing/.conda/envs/api/lib/python3.10/site-packages/triton/compiler/compiler.py", line 339, in compile\n    module = src.make_ir(options, codegen_fns, module_map, context)\n  File "/home/lijiaxing/.conda/envs/api/lib/python3.10/site-packages/triton/compiler/compiler.py", line 83, in make_ir\n    return ast_to_ttir(self.fn, self, context=context, options=options, codegen_fns=codegen_fns,\ntriton.compiler.errors.CompilationError: at 14:13:\n    M, N, K,\n    stride_am, stride_ak,\n    stride_bk, stride_bn,\n    stride_cm, stride_cn,\n    BLOCK_M: tl.constexpr, BLOCK_N: tl.constexpr,\n):\n    pid0 = tl.program_id(0)\n    pid1 = tl.program_id(1)\n\n    offs_m = pid0 * BLOCK_M + tl.arange(0, BLOCK_M)\n    offs_n = pid1 * BLOCK_N + tl.arange(0, BLOCK_N)\n    offs_k = tl.arange(0, K)\n             ^\n\n\nThe above exception was the direct cause of the following exception:\n\nTraceback (most recent call last):\n  File "/home/lijiaxing/.conda/envs/api/lib/python3.10/site-packages/triton/language/core.py", line 42, in wrapper\n    return fn(*args, **kwargs)\n  File "/home/lijiaxing/.conda/envs/api/lib/python3.10/site-packages/triton/language/core.py", line 1654, in arange\n    return _semantic.arange(start, end)\n  File "/home/lijiaxing/.conda/envs/api/lib/python3.10/site-packages/triton/language/semantic.py", line 574, in arange\n    raise ValueError("arange\'s arguments must be of type tl.constexpr")\nValueError: arange\'s arguments must be of type tl.constexpr\n', 'runtime_error_name': 'triton.compiler.errors.CompilationError', 'reference_timing_ms': 0.0331, 'speed_up': -1.0, 'custom_timing': -1.0}, 'runtime': -1.0, 'runtime_stats': {}}}
2025-08-12 18:34:27,927 - openevolve.RemoteSpeedupEvaluator - INFO - [level1_7_Matmul_with_small_K_dimension_] triton key words check pass
2025-08-12 18:34:27,928 - openevolve.RemoteSpeedupEvaluator - INFO - [level1_7_Matmul_with_small_K_dimension_] verify_plus payload: reference_code(776 chars) + custom_code(2794 chars)
2025-08-12 18:34:42,114 - openevolve.RemoteSpeedupEvaluator - INFO - [level1_7_Matmul_with_small_K_dimension_] verify_plus request success
2025-08-12 18:34:42,115 - openevolve.RemoteSpeedupEvaluator - INFO - [level1_7_Matmul_with_small_K_dimension_] verify_plus response: {"id":"level1_7_Matmul_with_small_K_dimension_","result":{"compiled":true,"correctness":true,"metadata":{"hardware":"NVIDIA L20Y","device":"cuda:1","correctness_trials":"(5 / 5)","reference_timing_ms":0.0331,"speed_up":0.032,"custom_timing":1.04},"runtime":1.04,"runtime_stats":{"mean":1.04,"std":0.00739,"min":1.02,"max":1.07,"num_trials":100,"hardware":"NVIDIA L20Y","device":"cuda:1"}}}
2025-08-12 18:34:42,115 - openevolve.RemoteSpeedupEvaluator - INFO - [level1_7_Matmul_with_small_K_dimension_] âœ” success | speed_up=0.032  score=20.00
2025-08-12 18:34:42,115 - openevolve.evaluator - INFO - Evaluated program 1f34651c-ad96-48f3-880c-083c1fa27deb in 14.19s: compiled=1.0000, correctness=1.0000, stage=success, passed=0.0000, score=20.0000, speed_up=0.0320, runtime_ms=1.0400, meta={'hardware': 'NVIDIA L20Y', 'device': 'cuda:1', 'correctness_trials': '(5 / 5)', 'reference_timing_ms': 0.0331, 'speed_up': 0.032, 'custom_timing': 1.04}
2025-08-12 18:34:42,119 - openevolve.database - INFO - Population size (26) exceeds limit (25), removing 1 programs
2025-08-12 18:34:42,119 - openevolve.database - INFO - Population size after cleanup: 25
2025-08-12 18:34:42,120 - openevolve.llm.ensemble - INFO - Sampled model: deepseek
2025-08-12 18:34:42,127 - openevolve.threaded_parallel - INFO - Iteration 25: Program 1f34651c-ad96-48f3-880c-083c1fa27deb (parent: 75faa1bd-ff3b-47b8-bc01-a56aee63f7a9) completed in 1091.09s
2025-08-12 18:34:42,127 - openevolve.threaded_parallel - INFO - Metrics: compiled=1.0000, correctness=1.0000, stage=success, passed=0.0000, score=20.0000, speed_up=0.0320, runtime_ms=1.0400, meta={'hardware': 'NVIDIA L20Y', 'device': 'cuda:1', 'correctness_trials': '(5 / 5)', 'reference_timing_ms': 0.0331, 'speed_up': 0.032, 'custom_timing': 1.04}
2025-08-12 18:38:34,367 - openevolve.RemoteSpeedupEvaluator - INFO - [level1_7_Matmul_with_small_K_dimension_] triton key words check pass
2025-08-12 18:38:34,368 - openevolve.RemoteSpeedupEvaluator - INFO - [level1_7_Matmul_with_small_K_dimension_] verify_plus payload: reference_code(776 chars) + custom_code(3182 chars)
2025-08-12 18:39:38,725 - openevolve.RemoteSpeedupEvaluator - INFO - [level1_7_Matmul_with_small_K_dimension_] verify_plus request success
2025-08-12 18:39:38,726 - openevolve.RemoteSpeedupEvaluator - INFO - [level1_7_Matmul_with_small_K_dimension_] verify_plus response: {"id":"level1_7_Matmul_with_small_K_dimension_","result":{"compiled":true,"correctness":true,"metadata":{"hardware":"NVIDIA L20Y","device":"cuda:1","correctness_trials":"(5 / 5)","reference_timing_ms":0.0331,"speed_up":0.059,"custom_timing":0.559},"runtime":0.559,"runtime_stats":{"mean":0.559,"std":0.0143,"min":0.553,"max":0.666,"num_trials":100,"hardware":"NVIDIA L20Y","device":"cuda:1"}}}
2025-08-12 18:39:38,726 - openevolve.RemoteSpeedupEvaluator - INFO - [level1_7_Matmul_with_small_K_dimension_] âœ” success | speed_up=0.059  score=20.00
2025-08-12 18:39:38,727 - openevolve.evaluator - INFO - Evaluated program 7cef1eed-b8d2-40b9-bfed-78b72e4696d2 in 64.36s: compiled=1.0000, correctness=1.0000, stage=success, passed=0.0000, score=20.0000, speed_up=0.0590, runtime_ms=0.5590, meta={'hardware': 'NVIDIA L20Y', 'device': 'cuda:1', 'correctness_trials': '(5 / 5)', 'reference_timing_ms': 0.0331, 'speed_up': 0.059, 'custom_timing': 0.559}
2025-08-12 18:39:38,733 - openevolve.database - INFO - Population size (26) exceeds limit (25), removing 1 programs
2025-08-12 18:39:38,734 - openevolve.database - INFO - Population size after cleanup: 25
2025-08-12 18:39:38,746 - openevolve.threaded_parallel - INFO - Iteration 27: Program 7cef1eed-b8d2-40b9-bfed-78b72e4696d2 (parent: 008e8647-5fed-45ab-9e40-9c20b95dd74b) completed in 685.67s
2025-08-12 18:39:38,746 - openevolve.threaded_parallel - INFO - Metrics: compiled=1.0000, correctness=1.0000, stage=success, passed=0.0000, score=20.0000, speed_up=0.0590, runtime_ms=0.5590, meta={'hardware': 'NVIDIA L20Y', 'device': 'cuda:1', 'correctness_trials': '(5 / 5)', 'reference_timing_ms': 0.0331, 'speed_up': 0.059, 'custom_timing': 0.559}
2025-08-12 18:39:38,746 - openevolve.threaded_parallel - INFO - Checkpoint interval reached at iteration 27
2025-08-12 18:39:38,748 - openevolve.database - INFO - Island Status:
2025-08-12 18:39:38,748 - openevolve.database - INFO -  * Island 0: 7 programs, best=20.0000, avg=20.0000, diversity=69.25, gen=10 (best: 75faa1bd-ff3b-47b8-bc01-a56aee63f7a9)
2025-08-12 18:39:38,748 - openevolve.database - INFO -    Island 1: 10 programs, best=20.0000, avg=20.0000, diversity=38.92, gen=9 (best: dab86e5d-1d62-47bb-99ac-89efd4490d07)
2025-08-12 18:39:38,748 - openevolve.database - INFO -    Island 2: 8 programs, best=20.0000, avg=20.0000, diversity=77.78, gen=9 (best: 008e8647-5fed-45ab-9e40-9c20b95dd74b)
2025-08-12 18:39:39,038 - openevolve.database - INFO - Saved database with 25 programs to openevolve_output/level1_7_Matmul_with_small_K_dimension_/checkpoints/checkpoint_27
2025-08-12 18:39:39,048 - openevolve.controller - INFO - Saved best program at checkpoint 27 with metrics: compiled=1.0000, correctness=1.0000, stage=success, passed=0.0000, score=20.0000, speed_up=0.0470, runtime_ms=0.6980, meta={'hardware': 'NVIDIA L20Y', 'device': 'cuda:6', 'correctness_trials': '(5 / 5)', 'reference_timing_ms': 0.0331, 'speed_up': 0.047, 'custom_timing': 0.698}
2025-08-12 18:39:39,048 - openevolve.controller - INFO - Saved checkpoint at iteration 27 to openevolve_output/level1_7_Matmul_with_small_K_dimension_/checkpoints/checkpoint_27
2025-08-12 18:43:15,346 - openevolve.RemoteSpeedupEvaluator - INFO - [level1_7_Matmul_with_small_K_dimension_] triton key words check pass
2025-08-12 18:43:15,347 - openevolve.RemoteSpeedupEvaluator - INFO - [level1_7_Matmul_with_small_K_dimension_] verify_plus payload: reference_code(776 chars) + custom_code(3229 chars)
2025-08-12 18:43:38,370 - openevolve.RemoteSpeedupEvaluator - INFO - [level1_7_Matmul_with_small_K_dimension_] verify_plus request success
2025-08-12 18:43:38,370 - openevolve.RemoteSpeedupEvaluator - INFO - [level1_7_Matmul_with_small_K_dimension_] verify_plus response: {"id":"level1_7_Matmul_with_small_K_dimension_","result":{"compiled":true,"correctness":true,"metadata":{"hardware":"NVIDIA L20Y","device":"cuda:2","correctness_trials":"(5 / 5)","reference_timing_ms":0.0331,"speed_up":0.045,"custom_timing":0.736},"runtime":0.736,"runtime_stats":{"mean":0.736,"std":0.0234,"min":0.727,"max":0.957,"num_trials":100,"hardware":"NVIDIA L20Y","device":"cuda:2"}}}
2025-08-12 18:43:38,371 - openevolve.RemoteSpeedupEvaluator - INFO - [level1_7_Matmul_with_small_K_dimension_] âœ” success | speed_up=0.045  score=20.00
2025-08-12 18:43:38,371 - openevolve.evaluator - INFO - Evaluated program dd17f6b2-ec92-4602-a564-e9c9d24e573b in 23.03s: compiled=1.0000, correctness=1.0000, stage=success, passed=0.0000, score=20.0000, speed_up=0.0450, runtime_ms=0.7360, meta={'hardware': 'NVIDIA L20Y', 'device': 'cuda:2', 'correctness_trials': '(5 / 5)', 'reference_timing_ms': 0.0331, 'speed_up': 0.045, 'custom_timing': 0.736}
2025-08-12 18:43:38,381 - openevolve.database - INFO - Population size (26) exceeds limit (25), removing 1 programs
2025-08-12 18:43:38,381 - openevolve.database - INFO - Population size after cleanup: 25
2025-08-12 18:43:38,394 - openevolve.threaded_parallel - INFO - Iteration 28: Program dd17f6b2-ec92-4602-a564-e9c9d24e573b (parent: 3b57cf29-c302-4211-a4aa-319633caea4a) completed in 814.01s
2025-08-12 18:43:38,395 - openevolve.threaded_parallel - INFO - Metrics: compiled=1.0000, correctness=1.0000, stage=success, passed=0.0000, score=20.0000, speed_up=0.0450, runtime_ms=0.7360, meta={'hardware': 'NVIDIA L20Y', 'device': 'cuda:2', 'correctness_trials': '(5 / 5)', 'reference_timing_ms': 0.0331, 'speed_up': 0.045, 'custom_timing': 0.736}
2025-08-12 18:52:31,602 - openevolve.RemoteSpeedupEvaluator - INFO - [level1_7_Matmul_with_small_K_dimension_] triton key words check pass
2025-08-12 18:52:31,603 - openevolve.RemoteSpeedupEvaluator - INFO - [level1_7_Matmul_with_small_K_dimension_] verify_plus payload: reference_code(776 chars) + custom_code(3040 chars)
2025-08-12 18:52:34,731 - openevolve.RemoteSpeedupEvaluator - INFO - [level1_7_Matmul_with_small_K_dimension_] verify_plus request success
2025-08-12 18:52:34,732 - openevolve.RemoteSpeedupEvaluator - INFO - [level1_7_Matmul_with_small_K_dimension_] verify_plus response: {"id":"level1_7_Matmul_with_small_K_dimension_","result":{"compiled":true,"correctness":false,"metadata":{"hardware":"NVIDIA L20Y","device":"cuda:6","runtime_error":"Traceback (most recent call last):\n  File \"/cpfs01/shared/llm_kernel/hujiakai/KernelLLM/validation_api_server/helpers/evaluations.py\", line 720, in run_and_check_correctness\n    output_new = model_new(*inputs)\n  File \"/home/lijiaxing/.conda/envs/api/lib/python3.10/site-packages/torch/nn/modules/module.py\", line 1773, in _wrapped_call_impl\n    return self._call_impl(*args, **kwargs)\n  File \"/home/lijiaxing/.conda/envs/api/lib/python3.10/site-packages/torch/nn/modules/module.py\", line 1784, in _call_impl\n    return forward_call(*args, **kwargs)\n  File \"/tmp/tmpztfd4s6c.py\", line 68, in forward\n    matmul_kernel[g
2025-08-12 18:52:34,732 - openevolve.RemoteSpeedupEvaluator - INFO - [level1_7_Matmul_with_small_K_dimension_] âœ˜ wrong_answer
2025-08-12 18:52:34,732 - openevolve.evaluator - INFO - Evaluated program cbc32fd5-2ed2-4127-96c8-ddf729023178 in 3.13s: compiled=1.0000, correctness=0.0000, score=10.0000, stage=wrong_answer, verify_payload={'id': 'level1_7_Matmul_with_small_K_dimension_', 'result': {'compiled': True, 'correctness': False, 'metadata': {'hardware': 'NVIDIA L20Y', 'device': 'cuda:6', 'runtime_error': 'Traceback (most recent call last):\n  File "/cpfs01/shared/llm_kernel/hujiakai/KernelLLM/validation_api_server/helpers/evaluations.py", line 720, in run_and_check_correctness\n    output_new = model_new(*inputs)\n  File "/home/lijiaxing/.conda/envs/api/lib/python3.10/site-packages/torch/nn/modules/module.py", line 1773, in _wrapped_call_impl\n    return self._call_impl(*args, **kwargs)\n  File "/home/lijiaxing/.conda/envs/api/lib/python3.10/site-packages/torch/nn/modules/module.py", line 1784, in _call_impl\n    return forward_call(*args, **kwargs)\n  File "/tmp/tmpztfd4s6c.py", line 68, in forward\n    matmul_kernel[grid](\n  File "/home/lijiaxing/.conda/envs/api/lib/python3.10/site-packages/triton/runtime/jit.py", line 390, in <lambda>\n    return lambda *args, **kwargs: self.run(grid=grid, warmup=False, *args, **kwargs)\n  File "/home/lijiaxing/.conda/envs/api/lib/python3.10/site-packages/triton/runtime/autotuner.py", line 239, in run\n    benchmark()\n  File "/home/lijiaxing/.conda/envs/api/lib/python3.10/site-packages/triton/runtime/autotuner.py", line 228, in benchmark\n    timings = {config: self._bench(*args, config=config, **kwargs) for config in pruned_configs}\n  File "/home/lijiaxing/.conda/envs/api/lib/python3.10/site-packages/triton/runtime/autotuner.py", line 228, in <dictcomp>\n    timings = {config: self._bench(*args, config=config, **kwargs) for config in pruned_configs}\n  File "/home/lijiaxing/.conda/envs/api/lib/python3.10/site-packages/triton/runtime/autotuner.py", line 160, in _bench\n    return self.do_bench(kernel_call, quantiles=(0.5, 0.2, 0.8))\n  File "/home/lijiaxing/.conda/envs/api/lib/python3.10/site-packages/triton/testing.py", line 149, in do_bench\n    fn()\n  File "/home/lijiaxing/.conda/envs/api/lib/python3.10/site-packages/triton/runtime/autotuner.py", line 146, in kernel_call\n    self.fn.run(\n  File "/home/lijiaxing/.conda/envs/api/lib/python3.10/site-packages/triton/runtime/jit.py", line 594, in run\n    kernel = self.compile(src, target=target, options=options.__dict__)\n  File "/home/lijiaxing/.conda/envs/api/lib/python3.10/site-packages/triton/compiler/compiler.py", line 339, in compile\n    module = src.make_ir(options, codegen_fns, module_map, context)\n  File "/home/lijiaxing/.conda/envs/api/lib/python3.10/site-packages/triton/compiler/compiler.py", line 83, in make_ir\n    return ast_to_ttir(self.fn, self, context=context, options=options, codegen_fns=codegen_fns,\ntriton.compiler.errors.CompilationError: at 20:4:\n    pid0 = tl.program_id(0)\n    pid1 = tl.program_id(1)\n\n    offs_m = pid0 * BLOCK_M + tl.arange(0, BLOCK_M)\n    offs_n = pid1 * BLOCK_N + tl.arange(0, BLOCK_N)\n    offs_k = tl.arange(0, BLOCK_K)\n\n    a_ptrs = a_ptr + offs_m[:, None] * stride_am + offs_k[None, :] * stride_ak\n    b_ptrs = b_ptr + offs_k[:, None] * stride_bk + offs_n[None, :] * stride_bn\n\n    acc = tl.zeros((BLOCK_M, BLOCK_N), dtype=tl.float16)\n    for k in range(0, tl.cdiv(K, BLOCK_K)):\n    ^\nAssertionError("Loop-carried variable acc has initial type <[\'128\', \'128\'], fp16> but is re-assigned to <[\'128\', \'128\'], fp32> in loop! Please make sure that the type stays consistent.")\n\n\nThe above exception was the direct cause of the following exception:\n\nAssertionError: Loop-carried variable acc has initial type <[\'128\', \'128\'], fp16> but is re-assigned to <[\'128\', \'128\'], fp32> in loop! Please make sure that the type stays consistent.\n', 'runtime_error_name': 'triton.compiler.errors.CompilationError', 'reference_timing_ms': 0.0331, 'speed_up': -1.0, 'custom_timing': -1.0}, 'runtime': -1.0, 'runtime_stats': {}}}
2025-08-12 18:52:34,742 - openevolve.database - INFO - Population size (26) exceeds limit (25), removing 1 programs
2025-08-12 18:52:34,742 - openevolve.database - INFO - Population size after cleanup: 25
2025-08-12 18:52:34,784 - openevolve.threaded_parallel - INFO - Iteration 29: Program cbc32fd5-2ed2-4127-96c8-ddf729023178 (parent: 5a5e08bf-b34a-4dab-bbb3-1a20de78e783) completed in 1072.61s
2025-08-12 18:52:34,784 - openevolve.threaded_parallel - INFO - Metrics: compiled=1.0000, correctness=0.0000, score=10.0000, stage=wrong_answer, verify_payload={'id': 'level1_7_Matmul_with_small_K_dimension_', 'result': {'compiled': True, 'correctness': False, 'metadata': {'hardware': 'NVIDIA L20Y', 'device': 'cuda:6', 'runtime_error': 'Traceback (most recent call last):\n  File "/cpfs01/shared/llm_kernel/hujiakai/KernelLLM/validation_api_server/helpers/evaluations.py", line 720, in run_and_check_correctness\n    output_new = model_new(*inputs)\n  File "/home/lijiaxing/.conda/envs/api/lib/python3.10/site-packages/torch/nn/modules/module.py", line 1773, in _wrapped_call_impl\n    return self._call_impl(*args, **kwargs)\n  File "/home/lijiaxing/.conda/envs/api/lib/python3.10/site-packages/torch/nn/modules/module.py", line 1784, in _call_impl\n    return forward_call(*args, **kwargs)\n  File "/tmp/tmpztfd4s6c.py", line 68, in forward\n    matmul_kernel[grid](\n  File "/home/lijiaxing/.conda/envs/api/lib/python3.10/site-packages/triton/runtime/jit.py", line 390, in <lambda>\n    return lambda *args, **kwargs: self.run(grid=grid, warmup=False, *args, **kwargs)\n  File "/home/lijiaxing/.conda/envs/api/lib/python3.10/site-packages/triton/runtime/autotuner.py", line 239, in run\n    benchmark()\n  File "/home/lijiaxing/.conda/envs/api/lib/python3.10/site-packages/triton/runtime/autotuner.py", line 228, in benchmark\n    timings = {config: self._bench(*args, config=config, **kwargs) for config in pruned_configs}\n  File "/home/lijiaxing/.conda/envs/api/lib/python3.10/site-packages/triton/runtime/autotuner.py", line 228, in <dictcomp>\n    timings = {config: self._bench(*args, config=config, **kwargs) for config in pruned_configs}\n  File "/home/lijiaxing/.conda/envs/api/lib/python3.10/site-packages/triton/runtime/autotuner.py", line 160, in _bench\n    return self.do_bench(kernel_call, quantiles=(0.5, 0.2, 0.8))\n  File "/home/lijiaxing/.conda/envs/api/lib/python3.10/site-packages/triton/testing.py", line 149, in do_bench\n    fn()\n  File "/home/lijiaxing/.conda/envs/api/lib/python3.10/site-packages/triton/runtime/autotuner.py", line 146, in kernel_call\n    self.fn.run(\n  File "/home/lijiaxing/.conda/envs/api/lib/python3.10/site-packages/triton/runtime/jit.py", line 594, in run\n    kernel = self.compile(src, target=target, options=options.__dict__)\n  File "/home/lijiaxing/.conda/envs/api/lib/python3.10/site-packages/triton/compiler/compiler.py", line 339, in compile\n    module = src.make_ir(options, codegen_fns, module_map, context)\n  File "/home/lijiaxing/.conda/envs/api/lib/python3.10/site-packages/triton/compiler/compiler.py", line 83, in make_ir\n    return ast_to_ttir(self.fn, self, context=context, options=options, codegen_fns=codegen_fns,\ntriton.compiler.errors.CompilationError: at 20:4:\n    pid0 = tl.program_id(0)\n    pid1 = tl.program_id(1)\n\n    offs_m = pid0 * BLOCK_M + tl.arange(0, BLOCK_M)\n    offs_n = pid1 * BLOCK_N + tl.arange(0, BLOCK_N)\n    offs_k = tl.arange(0, BLOCK_K)\n\n    a_ptrs = a_ptr + offs_m[:, None] * stride_am + offs_k[None, :] * stride_ak\n    b_ptrs = b_ptr + offs_k[:, None] * stride_bk + offs_n[None, :] * stride_bn\n\n    acc = tl.zeros((BLOCK_M, BLOCK_N), dtype=tl.float16)\n    for k in range(0, tl.cdiv(K, BLOCK_K)):\n    ^\nAssertionError("Loop-carried variable acc has initial type <[\'128\', \'128\'], fp16> but is re-assigned to <[\'128\', \'128\'], fp32> in loop! Please make sure that the type stays consistent.")\n\n\nThe above exception was the direct cause of the following exception:\n\nAssertionError: Loop-carried variable acc has initial type <[\'128\', \'128\'], fp16> but is re-assigned to <[\'128\', \'128\'], fp32> in loop! Please make sure that the type stays consistent.\n', 'runtime_error_name': 'triton.compiler.errors.CompilationError', 'reference_timing_ms': 0.0331, 'speed_up': -1.0, 'custom_timing': -1.0}, 'runtime': -1.0, 'runtime_stats': {}}}
2025-08-12 18:52:34,784 - openevolve.threaded_parallel - INFO - Evolution completed
2025-08-12 18:52:34,795 - openevolve.threaded_parallel - INFO - Stopped thread pool
2025-08-12 18:52:34,795 - openevolve.threaded_parallel - INFO - Stopped improved parallel controller
2025-08-12 18:52:34,795 - openevolve.controller - INFO - Using tracked best program: 75faa1bd-ff3b-47b8-bc01-a56aee63f7a9
2025-08-12 18:52:34,795 - openevolve.controller - INFO - Evolution complete. Best program has metrics: compiled=1.0000, correctness=1.0000, stage=success, passed=0.0000, score=20.0000, speed_up=0.0470, runtime_ms=0.6980, meta={'hardware': 'NVIDIA L20Y', 'device': 'cuda:6', 'correctness_trials': '(5 / 5)', 'reference_timing_ms': 0.0331, 'speed_up': 0.047, 'custom_timing': 0.698}
2025-08-12 18:52:34,810 - openevolve.controller - INFO - Saved best program to openevolve_output/level1_7_Matmul_with_small_K_dimension_/best/best_program.py with program info to openevolve_output/level1_7_Matmul_with_small_K_dimension_/best/best_program_info.json
2025-08-12 18:52:34,810 - __main__ - INFO - âœ… å®Œæˆ level1_7_Matmul_with_small_K_dimension_
2025-08-12 18:52:34,810 - __main__ - INFO - ======================================================================
2025-08-12 18:52:34,810 - __main__ - INFO - ðŸš€ [5/10] å¼€å§‹ level2_16_ConvTranspose2d_Mish_Add_Hardtanh_Scaling
2025-08-12 18:52:34,810 - __main__ - INFO - ======================================================================
2025-08-12 18:52:34,811 - __main__ - INFO - âœ… å®Œæˆ level2_16_ConvTranspose2d_Mish_Add_Hardtanh_Scaling
2025-08-12 18:52:34,811 - __main__ - INFO - ======================================================================
2025-08-12 18:52:34,811 - __main__ - INFO - ðŸš€ [6/10] å¼€å§‹ level2_43_Conv3d_Max_LogSumExp_ReLU
2025-08-12 18:52:34,811 - __main__ - INFO - ======================================================================
2025-08-12 18:52:34,812 - __main__ - INFO - âœ… å®Œæˆ level2_43_Conv3d_Max_LogSumExp_ReLU
2025-08-12 18:52:34,812 - __main__ - INFO - ======================================================================
2025-08-12 18:52:34,812 - __main__ - INFO - ðŸš€ [7/10] å¼€å§‹ level2_70_Gemm_Sigmoid_Scaling_ResidualAdd
2025-08-12 18:52:34,812 - __main__ - INFO - ======================================================================
2025-08-12 18:52:34,813 - __main__ - INFO - âœ… å®Œæˆ level2_70_Gemm_Sigmoid_Scaling_ResidualAdd
2025-08-12 18:52:34,813 - __main__ - INFO - ======================================================================
2025-08-12 18:52:34,813 - __main__ - INFO - ðŸš€ [8/10] å¼€å§‹ level2_98_Matmul_AvgPool_GELU_Scale_Max
2025-08-12 18:52:34,813 - __main__ - INFO - ======================================================================
2025-08-12 18:52:34,813 - __main__ - INFO - âœ… å®Œæˆ level2_98_Matmul_AvgPool_GELU_Scale_Max
2025-08-12 18:52:34,813 - __main__ - INFO - ======================================================================
2025-08-12 18:52:34,814 - __main__ - INFO - ðŸš€ [9/10] å¼€å§‹ level3_35_LTSM
2025-08-12 18:52:34,814 - __main__ - INFO - ======================================================================
2025-08-12 18:52:34,814 - __main__ - INFO - âœ… å®Œæˆ level3_35_LTSM
2025-08-12 18:52:34,814 - __main__ - INFO - ======================================================================
2025-08-12 18:52:34,814 - __main__ - INFO - ðŸš€ [10/10] å¼€å§‹ level4_17_facebook-bart-large_bs1024_seq32
2025-08-12 18:52:34,814 - __main__ - INFO - ======================================================================
2025-08-12 18:52:34,855 - openevolve.controller - INFO - Logging to openevolve_output/level4_17_facebook-bart-large_bs1024_seq32/logs/openevolve_20250812_185234.log
2025-08-12 18:52:34,856 - openevolve.controller - INFO - Set random seed to 42 for reproducibility
2025-08-12 18:52:34,897 - openevolve.llm.ensemble - INFO - Initialized LLM ensemble with models: deepseek (weight: 0.80), deepseek (weight: 0.20)
2025-08-12 18:52:34,936 - openevolve.llm.ensemble - INFO - Initialized LLM ensemble with models: deepseek (weight: 0.80), deepseek (weight: 0.20)
2025-08-12 18:52:34,936 - openevolve.prompt.sampler - INFO - Set custom templates: system=evaluator_system_message, user=None
2025-08-12 18:52:34,936 - openevolve.database - INFO - Initialized program database with 0 programs
2025-08-12 18:52:34,961 - openevolve.evaluator - INFO - Successfully loaded evaluation function from openevolve_output/level4_17_facebook-bart-large_bs1024_seq32/evaluation.py
2025-08-12 18:52:34,961 - openevolve.evaluator - INFO - Initialized evaluator with openevolve_output/level4_17_facebook-bart-large_bs1024_seq32/evaluation.py
2025-08-12 18:52:34,961 - openevolve.controller - INFO - Initialized OpenEvolve with /tmp/e7dc9806ebbdd9c69a80bb3bb67cdae2.py
2025-08-12 18:52:34,961 - openevolve.controller - INFO - Adding initial program to database
2025-08-12 18:52:34,963 - openevolve.RemoteSpeedupEvaluator - INFO - [level4_17_facebook-bart-large_bs1024_seq32] verify_plus payload: reference_code(719 chars) + custom_code(840 chars)
2025-08-12 18:52:49,309 - openevolve.RemoteSpeedupEvaluator - INFO - [level4_17_facebook-bart-large_bs1024_seq32] verify_plus request success
2025-08-12 18:52:49,309 - openevolve.RemoteSpeedupEvaluator - INFO - [level4_17_facebook-bart-large_bs1024_seq32] verify_plus response: {"id":"level4_17_facebook-bart-large_bs1024_seq32","result":{"error":"We couldn't connect to 'https://huggingface.co' to load the files, and couldn't find them in the cached files.\nCheck your internet connection or see how to run the library in offline mode at 'https://huggingface.co/docs/transformers/installation#offline-mode'.\nTraceback (most recent call last):\n  File \"/home/lijiaxing/.conda/envs/api/lib/python3.10/site-packages/urllib3/connection.py\", line 198, in _new_conn\n    sock = connection.create_connection(\n  File \"/home/lijiaxing/.conda/envs/api/lib/python3.10/site-packages/urllib3/util/connection.py\", line 85, in create_connection\n    raise err\n  File \"/home/lijiaxing/.conda/envs/api/lib/python3.10/site-packages/urllib3/util/connection.py\", line 73, in create_conne
2025-08-12 18:52:49,309 - openevolve.evaluator - WARNING - Evaluation attempt 1/4 failed for program fef0c955-0763-4086-9529-ead52433a6ac: Error: The reference code is not valid or correct. The verify result is: {'error': 'We couldn\'t connect to \'https://huggingface.co\' to load the files, and couldn\'t find them in the cached files.\nCheck your internet connection or see how to run the library in offline mode at \'https://huggingface.co/docs/transformers/installation#offline-mode\'.\nTraceback (most recent call last):\n  File "/home/lijiaxing/.conda/envs/api/lib/python3.10/site-packages/urllib3/connection.py", line 198, in _new_conn\n    sock = connection.create_connection(\n  File "/home/lijiaxing/.conda/envs/api/lib/python3.10/site-packages/urllib3/util/connection.py", line 85, in create_connection\n    raise err\n  File "/home/lijiaxing/.conda/envs/api/lib/python3.10/site-packages/urllib3/util/connection.py", line 73, in create_connection\n    sock.connect(sa)\nOSError: [Errno 101] Network is unreachable\n\nThe above exception was the direct cause of the following exception:\n\nTraceback (most recent call last):\n  File "/home/lijiaxing/.conda/envs/api/lib/python3.10/site-packages/urllib3/connectionpool.py", line 787, in urlopen\n    response = self._make_request(\n  File "/home/lijiaxing/.conda/envs/api/lib/python3.10/site-packages/urllib3/connectionpool.py", line 488, in _make_request\n    raise new_e\n  File "/home/lijiaxing/.conda/envs/api/lib/python3.10/site-packages/urllib3/connectionpool.py", line 464, in _make_request\n    self._validate_conn(conn)\n  File "/home/lijiaxing/.conda/envs/api/lib/python3.10/site-packages/urllib3/connectionpool.py", line 1093, in _validate_conn\n    conn.connect()\n  File "/home/lijiaxing/.conda/envs/api/lib/python3.10/site-packages/urllib3/connection.py", line 753, in connect\n    self.sock = sock = self._new_conn()\n  File "/home/lijiaxing/.conda/envs/api/lib/python3.10/site-packages/urllib3/connection.py", line 213, in _new_conn\n    raise NewConnectionError(\nurllib3.exceptions.NewConnectionError: <urllib3.connection.HTTPSConnection object at 0x7f72734b5450>: Failed to establish a new connection: [Errno 101] Network is unreachable\n\nThe above exception was the direct cause of the following exception:\n\nTraceback (most recent call last):\n  File "/home/lijiaxing/.conda/envs/api/lib/python3.10/site-packages/requests/adapters.py", line 667, in send\n    resp = conn.urlopen(\n  File "/home/lijiaxing/.conda/envs/api/lib/python3.10/site-packages/urllib3/connectionpool.py", line 841, in urlopen\n    retries = retries.increment(\n  File "/home/lijiaxing/.conda/envs/api/lib/python3.10/site-packages/urllib3/util/retry.py", line 519, in increment\n    raise MaxRetryError(_pool, url, reason) from reason  # type: ignore[arg-type]\nurllib3.exceptions.MaxRetryError: HTTPSConnectionPool(host=\'huggingface.co\', port=443): Max retries exceeded with url: /facebook/bart-large/resolve/main/config.json (Caused by NewConnectionError(\'<urllib3.connection.HTTPSConnection object at 0x7f72734b5450>: Failed to establish a new connection: [Errno 101] Network is unreachable\'))\n\nDuring handling of the above exception, another exception occurred:\n\nTraceback (most recent call last):\n  File "/home/lijiaxing/.conda/envs/api/lib/python3.10/site-packages/huggingface_hub/file_download.py", line 1546, in _get_metadata_or_catch_error\n    metadata = get_hf_file_metadata(\n  File "/home/lijiaxing/.conda/envs/api/lib/python3.10/site-packages/huggingface_hub/utils/_validators.py", line 114, in _inner_fn\n    return fn(*args, **kwargs)\n  File "/home/lijiaxing/.conda/envs/api/lib/python3.10/site-packages/huggingface_hub/file_download.py", line 1463, in get_hf_file_metadata\n    r = _request_wrapper(\n  File "/home/lijiaxing/.conda/envs/api/lib/python3.10/site-packages/huggingface_hub/file_download.py", line 286, in _request_wrapper\n    response = _request_wrapper(\n  File "/home/lijiaxing/.conda/envs/api/lib/python3.10/site-packages/huggingface_hub/file_download.py", line 309, in _request_wrapper\n    response = http_backoff(method=method, url=url, **params, retry_on_exceptions=(), retry_on_status_codes=(429,))\n  File "/home/lijiaxing/.conda/envs/api/lib/python3.10/site-packages/huggingface_hub/utils/_http.py", line 310, in http_backoff\n    response = session.request(method=method, url=url, **kwargs)\n  File "/home/lijiaxing/.conda/envs/api/lib/python3.10/site-packages/requests/sessions.py", line 589, in request\n    resp = self.send(prep, **send_kwargs)\n  File "/home/lijiaxing/.conda/envs/api/lib/python3.10/site-packages/requests/sessions.py", line 703, in send\n    r = adapter.send(request, **kwargs)\n  File "/home/lijiaxing/.conda/envs/api/lib/python3.10/site-packages/huggingface_hub/utils/_http.py", line 96, in send\n    return super().send(request, *args, **kwargs)\n  File "/home/lijiaxing/.conda/envs/api/lib/python3.10/site-packages/requests/adapters.py", line 700, in send\n    raise ConnectionError(e, request=request)\nrequests.exceptions.ConnectionError: (MaxRetryError("HTTPSConnectionPool(host=\'huggingface.co\', port=443): Max retries exceeded with url: /facebook/bart-large/resolve/main/config.json (Caused by NewConnectionError(\'<urllib3.connection.HTTPSConnection object at 0x7f72734b5450>: Failed to establish a new connection: [Errno 101] Network is unreachable\'))"), \'(Request ID: 2a02d625-8e86-4014-b0ff-680f47533ec7)\')\n\nThe above exception was the direct cause of the following exception:\n\nTraceback (most recent call last):\n  File "/home/lijiaxing/.conda/envs/api/lib/python3.10/site-packages/transformers/utils/hub.py", line 479, in cached_files\n    hf_hub_download(\n  File "/home/lijiaxing/.conda/envs/api/lib/python3.10/site-packages/huggingface_hub/utils/_validators.py", line 114, in _inner_fn\n    return fn(*args, **kwargs)\n  File "/home/lijiaxing/.conda/envs/api/lib/python3.10/site-packages/huggingface_hub/file_download.py", line 1010, in hf_hub_download\n    return _hf_hub_download_to_cache_dir(\n  File "/home/lijiaxing/.conda/envs/api/lib/python3.10/site-packages/huggingface_hub/file_download.py", line 1117, in _hf_hub_download_to_cache_dir\n    _raise_on_head_call_error(head_call_error, force_download, local_files_only)\n  File "/home/lijiaxing/.conda/envs/api/lib/python3.10/site-packages/huggingface_hub/file_download.py", line 1661, in _raise_on_head_call_error\n    raise LocalEntryNotFoundError(\nhuggingface_hub.errors.LocalEntryNotFoundError: An error happened while trying to locate the file on the Hub and we cannot find the requested files in the local cache. Please check your connection and try again or make sure your Internet connection is on.\n\nThe above exception was the direct cause of the following exception:\n\nTraceback (most recent call last):\n  File "/cpfs01/shared/llm_kernel/hujiakai/KernelLLM/validation_api_server/evaluator.py", line 92, in _measure_perf_worker\n    exec(textwrap.dedent(code_src), temp_module.__dict__)\n  File "<string>", line 16, in <module>\n  File "/home/lijiaxing/.conda/envs/api/lib/python3.10/site-packages/transformers/models/auto/configuration_auto.py", line 1250, in from_pretrained\n    config_dict, unused_kwargs = PretrainedConfig.get_config_dict(pretrained_model_name_or_path, **kwargs)\n  File "/home/lijiaxing/.conda/envs/api/lib/python3.10/site-packages/transformers/configuration_utils.py", line 649, in get_config_dict\n    config_dict, kwargs = cls._get_config_dict(pretrained_model_name_or_path, **kwargs)\n  File "/home/lijiaxing/.conda/envs/api/lib/python3.10/site-packages/transformers/configuration_utils.py", line 708, in _get_config_dict\n    resolved_config_file = cached_file(\n  File "/home/lijiaxing/.conda/envs/api/lib/python3.10/site-packages/transformers/utils/hub.py", line 321, in cached_file\n    file = cached_files(path_or_repo_id=path_or_repo_id, filenames=[filename], **kwargs)\n  File "/home/lijiaxing/.conda/envs/api/lib/python3.10/site-packages/transformers/utils/hub.py", line 553, in cached_files\n    raise OSError(\nOSError: We couldn\'t connect to \'https://huggingface.co\' to load the files, and couldn\'t find them in the cached files.\nCheck your internet connection or see how to run the library in offline mode at \'https://huggingface.co/docs/transformers/installation#offline-mode\'.\n'}
2025-08-12 18:52:50,315 - openevolve.RemoteSpeedupEvaluator - INFO - [level4_17_facebook-bart-large_bs1024_seq32] verify_plus payload: reference_code(719 chars) + custom_code(840 chars)
2025-08-12 18:53:04,396 - openevolve.RemoteSpeedupEvaluator - INFO - [level4_17_facebook-bart-large_bs1024_seq32] verify_plus request success
2025-08-12 18:53:04,396 - openevolve.RemoteSpeedupEvaluator - INFO - [level4_17_facebook-bart-large_bs1024_seq32] verify_plus response: {"id":"level4_17_facebook-bart-large_bs1024_seq32","result":{"error":"We couldn't connect to 'https://huggingface.co' to load the files, and couldn't find them in the cached files.\nCheck your internet connection or see how to run the library in offline mode at 'https://huggingface.co/docs/transformers/installation#offline-mode'.\nTraceback (most recent call last):\n  File \"/home/lijiaxing/.conda/envs/api/lib/python3.10/site-packages/urllib3/connection.py\", line 198, in _new_conn\n    sock = connection.create_connection(\n  File \"/home/lijiaxing/.conda/envs/api/lib/python3.10/site-packages/urllib3/util/connection.py\", line 85, in create_connection\n    raise err\n  File \"/home/lijiaxing/.conda/envs/api/lib/python3.10/site-packages/urllib3/util/connection.py\", line 73, in create_conne
2025-08-12 18:53:04,397 - openevolve.evaluator - WARNING - Evaluation attempt 2/4 failed for program fef0c955-0763-4086-9529-ead52433a6ac: Error: The reference code is not valid or correct. The verify result is: {'error': 'We couldn\'t connect to \'https://huggingface.co\' to load the files, and couldn\'t find them in the cached files.\nCheck your internet connection or see how to run the library in offline mode at \'https://huggingface.co/docs/transformers/installation#offline-mode\'.\nTraceback (most recent call last):\n  File "/home/lijiaxing/.conda/envs/api/lib/python3.10/site-packages/urllib3/connection.py", line 198, in _new_conn\n    sock = connection.create_connection(\n  File "/home/lijiaxing/.conda/envs/api/lib/python3.10/site-packages/urllib3/util/connection.py", line 85, in create_connection\n    raise err\n  File "/home/lijiaxing/.conda/envs/api/lib/python3.10/site-packages/urllib3/util/connection.py", line 73, in create_connection\n    sock.connect(sa)\nOSError: [Errno 101] Network is unreachable\n\nThe above exception was the direct cause of the following exception:\n\nTraceback (most recent call last):\n  File "/home/lijiaxing/.conda/envs/api/lib/python3.10/site-packages/urllib3/connectionpool.py", line 787, in urlopen\n    response = self._make_request(\n  File "/home/lijiaxing/.conda/envs/api/lib/python3.10/site-packages/urllib3/connectionpool.py", line 488, in _make_request\n    raise new_e\n  File "/home/lijiaxing/.conda/envs/api/lib/python3.10/site-packages/urllib3/connectionpool.py", line 464, in _make_request\n    self._validate_conn(conn)\n  File "/home/lijiaxing/.conda/envs/api/lib/python3.10/site-packages/urllib3/connectionpool.py", line 1093, in _validate_conn\n    conn.connect()\n  File "/home/lijiaxing/.conda/envs/api/lib/python3.10/site-packages/urllib3/connection.py", line 753, in connect\n    self.sock = sock = self._new_conn()\n  File "/home/lijiaxing/.conda/envs/api/lib/python3.10/site-packages/urllib3/connection.py", line 213, in _new_conn\n    raise NewConnectionError(\nurllib3.exceptions.NewConnectionError: <urllib3.connection.HTTPSConnection object at 0x7f10f9eb5450>: Failed to establish a new connection: [Errno 101] Network is unreachable\n\nThe above exception was the direct cause of the following exception:\n\nTraceback (most recent call last):\n  File "/home/lijiaxing/.conda/envs/api/lib/python3.10/site-packages/requests/adapters.py", line 667, in send\n    resp = conn.urlopen(\n  File "/home/lijiaxing/.conda/envs/api/lib/python3.10/site-packages/urllib3/connectionpool.py", line 841, in urlopen\n    retries = retries.increment(\n  File "/home/lijiaxing/.conda/envs/api/lib/python3.10/site-packages/urllib3/util/retry.py", line 519, in increment\n    raise MaxRetryError(_pool, url, reason) from reason  # type: ignore[arg-type]\nurllib3.exceptions.MaxRetryError: HTTPSConnectionPool(host=\'huggingface.co\', port=443): Max retries exceeded with url: /facebook/bart-large/resolve/main/config.json (Caused by NewConnectionError(\'<urllib3.connection.HTTPSConnection object at 0x7f10f9eb5450>: Failed to establish a new connection: [Errno 101] Network is unreachable\'))\n\nDuring handling of the above exception, another exception occurred:\n\nTraceback (most recent call last):\n  File "/home/lijiaxing/.conda/envs/api/lib/python3.10/site-packages/huggingface_hub/file_download.py", line 1546, in _get_metadata_or_catch_error\n    metadata = get_hf_file_metadata(\n  File "/home/lijiaxing/.conda/envs/api/lib/python3.10/site-packages/huggingface_hub/utils/_validators.py", line 114, in _inner_fn\n    return fn(*args, **kwargs)\n  File "/home/lijiaxing/.conda/envs/api/lib/python3.10/site-packages/huggingface_hub/file_download.py", line 1463, in get_hf_file_metadata\n    r = _request_wrapper(\n  File "/home/lijiaxing/.conda/envs/api/lib/python3.10/site-packages/huggingface_hub/file_download.py", line 286, in _request_wrapper\n    response = _request_wrapper(\n  File "/home/lijiaxing/.conda/envs/api/lib/python3.10/site-packages/huggingface_hub/file_download.py", line 309, in _request_wrapper\n    response = http_backoff(method=method, url=url, **params, retry_on_exceptions=(), retry_on_status_codes=(429,))\n  File "/home/lijiaxing/.conda/envs/api/lib/python3.10/site-packages/huggingface_hub/utils/_http.py", line 310, in http_backoff\n    response = session.request(method=method, url=url, **kwargs)\n  File "/home/lijiaxing/.conda/envs/api/lib/python3.10/site-packages/requests/sessions.py", line 589, in request\n    resp = self.send(prep, **send_kwargs)\n  File "/home/lijiaxing/.conda/envs/api/lib/python3.10/site-packages/requests/sessions.py", line 703, in send\n    r = adapter.send(request, **kwargs)\n  File "/home/lijiaxing/.conda/envs/api/lib/python3.10/site-packages/huggingface_hub/utils/_http.py", line 96, in send\n    return super().send(request, *args, **kwargs)\n  File "/home/lijiaxing/.conda/envs/api/lib/python3.10/site-packages/requests/adapters.py", line 700, in send\n    raise ConnectionError(e, request=request)\nrequests.exceptions.ConnectionError: (MaxRetryError("HTTPSConnectionPool(host=\'huggingface.co\', port=443): Max retries exceeded with url: /facebook/bart-large/resolve/main/config.json (Caused by NewConnectionError(\'<urllib3.connection.HTTPSConnection object at 0x7f10f9eb5450>: Failed to establish a new connection: [Errno 101] Network is unreachable\'))"), \'(Request ID: baa310fc-611a-4cc9-b1e0-2b35737e795b)\')\n\nThe above exception was the direct cause of the following exception:\n\nTraceback (most recent call last):\n  File "/home/lijiaxing/.conda/envs/api/lib/python3.10/site-packages/transformers/utils/hub.py", line 479, in cached_files\n    hf_hub_download(\n  File "/home/lijiaxing/.conda/envs/api/lib/python3.10/site-packages/huggingface_hub/utils/_validators.py", line 114, in _inner_fn\n    return fn(*args, **kwargs)\n  File "/home/lijiaxing/.conda/envs/api/lib/python3.10/site-packages/huggingface_hub/file_download.py", line 1010, in hf_hub_download\n    return _hf_hub_download_to_cache_dir(\n  File "/home/lijiaxing/.conda/envs/api/lib/python3.10/site-packages/huggingface_hub/file_download.py", line 1117, in _hf_hub_download_to_cache_dir\n    _raise_on_head_call_error(head_call_error, force_download, local_files_only)\n  File "/home/lijiaxing/.conda/envs/api/lib/python3.10/site-packages/huggingface_hub/file_download.py", line 1661, in _raise_on_head_call_error\n    raise LocalEntryNotFoundError(\nhuggingface_hub.errors.LocalEntryNotFoundError: An error happened while trying to locate the file on the Hub and we cannot find the requested files in the local cache. Please check your connection and try again or make sure your Internet connection is on.\n\nThe above exception was the direct cause of the following exception:\n\nTraceback (most recent call last):\n  File "/cpfs01/shared/llm_kernel/hujiakai/KernelLLM/validation_api_server/evaluator.py", line 92, in _measure_perf_worker\n    exec(textwrap.dedent(code_src), temp_module.__dict__)\n  File "<string>", line 16, in <module>\n  File "/home/lijiaxing/.conda/envs/api/lib/python3.10/site-packages/transformers/models/auto/configuration_auto.py", line 1250, in from_pretrained\n    config_dict, unused_kwargs = PretrainedConfig.get_config_dict(pretrained_model_name_or_path, **kwargs)\n  File "/home/lijiaxing/.conda/envs/api/lib/python3.10/site-packages/transformers/configuration_utils.py", line 649, in get_config_dict\n    config_dict, kwargs = cls._get_config_dict(pretrained_model_name_or_path, **kwargs)\n  File "/home/lijiaxing/.conda/envs/api/lib/python3.10/site-packages/transformers/configuration_utils.py", line 708, in _get_config_dict\n    resolved_config_file = cached_file(\n  File "/home/lijiaxing/.conda/envs/api/lib/python3.10/site-packages/transformers/utils/hub.py", line 321, in cached_file\n    file = cached_files(path_or_repo_id=path_or_repo_id, filenames=[filename], **kwargs)\n  File "/home/lijiaxing/.conda/envs/api/lib/python3.10/site-packages/transformers/utils/hub.py", line 553, in cached_files\n    raise OSError(\nOSError: We couldn\'t connect to \'https://huggingface.co\' to load the files, and couldn\'t find them in the cached files.\nCheck your internet connection or see how to run the library in offline mode at \'https://huggingface.co/docs/transformers/installation#offline-mode\'.\n'}
2025-08-12 18:53:05,400 - openevolve.RemoteSpeedupEvaluator - INFO - [level4_17_facebook-bart-large_bs1024_seq32] verify_plus payload: reference_code(719 chars) + custom_code(840 chars)
2025-08-12 18:53:32,748 - openevolve.RemoteSpeedupEvaluator - INFO - [level4_17_facebook-bart-large_bs1024_seq32] verify_plus request success
2025-08-12 18:53:32,749 - openevolve.RemoteSpeedupEvaluator - INFO - [level4_17_facebook-bart-large_bs1024_seq32] verify_plus response: {"id":"level4_17_facebook-bart-large_bs1024_seq32","result":{"error":"We couldn't connect to 'https://huggingface.co' to load the files, and couldn't find them in the cached files.\nCheck your internet connection or see how to run the library in offline mode at 'https://huggingface.co/docs/transformers/installation#offline-mode'.\nTraceback (most recent call last):\n  File \"/home/lijiaxing/.conda/envs/api/lib/python3.10/site-packages/urllib3/connection.py\", line 198, in _new_conn\n    sock = connection.create_connection(\n  File \"/home/lijiaxing/.conda/envs/api/lib/python3.10/site-packages/urllib3/util/connection.py\", line 85, in create_connection\n    raise err\n  File \"/home/lijiaxing/.conda/envs/api/lib/python3.10/site-packages/urllib3/util/connection.py\", line 73, in create_conne
2025-08-12 18:53:32,749 - openevolve.evaluator - WARNING - Evaluation attempt 3/4 failed for program fef0c955-0763-4086-9529-ead52433a6ac: Error: The reference code is not valid or correct. The verify result is: {'error': 'We couldn\'t connect to \'https://huggingface.co\' to load the files, and couldn\'t find them in the cached files.\nCheck your internet connection or see how to run the library in offline mode at \'https://huggingface.co/docs/transformers/installation#offline-mode\'.\nTraceback (most recent call last):\n  File "/home/lijiaxing/.conda/envs/api/lib/python3.10/site-packages/urllib3/connection.py", line 198, in _new_conn\n    sock = connection.create_connection(\n  File "/home/lijiaxing/.conda/envs/api/lib/python3.10/site-packages/urllib3/util/connection.py", line 85, in create_connection\n    raise err\n  File "/home/lijiaxing/.conda/envs/api/lib/python3.10/site-packages/urllib3/util/connection.py", line 73, in create_connection\n    sock.connect(sa)\nOSError: [Errno 101] Network is unreachable\n\nThe above exception was the direct cause of the following exception:\n\nTraceback (most recent call last):\n  File "/home/lijiaxing/.conda/envs/api/lib/python3.10/site-packages/urllib3/connectionpool.py", line 787, in urlopen\n    response = self._make_request(\n  File "/home/lijiaxing/.conda/envs/api/lib/python3.10/site-packages/urllib3/connectionpool.py", line 488, in _make_request\n    raise new_e\n  File "/home/lijiaxing/.conda/envs/api/lib/python3.10/site-packages/urllib3/connectionpool.py", line 464, in _make_request\n    self._validate_conn(conn)\n  File "/home/lijiaxing/.conda/envs/api/lib/python3.10/site-packages/urllib3/connectionpool.py", line 1093, in _validate_conn\n    conn.connect()\n  File "/home/lijiaxing/.conda/envs/api/lib/python3.10/site-packages/urllib3/connection.py", line 753, in connect\n    self.sock = sock = self._new_conn()\n  File "/home/lijiaxing/.conda/envs/api/lib/python3.10/site-packages/urllib3/connection.py", line 213, in _new_conn\n    raise NewConnectionError(\nurllib3.exceptions.NewConnectionError: <urllib3.connection.HTTPSConnection object at 0x7f4b1f4b1420>: Failed to establish a new connection: [Errno 101] Network is unreachable\n\nThe above exception was the direct cause of the following exception:\n\nTraceback (most recent call last):\n  File "/home/lijiaxing/.conda/envs/api/lib/python3.10/site-packages/requests/adapters.py", line 667, in send\n    resp = conn.urlopen(\n  File "/home/lijiaxing/.conda/envs/api/lib/python3.10/site-packages/urllib3/connectionpool.py", line 841, in urlopen\n    retries = retries.increment(\n  File "/home/lijiaxing/.conda/envs/api/lib/python3.10/site-packages/urllib3/util/retry.py", line 519, in increment\n    raise MaxRetryError(_pool, url, reason) from reason  # type: ignore[arg-type]\nurllib3.exceptions.MaxRetryError: HTTPSConnectionPool(host=\'huggingface.co\', port=443): Max retries exceeded with url: /facebook/bart-large/resolve/main/config.json (Caused by NewConnectionError(\'<urllib3.connection.HTTPSConnection object at 0x7f4b1f4b1420>: Failed to establish a new connection: [Errno 101] Network is unreachable\'))\n\nDuring handling of the above exception, another exception occurred:\n\nTraceback (most recent call last):\n  File "/home/lijiaxing/.conda/envs/api/lib/python3.10/site-packages/huggingface_hub/file_download.py", line 1546, in _get_metadata_or_catch_error\n    metadata = get_hf_file_metadata(\n  File "/home/lijiaxing/.conda/envs/api/lib/python3.10/site-packages/huggingface_hub/utils/_validators.py", line 114, in _inner_fn\n    return fn(*args, **kwargs)\n  File "/home/lijiaxing/.conda/envs/api/lib/python3.10/site-packages/huggingface_hub/file_download.py", line 1463, in get_hf_file_metadata\n    r = _request_wrapper(\n  File "/home/lijiaxing/.conda/envs/api/lib/python3.10/site-packages/huggingface_hub/file_download.py", line 286, in _request_wrapper\n    response = _request_wrapper(\n  File "/home/lijiaxing/.conda/envs/api/lib/python3.10/site-packages/huggingface_hub/file_download.py", line 309, in _request_wrapper\n    response = http_backoff(method=method, url=url, **params, retry_on_exceptions=(), retry_on_status_codes=(429,))\n  File "/home/lijiaxing/.conda/envs/api/lib/python3.10/site-packages/huggingface_hub/utils/_http.py", line 310, in http_backoff\n    response = session.request(method=method, url=url, **kwargs)\n  File "/home/lijiaxing/.conda/envs/api/lib/python3.10/site-packages/requests/sessions.py", line 589, in request\n    resp = self.send(prep, **send_kwargs)\n  File "/home/lijiaxing/.conda/envs/api/lib/python3.10/site-packages/requests/sessions.py", line 703, in send\n    r = adapter.send(request, **kwargs)\n  File "/home/lijiaxing/.conda/envs/api/lib/python3.10/site-packages/huggingface_hub/utils/_http.py", line 96, in send\n    return super().send(request, *args, **kwargs)\n  File "/home/lijiaxing/.conda/envs/api/lib/python3.10/site-packages/requests/adapters.py", line 700, in send\n    raise ConnectionError(e, request=request)\nrequests.exceptions.ConnectionError: (MaxRetryError("HTTPSConnectionPool(host=\'huggingface.co\', port=443): Max retries exceeded with url: /facebook/bart-large/resolve/main/config.json (Caused by NewConnectionError(\'<urllib3.connection.HTTPSConnection object at 0x7f4b1f4b1420>: Failed to establish a new connection: [Errno 101] Network is unreachable\'))"), \'(Request ID: 8302d5d5-2db1-4340-9fa2-98e1cf045d88)\')\n\nThe above exception was the direct cause of the following exception:\n\nTraceback (most recent call last):\n  File "/home/lijiaxing/.conda/envs/api/lib/python3.10/site-packages/transformers/utils/hub.py", line 479, in cached_files\n    hf_hub_download(\n  File "/home/lijiaxing/.conda/envs/api/lib/python3.10/site-packages/huggingface_hub/utils/_validators.py", line 114, in _inner_fn\n    return fn(*args, **kwargs)\n  File "/home/lijiaxing/.conda/envs/api/lib/python3.10/site-packages/huggingface_hub/file_download.py", line 1010, in hf_hub_download\n    return _hf_hub_download_to_cache_dir(\n  File "/home/lijiaxing/.conda/envs/api/lib/python3.10/site-packages/huggingface_hub/file_download.py", line 1117, in _hf_hub_download_to_cache_dir\n    _raise_on_head_call_error(head_call_error, force_download, local_files_only)\n  File "/home/lijiaxing/.conda/envs/api/lib/python3.10/site-packages/huggingface_hub/file_download.py", line 1661, in _raise_on_head_call_error\n    raise LocalEntryNotFoundError(\nhuggingface_hub.errors.LocalEntryNotFoundError: An error happened while trying to locate the file on the Hub and we cannot find the requested files in the local cache. Please check your connection and try again or make sure your Internet connection is on.\n\nThe above exception was the direct cause of the following exception:\n\nTraceback (most recent call last):\n  File "/cpfs01/shared/llm_kernel/hujiakai/KernelLLM/validation_api_server/evaluator.py", line 92, in _measure_perf_worker\n    exec(textwrap.dedent(code_src), temp_module.__dict__)\n  File "<string>", line 16, in <module>\n  File "/home/lijiaxing/.conda/envs/api/lib/python3.10/site-packages/transformers/models/auto/configuration_auto.py", line 1250, in from_pretrained\n    config_dict, unused_kwargs = PretrainedConfig.get_config_dict(pretrained_model_name_or_path, **kwargs)\n  File "/home/lijiaxing/.conda/envs/api/lib/python3.10/site-packages/transformers/configuration_utils.py", line 649, in get_config_dict\n    config_dict, kwargs = cls._get_config_dict(pretrained_model_name_or_path, **kwargs)\n  File "/home/lijiaxing/.conda/envs/api/lib/python3.10/site-packages/transformers/configuration_utils.py", line 708, in _get_config_dict\n    resolved_config_file = cached_file(\n  File "/home/lijiaxing/.conda/envs/api/lib/python3.10/site-packages/transformers/utils/hub.py", line 321, in cached_file\n    file = cached_files(path_or_repo_id=path_or_repo_id, filenames=[filename], **kwargs)\n  File "/home/lijiaxing/.conda/envs/api/lib/python3.10/site-packages/transformers/utils/hub.py", line 553, in cached_files\n    raise OSError(\nOSError: We couldn\'t connect to \'https://huggingface.co\' to load the files, and couldn\'t find them in the cached files.\nCheck your internet connection or see how to run the library in offline mode at \'https://huggingface.co/docs/transformers/installation#offline-mode\'.\n'}
2025-08-12 18:53:33,754 - openevolve.RemoteSpeedupEvaluator - INFO - [level4_17_facebook-bart-large_bs1024_seq32] verify_plus payload: reference_code(719 chars) + custom_code(840 chars)
2025-08-12 18:54:01,611 - openevolve.RemoteSpeedupEvaluator - INFO - [level4_17_facebook-bart-large_bs1024_seq32] verify_plus request success
2025-08-12 18:54:01,611 - openevolve.RemoteSpeedupEvaluator - INFO - [level4_17_facebook-bart-large_bs1024_seq32] verify_plus response: {"id":"level4_17_facebook-bart-large_bs1024_seq32","result":{"error":"We couldn't connect to 'https://huggingface.co' to load the files, and couldn't find them in the cached files.\nCheck your internet connection or see how to run the library in offline mode at 'https://huggingface.co/docs/transformers/installation#offline-mode'.\nTraceback (most recent call last):\n  File \"/home/lijiaxing/.conda/envs/api/lib/python3.10/site-packages/urllib3/connection.py\", line 198, in _new_conn\n    sock = connection.create_connection(\n  File \"/home/lijiaxing/.conda/envs/api/lib/python3.10/site-packages/urllib3/util/connection.py\", line 85, in create_connection\n    raise err\n  File \"/home/lijiaxing/.conda/envs/api/lib/python3.10/site-packages/urllib3/util/connection.py\", line 73, in create_conne
2025-08-12 18:54:01,612 - openevolve.evaluator - WARNING - Evaluation attempt 4/4 failed for program fef0c955-0763-4086-9529-ead52433a6ac: Error: The reference code is not valid or correct. The verify result is: {'error': 'We couldn\'t connect to \'https://huggingface.co\' to load the files, and couldn\'t find them in the cached files.\nCheck your internet connection or see how to run the library in offline mode at \'https://huggingface.co/docs/transformers/installation#offline-mode\'.\nTraceback (most recent call last):\n  File "/home/lijiaxing/.conda/envs/api/lib/python3.10/site-packages/urllib3/connection.py", line 198, in _new_conn\n    sock = connection.create_connection(\n  File "/home/lijiaxing/.conda/envs/api/lib/python3.10/site-packages/urllib3/util/connection.py", line 85, in create_connection\n    raise err\n  File "/home/lijiaxing/.conda/envs/api/lib/python3.10/site-packages/urllib3/util/connection.py", line 73, in create_connection\n    sock.connect(sa)\nOSError: [Errno 101] Network is unreachable\n\nThe above exception was the direct cause of the following exception:\n\nTraceback (most recent call last):\n  File "/home/lijiaxing/.conda/envs/api/lib/python3.10/site-packages/urllib3/connectionpool.py", line 787, in urlopen\n    response = self._make_request(\n  File "/home/lijiaxing/.conda/envs/api/lib/python3.10/site-packages/urllib3/connectionpool.py", line 488, in _make_request\n    raise new_e\n  File "/home/lijiaxing/.conda/envs/api/lib/python3.10/site-packages/urllib3/connectionpool.py", line 464, in _make_request\n    self._validate_conn(conn)\n  File "/home/lijiaxing/.conda/envs/api/lib/python3.10/site-packages/urllib3/connectionpool.py", line 1093, in _validate_conn\n    conn.connect()\n  File "/home/lijiaxing/.conda/envs/api/lib/python3.10/site-packages/urllib3/connection.py", line 753, in connect\n    self.sock = sock = self._new_conn()\n  File "/home/lijiaxing/.conda/envs/api/lib/python3.10/site-packages/urllib3/connection.py", line 213, in _new_conn\n    raise NewConnectionError(\nurllib3.exceptions.NewConnectionError: <urllib3.connection.HTTPSConnection object at 0x7f79182ad420>: Failed to establish a new connection: [Errno 101] Network is unreachable\n\nThe above exception was the direct cause of the following exception:\n\nTraceback (most recent call last):\n  File "/home/lijiaxing/.conda/envs/api/lib/python3.10/site-packages/requests/adapters.py", line 667, in send\n    resp = conn.urlopen(\n  File "/home/lijiaxing/.conda/envs/api/lib/python3.10/site-packages/urllib3/connectionpool.py", line 841, in urlopen\n    retries = retries.increment(\n  File "/home/lijiaxing/.conda/envs/api/lib/python3.10/site-packages/urllib3/util/retry.py", line 519, in increment\n    raise MaxRetryError(_pool, url, reason) from reason  # type: ignore[arg-type]\nurllib3.exceptions.MaxRetryError: HTTPSConnectionPool(host=\'huggingface.co\', port=443): Max retries exceeded with url: /facebook/bart-large/resolve/main/config.json (Caused by NewConnectionError(\'<urllib3.connection.HTTPSConnection object at 0x7f79182ad420>: Failed to establish a new connection: [Errno 101] Network is unreachable\'))\n\nDuring handling of the above exception, another exception occurred:\n\nTraceback (most recent call last):\n  File "/home/lijiaxing/.conda/envs/api/lib/python3.10/site-packages/huggingface_hub/file_download.py", line 1546, in _get_metadata_or_catch_error\n    metadata = get_hf_file_metadata(\n  File "/home/lijiaxing/.conda/envs/api/lib/python3.10/site-packages/huggingface_hub/utils/_validators.py", line 114, in _inner_fn\n    return fn(*args, **kwargs)\n  File "/home/lijiaxing/.conda/envs/api/lib/python3.10/site-packages/huggingface_hub/file_download.py", line 1463, in get_hf_file_metadata\n    r = _request_wrapper(\n  File "/home/lijiaxing/.conda/envs/api/lib/python3.10/site-packages/huggingface_hub/file_download.py", line 286, in _request_wrapper\n    response = _request_wrapper(\n  File "/home/lijiaxing/.conda/envs/api/lib/python3.10/site-packages/huggingface_hub/file_download.py", line 309, in _request_wrapper\n    response = http_backoff(method=method, url=url, **params, retry_on_exceptions=(), retry_on_status_codes=(429,))\n  File "/home/lijiaxing/.conda/envs/api/lib/python3.10/site-packages/huggingface_hub/utils/_http.py", line 310, in http_backoff\n    response = session.request(method=method, url=url, **kwargs)\n  File "/home/lijiaxing/.conda/envs/api/lib/python3.10/site-packages/requests/sessions.py", line 589, in request\n    resp = self.send(prep, **send_kwargs)\n  File "/home/lijiaxing/.conda/envs/api/lib/python3.10/site-packages/requests/sessions.py", line 703, in send\n    r = adapter.send(request, **kwargs)\n  File "/home/lijiaxing/.conda/envs/api/lib/python3.10/site-packages/huggingface_hub/utils/_http.py", line 96, in send\n    return super().send(request, *args, **kwargs)\n  File "/home/lijiaxing/.conda/envs/api/lib/python3.10/site-packages/requests/adapters.py", line 700, in send\n    raise ConnectionError(e, request=request)\nrequests.exceptions.ConnectionError: (MaxRetryError("HTTPSConnectionPool(host=\'huggingface.co\', port=443): Max retries exceeded with url: /facebook/bart-large/resolve/main/config.json (Caused by NewConnectionError(\'<urllib3.connection.HTTPSConnection object at 0x7f79182ad420>: Failed to establish a new connection: [Errno 101] Network is unreachable\'))"), \'(Request ID: d511039f-1590-4400-b331-733d3b113181)\')\n\nThe above exception was the direct cause of the following exception:\n\nTraceback (most recent call last):\n  File "/home/lijiaxing/.conda/envs/api/lib/python3.10/site-packages/transformers/utils/hub.py", line 479, in cached_files\n    hf_hub_download(\n  File "/home/lijiaxing/.conda/envs/api/lib/python3.10/site-packages/huggingface_hub/utils/_validators.py", line 114, in _inner_fn\n    return fn(*args, **kwargs)\n  File "/home/lijiaxing/.conda/envs/api/lib/python3.10/site-packages/huggingface_hub/file_download.py", line 1010, in hf_hub_download\n    return _hf_hub_download_to_cache_dir(\n  File "/home/lijiaxing/.conda/envs/api/lib/python3.10/site-packages/huggingface_hub/file_download.py", line 1117, in _hf_hub_download_to_cache_dir\n    _raise_on_head_call_error(head_call_error, force_download, local_files_only)\n  File "/home/lijiaxing/.conda/envs/api/lib/python3.10/site-packages/huggingface_hub/file_download.py", line 1661, in _raise_on_head_call_error\n    raise LocalEntryNotFoundError(\nhuggingface_hub.errors.LocalEntryNotFoundError: An error happened while trying to locate the file on the Hub and we cannot find the requested files in the local cache. Please check your connection and try again or make sure your Internet connection is on.\n\nThe above exception was the direct cause of the following exception:\n\nTraceback (most recent call last):\n  File "/cpfs01/shared/llm_kernel/hujiakai/KernelLLM/validation_api_server/evaluator.py", line 92, in _measure_perf_worker\n    exec(textwrap.dedent(code_src), temp_module.__dict__)\n  File "<string>", line 16, in <module>\n  File "/home/lijiaxing/.conda/envs/api/lib/python3.10/site-packages/transformers/models/auto/configuration_auto.py", line 1250, in from_pretrained\n    config_dict, unused_kwargs = PretrainedConfig.get_config_dict(pretrained_model_name_or_path, **kwargs)\n  File "/home/lijiaxing/.conda/envs/api/lib/python3.10/site-packages/transformers/configuration_utils.py", line 649, in get_config_dict\n    config_dict, kwargs = cls._get_config_dict(pretrained_model_name_or_path, **kwargs)\n  File "/home/lijiaxing/.conda/envs/api/lib/python3.10/site-packages/transformers/configuration_utils.py", line 708, in _get_config_dict\n    resolved_config_file = cached_file(\n  File "/home/lijiaxing/.conda/envs/api/lib/python3.10/site-packages/transformers/utils/hub.py", line 321, in cached_file\n    file = cached_files(path_or_repo_id=path_or_repo_id, filenames=[filename], **kwargs)\n  File "/home/lijiaxing/.conda/envs/api/lib/python3.10/site-packages/transformers/utils/hub.py", line 553, in cached_files\n    raise OSError(\nOSError: We couldn\'t connect to \'https://huggingface.co\' to load the files, and couldn\'t find them in the cached files.\nCheck your internet connection or see how to run the library in offline mode at \'https://huggingface.co/docs/transformers/installation#offline-mode\'.\n'}
2025-08-12 18:54:01,612 - openevolve.evaluator - ERROR - All evaluation attempts failed for program fef0c955-0763-4086-9529-ead52433a6ac. Last error: Error: The reference code is not valid or correct. The verify result is: {'error': 'We couldn\'t connect to \'https://huggingface.co\' to load the files, and couldn\'t find them in the cached files.\nCheck your internet connection or see how to run the library in offline mode at \'https://huggingface.co/docs/transformers/installation#offline-mode\'.\nTraceback (most recent call last):\n  File "/home/lijiaxing/.conda/envs/api/lib/python3.10/site-packages/urllib3/connection.py", line 198, in _new_conn\n    sock = connection.create_connection(\n  File "/home/lijiaxing/.conda/envs/api/lib/python3.10/site-packages/urllib3/util/connection.py", line 85, in create_connection\n    raise err\n  File "/home/lijiaxing/.conda/envs/api/lib/python3.10/site-packages/urllib3/util/connection.py", line 73, in create_connection\n    sock.connect(sa)\nOSError: [Errno 101] Network is unreachable\n\nThe above exception was the direct cause of the following exception:\n\nTraceback (most recent call last):\n  File "/home/lijiaxing/.conda/envs/api/lib/python3.10/site-packages/urllib3/connectionpool.py", line 787, in urlopen\n    response = self._make_request(\n  File "/home/lijiaxing/.conda/envs/api/lib/python3.10/site-packages/urllib3/connectionpool.py", line 488, in _make_request\n    raise new_e\n  File "/home/lijiaxing/.conda/envs/api/lib/python3.10/site-packages/urllib3/connectionpool.py", line 464, in _make_request\n    self._validate_conn(conn)\n  File "/home/lijiaxing/.conda/envs/api/lib/python3.10/site-packages/urllib3/connectionpool.py", line 1093, in _validate_conn\n    conn.connect()\n  File "/home/lijiaxing/.conda/envs/api/lib/python3.10/site-packages/urllib3/connection.py", line 753, in connect\n    self.sock = sock = self._new_conn()\n  File "/home/lijiaxing/.conda/envs/api/lib/python3.10/site-packages/urllib3/connection.py", line 213, in _new_conn\n    raise NewConnectionError(\nurllib3.exceptions.NewConnectionError: <urllib3.connection.HTTPSConnection object at 0x7f79182ad420>: Failed to establish a new connection: [Errno 101] Network is unreachable\n\nThe above exception was the direct cause of the following exception:\n\nTraceback (most recent call last):\n  File "/home/lijiaxing/.conda/envs/api/lib/python3.10/site-packages/requests/adapters.py", line 667, in send\n    resp = conn.urlopen(\n  File "/home/lijiaxing/.conda/envs/api/lib/python3.10/site-packages/urllib3/connectionpool.py", line 841, in urlopen\n    retries = retries.increment(\n  File "/home/lijiaxing/.conda/envs/api/lib/python3.10/site-packages/urllib3/util/retry.py", line 519, in increment\n    raise MaxRetryError(_pool, url, reason) from reason  # type: ignore[arg-type]\nurllib3.exceptions.MaxRetryError: HTTPSConnectionPool(host=\'huggingface.co\', port=443): Max retries exceeded with url: /facebook/bart-large/resolve/main/config.json (Caused by NewConnectionError(\'<urllib3.connection.HTTPSConnection object at 0x7f79182ad420>: Failed to establish a new connection: [Errno 101] Network is unreachable\'))\n\nDuring handling of the above exception, another exception occurred:\n\nTraceback (most recent call last):\n  File "/home/lijiaxing/.conda/envs/api/lib/python3.10/site-packages/huggingface_hub/file_download.py", line 1546, in _get_metadata_or_catch_error\n    metadata = get_hf_file_metadata(\n  File "/home/lijiaxing/.conda/envs/api/lib/python3.10/site-packages/huggingface_hub/utils/_validators.py", line 114, in _inner_fn\n    return fn(*args, **kwargs)\n  File "/home/lijiaxing/.conda/envs/api/lib/python3.10/site-packages/huggingface_hub/file_download.py", line 1463, in get_hf_file_metadata\n    r = _request_wrapper(\n  File "/home/lijiaxing/.conda/envs/api/lib/python3.10/site-packages/huggingface_hub/file_download.py", line 286, in _request_wrapper\n    response = _request_wrapper(\n  File "/home/lijiaxing/.conda/envs/api/lib/python3.10/site-packages/huggingface_hub/file_download.py", line 309, in _request_wrapper\n    response = http_backoff(method=method, url=url, **params, retry_on_exceptions=(), retry_on_status_codes=(429,))\n  File "/home/lijiaxing/.conda/envs/api/lib/python3.10/site-packages/huggingface_hub/utils/_http.py", line 310, in http_backoff\n    response = session.request(method=method, url=url, **kwargs)\n  File "/home/lijiaxing/.conda/envs/api/lib/python3.10/site-packages/requests/sessions.py", line 589, in request\n    resp = self.send(prep, **send_kwargs)\n  File "/home/lijiaxing/.conda/envs/api/lib/python3.10/site-packages/requests/sessions.py", line 703, in send\n    r = adapter.send(request, **kwargs)\n  File "/home/lijiaxing/.conda/envs/api/lib/python3.10/site-packages/huggingface_hub/utils/_http.py", line 96, in send\n    return super().send(request, *args, **kwargs)\n  File "/home/lijiaxing/.conda/envs/api/lib/python3.10/site-packages/requests/adapters.py", line 700, in send\n    raise ConnectionError(e, request=request)\nrequests.exceptions.ConnectionError: (MaxRetryError("HTTPSConnectionPool(host=\'huggingface.co\', port=443): Max retries exceeded with url: /facebook/bart-large/resolve/main/config.json (Caused by NewConnectionError(\'<urllib3.connection.HTTPSConnection object at 0x7f79182ad420>: Failed to establish a new connection: [Errno 101] Network is unreachable\'))"), \'(Request ID: d511039f-1590-4400-b331-733d3b113181)\')\n\nThe above exception was the direct cause of the following exception:\n\nTraceback (most recent call last):\n  File "/home/lijiaxing/.conda/envs/api/lib/python3.10/site-packages/transformers/utils/hub.py", line 479, in cached_files\n    hf_hub_download(\n  File "/home/lijiaxing/.conda/envs/api/lib/python3.10/site-packages/huggingface_hub/utils/_validators.py", line 114, in _inner_fn\n    return fn(*args, **kwargs)\n  File "/home/lijiaxing/.conda/envs/api/lib/python3.10/site-packages/huggingface_hub/file_download.py", line 1010, in hf_hub_download\n    return _hf_hub_download_to_cache_dir(\n  File "/home/lijiaxing/.conda/envs/api/lib/python3.10/site-packages/huggingface_hub/file_download.py", line 1117, in _hf_hub_download_to_cache_dir\n    _raise_on_head_call_error(head_call_error, force_download, local_files_only)\n  File "/home/lijiaxing/.conda/envs/api/lib/python3.10/site-packages/huggingface_hub/file_download.py", line 1661, in _raise_on_head_call_error\n    raise LocalEntryNotFoundError(\nhuggingface_hub.errors.LocalEntryNotFoundError: An error happened while trying to locate the file on the Hub and we cannot find the requested files in the local cache. Please check your connection and try again or make sure your Internet connection is on.\n\nThe above exception was the direct cause of the following exception:\n\nTraceback (most recent call last):\n  File "/cpfs01/shared/llm_kernel/hujiakai/KernelLLM/validation_api_server/evaluator.py", line 92, in _measure_perf_worker\n    exec(textwrap.dedent(code_src), temp_module.__dict__)\n  File "<string>", line 16, in <module>\n  File "/home/lijiaxing/.conda/envs/api/lib/python3.10/site-packages/transformers/models/auto/configuration_auto.py", line 1250, in from_pretrained\n    config_dict, unused_kwargs = PretrainedConfig.get_config_dict(pretrained_model_name_or_path, **kwargs)\n  File "/home/lijiaxing/.conda/envs/api/lib/python3.10/site-packages/transformers/configuration_utils.py", line 649, in get_config_dict\n    config_dict, kwargs = cls._get_config_dict(pretrained_model_name_or_path, **kwargs)\n  File "/home/lijiaxing/.conda/envs/api/lib/python3.10/site-packages/transformers/configuration_utils.py", line 708, in _get_config_dict\n    resolved_config_file = cached_file(\n  File "/home/lijiaxing/.conda/envs/api/lib/python3.10/site-packages/transformers/utils/hub.py", line 321, in cached_file\n    file = cached_files(path_or_repo_id=path_or_repo_id, filenames=[filename], **kwargs)\n  File "/home/lijiaxing/.conda/envs/api/lib/python3.10/site-packages/transformers/utils/hub.py", line 553, in cached_files\n    raise OSError(\nOSError: We couldn\'t connect to \'https://huggingface.co\' to load the files, and couldn\'t find them in the cached files.\nCheck your internet connection or see how to run the library in offline mode at \'https://huggingface.co/docs/transformers/installation#offline-mode\'.\n'}
2025-08-12 18:54:01,613 - __main__ - ERROR - ðŸ’¥ å¤±è´¥ level4_17_facebook-bart-large_bs1024_seq32: 'score'
2025-08-12 18:54:01,613 - __main__ - INFO - ----------------------------------------------------------------------
2025-08-12 18:54:01,613 - __main__ - INFO - ðŸ“Š è¿›ç¨‹ rank=10 ç»“æŸ | æˆåŠŸ 9 | å¤±è´¥ 1
2025-08-12 18:54:01,613 - __main__ - INFO - ----------------------------------------------------------------------
