2025-08-08 17:23:33,028 - openevolve.controller - INFO - Logging to openevolve_output/level1_7_Matmul_with_small_K_dimension_/logs/openevolve_20250808_172333.log
2025-08-08 17:23:33,028 - openevolve.controller - INFO - Set random seed to 42 for reproducibility
2025-08-08 17:23:33,067 - openevolve.llm.ensemble - INFO - Initialized LLM ensemble with models: deepseek (weight: 0.80), deepseek (weight: 0.20)
2025-08-08 17:23:33,106 - openevolve.llm.ensemble - INFO - Initialized LLM ensemble with models: deepseek (weight: 0.80), deepseek (weight: 0.20)
2025-08-08 17:23:33,107 - openevolve.prompt.sampler - INFO - Set custom templates: system=evaluator_system_message, user=None
2025-08-08 17:23:33,107 - openevolve.database - INFO - Initialized program database with 0 programs
2025-08-08 17:23:33,130 - openevolve.evaluator - INFO - Successfully loaded evaluation function from openevolve_output/level1_7_Matmul_with_small_K_dimension_/evaluation.py
2025-08-08 17:23:33,130 - openevolve.evaluator - INFO - Initialized evaluator with openevolve_output/level1_7_Matmul_with_small_K_dimension_/evaluation.py
2025-08-08 17:23:33,130 - openevolve.controller - INFO - Initialized OpenEvolve with /tmp/90223fcf3b95e14163c827775293e9f4.py
2025-08-08 17:23:33,130 - openevolve.controller - INFO - Adding initial program to database
2025-08-08 17:23:33,131 - openevolve.RemoteSpeedupEvaluator - INFO - [level1_7_Matmul_with_small_K_dimension_] verify_plus payload: reference_code(776 chars) + custom_code(900 chars)
2025-08-08 17:23:35,733 - openevolve.RemoteSpeedupEvaluator - INFO - [level1_7_Matmul_with_small_K_dimension_] verify_plus request success
2025-08-08 17:23:35,733 - openevolve.RemoteSpeedupEvaluator - INFO - [level1_7_Matmul_with_small_K_dimension_] verify_plus response: {"id":"level1_7_Matmul_with_small_K_dimension_","result":{"compiled":true,"correctness":true,"metadata":{"hardware":"NVIDIA L20Y","device":"cuda:4","correctness_trials":"(5 / 5)","reference_timing_ms":0.0331,"speed_up":0.05,"custom_timing":0.664},"runtime":0.664,"runtime_stats":{"mean":0.664,"std":0.0144,"min":0.654,"max":0.778,"num_trials":100,"hardware":"NVIDIA L20Y","device":"cuda:4"}}}
2025-08-08 17:23:35,733 - openevolve.evaluator - INFO - Evaluated program cc2225b8-a799-453c-95f9-3ebec5563b5c in 2.60s: compiled=1.0000, correctness=1.0000, stage=reference code, passed=0.0000, score=0.0000, speed_up=1.0000, runtime_ms=0.6640, meta={'hardware': 'NVIDIA L20Y', 'device': 'cuda:4', 'correctness_trials': '(5 / 5)', 'reference_timing_ms': 0.0331, 'speed_up': 0.05, 'custom_timing': 0.664}
2025-08-08 17:23:35,734 - openevolve.database - INFO - New MAP-Elites cell occupied: {'score': 0, 'complexity': 0}
2025-08-08 17:23:35,752 - openevolve.threaded_parallel - INFO - Initializing threaded evaluation pool with 3 workers
2025-08-08 17:23:35,753 - openevolve.threaded_parallel - INFO - Started thread pool with 3 threads
2025-08-08 17:23:35,754 - openevolve.threaded_parallel - INFO - Started improved parallel controller
2025-08-08 17:23:35,754 - openevolve.controller - INFO - Using island-based evolution with 3 islands
2025-08-08 17:23:35,754 - openevolve.database - INFO - Island Status:
2025-08-08 17:23:35,754 - openevolve.database - INFO -  * Island 0: 1 programs, best=0.0000, avg=0.0000, diversity=0.00, gen=0 (best: cc2225b8-a799-453c-95f9-3ebec5563b5c)
2025-08-08 17:23:35,754 - openevolve.database - INFO -    Island 1: 0 programs, best=0.0000, avg=0.0000, diversity=0.00, gen=0
2025-08-08 17:23:35,754 - openevolve.database - INFO -    Island 2: 0 programs, best=0.0000, avg=0.0000, diversity=0.00, gen=0
2025-08-08 17:23:35,754 - openevolve.threaded_parallel - INFO - Starting improved parallel evolution from iteration 0 for 30 iterations (total: 30)
2025-08-08 17:23:35,888 - openevolve.llm.ensemble - INFO - Initialized LLM ensemble with models: deepseek (weight: 0.80), deepseek (weight: 0.20)
2025-08-08 17:23:35,890 - openevolve.llm.ensemble - INFO - Initialized LLM ensemble with models: deepseek (weight: 0.80), deepseek (weight: 0.20)
2025-08-08 17:23:35,894 - openevolve.llm.ensemble - INFO - Initialized LLM ensemble with models: deepseek (weight: 0.80), deepseek (weight: 0.20)
2025-08-08 17:23:36,020 - openevolve.llm.ensemble - INFO - Initialized LLM ensemble with models: deepseek (weight: 0.80), deepseek (weight: 0.20)
2025-08-08 17:23:36,021 - openevolve.prompt.sampler - INFO - Set custom templates: system=evaluator_system_message, user=None
2025-08-08 17:23:36,023 - openevolve.evaluator - INFO - Successfully loaded evaluation function from openevolve_output/level1_7_Matmul_with_small_K_dimension_/evaluation.py
2025-08-08 17:23:36,023 - openevolve.evaluator - INFO - Initialized evaluator with openevolve_output/level1_7_Matmul_with_small_K_dimension_/evaluation.py
2025-08-08 17:23:36,025 - openevolve.llm.ensemble - INFO - Sampled model: deepseek
2025-08-08 17:23:36,026 - openevolve.llm.ensemble - INFO - Initialized LLM ensemble with models: deepseek (weight: 0.80), deepseek (weight: 0.20)
2025-08-08 17:23:36,026 - openevolve.prompt.sampler - INFO - Set custom templates: system=evaluator_system_message, user=None
2025-08-08 17:23:36,027 - openevolve.llm.ensemble - INFO - Initialized LLM ensemble with models: deepseek (weight: 0.80), deepseek (weight: 0.20)
2025-08-08 17:23:36,028 - openevolve.prompt.sampler - INFO - Set custom templates: system=evaluator_system_message, user=None
2025-08-08 17:23:36,028 - openevolve.evaluator - INFO - Successfully loaded evaluation function from openevolve_output/level1_7_Matmul_with_small_K_dimension_/evaluation.py
2025-08-08 17:23:36,028 - openevolve.evaluator - INFO - Initialized evaluator with openevolve_output/level1_7_Matmul_with_small_K_dimension_/evaluation.py
2025-08-08 17:23:36,029 - openevolve.llm.ensemble - INFO - Sampled model: deepseek
2025-08-08 17:23:36,030 - openevolve.evaluator - INFO - Successfully loaded evaluation function from openevolve_output/level1_7_Matmul_with_small_K_dimension_/evaluation.py
2025-08-08 17:23:36,030 - openevolve.evaluator - INFO - Initialized evaluator with openevolve_output/level1_7_Matmul_with_small_K_dimension_/evaluation.py
2025-08-08 17:23:36,032 - openevolve.llm.ensemble - INFO - Sampled model: deepseek
2025-08-08 17:33:46,975 - openevolve.RemoteSpeedupEvaluator - INFO - [level1_7_Matmul_with_small_K_dimension_] triton key words check pass
2025-08-08 17:33:46,976 - openevolve.RemoteSpeedupEvaluator - INFO - [level1_7_Matmul_with_small_K_dimension_] verify_plus payload: reference_code(776 chars) + custom_code(2487 chars)
2025-08-08 17:33:52,169 - openevolve.RemoteSpeedupEvaluator - INFO - [level1_7_Matmul_with_small_K_dimension_] triton key words check pass
2025-08-08 17:33:52,169 - openevolve.RemoteSpeedupEvaluator - INFO - [level1_7_Matmul_with_small_K_dimension_] verify_plus payload: reference_code(776 chars) + custom_code(2733 chars)
2025-08-08 17:33:52,317 - openevolve.RemoteSpeedupEvaluator - INFO - [level1_7_Matmul_with_small_K_dimension_] verify_plus request success
2025-08-08 17:33:52,318 - openevolve.RemoteSpeedupEvaluator - INFO - [level1_7_Matmul_with_small_K_dimension_] verify_plus response: {"id":"level1_7_Matmul_with_small_K_dimension_","result":{"compiled":true,"correctness":true,"metadata":{"hardware":"NVIDIA L20Y","device":"cuda:3","correctness_trials":"(5 / 5)","reference_timing_ms":0.0331,"speed_up":0.059,"custom_timing":0.56},"runtime":0.56,"runtime_stats":{"mean":0.56,"std":0.00234,"min":0.554,"max":0.569,"num_trials":100,"hardware":"NVIDIA L20Y","device":"cuda:3"}}}
2025-08-08 17:33:52,318 - openevolve.RemoteSpeedupEvaluator - INFO - [level1_7_Matmul_with_small_K_dimension_] âœ” success | speed_up=0.059  score=20.00
2025-08-08 17:33:52,318 - openevolve.evaluator - INFO - Evaluated program fc8ee225-e635-49fe-8885-404d8aa4cec3 in 5.34s: compiled=1.0000, correctness=1.0000, stage=success, passed=0.0000, score=20.0000, speed_up=0.0590, runtime_ms=0.5600, meta={'hardware': 'NVIDIA L20Y', 'device': 'cuda:3', 'correctness_trials': '(5 / 5)', 'reference_timing_ms': 0.0331, 'speed_up': 0.059, 'custom_timing': 0.56}
2025-08-08 17:33:52,321 - openevolve.database - INFO - New MAP-Elites cell occupied: {'score': 9, 'complexity': 9}
2025-08-08 17:33:52,321 - openevolve.database - INFO - New best program fc8ee225-e635-49fe-8885-404d8aa4cec3 replaces cc2225b8-a799-453c-95f9-3ebec5563b5c
2025-08-08 17:33:52,322 - openevolve.llm.ensemble - INFO - Sampled model: deepseek
2025-08-08 17:33:52,328 - openevolve.threaded_parallel - INFO - Iteration 2: Program fc8ee225-e635-49fe-8885-404d8aa4cec3 (parent: cc2225b8-a799-453c-95f9-3ebec5563b5c) completed in 616.29s
2025-08-08 17:33:52,328 - openevolve.threaded_parallel - INFO - Metrics: compiled=1.0000, correctness=1.0000, stage=success, passed=0.0000, score=20.0000, speed_up=0.0590, runtime_ms=0.5600, meta={'hardware': 'NVIDIA L20Y', 'device': 'cuda:3', 'correctness_trials': '(5 / 5)', 'reference_timing_ms': 0.0331, 'speed_up': 0.059, 'custom_timing': 0.56}
2025-08-08 17:33:52,329 - openevolve.threaded_parallel - INFO - ðŸŒŸ New best solution found at iteration 2: fc8ee225-e635-49fe-8885-404d8aa4cec3
2025-08-08 17:33:57,242 - openevolve.RemoteSpeedupEvaluator - INFO - [level1_7_Matmul_with_small_K_dimension_] verify_plus request success
2025-08-08 17:33:57,242 - openevolve.RemoteSpeedupEvaluator - INFO - [level1_7_Matmul_with_small_K_dimension_] verify_plus response: {"id":"level1_7_Matmul_with_small_K_dimension_","result":{"compiled":true,"correctness":false,"metadata":{"hardware":"NVIDIA L20Y","device":"cuda:4","max_difference":["0.020924","0.020393","0.026039","0.022425","0.020416"],"avg_difference":["0.001563","0.001562","0.001562","0.001561","0.001563"],"correctness_issue":"Output mismatch","correctness_trials":"(0 / 5)","reference_timing_ms":0.0331,"speed_up":-1.0,"custom_timing":-1.0},"runtime":-1.0,"runtime_stats":{}}}
2025-08-08 17:33:57,242 - openevolve.RemoteSpeedupEvaluator - INFO - [level1_7_Matmul_with_small_K_dimension_] âœ˜ wrong_answer
2025-08-08 17:33:57,243 - openevolve.evaluator - INFO - Evaluated program 90e63ecf-a570-4677-902c-91ae6f92c7db in 5.08s: compiled=1.0000, correctness=0.0000, score=10.0000, stage=wrong_answer, verify_payload={'id': 'level1_7_Matmul_with_small_K_dimension_', 'result': {'compiled': True, 'correctness': False, 'metadata': {'hardware': 'NVIDIA L20Y', 'device': 'cuda:4', 'max_difference': ['0.020924', '0.020393', '0.026039', '0.022425', '0.020416'], 'avg_difference': ['0.001563', '0.001562', '0.001562', '0.001561', '0.001563'], 'correctness_issue': 'Output mismatch', 'correctness_trials': '(0 / 5)', 'reference_timing_ms': 0.0331, 'speed_up': -1.0, 'custom_timing': -1.0}, 'runtime': -1.0, 'runtime_stats': {}}}
2025-08-08 17:33:57,247 - openevolve.llm.ensemble - INFO - Sampled model: deepseek
2025-08-08 17:33:57,260 - openevolve.threaded_parallel - INFO - Iteration 0: Program 90e63ecf-a570-4677-902c-91ae6f92c7db (parent: cc2225b8-a799-453c-95f9-3ebec5563b5c) completed in 621.21s
2025-08-08 17:33:57,260 - openevolve.threaded_parallel - INFO - Metrics: compiled=1.0000, correctness=0.0000, score=10.0000, stage=wrong_answer, verify_payload={'id': 'level1_7_Matmul_with_small_K_dimension_', 'result': {'compiled': True, 'correctness': False, 'metadata': {'hardware': 'NVIDIA L20Y', 'device': 'cuda:4', 'max_difference': ['0.020924', '0.020393', '0.026039', '0.022425', '0.020416'], 'avg_difference': ['0.001563', '0.001562', '0.001562', '0.001561', '0.001563'], 'correctness_issue': 'Output mismatch', 'correctness_trials': '(0 / 5)', 'reference_timing_ms': 0.0331, 'speed_up': -1.0, 'custom_timing': -1.0}, 'runtime': -1.0, 'runtime_stats': {}}}
2025-08-08 17:33:57,260 - openevolve.threaded_parallel - INFO - Checkpoint interval reached at iteration 0
2025-08-08 17:33:57,260 - openevolve.database - INFO - Island Status:
2025-08-08 17:33:57,260 - openevolve.database - INFO -  * Island 0: 3 programs, best=20.0000, avg=10.0000, diversity=435.07, gen=2 (best: fc8ee225-e635-49fe-8885-404d8aa4cec3)
2025-08-08 17:33:57,260 - openevolve.database - INFO -    Island 1: 0 programs, best=0.0000, avg=0.0000, diversity=0.00, gen=0
2025-08-08 17:33:57,260 - openevolve.database - INFO -    Island 2: 0 programs, best=0.0000, avg=0.0000, diversity=0.00, gen=0
2025-08-08 17:33:57,301 - openevolve.database - INFO - Saved database with 3 programs to openevolve_output/level1_7_Matmul_with_small_K_dimension_/checkpoints/checkpoint_0
2025-08-08 17:33:57,322 - openevolve.controller - INFO - Saved best program at checkpoint 0 with metrics: compiled=1.0000, correctness=1.0000, stage=success, passed=0.0000, score=20.0000, speed_up=0.0590, runtime_ms=0.5600, meta={'hardware': 'NVIDIA L20Y', 'device': 'cuda:3', 'correctness_trials': '(5 / 5)', 'reference_timing_ms': 0.0331, 'speed_up': 0.059, 'custom_timing': 0.56}
2025-08-08 17:33:57,322 - openevolve.controller - INFO - Saved checkpoint at iteration 0 to openevolve_output/level1_7_Matmul_with_small_K_dimension_/checkpoints/checkpoint_0
2025-08-08 17:41:47,777 - openevolve.RemoteSpeedupEvaluator - INFO - [level1_7_Matmul_with_small_K_dimension_] triton key words check pass
2025-08-08 17:41:47,779 - openevolve.RemoteSpeedupEvaluator - INFO - [level1_7_Matmul_with_small_K_dimension_] verify_plus payload: reference_code(776 chars) + custom_code(2743 chars)
2025-08-08 17:41:58,985 - openevolve.RemoteSpeedupEvaluator - INFO - [level1_7_Matmul_with_small_K_dimension_] verify_plus request success
2025-08-08 17:41:58,985 - openevolve.RemoteSpeedupEvaluator - INFO - [level1_7_Matmul_with_small_K_dimension_] verify_plus response: {"id":"level1_7_Matmul_with_small_K_dimension_","result":{"compiled":true,"correctness":true,"metadata":{"hardware":"NVIDIA L20Y","device":"cuda:3","correctness_trials":"(5 / 5)","reference_timing_ms":0.0331,"speed_up":0.049,"custom_timing":0.676},"runtime":0.676,"runtime_stats":{"mean":0.676,"std":0.00348,"min":0.67,"max":0.688,"num_trials":100,"hardware":"NVIDIA L20Y","device":"cuda:3"}}}
2025-08-08 17:41:58,985 - openevolve.RemoteSpeedupEvaluator - INFO - [level1_7_Matmul_with_small_K_dimension_] âœ” success | speed_up=0.049  score=20.00
2025-08-08 17:41:58,986 - openevolve.evaluator - INFO - Evaluated program 2837a1d1-61f7-4066-bf50-39695686f2d7 in 11.21s: compiled=1.0000, correctness=1.0000, stage=success, passed=0.0000, score=20.0000, speed_up=0.0490, runtime_ms=0.6760, meta={'hardware': 'NVIDIA L20Y', 'device': 'cuda:3', 'correctness_trials': '(5 / 5)', 'reference_timing_ms': 0.0331, 'speed_up': 0.049, 'custom_timing': 0.676}
2025-08-08 17:41:58,993 - openevolve.llm.ensemble - INFO - Sampled model: deepseek
2025-08-08 17:41:59,007 - openevolve.threaded_parallel - INFO - Iteration 4: Program 2837a1d1-61f7-4066-bf50-39695686f2d7 (parent: cc2225b8-a799-453c-95f9-3ebec5563b5c) completed in 481.74s
2025-08-08 17:41:59,008 - openevolve.threaded_parallel - INFO - Metrics: compiled=1.0000, correctness=1.0000, stage=success, passed=0.0000, score=20.0000, speed_up=0.0490, runtime_ms=0.6760, meta={'hardware': 'NVIDIA L20Y', 'device': 'cuda:3', 'correctness_trials': '(5 / 5)', 'reference_timing_ms': 0.0331, 'speed_up': 0.049, 'custom_timing': 0.676}
2025-08-08 17:44:11,108 - openevolve.RemoteSpeedupEvaluator - INFO - [level1_7_Matmul_with_small_K_dimension_] triton key words check pass
2025-08-08 17:44:11,110 - openevolve.RemoteSpeedupEvaluator - INFO - [level1_7_Matmul_with_small_K_dimension_] verify_plus payload: reference_code(776 chars) + custom_code(2535 chars)
2025-08-08 17:44:13,711 - openevolve.RemoteSpeedupEvaluator - INFO - [level1_7_Matmul_with_small_K_dimension_] verify_plus request success
2025-08-08 17:44:13,711 - openevolve.RemoteSpeedupEvaluator - INFO - [level1_7_Matmul_with_small_K_dimension_] verify_plus response: {"id":"level1_7_Matmul_with_small_K_dimension_","result":{"compiled":true,"correctness":false,"metadata":{"hardware":"NVIDIA L20Y","device":"cuda:5","runtime_error":"Traceback (most recent call last):\n  File \"/cpfs01/shared/llm_kernel/hujiakai/KernelLLM/validation_api_server/helpers/evaluations.py\", line 720, in run_and_check_correctness\n    output_new = model_new(*inputs)\n  File \"/home/lijiaxing/.conda/envs/api/lib/python3.10/site-packages/torch/nn/modules/module.py\", line 1773, in _wrapped_call_impl\n    return self._call_impl(*args, **kwargs)\n  File \"/home/lijiaxing/.conda/envs/api/lib/python3.10/site-packages/torch/nn/modules/module.py\", line 1784, in _call_impl\n    return forward_call(*args, **kwargs)\n  File \"/tmp/tmpxmw0rzzz.py\", line 60, in forward\n    matmul_kernel[g
2025-08-08 17:44:13,712 - openevolve.RemoteSpeedupEvaluator - INFO - [level1_7_Matmul_with_small_K_dimension_] âœ˜ wrong_answer
2025-08-08 17:44:13,712 - openevolve.evaluator - INFO - Evaluated program 38c61d6e-65f2-42df-bae8-6dd020365e32 in 2.60s: compiled=1.0000, correctness=0.0000, score=10.0000, stage=wrong_answer, verify_payload={'id': 'level1_7_Matmul_with_small_K_dimension_', 'result': {'compiled': True, 'correctness': False, 'metadata': {'hardware': 'NVIDIA L20Y', 'device': 'cuda:5', 'runtime_error': 'Traceback (most recent call last):\n  File "/cpfs01/shared/llm_kernel/hujiakai/KernelLLM/validation_api_server/helpers/evaluations.py", line 720, in run_and_check_correctness\n    output_new = model_new(*inputs)\n  File "/home/lijiaxing/.conda/envs/api/lib/python3.10/site-packages/torch/nn/modules/module.py", line 1773, in _wrapped_call_impl\n    return self._call_impl(*args, **kwargs)\n  File "/home/lijiaxing/.conda/envs/api/lib/python3.10/site-packages/torch/nn/modules/module.py", line 1784, in _call_impl\n    return forward_call(*args, **kwargs)\n  File "/tmp/tmpxmw0rzzz.py", line 60, in forward\n    matmul_kernel[grid](\n  File "/home/lijiaxing/.conda/envs/api/lib/python3.10/site-packages/triton/runtime/jit.py", line 390, in <lambda>\n    return lambda *args, **kwargs: self.run(grid=grid, warmup=False, *args, **kwargs)\n  File "/home/lijiaxing/.conda/envs/api/lib/python3.10/site-packages/triton/runtime/autotuner.py", line 239, in run\n    benchmark()\n  File "/home/lijiaxing/.conda/envs/api/lib/python3.10/site-packages/triton/runtime/autotuner.py", line 228, in benchmark\n    timings = {config: self._bench(*args, config=config, **kwargs) for config in pruned_configs}\n  File "/home/lijiaxing/.conda/envs/api/lib/python3.10/site-packages/triton/runtime/autotuner.py", line 228, in <dictcomp>\n    timings = {config: self._bench(*args, config=config, **kwargs) for config in pruned_configs}\n  File "/home/lijiaxing/.conda/envs/api/lib/python3.10/site-packages/triton/runtime/autotuner.py", line 135, in _bench\n    raise ValueError(f"Conflicting meta-parameters: {\', \'.join(conflicts)}."\nValueError: Conflicting meta-parameters: BLOCK_N, BLOCK_M. Make sure that you don\'t re-define auto-tuned symbols.\n', 'runtime_error_name': 'builtins.ValueError', 'reference_timing_ms': 0.0331, 'speed_up': -1.0, 'custom_timing': -1.0}, 'runtime': -1.0, 'runtime_stats': {}}}
2025-08-08 17:44:13,715 - openevolve.llm.ensemble - INFO - Sampled model: deepseek
2025-08-08 17:44:13,721 - openevolve.database - INFO - New MAP-Elites cell occupied: {'score': 9, 'complexity': 8}
2025-08-08 17:44:13,733 - openevolve.threaded_parallel - INFO - Iteration 3: Program 38c61d6e-65f2-42df-bae8-6dd020365e32 (parent: cc2225b8-a799-453c-95f9-3ebec5563b5c) completed in 621.39s
2025-08-08 17:44:13,733 - openevolve.threaded_parallel - INFO - Metrics: compiled=1.0000, correctness=0.0000, score=10.0000, stage=wrong_answer, verify_payload={'id': 'level1_7_Matmul_with_small_K_dimension_', 'result': {'compiled': True, 'correctness': False, 'metadata': {'hardware': 'NVIDIA L20Y', 'device': 'cuda:5', 'runtime_error': 'Traceback (most recent call last):\n  File "/cpfs01/shared/llm_kernel/hujiakai/KernelLLM/validation_api_server/helpers/evaluations.py", line 720, in run_and_check_correctness\n    output_new = model_new(*inputs)\n  File "/home/lijiaxing/.conda/envs/api/lib/python3.10/site-packages/torch/nn/modules/module.py", line 1773, in _wrapped_call_impl\n    return self._call_impl(*args, **kwargs)\n  File "/home/lijiaxing/.conda/envs/api/lib/python3.10/site-packages/torch/nn/modules/module.py", line 1784, in _call_impl\n    return forward_call(*args, **kwargs)\n  File "/tmp/tmpxmw0rzzz.py", line 60, in forward\n    matmul_kernel[grid](\n  File "/home/lijiaxing/.conda/envs/api/lib/python3.10/site-packages/triton/runtime/jit.py", line 390, in <lambda>\n    return lambda *args, **kwargs: self.run(grid=grid, warmup=False, *args, **kwargs)\n  File "/home/lijiaxing/.conda/envs/api/lib/python3.10/site-packages/triton/runtime/autotuner.py", line 239, in run\n    benchmark()\n  File "/home/lijiaxing/.conda/envs/api/lib/python3.10/site-packages/triton/runtime/autotuner.py", line 228, in benchmark\n    timings = {config: self._bench(*args, config=config, **kwargs) for config in pruned_configs}\n  File "/home/lijiaxing/.conda/envs/api/lib/python3.10/site-packages/triton/runtime/autotuner.py", line 228, in <dictcomp>\n    timings = {config: self._bench(*args, config=config, **kwargs) for config in pruned_configs}\n  File "/home/lijiaxing/.conda/envs/api/lib/python3.10/site-packages/triton/runtime/autotuner.py", line 135, in _bench\n    raise ValueError(f"Conflicting meta-parameters: {\', \'.join(conflicts)}."\nValueError: Conflicting meta-parameters: BLOCK_N, BLOCK_M. Make sure that you don\'t re-define auto-tuned symbols.\n', 'runtime_error_name': 'builtins.ValueError', 'reference_timing_ms': 0.0331, 'speed_up': -1.0, 'custom_timing': -1.0}, 'runtime': -1.0, 'runtime_stats': {}}}
2025-08-08 17:44:13,733 - openevolve.threaded_parallel - INFO - Checkpoint interval reached at iteration 3
2025-08-08 17:44:13,734 - openevolve.database - INFO - Island Status:
2025-08-08 17:44:13,734 - openevolve.database - INFO -    Island 0: 4 programs, best=20.0000, avg=12.5000, diversity=334.40, gen=2 (best: fc8ee225-e635-49fe-8885-404d8aa4cec3)
2025-08-08 17:44:13,734 - openevolve.database - INFO -    Island 1: 2 programs, best=20.0000, avg=15.0000, diversity=35.80, gen=1 (best: 38c61d6e-65f2-42df-bae8-6dd020365e32)
2025-08-08 17:44:13,734 - openevolve.database - INFO -  * Island 2: 0 programs, best=0.0000, avg=0.0000, diversity=0.00, gen=1
2025-08-08 17:44:13,802 - openevolve.database - INFO - Saved database with 5 programs to openevolve_output/level1_7_Matmul_with_small_K_dimension_/checkpoints/checkpoint_3
2025-08-08 17:44:13,813 - openevolve.controller - INFO - Saved best program at checkpoint 3 with metrics: compiled=1.0000, correctness=1.0000, stage=success, passed=0.0000, score=20.0000, speed_up=0.0590, runtime_ms=0.5600, meta={'hardware': 'NVIDIA L20Y', 'device': 'cuda:3', 'correctness_trials': '(5 / 5)', 'reference_timing_ms': 0.0331, 'speed_up': 0.059, 'custom_timing': 0.56}
2025-08-08 17:44:13,813 - openevolve.controller - INFO - Saved checkpoint at iteration 3 to openevolve_output/level1_7_Matmul_with_small_K_dimension_/checkpoints/checkpoint_3
2025-08-08 17:45:03,026 - openevolve.RemoteSpeedupEvaluator - INFO - [level1_7_Matmul_with_small_K_dimension_] triton key words check pass
2025-08-08 17:45:03,027 - openevolve.RemoteSpeedupEvaluator - INFO - [level1_7_Matmul_with_small_K_dimension_] verify_plus payload: reference_code(776 chars) + custom_code(3310 chars)
2025-08-08 17:45:05,662 - openevolve.RemoteSpeedupEvaluator - INFO - [level1_7_Matmul_with_small_K_dimension_] verify_plus request success
2025-08-08 17:45:05,663 - openevolve.RemoteSpeedupEvaluator - INFO - [level1_7_Matmul_with_small_K_dimension_] verify_plus response: {"id":"level1_7_Matmul_with_small_K_dimension_","result":{"compiled":true,"correctness":false,"metadata":{"hardware":"NVIDIA L20Y","device":"cuda:4","runtime_error":"Traceback (most recent call last):\n  File \"/cpfs01/shared/llm_kernel/hujiakai/KernelLLM/validation_api_server/helpers/evaluations.py\", line 720, in run_and_check_correctness\n    output_new = model_new(*inputs)\n  File \"/home/lijiaxing/.conda/envs/api/lib/python3.10/site-packages/torch/nn/modules/module.py\", line 1773, in _wrapped_call_impl\n    return self._call_impl(*args, **kwargs)\n  File \"/home/lijiaxing/.conda/envs/api/lib/python3.10/site-packages/torch/nn/modules/module.py\", line 1784, in _call_impl\n    return forward_call(*args, **kwargs)\n  File \"/tmp/tmpsfgh43j9.py\", line 68, in forward\n    _matmul_kernel[
2025-08-08 17:45:05,663 - openevolve.RemoteSpeedupEvaluator - INFO - [level1_7_Matmul_with_small_K_dimension_] âœ˜ wrong_answer
2025-08-08 17:45:05,663 - openevolve.evaluator - INFO - Evaluated program 697216f7-004e-443c-8ae2-a515ba4624fd in 2.64s: compiled=1.0000, correctness=0.0000, score=10.0000, stage=wrong_answer, verify_payload={'id': 'level1_7_Matmul_with_small_K_dimension_', 'result': {'compiled': True, 'correctness': False, 'metadata': {'hardware': 'NVIDIA L20Y', 'device': 'cuda:4', 'runtime_error': 'Traceback (most recent call last):\n  File "/cpfs01/shared/llm_kernel/hujiakai/KernelLLM/validation_api_server/helpers/evaluations.py", line 720, in run_and_check_correctness\n    output_new = model_new(*inputs)\n  File "/home/lijiaxing/.conda/envs/api/lib/python3.10/site-packages/torch/nn/modules/module.py", line 1773, in _wrapped_call_impl\n    return self._call_impl(*args, **kwargs)\n  File "/home/lijiaxing/.conda/envs/api/lib/python3.10/site-packages/torch/nn/modules/module.py", line 1784, in _call_impl\n    return forward_call(*args, **kwargs)\n  File "/tmp/tmpsfgh43j9.py", line 68, in forward\n    _matmul_kernel[grid](\n  File "/home/lijiaxing/.conda/envs/api/lib/python3.10/site-packages/triton/runtime/jit.py", line 390, in <lambda>\n    return lambda *args, **kwargs: self.run(grid=grid, warmup=False, *args, **kwargs)\n  File "/home/lijiaxing/.conda/envs/api/lib/python3.10/site-packages/triton/runtime/autotuner.py", line 239, in run\n    benchmark()\n  File "/home/lijiaxing/.conda/envs/api/lib/python3.10/site-packages/triton/runtime/autotuner.py", line 228, in benchmark\n    timings = {config: self._bench(*args, config=config, **kwargs) for config in pruned_configs}\n  File "/home/lijiaxing/.conda/envs/api/lib/python3.10/site-packages/triton/runtime/autotuner.py", line 228, in <dictcomp>\n    timings = {config: self._bench(*args, config=config, **kwargs) for config in pruned_configs}\n  File "/home/lijiaxing/.conda/envs/api/lib/python3.10/site-packages/triton/runtime/autotuner.py", line 135, in _bench\n    raise ValueError(f"Conflicting meta-parameters: {\', \'.join(conflicts)}."\nValueError: Conflicting meta-parameters: BLOCK_N, BLOCK_M. Make sure that you don\'t re-define auto-tuned symbols.\n', 'runtime_error_name': 'builtins.ValueError', 'reference_timing_ms': 0.0331, 'speed_up': -1.0, 'custom_timing': -1.0}, 'runtime': -1.0, 'runtime_stats': {}}}
2025-08-08 17:45:05,667 - openevolve.llm.ensemble - INFO - Sampled model: deepseek
2025-08-08 17:45:05,679 - openevolve.threaded_parallel - INFO - Iteration 1: Program 697216f7-004e-443c-8ae2-a515ba4624fd (parent: cc2225b8-a799-453c-95f9-3ebec5563b5c) completed in 1289.64s
2025-08-08 17:45:05,679 - openevolve.threaded_parallel - INFO - Metrics: compiled=1.0000, correctness=0.0000, score=10.0000, stage=wrong_answer, verify_payload={'id': 'level1_7_Matmul_with_small_K_dimension_', 'result': {'compiled': True, 'correctness': False, 'metadata': {'hardware': 'NVIDIA L20Y', 'device': 'cuda:4', 'runtime_error': 'Traceback (most recent call last):\n  File "/cpfs01/shared/llm_kernel/hujiakai/KernelLLM/validation_api_server/helpers/evaluations.py", line 720, in run_and_check_correctness\n    output_new = model_new(*inputs)\n  File "/home/lijiaxing/.conda/envs/api/lib/python3.10/site-packages/torch/nn/modules/module.py", line 1773, in _wrapped_call_impl\n    return self._call_impl(*args, **kwargs)\n  File "/home/lijiaxing/.conda/envs/api/lib/python3.10/site-packages/torch/nn/modules/module.py", line 1784, in _call_impl\n    return forward_call(*args, **kwargs)\n  File "/tmp/tmpsfgh43j9.py", line 68, in forward\n    _matmul_kernel[grid](\n  File "/home/lijiaxing/.conda/envs/api/lib/python3.10/site-packages/triton/runtime/jit.py", line 390, in <lambda>\n    return lambda *args, **kwargs: self.run(grid=grid, warmup=False, *args, **kwargs)\n  File "/home/lijiaxing/.conda/envs/api/lib/python3.10/site-packages/triton/runtime/autotuner.py", line 239, in run\n    benchmark()\n  File "/home/lijiaxing/.conda/envs/api/lib/python3.10/site-packages/triton/runtime/autotuner.py", line 228, in benchmark\n    timings = {config: self._bench(*args, config=config, **kwargs) for config in pruned_configs}\n  File "/home/lijiaxing/.conda/envs/api/lib/python3.10/site-packages/triton/runtime/autotuner.py", line 228, in <dictcomp>\n    timings = {config: self._bench(*args, config=config, **kwargs) for config in pruned_configs}\n  File "/home/lijiaxing/.conda/envs/api/lib/python3.10/site-packages/triton/runtime/autotuner.py", line 135, in _bench\n    raise ValueError(f"Conflicting meta-parameters: {\', \'.join(conflicts)}."\nValueError: Conflicting meta-parameters: BLOCK_N, BLOCK_M. Make sure that you don\'t re-define auto-tuned symbols.\n', 'runtime_error_name': 'builtins.ValueError', 'reference_timing_ms': 0.0331, 'speed_up': -1.0, 'custom_timing': -1.0}, 'runtime': -1.0, 'runtime_stats': {}}}
2025-08-08 17:51:06,433 - openevolve.RemoteSpeedupEvaluator - INFO - [level1_7_Matmul_with_small_K_dimension_] triton key words check pass
2025-08-08 17:51:06,434 - openevolve.RemoteSpeedupEvaluator - INFO - [level1_7_Matmul_with_small_K_dimension_] verify_plus payload: reference_code(776 chars) + custom_code(3043 chars)
2025-08-08 17:51:12,231 - openevolve.RemoteSpeedupEvaluator - INFO - [level1_7_Matmul_with_small_K_dimension_] verify_plus request success
2025-08-08 17:51:12,232 - openevolve.RemoteSpeedupEvaluator - INFO - [level1_7_Matmul_with_small_K_dimension_] verify_plus response: {"id":"level1_7_Matmul_with_small_K_dimension_","result":{"compiled":true,"correctness":false,"metadata":{"hardware":"NVIDIA L20Y","device":"cuda:2","max_difference":["0.014040","0.016539","0.014754","0.014940","0.016187"],"avg_difference":["0.001293","0.001292","0.001292","0.001291","0.001293"],"correctness_issue":"Output mismatch","correctness_trials":"(0 / 5)","reference_timing_ms":0.0331,"speed_up":-1.0,"custom_timing":-1.0},"runtime":-1.0,"runtime_stats":{}}}
2025-08-08 17:51:12,232 - openevolve.RemoteSpeedupEvaluator - INFO - [level1_7_Matmul_with_small_K_dimension_] âœ˜ wrong_answer
2025-08-08 17:51:12,232 - openevolve.evaluator - INFO - Evaluated program 5436e89d-d979-42f0-a3fd-cd0b4ccc11fa in 5.80s: compiled=1.0000, correctness=0.0000, score=10.0000, stage=wrong_answer, verify_payload={'id': 'level1_7_Matmul_with_small_K_dimension_', 'result': {'compiled': True, 'correctness': False, 'metadata': {'hardware': 'NVIDIA L20Y', 'device': 'cuda:2', 'max_difference': ['0.014040', '0.016539', '0.014754', '0.014940', '0.016187'], 'avg_difference': ['0.001293', '0.001292', '0.001292', '0.001291', '0.001293'], 'correctness_issue': 'Output mismatch', 'correctness_trials': '(0 / 5)', 'reference_timing_ms': 0.0331, 'speed_up': -1.0, 'custom_timing': -1.0}, 'runtime': -1.0, 'runtime_stats': {}}}
2025-08-08 17:51:12,237 - openevolve.llm.ensemble - INFO - Sampled model: deepseek
2025-08-08 17:51:12,251 - openevolve.threaded_parallel - INFO - Iteration 5: Program 5436e89d-d979-42f0-a3fd-cd0b4ccc11fa (parent: cc2225b8-a799-453c-95f9-3ebec5563b5c) completed in 553.24s
2025-08-08 17:51:12,251 - openevolve.threaded_parallel - INFO - Metrics: compiled=1.0000, correctness=0.0000, score=10.0000, stage=wrong_answer, verify_payload={'id': 'level1_7_Matmul_with_small_K_dimension_', 'result': {'compiled': True, 'correctness': False, 'metadata': {'hardware': 'NVIDIA L20Y', 'device': 'cuda:2', 'max_difference': ['0.014040', '0.016539', '0.014754', '0.014940', '0.016187'], 'avg_difference': ['0.001293', '0.001292', '0.001292', '0.001291', '0.001293'], 'correctness_issue': 'Output mismatch', 'correctness_trials': '(0 / 5)', 'reference_timing_ms': 0.0331, 'speed_up': -1.0, 'custom_timing': -1.0}, 'runtime': -1.0, 'runtime_stats': {}}}
2025-08-08 18:00:11,691 - openevolve.RemoteSpeedupEvaluator - INFO - [level1_7_Matmul_with_small_K_dimension_] triton key words check pass
2025-08-08 18:00:11,693 - openevolve.RemoteSpeedupEvaluator - INFO - [level1_7_Matmul_with_small_K_dimension_] verify_plus payload: reference_code(776 chars) + custom_code(3091 chars)
2025-08-08 18:00:21,739 - openevolve.RemoteSpeedupEvaluator - INFO - [level1_7_Matmul_with_small_K_dimension_] verify_plus request success
2025-08-08 18:00:21,739 - openevolve.RemoteSpeedupEvaluator - INFO - [level1_7_Matmul_with_small_K_dimension_] verify_plus response: {"id":"level1_7_Matmul_with_small_K_dimension_","result":{"compiled":true,"correctness":true,"metadata":{"hardware":"NVIDIA L20Y","device":"cuda:5","correctness_trials":"(5 / 5)","reference_timing_ms":0.0331,"speed_up":0.05,"custom_timing":0.667},"runtime":0.667,"runtime_stats":{"mean":0.667,"std":0.00218,"min":0.663,"max":0.676,"num_trials":100,"hardware":"NVIDIA L20Y","device":"cuda:5"}}}
2025-08-08 18:00:21,739 - openevolve.RemoteSpeedupEvaluator - INFO - [level1_7_Matmul_with_small_K_dimension_] âœ” success | speed_up=0.050  score=20.00
2025-08-08 18:00:21,739 - openevolve.evaluator - INFO - Evaluated program 13b9fbd8-e308-4e03-bdf8-6355f5b2fab8 in 10.05s: compiled=1.0000, correctness=1.0000, stage=success, passed=0.0000, score=20.0000, speed_up=0.0500, runtime_ms=0.6670, meta={'hardware': 'NVIDIA L20Y', 'device': 'cuda:5', 'correctness_trials': '(5 / 5)', 'reference_timing_ms': 0.0331, 'speed_up': 0.05, 'custom_timing': 0.667}
2025-08-08 18:00:21,744 - openevolve.llm.ensemble - INFO - Sampled model: deepseek
2025-08-08 18:00:21,758 - openevolve.threaded_parallel - INFO - Iteration 7: Program 13b9fbd8-e308-4e03-bdf8-6355f5b2fab8 (parent: 2837a1d1-61f7-4066-bf50-39695686f2d7) completed in 916.07s
2025-08-08 18:00:21,758 - openevolve.threaded_parallel - INFO - Metrics: compiled=1.0000, correctness=1.0000, stage=success, passed=0.0000, score=20.0000, speed_up=0.0500, runtime_ms=0.6670, meta={'hardware': 'NVIDIA L20Y', 'device': 'cuda:5', 'correctness_trials': '(5 / 5)', 'reference_timing_ms': 0.0331, 'speed_up': 0.05, 'custom_timing': 0.667}
2025-08-08 18:00:37,235 - openevolve.RemoteSpeedupEvaluator - INFO - [level1_7_Matmul_with_small_K_dimension_] triton key words check pass
2025-08-08 18:00:37,235 - openevolve.RemoteSpeedupEvaluator - INFO - [level1_7_Matmul_with_small_K_dimension_] verify_plus payload: reference_code(776 chars) + custom_code(3172 chars)
2025-08-08 18:00:40,248 - openevolve.RemoteSpeedupEvaluator - INFO - [level1_7_Matmul_with_small_K_dimension_] verify_plus request success
2025-08-08 18:00:40,248 - openevolve.RemoteSpeedupEvaluator - INFO - [level1_7_Matmul_with_small_K_dimension_] verify_plus response: {"id":"level1_7_Matmul_with_small_K_dimension_","result":{"compiled":true,"correctness":false,"metadata":{"hardware":"NVIDIA L20Y","device":"cuda:2","runtime_error":"Traceback (most recent call last):\n  File \"/home/lijiaxing/.conda/envs/api/lib/python3.10/site-packages/triton/language/core.py\", line 42, in wrapper\n    return fn(*args, **kwargs)\n  File \"/home/lijiaxing/.conda/envs/api/lib/python3.10/site-packages/triton/language/core.py\", line 2150, in load\n    return _semantic.load(pointer, mask, other, boundary_check, padding_option, cache_modifier, eviction_policy,\n  File \"/home/lijiaxing/.conda/envs/api/lib/python3.10/site-packages/triton/language/semantic.py\", line 1086, in load\n    return self._load_legacy(ptr, mask, other, boundary_check, padding, cache, eviction, is_vola
2025-08-08 18:00:40,249 - openevolve.RemoteSpeedupEvaluator - INFO - [level1_7_Matmul_with_small_K_dimension_] âœ˜ wrong_answer
2025-08-08 18:00:40,249 - openevolve.evaluator - INFO - Evaluated program a3bf1195-b39a-468d-8d07-d2a296b37622 in 3.01s: compiled=1.0000, correctness=0.0000, score=10.0000, stage=wrong_answer, verify_payload={'id': 'level1_7_Matmul_with_small_K_dimension_', 'result': {'compiled': True, 'correctness': False, 'metadata': {'hardware': 'NVIDIA L20Y', 'device': 'cuda:2', 'runtime_error': 'Traceback (most recent call last):\n  File "/home/lijiaxing/.conda/envs/api/lib/python3.10/site-packages/triton/language/core.py", line 42, in wrapper\n    return fn(*args, **kwargs)\n  File "/home/lijiaxing/.conda/envs/api/lib/python3.10/site-packages/triton/language/core.py", line 2150, in load\n    return _semantic.load(pointer, mask, other, boundary_check, padding_option, cache_modifier, eviction_policy,\n  File "/home/lijiaxing/.conda/envs/api/lib/python3.10/site-packages/triton/language/semantic.py", line 1086, in load\n    return self._load_legacy(ptr, mask, other, boundary_check, padding, cache, eviction, is_volatile)\n  File "/home/lijiaxing/.conda/envs/api/lib/python3.10/site-packages/triton/language/semantic.py", line 1021, in _load_legacy\n    raise ValueError("`other` cannot be provided without `mask`")\nValueError: `other` cannot be provided without `mask`\n\nThe above exception was the direct cause of the following exception:\n\nTraceback (most recent call last):\n  File "/cpfs01/shared/llm_kernel/hujiakai/KernelLLM/validation_api_server/helpers/evaluations.py", line 720, in run_and_check_correctness\n    output_new = model_new(*inputs)\n  File "/home/lijiaxing/.conda/envs/api/lib/python3.10/site-packages/torch/nn/modules/module.py", line 1773, in _wrapped_call_impl\n    return self._call_impl(*args, **kwargs)\n  File "/home/lijiaxing/.conda/envs/api/lib/python3.10/site-packages/torch/nn/modules/module.py", line 1784, in _call_impl\n    return forward_call(*args, **kwargs)\n  File "/tmp/tmpevl0fodk.py", line 67, in forward\n    matmul_kernel[grid](\n  File "/home/lijiaxing/.conda/envs/api/lib/python3.10/site-packages/triton/runtime/jit.py", line 390, in <lambda>\n    return lambda *args, **kwargs: self.run(grid=grid, warmup=False, *args, **kwargs)\n  File "/home/lijiaxing/.conda/envs/api/lib/python3.10/site-packages/triton/runtime/autotuner.py", line 239, in run\n    benchmark()\n  File "/home/lijiaxing/.conda/envs/api/lib/python3.10/site-packages/triton/runtime/autotuner.py", line 228, in benchmark\n    timings = {config: self._bench(*args, config=config, **kwargs) for config in pruned_configs}\n  File "/home/lijiaxing/.conda/envs/api/lib/python3.10/site-packages/triton/runtime/autotuner.py", line 228, in <dictcomp>\n    timings = {config: self._bench(*args, config=config, **kwargs) for config in pruned_configs}\n  File "/home/lijiaxing/.conda/envs/api/lib/python3.10/site-packages/triton/runtime/autotuner.py", line 160, in _bench\n    return self.do_bench(kernel_call, quantiles=(0.5, 0.2, 0.8))\n  File "/home/lijiaxing/.conda/envs/api/lib/python3.10/site-packages/triton/testing.py", line 149, in do_bench\n    fn()\n  File "/home/lijiaxing/.conda/envs/api/lib/python3.10/site-packages/triton/runtime/autotuner.py", line 146, in kernel_call\n    self.fn.run(\n  File "/home/lijiaxing/.conda/envs/api/lib/python3.10/site-packages/triton/runtime/jit.py", line 594, in run\n    kernel = self.compile(src, target=target, options=options.__dict__)\n  File "/home/lijiaxing/.conda/envs/api/lib/python3.10/site-packages/triton/compiler/compiler.py", line 339, in compile\n    module = src.make_ir(options, codegen_fns, module_map, context)\n  File "/home/lijiaxing/.conda/envs/api/lib/python3.10/site-packages/triton/compiler/compiler.py", line 83, in make_ir\n    return ast_to_ttir(self.fn, self, context=context, options=options, codegen_fns=codegen_fns,\ntriton.compiler.errors.CompilationError: at 25:12:\n    for block_idx in range(pid, num_blocks, tl.num_programs(0)):\n        pid0 = block_idx // num_pid_n\n        pid1 = block_idx % num_pid_n\n\n        offs_m = pid0 * BLOCK_M + tl.arange(0, BLOCK_M)\n        offs_n = pid1 * BLOCK_N + tl.arange(0, BLOCK_N)\n        offs_k = tl.arange(0, BLOCK_K)\n\n        a_ptrs = a_ptr + (offs_m[:, None] % M) * stride_am + (offs_k[None, :] % K) * stride_ak\n        b_ptrs = b_ptr + (offs_k[:, None] % K) * stride_bk + (offs_n[None, :] % N) * stride_bn\n\n        a = tl.load(a_ptrs, mask=None, other=0.0)\n            ^\n\n\nThe above exception was the direct cause of the following exception:\n\nTraceback (most recent call last):\n  File "/home/lijiaxing/.conda/envs/api/lib/python3.10/site-packages/triton/language/core.py", line 42, in wrapper\n    return fn(*args, **kwargs)\n  File "/home/lijiaxing/.conda/envs/api/lib/python3.10/site-packages/triton/language/core.py", line 2150, in load\n    return _semantic.load(pointer, mask, other, boundary_check, padding_option, cache_modifier, eviction_policy,\n  File "/home/lijiaxing/.conda/envs/api/lib/python3.10/site-packages/triton/language/semantic.py", line 1086, in load\n    return self._load_legacy(ptr, mask, other, boundary_check, padding, cache, eviction, is_volatile)\n  File "/home/lijiaxing/.conda/envs/api/lib/python3.10/site-packages/triton/language/semantic.py", line 1021, in _load_legacy\n    raise ValueError("`other` cannot be provided without `mask`")\nValueError: `other` cannot be provided without `mask`\n', 'runtime_error_name': 'triton.compiler.errors.CompilationError', 'reference_timing_ms': 0.0331, 'speed_up': -1.0, 'custom_timing': -1.0}, 'runtime': -1.0, 'runtime_stats': {}}}
2025-08-08 18:00:40,252 - openevolve.llm.ensemble - INFO - Sampled model: deepseek
2025-08-08 18:00:40,268 - openevolve.threaded_parallel - INFO - Iteration 6: Program a3bf1195-b39a-468d-8d07-d2a296b37622 (parent: fc8ee225-e635-49fe-8885-404d8aa4cec3) completed in 986.53s
2025-08-08 18:00:40,268 - openevolve.threaded_parallel - INFO - Metrics: compiled=1.0000, correctness=0.0000, score=10.0000, stage=wrong_answer, verify_payload={'id': 'level1_7_Matmul_with_small_K_dimension_', 'result': {'compiled': True, 'correctness': False, 'metadata': {'hardware': 'NVIDIA L20Y', 'device': 'cuda:2', 'runtime_error': 'Traceback (most recent call last):\n  File "/home/lijiaxing/.conda/envs/api/lib/python3.10/site-packages/triton/language/core.py", line 42, in wrapper\n    return fn(*args, **kwargs)\n  File "/home/lijiaxing/.conda/envs/api/lib/python3.10/site-packages/triton/language/core.py", line 2150, in load\n    return _semantic.load(pointer, mask, other, boundary_check, padding_option, cache_modifier, eviction_policy,\n  File "/home/lijiaxing/.conda/envs/api/lib/python3.10/site-packages/triton/language/semantic.py", line 1086, in load\n    return self._load_legacy(ptr, mask, other, boundary_check, padding, cache, eviction, is_volatile)\n  File "/home/lijiaxing/.conda/envs/api/lib/python3.10/site-packages/triton/language/semantic.py", line 1021, in _load_legacy\n    raise ValueError("`other` cannot be provided without `mask`")\nValueError: `other` cannot be provided without `mask`\n\nThe above exception was the direct cause of the following exception:\n\nTraceback (most recent call last):\n  File "/cpfs01/shared/llm_kernel/hujiakai/KernelLLM/validation_api_server/helpers/evaluations.py", line 720, in run_and_check_correctness\n    output_new = model_new(*inputs)\n  File "/home/lijiaxing/.conda/envs/api/lib/python3.10/site-packages/torch/nn/modules/module.py", line 1773, in _wrapped_call_impl\n    return self._call_impl(*args, **kwargs)\n  File "/home/lijiaxing/.conda/envs/api/lib/python3.10/site-packages/torch/nn/modules/module.py", line 1784, in _call_impl\n    return forward_call(*args, **kwargs)\n  File "/tmp/tmpevl0fodk.py", line 67, in forward\n    matmul_kernel[grid](\n  File "/home/lijiaxing/.conda/envs/api/lib/python3.10/site-packages/triton/runtime/jit.py", line 390, in <lambda>\n    return lambda *args, **kwargs: self.run(grid=grid, warmup=False, *args, **kwargs)\n  File "/home/lijiaxing/.conda/envs/api/lib/python3.10/site-packages/triton/runtime/autotuner.py", line 239, in run\n    benchmark()\n  File "/home/lijiaxing/.conda/envs/api/lib/python3.10/site-packages/triton/runtime/autotuner.py", line 228, in benchmark\n    timings = {config: self._bench(*args, config=config, **kwargs) for config in pruned_configs}\n  File "/home/lijiaxing/.conda/envs/api/lib/python3.10/site-packages/triton/runtime/autotuner.py", line 228, in <dictcomp>\n    timings = {config: self._bench(*args, config=config, **kwargs) for config in pruned_configs}\n  File "/home/lijiaxing/.conda/envs/api/lib/python3.10/site-packages/triton/runtime/autotuner.py", line 160, in _bench\n    return self.do_bench(kernel_call, quantiles=(0.5, 0.2, 0.8))\n  File "/home/lijiaxing/.conda/envs/api/lib/python3.10/site-packages/triton/testing.py", line 149, in do_bench\n    fn()\n  File "/home/lijiaxing/.conda/envs/api/lib/python3.10/site-packages/triton/runtime/autotuner.py", line 146, in kernel_call\n    self.fn.run(\n  File "/home/lijiaxing/.conda/envs/api/lib/python3.10/site-packages/triton/runtime/jit.py", line 594, in run\n    kernel = self.compile(src, target=target, options=options.__dict__)\n  File "/home/lijiaxing/.conda/envs/api/lib/python3.10/site-packages/triton/compiler/compiler.py", line 339, in compile\n    module = src.make_ir(options, codegen_fns, module_map, context)\n  File "/home/lijiaxing/.conda/envs/api/lib/python3.10/site-packages/triton/compiler/compiler.py", line 83, in make_ir\n    return ast_to_ttir(self.fn, self, context=context, options=options, codegen_fns=codegen_fns,\ntriton.compiler.errors.CompilationError: at 25:12:\n    for block_idx in range(pid, num_blocks, tl.num_programs(0)):\n        pid0 = block_idx // num_pid_n\n        pid1 = block_idx % num_pid_n\n\n        offs_m = pid0 * BLOCK_M + tl.arange(0, BLOCK_M)\n        offs_n = pid1 * BLOCK_N + tl.arange(0, BLOCK_N)\n        offs_k = tl.arange(0, BLOCK_K)\n\n        a_ptrs = a_ptr + (offs_m[:, None] % M) * stride_am + (offs_k[None, :] % K) * stride_ak\n        b_ptrs = b_ptr + (offs_k[:, None] % K) * stride_bk + (offs_n[None, :] % N) * stride_bn\n\n        a = tl.load(a_ptrs, mask=None, other=0.0)\n            ^\n\n\nThe above exception was the direct cause of the following exception:\n\nTraceback (most recent call last):\n  File "/home/lijiaxing/.conda/envs/api/lib/python3.10/site-packages/triton/language/core.py", line 42, in wrapper\n    return fn(*args, **kwargs)\n  File "/home/lijiaxing/.conda/envs/api/lib/python3.10/site-packages/triton/language/core.py", line 2150, in load\n    return _semantic.load(pointer, mask, other, boundary_check, padding_option, cache_modifier, eviction_policy,\n  File "/home/lijiaxing/.conda/envs/api/lib/python3.10/site-packages/triton/language/semantic.py", line 1086, in load\n    return self._load_legacy(ptr, mask, other, boundary_check, padding, cache, eviction, is_volatile)\n  File "/home/lijiaxing/.conda/envs/api/lib/python3.10/site-packages/triton/language/semantic.py", line 1021, in _load_legacy\n    raise ValueError("`other` cannot be provided without `mask`")\nValueError: `other` cannot be provided without `mask`\n', 'runtime_error_name': 'triton.compiler.errors.CompilationError', 'reference_timing_ms': 0.0331, 'speed_up': -1.0, 'custom_timing': -1.0}, 'runtime': -1.0, 'runtime_stats': {}}}
2025-08-08 18:00:40,268 - openevolve.threaded_parallel - INFO - Checkpoint interval reached at iteration 6
2025-08-08 18:00:40,269 - openevolve.database - INFO - Island Status:
2025-08-08 18:00:40,269 - openevolve.database - INFO -  * Island 0: 5 programs, best=20.0000, avg=12.0000, diversity=297.80, gen=4 (best: fc8ee225-e635-49fe-8885-404d8aa4cec3)
2025-08-08 18:00:40,269 - openevolve.database - INFO -    Island 1: 3 programs, best=20.0000, avg=16.6667, diversity=108.60, gen=2 (best: 13b9fbd8-e308-4e03-bdf8-6355f5b2fab8)
2025-08-08 18:00:40,269 - openevolve.database - INFO -    Island 2: 2 programs, best=10.0000, avg=10.0000, diversity=35.80, gen=2 (best: 697216f7-004e-443c-8ae2-a515ba4624fd)
2025-08-08 18:00:40,372 - openevolve.database - INFO - Saved database with 9 programs to openevolve_output/level1_7_Matmul_with_small_K_dimension_/checkpoints/checkpoint_6
2025-08-08 18:00:40,382 - openevolve.controller - INFO - Saved best program at checkpoint 6 with metrics: compiled=1.0000, correctness=1.0000, stage=success, passed=0.0000, score=20.0000, speed_up=0.0590, runtime_ms=0.5600, meta={'hardware': 'NVIDIA L20Y', 'device': 'cuda:3', 'correctness_trials': '(5 / 5)', 'reference_timing_ms': 0.0331, 'speed_up': 0.059, 'custom_timing': 0.56}
2025-08-08 18:00:40,382 - openevolve.controller - INFO - Saved checkpoint at iteration 6 to openevolve_output/level1_7_Matmul_with_small_K_dimension_/checkpoints/checkpoint_6
2025-08-08 18:00:52,706 - openevolve.RemoteSpeedupEvaluator - INFO - [level1_7_Matmul_with_small_K_dimension_] triton key words check pass
2025-08-08 18:00:52,707 - openevolve.RemoteSpeedupEvaluator - INFO - [level1_7_Matmul_with_small_K_dimension_] verify_plus payload: reference_code(776 chars) + custom_code(2694 chars)
2025-08-08 18:00:57,889 - openevolve.RemoteSpeedupEvaluator - INFO - [level1_7_Matmul_with_small_K_dimension_] verify_plus request success
2025-08-08 18:00:57,890 - openevolve.RemoteSpeedupEvaluator - INFO - [level1_7_Matmul_with_small_K_dimension_] verify_plus response: {"id":"level1_7_Matmul_with_small_K_dimension_","result":{"compiled":true,"correctness":false,"metadata":{"hardware":"NVIDIA L20Y","device":"cuda:7","runtime_error":"Traceback (most recent call last):\n  File \"/cpfs01/shared/llm_kernel/hujiakai/KernelLLM/validation_api_server/helpers/evaluations.py\", line 738, in run_and_check_correctness\n    if not torch.allclose(\nRuntimeError: Float did not match Half\n","runtime_error_name":"builtins.RuntimeError","reference_timing_ms":0.0331,"speed_up":-1.0,"custom_timing":-1.0},"runtime":-1.0,"runtime_stats":{}}}
2025-08-08 18:00:57,890 - openevolve.RemoteSpeedupEvaluator - INFO - [level1_7_Matmul_with_small_K_dimension_] âœ˜ wrong_answer
2025-08-08 18:00:57,890 - openevolve.evaluator - INFO - Evaluated program dec29185-d75d-4974-b85d-3cae5c6187d7 in 5.18s: compiled=1.0000, correctness=0.0000, score=10.0000, stage=wrong_answer, verify_payload={'id': 'level1_7_Matmul_with_small_K_dimension_', 'result': {'compiled': True, 'correctness': False, 'metadata': {'hardware': 'NVIDIA L20Y', 'device': 'cuda:7', 'runtime_error': 'Traceback (most recent call last):\n  File "/cpfs01/shared/llm_kernel/hujiakai/KernelLLM/validation_api_server/helpers/evaluations.py", line 738, in run_and_check_correctness\n    if not torch.allclose(\nRuntimeError: Float did not match Half\n', 'runtime_error_name': 'builtins.RuntimeError', 'reference_timing_ms': 0.0331, 'speed_up': -1.0, 'custom_timing': -1.0}, 'runtime': -1.0, 'runtime_stats': {}}}
2025-08-08 18:00:57,894 - openevolve.llm.ensemble - INFO - Sampled model: deepseek
2025-08-08 18:00:57,901 - openevolve.database - INFO - New MAP-Elites cell occupied: {'score': 9, 'complexity': 7}
2025-08-08 18:00:57,913 - openevolve.threaded_parallel - INFO - Iteration 8: Program dec29185-d75d-4974-b85d-3cae5c6187d7 (parent: 2837a1d1-61f7-4066-bf50-39695686f2d7) completed in 585.65s
2025-08-08 18:00:57,913 - openevolve.threaded_parallel - INFO - Metrics: compiled=1.0000, correctness=0.0000, score=10.0000, stage=wrong_answer, verify_payload={'id': 'level1_7_Matmul_with_small_K_dimension_', 'result': {'compiled': True, 'correctness': False, 'metadata': {'hardware': 'NVIDIA L20Y', 'device': 'cuda:7', 'runtime_error': 'Traceback (most recent call last):\n  File "/cpfs01/shared/llm_kernel/hujiakai/KernelLLM/validation_api_server/helpers/evaluations.py", line 738, in run_and_check_correctness\n    if not torch.allclose(\nRuntimeError: Float did not match Half\n', 'runtime_error_name': 'builtins.RuntimeError', 'reference_timing_ms': 0.0331, 'speed_up': -1.0, 'custom_timing': -1.0}, 'runtime': -1.0, 'runtime_stats': {}}}
2025-08-08 18:08:03,520 - openevolve.RemoteSpeedupEvaluator - INFO - [level1_7_Matmul_with_small_K_dimension_] triton key words check pass
2025-08-08 18:08:03,521 - openevolve.RemoteSpeedupEvaluator - INFO - [level1_7_Matmul_with_small_K_dimension_] verify_plus payload: reference_code(776 chars) + custom_code(3274 chars)
2025-08-08 18:08:06,509 - openevolve.RemoteSpeedupEvaluator - INFO - [level1_7_Matmul_with_small_K_dimension_] verify_plus request success
2025-08-08 18:08:06,510 - openevolve.RemoteSpeedupEvaluator - INFO - [level1_7_Matmul_with_small_K_dimension_] verify_plus response: {"id":"level1_7_Matmul_with_small_K_dimension_","result":{"compiled":true,"correctness":false,"metadata":{"hardware":"NVIDIA L20Y","device":"cuda:0","runtime_error":"Traceback (most recent call last):\n  File \"/cpfs01/shared/llm_kernel/hujiakai/KernelLLM/validation_api_server/helpers/evaluations.py\", line 720, in run_and_check_correctness\n    output_new = model_new(*inputs)\n  File \"/home/lijiaxing/.conda/envs/api/lib/python3.10/site-packages/torch/nn/modules/module.py\", line 1773, in _wrapped_call_impl\n    return self._call_impl(*args, **kwargs)\n  File \"/home/lijiaxing/.conda/envs/api/lib/python3.10/site-packages/torch/nn/modules/module.py\", line 1784, in _call_impl\n    return forward_call(*args, **kwargs)\n  File \"/tmp/tmpcsi10jfp.py\", line 68, in forward\n    _matmul_kernel[
2025-08-08 18:08:06,510 - openevolve.RemoteSpeedupEvaluator - INFO - [level1_7_Matmul_with_small_K_dimension_] âœ˜ wrong_answer
2025-08-08 18:08:06,510 - openevolve.evaluator - INFO - Evaluated program eff07328-04ca-4353-b3f7-e198d8271a93 in 2.99s: compiled=1.0000, correctness=0.0000, score=10.0000, stage=wrong_answer, verify_payload={'id': 'level1_7_Matmul_with_small_K_dimension_', 'result': {'compiled': True, 'correctness': False, 'metadata': {'hardware': 'NVIDIA L20Y', 'device': 'cuda:0', 'runtime_error': 'Traceback (most recent call last):\n  File "/cpfs01/shared/llm_kernel/hujiakai/KernelLLM/validation_api_server/helpers/evaluations.py", line 720, in run_and_check_correctness\n    output_new = model_new(*inputs)\n  File "/home/lijiaxing/.conda/envs/api/lib/python3.10/site-packages/torch/nn/modules/module.py", line 1773, in _wrapped_call_impl\n    return self._call_impl(*args, **kwargs)\n  File "/home/lijiaxing/.conda/envs/api/lib/python3.10/site-packages/torch/nn/modules/module.py", line 1784, in _call_impl\n    return forward_call(*args, **kwargs)\n  File "/tmp/tmpcsi10jfp.py", line 68, in forward\n    _matmul_kernel[grid](\n  File "/home/lijiaxing/.conda/envs/api/lib/python3.10/site-packages/triton/runtime/jit.py", line 390, in <lambda>\n    return lambda *args, **kwargs: self.run(grid=grid, warmup=False, *args, **kwargs)\n  File "/home/lijiaxing/.conda/envs/api/lib/python3.10/site-packages/triton/runtime/autotuner.py", line 239, in run\n    benchmark()\n  File "/home/lijiaxing/.conda/envs/api/lib/python3.10/site-packages/triton/runtime/autotuner.py", line 228, in benchmark\n    timings = {config: self._bench(*args, config=config, **kwargs) for config in pruned_configs}\n  File "/home/lijiaxing/.conda/envs/api/lib/python3.10/site-packages/triton/runtime/autotuner.py", line 228, in <dictcomp>\n    timings = {config: self._bench(*args, config=config, **kwargs) for config in pruned_configs}\n  File "/home/lijiaxing/.conda/envs/api/lib/python3.10/site-packages/triton/runtime/autotuner.py", line 160, in _bench\n    return self.do_bench(kernel_call, quantiles=(0.5, 0.2, 0.8))\n  File "/home/lijiaxing/.conda/envs/api/lib/python3.10/site-packages/triton/testing.py", line 149, in do_bench\n    fn()\n  File "/home/lijiaxing/.conda/envs/api/lib/python3.10/site-packages/triton/runtime/autotuner.py", line 146, in kernel_call\n    self.fn.run(\n  File "/home/lijiaxing/.conda/envs/api/lib/python3.10/site-packages/triton/runtime/jit.py", line 594, in run\n    kernel = self.compile(src, target=target, options=options.__dict__)\n  File "/home/lijiaxing/.conda/envs/api/lib/python3.10/site-packages/triton/compiler/compiler.py", line 339, in compile\n    module = src.make_ir(options, codegen_fns, module_map, context)\n  File "/home/lijiaxing/.conda/envs/api/lib/python3.10/site-packages/triton/compiler/compiler.py", line 83, in make_ir\n    return ast_to_ttir(self.fn, self, context=context, options=options, codegen_fns=codegen_fns,\ntriton.compiler.errors.CompilationError: at 26:16:\n    offs_n = pid_n * BLOCK_N + tl.arange(0, BLOCK_N)\n    offs_k = tl.arange(0, 32)\n\n    a_ptrs = a_ptr + offs_m[:, None] * stride_am + offs_k[None, :] * stride_ak\n    b_ptrs = b_ptr + offs_k[:, None] * stride_bk + offs_n[None, :] * stride_bn\n\n    a_block = tl.load(a_ptrs, mask=(offs_m[:, None] < M) & (offs_k[None, :] < 32), other=0.0)\n    b_block = tl.load(b_ptrs, mask=(offs_k[:, None] < 32) & (offs_n[None, :] < N), other=0.0)\n\n    c_block = tl.zeros((BLOCK_M, BLOCK_N), dtype=tl.float32)\n    for k in range(0, 32):\n        a_col = a_block[:, k]\n                ^\nValueError(\'unsupported tensor index: int32[]\')\n\n\nThe above exception was the direct cause of the following exception:\n\nTraceback (most recent call last):\n  File "/home/lijiaxing/.conda/envs/api/lib/python3.10/site-packages/triton/language/core.py", line 42, in wrapper\n    return fn(*args, **kwargs)\n  File "/home/lijiaxing/.conda/envs/api/lib/python3.10/site-packages/triton/language/core.py", line 1118, in __getitem__\n    raise ValueError(f"unsupported tensor index: {sl}")\nValueError: unsupported tensor index: int32[]\n', 'runtime_error_name': 'triton.compiler.errors.CompilationError', 'reference_timing_ms': 0.0331, 'speed_up': -1.0, 'custom_timing': -1.0}, 'runtime': -1.0, 'runtime_stats': {}}}
2025-08-08 18:08:06,514 - openevolve.llm.ensemble - INFO - Sampled model: deepseek
2025-08-08 18:08:06,554 - openevolve.threaded_parallel - INFO - Iteration 10: Program eff07328-04ca-4353-b3f7-e198d8271a93 (parent: 697216f7-004e-443c-8ae2-a515ba4624fd) completed in 446.26s
2025-08-08 18:08:06,554 - openevolve.threaded_parallel - INFO - Metrics: compiled=1.0000, correctness=0.0000, score=10.0000, stage=wrong_answer, verify_payload={'id': 'level1_7_Matmul_with_small_K_dimension_', 'result': {'compiled': True, 'correctness': False, 'metadata': {'hardware': 'NVIDIA L20Y', 'device': 'cuda:0', 'runtime_error': 'Traceback (most recent call last):\n  File "/cpfs01/shared/llm_kernel/hujiakai/KernelLLM/validation_api_server/helpers/evaluations.py", line 720, in run_and_check_correctness\n    output_new = model_new(*inputs)\n  File "/home/lijiaxing/.conda/envs/api/lib/python3.10/site-packages/torch/nn/modules/module.py", line 1773, in _wrapped_call_impl\n    return self._call_impl(*args, **kwargs)\n  File "/home/lijiaxing/.conda/envs/api/lib/python3.10/site-packages/torch/nn/modules/module.py", line 1784, in _call_impl\n    return forward_call(*args, **kwargs)\n  File "/tmp/tmpcsi10jfp.py", line 68, in forward\n    _matmul_kernel[grid](\n  File "/home/lijiaxing/.conda/envs/api/lib/python3.10/site-packages/triton/runtime/jit.py", line 390, in <lambda>\n    return lambda *args, **kwargs: self.run(grid=grid, warmup=False, *args, **kwargs)\n  File "/home/lijiaxing/.conda/envs/api/lib/python3.10/site-packages/triton/runtime/autotuner.py", line 239, in run\n    benchmark()\n  File "/home/lijiaxing/.conda/envs/api/lib/python3.10/site-packages/triton/runtime/autotuner.py", line 228, in benchmark\n    timings = {config: self._bench(*args, config=config, **kwargs) for config in pruned_configs}\n  File "/home/lijiaxing/.conda/envs/api/lib/python3.10/site-packages/triton/runtime/autotuner.py", line 228, in <dictcomp>\n    timings = {config: self._bench(*args, config=config, **kwargs) for config in pruned_configs}\n  File "/home/lijiaxing/.conda/envs/api/lib/python3.10/site-packages/triton/runtime/autotuner.py", line 160, in _bench\n    return self.do_bench(kernel_call, quantiles=(0.5, 0.2, 0.8))\n  File "/home/lijiaxing/.conda/envs/api/lib/python3.10/site-packages/triton/testing.py", line 149, in do_bench\n    fn()\n  File "/home/lijiaxing/.conda/envs/api/lib/python3.10/site-packages/triton/runtime/autotuner.py", line 146, in kernel_call\n    self.fn.run(\n  File "/home/lijiaxing/.conda/envs/api/lib/python3.10/site-packages/triton/runtime/jit.py", line 594, in run\n    kernel = self.compile(src, target=target, options=options.__dict__)\n  File "/home/lijiaxing/.conda/envs/api/lib/python3.10/site-packages/triton/compiler/compiler.py", line 339, in compile\n    module = src.make_ir(options, codegen_fns, module_map, context)\n  File "/home/lijiaxing/.conda/envs/api/lib/python3.10/site-packages/triton/compiler/compiler.py", line 83, in make_ir\n    return ast_to_ttir(self.fn, self, context=context, options=options, codegen_fns=codegen_fns,\ntriton.compiler.errors.CompilationError: at 26:16:\n    offs_n = pid_n * BLOCK_N + tl.arange(0, BLOCK_N)\n    offs_k = tl.arange(0, 32)\n\n    a_ptrs = a_ptr + offs_m[:, None] * stride_am + offs_k[None, :] * stride_ak\n    b_ptrs = b_ptr + offs_k[:, None] * stride_bk + offs_n[None, :] * stride_bn\n\n    a_block = tl.load(a_ptrs, mask=(offs_m[:, None] < M) & (offs_k[None, :] < 32), other=0.0)\n    b_block = tl.load(b_ptrs, mask=(offs_k[:, None] < 32) & (offs_n[None, :] < N), other=0.0)\n\n    c_block = tl.zeros((BLOCK_M, BLOCK_N), dtype=tl.float32)\n    for k in range(0, 32):\n        a_col = a_block[:, k]\n                ^\nValueError(\'unsupported tensor index: int32[]\')\n\n\nThe above exception was the direct cause of the following exception:\n\nTraceback (most recent call last):\n  File "/home/lijiaxing/.conda/envs/api/lib/python3.10/site-packages/triton/language/core.py", line 42, in wrapper\n    return fn(*args, **kwargs)\n  File "/home/lijiaxing/.conda/envs/api/lib/python3.10/site-packages/triton/language/core.py", line 1118, in __getitem__\n    raise ValueError(f"unsupported tensor index: {sl}")\nValueError: unsupported tensor index: int32[]\n', 'runtime_error_name': 'triton.compiler.errors.CompilationError', 'reference_timing_ms': 0.0331, 'speed_up': -1.0, 'custom_timing': -1.0}, 'runtime': -1.0, 'runtime_stats': {}}}
2025-08-08 18:11:12,018 - openevolve.RemoteSpeedupEvaluator - INFO - [level1_7_Matmul_with_small_K_dimension_] triton key words check pass
2025-08-08 18:11:12,067 - openevolve.RemoteSpeedupEvaluator - INFO - [level1_7_Matmul_with_small_K_dimension_] verify_plus payload: reference_code(776 chars) + custom_code(2855 chars)
2025-08-08 18:11:18,637 - openevolve.RemoteSpeedupEvaluator - INFO - [level1_7_Matmul_with_small_K_dimension_] verify_plus request success
2025-08-08 18:11:18,637 - openevolve.RemoteSpeedupEvaluator - INFO - [level1_7_Matmul_with_small_K_dimension_] verify_plus response: {"id":"level1_7_Matmul_with_small_K_dimension_","result":{"compiled":true,"correctness":false,"metadata":{"hardware":"NVIDIA L20Y","device":"cuda:6","max_difference":["0.034637","0.038040","0.035515","0.036993","0.033375"],"avg_difference":["0.003421","0.003415","0.003422","0.003413","0.003423"],"correctness_issue":"Output mismatch","correctness_trials":"(0 / 5)","reference_timing_ms":0.0331,"speed_up":-1.0,"custom_timing":-1.0},"runtime":-1.0,"runtime_stats":{}}}
2025-08-08 18:11:18,637 - openevolve.RemoteSpeedupEvaluator - INFO - [level1_7_Matmul_with_small_K_dimension_] âœ˜ wrong_answer
2025-08-08 18:11:18,638 - openevolve.evaluator - INFO - Evaluated program e4d5b960-52ae-41b1-bee5-6fa65da4f4ff in 6.62s: compiled=1.0000, correctness=0.0000, score=10.0000, stage=wrong_answer, verify_payload={'id': 'level1_7_Matmul_with_small_K_dimension_', 'result': {'compiled': True, 'correctness': False, 'metadata': {'hardware': 'NVIDIA L20Y', 'device': 'cuda:6', 'max_difference': ['0.034637', '0.038040', '0.035515', '0.036993', '0.033375'], 'avg_difference': ['0.003421', '0.003415', '0.003422', '0.003413', '0.003423'], 'correctness_issue': 'Output mismatch', 'correctness_trials': '(0 / 5)', 'reference_timing_ms': 0.0331, 'speed_up': -1.0, 'custom_timing': -1.0}, 'runtime': -1.0, 'runtime_stats': {}}}
2025-08-08 18:11:18,642 - openevolve.llm.ensemble - INFO - Sampled model: deepseek
2025-08-08 18:11:18,660 - openevolve.threaded_parallel - INFO - Iteration 11: Program e4d5b960-52ae-41b1-bee5-6fa65da4f4ff (parent: 5436e89d-d979-42f0-a3fd-cd0b4ccc11fa) completed in 620.74s
2025-08-08 18:11:18,660 - openevolve.threaded_parallel - INFO - Metrics: compiled=1.0000, correctness=0.0000, score=10.0000, stage=wrong_answer, verify_payload={'id': 'level1_7_Matmul_with_small_K_dimension_', 'result': {'compiled': True, 'correctness': False, 'metadata': {'hardware': 'NVIDIA L20Y', 'device': 'cuda:6', 'max_difference': ['0.034637', '0.038040', '0.035515', '0.036993', '0.033375'], 'avg_difference': ['0.003421', '0.003415', '0.003422', '0.003413', '0.003423'], 'correctness_issue': 'Output mismatch', 'correctness_trials': '(0 / 5)', 'reference_timing_ms': 0.0331, 'speed_up': -1.0, 'custom_timing': -1.0}, 'runtime': -1.0, 'runtime_stats': {}}}
2025-08-08 18:13:49,302 - openevolve.RemoteSpeedupEvaluator - INFO - [level1_7_Matmul_with_small_K_dimension_] âœ˜ invalid_answer 'import triton' is not found
2025-08-08 18:13:49,304 - openevolve.evaluator - INFO - Evaluated program 992beda6-2e10-4ce5-85aa-f50db5084579 in 0.00s: compiled=0.0000, correctness=0.0000, score=-100.0000, stage=no_valid_triton_code, feedback=You need to generate real and valid triton code for the core function. The key word 'import triton' is not found.
2025-08-08 18:13:49,309 - openevolve.llm.ensemble - INFO - Sampled model: deepseek
2025-08-08 18:13:49,314 - openevolve.database - INFO - New MAP-Elites cell occupied: {'score': -1000, 'complexity': 3}
2025-08-08 18:13:49,320 - openevolve.threaded_parallel - INFO - Iteration 9: Program 992beda6-2e10-4ce5-85aa-f50db5084579 (parent: fc8ee225-e635-49fe-8885-404d8aa4cec3) completed in 807.56s
2025-08-08 18:13:49,320 - openevolve.threaded_parallel - INFO - Metrics: compiled=0.0000, correctness=0.0000, score=-100.0000, stage=no_valid_triton_code, feedback=You need to generate real and valid triton code for the core function. The key word 'import triton' is not found.
2025-08-08 18:13:49,320 - openevolve.threaded_parallel - INFO - Checkpoint interval reached at iteration 9
2025-08-08 18:13:49,321 - openevolve.database - INFO - Island Status:
2025-08-08 18:13:49,321 - openevolve.database - INFO -    Island 0: 7 programs, best=20.0000, avg=-4.2857, diversity=358.08, gen=5 (best: fc8ee225-e635-49fe-8885-404d8aa4cec3)
2025-08-08 18:13:49,322 - openevolve.database - INFO -  * Island 1: 4 programs, best=20.0000, avg=15.0000, diversity=112.20, gen=4 (best: 13b9fbd8-e308-4e03-bdf8-6355f5b2fab8)
2025-08-08 18:13:49,322 - openevolve.database - INFO -    Island 2: 3 programs, best=10.0000, avg=10.0000, diversity=52.67, gen=3 (best: 697216f7-004e-443c-8ae2-a515ba4624fd)
2025-08-08 18:13:49,491 - openevolve.database - INFO - Saved database with 13 programs to openevolve_output/level1_7_Matmul_with_small_K_dimension_/checkpoints/checkpoint_9
2025-08-08 18:13:49,502 - openevolve.controller - INFO - Saved best program at checkpoint 9 with metrics: compiled=1.0000, correctness=1.0000, stage=success, passed=0.0000, score=20.0000, speed_up=0.0590, runtime_ms=0.5600, meta={'hardware': 'NVIDIA L20Y', 'device': 'cuda:3', 'correctness_trials': '(5 / 5)', 'reference_timing_ms': 0.0331, 'speed_up': 0.059, 'custom_timing': 0.56}
2025-08-08 18:13:49,502 - openevolve.controller - INFO - Saved checkpoint at iteration 9 to openevolve_output/level1_7_Matmul_with_small_K_dimension_/checkpoints/checkpoint_9
2025-08-08 18:18:36,372 - openevolve.RemoteSpeedupEvaluator - INFO - [level1_7_Matmul_with_small_K_dimension_] triton key words check pass
2025-08-08 18:18:36,373 - openevolve.RemoteSpeedupEvaluator - INFO - [level1_7_Matmul_with_small_K_dimension_] verify_plus payload: reference_code(776 chars) + custom_code(2935 chars)
2025-08-08 18:18:59,817 - openevolve.RemoteSpeedupEvaluator - INFO - [level1_7_Matmul_with_small_K_dimension_] verify_plus request success
2025-08-08 18:18:59,817 - openevolve.RemoteSpeedupEvaluator - INFO - [level1_7_Matmul_with_small_K_dimension_] verify_plus response: {"id":"level1_7_Matmul_with_small_K_dimension_","result":{"compiled":true,"correctness":true,"metadata":{"hardware":"NVIDIA L20Y","device":"cuda:4","correctness_trials":"(5 / 5)","reference_timing_ms":0.0331,"speed_up":0.043,"custom_timing":0.761},"runtime":0.761,"runtime_stats":{"mean":0.761,"std":0.00413,"min":0.754,"max":0.781,"num_trials":100,"hardware":"NVIDIA L20Y","device":"cuda:4"}}}
2025-08-08 18:18:59,817 - openevolve.RemoteSpeedupEvaluator - INFO - [level1_7_Matmul_with_small_K_dimension_] âœ” success | speed_up=0.043  score=20.00
2025-08-08 18:18:59,817 - openevolve.evaluator - INFO - Evaluated program 0c0c8e10-b38b-417a-b15f-10475c08fca7 in 23.45s: compiled=1.0000, correctness=1.0000, stage=success, passed=0.0000, score=20.0000, speed_up=0.0430, runtime_ms=0.7610, meta={'hardware': 'NVIDIA L20Y', 'device': 'cuda:4', 'correctness_trials': '(5 / 5)', 'reference_timing_ms': 0.0331, 'speed_up': 0.043, 'custom_timing': 0.761}
2025-08-08 18:18:59,820 - openevolve.llm.ensemble - INFO - Sampled model: deepseek
2025-08-08 18:18:59,821 - openevolve.database - INFO - MAP-Elites cell improved: {'score': 9, 'complexity': 8} (fitness: 10.000 -> 20.000)
2025-08-08 18:18:59,834 - openevolve.threaded_parallel - INFO - Iteration 12: Program 0c0c8e10-b38b-417a-b15f-10475c08fca7 (parent: 38c61d6e-65f2-42df-bae8-6dd020365e32) completed in 653.30s
2025-08-08 18:18:59,834 - openevolve.threaded_parallel - INFO - Metrics: compiled=1.0000, correctness=1.0000, stage=success, passed=0.0000, score=20.0000, speed_up=0.0430, runtime_ms=0.7610, meta={'hardware': 'NVIDIA L20Y', 'device': 'cuda:4', 'correctness_trials': '(5 / 5)', 'reference_timing_ms': 0.0331, 'speed_up': 0.043, 'custom_timing': 0.761}
2025-08-08 18:18:59,834 - openevolve.threaded_parallel - INFO - Checkpoint interval reached at iteration 12
2025-08-08 18:18:59,835 - openevolve.database - INFO - Island Status:
2025-08-08 18:18:59,835 - openevolve.database - INFO -    Island 0: 7 programs, best=20.0000, avg=-4.2857, diversity=358.08, gen=5 (best: fc8ee225-e635-49fe-8885-404d8aa4cec3)
2025-08-08 18:18:59,835 - openevolve.database - INFO -    Island 1: 5 programs, best=20.0000, avg=16.0000, diversity=76.20, gen=4 (best: 13b9fbd8-e308-4e03-bdf8-6355f5b2fab8)
2025-08-08 18:18:59,835 - openevolve.database - INFO -  * Island 2: 3 programs, best=10.0000, avg=10.0000, diversity=52.67, gen=4 (best: 697216f7-004e-443c-8ae2-a515ba4624fd)
2025-08-08 18:19:00,002 - openevolve.database - INFO - Saved database with 14 programs to openevolve_output/level1_7_Matmul_with_small_K_dimension_/checkpoints/checkpoint_12
2025-08-08 18:19:00,012 - openevolve.controller - INFO - Saved best program at checkpoint 12 with metrics: compiled=1.0000, correctness=1.0000, stage=success, passed=0.0000, score=20.0000, speed_up=0.0590, runtime_ms=0.5600, meta={'hardware': 'NVIDIA L20Y', 'device': 'cuda:3', 'correctness_trials': '(5 / 5)', 'reference_timing_ms': 0.0331, 'speed_up': 0.059, 'custom_timing': 0.56}
2025-08-08 18:19:00,012 - openevolve.controller - INFO - Saved checkpoint at iteration 12 to openevolve_output/level1_7_Matmul_with_small_K_dimension_/checkpoints/checkpoint_12
2025-08-08 18:19:09,074 - openevolve.RemoteSpeedupEvaluator - INFO - [level1_7_Matmul_with_small_K_dimension_] triton key words check pass
2025-08-08 18:19:09,075 - openevolve.RemoteSpeedupEvaluator - INFO - [level1_7_Matmul_with_small_K_dimension_] verify_plus payload: reference_code(776 chars) + custom_code(2635 chars)
2025-08-08 18:19:15,258 - openevolve.RemoteSpeedupEvaluator - INFO - [level1_7_Matmul_with_small_K_dimension_] verify_plus request success
2025-08-08 18:19:15,258 - openevolve.RemoteSpeedupEvaluator - INFO - [level1_7_Matmul_with_small_K_dimension_] verify_plus response: {"id":"level1_7_Matmul_with_small_K_dimension_","result":{"compiled":true,"correctness":true,"metadata":{"hardware":"NVIDIA L20Y","device":"cuda:7","correctness_trials":"(5 / 5)","reference_timing_ms":0.0331,"speed_up":0.06,"custom_timing":0.555},"runtime":0.555,"runtime_stats":{"mean":0.555,"std":0.0023,"min":0.552,"max":0.57,"num_trials":100,"hardware":"NVIDIA L20Y","device":"cuda:7"}}}
2025-08-08 18:19:15,258 - openevolve.RemoteSpeedupEvaluator - INFO - [level1_7_Matmul_with_small_K_dimension_] âœ” success | speed_up=0.060  score=20.00
2025-08-08 18:19:15,259 - openevolve.evaluator - INFO - Evaluated program d44b1fbc-a129-4de0-9e35-3174e5ead1b8 in 6.19s: compiled=1.0000, correctness=1.0000, stage=success, passed=0.0000, score=20.0000, speed_up=0.0600, runtime_ms=0.5550, meta={'hardware': 'NVIDIA L20Y', 'device': 'cuda:7', 'correctness_trials': '(5 / 5)', 'reference_timing_ms': 0.0331, 'speed_up': 0.06, 'custom_timing': 0.555}
2025-08-08 18:19:15,262 - openevolve.llm.ensemble - INFO - Sampled model: deepseek
2025-08-08 18:19:15,266 - openevolve.database - INFO - MAP-Elites cell improved: {'score': 9, 'complexity': 7} (fitness: 10.000 -> 20.000)
2025-08-08 18:19:15,279 - openevolve.threaded_parallel - INFO - Iteration 13: Program d44b1fbc-a129-4de0-9e35-3174e5ead1b8 (parent: 697216f7-004e-443c-8ae2-a515ba4624fd) completed in 476.62s
2025-08-08 18:19:15,279 - openevolve.threaded_parallel - INFO - Metrics: compiled=1.0000, correctness=1.0000, stage=success, passed=0.0000, score=20.0000, speed_up=0.0600, runtime_ms=0.5550, meta={'hardware': 'NVIDIA L20Y', 'device': 'cuda:7', 'correctness_trials': '(5 / 5)', 'reference_timing_ms': 0.0331, 'speed_up': 0.06, 'custom_timing': 0.555}
2025-08-08 18:23:45,104 - openevolve.RemoteSpeedupEvaluator - INFO - [level1_7_Matmul_with_small_K_dimension_] triton key words check pass
2025-08-08 18:23:45,105 - openevolve.RemoteSpeedupEvaluator - INFO - [level1_7_Matmul_with_small_K_dimension_] verify_plus payload: reference_code(776 chars) + custom_code(2717 chars)
2025-08-08 18:23:52,592 - openevolve.RemoteSpeedupEvaluator - INFO - [level1_7_Matmul_with_small_K_dimension_] verify_plus request success
2025-08-08 18:23:52,593 - openevolve.RemoteSpeedupEvaluator - INFO - [level1_7_Matmul_with_small_K_dimension_] verify_plus response: {"id":"level1_7_Matmul_with_small_K_dimension_","result":{"compiled":true,"correctness":true,"metadata":{"hardware":"NVIDIA L20Y","device":"cuda:2","correctness_trials":"(5 / 5)","reference_timing_ms":0.0331,"speed_up":0.059,"custom_timing":0.559},"runtime":0.559,"runtime_stats":{"mean":0.559,"std":0.00252,"min":0.556,"max":0.57,"num_trials":100,"hardware":"NVIDIA L20Y","device":"cuda:2"}}}
2025-08-08 18:23:52,593 - openevolve.RemoteSpeedupEvaluator - INFO - [level1_7_Matmul_with_small_K_dimension_] âœ” success | speed_up=0.059  score=20.00
2025-08-08 18:23:52,593 - openevolve.evaluator - INFO - Evaluated program c2387e81-6cd9-4cfe-9502-a223c9fa7fa2 in 7.49s: compiled=1.0000, correctness=1.0000, stage=success, passed=0.0000, score=20.0000, speed_up=0.0590, runtime_ms=0.5590, meta={'hardware': 'NVIDIA L20Y', 'device': 'cuda:2', 'correctness_trials': '(5 / 5)', 'reference_timing_ms': 0.0331, 'speed_up': 0.059, 'custom_timing': 0.559}
2025-08-08 18:23:52,599 - openevolve.llm.ensemble - INFO - Sampled model: deepseek
2025-08-08 18:23:52,610 - openevolve.threaded_parallel - INFO - Iteration 14: Program c2387e81-6cd9-4cfe-9502-a223c9fa7fa2 (parent: 2837a1d1-61f7-4066-bf50-39695686f2d7) completed in 603.28s
2025-08-08 18:23:52,610 - openevolve.threaded_parallel - INFO - Metrics: compiled=1.0000, correctness=1.0000, stage=success, passed=0.0000, score=20.0000, speed_up=0.0590, runtime_ms=0.5590, meta={'hardware': 'NVIDIA L20Y', 'device': 'cuda:2', 'correctness_trials': '(5 / 5)', 'reference_timing_ms': 0.0331, 'speed_up': 0.059, 'custom_timing': 0.559}
2025-08-08 18:29:19,734 - openevolve.RemoteSpeedupEvaluator - INFO - [level1_7_Matmul_with_small_K_dimension_] triton key words check pass
2025-08-08 18:29:19,735 - openevolve.RemoteSpeedupEvaluator - INFO - [level1_7_Matmul_with_small_K_dimension_] verify_plus payload: reference_code(776 chars) + custom_code(2738 chars)
2025-08-08 18:29:24,868 - openevolve.RemoteSpeedupEvaluator - INFO - [level1_7_Matmul_with_small_K_dimension_] verify_plus request success
2025-08-08 18:29:24,868 - openevolve.RemoteSpeedupEvaluator - INFO - [level1_7_Matmul_with_small_K_dimension_] verify_plus response: {"id":"level1_7_Matmul_with_small_K_dimension_","result":{"compiled":true,"correctness":false,"metadata":{"hardware":"NVIDIA L20Y","device":"cuda:4","runtime_error":"Traceback (most recent call last):\n  File \"/cpfs01/shared/llm_kernel/hujiakai/KernelLLM/validation_api_server/helpers/evaluations.py\", line 738, in run_and_check_correctness\n    if not torch.allclose(\nRuntimeError: Float did not match Half\n","runtime_error_name":"builtins.RuntimeError","reference_timing_ms":0.0331,"speed_up":-1.0,"custom_timing":-1.0},"runtime":-1.0,"runtime_stats":{}}}
2025-08-08 18:29:24,868 - openevolve.RemoteSpeedupEvaluator - INFO - [level1_7_Matmul_with_small_K_dimension_] âœ˜ wrong_answer
2025-08-08 18:29:24,868 - openevolve.evaluator - INFO - Evaluated program 98f92d21-1300-4237-a716-3cf1297ba8b7 in 5.14s: compiled=1.0000, correctness=0.0000, score=10.0000, stage=wrong_answer, verify_payload={'id': 'level1_7_Matmul_with_small_K_dimension_', 'result': {'compiled': True, 'correctness': False, 'metadata': {'hardware': 'NVIDIA L20Y', 'device': 'cuda:4', 'runtime_error': 'Traceback (most recent call last):\n  File "/cpfs01/shared/llm_kernel/hujiakai/KernelLLM/validation_api_server/helpers/evaluations.py", line 738, in run_and_check_correctness\n    if not torch.allclose(\nRuntimeError: Float did not match Half\n', 'runtime_error_name': 'builtins.RuntimeError', 'reference_timing_ms': 0.0331, 'speed_up': -1.0, 'custom_timing': -1.0}, 'runtime': -1.0, 'runtime_stats': {}}}
2025-08-08 18:29:24,873 - openevolve.llm.ensemble - INFO - Sampled model: deepseek
2025-08-08 18:29:24,883 - openevolve.threaded_parallel - INFO - Iteration 17: Program 98f92d21-1300-4237-a716-3cf1297ba8b7 (parent: dec29185-d75d-4974-b85d-3cae5c6187d7) completed in 332.27s
2025-08-08 18:29:24,884 - openevolve.threaded_parallel - INFO - Metrics: compiled=1.0000, correctness=0.0000, score=10.0000, stage=wrong_answer, verify_payload={'id': 'level1_7_Matmul_with_small_K_dimension_', 'result': {'compiled': True, 'correctness': False, 'metadata': {'hardware': 'NVIDIA L20Y', 'device': 'cuda:4', 'runtime_error': 'Traceback (most recent call last):\n  File "/cpfs01/shared/llm_kernel/hujiakai/KernelLLM/validation_api_server/helpers/evaluations.py", line 738, in run_and_check_correctness\n    if not torch.allclose(\nRuntimeError: Float did not match Half\n', 'runtime_error_name': 'builtins.RuntimeError', 'reference_timing_ms': 0.0331, 'speed_up': -1.0, 'custom_timing': -1.0}, 'runtime': -1.0, 'runtime_stats': {}}}
2025-08-08 18:32:44,349 - openevolve.RemoteSpeedupEvaluator - INFO - [level1_7_Matmul_with_small_K_dimension_] triton key words check pass
2025-08-08 18:32:44,351 - openevolve.RemoteSpeedupEvaluator - INFO - [level1_7_Matmul_with_small_K_dimension_] verify_plus payload: reference_code(776 chars) + custom_code(2929 chars)
2025-08-08 18:32:54,223 - openevolve.RemoteSpeedupEvaluator - INFO - [level1_7_Matmul_with_small_K_dimension_] verify_plus request success
2025-08-08 18:32:54,224 - openevolve.RemoteSpeedupEvaluator - INFO - [level1_7_Matmul_with_small_K_dimension_] verify_plus response: {"id":"level1_7_Matmul_with_small_K_dimension_","result":{"compiled":true,"correctness":true,"metadata":{"hardware":"NVIDIA L20Y","device":"cuda:5","correctness_trials":"(5 / 5)","reference_timing_ms":0.0331,"speed_up":0.06,"custom_timing":0.554},"runtime":0.554,"runtime_stats":{"mean":0.554,"std":0.00281,"min":0.551,"max":0.565,"num_trials":100,"hardware":"NVIDIA L20Y","device":"cuda:5"}}}
2025-08-08 18:32:54,224 - openevolve.RemoteSpeedupEvaluator - INFO - [level1_7_Matmul_with_small_K_dimension_] âœ” success | speed_up=0.060  score=20.00
2025-08-08 18:32:54,224 - openevolve.evaluator - INFO - Evaluated program 8ca0e565-0b30-46d7-99b9-aa22a056ca6f in 9.88s: compiled=1.0000, correctness=1.0000, stage=success, passed=0.0000, score=20.0000, speed_up=0.0600, runtime_ms=0.5540, meta={'hardware': 'NVIDIA L20Y', 'device': 'cuda:5', 'correctness_trials': '(5 / 5)', 'reference_timing_ms': 0.0331, 'speed_up': 0.06, 'custom_timing': 0.554}
2025-08-08 18:32:54,228 - openevolve.llm.ensemble - INFO - Sampled model: deepseek
2025-08-08 18:32:54,242 - openevolve.threaded_parallel - INFO - Iteration 16: Program 8ca0e565-0b30-46d7-99b9-aa22a056ca6f (parent: e4d5b960-52ae-41b1-bee5-6fa65da4f4ff) completed in 818.96s
2025-08-08 18:32:54,242 - openevolve.threaded_parallel - INFO - Metrics: compiled=1.0000, correctness=1.0000, stage=success, passed=0.0000, score=20.0000, speed_up=0.0600, runtime_ms=0.5540, meta={'hardware': 'NVIDIA L20Y', 'device': 'cuda:5', 'correctness_trials': '(5 / 5)', 'reference_timing_ms': 0.0331, 'speed_up': 0.06, 'custom_timing': 0.554}
2025-08-08 18:33:42,523 - openevolve.RemoteSpeedupEvaluator - INFO - [level1_7_Matmul_with_small_K_dimension_] triton key words check pass
2025-08-08 18:33:42,524 - openevolve.RemoteSpeedupEvaluator - INFO - [level1_7_Matmul_with_small_K_dimension_] verify_plus payload: reference_code(776 chars) + custom_code(2543 chars)
2025-08-08 18:33:47,772 - openevolve.RemoteSpeedupEvaluator - INFO - [level1_7_Matmul_with_small_K_dimension_] verify_plus request success
2025-08-08 18:33:47,772 - openevolve.RemoteSpeedupEvaluator - INFO - [level1_7_Matmul_with_small_K_dimension_] verify_plus response: {"id":"level1_7_Matmul_with_small_K_dimension_","result":{"compiled":true,"correctness":true,"metadata":{"hardware":"NVIDIA L20Y","device":"cuda:1","correctness_trials":"(5 / 5)","reference_timing_ms":0.0331,"speed_up":0.06,"custom_timing":0.555},"runtime":0.555,"runtime_stats":{"mean":0.555,"std":0.00311,"min":0.55,"max":0.571,"num_trials":100,"hardware":"NVIDIA L20Y","device":"cuda:1"}}}
2025-08-08 18:33:47,772 - openevolve.RemoteSpeedupEvaluator - INFO - [level1_7_Matmul_with_small_K_dimension_] âœ” success | speed_up=0.060  score=20.00
2025-08-08 18:33:47,773 - openevolve.evaluator - INFO - Evaluated program e32d5fd4-7a6c-481a-9049-9ee38f91276e in 5.25s: compiled=1.0000, correctness=1.0000, stage=success, passed=0.0000, score=20.0000, speed_up=0.0600, runtime_ms=0.5550, meta={'hardware': 'NVIDIA L20Y', 'device': 'cuda:1', 'correctness_trials': '(5 / 5)', 'reference_timing_ms': 0.0331, 'speed_up': 0.06, 'custom_timing': 0.555}
2025-08-08 18:33:47,777 - openevolve.llm.ensemble - INFO - Sampled model: deepseek
2025-08-08 18:33:47,778 - openevolve.database - INFO - New MAP-Elites cell occupied: {'score': 9, 'complexity': 6}
2025-08-08 18:33:47,786 - openevolve.threaded_parallel - INFO - Iteration 15: Program e32d5fd4-7a6c-481a-9049-9ee38f91276e (parent: fc8ee225-e635-49fe-8885-404d8aa4cec3) completed in 887.95s
2025-08-08 18:33:47,786 - openevolve.threaded_parallel - INFO - Metrics: compiled=1.0000, correctness=1.0000, stage=success, passed=0.0000, score=20.0000, speed_up=0.0600, runtime_ms=0.5550, meta={'hardware': 'NVIDIA L20Y', 'device': 'cuda:1', 'correctness_trials': '(5 / 5)', 'reference_timing_ms': 0.0331, 'speed_up': 0.06, 'custom_timing': 0.555}
2025-08-08 18:33:47,786 - openevolve.threaded_parallel - INFO - Checkpoint interval reached at iteration 15
2025-08-08 18:33:47,787 - openevolve.database - INFO - Island Status:
2025-08-08 18:33:47,787 - openevolve.database - INFO -    Island 0: 9 programs, best=20.0000, avg=1.1111, diversity=256.25, gen=7 (best: fc8ee225-e635-49fe-8885-404d8aa4cec3)
2025-08-08 18:33:47,787 - openevolve.database - INFO -  * Island 1: 6 programs, best=20.0000, avg=15.0000, diversity=74.93, gen=6 (best: 13b9fbd8-e308-4e03-bdf8-6355f5b2fab8)
2025-08-08 18:33:47,787 - openevolve.database - INFO -    Island 2: 5 programs, best=20.0000, avg=14.0000, diversity=87.43, gen=5 (best: d44b1fbc-a129-4de0-9e35-3174e5ead1b8)
2025-08-08 18:33:48,048 - openevolve.database - INFO - Saved database with 19 programs to openevolve_output/level1_7_Matmul_with_small_K_dimension_/checkpoints/checkpoint_15
2025-08-08 18:33:48,059 - openevolve.controller - INFO - Saved best program at checkpoint 15 with metrics: compiled=1.0000, correctness=1.0000, stage=success, passed=0.0000, score=20.0000, speed_up=0.0590, runtime_ms=0.5600, meta={'hardware': 'NVIDIA L20Y', 'device': 'cuda:3', 'correctness_trials': '(5 / 5)', 'reference_timing_ms': 0.0331, 'speed_up': 0.059, 'custom_timing': 0.56}
2025-08-08 18:33:48,059 - openevolve.controller - INFO - Saved checkpoint at iteration 15 to openevolve_output/level1_7_Matmul_with_small_K_dimension_/checkpoints/checkpoint_15
2025-08-08 18:42:36,491 - openevolve.RemoteSpeedupEvaluator - INFO - [level1_7_Matmul_with_small_K_dimension_] triton key words check pass
2025-08-08 18:42:36,493 - openevolve.RemoteSpeedupEvaluator - INFO - [level1_7_Matmul_with_small_K_dimension_] verify_plus payload: reference_code(776 chars) + custom_code(2686 chars)
2025-08-08 18:42:45,337 - openevolve.RemoteSpeedupEvaluator - INFO - [level1_7_Matmul_with_small_K_dimension_] verify_plus request success
2025-08-08 18:42:45,337 - openevolve.RemoteSpeedupEvaluator - INFO - [level1_7_Matmul_with_small_K_dimension_] verify_plus response: {"id":"level1_7_Matmul_with_small_K_dimension_","result":{"compiled":true,"correctness":true,"metadata":{"hardware":"NVIDIA L20Y","device":"cuda:7","correctness_trials":"(5 / 5)","reference_timing_ms":0.0331,"speed_up":0.06,"custom_timing":0.555},"runtime":0.555,"runtime_stats":{"mean":0.555,"std":0.00241,"min":0.552,"max":0.565,"num_trials":100,"hardware":"NVIDIA L20Y","device":"cuda:7"}}}
2025-08-08 18:42:45,337 - openevolve.RemoteSpeedupEvaluator - INFO - [level1_7_Matmul_with_small_K_dimension_] âœ” success | speed_up=0.060  score=20.00
2025-08-08 18:42:45,337 - openevolve.evaluator - INFO - Evaluated program 2144448a-7f6a-43b3-a103-d19a57f70f24 in 8.85s: compiled=1.0000, correctness=1.0000, stage=success, passed=0.0000, score=20.0000, speed_up=0.0600, runtime_ms=0.5550, meta={'hardware': 'NVIDIA L20Y', 'device': 'cuda:7', 'correctness_trials': '(5 / 5)', 'reference_timing_ms': 0.0331, 'speed_up': 0.06, 'custom_timing': 0.555}
2025-08-08 18:42:45,342 - openevolve.llm.ensemble - INFO - Sampled model: deepseek
2025-08-08 18:42:45,356 - openevolve.threaded_parallel - INFO - Iteration 18: Program 2144448a-7f6a-43b3-a103-d19a57f70f24 (parent: eff07328-04ca-4353-b3f7-e198d8271a93) completed in 800.46s
2025-08-08 18:42:45,356 - openevolve.threaded_parallel - INFO - Metrics: compiled=1.0000, correctness=1.0000, stage=success, passed=0.0000, score=20.0000, speed_up=0.0600, runtime_ms=0.5550, meta={'hardware': 'NVIDIA L20Y', 'device': 'cuda:7', 'correctness_trials': '(5 / 5)', 'reference_timing_ms': 0.0331, 'speed_up': 0.06, 'custom_timing': 0.555}
2025-08-08 18:42:45,356 - openevolve.threaded_parallel - INFO - Checkpoint interval reached at iteration 18
2025-08-08 18:42:45,358 - openevolve.database - INFO - Island Status:
2025-08-08 18:42:45,358 - openevolve.database - INFO -    Island 0: 9 programs, best=20.0000, avg=1.1111, diversity=256.25, gen=7 (best: fc8ee225-e635-49fe-8885-404d8aa4cec3)
2025-08-08 18:42:45,358 - openevolve.database - INFO -    Island 1: 7 programs, best=20.0000, avg=15.7143, diversity=85.72, gen=6 (best: 13b9fbd8-e308-4e03-bdf8-6355f5b2fab8)
2025-08-08 18:42:45,358 - openevolve.database - INFO -  * Island 2: 5 programs, best=20.0000, avg=14.0000, diversity=87.43, gen=6 (best: d44b1fbc-a129-4de0-9e35-3174e5ead1b8)
2025-08-08 18:42:45,657 - openevolve.database - INFO - Saved database with 20 programs to openevolve_output/level1_7_Matmul_with_small_K_dimension_/checkpoints/checkpoint_18
2025-08-08 18:42:45,668 - openevolve.controller - INFO - Saved best program at checkpoint 18 with metrics: compiled=1.0000, correctness=1.0000, stage=success, passed=0.0000, score=20.0000, speed_up=0.0590, runtime_ms=0.5600, meta={'hardware': 'NVIDIA L20Y', 'device': 'cuda:3', 'correctness_trials': '(5 / 5)', 'reference_timing_ms': 0.0331, 'speed_up': 0.059, 'custom_timing': 0.56}
2025-08-08 18:42:45,668 - openevolve.controller - INFO - Saved checkpoint at iteration 18 to openevolve_output/level1_7_Matmul_with_small_K_dimension_/checkpoints/checkpoint_18
2025-08-08 18:45:42,333 - openevolve.RemoteSpeedupEvaluator - INFO - [level1_7_Matmul_with_small_K_dimension_] triton key words check pass
2025-08-08 18:45:42,335 - openevolve.RemoteSpeedupEvaluator - INFO - [level1_7_Matmul_with_small_K_dimension_] verify_plus payload: reference_code(776 chars) + custom_code(2804 chars)
2025-08-08 18:45:48,244 - openevolve.RemoteSpeedupEvaluator - INFO - [level1_7_Matmul_with_small_K_dimension_] verify_plus request success
2025-08-08 18:45:48,244 - openevolve.RemoteSpeedupEvaluator - INFO - [level1_7_Matmul_with_small_K_dimension_] verify_plus response: {"id":"level1_7_Matmul_with_small_K_dimension_","result":{"compiled":true,"correctness":false,"metadata":{"hardware":"NVIDIA L20Y","device":"cuda:6","max_difference":["0.034637","0.038040","0.035515","0.036993","0.033375"],"avg_difference":["0.003421","0.003415","0.003422","0.003413","0.003423"],"correctness_issue":"Output mismatch","correctness_trials":"(0 / 5)","reference_timing_ms":0.0331,"speed_up":-1.0,"custom_timing":-1.0},"runtime":-1.0,"runtime_stats":{}}}
2025-08-08 18:45:48,244 - openevolve.RemoteSpeedupEvaluator - INFO - [level1_7_Matmul_with_small_K_dimension_] âœ˜ wrong_answer
2025-08-08 18:45:48,244 - openevolve.evaluator - INFO - Evaluated program 9ecc78ab-6a54-4aba-9c94-6662797a76ca in 5.91s: compiled=1.0000, correctness=0.0000, score=10.0000, stage=wrong_answer, verify_payload={'id': 'level1_7_Matmul_with_small_K_dimension_', 'result': {'compiled': True, 'correctness': False, 'metadata': {'hardware': 'NVIDIA L20Y', 'device': 'cuda:6', 'max_difference': ['0.034637', '0.038040', '0.035515', '0.036993', '0.033375'], 'avg_difference': ['0.003421', '0.003415', '0.003422', '0.003413', '0.003423'], 'correctness_issue': 'Output mismatch', 'correctness_trials': '(0 / 5)', 'reference_timing_ms': 0.0331, 'speed_up': -1.0, 'custom_timing': -1.0}, 'runtime': -1.0, 'runtime_stats': {}}}
2025-08-08 18:45:48,250 - openevolve.llm.ensemble - INFO - Sampled model: deepseek
2025-08-08 18:45:48,267 - openevolve.threaded_parallel - INFO - Iteration 19: Program 9ecc78ab-6a54-4aba-9c94-6662797a76ca (parent: d44b1fbc-a129-4de0-9e35-3174e5ead1b8) completed in 774.02s
2025-08-08 18:45:48,267 - openevolve.threaded_parallel - INFO - Metrics: compiled=1.0000, correctness=0.0000, score=10.0000, stage=wrong_answer, verify_payload={'id': 'level1_7_Matmul_with_small_K_dimension_', 'result': {'compiled': True, 'correctness': False, 'metadata': {'hardware': 'NVIDIA L20Y', 'device': 'cuda:6', 'max_difference': ['0.034637', '0.038040', '0.035515', '0.036993', '0.033375'], 'avg_difference': ['0.003421', '0.003415', '0.003422', '0.003413', '0.003423'], 'correctness_issue': 'Output mismatch', 'correctness_trials': '(0 / 5)', 'reference_timing_ms': 0.0331, 'speed_up': -1.0, 'custom_timing': -1.0}, 'runtime': -1.0, 'runtime_stats': {}}}
2025-08-08 18:48:47,627 - openevolve.RemoteSpeedupEvaluator - INFO - [level1_7_Matmul_with_small_K_dimension_] triton key words check pass
2025-08-08 18:48:47,628 - openevolve.RemoteSpeedupEvaluator - INFO - [level1_7_Matmul_with_small_K_dimension_] verify_plus payload: reference_code(776 chars) + custom_code(2764 chars)
2025-08-08 18:49:01,709 - openevolve.RemoteSpeedupEvaluator - INFO - [level1_7_Matmul_with_small_K_dimension_] verify_plus request success
2025-08-08 18:49:01,709 - openevolve.RemoteSpeedupEvaluator - INFO - [level1_7_Matmul_with_small_K_dimension_] verify_plus response: {"id":"level1_7_Matmul_with_small_K_dimension_","result":{"compiled":true,"correctness":true,"metadata":{"hardware":"NVIDIA L20Y","device":"cuda:6","correctness_trials":"(5 / 5)","reference_timing_ms":0.0331,"speed_up":0.053,"custom_timing":0.63},"runtime":0.63,"runtime_stats":{"mean":0.63,"std":0.00177,"min":0.627,"max":0.639,"num_trials":100,"hardware":"NVIDIA L20Y","device":"cuda:6"}}}
2025-08-08 18:49:01,709 - openevolve.RemoteSpeedupEvaluator - INFO - [level1_7_Matmul_with_small_K_dimension_] âœ” success | speed_up=0.053  score=20.00
2025-08-08 18:49:01,710 - openevolve.evaluator - INFO - Evaluated program 177dbb6a-9fc8-44b4-a7f6-6624e3e431c2 in 14.08s: compiled=1.0000, correctness=1.0000, stage=success, passed=0.0000, score=20.0000, speed_up=0.0530, runtime_ms=0.6300, meta={'hardware': 'NVIDIA L20Y', 'device': 'cuda:6', 'correctness_trials': '(5 / 5)', 'reference_timing_ms': 0.0331, 'speed_up': 0.053, 'custom_timing': 0.63}
2025-08-08 18:49:01,714 - openevolve.llm.ensemble - INFO - Sampled model: deepseek
2025-08-08 18:49:01,725 - openevolve.threaded_parallel - INFO - Iteration 20: Program 177dbb6a-9fc8-44b4-a7f6-6624e3e431c2 (parent: fc8ee225-e635-49fe-8885-404d8aa4cec3) completed in 913.93s
2025-08-08 18:49:01,726 - openevolve.threaded_parallel - INFO - Metrics: compiled=1.0000, correctness=1.0000, stage=success, passed=0.0000, score=20.0000, speed_up=0.0530, runtime_ms=0.6300, meta={'hardware': 'NVIDIA L20Y', 'device': 'cuda:6', 'correctness_trials': '(5 / 5)', 'reference_timing_ms': 0.0331, 'speed_up': 0.053, 'custom_timing': 0.63}
2025-08-08 18:55:24,686 - openevolve.RemoteSpeedupEvaluator - INFO - [level1_7_Matmul_with_small_K_dimension_] triton key words check pass
2025-08-08 18:55:24,688 - openevolve.RemoteSpeedupEvaluator - INFO - [level1_7_Matmul_with_small_K_dimension_] verify_plus payload: reference_code(776 chars) + custom_code(2719 chars)
2025-08-08 18:55:38,154 - openevolve.RemoteSpeedupEvaluator - INFO - [level1_7_Matmul_with_small_K_dimension_] verify_plus request success
2025-08-08 18:55:38,154 - openevolve.RemoteSpeedupEvaluator - INFO - [level1_7_Matmul_with_small_K_dimension_] verify_plus response: {"id":"level1_7_Matmul_with_small_K_dimension_","result":{"compiled":true,"correctness":true,"metadata":{"hardware":"NVIDIA L20Y","device":"cuda:4","correctness_trials":"(5 / 5)","reference_timing_ms":0.0331,"speed_up":0.047,"custom_timing":0.699},"runtime":0.699,"runtime_stats":{"mean":0.699,"std":0.00352,"min":0.693,"max":0.711,"num_trials":100,"hardware":"NVIDIA L20Y","device":"cuda:4"}}}
2025-08-08 18:55:38,154 - openevolve.RemoteSpeedupEvaluator - INFO - [level1_7_Matmul_with_small_K_dimension_] âœ” success | speed_up=0.047  score=20.00
2025-08-08 18:55:38,154 - openevolve.evaluator - INFO - Evaluated program 9241c973-1354-4963-8447-6a0fc5b05b32 in 13.47s: compiled=1.0000, correctness=1.0000, stage=success, passed=0.0000, score=20.0000, speed_up=0.0470, runtime_ms=0.6990, meta={'hardware': 'NVIDIA L20Y', 'device': 'cuda:4', 'correctness_trials': '(5 / 5)', 'reference_timing_ms': 0.0331, 'speed_up': 0.047, 'custom_timing': 0.699}
2025-08-08 18:55:38,160 - openevolve.llm.ensemble - INFO - Sampled model: deepseek
2025-08-08 18:55:38,203 - openevolve.threaded_parallel - INFO - Iteration 21: Program 9241c973-1354-4963-8447-6a0fc5b05b32 (parent: 0c0c8e10-b38b-417a-b15f-10475c08fca7) completed in 772.81s
2025-08-08 18:55:38,203 - openevolve.threaded_parallel - INFO - Metrics: compiled=1.0000, correctness=1.0000, stage=success, passed=0.0000, score=20.0000, speed_up=0.0470, runtime_ms=0.6990, meta={'hardware': 'NVIDIA L20Y', 'device': 'cuda:4', 'correctness_trials': '(5 / 5)', 'reference_timing_ms': 0.0331, 'speed_up': 0.047, 'custom_timing': 0.699}
2025-08-08 18:55:38,203 - openevolve.threaded_parallel - INFO - Checkpoint interval reached at iteration 21
2025-08-08 18:55:38,204 - openevolve.database - INFO - Island Status:
2025-08-08 18:55:38,204 - openevolve.database - INFO -    Island 0: 10 programs, best=20.0000, avg=3.0000, diversity=163.40, gen=8 (best: fc8ee225-e635-49fe-8885-404d8aa4cec3)
2025-08-08 18:55:38,204 - openevolve.database - INFO -    Island 1: 8 programs, best=20.0000, avg=16.2500, diversity=85.95, gen=7 (best: 13b9fbd8-e308-4e03-bdf8-6355f5b2fab8)
2025-08-08 18:55:38,204 - openevolve.database - INFO -  * Island 2: 6 programs, best=20.0000, avg=13.3333, diversity=91.72, gen=7 (best: d44b1fbc-a129-4de0-9e35-3174e5ead1b8)
2025-08-08 18:55:38,545 - openevolve.database - INFO - Saved database with 23 programs to openevolve_output/level1_7_Matmul_with_small_K_dimension_/checkpoints/checkpoint_21
2025-08-08 18:55:38,556 - openevolve.controller - INFO - Saved best program at checkpoint 21 with metrics: compiled=1.0000, correctness=1.0000, stage=success, passed=0.0000, score=20.0000, speed_up=0.0590, runtime_ms=0.5600, meta={'hardware': 'NVIDIA L20Y', 'device': 'cuda:3', 'correctness_trials': '(5 / 5)', 'reference_timing_ms': 0.0331, 'speed_up': 0.059, 'custom_timing': 0.56}
2025-08-08 18:55:38,556 - openevolve.controller - INFO - Saved checkpoint at iteration 21 to openevolve_output/level1_7_Matmul_with_small_K_dimension_/checkpoints/checkpoint_21
2025-08-08 19:02:06,769 - openevolve.RemoteSpeedupEvaluator - INFO - [level1_7_Matmul_with_small_K_dimension_] triton key words check pass
2025-08-08 19:02:06,770 - openevolve.RemoteSpeedupEvaluator - INFO - [level1_7_Matmul_with_small_K_dimension_] verify_plus payload: reference_code(776 chars) + custom_code(2958 chars)
2025-08-08 19:02:13,138 - openevolve.RemoteSpeedupEvaluator - INFO - [level1_7_Matmul_with_small_K_dimension_] verify_plus request success
2025-08-08 19:02:13,138 - openevolve.RemoteSpeedupEvaluator - INFO - [level1_7_Matmul_with_small_K_dimension_] verify_plus response: {"id":"level1_7_Matmul_with_small_K_dimension_","result":{"compiled":true,"correctness":false,"metadata":{"hardware":"NVIDIA L20Y","device":"cuda:1","max_difference":["0.014040","0.016539","0.014754","0.014940","0.016187"],"avg_difference":["0.001293","0.001292","0.001292","0.001291","0.001293"],"correctness_issue":"Output mismatch","correctness_trials":"(0 / 5)","reference_timing_ms":0.0331,"speed_up":-1.0,"custom_timing":-1.0},"runtime":-1.0,"runtime_stats":{}}}
2025-08-08 19:02:13,138 - openevolve.RemoteSpeedupEvaluator - INFO - [level1_7_Matmul_with_small_K_dimension_] âœ˜ wrong_answer
2025-08-08 19:02:13,138 - openevolve.evaluator - INFO - Evaluated program 6e780403-92e4-4a04-9f68-36a29b0b8130 in 6.37s: compiled=1.0000, correctness=0.0000, score=10.0000, stage=wrong_answer, verify_payload={'id': 'level1_7_Matmul_with_small_K_dimension_', 'result': {'compiled': True, 'correctness': False, 'metadata': {'hardware': 'NVIDIA L20Y', 'device': 'cuda:1', 'max_difference': ['0.014040', '0.016539', '0.014754', '0.014940', '0.016187'], 'avg_difference': ['0.001293', '0.001292', '0.001292', '0.001291', '0.001293'], 'correctness_issue': 'Output mismatch', 'correctness_trials': '(0 / 5)', 'reference_timing_ms': 0.0331, 'speed_up': -1.0, 'custom_timing': -1.0}, 'runtime': -1.0, 'runtime_stats': {}}}
2025-08-08 19:02:13,143 - openevolve.llm.ensemble - INFO - Sampled model: deepseek
2025-08-08 19:02:13,156 - openevolve.threaded_parallel - INFO - Iteration 22: Program 6e780403-92e4-4a04-9f68-36a29b0b8130 (parent: d44b1fbc-a129-4de0-9e35-3174e5ead1b8) completed in 984.89s
2025-08-08 19:02:13,157 - openevolve.threaded_parallel - INFO - Metrics: compiled=1.0000, correctness=0.0000, score=10.0000, stage=wrong_answer, verify_payload={'id': 'level1_7_Matmul_with_small_K_dimension_', 'result': {'compiled': True, 'correctness': False, 'metadata': {'hardware': 'NVIDIA L20Y', 'device': 'cuda:1', 'max_difference': ['0.014040', '0.016539', '0.014754', '0.014940', '0.016187'], 'avg_difference': ['0.001293', '0.001292', '0.001292', '0.001291', '0.001293'], 'correctness_issue': 'Output mismatch', 'correctness_trials': '(0 / 5)', 'reference_timing_ms': 0.0331, 'speed_up': -1.0, 'custom_timing': -1.0}, 'runtime': -1.0, 'runtime_stats': {}}}
2025-08-08 19:02:52,654 - openevolve.RemoteSpeedupEvaluator - INFO - [level1_7_Matmul_with_small_K_dimension_] triton key words check pass
2025-08-08 19:02:52,655 - openevolve.RemoteSpeedupEvaluator - INFO - [level1_7_Matmul_with_small_K_dimension_] verify_plus payload: reference_code(776 chars) + custom_code(2951 chars)
2025-08-08 19:03:03,638 - openevolve.RemoteSpeedupEvaluator - INFO - [level1_7_Matmul_with_small_K_dimension_] verify_plus request success
2025-08-08 19:03:03,638 - openevolve.RemoteSpeedupEvaluator - INFO - [level1_7_Matmul_with_small_K_dimension_] verify_plus response: {"id":"level1_7_Matmul_with_small_K_dimension_","result":{"compiled":true,"correctness":true,"metadata":{"hardware":"NVIDIA L20Y","device":"cuda:6","correctness_trials":"(5 / 5)","reference_timing_ms":0.0331,"speed_up":0.059,"custom_timing":0.565},"runtime":0.565,"runtime_stats":{"mean":0.565,"std":0.00214,"min":0.562,"max":0.573,"num_trials":100,"hardware":"NVIDIA L20Y","device":"cuda:6"}}}
2025-08-08 19:03:03,639 - openevolve.RemoteSpeedupEvaluator - INFO - [level1_7_Matmul_with_small_K_dimension_] âœ” success | speed_up=0.059  score=20.00
2025-08-08 19:03:03,639 - openevolve.evaluator - INFO - Evaluated program 008e8647-5fed-45ab-9e40-9c20b95dd74b in 10.99s: compiled=1.0000, correctness=1.0000, stage=success, passed=0.0000, score=20.0000, speed_up=0.0590, runtime_ms=0.5650, meta={'hardware': 'NVIDIA L20Y', 'device': 'cuda:6', 'correctness_trials': '(5 / 5)', 'reference_timing_ms': 0.0331, 'speed_up': 0.059, 'custom_timing': 0.565}
2025-08-08 19:03:03,643 - openevolve.llm.ensemble - INFO - Sampled model: deepseek
2025-08-08 19:03:03,657 - openevolve.threaded_parallel - INFO - Iteration 23: Program 008e8647-5fed-45ab-9e40-9c20b95dd74b (parent: c2387e81-6cd9-4cfe-9502-a223c9fa7fa2) completed in 841.93s
2025-08-08 19:03:03,657 - openevolve.threaded_parallel - INFO - Metrics: compiled=1.0000, correctness=1.0000, stage=success, passed=0.0000, score=20.0000, speed_up=0.0590, runtime_ms=0.5650, meta={'hardware': 'NVIDIA L20Y', 'device': 'cuda:6', 'correctness_trials': '(5 / 5)', 'reference_timing_ms': 0.0331, 'speed_up': 0.059, 'custom_timing': 0.565}
2025-08-08 19:12:38,112 - openevolve.RemoteSpeedupEvaluator - INFO - [level1_7_Matmul_with_small_K_dimension_] triton key words check pass
2025-08-08 19:12:38,114 - openevolve.RemoteSpeedupEvaluator - INFO - [level1_7_Matmul_with_small_K_dimension_] verify_plus payload: reference_code(776 chars) + custom_code(2919 chars)
2025-08-08 19:12:51,733 - openevolve.RemoteSpeedupEvaluator - INFO - [level1_7_Matmul_with_small_K_dimension_] verify_plus request success
2025-08-08 19:12:51,733 - openevolve.RemoteSpeedupEvaluator - INFO - [level1_7_Matmul_with_small_K_dimension_] verify_plus response: {"id":"level1_7_Matmul_with_small_K_dimension_","result":{"compiled":true,"correctness":true,"metadata":{"hardware":"NVIDIA L20Y","device":"cuda:1","correctness_trials":"(5 / 5)","reference_timing_ms":0.0331,"speed_up":0.046,"custom_timing":0.721},"runtime":0.721,"runtime_stats":{"mean":0.721,"std":0.0203,"min":0.709,"max":0.851,"num_trials":100,"hardware":"NVIDIA L20Y","device":"cuda:1"}}}
2025-08-08 19:12:51,733 - openevolve.RemoteSpeedupEvaluator - INFO - [level1_7_Matmul_with_small_K_dimension_] âœ” success | speed_up=0.046  score=20.00
2025-08-08 19:12:51,734 - openevolve.evaluator - INFO - Evaluated program 05b89fbe-49d2-4484-9bb1-5e1833dc71a9 in 13.62s: compiled=1.0000, correctness=1.0000, stage=success, passed=0.0000, score=20.0000, speed_up=0.0460, runtime_ms=0.7210, meta={'hardware': 'NVIDIA L20Y', 'device': 'cuda:1', 'correctness_trials': '(5 / 5)', 'reference_timing_ms': 0.0331, 'speed_up': 0.046, 'custom_timing': 0.721}
2025-08-08 19:12:51,739 - openevolve.llm.ensemble - INFO - Sampled model: deepseek
2025-08-08 19:12:51,740 - openevolve.database - INFO - Population size (26) exceeds limit (25), removing 1 programs
2025-08-08 19:12:51,740 - openevolve.database - INFO - Population size after cleanup: 25
2025-08-08 19:12:51,748 - openevolve.threaded_parallel - INFO - Iteration 24: Program 05b89fbe-49d2-4484-9bb1-5e1833dc71a9 (parent: 13b9fbd8-e308-4e03-bdf8-6355f5b2fab8) completed in 1033.57s
2025-08-08 19:12:51,748 - openevolve.threaded_parallel - INFO - Metrics: compiled=1.0000, correctness=1.0000, stage=success, passed=0.0000, score=20.0000, speed_up=0.0460, runtime_ms=0.7210, meta={'hardware': 'NVIDIA L20Y', 'device': 'cuda:1', 'correctness_trials': '(5 / 5)', 'reference_timing_ms': 0.0331, 'speed_up': 0.046, 'custom_timing': 0.721}
2025-08-08 19:12:51,748 - openevolve.threaded_parallel - INFO - Checkpoint interval reached at iteration 24
2025-08-08 19:12:51,749 - openevolve.database - INFO - Island Status:
2025-08-08 19:12:51,749 - openevolve.database - INFO -    Island 0: 10 programs, best=20.0000, avg=15.0000, diversity=68.00, gen=9 (best: fc8ee225-e635-49fe-8885-404d8aa4cec3)
2025-08-08 19:12:51,749 - openevolve.database - INFO -    Island 1: 9 programs, best=20.0000, avg=16.6667, diversity=54.67, gen=8 (best: 13b9fbd8-e308-4e03-bdf8-6355f5b2fab8)
2025-08-08 19:12:51,749 - openevolve.database - INFO -  * Island 2: 7 programs, best=20.0000, avg=12.8571, diversity=64.92, gen=8 (best: d44b1fbc-a129-4de0-9e35-3174e5ead1b8)
2025-08-08 19:12:52,026 - openevolve.database - INFO - Saved database with 25 programs to openevolve_output/level1_7_Matmul_with_small_K_dimension_/checkpoints/checkpoint_24
2025-08-08 19:12:52,037 - openevolve.controller - INFO - Saved best program at checkpoint 24 with metrics: compiled=1.0000, correctness=1.0000, stage=success, passed=0.0000, score=20.0000, speed_up=0.0590, runtime_ms=0.5600, meta={'hardware': 'NVIDIA L20Y', 'device': 'cuda:3', 'correctness_trials': '(5 / 5)', 'reference_timing_ms': 0.0331, 'speed_up': 0.059, 'custom_timing': 0.56}
2025-08-08 19:12:52,037 - openevolve.controller - INFO - Saved checkpoint at iteration 24 to openevolve_output/level1_7_Matmul_with_small_K_dimension_/checkpoints/checkpoint_24
2025-08-08 19:13:06,628 - openevolve.RemoteSpeedupEvaluator - INFO - [level1_7_Matmul_with_small_K_dimension_] triton key words check pass
2025-08-08 19:13:06,629 - openevolve.RemoteSpeedupEvaluator - INFO - [level1_7_Matmul_with_small_K_dimension_] verify_plus payload: reference_code(776 chars) + custom_code(2721 chars)
2025-08-08 19:13:26,644 - openevolve.RemoteSpeedupEvaluator - INFO - [level1_7_Matmul_with_small_K_dimension_] verify_plus request success
2025-08-08 19:13:26,646 - openevolve.RemoteSpeedupEvaluator - INFO - [level1_7_Matmul_with_small_K_dimension_] verify_plus response: {"id":"level1_7_Matmul_with_small_K_dimension_","result":{"compiled":true,"correctness":false,"metadata":{"hardware":"NVIDIA L20Y","device":"cuda:0","max_difference":["0.034637","0.038040","0.035515","0.036993","0.033375"],"avg_difference":["0.003421","0.003415","0.003422","0.003413","0.003423"],"correctness_issue":"Output mismatch","correctness_trials":"(0 / 5)","reference_timing_ms":0.0331,"speed_up":-1.0,"custom_timing":-1.0},"runtime":-1.0,"runtime_stats":{}}}
2025-08-08 19:13:26,646 - openevolve.RemoteSpeedupEvaluator - INFO - [level1_7_Matmul_with_small_K_dimension_] âœ˜ wrong_answer
2025-08-08 19:13:26,647 - openevolve.evaluator - INFO - Evaluated program cf515880-e83a-48ae-a8f9-7d9c25f6b9f8 in 20.02s: compiled=1.0000, correctness=0.0000, score=10.0000, stage=wrong_answer, verify_payload={'id': 'level1_7_Matmul_with_small_K_dimension_', 'result': {'compiled': True, 'correctness': False, 'metadata': {'hardware': 'NVIDIA L20Y', 'device': 'cuda:0', 'max_difference': ['0.034637', '0.038040', '0.035515', '0.036993', '0.033375'], 'avg_difference': ['0.003421', '0.003415', '0.003422', '0.003413', '0.003423'], 'correctness_issue': 'Output mismatch', 'correctness_trials': '(0 / 5)', 'reference_timing_ms': 0.0331, 'speed_up': -1.0, 'custom_timing': -1.0}, 'runtime': -1.0, 'runtime_stats': {}}}
2025-08-08 19:13:26,651 - openevolve.llm.ensemble - INFO - Sampled model: deepseek
2025-08-08 19:13:26,657 - openevolve.database - INFO - Population size (26) exceeds limit (25), removing 1 programs
2025-08-08 19:13:26,657 - openevolve.database - INFO - Population size after cleanup: 25
2025-08-08 19:13:26,670 - openevolve.threaded_parallel - INFO - Iteration 26: Program cf515880-e83a-48ae-a8f9-7d9c25f6b9f8 (parent: 5436e89d-d979-42f0-a3fd-cd0b4ccc11fa) completed in 623.00s
2025-08-08 19:13:26,671 - openevolve.threaded_parallel - INFO - Metrics: compiled=1.0000, correctness=0.0000, score=10.0000, stage=wrong_answer, verify_payload={'id': 'level1_7_Matmul_with_small_K_dimension_', 'result': {'compiled': True, 'correctness': False, 'metadata': {'hardware': 'NVIDIA L20Y', 'device': 'cuda:0', 'max_difference': ['0.034637', '0.038040', '0.035515', '0.036993', '0.033375'], 'avg_difference': ['0.003421', '0.003415', '0.003422', '0.003413', '0.003423'], 'correctness_issue': 'Output mismatch', 'correctness_trials': '(0 / 5)', 'reference_timing_ms': 0.0331, 'speed_up': -1.0, 'custom_timing': -1.0}, 'runtime': -1.0, 'runtime_stats': {}}}
2025-08-08 19:15:14,100 - openevolve.RemoteSpeedupEvaluator - INFO - [level1_7_Matmul_with_small_K_dimension_] triton key words check pass
2025-08-08 19:15:14,101 - openevolve.RemoteSpeedupEvaluator - INFO - [level1_7_Matmul_with_small_K_dimension_] verify_plus payload: reference_code(776 chars) + custom_code(2799 chars)
2025-08-08 19:15:18,888 - openevolve.RemoteSpeedupEvaluator - INFO - [level1_7_Matmul_with_small_K_dimension_] verify_plus request success
2025-08-08 19:15:18,888 - openevolve.RemoteSpeedupEvaluator - INFO - [level1_7_Matmul_with_small_K_dimension_] verify_plus response: {"id":"level1_7_Matmul_with_small_K_dimension_","result":{"compiled":true,"correctness":false,"metadata":{"hardware":"NVIDIA L20Y","device":"cuda:7","max_difference":["0.014040","0.016539","0.014754","0.014940","0.016187"],"avg_difference":["0.001293","0.001292","0.001292","0.001291","0.001293"],"correctness_issue":"Output mismatch","correctness_trials":"(0 / 5)","reference_timing_ms":0.0331,"speed_up":-1.0,"custom_timing":-1.0},"runtime":-1.0,"runtime_stats":{}}}
2025-08-08 19:15:18,888 - openevolve.RemoteSpeedupEvaluator - INFO - [level1_7_Matmul_with_small_K_dimension_] âœ˜ wrong_answer
2025-08-08 19:15:18,889 - openevolve.evaluator - INFO - Evaluated program c0d06742-8d9a-4051-9ef7-d6eeaa32787c in 4.79s: compiled=1.0000, correctness=0.0000, score=10.0000, stage=wrong_answer, verify_payload={'id': 'level1_7_Matmul_with_small_K_dimension_', 'result': {'compiled': True, 'correctness': False, 'metadata': {'hardware': 'NVIDIA L20Y', 'device': 'cuda:7', 'max_difference': ['0.014040', '0.016539', '0.014754', '0.014940', '0.016187'], 'avg_difference': ['0.001293', '0.001292', '0.001292', '0.001291', '0.001293'], 'correctness_issue': 'Output mismatch', 'correctness_trials': '(0 / 5)', 'reference_timing_ms': 0.0331, 'speed_up': -1.0, 'custom_timing': -1.0}, 'runtime': -1.0, 'runtime_stats': {}}}
2025-08-08 19:15:18,893 - openevolve.llm.ensemble - INFO - Sampled model: deepseek
2025-08-08 19:15:18,894 - openevolve.database - INFO - New MAP-Elites cell occupied: {'score': 9, 'complexity': 3}
2025-08-08 19:15:18,894 - openevolve.database - INFO - Population size (26) exceeds limit (25), removing 1 programs
2025-08-08 19:15:18,894 - openevolve.database - INFO - Population size after cleanup: 25
2025-08-08 19:15:18,907 - openevolve.threaded_parallel - INFO - Iteration 25: Program c0d06742-8d9a-4051-9ef7-d6eeaa32787c (parent: d44b1fbc-a129-4de0-9e35-3174e5ead1b8) completed in 785.75s
2025-08-08 19:15:18,907 - openevolve.threaded_parallel - INFO - Metrics: compiled=1.0000, correctness=0.0000, score=10.0000, stage=wrong_answer, verify_payload={'id': 'level1_7_Matmul_with_small_K_dimension_', 'result': {'compiled': True, 'correctness': False, 'metadata': {'hardware': 'NVIDIA L20Y', 'device': 'cuda:7', 'max_difference': ['0.014040', '0.016539', '0.014754', '0.014940', '0.016187'], 'avg_difference': ['0.001293', '0.001292', '0.001292', '0.001291', '0.001293'], 'correctness_issue': 'Output mismatch', 'correctness_trials': '(0 / 5)', 'reference_timing_ms': 0.0331, 'speed_up': -1.0, 'custom_timing': -1.0}, 'runtime': -1.0, 'runtime_stats': {}}}
