{"id": "6dde7933-d9cc-4f18-8b46-cdc25f9a8537", "code": "q_ptrs = Q + q_offset + (start_m * BLOCK_M + tl.arange(0, BLOCK_M))[:, None] * stride_qm + tl.arange(0, D_HEAD)[None, :] * stride_qk\n    ...\n    k_ptrs = K + k_offset + tl.arange(0, BLOCK_N)[:, None] * stride_kn + tl.arange(0, D_HEAD)[None, :] * stride_kk\n    ...\n    v_ptrs = V + v_offset + tl.arange(0, BLOCK_N)[:, None] * stride_vk + tl.arange(0, D_HEAD)[None, :] * stride_vn\n    ...\n    o_ptrs = Out + o_offset + (start_m * BLOCK_M + tl.arange(0, BLOCK_M))[:, None] * stride_om + tl.arange(0, D_HEAD)[None, :] * stride_on", "language": "python", "parent_id": "27e493a1-7e2f-4a1a-979b-fb729e727ad1", "generation": 3, "timestamp": 1754598668.4448025, "iteration_found": 25, "metrics": {"compiled": false, "correctness": false, "score": -100.0, "stage": "no_valid_triton_code", "feedback": "You need to generate real and valid triton code for the core function. The key word 'import triton' is not found."}, "complexity": 0.0, "diversity": 0.0, "metadata": {"changes": "Full rewrite", "parent_metrics": {"compiled": true, "correctness": false, "score": 10, "stage": "wrong_answer", "verify_payload": {"id": "level3_43_MinGPTCausalAttention", "result": {"compiled": true, "correctness": false, "metadata": {"hardware": "NVIDIA L20Y", "device": "cuda:2", "runtime_error": "Traceback (most recent call last):\n  File \"/home/lijiaxing/.conda/envs/api/lib/python3.10/site-packages/triton/language/core.py\", line 42, in wrapper\n    return fn(*args, **kwargs)\n  File \"/home/lijiaxing/.conda/envs/api/lib/python3.10/site-packages/triton/language/core.py\", line 1654, in arange\n    return _semantic.arange(start, end)\n  File \"/home/lijiaxing/.conda/envs/api/lib/python3.10/site-packages/triton/language/semantic.py\", line 583, in arange\n    raise ValueError(\"arange's range must be a power of 2\")\nValueError: arange's range must be a power of 2\n\nThe above exception was the direct cause of the following exception:\n\nTraceback (most recent call last):\n  File \"/cpfs01/shared/llm_kernel/hujiakai/KernelLLM/validation_api_server/helpers/evaluations.py\", line 720, in run_and_check_correctness\n    output_new = model_new(*inputs)\n  File \"/home/lijiaxing/.conda/envs/api/lib/python3.10/site-packages/torch/nn/modules/module.py\", line 1773, in _wrapped_call_impl\n    return self._call_impl(*args, **kwargs)\n  File \"/home/lijiaxing/.conda/envs/api/lib/python3.10/site-packages/torch/nn/modules/module.py\", line 1784, in _call_impl\n    return forward_call(*args, **kwargs)\n  File \"/tmp/tmpa8i98bc8.py\", line 97, in forward\n    _attn_kernel[grid](\n  File \"/home/lijiaxing/.conda/envs/api/lib/python3.10/site-packages/triton/runtime/jit.py\", line 390, in <lambda>\n    return lambda *args, **kwargs: self.run(grid=grid, warmup=False, *args, **kwargs)\n  File \"/home/lijiaxing/.conda/envs/api/lib/python3.10/site-packages/triton/runtime/jit.py\", line 594, in run\n    kernel = self.compile(src, target=target, options=options.__dict__)\n  File \"/home/lijiaxing/.conda/envs/api/lib/python3.10/site-packages/triton/compiler/compiler.py\", line 339, in compile\n    module = src.make_ir(options, codegen_fns, module_map, context)\n  File \"/home/lijiaxing/.conda/envs/api/lib/python3.10/site-packages/triton/compiler/compiler.py\", line 83, in make_ir\n    return ast_to_ttir(self.fn, self, context=context, options=options, codegen_fns=codegen_fns,\ntriton.compiler.errors.CompilationError: at 23:95:\n    start_m = tl.program_id(0)\n    off_hz = tl.program_id(1)\n\n    off_z = off_hz // H\n    off_h = off_hz % H\n\n    q_offset = off_z * stride_qz + off_h * stride_qh\n    k_offset = off_z * stride_kz + off_h * stride_kh\n    v_offset = off_z * stride_vz + off_h * stride_vh\n    o_offset = off_z * stride_oz + off_h * stride_oh\n\n    q_ptrs = Q + q_offset + (start_m * BLOCK_M + tl.arange(0, BLOCK_M))[:, None] * stride_qm + tl.arange(0, D_HEAD)[None, :] * stride_qk\n                                                                                               ^\n\n\nThe above exception was the direct cause of the following exception:\n\nTraceback (most recent call last):\n  File \"/home/lijiaxing/.conda/envs/api/lib/python3.10/site-packages/triton/language/core.py\", line 42, in wrapper\n    return fn(*args, **kwargs)\n  File \"/home/lijiaxing/.conda/envs/api/lib/python3.10/site-packages/triton/language/core.py\", line 1654, in arange\n    return _semantic.arange(start, end)\n  File \"/home/lijiaxing/.conda/envs/api/lib/python3.10/site-packages/triton/language/semantic.py\", line 583, in arange\n    raise ValueError(\"arange's range must be a power of 2\")\nValueError: arange's range must be a power of 2\n", "runtime_error_name": "triton.compiler.errors.CompilationError", "reference_timing_ms": 0.318, "speed_up": -1.0, "custom_timing": -1.0}, "runtime": -1.0, "runtime_stats": {}}}}, "island": 2}, "artifacts_json": null, "artifact_dir": null}