2025-08-08 17:26:21,734 - openevolve.controller - INFO - Logging to openevolve_output/level1_75_conv_transposed_2D_asymmetric_input_asymmetric_kernel_strided__grouped____padded____dilated__/logs/openevolve_20250808_172621.log
2025-08-08 17:26:21,734 - openevolve.controller - INFO - Set random seed to 42 for reproducibility
2025-08-08 17:26:21,775 - openevolve.llm.ensemble - INFO - Initialized LLM ensemble with models: deepseek (weight: 0.80), deepseek (weight: 0.20)
2025-08-08 17:26:21,815 - openevolve.llm.ensemble - INFO - Initialized LLM ensemble with models: deepseek (weight: 0.80), deepseek (weight: 0.20)
2025-08-08 17:26:21,815 - openevolve.prompt.sampler - INFO - Set custom templates: system=evaluator_system_message, user=None
2025-08-08 17:26:21,815 - openevolve.database - INFO - Initialized program database with 0 programs
2025-08-08 17:26:21,839 - openevolve.evaluator - INFO - Successfully loaded evaluation function from openevolve_output/level1_75_conv_transposed_2D_asymmetric_input_asymmetric_kernel_strided__grouped____padded____dilated__/evaluation.py
2025-08-08 17:26:21,839 - openevolve.evaluator - INFO - Initialized evaluator with openevolve_output/level1_75_conv_transposed_2D_asymmetric_input_asymmetric_kernel_strided__grouped____padded____dilated__/evaluation.py
2025-08-08 17:26:21,839 - openevolve.controller - INFO - Initialized OpenEvolve with /tmp/10bc853616d0799ff00b93a11d2b3402.py
2025-08-08 17:26:21,839 - openevolve.controller - INFO - Adding initial program to database
2025-08-08 17:26:21,840 - openevolve.RemoteSpeedupEvaluator - INFO - [level1_75_conv_transposed_2D_asymmetric_input_asymmetric_kernel_strided__grouped____padded____dilated__] verify_plus payload: reference_code(2134 chars) + custom_code(2258 chars)
2025-08-08 17:26:25,817 - openevolve.RemoteSpeedupEvaluator - INFO - [level1_75_conv_transposed_2D_asymmetric_input_asymmetric_kernel_strided__grouped____padded____dilated__] verify_plus request success
2025-08-08 17:26:25,817 - openevolve.RemoteSpeedupEvaluator - INFO - [level1_75_conv_transposed_2D_asymmetric_input_asymmetric_kernel_strided__grouped____padded____dilated__] verify_plus response: {"id":"level1_75_conv_transposed_2D_asymmetric_input_asymmetric_kernel_strided__grouped____padded____dilated__","result":{"compiled":true,"correctness":true,"metadata":{"hardware":"NVIDIA L20Y","device":"cuda:4","correctness_trials":"(5 / 5)","reference_timing_ms":0.057,"speed_up":0.009,"custom_timing":6.68},"runtime":6.68,"runtime_stats":{"mean":6.68,"std":0.0329,"min":6.66,"max":6.94,"num_trials":100,"hardware":"NVIDIA L20Y","device":"cuda:4"}}}
2025-08-08 17:26:25,817 - openevolve.evaluator - INFO - Evaluated program b965da3e-5b5c-489b-8ed3-d65c132ad112 in 3.98s: compiled=1.0000, correctness=1.0000, stage=reference code, passed=0.0000, score=0.0000, speed_up=1.0000, runtime_ms=6.6800, meta={'hardware': 'NVIDIA L20Y', 'device': 'cuda:4', 'correctness_trials': '(5 / 5)', 'reference_timing_ms': 0.057, 'speed_up': 0.009, 'custom_timing': 6.68}
2025-08-08 17:26:25,818 - openevolve.database - INFO - New MAP-Elites cell occupied: {'score': 0, 'complexity': 2}
2025-08-08 17:26:25,879 - openevolve.threaded_parallel - INFO - Initializing threaded evaluation pool with 3 workers
2025-08-08 17:26:25,880 - openevolve.threaded_parallel - INFO - Started thread pool with 3 threads
2025-08-08 17:26:25,881 - openevolve.threaded_parallel - INFO - Started improved parallel controller
2025-08-08 17:26:25,881 - openevolve.controller - INFO - Using island-based evolution with 3 islands
2025-08-08 17:26:25,881 - openevolve.database - INFO - Island Status:
2025-08-08 17:26:25,881 - openevolve.database - INFO -  * Island 0: 1 programs, best=0.0000, avg=0.0000, diversity=0.00, gen=0 (best: b965da3e-5b5c-489b-8ed3-d65c132ad112)
2025-08-08 17:26:25,881 - openevolve.database - INFO -    Island 1: 0 programs, best=0.0000, avg=0.0000, diversity=0.00, gen=0
2025-08-08 17:26:25,881 - openevolve.database - INFO -    Island 2: 0 programs, best=0.0000, avg=0.0000, diversity=0.00, gen=0
2025-08-08 17:26:25,881 - openevolve.threaded_parallel - INFO - Starting improved parallel evolution from iteration 0 for 30 iterations (total: 30)
2025-08-08 17:26:26,021 - openevolve.llm.ensemble - INFO - Initialized LLM ensemble with models: deepseek (weight: 0.80), deepseek (weight: 0.20)
2025-08-08 17:26:26,027 - openevolve.llm.ensemble - INFO - Initialized LLM ensemble with models: deepseek (weight: 0.80), deepseek (weight: 0.20)
2025-08-08 17:26:26,028 - openevolve.llm.ensemble - INFO - Initialized LLM ensemble with models: deepseek (weight: 0.80), deepseek (weight: 0.20)
2025-08-08 17:26:26,163 - openevolve.llm.ensemble - INFO - Initialized LLM ensemble with models: deepseek (weight: 0.80), deepseek (weight: 0.20)
2025-08-08 17:26:26,163 - openevolve.prompt.sampler - INFO - Set custom templates: system=evaluator_system_message, user=None
2025-08-08 17:26:26,166 - openevolve.evaluator - INFO - Successfully loaded evaluation function from openevolve_output/level1_75_conv_transposed_2D_asymmetric_input_asymmetric_kernel_strided__grouped____padded____dilated__/evaluation.py
2025-08-08 17:26:26,166 - openevolve.evaluator - INFO - Initialized evaluator with openevolve_output/level1_75_conv_transposed_2D_asymmetric_input_asymmetric_kernel_strided__grouped____padded____dilated__/evaluation.py
2025-08-08 17:26:26,168 - openevolve.llm.ensemble - INFO - Sampled model: deepseek
2025-08-08 17:26:26,169 - openevolve.llm.ensemble - INFO - Initialized LLM ensemble with models: deepseek (weight: 0.80), deepseek (weight: 0.20)
2025-08-08 17:26:26,170 - openevolve.prompt.sampler - INFO - Set custom templates: system=evaluator_system_message, user=None
2025-08-08 17:26:26,170 - openevolve.llm.ensemble - INFO - Initialized LLM ensemble with models: deepseek (weight: 0.80), deepseek (weight: 0.20)
2025-08-08 17:26:26,170 - openevolve.prompt.sampler - INFO - Set custom templates: system=evaluator_system_message, user=None
2025-08-08 17:26:26,172 - openevolve.evaluator - INFO - Successfully loaded evaluation function from openevolve_output/level1_75_conv_transposed_2D_asymmetric_input_asymmetric_kernel_strided__grouped____padded____dilated__/evaluation.py
2025-08-08 17:26:26,172 - openevolve.evaluator - INFO - Initialized evaluator with openevolve_output/level1_75_conv_transposed_2D_asymmetric_input_asymmetric_kernel_strided__grouped____padded____dilated__/evaluation.py
2025-08-08 17:26:26,172 - openevolve.evaluator - INFO - Successfully loaded evaluation function from openevolve_output/level1_75_conv_transposed_2D_asymmetric_input_asymmetric_kernel_strided__grouped____padded____dilated__/evaluation.py
2025-08-08 17:26:26,172 - openevolve.evaluator - INFO - Initialized evaluator with openevolve_output/level1_75_conv_transposed_2D_asymmetric_input_asymmetric_kernel_strided__grouped____padded____dilated__/evaluation.py
2025-08-08 17:26:26,174 - openevolve.llm.ensemble - INFO - Sampled model: deepseek
2025-08-08 17:26:26,175 - openevolve.llm.ensemble - INFO - Sampled model: deepseek
2025-08-08 17:41:12,049 - openevolve.RemoteSpeedupEvaluator - INFO - [level1_75_conv_transposed_2D_asymmetric_input_asymmetric_kernel_strided__grouped____padded____dilated__] triton key words check pass
2025-08-08 17:41:12,051 - openevolve.RemoteSpeedupEvaluator - INFO - [level1_75_conv_transposed_2D_asymmetric_input_asymmetric_kernel_strided__grouped____padded____dilated__] verify_plus payload: reference_code(2134 chars) + custom_code(6273 chars)
2025-08-08 17:41:15,149 - openevolve.RemoteSpeedupEvaluator - INFO - [level1_75_conv_transposed_2D_asymmetric_input_asymmetric_kernel_strided__grouped____padded____dilated__] verify_plus request success
2025-08-08 17:41:15,150 - openevolve.RemoteSpeedupEvaluator - INFO - [level1_75_conv_transposed_2D_asymmetric_input_asymmetric_kernel_strided__grouped____padded____dilated__] verify_plus response: {"id":"level1_75_conv_transposed_2D_asymmetric_input_asymmetric_kernel_strided__grouped____padded____dilated__","result":{"compiled":true,"correctness":false,"metadata":{"hardware":"NVIDIA L20Y","device":"cuda:4","runtime_error":"Traceback (most recent call last):\n  File \"/cpfs01/shared/llm_kernel/hujiakai/KernelLLM/validation_api_server/helpers/evaluations.py\", line 720, in run_and_check_correctness\n    output_new = model_new(*inputs)\n  File \"/home/lijiaxing/.conda/envs/api/lib/python3.10/site-packages/torch/nn/modules/module.py\", line 1773, in _wrapped_call_impl\n    return self._call_impl(*args, **kwargs)\n  File \"/home/lijiaxing/.conda/envs/api/lib/python3.10/site-packages/torch/nn/modules/module.py\", line 1784, in _call_impl\n    return forward_call(*args, **kwargs)\n  File \
2025-08-08 17:41:15,150 - openevolve.RemoteSpeedupEvaluator - INFO - [level1_75_conv_transposed_2D_asymmetric_input_asymmetric_kernel_strided__grouped____padded____dilated__] âœ˜ wrong_answer
2025-08-08 17:41:15,150 - openevolve.evaluator - INFO - Evaluated program 536c1f9b-1fd9-4f99-a1ee-5d40e27f33ff in 3.10s: compiled=1.0000, correctness=0.0000, score=10.0000, stage=wrong_answer, verify_payload={'id': 'level1_75_conv_transposed_2D_asymmetric_input_asymmetric_kernel_strided__grouped____padded____dilated__', 'result': {'compiled': True, 'correctness': False, 'metadata': {'hardware': 'NVIDIA L20Y', 'device': 'cuda:4', 'runtime_error': 'Traceback (most recent call last):\n  File "/cpfs01/shared/llm_kernel/hujiakai/KernelLLM/validation_api_server/helpers/evaluations.py", line 720, in run_and_check_correctness\n    output_new = model_new(*inputs)\n  File "/home/lijiaxing/.conda/envs/api/lib/python3.10/site-packages/torch/nn/modules/module.py", line 1773, in _wrapped_call_impl\n    return self._call_impl(*args, **kwargs)\n  File "/home/lijiaxing/.conda/envs/api/lib/python3.10/site-packages/torch/nn/modules/module.py", line 1784, in _call_impl\n    return forward_call(*args, **kwargs)\n  File "/tmp/tmpx8s0h85e.py", line 127, in forward\n    conv_transpose2d_kernel[grid](\n  File "/home/lijiaxing/.conda/envs/api/lib/python3.10/site-packages/triton/runtime/jit.py", line 390, in <lambda>\n    return lambda *args, **kwargs: self.run(grid=grid, warmup=False, *args, **kwargs)\n  File "/home/lijiaxing/.conda/envs/api/lib/python3.10/site-packages/triton/runtime/jit.py", line 594, in run\n    kernel = self.compile(src, target=target, options=options.__dict__)\n  File "/home/lijiaxing/.conda/envs/api/lib/python3.10/site-packages/triton/compiler/compiler.py", line 339, in compile\n    module = src.make_ir(options, codegen_fns, module_map, context)\n  File "/home/lijiaxing/.conda/envs/api/lib/python3.10/site-packages/triton/compiler/compiler.py", line 83, in make_ir\n    return ast_to_ttir(self.fn, self, context=context, options=options, codegen_fns=codegen_fns,\ntriton.compiler.errors.UnsupportedLanguageConstruct: at 57:23:\n\n        total = 0.0\n        for di in range(kernel_h):\n            for dj in range(kernel_w):\n                in_i = i + padding_h - di * dilation_h\n                in_j = j + padding_w - dj * dilation_w\n\n                if in_i % stride_h == 0 and in_j % stride_w == 0:\n                    in_i_idx = in_i // stride_h\n                    in_j_idx = in_j // stride_w\n\n                    if 0 <= in_i_idx < in_h and 0 <= in_j_idx < in_w:\n                       ^\nsimultaneous multiple comparison is not supported\n', 'runtime_error_name': 'triton.compiler.errors.UnsupportedLanguageConstruct', 'reference_timing_ms': 0.057, 'speed_up': -1.0, 'custom_timing': -1.0}, 'runtime': -1.0, 'runtime_stats': {}}}
2025-08-08 17:41:15,153 - openevolve.llm.ensemble - INFO - Sampled model: deepseek
2025-08-08 17:41:15,155 - openevolve.database - INFO - New MAP-Elites cell occupied: {'score': 9, 'complexity': 9}
2025-08-08 17:41:15,156 - openevolve.database - INFO - New best program 536c1f9b-1fd9-4f99-a1ee-5d40e27f33ff replaces b965da3e-5b5c-489b-8ed3-d65c132ad112
2025-08-08 17:41:15,167 - openevolve.threaded_parallel - INFO - Iteration 0: Program 536c1f9b-1fd9-4f99-a1ee-5d40e27f33ff (parent: b965da3e-5b5c-489b-8ed3-d65c132ad112) completed in 888.98s
2025-08-08 17:41:15,167 - openevolve.threaded_parallel - INFO - Metrics: compiled=1.0000, correctness=0.0000, score=10.0000, stage=wrong_answer, verify_payload={'id': 'level1_75_conv_transposed_2D_asymmetric_input_asymmetric_kernel_strided__grouped____padded____dilated__', 'result': {'compiled': True, 'correctness': False, 'metadata': {'hardware': 'NVIDIA L20Y', 'device': 'cuda:4', 'runtime_error': 'Traceback (most recent call last):\n  File "/cpfs01/shared/llm_kernel/hujiakai/KernelLLM/validation_api_server/helpers/evaluations.py", line 720, in run_and_check_correctness\n    output_new = model_new(*inputs)\n  File "/home/lijiaxing/.conda/envs/api/lib/python3.10/site-packages/torch/nn/modules/module.py", line 1773, in _wrapped_call_impl\n    return self._call_impl(*args, **kwargs)\n  File "/home/lijiaxing/.conda/envs/api/lib/python3.10/site-packages/torch/nn/modules/module.py", line 1784, in _call_impl\n    return forward_call(*args, **kwargs)\n  File "/tmp/tmpx8s0h85e.py", line 127, in forward\n    conv_transpose2d_kernel[grid](\n  File "/home/lijiaxing/.conda/envs/api/lib/python3.10/site-packages/triton/runtime/jit.py", line 390, in <lambda>\n    return lambda *args, **kwargs: self.run(grid=grid, warmup=False, *args, **kwargs)\n  File "/home/lijiaxing/.conda/envs/api/lib/python3.10/site-packages/triton/runtime/jit.py", line 594, in run\n    kernel = self.compile(src, target=target, options=options.__dict__)\n  File "/home/lijiaxing/.conda/envs/api/lib/python3.10/site-packages/triton/compiler/compiler.py", line 339, in compile\n    module = src.make_ir(options, codegen_fns, module_map, context)\n  File "/home/lijiaxing/.conda/envs/api/lib/python3.10/site-packages/triton/compiler/compiler.py", line 83, in make_ir\n    return ast_to_ttir(self.fn, self, context=context, options=options, codegen_fns=codegen_fns,\ntriton.compiler.errors.UnsupportedLanguageConstruct: at 57:23:\n\n        total = 0.0\n        for di in range(kernel_h):\n            for dj in range(kernel_w):\n                in_i = i + padding_h - di * dilation_h\n                in_j = j + padding_w - dj * dilation_w\n\n                if in_i % stride_h == 0 and in_j % stride_w == 0:\n                    in_i_idx = in_i // stride_h\n                    in_j_idx = in_j // stride_w\n\n                    if 0 <= in_i_idx < in_h and 0 <= in_j_idx < in_w:\n                       ^\nsimultaneous multiple comparison is not supported\n', 'runtime_error_name': 'triton.compiler.errors.UnsupportedLanguageConstruct', 'reference_timing_ms': 0.057, 'speed_up': -1.0, 'custom_timing': -1.0}, 'runtime': -1.0, 'runtime_stats': {}}}
2025-08-08 17:41:15,168 - openevolve.threaded_parallel - INFO - ðŸŒŸ New best solution found at iteration 0: 536c1f9b-1fd9-4f99-a1ee-5d40e27f33ff
2025-08-08 17:41:15,168 - openevolve.threaded_parallel - INFO - Checkpoint interval reached at iteration 0
2025-08-08 17:41:15,168 - openevolve.database - INFO - Island Status:
2025-08-08 17:41:15,168 - openevolve.database - INFO -  * Island 0: 2 programs, best=10.0000, avg=5.0000, diversity=1576.80, gen=1 (best: 536c1f9b-1fd9-4f99-a1ee-5d40e27f33ff)
2025-08-08 17:41:15,168 - openevolve.database - INFO -    Island 1: 0 programs, best=0.0000, avg=0.0000, diversity=0.00, gen=0
2025-08-08 17:41:15,168 - openevolve.database - INFO -    Island 2: 0 programs, best=0.0000, avg=0.0000, diversity=0.00, gen=0
2025-08-08 17:41:15,197 - openevolve.database - INFO - Saved database with 2 programs to openevolve_output/level1_75_conv_transposed_2D_asymmetric_input_asymmetric_kernel_strided__grouped____padded____dilated__/checkpoints/checkpoint_0
2025-08-08 17:41:15,209 - openevolve.controller - INFO - Saved best program at checkpoint 0 with metrics: compiled=1.0000, correctness=0.0000, score=10.0000, stage=wrong_answer, verify_payload={'id': 'level1_75_conv_transposed_2D_asymmetric_input_asymmetric_kernel_strided__grouped____padded____dilated__', 'result': {'compiled': True, 'correctness': False, 'metadata': {'hardware': 'NVIDIA L20Y', 'device': 'cuda:4', 'runtime_error': 'Traceback (most recent call last):\n  File "/cpfs01/shared/llm_kernel/hujiakai/KernelLLM/validation_api_server/helpers/evaluations.py", line 720, in run_and_check_correctness\n    output_new = model_new(*inputs)\n  File "/home/lijiaxing/.conda/envs/api/lib/python3.10/site-packages/torch/nn/modules/module.py", line 1773, in _wrapped_call_impl\n    return self._call_impl(*args, **kwargs)\n  File "/home/lijiaxing/.conda/envs/api/lib/python3.10/site-packages/torch/nn/modules/module.py", line 1784, in _call_impl\n    return forward_call(*args, **kwargs)\n  File "/tmp/tmpx8s0h85e.py", line 127, in forward\n    conv_transpose2d_kernel[grid](\n  File "/home/lijiaxing/.conda/envs/api/lib/python3.10/site-packages/triton/runtime/jit.py", line 390, in <lambda>\n    return lambda *args, **kwargs: self.run(grid=grid, warmup=False, *args, **kwargs)\n  File "/home/lijiaxing/.conda/envs/api/lib/python3.10/site-packages/triton/runtime/jit.py", line 594, in run\n    kernel = self.compile(src, target=target, options=options.__dict__)\n  File "/home/lijiaxing/.conda/envs/api/lib/python3.10/site-packages/triton/compiler/compiler.py", line 339, in compile\n    module = src.make_ir(options, codegen_fns, module_map, context)\n  File "/home/lijiaxing/.conda/envs/api/lib/python3.10/site-packages/triton/compiler/compiler.py", line 83, in make_ir\n    return ast_to_ttir(self.fn, self, context=context, options=options, codegen_fns=codegen_fns,\ntriton.compiler.errors.UnsupportedLanguageConstruct: at 57:23:\n\n        total = 0.0\n        for di in range(kernel_h):\n            for dj in range(kernel_w):\n                in_i = i + padding_h - di * dilation_h\n                in_j = j + padding_w - dj * dilation_w\n\n                if in_i % stride_h == 0 and in_j % stride_w == 0:\n                    in_i_idx = in_i // stride_h\n                    in_j_idx = in_j // stride_w\n\n                    if 0 <= in_i_idx < in_h and 0 <= in_j_idx < in_w:\n                       ^\nsimultaneous multiple comparison is not supported\n', 'runtime_error_name': 'triton.compiler.errors.UnsupportedLanguageConstruct', 'reference_timing_ms': 0.057, 'speed_up': -1.0, 'custom_timing': -1.0}, 'runtime': -1.0, 'runtime_stats': {}}}
2025-08-08 17:41:15,210 - openevolve.controller - INFO - Saved checkpoint at iteration 0 to openevolve_output/level1_75_conv_transposed_2D_asymmetric_input_asymmetric_kernel_strided__grouped____padded____dilated__/checkpoints/checkpoint_0
2025-08-08 17:42:33,877 - openevolve.RemoteSpeedupEvaluator - INFO - [level1_75_conv_transposed_2D_asymmetric_input_asymmetric_kernel_strided__grouped____padded____dilated__] triton key words check pass
2025-08-08 17:42:33,878 - openevolve.RemoteSpeedupEvaluator - INFO - [level1_75_conv_transposed_2D_asymmetric_input_asymmetric_kernel_strided__grouped____padded____dilated__] verify_plus payload: reference_code(2134 chars) + custom_code(7752 chars)
2025-08-08 17:42:37,374 - openevolve.RemoteSpeedupEvaluator - INFO - [level1_75_conv_transposed_2D_asymmetric_input_asymmetric_kernel_strided__grouped____padded____dilated__] verify_plus request success
2025-08-08 17:42:37,374 - openevolve.RemoteSpeedupEvaluator - INFO - [level1_75_conv_transposed_2D_asymmetric_input_asymmetric_kernel_strided__grouped____padded____dilated__] verify_plus response: {"id":"level1_75_conv_transposed_2D_asymmetric_input_asymmetric_kernel_strided__grouped____padded____dilated__","result":{"compiled":true,"correctness":false,"metadata":{"hardware":"NVIDIA L20Y","device":"cuda:1","runtime_error":"Traceback (most recent call last):\n  File \"/cpfs01/shared/llm_kernel/hujiakai/KernelLLM/validation_api_server/helpers/evaluations.py\", line 720, in run_and_check_correctness\n    output_new = model_new(*inputs)\n  File \"/home/lijiaxing/.conda/envs/api/lib/python3.10/site-packages/torch/nn/modules/module.py\", line 1773, in _wrapped_call_impl\n    return self._call_impl(*args, **kwargs)\n  File \"/home/lijiaxing/.conda/envs/api/lib/python3.10/site-packages/torch/nn/modules/module.py\", line 1784, in _call_impl\n    return forward_call(*args, **kwargs)\n  File \
2025-08-08 17:42:37,374 - openevolve.RemoteSpeedupEvaluator - INFO - [level1_75_conv_transposed_2D_asymmetric_input_asymmetric_kernel_strided__grouped____padded____dilated__] âœ˜ wrong_answer
2025-08-08 17:42:37,375 - openevolve.evaluator - INFO - Evaluated program 650f685e-8c1b-4de1-8bdf-7ef237547d70 in 3.50s: compiled=1.0000, correctness=0.0000, score=10.0000, stage=wrong_answer, verify_payload={'id': 'level1_75_conv_transposed_2D_asymmetric_input_asymmetric_kernel_strided__grouped____padded____dilated__', 'result': {'compiled': True, 'correctness': False, 'metadata': {'hardware': 'NVIDIA L20Y', 'device': 'cuda:1', 'runtime_error': 'Traceback (most recent call last):\n  File "/cpfs01/shared/llm_kernel/hujiakai/KernelLLM/validation_api_server/helpers/evaluations.py", line 720, in run_and_check_correctness\n    output_new = model_new(*inputs)\n  File "/home/lijiaxing/.conda/envs/api/lib/python3.10/site-packages/torch/nn/modules/module.py", line 1773, in _wrapped_call_impl\n    return self._call_impl(*args, **kwargs)\n  File "/home/lijiaxing/.conda/envs/api/lib/python3.10/site-packages/torch/nn/modules/module.py", line 1784, in _call_impl\n    return forward_call(*args, **kwargs)\n  File "/tmp/tmpfq8q1l72.py", line 184, in forward\n    conv_transpose2d_kernel[grid](\n  File "/home/lijiaxing/.conda/envs/api/lib/python3.10/site-packages/triton/runtime/jit.py", line 390, in <lambda>\n    return lambda *args, **kwargs: self.run(grid=grid, warmup=False, *args, **kwargs)\n  File "/home/lijiaxing/.conda/envs/api/lib/python3.10/site-packages/triton/runtime/jit.py", line 594, in run\n    kernel = self.compile(src, target=target, options=options.__dict__)\n  File "/home/lijiaxing/.conda/envs/api/lib/python3.10/site-packages/triton/compiler/compiler.py", line 339, in compile\n    module = src.make_ir(options, codegen_fns, module_map, context)\n  File "/home/lijiaxing/.conda/envs/api/lib/python3.10/site-packages/triton/compiler/compiler.py", line 83, in make_ir\n    return ast_to_ttir(self.fn, self, context=context, options=options, codegen_fns=codegen_fns,\ntriton.compiler.errors.UnsupportedLanguageConstruct: at 45:12:\n    oc_index = pid_oc % out_channels_per_group\n    start_ic = group_id * in_channels_per_group\n\n    # Initialize accumulator\n    accumulator = 0.0\n\n    # Iterate over kernel height\n    for kh in range(0, kernel_h):\n        # Calculate input height position\n        ih = (out_h + padding_h - kh * dilation_h) / stride_h\n        if ih < 0 or ih >= in_height or ih % 1 != 0:\n            continue\n            ^\nunsupported AST node type: Continue\n', 'runtime_error_name': 'triton.compiler.errors.UnsupportedLanguageConstruct', 'reference_timing_ms': 0.057, 'speed_up': -1.0, 'custom_timing': -1.0}, 'runtime': -1.0, 'runtime_stats': {}}}
2025-08-08 17:42:37,378 - openevolve.llm.ensemble - INFO - Sampled model: deepseek
2025-08-08 17:42:37,395 - openevolve.threaded_parallel - INFO - Iteration 1: Program 650f685e-8c1b-4de1-8bdf-7ef237547d70 (parent: b965da3e-5b5c-489b-8ed3-d65c132ad112) completed in 971.21s
2025-08-08 17:42:37,395 - openevolve.threaded_parallel - INFO - Metrics: compiled=1.0000, correctness=0.0000, score=10.0000, stage=wrong_answer, verify_payload={'id': 'level1_75_conv_transposed_2D_asymmetric_input_asymmetric_kernel_strided__grouped____padded____dilated__', 'result': {'compiled': True, 'correctness': False, 'metadata': {'hardware': 'NVIDIA L20Y', 'device': 'cuda:1', 'runtime_error': 'Traceback (most recent call last):\n  File "/cpfs01/shared/llm_kernel/hujiakai/KernelLLM/validation_api_server/helpers/evaluations.py", line 720, in run_and_check_correctness\n    output_new = model_new(*inputs)\n  File "/home/lijiaxing/.conda/envs/api/lib/python3.10/site-packages/torch/nn/modules/module.py", line 1773, in _wrapped_call_impl\n    return self._call_impl(*args, **kwargs)\n  File "/home/lijiaxing/.conda/envs/api/lib/python3.10/site-packages/torch/nn/modules/module.py", line 1784, in _call_impl\n    return forward_call(*args, **kwargs)\n  File "/tmp/tmpfq8q1l72.py", line 184, in forward\n    conv_transpose2d_kernel[grid](\n  File "/home/lijiaxing/.conda/envs/api/lib/python3.10/site-packages/triton/runtime/jit.py", line 390, in <lambda>\n    return lambda *args, **kwargs: self.run(grid=grid, warmup=False, *args, **kwargs)\n  File "/home/lijiaxing/.conda/envs/api/lib/python3.10/site-packages/triton/runtime/jit.py", line 594, in run\n    kernel = self.compile(src, target=target, options=options.__dict__)\n  File "/home/lijiaxing/.conda/envs/api/lib/python3.10/site-packages/triton/compiler/compiler.py", line 339, in compile\n    module = src.make_ir(options, codegen_fns, module_map, context)\n  File "/home/lijiaxing/.conda/envs/api/lib/python3.10/site-packages/triton/compiler/compiler.py", line 83, in make_ir\n    return ast_to_ttir(self.fn, self, context=context, options=options, codegen_fns=codegen_fns,\ntriton.compiler.errors.UnsupportedLanguageConstruct: at 45:12:\n    oc_index = pid_oc % out_channels_per_group\n    start_ic = group_id * in_channels_per_group\n\n    # Initialize accumulator\n    accumulator = 0.0\n\n    # Iterate over kernel height\n    for kh in range(0, kernel_h):\n        # Calculate input height position\n        ih = (out_h + padding_h - kh * dilation_h) / stride_h\n        if ih < 0 or ih >= in_height or ih % 1 != 0:\n            continue\n            ^\nunsupported AST node type: Continue\n', 'runtime_error_name': 'triton.compiler.errors.UnsupportedLanguageConstruct', 'reference_timing_ms': 0.057, 'speed_up': -1.0, 'custom_timing': -1.0}, 'runtime': -1.0, 'runtime_stats': {}}}
2025-08-08 17:43:24,326 - openevolve.RemoteSpeedupEvaluator - INFO - [level1_75_conv_transposed_2D_asymmetric_input_asymmetric_kernel_strided__grouped____padded____dilated__] triton key words check pass
2025-08-08 17:43:24,328 - openevolve.RemoteSpeedupEvaluator - INFO - [level1_75_conv_transposed_2D_asymmetric_input_asymmetric_kernel_strided__grouped____padded____dilated__] verify_plus payload: reference_code(2134 chars) + custom_code(8076 chars)
2025-08-08 17:43:27,819 - openevolve.RemoteSpeedupEvaluator - INFO - [level1_75_conv_transposed_2D_asymmetric_input_asymmetric_kernel_strided__grouped____padded____dilated__] verify_plus request success
2025-08-08 17:43:27,819 - openevolve.RemoteSpeedupEvaluator - INFO - [level1_75_conv_transposed_2D_asymmetric_input_asymmetric_kernel_strided__grouped____padded____dilated__] verify_plus response: {"id":"level1_75_conv_transposed_2D_asymmetric_input_asymmetric_kernel_strided__grouped____padded____dilated__","result":{"error":"CUDA error: an illegal memory access was encountered\nCUDA kernel errors might be asynchronously reported at some other API call, so the stacktrace below might be incorrect.\nFor debugging consider passing CUDA_LAUNCH_BLOCKING=1\nCompile with `TORCH_USE_CUDA_DSA` to enable device-side assertions.\n\nTraceback (most recent call last):\n  File \"/cpfs01/shared/llm_kernel/hujiakai/KernelLLM/validation_api_server/evaluator.py\", line 173, in _verification_worker\n    result: KernelExecResult = eval_kernel_against_ref(\n  File \"/cpfs01/shared/llm_kernel/hujiakai/KernelLLM/validation_api_server/helpers/evaluations.py\", line 578, in eval_kernel_against_ref\n    grac
2025-08-08 17:43:27,819 - openevolve.RemoteSpeedupEvaluator - INFO - [level1_75_conv_transposed_2D_asymmetric_input_asymmetric_kernel_strided__grouped____padded____dilated__] âœ˜ compile_error
2025-08-08 17:43:27,819 - openevolve.RemoteSpeedupEvaluator - INFO - [level1_75_conv_transposed_2D_asymmetric_input_asymmetric_kernel_strided__grouped____padded____dilated___953653] execute payload: {id:level1_75_conv_transposed_2D_asymmetric_input_asymmetric_kernel_strided__grouped____padded____dilated___953653, device_type:NV_LY_20}
2025-08-08 17:43:29,938 - openevolve.RemoteSpeedupEvaluator - INFO - [level1_75_conv_transposed_2D_asymmetric_input_asymmetric_kernel_strided__grouped____padded____dilated___953653] execute request success
2025-08-08 17:43:29,938 - openevolve.RemoteSpeedupEvaluator - INFO - [level1_75_conv_transposed_2D_asymmetric_input_asymmetric_kernel_strided__grouped____padded____dilated___953653] execute response: {"id":"level1_75_conv_transposed_2D_asymmetric_input_asymmetric_kernel_strided__grouped____padded____dilated___953653","exit_code":"1","content":"[Child] ç»‘å®š GPU 1, torch sees 1 device(s)\n\n[Exception]\nTraceback (most recent call last):\n  File \"/cpfs01/shared/llm_kernel/hujiakai/KernelLLM/validation_api_server/code_executor.py\", line 71, in _exec_worker\n    exec(textwrap.dedent(code_src), mod.__dict__)\n  File \"<string>\", line 9, in <module>\n  File \"/home/lijiaxing/.conda/envs/api/lib/python3.10/site-packages/triton/runtime/jit.py\", line 844, in jit\n    return decorator(fn)\n  File \"/home/lijiaxing/.conda/envs/api/lib/python3.10/site-packages/triton/runtime/jit.py\", line 832, in decorator\n    return JITFunction(\n  File \"/home/lijiaxing/.conda/envs/api/lib/python3.10/site-pa
2025-08-08 17:43:29,938 - openevolve.evaluator - INFO - Evaluated program 86fd6daf-a006-4b72-a7ba-f9affe636485 in 5.61s: compiled=0.0000, correctness=0.0000, score=1.0000, stage=compile_error, compile_log=CUDA error: an illegal memory access was encountered
CUDA kernel errors might be asynchronously reported at some other API call, so the stacktrace below might be incorrect.
For debugging consider passing CUDA_LAUNCH_BLOCKING=1
Compile with `TORCH_USE_CUDA_DSA` to enable device-side assertions.

Traceback (most recent call last):
  File "/cpfs01/shared/llm_kernel/hujiakai/KernelLLM/validation_api_server/evaluator.py", line 173, in _verification_worker
    result: KernelExecResult = eval_kernel_against_ref(
  File "/cpfs01/shared/llm_kernel/hujiakai/KernelLLM/validation_api_server/helpers/evaluations.py", line 578, in eval_kernel_against_ref
    graceful_eval_cleanup(context, device, tempfile)
  File "/cpfs01/shared/llm_kernel/hujiakai/KernelLLM/validation_api_server/helpers/evaluations.py", line 230, in graceful_eval_cleanup
    torch.cuda.empty_cache()
  File "/home/lijiaxing/.conda/envs/api/lib/python3.10/site-packages/torch/cuda/memory.py", line 224, in empty_cache
    torch._C._cuda_emptyCache()
torch.AcceleratorError: CUDA error: an illegal memory access was encountered
CUDA kernel errors might be asynchronously reported at some other API call, so the stacktrace below might be incorrect.
For debugging consider passing CUDA_LAUNCH_BLOCKING=1
Compile with `TORCH_USE_CUDA_DSA` to enable device-side assertions.

, exec_log=[Child] ç»‘å®š GPU 1, torch sees 1 device(s)

[Exception]
Traceback (most recent call last):
  File "/cpfs01/shared/llm_kernel/hujiakai/KernelLLM/validation_api_server/code_executor.py", line 71, in _exec_worker
    exec(textwrap.dedent(code_src), mod.__dict__)
  File "<string>", line 9, in <module>
  File "/home/lijiaxing/.conda/envs/api/lib/python3.10/site-packages/triton/runtime/jit.py", line 844, in jit
    return decorator(fn)
  File "/home/lijiaxing/.conda/envs/api/lib/python3.10/site-packages/triton/runtime/jit.py", line 832, in decorator
    return JITFunction(
  File "/home/lijiaxing/.conda/envs/api/lib/python3.10/site-packages/triton/runtime/jit.py", line 635, in __init__
    self.starting_line_number = inspect.getsourcelines(fn)[1]
  File "/home/lijiaxing/.conda/envs/api/lib/python3.10/inspect.py", line 1121, in getsourcelines
    lines, lnum = findsource(object)
  File "/home/lijiaxing/.conda/envs/api/lib/python3.10/inspect.py", line 958, in findsource
    raise OSError('could not get source code')
OSError: could not get source code
, exit_code=1
2025-08-08 17:43:29,942 - openevolve.llm.ensemble - INFO - Sampled model: deepseek
2025-08-08 17:43:29,962 - openevolve.threaded_parallel - INFO - Iteration 2: Program 86fd6daf-a006-4b72-a7ba-f9affe636485 (parent: b965da3e-5b5c-489b-8ed3-d65c132ad112) completed in 1023.76s
2025-08-08 17:43:29,962 - openevolve.threaded_parallel - INFO - Metrics: compiled=0.0000, correctness=0.0000, score=1.0000, stage=compile_error, compile_log=CUDA error: an illegal memory access was encountered
CUDA kernel errors might be asynchronously reported at some other API call, so the stacktrace below might be incorrect.
For debugging consider passing CUDA_LAUNCH_BLOCKING=1
Compile with `TORCH_USE_CUDA_DSA` to enable device-side assertions.

Traceback (most recent call last):
  File "/cpfs01/shared/llm_kernel/hujiakai/KernelLLM/validation_api_server/evaluator.py", line 173, in _verification_worker
    result: KernelExecResult = eval_kernel_against_ref(
  File "/cpfs01/shared/llm_kernel/hujiakai/KernelLLM/validation_api_server/helpers/evaluations.py", line 578, in eval_kernel_against_ref
    graceful_eval_cleanup(context, device, tempfile)
  File "/cpfs01/shared/llm_kernel/hujiakai/KernelLLM/validation_api_server/helpers/evaluations.py", line 230, in graceful_eval_cleanup
    torch.cuda.empty_cache()
  File "/home/lijiaxing/.conda/envs/api/lib/python3.10/site-packages/torch/cuda/memory.py", line 224, in empty_cache
    torch._C._cuda_emptyCache()
torch.AcceleratorError: CUDA error: an illegal memory access was encountered
CUDA kernel errors might be asynchronously reported at some other API call, so the stacktrace below might be incorrect.
For debugging consider passing CUDA_LAUNCH_BLOCKING=1
Compile with `TORCH_USE_CUDA_DSA` to enable device-side assertions.

, exec_log=[Child] ç»‘å®š GPU 1, torch sees 1 device(s)

[Exception]
Traceback (most recent call last):
  File "/cpfs01/shared/llm_kernel/hujiakai/KernelLLM/validation_api_server/code_executor.py", line 71, in _exec_worker
    exec(textwrap.dedent(code_src), mod.__dict__)
  File "<string>", line 9, in <module>
  File "/home/lijiaxing/.conda/envs/api/lib/python3.10/site-packages/triton/runtime/jit.py", line 844, in jit
    return decorator(fn)
  File "/home/lijiaxing/.conda/envs/api/lib/python3.10/site-packages/triton/runtime/jit.py", line 832, in decorator
    return JITFunction(
  File "/home/lijiaxing/.conda/envs/api/lib/python3.10/site-packages/triton/runtime/jit.py", line 635, in __init__
    self.starting_line_number = inspect.getsourcelines(fn)[1]
  File "/home/lijiaxing/.conda/envs/api/lib/python3.10/inspect.py", line 1121, in getsourcelines
    lines, lnum = findsource(object)
  File "/home/lijiaxing/.conda/envs/api/lib/python3.10/inspect.py", line 958, in findsource
    raise OSError('could not get source code')
OSError: could not get source code
, exit_code=1
2025-08-08 17:50:07,723 - openevolve.RemoteSpeedupEvaluator - INFO - [level1_75_conv_transposed_2D_asymmetric_input_asymmetric_kernel_strided__grouped____padded____dilated__] triton key words check pass
2025-08-08 17:50:07,725 - openevolve.RemoteSpeedupEvaluator - INFO - [level1_75_conv_transposed_2D_asymmetric_input_asymmetric_kernel_strided__grouped____padded____dilated__] verify_plus payload: reference_code(2134 chars) + custom_code(8736 chars)
2025-08-08 17:50:10,994 - openevolve.RemoteSpeedupEvaluator - INFO - [level1_75_conv_transposed_2D_asymmetric_input_asymmetric_kernel_strided__grouped____padded____dilated__] verify_plus request success
2025-08-08 17:50:10,994 - openevolve.RemoteSpeedupEvaluator - INFO - [level1_75_conv_transposed_2D_asymmetric_input_asymmetric_kernel_strided__grouped____padded____dilated__] verify_plus response: {"id":"level1_75_conv_transposed_2D_asymmetric_input_asymmetric_kernel_strided__grouped____padded____dilated__","result":{"compiled":true,"correctness":false,"metadata":{"hardware":"NVIDIA L20Y","device":"cuda:6","runtime_error":"Traceback (most recent call last):\n  File \"/cpfs01/shared/llm_kernel/hujiakai/KernelLLM/validation_api_server/helpers/evaluations.py\", line 720, in run_and_check_correctness\n    output_new = model_new(*inputs)\n  File \"/home/lijiaxing/.conda/envs/api/lib/python3.10/site-packages/torch/nn/modules/module.py\", line 1773, in _wrapped_call_impl\n    return self._call_impl(*args, **kwargs)\n  File \"/home/lijiaxing/.conda/envs/api/lib/python3.10/site-packages/torch/nn/modules/module.py\", line 1784, in _call_impl\n    return forward_call(*args, **kwargs)\n  File \
2025-08-08 17:50:10,995 - openevolve.RemoteSpeedupEvaluator - INFO - [level1_75_conv_transposed_2D_asymmetric_input_asymmetric_kernel_strided__grouped____padded____dilated__] âœ˜ wrong_answer
2025-08-08 17:50:10,995 - openevolve.evaluator - INFO - Evaluated program 2146c815-5f55-4617-95c0-7407ddfab9e7 in 3.27s: compiled=1.0000, correctness=0.0000, score=10.0000, stage=wrong_answer, verify_payload={'id': 'level1_75_conv_transposed_2D_asymmetric_input_asymmetric_kernel_strided__grouped____padded____dilated__', 'result': {'compiled': True, 'correctness': False, 'metadata': {'hardware': 'NVIDIA L20Y', 'device': 'cuda:6', 'runtime_error': 'Traceback (most recent call last):\n  File "/cpfs01/shared/llm_kernel/hujiakai/KernelLLM/validation_api_server/helpers/evaluations.py", line 720, in run_and_check_correctness\n    output_new = model_new(*inputs)\n  File "/home/lijiaxing/.conda/envs/api/lib/python3.10/site-packages/torch/nn/modules/module.py", line 1773, in _wrapped_call_impl\n    return self._call_impl(*args, **kwargs)\n  File "/home/lijiaxing/.conda/envs/api/lib/python3.10/site-packages/torch/nn/modules/module.py", line 1784, in _call_impl\n    return forward_call(*args, **kwargs)\n  File "/tmp/tmpsq590jou.py", line 187, in forward\n    conv_transpose2d_kernel[grid](\n  File "/home/lijiaxing/.conda/envs/api/lib/python3.10/site-packages/triton/runtime/jit.py", line 390, in <lambda>\n    return lambda *args, **kwargs: self.run(grid=grid, warmup=False, *args, **kwargs)\n  File "/home/lijiaxing/.conda/envs/api/lib/python3.10/site-packages/triton/runtime/jit.py", line 617, in run\n    kernel.run(grid_0, grid_1, grid_2, stream, kernel.function, kernel.packed_metadata, launch_metadata,\n  File "/home/lijiaxing/.conda/envs/api/lib/python3.10/site-packages/triton/backends/nvidia/driver.py", line 708, in __call__\n    self.launch(gridX, gridY, gridZ, stream, function, self.launch_cooperative_grid, self.launch_pdl,\nRuntimeError: Triton Error [CUDA]: invalid argument\n', 'runtime_error_name': 'builtins.RuntimeError', 'reference_timing_ms': 0.057, 'speed_up': -1.0, 'custom_timing': -1.0}, 'runtime': -1.0, 'runtime_stats': {}}}
2025-08-08 17:50:10,998 - openevolve.llm.ensemble - INFO - Sampled model: deepseek
2025-08-08 17:50:11,013 - openevolve.threaded_parallel - INFO - Iteration 5: Program 2146c815-5f55-4617-95c0-7407ddfab9e7 (parent: 650f685e-8c1b-4de1-8bdf-7ef237547d70) completed in 401.05s
2025-08-08 17:50:11,013 - openevolve.threaded_parallel - INFO - Metrics: compiled=1.0000, correctness=0.0000, score=10.0000, stage=wrong_answer, verify_payload={'id': 'level1_75_conv_transposed_2D_asymmetric_input_asymmetric_kernel_strided__grouped____padded____dilated__', 'result': {'compiled': True, 'correctness': False, 'metadata': {'hardware': 'NVIDIA L20Y', 'device': 'cuda:6', 'runtime_error': 'Traceback (most recent call last):\n  File "/cpfs01/shared/llm_kernel/hujiakai/KernelLLM/validation_api_server/helpers/evaluations.py", line 720, in run_and_check_correctness\n    output_new = model_new(*inputs)\n  File "/home/lijiaxing/.conda/envs/api/lib/python3.10/site-packages/torch/nn/modules/module.py", line 1773, in _wrapped_call_impl\n    return self._call_impl(*args, **kwargs)\n  File "/home/lijiaxing/.conda/envs/api/lib/python3.10/site-packages/torch/nn/modules/module.py", line 1784, in _call_impl\n    return forward_call(*args, **kwargs)\n  File "/tmp/tmpsq590jou.py", line 187, in forward\n    conv_transpose2d_kernel[grid](\n  File "/home/lijiaxing/.conda/envs/api/lib/python3.10/site-packages/triton/runtime/jit.py", line 390, in <lambda>\n    return lambda *args, **kwargs: self.run(grid=grid, warmup=False, *args, **kwargs)\n  File "/home/lijiaxing/.conda/envs/api/lib/python3.10/site-packages/triton/runtime/jit.py", line 617, in run\n    kernel.run(grid_0, grid_1, grid_2, stream, kernel.function, kernel.packed_metadata, launch_metadata,\n  File "/home/lijiaxing/.conda/envs/api/lib/python3.10/site-packages/triton/backends/nvidia/driver.py", line 708, in __call__\n    self.launch(gridX, gridY, gridZ, stream, function, self.launch_cooperative_grid, self.launch_pdl,\nRuntimeError: Triton Error [CUDA]: invalid argument\n', 'runtime_error_name': 'builtins.RuntimeError', 'reference_timing_ms': 0.057, 'speed_up': -1.0, 'custom_timing': -1.0}, 'runtime': -1.0, 'runtime_stats': {}}}
2025-08-08 17:55:18,756 - openevolve.RemoteSpeedupEvaluator - INFO - [level1_75_conv_transposed_2D_asymmetric_input_asymmetric_kernel_strided__grouped____padded____dilated__] triton key words check pass
2025-08-08 17:55:18,757 - openevolve.RemoteSpeedupEvaluator - INFO - [level1_75_conv_transposed_2D_asymmetric_input_asymmetric_kernel_strided__grouped____padded____dilated__] verify_plus payload: reference_code(2134 chars) + custom_code(6496 chars)
2025-08-08 17:56:04,435 - openevolve.RemoteSpeedupEvaluator - INFO - [level1_75_conv_transposed_2D_asymmetric_input_asymmetric_kernel_strided__grouped____padded____dilated__] triton key words check pass
2025-08-08 17:56:04,436 - openevolve.RemoteSpeedupEvaluator - INFO - [level1_75_conv_transposed_2D_asymmetric_input_asymmetric_kernel_strided__grouped____padded____dilated__] verify_plus payload: reference_code(2134 chars) + custom_code(6380 chars)
2025-08-08 17:56:57,538 - openevolve.RemoteSpeedupEvaluator - INFO - [level1_75_conv_transposed_2D_asymmetric_input_asymmetric_kernel_strided__grouped____padded____dilated__] verify_plus request success
2025-08-08 17:56:57,539 - openevolve.RemoteSpeedupEvaluator - INFO - [level1_75_conv_transposed_2D_asymmetric_input_asymmetric_kernel_strided__grouped____padded____dilated__] verify_plus response: {"id":"level1_75_conv_transposed_2D_asymmetric_input_asymmetric_kernel_strided__grouped____padded____dilated__","result":{"compiled":true,"correctness":true,"metadata":{"hardware":"NVIDIA L20Y","device":"cuda:4","correctness_trials":"(5 / 5)","reference_timing_ms":0.057,"speed_up":0.0,"custom_timing":877.0},"runtime":877.0,"runtime_stats":{"mean":877.0,"std":0.0651,"min":877.0,"max":877.0,"num_trials":100,"hardware":"NVIDIA L20Y","device":"cuda:4"}}}
2025-08-08 17:56:57,540 - openevolve.RemoteSpeedupEvaluator - INFO - [level1_75_conv_transposed_2D_asymmetric_input_asymmetric_kernel_strided__grouped____padded____dilated__] âœ” success | speed_up=0.000  score=20.00
2025-08-08 17:56:57,540 - openevolve.evaluator - INFO - Evaluated program 1ff2b9c7-bb49-4391-8d4c-20bd37069a85 in 98.79s: compiled=1.0000, correctness=1.0000, stage=success, passed=0.0000, score=20.0000, speed_up=0.0000, runtime_ms=877.0000, meta={'hardware': 'NVIDIA L20Y', 'device': 'cuda:4', 'correctness_trials': '(5 / 5)', 'reference_timing_ms': 0.057, 'speed_up': 0.0, 'custom_timing': 877.0}
2025-08-08 17:56:57,544 - openevolve.database - INFO - New MAP-Elites cell occupied: {'score': 9, 'complexity': 6}
2025-08-08 17:56:57,544 - openevolve.database - INFO - New best program 1ff2b9c7-bb49-4391-8d4c-20bd37069a85 replaces 536c1f9b-1fd9-4f99-a1ee-5d40e27f33ff
2025-08-08 17:56:57,545 - openevolve.llm.ensemble - INFO - Sampled model: deepseek
2025-08-08 17:56:57,556 - openevolve.threaded_parallel - INFO - Iteration 4: Program 1ff2b9c7-bb49-4391-8d4c-20bd37069a85 (parent: b965da3e-5b5c-489b-8ed3-d65c132ad112) completed in 860.16s
2025-08-08 17:56:57,557 - openevolve.threaded_parallel - INFO - Metrics: compiled=1.0000, correctness=1.0000, stage=success, passed=0.0000, score=20.0000, speed_up=0.0000, runtime_ms=877.0000, meta={'hardware': 'NVIDIA L20Y', 'device': 'cuda:4', 'correctness_trials': '(5 / 5)', 'reference_timing_ms': 0.057, 'speed_up': 0.0, 'custom_timing': 877.0}
2025-08-08 17:56:57,557 - openevolve.threaded_parallel - INFO - ðŸŒŸ New best solution found at iteration 4: 1ff2b9c7-bb49-4391-8d4c-20bd37069a85
2025-08-08 17:57:12,965 - openevolve.RemoteSpeedupEvaluator - INFO - [level1_75_conv_transposed_2D_asymmetric_input_asymmetric_kernel_strided__grouped____padded____dilated__] âœ˜ invalid_answer '@triton.jit' is not found
2025-08-08 17:57:12,966 - openevolve.evaluator - INFO - Evaluated program 4dfb96dd-3300-400b-b9e0-6a0a3c1cec49 in 0.00s: compiled=0.0000, correctness=0.0000, score=-100.0000, stage=no_valid_triton_code, feedback=You need to generate real and valid triton code for the core function. The key word '@triton.jit' is not found.
2025-08-08 17:57:12,968 - openevolve.llm.ensemble - INFO - Sampled model: deepseek
2025-08-08 17:57:12,971 - openevolve.database - INFO - New MAP-Elites cell occupied: {'score': -1000, 'complexity': 0}
2025-08-08 17:57:12,978 - openevolve.threaded_parallel - INFO - Iteration 3: Program 4dfb96dd-3300-400b-b9e0-6a0a3c1cec49 (parent: b965da3e-5b5c-489b-8ed3-d65c132ad112) completed in 957.81s
2025-08-08 17:57:12,978 - openevolve.threaded_parallel - INFO - Metrics: compiled=0.0000, correctness=0.0000, score=-100.0000, stage=no_valid_triton_code, feedback=You need to generate real and valid triton code for the core function. The key word '@triton.jit' is not found.
2025-08-08 17:57:12,978 - openevolve.threaded_parallel - INFO - Checkpoint interval reached at iteration 3
2025-08-08 17:57:12,979 - openevolve.database - INFO - Island Status:
2025-08-08 17:57:12,979 - openevolve.database - INFO -    Island 0: 4 programs, best=20.0000, avg=10.0000, diversity=1112.90, gen=2 (best: 1ff2b9c7-bb49-4391-8d4c-20bd37069a85)
2025-08-08 17:57:12,979 - openevolve.database - INFO -    Island 1: 2 programs, best=1.0000, avg=-49.5000, diversity=2523.50, gen=2 (best: 86fd6daf-a006-4b72-a7ba-f9affe636485)
2025-08-08 17:57:12,979 - openevolve.database - INFO -  * Island 2: 2 programs, best=10.0000, avg=10.0000, diversity=748.80, gen=2 (best: 2146c815-5f55-4617-95c0-7407ddfab9e7)
2025-08-08 17:57:13,060 - openevolve.database - INFO - Saved database with 7 programs to openevolve_output/level1_75_conv_transposed_2D_asymmetric_input_asymmetric_kernel_strided__grouped____padded____dilated__/checkpoints/checkpoint_3
2025-08-08 17:57:13,075 - openevolve.controller - INFO - Saved best program at checkpoint 3 with metrics: compiled=1.0000, correctness=1.0000, stage=success, passed=0.0000, score=20.0000, speed_up=0.0000, runtime_ms=877.0000, meta={'hardware': 'NVIDIA L20Y', 'device': 'cuda:4', 'correctness_trials': '(5 / 5)', 'reference_timing_ms': 0.057, 'speed_up': 0.0, 'custom_timing': 877.0}
2025-08-08 17:57:13,075 - openevolve.controller - INFO - Saved checkpoint at iteration 3 to openevolve_output/level1_75_conv_transposed_2D_asymmetric_input_asymmetric_kernel_strided__grouped____padded____dilated__/checkpoints/checkpoint_3
2025-08-08 17:57:40,672 - openevolve.RemoteSpeedupEvaluator - INFO - [level1_75_conv_transposed_2D_asymmetric_input_asymmetric_kernel_strided__grouped____padded____dilated__] verify_plus request success
2025-08-08 17:57:40,673 - openevolve.RemoteSpeedupEvaluator - INFO - [level1_75_conv_transposed_2D_asymmetric_input_asymmetric_kernel_strided__grouped____padded____dilated__] verify_plus response: {"id":"level1_75_conv_transposed_2D_asymmetric_input_asymmetric_kernel_strided__grouped____padded____dilated__","result":{"compiled":true,"correctness":true,"metadata":{"hardware":"NVIDIA L20Y","device":"cuda:1","correctness_trials":"(5 / 5)","reference_timing_ms":0.057,"speed_up":0.0,"custom_timing":855.0},"runtime":855.0,"runtime_stats":{"mean":855.0,"std":3.17,"min":852.0,"max":859.0,"num_trials":100,"hardware":"NVIDIA L20Y","device":"cuda:1"}}}
2025-08-08 17:57:40,673 - openevolve.RemoteSpeedupEvaluator - INFO - [level1_75_conv_transposed_2D_asymmetric_input_asymmetric_kernel_strided__grouped____padded____dilated__] âœ” success | speed_up=0.000  score=20.00
2025-08-08 17:57:40,674 - openevolve.evaluator - INFO - Evaluated program 5fead434-72e3-448b-bb21-0c3854e100da in 96.24s: compiled=1.0000, correctness=1.0000, stage=success, passed=0.0000, score=20.0000, speed_up=0.0000, runtime_ms=855.0000, meta={'hardware': 'NVIDIA L20Y', 'device': 'cuda:1', 'correctness_trials': '(5 / 5)', 'reference_timing_ms': 0.057, 'speed_up': 0.0, 'custom_timing': 855.0}
2025-08-08 17:57:40,677 - openevolve.llm.ensemble - INFO - Sampled model: deepseek
2025-08-08 17:57:40,690 - openevolve.threaded_parallel - INFO - Iteration 6: Program 5fead434-72e3-448b-bb21-0c3854e100da (parent: 536c1f9b-1fd9-4f99-a1ee-5d40e27f33ff) completed in 449.68s
2025-08-08 17:57:40,690 - openevolve.threaded_parallel - INFO - Metrics: compiled=1.0000, correctness=1.0000, stage=success, passed=0.0000, score=20.0000, speed_up=0.0000, runtime_ms=855.0000, meta={'hardware': 'NVIDIA L20Y', 'device': 'cuda:1', 'correctness_trials': '(5 / 5)', 'reference_timing_ms': 0.057, 'speed_up': 0.0, 'custom_timing': 855.0}
2025-08-08 17:57:40,690 - openevolve.threaded_parallel - INFO - Checkpoint interval reached at iteration 6
2025-08-08 17:57:40,691 - openevolve.database - INFO - Island Status:
2025-08-08 17:57:40,691 - openevolve.database - INFO -  * Island 0: 4 programs, best=20.0000, avg=10.0000, diversity=1112.90, gen=3 (best: 1ff2b9c7-bb49-4391-8d4c-20bd37069a85)
2025-08-08 17:57:40,691 - openevolve.database - INFO -    Island 1: 2 programs, best=1.0000, avg=-49.5000, diversity=2523.50, gen=2 (best: 86fd6daf-a006-4b72-a7ba-f9affe636485)
2025-08-08 17:57:40,692 - openevolve.database - INFO -    Island 2: 3 programs, best=20.0000, avg=13.3333, diversity=499.20, gen=2 (best: 5fead434-72e3-448b-bb21-0c3854e100da)
2025-08-08 17:57:40,828 - openevolve.database - INFO - Saved database with 8 programs to openevolve_output/level1_75_conv_transposed_2D_asymmetric_input_asymmetric_kernel_strided__grouped____padded____dilated__/checkpoints/checkpoint_6
2025-08-08 17:57:40,843 - openevolve.controller - INFO - Saved best program at checkpoint 6 with metrics: compiled=1.0000, correctness=1.0000, stage=success, passed=0.0000, score=20.0000, speed_up=0.0000, runtime_ms=877.0000, meta={'hardware': 'NVIDIA L20Y', 'device': 'cuda:4', 'correctness_trials': '(5 / 5)', 'reference_timing_ms': 0.057, 'speed_up': 0.0, 'custom_timing': 877.0}
2025-08-08 17:57:40,843 - openevolve.controller - INFO - Saved checkpoint at iteration 6 to openevolve_output/level1_75_conv_transposed_2D_asymmetric_input_asymmetric_kernel_strided__grouped____padded____dilated__/checkpoints/checkpoint_6
2025-08-08 18:09:48,670 - openevolve.RemoteSpeedupEvaluator - INFO - [level1_75_conv_transposed_2D_asymmetric_input_asymmetric_kernel_strided__grouped____padded____dilated__] triton key words check pass
2025-08-08 18:09:48,671 - openevolve.RemoteSpeedupEvaluator - INFO - [level1_75_conv_transposed_2D_asymmetric_input_asymmetric_kernel_strided__grouped____padded____dilated__] verify_plus payload: reference_code(2134 chars) + custom_code(8290 chars)
2025-08-08 18:09:51,867 - openevolve.RemoteSpeedupEvaluator - INFO - [level1_75_conv_transposed_2D_asymmetric_input_asymmetric_kernel_strided__grouped____padded____dilated__] verify_plus request success
2025-08-08 18:09:51,867 - openevolve.RemoteSpeedupEvaluator - INFO - [level1_75_conv_transposed_2D_asymmetric_input_asymmetric_kernel_strided__grouped____padded____dilated__] verify_plus response: {"id":"level1_75_conv_transposed_2D_asymmetric_input_asymmetric_kernel_strided__grouped____padded____dilated__","result":{"compiled":true,"correctness":false,"metadata":{"hardware":"NVIDIA L20Y","device":"cuda:6","runtime_error":"Traceback (most recent call last):\n  File \"/cpfs01/shared/llm_kernel/hujiakai/KernelLLM/validation_api_server/helpers/evaluations.py\", line 720, in run_and_check_correctness\n    output_new = model_new(*inputs)\n  File \"/home/lijiaxing/.conda/envs/api/lib/python3.10/site-packages/torch/nn/modules/module.py\", line 1773, in _wrapped_call_impl\n    return self._call_impl(*args, **kwargs)\n  File \"/home/lijiaxing/.conda/envs/api/lib/python3.10/site-packages/torch/nn/modules/module.py\", line 1784, in _call_impl\n    return forward_call(*args, **kwargs)\n  File \
2025-08-08 18:09:51,867 - openevolve.RemoteSpeedupEvaluator - INFO - [level1_75_conv_transposed_2D_asymmetric_input_asymmetric_kernel_strided__grouped____padded____dilated__] âœ˜ wrong_answer
2025-08-08 18:09:51,868 - openevolve.evaluator - INFO - Evaluated program 7cac1628-9566-40f7-bfd8-f4e092b63ea4 in 3.20s: compiled=1.0000, correctness=0.0000, score=10.0000, stage=wrong_answer, verify_payload={'id': 'level1_75_conv_transposed_2D_asymmetric_input_asymmetric_kernel_strided__grouped____padded____dilated__', 'result': {'compiled': True, 'correctness': False, 'metadata': {'hardware': 'NVIDIA L20Y', 'device': 'cuda:6', 'runtime_error': 'Traceback (most recent call last):\n  File "/cpfs01/shared/llm_kernel/hujiakai/KernelLLM/validation_api_server/helpers/evaluations.py", line 720, in run_and_check_correctness\n    output_new = model_new(*inputs)\n  File "/home/lijiaxing/.conda/envs/api/lib/python3.10/site-packages/torch/nn/modules/module.py", line 1773, in _wrapped_call_impl\n    return self._call_impl(*args, **kwargs)\n  File "/home/lijiaxing/.conda/envs/api/lib/python3.10/site-packages/torch/nn/modules/module.py", line 1784, in _call_impl\n    return forward_call(*args, **kwargs)\n  File "/tmp/tmpfz7rh7a5.py", line 188, in forward\n    conv_transpose2d_kernel[grid](\n  File "/home/lijiaxing/.conda/envs/api/lib/python3.10/site-packages/triton/runtime/jit.py", line 390, in <lambda>\n    return lambda *args, **kwargs: self.run(grid=grid, warmup=False, *args, **kwargs)\n  File "/home/lijiaxing/.conda/envs/api/lib/python3.10/site-packages/triton/runtime/jit.py", line 594, in run\n    kernel = self.compile(src, target=target, options=options.__dict__)\n  File "/home/lijiaxing/.conda/envs/api/lib/python3.10/site-packages/triton/compiler/compiler.py", line 339, in compile\n    module = src.make_ir(options, codegen_fns, module_map, context)\n  File "/home/lijiaxing/.conda/envs/api/lib/python3.10/site-packages/triton/compiler/compiler.py", line 83, in make_ir\n    return ast_to_ttir(self.fn, self, context=context, options=options, codegen_fns=codegen_fns,\ntriton.compiler.errors.CompilationError: at 48:23:\n    # Initialize accumulator\n    accumulator = 0.0\n\n    # Iterate over kernel height\n    for kh in range(0, kernel_h):\n        # Calculate input height position\n        ih_val = (out_h + padding_h - kh * dilation_h) / stride_h\n        ih_int = tl.math.floor(ih_val)\n        cond_h = (ih_val >= 0) & (ih_val < in_height) & (ih_val == ih_int)\n\n        if cond_h:\n            ih_index = tl.int32(ih_int)\n                       ^\nTypeError("\'dtype\' object is not callable")\n\n\nThe above exception was the direct cause of the following exception:\n\nTypeError: \'dtype\' object is not callable\n', 'runtime_error_name': 'triton.compiler.errors.CompilationError', 'reference_timing_ms': 0.057, 'speed_up': -1.0, 'custom_timing': -1.0}, 'runtime': -1.0, 'runtime_stats': {}}}
2025-08-08 18:09:51,872 - openevolve.llm.ensemble - INFO - Sampled model: deepseek
2025-08-08 18:09:51,887 - openevolve.threaded_parallel - INFO - Iteration 7: Program 7cac1628-9566-40f7-bfd8-f4e092b63ea4 (parent: 650f685e-8c1b-4de1-8bdf-7ef237547d70) completed in 774.32s
2025-08-08 18:09:51,887 - openevolve.threaded_parallel - INFO - Metrics: compiled=1.0000, correctness=0.0000, score=10.0000, stage=wrong_answer, verify_payload={'id': 'level1_75_conv_transposed_2D_asymmetric_input_asymmetric_kernel_strided__grouped____padded____dilated__', 'result': {'compiled': True, 'correctness': False, 'metadata': {'hardware': 'NVIDIA L20Y', 'device': 'cuda:6', 'runtime_error': 'Traceback (most recent call last):\n  File "/cpfs01/shared/llm_kernel/hujiakai/KernelLLM/validation_api_server/helpers/evaluations.py", line 720, in run_and_check_correctness\n    output_new = model_new(*inputs)\n  File "/home/lijiaxing/.conda/envs/api/lib/python3.10/site-packages/torch/nn/modules/module.py", line 1773, in _wrapped_call_impl\n    return self._call_impl(*args, **kwargs)\n  File "/home/lijiaxing/.conda/envs/api/lib/python3.10/site-packages/torch/nn/modules/module.py", line 1784, in _call_impl\n    return forward_call(*args, **kwargs)\n  File "/tmp/tmpfz7rh7a5.py", line 188, in forward\n    conv_transpose2d_kernel[grid](\n  File "/home/lijiaxing/.conda/envs/api/lib/python3.10/site-packages/triton/runtime/jit.py", line 390, in <lambda>\n    return lambda *args, **kwargs: self.run(grid=grid, warmup=False, *args, **kwargs)\n  File "/home/lijiaxing/.conda/envs/api/lib/python3.10/site-packages/triton/runtime/jit.py", line 594, in run\n    kernel = self.compile(src, target=target, options=options.__dict__)\n  File "/home/lijiaxing/.conda/envs/api/lib/python3.10/site-packages/triton/compiler/compiler.py", line 339, in compile\n    module = src.make_ir(options, codegen_fns, module_map, context)\n  File "/home/lijiaxing/.conda/envs/api/lib/python3.10/site-packages/triton/compiler/compiler.py", line 83, in make_ir\n    return ast_to_ttir(self.fn, self, context=context, options=options, codegen_fns=codegen_fns,\ntriton.compiler.errors.CompilationError: at 48:23:\n    # Initialize accumulator\n    accumulator = 0.0\n\n    # Iterate over kernel height\n    for kh in range(0, kernel_h):\n        # Calculate input height position\n        ih_val = (out_h + padding_h - kh * dilation_h) / stride_h\n        ih_int = tl.math.floor(ih_val)\n        cond_h = (ih_val >= 0) & (ih_val < in_height) & (ih_val == ih_int)\n\n        if cond_h:\n            ih_index = tl.int32(ih_int)\n                       ^\nTypeError("\'dtype\' object is not callable")\n\n\nThe above exception was the direct cause of the following exception:\n\nTypeError: \'dtype\' object is not callable\n', 'runtime_error_name': 'triton.compiler.errors.CompilationError', 'reference_timing_ms': 0.057, 'speed_up': -1.0, 'custom_timing': -1.0}, 'runtime': -1.0, 'runtime_stats': {}}}
2025-08-08 18:15:15,031 - openevolve.RemoteSpeedupEvaluator - INFO - [level1_75_conv_transposed_2D_asymmetric_input_asymmetric_kernel_strided__grouped____padded____dilated__] triton key words check pass
2025-08-08 18:15:15,032 - openevolve.RemoteSpeedupEvaluator - INFO - [level1_75_conv_transposed_2D_asymmetric_input_asymmetric_kernel_strided__grouped____padded____dilated__] verify_plus payload: reference_code(2134 chars) + custom_code(8859 chars)
2025-08-08 18:16:01,167 - openevolve.RemoteSpeedupEvaluator - INFO - [level1_75_conv_transposed_2D_asymmetric_input_asymmetric_kernel_strided__grouped____padded____dilated__] triton key words check pass
2025-08-08 18:16:01,168 - openevolve.RemoteSpeedupEvaluator - INFO - [level1_75_conv_transposed_2D_asymmetric_input_asymmetric_kernel_strided__grouped____padded____dilated__] verify_plus payload: reference_code(2134 chars) + custom_code(7994 chars)
2025-08-08 18:16:04,657 - openevolve.RemoteSpeedupEvaluator - INFO - [level1_75_conv_transposed_2D_asymmetric_input_asymmetric_kernel_strided__grouped____padded____dilated__] verify_plus request success
2025-08-08 18:16:04,657 - openevolve.RemoteSpeedupEvaluator - INFO - [level1_75_conv_transposed_2D_asymmetric_input_asymmetric_kernel_strided__grouped____padded____dilated__] verify_plus response: {"id":"level1_75_conv_transposed_2D_asymmetric_input_asymmetric_kernel_strided__grouped____padded____dilated__","result":{"error":"CUDA error: an illegal memory access was encountered\nCUDA kernel errors might be asynchronously reported at some other API call, so the stacktrace below might be incorrect.\nFor debugging consider passing CUDA_LAUNCH_BLOCKING=1\nCompile with `TORCH_USE_CUDA_DSA` to enable device-side assertions.\n\nTraceback (most recent call last):\n  File \"/cpfs01/shared/llm_kernel/hujiakai/KernelLLM/validation_api_server/evaluator.py\", line 173, in _verification_worker\n    result: KernelExecResult = eval_kernel_against_ref(\n  File \"/cpfs01/shared/llm_kernel/hujiakai/KernelLLM/validation_api_server/helpers/evaluations.py\", line 578, in eval_kernel_against_ref\n    grac
2025-08-08 18:16:04,657 - openevolve.RemoteSpeedupEvaluator - INFO - [level1_75_conv_transposed_2D_asymmetric_input_asymmetric_kernel_strided__grouped____padded____dilated__] âœ˜ compile_error
2025-08-08 18:16:04,657 - openevolve.RemoteSpeedupEvaluator - INFO - [level1_75_conv_transposed_2D_asymmetric_input_asymmetric_kernel_strided__grouped____padded____dilated___1daeb1] execute payload: {id:level1_75_conv_transposed_2D_asymmetric_input_asymmetric_kernel_strided__grouped____padded____dilated___1daeb1, device_type:NV_LY_20}
2025-08-08 18:16:06,907 - openevolve.RemoteSpeedupEvaluator - INFO - [level1_75_conv_transposed_2D_asymmetric_input_asymmetric_kernel_strided__grouped____padded____dilated___1daeb1] execute request success
2025-08-08 18:16:06,907 - openevolve.RemoteSpeedupEvaluator - INFO - [level1_75_conv_transposed_2D_asymmetric_input_asymmetric_kernel_strided__grouped____padded____dilated___1daeb1] execute response: {"id":"level1_75_conv_transposed_2D_asymmetric_input_asymmetric_kernel_strided__grouped____padded____dilated___1daeb1","exit_code":"1","content":"[Child] ç»‘å®š GPU 6, torch sees 1 device(s)\n\n[Exception]\nTraceback (most recent call last):\n  File \"/cpfs01/shared/llm_kernel/hujiakai/KernelLLM/validation_api_server/code_executor.py\", line 71, in _exec_worker\n    exec(textwrap.dedent(code_src), mod.__dict__)\n  File \"<string>\", line 9, in <module>\n  File \"/home/lijiaxing/.conda/envs/api/lib/python3.10/site-packages/triton/runtime/jit.py\", line 844, in jit\n    return decorator(fn)\n  File \"/home/lijiaxing/.conda/envs/api/lib/python3.10/site-packages/triton/runtime/jit.py\", line 832, in decorator\n    return JITFunction(\n  File \"/home/lijiaxing/.conda/envs/api/lib/python3.10/site-pa
2025-08-08 18:16:06,908 - openevolve.evaluator - INFO - Evaluated program 7c34e3bc-fc30-42c5-8ffb-445622740fe0 in 5.74s: compiled=0.0000, correctness=0.0000, score=1.0000, stage=compile_error, compile_log=CUDA error: an illegal memory access was encountered
CUDA kernel errors might be asynchronously reported at some other API call, so the stacktrace below might be incorrect.
For debugging consider passing CUDA_LAUNCH_BLOCKING=1
Compile with `TORCH_USE_CUDA_DSA` to enable device-side assertions.

Traceback (most recent call last):
  File "/cpfs01/shared/llm_kernel/hujiakai/KernelLLM/validation_api_server/evaluator.py", line 173, in _verification_worker
    result: KernelExecResult = eval_kernel_against_ref(
  File "/cpfs01/shared/llm_kernel/hujiakai/KernelLLM/validation_api_server/helpers/evaluations.py", line 578, in eval_kernel_against_ref
    graceful_eval_cleanup(context, device, tempfile)
  File "/cpfs01/shared/llm_kernel/hujiakai/KernelLLM/validation_api_server/helpers/evaluations.py", line 230, in graceful_eval_cleanup
    torch.cuda.empty_cache()
  File "/home/lijiaxing/.conda/envs/api/lib/python3.10/site-packages/torch/cuda/memory.py", line 224, in empty_cache
    torch._C._cuda_emptyCache()
torch.AcceleratorError: CUDA error: an illegal memory access was encountered
CUDA kernel errors might be asynchronously reported at some other API call, so the stacktrace below might be incorrect.
For debugging consider passing CUDA_LAUNCH_BLOCKING=1
Compile with `TORCH_USE_CUDA_DSA` to enable device-side assertions.

, exec_log=[Child] ç»‘å®š GPU 6, torch sees 1 device(s)

[Exception]
Traceback (most recent call last):
  File "/cpfs01/shared/llm_kernel/hujiakai/KernelLLM/validation_api_server/code_executor.py", line 71, in _exec_worker
    exec(textwrap.dedent(code_src), mod.__dict__)
  File "<string>", line 9, in <module>
  File "/home/lijiaxing/.conda/envs/api/lib/python3.10/site-packages/triton/runtime/jit.py", line 844, in jit
    return decorator(fn)
  File "/home/lijiaxing/.conda/envs/api/lib/python3.10/site-packages/triton/runtime/jit.py", line 832, in decorator
    return JITFunction(
  File "/home/lijiaxing/.conda/envs/api/lib/python3.10/site-packages/triton/runtime/jit.py", line 635, in __init__
    self.starting_line_number = inspect.getsourcelines(fn)[1]
  File "/home/lijiaxing/.conda/envs/api/lib/python3.10/inspect.py", line 1121, in getsourcelines
    lines, lnum = findsource(object)
  File "/home/lijiaxing/.conda/envs/api/lib/python3.10/inspect.py", line 958, in findsource
    raise OSError('could not get source code')
OSError: could not get source code
, exit_code=1
2025-08-08 18:16:06,911 - openevolve.llm.ensemble - INFO - Sampled model: deepseek
2025-08-08 18:16:06,954 - openevolve.threaded_parallel - INFO - Iteration 8: Program 7c34e3bc-fc30-42c5-8ffb-445622740fe0 (parent: 86fd6daf-a006-4b72-a7ba-f9affe636485) completed in 1133.94s
2025-08-08 18:16:06,954 - openevolve.threaded_parallel - INFO - Metrics: compiled=0.0000, correctness=0.0000, score=1.0000, stage=compile_error, compile_log=CUDA error: an illegal memory access was encountered
CUDA kernel errors might be asynchronously reported at some other API call, so the stacktrace below might be incorrect.
For debugging consider passing CUDA_LAUNCH_BLOCKING=1
Compile with `TORCH_USE_CUDA_DSA` to enable device-side assertions.

Traceback (most recent call last):
  File "/cpfs01/shared/llm_kernel/hujiakai/KernelLLM/validation_api_server/evaluator.py", line 173, in _verification_worker
    result: KernelExecResult = eval_kernel_against_ref(
  File "/cpfs01/shared/llm_kernel/hujiakai/KernelLLM/validation_api_server/helpers/evaluations.py", line 578, in eval_kernel_against_ref
    graceful_eval_cleanup(context, device, tempfile)
  File "/cpfs01/shared/llm_kernel/hujiakai/KernelLLM/validation_api_server/helpers/evaluations.py", line 230, in graceful_eval_cleanup
    torch.cuda.empty_cache()
  File "/home/lijiaxing/.conda/envs/api/lib/python3.10/site-packages/torch/cuda/memory.py", line 224, in empty_cache
    torch._C._cuda_emptyCache()
torch.AcceleratorError: CUDA error: an illegal memory access was encountered
CUDA kernel errors might be asynchronously reported at some other API call, so the stacktrace below might be incorrect.
For debugging consider passing CUDA_LAUNCH_BLOCKING=1
Compile with `TORCH_USE_CUDA_DSA` to enable device-side assertions.

, exec_log=[Child] ç»‘å®š GPU 6, torch sees 1 device(s)

[Exception]
Traceback (most recent call last):
  File "/cpfs01/shared/llm_kernel/hujiakai/KernelLLM/validation_api_server/code_executor.py", line 71, in _exec_worker
    exec(textwrap.dedent(code_src), mod.__dict__)
  File "<string>", line 9, in <module>
  File "/home/lijiaxing/.conda/envs/api/lib/python3.10/site-packages/triton/runtime/jit.py", line 844, in jit
    return decorator(fn)
  File "/home/lijiaxing/.conda/envs/api/lib/python3.10/site-packages/triton/runtime/jit.py", line 832, in decorator
    return JITFunction(
  File "/home/lijiaxing/.conda/envs/api/lib/python3.10/site-packages/triton/runtime/jit.py", line 635, in __init__
    self.starting_line_number = inspect.getsourcelines(fn)[1]
  File "/home/lijiaxing/.conda/envs/api/lib/python3.10/inspect.py", line 1121, in getsourcelines
    lines, lnum = findsource(object)
  File "/home/lijiaxing/.conda/envs/api/lib/python3.10/inspect.py", line 958, in findsource
    raise OSError('could not get source code')
OSError: could not get source code
, exit_code=1
2025-08-08 18:16:35,420 - openevolve.RemoteSpeedupEvaluator - INFO - [level1_75_conv_transposed_2D_asymmetric_input_asymmetric_kernel_strided__grouped____padded____dilated__] verify_plus request success
2025-08-08 18:16:35,421 - openevolve.RemoteSpeedupEvaluator - INFO - [level1_75_conv_transposed_2D_asymmetric_input_asymmetric_kernel_strided__grouped____padded____dilated__] verify_plus response: {"id":"level1_75_conv_transposed_2D_asymmetric_input_asymmetric_kernel_strided__grouped____padded____dilated__","result":{"compiled":true,"correctness":true,"metadata":{"hardware":"NVIDIA L20Y","device":"cuda:0","correctness_trials":"(5 / 5)","reference_timing_ms":0.057,"speed_up":0.0,"custom_timing":709.0},"runtime":709.0,"runtime_stats":{"mean":709.0,"std":0.538,"min":704.0,"max":709.0,"num_trials":100,"hardware":"NVIDIA L20Y","device":"cuda:0"}}}
2025-08-08 18:16:35,421 - openevolve.RemoteSpeedupEvaluator - INFO - [level1_75_conv_transposed_2D_asymmetric_input_asymmetric_kernel_strided__grouped____padded____dilated__] âœ” success | speed_up=0.000  score=20.00
2025-08-08 18:16:35,422 - openevolve.evaluator - INFO - Evaluated program 972b5bc1-3ff0-47be-8940-8bfffafae3f2 in 80.39s: compiled=1.0000, correctness=1.0000, stage=success, passed=0.0000, score=20.0000, speed_up=0.0000, runtime_ms=709.0000, meta={'hardware': 'NVIDIA L20Y', 'device': 'cuda:0', 'correctness_trials': '(5 / 5)', 'reference_timing_ms': 0.057, 'speed_up': 0.0, 'custom_timing': 709.0}
2025-08-08 18:16:35,425 - openevolve.database - INFO - MAP-Elites cell improved: {'score': 9, 'complexity': 9} (fitness: 10.000 -> 20.000)
2025-08-08 18:16:35,425 - openevolve.llm.ensemble - INFO - Sampled model: deepseek
2025-08-08 18:16:35,470 - openevolve.threaded_parallel - INFO - Iteration 9: Program 972b5bc1-3ff0-47be-8940-8bfffafae3f2 (parent: 2146c815-5f55-4617-95c0-7407ddfab9e7) completed in 1134.74s
2025-08-08 18:16:35,470 - openevolve.threaded_parallel - INFO - Metrics: compiled=1.0000, correctness=1.0000, stage=success, passed=0.0000, score=20.0000, speed_up=0.0000, runtime_ms=709.0000, meta={'hardware': 'NVIDIA L20Y', 'device': 'cuda:0', 'correctness_trials': '(5 / 5)', 'reference_timing_ms': 0.057, 'speed_up': 0.0, 'custom_timing': 709.0}
2025-08-08 18:16:35,470 - openevolve.threaded_parallel - INFO - Checkpoint interval reached at iteration 9
2025-08-08 18:16:35,472 - openevolve.database - INFO - Island Status:
2025-08-08 18:16:35,472 - openevolve.database - INFO -  * Island 0: 5 programs, best=20.0000, avg=10.0000, diversity=708.33, gen=4 (best: 1ff2b9c7-bb49-4391-8d4c-20bd37069a85)
2025-08-08 18:16:35,472 - openevolve.database - INFO -    Island 1: 3 programs, best=1.0000, avg=-32.6667, diversity=1682.33, gen=3 (best: 86fd6daf-a006-4b72-a7ba-f9affe636485)
2025-08-08 18:16:35,472 - openevolve.database - INFO -    Island 2: 4 programs, best=20.0000, avg=15.0000, diversity=531.90, gen=3 (best: 5fead434-72e3-448b-bb21-0c3854e100da)
2025-08-08 18:16:35,601 - openevolve.database - INFO - Saved database with 11 programs to openevolve_output/level1_75_conv_transposed_2D_asymmetric_input_asymmetric_kernel_strided__grouped____padded____dilated__/checkpoints/checkpoint_9
2025-08-08 18:16:35,617 - openevolve.controller - INFO - Saved best program at checkpoint 9 with metrics: compiled=1.0000, correctness=1.0000, stage=success, passed=0.0000, score=20.0000, speed_up=0.0000, runtime_ms=877.0000, meta={'hardware': 'NVIDIA L20Y', 'device': 'cuda:4', 'correctness_trials': '(5 / 5)', 'reference_timing_ms': 0.057, 'speed_up': 0.0, 'custom_timing': 877.0}
2025-08-08 18:16:35,617 - openevolve.controller - INFO - Saved checkpoint at iteration 9 to openevolve_output/level1_75_conv_transposed_2D_asymmetric_input_asymmetric_kernel_strided__grouped____padded____dilated__/checkpoints/checkpoint_9
2025-08-08 18:18:34,846 - openevolve.RemoteSpeedupEvaluator - INFO - [level1_75_conv_transposed_2D_asymmetric_input_asymmetric_kernel_strided__grouped____padded____dilated__] triton key words check pass
2025-08-08 18:18:34,848 - openevolve.RemoteSpeedupEvaluator - INFO - [level1_75_conv_transposed_2D_asymmetric_input_asymmetric_kernel_strided__grouped____padded____dilated__] verify_plus payload: reference_code(2134 chars) + custom_code(6074 chars)
2025-08-08 18:20:11,812 - openevolve.RemoteSpeedupEvaluator - INFO - [level1_75_conv_transposed_2D_asymmetric_input_asymmetric_kernel_strided__grouped____padded____dilated__] verify_plus request success
2025-08-08 18:20:11,814 - openevolve.RemoteSpeedupEvaluator - INFO - [level1_75_conv_transposed_2D_asymmetric_input_asymmetric_kernel_strided__grouped____padded____dilated__] verify_plus response: {"id":"level1_75_conv_transposed_2D_asymmetric_input_asymmetric_kernel_strided__grouped____padded____dilated__","result":{"compiled":true,"correctness":true,"metadata":{"hardware":"NVIDIA L20Y","device":"cuda:3","correctness_trials":"(5 / 5)","reference_timing_ms":0.057,"speed_up":0.0,"custom_timing":862.0},"runtime":862.0,"runtime_stats":{"mean":862.0,"std":0.0617,"min":862.0,"max":863.0,"num_trials":100,"hardware":"NVIDIA L20Y","device":"cuda:3"}}}
2025-08-08 18:20:11,814 - openevolve.RemoteSpeedupEvaluator - INFO - [level1_75_conv_transposed_2D_asymmetric_input_asymmetric_kernel_strided__grouped____padded____dilated__] âœ” success | speed_up=0.000  score=20.00
2025-08-08 18:20:11,814 - openevolve.evaluator - INFO - Evaluated program 8f552428-2127-45da-b9f6-0b61aa442e93 in 96.97s: compiled=1.0000, correctness=1.0000, stage=success, passed=0.0000, score=20.0000, speed_up=0.0000, runtime_ms=862.0000, meta={'hardware': 'NVIDIA L20Y', 'device': 'cuda:3', 'correctness_trials': '(5 / 5)', 'reference_timing_ms': 0.057, 'speed_up': 0.0, 'custom_timing': 862.0}
2025-08-08 18:20:11,819 - openevolve.llm.ensemble - INFO - Sampled model: deepseek
2025-08-08 18:20:11,837 - openevolve.threaded_parallel - INFO - Iteration 10: Program 8f552428-2127-45da-b9f6-0b61aa442e93 (parent: 1ff2b9c7-bb49-4391-8d4c-20bd37069a85) completed in 619.94s
2025-08-08 18:20:11,838 - openevolve.threaded_parallel - INFO - Metrics: compiled=1.0000, correctness=1.0000, stage=success, passed=0.0000, score=20.0000, speed_up=0.0000, runtime_ms=862.0000, meta={'hardware': 'NVIDIA L20Y', 'device': 'cuda:3', 'correctness_trials': '(5 / 5)', 'reference_timing_ms': 0.057, 'speed_up': 0.0, 'custom_timing': 862.0}
2025-08-08 18:23:26,546 - openevolve.RemoteSpeedupEvaluator - INFO - [level1_75_conv_transposed_2D_asymmetric_input_asymmetric_kernel_strided__grouped____padded____dilated__] triton key words check pass
2025-08-08 18:23:26,548 - openevolve.RemoteSpeedupEvaluator - INFO - [level1_75_conv_transposed_2D_asymmetric_input_asymmetric_kernel_strided__grouped____padded____dilated__] verify_plus payload: reference_code(2134 chars) + custom_code(6800 chars)
2025-08-08 18:23:29,616 - openevolve.RemoteSpeedupEvaluator - INFO - [level1_75_conv_transposed_2D_asymmetric_input_asymmetric_kernel_strided__grouped____padded____dilated__] verify_plus request success
2025-08-08 18:23:29,616 - openevolve.RemoteSpeedupEvaluator - INFO - [level1_75_conv_transposed_2D_asymmetric_input_asymmetric_kernel_strided__grouped____padded____dilated__] verify_plus response: {"id":"level1_75_conv_transposed_2D_asymmetric_input_asymmetric_kernel_strided__grouped____padded____dilated__","result":{"compiled":true,"correctness":false,"metadata":{"hardware":"NVIDIA L20Y","device":"cuda:6","runtime_error":"Traceback (most recent call last):\n  File \"/cpfs01/shared/llm_kernel/hujiakai/KernelLLM/validation_api_server/helpers/evaluations.py\", line 720, in run_and_check_correctness\n    output_new = model_new(*inputs)\n  File \"/home/lijiaxing/.conda/envs/api/lib/python3.10/site-packages/torch/nn/modules/module.py\", line 1773, in _wrapped_call_impl\n    return self._call_impl(*args, **kwargs)\n  File \"/home/lijiaxing/.conda/envs/api/lib/python3.10/site-packages/torch/nn/modules/module.py\", line 1784, in _call_impl\n    return forward_call(*args, **kwargs)\n  File \
2025-08-08 18:23:29,616 - openevolve.RemoteSpeedupEvaluator - INFO - [level1_75_conv_transposed_2D_asymmetric_input_asymmetric_kernel_strided__grouped____padded____dilated__] âœ˜ wrong_answer
2025-08-08 18:23:29,617 - openevolve.evaluator - INFO - Evaluated program 1d46c854-9575-41e3-9af1-452d9a2454fd in 3.07s: compiled=1.0000, correctness=0.0000, score=10.0000, stage=wrong_answer, verify_payload={'id': 'level1_75_conv_transposed_2D_asymmetric_input_asymmetric_kernel_strided__grouped____padded____dilated__', 'result': {'compiled': True, 'correctness': False, 'metadata': {'hardware': 'NVIDIA L20Y', 'device': 'cuda:6', 'runtime_error': 'Traceback (most recent call last):\n  File "/cpfs01/shared/llm_kernel/hujiakai/KernelLLM/validation_api_server/helpers/evaluations.py", line 720, in run_and_check_correctness\n    output_new = model_new(*inputs)\n  File "/home/lijiaxing/.conda/envs/api/lib/python3.10/site-packages/torch/nn/modules/module.py", line 1773, in _wrapped_call_impl\n    return self._call_impl(*args, **kwargs)\n  File "/home/lijiaxing/.conda/envs/api/lib/python3.10/site-packages/torch/nn/modules/module.py", line 1784, in _call_impl\n    return forward_call(*args, **kwargs)\n  File "/tmp/tmpj5ja682u.py", line 150, in forward\n    conv_transpose2d_kernel[grid](\n  File "/home/lijiaxing/.conda/envs/api/lib/python3.10/site-packages/triton/runtime/jit.py", line 390, in <lambda>\n    return lambda *args, **kwargs: self.run(grid=grid, warmup=False, *args, **kwargs)\n  File "/home/lijiaxing/.conda/envs/api/lib/python3.10/site-packages/triton/runtime/jit.py", line 594, in run\n    kernel = self.compile(src, target=target, options=options.__dict__)\n  File "/home/lijiaxing/.conda/envs/api/lib/python3.10/site-packages/triton/compiler/compiler.py", line 339, in compile\n    module = src.make_ir(options, codegen_fns, module_map, context)\n  File "/home/lijiaxing/.conda/envs/api/lib/python3.10/site-packages/triton/compiler/compiler.py", line 83, in make_ir\n    return ast_to_ttir(self.fn, self, context=context, options=options, codegen_fns=codegen_fns,\ntriton.compiler.errors.UnsupportedLanguageConstruct: at 47:16:\n\n        group_idx = c_out // out_channels_per_group\n        c_out_group = c_out % out_channels_per_group\n        start_c_in = group_idx * in_channels_per_group\n\n        accumulator = 0.0\n\n        # Iterate over kernel\n        for kh in range(kernel_h):\n            h_in = h_out + padding_h - kh * dilation_h\n            if h_in < 0 or h_in >= in_height * stride_h or h_in % stride_h != 0:\n                continue\n                ^\nunsupported AST node type: Continue\n', 'runtime_error_name': 'triton.compiler.errors.UnsupportedLanguageConstruct', 'reference_timing_ms': 0.057, 'speed_up': -1.0, 'custom_timing': -1.0}, 'runtime': -1.0, 'runtime_stats': {}}}
2025-08-08 18:23:29,620 - openevolve.llm.ensemble - INFO - Sampled model: deepseek
2025-08-08 18:23:29,626 - openevolve.database - INFO - New MAP-Elites cell occupied: {'score': 9, 'complexity': 7}
2025-08-08 18:23:29,639 - openevolve.threaded_parallel - INFO - Iteration 12: Program 1d46c854-9575-41e3-9af1-452d9a2454fd (parent: 2146c815-5f55-4617-95c0-7407ddfab9e7) completed in 414.19s
2025-08-08 18:23:29,639 - openevolve.threaded_parallel - INFO - Metrics: compiled=1.0000, correctness=0.0000, score=10.0000, stage=wrong_answer, verify_payload={'id': 'level1_75_conv_transposed_2D_asymmetric_input_asymmetric_kernel_strided__grouped____padded____dilated__', 'result': {'compiled': True, 'correctness': False, 'metadata': {'hardware': 'NVIDIA L20Y', 'device': 'cuda:6', 'runtime_error': 'Traceback (most recent call last):\n  File "/cpfs01/shared/llm_kernel/hujiakai/KernelLLM/validation_api_server/helpers/evaluations.py", line 720, in run_and_check_correctness\n    output_new = model_new(*inputs)\n  File "/home/lijiaxing/.conda/envs/api/lib/python3.10/site-packages/torch/nn/modules/module.py", line 1773, in _wrapped_call_impl\n    return self._call_impl(*args, **kwargs)\n  File "/home/lijiaxing/.conda/envs/api/lib/python3.10/site-packages/torch/nn/modules/module.py", line 1784, in _call_impl\n    return forward_call(*args, **kwargs)\n  File "/tmp/tmpj5ja682u.py", line 150, in forward\n    conv_transpose2d_kernel[grid](\n  File "/home/lijiaxing/.conda/envs/api/lib/python3.10/site-packages/triton/runtime/jit.py", line 390, in <lambda>\n    return lambda *args, **kwargs: self.run(grid=grid, warmup=False, *args, **kwargs)\n  File "/home/lijiaxing/.conda/envs/api/lib/python3.10/site-packages/triton/runtime/jit.py", line 594, in run\n    kernel = self.compile(src, target=target, options=options.__dict__)\n  File "/home/lijiaxing/.conda/envs/api/lib/python3.10/site-packages/triton/compiler/compiler.py", line 339, in compile\n    module = src.make_ir(options, codegen_fns, module_map, context)\n  File "/home/lijiaxing/.conda/envs/api/lib/python3.10/site-packages/triton/compiler/compiler.py", line 83, in make_ir\n    return ast_to_ttir(self.fn, self, context=context, options=options, codegen_fns=codegen_fns,\ntriton.compiler.errors.UnsupportedLanguageConstruct: at 47:16:\n\n        group_idx = c_out // out_channels_per_group\n        c_out_group = c_out % out_channels_per_group\n        start_c_in = group_idx * in_channels_per_group\n\n        accumulator = 0.0\n\n        # Iterate over kernel\n        for kh in range(kernel_h):\n            h_in = h_out + padding_h - kh * dilation_h\n            if h_in < 0 or h_in >= in_height * stride_h or h_in % stride_h != 0:\n                continue\n                ^\nunsupported AST node type: Continue\n', 'runtime_error_name': 'triton.compiler.errors.UnsupportedLanguageConstruct', 'reference_timing_ms': 0.057, 'speed_up': -1.0, 'custom_timing': -1.0}, 'runtime': -1.0, 'runtime_stats': {}}}
2025-08-08 18:23:29,640 - openevolve.threaded_parallel - INFO - Checkpoint interval reached at iteration 12
2025-08-08 18:23:29,642 - openevolve.database - INFO - Island Status:
2025-08-08 18:23:29,642 - openevolve.database - INFO -    Island 0: 6 programs, best=20.0000, avg=11.6667, diversity=457.18, gen=4 (best: 1ff2b9c7-bb49-4391-8d4c-20bd37069a85)
2025-08-08 18:23:29,642 - openevolve.database - INFO -    Island 1: 4 programs, best=10.0000, avg=-22.0000, diversity=1325.73, gen=4 (best: 1d46c854-9575-41e3-9af1-452d9a2454fd)
2025-08-08 18:23:29,642 - openevolve.database - INFO -  * Island 2: 4 programs, best=20.0000, avg=15.0000, diversity=531.90, gen=4 (best: 5fead434-72e3-448b-bb21-0c3854e100da)
2025-08-08 18:23:29,797 - openevolve.database - INFO - Saved database with 13 programs to openevolve_output/level1_75_conv_transposed_2D_asymmetric_input_asymmetric_kernel_strided__grouped____padded____dilated__/checkpoints/checkpoint_12
2025-08-08 18:23:29,816 - openevolve.controller - INFO - Saved best program at checkpoint 12 with metrics: compiled=1.0000, correctness=1.0000, stage=success, passed=0.0000, score=20.0000, speed_up=0.0000, runtime_ms=877.0000, meta={'hardware': 'NVIDIA L20Y', 'device': 'cuda:4', 'correctness_trials': '(5 / 5)', 'reference_timing_ms': 0.057, 'speed_up': 0.0, 'custom_timing': 877.0}
2025-08-08 18:23:29,816 - openevolve.controller - INFO - Saved checkpoint at iteration 12 to openevolve_output/level1_75_conv_transposed_2D_asymmetric_input_asymmetric_kernel_strided__grouped____padded____dilated__/checkpoints/checkpoint_12
2025-08-08 18:26:31,748 - openevolve.RemoteSpeedupEvaluator - INFO - [level1_75_conv_transposed_2D_asymmetric_input_asymmetric_kernel_strided__grouped____padded____dilated__] triton key words check pass
2025-08-08 18:26:31,750 - openevolve.RemoteSpeedupEvaluator - INFO - [level1_75_conv_transposed_2D_asymmetric_input_asymmetric_kernel_strided__grouped____padded____dilated__] verify_plus payload: reference_code(2134 chars) + custom_code(8205 chars)
2025-08-08 18:26:35,162 - openevolve.RemoteSpeedupEvaluator - INFO - [level1_75_conv_transposed_2D_asymmetric_input_asymmetric_kernel_strided__grouped____padded____dilated__] verify_plus request success
2025-08-08 18:26:35,162 - openevolve.RemoteSpeedupEvaluator - INFO - [level1_75_conv_transposed_2D_asymmetric_input_asymmetric_kernel_strided__grouped____padded____dilated__] verify_plus response: {"id":"level1_75_conv_transposed_2D_asymmetric_input_asymmetric_kernel_strided__grouped____padded____dilated__","result":{"error":"CUDA error: an illegal memory access was encountered\nCUDA kernel errors might be asynchronously reported at some other API call, so the stacktrace below might be incorrect.\nFor debugging consider passing CUDA_LAUNCH_BLOCKING=1\nCompile with `TORCH_USE_CUDA_DSA` to enable device-side assertions.\n\nTraceback (most recent call last):\n  File \"/cpfs01/shared/llm_kernel/hujiakai/KernelLLM/validation_api_server/evaluator.py\", line 173, in _verification_worker\n    result: KernelExecResult = eval_kernel_against_ref(\n  File \"/cpfs01/shared/llm_kernel/hujiakai/KernelLLM/validation_api_server/helpers/evaluations.py\", line 578, in eval_kernel_against_ref\n    grac
2025-08-08 18:26:35,162 - openevolve.RemoteSpeedupEvaluator - INFO - [level1_75_conv_transposed_2D_asymmetric_input_asymmetric_kernel_strided__grouped____padded____dilated__] âœ˜ compile_error
2025-08-08 18:26:35,162 - openevolve.RemoteSpeedupEvaluator - INFO - [level1_75_conv_transposed_2D_asymmetric_input_asymmetric_kernel_strided__grouped____padded____dilated___5888f7] execute payload: {id:level1_75_conv_transposed_2D_asymmetric_input_asymmetric_kernel_strided__grouped____padded____dilated___5888f7, device_type:NV_LY_20}
2025-08-08 18:26:37,281 - openevolve.RemoteSpeedupEvaluator - INFO - [level1_75_conv_transposed_2D_asymmetric_input_asymmetric_kernel_strided__grouped____padded____dilated___5888f7] execute request success
2025-08-08 18:26:37,281 - openevolve.RemoteSpeedupEvaluator - INFO - [level1_75_conv_transposed_2D_asymmetric_input_asymmetric_kernel_strided__grouped____padded____dilated___5888f7] execute response: {"id":"level1_75_conv_transposed_2D_asymmetric_input_asymmetric_kernel_strided__grouped____padded____dilated___5888f7","exit_code":"1","content":"[Child] ç»‘å®š GPU 0, torch sees 1 device(s)\n\n[Exception]\nTraceback (most recent call last):\n  File \"/cpfs01/shared/llm_kernel/hujiakai/KernelLLM/validation_api_server/code_executor.py\", line 71, in _exec_worker\n    exec(textwrap.dedent(code_src), mod.__dict__)\n  File \"<string>\", line 9, in <module>\n  File \"/home/lijiaxing/.conda/envs/api/lib/python3.10/site-packages/triton/runtime/jit.py\", line 844, in jit\n    return decorator(fn)\n  File \"/home/lijiaxing/.conda/envs/api/lib/python3.10/site-packages/triton/runtime/jit.py\", line 832, in decorator\n    return JITFunction(\n  File \"/home/lijiaxing/.conda/envs/api/lib/python3.10/site-pa
2025-08-08 18:26:37,281 - openevolve.evaluator - INFO - Evaluated program 54582946-730a-4031-bf3e-1e73bad09764 in 5.53s: compiled=0.0000, correctness=0.0000, score=1.0000, stage=compile_error, compile_log=CUDA error: an illegal memory access was encountered
CUDA kernel errors might be asynchronously reported at some other API call, so the stacktrace below might be incorrect.
For debugging consider passing CUDA_LAUNCH_BLOCKING=1
Compile with `TORCH_USE_CUDA_DSA` to enable device-side assertions.

Traceback (most recent call last):
  File "/cpfs01/shared/llm_kernel/hujiakai/KernelLLM/validation_api_server/evaluator.py", line 173, in _verification_worker
    result: KernelExecResult = eval_kernel_against_ref(
  File "/cpfs01/shared/llm_kernel/hujiakai/KernelLLM/validation_api_server/helpers/evaluations.py", line 578, in eval_kernel_against_ref
    graceful_eval_cleanup(context, device, tempfile)
  File "/cpfs01/shared/llm_kernel/hujiakai/KernelLLM/validation_api_server/helpers/evaluations.py", line 230, in graceful_eval_cleanup
    torch.cuda.empty_cache()
  File "/home/lijiaxing/.conda/envs/api/lib/python3.10/site-packages/torch/cuda/memory.py", line 224, in empty_cache
    torch._C._cuda_emptyCache()
torch.AcceleratorError: CUDA error: an illegal memory access was encountered
CUDA kernel errors might be asynchronously reported at some other API call, so the stacktrace below might be incorrect.
For debugging consider passing CUDA_LAUNCH_BLOCKING=1
Compile with `TORCH_USE_CUDA_DSA` to enable device-side assertions.

, exec_log=[Child] ç»‘å®š GPU 0, torch sees 1 device(s)

[Exception]
Traceback (most recent call last):
  File "/cpfs01/shared/llm_kernel/hujiakai/KernelLLM/validation_api_server/code_executor.py", line 71, in _exec_worker
    exec(textwrap.dedent(code_src), mod.__dict__)
  File "<string>", line 9, in <module>
  File "/home/lijiaxing/.conda/envs/api/lib/python3.10/site-packages/triton/runtime/jit.py", line 844, in jit
    return decorator(fn)
  File "/home/lijiaxing/.conda/envs/api/lib/python3.10/site-packages/triton/runtime/jit.py", line 832, in decorator
    return JITFunction(
  File "/home/lijiaxing/.conda/envs/api/lib/python3.10/site-packages/triton/runtime/jit.py", line 635, in __init__
    self.starting_line_number = inspect.getsourcelines(fn)[1]
  File "/home/lijiaxing/.conda/envs/api/lib/python3.10/inspect.py", line 1121, in getsourcelines
    lines, lnum = findsource(object)
  File "/home/lijiaxing/.conda/envs/api/lib/python3.10/inspect.py", line 958, in findsource
    raise OSError('could not get source code')
OSError: could not get source code
, exit_code=1
2025-08-08 18:26:37,287 - openevolve.llm.ensemble - INFO - Sampled model: deepseek
2025-08-08 18:26:37,296 - openevolve.threaded_parallel - INFO - Iteration 11: Program 54582946-730a-4031-bf3e-1e73bad09764 (parent: 86fd6daf-a006-4b72-a7ba-f9affe636485) completed in 630.37s
2025-08-08 18:26:37,297 - openevolve.threaded_parallel - INFO - Metrics: compiled=0.0000, correctness=0.0000, score=1.0000, stage=compile_error, compile_log=CUDA error: an illegal memory access was encountered
CUDA kernel errors might be asynchronously reported at some other API call, so the stacktrace below might be incorrect.
For debugging consider passing CUDA_LAUNCH_BLOCKING=1
Compile with `TORCH_USE_CUDA_DSA` to enable device-side assertions.

Traceback (most recent call last):
  File "/cpfs01/shared/llm_kernel/hujiakai/KernelLLM/validation_api_server/evaluator.py", line 173, in _verification_worker
    result: KernelExecResult = eval_kernel_against_ref(
  File "/cpfs01/shared/llm_kernel/hujiakai/KernelLLM/validation_api_server/helpers/evaluations.py", line 578, in eval_kernel_against_ref
    graceful_eval_cleanup(context, device, tempfile)
  File "/cpfs01/shared/llm_kernel/hujiakai/KernelLLM/validation_api_server/helpers/evaluations.py", line 230, in graceful_eval_cleanup
    torch.cuda.empty_cache()
  File "/home/lijiaxing/.conda/envs/api/lib/python3.10/site-packages/torch/cuda/memory.py", line 224, in empty_cache
    torch._C._cuda_emptyCache()
torch.AcceleratorError: CUDA error: an illegal memory access was encountered
CUDA kernel errors might be asynchronously reported at some other API call, so the stacktrace below might be incorrect.
For debugging consider passing CUDA_LAUNCH_BLOCKING=1
Compile with `TORCH_USE_CUDA_DSA` to enable device-side assertions.

, exec_log=[Child] ç»‘å®š GPU 0, torch sees 1 device(s)

[Exception]
Traceback (most recent call last):
  File "/cpfs01/shared/llm_kernel/hujiakai/KernelLLM/validation_api_server/code_executor.py", line 71, in _exec_worker
    exec(textwrap.dedent(code_src), mod.__dict__)
  File "<string>", line 9, in <module>
  File "/home/lijiaxing/.conda/envs/api/lib/python3.10/site-packages/triton/runtime/jit.py", line 844, in jit
    return decorator(fn)
  File "/home/lijiaxing/.conda/envs/api/lib/python3.10/site-packages/triton/runtime/jit.py", line 832, in decorator
    return JITFunction(
  File "/home/lijiaxing/.conda/envs/api/lib/python3.10/site-packages/triton/runtime/jit.py", line 635, in __init__
    self.starting_line_number = inspect.getsourcelines(fn)[1]
  File "/home/lijiaxing/.conda/envs/api/lib/python3.10/inspect.py", line 1121, in getsourcelines
    lines, lnum = findsource(object)
  File "/home/lijiaxing/.conda/envs/api/lib/python3.10/inspect.py", line 958, in findsource
    raise OSError('could not get source code')
OSError: could not get source code
, exit_code=1
2025-08-08 18:32:09,393 - openevolve.RemoteSpeedupEvaluator - INFO - [level1_75_conv_transposed_2D_asymmetric_input_asymmetric_kernel_strided__grouped____padded____dilated__] triton key words check pass
2025-08-08 18:32:09,395 - openevolve.RemoteSpeedupEvaluator - INFO - [level1_75_conv_transposed_2D_asymmetric_input_asymmetric_kernel_strided__grouped____padded____dilated__] verify_plus payload: reference_code(2134 chars) + custom_code(6214 chars)
2025-08-08 18:32:12,648 - openevolve.RemoteSpeedupEvaluator - INFO - [level1_75_conv_transposed_2D_asymmetric_input_asymmetric_kernel_strided__grouped____padded____dilated__] verify_plus request success
2025-08-08 18:32:12,648 - openevolve.RemoteSpeedupEvaluator - INFO - [level1_75_conv_transposed_2D_asymmetric_input_asymmetric_kernel_strided__grouped____padded____dilated__] verify_plus response: {"id":"level1_75_conv_transposed_2D_asymmetric_input_asymmetric_kernel_strided__grouped____padded____dilated__","result":{"compiled":true,"correctness":false,"metadata":{"hardware":"NVIDIA L20Y","device":"cuda:7","runtime_error":"Traceback (most recent call last):\n  File \"/cpfs01/shared/llm_kernel/hujiakai/KernelLLM/validation_api_server/helpers/evaluations.py\", line 720, in run_and_check_correctness\n    output_new = model_new(*inputs)\n  File \"/home/lijiaxing/.conda/envs/api/lib/python3.10/site-packages/torch/nn/modules/module.py\", line 1773, in _wrapped_call_impl\n    return self._call_impl(*args, **kwargs)\n  File \"/home/lijiaxing/.conda/envs/api/lib/python3.10/site-packages/torch/nn/modules/module.py\", line 1784, in _call_impl\n    return forward_call(*args, **kwargs)\n  File \
2025-08-08 18:32:12,648 - openevolve.RemoteSpeedupEvaluator - INFO - [level1_75_conv_transposed_2D_asymmetric_input_asymmetric_kernel_strided__grouped____padded____dilated__] âœ˜ wrong_answer
2025-08-08 18:32:12,648 - openevolve.evaluator - INFO - Evaluated program 8ee6fb72-3f76-44c8-8fb1-7909415aecc1 in 3.26s: compiled=1.0000, correctness=0.0000, score=10.0000, stage=wrong_answer, verify_payload={'id': 'level1_75_conv_transposed_2D_asymmetric_input_asymmetric_kernel_strided__grouped____padded____dilated__', 'result': {'compiled': True, 'correctness': False, 'metadata': {'hardware': 'NVIDIA L20Y', 'device': 'cuda:7', 'runtime_error': 'Traceback (most recent call last):\n  File "/cpfs01/shared/llm_kernel/hujiakai/KernelLLM/validation_api_server/helpers/evaluations.py", line 720, in run_and_check_correctness\n    output_new = model_new(*inputs)\n  File "/home/lijiaxing/.conda/envs/api/lib/python3.10/site-packages/torch/nn/modules/module.py", line 1773, in _wrapped_call_impl\n    return self._call_impl(*args, **kwargs)\n  File "/home/lijiaxing/.conda/envs/api/lib/python3.10/site-packages/torch/nn/modules/module.py", line 1784, in _call_impl\n    return forward_call(*args, **kwargs)\n  File "/tmp/tmp0tr_dj5b.py", line 131, in forward\n    conv_transpose2d_kernel[grid](\n  File "/home/lijiaxing/.conda/envs/api/lib/python3.10/site-packages/triton/runtime/jit.py", line 390, in <lambda>\n    return lambda *args, **kwargs: self.run(grid=grid, warmup=False, *args, **kwargs)\n  File "/home/lijiaxing/.conda/envs/api/lib/python3.10/site-packages/triton/runtime/jit.py", line 617, in run\n    kernel.run(grid_0, grid_1, grid_2, stream, kernel.function, kernel.packed_metadata, launch_metadata,\n  File "/home/lijiaxing/.conda/envs/api/lib/python3.10/site-packages/triton/backends/nvidia/driver.py", line 708, in __call__\n    self.launch(gridX, gridY, gridZ, stream, function, self.launch_cooperative_grid, self.launch_pdl,\nRuntimeError: Triton Error [CUDA]: invalid argument\n', 'runtime_error_name': 'builtins.RuntimeError', 'reference_timing_ms': 0.057, 'speed_up': -1.0, 'custom_timing': -1.0}, 'runtime': -1.0, 'runtime_stats': {}}}
2025-08-08 18:32:12,653 - openevolve.llm.ensemble - INFO - Sampled model: deepseek
2025-08-08 18:32:12,683 - openevolve.threaded_parallel - INFO - Iteration 13: Program 8ee6fb72-3f76-44c8-8fb1-7909415aecc1 (parent: 1ff2b9c7-bb49-4391-8d4c-20bd37069a85) completed in 720.83s
2025-08-08 18:32:12,684 - openevolve.threaded_parallel - INFO - Metrics: compiled=1.0000, correctness=0.0000, score=10.0000, stage=wrong_answer, verify_payload={'id': 'level1_75_conv_transposed_2D_asymmetric_input_asymmetric_kernel_strided__grouped____padded____dilated__', 'result': {'compiled': True, 'correctness': False, 'metadata': {'hardware': 'NVIDIA L20Y', 'device': 'cuda:7', 'runtime_error': 'Traceback (most recent call last):\n  File "/cpfs01/shared/llm_kernel/hujiakai/KernelLLM/validation_api_server/helpers/evaluations.py", line 720, in run_and_check_correctness\n    output_new = model_new(*inputs)\n  File "/home/lijiaxing/.conda/envs/api/lib/python3.10/site-packages/torch/nn/modules/module.py", line 1773, in _wrapped_call_impl\n    return self._call_impl(*args, **kwargs)\n  File "/home/lijiaxing/.conda/envs/api/lib/python3.10/site-packages/torch/nn/modules/module.py", line 1784, in _call_impl\n    return forward_call(*args, **kwargs)\n  File "/tmp/tmp0tr_dj5b.py", line 131, in forward\n    conv_transpose2d_kernel[grid](\n  File "/home/lijiaxing/.conda/envs/api/lib/python3.10/site-packages/triton/runtime/jit.py", line 390, in <lambda>\n    return lambda *args, **kwargs: self.run(grid=grid, warmup=False, *args, **kwargs)\n  File "/home/lijiaxing/.conda/envs/api/lib/python3.10/site-packages/triton/runtime/jit.py", line 617, in run\n    kernel.run(grid_0, grid_1, grid_2, stream, kernel.function, kernel.packed_metadata, launch_metadata,\n  File "/home/lijiaxing/.conda/envs/api/lib/python3.10/site-packages/triton/backends/nvidia/driver.py", line 708, in __call__\n    self.launch(gridX, gridY, gridZ, stream, function, self.launch_cooperative_grid, self.launch_pdl,\nRuntimeError: Triton Error [CUDA]: invalid argument\n', 'runtime_error_name': 'builtins.RuntimeError', 'reference_timing_ms': 0.057, 'speed_up': -1.0, 'custom_timing': -1.0}, 'runtime': -1.0, 'runtime_stats': {}}}
2025-08-08 18:38:13,860 - openevolve.RemoteSpeedupEvaluator - INFO - [level1_75_conv_transposed_2D_asymmetric_input_asymmetric_kernel_strided__grouped____padded____dilated__] triton key words check pass
2025-08-08 18:38:13,862 - openevolve.RemoteSpeedupEvaluator - INFO - [level1_75_conv_transposed_2D_asymmetric_input_asymmetric_kernel_strided__grouped____padded____dilated__] verify_plus payload: reference_code(2134 chars) + custom_code(8266 chars)
2025-08-08 18:38:16,862 - openevolve.RemoteSpeedupEvaluator - INFO - [level1_75_conv_transposed_2D_asymmetric_input_asymmetric_kernel_strided__grouped____padded____dilated__] verify_plus request success
2025-08-08 18:38:16,862 - openevolve.RemoteSpeedupEvaluator - INFO - [level1_75_conv_transposed_2D_asymmetric_input_asymmetric_kernel_strided__grouped____padded____dilated__] verify_plus response: {"id":"level1_75_conv_transposed_2D_asymmetric_input_asymmetric_kernel_strided__grouped____padded____dilated__","result":{"compiled":true,"correctness":false,"metadata":{"hardware":"NVIDIA L20Y","device":"cuda:1","runtime_error":"Traceback (most recent call last):\n  File \"/home/lijiaxing/.conda/envs/api/lib/python3.10/site-packages/triton/language/core.py\", line 42, in wrapper\n    return fn(*args, **kwargs)\n  File \"/home/lijiaxing/.conda/envs/api/lib/python3.10/site-packages/triton/language/core.py\", line 2150, in load\n    return _semantic.load(pointer, mask, other, boundary_check, padding_option, cache_modifier, eviction_policy,\n  File \"/home/lijiaxing/.conda/envs/api/lib/python3.10/site-packages/triton/language/semantic.py\", line 1086, in load\n    return self._load_legacy(ptr
2025-08-08 18:38:16,863 - openevolve.RemoteSpeedupEvaluator - INFO - [level1_75_conv_transposed_2D_asymmetric_input_asymmetric_kernel_strided__grouped____padded____dilated__] âœ˜ wrong_answer
2025-08-08 18:38:16,863 - openevolve.evaluator - INFO - Evaluated program c4a4f2ed-1fbd-4c77-86de-c574f099a23e in 3.00s: compiled=1.0000, correctness=0.0000, score=10.0000, stage=wrong_answer, verify_payload={'id': 'level1_75_conv_transposed_2D_asymmetric_input_asymmetric_kernel_strided__grouped____padded____dilated__', 'result': {'compiled': True, 'correctness': False, 'metadata': {'hardware': 'NVIDIA L20Y', 'device': 'cuda:1', 'runtime_error': 'Traceback (most recent call last):\n  File "/home/lijiaxing/.conda/envs/api/lib/python3.10/site-packages/triton/language/core.py", line 42, in wrapper\n    return fn(*args, **kwargs)\n  File "/home/lijiaxing/.conda/envs/api/lib/python3.10/site-packages/triton/language/core.py", line 2150, in load\n    return _semantic.load(pointer, mask, other, boundary_check, padding_option, cache_modifier, eviction_policy,\n  File "/home/lijiaxing/.conda/envs/api/lib/python3.10/site-packages/triton/language/semantic.py", line 1086, in load\n    return self._load_legacy(ptr, mask, other, boundary_check, padding, cache, eviction, is_volatile)\n  File "/home/lijiaxing/.conda/envs/api/lib/python3.10/site-packages/triton/language/semantic.py", line 1017, in _load_legacy\n    raise ValueError(f"Unsupported ptr type {ptr.type.__repr__()} in `tl.load`")\nValueError: Unsupported ptr type <[\'128\'], int64> in `tl.load`\n\nThe above exception was the direct cause of the following exception:\n\nTraceback (most recent call last):\n  File "/cpfs01/shared/llm_kernel/hujiakai/KernelLLM/validation_api_server/helpers/evaluations.py", line 720, in run_and_check_correctness\n    output_new = model_new(*inputs)\n  File "/home/lijiaxing/.conda/envs/api/lib/python3.10/site-packages/torch/nn/modules/module.py", line 1773, in _wrapped_call_impl\n    return self._call_impl(*args, **kwargs)\n  File "/home/lijiaxing/.conda/envs/api/lib/python3.10/site-packages/torch/nn/modules/module.py", line 1784, in _call_impl\n    return forward_call(*args, **kwargs)\n  File "/tmp/tmp4k4h9pvv.py", line 184, in forward\n    conv_transpose2d_kernel[grid](\n  File "/home/lijiaxing/.conda/envs/api/lib/python3.10/site-packages/triton/runtime/jit.py", line 390, in <lambda>\n    return lambda *args, **kwargs: self.run(grid=grid, warmup=False, *args, **kwargs)\n  File "/home/lijiaxing/.conda/envs/api/lib/python3.10/site-packages/triton/runtime/jit.py", line 594, in run\n    kernel = self.compile(src, target=target, options=options.__dict__)\n  File "/home/lijiaxing/.conda/envs/api/lib/python3.10/site-packages/triton/compiler/compiler.py", line 339, in compile\n    module = src.make_ir(options, codegen_fns, module_map, context)\n  File "/home/lijiaxing/.conda/envs/api/lib/python3.10/site-packages/triton/compiler/compiler.py", line 83, in make_ir\n    return ast_to_ttir(self.fn, self, context=context, options=options, codegen_fns=codegen_fns,\ntriton.compiler.errors.CompilationError: at 71:28:\n                # Calculate memory offsets\n                input_offsets = (b * input_stride_b + \n                                (base_ic + ic) * input_stride_c + \n                                ih_idx * input_stride_h + \n                                iw_idx * input_stride_w)\n                weight_offsets = (oc * weight_stride_oc + \n                                 ic * weight_stride_ic + \n                                 kh * weight_stride_h + \n                                 kw * weight_stride_w)\n\n                # Load input and weight values with proper masking\n                input_val = tl.load(input_ptr + input_offsets, mask=mask & valid_mask, other=0.0)\n                            ^\n\n\nThe above exception was the direct cause of the following exception:\n\nTraceback (most recent call last):\n  File "/home/lijiaxing/.conda/envs/api/lib/python3.10/site-packages/triton/language/core.py", line 42, in wrapper\n    return fn(*args, **kwargs)\n  File "/home/lijiaxing/.conda/envs/api/lib/python3.10/site-packages/triton/language/core.py", line 2150, in load\n    return _semantic.load(pointer, mask, other, boundary_check, padding_option, cache_modifier, eviction_policy,\n  File "/home/lijiaxing/.conda/envs/api/lib/python3.10/site-packages/triton/language/semantic.py", line 1086, in load\n    return self._load_legacy(ptr, mask, other, boundary_check, padding, cache, eviction, is_volatile)\n  File "/home/lijiaxing/.conda/envs/api/lib/python3.10/site-packages/triton/language/semantic.py", line 1017, in _load_legacy\n    raise ValueError(f"Unsupported ptr type {ptr.type.__repr__()} in `tl.load`")\nValueError: Unsupported ptr type <[\'128\'], int64> in `tl.load`\n', 'runtime_error_name': 'triton.compiler.errors.CompilationError', 'reference_timing_ms': 0.057, 'speed_up': -1.0, 'custom_timing': -1.0}, 'runtime': -1.0, 'runtime_stats': {}}}
2025-08-08 18:38:16,867 - openevolve.llm.ensemble - INFO - Sampled model: deepseek
2025-08-08 18:38:16,884 - openevolve.threaded_parallel - INFO - Iteration 14: Program c4a4f2ed-1fbd-4c77-86de-c574f099a23e (parent: 7c34e3bc-fc30-42c5-8ffb-445622740fe0) completed in 887.24s
2025-08-08 18:38:16,884 - openevolve.threaded_parallel - INFO - Metrics: compiled=1.0000, correctness=0.0000, score=10.0000, stage=wrong_answer, verify_payload={'id': 'level1_75_conv_transposed_2D_asymmetric_input_asymmetric_kernel_strided__grouped____padded____dilated__', 'result': {'compiled': True, 'correctness': False, 'metadata': {'hardware': 'NVIDIA L20Y', 'device': 'cuda:1', 'runtime_error': 'Traceback (most recent call last):\n  File "/home/lijiaxing/.conda/envs/api/lib/python3.10/site-packages/triton/language/core.py", line 42, in wrapper\n    return fn(*args, **kwargs)\n  File "/home/lijiaxing/.conda/envs/api/lib/python3.10/site-packages/triton/language/core.py", line 2150, in load\n    return _semantic.load(pointer, mask, other, boundary_check, padding_option, cache_modifier, eviction_policy,\n  File "/home/lijiaxing/.conda/envs/api/lib/python3.10/site-packages/triton/language/semantic.py", line 1086, in load\n    return self._load_legacy(ptr, mask, other, boundary_check, padding, cache, eviction, is_volatile)\n  File "/home/lijiaxing/.conda/envs/api/lib/python3.10/site-packages/triton/language/semantic.py", line 1017, in _load_legacy\n    raise ValueError(f"Unsupported ptr type {ptr.type.__repr__()} in `tl.load`")\nValueError: Unsupported ptr type <[\'128\'], int64> in `tl.load`\n\nThe above exception was the direct cause of the following exception:\n\nTraceback (most recent call last):\n  File "/cpfs01/shared/llm_kernel/hujiakai/KernelLLM/validation_api_server/helpers/evaluations.py", line 720, in run_and_check_correctness\n    output_new = model_new(*inputs)\n  File "/home/lijiaxing/.conda/envs/api/lib/python3.10/site-packages/torch/nn/modules/module.py", line 1773, in _wrapped_call_impl\n    return self._call_impl(*args, **kwargs)\n  File "/home/lijiaxing/.conda/envs/api/lib/python3.10/site-packages/torch/nn/modules/module.py", line 1784, in _call_impl\n    return forward_call(*args, **kwargs)\n  File "/tmp/tmp4k4h9pvv.py", line 184, in forward\n    conv_transpose2d_kernel[grid](\n  File "/home/lijiaxing/.conda/envs/api/lib/python3.10/site-packages/triton/runtime/jit.py", line 390, in <lambda>\n    return lambda *args, **kwargs: self.run(grid=grid, warmup=False, *args, **kwargs)\n  File "/home/lijiaxing/.conda/envs/api/lib/python3.10/site-packages/triton/runtime/jit.py", line 594, in run\n    kernel = self.compile(src, target=target, options=options.__dict__)\n  File "/home/lijiaxing/.conda/envs/api/lib/python3.10/site-packages/triton/compiler/compiler.py", line 339, in compile\n    module = src.make_ir(options, codegen_fns, module_map, context)\n  File "/home/lijiaxing/.conda/envs/api/lib/python3.10/site-packages/triton/compiler/compiler.py", line 83, in make_ir\n    return ast_to_ttir(self.fn, self, context=context, options=options, codegen_fns=codegen_fns,\ntriton.compiler.errors.CompilationError: at 71:28:\n                # Calculate memory offsets\n                input_offsets = (b * input_stride_b + \n                                (base_ic + ic) * input_stride_c + \n                                ih_idx * input_stride_h + \n                                iw_idx * input_stride_w)\n                weight_offsets = (oc * weight_stride_oc + \n                                 ic * weight_stride_ic + \n                                 kh * weight_stride_h + \n                                 kw * weight_stride_w)\n\n                # Load input and weight values with proper masking\n                input_val = tl.load(input_ptr + input_offsets, mask=mask & valid_mask, other=0.0)\n                            ^\n\n\nThe above exception was the direct cause of the following exception:\n\nTraceback (most recent call last):\n  File "/home/lijiaxing/.conda/envs/api/lib/python3.10/site-packages/triton/language/core.py", line 42, in wrapper\n    return fn(*args, **kwargs)\n  File "/home/lijiaxing/.conda/envs/api/lib/python3.10/site-packages/triton/language/core.py", line 2150, in load\n    return _semantic.load(pointer, mask, other, boundary_check, padding_option, cache_modifier, eviction_policy,\n  File "/home/lijiaxing/.conda/envs/api/lib/python3.10/site-packages/triton/language/semantic.py", line 1086, in load\n    return self._load_legacy(ptr, mask, other, boundary_check, padding, cache, eviction, is_volatile)\n  File "/home/lijiaxing/.conda/envs/api/lib/python3.10/site-packages/triton/language/semantic.py", line 1017, in _load_legacy\n    raise ValueError(f"Unsupported ptr type {ptr.type.__repr__()} in `tl.load`")\nValueError: Unsupported ptr type <[\'128\'], int64> in `tl.load`\n', 'runtime_error_name': 'triton.compiler.errors.CompilationError', 'reference_timing_ms': 0.057, 'speed_up': -1.0, 'custom_timing': -1.0}, 'runtime': -1.0, 'runtime_stats': {}}}
2025-08-08 18:38:27,268 - openevolve.RemoteSpeedupEvaluator - INFO - [level1_75_conv_transposed_2D_asymmetric_input_asymmetric_kernel_strided__grouped____padded____dilated__] triton key words check pass
2025-08-08 18:38:27,268 - openevolve.RemoteSpeedupEvaluator - INFO - [level1_75_conv_transposed_2D_asymmetric_input_asymmetric_kernel_strided__grouped____padded____dilated__] verify_plus payload: reference_code(2134 chars) + custom_code(8667 chars)
2025-08-08 18:39:46,597 - openevolve.RemoteSpeedupEvaluator - INFO - [level1_75_conv_transposed_2D_asymmetric_input_asymmetric_kernel_strided__grouped____padded____dilated__] verify_plus request success
2025-08-08 18:39:46,599 - openevolve.RemoteSpeedupEvaluator - INFO - [level1_75_conv_transposed_2D_asymmetric_input_asymmetric_kernel_strided__grouped____padded____dilated__] verify_plus response: {"id":"level1_75_conv_transposed_2D_asymmetric_input_asymmetric_kernel_strided__grouped____padded____dilated__","result":{"compiled":true,"correctness":true,"metadata":{"hardware":"NVIDIA L20Y","device":"cuda:5","correctness_trials":"(5 / 5)","reference_timing_ms":0.057,"speed_up":0.0,"custom_timing":699.0},"runtime":699.0,"runtime_stats":{"mean":699.0,"std":1.56,"min":694.0,"max":700.0,"num_trials":100,"hardware":"NVIDIA L20Y","device":"cuda:5"}}}
2025-08-08 18:39:46,599 - openevolve.RemoteSpeedupEvaluator - INFO - [level1_75_conv_transposed_2D_asymmetric_input_asymmetric_kernel_strided__grouped____padded____dilated__] âœ” success | speed_up=0.000  score=20.00
2025-08-08 18:39:46,599 - openevolve.evaluator - INFO - Evaluated program f5750acd-3eb4-4351-b0c2-10cbbd68a51a in 79.33s: compiled=1.0000, correctness=1.0000, stage=success, passed=0.0000, score=20.0000, speed_up=0.0000, runtime_ms=699.0000, meta={'hardware': 'NVIDIA L20Y', 'device': 'cuda:5', 'correctness_trials': '(5 / 5)', 'reference_timing_ms': 0.057, 'speed_up': 0.0, 'custom_timing': 699.0}
2025-08-08 18:39:46,603 - openevolve.llm.ensemble - INFO - Sampled model: deepseek
2025-08-08 18:39:46,615 - openevolve.threaded_parallel - INFO - Iteration 15: Program f5750acd-3eb4-4351-b0c2-10cbbd68a51a (parent: 2146c815-5f55-4617-95c0-7407ddfab9e7) completed in 789.31s
2025-08-08 18:39:46,615 - openevolve.threaded_parallel - INFO - Metrics: compiled=1.0000, correctness=1.0000, stage=success, passed=0.0000, score=20.0000, speed_up=0.0000, runtime_ms=699.0000, meta={'hardware': 'NVIDIA L20Y', 'device': 'cuda:5', 'correctness_trials': '(5 / 5)', 'reference_timing_ms': 0.057, 'speed_up': 0.0, 'custom_timing': 699.0}
2025-08-08 18:39:46,615 - openevolve.threaded_parallel - INFO - Checkpoint interval reached at iteration 15
2025-08-08 18:39:46,618 - openevolve.database - INFO - Island Status:
2025-08-08 18:39:46,618 - openevolve.database - INFO -  * Island 0: 7 programs, best=20.0000, avg=11.4286, diversity=439.93, gen=6 (best: 1ff2b9c7-bb49-4391-8d4c-20bd37069a85)
2025-08-08 18:39:46,618 - openevolve.database - INFO -    Island 1: 5 programs, best=10.0000, avg=-15.6000, diversity=1400.88, gen=5 (best: 1d46c854-9575-41e3-9af1-452d9a2454fd)
2025-08-08 18:39:46,618 - openevolve.database - INFO -    Island 2: 6 programs, best=20.0000, avg=13.5000, diversity=386.62, gen=5 (best: 5fead434-72e3-448b-bb21-0c3854e100da)
2025-08-08 18:39:46,806 - openevolve.database - INFO - Saved database with 17 programs to openevolve_output/level1_75_conv_transposed_2D_asymmetric_input_asymmetric_kernel_strided__grouped____padded____dilated__/checkpoints/checkpoint_15
2025-08-08 18:39:46,821 - openevolve.controller - INFO - Saved best program at checkpoint 15 with metrics: compiled=1.0000, correctness=1.0000, stage=success, passed=0.0000, score=20.0000, speed_up=0.0000, runtime_ms=877.0000, meta={'hardware': 'NVIDIA L20Y', 'device': 'cuda:4', 'correctness_trials': '(5 / 5)', 'reference_timing_ms': 0.057, 'speed_up': 0.0, 'custom_timing': 877.0}
2025-08-08 18:39:46,821 - openevolve.controller - INFO - Saved checkpoint at iteration 15 to openevolve_output/level1_75_conv_transposed_2D_asymmetric_input_asymmetric_kernel_strided__grouped____padded____dilated__/checkpoints/checkpoint_15
2025-08-08 18:40:26,263 - openevolve.RemoteSpeedupEvaluator - INFO - [level1_75_conv_transposed_2D_asymmetric_input_asymmetric_kernel_strided__grouped____padded____dilated__] triton key words check pass
2025-08-08 18:40:26,265 - openevolve.RemoteSpeedupEvaluator - INFO - [level1_75_conv_transposed_2D_asymmetric_input_asymmetric_kernel_strided__grouped____padded____dilated__] verify_plus payload: reference_code(2134 chars) + custom_code(8555 chars)
2025-08-08 18:40:29,400 - openevolve.RemoteSpeedupEvaluator - INFO - [level1_75_conv_transposed_2D_asymmetric_input_asymmetric_kernel_strided__grouped____padded____dilated__] verify_plus request success
2025-08-08 18:40:29,400 - openevolve.RemoteSpeedupEvaluator - INFO - [level1_75_conv_transposed_2D_asymmetric_input_asymmetric_kernel_strided__grouped____padded____dilated__] verify_plus response: {"id":"level1_75_conv_transposed_2D_asymmetric_input_asymmetric_kernel_strided__grouped____padded____dilated__","result":{"compiled":true,"correctness":false,"metadata":{"hardware":"NVIDIA L20Y","device":"cuda:6","runtime_error":"Traceback (most recent call last):\n  File \"/cpfs01/shared/llm_kernel/hujiakai/KernelLLM/validation_api_server/helpers/evaluations.py\", line 720, in run_and_check_correctness\n    output_new = model_new(*inputs)\n  File \"/home/lijiaxing/.conda/envs/api/lib/python3.10/site-packages/torch/nn/modules/module.py\", line 1773, in _wrapped_call_impl\n    return self._call_impl(*args, **kwargs)\n  File \"/home/lijiaxing/.conda/envs/api/lib/python3.10/site-packages/torch/nn/modules/module.py\", line 1784, in _call_impl\n    return forward_call(*args, **kwargs)\n  File \
2025-08-08 18:40:29,400 - openevolve.RemoteSpeedupEvaluator - INFO - [level1_75_conv_transposed_2D_asymmetric_input_asymmetric_kernel_strided__grouped____padded____dilated__] âœ˜ wrong_answer
2025-08-08 18:40:29,401 - openevolve.evaluator - INFO - Evaluated program c0947dee-9638-4182-a9b6-736af6bc5642 in 3.14s: compiled=1.0000, correctness=0.0000, score=10.0000, stage=wrong_answer, verify_payload={'id': 'level1_75_conv_transposed_2D_asymmetric_input_asymmetric_kernel_strided__grouped____padded____dilated__', 'result': {'compiled': True, 'correctness': False, 'metadata': {'hardware': 'NVIDIA L20Y', 'device': 'cuda:6', 'runtime_error': 'Traceback (most recent call last):\n  File "/cpfs01/shared/llm_kernel/hujiakai/KernelLLM/validation_api_server/helpers/evaluations.py", line 720, in run_and_check_correctness\n    output_new = model_new(*inputs)\n  File "/home/lijiaxing/.conda/envs/api/lib/python3.10/site-packages/torch/nn/modules/module.py", line 1773, in _wrapped_call_impl\n    return self._call_impl(*args, **kwargs)\n  File "/home/lijiaxing/.conda/envs/api/lib/python3.10/site-packages/torch/nn/modules/module.py", line 1784, in _call_impl\n    return forward_call(*args, **kwargs)\n  File "/tmp/tmpm7tlbzpn.py", line 194, in forward\n    conv_transpose2d_kernel[grid](\n  File "/home/lijiaxing/.conda/envs/api/lib/python3.10/site-packages/triton/runtime/jit.py", line 390, in <lambda>\n    return lambda *args, **kwargs: self.run(grid=grid, warmup=False, *args, **kwargs)\n  File "/home/lijiaxing/.conda/envs/api/lib/python3.10/site-packages/triton/runtime/jit.py", line 594, in run\n    kernel = self.compile(src, target=target, options=options.__dict__)\n  File "/home/lijiaxing/.conda/envs/api/lib/python3.10/site-packages/triton/compiler/compiler.py", line 339, in compile\n    module = src.make_ir(options, codegen_fns, module_map, context)\n  File "/home/lijiaxing/.conda/envs/api/lib/python3.10/site-packages/triton/compiler/compiler.py", line 83, in make_ir\n    return ast_to_ttir(self.fn, self, context=context, options=options, codegen_fns=codegen_fns,\ntriton.compiler.errors.CompilationError: at 51:23:\n    # Iterate over kernel height\n    for kh in range(0, kernel_h):\n        # Calculate input height position\n        ih_val = (out_h + padding_h - kh * dilation_h) / stride_h\n        ih_floor = tl.math.floor(ih_val)\n        ih_in_bounds = (ih_val >= 0) & (ih_val < in_height)\n        ih_integer = (ih_val == ih_floor)\n        cond_h = ih_in_bounds & ih_integer\n\n        # Only process if height condition met\n        if cond_h:\n            ih_index = tl.int32(ih_floor)\n                       ^\nTypeError("\'dtype\' object is not callable")\n\n\nThe above exception was the direct cause of the following exception:\n\nTypeError: \'dtype\' object is not callable\n', 'runtime_error_name': 'triton.compiler.errors.CompilationError', 'reference_timing_ms': 0.057, 'speed_up': -1.0, 'custom_timing': -1.0}, 'runtime': -1.0, 'runtime_stats': {}}}
2025-08-08 18:40:29,405 - openevolve.llm.ensemble - INFO - Sampled model: deepseek
2025-08-08 18:40:29,424 - openevolve.threaded_parallel - INFO - Iteration 16: Program c0947dee-9638-4182-a9b6-736af6bc5642 (parent: 650f685e-8c1b-4de1-8bdf-7ef237547d70) completed in 496.75s
2025-08-08 18:40:29,425 - openevolve.threaded_parallel - INFO - Metrics: compiled=1.0000, correctness=0.0000, score=10.0000, stage=wrong_answer, verify_payload={'id': 'level1_75_conv_transposed_2D_asymmetric_input_asymmetric_kernel_strided__grouped____padded____dilated__', 'result': {'compiled': True, 'correctness': False, 'metadata': {'hardware': 'NVIDIA L20Y', 'device': 'cuda:6', 'runtime_error': 'Traceback (most recent call last):\n  File "/cpfs01/shared/llm_kernel/hujiakai/KernelLLM/validation_api_server/helpers/evaluations.py", line 720, in run_and_check_correctness\n    output_new = model_new(*inputs)\n  File "/home/lijiaxing/.conda/envs/api/lib/python3.10/site-packages/torch/nn/modules/module.py", line 1773, in _wrapped_call_impl\n    return self._call_impl(*args, **kwargs)\n  File "/home/lijiaxing/.conda/envs/api/lib/python3.10/site-packages/torch/nn/modules/module.py", line 1784, in _call_impl\n    return forward_call(*args, **kwargs)\n  File "/tmp/tmpm7tlbzpn.py", line 194, in forward\n    conv_transpose2d_kernel[grid](\n  File "/home/lijiaxing/.conda/envs/api/lib/python3.10/site-packages/triton/runtime/jit.py", line 390, in <lambda>\n    return lambda *args, **kwargs: self.run(grid=grid, warmup=False, *args, **kwargs)\n  File "/home/lijiaxing/.conda/envs/api/lib/python3.10/site-packages/triton/runtime/jit.py", line 594, in run\n    kernel = self.compile(src, target=target, options=options.__dict__)\n  File "/home/lijiaxing/.conda/envs/api/lib/python3.10/site-packages/triton/compiler/compiler.py", line 339, in compile\n    module = src.make_ir(options, codegen_fns, module_map, context)\n  File "/home/lijiaxing/.conda/envs/api/lib/python3.10/site-packages/triton/compiler/compiler.py", line 83, in make_ir\n    return ast_to_ttir(self.fn, self, context=context, options=options, codegen_fns=codegen_fns,\ntriton.compiler.errors.CompilationError: at 51:23:\n    # Iterate over kernel height\n    for kh in range(0, kernel_h):\n        # Calculate input height position\n        ih_val = (out_h + padding_h - kh * dilation_h) / stride_h\n        ih_floor = tl.math.floor(ih_val)\n        ih_in_bounds = (ih_val >= 0) & (ih_val < in_height)\n        ih_integer = (ih_val == ih_floor)\n        cond_h = ih_in_bounds & ih_integer\n\n        # Only process if height condition met\n        if cond_h:\n            ih_index = tl.int32(ih_floor)\n                       ^\nTypeError("\'dtype\' object is not callable")\n\n\nThe above exception was the direct cause of the following exception:\n\nTypeError: \'dtype\' object is not callable\n', 'runtime_error_name': 'triton.compiler.errors.CompilationError', 'reference_timing_ms': 0.057, 'speed_up': -1.0, 'custom_timing': -1.0}, 'runtime': -1.0, 'runtime_stats': {}}}
2025-08-08 18:45:21,920 - openevolve.RemoteSpeedupEvaluator - INFO - [level1_75_conv_transposed_2D_asymmetric_input_asymmetric_kernel_strided__grouped____padded____dilated__] triton key words check pass
2025-08-08 18:45:21,922 - openevolve.RemoteSpeedupEvaluator - INFO - [level1_75_conv_transposed_2D_asymmetric_input_asymmetric_kernel_strided__grouped____padded____dilated__] verify_plus payload: reference_code(2134 chars) + custom_code(6380 chars)
2025-08-08 18:46:59,212 - openevolve.RemoteSpeedupEvaluator - INFO - [level1_75_conv_transposed_2D_asymmetric_input_asymmetric_kernel_strided__grouped____padded____dilated__] verify_plus request success
2025-08-08 18:46:59,214 - openevolve.RemoteSpeedupEvaluator - INFO - [level1_75_conv_transposed_2D_asymmetric_input_asymmetric_kernel_strided__grouped____padded____dilated__] verify_plus response: {"id":"level1_75_conv_transposed_2D_asymmetric_input_asymmetric_kernel_strided__grouped____padded____dilated__","result":{"compiled":true,"correctness":true,"metadata":{"hardware":"NVIDIA L20Y","device":"cuda:3","correctness_trials":"(5 / 5)","reference_timing_ms":0.057,"speed_up":0.0,"custom_timing":859.0},"runtime":859.0,"runtime_stats":{"mean":859.0,"std":0.0563,"min":859.0,"max":859.0,"num_trials":100,"hardware":"NVIDIA L20Y","device":"cuda:3"}}}
2025-08-08 18:46:59,214 - openevolve.RemoteSpeedupEvaluator - INFO - [level1_75_conv_transposed_2D_asymmetric_input_asymmetric_kernel_strided__grouped____padded____dilated__] âœ” success | speed_up=0.000  score=20.00
2025-08-08 18:46:59,215 - openevolve.evaluator - INFO - Evaluated program 5ab0e8be-6c8b-44a6-8252-75f410730d0c in 97.30s: compiled=1.0000, correctness=1.0000, stage=success, passed=0.0000, score=20.0000, speed_up=0.0000, runtime_ms=859.0000, meta={'hardware': 'NVIDIA L20Y', 'device': 'cuda:3', 'correctness_trials': '(5 / 5)', 'reference_timing_ms': 0.057, 'speed_up': 0.0, 'custom_timing': 859.0}
2025-08-08 18:46:59,220 - openevolve.llm.ensemble - INFO - Sampled model: deepseek
2025-08-08 18:46:59,231 - openevolve.threaded_parallel - INFO - Iteration 18: Program 5ab0e8be-6c8b-44a6-8252-75f410730d0c (parent: 536c1f9b-1fd9-4f99-a1ee-5d40e27f33ff) completed in 432.61s
2025-08-08 18:46:59,231 - openevolve.threaded_parallel - INFO - Metrics: compiled=1.0000, correctness=1.0000, stage=success, passed=0.0000, score=20.0000, speed_up=0.0000, runtime_ms=859.0000, meta={'hardware': 'NVIDIA L20Y', 'device': 'cuda:3', 'correctness_trials': '(5 / 5)', 'reference_timing_ms': 0.057, 'speed_up': 0.0, 'custom_timing': 859.0}
2025-08-08 18:46:59,231 - openevolve.threaded_parallel - INFO - Checkpoint interval reached at iteration 18
2025-08-08 18:46:59,233 - openevolve.database - INFO - Island Status:
2025-08-08 18:46:59,233 - openevolve.database - INFO -    Island 0: 8 programs, best=20.0000, avg=11.2500, diversity=439.93, gen=6 (best: 1ff2b9c7-bb49-4391-8d4c-20bd37069a85)
2025-08-08 18:46:59,233 - openevolve.database - INFO -    Island 1: 6 programs, best=20.0000, avg=-9.6667, diversity=1253.18, gen=6 (best: 5ab0e8be-6c8b-44a6-8252-75f410730d0c)
2025-08-08 18:46:59,233 - openevolve.database - INFO -  * Island 2: 6 programs, best=20.0000, avg=13.5000, diversity=386.62, gen=6 (best: 5fead434-72e3-448b-bb21-0c3854e100da)
2025-08-08 18:46:59,460 - openevolve.database - INFO - Saved database with 19 programs to openevolve_output/level1_75_conv_transposed_2D_asymmetric_input_asymmetric_kernel_strided__grouped____padded____dilated__/checkpoints/checkpoint_18
2025-08-08 18:46:59,476 - openevolve.controller - INFO - Saved best program at checkpoint 18 with metrics: compiled=1.0000, correctness=1.0000, stage=success, passed=0.0000, score=20.0000, speed_up=0.0000, runtime_ms=877.0000, meta={'hardware': 'NVIDIA L20Y', 'device': 'cuda:4', 'correctness_trials': '(5 / 5)', 'reference_timing_ms': 0.057, 'speed_up': 0.0, 'custom_timing': 877.0}
2025-08-08 18:46:59,476 - openevolve.controller - INFO - Saved checkpoint at iteration 18 to openevolve_output/level1_75_conv_transposed_2D_asymmetric_input_asymmetric_kernel_strided__grouped____padded____dilated__/checkpoints/checkpoint_18
2025-08-08 18:52:16,396 - openevolve.RemoteSpeedupEvaluator - INFO - [level1_75_conv_transposed_2D_asymmetric_input_asymmetric_kernel_strided__grouped____padded____dilated__] triton key words check pass
2025-08-08 18:52:16,398 - openevolve.RemoteSpeedupEvaluator - INFO - [level1_75_conv_transposed_2D_asymmetric_input_asymmetric_kernel_strided__grouped____padded____dilated__] verify_plus payload: reference_code(2134 chars) + custom_code(7047 chars)
2025-08-08 18:53:02,238 - openevolve.RemoteSpeedupEvaluator - INFO - [level1_75_conv_transposed_2D_asymmetric_input_asymmetric_kernel_strided__grouped____padded____dilated__] triton key words check pass
2025-08-08 18:53:02,240 - openevolve.RemoteSpeedupEvaluator - INFO - [level1_75_conv_transposed_2D_asymmetric_input_asymmetric_kernel_strided__grouped____padded____dilated__] verify_plus payload: reference_code(2134 chars) + custom_code(6009 chars)
2025-08-08 18:53:22,991 - openevolve.RemoteSpeedupEvaluator - INFO - [level1_75_conv_transposed_2D_asymmetric_input_asymmetric_kernel_strided__grouped____padded____dilated__] verify_plus request success
2025-08-08 18:53:22,992 - openevolve.RemoteSpeedupEvaluator - INFO - [level1_75_conv_transposed_2D_asymmetric_input_asymmetric_kernel_strided__grouped____padded____dilated__] verify_plus response: {"id":"level1_75_conv_transposed_2D_asymmetric_input_asymmetric_kernel_strided__grouped____padded____dilated__","result":{"compiled":true,"correctness":true,"metadata":{"hardware":"NVIDIA L20Y","device":"cuda:2","correctness_trials":"(5 / 5)","reference_timing_ms":0.057,"speed_up":0.0,"custom_timing":571.0},"runtime":571.0,"runtime_stats":{"mean":571.0,"std":0.171,"min":571.0,"max":572.0,"num_trials":100,"hardware":"NVIDIA L20Y","device":"cuda:2"}}}
2025-08-08 18:53:22,992 - openevolve.RemoteSpeedupEvaluator - INFO - [level1_75_conv_transposed_2D_asymmetric_input_asymmetric_kernel_strided__grouped____padded____dilated__] âœ” success | speed_up=0.000  score=20.00
2025-08-08 18:53:22,992 - openevolve.evaluator - INFO - Evaluated program 2e28fbb0-99c5-46c4-af7c-21a65b6b0e15 in 66.60s: compiled=1.0000, correctness=1.0000, stage=success, passed=0.0000, score=20.0000, speed_up=0.0000, runtime_ms=571.0000, meta={'hardware': 'NVIDIA L20Y', 'device': 'cuda:2', 'correctness_trials': '(5 / 5)', 'reference_timing_ms': 0.057, 'speed_up': 0.0, 'custom_timing': 571.0}
2025-08-08 18:53:22,997 - openevolve.llm.ensemble - INFO - Sampled model: deepseek
2025-08-08 18:53:23,002 - openevolve.database - INFO - MAP-Elites cell improved: {'score': 9, 'complexity': 7} (fitness: 10.000 -> 20.000)
2025-08-08 18:53:23,014 - openevolve.threaded_parallel - INFO - Iteration 17: Program 2e28fbb0-99c5-46c4-af7c-21a65b6b0e15 (parent: 7c34e3bc-fc30-42c5-8ffb-445622740fe0) completed in 906.13s
2025-08-08 18:53:23,015 - openevolve.threaded_parallel - INFO - Metrics: compiled=1.0000, correctness=1.0000, stage=success, passed=0.0000, score=20.0000, speed_up=0.0000, runtime_ms=571.0000, meta={'hardware': 'NVIDIA L20Y', 'device': 'cuda:2', 'correctness_trials': '(5 / 5)', 'reference_timing_ms': 0.057, 'speed_up': 0.0, 'custom_timing': 571.0}
2025-08-08 18:54:24,334 - openevolve.RemoteSpeedupEvaluator - INFO - [level1_75_conv_transposed_2D_asymmetric_input_asymmetric_kernel_strided__grouped____padded____dilated__] triton key words check pass
2025-08-08 18:54:24,335 - openevolve.RemoteSpeedupEvaluator - INFO - [level1_75_conv_transposed_2D_asymmetric_input_asymmetric_kernel_strided__grouped____padded____dilated__] verify_plus payload: reference_code(2134 chars) + custom_code(7166 chars)
2025-08-08 18:54:37,356 - openevolve.RemoteSpeedupEvaluator - INFO - [level1_75_conv_transposed_2D_asymmetric_input_asymmetric_kernel_strided__grouped____padded____dilated__] verify_plus request success
2025-08-08 18:54:37,356 - openevolve.RemoteSpeedupEvaluator - INFO - [level1_75_conv_transposed_2D_asymmetric_input_asymmetric_kernel_strided__grouped____padded____dilated__] verify_plus response: {"id":"level1_75_conv_transposed_2D_asymmetric_input_asymmetric_kernel_strided__grouped____padded____dilated__","result":{"compiled":true,"correctness":true,"metadata":{"hardware":"NVIDIA L20Y","device":"cuda:6","correctness_trials":"(5 / 5)","reference_timing_ms":0.057,"speed_up":0.0,"custom_timing":844.0},"runtime":844.0,"runtime_stats":{"mean":844.0,"std":2.4,"min":839.0,"max":847.0,"num_trials":100,"hardware":"NVIDIA L20Y","device":"cuda:6"}}}
2025-08-08 18:54:37,356 - openevolve.RemoteSpeedupEvaluator - INFO - [level1_75_conv_transposed_2D_asymmetric_input_asymmetric_kernel_strided__grouped____padded____dilated__] âœ” success | speed_up=0.000  score=20.00
2025-08-08 18:54:37,357 - openevolve.evaluator - INFO - Evaluated program 00b6f3e7-5d69-4ec7-a1cc-a6087c64543e in 95.12s: compiled=1.0000, correctness=1.0000, stage=success, passed=0.0000, score=20.0000, speed_up=0.0000, runtime_ms=844.0000, meta={'hardware': 'NVIDIA L20Y', 'device': 'cuda:6', 'correctness_trials': '(5 / 5)', 'reference_timing_ms': 0.057, 'speed_up': 0.0, 'custom_timing': 844.0}
2025-08-08 18:54:37,361 - openevolve.llm.ensemble - INFO - Sampled model: deepseek
2025-08-08 18:54:37,377 - openevolve.threaded_parallel - INFO - Iteration 19: Program 00b6f3e7-5d69-4ec7-a1cc-a6087c64543e (parent: b965da3e-5b5c-489b-8ed3-d65c132ad112) completed in 847.95s
2025-08-08 18:54:37,377 - openevolve.threaded_parallel - INFO - Metrics: compiled=1.0000, correctness=1.0000, stage=success, passed=0.0000, score=20.0000, speed_up=0.0000, runtime_ms=844.0000, meta={'hardware': 'NVIDIA L20Y', 'device': 'cuda:6', 'correctness_trials': '(5 / 5)', 'reference_timing_ms': 0.057, 'speed_up': 0.0, 'custom_timing': 844.0}
2025-08-08 18:55:30,721 - openevolve.RemoteSpeedupEvaluator - INFO - [level1_75_conv_transposed_2D_asymmetric_input_asymmetric_kernel_strided__grouped____padded____dilated__] verify_plus request success
2025-08-08 18:55:30,722 - openevolve.RemoteSpeedupEvaluator - INFO - [level1_75_conv_transposed_2D_asymmetric_input_asymmetric_kernel_strided__grouped____padded____dilated__] verify_plus response: {"id":"level1_75_conv_transposed_2D_asymmetric_input_asymmetric_kernel_strided__grouped____padded____dilated__","result":{"compiled":true,"correctness":true,"metadata":{"hardware":"NVIDIA L20Y","device":"cuda:2","correctness_trials":"(5 / 5)","reference_timing_ms":0.057,"speed_up":0.0,"custom_timing":568.0},"runtime":568.0,"runtime_stats":{"mean":568.0,"std":0.162,"min":567.0,"max":568.0,"num_trials":100,"hardware":"NVIDIA L20Y","device":"cuda:2"}}}
2025-08-08 18:55:30,723 - openevolve.RemoteSpeedupEvaluator - INFO - [level1_75_conv_transposed_2D_asymmetric_input_asymmetric_kernel_strided__grouped____padded____dilated__] âœ” success | speed_up=0.000  score=20.00
2025-08-08 18:55:30,723 - openevolve.evaluator - INFO - Evaluated program e2ea45ae-2c92-4733-921e-dd0591afef84 in 66.39s: compiled=1.0000, correctness=1.0000, stage=success, passed=0.0000, score=20.0000, speed_up=0.0000, runtime_ms=568.0000, meta={'hardware': 'NVIDIA L20Y', 'device': 'cuda:2', 'correctness_trials': '(5 / 5)', 'reference_timing_ms': 0.057, 'speed_up': 0.0, 'custom_timing': 568.0}
2025-08-08 18:55:30,728 - openevolve.llm.ensemble - INFO - Sampled model: deepseek
2025-08-08 18:55:30,738 - openevolve.threaded_parallel - INFO - Iteration 20: Program e2ea45ae-2c92-4733-921e-dd0591afef84 (parent: 1d46c854-9575-41e3-9af1-452d9a2454fd) completed in 511.50s
2025-08-08 18:55:30,738 - openevolve.threaded_parallel - INFO - Metrics: compiled=1.0000, correctness=1.0000, stage=success, passed=0.0000, score=20.0000, speed_up=0.0000, runtime_ms=568.0000, meta={'hardware': 'NVIDIA L20Y', 'device': 'cuda:2', 'correctness_trials': '(5 / 5)', 'reference_timing_ms': 0.057, 'speed_up': 0.0, 'custom_timing': 568.0}
2025-08-08 18:59:08,308 - openevolve.RemoteSpeedupEvaluator - INFO - [level1_75_conv_transposed_2D_asymmetric_input_asymmetric_kernel_strided__grouped____padded____dilated__] triton key words check pass
2025-08-08 18:59:08,309 - openevolve.RemoteSpeedupEvaluator - INFO - [level1_75_conv_transposed_2D_asymmetric_input_asymmetric_kernel_strided__grouped____padded____dilated__] verify_plus payload: reference_code(2134 chars) + custom_code(6380 chars)
2025-08-08 19:00:36,475 - openevolve.RemoteSpeedupEvaluator - INFO - [level1_75_conv_transposed_2D_asymmetric_input_asymmetric_kernel_strided__grouped____padded____dilated__] triton key words check pass
2025-08-08 19:00:36,476 - openevolve.RemoteSpeedupEvaluator - INFO - [level1_75_conv_transposed_2D_asymmetric_input_asymmetric_kernel_strided__grouped____padded____dilated__] verify_plus payload: reference_code(2134 chars) + custom_code(8561 chars)
2025-08-08 19:00:39,962 - openevolve.RemoteSpeedupEvaluator - INFO - [level1_75_conv_transposed_2D_asymmetric_input_asymmetric_kernel_strided__grouped____padded____dilated__] verify_plus request success
2025-08-08 19:00:39,962 - openevolve.RemoteSpeedupEvaluator - INFO - [level1_75_conv_transposed_2D_asymmetric_input_asymmetric_kernel_strided__grouped____padded____dilated__] verify_plus response: {"id":"level1_75_conv_transposed_2D_asymmetric_input_asymmetric_kernel_strided__grouped____padded____dilated__","result":{"compiled":true,"correctness":false,"metadata":{"hardware":"NVIDIA L20Y","device":"cuda:4","runtime_error":"Traceback (most recent call last):\n  File \"/cpfs01/shared/llm_kernel/hujiakai/KernelLLM/validation_api_server/helpers/evaluations.py\", line 720, in run_and_check_correctness\n    output_new = model_new(*inputs)\n  File \"/home/lijiaxing/.conda/envs/api/lib/python3.10/site-packages/torch/nn/modules/module.py\", line 1773, in _wrapped_call_impl\n    return self._call_impl(*args, **kwargs)\n  File \"/home/lijiaxing/.conda/envs/api/lib/python3.10/site-packages/torch/nn/modules/module.py\", line 1784, in _call_impl\n    return forward_call(*args, **kwargs)\n  File \
2025-08-08 19:00:39,962 - openevolve.RemoteSpeedupEvaluator - INFO - [level1_75_conv_transposed_2D_asymmetric_input_asymmetric_kernel_strided__grouped____padded____dilated__] âœ˜ wrong_answer
2025-08-08 19:00:39,962 - openevolve.evaluator - INFO - Evaluated program 561bdd36-812a-4881-b676-9bc0620d82ca in 3.49s: compiled=1.0000, correctness=0.0000, score=10.0000, stage=wrong_answer, verify_payload={'id': 'level1_75_conv_transposed_2D_asymmetric_input_asymmetric_kernel_strided__grouped____padded____dilated__', 'result': {'compiled': True, 'correctness': False, 'metadata': {'hardware': 'NVIDIA L20Y', 'device': 'cuda:4', 'runtime_error': 'Traceback (most recent call last):\n  File "/cpfs01/shared/llm_kernel/hujiakai/KernelLLM/validation_api_server/helpers/evaluations.py", line 720, in run_and_check_correctness\n    output_new = model_new(*inputs)\n  File "/home/lijiaxing/.conda/envs/api/lib/python3.10/site-packages/torch/nn/modules/module.py", line 1773, in _wrapped_call_impl\n    return self._call_impl(*args, **kwargs)\n  File "/home/lijiaxing/.conda/envs/api/lib/python3.10/site-packages/torch/nn/modules/module.py", line 1784, in _call_impl\n    return forward_call(*args, **kwargs)\n  File "/tmp/tmpat0es37q.py", line 194, in forward\n    conv_transpose2d_kernel[grid](\n  File "/home/lijiaxing/.conda/envs/api/lib/python3.10/site-packages/triton/runtime/jit.py", line 390, in <lambda>\n    return lambda *args, **kwargs: self.run(grid=grid, warmup=False, *args, **kwargs)\n  File "/home/lijiaxing/.conda/envs/api/lib/python3.10/site-packages/triton/runtime/jit.py", line 617, in run\n    kernel.run(grid_0, grid_1, grid_2, stream, kernel.function, kernel.packed_metadata, launch_metadata,\n  File "/home/lijiaxing/.conda/envs/api/lib/python3.10/site-packages/triton/backends/nvidia/driver.py", line 708, in __call__\n    self.launch(gridX, gridY, gridZ, stream, function, self.launch_cooperative_grid, self.launch_pdl,\nRuntimeError: Triton Error [CUDA]: invalid argument\n', 'runtime_error_name': 'builtins.RuntimeError', 'reference_timing_ms': 0.057, 'speed_up': -1.0, 'custom_timing': -1.0}, 'runtime': -1.0, 'runtime_stats': {}}}
2025-08-08 19:00:39,968 - openevolve.llm.ensemble - INFO - Sampled model: deepseek
2025-08-08 19:00:39,977 - openevolve.threaded_parallel - INFO - Iteration 22: Program 561bdd36-812a-4881-b676-9bc0620d82ca (parent: 7cac1628-9566-40f7-bfd8-f4e092b63ea4) completed in 362.60s
2025-08-08 19:00:39,978 - openevolve.threaded_parallel - INFO - Metrics: compiled=1.0000, correctness=0.0000, score=10.0000, stage=wrong_answer, verify_payload={'id': 'level1_75_conv_transposed_2D_asymmetric_input_asymmetric_kernel_strided__grouped____padded____dilated__', 'result': {'compiled': True, 'correctness': False, 'metadata': {'hardware': 'NVIDIA L20Y', 'device': 'cuda:4', 'runtime_error': 'Traceback (most recent call last):\n  File "/cpfs01/shared/llm_kernel/hujiakai/KernelLLM/validation_api_server/helpers/evaluations.py", line 720, in run_and_check_correctness\n    output_new = model_new(*inputs)\n  File "/home/lijiaxing/.conda/envs/api/lib/python3.10/site-packages/torch/nn/modules/module.py", line 1773, in _wrapped_call_impl\n    return self._call_impl(*args, **kwargs)\n  File "/home/lijiaxing/.conda/envs/api/lib/python3.10/site-packages/torch/nn/modules/module.py", line 1784, in _call_impl\n    return forward_call(*args, **kwargs)\n  File "/tmp/tmpat0es37q.py", line 194, in forward\n    conv_transpose2d_kernel[grid](\n  File "/home/lijiaxing/.conda/envs/api/lib/python3.10/site-packages/triton/runtime/jit.py", line 390, in <lambda>\n    return lambda *args, **kwargs: self.run(grid=grid, warmup=False, *args, **kwargs)\n  File "/home/lijiaxing/.conda/envs/api/lib/python3.10/site-packages/triton/runtime/jit.py", line 617, in run\n    kernel.run(grid_0, grid_1, grid_2, stream, kernel.function, kernel.packed_metadata, launch_metadata,\n  File "/home/lijiaxing/.conda/envs/api/lib/python3.10/site-packages/triton/backends/nvidia/driver.py", line 708, in __call__\n    self.launch(gridX, gridY, gridZ, stream, function, self.launch_cooperative_grid, self.launch_pdl,\nRuntimeError: Triton Error [CUDA]: invalid argument\n', 'runtime_error_name': 'builtins.RuntimeError', 'reference_timing_ms': 0.057, 'speed_up': -1.0, 'custom_timing': -1.0}, 'runtime': -1.0, 'runtime_stats': {}}}
2025-08-08 19:00:52,241 - openevolve.RemoteSpeedupEvaluator - INFO - [level1_75_conv_transposed_2D_asymmetric_input_asymmetric_kernel_strided__grouped____padded____dilated__] verify_plus request success
2025-08-08 19:00:52,241 - openevolve.RemoteSpeedupEvaluator - INFO - [level1_75_conv_transposed_2D_asymmetric_input_asymmetric_kernel_strided__grouped____padded____dilated__] verify_plus response: {"id":"level1_75_conv_transposed_2D_asymmetric_input_asymmetric_kernel_strided__grouped____padded____dilated__","result":{"compiled":true,"correctness":true,"metadata":{"hardware":"NVIDIA L20Y","device":"cuda:7","correctness_trials":"(5 / 5)","reference_timing_ms":0.057,"speed_up":0.0,"custom_timing":859.0},"runtime":859.0,"runtime_stats":{"mean":859.0,"std":0.0949,"min":859.0,"max":859.0,"num_trials":100,"hardware":"NVIDIA L20Y","device":"cuda:7"}}}
2025-08-08 19:00:52,242 - openevolve.RemoteSpeedupEvaluator - INFO - [level1_75_conv_transposed_2D_asymmetric_input_asymmetric_kernel_strided__grouped____padded____dilated__] âœ” success | speed_up=0.000  score=20.00
2025-08-08 19:00:52,242 - openevolve.evaluator - INFO - Evaluated program 035fca58-c284-44da-acbc-fcab04259e3c in 103.93s: compiled=1.0000, correctness=1.0000, stage=success, passed=0.0000, score=20.0000, speed_up=0.0000, runtime_ms=859.0000, meta={'hardware': 'NVIDIA L20Y', 'device': 'cuda:7', 'correctness_trials': '(5 / 5)', 'reference_timing_ms': 0.057, 'speed_up': 0.0, 'custom_timing': 859.0}
2025-08-08 19:00:52,246 - openevolve.llm.ensemble - INFO - Sampled model: deepseek
2025-08-08 19:00:52,265 - openevolve.threaded_parallel - INFO - Iteration 21: Program 035fca58-c284-44da-acbc-fcab04259e3c (parent: 536c1f9b-1fd9-4f99-a1ee-5d40e27f33ff) completed in 449.25s
2025-08-08 19:00:52,265 - openevolve.threaded_parallel - INFO - Metrics: compiled=1.0000, correctness=1.0000, stage=success, passed=0.0000, score=20.0000, speed_up=0.0000, runtime_ms=859.0000, meta={'hardware': 'NVIDIA L20Y', 'device': 'cuda:7', 'correctness_trials': '(5 / 5)', 'reference_timing_ms': 0.057, 'speed_up': 0.0, 'custom_timing': 859.0}
2025-08-08 19:00:52,265 - openevolve.threaded_parallel - INFO - Checkpoint interval reached at iteration 21
2025-08-08 19:00:52,267 - openevolve.database - INFO - Island Status:
2025-08-08 19:00:52,267 - openevolve.database - INFO -    Island 0: 10 programs, best=20.0000, avg=13.0000, diversity=185.97, gen=8 (best: 1ff2b9c7-bb49-4391-8d4c-20bd37069a85)
2025-08-08 19:00:52,267 - openevolve.database - INFO -  * Island 1: 7 programs, best=20.0000, avg=-5.4286, diversity=1253.18, gen=8 (best: 5ab0e8be-6c8b-44a6-8252-75f410730d0c)
2025-08-08 19:00:52,267 - openevolve.database - INFO -    Island 2: 8 programs, best=20.0000, avg=13.8750, diversity=353.00, gen=7 (best: 5fead434-72e3-448b-bb21-0c3854e100da)
2025-08-08 19:00:52,561 - openevolve.database - INFO - Saved database with 24 programs to openevolve_output/level1_75_conv_transposed_2D_asymmetric_input_asymmetric_kernel_strided__grouped____padded____dilated__/checkpoints/checkpoint_21
2025-08-08 19:00:52,577 - openevolve.controller - INFO - Saved best program at checkpoint 21 with metrics: compiled=1.0000, correctness=1.0000, stage=success, passed=0.0000, score=20.0000, speed_up=0.0000, runtime_ms=877.0000, meta={'hardware': 'NVIDIA L20Y', 'device': 'cuda:4', 'correctness_trials': '(5 / 5)', 'reference_timing_ms': 0.057, 'speed_up': 0.0, 'custom_timing': 877.0}
2025-08-08 19:00:52,577 - openevolve.controller - INFO - Saved checkpoint at iteration 21 to openevolve_output/level1_75_conv_transposed_2D_asymmetric_input_asymmetric_kernel_strided__grouped____padded____dilated__/checkpoints/checkpoint_21
2025-08-08 19:12:38,113 - openevolve.RemoteSpeedupEvaluator - INFO - [level1_75_conv_transposed_2D_asymmetric_input_asymmetric_kernel_strided__grouped____padded____dilated__] âœ˜ invalid_answer 'import triton' is not found
2025-08-08 19:12:38,114 - openevolve.evaluator - INFO - Evaluated program 3213ae58-73d6-44b3-a67f-c6ba4dd96750 in 0.00s: compiled=0.0000, correctness=0.0000, score=-100.0000, stage=no_valid_triton_code, feedback=You need to generate real and valid triton code for the core function. The key word 'import triton' is not found.
2025-08-08 19:12:38,118 - openevolve.database - INFO - New MAP-Elites cell occupied: {'score': -1000, 'complexity': 9}
2025-08-08 19:12:38,121 - openevolve.llm.ensemble - INFO - Sampled model: deepseek
2025-08-08 19:12:38,130 - openevolve.threaded_parallel - INFO - Iteration 23: Program 3213ae58-73d6-44b3-a67f-c6ba4dd96750 (parent: 5ab0e8be-6c8b-44a6-8252-75f410730d0c) completed in 1027.39s
2025-08-08 19:12:38,131 - openevolve.threaded_parallel - INFO - Metrics: compiled=0.0000, correctness=0.0000, score=-100.0000, stage=no_valid_triton_code, feedback=You need to generate real and valid triton code for the core function. The key word 'import triton' is not found.
2025-08-08 19:14:17,852 - openevolve.RemoteSpeedupEvaluator - INFO - [level1_75_conv_transposed_2D_asymmetric_input_asymmetric_kernel_strided__grouped____padded____dilated__] triton key words check pass
2025-08-08 19:14:17,854 - openevolve.RemoteSpeedupEvaluator - INFO - [level1_75_conv_transposed_2D_asymmetric_input_asymmetric_kernel_strided__grouped____padded____dilated__] verify_plus payload: reference_code(2134 chars) + custom_code(9481 chars)
2025-08-08 19:14:36,207 - openevolve.RemoteSpeedupEvaluator - INFO - [level1_75_conv_transposed_2D_asymmetric_input_asymmetric_kernel_strided__grouped____padded____dilated__] verify_plus request success
2025-08-08 19:14:36,207 - openevolve.RemoteSpeedupEvaluator - INFO - [level1_75_conv_transposed_2D_asymmetric_input_asymmetric_kernel_strided__grouped____padded____dilated__] verify_plus response: {"id":"level1_75_conv_transposed_2D_asymmetric_input_asymmetric_kernel_strided__grouped____padded____dilated__","result":{"compiled":true,"correctness":false,"metadata":{"hardware":"NVIDIA L20Y","device":"cuda:7","runtime_error":"Traceback (most recent call last):\n  File \"/cpfs01/shared/llm_kernel/hujiakai/KernelLLM/validation_api_server/helpers/evaluations.py\", line 720, in run_and_check_correctness\n    output_new = model_new(*inputs)\n  File \"/home/lijiaxing/.conda/envs/api/lib/python3.10/site-packages/torch/nn/modules/module.py\", line 1773, in _wrapped_call_impl\n    return self._call_impl(*args, **kwargs)\n  File \"/home/lijiaxing/.conda/envs/api/lib/python3.10/site-packages/torch/nn/modules/module.py\", line 1784, in _call_impl\n    return forward_call(*args, **kwargs)\n  File \
2025-08-08 19:14:36,207 - openevolve.RemoteSpeedupEvaluator - INFO - [level1_75_conv_transposed_2D_asymmetric_input_asymmetric_kernel_strided__grouped____padded____dilated__] âœ˜ wrong_answer
2025-08-08 19:14:36,208 - openevolve.evaluator - INFO - Evaluated program 0584a17d-643a-488e-9a04-306245c3969a in 18.36s: compiled=1.0000, correctness=0.0000, score=10.0000, stage=wrong_answer, verify_payload={'id': 'level1_75_conv_transposed_2D_asymmetric_input_asymmetric_kernel_strided__grouped____padded____dilated__', 'result': {'compiled': True, 'correctness': False, 'metadata': {'hardware': 'NVIDIA L20Y', 'device': 'cuda:7', 'runtime_error': 'Traceback (most recent call last):\n  File "/cpfs01/shared/llm_kernel/hujiakai/KernelLLM/validation_api_server/helpers/evaluations.py", line 720, in run_and_check_correctness\n    output_new = model_new(*inputs)\n  File "/home/lijiaxing/.conda/envs/api/lib/python3.10/site-packages/torch/nn/modules/module.py", line 1773, in _wrapped_call_impl\n    return self._call_impl(*args, **kwargs)\n  File "/home/lijiaxing/.conda/envs/api/lib/python3.10/site-packages/torch/nn/modules/module.py", line 1784, in _call_impl\n    return forward_call(*args, **kwargs)\n  File "/tmp/tmpfrk5kw10.py", line 206, in forward\n    conv_transpose2d_kernel[grid](\n  File "/home/lijiaxing/.conda/envs/api/lib/python3.10/site-packages/triton/runtime/jit.py", line 390, in <lambda>\n    return lambda *args, **kwargs: self.run(grid=grid, warmup=False, *args, **kwargs)\n  File "/home/lijiaxing/.conda/envs/api/lib/python3.10/site-packages/triton/runtime/autotuner.py", line 239, in run\n    benchmark()\n  File "/home/lijiaxing/.conda/envs/api/lib/python3.10/site-packages/triton/runtime/autotuner.py", line 228, in benchmark\n    timings = {config: self._bench(*args, config=config, **kwargs) for config in pruned_configs}\n  File "/home/lijiaxing/.conda/envs/api/lib/python3.10/site-packages/triton/runtime/autotuner.py", line 228, in <dictcomp>\n    timings = {config: self._bench(*args, config=config, **kwargs) for config in pruned_configs}\n  File "/home/lijiaxing/.conda/envs/api/lib/python3.10/site-packages/triton/runtime/autotuner.py", line 135, in _bench\n    raise ValueError(f"Conflicting meta-parameters: {\', \'.join(conflicts)}."\nValueError: Conflicting meta-parameters: BLOCK_CHAN. Make sure that you don\'t re-define auto-tuned symbols.\n', 'runtime_error_name': 'builtins.ValueError', 'reference_timing_ms': 0.057, 'speed_up': -1.0, 'custom_timing': -1.0}, 'runtime': -1.0, 'runtime_stats': {}}}
2025-08-08 19:14:36,211 - openevolve.database - INFO - New MAP-Elites cell occupied: {'score': 9, 'complexity': 2}
2025-08-08 19:14:36,211 - openevolve.database - INFO - Population size (26) exceeds limit (25), removing 1 programs
2025-08-08 19:14:36,211 - openevolve.database - INFO - Population size after cleanup: 25
2025-08-08 19:14:36,213 - openevolve.llm.ensemble - INFO - Sampled model: deepseek
2025-08-08 19:14:36,223 - openevolve.threaded_parallel - INFO - Iteration 24: Program 0584a17d-643a-488e-9a04-306245c3969a (parent: 972b5bc1-3ff0-47be-8940-8bfffafae3f2) completed in 836.24s
2025-08-08 19:14:36,223 - openevolve.threaded_parallel - INFO - Metrics: compiled=1.0000, correctness=0.0000, score=10.0000, stage=wrong_answer, verify_payload={'id': 'level1_75_conv_transposed_2D_asymmetric_input_asymmetric_kernel_strided__grouped____padded____dilated__', 'result': {'compiled': True, 'correctness': False, 'metadata': {'hardware': 'NVIDIA L20Y', 'device': 'cuda:7', 'runtime_error': 'Traceback (most recent call last):\n  File "/cpfs01/shared/llm_kernel/hujiakai/KernelLLM/validation_api_server/helpers/evaluations.py", line 720, in run_and_check_correctness\n    output_new = model_new(*inputs)\n  File "/home/lijiaxing/.conda/envs/api/lib/python3.10/site-packages/torch/nn/modules/module.py", line 1773, in _wrapped_call_impl\n    return self._call_impl(*args, **kwargs)\n  File "/home/lijiaxing/.conda/envs/api/lib/python3.10/site-packages/torch/nn/modules/module.py", line 1784, in _call_impl\n    return forward_call(*args, **kwargs)\n  File "/tmp/tmpfrk5kw10.py", line 206, in forward\n    conv_transpose2d_kernel[grid](\n  File "/home/lijiaxing/.conda/envs/api/lib/python3.10/site-packages/triton/runtime/jit.py", line 390, in <lambda>\n    return lambda *args, **kwargs: self.run(grid=grid, warmup=False, *args, **kwargs)\n  File "/home/lijiaxing/.conda/envs/api/lib/python3.10/site-packages/triton/runtime/autotuner.py", line 239, in run\n    benchmark()\n  File "/home/lijiaxing/.conda/envs/api/lib/python3.10/site-packages/triton/runtime/autotuner.py", line 228, in benchmark\n    timings = {config: self._bench(*args, config=config, **kwargs) for config in pruned_configs}\n  File "/home/lijiaxing/.conda/envs/api/lib/python3.10/site-packages/triton/runtime/autotuner.py", line 228, in <dictcomp>\n    timings = {config: self._bench(*args, config=config, **kwargs) for config in pruned_configs}\n  File "/home/lijiaxing/.conda/envs/api/lib/python3.10/site-packages/triton/runtime/autotuner.py", line 135, in _bench\n    raise ValueError(f"Conflicting meta-parameters: {\', \'.join(conflicts)}."\nValueError: Conflicting meta-parameters: BLOCK_CHAN. Make sure that you don\'t re-define auto-tuned symbols.\n', 'runtime_error_name': 'builtins.ValueError', 'reference_timing_ms': 0.057, 'speed_up': -1.0, 'custom_timing': -1.0}, 'runtime': -1.0, 'runtime_stats': {}}}
2025-08-08 19:14:36,223 - openevolve.threaded_parallel - INFO - Checkpoint interval reached at iteration 24
2025-08-08 19:14:36,226 - openevolve.database - INFO - Island Status:
2025-08-08 19:14:36,226 - openevolve.database - INFO -  * Island 0: 10 programs, best=20.0000, avg=13.0000, diversity=185.97, gen=9 (best: 1ff2b9c7-bb49-4391-8d4c-20bd37069a85)
2025-08-08 19:14:36,226 - openevolve.database - INFO -    Island 1: 7 programs, best=20.0000, avg=-5.4286, diversity=3024.68, gen=8 (best: 5ab0e8be-6c8b-44a6-8252-75f410730d0c)
2025-08-08 19:14:36,226 - openevolve.database - INFO -    Island 2: 9 programs, best=20.0000, avg=13.4444, diversity=618.83, gen=8 (best: 5fead434-72e3-448b-bb21-0c3854e100da)
2025-08-08 19:14:36,567 - openevolve.database - INFO - Saved database with 25 programs to openevolve_output/level1_75_conv_transposed_2D_asymmetric_input_asymmetric_kernel_strided__grouped____padded____dilated__/checkpoints/checkpoint_24
2025-08-08 19:14:36,582 - openevolve.controller - INFO - Saved best program at checkpoint 24 with metrics: compiled=1.0000, correctness=1.0000, stage=success, passed=0.0000, score=20.0000, speed_up=0.0000, runtime_ms=877.0000, meta={'hardware': 'NVIDIA L20Y', 'device': 'cuda:4', 'correctness_trials': '(5 / 5)', 'reference_timing_ms': 0.057, 'speed_up': 0.0, 'custom_timing': 877.0}
2025-08-08 19:14:36,583 - openevolve.controller - INFO - Saved checkpoint at iteration 24 to openevolve_output/level1_75_conv_transposed_2D_asymmetric_input_asymmetric_kernel_strided__grouped____padded____dilated__/checkpoints/checkpoint_24
2025-08-08 19:16:06,544 - openevolve.RemoteSpeedupEvaluator - INFO - [level1_75_conv_transposed_2D_asymmetric_input_asymmetric_kernel_strided__grouped____padded____dilated__] triton key words check pass
2025-08-08 19:16:06,546 - openevolve.RemoteSpeedupEvaluator - INFO - [level1_75_conv_transposed_2D_asymmetric_input_asymmetric_kernel_strided__grouped____padded____dilated__] verify_plus payload: reference_code(2134 chars) + custom_code(6719 chars)
2025-08-08 19:16:09,326 - openevolve.RemoteSpeedupEvaluator - INFO - [level1_75_conv_transposed_2D_asymmetric_input_asymmetric_kernel_strided__grouped____padded____dilated__] verify_plus request success
2025-08-08 19:16:09,327 - openevolve.RemoteSpeedupEvaluator - INFO - [level1_75_conv_transposed_2D_asymmetric_input_asymmetric_kernel_strided__grouped____padded____dilated__] verify_plus response: {"id":"level1_75_conv_transposed_2D_asymmetric_input_asymmetric_kernel_strided__grouped____padded____dilated__","result":{"compiled":true,"correctness":false,"metadata":{"hardware":"NVIDIA L20Y","device":"cuda:3","runtime_error":"Traceback (most recent call last):\n  File \"/cpfs01/shared/llm_kernel/hujiakai/KernelLLM/validation_api_server/helpers/evaluations.py\", line 720, in run_and_check_correctness\n    output_new = model_new(*inputs)\n  File \"/home/lijiaxing/.conda/envs/api/lib/python3.10/site-packages/torch/nn/modules/module.py\", line 1773, in _wrapped_call_impl\n    return self._call_impl(*args, **kwargs)\n  File \"/home/lijiaxing/.conda/envs/api/lib/python3.10/site-packages/torch/nn/modules/module.py\", line 1784, in _call_impl\n    return forward_call(*args, **kwargs)\n  File \
2025-08-08 19:16:09,327 - openevolve.RemoteSpeedupEvaluator - INFO - [level1_75_conv_transposed_2D_asymmetric_input_asymmetric_kernel_strided__grouped____padded____dilated__] âœ˜ wrong_answer
2025-08-08 19:16:09,327 - openevolve.evaluator - INFO - Evaluated program d9f61faa-7a54-4965-8230-955a33969566 in 2.78s: compiled=1.0000, correctness=0.0000, score=10.0000, stage=wrong_answer, verify_payload={'id': 'level1_75_conv_transposed_2D_asymmetric_input_asymmetric_kernel_strided__grouped____padded____dilated__', 'result': {'compiled': True, 'correctness': False, 'metadata': {'hardware': 'NVIDIA L20Y', 'device': 'cuda:3', 'runtime_error': 'Traceback (most recent call last):\n  File "/cpfs01/shared/llm_kernel/hujiakai/KernelLLM/validation_api_server/helpers/evaluations.py", line 720, in run_and_check_correctness\n    output_new = model_new(*inputs)\n  File "/home/lijiaxing/.conda/envs/api/lib/python3.10/site-packages/torch/nn/modules/module.py", line 1773, in _wrapped_call_impl\n    return self._call_impl(*args, **kwargs)\n  File "/home/lijiaxing/.conda/envs/api/lib/python3.10/site-packages/torch/nn/modules/module.py", line 1784, in _call_impl\n    return forward_call(*args, **kwargs)\n  File "/tmp/tmpemfthtb3.py", line 139, in forward\n    conv_transpose2d_kernel[grid](\n  File "/home/lijiaxing/.conda/envs/api/lib/python3.10/site-packages/triton/runtime/jit.py", line 390, in <lambda>\n    return lambda *args, **kwargs: self.run(grid=grid, warmup=False, *args, **kwargs)\n  File "/home/lijiaxing/.conda/envs/api/lib/python3.10/site-packages/triton/runtime/autotuner.py", line 239, in run\n    benchmark()\n  File "/home/lijiaxing/.conda/envs/api/lib/python3.10/site-packages/triton/runtime/autotuner.py", line 228, in benchmark\n    timings = {config: self._bench(*args, config=config, **kwargs) for config in pruned_configs}\n  File "/home/lijiaxing/.conda/envs/api/lib/python3.10/site-packages/triton/runtime/autotuner.py", line 228, in <dictcomp>\n    timings = {config: self._bench(*args, config=config, **kwargs) for config in pruned_configs}\n  File "/home/lijiaxing/.conda/envs/api/lib/python3.10/site-packages/triton/runtime/autotuner.py", line 135, in _bench\n    raise ValueError(f"Conflicting meta-parameters: {\', \'.join(conflicts)}."\nValueError: Conflicting meta-parameters: BLOCK_C. Make sure that you don\'t re-define auto-tuned symbols.\n', 'runtime_error_name': 'builtins.ValueError', 'reference_timing_ms': 0.057, 'speed_up': -1.0, 'custom_timing': -1.0}, 'runtime': -1.0, 'runtime_stats': {}}}
2025-08-08 19:16:09,331 - openevolve.database - INFO - New MAP-Elites cell occupied: {'score': 9, 'complexity': 1}
2025-08-08 19:16:09,331 - openevolve.database - INFO - Population size (26) exceeds limit (25), removing 1 programs
2025-08-08 19:16:09,332 - openevolve.database - INFO - Population size after cleanup: 25
2025-08-08 19:16:09,332 - openevolve.llm.ensemble - INFO - Sampled model: deepseek
2025-08-08 19:16:09,345 - openevolve.threaded_parallel - INFO - Iteration 25: Program d9f61faa-7a54-4965-8230-955a33969566 (parent: 1ff2b9c7-bb49-4391-8d4c-20bd37069a85) completed in 917.08s
2025-08-08 19:16:09,345 - openevolve.threaded_parallel - INFO - Metrics: compiled=1.0000, correctness=0.0000, score=10.0000, stage=wrong_answer, verify_payload={'id': 'level1_75_conv_transposed_2D_asymmetric_input_asymmetric_kernel_strided__grouped____padded____dilated__', 'result': {'compiled': True, 'correctness': False, 'metadata': {'hardware': 'NVIDIA L20Y', 'device': 'cuda:3', 'runtime_error': 'Traceback (most recent call last):\n  File "/cpfs01/shared/llm_kernel/hujiakai/KernelLLM/validation_api_server/helpers/evaluations.py", line 720, in run_and_check_correctness\n    output_new = model_new(*inputs)\n  File "/home/lijiaxing/.conda/envs/api/lib/python3.10/site-packages/torch/nn/modules/module.py", line 1773, in _wrapped_call_impl\n    return self._call_impl(*args, **kwargs)\n  File "/home/lijiaxing/.conda/envs/api/lib/python3.10/site-packages/torch/nn/modules/module.py", line 1784, in _call_impl\n    return forward_call(*args, **kwargs)\n  File "/tmp/tmpemfthtb3.py", line 139, in forward\n    conv_transpose2d_kernel[grid](\n  File "/home/lijiaxing/.conda/envs/api/lib/python3.10/site-packages/triton/runtime/jit.py", line 390, in <lambda>\n    return lambda *args, **kwargs: self.run(grid=grid, warmup=False, *args, **kwargs)\n  File "/home/lijiaxing/.conda/envs/api/lib/python3.10/site-packages/triton/runtime/autotuner.py", line 239, in run\n    benchmark()\n  File "/home/lijiaxing/.conda/envs/api/lib/python3.10/site-packages/triton/runtime/autotuner.py", line 228, in benchmark\n    timings = {config: self._bench(*args, config=config, **kwargs) for config in pruned_configs}\n  File "/home/lijiaxing/.conda/envs/api/lib/python3.10/site-packages/triton/runtime/autotuner.py", line 228, in <dictcomp>\n    timings = {config: self._bench(*args, config=config, **kwargs) for config in pruned_configs}\n  File "/home/lijiaxing/.conda/envs/api/lib/python3.10/site-packages/triton/runtime/autotuner.py", line 135, in _bench\n    raise ValueError(f"Conflicting meta-parameters: {\', \'.join(conflicts)}."\nValueError: Conflicting meta-parameters: BLOCK_C. Make sure that you don\'t re-define auto-tuned symbols.\n', 'runtime_error_name': 'builtins.ValueError', 'reference_timing_ms': 0.057, 'speed_up': -1.0, 'custom_timing': -1.0}, 'runtime': -1.0, 'runtime_stats': {}}}
