2025-08-08 18:11:36,609 - openevolve.controller - INFO - Logging to openevolve_output/level1_72_conv_transposed_3D_asymmetric_input_asymmetric_kernel___strided_padded_grouped_/logs/openevolve_20250808_181136.log
2025-08-08 18:11:36,609 - openevolve.controller - INFO - Set random seed to 42 for reproducibility
2025-08-08 18:11:36,650 - openevolve.llm.ensemble - INFO - Initialized LLM ensemble with models: deepseek (weight: 0.80), deepseek (weight: 0.20)
2025-08-08 18:11:36,689 - openevolve.llm.ensemble - INFO - Initialized LLM ensemble with models: deepseek (weight: 0.80), deepseek (weight: 0.20)
2025-08-08 18:11:36,689 - openevolve.prompt.sampler - INFO - Set custom templates: system=evaluator_system_message, user=None
2025-08-08 18:11:36,689 - openevolve.database - INFO - Initialized program database with 0 programs
2025-08-08 18:11:36,711 - openevolve.evaluator - INFO - Successfully loaded evaluation function from openevolve_output/level1_72_conv_transposed_3D_asymmetric_input_asymmetric_kernel___strided_padded_grouped_/evaluation.py
2025-08-08 18:11:36,712 - openevolve.evaluator - INFO - Initialized evaluator with openevolve_output/level1_72_conv_transposed_3D_asymmetric_input_asymmetric_kernel___strided_padded_grouped_/evaluation.py
2025-08-08 18:11:36,712 - openevolve.controller - INFO - Initialized OpenEvolve with /tmp/cc7ae2fee754047b85d16b2120dd24c6.py
2025-08-08 18:11:36,712 - openevolve.controller - INFO - Adding initial program to database
2025-08-08 18:11:36,712 - openevolve.RemoteSpeedupEvaluator - INFO - [level1_72_conv_transposed_3D_asymmetric_input_asymmetric_kernel___strided_padded_grouped_] verify_plus payload: reference_code(2380 chars) + custom_code(2504 chars)
2025-08-08 18:11:42,640 - openevolve.RemoteSpeedupEvaluator - INFO - [level1_72_conv_transposed_3D_asymmetric_input_asymmetric_kernel___strided_padded_grouped_] verify_plus request success
2025-08-08 18:11:42,641 - openevolve.RemoteSpeedupEvaluator - INFO - [level1_72_conv_transposed_3D_asymmetric_input_asymmetric_kernel___strided_padded_grouped_] verify_plus response: {"id":"level1_72_conv_transposed_3D_asymmetric_input_asymmetric_kernel___strided_padded_grouped_","result":{"compiled":true,"correctness":true,"metadata":{"hardware":"NVIDIA L20Y","device":"cuda:1","correctness_trials":"(5 / 5)","reference_timing_ms":0.0744,"speed_up":0.003,"custom_timing":25.5},"runtime":25.5,"runtime_stats":{"mean":25.5,"std":0.0123,"min":25.4,"max":25.5,"num_trials":100,"hardware":"NVIDIA L20Y","device":"cuda:1"}}}
2025-08-08 18:11:42,641 - openevolve.evaluator - INFO - Evaluated program b9bade7c-05b7-4682-a0af-dd3a6c5e533b in 5.93s: compiled=1.0000, correctness=1.0000, stage=reference code, passed=0.0000, score=0.0000, speed_up=1.0000, runtime_ms=25.5000, meta={'hardware': 'NVIDIA L20Y', 'device': 'cuda:1', 'correctness_trials': '(5 / 5)', 'reference_timing_ms': 0.0744, 'speed_up': 0.003, 'custom_timing': 25.5}
2025-08-08 18:11:42,641 - openevolve.database - INFO - New MAP-Elites cell occupied: {'score': 0, 'complexity': 2}
2025-08-08 18:11:42,657 - openevolve.threaded_parallel - INFO - Initializing threaded evaluation pool with 3 workers
2025-08-08 18:11:42,658 - openevolve.threaded_parallel - INFO - Started thread pool with 3 threads
2025-08-08 18:11:42,658 - openevolve.threaded_parallel - INFO - Started improved parallel controller
2025-08-08 18:11:42,658 - openevolve.controller - INFO - Using island-based evolution with 3 islands
2025-08-08 18:11:42,658 - openevolve.database - INFO - Island Status:
2025-08-08 18:11:42,658 - openevolve.database - INFO -  * Island 0: 1 programs, best=0.0000, avg=0.0000, diversity=0.00, gen=0 (best: b9bade7c-05b7-4682-a0af-dd3a6c5e533b)
2025-08-08 18:11:42,658 - openevolve.database - INFO -    Island 1: 0 programs, best=0.0000, avg=0.0000, diversity=0.00, gen=0
2025-08-08 18:11:42,658 - openevolve.database - INFO -    Island 2: 0 programs, best=0.0000, avg=0.0000, diversity=0.00, gen=0
2025-08-08 18:11:42,658 - openevolve.threaded_parallel - INFO - Starting improved parallel evolution from iteration 0 for 30 iterations (total: 30)
2025-08-08 18:11:42,856 - openevolve.llm.ensemble - INFO - Initialized LLM ensemble with models: deepseek (weight: 0.80), deepseek (weight: 0.20)
2025-08-08 18:11:42,878 - openevolve.llm.ensemble - INFO - Initialized LLM ensemble with models: deepseek (weight: 0.80), deepseek (weight: 0.20)
2025-08-08 18:11:42,879 - openevolve.llm.ensemble - INFO - Initialized LLM ensemble with models: deepseek (weight: 0.80), deepseek (weight: 0.20)
2025-08-08 18:11:43,058 - openevolve.llm.ensemble - INFO - Initialized LLM ensemble with models: deepseek (weight: 0.80), deepseek (weight: 0.20)
2025-08-08 18:11:43,058 - openevolve.prompt.sampler - INFO - Set custom templates: system=evaluator_system_message, user=None
2025-08-08 18:11:43,060 - openevolve.evaluator - INFO - Successfully loaded evaluation function from openevolve_output/level1_72_conv_transposed_3D_asymmetric_input_asymmetric_kernel___strided_padded_grouped_/evaluation.py
2025-08-08 18:11:43,060 - openevolve.evaluator - INFO - Initialized evaluator with openevolve_output/level1_72_conv_transposed_3D_asymmetric_input_asymmetric_kernel___strided_padded_grouped_/evaluation.py
2025-08-08 18:11:43,062 - openevolve.llm.ensemble - INFO - Sampled model: deepseek
2025-08-08 18:11:43,079 - openevolve.llm.ensemble - INFO - Initialized LLM ensemble with models: deepseek (weight: 0.80), deepseek (weight: 0.20)
2025-08-08 18:11:43,079 - openevolve.prompt.sampler - INFO - Set custom templates: system=evaluator_system_message, user=None
2025-08-08 18:11:43,080 - openevolve.llm.ensemble - INFO - Initialized LLM ensemble with models: deepseek (weight: 0.80), deepseek (weight: 0.20)
2025-08-08 18:11:43,080 - openevolve.prompt.sampler - INFO - Set custom templates: system=evaluator_system_message, user=None
2025-08-08 18:11:43,081 - openevolve.evaluator - INFO - Successfully loaded evaluation function from openevolve_output/level1_72_conv_transposed_3D_asymmetric_input_asymmetric_kernel___strided_padded_grouped_/evaluation.py
2025-08-08 18:11:43,082 - openevolve.evaluator - INFO - Initialized evaluator with openevolve_output/level1_72_conv_transposed_3D_asymmetric_input_asymmetric_kernel___strided_padded_grouped_/evaluation.py
2025-08-08 18:11:43,082 - openevolve.evaluator - INFO - Successfully loaded evaluation function from openevolve_output/level1_72_conv_transposed_3D_asymmetric_input_asymmetric_kernel___strided_padded_grouped_/evaluation.py
2025-08-08 18:11:43,082 - openevolve.evaluator - INFO - Initialized evaluator with openevolve_output/level1_72_conv_transposed_3D_asymmetric_input_asymmetric_kernel___strided_padded_grouped_/evaluation.py
2025-08-08 18:11:43,084 - openevolve.llm.ensemble - INFO - Sampled model: deepseek
2025-08-08 18:11:43,085 - openevolve.llm.ensemble - INFO - Sampled model: deepseek
2025-08-08 18:30:38,434 - openevolve.RemoteSpeedupEvaluator - INFO - [level1_72_conv_transposed_3D_asymmetric_input_asymmetric_kernel___strided_padded_grouped_] triton key words check pass
2025-08-08 18:30:38,436 - openevolve.RemoteSpeedupEvaluator - INFO - [level1_72_conv_transposed_3D_asymmetric_input_asymmetric_kernel___strided_padded_grouped_] verify_plus payload: reference_code(2380 chars) + custom_code(6813 chars)
2025-08-08 18:30:40,971 - openevolve.RemoteSpeedupEvaluator - INFO - [level1_72_conv_transposed_3D_asymmetric_input_asymmetric_kernel___strided_padded_grouped_] verify_plus request success
2025-08-08 18:30:40,971 - openevolve.RemoteSpeedupEvaluator - INFO - [level1_72_conv_transposed_3D_asymmetric_input_asymmetric_kernel___strided_padded_grouped_] verify_plus response: {"id":"level1_72_conv_transposed_3D_asymmetric_input_asymmetric_kernel___strided_padded_grouped_","result":{"compiled":false,"correctness":false,"metadata":{"hardware":"NVIDIA L20Y","device":"cuda:5","compilation_error_name":"builtins.SyntaxError","compilation_error":"duplicate argument 'stride_d' in function definition (tmp8v22iatk.py, line 19)","reference_timing_ms":0.0744,"speed_up":-1.0,"custom_timing":-1.0},"runtime":-1.0,"runtime_stats":{}}}
2025-08-08 18:30:40,971 - openevolve.RemoteSpeedupEvaluator - INFO - [level1_72_conv_transposed_3D_asymmetric_input_asymmetric_kernel___strided_padded_grouped_] âœ˜ compile_error
2025-08-08 18:30:40,972 - openevolve.RemoteSpeedupEvaluator - INFO - [level1_72_conv_transposed_3D_asymmetric_input_asymmetric_kernel___strided_padded_grouped__10e8f3] execute payload: {id:level1_72_conv_transposed_3D_asymmetric_input_asymmetric_kernel___strided_padded_grouped__10e8f3, device_type:NV_LY_20}
2025-08-08 18:30:43,016 - openevolve.RemoteSpeedupEvaluator - INFO - [level1_72_conv_transposed_3D_asymmetric_input_asymmetric_kernel___strided_padded_grouped__10e8f3] execute request success
2025-08-08 18:30:43,016 - openevolve.RemoteSpeedupEvaluator - INFO - [level1_72_conv_transposed_3D_asymmetric_input_asymmetric_kernel___strided_padded_grouped__10e8f3] execute response: {"id":"level1_72_conv_transposed_3D_asymmetric_input_asymmetric_kernel___strided_padded_grouped__10e8f3","exit_code":"1","content":"[Child] ç»‘å®š GPU 7, torch sees 1 device(s)\n\n[Exception]\nTraceback (most recent call last):\n  File \"/cpfs01/shared/llm_kernel/hujiakai/KernelLLM/validation_api_server/code_executor.py\", line 71, in _exec_worker\n    exec(textwrap.dedent(code_src), mod.__dict__)\n  File \"<string>\", line 19\nSyntaxError: duplicate argument 'stride_d' in function definition\n"}
2025-08-08 18:30:43,017 - openevolve.evaluator - INFO - Evaluated program 2caa48e5-4217-4a3b-a1b2-639e983b9db2 in 4.58s: compiled=0.0000, correctness=0.0000, score=1.0000, stage=compile_error, compile_log=, exec_log=[Child] ç»‘å®š GPU 7, torch sees 1 device(s)

[Exception]
Traceback (most recent call last):
  File "/cpfs01/shared/llm_kernel/hujiakai/KernelLLM/validation_api_server/code_executor.py", line 71, in _exec_worker
    exec(textwrap.dedent(code_src), mod.__dict__)
  File "<string>", line 19
SyntaxError: duplicate argument 'stride_d' in function definition
, exit_code=1
2025-08-08 18:30:43,020 - openevolve.llm.ensemble - INFO - Sampled model: deepseek
2025-08-08 18:30:43,023 - openevolve.database - INFO - New MAP-Elites cell occupied: {'score': 9, 'complexity': 9}
2025-08-08 18:30:43,023 - openevolve.database - INFO - New best program 2caa48e5-4217-4a3b-a1b2-639e983b9db2 replaces b9bade7c-05b7-4682-a0af-dd3a6c5e533b
2025-08-08 18:30:43,036 - openevolve.threaded_parallel - INFO - Iteration 0: Program 2caa48e5-4217-4a3b-a1b2-639e983b9db2 (parent: b9bade7c-05b7-4682-a0af-dd3a6c5e533b) completed in 1139.93s
2025-08-08 18:30:43,036 - openevolve.threaded_parallel - INFO - Metrics: compiled=0.0000, correctness=0.0000, score=1.0000, stage=compile_error, compile_log=, exec_log=[Child] ç»‘å®š GPU 7, torch sees 1 device(s)

[Exception]
Traceback (most recent call last):
  File "/cpfs01/shared/llm_kernel/hujiakai/KernelLLM/validation_api_server/code_executor.py", line 71, in _exec_worker
    exec(textwrap.dedent(code_src), mod.__dict__)
  File "<string>", line 19
SyntaxError: duplicate argument 'stride_d' in function definition
, exit_code=1
2025-08-08 18:30:43,036 - openevolve.threaded_parallel - INFO - ðŸŒŸ New best solution found at iteration 0: 2caa48e5-4217-4a3b-a1b2-639e983b9db2
2025-08-08 18:30:43,036 - openevolve.threaded_parallel - INFO - Checkpoint interval reached at iteration 0
2025-08-08 18:30:43,036 - openevolve.database - INFO - Island Status:
2025-08-08 18:30:43,036 - openevolve.database - INFO -  * Island 0: 2 programs, best=1.0000, avg=0.5000, diversity=1918.20, gen=1 (best: 2caa48e5-4217-4a3b-a1b2-639e983b9db2)
2025-08-08 18:30:43,036 - openevolve.database - INFO -    Island 1: 0 programs, best=0.0000, avg=0.0000, diversity=0.00, gen=0
2025-08-08 18:30:43,037 - openevolve.database - INFO -    Island 2: 0 programs, best=0.0000, avg=0.0000, diversity=0.00, gen=0
2025-08-08 18:30:43,066 - openevolve.database - INFO - Saved database with 2 programs to openevolve_output/level1_72_conv_transposed_3D_asymmetric_input_asymmetric_kernel___strided_padded_grouped_/checkpoints/checkpoint_0
2025-08-08 18:30:43,081 - openevolve.controller - INFO - Saved best program at checkpoint 0 with metrics: compiled=0.0000, correctness=0.0000, score=1.0000, stage=compile_error, compile_log=, exec_log=[Child] ç»‘å®š GPU 7, torch sees 1 device(s)

[Exception]
Traceback (most recent call last):
  File "/cpfs01/shared/llm_kernel/hujiakai/KernelLLM/validation_api_server/code_executor.py", line 71, in _exec_worker
    exec(textwrap.dedent(code_src), mod.__dict__)
  File "<string>", line 19
SyntaxError: duplicate argument 'stride_d' in function definition
, exit_code=1
2025-08-08 18:30:43,081 - openevolve.controller - INFO - Saved checkpoint at iteration 0 to openevolve_output/level1_72_conv_transposed_3D_asymmetric_input_asymmetric_kernel___strided_padded_grouped_/checkpoints/checkpoint_0
2025-08-08 18:32:01,220 - openevolve.RemoteSpeedupEvaluator - INFO - [level1_72_conv_transposed_3D_asymmetric_input_asymmetric_kernel___strided_padded_grouped_] triton key words check pass
2025-08-08 18:32:01,222 - openevolve.RemoteSpeedupEvaluator - INFO - [level1_72_conv_transposed_3D_asymmetric_input_asymmetric_kernel___strided_padded_grouped_] verify_plus payload: reference_code(2380 chars) + custom_code(6153 chars)
2025-08-08 18:32:04,846 - openevolve.RemoteSpeedupEvaluator - INFO - [level1_72_conv_transposed_3D_asymmetric_input_asymmetric_kernel___strided_padded_grouped_] verify_plus request success
2025-08-08 18:32:04,846 - openevolve.RemoteSpeedupEvaluator - INFO - [level1_72_conv_transposed_3D_asymmetric_input_asymmetric_kernel___strided_padded_grouped_] verify_plus response: {"id":"level1_72_conv_transposed_3D_asymmetric_input_asymmetric_kernel___strided_padded_grouped_","result":{"compiled":true,"correctness":false,"metadata":{"hardware":"NVIDIA L20Y","device":"cuda:5","runtime_error":"Traceback (most recent call last):\n  File \"/cpfs01/shared/llm_kernel/hujiakai/KernelLLM/validation_api_server/helpers/evaluations.py\", line 720, in run_and_check_correctness\n    output_new = model_new(*inputs)\n  File \"/home/lijiaxing/.conda/envs/api/lib/python3.10/site-packages/torch/nn/modules/module.py\", line 1773, in _wrapped_call_impl\n    return self._call_impl(*args, **kwargs)\n  File \"/home/lijiaxing/.conda/envs/api/lib/python3.10/site-packages/torch/nn/modules/module.py\", line 1784, in _call_impl\n    return forward_call(*args, **kwargs)\n  File \"/tmp/tmpwnw5z
2025-08-08 18:32:04,846 - openevolve.RemoteSpeedupEvaluator - INFO - [level1_72_conv_transposed_3D_asymmetric_input_asymmetric_kernel___strided_padded_grouped_] âœ˜ wrong_answer
2025-08-08 18:32:04,846 - openevolve.evaluator - INFO - Evaluated program 336b0d38-e309-4e20-aa93-e11f7a4f6a93 in 3.63s: compiled=1.0000, correctness=0.0000, score=10.0000, stage=wrong_answer, verify_payload={'id': 'level1_72_conv_transposed_3D_asymmetric_input_asymmetric_kernel___strided_padded_grouped_', 'result': {'compiled': True, 'correctness': False, 'metadata': {'hardware': 'NVIDIA L20Y', 'device': 'cuda:5', 'runtime_error': 'Traceback (most recent call last):\n  File "/cpfs01/shared/llm_kernel/hujiakai/KernelLLM/validation_api_server/helpers/evaluations.py", line 720, in run_and_check_correctness\n    output_new = model_new(*inputs)\n  File "/home/lijiaxing/.conda/envs/api/lib/python3.10/site-packages/torch/nn/modules/module.py", line 1773, in _wrapped_call_impl\n    return self._call_impl(*args, **kwargs)\n  File "/home/lijiaxing/.conda/envs/api/lib/python3.10/site-packages/torch/nn/modules/module.py", line 1784, in _call_impl\n    return forward_call(*args, **kwargs)\n  File "/tmp/tmpwnw5zlo2.py", line 51, in forward\n    _conv_transpose3d_kernel[grid](\n  File "/home/lijiaxing/.conda/envs/api/lib/python3.10/site-packages/triton/runtime/jit.py", line 390, in <lambda>\n    return lambda *args, **kwargs: self.run(grid=grid, warmup=False, *args, **kwargs)\n  File "/home/lijiaxing/.conda/envs/api/lib/python3.10/site-packages/triton/runtime/jit.py", line 594, in run\n    kernel = self.compile(src, target=target, options=options.__dict__)\n  File "/home/lijiaxing/.conda/envs/api/lib/python3.10/site-packages/triton/compiler/compiler.py", line 339, in compile\n    module = src.make_ir(options, codegen_fns, module_map, context)\n  File "/home/lijiaxing/.conda/envs/api/lib/python3.10/site-packages/triton/compiler/compiler.py", line 83, in make_ir\n    return ast_to_ttir(self.fn, self, context=context, options=options, codegen_fns=codegen_fns,\ntriton.compiler.errors.CompilationError: at 48:77:\n            for kw in range(0, kernel_w):\n                # Compute input coordinates\n                d_in = (d + padding_d - kd) / stride_d\n                h_in = (h + padding_h - kh) / stride_h\n                w_in = (w + padding_w - kw) / stride_w\n\n                # Check integer coordinates and boundaries\n                d_in_int = tl.floor(d_in)\n                h_in_int = tl.floor(h_in)\n                w_in_int = tl.floor(w_in)\n\n                valid_d = (d_in_int == d_in) & (d_in_int >= 0) & (d_in_int < x_ptr.shape[2])\n                                                                             ^\nIndexError(\'list index out of range\')\n\n\nThe above exception was the direct cause of the following exception:\n\nTraceback (most recent call last):\n  File "/home/lijiaxing/.conda/envs/api/lib/python3.10/site-packages/triton/language/core.py", line 1289, in __getitem__\n    return self.values[idx]\nIndexError: list index out of range\n', 'runtime_error_name': 'triton.compiler.errors.CompilationError', 'reference_timing_ms': 0.0744, 'speed_up': -1.0, 'custom_timing': -1.0}, 'runtime': -1.0, 'runtime_stats': {}}}
2025-08-08 18:32:04,848 - openevolve.database - INFO - New MAP-Elites cell occupied: {'score': 9, 'complexity': 8}
2025-08-08 18:32:04,848 - openevolve.database - INFO - New best program 336b0d38-e309-4e20-aa93-e11f7a4f6a93 replaces 2caa48e5-4217-4a3b-a1b2-639e983b9db2
2025-08-08 18:32:04,849 - openevolve.llm.ensemble - INFO - Sampled model: deepseek
2025-08-08 18:32:04,880 - openevolve.threaded_parallel - INFO - Iteration 2: Program 336b0d38-e309-4e20-aa93-e11f7a4f6a93 (parent: b9bade7c-05b7-4682-a0af-dd3a6c5e533b) completed in 1221.76s
2025-08-08 18:32:04,881 - openevolve.threaded_parallel - INFO - Metrics: compiled=1.0000, correctness=0.0000, score=10.0000, stage=wrong_answer, verify_payload={'id': 'level1_72_conv_transposed_3D_asymmetric_input_asymmetric_kernel___strided_padded_grouped_', 'result': {'compiled': True, 'correctness': False, 'metadata': {'hardware': 'NVIDIA L20Y', 'device': 'cuda:5', 'runtime_error': 'Traceback (most recent call last):\n  File "/cpfs01/shared/llm_kernel/hujiakai/KernelLLM/validation_api_server/helpers/evaluations.py", line 720, in run_and_check_correctness\n    output_new = model_new(*inputs)\n  File "/home/lijiaxing/.conda/envs/api/lib/python3.10/site-packages/torch/nn/modules/module.py", line 1773, in _wrapped_call_impl\n    return self._call_impl(*args, **kwargs)\n  File "/home/lijiaxing/.conda/envs/api/lib/python3.10/site-packages/torch/nn/modules/module.py", line 1784, in _call_impl\n    return forward_call(*args, **kwargs)\n  File "/tmp/tmpwnw5zlo2.py", line 51, in forward\n    _conv_transpose3d_kernel[grid](\n  File "/home/lijiaxing/.conda/envs/api/lib/python3.10/site-packages/triton/runtime/jit.py", line 390, in <lambda>\n    return lambda *args, **kwargs: self.run(grid=grid, warmup=False, *args, **kwargs)\n  File "/home/lijiaxing/.conda/envs/api/lib/python3.10/site-packages/triton/runtime/jit.py", line 594, in run\n    kernel = self.compile(src, target=target, options=options.__dict__)\n  File "/home/lijiaxing/.conda/envs/api/lib/python3.10/site-packages/triton/compiler/compiler.py", line 339, in compile\n    module = src.make_ir(options, codegen_fns, module_map, context)\n  File "/home/lijiaxing/.conda/envs/api/lib/python3.10/site-packages/triton/compiler/compiler.py", line 83, in make_ir\n    return ast_to_ttir(self.fn, self, context=context, options=options, codegen_fns=codegen_fns,\ntriton.compiler.errors.CompilationError: at 48:77:\n            for kw in range(0, kernel_w):\n                # Compute input coordinates\n                d_in = (d + padding_d - kd) / stride_d\n                h_in = (h + padding_h - kh) / stride_h\n                w_in = (w + padding_w - kw) / stride_w\n\n                # Check integer coordinates and boundaries\n                d_in_int = tl.floor(d_in)\n                h_in_int = tl.floor(h_in)\n                w_in_int = tl.floor(w_in)\n\n                valid_d = (d_in_int == d_in) & (d_in_int >= 0) & (d_in_int < x_ptr.shape[2])\n                                                                             ^\nIndexError(\'list index out of range\')\n\n\nThe above exception was the direct cause of the following exception:\n\nTraceback (most recent call last):\n  File "/home/lijiaxing/.conda/envs/api/lib/python3.10/site-packages/triton/language/core.py", line 1289, in __getitem__\n    return self.values[idx]\nIndexError: list index out of range\n', 'runtime_error_name': 'triton.compiler.errors.CompilationError', 'reference_timing_ms': 0.0744, 'speed_up': -1.0, 'custom_timing': -1.0}, 'runtime': -1.0, 'runtime_stats': {}}}
2025-08-08 18:32:04,881 - openevolve.threaded_parallel - INFO - ðŸŒŸ New best solution found at iteration 2: 336b0d38-e309-4e20-aa93-e11f7a4f6a93
2025-08-08 18:34:04,029 - openevolve.RemoteSpeedupEvaluator - INFO - [level1_72_conv_transposed_3D_asymmetric_input_asymmetric_kernel___strided_padded_grouped_] triton key words check pass
2025-08-08 18:34:04,031 - openevolve.RemoteSpeedupEvaluator - INFO - [level1_72_conv_transposed_3D_asymmetric_input_asymmetric_kernel___strided_padded_grouped_] verify_plus payload: reference_code(2380 chars) + custom_code(7537 chars)
2025-08-08 18:34:06,976 - openevolve.RemoteSpeedupEvaluator - INFO - [level1_72_conv_transposed_3D_asymmetric_input_asymmetric_kernel___strided_padded_grouped_] verify_plus request success
2025-08-08 18:34:06,976 - openevolve.RemoteSpeedupEvaluator - INFO - [level1_72_conv_transposed_3D_asymmetric_input_asymmetric_kernel___strided_padded_grouped_] verify_plus response: {"id":"level1_72_conv_transposed_3D_asymmetric_input_asymmetric_kernel___strided_padded_grouped_","result":{"compiled":true,"correctness":false,"metadata":{"hardware":"NVIDIA L20Y","device":"cuda:3","runtime_error":"Traceback (most recent call last):\n  File \"/home/lijiaxing/.conda/envs/api/lib/python3.10/site-packages/triton/language/core.py\", line 42, in wrapper\n    return fn(*args, **kwargs)\n  File \"/home/lijiaxing/.conda/envs/api/lib/python3.10/site-packages/triton/language/core.py\", line 1630, in program_id\n    return _semantic.program_id(axis)\n  File \"/home/lijiaxing/.conda/envs/api/lib/python3.10/site-packages/triton/language/semantic.py\", line 40, in program_id\n    raise ValueError(f\"program_id axis must be 0, 1, or 2 but got {axis}\")\nValueError: program_id axis must 
2025-08-08 18:34:06,977 - openevolve.RemoteSpeedupEvaluator - INFO - [level1_72_conv_transposed_3D_asymmetric_input_asymmetric_kernel___strided_padded_grouped_] âœ˜ wrong_answer
2025-08-08 18:34:06,977 - openevolve.evaluator - INFO - Evaluated program 0c38815b-fa1a-435b-9c51-10a37c894cdd in 2.95s: compiled=1.0000, correctness=0.0000, score=10.0000, stage=wrong_answer, verify_payload={'id': 'level1_72_conv_transposed_3D_asymmetric_input_asymmetric_kernel___strided_padded_grouped_', 'result': {'compiled': True, 'correctness': False, 'metadata': {'hardware': 'NVIDIA L20Y', 'device': 'cuda:3', 'runtime_error': 'Traceback (most recent call last):\n  File "/home/lijiaxing/.conda/envs/api/lib/python3.10/site-packages/triton/language/core.py", line 42, in wrapper\n    return fn(*args, **kwargs)\n  File "/home/lijiaxing/.conda/envs/api/lib/python3.10/site-packages/triton/language/core.py", line 1630, in program_id\n    return _semantic.program_id(axis)\n  File "/home/lijiaxing/.conda/envs/api/lib/python3.10/site-packages/triton/language/semantic.py", line 40, in program_id\n    raise ValueError(f"program_id axis must be 0, 1, or 2 but got {axis}")\nValueError: program_id axis must be 0, 1, or 2 but got 3\n\nThe above exception was the direct cause of the following exception:\n\nTraceback (most recent call last):\n  File "/cpfs01/shared/llm_kernel/hujiakai/KernelLLM/validation_api_server/helpers/evaluations.py", line 720, in run_and_check_correctness\n    output_new = model_new(*inputs)\n  File "/home/lijiaxing/.conda/envs/api/lib/python3.10/site-packages/torch/nn/modules/module.py", line 1773, in _wrapped_call_impl\n    return self._call_impl(*args, **kwargs)\n  File "/home/lijiaxing/.conda/envs/api/lib/python3.10/site-packages/torch/nn/modules/module.py", line 1784, in _call_impl\n    return forward_call(*args, **kwargs)\n  File "/tmp/tmp4jtbhezc.py", line 161, in forward\n    conv_transpose3d_kernel[(grid_b, grid_c, grid_d, grid_hw)](\n  File "/home/lijiaxing/.conda/envs/api/lib/python3.10/site-packages/triton/runtime/jit.py", line 390, in <lambda>\n    return lambda *args, **kwargs: self.run(grid=grid, warmup=False, *args, **kwargs)\n  File "/home/lijiaxing/.conda/envs/api/lib/python3.10/site-packages/triton/runtime/jit.py", line 594, in run\n    kernel = self.compile(src, target=target, options=options.__dict__)\n  File "/home/lijiaxing/.conda/envs/api/lib/python3.10/site-packages/triton/compiler/compiler.py", line 339, in compile\n    module = src.make_ir(options, codegen_fns, module_map, context)\n  File "/home/lijiaxing/.conda/envs/api/lib/python3.10/site-packages/triton/compiler/compiler.py", line 83, in make_ir\n    return ast_to_ttir(self.fn, self, context=context, options=options, codegen_fns=codegen_fns,\ntriton.compiler.errors.CompilationError: at 23:13:\n    # Blocking parameters\n    BLOCK_B: tl.constexpr,\n    BLOCK_C: tl.constexpr,\n    BLOCK_D: tl.constexpr,\n    BLOCK_H: tl.constexpr,\n    BLOCK_W: tl.constexpr,\n):\n    # Program ID mapping\n    pid_b = tl.program_id(0)\n    pid_c = tl.program_id(1)\n    pid_d = tl.program_id(2)\n    pid_hw = tl.program_id(3)\n             ^\n\n\nThe above exception was the direct cause of the following exception:\n\nTraceback (most recent call last):\n  File "/home/lijiaxing/.conda/envs/api/lib/python3.10/site-packages/triton/language/core.py", line 42, in wrapper\n    return fn(*args, **kwargs)\n  File "/home/lijiaxing/.conda/envs/api/lib/python3.10/site-packages/triton/language/core.py", line 1630, in program_id\n    return _semantic.program_id(axis)\n  File "/home/lijiaxing/.conda/envs/api/lib/python3.10/site-packages/triton/language/semantic.py", line 40, in program_id\n    raise ValueError(f"program_id axis must be 0, 1, or 2 but got {axis}")\nValueError: program_id axis must be 0, 1, or 2 but got 3\n', 'runtime_error_name': 'triton.compiler.errors.CompilationError', 'reference_timing_ms': 0.0744, 'speed_up': -1.0, 'custom_timing': -1.0}, 'runtime': -1.0, 'runtime_stats': {}}}
2025-08-08 18:34:06,981 - openevolve.llm.ensemble - INFO - Sampled model: deepseek
2025-08-08 18:34:06,982 - openevolve.database - INFO - MAP-Elites cell improved: {'score': 9, 'complexity': 9} (fitness: 1.000 -> 10.000)
2025-08-08 18:34:06,994 - openevolve.threaded_parallel - INFO - Iteration 1: Program 0c38815b-fa1a-435b-9c51-10a37c894cdd (parent: b9bade7c-05b7-4682-a0af-dd3a6c5e533b) completed in 1343.92s
2025-08-08 18:34:06,995 - openevolve.threaded_parallel - INFO - Metrics: compiled=1.0000, correctness=0.0000, score=10.0000, stage=wrong_answer, verify_payload={'id': 'level1_72_conv_transposed_3D_asymmetric_input_asymmetric_kernel___strided_padded_grouped_', 'result': {'compiled': True, 'correctness': False, 'metadata': {'hardware': 'NVIDIA L20Y', 'device': 'cuda:3', 'runtime_error': 'Traceback (most recent call last):\n  File "/home/lijiaxing/.conda/envs/api/lib/python3.10/site-packages/triton/language/core.py", line 42, in wrapper\n    return fn(*args, **kwargs)\n  File "/home/lijiaxing/.conda/envs/api/lib/python3.10/site-packages/triton/language/core.py", line 1630, in program_id\n    return _semantic.program_id(axis)\n  File "/home/lijiaxing/.conda/envs/api/lib/python3.10/site-packages/triton/language/semantic.py", line 40, in program_id\n    raise ValueError(f"program_id axis must be 0, 1, or 2 but got {axis}")\nValueError: program_id axis must be 0, 1, or 2 but got 3\n\nThe above exception was the direct cause of the following exception:\n\nTraceback (most recent call last):\n  File "/cpfs01/shared/llm_kernel/hujiakai/KernelLLM/validation_api_server/helpers/evaluations.py", line 720, in run_and_check_correctness\n    output_new = model_new(*inputs)\n  File "/home/lijiaxing/.conda/envs/api/lib/python3.10/site-packages/torch/nn/modules/module.py", line 1773, in _wrapped_call_impl\n    return self._call_impl(*args, **kwargs)\n  File "/home/lijiaxing/.conda/envs/api/lib/python3.10/site-packages/torch/nn/modules/module.py", line 1784, in _call_impl\n    return forward_call(*args, **kwargs)\n  File "/tmp/tmp4jtbhezc.py", line 161, in forward\n    conv_transpose3d_kernel[(grid_b, grid_c, grid_d, grid_hw)](\n  File "/home/lijiaxing/.conda/envs/api/lib/python3.10/site-packages/triton/runtime/jit.py", line 390, in <lambda>\n    return lambda *args, **kwargs: self.run(grid=grid, warmup=False, *args, **kwargs)\n  File "/home/lijiaxing/.conda/envs/api/lib/python3.10/site-packages/triton/runtime/jit.py", line 594, in run\n    kernel = self.compile(src, target=target, options=options.__dict__)\n  File "/home/lijiaxing/.conda/envs/api/lib/python3.10/site-packages/triton/compiler/compiler.py", line 339, in compile\n    module = src.make_ir(options, codegen_fns, module_map, context)\n  File "/home/lijiaxing/.conda/envs/api/lib/python3.10/site-packages/triton/compiler/compiler.py", line 83, in make_ir\n    return ast_to_ttir(self.fn, self, context=context, options=options, codegen_fns=codegen_fns,\ntriton.compiler.errors.CompilationError: at 23:13:\n    # Blocking parameters\n    BLOCK_B: tl.constexpr,\n    BLOCK_C: tl.constexpr,\n    BLOCK_D: tl.constexpr,\n    BLOCK_H: tl.constexpr,\n    BLOCK_W: tl.constexpr,\n):\n    # Program ID mapping\n    pid_b = tl.program_id(0)\n    pid_c = tl.program_id(1)\n    pid_d = tl.program_id(2)\n    pid_hw = tl.program_id(3)\n             ^\n\n\nThe above exception was the direct cause of the following exception:\n\nTraceback (most recent call last):\n  File "/home/lijiaxing/.conda/envs/api/lib/python3.10/site-packages/triton/language/core.py", line 42, in wrapper\n    return fn(*args, **kwargs)\n  File "/home/lijiaxing/.conda/envs/api/lib/python3.10/site-packages/triton/language/core.py", line 1630, in program_id\n    return _semantic.program_id(axis)\n  File "/home/lijiaxing/.conda/envs/api/lib/python3.10/site-packages/triton/language/semantic.py", line 40, in program_id\n    raise ValueError(f"program_id axis must be 0, 1, or 2 but got {axis}")\nValueError: program_id axis must be 0, 1, or 2 but got 3\n', 'runtime_error_name': 'triton.compiler.errors.CompilationError', 'reference_timing_ms': 0.0744, 'speed_up': -1.0, 'custom_timing': -1.0}, 'runtime': -1.0, 'runtime_stats': {}}}
2025-08-08 18:38:20,034 - openevolve.RemoteSpeedupEvaluator - INFO - [level1_72_conv_transposed_3D_asymmetric_input_asymmetric_kernel___strided_padded_grouped_] triton key words check pass
2025-08-08 18:38:20,036 - openevolve.RemoteSpeedupEvaluator - INFO - [level1_72_conv_transposed_3D_asymmetric_input_asymmetric_kernel___strided_padded_grouped_] verify_plus payload: reference_code(2380 chars) + custom_code(6858 chars)
2025-08-08 18:38:23,212 - openevolve.RemoteSpeedupEvaluator - INFO - [level1_72_conv_transposed_3D_asymmetric_input_asymmetric_kernel___strided_padded_grouped_] verify_plus request success
2025-08-08 18:38:23,212 - openevolve.RemoteSpeedupEvaluator - INFO - [level1_72_conv_transposed_3D_asymmetric_input_asymmetric_kernel___strided_padded_grouped_] verify_plus response: {"id":"level1_72_conv_transposed_3D_asymmetric_input_asymmetric_kernel___strided_padded_grouped_","result":{"compiled":true,"correctness":false,"metadata":{"hardware":"NVIDIA L20Y","device":"cuda:3","runtime_error":"Traceback (most recent call last):\n  File \"/cpfs01/shared/llm_kernel/hujiakai/KernelLLM/validation_api_server/helpers/evaluations.py\", line 720, in run_and_check_correctness\n    output_new = model_new(*inputs)\n  File \"/home/lijiaxing/.conda/envs/api/lib/python3.10/site-packages/torch/nn/modules/module.py\", line 1773, in _wrapped_call_impl\n    return self._call_impl(*args, **kwargs)\n  File \"/home/lijiaxing/.conda/envs/api/lib/python3.10/site-packages/torch/nn/modules/module.py\", line 1784, in _call_impl\n    return forward_call(*args, **kwargs)\n  File \"/tmp/tmpfrydq
2025-08-08 18:38:23,212 - openevolve.RemoteSpeedupEvaluator - INFO - [level1_72_conv_transposed_3D_asymmetric_input_asymmetric_kernel___strided_padded_grouped_] âœ˜ wrong_answer
2025-08-08 18:38:23,213 - openevolve.evaluator - INFO - Evaluated program 877b4f38-6693-463a-811c-f656984246f7 in 3.18s: compiled=1.0000, correctness=0.0000, score=10.0000, stage=wrong_answer, verify_payload={'id': 'level1_72_conv_transposed_3D_asymmetric_input_asymmetric_kernel___strided_padded_grouped_', 'result': {'compiled': True, 'correctness': False, 'metadata': {'hardware': 'NVIDIA L20Y', 'device': 'cuda:3', 'runtime_error': 'Traceback (most recent call last):\n  File "/cpfs01/shared/llm_kernel/hujiakai/KernelLLM/validation_api_server/helpers/evaluations.py", line 720, in run_and_check_correctness\n    output_new = model_new(*inputs)\n  File "/home/lijiaxing/.conda/envs/api/lib/python3.10/site-packages/torch/nn/modules/module.py", line 1773, in _wrapped_call_impl\n    return self._call_impl(*args, **kwargs)\n  File "/home/lijiaxing/.conda/envs/api/lib/python3.10/site-packages/torch/nn/modules/module.py", line 1784, in _call_impl\n    return forward_call(*args, **kwargs)\n  File "/tmp/tmpfrydqyuo.py", line 167, in forward\n    conv_transpose3d_kernel[grid](\n  File "/home/lijiaxing/.conda/envs/api/lib/python3.10/site-packages/triton/runtime/jit.py", line 390, in <lambda>\n    return lambda *args, **kwargs: self.run(grid=grid, warmup=False, *args, **kwargs)\n  File "/home/lijiaxing/.conda/envs/api/lib/python3.10/site-packages/triton/runtime/jit.py", line 594, in run\n    kernel = self.compile(src, target=target, options=options.__dict__)\n  File "/home/lijiaxing/.conda/envs/api/lib/python3.10/site-packages/triton/compiler/compiler.py", line 339, in compile\n    module = src.make_ir(options, codegen_fns, module_map, context)\n  File "/home/lijiaxing/.conda/envs/api/lib/python3.10/site-packages/triton/compiler/compiler.py", line 83, in make_ir\n    return ast_to_ttir(self.fn, self, context=context, options=options, codegen_fns=codegen_fns,\ntriton.compiler.errors.UnsupportedLanguageConstruct: at 41:12:\n    w_out = hw_rem % W_out\n\n    group_id = pid_channel // (out_channels // groups)\n    start_c_in = group_id * (in_channels // groups)\n    end_c_in = start_c_in + (in_channels // groups)\n\n    acc = tl.zeros((1,), dtype=tl.float32)\n\n    for kd in range(kernel_d):\n        d_in_val = d_out + pad_d - kd\n        if d_in_val % conv_stride_d != 0:\n            continue\n            ^\nunsupported AST node type: Continue\n', 'runtime_error_name': 'triton.compiler.errors.UnsupportedLanguageConstruct', 'reference_timing_ms': 0.0744, 'speed_up': -1.0, 'custom_timing': -1.0}, 'runtime': -1.0, 'runtime_stats': {}}}
2025-08-08 18:38:23,216 - openevolve.llm.ensemble - INFO - Sampled model: deepseek
2025-08-08 18:38:23,230 - openevolve.threaded_parallel - INFO - Iteration 4: Program 877b4f38-6693-463a-811c-f656984246f7 (parent: 2caa48e5-4217-4a3b-a1b2-639e983b9db2) completed in 378.36s
2025-08-08 18:38:23,230 - openevolve.threaded_parallel - INFO - Metrics: compiled=1.0000, correctness=0.0000, score=10.0000, stage=wrong_answer, verify_payload={'id': 'level1_72_conv_transposed_3D_asymmetric_input_asymmetric_kernel___strided_padded_grouped_', 'result': {'compiled': True, 'correctness': False, 'metadata': {'hardware': 'NVIDIA L20Y', 'device': 'cuda:3', 'runtime_error': 'Traceback (most recent call last):\n  File "/cpfs01/shared/llm_kernel/hujiakai/KernelLLM/validation_api_server/helpers/evaluations.py", line 720, in run_and_check_correctness\n    output_new = model_new(*inputs)\n  File "/home/lijiaxing/.conda/envs/api/lib/python3.10/site-packages/torch/nn/modules/module.py", line 1773, in _wrapped_call_impl\n    return self._call_impl(*args, **kwargs)\n  File "/home/lijiaxing/.conda/envs/api/lib/python3.10/site-packages/torch/nn/modules/module.py", line 1784, in _call_impl\n    return forward_call(*args, **kwargs)\n  File "/tmp/tmpfrydqyuo.py", line 167, in forward\n    conv_transpose3d_kernel[grid](\n  File "/home/lijiaxing/.conda/envs/api/lib/python3.10/site-packages/triton/runtime/jit.py", line 390, in <lambda>\n    return lambda *args, **kwargs: self.run(grid=grid, warmup=False, *args, **kwargs)\n  File "/home/lijiaxing/.conda/envs/api/lib/python3.10/site-packages/triton/runtime/jit.py", line 594, in run\n    kernel = self.compile(src, target=target, options=options.__dict__)\n  File "/home/lijiaxing/.conda/envs/api/lib/python3.10/site-packages/triton/compiler/compiler.py", line 339, in compile\n    module = src.make_ir(options, codegen_fns, module_map, context)\n  File "/home/lijiaxing/.conda/envs/api/lib/python3.10/site-packages/triton/compiler/compiler.py", line 83, in make_ir\n    return ast_to_ttir(self.fn, self, context=context, options=options, codegen_fns=codegen_fns,\ntriton.compiler.errors.UnsupportedLanguageConstruct: at 41:12:\n    w_out = hw_rem % W_out\n\n    group_id = pid_channel // (out_channels // groups)\n    start_c_in = group_id * (in_channels // groups)\n    end_c_in = start_c_in + (in_channels // groups)\n\n    acc = tl.zeros((1,), dtype=tl.float32)\n\n    for kd in range(kernel_d):\n        d_in_val = d_out + pad_d - kd\n        if d_in_val % conv_stride_d != 0:\n            continue\n            ^\nunsupported AST node type: Continue\n', 'runtime_error_name': 'triton.compiler.errors.UnsupportedLanguageConstruct', 'reference_timing_ms': 0.0744, 'speed_up': -1.0, 'custom_timing': -1.0}, 'runtime': -1.0, 'runtime_stats': {}}}
2025-08-08 18:40:08,279 - openevolve.RemoteSpeedupEvaluator - INFO - [level1_72_conv_transposed_3D_asymmetric_input_asymmetric_kernel___strided_padded_grouped_] triton key words check pass
2025-08-08 18:40:08,280 - openevolve.RemoteSpeedupEvaluator - INFO - [level1_72_conv_transposed_3D_asymmetric_input_asymmetric_kernel___strided_padded_grouped_] verify_plus payload: reference_code(2380 chars) + custom_code(6858 chars)
2025-08-08 18:40:11,214 - openevolve.RemoteSpeedupEvaluator - INFO - [level1_72_conv_transposed_3D_asymmetric_input_asymmetric_kernel___strided_padded_grouped_] verify_plus request success
2025-08-08 18:40:11,214 - openevolve.RemoteSpeedupEvaluator - INFO - [level1_72_conv_transposed_3D_asymmetric_input_asymmetric_kernel___strided_padded_grouped_] verify_plus response: {"id":"level1_72_conv_transposed_3D_asymmetric_input_asymmetric_kernel___strided_padded_grouped_","result":{"compiled":true,"correctness":false,"metadata":{"hardware":"NVIDIA L20Y","device":"cuda:1","runtime_error":"Traceback (most recent call last):\n  File \"/cpfs01/shared/llm_kernel/hujiakai/KernelLLM/validation_api_server/helpers/evaluations.py\", line 720, in run_and_check_correctness\n    output_new = model_new(*inputs)\n  File \"/home/lijiaxing/.conda/envs/api/lib/python3.10/site-packages/torch/nn/modules/module.py\", line 1773, in _wrapped_call_impl\n    return self._call_impl(*args, **kwargs)\n  File \"/home/lijiaxing/.conda/envs/api/lib/python3.10/site-packages/torch/nn/modules/module.py\", line 1784, in _call_impl\n    return forward_call(*args, **kwargs)\n  File \"/tmp/tmpf1o_1
2025-08-08 18:40:11,214 - openevolve.RemoteSpeedupEvaluator - INFO - [level1_72_conv_transposed_3D_asymmetric_input_asymmetric_kernel___strided_padded_grouped_] âœ˜ wrong_answer
2025-08-08 18:40:11,214 - openevolve.evaluator - INFO - Evaluated program e4fc3ac0-08e4-498a-bd5b-269d9fd3a430 in 2.94s: compiled=1.0000, correctness=0.0000, score=10.0000, stage=wrong_answer, verify_payload={'id': 'level1_72_conv_transposed_3D_asymmetric_input_asymmetric_kernel___strided_padded_grouped_', 'result': {'compiled': True, 'correctness': False, 'metadata': {'hardware': 'NVIDIA L20Y', 'device': 'cuda:1', 'runtime_error': 'Traceback (most recent call last):\n  File "/cpfs01/shared/llm_kernel/hujiakai/KernelLLM/validation_api_server/helpers/evaluations.py", line 720, in run_and_check_correctness\n    output_new = model_new(*inputs)\n  File "/home/lijiaxing/.conda/envs/api/lib/python3.10/site-packages/torch/nn/modules/module.py", line 1773, in _wrapped_call_impl\n    return self._call_impl(*args, **kwargs)\n  File "/home/lijiaxing/.conda/envs/api/lib/python3.10/site-packages/torch/nn/modules/module.py", line 1784, in _call_impl\n    return forward_call(*args, **kwargs)\n  File "/tmp/tmpf1o_1lbl.py", line 166, in forward\n    conv_transpose3d_kernel[grid](\n  File "/home/lijiaxing/.conda/envs/api/lib/python3.10/site-packages/triton/runtime/jit.py", line 390, in <lambda>\n    return lambda *args, **kwargs: self.run(grid=grid, warmup=False, *args, **kwargs)\n  File "/home/lijiaxing/.conda/envs/api/lib/python3.10/site-packages/triton/runtime/jit.py", line 594, in run\n    kernel = self.compile(src, target=target, options=options.__dict__)\n  File "/home/lijiaxing/.conda/envs/api/lib/python3.10/site-packages/triton/compiler/compiler.py", line 339, in compile\n    module = src.make_ir(options, codegen_fns, module_map, context)\n  File "/home/lijiaxing/.conda/envs/api/lib/python3.10/site-packages/triton/compiler/compiler.py", line 83, in make_ir\n    return ast_to_ttir(self.fn, self, context=context, options=options, codegen_fns=codegen_fns,\ntriton.compiler.errors.UnsupportedLanguageConstruct: at 41:12:\n    w_out = hw_rem % W_out\n\n    group_id = pid_channel // (out_channels // groups)\n    start_c_in = group_id * (in_channels // groups)\n    end_c_in = start_c_in + (in_channels // groups)\n\n    acc = tl.zeros((1,), dtype=tl.float32)\n\n    for kd in range(kernel_d):\n        d_in_val = d_out + pad_d - kd\n        if d_in_val % conv_stride_d != 0:\n            continue\n            ^\nunsupported AST node type: Continue\n', 'runtime_error_name': 'triton.compiler.errors.UnsupportedLanguageConstruct', 'reference_timing_ms': 0.0744, 'speed_up': -1.0, 'custom_timing': -1.0}, 'runtime': -1.0, 'runtime_stats': {}}}
2025-08-08 18:40:11,217 - openevolve.llm.ensemble - INFO - Sampled model: deepseek
2025-08-08 18:40:11,232 - openevolve.threaded_parallel - INFO - Iteration 5: Program e4fc3ac0-08e4-498a-bd5b-269d9fd3a430 (parent: 2caa48e5-4217-4a3b-a1b2-639e983b9db2) completed in 364.23s
2025-08-08 18:40:11,232 - openevolve.threaded_parallel - INFO - Metrics: compiled=1.0000, correctness=0.0000, score=10.0000, stage=wrong_answer, verify_payload={'id': 'level1_72_conv_transposed_3D_asymmetric_input_asymmetric_kernel___strided_padded_grouped_', 'result': {'compiled': True, 'correctness': False, 'metadata': {'hardware': 'NVIDIA L20Y', 'device': 'cuda:1', 'runtime_error': 'Traceback (most recent call last):\n  File "/cpfs01/shared/llm_kernel/hujiakai/KernelLLM/validation_api_server/helpers/evaluations.py", line 720, in run_and_check_correctness\n    output_new = model_new(*inputs)\n  File "/home/lijiaxing/.conda/envs/api/lib/python3.10/site-packages/torch/nn/modules/module.py", line 1773, in _wrapped_call_impl\n    return self._call_impl(*args, **kwargs)\n  File "/home/lijiaxing/.conda/envs/api/lib/python3.10/site-packages/torch/nn/modules/module.py", line 1784, in _call_impl\n    return forward_call(*args, **kwargs)\n  File "/tmp/tmpf1o_1lbl.py", line 166, in forward\n    conv_transpose3d_kernel[grid](\n  File "/home/lijiaxing/.conda/envs/api/lib/python3.10/site-packages/triton/runtime/jit.py", line 390, in <lambda>\n    return lambda *args, **kwargs: self.run(grid=grid, warmup=False, *args, **kwargs)\n  File "/home/lijiaxing/.conda/envs/api/lib/python3.10/site-packages/triton/runtime/jit.py", line 594, in run\n    kernel = self.compile(src, target=target, options=options.__dict__)\n  File "/home/lijiaxing/.conda/envs/api/lib/python3.10/site-packages/triton/compiler/compiler.py", line 339, in compile\n    module = src.make_ir(options, codegen_fns, module_map, context)\n  File "/home/lijiaxing/.conda/envs/api/lib/python3.10/site-packages/triton/compiler/compiler.py", line 83, in make_ir\n    return ast_to_ttir(self.fn, self, context=context, options=options, codegen_fns=codegen_fns,\ntriton.compiler.errors.UnsupportedLanguageConstruct: at 41:12:\n    w_out = hw_rem % W_out\n\n    group_id = pid_channel // (out_channels // groups)\n    start_c_in = group_id * (in_channels // groups)\n    end_c_in = start_c_in + (in_channels // groups)\n\n    acc = tl.zeros((1,), dtype=tl.float32)\n\n    for kd in range(kernel_d):\n        d_in_val = d_out + pad_d - kd\n        if d_in_val % conv_stride_d != 0:\n            continue\n            ^\nunsupported AST node type: Continue\n', 'runtime_error_name': 'triton.compiler.errors.UnsupportedLanguageConstruct', 'reference_timing_ms': 0.0744, 'speed_up': -1.0, 'custom_timing': -1.0}, 'runtime': -1.0, 'runtime_stats': {}}}
2025-08-08 18:51:36,400 - openevolve.RemoteSpeedupEvaluator - INFO - [level1_72_conv_transposed_3D_asymmetric_input_asymmetric_kernel___strided_padded_grouped_] triton key words check pass
2025-08-08 18:51:36,402 - openevolve.RemoteSpeedupEvaluator - INFO - [level1_72_conv_transposed_3D_asymmetric_input_asymmetric_kernel___strided_padded_grouped_] verify_plus payload: reference_code(2380 chars) + custom_code(8177 chars)
2025-08-08 18:51:39,505 - openevolve.RemoteSpeedupEvaluator - INFO - [level1_72_conv_transposed_3D_asymmetric_input_asymmetric_kernel___strided_padded_grouped_] verify_plus request success
2025-08-08 18:51:39,506 - openevolve.RemoteSpeedupEvaluator - INFO - [level1_72_conv_transposed_3D_asymmetric_input_asymmetric_kernel___strided_padded_grouped_] verify_plus response: {"id":"level1_72_conv_transposed_3D_asymmetric_input_asymmetric_kernel___strided_padded_grouped_","result":{"compiled":true,"correctness":false,"metadata":{"hardware":"NVIDIA L20Y","device":"cuda:6","runtime_error":"Traceback (most recent call last):\n  File \"/home/lijiaxing/.conda/envs/api/lib/python3.10/site-packages/triton/language/core.py\", line 42, in wrapper\n    return fn(*args, **kwargs)\n  File \"/home/lijiaxing/.conda/envs/api/lib/python3.10/site-packages/triton/language/core.py\", line 2150, in load\n    return _semantic.load(pointer, mask, other, boundary_check, padding_option, cache_modifier, eviction_policy,\n  File \"/home/lijiaxing/.conda/envs/api/lib/python3.10/site-packages/triton/language/semantic.py\", line 1086, in load\n    return self._load_legacy(ptr, mask, other,
2025-08-08 18:51:39,506 - openevolve.RemoteSpeedupEvaluator - INFO - [level1_72_conv_transposed_3D_asymmetric_input_asymmetric_kernel___strided_padded_grouped_] âœ˜ wrong_answer
2025-08-08 18:51:39,506 - openevolve.evaluator - INFO - Evaluated program 303376f0-653c-4c61-b46a-8c0b98aa77d4 in 3.11s: compiled=1.0000, correctness=0.0000, score=10.0000, stage=wrong_answer, verify_payload={'id': 'level1_72_conv_transposed_3D_asymmetric_input_asymmetric_kernel___strided_padded_grouped_', 'result': {'compiled': True, 'correctness': False, 'metadata': {'hardware': 'NVIDIA L20Y', 'device': 'cuda:6', 'runtime_error': 'Traceback (most recent call last):\n  File "/home/lijiaxing/.conda/envs/api/lib/python3.10/site-packages/triton/language/core.py", line 42, in wrapper\n    return fn(*args, **kwargs)\n  File "/home/lijiaxing/.conda/envs/api/lib/python3.10/site-packages/triton/language/core.py", line 2150, in load\n    return _semantic.load(pointer, mask, other, boundary_check, padding_option, cache_modifier, eviction_policy,\n  File "/home/lijiaxing/.conda/envs/api/lib/python3.10/site-packages/triton/language/semantic.py", line 1086, in load\n    return self._load_legacy(ptr, mask, other, boundary_check, padding, cache, eviction, is_volatile)\n  File "/home/lijiaxing/.conda/envs/api/lib/python3.10/site-packages/triton/language/semantic.py", line 1037, in _load_legacy\n    mask = self.broadcast_impl_shape(mask, ptr.type.get_block_shapes())\n  File "/home/lijiaxing/.conda/envs/api/lib/python3.10/site-packages/triton/language/semantic.py", line 697, in broadcast_impl_shape\n    raise ValueError(f"Cannot broadcast, rank mismatch: {src_shape}, {shape}")\nValueError: Cannot broadcast, rank mismatch: [\'4\', \'1\', \'16\'], [\'4\', \'4\', \'1\', \'16\']\n\nThe above exception was the direct cause of the following exception:\n\nTraceback (most recent call last):\n  File "/cpfs01/shared/llm_kernel/hujiakai/KernelLLM/validation_api_server/helpers/evaluations.py", line 720, in run_and_check_correctness\n    output_new = model_new(*inputs)\n  File "/home/lijiaxing/.conda/envs/api/lib/python3.10/site-packages/torch/nn/modules/module.py", line 1773, in _wrapped_call_impl\n    return self._call_impl(*args, **kwargs)\n  File "/home/lijiaxing/.conda/envs/api/lib/python3.10/site-packages/torch/nn/modules/module.py", line 1784, in _call_impl\n    return forward_call(*args, **kwargs)\n  File "/tmp/tmp8mp7fstm.py", line 176, in forward\n    conv_transpose3d_kernel[(grid_b, grid_c, total_grid_dhw)](\n  File "/home/lijiaxing/.conda/envs/api/lib/python3.10/site-packages/triton/runtime/jit.py", line 390, in <lambda>\n    return lambda *args, **kwargs: self.run(grid=grid, warmup=False, *args, **kwargs)\n  File "/home/lijiaxing/.conda/envs/api/lib/python3.10/site-packages/triton/runtime/jit.py", line 594, in run\n    kernel = self.compile(src, target=target, options=options.__dict__)\n  File "/home/lijiaxing/.conda/envs/api/lib/python3.10/site-packages/triton/compiler/compiler.py", line 339, in compile\n    module = src.make_ir(options, codegen_fns, module_map, context)\n  File "/home/lijiaxing/.conda/envs/api/lib/python3.10/site-packages/triton/compiler/compiler.py", line 83, in make_ir\n    return ast_to_ttir(self.fn, self, context=context, options=options, codegen_fns=codegen_fns,\ntriton.compiler.errors.CompilationError: at 86:25:\n                valid_mask = d_mask[:, None] & h_mask[None, :] & w_mask[None, :]\n\n                # Load input values with masking\n                x_ptrs = (\n                    x_ptr + \n                    b_offs[:, None, None, None] * C_in * D_in * H_in * W_in +\n                    c_in_start[None, :, None, None] * D_in * H_in * W_in +\n                    d_in_idx[:, None, None] * H_in * W_in +\n                    h_in_idx[None, :, None] * W_in +\n                    w_in_idx[None, None, :]\n                )\n                x_vals = tl.load(x_ptrs, mask=valid_mask, other=0.0)\n                         ^\n\n\nThe above exception was the direct cause of the following exception:\n\nTraceback (most recent call last):\n  File "/home/lijiaxing/.conda/envs/api/lib/python3.10/site-packages/triton/language/core.py", line 42, in wrapper\n    return fn(*args, **kwargs)\n  File "/home/lijiaxing/.conda/envs/api/lib/python3.10/site-packages/triton/language/core.py", line 2150, in load\n    return _semantic.load(pointer, mask, other, boundary_check, padding_option, cache_modifier, eviction_policy,\n  File "/home/lijiaxing/.conda/envs/api/lib/python3.10/site-packages/triton/language/semantic.py", line 1086, in load\n    return self._load_legacy(ptr, mask, other, boundary_check, padding, cache, eviction, is_volatile)\n  File "/home/lijiaxing/.conda/envs/api/lib/python3.10/site-packages/triton/language/semantic.py", line 1037, in _load_legacy\n    mask = self.broadcast_impl_shape(mask, ptr.type.get_block_shapes())\n  File "/home/lijiaxing/.conda/envs/api/lib/python3.10/site-packages/triton/language/semantic.py", line 697, in broadcast_impl_shape\n    raise ValueError(f"Cannot broadcast, rank mismatch: {src_shape}, {shape}")\nValueError: Cannot broadcast, rank mismatch: [\'4\', \'1\', \'16\'], [\'4\', \'4\', \'1\', \'16\']\n', 'runtime_error_name': 'triton.compiler.errors.CompilationError', 'reference_timing_ms': 0.0744, 'speed_up': -1.0, 'custom_timing': -1.0}, 'runtime': -1.0, 'runtime_stats': {}}}
2025-08-08 18:51:39,510 - openevolve.llm.ensemble - INFO - Sampled model: deepseek
2025-08-08 18:51:39,525 - openevolve.threaded_parallel - INFO - Iteration 6: Program 303376f0-653c-4c61-b46a-8c0b98aa77d4 (parent: 0c38815b-fa1a-435b-9c51-10a37c894cdd) completed in 796.29s
2025-08-08 18:51:39,526 - openevolve.threaded_parallel - INFO - Metrics: compiled=1.0000, correctness=0.0000, score=10.0000, stage=wrong_answer, verify_payload={'id': 'level1_72_conv_transposed_3D_asymmetric_input_asymmetric_kernel___strided_padded_grouped_', 'result': {'compiled': True, 'correctness': False, 'metadata': {'hardware': 'NVIDIA L20Y', 'device': 'cuda:6', 'runtime_error': 'Traceback (most recent call last):\n  File "/home/lijiaxing/.conda/envs/api/lib/python3.10/site-packages/triton/language/core.py", line 42, in wrapper\n    return fn(*args, **kwargs)\n  File "/home/lijiaxing/.conda/envs/api/lib/python3.10/site-packages/triton/language/core.py", line 2150, in load\n    return _semantic.load(pointer, mask, other, boundary_check, padding_option, cache_modifier, eviction_policy,\n  File "/home/lijiaxing/.conda/envs/api/lib/python3.10/site-packages/triton/language/semantic.py", line 1086, in load\n    return self._load_legacy(ptr, mask, other, boundary_check, padding, cache, eviction, is_volatile)\n  File "/home/lijiaxing/.conda/envs/api/lib/python3.10/site-packages/triton/language/semantic.py", line 1037, in _load_legacy\n    mask = self.broadcast_impl_shape(mask, ptr.type.get_block_shapes())\n  File "/home/lijiaxing/.conda/envs/api/lib/python3.10/site-packages/triton/language/semantic.py", line 697, in broadcast_impl_shape\n    raise ValueError(f"Cannot broadcast, rank mismatch: {src_shape}, {shape}")\nValueError: Cannot broadcast, rank mismatch: [\'4\', \'1\', \'16\'], [\'4\', \'4\', \'1\', \'16\']\n\nThe above exception was the direct cause of the following exception:\n\nTraceback (most recent call last):\n  File "/cpfs01/shared/llm_kernel/hujiakai/KernelLLM/validation_api_server/helpers/evaluations.py", line 720, in run_and_check_correctness\n    output_new = model_new(*inputs)\n  File "/home/lijiaxing/.conda/envs/api/lib/python3.10/site-packages/torch/nn/modules/module.py", line 1773, in _wrapped_call_impl\n    return self._call_impl(*args, **kwargs)\n  File "/home/lijiaxing/.conda/envs/api/lib/python3.10/site-packages/torch/nn/modules/module.py", line 1784, in _call_impl\n    return forward_call(*args, **kwargs)\n  File "/tmp/tmp8mp7fstm.py", line 176, in forward\n    conv_transpose3d_kernel[(grid_b, grid_c, total_grid_dhw)](\n  File "/home/lijiaxing/.conda/envs/api/lib/python3.10/site-packages/triton/runtime/jit.py", line 390, in <lambda>\n    return lambda *args, **kwargs: self.run(grid=grid, warmup=False, *args, **kwargs)\n  File "/home/lijiaxing/.conda/envs/api/lib/python3.10/site-packages/triton/runtime/jit.py", line 594, in run\n    kernel = self.compile(src, target=target, options=options.__dict__)\n  File "/home/lijiaxing/.conda/envs/api/lib/python3.10/site-packages/triton/compiler/compiler.py", line 339, in compile\n    module = src.make_ir(options, codegen_fns, module_map, context)\n  File "/home/lijiaxing/.conda/envs/api/lib/python3.10/site-packages/triton/compiler/compiler.py", line 83, in make_ir\n    return ast_to_ttir(self.fn, self, context=context, options=options, codegen_fns=codegen_fns,\ntriton.compiler.errors.CompilationError: at 86:25:\n                valid_mask = d_mask[:, None] & h_mask[None, :] & w_mask[None, :]\n\n                # Load input values with masking\n                x_ptrs = (\n                    x_ptr + \n                    b_offs[:, None, None, None] * C_in * D_in * H_in * W_in +\n                    c_in_start[None, :, None, None] * D_in * H_in * W_in +\n                    d_in_idx[:, None, None] * H_in * W_in +\n                    h_in_idx[None, :, None] * W_in +\n                    w_in_idx[None, None, :]\n                )\n                x_vals = tl.load(x_ptrs, mask=valid_mask, other=0.0)\n                         ^\n\n\nThe above exception was the direct cause of the following exception:\n\nTraceback (most recent call last):\n  File "/home/lijiaxing/.conda/envs/api/lib/python3.10/site-packages/triton/language/core.py", line 42, in wrapper\n    return fn(*args, **kwargs)\n  File "/home/lijiaxing/.conda/envs/api/lib/python3.10/site-packages/triton/language/core.py", line 2150, in load\n    return _semantic.load(pointer, mask, other, boundary_check, padding_option, cache_modifier, eviction_policy,\n  File "/home/lijiaxing/.conda/envs/api/lib/python3.10/site-packages/triton/language/semantic.py", line 1086, in load\n    return self._load_legacy(ptr, mask, other, boundary_check, padding, cache, eviction, is_volatile)\n  File "/home/lijiaxing/.conda/envs/api/lib/python3.10/site-packages/triton/language/semantic.py", line 1037, in _load_legacy\n    mask = self.broadcast_impl_shape(mask, ptr.type.get_block_shapes())\n  File "/home/lijiaxing/.conda/envs/api/lib/python3.10/site-packages/triton/language/semantic.py", line 697, in broadcast_impl_shape\n    raise ValueError(f"Cannot broadcast, rank mismatch: {src_shape}, {shape}")\nValueError: Cannot broadcast, rank mismatch: [\'4\', \'1\', \'16\'], [\'4\', \'4\', \'1\', \'16\']\n', 'runtime_error_name': 'triton.compiler.errors.CompilationError', 'reference_timing_ms': 0.0744, 'speed_up': -1.0, 'custom_timing': -1.0}, 'runtime': -1.0, 'runtime_stats': {}}}
2025-08-08 18:51:39,526 - openevolve.threaded_parallel - INFO - Checkpoint interval reached at iteration 6
2025-08-08 18:51:39,527 - openevolve.database - INFO - Island Status:
2025-08-08 18:51:39,527 - openevolve.database - INFO -    Island 0: 4 programs, best=10.0000, avg=5.2500, diversity=1051.60, gen=2 (best: 336b0d38-e309-4e20-aa93-e11f7a4f6a93)
2025-08-08 18:51:39,527 - openevolve.database - INFO -    Island 1: 2 programs, best=10.0000, avg=10.0000, diversity=244.00, gen=2 (best: 0c38815b-fa1a-435b-9c51-10a37c894cdd)
2025-08-08 18:51:39,527 - openevolve.database - INFO -  * Island 2: 1 programs, best=10.0000, avg=10.0000, diversity=0.00, gen=2 (best: 877b4f38-6693-463a-811c-f656984246f7)
2025-08-08 18:51:39,607 - openevolve.database - INFO - Saved database with 7 programs to openevolve_output/level1_72_conv_transposed_3D_asymmetric_input_asymmetric_kernel___strided_padded_grouped_/checkpoints/checkpoint_6
2025-08-08 18:51:39,622 - openevolve.controller - INFO - Saved best program at checkpoint 6 with metrics: compiled=1.0000, correctness=0.0000, score=10.0000, stage=wrong_answer, verify_payload={'id': 'level1_72_conv_transposed_3D_asymmetric_input_asymmetric_kernel___strided_padded_grouped_', 'result': {'compiled': True, 'correctness': False, 'metadata': {'hardware': 'NVIDIA L20Y', 'device': 'cuda:5', 'runtime_error': 'Traceback (most recent call last):\n  File "/cpfs01/shared/llm_kernel/hujiakai/KernelLLM/validation_api_server/helpers/evaluations.py", line 720, in run_and_check_correctness\n    output_new = model_new(*inputs)\n  File "/home/lijiaxing/.conda/envs/api/lib/python3.10/site-packages/torch/nn/modules/module.py", line 1773, in _wrapped_call_impl\n    return self._call_impl(*args, **kwargs)\n  File "/home/lijiaxing/.conda/envs/api/lib/python3.10/site-packages/torch/nn/modules/module.py", line 1784, in _call_impl\n    return forward_call(*args, **kwargs)\n  File "/tmp/tmpwnw5zlo2.py", line 51, in forward\n    _conv_transpose3d_kernel[grid](\n  File "/home/lijiaxing/.conda/envs/api/lib/python3.10/site-packages/triton/runtime/jit.py", line 390, in <lambda>\n    return lambda *args, **kwargs: self.run(grid=grid, warmup=False, *args, **kwargs)\n  File "/home/lijiaxing/.conda/envs/api/lib/python3.10/site-packages/triton/runtime/jit.py", line 594, in run\n    kernel = self.compile(src, target=target, options=options.__dict__)\n  File "/home/lijiaxing/.conda/envs/api/lib/python3.10/site-packages/triton/compiler/compiler.py", line 339, in compile\n    module = src.make_ir(options, codegen_fns, module_map, context)\n  File "/home/lijiaxing/.conda/envs/api/lib/python3.10/site-packages/triton/compiler/compiler.py", line 83, in make_ir\n    return ast_to_ttir(self.fn, self, context=context, options=options, codegen_fns=codegen_fns,\ntriton.compiler.errors.CompilationError: at 48:77:\n            for kw in range(0, kernel_w):\n                # Compute input coordinates\n                d_in = (d + padding_d - kd) / stride_d\n                h_in = (h + padding_h - kh) / stride_h\n                w_in = (w + padding_w - kw) / stride_w\n\n                # Check integer coordinates and boundaries\n                d_in_int = tl.floor(d_in)\n                h_in_int = tl.floor(h_in)\n                w_in_int = tl.floor(w_in)\n\n                valid_d = (d_in_int == d_in) & (d_in_int >= 0) & (d_in_int < x_ptr.shape[2])\n                                                                             ^\nIndexError(\'list index out of range\')\n\n\nThe above exception was the direct cause of the following exception:\n\nTraceback (most recent call last):\n  File "/home/lijiaxing/.conda/envs/api/lib/python3.10/site-packages/triton/language/core.py", line 1289, in __getitem__\n    return self.values[idx]\nIndexError: list index out of range\n', 'runtime_error_name': 'triton.compiler.errors.CompilationError', 'reference_timing_ms': 0.0744, 'speed_up': -1.0, 'custom_timing': -1.0}, 'runtime': -1.0, 'runtime_stats': {}}}
2025-08-08 18:51:39,622 - openevolve.controller - INFO - Saved checkpoint at iteration 6 to openevolve_output/level1_72_conv_transposed_3D_asymmetric_input_asymmetric_kernel___strided_padded_grouped_/checkpoints/checkpoint_6
2025-08-08 18:51:55,263 - openevolve.RemoteSpeedupEvaluator - INFO - [level1_72_conv_transposed_3D_asymmetric_input_asymmetric_kernel___strided_padded_grouped_] triton key words check pass
2025-08-08 18:51:55,263 - openevolve.RemoteSpeedupEvaluator - INFO - [level1_72_conv_transposed_3D_asymmetric_input_asymmetric_kernel___strided_padded_grouped_] verify_plus payload: reference_code(2380 chars) + custom_code(7222 chars)
2025-08-08 18:51:58,393 - openevolve.RemoteSpeedupEvaluator - INFO - [level1_72_conv_transposed_3D_asymmetric_input_asymmetric_kernel___strided_padded_grouped_] verify_plus request success
2025-08-08 18:51:58,393 - openevolve.RemoteSpeedupEvaluator - INFO - [level1_72_conv_transposed_3D_asymmetric_input_asymmetric_kernel___strided_padded_grouped_] verify_plus response: {"id":"level1_72_conv_transposed_3D_asymmetric_input_asymmetric_kernel___strided_padded_grouped_","result":{"compiled":true,"correctness":false,"metadata":{"hardware":"NVIDIA L20Y","device":"cuda:0","runtime_error":"Traceback (most recent call last):\n  File \"/cpfs01/shared/llm_kernel/hujiakai/KernelLLM/validation_api_server/helpers/evaluations.py\", line 720, in run_and_check_correctness\n    output_new = model_new(*inputs)\n  File \"/home/lijiaxing/.conda/envs/api/lib/python3.10/site-packages/torch/nn/modules/module.py\", line 1773, in _wrapped_call_impl\n    return self._call_impl(*args, **kwargs)\n  File \"/home/lijiaxing/.conda/envs/api/lib/python3.10/site-packages/torch/nn/modules/module.py\", line 1784, in _call_impl\n    return forward_call(*args, **kwargs)\n  File \"/tmp/tmpw5dy8
2025-08-08 18:51:58,393 - openevolve.RemoteSpeedupEvaluator - INFO - [level1_72_conv_transposed_3D_asymmetric_input_asymmetric_kernel___strided_padded_grouped_] âœ˜ wrong_answer
2025-08-08 18:51:58,394 - openevolve.evaluator - INFO - Evaluated program 0c339e70-0533-4696-bf03-220d595eab7a in 3.13s: compiled=1.0000, correctness=0.0000, score=10.0000, stage=wrong_answer, verify_payload={'id': 'level1_72_conv_transposed_3D_asymmetric_input_asymmetric_kernel___strided_padded_grouped_', 'result': {'compiled': True, 'correctness': False, 'metadata': {'hardware': 'NVIDIA L20Y', 'device': 'cuda:0', 'runtime_error': 'Traceback (most recent call last):\n  File "/cpfs01/shared/llm_kernel/hujiakai/KernelLLM/validation_api_server/helpers/evaluations.py", line 720, in run_and_check_correctness\n    output_new = model_new(*inputs)\n  File "/home/lijiaxing/.conda/envs/api/lib/python3.10/site-packages/torch/nn/modules/module.py", line 1773, in _wrapped_call_impl\n    return self._call_impl(*args, **kwargs)\n  File "/home/lijiaxing/.conda/envs/api/lib/python3.10/site-packages/torch/nn/modules/module.py", line 1784, in _call_impl\n    return forward_call(*args, **kwargs)\n  File "/tmp/tmpw5dy8h1a.py", line 150, in forward\n    _conv_transpose3d_kernel[grid](\n  File "/home/lijiaxing/.conda/envs/api/lib/python3.10/site-packages/triton/runtime/jit.py", line 390, in <lambda>\n    return lambda *args, **kwargs: self.run(grid=grid, warmup=False, *args, **kwargs)\n  File "/home/lijiaxing/.conda/envs/api/lib/python3.10/site-packages/triton/runtime/jit.py", line 594, in run\n    kernel = self.compile(src, target=target, options=options.__dict__)\n  File "/home/lijiaxing/.conda/envs/api/lib/python3.10/site-packages/triton/compiler/compiler.py", line 339, in compile\n    module = src.make_ir(options, codegen_fns, module_map, context)\n  File "/home/lijiaxing/.conda/envs/api/lib/python3.10/site-packages/triton/compiler/compiler.py", line 83, in make_ir\n    return ast_to_ttir(self.fn, self, context=context, options=options, codegen_fns=codegen_fns,\ntriton.compiler.errors.UnsupportedLanguageConstruct: at 50:12:\n\n    global_out_ch = group_id * out_channels_per_group + out_channel_id_in_group\n    base_x_ptr = x_ptr + batch_id * in_channels_per_group * depth_in * height_in * width_in * groups\n    base_x_ptr += group_id * in_channels_per_group * depth_in * height_in * width_in\n    base_weight_ptr = weight_ptr + group_id * in_channels_per_group * out_channels_per_group * kernel_d * kernel_h * kernel_w\n    base_weight_ptr += out_channel_id_in_group * in_channels_per_group * kernel_d * kernel_h * kernel_w\n\n    accumulator = 0.0\n    for kd in range(kernel_d):\n        d_in = d_out * stride_d - padding_d + kd\n        if d_in < 0 or d_in >= depth_in:\n            continue\n            ^\nunsupported AST node type: Continue\n', 'runtime_error_name': 'triton.compiler.errors.UnsupportedLanguageConstruct', 'reference_timing_ms': 0.0744, 'speed_up': -1.0, 'custom_timing': -1.0}, 'runtime': -1.0, 'runtime_stats': {}}}
2025-08-08 18:51:58,396 - openevolve.llm.ensemble - INFO - Sampled model: deepseek
2025-08-08 18:51:58,408 - openevolve.threaded_parallel - INFO - Iteration 3: Program 0c339e70-0533-4696-bf03-220d595eab7a (parent: b9bade7c-05b7-4682-a0af-dd3a6c5e533b) completed in 1275.37s
2025-08-08 18:51:58,408 - openevolve.threaded_parallel - INFO - Metrics: compiled=1.0000, correctness=0.0000, score=10.0000, stage=wrong_answer, verify_payload={'id': 'level1_72_conv_transposed_3D_asymmetric_input_asymmetric_kernel___strided_padded_grouped_', 'result': {'compiled': True, 'correctness': False, 'metadata': {'hardware': 'NVIDIA L20Y', 'device': 'cuda:0', 'runtime_error': 'Traceback (most recent call last):\n  File "/cpfs01/shared/llm_kernel/hujiakai/KernelLLM/validation_api_server/helpers/evaluations.py", line 720, in run_and_check_correctness\n    output_new = model_new(*inputs)\n  File "/home/lijiaxing/.conda/envs/api/lib/python3.10/site-packages/torch/nn/modules/module.py", line 1773, in _wrapped_call_impl\n    return self._call_impl(*args, **kwargs)\n  File "/home/lijiaxing/.conda/envs/api/lib/python3.10/site-packages/torch/nn/modules/module.py", line 1784, in _call_impl\n    return forward_call(*args, **kwargs)\n  File "/tmp/tmpw5dy8h1a.py", line 150, in forward\n    _conv_transpose3d_kernel[grid](\n  File "/home/lijiaxing/.conda/envs/api/lib/python3.10/site-packages/triton/runtime/jit.py", line 390, in <lambda>\n    return lambda *args, **kwargs: self.run(grid=grid, warmup=False, *args, **kwargs)\n  File "/home/lijiaxing/.conda/envs/api/lib/python3.10/site-packages/triton/runtime/jit.py", line 594, in run\n    kernel = self.compile(src, target=target, options=options.__dict__)\n  File "/home/lijiaxing/.conda/envs/api/lib/python3.10/site-packages/triton/compiler/compiler.py", line 339, in compile\n    module = src.make_ir(options, codegen_fns, module_map, context)\n  File "/home/lijiaxing/.conda/envs/api/lib/python3.10/site-packages/triton/compiler/compiler.py", line 83, in make_ir\n    return ast_to_ttir(self.fn, self, context=context, options=options, codegen_fns=codegen_fns,\ntriton.compiler.errors.UnsupportedLanguageConstruct: at 50:12:\n\n    global_out_ch = group_id * out_channels_per_group + out_channel_id_in_group\n    base_x_ptr = x_ptr + batch_id * in_channels_per_group * depth_in * height_in * width_in * groups\n    base_x_ptr += group_id * in_channels_per_group * depth_in * height_in * width_in\n    base_weight_ptr = weight_ptr + group_id * in_channels_per_group * out_channels_per_group * kernel_d * kernel_h * kernel_w\n    base_weight_ptr += out_channel_id_in_group * in_channels_per_group * kernel_d * kernel_h * kernel_w\n\n    accumulator = 0.0\n    for kd in range(kernel_d):\n        d_in = d_out * stride_d - padding_d + kd\n        if d_in < 0 or d_in >= depth_in:\n            continue\n            ^\nunsupported AST node type: Continue\n', 'runtime_error_name': 'triton.compiler.errors.UnsupportedLanguageConstruct', 'reference_timing_ms': 0.0744, 'speed_up': -1.0, 'custom_timing': -1.0}, 'runtime': -1.0, 'runtime_stats': {}}}
2025-08-08 18:51:58,408 - openevolve.threaded_parallel - INFO - Checkpoint interval reached at iteration 3
2025-08-08 18:51:58,409 - openevolve.database - INFO - Island Status:
2025-08-08 18:51:58,409 - openevolve.database - INFO -  * Island 0: 4 programs, best=10.0000, avg=5.2500, diversity=1051.60, gen=3 (best: 336b0d38-e309-4e20-aa93-e11f7a4f6a93)
2025-08-08 18:51:58,409 - openevolve.database - INFO -    Island 1: 2 programs, best=10.0000, avg=10.0000, diversity=244.00, gen=2 (best: 0c38815b-fa1a-435b-9c51-10a37c894cdd)
2025-08-08 18:51:58,409 - openevolve.database - INFO -    Island 2: 2 programs, best=10.0000, avg=10.0000, diversity=217.90, gen=2 (best: 877b4f38-6693-463a-811c-f656984246f7)
2025-08-08 18:51:58,505 - openevolve.database - INFO - Saved database with 8 programs to openevolve_output/level1_72_conv_transposed_3D_asymmetric_input_asymmetric_kernel___strided_padded_grouped_/checkpoints/checkpoint_3
2025-08-08 18:51:58,521 - openevolve.controller - INFO - Saved best program at checkpoint 3 with metrics: compiled=1.0000, correctness=0.0000, score=10.0000, stage=wrong_answer, verify_payload={'id': 'level1_72_conv_transposed_3D_asymmetric_input_asymmetric_kernel___strided_padded_grouped_', 'result': {'compiled': True, 'correctness': False, 'metadata': {'hardware': 'NVIDIA L20Y', 'device': 'cuda:5', 'runtime_error': 'Traceback (most recent call last):\n  File "/cpfs01/shared/llm_kernel/hujiakai/KernelLLM/validation_api_server/helpers/evaluations.py", line 720, in run_and_check_correctness\n    output_new = model_new(*inputs)\n  File "/home/lijiaxing/.conda/envs/api/lib/python3.10/site-packages/torch/nn/modules/module.py", line 1773, in _wrapped_call_impl\n    return self._call_impl(*args, **kwargs)\n  File "/home/lijiaxing/.conda/envs/api/lib/python3.10/site-packages/torch/nn/modules/module.py", line 1784, in _call_impl\n    return forward_call(*args, **kwargs)\n  File "/tmp/tmpwnw5zlo2.py", line 51, in forward\n    _conv_transpose3d_kernel[grid](\n  File "/home/lijiaxing/.conda/envs/api/lib/python3.10/site-packages/triton/runtime/jit.py", line 390, in <lambda>\n    return lambda *args, **kwargs: self.run(grid=grid, warmup=False, *args, **kwargs)\n  File "/home/lijiaxing/.conda/envs/api/lib/python3.10/site-packages/triton/runtime/jit.py", line 594, in run\n    kernel = self.compile(src, target=target, options=options.__dict__)\n  File "/home/lijiaxing/.conda/envs/api/lib/python3.10/site-packages/triton/compiler/compiler.py", line 339, in compile\n    module = src.make_ir(options, codegen_fns, module_map, context)\n  File "/home/lijiaxing/.conda/envs/api/lib/python3.10/site-packages/triton/compiler/compiler.py", line 83, in make_ir\n    return ast_to_ttir(self.fn, self, context=context, options=options, codegen_fns=codegen_fns,\ntriton.compiler.errors.CompilationError: at 48:77:\n            for kw in range(0, kernel_w):\n                # Compute input coordinates\n                d_in = (d + padding_d - kd) / stride_d\n                h_in = (h + padding_h - kh) / stride_h\n                w_in = (w + padding_w - kw) / stride_w\n\n                # Check integer coordinates and boundaries\n                d_in_int = tl.floor(d_in)\n                h_in_int = tl.floor(h_in)\n                w_in_int = tl.floor(w_in)\n\n                valid_d = (d_in_int == d_in) & (d_in_int >= 0) & (d_in_int < x_ptr.shape[2])\n                                                                             ^\nIndexError(\'list index out of range\')\n\n\nThe above exception was the direct cause of the following exception:\n\nTraceback (most recent call last):\n  File "/home/lijiaxing/.conda/envs/api/lib/python3.10/site-packages/triton/language/core.py", line 1289, in __getitem__\n    return self.values[idx]\nIndexError: list index out of range\n', 'runtime_error_name': 'triton.compiler.errors.CompilationError', 'reference_timing_ms': 0.0744, 'speed_up': -1.0, 'custom_timing': -1.0}, 'runtime': -1.0, 'runtime_stats': {}}}
2025-08-08 18:51:58,521 - openevolve.controller - INFO - Saved checkpoint at iteration 3 to openevolve_output/level1_72_conv_transposed_3D_asymmetric_input_asymmetric_kernel___strided_padded_grouped_/checkpoints/checkpoint_3
2025-08-08 18:58:05,096 - openevolve.RemoteSpeedupEvaluator - INFO - [level1_72_conv_transposed_3D_asymmetric_input_asymmetric_kernel___strided_padded_grouped_] triton key words check pass
2025-08-08 18:58:05,097 - openevolve.RemoteSpeedupEvaluator - INFO - [level1_72_conv_transposed_3D_asymmetric_input_asymmetric_kernel___strided_padded_grouped_] verify_plus payload: reference_code(2380 chars) + custom_code(6618 chars)
2025-08-08 18:58:20,170 - openevolve.RemoteSpeedupEvaluator - INFO - [level1_72_conv_transposed_3D_asymmetric_input_asymmetric_kernel___strided_padded_grouped_] verify_plus request success
2025-08-08 18:58:20,171 - openevolve.RemoteSpeedupEvaluator - INFO - [level1_72_conv_transposed_3D_asymmetric_input_asymmetric_kernel___strided_padded_grouped_] verify_plus response: {"id":"level1_72_conv_transposed_3D_asymmetric_input_asymmetric_kernel___strided_padded_grouped_","result":{"compiled":true,"correctness":false,"metadata":{"hardware":"NVIDIA L20Y","device":"cuda:7","runtime_error":"Traceback (most recent call last):\n  File \"/cpfs01/shared/llm_kernel/hujiakai/KernelLLM/validation_api_server/helpers/evaluations.py\", line 720, in run_and_check_correctness\n    output_new = model_new(*inputs)\n  File \"/home/lijiaxing/.conda/envs/api/lib/python3.10/site-packages/torch/nn/modules/module.py\", line 1773, in _wrapped_call_impl\n    return self._call_impl(*args, **kwargs)\n  File \"/home/lijiaxing/.conda/envs/api/lib/python3.10/site-packages/torch/nn/modules/module.py\", line 1784, in _call_impl\n    return forward_call(*args, **kwargs)\n  File \"/tmp/tmpy73o7
2025-08-08 18:58:20,171 - openevolve.RemoteSpeedupEvaluator - INFO - [level1_72_conv_transposed_3D_asymmetric_input_asymmetric_kernel___strided_padded_grouped_] âœ˜ wrong_answer
2025-08-08 18:58:20,171 - openevolve.evaluator - INFO - Evaluated program 221b3c9d-07e8-4d6c-8c0a-f33afb831072 in 15.08s: compiled=1.0000, correctness=0.0000, score=10.0000, stage=wrong_answer, verify_payload={'id': 'level1_72_conv_transposed_3D_asymmetric_input_asymmetric_kernel___strided_padded_grouped_', 'result': {'compiled': True, 'correctness': False, 'metadata': {'hardware': 'NVIDIA L20Y', 'device': 'cuda:7', 'runtime_error': 'Traceback (most recent call last):\n  File "/cpfs01/shared/llm_kernel/hujiakai/KernelLLM/validation_api_server/helpers/evaluations.py", line 720, in run_and_check_correctness\n    output_new = model_new(*inputs)\n  File "/home/lijiaxing/.conda/envs/api/lib/python3.10/site-packages/torch/nn/modules/module.py", line 1773, in _wrapped_call_impl\n    return self._call_impl(*args, **kwargs)\n  File "/home/lijiaxing/.conda/envs/api/lib/python3.10/site-packages/torch/nn/modules/module.py", line 1784, in _call_impl\n    return forward_call(*args, **kwargs)\n  File "/tmp/tmpy73o77am.py", line 53, in forward\n    _conv_transpose3d_kernel[grid](\n  File "/home/lijiaxing/.conda/envs/api/lib/python3.10/site-packages/triton/runtime/jit.py", line 390, in <lambda>\n    return lambda *args, **kwargs: self.run(grid=grid, warmup=False, *args, **kwargs)\n  File "/home/lijiaxing/.conda/envs/api/lib/python3.10/site-packages/triton/runtime/jit.py", line 594, in run\n    kernel = self.compile(src, target=target, options=options.__dict__)\n  File "/home/lijiaxing/.conda/envs/api/lib/python3.10/site-packages/triton/compiler/compiler.py", line 339, in compile\n    module = src.make_ir(options, codegen_fns, module_map, context)\n  File "/home/lijiaxing/.conda/envs/api/lib/python3.10/site-packages/triton/compiler/compiler.py", line 83, in make_ir\n    return ast_to_ttir(self.fn, self, context=context, options=options, codegen_fns=codegen_fns,\ntriton.compiler.errors.CompilationError: at 58:36:\n                h_in_int = tl.floor(h_in)\n                w_in_int = tl.floor(w_in)\n\n                # Use passed dimensions for boundary checks\n                valid_d = (d_in_int == d_in) & (d_in_int >= 0) & (d_in_int < D_in)\n                valid_h = (h_in_int == h_in) & (h_in_int >= 0) & (h_in_int < H_in)\n                valid_w = (w_in_int == w_in) & (w_in_int >= 0) & (w_in_int < W_in)\n                valid = valid_d & valid_h & valid_w\n\n                # Load input with boundary mask\n                x_val = tl.load(\n                    x_ptr + pid_b * x_ptr.stride(0) + \n                                    ^\nAttributeError("\'tensor\' object has no attribute \'stride\'")\n\n\nThe above exception was the direct cause of the following exception:\n\nAttributeError: \'tensor\' object has no attribute \'stride\'\n', 'runtime_error_name': 'triton.compiler.errors.CompilationError', 'reference_timing_ms': 0.0744, 'speed_up': -1.0, 'custom_timing': -1.0}, 'runtime': -1.0, 'runtime_stats': {}}}
2025-08-08 18:58:20,175 - openevolve.llm.ensemble - INFO - Sampled model: deepseek
2025-08-08 18:58:20,180 - openevolve.database - INFO - New MAP-Elites cell occupied: {'score': 9, 'complexity': 7}
2025-08-08 18:58:20,193 - openevolve.threaded_parallel - INFO - Iteration 7: Program 221b3c9d-07e8-4d6c-8c0a-f33afb831072 (parent: b9bade7c-05b7-4682-a0af-dd3a6c5e533b) completed in 1088.95s
2025-08-08 18:58:20,193 - openevolve.threaded_parallel - INFO - Metrics: compiled=1.0000, correctness=0.0000, score=10.0000, stage=wrong_answer, verify_payload={'id': 'level1_72_conv_transposed_3D_asymmetric_input_asymmetric_kernel___strided_padded_grouped_', 'result': {'compiled': True, 'correctness': False, 'metadata': {'hardware': 'NVIDIA L20Y', 'device': 'cuda:7', 'runtime_error': 'Traceback (most recent call last):\n  File "/cpfs01/shared/llm_kernel/hujiakai/KernelLLM/validation_api_server/helpers/evaluations.py", line 720, in run_and_check_correctness\n    output_new = model_new(*inputs)\n  File "/home/lijiaxing/.conda/envs/api/lib/python3.10/site-packages/torch/nn/modules/module.py", line 1773, in _wrapped_call_impl\n    return self._call_impl(*args, **kwargs)\n  File "/home/lijiaxing/.conda/envs/api/lib/python3.10/site-packages/torch/nn/modules/module.py", line 1784, in _call_impl\n    return forward_call(*args, **kwargs)\n  File "/tmp/tmpy73o77am.py", line 53, in forward\n    _conv_transpose3d_kernel[grid](\n  File "/home/lijiaxing/.conda/envs/api/lib/python3.10/site-packages/triton/runtime/jit.py", line 390, in <lambda>\n    return lambda *args, **kwargs: self.run(grid=grid, warmup=False, *args, **kwargs)\n  File "/home/lijiaxing/.conda/envs/api/lib/python3.10/site-packages/triton/runtime/jit.py", line 594, in run\n    kernel = self.compile(src, target=target, options=options.__dict__)\n  File "/home/lijiaxing/.conda/envs/api/lib/python3.10/site-packages/triton/compiler/compiler.py", line 339, in compile\n    module = src.make_ir(options, codegen_fns, module_map, context)\n  File "/home/lijiaxing/.conda/envs/api/lib/python3.10/site-packages/triton/compiler/compiler.py", line 83, in make_ir\n    return ast_to_ttir(self.fn, self, context=context, options=options, codegen_fns=codegen_fns,\ntriton.compiler.errors.CompilationError: at 58:36:\n                h_in_int = tl.floor(h_in)\n                w_in_int = tl.floor(w_in)\n\n                # Use passed dimensions for boundary checks\n                valid_d = (d_in_int == d_in) & (d_in_int >= 0) & (d_in_int < D_in)\n                valid_h = (h_in_int == h_in) & (h_in_int >= 0) & (h_in_int < H_in)\n                valid_w = (w_in_int == w_in) & (w_in_int >= 0) & (w_in_int < W_in)\n                valid = valid_d & valid_h & valid_w\n\n                # Load input with boundary mask\n                x_val = tl.load(\n                    x_ptr + pid_b * x_ptr.stride(0) + \n                                    ^\nAttributeError("\'tensor\' object has no attribute \'stride\'")\n\n\nThe above exception was the direct cause of the following exception:\n\nAttributeError: \'tensor\' object has no attribute \'stride\'\n', 'runtime_error_name': 'triton.compiler.errors.CompilationError', 'reference_timing_ms': 0.0744, 'speed_up': -1.0, 'custom_timing': -1.0}, 'runtime': -1.0, 'runtime_stats': {}}}
2025-08-08 18:58:48,310 - openevolve.RemoteSpeedupEvaluator - INFO - [level1_72_conv_transposed_3D_asymmetric_input_asymmetric_kernel___strided_padded_grouped_] âœ˜ invalid_answer 'import triton' is not found
2025-08-08 18:58:48,312 - openevolve.evaluator - INFO - Evaluated program f7c6459d-f7d2-49fa-aa08-3cdc0b04ef62 in 0.00s: compiled=0.0000, correctness=0.0000, score=-100.0000, stage=no_valid_triton_code, feedback=You need to generate real and valid triton code for the core function. The key word 'import triton' is not found.
2025-08-08 18:58:48,316 - openevolve.llm.ensemble - INFO - Sampled model: deepseek
2025-08-08 18:58:48,323 - openevolve.database - INFO - New MAP-Elites cell occupied: {'score': -1000, 'complexity': 0}
2025-08-08 18:58:48,329 - openevolve.threaded_parallel - INFO - Iteration 9: Program f7c6459d-f7d2-49fa-aa08-3cdc0b04ef62 (parent: 877b4f38-6693-463a-811c-f656984246f7) completed in 409.92s
2025-08-08 18:58:48,329 - openevolve.threaded_parallel - INFO - Metrics: compiled=0.0000, correctness=0.0000, score=-100.0000, stage=no_valid_triton_code, feedback=You need to generate real and valid triton code for the core function. The key word 'import triton' is not found.
2025-08-08 18:58:48,329 - openevolve.threaded_parallel - INFO - Checkpoint interval reached at iteration 9
2025-08-08 18:58:48,331 - openevolve.database - INFO - Island Status:
2025-08-08 18:58:48,331 - openevolve.database - INFO -    Island 0: 5 programs, best=10.0000, avg=6.2000, diversity=820.32, gen=3 (best: 336b0d38-e309-4e20-aa93-e11f7a4f6a93)
2025-08-08 18:58:48,331 - openevolve.database - INFO -    Island 1: 3 programs, best=10.0000, avg=-26.6667, diversity=1997.13, gen=3 (best: 0c38815b-fa1a-435b-9c51-10a37c894cdd)
2025-08-08 18:58:48,331 - openevolve.database - INFO -  * Island 2: 2 programs, best=10.0000, avg=10.0000, diversity=217.90, gen=3 (best: 877b4f38-6693-463a-811c-f656984246f7)
2025-08-08 18:58:48,543 - openevolve.database - INFO - Saved database with 10 programs to openevolve_output/level1_72_conv_transposed_3D_asymmetric_input_asymmetric_kernel___strided_padded_grouped_/checkpoints/checkpoint_9
2025-08-08 18:58:48,557 - openevolve.controller - INFO - Saved best program at checkpoint 9 with metrics: compiled=1.0000, correctness=0.0000, score=10.0000, stage=wrong_answer, verify_payload={'id': 'level1_72_conv_transposed_3D_asymmetric_input_asymmetric_kernel___strided_padded_grouped_', 'result': {'compiled': True, 'correctness': False, 'metadata': {'hardware': 'NVIDIA L20Y', 'device': 'cuda:5', 'runtime_error': 'Traceback (most recent call last):\n  File "/cpfs01/shared/llm_kernel/hujiakai/KernelLLM/validation_api_server/helpers/evaluations.py", line 720, in run_and_check_correctness\n    output_new = model_new(*inputs)\n  File "/home/lijiaxing/.conda/envs/api/lib/python3.10/site-packages/torch/nn/modules/module.py", line 1773, in _wrapped_call_impl\n    return self._call_impl(*args, **kwargs)\n  File "/home/lijiaxing/.conda/envs/api/lib/python3.10/site-packages/torch/nn/modules/module.py", line 1784, in _call_impl\n    return forward_call(*args, **kwargs)\n  File "/tmp/tmpwnw5zlo2.py", line 51, in forward\n    _conv_transpose3d_kernel[grid](\n  File "/home/lijiaxing/.conda/envs/api/lib/python3.10/site-packages/triton/runtime/jit.py", line 390, in <lambda>\n    return lambda *args, **kwargs: self.run(grid=grid, warmup=False, *args, **kwargs)\n  File "/home/lijiaxing/.conda/envs/api/lib/python3.10/site-packages/triton/runtime/jit.py", line 594, in run\n    kernel = self.compile(src, target=target, options=options.__dict__)\n  File "/home/lijiaxing/.conda/envs/api/lib/python3.10/site-packages/triton/compiler/compiler.py", line 339, in compile\n    module = src.make_ir(options, codegen_fns, module_map, context)\n  File "/home/lijiaxing/.conda/envs/api/lib/python3.10/site-packages/triton/compiler/compiler.py", line 83, in make_ir\n    return ast_to_ttir(self.fn, self, context=context, options=options, codegen_fns=codegen_fns,\ntriton.compiler.errors.CompilationError: at 48:77:\n            for kw in range(0, kernel_w):\n                # Compute input coordinates\n                d_in = (d + padding_d - kd) / stride_d\n                h_in = (h + padding_h - kh) / stride_h\n                w_in = (w + padding_w - kw) / stride_w\n\n                # Check integer coordinates and boundaries\n                d_in_int = tl.floor(d_in)\n                h_in_int = tl.floor(h_in)\n                w_in_int = tl.floor(w_in)\n\n                valid_d = (d_in_int == d_in) & (d_in_int >= 0) & (d_in_int < x_ptr.shape[2])\n                                                                             ^\nIndexError(\'list index out of range\')\n\n\nThe above exception was the direct cause of the following exception:\n\nTraceback (most recent call last):\n  File "/home/lijiaxing/.conda/envs/api/lib/python3.10/site-packages/triton/language/core.py", line 1289, in __getitem__\n    return self.values[idx]\nIndexError: list index out of range\n', 'runtime_error_name': 'triton.compiler.errors.CompilationError', 'reference_timing_ms': 0.0744, 'speed_up': -1.0, 'custom_timing': -1.0}, 'runtime': -1.0, 'runtime_stats': {}}}
2025-08-08 18:58:48,558 - openevolve.controller - INFO - Saved checkpoint at iteration 9 to openevolve_output/level1_72_conv_transposed_3D_asymmetric_input_asymmetric_kernel___strided_padded_grouped_/checkpoints/checkpoint_9
2025-08-08 19:12:38,114 - openevolve.RemoteSpeedupEvaluator - INFO - [level1_72_conv_transposed_3D_asymmetric_input_asymmetric_kernel___strided_padded_grouped_] triton key words check pass
2025-08-08 19:12:38,114 - openevolve.RemoteSpeedupEvaluator - INFO - [level1_72_conv_transposed_3D_asymmetric_input_asymmetric_kernel___strided_padded_grouped_] triton key words check pass
2025-08-08 19:12:38,116 - openevolve.RemoteSpeedupEvaluator - INFO - [level1_72_conv_transposed_3D_asymmetric_input_asymmetric_kernel___strided_padded_grouped_] verify_plus payload: reference_code(2380 chars) + custom_code(8201 chars)
2025-08-08 19:12:38,116 - openevolve.RemoteSpeedupEvaluator - INFO - [level1_72_conv_transposed_3D_asymmetric_input_asymmetric_kernel___strided_padded_grouped_] verify_plus payload: reference_code(2380 chars) + custom_code(7919 chars)
2025-08-08 19:12:38,120 - openevolve.RemoteSpeedupEvaluator - INFO - [level1_72_conv_transposed_3D_asymmetric_input_asymmetric_kernel___strided_padded_grouped_] triton key words check pass
2025-08-08 19:12:38,121 - openevolve.RemoteSpeedupEvaluator - INFO - [level1_72_conv_transposed_3D_asymmetric_input_asymmetric_kernel___strided_padded_grouped_] verify_plus payload: reference_code(2380 chars) + custom_code(7734 chars)
2025-08-08 19:13:03,565 - openevolve.RemoteSpeedupEvaluator - INFO - [level1_72_conv_transposed_3D_asymmetric_input_asymmetric_kernel___strided_padded_grouped_] verify_plus request success
2025-08-08 19:13:03,565 - openevolve.RemoteSpeedupEvaluator - INFO - [level1_72_conv_transposed_3D_asymmetric_input_asymmetric_kernel___strided_padded_grouped_] verify_plus response: {"id":"level1_72_conv_transposed_3D_asymmetric_input_asymmetric_kernel___strided_padded_grouped_","result":{"compiled":true,"correctness":false,"metadata":{"hardware":"NVIDIA L20Y","device":"cuda:3","runtime_error":"Traceback (most recent call last):\n  File \"/home/lijiaxing/.conda/envs/api/lib/python3.10/site-packages/triton/language/core.py\", line 42, in wrapper\n    return fn(*args, **kwargs)\n  File \"/home/lijiaxing/.conda/envs/api/lib/python3.10/site-packages/triton/language/core.py\", line 2150, in load\n    return _semantic.load(pointer, mask, other, boundary_check, padding_option, cache_modifier, eviction_policy,\n  File \"/home/lijiaxing/.conda/envs/api/lib/python3.10/site-packages/triton/language/semantic.py\", line 1086, in load\n    return self._load_legacy(ptr, mask, other,
2025-08-08 19:13:03,565 - openevolve.RemoteSpeedupEvaluator - INFO - [level1_72_conv_transposed_3D_asymmetric_input_asymmetric_kernel___strided_padded_grouped_] âœ˜ wrong_answer
2025-08-08 19:13:03,565 - openevolve.evaluator - INFO - Evaluated program 7f4058bc-98a2-4342-b7bb-c0e21426547b in 25.45s: compiled=1.0000, correctness=0.0000, score=10.0000, stage=wrong_answer, verify_payload={'id': 'level1_72_conv_transposed_3D_asymmetric_input_asymmetric_kernel___strided_padded_grouped_', 'result': {'compiled': True, 'correctness': False, 'metadata': {'hardware': 'NVIDIA L20Y', 'device': 'cuda:3', 'runtime_error': 'Traceback (most recent call last):\n  File "/home/lijiaxing/.conda/envs/api/lib/python3.10/site-packages/triton/language/core.py", line 42, in wrapper\n    return fn(*args, **kwargs)\n  File "/home/lijiaxing/.conda/envs/api/lib/python3.10/site-packages/triton/language/core.py", line 2150, in load\n    return _semantic.load(pointer, mask, other, boundary_check, padding_option, cache_modifier, eviction_policy,\n  File "/home/lijiaxing/.conda/envs/api/lib/python3.10/site-packages/triton/language/semantic.py", line 1086, in load\n    return self._load_legacy(ptr, mask, other, boundary_check, padding, cache, eviction, is_volatile)\n  File "/home/lijiaxing/.conda/envs/api/lib/python3.10/site-packages/triton/language/semantic.py", line 1037, in _load_legacy\n    mask = self.broadcast_impl_shape(mask, ptr.type.get_block_shapes())\n  File "/home/lijiaxing/.conda/envs/api/lib/python3.10/site-packages/triton/language/semantic.py", line 697, in broadcast_impl_shape\n    raise ValueError(f"Cannot broadcast, rank mismatch: {src_shape}, {shape}")\nValueError: Cannot broadcast, rank mismatch: [\'1\', \'1\', \'4\', \'1\', \'16\'], [\'4\', \'4\', \'1\', \'16\']\n\nThe above exception was the direct cause of the following exception:\n\nTraceback (most recent call last):\n  File "/cpfs01/shared/llm_kernel/hujiakai/KernelLLM/validation_api_server/helpers/evaluations.py", line 720, in run_and_check_correctness\n    output_new = model_new(*inputs)\n  File "/home/lijiaxing/.conda/envs/api/lib/python3.10/site-packages/torch/nn/modules/module.py", line 1773, in _wrapped_call_impl\n    return self._call_impl(*args, **kwargs)\n  File "/home/lijiaxing/.conda/envs/api/lib/python3.10/site-packages/torch/nn/modules/module.py", line 1784, in _call_impl\n    return forward_call(*args, **kwargs)\n  File "/tmp/tmpqzy7gt81.py", line 177, in forward\n    conv_transpose3d_kernel[(grid_b, grid_c, total_grid_dhw)](\n  File "/home/lijiaxing/.conda/envs/api/lib/python3.10/site-packages/triton/runtime/jit.py", line 390, in <lambda>\n    return lambda *args, **kwargs: self.run(grid=grid, warmup=False, *args, **kwargs)\n  File "/home/lijiaxing/.conda/envs/api/lib/python3.10/site-packages/triton/runtime/jit.py", line 594, in run\n    kernel = self.compile(src, target=target, options=options.__dict__)\n  File "/home/lijiaxing/.conda/envs/api/lib/python3.10/site-packages/triton/compiler/compiler.py", line 339, in compile\n    module = src.make_ir(options, codegen_fns, module_map, context)\n  File "/home/lijiaxing/.conda/envs/api/lib/python3.10/site-packages/triton/compiler/compiler.py", line 83, in make_ir\n    return ast_to_ttir(self.fn, self, context=context, options=options, codegen_fns=codegen_fns,\ntriton.compiler.errors.CompilationError: at 87:25:\n                valid_mask_4d = valid_mask_2d[None, None, :, :]  # Broadcast to 4D\n\n                # Load input values with masking\n                x_ptrs = (\n                    x_ptr + \n                    b_offs[:, None, None, None] * C_in * D_in * H_in * W_in +\n                    c_in_start[None, :, None, None] * D_in * H_in * W_in +\n                    d_in_idx[:, None, None] * H_in * W_in +\n                    h_in_idx[None, :, None] * W_in +\n                    w_in_idx[None, None, :]\n                )\n                x_vals = tl.load(x_ptrs, mask=valid_mask_4d, other=0.0)\n                         ^\n\n\nThe above exception was the direct cause of the following exception:\n\nTraceback (most recent call last):\n  File "/home/lijiaxing/.conda/envs/api/lib/python3.10/site-packages/triton/language/core.py", line 42, in wrapper\n    return fn(*args, **kwargs)\n  File "/home/lijiaxing/.conda/envs/api/lib/python3.10/site-packages/triton/language/core.py", line 2150, in load\n    return _semantic.load(pointer, mask, other, boundary_check, padding_option, cache_modifier, eviction_policy,\n  File "/home/lijiaxing/.conda/envs/api/lib/python3.10/site-packages/triton/language/semantic.py", line 1086, in load\n    return self._load_legacy(ptr, mask, other, boundary_check, padding, cache, eviction, is_volatile)\n  File "/home/lijiaxing/.conda/envs/api/lib/python3.10/site-packages/triton/language/semantic.py", line 1037, in _load_legacy\n    mask = self.broadcast_impl_shape(mask, ptr.type.get_block_shapes())\n  File "/home/lijiaxing/.conda/envs/api/lib/python3.10/site-packages/triton/language/semantic.py", line 697, in broadcast_impl_shape\n    raise ValueError(f"Cannot broadcast, rank mismatch: {src_shape}, {shape}")\nValueError: Cannot broadcast, rank mismatch: [\'1\', \'1\', \'4\', \'1\', \'16\'], [\'4\', \'4\', \'1\', \'16\']\n', 'runtime_error_name': 'triton.compiler.errors.CompilationError', 'reference_timing_ms': 0.0744, 'speed_up': -1.0, 'custom_timing': -1.0}, 'runtime': -1.0, 'runtime_stats': {}}}
2025-08-08 19:13:03,569 - openevolve.llm.ensemble - INFO - Sampled model: deepseek
2025-08-08 19:13:03,580 - openevolve.threaded_parallel - INFO - Iteration 11: Program 7f4058bc-98a2-4342-b7bb-c0e21426547b (parent: 0c38815b-fa1a-435b-9c51-10a37c894cdd) completed in 855.25s
2025-08-08 19:13:03,581 - openevolve.threaded_parallel - INFO - Metrics: compiled=1.0000, correctness=0.0000, score=10.0000, stage=wrong_answer, verify_payload={'id': 'level1_72_conv_transposed_3D_asymmetric_input_asymmetric_kernel___strided_padded_grouped_', 'result': {'compiled': True, 'correctness': False, 'metadata': {'hardware': 'NVIDIA L20Y', 'device': 'cuda:3', 'runtime_error': 'Traceback (most recent call last):\n  File "/home/lijiaxing/.conda/envs/api/lib/python3.10/site-packages/triton/language/core.py", line 42, in wrapper\n    return fn(*args, **kwargs)\n  File "/home/lijiaxing/.conda/envs/api/lib/python3.10/site-packages/triton/language/core.py", line 2150, in load\n    return _semantic.load(pointer, mask, other, boundary_check, padding_option, cache_modifier, eviction_policy,\n  File "/home/lijiaxing/.conda/envs/api/lib/python3.10/site-packages/triton/language/semantic.py", line 1086, in load\n    return self._load_legacy(ptr, mask, other, boundary_check, padding, cache, eviction, is_volatile)\n  File "/home/lijiaxing/.conda/envs/api/lib/python3.10/site-packages/triton/language/semantic.py", line 1037, in _load_legacy\n    mask = self.broadcast_impl_shape(mask, ptr.type.get_block_shapes())\n  File "/home/lijiaxing/.conda/envs/api/lib/python3.10/site-packages/triton/language/semantic.py", line 697, in broadcast_impl_shape\n    raise ValueError(f"Cannot broadcast, rank mismatch: {src_shape}, {shape}")\nValueError: Cannot broadcast, rank mismatch: [\'1\', \'1\', \'4\', \'1\', \'16\'], [\'4\', \'4\', \'1\', \'16\']\n\nThe above exception was the direct cause of the following exception:\n\nTraceback (most recent call last):\n  File "/cpfs01/shared/llm_kernel/hujiakai/KernelLLM/validation_api_server/helpers/evaluations.py", line 720, in run_and_check_correctness\n    output_new = model_new(*inputs)\n  File "/home/lijiaxing/.conda/envs/api/lib/python3.10/site-packages/torch/nn/modules/module.py", line 1773, in _wrapped_call_impl\n    return self._call_impl(*args, **kwargs)\n  File "/home/lijiaxing/.conda/envs/api/lib/python3.10/site-packages/torch/nn/modules/module.py", line 1784, in _call_impl\n    return forward_call(*args, **kwargs)\n  File "/tmp/tmpqzy7gt81.py", line 177, in forward\n    conv_transpose3d_kernel[(grid_b, grid_c, total_grid_dhw)](\n  File "/home/lijiaxing/.conda/envs/api/lib/python3.10/site-packages/triton/runtime/jit.py", line 390, in <lambda>\n    return lambda *args, **kwargs: self.run(grid=grid, warmup=False, *args, **kwargs)\n  File "/home/lijiaxing/.conda/envs/api/lib/python3.10/site-packages/triton/runtime/jit.py", line 594, in run\n    kernel = self.compile(src, target=target, options=options.__dict__)\n  File "/home/lijiaxing/.conda/envs/api/lib/python3.10/site-packages/triton/compiler/compiler.py", line 339, in compile\n    module = src.make_ir(options, codegen_fns, module_map, context)\n  File "/home/lijiaxing/.conda/envs/api/lib/python3.10/site-packages/triton/compiler/compiler.py", line 83, in make_ir\n    return ast_to_ttir(self.fn, self, context=context, options=options, codegen_fns=codegen_fns,\ntriton.compiler.errors.CompilationError: at 87:25:\n                valid_mask_4d = valid_mask_2d[None, None, :, :]  # Broadcast to 4D\n\n                # Load input values with masking\n                x_ptrs = (\n                    x_ptr + \n                    b_offs[:, None, None, None] * C_in * D_in * H_in * W_in +\n                    c_in_start[None, :, None, None] * D_in * H_in * W_in +\n                    d_in_idx[:, None, None] * H_in * W_in +\n                    h_in_idx[None, :, None] * W_in +\n                    w_in_idx[None, None, :]\n                )\n                x_vals = tl.load(x_ptrs, mask=valid_mask_4d, other=0.0)\n                         ^\n\n\nThe above exception was the direct cause of the following exception:\n\nTraceback (most recent call last):\n  File "/home/lijiaxing/.conda/envs/api/lib/python3.10/site-packages/triton/language/core.py", line 42, in wrapper\n    return fn(*args, **kwargs)\n  File "/home/lijiaxing/.conda/envs/api/lib/python3.10/site-packages/triton/language/core.py", line 2150, in load\n    return _semantic.load(pointer, mask, other, boundary_check, padding_option, cache_modifier, eviction_policy,\n  File "/home/lijiaxing/.conda/envs/api/lib/python3.10/site-packages/triton/language/semantic.py", line 1086, in load\n    return self._load_legacy(ptr, mask, other, boundary_check, padding, cache, eviction, is_volatile)\n  File "/home/lijiaxing/.conda/envs/api/lib/python3.10/site-packages/triton/language/semantic.py", line 1037, in _load_legacy\n    mask = self.broadcast_impl_shape(mask, ptr.type.get_block_shapes())\n  File "/home/lijiaxing/.conda/envs/api/lib/python3.10/site-packages/triton/language/semantic.py", line 697, in broadcast_impl_shape\n    raise ValueError(f"Cannot broadcast, rank mismatch: {src_shape}, {shape}")\nValueError: Cannot broadcast, rank mismatch: [\'1\', \'1\', \'4\', \'1\', \'16\'], [\'4\', \'4\', \'1\', \'16\']\n', 'runtime_error_name': 'triton.compiler.errors.CompilationError', 'reference_timing_ms': 0.0744, 'speed_up': -1.0, 'custom_timing': -1.0}, 'runtime': -1.0, 'runtime_stats': {}}}
2025-08-08 19:13:04,476 - openevolve.RemoteSpeedupEvaluator - INFO - [level1_72_conv_transposed_3D_asymmetric_input_asymmetric_kernel___strided_padded_grouped_] verify_plus request success
2025-08-08 19:13:04,476 - openevolve.RemoteSpeedupEvaluator - INFO - [level1_72_conv_transposed_3D_asymmetric_input_asymmetric_kernel___strided_padded_grouped_] verify_plus response: {"id":"level1_72_conv_transposed_3D_asymmetric_input_asymmetric_kernel___strided_padded_grouped_","result":{"compiled":true,"correctness":false,"metadata":{"hardware":"NVIDIA L20Y","device":"cuda:6","runtime_error":"Traceback (most recent call last):\n  File \"/home/lijiaxing/.conda/envs/api/lib/python3.10/site-packages/triton/language/core.py\", line 42, in wrapper\n    return fn(*args, **kwargs)\n  File \"/home/lijiaxing/.conda/envs/api/lib/python3.10/site-packages/triton/language/core.py\", line 2150, in load\n    return _semantic.load(pointer, mask, other, boundary_check, padding_option, cache_modifier, eviction_policy,\n  File \"/home/lijiaxing/.conda/envs/api/lib/python3.10/site-packages/triton/language/semantic.py\", line 1086, in load\n    return self._load_legacy(ptr, mask, other,
2025-08-08 19:13:04,476 - openevolve.RemoteSpeedupEvaluator - INFO - [level1_72_conv_transposed_3D_asymmetric_input_asymmetric_kernel___strided_padded_grouped_] âœ˜ wrong_answer
2025-08-08 19:13:04,476 - openevolve.evaluator - INFO - Evaluated program 8b6a0ea3-032c-468c-aa4a-5e11df799b3d in 26.36s: compiled=1.0000, correctness=0.0000, score=10.0000, stage=wrong_answer, verify_payload={'id': 'level1_72_conv_transposed_3D_asymmetric_input_asymmetric_kernel___strided_padded_grouped_', 'result': {'compiled': True, 'correctness': False, 'metadata': {'hardware': 'NVIDIA L20Y', 'device': 'cuda:6', 'runtime_error': 'Traceback (most recent call last):\n  File "/home/lijiaxing/.conda/envs/api/lib/python3.10/site-packages/triton/language/core.py", line 42, in wrapper\n    return fn(*args, **kwargs)\n  File "/home/lijiaxing/.conda/envs/api/lib/python3.10/site-packages/triton/language/core.py", line 2150, in load\n    return _semantic.load(pointer, mask, other, boundary_check, padding_option, cache_modifier, eviction_policy,\n  File "/home/lijiaxing/.conda/envs/api/lib/python3.10/site-packages/triton/language/semantic.py", line 1086, in load\n    return self._load_legacy(ptr, mask, other, boundary_check, padding, cache, eviction, is_volatile)\n  File "/home/lijiaxing/.conda/envs/api/lib/python3.10/site-packages/triton/language/semantic.py", line 1037, in _load_legacy\n    mask = self.broadcast_impl_shape(mask, ptr.type.get_block_shapes())\n  File "/home/lijiaxing/.conda/envs/api/lib/python3.10/site-packages/triton/language/semantic.py", line 697, in broadcast_impl_shape\n    raise ValueError(f"Cannot broadcast, rank mismatch: {src_shape}, {shape}")\nValueError: Cannot broadcast, rank mismatch: [\'4\', \'1\', \'16\'], [\'4\', \'4\', \'1\', \'16\']\n\nThe above exception was the direct cause of the following exception:\n\nTraceback (most recent call last):\n  File "/cpfs01/shared/llm_kernel/hujiakai/KernelLLM/validation_api_server/helpers/evaluations.py", line 720, in run_and_check_correctness\n    output_new = model_new(*inputs)\n  File "/home/lijiaxing/.conda/envs/api/lib/python3.10/site-packages/torch/nn/modules/module.py", line 1773, in _wrapped_call_impl\n    return self._call_impl(*args, **kwargs)\n  File "/home/lijiaxing/.conda/envs/api/lib/python3.10/site-packages/torch/nn/modules/module.py", line 1784, in _call_impl\n    return forward_call(*args, **kwargs)\n  File "/tmp/tmpxskd5pqc.py", line 168, in forward\n    conv_transpose3d_kernel[(grid_b, grid_c, grid_d * grid_hw)](\n  File "/home/lijiaxing/.conda/envs/api/lib/python3.10/site-packages/triton/runtime/jit.py", line 390, in <lambda>\n    return lambda *args, **kwargs: self.run(grid=grid, warmup=False, *args, **kwargs)\n  File "/home/lijiaxing/.conda/envs/api/lib/python3.10/site-packages/triton/runtime/jit.py", line 594, in run\n    kernel = self.compile(src, target=target, options=options.__dict__)\n  File "/home/lijiaxing/.conda/envs/api/lib/python3.10/site-packages/triton/compiler/compiler.py", line 339, in compile\n    module = src.make_ir(options, codegen_fns, module_map, context)\n  File "/home/lijiaxing/.conda/envs/api/lib/python3.10/site-packages/triton/compiler/compiler.py", line 83, in make_ir\n    return ast_to_ttir(self.fn, self, context=context, options=options, codegen_fns=codegen_fns,\ntriton.compiler.errors.CompilationError: at 81:25:\n                valid_mask = d_mask[:, None] & h_mask[None, :] & w_mask[None, :]\n\n                # Load input values with masking\n                x_ptrs = (\n                    x_ptr + \n                    b_offs[:, None, None, None] * C_in * D_in * H_in * W_in +\n                    c_in_start[None, :, None, None] * D_in * H_in * W_in +\n                    d_in_idx[:, None, None] * H_in * W_in +\n                    h_in_idx[None, :, None] * W_in +\n                    w_in_idx[None, None, :]\n                )\n                x_vals = tl.load(x_ptrs, mask=valid_mask, other=0.0)\n                         ^\n\n\nThe above exception was the direct cause of the following exception:\n\nTraceback (most recent call last):\n  File "/home/lijiaxing/.conda/envs/api/lib/python3.10/site-packages/triton/language/core.py", line 42, in wrapper\n    return fn(*args, **kwargs)\n  File "/home/lijiaxing/.conda/envs/api/lib/python3.10/site-packages/triton/language/core.py", line 2150, in load\n    return _semantic.load(pointer, mask, other, boundary_check, padding_option, cache_modifier, eviction_policy,\n  File "/home/lijiaxing/.conda/envs/api/lib/python3.10/site-packages/triton/language/semantic.py", line 1086, in load\n    return self._load_legacy(ptr, mask, other, boundary_check, padding, cache, eviction, is_volatile)\n  File "/home/lijiaxing/.conda/envs/api/lib/python3.10/site-packages/triton/language/semantic.py", line 1037, in _load_legacy\n    mask = self.broadcast_impl_shape(mask, ptr.type.get_block_shapes())\n  File "/home/lijiaxing/.conda/envs/api/lib/python3.10/site-packages/triton/language/semantic.py", line 697, in broadcast_impl_shape\n    raise ValueError(f"Cannot broadcast, rank mismatch: {src_shape}, {shape}")\nValueError: Cannot broadcast, rank mismatch: [\'4\', \'1\', \'16\'], [\'4\', \'4\', \'1\', \'16\']\n', 'runtime_error_name': 'triton.compiler.errors.CompilationError', 'reference_timing_ms': 0.0744, 'speed_up': -1.0, 'custom_timing': -1.0}, 'runtime': -1.0, 'runtime_stats': {}}}
2025-08-08 19:13:04,481 - openevolve.llm.ensemble - INFO - Sampled model: deepseek
2025-08-08 19:13:04,492 - openevolve.threaded_parallel - INFO - Iteration 8: Program 8b6a0ea3-032c-468c-aa4a-5e11df799b3d (parent: 0c38815b-fa1a-435b-9c51-10a37c894cdd) completed in 1284.97s
2025-08-08 19:13:04,493 - openevolve.threaded_parallel - INFO - Metrics: compiled=1.0000, correctness=0.0000, score=10.0000, stage=wrong_answer, verify_payload={'id': 'level1_72_conv_transposed_3D_asymmetric_input_asymmetric_kernel___strided_padded_grouped_', 'result': {'compiled': True, 'correctness': False, 'metadata': {'hardware': 'NVIDIA L20Y', 'device': 'cuda:6', 'runtime_error': 'Traceback (most recent call last):\n  File "/home/lijiaxing/.conda/envs/api/lib/python3.10/site-packages/triton/language/core.py", line 42, in wrapper\n    return fn(*args, **kwargs)\n  File "/home/lijiaxing/.conda/envs/api/lib/python3.10/site-packages/triton/language/core.py", line 2150, in load\n    return _semantic.load(pointer, mask, other, boundary_check, padding_option, cache_modifier, eviction_policy,\n  File "/home/lijiaxing/.conda/envs/api/lib/python3.10/site-packages/triton/language/semantic.py", line 1086, in load\n    return self._load_legacy(ptr, mask, other, boundary_check, padding, cache, eviction, is_volatile)\n  File "/home/lijiaxing/.conda/envs/api/lib/python3.10/site-packages/triton/language/semantic.py", line 1037, in _load_legacy\n    mask = self.broadcast_impl_shape(mask, ptr.type.get_block_shapes())\n  File "/home/lijiaxing/.conda/envs/api/lib/python3.10/site-packages/triton/language/semantic.py", line 697, in broadcast_impl_shape\n    raise ValueError(f"Cannot broadcast, rank mismatch: {src_shape}, {shape}")\nValueError: Cannot broadcast, rank mismatch: [\'4\', \'1\', \'16\'], [\'4\', \'4\', \'1\', \'16\']\n\nThe above exception was the direct cause of the following exception:\n\nTraceback (most recent call last):\n  File "/cpfs01/shared/llm_kernel/hujiakai/KernelLLM/validation_api_server/helpers/evaluations.py", line 720, in run_and_check_correctness\n    output_new = model_new(*inputs)\n  File "/home/lijiaxing/.conda/envs/api/lib/python3.10/site-packages/torch/nn/modules/module.py", line 1773, in _wrapped_call_impl\n    return self._call_impl(*args, **kwargs)\n  File "/home/lijiaxing/.conda/envs/api/lib/python3.10/site-packages/torch/nn/modules/module.py", line 1784, in _call_impl\n    return forward_call(*args, **kwargs)\n  File "/tmp/tmpxskd5pqc.py", line 168, in forward\n    conv_transpose3d_kernel[(grid_b, grid_c, grid_d * grid_hw)](\n  File "/home/lijiaxing/.conda/envs/api/lib/python3.10/site-packages/triton/runtime/jit.py", line 390, in <lambda>\n    return lambda *args, **kwargs: self.run(grid=grid, warmup=False, *args, **kwargs)\n  File "/home/lijiaxing/.conda/envs/api/lib/python3.10/site-packages/triton/runtime/jit.py", line 594, in run\n    kernel = self.compile(src, target=target, options=options.__dict__)\n  File "/home/lijiaxing/.conda/envs/api/lib/python3.10/site-packages/triton/compiler/compiler.py", line 339, in compile\n    module = src.make_ir(options, codegen_fns, module_map, context)\n  File "/home/lijiaxing/.conda/envs/api/lib/python3.10/site-packages/triton/compiler/compiler.py", line 83, in make_ir\n    return ast_to_ttir(self.fn, self, context=context, options=options, codegen_fns=codegen_fns,\ntriton.compiler.errors.CompilationError: at 81:25:\n                valid_mask = d_mask[:, None] & h_mask[None, :] & w_mask[None, :]\n\n                # Load input values with masking\n                x_ptrs = (\n                    x_ptr + \n                    b_offs[:, None, None, None] * C_in * D_in * H_in * W_in +\n                    c_in_start[None, :, None, None] * D_in * H_in * W_in +\n                    d_in_idx[:, None, None] * H_in * W_in +\n                    h_in_idx[None, :, None] * W_in +\n                    w_in_idx[None, None, :]\n                )\n                x_vals = tl.load(x_ptrs, mask=valid_mask, other=0.0)\n                         ^\n\n\nThe above exception was the direct cause of the following exception:\n\nTraceback (most recent call last):\n  File "/home/lijiaxing/.conda/envs/api/lib/python3.10/site-packages/triton/language/core.py", line 42, in wrapper\n    return fn(*args, **kwargs)\n  File "/home/lijiaxing/.conda/envs/api/lib/python3.10/site-packages/triton/language/core.py", line 2150, in load\n    return _semantic.load(pointer, mask, other, boundary_check, padding_option, cache_modifier, eviction_policy,\n  File "/home/lijiaxing/.conda/envs/api/lib/python3.10/site-packages/triton/language/semantic.py", line 1086, in load\n    return self._load_legacy(ptr, mask, other, boundary_check, padding, cache, eviction, is_volatile)\n  File "/home/lijiaxing/.conda/envs/api/lib/python3.10/site-packages/triton/language/semantic.py", line 1037, in _load_legacy\n    mask = self.broadcast_impl_shape(mask, ptr.type.get_block_shapes())\n  File "/home/lijiaxing/.conda/envs/api/lib/python3.10/site-packages/triton/language/semantic.py", line 697, in broadcast_impl_shape\n    raise ValueError(f"Cannot broadcast, rank mismatch: {src_shape}, {shape}")\nValueError: Cannot broadcast, rank mismatch: [\'4\', \'1\', \'16\'], [\'4\', \'4\', \'1\', \'16\']\n', 'runtime_error_name': 'triton.compiler.errors.CompilationError', 'reference_timing_ms': 0.0744, 'speed_up': -1.0, 'custom_timing': -1.0}, 'runtime': -1.0, 'runtime_stats': {}}}
2025-08-08 19:13:05,514 - openevolve.RemoteSpeedupEvaluator - INFO - [level1_72_conv_transposed_3D_asymmetric_input_asymmetric_kernel___strided_padded_grouped_] verify_plus request success
2025-08-08 19:13:05,515 - openevolve.RemoteSpeedupEvaluator - INFO - [level1_72_conv_transposed_3D_asymmetric_input_asymmetric_kernel___strided_padded_grouped_] verify_plus response: {"id":"level1_72_conv_transposed_3D_asymmetric_input_asymmetric_kernel___strided_padded_grouped_","result":{"compiled":true,"correctness":false,"metadata":{"hardware":"NVIDIA L20Y","device":"cuda:2","runtime_error":"Traceback (most recent call last):\n  File \"/cpfs01/shared/llm_kernel/hujiakai/KernelLLM/validation_api_server/helpers/evaluations.py\", line 720, in run_and_check_correctness\n    output_new = model_new(*inputs)\n  File \"/home/lijiaxing/.conda/envs/api/lib/python3.10/site-packages/torch/nn/modules/module.py\", line 1773, in _wrapped_call_impl\n    return self._call_impl(*args, **kwargs)\n  File \"/home/lijiaxing/.conda/envs/api/lib/python3.10/site-packages/torch/nn/modules/module.py\", line 1784, in _call_impl\n    return forward_call(*args, **kwargs)\n  File \"/tmp/tmp2c_3i
2025-08-08 19:13:05,515 - openevolve.RemoteSpeedupEvaluator - INFO - [level1_72_conv_transposed_3D_asymmetric_input_asymmetric_kernel___strided_padded_grouped_] âœ˜ wrong_answer
2025-08-08 19:13:05,515 - openevolve.evaluator - INFO - Evaluated program cb636da0-efe4-4ac3-a0c6-930d6435ef99 in 27.40s: compiled=1.0000, correctness=0.0000, score=10.0000, stage=wrong_answer, verify_payload={'id': 'level1_72_conv_transposed_3D_asymmetric_input_asymmetric_kernel___strided_padded_grouped_', 'result': {'compiled': True, 'correctness': False, 'metadata': {'hardware': 'NVIDIA L20Y', 'device': 'cuda:2', 'runtime_error': 'Traceback (most recent call last):\n  File "/cpfs01/shared/llm_kernel/hujiakai/KernelLLM/validation_api_server/helpers/evaluations.py", line 720, in run_and_check_correctness\n    output_new = model_new(*inputs)\n  File "/home/lijiaxing/.conda/envs/api/lib/python3.10/site-packages/torch/nn/modules/module.py", line 1773, in _wrapped_call_impl\n    return self._call_impl(*args, **kwargs)\n  File "/home/lijiaxing/.conda/envs/api/lib/python3.10/site-packages/torch/nn/modules/module.py", line 1784, in _call_impl\n    return forward_call(*args, **kwargs)\n  File "/tmp/tmp2c_3iv1s.py", line 53, in forward\n    _conv_transpose3d_kernel[grid](\n  File "/home/lijiaxing/.conda/envs/api/lib/python3.10/site-packages/triton/runtime/jit.py", line 390, in <lambda>\n    return lambda *args, **kwargs: self.run(grid=grid, warmup=False, *args, **kwargs)\n  File "/home/lijiaxing/.conda/envs/api/lib/python3.10/site-packages/triton/runtime/jit.py", line 594, in run\n    kernel = self.compile(src, target=target, options=options.__dict__)\n  File "/home/lijiaxing/.conda/envs/api/lib/python3.10/site-packages/triton/compiler/compiler.py", line 339, in compile\n    module = src.make_ir(options, codegen_fns, module_map, context)\n  File "/home/lijiaxing/.conda/envs/api/lib/python3.10/site-packages/triton/compiler/compiler.py", line 83, in make_ir\n    return ast_to_ttir(self.fn, self, context=context, options=options, codegen_fns=codegen_fns,\ntriton.compiler.errors.CompilationError: at 84:29:\n                    (c_offsets % group_size) * w_stride_c_out\n                )\n\n                # Vectorized channel processing\n                for c_in_block in range(0, in_channels // groups, BLOCK_C):\n                    c_in_offsets = c_in_start + c_in_block + tl.arange(0, BLOCK_C)\n                    mask = (c_offsets < out_channels) & (c_in_offsets < (c_in_start + in_channels // groups))\n\n                    # Load input\n                    x_vals = tl.load(\n                        x_ptr + x_offsets + c_in_offsets * x_stride_c,\n                        mask=mask & valid,\n                             ^\nValueError(\'Cannot make_shape_compatible: incompatible dimensions at index 0: 64 and 16\')\n\n\nThe above exception was the direct cause of the following exception:\n\nTraceback (most recent call last):\n  File "/home/lijiaxing/.conda/envs/api/lib/python3.10/site-packages/triton/language/core.py", line 42, in wrapper\n    return fn(*args, **kwargs)\n  File "/home/lijiaxing/.conda/envs/api/lib/python3.10/site-packages/triton/language/core.py", line 966, in __and__\n    return _semantic.and_(self, other)\n  File "/home/lijiaxing/.conda/envs/api/lib/python3.10/site-packages/triton/language/semantic.py", line 420, in and_\n    input, other = self.bitwise_op_type_checking_impl(input, other)\n  File "/home/lijiaxing/.conda/envs/api/lib/python3.10/site-packages/triton/language/semantic.py", line 407, in bitwise_op_type_checking_impl\n    input, other = self.binary_op_type_checking_impl(input, other)\n  File "/home/lijiaxing/.conda/envs/api/lib/python3.10/site-packages/triton/language/semantic.py", line 203, in binary_op_type_checking_impl\n    lhs, rhs = self.broadcast_impl_value(lhs, rhs)\n  File "/home/lijiaxing/.conda/envs/api/lib/python3.10/site-packages/triton/language/semantic.py", line 749, in broadcast_impl_value\n    raise ValueError("Cannot make_shape_compatible: incompatible dimensions "\nValueError: Cannot make_shape_compatible: incompatible dimensions at index 0: 64 and 16\n', 'runtime_error_name': 'triton.compiler.errors.CompilationError', 'reference_timing_ms': 0.0744, 'speed_up': -1.0, 'custom_timing': -1.0}, 'runtime': -1.0, 'runtime_stats': {}}}
2025-08-08 19:13:05,521 - openevolve.llm.ensemble - INFO - Sampled model: deepseek
2025-08-08 19:13:05,536 - openevolve.threaded_parallel - INFO - Iteration 10: Program cb636da0-efe4-4ac3-a0c6-930d6435ef99 (parent: 336b0d38-e309-4e20-aa93-e11f7a4f6a93) completed in 885.34s
2025-08-08 19:13:05,536 - openevolve.threaded_parallel - INFO - Metrics: compiled=1.0000, correctness=0.0000, score=10.0000, stage=wrong_answer, verify_payload={'id': 'level1_72_conv_transposed_3D_asymmetric_input_asymmetric_kernel___strided_padded_grouped_', 'result': {'compiled': True, 'correctness': False, 'metadata': {'hardware': 'NVIDIA L20Y', 'device': 'cuda:2', 'runtime_error': 'Traceback (most recent call last):\n  File "/cpfs01/shared/llm_kernel/hujiakai/KernelLLM/validation_api_server/helpers/evaluations.py", line 720, in run_and_check_correctness\n    output_new = model_new(*inputs)\n  File "/home/lijiaxing/.conda/envs/api/lib/python3.10/site-packages/torch/nn/modules/module.py", line 1773, in _wrapped_call_impl\n    return self._call_impl(*args, **kwargs)\n  File "/home/lijiaxing/.conda/envs/api/lib/python3.10/site-packages/torch/nn/modules/module.py", line 1784, in _call_impl\n    return forward_call(*args, **kwargs)\n  File "/tmp/tmp2c_3iv1s.py", line 53, in forward\n    _conv_transpose3d_kernel[grid](\n  File "/home/lijiaxing/.conda/envs/api/lib/python3.10/site-packages/triton/runtime/jit.py", line 390, in <lambda>\n    return lambda *args, **kwargs: self.run(grid=grid, warmup=False, *args, **kwargs)\n  File "/home/lijiaxing/.conda/envs/api/lib/python3.10/site-packages/triton/runtime/jit.py", line 594, in run\n    kernel = self.compile(src, target=target, options=options.__dict__)\n  File "/home/lijiaxing/.conda/envs/api/lib/python3.10/site-packages/triton/compiler/compiler.py", line 339, in compile\n    module = src.make_ir(options, codegen_fns, module_map, context)\n  File "/home/lijiaxing/.conda/envs/api/lib/python3.10/site-packages/triton/compiler/compiler.py", line 83, in make_ir\n    return ast_to_ttir(self.fn, self, context=context, options=options, codegen_fns=codegen_fns,\ntriton.compiler.errors.CompilationError: at 84:29:\n                    (c_offsets % group_size) * w_stride_c_out\n                )\n\n                # Vectorized channel processing\n                for c_in_block in range(0, in_channels // groups, BLOCK_C):\n                    c_in_offsets = c_in_start + c_in_block + tl.arange(0, BLOCK_C)\n                    mask = (c_offsets < out_channels) & (c_in_offsets < (c_in_start + in_channels // groups))\n\n                    # Load input\n                    x_vals = tl.load(\n                        x_ptr + x_offsets + c_in_offsets * x_stride_c,\n                        mask=mask & valid,\n                             ^\nValueError(\'Cannot make_shape_compatible: incompatible dimensions at index 0: 64 and 16\')\n\n\nThe above exception was the direct cause of the following exception:\n\nTraceback (most recent call last):\n  File "/home/lijiaxing/.conda/envs/api/lib/python3.10/site-packages/triton/language/core.py", line 42, in wrapper\n    return fn(*args, **kwargs)\n  File "/home/lijiaxing/.conda/envs/api/lib/python3.10/site-packages/triton/language/core.py", line 966, in __and__\n    return _semantic.and_(self, other)\n  File "/home/lijiaxing/.conda/envs/api/lib/python3.10/site-packages/triton/language/semantic.py", line 420, in and_\n    input, other = self.bitwise_op_type_checking_impl(input, other)\n  File "/home/lijiaxing/.conda/envs/api/lib/python3.10/site-packages/triton/language/semantic.py", line 407, in bitwise_op_type_checking_impl\n    input, other = self.binary_op_type_checking_impl(input, other)\n  File "/home/lijiaxing/.conda/envs/api/lib/python3.10/site-packages/triton/language/semantic.py", line 203, in binary_op_type_checking_impl\n    lhs, rhs = self.broadcast_impl_value(lhs, rhs)\n  File "/home/lijiaxing/.conda/envs/api/lib/python3.10/site-packages/triton/language/semantic.py", line 749, in broadcast_impl_value\n    raise ValueError("Cannot make_shape_compatible: incompatible dimensions "\nValueError: Cannot make_shape_compatible: incompatible dimensions at index 0: 64 and 16\n', 'runtime_error_name': 'triton.compiler.errors.CompilationError', 'reference_timing_ms': 0.0744, 'speed_up': -1.0, 'custom_timing': -1.0}, 'runtime': -1.0, 'runtime_stats': {}}}
