2025-08-08 02:44:48,834 - openevolve.controller - INFO - Logging to openevolve_output/level3_9_ResNet18/logs/openevolve_20250808_024448.log
2025-08-08 02:44:48,834 - openevolve.controller - INFO - Set random seed to 42 for reproducibility
2025-08-08 02:44:48,875 - openevolve.llm.ensemble - INFO - Initialized LLM ensemble with models: deepseek (weight: 0.80), deepseek (weight: 0.20)
2025-08-08 02:44:48,913 - openevolve.llm.ensemble - INFO - Initialized LLM ensemble with models: deepseek (weight: 0.80), deepseek (weight: 0.20)
2025-08-08 02:44:48,914 - openevolve.prompt.sampler - INFO - Set custom templates: system=evaluator_system_message, user=None
2025-08-08 02:44:48,914 - openevolve.database - INFO - Initialized program database with 0 programs
2025-08-08 02:44:48,936 - openevolve.evaluator - INFO - Successfully loaded evaluation function from openevolve_output/level3_9_ResNet18/evaluation.py
2025-08-08 02:44:48,936 - openevolve.evaluator - INFO - Initialized evaluator with openevolve_output/level3_9_ResNet18/evaluation.py
2025-08-08 02:44:48,936 - openevolve.controller - INFO - Initialized OpenEvolve with /tmp/64c78cae53f3df48d7c06c0bf097f404.py
2025-08-08 02:44:48,936 - openevolve.controller - INFO - Adding initial program to database
2025-08-08 02:44:48,937 - openevolve.RemoteSpeedupEvaluator - INFO - [level3_9_ResNet18] verify_plus payload: reference_code(3706 chars) + custom_code(3830 chars)
2025-08-08 02:44:55,231 - openevolve.RemoteSpeedupEvaluator - INFO - [level3_9_ResNet18] verify_plus request success
2025-08-08 02:44:55,232 - openevolve.RemoteSpeedupEvaluator - INFO - [level3_9_ResNet18] verify_plus response: {"id":"level3_9_ResNet18","result":{"compiled":true,"correctness":true,"metadata":{"hardware":"NVIDIA L20Y","device":"cuda:6","correctness_trials":"(5 / 5)","reference_timing_ms":1.35,"speed_up":0.86,"custom_timing":1.57},"runtime":1.57,"runtime_stats":{"mean":1.57,"std":0.0393,"min":1.52,"max":1.77,"num_trials":100,"hardware":"NVIDIA L20Y","device":"cuda:6"}}}
2025-08-08 02:44:55,232 - openevolve.evaluator - INFO - Evaluated program ce601400-86aa-405e-b406-b01a104e54df in 6.30s: compiled=1.0000, correctness=1.0000, stage=reference code, passed=0.0000, score=0.0000, speed_up=1.0000, runtime_ms=1.5700, meta={'hardware': 'NVIDIA L20Y', 'device': 'cuda:6', 'correctness_trials': '(5 / 5)', 'reference_timing_ms': 1.35, 'speed_up': 0.86, 'custom_timing': 1.57}
2025-08-08 02:44:55,233 - openevolve.database - INFO - New MAP-Elites cell occupied: {'score': 0, 'complexity': 3}
2025-08-08 02:44:55,255 - openevolve.threaded_parallel - INFO - Initializing threaded evaluation pool with 3 workers
2025-08-08 02:44:55,256 - openevolve.threaded_parallel - INFO - Started thread pool with 3 threads
2025-08-08 02:44:55,256 - openevolve.threaded_parallel - INFO - Started improved parallel controller
2025-08-08 02:44:55,256 - openevolve.controller - INFO - Using island-based evolution with 3 islands
2025-08-08 02:44:55,257 - openevolve.database - INFO - Island Status:
2025-08-08 02:44:55,257 - openevolve.database - INFO -  * Island 0: 1 programs, best=0.0000, avg=0.0000, diversity=0.00, gen=0 (best: ce601400-86aa-405e-b406-b01a104e54df)
2025-08-08 02:44:55,257 - openevolve.database - INFO -    Island 1: 0 programs, best=0.0000, avg=0.0000, diversity=0.00, gen=0
2025-08-08 02:44:55,257 - openevolve.database - INFO -    Island 2: 0 programs, best=0.0000, avg=0.0000, diversity=0.00, gen=0
2025-08-08 02:44:55,257 - openevolve.threaded_parallel - INFO - Starting improved parallel evolution from iteration 0 for 30 iterations (total: 30)
2025-08-08 02:44:55,474 - openevolve.llm.ensemble - INFO - Initialized LLM ensemble with models: deepseek (weight: 0.80), deepseek (weight: 0.20)
2025-08-08 02:44:55,498 - openevolve.llm.ensemble - INFO - Initialized LLM ensemble with models: deepseek (weight: 0.80), deepseek (weight: 0.20)
2025-08-08 02:44:55,564 - openevolve.llm.ensemble - INFO - Initialized LLM ensemble with models: deepseek (weight: 0.80), deepseek (weight: 0.20)
2025-08-08 02:44:55,691 - openevolve.llm.ensemble - INFO - Initialized LLM ensemble with models: deepseek (weight: 0.80), deepseek (weight: 0.20)
2025-08-08 02:44:55,691 - openevolve.prompt.sampler - INFO - Set custom templates: system=evaluator_system_message, user=None
2025-08-08 02:44:55,693 - openevolve.evaluator - INFO - Successfully loaded evaluation function from openevolve_output/level3_9_ResNet18/evaluation.py
2025-08-08 02:44:55,694 - openevolve.evaluator - INFO - Initialized evaluator with openevolve_output/level3_9_ResNet18/evaluation.py
2025-08-08 02:44:55,695 - openevolve.llm.ensemble - INFO - Sampled model: deepseek
2025-08-08 02:44:55,712 - openevolve.llm.ensemble - INFO - Initialized LLM ensemble with models: deepseek (weight: 0.80), deepseek (weight: 0.20)
2025-08-08 02:44:55,712 - openevolve.prompt.sampler - INFO - Set custom templates: system=evaluator_system_message, user=None
2025-08-08 02:44:55,714 - openevolve.evaluator - INFO - Successfully loaded evaluation function from openevolve_output/level3_9_ResNet18/evaluation.py
2025-08-08 02:44:55,714 - openevolve.evaluator - INFO - Initialized evaluator with openevolve_output/level3_9_ResNet18/evaluation.py
2025-08-08 02:44:55,716 - openevolve.llm.ensemble - INFO - Sampled model: deepseek
2025-08-08 02:44:55,729 - openevolve.llm.ensemble - INFO - Initialized LLM ensemble with models: deepseek (weight: 0.80), deepseek (weight: 0.20)
2025-08-08 02:44:55,729 - openevolve.prompt.sampler - INFO - Set custom templates: system=evaluator_system_message, user=None
2025-08-08 02:44:55,731 - openevolve.evaluator - INFO - Successfully loaded evaluation function from openevolve_output/level3_9_ResNet18/evaluation.py
2025-08-08 02:44:55,731 - openevolve.evaluator - INFO - Initialized evaluator with openevolve_output/level3_9_ResNet18/evaluation.py
2025-08-08 02:44:55,733 - openevolve.llm.ensemble - INFO - Sampled model: deepseek
2025-08-08 02:56:26,197 - openevolve.RemoteSpeedupEvaluator - INFO - [level3_9_ResNet18] triton key words check pass
2025-08-08 02:56:26,200 - openevolve.RemoteSpeedupEvaluator - INFO - [level3_9_ResNet18] verify_plus payload: reference_code(3706 chars) + custom_code(6599 chars)
2025-08-08 02:56:29,203 - openevolve.RemoteSpeedupEvaluator - INFO - [level3_9_ResNet18] verify_plus request success
2025-08-08 02:56:29,203 - openevolve.RemoteSpeedupEvaluator - INFO - [level3_9_ResNet18] verify_plus response: {"id":"level3_9_ResNet18","result":{"compiled":true,"correctness":false,"metadata":{"hardware":"NVIDIA L20Y","device":"cuda:7","runtime_error":"Traceback (most recent call last):\n  File \"/cpfs01/shared/llm_kernel/hujiakai/KernelLLM/validation_api_server/helpers/evaluations.py\", line 720, in run_and_check_correctness\n    output_new = model_new(*inputs)\n  File \"/home/lijiaxing/.conda/envs/api/lib/python3.10/site-packages/torch/nn/modules/module.py\", line 1773, in _wrapped_call_impl\n    return self._call_impl(*args, **kwargs)\n  File \"/home/lijiaxing/.conda/envs/api/lib/python3.10/site-packages/torch/nn/modules/module.py\", line 1784, in _call_impl\n    return forward_call(*args, **kwargs)\n  File \"/tmp/tmpqjy1erz3.py\", line 175, in forward\n    x = self.fc(x)\n  File \"/home/lijia
2025-08-08 02:56:29,203 - openevolve.RemoteSpeedupEvaluator - INFO - [level3_9_ResNet18] âœ˜ wrong_answer
2025-08-08 02:56:29,204 - openevolve.evaluator - INFO - Evaluated program c8d0aa6d-2dd9-40a6-8202-0484eca7ca62 in 3.01s: compiled=1.0000, correctness=0.0000, score=10.0000, stage=wrong_answer, verify_payload={'id': 'level3_9_ResNet18', 'result': {'compiled': True, 'correctness': False, 'metadata': {'hardware': 'NVIDIA L20Y', 'device': 'cuda:7', 'runtime_error': 'Traceback (most recent call last):\n  File "/cpfs01/shared/llm_kernel/hujiakai/KernelLLM/validation_api_server/helpers/evaluations.py", line 720, in run_and_check_correctness\n    output_new = model_new(*inputs)\n  File "/home/lijiaxing/.conda/envs/api/lib/python3.10/site-packages/torch/nn/modules/module.py", line 1773, in _wrapped_call_impl\n    return self._call_impl(*args, **kwargs)\n  File "/home/lijiaxing/.conda/envs/api/lib/python3.10/site-packages/torch/nn/modules/module.py", line 1784, in _call_impl\n    return forward_call(*args, **kwargs)\n  File "/tmp/tmpqjy1erz3.py", line 175, in forward\n    x = self.fc(x)\n  File "/home/lijiaxing/.conda/envs/api/lib/python3.10/site-packages/torch/nn/modules/module.py", line 1773, in _wrapped_call_impl\n    return self._call_impl(*args, **kwargs)\n  File "/home/lijiaxing/.conda/envs/api/lib/python3.10/site-packages/torch/nn/modules/module.py", line 1784, in _call_impl\n    return forward_call(*args, **kwargs)\n  File "/tmp/tmpqjy1erz3.py", line 111, in forward\n    triton_fc_kernel[grid](\n  File "/home/lijiaxing/.conda/envs/api/lib/python3.10/site-packages/triton/runtime/jit.py", line 390, in <lambda>\n    return lambda *args, **kwargs: self.run(grid=grid, warmup=False, *args, **kwargs)\n  File "/home/lijiaxing/.conda/envs/api/lib/python3.10/site-packages/triton/runtime/autotuner.py", line 239, in run\n    benchmark()\n  File "/home/lijiaxing/.conda/envs/api/lib/python3.10/site-packages/triton/runtime/autotuner.py", line 228, in benchmark\n    timings = {config: self._bench(*args, config=config, **kwargs) for config in pruned_configs}\n  File "/home/lijiaxing/.conda/envs/api/lib/python3.10/site-packages/triton/runtime/autotuner.py", line 228, in <dictcomp>\n    timings = {config: self._bench(*args, config=config, **kwargs) for config in pruned_configs}\n  File "/home/lijiaxing/.conda/envs/api/lib/python3.10/site-packages/triton/runtime/autotuner.py", line 135, in _bench\n    raise ValueError(f"Conflicting meta-parameters: {\', \'.join(conflicts)}."\nValueError: Conflicting meta-parameters: BLOCK_SIZE_N, BLOCK_SIZE_M. Make sure that you don\'t re-define auto-tuned symbols.\n', 'runtime_error_name': 'builtins.ValueError', 'reference_timing_ms': 1.35, 'speed_up': -1.0, 'custom_timing': -1.0}, 'runtime': -1.0, 'runtime_stats': {}}}
2025-08-08 02:56:29,206 - openevolve.llm.ensemble - INFO - Sampled model: deepseek
2025-08-08 02:56:29,208 - openevolve.database - INFO - New MAP-Elites cell occupied: {'score': 9, 'complexity': 9}
2025-08-08 02:56:29,208 - openevolve.database - INFO - New best program c8d0aa6d-2dd9-40a6-8202-0484eca7ca62 replaces ce601400-86aa-405e-b406-b01a104e54df
2025-08-08 02:56:29,221 - openevolve.threaded_parallel - INFO - Iteration 0: Program c8d0aa6d-2dd9-40a6-8202-0484eca7ca62 (parent: ce601400-86aa-405e-b406-b01a104e54df) completed in 693.47s
2025-08-08 02:56:29,222 - openevolve.threaded_parallel - INFO - Metrics: compiled=1.0000, correctness=0.0000, score=10.0000, stage=wrong_answer, verify_payload={'id': 'level3_9_ResNet18', 'result': {'compiled': True, 'correctness': False, 'metadata': {'hardware': 'NVIDIA L20Y', 'device': 'cuda:7', 'runtime_error': 'Traceback (most recent call last):\n  File "/cpfs01/shared/llm_kernel/hujiakai/KernelLLM/validation_api_server/helpers/evaluations.py", line 720, in run_and_check_correctness\n    output_new = model_new(*inputs)\n  File "/home/lijiaxing/.conda/envs/api/lib/python3.10/site-packages/torch/nn/modules/module.py", line 1773, in _wrapped_call_impl\n    return self._call_impl(*args, **kwargs)\n  File "/home/lijiaxing/.conda/envs/api/lib/python3.10/site-packages/torch/nn/modules/module.py", line 1784, in _call_impl\n    return forward_call(*args, **kwargs)\n  File "/tmp/tmpqjy1erz3.py", line 175, in forward\n    x = self.fc(x)\n  File "/home/lijiaxing/.conda/envs/api/lib/python3.10/site-packages/torch/nn/modules/module.py", line 1773, in _wrapped_call_impl\n    return self._call_impl(*args, **kwargs)\n  File "/home/lijiaxing/.conda/envs/api/lib/python3.10/site-packages/torch/nn/modules/module.py", line 1784, in _call_impl\n    return forward_call(*args, **kwargs)\n  File "/tmp/tmpqjy1erz3.py", line 111, in forward\n    triton_fc_kernel[grid](\n  File "/home/lijiaxing/.conda/envs/api/lib/python3.10/site-packages/triton/runtime/jit.py", line 390, in <lambda>\n    return lambda *args, **kwargs: self.run(grid=grid, warmup=False, *args, **kwargs)\n  File "/home/lijiaxing/.conda/envs/api/lib/python3.10/site-packages/triton/runtime/autotuner.py", line 239, in run\n    benchmark()\n  File "/home/lijiaxing/.conda/envs/api/lib/python3.10/site-packages/triton/runtime/autotuner.py", line 228, in benchmark\n    timings = {config: self._bench(*args, config=config, **kwargs) for config in pruned_configs}\n  File "/home/lijiaxing/.conda/envs/api/lib/python3.10/site-packages/triton/runtime/autotuner.py", line 228, in <dictcomp>\n    timings = {config: self._bench(*args, config=config, **kwargs) for config in pruned_configs}\n  File "/home/lijiaxing/.conda/envs/api/lib/python3.10/site-packages/triton/runtime/autotuner.py", line 135, in _bench\n    raise ValueError(f"Conflicting meta-parameters: {\', \'.join(conflicts)}."\nValueError: Conflicting meta-parameters: BLOCK_SIZE_N, BLOCK_SIZE_M. Make sure that you don\'t re-define auto-tuned symbols.\n', 'runtime_error_name': 'builtins.ValueError', 'reference_timing_ms': 1.35, 'speed_up': -1.0, 'custom_timing': -1.0}, 'runtime': -1.0, 'runtime_stats': {}}}
2025-08-08 02:56:29,222 - openevolve.threaded_parallel - INFO - ðŸŒŸ New best solution found at iteration 0: c8d0aa6d-2dd9-40a6-8202-0484eca7ca62
2025-08-08 02:56:29,222 - openevolve.threaded_parallel - INFO - Checkpoint interval reached at iteration 0
2025-08-08 02:56:29,223 - openevolve.database - INFO - Island Status:
2025-08-08 02:56:29,223 - openevolve.database - INFO -  * Island 0: 2 programs, best=10.0000, avg=5.0000, diversity=1001.70, gen=1 (best: c8d0aa6d-2dd9-40a6-8202-0484eca7ca62)
2025-08-08 02:56:29,223 - openevolve.database - INFO -    Island 1: 0 programs, best=0.0000, avg=0.0000, diversity=0.00, gen=0
2025-08-08 02:56:29,223 - openevolve.database - INFO -    Island 2: 0 programs, best=0.0000, avg=0.0000, diversity=0.00, gen=0
2025-08-08 02:56:29,259 - openevolve.database - INFO - Saved database with 2 programs to openevolve_output/level3_9_ResNet18/checkpoints/checkpoint_0
2025-08-08 02:56:29,275 - openevolve.controller - INFO - Saved best program at checkpoint 0 with metrics: compiled=1.0000, correctness=0.0000, score=10.0000, stage=wrong_answer, verify_payload={'id': 'level3_9_ResNet18', 'result': {'compiled': True, 'correctness': False, 'metadata': {'hardware': 'NVIDIA L20Y', 'device': 'cuda:7', 'runtime_error': 'Traceback (most recent call last):\n  File "/cpfs01/shared/llm_kernel/hujiakai/KernelLLM/validation_api_server/helpers/evaluations.py", line 720, in run_and_check_correctness\n    output_new = model_new(*inputs)\n  File "/home/lijiaxing/.conda/envs/api/lib/python3.10/site-packages/torch/nn/modules/module.py", line 1773, in _wrapped_call_impl\n    return self._call_impl(*args, **kwargs)\n  File "/home/lijiaxing/.conda/envs/api/lib/python3.10/site-packages/torch/nn/modules/module.py", line 1784, in _call_impl\n    return forward_call(*args, **kwargs)\n  File "/tmp/tmpqjy1erz3.py", line 175, in forward\n    x = self.fc(x)\n  File "/home/lijiaxing/.conda/envs/api/lib/python3.10/site-packages/torch/nn/modules/module.py", line 1773, in _wrapped_call_impl\n    return self._call_impl(*args, **kwargs)\n  File "/home/lijiaxing/.conda/envs/api/lib/python3.10/site-packages/torch/nn/modules/module.py", line 1784, in _call_impl\n    return forward_call(*args, **kwargs)\n  File "/tmp/tmpqjy1erz3.py", line 111, in forward\n    triton_fc_kernel[grid](\n  File "/home/lijiaxing/.conda/envs/api/lib/python3.10/site-packages/triton/runtime/jit.py", line 390, in <lambda>\n    return lambda *args, **kwargs: self.run(grid=grid, warmup=False, *args, **kwargs)\n  File "/home/lijiaxing/.conda/envs/api/lib/python3.10/site-packages/triton/runtime/autotuner.py", line 239, in run\n    benchmark()\n  File "/home/lijiaxing/.conda/envs/api/lib/python3.10/site-packages/triton/runtime/autotuner.py", line 228, in benchmark\n    timings = {config: self._bench(*args, config=config, **kwargs) for config in pruned_configs}\n  File "/home/lijiaxing/.conda/envs/api/lib/python3.10/site-packages/triton/runtime/autotuner.py", line 228, in <dictcomp>\n    timings = {config: self._bench(*args, config=config, **kwargs) for config in pruned_configs}\n  File "/home/lijiaxing/.conda/envs/api/lib/python3.10/site-packages/triton/runtime/autotuner.py", line 135, in _bench\n    raise ValueError(f"Conflicting meta-parameters: {\', \'.join(conflicts)}."\nValueError: Conflicting meta-parameters: BLOCK_SIZE_N, BLOCK_SIZE_M. Make sure that you don\'t re-define auto-tuned symbols.\n', 'runtime_error_name': 'builtins.ValueError', 'reference_timing_ms': 1.35, 'speed_up': -1.0, 'custom_timing': -1.0}, 'runtime': -1.0, 'runtime_stats': {}}}
2025-08-08 02:56:29,275 - openevolve.controller - INFO - Saved checkpoint at iteration 0 to openevolve_output/level3_9_ResNet18/checkpoints/checkpoint_0
2025-08-08 02:57:21,445 - openevolve.RemoteSpeedupEvaluator - INFO - [level3_9_ResNet18] triton key words check pass
2025-08-08 02:57:21,447 - openevolve.RemoteSpeedupEvaluator - INFO - [level3_9_ResNet18] verify_plus payload: reference_code(3706 chars) + custom_code(5485 chars)
2025-08-08 02:57:25,028 - openevolve.RemoteSpeedupEvaluator - INFO - [level3_9_ResNet18] verify_plus request success
2025-08-08 02:57:25,028 - openevolve.RemoteSpeedupEvaluator - INFO - [level3_9_ResNet18] verify_plus response: {"id":"level3_9_ResNet18","result":{"compiled":true,"correctness":false,"metadata":{"hardware":"NVIDIA L20Y","device":"cuda:3","max_difference":["45.434441","44.758614","43.836678","44.205574","46.117573"],"avg_difference":["1.463743","1.061531","1.467780","1.071141","1.060907"],"correctness_issue":"Output mismatch","correctness_trials":"(0 / 5)","reference_timing_ms":1.35,"speed_up":-1.0,"custom_timing":-1.0},"runtime":-1.0,"runtime_stats":{}}}
2025-08-08 02:57:25,028 - openevolve.RemoteSpeedupEvaluator - INFO - [level3_9_ResNet18] âœ˜ wrong_answer
2025-08-08 02:57:25,028 - openevolve.evaluator - INFO - Evaluated program 8e6d1337-2607-4b58-b4dc-ebdcddd6b173 in 3.58s: compiled=1.0000, correctness=0.0000, score=10.0000, stage=wrong_answer, verify_payload={'id': 'level3_9_ResNet18', 'result': {'compiled': True, 'correctness': False, 'metadata': {'hardware': 'NVIDIA L20Y', 'device': 'cuda:3', 'max_difference': ['45.434441', '44.758614', '43.836678', '44.205574', '46.117573'], 'avg_difference': ['1.463743', '1.061531', '1.467780', '1.071141', '1.060907'], 'correctness_issue': 'Output mismatch', 'correctness_trials': '(0 / 5)', 'reference_timing_ms': 1.35, 'speed_up': -1.0, 'custom_timing': -1.0}, 'runtime': -1.0, 'runtime_stats': {}}}
2025-08-08 02:57:25,031 - openevolve.llm.ensemble - INFO - Sampled model: deepseek
2025-08-08 02:57:25,039 - openevolve.database - INFO - New MAP-Elites cell occupied: {'score': 9, 'complexity': 5}
2025-08-08 02:57:25,051 - openevolve.threaded_parallel - INFO - Iteration 1: Program 8e6d1337-2607-4b58-b4dc-ebdcddd6b173 (parent: ce601400-86aa-405e-b406-b01a104e54df) completed in 749.31s
2025-08-08 02:57:25,051 - openevolve.threaded_parallel - INFO - Metrics: compiled=1.0000, correctness=0.0000, score=10.0000, stage=wrong_answer, verify_payload={'id': 'level3_9_ResNet18', 'result': {'compiled': True, 'correctness': False, 'metadata': {'hardware': 'NVIDIA L20Y', 'device': 'cuda:3', 'max_difference': ['45.434441', '44.758614', '43.836678', '44.205574', '46.117573'], 'avg_difference': ['1.463743', '1.061531', '1.467780', '1.071141', '1.060907'], 'correctness_issue': 'Output mismatch', 'correctness_trials': '(0 / 5)', 'reference_timing_ms': 1.35, 'speed_up': -1.0, 'custom_timing': -1.0}, 'runtime': -1.0, 'runtime_stats': {}}}
2025-08-08 02:58:37,619 - openevolve.RemoteSpeedupEvaluator - INFO - [level3_9_ResNet18] triton key words check pass
2025-08-08 02:58:37,622 - openevolve.RemoteSpeedupEvaluator - INFO - [level3_9_ResNet18] verify_plus payload: reference_code(3706 chars) + custom_code(5307 chars)
2025-08-08 02:58:40,684 - openevolve.RemoteSpeedupEvaluator - INFO - [level3_9_ResNet18] verify_plus request success
2025-08-08 02:58:40,684 - openevolve.RemoteSpeedupEvaluator - INFO - [level3_9_ResNet18] verify_plus response: {"id":"level3_9_ResNet18","result":{"compiled":true,"correctness":true,"metadata":{"hardware":"NVIDIA L20Y","device":"cuda:0","correctness_trials":"(5 / 5)","reference_timing_ms":1.35,"speed_up":0.854,"custom_timing":1.58},"runtime":1.58,"runtime_stats":{"mean":1.58,"std":0.0189,"min":1.55,"max":1.64,"num_trials":100,"hardware":"NVIDIA L20Y","device":"cuda:0"}}}
2025-08-08 02:58:40,685 - openevolve.RemoteSpeedupEvaluator - INFO - [level3_9_ResNet18] âœ” success | speed_up=0.854  score=20.00
2025-08-08 02:58:40,685 - openevolve.evaluator - INFO - Evaluated program 6f38c9eb-ebbd-49ac-92c5-25555055673c in 3.07s: compiled=1.0000, correctness=1.0000, stage=success, passed=0.0000, score=20.0000, speed_up=0.8540, runtime_ms=1.5800, meta={'hardware': 'NVIDIA L20Y', 'device': 'cuda:0', 'correctness_trials': '(5 / 5)', 'reference_timing_ms': 1.35, 'speed_up': 0.854, 'custom_timing': 1.58}
2025-08-08 02:58:40,688 - openevolve.llm.ensemble - INFO - Sampled model: deepseek
2025-08-08 02:58:40,689 - openevolve.database - INFO - New MAP-Elites cell occupied: {'score': 9, 'complexity': 0}
2025-08-08 02:58:40,689 - openevolve.database - INFO - New best program 6f38c9eb-ebbd-49ac-92c5-25555055673c replaces c8d0aa6d-2dd9-40a6-8202-0484eca7ca62
2025-08-08 02:58:40,696 - openevolve.threaded_parallel - INFO - Iteration 2: Program 6f38c9eb-ebbd-49ac-92c5-25555055673c (parent: ce601400-86aa-405e-b406-b01a104e54df) completed in 824.99s
2025-08-08 02:58:40,696 - openevolve.threaded_parallel - INFO - Metrics: compiled=1.0000, correctness=1.0000, stage=success, passed=0.0000, score=20.0000, speed_up=0.8540, runtime_ms=1.5800, meta={'hardware': 'NVIDIA L20Y', 'device': 'cuda:0', 'correctness_trials': '(5 / 5)', 'reference_timing_ms': 1.35, 'speed_up': 0.854, 'custom_timing': 1.58}
2025-08-08 02:58:40,697 - openevolve.threaded_parallel - INFO - ðŸŒŸ New best solution found at iteration 2: 6f38c9eb-ebbd-49ac-92c5-25555055673c
2025-08-08 03:05:17,438 - openevolve.RemoteSpeedupEvaluator - INFO - [level3_9_ResNet18] triton key words check pass
2025-08-08 03:05:17,440 - openevolve.RemoteSpeedupEvaluator - INFO - [level3_9_ResNet18] verify_plus payload: reference_code(3706 chars) + custom_code(5573 chars)
2025-08-08 03:05:21,058 - openevolve.RemoteSpeedupEvaluator - INFO - [level3_9_ResNet18] verify_plus request success
2025-08-08 03:05:21,058 - openevolve.RemoteSpeedupEvaluator - INFO - [level3_9_ResNet18] verify_plus response: {"id":"level3_9_ResNet18","result":{"compiled":true,"correctness":false,"metadata":{"hardware":"NVIDIA L20Y","device":"cuda:2","max_difference":["58.458759","57.758808","56.795158","55.913357","55.400913"],"avg_difference":["14.832167","14.709692","14.749210","14.741732","14.776418"],"correctness_issue":"Output mismatch","correctness_trials":"(0 / 5)","reference_timing_ms":1.35,"speed_up":-1.0,"custom_timing":-1.0},"runtime":-1.0,"runtime_stats":{}}}
2025-08-08 03:05:21,059 - openevolve.RemoteSpeedupEvaluator - INFO - [level3_9_ResNet18] âœ˜ wrong_answer
2025-08-08 03:05:21,059 - openevolve.evaluator - INFO - Evaluated program 37da174e-9258-46eb-8405-b1e66b37bdc6 in 3.62s: compiled=1.0000, correctness=0.0000, score=10.0000, stage=wrong_answer, verify_payload={'id': 'level3_9_ResNet18', 'result': {'compiled': True, 'correctness': False, 'metadata': {'hardware': 'NVIDIA L20Y', 'device': 'cuda:2', 'max_difference': ['58.458759', '57.758808', '56.795158', '55.913357', '55.400913'], 'avg_difference': ['14.832167', '14.709692', '14.749210', '14.741732', '14.776418'], 'correctness_issue': 'Output mismatch', 'correctness_trials': '(0 / 5)', 'reference_timing_ms': 1.35, 'speed_up': -1.0, 'custom_timing': -1.0}, 'runtime': -1.0, 'runtime_stats': {}}}
2025-08-08 03:05:21,063 - openevolve.llm.ensemble - INFO - Sampled model: deepseek
2025-08-08 03:05:21,066 - openevolve.database - INFO - New MAP-Elites cell occupied: {'score': 9, 'complexity': 7}
2025-08-08 03:05:21,120 - openevolve.threaded_parallel - INFO - Iteration 5: Program 37da174e-9258-46eb-8405-b1e66b37bdc6 (parent: ce601400-86aa-405e-b406-b01a104e54df) completed in 400.37s
2025-08-08 03:05:21,121 - openevolve.threaded_parallel - INFO - Metrics: compiled=1.0000, correctness=0.0000, score=10.0000, stage=wrong_answer, verify_payload={'id': 'level3_9_ResNet18', 'result': {'compiled': True, 'correctness': False, 'metadata': {'hardware': 'NVIDIA L20Y', 'device': 'cuda:2', 'max_difference': ['58.458759', '57.758808', '56.795158', '55.913357', '55.400913'], 'avg_difference': ['14.832167', '14.709692', '14.749210', '14.741732', '14.776418'], 'correctness_issue': 'Output mismatch', 'correctness_trials': '(0 / 5)', 'reference_timing_ms': 1.35, 'speed_up': -1.0, 'custom_timing': -1.0}, 'runtime': -1.0, 'runtime_stats': {}}}
2025-08-08 03:06:10,318 - openevolve.RemoteSpeedupEvaluator - INFO - [level3_9_ResNet18] triton key words check pass
2025-08-08 03:06:10,320 - openevolve.RemoteSpeedupEvaluator - INFO - [level3_9_ResNet18] verify_plus payload: reference_code(3706 chars) + custom_code(4768 chars)
2025-08-08 03:06:14,020 - openevolve.RemoteSpeedupEvaluator - INFO - [level3_9_ResNet18] verify_plus request success
2025-08-08 03:06:14,020 - openevolve.RemoteSpeedupEvaluator - INFO - [level3_9_ResNet18] verify_plus response: {"id":"level3_9_ResNet18","result":{"compiled":true,"correctness":true,"metadata":{"hardware":"NVIDIA L20Y","device":"cuda:5","correctness_trials":"(5 / 5)","reference_timing_ms":1.35,"speed_up":0.678,"custom_timing":1.99},"runtime":1.99,"runtime_stats":{"mean":1.99,"std":0.379,"min":1.88,"max":4.65,"num_trials":100,"hardware":"NVIDIA L20Y","device":"cuda:5"}}}
2025-08-08 03:06:14,020 - openevolve.RemoteSpeedupEvaluator - INFO - [level3_9_ResNet18] âœ” success | speed_up=0.678  score=20.00
2025-08-08 03:06:14,020 - openevolve.evaluator - INFO - Evaluated program 525c02f9-6a5b-4343-8301-3969be82bbea in 3.70s: compiled=1.0000, correctness=1.0000, stage=success, passed=0.0000, score=20.0000, speed_up=0.6780, runtime_ms=1.9900, meta={'hardware': 'NVIDIA L20Y', 'device': 'cuda:5', 'correctness_trials': '(5 / 5)', 'reference_timing_ms': 1.35, 'speed_up': 0.678, 'custom_timing': 1.99}
2025-08-08 03:06:14,025 - openevolve.llm.ensemble - INFO - Sampled model: deepseek
2025-08-08 03:06:14,029 - openevolve.database - INFO - New MAP-Elites cell occupied: {'score': 9, 'complexity': 6}
2025-08-08 03:06:14,041 - openevolve.threaded_parallel - INFO - Iteration 3: Program 525c02f9-6a5b-4343-8301-3969be82bbea (parent: ce601400-86aa-405e-b406-b01a104e54df) completed in 584.81s
2025-08-08 03:06:14,041 - openevolve.threaded_parallel - INFO - Metrics: compiled=1.0000, correctness=1.0000, stage=success, passed=0.0000, score=20.0000, speed_up=0.6780, runtime_ms=1.9900, meta={'hardware': 'NVIDIA L20Y', 'device': 'cuda:5', 'correctness_trials': '(5 / 5)', 'reference_timing_ms': 1.35, 'speed_up': 0.678, 'custom_timing': 1.99}
2025-08-08 03:06:14,041 - openevolve.threaded_parallel - INFO - Checkpoint interval reached at iteration 3
2025-08-08 03:06:14,042 - openevolve.database - INFO - Island Status:
2025-08-08 03:06:14,042 - openevolve.database - INFO -    Island 0: 4 programs, best=20.0000, avg=10.0000, diversity=544.13, gen=2 (best: 525c02f9-6a5b-4343-8301-3969be82bbea)
2025-08-08 03:06:14,042 - openevolve.database - INFO -  * Island 1: 1 programs, best=20.0000, avg=20.0000, diversity=0.00, gen=2 (best: 6f38c9eb-ebbd-49ac-92c5-25555055673c)
2025-08-08 03:06:14,042 - openevolve.database - INFO -    Island 2: 1 programs, best=10.0000, avg=10.0000, diversity=0.00, gen=1 (best: 37da174e-9258-46eb-8405-b1e66b37bdc6)
2025-08-08 03:06:14,131 - openevolve.database - INFO - Saved database with 6 programs to openevolve_output/level3_9_ResNet18/checkpoints/checkpoint_3
2025-08-08 03:06:14,141 - openevolve.controller - INFO - Saved best program at checkpoint 3 with metrics: compiled=1.0000, correctness=1.0000, stage=success, passed=0.0000, score=20.0000, speed_up=0.8540, runtime_ms=1.5800, meta={'hardware': 'NVIDIA L20Y', 'device': 'cuda:0', 'correctness_trials': '(5 / 5)', 'reference_timing_ms': 1.35, 'speed_up': 0.854, 'custom_timing': 1.58}
2025-08-08 03:06:14,141 - openevolve.controller - INFO - Saved checkpoint at iteration 3 to openevolve_output/level3_9_ResNet18/checkpoints/checkpoint_3
2025-08-08 03:07:25,701 - openevolve.RemoteSpeedupEvaluator - INFO - [level3_9_ResNet18] triton key words check pass
2025-08-08 03:07:25,703 - openevolve.RemoteSpeedupEvaluator - INFO - [level3_9_ResNet18] verify_plus payload: reference_code(3706 chars) + custom_code(6940 chars)
2025-08-08 03:07:33,275 - openevolve.RemoteSpeedupEvaluator - INFO - [level3_9_ResNet18] verify_plus request success
2025-08-08 03:07:33,276 - openevolve.RemoteSpeedupEvaluator - INFO - [level3_9_ResNet18] verify_plus response: {"id":"level3_9_ResNet18","result":{"compiled":true,"correctness":false,"metadata":{"hardware":"NVIDIA L20Y","device":"cuda:1","max_difference":["58.673721","57.973770","57.010120","56.154716","55.529671"],"avg_difference":["14.818365","14.695245","14.734638","14.717687","14.759940"],"correctness_issue":"Output mismatch","correctness_trials":"(0 / 5)","reference_timing_ms":1.35,"speed_up":-1.0,"custom_timing":-1.0},"runtime":-1.0,"runtime_stats":{}}}
2025-08-08 03:07:33,276 - openevolve.RemoteSpeedupEvaluator - INFO - [level3_9_ResNet18] âœ˜ wrong_answer
2025-08-08 03:07:33,276 - openevolve.evaluator - INFO - Evaluated program d9e71f92-8b18-4c89-8c7f-206bd2ebc01c in 7.58s: compiled=1.0000, correctness=0.0000, score=10.0000, stage=wrong_answer, verify_payload={'id': 'level3_9_ResNet18', 'result': {'compiled': True, 'correctness': False, 'metadata': {'hardware': 'NVIDIA L20Y', 'device': 'cuda:1', 'max_difference': ['58.673721', '57.973770', '57.010120', '56.154716', '55.529671'], 'avg_difference': ['14.818365', '14.695245', '14.734638', '14.717687', '14.759940'], 'correctness_issue': 'Output mismatch', 'correctness_trials': '(0 / 5)', 'reference_timing_ms': 1.35, 'speed_up': -1.0, 'custom_timing': -1.0}, 'runtime': -1.0, 'runtime_stats': {}}}
2025-08-08 03:07:33,279 - openevolve.llm.ensemble - INFO - Sampled model: deepseek
2025-08-08 03:07:33,296 - openevolve.threaded_parallel - INFO - Iteration 4: Program d9e71f92-8b18-4c89-8c7f-206bd2ebc01c (parent: ce601400-86aa-405e-b406-b01a104e54df) completed in 608.25s
2025-08-08 03:07:33,296 - openevolve.threaded_parallel - INFO - Metrics: compiled=1.0000, correctness=0.0000, score=10.0000, stage=wrong_answer, verify_payload={'id': 'level3_9_ResNet18', 'result': {'compiled': True, 'correctness': False, 'metadata': {'hardware': 'NVIDIA L20Y', 'device': 'cuda:1', 'max_difference': ['58.673721', '57.973770', '57.010120', '56.154716', '55.529671'], 'avg_difference': ['14.818365', '14.695245', '14.734638', '14.717687', '14.759940'], 'correctness_issue': 'Output mismatch', 'correctness_trials': '(0 / 5)', 'reference_timing_ms': 1.35, 'speed_up': -1.0, 'custom_timing': -1.0}, 'runtime': -1.0, 'runtime_stats': {}}}
2025-08-08 03:15:42,276 - openevolve.RemoteSpeedupEvaluator - INFO - [level3_9_ResNet18] triton key words check pass
2025-08-08 03:15:42,277 - openevolve.RemoteSpeedupEvaluator - INFO - [level3_9_ResNet18] verify_plus payload: reference_code(3706 chars) + custom_code(5606 chars)
2025-08-08 03:15:45,824 - openevolve.RemoteSpeedupEvaluator - INFO - [level3_9_ResNet18] verify_plus request success
2025-08-08 03:15:45,824 - openevolve.RemoteSpeedupEvaluator - INFO - [level3_9_ResNet18] verify_plus response: {"id":"level3_9_ResNet18","result":{"compiled":true,"correctness":false,"metadata":{"hardware":"NVIDIA L20Y","device":"cuda:0","max_difference":["58.458759","57.758808","56.795158","55.913357","55.400913"],"avg_difference":["14.832167","14.709692","14.749210","14.741732","14.776418"],"correctness_issue":"Output mismatch","correctness_trials":"(0 / 5)","reference_timing_ms":1.35,"speed_up":-1.0,"custom_timing":-1.0},"runtime":-1.0,"runtime_stats":{}}}
2025-08-08 03:15:45,824 - openevolve.RemoteSpeedupEvaluator - INFO - [level3_9_ResNet18] âœ˜ wrong_answer
2025-08-08 03:15:45,825 - openevolve.evaluator - INFO - Evaluated program 062b135c-fe9b-4a5f-88ed-3add07418fe2 in 3.55s: compiled=1.0000, correctness=0.0000, score=10.0000, stage=wrong_answer, verify_payload={'id': 'level3_9_ResNet18', 'result': {'compiled': True, 'correctness': False, 'metadata': {'hardware': 'NVIDIA L20Y', 'device': 'cuda:0', 'max_difference': ['58.458759', '57.758808', '56.795158', '55.913357', '55.400913'], 'avg_difference': ['14.832167', '14.709692', '14.749210', '14.741732', '14.776418'], 'correctness_issue': 'Output mismatch', 'correctness_trials': '(0 / 5)', 'reference_timing_ms': 1.35, 'speed_up': -1.0, 'custom_timing': -1.0}, 'runtime': -1.0, 'runtime_stats': {}}}
2025-08-08 03:15:45,828 - openevolve.llm.ensemble - INFO - Sampled model: deepseek
2025-08-08 03:15:45,881 - openevolve.threaded_parallel - INFO - Iteration 6: Program 062b135c-fe9b-4a5f-88ed-3add07418fe2 (parent: 8e6d1337-2607-4b58-b4dc-ebdcddd6b173) completed in 624.76s
2025-08-08 03:15:45,882 - openevolve.threaded_parallel - INFO - Metrics: compiled=1.0000, correctness=0.0000, score=10.0000, stage=wrong_answer, verify_payload={'id': 'level3_9_ResNet18', 'result': {'compiled': True, 'correctness': False, 'metadata': {'hardware': 'NVIDIA L20Y', 'device': 'cuda:0', 'max_difference': ['58.458759', '57.758808', '56.795158', '55.913357', '55.400913'], 'avg_difference': ['14.832167', '14.709692', '14.749210', '14.741732', '14.776418'], 'correctness_issue': 'Output mismatch', 'correctness_trials': '(0 / 5)', 'reference_timing_ms': 1.35, 'speed_up': -1.0, 'custom_timing': -1.0}, 'runtime': -1.0, 'runtime_stats': {}}}
2025-08-08 03:15:45,882 - openevolve.threaded_parallel - INFO - Checkpoint interval reached at iteration 6
2025-08-08 03:15:45,883 - openevolve.database - INFO - Island Status:
2025-08-08 03:15:45,883 - openevolve.database - INFO -  * Island 0: 4 programs, best=20.0000, avg=10.0000, diversity=544.13, gen=3 (best: 525c02f9-6a5b-4343-8301-3969be82bbea)
2025-08-08 03:15:45,883 - openevolve.database - INFO -    Island 1: 2 programs, best=20.0000, avg=15.0000, diversity=2067.20, gen=2 (best: 6f38c9eb-ebbd-49ac-92c5-25555055673c)
2025-08-08 03:15:45,883 - openevolve.database - INFO -    Island 2: 2 programs, best=10.0000, avg=10.0000, diversity=33.30, gen=2 (best: 37da174e-9258-46eb-8405-b1e66b37bdc6)
2025-08-08 03:15:45,995 - openevolve.database - INFO - Saved database with 8 programs to openevolve_output/level3_9_ResNet18/checkpoints/checkpoint_6
2025-08-08 03:15:46,007 - openevolve.controller - INFO - Saved best program at checkpoint 6 with metrics: compiled=1.0000, correctness=1.0000, stage=success, passed=0.0000, score=20.0000, speed_up=0.8540, runtime_ms=1.5800, meta={'hardware': 'NVIDIA L20Y', 'device': 'cuda:0', 'correctness_trials': '(5 / 5)', 'reference_timing_ms': 1.35, 'speed_up': 0.854, 'custom_timing': 1.58}
2025-08-08 03:15:46,008 - openevolve.controller - INFO - Saved checkpoint at iteration 6 to openevolve_output/level3_9_ResNet18/checkpoints/checkpoint_6
2025-08-08 03:16:18,766 - openevolve.RemoteSpeedupEvaluator - INFO - [level3_9_ResNet18] triton key words check pass
2025-08-08 03:16:18,768 - openevolve.RemoteSpeedupEvaluator - INFO - [level3_9_ResNet18] verify_plus payload: reference_code(3706 chars) + custom_code(5525 chars)
2025-08-08 03:16:22,725 - openevolve.RemoteSpeedupEvaluator - INFO - [level3_9_ResNet18] verify_plus request success
2025-08-08 03:16:22,726 - openevolve.RemoteSpeedupEvaluator - INFO - [level3_9_ResNet18] verify_plus response: {"id":"level3_9_ResNet18","result":{"compiled":true,"correctness":false,"metadata":{"hardware":"NVIDIA L20Y","device":"cuda:4","max_difference":["58.458759","57.758808","56.795158","55.913357","55.400913"],"avg_difference":["14.832167","14.709692","14.749210","14.741732","14.776418"],"correctness_issue":"Output mismatch","correctness_trials":"(0 / 5)","reference_timing_ms":1.35,"speed_up":-1.0,"custom_timing":-1.0},"runtime":-1.0,"runtime_stats":{}}}
2025-08-08 03:16:22,726 - openevolve.RemoteSpeedupEvaluator - INFO - [level3_9_ResNet18] âœ˜ wrong_answer
2025-08-08 03:16:22,726 - openevolve.evaluator - INFO - Evaluated program bfbb7aee-db98-4654-a0bb-2bcdf8a46dd0 in 3.96s: compiled=1.0000, correctness=0.0000, score=10.0000, stage=wrong_answer, verify_payload={'id': 'level3_9_ResNet18', 'result': {'compiled': True, 'correctness': False, 'metadata': {'hardware': 'NVIDIA L20Y', 'device': 'cuda:4', 'max_difference': ['58.458759', '57.758808', '56.795158', '55.913357', '55.400913'], 'avg_difference': ['14.832167', '14.709692', '14.749210', '14.741732', '14.776418'], 'correctness_issue': 'Output mismatch', 'correctness_trials': '(0 / 5)', 'reference_timing_ms': 1.35, 'speed_up': -1.0, 'custom_timing': -1.0}, 'runtime': -1.0, 'runtime_stats': {}}}
2025-08-08 03:16:22,729 - openevolve.llm.ensemble - INFO - Sampled model: deepseek
2025-08-08 03:16:22,749 - openevolve.threaded_parallel - INFO - Iteration 7: Program bfbb7aee-db98-4654-a0bb-2bcdf8a46dd0 (parent: 8e6d1337-2607-4b58-b4dc-ebdcddd6b173) completed in 608.70s
2025-08-08 03:16:22,749 - openevolve.threaded_parallel - INFO - Metrics: compiled=1.0000, correctness=0.0000, score=10.0000, stage=wrong_answer, verify_payload={'id': 'level3_9_ResNet18', 'result': {'compiled': True, 'correctness': False, 'metadata': {'hardware': 'NVIDIA L20Y', 'device': 'cuda:4', 'max_difference': ['58.458759', '57.758808', '56.795158', '55.913357', '55.400913'], 'avg_difference': ['14.832167', '14.709692', '14.749210', '14.741732', '14.776418'], 'correctness_issue': 'Output mismatch', 'correctness_trials': '(0 / 5)', 'reference_timing_ms': 1.35, 'speed_up': -1.0, 'custom_timing': -1.0}, 'runtime': -1.0, 'runtime_stats': {}}}
2025-08-08 03:18:03,818 - openevolve.RemoteSpeedupEvaluator - INFO - [level3_9_ResNet18] triton key words check pass
2025-08-08 03:18:03,820 - openevolve.RemoteSpeedupEvaluator - INFO - [level3_9_ResNet18] verify_plus payload: reference_code(3706 chars) + custom_code(6232 chars)
2025-08-08 03:18:06,975 - openevolve.RemoteSpeedupEvaluator - INFO - [level3_9_ResNet18] verify_plus request success
2025-08-08 03:18:06,975 - openevolve.RemoteSpeedupEvaluator - INFO - [level3_9_ResNet18] verify_plus response: {"id":"level3_9_ResNet18","result":{"compiled":true,"correctness":true,"metadata":{"hardware":"NVIDIA L20Y","device":"cuda:7","correctness_trials":"(5 / 5)","reference_timing_ms":1.35,"speed_up":0.839,"custom_timing":1.61},"runtime":1.61,"runtime_stats":{"mean":1.61,"std":0.171,"min":1.53,"max":2.56,"num_trials":100,"hardware":"NVIDIA L20Y","device":"cuda:7"}}}
2025-08-08 03:18:06,976 - openevolve.RemoteSpeedupEvaluator - INFO - [level3_9_ResNet18] âœ” success | speed_up=0.839  score=20.00
2025-08-08 03:18:06,976 - openevolve.evaluator - INFO - Evaluated program 895c5533-fad6-4440-9011-955d499f8ec2 in 3.16s: compiled=1.0000, correctness=1.0000, stage=success, passed=0.0000, score=20.0000, speed_up=0.8390, runtime_ms=1.6100, meta={'hardware': 'NVIDIA L20Y', 'device': 'cuda:7', 'correctness_trials': '(5 / 5)', 'reference_timing_ms': 1.35, 'speed_up': 0.839, 'custom_timing': 1.61}
2025-08-08 03:18:06,979 - openevolve.llm.ensemble - INFO - Sampled model: deepseek
2025-08-08 03:18:06,983 - openevolve.database - INFO - New MAP-Elites cell occupied: {'score': 9, 'complexity': 1}
2025-08-08 03:18:06,990 - openevolve.threaded_parallel - INFO - Iteration 8: Program 895c5533-fad6-4440-9011-955d499f8ec2 (parent: 6f38c9eb-ebbd-49ac-92c5-25555055673c) completed in 633.70s
2025-08-08 03:18:06,990 - openevolve.threaded_parallel - INFO - Metrics: compiled=1.0000, correctness=1.0000, stage=success, passed=0.0000, score=20.0000, speed_up=0.8390, runtime_ms=1.6100, meta={'hardware': 'NVIDIA L20Y', 'device': 'cuda:7', 'correctness_trials': '(5 / 5)', 'reference_timing_ms': 1.35, 'speed_up': 0.839, 'custom_timing': 1.61}
2025-08-08 03:28:08,535 - openevolve.RemoteSpeedupEvaluator - INFO - [level3_9_ResNet18] triton key words check pass
2025-08-08 03:28:08,537 - openevolve.RemoteSpeedupEvaluator - INFO - [level3_9_ResNet18] verify_plus payload: reference_code(3706 chars) + custom_code(7194 chars)
2025-08-08 03:28:16,237 - openevolve.RemoteSpeedupEvaluator - INFO - [level3_9_ResNet18] verify_plus request success
2025-08-08 03:28:16,238 - openevolve.RemoteSpeedupEvaluator - INFO - [level3_9_ResNet18] verify_plus response: {"id":"level3_9_ResNet18","result":{"compiled":true,"correctness":false,"metadata":{"hardware":"NVIDIA L20Y","device":"cuda:7","max_difference":["58.673721","57.973770","57.010120","56.154716","55.529671"],"avg_difference":["14.818365","14.695245","14.734638","14.717687","14.759940"],"correctness_issue":"Output mismatch","correctness_trials":"(0 / 5)","reference_timing_ms":1.35,"speed_up":-1.0,"custom_timing":-1.0},"runtime":-1.0,"runtime_stats":{}}}
2025-08-08 03:28:16,238 - openevolve.RemoteSpeedupEvaluator - INFO - [level3_9_ResNet18] âœ˜ wrong_answer
2025-08-08 03:28:16,238 - openevolve.evaluator - INFO - Evaluated program 78b45ee4-f9a5-4596-bf13-b751c2188dee in 7.70s: compiled=1.0000, correctness=0.0000, score=10.0000, stage=wrong_answer, verify_payload={'id': 'level3_9_ResNet18', 'result': {'compiled': True, 'correctness': False, 'metadata': {'hardware': 'NVIDIA L20Y', 'device': 'cuda:7', 'max_difference': ['58.673721', '57.973770', '57.010120', '56.154716', '55.529671'], 'avg_difference': ['14.818365', '14.695245', '14.734638', '14.717687', '14.759940'], 'correctness_issue': 'Output mismatch', 'correctness_trials': '(0 / 5)', 'reference_timing_ms': 1.35, 'speed_up': -1.0, 'custom_timing': -1.0}, 'runtime': -1.0, 'runtime_stats': {}}}
2025-08-08 03:28:16,242 - openevolve.RemoteSpeedupEvaluator - INFO - [level3_9_ResNet18] triton key words check pass
2025-08-08 03:28:16,242 - openevolve.RemoteSpeedupEvaluator - INFO - [level3_9_ResNet18] verify_plus payload: reference_code(3706 chars) + custom_code(5689 chars)
2025-08-08 03:28:16,244 - openevolve.llm.ensemble - INFO - Sampled model: deepseek
2025-08-08 03:28:16,262 - openevolve.threaded_parallel - INFO - Iteration 11: Program 78b45ee4-f9a5-4596-bf13-b751c2188dee (parent: d9e71f92-8b18-4c89-8c7f-206bd2ebc01c) completed in 609.26s
2025-08-08 03:28:16,262 - openevolve.threaded_parallel - INFO - Metrics: compiled=1.0000, correctness=0.0000, score=10.0000, stage=wrong_answer, verify_payload={'id': 'level3_9_ResNet18', 'result': {'compiled': True, 'correctness': False, 'metadata': {'hardware': 'NVIDIA L20Y', 'device': 'cuda:7', 'max_difference': ['58.673721', '57.973770', '57.010120', '56.154716', '55.529671'], 'avg_difference': ['14.818365', '14.695245', '14.734638', '14.717687', '14.759940'], 'correctness_issue': 'Output mismatch', 'correctness_trials': '(0 / 5)', 'reference_timing_ms': 1.35, 'speed_up': -1.0, 'custom_timing': -1.0}, 'runtime': -1.0, 'runtime_stats': {}}}
2025-08-08 03:28:22,345 - openevolve.RemoteSpeedupEvaluator - INFO - [level3_9_ResNet18] verify_plus request success
2025-08-08 03:28:22,345 - openevolve.RemoteSpeedupEvaluator - INFO - [level3_9_ResNet18] verify_plus response: {"id":"level3_9_ResNet18","result":{"compiled":true,"correctness":false,"metadata":{"hardware":"NVIDIA L20Y","device":"cuda:3","runtime_error":"Traceback (most recent call last):\n  File \"/cpfs01/shared/llm_kernel/hujiakai/KernelLLM/validation_api_server/helpers/evaluations.py\", line 720, in run_and_check_correctness\n    output_new = model_new(*inputs)\n  File \"/home/lijiaxing/.conda/envs/api/lib/python3.10/site-packages/torch/nn/modules/module.py\", line 1773, in _wrapped_call_impl\n    return self._call_impl(*args, **kwargs)\n  File \"/home/lijiaxing/.conda/envs/api/lib/python3.10/site-packages/torch/nn/modules/module.py\", line 1784, in _call_impl\n    return forward_call(*args, **kwargs)\n  File \"/tmp/tmp6hwng6t4.py\", line 145, in forward\n    x = self.layer1(x)\n  File \"/home/l
2025-08-08 03:28:22,345 - openevolve.RemoteSpeedupEvaluator - INFO - [level3_9_ResNet18] âœ˜ wrong_answer
2025-08-08 03:28:22,346 - openevolve.evaluator - INFO - Evaluated program c0669141-e658-4e53-8f1e-982ca922289c in 6.10s: compiled=1.0000, correctness=0.0000, score=10.0000, stage=wrong_answer, verify_payload={'id': 'level3_9_ResNet18', 'result': {'compiled': True, 'correctness': False, 'metadata': {'hardware': 'NVIDIA L20Y', 'device': 'cuda:3', 'runtime_error': 'Traceback (most recent call last):\n  File "/cpfs01/shared/llm_kernel/hujiakai/KernelLLM/validation_api_server/helpers/evaluations.py", line 720, in run_and_check_correctness\n    output_new = model_new(*inputs)\n  File "/home/lijiaxing/.conda/envs/api/lib/python3.10/site-packages/torch/nn/modules/module.py", line 1773, in _wrapped_call_impl\n    return self._call_impl(*args, **kwargs)\n  File "/home/lijiaxing/.conda/envs/api/lib/python3.10/site-packages/torch/nn/modules/module.py", line 1784, in _call_impl\n    return forward_call(*args, **kwargs)\n  File "/tmp/tmp6hwng6t4.py", line 145, in forward\n    x = self.layer1(x)\n  File "/home/lijiaxing/.conda/envs/api/lib/python3.10/site-packages/torch/nn/modules/module.py", line 1773, in _wrapped_call_impl\n    return self._call_impl(*args, **kwargs)\n  File "/home/lijiaxing/.conda/envs/api/lib/python3.10/site-packages/torch/nn/modules/module.py", line 1784, in _call_impl\n    return forward_call(*args, **kwargs)\n  File "/home/lijiaxing/.conda/envs/api/lib/python3.10/site-packages/torch/nn/modules/container.py", line 244, in forward\n    input = module(input)\n  File "/home/lijiaxing/.conda/envs/api/lib/python3.10/site-packages/torch/nn/modules/module.py", line 1773, in _wrapped_call_impl\n    return self._call_impl(*args, **kwargs)\n  File "/home/lijiaxing/.conda/envs/api/lib/python3.10/site-packages/torch/nn/modules/module.py", line 1784, in _call_impl\n    return forward_call(*args, **kwargs)\n  File "/tmp/tmp6hwng6t4.py", line 94, in forward\n    out = fused_add_relu(out, identity)  # Fused kernel replaces two ops\n  File "/tmp/tmp6hwng6t4.py", line 50, in fused_add_relu\n    fused_add_relu_kernel[grid](\n  File "/home/lijiaxing/.conda/envs/api/lib/python3.10/site-packages/triton/runtime/jit.py", line 390, in <lambda>\n    return lambda *args, **kwargs: self.run(grid=grid, warmup=False, *args, **kwargs)\n  File "/home/lijiaxing/.conda/envs/api/lib/python3.10/site-packages/triton/runtime/autotuner.py", line 239, in run\n    benchmark()\n  File "/home/lijiaxing/.conda/envs/api/lib/python3.10/site-packages/triton/runtime/autotuner.py", line 228, in benchmark\n    timings = {config: self._bench(*args, config=config, **kwargs) for config in pruned_configs}\n  File "/home/lijiaxing/.conda/envs/api/lib/python3.10/site-packages/triton/runtime/autotuner.py", line 228, in <dictcomp>\n    timings = {config: self._bench(*args, config=config, **kwargs) for config in pruned_configs}\n  File "/home/lijiaxing/.conda/envs/api/lib/python3.10/site-packages/triton/runtime/autotuner.py", line 135, in _bench\n    raise ValueError(f"Conflicting meta-parameters: {\', \'.join(conflicts)}."\nValueError: Conflicting meta-parameters: BLOCK_SIZE, VEC_SIZE. Make sure that you don\'t re-define auto-tuned symbols.\n', 'runtime_error_name': 'builtins.ValueError', 'reference_timing_ms': 1.35, 'speed_up': -1.0, 'custom_timing': -1.0}, 'runtime': -1.0, 'runtime_stats': {}}}
2025-08-08 03:28:22,349 - openevolve.llm.ensemble - INFO - Sampled model: deepseek
2025-08-08 03:28:22,359 - openevolve.threaded_parallel - INFO - Iteration 10: Program c0669141-e658-4e53-8f1e-982ca922289c (parent: 525c02f9-6a5b-4343-8301-3969be82bbea) completed in 719.62s
2025-08-08 03:28:22,360 - openevolve.threaded_parallel - INFO - Metrics: compiled=1.0000, correctness=0.0000, score=10.0000, stage=wrong_answer, verify_payload={'id': 'level3_9_ResNet18', 'result': {'compiled': True, 'correctness': False, 'metadata': {'hardware': 'NVIDIA L20Y', 'device': 'cuda:3', 'runtime_error': 'Traceback (most recent call last):\n  File "/cpfs01/shared/llm_kernel/hujiakai/KernelLLM/validation_api_server/helpers/evaluations.py", line 720, in run_and_check_correctness\n    output_new = model_new(*inputs)\n  File "/home/lijiaxing/.conda/envs/api/lib/python3.10/site-packages/torch/nn/modules/module.py", line 1773, in _wrapped_call_impl\n    return self._call_impl(*args, **kwargs)\n  File "/home/lijiaxing/.conda/envs/api/lib/python3.10/site-packages/torch/nn/modules/module.py", line 1784, in _call_impl\n    return forward_call(*args, **kwargs)\n  File "/tmp/tmp6hwng6t4.py", line 145, in forward\n    x = self.layer1(x)\n  File "/home/lijiaxing/.conda/envs/api/lib/python3.10/site-packages/torch/nn/modules/module.py", line 1773, in _wrapped_call_impl\n    return self._call_impl(*args, **kwargs)\n  File "/home/lijiaxing/.conda/envs/api/lib/python3.10/site-packages/torch/nn/modules/module.py", line 1784, in _call_impl\n    return forward_call(*args, **kwargs)\n  File "/home/lijiaxing/.conda/envs/api/lib/python3.10/site-packages/torch/nn/modules/container.py", line 244, in forward\n    input = module(input)\n  File "/home/lijiaxing/.conda/envs/api/lib/python3.10/site-packages/torch/nn/modules/module.py", line 1773, in _wrapped_call_impl\n    return self._call_impl(*args, **kwargs)\n  File "/home/lijiaxing/.conda/envs/api/lib/python3.10/site-packages/torch/nn/modules/module.py", line 1784, in _call_impl\n    return forward_call(*args, **kwargs)\n  File "/tmp/tmp6hwng6t4.py", line 94, in forward\n    out = fused_add_relu(out, identity)  # Fused kernel replaces two ops\n  File "/tmp/tmp6hwng6t4.py", line 50, in fused_add_relu\n    fused_add_relu_kernel[grid](\n  File "/home/lijiaxing/.conda/envs/api/lib/python3.10/site-packages/triton/runtime/jit.py", line 390, in <lambda>\n    return lambda *args, **kwargs: self.run(grid=grid, warmup=False, *args, **kwargs)\n  File "/home/lijiaxing/.conda/envs/api/lib/python3.10/site-packages/triton/runtime/autotuner.py", line 239, in run\n    benchmark()\n  File "/home/lijiaxing/.conda/envs/api/lib/python3.10/site-packages/triton/runtime/autotuner.py", line 228, in benchmark\n    timings = {config: self._bench(*args, config=config, **kwargs) for config in pruned_configs}\n  File "/home/lijiaxing/.conda/envs/api/lib/python3.10/site-packages/triton/runtime/autotuner.py", line 228, in <dictcomp>\n    timings = {config: self._bench(*args, config=config, **kwargs) for config in pruned_configs}\n  File "/home/lijiaxing/.conda/envs/api/lib/python3.10/site-packages/triton/runtime/autotuner.py", line 135, in _bench\n    raise ValueError(f"Conflicting meta-parameters: {\', \'.join(conflicts)}."\nValueError: Conflicting meta-parameters: BLOCK_SIZE, VEC_SIZE. Make sure that you don\'t re-define auto-tuned symbols.\n', 'runtime_error_name': 'builtins.ValueError', 'reference_timing_ms': 1.35, 'speed_up': -1.0, 'custom_timing': -1.0}, 'runtime': -1.0, 'runtime_stats': {}}}
2025-08-08 03:33:22,994 - openevolve.RemoteSpeedupEvaluator - INFO - [level3_9_ResNet18] triton key words check pass
2025-08-08 03:33:22,996 - openevolve.RemoteSpeedupEvaluator - INFO - [level3_9_ResNet18] verify_plus payload: reference_code(3706 chars) + custom_code(5670 chars)
2025-08-08 03:33:26,950 - openevolve.RemoteSpeedupEvaluator - INFO - [level3_9_ResNet18] verify_plus request success
2025-08-08 03:33:26,951 - openevolve.RemoteSpeedupEvaluator - INFO - [level3_9_ResNet18] verify_plus response: {"id":"level3_9_ResNet18","result":{"compiled":true,"correctness":false,"metadata":{"hardware":"NVIDIA L20Y","device":"cuda:7","max_difference":["67.548584","66.076660","65.792015","66.404144","65.862717"],"avg_difference":["14.965083","14.874327","14.899782","14.946114","14.905528"],"correctness_issue":"Output mismatch","correctness_trials":"(0 / 5)","reference_timing_ms":1.35,"speed_up":-1.0,"custom_timing":-1.0},"runtime":-1.0,"runtime_stats":{}}}
2025-08-08 03:33:26,951 - openevolve.RemoteSpeedupEvaluator - INFO - [level3_9_ResNet18] âœ˜ wrong_answer
2025-08-08 03:33:26,951 - openevolve.evaluator - INFO - Evaluated program d72ca148-ad03-424a-9062-455364ea6ce5 in 3.96s: compiled=1.0000, correctness=0.0000, score=10.0000, stage=wrong_answer, verify_payload={'id': 'level3_9_ResNet18', 'result': {'compiled': True, 'correctness': False, 'metadata': {'hardware': 'NVIDIA L20Y', 'device': 'cuda:7', 'max_difference': ['67.548584', '66.076660', '65.792015', '66.404144', '65.862717'], 'avg_difference': ['14.965083', '14.874327', '14.899782', '14.946114', '14.905528'], 'correctness_issue': 'Output mismatch', 'correctness_trials': '(0 / 5)', 'reference_timing_ms': 1.35, 'speed_up': -1.0, 'custom_timing': -1.0}, 'runtime': -1.0, 'runtime_stats': {}}}
2025-08-08 03:33:26,954 - openevolve.llm.ensemble - INFO - Sampled model: deepseek
2025-08-08 03:33:26,966 - openevolve.threaded_parallel - INFO - Iteration 9: Program d72ca148-ad03-424a-9062-455364ea6ce5 (parent: 37da174e-9258-46eb-8405-b1e66b37bdc6) completed in 1061.12s
2025-08-08 03:33:26,966 - openevolve.threaded_parallel - INFO - Metrics: compiled=1.0000, correctness=0.0000, score=10.0000, stage=wrong_answer, verify_payload={'id': 'level3_9_ResNet18', 'result': {'compiled': True, 'correctness': False, 'metadata': {'hardware': 'NVIDIA L20Y', 'device': 'cuda:7', 'max_difference': ['67.548584', '66.076660', '65.792015', '66.404144', '65.862717'], 'avg_difference': ['14.965083', '14.874327', '14.899782', '14.946114', '14.905528'], 'correctness_issue': 'Output mismatch', 'correctness_trials': '(0 / 5)', 'reference_timing_ms': 1.35, 'speed_up': -1.0, 'custom_timing': -1.0}, 'runtime': -1.0, 'runtime_stats': {}}}
2025-08-08 03:33:26,966 - openevolve.threaded_parallel - INFO - Checkpoint interval reached at iteration 9
2025-08-08 03:33:26,968 - openevolve.database - INFO - Island Status:
2025-08-08 03:33:26,968 - openevolve.database - INFO -    Island 0: 6 programs, best=20.0000, avg=10.0000, diversity=265.75, gen=4 (best: 525c02f9-6a5b-4343-8301-3969be82bbea)
2025-08-08 03:33:26,968 - openevolve.database - INFO -    Island 1: 4 programs, best=20.0000, avg=15.0000, diversity=1260.05, gen=4 (best: 6f38c9eb-ebbd-49ac-92c5-25555055673c)
2025-08-08 03:33:26,968 - openevolve.database - INFO -  * Island 2: 3 programs, best=10.0000, avg=10.0000, diversity=316.40, gen=4 (best: 37da174e-9258-46eb-8405-b1e66b37bdc6)
2025-08-08 03:33:27,159 - openevolve.database - INFO - Saved database with 13 programs to openevolve_output/level3_9_ResNet18/checkpoints/checkpoint_9
2025-08-08 03:33:27,169 - openevolve.controller - INFO - Saved best program at checkpoint 9 with metrics: compiled=1.0000, correctness=1.0000, stage=success, passed=0.0000, score=20.0000, speed_up=0.8540, runtime_ms=1.5800, meta={'hardware': 'NVIDIA L20Y', 'device': 'cuda:0', 'correctness_trials': '(5 / 5)', 'reference_timing_ms': 1.35, 'speed_up': 0.854, 'custom_timing': 1.58}
2025-08-08 03:33:27,169 - openevolve.controller - INFO - Saved checkpoint at iteration 9 to openevolve_output/level3_9_ResNet18/checkpoints/checkpoint_9
2025-08-08 03:37:20,748 - openevolve.RemoteSpeedupEvaluator - INFO - [level3_9_ResNet18] triton key words check pass
2025-08-08 03:37:20,750 - openevolve.RemoteSpeedupEvaluator - INFO - [level3_9_ResNet18] verify_plus payload: reference_code(3706 chars) + custom_code(5737 chars)
2025-08-08 03:37:24,656 - openevolve.RemoteSpeedupEvaluator - INFO - [level3_9_ResNet18] verify_plus request success
2025-08-08 03:37:24,657 - openevolve.RemoteSpeedupEvaluator - INFO - [level3_9_ResNet18] verify_plus response: {"id":"level3_9_ResNet18","result":{"compiled":true,"correctness":false,"metadata":{"hardware":"NVIDIA L20Y","device":"cuda:3","max_difference":["76.020981","76.809372","75.400017","73.844635","74.913834"],"avg_difference":["15.098356","15.098761","15.093961","15.167604","15.127012"],"correctness_issue":"Output mismatch","correctness_trials":"(0 / 5)","reference_timing_ms":1.35,"speed_up":-1.0,"custom_timing":-1.0},"runtime":-1.0,"runtime_stats":{}}}
2025-08-08 03:37:24,657 - openevolve.RemoteSpeedupEvaluator - INFO - [level3_9_ResNet18] âœ˜ wrong_answer
2025-08-08 03:37:24,657 - openevolve.evaluator - INFO - Evaluated program 14c72904-8ed0-4e53-87ad-e92f4ff6eb04 in 3.91s: compiled=1.0000, correctness=0.0000, score=10.0000, stage=wrong_answer, verify_payload={'id': 'level3_9_ResNet18', 'result': {'compiled': True, 'correctness': False, 'metadata': {'hardware': 'NVIDIA L20Y', 'device': 'cuda:3', 'max_difference': ['76.020981', '76.809372', '75.400017', '73.844635', '74.913834'], 'avg_difference': ['15.098356', '15.098761', '15.093961', '15.167604', '15.127012'], 'correctness_issue': 'Output mismatch', 'correctness_trials': '(0 / 5)', 'reference_timing_ms': 1.35, 'speed_up': -1.0, 'custom_timing': -1.0}, 'runtime': -1.0, 'runtime_stats': {}}}
2025-08-08 03:37:24,661 - openevolve.llm.ensemble - INFO - Sampled model: deepseek
2025-08-08 03:37:24,677 - openevolve.threaded_parallel - INFO - Iteration 12: Program 14c72904-8ed0-4e53-87ad-e92f4ff6eb04 (parent: 062b135c-fe9b-4a5f-88ed-3add07418fe2) completed in 548.41s
2025-08-08 03:37:24,677 - openevolve.threaded_parallel - INFO - Metrics: compiled=1.0000, correctness=0.0000, score=10.0000, stage=wrong_answer, verify_payload={'id': 'level3_9_ResNet18', 'result': {'compiled': True, 'correctness': False, 'metadata': {'hardware': 'NVIDIA L20Y', 'device': 'cuda:3', 'max_difference': ['76.020981', '76.809372', '75.400017', '73.844635', '74.913834'], 'avg_difference': ['15.098356', '15.098761', '15.093961', '15.167604', '15.127012'], 'correctness_issue': 'Output mismatch', 'correctness_trials': '(0 / 5)', 'reference_timing_ms': 1.35, 'speed_up': -1.0, 'custom_timing': -1.0}, 'runtime': -1.0, 'runtime_stats': {}}}
2025-08-08 03:37:24,677 - openevolve.threaded_parallel - INFO - Checkpoint interval reached at iteration 12
2025-08-08 03:37:24,679 - openevolve.database - INFO - Island Status:
2025-08-08 03:37:24,679 - openevolve.database - INFO -  * Island 0: 6 programs, best=20.0000, avg=10.0000, diversity=265.75, gen=5 (best: 525c02f9-6a5b-4343-8301-3969be82bbea)
2025-08-08 03:37:24,680 - openevolve.database - INFO -    Island 1: 4 programs, best=20.0000, avg=15.0000, diversity=1260.05, gen=4 (best: 6f38c9eb-ebbd-49ac-92c5-25555055673c)
2025-08-08 03:37:24,680 - openevolve.database - INFO -    Island 2: 4 programs, best=10.0000, avg=10.0000, diversity=246.15, gen=4 (best: 37da174e-9258-46eb-8405-b1e66b37bdc6)
2025-08-08 03:37:24,855 - openevolve.database - INFO - Saved database with 14 programs to openevolve_output/level3_9_ResNet18/checkpoints/checkpoint_12
2025-08-08 03:37:24,867 - openevolve.controller - INFO - Saved best program at checkpoint 12 with metrics: compiled=1.0000, correctness=1.0000, stage=success, passed=0.0000, score=20.0000, speed_up=0.8540, runtime_ms=1.5800, meta={'hardware': 'NVIDIA L20Y', 'device': 'cuda:0', 'correctness_trials': '(5 / 5)', 'reference_timing_ms': 1.35, 'speed_up': 0.854, 'custom_timing': 1.58}
2025-08-08 03:37:24,867 - openevolve.controller - INFO - Saved checkpoint at iteration 12 to openevolve_output/level3_9_ResNet18/checkpoints/checkpoint_12
2025-08-08 03:41:06,924 - openevolve.RemoteSpeedupEvaluator - INFO - [level3_9_ResNet18] triton key words check pass
2025-08-08 03:41:06,926 - openevolve.RemoteSpeedupEvaluator - INFO - [level3_9_ResNet18] verify_plus payload: reference_code(3706 chars) + custom_code(6031 chars)
2025-08-08 03:41:10,204 - openevolve.RemoteSpeedupEvaluator - INFO - [level3_9_ResNet18] verify_plus request success
2025-08-08 03:41:10,205 - openevolve.RemoteSpeedupEvaluator - INFO - [level3_9_ResNet18] verify_plus response: {"id":"level3_9_ResNet18","result":{"compiled":true,"correctness":true,"metadata":{"hardware":"NVIDIA L20Y","device":"cuda:7","correctness_trials":"(5 / 5)","reference_timing_ms":1.35,"speed_up":0.86,"custom_timing":1.57},"runtime":1.57,"runtime_stats":{"mean":1.57,"std":0.02,"min":1.53,"max":1.63,"num_trials":100,"hardware":"NVIDIA L20Y","device":"cuda:7"}}}
2025-08-08 03:41:10,205 - openevolve.RemoteSpeedupEvaluator - INFO - [level3_9_ResNet18] âœ” success | speed_up=0.860  score=20.00
2025-08-08 03:41:10,205 - openevolve.evaluator - INFO - Evaluated program 3ee8b488-b1a9-4eba-8ece-5672f6d36928 in 3.28s: compiled=1.0000, correctness=1.0000, stage=success, passed=0.0000, score=20.0000, speed_up=0.8600, runtime_ms=1.5700, meta={'hardware': 'NVIDIA L20Y', 'device': 'cuda:7', 'correctness_trials': '(5 / 5)', 'reference_timing_ms': 1.35, 'speed_up': 0.86, 'custom_timing': 1.57}
2025-08-08 03:41:10,209 - openevolve.llm.ensemble - INFO - Sampled model: deepseek
2025-08-08 03:41:10,222 - openevolve.threaded_parallel - INFO - Iteration 14: Program 3ee8b488-b1a9-4eba-8ece-5672f6d36928 (parent: 6f38c9eb-ebbd-49ac-92c5-25555055673c) completed in 463.25s
2025-08-08 03:41:10,222 - openevolve.threaded_parallel - INFO - Metrics: compiled=1.0000, correctness=1.0000, stage=success, passed=0.0000, score=20.0000, speed_up=0.8600, runtime_ms=1.5700, meta={'hardware': 'NVIDIA L20Y', 'device': 'cuda:7', 'correctness_trials': '(5 / 5)', 'reference_timing_ms': 1.35, 'speed_up': 0.86, 'custom_timing': 1.57}
2025-08-08 03:42:21,896 - openevolve.RemoteSpeedupEvaluator - INFO - [level3_9_ResNet18] triton key words check pass
2025-08-08 03:42:21,897 - openevolve.RemoteSpeedupEvaluator - INFO - [level3_9_ResNet18] verify_plus payload: reference_code(3706 chars) + custom_code(5458 chars)
2025-08-08 03:42:24,968 - openevolve.RemoteSpeedupEvaluator - INFO - [level3_9_ResNet18] verify_plus request success
2025-08-08 03:42:24,969 - openevolve.RemoteSpeedupEvaluator - INFO - [level3_9_ResNet18] verify_plus response: {"id":"level3_9_ResNet18","result":{"compiled":true,"correctness":false,"metadata":{"hardware":"NVIDIA L20Y","device":"cuda:6","runtime_error":"Traceback (most recent call last):\n  File \"/cpfs01/shared/llm_kernel/hujiakai/KernelLLM/validation_api_server/helpers/evaluations.py\", line 720, in run_and_check_correctness\n    output_new = model_new(*inputs)\n  File \"/home/lijiaxing/.conda/envs/api/lib/python3.10/site-packages/torch/nn/modules/module.py\", line 1773, in _wrapped_call_impl\n    return self._call_impl(*args, **kwargs)\n  File \"/home/lijiaxing/.conda/envs/api/lib/python3.10/site-packages/torch/nn/modules/module.py\", line 1784, in _call_impl\n    return forward_call(*args, **kwargs)\n  File \"/tmp/tmpm0mrd3lo.py\", line 139, in forward\n    x = self.layer1(x)\n  File \"/home/l
2025-08-08 03:42:24,969 - openevolve.RemoteSpeedupEvaluator - INFO - [level3_9_ResNet18] âœ˜ wrong_answer
2025-08-08 03:42:24,969 - openevolve.evaluator - INFO - Evaluated program ba042375-000a-4d72-b7aa-eeb6c155e0c2 in 3.07s: compiled=1.0000, correctness=0.0000, score=10.0000, stage=wrong_answer, verify_payload={'id': 'level3_9_ResNet18', 'result': {'compiled': True, 'correctness': False, 'metadata': {'hardware': 'NVIDIA L20Y', 'device': 'cuda:6', 'runtime_error': 'Traceback (most recent call last):\n  File "/cpfs01/shared/llm_kernel/hujiakai/KernelLLM/validation_api_server/helpers/evaluations.py", line 720, in run_and_check_correctness\n    output_new = model_new(*inputs)\n  File "/home/lijiaxing/.conda/envs/api/lib/python3.10/site-packages/torch/nn/modules/module.py", line 1773, in _wrapped_call_impl\n    return self._call_impl(*args, **kwargs)\n  File "/home/lijiaxing/.conda/envs/api/lib/python3.10/site-packages/torch/nn/modules/module.py", line 1784, in _call_impl\n    return forward_call(*args, **kwargs)\n  File "/tmp/tmpm0mrd3lo.py", line 139, in forward\n    x = self.layer1(x)\n  File "/home/lijiaxing/.conda/envs/api/lib/python3.10/site-packages/torch/nn/modules/module.py", line 1773, in _wrapped_call_impl\n    return self._call_impl(*args, **kwargs)\n  File "/home/lijiaxing/.conda/envs/api/lib/python3.10/site-packages/torch/nn/modules/module.py", line 1784, in _call_impl\n    return forward_call(*args, **kwargs)\n  File "/home/lijiaxing/.conda/envs/api/lib/python3.10/site-packages/torch/nn/modules/container.py", line 244, in forward\n    input = module(input)\n  File "/home/lijiaxing/.conda/envs/api/lib/python3.10/site-packages/torch/nn/modules/module.py", line 1773, in _wrapped_call_impl\n    return self._call_impl(*args, **kwargs)\n  File "/home/lijiaxing/.conda/envs/api/lib/python3.10/site-packages/torch/nn/modules/module.py", line 1784, in _call_impl\n    return forward_call(*args, **kwargs)\n  File "/tmp/tmpm0mrd3lo.py", line 88, in forward\n    out = fused_add_relu(out, identity)  # Fused kernel replaces two ops\n  File "/tmp/tmpm0mrd3lo.py", line 49, in fused_add_relu\n    fused_add_relu_kernel[grid](x.view(-1), y.view(-1), output.view(-1), n_elements, BLOCK_SIZE=1024)\n  File "/home/lijiaxing/.conda/envs/api/lib/python3.10/site-packages/triton/runtime/jit.py", line 390, in <lambda>\n    return lambda *args, **kwargs: self.run(grid=grid, warmup=False, *args, **kwargs)\n  File "/home/lijiaxing/.conda/envs/api/lib/python3.10/site-packages/triton/runtime/autotuner.py", line 239, in run\n    benchmark()\n  File "/home/lijiaxing/.conda/envs/api/lib/python3.10/site-packages/triton/runtime/autotuner.py", line 228, in benchmark\n    timings = {config: self._bench(*args, config=config, **kwargs) for config in pruned_configs}\n  File "/home/lijiaxing/.conda/envs/api/lib/python3.10/site-packages/triton/runtime/autotuner.py", line 228, in <dictcomp>\n    timings = {config: self._bench(*args, config=config, **kwargs) for config in pruned_configs}\n  File "/home/lijiaxing/.conda/envs/api/lib/python3.10/site-packages/triton/runtime/autotuner.py", line 135, in _bench\n    raise ValueError(f"Conflicting meta-parameters: {\', \'.join(conflicts)}."\nValueError: Conflicting meta-parameters: BLOCK_SIZE. Make sure that you don\'t re-define auto-tuned symbols.\n', 'runtime_error_name': 'builtins.ValueError', 'reference_timing_ms': 1.35, 'speed_up': -1.0, 'custom_timing': -1.0}, 'runtime': -1.0, 'runtime_stats': {}}}
2025-08-08 03:42:24,973 - openevolve.llm.ensemble - INFO - Sampled model: deepseek
2025-08-08 03:42:24,989 - openevolve.threaded_parallel - INFO - Iteration 13: Program ba042375-000a-4d72-b7aa-eeb6c155e0c2 (parent: 525c02f9-6a5b-4343-8301-3969be82bbea) completed in 842.62s
2025-08-08 03:42:24,989 - openevolve.threaded_parallel - INFO - Metrics: compiled=1.0000, correctness=0.0000, score=10.0000, stage=wrong_answer, verify_payload={'id': 'level3_9_ResNet18', 'result': {'compiled': True, 'correctness': False, 'metadata': {'hardware': 'NVIDIA L20Y', 'device': 'cuda:6', 'runtime_error': 'Traceback (most recent call last):\n  File "/cpfs01/shared/llm_kernel/hujiakai/KernelLLM/validation_api_server/helpers/evaluations.py", line 720, in run_and_check_correctness\n    output_new = model_new(*inputs)\n  File "/home/lijiaxing/.conda/envs/api/lib/python3.10/site-packages/torch/nn/modules/module.py", line 1773, in _wrapped_call_impl\n    return self._call_impl(*args, **kwargs)\n  File "/home/lijiaxing/.conda/envs/api/lib/python3.10/site-packages/torch/nn/modules/module.py", line 1784, in _call_impl\n    return forward_call(*args, **kwargs)\n  File "/tmp/tmpm0mrd3lo.py", line 139, in forward\n    x = self.layer1(x)\n  File "/home/lijiaxing/.conda/envs/api/lib/python3.10/site-packages/torch/nn/modules/module.py", line 1773, in _wrapped_call_impl\n    return self._call_impl(*args, **kwargs)\n  File "/home/lijiaxing/.conda/envs/api/lib/python3.10/site-packages/torch/nn/modules/module.py", line 1784, in _call_impl\n    return forward_call(*args, **kwargs)\n  File "/home/lijiaxing/.conda/envs/api/lib/python3.10/site-packages/torch/nn/modules/container.py", line 244, in forward\n    input = module(input)\n  File "/home/lijiaxing/.conda/envs/api/lib/python3.10/site-packages/torch/nn/modules/module.py", line 1773, in _wrapped_call_impl\n    return self._call_impl(*args, **kwargs)\n  File "/home/lijiaxing/.conda/envs/api/lib/python3.10/site-packages/torch/nn/modules/module.py", line 1784, in _call_impl\n    return forward_call(*args, **kwargs)\n  File "/tmp/tmpm0mrd3lo.py", line 88, in forward\n    out = fused_add_relu(out, identity)  # Fused kernel replaces two ops\n  File "/tmp/tmpm0mrd3lo.py", line 49, in fused_add_relu\n    fused_add_relu_kernel[grid](x.view(-1), y.view(-1), output.view(-1), n_elements, BLOCK_SIZE=1024)\n  File "/home/lijiaxing/.conda/envs/api/lib/python3.10/site-packages/triton/runtime/jit.py", line 390, in <lambda>\n    return lambda *args, **kwargs: self.run(grid=grid, warmup=False, *args, **kwargs)\n  File "/home/lijiaxing/.conda/envs/api/lib/python3.10/site-packages/triton/runtime/autotuner.py", line 239, in run\n    benchmark()\n  File "/home/lijiaxing/.conda/envs/api/lib/python3.10/site-packages/triton/runtime/autotuner.py", line 228, in benchmark\n    timings = {config: self._bench(*args, config=config, **kwargs) for config in pruned_configs}\n  File "/home/lijiaxing/.conda/envs/api/lib/python3.10/site-packages/triton/runtime/autotuner.py", line 228, in <dictcomp>\n    timings = {config: self._bench(*args, config=config, **kwargs) for config in pruned_configs}\n  File "/home/lijiaxing/.conda/envs/api/lib/python3.10/site-packages/triton/runtime/autotuner.py", line 135, in _bench\n    raise ValueError(f"Conflicting meta-parameters: {\', \'.join(conflicts)}."\nValueError: Conflicting meta-parameters: BLOCK_SIZE. Make sure that you don\'t re-define auto-tuned symbols.\n', 'runtime_error_name': 'builtins.ValueError', 'reference_timing_ms': 1.35, 'speed_up': -1.0, 'custom_timing': -1.0}, 'runtime': -1.0, 'runtime_stats': {}}}
2025-08-08 03:47:22,628 - openevolve.RemoteSpeedupEvaluator - INFO - [level3_9_ResNet18] triton key words check pass
2025-08-08 03:47:22,629 - openevolve.RemoteSpeedupEvaluator - INFO - [level3_9_ResNet18] verify_plus payload: reference_code(3706 chars) + custom_code(7458 chars)
2025-08-08 03:47:30,507 - openevolve.RemoteSpeedupEvaluator - INFO - [level3_9_ResNet18] verify_plus request success
2025-08-08 03:47:30,507 - openevolve.RemoteSpeedupEvaluator - INFO - [level3_9_ResNet18] verify_plus response: {"id":"level3_9_ResNet18","result":{"compiled":true,"correctness":false,"metadata":{"hardware":"NVIDIA L20Y","device":"cuda:6","max_difference":["58.458759","57.758808","56.795158","55.913357","55.400913"],"avg_difference":["14.832167","14.709692","14.749210","14.741732","14.776418"],"correctness_issue":"Output mismatch","correctness_trials":"(0 / 5)","reference_timing_ms":1.35,"speed_up":-1.0,"custom_timing":-1.0},"runtime":-1.0,"runtime_stats":{}}}
2025-08-08 03:47:30,507 - openevolve.RemoteSpeedupEvaluator - INFO - [level3_9_ResNet18] âœ˜ wrong_answer
2025-08-08 03:47:30,508 - openevolve.evaluator - INFO - Evaluated program 8946f2ef-eb8b-4184-875b-564f18f0f2b9 in 7.88s: compiled=1.0000, correctness=0.0000, score=10.0000, stage=wrong_answer, verify_payload={'id': 'level3_9_ResNet18', 'result': {'compiled': True, 'correctness': False, 'metadata': {'hardware': 'NVIDIA L20Y', 'device': 'cuda:6', 'max_difference': ['58.458759', '57.758808', '56.795158', '55.913357', '55.400913'], 'avg_difference': ['14.832167', '14.709692', '14.749210', '14.741732', '14.776418'], 'correctness_issue': 'Output mismatch', 'correctness_trials': '(0 / 5)', 'reference_timing_ms': 1.35, 'speed_up': -1.0, 'custom_timing': -1.0}, 'runtime': -1.0, 'runtime_stats': {}}}
2025-08-08 03:47:30,511 - openevolve.llm.ensemble - INFO - Sampled model: deepseek
2025-08-08 03:47:30,528 - openevolve.threaded_parallel - INFO - Iteration 15: Program 8946f2ef-eb8b-4184-875b-564f18f0f2b9 (parent: 78b45ee4-f9a5-4596-bf13-b751c2188dee) completed in 605.85s
2025-08-08 03:47:30,528 - openevolve.threaded_parallel - INFO - Metrics: compiled=1.0000, correctness=0.0000, score=10.0000, stage=wrong_answer, verify_payload={'id': 'level3_9_ResNet18', 'result': {'compiled': True, 'correctness': False, 'metadata': {'hardware': 'NVIDIA L20Y', 'device': 'cuda:6', 'max_difference': ['58.458759', '57.758808', '56.795158', '55.913357', '55.400913'], 'avg_difference': ['14.832167', '14.709692', '14.749210', '14.741732', '14.776418'], 'correctness_issue': 'Output mismatch', 'correctness_trials': '(0 / 5)', 'reference_timing_ms': 1.35, 'speed_up': -1.0, 'custom_timing': -1.0}, 'runtime': -1.0, 'runtime_stats': {}}}
2025-08-08 03:47:30,528 - openevolve.threaded_parallel - INFO - Checkpoint interval reached at iteration 15
2025-08-08 03:47:30,530 - openevolve.database - INFO - Island Status:
2025-08-08 03:47:30,530 - openevolve.database - INFO -  * Island 0: 7 programs, best=20.0000, avg=11.4286, diversity=975.72, gen=6 (best: 525c02f9-6a5b-4343-8301-3969be82bbea)
2025-08-08 03:47:30,530 - openevolve.database - INFO -    Island 1: 5 programs, best=20.0000, avg=14.0000, diversity=1381.68, gen=5 (best: 6f38c9eb-ebbd-49ac-92c5-25555055673c)
2025-08-08 03:47:30,530 - openevolve.database - INFO -    Island 2: 5 programs, best=10.0000, avg=10.0000, diversity=256.67, gen=5 (best: 37da174e-9258-46eb-8405-b1e66b37bdc6)
2025-08-08 03:47:30,736 - openevolve.database - INFO - Saved database with 17 programs to openevolve_output/level3_9_ResNet18/checkpoints/checkpoint_15
2025-08-08 03:47:30,747 - openevolve.controller - INFO - Saved best program at checkpoint 15 with metrics: compiled=1.0000, correctness=1.0000, stage=success, passed=0.0000, score=20.0000, speed_up=0.8540, runtime_ms=1.5800, meta={'hardware': 'NVIDIA L20Y', 'device': 'cuda:0', 'correctness_trials': '(5 / 5)', 'reference_timing_ms': 1.35, 'speed_up': 0.854, 'custom_timing': 1.58}
2025-08-08 03:47:30,747 - openevolve.controller - INFO - Saved checkpoint at iteration 15 to openevolve_output/level3_9_ResNet18/checkpoints/checkpoint_15
2025-08-08 03:51:26,376 - openevolve.RemoteSpeedupEvaluator - INFO - [level3_9_ResNet18] âœ˜ invalid_answer 'import triton' is not found
2025-08-08 03:51:26,378 - openevolve.evaluator - INFO - Evaluated program c5cb6ae5-d2be-4d06-bd00-e77262c4573a in 0.00s: compiled=0.0000, correctness=0.0000, score=-100.0000, stage=no_valid_triton_code, feedback=You need to generate real and valid triton code for the core function. The key word 'import triton' is not found.
2025-08-08 03:51:26,380 - openevolve.database - INFO - New MAP-Elites cell occupied: {'score': -1000, 'complexity': 0}
2025-08-08 03:51:26,382 - openevolve.llm.ensemble - INFO - Sampled model: deepseek
2025-08-08 03:51:26,393 - openevolve.threaded_parallel - INFO - Iteration 16: Program c5cb6ae5-d2be-4d06-bd00-e77262c4573a (parent: c8d0aa6d-2dd9-40a6-8202-0484eca7ca62) completed in 616.17s
2025-08-08 03:51:26,393 - openevolve.threaded_parallel - INFO - Metrics: compiled=0.0000, correctness=0.0000, score=-100.0000, stage=no_valid_triton_code, feedback=You need to generate real and valid triton code for the core function. The key word 'import triton' is not found.
2025-08-08 03:53:43,547 - openevolve.RemoteSpeedupEvaluator - INFO - [level3_9_ResNet18] triton key words check pass
2025-08-08 03:53:43,549 - openevolve.RemoteSpeedupEvaluator - INFO - [level3_9_ResNet18] verify_plus payload: reference_code(3706 chars) + custom_code(5915 chars)
2025-08-08 03:53:47,179 - openevolve.RemoteSpeedupEvaluator - INFO - [level3_9_ResNet18] verify_plus request success
2025-08-08 03:53:47,179 - openevolve.RemoteSpeedupEvaluator - INFO - [level3_9_ResNet18] verify_plus response: {"id":"level3_9_ResNet18","result":{"compiled":true,"correctness":false,"metadata":{"hardware":"NVIDIA L20Y","device":"cuda:1","max_difference":["58.458759","57.758808","56.795158","55.913357","55.400913"],"avg_difference":["14.832167","14.709692","14.749210","14.741732","14.776418"],"correctness_issue":"Output mismatch","correctness_trials":"(0 / 5)","reference_timing_ms":1.35,"speed_up":-1.0,"custom_timing":-1.0},"runtime":-1.0,"runtime_stats":{}}}
2025-08-08 03:53:47,180 - openevolve.RemoteSpeedupEvaluator - INFO - [level3_9_ResNet18] âœ˜ wrong_answer
2025-08-08 03:53:47,180 - openevolve.evaluator - INFO - Evaluated program dd684d17-833c-45d8-9792-ca77f7d37b39 in 3.63s: compiled=1.0000, correctness=0.0000, score=10.0000, stage=wrong_answer, verify_payload={'id': 'level3_9_ResNet18', 'result': {'compiled': True, 'correctness': False, 'metadata': {'hardware': 'NVIDIA L20Y', 'device': 'cuda:1', 'max_difference': ['58.458759', '57.758808', '56.795158', '55.913357', '55.400913'], 'avg_difference': ['14.832167', '14.709692', '14.749210', '14.741732', '14.776418'], 'correctness_issue': 'Output mismatch', 'correctness_trials': '(0 / 5)', 'reference_timing_ms': 1.35, 'speed_up': -1.0, 'custom_timing': -1.0}, 'runtime': -1.0, 'runtime_stats': {}}}
2025-08-08 03:53:47,183 - openevolve.llm.ensemble - INFO - Sampled model: deepseek
2025-08-08 03:53:47,194 - openevolve.threaded_parallel - INFO - Iteration 18: Program dd684d17-833c-45d8-9792-ca77f7d37b39 (parent: 37da174e-9258-46eb-8405-b1e66b37bdc6) completed in 376.67s
2025-08-08 03:53:47,195 - openevolve.threaded_parallel - INFO - Metrics: compiled=1.0000, correctness=0.0000, score=10.0000, stage=wrong_answer, verify_payload={'id': 'level3_9_ResNet18', 'result': {'compiled': True, 'correctness': False, 'metadata': {'hardware': 'NVIDIA L20Y', 'device': 'cuda:1', 'max_difference': ['58.458759', '57.758808', '56.795158', '55.913357', '55.400913'], 'avg_difference': ['14.832167', '14.709692', '14.749210', '14.741732', '14.776418'], 'correctness_issue': 'Output mismatch', 'correctness_trials': '(0 / 5)', 'reference_timing_ms': 1.35, 'speed_up': -1.0, 'custom_timing': -1.0}, 'runtime': -1.0, 'runtime_stats': {}}}
2025-08-08 03:53:47,195 - openevolve.threaded_parallel - INFO - Checkpoint interval reached at iteration 18
2025-08-08 03:53:47,196 - openevolve.database - INFO - Island Status:
2025-08-08 03:53:47,197 - openevolve.database - INFO -    Island 0: 8 programs, best=20.0000, avg=-2.5000, diversity=975.72, gen=6 (best: 525c02f9-6a5b-4343-8301-3969be82bbea)
2025-08-08 03:53:47,197 - openevolve.database - INFO -    Island 1: 6 programs, best=20.0000, avg=13.3333, diversity=1381.68, gen=6 (best: 6f38c9eb-ebbd-49ac-92c5-25555055673c)
2025-08-08 03:53:47,197 - openevolve.database - INFO -  * Island 2: 5 programs, best=10.0000, avg=10.0000, diversity=256.67, gen=6 (best: 37da174e-9258-46eb-8405-b1e66b37bdc6)
2025-08-08 03:53:47,502 - openevolve.database - INFO - Saved database with 19 programs to openevolve_output/level3_9_ResNet18/checkpoints/checkpoint_18
2025-08-08 03:53:47,513 - openevolve.controller - INFO - Saved best program at checkpoint 18 with metrics: compiled=1.0000, correctness=1.0000, stage=success, passed=0.0000, score=20.0000, speed_up=0.8540, runtime_ms=1.5800, meta={'hardware': 'NVIDIA L20Y', 'device': 'cuda:0', 'correctness_trials': '(5 / 5)', 'reference_timing_ms': 1.35, 'speed_up': 0.854, 'custom_timing': 1.58}
2025-08-08 03:53:47,513 - openevolve.controller - INFO - Saved checkpoint at iteration 18 to openevolve_output/level3_9_ResNet18/checkpoints/checkpoint_18
2025-08-08 03:57:46,843 - openevolve.RemoteSpeedupEvaluator - INFO - [level3_9_ResNet18] triton key words check pass
2025-08-08 03:57:46,845 - openevolve.RemoteSpeedupEvaluator - INFO - [level3_9_ResNet18] verify_plus payload: reference_code(3706 chars) + custom_code(5694 chars)
2025-08-08 03:57:50,798 - openevolve.RemoteSpeedupEvaluator - INFO - [level3_9_ResNet18] verify_plus request success
2025-08-08 03:57:50,798 - openevolve.RemoteSpeedupEvaluator - INFO - [level3_9_ResNet18] verify_plus response: {"id":"level3_9_ResNet18","result":{"compiled":true,"correctness":false,"metadata":{"hardware":"NVIDIA L20Y","device":"cuda:6","max_difference":["67.548584","66.076660","65.792015","66.404144","65.862717"],"avg_difference":["14.965083","14.874327","14.899782","14.946114","14.905528"],"correctness_issue":"Output mismatch","correctness_trials":"(0 / 5)","reference_timing_ms":1.35,"speed_up":-1.0,"custom_timing":-1.0},"runtime":-1.0,"runtime_stats":{}}}
2025-08-08 03:57:50,798 - openevolve.RemoteSpeedupEvaluator - INFO - [level3_9_ResNet18] âœ˜ wrong_answer
2025-08-08 03:57:50,799 - openevolve.evaluator - INFO - Evaluated program f478ff1c-8294-4443-9920-68bfc8323810 in 3.96s: compiled=1.0000, correctness=0.0000, score=10.0000, stage=wrong_answer, verify_payload={'id': 'level3_9_ResNet18', 'result': {'compiled': True, 'correctness': False, 'metadata': {'hardware': 'NVIDIA L20Y', 'device': 'cuda:6', 'max_difference': ['67.548584', '66.076660', '65.792015', '66.404144', '65.862717'], 'avg_difference': ['14.965083', '14.874327', '14.899782', '14.946114', '14.905528'], 'correctness_issue': 'Output mismatch', 'correctness_trials': '(0 / 5)', 'reference_timing_ms': 1.35, 'speed_up': -1.0, 'custom_timing': -1.0}, 'runtime': -1.0, 'runtime_stats': {}}}
2025-08-08 03:57:50,803 - openevolve.llm.ensemble - INFO - Sampled model: deepseek
2025-08-08 03:57:50,814 - openevolve.threaded_parallel - INFO - Iteration 17: Program f478ff1c-8294-4443-9920-68bfc8323810 (parent: d72ca148-ad03-424a-9062-455364ea6ce5) completed in 925.83s
2025-08-08 03:57:50,814 - openevolve.threaded_parallel - INFO - Metrics: compiled=1.0000, correctness=0.0000, score=10.0000, stage=wrong_answer, verify_payload={'id': 'level3_9_ResNet18', 'result': {'compiled': True, 'correctness': False, 'metadata': {'hardware': 'NVIDIA L20Y', 'device': 'cuda:6', 'max_difference': ['67.548584', '66.076660', '65.792015', '66.404144', '65.862717'], 'avg_difference': ['14.965083', '14.874327', '14.899782', '14.946114', '14.905528'], 'correctness_issue': 'Output mismatch', 'correctness_trials': '(0 / 5)', 'reference_timing_ms': 1.35, 'speed_up': -1.0, 'custom_timing': -1.0}, 'runtime': -1.0, 'runtime_stats': {}}}
2025-08-08 04:06:19,026 - openevolve.RemoteSpeedupEvaluator - INFO - [level3_9_ResNet18] triton key words check pass
2025-08-08 04:06:19,029 - openevolve.RemoteSpeedupEvaluator - INFO - [level3_9_ResNet18] verify_plus payload: reference_code(3706 chars) + custom_code(7513 chars)
2025-08-08 04:06:24,332 - openevolve.RemoteSpeedupEvaluator - INFO - [level3_9_ResNet18] verify_plus request success
2025-08-08 04:06:24,332 - openevolve.RemoteSpeedupEvaluator - INFO - [level3_9_ResNet18] verify_plus response: {"id":"level3_9_ResNet18","result":{"compiled":true,"correctness":false,"metadata":{"hardware":"NVIDIA L20Y","device":"cuda:7","max_difference":["58.458759","57.758808","56.795158","55.913357","55.400913"],"avg_difference":["14.832167","14.709692","14.749210","14.741732","14.776418"],"correctness_issue":"Output mismatch","correctness_trials":"(0 / 5)","reference_timing_ms":1.35,"speed_up":-1.0,"custom_timing":-1.0},"runtime":-1.0,"runtime_stats":{}}}
2025-08-08 04:06:24,332 - openevolve.RemoteSpeedupEvaluator - INFO - [level3_9_ResNet18] âœ˜ wrong_answer
2025-08-08 04:06:24,333 - openevolve.evaluator - INFO - Evaluated program 75f61708-664d-48c6-8147-80befac851f3 in 5.31s: compiled=1.0000, correctness=0.0000, score=10.0000, stage=wrong_answer, verify_payload={'id': 'level3_9_ResNet18', 'result': {'compiled': True, 'correctness': False, 'metadata': {'hardware': 'NVIDIA L20Y', 'device': 'cuda:7', 'max_difference': ['58.458759', '57.758808', '56.795158', '55.913357', '55.400913'], 'avg_difference': ['14.832167', '14.709692', '14.749210', '14.741732', '14.776418'], 'correctness_issue': 'Output mismatch', 'correctness_trials': '(0 / 5)', 'reference_timing_ms': 1.35, 'speed_up': -1.0, 'custom_timing': -1.0}, 'runtime': -1.0, 'runtime_stats': {}}}
2025-08-08 04:06:24,337 - openevolve.llm.ensemble - INFO - Sampled model: deepseek
2025-08-08 04:06:24,356 - openevolve.threaded_parallel - INFO - Iteration 21: Program 75f61708-664d-48c6-8147-80befac851f3 (parent: 78b45ee4-f9a5-4596-bf13-b751c2188dee) completed in 513.53s
2025-08-08 04:06:24,356 - openevolve.threaded_parallel - INFO - Metrics: compiled=1.0000, correctness=0.0000, score=10.0000, stage=wrong_answer, verify_payload={'id': 'level3_9_ResNet18', 'result': {'compiled': True, 'correctness': False, 'metadata': {'hardware': 'NVIDIA L20Y', 'device': 'cuda:7', 'max_difference': ['58.458759', '57.758808', '56.795158', '55.913357', '55.400913'], 'avg_difference': ['14.832167', '14.709692', '14.749210', '14.741732', '14.776418'], 'correctness_issue': 'Output mismatch', 'correctness_trials': '(0 / 5)', 'reference_timing_ms': 1.35, 'speed_up': -1.0, 'custom_timing': -1.0}, 'runtime': -1.0, 'runtime_stats': {}}}
2025-08-08 04:06:24,356 - openevolve.threaded_parallel - INFO - Checkpoint interval reached at iteration 21
2025-08-08 04:06:24,358 - openevolve.database - INFO - Island Status:
2025-08-08 04:06:24,358 - openevolve.database - INFO -    Island 0: 9 programs, best=20.0000, avg=-1.1111, diversity=1167.75, gen=7 (best: 525c02f9-6a5b-4343-8301-3969be82bbea)
2025-08-08 04:06:24,358 - openevolve.database - INFO -  * Island 1: 6 programs, best=20.0000, avg=13.3333, diversity=1381.68, gen=7 (best: 6f38c9eb-ebbd-49ac-92c5-25555055673c)
2025-08-08 04:06:24,358 - openevolve.database - INFO -    Island 2: 6 programs, best=10.0000, avg=10.0000, diversity=256.67, gen=6 (best: 37da174e-9258-46eb-8405-b1e66b37bdc6)
2025-08-08 04:06:24,600 - openevolve.database - INFO - Saved database with 21 programs to openevolve_output/level3_9_ResNet18/checkpoints/checkpoint_21
2025-08-08 04:06:24,613 - openevolve.controller - INFO - Saved best program at checkpoint 21 with metrics: compiled=1.0000, correctness=1.0000, stage=success, passed=0.0000, score=20.0000, speed_up=0.8540, runtime_ms=1.5800, meta={'hardware': 'NVIDIA L20Y', 'device': 'cuda:0', 'correctness_trials': '(5 / 5)', 'reference_timing_ms': 1.35, 'speed_up': 0.854, 'custom_timing': 1.58}
2025-08-08 04:06:24,613 - openevolve.controller - INFO - Saved checkpoint at iteration 21 to openevolve_output/level3_9_ResNet18/checkpoints/checkpoint_21
2025-08-08 04:07:32,974 - openevolve.RemoteSpeedupEvaluator - INFO - [level3_9_ResNet18] âœ˜ invalid_answer 'import triton' is not found
2025-08-08 04:07:32,976 - openevolve.evaluator - INFO - Evaluated program 962d3435-8dcc-4c1f-a80e-98d664000652 in 0.00s: compiled=0.0000, correctness=0.0000, score=-100.0000, stage=no_valid_triton_code, feedback=You need to generate real and valid triton code for the core function. The key word 'import triton' is not found.
2025-08-08 04:07:32,980 - openevolve.llm.ensemble - INFO - Sampled model: deepseek
2025-08-08 04:07:32,984 - openevolve.database - INFO - New MAP-Elites cell occupied: {'score': -1000, 'complexity': 3}
2025-08-08 04:07:32,997 - openevolve.threaded_parallel - INFO - Iteration 19: Program 962d3435-8dcc-4c1f-a80e-98d664000652 (parent: c8d0aa6d-2dd9-40a6-8202-0484eca7ca62) completed in 966.59s
2025-08-08 04:07:32,997 - openevolve.threaded_parallel - INFO - Metrics: compiled=0.0000, correctness=0.0000, score=-100.0000, stage=no_valid_triton_code, feedback=You need to generate real and valid triton code for the core function. The key word 'import triton' is not found.
2025-08-08 04:08:30,321 - openevolve.RemoteSpeedupEvaluator - INFO - [level3_9_ResNet18] triton key words check pass
2025-08-08 04:08:30,323 - openevolve.RemoteSpeedupEvaluator - INFO - [level3_9_ResNet18] verify_plus payload: reference_code(3706 chars) + custom_code(6491 chars)
2025-08-08 04:08:33,517 - openevolve.RemoteSpeedupEvaluator - INFO - [level3_9_ResNet18] verify_plus request success
2025-08-08 04:08:33,517 - openevolve.RemoteSpeedupEvaluator - INFO - [level3_9_ResNet18] verify_plus response: {"id":"level3_9_ResNet18","result":{"compiled":true,"correctness":false,"metadata":{"hardware":"NVIDIA L20Y","device":"cuda:4","runtime_error":"Traceback (most recent call last):\n  File \"/home/lijiaxing/.conda/envs/api/lib/python3.10/site-packages/triton/language/core.py\", line 42, in wrapper\n    return fn(*args, **kwargs)\n  File \"/home/lijiaxing/.conda/envs/api/lib/python3.10/site-packages/triton/language/core.py\", line 2150, in load\n    return _semantic.load(pointer, mask, other, boundary_check, padding_option, cache_modifier, eviction_policy,\n  File \"/home/lijiaxing/.conda/envs/api/lib/python3.10/site-packages/triton/language/semantic.py\", line 1086, in load\n    return self._load_legacy(ptr, mask, other, boundary_check, padding, cache, eviction, is_volatile)\n  File \"/home/
2025-08-08 04:08:33,517 - openevolve.RemoteSpeedupEvaluator - INFO - [level3_9_ResNet18] âœ˜ wrong_answer
2025-08-08 04:08:33,518 - openevolve.evaluator - INFO - Evaluated program 04846321-9ea8-45ca-9b3c-849beea4af47 in 3.20s: compiled=1.0000, correctness=0.0000, score=10.0000, stage=wrong_answer, verify_payload={'id': 'level3_9_ResNet18', 'result': {'compiled': True, 'correctness': False, 'metadata': {'hardware': 'NVIDIA L20Y', 'device': 'cuda:4', 'runtime_error': 'Traceback (most recent call last):\n  File "/home/lijiaxing/.conda/envs/api/lib/python3.10/site-packages/triton/language/core.py", line 42, in wrapper\n    return fn(*args, **kwargs)\n  File "/home/lijiaxing/.conda/envs/api/lib/python3.10/site-packages/triton/language/core.py", line 2150, in load\n    return _semantic.load(pointer, mask, other, boundary_check, padding_option, cache_modifier, eviction_policy,\n  File "/home/lijiaxing/.conda/envs/api/lib/python3.10/site-packages/triton/language/semantic.py", line 1086, in load\n    return self._load_legacy(ptr, mask, other, boundary_check, padding, cache, eviction, is_volatile)\n  File "/home/lijiaxing/.conda/envs/api/lib/python3.10/site-packages/triton/language/semantic.py", line 1017, in _load_legacy\n    raise ValueError(f"Unsupported ptr type {ptr.type.__repr__()} in `tl.load`")\nValueError: Unsupported ptr type <[\'256\'], int64> in `tl.load`\n\nThe above exception was the direct cause of the following exception:\n\nTraceback (most recent call last):\n  File "/cpfs01/shared/llm_kernel/hujiakai/KernelLLM/validation_api_server/helpers/evaluations.py", line 720, in run_and_check_correctness\n    output_new = model_new(*inputs)\n  File "/home/lijiaxing/.conda/envs/api/lib/python3.10/site-packages/torch/nn/modules/module.py", line 1773, in _wrapped_call_impl\n    return self._call_impl(*args, **kwargs)\n  File "/home/lijiaxing/.conda/envs/api/lib/python3.10/site-packages/torch/nn/modules/module.py", line 1784, in _call_impl\n    return forward_call(*args, **kwargs)\n  File "/tmp/tmpxb_2nzlu.py", line 166, in forward\n    x = self.fc(x)\n  File "/home/lijiaxing/.conda/envs/api/lib/python3.10/site-packages/torch/nn/modules/module.py", line 1773, in _wrapped_call_impl\n    return self._call_impl(*args, **kwargs)\n  File "/home/lijiaxing/.conda/envs/api/lib/python3.10/site-packages/torch/nn/modules/module.py", line 1784, in _call_impl\n    return forward_call(*args, **kwargs)\n  File "/tmp/tmpxb_2nzlu.py", line 110, in forward\n    triton_fc_kernel[grid](\n  File "/home/lijiaxing/.conda/envs/api/lib/python3.10/site-packages/triton/runtime/jit.py", line 390, in <lambda>\n    return lambda *args, **kwargs: self.run(grid=grid, warmup=False, *args, **kwargs)\n  File "/home/lijiaxing/.conda/envs/api/lib/python3.10/site-packages/triton/runtime/autotuner.py", line 239, in run\n    benchmark()\n  File "/home/lijiaxing/.conda/envs/api/lib/python3.10/site-packages/triton/runtime/autotuner.py", line 228, in benchmark\n    timings = {config: self._bench(*args, config=config, **kwargs) for config in pruned_configs}\n  File "/home/lijiaxing/.conda/envs/api/lib/python3.10/site-packages/triton/runtime/autotuner.py", line 228, in <dictcomp>\n    timings = {config: self._bench(*args, config=config, **kwargs) for config in pruned_configs}\n  File "/home/lijiaxing/.conda/envs/api/lib/python3.10/site-packages/triton/runtime/autotuner.py", line 160, in _bench\n    return self.do_bench(kernel_call, quantiles=(0.5, 0.2, 0.8))\n  File "/home/lijiaxing/.conda/envs/api/lib/python3.10/site-packages/triton/testing.py", line 149, in do_bench\n    fn()\n  File "/home/lijiaxing/.conda/envs/api/lib/python3.10/site-packages/triton/runtime/autotuner.py", line 146, in kernel_call\n    self.fn.run(\n  File "/home/lijiaxing/.conda/envs/api/lib/python3.10/site-packages/triton/runtime/jit.py", line 594, in run\n    kernel = self.compile(src, target=target, options=options.__dict__)\n  File "/home/lijiaxing/.conda/envs/api/lib/python3.10/site-packages/triton/compiler/compiler.py", line 339, in compile\n    module = src.make_ir(options, codegen_fns, module_map, context)\n  File "/home/lijiaxing/.conda/envs/api/lib/python3.10/site-packages/triton/compiler/compiler.py", line 83, in make_ir\n    return ast_to_ttir(self.fn, self, context=context, options=options, codegen_fns=codegen_fns,\ntriton.compiler.errors.CompilationError: at 39:15:\n        a = tl.load(input_ptrs, mask=a_mask, other=0.0)\n\n        b_mask = k_mask[:, None] & (offs_n[None, :] < N)\n        b = tl.load(weight_ptrs, mask=b_mask, other=0.0)\n\n        acc += tl.dot(a, b, allow_tf32=True, out_dtype=tl.float32)\n\n        input_ptrs += BLOCK_SIZE_K * stride_in\n        weight_ptrs += BLOCK_SIZE_K * stride_wk\n\n    if bias_ptr != 0:\n        bias = tl.load(bias_ptr + offs_n, mask=offs_n < N, other=0.0)\n               ^\n\n\nThe above exception was the direct cause of the following exception:\n\nTraceback (most recent call last):\n  File "/home/lijiaxing/.conda/envs/api/lib/python3.10/site-packages/triton/language/core.py", line 42, in wrapper\n    return fn(*args, **kwargs)\n  File "/home/lijiaxing/.conda/envs/api/lib/python3.10/site-packages/triton/language/core.py", line 2150, in load\n    return _semantic.load(pointer, mask, other, boundary_check, padding_option, cache_modifier, eviction_policy,\n  File "/home/lijiaxing/.conda/envs/api/lib/python3.10/site-packages/triton/language/semantic.py", line 1086, in load\n    return self._load_legacy(ptr, mask, other, boundary_check, padding, cache, eviction, is_volatile)\n  File "/home/lijiaxing/.conda/envs/api/lib/python3.10/site-packages/triton/language/semantic.py", line 1017, in _load_legacy\n    raise ValueError(f"Unsupported ptr type {ptr.type.__repr__()} in `tl.load`")\nValueError: Unsupported ptr type <[\'256\'], int64> in `tl.load`\n', 'runtime_error_name': 'triton.compiler.errors.CompilationError', 'reference_timing_ms': 1.35, 'speed_up': -1.0, 'custom_timing': -1.0}, 'runtime': -1.0, 'runtime_stats': {}}}
2025-08-08 04:08:33,523 - openevolve.llm.ensemble - INFO - Sampled model: deepseek
2025-08-08 04:08:33,528 - openevolve.database - INFO - New MAP-Elites cell occupied: {'score': 9, 'complexity': 8}
2025-08-08 04:08:33,528 - openevolve.database - INFO - MAP-Elites coverage reached 10.0% (10/100 cells)
2025-08-08 04:08:33,545 - openevolve.threaded_parallel - INFO - Iteration 20: Program 04846321-9ea8-45ca-9b3c-849beea4af47 (parent: d9e71f92-8b18-4c89-8c7f-206bd2ebc01c) completed in 886.33s
2025-08-08 04:08:33,545 - openevolve.threaded_parallel - INFO - Metrics: compiled=1.0000, correctness=0.0000, score=10.0000, stage=wrong_answer, verify_payload={'id': 'level3_9_ResNet18', 'result': {'compiled': True, 'correctness': False, 'metadata': {'hardware': 'NVIDIA L20Y', 'device': 'cuda:4', 'runtime_error': 'Traceback (most recent call last):\n  File "/home/lijiaxing/.conda/envs/api/lib/python3.10/site-packages/triton/language/core.py", line 42, in wrapper\n    return fn(*args, **kwargs)\n  File "/home/lijiaxing/.conda/envs/api/lib/python3.10/site-packages/triton/language/core.py", line 2150, in load\n    return _semantic.load(pointer, mask, other, boundary_check, padding_option, cache_modifier, eviction_policy,\n  File "/home/lijiaxing/.conda/envs/api/lib/python3.10/site-packages/triton/language/semantic.py", line 1086, in load\n    return self._load_legacy(ptr, mask, other, boundary_check, padding, cache, eviction, is_volatile)\n  File "/home/lijiaxing/.conda/envs/api/lib/python3.10/site-packages/triton/language/semantic.py", line 1017, in _load_legacy\n    raise ValueError(f"Unsupported ptr type {ptr.type.__repr__()} in `tl.load`")\nValueError: Unsupported ptr type <[\'256\'], int64> in `tl.load`\n\nThe above exception was the direct cause of the following exception:\n\nTraceback (most recent call last):\n  File "/cpfs01/shared/llm_kernel/hujiakai/KernelLLM/validation_api_server/helpers/evaluations.py", line 720, in run_and_check_correctness\n    output_new = model_new(*inputs)\n  File "/home/lijiaxing/.conda/envs/api/lib/python3.10/site-packages/torch/nn/modules/module.py", line 1773, in _wrapped_call_impl\n    return self._call_impl(*args, **kwargs)\n  File "/home/lijiaxing/.conda/envs/api/lib/python3.10/site-packages/torch/nn/modules/module.py", line 1784, in _call_impl\n    return forward_call(*args, **kwargs)\n  File "/tmp/tmpxb_2nzlu.py", line 166, in forward\n    x = self.fc(x)\n  File "/home/lijiaxing/.conda/envs/api/lib/python3.10/site-packages/torch/nn/modules/module.py", line 1773, in _wrapped_call_impl\n    return self._call_impl(*args, **kwargs)\n  File "/home/lijiaxing/.conda/envs/api/lib/python3.10/site-packages/torch/nn/modules/module.py", line 1784, in _call_impl\n    return forward_call(*args, **kwargs)\n  File "/tmp/tmpxb_2nzlu.py", line 110, in forward\n    triton_fc_kernel[grid](\n  File "/home/lijiaxing/.conda/envs/api/lib/python3.10/site-packages/triton/runtime/jit.py", line 390, in <lambda>\n    return lambda *args, **kwargs: self.run(grid=grid, warmup=False, *args, **kwargs)\n  File "/home/lijiaxing/.conda/envs/api/lib/python3.10/site-packages/triton/runtime/autotuner.py", line 239, in run\n    benchmark()\n  File "/home/lijiaxing/.conda/envs/api/lib/python3.10/site-packages/triton/runtime/autotuner.py", line 228, in benchmark\n    timings = {config: self._bench(*args, config=config, **kwargs) for config in pruned_configs}\n  File "/home/lijiaxing/.conda/envs/api/lib/python3.10/site-packages/triton/runtime/autotuner.py", line 228, in <dictcomp>\n    timings = {config: self._bench(*args, config=config, **kwargs) for config in pruned_configs}\n  File "/home/lijiaxing/.conda/envs/api/lib/python3.10/site-packages/triton/runtime/autotuner.py", line 160, in _bench\n    return self.do_bench(kernel_call, quantiles=(0.5, 0.2, 0.8))\n  File "/home/lijiaxing/.conda/envs/api/lib/python3.10/site-packages/triton/testing.py", line 149, in do_bench\n    fn()\n  File "/home/lijiaxing/.conda/envs/api/lib/python3.10/site-packages/triton/runtime/autotuner.py", line 146, in kernel_call\n    self.fn.run(\n  File "/home/lijiaxing/.conda/envs/api/lib/python3.10/site-packages/triton/runtime/jit.py", line 594, in run\n    kernel = self.compile(src, target=target, options=options.__dict__)\n  File "/home/lijiaxing/.conda/envs/api/lib/python3.10/site-packages/triton/compiler/compiler.py", line 339, in compile\n    module = src.make_ir(options, codegen_fns, module_map, context)\n  File "/home/lijiaxing/.conda/envs/api/lib/python3.10/site-packages/triton/compiler/compiler.py", line 83, in make_ir\n    return ast_to_ttir(self.fn, self, context=context, options=options, codegen_fns=codegen_fns,\ntriton.compiler.errors.CompilationError: at 39:15:\n        a = tl.load(input_ptrs, mask=a_mask, other=0.0)\n\n        b_mask = k_mask[:, None] & (offs_n[None, :] < N)\n        b = tl.load(weight_ptrs, mask=b_mask, other=0.0)\n\n        acc += tl.dot(a, b, allow_tf32=True, out_dtype=tl.float32)\n\n        input_ptrs += BLOCK_SIZE_K * stride_in\n        weight_ptrs += BLOCK_SIZE_K * stride_wk\n\n    if bias_ptr != 0:\n        bias = tl.load(bias_ptr + offs_n, mask=offs_n < N, other=0.0)\n               ^\n\n\nThe above exception was the direct cause of the following exception:\n\nTraceback (most recent call last):\n  File "/home/lijiaxing/.conda/envs/api/lib/python3.10/site-packages/triton/language/core.py", line 42, in wrapper\n    return fn(*args, **kwargs)\n  File "/home/lijiaxing/.conda/envs/api/lib/python3.10/site-packages/triton/language/core.py", line 2150, in load\n    return _semantic.load(pointer, mask, other, boundary_check, padding_option, cache_modifier, eviction_policy,\n  File "/home/lijiaxing/.conda/envs/api/lib/python3.10/site-packages/triton/language/semantic.py", line 1086, in load\n    return self._load_legacy(ptr, mask, other, boundary_check, padding, cache, eviction, is_volatile)\n  File "/home/lijiaxing/.conda/envs/api/lib/python3.10/site-packages/triton/language/semantic.py", line 1017, in _load_legacy\n    raise ValueError(f"Unsupported ptr type {ptr.type.__repr__()} in `tl.load`")\nValueError: Unsupported ptr type <[\'256\'], int64> in `tl.load`\n', 'runtime_error_name': 'triton.compiler.errors.CompilationError', 'reference_timing_ms': 1.35, 'speed_up': -1.0, 'custom_timing': -1.0}, 'runtime': -1.0, 'runtime_stats': {}}}
2025-08-08 04:17:39,420 - openevolve.RemoteSpeedupEvaluator - INFO - [level3_9_ResNet18] triton key words check pass
2025-08-08 04:17:39,422 - openevolve.RemoteSpeedupEvaluator - INFO - [level3_9_ResNet18] verify_plus payload: reference_code(3706 chars) + custom_code(5825 chars)
2025-08-08 04:17:41,947 - openevolve.RemoteSpeedupEvaluator - INFO - [level3_9_ResNet18] verify_plus request success
2025-08-08 04:17:41,948 - openevolve.RemoteSpeedupEvaluator - INFO - [level3_9_ResNet18] verify_plus response: {"id":"level3_9_ResNet18","result":{"error":"name 'æž2' is not defined\nTraceback (most recent call last):\n  File \"/cpfs01/shared/llm_kernel/hujiakai/KernelLLM/validation_api_server/evaluator.py\", line 173, in _verification_worker\n    result: KernelExecResult = eval_kernel_against_ref(\n  File \"/cpfs01/shared/llm_kernel/hujiakai/KernelLLM/validation_api_server/helpers/evaluations.py\", line 484, in eval_kernel_against_ref\n    custom_model = ModelNew(*init_args, **init_kwargs)\n  File \"/tmp/tmpdqh8p1ku.py\", line 123, in __init__\n    self.layer3 = self._make_layer(BasicBlock, 256, æž2, stride=2)\nNameError: name 'æž2' is not defined\n"}}
2025-08-08 04:17:41,948 - openevolve.RemoteSpeedupEvaluator - INFO - [level3_9_ResNet18] âœ˜ compile_error
2025-08-08 04:17:41,948 - openevolve.RemoteSpeedupEvaluator - INFO - [level3_9_ResNet18_b98d9b] execute payload: {id:level3_9_ResNet18_b98d9b, device_type:NV_LY_20}
2025-08-08 04:17:44,094 - openevolve.RemoteSpeedupEvaluator - INFO - [level3_9_ResNet18_b98d9b] execute request success
2025-08-08 04:17:44,094 - openevolve.RemoteSpeedupEvaluator - INFO - [level3_9_ResNet18_b98d9b] execute response: {"id":"level3_9_ResNet18_b98d9b","exit_code":"1","content":"[Child] ç»‘å®š GPU 4, torch sees 1 device(s)\n\n[Exception]\nTraceback (most recent call last):\n  File \"/cpfs01/shared/llm_kernel/hujiakai/KernelLLM/validation_api_server/code_executor.py\", line 71, in _exec_worker\n    exec(textwrap.dedent(code_src), mod.__dict__)\n  File \"<string>\", line 9, in <module>\n  File \"/home/lijiaxing/.conda/envs/api/lib/python3.10/site-packages/triton/runtime/jit.py\", line 844, in jit\n    return decorator(fn)\n  File \"/home/lijiaxing/.conda/envs/api/lib/python3.10/site-packages/triton/runtime/jit.py\", line 832, in decorator\n    return JITFunction(\n  File \"/home/lijiaxing/.conda/envs/api/lib/python3.10/site-packages/triton/runtime/jit.py\", line 635, in __init__\n    self.starting_line_number =
2025-08-08 04:17:44,094 - openevolve.evaluator - INFO - Evaluated program 3453a19b-ba44-47bb-a495-56be6509df60 in 4.68s: compiled=0.0000, correctness=0.0000, score=1.0000, stage=compile_error, compile_log=name 'æž2' is not defined
Traceback (most recent call last):
  File "/cpfs01/shared/llm_kernel/hujiakai/KernelLLM/validation_api_server/evaluator.py", line 173, in _verification_worker
    result: KernelExecResult = eval_kernel_against_ref(
  File "/cpfs01/shared/llm_kernel/hujiakai/KernelLLM/validation_api_server/helpers/evaluations.py", line 484, in eval_kernel_against_ref
    custom_model = ModelNew(*init_args, **init_kwargs)
  File "/tmp/tmpdqh8p1ku.py", line 123, in __init__
    self.layer3 = self._make_layer(BasicBlock, 256, æž2, stride=2)
NameError: name 'æž2' is not defined
, exec_log=[Child] ç»‘å®š GPU 4, torch sees 1 device(s)

[Exception]
Traceback (most recent call last):
  File "/cpfs01/shared/llm_kernel/hujiakai/KernelLLM/validation_api_server/code_executor.py", line 71, in _exec_worker
    exec(textwrap.dedent(code_src), mod.__dict__)
  File "<string>", line 9, in <module>
  File "/home/lijiaxing/.conda/envs/api/lib/python3.10/site-packages/triton/runtime/jit.py", line 844, in jit
    return decorator(fn)
  File "/home/lijiaxing/.conda/envs/api/lib/python3.10/site-packages/triton/runtime/jit.py", line 832, in decorator
    return JITFunction(
  File "/home/lijiaxing/.conda/envs/api/lib/python3.10/site-packages/triton/runtime/jit.py", line 635, in __init__
    self.starting_line_number = inspect.getsourcelines(fn)[1]
  File "/home/lijiaxing/.conda/envs/api/lib/python3.10/inspect.py", line 1121, in getsourcelines
    lines, lnum = findsource(object)
  File "/home/lijiaxing/.conda/envs/api/lib/python3.10/inspect.py", line 958, in findsource
    raise OSError('could not get source code')
OSError: could not get source code
, exit_code=1
2025-08-08 04:17:44,100 - openevolve.llm.ensemble - INFO - Sampled model: deepseek
2025-08-08 04:17:44,112 - openevolve.threaded_parallel - INFO - Iteration 24: Program 3453a19b-ba44-47bb-a495-56be6509df60 (parent: 062b135c-fe9b-4a5f-88ed-3add07418fe2) completed in 550.57s
2025-08-08 04:17:44,112 - openevolve.threaded_parallel - INFO - Metrics: compiled=0.0000, correctness=0.0000, score=1.0000, stage=compile_error, compile_log=name 'æž2' is not defined
Traceback (most recent call last):
  File "/cpfs01/shared/llm_kernel/hujiakai/KernelLLM/validation_api_server/evaluator.py", line 173, in _verification_worker
    result: KernelExecResult = eval_kernel_against_ref(
  File "/cpfs01/shared/llm_kernel/hujiakai/KernelLLM/validation_api_server/helpers/evaluations.py", line 484, in eval_kernel_against_ref
    custom_model = ModelNew(*init_args, **init_kwargs)
  File "/tmp/tmpdqh8p1ku.py", line 123, in __init__
    self.layer3 = self._make_layer(BasicBlock, 256, æž2, stride=2)
NameError: name 'æž2' is not defined
, exec_log=[Child] ç»‘å®š GPU 4, torch sees 1 device(s)

[Exception]
Traceback (most recent call last):
  File "/cpfs01/shared/llm_kernel/hujiakai/KernelLLM/validation_api_server/code_executor.py", line 71, in _exec_worker
    exec(textwrap.dedent(code_src), mod.__dict__)
  File "<string>", line 9, in <module>
  File "/home/lijiaxing/.conda/envs/api/lib/python3.10/site-packages/triton/runtime/jit.py", line 844, in jit
    return decorator(fn)
  File "/home/lijiaxing/.conda/envs/api/lib/python3.10/site-packages/triton/runtime/jit.py", line 832, in decorator
    return JITFunction(
  File "/home/lijiaxing/.conda/envs/api/lib/python3.10/site-packages/triton/runtime/jit.py", line 635, in __init__
    self.starting_line_number = inspect.getsourcelines(fn)[1]
  File "/home/lijiaxing/.conda/envs/api/lib/python3.10/inspect.py", line 1121, in getsourcelines
    lines, lnum = findsource(object)
  File "/home/lijiaxing/.conda/envs/api/lib/python3.10/inspect.py", line 958, in findsource
    raise OSError('could not get source code')
OSError: could not get source code
, exit_code=1
2025-08-08 04:17:44,112 - openevolve.threaded_parallel - INFO - Checkpoint interval reached at iteration 24
2025-08-08 04:17:44,114 - openevolve.database - INFO - Island Status:
2025-08-08 04:17:44,114 - openevolve.database - INFO -    Island 0: 10 programs, best=20.0000, avg=-0.9000, diversity=937.08, gen=8 (best: 525c02f9-6a5b-4343-8301-3969be82bbea)
2025-08-08 04:17:44,114 - openevolve.database - INFO -  * Island 1: 7 programs, best=20.0000, avg=-2.8571, diversity=915.08, gen=8 (best: 6f38c9eb-ebbd-49ac-92c5-25555055673c)
2025-08-08 04:17:44,114 - openevolve.database - INFO -    Island 2: 7 programs, best=10.0000, avg=10.0000, diversity=154.82, gen=7 (best: 37da174e-9258-46eb-8405-b1e66b37bdc6)
2025-08-08 04:17:44,368 - openevolve.database - INFO - Saved database with 24 programs to openevolve_output/level3_9_ResNet18/checkpoints/checkpoint_24
2025-08-08 04:17:44,378 - openevolve.controller - INFO - Saved best program at checkpoint 24 with metrics: compiled=1.0000, correctness=1.0000, stage=success, passed=0.0000, score=20.0000, speed_up=0.8540, runtime_ms=1.5800, meta={'hardware': 'NVIDIA L20Y', 'device': 'cuda:0', 'correctness_trials': '(5 / 5)', 'reference_timing_ms': 1.35, 'speed_up': 0.854, 'custom_timing': 1.58}
2025-08-08 04:17:44,378 - openevolve.controller - INFO - Saved checkpoint at iteration 24 to openevolve_output/level3_9_ResNet18/checkpoints/checkpoint_24
2025-08-08 04:19:04,882 - openevolve.RemoteSpeedupEvaluator - INFO - [level3_9_ResNet18] triton key words check pass
2025-08-08 04:19:04,884 - openevolve.RemoteSpeedupEvaluator - INFO - [level3_9_ResNet18] verify_plus payload: reference_code(3706 chars) + custom_code(5614 chars)
2025-08-08 04:19:09,497 - openevolve.RemoteSpeedupEvaluator - INFO - [level3_9_ResNet18] verify_plus request success
2025-08-08 04:19:09,497 - openevolve.RemoteSpeedupEvaluator - INFO - [level3_9_ResNet18] verify_plus response: {"id":"level3_9_ResNet18","result":{"compiled":true,"correctness":false,"metadata":{"hardware":"NVIDIA L20Y","device":"cuda:0","max_difference":["48.877144","50.252705","50.657299","47.764336","50.711441"],"avg_difference":["1.336985","0.926994","1.329894","0.940776","0.930036"],"correctness_issue":"Output mismatch","correctness_trials":"(0 / 5)","reference_timing_ms":1.35,"speed_up":-1.0,"custom_timing":-1.0},"runtime":-1.0,"runtime_stats":{}}}
2025-08-08 04:19:09,498 - openevolve.RemoteSpeedupEvaluator - INFO - [level3_9_ResNet18] âœ˜ wrong_answer
2025-08-08 04:19:09,498 - openevolve.evaluator - INFO - Evaluated program 54ea8790-ed0d-4d6e-82ca-84ce36f5ff8f in 4.62s: compiled=1.0000, correctness=0.0000, score=10.0000, stage=wrong_answer, verify_payload={'id': 'level3_9_ResNet18', 'result': {'compiled': True, 'correctness': False, 'metadata': {'hardware': 'NVIDIA L20Y', 'device': 'cuda:0', 'max_difference': ['48.877144', '50.252705', '50.657299', '47.764336', '50.711441'], 'avg_difference': ['1.336985', '0.926994', '1.329894', '0.940776', '0.930036'], 'correctness_issue': 'Output mismatch', 'correctness_trials': '(0 / 5)', 'reference_timing_ms': 1.35, 'speed_up': -1.0, 'custom_timing': -1.0}, 'runtime': -1.0, 'runtime_stats': {}}}
2025-08-08 04:19:09,503 - openevolve.llm.ensemble - INFO - Sampled model: deepseek
2025-08-08 04:19:09,516 - openevolve.threaded_parallel - INFO - Iteration 22: Program 54ea8790-ed0d-4d6e-82ca-84ce36f5ff8f (parent: bfbb7aee-db98-4654-a0bb-2bcdf8a46dd0) completed in 765.16s
2025-08-08 04:19:09,516 - openevolve.threaded_parallel - INFO - Metrics: compiled=1.0000, correctness=0.0000, score=10.0000, stage=wrong_answer, verify_payload={'id': 'level3_9_ResNet18', 'result': {'compiled': True, 'correctness': False, 'metadata': {'hardware': 'NVIDIA L20Y', 'device': 'cuda:0', 'max_difference': ['48.877144', '50.252705', '50.657299', '47.764336', '50.711441'], 'avg_difference': ['1.336985', '0.926994', '1.329894', '0.940776', '0.930036'], 'correctness_issue': 'Output mismatch', 'correctness_trials': '(0 / 5)', 'reference_timing_ms': 1.35, 'speed_up': -1.0, 'custom_timing': -1.0}, 'runtime': -1.0, 'runtime_stats': {}}}
2025-08-08 04:24:33,413 - openevolve.RemoteSpeedupEvaluator - INFO - [level3_9_ResNet18] triton key words check pass
2025-08-08 04:24:33,415 - openevolve.RemoteSpeedupEvaluator - INFO - [level3_9_ResNet18] verify_plus payload: reference_code(3706 chars) + custom_code(5441 chars)
2025-08-08 04:24:36,869 - openevolve.RemoteSpeedupEvaluator - INFO - [level3_9_ResNet18] verify_plus request success
2025-08-08 04:24:36,870 - openevolve.RemoteSpeedupEvaluator - INFO - [level3_9_ResNet18] verify_plus response: {"id":"level3_9_ResNet18","result":{"compiled":true,"correctness":false,"metadata":{"hardware":"NVIDIA L20Y","device":"cuda:7","runtime_error":"Traceback (most recent call last):\n  File \"/home/lijiaxing/.conda/envs/api/lib/python3.10/site-packages/triton/language/core.py\", line 42, in wrapper\n    return fn(*args, **kwargs)\n  File \"/home/lijiaxing/.conda/envs/api/lib/python3.10/site-packages/triton/language/core.py\", line 1654, in arange\n    return _semantic.arange(start, end)\n  File \"/home/lijiaxing/.conda/envs/api/lib/python3.10/site-packages/triton/language/semantic.py\", line 574, in arange\n    raise ValueError(\"arange's arguments must be of type tl.constexpr\")\nValueError: arange's arguments must be of type tl.constexpr\n\nThe above exception was the direct cause of the fo
2025-08-08 04:24:36,870 - openevolve.RemoteSpeedupEvaluator - INFO - [level3_9_ResNet18] âœ˜ wrong_answer
2025-08-08 04:24:36,870 - openevolve.evaluator - INFO - Evaluated program 7a819387-58f1-4e61-ac48-5e82afb0f7be in 3.46s: compiled=1.0000, correctness=0.0000, score=10.0000, stage=wrong_answer, verify_payload={'id': 'level3_9_ResNet18', 'result': {'compiled': True, 'correctness': False, 'metadata': {'hardware': 'NVIDIA L20Y', 'device': 'cuda:7', 'runtime_error': 'Traceback (most recent call last):\n  File "/home/lijiaxing/.conda/envs/api/lib/python3.10/site-packages/triton/language/core.py", line 42, in wrapper\n    return fn(*args, **kwargs)\n  File "/home/lijiaxing/.conda/envs/api/lib/python3.10/site-packages/triton/language/core.py", line 1654, in arange\n    return _semantic.arange(start, end)\n  File "/home/lijiaxing/.conda/envs/api/lib/python3.10/site-packages/triton/language/semantic.py", line 574, in arange\n    raise ValueError("arange\'s arguments must be of type tl.constexpr")\nValueError: arange\'s arguments must be of type tl.constexpr\n\nThe above exception was the direct cause of the following exception:\n\nTraceback (most recent call last):\n  File "/cpfs01/shared/llm_kernel/hujiakai/KernelLLM/validation_api_server/helpers/evaluations.py", line 720, in run_and_check_correctness\n    output_new = model_new(*inputs)\n  File "/home/lijiaxing/.conda/envs/api/lib/python3.10/site-packages/torch/nn/modules/module.py", line 1773, in _wrapped_call_impl\n    return self._call_impl(*args, **kwargs)\n  File "/home/lijiaxing/.conda/envs/api/lib/python3.10/site-packages/torch/nn/modules/module.py", line 1784, in _call_impl\n    return forward_call(*args, **kwargs)\n  File "/tmp/tmp6i1m4e0b.py", line 139, in forward\n    x = self.layer1(x)\n  File "/home/lijiaxing/.conda/envs/api/lib/python3.10/site-packages/torch/nn/modules/module.py", line 1773, in _wrapped_call_impl\n    return self._call_impl(*args, **kwargs)\n  File "/home/lijiaxing/.conda/envs/api/lib/python3.10/site-packages/torch/nn/modules/module.py", line 1784, in _call_impl\n    return forward_call(*args, **kwargs)\n  File "/home/lijiaxing/.conda/envs/api/lib/python3.10/site-packages/torch/nn/modules/container.py", line 244, in forward\n    input = module(input)\n  File "/home/lijiaxing/.conda/envs/api/lib/python3.10/site-packages/torch/nn/modules/module.py", line 1773, in _wrapped_call_impl\n    return self._call_impl(*args, **kwargs)\n  File "/home/lijiaxing/.conda/envs/api/lib/python3.10/site-packages/torch/nn/modules/module.py", line 1784, in _call_impl\n    return forward_call(*args, **kwargs)\n  File "/tmp/tmp6i1m4e0b.py", line 88, in forward\n    out = fused_add_relu(out, identity)  # Fused kernel replaces two ops\n  File "/tmp/tmp6i1m4e0b.py", line 49, in fused_add_relu\n    fused_add_relu_kernel[grid](x.view(-1), y.view(-1), output.view(-1), n_elements)\n  File "/home/lijiaxing/.conda/envs/api/lib/python3.10/site-packages/triton/runtime/jit.py", line 390, in <lambda>\n    return lambda *args, **kwargs: self.run(grid=grid, warmup=False, *args, **kwargs)\n  File "/home/lijiaxing/.conda/envs/api/lib/python3.10/site-packages/triton/runtime/autotuner.py", line 239, in run\n    benchmark()\n  File "/home/lijiaxing/.conda/envs/api/lib/python3.10/site-packages/triton/runtime/autotuner.py", line 228, in benchmark\n    timings = {config: self._bench(*args, config=config, **kwargs) for config in pruned_configs}\n  File "/home/lijiaxing/.conda/envs/api/lib/python3.10/site-packages/triton/runtime/autotuner.py", line 228, in <dictcomp>\n    timings = {config: self._bench(*args, config=config, **kwargs) for config in pruned_configs}\n  File "/home/lijiaxing/.conda/envs/api/lib/python3.10/site-packages/triton/runtime/autotuner.py", line 160, in _bench\n    return self.do_bench(kernel_call, quantiles=(0.5, 0.2, 0.8))\n  File "/home/lijiaxing/.conda/envs/api/lib/python3.10/site-packages/triton/testing.py", line 149, in do_bench\n    fn()\n  File "/home/lijiaxing/.conda/envs/api/lib/python3.10/site-packages/triton/runtime/autotuner.py", line 146, in kernel_call\n    self.fn.run(\n  File "/home/lijiaxing/.conda/envs/api/lib/python3.10/site-packages/triton/runtime/jit.py", line 594, in run\n    kernel = self.compile(src, target=target, options=options.__dict__)\n  File "/home/lijiaxing/.conda/envs/api/lib/python3.10/site-packages/triton/compiler/compiler.py", line 339, in compile\n    module = src.make_ir(options, codegen_fns, module_map, context)\n  File "/home/lijiaxing/.conda/envs/api/lib/python3.10/site-packages/triton/compiler/compiler.py", line 83, in make_ir\n    return ast_to_ttir(self.fn, self, context=context, options=options, codegen_fns=codegen_fns,\ntriton.compiler.errors.CompilationError: at 10:33:\ndef fused_add_relu_kernel(\n    x_ptr, y_ptr, output_ptr,\n    n_elements,\n    BLOCK_SIZE: tl.constexpr,\n):\n    VEC = 4\n    pid = tl.program_id(axis=0)\n    block_start = pid * BLOCK_SIZE\n    num_vecs = BLOCK_SIZE // VEC\n    base_offsets = block_start + tl.arange(0, num_vecs) * VEC\n                                 ^\n\n\nThe above exception was the direct cause of the following exception:\n\nTraceback (most recent call last):\n  File "/home/lijiaxing/.conda/envs/api/lib/python3.10/site-packages/triton/language/core.py", line 42, in wrapper\n    return fn(*args, **kwargs)\n  File "/home/lijiaxing/.conda/envs/api/lib/python3.10/site-packages/triton/language/core.py", line 1654, in arange\n    return _semantic.arange(start, end)\n  File "/home/lijiaxing/.conda/envs/api/lib/python3.10/site-packages/triton/language/semantic.py", line 574, in arange\n    raise ValueError("arange\'s arguments must be of type tl.constexpr")\nValueError: arange\'s arguments must be of type tl.constexpr\n', 'runtime_error_name': 'triton.compiler.errors.CompilationError', 'reference_timing_ms': 1.35, 'speed_up': -1.0, 'custom_timing': -1.0}, 'runtime': -1.0, 'runtime_stats': {}}}
2025-08-08 04:24:36,874 - openevolve.database - INFO - Population size (26) exceeds limit (25), removing 1 programs
2025-08-08 04:24:36,875 - openevolve.database - INFO - Population size after cleanup: 25
2025-08-08 04:24:36,876 - openevolve.llm.ensemble - INFO - Sampled model: deepseek
2025-08-08 04:24:36,886 - openevolve.threaded_parallel - INFO - Iteration 26: Program 7a819387-58f1-4e61-ac48-5e82afb0f7be (parent: ba042375-000a-4d72-b7aa-eeb6c155e0c2) completed in 327.37s
2025-08-08 04:24:36,887 - openevolve.threaded_parallel - INFO - Metrics: compiled=1.0000, correctness=0.0000, score=10.0000, stage=wrong_answer, verify_payload={'id': 'level3_9_ResNet18', 'result': {'compiled': True, 'correctness': False, 'metadata': {'hardware': 'NVIDIA L20Y', 'device': 'cuda:7', 'runtime_error': 'Traceback (most recent call last):\n  File "/home/lijiaxing/.conda/envs/api/lib/python3.10/site-packages/triton/language/core.py", line 42, in wrapper\n    return fn(*args, **kwargs)\n  File "/home/lijiaxing/.conda/envs/api/lib/python3.10/site-packages/triton/language/core.py", line 1654, in arange\n    return _semantic.arange(start, end)\n  File "/home/lijiaxing/.conda/envs/api/lib/python3.10/site-packages/triton/language/semantic.py", line 574, in arange\n    raise ValueError("arange\'s arguments must be of type tl.constexpr")\nValueError: arange\'s arguments must be of type tl.constexpr\n\nThe above exception was the direct cause of the following exception:\n\nTraceback (most recent call last):\n  File "/cpfs01/shared/llm_kernel/hujiakai/KernelLLM/validation_api_server/helpers/evaluations.py", line 720, in run_and_check_correctness\n    output_new = model_new(*inputs)\n  File "/home/lijiaxing/.conda/envs/api/lib/python3.10/site-packages/torch/nn/modules/module.py", line 1773, in _wrapped_call_impl\n    return self._call_impl(*args, **kwargs)\n  File "/home/lijiaxing/.conda/envs/api/lib/python3.10/site-packages/torch/nn/modules/module.py", line 1784, in _call_impl\n    return forward_call(*args, **kwargs)\n  File "/tmp/tmp6i1m4e0b.py", line 139, in forward\n    x = self.layer1(x)\n  File "/home/lijiaxing/.conda/envs/api/lib/python3.10/site-packages/torch/nn/modules/module.py", line 1773, in _wrapped_call_impl\n    return self._call_impl(*args, **kwargs)\n  File "/home/lijiaxing/.conda/envs/api/lib/python3.10/site-packages/torch/nn/modules/module.py", line 1784, in _call_impl\n    return forward_call(*args, **kwargs)\n  File "/home/lijiaxing/.conda/envs/api/lib/python3.10/site-packages/torch/nn/modules/container.py", line 244, in forward\n    input = module(input)\n  File "/home/lijiaxing/.conda/envs/api/lib/python3.10/site-packages/torch/nn/modules/module.py", line 1773, in _wrapped_call_impl\n    return self._call_impl(*args, **kwargs)\n  File "/home/lijiaxing/.conda/envs/api/lib/python3.10/site-packages/torch/nn/modules/module.py", line 1784, in _call_impl\n    return forward_call(*args, **kwargs)\n  File "/tmp/tmp6i1m4e0b.py", line 88, in forward\n    out = fused_add_relu(out, identity)  # Fused kernel replaces two ops\n  File "/tmp/tmp6i1m4e0b.py", line 49, in fused_add_relu\n    fused_add_relu_kernel[grid](x.view(-1), y.view(-1), output.view(-1), n_elements)\n  File "/home/lijiaxing/.conda/envs/api/lib/python3.10/site-packages/triton/runtime/jit.py", line 390, in <lambda>\n    return lambda *args, **kwargs: self.run(grid=grid, warmup=False, *args, **kwargs)\n  File "/home/lijiaxing/.conda/envs/api/lib/python3.10/site-packages/triton/runtime/autotuner.py", line 239, in run\n    benchmark()\n  File "/home/lijiaxing/.conda/envs/api/lib/python3.10/site-packages/triton/runtime/autotuner.py", line 228, in benchmark\n    timings = {config: self._bench(*args, config=config, **kwargs) for config in pruned_configs}\n  File "/home/lijiaxing/.conda/envs/api/lib/python3.10/site-packages/triton/runtime/autotuner.py", line 228, in <dictcomp>\n    timings = {config: self._bench(*args, config=config, **kwargs) for config in pruned_configs}\n  File "/home/lijiaxing/.conda/envs/api/lib/python3.10/site-packages/triton/runtime/autotuner.py", line 160, in _bench\n    return self.do_bench(kernel_call, quantiles=(0.5, 0.2, 0.8))\n  File "/home/lijiaxing/.conda/envs/api/lib/python3.10/site-packages/triton/testing.py", line 149, in do_bench\n    fn()\n  File "/home/lijiaxing/.conda/envs/api/lib/python3.10/site-packages/triton/runtime/autotuner.py", line 146, in kernel_call\n    self.fn.run(\n  File "/home/lijiaxing/.conda/envs/api/lib/python3.10/site-packages/triton/runtime/jit.py", line 594, in run\n    kernel = self.compile(src, target=target, options=options.__dict__)\n  File "/home/lijiaxing/.conda/envs/api/lib/python3.10/site-packages/triton/compiler/compiler.py", line 339, in compile\n    module = src.make_ir(options, codegen_fns, module_map, context)\n  File "/home/lijiaxing/.conda/envs/api/lib/python3.10/site-packages/triton/compiler/compiler.py", line 83, in make_ir\n    return ast_to_ttir(self.fn, self, context=context, options=options, codegen_fns=codegen_fns,\ntriton.compiler.errors.CompilationError: at 10:33:\ndef fused_add_relu_kernel(\n    x_ptr, y_ptr, output_ptr,\n    n_elements,\n    BLOCK_SIZE: tl.constexpr,\n):\n    VEC = 4\n    pid = tl.program_id(axis=0)\n    block_start = pid * BLOCK_SIZE\n    num_vecs = BLOCK_SIZE // VEC\n    base_offsets = block_start + tl.arange(0, num_vecs) * VEC\n                                 ^\n\n\nThe above exception was the direct cause of the following exception:\n\nTraceback (most recent call last):\n  File "/home/lijiaxing/.conda/envs/api/lib/python3.10/site-packages/triton/language/core.py", line 42, in wrapper\n    return fn(*args, **kwargs)\n  File "/home/lijiaxing/.conda/envs/api/lib/python3.10/site-packages/triton/language/core.py", line 1654, in arange\n    return _semantic.arange(start, end)\n  File "/home/lijiaxing/.conda/envs/api/lib/python3.10/site-packages/triton/language/semantic.py", line 574, in arange\n    raise ValueError("arange\'s arguments must be of type tl.constexpr")\nValueError: arange\'s arguments must be of type tl.constexpr\n', 'runtime_error_name': 'triton.compiler.errors.CompilationError', 'reference_timing_ms': 1.35, 'speed_up': -1.0, 'custom_timing': -1.0}, 'runtime': -1.0, 'runtime_stats': {}}}
2025-08-08 04:26:08,511 - openevolve.RemoteSpeedupEvaluator - INFO - [level3_9_ResNet18] triton key words check pass
2025-08-08 04:26:08,512 - openevolve.RemoteSpeedupEvaluator - INFO - [level3_9_ResNet18] verify_plus payload: reference_code(3706 chars) + custom_code(7278 chars)
2025-08-08 04:26:18,096 - openevolve.RemoteSpeedupEvaluator - INFO - [level3_9_ResNet18] verify_plus request success
2025-08-08 04:26:18,096 - openevolve.RemoteSpeedupEvaluator - INFO - [level3_9_ResNet18] verify_plus response: {"id":"level3_9_ResNet18","result":{"compiled":true,"correctness":false,"metadata":{"hardware":"NVIDIA L20Y","device":"cuda:3","max_difference":["76.020981","76.809372","75.400017","73.844635","74.913834"],"avg_difference":["15.098356","15.098761","15.093961","15.167604","15.127012"],"correctness_issue":"Output mismatch","correctness_trials":"(0 / 5)","reference_timing_ms":1.35,"speed_up":-1.0,"custom_timing":-1.0},"runtime":-1.0,"runtime_stats":{}}}
2025-08-08 04:26:18,097 - openevolve.RemoteSpeedupEvaluator - INFO - [level3_9_ResNet18] âœ˜ wrong_answer
2025-08-08 04:26:18,097 - openevolve.evaluator - INFO - Evaluated program ccbc6936-b46e-4452-a788-c5b732d9b6be in 9.59s: compiled=1.0000, correctness=0.0000, score=10.0000, stage=wrong_answer, verify_payload={'id': 'level3_9_ResNet18', 'result': {'compiled': True, 'correctness': False, 'metadata': {'hardware': 'NVIDIA L20Y', 'device': 'cuda:3', 'max_difference': ['76.020981', '76.809372', '75.400017', '73.844635', '74.913834'], 'avg_difference': ['15.098356', '15.098761', '15.093961', '15.167604', '15.127012'], 'correctness_issue': 'Output mismatch', 'correctness_trials': '(0 / 5)', 'reference_timing_ms': 1.35, 'speed_up': -1.0, 'custom_timing': -1.0}, 'runtime': -1.0, 'runtime_stats': {}}}
2025-08-08 04:26:18,100 - openevolve.database - INFO - Population size (26) exceeds limit (25), removing 1 programs
2025-08-08 04:26:18,100 - openevolve.database - INFO - Population size after cleanup: 25
2025-08-08 04:26:18,102 - openevolve.llm.ensemble - INFO - Sampled model: deepseek
2025-08-08 04:26:18,113 - openevolve.threaded_parallel - INFO - Iteration 23: Program ccbc6936-b46e-4452-a788-c5b732d9b6be (parent: d9e71f92-8b18-4c89-8c7f-206bd2ebc01c) completed in 1125.12s
2025-08-08 04:26:18,113 - openevolve.threaded_parallel - INFO - Metrics: compiled=1.0000, correctness=0.0000, score=10.0000, stage=wrong_answer, verify_payload={'id': 'level3_9_ResNet18', 'result': {'compiled': True, 'correctness': False, 'metadata': {'hardware': 'NVIDIA L20Y', 'device': 'cuda:3', 'max_difference': ['76.020981', '76.809372', '75.400017', '73.844635', '74.913834'], 'avg_difference': ['15.098356', '15.098761', '15.093961', '15.167604', '15.127012'], 'correctness_issue': 'Output mismatch', 'correctness_trials': '(0 / 5)', 'reference_timing_ms': 1.35, 'speed_up': -1.0, 'custom_timing': -1.0}, 'runtime': -1.0, 'runtime_stats': {}}}
2025-08-08 04:32:24,061 - openevolve.RemoteSpeedupEvaluator - INFO - [level3_9_ResNet18] triton key words check pass
2025-08-08 04:32:24,062 - openevolve.RemoteSpeedupEvaluator - INFO - [level3_9_ResNet18] verify_plus payload: reference_code(3706 chars) + custom_code(5966 chars)
2025-08-08 04:32:37,132 - openevolve.RemoteSpeedupEvaluator - INFO - [level3_9_ResNet18] verify_plus request success
2025-08-08 04:32:37,132 - openevolve.RemoteSpeedupEvaluator - INFO - [level3_9_ResNet18] verify_plus response: {"id":"level3_9_ResNet18","result":{"compiled":true,"correctness":false,"metadata":{"hardware":"NVIDIA L20Y","device":"cuda:0","max_difference":["58.487103","57.795864","56.833477","55.950001","55.441105"],"avg_difference":["14.842004","14.719378","14.759110","14.751448","14.786059"],"correctness_issue":"Output mismatch","correctness_trials":"(0 / 5)","reference_timing_ms":1.35,"speed_up":-1.0,"custom_timing":-1.0},"runtime":-1.0,"runtime_stats":{}}}
2025-08-08 04:32:37,132 - openevolve.RemoteSpeedupEvaluator - INFO - [level3_9_ResNet18] âœ˜ wrong_answer
2025-08-08 04:32:37,132 - openevolve.evaluator - INFO - Evaluated program e86dfc76-4a3a-426c-a2b1-ec25e6a42177 in 13.07s: compiled=1.0000, correctness=0.0000, score=10.0000, stage=wrong_answer, verify_payload={'id': 'level3_9_ResNet18', 'result': {'compiled': True, 'correctness': False, 'metadata': {'hardware': 'NVIDIA L20Y', 'device': 'cuda:0', 'max_difference': ['58.487103', '57.795864', '56.833477', '55.950001', '55.441105'], 'avg_difference': ['14.842004', '14.719378', '14.759110', '14.751448', '14.786059'], 'correctness_issue': 'Output mismatch', 'correctness_trials': '(0 / 5)', 'reference_timing_ms': 1.35, 'speed_up': -1.0, 'custom_timing': -1.0}, 'runtime': -1.0, 'runtime_stats': {}}}
2025-08-08 04:32:37,137 - openevolve.llm.ensemble - INFO - Sampled model: deepseek
2025-08-08 04:32:37,143 - openevolve.database - INFO - Population size (26) exceeds limit (25), removing 1 programs
2025-08-08 04:32:37,143 - openevolve.database - INFO - Population size after cleanup: 25
2025-08-08 04:32:37,156 - openevolve.threaded_parallel - INFO - Iteration 25: Program e86dfc76-4a3a-426c-a2b1-ec25e6a42177 (parent: bfbb7aee-db98-4654-a0bb-2bcdf8a46dd0) completed in 893.03s
2025-08-08 04:32:37,156 - openevolve.threaded_parallel - INFO - Metrics: compiled=1.0000, correctness=0.0000, score=10.0000, stage=wrong_answer, verify_payload={'id': 'level3_9_ResNet18', 'result': {'compiled': True, 'correctness': False, 'metadata': {'hardware': 'NVIDIA L20Y', 'device': 'cuda:0', 'max_difference': ['58.487103', '57.795864', '56.833477', '55.950001', '55.441105'], 'avg_difference': ['14.842004', '14.719378', '14.759110', '14.751448', '14.786059'], 'correctness_issue': 'Output mismatch', 'correctness_trials': '(0 / 5)', 'reference_timing_ms': 1.35, 'speed_up': -1.0, 'custom_timing': -1.0}, 'runtime': -1.0, 'runtime_stats': {}}}
2025-08-08 04:32:42,185 - openevolve.RemoteSpeedupEvaluator - INFO - [level3_9_ResNet18] âœ˜ invalid_answer 'import triton' is not found
2025-08-08 04:32:42,185 - openevolve.evaluator - INFO - Evaluated program 02e285e0-7e09-4c1c-a366-e1452575de4e in 0.00s: compiled=0.0000, correctness=0.0000, score=-100.0000, stage=no_valid_triton_code, feedback=You need to generate real and valid triton code for the core function. The key word 'import triton' is not found.
2025-08-08 04:32:42,193 - openevolve.database - INFO - New MAP-Elites cell occupied: {'score': -1000, 'complexity': 9}
2025-08-08 04:32:42,193 - openevolve.database - INFO - Population size (26) exceeds limit (25), removing 1 programs
2025-08-08 04:32:42,193 - openevolve.database - INFO - Population size after cleanup: 25
2025-08-08 04:32:42,206 - openevolve.threaded_parallel - INFO - Iteration 27: Program 02e285e0-7e09-4c1c-a366-e1452575de4e (parent: 062b135c-fe9b-4a5f-88ed-3add07418fe2) completed in 485.31s
2025-08-08 04:32:42,206 - openevolve.threaded_parallel - INFO - Metrics: compiled=0.0000, correctness=0.0000, score=-100.0000, stage=no_valid_triton_code, feedback=You need to generate real and valid triton code for the core function. The key word 'import triton' is not found.
2025-08-08 04:32:42,207 - openevolve.threaded_parallel - INFO - Checkpoint interval reached at iteration 27
2025-08-08 04:32:42,209 - openevolve.database - INFO - Island Status:
2025-08-08 04:32:42,209 - openevolve.database - INFO -  * Island 0: 8 programs, best=20.0000, avg=12.5000, diversity=1167.75, gen=10 (best: 525c02f9-6a5b-4343-8301-3969be82bbea)
2025-08-08 04:32:42,209 - openevolve.database - INFO -    Island 1: 8 programs, best=20.0000, avg=12.5000, diversity=840.73, gen=9 (best: 6f38c9eb-ebbd-49ac-92c5-25555055673c)
2025-08-08 04:32:42,209 - openevolve.database - INFO -    Island 2: 9 programs, best=10.0000, avg=-2.2222, diversity=2693.70, gen=9 (best: 37da174e-9258-46eb-8405-b1e66b37bdc6)
2025-08-08 04:32:42,585 - openevolve.database - INFO - Saved database with 25 programs to openevolve_output/level3_9_ResNet18/checkpoints/checkpoint_27
2025-08-08 04:32:42,596 - openevolve.controller - INFO - Saved best program at checkpoint 27 with metrics: compiled=1.0000, correctness=1.0000, stage=success, passed=0.0000, score=20.0000, speed_up=0.8540, runtime_ms=1.5800, meta={'hardware': 'NVIDIA L20Y', 'device': 'cuda:0', 'correctness_trials': '(5 / 5)', 'reference_timing_ms': 1.35, 'speed_up': 0.854, 'custom_timing': 1.58}
2025-08-08 04:32:42,596 - openevolve.controller - INFO - Saved checkpoint at iteration 27 to openevolve_output/level3_9_ResNet18/checkpoints/checkpoint_27
2025-08-08 04:32:54,718 - openevolve.RemoteSpeedupEvaluator - INFO - [level3_9_ResNet18] triton key words check pass
2025-08-08 04:32:54,719 - openevolve.RemoteSpeedupEvaluator - INFO - [level3_9_ResNet18] verify_plus payload: reference_code(3706 chars) + custom_code(5474 chars)
2025-08-08 04:32:57,183 - openevolve.RemoteSpeedupEvaluator - INFO - [level3_9_ResNet18] verify_plus request success
2025-08-08 04:32:57,183 - openevolve.RemoteSpeedupEvaluator - INFO - [level3_9_ResNet18] verify_plus response: {"id":"level3_9_ResNet18","result":{"error":"name 'æž2' is not defined\nTraceback (most recent call last):\n  File \"/cpfs01/shared/llm_kernel/hujiakai/KernelLLM/validation_api_server/evaluator.py\", line 173, in _verification_worker\n    result: KernelExecResult = eval_kernel_against_ref(\n  File \"/cpfs01/shared/llm_kernel/hujiakai/KernelLLM/validation_api_server/helpers/evaluations.py\", line 484, in eval_kernel_against_ref\n    custom_model = ModelNew(*init_args, **init_kwargs)\n  File \"/tmp/tmp6862zmnt.py\", line 110, in __init__\n    self.layer2 = self._make_layer(BasicBlock, 128, æž2, stride=2)\nNameError: name 'æž2' is not defined\n"}}
2025-08-08 04:32:57,183 - openevolve.RemoteSpeedupEvaluator - INFO - [level3_9_ResNet18] âœ˜ compile_error
2025-08-08 04:32:57,184 - openevolve.RemoteSpeedupEvaluator - INFO - [level3_9_ResNet18_01de30] execute payload: {id:level3_9_ResNet18_01de30, device_type:NV_LY_20}
2025-08-08 04:32:59,328 - openevolve.RemoteSpeedupEvaluator - INFO - [level3_9_ResNet18_01de30] execute request success
2025-08-08 04:32:59,328 - openevolve.RemoteSpeedupEvaluator - INFO - [level3_9_ResNet18_01de30] execute response: {"id":"level3_9_ResNet18_01de30","exit_code":"1","content":"[Child] ç»‘å®š GPU 2, torch sees 1 device(s)\n\n[Exception]\nTraceback (most recent call last):\n  File \"/cpfs01/shared/llm_kernel/hujiakai/KernelLLM/validation_api_server/code_executor.py\", line 71, in _exec_worker\n    exec(textwrap.dedent(code_src), mod.__dict__)\n  File \"<string>\", line 17, in <module>\n  File \"/home/lijiaxing/.conda/envs/api/lib/python3.10/site-packages/triton/runtime/jit.py\", line 844, in jit\n    return decorator(fn)\n  File \"/home/lijiaxing/.conda/envs/api/lib/python3.10/site-packages/triton/runtime/jit.py\", line 832, in decorator\n    return JITFunction(\n  File \"/home/lijiaxing/.conda/envs/api/lib/python3.10/site-packages/triton/runtime/jit.py\", line 635, in __init__\n    self.starting_line_number 
2025-08-08 04:32:59,329 - openevolve.evaluator - INFO - Evaluated program 9796f41e-1001-48aa-97f9-8060328fafbf in 4.61s: compiled=0.0000, correctness=0.0000, score=1.0000, stage=compile_error, compile_log=name 'æž2' is not defined
Traceback (most recent call last):
  File "/cpfs01/shared/llm_kernel/hujiakai/KernelLLM/validation_api_server/evaluator.py", line 173, in _verification_worker
    result: KernelExecResult = eval_kernel_against_ref(
  File "/cpfs01/shared/llm_kernel/hujiakai/KernelLLM/validation_api_server/helpers/evaluations.py", line 484, in eval_kernel_against_ref
    custom_model = ModelNew(*init_args, **init_kwargs)
  File "/tmp/tmp6862zmnt.py", line 110, in __init__
    self.layer2 = self._make_layer(BasicBlock, 128, æž2, stride=2)
NameError: name 'æž2' is not defined
, exec_log=[Child] ç»‘å®š GPU 2, torch sees 1 device(s)

[Exception]
Traceback (most recent call last):
  File "/cpfs01/shared/llm_kernel/hujiakai/KernelLLM/validation_api_server/code_executor.py", line 71, in _exec_worker
    exec(textwrap.dedent(code_src), mod.__dict__)
  File "<string>", line 17, in <module>
  File "/home/lijiaxing/.conda/envs/api/lib/python3.10/site-packages/triton/runtime/jit.py", line 844, in jit
    return decorator(fn)
  File "/home/lijiaxing/.conda/envs/api/lib/python3.10/site-packages/triton/runtime/jit.py", line 832, in decorator
    return JITFunction(
  File "/home/lijiaxing/.conda/envs/api/lib/python3.10/site-packages/triton/runtime/jit.py", line 635, in __init__
    self.starting_line_number = inspect.getsourcelines(fn)[1]
  File "/home/lijiaxing/.conda/envs/api/lib/python3.10/inspect.py", line 1121, in getsourcelines
    lines, lnum = findsource(object)
  File "/home/lijiaxing/.conda/envs/api/lib/python3.10/inspect.py", line 958, in findsource
    raise OSError('could not get source code')
OSError: could not get source code
, exit_code=1
2025-08-08 04:32:59,333 - openevolve.database - INFO - New MAP-Elites cell occupied: {'score': 9, 'complexity': 2}
2025-08-08 04:32:59,333 - openevolve.database - INFO - Population size (26) exceeds limit (25), removing 1 programs
2025-08-08 04:32:59,333 - openevolve.database - INFO - Population size after cleanup: 25
2025-08-08 04:32:59,345 - openevolve.threaded_parallel - INFO - Iteration 28: Program 9796f41e-1001-48aa-97f9-8060328fafbf (parent: 525c02f9-6a5b-4343-8301-3969be82bbea) completed in 401.23s
2025-08-08 04:32:59,346 - openevolve.threaded_parallel - INFO - Metrics: compiled=0.0000, correctness=0.0000, score=1.0000, stage=compile_error, compile_log=name 'æž2' is not defined
Traceback (most recent call last):
  File "/cpfs01/shared/llm_kernel/hujiakai/KernelLLM/validation_api_server/evaluator.py", line 173, in _verification_worker
    result: KernelExecResult = eval_kernel_against_ref(
  File "/cpfs01/shared/llm_kernel/hujiakai/KernelLLM/validation_api_server/helpers/evaluations.py", line 484, in eval_kernel_against_ref
    custom_model = ModelNew(*init_args, **init_kwargs)
  File "/tmp/tmp6862zmnt.py", line 110, in __init__
    self.layer2 = self._make_layer(BasicBlock, 128, æž2, stride=2)
NameError: name 'æž2' is not defined
, exec_log=[Child] ç»‘å®š GPU 2, torch sees 1 device(s)

[Exception]
Traceback (most recent call last):
  File "/cpfs01/shared/llm_kernel/hujiakai/KernelLLM/validation_api_server/code_executor.py", line 71, in _exec_worker
    exec(textwrap.dedent(code_src), mod.__dict__)
  File "<string>", line 17, in <module>
  File "/home/lijiaxing/.conda/envs/api/lib/python3.10/site-packages/triton/runtime/jit.py", line 844, in jit
    return decorator(fn)
  File "/home/lijiaxing/.conda/envs/api/lib/python3.10/site-packages/triton/runtime/jit.py", line 832, in decorator
    return JITFunction(
  File "/home/lijiaxing/.conda/envs/api/lib/python3.10/site-packages/triton/runtime/jit.py", line 635, in __init__
    self.starting_line_number = inspect.getsourcelines(fn)[1]
  File "/home/lijiaxing/.conda/envs/api/lib/python3.10/inspect.py", line 1121, in getsourcelines
    lines, lnum = findsource(object)
  File "/home/lijiaxing/.conda/envs/api/lib/python3.10/inspect.py", line 958, in findsource
    raise OSError('could not get source code')
OSError: could not get source code
, exit_code=1
2025-08-08 04:38:53,038 - openevolve.RemoteSpeedupEvaluator - INFO - [level3_9_ResNet18] âœ˜ invalid_answer 'import triton' is not found
2025-08-08 04:38:53,040 - openevolve.evaluator - INFO - Evaluated program cc13c5f4-e3e1-419a-a3f5-c190f8f73b29 in 0.00s: compiled=0.0000, correctness=0.0000, score=-100.0000, stage=no_valid_triton_code, feedback=You need to generate real and valid triton code for the core function. The key word 'import triton' is not found.
2025-08-08 04:38:53,048 - openevolve.database - INFO - New MAP-Elites cell occupied: {'score': -1000, 'complexity': 0}
2025-08-08 04:38:53,048 - openevolve.database - INFO - Population size (26) exceeds limit (25), removing 1 programs
2025-08-08 04:38:53,048 - openevolve.database - INFO - Population size after cleanup: 25
2025-08-08 04:38:53,055 - openevolve.threaded_parallel - INFO - Iteration 29: Program cc13c5f4-e3e1-419a-a3f5-c190f8f73b29 (parent: 54ea8790-ed0d-4d6e-82ca-84ce36f5ff8f) completed in 375.90s
2025-08-08 04:38:53,055 - openevolve.threaded_parallel - INFO - Metrics: compiled=0.0000, correctness=0.0000, score=-100.0000, stage=no_valid_triton_code, feedback=You need to generate real and valid triton code for the core function. The key word 'import triton' is not found.
2025-08-08 04:38:53,055 - openevolve.threaded_parallel - INFO - Evolution completed
2025-08-08 04:38:53,061 - openevolve.threaded_parallel - INFO - Stopped thread pool
2025-08-08 04:38:53,062 - openevolve.threaded_parallel - INFO - Stopped improved parallel controller
2025-08-08 04:38:53,062 - openevolve.controller - INFO - Using tracked best program: 6f38c9eb-ebbd-49ac-92c5-25555055673c
2025-08-08 04:38:53,062 - openevolve.controller - INFO - Evolution complete. Best program has metrics: compiled=1.0000, correctness=1.0000, stage=success, passed=0.0000, score=20.0000, speed_up=0.8540, runtime_ms=1.5800, meta={'hardware': 'NVIDIA L20Y', 'device': 'cuda:0', 'correctness_trials': '(5 / 5)', 'reference_timing_ms': 1.35, 'speed_up': 0.854, 'custom_timing': 1.58}
2025-08-08 04:38:53,075 - openevolve.controller - INFO - Saved best program to openevolve_output/level3_9_ResNet18/best/best_program.py with program info to openevolve_output/level3_9_ResNet18/best/best_program_info.json
2025-08-08 04:38:53,076 - __main__ - INFO - âœ… å®Œæˆ level3_9_ResNet18
2025-08-08 04:38:53,076 - __main__ - INFO - ======================================================================
2025-08-08 04:38:53,077 - __main__ - INFO - ðŸš€ [6/6] å¼€å§‹ level5_5_s4
2025-08-08 04:38:53,077 - __main__ - INFO - ======================================================================
2025-08-08 04:38:53,168 - openevolve.controller - INFO - Logging to openevolve_output/level5_5_s4/logs/openevolve_20250808_043853.log
2025-08-08 04:38:53,168 - openevolve.controller - INFO - Set random seed to 42 for reproducibility
2025-08-08 04:38:53,209 - openevolve.llm.ensemble - INFO - Initialized LLM ensemble with models: deepseek (weight: 0.80), deepseek (weight: 0.20)
2025-08-08 04:38:53,251 - openevolve.llm.ensemble - INFO - Initialized LLM ensemble with models: deepseek (weight: 0.80), deepseek (weight: 0.20)
2025-08-08 04:38:53,252 - openevolve.prompt.sampler - INFO - Set custom templates: system=evaluator_system_message, user=None
2025-08-08 04:38:53,252 - openevolve.database - INFO - Initialized program database with 0 programs
2025-08-08 04:38:53,274 - openevolve.evaluator - INFO - Successfully loaded evaluation function from openevolve_output/level5_5_s4/evaluation.py
2025-08-08 04:38:53,274 - openevolve.evaluator - INFO - Initialized evaluator with openevolve_output/level5_5_s4/evaluation.py
2025-08-08 04:38:53,274 - openevolve.controller - INFO - Initialized OpenEvolve with /tmp/aed3946284d8125439128941e9138214.py
2025-08-08 04:38:53,274 - openevolve.controller - INFO - Adding initial program to database
2025-08-08 04:38:53,275 - openevolve.RemoteSpeedupEvaluator - INFO - [level5_5_s4] verify_plus payload: reference_code(6908 chars) + custom_code(7029 chars)
2025-08-08 04:38:55,551 - openevolve.RemoteSpeedupEvaluator - INFO - [level5_5_s4] verify_plus request success
2025-08-08 04:38:55,552 - openevolve.RemoteSpeedupEvaluator - INFO - [level5_5_s4] verify_plus response: {"id":"level5_5_s4","result":{"error":"No module named 'einops'\nTraceback (most recent call last):\n  File \"/cpfs01/shared/llm_kernel/hujiakai/KernelLLM/validation_api_server/evaluator.py\", line 92, in _measure_perf_worker\n    exec(textwrap.dedent(code_src), temp_module.__dict__)\n  File \"<string>\", line 4, in <module>\nModuleNotFoundError: No module named 'einops'\n"}}
2025-08-08 04:38:55,552 - openevolve.evaluator - WARNING - Evaluation attempt 1/4 failed for program 41282f7a-5a9f-4300-bfb4-c0504c186faf: Error: The reference code is not valid or correct. The verify result is: {'error': 'No module named \'einops\'\nTraceback (most recent call last):\n  File "/cpfs01/shared/llm_kernel/hujiakai/KernelLLM/validation_api_server/evaluator.py", line 92, in _measure_perf_worker\n    exec(textwrap.dedent(code_src), temp_module.__dict__)\n  File "<string>", line 4, in <module>\nModuleNotFoundError: No module named \'einops\'\n'}
2025-08-08 04:38:56,558 - openevolve.RemoteSpeedupEvaluator - INFO - [level5_5_s4] verify_plus payload: reference_code(6908 chars) + custom_code(7029 chars)
2025-08-08 04:38:59,121 - openevolve.RemoteSpeedupEvaluator - INFO - [level5_5_s4] verify_plus request success
2025-08-08 04:38:59,121 - openevolve.RemoteSpeedupEvaluator - INFO - [level5_5_s4] verify_plus response: {"id":"level5_5_s4","result":{"error":"No module named 'einops'\nTraceback (most recent call last):\n  File \"/cpfs01/shared/llm_kernel/hujiakai/KernelLLM/validation_api_server/evaluator.py\", line 92, in _measure_perf_worker\n    exec(textwrap.dedent(code_src), temp_module.__dict__)\n  File \"<string>\", line 4, in <module>\nModuleNotFoundError: No module named 'einops'\n"}}
2025-08-08 04:38:59,122 - openevolve.evaluator - WARNING - Evaluation attempt 2/4 failed for program 41282f7a-5a9f-4300-bfb4-c0504c186faf: Error: The reference code is not valid or correct. The verify result is: {'error': 'No module named \'einops\'\nTraceback (most recent call last):\n  File "/cpfs01/shared/llm_kernel/hujiakai/KernelLLM/validation_api_server/evaluator.py", line 92, in _measure_perf_worker\n    exec(textwrap.dedent(code_src), temp_module.__dict__)\n  File "<string>", line 4, in <module>\nModuleNotFoundError: No module named \'einops\'\n'}
2025-08-08 04:39:00,124 - openevolve.RemoteSpeedupEvaluator - INFO - [level5_5_s4] verify_plus payload: reference_code(6908 chars) + custom_code(7029 chars)
2025-08-08 04:39:02,398 - openevolve.RemoteSpeedupEvaluator - INFO - [level5_5_s4] verify_plus request success
2025-08-08 04:39:02,399 - openevolve.RemoteSpeedupEvaluator - INFO - [level5_5_s4] verify_plus response: {"id":"level5_5_s4","result":{"error":"No module named 'einops'\nTraceback (most recent call last):\n  File \"/cpfs01/shared/llm_kernel/hujiakai/KernelLLM/validation_api_server/evaluator.py\", line 92, in _measure_perf_worker\n    exec(textwrap.dedent(code_src), temp_module.__dict__)\n  File \"<string>\", line 4, in <module>\nModuleNotFoundError: No module named 'einops'\n"}}
2025-08-08 04:39:02,399 - openevolve.evaluator - WARNING - Evaluation attempt 3/4 failed for program 41282f7a-5a9f-4300-bfb4-c0504c186faf: Error: The reference code is not valid or correct. The verify result is: {'error': 'No module named \'einops\'\nTraceback (most recent call last):\n  File "/cpfs01/shared/llm_kernel/hujiakai/KernelLLM/validation_api_server/evaluator.py", line 92, in _measure_perf_worker\n    exec(textwrap.dedent(code_src), temp_module.__dict__)\n  File "<string>", line 4, in <module>\nModuleNotFoundError: No module named \'einops\'\n'}
2025-08-08 04:39:03,402 - openevolve.RemoteSpeedupEvaluator - INFO - [level5_5_s4] verify_plus payload: reference_code(6908 chars) + custom_code(7029 chars)
2025-08-08 04:39:05,697 - openevolve.RemoteSpeedupEvaluator - INFO - [level5_5_s4] verify_plus request success
2025-08-08 04:39:05,697 - openevolve.RemoteSpeedupEvaluator - INFO - [level5_5_s4] verify_plus response: {"id":"level5_5_s4","result":{"error":"No module named 'einops'\nTraceback (most recent call last):\n  File \"/cpfs01/shared/llm_kernel/hujiakai/KernelLLM/validation_api_server/evaluator.py\", line 92, in _measure_perf_worker\n    exec(textwrap.dedent(code_src), temp_module.__dict__)\n  File \"<string>\", line 4, in <module>\nModuleNotFoundError: No module named 'einops'\n"}}
2025-08-08 04:39:05,698 - openevolve.evaluator - WARNING - Evaluation attempt 4/4 failed for program 41282f7a-5a9f-4300-bfb4-c0504c186faf: Error: The reference code is not valid or correct. The verify result is: {'error': 'No module named \'einops\'\nTraceback (most recent call last):\n  File "/cpfs01/shared/llm_kernel/hujiakai/KernelLLM/validation_api_server/evaluator.py", line 92, in _measure_perf_worker\n    exec(textwrap.dedent(code_src), temp_module.__dict__)\n  File "<string>", line 4, in <module>\nModuleNotFoundError: No module named \'einops\'\n'}
2025-08-08 04:39:05,699 - openevolve.evaluator - ERROR - All evaluation attempts failed for program 41282f7a-5a9f-4300-bfb4-c0504c186faf. Last error: Error: The reference code is not valid or correct. The verify result is: {'error': 'No module named \'einops\'\nTraceback (most recent call last):\n  File "/cpfs01/shared/llm_kernel/hujiakai/KernelLLM/validation_api_server/evaluator.py", line 92, in _measure_perf_worker\n    exec(textwrap.dedent(code_src), temp_module.__dict__)\n  File "<string>", line 4, in <module>\nModuleNotFoundError: No module named \'einops\'\n'}
2025-08-08 04:39:05,700 - __main__ - ERROR - ðŸ’¥ å¤±è´¥ level5_5_s4: 'score'
2025-08-08 04:39:05,700 - __main__ - INFO - ----------------------------------------------------------------------
2025-08-08 04:39:05,700 - __main__ - INFO - ðŸ“Š è¿›ç¨‹ rank=29 ç»“æŸ | æˆåŠŸ 5 | å¤±è´¥ 1
2025-08-08 04:39:05,700 - __main__ - INFO - ----------------------------------------------------------------------
