2025-08-08 17:23:58,511 - openevolve.controller - INFO - Logging to openevolve_output/level1_69_conv_transposed_2D__asymmetric_input__asymmetric_kernel/logs/openevolve_20250808_172358.log
2025-08-08 17:23:58,511 - openevolve.controller - INFO - Set random seed to 42 for reproducibility
2025-08-08 17:23:58,551 - openevolve.llm.ensemble - INFO - Initialized LLM ensemble with models: deepseek (weight: 0.80), deepseek (weight: 0.20)
2025-08-08 17:23:58,590 - openevolve.llm.ensemble - INFO - Initialized LLM ensemble with models: deepseek (weight: 0.80), deepseek (weight: 0.20)
2025-08-08 17:23:58,590 - openevolve.prompt.sampler - INFO - Set custom templates: system=evaluator_system_message, user=None
2025-08-08 17:23:58,590 - openevolve.database - INFO - Initialized program database with 0 programs
2025-08-08 17:23:58,619 - openevolve.evaluator - INFO - Successfully loaded evaluation function from openevolve_output/level1_69_conv_transposed_2D__asymmetric_input__asymmetric_kernel/evaluation.py
2025-08-08 17:23:58,619 - openevolve.evaluator - INFO - Initialized evaluator with openevolve_output/level1_69_conv_transposed_2D__asymmetric_input__asymmetric_kernel/evaluation.py
2025-08-08 17:23:58,620 - openevolve.controller - INFO - Initialized OpenEvolve with /tmp/b092c5c4d350c86cc7299a0e9a99286c.py
2025-08-08 17:23:58,620 - openevolve.controller - INFO - Adding initial program to database
2025-08-08 17:23:58,620 - openevolve.RemoteSpeedupEvaluator - INFO - [level1_69_conv_transposed_2D__asymmetric_input__asymmetric_kernel] verify_plus payload: reference_code(2372 chars) + custom_code(2496 chars)
2025-08-08 17:24:01,337 - openevolve.RemoteSpeedupEvaluator - INFO - [level1_69_conv_transposed_2D__asymmetric_input__asymmetric_kernel] verify_plus request success
2025-08-08 17:24:01,337 - openevolve.RemoteSpeedupEvaluator - INFO - [level1_69_conv_transposed_2D__asymmetric_input__asymmetric_kernel] verify_plus response: {"id":"level1_69_conv_transposed_2D__asymmetric_input__asymmetric_kernel","result":{"compiled":true,"correctness":true,"metadata":{"hardware":"NVIDIA L20Y","device":"cuda:2","correctness_trials":"(5 / 5)","reference_timing_ms":0.0435,"speed_up":0.908,"custom_timing":0.0479},"runtime":0.0479,"runtime_stats":{"mean":0.0479,"std":0.00187,"min":0.0456,"max":0.0593,"num_trials":100,"hardware":"NVIDIA L20Y","device":"cuda:2"}}}
2025-08-08 17:24:01,338 - openevolve.evaluator - INFO - Evaluated program ae0a607e-a678-4135-915b-ef405bfcb4fb in 2.72s: compiled=1.0000, correctness=1.0000, stage=reference code, passed=0.0000, score=0.0000, speed_up=1.0000, runtime_ms=0.0479, meta={'hardware': 'NVIDIA L20Y', 'device': 'cuda:2', 'correctness_trials': '(5 / 5)', 'reference_timing_ms': 0.0435, 'speed_up': 0.908, 'custom_timing': 0.0479}
2025-08-08 17:24:01,338 - openevolve.database - INFO - New MAP-Elites cell occupied: {'score': 0, 'complexity': 2}
2025-08-08 17:24:01,353 - openevolve.threaded_parallel - INFO - Initializing threaded evaluation pool with 3 workers
2025-08-08 17:24:01,354 - openevolve.threaded_parallel - INFO - Started thread pool with 3 threads
2025-08-08 17:24:01,355 - openevolve.threaded_parallel - INFO - Started improved parallel controller
2025-08-08 17:24:01,355 - openevolve.controller - INFO - Using island-based evolution with 3 islands
2025-08-08 17:24:01,355 - openevolve.database - INFO - Island Status:
2025-08-08 17:24:01,355 - openevolve.database - INFO -  * Island 0: 1 programs, best=0.0000, avg=0.0000, diversity=0.00, gen=0 (best: ae0a607e-a678-4135-915b-ef405bfcb4fb)
2025-08-08 17:24:01,355 - openevolve.database - INFO -    Island 1: 0 programs, best=0.0000, avg=0.0000, diversity=0.00, gen=0
2025-08-08 17:24:01,355 - openevolve.database - INFO -    Island 2: 0 programs, best=0.0000, avg=0.0000, diversity=0.00, gen=0
2025-08-08 17:24:01,355 - openevolve.threaded_parallel - INFO - Starting improved parallel evolution from iteration 0 for 30 iterations (total: 30)
2025-08-08 17:24:01,491 - openevolve.llm.ensemble - INFO - Initialized LLM ensemble with models: deepseek (weight: 0.80), deepseek (weight: 0.20)
2025-08-08 17:24:01,496 - openevolve.llm.ensemble - INFO - Initialized LLM ensemble with models: deepseek (weight: 0.80), deepseek (weight: 0.20)
2025-08-08 17:24:01,501 - openevolve.llm.ensemble - INFO - Initialized LLM ensemble with models: deepseek (weight: 0.80), deepseek (weight: 0.20)
2025-08-08 17:24:01,625 - openevolve.llm.ensemble - INFO - Initialized LLM ensemble with models: deepseek (weight: 0.80), deepseek (weight: 0.20)
2025-08-08 17:24:01,625 - openevolve.prompt.sampler - INFO - Set custom templates: system=evaluator_system_message, user=None
2025-08-08 17:24:01,627 - openevolve.evaluator - INFO - Successfully loaded evaluation function from openevolve_output/level1_69_conv_transposed_2D__asymmetric_input__asymmetric_kernel/evaluation.py
2025-08-08 17:24:01,627 - openevolve.evaluator - INFO - Initialized evaluator with openevolve_output/level1_69_conv_transposed_2D__asymmetric_input__asymmetric_kernel/evaluation.py
2025-08-08 17:24:01,629 - openevolve.llm.ensemble - INFO - Sampled model: deepseek
2025-08-08 17:24:01,631 - openevolve.llm.ensemble - INFO - Initialized LLM ensemble with models: deepseek (weight: 0.80), deepseek (weight: 0.20)
2025-08-08 17:24:01,631 - openevolve.prompt.sampler - INFO - Set custom templates: system=evaluator_system_message, user=None
2025-08-08 17:24:01,633 - openevolve.evaluator - INFO - Successfully loaded evaluation function from openevolve_output/level1_69_conv_transposed_2D__asymmetric_input__asymmetric_kernel/evaluation.py
2025-08-08 17:24:01,633 - openevolve.evaluator - INFO - Initialized evaluator with openevolve_output/level1_69_conv_transposed_2D__asymmetric_input__asymmetric_kernel/evaluation.py
2025-08-08 17:24:01,635 - openevolve.llm.ensemble - INFO - Sampled model: deepseek
2025-08-08 17:24:01,635 - openevolve.llm.ensemble - INFO - Initialized LLM ensemble with models: deepseek (weight: 0.80), deepseek (weight: 0.20)
2025-08-08 17:24:01,635 - openevolve.prompt.sampler - INFO - Set custom templates: system=evaluator_system_message, user=None
2025-08-08 17:24:01,637 - openevolve.evaluator - INFO - Successfully loaded evaluation function from openevolve_output/level1_69_conv_transposed_2D__asymmetric_input__asymmetric_kernel/evaluation.py
2025-08-08 17:24:01,637 - openevolve.evaluator - INFO - Initialized evaluator with openevolve_output/level1_69_conv_transposed_2D__asymmetric_input__asymmetric_kernel/evaluation.py
2025-08-08 17:24:01,639 - openevolve.llm.ensemble - INFO - Sampled model: deepseek
2025-08-08 17:37:50,813 - openevolve.RemoteSpeedupEvaluator - INFO - [level1_69_conv_transposed_2D__asymmetric_input__asymmetric_kernel] triton key words check pass
2025-08-08 17:37:50,815 - openevolve.RemoteSpeedupEvaluator - INFO - [level1_69_conv_transposed_2D__asymmetric_input__asymmetric_kernel] verify_plus payload: reference_code(2372 chars) + custom_code(9058 chars)
2025-08-08 17:38:26,547 - openevolve.RemoteSpeedupEvaluator - INFO - [level1_69_conv_transposed_2D__asymmetric_input__asymmetric_kernel] triton key words check pass
2025-08-08 17:38:26,548 - openevolve.RemoteSpeedupEvaluator - INFO - [level1_69_conv_transposed_2D__asymmetric_input__asymmetric_kernel] verify_plus payload: reference_code(2372 chars) + custom_code(6103 chars)
2025-08-08 17:38:29,573 - openevolve.RemoteSpeedupEvaluator - INFO - [level1_69_conv_transposed_2D__asymmetric_input__asymmetric_kernel] verify_plus request success
2025-08-08 17:38:29,573 - openevolve.RemoteSpeedupEvaluator - INFO - [level1_69_conv_transposed_2D__asymmetric_input__asymmetric_kernel] verify_plus response: {"id":"level1_69_conv_transposed_2D__asymmetric_input__asymmetric_kernel","result":{"compiled":true,"correctness":false,"metadata":{"hardware":"NVIDIA L20Y","device":"cuda:0","runtime_error":"Traceback (most recent call last):\n  File \"/cpfs01/shared/llm_kernel/hujiakai/KernelLLM/validation_api_server/helpers/evaluations.py\", line 720, in run_and_check_correctness\n    output_new = model_new(*inputs)\n  File \"/home/lijiaxing/.conda/envs/api/lib/python3.10/site-packages/torch/nn/modules/module.py\", line 1773, in _wrapped_call_impl\n    return self._call_impl(*args, **kwargs)\n  File \"/home/lijiaxing/.conda/envs/api/lib/python3.10/site-packages/torch/nn/modules/module.py\", line 1784, in _call_impl\n    return forward_call(*args, **kwargs)\n  File \"/tmp/tmp5c8gp4g9.py\", line 146, in f
2025-08-08 17:38:29,573 - openevolve.RemoteSpeedupEvaluator - INFO - [level1_69_conv_transposed_2D__asymmetric_input__asymmetric_kernel] âœ˜ wrong_answer
2025-08-08 17:38:29,573 - openevolve.evaluator - INFO - Evaluated program 2d34117b-cd0a-4749-8980-2c8fd1f49e98 in 3.03s: compiled=1.0000, correctness=0.0000, score=10.0000, stage=wrong_answer, verify_payload={'id': 'level1_69_conv_transposed_2D__asymmetric_input__asymmetric_kernel', 'result': {'compiled': True, 'correctness': False, 'metadata': {'hardware': 'NVIDIA L20Y', 'device': 'cuda:0', 'runtime_error': 'Traceback (most recent call last):\n  File "/cpfs01/shared/llm_kernel/hujiakai/KernelLLM/validation_api_server/helpers/evaluations.py", line 720, in run_and_check_correctness\n    output_new = model_new(*inputs)\n  File "/home/lijiaxing/.conda/envs/api/lib/python3.10/site-packages/torch/nn/modules/module.py", line 1773, in _wrapped_call_impl\n    return self._call_impl(*args, **kwargs)\n  File "/home/lijiaxing/.conda/envs/api/lib/python3.10/site-packages/torch/nn/modules/module.py", line 1784, in _call_impl\n    return forward_call(*args, **kwargs)\n  File "/tmp/tmp5c8gp4g9.py", line 146, in forward\n    _conv_transpose2d_kernel[grid](\n  File "/home/lijiaxing/.conda/envs/api/lib/python3.10/site-packages/triton/runtime/jit.py", line 390, in <lambda>\n    return lambda *args, **kwargs: self.run(grid=grid, warmup=False, *args, **kwargs)\n  File "/home/lijiaxing/.conda/envs/api/lib/python3.10/site-packages/triton/runtime/jit.py", line 594, in run\n    kernel = self.compile(src, target=target, options=options.__dict__)\n  File "/home/lijiaxing/.conda/envs/api/lib/python3.10/site-packages/triton/compiler/compiler.py", line 339, in compile\n    module = src.make_ir(options, codegen_fns, module_map, context)\n  File "/home/lijiaxing/.conda/envs/api/lib/python3.10/site-packages/triton/compiler/compiler.py", line 83, in make_ir\n    return ast_to_ttir(self.fn, self, context=context, options=options, codegen_fns=codegen_fns,\ntriton.compiler.errors.UnsupportedLanguageConstruct: at 58:23:\n\n    for c_in in range(group_id * in_channels_per_group, (group_id + 1) * in_channels_per_group):\n        for k in range(kernel_h):\n            for l in range(kernel_w):\n                h_in_val = (h_out + padding_h - k * dilation_h)\n                w_in_val = (w_out + padding_w - l * dilation_w)\n\n                if h_in_val % stride_h == 0 and w_in_val % stride_w == 0:\n                    h_in = h_in_val // stride_h\n                    w_in = w_in_val // stride_w\n\n                    if 0 <= h_in < height_in and 0 <= w_in < width_in:\n                       ^\nsimultaneous multiple comparison is not supported\n', 'runtime_error_name': 'triton.compiler.errors.UnsupportedLanguageConstruct', 'reference_timing_ms': 0.0435, 'speed_up': -1.0, 'custom_timing': -1.0}, 'runtime': -1.0, 'runtime_stats': {}}}
2025-08-08 17:38:29,576 - openevolve.llm.ensemble - INFO - Sampled model: deepseek
2025-08-08 17:38:29,582 - openevolve.database - INFO - New MAP-Elites cell occupied: {'score': 9, 'complexity': 9}
2025-08-08 17:38:29,582 - openevolve.database - INFO - New best program 2d34117b-cd0a-4749-8980-2c8fd1f49e98 replaces ae0a607e-a678-4135-915b-ef405bfcb4fb
2025-08-08 17:38:29,594 - openevolve.threaded_parallel - INFO - Iteration 0: Program 2d34117b-cd0a-4749-8980-2c8fd1f49e98 (parent: ae0a607e-a678-4135-915b-ef405bfcb4fb) completed in 867.93s
2025-08-08 17:38:29,594 - openevolve.threaded_parallel - INFO - Metrics: compiled=1.0000, correctness=0.0000, score=10.0000, stage=wrong_answer, verify_payload={'id': 'level1_69_conv_transposed_2D__asymmetric_input__asymmetric_kernel', 'result': {'compiled': True, 'correctness': False, 'metadata': {'hardware': 'NVIDIA L20Y', 'device': 'cuda:0', 'runtime_error': 'Traceback (most recent call last):\n  File "/cpfs01/shared/llm_kernel/hujiakai/KernelLLM/validation_api_server/helpers/evaluations.py", line 720, in run_and_check_correctness\n    output_new = model_new(*inputs)\n  File "/home/lijiaxing/.conda/envs/api/lib/python3.10/site-packages/torch/nn/modules/module.py", line 1773, in _wrapped_call_impl\n    return self._call_impl(*args, **kwargs)\n  File "/home/lijiaxing/.conda/envs/api/lib/python3.10/site-packages/torch/nn/modules/module.py", line 1784, in _call_impl\n    return forward_call(*args, **kwargs)\n  File "/tmp/tmp5c8gp4g9.py", line 146, in forward\n    _conv_transpose2d_kernel[grid](\n  File "/home/lijiaxing/.conda/envs/api/lib/python3.10/site-packages/triton/runtime/jit.py", line 390, in <lambda>\n    return lambda *args, **kwargs: self.run(grid=grid, warmup=False, *args, **kwargs)\n  File "/home/lijiaxing/.conda/envs/api/lib/python3.10/site-packages/triton/runtime/jit.py", line 594, in run\n    kernel = self.compile(src, target=target, options=options.__dict__)\n  File "/home/lijiaxing/.conda/envs/api/lib/python3.10/site-packages/triton/compiler/compiler.py", line 339, in compile\n    module = src.make_ir(options, codegen_fns, module_map, context)\n  File "/home/lijiaxing/.conda/envs/api/lib/python3.10/site-packages/triton/compiler/compiler.py", line 83, in make_ir\n    return ast_to_ttir(self.fn, self, context=context, options=options, codegen_fns=codegen_fns,\ntriton.compiler.errors.UnsupportedLanguageConstruct: at 58:23:\n\n    for c_in in range(group_id * in_channels_per_group, (group_id + 1) * in_channels_per_group):\n        for k in range(kernel_h):\n            for l in range(kernel_w):\n                h_in_val = (h_out + padding_h - k * dilation_h)\n                w_in_val = (w_out + padding_w - l * dilation_w)\n\n                if h_in_val % stride_h == 0 and w_in_val % stride_w == 0:\n                    h_in = h_in_val // stride_h\n                    w_in = w_in_val // stride_w\n\n                    if 0 <= h_in < height_in and 0 <= w_in < width_in:\n                       ^\nsimultaneous multiple comparison is not supported\n', 'runtime_error_name': 'triton.compiler.errors.UnsupportedLanguageConstruct', 'reference_timing_ms': 0.0435, 'speed_up': -1.0, 'custom_timing': -1.0}, 'runtime': -1.0, 'runtime_stats': {}}}
2025-08-08 17:38:29,594 - openevolve.threaded_parallel - INFO - ðŸŒŸ New best solution found at iteration 0: 2d34117b-cd0a-4749-8980-2c8fd1f49e98
2025-08-08 17:38:29,594 - openevolve.threaded_parallel - INFO - Checkpoint interval reached at iteration 0
2025-08-08 17:38:29,594 - openevolve.database - INFO - Island Status:
2025-08-08 17:38:29,594 - openevolve.database - INFO -  * Island 0: 2 programs, best=10.0000, avg=5.0000, diversity=1717.00, gen=1 (best: 2d34117b-cd0a-4749-8980-2c8fd1f49e98)
2025-08-08 17:38:29,595 - openevolve.database - INFO -    Island 1: 0 programs, best=0.0000, avg=0.0000, diversity=0.00, gen=0
2025-08-08 17:38:29,595 - openevolve.database - INFO -    Island 2: 0 programs, best=0.0000, avg=0.0000, diversity=0.00, gen=0
2025-08-08 17:38:29,623 - openevolve.database - INFO - Saved database with 2 programs to openevolve_output/level1_69_conv_transposed_2D__asymmetric_input__asymmetric_kernel/checkpoints/checkpoint_0
2025-08-08 17:38:29,638 - openevolve.controller - INFO - Saved best program at checkpoint 0 with metrics: compiled=1.0000, correctness=0.0000, score=10.0000, stage=wrong_answer, verify_payload={'id': 'level1_69_conv_transposed_2D__asymmetric_input__asymmetric_kernel', 'result': {'compiled': True, 'correctness': False, 'metadata': {'hardware': 'NVIDIA L20Y', 'device': 'cuda:0', 'runtime_error': 'Traceback (most recent call last):\n  File "/cpfs01/shared/llm_kernel/hujiakai/KernelLLM/validation_api_server/helpers/evaluations.py", line 720, in run_and_check_correctness\n    output_new = model_new(*inputs)\n  File "/home/lijiaxing/.conda/envs/api/lib/python3.10/site-packages/torch/nn/modules/module.py", line 1773, in _wrapped_call_impl\n    return self._call_impl(*args, **kwargs)\n  File "/home/lijiaxing/.conda/envs/api/lib/python3.10/site-packages/torch/nn/modules/module.py", line 1784, in _call_impl\n    return forward_call(*args, **kwargs)\n  File "/tmp/tmp5c8gp4g9.py", line 146, in forward\n    _conv_transpose2d_kernel[grid](\n  File "/home/lijiaxing/.conda/envs/api/lib/python3.10/site-packages/triton/runtime/jit.py", line 390, in <lambda>\n    return lambda *args, **kwargs: self.run(grid=grid, warmup=False, *args, **kwargs)\n  File "/home/lijiaxing/.conda/envs/api/lib/python3.10/site-packages/triton/runtime/jit.py", line 594, in run\n    kernel = self.compile(src, target=target, options=options.__dict__)\n  File "/home/lijiaxing/.conda/envs/api/lib/python3.10/site-packages/triton/compiler/compiler.py", line 339, in compile\n    module = src.make_ir(options, codegen_fns, module_map, context)\n  File "/home/lijiaxing/.conda/envs/api/lib/python3.10/site-packages/triton/compiler/compiler.py", line 83, in make_ir\n    return ast_to_ttir(self.fn, self, context=context, options=options, codegen_fns=codegen_fns,\ntriton.compiler.errors.UnsupportedLanguageConstruct: at 58:23:\n\n    for c_in in range(group_id * in_channels_per_group, (group_id + 1) * in_channels_per_group):\n        for k in range(kernel_h):\n            for l in range(kernel_w):\n                h_in_val = (h_out + padding_h - k * dilation_h)\n                w_in_val = (w_out + padding_w - l * dilation_w)\n\n                if h_in_val % stride_h == 0 and w_in_val % stride_w == 0:\n                    h_in = h_in_val // stride_h\n                    w_in = w_in_val // stride_w\n\n                    if 0 <= h_in < height_in and 0 <= w_in < width_in:\n                       ^\nsimultaneous multiple comparison is not supported\n', 'runtime_error_name': 'triton.compiler.errors.UnsupportedLanguageConstruct', 'reference_timing_ms': 0.0435, 'speed_up': -1.0, 'custom_timing': -1.0}, 'runtime': -1.0, 'runtime_stats': {}}}
2025-08-08 17:38:29,639 - openevolve.controller - INFO - Saved checkpoint at iteration 0 to openevolve_output/level1_69_conv_transposed_2D__asymmetric_input__asymmetric_kernel/checkpoints/checkpoint_0
2025-08-08 17:42:51,109 - openevolve.RemoteSpeedupEvaluator - ERROR - [level1_69_conv_transposed_2D__asymmetric_input__asymmetric_kernel] âœ˜ verify_plus request failed
Traceback (most recent call last):
  File "/cpfs01/shared/llm_kernel/hujiakai/KernelLLM/openevolve/triton_evolve/remote_speedup_evaluator.py", line 107, in evaluate
    verify = self._call_verify(uid, reference_code, candidate_code)
  File "/cpfs01/shared/llm_kernel/hujiakai/KernelLLM/openevolve/triton_evolve/remote_speedup_evaluator.py", line 210, in _call_verify
    r.raise_for_status()
  File "/home/lijiaxing/.conda/envs/openevolve/lib/python3.10/site-packages/requests/models.py", line 1026, in raise_for_status
    raise HTTPError(http_error_msg, response=self)
requests.exceptions.HTTPError: 500 Server Error: Internal Server Error for url: http://localhost:8011/verify_plus
2025-08-08 17:42:51,113 - openevolve.evaluator - INFO - Evaluated program 85867d9a-fad8-4ed0-8696-d83bf469923f in 300.30s: compiled=0.0000, correctness=0.0000, score=-100.0000, stage=infra_error, exception=500 Server Error: Internal Server Error for url: http://localhost:8011/verify_plus
2025-08-08 17:42:51,116 - openevolve.database - INFO - New MAP-Elites cell occupied: {'score': -1000, 'complexity': 9}
2025-08-08 17:42:51,117 - openevolve.llm.ensemble - INFO - Sampled model: deepseek
2025-08-08 17:42:51,134 - openevolve.threaded_parallel - INFO - Iteration 2: Program 85867d9a-fad8-4ed0-8696-d83bf469923f (parent: ae0a607e-a678-4135-915b-ef405bfcb4fb) completed in 1129.48s
2025-08-08 17:42:51,134 - openevolve.threaded_parallel - INFO - Metrics: compiled=0.0000, correctness=0.0000, score=-100.0000, stage=infra_error, exception=500 Server Error: Internal Server Error for url: http://localhost:8011/verify_plus
2025-08-08 17:44:23,962 - openevolve.RemoteSpeedupEvaluator - INFO - [level1_69_conv_transposed_2D__asymmetric_input__asymmetric_kernel] triton key words check pass
2025-08-08 17:44:23,963 - openevolve.RemoteSpeedupEvaluator - INFO - [level1_69_conv_transposed_2D__asymmetric_input__asymmetric_kernel] verify_plus payload: reference_code(2372 chars) + custom_code(6153 chars)
2025-08-08 17:44:27,540 - openevolve.RemoteSpeedupEvaluator - INFO - [level1_69_conv_transposed_2D__asymmetric_input__asymmetric_kernel] verify_plus request success
2025-08-08 17:44:27,540 - openevolve.RemoteSpeedupEvaluator - INFO - [level1_69_conv_transposed_2D__asymmetric_input__asymmetric_kernel] verify_plus response: {"id":"level1_69_conv_transposed_2D__asymmetric_input__asymmetric_kernel","result":{"compiled":true,"correctness":false,"metadata":{"hardware":"NVIDIA L20Y","device":"cuda:2","runtime_error":"Traceback (most recent call last):\n  File \"/home/lijiaxing/.conda/envs/api/lib/python3.10/site-packages/triton/language/core.py\", line 42, in wrapper\n    return fn(*args, **kwargs)\n  File \"/home/lijiaxing/.conda/envs/api/lib/python3.10/site-packages/triton/language/core.py\", line 2150, in load\n    return _semantic.load(pointer, mask, other, boundary_check, padding_option, cache_modifier, eviction_policy,\n  File \"/home/lijiaxing/.conda/envs/api/lib/python3.10/site-packages/triton/language/semantic.py\", line 1086, in load\n    return self._load_legacy(ptr, mask, other, boundary_check, padding
2025-08-08 17:44:27,540 - openevolve.RemoteSpeedupEvaluator - INFO - [level1_69_conv_transposed_2D__asymmetric_input__asymmetric_kernel] âœ˜ wrong_answer
2025-08-08 17:44:27,541 - openevolve.evaluator - INFO - Evaluated program 7086d8c6-b962-4e83-b338-4f425e31c12a in 3.58s: compiled=1.0000, correctness=0.0000, score=10.0000, stage=wrong_answer, verify_payload={'id': 'level1_69_conv_transposed_2D__asymmetric_input__asymmetric_kernel', 'result': {'compiled': True, 'correctness': False, 'metadata': {'hardware': 'NVIDIA L20Y', 'device': 'cuda:2', 'runtime_error': 'Traceback (most recent call last):\n  File "/home/lijiaxing/.conda/envs/api/lib/python3.10/site-packages/triton/language/core.py", line 42, in wrapper\n    return fn(*args, **kwargs)\n  File "/home/lijiaxing/.conda/envs/api/lib/python3.10/site-packages/triton/language/core.py", line 2150, in load\n    return _semantic.load(pointer, mask, other, boundary_check, padding_option, cache_modifier, eviction_policy,\n  File "/home/lijiaxing/.conda/envs/api/lib/python3.10/site-packages/triton/language/semantic.py", line 1086, in load\n    return self._load_legacy(ptr, mask, other, boundary_check, padding, cache, eviction, is_volatile)\n  File "/home/lijiaxing/.conda/envs/api/lib/python3.10/site-packages/triton/language/semantic.py", line 1037, in _load_legacy\n    mask = self.broadcast_impl_shape(mask, ptr.type.get_block_shapes())\n  File "/home/lijiaxing/.conda/envs/api/lib/python3.10/site-packages/triton/language/semantic.py", line 697, in broadcast_impl_shape\n    raise ValueError(f"Cannot broadcast, rank mismatch: {src_shape}, {shape}")\nValueError: Cannot broadcast, rank mismatch: [\'16\'], [\'16\', \'16\']\n\nThe above exception was the direct cause of the following exception:\n\nTraceback (most recent call last):\n  File "/cpfs01/shared/llm_kernel/hujiakai/KernelLLM/validation_api_server/helpers/evaluations.py", line 720, in run_and_check_correctness\n    output_new = model_new(*inputs)\n  File "/home/lijiaxing/.conda/envs/api/lib/python3.10/site-packages/torch/nn/modules/module.py", line 1773, in _wrapped_call_impl\n    return self._call_impl(*args, **kwargs)\n  File "/home/lijiaxing/.conda/envs/api/lib/python3.10/site-packages/torch/nn/modules/module.py", line 1784, in _call_impl\n    return forward_call(*args, **kwargs)\n  File "/tmp/tmpsl3vx79w.py", line 135, in forward\n    conv_transpose2d_kernel[grid](\n  File "/home/lijiaxing/.conda/envs/api/lib/python3.10/site-packages/triton/runtime/jit.py", line 390, in <lambda>\n    return lambda *args, **kwargs: self.run(grid=grid, warmup=False, *args, **kwargs)\n  File "/home/lijiaxing/.conda/envs/api/lib/python3.10/site-packages/triton/runtime/jit.py", line 594, in run\n    kernel = self.compile(src, target=target, options=options.__dict__)\n  File "/home/lijiaxing/.conda/envs/api/lib/python3.10/site-packages/triton/compiler/compiler.py", line 339, in compile\n    module = src.make_ir(options, codegen_fns, module_map, context)\n  File "/home/lijiaxing/.conda/envs/api/lib/python3.10/site-packages/triton/compiler/compiler.py", line 83, in make_ir\n    return ast_to_ttir(self.fn, self, context=context, options=options, codegen_fns=codegen_fns,\ntriton.compiler.errors.CompilationError: at 52:28:\n            valid = valid_base & valid_div & valid_bounds\n\n            for ic_offset in range(in_channels_per_group):\n                ic = start_ic + ic_offset\n                input_ptrs = (\n                    input_ptr + \n                    n * input_bs_stride + \n                    ic * input_c_stride + \n                    ih[:, None] * input_h_stride + \n                    iw[None, :] * input_w_stride\n                )\n                input_val = tl.load(input_ptrs, mask=valid, other=0.0)\n                            ^\n\n\nThe above exception was the direct cause of the following exception:\n\nTraceback (most recent call last):\n  File "/home/lijiaxing/.conda/envs/api/lib/python3.10/site-packages/triton/language/core.py", line 42, in wrapper\n    return fn(*args, **kwargs)\n  File "/home/lijiaxing/.conda/envs/api/lib/python3.10/site-packages/triton/language/core.py", line 2150, in load\n    return _semantic.load(pointer, mask, other, boundary_check, padding_option, cache_modifier, eviction_policy,\n  File "/home/lijiaxing/.conda/envs/api/lib/python3.10/site-packages/triton/language/semantic.py", line 1086, in load\n    return self._load_legacy(ptr, mask, other, boundary_check, padding, cache, eviction, is_volatile)\n  File "/home/lijiaxing/.conda/envs/api/lib/python3.10/site-packages/triton/language/semantic.py", line 1037, in _load_legacy\n    mask = self.broadcast_impl_shape(mask, ptr.type.get_block_shapes())\n  File "/home/lijiaxing/.conda/envs/api/lib/python3.10/site-packages/triton/language/semantic.py", line 697, in broadcast_impl_shape\n    raise ValueError(f"Cannot broadcast, rank mismatch: {src_shape}, {shape}")\nValueError: Cannot broadcast, rank mismatch: [\'16\'], [\'16\', \'16\']\n', 'runtime_error_name': 'triton.compiler.errors.CompilationError', 'reference_timing_ms': 0.0435, 'speed_up': -1.0, 'custom_timing': -1.0}, 'runtime': -1.0, 'runtime_stats': {}}}
2025-08-08 17:44:27,544 - openevolve.llm.ensemble - INFO - Sampled model: deepseek
2025-08-08 17:44:27,548 - openevolve.database - INFO - New MAP-Elites cell occupied: {'score': 9, 'complexity': 5}
2025-08-08 17:44:27,559 - openevolve.threaded_parallel - INFO - Iteration 1: Program 7086d8c6-b962-4e83-b338-4f425e31c12a (parent: ae0a607e-a678-4135-915b-ef405bfcb4fb) completed in 1225.91s
2025-08-08 17:44:27,560 - openevolve.threaded_parallel - INFO - Metrics: compiled=1.0000, correctness=0.0000, score=10.0000, stage=wrong_answer, verify_payload={'id': 'level1_69_conv_transposed_2D__asymmetric_input__asymmetric_kernel', 'result': {'compiled': True, 'correctness': False, 'metadata': {'hardware': 'NVIDIA L20Y', 'device': 'cuda:2', 'runtime_error': 'Traceback (most recent call last):\n  File "/home/lijiaxing/.conda/envs/api/lib/python3.10/site-packages/triton/language/core.py", line 42, in wrapper\n    return fn(*args, **kwargs)\n  File "/home/lijiaxing/.conda/envs/api/lib/python3.10/site-packages/triton/language/core.py", line 2150, in load\n    return _semantic.load(pointer, mask, other, boundary_check, padding_option, cache_modifier, eviction_policy,\n  File "/home/lijiaxing/.conda/envs/api/lib/python3.10/site-packages/triton/language/semantic.py", line 1086, in load\n    return self._load_legacy(ptr, mask, other, boundary_check, padding, cache, eviction, is_volatile)\n  File "/home/lijiaxing/.conda/envs/api/lib/python3.10/site-packages/triton/language/semantic.py", line 1037, in _load_legacy\n    mask = self.broadcast_impl_shape(mask, ptr.type.get_block_shapes())\n  File "/home/lijiaxing/.conda/envs/api/lib/python3.10/site-packages/triton/language/semantic.py", line 697, in broadcast_impl_shape\n    raise ValueError(f"Cannot broadcast, rank mismatch: {src_shape}, {shape}")\nValueError: Cannot broadcast, rank mismatch: [\'16\'], [\'16\', \'16\']\n\nThe above exception was the direct cause of the following exception:\n\nTraceback (most recent call last):\n  File "/cpfs01/shared/llm_kernel/hujiakai/KernelLLM/validation_api_server/helpers/evaluations.py", line 720, in run_and_check_correctness\n    output_new = model_new(*inputs)\n  File "/home/lijiaxing/.conda/envs/api/lib/python3.10/site-packages/torch/nn/modules/module.py", line 1773, in _wrapped_call_impl\n    return self._call_impl(*args, **kwargs)\n  File "/home/lijiaxing/.conda/envs/api/lib/python3.10/site-packages/torch/nn/modules/module.py", line 1784, in _call_impl\n    return forward_call(*args, **kwargs)\n  File "/tmp/tmpsl3vx79w.py", line 135, in forward\n    conv_transpose2d_kernel[grid](\n  File "/home/lijiaxing/.conda/envs/api/lib/python3.10/site-packages/triton/runtime/jit.py", line 390, in <lambda>\n    return lambda *args, **kwargs: self.run(grid=grid, warmup=False, *args, **kwargs)\n  File "/home/lijiaxing/.conda/envs/api/lib/python3.10/site-packages/triton/runtime/jit.py", line 594, in run\n    kernel = self.compile(src, target=target, options=options.__dict__)\n  File "/home/lijiaxing/.conda/envs/api/lib/python3.10/site-packages/triton/compiler/compiler.py", line 339, in compile\n    module = src.make_ir(options, codegen_fns, module_map, context)\n  File "/home/lijiaxing/.conda/envs/api/lib/python3.10/site-packages/triton/compiler/compiler.py", line 83, in make_ir\n    return ast_to_ttir(self.fn, self, context=context, options=options, codegen_fns=codegen_fns,\ntriton.compiler.errors.CompilationError: at 52:28:\n            valid = valid_base & valid_div & valid_bounds\n\n            for ic_offset in range(in_channels_per_group):\n                ic = start_ic + ic_offset\n                input_ptrs = (\n                    input_ptr + \n                    n * input_bs_stride + \n                    ic * input_c_stride + \n                    ih[:, None] * input_h_stride + \n                    iw[None, :] * input_w_stride\n                )\n                input_val = tl.load(input_ptrs, mask=valid, other=0.0)\n                            ^\n\n\nThe above exception was the direct cause of the following exception:\n\nTraceback (most recent call last):\n  File "/home/lijiaxing/.conda/envs/api/lib/python3.10/site-packages/triton/language/core.py", line 42, in wrapper\n    return fn(*args, **kwargs)\n  File "/home/lijiaxing/.conda/envs/api/lib/python3.10/site-packages/triton/language/core.py", line 2150, in load\n    return _semantic.load(pointer, mask, other, boundary_check, padding_option, cache_modifier, eviction_policy,\n  File "/home/lijiaxing/.conda/envs/api/lib/python3.10/site-packages/triton/language/semantic.py", line 1086, in load\n    return self._load_legacy(ptr, mask, other, boundary_check, padding, cache, eviction, is_volatile)\n  File "/home/lijiaxing/.conda/envs/api/lib/python3.10/site-packages/triton/language/semantic.py", line 1037, in _load_legacy\n    mask = self.broadcast_impl_shape(mask, ptr.type.get_block_shapes())\n  File "/home/lijiaxing/.conda/envs/api/lib/python3.10/site-packages/triton/language/semantic.py", line 697, in broadcast_impl_shape\n    raise ValueError(f"Cannot broadcast, rank mismatch: {src_shape}, {shape}")\nValueError: Cannot broadcast, rank mismatch: [\'16\'], [\'16\', \'16\']\n', 'runtime_error_name': 'triton.compiler.errors.CompilationError', 'reference_timing_ms': 0.0435, 'speed_up': -1.0, 'custom_timing': -1.0}, 'runtime': -1.0, 'runtime_stats': {}}}
2025-08-08 17:48:59,986 - openevolve.RemoteSpeedupEvaluator - INFO - [level1_69_conv_transposed_2D__asymmetric_input__asymmetric_kernel] triton key words check pass
2025-08-08 17:48:59,987 - openevolve.RemoteSpeedupEvaluator - INFO - [level1_69_conv_transposed_2D__asymmetric_input__asymmetric_kernel] verify_plus payload: reference_code(2372 chars) + custom_code(6362 chars)
2025-08-08 17:49:03,081 - openevolve.RemoteSpeedupEvaluator - INFO - [level1_69_conv_transposed_2D__asymmetric_input__asymmetric_kernel] verify_plus request success
2025-08-08 17:49:03,081 - openevolve.RemoteSpeedupEvaluator - INFO - [level1_69_conv_transposed_2D__asymmetric_input__asymmetric_kernel] verify_plus response: {"id":"level1_69_conv_transposed_2D__asymmetric_input__asymmetric_kernel","result":{"compiled":true,"correctness":false,"metadata":{"hardware":"NVIDIA L20Y","device":"cuda:2","runtime_error":"Traceback (most recent call last):\n  File \"/home/lijiaxing/.conda/envs/api/lib/python3.10/site-packages/triton/language/core.py\", line 42, in wrapper\n    return fn(*args, **kwargs)\n  File \"/home/lijiaxing/.conda/envs/api/lib/python3.10/site-packages/triton/language/core.py\", line 2216, in store\n    return _semantic.store(pointer, value, mask, boundary_check, cache_modifier, eviction_policy)\n  File \"/home/lijiaxing/.conda/envs/api/lib/python3.10/site-packages/triton/language/semantic.py\", line 1292, in store\n    return self._store_legacy(ptr, val, mask, boundary_check, cache, eviction)\n  F
2025-08-08 17:49:03,082 - openevolve.RemoteSpeedupEvaluator - INFO - [level1_69_conv_transposed_2D__asymmetric_input__asymmetric_kernel] âœ˜ wrong_answer
2025-08-08 17:49:03,082 - openevolve.evaluator - INFO - Evaluated program 1278c297-0b46-449f-a342-56a1297d4116 in 3.10s: compiled=1.0000, correctness=0.0000, score=10.0000, stage=wrong_answer, verify_payload={'id': 'level1_69_conv_transposed_2D__asymmetric_input__asymmetric_kernel', 'result': {'compiled': True, 'correctness': False, 'metadata': {'hardware': 'NVIDIA L20Y', 'device': 'cuda:2', 'runtime_error': 'Traceback (most recent call last):\n  File "/home/lijiaxing/.conda/envs/api/lib/python3.10/site-packages/triton/language/core.py", line 42, in wrapper\n    return fn(*args, **kwargs)\n  File "/home/lijiaxing/.conda/envs/api/lib/python3.10/site-packages/triton/language/core.py", line 2216, in store\n    return _semantic.store(pointer, value, mask, boundary_check, cache_modifier, eviction_policy)\n  File "/home/lijiaxing/.conda/envs/api/lib/python3.10/site-packages/triton/language/semantic.py", line 1292, in store\n    return self._store_legacy(ptr, val, mask, boundary_check, cache, eviction)\n  File "/home/lijiaxing/.conda/envs/api/lib/python3.10/site-packages/triton/language/semantic.py", line 1248, in _store_legacy\n    raise ValueError("Value argument cannot be block type if pointer argument is not a block")\nValueError: Value argument cannot be block type if pointer argument is not a block\n\nThe above exception was the direct cause of the following exception:\n\nTraceback (most recent call last):\n  File "/cpfs01/shared/llm_kernel/hujiakai/KernelLLM/validation_api_server/helpers/evaluations.py", line 720, in run_and_check_correctness\n    output_new = model_new(*inputs)\n  File "/home/lijiaxing/.conda/envs/api/lib/python3.10/site-packages/torch/nn/modules/module.py", line 1773, in _wrapped_call_impl\n    return self._call_impl(*args, **kwargs)\n  File "/home/lijiaxing/.conda/envs/api/lib/python3.10/site-packages/torch/nn/modules/module.py", line 1784, in _call_impl\n    return forward_call(*args, **kwargs)\n  File "/tmp/tmpxk4vhudn.py", line 152, in forward\n    _conv_transpose2d_kernel[grid](\n  File "/home/lijiaxing/.conda/envs/api/lib/python3.10/site-packages/triton/runtime/jit.py", line 390, in <lambda>\n    return lambda *args, **kwargs: self.run(grid=grid, warmup=False, *args, **kwargs)\n  File "/home/lijiaxing/.conda/envs/api/lib/python3.10/site-packages/triton/runtime/jit.py", line 594, in run\n    kernel = self.compile(src, target=target, options=options.__dict__)\n  File "/home/lijiaxing/.conda/envs/api/lib/python3.10/site-packages/triton/compiler/compiler.py", line 339, in compile\n    module = src.make_ir(options, codegen_fns, module_map, context)\n  File "/home/lijiaxing/.conda/envs/api/lib/python3.10/site-packages/triton/compiler/compiler.py", line 83, in make_ir\n    return ast_to_ttir(self.fn, self, context=context, options=options, codegen_fns=codegen_fns,\ntriton.compiler.errors.CompilationError: at 93:4:\n\n    if bias_ptr is not None:\n        bias_val = tl.load(bias_ptr + pid_c)\n        acc += bias_val\n\n    output_offset = (\n        pid_b * output_batch_stride +\n        pid_c * output_channel_stride +\n        h_out * output_height_stride +\n        w_out * output_width_stride\n    )\n    tl.store(output_ptr + output_offset, acc)\n    ^\n\n\nThe above exception was the direct cause of the following exception:\n\nTraceback (most recent call last):\n  File "/home/lijiaxing/.conda/envs/api/lib/python3.10/site-packages/triton/language/core.py", line 42, in wrapper\n    return fn(*args, **kwargs)\n  File "/home/lijiaxing/.conda/envs/api/lib/python3.10/site-packages/triton/language/core.py", line 2216, in store\n    return _semantic.store(pointer, value, mask, boundary_check, cache_modifier, eviction_policy)\n  File "/home/lijiaxing/.conda/envs/api/lib/python3.10/site-packages/triton/language/semantic.py", line 1292, in store\n    return self._store_legacy(ptr, val, mask, boundary_check, cache, eviction)\n  File "/home/lijiaxing/.conda/envs/api/lib/python3.10/site-packages/triton/language/semantic.py", line 1248, in _store_legacy\n    raise ValueError("Value argument cannot be block type if pointer argument is not a block")\nValueError: Value argument cannot be block type if pointer argument is not a block\n', 'runtime_error_name': 'triton.compiler.errors.CompilationError', 'reference_timing_ms': 0.0435, 'speed_up': -1.0, 'custom_timing': -1.0}, 'runtime': -1.0, 'runtime_stats': {}}}
2025-08-08 17:49:03,085 - openevolve.llm.ensemble - INFO - Sampled model: deepseek
2025-08-08 17:49:03,107 - openevolve.threaded_parallel - INFO - Iteration 4: Program 1278c297-0b46-449f-a342-56a1297d4116 (parent: ae0a607e-a678-4135-915b-ef405bfcb4fb) completed in 371.96s
2025-08-08 17:49:03,107 - openevolve.threaded_parallel - INFO - Metrics: compiled=1.0000, correctness=0.0000, score=10.0000, stage=wrong_answer, verify_payload={'id': 'level1_69_conv_transposed_2D__asymmetric_input__asymmetric_kernel', 'result': {'compiled': True, 'correctness': False, 'metadata': {'hardware': 'NVIDIA L20Y', 'device': 'cuda:2', 'runtime_error': 'Traceback (most recent call last):\n  File "/home/lijiaxing/.conda/envs/api/lib/python3.10/site-packages/triton/language/core.py", line 42, in wrapper\n    return fn(*args, **kwargs)\n  File "/home/lijiaxing/.conda/envs/api/lib/python3.10/site-packages/triton/language/core.py", line 2216, in store\n    return _semantic.store(pointer, value, mask, boundary_check, cache_modifier, eviction_policy)\n  File "/home/lijiaxing/.conda/envs/api/lib/python3.10/site-packages/triton/language/semantic.py", line 1292, in store\n    return self._store_legacy(ptr, val, mask, boundary_check, cache, eviction)\n  File "/home/lijiaxing/.conda/envs/api/lib/python3.10/site-packages/triton/language/semantic.py", line 1248, in _store_legacy\n    raise ValueError("Value argument cannot be block type if pointer argument is not a block")\nValueError: Value argument cannot be block type if pointer argument is not a block\n\nThe above exception was the direct cause of the following exception:\n\nTraceback (most recent call last):\n  File "/cpfs01/shared/llm_kernel/hujiakai/KernelLLM/validation_api_server/helpers/evaluations.py", line 720, in run_and_check_correctness\n    output_new = model_new(*inputs)\n  File "/home/lijiaxing/.conda/envs/api/lib/python3.10/site-packages/torch/nn/modules/module.py", line 1773, in _wrapped_call_impl\n    return self._call_impl(*args, **kwargs)\n  File "/home/lijiaxing/.conda/envs/api/lib/python3.10/site-packages/torch/nn/modules/module.py", line 1784, in _call_impl\n    return forward_call(*args, **kwargs)\n  File "/tmp/tmpxk4vhudn.py", line 152, in forward\n    _conv_transpose2d_kernel[grid](\n  File "/home/lijiaxing/.conda/envs/api/lib/python3.10/site-packages/triton/runtime/jit.py", line 390, in <lambda>\n    return lambda *args, **kwargs: self.run(grid=grid, warmup=False, *args, **kwargs)\n  File "/home/lijiaxing/.conda/envs/api/lib/python3.10/site-packages/triton/runtime/jit.py", line 594, in run\n    kernel = self.compile(src, target=target, options=options.__dict__)\n  File "/home/lijiaxing/.conda/envs/api/lib/python3.10/site-packages/triton/compiler/compiler.py", line 339, in compile\n    module = src.make_ir(options, codegen_fns, module_map, context)\n  File "/home/lijiaxing/.conda/envs/api/lib/python3.10/site-packages/triton/compiler/compiler.py", line 83, in make_ir\n    return ast_to_ttir(self.fn, self, context=context, options=options, codegen_fns=codegen_fns,\ntriton.compiler.errors.CompilationError: at 93:4:\n\n    if bias_ptr is not None:\n        bias_val = tl.load(bias_ptr + pid_c)\n        acc += bias_val\n\n    output_offset = (\n        pid_b * output_batch_stride +\n        pid_c * output_channel_stride +\n        h_out * output_height_stride +\n        w_out * output_width_stride\n    )\n    tl.store(output_ptr + output_offset, acc)\n    ^\n\n\nThe above exception was the direct cause of the following exception:\n\nTraceback (most recent call last):\n  File "/home/lijiaxing/.conda/envs/api/lib/python3.10/site-packages/triton/language/core.py", line 42, in wrapper\n    return fn(*args, **kwargs)\n  File "/home/lijiaxing/.conda/envs/api/lib/python3.10/site-packages/triton/language/core.py", line 2216, in store\n    return _semantic.store(pointer, value, mask, boundary_check, cache_modifier, eviction_policy)\n  File "/home/lijiaxing/.conda/envs/api/lib/python3.10/site-packages/triton/language/semantic.py", line 1292, in store\n    return self._store_legacy(ptr, val, mask, boundary_check, cache, eviction)\n  File "/home/lijiaxing/.conda/envs/api/lib/python3.10/site-packages/triton/language/semantic.py", line 1248, in _store_legacy\n    raise ValueError("Value argument cannot be block type if pointer argument is not a block")\nValueError: Value argument cannot be block type if pointer argument is not a block\n', 'runtime_error_name': 'triton.compiler.errors.CompilationError', 'reference_timing_ms': 0.0435, 'speed_up': -1.0, 'custom_timing': -1.0}, 'runtime': -1.0, 'runtime_stats': {}}}
2025-08-08 17:50:05,760 - openevolve.RemoteSpeedupEvaluator - INFO - [level1_69_conv_transposed_2D__asymmetric_input__asymmetric_kernel] âœ˜ invalid_answer 'import triton' is not found
2025-08-08 17:50:05,762 - openevolve.evaluator - INFO - Evaluated program 25eaf5b2-95ff-4871-9fbe-d45b1ec16874 in 0.00s: compiled=0.0000, correctness=0.0000, score=-100.0000, stage=no_valid_triton_code, feedback=You need to generate real and valid triton code for the core function. The key word 'import triton' is not found.
2025-08-08 17:50:05,764 - openevolve.llm.ensemble - INFO - Sampled model: deepseek
2025-08-08 17:50:05,767 - openevolve.database - INFO - New MAP-Elites cell occupied: {'score': -1000, 'complexity': 0}
2025-08-08 17:50:05,774 - openevolve.threaded_parallel - INFO - Iteration 5: Program 25eaf5b2-95ff-4871-9fbe-d45b1ec16874 (parent: 85867d9a-fad8-4ed0-8696-d83bf469923f) completed in 338.22s
2025-08-08 17:50:05,774 - openevolve.threaded_parallel - INFO - Metrics: compiled=0.0000, correctness=0.0000, score=-100.0000, stage=no_valid_triton_code, feedback=You need to generate real and valid triton code for the core function. The key word 'import triton' is not found.
2025-08-08 17:55:15,955 - openevolve.RemoteSpeedupEvaluator - INFO - [level1_69_conv_transposed_2D__asymmetric_input__asymmetric_kernel] triton key words check pass
2025-08-08 17:55:15,956 - openevolve.RemoteSpeedupEvaluator - INFO - [level1_69_conv_transposed_2D__asymmetric_input__asymmetric_kernel] verify_plus payload: reference_code(2372 chars) + custom_code(6155 chars)
2025-08-08 17:55:18,379 - openevolve.RemoteSpeedupEvaluator - INFO - [level1_69_conv_transposed_2D__asymmetric_input__asymmetric_kernel] verify_plus request success
2025-08-08 17:55:18,380 - openevolve.RemoteSpeedupEvaluator - INFO - [level1_69_conv_transposed_2D__asymmetric_input__asymmetric_kernel] verify_plus response: {"id":"level1_69_conv_transposed_2D__asymmetric_input__asymmetric_kernel","result":{"error":"name 'math' is not defined\nTraceback (most recent call last):\n  File \"/cpfs01/shared/llm_kernel/hujiakai/KernelLLM/validation_api_server/evaluator.py\", line 173, in _verification_worker\n    result: KernelExecResult = eval_kernel_against_ref(\n  File \"/cpfs01/shared/llm_kernel/hujiakai/KernelLLM/validation_api_server/helpers/evaluations.py\", line 484, in eval_kernel_against_ref\n    custom_model = ModelNew(*init_args, **init_kwargs)\n  File \"/tmp/tmpd5e9tuvb.py\", line 93, in __init__\n    nn.init.kaiming_uniform_(self.weight, a=math.sqrt(5))\nNameError: name 'math' is not defined\n"}}
2025-08-08 17:55:18,380 - openevolve.RemoteSpeedupEvaluator - INFO - [level1_69_conv_transposed_2D__asymmetric_input__asymmetric_kernel] âœ˜ compile_error
2025-08-08 17:55:18,380 - openevolve.RemoteSpeedupEvaluator - INFO - [level1_69_conv_transposed_2D__asymmetric_input__asymmetric_kernel_2eca58] execute payload: {id:level1_69_conv_transposed_2D__asymmetric_input__asymmetric_kernel_2eca58, device_type:NV_LY_20}
2025-08-08 17:55:20,863 - openevolve.RemoteSpeedupEvaluator - INFO - [level1_69_conv_transposed_2D__asymmetric_input__asymmetric_kernel_2eca58] execute request success
2025-08-08 17:55:20,863 - openevolve.RemoteSpeedupEvaluator - INFO - [level1_69_conv_transposed_2D__asymmetric_input__asymmetric_kernel_2eca58] execute response: {"id":"level1_69_conv_transposed_2D__asymmetric_input__asymmetric_kernel_2eca58","exit_code":"1","content":"[Child] ç»‘å®š GPU 3, torch sees 1 device(s)\n\n[Exception]\nTraceback (most recent call last):\n  File \"/cpfs01/shared/llm_kernel/hujiakai/KernelLLM/validation_api_server/code_executor.py\", line 71, in _exec_worker\n    exec(textwrap.dedent(code_src), mod.__dict__)\n  File \"<string>\", line 8, in <module>\n  File \"/home/lijiaxing/.conda/envs/api/lib/python3.10/site-packages/triton/runtime/jit.py\", line 844, in jit\n    return decorator(fn)\n  File \"/home/lijiaxing/.conda/envs/api/lib/python3.10/site-packages/triton/runtime/jit.py\", line 832, in decorator\n    return JITFunction(\n  File \"/home/lijiaxing/.conda/envs/api/lib/python3.10/site-packages/triton/runtime/jit.py\", line 6
2025-08-08 17:55:20,863 - openevolve.evaluator - INFO - Evaluated program c0b6c308-3e28-4920-b73e-b10dd366c673 in 4.91s: compiled=0.0000, correctness=0.0000, score=1.0000, stage=compile_error, compile_log=name 'math' is not defined
Traceback (most recent call last):
  File "/cpfs01/shared/llm_kernel/hujiakai/KernelLLM/validation_api_server/evaluator.py", line 173, in _verification_worker
    result: KernelExecResult = eval_kernel_against_ref(
  File "/cpfs01/shared/llm_kernel/hujiakai/KernelLLM/validation_api_server/helpers/evaluations.py", line 484, in eval_kernel_against_ref
    custom_model = ModelNew(*init_args, **init_kwargs)
  File "/tmp/tmpd5e9tuvb.py", line 93, in __init__
    nn.init.kaiming_uniform_(self.weight, a=math.sqrt(5))
NameError: name 'math' is not defined
, exec_log=[Child] ç»‘å®š GPU 3, torch sees 1 device(s)

[Exception]
Traceback (most recent call last):
  File "/cpfs01/shared/llm_kernel/hujiakai/KernelLLM/validation_api_server/code_executor.py", line 71, in _exec_worker
    exec(textwrap.dedent(code_src), mod.__dict__)
  File "<string>", line 8, in <module>
  File "/home/lijiaxing/.conda/envs/api/lib/python3.10/site-packages/triton/runtime/jit.py", line 844, in jit
    return decorator(fn)
  File "/home/lijiaxing/.conda/envs/api/lib/python3.10/site-packages/triton/runtime/jit.py", line 832, in decorator
    return JITFunction(
  File "/home/lijiaxing/.conda/envs/api/lib/python3.10/site-packages/triton/runtime/jit.py", line 635, in __init__
    self.starting_line_number = inspect.getsourcelines(fn)[1]
  File "/home/lijiaxing/.conda/envs/api/lib/python3.10/inspect.py", line 1121, in getsourcelines
    lines, lnum = findsource(object)
  File "/home/lijiaxing/.conda/envs/api/lib/python3.10/inspect.py", line 958, in findsource
    raise OSError('could not get source code')
OSError: could not get source code
, exit_code=1
2025-08-08 17:55:20,868 - openevolve.llm.ensemble - INFO - Sampled model: deepseek
2025-08-08 17:55:20,872 - openevolve.database - INFO - New MAP-Elites cell occupied: {'score': 9, 'complexity': 6}
2025-08-08 17:55:20,883 - openevolve.threaded_parallel - INFO - Iteration 3: Program c0b6c308-3e28-4920-b73e-b10dd366c673 (parent: ae0a607e-a678-4135-915b-ef405bfcb4fb) completed in 1011.29s
2025-08-08 17:55:20,883 - openevolve.threaded_parallel - INFO - Metrics: compiled=0.0000, correctness=0.0000, score=1.0000, stage=compile_error, compile_log=name 'math' is not defined
Traceback (most recent call last):
  File "/cpfs01/shared/llm_kernel/hujiakai/KernelLLM/validation_api_server/evaluator.py", line 173, in _verification_worker
    result: KernelExecResult = eval_kernel_against_ref(
  File "/cpfs01/shared/llm_kernel/hujiakai/KernelLLM/validation_api_server/helpers/evaluations.py", line 484, in eval_kernel_against_ref
    custom_model = ModelNew(*init_args, **init_kwargs)
  File "/tmp/tmpd5e9tuvb.py", line 93, in __init__
    nn.init.kaiming_uniform_(self.weight, a=math.sqrt(5))
NameError: name 'math' is not defined
, exec_log=[Child] ç»‘å®š GPU 3, torch sees 1 device(s)

[Exception]
Traceback (most recent call last):
  File "/cpfs01/shared/llm_kernel/hujiakai/KernelLLM/validation_api_server/code_executor.py", line 71, in _exec_worker
    exec(textwrap.dedent(code_src), mod.__dict__)
  File "<string>", line 8, in <module>
  File "/home/lijiaxing/.conda/envs/api/lib/python3.10/site-packages/triton/runtime/jit.py", line 844, in jit
    return decorator(fn)
  File "/home/lijiaxing/.conda/envs/api/lib/python3.10/site-packages/triton/runtime/jit.py", line 832, in decorator
    return JITFunction(
  File "/home/lijiaxing/.conda/envs/api/lib/python3.10/site-packages/triton/runtime/jit.py", line 635, in __init__
    self.starting_line_number = inspect.getsourcelines(fn)[1]
  File "/home/lijiaxing/.conda/envs/api/lib/python3.10/inspect.py", line 1121, in getsourcelines
    lines, lnum = findsource(object)
  File "/home/lijiaxing/.conda/envs/api/lib/python3.10/inspect.py", line 958, in findsource
    raise OSError('could not get source code')
OSError: could not get source code
, exit_code=1
2025-08-08 17:55:20,883 - openevolve.threaded_parallel - INFO - Checkpoint interval reached at iteration 3
2025-08-08 17:55:20,884 - openevolve.database - INFO - Island Status:
2025-08-08 17:55:20,884 - openevolve.database - INFO -    Island 0: 4 programs, best=10.0000, avg=-47.5000, diversity=1787.12, gen=2 (best: 2d34117b-cd0a-4749-8980-2c8fd1f49e98)
2025-08-08 17:55:20,884 - openevolve.database - INFO -    Island 1: 2 programs, best=10.0000, avg=5.5000, diversity=221.70, gen=2 (best: 7086d8c6-b962-4e83-b338-4f425e31c12a)
2025-08-08 17:55:20,884 - openevolve.database - INFO -  * Island 2: 1 programs, best=10.0000, avg=10.0000, diversity=0.00, gen=2 (best: 1278c297-0b46-449f-a342-56a1297d4116)
2025-08-08 17:55:20,965 - openevolve.database - INFO - Saved database with 7 programs to openevolve_output/level1_69_conv_transposed_2D__asymmetric_input__asymmetric_kernel/checkpoints/checkpoint_3
2025-08-08 17:55:20,979 - openevolve.controller - INFO - Saved best program at checkpoint 3 with metrics: compiled=1.0000, correctness=0.0000, score=10.0000, stage=wrong_answer, verify_payload={'id': 'level1_69_conv_transposed_2D__asymmetric_input__asymmetric_kernel', 'result': {'compiled': True, 'correctness': False, 'metadata': {'hardware': 'NVIDIA L20Y', 'device': 'cuda:0', 'runtime_error': 'Traceback (most recent call last):\n  File "/cpfs01/shared/llm_kernel/hujiakai/KernelLLM/validation_api_server/helpers/evaluations.py", line 720, in run_and_check_correctness\n    output_new = model_new(*inputs)\n  File "/home/lijiaxing/.conda/envs/api/lib/python3.10/site-packages/torch/nn/modules/module.py", line 1773, in _wrapped_call_impl\n    return self._call_impl(*args, **kwargs)\n  File "/home/lijiaxing/.conda/envs/api/lib/python3.10/site-packages/torch/nn/modules/module.py", line 1784, in _call_impl\n    return forward_call(*args, **kwargs)\n  File "/tmp/tmp5c8gp4g9.py", line 146, in forward\n    _conv_transpose2d_kernel[grid](\n  File "/home/lijiaxing/.conda/envs/api/lib/python3.10/site-packages/triton/runtime/jit.py", line 390, in <lambda>\n    return lambda *args, **kwargs: self.run(grid=grid, warmup=False, *args, **kwargs)\n  File "/home/lijiaxing/.conda/envs/api/lib/python3.10/site-packages/triton/runtime/jit.py", line 594, in run\n    kernel = self.compile(src, target=target, options=options.__dict__)\n  File "/home/lijiaxing/.conda/envs/api/lib/python3.10/site-packages/triton/compiler/compiler.py", line 339, in compile\n    module = src.make_ir(options, codegen_fns, module_map, context)\n  File "/home/lijiaxing/.conda/envs/api/lib/python3.10/site-packages/triton/compiler/compiler.py", line 83, in make_ir\n    return ast_to_ttir(self.fn, self, context=context, options=options, codegen_fns=codegen_fns,\ntriton.compiler.errors.UnsupportedLanguageConstruct: at 58:23:\n\n    for c_in in range(group_id * in_channels_per_group, (group_id + 1) * in_channels_per_group):\n        for k in range(kernel_h):\n            for l in range(kernel_w):\n                h_in_val = (h_out + padding_h - k * dilation_h)\n                w_in_val = (w_out + padding_w - l * dilation_w)\n\n                if h_in_val % stride_h == 0 and w_in_val % stride_w == 0:\n                    h_in = h_in_val // stride_h\n                    w_in = w_in_val // stride_w\n\n                    if 0 <= h_in < height_in and 0 <= w_in < width_in:\n                       ^\nsimultaneous multiple comparison is not supported\n', 'runtime_error_name': 'triton.compiler.errors.UnsupportedLanguageConstruct', 'reference_timing_ms': 0.0435, 'speed_up': -1.0, 'custom_timing': -1.0}, 'runtime': -1.0, 'runtime_stats': {}}}
2025-08-08 17:55:20,979 - openevolve.controller - INFO - Saved checkpoint at iteration 3 to openevolve_output/level1_69_conv_transposed_2D__asymmetric_input__asymmetric_kernel/checkpoints/checkpoint_3
2025-08-08 17:58:20,373 - openevolve.RemoteSpeedupEvaluator - INFO - [level1_69_conv_transposed_2D__asymmetric_input__asymmetric_kernel] triton key words check pass
2025-08-08 17:58:20,374 - openevolve.RemoteSpeedupEvaluator - INFO - [level1_69_conv_transposed_2D__asymmetric_input__asymmetric_kernel] verify_plus payload: reference_code(2372 chars) + custom_code(6315 chars)
2025-08-08 17:58:23,429 - openevolve.RemoteSpeedupEvaluator - INFO - [level1_69_conv_transposed_2D__asymmetric_input__asymmetric_kernel] verify_plus request success
2025-08-08 17:58:23,430 - openevolve.RemoteSpeedupEvaluator - INFO - [level1_69_conv_transposed_2D__asymmetric_input__asymmetric_kernel] verify_plus response: {"id":"level1_69_conv_transposed_2D__asymmetric_input__asymmetric_kernel","result":{"compiled":true,"correctness":false,"metadata":{"hardware":"NVIDIA L20Y","device":"cuda:2","runtime_error":"Traceback (most recent call last):\n  File \"/home/lijiaxing/.conda/envs/api/lib/python3.10/site-packages/triton/language/core.py\", line 42, in wrapper\n    return fn(*args, **kwargs)\n  File \"/home/lijiaxing/.conda/envs/api/lib/python3.10/site-packages/triton/language/core.py\", line 2216, in store\n    return _semantic.store(pointer, value, mask, boundary_check, cache_modifier, eviction_policy)\n  File \"/home/lijiaxing/.conda/envs/api/lib/python3.10/site-packages/triton/language/semantic.py\", line 1292, in store\n    return self._store_legacy(ptr, val, mask, boundary_check, cache, eviction)\n  F
2025-08-08 17:58:23,430 - openevolve.RemoteSpeedupEvaluator - INFO - [level1_69_conv_transposed_2D__asymmetric_input__asymmetric_kernel] âœ˜ wrong_answer
2025-08-08 17:58:23,430 - openevolve.evaluator - INFO - Evaluated program a0a0ed5b-8fb3-4b1f-8b67-5e73a5e907b0 in 3.06s: compiled=1.0000, correctness=0.0000, score=10.0000, stage=wrong_answer, verify_payload={'id': 'level1_69_conv_transposed_2D__asymmetric_input__asymmetric_kernel', 'result': {'compiled': True, 'correctness': False, 'metadata': {'hardware': 'NVIDIA L20Y', 'device': 'cuda:2', 'runtime_error': 'Traceback (most recent call last):\n  File "/home/lijiaxing/.conda/envs/api/lib/python3.10/site-packages/triton/language/core.py", line 42, in wrapper\n    return fn(*args, **kwargs)\n  File "/home/lijiaxing/.conda/envs/api/lib/python3.10/site-packages/triton/language/core.py", line 2216, in store\n    return _semantic.store(pointer, value, mask, boundary_check, cache_modifier, eviction_policy)\n  File "/home/lijiaxing/.conda/envs/api/lib/python3.10/site-packages/triton/language/semantic.py", line 1292, in store\n    return self._store_legacy(ptr, val, mask, boundary_check, cache, eviction)\n  File "/home/lijiaxing/.conda/envs/api/lib/python3.10/site-packages/triton/language/semantic.py", line 1248, in _store_legacy\n    raise ValueError("Value argument cannot be block type if pointer argument is not a block")\nValueError: Value argument cannot be block type if pointer argument is not a block\n\nThe above exception was the direct cause of the following exception:\n\nTraceback (most recent call last):\n  File "/cpfs01/shared/llm_kernel/hujiakai/KernelLLM/validation_api_server/helpers/evaluations.py", line 720, in run_and_check_correctness\n    output_new = model_new(*inputs)\n  File "/home/lijiaxing/.conda/envs/api/lib/python3.10/site-packages/torch/nn/modules/module.py", line 1773, in _wrapped_call_impl\n    return self._call_impl(*args, **kwargs)\n  File "/home/lijiaxing/.conda/envs/api/lib/python3.10/site-packages/torch/nn/modules/module.py", line 1784, in _call_impl\n    return forward_call(*args, **kwargs)\n  File "/tmp/tmpiopbf6x0.py", line 150, in forward\n    _conv_transpose2d_kernel[grid](\n  File "/home/lijiaxing/.conda/envs/api/lib/python3.10/site-packages/triton/runtime/jit.py", line 390, in <lambda>\n    return lambda *args, **kwargs: self.run(grid=grid, warmup=False, *args, **kwargs)\n  File "/home/lijiaxing/.conda/envs/api/lib/python3.10/site-packages/triton/runtime/jit.py", line 594, in run\n    kernel = self.compile(src, target=target, options=options.__dict__)\n  File "/home/lijiaxing/.conda/envs/api/lib/python3.10/site-packages/triton/compiler/compiler.py", line 339, in compile\n    module = src.make_ir(options, codegen_fns, module_map, context)\n  File "/home/lijiaxing/.conda/envs/api/lib/python3.10/site-packages/triton/compiler/compiler.py", line 83, in make_ir\n    return ast_to_ttir(self.fn, self, context=context, options=options, codegen_fns=codegen_fns,\ntriton.compiler.errors.CompilationError: at 91:4:\n\n    if bias_ptr is not None:\n        bias_val = tl.load(bias_ptr + pid_c)\n        acc += bias_val\n\n    output_offset = (\n        pid_b * output_batch_stride +\n        pid_c * output_channel_stride +\n        h_out * output_height_stride +\n        w_out * output_width_stride\n    )\n    tl.store(output_ptr + output_offset, acc)\n    ^\n\n\nThe above exception was the direct cause of the following exception:\n\nTraceback (most recent call last):\n  File "/home/lijiaxing/.conda/envs/api/lib/python3.10/site-packages/triton/language/core.py", line 42, in wrapper\n    return fn(*args, **kwargs)\n  File "/home/lijiaxing/.conda/envs/api/lib/python3.10/site-packages/triton/language/core.py", line 2216, in store\n    return _semantic.store(pointer, value, mask, boundary_check, cache_modifier, eviction_policy)\n  File "/home/lijiaxing/.conda/envs/api/lib/python3.10/site-packages/triton/language/semantic.py", line 1292, in store\n    return self._store_legacy(ptr, val, mask, boundary_check, cache, eviction)\n  File "/home/lijiaxing/.conda/envs/api/lib/python3.10/site-packages/triton/language/semantic.py", line 1248, in _store_legacy\n    raise ValueError("Value argument cannot be block type if pointer argument is not a block")\nValueError: Value argument cannot be block type if pointer argument is not a block\n', 'runtime_error_name': 'triton.compiler.errors.CompilationError', 'reference_timing_ms': 0.0435, 'speed_up': -1.0, 'custom_timing': -1.0}, 'runtime': -1.0, 'runtime_stats': {}}}
2025-08-08 17:58:23,432 - openevolve.database - INFO - MAP-Elites cell improved: {'score': 9, 'complexity': 6} (fitness: 1.000 -> 10.000)
2025-08-08 17:58:23,435 - openevolve.llm.ensemble - INFO - Sampled model: deepseek
2025-08-08 17:58:23,445 - openevolve.threaded_parallel - INFO - Iteration 7: Program a0a0ed5b-8fb3-4b1f-8b67-5e73a5e907b0 (parent: ae0a607e-a678-4135-915b-ef405bfcb4fb) completed in 497.67s
2025-08-08 17:58:23,446 - openevolve.threaded_parallel - INFO - Metrics: compiled=1.0000, correctness=0.0000, score=10.0000, stage=wrong_answer, verify_payload={'id': 'level1_69_conv_transposed_2D__asymmetric_input__asymmetric_kernel', 'result': {'compiled': True, 'correctness': False, 'metadata': {'hardware': 'NVIDIA L20Y', 'device': 'cuda:2', 'runtime_error': 'Traceback (most recent call last):\n  File "/home/lijiaxing/.conda/envs/api/lib/python3.10/site-packages/triton/language/core.py", line 42, in wrapper\n    return fn(*args, **kwargs)\n  File "/home/lijiaxing/.conda/envs/api/lib/python3.10/site-packages/triton/language/core.py", line 2216, in store\n    return _semantic.store(pointer, value, mask, boundary_check, cache_modifier, eviction_policy)\n  File "/home/lijiaxing/.conda/envs/api/lib/python3.10/site-packages/triton/language/semantic.py", line 1292, in store\n    return self._store_legacy(ptr, val, mask, boundary_check, cache, eviction)\n  File "/home/lijiaxing/.conda/envs/api/lib/python3.10/site-packages/triton/language/semantic.py", line 1248, in _store_legacy\n    raise ValueError("Value argument cannot be block type if pointer argument is not a block")\nValueError: Value argument cannot be block type if pointer argument is not a block\n\nThe above exception was the direct cause of the following exception:\n\nTraceback (most recent call last):\n  File "/cpfs01/shared/llm_kernel/hujiakai/KernelLLM/validation_api_server/helpers/evaluations.py", line 720, in run_and_check_correctness\n    output_new = model_new(*inputs)\n  File "/home/lijiaxing/.conda/envs/api/lib/python3.10/site-packages/torch/nn/modules/module.py", line 1773, in _wrapped_call_impl\n    return self._call_impl(*args, **kwargs)\n  File "/home/lijiaxing/.conda/envs/api/lib/python3.10/site-packages/torch/nn/modules/module.py", line 1784, in _call_impl\n    return forward_call(*args, **kwargs)\n  File "/tmp/tmpiopbf6x0.py", line 150, in forward\n    _conv_transpose2d_kernel[grid](\n  File "/home/lijiaxing/.conda/envs/api/lib/python3.10/site-packages/triton/runtime/jit.py", line 390, in <lambda>\n    return lambda *args, **kwargs: self.run(grid=grid, warmup=False, *args, **kwargs)\n  File "/home/lijiaxing/.conda/envs/api/lib/python3.10/site-packages/triton/runtime/jit.py", line 594, in run\n    kernel = self.compile(src, target=target, options=options.__dict__)\n  File "/home/lijiaxing/.conda/envs/api/lib/python3.10/site-packages/triton/compiler/compiler.py", line 339, in compile\n    module = src.make_ir(options, codegen_fns, module_map, context)\n  File "/home/lijiaxing/.conda/envs/api/lib/python3.10/site-packages/triton/compiler/compiler.py", line 83, in make_ir\n    return ast_to_ttir(self.fn, self, context=context, options=options, codegen_fns=codegen_fns,\ntriton.compiler.errors.CompilationError: at 91:4:\n\n    if bias_ptr is not None:\n        bias_val = tl.load(bias_ptr + pid_c)\n        acc += bias_val\n\n    output_offset = (\n        pid_b * output_batch_stride +\n        pid_c * output_channel_stride +\n        h_out * output_height_stride +\n        w_out * output_width_stride\n    )\n    tl.store(output_ptr + output_offset, acc)\n    ^\n\n\nThe above exception was the direct cause of the following exception:\n\nTraceback (most recent call last):\n  File "/home/lijiaxing/.conda/envs/api/lib/python3.10/site-packages/triton/language/core.py", line 42, in wrapper\n    return fn(*args, **kwargs)\n  File "/home/lijiaxing/.conda/envs/api/lib/python3.10/site-packages/triton/language/core.py", line 2216, in store\n    return _semantic.store(pointer, value, mask, boundary_check, cache_modifier, eviction_policy)\n  File "/home/lijiaxing/.conda/envs/api/lib/python3.10/site-packages/triton/language/semantic.py", line 1292, in store\n    return self._store_legacy(ptr, val, mask, boundary_check, cache, eviction)\n  File "/home/lijiaxing/.conda/envs/api/lib/python3.10/site-packages/triton/language/semantic.py", line 1248, in _store_legacy\n    raise ValueError("Value argument cannot be block type if pointer argument is not a block")\nValueError: Value argument cannot be block type if pointer argument is not a block\n', 'runtime_error_name': 'triton.compiler.errors.CompilationError', 'reference_timing_ms': 0.0435, 'speed_up': -1.0, 'custom_timing': -1.0}, 'runtime': -1.0, 'runtime_stats': {}}}
2025-08-08 18:02:21,207 - openevolve.RemoteSpeedupEvaluator - INFO - [level1_69_conv_transposed_2D__asymmetric_input__asymmetric_kernel] triton key words check pass
2025-08-08 18:02:21,209 - openevolve.RemoteSpeedupEvaluator - INFO - [level1_69_conv_transposed_2D__asymmetric_input__asymmetric_kernel] verify_plus payload: reference_code(2372 chars) + custom_code(6263 chars)
2025-08-08 18:02:24,251 - openevolve.RemoteSpeedupEvaluator - INFO - [level1_69_conv_transposed_2D__asymmetric_input__asymmetric_kernel] verify_plus request success
2025-08-08 18:02:24,251 - openevolve.RemoteSpeedupEvaluator - INFO - [level1_69_conv_transposed_2D__asymmetric_input__asymmetric_kernel] verify_plus response: {"id":"level1_69_conv_transposed_2D__asymmetric_input__asymmetric_kernel","result":{"compiled":true,"correctness":false,"metadata":{"hardware":"NVIDIA L20Y","device":"cuda:0","runtime_error":"Traceback (most recent call last):\n  File \"/cpfs01/shared/llm_kernel/hujiakai/KernelLLM/validation_api_server/helpers/evaluations.py\", line 720, in run_and_check_correctness\n    output_new = model_new(*inputs)\n  File \"/home/lijiaxing/.conda/envs/api/lib/python3.10/site-packages/torch/nn/modules/module.py\", line 1773, in _wrapped_call_impl\n    return self._call_impl(*args, **kwargs)\n  File \"/home/lijiaxing/.conda/envs/api/lib/python3.10/site-packages/torch/nn/modules/module.py\", line 1784, in _call_impl\n    return forward_call(*args, **kwargs)\n  File \"/tmp/tmp9n118o7w.py\", line 137, in f
2025-08-08 18:02:24,251 - openevolve.RemoteSpeedupEvaluator - INFO - [level1_69_conv_transposed_2D__asymmetric_input__asymmetric_kernel] âœ˜ wrong_answer
2025-08-08 18:02:24,251 - openevolve.evaluator - INFO - Evaluated program 919a96d0-46ab-4182-b06b-627b85ec97c0 in 3.04s: compiled=1.0000, correctness=0.0000, score=10.0000, stage=wrong_answer, verify_payload={'id': 'level1_69_conv_transposed_2D__asymmetric_input__asymmetric_kernel', 'result': {'compiled': True, 'correctness': False, 'metadata': {'hardware': 'NVIDIA L20Y', 'device': 'cuda:0', 'runtime_error': 'Traceback (most recent call last):\n  File "/cpfs01/shared/llm_kernel/hujiakai/KernelLLM/validation_api_server/helpers/evaluations.py", line 720, in run_and_check_correctness\n    output_new = model_new(*inputs)\n  File "/home/lijiaxing/.conda/envs/api/lib/python3.10/site-packages/torch/nn/modules/module.py", line 1773, in _wrapped_call_impl\n    return self._call_impl(*args, **kwargs)\n  File "/home/lijiaxing/.conda/envs/api/lib/python3.10/site-packages/torch/nn/modules/module.py", line 1784, in _call_impl\n    return forward_call(*args, **kwargs)\n  File "/tmp/tmp9n118o7w.py", line 137, in forward\n    conv_transpose2d_kernel[grid](\n  File "/home/lijiaxing/.conda/envs/api/lib/python3.10/site-packages/triton/runtime/jit.py", line 390, in <lambda>\n    return lambda *args, **kwargs: self.run(grid=grid, warmup=False, *args, **kwargs)\n  File "/home/lijiaxing/.conda/envs/api/lib/python3.10/site-packages/triton/runtime/jit.py", line 610, in run\n    grid = grid(bound_args)\n  File "/tmp/tmp9n118o7w.py", line 133, in <lambda>\n    triton.cdiv(H_out, opt.BLOCK_H),\nAttributeError: \'dict\' object has no attribute \'BLOCK_H\'\n', 'runtime_error_name': 'builtins.AttributeError', 'reference_timing_ms': 0.0435, 'speed_up': -1.0, 'custom_timing': -1.0}, 'runtime': -1.0, 'runtime_stats': {}}}
2025-08-08 18:02:24,255 - openevolve.llm.ensemble - INFO - Sampled model: deepseek
2025-08-08 18:02:24,265 - openevolve.threaded_parallel - INFO - Iteration 6: Program 919a96d0-46ab-4182-b06b-627b85ec97c0 (parent: 7086d8c6-b962-4e83-b338-4f425e31c12a) completed in 801.17s
2025-08-08 18:02:24,265 - openevolve.threaded_parallel - INFO - Metrics: compiled=1.0000, correctness=0.0000, score=10.0000, stage=wrong_answer, verify_payload={'id': 'level1_69_conv_transposed_2D__asymmetric_input__asymmetric_kernel', 'result': {'compiled': True, 'correctness': False, 'metadata': {'hardware': 'NVIDIA L20Y', 'device': 'cuda:0', 'runtime_error': 'Traceback (most recent call last):\n  File "/cpfs01/shared/llm_kernel/hujiakai/KernelLLM/validation_api_server/helpers/evaluations.py", line 720, in run_and_check_correctness\n    output_new = model_new(*inputs)\n  File "/home/lijiaxing/.conda/envs/api/lib/python3.10/site-packages/torch/nn/modules/module.py", line 1773, in _wrapped_call_impl\n    return self._call_impl(*args, **kwargs)\n  File "/home/lijiaxing/.conda/envs/api/lib/python3.10/site-packages/torch/nn/modules/module.py", line 1784, in _call_impl\n    return forward_call(*args, **kwargs)\n  File "/tmp/tmp9n118o7w.py", line 137, in forward\n    conv_transpose2d_kernel[grid](\n  File "/home/lijiaxing/.conda/envs/api/lib/python3.10/site-packages/triton/runtime/jit.py", line 390, in <lambda>\n    return lambda *args, **kwargs: self.run(grid=grid, warmup=False, *args, **kwargs)\n  File "/home/lijiaxing/.conda/envs/api/lib/python3.10/site-packages/triton/runtime/jit.py", line 610, in run\n    grid = grid(bound_args)\n  File "/tmp/tmp9n118o7w.py", line 133, in <lambda>\n    triton.cdiv(H_out, opt.BLOCK_H),\nAttributeError: \'dict\' object has no attribute \'BLOCK_H\'\n', 'runtime_error_name': 'builtins.AttributeError', 'reference_timing_ms': 0.0435, 'speed_up': -1.0, 'custom_timing': -1.0}, 'runtime': -1.0, 'runtime_stats': {}}}
2025-08-08 18:02:24,266 - openevolve.threaded_parallel - INFO - Checkpoint interval reached at iteration 6
2025-08-08 18:02:24,266 - openevolve.database - INFO - Island Status:
2025-08-08 18:02:24,267 - openevolve.database - INFO -    Island 0: 5 programs, best=10.0000, avg=-36.0000, diversity=1511.43, gen=3 (best: 2d34117b-cd0a-4749-8980-2c8fd1f49e98)
2025-08-08 18:02:24,267 - openevolve.database - INFO -  * Island 1: 2 programs, best=10.0000, avg=5.5000, diversity=221.70, gen=3 (best: 7086d8c6-b962-4e83-b338-4f425e31c12a)
2025-08-08 18:02:24,267 - openevolve.database - INFO -    Island 2: 2 programs, best=10.0000, avg=10.0000, diversity=16.70, gen=2 (best: 1278c297-0b46-449f-a342-56a1297d4116)
2025-08-08 18:02:24,371 - openevolve.database - INFO - Saved database with 9 programs to openevolve_output/level1_69_conv_transposed_2D__asymmetric_input__asymmetric_kernel/checkpoints/checkpoint_6
2025-08-08 18:02:24,388 - openevolve.controller - INFO - Saved best program at checkpoint 6 with metrics: compiled=1.0000, correctness=0.0000, score=10.0000, stage=wrong_answer, verify_payload={'id': 'level1_69_conv_transposed_2D__asymmetric_input__asymmetric_kernel', 'result': {'compiled': True, 'correctness': False, 'metadata': {'hardware': 'NVIDIA L20Y', 'device': 'cuda:0', 'runtime_error': 'Traceback (most recent call last):\n  File "/cpfs01/shared/llm_kernel/hujiakai/KernelLLM/validation_api_server/helpers/evaluations.py", line 720, in run_and_check_correctness\n    output_new = model_new(*inputs)\n  File "/home/lijiaxing/.conda/envs/api/lib/python3.10/site-packages/torch/nn/modules/module.py", line 1773, in _wrapped_call_impl\n    return self._call_impl(*args, **kwargs)\n  File "/home/lijiaxing/.conda/envs/api/lib/python3.10/site-packages/torch/nn/modules/module.py", line 1784, in _call_impl\n    return forward_call(*args, **kwargs)\n  File "/tmp/tmp5c8gp4g9.py", line 146, in forward\n    _conv_transpose2d_kernel[grid](\n  File "/home/lijiaxing/.conda/envs/api/lib/python3.10/site-packages/triton/runtime/jit.py", line 390, in <lambda>\n    return lambda *args, **kwargs: self.run(grid=grid, warmup=False, *args, **kwargs)\n  File "/home/lijiaxing/.conda/envs/api/lib/python3.10/site-packages/triton/runtime/jit.py", line 594, in run\n    kernel = self.compile(src, target=target, options=options.__dict__)\n  File "/home/lijiaxing/.conda/envs/api/lib/python3.10/site-packages/triton/compiler/compiler.py", line 339, in compile\n    module = src.make_ir(options, codegen_fns, module_map, context)\n  File "/home/lijiaxing/.conda/envs/api/lib/python3.10/site-packages/triton/compiler/compiler.py", line 83, in make_ir\n    return ast_to_ttir(self.fn, self, context=context, options=options, codegen_fns=codegen_fns,\ntriton.compiler.errors.UnsupportedLanguageConstruct: at 58:23:\n\n    for c_in in range(group_id * in_channels_per_group, (group_id + 1) * in_channels_per_group):\n        for k in range(kernel_h):\n            for l in range(kernel_w):\n                h_in_val = (h_out + padding_h - k * dilation_h)\n                w_in_val = (w_out + padding_w - l * dilation_w)\n\n                if h_in_val % stride_h == 0 and w_in_val % stride_w == 0:\n                    h_in = h_in_val // stride_h\n                    w_in = w_in_val // stride_w\n\n                    if 0 <= h_in < height_in and 0 <= w_in < width_in:\n                       ^\nsimultaneous multiple comparison is not supported\n', 'runtime_error_name': 'triton.compiler.errors.UnsupportedLanguageConstruct', 'reference_timing_ms': 0.0435, 'speed_up': -1.0, 'custom_timing': -1.0}, 'runtime': -1.0, 'runtime_stats': {}}}
2025-08-08 18:02:24,388 - openevolve.controller - INFO - Saved checkpoint at iteration 6 to openevolve_output/level1_69_conv_transposed_2D__asymmetric_input__asymmetric_kernel/checkpoints/checkpoint_6
2025-08-08 18:04:39,292 - openevolve.RemoteSpeedupEvaluator - INFO - [level1_69_conv_transposed_2D__asymmetric_input__asymmetric_kernel] triton key words check pass
2025-08-08 18:04:39,293 - openevolve.RemoteSpeedupEvaluator - INFO - [level1_69_conv_transposed_2D__asymmetric_input__asymmetric_kernel] verify_plus payload: reference_code(2372 chars) + custom_code(6216 chars)
2025-08-08 18:04:46,184 - openevolve.RemoteSpeedupEvaluator - INFO - [level1_69_conv_transposed_2D__asymmetric_input__asymmetric_kernel] verify_plus request success
2025-08-08 18:04:46,185 - openevolve.RemoteSpeedupEvaluator - INFO - [level1_69_conv_transposed_2D__asymmetric_input__asymmetric_kernel] verify_plus response: {"id":"level1_69_conv_transposed_2D__asymmetric_input__asymmetric_kernel","result":{"compiled":true,"correctness":true,"metadata":{"hardware":"NVIDIA L20Y","device":"cuda:3","correctness_trials":"(5 / 5)","reference_timing_ms":0.0435,"speed_up":0.001,"custom_timing":30.5},"runtime":30.5,"runtime_stats":{"mean":30.5,"std":0.0571,"min":30.5,"max":30.8,"num_trials":100,"hardware":"NVIDIA L20Y","device":"cuda:3"}}}
2025-08-08 18:04:46,185 - openevolve.RemoteSpeedupEvaluator - INFO - [level1_69_conv_transposed_2D__asymmetric_input__asymmetric_kernel] âœ” success | speed_up=0.001  score=20.00
2025-08-08 18:04:46,186 - openevolve.evaluator - INFO - Evaluated program 9e948797-e963-48e6-ac29-5fb7ccd6f501 in 6.89s: compiled=1.0000, correctness=1.0000, stage=success, passed=0.0000, score=20.0000, speed_up=0.0010, runtime_ms=30.5000, meta={'hardware': 'NVIDIA L20Y', 'device': 'cuda:3', 'correctness_trials': '(5 / 5)', 'reference_timing_ms': 0.0435, 'speed_up': 0.001, 'custom_timing': 30.5}
2025-08-08 18:04:46,190 - openevolve.llm.ensemble - INFO - Sampled model: deepseek
2025-08-08 18:04:46,191 - openevolve.database - INFO - MAP-Elites cell improved: {'score': 9, 'complexity': 6} (fitness: 10.000 -> 20.000)
2025-08-08 18:04:46,191 - openevolve.database - INFO - New best program 9e948797-e963-48e6-ac29-5fb7ccd6f501 replaces 2d34117b-cd0a-4749-8980-2c8fd1f49e98
2025-08-08 18:04:46,202 - openevolve.threaded_parallel - INFO - Iteration 9: Program 9e948797-e963-48e6-ac29-5fb7ccd6f501 (parent: 1278c297-0b46-449f-a342-56a1297d4116) completed in 382.75s
2025-08-08 18:04:46,202 - openevolve.threaded_parallel - INFO - Metrics: compiled=1.0000, correctness=1.0000, stage=success, passed=0.0000, score=20.0000, speed_up=0.0010, runtime_ms=30.5000, meta={'hardware': 'NVIDIA L20Y', 'device': 'cuda:3', 'correctness_trials': '(5 / 5)', 'reference_timing_ms': 0.0435, 'speed_up': 0.001, 'custom_timing': 30.5}
2025-08-08 18:04:46,203 - openevolve.threaded_parallel - INFO - ðŸŒŸ New best solution found at iteration 9: 9e948797-e963-48e6-ac29-5fb7ccd6f501
2025-08-08 18:04:46,203 - openevolve.threaded_parallel - INFO - Checkpoint interval reached at iteration 9
2025-08-08 18:04:46,204 - openevolve.database - INFO - Island Status:
2025-08-08 18:04:46,204 - openevolve.database - INFO -    Island 0: 5 programs, best=10.0000, avg=-36.0000, diversity=1511.43, gen=3 (best: 2d34117b-cd0a-4749-8980-2c8fd1f49e98)
2025-08-08 18:04:46,204 - openevolve.database - INFO -    Island 1: 3 programs, best=20.0000, avg=10.3333, diversity=325.87, gen=3 (best: 9e948797-e963-48e6-ac29-5fb7ccd6f501)
2025-08-08 18:04:46,204 - openevolve.database - INFO -  * Island 2: 2 programs, best=10.0000, avg=10.0000, diversity=16.70, gen=3 (best: 1278c297-0b46-449f-a342-56a1297d4116)
2025-08-08 18:04:46,359 - openevolve.database - INFO - Saved database with 10 programs to openevolve_output/level1_69_conv_transposed_2D__asymmetric_input__asymmetric_kernel/checkpoints/checkpoint_9
2025-08-08 18:04:46,374 - openevolve.controller - INFO - Saved best program at checkpoint 9 with metrics: compiled=1.0000, correctness=1.0000, stage=success, passed=0.0000, score=20.0000, speed_up=0.0010, runtime_ms=30.5000, meta={'hardware': 'NVIDIA L20Y', 'device': 'cuda:3', 'correctness_trials': '(5 / 5)', 'reference_timing_ms': 0.0435, 'speed_up': 0.001, 'custom_timing': 30.5}
2025-08-08 18:04:46,374 - openevolve.controller - INFO - Saved checkpoint at iteration 9 to openevolve_output/level1_69_conv_transposed_2D__asymmetric_input__asymmetric_kernel/checkpoints/checkpoint_9
2025-08-08 18:08:45,074 - openevolve.RemoteSpeedupEvaluator - INFO - [level1_69_conv_transposed_2D__asymmetric_input__asymmetric_kernel] triton key words check pass
2025-08-08 18:08:45,076 - openevolve.RemoteSpeedupEvaluator - INFO - [level1_69_conv_transposed_2D__asymmetric_input__asymmetric_kernel] verify_plus payload: reference_code(2372 chars) + custom_code(6311 chars)
2025-08-08 18:08:48,225 - openevolve.RemoteSpeedupEvaluator - INFO - [level1_69_conv_transposed_2D__asymmetric_input__asymmetric_kernel] verify_plus request success
2025-08-08 18:08:48,225 - openevolve.RemoteSpeedupEvaluator - INFO - [level1_69_conv_transposed_2D__asymmetric_input__asymmetric_kernel] verify_plus response: {"id":"level1_69_conv_transposed_2D__asymmetric_input__asymmetric_kernel","result":{"compiled":true,"correctness":false,"metadata":{"hardware":"NVIDIA L20Y","device":"cuda:6","runtime_error":"Traceback (most recent call last):\n  File \"/cpfs01/shared/llm_kernel/hujiakai/KernelLLM/validation_api_server/helpers/evaluations.py\", line 720, in run_and_check_correctness\n    output_new = model_new(*inputs)\n  File \"/home/lijiaxing/.conda/envs/api/lib/python3.10/site-packages/torch/nn/modules/module.py\", line 1773, in _wrapped_call_impl\n    return self._call_impl(*args, **kwargs)\n  File \"/home/lijiaxing/.conda/envs/api/lib/python3.10/site-packages/torch/nn/modules/module.py\", line 1784, in _call_impl\n    return forward_call(*args, **kwargs)\n  File \"/tmp/tmpjfhfnukw.py\", line 140, in f
2025-08-08 18:08:48,226 - openevolve.RemoteSpeedupEvaluator - INFO - [level1_69_conv_transposed_2D__asymmetric_input__asymmetric_kernel] âœ˜ wrong_answer
2025-08-08 18:08:48,226 - openevolve.evaluator - INFO - Evaluated program 259e3209-d7fd-4562-9325-9f58996ff008 in 3.15s: compiled=1.0000, correctness=0.0000, score=10.0000, stage=wrong_answer, verify_payload={'id': 'level1_69_conv_transposed_2D__asymmetric_input__asymmetric_kernel', 'result': {'compiled': True, 'correctness': False, 'metadata': {'hardware': 'NVIDIA L20Y', 'device': 'cuda:6', 'runtime_error': 'Traceback (most recent call last):\n  File "/cpfs01/shared/llm_kernel/hujiakai/KernelLLM/validation_api_server/helpers/evaluations.py", line 720, in run_and_check_correctness\n    output_new = model_new(*inputs)\n  File "/home/lijiaxing/.conda/envs/api/lib/python3.10/site-packages/torch/nn/modules/module.py", line 1773, in _wrapped_call_impl\n    return self._call_impl(*args, **kwargs)\n  File "/home/lijiaxing/.conda/envs/api/lib/python3.10/site-packages/torch/nn/modules/module.py", line 1784, in _call_impl\n    return forward_call(*args, **kwargs)\n  File "/tmp/tmpjfhfnukw.py", line 140, in forward\n    conv_transpose2d_kernel[grid](\n  File "/home/lijiaxing/.conda/envs/api/lib/python3.10/site-packages/triton/runtime/jit.py", line 390, in <lambda>\n    return lambda *args, **kwargs: self.run(grid=grid, warmup=False, *args, **kwargs)\n  File "/home/lijiaxing/.conda/envs/api/lib/python3.10/site-packages/triton/runtime/jit.py", line 610, in run\n    grid = grid(bound_args)\n  File "/tmp/tmpjfhfnukw.py", line 136, in <lambda>\n    triton.cdiv(H_out, opt.BLOCK_H),\nAttributeError: \'dict\' object has no attribute \'BLOCK_H\'\n', 'runtime_error_name': 'builtins.AttributeError', 'reference_timing_ms': 0.0435, 'speed_up': -1.0, 'custom_timing': -1.0}, 'runtime': -1.0, 'runtime_stats': {}}}
2025-08-08 18:08:48,229 - openevolve.llm.ensemble - INFO - Sampled model: deepseek
2025-08-08 18:08:48,243 - openevolve.threaded_parallel - INFO - Iteration 8: Program 259e3209-d7fd-4562-9325-9f58996ff008 (parent: 7086d8c6-b962-4e83-b338-4f425e31c12a) completed in 807.36s
2025-08-08 18:08:48,243 - openevolve.threaded_parallel - INFO - Metrics: compiled=1.0000, correctness=0.0000, score=10.0000, stage=wrong_answer, verify_payload={'id': 'level1_69_conv_transposed_2D__asymmetric_input__asymmetric_kernel', 'result': {'compiled': True, 'correctness': False, 'metadata': {'hardware': 'NVIDIA L20Y', 'device': 'cuda:6', 'runtime_error': 'Traceback (most recent call last):\n  File "/cpfs01/shared/llm_kernel/hujiakai/KernelLLM/validation_api_server/helpers/evaluations.py", line 720, in run_and_check_correctness\n    output_new = model_new(*inputs)\n  File "/home/lijiaxing/.conda/envs/api/lib/python3.10/site-packages/torch/nn/modules/module.py", line 1773, in _wrapped_call_impl\n    return self._call_impl(*args, **kwargs)\n  File "/home/lijiaxing/.conda/envs/api/lib/python3.10/site-packages/torch/nn/modules/module.py", line 1784, in _call_impl\n    return forward_call(*args, **kwargs)\n  File "/tmp/tmpjfhfnukw.py", line 140, in forward\n    conv_transpose2d_kernel[grid](\n  File "/home/lijiaxing/.conda/envs/api/lib/python3.10/site-packages/triton/runtime/jit.py", line 390, in <lambda>\n    return lambda *args, **kwargs: self.run(grid=grid, warmup=False, *args, **kwargs)\n  File "/home/lijiaxing/.conda/envs/api/lib/python3.10/site-packages/triton/runtime/jit.py", line 610, in run\n    grid = grid(bound_args)\n  File "/tmp/tmpjfhfnukw.py", line 136, in <lambda>\n    triton.cdiv(H_out, opt.BLOCK_H),\nAttributeError: \'dict\' object has no attribute \'BLOCK_H\'\n', 'runtime_error_name': 'builtins.AttributeError', 'reference_timing_ms': 0.0435, 'speed_up': -1.0, 'custom_timing': -1.0}, 'runtime': -1.0, 'runtime_stats': {}}}
2025-08-08 18:13:22,456 - openevolve.RemoteSpeedupEvaluator - INFO - [level1_69_conv_transposed_2D__asymmetric_input__asymmetric_kernel] âœ˜ invalid_answer 'import triton' is not found
2025-08-08 18:13:22,457 - openevolve.evaluator - INFO - Evaluated program c6279443-9cba-40c6-8cc0-6259ce8888e5 in 0.00s: compiled=0.0000, correctness=0.0000, score=-100.0000, stage=no_valid_triton_code, feedback=You need to generate real and valid triton code for the core function. The key word 'import triton' is not found.
2025-08-08 18:13:22,460 - openevolve.llm.ensemble - INFO - Sampled model: deepseek
2025-08-08 18:13:22,467 - openevolve.threaded_parallel - INFO - Iteration 10: Program c6279443-9cba-40c6-8cc0-6259ce8888e5 (parent: 85867d9a-fad8-4ed0-8696-d83bf469923f) completed in 658.20s
2025-08-08 18:13:22,467 - openevolve.threaded_parallel - INFO - Metrics: compiled=0.0000, correctness=0.0000, score=-100.0000, stage=no_valid_triton_code, feedback=You need to generate real and valid triton code for the core function. The key word 'import triton' is not found.
2025-08-08 18:14:20,484 - openevolve.RemoteSpeedupEvaluator - INFO - [level1_69_conv_transposed_2D__asymmetric_input__asymmetric_kernel] triton key words check pass
2025-08-08 18:14:20,485 - openevolve.RemoteSpeedupEvaluator - INFO - [level1_69_conv_transposed_2D__asymmetric_input__asymmetric_kernel] verify_plus payload: reference_code(2372 chars) + custom_code(6267 chars)
2025-08-08 18:14:23,581 - openevolve.RemoteSpeedupEvaluator - INFO - [level1_69_conv_transposed_2D__asymmetric_input__asymmetric_kernel] verify_plus request success
2025-08-08 18:14:23,582 - openevolve.RemoteSpeedupEvaluator - INFO - [level1_69_conv_transposed_2D__asymmetric_input__asymmetric_kernel] verify_plus response: {"id":"level1_69_conv_transposed_2D__asymmetric_input__asymmetric_kernel","result":{"compiled":true,"correctness":false,"metadata":{"hardware":"NVIDIA L20Y","device":"cuda:6","runtime_error":"Traceback (most recent call last):\n  File \"/cpfs01/shared/llm_kernel/hujiakai/KernelLLM/validation_api_server/helpers/evaluations.py\", line 720, in run_and_check_correctness\n    output_new = model_new(*inputs)\n  File \"/home/lijiaxing/.conda/envs/api/lib/python3.10/site-packages/torch/nn/modules/module.py\", line 1773, in _wrapped_call_impl\n    return self._call_impl(*args, **kwargs)\n  File \"/home/lijiaxing/.conda/envs/api/lib/python3.10/site-packages/torch/nn/modules/module.py\", line 1784, in _call_impl\n    return forward_call(*args, **kwargs)\n  File \"/tmp/tmpnfzjq5s_.py\", line 137, in f
2025-08-08 18:14:23,582 - openevolve.RemoteSpeedupEvaluator - INFO - [level1_69_conv_transposed_2D__asymmetric_input__asymmetric_kernel] âœ˜ wrong_answer
2025-08-08 18:14:23,582 - openevolve.evaluator - INFO - Evaluated program d48c18c4-2720-4054-bb7e-5aefa528be4a in 3.10s: compiled=1.0000, correctness=0.0000, score=10.0000, stage=wrong_answer, verify_payload={'id': 'level1_69_conv_transposed_2D__asymmetric_input__asymmetric_kernel', 'result': {'compiled': True, 'correctness': False, 'metadata': {'hardware': 'NVIDIA L20Y', 'device': 'cuda:6', 'runtime_error': 'Traceback (most recent call last):\n  File "/cpfs01/shared/llm_kernel/hujiakai/KernelLLM/validation_api_server/helpers/evaluations.py", line 720, in run_and_check_correctness\n    output_new = model_new(*inputs)\n  File "/home/lijiaxing/.conda/envs/api/lib/python3.10/site-packages/torch/nn/modules/module.py", line 1773, in _wrapped_call_impl\n    return self._call_impl(*args, **kwargs)\n  File "/home/lijiaxing/.conda/envs/api/lib/python3.10/site-packages/torch/nn/modules/module.py", line 1784, in _call_impl\n    return forward_call(*args, **kwargs)\n  File "/tmp/tmpnfzjq5s_.py", line 137, in forward\n    conv_transpose2d_kernel[grid](\n  File "/home/lijiaxing/.conda/envs/api/lib/python3.10/site-packages/triton/runtime/jit.py", line 390, in <lambda>\n    return lambda *args, **kwargs: self.run(grid=grid, warmup=False, *args, **kwargs)\n  File "/home/lijiaxing/.conda/envs/api/lib/python3.10/site-packages/triton/runtime/jit.py", line 610, in run\n    grid = grid(bound_args)\n  File "/tmp/tmpnfzjq5s_.py", line 133, in <lambda>\n    triton.cdiv(H_out, opt.BLOCK_H),\nAttributeError: \'dict\' object has no attribute \'BLOCK_H\'\n', 'runtime_error_name': 'builtins.AttributeError', 'reference_timing_ms': 0.0435, 'speed_up': -1.0, 'custom_timing': -1.0}, 'runtime': -1.0, 'runtime_stats': {}}}
2025-08-08 18:14:23,586 - openevolve.llm.ensemble - INFO - Sampled model: deepseek
2025-08-08 18:14:23,603 - openevolve.threaded_parallel - INFO - Iteration 11: Program d48c18c4-2720-4054-bb7e-5aefa528be4a (parent: 7086d8c6-b962-4e83-b338-4f425e31c12a) completed in 577.39s
2025-08-08 18:14:23,603 - openevolve.threaded_parallel - INFO - Metrics: compiled=1.0000, correctness=0.0000, score=10.0000, stage=wrong_answer, verify_payload={'id': 'level1_69_conv_transposed_2D__asymmetric_input__asymmetric_kernel', 'result': {'compiled': True, 'correctness': False, 'metadata': {'hardware': 'NVIDIA L20Y', 'device': 'cuda:6', 'runtime_error': 'Traceback (most recent call last):\n  File "/cpfs01/shared/llm_kernel/hujiakai/KernelLLM/validation_api_server/helpers/evaluations.py", line 720, in run_and_check_correctness\n    output_new = model_new(*inputs)\n  File "/home/lijiaxing/.conda/envs/api/lib/python3.10/site-packages/torch/nn/modules/module.py", line 1773, in _wrapped_call_impl\n    return self._call_impl(*args, **kwargs)\n  File "/home/lijiaxing/.conda/envs/api/lib/python3.10/site-packages/torch/nn/modules/module.py", line 1784, in _call_impl\n    return forward_call(*args, **kwargs)\n  File "/tmp/tmpnfzjq5s_.py", line 137, in forward\n    conv_transpose2d_kernel[grid](\n  File "/home/lijiaxing/.conda/envs/api/lib/python3.10/site-packages/triton/runtime/jit.py", line 390, in <lambda>\n    return lambda *args, **kwargs: self.run(grid=grid, warmup=False, *args, **kwargs)\n  File "/home/lijiaxing/.conda/envs/api/lib/python3.10/site-packages/triton/runtime/jit.py", line 610, in run\n    grid = grid(bound_args)\n  File "/tmp/tmpnfzjq5s_.py", line 133, in <lambda>\n    triton.cdiv(H_out, opt.BLOCK_H),\nAttributeError: \'dict\' object has no attribute \'BLOCK_H\'\n', 'runtime_error_name': 'builtins.AttributeError', 'reference_timing_ms': 0.0435, 'speed_up': -1.0, 'custom_timing': -1.0}, 'runtime': -1.0, 'runtime_stats': {}}}
2025-08-08 18:17:07,206 - openevolve.RemoteSpeedupEvaluator - INFO - [level1_69_conv_transposed_2D__asymmetric_input__asymmetric_kernel] âœ˜ invalid_answer 'import triton' is not found
2025-08-08 18:17:07,207 - openevolve.evaluator - INFO - Evaluated program 171f8861-a3ea-4d89-aa74-7d89d6661ddc in 0.00s: compiled=0.0000, correctness=0.0000, score=-100.0000, stage=no_valid_triton_code, feedback=You need to generate real and valid triton code for the core function. The key word 'import triton' is not found.
2025-08-08 18:17:07,211 - openevolve.llm.ensemble - INFO - Sampled model: deepseek
2025-08-08 18:17:07,223 - openevolve.threaded_parallel - INFO - Iteration 12: Program 171f8861-a3ea-4d89-aa74-7d89d6661ddc (parent: 1278c297-0b46-449f-a342-56a1297d4116) completed in 498.98s
2025-08-08 18:17:07,223 - openevolve.threaded_parallel - INFO - Metrics: compiled=0.0000, correctness=0.0000, score=-100.0000, stage=no_valid_triton_code, feedback=You need to generate real and valid triton code for the core function. The key word 'import triton' is not found.
2025-08-08 18:17:07,224 - openevolve.threaded_parallel - INFO - Checkpoint interval reached at iteration 12
2025-08-08 18:17:07,225 - openevolve.database - INFO - Island Status:
2025-08-08 18:17:07,226 - openevolve.database - INFO -  * Island 0: 6 programs, best=10.0000, avg=-46.6667, diversity=1511.43, gen=5 (best: 2d34117b-cd0a-4749-8980-2c8fd1f49e98)
2025-08-08 18:17:07,226 - openevolve.database - INFO -    Island 1: 4 programs, best=20.0000, avg=10.2500, diversity=249.63, gen=4 (best: 9e948797-e963-48e6-ac29-5fb7ccd6f501)
2025-08-08 18:17:07,226 - openevolve.database - INFO -    Island 2: 4 programs, best=10.0000, avg=-17.5000, diversity=1257.02, gen=4 (best: 1278c297-0b46-449f-a342-56a1297d4116)
2025-08-08 18:17:07,391 - openevolve.database - INFO - Saved database with 14 programs to openevolve_output/level1_69_conv_transposed_2D__asymmetric_input__asymmetric_kernel/checkpoints/checkpoint_12
2025-08-08 18:17:07,406 - openevolve.controller - INFO - Saved best program at checkpoint 12 with metrics: compiled=1.0000, correctness=1.0000, stage=success, passed=0.0000, score=20.0000, speed_up=0.0010, runtime_ms=30.5000, meta={'hardware': 'NVIDIA L20Y', 'device': 'cuda:3', 'correctness_trials': '(5 / 5)', 'reference_timing_ms': 0.0435, 'speed_up': 0.001, 'custom_timing': 30.5}
2025-08-08 18:17:07,406 - openevolve.controller - INFO - Saved checkpoint at iteration 12 to openevolve_output/level1_69_conv_transposed_2D__asymmetric_input__asymmetric_kernel/checkpoints/checkpoint_12
2025-08-08 18:23:10,979 - openevolve.RemoteSpeedupEvaluator - INFO - [level1_69_conv_transposed_2D__asymmetric_input__asymmetric_kernel] triton key words check pass
2025-08-08 18:23:10,981 - openevolve.RemoteSpeedupEvaluator - INFO - [level1_69_conv_transposed_2D__asymmetric_input__asymmetric_kernel] verify_plus payload: reference_code(2372 chars) + custom_code(6721 chars)
2025-08-08 18:23:14,170 - openevolve.RemoteSpeedupEvaluator - INFO - [level1_69_conv_transposed_2D__asymmetric_input__asymmetric_kernel] verify_plus request success
2025-08-08 18:23:14,170 - openevolve.RemoteSpeedupEvaluator - INFO - [level1_69_conv_transposed_2D__asymmetric_input__asymmetric_kernel] verify_plus response: {"id":"level1_69_conv_transposed_2D__asymmetric_input__asymmetric_kernel","result":{"compiled":true,"correctness":false,"metadata":{"hardware":"NVIDIA L20Y","device":"cuda:4","runtime_error":"Traceback (most recent call last):\n  File \"/home/lijiaxing/.conda/envs/api/lib/python3.10/site-packages/triton/language/core.py\", line 42, in wrapper\n    return fn(*args, **kwargs)\n  File \"/home/lijiaxing/.conda/envs/api/lib/python3.10/site-packages/triton/language/core.py\", line 2216, in store\n    return _semantic.store(pointer, value, mask, boundary_check, cache_modifier, eviction_policy)\n  File \"/home/lijiaxing/.conda/envs/api/lib/python3.10/site-packages/triton/language/semantic.py\", line 1292, in store\n    return self._store_legacy(ptr, val, mask, boundary_check, cache, eviction)\n  F
2025-08-08 18:23:14,171 - openevolve.RemoteSpeedupEvaluator - INFO - [level1_69_conv_transposed_2D__asymmetric_input__asymmetric_kernel] âœ˜ wrong_answer
2025-08-08 18:23:14,171 - openevolve.evaluator - INFO - Evaluated program 9917ee93-e26b-48d4-bd7c-08966e7fdc99 in 3.19s: compiled=1.0000, correctness=0.0000, score=10.0000, stage=wrong_answer, verify_payload={'id': 'level1_69_conv_transposed_2D__asymmetric_input__asymmetric_kernel', 'result': {'compiled': True, 'correctness': False, 'metadata': {'hardware': 'NVIDIA L20Y', 'device': 'cuda:4', 'runtime_error': 'Traceback (most recent call last):\n  File "/home/lijiaxing/.conda/envs/api/lib/python3.10/site-packages/triton/language/core.py", line 42, in wrapper\n    return fn(*args, **kwargs)\n  File "/home/lijiaxing/.conda/envs/api/lib/python3.10/site-packages/triton/language/core.py", line 2216, in store\n    return _semantic.store(pointer, value, mask, boundary_check, cache_modifier, eviction_policy)\n  File "/home/lijiaxing/.conda/envs/api/lib/python3.10/site-packages/triton/language/semantic.py", line 1292, in store\n    return self._store_legacy(ptr, val, mask, boundary_check, cache, eviction)\n  File "/home/lijiaxing/.conda/envs/api/lib/python3.10/site-packages/triton/language/semantic.py", line 1248, in _store_legacy\n    raise ValueError("Value argument cannot be block type if pointer argument is not a block")\nValueError: Value argument cannot be block type if pointer argument is not a block\n\nThe above exception was the direct cause of the following exception:\n\nTraceback (most recent call last):\n  File "/cpfs01/shared/llm_kernel/hujiakai/KernelLLM/validation_api_server/helpers/evaluations.py", line 720, in run_and_check_correctness\n    output_new = model_new(*inputs)\n  File "/home/lijiaxing/.conda/envs/api/lib/python3.10/site-packages/torch/nn/modules/module.py", line 1773, in _wrapped_call_impl\n    return self._call_impl(*args, **kwargs)\n  File "/home/lijiaxing/.conda/envs/api/lib/python3.10/site-packages/torch/nn/modules/module.py", line 1784, in _call_impl\n    return forward_call(*args, **kwargs)\n  File "/tmp/tmpmitfbfvf.py", line 167, in forward\n    _conv_transpose2d_kernel[grid](\n  File "/home/lijiaxing/.conda/envs/api/lib/python3.10/site-packages/triton/runtime/jit.py", line 390, in <lambda>\n    return lambda *args, **kwargs: self.run(grid=grid, warmup=False, *args, **kwargs)\n  File "/home/lijiaxing/.conda/envs/api/lib/python3.10/site-packages/triton/runtime/jit.py", line 594, in run\n    kernel = self.compile(src, target=target, options=options.__dict__)\n  File "/home/lijiaxing/.conda/envs/api/lib/python3.10/site-packages/triton/compiler/compiler.py", line 339, in compile\n    module = src.make_ir(options, codegen_fns, module_map, context)\n  File "/home/lijiaxing/.conda/envs/api/lib/python3.10/site-packages/triton/compiler/compiler.py", line 83, in make_ir\n    return ast_to_ttir(self.fn, self, context=context, options=options, codegen_fns=codegen_fns,\ntriton.compiler.errors.CompilationError: at 98:4:\n    if bias_ptr is not None:\n        bias_val = tl.load(bias_ptr + pid_c)\n        acc += bias_val\n\n    # Store result\n    output_offset = (\n        pid_b * output_batch_stride +\n        pid_c * output_channel_stride +\n        h_out * output_height_stride +\n        w_out * output_width_stride\n    )\n    tl.store(output_ptr + output_offset, acc)\n    ^\n\n\nThe above exception was the direct cause of the following exception:\n\nTraceback (most recent call last):\n  File "/home/lijiaxing/.conda/envs/api/lib/python3.10/site-packages/triton/language/core.py", line 42, in wrapper\n    return fn(*args, **kwargs)\n  File "/home/lijiaxing/.conda/envs/api/lib/python3.10/site-packages/triton/language/core.py", line 2216, in store\n    return _semantic.store(pointer, value, mask, boundary_check, cache_modifier, eviction_policy)\n  File "/home/lijiaxing/.conda/envs/api/lib/python3.10/site-packages/triton/language/semantic.py", line 1292, in store\n    return self._store_legacy(ptr, val, mask, boundary_check, cache, eviction)\n  File "/home/lijiaxing/.conda/envs/api/lib/python3.10/site-packages/triton/language/semantic.py", line 1248, in _store_legacy\n    raise ValueError("Value argument cannot be block type if pointer argument is not a block")\nValueError: Value argument cannot be block type if pointer argument is not a block\n', 'runtime_error_name': 'triton.compiler.errors.CompilationError', 'reference_timing_ms': 0.0435, 'speed_up': -1.0, 'custom_timing': -1.0}, 'runtime': -1.0, 'runtime_stats': {}}}
2025-08-08 18:23:14,175 - openevolve.llm.ensemble - INFO - Sampled model: deepseek
2025-08-08 18:23:14,178 - openevolve.database - INFO - New MAP-Elites cell occupied: {'score': 9, 'complexity': 7}
2025-08-08 18:23:14,191 - openevolve.threaded_parallel - INFO - Iteration 13: Program 9917ee93-e26b-48d4-bd7c-08966e7fdc99 (parent: 85867d9a-fad8-4ed0-8696-d83bf469923f) completed in 591.71s
2025-08-08 18:23:14,191 - openevolve.threaded_parallel - INFO - Metrics: compiled=1.0000, correctness=0.0000, score=10.0000, stage=wrong_answer, verify_payload={'id': 'level1_69_conv_transposed_2D__asymmetric_input__asymmetric_kernel', 'result': {'compiled': True, 'correctness': False, 'metadata': {'hardware': 'NVIDIA L20Y', 'device': 'cuda:4', 'runtime_error': 'Traceback (most recent call last):\n  File "/home/lijiaxing/.conda/envs/api/lib/python3.10/site-packages/triton/language/core.py", line 42, in wrapper\n    return fn(*args, **kwargs)\n  File "/home/lijiaxing/.conda/envs/api/lib/python3.10/site-packages/triton/language/core.py", line 2216, in store\n    return _semantic.store(pointer, value, mask, boundary_check, cache_modifier, eviction_policy)\n  File "/home/lijiaxing/.conda/envs/api/lib/python3.10/site-packages/triton/language/semantic.py", line 1292, in store\n    return self._store_legacy(ptr, val, mask, boundary_check, cache, eviction)\n  File "/home/lijiaxing/.conda/envs/api/lib/python3.10/site-packages/triton/language/semantic.py", line 1248, in _store_legacy\n    raise ValueError("Value argument cannot be block type if pointer argument is not a block")\nValueError: Value argument cannot be block type if pointer argument is not a block\n\nThe above exception was the direct cause of the following exception:\n\nTraceback (most recent call last):\n  File "/cpfs01/shared/llm_kernel/hujiakai/KernelLLM/validation_api_server/helpers/evaluations.py", line 720, in run_and_check_correctness\n    output_new = model_new(*inputs)\n  File "/home/lijiaxing/.conda/envs/api/lib/python3.10/site-packages/torch/nn/modules/module.py", line 1773, in _wrapped_call_impl\n    return self._call_impl(*args, **kwargs)\n  File "/home/lijiaxing/.conda/envs/api/lib/python3.10/site-packages/torch/nn/modules/module.py", line 1784, in _call_impl\n    return forward_call(*args, **kwargs)\n  File "/tmp/tmpmitfbfvf.py", line 167, in forward\n    _conv_transpose2d_kernel[grid](\n  File "/home/lijiaxing/.conda/envs/api/lib/python3.10/site-packages/triton/runtime/jit.py", line 390, in <lambda>\n    return lambda *args, **kwargs: self.run(grid=grid, warmup=False, *args, **kwargs)\n  File "/home/lijiaxing/.conda/envs/api/lib/python3.10/site-packages/triton/runtime/jit.py", line 594, in run\n    kernel = self.compile(src, target=target, options=options.__dict__)\n  File "/home/lijiaxing/.conda/envs/api/lib/python3.10/site-packages/triton/compiler/compiler.py", line 339, in compile\n    module = src.make_ir(options, codegen_fns, module_map, context)\n  File "/home/lijiaxing/.conda/envs/api/lib/python3.10/site-packages/triton/compiler/compiler.py", line 83, in make_ir\n    return ast_to_ttir(self.fn, self, context=context, options=options, codegen_fns=codegen_fns,\ntriton.compiler.errors.CompilationError: at 98:4:\n    if bias_ptr is not None:\n        bias_val = tl.load(bias_ptr + pid_c)\n        acc += bias_val\n\n    # Store result\n    output_offset = (\n        pid_b * output_batch_stride +\n        pid_c * output_channel_stride +\n        h_out * output_height_stride +\n        w_out * output_width_stride\n    )\n    tl.store(output_ptr + output_offset, acc)\n    ^\n\n\nThe above exception was the direct cause of the following exception:\n\nTraceback (most recent call last):\n  File "/home/lijiaxing/.conda/envs/api/lib/python3.10/site-packages/triton/language/core.py", line 42, in wrapper\n    return fn(*args, **kwargs)\n  File "/home/lijiaxing/.conda/envs/api/lib/python3.10/site-packages/triton/language/core.py", line 2216, in store\n    return _semantic.store(pointer, value, mask, boundary_check, cache_modifier, eviction_policy)\n  File "/home/lijiaxing/.conda/envs/api/lib/python3.10/site-packages/triton/language/semantic.py", line 1292, in store\n    return self._store_legacy(ptr, val, mask, boundary_check, cache, eviction)\n  File "/home/lijiaxing/.conda/envs/api/lib/python3.10/site-packages/triton/language/semantic.py", line 1248, in _store_legacy\n    raise ValueError("Value argument cannot be block type if pointer argument is not a block")\nValueError: Value argument cannot be block type if pointer argument is not a block\n', 'runtime_error_name': 'triton.compiler.errors.CompilationError', 'reference_timing_ms': 0.0435, 'speed_up': -1.0, 'custom_timing': -1.0}, 'runtime': -1.0, 'runtime_stats': {}}}
2025-08-08 18:23:44,268 - openevolve.RemoteSpeedupEvaluator - INFO - [level1_69_conv_transposed_2D__asymmetric_input__asymmetric_kernel] triton key words check pass
2025-08-08 18:23:44,269 - openevolve.RemoteSpeedupEvaluator - INFO - [level1_69_conv_transposed_2D__asymmetric_input__asymmetric_kernel] verify_plus payload: reference_code(2372 chars) + custom_code(6278 chars)
2025-08-08 18:23:47,745 - openevolve.RemoteSpeedupEvaluator - INFO - [level1_69_conv_transposed_2D__asymmetric_input__asymmetric_kernel] verify_plus request success
2025-08-08 18:23:47,745 - openevolve.RemoteSpeedupEvaluator - INFO - [level1_69_conv_transposed_2D__asymmetric_input__asymmetric_kernel] verify_plus response: {"id":"level1_69_conv_transposed_2D__asymmetric_input__asymmetric_kernel","result":{"compiled":true,"correctness":true,"metadata":{"hardware":"NVIDIA L20Y","device":"cuda:1","correctness_trials":"(5 / 5)","reference_timing_ms":0.0435,"speed_up":0.128,"custom_timing":0.339},"runtime":0.339,"runtime_stats":{"mean":0.339,"std":0.00253,"min":0.335,"max":0.349,"num_trials":100,"hardware":"NVIDIA L20Y","device":"cuda:1"}}}
2025-08-08 18:23:47,746 - openevolve.RemoteSpeedupEvaluator - INFO - [level1_69_conv_transposed_2D__asymmetric_input__asymmetric_kernel] âœ” success | speed_up=0.128  score=20.00
2025-08-08 18:23:47,746 - openevolve.evaluator - INFO - Evaluated program 1eaadd53-e841-42a1-89e9-2ec601875f43 in 3.48s: compiled=1.0000, correctness=1.0000, stage=success, passed=0.0000, score=20.0000, speed_up=0.1280, runtime_ms=0.3390, meta={'hardware': 'NVIDIA L20Y', 'device': 'cuda:1', 'correctness_trials': '(5 / 5)', 'reference_timing_ms': 0.0435, 'speed_up': 0.128, 'custom_timing': 0.339}
2025-08-08 18:23:47,750 - openevolve.llm.ensemble - INFO - Sampled model: deepseek
2025-08-08 18:23:47,806 - openevolve.threaded_parallel - INFO - Iteration 15: Program 1eaadd53-e841-42a1-89e9-2ec601875f43 (parent: 259e3209-d7fd-4562-9325-9f58996ff008) completed in 400.54s
2025-08-08 18:23:47,807 - openevolve.threaded_parallel - INFO - Metrics: compiled=1.0000, correctness=1.0000, stage=success, passed=0.0000, score=20.0000, speed_up=0.1280, runtime_ms=0.3390, meta={'hardware': 'NVIDIA L20Y', 'device': 'cuda:1', 'correctness_trials': '(5 / 5)', 'reference_timing_ms': 0.0435, 'speed_up': 0.128, 'custom_timing': 0.339}
2025-08-08 18:23:47,807 - openevolve.threaded_parallel - INFO - Checkpoint interval reached at iteration 15
2025-08-08 18:23:47,809 - openevolve.database - INFO - Island Status:
2025-08-08 18:23:47,809 - openevolve.database - INFO -    Island 0: 7 programs, best=10.0000, avg=-38.5714, diversity=1841.57, gen=5 (best: 2d34117b-cd0a-4749-8980-2c8fd1f49e98)
2025-08-08 18:23:47,809 - openevolve.database - INFO -    Island 1: 5 programs, best=20.0000, avg=12.2000, diversity=185.60, gen=5 (best: 9e948797-e963-48e6-ac29-5fb7ccd6f501)
2025-08-08 18:23:47,809 - openevolve.database - INFO -  * Island 2: 4 programs, best=10.0000, avg=-17.5000, diversity=1257.02, gen=5 (best: 1278c297-0b46-449f-a342-56a1297d4116)
2025-08-08 18:23:48,006 - openevolve.database - INFO - Saved database with 16 programs to openevolve_output/level1_69_conv_transposed_2D__asymmetric_input__asymmetric_kernel/checkpoints/checkpoint_15
2025-08-08 18:23:48,021 - openevolve.controller - INFO - Saved best program at checkpoint 15 with metrics: compiled=1.0000, correctness=1.0000, stage=success, passed=0.0000, score=20.0000, speed_up=0.0010, runtime_ms=30.5000, meta={'hardware': 'NVIDIA L20Y', 'device': 'cuda:3', 'correctness_trials': '(5 / 5)', 'reference_timing_ms': 0.0435, 'speed_up': 0.001, 'custom_timing': 30.5}
2025-08-08 18:23:48,021 - openevolve.controller - INFO - Saved checkpoint at iteration 15 to openevolve_output/level1_69_conv_transposed_2D__asymmetric_input__asymmetric_kernel/checkpoints/checkpoint_15
2025-08-08 18:26:14,309 - openevolve.RemoteSpeedupEvaluator - INFO - [level1_69_conv_transposed_2D__asymmetric_input__asymmetric_kernel] triton key words check pass
2025-08-08 18:26:14,311 - openevolve.RemoteSpeedupEvaluator - INFO - [level1_69_conv_transposed_2D__asymmetric_input__asymmetric_kernel] verify_plus payload: reference_code(2372 chars) + custom_code(6265 chars)
2025-08-08 18:26:17,506 - openevolve.RemoteSpeedupEvaluator - INFO - [level1_69_conv_transposed_2D__asymmetric_input__asymmetric_kernel] verify_plus request success
2025-08-08 18:26:17,506 - openevolve.RemoteSpeedupEvaluator - INFO - [level1_69_conv_transposed_2D__asymmetric_input__asymmetric_kernel] verify_plus response: {"id":"level1_69_conv_transposed_2D__asymmetric_input__asymmetric_kernel","result":{"compiled":true,"correctness":true,"metadata":{"hardware":"NVIDIA L20Y","device":"cuda:4","correctness_trials":"(5 / 5)","reference_timing_ms":0.0435,"speed_up":0.128,"custom_timing":0.339},"runtime":0.339,"runtime_stats":{"mean":0.339,"std":0.0033,"min":0.333,"max":0.355,"num_trials":100,"hardware":"NVIDIA L20Y","device":"cuda:4"}}}
2025-08-08 18:26:17,507 - openevolve.RemoteSpeedupEvaluator - INFO - [level1_69_conv_transposed_2D__asymmetric_input__asymmetric_kernel] âœ” success | speed_up=0.128  score=20.00
2025-08-08 18:26:17,507 - openevolve.evaluator - INFO - Evaluated program 3da7376b-a8eb-4f2d-8f09-443325198955 in 3.20s: compiled=1.0000, correctness=1.0000, stage=success, passed=0.0000, score=20.0000, speed_up=0.1280, runtime_ms=0.3390, meta={'hardware': 'NVIDIA L20Y', 'device': 'cuda:4', 'correctness_trials': '(5 / 5)', 'reference_timing_ms': 0.0435, 'speed_up': 0.128, 'custom_timing': 0.339}
2025-08-08 18:26:17,511 - openevolve.llm.ensemble - INFO - Sampled model: deepseek
2025-08-08 18:26:17,529 - openevolve.threaded_parallel - INFO - Iteration 14: Program 3da7376b-a8eb-4f2d-8f09-443325198955 (parent: 7086d8c6-b962-4e83-b338-4f425e31c12a) completed in 713.92s
2025-08-08 18:26:17,529 - openevolve.threaded_parallel - INFO - Metrics: compiled=1.0000, correctness=1.0000, stage=success, passed=0.0000, score=20.0000, speed_up=0.1280, runtime_ms=0.3390, meta={'hardware': 'NVIDIA L20Y', 'device': 'cuda:4', 'correctness_trials': '(5 / 5)', 'reference_timing_ms': 0.0435, 'speed_up': 0.128, 'custom_timing': 0.339}
2025-08-08 18:30:17,419 - openevolve.RemoteSpeedupEvaluator - INFO - [level1_69_conv_transposed_2D__asymmetric_input__asymmetric_kernel] triton key words check pass
2025-08-08 18:30:17,421 - openevolve.RemoteSpeedupEvaluator - INFO - [level1_69_conv_transposed_2D__asymmetric_input__asymmetric_kernel] verify_plus payload: reference_code(2372 chars) + custom_code(6348 chars)
2025-08-08 18:30:20,612 - openevolve.RemoteSpeedupEvaluator - INFO - [level1_69_conv_transposed_2D__asymmetric_input__asymmetric_kernel] verify_plus request success
2025-08-08 18:30:20,612 - openevolve.RemoteSpeedupEvaluator - INFO - [level1_69_conv_transposed_2D__asymmetric_input__asymmetric_kernel] verify_plus response: {"id":"level1_69_conv_transposed_2D__asymmetric_input__asymmetric_kernel","result":{"compiled":true,"correctness":true,"metadata":{"hardware":"NVIDIA L20Y","device":"cuda:0","correctness_trials":"(5 / 5)","reference_timing_ms":0.0435,"speed_up":0.128,"custom_timing":0.339},"runtime":0.339,"runtime_stats":{"mean":0.339,"std":0.00336,"min":0.332,"max":0.351,"num_trials":100,"hardware":"NVIDIA L20Y","device":"cuda:0"}}}
2025-08-08 18:30:20,612 - openevolve.RemoteSpeedupEvaluator - INFO - [level1_69_conv_transposed_2D__asymmetric_input__asymmetric_kernel] âœ” success | speed_up=0.128  score=20.00
2025-08-08 18:30:20,613 - openevolve.evaluator - INFO - Evaluated program 3ab3860f-5d0c-4623-80fd-d54bc5623687 in 3.19s: compiled=1.0000, correctness=1.0000, stage=success, passed=0.0000, score=20.0000, speed_up=0.1280, runtime_ms=0.3390, meta={'hardware': 'NVIDIA L20Y', 'device': 'cuda:0', 'correctness_trials': '(5 / 5)', 'reference_timing_ms': 0.0435, 'speed_up': 0.128, 'custom_timing': 0.339}
2025-08-08 18:30:20,617 - openevolve.llm.ensemble - INFO - Sampled model: deepseek
2025-08-08 18:30:20,641 - openevolve.threaded_parallel - INFO - Iteration 16: Program 3ab3860f-5d0c-4623-80fd-d54bc5623687 (parent: 919a96d0-46ab-4182-b06b-627b85ec97c0) completed in 426.44s
2025-08-08 18:30:20,642 - openevolve.threaded_parallel - INFO - Metrics: compiled=1.0000, correctness=1.0000, stage=success, passed=0.0000, score=20.0000, speed_up=0.1280, runtime_ms=0.3390, meta={'hardware': 'NVIDIA L20Y', 'device': 'cuda:0', 'correctness_trials': '(5 / 5)', 'reference_timing_ms': 0.0435, 'speed_up': 0.128, 'custom_timing': 0.339}
2025-08-08 18:32:34,837 - openevolve.RemoteSpeedupEvaluator - INFO - [level1_69_conv_transposed_2D__asymmetric_input__asymmetric_kernel] triton key words check pass
2025-08-08 18:32:34,839 - openevolve.RemoteSpeedupEvaluator - INFO - [level1_69_conv_transposed_2D__asymmetric_input__asymmetric_kernel] verify_plus payload: reference_code(2372 chars) + custom_code(6320 chars)
2025-08-08 18:32:38,166 - openevolve.RemoteSpeedupEvaluator - INFO - [level1_69_conv_transposed_2D__asymmetric_input__asymmetric_kernel] verify_plus request success
2025-08-08 18:32:38,166 - openevolve.RemoteSpeedupEvaluator - INFO - [level1_69_conv_transposed_2D__asymmetric_input__asymmetric_kernel] verify_plus response: {"id":"level1_69_conv_transposed_2D__asymmetric_input__asymmetric_kernel","result":{"compiled":true,"correctness":true,"metadata":{"hardware":"NVIDIA L20Y","device":"cuda:2","correctness_trials":"(5 / 5)","reference_timing_ms":0.0435,"speed_up":0.128,"custom_timing":0.339},"runtime":0.339,"runtime_stats":{"mean":0.339,"std":0.00227,"min":0.333,"max":0.347,"num_trials":100,"hardware":"NVIDIA L20Y","device":"cuda:2"}}}
2025-08-08 18:32:38,166 - openevolve.RemoteSpeedupEvaluator - INFO - [level1_69_conv_transposed_2D__asymmetric_input__asymmetric_kernel] âœ” success | speed_up=0.128  score=20.00
2025-08-08 18:32:38,167 - openevolve.evaluator - INFO - Evaluated program 31137cce-76ba-45aa-b07a-48c1761a81c1 in 3.33s: compiled=1.0000, correctness=1.0000, stage=success, passed=0.0000, score=20.0000, speed_up=0.1280, runtime_ms=0.3390, meta={'hardware': 'NVIDIA L20Y', 'device': 'cuda:2', 'correctness_trials': '(5 / 5)', 'reference_timing_ms': 0.0435, 'speed_up': 0.128, 'custom_timing': 0.339}
2025-08-08 18:32:38,170 - openevolve.llm.ensemble - INFO - Sampled model: deepseek
2025-08-08 18:32:38,181 - openevolve.threaded_parallel - INFO - Iteration 17: Program 31137cce-76ba-45aa-b07a-48c1761a81c1 (parent: 7086d8c6-b962-4e83-b338-4f425e31c12a) completed in 530.42s
2025-08-08 18:32:38,181 - openevolve.threaded_parallel - INFO - Metrics: compiled=1.0000, correctness=1.0000, stage=success, passed=0.0000, score=20.0000, speed_up=0.1280, runtime_ms=0.3390, meta={'hardware': 'NVIDIA L20Y', 'device': 'cuda:2', 'correctness_trials': '(5 / 5)', 'reference_timing_ms': 0.0435, 'speed_up': 0.128, 'custom_timing': 0.339}
2025-08-08 18:35:20,894 - openevolve.RemoteSpeedupEvaluator - INFO - [level1_69_conv_transposed_2D__asymmetric_input__asymmetric_kernel] triton key words check pass
2025-08-08 18:35:20,896 - openevolve.RemoteSpeedupEvaluator - INFO - [level1_69_conv_transposed_2D__asymmetric_input__asymmetric_kernel] verify_plus payload: reference_code(2372 chars) + custom_code(6103 chars)
2025-08-08 18:35:27,331 - openevolve.RemoteSpeedupEvaluator - INFO - [level1_69_conv_transposed_2D__asymmetric_input__asymmetric_kernel] verify_plus request success
2025-08-08 18:35:27,332 - openevolve.RemoteSpeedupEvaluator - INFO - [level1_69_conv_transposed_2D__asymmetric_input__asymmetric_kernel] verify_plus response: {"id":"level1_69_conv_transposed_2D__asymmetric_input__asymmetric_kernel","result":{"compiled":true,"correctness":true,"metadata":{"hardware":"NVIDIA L20Y","device":"cuda:7","correctness_trials":"(5 / 5)","reference_timing_ms":0.0435,"speed_up":0.001,"custom_timing":30.5},"runtime":30.5,"runtime_stats":{"mean":30.5,"std":0.0103,"min":30.5,"max":30.6,"num_trials":100,"hardware":"NVIDIA L20Y","device":"cuda:7"}}}
2025-08-08 18:35:27,332 - openevolve.RemoteSpeedupEvaluator - INFO - [level1_69_conv_transposed_2D__asymmetric_input__asymmetric_kernel] âœ” success | speed_up=0.001  score=20.00
2025-08-08 18:35:27,332 - openevolve.evaluator - INFO - Evaluated program 7012872b-51cb-477a-9136-38c842cebf68 in 6.44s: compiled=1.0000, correctness=1.0000, stage=success, passed=0.0000, score=20.0000, speed_up=0.0010, runtime_ms=30.5000, meta={'hardware': 'NVIDIA L20Y', 'device': 'cuda:7', 'correctness_trials': '(5 / 5)', 'reference_timing_ms': 0.0435, 'speed_up': 0.001, 'custom_timing': 30.5}
2025-08-08 18:35:27,336 - openevolve.llm.ensemble - INFO - Sampled model: deepseek
2025-08-08 18:35:27,347 - openevolve.threaded_parallel - INFO - Iteration 18: Program 7012872b-51cb-477a-9136-38c842cebf68 (parent: a0a0ed5b-8fb3-4b1f-8b67-5e73a5e907b0) completed in 549.82s
2025-08-08 18:35:27,347 - openevolve.threaded_parallel - INFO - Metrics: compiled=1.0000, correctness=1.0000, stage=success, passed=0.0000, score=20.0000, speed_up=0.0010, runtime_ms=30.5000, meta={'hardware': 'NVIDIA L20Y', 'device': 'cuda:7', 'correctness_trials': '(5 / 5)', 'reference_timing_ms': 0.0435, 'speed_up': 0.001, 'custom_timing': 30.5}
2025-08-08 18:35:27,347 - openevolve.threaded_parallel - INFO - Checkpoint interval reached at iteration 18
2025-08-08 18:35:27,349 - openevolve.database - INFO - Island Status:
2025-08-08 18:35:27,349 - openevolve.database - INFO -  * Island 0: 8 programs, best=20.0000, avg=-31.2500, diversity=1765.43, gen=7 (best: 3ab3860f-5d0c-4623-80fd-d54bc5623687)
2025-08-08 18:35:27,349 - openevolve.database - INFO -    Island 1: 6 programs, best=20.0000, avg=13.5000, diversity=147.88, gen=6 (best: 9e948797-e963-48e6-ac29-5fb7ccd6f501)
2025-08-08 18:35:27,349 - openevolve.database - INFO -    Island 2: 6 programs, best=20.0000, avg=-5.0000, diversity=1232.35, gen=6 (best: 3da7376b-a8eb-4f2d-8f09-443325198955)
2025-08-08 18:35:27,582 - openevolve.database - INFO - Saved database with 20 programs to openevolve_output/level1_69_conv_transposed_2D__asymmetric_input__asymmetric_kernel/checkpoints/checkpoint_18
2025-08-08 18:35:27,598 - openevolve.controller - INFO - Saved best program at checkpoint 18 with metrics: compiled=1.0000, correctness=1.0000, stage=success, passed=0.0000, score=20.0000, speed_up=0.0010, runtime_ms=30.5000, meta={'hardware': 'NVIDIA L20Y', 'device': 'cuda:3', 'correctness_trials': '(5 / 5)', 'reference_timing_ms': 0.0435, 'speed_up': 0.001, 'custom_timing': 30.5}
2025-08-08 18:35:27,598 - openevolve.controller - INFO - Saved checkpoint at iteration 18 to openevolve_output/level1_69_conv_transposed_2D__asymmetric_input__asymmetric_kernel/checkpoints/checkpoint_18
2025-08-08 18:38:42,206 - openevolve.RemoteSpeedupEvaluator - INFO - [level1_69_conv_transposed_2D__asymmetric_input__asymmetric_kernel] triton key words check pass
2025-08-08 18:38:42,207 - openevolve.RemoteSpeedupEvaluator - INFO - [level1_69_conv_transposed_2D__asymmetric_input__asymmetric_kernel] verify_plus payload: reference_code(2372 chars) + custom_code(6359 chars)
2025-08-08 18:38:46,157 - openevolve.RemoteSpeedupEvaluator - INFO - [level1_69_conv_transposed_2D__asymmetric_input__asymmetric_kernel] verify_plus request success
2025-08-08 18:38:46,157 - openevolve.RemoteSpeedupEvaluator - INFO - [level1_69_conv_transposed_2D__asymmetric_input__asymmetric_kernel] verify_plus response: {"id":"level1_69_conv_transposed_2D__asymmetric_input__asymmetric_kernel","result":{"compiled":true,"correctness":true,"metadata":{"hardware":"NVIDIA L20Y","device":"cuda:2","correctness_trials":"(5 / 5)","reference_timing_ms":0.0435,"speed_up":0.128,"custom_timing":0.34},"runtime":0.34,"runtime_stats":{"mean":0.34,"std":0.00282,"min":0.335,"max":0.35,"num_trials":100,"hardware":"NVIDIA L20Y","device":"cuda:2"}}}
2025-08-08 18:38:46,157 - openevolve.RemoteSpeedupEvaluator - INFO - [level1_69_conv_transposed_2D__asymmetric_input__asymmetric_kernel] âœ” success | speed_up=0.128  score=20.00
2025-08-08 18:38:46,157 - openevolve.evaluator - INFO - Evaluated program 0e15e731-b105-42c1-b5f0-8ec480f48a43 in 3.95s: compiled=1.0000, correctness=1.0000, stage=success, passed=0.0000, score=20.0000, speed_up=0.1280, runtime_ms=0.3400, meta={'hardware': 'NVIDIA L20Y', 'device': 'cuda:2', 'correctness_trials': '(5 / 5)', 'reference_timing_ms': 0.0435, 'speed_up': 0.128, 'custom_timing': 0.34}
2025-08-08 18:38:46,162 - openevolve.llm.ensemble - INFO - Sampled model: deepseek
2025-08-08 18:38:46,168 - openevolve.database - INFO - MAP-Elites cell improved: {'score': 9, 'complexity': 7} (fitness: 10.000 -> 20.000)
2025-08-08 18:38:46,180 - openevolve.threaded_parallel - INFO - Iteration 19: Program 0e15e731-b105-42c1-b5f0-8ec480f48a43 (parent: 919a96d0-46ab-4182-b06b-627b85ec97c0) completed in 505.54s
2025-08-08 18:38:46,180 - openevolve.threaded_parallel - INFO - Metrics: compiled=1.0000, correctness=1.0000, stage=success, passed=0.0000, score=20.0000, speed_up=0.1280, runtime_ms=0.3400, meta={'hardware': 'NVIDIA L20Y', 'device': 'cuda:2', 'correctness_trials': '(5 / 5)', 'reference_timing_ms': 0.0435, 'speed_up': 0.128, 'custom_timing': 0.34}
2025-08-08 18:43:31,503 - openevolve.RemoteSpeedupEvaluator - INFO - [level1_69_conv_transposed_2D__asymmetric_input__asymmetric_kernel] triton key words check pass
2025-08-08 18:43:31,504 - openevolve.RemoteSpeedupEvaluator - INFO - [level1_69_conv_transposed_2D__asymmetric_input__asymmetric_kernel] verify_plus payload: reference_code(2372 chars) + custom_code(6348 chars)
2025-08-08 18:43:34,632 - openevolve.RemoteSpeedupEvaluator - INFO - [level1_69_conv_transposed_2D__asymmetric_input__asymmetric_kernel] verify_plus request success
2025-08-08 18:43:34,632 - openevolve.RemoteSpeedupEvaluator - INFO - [level1_69_conv_transposed_2D__asymmetric_input__asymmetric_kernel] verify_plus response: {"id":"level1_69_conv_transposed_2D__asymmetric_input__asymmetric_kernel","result":{"compiled":true,"correctness":true,"metadata":{"hardware":"NVIDIA L20Y","device":"cuda:6","correctness_trials":"(5 / 5)","reference_timing_ms":0.0435,"speed_up":0.129,"custom_timing":0.338},"runtime":0.338,"runtime_stats":{"mean":0.338,"std":0.00262,"min":0.332,"max":0.348,"num_trials":100,"hardware":"NVIDIA L20Y","device":"cuda:6"}}}
2025-08-08 18:43:34,633 - openevolve.RemoteSpeedupEvaluator - INFO - [level1_69_conv_transposed_2D__asymmetric_input__asymmetric_kernel] âœ” success | speed_up=0.129  score=20.00
2025-08-08 18:43:34,633 - openevolve.evaluator - INFO - Evaluated program 7a0b9fab-f010-4f32-b9b9-db49036cc7bd in 3.13s: compiled=1.0000, correctness=1.0000, stage=success, passed=0.0000, score=20.0000, speed_up=0.1290, runtime_ms=0.3380, meta={'hardware': 'NVIDIA L20Y', 'device': 'cuda:6', 'correctness_trials': '(5 / 5)', 'reference_timing_ms': 0.0435, 'speed_up': 0.129, 'custom_timing': 0.338}
2025-08-08 18:43:34,638 - openevolve.llm.ensemble - INFO - Sampled model: deepseek
2025-08-08 18:43:34,650 - openevolve.threaded_parallel - INFO - Iteration 22: Program 7a0b9fab-f010-4f32-b9b9-db49036cc7bd (parent: 85867d9a-fad8-4ed0-8696-d83bf469923f) completed in 288.47s
2025-08-08 18:43:34,650 - openevolve.threaded_parallel - INFO - Metrics: compiled=1.0000, correctness=1.0000, stage=success, passed=0.0000, score=20.0000, speed_up=0.1290, runtime_ms=0.3380, meta={'hardware': 'NVIDIA L20Y', 'device': 'cuda:6', 'correctness_trials': '(5 / 5)', 'reference_timing_ms': 0.0435, 'speed_up': 0.129, 'custom_timing': 0.338}
2025-08-08 18:44:27,963 - openevolve.RemoteSpeedupEvaluator - INFO - [level1_69_conv_transposed_2D__asymmetric_input__asymmetric_kernel] triton key words check pass
2025-08-08 18:44:27,964 - openevolve.RemoteSpeedupEvaluator - INFO - [level1_69_conv_transposed_2D__asymmetric_input__asymmetric_kernel] verify_plus payload: reference_code(2372 chars) + custom_code(6216 chars)
2025-08-08 18:44:31,482 - openevolve.RemoteSpeedupEvaluator - INFO - [level1_69_conv_transposed_2D__asymmetric_input__asymmetric_kernel] verify_plus request success
2025-08-08 18:44:31,482 - openevolve.RemoteSpeedupEvaluator - INFO - [level1_69_conv_transposed_2D__asymmetric_input__asymmetric_kernel] verify_plus response: {"id":"level1_69_conv_transposed_2D__asymmetric_input__asymmetric_kernel","result":{"compiled":true,"correctness":true,"metadata":{"hardware":"NVIDIA L20Y","device":"cuda:3","correctness_trials":"(5 / 5)","reference_timing_ms":0.0435,"speed_up":0.128,"custom_timing":0.34},"runtime":0.34,"runtime_stats":{"mean":0.34,"std":0.00244,"min":0.334,"max":0.351,"num_trials":100,"hardware":"NVIDIA L20Y","device":"cuda:3"}}}
2025-08-08 18:44:31,482 - openevolve.RemoteSpeedupEvaluator - INFO - [level1_69_conv_transposed_2D__asymmetric_input__asymmetric_kernel] âœ” success | speed_up=0.128  score=20.00
2025-08-08 18:44:31,483 - openevolve.evaluator - INFO - Evaluated program 5fe400da-67ca-436b-9016-2e66356549b9 in 3.52s: compiled=1.0000, correctness=1.0000, stage=success, passed=0.0000, score=20.0000, speed_up=0.1280, runtime_ms=0.3400, meta={'hardware': 'NVIDIA L20Y', 'device': 'cuda:3', 'correctness_trials': '(5 / 5)', 'reference_timing_ms': 0.0435, 'speed_up': 0.128, 'custom_timing': 0.34}
2025-08-08 18:44:31,489 - openevolve.llm.ensemble - INFO - Sampled model: deepseek
2025-08-08 18:44:31,499 - openevolve.threaded_parallel - INFO - Iteration 20: Program 5fe400da-67ca-436b-9016-2e66356549b9 (parent: d48c18c4-2720-4054-bb7e-5aefa528be4a) completed in 713.31s
2025-08-08 18:44:31,500 - openevolve.threaded_parallel - INFO - Metrics: compiled=1.0000, correctness=1.0000, stage=success, passed=0.0000, score=20.0000, speed_up=0.1280, runtime_ms=0.3400, meta={'hardware': 'NVIDIA L20Y', 'device': 'cuda:3', 'correctness_trials': '(5 / 5)', 'reference_timing_ms': 0.0435, 'speed_up': 0.128, 'custom_timing': 0.34}
2025-08-08 18:45:09,382 - openevolve.RemoteSpeedupEvaluator - INFO - [level1_69_conv_transposed_2D__asymmetric_input__asymmetric_kernel] triton key words check pass
2025-08-08 18:45:09,383 - openevolve.RemoteSpeedupEvaluator - INFO - [level1_69_conv_transposed_2D__asymmetric_input__asymmetric_kernel] verify_plus payload: reference_code(2372 chars) + custom_code(6204 chars)
2025-08-08 18:45:15,911 - openevolve.RemoteSpeedupEvaluator - INFO - [level1_69_conv_transposed_2D__asymmetric_input__asymmetric_kernel] verify_plus request success
2025-08-08 18:45:15,912 - openevolve.RemoteSpeedupEvaluator - INFO - [level1_69_conv_transposed_2D__asymmetric_input__asymmetric_kernel] verify_plus response: {"id":"level1_69_conv_transposed_2D__asymmetric_input__asymmetric_kernel","result":{"compiled":true,"correctness":true,"metadata":{"hardware":"NVIDIA L20Y","device":"cuda:0","correctness_trials":"(5 / 5)","reference_timing_ms":0.0435,"speed_up":0.001,"custom_timing":30.5},"runtime":30.5,"runtime_stats":{"mean":30.5,"std":0.042,"min":30.5,"max":30.8,"num_trials":100,"hardware":"NVIDIA L20Y","device":"cuda:0"}}}
2025-08-08 18:45:15,912 - openevolve.RemoteSpeedupEvaluator - INFO - [level1_69_conv_transposed_2D__asymmetric_input__asymmetric_kernel] âœ” success | speed_up=0.001  score=20.00
2025-08-08 18:45:15,912 - openevolve.evaluator - INFO - Evaluated program 6bc9d7b0-8a70-47cc-8a83-a12049eeae43 in 6.53s: compiled=1.0000, correctness=1.0000, stage=success, passed=0.0000, score=20.0000, speed_up=0.0010, runtime_ms=30.5000, meta={'hardware': 'NVIDIA L20Y', 'device': 'cuda:0', 'correctness_trials': '(5 / 5)', 'reference_timing_ms': 0.0435, 'speed_up': 0.001, 'custom_timing': 30.5}
2025-08-08 18:45:15,918 - openevolve.llm.ensemble - INFO - Sampled model: deepseek
2025-08-08 18:45:15,930 - openevolve.threaded_parallel - INFO - Iteration 21: Program 6bc9d7b0-8a70-47cc-8a83-a12049eeae43 (parent: 171f8861-a3ea-4d89-aa74-7d89d6661ddc) completed in 588.58s
2025-08-08 18:45:15,930 - openevolve.threaded_parallel - INFO - Metrics: compiled=1.0000, correctness=1.0000, stage=success, passed=0.0000, score=20.0000, speed_up=0.0010, runtime_ms=30.5000, meta={'hardware': 'NVIDIA L20Y', 'device': 'cuda:0', 'correctness_trials': '(5 / 5)', 'reference_timing_ms': 0.0435, 'speed_up': 0.001, 'custom_timing': 30.5}
2025-08-08 18:45:15,930 - openevolve.threaded_parallel - INFO - Checkpoint interval reached at iteration 21
2025-08-08 18:45:15,932 - openevolve.database - INFO - Island Status:
2025-08-08 18:45:15,933 - openevolve.database - INFO -    Island 0: 10 programs, best=20.0000, avg=-21.0000, diversity=1207.67, gen=8 (best: 3ab3860f-5d0c-4623-80fd-d54bc5623687)
2025-08-08 18:45:15,933 - openevolve.database - INFO -  * Island 1: 7 programs, best=20.0000, avg=14.4286, diversity=65.32, gen=8 (best: 9e948797-e963-48e6-ac29-5fb7ccd6f501)
2025-08-08 18:45:15,933 - openevolve.database - INFO -    Island 2: 7 programs, best=20.0000, avg=-1.4286, diversity=1268.88, gen=7 (best: 3da7376b-a8eb-4f2d-8f09-443325198955)
2025-08-08 18:45:16,292 - openevolve.database - INFO - Saved database with 24 programs to openevolve_output/level1_69_conv_transposed_2D__asymmetric_input__asymmetric_kernel/checkpoints/checkpoint_21
2025-08-08 18:45:16,308 - openevolve.controller - INFO - Saved best program at checkpoint 21 with metrics: compiled=1.0000, correctness=1.0000, stage=success, passed=0.0000, score=20.0000, speed_up=0.0010, runtime_ms=30.5000, meta={'hardware': 'NVIDIA L20Y', 'device': 'cuda:3', 'correctness_trials': '(5 / 5)', 'reference_timing_ms': 0.0435, 'speed_up': 0.001, 'custom_timing': 30.5}
2025-08-08 18:45:16,308 - openevolve.controller - INFO - Saved checkpoint at iteration 21 to openevolve_output/level1_69_conv_transposed_2D__asymmetric_input__asymmetric_kernel/checkpoints/checkpoint_21
2025-08-08 18:55:01,120 - openevolve.RemoteSpeedupEvaluator - INFO - [level1_69_conv_transposed_2D__asymmetric_input__asymmetric_kernel] triton key words check pass
2025-08-08 18:55:01,122 - openevolve.RemoteSpeedupEvaluator - INFO - [level1_69_conv_transposed_2D__asymmetric_input__asymmetric_kernel] verify_plus payload: reference_code(2372 chars) + custom_code(6138 chars)
2025-08-08 18:55:04,324 - openevolve.RemoteSpeedupEvaluator - INFO - [level1_69_conv_transposed_2D__asymmetric_input__asymmetric_kernel] verify_plus request success
2025-08-08 18:55:04,324 - openevolve.RemoteSpeedupEvaluator - INFO - [level1_69_conv_transposed_2D__asymmetric_input__asymmetric_kernel] verify_plus response: {"id":"level1_69_conv_transposed_2D__asymmetric_input__asymmetric_kernel","result":{"compiled":true,"correctness":true,"metadata":{"hardware":"NVIDIA L20Y","device":"cuda:1","correctness_trials":"(5 / 5)","reference_timing_ms":0.0435,"speed_up":0.128,"custom_timing":0.34},"runtime":0.34,"runtime_stats":{"mean":0.34,"std":0.00329,"min":0.334,"max":0.355,"num_trials":100,"hardware":"NVIDIA L20Y","device":"cuda:1"}}}
2025-08-08 18:55:04,324 - openevolve.RemoteSpeedupEvaluator - INFO - [level1_69_conv_transposed_2D__asymmetric_input__asymmetric_kernel] âœ” success | speed_up=0.128  score=20.00
2025-08-08 18:55:04,325 - openevolve.evaluator - INFO - Evaluated program 80fc7cb3-512c-4c29-884e-d6d335fccd72 in 3.21s: compiled=1.0000, correctness=1.0000, stage=success, passed=0.0000, score=20.0000, speed_up=0.1280, runtime_ms=0.3400, meta={'hardware': 'NVIDIA L20Y', 'device': 'cuda:1', 'correctness_trials': '(5 / 5)', 'reference_timing_ms': 0.0435, 'speed_up': 0.128, 'custom_timing': 0.34}
2025-08-08 18:55:04,329 - openevolve.llm.ensemble - INFO - Sampled model: deepseek
2025-08-08 18:55:04,340 - openevolve.threaded_parallel - INFO - Iteration 24: Program 80fc7cb3-512c-4c29-884e-d6d335fccd72 (parent: 7012872b-51cb-477a-9136-38c842cebf68) completed in 632.84s
2025-08-08 18:55:04,340 - openevolve.threaded_parallel - INFO - Metrics: compiled=1.0000, correctness=1.0000, stage=success, passed=0.0000, score=20.0000, speed_up=0.1280, runtime_ms=0.3400, meta={'hardware': 'NVIDIA L20Y', 'device': 'cuda:1', 'correctness_trials': '(5 / 5)', 'reference_timing_ms': 0.0435, 'speed_up': 0.128, 'custom_timing': 0.34}
2025-08-08 18:55:04,340 - openevolve.threaded_parallel - INFO - Checkpoint interval reached at iteration 24
2025-08-08 18:55:04,342 - openevolve.database - INFO - Island Status:
2025-08-08 18:55:04,342 - openevolve.database - INFO -    Island 0: 10 programs, best=20.0000, avg=-21.0000, diversity=1207.67, gen=8 (best: 3ab3860f-5d0c-4623-80fd-d54bc5623687)
2025-08-08 18:55:04,342 - openevolve.database - INFO -    Island 1: 8 programs, best=20.0000, avg=15.1250, diversity=43.12, gen=8 (best: 9e948797-e963-48e6-ac29-5fb7ccd6f501)
2025-08-08 18:55:04,342 - openevolve.database - INFO -  * Island 2: 7 programs, best=20.0000, avg=-1.4286, diversity=1268.88, gen=8 (best: 3da7376b-a8eb-4f2d-8f09-443325198955)
2025-08-08 18:55:04,613 - openevolve.database - INFO - Saved database with 25 programs to openevolve_output/level1_69_conv_transposed_2D__asymmetric_input__asymmetric_kernel/checkpoints/checkpoint_24
2025-08-08 18:55:04,629 - openevolve.controller - INFO - Saved best program at checkpoint 24 with metrics: compiled=1.0000, correctness=1.0000, stage=success, passed=0.0000, score=20.0000, speed_up=0.0010, runtime_ms=30.5000, meta={'hardware': 'NVIDIA L20Y', 'device': 'cuda:3', 'correctness_trials': '(5 / 5)', 'reference_timing_ms': 0.0435, 'speed_up': 0.001, 'custom_timing': 30.5}
2025-08-08 18:55:04,629 - openevolve.controller - INFO - Saved checkpoint at iteration 24 to openevolve_output/level1_69_conv_transposed_2D__asymmetric_input__asymmetric_kernel/checkpoints/checkpoint_24
2025-08-08 19:12:38,115 - openevolve.RemoteSpeedupEvaluator - INFO - [level1_69_conv_transposed_2D__asymmetric_input__asymmetric_kernel] triton key words check pass
2025-08-08 19:12:38,115 - openevolve.RemoteSpeedupEvaluator - INFO - [level1_69_conv_transposed_2D__asymmetric_input__asymmetric_kernel] triton key words check pass
2025-08-08 19:12:38,116 - openevolve.RemoteSpeedupEvaluator - INFO - [level1_69_conv_transposed_2D__asymmetric_input__asymmetric_kernel] verify_plus payload: reference_code(2372 chars) + custom_code(6757 chars)
2025-08-08 19:12:38,116 - openevolve.RemoteSpeedupEvaluator - INFO - [level1_69_conv_transposed_2D__asymmetric_input__asymmetric_kernel] verify_plus payload: reference_code(2372 chars) + custom_code(6595 chars)
2025-08-08 19:12:55,207 - openevolve.RemoteSpeedupEvaluator - INFO - [level1_69_conv_transposed_2D__asymmetric_input__asymmetric_kernel] verify_plus request success
2025-08-08 19:12:55,207 - openevolve.RemoteSpeedupEvaluator - INFO - [level1_69_conv_transposed_2D__asymmetric_input__asymmetric_kernel] verify_plus response: {"id":"level1_69_conv_transposed_2D__asymmetric_input__asymmetric_kernel","result":{"compiled":true,"correctness":false,"metadata":{"hardware":"NVIDIA L20Y","device":"cuda:5","runtime_error":"Traceback (most recent call last):\n  File \"/cpfs01/shared/llm_kernel/hujiakai/KernelLLM/validation_api_server/helpers/evaluations.py\", line 720, in run_and_check_correctness\n    output_new = model_new(*inputs)\n  File \"/home/lijiaxing/.conda/envs/api/lib/python3.10/site-packages/torch/nn/modules/module.py\", line 1773, in _wrapped_call_impl\n    return self._call_impl(*args, **kwargs)\n  File \"/home/lijiaxing/.conda/envs/api/lib/python3.10/site-packages/torch/nn/modules/module.py\", line 1784, in _call_impl\n    return forward_call(*args, **kwargs)\n  File \"/tmp/tmpu6v1z7b7.py\", line 148, in f
2025-08-08 19:12:55,207 - openevolve.RemoteSpeedupEvaluator - INFO - [level1_69_conv_transposed_2D__asymmetric_input__asymmetric_kernel] âœ˜ wrong_answer
2025-08-08 19:12:55,207 - openevolve.evaluator - INFO - Evaluated program e881876c-bd8c-4a9c-bcff-bc74a3713f6f in 17.10s: compiled=1.0000, correctness=0.0000, score=10.0000, stage=wrong_answer, verify_payload={'id': 'level1_69_conv_transposed_2D__asymmetric_input__asymmetric_kernel', 'result': {'compiled': True, 'correctness': False, 'metadata': {'hardware': 'NVIDIA L20Y', 'device': 'cuda:5', 'runtime_error': 'Traceback (most recent call last):\n  File "/cpfs01/shared/llm_kernel/hujiakai/KernelLLM/validation_api_server/helpers/evaluations.py", line 720, in run_and_check_correctness\n    output_new = model_new(*inputs)\n  File "/home/lijiaxing/.conda/envs/api/lib/python3.10/site-packages/torch/nn/modules/module.py", line 1773, in _wrapped_call_impl\n    return self._call_impl(*args, **kwargs)\n  File "/home/lijiaxing/.conda/envs/api/lib/python3.10/site-packages/torch/nn/modules/module.py", line 1784, in _call_impl\n    return forward_call(*args, **kwargs)\n  File "/tmp/tmpu6v1z7b7.py", line 148, in forward\n    conv_transpose2d_kernel[grid](\n  File "/home/lijiaxing/.conda/envs/api/lib/python3.10/site-packages/triton/runtime/jit.py", line 390, in <lambda>\n    return lambda *args, **kwargs: self.run(grid=grid, warmup=False, *args, **kwargs)\n  File "/home/lijiaxing/.conda/envs/api/lib/python3.10/site-packages/triton/runtime/autotuner.py", line 239, in run\n    benchmark()\n  File "/home/lijiaxing/.conda/envs/api/lib/python3.10/site-packages/triton/runtime/autotuner.py", line 228, in benchmark\n    timings = {config: self._bench(*args, config=config, **kwargs) for config in pruned_configs}\n  File "/home/lijiaxing/.conda/envs/api/lib/python3.10/site-packages/triton/runtime/autotuner.py", line 228, in <dictcomp>\n    timings = {config: self._bench(*args, config=config, **kwargs) for config in pruned_configs}\n  File "/home/lijiaxing/.conda/envs/api/lib/python3.10/site-packages/triton/runtime/autotuner.py", line 160, in _bench\n    return self.do_bench(kernel_call, quantiles=(0.5, 0.2, 0.8))\n  File "/home/lijiaxing/.conda/envs/api/lib/python3.10/site-packages/triton/testing.py", line 149, in do_bench\n    fn()\n  File "/home/lijiaxing/.conda/envs/api/lib/python3.10/site-packages/triton/runtime/autotuner.py", line 146, in kernel_call\n    self.fn.run(\n  File "/home/lijiaxing/.conda/envs/api/lib/python3.10/site-packages/triton/runtime/jit.py", line 610, in run\n    grid = grid(bound_args)\n  File "/tmp/tmpu6v1z7b7.py", line 144, in <lambda>\n    triton.cdiv(H_out, opt.BLOCK_H),\nAttributeError: \'dict\' object has no attribute \'BLOCK_H\'\n', 'runtime_error_name': 'builtins.AttributeError', 'reference_timing_ms': 0.0435, 'speed_up': -1.0, 'custom_timing': -1.0}, 'runtime': -1.0, 'runtime_stats': {}}}
2025-08-08 19:12:55,213 - openevolve.llm.ensemble - INFO - Sampled model: deepseek
2025-08-08 19:12:55,214 - openevolve.database - INFO - Population size (26) exceeds limit (25), removing 1 programs
2025-08-08 19:12:55,214 - openevolve.database - INFO - Population size after cleanup: 25
2025-08-08 19:12:55,227 - openevolve.threaded_parallel - INFO - Iteration 25: Program e881876c-bd8c-4a9c-bcff-bc74a3713f6f (parent: ae0a607e-a678-4135-915b-ef405bfcb4fb) completed in 1659.29s
2025-08-08 19:12:55,227 - openevolve.threaded_parallel - INFO - Metrics: compiled=1.0000, correctness=0.0000, score=10.0000, stage=wrong_answer, verify_payload={'id': 'level1_69_conv_transposed_2D__asymmetric_input__asymmetric_kernel', 'result': {'compiled': True, 'correctness': False, 'metadata': {'hardware': 'NVIDIA L20Y', 'device': 'cuda:5', 'runtime_error': 'Traceback (most recent call last):\n  File "/cpfs01/shared/llm_kernel/hujiakai/KernelLLM/validation_api_server/helpers/evaluations.py", line 720, in run_and_check_correctness\n    output_new = model_new(*inputs)\n  File "/home/lijiaxing/.conda/envs/api/lib/python3.10/site-packages/torch/nn/modules/module.py", line 1773, in _wrapped_call_impl\n    return self._call_impl(*args, **kwargs)\n  File "/home/lijiaxing/.conda/envs/api/lib/python3.10/site-packages/torch/nn/modules/module.py", line 1784, in _call_impl\n    return forward_call(*args, **kwargs)\n  File "/tmp/tmpu6v1z7b7.py", line 148, in forward\n    conv_transpose2d_kernel[grid](\n  File "/home/lijiaxing/.conda/envs/api/lib/python3.10/site-packages/triton/runtime/jit.py", line 390, in <lambda>\n    return lambda *args, **kwargs: self.run(grid=grid, warmup=False, *args, **kwargs)\n  File "/home/lijiaxing/.conda/envs/api/lib/python3.10/site-packages/triton/runtime/autotuner.py", line 239, in run\n    benchmark()\n  File "/home/lijiaxing/.conda/envs/api/lib/python3.10/site-packages/triton/runtime/autotuner.py", line 228, in benchmark\n    timings = {config: self._bench(*args, config=config, **kwargs) for config in pruned_configs}\n  File "/home/lijiaxing/.conda/envs/api/lib/python3.10/site-packages/triton/runtime/autotuner.py", line 228, in <dictcomp>\n    timings = {config: self._bench(*args, config=config, **kwargs) for config in pruned_configs}\n  File "/home/lijiaxing/.conda/envs/api/lib/python3.10/site-packages/triton/runtime/autotuner.py", line 160, in _bench\n    return self.do_bench(kernel_call, quantiles=(0.5, 0.2, 0.8))\n  File "/home/lijiaxing/.conda/envs/api/lib/python3.10/site-packages/triton/testing.py", line 149, in do_bench\n    fn()\n  File "/home/lijiaxing/.conda/envs/api/lib/python3.10/site-packages/triton/runtime/autotuner.py", line 146, in kernel_call\n    self.fn.run(\n  File "/home/lijiaxing/.conda/envs/api/lib/python3.10/site-packages/triton/runtime/jit.py", line 610, in run\n    grid = grid(bound_args)\n  File "/tmp/tmpu6v1z7b7.py", line 144, in <lambda>\n    triton.cdiv(H_out, opt.BLOCK_H),\nAttributeError: \'dict\' object has no attribute \'BLOCK_H\'\n', 'runtime_error_name': 'builtins.AttributeError', 'reference_timing_ms': 0.0435, 'speed_up': -1.0, 'custom_timing': -1.0}, 'runtime': -1.0, 'runtime_stats': {}}}
2025-08-08 19:12:56,396 - openevolve.RemoteSpeedupEvaluator - INFO - [level1_69_conv_transposed_2D__asymmetric_input__asymmetric_kernel] verify_plus request success
2025-08-08 19:12:56,396 - openevolve.RemoteSpeedupEvaluator - INFO - [level1_69_conv_transposed_2D__asymmetric_input__asymmetric_kernel] verify_plus response: {"id":"level1_69_conv_transposed_2D__asymmetric_input__asymmetric_kernel","result":{"compiled":true,"correctness":true,"metadata":{"hardware":"NVIDIA L20Y","device":"cuda:2","correctness_trials":"(5 / 5)","reference_timing_ms":0.0435,"speed_up":0.136,"custom_timing":0.321},"runtime":0.321,"runtime_stats":{"mean":0.321,"std":0.00492,"min":0.312,"max":0.343,"num_trials":100,"hardware":"NVIDIA L20Y","device":"cuda:2"}}}
2025-08-08 19:12:56,397 - openevolve.RemoteSpeedupEvaluator - INFO - [level1_69_conv_transposed_2D__asymmetric_input__asymmetric_kernel] âœ” success | speed_up=0.136  score=20.00
2025-08-08 19:12:56,397 - openevolve.evaluator - INFO - Evaluated program d735ec2d-347e-4c1e-9733-e84b67b2a327 in 18.28s: compiled=1.0000, correctness=1.0000, stage=success, passed=0.0000, score=20.0000, speed_up=0.1360, runtime_ms=0.3210, meta={'hardware': 'NVIDIA L20Y', 'device': 'cuda:2', 'correctness_trials': '(5 / 5)', 'reference_timing_ms': 0.0435, 'speed_up': 0.136, 'custom_timing': 0.321}
2025-08-08 19:12:56,399 - openevolve.database - INFO - MAP-Elites cell improved: {'score': 9, 'complexity': 9} (fitness: 10.000 -> 20.000)
2025-08-08 19:12:56,400 - openevolve.database - INFO - Population size (26) exceeds limit (25), removing 1 programs
2025-08-08 19:12:56,400 - openevolve.database - INFO - Population size after cleanup: 25
2025-08-08 19:12:56,401 - openevolve.llm.ensemble - INFO - Sampled model: deepseek
2025-08-08 19:12:56,411 - openevolve.threaded_parallel - INFO - Iteration 23: Program d735ec2d-347e-4c1e-9733-e84b67b2a327 (parent: 31137cce-76ba-45aa-b07a-48c1761a81c1) completed in 1761.76s
2025-08-08 19:12:56,411 - openevolve.threaded_parallel - INFO - Metrics: compiled=1.0000, correctness=1.0000, stage=success, passed=0.0000, score=20.0000, speed_up=0.1360, runtime_ms=0.3210, meta={'hardware': 'NVIDIA L20Y', 'device': 'cuda:2', 'correctness_trials': '(5 / 5)', 'reference_timing_ms': 0.0435, 'speed_up': 0.136, 'custom_timing': 0.321}
2025-08-08 19:15:08,957 - openevolve.RemoteSpeedupEvaluator - INFO - [level1_69_conv_transposed_2D__asymmetric_input__asymmetric_kernel] triton key words check pass
2025-08-08 19:15:08,958 - openevolve.RemoteSpeedupEvaluator - INFO - [level1_69_conv_transposed_2D__asymmetric_input__asymmetric_kernel] verify_plus payload: reference_code(2372 chars) + custom_code(7234 chars)
2025-08-08 19:15:13,053 - openevolve.RemoteSpeedupEvaluator - INFO - [level1_69_conv_transposed_2D__asymmetric_input__asymmetric_kernel] verify_plus request success
2025-08-08 19:15:13,053 - openevolve.RemoteSpeedupEvaluator - INFO - [level1_69_conv_transposed_2D__asymmetric_input__asymmetric_kernel] verify_plus response: {"id":"level1_69_conv_transposed_2D__asymmetric_input__asymmetric_kernel","result":{"compiled":true,"correctness":false,"metadata":{"hardware":"NVIDIA L20Y","device":"cuda:7","runtime_error":"Traceback (most recent call last):\n  File \"/cpfs01/shared/llm_kernel/hujiakai/KernelLLM/validation_api_server/helpers/evaluations.py\", line 720, in run_and_check_correctness\n    output_new = model_new(*inputs)\n  File \"/home/lijiaxing/.conda/envs/api/lib/python3.10/site-packages/torch/nn/modules/module.py\", line 1773, in _wrapped_call_impl\n    return self._call_impl(*args, **kwargs)\n  File \"/home/lijiaxing/.conda/envs/api/lib/python3.10/site-packages/torch/nn/modules/module.py\", line 1784, in _call_impl\n    return forward_call(*args, **kwargs)\n  File \"/tmp/tmpt3wanbbe.py\", line 160, in f
2025-08-08 19:15:13,054 - openevolve.RemoteSpeedupEvaluator - INFO - [level1_69_conv_transposed_2D__asymmetric_input__asymmetric_kernel] âœ˜ wrong_answer
2025-08-08 19:15:13,054 - openevolve.evaluator - INFO - Evaluated program 09b1adcd-a996-4ab5-a7d3-7dea0fd19a5f in 4.10s: compiled=1.0000, correctness=0.0000, score=10.0000, stage=wrong_answer, verify_payload={'id': 'level1_69_conv_transposed_2D__asymmetric_input__asymmetric_kernel', 'result': {'compiled': True, 'correctness': False, 'metadata': {'hardware': 'NVIDIA L20Y', 'device': 'cuda:7', 'runtime_error': 'Traceback (most recent call last):\n  File "/cpfs01/shared/llm_kernel/hujiakai/KernelLLM/validation_api_server/helpers/evaluations.py", line 720, in run_and_check_correctness\n    output_new = model_new(*inputs)\n  File "/home/lijiaxing/.conda/envs/api/lib/python3.10/site-packages/torch/nn/modules/module.py", line 1773, in _wrapped_call_impl\n    return self._call_impl(*args, **kwargs)\n  File "/home/lijiaxing/.conda/envs/api/lib/python3.10/site-packages/torch/nn/modules/module.py", line 1784, in _call_impl\n    return forward_call(*args, **kwargs)\n  File "/tmp/tmpt3wanbbe.py", line 160, in forward\n    conv_transpose2d_kernel[grid](\n  File "/home/lijiaxing/.conda/envs/api/lib/python3.10/site-packages/triton/runtime/jit.py", line 390, in <lambda>\n    return lambda *args, **kwargs: self.run(grid=grid, warmup=False, *args, **kwargs)\n  File "/home/lijiaxing/.conda/envs/api/lib/python3.10/site-packages/triton/runtime/jit.py", line 594, in run\n    kernel = self.compile(src, target=target, options=options.__dict__)\n  File "/home/lijiaxing/.conda/envs/api/lib/python3.10/site-packages/triton/compiler/compiler.py", line 281, in compile\n    key = f"{triton_key()}-{src.hash()}-{backend.hash()}-{options.hash()}-{str(sorted(env_vars.items()))}"\n  File "/home/lijiaxing/.conda/envs/api/lib/python3.10/site-packages/triton/compiler/compiler.py", line 78, in hash\n    key = f"{self.fn.cache_key}-{str(self.attrs)}-{sorted_sig}-{constants_key}"\n  File "/home/lijiaxing/.conda/envs/api/lib/python3.10/site-packages/triton/runtime/jit.py", line 696, in cache_key\n    dependencies_finder.visit(self.parse())\n  File "/home/lijiaxing/.conda/envs/api/lib/python3.10/ast.py", line 418, in visit\n    return visitor(node)\n  File "/home/lijiaxing/.conda/envs/api/lib/python3.10/ast.py", line 426, in generic_visit\n    self.visit(item)\n  File "/home/lijiaxing/.conda/envs/api/lib/python3.10/ast.py", line 418, in visit\n    return visitor(node)\n  File "/home/lijiaxing/.conda/envs/api/lib/python3.10/site-packages/triton/runtime/jit.py", line 163, in visit_FunctionDef\n    self.generic_visit(node)\n  File "/home/lijiaxing/.conda/envs/api/lib/python3.10/ast.py", line 426, in generic_visit\n    self.visit(item)\n  File "/home/lijiaxing/.conda/envs/api/lib/python3.10/ast.py", line 418, in visit\n    return visitor(node)\n  File "/home/lijiaxing/.conda/envs/api/lib/python3.10/ast.py", line 428, in generic_visit\n    self.visit(value)\n  File "/home/lijiaxing/.conda/envs/api/lib/python3.10/ast.py", line 418, in visit\n    return visitor(node)\n  File "/home/lijiaxing/.conda/envs/api/lib/python3.10/ast.py", line 428, in generic_visit\n    self.visit(value)\n  File "/home/lijiaxing/.conda/envs/api/lib/python3.10/ast.py", line 418, in visit\n    return visitor(node)\n  File "/home/lijiaxing/.conda/envs/api/lib/python3.10/site-packages/triton/runtime/jit.py", line 156, in visit_Attribute\n    ret = getattr(lhs, node.attr)\nAttributeError: module \'triton.language\' has no attribute \'smem_barrier\'\n', 'runtime_error_name': 'builtins.AttributeError', 'reference_timing_ms': 0.0435, 'speed_up': -1.0, 'custom_timing': -1.0}, 'runtime': -1.0, 'runtime_stats': {}}}
2025-08-08 19:15:13,059 - openevolve.llm.ensemble - INFO - Sampled model: deepseek
2025-08-08 19:15:13,062 - openevolve.database - INFO - Population size (26) exceeds limit (25), removing 1 programs
2025-08-08 19:15:13,062 - openevolve.database - INFO - Population size after cleanup: 25
2025-08-08 19:15:13,074 - openevolve.threaded_parallel - INFO - Iteration 26: Program 09b1adcd-a996-4ab5-a7d3-7dea0fd19a5f (parent: 31137cce-76ba-45aa-b07a-48c1761a81c1) completed in 1208.73s
2025-08-08 19:15:13,075 - openevolve.threaded_parallel - INFO - Metrics: compiled=1.0000, correctness=0.0000, score=10.0000, stage=wrong_answer, verify_payload={'id': 'level1_69_conv_transposed_2D__asymmetric_input__asymmetric_kernel', 'result': {'compiled': True, 'correctness': False, 'metadata': {'hardware': 'NVIDIA L20Y', 'device': 'cuda:7', 'runtime_error': 'Traceback (most recent call last):\n  File "/cpfs01/shared/llm_kernel/hujiakai/KernelLLM/validation_api_server/helpers/evaluations.py", line 720, in run_and_check_correctness\n    output_new = model_new(*inputs)\n  File "/home/lijiaxing/.conda/envs/api/lib/python3.10/site-packages/torch/nn/modules/module.py", line 1773, in _wrapped_call_impl\n    return self._call_impl(*args, **kwargs)\n  File "/home/lijiaxing/.conda/envs/api/lib/python3.10/site-packages/torch/nn/modules/module.py", line 1784, in _call_impl\n    return forward_call(*args, **kwargs)\n  File "/tmp/tmpt3wanbbe.py", line 160, in forward\n    conv_transpose2d_kernel[grid](\n  File "/home/lijiaxing/.conda/envs/api/lib/python3.10/site-packages/triton/runtime/jit.py", line 390, in <lambda>\n    return lambda *args, **kwargs: self.run(grid=grid, warmup=False, *args, **kwargs)\n  File "/home/lijiaxing/.conda/envs/api/lib/python3.10/site-packages/triton/runtime/jit.py", line 594, in run\n    kernel = self.compile(src, target=target, options=options.__dict__)\n  File "/home/lijiaxing/.conda/envs/api/lib/python3.10/site-packages/triton/compiler/compiler.py", line 281, in compile\n    key = f"{triton_key()}-{src.hash()}-{backend.hash()}-{options.hash()}-{str(sorted(env_vars.items()))}"\n  File "/home/lijiaxing/.conda/envs/api/lib/python3.10/site-packages/triton/compiler/compiler.py", line 78, in hash\n    key = f"{self.fn.cache_key}-{str(self.attrs)}-{sorted_sig}-{constants_key}"\n  File "/home/lijiaxing/.conda/envs/api/lib/python3.10/site-packages/triton/runtime/jit.py", line 696, in cache_key\n    dependencies_finder.visit(self.parse())\n  File "/home/lijiaxing/.conda/envs/api/lib/python3.10/ast.py", line 418, in visit\n    return visitor(node)\n  File "/home/lijiaxing/.conda/envs/api/lib/python3.10/ast.py", line 426, in generic_visit\n    self.visit(item)\n  File "/home/lijiaxing/.conda/envs/api/lib/python3.10/ast.py", line 418, in visit\n    return visitor(node)\n  File "/home/lijiaxing/.conda/envs/api/lib/python3.10/site-packages/triton/runtime/jit.py", line 163, in visit_FunctionDef\n    self.generic_visit(node)\n  File "/home/lijiaxing/.conda/envs/api/lib/python3.10/ast.py", line 426, in generic_visit\n    self.visit(item)\n  File "/home/lijiaxing/.conda/envs/api/lib/python3.10/ast.py", line 418, in visit\n    return visitor(node)\n  File "/home/lijiaxing/.conda/envs/api/lib/python3.10/ast.py", line 428, in generic_visit\n    self.visit(value)\n  File "/home/lijiaxing/.conda/envs/api/lib/python3.10/ast.py", line 418, in visit\n    return visitor(node)\n  File "/home/lijiaxing/.conda/envs/api/lib/python3.10/ast.py", line 428, in generic_visit\n    self.visit(value)\n  File "/home/lijiaxing/.conda/envs/api/lib/python3.10/ast.py", line 418, in visit\n    return visitor(node)\n  File "/home/lijiaxing/.conda/envs/api/lib/python3.10/site-packages/triton/runtime/jit.py", line 156, in visit_Attribute\n    ret = getattr(lhs, node.attr)\nAttributeError: module \'triton.language\' has no attribute \'smem_barrier\'\n', 'runtime_error_name': 'builtins.AttributeError', 'reference_timing_ms': 0.0435, 'speed_up': -1.0, 'custom_timing': -1.0}, 'runtime': -1.0, 'runtime_stats': {}}}
