2025-08-08 17:21:24,793 - openevolve.controller - INFO - Logging to openevolve_output/level1_76_conv_standard_1D_dilated_strided__/logs/openevolve_20250808_172124.log
2025-08-08 17:21:24,793 - openevolve.controller - INFO - Set random seed to 42 for reproducibility
2025-08-08 17:21:24,834 - openevolve.llm.ensemble - INFO - Initialized LLM ensemble with models: deepseek (weight: 0.80), deepseek (weight: 0.20)
2025-08-08 17:21:24,875 - openevolve.llm.ensemble - INFO - Initialized LLM ensemble with models: deepseek (weight: 0.80), deepseek (weight: 0.20)
2025-08-08 17:21:24,875 - openevolve.prompt.sampler - INFO - Set custom templates: system=evaluator_system_message, user=None
2025-08-08 17:21:24,876 - openevolve.database - INFO - Initialized program database with 0 programs
2025-08-08 17:21:24,896 - openevolve.evaluator - INFO - Successfully loaded evaluation function from openevolve_output/level1_76_conv_standard_1D_dilated_strided__/evaluation.py
2025-08-08 17:21:24,897 - openevolve.evaluator - INFO - Initialized evaluator with openevolve_output/level1_76_conv_standard_1D_dilated_strided__/evaluation.py
2025-08-08 17:21:24,897 - openevolve.controller - INFO - Initialized OpenEvolve with /tmp/dd830e9041ad1d934d363519f1955a3e.py
2025-08-08 17:21:24,897 - openevolve.controller - INFO - Adding initial program to database
2025-08-08 17:21:24,897 - openevolve.RemoteSpeedupEvaluator - INFO - [level1_76_conv_standard_1D_dilated_strided__] verify_plus payload: reference_code(1628 chars) + custom_code(1752 chars)
2025-08-08 17:21:27,592 - openevolve.RemoteSpeedupEvaluator - INFO - [level1_76_conv_standard_1D_dilated_strided__] verify_plus request success
2025-08-08 17:21:27,593 - openevolve.RemoteSpeedupEvaluator - INFO - [level1_76_conv_standard_1D_dilated_strided__] verify_plus response: {"id":"level1_76_conv_standard_1D_dilated_strided__","result":{"compiled":true,"correctness":true,"metadata":{"hardware":"NVIDIA L20Y","device":"cuda:1","correctness_trials":"(5 / 5)","reference_timing_ms":0.0348,"speed_up":1.126,"custom_timing":0.0309},"runtime":0.0309,"runtime_stats":{"mean":0.0309,"std":0.00205,"min":0.0288,"max":0.0453,"num_trials":100,"hardware":"NVIDIA L20Y","device":"cuda:1"}}}
2025-08-08 17:21:27,593 - openevolve.evaluator - INFO - Evaluated program 3d96afa1-257f-4245-aa50-9756cd6e08af in 2.70s: compiled=1.0000, correctness=1.0000, stage=reference code, passed=0.0000, score=0.0000, speed_up=1.0000, runtime_ms=0.0309, meta={'hardware': 'NVIDIA L20Y', 'device': 'cuda:1', 'correctness_trials': '(5 / 5)', 'reference_timing_ms': 0.0348, 'speed_up': 1.126, 'custom_timing': 0.0309}
2025-08-08 17:21:27,593 - openevolve.database - INFO - New MAP-Elites cell occupied: {'score': 0, 'complexity': 1}
2025-08-08 17:21:27,616 - openevolve.threaded_parallel - INFO - Initializing threaded evaluation pool with 3 workers
2025-08-08 17:21:27,617 - openevolve.threaded_parallel - INFO - Started thread pool with 3 threads
2025-08-08 17:21:27,617 - openevolve.threaded_parallel - INFO - Started improved parallel controller
2025-08-08 17:21:27,617 - openevolve.controller - INFO - Using island-based evolution with 3 islands
2025-08-08 17:21:27,617 - openevolve.database - INFO - Island Status:
2025-08-08 17:21:27,617 - openevolve.database - INFO -  * Island 0: 1 programs, best=0.0000, avg=0.0000, diversity=0.00, gen=0 (best: 3d96afa1-257f-4245-aa50-9756cd6e08af)
2025-08-08 17:21:27,617 - openevolve.database - INFO -    Island 1: 0 programs, best=0.0000, avg=0.0000, diversity=0.00, gen=0
2025-08-08 17:21:27,617 - openevolve.database - INFO -    Island 2: 0 programs, best=0.0000, avg=0.0000, diversity=0.00, gen=0
2025-08-08 17:21:27,617 - openevolve.threaded_parallel - INFO - Starting improved parallel evolution from iteration 0 for 30 iterations (total: 30)
2025-08-08 17:21:27,754 - openevolve.llm.ensemble - INFO - Initialized LLM ensemble with models: deepseek (weight: 0.80), deepseek (weight: 0.20)
2025-08-08 17:21:27,756 - openevolve.llm.ensemble - INFO - Initialized LLM ensemble with models: deepseek (weight: 0.80), deepseek (weight: 0.20)
2025-08-08 17:21:27,768 - openevolve.llm.ensemble - INFO - Initialized LLM ensemble with models: deepseek (weight: 0.80), deepseek (weight: 0.20)
2025-08-08 17:21:27,891 - openevolve.llm.ensemble - INFO - Initialized LLM ensemble with models: deepseek (weight: 0.80), deepseek (weight: 0.20)
2025-08-08 17:21:27,891 - openevolve.prompt.sampler - INFO - Set custom templates: system=evaluator_system_message, user=None
2025-08-08 17:21:27,893 - openevolve.llm.ensemble - INFO - Initialized LLM ensemble with models: deepseek (weight: 0.80), deepseek (weight: 0.20)
2025-08-08 17:21:27,893 - openevolve.evaluator - INFO - Successfully loaded evaluation function from openevolve_output/level1_76_conv_standard_1D_dilated_strided__/evaluation.py
2025-08-08 17:21:27,893 - openevolve.evaluator - INFO - Initialized evaluator with openevolve_output/level1_76_conv_standard_1D_dilated_strided__/evaluation.py
2025-08-08 17:21:27,894 - openevolve.prompt.sampler - INFO - Set custom templates: system=evaluator_system_message, user=None
2025-08-08 17:21:27,895 - openevolve.llm.ensemble - INFO - Sampled model: deepseek
2025-08-08 17:21:27,896 - openevolve.evaluator - INFO - Successfully loaded evaluation function from openevolve_output/level1_76_conv_standard_1D_dilated_strided__/evaluation.py
2025-08-08 17:21:27,897 - openevolve.evaluator - INFO - Initialized evaluator with openevolve_output/level1_76_conv_standard_1D_dilated_strided__/evaluation.py
2025-08-08 17:21:27,898 - openevolve.llm.ensemble - INFO - Sampled model: deepseek
2025-08-08 17:21:27,899 - openevolve.llm.ensemble - INFO - Initialized LLM ensemble with models: deepseek (weight: 0.80), deepseek (weight: 0.20)
2025-08-08 17:21:27,900 - openevolve.prompt.sampler - INFO - Set custom templates: system=evaluator_system_message, user=None
2025-08-08 17:21:27,901 - openevolve.evaluator - INFO - Successfully loaded evaluation function from openevolve_output/level1_76_conv_standard_1D_dilated_strided__/evaluation.py
2025-08-08 17:21:27,901 - openevolve.evaluator - INFO - Initialized evaluator with openevolve_output/level1_76_conv_standard_1D_dilated_strided__/evaluation.py
2025-08-08 17:21:27,903 - openevolve.llm.ensemble - INFO - Sampled model: deepseek
2025-08-08 17:31:54,957 - openevolve.RemoteSpeedupEvaluator - INFO - [level1_76_conv_standard_1D_dilated_strided__] triton key words check pass
2025-08-08 17:31:54,959 - openevolve.RemoteSpeedupEvaluator - INFO - [level1_76_conv_standard_1D_dilated_strided__] verify_plus payload: reference_code(1628 chars) + custom_code(3858 chars)
2025-08-08 17:31:58,076 - openevolve.RemoteSpeedupEvaluator - INFO - [level1_76_conv_standard_1D_dilated_strided__] verify_plus request success
2025-08-08 17:31:58,077 - openevolve.RemoteSpeedupEvaluator - INFO - [level1_76_conv_standard_1D_dilated_strided__] verify_plus response: {"id":"level1_76_conv_standard_1D_dilated_strided__","result":{"compiled":true,"correctness":false,"metadata":{"hardware":"NVIDIA L20Y","device":"cuda:7","runtime_error":"Traceback (most recent call last):\n  File \"/home/lijiaxing/.conda/envs/api/lib/python3.10/site-packages/triton/language/core.py\", line 42, in wrapper\n    return fn(*args, **kwargs)\n  File \"/home/lijiaxing/.conda/envs/api/lib/python3.10/site-packages/triton/language/core.py\", line 1654, in arange\n    return _semantic.arange(start, end)\n  File \"/home/lijiaxing/.conda/envs/api/lib/python3.10/site-packages/triton/language/semantic.py\", line 583, in arange\n    raise ValueError(\"arange's range must be a power of 2\")\nValueError: arange's range must be a power of 2\n\nThe above exception was the direct cause of the
2025-08-08 17:31:58,077 - openevolve.RemoteSpeedupEvaluator - INFO - [level1_76_conv_standard_1D_dilated_strided__] âœ˜ wrong_answer
2025-08-08 17:31:58,077 - openevolve.evaluator - INFO - Evaluated program d5429687-3dbb-40a4-93f8-dbd41a20cd76 in 3.12s: compiled=1.0000, correctness=0.0000, score=10.0000, stage=wrong_answer, verify_payload={'id': 'level1_76_conv_standard_1D_dilated_strided__', 'result': {'compiled': True, 'correctness': False, 'metadata': {'hardware': 'NVIDIA L20Y', 'device': 'cuda:7', 'runtime_error': 'Traceback (most recent call last):\n  File "/home/lijiaxing/.conda/envs/api/lib/python3.10/site-packages/triton/language/core.py", line 42, in wrapper\n    return fn(*args, **kwargs)\n  File "/home/lijiaxing/.conda/envs/api/lib/python3.10/site-packages/triton/language/core.py", line 1654, in arange\n    return _semantic.arange(start, end)\n  File "/home/lijiaxing/.conda/envs/api/lib/python3.10/site-packages/triton/language/semantic.py", line 583, in arange\n    raise ValueError("arange\'s range must be a power of 2")\nValueError: arange\'s range must be a power of 2\n\nThe above exception was the direct cause of the following exception:\n\nTraceback (most recent call last):\n  File "/cpfs01/shared/llm_kernel/hujiakai/KernelLLM/validation_api_server/helpers/evaluations.py", line 720, in run_and_check_correctness\n    output_new = model_new(*inputs)\n  File "/home/lijiaxing/.conda/envs/api/lib/python3.10/site-packages/torch/nn/modules/module.py", line 1773, in _wrapped_call_impl\n    return self._call_impl(*args, **kwargs)\n  File "/home/lijiaxing/.conda/envs/api/lib/python3.10/site-packages/torch/nn/modules/module.py", line 1784, in _call_impl\n    return forward_call(*args, **kwargs)\n  File "/tmp/tmpfnetjvar.py", line 99, in forward\n    _conv1d_kernel[grid](\n  File "/home/lijiaxing/.conda/envs/api/lib/python3.10/site-packages/triton/runtime/jit.py", line 390, in <lambda>\n    return lambda *args, **kwargs: self.run(grid=grid, warmup=False, *args, **kwargs)\n  File "/home/lijiaxing/.conda/envs/api/lib/python3.10/site-packages/triton/runtime/jit.py", line 594, in run\n    kernel = self.compile(src, target=target, options=options.__dict__)\n  File "/home/lijiaxing/.conda/envs/api/lib/python3.10/site-packages/triton/compiler/compiler.py", line 339, in compile\n    module = src.make_ir(options, codegen_fns, module_map, context)\n  File "/home/lijiaxing/.conda/envs/api/lib/python3.10/site-packages/triton/compiler/compiler.py", line 83, in make_ir\n    return ast_to_ttir(self.fn, self, context=context, options=options, codegen_fns=codegen_fns,\ntriton.compiler.errors.CompilationError: at 28:38:\n    pid_b = tl.program_id(0)\n    pid_c = tl.program_id(1)\n    pid_o = tl.program_id(2)\n\n    acc = 0.0\n    base_idx = pid_o * stride\n\n    for k in range(0, kernel_size):\n        idx = base_idx + k * dilation\n        if idx < length:\n            for in_c in range(0, in_channels, BLOCK_IN):\n                in_c_offsets = in_c + tl.arange(0, BLOCK_IN)\n                                      ^\n\n\nThe above exception was the direct cause of the following exception:\n\nTraceback (most recent call last):\n  File "/home/lijiaxing/.conda/envs/api/lib/python3.10/site-packages/triton/language/core.py", line 42, in wrapper\n    return fn(*args, **kwargs)\n  File "/home/lijiaxing/.conda/envs/api/lib/python3.10/site-packages/triton/language/core.py", line 1654, in arange\n    return _semantic.arange(start, end)\n  File "/home/lijiaxing/.conda/envs/api/lib/python3.10/site-packages/triton/language/semantic.py", line 583, in arange\n    raise ValueError("arange\'s range must be a power of 2")\nValueError: arange\'s range must be a power of 2\n', 'runtime_error_name': 'triton.compiler.errors.CompilationError', 'reference_timing_ms': 0.0348, 'speed_up': -1.0, 'custom_timing': -1.0}, 'runtime': -1.0, 'runtime_stats': {}}}
2025-08-08 17:31:58,081 - openevolve.llm.ensemble - INFO - Sampled model: deepseek
2025-08-08 17:31:58,088 - openevolve.database - INFO - New MAP-Elites cell occupied: {'score': 9, 'complexity': 9}
2025-08-08 17:31:58,088 - openevolve.database - INFO - New best program d5429687-3dbb-40a4-93f8-dbd41a20cd76 replaces 3d96afa1-257f-4245-aa50-9756cd6e08af
2025-08-08 17:31:58,100 - openevolve.threaded_parallel - INFO - Iteration 2: Program d5429687-3dbb-40a4-93f8-dbd41a20cd76 (parent: 3d96afa1-257f-4245-aa50-9756cd6e08af) completed in 630.18s
2025-08-08 17:31:58,101 - openevolve.threaded_parallel - INFO - Metrics: compiled=1.0000, correctness=0.0000, score=10.0000, stage=wrong_answer, verify_payload={'id': 'level1_76_conv_standard_1D_dilated_strided__', 'result': {'compiled': True, 'correctness': False, 'metadata': {'hardware': 'NVIDIA L20Y', 'device': 'cuda:7', 'runtime_error': 'Traceback (most recent call last):\n  File "/home/lijiaxing/.conda/envs/api/lib/python3.10/site-packages/triton/language/core.py", line 42, in wrapper\n    return fn(*args, **kwargs)\n  File "/home/lijiaxing/.conda/envs/api/lib/python3.10/site-packages/triton/language/core.py", line 1654, in arange\n    return _semantic.arange(start, end)\n  File "/home/lijiaxing/.conda/envs/api/lib/python3.10/site-packages/triton/language/semantic.py", line 583, in arange\n    raise ValueError("arange\'s range must be a power of 2")\nValueError: arange\'s range must be a power of 2\n\nThe above exception was the direct cause of the following exception:\n\nTraceback (most recent call last):\n  File "/cpfs01/shared/llm_kernel/hujiakai/KernelLLM/validation_api_server/helpers/evaluations.py", line 720, in run_and_check_correctness\n    output_new = model_new(*inputs)\n  File "/home/lijiaxing/.conda/envs/api/lib/python3.10/site-packages/torch/nn/modules/module.py", line 1773, in _wrapped_call_impl\n    return self._call_impl(*args, **kwargs)\n  File "/home/lijiaxing/.conda/envs/api/lib/python3.10/site-packages/torch/nn/modules/module.py", line 1784, in _call_impl\n    return forward_call(*args, **kwargs)\n  File "/tmp/tmpfnetjvar.py", line 99, in forward\n    _conv1d_kernel[grid](\n  File "/home/lijiaxing/.conda/envs/api/lib/python3.10/site-packages/triton/runtime/jit.py", line 390, in <lambda>\n    return lambda *args, **kwargs: self.run(grid=grid, warmup=False, *args, **kwargs)\n  File "/home/lijiaxing/.conda/envs/api/lib/python3.10/site-packages/triton/runtime/jit.py", line 594, in run\n    kernel = self.compile(src, target=target, options=options.__dict__)\n  File "/home/lijiaxing/.conda/envs/api/lib/python3.10/site-packages/triton/compiler/compiler.py", line 339, in compile\n    module = src.make_ir(options, codegen_fns, module_map, context)\n  File "/home/lijiaxing/.conda/envs/api/lib/python3.10/site-packages/triton/compiler/compiler.py", line 83, in make_ir\n    return ast_to_ttir(self.fn, self, context=context, options=options, codegen_fns=codegen_fns,\ntriton.compiler.errors.CompilationError: at 28:38:\n    pid_b = tl.program_id(0)\n    pid_c = tl.program_id(1)\n    pid_o = tl.program_id(2)\n\n    acc = 0.0\n    base_idx = pid_o * stride\n\n    for k in range(0, kernel_size):\n        idx = base_idx + k * dilation\n        if idx < length:\n            for in_c in range(0, in_channels, BLOCK_IN):\n                in_c_offsets = in_c + tl.arange(0, BLOCK_IN)\n                                      ^\n\n\nThe above exception was the direct cause of the following exception:\n\nTraceback (most recent call last):\n  File "/home/lijiaxing/.conda/envs/api/lib/python3.10/site-packages/triton/language/core.py", line 42, in wrapper\n    return fn(*args, **kwargs)\n  File "/home/lijiaxing/.conda/envs/api/lib/python3.10/site-packages/triton/language/core.py", line 1654, in arange\n    return _semantic.arange(start, end)\n  File "/home/lijiaxing/.conda/envs/api/lib/python3.10/site-packages/triton/language/semantic.py", line 583, in arange\n    raise ValueError("arange\'s range must be a power of 2")\nValueError: arange\'s range must be a power of 2\n', 'runtime_error_name': 'triton.compiler.errors.CompilationError', 'reference_timing_ms': 0.0348, 'speed_up': -1.0, 'custom_timing': -1.0}, 'runtime': -1.0, 'runtime_stats': {}}}
2025-08-08 17:31:58,101 - openevolve.threaded_parallel - INFO - ðŸŒŸ New best solution found at iteration 2: d5429687-3dbb-40a4-93f8-dbd41a20cd76
2025-08-08 17:34:54,388 - openevolve.RemoteSpeedupEvaluator - INFO - [level1_76_conv_standard_1D_dilated_strided__] triton key words check pass
2025-08-08 17:34:54,389 - openevolve.RemoteSpeedupEvaluator - INFO - [level1_76_conv_standard_1D_dilated_strided__] verify_plus payload: reference_code(1628 chars) + custom_code(4602 chars)
2025-08-08 17:34:57,279 - openevolve.RemoteSpeedupEvaluator - INFO - [level1_76_conv_standard_1D_dilated_strided__] verify_plus request success
2025-08-08 17:34:57,279 - openevolve.RemoteSpeedupEvaluator - INFO - [level1_76_conv_standard_1D_dilated_strided__] verify_plus response: {"id":"level1_76_conv_standard_1D_dilated_strided__","result":{"compiled":true,"correctness":false,"metadata":{"hardware":"NVIDIA L20Y","device":"cuda:6","runtime_error":"Traceback (most recent call last):\n  File \"/home/lijiaxing/.conda/envs/api/lib/python3.10/site-packages/triton/language/core.py\", line 42, in wrapper\n    return fn(*args, **kwargs)\n  File \"/home/lijiaxing/.conda/envs/api/lib/python3.10/site-packages/triton/language/core.py\", line 1654, in arange\n    return _semantic.arange(start, end)\n  File \"/home/lijiaxing/.conda/envs/api/lib/python3.10/site-packages/triton/language/semantic.py\", line 583, in arange\n    raise ValueError(\"arange's range must be a power of 2\")\nValueError: arange's range must be a power of 2\n\nThe above exception was the direct cause of the
2025-08-08 17:34:57,279 - openevolve.RemoteSpeedupEvaluator - INFO - [level1_76_conv_standard_1D_dilated_strided__] âœ˜ wrong_answer
2025-08-08 17:34:57,279 - openevolve.evaluator - INFO - Evaluated program 0ef7edfd-806d-49e3-8ab5-0946fcab827e in 2.89s: compiled=1.0000, correctness=0.0000, score=10.0000, stage=wrong_answer, verify_payload={'id': 'level1_76_conv_standard_1D_dilated_strided__', 'result': {'compiled': True, 'correctness': False, 'metadata': {'hardware': 'NVIDIA L20Y', 'device': 'cuda:6', 'runtime_error': 'Traceback (most recent call last):\n  File "/home/lijiaxing/.conda/envs/api/lib/python3.10/site-packages/triton/language/core.py", line 42, in wrapper\n    return fn(*args, **kwargs)\n  File "/home/lijiaxing/.conda/envs/api/lib/python3.10/site-packages/triton/language/core.py", line 1654, in arange\n    return _semantic.arange(start, end)\n  File "/home/lijiaxing/.conda/envs/api/lib/python3.10/site-packages/triton/language/semantic.py", line 583, in arange\n    raise ValueError("arange\'s range must be a power of 2")\nValueError: arange\'s range must be a power of 2\n\nThe above exception was the direct cause of the following exception:\n\nTraceback (most recent call last):\n  File "/cpfs01/shared/llm_kernel/hujiakai/KernelLLM/validation_api_server/helpers/evaluations.py", line 720, in run_and_check_correctness\n    output_new = model_new(*inputs)\n  File "/home/lijiaxing/.conda/envs/api/lib/python3.10/site-packages/torch/nn/modules/module.py", line 1773, in _wrapped_call_impl\n    return self._call_impl(*args, **kwargs)\n  File "/home/lijiaxing/.conda/envs/api/lib/python3.10/site-packages/torch/nn/modules/module.py", line 1784, in _call_impl\n    return forward_call(*args, **kwargs)\n  File "/tmp/tmpah6h7mg6.py", line 119, in forward\n    conv1d_forward_kernel[grid](\n  File "/home/lijiaxing/.conda/envs/api/lib/python3.10/site-packages/triton/runtime/jit.py", line 390, in <lambda>\n    return lambda *args, **kwargs: self.run(grid=grid, warmup=False, *args, **kwargs)\n  File "/home/lijiaxing/.conda/envs/api/lib/python3.10/site-packages/triton/runtime/jit.py", line 594, in run\n    kernel = self.compile(src, target=target, options=options.__dict__)\n  File "/home/lijiaxing/.conda/envs/api/lib/python3.10/site-packages/triton/compiler/compiler.py", line 339, in compile\n    module = src.make_ir(options, codegen_fns, module_map, context)\n  File "/home/lijiaxing/.conda/envs/api/lib/python3.10/site-packages/triton/compiler/compiler.py", line 83, in make_ir\n    return ast_to_ttir(self.fn, self, context=context, options=options, codegen_fns=codegen_fns,\ntriton.compiler.errors.CompilationError: at 31:17:\n        strides=(1,),\n        offsets=(lid * BLOCK_L,),\n        block_shape=(BLOCK_L,),\n        order=(0,)\n    )\n\n    # Initialize accumulator\n    acc = tl.zeros((BLOCK_L,), dtype=tl.float32)\n\n    # Loop over input channels in blocks\n    for c in range(0, C_in, BLOCK_C):\n        cc = c + tl.arange(0, BLOCK_C)\n                 ^\n\n\nThe above exception was the direct cause of the following exception:\n\nTraceback (most recent call last):\n  File "/home/lijiaxing/.conda/envs/api/lib/python3.10/site-packages/triton/language/core.py", line 42, in wrapper\n    return fn(*args, **kwargs)\n  File "/home/lijiaxing/.conda/envs/api/lib/python3.10/site-packages/triton/language/core.py", line 1654, in arange\n    return _semantic.arange(start, end)\n  File "/home/lijiaxing/.conda/envs/api/lib/python3.10/site-packages/triton/language/semantic.py", line 583, in arange\n    raise ValueError("arange\'s range must be a power of 2")\nValueError: arange\'s range must be a power of 2\n', 'runtime_error_name': 'triton.compiler.errors.CompilationError', 'reference_timing_ms': 0.0348, 'speed_up': -1.0, 'custom_timing': -1.0}, 'runtime': -1.0, 'runtime_stats': {}}}
2025-08-08 17:34:57,283 - openevolve.llm.ensemble - INFO - Sampled model: deepseek
2025-08-08 17:34:57,293 - openevolve.threaded_parallel - INFO - Iteration 0: Program 0ef7edfd-806d-49e3-8ab5-0946fcab827e (parent: 3d96afa1-257f-4245-aa50-9756cd6e08af) completed in 809.38s
2025-08-08 17:34:57,293 - openevolve.threaded_parallel - INFO - Metrics: compiled=1.0000, correctness=0.0000, score=10.0000, stage=wrong_answer, verify_payload={'id': 'level1_76_conv_standard_1D_dilated_strided__', 'result': {'compiled': True, 'correctness': False, 'metadata': {'hardware': 'NVIDIA L20Y', 'device': 'cuda:6', 'runtime_error': 'Traceback (most recent call last):\n  File "/home/lijiaxing/.conda/envs/api/lib/python3.10/site-packages/triton/language/core.py", line 42, in wrapper\n    return fn(*args, **kwargs)\n  File "/home/lijiaxing/.conda/envs/api/lib/python3.10/site-packages/triton/language/core.py", line 1654, in arange\n    return _semantic.arange(start, end)\n  File "/home/lijiaxing/.conda/envs/api/lib/python3.10/site-packages/triton/language/semantic.py", line 583, in arange\n    raise ValueError("arange\'s range must be a power of 2")\nValueError: arange\'s range must be a power of 2\n\nThe above exception was the direct cause of the following exception:\n\nTraceback (most recent call last):\n  File "/cpfs01/shared/llm_kernel/hujiakai/KernelLLM/validation_api_server/helpers/evaluations.py", line 720, in run_and_check_correctness\n    output_new = model_new(*inputs)\n  File "/home/lijiaxing/.conda/envs/api/lib/python3.10/site-packages/torch/nn/modules/module.py", line 1773, in _wrapped_call_impl\n    return self._call_impl(*args, **kwargs)\n  File "/home/lijiaxing/.conda/envs/api/lib/python3.10/site-packages/torch/nn/modules/module.py", line 1784, in _call_impl\n    return forward_call(*args, **kwargs)\n  File "/tmp/tmpah6h7mg6.py", line 119, in forward\n    conv1d_forward_kernel[grid](\n  File "/home/lijiaxing/.conda/envs/api/lib/python3.10/site-packages/triton/runtime/jit.py", line 390, in <lambda>\n    return lambda *args, **kwargs: self.run(grid=grid, warmup=False, *args, **kwargs)\n  File "/home/lijiaxing/.conda/envs/api/lib/python3.10/site-packages/triton/runtime/jit.py", line 594, in run\n    kernel = self.compile(src, target=target, options=options.__dict__)\n  File "/home/lijiaxing/.conda/envs/api/lib/python3.10/site-packages/triton/compiler/compiler.py", line 339, in compile\n    module = src.make_ir(options, codegen_fns, module_map, context)\n  File "/home/lijiaxing/.conda/envs/api/lib/python3.10/site-packages/triton/compiler/compiler.py", line 83, in make_ir\n    return ast_to_ttir(self.fn, self, context=context, options=options, codegen_fns=codegen_fns,\ntriton.compiler.errors.CompilationError: at 31:17:\n        strides=(1,),\n        offsets=(lid * BLOCK_L,),\n        block_shape=(BLOCK_L,),\n        order=(0,)\n    )\n\n    # Initialize accumulator\n    acc = tl.zeros((BLOCK_L,), dtype=tl.float32)\n\n    # Loop over input channels in blocks\n    for c in range(0, C_in, BLOCK_C):\n        cc = c + tl.arange(0, BLOCK_C)\n                 ^\n\n\nThe above exception was the direct cause of the following exception:\n\nTraceback (most recent call last):\n  File "/home/lijiaxing/.conda/envs/api/lib/python3.10/site-packages/triton/language/core.py", line 42, in wrapper\n    return fn(*args, **kwargs)\n  File "/home/lijiaxing/.conda/envs/api/lib/python3.10/site-packages/triton/language/core.py", line 1654, in arange\n    return _semantic.arange(start, end)\n  File "/home/lijiaxing/.conda/envs/api/lib/python3.10/site-packages/triton/language/semantic.py", line 583, in arange\n    raise ValueError("arange\'s range must be a power of 2")\nValueError: arange\'s range must be a power of 2\n', 'runtime_error_name': 'triton.compiler.errors.CompilationError', 'reference_timing_ms': 0.0348, 'speed_up': -1.0, 'custom_timing': -1.0}, 'runtime': -1.0, 'runtime_stats': {}}}
2025-08-08 17:34:57,293 - openevolve.threaded_parallel - INFO - Checkpoint interval reached at iteration 0
2025-08-08 17:34:57,294 - openevolve.database - INFO - Island Status:
2025-08-08 17:34:57,294 - openevolve.database - INFO -  * Island 0: 3 programs, best=10.0000, avg=6.6667, diversity=814.53, gen=2 (best: d5429687-3dbb-40a4-93f8-dbd41a20cd76)
2025-08-08 17:34:57,294 - openevolve.database - INFO -    Island 1: 0 programs, best=0.0000, avg=0.0000, diversity=0.00, gen=0
2025-08-08 17:34:57,294 - openevolve.database - INFO -    Island 2: 0 programs, best=0.0000, avg=0.0000, diversity=0.00, gen=0
2025-08-08 17:34:57,334 - openevolve.database - INFO - Saved database with 3 programs to openevolve_output/level1_76_conv_standard_1D_dilated_strided__/checkpoints/checkpoint_0
2025-08-08 17:34:57,350 - openevolve.controller - INFO - Saved best program at checkpoint 0 with metrics: compiled=1.0000, correctness=0.0000, score=10.0000, stage=wrong_answer, verify_payload={'id': 'level1_76_conv_standard_1D_dilated_strided__', 'result': {'compiled': True, 'correctness': False, 'metadata': {'hardware': 'NVIDIA L20Y', 'device': 'cuda:7', 'runtime_error': 'Traceback (most recent call last):\n  File "/home/lijiaxing/.conda/envs/api/lib/python3.10/site-packages/triton/language/core.py", line 42, in wrapper\n    return fn(*args, **kwargs)\n  File "/home/lijiaxing/.conda/envs/api/lib/python3.10/site-packages/triton/language/core.py", line 1654, in arange\n    return _semantic.arange(start, end)\n  File "/home/lijiaxing/.conda/envs/api/lib/python3.10/site-packages/triton/language/semantic.py", line 583, in arange\n    raise ValueError("arange\'s range must be a power of 2")\nValueError: arange\'s range must be a power of 2\n\nThe above exception was the direct cause of the following exception:\n\nTraceback (most recent call last):\n  File "/cpfs01/shared/llm_kernel/hujiakai/KernelLLM/validation_api_server/helpers/evaluations.py", line 720, in run_and_check_correctness\n    output_new = model_new(*inputs)\n  File "/home/lijiaxing/.conda/envs/api/lib/python3.10/site-packages/torch/nn/modules/module.py", line 1773, in _wrapped_call_impl\n    return self._call_impl(*args, **kwargs)\n  File "/home/lijiaxing/.conda/envs/api/lib/python3.10/site-packages/torch/nn/modules/module.py", line 1784, in _call_impl\n    return forward_call(*args, **kwargs)\n  File "/tmp/tmpfnetjvar.py", line 99, in forward\n    _conv1d_kernel[grid](\n  File "/home/lijiaxing/.conda/envs/api/lib/python3.10/site-packages/triton/runtime/jit.py", line 390, in <lambda>\n    return lambda *args, **kwargs: self.run(grid=grid, warmup=False, *args, **kwargs)\n  File "/home/lijiaxing/.conda/envs/api/lib/python3.10/site-packages/triton/runtime/jit.py", line 594, in run\n    kernel = self.compile(src, target=target, options=options.__dict__)\n  File "/home/lijiaxing/.conda/envs/api/lib/python3.10/site-packages/triton/compiler/compiler.py", line 339, in compile\n    module = src.make_ir(options, codegen_fns, module_map, context)\n  File "/home/lijiaxing/.conda/envs/api/lib/python3.10/site-packages/triton/compiler/compiler.py", line 83, in make_ir\n    return ast_to_ttir(self.fn, self, context=context, options=options, codegen_fns=codegen_fns,\ntriton.compiler.errors.CompilationError: at 28:38:\n    pid_b = tl.program_id(0)\n    pid_c = tl.program_id(1)\n    pid_o = tl.program_id(2)\n\n    acc = 0.0\n    base_idx = pid_o * stride\n\n    for k in range(0, kernel_size):\n        idx = base_idx + k * dilation\n        if idx < length:\n            for in_c in range(0, in_channels, BLOCK_IN):\n                in_c_offsets = in_c + tl.arange(0, BLOCK_IN)\n                                      ^\n\n\nThe above exception was the direct cause of the following exception:\n\nTraceback (most recent call last):\n  File "/home/lijiaxing/.conda/envs/api/lib/python3.10/site-packages/triton/language/core.py", line 42, in wrapper\n    return fn(*args, **kwargs)\n  File "/home/lijiaxing/.conda/envs/api/lib/python3.10/site-packages/triton/language/core.py", line 1654, in arange\n    return _semantic.arange(start, end)\n  File "/home/lijiaxing/.conda/envs/api/lib/python3.10/site-packages/triton/language/semantic.py", line 583, in arange\n    raise ValueError("arange\'s range must be a power of 2")\nValueError: arange\'s range must be a power of 2\n', 'runtime_error_name': 'triton.compiler.errors.CompilationError', 'reference_timing_ms': 0.0348, 'speed_up': -1.0, 'custom_timing': -1.0}, 'runtime': -1.0, 'runtime_stats': {}}}
2025-08-08 17:34:57,350 - openevolve.controller - INFO - Saved checkpoint at iteration 0 to openevolve_output/level1_76_conv_standard_1D_dilated_strided__/checkpoints/checkpoint_0
2025-08-08 17:35:06,407 - openevolve.RemoteSpeedupEvaluator - INFO - [level1_76_conv_standard_1D_dilated_strided__] triton key words check pass
2025-08-08 17:35:06,407 - openevolve.RemoteSpeedupEvaluator - INFO - [level1_76_conv_standard_1D_dilated_strided__] verify_plus payload: reference_code(1628 chars) + custom_code(4976 chars)
2025-08-08 17:35:09,356 - openevolve.RemoteSpeedupEvaluator - INFO - [level1_76_conv_standard_1D_dilated_strided__] verify_plus request success
2025-08-08 17:35:09,357 - openevolve.RemoteSpeedupEvaluator - INFO - [level1_76_conv_standard_1D_dilated_strided__] verify_plus response: {"id":"level1_76_conv_standard_1D_dilated_strided__","result":{"compiled":true,"correctness":false,"metadata":{"hardware":"NVIDIA L20Y","device":"cuda:0","runtime_error":"Traceback (most recent call last):\n  File \"/home/lijiaxing/.conda/envs/api/lib/python3.10/site-packages/triton/language/core.py\", line 42, in wrapper\n    return fn(*args, **kwargs)\n  File \"/home/lijiaxing/.conda/envs/api/lib/python3.10/site-packages/triton/language/core.py\", line 1654, in arange\n    return _semantic.arange(start, end)\n  File \"/home/lijiaxing/.conda/envs/api/lib/python3.10/site-packages/triton/language/semantic.py\", line 574, in arange\n    raise ValueError(\"arange's arguments must be of type tl.constexpr\")\nValueError: arange's arguments must be of type tl.constexpr\n\nThe above exception was
2025-08-08 17:35:09,357 - openevolve.RemoteSpeedupEvaluator - INFO - [level1_76_conv_standard_1D_dilated_strided__] âœ˜ wrong_answer
2025-08-08 17:35:09,357 - openevolve.evaluator - INFO - Evaluated program de7cb299-c357-4b30-92de-156ceaa483b1 in 2.95s: compiled=1.0000, correctness=0.0000, score=10.0000, stage=wrong_answer, verify_payload={'id': 'level1_76_conv_standard_1D_dilated_strided__', 'result': {'compiled': True, 'correctness': False, 'metadata': {'hardware': 'NVIDIA L20Y', 'device': 'cuda:0', 'runtime_error': 'Traceback (most recent call last):\n  File "/home/lijiaxing/.conda/envs/api/lib/python3.10/site-packages/triton/language/core.py", line 42, in wrapper\n    return fn(*args, **kwargs)\n  File "/home/lijiaxing/.conda/envs/api/lib/python3.10/site-packages/triton/language/core.py", line 1654, in arange\n    return _semantic.arange(start, end)\n  File "/home/lijiaxing/.conda/envs/api/lib/python3.10/site-packages/triton/language/semantic.py", line 574, in arange\n    raise ValueError("arange\'s arguments must be of type tl.constexpr")\nValueError: arange\'s arguments must be of type tl.constexpr\n\nThe above exception was the direct cause of the following exception:\n\nTraceback (most recent call last):\n  File "/cpfs01/shared/llm_kernel/hujiakai/KernelLLM/validation_api_server/helpers/evaluations.py", line 720, in run_and_check_correctness\n    output_new = model_new(*inputs)\n  File "/home/lijiaxing/.conda/envs/api/lib/python3.10/site-packages/torch/nn/modules/module.py", line 1773, in _wrapped_call_impl\n    return self._call_impl(*args, **kwargs)\n  File "/home/lijiaxing/.conda/envs/api/lib/python3.10/site-packages/torch/nn/modules/module.py", line 1784, in _call_impl\n    return forward_call(*args, **kwargs)\n  File "/tmp/tmphbvhv_qz.py", line 123, in forward\n    conv1d_kernel[grid](\n  File "/home/lijiaxing/.conda/envs/api/lib/python3.10/site-packages/triton/runtime/jit.py", line 390, in <lambda>\n    return lambda *args, **kwargs: self.run(grid=grid, warmup=False, *args, **kwargs)\n  File "/home/lijiaxing/.conda/envs/api/lib/python3.10/site-packages/triton/runtime/autotuner.py", line 239, in run\n    benchmark()\n  File "/home/lijiaxing/.conda/envs/api/lib/python3.10/site-packages/triton/runtime/autotuner.py", line 228, in benchmark\n    timings = {config: self._bench(*args, config=config, **kwargs) for config in pruned_configs}\n  File "/home/lijiaxing/.conda/envs/api/lib/python3.10/site-packages/triton/runtime/autotuner.py", line 228, in <dictcomp>\n    timings = {config: self._bench(*args, config=config, **kwargs) for config in pruned_configs}\n  File "/home/lijiaxing/.conda/envs/api/lib/python3.10/site-packages/triton/runtime/autotuner.py", line 160, in _bench\n    return self.do_bench(kernel_call, quantiles=(0.5, 0.2, 0.8))\n  File "/home/lijiaxing/.conda/envs/api/lib/python3.10/site-packages/triton/testing.py", line 149, in do_bench\n    fn()\n  File "/home/lijiaxing/.conda/envs/api/lib/python3.10/site-packages/triton/runtime/autotuner.py", line 146, in kernel_call\n    self.fn.run(\n  File "/home/lijiaxing/.conda/envs/api/lib/python3.10/site-packages/triton/runtime/jit.py", line 594, in run\n    kernel = self.compile(src, target=target, options=options.__dict__)\n  File "/home/lijiaxing/.conda/envs/api/lib/python3.10/site-packages/triton/compiler/compiler.py", line 339, in compile\n    module = src.make_ir(options, codegen_fns, module_map, context)\n  File "/home/lijiaxing/.conda/envs/api/lib/python3.10/site-packages/triton/compiler/compiler.py", line 83, in make_ir\n    return ast_to_ttir(self.fn, self, context=context, options=options, codegen_fns=codegen_fns,\ntriton.compiler.errors.CompilationError: at 37:41:\n    pid_block = tl.program_id(2)\n\n    # Create block pointers\n    block_start = pid_block * BLOCK_SIZE\n    offsets = block_start + tl.arange(0, BLOCK_SIZE)\n    mask = offsets < L_out\n\n    # Initialize accumulator\n    accumulator = tl.zeros((BLOCK_SIZE,), dtype=tl.float32)\n\n    # Calculate input positions\n    input_positions = offsets * stride + tl.arange(0, kernel_size) * dilation\n                                         ^\n\n\nThe above exception was the direct cause of the following exception:\n\nTraceback (most recent call last):\n  File "/home/lijiaxing/.conda/envs/api/lib/python3.10/site-packages/triton/language/core.py", line 42, in wrapper\n    return fn(*args, **kwargs)\n  File "/home/lijiaxing/.conda/envs/api/lib/python3.10/site-packages/triton/language/core.py", line 1654, in arange\n    return _semantic.arange(start, end)\n  File "/home/lijiaxing/.conda/envs/api/lib/python3.10/site-packages/triton/language/semantic.py", line 574, in arange\n    raise ValueError("arange\'s arguments must be of type tl.constexpr")\nValueError: arange\'s arguments must be of type tl.constexpr\n', 'runtime_error_name': 'triton.compiler.errors.CompilationError', 'reference_timing_ms': 0.0348, 'speed_up': -1.0, 'custom_timing': -1.0}, 'runtime': -1.0, 'runtime_stats': {}}}
2025-08-08 17:35:09,362 - openevolve.llm.ensemble - INFO - Sampled model: deepseek
2025-08-08 17:35:09,373 - openevolve.threaded_parallel - INFO - Iteration 1: Program de7cb299-c357-4b30-92de-156ceaa483b1 (parent: 3d96afa1-257f-4245-aa50-9756cd6e08af) completed in 821.46s
2025-08-08 17:35:09,374 - openevolve.threaded_parallel - INFO - Metrics: compiled=1.0000, correctness=0.0000, score=10.0000, stage=wrong_answer, verify_payload={'id': 'level1_76_conv_standard_1D_dilated_strided__', 'result': {'compiled': True, 'correctness': False, 'metadata': {'hardware': 'NVIDIA L20Y', 'device': 'cuda:0', 'runtime_error': 'Traceback (most recent call last):\n  File "/home/lijiaxing/.conda/envs/api/lib/python3.10/site-packages/triton/language/core.py", line 42, in wrapper\n    return fn(*args, **kwargs)\n  File "/home/lijiaxing/.conda/envs/api/lib/python3.10/site-packages/triton/language/core.py", line 1654, in arange\n    return _semantic.arange(start, end)\n  File "/home/lijiaxing/.conda/envs/api/lib/python3.10/site-packages/triton/language/semantic.py", line 574, in arange\n    raise ValueError("arange\'s arguments must be of type tl.constexpr")\nValueError: arange\'s arguments must be of type tl.constexpr\n\nThe above exception was the direct cause of the following exception:\n\nTraceback (most recent call last):\n  File "/cpfs01/shared/llm_kernel/hujiakai/KernelLLM/validation_api_server/helpers/evaluations.py", line 720, in run_and_check_correctness\n    output_new = model_new(*inputs)\n  File "/home/lijiaxing/.conda/envs/api/lib/python3.10/site-packages/torch/nn/modules/module.py", line 1773, in _wrapped_call_impl\n    return self._call_impl(*args, **kwargs)\n  File "/home/lijiaxing/.conda/envs/api/lib/python3.10/site-packages/torch/nn/modules/module.py", line 1784, in _call_impl\n    return forward_call(*args, **kwargs)\n  File "/tmp/tmphbvhv_qz.py", line 123, in forward\n    conv1d_kernel[grid](\n  File "/home/lijiaxing/.conda/envs/api/lib/python3.10/site-packages/triton/runtime/jit.py", line 390, in <lambda>\n    return lambda *args, **kwargs: self.run(grid=grid, warmup=False, *args, **kwargs)\n  File "/home/lijiaxing/.conda/envs/api/lib/python3.10/site-packages/triton/runtime/autotuner.py", line 239, in run\n    benchmark()\n  File "/home/lijiaxing/.conda/envs/api/lib/python3.10/site-packages/triton/runtime/autotuner.py", line 228, in benchmark\n    timings = {config: self._bench(*args, config=config, **kwargs) for config in pruned_configs}\n  File "/home/lijiaxing/.conda/envs/api/lib/python3.10/site-packages/triton/runtime/autotuner.py", line 228, in <dictcomp>\n    timings = {config: self._bench(*args, config=config, **kwargs) for config in pruned_configs}\n  File "/home/lijiaxing/.conda/envs/api/lib/python3.10/site-packages/triton/runtime/autotuner.py", line 160, in _bench\n    return self.do_bench(kernel_call, quantiles=(0.5, 0.2, 0.8))\n  File "/home/lijiaxing/.conda/envs/api/lib/python3.10/site-packages/triton/testing.py", line 149, in do_bench\n    fn()\n  File "/home/lijiaxing/.conda/envs/api/lib/python3.10/site-packages/triton/runtime/autotuner.py", line 146, in kernel_call\n    self.fn.run(\n  File "/home/lijiaxing/.conda/envs/api/lib/python3.10/site-packages/triton/runtime/jit.py", line 594, in run\n    kernel = self.compile(src, target=target, options=options.__dict__)\n  File "/home/lijiaxing/.conda/envs/api/lib/python3.10/site-packages/triton/compiler/compiler.py", line 339, in compile\n    module = src.make_ir(options, codegen_fns, module_map, context)\n  File "/home/lijiaxing/.conda/envs/api/lib/python3.10/site-packages/triton/compiler/compiler.py", line 83, in make_ir\n    return ast_to_ttir(self.fn, self, context=context, options=options, codegen_fns=codegen_fns,\ntriton.compiler.errors.CompilationError: at 37:41:\n    pid_block = tl.program_id(2)\n\n    # Create block pointers\n    block_start = pid_block * BLOCK_SIZE\n    offsets = block_start + tl.arange(0, BLOCK_SIZE)\n    mask = offsets < L_out\n\n    # Initialize accumulator\n    accumulator = tl.zeros((BLOCK_SIZE,), dtype=tl.float32)\n\n    # Calculate input positions\n    input_positions = offsets * stride + tl.arange(0, kernel_size) * dilation\n                                         ^\n\n\nThe above exception was the direct cause of the following exception:\n\nTraceback (most recent call last):\n  File "/home/lijiaxing/.conda/envs/api/lib/python3.10/site-packages/triton/language/core.py", line 42, in wrapper\n    return fn(*args, **kwargs)\n  File "/home/lijiaxing/.conda/envs/api/lib/python3.10/site-packages/triton/language/core.py", line 1654, in arange\n    return _semantic.arange(start, end)\n  File "/home/lijiaxing/.conda/envs/api/lib/python3.10/site-packages/triton/language/semantic.py", line 574, in arange\n    raise ValueError("arange\'s arguments must be of type tl.constexpr")\nValueError: arange\'s arguments must be of type tl.constexpr\n', 'runtime_error_name': 'triton.compiler.errors.CompilationError', 'reference_timing_ms': 0.0348, 'speed_up': -1.0, 'custom_timing': -1.0}, 'runtime': -1.0, 'runtime_stats': {}}}
2025-08-08 17:40:23,453 - openevolve.RemoteSpeedupEvaluator - INFO - [level1_76_conv_standard_1D_dilated_strided__] triton key words check pass
2025-08-08 17:40:23,454 - openevolve.RemoteSpeedupEvaluator - INFO - [level1_76_conv_standard_1D_dilated_strided__] verify_plus payload: reference_code(1628 chars) + custom_code(4212 chars)
2025-08-08 17:40:26,887 - openevolve.RemoteSpeedupEvaluator - INFO - [level1_76_conv_standard_1D_dilated_strided__] verify_plus request success
2025-08-08 17:40:26,887 - openevolve.RemoteSpeedupEvaluator - INFO - [level1_76_conv_standard_1D_dilated_strided__] verify_plus response: {"id":"level1_76_conv_standard_1D_dilated_strided__","result":{"compiled":true,"correctness":true,"metadata":{"hardware":"NVIDIA L20Y","device":"cuda:3","correctness_trials":"(5 / 5)","reference_timing_ms":0.0348,"speed_up":0.362,"custom_timing":0.0961},"runtime":0.0961,"runtime_stats":{"mean":0.0961,"std":0.00252,"min":0.093,"max":0.107,"num_trials":100,"hardware":"NVIDIA L20Y","device":"cuda:3"}}}
2025-08-08 17:40:26,887 - openevolve.RemoteSpeedupEvaluator - INFO - [level1_76_conv_standard_1D_dilated_strided__] âœ” success | speed_up=0.362  score=20.00
2025-08-08 17:40:26,888 - openevolve.evaluator - INFO - Evaluated program b13ce58c-c6fe-4cea-8a33-92853875b374 in 3.44s: compiled=1.0000, correctness=1.0000, stage=success, passed=0.0000, score=20.0000, speed_up=0.3620, runtime_ms=0.0961, meta={'hardware': 'NVIDIA L20Y', 'device': 'cuda:3', 'correctness_trials': '(5 / 5)', 'reference_timing_ms': 0.0348, 'speed_up': 0.362, 'custom_timing': 0.0961}
2025-08-08 17:40:26,890 - openevolve.database - INFO - New MAP-Elites cell occupied: {'score': 9, 'complexity': 7}
2025-08-08 17:40:26,891 - openevolve.database - INFO - New best program b13ce58c-c6fe-4cea-8a33-92853875b374 replaces d5429687-3dbb-40a4-93f8-dbd41a20cd76
2025-08-08 17:40:26,892 - openevolve.llm.ensemble - INFO - Sampled model: deepseek
2025-08-08 17:40:26,903 - openevolve.threaded_parallel - INFO - Iteration 4: Program b13ce58c-c6fe-4cea-8a33-92853875b374 (parent: 3d96afa1-257f-4245-aa50-9756cd6e08af) completed in 329.61s
2025-08-08 17:40:26,903 - openevolve.threaded_parallel - INFO - Metrics: compiled=1.0000, correctness=1.0000, stage=success, passed=0.0000, score=20.0000, speed_up=0.3620, runtime_ms=0.0961, meta={'hardware': 'NVIDIA L20Y', 'device': 'cuda:3', 'correctness_trials': '(5 / 5)', 'reference_timing_ms': 0.0348, 'speed_up': 0.362, 'custom_timing': 0.0961}
2025-08-08 17:40:26,903 - openevolve.threaded_parallel - INFO - ðŸŒŸ New best solution found at iteration 4: b13ce58c-c6fe-4cea-8a33-92853875b374
2025-08-08 17:41:15,020 - openevolve.RemoteSpeedupEvaluator - INFO - [level1_76_conv_standard_1D_dilated_strided__] âœ˜ invalid_answer 'import triton' is not found
2025-08-08 17:41:15,022 - openevolve.evaluator - INFO - Evaluated program c656413f-e2c9-4ef2-b53d-eae974514dd6 in 0.00s: compiled=0.0000, correctness=0.0000, score=-100.0000, stage=no_valid_triton_code, feedback=You need to generate real and valid triton code for the core function. The key word 'import triton' is not found.
2025-08-08 17:41:15,024 - openevolve.llm.ensemble - INFO - Sampled model: deepseek
2025-08-08 17:41:15,032 - openevolve.database - INFO - New MAP-Elites cell occupied: {'score': -1000, 'complexity': 0}
2025-08-08 17:41:15,043 - openevolve.threaded_parallel - INFO - Iteration 5: Program c656413f-e2c9-4ef2-b53d-eae974514dd6 (parent: d5429687-3dbb-40a4-93f8-dbd41a20cd76) completed in 365.66s
2025-08-08 17:41:15,043 - openevolve.threaded_parallel - INFO - Metrics: compiled=0.0000, correctness=0.0000, score=-100.0000, stage=no_valid_triton_code, feedback=You need to generate real and valid triton code for the core function. The key word 'import triton' is not found.
2025-08-08 17:44:43,201 - openevolve.RemoteSpeedupEvaluator - INFO - [level1_76_conv_standard_1D_dilated_strided__] triton key words check pass
2025-08-08 17:44:43,203 - openevolve.RemoteSpeedupEvaluator - INFO - [level1_76_conv_standard_1D_dilated_strided__] verify_plus payload: reference_code(1628 chars) + custom_code(4771 chars)
2025-08-08 17:44:46,027 - openevolve.RemoteSpeedupEvaluator - INFO - [level1_76_conv_standard_1D_dilated_strided__] verify_plus request success
2025-08-08 17:44:46,027 - openevolve.RemoteSpeedupEvaluator - INFO - [level1_76_conv_standard_1D_dilated_strided__] verify_plus response: {"id":"level1_76_conv_standard_1D_dilated_strided__","result":{"error":"name 'math' is not defined\nTraceback (most recent call last):\n  File \"/cpfs01/shared/llm_kernel/hujiakai/KernelLLM/validation_api_server/evaluator.py\", line 173, in _verification_worker\n    result: KernelExecResult = eval_kernel_against_ref(\n  File \"/cpfs01/shared/llm_kernel/hujiakai/KernelLLM/validation_api_server/helpers/evaluations.py\", line 484, in eval_kernel_against_ref\n    custom_model = ModelNew(*init_args, **init_kwargs)\n  File \"/tmp/tmpyy75wcmq.py\", line 20, in __init__\n    self.reset_parameters()\n  File \"/tmp/tmpyy75wcmq.py\", line 23, in reset_parameters\n    nn.init.kaiming_uniform_(self.weight, a=math.sqrt(5))\nNameError: name 'math' is not defined\n"}}
2025-08-08 17:44:46,028 - openevolve.RemoteSpeedupEvaluator - INFO - [level1_76_conv_standard_1D_dilated_strided__] âœ˜ compile_error
2025-08-08 17:44:46,028 - openevolve.RemoteSpeedupEvaluator - INFO - [level1_76_conv_standard_1D_dilated_strided___08e270] execute payload: {id:level1_76_conv_standard_1D_dilated_strided___08e270, device_type:NV_LY_20}
2025-08-08 17:44:48,255 - openevolve.RemoteSpeedupEvaluator - INFO - [level1_76_conv_standard_1D_dilated_strided___08e270] execute request success
2025-08-08 17:44:48,255 - openevolve.RemoteSpeedupEvaluator - INFO - [level1_76_conv_standard_1D_dilated_strided___08e270] execute response: {"id":"level1_76_conv_standard_1D_dilated_strided___08e270","exit_code":"1","content":"[Child] ç»‘å®š GPU 2, torch sees 1 device(s)\n\n[Exception]\nTraceback (most recent call last):\n  File \"/cpfs01/shared/llm_kernel/hujiakai/KernelLLM/validation_api_server/code_executor.py\", line 71, in _exec_worker\n    exec(textwrap.dedent(code_src), mod.__dict__)\n  File \"<string>\", line 58, in <module>\n  File \"/home/lijiaxing/.conda/envs/api/lib/python3.10/site-packages/triton/runtime/jit.py\", line 844, in jit\n    return decorator(fn)\n  File \"/home/lijiaxing/.conda/envs/api/lib/python3.10/site-packages/triton/runtime/jit.py\", line 832, in decorator\n    return JITFunction(\n  File \"/home/lijiaxing/.conda/envs/api/lib/python3.10/site-packages/triton/runtime/jit.py\", line 635, in __init__\n   
2025-08-08 17:44:48,256 - openevolve.evaluator - INFO - Evaluated program 8fdf835e-a426-4573-a305-3b78524aa7b0 in 5.06s: compiled=0.0000, correctness=0.0000, score=1.0000, stage=compile_error, compile_log=name 'math' is not defined
Traceback (most recent call last):
  File "/cpfs01/shared/llm_kernel/hujiakai/KernelLLM/validation_api_server/evaluator.py", line 173, in _verification_worker
    result: KernelExecResult = eval_kernel_against_ref(
  File "/cpfs01/shared/llm_kernel/hujiakai/KernelLLM/validation_api_server/helpers/evaluations.py", line 484, in eval_kernel_against_ref
    custom_model = ModelNew(*init_args, **init_kwargs)
  File "/tmp/tmpyy75wcmq.py", line 20, in __init__
    self.reset_parameters()
  File "/tmp/tmpyy75wcmq.py", line 23, in reset_parameters
    nn.init.kaiming_uniform_(self.weight, a=math.sqrt(5))
NameError: name 'math' is not defined
, exec_log=[Child] ç»‘å®š GPU 2, torch sees 1 device(s)

[Exception]
Traceback (most recent call last):
  File "/cpfs01/shared/llm_kernel/hujiakai/KernelLLM/validation_api_server/code_executor.py", line 71, in _exec_worker
    exec(textwrap.dedent(code_src), mod.__dict__)
  File "<string>", line 58, in <module>
  File "/home/lijiaxing/.conda/envs/api/lib/python3.10/site-packages/triton/runtime/jit.py", line 844, in jit
    return decorator(fn)
  File "/home/lijiaxing/.conda/envs/api/lib/python3.10/site-packages/triton/runtime/jit.py", line 832, in decorator
    return JITFunction(
  File "/home/lijiaxing/.conda/envs/api/lib/python3.10/site-packages/triton/runtime/jit.py", line 635, in __init__
    self.starting_line_number = inspect.getsourcelines(fn)[1]
  File "/home/lijiaxing/.conda/envs/api/lib/python3.10/inspect.py", line 1121, in getsourcelines
    lines, lnum = findsource(object)
  File "/home/lijiaxing/.conda/envs/api/lib/python3.10/inspect.py", line 958, in findsource
    raise OSError('could not get source code')
OSError: could not get source code
, exit_code=1
2025-08-08 17:44:48,260 - openevolve.llm.ensemble - INFO - Sampled model: deepseek
2025-08-08 17:44:48,278 - openevolve.threaded_parallel - INFO - Iteration 3: Program 8fdf835e-a426-4573-a305-3b78524aa7b0 (parent: 3d96afa1-257f-4245-aa50-9756cd6e08af) completed in 770.18s
2025-08-08 17:44:48,278 - openevolve.threaded_parallel - INFO - Metrics: compiled=0.0000, correctness=0.0000, score=1.0000, stage=compile_error, compile_log=name 'math' is not defined
Traceback (most recent call last):
  File "/cpfs01/shared/llm_kernel/hujiakai/KernelLLM/validation_api_server/evaluator.py", line 173, in _verification_worker
    result: KernelExecResult = eval_kernel_against_ref(
  File "/cpfs01/shared/llm_kernel/hujiakai/KernelLLM/validation_api_server/helpers/evaluations.py", line 484, in eval_kernel_against_ref
    custom_model = ModelNew(*init_args, **init_kwargs)
  File "/tmp/tmpyy75wcmq.py", line 20, in __init__
    self.reset_parameters()
  File "/tmp/tmpyy75wcmq.py", line 23, in reset_parameters
    nn.init.kaiming_uniform_(self.weight, a=math.sqrt(5))
NameError: name 'math' is not defined
, exec_log=[Child] ç»‘å®š GPU 2, torch sees 1 device(s)

[Exception]
Traceback (most recent call last):
  File "/cpfs01/shared/llm_kernel/hujiakai/KernelLLM/validation_api_server/code_executor.py", line 71, in _exec_worker
    exec(textwrap.dedent(code_src), mod.__dict__)
  File "<string>", line 58, in <module>
  File "/home/lijiaxing/.conda/envs/api/lib/python3.10/site-packages/triton/runtime/jit.py", line 844, in jit
    return decorator(fn)
  File "/home/lijiaxing/.conda/envs/api/lib/python3.10/site-packages/triton/runtime/jit.py", line 832, in decorator
    return JITFunction(
  File "/home/lijiaxing/.conda/envs/api/lib/python3.10/site-packages/triton/runtime/jit.py", line 635, in __init__
    self.starting_line_number = inspect.getsourcelines(fn)[1]
  File "/home/lijiaxing/.conda/envs/api/lib/python3.10/inspect.py", line 1121, in getsourcelines
    lines, lnum = findsource(object)
  File "/home/lijiaxing/.conda/envs/api/lib/python3.10/inspect.py", line 958, in findsource
    raise OSError('could not get source code')
OSError: could not get source code
, exit_code=1
2025-08-08 17:44:48,278 - openevolve.threaded_parallel - INFO - Checkpoint interval reached at iteration 3
2025-08-08 17:44:48,279 - openevolve.database - INFO - Island Status:
2025-08-08 17:44:48,279 - openevolve.database - INFO -    Island 0: 5 programs, best=10.0000, avg=6.2000, diversity=640.52, gen=3 (best: d5429687-3dbb-40a4-93f8-dbd41a20cd76)
2025-08-08 17:44:48,279 - openevolve.database - INFO -  * Island 1: 1 programs, best=20.0000, avg=20.0000, diversity=0.00, gen=2 (best: b13ce58c-c6fe-4cea-8a33-92853875b374)
2025-08-08 17:44:48,279 - openevolve.database - INFO -    Island 2: 1 programs, best=-100.0000, avg=-100.0000, diversity=0.00, gen=1 (best: c656413f-e2c9-4ef2-b53d-eae974514dd6)
2025-08-08 17:44:48,363 - openevolve.database - INFO - Saved database with 7 programs to openevolve_output/level1_76_conv_standard_1D_dilated_strided__/checkpoints/checkpoint_3
2025-08-08 17:44:48,378 - openevolve.controller - INFO - Saved best program at checkpoint 3 with metrics: compiled=1.0000, correctness=1.0000, stage=success, passed=0.0000, score=20.0000, speed_up=0.3620, runtime_ms=0.0961, meta={'hardware': 'NVIDIA L20Y', 'device': 'cuda:3', 'correctness_trials': '(5 / 5)', 'reference_timing_ms': 0.0348, 'speed_up': 0.362, 'custom_timing': 0.0961}
2025-08-08 17:44:48,378 - openevolve.controller - INFO - Saved checkpoint at iteration 3 to openevolve_output/level1_76_conv_standard_1D_dilated_strided__/checkpoints/checkpoint_3
2025-08-08 17:51:18,429 - openevolve.RemoteSpeedupEvaluator - INFO - [level1_76_conv_standard_1D_dilated_strided__] triton key words check pass
2025-08-08 17:51:18,431 - openevolve.RemoteSpeedupEvaluator - INFO - [level1_76_conv_standard_1D_dilated_strided__] verify_plus payload: reference_code(1628 chars) + custom_code(5322 chars)
2025-08-08 17:51:21,022 - openevolve.RemoteSpeedupEvaluator - INFO - [level1_76_conv_standard_1D_dilated_strided__] verify_plus request success
2025-08-08 17:51:21,022 - openevolve.RemoteSpeedupEvaluator - INFO - [level1_76_conv_standard_1D_dilated_strided__] verify_plus response: {"id":"level1_76_conv_standard_1D_dilated_strided__","result":{"compiled":true,"correctness":false,"metadata":{"hardware":"NVIDIA L20Y","device":"cuda:3","runtime_error":"Traceback (most recent call last):\n  File \"/cpfs01/shared/llm_kernel/hujiakai/KernelLLM/validation_api_server/helpers/evaluations.py\", line 720, in run_and_check_correctness\n    output_new = model_new(*inputs)\n  File \"/home/lijiaxing/.conda/envs/api/lib/python3.10/site-packages/torch/nn/modules/module.py\", line 1773, in _wrapped_call_impl\n    return self._call_impl(*args, **kwargs)\n  File \"/home/lijiaxing/.conda/envs/api/lib/python3.10/site-packages/torch/nn/modules/module.py\", line 1784, in _call_impl\n    return forward_call(*args, **kwargs)\n  File \"/tmp/tmpgviynwtq.py\", line 128, in forward\n    conv1d_ke
2025-08-08 17:51:21,023 - openevolve.RemoteSpeedupEvaluator - INFO - [level1_76_conv_standard_1D_dilated_strided__] âœ˜ wrong_answer
2025-08-08 17:51:21,023 - openevolve.evaluator - INFO - Evaluated program 8b3ca70a-c9d2-4eb6-8868-0d3f27b618d5 in 2.59s: compiled=1.0000, correctness=0.0000, score=10.0000, stage=wrong_answer, verify_payload={'id': 'level1_76_conv_standard_1D_dilated_strided__', 'result': {'compiled': True, 'correctness': False, 'metadata': {'hardware': 'NVIDIA L20Y', 'device': 'cuda:3', 'runtime_error': 'Traceback (most recent call last):\n  File "/cpfs01/shared/llm_kernel/hujiakai/KernelLLM/validation_api_server/helpers/evaluations.py", line 720, in run_and_check_correctness\n    output_new = model_new(*inputs)\n  File "/home/lijiaxing/.conda/envs/api/lib/python3.10/site-packages/torch/nn/modules/module.py", line 1773, in _wrapped_call_impl\n    return self._call_impl(*args, **kwargs)\n  File "/home/lijiaxing/.conda/envs/api/lib/python3.10/site-packages/torch/nn/modules/module.py", line 1784, in _call_impl\n    return forward_call(*args, **kwargs)\n  File "/tmp/tmpgviynwtq.py", line 128, in forward\n    conv1d_kernel[grid](\n  File "/home/lijiaxing/.conda/envs/api/lib/python3.10/site-packages/triton/runtime/jit.py", line 390, in <lambda>\n    return lambda *args, **kwargs: self.run(grid=grid, warmup=False, *args, **kwargs)\n  File "/home/lijiaxing/.conda/envs/api/lib/python3.10/site-packages/triton/runtime/autotuner.py", line 239, in run\n    benchmark()\n  File "/home/lijiaxing/.conda/envs/api/lib/python3.10/site-packages/triton/runtime/autotuner.py", line 228, in benchmark\n    timings = {config: self._bench(*args, config=config, **kwargs) for config in pruned_configs}\n  File "/home/lijiaxing/.conda/envs/api/lib/python3.10/site-packages/triton/runtime/autotuner.py", line 228, in <dictcomp>\n    timings = {config: self._bench(*args, config=config, **kwargs) for config in pruned_configs}\n  File "/home/lijiaxing/.conda/envs/api/lib/python3.10/site-packages/triton/runtime/autotuner.py", line 135, in _bench\n    raise ValueError(f"Conflicting meta-parameters: {\', \'.join(conflicts)}."\nValueError: Conflicting meta-parameters: BLOCK_C. Make sure that you don\'t re-define auto-tuned symbols.\n', 'runtime_error_name': 'builtins.ValueError', 'reference_timing_ms': 0.0348, 'speed_up': -1.0, 'custom_timing': -1.0}, 'runtime': -1.0, 'runtime_stats': {}}}
2025-08-08 17:51:21,026 - openevolve.llm.ensemble - INFO - Sampled model: deepseek
2025-08-08 17:51:21,039 - openevolve.threaded_parallel - INFO - Iteration 6: Program 8b3ca70a-c9d2-4eb6-8868-0d3f27b618d5 (parent: de7cb299-c357-4b30-92de-156ceaa483b1) completed in 654.13s
2025-08-08 17:51:21,039 - openevolve.threaded_parallel - INFO - Metrics: compiled=1.0000, correctness=0.0000, score=10.0000, stage=wrong_answer, verify_payload={'id': 'level1_76_conv_standard_1D_dilated_strided__', 'result': {'compiled': True, 'correctness': False, 'metadata': {'hardware': 'NVIDIA L20Y', 'device': 'cuda:3', 'runtime_error': 'Traceback (most recent call last):\n  File "/cpfs01/shared/llm_kernel/hujiakai/KernelLLM/validation_api_server/helpers/evaluations.py", line 720, in run_and_check_correctness\n    output_new = model_new(*inputs)\n  File "/home/lijiaxing/.conda/envs/api/lib/python3.10/site-packages/torch/nn/modules/module.py", line 1773, in _wrapped_call_impl\n    return self._call_impl(*args, **kwargs)\n  File "/home/lijiaxing/.conda/envs/api/lib/python3.10/site-packages/torch/nn/modules/module.py", line 1784, in _call_impl\n    return forward_call(*args, **kwargs)\n  File "/tmp/tmpgviynwtq.py", line 128, in forward\n    conv1d_kernel[grid](\n  File "/home/lijiaxing/.conda/envs/api/lib/python3.10/site-packages/triton/runtime/jit.py", line 390, in <lambda>\n    return lambda *args, **kwargs: self.run(grid=grid, warmup=False, *args, **kwargs)\n  File "/home/lijiaxing/.conda/envs/api/lib/python3.10/site-packages/triton/runtime/autotuner.py", line 239, in run\n    benchmark()\n  File "/home/lijiaxing/.conda/envs/api/lib/python3.10/site-packages/triton/runtime/autotuner.py", line 228, in benchmark\n    timings = {config: self._bench(*args, config=config, **kwargs) for config in pruned_configs}\n  File "/home/lijiaxing/.conda/envs/api/lib/python3.10/site-packages/triton/runtime/autotuner.py", line 228, in <dictcomp>\n    timings = {config: self._bench(*args, config=config, **kwargs) for config in pruned_configs}\n  File "/home/lijiaxing/.conda/envs/api/lib/python3.10/site-packages/triton/runtime/autotuner.py", line 135, in _bench\n    raise ValueError(f"Conflicting meta-parameters: {\', \'.join(conflicts)}."\nValueError: Conflicting meta-parameters: BLOCK_C. Make sure that you don\'t re-define auto-tuned symbols.\n', 'runtime_error_name': 'builtins.ValueError', 'reference_timing_ms': 0.0348, 'speed_up': -1.0, 'custom_timing': -1.0}, 'runtime': -1.0, 'runtime_stats': {}}}
2025-08-08 17:51:21,039 - openevolve.threaded_parallel - INFO - Checkpoint interval reached at iteration 6
2025-08-08 17:51:21,040 - openevolve.database - INFO - Island Status:
2025-08-08 17:51:21,040 - openevolve.database - INFO -    Island 0: 5 programs, best=10.0000, avg=6.2000, diversity=640.52, gen=3 (best: d5429687-3dbb-40a4-93f8-dbd41a20cd76)
2025-08-08 17:51:21,040 - openevolve.database - INFO -    Island 1: 2 programs, best=20.0000, avg=15.0000, diversity=395.00, gen=2 (best: b13ce58c-c6fe-4cea-8a33-92853875b374)
2025-08-08 17:51:21,040 - openevolve.database - INFO -  * Island 2: 1 programs, best=-100.0000, avg=-100.0000, diversity=0.00, gen=2 (best: c656413f-e2c9-4ef2-b53d-eae974514dd6)
2025-08-08 17:51:21,134 - openevolve.database - INFO - Saved database with 8 programs to openevolve_output/level1_76_conv_standard_1D_dilated_strided__/checkpoints/checkpoint_6
2025-08-08 17:51:21,151 - openevolve.controller - INFO - Saved best program at checkpoint 6 with metrics: compiled=1.0000, correctness=1.0000, stage=success, passed=0.0000, score=20.0000, speed_up=0.3620, runtime_ms=0.0961, meta={'hardware': 'NVIDIA L20Y', 'device': 'cuda:3', 'correctness_trials': '(5 / 5)', 'reference_timing_ms': 0.0348, 'speed_up': 0.362, 'custom_timing': 0.0961}
2025-08-08 17:51:21,151 - openevolve.controller - INFO - Saved checkpoint at iteration 6 to openevolve_output/level1_76_conv_standard_1D_dilated_strided__/checkpoints/checkpoint_6
2025-08-08 17:52:04,485 - openevolve.RemoteSpeedupEvaluator - INFO - [level1_76_conv_standard_1D_dilated_strided__] triton key words check pass
2025-08-08 17:52:04,487 - openevolve.RemoteSpeedupEvaluator - INFO - [level1_76_conv_standard_1D_dilated_strided__] verify_plus payload: reference_code(1628 chars) + custom_code(4133 chars)
2025-08-08 17:52:07,605 - openevolve.RemoteSpeedupEvaluator - INFO - [level1_76_conv_standard_1D_dilated_strided__] verify_plus request success
2025-08-08 17:52:07,605 - openevolve.RemoteSpeedupEvaluator - INFO - [level1_76_conv_standard_1D_dilated_strided__] verify_plus response: {"id":"level1_76_conv_standard_1D_dilated_strided__","result":{"compiled":true,"correctness":true,"metadata":{"hardware":"NVIDIA L20Y","device":"cuda:1","correctness_trials":"(5 / 5)","reference_timing_ms":0.0348,"speed_up":0.311,"custom_timing":0.112},"runtime":0.112,"runtime_stats":{"mean":0.112,"std":0.00422,"min":0.109,"max":0.144,"num_trials":100,"hardware":"NVIDIA L20Y","device":"cuda:1"}}}
2025-08-08 17:52:07,605 - openevolve.RemoteSpeedupEvaluator - INFO - [level1_76_conv_standard_1D_dilated_strided__] âœ” success | speed_up=0.311  score=20.00
2025-08-08 17:52:07,606 - openevolve.evaluator - INFO - Evaluated program 54ad8959-f3fb-4e74-aac0-448d4f5e99f1 in 3.12s: compiled=1.0000, correctness=1.0000, stage=success, passed=0.0000, score=20.0000, speed_up=0.3110, runtime_ms=0.1120, meta={'hardware': 'NVIDIA L20Y', 'device': 'cuda:1', 'correctness_trials': '(5 / 5)', 'reference_timing_ms': 0.0348, 'speed_up': 0.311, 'custom_timing': 0.112}
2025-08-08 17:52:07,608 - openevolve.llm.ensemble - INFO - Sampled model: deepseek
2025-08-08 17:52:07,624 - openevolve.threaded_parallel - INFO - Iteration 8: Program 54ad8959-f3fb-4e74-aac0-448d4f5e99f1 (parent: d5429687-3dbb-40a4-93f8-dbd41a20cd76) completed in 439.35s
2025-08-08 17:52:07,624 - openevolve.threaded_parallel - INFO - Metrics: compiled=1.0000, correctness=1.0000, stage=success, passed=0.0000, score=20.0000, speed_up=0.3110, runtime_ms=0.1120, meta={'hardware': 'NVIDIA L20Y', 'device': 'cuda:1', 'correctness_trials': '(5 / 5)', 'reference_timing_ms': 0.0348, 'speed_up': 0.311, 'custom_timing': 0.112}
2025-08-08 17:57:47,684 - openevolve.RemoteSpeedupEvaluator - INFO - [level1_76_conv_standard_1D_dilated_strided__] triton key words check pass
2025-08-08 17:57:47,686 - openevolve.RemoteSpeedupEvaluator - INFO - [level1_76_conv_standard_1D_dilated_strided__] verify_plus payload: reference_code(1628 chars) + custom_code(4947 chars)
2025-08-08 17:57:50,545 - openevolve.RemoteSpeedupEvaluator - INFO - [level1_76_conv_standard_1D_dilated_strided__] verify_plus request success
2025-08-08 17:57:50,545 - openevolve.RemoteSpeedupEvaluator - INFO - [level1_76_conv_standard_1D_dilated_strided__] verify_plus response: {"id":"level1_76_conv_standard_1D_dilated_strided__","result":{"compiled":true,"correctness":false,"metadata":{"hardware":"NVIDIA L20Y","device":"cuda:6","runtime_error":"Traceback (most recent call last):\n  File \"/home/lijiaxing/.conda/envs/api/lib/python3.10/site-packages/triton/language/core.py\", line 42, in wrapper\n    return fn(*args, **kwargs)\n  File \"/home/lijiaxing/.conda/envs/api/lib/python3.10/site-packages/triton/language/core.py\", line 1693, in full\n    shape = _shape_check_impl(shape)\n  File \"/home/lijiaxing/.conda/envs/api/lib/python3.10/site-packages/triton/language/core.py\", line 1677, in _shape_check_impl\n    validate_block_shape(shape)\n  File \"/home/lijiaxing/.conda/envs/api/lib/python3.10/site-packages/triton/_utils.py\", line 50, in validate_block_shape\n 
2025-08-08 17:57:50,545 - openevolve.RemoteSpeedupEvaluator - INFO - [level1_76_conv_standard_1D_dilated_strided__] âœ˜ wrong_answer
2025-08-08 17:57:50,545 - openevolve.evaluator - INFO - Evaluated program d9fcb6b2-e430-42bf-a611-977fc841b818 in 2.86s: compiled=1.0000, correctness=0.0000, score=10.0000, stage=wrong_answer, verify_payload={'id': 'level1_76_conv_standard_1D_dilated_strided__', 'result': {'compiled': True, 'correctness': False, 'metadata': {'hardware': 'NVIDIA L20Y', 'device': 'cuda:6', 'runtime_error': 'Traceback (most recent call last):\n  File "/home/lijiaxing/.conda/envs/api/lib/python3.10/site-packages/triton/language/core.py", line 42, in wrapper\n    return fn(*args, **kwargs)\n  File "/home/lijiaxing/.conda/envs/api/lib/python3.10/site-packages/triton/language/core.py", line 1693, in full\n    shape = _shape_check_impl(shape)\n  File "/home/lijiaxing/.conda/envs/api/lib/python3.10/site-packages/triton/language/core.py", line 1677, in _shape_check_impl\n    validate_block_shape(shape)\n  File "/home/lijiaxing/.conda/envs/api/lib/python3.10/site-packages/triton/_utils.py", line 50, in validate_block_shape\n    raise TypeError(f"Shape element {i} must have type `constexpr[int]`, got `constexpr[{type(d)}]")\nTypeError: Shape element 1 must have type `constexpr[int]`, got `constexpr[<class \'triton.language.core.tensor\'>]\n\nThe above exception was the direct cause of the following exception:\n\ntriton.compiler.errors.CompilationError: at 10:11:\ndef zeros(shape, dtype):\n    """\n    Returns a tensor filled with the scalar value 0 for the given :code:`shape` and :code:`dtype`.\n\n    :param shape: Shape of the new array, e.g., (8, 16) or (8, )\n    :type shape: tuple of ints\n    :param dtype: Data-type of the new array, e.g., :code:`tl.float16`\n    :type dtype: DType\n    """\n    return core.full(shape, 0, dtype)\n           ^\n\nThe above exception was the direct cause of the following exception:\n\nTraceback (most recent call last):\n  File "/cpfs01/shared/llm_kernel/hujiakai/KernelLLM/validation_api_server/helpers/evaluations.py", line 720, in run_and_check_correctness\n    output_new = model_new(*inputs)\n  File "/home/lijiaxing/.conda/envs/api/lib/python3.10/site-packages/torch/nn/modules/module.py", line 1773, in _wrapped_call_impl\n    return self._call_impl(*args, **kwargs)\n  File "/home/lijiaxing/.conda/envs/api/lib/python3.10/site-packages/torch/nn/modules/module.py", line 1784, in _call_impl\n    return forward_call(*args, **kwargs)\n  File "/tmp/tmpbv8ibmen.py", line 125, in forward\n    _conv1d_kernel[grid](\n  File "/home/lijiaxing/.conda/envs/api/lib/python3.10/site-packages/triton/runtime/jit.py", line 390, in <lambda>\n    return lambda *args, **kwargs: self.run(grid=grid, warmup=False, *args, **kwargs)\n  File "/home/lijiaxing/.conda/envs/api/lib/python3.10/site-packages/triton/runtime/jit.py", line 594, in run\n    kernel = self.compile(src, target=target, options=options.__dict__)\n  File "/home/lijiaxing/.conda/envs/api/lib/python3.10/site-packages/triton/compiler/compiler.py", line 339, in compile\n    module = src.make_ir(options, codegen_fns, module_map, context)\n  File "/home/lijiaxing/.conda/envs/api/lib/python3.10/site-packages/triton/compiler/compiler.py", line 83, in make_ir\n    return ast_to_ttir(self.fn, self, context=context, options=options, codegen_fns=codegen_fns,\ntriton.compiler.errors.CompilationError: at 34:18:\n    mask_o = tl.arange(0, BLOCK_O) < (L_out - start_o)\n\n    acc0 = 0.0\n    acc1 = 0.0\n    acc2 = 0.0\n    acc3 = 0.0\n\n    for in_c in range(0, in_channels, BLOCK_IN):\n        in_c_offsets = tl.arange(0, BLOCK_IN)\n        channel_mask = in_c_offsets < (in_channels - in_c)\n\n        w_block = tl.zeros((BLOCK_IN, kernel_size), dtype=tl.float32)\n                  ^\n\n\nThe above exception was the direct cause of the following exception:\n\nTraceback (most recent call last):\n  File "/home/lijiaxing/.conda/envs/api/lib/python3.10/site-packages/triton/language/core.py", line 42, in wrapper\n    return fn(*args, **kwargs)\n  File "/home/lijiaxing/.conda/envs/api/lib/python3.10/site-packages/triton/language/core.py", line 1693, in full\n    shape = _shape_check_impl(shape)\n  File "/home/lijiaxing/.conda/envs/api/lib/python3.10/site-packages/triton/language/core.py", line 1677, in _shape_check_impl\n    validate_block_shape(shape)\n  File "/home/lijiaxing/.conda/envs/api/lib/python3.10/site-packages/triton/_utils.py", line 50, in validate_block_shape\n    raise TypeError(f"Shape element {i} must have type `constexpr[int]`, got `constexpr[{type(d)}]")\nTypeError: Shape element 1 must have type `constexpr[int]`, got `constexpr[<class \'triton.language.core.tensor\'>]\n\nThe above exception was the direct cause of the following exception:\n\ntriton.compiler.errors.CompilationError: at 10:11:\ndef zeros(shape, dtype):\n    """\n    Returns a tensor filled with the scalar value 0 for the given :code:`shape` and :code:`dtype`.\n\n    :param shape: Shape of the new array, e.g., (8, 16) or (8, )\n    :type shape: tuple of ints\n    :param dtype: Data-type of the new array, e.g., :code:`tl.float16`\n    :type dtype: DType\n    """\n    return core.full(shape, 0, dtype)\n           ^\n\n\nThe above exception was the direct cause of the following exception:\n\nTraceback (most recent call last):\n  File "/home/lijiaxing/.conda/envs/api/lib/python3.10/site-packages/triton/language/core.py", line 42, in wrapper\n    return fn(*args, **kwargs)\n  File "/home/lijiaxing/.conda/envs/api/lib/python3.10/site-packages/triton/language/core.py", line 1693, in full\n    shape = _shape_check_impl(shape)\n  File "/home/lijiaxing/.conda/envs/api/lib/python3.10/site-packages/triton/language/core.py", line 1677, in _shape_check_impl\n    validate_block_shape(shape)\n  File "/home/lijiaxing/.conda/envs/api/lib/python3.10/site-packages/triton/_utils.py", line 50, in validate_block_shape\n    raise TypeError(f"Shape element {i} must have type `constexpr[int]`, got `constexpr[{type(d)}]")\nTypeError: Shape element 1 must have type `constexpr[int]`, got `constexpr[<class \'triton.language.core.tensor\'>]\n', 'runtime_error_name': 'triton.compiler.errors.CompilationError', 'reference_timing_ms': 0.0348, 'speed_up': -1.0, 'custom_timing': -1.0}, 'runtime': -1.0, 'runtime_stats': {}}}
2025-08-08 17:57:50,549 - openevolve.llm.ensemble - INFO - Sampled model: deepseek
2025-08-08 17:57:50,560 - openevolve.threaded_parallel - INFO - Iteration 7: Program d9fcb6b2-e430-42bf-a611-977fc841b818 (parent: b13ce58c-c6fe-4cea-8a33-92853875b374) completed in 995.52s
2025-08-08 17:57:50,560 - openevolve.threaded_parallel - INFO - Metrics: compiled=1.0000, correctness=0.0000, score=10.0000, stage=wrong_answer, verify_payload={'id': 'level1_76_conv_standard_1D_dilated_strided__', 'result': {'compiled': True, 'correctness': False, 'metadata': {'hardware': 'NVIDIA L20Y', 'device': 'cuda:6', 'runtime_error': 'Traceback (most recent call last):\n  File "/home/lijiaxing/.conda/envs/api/lib/python3.10/site-packages/triton/language/core.py", line 42, in wrapper\n    return fn(*args, **kwargs)\n  File "/home/lijiaxing/.conda/envs/api/lib/python3.10/site-packages/triton/language/core.py", line 1693, in full\n    shape = _shape_check_impl(shape)\n  File "/home/lijiaxing/.conda/envs/api/lib/python3.10/site-packages/triton/language/core.py", line 1677, in _shape_check_impl\n    validate_block_shape(shape)\n  File "/home/lijiaxing/.conda/envs/api/lib/python3.10/site-packages/triton/_utils.py", line 50, in validate_block_shape\n    raise TypeError(f"Shape element {i} must have type `constexpr[int]`, got `constexpr[{type(d)}]")\nTypeError: Shape element 1 must have type `constexpr[int]`, got `constexpr[<class \'triton.language.core.tensor\'>]\n\nThe above exception was the direct cause of the following exception:\n\ntriton.compiler.errors.CompilationError: at 10:11:\ndef zeros(shape, dtype):\n    """\n    Returns a tensor filled with the scalar value 0 for the given :code:`shape` and :code:`dtype`.\n\n    :param shape: Shape of the new array, e.g., (8, 16) or (8, )\n    :type shape: tuple of ints\n    :param dtype: Data-type of the new array, e.g., :code:`tl.float16`\n    :type dtype: DType\n    """\n    return core.full(shape, 0, dtype)\n           ^\n\nThe above exception was the direct cause of the following exception:\n\nTraceback (most recent call last):\n  File "/cpfs01/shared/llm_kernel/hujiakai/KernelLLM/validation_api_server/helpers/evaluations.py", line 720, in run_and_check_correctness\n    output_new = model_new(*inputs)\n  File "/home/lijiaxing/.conda/envs/api/lib/python3.10/site-packages/torch/nn/modules/module.py", line 1773, in _wrapped_call_impl\n    return self._call_impl(*args, **kwargs)\n  File "/home/lijiaxing/.conda/envs/api/lib/python3.10/site-packages/torch/nn/modules/module.py", line 1784, in _call_impl\n    return forward_call(*args, **kwargs)\n  File "/tmp/tmpbv8ibmen.py", line 125, in forward\n    _conv1d_kernel[grid](\n  File "/home/lijiaxing/.conda/envs/api/lib/python3.10/site-packages/triton/runtime/jit.py", line 390, in <lambda>\n    return lambda *args, **kwargs: self.run(grid=grid, warmup=False, *args, **kwargs)\n  File "/home/lijiaxing/.conda/envs/api/lib/python3.10/site-packages/triton/runtime/jit.py", line 594, in run\n    kernel = self.compile(src, target=target, options=options.__dict__)\n  File "/home/lijiaxing/.conda/envs/api/lib/python3.10/site-packages/triton/compiler/compiler.py", line 339, in compile\n    module = src.make_ir(options, codegen_fns, module_map, context)\n  File "/home/lijiaxing/.conda/envs/api/lib/python3.10/site-packages/triton/compiler/compiler.py", line 83, in make_ir\n    return ast_to_ttir(self.fn, self, context=context, options=options, codegen_fns=codegen_fns,\ntriton.compiler.errors.CompilationError: at 34:18:\n    mask_o = tl.arange(0, BLOCK_O) < (L_out - start_o)\n\n    acc0 = 0.0\n    acc1 = 0.0\n    acc2 = 0.0\n    acc3 = 0.0\n\n    for in_c in range(0, in_channels, BLOCK_IN):\n        in_c_offsets = tl.arange(0, BLOCK_IN)\n        channel_mask = in_c_offsets < (in_channels - in_c)\n\n        w_block = tl.zeros((BLOCK_IN, kernel_size), dtype=tl.float32)\n                  ^\n\n\nThe above exception was the direct cause of the following exception:\n\nTraceback (most recent call last):\n  File "/home/lijiaxing/.conda/envs/api/lib/python3.10/site-packages/triton/language/core.py", line 42, in wrapper\n    return fn(*args, **kwargs)\n  File "/home/lijiaxing/.conda/envs/api/lib/python3.10/site-packages/triton/language/core.py", line 1693, in full\n    shape = _shape_check_impl(shape)\n  File "/home/lijiaxing/.conda/envs/api/lib/python3.10/site-packages/triton/language/core.py", line 1677, in _shape_check_impl\n    validate_block_shape(shape)\n  File "/home/lijiaxing/.conda/envs/api/lib/python3.10/site-packages/triton/_utils.py", line 50, in validate_block_shape\n    raise TypeError(f"Shape element {i} must have type `constexpr[int]`, got `constexpr[{type(d)}]")\nTypeError: Shape element 1 must have type `constexpr[int]`, got `constexpr[<class \'triton.language.core.tensor\'>]\n\nThe above exception was the direct cause of the following exception:\n\ntriton.compiler.errors.CompilationError: at 10:11:\ndef zeros(shape, dtype):\n    """\n    Returns a tensor filled with the scalar value 0 for the given :code:`shape` and :code:`dtype`.\n\n    :param shape: Shape of the new array, e.g., (8, 16) or (8, )\n    :type shape: tuple of ints\n    :param dtype: Data-type of the new array, e.g., :code:`tl.float16`\n    :type dtype: DType\n    """\n    return core.full(shape, 0, dtype)\n           ^\n\n\nThe above exception was the direct cause of the following exception:\n\nTraceback (most recent call last):\n  File "/home/lijiaxing/.conda/envs/api/lib/python3.10/site-packages/triton/language/core.py", line 42, in wrapper\n    return fn(*args, **kwargs)\n  File "/home/lijiaxing/.conda/envs/api/lib/python3.10/site-packages/triton/language/core.py", line 1693, in full\n    shape = _shape_check_impl(shape)\n  File "/home/lijiaxing/.conda/envs/api/lib/python3.10/site-packages/triton/language/core.py", line 1677, in _shape_check_impl\n    validate_block_shape(shape)\n  File "/home/lijiaxing/.conda/envs/api/lib/python3.10/site-packages/triton/_utils.py", line 50, in validate_block_shape\n    raise TypeError(f"Shape element {i} must have type `constexpr[int]`, got `constexpr[{type(d)}]")\nTypeError: Shape element 1 must have type `constexpr[int]`, got `constexpr[<class \'triton.language.core.tensor\'>]\n', 'runtime_error_name': 'triton.compiler.errors.CompilationError', 'reference_timing_ms': 0.0348, 'speed_up': -1.0, 'custom_timing': -1.0}, 'runtime': -1.0, 'runtime_stats': {}}}
2025-08-08 18:00:26,203 - openevolve.RemoteSpeedupEvaluator - INFO - [level1_76_conv_standard_1D_dilated_strided__] triton key words check pass
2025-08-08 18:00:26,205 - openevolve.RemoteSpeedupEvaluator - INFO - [level1_76_conv_standard_1D_dilated_strided__] verify_plus payload: reference_code(1628 chars) + custom_code(3471 chars)
2025-08-08 18:00:29,029 - openevolve.RemoteSpeedupEvaluator - INFO - [level1_76_conv_standard_1D_dilated_strided__] verify_plus request success
2025-08-08 18:00:29,029 - openevolve.RemoteSpeedupEvaluator - INFO - [level1_76_conv_standard_1D_dilated_strided__] verify_plus response: {"id":"level1_76_conv_standard_1D_dilated_strided__","result":{"compiled":true,"correctness":true,"metadata":{"hardware":"NVIDIA L20Y","device":"cuda:7","correctness_trials":"(5 / 5)","reference_timing_ms":0.0348,"speed_up":1.071,"custom_timing":0.0325},"runtime":0.0325,"runtime_stats":{"mean":0.0325,"std":0.00203,"min":0.0298,"max":0.0476,"num_trials":100,"hardware":"NVIDIA L20Y","device":"cuda:7"}}}
2025-08-08 18:00:29,029 - openevolve.RemoteSpeedupEvaluator - INFO - [level1_76_conv_standard_1D_dilated_strided__] âœ” success | speed_up=1.071  score=27.10
2025-08-08 18:00:29,030 - openevolve.evaluator - INFO - Evaluated program 04bb6c7f-62d0-4051-be15-8e9389ea5c04 in 2.83s: compiled=1.0000, correctness=1.0000, stage=success, passed=1.0000, score=27.1000, speed_up=1.0710, runtime_ms=0.0325, meta={'hardware': 'NVIDIA L20Y', 'device': 'cuda:7', 'correctness_trials': '(5 / 5)', 'reference_timing_ms': 0.0348, 'speed_up': 1.071, 'custom_timing': 0.0325}
2025-08-08 18:00:29,033 - openevolve.llm.ensemble - INFO - Sampled model: deepseek
2025-08-08 18:00:29,034 - openevolve.database - INFO - New MAP-Elites cell occupied: {'score': 9, 'complexity': 3}
2025-08-08 18:00:29,034 - openevolve.database - INFO - New best program 04bb6c7f-62d0-4051-be15-8e9389ea5c04 replaces b13ce58c-c6fe-4cea-8a33-92853875b374
2025-08-08 18:00:29,042 - openevolve.threaded_parallel - INFO - Iteration 10: Program 04bb6c7f-62d0-4051-be15-8e9389ea5c04 (parent: c656413f-e2c9-4ef2-b53d-eae974514dd6) completed in 501.42s
2025-08-08 18:00:29,042 - openevolve.threaded_parallel - INFO - Metrics: compiled=1.0000, correctness=1.0000, stage=success, passed=1.0000, score=27.1000, speed_up=1.0710, runtime_ms=0.0325, meta={'hardware': 'NVIDIA L20Y', 'device': 'cuda:7', 'correctness_trials': '(5 / 5)', 'reference_timing_ms': 0.0348, 'speed_up': 1.071, 'custom_timing': 0.0325}
2025-08-08 18:00:29,042 - openevolve.threaded_parallel - INFO - ðŸŒŸ New best solution found at iteration 10: 04bb6c7f-62d0-4051-be15-8e9389ea5c04
2025-08-08 18:09:21,066 - openevolve.RemoteSpeedupEvaluator - INFO - [level1_76_conv_standard_1D_dilated_strided__] triton key words check pass
2025-08-08 18:09:21,068 - openevolve.RemoteSpeedupEvaluator - INFO - [level1_76_conv_standard_1D_dilated_strided__] verify_plus payload: reference_code(1628 chars) + custom_code(5157 chars)
2025-08-08 18:09:23,629 - openevolve.RemoteSpeedupEvaluator - INFO - [level1_76_conv_standard_1D_dilated_strided__] verify_plus request success
2025-08-08 18:09:23,630 - openevolve.RemoteSpeedupEvaluator - INFO - [level1_76_conv_standard_1D_dilated_strided__] verify_plus response: {"id":"level1_76_conv_standard_1D_dilated_strided__","result":{"compiled":true,"correctness":false,"metadata":{"hardware":"NVIDIA L20Y","device":"cuda:3","runtime_error":"Traceback (most recent call last):\n  File \"/cpfs01/shared/llm_kernel/hujiakai/KernelLLM/validation_api_server/helpers/evaluations.py\", line 720, in run_and_check_correctness\n    output_new = model_new(*inputs)\n  File \"/home/lijiaxing/.conda/envs/api/lib/python3.10/site-packages/torch/nn/modules/module.py\", line 1773, in _wrapped_call_impl\n    return self._call_impl(*args, **kwargs)\n  File \"/home/lijiaxing/.conda/envs/api/lib/python3.10/site-packages/torch/nn/modules/module.py\", line 1784, in _call_impl\n    return forward_call(*args, **kwargs)\n  File \"/tmp/tmprh_s6xou.py\", line 133, in forward\n    _conv1d_k
2025-08-08 18:09:23,630 - openevolve.RemoteSpeedupEvaluator - INFO - [level1_76_conv_standard_1D_dilated_strided__] âœ˜ wrong_answer
2025-08-08 18:09:23,630 - openevolve.evaluator - INFO - Evaluated program 2274e37a-930e-42b8-bbaa-d7c637a1b8bc in 2.57s: compiled=1.0000, correctness=0.0000, score=10.0000, stage=wrong_answer, verify_payload={'id': 'level1_76_conv_standard_1D_dilated_strided__', 'result': {'compiled': True, 'correctness': False, 'metadata': {'hardware': 'NVIDIA L20Y', 'device': 'cuda:3', 'runtime_error': 'Traceback (most recent call last):\n  File "/cpfs01/shared/llm_kernel/hujiakai/KernelLLM/validation_api_server/helpers/evaluations.py", line 720, in run_and_check_correctness\n    output_new = model_new(*inputs)\n  File "/home/lijiaxing/.conda/envs/api/lib/python3.10/site-packages/torch/nn/modules/module.py", line 1773, in _wrapped_call_impl\n    return self._call_impl(*args, **kwargs)\n  File "/home/lijiaxing/.conda/envs/api/lib/python3.10/site-packages/torch/nn/modules/module.py", line 1784, in _call_impl\n    return forward_call(*args, **kwargs)\n  File "/tmp/tmprh_s6xou.py", line 133, in forward\n    _conv1d_kernel[grid](\n  File "/home/lijiaxing/.conda/envs/api/lib/python3.10/site-packages/triton/runtime/jit.py", line 390, in <lambda>\n    return lambda *args, **kwargs: self.run(grid=grid, warmup=False, *args, **kwargs)\n  File "/home/lijiaxing/.conda/envs/api/lib/python3.10/site-packages/triton/runtime/autotuner.py", line 239, in run\n    benchmark()\n  File "/home/lijiaxing/.conda/envs/api/lib/python3.10/site-packages/triton/runtime/autotuner.py", line 228, in benchmark\n    timings = {config: self._bench(*args, config=config, **kwargs) for config in pruned_configs}\n  File "/home/lijiaxing/.conda/envs/api/lib/python3.10/site-packages/triton/runtime/autotuner.py", line 228, in <dictcomp>\n    timings = {config: self._bench(*args, config=config, **kwargs) for config in pruned_configs}\n  File "/home/lijiaxing/.conda/envs/api/lib/python3.10/site-packages/triton/runtime/autotuner.py", line 160, in _bench\n    return self.do_bench(kernel_call, quantiles=(0.5, 0.2, 0.8))\n  File "/home/lijiaxing/.conda/envs/api/lib/python3.10/site-packages/triton/testing.py", line 149, in do_bench\n    fn()\n  File "/home/lijiaxing/.conda/envs/api/lib/python3.10/site-packages/triton/runtime/autotuner.py", line 146, in kernel_call\n    self.fn.run(\n  File "/home/lijiaxing/.conda/envs/api/lib/python3.10/site-packages/triton/runtime/jit.py", line 561, in run\n    bound_args, specialization, options = binder(*args, **kwargs)\nTypeError: dynamic_func() got multiple values for argument \'BLOCK_IN\'\n', 'runtime_error_name': 'builtins.TypeError', 'reference_timing_ms': 0.0348, 'speed_up': -1.0, 'custom_timing': -1.0}, 'runtime': -1.0, 'runtime_stats': {}}}
2025-08-08 18:09:23,634 - openevolve.llm.ensemble - INFO - Sampled model: deepseek
2025-08-08 18:09:23,645 - openevolve.threaded_parallel - INFO - Iteration 9: Program 2274e37a-930e-42b8-bbaa-d7c637a1b8bc (parent: b13ce58c-c6fe-4cea-8a33-92853875b374) completed in 1082.60s
2025-08-08 18:09:23,645 - openevolve.threaded_parallel - INFO - Metrics: compiled=1.0000, correctness=0.0000, score=10.0000, stage=wrong_answer, verify_payload={'id': 'level1_76_conv_standard_1D_dilated_strided__', 'result': {'compiled': True, 'correctness': False, 'metadata': {'hardware': 'NVIDIA L20Y', 'device': 'cuda:3', 'runtime_error': 'Traceback (most recent call last):\n  File "/cpfs01/shared/llm_kernel/hujiakai/KernelLLM/validation_api_server/helpers/evaluations.py", line 720, in run_and_check_correctness\n    output_new = model_new(*inputs)\n  File "/home/lijiaxing/.conda/envs/api/lib/python3.10/site-packages/torch/nn/modules/module.py", line 1773, in _wrapped_call_impl\n    return self._call_impl(*args, **kwargs)\n  File "/home/lijiaxing/.conda/envs/api/lib/python3.10/site-packages/torch/nn/modules/module.py", line 1784, in _call_impl\n    return forward_call(*args, **kwargs)\n  File "/tmp/tmprh_s6xou.py", line 133, in forward\n    _conv1d_kernel[grid](\n  File "/home/lijiaxing/.conda/envs/api/lib/python3.10/site-packages/triton/runtime/jit.py", line 390, in <lambda>\n    return lambda *args, **kwargs: self.run(grid=grid, warmup=False, *args, **kwargs)\n  File "/home/lijiaxing/.conda/envs/api/lib/python3.10/site-packages/triton/runtime/autotuner.py", line 239, in run\n    benchmark()\n  File "/home/lijiaxing/.conda/envs/api/lib/python3.10/site-packages/triton/runtime/autotuner.py", line 228, in benchmark\n    timings = {config: self._bench(*args, config=config, **kwargs) for config in pruned_configs}\n  File "/home/lijiaxing/.conda/envs/api/lib/python3.10/site-packages/triton/runtime/autotuner.py", line 228, in <dictcomp>\n    timings = {config: self._bench(*args, config=config, **kwargs) for config in pruned_configs}\n  File "/home/lijiaxing/.conda/envs/api/lib/python3.10/site-packages/triton/runtime/autotuner.py", line 160, in _bench\n    return self.do_bench(kernel_call, quantiles=(0.5, 0.2, 0.8))\n  File "/home/lijiaxing/.conda/envs/api/lib/python3.10/site-packages/triton/testing.py", line 149, in do_bench\n    fn()\n  File "/home/lijiaxing/.conda/envs/api/lib/python3.10/site-packages/triton/runtime/autotuner.py", line 146, in kernel_call\n    self.fn.run(\n  File "/home/lijiaxing/.conda/envs/api/lib/python3.10/site-packages/triton/runtime/jit.py", line 561, in run\n    bound_args, specialization, options = binder(*args, **kwargs)\nTypeError: dynamic_func() got multiple values for argument \'BLOCK_IN\'\n', 'runtime_error_name': 'builtins.TypeError', 'reference_timing_ms': 0.0348, 'speed_up': -1.0, 'custom_timing': -1.0}, 'runtime': -1.0, 'runtime_stats': {}}}
2025-08-08 18:09:23,645 - openevolve.threaded_parallel - INFO - Checkpoint interval reached at iteration 9
2025-08-08 18:09:23,646 - openevolve.database - INFO - Island Status:
2025-08-08 18:09:23,647 - openevolve.database - INFO -  * Island 0: 6 programs, best=10.0000, avg=6.8333, diversity=633.20, gen=5 (best: d5429687-3dbb-40a4-93f8-dbd41a20cd76)
2025-08-08 18:09:23,647 - openevolve.database - INFO -    Island 1: 3 programs, best=27.1000, avg=19.0333, diversity=933.13, gen=3 (best: 04bb6c7f-62d0-4051-be15-8e9389ea5c04)
2025-08-08 18:09:23,647 - openevolve.database - INFO -    Island 2: 3 programs, best=20.0000, avg=-23.3333, diversity=1396.53, gen=3 (best: 54ad8959-f3fb-4e74-aac0-448d4f5e99f1)
2025-08-08 18:09:23,787 - openevolve.database - INFO - Saved database with 12 programs to openevolve_output/level1_76_conv_standard_1D_dilated_strided__/checkpoints/checkpoint_9
2025-08-08 18:09:23,797 - openevolve.controller - INFO - Saved best program at checkpoint 9 with metrics: compiled=1.0000, correctness=1.0000, stage=success, passed=1.0000, score=27.1000, speed_up=1.0710, runtime_ms=0.0325, meta={'hardware': 'NVIDIA L20Y', 'device': 'cuda:7', 'correctness_trials': '(5 / 5)', 'reference_timing_ms': 0.0348, 'speed_up': 1.071, 'custom_timing': 0.0325}
2025-08-08 18:09:23,797 - openevolve.controller - INFO - Saved checkpoint at iteration 9 to openevolve_output/level1_76_conv_standard_1D_dilated_strided__/checkpoints/checkpoint_9
2025-08-08 18:10:47,881 - openevolve.RemoteSpeedupEvaluator - INFO - [level1_76_conv_standard_1D_dilated_strided__] triton key words check pass
2025-08-08 18:10:47,882 - openevolve.RemoteSpeedupEvaluator - INFO - [level1_76_conv_standard_1D_dilated_strided__] verify_plus payload: reference_code(1628 chars) + custom_code(5136 chars)
2025-08-08 18:10:50,845 - openevolve.RemoteSpeedupEvaluator - INFO - [level1_76_conv_standard_1D_dilated_strided__] verify_plus request success
2025-08-08 18:10:50,845 - openevolve.RemoteSpeedupEvaluator - INFO - [level1_76_conv_standard_1D_dilated_strided__] verify_plus response: {"id":"level1_76_conv_standard_1D_dilated_strided__","result":{"compiled":true,"correctness":false,"metadata":{"hardware":"NVIDIA L20Y","device":"cuda:3","runtime_error":"Traceback (most recent call last):\n  File \"/home/lijiaxing/.conda/envs/api/lib/python3.10/site-packages/triton/language/core.py\", line 42, in wrapper\n    return fn(*args, **kwargs)\n  File \"/home/lijiaxing/.conda/envs/api/lib/python3.10/site-packages/triton/language/core.py\", line 2150, in load\n    return _semantic.load(pointer, mask, other, boundary_check, padding_option, cache_modifier, eviction_policy,\n  File \"/home/lijiaxing/.conda/envs/api/lib/python3.10/site-packages/triton/language/semantic.py\", line 1086, in load\n    return self._load_legacy(ptr, mask, other, boundary_check, padding, cache, eviction, is
2025-08-08 18:10:50,845 - openevolve.RemoteSpeedupEvaluator - INFO - [level1_76_conv_standard_1D_dilated_strided__] âœ˜ wrong_answer
2025-08-08 18:10:50,846 - openevolve.evaluator - INFO - Evaluated program d0c07de0-ac17-483a-9b28-4f054ef70792 in 2.97s: compiled=1.0000, correctness=0.0000, score=10.0000, stage=wrong_answer, verify_payload={'id': 'level1_76_conv_standard_1D_dilated_strided__', 'result': {'compiled': True, 'correctness': False, 'metadata': {'hardware': 'NVIDIA L20Y', 'device': 'cuda:3', 'runtime_error': 'Traceback (most recent call last):\n  File "/home/lijiaxing/.conda/envs/api/lib/python3.10/site-packages/triton/language/core.py", line 42, in wrapper\n    return fn(*args, **kwargs)\n  File "/home/lijiaxing/.conda/envs/api/lib/python3.10/site-packages/triton/language/core.py", line 2150, in load\n    return _semantic.load(pointer, mask, other, boundary_check, padding_option, cache_modifier, eviction_policy,\n  File "/home/lijiaxing/.conda/envs/api/lib/python3.10/site-packages/triton/language/semantic.py", line 1086, in load\n    return self._load_legacy(ptr, mask, other, boundary_check, padding, cache, eviction, is_volatile)\n  File "/home/lijiaxing/.conda/envs/api/lib/python3.10/site-packages/triton/language/semantic.py", line 1017, in _load_legacy\n    raise ValueError(f"Unsupported ptr type {ptr.type.__repr__()} in `tl.load`")\nValueError: Unsupported ptr type <[\'128\'], int32> in `tl.load`\n\nThe above exception was the direct cause of the following exception:\n\nTraceback (most recent call last):\n  File "/cpfs01/shared/llm_kernel/hujiakai/KernelLLM/validation_api_server/helpers/evaluations.py", line 720, in run_and_check_correctness\n    output_new = model_new(*inputs)\n  File "/home/lijiaxing/.conda/envs/api/lib/python3.10/site-packages/torch/nn/modules/module.py", line 1773, in _wrapped_call_impl\n    return self._call_impl(*args, **kwargs)\n  File "/home/lijiaxing/.conda/envs/api/lib/python3.10/site-packages/torch/nn/modules/module.py", line 1784, in _call_impl\n    return forward_call(*args, **kwargs)\n  File "/tmp/tmpkkhirye4.py", line 125, in forward\n    conv1d_kernel[grid](\n  File "/home/lijiaxing/.conda/envs/api/lib/python3.10/site-packages/triton/runtime/jit.py", line 390, in <lambda>\n    return lambda *args, **kwargs: self.run(grid=grid, warmup=False, *args, **kwargs)\n  File "/home/lijiaxing/.conda/envs/api/lib/python3.10/site-packages/triton/runtime/autotuner.py", line 239, in run\n    benchmark()\n  File "/home/lijiaxing/.conda/envs/api/lib/python3.10/site-packages/triton/runtime/autotuner.py", line 228, in benchmark\n    timings = {config: self._bench(*args, config=config, **kwargs) for config in pruned_configs}\n  File "/home/lijiaxing/.conda/envs/api/lib/python3.10/site-packages/triton/runtime/autotuner.py", line 228, in <dictcomp>\n    timings = {config: self._bench(*args, config=config, **kwargs) for config in pruned_configs}\n  File "/home/lijiaxing/.conda/envs/api/lib/python3.10/site-packages/triton/runtime/autotuner.py", line 160, in _bench\n    return self.do_bench(kernel_call, quantiles=(0.5, 0.2, 0.8))\n  File "/home/lijiaxing/.conda/envs/api/lib/python3.10/site-packages/triton/testing.py", line 149, in do_bench\n    fn()\n  File "/home/lijiaxing/.conda/envs/api/lib/python3.10/site-packages/triton/runtime/autotuner.py", line 146, in kernel_call\n    self.fn.run(\n  File "/home/lijiaxing/.conda/envs/api/lib/python3.10/site-packages/triton/runtime/jit.py", line 594, in run\n    kernel = self.compile(src, target=target, options=options.__dict__)\n  File "/home/lijiaxing/.conda/envs/api/lib/python3.10/site-packages/triton/compiler/compiler.py", line 339, in compile\n    module = src.make_ir(options, codegen_fns, module_map, context)\n  File "/home/lijiaxing/.conda/envs/api/lib/python3.10/site-packages/triton/compiler/compiler.py", line 83, in make_ir\n    return ast_to_ttir(self.fn, self, context=context, options=options, codegen_fns=codegen_fns,\ntriton.compiler.errors.CompilationError: at 50:21:\n        for k in range(0, kernel_size):\n            # Calculate input positions for entire block\n            input_positions = offsets * stride + k * dilation\n            input_mask = (input_positions >= 0) & (input_positions < length) & mask\n\n            # Load weight (single value)\n            w_val = tl.load(w_ptr + pid_out_channel * stride_w_out + \n                            ic * stride_w_in + k * stride_w_k)\n\n            # Load input block\n            x_ptr_base = pid_batch * stride_x_batch + ic * stride_x_in\n            x_vals = tl.load(x_ptr_base + input_positions * stride_x_length, \n                     ^\n\n\nThe above exception was the direct cause of the following exception:\n\nTraceback (most recent call last):\n  File "/home/lijiaxing/.conda/envs/api/lib/python3.10/site-packages/triton/language/core.py", line 42, in wrapper\n    return fn(*args, **kwargs)\n  File "/home/lijiaxing/.conda/envs/api/lib/python3.10/site-packages/triton/language/core.py", line 2150, in load\n    return _semantic.load(pointer, mask, other, boundary_check, padding_option, cache_modifier, eviction_policy,\n  File "/home/lijiaxing/.conda/envs/api/lib/python3.10/site-packages/triton/language/semantic.py", line 1086, in load\n    return self._load_legacy(ptr, mask, other, boundary_check, padding, cache, eviction, is_volatile)\n  File "/home/lijiaxing/.conda/envs/api/lib/python3.10/site-packages/triton/language/semantic.py", line 1017, in _load_legacy\n    raise ValueError(f"Unsupported ptr type {ptr.type.__repr__()} in `tl.load`")\nValueError: Unsupported ptr type <[\'128\'], int32> in `tl.load`\n', 'runtime_error_name': 'triton.compiler.errors.CompilationError', 'reference_timing_ms': 0.0348, 'speed_up': -1.0, 'custom_timing': -1.0}, 'runtime': -1.0, 'runtime_stats': {}}}
2025-08-08 18:10:50,851 - openevolve.llm.ensemble - INFO - Sampled model: deepseek
2025-08-08 18:10:50,865 - openevolve.threaded_parallel - INFO - Iteration 11: Program d0c07de0-ac17-483a-9b28-4f054ef70792 (parent: 3d96afa1-257f-4245-aa50-9756cd6e08af) completed in 780.30s
2025-08-08 18:10:50,865 - openevolve.threaded_parallel - INFO - Metrics: compiled=1.0000, correctness=0.0000, score=10.0000, stage=wrong_answer, verify_payload={'id': 'level1_76_conv_standard_1D_dilated_strided__', 'result': {'compiled': True, 'correctness': False, 'metadata': {'hardware': 'NVIDIA L20Y', 'device': 'cuda:3', 'runtime_error': 'Traceback (most recent call last):\n  File "/home/lijiaxing/.conda/envs/api/lib/python3.10/site-packages/triton/language/core.py", line 42, in wrapper\n    return fn(*args, **kwargs)\n  File "/home/lijiaxing/.conda/envs/api/lib/python3.10/site-packages/triton/language/core.py", line 2150, in load\n    return _semantic.load(pointer, mask, other, boundary_check, padding_option, cache_modifier, eviction_policy,\n  File "/home/lijiaxing/.conda/envs/api/lib/python3.10/site-packages/triton/language/semantic.py", line 1086, in load\n    return self._load_legacy(ptr, mask, other, boundary_check, padding, cache, eviction, is_volatile)\n  File "/home/lijiaxing/.conda/envs/api/lib/python3.10/site-packages/triton/language/semantic.py", line 1017, in _load_legacy\n    raise ValueError(f"Unsupported ptr type {ptr.type.__repr__()} in `tl.load`")\nValueError: Unsupported ptr type <[\'128\'], int32> in `tl.load`\n\nThe above exception was the direct cause of the following exception:\n\nTraceback (most recent call last):\n  File "/cpfs01/shared/llm_kernel/hujiakai/KernelLLM/validation_api_server/helpers/evaluations.py", line 720, in run_and_check_correctness\n    output_new = model_new(*inputs)\n  File "/home/lijiaxing/.conda/envs/api/lib/python3.10/site-packages/torch/nn/modules/module.py", line 1773, in _wrapped_call_impl\n    return self._call_impl(*args, **kwargs)\n  File "/home/lijiaxing/.conda/envs/api/lib/python3.10/site-packages/torch/nn/modules/module.py", line 1784, in _call_impl\n    return forward_call(*args, **kwargs)\n  File "/tmp/tmpkkhirye4.py", line 125, in forward\n    conv1d_kernel[grid](\n  File "/home/lijiaxing/.conda/envs/api/lib/python3.10/site-packages/triton/runtime/jit.py", line 390, in <lambda>\n    return lambda *args, **kwargs: self.run(grid=grid, warmup=False, *args, **kwargs)\n  File "/home/lijiaxing/.conda/envs/api/lib/python3.10/site-packages/triton/runtime/autotuner.py", line 239, in run\n    benchmark()\n  File "/home/lijiaxing/.conda/envs/api/lib/python3.10/site-packages/triton/runtime/autotuner.py", line 228, in benchmark\n    timings = {config: self._bench(*args, config=config, **kwargs) for config in pruned_configs}\n  File "/home/lijiaxing/.conda/envs/api/lib/python3.10/site-packages/triton/runtime/autotuner.py", line 228, in <dictcomp>\n    timings = {config: self._bench(*args, config=config, **kwargs) for config in pruned_configs}\n  File "/home/lijiaxing/.conda/envs/api/lib/python3.10/site-packages/triton/runtime/autotuner.py", line 160, in _bench\n    return self.do_bench(kernel_call, quantiles=(0.5, 0.2, 0.8))\n  File "/home/lijiaxing/.conda/envs/api/lib/python3.10/site-packages/triton/testing.py", line 149, in do_bench\n    fn()\n  File "/home/lijiaxing/.conda/envs/api/lib/python3.10/site-packages/triton/runtime/autotuner.py", line 146, in kernel_call\n    self.fn.run(\n  File "/home/lijiaxing/.conda/envs/api/lib/python3.10/site-packages/triton/runtime/jit.py", line 594, in run\n    kernel = self.compile(src, target=target, options=options.__dict__)\n  File "/home/lijiaxing/.conda/envs/api/lib/python3.10/site-packages/triton/compiler/compiler.py", line 339, in compile\n    module = src.make_ir(options, codegen_fns, module_map, context)\n  File "/home/lijiaxing/.conda/envs/api/lib/python3.10/site-packages/triton/compiler/compiler.py", line 83, in make_ir\n    return ast_to_ttir(self.fn, self, context=context, options=options, codegen_fns=codegen_fns,\ntriton.compiler.errors.CompilationError: at 50:21:\n        for k in range(0, kernel_size):\n            # Calculate input positions for entire block\n            input_positions = offsets * stride + k * dilation\n            input_mask = (input_positions >= 0) & (input_positions < length) & mask\n\n            # Load weight (single value)\n            w_val = tl.load(w_ptr + pid_out_channel * stride_w_out + \n                            ic * stride_w_in + k * stride_w_k)\n\n            # Load input block\n            x_ptr_base = pid_batch * stride_x_batch + ic * stride_x_in\n            x_vals = tl.load(x_ptr_base + input_positions * stride_x_length, \n                     ^\n\n\nThe above exception was the direct cause of the following exception:\n\nTraceback (most recent call last):\n  File "/home/lijiaxing/.conda/envs/api/lib/python3.10/site-packages/triton/language/core.py", line 42, in wrapper\n    return fn(*args, **kwargs)\n  File "/home/lijiaxing/.conda/envs/api/lib/python3.10/site-packages/triton/language/core.py", line 2150, in load\n    return _semantic.load(pointer, mask, other, boundary_check, padding_option, cache_modifier, eviction_policy,\n  File "/home/lijiaxing/.conda/envs/api/lib/python3.10/site-packages/triton/language/semantic.py", line 1086, in load\n    return self._load_legacy(ptr, mask, other, boundary_check, padding, cache, eviction, is_volatile)\n  File "/home/lijiaxing/.conda/envs/api/lib/python3.10/site-packages/triton/language/semantic.py", line 1017, in _load_legacy\n    raise ValueError(f"Unsupported ptr type {ptr.type.__repr__()} in `tl.load`")\nValueError: Unsupported ptr type <[\'128\'], int32> in `tl.load`\n', 'runtime_error_name': 'triton.compiler.errors.CompilationError', 'reference_timing_ms': 0.0348, 'speed_up': -1.0, 'custom_timing': -1.0}, 'runtime': -1.0, 'runtime_stats': {}}}
2025-08-08 18:12:24,426 - openevolve.RemoteSpeedupEvaluator - INFO - [level1_76_conv_standard_1D_dilated_strided__] triton key words check pass
2025-08-08 18:12:24,427 - openevolve.RemoteSpeedupEvaluator - INFO - [level1_76_conv_standard_1D_dilated_strided__] verify_plus payload: reference_code(1628 chars) + custom_code(4337 chars)
2025-08-08 18:12:28,602 - openevolve.RemoteSpeedupEvaluator - INFO - [level1_76_conv_standard_1D_dilated_strided__] verify_plus request success
2025-08-08 18:12:28,602 - openevolve.RemoteSpeedupEvaluator - INFO - [level1_76_conv_standard_1D_dilated_strided__] verify_plus response: {"id":"level1_76_conv_standard_1D_dilated_strided__","result":{"compiled":true,"correctness":false,"metadata":{"hardware":"NVIDIA L20Y","device":"cuda:3","runtime_error":"Traceback (most recent call last):\n  File \"/home/lijiaxing/.conda/envs/api/lib/python3.10/site-packages/triton/language/core.py\", line 42, in wrapper\n    return fn(*args, **kwargs)\n  File \"/home/lijiaxing/.conda/envs/api/lib/python3.10/site-packages/triton/language/core.py\", line 1654, in arange\n    return _semantic.arange(start, end)\n  File \"/home/lijiaxing/.conda/envs/api/lib/python3.10/site-packages/triton/language/semantic.py\", line 574, in arange\n    raise ValueError(\"arange's arguments must be of type tl.constexpr\")\nValueError: arange's arguments must be of type tl.constexpr\n\nThe above exception was
2025-08-08 18:12:28,602 - openevolve.RemoteSpeedupEvaluator - INFO - [level1_76_conv_standard_1D_dilated_strided__] âœ˜ wrong_answer
2025-08-08 18:12:28,603 - openevolve.evaluator - INFO - Evaluated program 4023db64-697f-419c-9a9e-f7c4db874244 in 4.18s: compiled=1.0000, correctness=0.0000, score=10.0000, stage=wrong_answer, verify_payload={'id': 'level1_76_conv_standard_1D_dilated_strided__', 'result': {'compiled': True, 'correctness': False, 'metadata': {'hardware': 'NVIDIA L20Y', 'device': 'cuda:3', 'runtime_error': 'Traceback (most recent call last):\n  File "/home/lijiaxing/.conda/envs/api/lib/python3.10/site-packages/triton/language/core.py", line 42, in wrapper\n    return fn(*args, **kwargs)\n  File "/home/lijiaxing/.conda/envs/api/lib/python3.10/site-packages/triton/language/core.py", line 1654, in arange\n    return _semantic.arange(start, end)\n  File "/home/lijiaxing/.conda/envs/api/lib/python3.10/site-packages/triton/language/semantic.py", line 574, in arange\n    raise ValueError("arange\'s arguments must be of type tl.constexpr")\nValueError: arange\'s arguments must be of type tl.constexpr\n\nThe above exception was the direct cause of the following exception:\n\nTraceback (most recent call last):\n  File "/cpfs01/shared/llm_kernel/hujiakai/KernelLLM/validation_api_server/helpers/evaluations.py", line 720, in run_and_check_correctness\n    output_new = model_new(*inputs)\n  File "/home/lijiaxing/.conda/envs/api/lib/python3.10/site-packages/torch/nn/modules/module.py", line 1773, in _wrapped_call_impl\n    return self._call_impl(*args, **kwargs)\n  File "/home/lijiaxing/.conda/envs/api/lib/python3.10/site-packages/torch/nn/modules/module.py", line 1784, in _call_impl\n    return forward_call(*args, **kwargs)\n  File "/tmp/tmp_5punwnh.py", line 101, in forward\n    conv1d_kernel[grid](\n  File "/home/lijiaxing/.conda/envs/api/lib/python3.10/site-packages/triton/runtime/jit.py", line 390, in <lambda>\n    return lambda *args, **kwargs: self.run(grid=grid, warmup=False, *args, **kwargs)\n  File "/home/lijiaxing/.conda/envs/api/lib/python3.10/site-packages/triton/runtime/jit.py", line 594, in run\n    kernel = self.compile(src, target=target, options=options.__dict__)\n  File "/home/lijiaxing/.conda/envs/api/lib/python3.10/site-packages/triton/compiler/compiler.py", line 339, in compile\n    module = src.make_ir(options, codegen_fns, module_map, context)\n  File "/home/lijiaxing/.conda/envs/api/lib/python3.10/site-packages/triton/compiler/compiler.py", line 83, in make_ir\n    return ast_to_ttir(self.fn, self, context=context, options=options, codegen_fns=codegen_fns,\ntriton.compiler.errors.CompilationError: at 30:28:\n    stride_out_batch,\n    stride_out_out,\n    stride_out_length,\n    BLOCK_C: tl.constexpr,\n):\n    pid_batch = tl.program_id(0)\n    pid_out_channel = tl.program_id(1)\n    pid_block = tl.program_id(2)\n\n    BLOCK_SIZE = 128\n    block_start = pid_block * BLOCK_SIZE\n    offsets = block_start + tl.arange(0, BLOCK_SIZE)\n                            ^\n\n\nThe above exception was the direct cause of the following exception:\n\nTraceback (most recent call last):\n  File "/home/lijiaxing/.conda/envs/api/lib/python3.10/site-packages/triton/language/core.py", line 42, in wrapper\n    return fn(*args, **kwargs)\n  File "/home/lijiaxing/.conda/envs/api/lib/python3.10/site-packages/triton/language/core.py", line 1654, in arange\n    return _semantic.arange(start, end)\n  File "/home/lijiaxing/.conda/envs/api/lib/python3.10/site-packages/triton/language/semantic.py", line 574, in arange\n    raise ValueError("arange\'s arguments must be of type tl.constexpr")\nValueError: arange\'s arguments must be of type tl.constexpr\n', 'runtime_error_name': 'triton.compiler.errors.CompilationError', 'reference_timing_ms': 0.0348, 'speed_up': -1.0, 'custom_timing': -1.0}, 'runtime': -1.0, 'runtime_stats': {}}}
2025-08-08 18:12:28,606 - openevolve.llm.ensemble - INFO - Sampled model: deepseek
2025-08-08 18:12:28,610 - openevolve.database - INFO - New MAP-Elites cell occupied: {'score': 9, 'complexity': 8}
2025-08-08 18:12:28,622 - openevolve.threaded_parallel - INFO - Iteration 12: Program 4023db64-697f-419c-9a9e-f7c4db874244 (parent: 8b3ca70a-c9d2-4eb6-8868-0d3f27b618d5) completed in 719.57s
2025-08-08 18:12:28,622 - openevolve.threaded_parallel - INFO - Metrics: compiled=1.0000, correctness=0.0000, score=10.0000, stage=wrong_answer, verify_payload={'id': 'level1_76_conv_standard_1D_dilated_strided__', 'result': {'compiled': True, 'correctness': False, 'metadata': {'hardware': 'NVIDIA L20Y', 'device': 'cuda:3', 'runtime_error': 'Traceback (most recent call last):\n  File "/home/lijiaxing/.conda/envs/api/lib/python3.10/site-packages/triton/language/core.py", line 42, in wrapper\n    return fn(*args, **kwargs)\n  File "/home/lijiaxing/.conda/envs/api/lib/python3.10/site-packages/triton/language/core.py", line 1654, in arange\n    return _semantic.arange(start, end)\n  File "/home/lijiaxing/.conda/envs/api/lib/python3.10/site-packages/triton/language/semantic.py", line 574, in arange\n    raise ValueError("arange\'s arguments must be of type tl.constexpr")\nValueError: arange\'s arguments must be of type tl.constexpr\n\nThe above exception was the direct cause of the following exception:\n\nTraceback (most recent call last):\n  File "/cpfs01/shared/llm_kernel/hujiakai/KernelLLM/validation_api_server/helpers/evaluations.py", line 720, in run_and_check_correctness\n    output_new = model_new(*inputs)\n  File "/home/lijiaxing/.conda/envs/api/lib/python3.10/site-packages/torch/nn/modules/module.py", line 1773, in _wrapped_call_impl\n    return self._call_impl(*args, **kwargs)\n  File "/home/lijiaxing/.conda/envs/api/lib/python3.10/site-packages/torch/nn/modules/module.py", line 1784, in _call_impl\n    return forward_call(*args, **kwargs)\n  File "/tmp/tmp_5punwnh.py", line 101, in forward\n    conv1d_kernel[grid](\n  File "/home/lijiaxing/.conda/envs/api/lib/python3.10/site-packages/triton/runtime/jit.py", line 390, in <lambda>\n    return lambda *args, **kwargs: self.run(grid=grid, warmup=False, *args, **kwargs)\n  File "/home/lijiaxing/.conda/envs/api/lib/python3.10/site-packages/triton/runtime/jit.py", line 594, in run\n    kernel = self.compile(src, target=target, options=options.__dict__)\n  File "/home/lijiaxing/.conda/envs/api/lib/python3.10/site-packages/triton/compiler/compiler.py", line 339, in compile\n    module = src.make_ir(options, codegen_fns, module_map, context)\n  File "/home/lijiaxing/.conda/envs/api/lib/python3.10/site-packages/triton/compiler/compiler.py", line 83, in make_ir\n    return ast_to_ttir(self.fn, self, context=context, options=options, codegen_fns=codegen_fns,\ntriton.compiler.errors.CompilationError: at 30:28:\n    stride_out_batch,\n    stride_out_out,\n    stride_out_length,\n    BLOCK_C: tl.constexpr,\n):\n    pid_batch = tl.program_id(0)\n    pid_out_channel = tl.program_id(1)\n    pid_block = tl.program_id(2)\n\n    BLOCK_SIZE = 128\n    block_start = pid_block * BLOCK_SIZE\n    offsets = block_start + tl.arange(0, BLOCK_SIZE)\n                            ^\n\n\nThe above exception was the direct cause of the following exception:\n\nTraceback (most recent call last):\n  File "/home/lijiaxing/.conda/envs/api/lib/python3.10/site-packages/triton/language/core.py", line 42, in wrapper\n    return fn(*args, **kwargs)\n  File "/home/lijiaxing/.conda/envs/api/lib/python3.10/site-packages/triton/language/core.py", line 1654, in arange\n    return _semantic.arange(start, end)\n  File "/home/lijiaxing/.conda/envs/api/lib/python3.10/site-packages/triton/language/semantic.py", line 574, in arange\n    raise ValueError("arange\'s arguments must be of type tl.constexpr")\nValueError: arange\'s arguments must be of type tl.constexpr\n', 'runtime_error_name': 'triton.compiler.errors.CompilationError', 'reference_timing_ms': 0.0348, 'speed_up': -1.0, 'custom_timing': -1.0}, 'runtime': -1.0, 'runtime_stats': {}}}
2025-08-08 18:12:28,623 - openevolve.threaded_parallel - INFO - Checkpoint interval reached at iteration 12
2025-08-08 18:12:28,624 - openevolve.database - INFO - Island Status:
2025-08-08 18:12:28,624 - openevolve.database - INFO -    Island 0: 7 programs, best=10.0000, avg=7.2857, diversity=721.65, gen=5 (best: d5429687-3dbb-40a4-93f8-dbd41a20cd76)
2025-08-08 18:12:28,624 - openevolve.database - INFO -    Island 1: 4 programs, best=27.1000, avg=16.7750, diversity=702.27, gen=4 (best: 04bb6c7f-62d0-4051-be15-8e9389ea5c04)
2025-08-08 18:12:28,624 - openevolve.database - INFO -  * Island 2: 3 programs, best=20.0000, avg=-23.3333, diversity=1396.53, gen=4 (best: 54ad8959-f3fb-4e74-aac0-448d4f5e99f1)
2025-08-08 18:12:28,784 - openevolve.database - INFO - Saved database with 14 programs to openevolve_output/level1_76_conv_standard_1D_dilated_strided__/checkpoints/checkpoint_12
2025-08-08 18:12:28,802 - openevolve.controller - INFO - Saved best program at checkpoint 12 with metrics: compiled=1.0000, correctness=1.0000, stage=success, passed=1.0000, score=27.1000, speed_up=1.0710, runtime_ms=0.0325, meta={'hardware': 'NVIDIA L20Y', 'device': 'cuda:7', 'correctness_trials': '(5 / 5)', 'reference_timing_ms': 0.0348, 'speed_up': 1.071, 'custom_timing': 0.0325}
2025-08-08 18:12:28,802 - openevolve.controller - INFO - Saved checkpoint at iteration 12 to openevolve_output/level1_76_conv_standard_1D_dilated_strided__/checkpoints/checkpoint_12
2025-08-08 18:20:29,365 - openevolve.RemoteSpeedupEvaluator - INFO - [level1_76_conv_standard_1D_dilated_strided__] triton key words check pass
2025-08-08 18:20:29,367 - openevolve.RemoteSpeedupEvaluator - INFO - [level1_76_conv_standard_1D_dilated_strided__] verify_plus payload: reference_code(1628 chars) + custom_code(4170 chars)
2025-08-08 18:20:32,553 - openevolve.RemoteSpeedupEvaluator - INFO - [level1_76_conv_standard_1D_dilated_strided__] verify_plus request success
2025-08-08 18:20:32,553 - openevolve.RemoteSpeedupEvaluator - INFO - [level1_76_conv_standard_1D_dilated_strided__] verify_plus response: {"id":"level1_76_conv_standard_1D_dilated_strided__","result":{"compiled":true,"correctness":false,"metadata":{"hardware":"NVIDIA L20Y","device":"cuda:7","runtime_error":"Traceback (most recent call last):\n  File \"/home/lijiaxing/.conda/envs/api/lib/python3.10/site-packages/triton/language/core.py\", line 42, in wrapper\n    return fn(*args, **kwargs)\n  File \"/home/lijiaxing/.conda/envs/api/lib/python3.10/site-packages/triton/language/core.py\", line 1654, in arange\n    return _semantic.arange(start, end)\n  File \"/home/lijiaxing/.conda/envs/api/lib/python3.10/site-packages/triton/language/semantic.py\", line 574, in arange\n    raise ValueError(\"arange's arguments must be of type tl.constexpr\")\nValueError: arange's arguments must be of type tl.constexpr\n\nThe above exception was
2025-08-08 18:20:32,554 - openevolve.RemoteSpeedupEvaluator - INFO - [level1_76_conv_standard_1D_dilated_strided__] âœ˜ wrong_answer
2025-08-08 18:20:32,554 - openevolve.evaluator - INFO - Evaluated program 5abf7a45-7c29-41f8-a732-ae147c5a42a5 in 3.19s: compiled=1.0000, correctness=0.0000, score=10.0000, stage=wrong_answer, verify_payload={'id': 'level1_76_conv_standard_1D_dilated_strided__', 'result': {'compiled': True, 'correctness': False, 'metadata': {'hardware': 'NVIDIA L20Y', 'device': 'cuda:7', 'runtime_error': 'Traceback (most recent call last):\n  File "/home/lijiaxing/.conda/envs/api/lib/python3.10/site-packages/triton/language/core.py", line 42, in wrapper\n    return fn(*args, **kwargs)\n  File "/home/lijiaxing/.conda/envs/api/lib/python3.10/site-packages/triton/language/core.py", line 1654, in arange\n    return _semantic.arange(start, end)\n  File "/home/lijiaxing/.conda/envs/api/lib/python3.10/site-packages/triton/language/semantic.py", line 574, in arange\n    raise ValueError("arange\'s arguments must be of type tl.constexpr")\nValueError: arange\'s arguments must be of type tl.constexpr\n\nThe above exception was the direct cause of the following exception:\n\nTraceback (most recent call last):\n  File "/cpfs01/shared/llm_kernel/hujiakai/KernelLLM/validation_api_server/helpers/evaluations.py", line 720, in run_and_check_correctness\n    output_new = model_new(*inputs)\n  File "/home/lijiaxing/.conda/envs/api/lib/python3.10/site-packages/torch/nn/modules/module.py", line 1773, in _wrapped_call_impl\n    return self._call_impl(*args, **kwargs)\n  File "/home/lijiaxing/.conda/envs/api/lib/python3.10/site-packages/torch/nn/modules/module.py", line 1784, in _call_impl\n    return forward_call(*args, **kwargs)\n  File "/tmp/tmpf97cbb9u.py", line 98, in forward\n    conv1d_forward_kernel[grid](\n  File "/home/lijiaxing/.conda/envs/api/lib/python3.10/site-packages/triton/runtime/jit.py", line 390, in <lambda>\n    return lambda *args, **kwargs: self.run(grid=grid, warmup=False, *args, **kwargs)\n  File "/home/lijiaxing/.conda/envs/api/lib/python3.10/site-packages/triton/runtime/jit.py", line 594, in run\n    kernel = self.compile(src, target=target, options=options.__dict__)\n  File "/home/lijiaxing/.conda/envs/api/lib/python3.10/site-packages/triton/compiler/compiler.py", line 339, in compile\n    module = src.make_ir(options, codegen_fns, module_map, context)\n  File "/home/lijiaxing/.conda/envs/api/lib/python3.10/site-packages/triton/compiler/compiler.py", line 83, in make_ir\n    return ast_to_ttir(self.fn, self, context=context, options=options, codegen_fns=codegen_fns,\ntriton.compiler.errors.CompilationError: at 33:49:\n    acc = tl.zeros((BLOCK_L,), dtype=tl.float32)\n\n    # Loop over input channels in blocks\n    for c in range(0, C_in, BLOCK_C):\n        # Create mask for input channels\n        cc = c + tl.arange(0, BLOCK_C)\n        mask_c = cc < C_in\n\n        # Load weights with proper masking\n        weight_ptr_base = weight_ptr + cid * C_in * K + c * K\n        weights = tl.load(weight_ptr_base + tl.arange(0, BLOCK_C)[:, None] * K + tl.arange(0, K)[None, :], \n                         mask=mask_c[:, None] & (tl.arange(0, K)[None, :] < K), other=0.0)\n                                                 ^\n\n\nThe above exception was the direct cause of the following exception:\n\nTraceback (most recent call last):\n  File "/home/lijiaxing/.conda/envs/api/lib/python3.10/site-packages/triton/language/core.py", line 42, in wrapper\n    return fn(*args, **kwargs)\n  File "/home/lijiaxing/.conda/envs/api/lib/python3.10/site-packages/triton/language/core.py", line 1654, in arange\n    return _semantic.arange(start, end)\n  File "/home/lijiaxing/.conda/envs/api/lib/python3.10/site-packages/triton/language/semantic.py", line 574, in arange\n    raise ValueError("arange\'s arguments must be of type tl.constexpr")\nValueError: arange\'s arguments must be of type tl.constexpr\n', 'runtime_error_name': 'triton.compiler.errors.CompilationError', 'reference_timing_ms': 0.0348, 'speed_up': -1.0, 'custom_timing': -1.0}, 'runtime': -1.0, 'runtime_stats': {}}}
2025-08-08 18:20:32,560 - openevolve.llm.ensemble - INFO - Sampled model: deepseek
2025-08-08 18:20:32,571 - openevolve.threaded_parallel - INFO - Iteration 14: Program 5abf7a45-7c29-41f8-a732-ae147c5a42a5 (parent: 0ef7edfd-806d-49e3-8ab5-0946fcab827e) completed in 581.70s
2025-08-08 18:20:32,571 - openevolve.threaded_parallel - INFO - Metrics: compiled=1.0000, correctness=0.0000, score=10.0000, stage=wrong_answer, verify_payload={'id': 'level1_76_conv_standard_1D_dilated_strided__', 'result': {'compiled': True, 'correctness': False, 'metadata': {'hardware': 'NVIDIA L20Y', 'device': 'cuda:7', 'runtime_error': 'Traceback (most recent call last):\n  File "/home/lijiaxing/.conda/envs/api/lib/python3.10/site-packages/triton/language/core.py", line 42, in wrapper\n    return fn(*args, **kwargs)\n  File "/home/lijiaxing/.conda/envs/api/lib/python3.10/site-packages/triton/language/core.py", line 1654, in arange\n    return _semantic.arange(start, end)\n  File "/home/lijiaxing/.conda/envs/api/lib/python3.10/site-packages/triton/language/semantic.py", line 574, in arange\n    raise ValueError("arange\'s arguments must be of type tl.constexpr")\nValueError: arange\'s arguments must be of type tl.constexpr\n\nThe above exception was the direct cause of the following exception:\n\nTraceback (most recent call last):\n  File "/cpfs01/shared/llm_kernel/hujiakai/KernelLLM/validation_api_server/helpers/evaluations.py", line 720, in run_and_check_correctness\n    output_new = model_new(*inputs)\n  File "/home/lijiaxing/.conda/envs/api/lib/python3.10/site-packages/torch/nn/modules/module.py", line 1773, in _wrapped_call_impl\n    return self._call_impl(*args, **kwargs)\n  File "/home/lijiaxing/.conda/envs/api/lib/python3.10/site-packages/torch/nn/modules/module.py", line 1784, in _call_impl\n    return forward_call(*args, **kwargs)\n  File "/tmp/tmpf97cbb9u.py", line 98, in forward\n    conv1d_forward_kernel[grid](\n  File "/home/lijiaxing/.conda/envs/api/lib/python3.10/site-packages/triton/runtime/jit.py", line 390, in <lambda>\n    return lambda *args, **kwargs: self.run(grid=grid, warmup=False, *args, **kwargs)\n  File "/home/lijiaxing/.conda/envs/api/lib/python3.10/site-packages/triton/runtime/jit.py", line 594, in run\n    kernel = self.compile(src, target=target, options=options.__dict__)\n  File "/home/lijiaxing/.conda/envs/api/lib/python3.10/site-packages/triton/compiler/compiler.py", line 339, in compile\n    module = src.make_ir(options, codegen_fns, module_map, context)\n  File "/home/lijiaxing/.conda/envs/api/lib/python3.10/site-packages/triton/compiler/compiler.py", line 83, in make_ir\n    return ast_to_ttir(self.fn, self, context=context, options=options, codegen_fns=codegen_fns,\ntriton.compiler.errors.CompilationError: at 33:49:\n    acc = tl.zeros((BLOCK_L,), dtype=tl.float32)\n\n    # Loop over input channels in blocks\n    for c in range(0, C_in, BLOCK_C):\n        # Create mask for input channels\n        cc = c + tl.arange(0, BLOCK_C)\n        mask_c = cc < C_in\n\n        # Load weights with proper masking\n        weight_ptr_base = weight_ptr + cid * C_in * K + c * K\n        weights = tl.load(weight_ptr_base + tl.arange(0, BLOCK_C)[:, None] * K + tl.arange(0, K)[None, :], \n                         mask=mask_c[:, None] & (tl.arange(0, K)[None, :] < K), other=0.0)\n                                                 ^\n\n\nThe above exception was the direct cause of the following exception:\n\nTraceback (most recent call last):\n  File "/home/lijiaxing/.conda/envs/api/lib/python3.10/site-packages/triton/language/core.py", line 42, in wrapper\n    return fn(*args, **kwargs)\n  File "/home/lijiaxing/.conda/envs/api/lib/python3.10/site-packages/triton/language/core.py", line 1654, in arange\n    return _semantic.arange(start, end)\n  File "/home/lijiaxing/.conda/envs/api/lib/python3.10/site-packages/triton/language/semantic.py", line 574, in arange\n    raise ValueError("arange\'s arguments must be of type tl.constexpr")\nValueError: arange\'s arguments must be of type tl.constexpr\n', 'runtime_error_name': 'triton.compiler.errors.CompilationError', 'reference_timing_ms': 0.0348, 'speed_up': -1.0, 'custom_timing': -1.0}, 'runtime': -1.0, 'runtime_stats': {}}}
2025-08-08 18:23:05,656 - openevolve.RemoteSpeedupEvaluator - INFO - [level1_76_conv_standard_1D_dilated_strided__] triton key words check pass
2025-08-08 18:23:05,658 - openevolve.RemoteSpeedupEvaluator - INFO - [level1_76_conv_standard_1D_dilated_strided__] verify_plus payload: reference_code(1628 chars) + custom_code(4404 chars)
2025-08-08 18:23:08,846 - openevolve.RemoteSpeedupEvaluator - INFO - [level1_76_conv_standard_1D_dilated_strided__] verify_plus request success
2025-08-08 18:23:08,846 - openevolve.RemoteSpeedupEvaluator - INFO - [level1_76_conv_standard_1D_dilated_strided__] verify_plus response: {"id":"level1_76_conv_standard_1D_dilated_strided__","result":{"compiled":true,"correctness":false,"metadata":{"hardware":"NVIDIA L20Y","device":"cuda:2","runtime_error":"Traceback (most recent call last):\n  File \"/home/lijiaxing/.conda/envs/api/lib/python3.10/site-packages/triton/language/core.py\", line 42, in wrapper\n    return fn(*args, **kwargs)\n  File \"/home/lijiaxing/.conda/envs/api/lib/python3.10/site-packages/triton/language/core.py\", line 1654, in arange\n    return _semantic.arange(start, end)\n  File \"/home/lijiaxing/.conda/envs/api/lib/python3.10/site-packages/triton/language/semantic.py\", line 583, in arange\n    raise ValueError(\"arange's range must be a power of 2\")\nValueError: arange's range must be a power of 2\n\nThe above exception was the direct cause of the
2025-08-08 18:23:08,847 - openevolve.RemoteSpeedupEvaluator - INFO - [level1_76_conv_standard_1D_dilated_strided__] âœ˜ wrong_answer
2025-08-08 18:23:08,847 - openevolve.evaluator - INFO - Evaluated program 56944ee2-472a-46f2-89d2-73b043a27545 in 3.19s: compiled=1.0000, correctness=0.0000, score=10.0000, stage=wrong_answer, verify_payload={'id': 'level1_76_conv_standard_1D_dilated_strided__', 'result': {'compiled': True, 'correctness': False, 'metadata': {'hardware': 'NVIDIA L20Y', 'device': 'cuda:2', 'runtime_error': 'Traceback (most recent call last):\n  File "/home/lijiaxing/.conda/envs/api/lib/python3.10/site-packages/triton/language/core.py", line 42, in wrapper\n    return fn(*args, **kwargs)\n  File "/home/lijiaxing/.conda/envs/api/lib/python3.10/site-packages/triton/language/core.py", line 1654, in arange\n    return _semantic.arange(start, end)\n  File "/home/lijiaxing/.conda/envs/api/lib/python3.10/site-packages/triton/language/semantic.py", line 583, in arange\n    raise ValueError("arange\'s range must be a power of 2")\nValueError: arange\'s range must be a power of 2\n\nThe above exception was the direct cause of the following exception:\n\nTraceback (most recent call last):\n  File "/cpfs01/shared/llm_kernel/hujiakai/KernelLLM/validation_api_server/helpers/evaluations.py", line 720, in run_and_check_correctness\n    output_new = model_new(*inputs)\n  File "/home/lijiaxing/.conda/envs/api/lib/python3.10/site-packages/torch/nn/modules/module.py", line 1773, in _wrapped_call_impl\n    return self._call_impl(*args, **kwargs)\n  File "/home/lijiaxing/.conda/envs/api/lib/python3.10/site-packages/torch/nn/modules/module.py", line 1784, in _call_impl\n    return forward_call(*args, **kwargs)\n  File "/tmp/tmpf1vg7w76.py", line 114, in forward\n    _conv1d_kernel[grid](\n  File "/home/lijiaxing/.conda/envs/api/lib/python3.10/site-packages/triton/runtime/jit.py", line 390, in <lambda>\n    return lambda *args, **kwargs: self.run(grid=grid, warmup=False, *args, **kwargs)\n  File "/home/lijiaxing/.conda/envs/api/lib/python3.10/site-packages/triton/runtime/jit.py", line 594, in run\n    kernel = self.compile(src, target=target, options=options.__dict__)\n  File "/home/lijiaxing/.conda/envs/api/lib/python3.10/site-packages/triton/compiler/compiler.py", line 339, in compile\n    module = src.make_ir(options, codegen_fns, module_map, context)\n  File "/home/lijiaxing/.conda/envs/api/lib/python3.10/site-packages/triton/compiler/compiler.py", line 83, in make_ir\n    return ast_to_ttir(self.fn, self, context=context, options=options, codegen_fns=codegen_fns,\ntriton.compiler.errors.CompilationError: at 25:32:\n    HAS_BIAS: tl.constexpr,\n    BLOCK_IN: tl.constexpr,\n):\n    pid_b = tl.program_id(0)\n    pid_c = tl.program_id(1)\n    pid_o = tl.program_id(2)\n\n    base_idx = pid_o * stride\n    acc = 0.0\n\n    # Precompute kernel positions and masks\n    kernel_indices = base_idx + tl.arange(0, kernel_size) * dilation\n                                ^\n\n\nThe above exception was the direct cause of the following exception:\n\nTraceback (most recent call last):\n  File "/home/lijiaxing/.conda/envs/api/lib/python3.10/site-packages/triton/language/core.py", line 42, in wrapper\n    return fn(*args, **kwargs)\n  File "/home/lijiaxing/.conda/envs/api/lib/python3.10/site-packages/triton/language/core.py", line 1654, in arange\n    return _semantic.arange(start, end)\n  File "/home/lijiaxing/.conda/envs/api/lib/python3.10/site-packages/triton/language/semantic.py", line 583, in arange\n    raise ValueError("arange\'s range must be a power of 2")\nValueError: arange\'s range must be a power of 2\n', 'runtime_error_name': 'triton.compiler.errors.CompilationError', 'reference_timing_ms': 0.0348, 'speed_up': -1.0, 'custom_timing': -1.0}, 'runtime': -1.0, 'runtime_stats': {}}}
2025-08-08 18:23:08,853 - openevolve.llm.ensemble - INFO - Sampled model: deepseek
2025-08-08 18:23:08,867 - openevolve.threaded_parallel - INFO - Iteration 13: Program 56944ee2-472a-46f2-89d2-73b043a27545 (parent: 54ad8959-f3fb-4e74-aac0-448d4f5e99f1) completed in 825.21s
2025-08-08 18:23:08,867 - openevolve.threaded_parallel - INFO - Metrics: compiled=1.0000, correctness=0.0000, score=10.0000, stage=wrong_answer, verify_payload={'id': 'level1_76_conv_standard_1D_dilated_strided__', 'result': {'compiled': True, 'correctness': False, 'metadata': {'hardware': 'NVIDIA L20Y', 'device': 'cuda:2', 'runtime_error': 'Traceback (most recent call last):\n  File "/home/lijiaxing/.conda/envs/api/lib/python3.10/site-packages/triton/language/core.py", line 42, in wrapper\n    return fn(*args, **kwargs)\n  File "/home/lijiaxing/.conda/envs/api/lib/python3.10/site-packages/triton/language/core.py", line 1654, in arange\n    return _semantic.arange(start, end)\n  File "/home/lijiaxing/.conda/envs/api/lib/python3.10/site-packages/triton/language/semantic.py", line 583, in arange\n    raise ValueError("arange\'s range must be a power of 2")\nValueError: arange\'s range must be a power of 2\n\nThe above exception was the direct cause of the following exception:\n\nTraceback (most recent call last):\n  File "/cpfs01/shared/llm_kernel/hujiakai/KernelLLM/validation_api_server/helpers/evaluations.py", line 720, in run_and_check_correctness\n    output_new = model_new(*inputs)\n  File "/home/lijiaxing/.conda/envs/api/lib/python3.10/site-packages/torch/nn/modules/module.py", line 1773, in _wrapped_call_impl\n    return self._call_impl(*args, **kwargs)\n  File "/home/lijiaxing/.conda/envs/api/lib/python3.10/site-packages/torch/nn/modules/module.py", line 1784, in _call_impl\n    return forward_call(*args, **kwargs)\n  File "/tmp/tmpf1vg7w76.py", line 114, in forward\n    _conv1d_kernel[grid](\n  File "/home/lijiaxing/.conda/envs/api/lib/python3.10/site-packages/triton/runtime/jit.py", line 390, in <lambda>\n    return lambda *args, **kwargs: self.run(grid=grid, warmup=False, *args, **kwargs)\n  File "/home/lijiaxing/.conda/envs/api/lib/python3.10/site-packages/triton/runtime/jit.py", line 594, in run\n    kernel = self.compile(src, target=target, options=options.__dict__)\n  File "/home/lijiaxing/.conda/envs/api/lib/python3.10/site-packages/triton/compiler/compiler.py", line 339, in compile\n    module = src.make_ir(options, codegen_fns, module_map, context)\n  File "/home/lijiaxing/.conda/envs/api/lib/python3.10/site-packages/triton/compiler/compiler.py", line 83, in make_ir\n    return ast_to_ttir(self.fn, self, context=context, options=options, codegen_fns=codegen_fns,\ntriton.compiler.errors.CompilationError: at 25:32:\n    HAS_BIAS: tl.constexpr,\n    BLOCK_IN: tl.constexpr,\n):\n    pid_b = tl.program_id(0)\n    pid_c = tl.program_id(1)\n    pid_o = tl.program_id(2)\n\n    base_idx = pid_o * stride\n    acc = 0.0\n\n    # Precompute kernel positions and masks\n    kernel_indices = base_idx + tl.arange(0, kernel_size) * dilation\n                                ^\n\n\nThe above exception was the direct cause of the following exception:\n\nTraceback (most recent call last):\n  File "/home/lijiaxing/.conda/envs/api/lib/python3.10/site-packages/triton/language/core.py", line 42, in wrapper\n    return fn(*args, **kwargs)\n  File "/home/lijiaxing/.conda/envs/api/lib/python3.10/site-packages/triton/language/core.py", line 1654, in arange\n    return _semantic.arange(start, end)\n  File "/home/lijiaxing/.conda/envs/api/lib/python3.10/site-packages/triton/language/semantic.py", line 583, in arange\n    raise ValueError("arange\'s range must be a power of 2")\nValueError: arange\'s range must be a power of 2\n', 'runtime_error_name': 'triton.compiler.errors.CompilationError', 'reference_timing_ms': 0.0348, 'speed_up': -1.0, 'custom_timing': -1.0}, 'runtime': -1.0, 'runtime_stats': {}}}
2025-08-08 18:24:38,026 - openevolve.RemoteSpeedupEvaluator - INFO - [level1_76_conv_standard_1D_dilated_strided__] triton key words check pass
2025-08-08 18:24:38,028 - openevolve.RemoteSpeedupEvaluator - INFO - [level1_76_conv_standard_1D_dilated_strided__] verify_plus payload: reference_code(1628 chars) + custom_code(4426 chars)
2025-08-08 18:24:40,972 - openevolve.RemoteSpeedupEvaluator - INFO - [level1_76_conv_standard_1D_dilated_strided__] verify_plus request success
2025-08-08 18:24:40,972 - openevolve.RemoteSpeedupEvaluator - INFO - [level1_76_conv_standard_1D_dilated_strided__] verify_plus response: {"id":"level1_76_conv_standard_1D_dilated_strided__","result":{"compiled":true,"correctness":false,"metadata":{"hardware":"NVIDIA L20Y","device":"cuda:2","runtime_error":"Traceback (most recent call last):\n  File \"/cpfs01/shared/llm_kernel/hujiakai/KernelLLM/validation_api_server/helpers/evaluations.py\", line 720, in run_and_check_correctness\n    output_new = model_new(*inputs)\n  File \"/home/lijiaxing/.conda/envs/api/lib/python3.10/site-packages/torch/nn/modules/module.py\", line 1773, in _wrapped_call_impl\n    return self._call_impl(*args, **kwargs)\n  File \"/home/lijiaxing/.conda/envs/api/lib/python3.10/site-packages/torch/nn/modules/module.py\", line 1784, in _call_impl\n    return forward_call(*args, **kwargs)\n  File \"/tmp/tmp7jb78xo5.py\", line 117, in forward\n    _conv1d_k
2025-08-08 18:24:40,972 - openevolve.RemoteSpeedupEvaluator - INFO - [level1_76_conv_standard_1D_dilated_strided__] âœ˜ wrong_answer
2025-08-08 18:24:40,972 - openevolve.evaluator - INFO - Evaluated program 5a948481-f88c-4f11-bd87-809b73f0c806 in 2.95s: compiled=1.0000, correctness=0.0000, score=10.0000, stage=wrong_answer, verify_payload={'id': 'level1_76_conv_standard_1D_dilated_strided__', 'result': {'compiled': True, 'correctness': False, 'metadata': {'hardware': 'NVIDIA L20Y', 'device': 'cuda:2', 'runtime_error': 'Traceback (most recent call last):\n  File "/cpfs01/shared/llm_kernel/hujiakai/KernelLLM/validation_api_server/helpers/evaluations.py", line 720, in run_and_check_correctness\n    output_new = model_new(*inputs)\n  File "/home/lijiaxing/.conda/envs/api/lib/python3.10/site-packages/torch/nn/modules/module.py", line 1773, in _wrapped_call_impl\n    return self._call_impl(*args, **kwargs)\n  File "/home/lijiaxing/.conda/envs/api/lib/python3.10/site-packages/torch/nn/modules/module.py", line 1784, in _call_impl\n    return forward_call(*args, **kwargs)\n  File "/tmp/tmp7jb78xo5.py", line 117, in forward\n    _conv1d_kernel[grid](\n  File "/home/lijiaxing/.conda/envs/api/lib/python3.10/site-packages/triton/runtime/jit.py", line 390, in <lambda>\n    return lambda *args, **kwargs: self.run(grid=grid, warmup=False, *args, **kwargs)\n  File "/home/lijiaxing/.conda/envs/api/lib/python3.10/site-packages/triton/runtime/jit.py", line 594, in run\n    kernel = self.compile(src, target=target, options=options.__dict__)\n  File "/home/lijiaxing/.conda/envs/api/lib/python3.10/site-packages/triton/compiler/compiler.py", line 339, in compile\n    module = src.make_ir(options, codegen_fns, module_map, context)\n  File "/home/lijiaxing/.conda/envs/api/lib/python3.10/site-packages/triton/compiler/compiler.py", line 83, in make_ir\n    return ast_to_ttir(self.fn, self, context=context, options=options, codegen_fns=codegen_fns,\ntriton.compiler.errors.CompilationError: at 34:8:\n\n    # Process input channels in blocks\n    for in_c in range(0, in_channels, BLOCK_IN):\n        # Create channel offsets with power-of-two size\n        in_c_offsets = tl.arange(0, BLOCK_IN)\n        channel_mask = in_c_offsets < (in_channels - in_c)\n\n        # Initialize accumulator for this block\n        block_acc = 0.0\n\n        # Unroll kernel loop for better performance\n        for k in tl.static_range(kernel_size):\n        ^\nAssertionError(\'int32[] used as tl.static_range start value is not a constexpr\')\n\n\nThe above exception was the direct cause of the following exception:\n\nTraceback (most recent call last):\n  File "/home/lijiaxing/.conda/envs/api/lib/python3.10/site-packages/triton/language/core.py", line 3120, in __init__\n    assert isinstance(arg1, constexpr), f"{arg1} used as tl.static_range start value is not a constexpr"\nAssertionError: int32[] used as tl.static_range start value is not a constexpr\n', 'runtime_error_name': 'triton.compiler.errors.CompilationError', 'reference_timing_ms': 0.0348, 'speed_up': -1.0, 'custom_timing': -1.0}, 'runtime': -1.0, 'runtime_stats': {}}}
2025-08-08 18:24:40,977 - openevolve.llm.ensemble - INFO - Sampled model: deepseek
2025-08-08 18:24:40,995 - openevolve.threaded_parallel - INFO - Iteration 15: Program 5a948481-f88c-4f11-bd87-809b73f0c806 (parent: b13ce58c-c6fe-4cea-8a33-92853875b374) completed in 732.37s
2025-08-08 18:24:40,995 - openevolve.threaded_parallel - INFO - Metrics: compiled=1.0000, correctness=0.0000, score=10.0000, stage=wrong_answer, verify_payload={'id': 'level1_76_conv_standard_1D_dilated_strided__', 'result': {'compiled': True, 'correctness': False, 'metadata': {'hardware': 'NVIDIA L20Y', 'device': 'cuda:2', 'runtime_error': 'Traceback (most recent call last):\n  File "/cpfs01/shared/llm_kernel/hujiakai/KernelLLM/validation_api_server/helpers/evaluations.py", line 720, in run_and_check_correctness\n    output_new = model_new(*inputs)\n  File "/home/lijiaxing/.conda/envs/api/lib/python3.10/site-packages/torch/nn/modules/module.py", line 1773, in _wrapped_call_impl\n    return self._call_impl(*args, **kwargs)\n  File "/home/lijiaxing/.conda/envs/api/lib/python3.10/site-packages/torch/nn/modules/module.py", line 1784, in _call_impl\n    return forward_call(*args, **kwargs)\n  File "/tmp/tmp7jb78xo5.py", line 117, in forward\n    _conv1d_kernel[grid](\n  File "/home/lijiaxing/.conda/envs/api/lib/python3.10/site-packages/triton/runtime/jit.py", line 390, in <lambda>\n    return lambda *args, **kwargs: self.run(grid=grid, warmup=False, *args, **kwargs)\n  File "/home/lijiaxing/.conda/envs/api/lib/python3.10/site-packages/triton/runtime/jit.py", line 594, in run\n    kernel = self.compile(src, target=target, options=options.__dict__)\n  File "/home/lijiaxing/.conda/envs/api/lib/python3.10/site-packages/triton/compiler/compiler.py", line 339, in compile\n    module = src.make_ir(options, codegen_fns, module_map, context)\n  File "/home/lijiaxing/.conda/envs/api/lib/python3.10/site-packages/triton/compiler/compiler.py", line 83, in make_ir\n    return ast_to_ttir(self.fn, self, context=context, options=options, codegen_fns=codegen_fns,\ntriton.compiler.errors.CompilationError: at 34:8:\n\n    # Process input channels in blocks\n    for in_c in range(0, in_channels, BLOCK_IN):\n        # Create channel offsets with power-of-two size\n        in_c_offsets = tl.arange(0, BLOCK_IN)\n        channel_mask = in_c_offsets < (in_channels - in_c)\n\n        # Initialize accumulator for this block\n        block_acc = 0.0\n\n        # Unroll kernel loop for better performance\n        for k in tl.static_range(kernel_size):\n        ^\nAssertionError(\'int32[] used as tl.static_range start value is not a constexpr\')\n\n\nThe above exception was the direct cause of the following exception:\n\nTraceback (most recent call last):\n  File "/home/lijiaxing/.conda/envs/api/lib/python3.10/site-packages/triton/language/core.py", line 3120, in __init__\n    assert isinstance(arg1, constexpr), f"{arg1} used as tl.static_range start value is not a constexpr"\nAssertionError: int32[] used as tl.static_range start value is not a constexpr\n', 'runtime_error_name': 'triton.compiler.errors.CompilationError', 'reference_timing_ms': 0.0348, 'speed_up': -1.0, 'custom_timing': -1.0}, 'runtime': -1.0, 'runtime_stats': {}}}
2025-08-08 18:24:40,995 - openevolve.threaded_parallel - INFO - Checkpoint interval reached at iteration 15
2025-08-08 18:24:40,997 - openevolve.database - INFO - Island Status:
2025-08-08 18:24:40,997 - openevolve.database - INFO -    Island 0: 8 programs, best=10.0000, avg=7.6250, diversity=646.68, gen=6 (best: d5429687-3dbb-40a4-93f8-dbd41a20cd76)
2025-08-08 18:24:40,997 - openevolve.database - INFO -    Island 1: 5 programs, best=27.1000, avg=15.4200, diversity=840.77, gen=5 (best: 04bb6c7f-62d0-4051-be15-8e9389ea5c04)
2025-08-08 18:24:40,997 - openevolve.database - INFO -  * Island 2: 4 programs, best=20.0000, avg=-15.0000, diversity=1058.68, gen=5 (best: 54ad8959-f3fb-4e74-aac0-448d4f5e99f1)
2025-08-08 18:24:41,187 - openevolve.database - INFO - Saved database with 17 programs to openevolve_output/level1_76_conv_standard_1D_dilated_strided__/checkpoints/checkpoint_15
2025-08-08 18:24:41,198 - openevolve.controller - INFO - Saved best program at checkpoint 15 with metrics: compiled=1.0000, correctness=1.0000, stage=success, passed=1.0000, score=27.1000, speed_up=1.0710, runtime_ms=0.0325, meta={'hardware': 'NVIDIA L20Y', 'device': 'cuda:7', 'correctness_trials': '(5 / 5)', 'reference_timing_ms': 0.0348, 'speed_up': 1.071, 'custom_timing': 0.0325}
2025-08-08 18:24:41,198 - openevolve.controller - INFO - Saved checkpoint at iteration 15 to openevolve_output/level1_76_conv_standard_1D_dilated_strided__/checkpoints/checkpoint_15
2025-08-08 18:28:34,989 - openevolve.RemoteSpeedupEvaluator - INFO - [level1_76_conv_standard_1D_dilated_strided__] triton key words check pass
2025-08-08 18:28:34,991 - openevolve.RemoteSpeedupEvaluator - INFO - [level1_76_conv_standard_1D_dilated_strided__] verify_plus payload: reference_code(1628 chars) + custom_code(5107 chars)
2025-08-08 18:28:41,488 - openevolve.RemoteSpeedupEvaluator - INFO - [level1_76_conv_standard_1D_dilated_strided__] verify_plus request success
2025-08-08 18:28:41,488 - openevolve.RemoteSpeedupEvaluator - INFO - [level1_76_conv_standard_1D_dilated_strided__] verify_plus response: {"id":"level1_76_conv_standard_1D_dilated_strided__","result":{"compiled":true,"correctness":true,"metadata":{"hardware":"NVIDIA L20Y","device":"cuda:0","correctness_trials":"(5 / 5)","reference_timing_ms":0.0348,"speed_up":0.319,"custom_timing":0.109},"runtime":0.109,"runtime_stats":{"mean":0.109,"std":0.00185,"min":0.107,"max":0.12,"num_trials":100,"hardware":"NVIDIA L20Y","device":"cuda:0"}}}
2025-08-08 18:28:41,489 - openevolve.RemoteSpeedupEvaluator - INFO - [level1_76_conv_standard_1D_dilated_strided__] âœ” success | speed_up=0.319  score=20.00
2025-08-08 18:28:41,489 - openevolve.evaluator - INFO - Evaluated program 19c6e70b-4674-47d0-88dc-4d5c81177456 in 6.50s: compiled=1.0000, correctness=1.0000, stage=success, passed=0.0000, score=20.0000, speed_up=0.3190, runtime_ms=0.1090, meta={'hardware': 'NVIDIA L20Y', 'device': 'cuda:0', 'correctness_trials': '(5 / 5)', 'reference_timing_ms': 0.0348, 'speed_up': 0.319, 'custom_timing': 0.109}
2025-08-08 18:28:41,495 - openevolve.llm.ensemble - INFO - Sampled model: deepseek
2025-08-08 18:28:41,500 - openevolve.database - INFO - MAP-Elites cell improved: {'score': 9, 'complexity': 9} (fitness: 10.000 -> 20.000)
2025-08-08 18:28:41,512 - openevolve.threaded_parallel - INFO - Iteration 16: Program 19c6e70b-4674-47d0-88dc-4d5c81177456 (parent: 2274e37a-930e-42b8-bbaa-d7c637a1b8bc) completed in 488.93s
2025-08-08 18:28:41,513 - openevolve.threaded_parallel - INFO - Metrics: compiled=1.0000, correctness=1.0000, stage=success, passed=0.0000, score=20.0000, speed_up=0.3190, runtime_ms=0.1090, meta={'hardware': 'NVIDIA L20Y', 'device': 'cuda:0', 'correctness_trials': '(5 / 5)', 'reference_timing_ms': 0.0348, 'speed_up': 0.319, 'custom_timing': 0.109}
2025-08-08 18:34:05,039 - openevolve.RemoteSpeedupEvaluator - INFO - [level1_76_conv_standard_1D_dilated_strided__] âœ˜ invalid_answer 'import triton' is not found
2025-08-08 18:34:05,041 - openevolve.evaluator - INFO - Evaluated program 78fe6b8b-18a3-4ca2-a167-2581c5cd94b9 in 0.00s: compiled=0.0000, correctness=0.0000, score=-100.0000, stage=no_valid_triton_code, feedback=You need to generate real and valid triton code for the core function. The key word 'import triton' is not found.
2025-08-08 18:34:05,045 - openevolve.llm.ensemble - INFO - Sampled model: deepseek
2025-08-08 18:34:05,056 - openevolve.threaded_parallel - INFO - Iteration 18: Program 78fe6b8b-18a3-4ca2-a167-2581c5cd94b9 (parent: 4023db64-697f-419c-9a9e-f7c4db874244) completed in 564.06s
2025-08-08 18:34:05,056 - openevolve.threaded_parallel - INFO - Metrics: compiled=0.0000, correctness=0.0000, score=-100.0000, stage=no_valid_triton_code, feedback=You need to generate real and valid triton code for the core function. The key word 'import triton' is not found.
2025-08-08 18:34:05,056 - openevolve.threaded_parallel - INFO - Checkpoint interval reached at iteration 18
2025-08-08 18:34:05,058 - openevolve.database - INFO - Island Status:
2025-08-08 18:34:05,058 - openevolve.database - INFO -    Island 0: 9 programs, best=10.0000, avg=-4.3333, diversity=863.93, gen=7 (best: d5429687-3dbb-40a4-93f8-dbd41a20cd76)
2025-08-08 18:34:05,058 - openevolve.database - INFO -  * Island 1: 5 programs, best=27.1000, avg=15.4200, diversity=840.77, gen=6 (best: 04bb6c7f-62d0-4051-be15-8e9389ea5c04)
2025-08-08 18:34:05,058 - openevolve.database - INFO -    Island 2: 5 programs, best=20.0000, avg=-8.0000, diversity=626.25, gen=5 (best: 54ad8959-f3fb-4e74-aac0-448d4f5e99f1)
2025-08-08 18:34:05,282 - openevolve.database - INFO - Saved database with 19 programs to openevolve_output/level1_76_conv_standard_1D_dilated_strided__/checkpoints/checkpoint_18
2025-08-08 18:34:05,292 - openevolve.controller - INFO - Saved best program at checkpoint 18 with metrics: compiled=1.0000, correctness=1.0000, stage=success, passed=1.0000, score=27.1000, speed_up=1.0710, runtime_ms=0.0325, meta={'hardware': 'NVIDIA L20Y', 'device': 'cuda:7', 'correctness_trials': '(5 / 5)', 'reference_timing_ms': 0.0348, 'speed_up': 1.071, 'custom_timing': 0.0325}
2025-08-08 18:34:05,292 - openevolve.controller - INFO - Saved checkpoint at iteration 18 to openevolve_output/level1_76_conv_standard_1D_dilated_strided__/checkpoints/checkpoint_18
2025-08-08 18:37:34,349 - openevolve.RemoteSpeedupEvaluator - INFO - [level1_76_conv_standard_1D_dilated_strided__] triton key words check pass
2025-08-08 18:37:34,350 - openevolve.RemoteSpeedupEvaluator - INFO - [level1_76_conv_standard_1D_dilated_strided__] verify_plus payload: reference_code(1628 chars) + custom_code(4489 chars)
2025-08-08 18:37:37,544 - openevolve.RemoteSpeedupEvaluator - INFO - [level1_76_conv_standard_1D_dilated_strided__] verify_plus request success
2025-08-08 18:37:37,544 - openevolve.RemoteSpeedupEvaluator - INFO - [level1_76_conv_standard_1D_dilated_strided__] verify_plus response: {"id":"level1_76_conv_standard_1D_dilated_strided__","result":{"compiled":true,"correctness":true,"metadata":{"hardware":"NVIDIA L20Y","device":"cuda:4","correctness_trials":"(5 / 5)","reference_timing_ms":0.0348,"speed_up":0.188,"custom_timing":0.185},"runtime":0.185,"runtime_stats":{"mean":0.185,"std":0.00219,"min":0.182,"max":0.194,"num_trials":100,"hardware":"NVIDIA L20Y","device":"cuda:4"}}}
2025-08-08 18:37:37,544 - openevolve.RemoteSpeedupEvaluator - INFO - [level1_76_conv_standard_1D_dilated_strided__] âœ” success | speed_up=0.188  score=20.00
2025-08-08 18:37:37,545 - openevolve.evaluator - INFO - Evaluated program 2293f7de-2bbd-4098-bf39-d92e5ff1c653 in 3.20s: compiled=1.0000, correctness=1.0000, stage=success, passed=0.0000, score=20.0000, speed_up=0.1880, runtime_ms=0.1850, meta={'hardware': 'NVIDIA L20Y', 'device': 'cuda:4', 'correctness_trials': '(5 / 5)', 'reference_timing_ms': 0.0348, 'speed_up': 0.188, 'custom_timing': 0.185}
2025-08-08 18:37:37,548 - openevolve.database - INFO - MAP-Elites cell improved: {'score': 9, 'complexity': 8} (fitness: 10.000 -> 20.000)
2025-08-08 18:37:37,548 - openevolve.llm.ensemble - INFO - Sampled model: deepseek
2025-08-08 18:37:37,561 - openevolve.threaded_parallel - INFO - Iteration 17: Program 2293f7de-2bbd-4098-bf39-d92e5ff1c653 (parent: d0c07de0-ac17-483a-9b28-4f054ef70792) completed in 868.69s
2025-08-08 18:37:37,561 - openevolve.threaded_parallel - INFO - Metrics: compiled=1.0000, correctness=1.0000, stage=success, passed=0.0000, score=20.0000, speed_up=0.1880, runtime_ms=0.1850, meta={'hardware': 'NVIDIA L20Y', 'device': 'cuda:4', 'correctness_trials': '(5 / 5)', 'reference_timing_ms': 0.0348, 'speed_up': 0.188, 'custom_timing': 0.185}
2025-08-08 18:38:31,914 - openevolve.RemoteSpeedupEvaluator - INFO - [level1_76_conv_standard_1D_dilated_strided__] triton key words check pass
2025-08-08 18:38:31,915 - openevolve.RemoteSpeedupEvaluator - INFO - [level1_76_conv_standard_1D_dilated_strided__] verify_plus payload: reference_code(1628 chars) + custom_code(4475 chars)
2025-08-08 18:38:34,747 - openevolve.RemoteSpeedupEvaluator - INFO - [level1_76_conv_standard_1D_dilated_strided__] verify_plus request success
2025-08-08 18:38:34,748 - openevolve.RemoteSpeedupEvaluator - INFO - [level1_76_conv_standard_1D_dilated_strided__] verify_plus response: {"id":"level1_76_conv_standard_1D_dilated_strided__","result":{"compiled":true,"correctness":false,"metadata":{"hardware":"NVIDIA L20Y","device":"cuda:7","runtime_error":"Traceback (most recent call last):\n  File \"/home/lijiaxing/.conda/envs/api/lib/python3.10/site-packages/triton/language/core.py\", line 42, in wrapper\n    return fn(*args, **kwargs)\n  File \"/home/lijiaxing/.conda/envs/api/lib/python3.10/site-packages/triton/language/core.py\", line 1654, in arange\n    return _semantic.arange(start, end)\n  File \"/home/lijiaxing/.conda/envs/api/lib/python3.10/site-packages/triton/language/semantic.py\", line 583, in arange\n    raise ValueError(\"arange's range must be a power of 2\")\nValueError: arange's range must be a power of 2\n\nThe above exception was the direct cause of the
2025-08-08 18:38:34,748 - openevolve.RemoteSpeedupEvaluator - INFO - [level1_76_conv_standard_1D_dilated_strided__] âœ˜ wrong_answer
2025-08-08 18:38:34,748 - openevolve.evaluator - INFO - Evaluated program 07eb8203-bca8-411c-b0d9-daa7f77b2e8c in 2.84s: compiled=1.0000, correctness=0.0000, score=10.0000, stage=wrong_answer, verify_payload={'id': 'level1_76_conv_standard_1D_dilated_strided__', 'result': {'compiled': True, 'correctness': False, 'metadata': {'hardware': 'NVIDIA L20Y', 'device': 'cuda:7', 'runtime_error': 'Traceback (most recent call last):\n  File "/home/lijiaxing/.conda/envs/api/lib/python3.10/site-packages/triton/language/core.py", line 42, in wrapper\n    return fn(*args, **kwargs)\n  File "/home/lijiaxing/.conda/envs/api/lib/python3.10/site-packages/triton/language/core.py", line 1654, in arange\n    return _semantic.arange(start, end)\n  File "/home/lijiaxing/.conda/envs/api/lib/python3.10/site-packages/triton/language/semantic.py", line 583, in arange\n    raise ValueError("arange\'s range must be a power of 2")\nValueError: arange\'s range must be a power of 2\n\nThe above exception was the direct cause of the following exception:\n\nTraceback (most recent call last):\n  File "/cpfs01/shared/llm_kernel/hujiakai/KernelLLM/validation_api_server/helpers/evaluations.py", line 720, in run_and_check_correctness\n    output_new = model_new(*inputs)\n  File "/home/lijiaxing/.conda/envs/api/lib/python3.10/site-packages/torch/nn/modules/module.py", line 1773, in _wrapped_call_impl\n    return self._call_impl(*args, **kwargs)\n  File "/home/lijiaxing/.conda/envs/api/lib/python3.10/site-packages/torch/nn/modules/module.py", line 1784, in _call_impl\n    return forward_call(*args, **kwargs)\n  File "/tmp/tmpdr_hf49y.py", line 112, in forward\n    conv1d_forward_kernel[grid](\n  File "/home/lijiaxing/.conda/envs/api/lib/python3.10/site-packages/triton/runtime/jit.py", line 390, in <lambda>\n    return lambda *args, **kwargs: self.run(grid=grid, warmup=False, *args, **kwargs)\n  File "/home/lijiaxing/.conda/envs/api/lib/python3.10/site-packages/triton/runtime/jit.py", line 594, in run\n    kernel = self.compile(src, target=target, options=options.__dict__)\n  File "/home/lijiaxing/.conda/envs/api/lib/python3.10/site-packages/triton/compiler/compiler.py", line 339, in compile\n    module = src.make_ir(options, codegen_fns, module_map, context)\n  File "/home/lijiaxing/.conda/envs/api/lib/python3.10/site-packages/triton/compiler/compiler.py", line 83, in make_ir\n    return ast_to_ttir(self.fn, self, context=context, options=options, codegen_fns=codegen_fns,\ntriton.compiler.errors.CompilationError: at 27:18:\n    lid = tl.program_id(2)\n\n    # Calculate current block indices\n    lo = lid * BLOCK_L\n    offsets = lo + tl.arange(0, BLOCK_L)\n    mask_out = offsets < L_out\n\n    # Initialize accumulator\n    acc = tl.zeros((BLOCK_L,), dtype=tl.float32)\n\n    # Precompute kernel positions\n    k_positions = tl.arange(0, K)\n                  ^\n\n\nThe above exception was the direct cause of the following exception:\n\nTraceback (most recent call last):\n  File "/home/lijiaxing/.conda/envs/api/lib/python3.10/site-packages/triton/language/core.py", line 42, in wrapper\n    return fn(*args, **kwargs)\n  File "/home/lijiaxing/.conda/envs/api/lib/python3.10/site-packages/triton/language/core.py", line 1654, in arange\n    return _semantic.arange(start, end)\n  File "/home/lijiaxing/.conda/envs/api/lib/python3.10/site-packages/triton/language/semantic.py", line 583, in arange\n    raise ValueError("arange\'s range must be a power of 2")\nValueError: arange\'s range must be a power of 2\n', 'runtime_error_name': 'triton.compiler.errors.CompilationError', 'reference_timing_ms': 0.0348, 'speed_up': -1.0, 'custom_timing': -1.0}, 'runtime': -1.0, 'runtime_stats': {}}}
2025-08-08 18:38:34,752 - openevolve.llm.ensemble - INFO - Sampled model: deepseek
2025-08-08 18:38:34,772 - openevolve.threaded_parallel - INFO - Iteration 19: Program 07eb8203-bca8-411c-b0d9-daa7f77b2e8c (parent: 5abf7a45-7c29-41f8-a732-ae147c5a42a5) completed in 593.25s
2025-08-08 18:38:34,773 - openevolve.threaded_parallel - INFO - Metrics: compiled=1.0000, correctness=0.0000, score=10.0000, stage=wrong_answer, verify_payload={'id': 'level1_76_conv_standard_1D_dilated_strided__', 'result': {'compiled': True, 'correctness': False, 'metadata': {'hardware': 'NVIDIA L20Y', 'device': 'cuda:7', 'runtime_error': 'Traceback (most recent call last):\n  File "/home/lijiaxing/.conda/envs/api/lib/python3.10/site-packages/triton/language/core.py", line 42, in wrapper\n    return fn(*args, **kwargs)\n  File "/home/lijiaxing/.conda/envs/api/lib/python3.10/site-packages/triton/language/core.py", line 1654, in arange\n    return _semantic.arange(start, end)\n  File "/home/lijiaxing/.conda/envs/api/lib/python3.10/site-packages/triton/language/semantic.py", line 583, in arange\n    raise ValueError("arange\'s range must be a power of 2")\nValueError: arange\'s range must be a power of 2\n\nThe above exception was the direct cause of the following exception:\n\nTraceback (most recent call last):\n  File "/cpfs01/shared/llm_kernel/hujiakai/KernelLLM/validation_api_server/helpers/evaluations.py", line 720, in run_and_check_correctness\n    output_new = model_new(*inputs)\n  File "/home/lijiaxing/.conda/envs/api/lib/python3.10/site-packages/torch/nn/modules/module.py", line 1773, in _wrapped_call_impl\n    return self._call_impl(*args, **kwargs)\n  File "/home/lijiaxing/.conda/envs/api/lib/python3.10/site-packages/torch/nn/modules/module.py", line 1784, in _call_impl\n    return forward_call(*args, **kwargs)\n  File "/tmp/tmpdr_hf49y.py", line 112, in forward\n    conv1d_forward_kernel[grid](\n  File "/home/lijiaxing/.conda/envs/api/lib/python3.10/site-packages/triton/runtime/jit.py", line 390, in <lambda>\n    return lambda *args, **kwargs: self.run(grid=grid, warmup=False, *args, **kwargs)\n  File "/home/lijiaxing/.conda/envs/api/lib/python3.10/site-packages/triton/runtime/jit.py", line 594, in run\n    kernel = self.compile(src, target=target, options=options.__dict__)\n  File "/home/lijiaxing/.conda/envs/api/lib/python3.10/site-packages/triton/compiler/compiler.py", line 339, in compile\n    module = src.make_ir(options, codegen_fns, module_map, context)\n  File "/home/lijiaxing/.conda/envs/api/lib/python3.10/site-packages/triton/compiler/compiler.py", line 83, in make_ir\n    return ast_to_ttir(self.fn, self, context=context, options=options, codegen_fns=codegen_fns,\ntriton.compiler.errors.CompilationError: at 27:18:\n    lid = tl.program_id(2)\n\n    # Calculate current block indices\n    lo = lid * BLOCK_L\n    offsets = lo + tl.arange(0, BLOCK_L)\n    mask_out = offsets < L_out\n\n    # Initialize accumulator\n    acc = tl.zeros((BLOCK_L,), dtype=tl.float32)\n\n    # Precompute kernel positions\n    k_positions = tl.arange(0, K)\n                  ^\n\n\nThe above exception was the direct cause of the following exception:\n\nTraceback (most recent call last):\n  File "/home/lijiaxing/.conda/envs/api/lib/python3.10/site-packages/triton/language/core.py", line 42, in wrapper\n    return fn(*args, **kwargs)\n  File "/home/lijiaxing/.conda/envs/api/lib/python3.10/site-packages/triton/language/core.py", line 1654, in arange\n    return _semantic.arange(start, end)\n  File "/home/lijiaxing/.conda/envs/api/lib/python3.10/site-packages/triton/language/semantic.py", line 583, in arange\n    raise ValueError("arange\'s range must be a power of 2")\nValueError: arange\'s range must be a power of 2\n', 'runtime_error_name': 'triton.compiler.errors.CompilationError', 'reference_timing_ms': 0.0348, 'speed_up': -1.0, 'custom_timing': -1.0}, 'runtime': -1.0, 'runtime_stats': {}}}
2025-08-08 18:41:01,197 - openevolve.RemoteSpeedupEvaluator - INFO - [level1_76_conv_standard_1D_dilated_strided__] triton key words check pass
2025-08-08 18:41:01,198 - openevolve.RemoteSpeedupEvaluator - INFO - [level1_76_conv_standard_1D_dilated_strided__] verify_plus payload: reference_code(1628 chars) + custom_code(4812 chars)
2025-08-08 18:41:04,173 - openevolve.RemoteSpeedupEvaluator - INFO - [level1_76_conv_standard_1D_dilated_strided__] verify_plus request success
2025-08-08 18:41:04,173 - openevolve.RemoteSpeedupEvaluator - INFO - [level1_76_conv_standard_1D_dilated_strided__] verify_plus response: {"id":"level1_76_conv_standard_1D_dilated_strided__","result":{"compiled":true,"correctness":false,"metadata":{"hardware":"NVIDIA L20Y","device":"cuda:5","runtime_error":"Traceback (most recent call last):\n  File \"/home/lijiaxing/.conda/envs/api/lib/python3.10/site-packages/triton/language/core.py\", line 42, in wrapper\n    return fn(*args, **kwargs)\n  File \"/home/lijiaxing/.conda/envs/api/lib/python3.10/site-packages/triton/language/core.py\", line 1654, in arange\n    return _semantic.arange(start, end)\n  File \"/home/lijiaxing/.conda/envs/api/lib/python3.10/site-packages/triton/language/semantic.py\", line 583, in arange\n    raise ValueError(\"arange's range must be a power of 2\")\nValueError: arange's range must be a power of 2\n\nThe above exception was the direct cause of the
2025-08-08 18:41:04,174 - openevolve.RemoteSpeedupEvaluator - INFO - [level1_76_conv_standard_1D_dilated_strided__] âœ˜ wrong_answer
2025-08-08 18:41:04,174 - openevolve.evaluator - INFO - Evaluated program 0e9bd7a5-5164-4b21-9501-3bd673a80915 in 2.98s: compiled=1.0000, correctness=0.0000, score=10.0000, stage=wrong_answer, verify_payload={'id': 'level1_76_conv_standard_1D_dilated_strided__', 'result': {'compiled': True, 'correctness': False, 'metadata': {'hardware': 'NVIDIA L20Y', 'device': 'cuda:5', 'runtime_error': 'Traceback (most recent call last):\n  File "/home/lijiaxing/.conda/envs/api/lib/python3.10/site-packages/triton/language/core.py", line 42, in wrapper\n    return fn(*args, **kwargs)\n  File "/home/lijiaxing/.conda/envs/api/lib/python3.10/site-packages/triton/language/core.py", line 1654, in arange\n    return _semantic.arange(start, end)\n  File "/home/lijiaxing/.conda/envs/api/lib/python3.10/site-packages/triton/language/semantic.py", line 583, in arange\n    raise ValueError("arange\'s range must be a power of 2")\nValueError: arange\'s range must be a power of 2\n\nThe above exception was the direct cause of the following exception:\n\nTraceback (most recent call last):\n  File "/cpfs01/shared/llm_kernel/hujiakai/KernelLLM/validation_api_server/helpers/evaluations.py", line 720, in run_and_check_correctness\n    output_new = model_new(*inputs)\n  File "/home/lijiaxing/.conda/envs/api/lib/python3.10/site-packages/torch/nn/modules/module.py", line 1773, in _wrapped_call_impl\n    return self._call_impl(*args, **kwargs)\n  File "/home/lijiaxing/.conda/envs/api/lib/python3.10/site-packages/torch/nn/modules/module.py", line 1784, in _call_impl\n    return forward_call(*args, **kwargs)\n  File "/tmp/tmphk75mqmj.py", line 113, in forward\n    _conv1d_kernel[grid](\n  File "/home/lijiaxing/.conda/envs/api/lib/python3.10/site-packages/triton/runtime/jit.py", line 390, in <lambda>\n    return lambda *args, **kwargs: self.run(grid=grid, warmup=False, *args, **kwargs)\n  File "/home/lijiaxing/.conda/envs/api/lib/python3.10/site-packages/triton/runtime/jit.py", line 594, in run\n    kernel = self.compile(src, target=target, options=options.__dict__)\n  File "/home/lijiaxing/.conda/envs/api/lib/python3.10/site-packages/triton/compiler/compiler.py", line 339, in compile\n    module = src.make_ir(options, codegen_fns, module_map, context)\n  File "/home/lijiaxing/.conda/envs/api/lib/python3.10/site-packages/triton/compiler/compiler.py", line 83, in make_ir\n    return ast_to_ttir(self.fn, self, context=context, options=options, codegen_fns=codegen_fns,\ntriton.compiler.errors.CompilationError: at 30:18:\n    pid_c = tl.program_id(1)\n    pid_ob = tl.program_id(2)\n\n    start_o = pid_ob * BLOCK_O\n    o_offsets = start_o + tl.arange(0, BLOCK_O)\n    mask_o = o_offsets < L_out\n\n    # Initialize accumulators for all outputs in the block\n    acc = tl.zeros((BLOCK_O,), dtype=tl.float32)\n\n    # Precompute kernel positions\n    k_positions = tl.arange(0, kernel_size)\n                  ^\n\n\nThe above exception was the direct cause of the following exception:\n\nTraceback (most recent call last):\n  File "/home/lijiaxing/.conda/envs/api/lib/python3.10/site-packages/triton/language/core.py", line 42, in wrapper\n    return fn(*args, **kwargs)\n  File "/home/lijiaxing/.conda/envs/api/lib/python3.10/site-packages/triton/language/core.py", line 1654, in arange\n    return _semantic.arange(start, end)\n  File "/home/lijiaxing/.conda/envs/api/lib/python3.10/site-packages/triton/language/semantic.py", line 583, in arange\n    raise ValueError("arange\'s range must be a power of 2")\nValueError: arange\'s range must be a power of 2\n', 'runtime_error_name': 'triton.compiler.errors.CompilationError', 'reference_timing_ms': 0.0348, 'speed_up': -1.0, 'custom_timing': -1.0}, 'runtime': -1.0, 'runtime_stats': {}}}
2025-08-08 18:41:04,179 - openevolve.llm.ensemble - INFO - Sampled model: deepseek
2025-08-08 18:41:04,193 - openevolve.threaded_parallel - INFO - Iteration 20: Program 0e9bd7a5-5164-4b21-9501-3bd673a80915 (parent: d9fcb6b2-e430-42bf-a611-977fc841b818) completed in 419.13s
2025-08-08 18:41:04,194 - openevolve.threaded_parallel - INFO - Metrics: compiled=1.0000, correctness=0.0000, score=10.0000, stage=wrong_answer, verify_payload={'id': 'level1_76_conv_standard_1D_dilated_strided__', 'result': {'compiled': True, 'correctness': False, 'metadata': {'hardware': 'NVIDIA L20Y', 'device': 'cuda:5', 'runtime_error': 'Traceback (most recent call last):\n  File "/home/lijiaxing/.conda/envs/api/lib/python3.10/site-packages/triton/language/core.py", line 42, in wrapper\n    return fn(*args, **kwargs)\n  File "/home/lijiaxing/.conda/envs/api/lib/python3.10/site-packages/triton/language/core.py", line 1654, in arange\n    return _semantic.arange(start, end)\n  File "/home/lijiaxing/.conda/envs/api/lib/python3.10/site-packages/triton/language/semantic.py", line 583, in arange\n    raise ValueError("arange\'s range must be a power of 2")\nValueError: arange\'s range must be a power of 2\n\nThe above exception was the direct cause of the following exception:\n\nTraceback (most recent call last):\n  File "/cpfs01/shared/llm_kernel/hujiakai/KernelLLM/validation_api_server/helpers/evaluations.py", line 720, in run_and_check_correctness\n    output_new = model_new(*inputs)\n  File "/home/lijiaxing/.conda/envs/api/lib/python3.10/site-packages/torch/nn/modules/module.py", line 1773, in _wrapped_call_impl\n    return self._call_impl(*args, **kwargs)\n  File "/home/lijiaxing/.conda/envs/api/lib/python3.10/site-packages/torch/nn/modules/module.py", line 1784, in _call_impl\n    return forward_call(*args, **kwargs)\n  File "/tmp/tmphk75mqmj.py", line 113, in forward\n    _conv1d_kernel[grid](\n  File "/home/lijiaxing/.conda/envs/api/lib/python3.10/site-packages/triton/runtime/jit.py", line 390, in <lambda>\n    return lambda *args, **kwargs: self.run(grid=grid, warmup=False, *args, **kwargs)\n  File "/home/lijiaxing/.conda/envs/api/lib/python3.10/site-packages/triton/runtime/jit.py", line 594, in run\n    kernel = self.compile(src, target=target, options=options.__dict__)\n  File "/home/lijiaxing/.conda/envs/api/lib/python3.10/site-packages/triton/compiler/compiler.py", line 339, in compile\n    module = src.make_ir(options, codegen_fns, module_map, context)\n  File "/home/lijiaxing/.conda/envs/api/lib/python3.10/site-packages/triton/compiler/compiler.py", line 83, in make_ir\n    return ast_to_ttir(self.fn, self, context=context, options=options, codegen_fns=codegen_fns,\ntriton.compiler.errors.CompilationError: at 30:18:\n    pid_c = tl.program_id(1)\n    pid_ob = tl.program_id(2)\n\n    start_o = pid_ob * BLOCK_O\n    o_offsets = start_o + tl.arange(0, BLOCK_O)\n    mask_o = o_offsets < L_out\n\n    # Initialize accumulators for all outputs in the block\n    acc = tl.zeros((BLOCK_O,), dtype=tl.float32)\n\n    # Precompute kernel positions\n    k_positions = tl.arange(0, kernel_size)\n                  ^\n\n\nThe above exception was the direct cause of the following exception:\n\nTraceback (most recent call last):\n  File "/home/lijiaxing/.conda/envs/api/lib/python3.10/site-packages/triton/language/core.py", line 42, in wrapper\n    return fn(*args, **kwargs)\n  File "/home/lijiaxing/.conda/envs/api/lib/python3.10/site-packages/triton/language/core.py", line 1654, in arange\n    return _semantic.arange(start, end)\n  File "/home/lijiaxing/.conda/envs/api/lib/python3.10/site-packages/triton/language/semantic.py", line 583, in arange\n    raise ValueError("arange\'s range must be a power of 2")\nValueError: arange\'s range must be a power of 2\n', 'runtime_error_name': 'triton.compiler.errors.CompilationError', 'reference_timing_ms': 0.0348, 'speed_up': -1.0, 'custom_timing': -1.0}, 'runtime': -1.0, 'runtime_stats': {}}}
2025-08-08 18:42:39,880 - openevolve.RemoteSpeedupEvaluator - INFO - [level1_76_conv_standard_1D_dilated_strided__] triton key words check pass
2025-08-08 18:42:39,883 - openevolve.RemoteSpeedupEvaluator - INFO - [level1_76_conv_standard_1D_dilated_strided__] verify_plus payload: reference_code(1628 chars) + custom_code(4222 chars)
2025-08-08 18:42:43,494 - openevolve.RemoteSpeedupEvaluator - INFO - [level1_76_conv_standard_1D_dilated_strided__] verify_plus request success
2025-08-08 18:42:43,494 - openevolve.RemoteSpeedupEvaluator - INFO - [level1_76_conv_standard_1D_dilated_strided__] verify_plus response: {"id":"level1_76_conv_standard_1D_dilated_strided__","result":{"compiled":true,"correctness":true,"metadata":{"hardware":"NVIDIA L20Y","device":"cuda:0","correctness_trials":"(5 / 5)","reference_timing_ms":0.0348,"speed_up":0.27,"custom_timing":0.129},"runtime":0.129,"runtime_stats":{"mean":0.129,"std":0.00158,"min":0.126,"max":0.136,"num_trials":100,"hardware":"NVIDIA L20Y","device":"cuda:0"}}}
2025-08-08 18:42:43,495 - openevolve.RemoteSpeedupEvaluator - INFO - [level1_76_conv_standard_1D_dilated_strided__] âœ” success | speed_up=0.270  score=20.00
2025-08-08 18:42:43,495 - openevolve.evaluator - INFO - Evaluated program d629f074-74cf-4f2b-b576-f2d624b42e67 in 3.62s: compiled=1.0000, correctness=1.0000, stage=success, passed=0.0000, score=20.0000, speed_up=0.2700, runtime_ms=0.1290, meta={'hardware': 'NVIDIA L20Y', 'device': 'cuda:0', 'correctness_trials': '(5 / 5)', 'reference_timing_ms': 0.0348, 'speed_up': 0.27, 'custom_timing': 0.129}
2025-08-08 18:42:43,500 - openevolve.llm.ensemble - INFO - Sampled model: deepseek
2025-08-08 18:42:43,554 - openevolve.threaded_parallel - INFO - Iteration 22: Program d629f074-74cf-4f2b-b576-f2d624b42e67 (parent: c656413f-e2c9-4ef2-b53d-eae974514dd6) completed in 248.74s
2025-08-08 18:42:43,554 - openevolve.threaded_parallel - INFO - Metrics: compiled=1.0000, correctness=1.0000, stage=success, passed=0.0000, score=20.0000, speed_up=0.2700, runtime_ms=0.1290, meta={'hardware': 'NVIDIA L20Y', 'device': 'cuda:0', 'correctness_trials': '(5 / 5)', 'reference_timing_ms': 0.0348, 'speed_up': 0.27, 'custom_timing': 0.129}
2025-08-08 18:47:33,472 - openevolve.RemoteSpeedupEvaluator - INFO - [level1_76_conv_standard_1D_dilated_strided__] triton key words check pass
2025-08-08 18:47:33,474 - openevolve.RemoteSpeedupEvaluator - INFO - [level1_76_conv_standard_1D_dilated_strided__] verify_plus payload: reference_code(1628 chars) + custom_code(5539 chars)
2025-08-08 18:47:48,462 - openevolve.RemoteSpeedupEvaluator - INFO - [level1_76_conv_standard_1D_dilated_strided__] verify_plus request success
2025-08-08 18:47:48,462 - openevolve.RemoteSpeedupEvaluator - INFO - [level1_76_conv_standard_1D_dilated_strided__] verify_plus response: {"id":"level1_76_conv_standard_1D_dilated_strided__","result":{"compiled":true,"correctness":false,"metadata":{"hardware":"NVIDIA L20Y","device":"cuda:5","runtime_error":"Traceback (most recent call last):\n  File \"/home/lijiaxing/.conda/envs/api/lib/python3.10/site-packages/triton/language/core.py\", line 42, in wrapper\n    return fn(*args, **kwargs)\n  File \"/home/lijiaxing/.conda/envs/api/lib/python3.10/site-packages/triton/language/core.py\", line 1654, in arange\n    return _semantic.arange(start, end)\n  File \"/home/lijiaxing/.conda/envs/api/lib/python3.10/site-packages/triton/language/semantic.py\", line 574, in arange\n    raise ValueError(\"arange's arguments must be of type tl.constexpr\")\nValueError: arange's arguments must be of type tl.constexpr\n\nThe above exception was
2025-08-08 18:47:48,462 - openevolve.RemoteSpeedupEvaluator - INFO - [level1_76_conv_standard_1D_dilated_strided__] âœ˜ wrong_answer
2025-08-08 18:47:48,462 - openevolve.evaluator - INFO - Evaluated program 0c49e84c-1a0e-43ba-8c4f-00499216f873 in 14.99s: compiled=1.0000, correctness=0.0000, score=10.0000, stage=wrong_answer, verify_payload={'id': 'level1_76_conv_standard_1D_dilated_strided__', 'result': {'compiled': True, 'correctness': False, 'metadata': {'hardware': 'NVIDIA L20Y', 'device': 'cuda:5', 'runtime_error': 'Traceback (most recent call last):\n  File "/home/lijiaxing/.conda/envs/api/lib/python3.10/site-packages/triton/language/core.py", line 42, in wrapper\n    return fn(*args, **kwargs)\n  File "/home/lijiaxing/.conda/envs/api/lib/python3.10/site-packages/triton/language/core.py", line 1654, in arange\n    return _semantic.arange(start, end)\n  File "/home/lijiaxing/.conda/envs/api/lib/python3.10/site-packages/triton/language/semantic.py", line 574, in arange\n    raise ValueError("arange\'s arguments must be of type tl.constexpr")\nValueError: arange\'s arguments must be of type tl.constexpr\n\nThe above exception was the direct cause of the following exception:\n\nTraceback (most recent call last):\n  File "/cpfs01/shared/llm_kernel/hujiakai/KernelLLM/validation_api_server/helpers/evaluations.py", line 720, in run_and_check_correctness\n    output_new = model_new(*inputs)\n  File "/home/lijiaxing/.conda/envs/api/lib/python3.10/site-packages/torch/nn/modules/module.py", line 1773, in _wrapped_call_impl\n    return self._call_impl(*args, **kwargs)\n  File "/home/lijiaxing/.conda/envs/api/lib/python3.10/site-packages/torch/nn/modules/module.py", line 1784, in _call_impl\n    return forward_call(*args, **kwargs)\n  File "/tmp/tmp9smx_1aj.py", line 135, in forward\n    conv1d_kernel[grid](\n  File "/home/lijiaxing/.conda/envs/api/lib/python3.10/site-packages/triton/runtime/jit.py", line 390, in <lambda>\n    return lambda *args, **kwargs: self.run(grid=grid, warmup=False, *args, **kwargs)\n  File "/home/lijiaxing/.conda/envs/api/lib/python3.10/site-packages/triton/runtime/autotuner.py", line 239, in run\n    benchmark()\n  File "/home/lijiaxing/.conda/envs/api/lib/python3.10/site-packages/triton/runtime/autotuner.py", line 228, in benchmark\n    timings = {config: self._bench(*args, config=config, **kwargs) for config in pruned_configs}\n  File "/home/lijiaxing/.conda/envs/api/lib/python3.10/site-packages/triton/runtime/autotuner.py", line 228, in <dictcomp>\n    timings = {config: self._bench(*args, config=config, **kwargs) for config in pruned_configs}\n  File "/home/lijiaxing/.conda/envs/api/lib/python3.10/site-packages/triton/runtime/autotuner.py", line 160, in _bench\n    return self.do_bench(kernel_call, quantiles=(0.5, 0.2, 0.8))\n  File "/home/lijiaxing/.conda/envs/api/lib/python3.10/site-packages/triton/testing.py", line 149, in do_bench\n    fn()\n  File "/home/lijiaxing/.conda/envs/api/lib/python3.10/site-packages/triton/runtime/autotuner.py", line 146, in kernel_call\n    self.fn.run(\n  File "/home/lijiaxing/.conda/envs/api/lib/python3.10/site-packages/triton/runtime/jit.py", line 594, in run\n    kernel = self.compile(src, target=target, options=options.__dict__)\n  File "/home/lijiaxing/.conda/envs/api/lib/python3.10/site-packages/triton/compiler/compiler.py", line 339, in compile\n    module = src.make_ir(options, codegen_fns, module_map, context)\n  File "/home/lijiaxing/.conda/envs/api/lib/python3.10/site-packages/triton/compiler/compiler.py", line 83, in make_ir\n    return ast_to_ttir(self.fn, self, context=context, options=options, codegen_fns=codegen_fns,\ntriton.compiler.errors.CompilationError: at 33:28:\n    stride_out_length,\n    HAS_BIAS: tl.constexpr,\n    BLOCK_C: tl.constexpr,\n):\n    pid_batch = tl.program_id(0)\n    pid_out_channel = tl.program_id(1)\n    pid_block = tl.program_id(2)\n\n    # Fixed block size for output dimension\n    BLOCK_SIZE = 128\n    block_start = pid_block * BLOCK_SIZE\n    offsets = block_start + tl.arange(0, BLOCK_SIZE)\n                            ^\n\n\nThe above exception was the direct cause of the following exception:\n\nTraceback (most recent call last):\n  File "/home/lijiaxing/.conda/envs/api/lib/python3.10/site-packages/triton/language/core.py", line 42, in wrapper\n    return fn(*args, **kwargs)\n  File "/home/lijiaxing/.conda/envs/api/lib/python3.10/site-packages/triton/language/core.py", line 1654, in arange\n    return _semantic.arange(start, end)\n  File "/home/lijiaxing/.conda/envs/api/lib/python3.10/site-packages/triton/language/semantic.py", line 574, in arange\n    raise ValueError("arange\'s arguments must be of type tl.constexpr")\nValueError: arange\'s arguments must be of type tl.constexpr\n', 'runtime_error_name': 'triton.compiler.errors.CompilationError', 'reference_timing_ms': 0.0348, 'speed_up': -1.0, 'custom_timing': -1.0}, 'runtime': -1.0, 'runtime_stats': {}}}
2025-08-08 18:47:48,467 - openevolve.llm.ensemble - INFO - Sampled model: deepseek
2025-08-08 18:47:48,478 - openevolve.threaded_parallel - INFO - Iteration 21: Program 0c49e84c-1a0e-43ba-8c4f-00499216f873 (parent: 8b3ca70a-c9d2-4eb6-8868-0d3f27b618d5) completed in 610.91s
2025-08-08 18:47:48,479 - openevolve.threaded_parallel - INFO - Metrics: compiled=1.0000, correctness=0.0000, score=10.0000, stage=wrong_answer, verify_payload={'id': 'level1_76_conv_standard_1D_dilated_strided__', 'result': {'compiled': True, 'correctness': False, 'metadata': {'hardware': 'NVIDIA L20Y', 'device': 'cuda:5', 'runtime_error': 'Traceback (most recent call last):\n  File "/home/lijiaxing/.conda/envs/api/lib/python3.10/site-packages/triton/language/core.py", line 42, in wrapper\n    return fn(*args, **kwargs)\n  File "/home/lijiaxing/.conda/envs/api/lib/python3.10/site-packages/triton/language/core.py", line 1654, in arange\n    return _semantic.arange(start, end)\n  File "/home/lijiaxing/.conda/envs/api/lib/python3.10/site-packages/triton/language/semantic.py", line 574, in arange\n    raise ValueError("arange\'s arguments must be of type tl.constexpr")\nValueError: arange\'s arguments must be of type tl.constexpr\n\nThe above exception was the direct cause of the following exception:\n\nTraceback (most recent call last):\n  File "/cpfs01/shared/llm_kernel/hujiakai/KernelLLM/validation_api_server/helpers/evaluations.py", line 720, in run_and_check_correctness\n    output_new = model_new(*inputs)\n  File "/home/lijiaxing/.conda/envs/api/lib/python3.10/site-packages/torch/nn/modules/module.py", line 1773, in _wrapped_call_impl\n    return self._call_impl(*args, **kwargs)\n  File "/home/lijiaxing/.conda/envs/api/lib/python3.10/site-packages/torch/nn/modules/module.py", line 1784, in _call_impl\n    return forward_call(*args, **kwargs)\n  File "/tmp/tmp9smx_1aj.py", line 135, in forward\n    conv1d_kernel[grid](\n  File "/home/lijiaxing/.conda/envs/api/lib/python3.10/site-packages/triton/runtime/jit.py", line 390, in <lambda>\n    return lambda *args, **kwargs: self.run(grid=grid, warmup=False, *args, **kwargs)\n  File "/home/lijiaxing/.conda/envs/api/lib/python3.10/site-packages/triton/runtime/autotuner.py", line 239, in run\n    benchmark()\n  File "/home/lijiaxing/.conda/envs/api/lib/python3.10/site-packages/triton/runtime/autotuner.py", line 228, in benchmark\n    timings = {config: self._bench(*args, config=config, **kwargs) for config in pruned_configs}\n  File "/home/lijiaxing/.conda/envs/api/lib/python3.10/site-packages/triton/runtime/autotuner.py", line 228, in <dictcomp>\n    timings = {config: self._bench(*args, config=config, **kwargs) for config in pruned_configs}\n  File "/home/lijiaxing/.conda/envs/api/lib/python3.10/site-packages/triton/runtime/autotuner.py", line 160, in _bench\n    return self.do_bench(kernel_call, quantiles=(0.5, 0.2, 0.8))\n  File "/home/lijiaxing/.conda/envs/api/lib/python3.10/site-packages/triton/testing.py", line 149, in do_bench\n    fn()\n  File "/home/lijiaxing/.conda/envs/api/lib/python3.10/site-packages/triton/runtime/autotuner.py", line 146, in kernel_call\n    self.fn.run(\n  File "/home/lijiaxing/.conda/envs/api/lib/python3.10/site-packages/triton/runtime/jit.py", line 594, in run\n    kernel = self.compile(src, target=target, options=options.__dict__)\n  File "/home/lijiaxing/.conda/envs/api/lib/python3.10/site-packages/triton/compiler/compiler.py", line 339, in compile\n    module = src.make_ir(options, codegen_fns, module_map, context)\n  File "/home/lijiaxing/.conda/envs/api/lib/python3.10/site-packages/triton/compiler/compiler.py", line 83, in make_ir\n    return ast_to_ttir(self.fn, self, context=context, options=options, codegen_fns=codegen_fns,\ntriton.compiler.errors.CompilationError: at 33:28:\n    stride_out_length,\n    HAS_BIAS: tl.constexpr,\n    BLOCK_C: tl.constexpr,\n):\n    pid_batch = tl.program_id(0)\n    pid_out_channel = tl.program_id(1)\n    pid_block = tl.program_id(2)\n\n    # Fixed block size for output dimension\n    BLOCK_SIZE = 128\n    block_start = pid_block * BLOCK_SIZE\n    offsets = block_start + tl.arange(0, BLOCK_SIZE)\n                            ^\n\n\nThe above exception was the direct cause of the following exception:\n\nTraceback (most recent call last):\n  File "/home/lijiaxing/.conda/envs/api/lib/python3.10/site-packages/triton/language/core.py", line 42, in wrapper\n    return fn(*args, **kwargs)\n  File "/home/lijiaxing/.conda/envs/api/lib/python3.10/site-packages/triton/language/core.py", line 1654, in arange\n    return _semantic.arange(start, end)\n  File "/home/lijiaxing/.conda/envs/api/lib/python3.10/site-packages/triton/language/semantic.py", line 574, in arange\n    raise ValueError("arange\'s arguments must be of type tl.constexpr")\nValueError: arange\'s arguments must be of type tl.constexpr\n', 'runtime_error_name': 'triton.compiler.errors.CompilationError', 'reference_timing_ms': 0.0348, 'speed_up': -1.0, 'custom_timing': -1.0}, 'runtime': -1.0, 'runtime_stats': {}}}
2025-08-08 18:47:48,479 - openevolve.threaded_parallel - INFO - Checkpoint interval reached at iteration 21
2025-08-08 18:47:48,481 - openevolve.database - INFO - Island Status:
2025-08-08 18:47:48,481 - openevolve.database - INFO -  * Island 0: 10 programs, best=10.0000, avg=-2.9000, diversity=739.73, gen=9 (best: d5429687-3dbb-40a4-93f8-dbd41a20cd76)
2025-08-08 18:47:48,481 - openevolve.database - INFO -    Island 1: 7 programs, best=27.1000, avg=16.7286, diversity=799.48, gen=7 (best: 04bb6c7f-62d0-4051-be15-8e9389ea5c04)
2025-08-08 18:47:48,481 - openevolve.database - INFO -    Island 2: 7 programs, best=20.0000, avg=-2.8571, diversity=211.73, gen=7 (best: 54ad8959-f3fb-4e74-aac0-448d4f5e99f1)
2025-08-08 18:47:48,768 - openevolve.database - INFO - Saved database with 24 programs to openevolve_output/level1_76_conv_standard_1D_dilated_strided__/checkpoints/checkpoint_21
2025-08-08 18:47:48,780 - openevolve.controller - INFO - Saved best program at checkpoint 21 with metrics: compiled=1.0000, correctness=1.0000, stage=success, passed=1.0000, score=27.1000, speed_up=1.0710, runtime_ms=0.0325, meta={'hardware': 'NVIDIA L20Y', 'device': 'cuda:7', 'correctness_trials': '(5 / 5)', 'reference_timing_ms': 0.0348, 'speed_up': 1.071, 'custom_timing': 0.0325}
2025-08-08 18:47:48,780 - openevolve.controller - INFO - Saved checkpoint at iteration 21 to openevolve_output/level1_76_conv_standard_1D_dilated_strided__/checkpoints/checkpoint_21
2025-08-08 18:52:52,245 - openevolve.RemoteSpeedupEvaluator - INFO - [level1_76_conv_standard_1D_dilated_strided__] triton key words check pass
2025-08-08 18:52:52,246 - openevolve.RemoteSpeedupEvaluator - INFO - [level1_76_conv_standard_1D_dilated_strided__] verify_plus payload: reference_code(1628 chars) + custom_code(3544 chars)
2025-08-08 18:52:54,908 - openevolve.RemoteSpeedupEvaluator - INFO - [level1_76_conv_standard_1D_dilated_strided__] verify_plus request success
2025-08-08 18:52:54,908 - openevolve.RemoteSpeedupEvaluator - INFO - [level1_76_conv_standard_1D_dilated_strided__] verify_plus response: {"id":"level1_76_conv_standard_1D_dilated_strided__","result":{"compiled":true,"correctness":true,"metadata":{"hardware":"NVIDIA L20Y","device":"cuda:4","correctness_trials":"(5 / 5)","reference_timing_ms":0.0348,"speed_up":1.115,"custom_timing":0.0312},"runtime":0.0312,"runtime_stats":{"mean":0.0312,"std":0.00155,"min":0.0293,"max":0.0423,"num_trials":100,"hardware":"NVIDIA L20Y","device":"cuda:4"}}}
2025-08-08 18:52:54,908 - openevolve.RemoteSpeedupEvaluator - INFO - [level1_76_conv_standard_1D_dilated_strided__] âœ” success | speed_up=1.115  score=31.50
2025-08-08 18:52:54,909 - openevolve.evaluator - INFO - Evaluated program f072effc-ed36-4624-b187-7d7130c56052 in 2.66s: compiled=1.0000, correctness=1.0000, stage=success, passed=1.0000, score=31.5000, speed_up=1.1150, runtime_ms=0.0312, meta={'hardware': 'NVIDIA L20Y', 'device': 'cuda:4', 'correctness_trials': '(5 / 5)', 'reference_timing_ms': 0.0348, 'speed_up': 1.115, 'custom_timing': 0.0312}
2025-08-08 18:52:54,913 - openevolve.llm.ensemble - INFO - Sampled model: deepseek
2025-08-08 18:52:54,914 - openevolve.database - INFO - MAP-Elites cell improved: {'score': 9, 'complexity': 3} (fitness: 27.100 -> 31.500)
2025-08-08 18:52:54,915 - openevolve.database - INFO - New best program f072effc-ed36-4624-b187-7d7130c56052 replaces 04bb6c7f-62d0-4051-be15-8e9389ea5c04
2025-08-08 18:52:54,922 - openevolve.threaded_parallel - INFO - Iteration 24: Program f072effc-ed36-4624-b187-7d7130c56052 (parent: 04bb6c7f-62d0-4051-be15-8e9389ea5c04) completed in 611.41s
2025-08-08 18:52:54,922 - openevolve.threaded_parallel - INFO - Metrics: compiled=1.0000, correctness=1.0000, stage=success, passed=1.0000, score=31.5000, speed_up=1.1150, runtime_ms=0.0312, meta={'hardware': 'NVIDIA L20Y', 'device': 'cuda:4', 'correctness_trials': '(5 / 5)', 'reference_timing_ms': 0.0348, 'speed_up': 1.115, 'custom_timing': 0.0312}
2025-08-08 18:52:54,922 - openevolve.threaded_parallel - INFO - ðŸŒŸ New best solution found at iteration 24: f072effc-ed36-4624-b187-7d7130c56052
2025-08-08 18:52:54,922 - openevolve.threaded_parallel - INFO - Checkpoint interval reached at iteration 24
2025-08-08 18:52:54,924 - openevolve.database - INFO - Island Status:
2025-08-08 18:52:54,924 - openevolve.database - INFO -    Island 0: 11 programs, best=31.5000, avg=0.2273, diversity=739.73, gen=9 (best: f072effc-ed36-4624-b187-7d7130c56052)
2025-08-08 18:52:54,924 - openevolve.database - INFO -  * Island 1: 7 programs, best=27.1000, avg=16.7286, diversity=799.48, gen=8 (best: 04bb6c7f-62d0-4051-be15-8e9389ea5c04)
2025-08-08 18:52:54,924 - openevolve.database - INFO -    Island 2: 7 programs, best=20.0000, avg=-2.8571, diversity=211.73, gen=7 (best: 54ad8959-f3fb-4e74-aac0-448d4f5e99f1)
2025-08-08 18:52:55,219 - openevolve.database - INFO - Saved database with 25 programs to openevolve_output/level1_76_conv_standard_1D_dilated_strided__/checkpoints/checkpoint_24
2025-08-08 18:52:55,229 - openevolve.controller - INFO - Saved best program at checkpoint 24 with metrics: compiled=1.0000, correctness=1.0000, stage=success, passed=1.0000, score=31.5000, speed_up=1.1150, runtime_ms=0.0312, meta={'hardware': 'NVIDIA L20Y', 'device': 'cuda:4', 'correctness_trials': '(5 / 5)', 'reference_timing_ms': 0.0348, 'speed_up': 1.115, 'custom_timing': 0.0312}
2025-08-08 18:52:55,229 - openevolve.controller - INFO - Saved checkpoint at iteration 24 to openevolve_output/level1_76_conv_standard_1D_dilated_strided__/checkpoints/checkpoint_24
2025-08-08 18:55:11,579 - openevolve.RemoteSpeedupEvaluator - INFO - [level1_76_conv_standard_1D_dilated_strided__] triton key words check pass
2025-08-08 18:55:11,581 - openevolve.RemoteSpeedupEvaluator - INFO - [level1_76_conv_standard_1D_dilated_strided__] verify_plus payload: reference_code(1628 chars) + custom_code(5206 chars)
2025-08-08 18:55:15,592 - openevolve.RemoteSpeedupEvaluator - INFO - [level1_76_conv_standard_1D_dilated_strided__] verify_plus request success
2025-08-08 18:55:15,592 - openevolve.RemoteSpeedupEvaluator - INFO - [level1_76_conv_standard_1D_dilated_strided__] verify_plus response: {"id":"level1_76_conv_standard_1D_dilated_strided__","result":{"compiled":true,"correctness":false,"metadata":{"hardware":"NVIDIA L20Y","device":"cuda:3","max_difference":["3.327486","4.420109","4.161827","3.590790"],"avg_difference":["0.147832","0.147895","0.148323","0.148985"],"correctness_issue":"Output mismatch","correctness_trials":"(1 / 5)","reference_timing_ms":0.0348,"speed_up":-1.0,"custom_timing":-1.0},"runtime":-1.0,"runtime_stats":{}}}
2025-08-08 18:55:15,592 - openevolve.RemoteSpeedupEvaluator - INFO - [level1_76_conv_standard_1D_dilated_strided__] âœ˜ wrong_answer
2025-08-08 18:55:15,593 - openevolve.evaluator - INFO - Evaluated program 2d0a4960-8069-4852-a951-35aa5f71c7e3 in 4.01s: compiled=1.0000, correctness=0.0000, score=10.0000, stage=wrong_answer, verify_payload={'id': 'level1_76_conv_standard_1D_dilated_strided__', 'result': {'compiled': True, 'correctness': False, 'metadata': {'hardware': 'NVIDIA L20Y', 'device': 'cuda:3', 'max_difference': ['3.327486', '4.420109', '4.161827', '3.590790'], 'avg_difference': ['0.147832', '0.147895', '0.148323', '0.148985'], 'correctness_issue': 'Output mismatch', 'correctness_trials': '(1 / 5)', 'reference_timing_ms': 0.0348, 'speed_up': -1.0, 'custom_timing': -1.0}, 'runtime': -1.0, 'runtime_stats': {}}}
2025-08-08 18:55:15,597 - openevolve.llm.ensemble - INFO - Sampled model: deepseek
2025-08-08 18:55:15,599 - openevolve.database - INFO - Population size (26) exceeds limit (25), removing 1 programs
2025-08-08 18:55:15,600 - openevolve.database - INFO - Population size after cleanup: 25
2025-08-08 18:55:15,612 - openevolve.threaded_parallel - INFO - Iteration 23: Program 2d0a4960-8069-4852-a951-35aa5f71c7e3 (parent: d0c07de0-ac17-483a-9b28-4f054ef70792) completed in 851.41s
2025-08-08 18:55:15,612 - openevolve.threaded_parallel - INFO - Metrics: compiled=1.0000, correctness=0.0000, score=10.0000, stage=wrong_answer, verify_payload={'id': 'level1_76_conv_standard_1D_dilated_strided__', 'result': {'compiled': True, 'correctness': False, 'metadata': {'hardware': 'NVIDIA L20Y', 'device': 'cuda:3', 'max_difference': ['3.327486', '4.420109', '4.161827', '3.590790'], 'avg_difference': ['0.147832', '0.147895', '0.148323', '0.148985'], 'correctness_issue': 'Output mismatch', 'correctness_trials': '(1 / 5)', 'reference_timing_ms': 0.0348, 'speed_up': -1.0, 'custom_timing': -1.0}, 'runtime': -1.0, 'runtime_stats': {}}}
2025-08-08 19:01:14,829 - openevolve.RemoteSpeedupEvaluator - INFO - [level1_76_conv_standard_1D_dilated_strided__] âœ˜ invalid_answer 'import triton' is not found
2025-08-08 19:01:14,831 - openevolve.evaluator - INFO - Evaluated program f7442069-e7f8-4bcb-9c46-cbc9fdccad1d in 0.00s: compiled=0.0000, correctness=0.0000, score=-100.0000, stage=no_valid_triton_code, feedback=You need to generate real and valid triton code for the core function. The key word 'import triton' is not found.
2025-08-08 19:01:14,836 - openevolve.llm.ensemble - INFO - Sampled model: deepseek
2025-08-08 19:01:14,839 - openevolve.database - INFO - New MAP-Elites cell occupied: {'score': -1000, 'complexity': 0}
2025-08-08 19:01:14,839 - openevolve.database - INFO - Population size (26) exceeds limit (25), removing 1 programs
2025-08-08 19:01:14,839 - openevolve.database - INFO - Population size after cleanup: 25
2025-08-08 19:01:14,851 - openevolve.threaded_parallel - INFO - Iteration 25: Program f7442069-e7f8-4bcb-9c46-cbc9fdccad1d (parent: 5abf7a45-7c29-41f8-a732-ae147c5a42a5) completed in 806.36s
2025-08-08 19:01:14,851 - openevolve.threaded_parallel - INFO - Metrics: compiled=0.0000, correctness=0.0000, score=-100.0000, stage=no_valid_triton_code, feedback=You need to generate real and valid triton code for the core function. The key word 'import triton' is not found.
2025-08-08 19:12:38,114 - openevolve.RemoteSpeedupEvaluator - INFO - [level1_76_conv_standard_1D_dilated_strided__] triton key words check pass
2025-08-08 19:12:38,115 - openevolve.RemoteSpeedupEvaluator - INFO - [level1_76_conv_standard_1D_dilated_strided__] triton key words check pass
2025-08-08 19:12:38,115 - openevolve.RemoteSpeedupEvaluator - INFO - [level1_76_conv_standard_1D_dilated_strided__] triton key words check pass
2025-08-08 19:12:38,116 - openevolve.RemoteSpeedupEvaluator - INFO - [level1_76_conv_standard_1D_dilated_strided__] verify_plus payload: reference_code(1628 chars) + custom_code(5107 chars)
2025-08-08 19:12:38,117 - openevolve.RemoteSpeedupEvaluator - INFO - [level1_76_conv_standard_1D_dilated_strided__] verify_plus payload: reference_code(1628 chars) + custom_code(4500 chars)
2025-08-08 19:12:38,117 - openevolve.RemoteSpeedupEvaluator - INFO - [level1_76_conv_standard_1D_dilated_strided__] verify_plus payload: reference_code(1628 chars) + custom_code(4673 chars)
2025-08-08 19:13:01,493 - openevolve.RemoteSpeedupEvaluator - INFO - [level1_76_conv_standard_1D_dilated_strided__] verify_plus request success
2025-08-08 19:13:01,493 - openevolve.RemoteSpeedupEvaluator - INFO - [level1_76_conv_standard_1D_dilated_strided__] verify_plus response: {"id":"level1_76_conv_standard_1D_dilated_strided__","result":{"compiled":true,"correctness":false,"metadata":{"hardware":"NVIDIA L20Y","device":"cuda:0","runtime_error":"Traceback (most recent call last):\n  File \"/home/lijiaxing/.conda/envs/api/lib/python3.10/site-packages/triton/language/core.py\", line 42, in wrapper\n    return fn(*args, **kwargs)\n  File \"/home/lijiaxing/.conda/envs/api/lib/python3.10/site-packages/triton/language/core.py\", line 1654, in arange\n    return _semantic.arange(start, end)\n  File \"/home/lijiaxing/.conda/envs/api/lib/python3.10/site-packages/triton/language/semantic.py\", line 574, in arange\n    raise ValueError(\"arange's arguments must be of type tl.constexpr\")\nValueError: arange's arguments must be of type tl.constexpr\n\nThe above exception was
2025-08-08 19:13:01,493 - openevolve.RemoteSpeedupEvaluator - INFO - [level1_76_conv_standard_1D_dilated_strided__] âœ˜ wrong_answer
2025-08-08 19:13:01,494 - openevolve.evaluator - INFO - Evaluated program 42b6fdaa-ce79-4de9-a2d4-229d719b2a61 in 23.38s: compiled=1.0000, correctness=0.0000, score=10.0000, stage=wrong_answer, verify_payload={'id': 'level1_76_conv_standard_1D_dilated_strided__', 'result': {'compiled': True, 'correctness': False, 'metadata': {'hardware': 'NVIDIA L20Y', 'device': 'cuda:0', 'runtime_error': 'Traceback (most recent call last):\n  File "/home/lijiaxing/.conda/envs/api/lib/python3.10/site-packages/triton/language/core.py", line 42, in wrapper\n    return fn(*args, **kwargs)\n  File "/home/lijiaxing/.conda/envs/api/lib/python3.10/site-packages/triton/language/core.py", line 1654, in arange\n    return _semantic.arange(start, end)\n  File "/home/lijiaxing/.conda/envs/api/lib/python3.10/site-packages/triton/language/semantic.py", line 574, in arange\n    raise ValueError("arange\'s arguments must be of type tl.constexpr")\nValueError: arange\'s arguments must be of type tl.constexpr\n\nThe above exception was the direct cause of the following exception:\n\nTraceback (most recent call last):\n  File "/cpfs01/shared/llm_kernel/hujiakai/KernelLLM/validation_api_server/helpers/evaluations.py", line 720, in run_and_check_correctness\n    output_new = model_new(*inputs)\n  File "/home/lijiaxing/.conda/envs/api/lib/python3.10/site-packages/torch/nn/modules/module.py", line 1773, in _wrapped_call_impl\n    return self._call_impl(*args, **kwargs)\n  File "/home/lijiaxing/.conda/envs/api/lib/python3.10/site-packages/torch/nn/modules/module.py", line 1784, in _call_impl\n    return forward_call(*args, **kwargs)\n  File "/tmp/tmpzd2sam9m.py", line 110, in forward\n    conv1d_kernel[grid](\n  File "/home/lijiaxing/.conda/envs/api/lib/python3.10/site-packages/triton/runtime/jit.py", line 390, in <lambda>\n    return lambda *args, **kwargs: self.run(grid=grid, warmup=False, *args, **kwargs)\n  File "/home/lijiaxing/.conda/envs/api/lib/python3.10/site-packages/triton/runtime/autotuner.py", line 239, in run\n    benchmark()\n  File "/home/lijiaxing/.conda/envs/api/lib/python3.10/site-packages/triton/runtime/autotuner.py", line 228, in benchmark\n    timings = {config: self._bench(*args, config=config, **kwargs) for config in pruned_configs}\n  File "/home/lijiaxing/.conda/envs/api/lib/python3.10/site-packages/triton/runtime/autotuner.py", line 228, in <dictcomp>\n    timings = {config: self._bench(*args, config=config, **kwargs) for config in pruned_configs}\n  File "/home/lijiaxing/.conda/envs/api/lib/python3.10/site-packages/triton/runtime/autotuner.py", line 160, in _bench\n    return self.do_bench(kernel_call, quantiles=(0.5, 0.2, 0.8))\n  File "/home/lijiaxing/.conda/envs/api/lib/python3.10/site-packages/triton/testing.py", line 149, in do_bench\n    fn()\n  File "/home/lijiaxing/.conda/envs/api/lib/python3.10/site-packages/triton/runtime/autotuner.py", line 146, in kernel_call\n    self.fn.run(\n  File "/home/lijiaxing/.conda/envs/api/lib/python3.10/site-packages/triton/runtime/jit.py", line 594, in run\n    kernel = self.compile(src, target=target, options=options.__dict__)\n  File "/home/lijiaxing/.conda/envs/api/lib/python3.10/site-packages/triton/compiler/compiler.py", line 339, in compile\n    module = src.make_ir(options, codegen_fns, module_map, context)\n  File "/home/lijiaxing/.conda/envs/api/lib/python3.10/site-packages/triton/compiler/compiler.py", line 83, in make_ir\n    return ast_to_ttir(self.fn, self, context=context, options=options, codegen_fns=codegen_fns,\ntriton.compiler.errors.CompilationError: at 30:28:\n    stride_out_batch,\n    stride_out_out,\n    stride_out_length,\n    BLOCK_C: tl.constexpr\n):\n    BLOCK_SIZE = 128\n    pid_batch = tl.program_id(0)\n    pid_out_channel = tl.program_id(1)\n    pid_block = tl.program_id(2)\n\n    block_start = pid_block * BLOCK_SIZE\n    offsets = block_start + tl.arange(0, BLOCK_SIZE)\n                            ^\n\n\nThe above exception was the direct cause of the following exception:\n\nTraceback (most recent call last):\n  File "/home/lijiaxing/.conda/envs/api/lib/python3.10/site-packages/triton/language/core.py", line 42, in wrapper\n    return fn(*args, **kwargs)\n  File "/home/lijiaxing/.conda/envs/api/lib/python3.10/site-packages/triton/language/core.py", line 1654, in arange\n    return _semantic.arange(start, end)\n  File "/home/lijiaxing/.conda/envs/api/lib/python3.10/site-packages/triton/language/semantic.py", line 574, in arange\n    raise ValueError("arange\'s arguments must be of type tl.constexpr")\nValueError: arange\'s arguments must be of type tl.constexpr\n', 'runtime_error_name': 'triton.compiler.errors.CompilationError', 'reference_timing_ms': 0.0348, 'speed_up': -1.0, 'custom_timing': -1.0}, 'runtime': -1.0, 'runtime_stats': {}}}
2025-08-08 19:13:01,500 - openevolve.llm.ensemble - INFO - Sampled model: deepseek
2025-08-08 19:13:01,505 - openevolve.database - INFO - Population size (26) exceeds limit (25), removing 1 programs
2025-08-08 19:13:01,505 - openevolve.database - INFO - Population size after cleanup: 25
2025-08-08 19:13:01,518 - openevolve.threaded_parallel - INFO - Iteration 27: Program 42b6fdaa-ce79-4de9-a2d4-229d719b2a61 (parent: 8b3ca70a-c9d2-4eb6-8868-0d3f27b618d5) completed in 1065.90s
2025-08-08 19:13:01,518 - openevolve.threaded_parallel - INFO - Metrics: compiled=1.0000, correctness=0.0000, score=10.0000, stage=wrong_answer, verify_payload={'id': 'level1_76_conv_standard_1D_dilated_strided__', 'result': {'compiled': True, 'correctness': False, 'metadata': {'hardware': 'NVIDIA L20Y', 'device': 'cuda:0', 'runtime_error': 'Traceback (most recent call last):\n  File "/home/lijiaxing/.conda/envs/api/lib/python3.10/site-packages/triton/language/core.py", line 42, in wrapper\n    return fn(*args, **kwargs)\n  File "/home/lijiaxing/.conda/envs/api/lib/python3.10/site-packages/triton/language/core.py", line 1654, in arange\n    return _semantic.arange(start, end)\n  File "/home/lijiaxing/.conda/envs/api/lib/python3.10/site-packages/triton/language/semantic.py", line 574, in arange\n    raise ValueError("arange\'s arguments must be of type tl.constexpr")\nValueError: arange\'s arguments must be of type tl.constexpr\n\nThe above exception was the direct cause of the following exception:\n\nTraceback (most recent call last):\n  File "/cpfs01/shared/llm_kernel/hujiakai/KernelLLM/validation_api_server/helpers/evaluations.py", line 720, in run_and_check_correctness\n    output_new = model_new(*inputs)\n  File "/home/lijiaxing/.conda/envs/api/lib/python3.10/site-packages/torch/nn/modules/module.py", line 1773, in _wrapped_call_impl\n    return self._call_impl(*args, **kwargs)\n  File "/home/lijiaxing/.conda/envs/api/lib/python3.10/site-packages/torch/nn/modules/module.py", line 1784, in _call_impl\n    return forward_call(*args, **kwargs)\n  File "/tmp/tmpzd2sam9m.py", line 110, in forward\n    conv1d_kernel[grid](\n  File "/home/lijiaxing/.conda/envs/api/lib/python3.10/site-packages/triton/runtime/jit.py", line 390, in <lambda>\n    return lambda *args, **kwargs: self.run(grid=grid, warmup=False, *args, **kwargs)\n  File "/home/lijiaxing/.conda/envs/api/lib/python3.10/site-packages/triton/runtime/autotuner.py", line 239, in run\n    benchmark()\n  File "/home/lijiaxing/.conda/envs/api/lib/python3.10/site-packages/triton/runtime/autotuner.py", line 228, in benchmark\n    timings = {config: self._bench(*args, config=config, **kwargs) for config in pruned_configs}\n  File "/home/lijiaxing/.conda/envs/api/lib/python3.10/site-packages/triton/runtime/autotuner.py", line 228, in <dictcomp>\n    timings = {config: self._bench(*args, config=config, **kwargs) for config in pruned_configs}\n  File "/home/lijiaxing/.conda/envs/api/lib/python3.10/site-packages/triton/runtime/autotuner.py", line 160, in _bench\n    return self.do_bench(kernel_call, quantiles=(0.5, 0.2, 0.8))\n  File "/home/lijiaxing/.conda/envs/api/lib/python3.10/site-packages/triton/testing.py", line 149, in do_bench\n    fn()\n  File "/home/lijiaxing/.conda/envs/api/lib/python3.10/site-packages/triton/runtime/autotuner.py", line 146, in kernel_call\n    self.fn.run(\n  File "/home/lijiaxing/.conda/envs/api/lib/python3.10/site-packages/triton/runtime/jit.py", line 594, in run\n    kernel = self.compile(src, target=target, options=options.__dict__)\n  File "/home/lijiaxing/.conda/envs/api/lib/python3.10/site-packages/triton/compiler/compiler.py", line 339, in compile\n    module = src.make_ir(options, codegen_fns, module_map, context)\n  File "/home/lijiaxing/.conda/envs/api/lib/python3.10/site-packages/triton/compiler/compiler.py", line 83, in make_ir\n    return ast_to_ttir(self.fn, self, context=context, options=options, codegen_fns=codegen_fns,\ntriton.compiler.errors.CompilationError: at 30:28:\n    stride_out_batch,\n    stride_out_out,\n    stride_out_length,\n    BLOCK_C: tl.constexpr\n):\n    BLOCK_SIZE = 128\n    pid_batch = tl.program_id(0)\n    pid_out_channel = tl.program_id(1)\n    pid_block = tl.program_id(2)\n\n    block_start = pid_block * BLOCK_SIZE\n    offsets = block_start + tl.arange(0, BLOCK_SIZE)\n                            ^\n\n\nThe above exception was the direct cause of the following exception:\n\nTraceback (most recent call last):\n  File "/home/lijiaxing/.conda/envs/api/lib/python3.10/site-packages/triton/language/core.py", line 42, in wrapper\n    return fn(*args, **kwargs)\n  File "/home/lijiaxing/.conda/envs/api/lib/python3.10/site-packages/triton/language/core.py", line 1654, in arange\n    return _semantic.arange(start, end)\n  File "/home/lijiaxing/.conda/envs/api/lib/python3.10/site-packages/triton/language/semantic.py", line 574, in arange\n    raise ValueError("arange\'s arguments must be of type tl.constexpr")\nValueError: arange\'s arguments must be of type tl.constexpr\n', 'runtime_error_name': 'triton.compiler.errors.CompilationError', 'reference_timing_ms': 0.0348, 'speed_up': -1.0, 'custom_timing': -1.0}, 'runtime': -1.0, 'runtime_stats': {}}}
2025-08-08 19:13:01,518 - openevolve.threaded_parallel - INFO - Checkpoint interval reached at iteration 27
2025-08-08 19:13:01,521 - openevolve.database - INFO - Island Status:
2025-08-08 19:13:01,522 - openevolve.database - INFO -    Island 0: 11 programs, best=31.5000, avg=10.2273, diversity=437.57, gen=10 (best: f072effc-ed36-4624-b187-7d7130c56052)
2025-08-08 19:13:01,522 - openevolve.database - INFO -  * Island 1: 8 programs, best=27.1000, avg=15.8875, diversity=828.62, gen=9 (best: 04bb6c7f-62d0-4051-be15-8e9389ea5c04)
2025-08-08 19:13:01,523 - openevolve.database - INFO -    Island 2: 6 programs, best=20.0000, avg=13.3333, diversity=211.73, gen=8 (best: 54ad8959-f3fb-4e74-aac0-448d4f5e99f1)
2025-08-08 19:13:01,559 - openevolve.RemoteSpeedupEvaluator - INFO - [level1_76_conv_standard_1D_dilated_strided__] verify_plus request success
2025-08-08 19:13:01,559 - openevolve.RemoteSpeedupEvaluator - INFO - [level1_76_conv_standard_1D_dilated_strided__] verify_plus response: {"id":"level1_76_conv_standard_1D_dilated_strided__","result":{"compiled":true,"correctness":false,"metadata":{"hardware":"NVIDIA L20Y","device":"cuda:2","runtime_error":"Traceback (most recent call last):\n  File \"/home/lijiaxing/.conda/envs/api/lib/python3.10/site-packages/triton/language/core.py\", line 42, in wrapper\n    return fn(*args, **kwargs)\n  File \"/home/lijiaxing/.conda/envs/api/lib/python3.10/site-packages/triton/language/core.py\", line 2231, in make_block_ptr\n    return _semantic.make_block_ptr(base, shape, strides, offsets, block_shape, order)\n  File \"/home/lijiaxing/.conda/envs/api/lib/python3.10/site-packages/triton/language/semantic.py\", line 1821, in make_block_ptr\n    assert all(isinstance(elem, int) and -2**31 <= elem < 2**31 for elem in block_shape), \\\nAss
2025-08-08 19:13:01,560 - openevolve.RemoteSpeedupEvaluator - INFO - [level1_76_conv_standard_1D_dilated_strided__] âœ˜ wrong_answer
2025-08-08 19:13:01,560 - openevolve.evaluator - INFO - Evaluated program 54910895-47f0-4fe8-8a81-29c505aa3d6f in 23.45s: compiled=1.0000, correctness=0.0000, score=10.0000, stage=wrong_answer, verify_payload={'id': 'level1_76_conv_standard_1D_dilated_strided__', 'result': {'compiled': True, 'correctness': False, 'metadata': {'hardware': 'NVIDIA L20Y', 'device': 'cuda:2', 'runtime_error': 'Traceback (most recent call last):\n  File "/home/lijiaxing/.conda/envs/api/lib/python3.10/site-packages/triton/language/core.py", line 42, in wrapper\n    return fn(*args, **kwargs)\n  File "/home/lijiaxing/.conda/envs/api/lib/python3.10/site-packages/triton/language/core.py", line 2231, in make_block_ptr\n    return _semantic.make_block_ptr(base, shape, strides, offsets, block_shape, order)\n  File "/home/lijiaxing/.conda/envs/api/lib/python3.10/site-packages/triton/language/semantic.py", line 1821, in make_block_ptr\n    assert all(isinstance(elem, int) and -2**31 <= elem < 2**31 for elem in block_shape), \\\nAssertionError: Expected a list of constant integers (`int32_t` range) in `block_shape`\n\nThe above exception was the direct cause of the following exception:\n\nTraceback (most recent call last):\n  File "/cpfs01/shared/llm_kernel/hujiakai/KernelLLM/validation_api_server/helpers/evaluations.py", line 720, in run_and_check_correctness\n    output_new = model_new(*inputs)\n  File "/home/lijiaxing/.conda/envs/api/lib/python3.10/site-packages/torch/nn/modules/module.py", line 1773, in _wrapped_call_impl\n    return self._call_impl(*args, **kwargs)\n  File "/home/lijiaxing/.conda/envs/api/lib/python3.10/site-packages/torch/nn/modules/module.py", line 1784, in _call_impl\n    return forward_call(*args, **kwargs)\n  File "/tmp/tmp159dn041.py", line 115, in forward\n    conv1d_forward_kernel[grid](\n  File "/home/lijiaxing/.conda/envs/api/lib/python3.10/site-packages/triton/runtime/jit.py", line 390, in <lambda>\n    return lambda *args, **kwargs: self.run(grid=grid, warmup=False, *args, **kwargs)\n  File "/home/lijiaxing/.conda/envs/api/lib/python3.10/site-packages/triton/runtime/jit.py", line 594, in run\n    kernel = self.compile(src, target=target, options=options.__dict__)\n  File "/home/lijiaxing/.conda/envs/api/lib/python3.10/site-packages/triton/compiler/compiler.py", line 339, in compile\n    module = src.make_ir(options, codegen_fns, module_map, context)\n  File "/home/lijiaxing/.conda/envs/api/lib/python3.10/site-packages/triton/compiler/compiler.py", line 83, in make_ir\n    return ast_to_ttir(self.fn, self, context=context, options=options, codegen_fns=codegen_fns,\ntriton.compiler.errors.CompilationError: at 35:27:\n    )\n\n    # Initialize accumulator\n    acc = tl.zeros((BLOCK_L,), dtype=tl.float32)\n\n    # Loop over input channels in blocks\n    for c in range(0, C_in, BLOCK_C):\n        cc = c + tl.arange(0, BLOCK_C)\n        cmask = cc < C_in\n\n        # Create block pointers for weight\n        weight_block_ptr = tl.make_block_ptr(\n                           ^\n\n\nThe above exception was the direct cause of the following exception:\n\nTraceback (most recent call last):\n  File "/home/lijiaxing/.conda/envs/api/lib/python3.10/site-packages/triton/language/core.py", line 42, in wrapper\n    return fn(*args, **kwargs)\n  File "/home/lijiaxing/.conda/envs/api/lib/python3.10/site-packages/triton/language/core.py", line 2231, in make_block_ptr\n    return _semantic.make_block_ptr(base, shape, strides, offsets, block_shape, order)\n  File "/home/lijiaxing/.conda/envs/api/lib/python3.10/site-packages/triton/language/semantic.py", line 1821, in make_block_ptr\n    assert all(isinstance(elem, int) and -2**31 <= elem < 2**31 for elem in block_shape), \\\nAssertionError: Expected a list of constant integers (`int32_t` range) in `block_shape`\n', 'runtime_error_name': 'triton.compiler.errors.CompilationError', 'reference_timing_ms': 0.0348, 'speed_up': -1.0, 'custom_timing': -1.0}, 'runtime': -1.0, 'runtime_stats': {}}}
2025-08-08 19:13:01,843 - openevolve.database - INFO - Saved database with 25 programs to openevolve_output/level1_76_conv_standard_1D_dilated_strided__/checkpoints/checkpoint_27
2025-08-08 19:13:01,854 - openevolve.controller - INFO - Saved best program at checkpoint 27 with metrics: compiled=1.0000, correctness=1.0000, stage=success, passed=1.0000, score=31.5000, speed_up=1.1150, runtime_ms=0.0312, meta={'hardware': 'NVIDIA L20Y', 'device': 'cuda:4', 'correctness_trials': '(5 / 5)', 'reference_timing_ms': 0.0348, 'speed_up': 1.115, 'custom_timing': 0.0312}
2025-08-08 19:13:01,854 - openevolve.controller - INFO - Saved checkpoint at iteration 27 to openevolve_output/level1_76_conv_standard_1D_dilated_strided__/checkpoints/checkpoint_27
2025-08-08 19:13:01,854 - openevolve.database - INFO - Population size (26) exceeds limit (25), removing 1 programs
2025-08-08 19:13:01,854 - openevolve.database - INFO - Population size after cleanup: 25
2025-08-08 19:13:01,864 - openevolve.threaded_parallel - INFO - Iteration 26: Program 54910895-47f0-4fe8-8a81-29c505aa3d6f (parent: 0ef7edfd-806d-49e3-8ab5-0946fcab827e) completed in 1206.65s
2025-08-08 19:13:01,865 - openevolve.threaded_parallel - INFO - Metrics: compiled=1.0000, correctness=0.0000, score=10.0000, stage=wrong_answer, verify_payload={'id': 'level1_76_conv_standard_1D_dilated_strided__', 'result': {'compiled': True, 'correctness': False, 'metadata': {'hardware': 'NVIDIA L20Y', 'device': 'cuda:2', 'runtime_error': 'Traceback (most recent call last):\n  File "/home/lijiaxing/.conda/envs/api/lib/python3.10/site-packages/triton/language/core.py", line 42, in wrapper\n    return fn(*args, **kwargs)\n  File "/home/lijiaxing/.conda/envs/api/lib/python3.10/site-packages/triton/language/core.py", line 2231, in make_block_ptr\n    return _semantic.make_block_ptr(base, shape, strides, offsets, block_shape, order)\n  File "/home/lijiaxing/.conda/envs/api/lib/python3.10/site-packages/triton/language/semantic.py", line 1821, in make_block_ptr\n    assert all(isinstance(elem, int) and -2**31 <= elem < 2**31 for elem in block_shape), \\\nAssertionError: Expected a list of constant integers (`int32_t` range) in `block_shape`\n\nThe above exception was the direct cause of the following exception:\n\nTraceback (most recent call last):\n  File "/cpfs01/shared/llm_kernel/hujiakai/KernelLLM/validation_api_server/helpers/evaluations.py", line 720, in run_and_check_correctness\n    output_new = model_new(*inputs)\n  File "/home/lijiaxing/.conda/envs/api/lib/python3.10/site-packages/torch/nn/modules/module.py", line 1773, in _wrapped_call_impl\n    return self._call_impl(*args, **kwargs)\n  File "/home/lijiaxing/.conda/envs/api/lib/python3.10/site-packages/torch/nn/modules/module.py", line 1784, in _call_impl\n    return forward_call(*args, **kwargs)\n  File "/tmp/tmp159dn041.py", line 115, in forward\n    conv1d_forward_kernel[grid](\n  File "/home/lijiaxing/.conda/envs/api/lib/python3.10/site-packages/triton/runtime/jit.py", line 390, in <lambda>\n    return lambda *args, **kwargs: self.run(grid=grid, warmup=False, *args, **kwargs)\n  File "/home/lijiaxing/.conda/envs/api/lib/python3.10/site-packages/triton/runtime/jit.py", line 594, in run\n    kernel = self.compile(src, target=target, options=options.__dict__)\n  File "/home/lijiaxing/.conda/envs/api/lib/python3.10/site-packages/triton/compiler/compiler.py", line 339, in compile\n    module = src.make_ir(options, codegen_fns, module_map, context)\n  File "/home/lijiaxing/.conda/envs/api/lib/python3.10/site-packages/triton/compiler/compiler.py", line 83, in make_ir\n    return ast_to_ttir(self.fn, self, context=context, options=options, codegen_fns=codegen_fns,\ntriton.compiler.errors.CompilationError: at 35:27:\n    )\n\n    # Initialize accumulator\n    acc = tl.zeros((BLOCK_L,), dtype=tl.float32)\n\n    # Loop over input channels in blocks\n    for c in range(0, C_in, BLOCK_C):\n        cc = c + tl.arange(0, BLOCK_C)\n        cmask = cc < C_in\n\n        # Create block pointers for weight\n        weight_block_ptr = tl.make_block_ptr(\n                           ^\n\n\nThe above exception was the direct cause of the following exception:\n\nTraceback (most recent call last):\n  File "/home/lijiaxing/.conda/envs/api/lib/python3.10/site-packages/triton/language/core.py", line 42, in wrapper\n    return fn(*args, **kwargs)\n  File "/home/lijiaxing/.conda/envs/api/lib/python3.10/site-packages/triton/language/core.py", line 2231, in make_block_ptr\n    return _semantic.make_block_ptr(base, shape, strides, offsets, block_shape, order)\n  File "/home/lijiaxing/.conda/envs/api/lib/python3.10/site-packages/triton/language/semantic.py", line 1821, in make_block_ptr\n    assert all(isinstance(elem, int) and -2**31 <= elem < 2**31 for elem in block_shape), \\\nAssertionError: Expected a list of constant integers (`int32_t` range) in `block_shape`\n', 'runtime_error_name': 'triton.compiler.errors.CompilationError', 'reference_timing_ms': 0.0348, 'speed_up': -1.0, 'custom_timing': -1.0}, 'runtime': -1.0, 'runtime_stats': {}}}
2025-08-08 19:13:03,339 - openevolve.RemoteSpeedupEvaluator - INFO - [level1_76_conv_standard_1D_dilated_strided__] verify_plus request success
2025-08-08 19:13:03,340 - openevolve.RemoteSpeedupEvaluator - INFO - [level1_76_conv_standard_1D_dilated_strided__] verify_plus response: {"id":"level1_76_conv_standard_1D_dilated_strided__","result":{"compiled":true,"correctness":true,"metadata":{"hardware":"NVIDIA L20Y","device":"cuda:1","correctness_trials":"(5 / 5)","reference_timing_ms":0.0348,"speed_up":0.288,"custom_timing":0.121},"runtime":0.121,"runtime_stats":{"mean":0.121,"std":0.0186,"min":0.107,"max":0.21,"num_trials":100,"hardware":"NVIDIA L20Y","device":"cuda:1"}}}
2025-08-08 19:13:03,340 - openevolve.RemoteSpeedupEvaluator - INFO - [level1_76_conv_standard_1D_dilated_strided__] âœ” success | speed_up=0.288  score=20.00
2025-08-08 19:13:03,340 - openevolve.evaluator - INFO - Evaluated program 7b04534b-089b-45c8-aaee-395c82ecea1a in 25.23s: compiled=1.0000, correctness=1.0000, stage=success, passed=0.0000, score=20.0000, speed_up=0.2880, runtime_ms=0.1210, meta={'hardware': 'NVIDIA L20Y', 'device': 'cuda:1', 'correctness_trials': '(5 / 5)', 'reference_timing_ms': 0.0348, 'speed_up': 0.288, 'custom_timing': 0.121}
2025-08-08 19:13:03,349 - openevolve.database - INFO - Population size (26) exceeds limit (25), removing 1 programs
2025-08-08 19:13:03,349 - openevolve.database - INFO - Population size after cleanup: 25
2025-08-08 19:13:03,363 - openevolve.threaded_parallel - INFO - Iteration 28: Program 7b04534b-089b-45c8-aaee-395c82ecea1a (parent: 2274e37a-930e-42b8-bbaa-d7c637a1b8bc) completed in 708.50s
2025-08-08 19:13:03,363 - openevolve.threaded_parallel - INFO - Metrics: compiled=1.0000, correctness=1.0000, stage=success, passed=0.0000, score=20.0000, speed_up=0.2880, runtime_ms=0.1210, meta={'hardware': 'NVIDIA L20Y', 'device': 'cuda:1', 'correctness_trials': '(5 / 5)', 'reference_timing_ms': 0.0348, 'speed_up': 0.288, 'custom_timing': 0.121}
