2025-08-08 18:04:14,114 - openevolve.controller - INFO - Logging to openevolve_output/level1_70_conv_transposed_3D__asymmetric_input__square_kernel/logs/openevolve_20250808_180414.log
2025-08-08 18:04:14,115 - openevolve.controller - INFO - Set random seed to 42 for reproducibility
2025-08-08 18:04:14,156 - openevolve.llm.ensemble - INFO - Initialized LLM ensemble with models: deepseek (weight: 0.80), deepseek (weight: 0.20)
2025-08-08 18:04:14,195 - openevolve.llm.ensemble - INFO - Initialized LLM ensemble with models: deepseek (weight: 0.80), deepseek (weight: 0.20)
2025-08-08 18:04:14,195 - openevolve.prompt.sampler - INFO - Set custom templates: system=evaluator_system_message, user=None
2025-08-08 18:04:14,196 - openevolve.database - INFO - Initialized program database with 0 programs
2025-08-08 18:04:14,217 - openevolve.evaluator - INFO - Successfully loaded evaluation function from openevolve_output/level1_70_conv_transposed_3D__asymmetric_input__square_kernel/evaluation.py
2025-08-08 18:04:14,217 - openevolve.evaluator - INFO - Initialized evaluator with openevolve_output/level1_70_conv_transposed_3D__asymmetric_input__square_kernel/evaluation.py
2025-08-08 18:04:14,217 - openevolve.controller - INFO - Initialized OpenEvolve with /tmp/4e66afc048d3accc4543a7a0aabdb251.py
2025-08-08 18:04:14,217 - openevolve.controller - INFO - Adding initial program to database
2025-08-08 18:04:14,218 - openevolve.RemoteSpeedupEvaluator - INFO - [level1_70_conv_transposed_3D__asymmetric_input__square_kernel] verify_plus payload: reference_code(2413 chars) + custom_code(2537 chars)
2025-08-08 18:04:17,307 - openevolve.RemoteSpeedupEvaluator - INFO - [level1_70_conv_transposed_3D__asymmetric_input__square_kernel] verify_plus request success
2025-08-08 18:04:17,307 - openevolve.RemoteSpeedupEvaluator - INFO - [level1_70_conv_transposed_3D__asymmetric_input__square_kernel] verify_plus response: {"id":"level1_70_conv_transposed_3D__asymmetric_input__square_kernel","result":{"compiled":true,"correctness":true,"metadata":{"hardware":"NVIDIA L20Y","device":"cuda:1","correctness_trials":"(5 / 5)","reference_timing_ms":0.0497,"speed_up":0.04,"custom_timing":1.23},"runtime":1.23,"runtime_stats":{"mean":1.23,"std":0.0025,"min":1.22,"max":1.23,"num_trials":100,"hardware":"NVIDIA L20Y","device":"cuda:1"}}}
2025-08-08 18:04:17,308 - openevolve.evaluator - INFO - Evaluated program 7ecd7d5d-b99d-4431-bc3a-6f9554b79d46 in 3.09s: compiled=1.0000, correctness=1.0000, stage=reference code, passed=0.0000, score=0.0000, speed_up=1.0000, runtime_ms=1.2300, meta={'hardware': 'NVIDIA L20Y', 'device': 'cuda:1', 'correctness_trials': '(5 / 5)', 'reference_timing_ms': 0.0497, 'speed_up': 0.04, 'custom_timing': 1.23}
2025-08-08 18:04:17,308 - openevolve.database - INFO - New MAP-Elites cell occupied: {'score': 0, 'complexity': 2}
2025-08-08 18:04:17,326 - openevolve.threaded_parallel - INFO - Initializing threaded evaluation pool with 3 workers
2025-08-08 18:04:17,327 - openevolve.threaded_parallel - INFO - Started thread pool with 3 threads
2025-08-08 18:04:17,327 - openevolve.threaded_parallel - INFO - Started improved parallel controller
2025-08-08 18:04:17,327 - openevolve.controller - INFO - Using island-based evolution with 3 islands
2025-08-08 18:04:17,328 - openevolve.database - INFO - Island Status:
2025-08-08 18:04:17,328 - openevolve.database - INFO -  * Island 0: 1 programs, best=0.0000, avg=0.0000, diversity=0.00, gen=0 (best: 7ecd7d5d-b99d-4431-bc3a-6f9554b79d46)
2025-08-08 18:04:17,328 - openevolve.database - INFO -    Island 1: 0 programs, best=0.0000, avg=0.0000, diversity=0.00, gen=0
2025-08-08 18:04:17,328 - openevolve.database - INFO -    Island 2: 0 programs, best=0.0000, avg=0.0000, diversity=0.00, gen=0
2025-08-08 18:04:17,328 - openevolve.threaded_parallel - INFO - Starting improved parallel evolution from iteration 0 for 30 iterations (total: 30)
2025-08-08 18:04:17,461 - openevolve.llm.ensemble - INFO - Initialized LLM ensemble with models: deepseek (weight: 0.80), deepseek (weight: 0.20)
2025-08-08 18:04:17,465 - openevolve.llm.ensemble - INFO - Initialized LLM ensemble with models: deepseek (weight: 0.80), deepseek (weight: 0.20)
2025-08-08 18:04:17,465 - openevolve.llm.ensemble - INFO - Initialized LLM ensemble with models: deepseek (weight: 0.80), deepseek (weight: 0.20)
2025-08-08 18:04:17,595 - openevolve.llm.ensemble - INFO - Initialized LLM ensemble with models: deepseek (weight: 0.80), deepseek (weight: 0.20)
2025-08-08 18:04:17,596 - openevolve.prompt.sampler - INFO - Set custom templates: system=evaluator_system_message, user=None
2025-08-08 18:04:17,598 - openevolve.evaluator - INFO - Successfully loaded evaluation function from openevolve_output/level1_70_conv_transposed_3D__asymmetric_input__square_kernel/evaluation.py
2025-08-08 18:04:17,598 - openevolve.evaluator - INFO - Initialized evaluator with openevolve_output/level1_70_conv_transposed_3D__asymmetric_input__square_kernel/evaluation.py
2025-08-08 18:04:17,599 - openevolve.llm.ensemble - INFO - Initialized LLM ensemble with models: deepseek (weight: 0.80), deepseek (weight: 0.20)
2025-08-08 18:04:17,599 - openevolve.prompt.sampler - INFO - Set custom templates: system=evaluator_system_message, user=None
2025-08-08 18:04:17,599 - openevolve.llm.ensemble - INFO - Initialized LLM ensemble with models: deepseek (weight: 0.80), deepseek (weight: 0.20)
2025-08-08 18:04:17,599 - openevolve.prompt.sampler - INFO - Set custom templates: system=evaluator_system_message, user=None
2025-08-08 18:04:17,600 - openevolve.llm.ensemble - INFO - Sampled model: deepseek
2025-08-08 18:04:17,602 - openevolve.evaluator - INFO - Successfully loaded evaluation function from openevolve_output/level1_70_conv_transposed_3D__asymmetric_input__square_kernel/evaluation.py
2025-08-08 18:04:17,602 - openevolve.evaluator - INFO - Initialized evaluator with openevolve_output/level1_70_conv_transposed_3D__asymmetric_input__square_kernel/evaluation.py
2025-08-08 18:04:17,602 - openevolve.evaluator - INFO - Successfully loaded evaluation function from openevolve_output/level1_70_conv_transposed_3D__asymmetric_input__square_kernel/evaluation.py
2025-08-08 18:04:17,602 - openevolve.evaluator - INFO - Initialized evaluator with openevolve_output/level1_70_conv_transposed_3D__asymmetric_input__square_kernel/evaluation.py
2025-08-08 18:04:17,604 - openevolve.llm.ensemble - INFO - Sampled model: deepseek
2025-08-08 18:04:17,604 - openevolve.llm.ensemble - INFO - Sampled model: deepseek
2025-08-08 18:22:22,080 - openevolve.RemoteSpeedupEvaluator - INFO - [level1_70_conv_transposed_3D__asymmetric_input__square_kernel] triton key words check pass
2025-08-08 18:22:22,082 - openevolve.RemoteSpeedupEvaluator - INFO - [level1_70_conv_transposed_3D__asymmetric_input__square_kernel] verify_plus payload: reference_code(2413 chars) + custom_code(8113 chars)
2025-08-08 18:22:25,042 - openevolve.RemoteSpeedupEvaluator - INFO - [level1_70_conv_transposed_3D__asymmetric_input__square_kernel] verify_plus request success
2025-08-08 18:22:25,042 - openevolve.RemoteSpeedupEvaluator - INFO - [level1_70_conv_transposed_3D__asymmetric_input__square_kernel] verify_plus response: {"id":"level1_70_conv_transposed_3D__asymmetric_input__square_kernel","result":{"compiled":true,"correctness":false,"metadata":{"hardware":"NVIDIA L20Y","device":"cuda:5","runtime_error":"Traceback (most recent call last):\n  File \"/home/lijiaxing/.conda/envs/api/lib/python3.10/site-packages/triton/language/core.py\", line 42, in wrapper\n    return fn(*args, **kwargs)\n  File \"/home/lijiaxing/.conda/envs/api/lib/python3.10/site-packages/triton/language/core.py\", line 1630, in program_id\n    return _semantic.program_id(axis)\n  File \"/home/lijiaxing/.conda/envs/api/lib/python3.10/site-packages/triton/language/semantic.py\", line 40, in program_id\n    raise ValueError(f\"program_id axis must be 0, 1, or 2 but got {axis}\")\nValueError: program_id axis must be 0, 1, or 2 but got 3\n\nT
2025-08-08 18:22:25,042 - openevolve.RemoteSpeedupEvaluator - INFO - [level1_70_conv_transposed_3D__asymmetric_input__square_kernel] âœ˜ wrong_answer
2025-08-08 18:22:25,043 - openevolve.evaluator - INFO - Evaluated program 51d0df94-f53c-4b6a-87a8-0eaf34adfbf2 in 2.96s: compiled=1.0000, correctness=0.0000, score=10.0000, stage=wrong_answer, verify_payload={'id': 'level1_70_conv_transposed_3D__asymmetric_input__square_kernel', 'result': {'compiled': True, 'correctness': False, 'metadata': {'hardware': 'NVIDIA L20Y', 'device': 'cuda:5', 'runtime_error': 'Traceback (most recent call last):\n  File "/home/lijiaxing/.conda/envs/api/lib/python3.10/site-packages/triton/language/core.py", line 42, in wrapper\n    return fn(*args, **kwargs)\n  File "/home/lijiaxing/.conda/envs/api/lib/python3.10/site-packages/triton/language/core.py", line 1630, in program_id\n    return _semantic.program_id(axis)\n  File "/home/lijiaxing/.conda/envs/api/lib/python3.10/site-packages/triton/language/semantic.py", line 40, in program_id\n    raise ValueError(f"program_id axis must be 0, 1, or 2 but got {axis}")\nValueError: program_id axis must be 0, 1, or 2 but got 3\n\nThe above exception was the direct cause of the following exception:\n\nTraceback (most recent call last):\n  File "/cpfs01/shared/llm_kernel/hujiakai/KernelLLM/validation_api_server/helpers/evaluations.py", line 720, in run_and_check_correctness\n    output_new = model_new(*inputs)\n  File "/home/lijiaxing/.conda/envs/api/lib/python3.10/site-packages/torch/nn/modules/module.py", line 1773, in _wrapped_call_impl\n    return self._call_impl(*args, **kwargs)\n  File "/home/lijiaxing/.conda/envs/api/lib/python3.10/site-packages/torch/nn/modules/module.py", line 1784, in _call_impl\n    return forward_call(*args, **kwargs)\n  File "/tmp/tmp9vd736dm.py", line 173, in forward\n    conv_transpose3d_kernel[grid](\n  File "/home/lijiaxing/.conda/envs/api/lib/python3.10/site-packages/triton/runtime/jit.py", line 390, in <lambda>\n    return lambda *args, **kwargs: self.run(grid=grid, warmup=False, *args, **kwargs)\n  File "/home/lijiaxing/.conda/envs/api/lib/python3.10/site-packages/triton/runtime/jit.py", line 594, in run\n    kernel = self.compile(src, target=target, options=options.__dict__)\n  File "/home/lijiaxing/.conda/envs/api/lib/python3.10/site-packages/triton/compiler/compiler.py", line 339, in compile\n    module = src.make_ir(options, codegen_fns, module_map, context)\n  File "/home/lijiaxing/.conda/envs/api/lib/python3.10/site-packages/triton/compiler/compiler.py", line 83, in make_ir\n    return ast_to_ttir(self.fn, self, context=context, options=options, codegen_fns=codegen_fns,\ntriton.compiler.errors.CompilationError: at 24:12:\n    stride_w_oc, stride_w_ic, stride_w_d, stride_w_h, stride_w_k,\n    stride_out_b, stride_out_c, stride_out_d, stride_out_h, stride_out_w,\n    BLOCK_SIZE_C: tl.constexpr,\n    BLOCK_SIZE_D: tl.constexpr,\n    BLOCK_SIZE_H: tl.constexpr,\n    BLOCK_SIZE_W: tl.constexpr,\n):\n    # Program indices\n    pid_b = tl.program_id(0)\n    pid_d = tl.program_id(1)\n    pid_h = tl.program_id(2)\n    pid_w = tl.program_id(3)\n            ^\n\n\nThe above exception was the direct cause of the following exception:\n\nTraceback (most recent call last):\n  File "/home/lijiaxing/.conda/envs/api/lib/python3.10/site-packages/triton/language/core.py", line 42, in wrapper\n    return fn(*args, **kwargs)\n  File "/home/lijiaxing/.conda/envs/api/lib/python3.10/site-packages/triton/language/core.py", line 1630, in program_id\n    return _semantic.program_id(axis)\n  File "/home/lijiaxing/.conda/envs/api/lib/python3.10/site-packages/triton/language/semantic.py", line 40, in program_id\n    raise ValueError(f"program_id axis must be 0, 1, or 2 but got {axis}")\nValueError: program_id axis must be 0, 1, or 2 but got 3\n', 'runtime_error_name': 'triton.compiler.errors.CompilationError', 'reference_timing_ms': 0.0497, 'speed_up': -1.0, 'custom_timing': -1.0}, 'runtime': -1.0, 'runtime_stats': {}}}
2025-08-08 18:22:25,046 - openevolve.llm.ensemble - INFO - Sampled model: deepseek
2025-08-08 18:22:25,046 - openevolve.database - INFO - New MAP-Elites cell occupied: {'score': 9, 'complexity': 9}
2025-08-08 18:22:25,047 - openevolve.database - INFO - New best program 51d0df94-f53c-4b6a-87a8-0eaf34adfbf2 replaces 7ecd7d5d-b99d-4431-bc3a-6f9554b79d46
2025-08-08 18:22:25,060 - openevolve.threaded_parallel - INFO - Iteration 2: Program 51d0df94-f53c-4b6a-87a8-0eaf34adfbf2 (parent: 7ecd7d5d-b99d-4431-bc3a-6f9554b79d46) completed in 1087.44s
2025-08-08 18:22:25,060 - openevolve.threaded_parallel - INFO - Metrics: compiled=1.0000, correctness=0.0000, score=10.0000, stage=wrong_answer, verify_payload={'id': 'level1_70_conv_transposed_3D__asymmetric_input__square_kernel', 'result': {'compiled': True, 'correctness': False, 'metadata': {'hardware': 'NVIDIA L20Y', 'device': 'cuda:5', 'runtime_error': 'Traceback (most recent call last):\n  File "/home/lijiaxing/.conda/envs/api/lib/python3.10/site-packages/triton/language/core.py", line 42, in wrapper\n    return fn(*args, **kwargs)\n  File "/home/lijiaxing/.conda/envs/api/lib/python3.10/site-packages/triton/language/core.py", line 1630, in program_id\n    return _semantic.program_id(axis)\n  File "/home/lijiaxing/.conda/envs/api/lib/python3.10/site-packages/triton/language/semantic.py", line 40, in program_id\n    raise ValueError(f"program_id axis must be 0, 1, or 2 but got {axis}")\nValueError: program_id axis must be 0, 1, or 2 but got 3\n\nThe above exception was the direct cause of the following exception:\n\nTraceback (most recent call last):\n  File "/cpfs01/shared/llm_kernel/hujiakai/KernelLLM/validation_api_server/helpers/evaluations.py", line 720, in run_and_check_correctness\n    output_new = model_new(*inputs)\n  File "/home/lijiaxing/.conda/envs/api/lib/python3.10/site-packages/torch/nn/modules/module.py", line 1773, in _wrapped_call_impl\n    return self._call_impl(*args, **kwargs)\n  File "/home/lijiaxing/.conda/envs/api/lib/python3.10/site-packages/torch/nn/modules/module.py", line 1784, in _call_impl\n    return forward_call(*args, **kwargs)\n  File "/tmp/tmp9vd736dm.py", line 173, in forward\n    conv_transpose3d_kernel[grid](\n  File "/home/lijiaxing/.conda/envs/api/lib/python3.10/site-packages/triton/runtime/jit.py", line 390, in <lambda>\n    return lambda *args, **kwargs: self.run(grid=grid, warmup=False, *args, **kwargs)\n  File "/home/lijiaxing/.conda/envs/api/lib/python3.10/site-packages/triton/runtime/jit.py", line 594, in run\n    kernel = self.compile(src, target=target, options=options.__dict__)\n  File "/home/lijiaxing/.conda/envs/api/lib/python3.10/site-packages/triton/compiler/compiler.py", line 339, in compile\n    module = src.make_ir(options, codegen_fns, module_map, context)\n  File "/home/lijiaxing/.conda/envs/api/lib/python3.10/site-packages/triton/compiler/compiler.py", line 83, in make_ir\n    return ast_to_ttir(self.fn, self, context=context, options=options, codegen_fns=codegen_fns,\ntriton.compiler.errors.CompilationError: at 24:12:\n    stride_w_oc, stride_w_ic, stride_w_d, stride_w_h, stride_w_k,\n    stride_out_b, stride_out_c, stride_out_d, stride_out_h, stride_out_w,\n    BLOCK_SIZE_C: tl.constexpr,\n    BLOCK_SIZE_D: tl.constexpr,\n    BLOCK_SIZE_H: tl.constexpr,\n    BLOCK_SIZE_W: tl.constexpr,\n):\n    # Program indices\n    pid_b = tl.program_id(0)\n    pid_d = tl.program_id(1)\n    pid_h = tl.program_id(2)\n    pid_w = tl.program_id(3)\n            ^\n\n\nThe above exception was the direct cause of the following exception:\n\nTraceback (most recent call last):\n  File "/home/lijiaxing/.conda/envs/api/lib/python3.10/site-packages/triton/language/core.py", line 42, in wrapper\n    return fn(*args, **kwargs)\n  File "/home/lijiaxing/.conda/envs/api/lib/python3.10/site-packages/triton/language/core.py", line 1630, in program_id\n    return _semantic.program_id(axis)\n  File "/home/lijiaxing/.conda/envs/api/lib/python3.10/site-packages/triton/language/semantic.py", line 40, in program_id\n    raise ValueError(f"program_id axis must be 0, 1, or 2 but got {axis}")\nValueError: program_id axis must be 0, 1, or 2 but got 3\n', 'runtime_error_name': 'triton.compiler.errors.CompilationError', 'reference_timing_ms': 0.0497, 'speed_up': -1.0, 'custom_timing': -1.0}, 'runtime': -1.0, 'runtime_stats': {}}}
2025-08-08 18:22:25,060 - openevolve.threaded_parallel - INFO - ðŸŒŸ New best solution found at iteration 2: 51d0df94-f53c-4b6a-87a8-0eaf34adfbf2
2025-08-08 18:23:04,872 - openevolve.RemoteSpeedupEvaluator - INFO - [level1_70_conv_transposed_3D__asymmetric_input__square_kernel] triton key words check pass
2025-08-08 18:23:04,873 - openevolve.RemoteSpeedupEvaluator - INFO - [level1_70_conv_transposed_3D__asymmetric_input__square_kernel] verify_plus payload: reference_code(2413 chars) + custom_code(8237 chars)
2025-08-08 18:23:08,078 - openevolve.RemoteSpeedupEvaluator - INFO - [level1_70_conv_transposed_3D__asymmetric_input__square_kernel] verify_plus request success
2025-08-08 18:23:08,078 - openevolve.RemoteSpeedupEvaluator - INFO - [level1_70_conv_transposed_3D__asymmetric_input__square_kernel] verify_plus response: {"id":"level1_70_conv_transposed_3D__asymmetric_input__square_kernel","result":{"compiled":true,"correctness":false,"metadata":{"hardware":"NVIDIA L20Y","device":"cuda:1","runtime_error":"Traceback (most recent call last):\n  File \"/home/lijiaxing/.conda/envs/api/lib/python3.10/site-packages/triton/language/core.py\", line 42, in wrapper\n    return fn(*args, **kwargs)\n  File \"/home/lijiaxing/.conda/envs/api/lib/python3.10/site-packages/triton/language/core.py\", line 1630, in program_id\n    return _semantic.program_id(axis)\n  File \"/home/lijiaxing/.conda/envs/api/lib/python3.10/site-packages/triton/language/semantic.py\", line 40, in program_id\n    raise ValueError(f\"program_id axis must be 0, 1, or 2 but got {axis}\")\nValueError: program_id axis must be 0, 1, or 2 but got 3\n\nT
2025-08-08 18:23:08,078 - openevolve.RemoteSpeedupEvaluator - INFO - [level1_70_conv_transposed_3D__asymmetric_input__square_kernel] âœ˜ wrong_answer
2025-08-08 18:23:08,078 - openevolve.evaluator - INFO - Evaluated program 3eb65270-719d-42e5-99ee-84c9c784357c in 3.21s: compiled=1.0000, correctness=0.0000, score=10.0000, stage=wrong_answer, verify_payload={'id': 'level1_70_conv_transposed_3D__asymmetric_input__square_kernel', 'result': {'compiled': True, 'correctness': False, 'metadata': {'hardware': 'NVIDIA L20Y', 'device': 'cuda:1', 'runtime_error': 'Traceback (most recent call last):\n  File "/home/lijiaxing/.conda/envs/api/lib/python3.10/site-packages/triton/language/core.py", line 42, in wrapper\n    return fn(*args, **kwargs)\n  File "/home/lijiaxing/.conda/envs/api/lib/python3.10/site-packages/triton/language/core.py", line 1630, in program_id\n    return _semantic.program_id(axis)\n  File "/home/lijiaxing/.conda/envs/api/lib/python3.10/site-packages/triton/language/semantic.py", line 40, in program_id\n    raise ValueError(f"program_id axis must be 0, 1, or 2 but got {axis}")\nValueError: program_id axis must be 0, 1, or 2 but got 3\n\nThe above exception was the direct cause of the following exception:\n\nTraceback (most recent call last):\n  File "/cpfs01/shared/llm_kernel/hujiakai/KernelLLM/validation_api_server/helpers/evaluations.py", line 720, in run_and_check_correctness\n    output_new = model_new(*inputs)\n  File "/home/lijiaxing/.conda/envs/api/lib/python3.10/site-packages/torch/nn/modules/module.py", line 1773, in _wrapped_call_impl\n    return self._call_impl(*args, **kwargs)\n  File "/home/lijiaxing/.conda/envs/api/lib/python3.10/site-packages/torch/nn/modules/module.py", line 1784, in _call_impl\n    return forward_call(*args, **kwargs)\n  File "/tmp/tmpyg7ssiv_.py", line 184, in forward\n    _conv_transpose3d_kernel[grid](\n  File "/home/lijiaxing/.conda/envs/api/lib/python3.10/site-packages/triton/runtime/jit.py", line 390, in <lambda>\n    return lambda *args, **kwargs: self.run(grid=grid, warmup=False, *args, **kwargs)\n  File "/home/lijiaxing/.conda/envs/api/lib/python3.10/site-packages/triton/runtime/jit.py", line 594, in run\n    kernel = self.compile(src, target=target, options=options.__dict__)\n  File "/home/lijiaxing/.conda/envs/api/lib/python3.10/site-packages/triton/compiler/compiler.py", line 339, in compile\n    module = src.make_ir(options, codegen_fns, module_map, context)\n  File "/home/lijiaxing/.conda/envs/api/lib/python3.10/site-packages/triton/compiler/compiler.py", line 83, in make_ir\n    return ast_to_ttir(self.fn, self, context=context, options=options, codegen_fns=codegen_fns,\ntriton.compiler.errors.CompilationError: at 23:14:\n    weight_in_channel_stride, weight_out_channel_stride, weight_d_stride, weight_h_stride, weight_w_stride,\n    output_batch_stride, output_channel_stride, output_d_stride, output_h_stride, output_w_stride,\n    # Tile sizes\n    BLOCK_D: tl.constexpr, BLOCK_H: tl.constexpr, BLOCK_W: tl.constexpr,\n    # Vector size\n    VEC_SIZE: tl.constexpr\n):\n    # Output indices\n    b = tl.program_id(0)\n    c_out = tl.program_id(1)\n    d_block = tl.program_id(2)\n    h_block = tl.program_id(3)\n              ^\n\n\nThe above exception was the direct cause of the following exception:\n\nTraceback (most recent call last):\n  File "/home/lijiaxing/.conda/envs/api/lib/python3.10/site-packages/triton/language/core.py", line 42, in wrapper\n    return fn(*args, **kwargs)\n  File "/home/lijiaxing/.conda/envs/api/lib/python3.10/site-packages/triton/language/core.py", line 1630, in program_id\n    return _semantic.program_id(axis)\n  File "/home/lijiaxing/.conda/envs/api/lib/python3.10/site-packages/triton/language/semantic.py", line 40, in program_id\n    raise ValueError(f"program_id axis must be 0, 1, or 2 but got {axis}")\nValueError: program_id axis must be 0, 1, or 2 but got 3\n', 'runtime_error_name': 'triton.compiler.errors.CompilationError', 'reference_timing_ms': 0.0497, 'speed_up': -1.0, 'custom_timing': -1.0}, 'runtime': -1.0, 'runtime_stats': {}}}
2025-08-08 18:23:08,081 - openevolve.llm.ensemble - INFO - Sampled model: deepseek
2025-08-08 18:23:08,095 - openevolve.threaded_parallel - INFO - Iteration 0: Program 3eb65270-719d-42e5-99ee-84c9c784357c (parent: 7ecd7d5d-b99d-4431-bc3a-6f9554b79d46) completed in 1130.47s
2025-08-08 18:23:08,095 - openevolve.threaded_parallel - INFO - Metrics: compiled=1.0000, correctness=0.0000, score=10.0000, stage=wrong_answer, verify_payload={'id': 'level1_70_conv_transposed_3D__asymmetric_input__square_kernel', 'result': {'compiled': True, 'correctness': False, 'metadata': {'hardware': 'NVIDIA L20Y', 'device': 'cuda:1', 'runtime_error': 'Traceback (most recent call last):\n  File "/home/lijiaxing/.conda/envs/api/lib/python3.10/site-packages/triton/language/core.py", line 42, in wrapper\n    return fn(*args, **kwargs)\n  File "/home/lijiaxing/.conda/envs/api/lib/python3.10/site-packages/triton/language/core.py", line 1630, in program_id\n    return _semantic.program_id(axis)\n  File "/home/lijiaxing/.conda/envs/api/lib/python3.10/site-packages/triton/language/semantic.py", line 40, in program_id\n    raise ValueError(f"program_id axis must be 0, 1, or 2 but got {axis}")\nValueError: program_id axis must be 0, 1, or 2 but got 3\n\nThe above exception was the direct cause of the following exception:\n\nTraceback (most recent call last):\n  File "/cpfs01/shared/llm_kernel/hujiakai/KernelLLM/validation_api_server/helpers/evaluations.py", line 720, in run_and_check_correctness\n    output_new = model_new(*inputs)\n  File "/home/lijiaxing/.conda/envs/api/lib/python3.10/site-packages/torch/nn/modules/module.py", line 1773, in _wrapped_call_impl\n    return self._call_impl(*args, **kwargs)\n  File "/home/lijiaxing/.conda/envs/api/lib/python3.10/site-packages/torch/nn/modules/module.py", line 1784, in _call_impl\n    return forward_call(*args, **kwargs)\n  File "/tmp/tmpyg7ssiv_.py", line 184, in forward\n    _conv_transpose3d_kernel[grid](\n  File "/home/lijiaxing/.conda/envs/api/lib/python3.10/site-packages/triton/runtime/jit.py", line 390, in <lambda>\n    return lambda *args, **kwargs: self.run(grid=grid, warmup=False, *args, **kwargs)\n  File "/home/lijiaxing/.conda/envs/api/lib/python3.10/site-packages/triton/runtime/jit.py", line 594, in run\n    kernel = self.compile(src, target=target, options=options.__dict__)\n  File "/home/lijiaxing/.conda/envs/api/lib/python3.10/site-packages/triton/compiler/compiler.py", line 339, in compile\n    module = src.make_ir(options, codegen_fns, module_map, context)\n  File "/home/lijiaxing/.conda/envs/api/lib/python3.10/site-packages/triton/compiler/compiler.py", line 83, in make_ir\n    return ast_to_ttir(self.fn, self, context=context, options=options, codegen_fns=codegen_fns,\ntriton.compiler.errors.CompilationError: at 23:14:\n    weight_in_channel_stride, weight_out_channel_stride, weight_d_stride, weight_h_stride, weight_w_stride,\n    output_batch_stride, output_channel_stride, output_d_stride, output_h_stride, output_w_stride,\n    # Tile sizes\n    BLOCK_D: tl.constexpr, BLOCK_H: tl.constexpr, BLOCK_W: tl.constexpr,\n    # Vector size\n    VEC_SIZE: tl.constexpr\n):\n    # Output indices\n    b = tl.program_id(0)\n    c_out = tl.program_id(1)\n    d_block = tl.program_id(2)\n    h_block = tl.program_id(3)\n              ^\n\n\nThe above exception was the direct cause of the following exception:\n\nTraceback (most recent call last):\n  File "/home/lijiaxing/.conda/envs/api/lib/python3.10/site-packages/triton/language/core.py", line 42, in wrapper\n    return fn(*args, **kwargs)\n  File "/home/lijiaxing/.conda/envs/api/lib/python3.10/site-packages/triton/language/core.py", line 1630, in program_id\n    return _semantic.program_id(axis)\n  File "/home/lijiaxing/.conda/envs/api/lib/python3.10/site-packages/triton/language/semantic.py", line 40, in program_id\n    raise ValueError(f"program_id axis must be 0, 1, or 2 but got {axis}")\nValueError: program_id axis must be 0, 1, or 2 but got 3\n', 'runtime_error_name': 'triton.compiler.errors.CompilationError', 'reference_timing_ms': 0.0497, 'speed_up': -1.0, 'custom_timing': -1.0}, 'runtime': -1.0, 'runtime_stats': {}}}
2025-08-08 18:23:08,095 - openevolve.threaded_parallel - INFO - Checkpoint interval reached at iteration 0
2025-08-08 18:23:08,096 - openevolve.database - INFO - Island Status:
2025-08-08 18:23:08,096 - openevolve.database - INFO -  * Island 0: 3 programs, best=10.0000, avg=6.6667, diversity=1418.53, gen=2 (best: 51d0df94-f53c-4b6a-87a8-0eaf34adfbf2)
2025-08-08 18:23:08,096 - openevolve.database - INFO -    Island 1: 0 programs, best=0.0000, avg=0.0000, diversity=0.00, gen=0
2025-08-08 18:23:08,096 - openevolve.database - INFO -    Island 2: 0 programs, best=0.0000, avg=0.0000, diversity=0.00, gen=0
2025-08-08 18:23:08,138 - openevolve.database - INFO - Saved database with 3 programs to openevolve_output/level1_70_conv_transposed_3D__asymmetric_input__square_kernel/checkpoints/checkpoint_0
2025-08-08 18:23:08,160 - openevolve.controller - INFO - Saved best program at checkpoint 0 with metrics: compiled=1.0000, correctness=0.0000, score=10.0000, stage=wrong_answer, verify_payload={'id': 'level1_70_conv_transposed_3D__asymmetric_input__square_kernel', 'result': {'compiled': True, 'correctness': False, 'metadata': {'hardware': 'NVIDIA L20Y', 'device': 'cuda:5', 'runtime_error': 'Traceback (most recent call last):\n  File "/home/lijiaxing/.conda/envs/api/lib/python3.10/site-packages/triton/language/core.py", line 42, in wrapper\n    return fn(*args, **kwargs)\n  File "/home/lijiaxing/.conda/envs/api/lib/python3.10/site-packages/triton/language/core.py", line 1630, in program_id\n    return _semantic.program_id(axis)\n  File "/home/lijiaxing/.conda/envs/api/lib/python3.10/site-packages/triton/language/semantic.py", line 40, in program_id\n    raise ValueError(f"program_id axis must be 0, 1, or 2 but got {axis}")\nValueError: program_id axis must be 0, 1, or 2 but got 3\n\nThe above exception was the direct cause of the following exception:\n\nTraceback (most recent call last):\n  File "/cpfs01/shared/llm_kernel/hujiakai/KernelLLM/validation_api_server/helpers/evaluations.py", line 720, in run_and_check_correctness\n    output_new = model_new(*inputs)\n  File "/home/lijiaxing/.conda/envs/api/lib/python3.10/site-packages/torch/nn/modules/module.py", line 1773, in _wrapped_call_impl\n    return self._call_impl(*args, **kwargs)\n  File "/home/lijiaxing/.conda/envs/api/lib/python3.10/site-packages/torch/nn/modules/module.py", line 1784, in _call_impl\n    return forward_call(*args, **kwargs)\n  File "/tmp/tmp9vd736dm.py", line 173, in forward\n    conv_transpose3d_kernel[grid](\n  File "/home/lijiaxing/.conda/envs/api/lib/python3.10/site-packages/triton/runtime/jit.py", line 390, in <lambda>\n    return lambda *args, **kwargs: self.run(grid=grid, warmup=False, *args, **kwargs)\n  File "/home/lijiaxing/.conda/envs/api/lib/python3.10/site-packages/triton/runtime/jit.py", line 594, in run\n    kernel = self.compile(src, target=target, options=options.__dict__)\n  File "/home/lijiaxing/.conda/envs/api/lib/python3.10/site-packages/triton/compiler/compiler.py", line 339, in compile\n    module = src.make_ir(options, codegen_fns, module_map, context)\n  File "/home/lijiaxing/.conda/envs/api/lib/python3.10/site-packages/triton/compiler/compiler.py", line 83, in make_ir\n    return ast_to_ttir(self.fn, self, context=context, options=options, codegen_fns=codegen_fns,\ntriton.compiler.errors.CompilationError: at 24:12:\n    stride_w_oc, stride_w_ic, stride_w_d, stride_w_h, stride_w_k,\n    stride_out_b, stride_out_c, stride_out_d, stride_out_h, stride_out_w,\n    BLOCK_SIZE_C: tl.constexpr,\n    BLOCK_SIZE_D: tl.constexpr,\n    BLOCK_SIZE_H: tl.constexpr,\n    BLOCK_SIZE_W: tl.constexpr,\n):\n    # Program indices\n    pid_b = tl.program_id(0)\n    pid_d = tl.program_id(1)\n    pid_h = tl.program_id(2)\n    pid_w = tl.program_id(3)\n            ^\n\n\nThe above exception was the direct cause of the following exception:\n\nTraceback (most recent call last):\n  File "/home/lijiaxing/.conda/envs/api/lib/python3.10/site-packages/triton/language/core.py", line 42, in wrapper\n    return fn(*args, **kwargs)\n  File "/home/lijiaxing/.conda/envs/api/lib/python3.10/site-packages/triton/language/core.py", line 1630, in program_id\n    return _semantic.program_id(axis)\n  File "/home/lijiaxing/.conda/envs/api/lib/python3.10/site-packages/triton/language/semantic.py", line 40, in program_id\n    raise ValueError(f"program_id axis must be 0, 1, or 2 but got {axis}")\nValueError: program_id axis must be 0, 1, or 2 but got 3\n', 'runtime_error_name': 'triton.compiler.errors.CompilationError', 'reference_timing_ms': 0.0497, 'speed_up': -1.0, 'custom_timing': -1.0}, 'runtime': -1.0, 'runtime_stats': {}}}
2025-08-08 18:23:08,160 - openevolve.controller - INFO - Saved checkpoint at iteration 0 to openevolve_output/level1_70_conv_transposed_3D__asymmetric_input__square_kernel/checkpoints/checkpoint_0
2025-08-08 18:30:18,215 - openevolve.RemoteSpeedupEvaluator - INFO - [level1_70_conv_transposed_3D__asymmetric_input__square_kernel] triton key words check pass
2025-08-08 18:30:18,216 - openevolve.RemoteSpeedupEvaluator - INFO - [level1_70_conv_transposed_3D__asymmetric_input__square_kernel] verify_plus payload: reference_code(2413 chars) + custom_code(8843 chars)
2025-08-08 18:30:20,991 - openevolve.RemoteSpeedupEvaluator - INFO - [level1_70_conv_transposed_3D__asymmetric_input__square_kernel] verify_plus request success
2025-08-08 18:30:20,991 - openevolve.RemoteSpeedupEvaluator - INFO - [level1_70_conv_transposed_3D__asymmetric_input__square_kernel] verify_plus response: {"id":"level1_70_conv_transposed_3D__asymmetric_input__square_kernel","result":{"compiled":true,"correctness":false,"metadata":{"hardware":"NVIDIA L20Y","device":"cuda:1","runtime_error":"Traceback (most recent call last):\n  File \"/cpfs01/shared/llm_kernel/hujiakai/KernelLLM/validation_api_server/helpers/evaluations.py\", line 720, in run_and_check_correctness\n    output_new = model_new(*inputs)\n  File \"/home/lijiaxing/.conda/envs/api/lib/python3.10/site-packages/torch/nn/modules/module.py\", line 1773, in _wrapped_call_impl\n    return self._call_impl(*args, **kwargs)\n  File \"/home/lijiaxing/.conda/envs/api/lib/python3.10/site-packages/torch/nn/modules/module.py\", line 1784, in _call_impl\n    return forward_call(*args, **kwargs)\n  File \"/tmp/tmp69kmcknf.py\", line 52, in forwar
2025-08-08 18:30:20,991 - openevolve.RemoteSpeedupEvaluator - INFO - [level1_70_conv_transposed_3D__asymmetric_input__square_kernel] âœ˜ wrong_answer
2025-08-08 18:30:20,992 - openevolve.evaluator - INFO - Evaluated program 13c028c7-e11e-468f-b62d-0c8664d1afbe in 2.78s: compiled=1.0000, correctness=0.0000, score=10.0000, stage=wrong_answer, verify_payload={'id': 'level1_70_conv_transposed_3D__asymmetric_input__square_kernel', 'result': {'compiled': True, 'correctness': False, 'metadata': {'hardware': 'NVIDIA L20Y', 'device': 'cuda:1', 'runtime_error': 'Traceback (most recent call last):\n  File "/cpfs01/shared/llm_kernel/hujiakai/KernelLLM/validation_api_server/helpers/evaluations.py", line 720, in run_and_check_correctness\n    output_new = model_new(*inputs)\n  File "/home/lijiaxing/.conda/envs/api/lib/python3.10/site-packages/torch/nn/modules/module.py", line 1773, in _wrapped_call_impl\n    return self._call_impl(*args, **kwargs)\n  File "/home/lijiaxing/.conda/envs/api/lib/python3.10/site-packages/torch/nn/modules/module.py", line 1784, in _call_impl\n    return forward_call(*args, **kwargs)\n  File "/tmp/tmp69kmcknf.py", line 52, in forward\n    _conv_transpose3d_kernel[grid](\n  File "/home/lijiaxing/.conda/envs/api/lib/python3.10/site-packages/triton/runtime/jit.py", line 390, in <lambda>\n    return lambda *args, **kwargs: self.run(grid=grid, warmup=False, *args, **kwargs)\n  File "/home/lijiaxing/.conda/envs/api/lib/python3.10/site-packages/triton/runtime/autotuner.py", line 239, in run\n    benchmark()\n  File "/home/lijiaxing/.conda/envs/api/lib/python3.10/site-packages/triton/runtime/autotuner.py", line 228, in benchmark\n    timings = {config: self._bench(*args, config=config, **kwargs) for config in pruned_configs}\n  File "/home/lijiaxing/.conda/envs/api/lib/python3.10/site-packages/triton/runtime/autotuner.py", line 228, in <dictcomp>\n    timings = {config: self._bench(*args, config=config, **kwargs) for config in pruned_configs}\n  File "/home/lijiaxing/.conda/envs/api/lib/python3.10/site-packages/triton/runtime/autotuner.py", line 135, in _bench\n    raise ValueError(f"Conflicting meta-parameters: {\', \'.join(conflicts)}."\nValueError: Conflicting meta-parameters: BLOCK_W, BLOCK_H, BLOCK_C, BLOCK_D. Make sure that you don\'t re-define auto-tuned symbols.\n', 'runtime_error_name': 'builtins.ValueError', 'reference_timing_ms': 0.0497, 'speed_up': -1.0, 'custom_timing': -1.0}, 'runtime': -1.0, 'runtime_stats': {}}}
2025-08-08 18:30:20,995 - openevolve.llm.ensemble - INFO - Sampled model: deepseek
2025-08-08 18:30:21,007 - openevolve.threaded_parallel - INFO - Iteration 1: Program 13c028c7-e11e-468f-b62d-0c8664d1afbe (parent: 7ecd7d5d-b99d-4431-bc3a-6f9554b79d46) completed in 1563.39s
2025-08-08 18:30:21,007 - openevolve.threaded_parallel - INFO - Metrics: compiled=1.0000, correctness=0.0000, score=10.0000, stage=wrong_answer, verify_payload={'id': 'level1_70_conv_transposed_3D__asymmetric_input__square_kernel', 'result': {'compiled': True, 'correctness': False, 'metadata': {'hardware': 'NVIDIA L20Y', 'device': 'cuda:1', 'runtime_error': 'Traceback (most recent call last):\n  File "/cpfs01/shared/llm_kernel/hujiakai/KernelLLM/validation_api_server/helpers/evaluations.py", line 720, in run_and_check_correctness\n    output_new = model_new(*inputs)\n  File "/home/lijiaxing/.conda/envs/api/lib/python3.10/site-packages/torch/nn/modules/module.py", line 1773, in _wrapped_call_impl\n    return self._call_impl(*args, **kwargs)\n  File "/home/lijiaxing/.conda/envs/api/lib/python3.10/site-packages/torch/nn/modules/module.py", line 1784, in _call_impl\n    return forward_call(*args, **kwargs)\n  File "/tmp/tmp69kmcknf.py", line 52, in forward\n    _conv_transpose3d_kernel[grid](\n  File "/home/lijiaxing/.conda/envs/api/lib/python3.10/site-packages/triton/runtime/jit.py", line 390, in <lambda>\n    return lambda *args, **kwargs: self.run(grid=grid, warmup=False, *args, **kwargs)\n  File "/home/lijiaxing/.conda/envs/api/lib/python3.10/site-packages/triton/runtime/autotuner.py", line 239, in run\n    benchmark()\n  File "/home/lijiaxing/.conda/envs/api/lib/python3.10/site-packages/triton/runtime/autotuner.py", line 228, in benchmark\n    timings = {config: self._bench(*args, config=config, **kwargs) for config in pruned_configs}\n  File "/home/lijiaxing/.conda/envs/api/lib/python3.10/site-packages/triton/runtime/autotuner.py", line 228, in <dictcomp>\n    timings = {config: self._bench(*args, config=config, **kwargs) for config in pruned_configs}\n  File "/home/lijiaxing/.conda/envs/api/lib/python3.10/site-packages/triton/runtime/autotuner.py", line 135, in _bench\n    raise ValueError(f"Conflicting meta-parameters: {\', \'.join(conflicts)}."\nValueError: Conflicting meta-parameters: BLOCK_W, BLOCK_H, BLOCK_C, BLOCK_D. Make sure that you don\'t re-define auto-tuned symbols.\n', 'runtime_error_name': 'builtins.ValueError', 'reference_timing_ms': 0.0497, 'speed_up': -1.0, 'custom_timing': -1.0}, 'runtime': -1.0, 'runtime_stats': {}}}
2025-08-08 18:40:24,498 - openevolve.RemoteSpeedupEvaluator - INFO - [level1_70_conv_transposed_3D__asymmetric_input__square_kernel] triton key words check pass
2025-08-08 18:40:24,500 - openevolve.RemoteSpeedupEvaluator - INFO - [level1_70_conv_transposed_3D__asymmetric_input__square_kernel] verify_plus payload: reference_code(2413 chars) + custom_code(8600 chars)
2025-08-08 18:40:27,649 - openevolve.RemoteSpeedupEvaluator - INFO - [level1_70_conv_transposed_3D__asymmetric_input__square_kernel] verify_plus request success
2025-08-08 18:40:27,649 - openevolve.RemoteSpeedupEvaluator - INFO - [level1_70_conv_transposed_3D__asymmetric_input__square_kernel] verify_plus response: {"id":"level1_70_conv_transposed_3D__asymmetric_input__square_kernel","result":{"compiled":true,"correctness":false,"metadata":{"hardware":"NVIDIA L20Y","device":"cuda:5","runtime_error":"Traceback (most recent call last):\n  File \"/cpfs01/shared/llm_kernel/hujiakai/KernelLLM/validation_api_server/helpers/evaluations.py\", line 720, in run_and_check_correctness\n    output_new = model_new(*inputs)\n  File \"/home/lijiaxing/.conda/envs/api/lib/python3.10/site-packages/torch/nn/modules/module.py\", line 1773, in _wrapped_call_impl\n    return self._call_impl(*args, **kwargs)\n  File \"/home/lijiaxing/.conda/envs/api/lib/python3.10/site-packages/torch/nn/modules/module.py\", line 1784, in _call_impl\n    return forward_call(*args, **kwargs)\n  File \"/tmp/tmp3pdm2ahb.py\", line 182, in forwa
2025-08-08 18:40:27,649 - openevolve.RemoteSpeedupEvaluator - INFO - [level1_70_conv_transposed_3D__asymmetric_input__square_kernel] âœ˜ wrong_answer
2025-08-08 18:40:27,649 - openevolve.evaluator - INFO - Evaluated program 4aa4bcf3-4e1a-46a9-aad7-dacae316c18d in 3.15s: compiled=1.0000, correctness=0.0000, score=10.0000, stage=wrong_answer, verify_payload={'id': 'level1_70_conv_transposed_3D__asymmetric_input__square_kernel', 'result': {'compiled': True, 'correctness': False, 'metadata': {'hardware': 'NVIDIA L20Y', 'device': 'cuda:5', 'runtime_error': 'Traceback (most recent call last):\n  File "/cpfs01/shared/llm_kernel/hujiakai/KernelLLM/validation_api_server/helpers/evaluations.py", line 720, in run_and_check_correctness\n    output_new = model_new(*inputs)\n  File "/home/lijiaxing/.conda/envs/api/lib/python3.10/site-packages/torch/nn/modules/module.py", line 1773, in _wrapped_call_impl\n    return self._call_impl(*args, **kwargs)\n  File "/home/lijiaxing/.conda/envs/api/lib/python3.10/site-packages/torch/nn/modules/module.py", line 1784, in _call_impl\n    return forward_call(*args, **kwargs)\n  File "/tmp/tmp3pdm2ahb.py", line 182, in forward\n    conv_transpose3d_kernel[grid](\n  File "/home/lijiaxing/.conda/envs/api/lib/python3.10/site-packages/triton/runtime/jit.py", line 390, in <lambda>\n    return lambda *args, **kwargs: self.run(grid=grid, warmup=False, *args, **kwargs)\n  File "/home/lijiaxing/.conda/envs/api/lib/python3.10/site-packages/triton/runtime/jit.py", line 594, in run\n    kernel = self.compile(src, target=target, options=options.__dict__)\n  File "/home/lijiaxing/.conda/envs/api/lib/python3.10/site-packages/triton/compiler/compiler.py", line 339, in compile\n    module = src.make_ir(options, codegen_fns, module_map, context)\n  File "/home/lijiaxing/.conda/envs/api/lib/python3.10/site-packages/triton/compiler/compiler.py", line 83, in make_ir\n    return ast_to_ttir(self.fn, self, context=context, options=options, codegen_fns=codegen_fns,\ntriton.compiler.errors.CompilationError: at 85:27:\n                    # Compute weight pointer offsets\n                    w_offset = (\n                        c_offsets[None, None, None, :] * stride_w_oc + \n                        c_in * stride_w_ic + \n                        di * stride_w_d + \n                        dj * stride_w_h + \n                        dk * stride_w_k\n                    )\n                    w_val = tl.load(weight_ptr + w_offset)\n\n                    # Accumulate\n                    acc += x_val[..., None] * w_val\n                           ^\nValueError(\'unsupported tensor index: constexpr[Ellipsis]\')\n\n\nThe above exception was the direct cause of the following exception:\n\nTraceback (most recent call last):\n  File "/home/lijiaxing/.conda/envs/api/lib/python3.10/site-packages/triton/language/core.py", line 42, in wrapper\n    return fn(*args, **kwargs)\n  File "/home/lijiaxing/.conda/envs/api/lib/python3.10/site-packages/triton/language/core.py", line 1118, in __getitem__\n    raise ValueError(f"unsupported tensor index: {sl}")\nValueError: unsupported tensor index: constexpr[Ellipsis]\n', 'runtime_error_name': 'triton.compiler.errors.CompilationError', 'reference_timing_ms': 0.0497, 'speed_up': -1.0, 'custom_timing': -1.0}, 'runtime': -1.0, 'runtime_stats': {}}}
2025-08-08 18:40:27,653 - openevolve.llm.ensemble - INFO - Sampled model: deepseek
2025-08-08 18:40:27,665 - openevolve.threaded_parallel - INFO - Iteration 4: Program 4aa4bcf3-4e1a-46a9-aad7-dacae316c18d (parent: 7ecd7d5d-b99d-4431-bc3a-6f9554b79d46) completed in 1039.57s
2025-08-08 18:40:27,665 - openevolve.threaded_parallel - INFO - Metrics: compiled=1.0000, correctness=0.0000, score=10.0000, stage=wrong_answer, verify_payload={'id': 'level1_70_conv_transposed_3D__asymmetric_input__square_kernel', 'result': {'compiled': True, 'correctness': False, 'metadata': {'hardware': 'NVIDIA L20Y', 'device': 'cuda:5', 'runtime_error': 'Traceback (most recent call last):\n  File "/cpfs01/shared/llm_kernel/hujiakai/KernelLLM/validation_api_server/helpers/evaluations.py", line 720, in run_and_check_correctness\n    output_new = model_new(*inputs)\n  File "/home/lijiaxing/.conda/envs/api/lib/python3.10/site-packages/torch/nn/modules/module.py", line 1773, in _wrapped_call_impl\n    return self._call_impl(*args, **kwargs)\n  File "/home/lijiaxing/.conda/envs/api/lib/python3.10/site-packages/torch/nn/modules/module.py", line 1784, in _call_impl\n    return forward_call(*args, **kwargs)\n  File "/tmp/tmp3pdm2ahb.py", line 182, in forward\n    conv_transpose3d_kernel[grid](\n  File "/home/lijiaxing/.conda/envs/api/lib/python3.10/site-packages/triton/runtime/jit.py", line 390, in <lambda>\n    return lambda *args, **kwargs: self.run(grid=grid, warmup=False, *args, **kwargs)\n  File "/home/lijiaxing/.conda/envs/api/lib/python3.10/site-packages/triton/runtime/jit.py", line 594, in run\n    kernel = self.compile(src, target=target, options=options.__dict__)\n  File "/home/lijiaxing/.conda/envs/api/lib/python3.10/site-packages/triton/compiler/compiler.py", line 339, in compile\n    module = src.make_ir(options, codegen_fns, module_map, context)\n  File "/home/lijiaxing/.conda/envs/api/lib/python3.10/site-packages/triton/compiler/compiler.py", line 83, in make_ir\n    return ast_to_ttir(self.fn, self, context=context, options=options, codegen_fns=codegen_fns,\ntriton.compiler.errors.CompilationError: at 85:27:\n                    # Compute weight pointer offsets\n                    w_offset = (\n                        c_offsets[None, None, None, :] * stride_w_oc + \n                        c_in * stride_w_ic + \n                        di * stride_w_d + \n                        dj * stride_w_h + \n                        dk * stride_w_k\n                    )\n                    w_val = tl.load(weight_ptr + w_offset)\n\n                    # Accumulate\n                    acc += x_val[..., None] * w_val\n                           ^\nValueError(\'unsupported tensor index: constexpr[Ellipsis]\')\n\n\nThe above exception was the direct cause of the following exception:\n\nTraceback (most recent call last):\n  File "/home/lijiaxing/.conda/envs/api/lib/python3.10/site-packages/triton/language/core.py", line 42, in wrapper\n    return fn(*args, **kwargs)\n  File "/home/lijiaxing/.conda/envs/api/lib/python3.10/site-packages/triton/language/core.py", line 1118, in __getitem__\n    raise ValueError(f"unsupported tensor index: {sl}")\nValueError: unsupported tensor index: constexpr[Ellipsis]\n', 'runtime_error_name': 'triton.compiler.errors.CompilationError', 'reference_timing_ms': 0.0497, 'speed_up': -1.0, 'custom_timing': -1.0}, 'runtime': -1.0, 'runtime_stats': {}}}
2025-08-08 18:46:55,223 - openevolve.RemoteSpeedupEvaluator - INFO - [level1_70_conv_transposed_3D__asymmetric_input__square_kernel] triton key words check pass
2025-08-08 18:46:55,225 - openevolve.RemoteSpeedupEvaluator - INFO - [level1_70_conv_transposed_3D__asymmetric_input__square_kernel] verify_plus payload: reference_code(2413 chars) + custom_code(8389 chars)
2025-08-08 18:47:03,261 - openevolve.RemoteSpeedupEvaluator - INFO - [level1_70_conv_transposed_3D__asymmetric_input__square_kernel] verify_plus request success
2025-08-08 18:47:03,261 - openevolve.RemoteSpeedupEvaluator - INFO - [level1_70_conv_transposed_3D__asymmetric_input__square_kernel] verify_plus response: {"id":"level1_70_conv_transposed_3D__asymmetric_input__square_kernel","result":{"compiled":true,"correctness":false,"metadata":{"hardware":"NVIDIA L20Y","device":"cuda:6","runtime_error":"Traceback (most recent call last):\n  File \"/home/lijiaxing/.conda/envs/api/lib/python3.10/site-packages/triton/language/core.py\", line 42, in wrapper\n    return fn(*args, **kwargs)\n  File \"/home/lijiaxing/.conda/envs/api/lib/python3.10/site-packages/triton/language/core.py\", line 2150, in load\n    return _semantic.load(pointer, mask, other, boundary_check, padding_option, cache_modifier, eviction_policy,\n  File \"/home/lijiaxing/.conda/envs/api/lib/python3.10/site-packages/triton/language/semantic.py\", line 1086, in load\n    return self._load_legacy(ptr, mask, other, boundary_check, padding, ca
2025-08-08 18:47:03,261 - openevolve.RemoteSpeedupEvaluator - INFO - [level1_70_conv_transposed_3D__asymmetric_input__square_kernel] âœ˜ wrong_answer
2025-08-08 18:47:03,262 - openevolve.evaluator - INFO - Evaluated program 2315a224-c9c5-4e6c-b1f0-093aaaf983de in 8.04s: compiled=1.0000, correctness=0.0000, score=10.0000, stage=wrong_answer, verify_payload={'id': 'level1_70_conv_transposed_3D__asymmetric_input__square_kernel', 'result': {'compiled': True, 'correctness': False, 'metadata': {'hardware': 'NVIDIA L20Y', 'device': 'cuda:6', 'runtime_error': 'Traceback (most recent call last):\n  File "/home/lijiaxing/.conda/envs/api/lib/python3.10/site-packages/triton/language/core.py", line 42, in wrapper\n    return fn(*args, **kwargs)\n  File "/home/lijiaxing/.conda/envs/api/lib/python3.10/site-packages/triton/language/core.py", line 2150, in load\n    return _semantic.load(pointer, mask, other, boundary_check, padding_option, cache_modifier, eviction_policy,\n  File "/home/lijiaxing/.conda/envs/api/lib/python3.10/site-packages/triton/language/semantic.py", line 1086, in load\n    return self._load_legacy(ptr, mask, other, boundary_check, padding, cache, eviction, is_volatile)\n  File "/home/lijiaxing/.conda/envs/api/lib/python3.10/site-packages/triton/language/semantic.py", line 1037, in _load_legacy\n    mask = self.broadcast_impl_shape(mask, ptr.type.get_block_shapes())\n  File "/home/lijiaxing/.conda/envs/api/lib/python3.10/site-packages/triton/language/semantic.py", line 702, in broadcast_impl_shape\n    raise ValueError(f"Cannot broadcast, the expanded size of the tensor ({shape[i]})"\nValueError: Cannot broadcast, the expanded size of the tensor (1) must match the existing size (4) at non-singleton dimension 1: [\'16\', \'4\', \'4\', \'4\'], [\'16\', \'1\', \'1\', \'1\']\n\nThe above exception was the direct cause of the following exception:\n\nTraceback (most recent call last):\n  File "/cpfs01/shared/llm_kernel/hujiakai/KernelLLM/validation_api_server/helpers/evaluations.py", line 720, in run_and_check_correctness\n    output_new = model_new(*inputs)\n  File "/home/lijiaxing/.conda/envs/api/lib/python3.10/site-packages/torch/nn/modules/module.py", line 1773, in _wrapped_call_impl\n    return self._call_impl(*args, **kwargs)\n  File "/home/lijiaxing/.conda/envs/api/lib/python3.10/site-packages/torch/nn/modules/module.py", line 1784, in _call_impl\n    return forward_call(*args, **kwargs)\n  File "/tmp/tmpgzki_9qv.py", line 205, in forward\n    conv_transpose3d_kernel[grid](\n  File "/home/lijiaxing/.conda/envs/api/lib/python3.10/site-packages/triton/runtime/jit.py", line 390, in <lambda>\n    return lambda *args, **kwargs: self.run(grid=grid, warmup=False, *args, **kwargs)\n  File "/home/lijiaxing/.conda/envs/api/lib/python3.10/site-packages/triton/runtime/jit.py", line 594, in run\n    kernel = self.compile(src, target=target, options=options.__dict__)\n  File "/home/lijiaxing/.conda/envs/api/lib/python3.10/site-packages/triton/compiler/compiler.py", line 339, in compile\n    module = src.make_ir(options, codegen_fns, module_map, context)\n  File "/home/lijiaxing/.conda/envs/api/lib/python3.10/site-packages/triton/compiler/compiler.py", line 83, in make_ir\n    return ast_to_ttir(self.fn, self, context=context, options=options, codegen_fns=codegen_fns,\ntriton.compiler.errors.CompilationError: at 97:33:\n                        other=0.0\n                    )\n\n                    # Load weights\n                    w_offset = (\n                        c_in * stride_w_ic + \n                        oc_offsets[:, None, None, None] * stride_w_oc + \n                        kd * stride_w_d + \n                        kh * stride_w_h + \n                        kw * stride_w_w\n                    )\n                    weight_val = tl.load(\n                                 ^\n\n\nThe above exception was the direct cause of the following exception:\n\nTraceback (most recent call last):\n  File "/home/lijiaxing/.conda/envs/api/lib/python3.10/site-packages/triton/language/core.py", line 42, in wrapper\n    return fn(*args, **kwargs)\n  File "/home/lijiaxing/.conda/envs/api/lib/python3.10/site-packages/triton/language/core.py", line 2150, in load\n    return _semantic.load(pointer, mask, other, boundary_check, padding_option, cache_modifier, eviction_policy,\n  File "/home/lijiaxing/.conda/envs/api/lib/python3.10/site-packages/triton/language/semantic.py", line 1086, in load\n    return self._load_legacy(ptr, mask, other, boundary_check, padding, cache, eviction, is_volatile)\n  File "/home/lijiaxing/.conda/envs/api/lib/python3.10/site-packages/triton/language/semantic.py", line 1037, in _load_legacy\n    mask = self.broadcast_impl_shape(mask, ptr.type.get_block_shapes())\n  File "/home/lijiaxing/.conda/envs/api/lib/python3.10/site-packages/triton/language/semantic.py", line 702, in broadcast_impl_shape\n    raise ValueError(f"Cannot broadcast, the expanded size of the tensor ({shape[i]})"\nValueError: Cannot broadcast, the expanded size of the tensor (1) must match the existing size (4) at non-singleton dimension 1: [\'16\', \'4\', \'4\', \'4\'], [\'16\', \'1\', \'1\', \'1\']\n', 'runtime_error_name': 'triton.compiler.errors.CompilationError', 'reference_timing_ms': 0.0497, 'speed_up': -1.0, 'custom_timing': -1.0}, 'runtime': -1.0, 'runtime_stats': {}}}
2025-08-08 18:47:03,265 - openevolve.llm.ensemble - INFO - Sampled model: deepseek
2025-08-08 18:47:03,285 - openevolve.threaded_parallel - INFO - Iteration 5: Program 2315a224-c9c5-4e6c-b1f0-093aaaf983de (parent: 7ecd7d5d-b99d-4431-bc3a-6f9554b79d46) completed in 1002.27s
2025-08-08 18:47:03,285 - openevolve.threaded_parallel - INFO - Metrics: compiled=1.0000, correctness=0.0000, score=10.0000, stage=wrong_answer, verify_payload={'id': 'level1_70_conv_transposed_3D__asymmetric_input__square_kernel', 'result': {'compiled': True, 'correctness': False, 'metadata': {'hardware': 'NVIDIA L20Y', 'device': 'cuda:6', 'runtime_error': 'Traceback (most recent call last):\n  File "/home/lijiaxing/.conda/envs/api/lib/python3.10/site-packages/triton/language/core.py", line 42, in wrapper\n    return fn(*args, **kwargs)\n  File "/home/lijiaxing/.conda/envs/api/lib/python3.10/site-packages/triton/language/core.py", line 2150, in load\n    return _semantic.load(pointer, mask, other, boundary_check, padding_option, cache_modifier, eviction_policy,\n  File "/home/lijiaxing/.conda/envs/api/lib/python3.10/site-packages/triton/language/semantic.py", line 1086, in load\n    return self._load_legacy(ptr, mask, other, boundary_check, padding, cache, eviction, is_volatile)\n  File "/home/lijiaxing/.conda/envs/api/lib/python3.10/site-packages/triton/language/semantic.py", line 1037, in _load_legacy\n    mask = self.broadcast_impl_shape(mask, ptr.type.get_block_shapes())\n  File "/home/lijiaxing/.conda/envs/api/lib/python3.10/site-packages/triton/language/semantic.py", line 702, in broadcast_impl_shape\n    raise ValueError(f"Cannot broadcast, the expanded size of the tensor ({shape[i]})"\nValueError: Cannot broadcast, the expanded size of the tensor (1) must match the existing size (4) at non-singleton dimension 1: [\'16\', \'4\', \'4\', \'4\'], [\'16\', \'1\', \'1\', \'1\']\n\nThe above exception was the direct cause of the following exception:\n\nTraceback (most recent call last):\n  File "/cpfs01/shared/llm_kernel/hujiakai/KernelLLM/validation_api_server/helpers/evaluations.py", line 720, in run_and_check_correctness\n    output_new = model_new(*inputs)\n  File "/home/lijiaxing/.conda/envs/api/lib/python3.10/site-packages/torch/nn/modules/module.py", line 1773, in _wrapped_call_impl\n    return self._call_impl(*args, **kwargs)\n  File "/home/lijiaxing/.conda/envs/api/lib/python3.10/site-packages/torch/nn/modules/module.py", line 1784, in _call_impl\n    return forward_call(*args, **kwargs)\n  File "/tmp/tmpgzki_9qv.py", line 205, in forward\n    conv_transpose3d_kernel[grid](\n  File "/home/lijiaxing/.conda/envs/api/lib/python3.10/site-packages/triton/runtime/jit.py", line 390, in <lambda>\n    return lambda *args, **kwargs: self.run(grid=grid, warmup=False, *args, **kwargs)\n  File "/home/lijiaxing/.conda/envs/api/lib/python3.10/site-packages/triton/runtime/jit.py", line 594, in run\n    kernel = self.compile(src, target=target, options=options.__dict__)\n  File "/home/lijiaxing/.conda/envs/api/lib/python3.10/site-packages/triton/compiler/compiler.py", line 339, in compile\n    module = src.make_ir(options, codegen_fns, module_map, context)\n  File "/home/lijiaxing/.conda/envs/api/lib/python3.10/site-packages/triton/compiler/compiler.py", line 83, in make_ir\n    return ast_to_ttir(self.fn, self, context=context, options=options, codegen_fns=codegen_fns,\ntriton.compiler.errors.CompilationError: at 97:33:\n                        other=0.0\n                    )\n\n                    # Load weights\n                    w_offset = (\n                        c_in * stride_w_ic + \n                        oc_offsets[:, None, None, None] * stride_w_oc + \n                        kd * stride_w_d + \n                        kh * stride_w_h + \n                        kw * stride_w_w\n                    )\n                    weight_val = tl.load(\n                                 ^\n\n\nThe above exception was the direct cause of the following exception:\n\nTraceback (most recent call last):\n  File "/home/lijiaxing/.conda/envs/api/lib/python3.10/site-packages/triton/language/core.py", line 42, in wrapper\n    return fn(*args, **kwargs)\n  File "/home/lijiaxing/.conda/envs/api/lib/python3.10/site-packages/triton/language/core.py", line 2150, in load\n    return _semantic.load(pointer, mask, other, boundary_check, padding_option, cache_modifier, eviction_policy,\n  File "/home/lijiaxing/.conda/envs/api/lib/python3.10/site-packages/triton/language/semantic.py", line 1086, in load\n    return self._load_legacy(ptr, mask, other, boundary_check, padding, cache, eviction, is_volatile)\n  File "/home/lijiaxing/.conda/envs/api/lib/python3.10/site-packages/triton/language/semantic.py", line 1037, in _load_legacy\n    mask = self.broadcast_impl_shape(mask, ptr.type.get_block_shapes())\n  File "/home/lijiaxing/.conda/envs/api/lib/python3.10/site-packages/triton/language/semantic.py", line 702, in broadcast_impl_shape\n    raise ValueError(f"Cannot broadcast, the expanded size of the tensor ({shape[i]})"\nValueError: Cannot broadcast, the expanded size of the tensor (1) must match the existing size (4) at non-singleton dimension 1: [\'16\', \'4\', \'4\', \'4\'], [\'16\', \'1\', \'1\', \'1\']\n', 'runtime_error_name': 'triton.compiler.errors.CompilationError', 'reference_timing_ms': 0.0497, 'speed_up': -1.0, 'custom_timing': -1.0}, 'runtime': -1.0, 'runtime_stats': {}}}
2025-08-08 18:47:54,175 - openevolve.RemoteSpeedupEvaluator - INFO - [level1_70_conv_transposed_3D__asymmetric_input__square_kernel] triton key words check pass
2025-08-08 18:47:54,176 - openevolve.RemoteSpeedupEvaluator - INFO - [level1_70_conv_transposed_3D__asymmetric_input__square_kernel] verify_plus payload: reference_code(2413 chars) + custom_code(6889 chars)
2025-08-08 18:47:57,378 - openevolve.RemoteSpeedupEvaluator - INFO - [level1_70_conv_transposed_3D__asymmetric_input__square_kernel] verify_plus request success
2025-08-08 18:47:57,379 - openevolve.RemoteSpeedupEvaluator - INFO - [level1_70_conv_transposed_3D__asymmetric_input__square_kernel] verify_plus response: {"id":"level1_70_conv_transposed_3D__asymmetric_input__square_kernel","result":{"compiled":true,"correctness":false,"metadata":{"hardware":"NVIDIA L20Y","device":"cuda:0","runtime_error":"Traceback (most recent call last):\n  File \"/cpfs01/shared/llm_kernel/hujiakai/KernelLLM/validation_api_server/helpers/evaluations.py\", line 720, in run_and_check_correctness\n    output_new = model_new(*inputs)\n  File \"/home/lijiaxing/.conda/envs/api/lib/python3.10/site-packages/torch/nn/modules/module.py\", line 1773, in _wrapped_call_impl\n    return self._call_impl(*args, **kwargs)\n  File \"/home/lijiaxing/.conda/envs/api/lib/python3.10/site-packages/torch/nn/modules/module.py\", line 1784, in _call_impl\n    return forward_call(*args, **kwargs)\n  File \"/tmp/tmp_ny41y8a.py\", line 133, in forwa
2025-08-08 18:47:57,379 - openevolve.RemoteSpeedupEvaluator - INFO - [level1_70_conv_transposed_3D__asymmetric_input__square_kernel] âœ˜ wrong_answer
2025-08-08 18:47:57,379 - openevolve.evaluator - INFO - Evaluated program 35d6f219-5153-45b3-a4b1-6c3a5ac7fceb in 3.21s: compiled=1.0000, correctness=0.0000, score=10.0000, stage=wrong_answer, verify_payload={'id': 'level1_70_conv_transposed_3D__asymmetric_input__square_kernel', 'result': {'compiled': True, 'correctness': False, 'metadata': {'hardware': 'NVIDIA L20Y', 'device': 'cuda:0', 'runtime_error': 'Traceback (most recent call last):\n  File "/cpfs01/shared/llm_kernel/hujiakai/KernelLLM/validation_api_server/helpers/evaluations.py", line 720, in run_and_check_correctness\n    output_new = model_new(*inputs)\n  File "/home/lijiaxing/.conda/envs/api/lib/python3.10/site-packages/torch/nn/modules/module.py", line 1773, in _wrapped_call_impl\n    return self._call_impl(*args, **kwargs)\n  File "/home/lijiaxing/.conda/envs/api/lib/python3.10/site-packages/torch/nn/modules/module.py", line 1784, in _call_impl\n    return forward_call(*args, **kwargs)\n  File "/tmp/tmp_ny41y8a.py", line 133, in forward\n    conv_transpose_kernel[grid](\n  File "/home/lijiaxing/.conda/envs/api/lib/python3.10/site-packages/triton/runtime/jit.py", line 390, in <lambda>\n    return lambda *args, **kwargs: self.run(grid=grid, warmup=False, *args, **kwargs)\n  File "/home/lijiaxing/.conda/envs/api/lib/python3.10/site-packages/triton/runtime/jit.py", line 594, in run\n    kernel = self.compile(src, target=target, options=options.__dict__)\n  File "/home/lijiaxing/.conda/envs/api/lib/python3.10/site-packages/triton/compiler/compiler.py", line 339, in compile\n    module = src.make_ir(options, codegen_fns, module_map, context)\n  File "/home/lijiaxing/.conda/envs/api/lib/python3.10/site-packages/triton/compiler/compiler.py", line 83, in make_ir\n    return ast_to_ttir(self.fn, self, context=context, options=options, codegen_fns=codegen_fns,\ntriton.compiler.errors.CompilationError: at 64:33:\n                d_in_bounds = (d_in >= 0) & (d_in < depth_in)\n                h_in_bounds = (h_in >= 0) & (h_in < height_in)\n                w_in_bounds = (w_in >= 0) & (w_in < width_in)\n                in_bounds = d_in_bounds & h_in_bounds & w_in_bounds\n\n                # Loop through input channels\n                for ic_block in range(0, in_channels, BLOCK_SIZE_OC):\n                    ic = ic_block + tl.arange(0, BLOCK_SIZE_OC)\n                    ic_mask = ic < in_channels\n\n                    # Pointers to input and weight\n                    x_offsets = (pid_b * in_channels * depth_in * height_in * width_in +\n                                 ^\nValueError(\'Cannot make_shape_compatible: incompatible dimensions at index 0: 32 and 8\')\n\n\nThe above exception was the direct cause of the following exception:\n\nTraceback (most recent call last):\n  File "/home/lijiaxing/.conda/envs/api/lib/python3.10/site-packages/triton/language/core.py", line 42, in wrapper\n    return fn(*args, **kwargs)\n  File "/home/lijiaxing/.conda/envs/api/lib/python3.10/site-packages/triton/language/core.py", line 900, in __add__\n    return add(self, other, sanitize_overflow=True, _semantic=_semantic)\n  File "/home/lijiaxing/.conda/envs/api/lib/python3.10/site-packages/triton/language/core.py", line 42, in wrapper\n    return fn(*args, **kwargs)\n  File "/home/lijiaxing/.conda/envs/api/lib/python3.10/site-packages/triton/language/core.py", line 2468, in add\n    return _semantic.add(x, y, sanitize_overflow)\n  File "/home/lijiaxing/.conda/envs/api/lib/python3.10/site-packages/triton/language/semantic.py", line 226, in add\n    input, other = self.binary_op_type_checking_impl(input, other, True, True)\n  File "/home/lijiaxing/.conda/envs/api/lib/python3.10/site-packages/triton/language/semantic.py", line 203, in binary_op_type_checking_impl\n    lhs, rhs = self.broadcast_impl_value(lhs, rhs)\n  File "/home/lijiaxing/.conda/envs/api/lib/python3.10/site-packages/triton/language/semantic.py", line 749, in broadcast_impl_value\n    raise ValueError("Cannot make_shape_compatible: incompatible dimensions "\nValueError: Cannot make_shape_compatible: incompatible dimensions at index 0: 32 and 8\n', 'runtime_error_name': 'triton.compiler.errors.CompilationError', 'reference_timing_ms': 0.0497, 'speed_up': -1.0, 'custom_timing': -1.0}, 'runtime': -1.0, 'runtime_stats': {}}}
2025-08-08 18:47:57,382 - openevolve.database - INFO - New MAP-Elites cell occupied: {'score': 9, 'complexity': 6}
2025-08-08 18:47:57,383 - openevolve.llm.ensemble - INFO - Sampled model: deepseek
2025-08-08 18:47:57,395 - openevolve.threaded_parallel - INFO - Iteration 3: Program 35d6f219-5153-45b3-a4b1-6c3a5ac7fceb (parent: 7ecd7d5d-b99d-4431-bc3a-6f9554b79d46) completed in 1532.33s
2025-08-08 18:47:57,395 - openevolve.threaded_parallel - INFO - Metrics: compiled=1.0000, correctness=0.0000, score=10.0000, stage=wrong_answer, verify_payload={'id': 'level1_70_conv_transposed_3D__asymmetric_input__square_kernel', 'result': {'compiled': True, 'correctness': False, 'metadata': {'hardware': 'NVIDIA L20Y', 'device': 'cuda:0', 'runtime_error': 'Traceback (most recent call last):\n  File "/cpfs01/shared/llm_kernel/hujiakai/KernelLLM/validation_api_server/helpers/evaluations.py", line 720, in run_and_check_correctness\n    output_new = model_new(*inputs)\n  File "/home/lijiaxing/.conda/envs/api/lib/python3.10/site-packages/torch/nn/modules/module.py", line 1773, in _wrapped_call_impl\n    return self._call_impl(*args, **kwargs)\n  File "/home/lijiaxing/.conda/envs/api/lib/python3.10/site-packages/torch/nn/modules/module.py", line 1784, in _call_impl\n    return forward_call(*args, **kwargs)\n  File "/tmp/tmp_ny41y8a.py", line 133, in forward\n    conv_transpose_kernel[grid](\n  File "/home/lijiaxing/.conda/envs/api/lib/python3.10/site-packages/triton/runtime/jit.py", line 390, in <lambda>\n    return lambda *args, **kwargs: self.run(grid=grid, warmup=False, *args, **kwargs)\n  File "/home/lijiaxing/.conda/envs/api/lib/python3.10/site-packages/triton/runtime/jit.py", line 594, in run\n    kernel = self.compile(src, target=target, options=options.__dict__)\n  File "/home/lijiaxing/.conda/envs/api/lib/python3.10/site-packages/triton/compiler/compiler.py", line 339, in compile\n    module = src.make_ir(options, codegen_fns, module_map, context)\n  File "/home/lijiaxing/.conda/envs/api/lib/python3.10/site-packages/triton/compiler/compiler.py", line 83, in make_ir\n    return ast_to_ttir(self.fn, self, context=context, options=options, codegen_fns=codegen_fns,\ntriton.compiler.errors.CompilationError: at 64:33:\n                d_in_bounds = (d_in >= 0) & (d_in < depth_in)\n                h_in_bounds = (h_in >= 0) & (h_in < height_in)\n                w_in_bounds = (w_in >= 0) & (w_in < width_in)\n                in_bounds = d_in_bounds & h_in_bounds & w_in_bounds\n\n                # Loop through input channels\n                for ic_block in range(0, in_channels, BLOCK_SIZE_OC):\n                    ic = ic_block + tl.arange(0, BLOCK_SIZE_OC)\n                    ic_mask = ic < in_channels\n\n                    # Pointers to input and weight\n                    x_offsets = (pid_b * in_channels * depth_in * height_in * width_in +\n                                 ^\nValueError(\'Cannot make_shape_compatible: incompatible dimensions at index 0: 32 and 8\')\n\n\nThe above exception was the direct cause of the following exception:\n\nTraceback (most recent call last):\n  File "/home/lijiaxing/.conda/envs/api/lib/python3.10/site-packages/triton/language/core.py", line 42, in wrapper\n    return fn(*args, **kwargs)\n  File "/home/lijiaxing/.conda/envs/api/lib/python3.10/site-packages/triton/language/core.py", line 900, in __add__\n    return add(self, other, sanitize_overflow=True, _semantic=_semantic)\n  File "/home/lijiaxing/.conda/envs/api/lib/python3.10/site-packages/triton/language/core.py", line 42, in wrapper\n    return fn(*args, **kwargs)\n  File "/home/lijiaxing/.conda/envs/api/lib/python3.10/site-packages/triton/language/core.py", line 2468, in add\n    return _semantic.add(x, y, sanitize_overflow)\n  File "/home/lijiaxing/.conda/envs/api/lib/python3.10/site-packages/triton/language/semantic.py", line 226, in add\n    input, other = self.binary_op_type_checking_impl(input, other, True, True)\n  File "/home/lijiaxing/.conda/envs/api/lib/python3.10/site-packages/triton/language/semantic.py", line 203, in binary_op_type_checking_impl\n    lhs, rhs = self.broadcast_impl_value(lhs, rhs)\n  File "/home/lijiaxing/.conda/envs/api/lib/python3.10/site-packages/triton/language/semantic.py", line 749, in broadcast_impl_value\n    raise ValueError("Cannot make_shape_compatible: incompatible dimensions "\nValueError: Cannot make_shape_compatible: incompatible dimensions at index 0: 32 and 8\n', 'runtime_error_name': 'triton.compiler.errors.CompilationError', 'reference_timing_ms': 0.0497, 'speed_up': -1.0, 'custom_timing': -1.0}, 'runtime': -1.0, 'runtime_stats': {}}}
2025-08-08 18:47:57,395 - openevolve.threaded_parallel - INFO - Checkpoint interval reached at iteration 3
2025-08-08 18:47:57,396 - openevolve.database - INFO - Island Status:
2025-08-08 18:47:57,396 - openevolve.database - INFO -    Island 0: 5 programs, best=10.0000, avg=8.0000, diversity=700.60, gen=3 (best: 51d0df94-f53c-4b6a-87a8-0eaf34adfbf2)
2025-08-08 18:47:57,396 - openevolve.database - INFO -  * Island 1: 1 programs, best=10.0000, avg=10.0000, diversity=0.00, gen=2 (best: 4aa4bcf3-4e1a-46a9-aad7-dacae316c18d)
2025-08-08 18:47:57,396 - openevolve.database - INFO -    Island 2: 1 programs, best=10.0000, avg=10.0000, diversity=0.00, gen=1 (best: 2315a224-c9c5-4e6c-b1f0-093aaaf983de)
2025-08-08 18:47:57,481 - openevolve.database - INFO - Saved database with 7 programs to openevolve_output/level1_70_conv_transposed_3D__asymmetric_input__square_kernel/checkpoints/checkpoint_3
2025-08-08 18:47:57,501 - openevolve.controller - INFO - Saved best program at checkpoint 3 with metrics: compiled=1.0000, correctness=0.0000, score=10.0000, stage=wrong_answer, verify_payload={'id': 'level1_70_conv_transposed_3D__asymmetric_input__square_kernel', 'result': {'compiled': True, 'correctness': False, 'metadata': {'hardware': 'NVIDIA L20Y', 'device': 'cuda:5', 'runtime_error': 'Traceback (most recent call last):\n  File "/home/lijiaxing/.conda/envs/api/lib/python3.10/site-packages/triton/language/core.py", line 42, in wrapper\n    return fn(*args, **kwargs)\n  File "/home/lijiaxing/.conda/envs/api/lib/python3.10/site-packages/triton/language/core.py", line 1630, in program_id\n    return _semantic.program_id(axis)\n  File "/home/lijiaxing/.conda/envs/api/lib/python3.10/site-packages/triton/language/semantic.py", line 40, in program_id\n    raise ValueError(f"program_id axis must be 0, 1, or 2 but got {axis}")\nValueError: program_id axis must be 0, 1, or 2 but got 3\n\nThe above exception was the direct cause of the following exception:\n\nTraceback (most recent call last):\n  File "/cpfs01/shared/llm_kernel/hujiakai/KernelLLM/validation_api_server/helpers/evaluations.py", line 720, in run_and_check_correctness\n    output_new = model_new(*inputs)\n  File "/home/lijiaxing/.conda/envs/api/lib/python3.10/site-packages/torch/nn/modules/module.py", line 1773, in _wrapped_call_impl\n    return self._call_impl(*args, **kwargs)\n  File "/home/lijiaxing/.conda/envs/api/lib/python3.10/site-packages/torch/nn/modules/module.py", line 1784, in _call_impl\n    return forward_call(*args, **kwargs)\n  File "/tmp/tmp9vd736dm.py", line 173, in forward\n    conv_transpose3d_kernel[grid](\n  File "/home/lijiaxing/.conda/envs/api/lib/python3.10/site-packages/triton/runtime/jit.py", line 390, in <lambda>\n    return lambda *args, **kwargs: self.run(grid=grid, warmup=False, *args, **kwargs)\n  File "/home/lijiaxing/.conda/envs/api/lib/python3.10/site-packages/triton/runtime/jit.py", line 594, in run\n    kernel = self.compile(src, target=target, options=options.__dict__)\n  File "/home/lijiaxing/.conda/envs/api/lib/python3.10/site-packages/triton/compiler/compiler.py", line 339, in compile\n    module = src.make_ir(options, codegen_fns, module_map, context)\n  File "/home/lijiaxing/.conda/envs/api/lib/python3.10/site-packages/triton/compiler/compiler.py", line 83, in make_ir\n    return ast_to_ttir(self.fn, self, context=context, options=options, codegen_fns=codegen_fns,\ntriton.compiler.errors.CompilationError: at 24:12:\n    stride_w_oc, stride_w_ic, stride_w_d, stride_w_h, stride_w_k,\n    stride_out_b, stride_out_c, stride_out_d, stride_out_h, stride_out_w,\n    BLOCK_SIZE_C: tl.constexpr,\n    BLOCK_SIZE_D: tl.constexpr,\n    BLOCK_SIZE_H: tl.constexpr,\n    BLOCK_SIZE_W: tl.constexpr,\n):\n    # Program indices\n    pid_b = tl.program_id(0)\n    pid_d = tl.program_id(1)\n    pid_h = tl.program_id(2)\n    pid_w = tl.program_id(3)\n            ^\n\n\nThe above exception was the direct cause of the following exception:\n\nTraceback (most recent call last):\n  File "/home/lijiaxing/.conda/envs/api/lib/python3.10/site-packages/triton/language/core.py", line 42, in wrapper\n    return fn(*args, **kwargs)\n  File "/home/lijiaxing/.conda/envs/api/lib/python3.10/site-packages/triton/language/core.py", line 1630, in program_id\n    return _semantic.program_id(axis)\n  File "/home/lijiaxing/.conda/envs/api/lib/python3.10/site-packages/triton/language/semantic.py", line 40, in program_id\n    raise ValueError(f"program_id axis must be 0, 1, or 2 but got {axis}")\nValueError: program_id axis must be 0, 1, or 2 but got 3\n', 'runtime_error_name': 'triton.compiler.errors.CompilationError', 'reference_timing_ms': 0.0497, 'speed_up': -1.0, 'custom_timing': -1.0}, 'runtime': -1.0, 'runtime_stats': {}}}
2025-08-08 18:47:57,502 - openevolve.controller - INFO - Saved checkpoint at iteration 3 to openevolve_output/level1_70_conv_transposed_3D__asymmetric_input__square_kernel/checkpoints/checkpoint_3
2025-08-08 18:55:12,883 - openevolve.RemoteSpeedupEvaluator - INFO - [level1_70_conv_transposed_3D__asymmetric_input__square_kernel] triton key words check pass
2025-08-08 18:55:12,885 - openevolve.RemoteSpeedupEvaluator - INFO - [level1_70_conv_transposed_3D__asymmetric_input__square_kernel] verify_plus payload: reference_code(2413 chars) + custom_code(9208 chars)
2025-08-08 18:55:15,993 - openevolve.RemoteSpeedupEvaluator - INFO - [level1_70_conv_transposed_3D__asymmetric_input__square_kernel] verify_plus request success
2025-08-08 18:55:15,993 - openevolve.RemoteSpeedupEvaluator - INFO - [level1_70_conv_transposed_3D__asymmetric_input__square_kernel] verify_plus response: {"id":"level1_70_conv_transposed_3D__asymmetric_input__square_kernel","result":{"compiled":true,"correctness":false,"metadata":{"hardware":"NVIDIA L20Y","device":"cuda:4","runtime_error":"Traceback (most recent call last):\n  File \"/cpfs01/shared/llm_kernel/hujiakai/KernelLLM/validation_api_server/helpers/evaluations.py\", line 720, in run_and_check_correctness\n    output_new = model_new(*inputs)\n  File \"/home/lijiaxing/.conda/envs/api/lib/python3.10/site-packages/torch/nn/modules/module.py\", line 1773, in _wrapped_call_impl\n    return self._call_impl(*args, **kwargs)\n  File \"/home/lijiaxing/.conda/envs/api/lib/python3.10/site-packages/torch/nn/modules/module.py\", line 1784, in _call_impl\n    return forward_call(*args, **kwargs)\n  File \"/tmp/tmpf6zjm1ji.py\", line 56, in forwar
2025-08-08 18:55:15,993 - openevolve.RemoteSpeedupEvaluator - INFO - [level1_70_conv_transposed_3D__asymmetric_input__square_kernel] âœ˜ wrong_answer
2025-08-08 18:55:15,994 - openevolve.evaluator - INFO - Evaluated program 874985b9-22d4-4f1a-a506-8094dad41aed in 3.11s: compiled=1.0000, correctness=0.0000, score=10.0000, stage=wrong_answer, verify_payload={'id': 'level1_70_conv_transposed_3D__asymmetric_input__square_kernel', 'result': {'compiled': True, 'correctness': False, 'metadata': {'hardware': 'NVIDIA L20Y', 'device': 'cuda:4', 'runtime_error': 'Traceback (most recent call last):\n  File "/cpfs01/shared/llm_kernel/hujiakai/KernelLLM/validation_api_server/helpers/evaluations.py", line 720, in run_and_check_correctness\n    output_new = model_new(*inputs)\n  File "/home/lijiaxing/.conda/envs/api/lib/python3.10/site-packages/torch/nn/modules/module.py", line 1773, in _wrapped_call_impl\n    return self._call_impl(*args, **kwargs)\n  File "/home/lijiaxing/.conda/envs/api/lib/python3.10/site-packages/torch/nn/modules/module.py", line 1784, in _call_impl\n    return forward_call(*args, **kwargs)\n  File "/tmp/tmpf6zjm1ji.py", line 56, in forward\n    _conv_transpose3d_kernel[grid](\n  File "/home/lijiaxing/.conda/envs/api/lib/python3.10/site-packages/triton/runtime/jit.py", line 390, in <lambda>\n    return lambda *args, **kwargs: self.run(grid=grid, warmup=False, *args, **kwargs)\n  File "/home/lijiaxing/.conda/envs/api/lib/python3.10/site-packages/triton/runtime/autotuner.py", line 239, in run\n    benchmark()\n  File "/home/lijiaxing/.conda/envs/api/lib/python3.10/site-packages/triton/runtime/autotuner.py", line 228, in benchmark\n    timings = {config: self._bench(*args, config=config, **kwargs) for config in pruned_configs}\n  File "/home/lijiaxing/.conda/envs/api/lib/python3.10/site-packages/triton/runtime/autotuner.py", line 228, in <dictcomp>\n    timings = {config: self._bench(*args, config=config, **kwargs) for config in pruned_configs}\n  File "/home/lijiaxing/.conda/envs/api/lib/python3.10/site-packages/triton/runtime/autotuner.py", line 135, in _bench\n    raise ValueError(f"Conflicting meta-parameters: {\', \'.join(conflicts)}."\nValueError: Conflicting meta-parameters: BLOCK_W, BLOCK_C, BLOCK_H, BLOCK_D. Make sure that you don\'t re-define auto-tuned symbols.\n', 'runtime_error_name': 'builtins.ValueError', 'reference_timing_ms': 0.0497, 'speed_up': -1.0, 'custom_timing': -1.0}, 'runtime': -1.0, 'runtime_stats': {}}}
2025-08-08 18:55:15,997 - openevolve.llm.ensemble - INFO - Sampled model: deepseek
2025-08-08 18:55:16,009 - openevolve.threaded_parallel - INFO - Iteration 6: Program 874985b9-22d4-4f1a-a506-8094dad41aed (parent: 13c028c7-e11e-468f-b62d-0c8664d1afbe) completed in 888.34s
2025-08-08 18:55:16,010 - openevolve.threaded_parallel - INFO - Metrics: compiled=1.0000, correctness=0.0000, score=10.0000, stage=wrong_answer, verify_payload={'id': 'level1_70_conv_transposed_3D__asymmetric_input__square_kernel', 'result': {'compiled': True, 'correctness': False, 'metadata': {'hardware': 'NVIDIA L20Y', 'device': 'cuda:4', 'runtime_error': 'Traceback (most recent call last):\n  File "/cpfs01/shared/llm_kernel/hujiakai/KernelLLM/validation_api_server/helpers/evaluations.py", line 720, in run_and_check_correctness\n    output_new = model_new(*inputs)\n  File "/home/lijiaxing/.conda/envs/api/lib/python3.10/site-packages/torch/nn/modules/module.py", line 1773, in _wrapped_call_impl\n    return self._call_impl(*args, **kwargs)\n  File "/home/lijiaxing/.conda/envs/api/lib/python3.10/site-packages/torch/nn/modules/module.py", line 1784, in _call_impl\n    return forward_call(*args, **kwargs)\n  File "/tmp/tmpf6zjm1ji.py", line 56, in forward\n    _conv_transpose3d_kernel[grid](\n  File "/home/lijiaxing/.conda/envs/api/lib/python3.10/site-packages/triton/runtime/jit.py", line 390, in <lambda>\n    return lambda *args, **kwargs: self.run(grid=grid, warmup=False, *args, **kwargs)\n  File "/home/lijiaxing/.conda/envs/api/lib/python3.10/site-packages/triton/runtime/autotuner.py", line 239, in run\n    benchmark()\n  File "/home/lijiaxing/.conda/envs/api/lib/python3.10/site-packages/triton/runtime/autotuner.py", line 228, in benchmark\n    timings = {config: self._bench(*args, config=config, **kwargs) for config in pruned_configs}\n  File "/home/lijiaxing/.conda/envs/api/lib/python3.10/site-packages/triton/runtime/autotuner.py", line 228, in <dictcomp>\n    timings = {config: self._bench(*args, config=config, **kwargs) for config in pruned_configs}\n  File "/home/lijiaxing/.conda/envs/api/lib/python3.10/site-packages/triton/runtime/autotuner.py", line 135, in _bench\n    raise ValueError(f"Conflicting meta-parameters: {\', \'.join(conflicts)}."\nValueError: Conflicting meta-parameters: BLOCK_W, BLOCK_C, BLOCK_H, BLOCK_D. Make sure that you don\'t re-define auto-tuned symbols.\n', 'runtime_error_name': 'builtins.ValueError', 'reference_timing_ms': 0.0497, 'speed_up': -1.0, 'custom_timing': -1.0}, 'runtime': -1.0, 'runtime_stats': {}}}
2025-08-08 18:55:16,010 - openevolve.threaded_parallel - INFO - Checkpoint interval reached at iteration 6
2025-08-08 18:55:16,011 - openevolve.database - INFO - Island Status:
2025-08-08 18:55:16,011 - openevolve.database - INFO -    Island 0: 5 programs, best=10.0000, avg=8.0000, diversity=700.60, gen=3 (best: 51d0df94-f53c-4b6a-87a8-0eaf34adfbf2)
2025-08-08 18:55:16,011 - openevolve.database - INFO -    Island 1: 2 programs, best=10.0000, avg=10.0000, diversity=144.80, gen=2 (best: 4aa4bcf3-4e1a-46a9-aad7-dacae316c18d)
2025-08-08 18:55:16,011 - openevolve.database - INFO -  * Island 2: 1 programs, best=10.0000, avg=10.0000, diversity=0.00, gen=2 (best: 2315a224-c9c5-4e6c-b1f0-093aaaf983de)
2025-08-08 18:55:16,136 - openevolve.database - INFO - Saved database with 8 programs to openevolve_output/level1_70_conv_transposed_3D__asymmetric_input__square_kernel/checkpoints/checkpoint_6
2025-08-08 18:55:16,157 - openevolve.controller - INFO - Saved best program at checkpoint 6 with metrics: compiled=1.0000, correctness=0.0000, score=10.0000, stage=wrong_answer, verify_payload={'id': 'level1_70_conv_transposed_3D__asymmetric_input__square_kernel', 'result': {'compiled': True, 'correctness': False, 'metadata': {'hardware': 'NVIDIA L20Y', 'device': 'cuda:5', 'runtime_error': 'Traceback (most recent call last):\n  File "/home/lijiaxing/.conda/envs/api/lib/python3.10/site-packages/triton/language/core.py", line 42, in wrapper\n    return fn(*args, **kwargs)\n  File "/home/lijiaxing/.conda/envs/api/lib/python3.10/site-packages/triton/language/core.py", line 1630, in program_id\n    return _semantic.program_id(axis)\n  File "/home/lijiaxing/.conda/envs/api/lib/python3.10/site-packages/triton/language/semantic.py", line 40, in program_id\n    raise ValueError(f"program_id axis must be 0, 1, or 2 but got {axis}")\nValueError: program_id axis must be 0, 1, or 2 but got 3\n\nThe above exception was the direct cause of the following exception:\n\nTraceback (most recent call last):\n  File "/cpfs01/shared/llm_kernel/hujiakai/KernelLLM/validation_api_server/helpers/evaluations.py", line 720, in run_and_check_correctness\n    output_new = model_new(*inputs)\n  File "/home/lijiaxing/.conda/envs/api/lib/python3.10/site-packages/torch/nn/modules/module.py", line 1773, in _wrapped_call_impl\n    return self._call_impl(*args, **kwargs)\n  File "/home/lijiaxing/.conda/envs/api/lib/python3.10/site-packages/torch/nn/modules/module.py", line 1784, in _call_impl\n    return forward_call(*args, **kwargs)\n  File "/tmp/tmp9vd736dm.py", line 173, in forward\n    conv_transpose3d_kernel[grid](\n  File "/home/lijiaxing/.conda/envs/api/lib/python3.10/site-packages/triton/runtime/jit.py", line 390, in <lambda>\n    return lambda *args, **kwargs: self.run(grid=grid, warmup=False, *args, **kwargs)\n  File "/home/lijiaxing/.conda/envs/api/lib/python3.10/site-packages/triton/runtime/jit.py", line 594, in run\n    kernel = self.compile(src, target=target, options=options.__dict__)\n  File "/home/lijiaxing/.conda/envs/api/lib/python3.10/site-packages/triton/compiler/compiler.py", line 339, in compile\n    module = src.make_ir(options, codegen_fns, module_map, context)\n  File "/home/lijiaxing/.conda/envs/api/lib/python3.10/site-packages/triton/compiler/compiler.py", line 83, in make_ir\n    return ast_to_ttir(self.fn, self, context=context, options=options, codegen_fns=codegen_fns,\ntriton.compiler.errors.CompilationError: at 24:12:\n    stride_w_oc, stride_w_ic, stride_w_d, stride_w_h, stride_w_k,\n    stride_out_b, stride_out_c, stride_out_d, stride_out_h, stride_out_w,\n    BLOCK_SIZE_C: tl.constexpr,\n    BLOCK_SIZE_D: tl.constexpr,\n    BLOCK_SIZE_H: tl.constexpr,\n    BLOCK_SIZE_W: tl.constexpr,\n):\n    # Program indices\n    pid_b = tl.program_id(0)\n    pid_d = tl.program_id(1)\n    pid_h = tl.program_id(2)\n    pid_w = tl.program_id(3)\n            ^\n\n\nThe above exception was the direct cause of the following exception:\n\nTraceback (most recent call last):\n  File "/home/lijiaxing/.conda/envs/api/lib/python3.10/site-packages/triton/language/core.py", line 42, in wrapper\n    return fn(*args, **kwargs)\n  File "/home/lijiaxing/.conda/envs/api/lib/python3.10/site-packages/triton/language/core.py", line 1630, in program_id\n    return _semantic.program_id(axis)\n  File "/home/lijiaxing/.conda/envs/api/lib/python3.10/site-packages/triton/language/semantic.py", line 40, in program_id\n    raise ValueError(f"program_id axis must be 0, 1, or 2 but got {axis}")\nValueError: program_id axis must be 0, 1, or 2 but got 3\n', 'runtime_error_name': 'triton.compiler.errors.CompilationError', 'reference_timing_ms': 0.0497, 'speed_up': -1.0, 'custom_timing': -1.0}, 'runtime': -1.0, 'runtime_stats': {}}}
2025-08-08 18:55:16,157 - openevolve.controller - INFO - Saved checkpoint at iteration 6 to openevolve_output/level1_70_conv_transposed_3D__asymmetric_input__square_kernel/checkpoints/checkpoint_6
2025-08-08 19:01:30,950 - openevolve.RemoteSpeedupEvaluator - INFO - [level1_70_conv_transposed_3D__asymmetric_input__square_kernel] triton key words check pass
2025-08-08 19:01:30,952 - openevolve.RemoteSpeedupEvaluator - INFO - [level1_70_conv_transposed_3D__asymmetric_input__square_kernel] verify_plus payload: reference_code(2413 chars) + custom_code(9247 chars)
2025-08-08 19:01:33,892 - openevolve.RemoteSpeedupEvaluator - INFO - [level1_70_conv_transposed_3D__asymmetric_input__square_kernel] verify_plus request success
2025-08-08 19:01:33,892 - openevolve.RemoteSpeedupEvaluator - INFO - [level1_70_conv_transposed_3D__asymmetric_input__square_kernel] verify_plus response: {"id":"level1_70_conv_transposed_3D__asymmetric_input__square_kernel","result":{"compiled":true,"correctness":false,"metadata":{"hardware":"NVIDIA L20Y","device":"cuda:6","runtime_error":"Traceback (most recent call last):\n  File \"/cpfs01/shared/llm_kernel/hujiakai/KernelLLM/validation_api_server/helpers/evaluations.py\", line 720, in run_and_check_correctness\n    output_new = model_new(*inputs)\n  File \"/home/lijiaxing/.conda/envs/api/lib/python3.10/site-packages/torch/nn/modules/module.py\", line 1773, in _wrapped_call_impl\n    return self._call_impl(*args, **kwargs)\n  File \"/home/lijiaxing/.conda/envs/api/lib/python3.10/site-packages/torch/nn/modules/module.py\", line 1784, in _call_impl\n    return forward_call(*args, **kwargs)\n  File \"/tmp/tmp30veogaq.py\", line 56, in forwar
2025-08-08 19:01:33,892 - openevolve.RemoteSpeedupEvaluator - INFO - [level1_70_conv_transposed_3D__asymmetric_input__square_kernel] âœ˜ wrong_answer
2025-08-08 19:01:33,892 - openevolve.evaluator - INFO - Evaluated program 7f2501f9-4512-4475-9671-6344e48328c9 in 2.94s: compiled=1.0000, correctness=0.0000, score=10.0000, stage=wrong_answer, verify_payload={'id': 'level1_70_conv_transposed_3D__asymmetric_input__square_kernel', 'result': {'compiled': True, 'correctness': False, 'metadata': {'hardware': 'NVIDIA L20Y', 'device': 'cuda:6', 'runtime_error': 'Traceback (most recent call last):\n  File "/cpfs01/shared/llm_kernel/hujiakai/KernelLLM/validation_api_server/helpers/evaluations.py", line 720, in run_and_check_correctness\n    output_new = model_new(*inputs)\n  File "/home/lijiaxing/.conda/envs/api/lib/python3.10/site-packages/torch/nn/modules/module.py", line 1773, in _wrapped_call_impl\n    return self._call_impl(*args, **kwargs)\n  File "/home/lijiaxing/.conda/envs/api/lib/python3.10/site-packages/torch/nn/modules/module.py", line 1784, in _call_impl\n    return forward_call(*args, **kwargs)\n  File "/tmp/tmp30veogaq.py", line 56, in forward\n    _conv_transpose3d_kernel[grid](\n  File "/home/lijiaxing/.conda/envs/api/lib/python3.10/site-packages/triton/runtime/jit.py", line 390, in <lambda>\n    return lambda *args, **kwargs: self.run(grid=grid, warmup=False, *args, **kwargs)\n  File "/home/lijiaxing/.conda/envs/api/lib/python3.10/site-packages/triton/runtime/autotuner.py", line 239, in run\n    benchmark()\n  File "/home/lijiaxing/.conda/envs/api/lib/python3.10/site-packages/triton/runtime/autotuner.py", line 228, in benchmark\n    timings = {config: self._bench(*args, config=config, **kwargs) for config in pruned_configs}\n  File "/home/lijiaxing/.conda/envs/api/lib/python3.10/site-packages/triton/runtime/autotuner.py", line 228, in <dictcomp>\n    timings = {config: self._bench(*args, config=config, **kwargs) for config in pruned_configs}\n  File "/home/lijiaxing/.conda/envs/api/lib/python3.10/site-packages/triton/runtime/autotuner.py", line 135, in _bench\n    raise ValueError(f"Conflicting meta-parameters: {\', \'.join(conflicts)}."\nValueError: Conflicting meta-parameters: BLOCK_D, BLOCK_W, BLOCK_C, BLOCK_H. Make sure that you don\'t re-define auto-tuned symbols.\n', 'runtime_error_name': 'builtins.ValueError', 'reference_timing_ms': 0.0497, 'speed_up': -1.0, 'custom_timing': -1.0}, 'runtime': -1.0, 'runtime_stats': {}}}
2025-08-08 19:01:33,896 - openevolve.llm.ensemble - INFO - Sampled model: deepseek
2025-08-08 19:01:33,907 - openevolve.threaded_parallel - INFO - Iteration 8: Program 7f2501f9-4512-4475-9671-6344e48328c9 (parent: 13c028c7-e11e-468f-b62d-0c8664d1afbe) completed in 816.51s
2025-08-08 19:01:33,907 - openevolve.threaded_parallel - INFO - Metrics: compiled=1.0000, correctness=0.0000, score=10.0000, stage=wrong_answer, verify_payload={'id': 'level1_70_conv_transposed_3D__asymmetric_input__square_kernel', 'result': {'compiled': True, 'correctness': False, 'metadata': {'hardware': 'NVIDIA L20Y', 'device': 'cuda:6', 'runtime_error': 'Traceback (most recent call last):\n  File "/cpfs01/shared/llm_kernel/hujiakai/KernelLLM/validation_api_server/helpers/evaluations.py", line 720, in run_and_check_correctness\n    output_new = model_new(*inputs)\n  File "/home/lijiaxing/.conda/envs/api/lib/python3.10/site-packages/torch/nn/modules/module.py", line 1773, in _wrapped_call_impl\n    return self._call_impl(*args, **kwargs)\n  File "/home/lijiaxing/.conda/envs/api/lib/python3.10/site-packages/torch/nn/modules/module.py", line 1784, in _call_impl\n    return forward_call(*args, **kwargs)\n  File "/tmp/tmp30veogaq.py", line 56, in forward\n    _conv_transpose3d_kernel[grid](\n  File "/home/lijiaxing/.conda/envs/api/lib/python3.10/site-packages/triton/runtime/jit.py", line 390, in <lambda>\n    return lambda *args, **kwargs: self.run(grid=grid, warmup=False, *args, **kwargs)\n  File "/home/lijiaxing/.conda/envs/api/lib/python3.10/site-packages/triton/runtime/autotuner.py", line 239, in run\n    benchmark()\n  File "/home/lijiaxing/.conda/envs/api/lib/python3.10/site-packages/triton/runtime/autotuner.py", line 228, in benchmark\n    timings = {config: self._bench(*args, config=config, **kwargs) for config in pruned_configs}\n  File "/home/lijiaxing/.conda/envs/api/lib/python3.10/site-packages/triton/runtime/autotuner.py", line 228, in <dictcomp>\n    timings = {config: self._bench(*args, config=config, **kwargs) for config in pruned_configs}\n  File "/home/lijiaxing/.conda/envs/api/lib/python3.10/site-packages/triton/runtime/autotuner.py", line 135, in _bench\n    raise ValueError(f"Conflicting meta-parameters: {\', \'.join(conflicts)}."\nValueError: Conflicting meta-parameters: BLOCK_D, BLOCK_W, BLOCK_C, BLOCK_H. Make sure that you don\'t re-define auto-tuned symbols.\n', 'runtime_error_name': 'builtins.ValueError', 'reference_timing_ms': 0.0497, 'speed_up': -1.0, 'custom_timing': -1.0}, 'runtime': -1.0, 'runtime_stats': {}}}
2025-08-08 19:12:38,113 - openevolve.RemoteSpeedupEvaluator - INFO - [level1_70_conv_transposed_3D__asymmetric_input__square_kernel] triton key words check pass
2025-08-08 19:12:38,114 - openevolve.RemoteSpeedupEvaluator - INFO - [level1_70_conv_transposed_3D__asymmetric_input__square_kernel] triton key words check pass
2025-08-08 19:12:38,116 - openevolve.RemoteSpeedupEvaluator - INFO - [level1_70_conv_transposed_3D__asymmetric_input__square_kernel] verify_plus payload: reference_code(2413 chars) + custom_code(8549 chars)
2025-08-08 19:12:38,116 - openevolve.RemoteSpeedupEvaluator - INFO - [level1_70_conv_transposed_3D__asymmetric_input__square_kernel] verify_plus payload: reference_code(2413 chars) + custom_code(8652 chars)
2025-08-08 19:12:54,329 - openevolve.RemoteSpeedupEvaluator - INFO - [level1_70_conv_transposed_3D__asymmetric_input__square_kernel] verify_plus request success
2025-08-08 19:12:54,330 - openevolve.RemoteSpeedupEvaluator - INFO - [level1_70_conv_transposed_3D__asymmetric_input__square_kernel] verify_plus response: {"id":"level1_70_conv_transposed_3D__asymmetric_input__square_kernel","result":{"compiled":true,"correctness":false,"metadata":{"hardware":"NVIDIA L20Y","device":"cuda:3","runtime_error":"Traceback (most recent call last):\n  File \"/cpfs01/shared/llm_kernel/hujiakai/KernelLLM/validation_api_server/helpers/evaluations.py\", line 720, in run_and_check_correctness\n    output_new = model_new(*inputs)\n  File \"/home/lijiaxing/.conda/envs/api/lib/python3.10/site-packages/torch/nn/modules/module.py\", line 1773, in _wrapped_call_impl\n    return self._call_impl(*args, **kwargs)\n  File \"/home/lijiaxing/.conda/envs/api/lib/python3.10/site-packages/torch/nn/modules/module.py\", line 1784, in _call_impl\n    return forward_call(*args, **kwargs)\n  File \"/tmp/tmplqqfl56j.py\", line 182, in forwa
2025-08-08 19:12:54,330 - openevolve.RemoteSpeedupEvaluator - INFO - [level1_70_conv_transposed_3D__asymmetric_input__square_kernel] âœ˜ wrong_answer
2025-08-08 19:12:54,330 - openevolve.evaluator - INFO - Evaluated program 6505213e-e6e0-4d2e-8178-31c3b8ebbb8f in 16.22s: compiled=1.0000, correctness=0.0000, score=10.0000, stage=wrong_answer, verify_payload={'id': 'level1_70_conv_transposed_3D__asymmetric_input__square_kernel', 'result': {'compiled': True, 'correctness': False, 'metadata': {'hardware': 'NVIDIA L20Y', 'device': 'cuda:3', 'runtime_error': 'Traceback (most recent call last):\n  File "/cpfs01/shared/llm_kernel/hujiakai/KernelLLM/validation_api_server/helpers/evaluations.py", line 720, in run_and_check_correctness\n    output_new = model_new(*inputs)\n  File "/home/lijiaxing/.conda/envs/api/lib/python3.10/site-packages/torch/nn/modules/module.py", line 1773, in _wrapped_call_impl\n    return self._call_impl(*args, **kwargs)\n  File "/home/lijiaxing/.conda/envs/api/lib/python3.10/site-packages/torch/nn/modules/module.py", line 1784, in _call_impl\n    return forward_call(*args, **kwargs)\n  File "/tmp/tmplqqfl56j.py", line 182, in forward\n    conv_transpose3d_kernel[grid](\n  File "/home/lijiaxing/.conda/envs/api/lib/python3.10/site-packages/triton/runtime/jit.py", line 390, in <lambda>\n    return lambda *args, **kwargs: self.run(grid=grid, warmup=False, *args, **kwargs)\n  File "/home/lijiaxing/.conda/envs/api/lib/python3.10/site-packages/triton/runtime/jit.py", line 594, in run\n    kernel = self.compile(src, target=target, options=options.__dict__)\n  File "/home/lijiaxing/.conda/envs/api/lib/python3.10/site-packages/triton/compiler/compiler.py", line 339, in compile\n    module = src.make_ir(options, codegen_fns, module_map, context)\n  File "/home/lijiaxing/.conda/envs/api/lib/python3.10/site-packages/triton/compiler/compiler.py", line 83, in make_ir\n    return ast_to_ttir(self.fn, self, context=context, options=options, codegen_fns=codegen_fns,\ntriton.compiler.errors.CompilationError: def conv_transpose3d_kernel(\n    x_ptr,\n    weight_ptr,\n    output_ptr,\n    B, C_in, C_out,\n    D_in, H_in, W_in,\n    D_out, H_out, W_out,\n    kernel_size,\n    stride,\n    padding,\n    dilation,\n    stride_x_b, stride_x_c, stride_x_d, stride_x_h, stride_x_w,\n    stride_w_oc, stride_w_ic, stride_w_d, stride_w_h, stride_w_k,\n    stride_out_b, stride_out_c, stride_out_d, stride_out_h, stride_out_w,\n    num_blocks_d, num_blocks_h, num_blocks_w,\n    BLOCK_SIZE_C: tl.constexpr,\n    BLOCK_SIZE_D: tl.constexpr,\n    BLOCK_SIZE_H: tl.constexpr,\n    BLOCK_SIZE_W: tl.constexpr,\n):\n    # Program indices\n    pid_b = tl.program_id(0)\n    pid_cb = tl.program_id(1)\n    pid_spatial = tl.program_id(2)\n\n    # Decompose spatial block index\n    total_blocks_hw = num_blocks_h * num_blocks_w\n    block_idx_d = pid_spatial // total_blocks_hw\n    remainder = pid_spatial % total_blocks_hw\n    block_idx_h = remainder // num_blocks_w\n    block_idx_w = remainder % num_blocks_w\n\n    # Create block ranges\n    c_offsets = pid_cb * BLOCK_SIZE_C + tl.arange(0, BLOCK_SIZE_C)\n    d_offsets = block_idx_d * BLOCK_SIZE_D + tl.arange(0, BLOCK_SIZE_D)\n    h_offsets = block_idx_h * BLOCK_SIZE_H + tl.arange(0, BLOCK_SIZE_H)\n    w_offsets = block_idx_w * BLOCK_SIZE_W + tl.arange(0, BLOCK_SIZE_W)\n\n    # Initialize accumulator\n    acc = tl.zeros((BLOCK_SIZE_C, BLOCK_SIZE_D, BLOCK_SIZE_H, BLOCK_SIZE_W), dtype=tl.float32)\n\n    # Iterate over kernel dimensions\n    for di in range(kernel_size):\n        for dj in range(kernel_size):\n            for dk in range(kernel_size):\n                # Compute input indices\n                d_in = (d_offsets[:, None, None, None] - di * dilation + padding) // stride\n                h_in = (h_offsets[None, :, None, None] - dj * dilation + padding) // stride\n                w_in = (w_offsets[None, None, :, None] - dk * dilation + padding) // stride\n\n                # Check bounds and divisibility\n                d_mask = (d_in >= 0) & (d_in < D_in) & (d_in * stride == d_offsets[:, None, None, None] - di * dilation + padding)\n                h_mask = (h_in >= 0) & (h_in < H_in) & (h_in * stride == h_offsets[None, :, None, None] - dj * dilation + padding)\n                w_mask = (w_in >= 0) & (w_in < W_in) & (w_in * stride == w_offsets[None, None, :, None] - dk * dilation + padding)\n                valid_mask = d_mask & h_mask & w_mask\n\n                # Adjust out-of-bound indices\n                d_in = tl.where(d_mask, d_in, 0)\n                h_in = tl.where(h_mask, h_in, 0)\n                w_in = tl.where(w_mask, w_in, 0)\n\n                # Iterate over input channels\n                for c_in in range(0, C_in):\n                    # Compute input pointer offsets\n                    x_offset = (\n                        pid_b * stride_x_b + \n                        c_in * stride_x_c + \n                        d_in * stride_x_d + \n                        h_in * stride_x_h + \n                        w_in * stride_x_w\n                    )\n                    x_val = tl.load(x_ptr + x_offset, mask=valid_mask, other=0.0)\n\n                    # Compute weight pointer offsets\n                    w_offset = (\n                        c_offsets[None, None, None, :] * stride_w_oc + \n                        c_in * stride_w_ic + \n                        di * stride_w_d + \n                        dj * stride_w_h + \n                        dk * stride_w_k\n                    )\n                    w_val = tl.load(weight_ptr + w_offset)\n\n                    # Accumulate with explicit broadcasting\n                    acc += w_val[:, None, None, None] * x_val[None, :, :, :]\n\n    # Store output\n    for c in range(BLOCK_SIZE_C):\n        for d in range(BLOCK_SIZE_D):\n            for h in range(BLOCK_SIZE_H):\n                for w in range(BLOCK_SIZE_W):\n                    c_idx = c_offsets[c]\n                    d_idx = d_offsets[d]\n                    h_idx = h_offsets[h]\n                    w_idx = w_offsets[w]\n\n                    if c_idx < C_out and d_idx < D_out and h_idx < H_out and w_idx < W_out:\n                        out_offset = (\n                            pid_b * stride_out_b + \n                            c_idx * stride_out_c + \n                            d_idx * stride_out_d + \n                            h_idx * stride_out_h + \n                            w_idx * stride_out_w\n                        )\n                        tl.store(output_ptr + out_offset, acc[c, d, h, w])\n\nValueError(\'Cannot make_shape_compatible: incompatible dimensions at index 3: 16 and 4\')\n\n\nThe above exception was the direct cause of the following exception:\n\nTraceback (most recent call last):\n  File "/home/lijiaxing/.conda/envs/api/lib/python3.10/site-packages/triton/language/core.py", line 42, in wrapper\n    return fn(*args, **kwargs)\n  File "/home/lijiaxing/.conda/envs/api/lib/python3.10/site-packages/triton/language/core.py", line 900, in __add__\n    return add(self, other, sanitize_overflow=True, _semantic=_semantic)\n  File "/home/lijiaxing/.conda/envs/api/lib/python3.10/site-packages/triton/language/core.py", line 42, in wrapper\n    return fn(*args, **kwargs)\n  File "/home/lijiaxing/.conda/envs/api/lib/python3.10/site-packages/triton/language/core.py", line 2468, in add\n    return _semantic.add(x, y, sanitize_overflow)\n  File "/home/lijiaxing/.conda/envs/api/lib/python3.10/site-packages/triton/language/semantic.py", line 226, in add\n    input, other = self.binary_op_type_checking_impl(input, other, True, True)\n  File "/home/lijiaxing/.conda/envs/api/lib/python3.10/site-packages/triton/language/semantic.py", line 203, in binary_op_type_checking_impl\n    lhs, rhs = self.broadcast_impl_value(lhs, rhs)\n  File "/home/lijiaxing/.conda/envs/api/lib/python3.10/site-packages/triton/language/semantic.py", line 749, in broadcast_impl_value\n    raise ValueError("Cannot make_shape_compatible: incompatible dimensions "\nValueError: Cannot make_shape_compatible: incompatible dimensions at index 3: 16 and 4\n', 'runtime_error_name': 'triton.compiler.errors.CompilationError', 'reference_timing_ms': 0.0497, 'speed_up': -1.0, 'custom_timing': -1.0}, 'runtime': -1.0, 'runtime_stats': {}}}
2025-08-08 19:12:54,334 - openevolve.llm.ensemble - INFO - Sampled model: deepseek
2025-08-08 19:12:54,345 - openevolve.threaded_parallel - INFO - Iteration 9: Program 6505213e-e6e0-4d2e-8178-31c3b8ebbb8f (parent: 4aa4bcf3-4e1a-46a9-aad7-dacae316c18d) completed in 1058.33s
2025-08-08 19:12:54,346 - openevolve.threaded_parallel - INFO - Metrics: compiled=1.0000, correctness=0.0000, score=10.0000, stage=wrong_answer, verify_payload={'id': 'level1_70_conv_transposed_3D__asymmetric_input__square_kernel', 'result': {'compiled': True, 'correctness': False, 'metadata': {'hardware': 'NVIDIA L20Y', 'device': 'cuda:3', 'runtime_error': 'Traceback (most recent call last):\n  File "/cpfs01/shared/llm_kernel/hujiakai/KernelLLM/validation_api_server/helpers/evaluations.py", line 720, in run_and_check_correctness\n    output_new = model_new(*inputs)\n  File "/home/lijiaxing/.conda/envs/api/lib/python3.10/site-packages/torch/nn/modules/module.py", line 1773, in _wrapped_call_impl\n    return self._call_impl(*args, **kwargs)\n  File "/home/lijiaxing/.conda/envs/api/lib/python3.10/site-packages/torch/nn/modules/module.py", line 1784, in _call_impl\n    return forward_call(*args, **kwargs)\n  File "/tmp/tmplqqfl56j.py", line 182, in forward\n    conv_transpose3d_kernel[grid](\n  File "/home/lijiaxing/.conda/envs/api/lib/python3.10/site-packages/triton/runtime/jit.py", line 390, in <lambda>\n    return lambda *args, **kwargs: self.run(grid=grid, warmup=False, *args, **kwargs)\n  File "/home/lijiaxing/.conda/envs/api/lib/python3.10/site-packages/triton/runtime/jit.py", line 594, in run\n    kernel = self.compile(src, target=target, options=options.__dict__)\n  File "/home/lijiaxing/.conda/envs/api/lib/python3.10/site-packages/triton/compiler/compiler.py", line 339, in compile\n    module = src.make_ir(options, codegen_fns, module_map, context)\n  File "/home/lijiaxing/.conda/envs/api/lib/python3.10/site-packages/triton/compiler/compiler.py", line 83, in make_ir\n    return ast_to_ttir(self.fn, self, context=context, options=options, codegen_fns=codegen_fns,\ntriton.compiler.errors.CompilationError: def conv_transpose3d_kernel(\n    x_ptr,\n    weight_ptr,\n    output_ptr,\n    B, C_in, C_out,\n    D_in, H_in, W_in,\n    D_out, H_out, W_out,\n    kernel_size,\n    stride,\n    padding,\n    dilation,\n    stride_x_b, stride_x_c, stride_x_d, stride_x_h, stride_x_w,\n    stride_w_oc, stride_w_ic, stride_w_d, stride_w_h, stride_w_k,\n    stride_out_b, stride_out_c, stride_out_d, stride_out_h, stride_out_w,\n    num_blocks_d, num_blocks_h, num_blocks_w,\n    BLOCK_SIZE_C: tl.constexpr,\n    BLOCK_SIZE_D: tl.constexpr,\n    BLOCK_SIZE_H: tl.constexpr,\n    BLOCK_SIZE_W: tl.constexpr,\n):\n    # Program indices\n    pid_b = tl.program_id(0)\n    pid_cb = tl.program_id(1)\n    pid_spatial = tl.program_id(2)\n\n    # Decompose spatial block index\n    total_blocks_hw = num_blocks_h * num_blocks_w\n    block_idx_d = pid_spatial // total_blocks_hw\n    remainder = pid_spatial % total_blocks_hw\n    block_idx_h = remainder // num_blocks_w\n    block_idx_w = remainder % num_blocks_w\n\n    # Create block ranges\n    c_offsets = pid_cb * BLOCK_SIZE_C + tl.arange(0, BLOCK_SIZE_C)\n    d_offsets = block_idx_d * BLOCK_SIZE_D + tl.arange(0, BLOCK_SIZE_D)\n    h_offsets = block_idx_h * BLOCK_SIZE_H + tl.arange(0, BLOCK_SIZE_H)\n    w_offsets = block_idx_w * BLOCK_SIZE_W + tl.arange(0, BLOCK_SIZE_W)\n\n    # Initialize accumulator\n    acc = tl.zeros((BLOCK_SIZE_C, BLOCK_SIZE_D, BLOCK_SIZE_H, BLOCK_SIZE_W), dtype=tl.float32)\n\n    # Iterate over kernel dimensions\n    for di in range(kernel_size):\n        for dj in range(kernel_size):\n            for dk in range(kernel_size):\n                # Compute input indices\n                d_in = (d_offsets[:, None, None, None] - di * dilation + padding) // stride\n                h_in = (h_offsets[None, :, None, None] - dj * dilation + padding) // stride\n                w_in = (w_offsets[None, None, :, None] - dk * dilation + padding) // stride\n\n                # Check bounds and divisibility\n                d_mask = (d_in >= 0) & (d_in < D_in) & (d_in * stride == d_offsets[:, None, None, None] - di * dilation + padding)\n                h_mask = (h_in >= 0) & (h_in < H_in) & (h_in * stride == h_offsets[None, :, None, None] - dj * dilation + padding)\n                w_mask = (w_in >= 0) & (w_in < W_in) & (w_in * stride == w_offsets[None, None, :, None] - dk * dilation + padding)\n                valid_mask = d_mask & h_mask & w_mask\n\n                # Adjust out-of-bound indices\n                d_in = tl.where(d_mask, d_in, 0)\n                h_in = tl.where(h_mask, h_in, 0)\n                w_in = tl.where(w_mask, w_in, 0)\n\n                # Iterate over input channels\n                for c_in in range(0, C_in):\n                    # Compute input pointer offsets\n                    x_offset = (\n                        pid_b * stride_x_b + \n                        c_in * stride_x_c + \n                        d_in * stride_x_d + \n                        h_in * stride_x_h + \n                        w_in * stride_x_w\n                    )\n                    x_val = tl.load(x_ptr + x_offset, mask=valid_mask, other=0.0)\n\n                    # Compute weight pointer offsets\n                    w_offset = (\n                        c_offsets[None, None, None, :] * stride_w_oc + \n                        c_in * stride_w_ic + \n                        di * stride_w_d + \n                        dj * stride_w_h + \n                        dk * stride_w_k\n                    )\n                    w_val = tl.load(weight_ptr + w_offset)\n\n                    # Accumulate with explicit broadcasting\n                    acc += w_val[:, None, None, None] * x_val[None, :, :, :]\n\n    # Store output\n    for c in range(BLOCK_SIZE_C):\n        for d in range(BLOCK_SIZE_D):\n            for h in range(BLOCK_SIZE_H):\n                for w in range(BLOCK_SIZE_W):\n                    c_idx = c_offsets[c]\n                    d_idx = d_offsets[d]\n                    h_idx = h_offsets[h]\n                    w_idx = w_offsets[w]\n\n                    if c_idx < C_out and d_idx < D_out and h_idx < H_out and w_idx < W_out:\n                        out_offset = (\n                            pid_b * stride_out_b + \n                            c_idx * stride_out_c + \n                            d_idx * stride_out_d + \n                            h_idx * stride_out_h + \n                            w_idx * stride_out_w\n                        )\n                        tl.store(output_ptr + out_offset, acc[c, d, h, w])\n\nValueError(\'Cannot make_shape_compatible: incompatible dimensions at index 3: 16 and 4\')\n\n\nThe above exception was the direct cause of the following exception:\n\nTraceback (most recent call last):\n  File "/home/lijiaxing/.conda/envs/api/lib/python3.10/site-packages/triton/language/core.py", line 42, in wrapper\n    return fn(*args, **kwargs)\n  File "/home/lijiaxing/.conda/envs/api/lib/python3.10/site-packages/triton/language/core.py", line 900, in __add__\n    return add(self, other, sanitize_overflow=True, _semantic=_semantic)\n  File "/home/lijiaxing/.conda/envs/api/lib/python3.10/site-packages/triton/language/core.py", line 42, in wrapper\n    return fn(*args, **kwargs)\n  File "/home/lijiaxing/.conda/envs/api/lib/python3.10/site-packages/triton/language/core.py", line 2468, in add\n    return _semantic.add(x, y, sanitize_overflow)\n  File "/home/lijiaxing/.conda/envs/api/lib/python3.10/site-packages/triton/language/semantic.py", line 226, in add\n    input, other = self.binary_op_type_checking_impl(input, other, True, True)\n  File "/home/lijiaxing/.conda/envs/api/lib/python3.10/site-packages/triton/language/semantic.py", line 203, in binary_op_type_checking_impl\n    lhs, rhs = self.broadcast_impl_value(lhs, rhs)\n  File "/home/lijiaxing/.conda/envs/api/lib/python3.10/site-packages/triton/language/semantic.py", line 749, in broadcast_impl_value\n    raise ValueError("Cannot make_shape_compatible: incompatible dimensions "\nValueError: Cannot make_shape_compatible: incompatible dimensions at index 3: 16 and 4\n', 'runtime_error_name': 'triton.compiler.errors.CompilationError', 'reference_timing_ms': 0.0497, 'speed_up': -1.0, 'custom_timing': -1.0}, 'runtime': -1.0, 'runtime_stats': {}}}
2025-08-08 19:12:54,346 - openevolve.threaded_parallel - INFO - Checkpoint interval reached at iteration 9
2025-08-08 19:12:54,347 - openevolve.database - INFO - Island Status:
2025-08-08 19:12:54,347 - openevolve.database - INFO -    Island 0: 6 programs, best=10.0000, avg=8.3333, diversity=399.63, gen=4 (best: 51d0df94-f53c-4b6a-87a8-0eaf34adfbf2)
2025-08-08 19:12:54,347 - openevolve.database - INFO -  * Island 1: 2 programs, best=10.0000, avg=10.0000, diversity=144.80, gen=3 (best: 4aa4bcf3-4e1a-46a9-aad7-dacae316c18d)
2025-08-08 19:12:54,347 - openevolve.database - INFO -    Island 2: 2 programs, best=10.0000, avg=10.0000, diversity=378.30, gen=2 (best: 2315a224-c9c5-4e6c-b1f0-093aaaf983de)
2025-08-08 19:12:54,465 - openevolve.RemoteSpeedupEvaluator - INFO - [level1_70_conv_transposed_3D__asymmetric_input__square_kernel] verify_plus request success
2025-08-08 19:12:54,466 - openevolve.RemoteSpeedupEvaluator - INFO - [level1_70_conv_transposed_3D__asymmetric_input__square_kernel] verify_plus response: {"id":"level1_70_conv_transposed_3D__asymmetric_input__square_kernel","result":{"compiled":true,"correctness":true,"metadata":{"hardware":"NVIDIA L20Y","device":"cuda:6","correctness_trials":"(5 / 5)","reference_timing_ms":0.0497,"speed_up":0.002,"custom_timing":26.5},"runtime":26.5,"runtime_stats":{"mean":26.5,"std":0.171,"min":26.2,"max":27.5,"num_trials":100,"hardware":"NVIDIA L20Y","device":"cuda:6"}}}
2025-08-08 19:12:54,466 - openevolve.RemoteSpeedupEvaluator - INFO - [level1_70_conv_transposed_3D__asymmetric_input__square_kernel] âœ” success | speed_up=0.002  score=20.00
2025-08-08 19:12:54,466 - openevolve.evaluator - INFO - Evaluated program 5cc97641-7e52-431f-abf3-dc1e383a872f in 16.36s: compiled=1.0000, correctness=1.0000, stage=success, passed=0.0000, score=20.0000, speed_up=0.0020, runtime_ms=26.5000, meta={'hardware': 'NVIDIA L20Y', 'device': 'cuda:6', 'correctness_trials': '(5 / 5)', 'reference_timing_ms': 0.0497, 'speed_up': 0.002, 'custom_timing': 26.5}
2025-08-08 19:12:54,469 - openevolve.llm.ensemble - INFO - Sampled model: deepseek
2025-08-08 19:12:54,489 - openevolve.database - INFO - Saved database with 10 programs to openevolve_output/level1_70_conv_transposed_3D__asymmetric_input__square_kernel/checkpoints/checkpoint_9
2025-08-08 19:12:54,510 - openevolve.controller - INFO - Saved best program at checkpoint 9 with metrics: compiled=1.0000, correctness=0.0000, score=10.0000, stage=wrong_answer, verify_payload={'id': 'level1_70_conv_transposed_3D__asymmetric_input__square_kernel', 'result': {'compiled': True, 'correctness': False, 'metadata': {'hardware': 'NVIDIA L20Y', 'device': 'cuda:5', 'runtime_error': 'Traceback (most recent call last):\n  File "/home/lijiaxing/.conda/envs/api/lib/python3.10/site-packages/triton/language/core.py", line 42, in wrapper\n    return fn(*args, **kwargs)\n  File "/home/lijiaxing/.conda/envs/api/lib/python3.10/site-packages/triton/language/core.py", line 1630, in program_id\n    return _semantic.program_id(axis)\n  File "/home/lijiaxing/.conda/envs/api/lib/python3.10/site-packages/triton/language/semantic.py", line 40, in program_id\n    raise ValueError(f"program_id axis must be 0, 1, or 2 but got {axis}")\nValueError: program_id axis must be 0, 1, or 2 but got 3\n\nThe above exception was the direct cause of the following exception:\n\nTraceback (most recent call last):\n  File "/cpfs01/shared/llm_kernel/hujiakai/KernelLLM/validation_api_server/helpers/evaluations.py", line 720, in run_and_check_correctness\n    output_new = model_new(*inputs)\n  File "/home/lijiaxing/.conda/envs/api/lib/python3.10/site-packages/torch/nn/modules/module.py", line 1773, in _wrapped_call_impl\n    return self._call_impl(*args, **kwargs)\n  File "/home/lijiaxing/.conda/envs/api/lib/python3.10/site-packages/torch/nn/modules/module.py", line 1784, in _call_impl\n    return forward_call(*args, **kwargs)\n  File "/tmp/tmp9vd736dm.py", line 173, in forward\n    conv_transpose3d_kernel[grid](\n  File "/home/lijiaxing/.conda/envs/api/lib/python3.10/site-packages/triton/runtime/jit.py", line 390, in <lambda>\n    return lambda *args, **kwargs: self.run(grid=grid, warmup=False, *args, **kwargs)\n  File "/home/lijiaxing/.conda/envs/api/lib/python3.10/site-packages/triton/runtime/jit.py", line 594, in run\n    kernel = self.compile(src, target=target, options=options.__dict__)\n  File "/home/lijiaxing/.conda/envs/api/lib/python3.10/site-packages/triton/compiler/compiler.py", line 339, in compile\n    module = src.make_ir(options, codegen_fns, module_map, context)\n  File "/home/lijiaxing/.conda/envs/api/lib/python3.10/site-packages/triton/compiler/compiler.py", line 83, in make_ir\n    return ast_to_ttir(self.fn, self, context=context, options=options, codegen_fns=codegen_fns,\ntriton.compiler.errors.CompilationError: at 24:12:\n    stride_w_oc, stride_w_ic, stride_w_d, stride_w_h, stride_w_k,\n    stride_out_b, stride_out_c, stride_out_d, stride_out_h, stride_out_w,\n    BLOCK_SIZE_C: tl.constexpr,\n    BLOCK_SIZE_D: tl.constexpr,\n    BLOCK_SIZE_H: tl.constexpr,\n    BLOCK_SIZE_W: tl.constexpr,\n):\n    # Program indices\n    pid_b = tl.program_id(0)\n    pid_d = tl.program_id(1)\n    pid_h = tl.program_id(2)\n    pid_w = tl.program_id(3)\n            ^\n\n\nThe above exception was the direct cause of the following exception:\n\nTraceback (most recent call last):\n  File "/home/lijiaxing/.conda/envs/api/lib/python3.10/site-packages/triton/language/core.py", line 42, in wrapper\n    return fn(*args, **kwargs)\n  File "/home/lijiaxing/.conda/envs/api/lib/python3.10/site-packages/triton/language/core.py", line 1630, in program_id\n    return _semantic.program_id(axis)\n  File "/home/lijiaxing/.conda/envs/api/lib/python3.10/site-packages/triton/language/semantic.py", line 40, in program_id\n    raise ValueError(f"program_id axis must be 0, 1, or 2 but got {axis}")\nValueError: program_id axis must be 0, 1, or 2 but got 3\n', 'runtime_error_name': 'triton.compiler.errors.CompilationError', 'reference_timing_ms': 0.0497, 'speed_up': -1.0, 'custom_timing': -1.0}, 'runtime': -1.0, 'runtime_stats': {}}}
2025-08-08 19:12:54,510 - openevolve.controller - INFO - Saved checkpoint at iteration 9 to openevolve_output/level1_70_conv_transposed_3D__asymmetric_input__square_kernel/checkpoints/checkpoint_9
2025-08-08 19:12:54,510 - openevolve.database - INFO - New MAP-Elites cell occupied: {'score': 9, 'complexity': 8}
2025-08-08 19:12:54,511 - openevolve.database - INFO - New best program 5cc97641-7e52-431f-abf3-dc1e383a872f replaces 51d0df94-f53c-4b6a-87a8-0eaf34adfbf2
2025-08-08 19:12:54,521 - openevolve.threaded_parallel - INFO - Iteration 7: Program 5cc97641-7e52-431f-abf3-dc1e383a872f (parent: 7ecd7d5d-b99d-4431-bc3a-6f9554b79d46) completed in 1551.20s
2025-08-08 19:12:54,521 - openevolve.threaded_parallel - INFO - Metrics: compiled=1.0000, correctness=1.0000, stage=success, passed=0.0000, score=20.0000, speed_up=0.0020, runtime_ms=26.5000, meta={'hardware': 'NVIDIA L20Y', 'device': 'cuda:6', 'correctness_trials': '(5 / 5)', 'reference_timing_ms': 0.0497, 'speed_up': 0.002, 'custom_timing': 26.5}
2025-08-08 19:12:54,521 - openevolve.threaded_parallel - INFO - ðŸŒŸ New best solution found at iteration 7: 5cc97641-7e52-431f-abf3-dc1e383a872f
2025-08-08 19:13:16,153 - openevolve.RemoteSpeedupEvaluator - INFO - [level1_70_conv_transposed_3D__asymmetric_input__square_kernel] triton key words check pass
2025-08-08 19:13:16,154 - openevolve.RemoteSpeedupEvaluator - INFO - [level1_70_conv_transposed_3D__asymmetric_input__square_kernel] verify_plus payload: reference_code(2413 chars) + custom_code(8095 chars)
2025-08-08 19:13:39,123 - openevolve.RemoteSpeedupEvaluator - INFO - [level1_70_conv_transposed_3D__asymmetric_input__square_kernel] verify_plus request success
2025-08-08 19:13:39,123 - openevolve.RemoteSpeedupEvaluator - INFO - [level1_70_conv_transposed_3D__asymmetric_input__square_kernel] verify_plus response: {"id":"level1_70_conv_transposed_3D__asymmetric_input__square_kernel","result":{"compiled":true,"correctness":false,"metadata":{"hardware":"NVIDIA L20Y","device":"cuda:5","runtime_error":"Traceback (most recent call last):\n  File \"/cpfs01/shared/llm_kernel/hujiakai/KernelLLM/validation_api_server/helpers/evaluations.py\", line 720, in run_and_check_correctness\n    output_new = model_new(*inputs)\n  File \"/home/lijiaxing/.conda/envs/api/lib/python3.10/site-packages/torch/nn/modules/module.py\", line 1773, in _wrapped_call_impl\n    return self._call_impl(*args, **kwargs)\n  File \"/home/lijiaxing/.conda/envs/api/lib/python3.10/site-packages/torch/nn/modules/module.py\", line 1784, in _call_impl\n    return forward_call(*args, **kwargs)\n  File \"/tmp/tmpwgqtai8e.py\", line 206, in forwa
2025-08-08 19:13:39,123 - openevolve.RemoteSpeedupEvaluator - INFO - [level1_70_conv_transposed_3D__asymmetric_input__square_kernel] âœ˜ wrong_answer
2025-08-08 19:13:39,123 - openevolve.evaluator - INFO - Evaluated program d8cb5bdc-a328-40c1-95fc-94a34bbef0aa in 22.97s: compiled=1.0000, correctness=0.0000, score=10.0000, stage=wrong_answer, verify_payload={'id': 'level1_70_conv_transposed_3D__asymmetric_input__square_kernel', 'result': {'compiled': True, 'correctness': False, 'metadata': {'hardware': 'NVIDIA L20Y', 'device': 'cuda:5', 'runtime_error': 'Traceback (most recent call last):\n  File "/cpfs01/shared/llm_kernel/hujiakai/KernelLLM/validation_api_server/helpers/evaluations.py", line 720, in run_and_check_correctness\n    output_new = model_new(*inputs)\n  File "/home/lijiaxing/.conda/envs/api/lib/python3.10/site-packages/torch/nn/modules/module.py", line 1773, in _wrapped_call_impl\n    return self._call_impl(*args, **kwargs)\n  File "/home/lijiaxing/.conda/envs/api/lib/python3.10/site-packages/torch/nn/modules/module.py", line 1784, in _call_impl\n    return forward_call(*args, **kwargs)\n  File "/tmp/tmpwgqtai8e.py", line 206, in forward\n    conv_transpose3d_kernel[grid](\n  File "/home/lijiaxing/.conda/envs/api/lib/python3.10/site-packages/triton/runtime/jit.py", line 390, in <lambda>\n    return lambda *args, **kwargs: self.run(grid=grid, warmup=False, *args, **kwargs)\n  File "/home/lijiaxing/.conda/envs/api/lib/python3.10/site-packages/triton/runtime/jit.py", line 594, in run\n    kernel = self.compile(src, target=target, options=options.__dict__)\n  File "/home/lijiaxing/.conda/envs/api/lib/python3.10/site-packages/triton/compiler/compiler.py", line 281, in compile\n    key = f"{triton_key()}-{src.hash()}-{backend.hash()}-{options.hash()}-{str(sorted(env_vars.items()))}"\n  File "/home/lijiaxing/.conda/envs/api/lib/python3.10/site-packages/triton/compiler/compiler.py", line 78, in hash\n    key = f"{self.fn.cache_key}-{str(self.attrs)}-{sorted_sig}-{constants_key}"\n  File "/home/lijiaxing/.conda/envs/api/lib/python3.10/site-packages/triton/runtime/jit.py", line 696, in cache_key\n    dependencies_finder.visit(self.parse())\n  File "/home/lijiaxing/.conda/envs/api/lib/python3.10/ast.py", line 418, in visit\n    return visitor(node)\n  File "/home/lijiaxing/.conda/envs/api/lib/python3.10/ast.py", line 426, in generic_visit\n    self.visit(item)\n  File "/home/lijiaxing/.conda/envs/api/lib/python3.10/ast.py", line 418, in visit\n    return visitor(node)\n  File "/home/lijiaxing/.conda/envs/api/lib/python3.10/site-packages/triton/runtime/jit.py", line 163, in visit_FunctionDef\n    self.generic_visit(node)\n  File "/home/lijiaxing/.conda/envs/api/lib/python3.10/ast.py", line 426, in generic_visit\n    self.visit(item)\n  File "/home/lijiaxing/.conda/envs/api/lib/python3.10/ast.py", line 418, in visit\n    return visitor(node)\n  File "/home/lijiaxing/.conda/envs/api/lib/python3.10/site-packages/triton/runtime/jit.py", line 217, in visit_Assign\n    self.generic_visit(node)\n  File "/home/lijiaxing/.conda/envs/api/lib/python3.10/ast.py", line 428, in generic_visit\n    self.visit(value)\n  File "/home/lijiaxing/.conda/envs/api/lib/python3.10/ast.py", line 418, in visit\n    return visitor(node)\n  File "/home/lijiaxing/.conda/envs/api/lib/python3.10/ast.py", line 428, in generic_visit\n    self.visit(value)\n  File "/home/lijiaxing/.conda/envs/api/lib/python3.10/ast.py", line 418, in visit\n    return visitor(node)\n  File "/home/lijiaxing/.conda/envs/api/lib/python3.10/site-packages/triton/runtime/jit.py", line 156, in visit_Attribute\n    ret = getattr(lhs, node.attr)\nAttributeError: module \'triton.language\' has no attribute \'meshgrid\'\n', 'runtime_error_name': 'builtins.AttributeError', 'reference_timing_ms': 0.0497, 'speed_up': -1.0, 'custom_timing': -1.0}, 'runtime': -1.0, 'runtime_stats': {}}}
2025-08-08 19:13:39,126 - openevolve.llm.ensemble - INFO - Sampled model: deepseek
2025-08-08 19:13:39,142 - openevolve.threaded_parallel - INFO - Iteration 10: Program d8cb5bdc-a328-40c1-95fc-94a34bbef0aa (parent: 2315a224-c9c5-4e6c-b1f0-093aaaf983de) completed in 725.23s
2025-08-08 19:13:39,142 - openevolve.threaded_parallel - INFO - Metrics: compiled=1.0000, correctness=0.0000, score=10.0000, stage=wrong_answer, verify_payload={'id': 'level1_70_conv_transposed_3D__asymmetric_input__square_kernel', 'result': {'compiled': True, 'correctness': False, 'metadata': {'hardware': 'NVIDIA L20Y', 'device': 'cuda:5', 'runtime_error': 'Traceback (most recent call last):\n  File "/cpfs01/shared/llm_kernel/hujiakai/KernelLLM/validation_api_server/helpers/evaluations.py", line 720, in run_and_check_correctness\n    output_new = model_new(*inputs)\n  File "/home/lijiaxing/.conda/envs/api/lib/python3.10/site-packages/torch/nn/modules/module.py", line 1773, in _wrapped_call_impl\n    return self._call_impl(*args, **kwargs)\n  File "/home/lijiaxing/.conda/envs/api/lib/python3.10/site-packages/torch/nn/modules/module.py", line 1784, in _call_impl\n    return forward_call(*args, **kwargs)\n  File "/tmp/tmpwgqtai8e.py", line 206, in forward\n    conv_transpose3d_kernel[grid](\n  File "/home/lijiaxing/.conda/envs/api/lib/python3.10/site-packages/triton/runtime/jit.py", line 390, in <lambda>\n    return lambda *args, **kwargs: self.run(grid=grid, warmup=False, *args, **kwargs)\n  File "/home/lijiaxing/.conda/envs/api/lib/python3.10/site-packages/triton/runtime/jit.py", line 594, in run\n    kernel = self.compile(src, target=target, options=options.__dict__)\n  File "/home/lijiaxing/.conda/envs/api/lib/python3.10/site-packages/triton/compiler/compiler.py", line 281, in compile\n    key = f"{triton_key()}-{src.hash()}-{backend.hash()}-{options.hash()}-{str(sorted(env_vars.items()))}"\n  File "/home/lijiaxing/.conda/envs/api/lib/python3.10/site-packages/triton/compiler/compiler.py", line 78, in hash\n    key = f"{self.fn.cache_key}-{str(self.attrs)}-{sorted_sig}-{constants_key}"\n  File "/home/lijiaxing/.conda/envs/api/lib/python3.10/site-packages/triton/runtime/jit.py", line 696, in cache_key\n    dependencies_finder.visit(self.parse())\n  File "/home/lijiaxing/.conda/envs/api/lib/python3.10/ast.py", line 418, in visit\n    return visitor(node)\n  File "/home/lijiaxing/.conda/envs/api/lib/python3.10/ast.py", line 426, in generic_visit\n    self.visit(item)\n  File "/home/lijiaxing/.conda/envs/api/lib/python3.10/ast.py", line 418, in visit\n    return visitor(node)\n  File "/home/lijiaxing/.conda/envs/api/lib/python3.10/site-packages/triton/runtime/jit.py", line 163, in visit_FunctionDef\n    self.generic_visit(node)\n  File "/home/lijiaxing/.conda/envs/api/lib/python3.10/ast.py", line 426, in generic_visit\n    self.visit(item)\n  File "/home/lijiaxing/.conda/envs/api/lib/python3.10/ast.py", line 418, in visit\n    return visitor(node)\n  File "/home/lijiaxing/.conda/envs/api/lib/python3.10/site-packages/triton/runtime/jit.py", line 217, in visit_Assign\n    self.generic_visit(node)\n  File "/home/lijiaxing/.conda/envs/api/lib/python3.10/ast.py", line 428, in generic_visit\n    self.visit(value)\n  File "/home/lijiaxing/.conda/envs/api/lib/python3.10/ast.py", line 418, in visit\n    return visitor(node)\n  File "/home/lijiaxing/.conda/envs/api/lib/python3.10/ast.py", line 428, in generic_visit\n    self.visit(value)\n  File "/home/lijiaxing/.conda/envs/api/lib/python3.10/ast.py", line 418, in visit\n    return visitor(node)\n  File "/home/lijiaxing/.conda/envs/api/lib/python3.10/site-packages/triton/runtime/jit.py", line 156, in visit_Attribute\n    ret = getattr(lhs, node.attr)\nAttributeError: module \'triton.language\' has no attribute \'meshgrid\'\n', 'runtime_error_name': 'builtins.AttributeError', 'reference_timing_ms': 0.0497, 'speed_up': -1.0, 'custom_timing': -1.0}, 'runtime': -1.0, 'runtime_stats': {}}}
