2025-08-08 17:31:32,876 - openevolve.controller - INFO - Logging to openevolve_output/level1_83_conv_depthwise_2D_square_input_asymmetric_kernel/logs/openevolve_20250808_173132.log
2025-08-08 17:31:32,876 - openevolve.controller - INFO - Set random seed to 42 for reproducibility
2025-08-08 17:31:32,916 - openevolve.llm.ensemble - INFO - Initialized LLM ensemble with models: deepseek (weight: 0.80), deepseek (weight: 0.20)
2025-08-08 17:31:32,956 - openevolve.llm.ensemble - INFO - Initialized LLM ensemble with models: deepseek (weight: 0.80), deepseek (weight: 0.20)
2025-08-08 17:31:32,956 - openevolve.prompt.sampler - INFO - Set custom templates: system=evaluator_system_message, user=None
2025-08-08 17:31:32,957 - openevolve.database - INFO - Initialized program database with 0 programs
2025-08-08 17:31:32,978 - openevolve.evaluator - INFO - Successfully loaded evaluation function from openevolve_output/level1_83_conv_depthwise_2D_square_input_asymmetric_kernel/evaluation.py
2025-08-08 17:31:32,979 - openevolve.evaluator - INFO - Initialized evaluator with openevolve_output/level1_83_conv_depthwise_2D_square_input_asymmetric_kernel/evaluation.py
2025-08-08 17:31:32,979 - openevolve.controller - INFO - Initialized OpenEvolve with /tmp/48601185fe18831a507b463e5d0982b8.py
2025-08-08 17:31:32,979 - openevolve.controller - INFO - Adding initial program to database
2025-08-08 17:31:32,980 - openevolve.RemoteSpeedupEvaluator - INFO - [level1_83_conv_depthwise_2D_square_input_asymmetric_kernel] verify_plus payload: reference_code(1671 chars) + custom_code(1795 chars)
2025-08-08 17:31:35,525 - openevolve.RemoteSpeedupEvaluator - INFO - [level1_83_conv_depthwise_2D_square_input_asymmetric_kernel] verify_plus request success
2025-08-08 17:31:35,525 - openevolve.RemoteSpeedupEvaluator - INFO - [level1_83_conv_depthwise_2D_square_input_asymmetric_kernel] verify_plus response: {"id":"level1_83_conv_depthwise_2D_square_input_asymmetric_kernel","result":{"compiled":true,"correctness":true,"metadata":{"hardware":"NVIDIA L20Y","device":"cuda:5","correctness_trials":"(5 / 5)","reference_timing_ms":0.0273,"speed_up":0.57,"custom_timing":0.0479},"runtime":0.0479,"runtime_stats":{"mean":0.0479,"std":0.00137,"min":0.0467,"max":0.06,"num_trials":100,"hardware":"NVIDIA L20Y","device":"cuda:5"}}}
2025-08-08 17:31:35,525 - openevolve.evaluator - INFO - Evaluated program 2b465dd2-4e18-4d9c-902d-3e7914f463ce in 2.55s: compiled=1.0000, correctness=1.0000, stage=reference code, passed=0.0000, score=0.0000, speed_up=1.0000, runtime_ms=0.0479, meta={'hardware': 'NVIDIA L20Y', 'device': 'cuda:5', 'correctness_trials': '(5 / 5)', 'reference_timing_ms': 0.0273, 'speed_up': 0.57, 'custom_timing': 0.0479}
2025-08-08 17:31:35,525 - openevolve.database - INFO - New MAP-Elites cell occupied: {'score': 0, 'complexity': 1}
2025-08-08 17:31:35,540 - openevolve.threaded_parallel - INFO - Initializing threaded evaluation pool with 3 workers
2025-08-08 17:31:35,541 - openevolve.threaded_parallel - INFO - Started thread pool with 3 threads
2025-08-08 17:31:35,541 - openevolve.threaded_parallel - INFO - Started improved parallel controller
2025-08-08 17:31:35,541 - openevolve.controller - INFO - Using island-based evolution with 3 islands
2025-08-08 17:31:35,542 - openevolve.database - INFO - Island Status:
2025-08-08 17:31:35,542 - openevolve.database - INFO -  * Island 0: 1 programs, best=0.0000, avg=0.0000, diversity=0.00, gen=0 (best: 2b465dd2-4e18-4d9c-902d-3e7914f463ce)
2025-08-08 17:31:35,542 - openevolve.database - INFO -    Island 1: 0 programs, best=0.0000, avg=0.0000, diversity=0.00, gen=0
2025-08-08 17:31:35,542 - openevolve.database - INFO -    Island 2: 0 programs, best=0.0000, avg=0.0000, diversity=0.00, gen=0
2025-08-08 17:31:35,542 - openevolve.threaded_parallel - INFO - Starting improved parallel evolution from iteration 0 for 30 iterations (total: 30)
2025-08-08 17:31:35,686 - openevolve.llm.ensemble - INFO - Initialized LLM ensemble with models: deepseek (weight: 0.80), deepseek (weight: 0.20)
2025-08-08 17:31:35,687 - openevolve.llm.ensemble - INFO - Initialized LLM ensemble with models: deepseek (weight: 0.80), deepseek (weight: 0.20)
2025-08-08 17:31:35,689 - openevolve.llm.ensemble - INFO - Initialized LLM ensemble with models: deepseek (weight: 0.80), deepseek (weight: 0.20)
2025-08-08 17:31:35,828 - openevolve.llm.ensemble - INFO - Initialized LLM ensemble with models: deepseek (weight: 0.80), deepseek (weight: 0.20)
2025-08-08 17:31:35,828 - openevolve.prompt.sampler - INFO - Set custom templates: system=evaluator_system_message, user=None
2025-08-08 17:31:35,828 - openevolve.llm.ensemble - INFO - Initialized LLM ensemble with models: deepseek (weight: 0.80), deepseek (weight: 0.20)
2025-08-08 17:31:35,829 - openevolve.prompt.sampler - INFO - Set custom templates: system=evaluator_system_message, user=None
2025-08-08 17:31:35,830 - openevolve.evaluator - INFO - Successfully loaded evaluation function from openevolve_output/level1_83_conv_depthwise_2D_square_input_asymmetric_kernel/evaluation.py
2025-08-08 17:31:35,830 - openevolve.evaluator - INFO - Initialized evaluator with openevolve_output/level1_83_conv_depthwise_2D_square_input_asymmetric_kernel/evaluation.py
2025-08-08 17:31:35,831 - openevolve.llm.ensemble - INFO - Initialized LLM ensemble with models: deepseek (weight: 0.80), deepseek (weight: 0.20)
2025-08-08 17:31:35,831 - openevolve.prompt.sampler - INFO - Set custom templates: system=evaluator_system_message, user=None
2025-08-08 17:31:35,831 - openevolve.evaluator - INFO - Successfully loaded evaluation function from openevolve_output/level1_83_conv_depthwise_2D_square_input_asymmetric_kernel/evaluation.py
2025-08-08 17:31:35,831 - openevolve.evaluator - INFO - Initialized evaluator with openevolve_output/level1_83_conv_depthwise_2D_square_input_asymmetric_kernel/evaluation.py
2025-08-08 17:31:35,833 - openevolve.llm.ensemble - INFO - Sampled model: deepseek
2025-08-08 17:31:35,834 - openevolve.evaluator - INFO - Successfully loaded evaluation function from openevolve_output/level1_83_conv_depthwise_2D_square_input_asymmetric_kernel/evaluation.py
2025-08-08 17:31:35,834 - openevolve.evaluator - INFO - Initialized evaluator with openevolve_output/level1_83_conv_depthwise_2D_square_input_asymmetric_kernel/evaluation.py
2025-08-08 17:31:35,834 - openevolve.llm.ensemble - INFO - Sampled model: deepseek
2025-08-08 17:31:35,836 - openevolve.llm.ensemble - INFO - Sampled model: deepseek
2025-08-08 17:46:03,490 - openevolve.RemoteSpeedupEvaluator - INFO - [level1_83_conv_depthwise_2D_square_input_asymmetric_kernel] triton key words check pass
2025-08-08 17:46:03,491 - openevolve.RemoteSpeedupEvaluator - INFO - [level1_83_conv_depthwise_2D_square_input_asymmetric_kernel] verify_plus payload: reference_code(1671 chars) + custom_code(4254 chars)
2025-08-08 17:46:06,365 - openevolve.RemoteSpeedupEvaluator - INFO - [level1_83_conv_depthwise_2D_square_input_asymmetric_kernel] verify_plus request success
2025-08-08 17:46:06,365 - openevolve.RemoteSpeedupEvaluator - INFO - [level1_83_conv_depthwise_2D_square_input_asymmetric_kernel] verify_plus response: {"id":"level1_83_conv_depthwise_2D_square_input_asymmetric_kernel","result":{"compiled":true,"correctness":false,"metadata":{"hardware":"NVIDIA L20Y","device":"cuda:5","runtime_error":"Traceback (most recent call last):\n  File \"/home/lijiaxing/.conda/envs/api/lib/python3.10/site-packages/triton/language/core.py\", line 42, in wrapper\n    return fn(*args, **kwargs)\n  File \"/home/lijiaxing/.conda/envs/api/lib/python3.10/site-packages/triton/language/core.py\", line 1693, in full\n    shape = _shape_check_impl(shape)\n  File \"/home/lijiaxing/.conda/envs/api/lib/python3.10/site-packages/triton/language/core.py\", line 1676, in _shape_check_impl\n    shape = _unwrap_shape(shape)\n  File \"/home/lijiaxing/.conda/envs/api/lib/python3.10/site-packages/triton/language/core.py\", line 1672, in
2025-08-08 17:46:06,365 - openevolve.RemoteSpeedupEvaluator - INFO - [level1_83_conv_depthwise_2D_square_input_asymmetric_kernel] âœ˜ wrong_answer
2025-08-08 17:46:06,366 - openevolve.evaluator - INFO - Evaluated program 3024e0c1-b6f9-4507-abf4-4c6d023bb5e7 in 2.88s: compiled=1.0000, correctness=0.0000, score=10.0000, stage=wrong_answer, verify_payload={'id': 'level1_83_conv_depthwise_2D_square_input_asymmetric_kernel', 'result': {'compiled': True, 'correctness': False, 'metadata': {'hardware': 'NVIDIA L20Y', 'device': 'cuda:5', 'runtime_error': 'Traceback (most recent call last):\n  File "/home/lijiaxing/.conda/envs/api/lib/python3.10/site-packages/triton/language/core.py", line 42, in wrapper\n    return fn(*args, **kwargs)\n  File "/home/lijiaxing/.conda/envs/api/lib/python3.10/site-packages/triton/language/core.py", line 1693, in full\n    shape = _shape_check_impl(shape)\n  File "/home/lijiaxing/.conda/envs/api/lib/python3.10/site-packages/triton/language/core.py", line 1676, in _shape_check_impl\n    shape = _unwrap_shape(shape)\n  File "/home/lijiaxing/.conda/envs/api/lib/python3.10/site-packages/triton/language/core.py", line 1672, in _unwrap_shape\n    return [_unwrap_if_constexpr(s) for s in shape]\nTypeError: \'int\' object is not iterable\n\nThe above exception was the direct cause of the following exception:\n\ntriton.compiler.errors.CompilationError: at 10:11:\ndef zeros(shape, dtype):\n    """\n    Returns a tensor filled with the scalar value 0 for the given :code:`shape` and :code:`dtype`.\n\n    :param shape: Shape of the new array, e.g., (8, 16) or (8, )\n    :type shape: tuple of ints\n    :param dtype: Data-type of the new array, e.g., :code:`tl.float16`\n    :type dtype: DType\n    """\n    return core.full(shape, 0, dtype)\n           ^\n\nThe above exception was the direct cause of the following exception:\n\nTraceback (most recent call last):\n  File "/cpfs01/shared/llm_kernel/hujiakai/KernelLLM/validation_api_server/helpers/evaluations.py", line 720, in run_and_check_correctness\n    output_new = model_new(*inputs)\n  File "/home/lijiaxing/.conda/envs/api/lib/python3.10/site-packages/torch/nn/modules/module.py", line 1773, in _wrapped_call_impl\n    return self._call_impl(*args, **kwargs)\n  File "/home/lijiaxing/.conda/envs/api/lib/python3.10/site-packages/torch/nn/modules/module.py", line 1784, in _call_impl\n    return forward_call(*args, **kwargs)\n  File "/tmp/tmp7p55od8a.py", line 112, in forward\n    _depthwise_conv2d_kernel[grid](\n  File "/home/lijiaxing/.conda/envs/api/lib/python3.10/site-packages/triton/runtime/jit.py", line 390, in <lambda>\n    return lambda *args, **kwargs: self.run(grid=grid, warmup=False, *args, **kwargs)\n  File "/home/lijiaxing/.conda/envs/api/lib/python3.10/site-packages/triton/runtime/jit.py", line 594, in run\n    kernel = self.compile(src, target=target, options=options.__dict__)\n  File "/home/lijiaxing/.conda/envs/api/lib/python3.10/site-packages/triton/compiler/compiler.py", line 339, in compile\n    module = src.make_ir(options, codegen_fns, module_map, context)\n  File "/home/lijiaxing/.conda/envs/api/lib/python3.10/site-packages/triton/compiler/compiler.py", line 83, in make_ir\n    return ast_to_ttir(self.fn, self, context=context, options=options, codegen_fns=codegen_fns,\ntriton.compiler.errors.CompilationError: at 37:14:\n    h_out = residual % height_out\n\n    weight_channel_ptr = weight_ptr + channel_id * kernel_size\n\n    for w_out_start in range(0, width_out, BLOCK_SIZE):\n        w_offsets = w_out_start + tl.arange(0, BLOCK_SIZE)\n        w_mask = w_offsets < width_out\n\n        w_in = w_offsets * stride - padding\n        w_in_mask = (w_in >= 0) & (w_in < width)\n\n        acc = tl.zeros(BLOCK_SIZE, dtype=tl.float32)\n              ^\n\n\nThe above exception was the direct cause of the following exception:\n\nTraceback (most recent call last):\n  File "/home/lijiaxing/.conda/envs/api/lib/python3.10/site-packages/triton/language/core.py", line 42, in wrapper\n    return fn(*args, **kwargs)\n  File "/home/lijiaxing/.conda/envs/api/lib/python3.10/site-packages/triton/language/core.py", line 1693, in full\n    shape = _shape_check_impl(shape)\n  File "/home/lijiaxing/.conda/envs/api/lib/python3.10/site-packages/triton/language/core.py", line 1676, in _shape_check_impl\n    shape = _unwrap_shape(shape)\n  File "/home/lijiaxing/.conda/envs/api/lib/python3.10/site-packages/triton/language/core.py", line 1672, in _unwrap_shape\n    return [_unwrap_if_constexpr(s) for s in shape]\nTypeError: \'int\' object is not iterable\n\nThe above exception was the direct cause of the following exception:\n\ntriton.compiler.errors.CompilationError: at 10:11:\ndef zeros(shape, dtype):\n    """\n    Returns a tensor filled with the scalar value 0 for the given :code:`shape` and :code:`dtype`.\n\n    :param shape: Shape of the new array, e.g., (8, 16) or (8, )\n    :type shape: tuple of ints\n    :param dtype: Data-type of the new array, e.g., :code:`tl.float16`\n    :type dtype: DType\n    """\n    return core.full(shape, 0, dtype)\n           ^\n\n\nThe above exception was the direct cause of the following exception:\n\nTraceback (most recent call last):\n  File "/home/lijiaxing/.conda/envs/api/lib/python3.10/site-packages/triton/language/core.py", line 42, in wrapper\n    return fn(*args, **kwargs)\n  File "/home/lijiaxing/.conda/envs/api/lib/python3.10/site-packages/triton/language/core.py", line 1693, in full\n    shape = _shape_check_impl(shape)\n  File "/home/lijiaxing/.conda/envs/api/lib/python3.10/site-packages/triton/language/core.py", line 1676, in _shape_check_impl\n    shape = _unwrap_shape(shape)\n  File "/home/lijiaxing/.conda/envs/api/lib/python3.10/site-packages/triton/language/core.py", line 1672, in _unwrap_shape\n    return [_unwrap_if_constexpr(s) for s in shape]\nTypeError: \'int\' object is not iterable\n', 'runtime_error_name': 'triton.compiler.errors.CompilationError', 'reference_timing_ms': 0.0273, 'speed_up': -1.0, 'custom_timing': -1.0}, 'runtime': -1.0, 'runtime_stats': {}}}
2025-08-08 17:46:06,369 - openevolve.llm.ensemble - INFO - Sampled model: deepseek
2025-08-08 17:46:06,372 - openevolve.database - INFO - New MAP-Elites cell occupied: {'score': 9, 'complexity': 9}
2025-08-08 17:46:06,373 - openevolve.database - INFO - New best program 3024e0c1-b6f9-4507-abf4-4c6d023bb5e7 replaces 2b465dd2-4e18-4d9c-902d-3e7914f463ce
2025-08-08 17:46:06,386 - openevolve.threaded_parallel - INFO - Iteration 1: Program 3024e0c1-b6f9-4507-abf4-4c6d023bb5e7 (parent: 2b465dd2-4e18-4d9c-902d-3e7914f463ce) completed in 870.53s
2025-08-08 17:46:06,386 - openevolve.threaded_parallel - INFO - Metrics: compiled=1.0000, correctness=0.0000, score=10.0000, stage=wrong_answer, verify_payload={'id': 'level1_83_conv_depthwise_2D_square_input_asymmetric_kernel', 'result': {'compiled': True, 'correctness': False, 'metadata': {'hardware': 'NVIDIA L20Y', 'device': 'cuda:5', 'runtime_error': 'Traceback (most recent call last):\n  File "/home/lijiaxing/.conda/envs/api/lib/python3.10/site-packages/triton/language/core.py", line 42, in wrapper\n    return fn(*args, **kwargs)\n  File "/home/lijiaxing/.conda/envs/api/lib/python3.10/site-packages/triton/language/core.py", line 1693, in full\n    shape = _shape_check_impl(shape)\n  File "/home/lijiaxing/.conda/envs/api/lib/python3.10/site-packages/triton/language/core.py", line 1676, in _shape_check_impl\n    shape = _unwrap_shape(shape)\n  File "/home/lijiaxing/.conda/envs/api/lib/python3.10/site-packages/triton/language/core.py", line 1672, in _unwrap_shape\n    return [_unwrap_if_constexpr(s) for s in shape]\nTypeError: \'int\' object is not iterable\n\nThe above exception was the direct cause of the following exception:\n\ntriton.compiler.errors.CompilationError: at 10:11:\ndef zeros(shape, dtype):\n    """\n    Returns a tensor filled with the scalar value 0 for the given :code:`shape` and :code:`dtype`.\n\n    :param shape: Shape of the new array, e.g., (8, 16) or (8, )\n    :type shape: tuple of ints\n    :param dtype: Data-type of the new array, e.g., :code:`tl.float16`\n    :type dtype: DType\n    """\n    return core.full(shape, 0, dtype)\n           ^\n\nThe above exception was the direct cause of the following exception:\n\nTraceback (most recent call last):\n  File "/cpfs01/shared/llm_kernel/hujiakai/KernelLLM/validation_api_server/helpers/evaluations.py", line 720, in run_and_check_correctness\n    output_new = model_new(*inputs)\n  File "/home/lijiaxing/.conda/envs/api/lib/python3.10/site-packages/torch/nn/modules/module.py", line 1773, in _wrapped_call_impl\n    return self._call_impl(*args, **kwargs)\n  File "/home/lijiaxing/.conda/envs/api/lib/python3.10/site-packages/torch/nn/modules/module.py", line 1784, in _call_impl\n    return forward_call(*args, **kwargs)\n  File "/tmp/tmp7p55od8a.py", line 112, in forward\n    _depthwise_conv2d_kernel[grid](\n  File "/home/lijiaxing/.conda/envs/api/lib/python3.10/site-packages/triton/runtime/jit.py", line 390, in <lambda>\n    return lambda *args, **kwargs: self.run(grid=grid, warmup=False, *args, **kwargs)\n  File "/home/lijiaxing/.conda/envs/api/lib/python3.10/site-packages/triton/runtime/jit.py", line 594, in run\n    kernel = self.compile(src, target=target, options=options.__dict__)\n  File "/home/lijiaxing/.conda/envs/api/lib/python3.10/site-packages/triton/compiler/compiler.py", line 339, in compile\n    module = src.make_ir(options, codegen_fns, module_map, context)\n  File "/home/lijiaxing/.conda/envs/api/lib/python3.10/site-packages/triton/compiler/compiler.py", line 83, in make_ir\n    return ast_to_ttir(self.fn, self, context=context, options=options, codegen_fns=codegen_fns,\ntriton.compiler.errors.CompilationError: at 37:14:\n    h_out = residual % height_out\n\n    weight_channel_ptr = weight_ptr + channel_id * kernel_size\n\n    for w_out_start in range(0, width_out, BLOCK_SIZE):\n        w_offsets = w_out_start + tl.arange(0, BLOCK_SIZE)\n        w_mask = w_offsets < width_out\n\n        w_in = w_offsets * stride - padding\n        w_in_mask = (w_in >= 0) & (w_in < width)\n\n        acc = tl.zeros(BLOCK_SIZE, dtype=tl.float32)\n              ^\n\n\nThe above exception was the direct cause of the following exception:\n\nTraceback (most recent call last):\n  File "/home/lijiaxing/.conda/envs/api/lib/python3.10/site-packages/triton/language/core.py", line 42, in wrapper\n    return fn(*args, **kwargs)\n  File "/home/lijiaxing/.conda/envs/api/lib/python3.10/site-packages/triton/language/core.py", line 1693, in full\n    shape = _shape_check_impl(shape)\n  File "/home/lijiaxing/.conda/envs/api/lib/python3.10/site-packages/triton/language/core.py", line 1676, in _shape_check_impl\n    shape = _unwrap_shape(shape)\n  File "/home/lijiaxing/.conda/envs/api/lib/python3.10/site-packages/triton/language/core.py", line 1672, in _unwrap_shape\n    return [_unwrap_if_constexpr(s) for s in shape]\nTypeError: \'int\' object is not iterable\n\nThe above exception was the direct cause of the following exception:\n\ntriton.compiler.errors.CompilationError: at 10:11:\ndef zeros(shape, dtype):\n    """\n    Returns a tensor filled with the scalar value 0 for the given :code:`shape` and :code:`dtype`.\n\n    :param shape: Shape of the new array, e.g., (8, 16) or (8, )\n    :type shape: tuple of ints\n    :param dtype: Data-type of the new array, e.g., :code:`tl.float16`\n    :type dtype: DType\n    """\n    return core.full(shape, 0, dtype)\n           ^\n\n\nThe above exception was the direct cause of the following exception:\n\nTraceback (most recent call last):\n  File "/home/lijiaxing/.conda/envs/api/lib/python3.10/site-packages/triton/language/core.py", line 42, in wrapper\n    return fn(*args, **kwargs)\n  File "/home/lijiaxing/.conda/envs/api/lib/python3.10/site-packages/triton/language/core.py", line 1693, in full\n    shape = _shape_check_impl(shape)\n  File "/home/lijiaxing/.conda/envs/api/lib/python3.10/site-packages/triton/language/core.py", line 1676, in _shape_check_impl\n    shape = _unwrap_shape(shape)\n  File "/home/lijiaxing/.conda/envs/api/lib/python3.10/site-packages/triton/language/core.py", line 1672, in _unwrap_shape\n    return [_unwrap_if_constexpr(s) for s in shape]\nTypeError: \'int\' object is not iterable\n', 'runtime_error_name': 'triton.compiler.errors.CompilationError', 'reference_timing_ms': 0.0273, 'speed_up': -1.0, 'custom_timing': -1.0}, 'runtime': -1.0, 'runtime_stats': {}}}
2025-08-08 17:46:06,386 - openevolve.threaded_parallel - INFO - ðŸŒŸ New best solution found at iteration 1: 3024e0c1-b6f9-4507-abf4-4c6d023bb5e7
2025-08-08 17:49:03,155 - openevolve.RemoteSpeedupEvaluator - INFO - [level1_83_conv_depthwise_2D_square_input_asymmetric_kernel] triton key words check pass
2025-08-08 17:49:03,156 - openevolve.RemoteSpeedupEvaluator - INFO - [level1_83_conv_depthwise_2D_square_input_asymmetric_kernel] verify_plus payload: reference_code(1671 chars) + custom_code(4559 chars)
2025-08-08 17:49:06,046 - openevolve.RemoteSpeedupEvaluator - INFO - [level1_83_conv_depthwise_2D_square_input_asymmetric_kernel] verify_plus request success
2025-08-08 17:49:06,047 - openevolve.RemoteSpeedupEvaluator - INFO - [level1_83_conv_depthwise_2D_square_input_asymmetric_kernel] verify_plus response: {"id":"level1_83_conv_depthwise_2D_square_input_asymmetric_kernel","result":{"compiled":true,"correctness":false,"metadata":{"hardware":"NVIDIA L20Y","device":"cuda:2","runtime_error":"Traceback (most recent call last):\n  File \"/cpfs01/shared/llm_kernel/hujiakai/KernelLLM/validation_api_server/helpers/evaluations.py\", line 720, in run_and_check_correctness\n    output_new = model_new(*inputs)\n  File \"/home/lijiaxing/.conda/envs/api/lib/python3.10/site-packages/torch/nn/modules/module.py\", line 1773, in _wrapped_call_impl\n    return self._call_impl(*args, **kwargs)\n  File \"/home/lijiaxing/.conda/envs/api/lib/python3.10/site-packages/torch/nn/modules/module.py\", line 1784, in _call_impl\n    return forward_call(*args, **kwargs)\n  File \"/tmp/tmp1u0qkjc1.py\", line 93, in forward\n
2025-08-08 17:49:06,047 - openevolve.RemoteSpeedupEvaluator - INFO - [level1_83_conv_depthwise_2D_square_input_asymmetric_kernel] âœ˜ wrong_answer
2025-08-08 17:49:06,047 - openevolve.evaluator - INFO - Evaluated program af92fe3e-bd9c-4401-8f43-7dc532b1c583 in 2.89s: compiled=1.0000, correctness=0.0000, score=10.0000, stage=wrong_answer, verify_payload={'id': 'level1_83_conv_depthwise_2D_square_input_asymmetric_kernel', 'result': {'compiled': True, 'correctness': False, 'metadata': {'hardware': 'NVIDIA L20Y', 'device': 'cuda:2', 'runtime_error': 'Traceback (most recent call last):\n  File "/cpfs01/shared/llm_kernel/hujiakai/KernelLLM/validation_api_server/helpers/evaluations.py", line 720, in run_and_check_correctness\n    output_new = model_new(*inputs)\n  File "/home/lijiaxing/.conda/envs/api/lib/python3.10/site-packages/torch/nn/modules/module.py", line 1773, in _wrapped_call_impl\n    return self._call_impl(*args, **kwargs)\n  File "/home/lijiaxing/.conda/envs/api/lib/python3.10/site-packages/torch/nn/modules/module.py", line 1784, in _call_impl\n    return forward_call(*args, **kwargs)\n  File "/tmp/tmp1u0qkjc1.py", line 93, in forward\n    depthwise_vertical_conv_kernel[grid](\n  File "/home/lijiaxing/.conda/envs/api/lib/python3.10/site-packages/triton/runtime/jit.py", line 390, in <lambda>\n    return lambda *args, **kwargs: self.run(grid=grid, warmup=False, *args, **kwargs)\n  File "/home/lijiaxing/.conda/envs/api/lib/python3.10/site-packages/triton/runtime/jit.py", line 594, in run\n    kernel = self.compile(src, target=target, options=options.__dict__)\n  File "/home/lijiaxing/.conda/envs/api/lib/python3.10/site-packages/triton/compiler/compiler.py", line 339, in compile\n    module = src.make_ir(options, codegen_fns, module_map, context)\n  File "/home/lijiaxing/.conda/envs/api/lib/python3.10/site-packages/triton/compiler/compiler.py", line 83, in make_ir\n    return ast_to_ttir(self.fn, self, context=context, options=options, codegen_fns=codegen_fns,\ntriton.compiler.errors.CompilationError: at 21:24:\n\n    n_rows = tl.cdiv(output_height * output_width, BLOCK_SIZE)\n    batch_idx = pid_row // (in_channels * n_rows)\n    channel_idx = (pid_row % (in_channels * n_rows)) // n_rows\n    row_idx = pid_row % n_rows\n\n    col_offsets = pid_col * BLOCK_SIZE + tl.arange(0, BLOCK_SIZE)\n    idx = row_idx * BLOCK_SIZE + col_offsets\n    output_i = idx // output_width\n    output_j = idx % output_width\n\n    mask = (batch_idx < batch_size) & (channel_idx < in_channels) & (idx < output_height * output_width)\n                        ^\nNameError("Cannot access global variable batch_size from within @jit\'ed function. Triton kernels can only access global variables that are instanstiated as constexpr (`x = triton.language.constexpr(42)`). Note that this is different from annotating a variable as constexpr (`x: triton.language.constexpr = 42`), which is not supported.  Alternatively, set the envvar TRITON_ALLOW_NON_CONSTEXPR_GLOBALS=1, but we do not promise to support this forever.")\n\n\nThe above exception was the direct cause of the following exception:\n\nNameError: Cannot access global variable batch_size from within @jit\'ed function. Triton kernels can only access global variables that are instanstiated as constexpr (`x = triton.language.constexpr(42)`). Note that this is different from annotating a variable as constexpr (`x: triton.language.constexpr = 42`), which is not supported.  Alternatively, set the envvar TRITON_ALLOW_NON_CONSTEXPR_GLOBALS=1, but we do not promise to support this forever.\n', 'runtime_error_name': 'triton.compiler.errors.CompilationError', 'reference_timing_ms': 0.0273, 'speed_up': -1.0, 'custom_timing': -1.0}, 'runtime': -1.0, 'runtime_stats': {}}}
2025-08-08 17:49:06,050 - openevolve.llm.ensemble - INFO - Sampled model: deepseek
2025-08-08 17:49:06,063 - openevolve.threaded_parallel - INFO - Iteration 2: Program af92fe3e-bd9c-4401-8f43-7dc532b1c583 (parent: 2b465dd2-4e18-4d9c-902d-3e7914f463ce) completed in 1050.21s
2025-08-08 17:49:06,063 - openevolve.threaded_parallel - INFO - Metrics: compiled=1.0000, correctness=0.0000, score=10.0000, stage=wrong_answer, verify_payload={'id': 'level1_83_conv_depthwise_2D_square_input_asymmetric_kernel', 'result': {'compiled': True, 'correctness': False, 'metadata': {'hardware': 'NVIDIA L20Y', 'device': 'cuda:2', 'runtime_error': 'Traceback (most recent call last):\n  File "/cpfs01/shared/llm_kernel/hujiakai/KernelLLM/validation_api_server/helpers/evaluations.py", line 720, in run_and_check_correctness\n    output_new = model_new(*inputs)\n  File "/home/lijiaxing/.conda/envs/api/lib/python3.10/site-packages/torch/nn/modules/module.py", line 1773, in _wrapped_call_impl\n    return self._call_impl(*args, **kwargs)\n  File "/home/lijiaxing/.conda/envs/api/lib/python3.10/site-packages/torch/nn/modules/module.py", line 1784, in _call_impl\n    return forward_call(*args, **kwargs)\n  File "/tmp/tmp1u0qkjc1.py", line 93, in forward\n    depthwise_vertical_conv_kernel[grid](\n  File "/home/lijiaxing/.conda/envs/api/lib/python3.10/site-packages/triton/runtime/jit.py", line 390, in <lambda>\n    return lambda *args, **kwargs: self.run(grid=grid, warmup=False, *args, **kwargs)\n  File "/home/lijiaxing/.conda/envs/api/lib/python3.10/site-packages/triton/runtime/jit.py", line 594, in run\n    kernel = self.compile(src, target=target, options=options.__dict__)\n  File "/home/lijiaxing/.conda/envs/api/lib/python3.10/site-packages/triton/compiler/compiler.py", line 339, in compile\n    module = src.make_ir(options, codegen_fns, module_map, context)\n  File "/home/lijiaxing/.conda/envs/api/lib/python3.10/site-packages/triton/compiler/compiler.py", line 83, in make_ir\n    return ast_to_ttir(self.fn, self, context=context, options=options, codegen_fns=codegen_fns,\ntriton.compiler.errors.CompilationError: at 21:24:\n\n    n_rows = tl.cdiv(output_height * output_width, BLOCK_SIZE)\n    batch_idx = pid_row // (in_channels * n_rows)\n    channel_idx = (pid_row % (in_channels * n_rows)) // n_rows\n    row_idx = pid_row % n_rows\n\n    col_offsets = pid_col * BLOCK_SIZE + tl.arange(0, BLOCK_SIZE)\n    idx = row_idx * BLOCK_SIZE + col_offsets\n    output_i = idx // output_width\n    output_j = idx % output_width\n\n    mask = (batch_idx < batch_size) & (channel_idx < in_channels) & (idx < output_height * output_width)\n                        ^\nNameError("Cannot access global variable batch_size from within @jit\'ed function. Triton kernels can only access global variables that are instanstiated as constexpr (`x = triton.language.constexpr(42)`). Note that this is different from annotating a variable as constexpr (`x: triton.language.constexpr = 42`), which is not supported.  Alternatively, set the envvar TRITON_ALLOW_NON_CONSTEXPR_GLOBALS=1, but we do not promise to support this forever.")\n\n\nThe above exception was the direct cause of the following exception:\n\nNameError: Cannot access global variable batch_size from within @jit\'ed function. Triton kernels can only access global variables that are instanstiated as constexpr (`x = triton.language.constexpr(42)`). Note that this is different from annotating a variable as constexpr (`x: triton.language.constexpr = 42`), which is not supported.  Alternatively, set the envvar TRITON_ALLOW_NON_CONSTEXPR_GLOBALS=1, but we do not promise to support this forever.\n', 'runtime_error_name': 'triton.compiler.errors.CompilationError', 'reference_timing_ms': 0.0273, 'speed_up': -1.0, 'custom_timing': -1.0}, 'runtime': -1.0, 'runtime_stats': {}}}
2025-08-08 17:54:01,342 - openevolve.RemoteSpeedupEvaluator - INFO - [level1_83_conv_depthwise_2D_square_input_asymmetric_kernel] triton key words check pass
2025-08-08 17:54:01,343 - openevolve.RemoteSpeedupEvaluator - INFO - [level1_83_conv_depthwise_2D_square_input_asymmetric_kernel] verify_plus payload: reference_code(1671 chars) + custom_code(4586 chars)
2025-08-08 17:54:04,220 - openevolve.RemoteSpeedupEvaluator - INFO - [level1_83_conv_depthwise_2D_square_input_asymmetric_kernel] verify_plus request success
2025-08-08 17:54:04,221 - openevolve.RemoteSpeedupEvaluator - INFO - [level1_83_conv_depthwise_2D_square_input_asymmetric_kernel] verify_plus response: {"id":"level1_83_conv_depthwise_2D_square_input_asymmetric_kernel","result":{"compiled":true,"correctness":false,"metadata":{"hardware":"NVIDIA L20Y","device":"cuda:2","runtime_error":"Traceback (most recent call last):\n  File \"/cpfs01/shared/llm_kernel/hujiakai/KernelLLM/validation_api_server/helpers/evaluations.py\", line 720, in run_and_check_correctness\n    output_new = model_new(*inputs)\n  File \"/home/lijiaxing/.conda/envs/api/lib/python3.10/site-packages/torch/nn/modules/module.py\", line 1773, in _wrapped_call_impl\n    return self._call_impl(*args, **kwargs)\n  File \"/home/lijiaxing/.conda/envs/api/lib/python3.10/site-packages/torch/nn/modules/module.py\", line 1784, in _call_impl\n    return forward_call(*args, **kwargs)\n  File \"/tmp/tmpd0wq5txf.py\", line 110, in forward\
2025-08-08 17:54:04,221 - openevolve.RemoteSpeedupEvaluator - INFO - [level1_83_conv_depthwise_2D_square_input_asymmetric_kernel] âœ˜ wrong_answer
2025-08-08 17:54:04,221 - openevolve.evaluator - INFO - Evaluated program 2b4690b9-0429-4123-9d1a-a582fa0f262b in 2.88s: compiled=1.0000, correctness=0.0000, score=10.0000, stage=wrong_answer, verify_payload={'id': 'level1_83_conv_depthwise_2D_square_input_asymmetric_kernel', 'result': {'compiled': True, 'correctness': False, 'metadata': {'hardware': 'NVIDIA L20Y', 'device': 'cuda:2', 'runtime_error': 'Traceback (most recent call last):\n  File "/cpfs01/shared/llm_kernel/hujiakai/KernelLLM/validation_api_server/helpers/evaluations.py", line 720, in run_and_check_correctness\n    output_new = model_new(*inputs)\n  File "/home/lijiaxing/.conda/envs/api/lib/python3.10/site-packages/torch/nn/modules/module.py", line 1773, in _wrapped_call_impl\n    return self._call_impl(*args, **kwargs)\n  File "/home/lijiaxing/.conda/envs/api/lib/python3.10/site-packages/torch/nn/modules/module.py", line 1784, in _call_impl\n    return forward_call(*args, **kwargs)\n  File "/tmp/tmpd0wq5txf.py", line 110, in forward\n    depthwise_conv2d_kernel[grid](\n  File "/home/lijiaxing/.conda/envs/api/lib/python3.10/site-packages/triton/runtime/jit.py", line 390, in <lambda>\n    return lambda *args, **kwargs: self.run(grid=grid, warmup=False, *args, **kwargs)\n  File "/home/lijiaxing/.conda/envs/api/lib/python3.10/site-packages/triton/runtime/jit.py", line 594, in run\n    kernel = self.compile(src, target=target, options=options.__dict__)\n  File "/home/lijiaxing/.conda/envs/api/lib/python3.10/site-packages/triton/compiler/compiler.py", line 339, in compile\n    module = src.make_ir(options, codegen_fns, module_map, context)\n  File "/home/lijiaxing/.conda/envs/api/lib/python3.10/site-packages/triton/compiler/compiler.py", line 83, in make_ir\n    return ast_to_ttir(self.fn, self, context=context, options=options, codegen_fns=codegen_fns,\ntriton.compiler.errors.CompilationError: at 36:11:\n\n    # Decode tensor indices from program ID\n    if pid < total_channels:\n        c = pid // pixels_per_channel\n        pixel_idx = pid % pixels_per_channel\n        h_out = pixel_idx // output_width\n        w_out = pixel_idx % output_width\n    else:\n        return\n\n    # Calculate input positions\n    w_in = w_out * stride - padding\n           ^\nNameError(\'w_out is not defined\')\n\n\nThe above exception was the direct cause of the following exception:\n\nNameError: w_out is not defined\n', 'runtime_error_name': 'triton.compiler.errors.CompilationError', 'reference_timing_ms': 0.0273, 'speed_up': -1.0, 'custom_timing': -1.0}, 'runtime': -1.0, 'runtime_stats': {}}}
2025-08-08 17:54:04,225 - openevolve.llm.ensemble - INFO - Sampled model: deepseek
2025-08-08 17:54:04,246 - openevolve.threaded_parallel - INFO - Iteration 0: Program 2b4690b9-0429-4123-9d1a-a582fa0f262b (parent: 2b465dd2-4e18-4d9c-902d-3e7914f463ce) completed in 1348.39s
2025-08-08 17:54:04,246 - openevolve.threaded_parallel - INFO - Metrics: compiled=1.0000, correctness=0.0000, score=10.0000, stage=wrong_answer, verify_payload={'id': 'level1_83_conv_depthwise_2D_square_input_asymmetric_kernel', 'result': {'compiled': True, 'correctness': False, 'metadata': {'hardware': 'NVIDIA L20Y', 'device': 'cuda:2', 'runtime_error': 'Traceback (most recent call last):\n  File "/cpfs01/shared/llm_kernel/hujiakai/KernelLLM/validation_api_server/helpers/evaluations.py", line 720, in run_and_check_correctness\n    output_new = model_new(*inputs)\n  File "/home/lijiaxing/.conda/envs/api/lib/python3.10/site-packages/torch/nn/modules/module.py", line 1773, in _wrapped_call_impl\n    return self._call_impl(*args, **kwargs)\n  File "/home/lijiaxing/.conda/envs/api/lib/python3.10/site-packages/torch/nn/modules/module.py", line 1784, in _call_impl\n    return forward_call(*args, **kwargs)\n  File "/tmp/tmpd0wq5txf.py", line 110, in forward\n    depthwise_conv2d_kernel[grid](\n  File "/home/lijiaxing/.conda/envs/api/lib/python3.10/site-packages/triton/runtime/jit.py", line 390, in <lambda>\n    return lambda *args, **kwargs: self.run(grid=grid, warmup=False, *args, **kwargs)\n  File "/home/lijiaxing/.conda/envs/api/lib/python3.10/site-packages/triton/runtime/jit.py", line 594, in run\n    kernel = self.compile(src, target=target, options=options.__dict__)\n  File "/home/lijiaxing/.conda/envs/api/lib/python3.10/site-packages/triton/compiler/compiler.py", line 339, in compile\n    module = src.make_ir(options, codegen_fns, module_map, context)\n  File "/home/lijiaxing/.conda/envs/api/lib/python3.10/site-packages/triton/compiler/compiler.py", line 83, in make_ir\n    return ast_to_ttir(self.fn, self, context=context, options=options, codegen_fns=codegen_fns,\ntriton.compiler.errors.CompilationError: at 36:11:\n\n    # Decode tensor indices from program ID\n    if pid < total_channels:\n        c = pid // pixels_per_channel\n        pixel_idx = pid % pixels_per_channel\n        h_out = pixel_idx // output_width\n        w_out = pixel_idx % output_width\n    else:\n        return\n\n    # Calculate input positions\n    w_in = w_out * stride - padding\n           ^\nNameError(\'w_out is not defined\')\n\n\nThe above exception was the direct cause of the following exception:\n\nNameError: w_out is not defined\n', 'runtime_error_name': 'triton.compiler.errors.CompilationError', 'reference_timing_ms': 0.0273, 'speed_up': -1.0, 'custom_timing': -1.0}, 'runtime': -1.0, 'runtime_stats': {}}}
2025-08-08 17:54:04,246 - openevolve.threaded_parallel - INFO - Checkpoint interval reached at iteration 0
2025-08-08 17:54:04,247 - openevolve.database - INFO - Island Status:
2025-08-08 17:54:04,247 - openevolve.database - INFO -    Island 0: 3 programs, best=10.0000, avg=6.6667, diversity=768.80, gen=1 (best: 3024e0c1-b6f9-4507-abf4-4c6d023bb5e7)
2025-08-08 17:54:04,247 - openevolve.database - INFO -  * Island 1: 2 programs, best=10.0000, avg=10.0000, diversity=103.70, gen=2 (best: 2b4690b9-0429-4123-9d1a-a582fa0f262b)
2025-08-08 17:54:04,247 - openevolve.database - INFO -    Island 2: 0 programs, best=0.0000, avg=0.0000, diversity=0.00, gen=0
2025-08-08 17:54:04,301 - openevolve.database - INFO - Saved database with 4 programs to openevolve_output/level1_83_conv_depthwise_2D_square_input_asymmetric_kernel/checkpoints/checkpoint_0
2025-08-08 17:54:04,322 - openevolve.controller - INFO - Saved best program at checkpoint 0 with metrics: compiled=1.0000, correctness=0.0000, score=10.0000, stage=wrong_answer, verify_payload={'id': 'level1_83_conv_depthwise_2D_square_input_asymmetric_kernel', 'result': {'compiled': True, 'correctness': False, 'metadata': {'hardware': 'NVIDIA L20Y', 'device': 'cuda:5', 'runtime_error': 'Traceback (most recent call last):\n  File "/home/lijiaxing/.conda/envs/api/lib/python3.10/site-packages/triton/language/core.py", line 42, in wrapper\n    return fn(*args, **kwargs)\n  File "/home/lijiaxing/.conda/envs/api/lib/python3.10/site-packages/triton/language/core.py", line 1693, in full\n    shape = _shape_check_impl(shape)\n  File "/home/lijiaxing/.conda/envs/api/lib/python3.10/site-packages/triton/language/core.py", line 1676, in _shape_check_impl\n    shape = _unwrap_shape(shape)\n  File "/home/lijiaxing/.conda/envs/api/lib/python3.10/site-packages/triton/language/core.py", line 1672, in _unwrap_shape\n    return [_unwrap_if_constexpr(s) for s in shape]\nTypeError: \'int\' object is not iterable\n\nThe above exception was the direct cause of the following exception:\n\ntriton.compiler.errors.CompilationError: at 10:11:\ndef zeros(shape, dtype):\n    """\n    Returns a tensor filled with the scalar value 0 for the given :code:`shape` and :code:`dtype`.\n\n    :param shape: Shape of the new array, e.g., (8, 16) or (8, )\n    :type shape: tuple of ints\n    :param dtype: Data-type of the new array, e.g., :code:`tl.float16`\n    :type dtype: DType\n    """\n    return core.full(shape, 0, dtype)\n           ^\n\nThe above exception was the direct cause of the following exception:\n\nTraceback (most recent call last):\n  File "/cpfs01/shared/llm_kernel/hujiakai/KernelLLM/validation_api_server/helpers/evaluations.py", line 720, in run_and_check_correctness\n    output_new = model_new(*inputs)\n  File "/home/lijiaxing/.conda/envs/api/lib/python3.10/site-packages/torch/nn/modules/module.py", line 1773, in _wrapped_call_impl\n    return self._call_impl(*args, **kwargs)\n  File "/home/lijiaxing/.conda/envs/api/lib/python3.10/site-packages/torch/nn/modules/module.py", line 1784, in _call_impl\n    return forward_call(*args, **kwargs)\n  File "/tmp/tmp7p55od8a.py", line 112, in forward\n    _depthwise_conv2d_kernel[grid](\n  File "/home/lijiaxing/.conda/envs/api/lib/python3.10/site-packages/triton/runtime/jit.py", line 390, in <lambda>\n    return lambda *args, **kwargs: self.run(grid=grid, warmup=False, *args, **kwargs)\n  File "/home/lijiaxing/.conda/envs/api/lib/python3.10/site-packages/triton/runtime/jit.py", line 594, in run\n    kernel = self.compile(src, target=target, options=options.__dict__)\n  File "/home/lijiaxing/.conda/envs/api/lib/python3.10/site-packages/triton/compiler/compiler.py", line 339, in compile\n    module = src.make_ir(options, codegen_fns, module_map, context)\n  File "/home/lijiaxing/.conda/envs/api/lib/python3.10/site-packages/triton/compiler/compiler.py", line 83, in make_ir\n    return ast_to_ttir(self.fn, self, context=context, options=options, codegen_fns=codegen_fns,\ntriton.compiler.errors.CompilationError: at 37:14:\n    h_out = residual % height_out\n\n    weight_channel_ptr = weight_ptr + channel_id * kernel_size\n\n    for w_out_start in range(0, width_out, BLOCK_SIZE):\n        w_offsets = w_out_start + tl.arange(0, BLOCK_SIZE)\n        w_mask = w_offsets < width_out\n\n        w_in = w_offsets * stride - padding\n        w_in_mask = (w_in >= 0) & (w_in < width)\n\n        acc = tl.zeros(BLOCK_SIZE, dtype=tl.float32)\n              ^\n\n\nThe above exception was the direct cause of the following exception:\n\nTraceback (most recent call last):\n  File "/home/lijiaxing/.conda/envs/api/lib/python3.10/site-packages/triton/language/core.py", line 42, in wrapper\n    return fn(*args, **kwargs)\n  File "/home/lijiaxing/.conda/envs/api/lib/python3.10/site-packages/triton/language/core.py", line 1693, in full\n    shape = _shape_check_impl(shape)\n  File "/home/lijiaxing/.conda/envs/api/lib/python3.10/site-packages/triton/language/core.py", line 1676, in _shape_check_impl\n    shape = _unwrap_shape(shape)\n  File "/home/lijiaxing/.conda/envs/api/lib/python3.10/site-packages/triton/language/core.py", line 1672, in _unwrap_shape\n    return [_unwrap_if_constexpr(s) for s in shape]\nTypeError: \'int\' object is not iterable\n\nThe above exception was the direct cause of the following exception:\n\ntriton.compiler.errors.CompilationError: at 10:11:\ndef zeros(shape, dtype):\n    """\n    Returns a tensor filled with the scalar value 0 for the given :code:`shape` and :code:`dtype`.\n\n    :param shape: Shape of the new array, e.g., (8, 16) or (8, )\n    :type shape: tuple of ints\n    :param dtype: Data-type of the new array, e.g., :code:`tl.float16`\n    :type dtype: DType\n    """\n    return core.full(shape, 0, dtype)\n           ^\n\n\nThe above exception was the direct cause of the following exception:\n\nTraceback (most recent call last):\n  File "/home/lijiaxing/.conda/envs/api/lib/python3.10/site-packages/triton/language/core.py", line 42, in wrapper\n    return fn(*args, **kwargs)\n  File "/home/lijiaxing/.conda/envs/api/lib/python3.10/site-packages/triton/language/core.py", line 1693, in full\n    shape = _shape_check_impl(shape)\n  File "/home/lijiaxing/.conda/envs/api/lib/python3.10/site-packages/triton/language/core.py", line 1676, in _shape_check_impl\n    shape = _unwrap_shape(shape)\n  File "/home/lijiaxing/.conda/envs/api/lib/python3.10/site-packages/triton/language/core.py", line 1672, in _unwrap_shape\n    return [_unwrap_if_constexpr(s) for s in shape]\nTypeError: \'int\' object is not iterable\n', 'runtime_error_name': 'triton.compiler.errors.CompilationError', 'reference_timing_ms': 0.0273, 'speed_up': -1.0, 'custom_timing': -1.0}, 'runtime': -1.0, 'runtime_stats': {}}}
2025-08-08 17:54:04,322 - openevolve.controller - INFO - Saved checkpoint at iteration 0 to openevolve_output/level1_83_conv_depthwise_2D_square_input_asymmetric_kernel/checkpoints/checkpoint_0
2025-08-08 17:58:00,059 - openevolve.RemoteSpeedupEvaluator - INFO - [level1_83_conv_depthwise_2D_square_input_asymmetric_kernel] triton key words check pass
2025-08-08 17:58:00,061 - openevolve.RemoteSpeedupEvaluator - INFO - [level1_83_conv_depthwise_2D_square_input_asymmetric_kernel] verify_plus payload: reference_code(1671 chars) + custom_code(4257 chars)
2025-08-08 17:58:03,041 - openevolve.RemoteSpeedupEvaluator - INFO - [level1_83_conv_depthwise_2D_square_input_asymmetric_kernel] verify_plus request success
2025-08-08 17:58:03,042 - openevolve.RemoteSpeedupEvaluator - INFO - [level1_83_conv_depthwise_2D_square_input_asymmetric_kernel] verify_plus response: {"id":"level1_83_conv_depthwise_2D_square_input_asymmetric_kernel","result":{"compiled":true,"correctness":false,"metadata":{"hardware":"NVIDIA L20Y","device":"cuda:7","runtime_error":"Traceback (most recent call last):\n  File \"/cpfs01/shared/llm_kernel/hujiakai/KernelLLM/validation_api_server/helpers/evaluations.py\", line 720, in run_and_check_correctness\n    output_new = model_new(*inputs)\n  File \"/home/lijiaxing/.conda/envs/api/lib/python3.10/site-packages/torch/nn/modules/module.py\", line 1773, in _wrapped_call_impl\n    return self._call_impl(*args, **kwargs)\n  File \"/home/lijiaxing/.conda/envs/api/lib/python3.10/site-packages/torch/nn/modules/module.py\", line 1784, in _call_impl\n    return forward_call(*args, **kwargs)\n  File \"/tmp/tmpqagxhg5g.py\", line 112, in forward\
2025-08-08 17:58:03,042 - openevolve.RemoteSpeedupEvaluator - INFO - [level1_83_conv_depthwise_2D_square_input_asymmetric_kernel] âœ˜ wrong_answer
2025-08-08 17:58:03,042 - openevolve.evaluator - INFO - Evaluated program 82f8878d-a1e3-495e-b587-8ed735298bcd in 2.98s: compiled=1.0000, correctness=0.0000, score=10.0000, stage=wrong_answer, verify_payload={'id': 'level1_83_conv_depthwise_2D_square_input_asymmetric_kernel', 'result': {'compiled': True, 'correctness': False, 'metadata': {'hardware': 'NVIDIA L20Y', 'device': 'cuda:7', 'runtime_error': 'Traceback (most recent call last):\n  File "/cpfs01/shared/llm_kernel/hujiakai/KernelLLM/validation_api_server/helpers/evaluations.py", line 720, in run_and_check_correctness\n    output_new = model_new(*inputs)\n  File "/home/lijiaxing/.conda/envs/api/lib/python3.10/site-packages/torch/nn/modules/module.py", line 1773, in _wrapped_call_impl\n    return self._call_impl(*args, **kwargs)\n  File "/home/lijiaxing/.conda/envs/api/lib/python3.10/site-packages/torch/nn/modules/module.py", line 1784, in _call_impl\n    return forward_call(*args, **kwargs)\n  File "/tmp/tmpqagxhg5g.py", line 112, in forward\n    _depthwise_conv2d_kernel[grid](\n  File "/home/lijiaxing/.conda/envs/api/lib/python3.10/site-packages/triton/runtime/jit.py", line 390, in <lambda>\n    return lambda *args, **kwargs: self.run(grid=grid, warmup=False, *args, **kwargs)\n  File "/home/lijiaxing/.conda/envs/api/lib/python3.10/site-packages/triton/runtime/jit.py", line 594, in run\n    kernel = self.compile(src, target=target, options=options.__dict__)\n  File "/home/lijiaxing/.conda/envs/api/lib/python3.10/site-packages/triton/compiler/compiler.py", line 339, in compile\n    module = src.make_ir(options, codegen_fns, module_map, context)\n  File "/home/lijiaxing/.conda/envs/api/lib/python3.10/site-packages/triton/compiler/compiler.py", line 83, in make_ir\n    return ast_to_ttir(self.fn, self, context=context, options=options, codegen_fns=codegen_fns,\ntriton.compiler.errors.UnsupportedLanguageConstruct: at 42:16:\n        w_offsets = w_out_start + tl.arange(0, BLOCK_SIZE)\n        w_mask = w_offsets < width_out\n\n        w_in = w_offsets * stride - padding\n        w_in_mask = (w_in >= 0) & (w_in < width)\n\n        acc = tl.zeros((BLOCK_SIZE,), dtype=tl.float32)\n\n        for i in range(0, kernel_size):\n            h_in = h_out * stride - padding + i * dilation\n            if h_in < 0 or h_in >= height:\n                continue\n                ^\nunsupported AST node type: Continue\n', 'runtime_error_name': 'triton.compiler.errors.UnsupportedLanguageConstruct', 'reference_timing_ms': 0.0273, 'speed_up': -1.0, 'custom_timing': -1.0}, 'runtime': -1.0, 'runtime_stats': {}}}
2025-08-08 17:58:03,046 - openevolve.llm.ensemble - INFO - Sampled model: deepseek
2025-08-08 17:58:03,050 - openevolve.database - INFO - New MAP-Elites cell occupied: {'score': 9, 'complexity': 8}
2025-08-08 17:58:03,063 - openevolve.threaded_parallel - INFO - Iteration 5: Program 82f8878d-a1e3-495e-b587-8ed735298bcd (parent: 3024e0c1-b6f9-4507-abf4-4c6d023bb5e7) completed in 238.82s
2025-08-08 17:58:03,063 - openevolve.threaded_parallel - INFO - Metrics: compiled=1.0000, correctness=0.0000, score=10.0000, stage=wrong_answer, verify_payload={'id': 'level1_83_conv_depthwise_2D_square_input_asymmetric_kernel', 'result': {'compiled': True, 'correctness': False, 'metadata': {'hardware': 'NVIDIA L20Y', 'device': 'cuda:7', 'runtime_error': 'Traceback (most recent call last):\n  File "/cpfs01/shared/llm_kernel/hujiakai/KernelLLM/validation_api_server/helpers/evaluations.py", line 720, in run_and_check_correctness\n    output_new = model_new(*inputs)\n  File "/home/lijiaxing/.conda/envs/api/lib/python3.10/site-packages/torch/nn/modules/module.py", line 1773, in _wrapped_call_impl\n    return self._call_impl(*args, **kwargs)\n  File "/home/lijiaxing/.conda/envs/api/lib/python3.10/site-packages/torch/nn/modules/module.py", line 1784, in _call_impl\n    return forward_call(*args, **kwargs)\n  File "/tmp/tmpqagxhg5g.py", line 112, in forward\n    _depthwise_conv2d_kernel[grid](\n  File "/home/lijiaxing/.conda/envs/api/lib/python3.10/site-packages/triton/runtime/jit.py", line 390, in <lambda>\n    return lambda *args, **kwargs: self.run(grid=grid, warmup=False, *args, **kwargs)\n  File "/home/lijiaxing/.conda/envs/api/lib/python3.10/site-packages/triton/runtime/jit.py", line 594, in run\n    kernel = self.compile(src, target=target, options=options.__dict__)\n  File "/home/lijiaxing/.conda/envs/api/lib/python3.10/site-packages/triton/compiler/compiler.py", line 339, in compile\n    module = src.make_ir(options, codegen_fns, module_map, context)\n  File "/home/lijiaxing/.conda/envs/api/lib/python3.10/site-packages/triton/compiler/compiler.py", line 83, in make_ir\n    return ast_to_ttir(self.fn, self, context=context, options=options, codegen_fns=codegen_fns,\ntriton.compiler.errors.UnsupportedLanguageConstruct: at 42:16:\n        w_offsets = w_out_start + tl.arange(0, BLOCK_SIZE)\n        w_mask = w_offsets < width_out\n\n        w_in = w_offsets * stride - padding\n        w_in_mask = (w_in >= 0) & (w_in < width)\n\n        acc = tl.zeros((BLOCK_SIZE,), dtype=tl.float32)\n\n        for i in range(0, kernel_size):\n            h_in = h_out * stride - padding + i * dilation\n            if h_in < 0 or h_in >= height:\n                continue\n                ^\nunsupported AST node type: Continue\n', 'runtime_error_name': 'triton.compiler.errors.UnsupportedLanguageConstruct', 'reference_timing_ms': 0.0273, 'speed_up': -1.0, 'custom_timing': -1.0}, 'runtime': -1.0, 'runtime_stats': {}}}
2025-08-08 17:59:46,812 - openevolve.RemoteSpeedupEvaluator - INFO - [level1_83_conv_depthwise_2D_square_input_asymmetric_kernel] triton key words check pass
2025-08-08 17:59:46,813 - openevolve.RemoteSpeedupEvaluator - INFO - [level1_83_conv_depthwise_2D_square_input_asymmetric_kernel] verify_plus payload: reference_code(1671 chars) + custom_code(4159 chars)
2025-08-08 17:59:50,521 - openevolve.RemoteSpeedupEvaluator - INFO - [level1_83_conv_depthwise_2D_square_input_asymmetric_kernel] verify_plus request success
2025-08-08 17:59:50,521 - openevolve.RemoteSpeedupEvaluator - INFO - [level1_83_conv_depthwise_2D_square_input_asymmetric_kernel] verify_plus response: {"id":"level1_83_conv_depthwise_2D_square_input_asymmetric_kernel","result":{"compiled":true,"correctness":false,"metadata":{"hardware":"NVIDIA L20Y","device":"cuda:1","runtime_error":"Traceback (most recent call last):\n  File \"/home/lijiaxing/.conda/envs/api/lib/python3.10/site-packages/triton/language/core.py\", line 42, in wrapper\n    return fn(*args, **kwargs)\n  File \"/home/lijiaxing/.conda/envs/api/lib/python3.10/site-packages/triton/language/core.py\", line 1654, in arange\n    return _semantic.arange(start, end)\n  File \"/home/lijiaxing/.conda/envs/api/lib/python3.10/site-packages/triton/language/semantic.py\", line 574, in arange\n    raise ValueError(\"arange's arguments must be of type tl.constexpr\")\nValueError: arange's arguments must be of type tl.constexpr\n\nThe above
2025-08-08 17:59:50,522 - openevolve.RemoteSpeedupEvaluator - INFO - [level1_83_conv_depthwise_2D_square_input_asymmetric_kernel] âœ˜ wrong_answer
2025-08-08 17:59:50,522 - openevolve.evaluator - INFO - Evaluated program 42568dcc-a466-47cf-a167-2bce3b4e817c in 3.71s: compiled=1.0000, correctness=0.0000, score=10.0000, stage=wrong_answer, verify_payload={'id': 'level1_83_conv_depthwise_2D_square_input_asymmetric_kernel', 'result': {'compiled': True, 'correctness': False, 'metadata': {'hardware': 'NVIDIA L20Y', 'device': 'cuda:1', 'runtime_error': 'Traceback (most recent call last):\n  File "/home/lijiaxing/.conda/envs/api/lib/python3.10/site-packages/triton/language/core.py", line 42, in wrapper\n    return fn(*args, **kwargs)\n  File "/home/lijiaxing/.conda/envs/api/lib/python3.10/site-packages/triton/language/core.py", line 1654, in arange\n    return _semantic.arange(start, end)\n  File "/home/lijiaxing/.conda/envs/api/lib/python3.10/site-packages/triton/language/semantic.py", line 574, in arange\n    raise ValueError("arange\'s arguments must be of type tl.constexpr")\nValueError: arange\'s arguments must be of type tl.constexpr\n\nThe above exception was the direct cause of the following exception:\n\nTraceback (most recent call last):\n  File "/cpfs01/shared/llm_kernel/hujiakai/KernelLLM/validation_api_server/helpers/evaluations.py", line 720, in run_and_check_correctness\n    output_new = model_new(*inputs)\n  File "/home/lijiaxing/.conda/envs/api/lib/python3.10/site-packages/torch/nn/modules/module.py", line 1773, in _wrapped_call_impl\n    return self._call_impl(*args, **kwargs)\n  File "/home/lijiaxing/.conda/envs/api/lib/python3.10/site-packages/torch/nn/modules/module.py", line 1784, in _call_impl\n    return forward_call(*args, **kwargs)\n  File "/tmp/tmp1yqal93q.py", line 106, in forward\n    _depthwise_conv2d_kernel[grid](\n  File "/home/lijiaxing/.conda/envs/api/lib/python3.10/site-packages/triton/runtime/jit.py", line 390, in <lambda>\n    return lambda *args, **kwargs: self.run(grid=grid, warmup=False, *args, **kwargs)\n  File "/home/lijiaxing/.conda/envs/api/lib/python3.10/site-packages/triton/runtime/jit.py", line 594, in run\n    kernel = self.compile(src, target=target, options=options.__dict__)\n  File "/home/lijiaxing/.conda/envs/api/lib/python3.10/site-packages/triton/compiler/compiler.py", line 339, in compile\n    module = src.make_ir(options, codegen_fns, module_map, context)\n  File "/home/lijiaxing/.conda/envs/api/lib/python3.10/site-packages/triton/compiler/compiler.py", line 83, in make_ir\n    return ast_to_ttir(self.fn, self, context=context, options=options, codegen_fns=codegen_fns,\ntriton.compiler.errors.CompilationError: at 29:75:\n    pid = tl.program_id(0)\n    num_rows = batch * in_channels * height_out\n    if pid >= num_rows:\n        return\n\n    batch_id = pid // (in_channels * height_out)\n    residual = pid % (in_channels * height_out)\n    channel_id = residual // height_out\n    h_out = residual % height_out\n\n    weight_channel_ptr = weight_ptr + channel_id * kernel_size\n    weights = tl.load(weight_channel_ptr + tl.arange(0, kernel_size), mask=tl.arange(0, kernel_size) < kernel_size)\n                                                                           ^\n\n\nThe above exception was the direct cause of the following exception:\n\nTraceback (most recent call last):\n  File "/home/lijiaxing/.conda/envs/api/lib/python3.10/site-packages/triton/language/core.py", line 42, in wrapper\n    return fn(*args, **kwargs)\n  File "/home/lijiaxing/.conda/envs/api/lib/python3.10/site-packages/triton/language/core.py", line 1654, in arange\n    return _semantic.arange(start, end)\n  File "/home/lijiaxing/.conda/envs/api/lib/python3.10/site-packages/triton/language/semantic.py", line 574, in arange\n    raise ValueError("arange\'s arguments must be of type tl.constexpr")\nValueError: arange\'s arguments must be of type tl.constexpr\n', 'runtime_error_name': 'triton.compiler.errors.CompilationError', 'reference_timing_ms': 0.0273, 'speed_up': -1.0, 'custom_timing': -1.0}, 'runtime': -1.0, 'runtime_stats': {}}}
2025-08-08 17:59:50,527 - openevolve.llm.ensemble - INFO - Sampled model: deepseek
2025-08-08 17:59:50,544 - openevolve.threaded_parallel - INFO - Iteration 4: Program 42568dcc-a466-47cf-a167-2bce3b4e817c (parent: 2b465dd2-4e18-4d9c-902d-3e7914f463ce) completed in 644.47s
2025-08-08 17:59:50,545 - openevolve.threaded_parallel - INFO - Metrics: compiled=1.0000, correctness=0.0000, score=10.0000, stage=wrong_answer, verify_payload={'id': 'level1_83_conv_depthwise_2D_square_input_asymmetric_kernel', 'result': {'compiled': True, 'correctness': False, 'metadata': {'hardware': 'NVIDIA L20Y', 'device': 'cuda:1', 'runtime_error': 'Traceback (most recent call last):\n  File "/home/lijiaxing/.conda/envs/api/lib/python3.10/site-packages/triton/language/core.py", line 42, in wrapper\n    return fn(*args, **kwargs)\n  File "/home/lijiaxing/.conda/envs/api/lib/python3.10/site-packages/triton/language/core.py", line 1654, in arange\n    return _semantic.arange(start, end)\n  File "/home/lijiaxing/.conda/envs/api/lib/python3.10/site-packages/triton/language/semantic.py", line 574, in arange\n    raise ValueError("arange\'s arguments must be of type tl.constexpr")\nValueError: arange\'s arguments must be of type tl.constexpr\n\nThe above exception was the direct cause of the following exception:\n\nTraceback (most recent call last):\n  File "/cpfs01/shared/llm_kernel/hujiakai/KernelLLM/validation_api_server/helpers/evaluations.py", line 720, in run_and_check_correctness\n    output_new = model_new(*inputs)\n  File "/home/lijiaxing/.conda/envs/api/lib/python3.10/site-packages/torch/nn/modules/module.py", line 1773, in _wrapped_call_impl\n    return self._call_impl(*args, **kwargs)\n  File "/home/lijiaxing/.conda/envs/api/lib/python3.10/site-packages/torch/nn/modules/module.py", line 1784, in _call_impl\n    return forward_call(*args, **kwargs)\n  File "/tmp/tmp1yqal93q.py", line 106, in forward\n    _depthwise_conv2d_kernel[grid](\n  File "/home/lijiaxing/.conda/envs/api/lib/python3.10/site-packages/triton/runtime/jit.py", line 390, in <lambda>\n    return lambda *args, **kwargs: self.run(grid=grid, warmup=False, *args, **kwargs)\n  File "/home/lijiaxing/.conda/envs/api/lib/python3.10/site-packages/triton/runtime/jit.py", line 594, in run\n    kernel = self.compile(src, target=target, options=options.__dict__)\n  File "/home/lijiaxing/.conda/envs/api/lib/python3.10/site-packages/triton/compiler/compiler.py", line 339, in compile\n    module = src.make_ir(options, codegen_fns, module_map, context)\n  File "/home/lijiaxing/.conda/envs/api/lib/python3.10/site-packages/triton/compiler/compiler.py", line 83, in make_ir\n    return ast_to_ttir(self.fn, self, context=context, options=options, codegen_fns=codegen_fns,\ntriton.compiler.errors.CompilationError: at 29:75:\n    pid = tl.program_id(0)\n    num_rows = batch * in_channels * height_out\n    if pid >= num_rows:\n        return\n\n    batch_id = pid // (in_channels * height_out)\n    residual = pid % (in_channels * height_out)\n    channel_id = residual // height_out\n    h_out = residual % height_out\n\n    weight_channel_ptr = weight_ptr + channel_id * kernel_size\n    weights = tl.load(weight_channel_ptr + tl.arange(0, kernel_size), mask=tl.arange(0, kernel_size) < kernel_size)\n                                                                           ^\n\n\nThe above exception was the direct cause of the following exception:\n\nTraceback (most recent call last):\n  File "/home/lijiaxing/.conda/envs/api/lib/python3.10/site-packages/triton/language/core.py", line 42, in wrapper\n    return fn(*args, **kwargs)\n  File "/home/lijiaxing/.conda/envs/api/lib/python3.10/site-packages/triton/language/core.py", line 1654, in arange\n    return _semantic.arange(start, end)\n  File "/home/lijiaxing/.conda/envs/api/lib/python3.10/site-packages/triton/language/semantic.py", line 574, in arange\n    raise ValueError("arange\'s arguments must be of type tl.constexpr")\nValueError: arange\'s arguments must be of type tl.constexpr\n', 'runtime_error_name': 'triton.compiler.errors.CompilationError', 'reference_timing_ms': 0.0273, 'speed_up': -1.0, 'custom_timing': -1.0}, 'runtime': -1.0, 'runtime_stats': {}}}
2025-08-08 18:02:39,781 - openevolve.RemoteSpeedupEvaluator - INFO - [level1_83_conv_depthwise_2D_square_input_asymmetric_kernel] triton key words check pass
2025-08-08 18:02:39,782 - openevolve.RemoteSpeedupEvaluator - INFO - [level1_83_conv_depthwise_2D_square_input_asymmetric_kernel] verify_plus payload: reference_code(1671 chars) + custom_code(4784 chars)
2025-08-08 18:02:42,595 - openevolve.RemoteSpeedupEvaluator - INFO - [level1_83_conv_depthwise_2D_square_input_asymmetric_kernel] verify_plus request success
2025-08-08 18:02:42,596 - openevolve.RemoteSpeedupEvaluator - INFO - [level1_83_conv_depthwise_2D_square_input_asymmetric_kernel] verify_plus response: {"id":"level1_83_conv_depthwise_2D_square_input_asymmetric_kernel","result":{"compiled":true,"correctness":false,"metadata":{"hardware":"NVIDIA L20Y","device":"cuda:2","runtime_error":"Traceback (most recent call last):\n  File \"/home/lijiaxing/.conda/envs/api/lib/python3.10/site-packages/triton/language/core.py\", line 42, in wrapper\n    return fn(*args, **kwargs)\n  File \"/home/lijiaxing/.conda/envs/api/lib/python3.10/site-packages/triton/language/core.py\", line 1654, in arange\n    return _semantic.arange(start, end)\n  File \"/home/lijiaxing/.conda/envs/api/lib/python3.10/site-packages/triton/language/semantic.py\", line 583, in arange\n    raise ValueError(\"arange's range must be a power of 2\")\nValueError: arange's range must be a power of 2\n\nThe above exception was the direc
2025-08-08 18:02:42,596 - openevolve.RemoteSpeedupEvaluator - INFO - [level1_83_conv_depthwise_2D_square_input_asymmetric_kernel] âœ˜ wrong_answer
2025-08-08 18:02:42,596 - openevolve.evaluator - INFO - Evaluated program 98c480cb-bc6a-4ef4-ba97-ddfaba92a46e in 2.82s: compiled=1.0000, correctness=0.0000, score=10.0000, stage=wrong_answer, verify_payload={'id': 'level1_83_conv_depthwise_2D_square_input_asymmetric_kernel', 'result': {'compiled': True, 'correctness': False, 'metadata': {'hardware': 'NVIDIA L20Y', 'device': 'cuda:2', 'runtime_error': 'Traceback (most recent call last):\n  File "/home/lijiaxing/.conda/envs/api/lib/python3.10/site-packages/triton/language/core.py", line 42, in wrapper\n    return fn(*args, **kwargs)\n  File "/home/lijiaxing/.conda/envs/api/lib/python3.10/site-packages/triton/language/core.py", line 1654, in arange\n    return _semantic.arange(start, end)\n  File "/home/lijiaxing/.conda/envs/api/lib/python3.10/site-packages/triton/language/semantic.py", line 583, in arange\n    raise ValueError("arange\'s range must be a power of 2")\nValueError: arange\'s range must be a power of 2\n\nThe above exception was the direct cause of the following exception:\n\nTraceback (most recent call last):\n  File "/cpfs01/shared/llm_kernel/hujiakai/KernelLLM/validation_api_server/helpers/evaluations.py", line 720, in run_and_check_correctness\n    output_new = model_new(*inputs)\n  File "/home/lijiaxing/.conda/envs/api/lib/python3.10/site-packages/torch/nn/modules/module.py", line 1773, in _wrapped_call_impl\n    return self._call_impl(*args, **kwargs)\n  File "/home/lijiaxing/.conda/envs/api/lib/python3.10/site-packages/torch/nn/modules/module.py", line 1784, in _call_impl\n    return forward_call(*args, **kwargs)\n  File "/tmp/tmp9iggh66g.py", line 101, in forward\n    _depthwise_conv1d_kernel[grid](\n  File "/home/lijiaxing/.conda/envs/api/lib/python3.10/site-packages/triton/runtime/jit.py", line 390, in <lambda>\n    return lambda *args, **kwargs: self.run(grid=grid, warmup=False, *args, **kwargs)\n  File "/home/lijiaxing/.conda/envs/api/lib/python3.10/site-packages/triton/runtime/jit.py", line 594, in run\n    kernel = self.compile(src, target=target, options=options.__dict__)\n  File "/home/lijiaxing/.conda/envs/api/lib/python3.10/site-packages/triton/compiler/compiler.py", line 339, in compile\n    module = src.make_ir(options, codegen_fns, module_map, context)\n  File "/home/lijiaxing/.conda/envs/api/lib/python3.10/site-packages/triton/compiler/compiler.py", line 83, in make_ir\n    return ast_to_ttir(self.fn, self, context=context, options=options, codegen_fns=codegen_fns,\ntriton.compiler.errors.CompilationError: at 24:43:\n    pid_in_batch = pid % total_blocks_per_batch\n\n    total_blocks_per_channel = out_height * num_blocks_width\n    channel_index = pid_in_batch // total_blocks_per_channel\n    pid_in_channel = pid_in_batch % total_blocks_per_channel\n\n    oh_index = pid_in_channel // num_blocks_width\n    block_index_width = pid_in_channel % num_blocks_width\n\n    base_row = oh_index * stride - padding\n    weight_ptr_channel = weight_ptr + channel_index * kernel_size\n    weights = tl.load(weight_ptr_channel + tl.arange(0, kernel_size))\n                                           ^\n\n\nThe above exception was the direct cause of the following exception:\n\nTraceback (most recent call last):\n  File "/home/lijiaxing/.conda/envs/api/lib/python3.10/site-packages/triton/language/core.py", line 42, in wrapper\n    return fn(*args, **kwargs)\n  File "/home/lijiaxing/.conda/envs/api/lib/python3.10/site-packages/triton/language/core.py", line 1654, in arange\n    return _semantic.arange(start, end)\n  File "/home/lijiaxing/.conda/envs/api/lib/python3.10/site-packages/triton/language/semantic.py", line 583, in arange\n    raise ValueError("arange\'s range must be a power of 2")\nValueError: arange\'s range must be a power of 2\n', 'runtime_error_name': 'triton.compiler.errors.CompilationError', 'reference_timing_ms': 0.0273, 'speed_up': -1.0, 'custom_timing': -1.0}, 'runtime': -1.0, 'runtime_stats': {}}}
2025-08-08 18:02:42,600 - openevolve.llm.ensemble - INFO - Sampled model: deepseek
2025-08-08 18:02:42,613 - openevolve.threaded_parallel - INFO - Iteration 3: Program 98c480cb-bc6a-4ef4-ba97-ddfaba92a46e (parent: 2b465dd2-4e18-4d9c-902d-3e7914f463ce) completed in 996.23s
2025-08-08 18:02:42,613 - openevolve.threaded_parallel - INFO - Metrics: compiled=1.0000, correctness=0.0000, score=10.0000, stage=wrong_answer, verify_payload={'id': 'level1_83_conv_depthwise_2D_square_input_asymmetric_kernel', 'result': {'compiled': True, 'correctness': False, 'metadata': {'hardware': 'NVIDIA L20Y', 'device': 'cuda:2', 'runtime_error': 'Traceback (most recent call last):\n  File "/home/lijiaxing/.conda/envs/api/lib/python3.10/site-packages/triton/language/core.py", line 42, in wrapper\n    return fn(*args, **kwargs)\n  File "/home/lijiaxing/.conda/envs/api/lib/python3.10/site-packages/triton/language/core.py", line 1654, in arange\n    return _semantic.arange(start, end)\n  File "/home/lijiaxing/.conda/envs/api/lib/python3.10/site-packages/triton/language/semantic.py", line 583, in arange\n    raise ValueError("arange\'s range must be a power of 2")\nValueError: arange\'s range must be a power of 2\n\nThe above exception was the direct cause of the following exception:\n\nTraceback (most recent call last):\n  File "/cpfs01/shared/llm_kernel/hujiakai/KernelLLM/validation_api_server/helpers/evaluations.py", line 720, in run_and_check_correctness\n    output_new = model_new(*inputs)\n  File "/home/lijiaxing/.conda/envs/api/lib/python3.10/site-packages/torch/nn/modules/module.py", line 1773, in _wrapped_call_impl\n    return self._call_impl(*args, **kwargs)\n  File "/home/lijiaxing/.conda/envs/api/lib/python3.10/site-packages/torch/nn/modules/module.py", line 1784, in _call_impl\n    return forward_call(*args, **kwargs)\n  File "/tmp/tmp9iggh66g.py", line 101, in forward\n    _depthwise_conv1d_kernel[grid](\n  File "/home/lijiaxing/.conda/envs/api/lib/python3.10/site-packages/triton/runtime/jit.py", line 390, in <lambda>\n    return lambda *args, **kwargs: self.run(grid=grid, warmup=False, *args, **kwargs)\n  File "/home/lijiaxing/.conda/envs/api/lib/python3.10/site-packages/triton/runtime/jit.py", line 594, in run\n    kernel = self.compile(src, target=target, options=options.__dict__)\n  File "/home/lijiaxing/.conda/envs/api/lib/python3.10/site-packages/triton/compiler/compiler.py", line 339, in compile\n    module = src.make_ir(options, codegen_fns, module_map, context)\n  File "/home/lijiaxing/.conda/envs/api/lib/python3.10/site-packages/triton/compiler/compiler.py", line 83, in make_ir\n    return ast_to_ttir(self.fn, self, context=context, options=options, codegen_fns=codegen_fns,\ntriton.compiler.errors.CompilationError: at 24:43:\n    pid_in_batch = pid % total_blocks_per_batch\n\n    total_blocks_per_channel = out_height * num_blocks_width\n    channel_index = pid_in_batch // total_blocks_per_channel\n    pid_in_channel = pid_in_batch % total_blocks_per_channel\n\n    oh_index = pid_in_channel // num_blocks_width\n    block_index_width = pid_in_channel % num_blocks_width\n\n    base_row = oh_index * stride - padding\n    weight_ptr_channel = weight_ptr + channel_index * kernel_size\n    weights = tl.load(weight_ptr_channel + tl.arange(0, kernel_size))\n                                           ^\n\n\nThe above exception was the direct cause of the following exception:\n\nTraceback (most recent call last):\n  File "/home/lijiaxing/.conda/envs/api/lib/python3.10/site-packages/triton/language/core.py", line 42, in wrapper\n    return fn(*args, **kwargs)\n  File "/home/lijiaxing/.conda/envs/api/lib/python3.10/site-packages/triton/language/core.py", line 1654, in arange\n    return _semantic.arange(start, end)\n  File "/home/lijiaxing/.conda/envs/api/lib/python3.10/site-packages/triton/language/semantic.py", line 583, in arange\n    raise ValueError("arange\'s range must be a power of 2")\nValueError: arange\'s range must be a power of 2\n', 'runtime_error_name': 'triton.compiler.errors.CompilationError', 'reference_timing_ms': 0.0273, 'speed_up': -1.0, 'custom_timing': -1.0}, 'runtime': -1.0, 'runtime_stats': {}}}
2025-08-08 18:02:42,613 - openevolve.threaded_parallel - INFO - Checkpoint interval reached at iteration 3
2025-08-08 18:02:42,614 - openevolve.database - INFO - Island Status:
2025-08-08 18:02:42,614 - openevolve.database - INFO -    Island 0: 4 programs, best=10.0000, avg=7.5000, diversity=609.68, gen=2 (best: 3024e0c1-b6f9-4507-abf4-4c6d023bb5e7)
2025-08-08 18:02:42,614 - openevolve.database - INFO -  * Island 1: 3 programs, best=10.0000, avg=10.0000, diversity=69.13, gen=3 (best: 2b4690b9-0429-4123-9d1a-a582fa0f262b)
2025-08-08 18:02:42,614 - openevolve.database - INFO -    Island 2: 1 programs, best=10.0000, avg=10.0000, diversity=0.00, gen=1 (best: 42568dcc-a466-47cf-a167-2bce3b4e817c)
2025-08-08 18:02:42,698 - openevolve.database - INFO - Saved database with 7 programs to openevolve_output/level1_83_conv_depthwise_2D_square_input_asymmetric_kernel/checkpoints/checkpoint_3
2025-08-08 18:02:42,719 - openevolve.controller - INFO - Saved best program at checkpoint 3 with metrics: compiled=1.0000, correctness=0.0000, score=10.0000, stage=wrong_answer, verify_payload={'id': 'level1_83_conv_depthwise_2D_square_input_asymmetric_kernel', 'result': {'compiled': True, 'correctness': False, 'metadata': {'hardware': 'NVIDIA L20Y', 'device': 'cuda:5', 'runtime_error': 'Traceback (most recent call last):\n  File "/home/lijiaxing/.conda/envs/api/lib/python3.10/site-packages/triton/language/core.py", line 42, in wrapper\n    return fn(*args, **kwargs)\n  File "/home/lijiaxing/.conda/envs/api/lib/python3.10/site-packages/triton/language/core.py", line 1693, in full\n    shape = _shape_check_impl(shape)\n  File "/home/lijiaxing/.conda/envs/api/lib/python3.10/site-packages/triton/language/core.py", line 1676, in _shape_check_impl\n    shape = _unwrap_shape(shape)\n  File "/home/lijiaxing/.conda/envs/api/lib/python3.10/site-packages/triton/language/core.py", line 1672, in _unwrap_shape\n    return [_unwrap_if_constexpr(s) for s in shape]\nTypeError: \'int\' object is not iterable\n\nThe above exception was the direct cause of the following exception:\n\ntriton.compiler.errors.CompilationError: at 10:11:\ndef zeros(shape, dtype):\n    """\n    Returns a tensor filled with the scalar value 0 for the given :code:`shape` and :code:`dtype`.\n\n    :param shape: Shape of the new array, e.g., (8, 16) or (8, )\n    :type shape: tuple of ints\n    :param dtype: Data-type of the new array, e.g., :code:`tl.float16`\n    :type dtype: DType\n    """\n    return core.full(shape, 0, dtype)\n           ^\n\nThe above exception was the direct cause of the following exception:\n\nTraceback (most recent call last):\n  File "/cpfs01/shared/llm_kernel/hujiakai/KernelLLM/validation_api_server/helpers/evaluations.py", line 720, in run_and_check_correctness\n    output_new = model_new(*inputs)\n  File "/home/lijiaxing/.conda/envs/api/lib/python3.10/site-packages/torch/nn/modules/module.py", line 1773, in _wrapped_call_impl\n    return self._call_impl(*args, **kwargs)\n  File "/home/lijiaxing/.conda/envs/api/lib/python3.10/site-packages/torch/nn/modules/module.py", line 1784, in _call_impl\n    return forward_call(*args, **kwargs)\n  File "/tmp/tmp7p55od8a.py", line 112, in forward\n    _depthwise_conv2d_kernel[grid](\n  File "/home/lijiaxing/.conda/envs/api/lib/python3.10/site-packages/triton/runtime/jit.py", line 390, in <lambda>\n    return lambda *args, **kwargs: self.run(grid=grid, warmup=False, *args, **kwargs)\n  File "/home/lijiaxing/.conda/envs/api/lib/python3.10/site-packages/triton/runtime/jit.py", line 594, in run\n    kernel = self.compile(src, target=target, options=options.__dict__)\n  File "/home/lijiaxing/.conda/envs/api/lib/python3.10/site-packages/triton/compiler/compiler.py", line 339, in compile\n    module = src.make_ir(options, codegen_fns, module_map, context)\n  File "/home/lijiaxing/.conda/envs/api/lib/python3.10/site-packages/triton/compiler/compiler.py", line 83, in make_ir\n    return ast_to_ttir(self.fn, self, context=context, options=options, codegen_fns=codegen_fns,\ntriton.compiler.errors.CompilationError: at 37:14:\n    h_out = residual % height_out\n\n    weight_channel_ptr = weight_ptr + channel_id * kernel_size\n\n    for w_out_start in range(0, width_out, BLOCK_SIZE):\n        w_offsets = w_out_start + tl.arange(0, BLOCK_SIZE)\n        w_mask = w_offsets < width_out\n\n        w_in = w_offsets * stride - padding\n        w_in_mask = (w_in >= 0) & (w_in < width)\n\n        acc = tl.zeros(BLOCK_SIZE, dtype=tl.float32)\n              ^\n\n\nThe above exception was the direct cause of the following exception:\n\nTraceback (most recent call last):\n  File "/home/lijiaxing/.conda/envs/api/lib/python3.10/site-packages/triton/language/core.py", line 42, in wrapper\n    return fn(*args, **kwargs)\n  File "/home/lijiaxing/.conda/envs/api/lib/python3.10/site-packages/triton/language/core.py", line 1693, in full\n    shape = _shape_check_impl(shape)\n  File "/home/lijiaxing/.conda/envs/api/lib/python3.10/site-packages/triton/language/core.py", line 1676, in _shape_check_impl\n    shape = _unwrap_shape(shape)\n  File "/home/lijiaxing/.conda/envs/api/lib/python3.10/site-packages/triton/language/core.py", line 1672, in _unwrap_shape\n    return [_unwrap_if_constexpr(s) for s in shape]\nTypeError: \'int\' object is not iterable\n\nThe above exception was the direct cause of the following exception:\n\ntriton.compiler.errors.CompilationError: at 10:11:\ndef zeros(shape, dtype):\n    """\n    Returns a tensor filled with the scalar value 0 for the given :code:`shape` and :code:`dtype`.\n\n    :param shape: Shape of the new array, e.g., (8, 16) or (8, )\n    :type shape: tuple of ints\n    :param dtype: Data-type of the new array, e.g., :code:`tl.float16`\n    :type dtype: DType\n    """\n    return core.full(shape, 0, dtype)\n           ^\n\n\nThe above exception was the direct cause of the following exception:\n\nTraceback (most recent call last):\n  File "/home/lijiaxing/.conda/envs/api/lib/python3.10/site-packages/triton/language/core.py", line 42, in wrapper\n    return fn(*args, **kwargs)\n  File "/home/lijiaxing/.conda/envs/api/lib/python3.10/site-packages/triton/language/core.py", line 1693, in full\n    shape = _shape_check_impl(shape)\n  File "/home/lijiaxing/.conda/envs/api/lib/python3.10/site-packages/triton/language/core.py", line 1676, in _shape_check_impl\n    shape = _unwrap_shape(shape)\n  File "/home/lijiaxing/.conda/envs/api/lib/python3.10/site-packages/triton/language/core.py", line 1672, in _unwrap_shape\n    return [_unwrap_if_constexpr(s) for s in shape]\nTypeError: \'int\' object is not iterable\n', 'runtime_error_name': 'triton.compiler.errors.CompilationError', 'reference_timing_ms': 0.0273, 'speed_up': -1.0, 'custom_timing': -1.0}, 'runtime': -1.0, 'runtime_stats': {}}}
2025-08-08 18:02:42,719 - openevolve.controller - INFO - Saved checkpoint at iteration 3 to openevolve_output/level1_83_conv_depthwise_2D_square_input_asymmetric_kernel/checkpoints/checkpoint_3
2025-08-08 18:04:28,259 - openevolve.RemoteSpeedupEvaluator - INFO - [level1_83_conv_depthwise_2D_square_input_asymmetric_kernel] triton key words check pass
2025-08-08 18:04:28,261 - openevolve.RemoteSpeedupEvaluator - INFO - [level1_83_conv_depthwise_2D_square_input_asymmetric_kernel] verify_plus payload: reference_code(1671 chars) + custom_code(4257 chars)
2025-08-08 18:04:31,009 - openevolve.RemoteSpeedupEvaluator - INFO - [level1_83_conv_depthwise_2D_square_input_asymmetric_kernel] verify_plus request success
2025-08-08 18:04:31,010 - openevolve.RemoteSpeedupEvaluator - INFO - [level1_83_conv_depthwise_2D_square_input_asymmetric_kernel] verify_plus response: {"id":"level1_83_conv_depthwise_2D_square_input_asymmetric_kernel","result":{"compiled":true,"correctness":false,"metadata":{"hardware":"NVIDIA L20Y","device":"cuda:2","runtime_error":"Traceback (most recent call last):\n  File \"/cpfs01/shared/llm_kernel/hujiakai/KernelLLM/validation_api_server/helpers/evaluations.py\", line 720, in run_and_check_correctness\n    output_new = model_new(*inputs)\n  File \"/home/lijiaxing/.conda/envs/api/lib/python3.10/site-packages/torch/nn/modules/module.py\", line 1773, in _wrapped_call_impl\n    return self._call_impl(*args, **kwargs)\n  File \"/home/lijiaxing/.conda/envs/api/lib/python3.10/site-packages/torch/nn/modules/module.py\", line 1784, in _call_impl\n    return forward_call(*args, **kwargs)\n  File \"/tmp/tmpahwhpb77.py\", line 112, in forward\
2025-08-08 18:04:31,010 - openevolve.RemoteSpeedupEvaluator - INFO - [level1_83_conv_depthwise_2D_square_input_asymmetric_kernel] âœ˜ wrong_answer
2025-08-08 18:04:31,010 - openevolve.evaluator - INFO - Evaluated program dcd69c22-89cb-4de5-8e68-c7a447d42304 in 2.75s: compiled=1.0000, correctness=0.0000, score=10.0000, stage=wrong_answer, verify_payload={'id': 'level1_83_conv_depthwise_2D_square_input_asymmetric_kernel', 'result': {'compiled': True, 'correctness': False, 'metadata': {'hardware': 'NVIDIA L20Y', 'device': 'cuda:2', 'runtime_error': 'Traceback (most recent call last):\n  File "/cpfs01/shared/llm_kernel/hujiakai/KernelLLM/validation_api_server/helpers/evaluations.py", line 720, in run_and_check_correctness\n    output_new = model_new(*inputs)\n  File "/home/lijiaxing/.conda/envs/api/lib/python3.10/site-packages/torch/nn/modules/module.py", line 1773, in _wrapped_call_impl\n    return self._call_impl(*args, **kwargs)\n  File "/home/lijiaxing/.conda/envs/api/lib/python3.10/site-packages/torch/nn/modules/module.py", line 1784, in _call_impl\n    return forward_call(*args, **kwargs)\n  File "/tmp/tmpahwhpb77.py", line 112, in forward\n    _depthwise_conv2d_kernel[grid](\n  File "/home/lijiaxing/.conda/envs/api/lib/python3.10/site-packages/triton/runtime/jit.py", line 390, in <lambda>\n    return lambda *args, **kwargs: self.run(grid=grid, warmup=False, *args, **kwargs)\n  File "/home/lijiaxing/.conda/envs/api/lib/python3.10/site-packages/triton/runtime/jit.py", line 594, in run\n    kernel = self.compile(src, target=target, options=options.__dict__)\n  File "/home/lijiaxing/.conda/envs/api/lib/python3.10/site-packages/triton/compiler/compiler.py", line 339, in compile\n    module = src.make_ir(options, codegen_fns, module_map, context)\n  File "/home/lijiaxing/.conda/envs/api/lib/python3.10/site-packages/triton/compiler/compiler.py", line 83, in make_ir\n    return ast_to_ttir(self.fn, self, context=context, options=options, codegen_fns=codegen_fns,\ntriton.compiler.errors.UnsupportedLanguageConstruct: at 42:16:\n        w_offsets = w_out_start + tl.arange(0, BLOCK_SIZE)\n        w_mask = w_offsets < width_out\n\n        w_in = w_offsets * stride - padding\n        w_in_mask = (w_in >= 0) & (w_in < width)\n\n        acc = tl.zeros((BLOCK_SIZE,), dtype=tl.float32)\n\n        for i in range(0, kernel_size):\n            h_in = h_out * stride - padding + i * dilation\n            if h_in < 0 or h_in >= height:\n                continue\n                ^\nunsupported AST node type: Continue\n', 'runtime_error_name': 'triton.compiler.errors.UnsupportedLanguageConstruct', 'reference_timing_ms': 0.0273, 'speed_up': -1.0, 'custom_timing': -1.0}, 'runtime': -1.0, 'runtime_stats': {}}}
2025-08-08 18:04:31,014 - openevolve.llm.ensemble - INFO - Sampled model: deepseek
2025-08-08 18:04:31,030 - openevolve.threaded_parallel - INFO - Iteration 6: Program dcd69c22-89cb-4de5-8e68-c7a447d42304 (parent: 3024e0c1-b6f9-4507-abf4-4c6d023bb5e7) completed in 387.96s
2025-08-08 18:04:31,030 - openevolve.threaded_parallel - INFO - Metrics: compiled=1.0000, correctness=0.0000, score=10.0000, stage=wrong_answer, verify_payload={'id': 'level1_83_conv_depthwise_2D_square_input_asymmetric_kernel', 'result': {'compiled': True, 'correctness': False, 'metadata': {'hardware': 'NVIDIA L20Y', 'device': 'cuda:2', 'runtime_error': 'Traceback (most recent call last):\n  File "/cpfs01/shared/llm_kernel/hujiakai/KernelLLM/validation_api_server/helpers/evaluations.py", line 720, in run_and_check_correctness\n    output_new = model_new(*inputs)\n  File "/home/lijiaxing/.conda/envs/api/lib/python3.10/site-packages/torch/nn/modules/module.py", line 1773, in _wrapped_call_impl\n    return self._call_impl(*args, **kwargs)\n  File "/home/lijiaxing/.conda/envs/api/lib/python3.10/site-packages/torch/nn/modules/module.py", line 1784, in _call_impl\n    return forward_call(*args, **kwargs)\n  File "/tmp/tmpahwhpb77.py", line 112, in forward\n    _depthwise_conv2d_kernel[grid](\n  File "/home/lijiaxing/.conda/envs/api/lib/python3.10/site-packages/triton/runtime/jit.py", line 390, in <lambda>\n    return lambda *args, **kwargs: self.run(grid=grid, warmup=False, *args, **kwargs)\n  File "/home/lijiaxing/.conda/envs/api/lib/python3.10/site-packages/triton/runtime/jit.py", line 594, in run\n    kernel = self.compile(src, target=target, options=options.__dict__)\n  File "/home/lijiaxing/.conda/envs/api/lib/python3.10/site-packages/triton/compiler/compiler.py", line 339, in compile\n    module = src.make_ir(options, codegen_fns, module_map, context)\n  File "/home/lijiaxing/.conda/envs/api/lib/python3.10/site-packages/triton/compiler/compiler.py", line 83, in make_ir\n    return ast_to_ttir(self.fn, self, context=context, options=options, codegen_fns=codegen_fns,\ntriton.compiler.errors.UnsupportedLanguageConstruct: at 42:16:\n        w_offsets = w_out_start + tl.arange(0, BLOCK_SIZE)\n        w_mask = w_offsets < width_out\n\n        w_in = w_offsets * stride - padding\n        w_in_mask = (w_in >= 0) & (w_in < width)\n\n        acc = tl.zeros((BLOCK_SIZE,), dtype=tl.float32)\n\n        for i in range(0, kernel_size):\n            h_in = h_out * stride - padding + i * dilation\n            if h_in < 0 or h_in >= height:\n                continue\n                ^\nunsupported AST node type: Continue\n', 'runtime_error_name': 'triton.compiler.errors.UnsupportedLanguageConstruct', 'reference_timing_ms': 0.0273, 'speed_up': -1.0, 'custom_timing': -1.0}, 'runtime': -1.0, 'runtime_stats': {}}}
2025-08-08 18:04:31,030 - openevolve.threaded_parallel - INFO - Checkpoint interval reached at iteration 6
2025-08-08 18:04:31,031 - openevolve.database - INFO - Island Status:
2025-08-08 18:04:31,031 - openevolve.database - INFO -    Island 0: 4 programs, best=10.0000, avg=7.5000, diversity=609.68, gen=2 (best: 3024e0c1-b6f9-4507-abf4-4c6d023bb5e7)
2025-08-08 18:04:31,031 - openevolve.database - INFO -    Island 1: 4 programs, best=10.0000, avg=10.0000, diversity=51.85, gen=3 (best: 2b4690b9-0429-4123-9d1a-a582fa0f262b)
2025-08-08 18:04:31,031 - openevolve.database - INFO -  * Island 2: 1 programs, best=10.0000, avg=10.0000, diversity=0.00, gen=2 (best: 42568dcc-a466-47cf-a167-2bce3b4e817c)
2025-08-08 18:04:31,128 - openevolve.database - INFO - Saved database with 8 programs to openevolve_output/level1_83_conv_depthwise_2D_square_input_asymmetric_kernel/checkpoints/checkpoint_6
2025-08-08 18:04:31,150 - openevolve.controller - INFO - Saved best program at checkpoint 6 with metrics: compiled=1.0000, correctness=0.0000, score=10.0000, stage=wrong_answer, verify_payload={'id': 'level1_83_conv_depthwise_2D_square_input_asymmetric_kernel', 'result': {'compiled': True, 'correctness': False, 'metadata': {'hardware': 'NVIDIA L20Y', 'device': 'cuda:5', 'runtime_error': 'Traceback (most recent call last):\n  File "/home/lijiaxing/.conda/envs/api/lib/python3.10/site-packages/triton/language/core.py", line 42, in wrapper\n    return fn(*args, **kwargs)\n  File "/home/lijiaxing/.conda/envs/api/lib/python3.10/site-packages/triton/language/core.py", line 1693, in full\n    shape = _shape_check_impl(shape)\n  File "/home/lijiaxing/.conda/envs/api/lib/python3.10/site-packages/triton/language/core.py", line 1676, in _shape_check_impl\n    shape = _unwrap_shape(shape)\n  File "/home/lijiaxing/.conda/envs/api/lib/python3.10/site-packages/triton/language/core.py", line 1672, in _unwrap_shape\n    return [_unwrap_if_constexpr(s) for s in shape]\nTypeError: \'int\' object is not iterable\n\nThe above exception was the direct cause of the following exception:\n\ntriton.compiler.errors.CompilationError: at 10:11:\ndef zeros(shape, dtype):\n    """\n    Returns a tensor filled with the scalar value 0 for the given :code:`shape` and :code:`dtype`.\n\n    :param shape: Shape of the new array, e.g., (8, 16) or (8, )\n    :type shape: tuple of ints\n    :param dtype: Data-type of the new array, e.g., :code:`tl.float16`\n    :type dtype: DType\n    """\n    return core.full(shape, 0, dtype)\n           ^\n\nThe above exception was the direct cause of the following exception:\n\nTraceback (most recent call last):\n  File "/cpfs01/shared/llm_kernel/hujiakai/KernelLLM/validation_api_server/helpers/evaluations.py", line 720, in run_and_check_correctness\n    output_new = model_new(*inputs)\n  File "/home/lijiaxing/.conda/envs/api/lib/python3.10/site-packages/torch/nn/modules/module.py", line 1773, in _wrapped_call_impl\n    return self._call_impl(*args, **kwargs)\n  File "/home/lijiaxing/.conda/envs/api/lib/python3.10/site-packages/torch/nn/modules/module.py", line 1784, in _call_impl\n    return forward_call(*args, **kwargs)\n  File "/tmp/tmp7p55od8a.py", line 112, in forward\n    _depthwise_conv2d_kernel[grid](\n  File "/home/lijiaxing/.conda/envs/api/lib/python3.10/site-packages/triton/runtime/jit.py", line 390, in <lambda>\n    return lambda *args, **kwargs: self.run(grid=grid, warmup=False, *args, **kwargs)\n  File "/home/lijiaxing/.conda/envs/api/lib/python3.10/site-packages/triton/runtime/jit.py", line 594, in run\n    kernel = self.compile(src, target=target, options=options.__dict__)\n  File "/home/lijiaxing/.conda/envs/api/lib/python3.10/site-packages/triton/compiler/compiler.py", line 339, in compile\n    module = src.make_ir(options, codegen_fns, module_map, context)\n  File "/home/lijiaxing/.conda/envs/api/lib/python3.10/site-packages/triton/compiler/compiler.py", line 83, in make_ir\n    return ast_to_ttir(self.fn, self, context=context, options=options, codegen_fns=codegen_fns,\ntriton.compiler.errors.CompilationError: at 37:14:\n    h_out = residual % height_out\n\n    weight_channel_ptr = weight_ptr + channel_id * kernel_size\n\n    for w_out_start in range(0, width_out, BLOCK_SIZE):\n        w_offsets = w_out_start + tl.arange(0, BLOCK_SIZE)\n        w_mask = w_offsets < width_out\n\n        w_in = w_offsets * stride - padding\n        w_in_mask = (w_in >= 0) & (w_in < width)\n\n        acc = tl.zeros(BLOCK_SIZE, dtype=tl.float32)\n              ^\n\n\nThe above exception was the direct cause of the following exception:\n\nTraceback (most recent call last):\n  File "/home/lijiaxing/.conda/envs/api/lib/python3.10/site-packages/triton/language/core.py", line 42, in wrapper\n    return fn(*args, **kwargs)\n  File "/home/lijiaxing/.conda/envs/api/lib/python3.10/site-packages/triton/language/core.py", line 1693, in full\n    shape = _shape_check_impl(shape)\n  File "/home/lijiaxing/.conda/envs/api/lib/python3.10/site-packages/triton/language/core.py", line 1676, in _shape_check_impl\n    shape = _unwrap_shape(shape)\n  File "/home/lijiaxing/.conda/envs/api/lib/python3.10/site-packages/triton/language/core.py", line 1672, in _unwrap_shape\n    return [_unwrap_if_constexpr(s) for s in shape]\nTypeError: \'int\' object is not iterable\n\nThe above exception was the direct cause of the following exception:\n\ntriton.compiler.errors.CompilationError: at 10:11:\ndef zeros(shape, dtype):\n    """\n    Returns a tensor filled with the scalar value 0 for the given :code:`shape` and :code:`dtype`.\n\n    :param shape: Shape of the new array, e.g., (8, 16) or (8, )\n    :type shape: tuple of ints\n    :param dtype: Data-type of the new array, e.g., :code:`tl.float16`\n    :type dtype: DType\n    """\n    return core.full(shape, 0, dtype)\n           ^\n\n\nThe above exception was the direct cause of the following exception:\n\nTraceback (most recent call last):\n  File "/home/lijiaxing/.conda/envs/api/lib/python3.10/site-packages/triton/language/core.py", line 42, in wrapper\n    return fn(*args, **kwargs)\n  File "/home/lijiaxing/.conda/envs/api/lib/python3.10/site-packages/triton/language/core.py", line 1693, in full\n    shape = _shape_check_impl(shape)\n  File "/home/lijiaxing/.conda/envs/api/lib/python3.10/site-packages/triton/language/core.py", line 1676, in _shape_check_impl\n    shape = _unwrap_shape(shape)\n  File "/home/lijiaxing/.conda/envs/api/lib/python3.10/site-packages/triton/language/core.py", line 1672, in _unwrap_shape\n    return [_unwrap_if_constexpr(s) for s in shape]\nTypeError: \'int\' object is not iterable\n', 'runtime_error_name': 'triton.compiler.errors.CompilationError', 'reference_timing_ms': 0.0273, 'speed_up': -1.0, 'custom_timing': -1.0}, 'runtime': -1.0, 'runtime_stats': {}}}
2025-08-08 18:04:31,150 - openevolve.controller - INFO - Saved checkpoint at iteration 6 to openevolve_output/level1_83_conv_depthwise_2D_square_input_asymmetric_kernel/checkpoints/checkpoint_6
2025-08-08 18:07:07,403 - openevolve.RemoteSpeedupEvaluator - INFO - [level1_83_conv_depthwise_2D_square_input_asymmetric_kernel] âœ˜ invalid_answer 'import triton' is not found
2025-08-08 18:07:07,404 - openevolve.evaluator - INFO - Evaluated program 8bd6a8ae-72f7-42d6-824d-3f3663360986 in 0.00s: compiled=0.0000, correctness=0.0000, score=-100.0000, stage=no_valid_triton_code, feedback=You need to generate real and valid triton code for the core function. The key word 'import triton' is not found.
2025-08-08 18:07:07,406 - openevolve.llm.ensemble - INFO - Sampled model: deepseek
2025-08-08 18:07:07,411 - openevolve.database - INFO - New MAP-Elites cell occupied: {'score': -1000, 'complexity': 0}
2025-08-08 18:07:07,423 - openevolve.threaded_parallel - INFO - Iteration 7: Program 8bd6a8ae-72f7-42d6-824d-3f3663360986 (parent: 2b4690b9-0429-4123-9d1a-a582fa0f262b) completed in 436.88s
2025-08-08 18:07:07,423 - openevolve.threaded_parallel - INFO - Metrics: compiled=0.0000, correctness=0.0000, score=-100.0000, stage=no_valid_triton_code, feedback=You need to generate real and valid triton code for the core function. The key word 'import triton' is not found.
2025-08-08 18:09:05,111 - openevolve.RemoteSpeedupEvaluator - INFO - [level1_83_conv_depthwise_2D_square_input_asymmetric_kernel] triton key words check pass
2025-08-08 18:09:05,113 - openevolve.RemoteSpeedupEvaluator - INFO - [level1_83_conv_depthwise_2D_square_input_asymmetric_kernel] verify_plus payload: reference_code(1671 chars) + custom_code(4261 chars)
2025-08-08 18:09:08,213 - openevolve.RemoteSpeedupEvaluator - INFO - [level1_83_conv_depthwise_2D_square_input_asymmetric_kernel] verify_plus request success
2025-08-08 18:09:08,213 - openevolve.RemoteSpeedupEvaluator - INFO - [level1_83_conv_depthwise_2D_square_input_asymmetric_kernel] verify_plus response: {"id":"level1_83_conv_depthwise_2D_square_input_asymmetric_kernel","result":{"compiled":true,"correctness":true,"metadata":{"hardware":"NVIDIA L20Y","device":"cuda:0","correctness_trials":"(5 / 5)","reference_timing_ms":0.0273,"speed_up":0.437,"custom_timing":0.0625},"runtime":0.0625,"runtime_stats":{"mean":0.0625,"std":0.00271,"min":0.059,"max":0.0785,"num_trials":100,"hardware":"NVIDIA L20Y","device":"cuda:0"}}}
2025-08-08 18:09:08,213 - openevolve.RemoteSpeedupEvaluator - INFO - [level1_83_conv_depthwise_2D_square_input_asymmetric_kernel] âœ” success | speed_up=0.437  score=20.00
2025-08-08 18:09:08,214 - openevolve.evaluator - INFO - Evaluated program 95654c6d-a6b4-4895-bedd-82363c19f4df in 3.10s: compiled=1.0000, correctness=1.0000, stage=success, passed=0.0000, score=20.0000, speed_up=0.4370, runtime_ms=0.0625, meta={'hardware': 'NVIDIA L20Y', 'device': 'cuda:0', 'correctness_trials': '(5 / 5)', 'reference_timing_ms': 0.0273, 'speed_up': 0.437, 'custom_timing': 0.0625}
2025-08-08 18:09:08,218 - openevolve.llm.ensemble - INFO - Sampled model: deepseek
2025-08-08 18:09:08,222 - openevolve.database - INFO - MAP-Elites cell improved: {'score': 9, 'complexity': 8} (fitness: 10.000 -> 20.000)
2025-08-08 18:09:08,222 - openevolve.database - INFO - New best program 95654c6d-a6b4-4895-bedd-82363c19f4df replaces 3024e0c1-b6f9-4507-abf4-4c6d023bb5e7
2025-08-08 18:09:08,234 - openevolve.threaded_parallel - INFO - Iteration 8: Program 95654c6d-a6b4-4895-bedd-82363c19f4df (parent: 3024e0c1-b6f9-4507-abf4-4c6d023bb5e7) completed in 385.61s
2025-08-08 18:09:08,234 - openevolve.threaded_parallel - INFO - Metrics: compiled=1.0000, correctness=1.0000, stage=success, passed=0.0000, score=20.0000, speed_up=0.4370, runtime_ms=0.0625, meta={'hardware': 'NVIDIA L20Y', 'device': 'cuda:0', 'correctness_trials': '(5 / 5)', 'reference_timing_ms': 0.0273, 'speed_up': 0.437, 'custom_timing': 0.0625}
2025-08-08 18:09:08,235 - openevolve.threaded_parallel - INFO - ðŸŒŸ New best solution found at iteration 8: 95654c6d-a6b4-4895-bedd-82363c19f4df
2025-08-08 18:10:51,617 - openevolve.RemoteSpeedupEvaluator - INFO - [level1_83_conv_depthwise_2D_square_input_asymmetric_kernel] âœ˜ invalid_answer 'import triton' is not found
2025-08-08 18:10:51,618 - openevolve.evaluator - INFO - Evaluated program e6abb933-b7c9-499f-b69d-d7bad84eaebf in 0.00s: compiled=0.0000, correctness=0.0000, score=-100.0000, stage=no_valid_triton_code, feedback=You need to generate real and valid triton code for the core function. The key word 'import triton' is not found.
2025-08-08 18:10:51,621 - openevolve.llm.ensemble - INFO - Sampled model: deepseek
2025-08-08 18:10:51,633 - openevolve.threaded_parallel - INFO - Iteration 9: Program e6abb933-b7c9-499f-b69d-d7bad84eaebf (parent: 3024e0c1-b6f9-4507-abf4-4c6d023bb5e7) completed in 380.60s
2025-08-08 18:10:51,633 - openevolve.threaded_parallel - INFO - Metrics: compiled=0.0000, correctness=0.0000, score=-100.0000, stage=no_valid_triton_code, feedback=You need to generate real and valid triton code for the core function. The key word 'import triton' is not found.
2025-08-08 18:10:51,633 - openevolve.threaded_parallel - INFO - Checkpoint interval reached at iteration 9
2025-08-08 18:10:51,634 - openevolve.database - INFO - Island Status:
2025-08-08 18:10:51,635 - openevolve.database - INFO -    Island 0: 5 programs, best=20.0000, avg=10.0000, diversity=737.78, gen=3 (best: 95654c6d-a6b4-4895-bedd-82363c19f4df)
2025-08-08 18:10:51,635 - openevolve.database - INFO -    Island 1: 5 programs, best=10.0000, avg=-12.0000, diversity=361.73, gen=4 (best: 2b4690b9-0429-4123-9d1a-a582fa0f262b)
2025-08-08 18:10:51,635 - openevolve.database - INFO -  * Island 2: 2 programs, best=10.0000, avg=-45.0000, diversity=947.00, gen=3 (best: 42568dcc-a466-47cf-a167-2bce3b4e817c)
2025-08-08 18:10:51,760 - openevolve.database - INFO - Saved database with 11 programs to openevolve_output/level1_83_conv_depthwise_2D_square_input_asymmetric_kernel/checkpoints/checkpoint_9
2025-08-08 18:10:51,775 - openevolve.controller - INFO - Saved best program at checkpoint 9 with metrics: compiled=1.0000, correctness=1.0000, stage=success, passed=0.0000, score=20.0000, speed_up=0.4370, runtime_ms=0.0625, meta={'hardware': 'NVIDIA L20Y', 'device': 'cuda:0', 'correctness_trials': '(5 / 5)', 'reference_timing_ms': 0.0273, 'speed_up': 0.437, 'custom_timing': 0.0625}
2025-08-08 18:10:51,775 - openevolve.controller - INFO - Saved checkpoint at iteration 9 to openevolve_output/level1_83_conv_depthwise_2D_square_input_asymmetric_kernel/checkpoints/checkpoint_9
2025-08-08 18:16:40,025 - openevolve.RemoteSpeedupEvaluator - INFO - [level1_83_conv_depthwise_2D_square_input_asymmetric_kernel] triton key words check pass
2025-08-08 18:16:40,027 - openevolve.RemoteSpeedupEvaluator - INFO - [level1_83_conv_depthwise_2D_square_input_asymmetric_kernel] verify_plus payload: reference_code(1671 chars) + custom_code(4270 chars)
2025-08-08 18:16:43,435 - openevolve.RemoteSpeedupEvaluator - INFO - [level1_83_conv_depthwise_2D_square_input_asymmetric_kernel] verify_plus request success
2025-08-08 18:16:43,436 - openevolve.RemoteSpeedupEvaluator - INFO - [level1_83_conv_depthwise_2D_square_input_asymmetric_kernel] verify_plus response: {"id":"level1_83_conv_depthwise_2D_square_input_asymmetric_kernel","result":{"compiled":true,"correctness":false,"metadata":{"hardware":"NVIDIA L20Y","device":"cuda:3","runtime_error":"Traceback (most recent call last):\n  File \"/home/lijiaxing/.conda/envs/api/lib/python3.10/site-packages/triton/language/core.py\", line 42, in wrapper\n    return fn(*args, **kwargs)\n  File \"/home/lijiaxing/.conda/envs/api/lib/python3.10/site-packages/triton/language/core.py\", line 1654, in arange\n    return _semantic.arange(start, end)\n  File \"/home/lijiaxing/.conda/envs/api/lib/python3.10/site-packages/triton/language/semantic.py\", line 583, in arange\n    raise ValueError(\"arange's range must be a power of 2\")\nValueError: arange's range must be a power of 2\n\nThe above exception was the direc
2025-08-08 18:16:43,436 - openevolve.RemoteSpeedupEvaluator - INFO - [level1_83_conv_depthwise_2D_square_input_asymmetric_kernel] âœ˜ wrong_answer
2025-08-08 18:16:43,436 - openevolve.evaluator - INFO - Evaluated program 3ad3a6df-beeb-4118-b321-80dfcb0c3cd2 in 3.41s: compiled=1.0000, correctness=0.0000, score=10.0000, stage=wrong_answer, verify_payload={'id': 'level1_83_conv_depthwise_2D_square_input_asymmetric_kernel', 'result': {'compiled': True, 'correctness': False, 'metadata': {'hardware': 'NVIDIA L20Y', 'device': 'cuda:3', 'runtime_error': 'Traceback (most recent call last):\n  File "/home/lijiaxing/.conda/envs/api/lib/python3.10/site-packages/triton/language/core.py", line 42, in wrapper\n    return fn(*args, **kwargs)\n  File "/home/lijiaxing/.conda/envs/api/lib/python3.10/site-packages/triton/language/core.py", line 1654, in arange\n    return _semantic.arange(start, end)\n  File "/home/lijiaxing/.conda/envs/api/lib/python3.10/site-packages/triton/language/semantic.py", line 583, in arange\n    raise ValueError("arange\'s range must be a power of 2")\nValueError: arange\'s range must be a power of 2\n\nThe above exception was the direct cause of the following exception:\n\nTraceback (most recent call last):\n  File "/cpfs01/shared/llm_kernel/hujiakai/KernelLLM/validation_api_server/helpers/evaluations.py", line 720, in run_and_check_correctness\n    output_new = model_new(*inputs)\n  File "/home/lijiaxing/.conda/envs/api/lib/python3.10/site-packages/torch/nn/modules/module.py", line 1773, in _wrapped_call_impl\n    return self._call_impl(*args, **kwargs)\n  File "/home/lijiaxing/.conda/envs/api/lib/python3.10/site-packages/torch/nn/modules/module.py", line 1784, in _call_impl\n    return forward_call(*args, **kwargs)\n  File "/tmp/tmpor73v12x.py", line 106, in forward\n    _depthwise_conv2d_kernel[grid](\n  File "/home/lijiaxing/.conda/envs/api/lib/python3.10/site-packages/triton/runtime/jit.py", line 390, in <lambda>\n    return lambda *args, **kwargs: self.run(grid=grid, warmup=False, *args, **kwargs)\n  File "/home/lijiaxing/.conda/envs/api/lib/python3.10/site-packages/triton/runtime/jit.py", line 594, in run\n    kernel = self.compile(src, target=target, options=options.__dict__)\n  File "/home/lijiaxing/.conda/envs/api/lib/python3.10/site-packages/triton/compiler/compiler.py", line 339, in compile\n    module = src.make_ir(options, codegen_fns, module_map, context)\n  File "/home/lijiaxing/.conda/envs/api/lib/python3.10/site-packages/triton/compiler/compiler.py", line 83, in make_ir\n    return ast_to_ttir(self.fn, self, context=context, options=options, codegen_fns=codegen_fns,\ntriton.compiler.errors.CompilationError: at 29:75:\n    pid = tl.program_id(0)\n    num_rows = batch * in_channels * height_out\n    if pid >= num_rows:\n        return\n\n    batch_id = pid // (in_channels * height_out)\n    residual = pid % (in_channels * height_out)\n    channel_id = residual // height_out\n    h_out = residual % height_out\n\n    weight_channel_ptr = weight_ptr + channel_id * KERNEL_SIZE\n    weights = tl.load(weight_channel_ptr + tl.arange(0, KERNEL_SIZE), mask=tl.arange(0, KERNEL_SIZE) < KERNEL_SIZE)\n                                                                           ^\n\n\nThe above exception was the direct cause of the following exception:\n\nTraceback (most recent call last):\n  File "/home/lijiaxing/.conda/envs/api/lib/python3.10/site-packages/triton/language/core.py", line 42, in wrapper\n    return fn(*args, **kwargs)\n  File "/home/lijiaxing/.conda/envs/api/lib/python3.10/site-packages/triton/language/core.py", line 1654, in arange\n    return _semantic.arange(start, end)\n  File "/home/lijiaxing/.conda/envs/api/lib/python3.10/site-packages/triton/language/semantic.py", line 583, in arange\n    raise ValueError("arange\'s range must be a power of 2")\nValueError: arange\'s range must be a power of 2\n', 'runtime_error_name': 'triton.compiler.errors.CompilationError', 'reference_timing_ms': 0.0273, 'speed_up': -1.0, 'custom_timing': -1.0}, 'runtime': -1.0, 'runtime_stats': {}}}
2025-08-08 18:16:43,440 - openevolve.llm.ensemble - INFO - Sampled model: deepseek
2025-08-08 18:16:43,482 - openevolve.threaded_parallel - INFO - Iteration 10: Program 3ad3a6df-beeb-4118-b321-80dfcb0c3cd2 (parent: 42568dcc-a466-47cf-a167-2bce3b4e817c) completed in 576.03s
2025-08-08 18:16:43,482 - openevolve.threaded_parallel - INFO - Metrics: compiled=1.0000, correctness=0.0000, score=10.0000, stage=wrong_answer, verify_payload={'id': 'level1_83_conv_depthwise_2D_square_input_asymmetric_kernel', 'result': {'compiled': True, 'correctness': False, 'metadata': {'hardware': 'NVIDIA L20Y', 'device': 'cuda:3', 'runtime_error': 'Traceback (most recent call last):\n  File "/home/lijiaxing/.conda/envs/api/lib/python3.10/site-packages/triton/language/core.py", line 42, in wrapper\n    return fn(*args, **kwargs)\n  File "/home/lijiaxing/.conda/envs/api/lib/python3.10/site-packages/triton/language/core.py", line 1654, in arange\n    return _semantic.arange(start, end)\n  File "/home/lijiaxing/.conda/envs/api/lib/python3.10/site-packages/triton/language/semantic.py", line 583, in arange\n    raise ValueError("arange\'s range must be a power of 2")\nValueError: arange\'s range must be a power of 2\n\nThe above exception was the direct cause of the following exception:\n\nTraceback (most recent call last):\n  File "/cpfs01/shared/llm_kernel/hujiakai/KernelLLM/validation_api_server/helpers/evaluations.py", line 720, in run_and_check_correctness\n    output_new = model_new(*inputs)\n  File "/home/lijiaxing/.conda/envs/api/lib/python3.10/site-packages/torch/nn/modules/module.py", line 1773, in _wrapped_call_impl\n    return self._call_impl(*args, **kwargs)\n  File "/home/lijiaxing/.conda/envs/api/lib/python3.10/site-packages/torch/nn/modules/module.py", line 1784, in _call_impl\n    return forward_call(*args, **kwargs)\n  File "/tmp/tmpor73v12x.py", line 106, in forward\n    _depthwise_conv2d_kernel[grid](\n  File "/home/lijiaxing/.conda/envs/api/lib/python3.10/site-packages/triton/runtime/jit.py", line 390, in <lambda>\n    return lambda *args, **kwargs: self.run(grid=grid, warmup=False, *args, **kwargs)\n  File "/home/lijiaxing/.conda/envs/api/lib/python3.10/site-packages/triton/runtime/jit.py", line 594, in run\n    kernel = self.compile(src, target=target, options=options.__dict__)\n  File "/home/lijiaxing/.conda/envs/api/lib/python3.10/site-packages/triton/compiler/compiler.py", line 339, in compile\n    module = src.make_ir(options, codegen_fns, module_map, context)\n  File "/home/lijiaxing/.conda/envs/api/lib/python3.10/site-packages/triton/compiler/compiler.py", line 83, in make_ir\n    return ast_to_ttir(self.fn, self, context=context, options=options, codegen_fns=codegen_fns,\ntriton.compiler.errors.CompilationError: at 29:75:\n    pid = tl.program_id(0)\n    num_rows = batch * in_channels * height_out\n    if pid >= num_rows:\n        return\n\n    batch_id = pid // (in_channels * height_out)\n    residual = pid % (in_channels * height_out)\n    channel_id = residual // height_out\n    h_out = residual % height_out\n\n    weight_channel_ptr = weight_ptr + channel_id * KERNEL_SIZE\n    weights = tl.load(weight_channel_ptr + tl.arange(0, KERNEL_SIZE), mask=tl.arange(0, KERNEL_SIZE) < KERNEL_SIZE)\n                                                                           ^\n\n\nThe above exception was the direct cause of the following exception:\n\nTraceback (most recent call last):\n  File "/home/lijiaxing/.conda/envs/api/lib/python3.10/site-packages/triton/language/core.py", line 42, in wrapper\n    return fn(*args, **kwargs)\n  File "/home/lijiaxing/.conda/envs/api/lib/python3.10/site-packages/triton/language/core.py", line 1654, in arange\n    return _semantic.arange(start, end)\n  File "/home/lijiaxing/.conda/envs/api/lib/python3.10/site-packages/triton/language/semantic.py", line 583, in arange\n    raise ValueError("arange\'s range must be a power of 2")\nValueError: arange\'s range must be a power of 2\n', 'runtime_error_name': 'triton.compiler.errors.CompilationError', 'reference_timing_ms': 0.0273, 'speed_up': -1.0, 'custom_timing': -1.0}, 'runtime': -1.0, 'runtime_stats': {}}}
2025-08-08 18:19:55,371 - openevolve.RemoteSpeedupEvaluator - INFO - [level1_83_conv_depthwise_2D_square_input_asymmetric_kernel] triton key words check pass
2025-08-08 18:19:55,372 - openevolve.RemoteSpeedupEvaluator - INFO - [level1_83_conv_depthwise_2D_square_input_asymmetric_kernel] verify_plus payload: reference_code(1671 chars) + custom_code(4414 chars)
2025-08-08 18:19:58,482 - openevolve.RemoteSpeedupEvaluator - INFO - [level1_83_conv_depthwise_2D_square_input_asymmetric_kernel] verify_plus request success
2025-08-08 18:19:58,482 - openevolve.RemoteSpeedupEvaluator - INFO - [level1_83_conv_depthwise_2D_square_input_asymmetric_kernel] verify_plus response: {"id":"level1_83_conv_depthwise_2D_square_input_asymmetric_kernel","result":{"compiled":true,"correctness":true,"metadata":{"hardware":"NVIDIA L20Y","device":"cuda:5","correctness_trials":"(5 / 5)","reference_timing_ms":0.0273,"speed_up":0.453,"custom_timing":0.0603},"runtime":0.0603,"runtime_stats":{"mean":0.0603,"std":0.00187,"min":0.0577,"max":0.0692,"num_trials":100,"hardware":"NVIDIA L20Y","device":"cuda:5"}}}
2025-08-08 18:19:58,482 - openevolve.RemoteSpeedupEvaluator - INFO - [level1_83_conv_depthwise_2D_square_input_asymmetric_kernel] âœ” success | speed_up=0.453  score=20.00
2025-08-08 18:19:58,483 - openevolve.evaluator - INFO - Evaluated program 1a323e4a-36a2-4670-87cf-f2503b425134 in 3.11s: compiled=1.0000, correctness=1.0000, stage=success, passed=0.0000, score=20.0000, speed_up=0.4530, runtime_ms=0.0603, meta={'hardware': 'NVIDIA L20Y', 'device': 'cuda:5', 'correctness_trials': '(5 / 5)', 'reference_timing_ms': 0.0273, 'speed_up': 0.453, 'custom_timing': 0.0603}
2025-08-08 18:19:58,488 - openevolve.llm.ensemble - INFO - Sampled model: deepseek
2025-08-08 18:19:58,489 - openevolve.database - INFO - MAP-Elites cell improved: {'score': 9, 'complexity': 9} (fitness: 10.000 -> 20.000)
2025-08-08 18:19:58,501 - openevolve.threaded_parallel - INFO - Iteration 12: Program 1a323e4a-36a2-4670-87cf-f2503b425134 (parent: 82f8878d-a1e3-495e-b587-8ed735298bcd) completed in 546.86s
2025-08-08 18:19:58,501 - openevolve.threaded_parallel - INFO - Metrics: compiled=1.0000, correctness=1.0000, stage=success, passed=0.0000, score=20.0000, speed_up=0.4530, runtime_ms=0.0603, meta={'hardware': 'NVIDIA L20Y', 'device': 'cuda:5', 'correctness_trials': '(5 / 5)', 'reference_timing_ms': 0.0273, 'speed_up': 0.453, 'custom_timing': 0.0603}
2025-08-08 18:19:58,501 - openevolve.threaded_parallel - INFO - Checkpoint interval reached at iteration 12
2025-08-08 18:19:58,503 - openevolve.database - INFO - Island Status:
2025-08-08 18:19:58,503 - openevolve.database - INFO -    Island 0: 6 programs, best=20.0000, avg=11.6667, diversity=605.27, gen=4 (best: 95654c6d-a6b4-4895-bedd-82363c19f4df)
2025-08-08 18:19:58,503 - openevolve.database - INFO -  * Island 1: 5 programs, best=10.0000, avg=-12.0000, diversity=361.73, gen=5 (best: 2b4690b9-0429-4123-9d1a-a582fa0f262b)
2025-08-08 18:19:58,503 - openevolve.database - INFO -    Island 2: 3 programs, best=10.0000, avg=-26.6667, diversity=645.73, gen=3 (best: 42568dcc-a466-47cf-a167-2bce3b4e817c)
2025-08-08 18:19:58,652 - openevolve.database - INFO - Saved database with 13 programs to openevolve_output/level1_83_conv_depthwise_2D_square_input_asymmetric_kernel/checkpoints/checkpoint_12
2025-08-08 18:19:58,668 - openevolve.controller - INFO - Saved best program at checkpoint 12 with metrics: compiled=1.0000, correctness=1.0000, stage=success, passed=0.0000, score=20.0000, speed_up=0.4370, runtime_ms=0.0625, meta={'hardware': 'NVIDIA L20Y', 'device': 'cuda:0', 'correctness_trials': '(5 / 5)', 'reference_timing_ms': 0.0273, 'speed_up': 0.437, 'custom_timing': 0.0625}
2025-08-08 18:19:58,668 - openevolve.controller - INFO - Saved checkpoint at iteration 12 to openevolve_output/level1_83_conv_depthwise_2D_square_input_asymmetric_kernel/checkpoints/checkpoint_12
2025-08-08 18:22:03,813 - openevolve.RemoteSpeedupEvaluator - INFO - [level1_83_conv_depthwise_2D_square_input_asymmetric_kernel] triton key words check pass
2025-08-08 18:22:03,814 - openevolve.RemoteSpeedupEvaluator - INFO - [level1_83_conv_depthwise_2D_square_input_asymmetric_kernel] verify_plus payload: reference_code(1671 chars) + custom_code(4717 chars)
2025-08-08 18:22:06,698 - openevolve.RemoteSpeedupEvaluator - INFO - [level1_83_conv_depthwise_2D_square_input_asymmetric_kernel] verify_plus request success
2025-08-08 18:22:06,698 - openevolve.RemoteSpeedupEvaluator - INFO - [level1_83_conv_depthwise_2D_square_input_asymmetric_kernel] verify_plus response: {"id":"level1_83_conv_depthwise_2D_square_input_asymmetric_kernel","result":{"compiled":true,"correctness":false,"metadata":{"hardware":"NVIDIA L20Y","device":"cuda:7","runtime_error":"Traceback (most recent call last):\n  File \"/cpfs01/shared/llm_kernel/hujiakai/KernelLLM/validation_api_server/helpers/evaluations.py\", line 720, in run_and_check_correctness\n    output_new = model_new(*inputs)\n  File \"/home/lijiaxing/.conda/envs/api/lib/python3.10/site-packages/torch/nn/modules/module.py\", line 1773, in _wrapped_call_impl\n    return self._call_impl(*args, **kwargs)\n  File \"/home/lijiaxing/.conda/envs/api/lib/python3.10/site-packages/torch/nn/modules/module.py\", line 1784, in _call_impl\n    return forward_call(*args, **kwargs)\n  File \"/tmp/tmp52isa_a0.py\", line 96, in forward\n
2025-08-08 18:22:06,698 - openevolve.RemoteSpeedupEvaluator - INFO - [level1_83_conv_depthwise_2D_square_input_asymmetric_kernel] âœ˜ wrong_answer
2025-08-08 18:22:06,699 - openevolve.evaluator - INFO - Evaluated program 6d620671-3133-4c0e-8dea-3bb595fc5ecf in 2.89s: compiled=1.0000, correctness=0.0000, score=10.0000, stage=wrong_answer, verify_payload={'id': 'level1_83_conv_depthwise_2D_square_input_asymmetric_kernel', 'result': {'compiled': True, 'correctness': False, 'metadata': {'hardware': 'NVIDIA L20Y', 'device': 'cuda:7', 'runtime_error': 'Traceback (most recent call last):\n  File "/cpfs01/shared/llm_kernel/hujiakai/KernelLLM/validation_api_server/helpers/evaluations.py", line 720, in run_and_check_correctness\n    output_new = model_new(*inputs)\n  File "/home/lijiaxing/.conda/envs/api/lib/python3.10/site-packages/torch/nn/modules/module.py", line 1773, in _wrapped_call_impl\n    return self._call_impl(*args, **kwargs)\n  File "/home/lijiaxing/.conda/envs/api/lib/python3.10/site-packages/torch/nn/modules/module.py", line 1784, in _call_impl\n    return forward_call(*args, **kwargs)\n  File "/tmp/tmp52isa_a0.py", line 96, in forward\n    depthwise_vertical_conv_kernel[grid](\n  File "/home/lijiaxing/.conda/envs/api/lib/python3.10/site-packages/triton/runtime/jit.py", line 390, in <lambda>\n    return lambda *args, **kwargs: self.run(grid=grid, warmup=False, *args, **kwargs)\n  File "/home/lijiaxing/.conda/envs/api/lib/python3.10/site-packages/triton/runtime/jit.py", line 594, in run\n    kernel = self.compile(src, target=target, options=options.__dict__)\n  File "/home/lijiaxing/.conda/envs/api/lib/python3.10/site-packages/triton/compiler/compiler.py", line 281, in compile\n    key = f"{triton_key()}-{src.hash()}-{backend.hash()}-{options.hash()}-{str(sorted(env_vars.items()))}"\n  File "/home/lijiaxing/.conda/envs/api/lib/python3.10/site-packages/triton/compiler/compiler.py", line 78, in hash\n    key = f"{self.fn.cache_key}-{str(self.attrs)}-{sorted_sig}-{constants_key}"\n  File "/home/lijiaxing/.conda/envs/api/lib/python3.10/site-packages/triton/runtime/jit.py", line 696, in cache_key\n    dependencies_finder.visit(self.parse())\n  File "/home/lijiaxing/.conda/envs/api/lib/python3.10/ast.py", line 418, in visit\n    return visitor(node)\n  File "/home/lijiaxing/.conda/envs/api/lib/python3.10/ast.py", line 426, in generic_visit\n    self.visit(item)\n  File "/home/lijiaxing/.conda/envs/api/lib/python3.10/ast.py", line 418, in visit\n    return visitor(node)\n  File "/home/lijiaxing/.conda/envs/api/lib/python3.10/site-packages/triton/runtime/jit.py", line 163, in visit_FunctionDef\n    self.generic_visit(node)\n  File "/home/lijiaxing/.conda/envs/api/lib/python3.10/ast.py", line 426, in generic_visit\n    self.visit(item)\n  File "/home/lijiaxing/.conda/envs/api/lib/python3.10/ast.py", line 418, in visit\n    return visitor(node)\n  File "/home/lijiaxing/.conda/envs/api/lib/python3.10/site-packages/triton/runtime/jit.py", line 217, in visit_Assign\n    self.generic_visit(node)\n  File "/home/lijiaxing/.conda/envs/api/lib/python3.10/ast.py", line 428, in generic_visit\n    self.visit(value)\n  File "/home/lijiaxing/.conda/envs/api/lib/python3.10/ast.py", line 418, in visit\n    return visitor(node)\n  File "/home/lijiaxing/.conda/envs/api/lib/python3.10/ast.py", line 428, in generic_visit\n    self.visit(value)\n  File "/home/lijiaxing/.conda/envs/api/lib/python3.10/ast.py", line 418, in visit\n    return visitor(node)\n  File "/home/lijiaxing/.conda/envs/api/lib/python3.10/site-packages/triton/runtime/jit.py", line 156, in visit_Attribute\n    ret = getattr(lhs, node.attr)\nAttributeError: module \'triton.language\' has no attribute \'typeof_ptr\'\n', 'runtime_error_name': 'builtins.AttributeError', 'reference_timing_ms': 0.0273, 'speed_up': -1.0, 'custom_timing': -1.0}, 'runtime': -1.0, 'runtime_stats': {}}}
2025-08-08 18:22:06,704 - openevolve.llm.ensemble - INFO - Sampled model: deepseek
2025-08-08 18:22:06,715 - openevolve.threaded_parallel - INFO - Iteration 11: Program 6d620671-3133-4c0e-8dea-3bb595fc5ecf (parent: af92fe3e-bd9c-4401-8f43-7dc532b1c583) completed in 778.48s
2025-08-08 18:22:06,715 - openevolve.threaded_parallel - INFO - Metrics: compiled=1.0000, correctness=0.0000, score=10.0000, stage=wrong_answer, verify_payload={'id': 'level1_83_conv_depthwise_2D_square_input_asymmetric_kernel', 'result': {'compiled': True, 'correctness': False, 'metadata': {'hardware': 'NVIDIA L20Y', 'device': 'cuda:7', 'runtime_error': 'Traceback (most recent call last):\n  File "/cpfs01/shared/llm_kernel/hujiakai/KernelLLM/validation_api_server/helpers/evaluations.py", line 720, in run_and_check_correctness\n    output_new = model_new(*inputs)\n  File "/home/lijiaxing/.conda/envs/api/lib/python3.10/site-packages/torch/nn/modules/module.py", line 1773, in _wrapped_call_impl\n    return self._call_impl(*args, **kwargs)\n  File "/home/lijiaxing/.conda/envs/api/lib/python3.10/site-packages/torch/nn/modules/module.py", line 1784, in _call_impl\n    return forward_call(*args, **kwargs)\n  File "/tmp/tmp52isa_a0.py", line 96, in forward\n    depthwise_vertical_conv_kernel[grid](\n  File "/home/lijiaxing/.conda/envs/api/lib/python3.10/site-packages/triton/runtime/jit.py", line 390, in <lambda>\n    return lambda *args, **kwargs: self.run(grid=grid, warmup=False, *args, **kwargs)\n  File "/home/lijiaxing/.conda/envs/api/lib/python3.10/site-packages/triton/runtime/jit.py", line 594, in run\n    kernel = self.compile(src, target=target, options=options.__dict__)\n  File "/home/lijiaxing/.conda/envs/api/lib/python3.10/site-packages/triton/compiler/compiler.py", line 281, in compile\n    key = f"{triton_key()}-{src.hash()}-{backend.hash()}-{options.hash()}-{str(sorted(env_vars.items()))}"\n  File "/home/lijiaxing/.conda/envs/api/lib/python3.10/site-packages/triton/compiler/compiler.py", line 78, in hash\n    key = f"{self.fn.cache_key}-{str(self.attrs)}-{sorted_sig}-{constants_key}"\n  File "/home/lijiaxing/.conda/envs/api/lib/python3.10/site-packages/triton/runtime/jit.py", line 696, in cache_key\n    dependencies_finder.visit(self.parse())\n  File "/home/lijiaxing/.conda/envs/api/lib/python3.10/ast.py", line 418, in visit\n    return visitor(node)\n  File "/home/lijiaxing/.conda/envs/api/lib/python3.10/ast.py", line 426, in generic_visit\n    self.visit(item)\n  File "/home/lijiaxing/.conda/envs/api/lib/python3.10/ast.py", line 418, in visit\n    return visitor(node)\n  File "/home/lijiaxing/.conda/envs/api/lib/python3.10/site-packages/triton/runtime/jit.py", line 163, in visit_FunctionDef\n    self.generic_visit(node)\n  File "/home/lijiaxing/.conda/envs/api/lib/python3.10/ast.py", line 426, in generic_visit\n    self.visit(item)\n  File "/home/lijiaxing/.conda/envs/api/lib/python3.10/ast.py", line 418, in visit\n    return visitor(node)\n  File "/home/lijiaxing/.conda/envs/api/lib/python3.10/site-packages/triton/runtime/jit.py", line 217, in visit_Assign\n    self.generic_visit(node)\n  File "/home/lijiaxing/.conda/envs/api/lib/python3.10/ast.py", line 428, in generic_visit\n    self.visit(value)\n  File "/home/lijiaxing/.conda/envs/api/lib/python3.10/ast.py", line 418, in visit\n    return visitor(node)\n  File "/home/lijiaxing/.conda/envs/api/lib/python3.10/ast.py", line 428, in generic_visit\n    self.visit(value)\n  File "/home/lijiaxing/.conda/envs/api/lib/python3.10/ast.py", line 418, in visit\n    return visitor(node)\n  File "/home/lijiaxing/.conda/envs/api/lib/python3.10/site-packages/triton/runtime/jit.py", line 156, in visit_Attribute\n    ret = getattr(lhs, node.attr)\nAttributeError: module \'triton.language\' has no attribute \'typeof_ptr\'\n', 'runtime_error_name': 'builtins.AttributeError', 'reference_timing_ms': 0.0273, 'speed_up': -1.0, 'custom_timing': -1.0}, 'runtime': -1.0, 'runtime_stats': {}}}
2025-08-08 18:24:28,084 - openevolve.RemoteSpeedupEvaluator - INFO - [level1_83_conv_depthwise_2D_square_input_asymmetric_kernel] âœ˜ invalid_answer 'import triton' is not found
2025-08-08 18:24:28,086 - openevolve.evaluator - INFO - Evaluated program c5037c5b-7b2c-4211-8ace-62b69ae87fe5 in 0.00s: compiled=0.0000, correctness=0.0000, score=-100.0000, stage=no_valid_triton_code, feedback=You need to generate real and valid triton code for the core function. The key word 'import triton' is not found.
2025-08-08 18:24:28,091 - openevolve.llm.ensemble - INFO - Sampled model: deepseek
2025-08-08 18:24:28,101 - openevolve.threaded_parallel - INFO - Iteration 13: Program c5037c5b-7b2c-4211-8ace-62b69ae87fe5 (parent: 42568dcc-a466-47cf-a167-2bce3b4e817c) completed in 464.65s
2025-08-08 18:24:28,101 - openevolve.threaded_parallel - INFO - Metrics: compiled=0.0000, correctness=0.0000, score=-100.0000, stage=no_valid_triton_code, feedback=You need to generate real and valid triton code for the core function. The key word 'import triton' is not found.
2025-08-08 18:29:41,425 - openevolve.RemoteSpeedupEvaluator - INFO - [level1_83_conv_depthwise_2D_square_input_asymmetric_kernel] triton key words check pass
2025-08-08 18:29:41,426 - openevolve.RemoteSpeedupEvaluator - INFO - [level1_83_conv_depthwise_2D_square_input_asymmetric_kernel] verify_plus payload: reference_code(1671 chars) + custom_code(4532 chars)
2025-08-08 18:29:44,191 - openevolve.RemoteSpeedupEvaluator - INFO - [level1_83_conv_depthwise_2D_square_input_asymmetric_kernel] verify_plus request success
2025-08-08 18:29:44,191 - openevolve.RemoteSpeedupEvaluator - INFO - [level1_83_conv_depthwise_2D_square_input_asymmetric_kernel] verify_plus response: {"id":"level1_83_conv_depthwise_2D_square_input_asymmetric_kernel","result":{"compiled":true,"correctness":false,"metadata":{"hardware":"NVIDIA L20Y","device":"cuda:7","runtime_error":"Traceback (most recent call last):\n  File \"/home/lijiaxing/.conda/envs/api/lib/python3.10/site-packages/triton/language/core.py\", line 42, in wrapper\n    return fn(*args, **kwargs)\n  File \"/home/lijiaxing/.conda/envs/api/lib/python3.10/site-packages/triton/language/core.py\", line 1654, in arange\n    return _semantic.arange(start, end)\n  File \"/home/lijiaxing/.conda/envs/api/lib/python3.10/site-packages/triton/language/semantic.py\", line 574, in arange\n    raise ValueError(\"arange's arguments must be of type tl.constexpr\")\nValueError: arange's arguments must be of type tl.constexpr\n\nThe above
2025-08-08 18:29:44,191 - openevolve.RemoteSpeedupEvaluator - INFO - [level1_83_conv_depthwise_2D_square_input_asymmetric_kernel] âœ˜ wrong_answer
2025-08-08 18:29:44,191 - openevolve.evaluator - INFO - Evaluated program b2ae485d-fd17-42d2-b769-144c7b7c64e8 in 2.77s: compiled=1.0000, correctness=0.0000, score=10.0000, stage=wrong_answer, verify_payload={'id': 'level1_83_conv_depthwise_2D_square_input_asymmetric_kernel', 'result': {'compiled': True, 'correctness': False, 'metadata': {'hardware': 'NVIDIA L20Y', 'device': 'cuda:7', 'runtime_error': 'Traceback (most recent call last):\n  File "/home/lijiaxing/.conda/envs/api/lib/python3.10/site-packages/triton/language/core.py", line 42, in wrapper\n    return fn(*args, **kwargs)\n  File "/home/lijiaxing/.conda/envs/api/lib/python3.10/site-packages/triton/language/core.py", line 1654, in arange\n    return _semantic.arange(start, end)\n  File "/home/lijiaxing/.conda/envs/api/lib/python3.10/site-packages/triton/language/semantic.py", line 574, in arange\n    raise ValueError("arange\'s arguments must be of type tl.constexpr")\nValueError: arange\'s arguments must be of type tl.constexpr\n\nThe above exception was the direct cause of the following exception:\n\nTraceback (most recent call last):\n  File "/cpfs01/shared/llm_kernel/hujiakai/KernelLLM/validation_api_server/helpers/evaluations.py", line 720, in run_and_check_correctness\n    output_new = model_new(*inputs)\n  File "/home/lijiaxing/.conda/envs/api/lib/python3.10/site-packages/torch/nn/modules/module.py", line 1773, in _wrapped_call_impl\n    return self._call_impl(*args, **kwargs)\n  File "/home/lijiaxing/.conda/envs/api/lib/python3.10/site-packages/torch/nn/modules/module.py", line 1784, in _call_impl\n    return forward_call(*args, **kwargs)\n  File "/tmp/tmp2tuj1fo5.py", line 119, in forward\n    _depthwise_conv2d_kernel[grid](\n  File "/home/lijiaxing/.conda/envs/api/lib/python3.10/site-packages/triton/runtime/jit.py", line 390, in <lambda>\n    return lambda *args, **kwargs: self.run(grid=grid, warmup=False, *args, **kwargs)\n  File "/home/lijiaxing/.conda/envs/api/lib/python3.10/site-packages/triton/runtime/jit.py", line 594, in run\n    kernel = self.compile(src, target=target, options=options.__dict__)\n  File "/home/lijiaxing/.conda/envs/api/lib/python3.10/site-packages/triton/compiler/compiler.py", line 339, in compile\n    module = src.make_ir(options, codegen_fns, module_map, context)\n  File "/home/lijiaxing/.conda/envs/api/lib/python3.10/site-packages/triton/compiler/compiler.py", line 83, in make_ir\n    return ast_to_ttir(self.fn, self, context=context, options=options, codegen_fns=codegen_fns,\ntriton.compiler.errors.CompilationError: at 31:17:\n    if pid >= num_rows:\n        return\n\n    batch_id = pid // (in_channels * height_out)\n    residual = pid % (in_channels * height_out)\n    channel_id = residual // height_out\n    h_out = residual % height_out\n\n    weight_channel_ptr = weight_ptr + channel_id * kernel_size\n\n    # Precompute input row indices for kernel\n    input_rows = tl.arange(0, kernel_size) * dilation\n                 ^\n\n\nThe above exception was the direct cause of the following exception:\n\nTraceback (most recent call last):\n  File "/home/lijiaxing/.conda/envs/api/lib/python3.10/site-packages/triton/language/core.py", line 42, in wrapper\n    return fn(*args, **kwargs)\n  File "/home/lijiaxing/.conda/envs/api/lib/python3.10/site-packages/triton/language/core.py", line 1654, in arange\n    return _semantic.arange(start, end)\n  File "/home/lijiaxing/.conda/envs/api/lib/python3.10/site-packages/triton/language/semantic.py", line 574, in arange\n    raise ValueError("arange\'s arguments must be of type tl.constexpr")\nValueError: arange\'s arguments must be of type tl.constexpr\n', 'runtime_error_name': 'triton.compiler.errors.CompilationError', 'reference_timing_ms': 0.0273, 'speed_up': -1.0, 'custom_timing': -1.0}, 'runtime': -1.0, 'runtime_stats': {}}}
2025-08-08 18:29:44,196 - openevolve.llm.ensemble - INFO - Sampled model: deepseek
2025-08-08 18:29:44,208 - openevolve.threaded_parallel - INFO - Iteration 14: Program b2ae485d-fd17-42d2-b769-144c7b7c64e8 (parent: 95654c6d-a6b4-4895-bedd-82363c19f4df) completed in 585.70s
2025-08-08 18:29:44,208 - openevolve.threaded_parallel - INFO - Metrics: compiled=1.0000, correctness=0.0000, score=10.0000, stage=wrong_answer, verify_payload={'id': 'level1_83_conv_depthwise_2D_square_input_asymmetric_kernel', 'result': {'compiled': True, 'correctness': False, 'metadata': {'hardware': 'NVIDIA L20Y', 'device': 'cuda:7', 'runtime_error': 'Traceback (most recent call last):\n  File "/home/lijiaxing/.conda/envs/api/lib/python3.10/site-packages/triton/language/core.py", line 42, in wrapper\n    return fn(*args, **kwargs)\n  File "/home/lijiaxing/.conda/envs/api/lib/python3.10/site-packages/triton/language/core.py", line 1654, in arange\n    return _semantic.arange(start, end)\n  File "/home/lijiaxing/.conda/envs/api/lib/python3.10/site-packages/triton/language/semantic.py", line 574, in arange\n    raise ValueError("arange\'s arguments must be of type tl.constexpr")\nValueError: arange\'s arguments must be of type tl.constexpr\n\nThe above exception was the direct cause of the following exception:\n\nTraceback (most recent call last):\n  File "/cpfs01/shared/llm_kernel/hujiakai/KernelLLM/validation_api_server/helpers/evaluations.py", line 720, in run_and_check_correctness\n    output_new = model_new(*inputs)\n  File "/home/lijiaxing/.conda/envs/api/lib/python3.10/site-packages/torch/nn/modules/module.py", line 1773, in _wrapped_call_impl\n    return self._call_impl(*args, **kwargs)\n  File "/home/lijiaxing/.conda/envs/api/lib/python3.10/site-packages/torch/nn/modules/module.py", line 1784, in _call_impl\n    return forward_call(*args, **kwargs)\n  File "/tmp/tmp2tuj1fo5.py", line 119, in forward\n    _depthwise_conv2d_kernel[grid](\n  File "/home/lijiaxing/.conda/envs/api/lib/python3.10/site-packages/triton/runtime/jit.py", line 390, in <lambda>\n    return lambda *args, **kwargs: self.run(grid=grid, warmup=False, *args, **kwargs)\n  File "/home/lijiaxing/.conda/envs/api/lib/python3.10/site-packages/triton/runtime/jit.py", line 594, in run\n    kernel = self.compile(src, target=target, options=options.__dict__)\n  File "/home/lijiaxing/.conda/envs/api/lib/python3.10/site-packages/triton/compiler/compiler.py", line 339, in compile\n    module = src.make_ir(options, codegen_fns, module_map, context)\n  File "/home/lijiaxing/.conda/envs/api/lib/python3.10/site-packages/triton/compiler/compiler.py", line 83, in make_ir\n    return ast_to_ttir(self.fn, self, context=context, options=options, codegen_fns=codegen_fns,\ntriton.compiler.errors.CompilationError: at 31:17:\n    if pid >= num_rows:\n        return\n\n    batch_id = pid // (in_channels * height_out)\n    residual = pid % (in_channels * height_out)\n    channel_id = residual // height_out\n    h_out = residual % height_out\n\n    weight_channel_ptr = weight_ptr + channel_id * kernel_size\n\n    # Precompute input row indices for kernel\n    input_rows = tl.arange(0, kernel_size) * dilation\n                 ^\n\n\nThe above exception was the direct cause of the following exception:\n\nTraceback (most recent call last):\n  File "/home/lijiaxing/.conda/envs/api/lib/python3.10/site-packages/triton/language/core.py", line 42, in wrapper\n    return fn(*args, **kwargs)\n  File "/home/lijiaxing/.conda/envs/api/lib/python3.10/site-packages/triton/language/core.py", line 1654, in arange\n    return _semantic.arange(start, end)\n  File "/home/lijiaxing/.conda/envs/api/lib/python3.10/site-packages/triton/language/semantic.py", line 574, in arange\n    raise ValueError("arange\'s arguments must be of type tl.constexpr")\nValueError: arange\'s arguments must be of type tl.constexpr\n', 'runtime_error_name': 'triton.compiler.errors.CompilationError', 'reference_timing_ms': 0.0273, 'speed_up': -1.0, 'custom_timing': -1.0}, 'runtime': -1.0, 'runtime_stats': {}}}
2025-08-08 18:30:24,361 - openevolve.RemoteSpeedupEvaluator - INFO - [level1_83_conv_depthwise_2D_square_input_asymmetric_kernel] triton key words check pass
2025-08-08 18:30:24,363 - openevolve.RemoteSpeedupEvaluator - INFO - [level1_83_conv_depthwise_2D_square_input_asymmetric_kernel] verify_plus payload: reference_code(1671 chars) + custom_code(4152 chars)
2025-08-08 18:30:28,175 - openevolve.RemoteSpeedupEvaluator - INFO - [level1_83_conv_depthwise_2D_square_input_asymmetric_kernel] verify_plus request success
2025-08-08 18:30:28,175 - openevolve.RemoteSpeedupEvaluator - INFO - [level1_83_conv_depthwise_2D_square_input_asymmetric_kernel] verify_plus response: {"id":"level1_83_conv_depthwise_2D_square_input_asymmetric_kernel","result":{"compiled":true,"correctness":true,"metadata":{"hardware":"NVIDIA L20Y","device":"cuda:3","correctness_trials":"(5 / 5)","reference_timing_ms":0.0273,"speed_up":0.457,"custom_timing":0.0598},"runtime":0.0598,"runtime_stats":{"mean":0.0598,"std":0.00213,"min":0.0554,"max":0.0695,"num_trials":100,"hardware":"NVIDIA L20Y","device":"cuda:3"}}}
2025-08-08 18:30:28,176 - openevolve.RemoteSpeedupEvaluator - INFO - [level1_83_conv_depthwise_2D_square_input_asymmetric_kernel] âœ” success | speed_up=0.457  score=20.00
2025-08-08 18:30:28,176 - openevolve.evaluator - INFO - Evaluated program 4474241a-e4cf-4ff6-b136-69e8be18f6ee in 3.82s: compiled=1.0000, correctness=1.0000, stage=success, passed=0.0000, score=20.0000, speed_up=0.4570, runtime_ms=0.0598, meta={'hardware': 'NVIDIA L20Y', 'device': 'cuda:3', 'correctness_trials': '(5 / 5)', 'reference_timing_ms': 0.0273, 'speed_up': 0.457, 'custom_timing': 0.0598}
2025-08-08 18:30:28,180 - openevolve.llm.ensemble - INFO - Sampled model: deepseek
2025-08-08 18:30:28,197 - openevolve.threaded_parallel - INFO - Iteration 15: Program 4474241a-e4cf-4ff6-b136-69e8be18f6ee (parent: e6abb933-b7c9-499f-b69d-d7bad84eaebf) completed in 501.47s
2025-08-08 18:30:28,197 - openevolve.threaded_parallel - INFO - Metrics: compiled=1.0000, correctness=1.0000, stage=success, passed=0.0000, score=20.0000, speed_up=0.4570, runtime_ms=0.0598, meta={'hardware': 'NVIDIA L20Y', 'device': 'cuda:3', 'correctness_trials': '(5 / 5)', 'reference_timing_ms': 0.0273, 'speed_up': 0.457, 'custom_timing': 0.0598}
2025-08-08 18:30:28,197 - openevolve.threaded_parallel - INFO - Checkpoint interval reached at iteration 15
2025-08-08 18:30:28,199 - openevolve.database - INFO - Island Status:
2025-08-08 18:30:28,199 - openevolve.database - INFO -    Island 0: 7 programs, best=20.0000, avg=11.4286, diversity=605.27, gen=5 (best: 95654c6d-a6b4-4895-bedd-82363c19f4df)
2025-08-08 18:30:28,199 - openevolve.database - INFO -    Island 1: 7 programs, best=20.0000, avg=-4.2857, diversity=150.35, gen=6 (best: 4474241a-e4cf-4ff6-b136-69e8be18f6ee)
2025-08-08 18:30:28,199 - openevolve.database - INFO -  * Island 2: 4 programs, best=10.0000, avg=-45.0000, diversity=1002.45, gen=5 (best: 42568dcc-a466-47cf-a167-2bce3b4e817c)
2025-08-08 18:30:28,390 - openevolve.database - INFO - Saved database with 17 programs to openevolve_output/level1_83_conv_depthwise_2D_square_input_asymmetric_kernel/checkpoints/checkpoint_15
2025-08-08 18:30:28,405 - openevolve.controller - INFO - Saved best program at checkpoint 15 with metrics: compiled=1.0000, correctness=1.0000, stage=success, passed=0.0000, score=20.0000, speed_up=0.4370, runtime_ms=0.0625, meta={'hardware': 'NVIDIA L20Y', 'device': 'cuda:0', 'correctness_trials': '(5 / 5)', 'reference_timing_ms': 0.0273, 'speed_up': 0.437, 'custom_timing': 0.0625}
2025-08-08 18:30:28,405 - openevolve.controller - INFO - Saved checkpoint at iteration 15 to openevolve_output/level1_83_conv_depthwise_2D_square_input_asymmetric_kernel/checkpoints/checkpoint_15
2025-08-08 18:38:03,896 - openevolve.RemoteSpeedupEvaluator - INFO - [level1_83_conv_depthwise_2D_square_input_asymmetric_kernel] triton key words check pass
2025-08-08 18:38:03,898 - openevolve.RemoteSpeedupEvaluator - INFO - [level1_83_conv_depthwise_2D_square_input_asymmetric_kernel] verify_plus payload: reference_code(1671 chars) + custom_code(4273 chars)
2025-08-08 18:38:06,742 - openevolve.RemoteSpeedupEvaluator - INFO - [level1_83_conv_depthwise_2D_square_input_asymmetric_kernel] verify_plus request success
2025-08-08 18:38:06,742 - openevolve.RemoteSpeedupEvaluator - INFO - [level1_83_conv_depthwise_2D_square_input_asymmetric_kernel] verify_plus response: {"id":"level1_83_conv_depthwise_2D_square_input_asymmetric_kernel","result":{"compiled":true,"correctness":true,"metadata":{"hardware":"NVIDIA L20Y","device":"cuda:7","correctness_trials":"(5 / 5)","reference_timing_ms":0.0273,"speed_up":0.435,"custom_timing":0.0627},"runtime":0.0627,"runtime_stats":{"mean":0.0627,"std":0.00222,"min":0.0599,"max":0.0702,"num_trials":100,"hardware":"NVIDIA L20Y","device":"cuda:7"}}}
2025-08-08 18:38:06,742 - openevolve.RemoteSpeedupEvaluator - INFO - [level1_83_conv_depthwise_2D_square_input_asymmetric_kernel] âœ” success | speed_up=0.435  score=20.00
2025-08-08 18:38:06,743 - openevolve.evaluator - INFO - Evaluated program ba9a1ad8-062a-46b7-ae94-29ae0e097dd9 in 2.85s: compiled=1.0000, correctness=1.0000, stage=success, passed=0.0000, score=20.0000, speed_up=0.4350, runtime_ms=0.0627, meta={'hardware': 'NVIDIA L20Y', 'device': 'cuda:7', 'correctness_trials': '(5 / 5)', 'reference_timing_ms': 0.0273, 'speed_up': 0.435, 'custom_timing': 0.0627}
2025-08-08 18:38:06,747 - openevolve.llm.ensemble - INFO - Sampled model: deepseek
2025-08-08 18:38:06,766 - openevolve.threaded_parallel - INFO - Iteration 18: Program ba9a1ad8-062a-46b7-ae94-29ae0e097dd9 (parent: 3024e0c1-b6f9-4507-abf4-4c6d023bb5e7) completed in 458.56s
2025-08-08 18:38:06,766 - openevolve.threaded_parallel - INFO - Metrics: compiled=1.0000, correctness=1.0000, stage=success, passed=0.0000, score=20.0000, speed_up=0.4350, runtime_ms=0.0627, meta={'hardware': 'NVIDIA L20Y', 'device': 'cuda:7', 'correctness_trials': '(5 / 5)', 'reference_timing_ms': 0.0273, 'speed_up': 0.435, 'custom_timing': 0.0627}
2025-08-08 18:38:06,766 - openevolve.threaded_parallel - INFO - Checkpoint interval reached at iteration 18
2025-08-08 18:38:06,769 - openevolve.database - INFO - Island Status:
2025-08-08 18:38:06,769 - openevolve.database - INFO -  * Island 0: 7 programs, best=20.0000, avg=11.4286, diversity=605.27, gen=6 (best: 95654c6d-a6b4-4895-bedd-82363c19f4df)
2025-08-08 18:38:06,769 - openevolve.database - INFO -    Island 1: 7 programs, best=20.0000, avg=-4.2857, diversity=150.35, gen=6 (best: 4474241a-e4cf-4ff6-b136-69e8be18f6ee)
2025-08-08 18:38:06,770 - openevolve.database - INFO -    Island 2: 5 programs, best=20.0000, avg=-32.0000, diversity=621.38, gen=5 (best: ba9a1ad8-062a-46b7-ae94-29ae0e097dd9)
2025-08-08 18:38:07,018 - openevolve.database - INFO - Saved database with 18 programs to openevolve_output/level1_83_conv_depthwise_2D_square_input_asymmetric_kernel/checkpoints/checkpoint_18
2025-08-08 18:38:07,035 - openevolve.controller - INFO - Saved best program at checkpoint 18 with metrics: compiled=1.0000, correctness=1.0000, stage=success, passed=0.0000, score=20.0000, speed_up=0.4370, runtime_ms=0.0625, meta={'hardware': 'NVIDIA L20Y', 'device': 'cuda:0', 'correctness_trials': '(5 / 5)', 'reference_timing_ms': 0.0273, 'speed_up': 0.437, 'custom_timing': 0.0625}
2025-08-08 18:38:07,035 - openevolve.controller - INFO - Saved checkpoint at iteration 18 to openevolve_output/level1_83_conv_depthwise_2D_square_input_asymmetric_kernel/checkpoints/checkpoint_18
2025-08-08 18:38:55,766 - openevolve.RemoteSpeedupEvaluator - INFO - [level1_83_conv_depthwise_2D_square_input_asymmetric_kernel] triton key words check pass
2025-08-08 18:38:55,768 - openevolve.RemoteSpeedupEvaluator - INFO - [level1_83_conv_depthwise_2D_square_input_asymmetric_kernel] verify_plus payload: reference_code(1671 chars) + custom_code(4672 chars)
2025-08-08 18:38:58,531 - openevolve.RemoteSpeedupEvaluator - INFO - [level1_83_conv_depthwise_2D_square_input_asymmetric_kernel] verify_plus request success
2025-08-08 18:38:58,531 - openevolve.RemoteSpeedupEvaluator - INFO - [level1_83_conv_depthwise_2D_square_input_asymmetric_kernel] verify_plus response: {"id":"level1_83_conv_depthwise_2D_square_input_asymmetric_kernel","result":{"compiled":true,"correctness":false,"metadata":{"hardware":"NVIDIA L20Y","device":"cuda:3","runtime_error":"Traceback (most recent call last):\n  File \"/home/lijiaxing/.conda/envs/api/lib/python3.10/site-packages/triton/language/core.py\", line 42, in wrapper\n    return fn(*args, **kwargs)\n  File \"/home/lijiaxing/.conda/envs/api/lib/python3.10/site-packages/triton/language/core.py\", line 1654, in arange\n    return _semantic.arange(start, end)\n  File \"/home/lijiaxing/.conda/envs/api/lib/python3.10/site-packages/triton/language/semantic.py\", line 574, in arange\n    raise ValueError(\"arange's arguments must be of type tl.constexpr\")\nValueError: arange's arguments must be of type tl.constexpr\n\nThe above
2025-08-08 18:38:58,531 - openevolve.RemoteSpeedupEvaluator - INFO - [level1_83_conv_depthwise_2D_square_input_asymmetric_kernel] âœ˜ wrong_answer
2025-08-08 18:38:58,532 - openevolve.evaluator - INFO - Evaluated program d4ee3a8c-abf9-4e97-891d-e6e4896bd976 in 2.77s: compiled=1.0000, correctness=0.0000, score=10.0000, stage=wrong_answer, verify_payload={'id': 'level1_83_conv_depthwise_2D_square_input_asymmetric_kernel', 'result': {'compiled': True, 'correctness': False, 'metadata': {'hardware': 'NVIDIA L20Y', 'device': 'cuda:3', 'runtime_error': 'Traceback (most recent call last):\n  File "/home/lijiaxing/.conda/envs/api/lib/python3.10/site-packages/triton/language/core.py", line 42, in wrapper\n    return fn(*args, **kwargs)\n  File "/home/lijiaxing/.conda/envs/api/lib/python3.10/site-packages/triton/language/core.py", line 1654, in arange\n    return _semantic.arange(start, end)\n  File "/home/lijiaxing/.conda/envs/api/lib/python3.10/site-packages/triton/language/semantic.py", line 574, in arange\n    raise ValueError("arange\'s arguments must be of type tl.constexpr")\nValueError: arange\'s arguments must be of type tl.constexpr\n\nThe above exception was the direct cause of the following exception:\n\nTraceback (most recent call last):\n  File "/cpfs01/shared/llm_kernel/hujiakai/KernelLLM/validation_api_server/helpers/evaluations.py", line 720, in run_and_check_correctness\n    output_new = model_new(*inputs)\n  File "/home/lijiaxing/.conda/envs/api/lib/python3.10/site-packages/torch/nn/modules/module.py", line 1773, in _wrapped_call_impl\n    return self._call_impl(*args, **kwargs)\n  File "/home/lijiaxing/.conda/envs/api/lib/python3.10/site-packages/torch/nn/modules/module.py", line 1784, in _call_impl\n    return forward_call(*args, **kwargs)\n  File "/tmp/tmp5tjdp6os.py", line 95, in forward\n    depthwise_vertical_conv_kernel[grid](\n  File "/home/lijiaxing/.conda/envs/api/lib/python3.10/site-packages/triton/runtime/jit.py", line 390, in <lambda>\n    return lambda *args, **kwargs: self.run(grid=grid, warmup=False, *args, **kwargs)\n  File "/home/lijiaxing/.conda/envs/api/lib/python3.10/site-packages/triton/runtime/jit.py", line 594, in run\n    kernel = self.compile(src, target=target, options=options.__dict__)\n  File "/home/lijiaxing/.conda/envs/api/lib/python3.10/site-packages/triton/compiler/compiler.py", line 339, in compile\n    module = src.make_ir(options, codegen_fns, module_map, context)\n  File "/home/lijiaxing/.conda/envs/api/lib/python3.10/site-packages/triton/compiler/compiler.py", line 83, in make_ir\n    return ast_to_ttir(self.fn, self, context=context, options=options, codegen_fns=codegen_fns,\ntriton.compiler.errors.CompilationError: at 24:51:\n    channel_idx = (pid_row % (in_channels * n_rows)) // n_rows\n    row_idx = pid_row % n_rows\n\n    col_offsets = pid_col * BLOCK_SIZE + tl.arange(0, BLOCK_SIZE)\n    idx = row_idx * BLOCK_SIZE + col_offsets\n    output_i = idx // output_width\n    output_j = idx % output_width\n\n    mask = (batch_idx < batch) & (channel_idx < in_channels) & (idx < output_height * output_width)\n\n    weight_offset = channel_idx * kernel_size\n    weights = tl.load(weight_ptr + weight_offset + tl.arange(0, kernel_size))\n                                                   ^\n\n\nThe above exception was the direct cause of the following exception:\n\nTraceback (most recent call last):\n  File "/home/lijiaxing/.conda/envs/api/lib/python3.10/site-packages/triton/language/core.py", line 42, in wrapper\n    return fn(*args, **kwargs)\n  File "/home/lijiaxing/.conda/envs/api/lib/python3.10/site-packages/triton/language/core.py", line 1654, in arange\n    return _semantic.arange(start, end)\n  File "/home/lijiaxing/.conda/envs/api/lib/python3.10/site-packages/triton/language/semantic.py", line 574, in arange\n    raise ValueError("arange\'s arguments must be of type tl.constexpr")\nValueError: arange\'s arguments must be of type tl.constexpr\n', 'runtime_error_name': 'triton.compiler.errors.CompilationError', 'reference_timing_ms': 0.0273, 'speed_up': -1.0, 'custom_timing': -1.0}, 'runtime': -1.0, 'runtime_stats': {}}}
2025-08-08 18:38:58,537 - openevolve.llm.ensemble - INFO - Sampled model: deepseek
2025-08-08 18:38:58,550 - openevolve.threaded_parallel - INFO - Iteration 17: Program d4ee3a8c-abf9-4e97-891d-e6e4896bd976 (parent: af92fe3e-bd9c-4401-8f43-7dc532b1c583) completed in 554.34s
2025-08-08 18:38:58,550 - openevolve.threaded_parallel - INFO - Metrics: compiled=1.0000, correctness=0.0000, score=10.0000, stage=wrong_answer, verify_payload={'id': 'level1_83_conv_depthwise_2D_square_input_asymmetric_kernel', 'result': {'compiled': True, 'correctness': False, 'metadata': {'hardware': 'NVIDIA L20Y', 'device': 'cuda:3', 'runtime_error': 'Traceback (most recent call last):\n  File "/home/lijiaxing/.conda/envs/api/lib/python3.10/site-packages/triton/language/core.py", line 42, in wrapper\n    return fn(*args, **kwargs)\n  File "/home/lijiaxing/.conda/envs/api/lib/python3.10/site-packages/triton/language/core.py", line 1654, in arange\n    return _semantic.arange(start, end)\n  File "/home/lijiaxing/.conda/envs/api/lib/python3.10/site-packages/triton/language/semantic.py", line 574, in arange\n    raise ValueError("arange\'s arguments must be of type tl.constexpr")\nValueError: arange\'s arguments must be of type tl.constexpr\n\nThe above exception was the direct cause of the following exception:\n\nTraceback (most recent call last):\n  File "/cpfs01/shared/llm_kernel/hujiakai/KernelLLM/validation_api_server/helpers/evaluations.py", line 720, in run_and_check_correctness\n    output_new = model_new(*inputs)\n  File "/home/lijiaxing/.conda/envs/api/lib/python3.10/site-packages/torch/nn/modules/module.py", line 1773, in _wrapped_call_impl\n    return self._call_impl(*args, **kwargs)\n  File "/home/lijiaxing/.conda/envs/api/lib/python3.10/site-packages/torch/nn/modules/module.py", line 1784, in _call_impl\n    return forward_call(*args, **kwargs)\n  File "/tmp/tmp5tjdp6os.py", line 95, in forward\n    depthwise_vertical_conv_kernel[grid](\n  File "/home/lijiaxing/.conda/envs/api/lib/python3.10/site-packages/triton/runtime/jit.py", line 390, in <lambda>\n    return lambda *args, **kwargs: self.run(grid=grid, warmup=False, *args, **kwargs)\n  File "/home/lijiaxing/.conda/envs/api/lib/python3.10/site-packages/triton/runtime/jit.py", line 594, in run\n    kernel = self.compile(src, target=target, options=options.__dict__)\n  File "/home/lijiaxing/.conda/envs/api/lib/python3.10/site-packages/triton/compiler/compiler.py", line 339, in compile\n    module = src.make_ir(options, codegen_fns, module_map, context)\n  File "/home/lijiaxing/.conda/envs/api/lib/python3.10/site-packages/triton/compiler/compiler.py", line 83, in make_ir\n    return ast_to_ttir(self.fn, self, context=context, options=options, codegen_fns=codegen_fns,\ntriton.compiler.errors.CompilationError: at 24:51:\n    channel_idx = (pid_row % (in_channels * n_rows)) // n_rows\n    row_idx = pid_row % n_rows\n\n    col_offsets = pid_col * BLOCK_SIZE + tl.arange(0, BLOCK_SIZE)\n    idx = row_idx * BLOCK_SIZE + col_offsets\n    output_i = idx // output_width\n    output_j = idx % output_width\n\n    mask = (batch_idx < batch) & (channel_idx < in_channels) & (idx < output_height * output_width)\n\n    weight_offset = channel_idx * kernel_size\n    weights = tl.load(weight_ptr + weight_offset + tl.arange(0, kernel_size))\n                                                   ^\n\n\nThe above exception was the direct cause of the following exception:\n\nTraceback (most recent call last):\n  File "/home/lijiaxing/.conda/envs/api/lib/python3.10/site-packages/triton/language/core.py", line 42, in wrapper\n    return fn(*args, **kwargs)\n  File "/home/lijiaxing/.conda/envs/api/lib/python3.10/site-packages/triton/language/core.py", line 1654, in arange\n    return _semantic.arange(start, end)\n  File "/home/lijiaxing/.conda/envs/api/lib/python3.10/site-packages/triton/language/semantic.py", line 574, in arange\n    raise ValueError("arange\'s arguments must be of type tl.constexpr")\nValueError: arange\'s arguments must be of type tl.constexpr\n', 'runtime_error_name': 'triton.compiler.errors.CompilationError', 'reference_timing_ms': 0.0273, 'speed_up': -1.0, 'custom_timing': -1.0}, 'runtime': -1.0, 'runtime_stats': {}}}
2025-08-08 18:40:44,626 - openevolve.RemoteSpeedupEvaluator - INFO - [level1_83_conv_depthwise_2D_square_input_asymmetric_kernel] triton key words check pass
2025-08-08 18:40:44,627 - openevolve.RemoteSpeedupEvaluator - INFO - [level1_83_conv_depthwise_2D_square_input_asymmetric_kernel] verify_plus payload: reference_code(1671 chars) + custom_code(4100 chars)
2025-08-08 18:40:47,561 - openevolve.RemoteSpeedupEvaluator - INFO - [level1_83_conv_depthwise_2D_square_input_asymmetric_kernel] verify_plus request success
2025-08-08 18:40:47,562 - openevolve.RemoteSpeedupEvaluator - INFO - [level1_83_conv_depthwise_2D_square_input_asymmetric_kernel] verify_plus response: {"id":"level1_83_conv_depthwise_2D_square_input_asymmetric_kernel","result":{"compiled":true,"correctness":true,"metadata":{"hardware":"NVIDIA L20Y","device":"cuda:0","correctness_trials":"(5 / 5)","reference_timing_ms":0.0273,"speed_up":0.453,"custom_timing":0.0602},"runtime":0.0602,"runtime_stats":{"mean":0.0602,"std":0.00186,"min":0.0575,"max":0.07,"num_trials":100,"hardware":"NVIDIA L20Y","device":"cuda:0"}}}
2025-08-08 18:40:47,562 - openevolve.RemoteSpeedupEvaluator - INFO - [level1_83_conv_depthwise_2D_square_input_asymmetric_kernel] âœ” success | speed_up=0.453  score=20.00
2025-08-08 18:40:47,562 - openevolve.evaluator - INFO - Evaluated program 92a1c118-9b0d-40bc-ad69-5a8c6f8491da in 2.94s: compiled=1.0000, correctness=1.0000, stage=success, passed=0.0000, score=20.0000, speed_up=0.4530, runtime_ms=0.0602, meta={'hardware': 'NVIDIA L20Y', 'device': 'cuda:0', 'correctness_trials': '(5 / 5)', 'reference_timing_ms': 0.0273, 'speed_up': 0.453, 'custom_timing': 0.0602}
2025-08-08 18:40:47,568 - openevolve.llm.ensemble - INFO - Sampled model: deepseek
2025-08-08 18:40:47,586 - openevolve.threaded_parallel - INFO - Iteration 16: Program 92a1c118-9b0d-40bc-ad69-5a8c6f8491da (parent: 42568dcc-a466-47cf-a167-2bce3b4e817c) completed in 979.47s
2025-08-08 18:40:47,586 - openevolve.threaded_parallel - INFO - Metrics: compiled=1.0000, correctness=1.0000, stage=success, passed=0.0000, score=20.0000, speed_up=0.4530, runtime_ms=0.0602, meta={'hardware': 'NVIDIA L20Y', 'device': 'cuda:0', 'correctness_trials': '(5 / 5)', 'reference_timing_ms': 0.0273, 'speed_up': 0.453, 'custom_timing': 0.0602}
2025-08-08 18:44:34,332 - openevolve.RemoteSpeedupEvaluator - INFO - [level1_83_conv_depthwise_2D_square_input_asymmetric_kernel] triton key words check pass
2025-08-08 18:44:34,333 - openevolve.RemoteSpeedupEvaluator - INFO - [level1_83_conv_depthwise_2D_square_input_asymmetric_kernel] verify_plus payload: reference_code(1671 chars) + custom_code(4265 chars)
2025-08-08 18:44:37,397 - openevolve.RemoteSpeedupEvaluator - INFO - [level1_83_conv_depthwise_2D_square_input_asymmetric_kernel] verify_plus request success
2025-08-08 18:44:37,397 - openevolve.RemoteSpeedupEvaluator - INFO - [level1_83_conv_depthwise_2D_square_input_asymmetric_kernel] verify_plus response: {"id":"level1_83_conv_depthwise_2D_square_input_asymmetric_kernel","result":{"compiled":true,"correctness":true,"metadata":{"hardware":"NVIDIA L20Y","device":"cuda:5","correctness_trials":"(5 / 5)","reference_timing_ms":0.0273,"speed_up":0.474,"custom_timing":0.0576},"runtime":0.0576,"runtime_stats":{"mean":0.0576,"std":0.00283,"min":0.0544,"max":0.0687,"num_trials":100,"hardware":"NVIDIA L20Y","device":"cuda:5"}}}
2025-08-08 18:44:37,398 - openevolve.RemoteSpeedupEvaluator - INFO - [level1_83_conv_depthwise_2D_square_input_asymmetric_kernel] âœ” success | speed_up=0.474  score=20.00
2025-08-08 18:44:37,398 - openevolve.evaluator - INFO - Evaluated program 35b1d633-d0c4-4c60-90f1-fb1b87077fdd in 3.07s: compiled=1.0000, correctness=1.0000, stage=success, passed=0.0000, score=20.0000, speed_up=0.4740, runtime_ms=0.0576, meta={'hardware': 'NVIDIA L20Y', 'device': 'cuda:5', 'correctness_trials': '(5 / 5)', 'reference_timing_ms': 0.0273, 'speed_up': 0.474, 'custom_timing': 0.0576}
2025-08-08 18:44:37,401 - openevolve.llm.ensemble - INFO - Sampled model: deepseek
2025-08-08 18:44:37,419 - openevolve.threaded_parallel - INFO - Iteration 20: Program 35b1d633-d0c4-4c60-90f1-fb1b87077fdd (parent: b2ae485d-fd17-42d2-b769-144c7b7c64e8) completed in 338.86s
2025-08-08 18:44:37,420 - openevolve.threaded_parallel - INFO - Metrics: compiled=1.0000, correctness=1.0000, stage=success, passed=0.0000, score=20.0000, speed_up=0.4740, runtime_ms=0.0576, meta={'hardware': 'NVIDIA L20Y', 'device': 'cuda:5', 'correctness_trials': '(5 / 5)', 'reference_timing_ms': 0.0273, 'speed_up': 0.474, 'custom_timing': 0.0576}
2025-08-08 18:46:05,036 - openevolve.RemoteSpeedupEvaluator - INFO - [level1_83_conv_depthwise_2D_square_input_asymmetric_kernel] âœ˜ invalid_answer 'import triton' is not found
2025-08-08 18:46:05,037 - openevolve.evaluator - INFO - Evaluated program dc2eb380-a453-4a24-b30b-04365a2f608b in 0.00s: compiled=0.0000, correctness=0.0000, score=-100.0000, stage=no_valid_triton_code, feedback=You need to generate real and valid triton code for the core function. The key word 'import triton' is not found.
2025-08-08 18:46:05,041 - openevolve.llm.ensemble - INFO - Sampled model: deepseek
2025-08-08 18:46:05,054 - openevolve.threaded_parallel - INFO - Iteration 19: Program dc2eb380-a453-4a24-b30b-04365a2f608b (parent: 8bd6a8ae-72f7-42d6-824d-3f3663360986) completed in 478.29s
2025-08-08 18:46:05,054 - openevolve.threaded_parallel - INFO - Metrics: compiled=0.0000, correctness=0.0000, score=-100.0000, stage=no_valid_triton_code, feedback=You need to generate real and valid triton code for the core function. The key word 'import triton' is not found.
2025-08-08 18:51:58,026 - openevolve.RemoteSpeedupEvaluator - INFO - [level1_83_conv_depthwise_2D_square_input_asymmetric_kernel] âœ˜ invalid_answer 'import triton' is not found
2025-08-08 18:51:58,028 - openevolve.evaluator - INFO - Evaluated program 991a6988-9731-46d0-bf2f-f67e6d2d6b30 in 0.00s: compiled=0.0000, correctness=0.0000, score=-100.0000, stage=no_valid_triton_code, feedback=You need to generate real and valid triton code for the core function. The key word 'import triton' is not found.
2025-08-08 18:51:58,032 - openevolve.llm.ensemble - INFO - Sampled model: deepseek
2025-08-08 18:51:58,043 - openevolve.threaded_parallel - INFO - Iteration 21: Program 991a6988-9731-46d0-bf2f-f67e6d2d6b30 (parent: 3024e0c1-b6f9-4507-abf4-4c6d023bb5e7) completed in 670.46s
2025-08-08 18:51:58,043 - openevolve.threaded_parallel - INFO - Metrics: compiled=0.0000, correctness=0.0000, score=-100.0000, stage=no_valid_triton_code, feedback=You need to generate real and valid triton code for the core function. The key word 'import triton' is not found.
2025-08-08 18:51:58,043 - openevolve.threaded_parallel - INFO - Checkpoint interval reached at iteration 21
2025-08-08 18:51:58,045 - openevolve.database - INFO - Island Status:
2025-08-08 18:51:58,045 - openevolve.database - INFO -    Island 0: 9 programs, best=20.0000, avg=-1.1111, diversity=605.27, gen=7 (best: 95654c6d-a6b4-4895-bedd-82363c19f4df)
2025-08-08 18:51:58,045 - openevolve.database - INFO -    Island 1: 9 programs, best=20.0000, avg=-12.2222, diversity=150.35, gen=8 (best: 4474241a-e4cf-4ff6-b136-69e8be18f6ee)
2025-08-08 18:51:58,046 - openevolve.database - INFO -  * Island 2: 6 programs, best=20.0000, avg=-23.3333, diversity=350.20, gen=7 (best: ba9a1ad8-062a-46b7-ae94-29ae0e097dd9)
2025-08-08 18:51:58,310 - openevolve.database - INFO - Saved database with 23 programs to openevolve_output/level1_83_conv_depthwise_2D_square_input_asymmetric_kernel/checkpoints/checkpoint_21
2025-08-08 18:51:58,326 - openevolve.controller - INFO - Saved best program at checkpoint 21 with metrics: compiled=1.0000, correctness=1.0000, stage=success, passed=0.0000, score=20.0000, speed_up=0.4370, runtime_ms=0.0625, meta={'hardware': 'NVIDIA L20Y', 'device': 'cuda:0', 'correctness_trials': '(5 / 5)', 'reference_timing_ms': 0.0273, 'speed_up': 0.437, 'custom_timing': 0.0625}
2025-08-08 18:51:58,327 - openevolve.controller - INFO - Saved checkpoint at iteration 21 to openevolve_output/level1_83_conv_depthwise_2D_square_input_asymmetric_kernel/checkpoints/checkpoint_21
2025-08-08 18:54:14,721 - openevolve.RemoteSpeedupEvaluator - INFO - [level1_83_conv_depthwise_2D_square_input_asymmetric_kernel] triton key words check pass
2025-08-08 18:54:14,722 - openevolve.RemoteSpeedupEvaluator - INFO - [level1_83_conv_depthwise_2D_square_input_asymmetric_kernel] verify_plus payload: reference_code(1671 chars) + custom_code(4669 chars)
2025-08-08 18:54:17,466 - openevolve.RemoteSpeedupEvaluator - INFO - [level1_83_conv_depthwise_2D_square_input_asymmetric_kernel] verify_plus request success
2025-08-08 18:54:17,466 - openevolve.RemoteSpeedupEvaluator - INFO - [level1_83_conv_depthwise_2D_square_input_asymmetric_kernel] verify_plus response: {"id":"level1_83_conv_depthwise_2D_square_input_asymmetric_kernel","result":{"compiled":true,"correctness":false,"metadata":{"hardware":"NVIDIA L20Y","device":"cuda:1","runtime_error":"Traceback (most recent call last):\n  File \"/home/lijiaxing/.conda/envs/api/lib/python3.10/site-packages/triton/language/core.py\", line 42, in wrapper\n    return fn(*args, **kwargs)\n  File \"/home/lijiaxing/.conda/envs/api/lib/python3.10/site-packages/triton/language/core.py\", line 1654, in arange\n    return _semantic.arange(start, end)\n  File \"/home/lijiaxing/.conda/envs/api/lib/python3.10/site-packages/triton/language/semantic.py\", line 574, in arange\n    raise ValueError(\"arange's arguments must be of type tl.constexpr\")\nValueError: arange's arguments must be of type tl.constexpr\n\nThe above
2025-08-08 18:54:17,466 - openevolve.RemoteSpeedupEvaluator - INFO - [level1_83_conv_depthwise_2D_square_input_asymmetric_kernel] âœ˜ wrong_answer
2025-08-08 18:54:17,467 - openevolve.evaluator - INFO - Evaluated program 4dfb1fc9-e0cd-49fa-a41a-e821e9f3d346 in 2.75s: compiled=1.0000, correctness=0.0000, score=10.0000, stage=wrong_answer, verify_payload={'id': 'level1_83_conv_depthwise_2D_square_input_asymmetric_kernel', 'result': {'compiled': True, 'correctness': False, 'metadata': {'hardware': 'NVIDIA L20Y', 'device': 'cuda:1', 'runtime_error': 'Traceback (most recent call last):\n  File "/home/lijiaxing/.conda/envs/api/lib/python3.10/site-packages/triton/language/core.py", line 42, in wrapper\n    return fn(*args, **kwargs)\n  File "/home/lijiaxing/.conda/envs/api/lib/python3.10/site-packages/triton/language/core.py", line 1654, in arange\n    return _semantic.arange(start, end)\n  File "/home/lijiaxing/.conda/envs/api/lib/python3.10/site-packages/triton/language/semantic.py", line 574, in arange\n    raise ValueError("arange\'s arguments must be of type tl.constexpr")\nValueError: arange\'s arguments must be of type tl.constexpr\n\nThe above exception was the direct cause of the following exception:\n\nTraceback (most recent call last):\n  File "/cpfs01/shared/llm_kernel/hujiakai/KernelLLM/validation_api_server/helpers/evaluations.py", line 720, in run_and_check_correctness\n    output_new = model_new(*inputs)\n  File "/home/lijiaxing/.conda/envs/api/lib/python3.10/site-packages/torch/nn/modules/module.py", line 1773, in _wrapped_call_impl\n    return self._call_impl(*args, **kwargs)\n  File "/home/lijiaxing/.conda/envs/api/lib/python3.10/site-packages/torch/nn/modules/module.py", line 1784, in _call_impl\n    return forward_call(*args, **kwargs)\n  File "/tmp/tmp6v0z248z.py", line 94, in forward\n    depthwise_vertical_conv_kernel[grid](\n  File "/home/lijiaxing/.conda/envs/api/lib/python3.10/site-packages/triton/runtime/jit.py", line 390, in <lambda>\n    return lambda *args, **kwargs: self.run(grid=grid, warmup=False, *args, **kwargs)\n  File "/home/lijiaxing/.conda/envs/api/lib/python3.10/site-packages/triton/runtime/jit.py", line 594, in run\n    kernel = self.compile(src, target=target, options=options.__dict__)\n  File "/home/lijiaxing/.conda/envs/api/lib/python3.10/site-packages/triton/compiler/compiler.py", line 339, in compile\n    module = src.make_ir(options, codegen_fns, module_map, context)\n  File "/home/lijiaxing/.conda/envs/api/lib/python3.10/site-packages/triton/compiler/compiler.py", line 83, in make_ir\n    return ast_to_ttir(self.fn, self, context=context, options=options, codegen_fns=codegen_fns,\ntriton.compiler.errors.CompilationError: at 25:51:\n    channel_idx = (pid_row % (in_channels * n_rows)) // n_rows\n    row_idx = pid_row % n_rows\n\n    col_offsets = pid_col * BLOCK_SIZE + tl.arange(0, BLOCK_SIZE)\n    idx = row_idx * BLOCK_SIZE + col_offsets\n    output_i = idx // output_width\n    output_j = idx % output_width\n\n    mask = (batch_idx < batch) & (channel_idx < in_channels) & (idx < output_height * output_width)  # Use batch argument\n\n    weight_offset = channel_idx * kernel_size\n    weights = tl.load(weight_ptr + weight_offset + tl.arange(0, kernel_size))\n                                                   ^\n\n\nThe above exception was the direct cause of the following exception:\n\nTraceback (most recent call last):\n  File "/home/lijiaxing/.conda/envs/api/lib/python3.10/site-packages/triton/language/core.py", line 42, in wrapper\n    return fn(*args, **kwargs)\n  File "/home/lijiaxing/.conda/envs/api/lib/python3.10/site-packages/triton/language/core.py", line 1654, in arange\n    return _semantic.arange(start, end)\n  File "/home/lijiaxing/.conda/envs/api/lib/python3.10/site-packages/triton/language/semantic.py", line 574, in arange\n    raise ValueError("arange\'s arguments must be of type tl.constexpr")\nValueError: arange\'s arguments must be of type tl.constexpr\n', 'runtime_error_name': 'triton.compiler.errors.CompilationError', 'reference_timing_ms': 0.0273, 'speed_up': -1.0, 'custom_timing': -1.0}, 'runtime': -1.0, 'runtime_stats': {}}}
2025-08-08 18:54:17,471 - openevolve.llm.ensemble - INFO - Sampled model: deepseek
2025-08-08 18:54:17,487 - openevolve.threaded_parallel - INFO - Iteration 23: Program 4dfb1fc9-e0cd-49fa-a41a-e821e9f3d346 (parent: af92fe3e-bd9c-4401-8f43-7dc532b1c583) completed in 492.43s
2025-08-08 18:54:17,487 - openevolve.threaded_parallel - INFO - Metrics: compiled=1.0000, correctness=0.0000, score=10.0000, stage=wrong_answer, verify_payload={'id': 'level1_83_conv_depthwise_2D_square_input_asymmetric_kernel', 'result': {'compiled': True, 'correctness': False, 'metadata': {'hardware': 'NVIDIA L20Y', 'device': 'cuda:1', 'runtime_error': 'Traceback (most recent call last):\n  File "/home/lijiaxing/.conda/envs/api/lib/python3.10/site-packages/triton/language/core.py", line 42, in wrapper\n    return fn(*args, **kwargs)\n  File "/home/lijiaxing/.conda/envs/api/lib/python3.10/site-packages/triton/language/core.py", line 1654, in arange\n    return _semantic.arange(start, end)\n  File "/home/lijiaxing/.conda/envs/api/lib/python3.10/site-packages/triton/language/semantic.py", line 574, in arange\n    raise ValueError("arange\'s arguments must be of type tl.constexpr")\nValueError: arange\'s arguments must be of type tl.constexpr\n\nThe above exception was the direct cause of the following exception:\n\nTraceback (most recent call last):\n  File "/cpfs01/shared/llm_kernel/hujiakai/KernelLLM/validation_api_server/helpers/evaluations.py", line 720, in run_and_check_correctness\n    output_new = model_new(*inputs)\n  File "/home/lijiaxing/.conda/envs/api/lib/python3.10/site-packages/torch/nn/modules/module.py", line 1773, in _wrapped_call_impl\n    return self._call_impl(*args, **kwargs)\n  File "/home/lijiaxing/.conda/envs/api/lib/python3.10/site-packages/torch/nn/modules/module.py", line 1784, in _call_impl\n    return forward_call(*args, **kwargs)\n  File "/tmp/tmp6v0z248z.py", line 94, in forward\n    depthwise_vertical_conv_kernel[grid](\n  File "/home/lijiaxing/.conda/envs/api/lib/python3.10/site-packages/triton/runtime/jit.py", line 390, in <lambda>\n    return lambda *args, **kwargs: self.run(grid=grid, warmup=False, *args, **kwargs)\n  File "/home/lijiaxing/.conda/envs/api/lib/python3.10/site-packages/triton/runtime/jit.py", line 594, in run\n    kernel = self.compile(src, target=target, options=options.__dict__)\n  File "/home/lijiaxing/.conda/envs/api/lib/python3.10/site-packages/triton/compiler/compiler.py", line 339, in compile\n    module = src.make_ir(options, codegen_fns, module_map, context)\n  File "/home/lijiaxing/.conda/envs/api/lib/python3.10/site-packages/triton/compiler/compiler.py", line 83, in make_ir\n    return ast_to_ttir(self.fn, self, context=context, options=options, codegen_fns=codegen_fns,\ntriton.compiler.errors.CompilationError: at 25:51:\n    channel_idx = (pid_row % (in_channels * n_rows)) // n_rows\n    row_idx = pid_row % n_rows\n\n    col_offsets = pid_col * BLOCK_SIZE + tl.arange(0, BLOCK_SIZE)\n    idx = row_idx * BLOCK_SIZE + col_offsets\n    output_i = idx // output_width\n    output_j = idx % output_width\n\n    mask = (batch_idx < batch) & (channel_idx < in_channels) & (idx < output_height * output_width)  # Use batch argument\n\n    weight_offset = channel_idx * kernel_size\n    weights = tl.load(weight_ptr + weight_offset + tl.arange(0, kernel_size))\n                                                   ^\n\n\nThe above exception was the direct cause of the following exception:\n\nTraceback (most recent call last):\n  File "/home/lijiaxing/.conda/envs/api/lib/python3.10/site-packages/triton/language/core.py", line 42, in wrapper\n    return fn(*args, **kwargs)\n  File "/home/lijiaxing/.conda/envs/api/lib/python3.10/site-packages/triton/language/core.py", line 1654, in arange\n    return _semantic.arange(start, end)\n  File "/home/lijiaxing/.conda/envs/api/lib/python3.10/site-packages/triton/language/semantic.py", line 574, in arange\n    raise ValueError("arange\'s arguments must be of type tl.constexpr")\nValueError: arange\'s arguments must be of type tl.constexpr\n', 'runtime_error_name': 'triton.compiler.errors.CompilationError', 'reference_timing_ms': 0.0273, 'speed_up': -1.0, 'custom_timing': -1.0}, 'runtime': -1.0, 'runtime_stats': {}}}
2025-08-08 19:00:38,304 - openevolve.RemoteSpeedupEvaluator - INFO - [level1_83_conv_depthwise_2D_square_input_asymmetric_kernel] triton key words check pass
2025-08-08 19:00:38,306 - openevolve.RemoteSpeedupEvaluator - INFO - [level1_83_conv_depthwise_2D_square_input_asymmetric_kernel] verify_plus payload: reference_code(1671 chars) + custom_code(4483 chars)
2025-08-08 19:00:41,620 - openevolve.RemoteSpeedupEvaluator - INFO - [level1_83_conv_depthwise_2D_square_input_asymmetric_kernel] verify_plus request success
2025-08-08 19:00:41,620 - openevolve.RemoteSpeedupEvaluator - INFO - [level1_83_conv_depthwise_2D_square_input_asymmetric_kernel] verify_plus response: {"id":"level1_83_conv_depthwise_2D_square_input_asymmetric_kernel","result":{"compiled":true,"correctness":false,"metadata":{"hardware":"NVIDIA L20Y","device":"cuda:6","runtime_error":"Traceback (most recent call last):\n  File \"/cpfs01/shared/llm_kernel/hujiakai/KernelLLM/validation_api_server/helpers/evaluations.py\", line 720, in run_and_check_correctness\n    output_new = model_new(*inputs)\n  File \"/home/lijiaxing/.conda/envs/api/lib/python3.10/site-packages/torch/nn/modules/module.py\", line 1773, in _wrapped_call_impl\n    return self._call_impl(*args, **kwargs)\n  File \"/home/lijiaxing/.conda/envs/api/lib/python3.10/site-packages/torch/nn/modules/module.py\", line 1784, in _call_impl\n    return forward_call(*args, **kwargs)\n  File \"/tmp/tmps3zw7qxi.py\", line 92, in forward\n
2025-08-08 19:00:41,620 - openevolve.RemoteSpeedupEvaluator - INFO - [level1_83_conv_depthwise_2D_square_input_asymmetric_kernel] âœ˜ wrong_answer
2025-08-08 19:00:41,620 - openevolve.evaluator - INFO - Evaluated program 9bc31766-57c4-4733-b1a7-eec4136e1008 in 3.32s: compiled=1.0000, correctness=0.0000, score=10.0000, stage=wrong_answer, verify_payload={'id': 'level1_83_conv_depthwise_2D_square_input_asymmetric_kernel', 'result': {'compiled': True, 'correctness': False, 'metadata': {'hardware': 'NVIDIA L20Y', 'device': 'cuda:6', 'runtime_error': 'Traceback (most recent call last):\n  File "/cpfs01/shared/llm_kernel/hujiakai/KernelLLM/validation_api_server/helpers/evaluations.py", line 720, in run_and_check_correctness\n    output_new = model_new(*inputs)\n  File "/home/lijiaxing/.conda/envs/api/lib/python3.10/site-packages/torch/nn/modules/module.py", line 1773, in _wrapped_call_impl\n    return self._call_impl(*args, **kwargs)\n  File "/home/lijiaxing/.conda/envs/api/lib/python3.10/site-packages/torch/nn/modules/module.py", line 1784, in _call_impl\n    return forward_call(*args, **kwargs)\n  File "/tmp/tmps3zw7qxi.py", line 92, in forward\n    depthwise_vertical_conv_kernel[grid](\n  File "/home/lijiaxing/.conda/envs/api/lib/python3.10/site-packages/triton/runtime/jit.py", line 390, in <lambda>\n    return lambda *args, **kwargs: self.run(grid=grid, warmup=False, *args, **kwargs)\n  File "/home/lijiaxing/.conda/envs/api/lib/python3.10/site-packages/triton/runtime/jit.py", line 594, in run\n    kernel = self.compile(src, target=target, options=options.__dict__)\n  File "/home/lijiaxing/.conda/envs/api/lib/python3.10/site-packages/triton/compiler/compiler.py", line 339, in compile\n    module = src.make_ir(options, codegen_fns, module_map, context)\n  File "/home/lijiaxing/.conda/envs/api/lib/python3.10/site-packages/triton/compiler/compiler.py", line 83, in make_ir\n    return ast_to_ttir(self.fn, self, context=context, options=options, codegen_fns=codegen_fns,\ntriton.compiler.errors.CompilationError: at 36:7:\n    for k in range(kernel_size):\n        input_i = output_i * stride + k * dilation - padding\n        within_bounds = (input_i >= 0) & (input_i < input_height)\n\n        x_ptr_channel = x_ptr + batch_idx * (in_channels * input_height * input_width) + channel_idx * (input_height * input_width)\n        x_offset = input_i * input_width + output_j\n        x_val = tl.load(x_ptr_channel + x_offset, mask=mask & within_bounds, other=0.0)\n\n        weight_val = tl.load(weight_ptr + channel_idx * kernel_size + k)\n        acc += tl.where(within_bounds, x_val * weight_val, 0.0)\n\n    if bias_ptr != 0:\n       ^\nIncompatibleTypeErrorImpl(\'invalid operands of type pointer<fp32> and triton.language.int32\')\n\n\nThe above exception was the direct cause of the following exception:\n\nTraceback (most recent call last):\n  File "/home/lijiaxing/.conda/envs/api/lib/python3.10/site-packages/triton/language/core.py", line 42, in wrapper\n    return fn(*args, **kwargs)\n  File "/home/lijiaxing/.conda/envs/api/lib/python3.10/site-packages/triton/language/core.py", line 1081, in __ne__\n    return _semantic.not_equal(self, other)\n  File "/home/lijiaxing/.conda/envs/api/lib/python3.10/site-packages/triton/language/semantic.py", line 558, in not_equal\n    input, other = self.binary_op_type_checking_impl(input, other)\n  File "/home/lijiaxing/.conda/envs/api/lib/python3.10/site-packages/triton/language/semantic.py", line 184, in binary_op_type_checking_impl\n    self.check_ptr_type_impl(lhs_sca_ty, rhs_sca_ty, allow_lhs_ptr)\n  File "/home/lijiaxing/.conda/envs/api/lib/python3.10/site-packages/triton/language/semantic.py", line 161, in check_ptr_type_impl\n    raise IncompatibleTypeErrorImpl(type_a, type_b)\ntriton.language.semantic.IncompatibleTypeErrorImpl: invalid operands of type pointer<fp32> and triton.language.int32\n', 'runtime_error_name': 'triton.compiler.errors.CompilationError', 'reference_timing_ms': 0.0273, 'speed_up': -1.0, 'custom_timing': -1.0}, 'runtime': -1.0, 'runtime_stats': {}}}
2025-08-08 19:00:41,625 - openevolve.llm.ensemble - INFO - Sampled model: deepseek
2025-08-08 19:00:41,641 - openevolve.threaded_parallel - INFO - Iteration 24: Program 9bc31766-57c4-4733-b1a7-eec4136e1008 (parent: 6d620671-3133-4c0e-8dea-3bb595fc5ecf) completed in 523.59s
2025-08-08 19:00:41,641 - openevolve.threaded_parallel - INFO - Metrics: compiled=1.0000, correctness=0.0000, score=10.0000, stage=wrong_answer, verify_payload={'id': 'level1_83_conv_depthwise_2D_square_input_asymmetric_kernel', 'result': {'compiled': True, 'correctness': False, 'metadata': {'hardware': 'NVIDIA L20Y', 'device': 'cuda:6', 'runtime_error': 'Traceback (most recent call last):\n  File "/cpfs01/shared/llm_kernel/hujiakai/KernelLLM/validation_api_server/helpers/evaluations.py", line 720, in run_and_check_correctness\n    output_new = model_new(*inputs)\n  File "/home/lijiaxing/.conda/envs/api/lib/python3.10/site-packages/torch/nn/modules/module.py", line 1773, in _wrapped_call_impl\n    return self._call_impl(*args, **kwargs)\n  File "/home/lijiaxing/.conda/envs/api/lib/python3.10/site-packages/torch/nn/modules/module.py", line 1784, in _call_impl\n    return forward_call(*args, **kwargs)\n  File "/tmp/tmps3zw7qxi.py", line 92, in forward\n    depthwise_vertical_conv_kernel[grid](\n  File "/home/lijiaxing/.conda/envs/api/lib/python3.10/site-packages/triton/runtime/jit.py", line 390, in <lambda>\n    return lambda *args, **kwargs: self.run(grid=grid, warmup=False, *args, **kwargs)\n  File "/home/lijiaxing/.conda/envs/api/lib/python3.10/site-packages/triton/runtime/jit.py", line 594, in run\n    kernel = self.compile(src, target=target, options=options.__dict__)\n  File "/home/lijiaxing/.conda/envs/api/lib/python3.10/site-packages/triton/compiler/compiler.py", line 339, in compile\n    module = src.make_ir(options, codegen_fns, module_map, context)\n  File "/home/lijiaxing/.conda/envs/api/lib/python3.10/site-packages/triton/compiler/compiler.py", line 83, in make_ir\n    return ast_to_ttir(self.fn, self, context=context, options=options, codegen_fns=codegen_fns,\ntriton.compiler.errors.CompilationError: at 36:7:\n    for k in range(kernel_size):\n        input_i = output_i * stride + k * dilation - padding\n        within_bounds = (input_i >= 0) & (input_i < input_height)\n\n        x_ptr_channel = x_ptr + batch_idx * (in_channels * input_height * input_width) + channel_idx * (input_height * input_width)\n        x_offset = input_i * input_width + output_j\n        x_val = tl.load(x_ptr_channel + x_offset, mask=mask & within_bounds, other=0.0)\n\n        weight_val = tl.load(weight_ptr + channel_idx * kernel_size + k)\n        acc += tl.where(within_bounds, x_val * weight_val, 0.0)\n\n    if bias_ptr != 0:\n       ^\nIncompatibleTypeErrorImpl(\'invalid operands of type pointer<fp32> and triton.language.int32\')\n\n\nThe above exception was the direct cause of the following exception:\n\nTraceback (most recent call last):\n  File "/home/lijiaxing/.conda/envs/api/lib/python3.10/site-packages/triton/language/core.py", line 42, in wrapper\n    return fn(*args, **kwargs)\n  File "/home/lijiaxing/.conda/envs/api/lib/python3.10/site-packages/triton/language/core.py", line 1081, in __ne__\n    return _semantic.not_equal(self, other)\n  File "/home/lijiaxing/.conda/envs/api/lib/python3.10/site-packages/triton/language/semantic.py", line 558, in not_equal\n    input, other = self.binary_op_type_checking_impl(input, other)\n  File "/home/lijiaxing/.conda/envs/api/lib/python3.10/site-packages/triton/language/semantic.py", line 184, in binary_op_type_checking_impl\n    self.check_ptr_type_impl(lhs_sca_ty, rhs_sca_ty, allow_lhs_ptr)\n  File "/home/lijiaxing/.conda/envs/api/lib/python3.10/site-packages/triton/language/semantic.py", line 161, in check_ptr_type_impl\n    raise IncompatibleTypeErrorImpl(type_a, type_b)\ntriton.language.semantic.IncompatibleTypeErrorImpl: invalid operands of type pointer<fp32> and triton.language.int32\n', 'runtime_error_name': 'triton.compiler.errors.CompilationError', 'reference_timing_ms': 0.0273, 'speed_up': -1.0, 'custom_timing': -1.0}, 'runtime': -1.0, 'runtime_stats': {}}}
2025-08-08 19:00:41,641 - openevolve.threaded_parallel - INFO - Checkpoint interval reached at iteration 24
2025-08-08 19:00:41,643 - openevolve.database - INFO - Island Status:
2025-08-08 19:00:41,643 - openevolve.database - INFO -    Island 0: 10 programs, best=20.0000, avg=0.0000, diversity=605.27, gen=8 (best: 95654c6d-a6b4-4895-bedd-82363c19f4df)
2025-08-08 19:00:41,643 - openevolve.database - INFO -  * Island 1: 9 programs, best=20.0000, avg=-12.2222, diversity=150.35, gen=9 (best: 4474241a-e4cf-4ff6-b136-69e8be18f6ee)
2025-08-08 19:00:41,643 - openevolve.database - INFO -    Island 2: 7 programs, best=20.0000, avg=-18.5714, diversity=252.27, gen=7 (best: ba9a1ad8-062a-46b7-ae94-29ae0e097dd9)
2025-08-08 19:00:41,916 - openevolve.database - INFO - Saved database with 25 programs to openevolve_output/level1_83_conv_depthwise_2D_square_input_asymmetric_kernel/checkpoints/checkpoint_24
2025-08-08 19:00:41,931 - openevolve.controller - INFO - Saved best program at checkpoint 24 with metrics: compiled=1.0000, correctness=1.0000, stage=success, passed=0.0000, score=20.0000, speed_up=0.4370, runtime_ms=0.0625, meta={'hardware': 'NVIDIA L20Y', 'device': 'cuda:0', 'correctness_trials': '(5 / 5)', 'reference_timing_ms': 0.0273, 'speed_up': 0.437, 'custom_timing': 0.0625}
2025-08-08 19:00:41,931 - openevolve.controller - INFO - Saved checkpoint at iteration 24 to openevolve_output/level1_83_conv_depthwise_2D_square_input_asymmetric_kernel/checkpoints/checkpoint_24
2025-08-08 19:00:49,522 - openevolve.RemoteSpeedupEvaluator - INFO - [level1_83_conv_depthwise_2D_square_input_asymmetric_kernel] triton key words check pass
2025-08-08 19:00:49,523 - openevolve.RemoteSpeedupEvaluator - INFO - [level1_83_conv_depthwise_2D_square_input_asymmetric_kernel] verify_plus payload: reference_code(1671 chars) + custom_code(4429 chars)
2025-08-08 19:00:52,409 - openevolve.RemoteSpeedupEvaluator - INFO - [level1_83_conv_depthwise_2D_square_input_asymmetric_kernel] verify_plus request success
2025-08-08 19:00:52,409 - openevolve.RemoteSpeedupEvaluator - INFO - [level1_83_conv_depthwise_2D_square_input_asymmetric_kernel] verify_plus response: {"id":"level1_83_conv_depthwise_2D_square_input_asymmetric_kernel","result":{"compiled":true,"correctness":false,"metadata":{"hardware":"NVIDIA L20Y","device":"cuda:0","runtime_error":"Traceback (most recent call last):\n  File \"/home/lijiaxing/.conda/envs/api/lib/python3.10/site-packages/triton/language/core.py\", line 42, in wrapper\n    return fn(*args, **kwargs)\n  File \"/home/lijiaxing/.conda/envs/api/lib/python3.10/site-packages/triton/language/core.py\", line 1654, in arange\n    return _semantic.arange(start, end)\n  File \"/home/lijiaxing/.conda/envs/api/lib/python3.10/site-packages/triton/language/semantic.py\", line 583, in arange\n    raise ValueError(\"arange's range must be a power of 2\")\nValueError: arange's range must be a power of 2\n\nThe above exception was the direc
2025-08-08 19:00:52,409 - openevolve.RemoteSpeedupEvaluator - INFO - [level1_83_conv_depthwise_2D_square_input_asymmetric_kernel] âœ˜ wrong_answer
2025-08-08 19:00:52,410 - openevolve.evaluator - INFO - Evaluated program 2af9d57b-4f42-4863-b8f2-e2e910f4b1b6 in 2.89s: compiled=1.0000, correctness=0.0000, score=10.0000, stage=wrong_answer, verify_payload={'id': 'level1_83_conv_depthwise_2D_square_input_asymmetric_kernel', 'result': {'compiled': True, 'correctness': False, 'metadata': {'hardware': 'NVIDIA L20Y', 'device': 'cuda:0', 'runtime_error': 'Traceback (most recent call last):\n  File "/home/lijiaxing/.conda/envs/api/lib/python3.10/site-packages/triton/language/core.py", line 42, in wrapper\n    return fn(*args, **kwargs)\n  File "/home/lijiaxing/.conda/envs/api/lib/python3.10/site-packages/triton/language/core.py", line 1654, in arange\n    return _semantic.arange(start, end)\n  File "/home/lijiaxing/.conda/envs/api/lib/python3.10/site-packages/triton/language/semantic.py", line 583, in arange\n    raise ValueError("arange\'s range must be a power of 2")\nValueError: arange\'s range must be a power of 2\n\nThe above exception was the direct cause of the following exception:\n\nTraceback (most recent call last):\n  File "/cpfs01/shared/llm_kernel/hujiakai/KernelLLM/validation_api_server/helpers/evaluations.py", line 720, in run_and_check_correctness\n    output_new = model_new(*inputs)\n  File "/home/lijiaxing/.conda/envs/api/lib/python3.10/site-packages/torch/nn/modules/module.py", line 1773, in _wrapped_call_impl\n    return self._call_impl(*args, **kwargs)\n  File "/home/lijiaxing/.conda/envs/api/lib/python3.10/site-packages/torch/nn/modules/module.py", line 1784, in _call_impl\n    return forward_call(*args, **kwargs)\n  File "/tmp/tmpc5iszuo4.py", line 116, in forward\n    _depthwise_conv2d_kernel[grid](\n  File "/home/lijiaxing/.conda/envs/api/lib/python3.10/site-packages/triton/runtime/jit.py", line 390, in <lambda>\n    return lambda *args, **kwargs: self.run(grid=grid, warmup=False, *args, **kwargs)\n  File "/home/lijiaxing/.conda/envs/api/lib/python3.10/site-packages/triton/runtime/jit.py", line 594, in run\n    kernel = self.compile(src, target=target, options=options.__dict__)\n  File "/home/lijiaxing/.conda/envs/api/lib/python3.10/site-packages/triton/compiler/compiler.py", line 339, in compile\n    module = src.make_ir(options, codegen_fns, module_map, context)\n  File "/home/lijiaxing/.conda/envs/api/lib/python3.10/site-packages/triton/compiler/compiler.py", line 83, in make_ir\n    return ast_to_ttir(self.fn, self, context=context, options=options, codegen_fns=codegen_fns,\ntriton.compiler.errors.CompilationError: at 30:27:\n    num_rows = batch * in_channels * height_out\n    if pid >= num_rows:\n        return\n\n    batch_id = pid // (in_channels * height_out)\n    residual = pid % (in_channels * height_out)\n    channel_id = residual // height_out\n    h_out = residual % height_out\n\n    weight_channel_ptr = weight_ptr + channel_id * kernel_size\n    weights = tl.load(weight_channel_ptr + tl.arange(0, kernel_size), \n                      mask=tl.arange(0, kernel_size) < kernel_size, \n                           ^\n\n\nThe above exception was the direct cause of the following exception:\n\nTraceback (most recent call last):\n  File "/home/lijiaxing/.conda/envs/api/lib/python3.10/site-packages/triton/language/core.py", line 42, in wrapper\n    return fn(*args, **kwargs)\n  File "/home/lijiaxing/.conda/envs/api/lib/python3.10/site-packages/triton/language/core.py", line 1654, in arange\n    return _semantic.arange(start, end)\n  File "/home/lijiaxing/.conda/envs/api/lib/python3.10/site-packages/triton/language/semantic.py", line 583, in arange\n    raise ValueError("arange\'s range must be a power of 2")\nValueError: arange\'s range must be a power of 2\n', 'runtime_error_name': 'triton.compiler.errors.CompilationError', 'reference_timing_ms': 0.0273, 'speed_up': -1.0, 'custom_timing': -1.0}, 'runtime': -1.0, 'runtime_stats': {}}}
2025-08-08 19:00:52,413 - openevolve.llm.ensemble - INFO - Sampled model: deepseek
2025-08-08 19:00:52,417 - openevolve.database - INFO - Population size (26) exceeds limit (25), removing 1 programs
2025-08-08 19:00:52,417 - openevolve.database - INFO - Population size after cleanup: 25
2025-08-08 19:00:52,429 - openevolve.threaded_parallel - INFO - Iteration 22: Program 2af9d57b-4f42-4863-b8f2-e2e910f4b1b6 (parent: ba9a1ad8-062a-46b7-ae94-29ae0e097dd9) completed in 975.01s
2025-08-08 19:00:52,429 - openevolve.threaded_parallel - INFO - Metrics: compiled=1.0000, correctness=0.0000, score=10.0000, stage=wrong_answer, verify_payload={'id': 'level1_83_conv_depthwise_2D_square_input_asymmetric_kernel', 'result': {'compiled': True, 'correctness': False, 'metadata': {'hardware': 'NVIDIA L20Y', 'device': 'cuda:0', 'runtime_error': 'Traceback (most recent call last):\n  File "/home/lijiaxing/.conda/envs/api/lib/python3.10/site-packages/triton/language/core.py", line 42, in wrapper\n    return fn(*args, **kwargs)\n  File "/home/lijiaxing/.conda/envs/api/lib/python3.10/site-packages/triton/language/core.py", line 1654, in arange\n    return _semantic.arange(start, end)\n  File "/home/lijiaxing/.conda/envs/api/lib/python3.10/site-packages/triton/language/semantic.py", line 583, in arange\n    raise ValueError("arange\'s range must be a power of 2")\nValueError: arange\'s range must be a power of 2\n\nThe above exception was the direct cause of the following exception:\n\nTraceback (most recent call last):\n  File "/cpfs01/shared/llm_kernel/hujiakai/KernelLLM/validation_api_server/helpers/evaluations.py", line 720, in run_and_check_correctness\n    output_new = model_new(*inputs)\n  File "/home/lijiaxing/.conda/envs/api/lib/python3.10/site-packages/torch/nn/modules/module.py", line 1773, in _wrapped_call_impl\n    return self._call_impl(*args, **kwargs)\n  File "/home/lijiaxing/.conda/envs/api/lib/python3.10/site-packages/torch/nn/modules/module.py", line 1784, in _call_impl\n    return forward_call(*args, **kwargs)\n  File "/tmp/tmpc5iszuo4.py", line 116, in forward\n    _depthwise_conv2d_kernel[grid](\n  File "/home/lijiaxing/.conda/envs/api/lib/python3.10/site-packages/triton/runtime/jit.py", line 390, in <lambda>\n    return lambda *args, **kwargs: self.run(grid=grid, warmup=False, *args, **kwargs)\n  File "/home/lijiaxing/.conda/envs/api/lib/python3.10/site-packages/triton/runtime/jit.py", line 594, in run\n    kernel = self.compile(src, target=target, options=options.__dict__)\n  File "/home/lijiaxing/.conda/envs/api/lib/python3.10/site-packages/triton/compiler/compiler.py", line 339, in compile\n    module = src.make_ir(options, codegen_fns, module_map, context)\n  File "/home/lijiaxing/.conda/envs/api/lib/python3.10/site-packages/triton/compiler/compiler.py", line 83, in make_ir\n    return ast_to_ttir(self.fn, self, context=context, options=options, codegen_fns=codegen_fns,\ntriton.compiler.errors.CompilationError: at 30:27:\n    num_rows = batch * in_channels * height_out\n    if pid >= num_rows:\n        return\n\n    batch_id = pid // (in_channels * height_out)\n    residual = pid % (in_channels * height_out)\n    channel_id = residual // height_out\n    h_out = residual % height_out\n\n    weight_channel_ptr = weight_ptr + channel_id * kernel_size\n    weights = tl.load(weight_channel_ptr + tl.arange(0, kernel_size), \n                      mask=tl.arange(0, kernel_size) < kernel_size, \n                           ^\n\n\nThe above exception was the direct cause of the following exception:\n\nTraceback (most recent call last):\n  File "/home/lijiaxing/.conda/envs/api/lib/python3.10/site-packages/triton/language/core.py", line 42, in wrapper\n    return fn(*args, **kwargs)\n  File "/home/lijiaxing/.conda/envs/api/lib/python3.10/site-packages/triton/language/core.py", line 1654, in arange\n    return _semantic.arange(start, end)\n  File "/home/lijiaxing/.conda/envs/api/lib/python3.10/site-packages/triton/language/semantic.py", line 583, in arange\n    raise ValueError("arange\'s range must be a power of 2")\nValueError: arange\'s range must be a power of 2\n', 'runtime_error_name': 'triton.compiler.errors.CompilationError', 'reference_timing_ms': 0.0273, 'speed_up': -1.0, 'custom_timing': -1.0}, 'runtime': -1.0, 'runtime_stats': {}}}
2025-08-08 19:12:38,113 - openevolve.RemoteSpeedupEvaluator - INFO - [level1_83_conv_depthwise_2D_square_input_asymmetric_kernel] âœ˜ invalid_answer 'import triton' is not found
2025-08-08 19:12:38,114 - openevolve.evaluator - INFO - Evaluated program c3d650f5-431b-4c6a-a77d-f0c9d87bf60a in 0.00s: compiled=0.0000, correctness=0.0000, score=-100.0000, stage=no_valid_triton_code, feedback=You need to generate real and valid triton code for the core function. The key word 'import triton' is not found.
2025-08-08 19:12:38,118 - openevolve.database - INFO - New MAP-Elites cell occupied: {'score': -1000, 'complexity': 0}
2025-08-08 19:12:38,118 - openevolve.database - INFO - Population size (26) exceeds limit (25), removing 1 programs
2025-08-08 19:12:38,118 - openevolve.database - INFO - Population size after cleanup: 25
2025-08-08 19:12:38,122 - openevolve.llm.ensemble - INFO - Sampled model: deepseek
2025-08-08 19:12:38,125 - openevolve.threaded_parallel - INFO - Iteration 27: Program c3d650f5-431b-4c6a-a77d-f0c9d87bf60a (parent: e6abb933-b7c9-499f-b69d-d7bad84eaebf) completed in 705.70s
2025-08-08 19:12:38,125 - openevolve.threaded_parallel - INFO - Metrics: compiled=0.0000, correctness=0.0000, score=-100.0000, stage=no_valid_triton_code, feedback=You need to generate real and valid triton code for the core function. The key word 'import triton' is not found.
2025-08-08 19:12:38,125 - openevolve.threaded_parallel - INFO - Checkpoint interval reached at iteration 27
2025-08-08 19:12:38,127 - openevolve.database - INFO - Island Status:
2025-08-08 19:12:38,127 - openevolve.database - INFO -  * Island 0: 10 programs, best=20.0000, avg=0.0000, diversity=605.27, gen=9 (best: 95654c6d-a6b4-4895-bedd-82363c19f4df)
2025-08-08 19:12:38,127 - openevolve.database - INFO -    Island 1: 9 programs, best=20.0000, avg=0.0000, diversity=121.47, gen=9 (best: 4474241a-e4cf-4ff6-b136-69e8be18f6ee)
2025-08-08 19:12:38,127 - openevolve.database - INFO -    Island 2: 7 programs, best=20.0000, avg=-18.5714, diversity=84.63, gen=8 (best: ba9a1ad8-062a-46b7-ae94-29ae0e097dd9)
2025-08-08 19:12:38,470 - openevolve.database - INFO - Saved database with 25 programs to openevolve_output/level1_83_conv_depthwise_2D_square_input_asymmetric_kernel/checkpoints/checkpoint_27
2025-08-08 19:12:38,512 - openevolve.controller - INFO - Saved best program at checkpoint 27 with metrics: compiled=1.0000, correctness=1.0000, stage=success, passed=0.0000, score=20.0000, speed_up=0.4370, runtime_ms=0.0625, meta={'hardware': 'NVIDIA L20Y', 'device': 'cuda:0', 'correctness_trials': '(5 / 5)', 'reference_timing_ms': 0.0273, 'speed_up': 0.437, 'custom_timing': 0.0625}
2025-08-08 19:12:38,513 - openevolve.controller - INFO - Saved checkpoint at iteration 27 to openevolve_output/level1_83_conv_depthwise_2D_square_input_asymmetric_kernel/checkpoints/checkpoint_27
2025-08-08 19:14:07,354 - openevolve.RemoteSpeedupEvaluator - INFO - [level1_83_conv_depthwise_2D_square_input_asymmetric_kernel] triton key words check pass
2025-08-08 19:14:07,356 - openevolve.RemoteSpeedupEvaluator - INFO - [level1_83_conv_depthwise_2D_square_input_asymmetric_kernel] verify_plus payload: reference_code(1671 chars) + custom_code(4563 chars)
2025-08-08 19:14:36,474 - openevolve.RemoteSpeedupEvaluator - INFO - [level1_83_conv_depthwise_2D_square_input_asymmetric_kernel] verify_plus request success
2025-08-08 19:14:36,474 - openevolve.RemoteSpeedupEvaluator - INFO - [level1_83_conv_depthwise_2D_square_input_asymmetric_kernel] verify_plus response: {"id":"level1_83_conv_depthwise_2D_square_input_asymmetric_kernel","result":{"compiled":true,"correctness":false,"metadata":{"hardware":"NVIDIA L20Y","device":"cuda:6","runtime_error":"Traceback (most recent call last):\n  File \"/home/lijiaxing/.conda/envs/api/lib/python3.10/site-packages/triton/language/core.py\", line 42, in wrapper\n    return fn(*args, **kwargs)\n  File \"/home/lijiaxing/.conda/envs/api/lib/python3.10/site-packages/triton/language/core.py\", line 1654, in arange\n    return _semantic.arange(start, end)\n  File \"/home/lijiaxing/.conda/envs/api/lib/python3.10/site-packages/triton/language/semantic.py\", line 574, in arange\n    raise ValueError(\"arange's arguments must be of type tl.constexpr\")\nValueError: arange's arguments must be of type tl.constexpr\n\nThe above
2025-08-08 19:14:36,475 - openevolve.RemoteSpeedupEvaluator - INFO - [level1_83_conv_depthwise_2D_square_input_asymmetric_kernel] âœ˜ wrong_answer
2025-08-08 19:14:36,475 - openevolve.evaluator - INFO - Evaluated program 28d2134d-cb65-44e2-9399-eb4b167bd777 in 29.12s: compiled=1.0000, correctness=0.0000, score=10.0000, stage=wrong_answer, verify_payload={'id': 'level1_83_conv_depthwise_2D_square_input_asymmetric_kernel', 'result': {'compiled': True, 'correctness': False, 'metadata': {'hardware': 'NVIDIA L20Y', 'device': 'cuda:6', 'runtime_error': 'Traceback (most recent call last):\n  File "/home/lijiaxing/.conda/envs/api/lib/python3.10/site-packages/triton/language/core.py", line 42, in wrapper\n    return fn(*args, **kwargs)\n  File "/home/lijiaxing/.conda/envs/api/lib/python3.10/site-packages/triton/language/core.py", line 1654, in arange\n    return _semantic.arange(start, end)\n  File "/home/lijiaxing/.conda/envs/api/lib/python3.10/site-packages/triton/language/semantic.py", line 574, in arange\n    raise ValueError("arange\'s arguments must be of type tl.constexpr")\nValueError: arange\'s arguments must be of type tl.constexpr\n\nThe above exception was the direct cause of the following exception:\n\nTraceback (most recent call last):\n  File "/cpfs01/shared/llm_kernel/hujiakai/KernelLLM/validation_api_server/helpers/evaluations.py", line 720, in run_and_check_correctness\n    output_new = model_new(*inputs)\n  File "/home/lijiaxing/.conda/envs/api/lib/python3.10/site-packages/torch/nn/modules/module.py", line 1773, in _wrapped_call_impl\n    return self._call_impl(*args, **kwargs)\n  File "/home/lijiaxing/.conda/envs/api/lib/python3.10/site-packages/torch/nn/modules/module.py", line 1784, in _call_impl\n    return forward_call(*args, **kwargs)\n  File "/tmp/tmp2f61y567.py", line 117, in forward\n    _depthwise_conv2d_kernel[grid](\n  File "/home/lijiaxing/.conda/envs/api/lib/python3.10/site-packages/triton/runtime/jit.py", line 390, in <lambda>\n    return lambda *args, **kwargs: self.run(grid=grid, warmup=False, *args, **kwargs)\n  File "/home/lijiaxing/.conda/envs/api/lib/python3.10/site-packages/triton/runtime/jit.py", line 594, in run\n    kernel = self.compile(src, target=target, options=options.__dict__)\n  File "/home/lijiaxing/.conda/envs/api/lib/python3.10/site-packages/triton/compiler/compiler.py", line 339, in compile\n    module = src.make_ir(options, codegen_fns, module_map, context)\n  File "/home/lijiaxing/.conda/envs/api/lib/python3.10/site-packages/triton/compiler/compiler.py", line 83, in make_ir\n    return ast_to_ttir(self.fn, self, context=context, options=options, codegen_fns=codegen_fns,\ntriton.compiler.errors.CompilationError: at 30:43:\n    num_rows = batch * in_channels * height_out\n    if pid >= num_rows:\n        return\n\n    batch_id = pid // (in_channels * height_out)\n    residual = pid % (in_channels * height_out)\n    channel_id = residual // height_out\n    h_out = residual % height_out\n\n    weight_channel_ptr = weight_ptr + channel_id * kernel_size\n    # Preload entire weight vector into registers\n    weights = tl.load(weight_channel_ptr + tl.arange(0, kernel_size))\n                                           ^\n\n\nThe above exception was the direct cause of the following exception:\n\nTraceback (most recent call last):\n  File "/home/lijiaxing/.conda/envs/api/lib/python3.10/site-packages/triton/language/core.py", line 42, in wrapper\n    return fn(*args, **kwargs)\n  File "/home/lijiaxing/.conda/envs/api/lib/python3.10/site-packages/triton/language/core.py", line 1654, in arange\n    return _semantic.arange(start, end)\n  File "/home/lijiaxing/.conda/envs/api/lib/python3.10/site-packages/triton/language/semantic.py", line 574, in arange\n    raise ValueError("arange\'s arguments must be of type tl.constexpr")\nValueError: arange\'s arguments must be of type tl.constexpr\n', 'runtime_error_name': 'triton.compiler.errors.CompilationError', 'reference_timing_ms': 0.0273, 'speed_up': -1.0, 'custom_timing': -1.0}, 'runtime': -1.0, 'runtime_stats': {}}}
2025-08-08 19:14:36,479 - openevolve.database - INFO - Population size (26) exceeds limit (25), removing 1 programs
2025-08-08 19:14:36,479 - openevolve.database - INFO - Population size after cleanup: 25
2025-08-08 19:14:36,479 - openevolve.llm.ensemble - INFO - Sampled model: deepseek
2025-08-08 19:14:36,491 - openevolve.threaded_parallel - INFO - Iteration 26: Program 28d2134d-cb65-44e2-9399-eb4b167bd777 (parent: 1a323e4a-36a2-4670-87cf-f2503b425134) completed in 834.85s
2025-08-08 19:14:36,491 - openevolve.threaded_parallel - INFO - Metrics: compiled=1.0000, correctness=0.0000, score=10.0000, stage=wrong_answer, verify_payload={'id': 'level1_83_conv_depthwise_2D_square_input_asymmetric_kernel', 'result': {'compiled': True, 'correctness': False, 'metadata': {'hardware': 'NVIDIA L20Y', 'device': 'cuda:6', 'runtime_error': 'Traceback (most recent call last):\n  File "/home/lijiaxing/.conda/envs/api/lib/python3.10/site-packages/triton/language/core.py", line 42, in wrapper\n    return fn(*args, **kwargs)\n  File "/home/lijiaxing/.conda/envs/api/lib/python3.10/site-packages/triton/language/core.py", line 1654, in arange\n    return _semantic.arange(start, end)\n  File "/home/lijiaxing/.conda/envs/api/lib/python3.10/site-packages/triton/language/semantic.py", line 574, in arange\n    raise ValueError("arange\'s arguments must be of type tl.constexpr")\nValueError: arange\'s arguments must be of type tl.constexpr\n\nThe above exception was the direct cause of the following exception:\n\nTraceback (most recent call last):\n  File "/cpfs01/shared/llm_kernel/hujiakai/KernelLLM/validation_api_server/helpers/evaluations.py", line 720, in run_and_check_correctness\n    output_new = model_new(*inputs)\n  File "/home/lijiaxing/.conda/envs/api/lib/python3.10/site-packages/torch/nn/modules/module.py", line 1773, in _wrapped_call_impl\n    return self._call_impl(*args, **kwargs)\n  File "/home/lijiaxing/.conda/envs/api/lib/python3.10/site-packages/torch/nn/modules/module.py", line 1784, in _call_impl\n    return forward_call(*args, **kwargs)\n  File "/tmp/tmp2f61y567.py", line 117, in forward\n    _depthwise_conv2d_kernel[grid](\n  File "/home/lijiaxing/.conda/envs/api/lib/python3.10/site-packages/triton/runtime/jit.py", line 390, in <lambda>\n    return lambda *args, **kwargs: self.run(grid=grid, warmup=False, *args, **kwargs)\n  File "/home/lijiaxing/.conda/envs/api/lib/python3.10/site-packages/triton/runtime/jit.py", line 594, in run\n    kernel = self.compile(src, target=target, options=options.__dict__)\n  File "/home/lijiaxing/.conda/envs/api/lib/python3.10/site-packages/triton/compiler/compiler.py", line 339, in compile\n    module = src.make_ir(options, codegen_fns, module_map, context)\n  File "/home/lijiaxing/.conda/envs/api/lib/python3.10/site-packages/triton/compiler/compiler.py", line 83, in make_ir\n    return ast_to_ttir(self.fn, self, context=context, options=options, codegen_fns=codegen_fns,\ntriton.compiler.errors.CompilationError: at 30:43:\n    num_rows = batch * in_channels * height_out\n    if pid >= num_rows:\n        return\n\n    batch_id = pid // (in_channels * height_out)\n    residual = pid % (in_channels * height_out)\n    channel_id = residual // height_out\n    h_out = residual % height_out\n\n    weight_channel_ptr = weight_ptr + channel_id * kernel_size\n    # Preload entire weight vector into registers\n    weights = tl.load(weight_channel_ptr + tl.arange(0, kernel_size))\n                                           ^\n\n\nThe above exception was the direct cause of the following exception:\n\nTraceback (most recent call last):\n  File "/home/lijiaxing/.conda/envs/api/lib/python3.10/site-packages/triton/language/core.py", line 42, in wrapper\n    return fn(*args, **kwargs)\n  File "/home/lijiaxing/.conda/envs/api/lib/python3.10/site-packages/triton/language/core.py", line 1654, in arange\n    return _semantic.arange(start, end)\n  File "/home/lijiaxing/.conda/envs/api/lib/python3.10/site-packages/triton/language/semantic.py", line 574, in arange\n    raise ValueError("arange\'s arguments must be of type tl.constexpr")\nValueError: arange\'s arguments must be of type tl.constexpr\n', 'runtime_error_name': 'triton.compiler.errors.CompilationError', 'reference_timing_ms': 0.0273, 'speed_up': -1.0, 'custom_timing': -1.0}, 'runtime': -1.0, 'runtime_stats': {}}}
2025-08-08 19:14:54,545 - openevolve.RemoteSpeedupEvaluator - INFO - [level1_83_conv_depthwise_2D_square_input_asymmetric_kernel] triton key words check pass
2025-08-08 19:14:54,546 - openevolve.RemoteSpeedupEvaluator - INFO - [level1_83_conv_depthwise_2D_square_input_asymmetric_kernel] verify_plus payload: reference_code(1671 chars) + custom_code(5374 chars)
2025-08-08 19:15:08,926 - openevolve.RemoteSpeedupEvaluator - INFO - [level1_83_conv_depthwise_2D_square_input_asymmetric_kernel] verify_plus request success
2025-08-08 19:15:08,926 - openevolve.RemoteSpeedupEvaluator - INFO - [level1_83_conv_depthwise_2D_square_input_asymmetric_kernel] verify_plus response: {"id":"level1_83_conv_depthwise_2D_square_input_asymmetric_kernel","result":{"compiled":true,"correctness":true,"metadata":{"hardware":"NVIDIA L20Y","device":"cuda:4","correctness_trials":"(5 / 5)","reference_timing_ms":0.0273,"speed_up":0.43,"custom_timing":0.0635},"runtime":0.0635,"runtime_stats":{"mean":0.0635,"std":0.00183,"min":0.0605,"max":0.0717,"num_trials":100,"hardware":"NVIDIA L20Y","device":"cuda:4"}}}
2025-08-08 19:15:08,927 - openevolve.RemoteSpeedupEvaluator - INFO - [level1_83_conv_depthwise_2D_square_input_asymmetric_kernel] âœ” success | speed_up=0.430  score=20.00
2025-08-08 19:15:08,927 - openevolve.evaluator - INFO - Evaluated program ac67733b-3d17-4de6-91e0-e36c16b436df in 14.38s: compiled=1.0000, correctness=1.0000, stage=success, passed=0.0000, score=20.0000, speed_up=0.4300, runtime_ms=0.0635, meta={'hardware': 'NVIDIA L20Y', 'device': 'cuda:4', 'correctness_trials': '(5 / 5)', 'reference_timing_ms': 0.0273, 'speed_up': 0.43, 'custom_timing': 0.0635}
2025-08-08 19:15:08,934 - openevolve.database - INFO - Population size (26) exceeds limit (25), removing 1 programs
2025-08-08 19:15:08,934 - openevolve.database - INFO - Population size after cleanup: 25
2025-08-08 19:15:08,947 - openevolve.threaded_parallel - INFO - Iteration 25: Program ac67733b-3d17-4de6-91e0-e36c16b436df (parent: ba9a1ad8-062a-46b7-ae94-29ae0e097dd9) completed in 1251.46s
2025-08-08 19:15:08,947 - openevolve.threaded_parallel - INFO - Metrics: compiled=1.0000, correctness=1.0000, stage=success, passed=0.0000, score=20.0000, speed_up=0.4300, runtime_ms=0.0635, meta={'hardware': 'NVIDIA L20Y', 'device': 'cuda:4', 'correctness_trials': '(5 / 5)', 'reference_timing_ms': 0.0273, 'speed_up': 0.43, 'custom_timing': 0.0635}
