2025-08-12 16:55:41,221 - openevolve.controller - INFO - Logging to openevolve_output/level1_83_conv_depthwise_2D_square_input_asymmetric_kernel/logs/openevolve_20250812_165541.log
2025-08-12 16:55:41,221 - openevolve.controller - INFO - Set random seed to 42 for reproducibility
2025-08-12 16:55:41,261 - openevolve.llm.ensemble - INFO - Initialized LLM ensemble with models: deepseek (weight: 0.80), deepseek (weight: 0.20)
2025-08-12 16:55:41,300 - openevolve.llm.ensemble - INFO - Initialized LLM ensemble with models: deepseek (weight: 0.80), deepseek (weight: 0.20)
2025-08-12 16:55:41,301 - openevolve.prompt.sampler - INFO - Set custom templates: system=evaluator_system_message, user=None
2025-08-12 16:55:41,356 - openevolve.database - INFO - Reconstructed islands: restored 0 programs to islands
2025-08-12 16:55:41,356 - openevolve.database - INFO - No island assignments found, distributing programs across islands
2025-08-12 16:55:41,356 - openevolve.database - INFO - Distributed 29 programs across 3 islands
2025-08-12 16:55:41,356 - openevolve.database - INFO - Loaded database with 29 programs from openevolve_output/level1_83_conv_depthwise_2D_square_input_asymmetric_kernel/triton_kernel_evolution
2025-08-12 16:55:41,358 - openevolve.database - INFO - Island Status:
2025-08-12 16:55:41,358 - openevolve.database - INFO -  * Island 0: 10 programs, best=20.0000, avg=-20.0000, diversity=40.07, gen=0
2025-08-12 16:55:41,358 - openevolve.database - INFO -    Island 1: 10 programs, best=20.0000, avg=-10.0000, diversity=648.88, gen=0
2025-08-12 16:55:41,358 - openevolve.database - INFO -    Island 2: 9 programs, best=20.0000, avg=-1.1111, diversity=411.67, gen=0
2025-08-12 16:55:41,358 - openevolve.database - INFO - Initialized program database with 29 programs
2025-08-12 16:55:41,418 - openevolve.evaluator - INFO - Successfully loaded evaluation function from openevolve_output/level1_83_conv_depthwise_2D_square_input_asymmetric_kernel/evaluation.py
2025-08-12 16:55:41,418 - openevolve.evaluator - INFO - Initialized evaluator with openevolve_output/level1_83_conv_depthwise_2D_square_input_asymmetric_kernel/evaluation.py
2025-08-12 16:55:41,418 - openevolve.controller - INFO - Initialized OpenEvolve with /tmp/48601185fe18831a507b463e5d0982b8.py
2025-08-12 16:55:41,418 - openevolve.controller - INFO - Skipping initial program addition (resuming from iteration 0 with 29 existing programs)
2025-08-12 16:55:41,422 - openevolve.threaded_parallel - INFO - Initializing threaded evaluation pool with 3 workers
2025-08-12 16:55:41,423 - openevolve.threaded_parallel - INFO - Started thread pool with 3 threads
2025-08-12 16:55:41,423 - openevolve.threaded_parallel - INFO - Started improved parallel controller
2025-08-12 16:55:41,424 - openevolve.controller - INFO - Using island-based evolution with 3 islands
2025-08-12 16:55:41,425 - openevolve.database - INFO - Island Status:
2025-08-12 16:55:41,425 - openevolve.database - INFO -  * Island 0: 10 programs, best=20.0000, avg=-20.0000, diversity=40.07, gen=0
2025-08-12 16:55:41,425 - openevolve.database - INFO -    Island 1: 10 programs, best=20.0000, avg=-10.0000, diversity=648.88, gen=0
2025-08-12 16:55:41,425 - openevolve.database - INFO -    Island 2: 9 programs, best=20.0000, avg=-1.1111, diversity=411.67, gen=0
2025-08-12 16:55:41,425 - openevolve.threaded_parallel - INFO - Starting improved parallel evolution from iteration 0 for 30 iterations (total: 30)
2025-08-12 16:55:41,573 - openevolve.llm.ensemble - INFO - Initialized LLM ensemble with models: deepseek (weight: 0.80), deepseek (weight: 0.20)
2025-08-12 16:55:41,576 - openevolve.llm.ensemble - INFO - Initialized LLM ensemble with models: deepseek (weight: 0.80), deepseek (weight: 0.20)
2025-08-12 16:55:41,579 - openevolve.llm.ensemble - INFO - Initialized LLM ensemble with models: deepseek (weight: 0.80), deepseek (weight: 0.20)
2025-08-12 16:55:41,721 - openevolve.llm.ensemble - INFO - Initialized LLM ensemble with models: deepseek (weight: 0.80), deepseek (weight: 0.20)
2025-08-12 16:55:41,721 - openevolve.prompt.sampler - INFO - Set custom templates: system=evaluator_system_message, user=None
2025-08-12 16:55:41,723 - openevolve.llm.ensemble - INFO - Initialized LLM ensemble with models: deepseek (weight: 0.80), deepseek (weight: 0.20)
2025-08-12 16:55:41,723 - openevolve.evaluator - INFO - Successfully loaded evaluation function from openevolve_output/level1_83_conv_depthwise_2D_square_input_asymmetric_kernel/evaluation.py
2025-08-12 16:55:41,723 - openevolve.prompt.sampler - INFO - Set custom templates: system=evaluator_system_message, user=None
2025-08-12 16:55:41,723 - openevolve.evaluator - INFO - Initialized evaluator with openevolve_output/level1_83_conv_depthwise_2D_square_input_asymmetric_kernel/evaluation.py
2025-08-12 16:55:41,726 - openevolve.llm.ensemble - INFO - Initialized LLM ensemble with models: deepseek (weight: 0.80), deepseek (weight: 0.20)
2025-08-12 16:55:41,726 - openevolve.prompt.sampler - INFO - Set custom templates: system=evaluator_system_message, user=None
2025-08-12 16:55:41,727 - openevolve.llm.ensemble - INFO - Sampled model: deepseek
2025-08-12 16:55:41,728 - openevolve.evaluator - INFO - Successfully loaded evaluation function from openevolve_output/level1_83_conv_depthwise_2D_square_input_asymmetric_kernel/evaluation.py
2025-08-12 16:55:41,728 - openevolve.evaluator - INFO - Initialized evaluator with openevolve_output/level1_83_conv_depthwise_2D_square_input_asymmetric_kernel/evaluation.py
2025-08-12 16:55:41,730 - openevolve.evaluator - INFO - Successfully loaded evaluation function from openevolve_output/level1_83_conv_depthwise_2D_square_input_asymmetric_kernel/evaluation.py
2025-08-12 16:55:41,730 - openevolve.evaluator - INFO - Initialized evaluator with openevolve_output/level1_83_conv_depthwise_2D_square_input_asymmetric_kernel/evaluation.py
2025-08-12 16:55:41,733 - openevolve.llm.ensemble - INFO - Sampled model: deepseek
2025-08-12 16:55:41,733 - openevolve.llm.ensemble - INFO - Sampled model: deepseek
2025-08-12 17:00:11,583 - openevolve.RemoteSpeedupEvaluator - INFO - [level1_83_conv_depthwise_2D_square_input_asymmetric_kernel] triton key words check pass
2025-08-12 17:00:11,584 - openevolve.RemoteSpeedupEvaluator - INFO - [level1_83_conv_depthwise_2D_square_input_asymmetric_kernel] verify_plus payload: reference_code(1671 chars) + custom_code(4139 chars)
2025-08-12 17:00:25,788 - openevolve.RemoteSpeedupEvaluator - INFO - [level1_83_conv_depthwise_2D_square_input_asymmetric_kernel] verify_plus request success
2025-08-12 17:00:25,789 - openevolve.RemoteSpeedupEvaluator - INFO - [level1_83_conv_depthwise_2D_square_input_asymmetric_kernel] verify_plus response: {"id":"level1_83_conv_depthwise_2D_square_input_asymmetric_kernel","result":{"compiled":true,"correctness":true,"metadata":{"hardware":"NVIDIA L20Y","device":"cuda:4","correctness_trials":"(5 / 5)","reference_timing_ms":0.0273,"speed_up":0.486,"custom_timing":0.0562},"runtime":0.0562,"runtime_stats":{"mean":0.0562,"std":0.0033,"min":0.053,"max":0.0793,"num_trials":100,"hardware":"NVIDIA L20Y","device":"cuda:4"}}}
2025-08-12 17:00:25,789 - openevolve.RemoteSpeedupEvaluator - INFO - [level1_83_conv_depthwise_2D_square_input_asymmetric_kernel] âœ” success | speed_up=0.486  score=20.00
2025-08-12 17:00:25,789 - openevolve.evaluator - INFO - Evaluated program 65ff553e-25aa-417d-ae68-367a01f30ede in 14.21s: compiled=1.0000, correctness=1.0000, stage=success, passed=0.0000, score=20.0000, speed_up=0.4860, runtime_ms=0.0562, meta={'hardware': 'NVIDIA L20Y', 'device': 'cuda:4', 'correctness_trials': '(5 / 5)', 'reference_timing_ms': 0.0273, 'speed_up': 0.486, 'custom_timing': 0.0562}
2025-08-12 17:00:25,793 - openevolve.llm.ensemble - INFO - Sampled model: deepseek
2025-08-12 17:00:25,799 - openevolve.database - INFO - New MAP-Elites cell occupied: {'score': 9, 'complexity': 7}
2025-08-12 17:00:25,799 - openevolve.database - INFO - Population size (30) exceeds limit (25), removing 5 programs
2025-08-12 17:00:25,800 - openevolve.database - INFO - Population size after cleanup: 25
2025-08-12 17:00:25,811 - openevolve.threaded_parallel - INFO - Iteration 1: Program 65ff553e-25aa-417d-ae68-367a01f30ede (parent: 92a1c118-9b0d-40bc-ad69-5a8c6f8491da) completed in 284.06s
2025-08-12 17:00:25,811 - openevolve.threaded_parallel - INFO - Metrics: compiled=1.0000, correctness=1.0000, stage=success, passed=0.0000, score=20.0000, speed_up=0.4860, runtime_ms=0.0562, meta={'hardware': 'NVIDIA L20Y', 'device': 'cuda:4', 'correctness_trials': '(5 / 5)', 'reference_timing_ms': 0.0273, 'speed_up': 0.486, 'custom_timing': 0.0562}
2025-08-12 17:00:25,811 - openevolve.threaded_parallel - INFO - ðŸŒŸ New best solution found at iteration 1: 65ff553e-25aa-417d-ae68-367a01f30ede
2025-08-12 17:08:43,235 - openevolve.RemoteSpeedupEvaluator - INFO - [level1_83_conv_depthwise_2D_square_input_asymmetric_kernel] triton key words check pass
2025-08-12 17:08:43,236 - openevolve.RemoteSpeedupEvaluator - INFO - [level1_83_conv_depthwise_2D_square_input_asymmetric_kernel] verify_plus payload: reference_code(1671 chars) + custom_code(4693 chars)
2025-08-12 17:08:45,834 - openevolve.RemoteSpeedupEvaluator - INFO - [level1_83_conv_depthwise_2D_square_input_asymmetric_kernel] verify_plus request success
2025-08-12 17:08:45,834 - openevolve.RemoteSpeedupEvaluator - INFO - [level1_83_conv_depthwise_2D_square_input_asymmetric_kernel] verify_plus response: {"id":"level1_83_conv_depthwise_2D_square_input_asymmetric_kernel","result":{"compiled":true,"correctness":false,"metadata":{"hardware":"NVIDIA L20Y","device":"cuda:5","runtime_error":"Traceback (most recent call last):\n  File \"/cpfs01/shared/llm_kernel/hujiakai/KernelLLM/validation_api_server/helpers/evaluations.py\", line 720, in run_and_check_correctness\n    output_new = model_new(*inputs)\n  File \"/home/lijiaxing/.conda/envs/api/lib/python3.10/site-packages/torch/nn/modules/module.py\", line 1773, in _wrapped_call_impl\n    return self._call_impl(*args, **kwargs)\n  File \"/home/lijiaxing/.conda/envs/api/lib/python3.10/site-packages/torch/nn/modules/module.py\", line 1784, in _call_impl\n    return forward_call(*args, **kwargs)\n  File \"/tmp/tmp8i33n7bs.py\", line 118, in forward\
2025-08-12 17:08:45,835 - openevolve.RemoteSpeedupEvaluator - INFO - [level1_83_conv_depthwise_2D_square_input_asymmetric_kernel] âœ˜ wrong_answer
2025-08-12 17:08:45,835 - openevolve.evaluator - INFO - Evaluated program 91efb105-0d6f-468c-b2b3-61e8e9493ad4 in 2.60s: compiled=1.0000, correctness=0.0000, score=10.0000, stage=wrong_answer, verify_payload={'id': 'level1_83_conv_depthwise_2D_square_input_asymmetric_kernel', 'result': {'compiled': True, 'correctness': False, 'metadata': {'hardware': 'NVIDIA L20Y', 'device': 'cuda:5', 'runtime_error': 'Traceback (most recent call last):\n  File "/cpfs01/shared/llm_kernel/hujiakai/KernelLLM/validation_api_server/helpers/evaluations.py", line 720, in run_and_check_correctness\n    output_new = model_new(*inputs)\n  File "/home/lijiaxing/.conda/envs/api/lib/python3.10/site-packages/torch/nn/modules/module.py", line 1773, in _wrapped_call_impl\n    return self._call_impl(*args, **kwargs)\n  File "/home/lijiaxing/.conda/envs/api/lib/python3.10/site-packages/torch/nn/modules/module.py", line 1784, in _call_impl\n    return forward_call(*args, **kwargs)\n  File "/tmp/tmp8i33n7bs.py", line 118, in forward\n    _depthwise_conv2d_kernel[grid](\n  File "/home/lijiaxing/.conda/envs/api/lib/python3.10/site-packages/triton/runtime/jit.py", line 390, in <lambda>\n    return lambda *args, **kwargs: self.run(grid=grid, warmup=False, *args, **kwargs)\n  File "/home/lijiaxing/.conda/envs/api/lib/python3.10/site-packages/triton/runtime/autotuner.py", line 239, in run\n    benchmark()\n  File "/home/lijiaxing/.conda/envs/api/lib/python3.10/site-packages/triton/runtime/autotuner.py", line 228, in benchmark\n    timings = {config: self._bench(*args, config=config, **kwargs) for config in pruned_configs}\n  File "/home/lijiaxing/.conda/envs/api/lib/python3.10/site-packages/triton/runtime/autotuner.py", line 228, in <dictcomp>\n    timings = {config: self._bench(*args, config=config, **kwargs) for config in pruned_configs}\n  File "/home/lijiaxing/.conda/envs/api/lib/python3.10/site-packages/triton/runtime/autotuner.py", line 135, in _bench\n    raise ValueError(f"Conflicting meta-parameters: {\', \'.join(conflicts)}."\nValueError: Conflicting meta-parameters: BLOCK_SIZE. Make sure that you don\'t re-define auto-tuned symbols.\n', 'runtime_error_name': 'builtins.ValueError', 'reference_timing_ms': 0.0273, 'speed_up': -1.0, 'custom_timing': -1.0}, 'runtime': -1.0, 'runtime_stats': {}}}
2025-08-12 17:08:45,839 - openevolve.llm.ensemble - INFO - Sampled model: deepseek
2025-08-12 17:08:45,845 - openevolve.database - INFO - New MAP-Elites cell occupied: {'score': 9, 'complexity': 8}
2025-08-12 17:08:45,845 - openevolve.database - INFO - Population size (26) exceeds limit (25), removing 1 programs
2025-08-12 17:08:45,845 - openevolve.database - INFO - Population size after cleanup: 25
2025-08-12 17:08:45,880 - openevolve.threaded_parallel - INFO - Iteration 0: Program 91efb105-0d6f-468c-b2b3-61e8e9493ad4 (parent: e6abb933-b7c9-499f-b69d-d7bad84eaebf) completed in 784.10s
2025-08-12 17:08:45,880 - openevolve.threaded_parallel - INFO - Metrics: compiled=1.0000, correctness=0.0000, score=10.0000, stage=wrong_answer, verify_payload={'id': 'level1_83_conv_depthwise_2D_square_input_asymmetric_kernel', 'result': {'compiled': True, 'correctness': False, 'metadata': {'hardware': 'NVIDIA L20Y', 'device': 'cuda:5', 'runtime_error': 'Traceback (most recent call last):\n  File "/cpfs01/shared/llm_kernel/hujiakai/KernelLLM/validation_api_server/helpers/evaluations.py", line 720, in run_and_check_correctness\n    output_new = model_new(*inputs)\n  File "/home/lijiaxing/.conda/envs/api/lib/python3.10/site-packages/torch/nn/modules/module.py", line 1773, in _wrapped_call_impl\n    return self._call_impl(*args, **kwargs)\n  File "/home/lijiaxing/.conda/envs/api/lib/python3.10/site-packages/torch/nn/modules/module.py", line 1784, in _call_impl\n    return forward_call(*args, **kwargs)\n  File "/tmp/tmp8i33n7bs.py", line 118, in forward\n    _depthwise_conv2d_kernel[grid](\n  File "/home/lijiaxing/.conda/envs/api/lib/python3.10/site-packages/triton/runtime/jit.py", line 390, in <lambda>\n    return lambda *args, **kwargs: self.run(grid=grid, warmup=False, *args, **kwargs)\n  File "/home/lijiaxing/.conda/envs/api/lib/python3.10/site-packages/triton/runtime/autotuner.py", line 239, in run\n    benchmark()\n  File "/home/lijiaxing/.conda/envs/api/lib/python3.10/site-packages/triton/runtime/autotuner.py", line 228, in benchmark\n    timings = {config: self._bench(*args, config=config, **kwargs) for config in pruned_configs}\n  File "/home/lijiaxing/.conda/envs/api/lib/python3.10/site-packages/triton/runtime/autotuner.py", line 228, in <dictcomp>\n    timings = {config: self._bench(*args, config=config, **kwargs) for config in pruned_configs}\n  File "/home/lijiaxing/.conda/envs/api/lib/python3.10/site-packages/triton/runtime/autotuner.py", line 135, in _bench\n    raise ValueError(f"Conflicting meta-parameters: {\', \'.join(conflicts)}."\nValueError: Conflicting meta-parameters: BLOCK_SIZE. Make sure that you don\'t re-define auto-tuned symbols.\n', 'runtime_error_name': 'builtins.ValueError', 'reference_timing_ms': 0.0273, 'speed_up': -1.0, 'custom_timing': -1.0}, 'runtime': -1.0, 'runtime_stats': {}}}
2025-08-12 17:08:45,880 - openevolve.threaded_parallel - INFO - Checkpoint interval reached at iteration 0
2025-08-12 17:08:45,882 - openevolve.database - INFO - Island Status:
2025-08-12 17:08:45,882 - openevolve.database - INFO -  * Island 0: 9 programs, best=20.0000, avg=14.4444, diversity=44.78, gen=2 (best: 65ff553e-25aa-417d-ae68-367a01f30ede)
2025-08-12 17:08:45,882 - openevolve.database - INFO -    Island 1: 8 programs, best=20.0000, avg=12.5000, diversity=648.88, gen=0
2025-08-12 17:08:45,882 - openevolve.database - INFO -    Island 2: 8 programs, best=20.0000, avg=11.2500, diversity=154.63, gen=0
2025-08-12 17:08:46,137 - openevolve.database - INFO - Saved database with 25 programs to openevolve_output/level1_83_conv_depthwise_2D_square_input_asymmetric_kernel/checkpoints/checkpoint_0
2025-08-12 17:08:46,145 - openevolve.controller - INFO - Saved best program at checkpoint 0 with metrics: compiled=1.0000, correctness=1.0000, stage=success, passed=0.0000, score=20.0000, speed_up=0.4860, runtime_ms=0.0562, meta={'hardware': 'NVIDIA L20Y', 'device': 'cuda:4', 'correctness_trials': '(5 / 5)', 'reference_timing_ms': 0.0273, 'speed_up': 0.486, 'custom_timing': 0.0562}
2025-08-12 17:08:46,145 - openevolve.controller - INFO - Saved checkpoint at iteration 0 to openevolve_output/level1_83_conv_depthwise_2D_square_input_asymmetric_kernel/checkpoints/checkpoint_0
2025-08-12 17:09:21,063 - openevolve.RemoteSpeedupEvaluator - INFO - [level1_83_conv_depthwise_2D_square_input_asymmetric_kernel] triton key words check pass
2025-08-12 17:09:21,064 - openevolve.RemoteSpeedupEvaluator - INFO - [level1_83_conv_depthwise_2D_square_input_asymmetric_kernel] verify_plus payload: reference_code(1671 chars) + custom_code(4584 chars)
2025-08-12 17:09:24,571 - openevolve.RemoteSpeedupEvaluator - INFO - [level1_83_conv_depthwise_2D_square_input_asymmetric_kernel] verify_plus request success
2025-08-12 17:09:24,571 - openevolve.RemoteSpeedupEvaluator - INFO - [level1_83_conv_depthwise_2D_square_input_asymmetric_kernel] verify_plus response: {"id":"level1_83_conv_depthwise_2D_square_input_asymmetric_kernel","result":{"compiled":true,"correctness":true,"metadata":{"hardware":"NVIDIA L20Y","device":"cuda:0","correctness_trials":"(5 / 5)","reference_timing_ms":0.0273,"speed_up":0.358,"custom_timing":0.0762},"runtime":0.0762,"runtime_stats":{"mean":0.0762,"std":0.00395,"min":0.0722,"max":0.0947,"num_trials":100,"hardware":"NVIDIA L20Y","device":"cuda:0"}}}
2025-08-12 17:09:24,571 - openevolve.RemoteSpeedupEvaluator - INFO - [level1_83_conv_depthwise_2D_square_input_asymmetric_kernel] âœ” success | speed_up=0.358  score=20.00
2025-08-12 17:09:24,572 - openevolve.evaluator - INFO - Evaluated program 8774e322-ccb9-4c81-8845-ee2c27934371 in 3.51s: compiled=1.0000, correctness=1.0000, stage=success, passed=0.0000, score=20.0000, speed_up=0.3580, runtime_ms=0.0762, meta={'hardware': 'NVIDIA L20Y', 'device': 'cuda:0', 'correctness_trials': '(5 / 5)', 'reference_timing_ms': 0.0273, 'speed_up': 0.358, 'custom_timing': 0.0762}
2025-08-12 17:09:24,576 - openevolve.llm.ensemble - INFO - Sampled model: deepseek
2025-08-12 17:09:24,578 - openevolve.database - INFO - Population size (26) exceeds limit (25), removing 1 programs
2025-08-12 17:09:24,578 - openevolve.database - INFO - Population size after cleanup: 25
2025-08-12 17:09:24,590 - openevolve.threaded_parallel - INFO - Iteration 2: Program 8774e322-ccb9-4c81-8845-ee2c27934371 (parent: 98c480cb-bc6a-4ef4-ba97-ddfaba92a46e) completed in 822.84s
2025-08-12 17:09:24,590 - openevolve.threaded_parallel - INFO - Metrics: compiled=1.0000, correctness=1.0000, stage=success, passed=0.0000, score=20.0000, speed_up=0.3580, runtime_ms=0.0762, meta={'hardware': 'NVIDIA L20Y', 'device': 'cuda:0', 'correctness_trials': '(5 / 5)', 'reference_timing_ms': 0.0273, 'speed_up': 0.358, 'custom_timing': 0.0762}
2025-08-12 17:10:24,548 - openevolve.RemoteSpeedupEvaluator - INFO - [level1_83_conv_depthwise_2D_square_input_asymmetric_kernel] triton key words check pass
2025-08-12 17:10:24,549 - openevolve.RemoteSpeedupEvaluator - INFO - [level1_83_conv_depthwise_2D_square_input_asymmetric_kernel] verify_plus payload: reference_code(1671 chars) + custom_code(4506 chars)
2025-08-12 17:10:33,538 - openevolve.RemoteSpeedupEvaluator - INFO - [level1_83_conv_depthwise_2D_square_input_asymmetric_kernel] verify_plus request success
2025-08-12 17:10:33,538 - openevolve.RemoteSpeedupEvaluator - INFO - [level1_83_conv_depthwise_2D_square_input_asymmetric_kernel] verify_plus response: {"id":"level1_83_conv_depthwise_2D_square_input_asymmetric_kernel","result":{"compiled":true,"correctness":false,"metadata":{"hardware":"NVIDIA L20Y","device":"cuda:2","runtime_error":"Traceback (most recent call last):\n  File \"/home/lijiaxing/.conda/envs/api/lib/python3.10/site-packages/triton/language/core.py\", line 42, in wrapper\n    return fn(*args, **kwargs)\n  File \"/home/lijiaxing/.conda/envs/api/lib/python3.10/site-packages/triton/language/core.py\", line 1654, in arange\n    return _semantic.arange(start, end)\n  File \"/home/lijiaxing/.conda/envs/api/lib/python3.10/site-packages/triton/language/semantic.py\", line 574, in arange\n    raise ValueError(\"arange's arguments must be of type tl.constexpr\")\nValueError: arange's arguments must be of type tl.constexpr\n\nThe above
2025-08-12 17:10:33,539 - openevolve.RemoteSpeedupEvaluator - INFO - [level1_83_conv_depthwise_2D_square_input_asymmetric_kernel] âœ˜ wrong_answer
2025-08-12 17:10:33,539 - openevolve.evaluator - INFO - Evaluated program b209fcf8-8ad2-4402-8da0-7adfece9b821 in 8.99s: compiled=1.0000, correctness=0.0000, score=10.0000, stage=wrong_answer, verify_payload={'id': 'level1_83_conv_depthwise_2D_square_input_asymmetric_kernel', 'result': {'compiled': True, 'correctness': False, 'metadata': {'hardware': 'NVIDIA L20Y', 'device': 'cuda:2', 'runtime_error': 'Traceback (most recent call last):\n  File "/home/lijiaxing/.conda/envs/api/lib/python3.10/site-packages/triton/language/core.py", line 42, in wrapper\n    return fn(*args, **kwargs)\n  File "/home/lijiaxing/.conda/envs/api/lib/python3.10/site-packages/triton/language/core.py", line 1654, in arange\n    return _semantic.arange(start, end)\n  File "/home/lijiaxing/.conda/envs/api/lib/python3.10/site-packages/triton/language/semantic.py", line 574, in arange\n    raise ValueError("arange\'s arguments must be of type tl.constexpr")\nValueError: arange\'s arguments must be of type tl.constexpr\n\nThe above exception was the direct cause of the following exception:\n\nTraceback (most recent call last):\n  File "/cpfs01/shared/llm_kernel/hujiakai/KernelLLM/validation_api_server/helpers/evaluations.py", line 720, in run_and_check_correctness\n    output_new = model_new(*inputs)\n  File "/home/lijiaxing/.conda/envs/api/lib/python3.10/site-packages/torch/nn/modules/module.py", line 1773, in _wrapped_call_impl\n    return self._call_impl(*args, **kwargs)\n  File "/home/lijiaxing/.conda/envs/api/lib/python3.10/site-packages/torch/nn/modules/module.py", line 1784, in _call_impl\n    return forward_call(*args, **kwargs)\n  File "/tmp/tmp8zp5qcje.py", line 100, in forward\n    depthwise_vertical_conv_kernel[grid](\n  File "/home/lijiaxing/.conda/envs/api/lib/python3.10/site-packages/triton/runtime/jit.py", line 390, in <lambda>\n    return lambda *args, **kwargs: self.run(grid=grid, warmup=False, *args, **kwargs)\n  File "/home/lijiaxing/.conda/envs/api/lib/python3.10/site-packages/triton/runtime/jit.py", line 594, in run\n    kernel = self.compile(src, target=target, options=options.__dict__)\n  File "/home/lijiaxing/.conda/envs/api/lib/python3.10/site-packages/triton/compiler/compiler.py", line 339, in compile\n    module = src.make_ir(options, codegen_fns, module_map, context)\n  File "/home/lijiaxing/.conda/envs/api/lib/python3.10/site-packages/triton/compiler/compiler.py", line 83, in make_ir\n    return ast_to_ttir(self.fn, self, context=context, options=options, codegen_fns=codegen_fns,\ntriton.compiler.errors.CompilationError: at 20:51:\n    pid = tl.program_id(0)\n    num_rows = batch_size * in_channels * output_height\n    if pid >= num_rows:\n        return\n\n    batch_idx = pid // (in_channels * output_height)\n    residual = pid % (in_channels * output_height)\n    channel_idx = residual // output_height\n    h_out = residual % output_height\n\n    weight_offset = channel_idx * kernel_size\n    weights = tl.load(weight_ptr + weight_offset + tl.arange(0, kernel_size))\n                                                   ^\n\n\nThe above exception was the direct cause of the following exception:\n\nTraceback (most recent call last):\n  File "/home/lijiaxing/.conda/envs/api/lib/python3.10/site-packages/triton/language/core.py", line 42, in wrapper\n    return fn(*args, **kwargs)\n  File "/home/lijiaxing/.conda/envs/api/lib/python3.10/site-packages/triton/language/core.py", line 1654, in arange\n    return _semantic.arange(start, end)\n  File "/home/lijiaxing/.conda/envs/api/lib/python3.10/site-packages/triton/language/semantic.py", line 574, in arange\n    raise ValueError("arange\'s arguments must be of type tl.constexpr")\nValueError: arange\'s arguments must be of type tl.constexpr\n', 'runtime_error_name': 'triton.compiler.errors.CompilationError', 'reference_timing_ms': 0.0273, 'speed_up': -1.0, 'custom_timing': -1.0}, 'runtime': -1.0, 'runtime_stats': {}}}
2025-08-12 17:10:33,544 - openevolve.llm.ensemble - INFO - Sampled model: deepseek
2025-08-12 17:10:33,549 - openevolve.database - INFO - New MAP-Elites cell occupied: {'score': 9, 'complexity': 3}
2025-08-12 17:10:33,549 - openevolve.database - INFO - Population size (26) exceeds limit (25), removing 1 programs
2025-08-12 17:10:33,549 - openevolve.database - INFO - Population size after cleanup: 25
2025-08-12 17:10:33,584 - openevolve.threaded_parallel - INFO - Iteration 3: Program b209fcf8-8ad2-4402-8da0-7adfece9b821 (parent: af92fe3e-bd9c-4401-8f43-7dc532b1c583) completed in 607.75s
2025-08-12 17:10:33,584 - openevolve.threaded_parallel - INFO - Metrics: compiled=1.0000, correctness=0.0000, score=10.0000, stage=wrong_answer, verify_payload={'id': 'level1_83_conv_depthwise_2D_square_input_asymmetric_kernel', 'result': {'compiled': True, 'correctness': False, 'metadata': {'hardware': 'NVIDIA L20Y', 'device': 'cuda:2', 'runtime_error': 'Traceback (most recent call last):\n  File "/home/lijiaxing/.conda/envs/api/lib/python3.10/site-packages/triton/language/core.py", line 42, in wrapper\n    return fn(*args, **kwargs)\n  File "/home/lijiaxing/.conda/envs/api/lib/python3.10/site-packages/triton/language/core.py", line 1654, in arange\n    return _semantic.arange(start, end)\n  File "/home/lijiaxing/.conda/envs/api/lib/python3.10/site-packages/triton/language/semantic.py", line 574, in arange\n    raise ValueError("arange\'s arguments must be of type tl.constexpr")\nValueError: arange\'s arguments must be of type tl.constexpr\n\nThe above exception was the direct cause of the following exception:\n\nTraceback (most recent call last):\n  File "/cpfs01/shared/llm_kernel/hujiakai/KernelLLM/validation_api_server/helpers/evaluations.py", line 720, in run_and_check_correctness\n    output_new = model_new(*inputs)\n  File "/home/lijiaxing/.conda/envs/api/lib/python3.10/site-packages/torch/nn/modules/module.py", line 1773, in _wrapped_call_impl\n    return self._call_impl(*args, **kwargs)\n  File "/home/lijiaxing/.conda/envs/api/lib/python3.10/site-packages/torch/nn/modules/module.py", line 1784, in _call_impl\n    return forward_call(*args, **kwargs)\n  File "/tmp/tmp8zp5qcje.py", line 100, in forward\n    depthwise_vertical_conv_kernel[grid](\n  File "/home/lijiaxing/.conda/envs/api/lib/python3.10/site-packages/triton/runtime/jit.py", line 390, in <lambda>\n    return lambda *args, **kwargs: self.run(grid=grid, warmup=False, *args, **kwargs)\n  File "/home/lijiaxing/.conda/envs/api/lib/python3.10/site-packages/triton/runtime/jit.py", line 594, in run\n    kernel = self.compile(src, target=target, options=options.__dict__)\n  File "/home/lijiaxing/.conda/envs/api/lib/python3.10/site-packages/triton/compiler/compiler.py", line 339, in compile\n    module = src.make_ir(options, codegen_fns, module_map, context)\n  File "/home/lijiaxing/.conda/envs/api/lib/python3.10/site-packages/triton/compiler/compiler.py", line 83, in make_ir\n    return ast_to_ttir(self.fn, self, context=context, options=options, codegen_fns=codegen_fns,\ntriton.compiler.errors.CompilationError: at 20:51:\n    pid = tl.program_id(0)\n    num_rows = batch_size * in_channels * output_height\n    if pid >= num_rows:\n        return\n\n    batch_idx = pid // (in_channels * output_height)\n    residual = pid % (in_channels * output_height)\n    channel_idx = residual // output_height\n    h_out = residual % output_height\n\n    weight_offset = channel_idx * kernel_size\n    weights = tl.load(weight_ptr + weight_offset + tl.arange(0, kernel_size))\n                                                   ^\n\n\nThe above exception was the direct cause of the following exception:\n\nTraceback (most recent call last):\n  File "/home/lijiaxing/.conda/envs/api/lib/python3.10/site-packages/triton/language/core.py", line 42, in wrapper\n    return fn(*args, **kwargs)\n  File "/home/lijiaxing/.conda/envs/api/lib/python3.10/site-packages/triton/language/core.py", line 1654, in arange\n    return _semantic.arange(start, end)\n  File "/home/lijiaxing/.conda/envs/api/lib/python3.10/site-packages/triton/language/semantic.py", line 574, in arange\n    raise ValueError("arange\'s arguments must be of type tl.constexpr")\nValueError: arange\'s arguments must be of type tl.constexpr\n', 'runtime_error_name': 'triton.compiler.errors.CompilationError', 'reference_timing_ms': 0.0273, 'speed_up': -1.0, 'custom_timing': -1.0}, 'runtime': -1.0, 'runtime_stats': {}}}
2025-08-12 17:10:33,584 - openevolve.threaded_parallel - INFO - Checkpoint interval reached at iteration 3
2025-08-12 17:10:33,586 - openevolve.database - INFO - Island Status:
2025-08-12 17:10:33,586 - openevolve.database - INFO -    Island 0: 9 programs, best=20.0000, avg=15.5556, diversity=61.67, gen=2 (best: 65ff553e-25aa-417d-ae68-367a01f30ede)
2025-08-12 17:10:33,586 - openevolve.database - INFO -    Island 1: 8 programs, best=20.0000, avg=13.7500, diversity=151.83, gen=1 (best: b209fcf8-8ad2-4402-8da0-7adfece9b821)
2025-08-12 17:10:33,586 - openevolve.database - INFO -  * Island 2: 8 programs, best=20.0000, avg=11.2500, diversity=154.63, gen=1
2025-08-12 17:10:33,831 - openevolve.database - INFO - Saved database with 25 programs to openevolve_output/level1_83_conv_depthwise_2D_square_input_asymmetric_kernel/checkpoints/checkpoint_3
2025-08-12 17:10:33,875 - openevolve.controller - INFO - Saved best program at checkpoint 3 with metrics: compiled=1.0000, correctness=1.0000, stage=success, passed=0.0000, score=20.0000, speed_up=0.4860, runtime_ms=0.0562, meta={'hardware': 'NVIDIA L20Y', 'device': 'cuda:4', 'correctness_trials': '(5 / 5)', 'reference_timing_ms': 0.0273, 'speed_up': 0.486, 'custom_timing': 0.0562}
2025-08-12 17:10:33,875 - openevolve.controller - INFO - Saved checkpoint at iteration 3 to openevolve_output/level1_83_conv_depthwise_2D_square_input_asymmetric_kernel/checkpoints/checkpoint_3
2025-08-12 17:16:06,372 - openevolve.RemoteSpeedupEvaluator - INFO - [level1_83_conv_depthwise_2D_square_input_asymmetric_kernel] triton key words check pass
2025-08-12 17:16:06,372 - openevolve.RemoteSpeedupEvaluator - INFO - [level1_83_conv_depthwise_2D_square_input_asymmetric_kernel] verify_plus payload: reference_code(1671 chars) + custom_code(4313 chars)
2025-08-12 17:16:09,411 - openevolve.RemoteSpeedupEvaluator - INFO - [level1_83_conv_depthwise_2D_square_input_asymmetric_kernel] verify_plus request success
2025-08-12 17:16:09,411 - openevolve.RemoteSpeedupEvaluator - INFO - [level1_83_conv_depthwise_2D_square_input_asymmetric_kernel] verify_plus response: {"id":"level1_83_conv_depthwise_2D_square_input_asymmetric_kernel","result":{"compiled":true,"correctness":false,"metadata":{"hardware":"NVIDIA L20Y","device":"cuda:5","runtime_error":"Traceback (most recent call last):\n  File \"/home/lijiaxing/.conda/envs/api/lib/python3.10/site-packages/triton/language/core.py\", line 42, in wrapper\n    return fn(*args, **kwargs)\n  File \"/home/lijiaxing/.conda/envs/api/lib/python3.10/site-packages/triton/language/core.py\", line 1654, in arange\n    return _semantic.arange(start, end)\n  File \"/home/lijiaxing/.conda/envs/api/lib/python3.10/site-packages/triton/language/semantic.py\", line 574, in arange\n    raise ValueError(\"arange's arguments must be of type tl.constexpr\")\nValueError: arange's arguments must be of type tl.constexpr\n\nThe above
2025-08-12 17:16:09,411 - openevolve.RemoteSpeedupEvaluator - INFO - [level1_83_conv_depthwise_2D_square_input_asymmetric_kernel] âœ˜ wrong_answer
2025-08-12 17:16:09,412 - openevolve.evaluator - INFO - Evaluated program 3550dff9-08e7-480c-a650-c90d490dacb4 in 3.04s: compiled=1.0000, correctness=0.0000, score=10.0000, stage=wrong_answer, verify_payload={'id': 'level1_83_conv_depthwise_2D_square_input_asymmetric_kernel', 'result': {'compiled': True, 'correctness': False, 'metadata': {'hardware': 'NVIDIA L20Y', 'device': 'cuda:5', 'runtime_error': 'Traceback (most recent call last):\n  File "/home/lijiaxing/.conda/envs/api/lib/python3.10/site-packages/triton/language/core.py", line 42, in wrapper\n    return fn(*args, **kwargs)\n  File "/home/lijiaxing/.conda/envs/api/lib/python3.10/site-packages/triton/language/core.py", line 1654, in arange\n    return _semantic.arange(start, end)\n  File "/home/lijiaxing/.conda/envs/api/lib/python3.10/site-packages/triton/language/semantic.py", line 574, in arange\n    raise ValueError("arange\'s arguments must be of type tl.constexpr")\nValueError: arange\'s arguments must be of type tl.constexpr\n\nThe above exception was the direct cause of the following exception:\n\nTraceback (most recent call last):\n  File "/cpfs01/shared/llm_kernel/hujiakai/KernelLLM/validation_api_server/helpers/evaluations.py", line 720, in run_and_check_correctness\n    output_new = model_new(*inputs)\n  File "/home/lijiaxing/.conda/envs/api/lib/python3.10/site-packages/torch/nn/modules/module.py", line 1773, in _wrapped_call_impl\n    return self._call_impl(*args, **kwargs)\n  File "/home/lijiaxing/.conda/envs/api/lib/python3.10/site-packages/torch/nn/modules/module.py", line 1784, in _call_impl\n    return forward_call(*args, **kwargs)\n  File "/tmp/tmpeszuls1h.py", line 108, in forward\n    _depthwise_conv2d_kernel[grid](\n  File "/home/lijiaxing/.conda/envs/api/lib/python3.10/site-packages/triton/runtime/jit.py", line 390, in <lambda>\n    return lambda *args, **kwargs: self.run(grid=grid, warmup=False, *args, **kwargs)\n  File "/home/lijiaxing/.conda/envs/api/lib/python3.10/site-packages/triton/runtime/jit.py", line 594, in run\n    kernel = self.compile(src, target=target, options=options.__dict__)\n  File "/home/lijiaxing/.conda/envs/api/lib/python3.10/site-packages/triton/compiler/compiler.py", line 339, in compile\n    module = src.make_ir(options, codegen_fns, module_map, context)\n  File "/home/lijiaxing/.conda/envs/api/lib/python3.10/site-packages/triton/compiler/compiler.py", line 83, in make_ir\n    return ast_to_ttir(self.fn, self, context=context, options=options, codegen_fns=codegen_fns,\ntriton.compiler.errors.CompilationError: at 31:27:\n    if pid >= total_rows:\n        return\n\n    batch_id = pid // (in_channels * height_out)\n    residual = pid % (in_channels * height_out)\n    channel_id = residual // height_out\n    h_out = residual % height_out\n\n    weight_channel_ptr = weight_ptr + channel_id * kernel_size\n    # Preload entire kernel weights into registers\n    weights = tl.load(weight_channel_ptr + tl.arange(0, kernel_size), \n                      mask=tl.arange(0, kernel_size) < kernel_size, other=0.0)\n                           ^\n\n\nThe above exception was the direct cause of the following exception:\n\nTraceback (most recent call last):\n  File "/home/lijiaxing/.conda/envs/api/lib/python3.10/site-packages/triton/language/core.py", line 42, in wrapper\n    return fn(*args, **kwargs)\n  File "/home/lijiaxing/.conda/envs/api/lib/python3.10/site-packages/triton/language/core.py", line 1654, in arange\n    return _semantic.arange(start, end)\n  File "/home/lijiaxing/.conda/envs/api/lib/python3.10/site-packages/triton/language/semantic.py", line 574, in arange\n    raise ValueError("arange\'s arguments must be of type tl.constexpr")\nValueError: arange\'s arguments must be of type tl.constexpr\n', 'runtime_error_name': 'triton.compiler.errors.CompilationError', 'reference_timing_ms': 0.0273, 'speed_up': -1.0, 'custom_timing': -1.0}, 'runtime': -1.0, 'runtime_stats': {}}}
2025-08-12 17:16:09,416 - openevolve.llm.ensemble - INFO - Sampled model: deepseek
2025-08-12 17:16:09,422 - openevolve.database - INFO - New MAP-Elites cell occupied: {'score': 9, 'complexity': 1}
2025-08-12 17:16:09,422 - openevolve.database - INFO - Population size (26) exceeds limit (25), removing 1 programs
2025-08-12 17:16:09,422 - openevolve.database - INFO - Population size after cleanup: 25
2025-08-12 17:16:09,433 - openevolve.threaded_parallel - INFO - Iteration 6: Program 3550dff9-08e7-480c-a650-c90d490dacb4 (parent: 4474241a-e4cf-4ff6-b136-69e8be18f6ee) completed in 335.87s
2025-08-12 17:16:09,433 - openevolve.threaded_parallel - INFO - Metrics: compiled=1.0000, correctness=0.0000, score=10.0000, stage=wrong_answer, verify_payload={'id': 'level1_83_conv_depthwise_2D_square_input_asymmetric_kernel', 'result': {'compiled': True, 'correctness': False, 'metadata': {'hardware': 'NVIDIA L20Y', 'device': 'cuda:5', 'runtime_error': 'Traceback (most recent call last):\n  File "/home/lijiaxing/.conda/envs/api/lib/python3.10/site-packages/triton/language/core.py", line 42, in wrapper\n    return fn(*args, **kwargs)\n  File "/home/lijiaxing/.conda/envs/api/lib/python3.10/site-packages/triton/language/core.py", line 1654, in arange\n    return _semantic.arange(start, end)\n  File "/home/lijiaxing/.conda/envs/api/lib/python3.10/site-packages/triton/language/semantic.py", line 574, in arange\n    raise ValueError("arange\'s arguments must be of type tl.constexpr")\nValueError: arange\'s arguments must be of type tl.constexpr\n\nThe above exception was the direct cause of the following exception:\n\nTraceback (most recent call last):\n  File "/cpfs01/shared/llm_kernel/hujiakai/KernelLLM/validation_api_server/helpers/evaluations.py", line 720, in run_and_check_correctness\n    output_new = model_new(*inputs)\n  File "/home/lijiaxing/.conda/envs/api/lib/python3.10/site-packages/torch/nn/modules/module.py", line 1773, in _wrapped_call_impl\n    return self._call_impl(*args, **kwargs)\n  File "/home/lijiaxing/.conda/envs/api/lib/python3.10/site-packages/torch/nn/modules/module.py", line 1784, in _call_impl\n    return forward_call(*args, **kwargs)\n  File "/tmp/tmpeszuls1h.py", line 108, in forward\n    _depthwise_conv2d_kernel[grid](\n  File "/home/lijiaxing/.conda/envs/api/lib/python3.10/site-packages/triton/runtime/jit.py", line 390, in <lambda>\n    return lambda *args, **kwargs: self.run(grid=grid, warmup=False, *args, **kwargs)\n  File "/home/lijiaxing/.conda/envs/api/lib/python3.10/site-packages/triton/runtime/jit.py", line 594, in run\n    kernel = self.compile(src, target=target, options=options.__dict__)\n  File "/home/lijiaxing/.conda/envs/api/lib/python3.10/site-packages/triton/compiler/compiler.py", line 339, in compile\n    module = src.make_ir(options, codegen_fns, module_map, context)\n  File "/home/lijiaxing/.conda/envs/api/lib/python3.10/site-packages/triton/compiler/compiler.py", line 83, in make_ir\n    return ast_to_ttir(self.fn, self, context=context, options=options, codegen_fns=codegen_fns,\ntriton.compiler.errors.CompilationError: at 31:27:\n    if pid >= total_rows:\n        return\n\n    batch_id = pid // (in_channels * height_out)\n    residual = pid % (in_channels * height_out)\n    channel_id = residual // height_out\n    h_out = residual % height_out\n\n    weight_channel_ptr = weight_ptr + channel_id * kernel_size\n    # Preload entire kernel weights into registers\n    weights = tl.load(weight_channel_ptr + tl.arange(0, kernel_size), \n                      mask=tl.arange(0, kernel_size) < kernel_size, other=0.0)\n                           ^\n\n\nThe above exception was the direct cause of the following exception:\n\nTraceback (most recent call last):\n  File "/home/lijiaxing/.conda/envs/api/lib/python3.10/site-packages/triton/language/core.py", line 42, in wrapper\n    return fn(*args, **kwargs)\n  File "/home/lijiaxing/.conda/envs/api/lib/python3.10/site-packages/triton/language/core.py", line 1654, in arange\n    return _semantic.arange(start, end)\n  File "/home/lijiaxing/.conda/envs/api/lib/python3.10/site-packages/triton/language/semantic.py", line 574, in arange\n    raise ValueError("arange\'s arguments must be of type tl.constexpr")\nValueError: arange\'s arguments must be of type tl.constexpr\n', 'runtime_error_name': 'triton.compiler.errors.CompilationError', 'reference_timing_ms': 0.0273, 'speed_up': -1.0, 'custom_timing': -1.0}, 'runtime': -1.0, 'runtime_stats': {}}}
2025-08-12 17:16:09,433 - openevolve.threaded_parallel - INFO - Checkpoint interval reached at iteration 6
2025-08-12 17:16:09,435 - openevolve.database - INFO - Island Status:
2025-08-12 17:16:09,435 - openevolve.database - INFO -  * Island 0: 9 programs, best=20.0000, avg=15.5556, diversity=61.67, gen=3 (best: 65ff553e-25aa-417d-ae68-367a01f30ede)
2025-08-12 17:16:09,435 - openevolve.database - INFO -    Island 1: 7 programs, best=20.0000, avg=14.2857, diversity=176.62, gen=1 (best: b209fcf8-8ad2-4402-8da0-7adfece9b821)
2025-08-12 17:16:09,435 - openevolve.database - INFO -    Island 2: 9 programs, best=20.0000, avg=11.1111, diversity=103.70, gen=1 (best: 3550dff9-08e7-480c-a650-c90d490dacb4)
2025-08-12 17:16:09,733 - openevolve.database - INFO - Saved database with 25 programs to openevolve_output/level1_83_conv_depthwise_2D_square_input_asymmetric_kernel/checkpoints/checkpoint_6
2025-08-12 17:16:09,740 - openevolve.controller - INFO - Saved best program at checkpoint 6 with metrics: compiled=1.0000, correctness=1.0000, stage=success, passed=0.0000, score=20.0000, speed_up=0.4860, runtime_ms=0.0562, meta={'hardware': 'NVIDIA L20Y', 'device': 'cuda:4', 'correctness_trials': '(5 / 5)', 'reference_timing_ms': 0.0273, 'speed_up': 0.486, 'custom_timing': 0.0562}
2025-08-12 17:16:09,740 - openevolve.controller - INFO - Saved checkpoint at iteration 6 to openevolve_output/level1_83_conv_depthwise_2D_square_input_asymmetric_kernel/checkpoints/checkpoint_6
2025-08-12 17:17:24,844 - openevolve.RemoteSpeedupEvaluator - INFO - [level1_83_conv_depthwise_2D_square_input_asymmetric_kernel] âœ˜ invalid_answer 'import triton' is not found
2025-08-12 17:17:24,845 - openevolve.evaluator - INFO - Evaluated program 4cc05dfd-c2e8-4640-a758-ea427d0b6082 in 0.00s: compiled=0.0000, correctness=0.0000, score=-100.0000, stage=no_valid_triton_code, feedback=You need to generate real and valid triton code for the core function. The key word 'import triton' is not found.
2025-08-12 17:17:24,849 - openevolve.database - INFO - New MAP-Elites cell occupied: {'score': -1000, 'complexity': 0}
2025-08-12 17:17:24,849 - openevolve.database - INFO - Population size (26) exceeds limit (25), removing 1 programs
2025-08-12 17:17:24,849 - openevolve.database - INFO - Population size after cleanup: 25
2025-08-12 17:17:24,850 - openevolve.llm.ensemble - INFO - Sampled model: deepseek
2025-08-12 17:17:24,856 - openevolve.threaded_parallel - INFO - Iteration 5: Program 4cc05dfd-c2e8-4640-a758-ea427d0b6082 (parent: 65ff553e-25aa-417d-ae68-367a01f30ede) completed in 480.27s
2025-08-12 17:17:24,856 - openevolve.threaded_parallel - INFO - Metrics: compiled=0.0000, correctness=0.0000, score=-100.0000, stage=no_valid_triton_code, feedback=You need to generate real and valid triton code for the core function. The key word 'import triton' is not found.
2025-08-12 17:18:02,838 - openevolve.RemoteSpeedupEvaluator - INFO - [level1_83_conv_depthwise_2D_square_input_asymmetric_kernel] âœ˜ invalid_answer 'import triton' is not found
2025-08-12 17:18:02,839 - openevolve.evaluator - INFO - Evaluated program 084e532f-1183-4a56-907a-a2721aae6f77 in 0.00s: compiled=0.0000, correctness=0.0000, score=-100.0000, stage=no_valid_triton_code, feedback=You need to generate real and valid triton code for the core function. The key word 'import triton' is not found.
2025-08-12 17:18:02,842 - openevolve.database - INFO - Population size (26) exceeds limit (25), removing 1 programs
2025-08-12 17:18:02,842 - openevolve.database - INFO - Population size after cleanup: 25
2025-08-12 17:18:02,843 - openevolve.llm.ensemble - INFO - Sampled model: deepseek
2025-08-12 17:18:02,849 - openevolve.threaded_parallel - INFO - Iteration 4: Program 084e532f-1183-4a56-907a-a2721aae6f77 (parent: 65ff553e-25aa-417d-ae68-367a01f30ede) completed in 557.00s
2025-08-12 17:18:02,849 - openevolve.threaded_parallel - INFO - Metrics: compiled=0.0000, correctness=0.0000, score=-100.0000, stage=no_valid_triton_code, feedback=You need to generate real and valid triton code for the core function. The key word 'import triton' is not found.
2025-08-12 17:21:39,493 - openevolve.RemoteSpeedupEvaluator - INFO - [level1_83_conv_depthwise_2D_square_input_asymmetric_kernel] âœ˜ invalid_answer 'import triton' is not found
2025-08-12 17:21:39,494 - openevolve.evaluator - INFO - Evaluated program 625c4eb6-84dc-4b83-9020-90182486c8cf in 0.00s: compiled=0.0000, correctness=0.0000, score=-100.0000, stage=no_valid_triton_code, feedback=You need to generate real and valid triton code for the core function. The key word 'import triton' is not found.
2025-08-12 17:21:39,497 - openevolve.database - INFO - New MAP-Elites cell occupied: {'score': -1000, 'complexity': 2}
2025-08-12 17:21:39,497 - openevolve.database - INFO - Population size (26) exceeds limit (25), removing 1 programs
2025-08-12 17:21:39,497 - openevolve.database - INFO - Population size after cleanup: 25
2025-08-12 17:21:39,498 - openevolve.llm.ensemble - INFO - Sampled model: deepseek
2025-08-12 17:21:39,510 - openevolve.threaded_parallel - INFO - Iteration 7: Program 625c4eb6-84dc-4b83-9020-90182486c8cf (parent: b209fcf8-8ad2-4402-8da0-7adfece9b821) completed in 330.08s
2025-08-12 17:21:39,510 - openevolve.threaded_parallel - INFO - Metrics: compiled=0.0000, correctness=0.0000, score=-100.0000, stage=no_valid_triton_code, feedback=You need to generate real and valid triton code for the core function. The key word 'import triton' is not found.
2025-08-12 17:22:46,986 - openevolve.RemoteSpeedupEvaluator - INFO - [level1_83_conv_depthwise_2D_square_input_asymmetric_kernel] âœ˜ invalid_answer 'import triton' is not found
2025-08-12 17:22:46,987 - openevolve.evaluator - INFO - Evaluated program 2f80b63a-ef1a-47e7-a778-6af8f5a0c5f2 in 0.00s: compiled=0.0000, correctness=0.0000, score=-100.0000, stage=no_valid_triton_code, feedback=You need to generate real and valid triton code for the core function. The key word 'import triton' is not found.
2025-08-12 17:22:46,990 - openevolve.database - INFO - New MAP-Elites cell occupied: {'score': -1000, 'complexity': 0}
2025-08-12 17:22:46,990 - openevolve.database - INFO - Population size (26) exceeds limit (25), removing 1 programs
2025-08-12 17:22:46,991 - openevolve.database - INFO - Population size after cleanup: 25
2025-08-12 17:22:46,992 - openevolve.llm.ensemble - INFO - Sampled model: deepseek
2025-08-12 17:22:47,026 - openevolve.threaded_parallel - INFO - Iteration 9: Program 2f80b63a-ef1a-47e7-a778-6af8f5a0c5f2 (parent: b209fcf8-8ad2-4402-8da0-7adfece9b821) completed in 284.14s
2025-08-12 17:22:47,026 - openevolve.threaded_parallel - INFO - Metrics: compiled=0.0000, correctness=0.0000, score=-100.0000, stage=no_valid_triton_code, feedback=You need to generate real and valid triton code for the core function. The key word 'import triton' is not found.
2025-08-12 17:22:47,027 - openevolve.threaded_parallel - INFO - Checkpoint interval reached at iteration 9
2025-08-12 17:22:47,028 - openevolve.database - INFO - Island Status:
2025-08-12 17:22:47,028 - openevolve.database - INFO -    Island 0: 10 programs, best=20.0000, avg=4.0000, diversity=579.42, gen=4 (best: 65ff553e-25aa-417d-ae68-367a01f30ede)
2025-08-12 17:22:47,028 - openevolve.database - INFO -  * Island 1: 7 programs, best=20.0000, avg=14.2857, diversity=176.62, gen=3 (best: b209fcf8-8ad2-4402-8da0-7adfece9b821)
2025-08-12 17:22:47,029 - openevolve.database - INFO -    Island 2: 8 programs, best=20.0000, avg=11.2500, diversity=155.58, gen=2 (best: 3550dff9-08e7-480c-a650-c90d490dacb4)
2025-08-12 17:22:47,307 - openevolve.database - INFO - Saved database with 25 programs to openevolve_output/level1_83_conv_depthwise_2D_square_input_asymmetric_kernel/checkpoints/checkpoint_9
2025-08-12 17:22:47,315 - openevolve.controller - INFO - Saved best program at checkpoint 9 with metrics: compiled=1.0000, correctness=1.0000, stage=success, passed=0.0000, score=20.0000, speed_up=0.4860, runtime_ms=0.0562, meta={'hardware': 'NVIDIA L20Y', 'device': 'cuda:4', 'correctness_trials': '(5 / 5)', 'reference_timing_ms': 0.0273, 'speed_up': 0.486, 'custom_timing': 0.0562}
2025-08-12 17:22:47,315 - openevolve.controller - INFO - Saved checkpoint at iteration 9 to openevolve_output/level1_83_conv_depthwise_2D_square_input_asymmetric_kernel/checkpoints/checkpoint_9
2025-08-12 17:29:21,553 - openevolve.RemoteSpeedupEvaluator - INFO - [level1_83_conv_depthwise_2D_square_input_asymmetric_kernel] triton key words check pass
2025-08-12 17:29:21,554 - openevolve.RemoteSpeedupEvaluator - INFO - [level1_83_conv_depthwise_2D_square_input_asymmetric_kernel] verify_plus payload: reference_code(1671 chars) + custom_code(4144 chars)
2025-08-12 17:29:25,147 - openevolve.RemoteSpeedupEvaluator - INFO - [level1_83_conv_depthwise_2D_square_input_asymmetric_kernel] verify_plus request success
2025-08-12 17:29:25,147 - openevolve.RemoteSpeedupEvaluator - INFO - [level1_83_conv_depthwise_2D_square_input_asymmetric_kernel] verify_plus response: {"id":"level1_83_conv_depthwise_2D_square_input_asymmetric_kernel","result":{"compiled":true,"correctness":true,"metadata":{"hardware":"NVIDIA L20Y","device":"cuda:5","correctness_trials":"(5 / 5)","reference_timing_ms":0.0273,"speed_up":0.494,"custom_timing":0.0553},"runtime":0.0553,"runtime_stats":{"mean":0.0553,"std":0.0024,"min":0.0522,"max":0.07,"num_trials":100,"hardware":"NVIDIA L20Y","device":"cuda:5"}}}
2025-08-12 17:29:25,147 - openevolve.RemoteSpeedupEvaluator - INFO - [level1_83_conv_depthwise_2D_square_input_asymmetric_kernel] âœ” success | speed_up=0.494  score=20.00
2025-08-12 17:29:25,147 - openevolve.evaluator - INFO - Evaluated program cb6551f9-43ca-4a76-8ccc-82c4ed562a3e in 3.60s: compiled=1.0000, correctness=1.0000, stage=success, passed=0.0000, score=20.0000, speed_up=0.4940, runtime_ms=0.0553, meta={'hardware': 'NVIDIA L20Y', 'device': 'cuda:5', 'correctness_trials': '(5 / 5)', 'reference_timing_ms': 0.0273, 'speed_up': 0.494, 'custom_timing': 0.0553}
2025-08-12 17:29:25,152 - openevolve.llm.ensemble - INFO - Sampled model: deepseek
2025-08-12 17:29:25,157 - openevolve.database - INFO - New MAP-Elites cell occupied: {'score': 9, 'complexity': 6}
2025-08-12 17:29:25,157 - openevolve.database - INFO - Population size (26) exceeds limit (25), removing 1 programs
2025-08-12 17:29:25,158 - openevolve.database - INFO - Population size after cleanup: 25
2025-08-12 17:29:25,170 - openevolve.threaded_parallel - INFO - Iteration 10: Program cb6551f9-43ca-4a76-8ccc-82c4ed562a3e (parent: 3550dff9-08e7-480c-a650-c90d490dacb4) completed in 465.65s
2025-08-12 17:29:25,171 - openevolve.threaded_parallel - INFO - Metrics: compiled=1.0000, correctness=1.0000, stage=success, passed=0.0000, score=20.0000, speed_up=0.4940, runtime_ms=0.0553, meta={'hardware': 'NVIDIA L20Y', 'device': 'cuda:5', 'correctness_trials': '(5 / 5)', 'reference_timing_ms': 0.0273, 'speed_up': 0.494, 'custom_timing': 0.0553}
2025-08-12 17:33:02,564 - openevolve.RemoteSpeedupEvaluator - INFO - [level1_83_conv_depthwise_2D_square_input_asymmetric_kernel] triton key words check pass
2025-08-12 17:33:02,565 - openevolve.RemoteSpeedupEvaluator - INFO - [level1_83_conv_depthwise_2D_square_input_asymmetric_kernel] verify_plus payload: reference_code(1671 chars) + custom_code(4170 chars)
2025-08-12 17:33:05,899 - openevolve.RemoteSpeedupEvaluator - INFO - [level1_83_conv_depthwise_2D_square_input_asymmetric_kernel] verify_plus request success
2025-08-12 17:33:05,899 - openevolve.RemoteSpeedupEvaluator - INFO - [level1_83_conv_depthwise_2D_square_input_asymmetric_kernel] verify_plus response: {"id":"level1_83_conv_depthwise_2D_square_input_asymmetric_kernel","result":{"compiled":true,"correctness":true,"metadata":{"hardware":"NVIDIA L20Y","device":"cuda:0","correctness_trials":"(5 / 5)","reference_timing_ms":0.0273,"speed_up":0.505,"custom_timing":0.0541},"runtime":0.0541,"runtime_stats":{"mean":0.0541,"std":0.00308,"min":0.0509,"max":0.0716,"num_trials":100,"hardware":"NVIDIA L20Y","device":"cuda:0"}}}
2025-08-12 17:33:05,899 - openevolve.RemoteSpeedupEvaluator - INFO - [level1_83_conv_depthwise_2D_square_input_asymmetric_kernel] âœ” success | speed_up=0.505  score=20.00
2025-08-12 17:33:05,899 - openevolve.evaluator - INFO - Evaluated program be2f0206-71c9-4ec7-babd-37e82f64fbab in 3.34s: compiled=1.0000, correctness=1.0000, stage=success, passed=0.0000, score=20.0000, speed_up=0.5050, runtime_ms=0.0541, meta={'hardware': 'NVIDIA L20Y', 'device': 'cuda:0', 'correctness_trials': '(5 / 5)', 'reference_timing_ms': 0.0273, 'speed_up': 0.505, 'custom_timing': 0.0541}
2025-08-12 17:33:05,903 - openevolve.database - INFO - New MAP-Elites cell occupied: {'score': 9, 'complexity': 0}
2025-08-12 17:33:05,903 - openevolve.database - INFO - Population size (26) exceeds limit (25), removing 1 programs
2025-08-12 17:33:05,903 - openevolve.database - INFO - Population size after cleanup: 25
2025-08-12 17:33:05,903 - openevolve.llm.ensemble - INFO - Sampled model: deepseek
2025-08-12 17:33:05,938 - openevolve.threaded_parallel - INFO - Iteration 11: Program be2f0206-71c9-4ec7-babd-37e82f64fbab (parent: 8774e322-ccb9-4c81-8845-ee2c27934371) completed in 618.91s
2025-08-12 17:33:05,938 - openevolve.threaded_parallel - INFO - Metrics: compiled=1.0000, correctness=1.0000, stage=success, passed=0.0000, score=20.0000, speed_up=0.5050, runtime_ms=0.0541, meta={'hardware': 'NVIDIA L20Y', 'device': 'cuda:0', 'correctness_trials': '(5 / 5)', 'reference_timing_ms': 0.0273, 'speed_up': 0.505, 'custom_timing': 0.0541}
2025-08-12 17:33:08,350 - openevolve.RemoteSpeedupEvaluator - INFO - [level1_83_conv_depthwise_2D_square_input_asymmetric_kernel] triton key words check pass
2025-08-12 17:33:08,350 - openevolve.RemoteSpeedupEvaluator - INFO - [level1_83_conv_depthwise_2D_square_input_asymmetric_kernel] verify_plus payload: reference_code(1671 chars) + custom_code(4479 chars)
2025-08-12 17:33:11,200 - openevolve.RemoteSpeedupEvaluator - INFO - [level1_83_conv_depthwise_2D_square_input_asymmetric_kernel] verify_plus request success
2025-08-12 17:33:11,200 - openevolve.RemoteSpeedupEvaluator - INFO - [level1_83_conv_depthwise_2D_square_input_asymmetric_kernel] verify_plus response: {"id":"level1_83_conv_depthwise_2D_square_input_asymmetric_kernel","result":{"compiled":true,"correctness":false,"metadata":{"hardware":"NVIDIA L20Y","device":"cuda:1","runtime_error":"Traceback (most recent call last):\n  File \"/home/lijiaxing/.conda/envs/api/lib/python3.10/site-packages/triton/language/core.py\", line 42, in wrapper\n    return fn(*args, **kwargs)\n  File \"/home/lijiaxing/.conda/envs/api/lib/python3.10/site-packages/triton/language/core.py\", line 1654, in arange\n    return _semantic.arange(start, end)\n  File \"/home/lijiaxing/.conda/envs/api/lib/python3.10/site-packages/triton/language/semantic.py\", line 574, in arange\n    raise ValueError(\"arange's arguments must be of type tl.constexpr\")\nValueError: arange's arguments must be of type tl.constexpr\n\nThe above
2025-08-12 17:33:11,200 - openevolve.RemoteSpeedupEvaluator - INFO - [level1_83_conv_depthwise_2D_square_input_asymmetric_kernel] âœ˜ wrong_answer
2025-08-12 17:33:11,201 - openevolve.evaluator - INFO - Evaluated program 7a406d5b-9a23-459a-ab0a-a688701830f8 in 2.85s: compiled=1.0000, correctness=0.0000, score=10.0000, stage=wrong_answer, verify_payload={'id': 'level1_83_conv_depthwise_2D_square_input_asymmetric_kernel', 'result': {'compiled': True, 'correctness': False, 'metadata': {'hardware': 'NVIDIA L20Y', 'device': 'cuda:1', 'runtime_error': 'Traceback (most recent call last):\n  File "/home/lijiaxing/.conda/envs/api/lib/python3.10/site-packages/triton/language/core.py", line 42, in wrapper\n    return fn(*args, **kwargs)\n  File "/home/lijiaxing/.conda/envs/api/lib/python3.10/site-packages/triton/language/core.py", line 1654, in arange\n    return _semantic.arange(start, end)\n  File "/home/lijiaxing/.conda/envs/api/lib/python3.10/site-packages/triton/language/semantic.py", line 574, in arange\n    raise ValueError("arange\'s arguments must be of type tl.constexpr")\nValueError: arange\'s arguments must be of type tl.constexpr\n\nThe above exception was the direct cause of the following exception:\n\nTraceback (most recent call last):\n  File "/cpfs01/shared/llm_kernel/hujiakai/KernelLLM/validation_api_server/helpers/evaluations.py", line 720, in run_and_check_correctness\n    output_new = model_new(*inputs)\n  File "/home/lijiaxing/.conda/envs/api/lib/python3.10/site-packages/torch/nn/modules/module.py", line 1773, in _wrapped_call_impl\n    return self._call_impl(*args, **kwargs)\n  File "/home/lijiaxing/.conda/envs/api/lib/python3.10/site-packages/torch/nn/modules/module.py", line 1784, in _call_impl\n    return forward_call(*args, **kwargs)\n  File "/tmp/tmp63zt_18d.py", line 118, in forward\n    _depthwise_conv2d_kernel[grid](\n  File "/home/lijiaxing/.conda/envs/api/lib/python3.10/site-packages/triton/runtime/jit.py", line 390, in <lambda>\n    return lambda *args, **kwargs: self.run(grid=grid, warmup=False, *args, **kwargs)\n  File "/home/lijiaxing/.conda/envs/api/lib/python3.10/site-packages/triton/runtime/autotuner.py", line 239, in run\n    benchmark()\n  File "/home/lijiaxing/.conda/envs/api/lib/python3.10/site-packages/triton/runtime/autotuner.py", line 228, in benchmark\n    timings = {config: self._bench(*args, config=config, **kwargs) for config in pruned_configs}\n  File "/home/lijiaxing/.conda/envs/api/lib/python3.10/site-packages/triton/runtime/autotuner.py", line 228, in <dictcomp>\n    timings = {config: self._bench(*args, config=config, **kwargs) for config in pruned_configs}\n  File "/home/lijiaxing/.conda/envs/api/lib/python3.10/site-packages/triton/runtime/autotuner.py", line 160, in _bench\n    return self.do_bench(kernel_call, quantiles=(0.5, 0.2, 0.8))\n  File "/home/lijiaxing/.conda/envs/api/lib/python3.10/site-packages/triton/testing.py", line 149, in do_bench\n    fn()\n  File "/home/lijiaxing/.conda/envs/api/lib/python3.10/site-packages/triton/runtime/autotuner.py", line 146, in kernel_call\n    self.fn.run(\n  File "/home/lijiaxing/.conda/envs/api/lib/python3.10/site-packages/triton/runtime/jit.py", line 594, in run\n    kernel = self.compile(src, target=target, options=options.__dict__)\n  File "/home/lijiaxing/.conda/envs/api/lib/python3.10/site-packages/triton/compiler/compiler.py", line 339, in compile\n    module = src.make_ir(options, codegen_fns, module_map, context)\n  File "/home/lijiaxing/.conda/envs/api/lib/python3.10/site-packages/triton/compiler/compiler.py", line 83, in make_ir\n    return ast_to_ttir(self.fn, self, context=context, options=options, codegen_fns=codegen_fns,\ntriton.compiler.errors.CompilationError: at 31:16:\n    if pid >= num_rows:\n        return\n\n    batch_id = pid // (in_channels * height_out)\n    residual = pid % (in_channels * height_out)\n    channel_id = residual // height_out\n    h_out = residual % height_out\n\n    weight_channel_ptr = weight_ptr + channel_id * kernel_size\n\n    # Preload all weights for the kernel\n    k_offsets = tl.arange(0, kernel_size)\n                ^\n\n\nThe above exception was the direct cause of the following exception:\n\nTraceback (most recent call last):\n  File "/home/lijiaxing/.conda/envs/api/lib/python3.10/site-packages/triton/language/core.py", line 42, in wrapper\n    return fn(*args, **kwargs)\n  File "/home/lijiaxing/.conda/envs/api/lib/python3.10/site-packages/triton/language/core.py", line 1654, in arange\n    return _semantic.arange(start, end)\n  File "/home/lijiaxing/.conda/envs/api/lib/python3.10/site-packages/triton/language/semantic.py", line 574, in arange\n    raise ValueError("arange\'s arguments must be of type tl.constexpr")\nValueError: arange\'s arguments must be of type tl.constexpr\n', 'runtime_error_name': 'triton.compiler.errors.CompilationError', 'reference_timing_ms': 0.0273, 'speed_up': -1.0, 'custom_timing': -1.0}, 'runtime': -1.0, 'runtime_stats': {}}}
2025-08-12 17:33:11,205 - openevolve.llm.ensemble - INFO - Sampled model: deepseek
2025-08-12 17:33:11,208 - openevolve.database - INFO - New MAP-Elites cell occupied: {'score': 9, 'complexity': 2}
2025-08-12 17:33:11,208 - openevolve.database - INFO - Population size (26) exceeds limit (25), removing 1 programs
2025-08-12 17:33:11,208 - openevolve.database - INFO - Population size after cleanup: 25
2025-08-12 17:33:11,259 - openevolve.threaded_parallel - INFO - Iteration 8: Program 7a406d5b-9a23-459a-ab0a-a688701830f8 (parent: 65ff553e-25aa-417d-ae68-367a01f30ede) completed in 946.35s
2025-08-12 17:33:11,259 - openevolve.threaded_parallel - INFO - Metrics: compiled=1.0000, correctness=0.0000, score=10.0000, stage=wrong_answer, verify_payload={'id': 'level1_83_conv_depthwise_2D_square_input_asymmetric_kernel', 'result': {'compiled': True, 'correctness': False, 'metadata': {'hardware': 'NVIDIA L20Y', 'device': 'cuda:1', 'runtime_error': 'Traceback (most recent call last):\n  File "/home/lijiaxing/.conda/envs/api/lib/python3.10/site-packages/triton/language/core.py", line 42, in wrapper\n    return fn(*args, **kwargs)\n  File "/home/lijiaxing/.conda/envs/api/lib/python3.10/site-packages/triton/language/core.py", line 1654, in arange\n    return _semantic.arange(start, end)\n  File "/home/lijiaxing/.conda/envs/api/lib/python3.10/site-packages/triton/language/semantic.py", line 574, in arange\n    raise ValueError("arange\'s arguments must be of type tl.constexpr")\nValueError: arange\'s arguments must be of type tl.constexpr\n\nThe above exception was the direct cause of the following exception:\n\nTraceback (most recent call last):\n  File "/cpfs01/shared/llm_kernel/hujiakai/KernelLLM/validation_api_server/helpers/evaluations.py", line 720, in run_and_check_correctness\n    output_new = model_new(*inputs)\n  File "/home/lijiaxing/.conda/envs/api/lib/python3.10/site-packages/torch/nn/modules/module.py", line 1773, in _wrapped_call_impl\n    return self._call_impl(*args, **kwargs)\n  File "/home/lijiaxing/.conda/envs/api/lib/python3.10/site-packages/torch/nn/modules/module.py", line 1784, in _call_impl\n    return forward_call(*args, **kwargs)\n  File "/tmp/tmp63zt_18d.py", line 118, in forward\n    _depthwise_conv2d_kernel[grid](\n  File "/home/lijiaxing/.conda/envs/api/lib/python3.10/site-packages/triton/runtime/jit.py", line 390, in <lambda>\n    return lambda *args, **kwargs: self.run(grid=grid, warmup=False, *args, **kwargs)\n  File "/home/lijiaxing/.conda/envs/api/lib/python3.10/site-packages/triton/runtime/autotuner.py", line 239, in run\n    benchmark()\n  File "/home/lijiaxing/.conda/envs/api/lib/python3.10/site-packages/triton/runtime/autotuner.py", line 228, in benchmark\n    timings = {config: self._bench(*args, config=config, **kwargs) for config in pruned_configs}\n  File "/home/lijiaxing/.conda/envs/api/lib/python3.10/site-packages/triton/runtime/autotuner.py", line 228, in <dictcomp>\n    timings = {config: self._bench(*args, config=config, **kwargs) for config in pruned_configs}\n  File "/home/lijiaxing/.conda/envs/api/lib/python3.10/site-packages/triton/runtime/autotuner.py", line 160, in _bench\n    return self.do_bench(kernel_call, quantiles=(0.5, 0.2, 0.8))\n  File "/home/lijiaxing/.conda/envs/api/lib/python3.10/site-packages/triton/testing.py", line 149, in do_bench\n    fn()\n  File "/home/lijiaxing/.conda/envs/api/lib/python3.10/site-packages/triton/runtime/autotuner.py", line 146, in kernel_call\n    self.fn.run(\n  File "/home/lijiaxing/.conda/envs/api/lib/python3.10/site-packages/triton/runtime/jit.py", line 594, in run\n    kernel = self.compile(src, target=target, options=options.__dict__)\n  File "/home/lijiaxing/.conda/envs/api/lib/python3.10/site-packages/triton/compiler/compiler.py", line 339, in compile\n    module = src.make_ir(options, codegen_fns, module_map, context)\n  File "/home/lijiaxing/.conda/envs/api/lib/python3.10/site-packages/triton/compiler/compiler.py", line 83, in make_ir\n    return ast_to_ttir(self.fn, self, context=context, options=options, codegen_fns=codegen_fns,\ntriton.compiler.errors.CompilationError: at 31:16:\n    if pid >= num_rows:\n        return\n\n    batch_id = pid // (in_channels * height_out)\n    residual = pid % (in_channels * height_out)\n    channel_id = residual // height_out\n    h_out = residual % height_out\n\n    weight_channel_ptr = weight_ptr + channel_id * kernel_size\n\n    # Preload all weights for the kernel\n    k_offsets = tl.arange(0, kernel_size)\n                ^\n\n\nThe above exception was the direct cause of the following exception:\n\nTraceback (most recent call last):\n  File "/home/lijiaxing/.conda/envs/api/lib/python3.10/site-packages/triton/language/core.py", line 42, in wrapper\n    return fn(*args, **kwargs)\n  File "/home/lijiaxing/.conda/envs/api/lib/python3.10/site-packages/triton/language/core.py", line 1654, in arange\n    return _semantic.arange(start, end)\n  File "/home/lijiaxing/.conda/envs/api/lib/python3.10/site-packages/triton/language/semantic.py", line 574, in arange\n    raise ValueError("arange\'s arguments must be of type tl.constexpr")\nValueError: arange\'s arguments must be of type tl.constexpr\n', 'runtime_error_name': 'triton.compiler.errors.CompilationError', 'reference_timing_ms': 0.0273, 'speed_up': -1.0, 'custom_timing': -1.0}, 'runtime': -1.0, 'runtime_stats': {}}}
2025-08-12 17:35:44,765 - openevolve.RemoteSpeedupEvaluator - INFO - [level1_83_conv_depthwise_2D_square_input_asymmetric_kernel] âœ˜ invalid_answer 'import triton' is not found
2025-08-12 17:35:44,766 - openevolve.evaluator - INFO - Evaluated program 0d53aef2-4905-46bd-92fd-f53292bfea75 in 0.00s: compiled=0.0000, correctness=0.0000, score=-100.0000, stage=no_valid_triton_code, feedback=You need to generate real and valid triton code for the core function. The key word 'import triton' is not found.
2025-08-12 17:35:44,768 - openevolve.database - INFO - New MAP-Elites cell occupied: {'score': -1000, 'complexity': 0}
2025-08-12 17:35:44,768 - openevolve.database - INFO - Population size (26) exceeds limit (25), removing 1 programs
2025-08-12 17:35:44,769 - openevolve.database - INFO - Population size after cleanup: 25
2025-08-12 17:35:44,771 - openevolve.llm.ensemble - INFO - Sampled model: deepseek
2025-08-12 17:35:44,780 - openevolve.threaded_parallel - INFO - Iteration 12: Program 0d53aef2-4905-46bd-92fd-f53292bfea75 (parent: b209fcf8-8ad2-4402-8da0-7adfece9b821) completed in 379.61s
2025-08-12 17:35:44,780 - openevolve.threaded_parallel - INFO - Metrics: compiled=0.0000, correctness=0.0000, score=-100.0000, stage=no_valid_triton_code, feedback=You need to generate real and valid triton code for the core function. The key word 'import triton' is not found.
2025-08-12 17:35:44,781 - openevolve.threaded_parallel - INFO - Checkpoint interval reached at iteration 12
2025-08-12 17:35:44,782 - openevolve.database - INFO - Island Status:
2025-08-12 17:35:44,782 - openevolve.database - INFO -    Island 0: 9 programs, best=20.0000, avg=15.5556, diversity=45.17, gen=5 (best: 65ff553e-25aa-417d-ae68-367a01f30ede)
2025-08-12 17:35:44,782 - openevolve.database - INFO -    Island 1: 9 programs, best=20.0000, avg=2.2222, diversity=780.67, gen=4 (best: cb6551f9-43ca-4a76-8ccc-82c4ed562a3e)
2025-08-12 17:35:44,782 - openevolve.database - INFO -  * Island 2: 7 programs, best=20.0000, avg=12.8571, diversity=87.83, gen=4 (best: be2f0206-71c9-4ec7-babd-37e82f64fbab)
2025-08-12 17:35:45,058 - openevolve.database - INFO - Saved database with 25 programs to openevolve_output/level1_83_conv_depthwise_2D_square_input_asymmetric_kernel/checkpoints/checkpoint_12
2025-08-12 17:35:45,066 - openevolve.controller - INFO - Saved best program at checkpoint 12 with metrics: compiled=1.0000, correctness=1.0000, stage=success, passed=0.0000, score=20.0000, speed_up=0.4860, runtime_ms=0.0562, meta={'hardware': 'NVIDIA L20Y', 'device': 'cuda:4', 'correctness_trials': '(5 / 5)', 'reference_timing_ms': 0.0273, 'speed_up': 0.486, 'custom_timing': 0.0562}
2025-08-12 17:35:45,066 - openevolve.controller - INFO - Saved checkpoint at iteration 12 to openevolve_output/level1_83_conv_depthwise_2D_square_input_asymmetric_kernel/checkpoints/checkpoint_12
2025-08-12 17:40:11,259 - openevolve.RemoteSpeedupEvaluator - INFO - [level1_83_conv_depthwise_2D_square_input_asymmetric_kernel] âœ˜ invalid_answer 'import triton' is not found
2025-08-12 17:40:11,260 - openevolve.evaluator - INFO - Evaluated program 74d8be5e-9b8e-4579-bd45-4b6ba3136499 in 0.00s: compiled=0.0000, correctness=0.0000, score=-100.0000, stage=no_valid_triton_code, feedback=You need to generate real and valid triton code for the core function. The key word 'import triton' is not found.
2025-08-12 17:40:11,263 - openevolve.database - INFO - Population size (26) exceeds limit (25), removing 1 programs
2025-08-12 17:40:11,263 - openevolve.database - INFO - Population size after cleanup: 25
2025-08-12 17:40:11,264 - openevolve.llm.ensemble - INFO - Sampled model: deepseek
2025-08-12 17:40:11,275 - openevolve.threaded_parallel - INFO - Iteration 13: Program 74d8be5e-9b8e-4579-bd45-4b6ba3136499 (parent: 3550dff9-08e7-480c-a650-c90d490dacb4) completed in 425.36s
2025-08-12 17:40:11,275 - openevolve.threaded_parallel - INFO - Metrics: compiled=0.0000, correctness=0.0000, score=-100.0000, stage=no_valid_triton_code, feedback=You need to generate real and valid triton code for the core function. The key word 'import triton' is not found.
2025-08-12 17:43:09,842 - openevolve.RemoteSpeedupEvaluator - INFO - [level1_83_conv_depthwise_2D_square_input_asymmetric_kernel] triton key words check pass
2025-08-12 17:43:09,842 - openevolve.RemoteSpeedupEvaluator - INFO - [level1_83_conv_depthwise_2D_square_input_asymmetric_kernel] verify_plus payload: reference_code(1671 chars) + custom_code(4367 chars)
2025-08-12 17:43:12,682 - openevolve.RemoteSpeedupEvaluator - INFO - [level1_83_conv_depthwise_2D_square_input_asymmetric_kernel] verify_plus request success
2025-08-12 17:43:12,682 - openevolve.RemoteSpeedupEvaluator - INFO - [level1_83_conv_depthwise_2D_square_input_asymmetric_kernel] verify_plus response: {"id":"level1_83_conv_depthwise_2D_square_input_asymmetric_kernel","result":{"compiled":true,"correctness":false,"metadata":{"hardware":"NVIDIA L20Y","device":"cuda:2","runtime_error":"Traceback (most recent call last):\n  File \"/home/lijiaxing/.conda/envs/api/lib/python3.10/site-packages/triton/language/core.py\", line 42, in wrapper\n    return fn(*args, **kwargs)\n  File \"/home/lijiaxing/.conda/envs/api/lib/python3.10/site-packages/triton/language/core.py\", line 1654, in arange\n    return _semantic.arange(start, end)\n  File \"/home/lijiaxing/.conda/envs/api/lib/python3.10/site-packages/triton/language/semantic.py\", line 583, in arange\n    raise ValueError(\"arange's range must be a power of 2\")\nValueError: arange's range must be a power of 2\n\nThe above exception was the direc
2025-08-12 17:43:12,682 - openevolve.RemoteSpeedupEvaluator - INFO - [level1_83_conv_depthwise_2D_square_input_asymmetric_kernel] âœ˜ wrong_answer
2025-08-12 17:43:12,682 - openevolve.evaluator - INFO - Evaluated program f69b449f-dacc-4671-9ec6-87ba7376eb2f in 2.84s: compiled=1.0000, correctness=0.0000, score=10.0000, stage=wrong_answer, verify_payload={'id': 'level1_83_conv_depthwise_2D_square_input_asymmetric_kernel', 'result': {'compiled': True, 'correctness': False, 'metadata': {'hardware': 'NVIDIA L20Y', 'device': 'cuda:2', 'runtime_error': 'Traceback (most recent call last):\n  File "/home/lijiaxing/.conda/envs/api/lib/python3.10/site-packages/triton/language/core.py", line 42, in wrapper\n    return fn(*args, **kwargs)\n  File "/home/lijiaxing/.conda/envs/api/lib/python3.10/site-packages/triton/language/core.py", line 1654, in arange\n    return _semantic.arange(start, end)\n  File "/home/lijiaxing/.conda/envs/api/lib/python3.10/site-packages/triton/language/semantic.py", line 583, in arange\n    raise ValueError("arange\'s range must be a power of 2")\nValueError: arange\'s range must be a power of 2\n\nThe above exception was the direct cause of the following exception:\n\nTraceback (most recent call last):\n  File "/cpfs01/shared/llm_kernel/hujiakai/KernelLLM/validation_api_server/helpers/evaluations.py", line 720, in run_and_check_correctness\n    output_new = model_new(*inputs)\n  File "/home/lijiaxing/.conda/envs/api/lib/python3.10/site-packages/torch/nn/modules/module.py", line 1773, in _wrapped_call_impl\n    return self._call_impl(*args, **kwargs)\n  File "/home/lijiaxing/.conda/envs/api/lib/python3.10/site-packages/torch/nn/modules/module.py", line 1784, in _call_impl\n    return forward_call(*args, **kwargs)\n  File "/tmp/tmpqfs4hy22.py", line 111, in forward\n    _depthwise_conv2d_kernel[grid](\n  File "/home/lijiaxing/.conda/envs/api/lib/python3.10/site-packages/triton/runtime/jit.py", line 390, in <lambda>\n    return lambda *args, **kwargs: self.run(grid=grid, warmup=False, *args, **kwargs)\n  File "/home/lijiaxing/.conda/envs/api/lib/python3.10/site-packages/triton/runtime/jit.py", line 594, in run\n    kernel = self.compile(src, target=target, options=options.__dict__)\n  File "/home/lijiaxing/.conda/envs/api/lib/python3.10/site-packages/triton/compiler/compiler.py", line 339, in compile\n    module = src.make_ir(options, codegen_fns, module_map, context)\n  File "/home/lijiaxing/.conda/envs/api/lib/python3.10/site-packages/triton/compiler/compiler.py", line 83, in make_ir\n    return ast_to_ttir(self.fn, self, context=context, options=options, codegen_fns=codegen_fns,\ntriton.compiler.errors.CompilationError: at 31:14:\n    if pid >= total_rows:\n        return\n\n    batch_id = pid // (in_channels * height_out)\n    residual = pid % (in_channels * height_out)\n    channel_id = residual // height_out\n    h_out = residual % height_out\n\n    weight_channel_ptr = weight_ptr + channel_id * kernel_size\n\n    # Preload kernel weights for entire channel\n    k_range = tl.arange(0, kernel_size)\n              ^\n\n\nThe above exception was the direct cause of the following exception:\n\nTraceback (most recent call last):\n  File "/home/lijiaxing/.conda/envs/api/lib/python3.10/site-packages/triton/language/core.py", line 42, in wrapper\n    return fn(*args, **kwargs)\n  File "/home/lijiaxing/.conda/envs/api/lib/python3.10/site-packages/triton/language/core.py", line 1654, in arange\n    return _semantic.arange(start, end)\n  File "/home/lijiaxing/.conda/envs/api/lib/python3.10/site-packages/triton/language/semantic.py", line 583, in arange\n    raise ValueError("arange\'s range must be a power of 2")\nValueError: arange\'s range must be a power of 2\n', 'runtime_error_name': 'triton.compiler.errors.CompilationError', 'reference_timing_ms': 0.0273, 'speed_up': -1.0, 'custom_timing': -1.0}, 'runtime': -1.0, 'runtime_stats': {}}}
2025-08-12 17:43:12,685 - openevolve.database - INFO - Population size (26) exceeds limit (25), removing 1 programs
2025-08-12 17:43:12,685 - openevolve.database - INFO - Population size after cleanup: 25
2025-08-12 17:43:12,686 - openevolve.llm.ensemble - INFO - Sampled model: deepseek
2025-08-12 17:43:12,694 - openevolve.threaded_parallel - INFO - Iteration 15: Program f69b449f-dacc-4671-9ec6-87ba7376eb2f (parent: cb6551f9-43ca-4a76-8ccc-82c4ed562a3e) completed in 447.91s
2025-08-12 17:43:12,694 - openevolve.threaded_parallel - INFO - Metrics: compiled=1.0000, correctness=0.0000, score=10.0000, stage=wrong_answer, verify_payload={'id': 'level1_83_conv_depthwise_2D_square_input_asymmetric_kernel', 'result': {'compiled': True, 'correctness': False, 'metadata': {'hardware': 'NVIDIA L20Y', 'device': 'cuda:2', 'runtime_error': 'Traceback (most recent call last):\n  File "/home/lijiaxing/.conda/envs/api/lib/python3.10/site-packages/triton/language/core.py", line 42, in wrapper\n    return fn(*args, **kwargs)\n  File "/home/lijiaxing/.conda/envs/api/lib/python3.10/site-packages/triton/language/core.py", line 1654, in arange\n    return _semantic.arange(start, end)\n  File "/home/lijiaxing/.conda/envs/api/lib/python3.10/site-packages/triton/language/semantic.py", line 583, in arange\n    raise ValueError("arange\'s range must be a power of 2")\nValueError: arange\'s range must be a power of 2\n\nThe above exception was the direct cause of the following exception:\n\nTraceback (most recent call last):\n  File "/cpfs01/shared/llm_kernel/hujiakai/KernelLLM/validation_api_server/helpers/evaluations.py", line 720, in run_and_check_correctness\n    output_new = model_new(*inputs)\n  File "/home/lijiaxing/.conda/envs/api/lib/python3.10/site-packages/torch/nn/modules/module.py", line 1773, in _wrapped_call_impl\n    return self._call_impl(*args, **kwargs)\n  File "/home/lijiaxing/.conda/envs/api/lib/python3.10/site-packages/torch/nn/modules/module.py", line 1784, in _call_impl\n    return forward_call(*args, **kwargs)\n  File "/tmp/tmpqfs4hy22.py", line 111, in forward\n    _depthwise_conv2d_kernel[grid](\n  File "/home/lijiaxing/.conda/envs/api/lib/python3.10/site-packages/triton/runtime/jit.py", line 390, in <lambda>\n    return lambda *args, **kwargs: self.run(grid=grid, warmup=False, *args, **kwargs)\n  File "/home/lijiaxing/.conda/envs/api/lib/python3.10/site-packages/triton/runtime/jit.py", line 594, in run\n    kernel = self.compile(src, target=target, options=options.__dict__)\n  File "/home/lijiaxing/.conda/envs/api/lib/python3.10/site-packages/triton/compiler/compiler.py", line 339, in compile\n    module = src.make_ir(options, codegen_fns, module_map, context)\n  File "/home/lijiaxing/.conda/envs/api/lib/python3.10/site-packages/triton/compiler/compiler.py", line 83, in make_ir\n    return ast_to_ttir(self.fn, self, context=context, options=options, codegen_fns=codegen_fns,\ntriton.compiler.errors.CompilationError: at 31:14:\n    if pid >= total_rows:\n        return\n\n    batch_id = pid // (in_channels * height_out)\n    residual = pid % (in_channels * height_out)\n    channel_id = residual // height_out\n    h_out = residual % height_out\n\n    weight_channel_ptr = weight_ptr + channel_id * kernel_size\n\n    # Preload kernel weights for entire channel\n    k_range = tl.arange(0, kernel_size)\n              ^\n\n\nThe above exception was the direct cause of the following exception:\n\nTraceback (most recent call last):\n  File "/home/lijiaxing/.conda/envs/api/lib/python3.10/site-packages/triton/language/core.py", line 42, in wrapper\n    return fn(*args, **kwargs)\n  File "/home/lijiaxing/.conda/envs/api/lib/python3.10/site-packages/triton/language/core.py", line 1654, in arange\n    return _semantic.arange(start, end)\n  File "/home/lijiaxing/.conda/envs/api/lib/python3.10/site-packages/triton/language/semantic.py", line 583, in arange\n    raise ValueError("arange\'s range must be a power of 2")\nValueError: arange\'s range must be a power of 2\n', 'runtime_error_name': 'triton.compiler.errors.CompilationError', 'reference_timing_ms': 0.0273, 'speed_up': -1.0, 'custom_timing': -1.0}, 'runtime': -1.0, 'runtime_stats': {}}}
2025-08-12 17:43:12,694 - openevolve.threaded_parallel - INFO - Checkpoint interval reached at iteration 15
2025-08-12 17:43:12,696 - openevolve.database - INFO - Island Status:
2025-08-12 17:43:12,696 - openevolve.database - INFO -    Island 0: 10 programs, best=20.0000, avg=15.0000, diversity=45.17, gen=6 (best: 65ff553e-25aa-417d-ae68-367a01f30ede)
2025-08-12 17:43:12,696 - openevolve.database - INFO -  * Island 1: 8 programs, best=20.0000, avg=15.0000, diversity=176.62, gen=5 (best: cb6551f9-43ca-4a76-8ccc-82c4ed562a3e)
2025-08-12 17:43:12,696 - openevolve.database - INFO -    Island 2: 7 programs, best=20.0000, avg=12.8571, diversity=87.83, gen=4 (best: be2f0206-71c9-4ec7-babd-37e82f64fbab)
2025-08-12 17:43:12,958 - openevolve.database - INFO - Saved database with 25 programs to openevolve_output/level1_83_conv_depthwise_2D_square_input_asymmetric_kernel/checkpoints/checkpoint_15
2025-08-12 17:43:12,965 - openevolve.controller - INFO - Saved best program at checkpoint 15 with metrics: compiled=1.0000, correctness=1.0000, stage=success, passed=0.0000, score=20.0000, speed_up=0.4860, runtime_ms=0.0562, meta={'hardware': 'NVIDIA L20Y', 'device': 'cuda:4', 'correctness_trials': '(5 / 5)', 'reference_timing_ms': 0.0273, 'speed_up': 0.486, 'custom_timing': 0.0562}
2025-08-12 17:43:12,965 - openevolve.controller - INFO - Saved checkpoint at iteration 15 to openevolve_output/level1_83_conv_depthwise_2D_square_input_asymmetric_kernel/checkpoints/checkpoint_15
2025-08-12 17:43:22,109 - openevolve.RemoteSpeedupEvaluator - INFO - [level1_83_conv_depthwise_2D_square_input_asymmetric_kernel] triton key words check pass
2025-08-12 17:43:22,110 - openevolve.RemoteSpeedupEvaluator - INFO - [level1_83_conv_depthwise_2D_square_input_asymmetric_kernel] verify_plus payload: reference_code(1671 chars) + custom_code(4162 chars)
2025-08-12 17:43:25,164 - openevolve.RemoteSpeedupEvaluator - INFO - [level1_83_conv_depthwise_2D_square_input_asymmetric_kernel] verify_plus request success
2025-08-12 17:43:25,164 - openevolve.RemoteSpeedupEvaluator - INFO - [level1_83_conv_depthwise_2D_square_input_asymmetric_kernel] verify_plus response: {"id":"level1_83_conv_depthwise_2D_square_input_asymmetric_kernel","result":{"compiled":true,"correctness":true,"metadata":{"hardware":"NVIDIA L20Y","device":"cuda:3","correctness_trials":"(5 / 5)","reference_timing_ms":0.0273,"speed_up":0.47,"custom_timing":0.0581},"runtime":0.0581,"runtime_stats":{"mean":0.0581,"std":0.0033,"min":0.0541,"max":0.0754,"num_trials":100,"hardware":"NVIDIA L20Y","device":"cuda:3"}}}
2025-08-12 17:43:25,164 - openevolve.RemoteSpeedupEvaluator - INFO - [level1_83_conv_depthwise_2D_square_input_asymmetric_kernel] âœ” success | speed_up=0.470  score=20.00
2025-08-12 17:43:25,165 - openevolve.evaluator - INFO - Evaluated program f640344a-6aad-42be-89bc-30c0bfa9b179 in 3.06s: compiled=1.0000, correctness=1.0000, stage=success, passed=0.0000, score=20.0000, speed_up=0.4700, runtime_ms=0.0581, meta={'hardware': 'NVIDIA L20Y', 'device': 'cuda:3', 'correctness_trials': '(5 / 5)', 'reference_timing_ms': 0.0273, 'speed_up': 0.47, 'custom_timing': 0.0581}
2025-08-12 17:43:25,169 - openevolve.llm.ensemble - INFO - Sampled model: deepseek
2025-08-12 17:43:25,176 - openevolve.database - INFO - Population size (26) exceeds limit (25), removing 1 programs
2025-08-12 17:43:25,176 - openevolve.database - INFO - Population size after cleanup: 25
2025-08-12 17:43:25,188 - openevolve.threaded_parallel - INFO - Iteration 14: Program f640344a-6aad-42be-89bc-30c0bfa9b179 (parent: 8774e322-ccb9-4c81-8845-ee2c27934371) completed in 613.96s
2025-08-12 17:43:25,188 - openevolve.threaded_parallel - INFO - Metrics: compiled=1.0000, correctness=1.0000, stage=success, passed=0.0000, score=20.0000, speed_up=0.4700, runtime_ms=0.0581, meta={'hardware': 'NVIDIA L20Y', 'device': 'cuda:3', 'correctness_trials': '(5 / 5)', 'reference_timing_ms': 0.0273, 'speed_up': 0.47, 'custom_timing': 0.0581}
2025-08-12 17:48:45,152 - openevolve.RemoteSpeedupEvaluator - INFO - [level1_83_conv_depthwise_2D_square_input_asymmetric_kernel] triton key words check pass
2025-08-12 17:48:45,154 - openevolve.RemoteSpeedupEvaluator - INFO - [level1_83_conv_depthwise_2D_square_input_asymmetric_kernel] verify_plus payload: reference_code(1671 chars) + custom_code(4858 chars)
2025-08-12 17:48:48,029 - openevolve.RemoteSpeedupEvaluator - INFO - [level1_83_conv_depthwise_2D_square_input_asymmetric_kernel] verify_plus request success
2025-08-12 17:48:48,030 - openevolve.RemoteSpeedupEvaluator - INFO - [level1_83_conv_depthwise_2D_square_input_asymmetric_kernel] verify_plus response: {"id":"level1_83_conv_depthwise_2D_square_input_asymmetric_kernel","result":{"compiled":true,"correctness":false,"metadata":{"hardware":"NVIDIA L20Y","device":"cuda:0","runtime_error":"Traceback (most recent call last):\n  File \"/home/lijiaxing/.conda/envs/api/lib/python3.10/site-packages/triton/language/core.py\", line 42, in wrapper\n    return fn(*args, **kwargs)\n  File \"/home/lijiaxing/.conda/envs/api/lib/python3.10/site-packages/triton/language/core.py\", line 1654, in arange\n    return _semantic.arange(start, end)\n  File \"/home/lijiaxing/.conda/envs/api/lib/python3.10/site-packages/triton/language/semantic.py\", line 583, in arange\n    raise ValueError(\"arange's range must be a power of 2\")\nValueError: arange's range must be a power of 2\n\nThe above exception was the direc
2025-08-12 17:48:48,030 - openevolve.RemoteSpeedupEvaluator - INFO - [level1_83_conv_depthwise_2D_square_input_asymmetric_kernel] âœ˜ wrong_answer
2025-08-12 17:48:48,030 - openevolve.evaluator - INFO - Evaluated program 802e2c78-885b-42e7-acf9-a09826a454fb in 2.88s: compiled=1.0000, correctness=0.0000, score=10.0000, stage=wrong_answer, verify_payload={'id': 'level1_83_conv_depthwise_2D_square_input_asymmetric_kernel', 'result': {'compiled': True, 'correctness': False, 'metadata': {'hardware': 'NVIDIA L20Y', 'device': 'cuda:0', 'runtime_error': 'Traceback (most recent call last):\n  File "/home/lijiaxing/.conda/envs/api/lib/python3.10/site-packages/triton/language/core.py", line 42, in wrapper\n    return fn(*args, **kwargs)\n  File "/home/lijiaxing/.conda/envs/api/lib/python3.10/site-packages/triton/language/core.py", line 1654, in arange\n    return _semantic.arange(start, end)\n  File "/home/lijiaxing/.conda/envs/api/lib/python3.10/site-packages/triton/language/semantic.py", line 583, in arange\n    raise ValueError("arange\'s range must be a power of 2")\nValueError: arange\'s range must be a power of 2\n\nThe above exception was the direct cause of the following exception:\n\nTraceback (most recent call last):\n  File "/cpfs01/shared/llm_kernel/hujiakai/KernelLLM/validation_api_server/helpers/evaluations.py", line 720, in run_and_check_correctness\n    output_new = model_new(*inputs)\n  File "/home/lijiaxing/.conda/envs/api/lib/python3.10/site-packages/torch/nn/modules/module.py", line 1773, in _wrapped_call_impl\n    return self._call_impl(*args, **kwargs)\n  File "/home/lijiaxing/.conda/envs/api/lib/python3.10/site-packages/torch/nn/modules/module.py", line 1784, in _call_impl\n    return forward_call(*args, **kwargs)\n  File "/tmp/tmpmb1ii27d.py", line 106, in forward\n    _depthwise_conv1d_kernel[grid](\n  File "/home/lijiaxing/.conda/envs/api/lib/python3.10/site-packages/triton/runtime/jit.py", line 390, in <lambda>\n    return lambda *args, **kwargs: self.run(grid=grid, warmup=False, *args, **kwargs)\n  File "/home/lijiaxing/.conda/envs/api/lib/python3.10/site-packages/triton/runtime/jit.py", line 594, in run\n    kernel = self.compile(src, target=target, options=options.__dict__)\n  File "/home/lijiaxing/.conda/envs/api/lib/python3.10/site-packages/triton/compiler/compiler.py", line 339, in compile\n    module = src.make_ir(options, codegen_fns, module_map, context)\n  File "/home/lijiaxing/.conda/envs/api/lib/python3.10/site-packages/triton/compiler/compiler.py", line 83, in make_ir\n    return ast_to_ttir(self.fn, self, context=context, options=options, codegen_fns=codegen_fns,\ntriton.compiler.errors.CompilationError: at 24:16:\n        return\n\n    batch_id = pid // (in_channels * out_height)\n    residual = pid % (in_channels * out_height)\n    channel_id = residual // out_height\n    oh_index = residual % out_height\n\n    base_row = oh_index * stride - padding\n    weight_ptr_channel = weight_ptr + channel_id * kernel_size\n\n    # Preload all weights for the kernel\n    k_offsets = tl.arange(0, kernel_size)\n                ^\n\n\nThe above exception was the direct cause of the following exception:\n\nTraceback (most recent call last):\n  File "/home/lijiaxing/.conda/envs/api/lib/python3.10/site-packages/triton/language/core.py", line 42, in wrapper\n    return fn(*args, **kwargs)\n  File "/home/lijiaxing/.conda/envs/api/lib/python3.10/site-packages/triton/language/core.py", line 1654, in arange\n    return _semantic.arange(start, end)\n  File "/home/lijiaxing/.conda/envs/api/lib/python3.10/site-packages/triton/language/semantic.py", line 583, in arange\n    raise ValueError("arange\'s range must be a power of 2")\nValueError: arange\'s range must be a power of 2\n', 'runtime_error_name': 'triton.compiler.errors.CompilationError', 'reference_timing_ms': 0.0273, 'speed_up': -1.0, 'custom_timing': -1.0}, 'runtime': -1.0, 'runtime_stats': {}}}
2025-08-12 17:48:48,035 - openevolve.database - INFO - New MAP-Elites cell occupied: {'score': 9, 'complexity': 5}
2025-08-12 17:48:48,035 - openevolve.database - INFO - Population size (26) exceeds limit (25), removing 1 programs
2025-08-12 17:48:48,036 - openevolve.database - INFO - Population size after cleanup: 25
2025-08-12 17:48:48,036 - openevolve.llm.ensemble - INFO - Sampled model: deepseek
2025-08-12 17:48:48,048 - openevolve.threaded_parallel - INFO - Iteration 17: Program 802e2c78-885b-42e7-acf9-a09826a454fb (parent: 8774e322-ccb9-4c81-8845-ee2c27934371) completed in 335.34s
2025-08-12 17:48:48,048 - openevolve.threaded_parallel - INFO - Metrics: compiled=1.0000, correctness=0.0000, score=10.0000, stage=wrong_answer, verify_payload={'id': 'level1_83_conv_depthwise_2D_square_input_asymmetric_kernel', 'result': {'compiled': True, 'correctness': False, 'metadata': {'hardware': 'NVIDIA L20Y', 'device': 'cuda:0', 'runtime_error': 'Traceback (most recent call last):\n  File "/home/lijiaxing/.conda/envs/api/lib/python3.10/site-packages/triton/language/core.py", line 42, in wrapper\n    return fn(*args, **kwargs)\n  File "/home/lijiaxing/.conda/envs/api/lib/python3.10/site-packages/triton/language/core.py", line 1654, in arange\n    return _semantic.arange(start, end)\n  File "/home/lijiaxing/.conda/envs/api/lib/python3.10/site-packages/triton/language/semantic.py", line 583, in arange\n    raise ValueError("arange\'s range must be a power of 2")\nValueError: arange\'s range must be a power of 2\n\nThe above exception was the direct cause of the following exception:\n\nTraceback (most recent call last):\n  File "/cpfs01/shared/llm_kernel/hujiakai/KernelLLM/validation_api_server/helpers/evaluations.py", line 720, in run_and_check_correctness\n    output_new = model_new(*inputs)\n  File "/home/lijiaxing/.conda/envs/api/lib/python3.10/site-packages/torch/nn/modules/module.py", line 1773, in _wrapped_call_impl\n    return self._call_impl(*args, **kwargs)\n  File "/home/lijiaxing/.conda/envs/api/lib/python3.10/site-packages/torch/nn/modules/module.py", line 1784, in _call_impl\n    return forward_call(*args, **kwargs)\n  File "/tmp/tmpmb1ii27d.py", line 106, in forward\n    _depthwise_conv1d_kernel[grid](\n  File "/home/lijiaxing/.conda/envs/api/lib/python3.10/site-packages/triton/runtime/jit.py", line 390, in <lambda>\n    return lambda *args, **kwargs: self.run(grid=grid, warmup=False, *args, **kwargs)\n  File "/home/lijiaxing/.conda/envs/api/lib/python3.10/site-packages/triton/runtime/jit.py", line 594, in run\n    kernel = self.compile(src, target=target, options=options.__dict__)\n  File "/home/lijiaxing/.conda/envs/api/lib/python3.10/site-packages/triton/compiler/compiler.py", line 339, in compile\n    module = src.make_ir(options, codegen_fns, module_map, context)\n  File "/home/lijiaxing/.conda/envs/api/lib/python3.10/site-packages/triton/compiler/compiler.py", line 83, in make_ir\n    return ast_to_ttir(self.fn, self, context=context, options=options, codegen_fns=codegen_fns,\ntriton.compiler.errors.CompilationError: at 24:16:\n        return\n\n    batch_id = pid // (in_channels * out_height)\n    residual = pid % (in_channels * out_height)\n    channel_id = residual // out_height\n    oh_index = residual % out_height\n\n    base_row = oh_index * stride - padding\n    weight_ptr_channel = weight_ptr + channel_id * kernel_size\n\n    # Preload all weights for the kernel\n    k_offsets = tl.arange(0, kernel_size)\n                ^\n\n\nThe above exception was the direct cause of the following exception:\n\nTraceback (most recent call last):\n  File "/home/lijiaxing/.conda/envs/api/lib/python3.10/site-packages/triton/language/core.py", line 42, in wrapper\n    return fn(*args, **kwargs)\n  File "/home/lijiaxing/.conda/envs/api/lib/python3.10/site-packages/triton/language/core.py", line 1654, in arange\n    return _semantic.arange(start, end)\n  File "/home/lijiaxing/.conda/envs/api/lib/python3.10/site-packages/triton/language/semantic.py", line 583, in arange\n    raise ValueError("arange\'s range must be a power of 2")\nValueError: arange\'s range must be a power of 2\n', 'runtime_error_name': 'triton.compiler.errors.CompilationError', 'reference_timing_ms': 0.0273, 'speed_up': -1.0, 'custom_timing': -1.0}, 'runtime': -1.0, 'runtime_stats': {}}}
2025-08-12 17:50:00,008 - openevolve.RemoteSpeedupEvaluator - INFO - [level1_83_conv_depthwise_2D_square_input_asymmetric_kernel] triton key words check pass
2025-08-12 17:50:00,008 - openevolve.RemoteSpeedupEvaluator - INFO - [level1_83_conv_depthwise_2D_square_input_asymmetric_kernel] verify_plus payload: reference_code(1671 chars) + custom_code(4422 chars)
2025-08-12 17:50:03,316 - openevolve.RemoteSpeedupEvaluator - INFO - [level1_83_conv_depthwise_2D_square_input_asymmetric_kernel] verify_plus request success
2025-08-12 17:50:03,317 - openevolve.RemoteSpeedupEvaluator - INFO - [level1_83_conv_depthwise_2D_square_input_asymmetric_kernel] verify_plus response: {"id":"level1_83_conv_depthwise_2D_square_input_asymmetric_kernel","result":{"compiled":true,"correctness":false,"metadata":{"hardware":"NVIDIA L20Y","device":"cuda:7","runtime_error":"Traceback (most recent call last):\n  File \"/home/lijiaxing/.conda/envs/api/lib/python3.10/site-packages/triton/language/core.py\", line 42, in wrapper\n    return fn(*args, **kwargs)\n  File \"/home/lijiaxing/.conda/envs/api/lib/python3.10/site-packages/triton/language/core.py\", line 1654, in arange\n    return _semantic.arange(start, end)\n  File \"/home/lijiaxing/.conda/envs/api/lib/python3.10/site-packages/triton/language/semantic.py\", line 583, in arange\n    raise ValueError(\"arange's range must be a power of 2\")\nValueError: arange's range must be a power of 2\n\nThe above exception was the direc
2025-08-12 17:50:03,317 - openevolve.RemoteSpeedupEvaluator - INFO - [level1_83_conv_depthwise_2D_square_input_asymmetric_kernel] âœ˜ wrong_answer
2025-08-12 17:50:03,317 - openevolve.evaluator - INFO - Evaluated program 3d313ff9-2f72-499b-975d-aa44216659fb in 3.31s: compiled=1.0000, correctness=0.0000, score=10.0000, stage=wrong_answer, verify_payload={'id': 'level1_83_conv_depthwise_2D_square_input_asymmetric_kernel', 'result': {'compiled': True, 'correctness': False, 'metadata': {'hardware': 'NVIDIA L20Y', 'device': 'cuda:7', 'runtime_error': 'Traceback (most recent call last):\n  File "/home/lijiaxing/.conda/envs/api/lib/python3.10/site-packages/triton/language/core.py", line 42, in wrapper\n    return fn(*args, **kwargs)\n  File "/home/lijiaxing/.conda/envs/api/lib/python3.10/site-packages/triton/language/core.py", line 1654, in arange\n    return _semantic.arange(start, end)\n  File "/home/lijiaxing/.conda/envs/api/lib/python3.10/site-packages/triton/language/semantic.py", line 583, in arange\n    raise ValueError("arange\'s range must be a power of 2")\nValueError: arange\'s range must be a power of 2\n\nThe above exception was the direct cause of the following exception:\n\nTraceback (most recent call last):\n  File "/cpfs01/shared/llm_kernel/hujiakai/KernelLLM/validation_api_server/helpers/evaluations.py", line 720, in run_and_check_correctness\n    output_new = model_new(*inputs)\n  File "/home/lijiaxing/.conda/envs/api/lib/python3.10/site-packages/torch/nn/modules/module.py", line 1773, in _wrapped_call_impl\n    return self._call_impl(*args, **kwargs)\n  File "/home/lijiaxing/.conda/envs/api/lib/python3.10/site-packages/torch/nn/modules/module.py", line 1784, in _call_impl\n    return forward_call(*args, **kwargs)\n  File "/tmp/tmpk3cqnybb.py", line 92, in forward\n    depthwise_vertical_conv_kernel[grid](\n  File "/home/lijiaxing/.conda/envs/api/lib/python3.10/site-packages/triton/runtime/jit.py", line 390, in <lambda>\n    return lambda *args, **kwargs: self.run(grid=grid, warmup=False, *args, **kwargs)\n  File "/home/lijiaxing/.conda/envs/api/lib/python3.10/site-packages/triton/runtime/jit.py", line 594, in run\n    kernel = self.compile(src, target=target, options=options.__dict__)\n  File "/home/lijiaxing/.conda/envs/api/lib/python3.10/site-packages/triton/compiler/compiler.py", line 339, in compile\n    module = src.make_ir(options, codegen_fns, module_map, context)\n  File "/home/lijiaxing/.conda/envs/api/lib/python3.10/site-packages/triton/compiler/compiler.py", line 83, in make_ir\n    return ast_to_ttir(self.fn, self, context=context, options=options, codegen_fns=codegen_fns,\ntriton.compiler.errors.CompilationError: at 21:51:\n    pid = tl.program_id(0)\n    num_rows = batch_size * in_channels * output_height\n    if pid >= num_rows:\n        return\n\n    batch_idx = pid // (in_channels * output_height)\n    residual = pid % (in_channels * output_height)\n    channel_idx = residual // output_height\n    h_out = residual % output_height\n\n    weight_offset = channel_idx * kernel_size\n    weights = tl.load(weight_ptr + weight_offset + tl.arange(0, kernel_size))\n                                                   ^\n\n\nThe above exception was the direct cause of the following exception:\n\nTraceback (most recent call last):\n  File "/home/lijiaxing/.conda/envs/api/lib/python3.10/site-packages/triton/language/core.py", line 42, in wrapper\n    return fn(*args, **kwargs)\n  File "/home/lijiaxing/.conda/envs/api/lib/python3.10/site-packages/triton/language/core.py", line 1654, in arange\n    return _semantic.arange(start, end)\n  File "/home/lijiaxing/.conda/envs/api/lib/python3.10/site-packages/triton/language/semantic.py", line 583, in arange\n    raise ValueError("arange\'s range must be a power of 2")\nValueError: arange\'s range must be a power of 2\n', 'runtime_error_name': 'triton.compiler.errors.CompilationError', 'reference_timing_ms': 0.0273, 'speed_up': -1.0, 'custom_timing': -1.0}, 'runtime': -1.0, 'runtime_stats': {}}}
2025-08-12 17:50:03,323 - openevolve.llm.ensemble - INFO - Sampled model: deepseek
2025-08-12 17:50:03,328 - openevolve.database - INFO - Population size (26) exceeds limit (25), removing 1 programs
2025-08-12 17:50:03,328 - openevolve.database - INFO - Population size after cleanup: 25
2025-08-12 17:50:03,340 - openevolve.threaded_parallel - INFO - Iteration 18: Program 3d313ff9-2f72-499b-975d-aa44216659fb (parent: b209fcf8-8ad2-4402-8da0-7adfece9b821) completed in 398.15s
2025-08-12 17:50:03,340 - openevolve.threaded_parallel - INFO - Metrics: compiled=1.0000, correctness=0.0000, score=10.0000, stage=wrong_answer, verify_payload={'id': 'level1_83_conv_depthwise_2D_square_input_asymmetric_kernel', 'result': {'compiled': True, 'correctness': False, 'metadata': {'hardware': 'NVIDIA L20Y', 'device': 'cuda:7', 'runtime_error': 'Traceback (most recent call last):\n  File "/home/lijiaxing/.conda/envs/api/lib/python3.10/site-packages/triton/language/core.py", line 42, in wrapper\n    return fn(*args, **kwargs)\n  File "/home/lijiaxing/.conda/envs/api/lib/python3.10/site-packages/triton/language/core.py", line 1654, in arange\n    return _semantic.arange(start, end)\n  File "/home/lijiaxing/.conda/envs/api/lib/python3.10/site-packages/triton/language/semantic.py", line 583, in arange\n    raise ValueError("arange\'s range must be a power of 2")\nValueError: arange\'s range must be a power of 2\n\nThe above exception was the direct cause of the following exception:\n\nTraceback (most recent call last):\n  File "/cpfs01/shared/llm_kernel/hujiakai/KernelLLM/validation_api_server/helpers/evaluations.py", line 720, in run_and_check_correctness\n    output_new = model_new(*inputs)\n  File "/home/lijiaxing/.conda/envs/api/lib/python3.10/site-packages/torch/nn/modules/module.py", line 1773, in _wrapped_call_impl\n    return self._call_impl(*args, **kwargs)\n  File "/home/lijiaxing/.conda/envs/api/lib/python3.10/site-packages/torch/nn/modules/module.py", line 1784, in _call_impl\n    return forward_call(*args, **kwargs)\n  File "/tmp/tmpk3cqnybb.py", line 92, in forward\n    depthwise_vertical_conv_kernel[grid](\n  File "/home/lijiaxing/.conda/envs/api/lib/python3.10/site-packages/triton/runtime/jit.py", line 390, in <lambda>\n    return lambda *args, **kwargs: self.run(grid=grid, warmup=False, *args, **kwargs)\n  File "/home/lijiaxing/.conda/envs/api/lib/python3.10/site-packages/triton/runtime/jit.py", line 594, in run\n    kernel = self.compile(src, target=target, options=options.__dict__)\n  File "/home/lijiaxing/.conda/envs/api/lib/python3.10/site-packages/triton/compiler/compiler.py", line 339, in compile\n    module = src.make_ir(options, codegen_fns, module_map, context)\n  File "/home/lijiaxing/.conda/envs/api/lib/python3.10/site-packages/triton/compiler/compiler.py", line 83, in make_ir\n    return ast_to_ttir(self.fn, self, context=context, options=options, codegen_fns=codegen_fns,\ntriton.compiler.errors.CompilationError: at 21:51:\n    pid = tl.program_id(0)\n    num_rows = batch_size * in_channels * output_height\n    if pid >= num_rows:\n        return\n\n    batch_idx = pid // (in_channels * output_height)\n    residual = pid % (in_channels * output_height)\n    channel_idx = residual // output_height\n    h_out = residual % output_height\n\n    weight_offset = channel_idx * kernel_size\n    weights = tl.load(weight_ptr + weight_offset + tl.arange(0, kernel_size))\n                                                   ^\n\n\nThe above exception was the direct cause of the following exception:\n\nTraceback (most recent call last):\n  File "/home/lijiaxing/.conda/envs/api/lib/python3.10/site-packages/triton/language/core.py", line 42, in wrapper\n    return fn(*args, **kwargs)\n  File "/home/lijiaxing/.conda/envs/api/lib/python3.10/site-packages/triton/language/core.py", line 1654, in arange\n    return _semantic.arange(start, end)\n  File "/home/lijiaxing/.conda/envs/api/lib/python3.10/site-packages/triton/language/semantic.py", line 583, in arange\n    raise ValueError("arange\'s range must be a power of 2")\nValueError: arange\'s range must be a power of 2\n', 'runtime_error_name': 'triton.compiler.errors.CompilationError', 'reference_timing_ms': 0.0273, 'speed_up': -1.0, 'custom_timing': -1.0}, 'runtime': -1.0, 'runtime_stats': {}}}
2025-08-12 17:50:03,340 - openevolve.threaded_parallel - INFO - Checkpoint interval reached at iteration 18
2025-08-12 17:50:03,342 - openevolve.database - INFO - Island Status:
2025-08-12 17:50:03,342 - openevolve.database - INFO -    Island 0: 11 programs, best=20.0000, avg=14.5455, diversity=99.77, gen=7 (best: 65ff553e-25aa-417d-ae68-367a01f30ede)
2025-08-12 17:50:03,342 - openevolve.database - INFO -  * Island 1: 8 programs, best=20.0000, avg=16.2500, diversity=176.62, gen=6 (best: cb6551f9-43ca-4a76-8ccc-82c4ed562a3e)
2025-08-12 17:50:03,342 - openevolve.database - INFO -    Island 2: 6 programs, best=20.0000, avg=13.3333, diversity=50.33, gen=5 (best: be2f0206-71c9-4ec7-babd-37e82f64fbab)
2025-08-12 17:50:03,617 - openevolve.database - INFO - Saved database with 25 programs to openevolve_output/level1_83_conv_depthwise_2D_square_input_asymmetric_kernel/checkpoints/checkpoint_18
2025-08-12 17:50:03,624 - openevolve.controller - INFO - Saved best program at checkpoint 18 with metrics: compiled=1.0000, correctness=1.0000, stage=success, passed=0.0000, score=20.0000, speed_up=0.4860, runtime_ms=0.0562, meta={'hardware': 'NVIDIA L20Y', 'device': 'cuda:4', 'correctness_trials': '(5 / 5)', 'reference_timing_ms': 0.0273, 'speed_up': 0.486, 'custom_timing': 0.0562}
2025-08-12 17:50:03,625 - openevolve.controller - INFO - Saved checkpoint at iteration 18 to openevolve_output/level1_83_conv_depthwise_2D_square_input_asymmetric_kernel/checkpoints/checkpoint_18
2025-08-12 17:55:18,813 - openevolve.RemoteSpeedupEvaluator - INFO - [level1_83_conv_depthwise_2D_square_input_asymmetric_kernel] âœ˜ invalid_answer 'import triton' is not found
2025-08-12 17:55:18,815 - openevolve.evaluator - INFO - Evaluated program e2537416-df69-46fc-b82a-a7e732ac22cb in 0.00s: compiled=0.0000, correctness=0.0000, score=-100.0000, stage=no_valid_triton_code, feedback=You need to generate real and valid triton code for the core function. The key word 'import triton' is not found.
2025-08-12 17:55:18,818 - openevolve.database - INFO - New MAP-Elites cell occupied: {'score': -1000, 'complexity': 0}
2025-08-12 17:55:18,818 - openevolve.database - INFO - Population size (26) exceeds limit (25), removing 1 programs
2025-08-12 17:55:18,818 - openevolve.database - INFO - Population size after cleanup: 25
2025-08-12 17:55:18,819 - openevolve.llm.ensemble - INFO - Sampled model: deepseek
2025-08-12 17:55:18,824 - openevolve.threaded_parallel - INFO - Iteration 16: Program e2537416-df69-46fc-b82a-a7e732ac22cb (parent: be2f0206-71c9-4ec7-babd-37e82f64fbab) completed in 907.55s
2025-08-12 17:55:18,825 - openevolve.threaded_parallel - INFO - Metrics: compiled=0.0000, correctness=0.0000, score=-100.0000, stage=no_valid_triton_code, feedback=You need to generate real and valid triton code for the core function. The key word 'import triton' is not found.
2025-08-12 18:01:44,821 - openevolve.RemoteSpeedupEvaluator - INFO - [level1_83_conv_depthwise_2D_square_input_asymmetric_kernel] triton key words check pass
2025-08-12 18:01:44,822 - openevolve.RemoteSpeedupEvaluator - INFO - [level1_83_conv_depthwise_2D_square_input_asymmetric_kernel] verify_plus payload: reference_code(1671 chars) + custom_code(4370 chars)
2025-08-12 18:01:47,668 - openevolve.RemoteSpeedupEvaluator - INFO - [level1_83_conv_depthwise_2D_square_input_asymmetric_kernel] verify_plus request success
2025-08-12 18:01:47,668 - openevolve.RemoteSpeedupEvaluator - INFO - [level1_83_conv_depthwise_2D_square_input_asymmetric_kernel] verify_plus response: {"id":"level1_83_conv_depthwise_2D_square_input_asymmetric_kernel","result":{"compiled":true,"correctness":false,"metadata":{"hardware":"NVIDIA L20Y","device":"cuda:1","runtime_error":"Traceback (most recent call last):\n  File \"/home/lijiaxing/.conda/envs/api/lib/python3.10/site-packages/triton/language/core.py\", line 42, in wrapper\n    return fn(*args, **kwargs)\n  File \"/home/lijiaxing/.conda/envs/api/lib/python3.10/site-packages/triton/language/core.py\", line 1654, in arange\n    return _semantic.arange(start, end)\n  File \"/home/lijiaxing/.conda/envs/api/lib/python3.10/site-packages/triton/language/semantic.py\", line 583, in arange\n    raise ValueError(\"arange's range must be a power of 2\")\nValueError: arange's range must be a power of 2\n\nThe above exception was the direc
2025-08-12 18:01:47,669 - openevolve.RemoteSpeedupEvaluator - INFO - [level1_83_conv_depthwise_2D_square_input_asymmetric_kernel] âœ˜ wrong_answer
2025-08-12 18:01:47,669 - openevolve.evaluator - INFO - Evaluated program 22a0367e-6615-41d4-8781-528cf1629c3d in 2.85s: compiled=1.0000, correctness=0.0000, score=10.0000, stage=wrong_answer, verify_payload={'id': 'level1_83_conv_depthwise_2D_square_input_asymmetric_kernel', 'result': {'compiled': True, 'correctness': False, 'metadata': {'hardware': 'NVIDIA L20Y', 'device': 'cuda:1', 'runtime_error': 'Traceback (most recent call last):\n  File "/home/lijiaxing/.conda/envs/api/lib/python3.10/site-packages/triton/language/core.py", line 42, in wrapper\n    return fn(*args, **kwargs)\n  File "/home/lijiaxing/.conda/envs/api/lib/python3.10/site-packages/triton/language/core.py", line 1654, in arange\n    return _semantic.arange(start, end)\n  File "/home/lijiaxing/.conda/envs/api/lib/python3.10/site-packages/triton/language/semantic.py", line 583, in arange\n    raise ValueError("arange\'s range must be a power of 2")\nValueError: arange\'s range must be a power of 2\n\nThe above exception was the direct cause of the following exception:\n\nTraceback (most recent call last):\n  File "/cpfs01/shared/llm_kernel/hujiakai/KernelLLM/validation_api_server/helpers/evaluations.py", line 720, in run_and_check_correctness\n    output_new = model_new(*inputs)\n  File "/home/lijiaxing/.conda/envs/api/lib/python3.10/site-packages/torch/nn/modules/module.py", line 1773, in _wrapped_call_impl\n    return self._call_impl(*args, **kwargs)\n  File "/home/lijiaxing/.conda/envs/api/lib/python3.10/site-packages/torch/nn/modules/module.py", line 1784, in _call_impl\n    return forward_call(*args, **kwargs)\n  File "/tmp/tmpppi7rlzb.py", line 109, in forward\n    _depthwise_conv2d_kernel[grid](\n  File "/home/lijiaxing/.conda/envs/api/lib/python3.10/site-packages/triton/runtime/jit.py", line 390, in <lambda>\n    return lambda *args, **kwargs: self.run(grid=grid, warmup=False, *args, **kwargs)\n  File "/home/lijiaxing/.conda/envs/api/lib/python3.10/site-packages/triton/runtime/jit.py", line 594, in run\n    kernel = self.compile(src, target=target, options=options.__dict__)\n  File "/home/lijiaxing/.conda/envs/api/lib/python3.10/site-packages/triton/compiler/compiler.py", line 339, in compile\n    module = src.make_ir(options, codegen_fns, module_map, context)\n  File "/home/lijiaxing/.conda/envs/api/lib/python3.10/site-packages/triton/compiler/compiler.py", line 83, in make_ir\n    return ast_to_ttir(self.fn, self, context=context, options=options, codegen_fns=codegen_fns,\ntriton.compiler.errors.CompilationError: at 33:27:\n\n    batch_id = pid // (in_channels * out_height)\n    residual = pid % (in_channels * out_height)\n    channel_id = residual // out_height\n    oh_index = residual % out_height\n\n    base_row = oh_index * stride - padding\n    weight_ptr_channel = weight_ptr + channel_id * kernel_size\n\n    # Preload entire kernel weights into registers\n    weights = tl.load(weight_ptr_channel + tl.arange(0, kernel_size), \n                      mask=tl.arange(0, kernel_size) < kernel_size, other=0.0)\n                           ^\n\n\nThe above exception was the direct cause of the following exception:\n\nTraceback (most recent call last):\n  File "/home/lijiaxing/.conda/envs/api/lib/python3.10/site-packages/triton/language/core.py", line 42, in wrapper\n    return fn(*args, **kwargs)\n  File "/home/lijiaxing/.conda/envs/api/lib/python3.10/site-packages/triton/language/core.py", line 1654, in arange\n    return _semantic.arange(start, end)\n  File "/home/lijiaxing/.conda/envs/api/lib/python3.10/site-packages/triton/language/semantic.py", line 583, in arange\n    raise ValueError("arange\'s range must be a power of 2")\nValueError: arange\'s range must be a power of 2\n', 'runtime_error_name': 'triton.compiler.errors.CompilationError', 'reference_timing_ms': 0.0273, 'speed_up': -1.0, 'custom_timing': -1.0}, 'runtime': -1.0, 'runtime_stats': {}}}
2025-08-12 18:01:47,673 - openevolve.llm.ensemble - INFO - Sampled model: deepseek
2025-08-12 18:01:47,675 - openevolve.database - INFO - Population size (26) exceeds limit (25), removing 1 programs
2025-08-12 18:01:47,675 - openevolve.database - INFO - Population size after cleanup: 25
2025-08-12 18:01:47,697 - openevolve.threaded_parallel - INFO - Iteration 19: Program 22a0367e-6615-41d4-8781-528cf1629c3d (parent: be2f0206-71c9-4ec7-babd-37e82f64fbab) completed in 779.63s
2025-08-12 18:01:47,697 - openevolve.threaded_parallel - INFO - Metrics: compiled=1.0000, correctness=0.0000, score=10.0000, stage=wrong_answer, verify_payload={'id': 'level1_83_conv_depthwise_2D_square_input_asymmetric_kernel', 'result': {'compiled': True, 'correctness': False, 'metadata': {'hardware': 'NVIDIA L20Y', 'device': 'cuda:1', 'runtime_error': 'Traceback (most recent call last):\n  File "/home/lijiaxing/.conda/envs/api/lib/python3.10/site-packages/triton/language/core.py", line 42, in wrapper\n    return fn(*args, **kwargs)\n  File "/home/lijiaxing/.conda/envs/api/lib/python3.10/site-packages/triton/language/core.py", line 1654, in arange\n    return _semantic.arange(start, end)\n  File "/home/lijiaxing/.conda/envs/api/lib/python3.10/site-packages/triton/language/semantic.py", line 583, in arange\n    raise ValueError("arange\'s range must be a power of 2")\nValueError: arange\'s range must be a power of 2\n\nThe above exception was the direct cause of the following exception:\n\nTraceback (most recent call last):\n  File "/cpfs01/shared/llm_kernel/hujiakai/KernelLLM/validation_api_server/helpers/evaluations.py", line 720, in run_and_check_correctness\n    output_new = model_new(*inputs)\n  File "/home/lijiaxing/.conda/envs/api/lib/python3.10/site-packages/torch/nn/modules/module.py", line 1773, in _wrapped_call_impl\n    return self._call_impl(*args, **kwargs)\n  File "/home/lijiaxing/.conda/envs/api/lib/python3.10/site-packages/torch/nn/modules/module.py", line 1784, in _call_impl\n    return forward_call(*args, **kwargs)\n  File "/tmp/tmpppi7rlzb.py", line 109, in forward\n    _depthwise_conv2d_kernel[grid](\n  File "/home/lijiaxing/.conda/envs/api/lib/python3.10/site-packages/triton/runtime/jit.py", line 390, in <lambda>\n    return lambda *args, **kwargs: self.run(grid=grid, warmup=False, *args, **kwargs)\n  File "/home/lijiaxing/.conda/envs/api/lib/python3.10/site-packages/triton/runtime/jit.py", line 594, in run\n    kernel = self.compile(src, target=target, options=options.__dict__)\n  File "/home/lijiaxing/.conda/envs/api/lib/python3.10/site-packages/triton/compiler/compiler.py", line 339, in compile\n    module = src.make_ir(options, codegen_fns, module_map, context)\n  File "/home/lijiaxing/.conda/envs/api/lib/python3.10/site-packages/triton/compiler/compiler.py", line 83, in make_ir\n    return ast_to_ttir(self.fn, self, context=context, options=options, codegen_fns=codegen_fns,\ntriton.compiler.errors.CompilationError: at 33:27:\n\n    batch_id = pid // (in_channels * out_height)\n    residual = pid % (in_channels * out_height)\n    channel_id = residual // out_height\n    oh_index = residual % out_height\n\n    base_row = oh_index * stride - padding\n    weight_ptr_channel = weight_ptr + channel_id * kernel_size\n\n    # Preload entire kernel weights into registers\n    weights = tl.load(weight_ptr_channel + tl.arange(0, kernel_size), \n                      mask=tl.arange(0, kernel_size) < kernel_size, other=0.0)\n                           ^\n\n\nThe above exception was the direct cause of the following exception:\n\nTraceback (most recent call last):\n  File "/home/lijiaxing/.conda/envs/api/lib/python3.10/site-packages/triton/language/core.py", line 42, in wrapper\n    return fn(*args, **kwargs)\n  File "/home/lijiaxing/.conda/envs/api/lib/python3.10/site-packages/triton/language/core.py", line 1654, in arange\n    return _semantic.arange(start, end)\n  File "/home/lijiaxing/.conda/envs/api/lib/python3.10/site-packages/triton/language/semantic.py", line 583, in arange\n    raise ValueError("arange\'s range must be a power of 2")\nValueError: arange\'s range must be a power of 2\n', 'runtime_error_name': 'triton.compiler.errors.CompilationError', 'reference_timing_ms': 0.0273, 'speed_up': -1.0, 'custom_timing': -1.0}, 'runtime': -1.0, 'runtime_stats': {}}}
2025-08-12 18:05:05,599 - openevolve.RemoteSpeedupEvaluator - INFO - [level1_83_conv_depthwise_2D_square_input_asymmetric_kernel] triton key words check pass
2025-08-12 18:05:05,600 - openevolve.RemoteSpeedupEvaluator - INFO - [level1_83_conv_depthwise_2D_square_input_asymmetric_kernel] verify_plus payload: reference_code(1671 chars) + custom_code(4653 chars)
2025-08-12 18:05:08,152 - openevolve.RemoteSpeedupEvaluator - INFO - [level1_83_conv_depthwise_2D_square_input_asymmetric_kernel] verify_plus request success
2025-08-12 18:05:08,153 - openevolve.RemoteSpeedupEvaluator - INFO - [level1_83_conv_depthwise_2D_square_input_asymmetric_kernel] verify_plus response: {"id":"level1_83_conv_depthwise_2D_square_input_asymmetric_kernel","result":{"compiled":true,"correctness":false,"metadata":{"hardware":"NVIDIA L20Y","device":"cuda:1","runtime_error":"Traceback (most recent call last):\n  File \"/cpfs01/shared/llm_kernel/hujiakai/KernelLLM/validation_api_server/helpers/evaluations.py\", line 720, in run_and_check_correctness\n    output_new = model_new(*inputs)\n  File \"/home/lijiaxing/.conda/envs/api/lib/python3.10/site-packages/torch/nn/modules/module.py\", line 1773, in _wrapped_call_impl\n    return self._call_impl(*args, **kwargs)\n  File \"/home/lijiaxing/.conda/envs/api/lib/python3.10/site-packages/torch/nn/modules/module.py\", line 1784, in _call_impl\n    return forward_call(*args, **kwargs)\n  File \"/tmp/tmpozbsjbs1.py\", line 119, in forward\
2025-08-12 18:05:08,153 - openevolve.RemoteSpeedupEvaluator - INFO - [level1_83_conv_depthwise_2D_square_input_asymmetric_kernel] âœ˜ wrong_answer
2025-08-12 18:05:08,153 - openevolve.evaluator - INFO - Evaluated program 67718111-9e3e-4422-888c-d3cdcacf6ce2 in 2.56s: compiled=1.0000, correctness=0.0000, score=10.0000, stage=wrong_answer, verify_payload={'id': 'level1_83_conv_depthwise_2D_square_input_asymmetric_kernel', 'result': {'compiled': True, 'correctness': False, 'metadata': {'hardware': 'NVIDIA L20Y', 'device': 'cuda:1', 'runtime_error': 'Traceback (most recent call last):\n  File "/cpfs01/shared/llm_kernel/hujiakai/KernelLLM/validation_api_server/helpers/evaluations.py", line 720, in run_and_check_correctness\n    output_new = model_new(*inputs)\n  File "/home/lijiaxing/.conda/envs/api/lib/python3.10/site-packages/torch/nn/modules/module.py", line 1773, in _wrapped_call_impl\n    return self._call_impl(*args, **kwargs)\n  File "/home/lijiaxing/.conda/envs/api/lib/python3.10/site-packages/torch/nn/modules/module.py", line 1784, in _call_impl\n    return forward_call(*args, **kwargs)\n  File "/tmp/tmpozbsjbs1.py", line 119, in forward\n    _depthwise_conv2d_kernel[grid](\n  File "/home/lijiaxing/.conda/envs/api/lib/python3.10/site-packages/triton/runtime/jit.py", line 390, in <lambda>\n    return lambda *args, **kwargs: self.run(grid=grid, warmup=False, *args, **kwargs)\n  File "/home/lijiaxing/.conda/envs/api/lib/python3.10/site-packages/triton/runtime/autotuner.py", line 239, in run\n    benchmark()\n  File "/home/lijiaxing/.conda/envs/api/lib/python3.10/site-packages/triton/runtime/autotuner.py", line 228, in benchmark\n    timings = {config: self._bench(*args, config=config, **kwargs) for config in pruned_configs}\n  File "/home/lijiaxing/.conda/envs/api/lib/python3.10/site-packages/triton/runtime/autotuner.py", line 228, in <dictcomp>\n    timings = {config: self._bench(*args, config=config, **kwargs) for config in pruned_configs}\n  File "/home/lijiaxing/.conda/envs/api/lib/python3.10/site-packages/triton/runtime/autotuner.py", line 135, in _bench\n    raise ValueError(f"Conflicting meta-parameters: {\', \'.join(conflicts)}."\nValueError: Conflicting meta-parameters: BLOCK_SIZE. Make sure that you don\'t re-define auto-tuned symbols.\n', 'runtime_error_name': 'builtins.ValueError', 'reference_timing_ms': 0.0273, 'speed_up': -1.0, 'custom_timing': -1.0}, 'runtime': -1.0, 'runtime_stats': {}}}
2025-08-12 18:05:08,158 - openevolve.llm.ensemble - INFO - Sampled model: deepseek
2025-08-12 18:05:08,163 - openevolve.database - INFO - New MAP-Elites cell occupied: {'score': 9, 'complexity': 4}
2025-08-12 18:05:08,163 - openevolve.database - INFO - Population size (26) exceeds limit (25), removing 1 programs
2025-08-12 18:05:08,163 - openevolve.database - INFO - Population size after cleanup: 25
2025-08-12 18:05:08,174 - openevolve.threaded_parallel - INFO - Iteration 21: Program 67718111-9e3e-4422-888c-d3cdcacf6ce2 (parent: ac67733b-3d17-4de6-91e0-e36c16b436df) completed in 589.33s
2025-08-12 18:05:08,175 - openevolve.threaded_parallel - INFO - Metrics: compiled=1.0000, correctness=0.0000, score=10.0000, stage=wrong_answer, verify_payload={'id': 'level1_83_conv_depthwise_2D_square_input_asymmetric_kernel', 'result': {'compiled': True, 'correctness': False, 'metadata': {'hardware': 'NVIDIA L20Y', 'device': 'cuda:1', 'runtime_error': 'Traceback (most recent call last):\n  File "/cpfs01/shared/llm_kernel/hujiakai/KernelLLM/validation_api_server/helpers/evaluations.py", line 720, in run_and_check_correctness\n    output_new = model_new(*inputs)\n  File "/home/lijiaxing/.conda/envs/api/lib/python3.10/site-packages/torch/nn/modules/module.py", line 1773, in _wrapped_call_impl\n    return self._call_impl(*args, **kwargs)\n  File "/home/lijiaxing/.conda/envs/api/lib/python3.10/site-packages/torch/nn/modules/module.py", line 1784, in _call_impl\n    return forward_call(*args, **kwargs)\n  File "/tmp/tmpozbsjbs1.py", line 119, in forward\n    _depthwise_conv2d_kernel[grid](\n  File "/home/lijiaxing/.conda/envs/api/lib/python3.10/site-packages/triton/runtime/jit.py", line 390, in <lambda>\n    return lambda *args, **kwargs: self.run(grid=grid, warmup=False, *args, **kwargs)\n  File "/home/lijiaxing/.conda/envs/api/lib/python3.10/site-packages/triton/runtime/autotuner.py", line 239, in run\n    benchmark()\n  File "/home/lijiaxing/.conda/envs/api/lib/python3.10/site-packages/triton/runtime/autotuner.py", line 228, in benchmark\n    timings = {config: self._bench(*args, config=config, **kwargs) for config in pruned_configs}\n  File "/home/lijiaxing/.conda/envs/api/lib/python3.10/site-packages/triton/runtime/autotuner.py", line 228, in <dictcomp>\n    timings = {config: self._bench(*args, config=config, **kwargs) for config in pruned_configs}\n  File "/home/lijiaxing/.conda/envs/api/lib/python3.10/site-packages/triton/runtime/autotuner.py", line 135, in _bench\n    raise ValueError(f"Conflicting meta-parameters: {\', \'.join(conflicts)}."\nValueError: Conflicting meta-parameters: BLOCK_SIZE. Make sure that you don\'t re-define auto-tuned symbols.\n', 'runtime_error_name': 'builtins.ValueError', 'reference_timing_ms': 0.0273, 'speed_up': -1.0, 'custom_timing': -1.0}, 'runtime': -1.0, 'runtime_stats': {}}}
2025-08-12 18:05:08,175 - openevolve.threaded_parallel - INFO - Checkpoint interval reached at iteration 21
2025-08-12 18:05:08,177 - openevolve.database - INFO - Island Status:
2025-08-12 18:05:08,177 - openevolve.database - INFO -    Island 0: 12 programs, best=20.0000, avg=14.1667, diversity=99.77, gen=8 (best: 65ff553e-25aa-417d-ae68-367a01f30ede)
2025-08-12 18:05:08,177 - openevolve.database - INFO -  * Island 1: 7 programs, best=20.0000, avg=17.1429, diversity=255.38, gen=7 (best: cb6551f9-43ca-4a76-8ccc-82c4ed562a3e)
2025-08-12 18:05:08,177 - openevolve.database - INFO -    Island 2: 6 programs, best=20.0000, avg=13.3333, diversity=51.45, gen=6 (best: be2f0206-71c9-4ec7-babd-37e82f64fbab)
2025-08-12 18:05:08,422 - openevolve.database - INFO - Saved database with 25 programs to openevolve_output/level1_83_conv_depthwise_2D_square_input_asymmetric_kernel/checkpoints/checkpoint_21
2025-08-12 18:05:08,429 - openevolve.controller - INFO - Saved best program at checkpoint 21 with metrics: compiled=1.0000, correctness=1.0000, stage=success, passed=0.0000, score=20.0000, speed_up=0.4860, runtime_ms=0.0562, meta={'hardware': 'NVIDIA L20Y', 'device': 'cuda:4', 'correctness_trials': '(5 / 5)', 'reference_timing_ms': 0.0273, 'speed_up': 0.486, 'custom_timing': 0.0562}
2025-08-12 18:05:08,429 - openevolve.controller - INFO - Saved checkpoint at iteration 21 to openevolve_output/level1_83_conv_depthwise_2D_square_input_asymmetric_kernel/checkpoints/checkpoint_21
2025-08-12 18:05:46,228 - openevolve.RemoteSpeedupEvaluator - INFO - [level1_83_conv_depthwise_2D_square_input_asymmetric_kernel] triton key words check pass
2025-08-12 18:05:46,228 - openevolve.RemoteSpeedupEvaluator - INFO - [level1_83_conv_depthwise_2D_square_input_asymmetric_kernel] verify_plus payload: reference_code(1671 chars) + custom_code(4351 chars)
2025-08-12 18:05:48,743 - openevolve.RemoteSpeedupEvaluator - INFO - [level1_83_conv_depthwise_2D_square_input_asymmetric_kernel] verify_plus request success
2025-08-12 18:05:48,743 - openevolve.RemoteSpeedupEvaluator - INFO - [level1_83_conv_depthwise_2D_square_input_asymmetric_kernel] verify_plus response: {"id":"level1_83_conv_depthwise_2D_square_input_asymmetric_kernel","result":{"compiled":false,"correctness":false,"metadata":{"hardware":"NVIDIA L20Y","device":"cuda:4","compilation_error_name":"builtins.TypeError","compilation_error":"jit() got an unexpected keyword argument 'num_warps'","reference_timing_ms":0.0273,"speed_up":-1.0,"custom_timing":-1.0},"runtime":-1.0,"runtime_stats":{}}}
2025-08-12 18:05:48,743 - openevolve.RemoteSpeedupEvaluator - INFO - [level1_83_conv_depthwise_2D_square_input_asymmetric_kernel] âœ˜ compile_error
2025-08-12 18:05:48,744 - openevolve.RemoteSpeedupEvaluator - INFO - [level1_83_conv_depthwise_2D_square_input_asymmetric_kernel_782b84] execute payload: {id:level1_83_conv_depthwise_2D_square_input_asymmetric_kernel_782b84, device_type:NV_LY_20}
2025-08-12 18:05:51,095 - openevolve.RemoteSpeedupEvaluator - INFO - [level1_83_conv_depthwise_2D_square_input_asymmetric_kernel_782b84] execute request success
2025-08-12 18:05:51,095 - openevolve.RemoteSpeedupEvaluator - INFO - [level1_83_conv_depthwise_2D_square_input_asymmetric_kernel_782b84] execute response: {"id":"level1_83_conv_depthwise_2D_square_input_asymmetric_kernel_782b84","exit_code":"1","content":"[Child] ç»‘å®š GPU 5, torch sees 1 device(s)\n\n[Exception]\nTraceback (most recent call last):\n  File \"/cpfs01/shared/llm_kernel/hujiakai/KernelLLM/validation_api_server/code_executor.py\", line 71, in _exec_worker\n    exec(textwrap.dedent(code_src), mod.__dict__)\n  File \"<string>\", line 8, in <module>\nTypeError: jit() got an unexpected keyword argument 'num_warps'\n"}
2025-08-12 18:05:51,096 - openevolve.evaluator - INFO - Evaluated program ea7f6bbd-33d1-4135-b0fa-e3d4c609db0f in 4.87s: compiled=0.0000, correctness=0.0000, score=1.0000, stage=compile_error, compile_log=, exec_log=[Child] ç»‘å®š GPU 5, torch sees 1 device(s)

[Exception]
Traceback (most recent call last):
  File "/cpfs01/shared/llm_kernel/hujiakai/KernelLLM/validation_api_server/code_executor.py", line 71, in _exec_worker
    exec(textwrap.dedent(code_src), mod.__dict__)
  File "<string>", line 8, in <module>
TypeError: jit() got an unexpected keyword argument 'num_warps'
, exit_code=1
2025-08-12 18:05:51,100 - openevolve.llm.ensemble - INFO - Sampled model: deepseek
2025-08-12 18:05:51,106 - openevolve.database - INFO - Population size (26) exceeds limit (25), removing 1 programs
2025-08-12 18:05:51,106 - openevolve.database - INFO - Population size after cleanup: 25
2025-08-12 18:05:51,117 - openevolve.threaded_parallel - INFO - Iteration 20: Program ea7f6bbd-33d1-4135-b0fa-e3d4c609db0f (parent: 65ff553e-25aa-417d-ae68-367a01f30ede) completed in 947.77s
2025-08-12 18:05:51,117 - openevolve.threaded_parallel - INFO - Metrics: compiled=0.0000, correctness=0.0000, score=1.0000, stage=compile_error, compile_log=, exec_log=[Child] ç»‘å®š GPU 5, torch sees 1 device(s)

[Exception]
Traceback (most recent call last):
  File "/cpfs01/shared/llm_kernel/hujiakai/KernelLLM/validation_api_server/code_executor.py", line 71, in _exec_worker
    exec(textwrap.dedent(code_src), mod.__dict__)
  File "<string>", line 8, in <module>
TypeError: jit() got an unexpected keyword argument 'num_warps'
, exit_code=1
2025-08-12 18:09:17,473 - openevolve.RemoteSpeedupEvaluator - INFO - [level1_83_conv_depthwise_2D_square_input_asymmetric_kernel] âœ˜ invalid_answer 'import triton' is not found
2025-08-12 18:09:17,474 - openevolve.evaluator - INFO - Evaluated program 9b939dc8-4580-4219-a173-09ce9022c04a in 0.00s: compiled=0.0000, correctness=0.0000, score=-100.0000, stage=no_valid_triton_code, feedback=You need to generate real and valid triton code for the core function. The key word 'import triton' is not found.
2025-08-12 18:09:17,479 - openevolve.llm.ensemble - INFO - Sampled model: deepseek
2025-08-12 18:09:17,480 - openevolve.database - INFO - New MAP-Elites cell occupied: {'score': -1000, 'complexity': 0}
2025-08-12 18:09:17,480 - openevolve.database - INFO - MAP-Elites coverage reached 10.0% (10/100 cells)
2025-08-12 18:09:17,480 - openevolve.database - INFO - Population size (26) exceeds limit (25), removing 1 programs
2025-08-12 18:09:17,481 - openevolve.database - INFO - Population size after cleanup: 25
2025-08-12 18:09:17,698 - openevolve.threaded_parallel - INFO - Iteration 22: Program 9b939dc8-4580-4219-a173-09ce9022c04a (parent: 802e2c78-885b-42e7-acf9-a09826a454fb) completed in 449.80s
2025-08-12 18:09:17,699 - openevolve.threaded_parallel - INFO - Metrics: compiled=0.0000, correctness=0.0000, score=-100.0000, stage=no_valid_triton_code, feedback=You need to generate real and valid triton code for the core function. The key word 'import triton' is not found.
2025-08-12 18:12:19,151 - openevolve.RemoteSpeedupEvaluator - INFO - [level1_83_conv_depthwise_2D_square_input_asymmetric_kernel] triton key words check pass
2025-08-12 18:12:19,153 - openevolve.RemoteSpeedupEvaluator - INFO - [level1_83_conv_depthwise_2D_square_input_asymmetric_kernel] verify_plus payload: reference_code(1671 chars) + custom_code(4254 chars)
2025-08-12 18:12:19,501 - openevolve.RemoteSpeedupEvaluator - INFO - [level1_83_conv_depthwise_2D_square_input_asymmetric_kernel] âœ˜ invalid_answer 'import triton' is not found
2025-08-12 18:12:19,501 - openevolve.evaluator - INFO - Evaluated program 9d8fb401-167a-4e39-99a1-cf2425fb2ecc in 0.00s: compiled=0.0000, correctness=0.0000, score=-100.0000, stage=no_valid_triton_code, feedback=You need to generate real and valid triton code for the core function. The key word 'import triton' is not found.
2025-08-12 18:12:19,506 - openevolve.llm.ensemble - INFO - Sampled model: deepseek
2025-08-12 18:12:19,509 - openevolve.database - INFO - Population size (26) exceeds limit (25), removing 1 programs
2025-08-12 18:12:19,509 - openevolve.database - INFO - Population size after cleanup: 25
2025-08-12 18:12:19,548 - openevolve.threaded_parallel - INFO - Iteration 24: Program 9d8fb401-167a-4e39-99a1-cf2425fb2ecc (parent: cb6551f9-43ca-4a76-8ccc-82c4ed562a3e) completed in 388.40s
2025-08-12 18:12:19,548 - openevolve.threaded_parallel - INFO - Metrics: compiled=0.0000, correctness=0.0000, score=-100.0000, stage=no_valid_triton_code, feedback=You need to generate real and valid triton code for the core function. The key word 'import triton' is not found.
2025-08-12 18:12:19,548 - openevolve.threaded_parallel - INFO - Checkpoint interval reached at iteration 24
2025-08-12 18:12:19,550 - openevolve.database - INFO - Island Status:
2025-08-12 18:12:19,550 - openevolve.database - INFO -    Island 0: 12 programs, best=20.0000, avg=5.0000, diversity=109.73, gen=9 (best: 65ff553e-25aa-417d-ae68-367a01f30ede)
2025-08-12 18:12:19,550 - openevolve.database - INFO -  * Island 1: 7 programs, best=20.0000, avg=17.1429, diversity=255.38, gen=8 (best: cb6551f9-43ca-4a76-8ccc-82c4ed562a3e)
2025-08-12 18:12:19,550 - openevolve.database - INFO -    Island 2: 6 programs, best=20.0000, avg=13.3333, diversity=51.45, gen=7 (best: be2f0206-71c9-4ec7-babd-37e82f64fbab)
2025-08-12 18:12:19,771 - openevolve.database - INFO - Saved database with 25 programs to openevolve_output/level1_83_conv_depthwise_2D_square_input_asymmetric_kernel/checkpoints/checkpoint_24
2025-08-12 18:12:19,779 - openevolve.controller - INFO - Saved best program at checkpoint 24 with metrics: compiled=1.0000, correctness=1.0000, stage=success, passed=0.0000, score=20.0000, speed_up=0.4860, runtime_ms=0.0562, meta={'hardware': 'NVIDIA L20Y', 'device': 'cuda:4', 'correctness_trials': '(5 / 5)', 'reference_timing_ms': 0.0273, 'speed_up': 0.486, 'custom_timing': 0.0562}
2025-08-12 18:12:19,779 - openevolve.controller - INFO - Saved checkpoint at iteration 24 to openevolve_output/level1_83_conv_depthwise_2D_square_input_asymmetric_kernel/checkpoints/checkpoint_24
2025-08-12 18:12:22,294 - openevolve.RemoteSpeedupEvaluator - INFO - [level1_83_conv_depthwise_2D_square_input_asymmetric_kernel] verify_plus request success
2025-08-12 18:12:22,294 - openevolve.RemoteSpeedupEvaluator - INFO - [level1_83_conv_depthwise_2D_square_input_asymmetric_kernel] verify_plus response: {"id":"level1_83_conv_depthwise_2D_square_input_asymmetric_kernel","result":{"compiled":true,"correctness":false,"metadata":{"hardware":"NVIDIA L20Y","device":"cuda:2","runtime_error":"Traceback (most recent call last):\n  File \"/home/lijiaxing/.conda/envs/api/lib/python3.10/site-packages/triton/language/core.py\", line 42, in wrapper\n    return fn(*args, **kwargs)\n  File \"/home/lijiaxing/.conda/envs/api/lib/python3.10/site-packages/triton/language/core.py\", line 1654, in arange\n    return _semantic.arange(start, end)\n  File \"/home/lijiaxing/.conda/envs/api/lib/python3.10/site-packages/triton/language/semantic.py\", line 583, in arange\n    raise ValueError(\"arange's range must be a power of 2\")\nValueError: arange's range must be a power of 2\n\nThe above exception was the direc
2025-08-12 18:12:22,294 - openevolve.RemoteSpeedupEvaluator - INFO - [level1_83_conv_depthwise_2D_square_input_asymmetric_kernel] âœ˜ wrong_answer
2025-08-12 18:12:22,295 - openevolve.evaluator - INFO - Evaluated program c9da6e91-4b4f-48f1-a932-4303b5b9b9cf in 3.14s: compiled=1.0000, correctness=0.0000, score=10.0000, stage=wrong_answer, verify_payload={'id': 'level1_83_conv_depthwise_2D_square_input_asymmetric_kernel', 'result': {'compiled': True, 'correctness': False, 'metadata': {'hardware': 'NVIDIA L20Y', 'device': 'cuda:2', 'runtime_error': 'Traceback (most recent call last):\n  File "/home/lijiaxing/.conda/envs/api/lib/python3.10/site-packages/triton/language/core.py", line 42, in wrapper\n    return fn(*args, **kwargs)\n  File "/home/lijiaxing/.conda/envs/api/lib/python3.10/site-packages/triton/language/core.py", line 1654, in arange\n    return _semantic.arange(start, end)\n  File "/home/lijiaxing/.conda/envs/api/lib/python3.10/site-packages/triton/language/semantic.py", line 583, in arange\n    raise ValueError("arange\'s range must be a power of 2")\nValueError: arange\'s range must be a power of 2\n\nThe above exception was the direct cause of the following exception:\n\nTraceback (most recent call last):\n  File "/cpfs01/shared/llm_kernel/hujiakai/KernelLLM/validation_api_server/helpers/evaluations.py", line 720, in run_and_check_correctness\n    output_new = model_new(*inputs)\n  File "/home/lijiaxing/.conda/envs/api/lib/python3.10/site-packages/torch/nn/modules/module.py", line 1773, in _wrapped_call_impl\n    return self._call_impl(*args, **kwargs)\n  File "/home/lijiaxing/.conda/envs/api/lib/python3.10/site-packages/torch/nn/modules/module.py", line 1784, in _call_impl\n    return forward_call(*args, **kwargs)\n  File "/tmp/tmpcav0_2jp.py", line 109, in forward\n    _depthwise_conv2d_kernel[grid](\n  File "/home/lijiaxing/.conda/envs/api/lib/python3.10/site-packages/triton/runtime/jit.py", line 390, in <lambda>\n    return lambda *args, **kwargs: self.run(grid=grid, warmup=False, *args, **kwargs)\n  File "/home/lijiaxing/.conda/envs/api/lib/python3.10/site-packages/triton/runtime/jit.py", line 594, in run\n    kernel = self.compile(src, target=target, options=options.__dict__)\n  File "/home/lijiaxing/.conda/envs/api/lib/python3.10/site-packages/triton/compiler/compiler.py", line 339, in compile\n    module = src.make_ir(options, codegen_fns, module_map, context)\n  File "/home/lijiaxing/.conda/envs/api/lib/python3.10/site-packages/triton/compiler/compiler.py", line 83, in make_ir\n    return ast_to_ttir(self.fn, self, context=context, options=options, codegen_fns=codegen_fns,\ntriton.compiler.errors.CompilationError: at 30:27:\n    num_rows = batch * in_channels * height_out\n    if pid >= num_rows:\n        return\n\n    batch_id = pid // (in_channels * height_out)\n    residual = pid % (in_channels * height_out)\n    channel_id = residual // height_out\n    h_out = residual % height_out\n\n    weight_channel_ptr = weight_ptr + channel_id * kernel_size\n    weights = tl.load(weight_channel_ptr + tl.arange(0, kernel_size), \n                      mask=tl.arange(0, kernel_size) < kernel_size, \n                           ^\n\n\nThe above exception was the direct cause of the following exception:\n\nTraceback (most recent call last):\n  File "/home/lijiaxing/.conda/envs/api/lib/python3.10/site-packages/triton/language/core.py", line 42, in wrapper\n    return fn(*args, **kwargs)\n  File "/home/lijiaxing/.conda/envs/api/lib/python3.10/site-packages/triton/language/core.py", line 1654, in arange\n    return _semantic.arange(start, end)\n  File "/home/lijiaxing/.conda/envs/api/lib/python3.10/site-packages/triton/language/semantic.py", line 583, in arange\n    raise ValueError("arange\'s range must be a power of 2")\nValueError: arange\'s range must be a power of 2\n', 'runtime_error_name': 'triton.compiler.errors.CompilationError', 'reference_timing_ms': 0.0273, 'speed_up': -1.0, 'custom_timing': -1.0}, 'runtime': -1.0, 'runtime_stats': {}}}
2025-08-12 18:12:22,298 - openevolve.database - INFO - Population size (26) exceeds limit (25), removing 1 programs
2025-08-12 18:12:22,298 - openevolve.database - INFO - Population size after cleanup: 25
2025-08-12 18:12:22,299 - openevolve.llm.ensemble - INFO - Sampled model: deepseek
2025-08-12 18:12:22,310 - openevolve.threaded_parallel - INFO - Iteration 23: Program c9da6e91-4b4f-48f1-a932-4303b5b9b9cf (parent: 91efb105-0d6f-468c-b2b3-61e8e9493ad4) completed in 434.14s
2025-08-12 18:12:22,310 - openevolve.threaded_parallel - INFO - Metrics: compiled=1.0000, correctness=0.0000, score=10.0000, stage=wrong_answer, verify_payload={'id': 'level1_83_conv_depthwise_2D_square_input_asymmetric_kernel', 'result': {'compiled': True, 'correctness': False, 'metadata': {'hardware': 'NVIDIA L20Y', 'device': 'cuda:2', 'runtime_error': 'Traceback (most recent call last):\n  File "/home/lijiaxing/.conda/envs/api/lib/python3.10/site-packages/triton/language/core.py", line 42, in wrapper\n    return fn(*args, **kwargs)\n  File "/home/lijiaxing/.conda/envs/api/lib/python3.10/site-packages/triton/language/core.py", line 1654, in arange\n    return _semantic.arange(start, end)\n  File "/home/lijiaxing/.conda/envs/api/lib/python3.10/site-packages/triton/language/semantic.py", line 583, in arange\n    raise ValueError("arange\'s range must be a power of 2")\nValueError: arange\'s range must be a power of 2\n\nThe above exception was the direct cause of the following exception:\n\nTraceback (most recent call last):\n  File "/cpfs01/shared/llm_kernel/hujiakai/KernelLLM/validation_api_server/helpers/evaluations.py", line 720, in run_and_check_correctness\n    output_new = model_new(*inputs)\n  File "/home/lijiaxing/.conda/envs/api/lib/python3.10/site-packages/torch/nn/modules/module.py", line 1773, in _wrapped_call_impl\n    return self._call_impl(*args, **kwargs)\n  File "/home/lijiaxing/.conda/envs/api/lib/python3.10/site-packages/torch/nn/modules/module.py", line 1784, in _call_impl\n    return forward_call(*args, **kwargs)\n  File "/tmp/tmpcav0_2jp.py", line 109, in forward\n    _depthwise_conv2d_kernel[grid](\n  File "/home/lijiaxing/.conda/envs/api/lib/python3.10/site-packages/triton/runtime/jit.py", line 390, in <lambda>\n    return lambda *args, **kwargs: self.run(grid=grid, warmup=False, *args, **kwargs)\n  File "/home/lijiaxing/.conda/envs/api/lib/python3.10/site-packages/triton/runtime/jit.py", line 594, in run\n    kernel = self.compile(src, target=target, options=options.__dict__)\n  File "/home/lijiaxing/.conda/envs/api/lib/python3.10/site-packages/triton/compiler/compiler.py", line 339, in compile\n    module = src.make_ir(options, codegen_fns, module_map, context)\n  File "/home/lijiaxing/.conda/envs/api/lib/python3.10/site-packages/triton/compiler/compiler.py", line 83, in make_ir\n    return ast_to_ttir(self.fn, self, context=context, options=options, codegen_fns=codegen_fns,\ntriton.compiler.errors.CompilationError: at 30:27:\n    num_rows = batch * in_channels * height_out\n    if pid >= num_rows:\n        return\n\n    batch_id = pid // (in_channels * height_out)\n    residual = pid % (in_channels * height_out)\n    channel_id = residual // height_out\n    h_out = residual % height_out\n\n    weight_channel_ptr = weight_ptr + channel_id * kernel_size\n    weights = tl.load(weight_channel_ptr + tl.arange(0, kernel_size), \n                      mask=tl.arange(0, kernel_size) < kernel_size, \n                           ^\n\n\nThe above exception was the direct cause of the following exception:\n\nTraceback (most recent call last):\n  File "/home/lijiaxing/.conda/envs/api/lib/python3.10/site-packages/triton/language/core.py", line 42, in wrapper\n    return fn(*args, **kwargs)\n  File "/home/lijiaxing/.conda/envs/api/lib/python3.10/site-packages/triton/language/core.py", line 1654, in arange\n    return _semantic.arange(start, end)\n  File "/home/lijiaxing/.conda/envs/api/lib/python3.10/site-packages/triton/language/semantic.py", line 583, in arange\n    raise ValueError("arange\'s range must be a power of 2")\nValueError: arange\'s range must be a power of 2\n', 'runtime_error_name': 'triton.compiler.errors.CompilationError', 'reference_timing_ms': 0.0273, 'speed_up': -1.0, 'custom_timing': -1.0}, 'runtime': -1.0, 'runtime_stats': {}}}
2025-08-12 18:13:52,940 - openevolve.RemoteSpeedupEvaluator - INFO - [level1_83_conv_depthwise_2D_square_input_asymmetric_kernel] triton key words check pass
2025-08-12 18:13:52,941 - openevolve.RemoteSpeedupEvaluator - INFO - [level1_83_conv_depthwise_2D_square_input_asymmetric_kernel] verify_plus payload: reference_code(1671 chars) + custom_code(4159 chars)
2025-08-12 18:13:56,095 - openevolve.RemoteSpeedupEvaluator - INFO - [level1_83_conv_depthwise_2D_square_input_asymmetric_kernel] verify_plus request success
2025-08-12 18:13:56,095 - openevolve.RemoteSpeedupEvaluator - INFO - [level1_83_conv_depthwise_2D_square_input_asymmetric_kernel] verify_plus response: {"id":"level1_83_conv_depthwise_2D_square_input_asymmetric_kernel","result":{"compiled":true,"correctness":true,"metadata":{"hardware":"NVIDIA L20Y","device":"cuda:1","correctness_trials":"(5 / 5)","reference_timing_ms":0.0273,"speed_up":0.476,"custom_timing":0.0573},"runtime":0.0573,"runtime_stats":{"mean":0.0573,"std":0.00229,"min":0.0545,"max":0.0665,"num_trials":100,"hardware":"NVIDIA L20Y","device":"cuda:1"}}}
2025-08-12 18:13:56,095 - openevolve.RemoteSpeedupEvaluator - INFO - [level1_83_conv_depthwise_2D_square_input_asymmetric_kernel] âœ” success | speed_up=0.476  score=20.00
2025-08-12 18:13:56,095 - openevolve.evaluator - INFO - Evaluated program 80328a7e-2369-464f-ad90-64bfbf934678 in 3.16s: compiled=1.0000, correctness=1.0000, stage=success, passed=0.0000, score=20.0000, speed_up=0.4760, runtime_ms=0.0573, meta={'hardware': 'NVIDIA L20Y', 'device': 'cuda:1', 'correctness_trials': '(5 / 5)', 'reference_timing_ms': 0.0273, 'speed_up': 0.476, 'custom_timing': 0.0573}
2025-08-12 18:13:56,099 - openevolve.llm.ensemble - INFO - Sampled model: deepseek
2025-08-12 18:13:56,099 - openevolve.database - INFO - Population size (26) exceeds limit (25), removing 1 programs
2025-08-12 18:13:56,100 - openevolve.database - INFO - Population size after cleanup: 25
2025-08-12 18:13:56,111 - openevolve.threaded_parallel - INFO - Iteration 25: Program 80328a7e-2369-464f-ad90-64bfbf934678 (parent: 3550dff9-08e7-480c-a650-c90d490dacb4) completed in 278.62s
2025-08-12 18:13:56,111 - openevolve.threaded_parallel - INFO - Metrics: compiled=1.0000, correctness=1.0000, stage=success, passed=0.0000, score=20.0000, speed_up=0.4760, runtime_ms=0.0573, meta={'hardware': 'NVIDIA L20Y', 'device': 'cuda:1', 'correctness_trials': '(5 / 5)', 'reference_timing_ms': 0.0273, 'speed_up': 0.476, 'custom_timing': 0.0573}
2025-08-12 18:20:40,493 - openevolve.RemoteSpeedupEvaluator - INFO - [level1_83_conv_depthwise_2D_square_input_asymmetric_kernel] triton key words check pass
2025-08-12 18:20:40,494 - openevolve.RemoteSpeedupEvaluator - INFO - [level1_83_conv_depthwise_2D_square_input_asymmetric_kernel] verify_plus payload: reference_code(1671 chars) + custom_code(4668 chars)
2025-08-12 18:20:42,924 - openevolve.RemoteSpeedupEvaluator - INFO - [level1_83_conv_depthwise_2D_square_input_asymmetric_kernel] verify_plus request success
2025-08-12 18:20:42,924 - openevolve.RemoteSpeedupEvaluator - INFO - [level1_83_conv_depthwise_2D_square_input_asymmetric_kernel] verify_plus response: {"id":"level1_83_conv_depthwise_2D_square_input_asymmetric_kernel","result":{"compiled":true,"correctness":false,"metadata":{"hardware":"NVIDIA L20Y","device":"cuda:2","runtime_error":"Traceback (most recent call last):\n  File \"/cpfs01/shared/llm_kernel/hujiakai/KernelLLM/validation_api_server/helpers/evaluations.py\", line 720, in run_and_check_correctness\n    output_new = model_new(*inputs)\n  File \"/home/lijiaxing/.conda/envs/api/lib/python3.10/site-packages/torch/nn/modules/module.py\", line 1773, in _wrapped_call_impl\n    return self._call_impl(*args, **kwargs)\n  File \"/home/lijiaxing/.conda/envs/api/lib/python3.10/site-packages/torch/nn/modules/module.py\", line 1784, in _call_impl\n    return forward_call(*args, **kwargs)\n  File \"/tmp/tmpja8xzpfu.py\", line 119, in forward\
2025-08-12 18:20:42,925 - openevolve.RemoteSpeedupEvaluator - INFO - [level1_83_conv_depthwise_2D_square_input_asymmetric_kernel] âœ˜ wrong_answer
2025-08-12 18:20:42,925 - openevolve.evaluator - INFO - Evaluated program c67c9754-262e-4cb6-a1f3-b1bb03b9a20d in 2.43s: compiled=1.0000, correctness=0.0000, score=10.0000, stage=wrong_answer, verify_payload={'id': 'level1_83_conv_depthwise_2D_square_input_asymmetric_kernel', 'result': {'compiled': True, 'correctness': False, 'metadata': {'hardware': 'NVIDIA L20Y', 'device': 'cuda:2', 'runtime_error': 'Traceback (most recent call last):\n  File "/cpfs01/shared/llm_kernel/hujiakai/KernelLLM/validation_api_server/helpers/evaluations.py", line 720, in run_and_check_correctness\n    output_new = model_new(*inputs)\n  File "/home/lijiaxing/.conda/envs/api/lib/python3.10/site-packages/torch/nn/modules/module.py", line 1773, in _wrapped_call_impl\n    return self._call_impl(*args, **kwargs)\n  File "/home/lijiaxing/.conda/envs/api/lib/python3.10/site-packages/torch/nn/modules/module.py", line 1784, in _call_impl\n    return forward_call(*args, **kwargs)\n  File "/tmp/tmpja8xzpfu.py", line 119, in forward\n    _depthwise_conv2d_kernel[grid](\n  File "/home/lijiaxing/.conda/envs/api/lib/python3.10/site-packages/triton/runtime/jit.py", line 390, in <lambda>\n    return lambda *args, **kwargs: self.run(grid=grid, warmup=False, *args, **kwargs)\n  File "/home/lijiaxing/.conda/envs/api/lib/python3.10/site-packages/triton/runtime/autotuner.py", line 239, in run\n    benchmark()\n  File "/home/lijiaxing/.conda/envs/api/lib/python3.10/site-packages/triton/runtime/autotuner.py", line 228, in benchmark\n    timings = {config: self._bench(*args, config=config, **kwargs) for config in pruned_configs}\n  File "/home/lijiaxing/.conda/envs/api/lib/python3.10/site-packages/triton/runtime/autotuner.py", line 228, in <dictcomp>\n    timings = {config: self._bench(*args, config=config, **kwargs) for config in pruned_configs}\n  File "/home/lijiaxing/.conda/envs/api/lib/python3.10/site-packages/triton/runtime/autotuner.py", line 135, in _bench\n    raise ValueError(f"Conflicting meta-parameters: {\', \'.join(conflicts)}."\nValueError: Conflicting meta-parameters: BLOCK_SIZE. Make sure that you don\'t re-define auto-tuned symbols.\n', 'runtime_error_name': 'builtins.ValueError', 'reference_timing_ms': 0.0273, 'speed_up': -1.0, 'custom_timing': -1.0}, 'runtime': -1.0, 'runtime_stats': {}}}
2025-08-12 18:20:42,928 - openevolve.database - INFO - Population size (26) exceeds limit (25), removing 1 programs
2025-08-12 18:20:42,928 - openevolve.database - INFO - Population size after cleanup: 25
2025-08-12 18:20:42,929 - openevolve.llm.ensemble - INFO - Sampled model: deepseek
2025-08-12 18:20:42,940 - openevolve.threaded_parallel - INFO - Iteration 26: Program c67c9754-262e-4cb6-a1f3-b1bb03b9a20d (parent: 65ff553e-25aa-417d-ae68-367a01f30ede) completed in 503.42s
2025-08-12 18:20:42,940 - openevolve.threaded_parallel - INFO - Metrics: compiled=1.0000, correctness=0.0000, score=10.0000, stage=wrong_answer, verify_payload={'id': 'level1_83_conv_depthwise_2D_square_input_asymmetric_kernel', 'result': {'compiled': True, 'correctness': False, 'metadata': {'hardware': 'NVIDIA L20Y', 'device': 'cuda:2', 'runtime_error': 'Traceback (most recent call last):\n  File "/cpfs01/shared/llm_kernel/hujiakai/KernelLLM/validation_api_server/helpers/evaluations.py", line 720, in run_and_check_correctness\n    output_new = model_new(*inputs)\n  File "/home/lijiaxing/.conda/envs/api/lib/python3.10/site-packages/torch/nn/modules/module.py", line 1773, in _wrapped_call_impl\n    return self._call_impl(*args, **kwargs)\n  File "/home/lijiaxing/.conda/envs/api/lib/python3.10/site-packages/torch/nn/modules/module.py", line 1784, in _call_impl\n    return forward_call(*args, **kwargs)\n  File "/tmp/tmpja8xzpfu.py", line 119, in forward\n    _depthwise_conv2d_kernel[grid](\n  File "/home/lijiaxing/.conda/envs/api/lib/python3.10/site-packages/triton/runtime/jit.py", line 390, in <lambda>\n    return lambda *args, **kwargs: self.run(grid=grid, warmup=False, *args, **kwargs)\n  File "/home/lijiaxing/.conda/envs/api/lib/python3.10/site-packages/triton/runtime/autotuner.py", line 239, in run\n    benchmark()\n  File "/home/lijiaxing/.conda/envs/api/lib/python3.10/site-packages/triton/runtime/autotuner.py", line 228, in benchmark\n    timings = {config: self._bench(*args, config=config, **kwargs) for config in pruned_configs}\n  File "/home/lijiaxing/.conda/envs/api/lib/python3.10/site-packages/triton/runtime/autotuner.py", line 228, in <dictcomp>\n    timings = {config: self._bench(*args, config=config, **kwargs) for config in pruned_configs}\n  File "/home/lijiaxing/.conda/envs/api/lib/python3.10/site-packages/triton/runtime/autotuner.py", line 135, in _bench\n    raise ValueError(f"Conflicting meta-parameters: {\', \'.join(conflicts)}."\nValueError: Conflicting meta-parameters: BLOCK_SIZE. Make sure that you don\'t re-define auto-tuned symbols.\n', 'runtime_error_name': 'builtins.ValueError', 'reference_timing_ms': 0.0273, 'speed_up': -1.0, 'custom_timing': -1.0}, 'runtime': -1.0, 'runtime_stats': {}}}
2025-08-12 18:22:40,953 - openevolve.RemoteSpeedupEvaluator - INFO - [level1_83_conv_depthwise_2D_square_input_asymmetric_kernel] triton key words check pass
2025-08-12 18:22:40,954 - openevolve.RemoteSpeedupEvaluator - INFO - [level1_83_conv_depthwise_2D_square_input_asymmetric_kernel] verify_plus payload: reference_code(1671 chars) + custom_code(4421 chars)
2025-08-12 18:22:41,856 - openevolve.RemoteSpeedupEvaluator - INFO - [level1_83_conv_depthwise_2D_square_input_asymmetric_kernel] âœ˜ invalid_answer 'import triton' is not found
2025-08-12 18:22:41,857 - openevolve.evaluator - INFO - Evaluated program 461a58a8-66f0-4cca-add2-ab88b8d676da in 0.00s: compiled=0.0000, correctness=0.0000, score=-100.0000, stage=no_valid_triton_code, feedback=You need to generate real and valid triton code for the core function. The key word 'import triton' is not found.
2025-08-12 18:22:41,860 - openevolve.database - INFO - New MAP-Elites cell occupied: {'score': -1000, 'complexity': 0}
2025-08-12 18:22:41,860 - openevolve.database - INFO - MAP-Elites coverage reached 10.0% (10/100 cells)
2025-08-12 18:22:41,860 - openevolve.database - INFO - Population size (26) exceeds limit (25), removing 1 programs
2025-08-12 18:22:41,860 - openevolve.database - INFO - Population size after cleanup: 25
2025-08-12 18:22:41,867 - openevolve.threaded_parallel - INFO - Iteration 27: Program 461a58a8-66f0-4cca-add2-ab88b8d676da (parent: f640344a-6aad-42be-89bc-30c0bfa9b179) completed in 619.56s
2025-08-12 18:22:41,867 - openevolve.threaded_parallel - INFO - Metrics: compiled=0.0000, correctness=0.0000, score=-100.0000, stage=no_valid_triton_code, feedback=You need to generate real and valid triton code for the core function. The key word 'import triton' is not found.
2025-08-12 18:22:41,867 - openevolve.threaded_parallel - INFO - Checkpoint interval reached at iteration 27
2025-08-12 18:22:41,869 - openevolve.database - INFO - Island Status:
2025-08-12 18:22:41,869 - openevolve.database - INFO -    Island 0: 11 programs, best=20.0000, avg=14.5455, diversity=109.73, gen=10 (best: 65ff553e-25aa-417d-ae68-367a01f30ede)
2025-08-12 18:22:41,869 - openevolve.database - INFO -    Island 1: 8 programs, best=20.0000, avg=2.5000, diversity=1053.65, gen=9 (best: cb6551f9-43ca-4a76-8ccc-82c4ed562a3e)
2025-08-12 18:22:41,869 - openevolve.database - INFO -  * Island 2: 6 programs, best=20.0000, avg=15.0000, diversity=51.28, gen=9 (best: be2f0206-71c9-4ec7-babd-37e82f64fbab)
2025-08-12 18:22:42,112 - openevolve.database - INFO - Saved database with 25 programs to openevolve_output/level1_83_conv_depthwise_2D_square_input_asymmetric_kernel/checkpoints/checkpoint_27
2025-08-12 18:22:42,119 - openevolve.controller - INFO - Saved best program at checkpoint 27 with metrics: compiled=1.0000, correctness=1.0000, stage=success, passed=0.0000, score=20.0000, speed_up=0.4860, runtime_ms=0.0562, meta={'hardware': 'NVIDIA L20Y', 'device': 'cuda:4', 'correctness_trials': '(5 / 5)', 'reference_timing_ms': 0.0273, 'speed_up': 0.486, 'custom_timing': 0.0562}
2025-08-12 18:22:42,119 - openevolve.controller - INFO - Saved checkpoint at iteration 27 to openevolve_output/level1_83_conv_depthwise_2D_square_input_asymmetric_kernel/checkpoints/checkpoint_27
2025-08-12 18:22:43,771 - openevolve.RemoteSpeedupEvaluator - INFO - [level1_83_conv_depthwise_2D_square_input_asymmetric_kernel] verify_plus request success
2025-08-12 18:22:43,771 - openevolve.RemoteSpeedupEvaluator - INFO - [level1_83_conv_depthwise_2D_square_input_asymmetric_kernel] verify_plus response: {"id":"level1_83_conv_depthwise_2D_square_input_asymmetric_kernel","result":{"compiled":true,"correctness":false,"metadata":{"hardware":"NVIDIA L20Y","device":"cuda:2","runtime_error":"Traceback (most recent call last):\n  File \"/home/lijiaxing/.conda/envs/api/lib/python3.10/site-packages/triton/language/core.py\", line 42, in wrapper\n    return fn(*args, **kwargs)\n  File \"/home/lijiaxing/.conda/envs/api/lib/python3.10/site-packages/triton/language/core.py\", line 1654, in arange\n    return _semantic.arange(start, end)\n  File \"/home/lijiaxing/.conda/envs/api/lib/python3.10/site-packages/triton/language/semantic.py\", line 583, in arange\n    raise ValueError(\"arange's range must be a power of 2\")\nValueError: arange's range must be a power of 2\n\nThe above exception was the direc
2025-08-12 18:22:43,771 - openevolve.RemoteSpeedupEvaluator - INFO - [level1_83_conv_depthwise_2D_square_input_asymmetric_kernel] âœ˜ wrong_answer
2025-08-12 18:22:43,772 - openevolve.evaluator - INFO - Evaluated program 3614861a-a3db-43cc-83ed-851d09dc21e5 in 2.82s: compiled=1.0000, correctness=0.0000, score=10.0000, stage=wrong_answer, verify_payload={'id': 'level1_83_conv_depthwise_2D_square_input_asymmetric_kernel', 'result': {'compiled': True, 'correctness': False, 'metadata': {'hardware': 'NVIDIA L20Y', 'device': 'cuda:2', 'runtime_error': 'Traceback (most recent call last):\n  File "/home/lijiaxing/.conda/envs/api/lib/python3.10/site-packages/triton/language/core.py", line 42, in wrapper\n    return fn(*args, **kwargs)\n  File "/home/lijiaxing/.conda/envs/api/lib/python3.10/site-packages/triton/language/core.py", line 1654, in arange\n    return _semantic.arange(start, end)\n  File "/home/lijiaxing/.conda/envs/api/lib/python3.10/site-packages/triton/language/semantic.py", line 583, in arange\n    raise ValueError("arange\'s range must be a power of 2")\nValueError: arange\'s range must be a power of 2\n\nThe above exception was the direct cause of the following exception:\n\nTraceback (most recent call last):\n  File "/cpfs01/shared/llm_kernel/hujiakai/KernelLLM/validation_api_server/helpers/evaluations.py", line 720, in run_and_check_correctness\n    output_new = model_new(*inputs)\n  File "/home/lijiaxing/.conda/envs/api/lib/python3.10/site-packages/torch/nn/modules/module.py", line 1773, in _wrapped_call_impl\n    return self._call_impl(*args, **kwargs)\n  File "/home/lijiaxing/.conda/envs/api/lib/python3.10/site-packages/torch/nn/modules/module.py", line 1784, in _call_impl\n    return forward_call(*args, **kwargs)\n  File "/tmp/tmp8mhz7c7u.py", line 111, in forward\n    _depthwise_conv2d_kernel[grid](\n  File "/home/lijiaxing/.conda/envs/api/lib/python3.10/site-packages/triton/runtime/jit.py", line 390, in <lambda>\n    return lambda *args, **kwargs: self.run(grid=grid, warmup=False, *args, **kwargs)\n  File "/home/lijiaxing/.conda/envs/api/lib/python3.10/site-packages/triton/runtime/jit.py", line 594, in run\n    kernel = self.compile(src, target=target, options=options.__dict__)\n  File "/home/lijiaxing/.conda/envs/api/lib/python3.10/site-packages/triton/compiler/compiler.py", line 339, in compile\n    module = src.make_ir(options, codegen_fns, module_map, context)\n  File "/home/lijiaxing/.conda/envs/api/lib/python3.10/site-packages/triton/compiler/compiler.py", line 83, in make_ir\n    return ast_to_ttir(self.fn, self, context=context, options=options, codegen_fns=codegen_fns,\ntriton.compiler.errors.CompilationError: at 32:21:\n        return\n\n    batch_id = pid // (in_channels * out_height)\n    residual = pid % (in_channels * out_height)\n    channel_id = residual // out_height\n    oh_index = residual % out_height\n\n    base_row = oh_index * stride - padding\n    weight_ptr_channel = weight_ptr + channel_id * kernel_size\n\n    # Preload entire kernel weights into registers\n    weight_offsets = tl.arange(0, kernel_size)\n                     ^\n\n\nThe above exception was the direct cause of the following exception:\n\nTraceback (most recent call last):\n  File "/home/lijiaxing/.conda/envs/api/lib/python3.10/site-packages/triton/language/core.py", line 42, in wrapper\n    return fn(*args, **kwargs)\n  File "/home/lijiaxing/.conda/envs/api/lib/python3.10/site-packages/triton/language/core.py", line 1654, in arange\n    return _semantic.arange(start, end)\n  File "/home/lijiaxing/.conda/envs/api/lib/python3.10/site-packages/triton/language/semantic.py", line 583, in arange\n    raise ValueError("arange\'s range must be a power of 2")\nValueError: arange\'s range must be a power of 2\n', 'runtime_error_name': 'triton.compiler.errors.CompilationError', 'reference_timing_ms': 0.0273, 'speed_up': -1.0, 'custom_timing': -1.0}, 'runtime': -1.0, 'runtime_stats': {}}}
2025-08-12 18:22:43,781 - openevolve.database - INFO - Population size (26) exceeds limit (25), removing 1 programs
2025-08-12 18:22:43,781 - openevolve.database - INFO - Population size after cleanup: 25
2025-08-12 18:22:43,798 - openevolve.threaded_parallel - INFO - Iteration 28: Program 3614861a-a3db-43cc-83ed-851d09dc21e5 (parent: be2f0206-71c9-4ec7-babd-37e82f64fbab) completed in 527.67s
2025-08-12 18:22:43,798 - openevolve.threaded_parallel - INFO - Metrics: compiled=1.0000, correctness=0.0000, score=10.0000, stage=wrong_answer, verify_payload={'id': 'level1_83_conv_depthwise_2D_square_input_asymmetric_kernel', 'result': {'compiled': True, 'correctness': False, 'metadata': {'hardware': 'NVIDIA L20Y', 'device': 'cuda:2', 'runtime_error': 'Traceback (most recent call last):\n  File "/home/lijiaxing/.conda/envs/api/lib/python3.10/site-packages/triton/language/core.py", line 42, in wrapper\n    return fn(*args, **kwargs)\n  File "/home/lijiaxing/.conda/envs/api/lib/python3.10/site-packages/triton/language/core.py", line 1654, in arange\n    return _semantic.arange(start, end)\n  File "/home/lijiaxing/.conda/envs/api/lib/python3.10/site-packages/triton/language/semantic.py", line 583, in arange\n    raise ValueError("arange\'s range must be a power of 2")\nValueError: arange\'s range must be a power of 2\n\nThe above exception was the direct cause of the following exception:\n\nTraceback (most recent call last):\n  File "/cpfs01/shared/llm_kernel/hujiakai/KernelLLM/validation_api_server/helpers/evaluations.py", line 720, in run_and_check_correctness\n    output_new = model_new(*inputs)\n  File "/home/lijiaxing/.conda/envs/api/lib/python3.10/site-packages/torch/nn/modules/module.py", line 1773, in _wrapped_call_impl\n    return self._call_impl(*args, **kwargs)\n  File "/home/lijiaxing/.conda/envs/api/lib/python3.10/site-packages/torch/nn/modules/module.py", line 1784, in _call_impl\n    return forward_call(*args, **kwargs)\n  File "/tmp/tmp8mhz7c7u.py", line 111, in forward\n    _depthwise_conv2d_kernel[grid](\n  File "/home/lijiaxing/.conda/envs/api/lib/python3.10/site-packages/triton/runtime/jit.py", line 390, in <lambda>\n    return lambda *args, **kwargs: self.run(grid=grid, warmup=False, *args, **kwargs)\n  File "/home/lijiaxing/.conda/envs/api/lib/python3.10/site-packages/triton/runtime/jit.py", line 594, in run\n    kernel = self.compile(src, target=target, options=options.__dict__)\n  File "/home/lijiaxing/.conda/envs/api/lib/python3.10/site-packages/triton/compiler/compiler.py", line 339, in compile\n    module = src.make_ir(options, codegen_fns, module_map, context)\n  File "/home/lijiaxing/.conda/envs/api/lib/python3.10/site-packages/triton/compiler/compiler.py", line 83, in make_ir\n    return ast_to_ttir(self.fn, self, context=context, options=options, codegen_fns=codegen_fns,\ntriton.compiler.errors.CompilationError: at 32:21:\n        return\n\n    batch_id = pid // (in_channels * out_height)\n    residual = pid % (in_channels * out_height)\n    channel_id = residual // out_height\n    oh_index = residual % out_height\n\n    base_row = oh_index * stride - padding\n    weight_ptr_channel = weight_ptr + channel_id * kernel_size\n\n    # Preload entire kernel weights into registers\n    weight_offsets = tl.arange(0, kernel_size)\n                     ^\n\n\nThe above exception was the direct cause of the following exception:\n\nTraceback (most recent call last):\n  File "/home/lijiaxing/.conda/envs/api/lib/python3.10/site-packages/triton/language/core.py", line 42, in wrapper\n    return fn(*args, **kwargs)\n  File "/home/lijiaxing/.conda/envs/api/lib/python3.10/site-packages/triton/language/core.py", line 1654, in arange\n    return _semantic.arange(start, end)\n  File "/home/lijiaxing/.conda/envs/api/lib/python3.10/site-packages/triton/language/semantic.py", line 583, in arange\n    raise ValueError("arange\'s range must be a power of 2")\nValueError: arange\'s range must be a power of 2\n', 'runtime_error_name': 'triton.compiler.errors.CompilationError', 'reference_timing_ms': 0.0273, 'speed_up': -1.0, 'custom_timing': -1.0}, 'runtime': -1.0, 'runtime_stats': {}}}
2025-08-12 18:25:23,773 - openevolve.RemoteSpeedupEvaluator - INFO - [level1_83_conv_depthwise_2D_square_input_asymmetric_kernel] âœ˜ invalid_answer 'import triton' is not found
2025-08-12 18:25:23,774 - openevolve.evaluator - INFO - Evaluated program 60ce881a-807e-4cd2-aa4d-c697fd965cd7 in 0.00s: compiled=0.0000, correctness=0.0000, score=-100.0000, stage=no_valid_triton_code, feedback=You need to generate real and valid triton code for the core function. The key word 'import triton' is not found.
2025-08-12 18:25:23,778 - openevolve.database - INFO - New MAP-Elites cell occupied: {'score': -1000, 'complexity': 0}
2025-08-12 18:25:23,778 - openevolve.database - INFO - MAP-Elites coverage reached 10.0% (10/100 cells)
2025-08-12 18:25:23,778 - openevolve.database - INFO - Population size (26) exceeds limit (25), removing 1 programs
2025-08-12 18:25:23,778 - openevolve.database - INFO - Population size after cleanup: 25
2025-08-12 18:25:23,790 - openevolve.threaded_parallel - INFO - Iteration 29: Program 60ce881a-807e-4cd2-aa4d-c697fd965cd7 (parent: f69b449f-dacc-4671-9ec6-87ba7376eb2f) completed in 280.85s
2025-08-12 18:25:23,790 - openevolve.threaded_parallel - INFO - Metrics: compiled=0.0000, correctness=0.0000, score=-100.0000, stage=no_valid_triton_code, feedback=You need to generate real and valid triton code for the core function. The key word 'import triton' is not found.
2025-08-12 18:25:23,790 - openevolve.threaded_parallel - INFO - Evolution completed
2025-08-12 18:25:23,802 - openevolve.threaded_parallel - INFO - Stopped thread pool
2025-08-12 18:25:23,802 - openevolve.threaded_parallel - INFO - Stopped improved parallel controller
2025-08-12 18:25:23,802 - openevolve.controller - INFO - Using tracked best program: 65ff553e-25aa-417d-ae68-367a01f30ede
2025-08-12 18:25:23,802 - openevolve.controller - INFO - Evolution complete. Best program has metrics: compiled=1.0000, correctness=1.0000, stage=success, passed=0.0000, score=20.0000, speed_up=0.4860, runtime_ms=0.0562, meta={'hardware': 'NVIDIA L20Y', 'device': 'cuda:4', 'correctness_trials': '(5 / 5)', 'reference_timing_ms': 0.0273, 'speed_up': 0.486, 'custom_timing': 0.0562}
2025-08-12 18:25:23,854 - openevolve.controller - INFO - Saved best program to openevolve_output/level1_83_conv_depthwise_2D_square_input_asymmetric_kernel/best/best_program.py with program info to openevolve_output/level1_83_conv_depthwise_2D_square_input_asymmetric_kernel/best/best_program_info.json
2025-08-12 18:25:23,855 - __main__ - INFO - âœ… å®Œæˆ level1_83_conv_depthwise_2D_square_input_asymmetric_kernel
2025-08-12 18:25:23,855 - __main__ - INFO - ======================================================================
2025-08-12 18:25:23,855 - __main__ - INFO - ðŸš€ [5/10] å¼€å§‹ level2_1_Conv2D_ReLU_BiasAdd
2025-08-12 18:25:23,855 - __main__ - INFO - ======================================================================
2025-08-12 18:25:23,856 - __main__ - INFO - âœ… å®Œæˆ level2_1_Conv2D_ReLU_BiasAdd
2025-08-12 18:25:23,856 - __main__ - INFO - ======================================================================
2025-08-12 18:25:23,856 - __main__ - INFO - ðŸš€ [6/10] å¼€å§‹ level2_47_Conv3d_Mish_Tanh
2025-08-12 18:25:23,856 - __main__ - INFO - ======================================================================
2025-08-12 18:25:23,857 - __main__ - INFO - âœ… å®Œæˆ level2_47_Conv3d_Mish_Tanh
2025-08-12 18:25:23,857 - __main__ - INFO - ======================================================================
2025-08-12 18:25:23,857 - __main__ - INFO - ðŸš€ [7/10] å¼€å§‹ level2_74_ConvTranspose3d_LeakyReLU_Multiply_LeakyReLU_Max
2025-08-12 18:25:23,857 - __main__ - INFO - ======================================================================
2025-08-12 18:25:23,858 - __main__ - INFO - âœ… å®Œæˆ level2_74_ConvTranspose3d_LeakyReLU_Multiply_LeakyReLU_Max
2025-08-12 18:25:23,858 - __main__ - INFO - ======================================================================
2025-08-12 18:25:23,858 - __main__ - INFO - ðŸš€ [8/10] å¼€å§‹ level3_11_VGG16
2025-08-12 18:25:23,858 - __main__ - INFO - ======================================================================
2025-08-12 18:25:23,858 - __main__ - INFO - âœ… å®Œæˆ level3_11_VGG16
2025-08-12 18:25:23,858 - __main__ - INFO - ======================================================================
2025-08-12 18:25:23,858 - __main__ - INFO - ðŸš€ [9/10] å¼€å§‹ level3_39_GRU
2025-08-12 18:25:23,858 - __main__ - INFO - ======================================================================
2025-08-12 18:25:23,859 - __main__ - INFO - âœ… å®Œæˆ level3_39_GRU
2025-08-12 18:25:23,859 - __main__ - INFO - ======================================================================
2025-08-12 18:25:23,859 - __main__ - INFO - ðŸš€ [10/10] å¼€å§‹ level4_20_facebook-bart-large_bs32_seq256
2025-08-12 18:25:23,859 - __main__ - INFO - ======================================================================
2025-08-12 18:25:23,898 - openevolve.controller - INFO - Logging to openevolve_output/level4_20_facebook-bart-large_bs32_seq256/logs/openevolve_20250812_182523.log
2025-08-12 18:25:23,898 - openevolve.controller - INFO - Set random seed to 42 for reproducibility
2025-08-12 18:25:23,938 - openevolve.llm.ensemble - INFO - Initialized LLM ensemble with models: deepseek (weight: 0.80), deepseek (weight: 0.20)
2025-08-12 18:25:23,977 - openevolve.llm.ensemble - INFO - Initialized LLM ensemble with models: deepseek (weight: 0.80), deepseek (weight: 0.20)
2025-08-12 18:25:23,977 - openevolve.prompt.sampler - INFO - Set custom templates: system=evaluator_system_message, user=None
2025-08-12 18:25:23,978 - openevolve.database - INFO - Initialized program database with 0 programs
2025-08-12 18:25:24,002 - openevolve.evaluator - INFO - Successfully loaded evaluation function from openevolve_output/level4_20_facebook-bart-large_bs32_seq256/evaluation.py
2025-08-12 18:25:24,002 - openevolve.evaluator - INFO - Initialized evaluator with openevolve_output/level4_20_facebook-bart-large_bs32_seq256/evaluation.py
2025-08-12 18:25:24,002 - openevolve.controller - INFO - Initialized OpenEvolve with /tmp/4d586a5d431095a91b99d8590c14f895.py
2025-08-12 18:25:24,002 - openevolve.controller - INFO - Adding initial program to database
2025-08-12 18:25:24,003 - openevolve.RemoteSpeedupEvaluator - INFO - [level4_20_facebook-bart-large_bs32_seq256] verify_plus payload: reference_code(718 chars) + custom_code(839 chars)
2025-08-12 18:25:38,027 - openevolve.RemoteSpeedupEvaluator - INFO - [level4_20_facebook-bart-large_bs32_seq256] verify_plus request success
2025-08-12 18:25:38,027 - openevolve.RemoteSpeedupEvaluator - INFO - [level4_20_facebook-bart-large_bs32_seq256] verify_plus response: {"id":"level4_20_facebook-bart-large_bs32_seq256","result":{"error":"We couldn't connect to 'https://huggingface.co' to load the files, and couldn't find them in the cached files.\nCheck your internet connection or see how to run the library in offline mode at 'https://huggingface.co/docs/transformers/installation#offline-mode'.\nTraceback (most recent call last):\n  File \"/home/lijiaxing/.conda/envs/api/lib/python3.10/site-packages/urllib3/connection.py\", line 198, in _new_conn\n    sock = connection.create_connection(\n  File \"/home/lijiaxing/.conda/envs/api/lib/python3.10/site-packages/urllib3/util/connection.py\", line 85, in create_connection\n    raise err\n  File \"/home/lijiaxing/.conda/envs/api/lib/python3.10/site-packages/urllib3/util/connection.py\", line 73, in create_connec
2025-08-12 18:25:38,028 - openevolve.evaluator - WARNING - Evaluation attempt 1/4 failed for program 0749f73c-7df8-4ef9-a3bc-a53bcac044a6: Error: The reference code is not valid or correct. The verify result is: {'error': 'We couldn\'t connect to \'https://huggingface.co\' to load the files, and couldn\'t find them in the cached files.\nCheck your internet connection or see how to run the library in offline mode at \'https://huggingface.co/docs/transformers/installation#offline-mode\'.\nTraceback (most recent call last):\n  File "/home/lijiaxing/.conda/envs/api/lib/python3.10/site-packages/urllib3/connection.py", line 198, in _new_conn\n    sock = connection.create_connection(\n  File "/home/lijiaxing/.conda/envs/api/lib/python3.10/site-packages/urllib3/util/connection.py", line 85, in create_connection\n    raise err\n  File "/home/lijiaxing/.conda/envs/api/lib/python3.10/site-packages/urllib3/util/connection.py", line 73, in create_connection\n    sock.connect(sa)\nOSError: [Errno 101] Network is unreachable\n\nThe above exception was the direct cause of the following exception:\n\nTraceback (most recent call last):\n  File "/home/lijiaxing/.conda/envs/api/lib/python3.10/site-packages/urllib3/connectionpool.py", line 787, in urlopen\n    response = self._make_request(\n  File "/home/lijiaxing/.conda/envs/api/lib/python3.10/site-packages/urllib3/connectionpool.py", line 488, in _make_request\n    raise new_e\n  File "/home/lijiaxing/.conda/envs/api/lib/python3.10/site-packages/urllib3/connectionpool.py", line 464, in _make_request\n    self._validate_conn(conn)\n  File "/home/lijiaxing/.conda/envs/api/lib/python3.10/site-packages/urllib3/connectionpool.py", line 1093, in _validate_conn\n    conn.connect()\n  File "/home/lijiaxing/.conda/envs/api/lib/python3.10/site-packages/urllib3/connection.py", line 753, in connect\n    self.sock = sock = self._new_conn()\n  File "/home/lijiaxing/.conda/envs/api/lib/python3.10/site-packages/urllib3/connection.py", line 213, in _new_conn\n    raise NewConnectionError(\nurllib3.exceptions.NewConnectionError: <urllib3.connection.HTTPSConnection object at 0x7f72c49a9420>: Failed to establish a new connection: [Errno 101] Network is unreachable\n\nThe above exception was the direct cause of the following exception:\n\nTraceback (most recent call last):\n  File "/home/lijiaxing/.conda/envs/api/lib/python3.10/site-packages/requests/adapters.py", line 667, in send\n    resp = conn.urlopen(\n  File "/home/lijiaxing/.conda/envs/api/lib/python3.10/site-packages/urllib3/connectionpool.py", line 841, in urlopen\n    retries = retries.increment(\n  File "/home/lijiaxing/.conda/envs/api/lib/python3.10/site-packages/urllib3/util/retry.py", line 519, in increment\n    raise MaxRetryError(_pool, url, reason) from reason  # type: ignore[arg-type]\nurllib3.exceptions.MaxRetryError: HTTPSConnectionPool(host=\'huggingface.co\', port=443): Max retries exceeded with url: /facebook/bart-large/resolve/main/config.json (Caused by NewConnectionError(\'<urllib3.connection.HTTPSConnection object at 0x7f72c49a9420>: Failed to establish a new connection: [Errno 101] Network is unreachable\'))\n\nDuring handling of the above exception, another exception occurred:\n\nTraceback (most recent call last):\n  File "/home/lijiaxing/.conda/envs/api/lib/python3.10/site-packages/huggingface_hub/file_download.py", line 1546, in _get_metadata_or_catch_error\n    metadata = get_hf_file_metadata(\n  File "/home/lijiaxing/.conda/envs/api/lib/python3.10/site-packages/huggingface_hub/utils/_validators.py", line 114, in _inner_fn\n    return fn(*args, **kwargs)\n  File "/home/lijiaxing/.conda/envs/api/lib/python3.10/site-packages/huggingface_hub/file_download.py", line 1463, in get_hf_file_metadata\n    r = _request_wrapper(\n  File "/home/lijiaxing/.conda/envs/api/lib/python3.10/site-packages/huggingface_hub/file_download.py", line 286, in _request_wrapper\n    response = _request_wrapper(\n  File "/home/lijiaxing/.conda/envs/api/lib/python3.10/site-packages/huggingface_hub/file_download.py", line 309, in _request_wrapper\n    response = http_backoff(method=method, url=url, **params, retry_on_exceptions=(), retry_on_status_codes=(429,))\n  File "/home/lijiaxing/.conda/envs/api/lib/python3.10/site-packages/huggingface_hub/utils/_http.py", line 310, in http_backoff\n    response = session.request(method=method, url=url, **kwargs)\n  File "/home/lijiaxing/.conda/envs/api/lib/python3.10/site-packages/requests/sessions.py", line 589, in request\n    resp = self.send(prep, **send_kwargs)\n  File "/home/lijiaxing/.conda/envs/api/lib/python3.10/site-packages/requests/sessions.py", line 703, in send\n    r = adapter.send(request, **kwargs)\n  File "/home/lijiaxing/.conda/envs/api/lib/python3.10/site-packages/huggingface_hub/utils/_http.py", line 96, in send\n    return super().send(request, *args, **kwargs)\n  File "/home/lijiaxing/.conda/envs/api/lib/python3.10/site-packages/requests/adapters.py", line 700, in send\n    raise ConnectionError(e, request=request)\nrequests.exceptions.ConnectionError: (MaxRetryError("HTTPSConnectionPool(host=\'huggingface.co\', port=443): Max retries exceeded with url: /facebook/bart-large/resolve/main/config.json (Caused by NewConnectionError(\'<urllib3.connection.HTTPSConnection object at 0x7f72c49a9420>: Failed to establish a new connection: [Errno 101] Network is unreachable\'))"), \'(Request ID: dd03906e-dd5a-40e1-b56f-953a091d4122)\')\n\nThe above exception was the direct cause of the following exception:\n\nTraceback (most recent call last):\n  File "/home/lijiaxing/.conda/envs/api/lib/python3.10/site-packages/transformers/utils/hub.py", line 479, in cached_files\n    hf_hub_download(\n  File "/home/lijiaxing/.conda/envs/api/lib/python3.10/site-packages/huggingface_hub/utils/_validators.py", line 114, in _inner_fn\n    return fn(*args, **kwargs)\n  File "/home/lijiaxing/.conda/envs/api/lib/python3.10/site-packages/huggingface_hub/file_download.py", line 1010, in hf_hub_download\n    return _hf_hub_download_to_cache_dir(\n  File "/home/lijiaxing/.conda/envs/api/lib/python3.10/site-packages/huggingface_hub/file_download.py", line 1117, in _hf_hub_download_to_cache_dir\n    _raise_on_head_call_error(head_call_error, force_download, local_files_only)\n  File "/home/lijiaxing/.conda/envs/api/lib/python3.10/site-packages/huggingface_hub/file_download.py", line 1661, in _raise_on_head_call_error\n    raise LocalEntryNotFoundError(\nhuggingface_hub.errors.LocalEntryNotFoundError: An error happened while trying to locate the file on the Hub and we cannot find the requested files in the local cache. Please check your connection and try again or make sure your Internet connection is on.\n\nThe above exception was the direct cause of the following exception:\n\nTraceback (most recent call last):\n  File "/cpfs01/shared/llm_kernel/hujiakai/KernelLLM/validation_api_server/evaluator.py", line 92, in _measure_perf_worker\n    exec(textwrap.dedent(code_src), temp_module.__dict__)\n  File "<string>", line 16, in <module>\n  File "/home/lijiaxing/.conda/envs/api/lib/python3.10/site-packages/transformers/models/auto/configuration_auto.py", line 1250, in from_pretrained\n    config_dict, unused_kwargs = PretrainedConfig.get_config_dict(pretrained_model_name_or_path, **kwargs)\n  File "/home/lijiaxing/.conda/envs/api/lib/python3.10/site-packages/transformers/configuration_utils.py", line 649, in get_config_dict\n    config_dict, kwargs = cls._get_config_dict(pretrained_model_name_or_path, **kwargs)\n  File "/home/lijiaxing/.conda/envs/api/lib/python3.10/site-packages/transformers/configuration_utils.py", line 708, in _get_config_dict\n    resolved_config_file = cached_file(\n  File "/home/lijiaxing/.conda/envs/api/lib/python3.10/site-packages/transformers/utils/hub.py", line 321, in cached_file\n    file = cached_files(path_or_repo_id=path_or_repo_id, filenames=[filename], **kwargs)\n  File "/home/lijiaxing/.conda/envs/api/lib/python3.10/site-packages/transformers/utils/hub.py", line 553, in cached_files\n    raise OSError(\nOSError: We couldn\'t connect to \'https://huggingface.co\' to load the files, and couldn\'t find them in the cached files.\nCheck your internet connection or see how to run the library in offline mode at \'https://huggingface.co/docs/transformers/installation#offline-mode\'.\n'}
2025-08-12 18:25:39,035 - openevolve.RemoteSpeedupEvaluator - INFO - [level4_20_facebook-bart-large_bs32_seq256] verify_plus payload: reference_code(718 chars) + custom_code(839 chars)
2025-08-12 18:25:53,150 - openevolve.RemoteSpeedupEvaluator - INFO - [level4_20_facebook-bart-large_bs32_seq256] verify_plus request success
2025-08-12 18:25:53,150 - openevolve.RemoteSpeedupEvaluator - INFO - [level4_20_facebook-bart-large_bs32_seq256] verify_plus response: {"id":"level4_20_facebook-bart-large_bs32_seq256","result":{"error":"We couldn't connect to 'https://huggingface.co' to load the files, and couldn't find them in the cached files.\nCheck your internet connection or see how to run the library in offline mode at 'https://huggingface.co/docs/transformers/installation#offline-mode'.\nTraceback (most recent call last):\n  File \"/home/lijiaxing/.conda/envs/api/lib/python3.10/site-packages/urllib3/connection.py\", line 198, in _new_conn\n    sock = connection.create_connection(\n  File \"/home/lijiaxing/.conda/envs/api/lib/python3.10/site-packages/urllib3/util/connection.py\", line 85, in create_connection\n    raise err\n  File \"/home/lijiaxing/.conda/envs/api/lib/python3.10/site-packages/urllib3/util/connection.py\", line 73, in create_connec
2025-08-12 18:25:53,150 - openevolve.evaluator - WARNING - Evaluation attempt 2/4 failed for program 0749f73c-7df8-4ef9-a3bc-a53bcac044a6: Error: The reference code is not valid or correct. The verify result is: {'error': 'We couldn\'t connect to \'https://huggingface.co\' to load the files, and couldn\'t find them in the cached files.\nCheck your internet connection or see how to run the library in offline mode at \'https://huggingface.co/docs/transformers/installation#offline-mode\'.\nTraceback (most recent call last):\n  File "/home/lijiaxing/.conda/envs/api/lib/python3.10/site-packages/urllib3/connection.py", line 198, in _new_conn\n    sock = connection.create_connection(\n  File "/home/lijiaxing/.conda/envs/api/lib/python3.10/site-packages/urllib3/util/connection.py", line 85, in create_connection\n    raise err\n  File "/home/lijiaxing/.conda/envs/api/lib/python3.10/site-packages/urllib3/util/connection.py", line 73, in create_connection\n    sock.connect(sa)\nOSError: [Errno 101] Network is unreachable\n\nThe above exception was the direct cause of the following exception:\n\nTraceback (most recent call last):\n  File "/home/lijiaxing/.conda/envs/api/lib/python3.10/site-packages/urllib3/connectionpool.py", line 787, in urlopen\n    response = self._make_request(\n  File "/home/lijiaxing/.conda/envs/api/lib/python3.10/site-packages/urllib3/connectionpool.py", line 488, in _make_request\n    raise new_e\n  File "/home/lijiaxing/.conda/envs/api/lib/python3.10/site-packages/urllib3/connectionpool.py", line 464, in _make_request\n    self._validate_conn(conn)\n  File "/home/lijiaxing/.conda/envs/api/lib/python3.10/site-packages/urllib3/connectionpool.py", line 1093, in _validate_conn\n    conn.connect()\n  File "/home/lijiaxing/.conda/envs/api/lib/python3.10/site-packages/urllib3/connection.py", line 753, in connect\n    self.sock = sock = self._new_conn()\n  File "/home/lijiaxing/.conda/envs/api/lib/python3.10/site-packages/urllib3/connection.py", line 213, in _new_conn\n    raise NewConnectionError(\nurllib3.exceptions.NewConnectionError: <urllib3.connection.HTTPSConnection object at 0x7f9ee58c93f0>: Failed to establish a new connection: [Errno 101] Network is unreachable\n\nThe above exception was the direct cause of the following exception:\n\nTraceback (most recent call last):\n  File "/home/lijiaxing/.conda/envs/api/lib/python3.10/site-packages/requests/adapters.py", line 667, in send\n    resp = conn.urlopen(\n  File "/home/lijiaxing/.conda/envs/api/lib/python3.10/site-packages/urllib3/connectionpool.py", line 841, in urlopen\n    retries = retries.increment(\n  File "/home/lijiaxing/.conda/envs/api/lib/python3.10/site-packages/urllib3/util/retry.py", line 519, in increment\n    raise MaxRetryError(_pool, url, reason) from reason  # type: ignore[arg-type]\nurllib3.exceptions.MaxRetryError: HTTPSConnectionPool(host=\'huggingface.co\', port=443): Max retries exceeded with url: /facebook/bart-large/resolve/main/config.json (Caused by NewConnectionError(\'<urllib3.connection.HTTPSConnection object at 0x7f9ee58c93f0>: Failed to establish a new connection: [Errno 101] Network is unreachable\'))\n\nDuring handling of the above exception, another exception occurred:\n\nTraceback (most recent call last):\n  File "/home/lijiaxing/.conda/envs/api/lib/python3.10/site-packages/huggingface_hub/file_download.py", line 1546, in _get_metadata_or_catch_error\n    metadata = get_hf_file_metadata(\n  File "/home/lijiaxing/.conda/envs/api/lib/python3.10/site-packages/huggingface_hub/utils/_validators.py", line 114, in _inner_fn\n    return fn(*args, **kwargs)\n  File "/home/lijiaxing/.conda/envs/api/lib/python3.10/site-packages/huggingface_hub/file_download.py", line 1463, in get_hf_file_metadata\n    r = _request_wrapper(\n  File "/home/lijiaxing/.conda/envs/api/lib/python3.10/site-packages/huggingface_hub/file_download.py", line 286, in _request_wrapper\n    response = _request_wrapper(\n  File "/home/lijiaxing/.conda/envs/api/lib/python3.10/site-packages/huggingface_hub/file_download.py", line 309, in _request_wrapper\n    response = http_backoff(method=method, url=url, **params, retry_on_exceptions=(), retry_on_status_codes=(429,))\n  File "/home/lijiaxing/.conda/envs/api/lib/python3.10/site-packages/huggingface_hub/utils/_http.py", line 310, in http_backoff\n    response = session.request(method=method, url=url, **kwargs)\n  File "/home/lijiaxing/.conda/envs/api/lib/python3.10/site-packages/requests/sessions.py", line 589, in request\n    resp = self.send(prep, **send_kwargs)\n  File "/home/lijiaxing/.conda/envs/api/lib/python3.10/site-packages/requests/sessions.py", line 703, in send\n    r = adapter.send(request, **kwargs)\n  File "/home/lijiaxing/.conda/envs/api/lib/python3.10/site-packages/huggingface_hub/utils/_http.py", line 96, in send\n    return super().send(request, *args, **kwargs)\n  File "/home/lijiaxing/.conda/envs/api/lib/python3.10/site-packages/requests/adapters.py", line 700, in send\n    raise ConnectionError(e, request=request)\nrequests.exceptions.ConnectionError: (MaxRetryError("HTTPSConnectionPool(host=\'huggingface.co\', port=443): Max retries exceeded with url: /facebook/bart-large/resolve/main/config.json (Caused by NewConnectionError(\'<urllib3.connection.HTTPSConnection object at 0x7f9ee58c93f0>: Failed to establish a new connection: [Errno 101] Network is unreachable\'))"), \'(Request ID: 3b8701e6-1df1-4f46-9f6a-8dff6fd409b8)\')\n\nThe above exception was the direct cause of the following exception:\n\nTraceback (most recent call last):\n  File "/home/lijiaxing/.conda/envs/api/lib/python3.10/site-packages/transformers/utils/hub.py", line 479, in cached_files\n    hf_hub_download(\n  File "/home/lijiaxing/.conda/envs/api/lib/python3.10/site-packages/huggingface_hub/utils/_validators.py", line 114, in _inner_fn\n    return fn(*args, **kwargs)\n  File "/home/lijiaxing/.conda/envs/api/lib/python3.10/site-packages/huggingface_hub/file_download.py", line 1010, in hf_hub_download\n    return _hf_hub_download_to_cache_dir(\n  File "/home/lijiaxing/.conda/envs/api/lib/python3.10/site-packages/huggingface_hub/file_download.py", line 1117, in _hf_hub_download_to_cache_dir\n    _raise_on_head_call_error(head_call_error, force_download, local_files_only)\n  File "/home/lijiaxing/.conda/envs/api/lib/python3.10/site-packages/huggingface_hub/file_download.py", line 1661, in _raise_on_head_call_error\n    raise LocalEntryNotFoundError(\nhuggingface_hub.errors.LocalEntryNotFoundError: An error happened while trying to locate the file on the Hub and we cannot find the requested files in the local cache. Please check your connection and try again or make sure your Internet connection is on.\n\nThe above exception was the direct cause of the following exception:\n\nTraceback (most recent call last):\n  File "/cpfs01/shared/llm_kernel/hujiakai/KernelLLM/validation_api_server/evaluator.py", line 92, in _measure_perf_worker\n    exec(textwrap.dedent(code_src), temp_module.__dict__)\n  File "<string>", line 16, in <module>\n  File "/home/lijiaxing/.conda/envs/api/lib/python3.10/site-packages/transformers/models/auto/configuration_auto.py", line 1250, in from_pretrained\n    config_dict, unused_kwargs = PretrainedConfig.get_config_dict(pretrained_model_name_or_path, **kwargs)\n  File "/home/lijiaxing/.conda/envs/api/lib/python3.10/site-packages/transformers/configuration_utils.py", line 649, in get_config_dict\n    config_dict, kwargs = cls._get_config_dict(pretrained_model_name_or_path, **kwargs)\n  File "/home/lijiaxing/.conda/envs/api/lib/python3.10/site-packages/transformers/configuration_utils.py", line 708, in _get_config_dict\n    resolved_config_file = cached_file(\n  File "/home/lijiaxing/.conda/envs/api/lib/python3.10/site-packages/transformers/utils/hub.py", line 321, in cached_file\n    file = cached_files(path_or_repo_id=path_or_repo_id, filenames=[filename], **kwargs)\n  File "/home/lijiaxing/.conda/envs/api/lib/python3.10/site-packages/transformers/utils/hub.py", line 553, in cached_files\n    raise OSError(\nOSError: We couldn\'t connect to \'https://huggingface.co\' to load the files, and couldn\'t find them in the cached files.\nCheck your internet connection or see how to run the library in offline mode at \'https://huggingface.co/docs/transformers/installation#offline-mode\'.\n'}
2025-08-12 18:25:54,153 - openevolve.RemoteSpeedupEvaluator - INFO - [level4_20_facebook-bart-large_bs32_seq256] verify_plus payload: reference_code(718 chars) + custom_code(839 chars)
2025-08-12 18:26:08,366 - openevolve.RemoteSpeedupEvaluator - INFO - [level4_20_facebook-bart-large_bs32_seq256] verify_plus request success
2025-08-12 18:26:08,366 - openevolve.RemoteSpeedupEvaluator - INFO - [level4_20_facebook-bart-large_bs32_seq256] verify_plus response: {"id":"level4_20_facebook-bart-large_bs32_seq256","result":{"error":"We couldn't connect to 'https://huggingface.co' to load the files, and couldn't find them in the cached files.\nCheck your internet connection or see how to run the library in offline mode at 'https://huggingface.co/docs/transformers/installation#offline-mode'.\nTraceback (most recent call last):\n  File \"/home/lijiaxing/.conda/envs/api/lib/python3.10/site-packages/urllib3/connection.py\", line 198, in _new_conn\n    sock = connection.create_connection(\n  File \"/home/lijiaxing/.conda/envs/api/lib/python3.10/site-packages/urllib3/util/connection.py\", line 85, in create_connection\n    raise err\n  File \"/home/lijiaxing/.conda/envs/api/lib/python3.10/site-packages/urllib3/util/connection.py\", line 73, in create_connec
2025-08-12 18:26:08,367 - openevolve.evaluator - WARNING - Evaluation attempt 3/4 failed for program 0749f73c-7df8-4ef9-a3bc-a53bcac044a6: Error: The reference code is not valid or correct. The verify result is: {'error': 'We couldn\'t connect to \'https://huggingface.co\' to load the files, and couldn\'t find them in the cached files.\nCheck your internet connection or see how to run the library in offline mode at \'https://huggingface.co/docs/transformers/installation#offline-mode\'.\nTraceback (most recent call last):\n  File "/home/lijiaxing/.conda/envs/api/lib/python3.10/site-packages/urllib3/connection.py", line 198, in _new_conn\n    sock = connection.create_connection(\n  File "/home/lijiaxing/.conda/envs/api/lib/python3.10/site-packages/urllib3/util/connection.py", line 85, in create_connection\n    raise err\n  File "/home/lijiaxing/.conda/envs/api/lib/python3.10/site-packages/urllib3/util/connection.py", line 73, in create_connection\n    sock.connect(sa)\nOSError: [Errno 101] Network is unreachable\n\nThe above exception was the direct cause of the following exception:\n\nTraceback (most recent call last):\n  File "/home/lijiaxing/.conda/envs/api/lib/python3.10/site-packages/urllib3/connectionpool.py", line 787, in urlopen\n    response = self._make_request(\n  File "/home/lijiaxing/.conda/envs/api/lib/python3.10/site-packages/urllib3/connectionpool.py", line 488, in _make_request\n    raise new_e\n  File "/home/lijiaxing/.conda/envs/api/lib/python3.10/site-packages/urllib3/connectionpool.py", line 464, in _make_request\n    self._validate_conn(conn)\n  File "/home/lijiaxing/.conda/envs/api/lib/python3.10/site-packages/urllib3/connectionpool.py", line 1093, in _validate_conn\n    conn.connect()\n  File "/home/lijiaxing/.conda/envs/api/lib/python3.10/site-packages/urllib3/connection.py", line 753, in connect\n    self.sock = sock = self._new_conn()\n  File "/home/lijiaxing/.conda/envs/api/lib/python3.10/site-packages/urllib3/connection.py", line 213, in _new_conn\n    raise NewConnectionError(\nurllib3.exceptions.NewConnectionError: <urllib3.connection.HTTPSConnection object at 0x7fd9431bd480>: Failed to establish a new connection: [Errno 101] Network is unreachable\n\nThe above exception was the direct cause of the following exception:\n\nTraceback (most recent call last):\n  File "/home/lijiaxing/.conda/envs/api/lib/python3.10/site-packages/requests/adapters.py", line 667, in send\n    resp = conn.urlopen(\n  File "/home/lijiaxing/.conda/envs/api/lib/python3.10/site-packages/urllib3/connectionpool.py", line 841, in urlopen\n    retries = retries.increment(\n  File "/home/lijiaxing/.conda/envs/api/lib/python3.10/site-packages/urllib3/util/retry.py", line 519, in increment\n    raise MaxRetryError(_pool, url, reason) from reason  # type: ignore[arg-type]\nurllib3.exceptions.MaxRetryError: HTTPSConnectionPool(host=\'huggingface.co\', port=443): Max retries exceeded with url: /facebook/bart-large/resolve/main/config.json (Caused by NewConnectionError(\'<urllib3.connection.HTTPSConnection object at 0x7fd9431bd480>: Failed to establish a new connection: [Errno 101] Network is unreachable\'))\n\nDuring handling of the above exception, another exception occurred:\n\nTraceback (most recent call last):\n  File "/home/lijiaxing/.conda/envs/api/lib/python3.10/site-packages/huggingface_hub/file_download.py", line 1546, in _get_metadata_or_catch_error\n    metadata = get_hf_file_metadata(\n  File "/home/lijiaxing/.conda/envs/api/lib/python3.10/site-packages/huggingface_hub/utils/_validators.py", line 114, in _inner_fn\n    return fn(*args, **kwargs)\n  File "/home/lijiaxing/.conda/envs/api/lib/python3.10/site-packages/huggingface_hub/file_download.py", line 1463, in get_hf_file_metadata\n    r = _request_wrapper(\n  File "/home/lijiaxing/.conda/envs/api/lib/python3.10/site-packages/huggingface_hub/file_download.py", line 286, in _request_wrapper\n    response = _request_wrapper(\n  File "/home/lijiaxing/.conda/envs/api/lib/python3.10/site-packages/huggingface_hub/file_download.py", line 309, in _request_wrapper\n    response = http_backoff(method=method, url=url, **params, retry_on_exceptions=(), retry_on_status_codes=(429,))\n  File "/home/lijiaxing/.conda/envs/api/lib/python3.10/site-packages/huggingface_hub/utils/_http.py", line 310, in http_backoff\n    response = session.request(method=method, url=url, **kwargs)\n  File "/home/lijiaxing/.conda/envs/api/lib/python3.10/site-packages/requests/sessions.py", line 589, in request\n    resp = self.send(prep, **send_kwargs)\n  File "/home/lijiaxing/.conda/envs/api/lib/python3.10/site-packages/requests/sessions.py", line 703, in send\n    r = adapter.send(request, **kwargs)\n  File "/home/lijiaxing/.conda/envs/api/lib/python3.10/site-packages/huggingface_hub/utils/_http.py", line 96, in send\n    return super().send(request, *args, **kwargs)\n  File "/home/lijiaxing/.conda/envs/api/lib/python3.10/site-packages/requests/adapters.py", line 700, in send\n    raise ConnectionError(e, request=request)\nrequests.exceptions.ConnectionError: (MaxRetryError("HTTPSConnectionPool(host=\'huggingface.co\', port=443): Max retries exceeded with url: /facebook/bart-large/resolve/main/config.json (Caused by NewConnectionError(\'<urllib3.connection.HTTPSConnection object at 0x7fd9431bd480>: Failed to establish a new connection: [Errno 101] Network is unreachable\'))"), \'(Request ID: 8b9ebb4f-5ee8-48a9-9205-f59b2d644de6)\')\n\nThe above exception was the direct cause of the following exception:\n\nTraceback (most recent call last):\n  File "/home/lijiaxing/.conda/envs/api/lib/python3.10/site-packages/transformers/utils/hub.py", line 479, in cached_files\n    hf_hub_download(\n  File "/home/lijiaxing/.conda/envs/api/lib/python3.10/site-packages/huggingface_hub/utils/_validators.py", line 114, in _inner_fn\n    return fn(*args, **kwargs)\n  File "/home/lijiaxing/.conda/envs/api/lib/python3.10/site-packages/huggingface_hub/file_download.py", line 1010, in hf_hub_download\n    return _hf_hub_download_to_cache_dir(\n  File "/home/lijiaxing/.conda/envs/api/lib/python3.10/site-packages/huggingface_hub/file_download.py", line 1117, in _hf_hub_download_to_cache_dir\n    _raise_on_head_call_error(head_call_error, force_download, local_files_only)\n  File "/home/lijiaxing/.conda/envs/api/lib/python3.10/site-packages/huggingface_hub/file_download.py", line 1661, in _raise_on_head_call_error\n    raise LocalEntryNotFoundError(\nhuggingface_hub.errors.LocalEntryNotFoundError: An error happened while trying to locate the file on the Hub and we cannot find the requested files in the local cache. Please check your connection and try again or make sure your Internet connection is on.\n\nThe above exception was the direct cause of the following exception:\n\nTraceback (most recent call last):\n  File "/cpfs01/shared/llm_kernel/hujiakai/KernelLLM/validation_api_server/evaluator.py", line 92, in _measure_perf_worker\n    exec(textwrap.dedent(code_src), temp_module.__dict__)\n  File "<string>", line 16, in <module>\n  File "/home/lijiaxing/.conda/envs/api/lib/python3.10/site-packages/transformers/models/auto/configuration_auto.py", line 1250, in from_pretrained\n    config_dict, unused_kwargs = PretrainedConfig.get_config_dict(pretrained_model_name_or_path, **kwargs)\n  File "/home/lijiaxing/.conda/envs/api/lib/python3.10/site-packages/transformers/configuration_utils.py", line 649, in get_config_dict\n    config_dict, kwargs = cls._get_config_dict(pretrained_model_name_or_path, **kwargs)\n  File "/home/lijiaxing/.conda/envs/api/lib/python3.10/site-packages/transformers/configuration_utils.py", line 708, in _get_config_dict\n    resolved_config_file = cached_file(\n  File "/home/lijiaxing/.conda/envs/api/lib/python3.10/site-packages/transformers/utils/hub.py", line 321, in cached_file\n    file = cached_files(path_or_repo_id=path_or_repo_id, filenames=[filename], **kwargs)\n  File "/home/lijiaxing/.conda/envs/api/lib/python3.10/site-packages/transformers/utils/hub.py", line 553, in cached_files\n    raise OSError(\nOSError: We couldn\'t connect to \'https://huggingface.co\' to load the files, and couldn\'t find them in the cached files.\nCheck your internet connection or see how to run the library in offline mode at \'https://huggingface.co/docs/transformers/installation#offline-mode\'.\n'}
2025-08-12 18:26:09,370 - openevolve.RemoteSpeedupEvaluator - INFO - [level4_20_facebook-bart-large_bs32_seq256] verify_plus payload: reference_code(718 chars) + custom_code(839 chars)
2025-08-12 18:26:23,577 - openevolve.RemoteSpeedupEvaluator - INFO - [level4_20_facebook-bart-large_bs32_seq256] verify_plus request success
2025-08-12 18:26:23,577 - openevolve.RemoteSpeedupEvaluator - INFO - [level4_20_facebook-bart-large_bs32_seq256] verify_plus response: {"id":"level4_20_facebook-bart-large_bs32_seq256","result":{"error":"We couldn't connect to 'https://huggingface.co' to load the files, and couldn't find them in the cached files.\nCheck your internet connection or see how to run the library in offline mode at 'https://huggingface.co/docs/transformers/installation#offline-mode'.\nTraceback (most recent call last):\n  File \"/home/lijiaxing/.conda/envs/api/lib/python3.10/site-packages/urllib3/connection.py\", line 198, in _new_conn\n    sock = connection.create_connection(\n  File \"/home/lijiaxing/.conda/envs/api/lib/python3.10/site-packages/urllib3/util/connection.py\", line 85, in create_connection\n    raise err\n  File \"/home/lijiaxing/.conda/envs/api/lib/python3.10/site-packages/urllib3/util/connection.py\", line 73, in create_connec
2025-08-12 18:26:23,577 - openevolve.evaluator - WARNING - Evaluation attempt 4/4 failed for program 0749f73c-7df8-4ef9-a3bc-a53bcac044a6: Error: The reference code is not valid or correct. The verify result is: {'error': 'We couldn\'t connect to \'https://huggingface.co\' to load the files, and couldn\'t find them in the cached files.\nCheck your internet connection or see how to run the library in offline mode at \'https://huggingface.co/docs/transformers/installation#offline-mode\'.\nTraceback (most recent call last):\n  File "/home/lijiaxing/.conda/envs/api/lib/python3.10/site-packages/urllib3/connection.py", line 198, in _new_conn\n    sock = connection.create_connection(\n  File "/home/lijiaxing/.conda/envs/api/lib/python3.10/site-packages/urllib3/util/connection.py", line 85, in create_connection\n    raise err\n  File "/home/lijiaxing/.conda/envs/api/lib/python3.10/site-packages/urllib3/util/connection.py", line 73, in create_connection\n    sock.connect(sa)\nOSError: [Errno 101] Network is unreachable\n\nThe above exception was the direct cause of the following exception:\n\nTraceback (most recent call last):\n  File "/home/lijiaxing/.conda/envs/api/lib/python3.10/site-packages/urllib3/connectionpool.py", line 787, in urlopen\n    response = self._make_request(\n  File "/home/lijiaxing/.conda/envs/api/lib/python3.10/site-packages/urllib3/connectionpool.py", line 488, in _make_request\n    raise new_e\n  File "/home/lijiaxing/.conda/envs/api/lib/python3.10/site-packages/urllib3/connectionpool.py", line 464, in _make_request\n    self._validate_conn(conn)\n  File "/home/lijiaxing/.conda/envs/api/lib/python3.10/site-packages/urllib3/connectionpool.py", line 1093, in _validate_conn\n    conn.connect()\n  File "/home/lijiaxing/.conda/envs/api/lib/python3.10/site-packages/urllib3/connection.py", line 753, in connect\n    self.sock = sock = self._new_conn()\n  File "/home/lijiaxing/.conda/envs/api/lib/python3.10/site-packages/urllib3/connection.py", line 213, in _new_conn\n    raise NewConnectionError(\nurllib3.exceptions.NewConnectionError: <urllib3.connection.HTTPSConnection object at 0x7f83d94c1480>: Failed to establish a new connection: [Errno 101] Network is unreachable\n\nThe above exception was the direct cause of the following exception:\n\nTraceback (most recent call last):\n  File "/home/lijiaxing/.conda/envs/api/lib/python3.10/site-packages/requests/adapters.py", line 667, in send\n    resp = conn.urlopen(\n  File "/home/lijiaxing/.conda/envs/api/lib/python3.10/site-packages/urllib3/connectionpool.py", line 841, in urlopen\n    retries = retries.increment(\n  File "/home/lijiaxing/.conda/envs/api/lib/python3.10/site-packages/urllib3/util/retry.py", line 519, in increment\n    raise MaxRetryError(_pool, url, reason) from reason  # type: ignore[arg-type]\nurllib3.exceptions.MaxRetryError: HTTPSConnectionPool(host=\'huggingface.co\', port=443): Max retries exceeded with url: /facebook/bart-large/resolve/main/config.json (Caused by NewConnectionError(\'<urllib3.connection.HTTPSConnection object at 0x7f83d94c1480>: Failed to establish a new connection: [Errno 101] Network is unreachable\'))\n\nDuring handling of the above exception, another exception occurred:\n\nTraceback (most recent call last):\n  File "/home/lijiaxing/.conda/envs/api/lib/python3.10/site-packages/huggingface_hub/file_download.py", line 1546, in _get_metadata_or_catch_error\n    metadata = get_hf_file_metadata(\n  File "/home/lijiaxing/.conda/envs/api/lib/python3.10/site-packages/huggingface_hub/utils/_validators.py", line 114, in _inner_fn\n    return fn(*args, **kwargs)\n  File "/home/lijiaxing/.conda/envs/api/lib/python3.10/site-packages/huggingface_hub/file_download.py", line 1463, in get_hf_file_metadata\n    r = _request_wrapper(\n  File "/home/lijiaxing/.conda/envs/api/lib/python3.10/site-packages/huggingface_hub/file_download.py", line 286, in _request_wrapper\n    response = _request_wrapper(\n  File "/home/lijiaxing/.conda/envs/api/lib/python3.10/site-packages/huggingface_hub/file_download.py", line 309, in _request_wrapper\n    response = http_backoff(method=method, url=url, **params, retry_on_exceptions=(), retry_on_status_codes=(429,))\n  File "/home/lijiaxing/.conda/envs/api/lib/python3.10/site-packages/huggingface_hub/utils/_http.py", line 310, in http_backoff\n    response = session.request(method=method, url=url, **kwargs)\n  File "/home/lijiaxing/.conda/envs/api/lib/python3.10/site-packages/requests/sessions.py", line 589, in request\n    resp = self.send(prep, **send_kwargs)\n  File "/home/lijiaxing/.conda/envs/api/lib/python3.10/site-packages/requests/sessions.py", line 703, in send\n    r = adapter.send(request, **kwargs)\n  File "/home/lijiaxing/.conda/envs/api/lib/python3.10/site-packages/huggingface_hub/utils/_http.py", line 96, in send\n    return super().send(request, *args, **kwargs)\n  File "/home/lijiaxing/.conda/envs/api/lib/python3.10/site-packages/requests/adapters.py", line 700, in send\n    raise ConnectionError(e, request=request)\nrequests.exceptions.ConnectionError: (MaxRetryError("HTTPSConnectionPool(host=\'huggingface.co\', port=443): Max retries exceeded with url: /facebook/bart-large/resolve/main/config.json (Caused by NewConnectionError(\'<urllib3.connection.HTTPSConnection object at 0x7f83d94c1480>: Failed to establish a new connection: [Errno 101] Network is unreachable\'))"), \'(Request ID: b715c29a-b45f-4048-92d7-f56e40da8c32)\')\n\nThe above exception was the direct cause of the following exception:\n\nTraceback (most recent call last):\n  File "/home/lijiaxing/.conda/envs/api/lib/python3.10/site-packages/transformers/utils/hub.py", line 479, in cached_files\n    hf_hub_download(\n  File "/home/lijiaxing/.conda/envs/api/lib/python3.10/site-packages/huggingface_hub/utils/_validators.py", line 114, in _inner_fn\n    return fn(*args, **kwargs)\n  File "/home/lijiaxing/.conda/envs/api/lib/python3.10/site-packages/huggingface_hub/file_download.py", line 1010, in hf_hub_download\n    return _hf_hub_download_to_cache_dir(\n  File "/home/lijiaxing/.conda/envs/api/lib/python3.10/site-packages/huggingface_hub/file_download.py", line 1117, in _hf_hub_download_to_cache_dir\n    _raise_on_head_call_error(head_call_error, force_download, local_files_only)\n  File "/home/lijiaxing/.conda/envs/api/lib/python3.10/site-packages/huggingface_hub/file_download.py", line 1661, in _raise_on_head_call_error\n    raise LocalEntryNotFoundError(\nhuggingface_hub.errors.LocalEntryNotFoundError: An error happened while trying to locate the file on the Hub and we cannot find the requested files in the local cache. Please check your connection and try again or make sure your Internet connection is on.\n\nThe above exception was the direct cause of the following exception:\n\nTraceback (most recent call last):\n  File "/cpfs01/shared/llm_kernel/hujiakai/KernelLLM/validation_api_server/evaluator.py", line 92, in _measure_perf_worker\n    exec(textwrap.dedent(code_src), temp_module.__dict__)\n  File "<string>", line 16, in <module>\n  File "/home/lijiaxing/.conda/envs/api/lib/python3.10/site-packages/transformers/models/auto/configuration_auto.py", line 1250, in from_pretrained\n    config_dict, unused_kwargs = PretrainedConfig.get_config_dict(pretrained_model_name_or_path, **kwargs)\n  File "/home/lijiaxing/.conda/envs/api/lib/python3.10/site-packages/transformers/configuration_utils.py", line 649, in get_config_dict\n    config_dict, kwargs = cls._get_config_dict(pretrained_model_name_or_path, **kwargs)\n  File "/home/lijiaxing/.conda/envs/api/lib/python3.10/site-packages/transformers/configuration_utils.py", line 708, in _get_config_dict\n    resolved_config_file = cached_file(\n  File "/home/lijiaxing/.conda/envs/api/lib/python3.10/site-packages/transformers/utils/hub.py", line 321, in cached_file\n    file = cached_files(path_or_repo_id=path_or_repo_id, filenames=[filename], **kwargs)\n  File "/home/lijiaxing/.conda/envs/api/lib/python3.10/site-packages/transformers/utils/hub.py", line 553, in cached_files\n    raise OSError(\nOSError: We couldn\'t connect to \'https://huggingface.co\' to load the files, and couldn\'t find them in the cached files.\nCheck your internet connection or see how to run the library in offline mode at \'https://huggingface.co/docs/transformers/installation#offline-mode\'.\n'}
2025-08-12 18:26:23,578 - openevolve.evaluator - ERROR - All evaluation attempts failed for program 0749f73c-7df8-4ef9-a3bc-a53bcac044a6. Last error: Error: The reference code is not valid or correct. The verify result is: {'error': 'We couldn\'t connect to \'https://huggingface.co\' to load the files, and couldn\'t find them in the cached files.\nCheck your internet connection or see how to run the library in offline mode at \'https://huggingface.co/docs/transformers/installation#offline-mode\'.\nTraceback (most recent call last):\n  File "/home/lijiaxing/.conda/envs/api/lib/python3.10/site-packages/urllib3/connection.py", line 198, in _new_conn\n    sock = connection.create_connection(\n  File "/home/lijiaxing/.conda/envs/api/lib/python3.10/site-packages/urllib3/util/connection.py", line 85, in create_connection\n    raise err\n  File "/home/lijiaxing/.conda/envs/api/lib/python3.10/site-packages/urllib3/util/connection.py", line 73, in create_connection\n    sock.connect(sa)\nOSError: [Errno 101] Network is unreachable\n\nThe above exception was the direct cause of the following exception:\n\nTraceback (most recent call last):\n  File "/home/lijiaxing/.conda/envs/api/lib/python3.10/site-packages/urllib3/connectionpool.py", line 787, in urlopen\n    response = self._make_request(\n  File "/home/lijiaxing/.conda/envs/api/lib/python3.10/site-packages/urllib3/connectionpool.py", line 488, in _make_request\n    raise new_e\n  File "/home/lijiaxing/.conda/envs/api/lib/python3.10/site-packages/urllib3/connectionpool.py", line 464, in _make_request\n    self._validate_conn(conn)\n  File "/home/lijiaxing/.conda/envs/api/lib/python3.10/site-packages/urllib3/connectionpool.py", line 1093, in _validate_conn\n    conn.connect()\n  File "/home/lijiaxing/.conda/envs/api/lib/python3.10/site-packages/urllib3/connection.py", line 753, in connect\n    self.sock = sock = self._new_conn()\n  File "/home/lijiaxing/.conda/envs/api/lib/python3.10/site-packages/urllib3/connection.py", line 213, in _new_conn\n    raise NewConnectionError(\nurllib3.exceptions.NewConnectionError: <urllib3.connection.HTTPSConnection object at 0x7f83d94c1480>: Failed to establish a new connection: [Errno 101] Network is unreachable\n\nThe above exception was the direct cause of the following exception:\n\nTraceback (most recent call last):\n  File "/home/lijiaxing/.conda/envs/api/lib/python3.10/site-packages/requests/adapters.py", line 667, in send\n    resp = conn.urlopen(\n  File "/home/lijiaxing/.conda/envs/api/lib/python3.10/site-packages/urllib3/connectionpool.py", line 841, in urlopen\n    retries = retries.increment(\n  File "/home/lijiaxing/.conda/envs/api/lib/python3.10/site-packages/urllib3/util/retry.py", line 519, in increment\n    raise MaxRetryError(_pool, url, reason) from reason  # type: ignore[arg-type]\nurllib3.exceptions.MaxRetryError: HTTPSConnectionPool(host=\'huggingface.co\', port=443): Max retries exceeded with url: /facebook/bart-large/resolve/main/config.json (Caused by NewConnectionError(\'<urllib3.connection.HTTPSConnection object at 0x7f83d94c1480>: Failed to establish a new connection: [Errno 101] Network is unreachable\'))\n\nDuring handling of the above exception, another exception occurred:\n\nTraceback (most recent call last):\n  File "/home/lijiaxing/.conda/envs/api/lib/python3.10/site-packages/huggingface_hub/file_download.py", line 1546, in _get_metadata_or_catch_error\n    metadata = get_hf_file_metadata(\n  File "/home/lijiaxing/.conda/envs/api/lib/python3.10/site-packages/huggingface_hub/utils/_validators.py", line 114, in _inner_fn\n    return fn(*args, **kwargs)\n  File "/home/lijiaxing/.conda/envs/api/lib/python3.10/site-packages/huggingface_hub/file_download.py", line 1463, in get_hf_file_metadata\n    r = _request_wrapper(\n  File "/home/lijiaxing/.conda/envs/api/lib/python3.10/site-packages/huggingface_hub/file_download.py", line 286, in _request_wrapper\n    response = _request_wrapper(\n  File "/home/lijiaxing/.conda/envs/api/lib/python3.10/site-packages/huggingface_hub/file_download.py", line 309, in _request_wrapper\n    response = http_backoff(method=method, url=url, **params, retry_on_exceptions=(), retry_on_status_codes=(429,))\n  File "/home/lijiaxing/.conda/envs/api/lib/python3.10/site-packages/huggingface_hub/utils/_http.py", line 310, in http_backoff\n    response = session.request(method=method, url=url, **kwargs)\n  File "/home/lijiaxing/.conda/envs/api/lib/python3.10/site-packages/requests/sessions.py", line 589, in request\n    resp = self.send(prep, **send_kwargs)\n  File "/home/lijiaxing/.conda/envs/api/lib/python3.10/site-packages/requests/sessions.py", line 703, in send\n    r = adapter.send(request, **kwargs)\n  File "/home/lijiaxing/.conda/envs/api/lib/python3.10/site-packages/huggingface_hub/utils/_http.py", line 96, in send\n    return super().send(request, *args, **kwargs)\n  File "/home/lijiaxing/.conda/envs/api/lib/python3.10/site-packages/requests/adapters.py", line 700, in send\n    raise ConnectionError(e, request=request)\nrequests.exceptions.ConnectionError: (MaxRetryError("HTTPSConnectionPool(host=\'huggingface.co\', port=443): Max retries exceeded with url: /facebook/bart-large/resolve/main/config.json (Caused by NewConnectionError(\'<urllib3.connection.HTTPSConnection object at 0x7f83d94c1480>: Failed to establish a new connection: [Errno 101] Network is unreachable\'))"), \'(Request ID: b715c29a-b45f-4048-92d7-f56e40da8c32)\')\n\nThe above exception was the direct cause of the following exception:\n\nTraceback (most recent call last):\n  File "/home/lijiaxing/.conda/envs/api/lib/python3.10/site-packages/transformers/utils/hub.py", line 479, in cached_files\n    hf_hub_download(\n  File "/home/lijiaxing/.conda/envs/api/lib/python3.10/site-packages/huggingface_hub/utils/_validators.py", line 114, in _inner_fn\n    return fn(*args, **kwargs)\n  File "/home/lijiaxing/.conda/envs/api/lib/python3.10/site-packages/huggingface_hub/file_download.py", line 1010, in hf_hub_download\n    return _hf_hub_download_to_cache_dir(\n  File "/home/lijiaxing/.conda/envs/api/lib/python3.10/site-packages/huggingface_hub/file_download.py", line 1117, in _hf_hub_download_to_cache_dir\n    _raise_on_head_call_error(head_call_error, force_download, local_files_only)\n  File "/home/lijiaxing/.conda/envs/api/lib/python3.10/site-packages/huggingface_hub/file_download.py", line 1661, in _raise_on_head_call_error\n    raise LocalEntryNotFoundError(\nhuggingface_hub.errors.LocalEntryNotFoundError: An error happened while trying to locate the file on the Hub and we cannot find the requested files in the local cache. Please check your connection and try again or make sure your Internet connection is on.\n\nThe above exception was the direct cause of the following exception:\n\nTraceback (most recent call last):\n  File "/cpfs01/shared/llm_kernel/hujiakai/KernelLLM/validation_api_server/evaluator.py", line 92, in _measure_perf_worker\n    exec(textwrap.dedent(code_src), temp_module.__dict__)\n  File "<string>", line 16, in <module>\n  File "/home/lijiaxing/.conda/envs/api/lib/python3.10/site-packages/transformers/models/auto/configuration_auto.py", line 1250, in from_pretrained\n    config_dict, unused_kwargs = PretrainedConfig.get_config_dict(pretrained_model_name_or_path, **kwargs)\n  File "/home/lijiaxing/.conda/envs/api/lib/python3.10/site-packages/transformers/configuration_utils.py", line 649, in get_config_dict\n    config_dict, kwargs = cls._get_config_dict(pretrained_model_name_or_path, **kwargs)\n  File "/home/lijiaxing/.conda/envs/api/lib/python3.10/site-packages/transformers/configuration_utils.py", line 708, in _get_config_dict\n    resolved_config_file = cached_file(\n  File "/home/lijiaxing/.conda/envs/api/lib/python3.10/site-packages/transformers/utils/hub.py", line 321, in cached_file\n    file = cached_files(path_or_repo_id=path_or_repo_id, filenames=[filename], **kwargs)\n  File "/home/lijiaxing/.conda/envs/api/lib/python3.10/site-packages/transformers/utils/hub.py", line 553, in cached_files\n    raise OSError(\nOSError: We couldn\'t connect to \'https://huggingface.co\' to load the files, and couldn\'t find them in the cached files.\nCheck your internet connection or see how to run the library in offline mode at \'https://huggingface.co/docs/transformers/installation#offline-mode\'.\n'}
2025-08-12 18:26:23,578 - __main__ - ERROR - ðŸ’¥ å¤±è´¥ level4_20_facebook-bart-large_bs32_seq256: 'score'
2025-08-12 18:26:23,578 - __main__ - INFO - ----------------------------------------------------------------------
2025-08-12 18:26:23,579 - __main__ - INFO - ðŸ“Š è¿›ç¨‹ rank=14 ç»“æŸ | æˆåŠŸ 9 | å¤±è´¥ 1
2025-08-12 18:26:23,579 - __main__ - INFO - ----------------------------------------------------------------------
