2025-08-12 16:37:53,260 - openevolve.controller - INFO - Logging to openevolve_output/level1_92_cumsum_exclusive/logs/openevolve_20250812_163753.log
2025-08-12 16:37:53,260 - openevolve.controller - INFO - Set random seed to 42 for reproducibility
2025-08-12 16:37:53,301 - openevolve.llm.ensemble - INFO - Initialized LLM ensemble with models: deepseek (weight: 0.80), deepseek (weight: 0.20)
2025-08-12 16:37:53,343 - openevolve.llm.ensemble - INFO - Initialized LLM ensemble with models: deepseek (weight: 0.80), deepseek (weight: 0.20)
2025-08-12 16:37:53,343 - openevolve.prompt.sampler - INFO - Set custom templates: system=evaluator_system_message, user=None
2025-08-12 16:37:53,344 - openevolve.database - INFO - Initialized program database with 0 programs
2025-08-12 16:37:53,364 - openevolve.evaluator - INFO - Successfully loaded evaluation function from openevolve_output/level1_92_cumsum_exclusive/evaluation.py
2025-08-12 16:37:53,364 - openevolve.evaluator - INFO - Initialized evaluator with openevolve_output/level1_92_cumsum_exclusive/evaluation.py
2025-08-12 16:37:53,364 - openevolve.controller - INFO - Initialized OpenEvolve with /tmp/68cfb909e1704d760374cf92daddcb17.py
2025-08-12 16:37:53,364 - openevolve.controller - INFO - Adding initial program to database
2025-08-12 16:37:53,365 - openevolve.RemoteSpeedupEvaluator - INFO - [level1_92_cumsum_exclusive] verify_plus payload: reference_code(732 chars) + custom_code(856 chars)
2025-08-12 16:37:55,849 - openevolve.RemoteSpeedupEvaluator - INFO - [level1_92_cumsum_exclusive] verify_plus request success
2025-08-12 16:37:55,849 - openevolve.RemoteSpeedupEvaluator - INFO - [level1_92_cumsum_exclusive] verify_plus response: {"id":"level1_92_cumsum_exclusive","result":{"compiled":true,"correctness":true,"metadata":{"hardware":"NVIDIA L20Y","device":"cuda:7","correctness_trials":"(5 / 5)","reference_timing_ms":0.0377,"speed_up":0.747,"custom_timing":0.0505},"runtime":0.0505,"runtime_stats":{"mean":0.0505,"std":0.00174,"min":0.0482,"max":0.0578,"num_trials":100,"hardware":"NVIDIA L20Y","device":"cuda:7"}}}
2025-08-12 16:37:55,850 - openevolve.evaluator - INFO - Evaluated program d9ca7bc0-7435-4d6d-be32-500a93a99654 in 2.49s: compiled=1.0000, correctness=1.0000, stage=reference code, passed=0.0000, score=0.0000, speed_up=1.0000, runtime_ms=0.0505, meta={'hardware': 'NVIDIA L20Y', 'device': 'cuda:7', 'correctness_trials': '(5 / 5)', 'reference_timing_ms': 0.0377, 'speed_up': 0.747, 'custom_timing': 0.0505}
2025-08-12 16:37:55,850 - openevolve.database - INFO - New MAP-Elites cell occupied: {'score': 0, 'complexity': 0}
2025-08-12 16:37:55,863 - openevolve.threaded_parallel - INFO - Initializing threaded evaluation pool with 3 workers
2025-08-12 16:37:55,865 - openevolve.threaded_parallel - INFO - Started thread pool with 3 threads
2025-08-12 16:37:55,865 - openevolve.threaded_parallel - INFO - Started improved parallel controller
2025-08-12 16:37:55,865 - openevolve.controller - INFO - Using island-based evolution with 3 islands
2025-08-12 16:37:55,865 - openevolve.database - INFO - Island Status:
2025-08-12 16:37:55,865 - openevolve.database - INFO -  * Island 0: 1 programs, best=0.0000, avg=0.0000, diversity=0.00, gen=0 (best: d9ca7bc0-7435-4d6d-be32-500a93a99654)
2025-08-12 16:37:55,865 - openevolve.database - INFO -    Island 1: 0 programs, best=0.0000, avg=0.0000, diversity=0.00, gen=0
2025-08-12 16:37:55,865 - openevolve.database - INFO -    Island 2: 0 programs, best=0.0000, avg=0.0000, diversity=0.00, gen=0
2025-08-12 16:37:55,865 - openevolve.threaded_parallel - INFO - Starting improved parallel evolution from iteration 0 for 30 iterations (total: 30)
2025-08-12 16:37:56,009 - openevolve.llm.ensemble - INFO - Initialized LLM ensemble with models: deepseek (weight: 0.80), deepseek (weight: 0.20)
2025-08-12 16:37:56,014 - openevolve.llm.ensemble - INFO - Initialized LLM ensemble with models: deepseek (weight: 0.80), deepseek (weight: 0.20)
2025-08-12 16:37:56,025 - openevolve.llm.ensemble - INFO - Initialized LLM ensemble with models: deepseek (weight: 0.80), deepseek (weight: 0.20)
2025-08-12 16:37:56,151 - openevolve.llm.ensemble - INFO - Initialized LLM ensemble with models: deepseek (weight: 0.80), deepseek (weight: 0.20)
2025-08-12 16:37:56,152 - openevolve.prompt.sampler - INFO - Set custom templates: system=evaluator_system_message, user=None
2025-08-12 16:37:56,153 - openevolve.evaluator - INFO - Successfully loaded evaluation function from openevolve_output/level1_92_cumsum_exclusive/evaluation.py
2025-08-12 16:37:56,153 - openevolve.evaluator - INFO - Initialized evaluator with openevolve_output/level1_92_cumsum_exclusive/evaluation.py
2025-08-12 16:37:56,155 - openevolve.llm.ensemble - INFO - Sampled model: deepseek
2025-08-12 16:37:56,158 - openevolve.llm.ensemble - INFO - Initialized LLM ensemble with models: deepseek (weight: 0.80), deepseek (weight: 0.20)
2025-08-12 16:37:56,159 - openevolve.prompt.sampler - INFO - Set custom templates: system=evaluator_system_message, user=None
2025-08-12 16:37:56,160 - openevolve.evaluator - INFO - Successfully loaded evaluation function from openevolve_output/level1_92_cumsum_exclusive/evaluation.py
2025-08-12 16:37:56,160 - openevolve.evaluator - INFO - Initialized evaluator with openevolve_output/level1_92_cumsum_exclusive/evaluation.py
2025-08-12 16:37:56,161 - openevolve.llm.ensemble - INFO - Sampled model: deepseek
2025-08-12 16:37:56,163 - openevolve.llm.ensemble - INFO - Initialized LLM ensemble with models: deepseek (weight: 0.80), deepseek (weight: 0.20)
2025-08-12 16:37:56,163 - openevolve.prompt.sampler - INFO - Set custom templates: system=evaluator_system_message, user=None
2025-08-12 16:37:56,165 - openevolve.evaluator - INFO - Successfully loaded evaluation function from openevolve_output/level1_92_cumsum_exclusive/evaluation.py
2025-08-12 16:37:56,165 - openevolve.evaluator - INFO - Initialized evaluator with openevolve_output/level1_92_cumsum_exclusive/evaluation.py
2025-08-12 16:37:56,166 - openevolve.llm.ensemble - INFO - Sampled model: deepseek
2025-08-12 16:47:31,242 - openevolve.RemoteSpeedupEvaluator - INFO - [level1_92_cumsum_exclusive] triton key words check pass
2025-08-12 16:47:31,243 - openevolve.RemoteSpeedupEvaluator - INFO - [level1_92_cumsum_exclusive] verify_plus payload: reference_code(732 chars) + custom_code(1336 chars)
2025-08-12 16:47:40,389 - openevolve.RemoteSpeedupEvaluator - INFO - [level1_92_cumsum_exclusive] verify_plus request success
2025-08-12 16:47:40,389 - openevolve.RemoteSpeedupEvaluator - INFO - [level1_92_cumsum_exclusive] verify_plus response: {"id":"level1_92_cumsum_exclusive","result":{"compiled":true,"correctness":false,"metadata":{"hardware":"NVIDIA L20Y","device":"cuda:3","runtime_error":"Traceback (most recent call last):\n  File \"/home/lijiaxing/.conda/envs/api/lib/python3.10/site-packages/triton/language/core.py\", line 42, in wrapper\n    return fn(*args, **kwargs)\n  File \"/home/lijiaxing/.conda/envs/api/lib/python3.10/site-packages/triton/language/core.py\", line 2727, in associative_scan\n    return associative_scan((input, ), axis, combine_fn, reverse, _semantic=_semantic, _generator=_generator)[0]\n  File \"/home/lijiaxing/.conda/envs/api/lib/python3.10/site-packages/triton/language/core.py\", line 42, in wrapper\n    return fn(*args, **kwargs)\n  File \"/home/lijiaxing/.conda/envs/api/lib/python3.10/site-package
2025-08-12 16:47:40,389 - openevolve.RemoteSpeedupEvaluator - INFO - [level1_92_cumsum_exclusive] âœ˜ wrong_answer
2025-08-12 16:47:40,390 - openevolve.evaluator - INFO - Evaluated program c3026469-0213-4712-88d9-d661dec90781 in 9.15s: compiled=1.0000, correctness=0.0000, score=10.0000, stage=wrong_answer, verify_payload={'id': 'level1_92_cumsum_exclusive', 'result': {'compiled': True, 'correctness': False, 'metadata': {'hardware': 'NVIDIA L20Y', 'device': 'cuda:3', 'runtime_error': 'Traceback (most recent call last):\n  File "/home/lijiaxing/.conda/envs/api/lib/python3.10/site-packages/triton/language/core.py", line 42, in wrapper\n    return fn(*args, **kwargs)\n  File "/home/lijiaxing/.conda/envs/api/lib/python3.10/site-packages/triton/language/core.py", line 2727, in associative_scan\n    return associative_scan((input, ), axis, combine_fn, reverse, _semantic=_semantic, _generator=_generator)[0]\n  File "/home/lijiaxing/.conda/envs/api/lib/python3.10/site-packages/triton/language/core.py", line 42, in wrapper\n    return fn(*args, **kwargs)\n  File "/home/lijiaxing/.conda/envs/api/lib/python3.10/site-packages/triton/language/core.py", line 2747, in associative_scan\n    return _semantic.associative_scan(input, axis, make_combine_region, reverse)\n  File "/home/lijiaxing/.conda/envs/api/lib/python3.10/site-packages/triton/language/semantic.py", line 1685, in associative_scan\n    region_builder_fn(scan_op)\n  File "/home/lijiaxing/.conda/envs/api/lib/python3.10/site-packages/triton/language/core.py", line 2737, in make_combine_region\n    results = _generator.call_JitFunction(combine_fn, args, kwargs={})\nAttributeError: \'function\' object has no attribute \'fn\'\n\nThe above exception was the direct cause of the following exception:\n\nTraceback (most recent call last):\n  File "/cpfs01/shared/llm_kernel/hujiakai/KernelLLM/validation_api_server/helpers/evaluations.py", line 720, in run_and_check_correctness\n    output_new = model_new(*inputs)\n  File "/home/lijiaxing/.conda/envs/api/lib/python3.10/site-packages/torch/nn/modules/module.py", line 1773, in _wrapped_call_impl\n    return self._call_impl(*args, **kwargs)\n  File "/home/lijiaxing/.conda/envs/api/lib/python3.10/site-packages/torch/nn/modules/module.py", line 1784, in _call_impl\n    return forward_call(*args, **kwargs)\n  File "/tmp/tmpm7or5k6n.py", line 40, in forward\n    exclusive_cumsum_kernel[grid](x, output, n_elements, BLOCK_SIZE)\n  File "/home/lijiaxing/.conda/envs/api/lib/python3.10/site-packages/triton/runtime/jit.py", line 390, in <lambda>\n    return lambda *args, **kwargs: self.run(grid=grid, warmup=False, *args, **kwargs)\n  File "/home/lijiaxing/.conda/envs/api/lib/python3.10/site-packages/triton/runtime/jit.py", line 594, in run\n    kernel = self.compile(src, target=target, options=options.__dict__)\n  File "/home/lijiaxing/.conda/envs/api/lib/python3.10/site-packages/triton/compiler/compiler.py", line 339, in compile\n    module = src.make_ir(options, codegen_fns, module_map, context)\n  File "/home/lijiaxing/.conda/envs/api/lib/python3.10/site-packages/triton/compiler/compiler.py", line 83, in make_ir\n    return ast_to_ttir(self.fn, self, context=context, options=options, codegen_fns=codegen_fns,\ntriton.compiler.errors.CompilationError: at 14:16:\n    output_ptr,\n    n_elements,\n    BLOCK_SIZE: tl.constexpr,\n):\n    pid = tl.program_id(0)\n    base = pid * n_elements\n    offsets = base + tl.arange(0, BLOCK_SIZE)\n    mask = tl.arange(0, BLOCK_SIZE) < n_elements\n    x = tl.load(x_ptr + offsets, mask=mask, other=0)\n\n    # Perform parallel prefix sum\n    inclusive = tl.associative_scan(x, 0, tl.add)\n                ^\n\n\nThe above exception was the direct cause of the following exception:\n\nTraceback (most recent call last):\n  File "/home/lijiaxing/.conda/envs/api/lib/python3.10/site-packages/triton/language/core.py", line 42, in wrapper\n    return fn(*args, **kwargs)\n  File "/home/lijiaxing/.conda/envs/api/lib/python3.10/site-packages/triton/language/core.py", line 2727, in associative_scan\n    return associative_scan((input, ), axis, combine_fn, reverse, _semantic=_semantic, _generator=_generator)[0]\n  File "/home/lijiaxing/.conda/envs/api/lib/python3.10/site-packages/triton/language/core.py", line 42, in wrapper\n    return fn(*args, **kwargs)\n  File "/home/lijiaxing/.conda/envs/api/lib/python3.10/site-packages/triton/language/core.py", line 2747, in associative_scan\n    return _semantic.associative_scan(input, axis, make_combine_region, reverse)\n  File "/home/lijiaxing/.conda/envs/api/lib/python3.10/site-packages/triton/language/semantic.py", line 1685, in associative_scan\n    region_builder_fn(scan_op)\n  File "/home/lijiaxing/.conda/envs/api/lib/python3.10/site-packages/triton/language/core.py", line 2737, in make_combine_region\n    results = _generator.call_JitFunction(combine_fn, args, kwargs={})\nAttributeError: \'function\' object has no attribute \'fn\'\n', 'runtime_error_name': 'triton.compiler.errors.CompilationError', 'reference_timing_ms': 0.0377, 'speed_up': -1.0, 'custom_timing': -1.0}, 'runtime': -1.0, 'runtime_stats': {}}}
2025-08-12 16:47:40,392 - openevolve.llm.ensemble - INFO - Sampled model: deepseek
2025-08-12 16:47:40,399 - openevolve.database - INFO - New MAP-Elites cell occupied: {'score': 9, 'complexity': 9}
2025-08-12 16:47:40,400 - openevolve.database - INFO - New best program c3026469-0213-4712-88d9-d661dec90781 replaces d9ca7bc0-7435-4d6d-be32-500a93a99654
2025-08-12 16:47:40,410 - openevolve.threaded_parallel - INFO - Iteration 0: Program c3026469-0213-4712-88d9-d661dec90781 (parent: d9ca7bc0-7435-4d6d-be32-500a93a99654) completed in 584.24s
2025-08-12 16:47:40,410 - openevolve.threaded_parallel - INFO - Metrics: compiled=1.0000, correctness=0.0000, score=10.0000, stage=wrong_answer, verify_payload={'id': 'level1_92_cumsum_exclusive', 'result': {'compiled': True, 'correctness': False, 'metadata': {'hardware': 'NVIDIA L20Y', 'device': 'cuda:3', 'runtime_error': 'Traceback (most recent call last):\n  File "/home/lijiaxing/.conda/envs/api/lib/python3.10/site-packages/triton/language/core.py", line 42, in wrapper\n    return fn(*args, **kwargs)\n  File "/home/lijiaxing/.conda/envs/api/lib/python3.10/site-packages/triton/language/core.py", line 2727, in associative_scan\n    return associative_scan((input, ), axis, combine_fn, reverse, _semantic=_semantic, _generator=_generator)[0]\n  File "/home/lijiaxing/.conda/envs/api/lib/python3.10/site-packages/triton/language/core.py", line 42, in wrapper\n    return fn(*args, **kwargs)\n  File "/home/lijiaxing/.conda/envs/api/lib/python3.10/site-packages/triton/language/core.py", line 2747, in associative_scan\n    return _semantic.associative_scan(input, axis, make_combine_region, reverse)\n  File "/home/lijiaxing/.conda/envs/api/lib/python3.10/site-packages/triton/language/semantic.py", line 1685, in associative_scan\n    region_builder_fn(scan_op)\n  File "/home/lijiaxing/.conda/envs/api/lib/python3.10/site-packages/triton/language/core.py", line 2737, in make_combine_region\n    results = _generator.call_JitFunction(combine_fn, args, kwargs={})\nAttributeError: \'function\' object has no attribute \'fn\'\n\nThe above exception was the direct cause of the following exception:\n\nTraceback (most recent call last):\n  File "/cpfs01/shared/llm_kernel/hujiakai/KernelLLM/validation_api_server/helpers/evaluations.py", line 720, in run_and_check_correctness\n    output_new = model_new(*inputs)\n  File "/home/lijiaxing/.conda/envs/api/lib/python3.10/site-packages/torch/nn/modules/module.py", line 1773, in _wrapped_call_impl\n    return self._call_impl(*args, **kwargs)\n  File "/home/lijiaxing/.conda/envs/api/lib/python3.10/site-packages/torch/nn/modules/module.py", line 1784, in _call_impl\n    return forward_call(*args, **kwargs)\n  File "/tmp/tmpm7or5k6n.py", line 40, in forward\n    exclusive_cumsum_kernel[grid](x, output, n_elements, BLOCK_SIZE)\n  File "/home/lijiaxing/.conda/envs/api/lib/python3.10/site-packages/triton/runtime/jit.py", line 390, in <lambda>\n    return lambda *args, **kwargs: self.run(grid=grid, warmup=False, *args, **kwargs)\n  File "/home/lijiaxing/.conda/envs/api/lib/python3.10/site-packages/triton/runtime/jit.py", line 594, in run\n    kernel = self.compile(src, target=target, options=options.__dict__)\n  File "/home/lijiaxing/.conda/envs/api/lib/python3.10/site-packages/triton/compiler/compiler.py", line 339, in compile\n    module = src.make_ir(options, codegen_fns, module_map, context)\n  File "/home/lijiaxing/.conda/envs/api/lib/python3.10/site-packages/triton/compiler/compiler.py", line 83, in make_ir\n    return ast_to_ttir(self.fn, self, context=context, options=options, codegen_fns=codegen_fns,\ntriton.compiler.errors.CompilationError: at 14:16:\n    output_ptr,\n    n_elements,\n    BLOCK_SIZE: tl.constexpr,\n):\n    pid = tl.program_id(0)\n    base = pid * n_elements\n    offsets = base + tl.arange(0, BLOCK_SIZE)\n    mask = tl.arange(0, BLOCK_SIZE) < n_elements\n    x = tl.load(x_ptr + offsets, mask=mask, other=0)\n\n    # Perform parallel prefix sum\n    inclusive = tl.associative_scan(x, 0, tl.add)\n                ^\n\n\nThe above exception was the direct cause of the following exception:\n\nTraceback (most recent call last):\n  File "/home/lijiaxing/.conda/envs/api/lib/python3.10/site-packages/triton/language/core.py", line 42, in wrapper\n    return fn(*args, **kwargs)\n  File "/home/lijiaxing/.conda/envs/api/lib/python3.10/site-packages/triton/language/core.py", line 2727, in associative_scan\n    return associative_scan((input, ), axis, combine_fn, reverse, _semantic=_semantic, _generator=_generator)[0]\n  File "/home/lijiaxing/.conda/envs/api/lib/python3.10/site-packages/triton/language/core.py", line 42, in wrapper\n    return fn(*args, **kwargs)\n  File "/home/lijiaxing/.conda/envs/api/lib/python3.10/site-packages/triton/language/core.py", line 2747, in associative_scan\n    return _semantic.associative_scan(input, axis, make_combine_region, reverse)\n  File "/home/lijiaxing/.conda/envs/api/lib/python3.10/site-packages/triton/language/semantic.py", line 1685, in associative_scan\n    region_builder_fn(scan_op)\n  File "/home/lijiaxing/.conda/envs/api/lib/python3.10/site-packages/triton/language/core.py", line 2737, in make_combine_region\n    results = _generator.call_JitFunction(combine_fn, args, kwargs={})\nAttributeError: \'function\' object has no attribute \'fn\'\n', 'runtime_error_name': 'triton.compiler.errors.CompilationError', 'reference_timing_ms': 0.0377, 'speed_up': -1.0, 'custom_timing': -1.0}, 'runtime': -1.0, 'runtime_stats': {}}}
2025-08-12 16:47:40,410 - openevolve.threaded_parallel - INFO - ðŸŒŸ New best solution found at iteration 0: c3026469-0213-4712-88d9-d661dec90781
2025-08-12 16:47:40,411 - openevolve.threaded_parallel - INFO - Checkpoint interval reached at iteration 0
2025-08-12 16:47:40,411 - openevolve.database - INFO - Island Status:
2025-08-12 16:47:40,411 - openevolve.database - INFO -  * Island 0: 2 programs, best=10.0000, avg=5.0000, diversity=242.30, gen=1 (best: c3026469-0213-4712-88d9-d661dec90781)
2025-08-12 16:47:40,411 - openevolve.database - INFO -    Island 1: 0 programs, best=0.0000, avg=0.0000, diversity=0.00, gen=0
2025-08-12 16:47:40,411 - openevolve.database - INFO -    Island 2: 0 programs, best=0.0000, avg=0.0000, diversity=0.00, gen=0
2025-08-12 16:47:40,440 - openevolve.database - INFO - Saved database with 2 programs to openevolve_output/level1_92_cumsum_exclusive/checkpoints/checkpoint_0
2025-08-12 16:47:40,455 - openevolve.controller - INFO - Saved best program at checkpoint 0 with metrics: compiled=1.0000, correctness=0.0000, score=10.0000, stage=wrong_answer, verify_payload={'id': 'level1_92_cumsum_exclusive', 'result': {'compiled': True, 'correctness': False, 'metadata': {'hardware': 'NVIDIA L20Y', 'device': 'cuda:3', 'runtime_error': 'Traceback (most recent call last):\n  File "/home/lijiaxing/.conda/envs/api/lib/python3.10/site-packages/triton/language/core.py", line 42, in wrapper\n    return fn(*args, **kwargs)\n  File "/home/lijiaxing/.conda/envs/api/lib/python3.10/site-packages/triton/language/core.py", line 2727, in associative_scan\n    return associative_scan((input, ), axis, combine_fn, reverse, _semantic=_semantic, _generator=_generator)[0]\n  File "/home/lijiaxing/.conda/envs/api/lib/python3.10/site-packages/triton/language/core.py", line 42, in wrapper\n    return fn(*args, **kwargs)\n  File "/home/lijiaxing/.conda/envs/api/lib/python3.10/site-packages/triton/language/core.py", line 2747, in associative_scan\n    return _semantic.associative_scan(input, axis, make_combine_region, reverse)\n  File "/home/lijiaxing/.conda/envs/api/lib/python3.10/site-packages/triton/language/semantic.py", line 1685, in associative_scan\n    region_builder_fn(scan_op)\n  File "/home/lijiaxing/.conda/envs/api/lib/python3.10/site-packages/triton/language/core.py", line 2737, in make_combine_region\n    results = _generator.call_JitFunction(combine_fn, args, kwargs={})\nAttributeError: \'function\' object has no attribute \'fn\'\n\nThe above exception was the direct cause of the following exception:\n\nTraceback (most recent call last):\n  File "/cpfs01/shared/llm_kernel/hujiakai/KernelLLM/validation_api_server/helpers/evaluations.py", line 720, in run_and_check_correctness\n    output_new = model_new(*inputs)\n  File "/home/lijiaxing/.conda/envs/api/lib/python3.10/site-packages/torch/nn/modules/module.py", line 1773, in _wrapped_call_impl\n    return self._call_impl(*args, **kwargs)\n  File "/home/lijiaxing/.conda/envs/api/lib/python3.10/site-packages/torch/nn/modules/module.py", line 1784, in _call_impl\n    return forward_call(*args, **kwargs)\n  File "/tmp/tmpm7or5k6n.py", line 40, in forward\n    exclusive_cumsum_kernel[grid](x, output, n_elements, BLOCK_SIZE)\n  File "/home/lijiaxing/.conda/envs/api/lib/python3.10/site-packages/triton/runtime/jit.py", line 390, in <lambda>\n    return lambda *args, **kwargs: self.run(grid=grid, warmup=False, *args, **kwargs)\n  File "/home/lijiaxing/.conda/envs/api/lib/python3.10/site-packages/triton/runtime/jit.py", line 594, in run\n    kernel = self.compile(src, target=target, options=options.__dict__)\n  File "/home/lijiaxing/.conda/envs/api/lib/python3.10/site-packages/triton/compiler/compiler.py", line 339, in compile\n    module = src.make_ir(options, codegen_fns, module_map, context)\n  File "/home/lijiaxing/.conda/envs/api/lib/python3.10/site-packages/triton/compiler/compiler.py", line 83, in make_ir\n    return ast_to_ttir(self.fn, self, context=context, options=options, codegen_fns=codegen_fns,\ntriton.compiler.errors.CompilationError: at 14:16:\n    output_ptr,\n    n_elements,\n    BLOCK_SIZE: tl.constexpr,\n):\n    pid = tl.program_id(0)\n    base = pid * n_elements\n    offsets = base + tl.arange(0, BLOCK_SIZE)\n    mask = tl.arange(0, BLOCK_SIZE) < n_elements\n    x = tl.load(x_ptr + offsets, mask=mask, other=0)\n\n    # Perform parallel prefix sum\n    inclusive = tl.associative_scan(x, 0, tl.add)\n                ^\n\n\nThe above exception was the direct cause of the following exception:\n\nTraceback (most recent call last):\n  File "/home/lijiaxing/.conda/envs/api/lib/python3.10/site-packages/triton/language/core.py", line 42, in wrapper\n    return fn(*args, **kwargs)\n  File "/home/lijiaxing/.conda/envs/api/lib/python3.10/site-packages/triton/language/core.py", line 2727, in associative_scan\n    return associative_scan((input, ), axis, combine_fn, reverse, _semantic=_semantic, _generator=_generator)[0]\n  File "/home/lijiaxing/.conda/envs/api/lib/python3.10/site-packages/triton/language/core.py", line 42, in wrapper\n    return fn(*args, **kwargs)\n  File "/home/lijiaxing/.conda/envs/api/lib/python3.10/site-packages/triton/language/core.py", line 2747, in associative_scan\n    return _semantic.associative_scan(input, axis, make_combine_region, reverse)\n  File "/home/lijiaxing/.conda/envs/api/lib/python3.10/site-packages/triton/language/semantic.py", line 1685, in associative_scan\n    region_builder_fn(scan_op)\n  File "/home/lijiaxing/.conda/envs/api/lib/python3.10/site-packages/triton/language/core.py", line 2737, in make_combine_region\n    results = _generator.call_JitFunction(combine_fn, args, kwargs={})\nAttributeError: \'function\' object has no attribute \'fn\'\n', 'runtime_error_name': 'triton.compiler.errors.CompilationError', 'reference_timing_ms': 0.0377, 'speed_up': -1.0, 'custom_timing': -1.0}, 'runtime': -1.0, 'runtime_stats': {}}}
2025-08-12 16:47:40,455 - openevolve.controller - INFO - Saved checkpoint at iteration 0 to openevolve_output/level1_92_cumsum_exclusive/checkpoints/checkpoint_0
2025-08-12 16:51:43,504 - openevolve.RemoteSpeedupEvaluator - INFO - [level1_92_cumsum_exclusive] triton key words check pass
2025-08-12 16:51:43,505 - openevolve.RemoteSpeedupEvaluator - INFO - [level1_92_cumsum_exclusive] verify_plus payload: reference_code(732 chars) + custom_code(1214 chars)
2025-08-12 16:51:46,371 - openevolve.RemoteSpeedupEvaluator - INFO - [level1_92_cumsum_exclusive] verify_plus request success
2025-08-12 16:51:46,371 - openevolve.RemoteSpeedupEvaluator - INFO - [level1_92_cumsum_exclusive] verify_plus response: {"id":"level1_92_cumsum_exclusive","result":{"compiled":true,"correctness":false,"metadata":{"hardware":"NVIDIA L20Y","device":"cuda:6","correctness_issue":"Output shape mismatch: Expected torch.Size([127, 4001]), got torch.Size([128, 4000])","correctness_issue_name":"correctness_issue","reference_timing_ms":0.0377,"speed_up":-1.0,"custom_timing":-1.0},"runtime":-1.0,"runtime_stats":{}}}
2025-08-12 16:51:46,371 - openevolve.RemoteSpeedupEvaluator - INFO - [level1_92_cumsum_exclusive] âœ˜ wrong_answer
2025-08-12 16:51:46,372 - openevolve.evaluator - INFO - Evaluated program 1ee43925-4af2-425c-b847-b735588fb54a in 2.87s: compiled=1.0000, correctness=0.0000, score=10.0000, stage=wrong_answer, verify_payload={'id': 'level1_92_cumsum_exclusive', 'result': {'compiled': True, 'correctness': False, 'metadata': {'hardware': 'NVIDIA L20Y', 'device': 'cuda:6', 'correctness_issue': 'Output shape mismatch: Expected torch.Size([127, 4001]), got torch.Size([128, 4000])', 'correctness_issue_name': 'correctness_issue', 'reference_timing_ms': 0.0377, 'speed_up': -1.0, 'custom_timing': -1.0}, 'runtime': -1.0, 'runtime_stats': {}}}
2025-08-12 16:51:46,374 - openevolve.llm.ensemble - INFO - Sampled model: deepseek
2025-08-12 16:51:46,382 - openevolve.database - INFO - New MAP-Elites cell occupied: {'score': 9, 'complexity': 7}
2025-08-12 16:51:46,388 - openevolve.threaded_parallel - INFO - Iteration 2: Program 1ee43925-4af2-425c-b847-b735588fb54a (parent: d9ca7bc0-7435-4d6d-be32-500a93a99654) completed in 830.21s
2025-08-12 16:51:46,388 - openevolve.threaded_parallel - INFO - Metrics: compiled=1.0000, correctness=0.0000, score=10.0000, stage=wrong_answer, verify_payload={'id': 'level1_92_cumsum_exclusive', 'result': {'compiled': True, 'correctness': False, 'metadata': {'hardware': 'NVIDIA L20Y', 'device': 'cuda:6', 'correctness_issue': 'Output shape mismatch: Expected torch.Size([127, 4001]), got torch.Size([128, 4000])', 'correctness_issue_name': 'correctness_issue', 'reference_timing_ms': 0.0377, 'speed_up': -1.0, 'custom_timing': -1.0}, 'runtime': -1.0, 'runtime_stats': {}}}
2025-08-12 16:56:24,009 - openevolve.RemoteSpeedupEvaluator - INFO - [level1_92_cumsum_exclusive] triton key words check pass
2025-08-12 16:56:24,010 - openevolve.RemoteSpeedupEvaluator - INFO - [level1_92_cumsum_exclusive] verify_plus payload: reference_code(732 chars) + custom_code(1583 chars)
2025-08-12 16:56:32,072 - openevolve.RemoteSpeedupEvaluator - INFO - [level1_92_cumsum_exclusive] verify_plus request success
2025-08-12 16:56:32,073 - openevolve.RemoteSpeedupEvaluator - INFO - [level1_92_cumsum_exclusive] verify_plus response: {"id":"level1_92_cumsum_exclusive","result":{"compiled":true,"correctness":false,"metadata":{"hardware":"NVIDIA L20Y","device":"cuda:6","correctness_issue":"Output shape mismatch: Expected torch.Size([127, 4001]), got torch.Size([128, 4000])","correctness_issue_name":"correctness_issue","reference_timing_ms":0.0377,"speed_up":-1.0,"custom_timing":-1.0},"runtime":-1.0,"runtime_stats":{}}}
2025-08-12 16:56:32,073 - openevolve.RemoteSpeedupEvaluator - INFO - [level1_92_cumsum_exclusive] âœ˜ wrong_answer
2025-08-12 16:56:32,073 - openevolve.evaluator - INFO - Evaluated program eb027012-5613-451e-9f85-58e8566958e9 in 8.07s: compiled=1.0000, correctness=0.0000, score=10.0000, stage=wrong_answer, verify_payload={'id': 'level1_92_cumsum_exclusive', 'result': {'compiled': True, 'correctness': False, 'metadata': {'hardware': 'NVIDIA L20Y', 'device': 'cuda:6', 'correctness_issue': 'Output shape mismatch: Expected torch.Size([127, 4001]), got torch.Size([128, 4000])', 'correctness_issue_name': 'correctness_issue', 'reference_timing_ms': 0.0377, 'speed_up': -1.0, 'custom_timing': -1.0}, 'runtime': -1.0, 'runtime_stats': {}}}
2025-08-12 16:56:32,078 - openevolve.llm.ensemble - INFO - Sampled model: deepseek
2025-08-12 16:56:32,082 - openevolve.threaded_parallel - INFO - Iteration 1: Program eb027012-5613-451e-9f85-58e8566958e9 (parent: d9ca7bc0-7435-4d6d-be32-500a93a99654) completed in 1115.91s
2025-08-12 16:56:32,082 - openevolve.threaded_parallel - INFO - Metrics: compiled=1.0000, correctness=0.0000, score=10.0000, stage=wrong_answer, verify_payload={'id': 'level1_92_cumsum_exclusive', 'result': {'compiled': True, 'correctness': False, 'metadata': {'hardware': 'NVIDIA L20Y', 'device': 'cuda:6', 'correctness_issue': 'Output shape mismatch: Expected torch.Size([127, 4001]), got torch.Size([128, 4000])', 'correctness_issue_name': 'correctness_issue', 'reference_timing_ms': 0.0377, 'speed_up': -1.0, 'custom_timing': -1.0}, 'runtime': -1.0, 'runtime_stats': {}}}
2025-08-12 17:02:17,264 - openevolve.RemoteSpeedupEvaluator - INFO - [level1_92_cumsum_exclusive] triton key words check pass
2025-08-12 17:02:17,264 - openevolve.RemoteSpeedupEvaluator - INFO - [level1_92_cumsum_exclusive] verify_plus payload: reference_code(732 chars) + custom_code(1170 chars)
2025-08-12 17:02:20,678 - openevolve.RemoteSpeedupEvaluator - INFO - [level1_92_cumsum_exclusive] verify_plus request success
2025-08-12 17:02:20,678 - openevolve.RemoteSpeedupEvaluator - INFO - [level1_92_cumsum_exclusive] verify_plus response: {"id":"level1_92_cumsum_exclusive","result":{"compiled":true,"correctness":false,"metadata":{"hardware":"NVIDIA L20Y","device":"cuda:0","correctness_issue":"Output shape mismatch: Expected torch.Size([127, 4001]), got torch.Size([128, 4000])","correctness_issue_name":"correctness_issue","reference_timing_ms":0.0377,"speed_up":-1.0,"custom_timing":-1.0},"runtime":-1.0,"runtime_stats":{}}}
2025-08-12 17:02:20,679 - openevolve.RemoteSpeedupEvaluator - INFO - [level1_92_cumsum_exclusive] âœ˜ wrong_answer
2025-08-12 17:02:20,679 - openevolve.evaluator - INFO - Evaluated program a2e3a690-7cab-4517-ae68-fec731038682 in 3.42s: compiled=1.0000, correctness=0.0000, score=10.0000, stage=wrong_answer, verify_payload={'id': 'level1_92_cumsum_exclusive', 'result': {'compiled': True, 'correctness': False, 'metadata': {'hardware': 'NVIDIA L20Y', 'device': 'cuda:0', 'correctness_issue': 'Output shape mismatch: Expected torch.Size([127, 4001]), got torch.Size([128, 4000])', 'correctness_issue_name': 'correctness_issue', 'reference_timing_ms': 0.0377, 'speed_up': -1.0, 'custom_timing': -1.0}, 'runtime': -1.0, 'runtime_stats': {}}}
2025-08-12 17:02:20,682 - openevolve.llm.ensemble - INFO - Sampled model: deepseek
2025-08-12 17:02:20,686 - openevolve.database - INFO - New MAP-Elites cell occupied: {'score': 9, 'complexity': 4}
2025-08-12 17:02:20,724 - openevolve.threaded_parallel - INFO - Iteration 4: Program a2e3a690-7cab-4517-ae68-fec731038682 (parent: c3026469-0213-4712-88d9-d661dec90781) completed in 634.30s
2025-08-12 17:02:20,724 - openevolve.threaded_parallel - INFO - Metrics: compiled=1.0000, correctness=0.0000, score=10.0000, stage=wrong_answer, verify_payload={'id': 'level1_92_cumsum_exclusive', 'result': {'compiled': True, 'correctness': False, 'metadata': {'hardware': 'NVIDIA L20Y', 'device': 'cuda:0', 'correctness_issue': 'Output shape mismatch: Expected torch.Size([127, 4001]), got torch.Size([128, 4000])', 'correctness_issue_name': 'correctness_issue', 'reference_timing_ms': 0.0377, 'speed_up': -1.0, 'custom_timing': -1.0}, 'runtime': -1.0, 'runtime_stats': {}}}
2025-08-12 17:04:27,718 - openevolve.RemoteSpeedupEvaluator - INFO - [level1_92_cumsum_exclusive] triton key words check pass
2025-08-12 17:04:27,718 - openevolve.RemoteSpeedupEvaluator - INFO - [level1_92_cumsum_exclusive] verify_plus payload: reference_code(732 chars) + custom_code(1660 chars)
2025-08-12 17:04:30,526 - openevolve.RemoteSpeedupEvaluator - INFO - [level1_92_cumsum_exclusive] verify_plus request success
2025-08-12 17:04:30,526 - openevolve.RemoteSpeedupEvaluator - INFO - [level1_92_cumsum_exclusive] verify_plus response: {"id":"level1_92_cumsum_exclusive","result":{"compiled":true,"correctness":false,"metadata":{"hardware":"NVIDIA L20Y","device":"cuda:3","runtime_error":"Traceback (most recent call last):\n  File \"/cpfs01/shared/llm_kernel/hujiakai/KernelLLM/validation_api_server/helpers/evaluations.py\", line 720, in run_and_check_correctness\n    output_new = model_new(*inputs)\n  File \"/home/lijiaxing/.conda/envs/api/lib/python3.10/site-packages/torch/nn/modules/module.py\", line 1773, in _wrapped_call_impl\n    return self._call_impl(*args, **kwargs)\n  File \"/home/lijiaxing/.conda/envs/api/lib/python3.10/site-packages/torch/nn/modules/module.py\", line 1784, in _call_impl\n    return forward_call(*args, **kwargs)\n  File \"/tmp/tmpu5mj6job.py\", line 50, in forward\n    exclusive_cumsum_kernel[grid
2025-08-12 17:04:30,526 - openevolve.RemoteSpeedupEvaluator - INFO - [level1_92_cumsum_exclusive] âœ˜ wrong_answer
2025-08-12 17:04:30,527 - openevolve.evaluator - INFO - Evaluated program 67ef772c-e8b2-4165-8eda-8f99f4ba75d0 in 2.81s: compiled=1.0000, correctness=0.0000, score=10.0000, stage=wrong_answer, verify_payload={'id': 'level1_92_cumsum_exclusive', 'result': {'compiled': True, 'correctness': False, 'metadata': {'hardware': 'NVIDIA L20Y', 'device': 'cuda:3', 'runtime_error': 'Traceback (most recent call last):\n  File "/cpfs01/shared/llm_kernel/hujiakai/KernelLLM/validation_api_server/helpers/evaluations.py", line 720, in run_and_check_correctness\n    output_new = model_new(*inputs)\n  File "/home/lijiaxing/.conda/envs/api/lib/python3.10/site-packages/torch/nn/modules/module.py", line 1773, in _wrapped_call_impl\n    return self._call_impl(*args, **kwargs)\n  File "/home/lijiaxing/.conda/envs/api/lib/python3.10/site-packages/torch/nn/modules/module.py", line 1784, in _call_impl\n    return forward_call(*args, **kwargs)\n  File "/tmp/tmpu5mj6job.py", line 50, in forward\n    exclusive_cumsum_kernel[grid](x, output, n_elements, BLOCK_SIZE)\n  File "/home/lijiaxing/.conda/envs/api/lib/python3.10/site-packages/triton/runtime/jit.py", line 390, in <lambda>\n    return lambda *args, **kwargs: self.run(grid=grid, warmup=False, *args, **kwargs)\n  File "/home/lijiaxing/.conda/envs/api/lib/python3.10/site-packages/triton/runtime/jit.py", line 594, in run\n    kernel = self.compile(src, target=target, options=options.__dict__)\n  File "/home/lijiaxing/.conda/envs/api/lib/python3.10/site-packages/triton/compiler/compiler.py", line 339, in compile\n    module = src.make_ir(options, codegen_fns, module_map, context)\n  File "/home/lijiaxing/.conda/envs/api/lib/python3.10/site-packages/triton/compiler/compiler.py", line 83, in make_ir\n    return ast_to_ttir(self.fn, self, context=context, options=options, codegen_fns=codegen_fns,\ntriton.compiler.errors.CompilationError: at 20:43:\n    offsets = base + tl.arange(0, BLOCK_SIZE)\n    mask = tl.arange(0, BLOCK_SIZE) < n_elements\n    x = tl.load(x_ptr + offsets, mask=mask, other=0)\n\n    # Hillis-Steele parallel prefix sum\n    inclusive = x\n    stride = 1\n    while stride < BLOCK_SIZE:\n        base_idx = tl.arange(0, BLOCK_SIZE)\n        shifted_base = base_idx - stride\n        mask_shift = shifted_base >= 0\n        shifted_val = tl.where(mask_shift, inclusive[shifted_base], 0)\n                                           ^\nValueError(\'Did you forget to add @triton.jit ? (`_semantic` argument must be provided outside of JIT functions.)\')\n\n\nThe above exception was the direct cause of the following exception:\n\nTraceback (most recent call last):\n  File "/home/lijiaxing/.conda/envs/api/lib/python3.10/site-packages/triton/language/core.py", line 42, in wrapper\n    return fn(*args, **kwargs)\n  File "/home/lijiaxing/.conda/envs/api/lib/python3.10/site-packages/triton/language/core.py", line 1111, in __getitem__\n    for dim, sl in enumerate(slices):\n  File "/home/lijiaxing/.conda/envs/api/lib/python3.10/site-packages/triton/language/core.py", line 40, in wrapper\n    raise ValueError("Did you forget to add @triton.jit ? "\nValueError: Did you forget to add @triton.jit ? (`_semantic` argument must be provided outside of JIT functions.)\n', 'runtime_error_name': 'triton.compiler.errors.CompilationError', 'reference_timing_ms': 0.0377, 'speed_up': -1.0, 'custom_timing': -1.0}, 'runtime': -1.0, 'runtime_stats': {}}}
2025-08-12 17:04:30,531 - openevolve.llm.ensemble - INFO - Sampled model: deepseek
2025-08-12 17:04:30,549 - openevolve.threaded_parallel - INFO - Iteration 5: Program 67ef772c-e8b2-4165-8eda-8f99f4ba75d0 (parent: c3026469-0213-4712-88d9-d661dec90781) completed in 478.45s
2025-08-12 17:04:30,549 - openevolve.threaded_parallel - INFO - Metrics: compiled=1.0000, correctness=0.0000, score=10.0000, stage=wrong_answer, verify_payload={'id': 'level1_92_cumsum_exclusive', 'result': {'compiled': True, 'correctness': False, 'metadata': {'hardware': 'NVIDIA L20Y', 'device': 'cuda:3', 'runtime_error': 'Traceback (most recent call last):\n  File "/cpfs01/shared/llm_kernel/hujiakai/KernelLLM/validation_api_server/helpers/evaluations.py", line 720, in run_and_check_correctness\n    output_new = model_new(*inputs)\n  File "/home/lijiaxing/.conda/envs/api/lib/python3.10/site-packages/torch/nn/modules/module.py", line 1773, in _wrapped_call_impl\n    return self._call_impl(*args, **kwargs)\n  File "/home/lijiaxing/.conda/envs/api/lib/python3.10/site-packages/torch/nn/modules/module.py", line 1784, in _call_impl\n    return forward_call(*args, **kwargs)\n  File "/tmp/tmpu5mj6job.py", line 50, in forward\n    exclusive_cumsum_kernel[grid](x, output, n_elements, BLOCK_SIZE)\n  File "/home/lijiaxing/.conda/envs/api/lib/python3.10/site-packages/triton/runtime/jit.py", line 390, in <lambda>\n    return lambda *args, **kwargs: self.run(grid=grid, warmup=False, *args, **kwargs)\n  File "/home/lijiaxing/.conda/envs/api/lib/python3.10/site-packages/triton/runtime/jit.py", line 594, in run\n    kernel = self.compile(src, target=target, options=options.__dict__)\n  File "/home/lijiaxing/.conda/envs/api/lib/python3.10/site-packages/triton/compiler/compiler.py", line 339, in compile\n    module = src.make_ir(options, codegen_fns, module_map, context)\n  File "/home/lijiaxing/.conda/envs/api/lib/python3.10/site-packages/triton/compiler/compiler.py", line 83, in make_ir\n    return ast_to_ttir(self.fn, self, context=context, options=options, codegen_fns=codegen_fns,\ntriton.compiler.errors.CompilationError: at 20:43:\n    offsets = base + tl.arange(0, BLOCK_SIZE)\n    mask = tl.arange(0, BLOCK_SIZE) < n_elements\n    x = tl.load(x_ptr + offsets, mask=mask, other=0)\n\n    # Hillis-Steele parallel prefix sum\n    inclusive = x\n    stride = 1\n    while stride < BLOCK_SIZE:\n        base_idx = tl.arange(0, BLOCK_SIZE)\n        shifted_base = base_idx - stride\n        mask_shift = shifted_base >= 0\n        shifted_val = tl.where(mask_shift, inclusive[shifted_base], 0)\n                                           ^\nValueError(\'Did you forget to add @triton.jit ? (`_semantic` argument must be provided outside of JIT functions.)\')\n\n\nThe above exception was the direct cause of the following exception:\n\nTraceback (most recent call last):\n  File "/home/lijiaxing/.conda/envs/api/lib/python3.10/site-packages/triton/language/core.py", line 42, in wrapper\n    return fn(*args, **kwargs)\n  File "/home/lijiaxing/.conda/envs/api/lib/python3.10/site-packages/triton/language/core.py", line 1111, in __getitem__\n    for dim, sl in enumerate(slices):\n  File "/home/lijiaxing/.conda/envs/api/lib/python3.10/site-packages/triton/language/core.py", line 40, in wrapper\n    raise ValueError("Did you forget to add @triton.jit ? "\nValueError: Did you forget to add @triton.jit ? (`_semantic` argument must be provided outside of JIT functions.)\n', 'runtime_error_name': 'triton.compiler.errors.CompilationError', 'reference_timing_ms': 0.0377, 'speed_up': -1.0, 'custom_timing': -1.0}, 'runtime': -1.0, 'runtime_stats': {}}}
2025-08-12 17:06:05,356 - openevolve.RemoteSpeedupEvaluator - INFO - [level1_92_cumsum_exclusive] triton key words check pass
2025-08-12 17:06:05,356 - openevolve.RemoteSpeedupEvaluator - INFO - [level1_92_cumsum_exclusive] verify_plus payload: reference_code(732 chars) + custom_code(1477 chars)
2025-08-12 17:06:08,387 - openevolve.RemoteSpeedupEvaluator - INFO - [level1_92_cumsum_exclusive] verify_plus request success
2025-08-12 17:06:08,387 - openevolve.RemoteSpeedupEvaluator - INFO - [level1_92_cumsum_exclusive] verify_plus response: {"id":"level1_92_cumsum_exclusive","result":{"compiled":true,"correctness":false,"metadata":{"hardware":"NVIDIA L20Y","device":"cuda:4","correctness_issue":"Output shape mismatch: Expected torch.Size([127, 4001]), got torch.Size([128, 4000])","correctness_issue_name":"correctness_issue","reference_timing_ms":0.0377,"speed_up":-1.0,"custom_timing":-1.0},"runtime":-1.0,"runtime_stats":{}}}
2025-08-12 17:06:08,388 - openevolve.RemoteSpeedupEvaluator - INFO - [level1_92_cumsum_exclusive] âœ˜ wrong_answer
2025-08-12 17:06:08,388 - openevolve.evaluator - INFO - Evaluated program 09089b68-daf7-4a05-81ec-96af2c393d57 in 3.03s: compiled=1.0000, correctness=0.0000, score=10.0000, stage=wrong_answer, verify_payload={'id': 'level1_92_cumsum_exclusive', 'result': {'compiled': True, 'correctness': False, 'metadata': {'hardware': 'NVIDIA L20Y', 'device': 'cuda:4', 'correctness_issue': 'Output shape mismatch: Expected torch.Size([127, 4001]), got torch.Size([128, 4000])', 'correctness_issue_name': 'correctness_issue', 'reference_timing_ms': 0.0377, 'speed_up': -1.0, 'custom_timing': -1.0}, 'runtime': -1.0, 'runtime_stats': {}}}
2025-08-12 17:06:08,390 - openevolve.llm.ensemble - INFO - Sampled model: deepseek
2025-08-12 17:06:08,399 - openevolve.threaded_parallel - INFO - Iteration 3: Program 09089b68-daf7-4a05-81ec-96af2c393d57 (parent: d9ca7bc0-7435-4d6d-be32-500a93a99654) completed in 1108.00s
2025-08-12 17:06:08,399 - openevolve.threaded_parallel - INFO - Metrics: compiled=1.0000, correctness=0.0000, score=10.0000, stage=wrong_answer, verify_payload={'id': 'level1_92_cumsum_exclusive', 'result': {'compiled': True, 'correctness': False, 'metadata': {'hardware': 'NVIDIA L20Y', 'device': 'cuda:4', 'correctness_issue': 'Output shape mismatch: Expected torch.Size([127, 4001]), got torch.Size([128, 4000])', 'correctness_issue_name': 'correctness_issue', 'reference_timing_ms': 0.0377, 'speed_up': -1.0, 'custom_timing': -1.0}, 'runtime': -1.0, 'runtime_stats': {}}}
2025-08-12 17:06:08,399 - openevolve.threaded_parallel - INFO - Checkpoint interval reached at iteration 3
2025-08-12 17:06:08,399 - openevolve.database - INFO - Island Status:
2025-08-12 17:06:08,400 - openevolve.database - INFO -    Island 0: 4 programs, best=10.0000, avg=7.5000, diversity=196.97, gen=2 (best: c3026469-0213-4712-88d9-d661dec90781)
2025-08-12 17:06:08,400 - openevolve.database - INFO -    Island 1: 3 programs, best=10.0000, avg=10.0000, diversity=85.13, gen=2 (best: eb027012-5613-451e-9f85-58e8566958e9)
2025-08-12 17:06:08,400 - openevolve.database - INFO -  * Island 2: 2 programs, best=10.0000, avg=10.0000, diversity=57.60, gen=2 (best: a2e3a690-7cab-4517-ae68-fec731038682)
2025-08-12 17:06:08,481 - openevolve.database - INFO - Saved database with 7 programs to openevolve_output/level1_92_cumsum_exclusive/checkpoints/checkpoint_3
2025-08-12 17:06:08,497 - openevolve.controller - INFO - Saved best program at checkpoint 3 with metrics: compiled=1.0000, correctness=0.0000, score=10.0000, stage=wrong_answer, verify_payload={'id': 'level1_92_cumsum_exclusive', 'result': {'compiled': True, 'correctness': False, 'metadata': {'hardware': 'NVIDIA L20Y', 'device': 'cuda:3', 'runtime_error': 'Traceback (most recent call last):\n  File "/home/lijiaxing/.conda/envs/api/lib/python3.10/site-packages/triton/language/core.py", line 42, in wrapper\n    return fn(*args, **kwargs)\n  File "/home/lijiaxing/.conda/envs/api/lib/python3.10/site-packages/triton/language/core.py", line 2727, in associative_scan\n    return associative_scan((input, ), axis, combine_fn, reverse, _semantic=_semantic, _generator=_generator)[0]\n  File "/home/lijiaxing/.conda/envs/api/lib/python3.10/site-packages/triton/language/core.py", line 42, in wrapper\n    return fn(*args, **kwargs)\n  File "/home/lijiaxing/.conda/envs/api/lib/python3.10/site-packages/triton/language/core.py", line 2747, in associative_scan\n    return _semantic.associative_scan(input, axis, make_combine_region, reverse)\n  File "/home/lijiaxing/.conda/envs/api/lib/python3.10/site-packages/triton/language/semantic.py", line 1685, in associative_scan\n    region_builder_fn(scan_op)\n  File "/home/lijiaxing/.conda/envs/api/lib/python3.10/site-packages/triton/language/core.py", line 2737, in make_combine_region\n    results = _generator.call_JitFunction(combine_fn, args, kwargs={})\nAttributeError: \'function\' object has no attribute \'fn\'\n\nThe above exception was the direct cause of the following exception:\n\nTraceback (most recent call last):\n  File "/cpfs01/shared/llm_kernel/hujiakai/KernelLLM/validation_api_server/helpers/evaluations.py", line 720, in run_and_check_correctness\n    output_new = model_new(*inputs)\n  File "/home/lijiaxing/.conda/envs/api/lib/python3.10/site-packages/torch/nn/modules/module.py", line 1773, in _wrapped_call_impl\n    return self._call_impl(*args, **kwargs)\n  File "/home/lijiaxing/.conda/envs/api/lib/python3.10/site-packages/torch/nn/modules/module.py", line 1784, in _call_impl\n    return forward_call(*args, **kwargs)\n  File "/tmp/tmpm7or5k6n.py", line 40, in forward\n    exclusive_cumsum_kernel[grid](x, output, n_elements, BLOCK_SIZE)\n  File "/home/lijiaxing/.conda/envs/api/lib/python3.10/site-packages/triton/runtime/jit.py", line 390, in <lambda>\n    return lambda *args, **kwargs: self.run(grid=grid, warmup=False, *args, **kwargs)\n  File "/home/lijiaxing/.conda/envs/api/lib/python3.10/site-packages/triton/runtime/jit.py", line 594, in run\n    kernel = self.compile(src, target=target, options=options.__dict__)\n  File "/home/lijiaxing/.conda/envs/api/lib/python3.10/site-packages/triton/compiler/compiler.py", line 339, in compile\n    module = src.make_ir(options, codegen_fns, module_map, context)\n  File "/home/lijiaxing/.conda/envs/api/lib/python3.10/site-packages/triton/compiler/compiler.py", line 83, in make_ir\n    return ast_to_ttir(self.fn, self, context=context, options=options, codegen_fns=codegen_fns,\ntriton.compiler.errors.CompilationError: at 14:16:\n    output_ptr,\n    n_elements,\n    BLOCK_SIZE: tl.constexpr,\n):\n    pid = tl.program_id(0)\n    base = pid * n_elements\n    offsets = base + tl.arange(0, BLOCK_SIZE)\n    mask = tl.arange(0, BLOCK_SIZE) < n_elements\n    x = tl.load(x_ptr + offsets, mask=mask, other=0)\n\n    # Perform parallel prefix sum\n    inclusive = tl.associative_scan(x, 0, tl.add)\n                ^\n\n\nThe above exception was the direct cause of the following exception:\n\nTraceback (most recent call last):\n  File "/home/lijiaxing/.conda/envs/api/lib/python3.10/site-packages/triton/language/core.py", line 42, in wrapper\n    return fn(*args, **kwargs)\n  File "/home/lijiaxing/.conda/envs/api/lib/python3.10/site-packages/triton/language/core.py", line 2727, in associative_scan\n    return associative_scan((input, ), axis, combine_fn, reverse, _semantic=_semantic, _generator=_generator)[0]\n  File "/home/lijiaxing/.conda/envs/api/lib/python3.10/site-packages/triton/language/core.py", line 42, in wrapper\n    return fn(*args, **kwargs)\n  File "/home/lijiaxing/.conda/envs/api/lib/python3.10/site-packages/triton/language/core.py", line 2747, in associative_scan\n    return _semantic.associative_scan(input, axis, make_combine_region, reverse)\n  File "/home/lijiaxing/.conda/envs/api/lib/python3.10/site-packages/triton/language/semantic.py", line 1685, in associative_scan\n    region_builder_fn(scan_op)\n  File "/home/lijiaxing/.conda/envs/api/lib/python3.10/site-packages/triton/language/core.py", line 2737, in make_combine_region\n    results = _generator.call_JitFunction(combine_fn, args, kwargs={})\nAttributeError: \'function\' object has no attribute \'fn\'\n', 'runtime_error_name': 'triton.compiler.errors.CompilationError', 'reference_timing_ms': 0.0377, 'speed_up': -1.0, 'custom_timing': -1.0}, 'runtime': -1.0, 'runtime_stats': {}}}
2025-08-12 17:06:08,497 - openevolve.controller - INFO - Saved checkpoint at iteration 3 to openevolve_output/level1_92_cumsum_exclusive/checkpoints/checkpoint_3
2025-08-12 17:12:07,625 - openevolve.RemoteSpeedupEvaluator - INFO - [level1_92_cumsum_exclusive] triton key words check pass
2025-08-12 17:12:07,626 - openevolve.RemoteSpeedupEvaluator - INFO - [level1_92_cumsum_exclusive] verify_plus payload: reference_code(732 chars) + custom_code(1615 chars)
2025-08-12 17:12:10,542 - openevolve.RemoteSpeedupEvaluator - INFO - [level1_92_cumsum_exclusive] verify_plus request success
2025-08-12 17:12:10,542 - openevolve.RemoteSpeedupEvaluator - INFO - [level1_92_cumsum_exclusive] verify_plus response: {"id":"level1_92_cumsum_exclusive","result":{"compiled":true,"correctness":false,"metadata":{"hardware":"NVIDIA L20Y","device":"cuda:0","runtime_error":"Traceback (most recent call last):\n  File \"/cpfs01/shared/llm_kernel/hujiakai/KernelLLM/validation_api_server/helpers/evaluations.py\", line 720, in run_and_check_correctness\n    output_new = model_new(*inputs)\n  File \"/home/lijiaxing/.conda/envs/api/lib/python3.10/site-packages/torch/nn/modules/module.py\", line 1773, in _wrapped_call_impl\n    return self._call_impl(*args, **kwargs)\n  File \"/home/lijiaxing/.conda/envs/api/lib/python3.10/site-packages/torch/nn/modules/module.py\", line 1784, in _call_impl\n    return forward_call(*args, **kwargs)\n  File \"/tmp/tmp4igqztmw.py\", line 44, in forward\n    exclusive_cumsum_kernel[grid
2025-08-12 17:12:10,542 - openevolve.RemoteSpeedupEvaluator - INFO - [level1_92_cumsum_exclusive] âœ˜ wrong_answer
2025-08-12 17:12:10,543 - openevolve.evaluator - INFO - Evaluated program 8be3402f-c257-411d-9b80-4a67f4e4643f in 2.92s: compiled=1.0000, correctness=0.0000, score=10.0000, stage=wrong_answer, verify_payload={'id': 'level1_92_cumsum_exclusive', 'result': {'compiled': True, 'correctness': False, 'metadata': {'hardware': 'NVIDIA L20Y', 'device': 'cuda:0', 'runtime_error': 'Traceback (most recent call last):\n  File "/cpfs01/shared/llm_kernel/hujiakai/KernelLLM/validation_api_server/helpers/evaluations.py", line 720, in run_and_check_correctness\n    output_new = model_new(*inputs)\n  File "/home/lijiaxing/.conda/envs/api/lib/python3.10/site-packages/torch/nn/modules/module.py", line 1773, in _wrapped_call_impl\n    return self._call_impl(*args, **kwargs)\n  File "/home/lijiaxing/.conda/envs/api/lib/python3.10/site-packages/torch/nn/modules/module.py", line 1784, in _call_impl\n    return forward_call(*args, **kwargs)\n  File "/tmp/tmp4igqztmw.py", line 44, in forward\n    exclusive_cumsum_kernel[grid](x, output, n_elements, BLOCK_SIZE)\n  File "/home/lijiaxing/.conda/envs/api/lib/python3.10/site-packages/triton/runtime/jit.py", line 390, in <lambda>\n    return lambda *args, **kwargs: self.run(grid=grid, warmup=False, *args, **kwargs)\n  File "/home/lijiaxing/.conda/envs/api/lib/python3.10/site-packages/triton/runtime/jit.py", line 594, in run\n    kernel = self.compile(src, target=target, options=options.__dict__)\n  File "/home/lijiaxing/.conda/envs/api/lib/python3.10/site-packages/triton/compiler/compiler.py", line 339, in compile\n    module = src.make_ir(options, codegen_fns, module_map, context)\n  File "/home/lijiaxing/.conda/envs/api/lib/python3.10/site-packages/triton/compiler/compiler.py", line 83, in make_ir\n    return ast_to_ttir(self.fn, self, context=context, options=options, codegen_fns=codegen_fns,\ntriton.compiler.errors.CompilationError: at 17:27:\n):\n    pid = tl.program_id(0)\n    base = pid * n_elements\n    offsets = base + tl.arange(0, BLOCK_SIZE)\n    mask = tl.arange(0, BLOCK_SIZE) < n_elements\n    x = tl.load(x_ptr + offsets, mask=mask, other=0)\n\n    # Replace associative_scan with sequential implementation\n    # Start with 0 for the first element\n    cumulative = tl.zeros((BLOCK_SIZE,), dtype=tl.float32)\n    for i in range(1, BLOCK_SIZE):\n        current = tl.where(mask[i], x[i-1], 0.0)\n                           ^\nValueError(\'Did you forget to add @triton.jit ? (`_semantic` argument must be provided outside of JIT functions.)\')\n\n\nThe above exception was the direct cause of the following exception:\n\nTraceback (most recent call last):\n  File "/home/lijiaxing/.conda/envs/api/lib/python3.10/site-packages/triton/language/core.py", line 42, in wrapper\n    return fn(*args, **kwargs)\n  File "/home/lijiaxing/.conda/envs/api/lib/python3.10/site-packages/triton/language/core.py", line 1111, in __getitem__\n    for dim, sl in enumerate(slices):\n  File "/home/lijiaxing/.conda/envs/api/lib/python3.10/site-packages/triton/language/core.py", line 40, in wrapper\n    raise ValueError("Did you forget to add @triton.jit ? "\nValueError: Did you forget to add @triton.jit ? (`_semantic` argument must be provided outside of JIT functions.)\n', 'runtime_error_name': 'triton.compiler.errors.CompilationError', 'reference_timing_ms': 0.0377, 'speed_up': -1.0, 'custom_timing': -1.0}, 'runtime': -1.0, 'runtime_stats': {}}}
2025-08-12 17:12:10,544 - openevolve.llm.ensemble - INFO - Sampled model: deepseek
2025-08-12 17:12:10,561 - openevolve.threaded_parallel - INFO - Iteration 6: Program 8be3402f-c257-411d-9b80-4a67f4e4643f (parent: c3026469-0213-4712-88d9-d661dec90781) completed in 589.86s
2025-08-12 17:12:10,561 - openevolve.threaded_parallel - INFO - Metrics: compiled=1.0000, correctness=0.0000, score=10.0000, stage=wrong_answer, verify_payload={'id': 'level1_92_cumsum_exclusive', 'result': {'compiled': True, 'correctness': False, 'metadata': {'hardware': 'NVIDIA L20Y', 'device': 'cuda:0', 'runtime_error': 'Traceback (most recent call last):\n  File "/cpfs01/shared/llm_kernel/hujiakai/KernelLLM/validation_api_server/helpers/evaluations.py", line 720, in run_and_check_correctness\n    output_new = model_new(*inputs)\n  File "/home/lijiaxing/.conda/envs/api/lib/python3.10/site-packages/torch/nn/modules/module.py", line 1773, in _wrapped_call_impl\n    return self._call_impl(*args, **kwargs)\n  File "/home/lijiaxing/.conda/envs/api/lib/python3.10/site-packages/torch/nn/modules/module.py", line 1784, in _call_impl\n    return forward_call(*args, **kwargs)\n  File "/tmp/tmp4igqztmw.py", line 44, in forward\n    exclusive_cumsum_kernel[grid](x, output, n_elements, BLOCK_SIZE)\n  File "/home/lijiaxing/.conda/envs/api/lib/python3.10/site-packages/triton/runtime/jit.py", line 390, in <lambda>\n    return lambda *args, **kwargs: self.run(grid=grid, warmup=False, *args, **kwargs)\n  File "/home/lijiaxing/.conda/envs/api/lib/python3.10/site-packages/triton/runtime/jit.py", line 594, in run\n    kernel = self.compile(src, target=target, options=options.__dict__)\n  File "/home/lijiaxing/.conda/envs/api/lib/python3.10/site-packages/triton/compiler/compiler.py", line 339, in compile\n    module = src.make_ir(options, codegen_fns, module_map, context)\n  File "/home/lijiaxing/.conda/envs/api/lib/python3.10/site-packages/triton/compiler/compiler.py", line 83, in make_ir\n    return ast_to_ttir(self.fn, self, context=context, options=options, codegen_fns=codegen_fns,\ntriton.compiler.errors.CompilationError: at 17:27:\n):\n    pid = tl.program_id(0)\n    base = pid * n_elements\n    offsets = base + tl.arange(0, BLOCK_SIZE)\n    mask = tl.arange(0, BLOCK_SIZE) < n_elements\n    x = tl.load(x_ptr + offsets, mask=mask, other=0)\n\n    # Replace associative_scan with sequential implementation\n    # Start with 0 for the first element\n    cumulative = tl.zeros((BLOCK_SIZE,), dtype=tl.float32)\n    for i in range(1, BLOCK_SIZE):\n        current = tl.where(mask[i], x[i-1], 0.0)\n                           ^\nValueError(\'Did you forget to add @triton.jit ? (`_semantic` argument must be provided outside of JIT functions.)\')\n\n\nThe above exception was the direct cause of the following exception:\n\nTraceback (most recent call last):\n  File "/home/lijiaxing/.conda/envs/api/lib/python3.10/site-packages/triton/language/core.py", line 42, in wrapper\n    return fn(*args, **kwargs)\n  File "/home/lijiaxing/.conda/envs/api/lib/python3.10/site-packages/triton/language/core.py", line 1111, in __getitem__\n    for dim, sl in enumerate(slices):\n  File "/home/lijiaxing/.conda/envs/api/lib/python3.10/site-packages/triton/language/core.py", line 40, in wrapper\n    raise ValueError("Did you forget to add @triton.jit ? "\nValueError: Did you forget to add @triton.jit ? (`_semantic` argument must be provided outside of JIT functions.)\n', 'runtime_error_name': 'triton.compiler.errors.CompilationError', 'reference_timing_ms': 0.0377, 'speed_up': -1.0, 'custom_timing': -1.0}, 'runtime': -1.0, 'runtime_stats': {}}}
2025-08-12 17:12:10,561 - openevolve.threaded_parallel - INFO - Checkpoint interval reached at iteration 6
2025-08-12 17:12:10,561 - openevolve.database - INFO - Island Status:
2025-08-12 17:12:10,561 - openevolve.database - INFO -  * Island 0: 4 programs, best=10.0000, avg=7.5000, diversity=196.97, gen=3 (best: c3026469-0213-4712-88d9-d661dec90781)
2025-08-12 17:12:10,561 - openevolve.database - INFO -    Island 1: 3 programs, best=10.0000, avg=10.0000, diversity=85.13, gen=2 (best: eb027012-5613-451e-9f85-58e8566958e9)
2025-08-12 17:12:10,561 - openevolve.database - INFO -    Island 2: 3 programs, best=10.0000, avg=10.0000, diversity=84.33, gen=2 (best: a2e3a690-7cab-4517-ae68-fec731038682)
2025-08-12 17:12:10,649 - openevolve.database - INFO - Saved database with 8 programs to openevolve_output/level1_92_cumsum_exclusive/checkpoints/checkpoint_6
2025-08-12 17:12:10,664 - openevolve.controller - INFO - Saved best program at checkpoint 6 with metrics: compiled=1.0000, correctness=0.0000, score=10.0000, stage=wrong_answer, verify_payload={'id': 'level1_92_cumsum_exclusive', 'result': {'compiled': True, 'correctness': False, 'metadata': {'hardware': 'NVIDIA L20Y', 'device': 'cuda:3', 'runtime_error': 'Traceback (most recent call last):\n  File "/home/lijiaxing/.conda/envs/api/lib/python3.10/site-packages/triton/language/core.py", line 42, in wrapper\n    return fn(*args, **kwargs)\n  File "/home/lijiaxing/.conda/envs/api/lib/python3.10/site-packages/triton/language/core.py", line 2727, in associative_scan\n    return associative_scan((input, ), axis, combine_fn, reverse, _semantic=_semantic, _generator=_generator)[0]\n  File "/home/lijiaxing/.conda/envs/api/lib/python3.10/site-packages/triton/language/core.py", line 42, in wrapper\n    return fn(*args, **kwargs)\n  File "/home/lijiaxing/.conda/envs/api/lib/python3.10/site-packages/triton/language/core.py", line 2747, in associative_scan\n    return _semantic.associative_scan(input, axis, make_combine_region, reverse)\n  File "/home/lijiaxing/.conda/envs/api/lib/python3.10/site-packages/triton/language/semantic.py", line 1685, in associative_scan\n    region_builder_fn(scan_op)\n  File "/home/lijiaxing/.conda/envs/api/lib/python3.10/site-packages/triton/language/core.py", line 2737, in make_combine_region\n    results = _generator.call_JitFunction(combine_fn, args, kwargs={})\nAttributeError: \'function\' object has no attribute \'fn\'\n\nThe above exception was the direct cause of the following exception:\n\nTraceback (most recent call last):\n  File "/cpfs01/shared/llm_kernel/hujiakai/KernelLLM/validation_api_server/helpers/evaluations.py", line 720, in run_and_check_correctness\n    output_new = model_new(*inputs)\n  File "/home/lijiaxing/.conda/envs/api/lib/python3.10/site-packages/torch/nn/modules/module.py", line 1773, in _wrapped_call_impl\n    return self._call_impl(*args, **kwargs)\n  File "/home/lijiaxing/.conda/envs/api/lib/python3.10/site-packages/torch/nn/modules/module.py", line 1784, in _call_impl\n    return forward_call(*args, **kwargs)\n  File "/tmp/tmpm7or5k6n.py", line 40, in forward\n    exclusive_cumsum_kernel[grid](x, output, n_elements, BLOCK_SIZE)\n  File "/home/lijiaxing/.conda/envs/api/lib/python3.10/site-packages/triton/runtime/jit.py", line 390, in <lambda>\n    return lambda *args, **kwargs: self.run(grid=grid, warmup=False, *args, **kwargs)\n  File "/home/lijiaxing/.conda/envs/api/lib/python3.10/site-packages/triton/runtime/jit.py", line 594, in run\n    kernel = self.compile(src, target=target, options=options.__dict__)\n  File "/home/lijiaxing/.conda/envs/api/lib/python3.10/site-packages/triton/compiler/compiler.py", line 339, in compile\n    module = src.make_ir(options, codegen_fns, module_map, context)\n  File "/home/lijiaxing/.conda/envs/api/lib/python3.10/site-packages/triton/compiler/compiler.py", line 83, in make_ir\n    return ast_to_ttir(self.fn, self, context=context, options=options, codegen_fns=codegen_fns,\ntriton.compiler.errors.CompilationError: at 14:16:\n    output_ptr,\n    n_elements,\n    BLOCK_SIZE: tl.constexpr,\n):\n    pid = tl.program_id(0)\n    base = pid * n_elements\n    offsets = base + tl.arange(0, BLOCK_SIZE)\n    mask = tl.arange(0, BLOCK_SIZE) < n_elements\n    x = tl.load(x_ptr + offsets, mask=mask, other=0)\n\n    # Perform parallel prefix sum\n    inclusive = tl.associative_scan(x, 0, tl.add)\n                ^\n\n\nThe above exception was the direct cause of the following exception:\n\nTraceback (most recent call last):\n  File "/home/lijiaxing/.conda/envs/api/lib/python3.10/site-packages/triton/language/core.py", line 42, in wrapper\n    return fn(*args, **kwargs)\n  File "/home/lijiaxing/.conda/envs/api/lib/python3.10/site-packages/triton/language/core.py", line 2727, in associative_scan\n    return associative_scan((input, ), axis, combine_fn, reverse, _semantic=_semantic, _generator=_generator)[0]\n  File "/home/lijiaxing/.conda/envs/api/lib/python3.10/site-packages/triton/language/core.py", line 42, in wrapper\n    return fn(*args, **kwargs)\n  File "/home/lijiaxing/.conda/envs/api/lib/python3.10/site-packages/triton/language/core.py", line 2747, in associative_scan\n    return _semantic.associative_scan(input, axis, make_combine_region, reverse)\n  File "/home/lijiaxing/.conda/envs/api/lib/python3.10/site-packages/triton/language/semantic.py", line 1685, in associative_scan\n    region_builder_fn(scan_op)\n  File "/home/lijiaxing/.conda/envs/api/lib/python3.10/site-packages/triton/language/core.py", line 2737, in make_combine_region\n    results = _generator.call_JitFunction(combine_fn, args, kwargs={})\nAttributeError: \'function\' object has no attribute \'fn\'\n', 'runtime_error_name': 'triton.compiler.errors.CompilationError', 'reference_timing_ms': 0.0377, 'speed_up': -1.0, 'custom_timing': -1.0}, 'runtime': -1.0, 'runtime_stats': {}}}
2025-08-12 17:12:10,664 - openevolve.controller - INFO - Saved checkpoint at iteration 6 to openevolve_output/level1_92_cumsum_exclusive/checkpoints/checkpoint_6
2025-08-12 17:19:19,644 - openevolve.RemoteSpeedupEvaluator - INFO - [level1_92_cumsum_exclusive] triton key words check pass
2025-08-12 17:19:19,645 - openevolve.RemoteSpeedupEvaluator - INFO - [level1_92_cumsum_exclusive] verify_plus payload: reference_code(732 chars) + custom_code(1737 chars)
2025-08-12 17:19:22,530 - openevolve.RemoteSpeedupEvaluator - INFO - [level1_92_cumsum_exclusive] verify_plus request success
2025-08-12 17:19:22,531 - openevolve.RemoteSpeedupEvaluator - INFO - [level1_92_cumsum_exclusive] verify_plus response: {"id":"level1_92_cumsum_exclusive","result":{"compiled":true,"correctness":false,"metadata":{"hardware":"NVIDIA L20Y","device":"cuda:2","runtime_error":"Traceback (most recent call last):\n  File \"/home/lijiaxing/.conda/envs/api/lib/python3.10/site-packages/triton/language/core.py\", line 42, in wrapper\n    return fn(*args, **kwargs)\n  File \"/home/lijiaxing/.conda/envs/api/lib/python3.10/site-packages/triton/language/core.py\", line 2727, in associative_scan\n    return associative_scan((input, ), axis, combine_fn, reverse, _semantic=_semantic, _generator=_generator)[0]\n  File \"/home/lijiaxing/.conda/envs/api/lib/python3.10/site-packages/triton/language/core.py\", line 42, in wrapper\n    return fn(*args, **kwargs)\n  File \"/home/lijiaxing/.conda/envs/api/lib/python3.10/site-package
2025-08-12 17:19:22,531 - openevolve.RemoteSpeedupEvaluator - INFO - [level1_92_cumsum_exclusive] âœ˜ wrong_answer
2025-08-12 17:19:22,531 - openevolve.evaluator - INFO - Evaluated program d8b40009-ef0b-4ce3-961e-8dfdf7b06c71 in 2.89s: compiled=1.0000, correctness=0.0000, score=10.0000, stage=wrong_answer, verify_payload={'id': 'level1_92_cumsum_exclusive', 'result': {'compiled': True, 'correctness': False, 'metadata': {'hardware': 'NVIDIA L20Y', 'device': 'cuda:2', 'runtime_error': 'Traceback (most recent call last):\n  File "/home/lijiaxing/.conda/envs/api/lib/python3.10/site-packages/triton/language/core.py", line 42, in wrapper\n    return fn(*args, **kwargs)\n  File "/home/lijiaxing/.conda/envs/api/lib/python3.10/site-packages/triton/language/core.py", line 2727, in associative_scan\n    return associative_scan((input, ), axis, combine_fn, reverse, _semantic=_semantic, _generator=_generator)[0]\n  File "/home/lijiaxing/.conda/envs/api/lib/python3.10/site-packages/triton/language/core.py", line 42, in wrapper\n    return fn(*args, **kwargs)\n  File "/home/lijiaxing/.conda/envs/api/lib/python3.10/site-packages/triton/language/core.py", line 2747, in associative_scan\n    return _semantic.associative_scan(input, axis, make_combine_region, reverse)\n  File "/home/lijiaxing/.conda/envs/api/lib/python3.10/site-packages/triton/language/semantic.py", line 1685, in associative_scan\n    region_builder_fn(scan_op)\n  File "/home/lijiaxing/.conda/envs/api/lib/python3.10/site-packages/triton/language/core.py", line 2737, in make_combine_region\n    results = _generator.call_JitFunction(combine_fn, args, kwargs={})\nAttributeError: \'function\' object has no attribute \'fn\'\n\nThe above exception was the direct cause of the following exception:\n\nTraceback (most recent call last):\n  File "/cpfs01/shared/llm_kernel/hujiakai/KernelLLM/validation_api_server/helpers/evaluations.py", line 720, in run_and_check_correctness\n    output_new = model_new(*inputs)\n  File "/home/lijiaxing/.conda/envs/api/lib/python3.10/site-packages/torch/nn/modules/module.py", line 1773, in _wrapped_call_impl\n    return self._call_impl(*args, **kwargs)\n  File "/home/lijiaxing/.conda/envs/api/lib/python3.10/site-packages/torch/nn/modules/module.py", line 1784, in _call_impl\n    return forward_call(*args, **kwargs)\n  File "/tmp/tmphd_rhwtc.py", line 47, in forward\n    _exclusive_cumsum_kernel[grid](x, output, n_cols, BLOCK_SIZE=BLOCK_SIZE)\n  File "/home/lijiaxing/.conda/envs/api/lib/python3.10/site-packages/triton/runtime/jit.py", line 390, in <lambda>\n    return lambda *args, **kwargs: self.run(grid=grid, warmup=False, *args, **kwargs)\n  File "/home/lijiaxing/.conda/envs/api/lib/python3.10/site-packages/triton/runtime/jit.py", line 594, in run\n    kernel = self.compile(src, target=target, options=options.__dict__)\n  File "/home/lijiaxing/.conda/envs/api/lib/python3.10/site-packages/triton/compiler/compiler.py", line 339, in compile\n    module = src.make_ir(options, codegen_fns, module_map, context)\n  File "/home/lijiaxing/.conda/envs/api/lib/python3.10/site-packages/triton/compiler/compiler.py", line 83, in make_ir\n    return ast_to_ttir(self.fn, self, context=context, options=options, codegen_fns=codegen_fns,\ntriton.compiler.errors.CompilationError: at 20:21:\n    output_row_start = row_idx * (n_cols + 1)\n\n    # Initialize and store first element as 0\n    tl.store(output_ptr + output_row_start, 0.0)\n\n    # Load input values for the current row\n    offsets = row_start + tl.arange(0, BLOCK_SIZE)\n    mask = tl.arange(0, BLOCK_SIZE) < n_cols\n    x_vals = tl.load(x_ptr + offsets, mask=mask, other=0.0)\n\n    # Compute inclusive prefix sum\n    inclusive_scan = tl.associative_scan(x_vals, 0, tl.add)\n                     ^\n\n\nThe above exception was the direct cause of the following exception:\n\nTraceback (most recent call last):\n  File "/home/lijiaxing/.conda/envs/api/lib/python3.10/site-packages/triton/language/core.py", line 42, in wrapper\n    return fn(*args, **kwargs)\n  File "/home/lijiaxing/.conda/envs/api/lib/python3.10/site-packages/triton/language/core.py", line 2727, in associative_scan\n    return associative_scan((input, ), axis, combine_fn, reverse, _semantic=_semantic, _generator=_generator)[0]\n  File "/home/lijiaxing/.conda/envs/api/lib/python3.10/site-packages/triton/language/core.py", line 42, in wrapper\n    return fn(*args, **kwargs)\n  File "/home/lijiaxing/.conda/envs/api/lib/python3.10/site-packages/triton/language/core.py", line 2747, in associative_scan\n    return _semantic.associative_scan(input, axis, make_combine_region, reverse)\n  File "/home/lijiaxing/.conda/envs/api/lib/python3.10/site-packages/triton/language/semantic.py", line 1685, in associative_scan\n    region_builder_fn(scan_op)\n  File "/home/lijiaxing/.conda/envs/api/lib/python3.10/site-packages/triton/language/core.py", line 2737, in make_combine_region\n    results = _generator.call_JitFunction(combine_fn, args, kwargs={})\nAttributeError: \'function\' object has no attribute \'fn\'\n', 'runtime_error_name': 'triton.compiler.errors.CompilationError', 'reference_timing_ms': 0.0377, 'speed_up': -1.0, 'custom_timing': -1.0}, 'runtime': -1.0, 'runtime_stats': {}}}
2025-08-12 17:19:22,535 - openevolve.llm.ensemble - INFO - Sampled model: deepseek
2025-08-12 17:19:22,546 - openevolve.threaded_parallel - INFO - Iteration 7: Program d8b40009-ef0b-4ce3-961e-8dfdf7b06c71 (parent: 1ee43925-4af2-425c-b847-b735588fb54a) completed in 892.00s
2025-08-12 17:19:22,546 - openevolve.threaded_parallel - INFO - Metrics: compiled=1.0000, correctness=0.0000, score=10.0000, stage=wrong_answer, verify_payload={'id': 'level1_92_cumsum_exclusive', 'result': {'compiled': True, 'correctness': False, 'metadata': {'hardware': 'NVIDIA L20Y', 'device': 'cuda:2', 'runtime_error': 'Traceback (most recent call last):\n  File "/home/lijiaxing/.conda/envs/api/lib/python3.10/site-packages/triton/language/core.py", line 42, in wrapper\n    return fn(*args, **kwargs)\n  File "/home/lijiaxing/.conda/envs/api/lib/python3.10/site-packages/triton/language/core.py", line 2727, in associative_scan\n    return associative_scan((input, ), axis, combine_fn, reverse, _semantic=_semantic, _generator=_generator)[0]\n  File "/home/lijiaxing/.conda/envs/api/lib/python3.10/site-packages/triton/language/core.py", line 42, in wrapper\n    return fn(*args, **kwargs)\n  File "/home/lijiaxing/.conda/envs/api/lib/python3.10/site-packages/triton/language/core.py", line 2747, in associative_scan\n    return _semantic.associative_scan(input, axis, make_combine_region, reverse)\n  File "/home/lijiaxing/.conda/envs/api/lib/python3.10/site-packages/triton/language/semantic.py", line 1685, in associative_scan\n    region_builder_fn(scan_op)\n  File "/home/lijiaxing/.conda/envs/api/lib/python3.10/site-packages/triton/language/core.py", line 2737, in make_combine_region\n    results = _generator.call_JitFunction(combine_fn, args, kwargs={})\nAttributeError: \'function\' object has no attribute \'fn\'\n\nThe above exception was the direct cause of the following exception:\n\nTraceback (most recent call last):\n  File "/cpfs01/shared/llm_kernel/hujiakai/KernelLLM/validation_api_server/helpers/evaluations.py", line 720, in run_and_check_correctness\n    output_new = model_new(*inputs)\n  File "/home/lijiaxing/.conda/envs/api/lib/python3.10/site-packages/torch/nn/modules/module.py", line 1773, in _wrapped_call_impl\n    return self._call_impl(*args, **kwargs)\n  File "/home/lijiaxing/.conda/envs/api/lib/python3.10/site-packages/torch/nn/modules/module.py", line 1784, in _call_impl\n    return forward_call(*args, **kwargs)\n  File "/tmp/tmphd_rhwtc.py", line 47, in forward\n    _exclusive_cumsum_kernel[grid](x, output, n_cols, BLOCK_SIZE=BLOCK_SIZE)\n  File "/home/lijiaxing/.conda/envs/api/lib/python3.10/site-packages/triton/runtime/jit.py", line 390, in <lambda>\n    return lambda *args, **kwargs: self.run(grid=grid, warmup=False, *args, **kwargs)\n  File "/home/lijiaxing/.conda/envs/api/lib/python3.10/site-packages/triton/runtime/jit.py", line 594, in run\n    kernel = self.compile(src, target=target, options=options.__dict__)\n  File "/home/lijiaxing/.conda/envs/api/lib/python3.10/site-packages/triton/compiler/compiler.py", line 339, in compile\n    module = src.make_ir(options, codegen_fns, module_map, context)\n  File "/home/lijiaxing/.conda/envs/api/lib/python3.10/site-packages/triton/compiler/compiler.py", line 83, in make_ir\n    return ast_to_ttir(self.fn, self, context=context, options=options, codegen_fns=codegen_fns,\ntriton.compiler.errors.CompilationError: at 20:21:\n    output_row_start = row_idx * (n_cols + 1)\n\n    # Initialize and store first element as 0\n    tl.store(output_ptr + output_row_start, 0.0)\n\n    # Load input values for the current row\n    offsets = row_start + tl.arange(0, BLOCK_SIZE)\n    mask = tl.arange(0, BLOCK_SIZE) < n_cols\n    x_vals = tl.load(x_ptr + offsets, mask=mask, other=0.0)\n\n    # Compute inclusive prefix sum\n    inclusive_scan = tl.associative_scan(x_vals, 0, tl.add)\n                     ^\n\n\nThe above exception was the direct cause of the following exception:\n\nTraceback (most recent call last):\n  File "/home/lijiaxing/.conda/envs/api/lib/python3.10/site-packages/triton/language/core.py", line 42, in wrapper\n    return fn(*args, **kwargs)\n  File "/home/lijiaxing/.conda/envs/api/lib/python3.10/site-packages/triton/language/core.py", line 2727, in associative_scan\n    return associative_scan((input, ), axis, combine_fn, reverse, _semantic=_semantic, _generator=_generator)[0]\n  File "/home/lijiaxing/.conda/envs/api/lib/python3.10/site-packages/triton/language/core.py", line 42, in wrapper\n    return fn(*args, **kwargs)\n  File "/home/lijiaxing/.conda/envs/api/lib/python3.10/site-packages/triton/language/core.py", line 2747, in associative_scan\n    return _semantic.associative_scan(input, axis, make_combine_region, reverse)\n  File "/home/lijiaxing/.conda/envs/api/lib/python3.10/site-packages/triton/language/semantic.py", line 1685, in associative_scan\n    region_builder_fn(scan_op)\n  File "/home/lijiaxing/.conda/envs/api/lib/python3.10/site-packages/triton/language/core.py", line 2737, in make_combine_region\n    results = _generator.call_JitFunction(combine_fn, args, kwargs={})\nAttributeError: \'function\' object has no attribute \'fn\'\n', 'runtime_error_name': 'triton.compiler.errors.CompilationError', 'reference_timing_ms': 0.0377, 'speed_up': -1.0, 'custom_timing': -1.0}, 'runtime': -1.0, 'runtime_stats': {}}}
2025-08-12 17:21:10,214 - openevolve.RemoteSpeedupEvaluator - INFO - [level1_92_cumsum_exclusive] triton key words check pass
2025-08-12 17:21:10,214 - openevolve.RemoteSpeedupEvaluator - INFO - [level1_92_cumsum_exclusive] verify_plus payload: reference_code(732 chars) + custom_code(2449 chars)
2025-08-12 17:21:13,888 - openevolve.RemoteSpeedupEvaluator - INFO - [level1_92_cumsum_exclusive] verify_plus request success
2025-08-12 17:21:13,889 - openevolve.RemoteSpeedupEvaluator - INFO - [level1_92_cumsum_exclusive] verify_plus response: {"id":"level1_92_cumsum_exclusive","result":{"compiled":true,"correctness":false,"metadata":{"hardware":"NVIDIA L20Y","device":"cuda:4","correctness_issue":"Output shape mismatch: Expected torch.Size([127, 4001]), got torch.Size([128, 4000])","correctness_issue_name":"correctness_issue","reference_timing_ms":0.0377,"speed_up":-1.0,"custom_timing":-1.0},"runtime":-1.0,"runtime_stats":{}}}
2025-08-12 17:21:13,889 - openevolve.RemoteSpeedupEvaluator - INFO - [level1_92_cumsum_exclusive] âœ˜ wrong_answer
2025-08-12 17:21:13,889 - openevolve.evaluator - INFO - Evaluated program 33ab4ce5-e30b-4acf-9505-9b03f9d884bd in 3.68s: compiled=1.0000, correctness=0.0000, score=10.0000, stage=wrong_answer, verify_payload={'id': 'level1_92_cumsum_exclusive', 'result': {'compiled': True, 'correctness': False, 'metadata': {'hardware': 'NVIDIA L20Y', 'device': 'cuda:4', 'correctness_issue': 'Output shape mismatch: Expected torch.Size([127, 4001]), got torch.Size([128, 4000])', 'correctness_issue_name': 'correctness_issue', 'reference_timing_ms': 0.0377, 'speed_up': -1.0, 'custom_timing': -1.0}, 'runtime': -1.0, 'runtime_stats': {}}}
2025-08-12 17:21:13,892 - openevolve.llm.ensemble - INFO - Sampled model: deepseek
2025-08-12 17:21:13,900 - openevolve.threaded_parallel - INFO - Iteration 8: Program 33ab4ce5-e30b-4acf-9505-9b03f9d884bd (parent: eb027012-5613-451e-9f85-58e8566958e9) completed in 905.50s
2025-08-12 17:21:13,900 - openevolve.threaded_parallel - INFO - Metrics: compiled=1.0000, correctness=0.0000, score=10.0000, stage=wrong_answer, verify_payload={'id': 'level1_92_cumsum_exclusive', 'result': {'compiled': True, 'correctness': False, 'metadata': {'hardware': 'NVIDIA L20Y', 'device': 'cuda:4', 'correctness_issue': 'Output shape mismatch: Expected torch.Size([127, 4001]), got torch.Size([128, 4000])', 'correctness_issue_name': 'correctness_issue', 'reference_timing_ms': 0.0377, 'speed_up': -1.0, 'custom_timing': -1.0}, 'runtime': -1.0, 'runtime_stats': {}}}
2025-08-12 17:21:54,470 - openevolve.RemoteSpeedupEvaluator - INFO - [level1_92_cumsum_exclusive] triton key words check pass
2025-08-12 17:21:54,470 - openevolve.RemoteSpeedupEvaluator - INFO - [level1_92_cumsum_exclusive] verify_plus payload: reference_code(732 chars) + custom_code(1336 chars)
2025-08-12 17:21:57,351 - openevolve.RemoteSpeedupEvaluator - INFO - [level1_92_cumsum_exclusive] verify_plus request success
2025-08-12 17:21:57,351 - openevolve.RemoteSpeedupEvaluator - INFO - [level1_92_cumsum_exclusive] verify_plus response: {"id":"level1_92_cumsum_exclusive","result":{"compiled":true,"correctness":false,"metadata":{"hardware":"NVIDIA L20Y","device":"cuda:6","correctness_issue":"Output shape mismatch: Expected torch.Size([127, 4001]), got torch.Size([128, 4000])","correctness_issue_name":"correctness_issue","reference_timing_ms":0.0377,"speed_up":-1.0,"custom_timing":-1.0},"runtime":-1.0,"runtime_stats":{}}}
2025-08-12 17:21:57,352 - openevolve.RemoteSpeedupEvaluator - INFO - [level1_92_cumsum_exclusive] âœ˜ wrong_answer
2025-08-12 17:21:57,352 - openevolve.evaluator - INFO - Evaluated program 2954581f-e831-4c94-adb4-0e4624994e84 in 2.88s: compiled=1.0000, correctness=0.0000, score=10.0000, stage=wrong_answer, verify_payload={'id': 'level1_92_cumsum_exclusive', 'result': {'compiled': True, 'correctness': False, 'metadata': {'hardware': 'NVIDIA L20Y', 'device': 'cuda:6', 'correctness_issue': 'Output shape mismatch: Expected torch.Size([127, 4001]), got torch.Size([128, 4000])', 'correctness_issue_name': 'correctness_issue', 'reference_timing_ms': 0.0377, 'speed_up': -1.0, 'custom_timing': -1.0}, 'runtime': -1.0, 'runtime_stats': {}}}
2025-08-12 17:21:57,355 - openevolve.llm.ensemble - INFO - Sampled model: deepseek
2025-08-12 17:21:57,362 - openevolve.database - INFO - New MAP-Elites cell occupied: {'score': 9, 'complexity': 3}
2025-08-12 17:21:57,368 - openevolve.threaded_parallel - INFO - Iteration 9: Program 2954581f-e831-4c94-adb4-0e4624994e84 (parent: a2e3a690-7cab-4517-ae68-fec731038682) completed in 586.81s
2025-08-12 17:21:57,368 - openevolve.threaded_parallel - INFO - Metrics: compiled=1.0000, correctness=0.0000, score=10.0000, stage=wrong_answer, verify_payload={'id': 'level1_92_cumsum_exclusive', 'result': {'compiled': True, 'correctness': False, 'metadata': {'hardware': 'NVIDIA L20Y', 'device': 'cuda:6', 'correctness_issue': 'Output shape mismatch: Expected torch.Size([127, 4001]), got torch.Size([128, 4000])', 'correctness_issue_name': 'correctness_issue', 'reference_timing_ms': 0.0377, 'speed_up': -1.0, 'custom_timing': -1.0}, 'runtime': -1.0, 'runtime_stats': {}}}
2025-08-12 17:21:57,368 - openevolve.threaded_parallel - INFO - Checkpoint interval reached at iteration 9
2025-08-12 17:21:57,369 - openevolve.database - INFO - Island Status:
2025-08-12 17:21:57,369 - openevolve.database - INFO -  * Island 0: 5 programs, best=10.0000, avg=8.0000, diversity=127.47, gen=4 (best: c3026469-0213-4712-88d9-d661dec90781)
2025-08-12 17:21:57,369 - openevolve.database - INFO -    Island 1: 4 programs, best=10.0000, avg=10.0000, diversity=217.58, gen=3 (best: eb027012-5613-451e-9f85-58e8566958e9)
2025-08-12 17:21:57,369 - openevolve.database - INFO -    Island 2: 4 programs, best=10.0000, avg=10.0000, diversity=68.25, gen=3 (best: a2e3a690-7cab-4517-ae68-fec731038682)
2025-08-12 17:21:57,541 - openevolve.database - INFO - Saved database with 11 programs to openevolve_output/level1_92_cumsum_exclusive/checkpoints/checkpoint_9
2025-08-12 17:21:57,557 - openevolve.controller - INFO - Saved best program at checkpoint 9 with metrics: compiled=1.0000, correctness=0.0000, score=10.0000, stage=wrong_answer, verify_payload={'id': 'level1_92_cumsum_exclusive', 'result': {'compiled': True, 'correctness': False, 'metadata': {'hardware': 'NVIDIA L20Y', 'device': 'cuda:3', 'runtime_error': 'Traceback (most recent call last):\n  File "/home/lijiaxing/.conda/envs/api/lib/python3.10/site-packages/triton/language/core.py", line 42, in wrapper\n    return fn(*args, **kwargs)\n  File "/home/lijiaxing/.conda/envs/api/lib/python3.10/site-packages/triton/language/core.py", line 2727, in associative_scan\n    return associative_scan((input, ), axis, combine_fn, reverse, _semantic=_semantic, _generator=_generator)[0]\n  File "/home/lijiaxing/.conda/envs/api/lib/python3.10/site-packages/triton/language/core.py", line 42, in wrapper\n    return fn(*args, **kwargs)\n  File "/home/lijiaxing/.conda/envs/api/lib/python3.10/site-packages/triton/language/core.py", line 2747, in associative_scan\n    return _semantic.associative_scan(input, axis, make_combine_region, reverse)\n  File "/home/lijiaxing/.conda/envs/api/lib/python3.10/site-packages/triton/language/semantic.py", line 1685, in associative_scan\n    region_builder_fn(scan_op)\n  File "/home/lijiaxing/.conda/envs/api/lib/python3.10/site-packages/triton/language/core.py", line 2737, in make_combine_region\n    results = _generator.call_JitFunction(combine_fn, args, kwargs={})\nAttributeError: \'function\' object has no attribute \'fn\'\n\nThe above exception was the direct cause of the following exception:\n\nTraceback (most recent call last):\n  File "/cpfs01/shared/llm_kernel/hujiakai/KernelLLM/validation_api_server/helpers/evaluations.py", line 720, in run_and_check_correctness\n    output_new = model_new(*inputs)\n  File "/home/lijiaxing/.conda/envs/api/lib/python3.10/site-packages/torch/nn/modules/module.py", line 1773, in _wrapped_call_impl\n    return self._call_impl(*args, **kwargs)\n  File "/home/lijiaxing/.conda/envs/api/lib/python3.10/site-packages/torch/nn/modules/module.py", line 1784, in _call_impl\n    return forward_call(*args, **kwargs)\n  File "/tmp/tmpm7or5k6n.py", line 40, in forward\n    exclusive_cumsum_kernel[grid](x, output, n_elements, BLOCK_SIZE)\n  File "/home/lijiaxing/.conda/envs/api/lib/python3.10/site-packages/triton/runtime/jit.py", line 390, in <lambda>\n    return lambda *args, **kwargs: self.run(grid=grid, warmup=False, *args, **kwargs)\n  File "/home/lijiaxing/.conda/envs/api/lib/python3.10/site-packages/triton/runtime/jit.py", line 594, in run\n    kernel = self.compile(src, target=target, options=options.__dict__)\n  File "/home/lijiaxing/.conda/envs/api/lib/python3.10/site-packages/triton/compiler/compiler.py", line 339, in compile\n    module = src.make_ir(options, codegen_fns, module_map, context)\n  File "/home/lijiaxing/.conda/envs/api/lib/python3.10/site-packages/triton/compiler/compiler.py", line 83, in make_ir\n    return ast_to_ttir(self.fn, self, context=context, options=options, codegen_fns=codegen_fns,\ntriton.compiler.errors.CompilationError: at 14:16:\n    output_ptr,\n    n_elements,\n    BLOCK_SIZE: tl.constexpr,\n):\n    pid = tl.program_id(0)\n    base = pid * n_elements\n    offsets = base + tl.arange(0, BLOCK_SIZE)\n    mask = tl.arange(0, BLOCK_SIZE) < n_elements\n    x = tl.load(x_ptr + offsets, mask=mask, other=0)\n\n    # Perform parallel prefix sum\n    inclusive = tl.associative_scan(x, 0, tl.add)\n                ^\n\n\nThe above exception was the direct cause of the following exception:\n\nTraceback (most recent call last):\n  File "/home/lijiaxing/.conda/envs/api/lib/python3.10/site-packages/triton/language/core.py", line 42, in wrapper\n    return fn(*args, **kwargs)\n  File "/home/lijiaxing/.conda/envs/api/lib/python3.10/site-packages/triton/language/core.py", line 2727, in associative_scan\n    return associative_scan((input, ), axis, combine_fn, reverse, _semantic=_semantic, _generator=_generator)[0]\n  File "/home/lijiaxing/.conda/envs/api/lib/python3.10/site-packages/triton/language/core.py", line 42, in wrapper\n    return fn(*args, **kwargs)\n  File "/home/lijiaxing/.conda/envs/api/lib/python3.10/site-packages/triton/language/core.py", line 2747, in associative_scan\n    return _semantic.associative_scan(input, axis, make_combine_region, reverse)\n  File "/home/lijiaxing/.conda/envs/api/lib/python3.10/site-packages/triton/language/semantic.py", line 1685, in associative_scan\n    region_builder_fn(scan_op)\n  File "/home/lijiaxing/.conda/envs/api/lib/python3.10/site-packages/triton/language/core.py", line 2737, in make_combine_region\n    results = _generator.call_JitFunction(combine_fn, args, kwargs={})\nAttributeError: \'function\' object has no attribute \'fn\'\n', 'runtime_error_name': 'triton.compiler.errors.CompilationError', 'reference_timing_ms': 0.0377, 'speed_up': -1.0, 'custom_timing': -1.0}, 'runtime': -1.0, 'runtime_stats': {}}}
2025-08-12 17:21:57,557 - openevolve.controller - INFO - Saved checkpoint at iteration 9 to openevolve_output/level1_92_cumsum_exclusive/checkpoints/checkpoint_9
2025-08-12 17:28:10,811 - openevolve.RemoteSpeedupEvaluator - INFO - [level1_92_cumsum_exclusive] triton key words check pass
2025-08-12 17:28:10,812 - openevolve.RemoteSpeedupEvaluator - INFO - [level1_92_cumsum_exclusive] verify_plus payload: reference_code(732 chars) + custom_code(1263 chars)
2025-08-12 17:28:13,705 - openevolve.RemoteSpeedupEvaluator - INFO - [level1_92_cumsum_exclusive] verify_plus request success
2025-08-12 17:28:13,705 - openevolve.RemoteSpeedupEvaluator - INFO - [level1_92_cumsum_exclusive] verify_plus response: {"id":"level1_92_cumsum_exclusive","result":{"compiled":true,"correctness":false,"metadata":{"hardware":"NVIDIA L20Y","device":"cuda:5","correctness_issue":"Output shape mismatch: Expected torch.Size([127, 4001]), got torch.Size([128, 4000])","correctness_issue_name":"correctness_issue","reference_timing_ms":0.0377,"speed_up":-1.0,"custom_timing":-1.0},"runtime":-1.0,"runtime_stats":{}}}
2025-08-12 17:28:13,706 - openevolve.RemoteSpeedupEvaluator - INFO - [level1_92_cumsum_exclusive] âœ˜ wrong_answer
2025-08-12 17:28:13,706 - openevolve.evaluator - INFO - Evaluated program b17057a7-bef1-4e09-aab6-d932a4ab05fc in 2.90s: compiled=1.0000, correctness=0.0000, score=10.0000, stage=wrong_answer, verify_payload={'id': 'level1_92_cumsum_exclusive', 'result': {'compiled': True, 'correctness': False, 'metadata': {'hardware': 'NVIDIA L20Y', 'device': 'cuda:5', 'correctness_issue': 'Output shape mismatch: Expected torch.Size([127, 4001]), got torch.Size([128, 4000])', 'correctness_issue_name': 'correctness_issue', 'reference_timing_ms': 0.0377, 'speed_up': -1.0, 'custom_timing': -1.0}, 'runtime': -1.0, 'runtime_stats': {}}}
2025-08-12 17:28:13,709 - openevolve.database - INFO - New MAP-Elites cell occupied: {'score': 9, 'complexity': 2}
2025-08-12 17:28:13,710 - openevolve.llm.ensemble - INFO - Sampled model: deepseek
2025-08-12 17:28:13,722 - openevolve.threaded_parallel - INFO - Iteration 12: Program b17057a7-bef1-4e09-aab6-d932a4ab05fc (parent: c3026469-0213-4712-88d9-d661dec90781) completed in 376.35s
2025-08-12 17:28:13,722 - openevolve.threaded_parallel - INFO - Metrics: compiled=1.0000, correctness=0.0000, score=10.0000, stage=wrong_answer, verify_payload={'id': 'level1_92_cumsum_exclusive', 'result': {'compiled': True, 'correctness': False, 'metadata': {'hardware': 'NVIDIA L20Y', 'device': 'cuda:5', 'correctness_issue': 'Output shape mismatch: Expected torch.Size([127, 4001]), got torch.Size([128, 4000])', 'correctness_issue_name': 'correctness_issue', 'reference_timing_ms': 0.0377, 'speed_up': -1.0, 'custom_timing': -1.0}, 'runtime': -1.0, 'runtime_stats': {}}}
2025-08-12 17:28:13,722 - openevolve.threaded_parallel - INFO - Checkpoint interval reached at iteration 12
2025-08-12 17:28:13,723 - openevolve.database - INFO - Island Status:
2025-08-12 17:28:13,723 - openevolve.database - INFO -    Island 0: 6 programs, best=10.0000, avg=8.3333, diversity=120.52, gen=4 (best: c3026469-0213-4712-88d9-d661dec90781)
2025-08-12 17:28:13,723 - openevolve.database - INFO -  * Island 1: 4 programs, best=10.0000, avg=10.0000, diversity=217.58, gen=4 (best: eb027012-5613-451e-9f85-58e8566958e9)
2025-08-12 17:28:13,723 - openevolve.database - INFO -    Island 2: 4 programs, best=10.0000, avg=10.0000, diversity=68.25, gen=3 (best: a2e3a690-7cab-4517-ae68-fec731038682)
2025-08-12 17:28:13,922 - openevolve.database - INFO - Saved database with 12 programs to openevolve_output/level1_92_cumsum_exclusive/checkpoints/checkpoint_12
2025-08-12 17:28:13,937 - openevolve.controller - INFO - Saved best program at checkpoint 12 with metrics: compiled=1.0000, correctness=0.0000, score=10.0000, stage=wrong_answer, verify_payload={'id': 'level1_92_cumsum_exclusive', 'result': {'compiled': True, 'correctness': False, 'metadata': {'hardware': 'NVIDIA L20Y', 'device': 'cuda:3', 'runtime_error': 'Traceback (most recent call last):\n  File "/home/lijiaxing/.conda/envs/api/lib/python3.10/site-packages/triton/language/core.py", line 42, in wrapper\n    return fn(*args, **kwargs)\n  File "/home/lijiaxing/.conda/envs/api/lib/python3.10/site-packages/triton/language/core.py", line 2727, in associative_scan\n    return associative_scan((input, ), axis, combine_fn, reverse, _semantic=_semantic, _generator=_generator)[0]\n  File "/home/lijiaxing/.conda/envs/api/lib/python3.10/site-packages/triton/language/core.py", line 42, in wrapper\n    return fn(*args, **kwargs)\n  File "/home/lijiaxing/.conda/envs/api/lib/python3.10/site-packages/triton/language/core.py", line 2747, in associative_scan\n    return _semantic.associative_scan(input, axis, make_combine_region, reverse)\n  File "/home/lijiaxing/.conda/envs/api/lib/python3.10/site-packages/triton/language/semantic.py", line 1685, in associative_scan\n    region_builder_fn(scan_op)\n  File "/home/lijiaxing/.conda/envs/api/lib/python3.10/site-packages/triton/language/core.py", line 2737, in make_combine_region\n    results = _generator.call_JitFunction(combine_fn, args, kwargs={})\nAttributeError: \'function\' object has no attribute \'fn\'\n\nThe above exception was the direct cause of the following exception:\n\nTraceback (most recent call last):\n  File "/cpfs01/shared/llm_kernel/hujiakai/KernelLLM/validation_api_server/helpers/evaluations.py", line 720, in run_and_check_correctness\n    output_new = model_new(*inputs)\n  File "/home/lijiaxing/.conda/envs/api/lib/python3.10/site-packages/torch/nn/modules/module.py", line 1773, in _wrapped_call_impl\n    return self._call_impl(*args, **kwargs)\n  File "/home/lijiaxing/.conda/envs/api/lib/python3.10/site-packages/torch/nn/modules/module.py", line 1784, in _call_impl\n    return forward_call(*args, **kwargs)\n  File "/tmp/tmpm7or5k6n.py", line 40, in forward\n    exclusive_cumsum_kernel[grid](x, output, n_elements, BLOCK_SIZE)\n  File "/home/lijiaxing/.conda/envs/api/lib/python3.10/site-packages/triton/runtime/jit.py", line 390, in <lambda>\n    return lambda *args, **kwargs: self.run(grid=grid, warmup=False, *args, **kwargs)\n  File "/home/lijiaxing/.conda/envs/api/lib/python3.10/site-packages/triton/runtime/jit.py", line 594, in run\n    kernel = self.compile(src, target=target, options=options.__dict__)\n  File "/home/lijiaxing/.conda/envs/api/lib/python3.10/site-packages/triton/compiler/compiler.py", line 339, in compile\n    module = src.make_ir(options, codegen_fns, module_map, context)\n  File "/home/lijiaxing/.conda/envs/api/lib/python3.10/site-packages/triton/compiler/compiler.py", line 83, in make_ir\n    return ast_to_ttir(self.fn, self, context=context, options=options, codegen_fns=codegen_fns,\ntriton.compiler.errors.CompilationError: at 14:16:\n    output_ptr,\n    n_elements,\n    BLOCK_SIZE: tl.constexpr,\n):\n    pid = tl.program_id(0)\n    base = pid * n_elements\n    offsets = base + tl.arange(0, BLOCK_SIZE)\n    mask = tl.arange(0, BLOCK_SIZE) < n_elements\n    x = tl.load(x_ptr + offsets, mask=mask, other=0)\n\n    # Perform parallel prefix sum\n    inclusive = tl.associative_scan(x, 0, tl.add)\n                ^\n\n\nThe above exception was the direct cause of the following exception:\n\nTraceback (most recent call last):\n  File "/home/lijiaxing/.conda/envs/api/lib/python3.10/site-packages/triton/language/core.py", line 42, in wrapper\n    return fn(*args, **kwargs)\n  File "/home/lijiaxing/.conda/envs/api/lib/python3.10/site-packages/triton/language/core.py", line 2727, in associative_scan\n    return associative_scan((input, ), axis, combine_fn, reverse, _semantic=_semantic, _generator=_generator)[0]\n  File "/home/lijiaxing/.conda/envs/api/lib/python3.10/site-packages/triton/language/core.py", line 42, in wrapper\n    return fn(*args, **kwargs)\n  File "/home/lijiaxing/.conda/envs/api/lib/python3.10/site-packages/triton/language/core.py", line 2747, in associative_scan\n    return _semantic.associative_scan(input, axis, make_combine_region, reverse)\n  File "/home/lijiaxing/.conda/envs/api/lib/python3.10/site-packages/triton/language/semantic.py", line 1685, in associative_scan\n    region_builder_fn(scan_op)\n  File "/home/lijiaxing/.conda/envs/api/lib/python3.10/site-packages/triton/language/core.py", line 2737, in make_combine_region\n    results = _generator.call_JitFunction(combine_fn, args, kwargs={})\nAttributeError: \'function\' object has no attribute \'fn\'\n', 'runtime_error_name': 'triton.compiler.errors.CompilationError', 'reference_timing_ms': 0.0377, 'speed_up': -1.0, 'custom_timing': -1.0}, 'runtime': -1.0, 'runtime_stats': {}}}
2025-08-12 17:28:13,938 - openevolve.controller - INFO - Saved checkpoint at iteration 12 to openevolve_output/level1_92_cumsum_exclusive/checkpoints/checkpoint_12
2025-08-12 17:30:27,767 - openevolve.RemoteSpeedupEvaluator - INFO - [level1_92_cumsum_exclusive] triton key words check pass
2025-08-12 17:30:27,768 - openevolve.RemoteSpeedupEvaluator - INFO - [level1_92_cumsum_exclusive] verify_plus payload: reference_code(732 chars) + custom_code(1111 chars)
2025-08-12 17:30:30,850 - openevolve.RemoteSpeedupEvaluator - INFO - [level1_92_cumsum_exclusive] verify_plus request success
2025-08-12 17:30:30,850 - openevolve.RemoteSpeedupEvaluator - INFO - [level1_92_cumsum_exclusive] verify_plus response: {"id":"level1_92_cumsum_exclusive","result":{"compiled":true,"correctness":false,"metadata":{"hardware":"NVIDIA L20Y","device":"cuda:7","correctness_issue":"Output shape mismatch: Expected torch.Size([127, 4001]), got torch.Size([128, 4000])","correctness_issue_name":"correctness_issue","reference_timing_ms":0.0377,"speed_up":-1.0,"custom_timing":-1.0},"runtime":-1.0,"runtime_stats":{}}}
2025-08-12 17:30:30,851 - openevolve.RemoteSpeedupEvaluator - INFO - [level1_92_cumsum_exclusive] âœ˜ wrong_answer
2025-08-12 17:30:30,851 - openevolve.evaluator - INFO - Evaluated program aa8a7d53-56bb-4447-9ccc-0273652dc69d in 3.08s: compiled=1.0000, correctness=0.0000, score=10.0000, stage=wrong_answer, verify_payload={'id': 'level1_92_cumsum_exclusive', 'result': {'compiled': True, 'correctness': False, 'metadata': {'hardware': 'NVIDIA L20Y', 'device': 'cuda:7', 'correctness_issue': 'Output shape mismatch: Expected torch.Size([127, 4001]), got torch.Size([128, 4000])', 'correctness_issue_name': 'correctness_issue', 'reference_timing_ms': 0.0377, 'speed_up': -1.0, 'custom_timing': -1.0}, 'runtime': -1.0, 'runtime_stats': {}}}
2025-08-12 17:30:30,868 - openevolve.llm.ensemble - INFO - Sampled model: deepseek
2025-08-12 17:30:30,875 - openevolve.database - INFO - New MAP-Elites cell occupied: {'score': 9, 'complexity': 1}
2025-08-12 17:30:30,886 - openevolve.threaded_parallel - INFO - Iteration 10: Program aa8a7d53-56bb-4447-9ccc-0273652dc69d (parent: 67ef772c-e8b2-4165-8eda-8f99f4ba75d0) completed in 668.32s
2025-08-12 17:30:30,886 - openevolve.threaded_parallel - INFO - Metrics: compiled=1.0000, correctness=0.0000, score=10.0000, stage=wrong_answer, verify_payload={'id': 'level1_92_cumsum_exclusive', 'result': {'compiled': True, 'correctness': False, 'metadata': {'hardware': 'NVIDIA L20Y', 'device': 'cuda:7', 'correctness_issue': 'Output shape mismatch: Expected torch.Size([127, 4001]), got torch.Size([128, 4000])', 'correctness_issue_name': 'correctness_issue', 'reference_timing_ms': 0.0377, 'speed_up': -1.0, 'custom_timing': -1.0}, 'runtime': -1.0, 'runtime_stats': {}}}
2025-08-12 17:34:21,732 - openevolve.RemoteSpeedupEvaluator - INFO - [level1_92_cumsum_exclusive] triton key words check pass
2025-08-12 17:34:21,733 - openevolve.RemoteSpeedupEvaluator - INFO - [level1_92_cumsum_exclusive] verify_plus payload: reference_code(732 chars) + custom_code(2032 chars)
2025-08-12 17:34:24,498 - openevolve.RemoteSpeedupEvaluator - INFO - [level1_92_cumsum_exclusive] verify_plus request success
2025-08-12 17:34:24,499 - openevolve.RemoteSpeedupEvaluator - INFO - [level1_92_cumsum_exclusive] verify_plus response: {"id":"level1_92_cumsum_exclusive","result":{"compiled":true,"correctness":false,"metadata":{"hardware":"NVIDIA L20Y","device":"cuda:3","correctness_issue":"Output shape mismatch: Expected torch.Size([127, 4001]), got torch.Size([128, 4000])","correctness_issue_name":"correctness_issue","reference_timing_ms":0.0377,"speed_up":-1.0,"custom_timing":-1.0},"runtime":-1.0,"runtime_stats":{}}}
2025-08-12 17:34:24,499 - openevolve.RemoteSpeedupEvaluator - INFO - [level1_92_cumsum_exclusive] âœ˜ wrong_answer
2025-08-12 17:34:24,499 - openevolve.evaluator - INFO - Evaluated program b9b16b1d-cc49-4c2d-b91c-742802a081ab in 2.77s: compiled=1.0000, correctness=0.0000, score=10.0000, stage=wrong_answer, verify_payload={'id': 'level1_92_cumsum_exclusive', 'result': {'compiled': True, 'correctness': False, 'metadata': {'hardware': 'NVIDIA L20Y', 'device': 'cuda:3', 'correctness_issue': 'Output shape mismatch: Expected torch.Size([127, 4001]), got torch.Size([128, 4000])', 'correctness_issue_name': 'correctness_issue', 'reference_timing_ms': 0.0377, 'speed_up': -1.0, 'custom_timing': -1.0}, 'runtime': -1.0, 'runtime_stats': {}}}
2025-08-12 17:34:24,503 - openevolve.llm.ensemble - INFO - Sampled model: deepseek
2025-08-12 17:34:24,512 - openevolve.threaded_parallel - INFO - Iteration 11: Program b9b16b1d-cc49-4c2d-b91c-742802a081ab (parent: eb027012-5613-451e-9f85-58e8566958e9) completed in 790.61s
2025-08-12 17:34:24,512 - openevolve.threaded_parallel - INFO - Metrics: compiled=1.0000, correctness=0.0000, score=10.0000, stage=wrong_answer, verify_payload={'id': 'level1_92_cumsum_exclusive', 'result': {'compiled': True, 'correctness': False, 'metadata': {'hardware': 'NVIDIA L20Y', 'device': 'cuda:3', 'correctness_issue': 'Output shape mismatch: Expected torch.Size([127, 4001]), got torch.Size([128, 4000])', 'correctness_issue_name': 'correctness_issue', 'reference_timing_ms': 0.0377, 'speed_up': -1.0, 'custom_timing': -1.0}, 'runtime': -1.0, 'runtime_stats': {}}}
2025-08-12 17:36:05,320 - openevolve.RemoteSpeedupEvaluator - INFO - [level1_92_cumsum_exclusive] triton key words check pass
2025-08-12 17:36:05,321 - openevolve.RemoteSpeedupEvaluator - INFO - [level1_92_cumsum_exclusive] verify_plus payload: reference_code(732 chars) + custom_code(2199 chars)
2025-08-12 17:36:08,171 - openevolve.RemoteSpeedupEvaluator - INFO - [level1_92_cumsum_exclusive] verify_plus request success
2025-08-12 17:36:08,171 - openevolve.RemoteSpeedupEvaluator - INFO - [level1_92_cumsum_exclusive] verify_plus response: {"id":"level1_92_cumsum_exclusive","result":{"compiled":true,"correctness":false,"metadata":{"hardware":"NVIDIA L20Y","device":"cuda:5","runtime_error":"Traceback (most recent call last):\n  File \"/home/lijiaxing/.conda/envs/api/lib/python3.10/site-packages/triton/language/core.py\", line 42, in wrapper\n    return fn(*args, **kwargs)\n  File \"/home/lijiaxing/.conda/envs/api/lib/python3.10/site-packages/triton/language/core.py\", line 2216, in store\n    return _semantic.store(pointer, value, mask, boundary_check, cache_modifier, eviction_policy)\n  File \"/home/lijiaxing/.conda/envs/api/lib/python3.10/site-packages/triton/language/semantic.py\", line 1292, in store\n    return self._store_legacy(ptr, val, mask, boundary_check, cache, eviction)\n  File \"/home/lijiaxing/.conda/envs/api/l
2025-08-12 17:36:08,171 - openevolve.RemoteSpeedupEvaluator - INFO - [level1_92_cumsum_exclusive] âœ˜ wrong_answer
2025-08-12 17:36:08,172 - openevolve.evaluator - INFO - Evaluated program 7f2fdf5d-7a24-46a6-b035-3c94bbca6efe in 2.85s: compiled=1.0000, correctness=0.0000, score=10.0000, stage=wrong_answer, verify_payload={'id': 'level1_92_cumsum_exclusive', 'result': {'compiled': True, 'correctness': False, 'metadata': {'hardware': 'NVIDIA L20Y', 'device': 'cuda:5', 'runtime_error': 'Traceback (most recent call last):\n  File "/home/lijiaxing/.conda/envs/api/lib/python3.10/site-packages/triton/language/core.py", line 42, in wrapper\n    return fn(*args, **kwargs)\n  File "/home/lijiaxing/.conda/envs/api/lib/python3.10/site-packages/triton/language/core.py", line 2216, in store\n    return _semantic.store(pointer, value, mask, boundary_check, cache_modifier, eviction_policy)\n  File "/home/lijiaxing/.conda/envs/api/lib/python3.10/site-packages/triton/language/semantic.py", line 1292, in store\n    return self._store_legacy(ptr, val, mask, boundary_check, cache, eviction)\n  File "/home/lijiaxing/.conda/envs/api/lib/python3.10/site-packages/triton/language/semantic.py", line 1237, in _store_legacy\n    raise ValueError(f"Unsupported ptr type {ptr.type.__repr__()} in `tl.store`")\nValueError: Unsupported ptr type <[\'4096\'], fp32> in `tl.store`\n\nThe above exception was the direct cause of the following exception:\n\nTraceback (most recent call last):\n  File "/cpfs01/shared/llm_kernel/hujiakai/KernelLLM/validation_api_server/helpers/evaluations.py", line 720, in run_and_check_correctness\n    output_new = model_new(*inputs)\n  File "/home/lijiaxing/.conda/envs/api/lib/python3.10/site-packages/torch/nn/modules/module.py", line 1773, in _wrapped_call_impl\n    return self._call_impl(*args, **kwargs)\n  File "/home/lijiaxing/.conda/envs/api/lib/python3.10/site-packages/torch/nn/modules/module.py", line 1784, in _call_impl\n    return forward_call(*args, **kwargs)\n  File "/tmp/tmp7f634m0a.py", line 62, in forward\n    exclusive_cumsum_kernel[grid](x, output, n_elements, BLOCK_SIZE)\n  File "/home/lijiaxing/.conda/envs/api/lib/python3.10/site-packages/triton/runtime/jit.py", line 390, in <lambda>\n    return lambda *args, **kwargs: self.run(grid=grid, warmup=False, *args, **kwargs)\n  File "/home/lijiaxing/.conda/envs/api/lib/python3.10/site-packages/triton/runtime/jit.py", line 594, in run\n    kernel = self.compile(src, target=target, options=options.__dict__)\n  File "/home/lijiaxing/.conda/envs/api/lib/python3.10/site-packages/triton/compiler/compiler.py", line 339, in compile\n    module = src.make_ir(options, codegen_fns, module_map, context)\n  File "/home/lijiaxing/.conda/envs/api/lib/python3.10/site-packages/triton/compiler/compiler.py", line 83, in make_ir\n    return ast_to_ttir(self.fn, self, context=context, options=options, codegen_fns=codegen_fns,\ntriton.compiler.errors.CompilationError: at 16:4:\n    BLOCK_SIZE: tl.constexpr,\n):\n    pid = tl.program_id(0)\n    base = pid * n_elements\n    offsets = base + tl.arange(0, BLOCK_SIZE)\n    mask = tl.arange(0, BLOCK_SIZE) < n_elements\n    x = tl.load(x_ptr + offsets, mask=mask, other=0)\n\n    # Allocate shared memory for Hillis-Steele algorithm\n    shared = tl.zeros((BLOCK_SIZE,), dtype=x.dtype)\n    base_idx = tl.arange(0, BLOCK_SIZE)\n    tl.store(shared + base_idx, x, mask=mask)\n    ^\n\n\nThe above exception was the direct cause of the following exception:\n\nTraceback (most recent call last):\n  File "/home/lijiaxing/.conda/envs/api/lib/python3.10/site-packages/triton/language/core.py", line 42, in wrapper\n    return fn(*args, **kwargs)\n  File "/home/lijiaxing/.conda/envs/api/lib/python3.10/site-packages/triton/language/core.py", line 2216, in store\n    return _semantic.store(pointer, value, mask, boundary_check, cache_modifier, eviction_policy)\n  File "/home/lijiaxing/.conda/envs/api/lib/python3.10/site-packages/triton/language/semantic.py", line 1292, in store\n    return self._store_legacy(ptr, val, mask, boundary_check, cache, eviction)\n  File "/home/lijiaxing/.conda/envs/api/lib/python3.10/site-packages/triton/language/semantic.py", line 1237, in _store_legacy\n    raise ValueError(f"Unsupported ptr type {ptr.type.__repr__()} in `tl.store`")\nValueError: Unsupported ptr type <[\'4096\'], fp32> in `tl.store`\n', 'runtime_error_name': 'triton.compiler.errors.CompilationError', 'reference_timing_ms': 0.0377, 'speed_up': -1.0, 'custom_timing': -1.0}, 'runtime': -1.0, 'runtime_stats': {}}}
2025-08-12 17:36:08,176 - openevolve.llm.ensemble - INFO - Sampled model: deepseek
2025-08-12 17:36:08,178 - openevolve.database - INFO - New MAP-Elites cell occupied: {'score': 9, 'complexity': 8}
2025-08-12 17:36:08,202 - openevolve.threaded_parallel - INFO - Iteration 13: Program 7f2fdf5d-7a24-46a6-b035-3c94bbca6efe (parent: 67ef772c-e8b2-4165-8eda-8f99f4ba75d0) completed in 474.46s
2025-08-12 17:36:08,202 - openevolve.threaded_parallel - INFO - Metrics: compiled=1.0000, correctness=0.0000, score=10.0000, stage=wrong_answer, verify_payload={'id': 'level1_92_cumsum_exclusive', 'result': {'compiled': True, 'correctness': False, 'metadata': {'hardware': 'NVIDIA L20Y', 'device': 'cuda:5', 'runtime_error': 'Traceback (most recent call last):\n  File "/home/lijiaxing/.conda/envs/api/lib/python3.10/site-packages/triton/language/core.py", line 42, in wrapper\n    return fn(*args, **kwargs)\n  File "/home/lijiaxing/.conda/envs/api/lib/python3.10/site-packages/triton/language/core.py", line 2216, in store\n    return _semantic.store(pointer, value, mask, boundary_check, cache_modifier, eviction_policy)\n  File "/home/lijiaxing/.conda/envs/api/lib/python3.10/site-packages/triton/language/semantic.py", line 1292, in store\n    return self._store_legacy(ptr, val, mask, boundary_check, cache, eviction)\n  File "/home/lijiaxing/.conda/envs/api/lib/python3.10/site-packages/triton/language/semantic.py", line 1237, in _store_legacy\n    raise ValueError(f"Unsupported ptr type {ptr.type.__repr__()} in `tl.store`")\nValueError: Unsupported ptr type <[\'4096\'], fp32> in `tl.store`\n\nThe above exception was the direct cause of the following exception:\n\nTraceback (most recent call last):\n  File "/cpfs01/shared/llm_kernel/hujiakai/KernelLLM/validation_api_server/helpers/evaluations.py", line 720, in run_and_check_correctness\n    output_new = model_new(*inputs)\n  File "/home/lijiaxing/.conda/envs/api/lib/python3.10/site-packages/torch/nn/modules/module.py", line 1773, in _wrapped_call_impl\n    return self._call_impl(*args, **kwargs)\n  File "/home/lijiaxing/.conda/envs/api/lib/python3.10/site-packages/torch/nn/modules/module.py", line 1784, in _call_impl\n    return forward_call(*args, **kwargs)\n  File "/tmp/tmp7f634m0a.py", line 62, in forward\n    exclusive_cumsum_kernel[grid](x, output, n_elements, BLOCK_SIZE)\n  File "/home/lijiaxing/.conda/envs/api/lib/python3.10/site-packages/triton/runtime/jit.py", line 390, in <lambda>\n    return lambda *args, **kwargs: self.run(grid=grid, warmup=False, *args, **kwargs)\n  File "/home/lijiaxing/.conda/envs/api/lib/python3.10/site-packages/triton/runtime/jit.py", line 594, in run\n    kernel = self.compile(src, target=target, options=options.__dict__)\n  File "/home/lijiaxing/.conda/envs/api/lib/python3.10/site-packages/triton/compiler/compiler.py", line 339, in compile\n    module = src.make_ir(options, codegen_fns, module_map, context)\n  File "/home/lijiaxing/.conda/envs/api/lib/python3.10/site-packages/triton/compiler/compiler.py", line 83, in make_ir\n    return ast_to_ttir(self.fn, self, context=context, options=options, codegen_fns=codegen_fns,\ntriton.compiler.errors.CompilationError: at 16:4:\n    BLOCK_SIZE: tl.constexpr,\n):\n    pid = tl.program_id(0)\n    base = pid * n_elements\n    offsets = base + tl.arange(0, BLOCK_SIZE)\n    mask = tl.arange(0, BLOCK_SIZE) < n_elements\n    x = tl.load(x_ptr + offsets, mask=mask, other=0)\n\n    # Allocate shared memory for Hillis-Steele algorithm\n    shared = tl.zeros((BLOCK_SIZE,), dtype=x.dtype)\n    base_idx = tl.arange(0, BLOCK_SIZE)\n    tl.store(shared + base_idx, x, mask=mask)\n    ^\n\n\nThe above exception was the direct cause of the following exception:\n\nTraceback (most recent call last):\n  File "/home/lijiaxing/.conda/envs/api/lib/python3.10/site-packages/triton/language/core.py", line 42, in wrapper\n    return fn(*args, **kwargs)\n  File "/home/lijiaxing/.conda/envs/api/lib/python3.10/site-packages/triton/language/core.py", line 2216, in store\n    return _semantic.store(pointer, value, mask, boundary_check, cache_modifier, eviction_policy)\n  File "/home/lijiaxing/.conda/envs/api/lib/python3.10/site-packages/triton/language/semantic.py", line 1292, in store\n    return self._store_legacy(ptr, val, mask, boundary_check, cache, eviction)\n  File "/home/lijiaxing/.conda/envs/api/lib/python3.10/site-packages/triton/language/semantic.py", line 1237, in _store_legacy\n    raise ValueError(f"Unsupported ptr type {ptr.type.__repr__()} in `tl.store`")\nValueError: Unsupported ptr type <[\'4096\'], fp32> in `tl.store`\n', 'runtime_error_name': 'triton.compiler.errors.CompilationError', 'reference_timing_ms': 0.0377, 'speed_up': -1.0, 'custom_timing': -1.0}, 'runtime': -1.0, 'runtime_stats': {}}}
2025-08-12 17:41:12,178 - openevolve.RemoteSpeedupEvaluator - INFO - [level1_92_cumsum_exclusive] âœ˜ invalid_answer '@triton.jit' is not found
2025-08-12 17:41:12,179 - openevolve.evaluator - INFO - Evaluated program cd61aa83-5bc4-4873-b73d-b57f22c7b918 in 0.00s: compiled=0.0000, correctness=0.0000, score=-100.0000, stage=no_valid_triton_code, feedback=You need to generate real and valid triton code for the core function. The key word '@triton.jit' is not found.
2025-08-12 17:41:12,183 - openevolve.llm.ensemble - INFO - Sampled model: deepseek
2025-08-12 17:41:12,189 - openevolve.database - INFO - New MAP-Elites cell occupied: {'score': -1000, 'complexity': 0}
2025-08-12 17:41:12,197 - openevolve.threaded_parallel - INFO - Iteration 14: Program cd61aa83-5bc4-4873-b73d-b57f22c7b918 (parent: 33ab4ce5-e30b-4acf-9505-9b03f9d884bd) completed in 641.31s
2025-08-12 17:41:12,197 - openevolve.threaded_parallel - INFO - Metrics: compiled=0.0000, correctness=0.0000, score=-100.0000, stage=no_valid_triton_code, feedback=You need to generate real and valid triton code for the core function. The key word '@triton.jit' is not found.
2025-08-12 17:42:56,036 - openevolve.RemoteSpeedupEvaluator - INFO - [level1_92_cumsum_exclusive] triton key words check pass
2025-08-12 17:42:56,037 - openevolve.RemoteSpeedupEvaluator - INFO - [level1_92_cumsum_exclusive] verify_plus payload: reference_code(732 chars) + custom_code(1346 chars)
2025-08-12 17:42:59,004 - openevolve.RemoteSpeedupEvaluator - INFO - [level1_92_cumsum_exclusive] verify_plus request success
2025-08-12 17:42:59,004 - openevolve.RemoteSpeedupEvaluator - INFO - [level1_92_cumsum_exclusive] verify_plus response: {"id":"level1_92_cumsum_exclusive","result":{"compiled":true,"correctness":false,"metadata":{"hardware":"NVIDIA L20Y","device":"cuda:0","correctness_issue":"Output shape mismatch: Expected torch.Size([127, 4001]), got torch.Size([128, 4000])","correctness_issue_name":"correctness_issue","reference_timing_ms":0.0377,"speed_up":-1.0,"custom_timing":-1.0},"runtime":-1.0,"runtime_stats":{}}}
2025-08-12 17:42:59,004 - openevolve.RemoteSpeedupEvaluator - INFO - [level1_92_cumsum_exclusive] âœ˜ wrong_answer
2025-08-12 17:42:59,004 - openevolve.evaluator - INFO - Evaluated program aac0ca10-fd78-4e3b-9673-44a7964a2c2d in 2.97s: compiled=1.0000, correctness=0.0000, score=10.0000, stage=wrong_answer, verify_payload={'id': 'level1_92_cumsum_exclusive', 'result': {'compiled': True, 'correctness': False, 'metadata': {'hardware': 'NVIDIA L20Y', 'device': 'cuda:0', 'correctness_issue': 'Output shape mismatch: Expected torch.Size([127, 4001]), got torch.Size([128, 4000])', 'correctness_issue_name': 'correctness_issue', 'reference_timing_ms': 0.0377, 'speed_up': -1.0, 'custom_timing': -1.0}, 'runtime': -1.0, 'runtime_stats': {}}}
2025-08-12 17:42:59,007 - openevolve.llm.ensemble - INFO - Sampled model: deepseek
2025-08-12 17:42:59,019 - openevolve.threaded_parallel - INFO - Iteration 15: Program aac0ca10-fd78-4e3b-9673-44a7964a2c2d (parent: c3026469-0213-4712-88d9-d661dec90781) completed in 514.50s
2025-08-12 17:42:59,019 - openevolve.threaded_parallel - INFO - Metrics: compiled=1.0000, correctness=0.0000, score=10.0000, stage=wrong_answer, verify_payload={'id': 'level1_92_cumsum_exclusive', 'result': {'compiled': True, 'correctness': False, 'metadata': {'hardware': 'NVIDIA L20Y', 'device': 'cuda:0', 'correctness_issue': 'Output shape mismatch: Expected torch.Size([127, 4001]), got torch.Size([128, 4000])', 'correctness_issue_name': 'correctness_issue', 'reference_timing_ms': 0.0377, 'speed_up': -1.0, 'custom_timing': -1.0}, 'runtime': -1.0, 'runtime_stats': {}}}
2025-08-12 17:42:59,019 - openevolve.threaded_parallel - INFO - Checkpoint interval reached at iteration 15
2025-08-12 17:42:59,019 - openevolve.database - INFO - Island Status:
2025-08-12 17:42:59,019 - openevolve.database - INFO -  * Island 0: 7 programs, best=10.0000, avg=8.5714, diversity=160.22, gen=6 (best: c3026469-0213-4712-88d9-d661dec90781)
2025-08-12 17:42:59,019 - openevolve.database - INFO -    Island 1: 6 programs, best=10.0000, avg=-8.3333, diversity=291.63, gen=5 (best: eb027012-5613-451e-9f85-58e8566958e9)
2025-08-12 17:42:59,020 - openevolve.database - INFO -    Island 2: 6 programs, best=10.0000, avg=10.0000, diversity=87.08, gen=5 (best: a2e3a690-7cab-4517-ae68-fec731038682)
2025-08-12 17:42:59,232 - openevolve.database - INFO - Saved database with 17 programs to openevolve_output/level1_92_cumsum_exclusive/checkpoints/checkpoint_15
2025-08-12 17:42:59,248 - openevolve.controller - INFO - Saved best program at checkpoint 15 with metrics: compiled=1.0000, correctness=0.0000, score=10.0000, stage=wrong_answer, verify_payload={'id': 'level1_92_cumsum_exclusive', 'result': {'compiled': True, 'correctness': False, 'metadata': {'hardware': 'NVIDIA L20Y', 'device': 'cuda:3', 'runtime_error': 'Traceback (most recent call last):\n  File "/home/lijiaxing/.conda/envs/api/lib/python3.10/site-packages/triton/language/core.py", line 42, in wrapper\n    return fn(*args, **kwargs)\n  File "/home/lijiaxing/.conda/envs/api/lib/python3.10/site-packages/triton/language/core.py", line 2727, in associative_scan\n    return associative_scan((input, ), axis, combine_fn, reverse, _semantic=_semantic, _generator=_generator)[0]\n  File "/home/lijiaxing/.conda/envs/api/lib/python3.10/site-packages/triton/language/core.py", line 42, in wrapper\n    return fn(*args, **kwargs)\n  File "/home/lijiaxing/.conda/envs/api/lib/python3.10/site-packages/triton/language/core.py", line 2747, in associative_scan\n    return _semantic.associative_scan(input, axis, make_combine_region, reverse)\n  File "/home/lijiaxing/.conda/envs/api/lib/python3.10/site-packages/triton/language/semantic.py", line 1685, in associative_scan\n    region_builder_fn(scan_op)\n  File "/home/lijiaxing/.conda/envs/api/lib/python3.10/site-packages/triton/language/core.py", line 2737, in make_combine_region\n    results = _generator.call_JitFunction(combine_fn, args, kwargs={})\nAttributeError: \'function\' object has no attribute \'fn\'\n\nThe above exception was the direct cause of the following exception:\n\nTraceback (most recent call last):\n  File "/cpfs01/shared/llm_kernel/hujiakai/KernelLLM/validation_api_server/helpers/evaluations.py", line 720, in run_and_check_correctness\n    output_new = model_new(*inputs)\n  File "/home/lijiaxing/.conda/envs/api/lib/python3.10/site-packages/torch/nn/modules/module.py", line 1773, in _wrapped_call_impl\n    return self._call_impl(*args, **kwargs)\n  File "/home/lijiaxing/.conda/envs/api/lib/python3.10/site-packages/torch/nn/modules/module.py", line 1784, in _call_impl\n    return forward_call(*args, **kwargs)\n  File "/tmp/tmpm7or5k6n.py", line 40, in forward\n    exclusive_cumsum_kernel[grid](x, output, n_elements, BLOCK_SIZE)\n  File "/home/lijiaxing/.conda/envs/api/lib/python3.10/site-packages/triton/runtime/jit.py", line 390, in <lambda>\n    return lambda *args, **kwargs: self.run(grid=grid, warmup=False, *args, **kwargs)\n  File "/home/lijiaxing/.conda/envs/api/lib/python3.10/site-packages/triton/runtime/jit.py", line 594, in run\n    kernel = self.compile(src, target=target, options=options.__dict__)\n  File "/home/lijiaxing/.conda/envs/api/lib/python3.10/site-packages/triton/compiler/compiler.py", line 339, in compile\n    module = src.make_ir(options, codegen_fns, module_map, context)\n  File "/home/lijiaxing/.conda/envs/api/lib/python3.10/site-packages/triton/compiler/compiler.py", line 83, in make_ir\n    return ast_to_ttir(self.fn, self, context=context, options=options, codegen_fns=codegen_fns,\ntriton.compiler.errors.CompilationError: at 14:16:\n    output_ptr,\n    n_elements,\n    BLOCK_SIZE: tl.constexpr,\n):\n    pid = tl.program_id(0)\n    base = pid * n_elements\n    offsets = base + tl.arange(0, BLOCK_SIZE)\n    mask = tl.arange(0, BLOCK_SIZE) < n_elements\n    x = tl.load(x_ptr + offsets, mask=mask, other=0)\n\n    # Perform parallel prefix sum\n    inclusive = tl.associative_scan(x, 0, tl.add)\n                ^\n\n\nThe above exception was the direct cause of the following exception:\n\nTraceback (most recent call last):\n  File "/home/lijiaxing/.conda/envs/api/lib/python3.10/site-packages/triton/language/core.py", line 42, in wrapper\n    return fn(*args, **kwargs)\n  File "/home/lijiaxing/.conda/envs/api/lib/python3.10/site-packages/triton/language/core.py", line 2727, in associative_scan\n    return associative_scan((input, ), axis, combine_fn, reverse, _semantic=_semantic, _generator=_generator)[0]\n  File "/home/lijiaxing/.conda/envs/api/lib/python3.10/site-packages/triton/language/core.py", line 42, in wrapper\n    return fn(*args, **kwargs)\n  File "/home/lijiaxing/.conda/envs/api/lib/python3.10/site-packages/triton/language/core.py", line 2747, in associative_scan\n    return _semantic.associative_scan(input, axis, make_combine_region, reverse)\n  File "/home/lijiaxing/.conda/envs/api/lib/python3.10/site-packages/triton/language/semantic.py", line 1685, in associative_scan\n    region_builder_fn(scan_op)\n  File "/home/lijiaxing/.conda/envs/api/lib/python3.10/site-packages/triton/language/core.py", line 2737, in make_combine_region\n    results = _generator.call_JitFunction(combine_fn, args, kwargs={})\nAttributeError: \'function\' object has no attribute \'fn\'\n', 'runtime_error_name': 'triton.compiler.errors.CompilationError', 'reference_timing_ms': 0.0377, 'speed_up': -1.0, 'custom_timing': -1.0}, 'runtime': -1.0, 'runtime_stats': {}}}
2025-08-12 17:42:59,248 - openevolve.controller - INFO - Saved checkpoint at iteration 15 to openevolve_output/level1_92_cumsum_exclusive/checkpoints/checkpoint_15
2025-08-12 17:47:05,776 - openevolve.RemoteSpeedupEvaluator - INFO - [level1_92_cumsum_exclusive] triton key words check pass
2025-08-12 17:47:05,777 - openevolve.RemoteSpeedupEvaluator - INFO - [level1_92_cumsum_exclusive] verify_plus payload: reference_code(732 chars) + custom_code(2397 chars)
2025-08-12 17:47:09,176 - openevolve.RemoteSpeedupEvaluator - INFO - [level1_92_cumsum_exclusive] verify_plus request success
2025-08-12 17:47:09,176 - openevolve.RemoteSpeedupEvaluator - INFO - [level1_92_cumsum_exclusive] verify_plus response: {"id":"level1_92_cumsum_exclusive","result":{"compiled":true,"correctness":false,"metadata":{"hardware":"NVIDIA L20Y","device":"cuda:1","runtime_error":"Traceback (most recent call last):\n  File \"/home/lijiaxing/.conda/envs/api/lib/python3.10/site-packages/triton/language/core.py\", line 42, in wrapper\n    return fn(*args, **kwargs)\n  File \"/home/lijiaxing/.conda/envs/api/lib/python3.10/site-packages/triton/language/core.py\", line 2216, in store\n    return _semantic.store(pointer, value, mask, boundary_check, cache_modifier, eviction_policy)\n  File \"/home/lijiaxing/.conda/envs/api/lib/python3.10/site-packages/triton/language/semantic.py\", line 1292, in store\n    return self._store_legacy(ptr, val, mask, boundary_check, cache, eviction)\n  File \"/home/lijiaxing/.conda/envs/api/l
2025-08-12 17:47:09,176 - openevolve.RemoteSpeedupEvaluator - INFO - [level1_92_cumsum_exclusive] âœ˜ wrong_answer
2025-08-12 17:47:09,177 - openevolve.evaluator - INFO - Evaluated program 29adb934-5762-4907-9d78-aaacc30858bb in 3.40s: compiled=1.0000, correctness=0.0000, score=10.0000, stage=wrong_answer, verify_payload={'id': 'level1_92_cumsum_exclusive', 'result': {'compiled': True, 'correctness': False, 'metadata': {'hardware': 'NVIDIA L20Y', 'device': 'cuda:1', 'runtime_error': 'Traceback (most recent call last):\n  File "/home/lijiaxing/.conda/envs/api/lib/python3.10/site-packages/triton/language/core.py", line 42, in wrapper\n    return fn(*args, **kwargs)\n  File "/home/lijiaxing/.conda/envs/api/lib/python3.10/site-packages/triton/language/core.py", line 2216, in store\n    return _semantic.store(pointer, value, mask, boundary_check, cache_modifier, eviction_policy)\n  File "/home/lijiaxing/.conda/envs/api/lib/python3.10/site-packages/triton/language/semantic.py", line 1292, in store\n    return self._store_legacy(ptr, val, mask, boundary_check, cache, eviction)\n  File "/home/lijiaxing/.conda/envs/api/lib/python3.10/site-packages/triton/language/semantic.py", line 1237, in _store_legacy\n    raise ValueError(f"Unsupported ptr type {ptr.type.__repr__()} in `tl.store`")\nValueError: Unsupported ptr type <[\'4096\'], fp32> in `tl.store`\n\nThe above exception was the direct cause of the following exception:\n\nTraceback (most recent call last):\n  File "/cpfs01/shared/llm_kernel/hujiakai/KernelLLM/validation_api_server/helpers/evaluations.py", line 720, in run_and_check_correctness\n    output_new = model_new(*inputs)\n  File "/home/lijiaxing/.conda/envs/api/lib/python3.10/site-packages/torch/nn/modules/module.py", line 1773, in _wrapped_call_impl\n    return self._call_impl(*args, **kwargs)\n  File "/home/lijiaxing/.conda/envs/api/lib/python3.10/site-packages/torch/nn/modules/module.py", line 1784, in _call_impl\n    return forward_call(*args, **kwargs)\n  File "/tmp/tmp_is5vcwf.py", line 73, in forward\n    exclusive_cumsum_kernel[grid](x, output, n_elements, BLOCK_SIZE)\n  File "/home/lijiaxing/.conda/envs/api/lib/python3.10/site-packages/triton/runtime/jit.py", line 390, in <lambda>\n    return lambda *args, **kwargs: self.run(grid=grid, warmup=False, *args, **kwargs)\n  File "/home/lijiaxing/.conda/envs/api/lib/python3.10/site-packages/triton/runtime/jit.py", line 594, in run\n    kernel = self.compile(src, target=target, options=options.__dict__)\n  File "/home/lijiaxing/.conda/envs/api/lib/python3.10/site-packages/triton/compiler/compiler.py", line 339, in compile\n    module = src.make_ir(options, codegen_fns, module_map, context)\n  File "/home/lijiaxing/.conda/envs/api/lib/python3.10/site-packages/triton/compiler/compiler.py", line 83, in make_ir\n    return ast_to_ttir(self.fn, self, context=context, options=options, codegen_fns=codegen_fns,\ntriton.compiler.errors.CompilationError: at 19:4:\n    base = pid * n_elements\n    offsets = base + tl.arange(0, BLOCK_SIZE)\n    mask = tl.arange(0, BLOCK_SIZE) < n_elements\n    x = tl.load(x_ptr + offsets, mask=mask, other=0)\n\n    # Allocate shared memory buffers\n    shmem0 = tl.zeros((BLOCK_SIZE,), dtype=x.dtype)\n    shmem1 = tl.zeros((BLOCK_SIZE,), dtype=x.dtype)\n    base_idx = tl.arange(0, BLOCK_SIZE)\n\n    # Initialize first buffer\n    tl.store(shmem0 + base_idx, x, mask=mask)\n    ^\n\n\nThe above exception was the direct cause of the following exception:\n\nTraceback (most recent call last):\n  File "/home/lijiaxing/.conda/envs/api/lib/python3.10/site-packages/triton/language/core.py", line 42, in wrapper\n    return fn(*args, **kwargs)\n  File "/home/lijiaxing/.conda/envs/api/lib/python3.10/site-packages/triton/language/core.py", line 2216, in store\n    return _semantic.store(pointer, value, mask, boundary_check, cache_modifier, eviction_policy)\n  File "/home/lijiaxing/.conda/envs/api/lib/python3.10/site-packages/triton/language/semantic.py", line 1292, in store\n    return self._store_legacy(ptr, val, mask, boundary_check, cache, eviction)\n  File "/home/lijiaxing/.conda/envs/api/lib/python3.10/site-packages/triton/language/semantic.py", line 1237, in _store_legacy\n    raise ValueError(f"Unsupported ptr type {ptr.type.__repr__()} in `tl.store`")\nValueError: Unsupported ptr type <[\'4096\'], fp32> in `tl.store`\n', 'runtime_error_name': 'triton.compiler.errors.CompilationError', 'reference_timing_ms': 0.0377, 'speed_up': -1.0, 'custom_timing': -1.0}, 'runtime': -1.0, 'runtime_stats': {}}}
2025-08-12 17:47:09,181 - openevolve.llm.ensemble - INFO - Sampled model: deepseek
2025-08-12 17:47:09,198 - openevolve.threaded_parallel - INFO - Iteration 16: Program 29adb934-5762-4907-9d78-aaacc30858bb (parent: 67ef772c-e8b2-4165-8eda-8f99f4ba75d0) completed in 661.00s
2025-08-12 17:47:09,198 - openevolve.threaded_parallel - INFO - Metrics: compiled=1.0000, correctness=0.0000, score=10.0000, stage=wrong_answer, verify_payload={'id': 'level1_92_cumsum_exclusive', 'result': {'compiled': True, 'correctness': False, 'metadata': {'hardware': 'NVIDIA L20Y', 'device': 'cuda:1', 'runtime_error': 'Traceback (most recent call last):\n  File "/home/lijiaxing/.conda/envs/api/lib/python3.10/site-packages/triton/language/core.py", line 42, in wrapper\n    return fn(*args, **kwargs)\n  File "/home/lijiaxing/.conda/envs/api/lib/python3.10/site-packages/triton/language/core.py", line 2216, in store\n    return _semantic.store(pointer, value, mask, boundary_check, cache_modifier, eviction_policy)\n  File "/home/lijiaxing/.conda/envs/api/lib/python3.10/site-packages/triton/language/semantic.py", line 1292, in store\n    return self._store_legacy(ptr, val, mask, boundary_check, cache, eviction)\n  File "/home/lijiaxing/.conda/envs/api/lib/python3.10/site-packages/triton/language/semantic.py", line 1237, in _store_legacy\n    raise ValueError(f"Unsupported ptr type {ptr.type.__repr__()} in `tl.store`")\nValueError: Unsupported ptr type <[\'4096\'], fp32> in `tl.store`\n\nThe above exception was the direct cause of the following exception:\n\nTraceback (most recent call last):\n  File "/cpfs01/shared/llm_kernel/hujiakai/KernelLLM/validation_api_server/helpers/evaluations.py", line 720, in run_and_check_correctness\n    output_new = model_new(*inputs)\n  File "/home/lijiaxing/.conda/envs/api/lib/python3.10/site-packages/torch/nn/modules/module.py", line 1773, in _wrapped_call_impl\n    return self._call_impl(*args, **kwargs)\n  File "/home/lijiaxing/.conda/envs/api/lib/python3.10/site-packages/torch/nn/modules/module.py", line 1784, in _call_impl\n    return forward_call(*args, **kwargs)\n  File "/tmp/tmp_is5vcwf.py", line 73, in forward\n    exclusive_cumsum_kernel[grid](x, output, n_elements, BLOCK_SIZE)\n  File "/home/lijiaxing/.conda/envs/api/lib/python3.10/site-packages/triton/runtime/jit.py", line 390, in <lambda>\n    return lambda *args, **kwargs: self.run(grid=grid, warmup=False, *args, **kwargs)\n  File "/home/lijiaxing/.conda/envs/api/lib/python3.10/site-packages/triton/runtime/jit.py", line 594, in run\n    kernel = self.compile(src, target=target, options=options.__dict__)\n  File "/home/lijiaxing/.conda/envs/api/lib/python3.10/site-packages/triton/compiler/compiler.py", line 339, in compile\n    module = src.make_ir(options, codegen_fns, module_map, context)\n  File "/home/lijiaxing/.conda/envs/api/lib/python3.10/site-packages/triton/compiler/compiler.py", line 83, in make_ir\n    return ast_to_ttir(self.fn, self, context=context, options=options, codegen_fns=codegen_fns,\ntriton.compiler.errors.CompilationError: at 19:4:\n    base = pid * n_elements\n    offsets = base + tl.arange(0, BLOCK_SIZE)\n    mask = tl.arange(0, BLOCK_SIZE) < n_elements\n    x = tl.load(x_ptr + offsets, mask=mask, other=0)\n\n    # Allocate shared memory buffers\n    shmem0 = tl.zeros((BLOCK_SIZE,), dtype=x.dtype)\n    shmem1 = tl.zeros((BLOCK_SIZE,), dtype=x.dtype)\n    base_idx = tl.arange(0, BLOCK_SIZE)\n\n    # Initialize first buffer\n    tl.store(shmem0 + base_idx, x, mask=mask)\n    ^\n\n\nThe above exception was the direct cause of the following exception:\n\nTraceback (most recent call last):\n  File "/home/lijiaxing/.conda/envs/api/lib/python3.10/site-packages/triton/language/core.py", line 42, in wrapper\n    return fn(*args, **kwargs)\n  File "/home/lijiaxing/.conda/envs/api/lib/python3.10/site-packages/triton/language/core.py", line 2216, in store\n    return _semantic.store(pointer, value, mask, boundary_check, cache_modifier, eviction_policy)\n  File "/home/lijiaxing/.conda/envs/api/lib/python3.10/site-packages/triton/language/semantic.py", line 1292, in store\n    return self._store_legacy(ptr, val, mask, boundary_check, cache, eviction)\n  File "/home/lijiaxing/.conda/envs/api/lib/python3.10/site-packages/triton/language/semantic.py", line 1237, in _store_legacy\n    raise ValueError(f"Unsupported ptr type {ptr.type.__repr__()} in `tl.store`")\nValueError: Unsupported ptr type <[\'4096\'], fp32> in `tl.store`\n', 'runtime_error_name': 'triton.compiler.errors.CompilationError', 'reference_timing_ms': 0.0377, 'speed_up': -1.0, 'custom_timing': -1.0}, 'runtime': -1.0, 'runtime_stats': {}}}
2025-08-12 17:51:50,943 - openevolve.RemoteSpeedupEvaluator - INFO - [level1_92_cumsum_exclusive] triton key words check pass
2025-08-12 17:51:50,944 - openevolve.RemoteSpeedupEvaluator - INFO - [level1_92_cumsum_exclusive] verify_plus payload: reference_code(732 chars) + custom_code(1377 chars)
2025-08-12 17:51:53,924 - openevolve.RemoteSpeedupEvaluator - INFO - [level1_92_cumsum_exclusive] verify_plus request success
2025-08-12 17:51:53,924 - openevolve.RemoteSpeedupEvaluator - INFO - [level1_92_cumsum_exclusive] verify_plus response: {"id":"level1_92_cumsum_exclusive","result":{"compiled":true,"correctness":false,"metadata":{"hardware":"NVIDIA L20Y","device":"cuda:1","correctness_issue":"Output shape mismatch: Expected torch.Size([127, 4001]), got torch.Size([128, 4000])","correctness_issue_name":"correctness_issue","reference_timing_ms":0.0377,"speed_up":-1.0,"custom_timing":-1.0},"runtime":-1.0,"runtime_stats":{}}}
2025-08-12 17:51:53,924 - openevolve.RemoteSpeedupEvaluator - INFO - [level1_92_cumsum_exclusive] âœ˜ wrong_answer
2025-08-12 17:51:53,925 - openevolve.evaluator - INFO - Evaluated program 2ad70996-7b62-42e3-988b-69803ac8352a in 2.98s: compiled=1.0000, correctness=0.0000, score=10.0000, stage=wrong_answer, verify_payload={'id': 'level1_92_cumsum_exclusive', 'result': {'compiled': True, 'correctness': False, 'metadata': {'hardware': 'NVIDIA L20Y', 'device': 'cuda:1', 'correctness_issue': 'Output shape mismatch: Expected torch.Size([127, 4001]), got torch.Size([128, 4000])', 'correctness_issue_name': 'correctness_issue', 'reference_timing_ms': 0.0377, 'speed_up': -1.0, 'custom_timing': -1.0}, 'runtime': -1.0, 'runtime_stats': {}}}
2025-08-12 17:51:53,930 - openevolve.llm.ensemble - INFO - Sampled model: deepseek
2025-08-12 17:51:53,939 - openevolve.threaded_parallel - INFO - Iteration 17: Program 2ad70996-7b62-42e3-988b-69803ac8352a (parent: 09089b68-daf7-4a05-81ec-96af2c393d57) completed in 641.74s
2025-08-12 17:51:53,939 - openevolve.threaded_parallel - INFO - Metrics: compiled=1.0000, correctness=0.0000, score=10.0000, stage=wrong_answer, verify_payload={'id': 'level1_92_cumsum_exclusive', 'result': {'compiled': True, 'correctness': False, 'metadata': {'hardware': 'NVIDIA L20Y', 'device': 'cuda:1', 'correctness_issue': 'Output shape mismatch: Expected torch.Size([127, 4001]), got torch.Size([128, 4000])', 'correctness_issue_name': 'correctness_issue', 'reference_timing_ms': 0.0377, 'speed_up': -1.0, 'custom_timing': -1.0}, 'runtime': -1.0, 'runtime_stats': {}}}
2025-08-12 17:58:30,314 - openevolve.RemoteSpeedupEvaluator - INFO - [level1_92_cumsum_exclusive] triton key words check pass
2025-08-12 17:58:30,315 - openevolve.RemoteSpeedupEvaluator - INFO - [level1_92_cumsum_exclusive] verify_plus payload: reference_code(732 chars) + custom_code(2134 chars)
2025-08-12 17:58:33,062 - openevolve.RemoteSpeedupEvaluator - INFO - [level1_92_cumsum_exclusive] verify_plus request success
2025-08-12 17:58:33,062 - openevolve.RemoteSpeedupEvaluator - INFO - [level1_92_cumsum_exclusive] verify_plus response: {"id":"level1_92_cumsum_exclusive","result":{"compiled":true,"correctness":false,"metadata":{"hardware":"NVIDIA L20Y","device":"cuda:1","runtime_error":"Traceback (most recent call last):\n  File \"/home/lijiaxing/.conda/envs/api/lib/python3.10/site-packages/triton/language/core.py\", line 42, in wrapper\n    return fn(*args, **kwargs)\n  File \"/home/lijiaxing/.conda/envs/api/lib/python3.10/site-packages/triton/language/core.py\", line 2216, in store\n    return _semantic.store(pointer, value, mask, boundary_check, cache_modifier, eviction_policy)\n  File \"/home/lijiaxing/.conda/envs/api/lib/python3.10/site-packages/triton/language/semantic.py\", line 1292, in store\n    return self._store_legacy(ptr, val, mask, boundary_check, cache, eviction)\n  File \"/home/lijiaxing/.conda/envs/api/l
2025-08-12 17:58:33,062 - openevolve.RemoteSpeedupEvaluator - INFO - [level1_92_cumsum_exclusive] âœ˜ wrong_answer
2025-08-12 17:58:33,062 - openevolve.evaluator - INFO - Evaluated program 28a1c796-f547-4e02-bbae-be9bbda42f49 in 2.75s: compiled=1.0000, correctness=0.0000, score=10.0000, stage=wrong_answer, verify_payload={'id': 'level1_92_cumsum_exclusive', 'result': {'compiled': True, 'correctness': False, 'metadata': {'hardware': 'NVIDIA L20Y', 'device': 'cuda:1', 'runtime_error': 'Traceback (most recent call last):\n  File "/home/lijiaxing/.conda/envs/api/lib/python3.10/site-packages/triton/language/core.py", line 42, in wrapper\n    return fn(*args, **kwargs)\n  File "/home/lijiaxing/.conda/envs/api/lib/python3.10/site-packages/triton/language/core.py", line 2216, in store\n    return _semantic.store(pointer, value, mask, boundary_check, cache_modifier, eviction_policy)\n  File "/home/lijiaxing/.conda/envs/api/lib/python3.10/site-packages/triton/language/semantic.py", line 1292, in store\n    return self._store_legacy(ptr, val, mask, boundary_check, cache, eviction)\n  File "/home/lijiaxing/.conda/envs/api/lib/python3.10/site-packages/triton/language/semantic.py", line 1237, in _store_legacy\n    raise ValueError(f"Unsupported ptr type {ptr.type.__repr__()} in `tl.store`")\nValueError: Unsupported ptr type <[\'4096\'], fp32> in `tl.store`\n\nThe above exception was the direct cause of the following exception:\n\nTraceback (most recent call last):\n  File "/cpfs01/shared/llm_kernel/hujiakai/KernelLLM/validation_api_server/helpers/evaluations.py", line 720, in run_and_check_correctness\n    output_new = model_new(*inputs)\n  File "/home/lijiaxing/.conda/envs/api/lib/python3.10/site-packages/torch/nn/modules/module.py", line 1773, in _wrapped_call_impl\n    return self._call_impl(*args, **kwargs)\n  File "/home/lijiaxing/.conda/envs/api/lib/python3.10/site-packages/torch/nn/modules/module.py", line 1784, in _call_impl\n    return forward_call(*args, **kwargs)\n  File "/tmp/tmpyio8iy8r.py", line 59, in forward\n    exclusive_cumsum_kernel[grid](x, output, n_elements, BLOCK_SIZE)\n  File "/home/lijiaxing/.conda/envs/api/lib/python3.10/site-packages/triton/runtime/jit.py", line 390, in <lambda>\n    return lambda *args, **kwargs: self.run(grid=grid, warmup=False, *args, **kwargs)\n  File "/home/lijiaxing/.conda/envs/api/lib/python3.10/site-packages/triton/runtime/jit.py", line 594, in run\n    kernel = self.compile(src, target=target, options=options.__dict__)\n  File "/home/lijiaxing/.conda/envs/api/lib/python3.10/site-packages/triton/compiler/compiler.py", line 339, in compile\n    module = src.make_ir(options, codegen_fns, module_map, context)\n  File "/home/lijiaxing/.conda/envs/api/lib/python3.10/site-packages/triton/compiler/compiler.py", line 83, in make_ir\n    return ast_to_ttir(self.fn, self, context=context, options=options, codegen_fns=codegen_fns,\ntriton.compiler.errors.CompilationError: at 16:4:\n    BLOCK_SIZE: tl.constexpr,\n):\n    pid = tl.program_id(0)\n    base = pid * n_elements\n    offsets = base + tl.arange(0, BLOCK_SIZE)\n    mask = tl.arange(0, BLOCK_SIZE) < n_elements\n    x = tl.load(x_ptr + offsets, mask=mask, other=0)\n\n    # Allocate shared memory for Hillis-Steele algorithm\n    shared = tl.zeros((BLOCK_SIZE,), dtype=x.dtype)\n    base_idx = tl.arange(0, BLOCK_SIZE)\n    tl.store(shared + base_idx, x)  # Initialize with input values\n    ^\n\n\nThe above exception was the direct cause of the following exception:\n\nTraceback (most recent call last):\n  File "/home/lijiaxing/.conda/envs/api/lib/python3.10/site-packages/triton/language/core.py", line 42, in wrapper\n    return fn(*args, **kwargs)\n  File "/home/lijiaxing/.conda/envs/api/lib/python3.10/site-packages/triton/language/core.py", line 2216, in store\n    return _semantic.store(pointer, value, mask, boundary_check, cache_modifier, eviction_policy)\n  File "/home/lijiaxing/.conda/envs/api/lib/python3.10/site-packages/triton/language/semantic.py", line 1292, in store\n    return self._store_legacy(ptr, val, mask, boundary_check, cache, eviction)\n  File "/home/lijiaxing/.conda/envs/api/lib/python3.10/site-packages/triton/language/semantic.py", line 1237, in _store_legacy\n    raise ValueError(f"Unsupported ptr type {ptr.type.__repr__()} in `tl.store`")\nValueError: Unsupported ptr type <[\'4096\'], fp32> in `tl.store`\n', 'runtime_error_name': 'triton.compiler.errors.CompilationError', 'reference_timing_ms': 0.0377, 'speed_up': -1.0, 'custom_timing': -1.0}, 'runtime': -1.0, 'runtime_stats': {}}}
2025-08-12 17:58:33,068 - openevolve.llm.ensemble - INFO - Sampled model: deepseek
2025-08-12 17:58:33,084 - openevolve.threaded_parallel - INFO - Iteration 19: Program 28a1c796-f547-4e02-bbae-be9bbda42f49 (parent: 67ef772c-e8b2-4165-8eda-8f99f4ba75d0) completed in 683.88s
2025-08-12 17:58:33,084 - openevolve.threaded_parallel - INFO - Metrics: compiled=1.0000, correctness=0.0000, score=10.0000, stage=wrong_answer, verify_payload={'id': 'level1_92_cumsum_exclusive', 'result': {'compiled': True, 'correctness': False, 'metadata': {'hardware': 'NVIDIA L20Y', 'device': 'cuda:1', 'runtime_error': 'Traceback (most recent call last):\n  File "/home/lijiaxing/.conda/envs/api/lib/python3.10/site-packages/triton/language/core.py", line 42, in wrapper\n    return fn(*args, **kwargs)\n  File "/home/lijiaxing/.conda/envs/api/lib/python3.10/site-packages/triton/language/core.py", line 2216, in store\n    return _semantic.store(pointer, value, mask, boundary_check, cache_modifier, eviction_policy)\n  File "/home/lijiaxing/.conda/envs/api/lib/python3.10/site-packages/triton/language/semantic.py", line 1292, in store\n    return self._store_legacy(ptr, val, mask, boundary_check, cache, eviction)\n  File "/home/lijiaxing/.conda/envs/api/lib/python3.10/site-packages/triton/language/semantic.py", line 1237, in _store_legacy\n    raise ValueError(f"Unsupported ptr type {ptr.type.__repr__()} in `tl.store`")\nValueError: Unsupported ptr type <[\'4096\'], fp32> in `tl.store`\n\nThe above exception was the direct cause of the following exception:\n\nTraceback (most recent call last):\n  File "/cpfs01/shared/llm_kernel/hujiakai/KernelLLM/validation_api_server/helpers/evaluations.py", line 720, in run_and_check_correctness\n    output_new = model_new(*inputs)\n  File "/home/lijiaxing/.conda/envs/api/lib/python3.10/site-packages/torch/nn/modules/module.py", line 1773, in _wrapped_call_impl\n    return self._call_impl(*args, **kwargs)\n  File "/home/lijiaxing/.conda/envs/api/lib/python3.10/site-packages/torch/nn/modules/module.py", line 1784, in _call_impl\n    return forward_call(*args, **kwargs)\n  File "/tmp/tmpyio8iy8r.py", line 59, in forward\n    exclusive_cumsum_kernel[grid](x, output, n_elements, BLOCK_SIZE)\n  File "/home/lijiaxing/.conda/envs/api/lib/python3.10/site-packages/triton/runtime/jit.py", line 390, in <lambda>\n    return lambda *args, **kwargs: self.run(grid=grid, warmup=False, *args, **kwargs)\n  File "/home/lijiaxing/.conda/envs/api/lib/python3.10/site-packages/triton/runtime/jit.py", line 594, in run\n    kernel = self.compile(src, target=target, options=options.__dict__)\n  File "/home/lijiaxing/.conda/envs/api/lib/python3.10/site-packages/triton/compiler/compiler.py", line 339, in compile\n    module = src.make_ir(options, codegen_fns, module_map, context)\n  File "/home/lijiaxing/.conda/envs/api/lib/python3.10/site-packages/triton/compiler/compiler.py", line 83, in make_ir\n    return ast_to_ttir(self.fn, self, context=context, options=options, codegen_fns=codegen_fns,\ntriton.compiler.errors.CompilationError: at 16:4:\n    BLOCK_SIZE: tl.constexpr,\n):\n    pid = tl.program_id(0)\n    base = pid * n_elements\n    offsets = base + tl.arange(0, BLOCK_SIZE)\n    mask = tl.arange(0, BLOCK_SIZE) < n_elements\n    x = tl.load(x_ptr + offsets, mask=mask, other=0)\n\n    # Allocate shared memory for Hillis-Steele algorithm\n    shared = tl.zeros((BLOCK_SIZE,), dtype=x.dtype)\n    base_idx = tl.arange(0, BLOCK_SIZE)\n    tl.store(shared + base_idx, x)  # Initialize with input values\n    ^\n\n\nThe above exception was the direct cause of the following exception:\n\nTraceback (most recent call last):\n  File "/home/lijiaxing/.conda/envs/api/lib/python3.10/site-packages/triton/language/core.py", line 42, in wrapper\n    return fn(*args, **kwargs)\n  File "/home/lijiaxing/.conda/envs/api/lib/python3.10/site-packages/triton/language/core.py", line 2216, in store\n    return _semantic.store(pointer, value, mask, boundary_check, cache_modifier, eviction_policy)\n  File "/home/lijiaxing/.conda/envs/api/lib/python3.10/site-packages/triton/language/semantic.py", line 1292, in store\n    return self._store_legacy(ptr, val, mask, boundary_check, cache, eviction)\n  File "/home/lijiaxing/.conda/envs/api/lib/python3.10/site-packages/triton/language/semantic.py", line 1237, in _store_legacy\n    raise ValueError(f"Unsupported ptr type {ptr.type.__repr__()} in `tl.store`")\nValueError: Unsupported ptr type <[\'4096\'], fp32> in `tl.store`\n', 'runtime_error_name': 'triton.compiler.errors.CompilationError', 'reference_timing_ms': 0.0377, 'speed_up': -1.0, 'custom_timing': -1.0}, 'runtime': -1.0, 'runtime_stats': {}}}
2025-08-12 17:58:50,586 - openevolve.RemoteSpeedupEvaluator - INFO - [level1_92_cumsum_exclusive] triton key words check pass
2025-08-12 17:58:50,586 - openevolve.RemoteSpeedupEvaluator - INFO - [level1_92_cumsum_exclusive] verify_plus payload: reference_code(732 chars) + custom_code(1327 chars)
2025-08-12 17:58:53,648 - openevolve.RemoteSpeedupEvaluator - INFO - [level1_92_cumsum_exclusive] verify_plus request success
2025-08-12 17:58:53,648 - openevolve.RemoteSpeedupEvaluator - INFO - [level1_92_cumsum_exclusive] verify_plus response: {"id":"level1_92_cumsum_exclusive","result":{"compiled":true,"correctness":false,"metadata":{"hardware":"NVIDIA L20Y","device":"cuda:2","correctness_issue":"Output shape mismatch: Expected torch.Size([127, 4001]), got torch.Size([128, 4000])","correctness_issue_name":"correctness_issue","reference_timing_ms":0.0377,"speed_up":-1.0,"custom_timing":-1.0},"runtime":-1.0,"runtime_stats":{}}}
2025-08-12 17:58:53,648 - openevolve.RemoteSpeedupEvaluator - INFO - [level1_92_cumsum_exclusive] âœ˜ wrong_answer
2025-08-12 17:58:53,649 - openevolve.evaluator - INFO - Evaluated program 31794159-7134-4274-8fac-5639368c8819 in 3.06s: compiled=1.0000, correctness=0.0000, score=10.0000, stage=wrong_answer, verify_payload={'id': 'level1_92_cumsum_exclusive', 'result': {'compiled': True, 'correctness': False, 'metadata': {'hardware': 'NVIDIA L20Y', 'device': 'cuda:2', 'correctness_issue': 'Output shape mismatch: Expected torch.Size([127, 4001]), got torch.Size([128, 4000])', 'correctness_issue_name': 'correctness_issue', 'reference_timing_ms': 0.0377, 'speed_up': -1.0, 'custom_timing': -1.0}, 'runtime': -1.0, 'runtime_stats': {}}}
2025-08-12 17:58:53,653 - openevolve.llm.ensemble - INFO - Sampled model: deepseek
2025-08-12 17:58:53,670 - openevolve.threaded_parallel - INFO - Iteration 18: Program 31794159-7134-4274-8fac-5639368c8819 (parent: c3026469-0213-4712-88d9-d661dec90781) completed in 954.64s
2025-08-12 17:58:53,670 - openevolve.threaded_parallel - INFO - Metrics: compiled=1.0000, correctness=0.0000, score=10.0000, stage=wrong_answer, verify_payload={'id': 'level1_92_cumsum_exclusive', 'result': {'compiled': True, 'correctness': False, 'metadata': {'hardware': 'NVIDIA L20Y', 'device': 'cuda:2', 'correctness_issue': 'Output shape mismatch: Expected torch.Size([127, 4001]), got torch.Size([128, 4000])', 'correctness_issue_name': 'correctness_issue', 'reference_timing_ms': 0.0377, 'speed_up': -1.0, 'custom_timing': -1.0}, 'runtime': -1.0, 'runtime_stats': {}}}
2025-08-12 17:58:53,670 - openevolve.threaded_parallel - INFO - Checkpoint interval reached at iteration 18
2025-08-12 17:58:53,671 - openevolve.database - INFO - Island Status:
2025-08-12 17:58:53,671 - openevolve.database - INFO -    Island 0: 9 programs, best=10.0000, avg=8.8889, diversity=305.32, gen=7 (best: c3026469-0213-4712-88d9-d661dec90781)
2025-08-12 17:58:53,671 - openevolve.database - INFO -  * Island 1: 7 programs, best=10.0000, avg=-5.7143, diversity=178.62, gen=7 (best: eb027012-5613-451e-9f85-58e8566958e9)
2025-08-12 17:58:53,671 - openevolve.database - INFO -    Island 2: 7 programs, best=10.0000, avg=10.0000, diversity=189.73, gen=6 (best: a2e3a690-7cab-4517-ae68-fec731038682)
2025-08-12 17:58:53,991 - openevolve.database - INFO - Saved database with 21 programs to openevolve_output/level1_92_cumsum_exclusive/checkpoints/checkpoint_18
2025-08-12 17:58:54,007 - openevolve.controller - INFO - Saved best program at checkpoint 18 with metrics: compiled=1.0000, correctness=0.0000, score=10.0000, stage=wrong_answer, verify_payload={'id': 'level1_92_cumsum_exclusive', 'result': {'compiled': True, 'correctness': False, 'metadata': {'hardware': 'NVIDIA L20Y', 'device': 'cuda:3', 'runtime_error': 'Traceback (most recent call last):\n  File "/home/lijiaxing/.conda/envs/api/lib/python3.10/site-packages/triton/language/core.py", line 42, in wrapper\n    return fn(*args, **kwargs)\n  File "/home/lijiaxing/.conda/envs/api/lib/python3.10/site-packages/triton/language/core.py", line 2727, in associative_scan\n    return associative_scan((input, ), axis, combine_fn, reverse, _semantic=_semantic, _generator=_generator)[0]\n  File "/home/lijiaxing/.conda/envs/api/lib/python3.10/site-packages/triton/language/core.py", line 42, in wrapper\n    return fn(*args, **kwargs)\n  File "/home/lijiaxing/.conda/envs/api/lib/python3.10/site-packages/triton/language/core.py", line 2747, in associative_scan\n    return _semantic.associative_scan(input, axis, make_combine_region, reverse)\n  File "/home/lijiaxing/.conda/envs/api/lib/python3.10/site-packages/triton/language/semantic.py", line 1685, in associative_scan\n    region_builder_fn(scan_op)\n  File "/home/lijiaxing/.conda/envs/api/lib/python3.10/site-packages/triton/language/core.py", line 2737, in make_combine_region\n    results = _generator.call_JitFunction(combine_fn, args, kwargs={})\nAttributeError: \'function\' object has no attribute \'fn\'\n\nThe above exception was the direct cause of the following exception:\n\nTraceback (most recent call last):\n  File "/cpfs01/shared/llm_kernel/hujiakai/KernelLLM/validation_api_server/helpers/evaluations.py", line 720, in run_and_check_correctness\n    output_new = model_new(*inputs)\n  File "/home/lijiaxing/.conda/envs/api/lib/python3.10/site-packages/torch/nn/modules/module.py", line 1773, in _wrapped_call_impl\n    return self._call_impl(*args, **kwargs)\n  File "/home/lijiaxing/.conda/envs/api/lib/python3.10/site-packages/torch/nn/modules/module.py", line 1784, in _call_impl\n    return forward_call(*args, **kwargs)\n  File "/tmp/tmpm7or5k6n.py", line 40, in forward\n    exclusive_cumsum_kernel[grid](x, output, n_elements, BLOCK_SIZE)\n  File "/home/lijiaxing/.conda/envs/api/lib/python3.10/site-packages/triton/runtime/jit.py", line 390, in <lambda>\n    return lambda *args, **kwargs: self.run(grid=grid, warmup=False, *args, **kwargs)\n  File "/home/lijiaxing/.conda/envs/api/lib/python3.10/site-packages/triton/runtime/jit.py", line 594, in run\n    kernel = self.compile(src, target=target, options=options.__dict__)\n  File "/home/lijiaxing/.conda/envs/api/lib/python3.10/site-packages/triton/compiler/compiler.py", line 339, in compile\n    module = src.make_ir(options, codegen_fns, module_map, context)\n  File "/home/lijiaxing/.conda/envs/api/lib/python3.10/site-packages/triton/compiler/compiler.py", line 83, in make_ir\n    return ast_to_ttir(self.fn, self, context=context, options=options, codegen_fns=codegen_fns,\ntriton.compiler.errors.CompilationError: at 14:16:\n    output_ptr,\n    n_elements,\n    BLOCK_SIZE: tl.constexpr,\n):\n    pid = tl.program_id(0)\n    base = pid * n_elements\n    offsets = base + tl.arange(0, BLOCK_SIZE)\n    mask = tl.arange(0, BLOCK_SIZE) < n_elements\n    x = tl.load(x_ptr + offsets, mask=mask, other=0)\n\n    # Perform parallel prefix sum\n    inclusive = tl.associative_scan(x, 0, tl.add)\n                ^\n\n\nThe above exception was the direct cause of the following exception:\n\nTraceback (most recent call last):\n  File "/home/lijiaxing/.conda/envs/api/lib/python3.10/site-packages/triton/language/core.py", line 42, in wrapper\n    return fn(*args, **kwargs)\n  File "/home/lijiaxing/.conda/envs/api/lib/python3.10/site-packages/triton/language/core.py", line 2727, in associative_scan\n    return associative_scan((input, ), axis, combine_fn, reverse, _semantic=_semantic, _generator=_generator)[0]\n  File "/home/lijiaxing/.conda/envs/api/lib/python3.10/site-packages/triton/language/core.py", line 42, in wrapper\n    return fn(*args, **kwargs)\n  File "/home/lijiaxing/.conda/envs/api/lib/python3.10/site-packages/triton/language/core.py", line 2747, in associative_scan\n    return _semantic.associative_scan(input, axis, make_combine_region, reverse)\n  File "/home/lijiaxing/.conda/envs/api/lib/python3.10/site-packages/triton/language/semantic.py", line 1685, in associative_scan\n    region_builder_fn(scan_op)\n  File "/home/lijiaxing/.conda/envs/api/lib/python3.10/site-packages/triton/language/core.py", line 2737, in make_combine_region\n    results = _generator.call_JitFunction(combine_fn, args, kwargs={})\nAttributeError: \'function\' object has no attribute \'fn\'\n', 'runtime_error_name': 'triton.compiler.errors.CompilationError', 'reference_timing_ms': 0.0377, 'speed_up': -1.0, 'custom_timing': -1.0}, 'runtime': -1.0, 'runtime_stats': {}}}
2025-08-12 17:58:54,007 - openevolve.controller - INFO - Saved checkpoint at iteration 18 to openevolve_output/level1_92_cumsum_exclusive/checkpoints/checkpoint_18
2025-08-12 17:59:47,490 - openevolve.RemoteSpeedupEvaluator - INFO - [level1_92_cumsum_exclusive] triton key words check pass
2025-08-12 17:59:47,490 - openevolve.RemoteSpeedupEvaluator - INFO - [level1_92_cumsum_exclusive] verify_plus payload: reference_code(732 chars) + custom_code(1684 chars)
2025-08-12 17:59:50,791 - openevolve.RemoteSpeedupEvaluator - INFO - [level1_92_cumsum_exclusive] verify_plus request success
2025-08-12 17:59:50,791 - openevolve.RemoteSpeedupEvaluator - INFO - [level1_92_cumsum_exclusive] verify_plus response: {"id":"level1_92_cumsum_exclusive","result":{"compiled":true,"correctness":false,"metadata":{"hardware":"NVIDIA L20Y","device":"cuda:1","correctness_issue":"Output shape mismatch: Expected torch.Size([127, 4001]), got torch.Size([128, 4000])","correctness_issue_name":"correctness_issue","reference_timing_ms":0.0377,"speed_up":-1.0,"custom_timing":-1.0},"runtime":-1.0,"runtime_stats":{}}}
2025-08-12 17:59:50,791 - openevolve.RemoteSpeedupEvaluator - INFO - [level1_92_cumsum_exclusive] âœ˜ wrong_answer
2025-08-12 17:59:50,792 - openevolve.evaluator - INFO - Evaluated program 4b9792a9-435a-472e-be3a-76d8fa241f12 in 3.30s: compiled=1.0000, correctness=0.0000, score=10.0000, stage=wrong_answer, verify_payload={'id': 'level1_92_cumsum_exclusive', 'result': {'compiled': True, 'correctness': False, 'metadata': {'hardware': 'NVIDIA L20Y', 'device': 'cuda:1', 'correctness_issue': 'Output shape mismatch: Expected torch.Size([127, 4001]), got torch.Size([128, 4000])', 'correctness_issue_name': 'correctness_issue', 'reference_timing_ms': 0.0377, 'speed_up': -1.0, 'custom_timing': -1.0}, 'runtime': -1.0, 'runtime_stats': {}}}
2025-08-12 17:59:50,796 - openevolve.llm.ensemble - INFO - Sampled model: deepseek
2025-08-12 17:59:50,799 - openevolve.database - INFO - New MAP-Elites cell occupied: {'score': 9, 'complexity': 5}
2025-08-12 17:59:50,800 - openevolve.database - INFO - MAP-Elites coverage reached 10.0% (10/100 cells)
2025-08-12 17:59:50,806 - openevolve.threaded_parallel - INFO - Iteration 20: Program 4b9792a9-435a-472e-be3a-76d8fa241f12 (parent: 09089b68-daf7-4a05-81ec-96af2c393d57) completed in 476.86s
2025-08-12 17:59:50,806 - openevolve.threaded_parallel - INFO - Metrics: compiled=1.0000, correctness=0.0000, score=10.0000, stage=wrong_answer, verify_payload={'id': 'level1_92_cumsum_exclusive', 'result': {'compiled': True, 'correctness': False, 'metadata': {'hardware': 'NVIDIA L20Y', 'device': 'cuda:1', 'correctness_issue': 'Output shape mismatch: Expected torch.Size([127, 4001]), got torch.Size([128, 4000])', 'correctness_issue_name': 'correctness_issue', 'reference_timing_ms': 0.0377, 'speed_up': -1.0, 'custom_timing': -1.0}, 'runtime': -1.0, 'runtime_stats': {}}}
2025-08-12 18:06:20,702 - openevolve.RemoteSpeedupEvaluator - INFO - [level1_92_cumsum_exclusive] triton key words check pass
2025-08-12 18:06:20,703 - openevolve.RemoteSpeedupEvaluator - INFO - [level1_92_cumsum_exclusive] verify_plus payload: reference_code(732 chars) + custom_code(1335 chars)
2025-08-12 18:06:23,709 - openevolve.RemoteSpeedupEvaluator - INFO - [level1_92_cumsum_exclusive] verify_plus request success
2025-08-12 18:06:23,709 - openevolve.RemoteSpeedupEvaluator - INFO - [level1_92_cumsum_exclusive] verify_plus response: {"id":"level1_92_cumsum_exclusive","result":{"compiled":true,"correctness":false,"metadata":{"hardware":"NVIDIA L20Y","device":"cuda:0","correctness_issue":"Output shape mismatch: Expected torch.Size([127, 4001]), got torch.Size([128, 4000])","correctness_issue_name":"correctness_issue","reference_timing_ms":0.0377,"speed_up":-1.0,"custom_timing":-1.0},"runtime":-1.0,"runtime_stats":{}}}
2025-08-12 18:06:23,709 - openevolve.RemoteSpeedupEvaluator - INFO - [level1_92_cumsum_exclusive] âœ˜ wrong_answer
2025-08-12 18:06:23,710 - openevolve.evaluator - INFO - Evaluated program bc1bb5d9-c872-43e1-98d1-31b4c0e83e28 in 3.01s: compiled=1.0000, correctness=0.0000, score=10.0000, stage=wrong_answer, verify_payload={'id': 'level1_92_cumsum_exclusive', 'result': {'compiled': True, 'correctness': False, 'metadata': {'hardware': 'NVIDIA L20Y', 'device': 'cuda:0', 'correctness_issue': 'Output shape mismatch: Expected torch.Size([127, 4001]), got torch.Size([128, 4000])', 'correctness_issue_name': 'correctness_issue', 'reference_timing_ms': 0.0377, 'speed_up': -1.0, 'custom_timing': -1.0}, 'runtime': -1.0, 'runtime_stats': {}}}
2025-08-12 18:06:23,714 - openevolve.llm.ensemble - INFO - Sampled model: deepseek
2025-08-12 18:06:23,726 - openevolve.threaded_parallel - INFO - Iteration 22: Program bc1bb5d9-c872-43e1-98d1-31b4c0e83e28 (parent: 67ef772c-e8b2-4165-8eda-8f99f4ba75d0) completed in 450.06s
2025-08-12 18:06:23,726 - openevolve.threaded_parallel - INFO - Metrics: compiled=1.0000, correctness=0.0000, score=10.0000, stage=wrong_answer, verify_payload={'id': 'level1_92_cumsum_exclusive', 'result': {'compiled': True, 'correctness': False, 'metadata': {'hardware': 'NVIDIA L20Y', 'device': 'cuda:0', 'correctness_issue': 'Output shape mismatch: Expected torch.Size([127, 4001]), got torch.Size([128, 4000])', 'correctness_issue_name': 'correctness_issue', 'reference_timing_ms': 0.0377, 'speed_up': -1.0, 'custom_timing': -1.0}, 'runtime': -1.0, 'runtime_stats': {}}}
2025-08-12 18:10:43,172 - openevolve.RemoteSpeedupEvaluator - INFO - [level1_92_cumsum_exclusive] triton key words check pass
2025-08-12 18:10:43,173 - openevolve.RemoteSpeedupEvaluator - INFO - [level1_92_cumsum_exclusive] verify_plus payload: reference_code(732 chars) + custom_code(1328 chars)
2025-08-12 18:10:46,139 - openevolve.RemoteSpeedupEvaluator - INFO - [level1_92_cumsum_exclusive] verify_plus request success
2025-08-12 18:10:46,139 - openevolve.RemoteSpeedupEvaluator - INFO - [level1_92_cumsum_exclusive] verify_plus response: {"id":"level1_92_cumsum_exclusive","result":{"compiled":true,"correctness":false,"metadata":{"hardware":"NVIDIA L20Y","device":"cuda:4","correctness_issue":"Output shape mismatch: Expected torch.Size([127, 4001]), got torch.Size([128, 4000])","correctness_issue_name":"correctness_issue","reference_timing_ms":0.0377,"speed_up":-1.0,"custom_timing":-1.0},"runtime":-1.0,"runtime_stats":{}}}
2025-08-12 18:10:46,139 - openevolve.RemoteSpeedupEvaluator - INFO - [level1_92_cumsum_exclusive] âœ˜ wrong_answer
2025-08-12 18:10:46,140 - openevolve.evaluator - INFO - Evaluated program eac9e7fa-09a4-47ec-8fd8-a244a77bd274 in 2.97s: compiled=1.0000, correctness=0.0000, score=10.0000, stage=wrong_answer, verify_payload={'id': 'level1_92_cumsum_exclusive', 'result': {'compiled': True, 'correctness': False, 'metadata': {'hardware': 'NVIDIA L20Y', 'device': 'cuda:4', 'correctness_issue': 'Output shape mismatch: Expected torch.Size([127, 4001]), got torch.Size([128, 4000])', 'correctness_issue_name': 'correctness_issue', 'reference_timing_ms': 0.0377, 'speed_up': -1.0, 'custom_timing': -1.0}, 'runtime': -1.0, 'runtime_stats': {}}}
2025-08-12 18:10:46,144 - openevolve.llm.ensemble - INFO - Sampled model: deepseek
2025-08-12 18:10:46,154 - openevolve.threaded_parallel - INFO - Iteration 23: Program eac9e7fa-09a4-47ec-8fd8-a244a77bd274 (parent: 33ab4ce5-e30b-4acf-9505-9b03f9d884bd) completed in 655.34s
2025-08-12 18:10:46,154 - openevolve.threaded_parallel - INFO - Metrics: compiled=1.0000, correctness=0.0000, score=10.0000, stage=wrong_answer, verify_payload={'id': 'level1_92_cumsum_exclusive', 'result': {'compiled': True, 'correctness': False, 'metadata': {'hardware': 'NVIDIA L20Y', 'device': 'cuda:4', 'correctness_issue': 'Output shape mismatch: Expected torch.Size([127, 4001]), got torch.Size([128, 4000])', 'correctness_issue_name': 'correctness_issue', 'reference_timing_ms': 0.0377, 'speed_up': -1.0, 'custom_timing': -1.0}, 'runtime': -1.0, 'runtime_stats': {}}}
2025-08-12 18:11:41,945 - openevolve.RemoteSpeedupEvaluator - INFO - [level1_92_cumsum_exclusive] triton key words check pass
2025-08-12 18:11:41,946 - openevolve.RemoteSpeedupEvaluator - INFO - [level1_92_cumsum_exclusive] verify_plus payload: reference_code(732 chars) + custom_code(1116 chars)
2025-08-12 18:11:44,867 - openevolve.RemoteSpeedupEvaluator - INFO - [level1_92_cumsum_exclusive] verify_plus request success
2025-08-12 18:11:44,867 - openevolve.RemoteSpeedupEvaluator - INFO - [level1_92_cumsum_exclusive] verify_plus response: {"id":"level1_92_cumsum_exclusive","result":{"compiled":true,"correctness":false,"metadata":{"hardware":"NVIDIA L20Y","device":"cuda:6","correctness_issue":"Output shape mismatch: Expected torch.Size([127, 4001]), got torch.Size([128, 4000])","correctness_issue_name":"correctness_issue","reference_timing_ms":0.0377,"speed_up":-1.0,"custom_timing":-1.0},"runtime":-1.0,"runtime_stats":{}}}
2025-08-12 18:11:44,867 - openevolve.RemoteSpeedupEvaluator - INFO - [level1_92_cumsum_exclusive] âœ˜ wrong_answer
2025-08-12 18:11:44,868 - openevolve.evaluator - INFO - Evaluated program c24ea318-7af0-47d1-b73c-ab7cf380a2ed in 2.92s: compiled=1.0000, correctness=0.0000, score=10.0000, stage=wrong_answer, verify_payload={'id': 'level1_92_cumsum_exclusive', 'result': {'compiled': True, 'correctness': False, 'metadata': {'hardware': 'NVIDIA L20Y', 'device': 'cuda:6', 'correctness_issue': 'Output shape mismatch: Expected torch.Size([127, 4001]), got torch.Size([128, 4000])', 'correctness_issue_name': 'correctness_issue', 'reference_timing_ms': 0.0377, 'speed_up': -1.0, 'custom_timing': -1.0}, 'runtime': -1.0, 'runtime_stats': {}}}
2025-08-12 18:11:44,873 - openevolve.llm.ensemble - INFO - Sampled model: deepseek
2025-08-12 18:11:44,883 - openevolve.threaded_parallel - INFO - Iteration 24: Program c24ea318-7af0-47d1-b73c-ab7cf380a2ed (parent: 8be3402f-c257-411d-9b80-4a67f4e4643f) completed in 321.15s
2025-08-12 18:11:44,884 - openevolve.threaded_parallel - INFO - Metrics: compiled=1.0000, correctness=0.0000, score=10.0000, stage=wrong_answer, verify_payload={'id': 'level1_92_cumsum_exclusive', 'result': {'compiled': True, 'correctness': False, 'metadata': {'hardware': 'NVIDIA L20Y', 'device': 'cuda:6', 'correctness_issue': 'Output shape mismatch: Expected torch.Size([127, 4001]), got torch.Size([128, 4000])', 'correctness_issue_name': 'correctness_issue', 'reference_timing_ms': 0.0377, 'speed_up': -1.0, 'custom_timing': -1.0}, 'runtime': -1.0, 'runtime_stats': {}}}
2025-08-12 18:11:44,884 - openevolve.threaded_parallel - INFO - Checkpoint interval reached at iteration 24
2025-08-12 18:11:44,884 - openevolve.database - INFO - Island Status:
2025-08-12 18:11:44,884 - openevolve.database - INFO -    Island 0: 10 programs, best=10.0000, avg=9.0000, diversity=305.32, gen=8 (best: c3026469-0213-4712-88d9-d661dec90781)
2025-08-12 18:11:44,884 - openevolve.database - INFO -    Island 1: 9 programs, best=10.0000, avg=-2.2222, diversity=180.23, gen=8 (best: eb027012-5613-451e-9f85-58e8566958e9)
2025-08-12 18:11:44,884 - openevolve.database - INFO -  * Island 2: 8 programs, best=10.0000, avg=10.0000, diversity=189.73, gen=8 (best: a2e3a690-7cab-4517-ae68-fec731038682)
2025-08-12 18:11:45,172 - openevolve.database - INFO - Saved database with 25 programs to openevolve_output/level1_92_cumsum_exclusive/checkpoints/checkpoint_24
2025-08-12 18:11:45,188 - openevolve.controller - INFO - Saved best program at checkpoint 24 with metrics: compiled=1.0000, correctness=0.0000, score=10.0000, stage=wrong_answer, verify_payload={'id': 'level1_92_cumsum_exclusive', 'result': {'compiled': True, 'correctness': False, 'metadata': {'hardware': 'NVIDIA L20Y', 'device': 'cuda:3', 'runtime_error': 'Traceback (most recent call last):\n  File "/home/lijiaxing/.conda/envs/api/lib/python3.10/site-packages/triton/language/core.py", line 42, in wrapper\n    return fn(*args, **kwargs)\n  File "/home/lijiaxing/.conda/envs/api/lib/python3.10/site-packages/triton/language/core.py", line 2727, in associative_scan\n    return associative_scan((input, ), axis, combine_fn, reverse, _semantic=_semantic, _generator=_generator)[0]\n  File "/home/lijiaxing/.conda/envs/api/lib/python3.10/site-packages/triton/language/core.py", line 42, in wrapper\n    return fn(*args, **kwargs)\n  File "/home/lijiaxing/.conda/envs/api/lib/python3.10/site-packages/triton/language/core.py", line 2747, in associative_scan\n    return _semantic.associative_scan(input, axis, make_combine_region, reverse)\n  File "/home/lijiaxing/.conda/envs/api/lib/python3.10/site-packages/triton/language/semantic.py", line 1685, in associative_scan\n    region_builder_fn(scan_op)\n  File "/home/lijiaxing/.conda/envs/api/lib/python3.10/site-packages/triton/language/core.py", line 2737, in make_combine_region\n    results = _generator.call_JitFunction(combine_fn, args, kwargs={})\nAttributeError: \'function\' object has no attribute \'fn\'\n\nThe above exception was the direct cause of the following exception:\n\nTraceback (most recent call last):\n  File "/cpfs01/shared/llm_kernel/hujiakai/KernelLLM/validation_api_server/helpers/evaluations.py", line 720, in run_and_check_correctness\n    output_new = model_new(*inputs)\n  File "/home/lijiaxing/.conda/envs/api/lib/python3.10/site-packages/torch/nn/modules/module.py", line 1773, in _wrapped_call_impl\n    return self._call_impl(*args, **kwargs)\n  File "/home/lijiaxing/.conda/envs/api/lib/python3.10/site-packages/torch/nn/modules/module.py", line 1784, in _call_impl\n    return forward_call(*args, **kwargs)\n  File "/tmp/tmpm7or5k6n.py", line 40, in forward\n    exclusive_cumsum_kernel[grid](x, output, n_elements, BLOCK_SIZE)\n  File "/home/lijiaxing/.conda/envs/api/lib/python3.10/site-packages/triton/runtime/jit.py", line 390, in <lambda>\n    return lambda *args, **kwargs: self.run(grid=grid, warmup=False, *args, **kwargs)\n  File "/home/lijiaxing/.conda/envs/api/lib/python3.10/site-packages/triton/runtime/jit.py", line 594, in run\n    kernel = self.compile(src, target=target, options=options.__dict__)\n  File "/home/lijiaxing/.conda/envs/api/lib/python3.10/site-packages/triton/compiler/compiler.py", line 339, in compile\n    module = src.make_ir(options, codegen_fns, module_map, context)\n  File "/home/lijiaxing/.conda/envs/api/lib/python3.10/site-packages/triton/compiler/compiler.py", line 83, in make_ir\n    return ast_to_ttir(self.fn, self, context=context, options=options, codegen_fns=codegen_fns,\ntriton.compiler.errors.CompilationError: at 14:16:\n    output_ptr,\n    n_elements,\n    BLOCK_SIZE: tl.constexpr,\n):\n    pid = tl.program_id(0)\n    base = pid * n_elements\n    offsets = base + tl.arange(0, BLOCK_SIZE)\n    mask = tl.arange(0, BLOCK_SIZE) < n_elements\n    x = tl.load(x_ptr + offsets, mask=mask, other=0)\n\n    # Perform parallel prefix sum\n    inclusive = tl.associative_scan(x, 0, tl.add)\n                ^\n\n\nThe above exception was the direct cause of the following exception:\n\nTraceback (most recent call last):\n  File "/home/lijiaxing/.conda/envs/api/lib/python3.10/site-packages/triton/language/core.py", line 42, in wrapper\n    return fn(*args, **kwargs)\n  File "/home/lijiaxing/.conda/envs/api/lib/python3.10/site-packages/triton/language/core.py", line 2727, in associative_scan\n    return associative_scan((input, ), axis, combine_fn, reverse, _semantic=_semantic, _generator=_generator)[0]\n  File "/home/lijiaxing/.conda/envs/api/lib/python3.10/site-packages/triton/language/core.py", line 42, in wrapper\n    return fn(*args, **kwargs)\n  File "/home/lijiaxing/.conda/envs/api/lib/python3.10/site-packages/triton/language/core.py", line 2747, in associative_scan\n    return _semantic.associative_scan(input, axis, make_combine_region, reverse)\n  File "/home/lijiaxing/.conda/envs/api/lib/python3.10/site-packages/triton/language/semantic.py", line 1685, in associative_scan\n    region_builder_fn(scan_op)\n  File "/home/lijiaxing/.conda/envs/api/lib/python3.10/site-packages/triton/language/core.py", line 2737, in make_combine_region\n    results = _generator.call_JitFunction(combine_fn, args, kwargs={})\nAttributeError: \'function\' object has no attribute \'fn\'\n', 'runtime_error_name': 'triton.compiler.errors.CompilationError', 'reference_timing_ms': 0.0377, 'speed_up': -1.0, 'custom_timing': -1.0}, 'runtime': -1.0, 'runtime_stats': {}}}
2025-08-12 18:11:45,188 - openevolve.controller - INFO - Saved checkpoint at iteration 24 to openevolve_output/level1_92_cumsum_exclusive/checkpoints/checkpoint_24
2025-08-12 18:20:39,872 - openevolve.RemoteSpeedupEvaluator - INFO - [level1_92_cumsum_exclusive] triton key words check pass
2025-08-12 18:20:39,873 - openevolve.RemoteSpeedupEvaluator - INFO - [level1_92_cumsum_exclusive] verify_plus payload: reference_code(732 chars) + custom_code(1420 chars)
2025-08-12 18:20:43,006 - openevolve.RemoteSpeedupEvaluator - INFO - [level1_92_cumsum_exclusive] verify_plus request success
2025-08-12 18:20:43,006 - openevolve.RemoteSpeedupEvaluator - INFO - [level1_92_cumsum_exclusive] verify_plus response: {"id":"level1_92_cumsum_exclusive","result":{"compiled":true,"correctness":false,"metadata":{"hardware":"NVIDIA L20Y","device":"cuda:1","max_difference":["4.803937","4.815680","4.604978","5.361797","4.542732"],"avg_difference":["0.797008","0.798170","0.798785","0.798167","0.796680"],"correctness_issue":"Output mismatch","correctness_trials":"(0 / 5)","reference_timing_ms":0.0377,"speed_up":-1.0,"custom_timing":-1.0},"runtime":-1.0,"runtime_stats":{}}}
2025-08-12 18:20:43,006 - openevolve.RemoteSpeedupEvaluator - INFO - [level1_92_cumsum_exclusive] âœ˜ wrong_answer
2025-08-12 18:20:43,006 - openevolve.evaluator - INFO - Evaluated program fe868f23-3261-4a7d-8b1b-dfcd157d3ba4 in 3.14s: compiled=1.0000, correctness=0.0000, score=10.0000, stage=wrong_answer, verify_payload={'id': 'level1_92_cumsum_exclusive', 'result': {'compiled': True, 'correctness': False, 'metadata': {'hardware': 'NVIDIA L20Y', 'device': 'cuda:1', 'max_difference': ['4.803937', '4.815680', '4.604978', '5.361797', '4.542732'], 'avg_difference': ['0.797008', '0.798170', '0.798785', '0.798167', '0.796680'], 'correctness_issue': 'Output mismatch', 'correctness_trials': '(0 / 5)', 'reference_timing_ms': 0.0377, 'speed_up': -1.0, 'custom_timing': -1.0}, 'runtime': -1.0, 'runtime_stats': {}}}
2025-08-12 18:20:43,009 - openevolve.database - INFO - Population size (26) exceeds limit (25), removing 1 programs
2025-08-12 18:20:43,009 - openevolve.database - INFO - Population size after cleanup: 25
2025-08-12 18:20:43,010 - openevolve.llm.ensemble - INFO - Sampled model: deepseek
2025-08-12 18:20:43,016 - openevolve.threaded_parallel - INFO - Iteration 25: Program fe868f23-3261-4a7d-8b1b-dfcd157d3ba4 (parent: b17057a7-bef1-4e09-aab6-d932a4ab05fc) completed in 596.86s
2025-08-12 18:20:43,017 - openevolve.threaded_parallel - INFO - Metrics: compiled=1.0000, correctness=0.0000, score=10.0000, stage=wrong_answer, verify_payload={'id': 'level1_92_cumsum_exclusive', 'result': {'compiled': True, 'correctness': False, 'metadata': {'hardware': 'NVIDIA L20Y', 'device': 'cuda:1', 'max_difference': ['4.803937', '4.815680', '4.604978', '5.361797', '4.542732'], 'avg_difference': ['0.797008', '0.798170', '0.798785', '0.798167', '0.796680'], 'correctness_issue': 'Output mismatch', 'correctness_trials': '(0 / 5)', 'reference_timing_ms': 0.0377, 'speed_up': -1.0, 'custom_timing': -1.0}, 'runtime': -1.0, 'runtime_stats': {}}}
2025-08-12 18:25:29,958 - openevolve.RemoteSpeedupEvaluator - INFO - [level1_92_cumsum_exclusive] triton key words check pass
2025-08-12 18:25:29,958 - openevolve.RemoteSpeedupEvaluator - INFO - [level1_92_cumsum_exclusive] verify_plus payload: reference_code(732 chars) + custom_code(2135 chars)
2025-08-12 18:25:41,201 - openevolve.RemoteSpeedupEvaluator - INFO - [level1_92_cumsum_exclusive] verify_plus request success
2025-08-12 18:25:41,201 - openevolve.RemoteSpeedupEvaluator - INFO - [level1_92_cumsum_exclusive] verify_plus response: {"id":"level1_92_cumsum_exclusive","result":{"compiled":true,"correctness":false,"metadata":{"hardware":"NVIDIA L20Y","device":"cuda:7","correctness_issue":"Output shape mismatch: Expected torch.Size([127, 4001]), got torch.Size([128, 4000])","correctness_issue_name":"correctness_issue","reference_timing_ms":0.0377,"speed_up":-1.0,"custom_timing":-1.0},"runtime":-1.0,"runtime_stats":{}}}
2025-08-12 18:25:41,202 - openevolve.RemoteSpeedupEvaluator - INFO - [level1_92_cumsum_exclusive] âœ˜ wrong_answer
2025-08-12 18:25:41,202 - openevolve.evaluator - INFO - Evaluated program 0b7a0617-1bbb-4a6d-a073-c84f17c3b229 in 11.25s: compiled=1.0000, correctness=0.0000, score=10.0000, stage=wrong_answer, verify_payload={'id': 'level1_92_cumsum_exclusive', 'result': {'compiled': True, 'correctness': False, 'metadata': {'hardware': 'NVIDIA L20Y', 'device': 'cuda:7', 'correctness_issue': 'Output shape mismatch: Expected torch.Size([127, 4001]), got torch.Size([128, 4000])', 'correctness_issue_name': 'correctness_issue', 'reference_timing_ms': 0.0377, 'speed_up': -1.0, 'custom_timing': -1.0}, 'runtime': -1.0, 'runtime_stats': {}}}
2025-08-12 18:25:41,207 - openevolve.llm.ensemble - INFO - Sampled model: deepseek
2025-08-12 18:25:41,212 - openevolve.database - INFO - Population size (26) exceeds limit (25), removing 1 programs
2025-08-12 18:25:41,212 - openevolve.database - INFO - Population size after cleanup: 25
2025-08-12 18:25:41,219 - openevolve.threaded_parallel - INFO - Iteration 21: Program 0b7a0617-1bbb-4a6d-a073-c84f17c3b229 (parent: a2e3a690-7cab-4517-ae68-fec731038682) completed in 1628.13s
2025-08-12 18:25:41,219 - openevolve.threaded_parallel - INFO - Metrics: compiled=1.0000, correctness=0.0000, score=10.0000, stage=wrong_answer, verify_payload={'id': 'level1_92_cumsum_exclusive', 'result': {'compiled': True, 'correctness': False, 'metadata': {'hardware': 'NVIDIA L20Y', 'device': 'cuda:7', 'correctness_issue': 'Output shape mismatch: Expected torch.Size([127, 4001]), got torch.Size([128, 4000])', 'correctness_issue_name': 'correctness_issue', 'reference_timing_ms': 0.0377, 'speed_up': -1.0, 'custom_timing': -1.0}, 'runtime': -1.0, 'runtime_stats': {}}}
2025-08-12 18:25:41,219 - openevolve.threaded_parallel - INFO - Checkpoint interval reached at iteration 21
2025-08-12 18:25:41,220 - openevolve.database - INFO - Island Status:
2025-08-12 18:25:41,220 - openevolve.database - INFO -    Island 0: 10 programs, best=10.0000, avg=10.0000, diversity=251.12, gen=9 (best: c3026469-0213-4712-88d9-d661dec90781)
2025-08-12 18:25:41,220 - openevolve.database - INFO -  * Island 1: 8 programs, best=10.0000, avg=10.0000, diversity=180.23, gen=9 (best: eb027012-5613-451e-9f85-58e8566958e9)
2025-08-12 18:25:41,220 - openevolve.database - INFO -    Island 2: 9 programs, best=10.0000, avg=10.0000, diversity=189.73, gen=8 (best: a2e3a690-7cab-4517-ae68-fec731038682)
2025-08-12 18:25:41,566 - openevolve.database - INFO - Saved database with 25 programs to openevolve_output/level1_92_cumsum_exclusive/checkpoints/checkpoint_21
2025-08-12 18:25:41,583 - openevolve.controller - INFO - Saved best program at checkpoint 21 with metrics: compiled=1.0000, correctness=0.0000, score=10.0000, stage=wrong_answer, verify_payload={'id': 'level1_92_cumsum_exclusive', 'result': {'compiled': True, 'correctness': False, 'metadata': {'hardware': 'NVIDIA L20Y', 'device': 'cuda:3', 'runtime_error': 'Traceback (most recent call last):\n  File "/home/lijiaxing/.conda/envs/api/lib/python3.10/site-packages/triton/language/core.py", line 42, in wrapper\n    return fn(*args, **kwargs)\n  File "/home/lijiaxing/.conda/envs/api/lib/python3.10/site-packages/triton/language/core.py", line 2727, in associative_scan\n    return associative_scan((input, ), axis, combine_fn, reverse, _semantic=_semantic, _generator=_generator)[0]\n  File "/home/lijiaxing/.conda/envs/api/lib/python3.10/site-packages/triton/language/core.py", line 42, in wrapper\n    return fn(*args, **kwargs)\n  File "/home/lijiaxing/.conda/envs/api/lib/python3.10/site-packages/triton/language/core.py", line 2747, in associative_scan\n    return _semantic.associative_scan(input, axis, make_combine_region, reverse)\n  File "/home/lijiaxing/.conda/envs/api/lib/python3.10/site-packages/triton/language/semantic.py", line 1685, in associative_scan\n    region_builder_fn(scan_op)\n  File "/home/lijiaxing/.conda/envs/api/lib/python3.10/site-packages/triton/language/core.py", line 2737, in make_combine_region\n    results = _generator.call_JitFunction(combine_fn, args, kwargs={})\nAttributeError: \'function\' object has no attribute \'fn\'\n\nThe above exception was the direct cause of the following exception:\n\nTraceback (most recent call last):\n  File "/cpfs01/shared/llm_kernel/hujiakai/KernelLLM/validation_api_server/helpers/evaluations.py", line 720, in run_and_check_correctness\n    output_new = model_new(*inputs)\n  File "/home/lijiaxing/.conda/envs/api/lib/python3.10/site-packages/torch/nn/modules/module.py", line 1773, in _wrapped_call_impl\n    return self._call_impl(*args, **kwargs)\n  File "/home/lijiaxing/.conda/envs/api/lib/python3.10/site-packages/torch/nn/modules/module.py", line 1784, in _call_impl\n    return forward_call(*args, **kwargs)\n  File "/tmp/tmpm7or5k6n.py", line 40, in forward\n    exclusive_cumsum_kernel[grid](x, output, n_elements, BLOCK_SIZE)\n  File "/home/lijiaxing/.conda/envs/api/lib/python3.10/site-packages/triton/runtime/jit.py", line 390, in <lambda>\n    return lambda *args, **kwargs: self.run(grid=grid, warmup=False, *args, **kwargs)\n  File "/home/lijiaxing/.conda/envs/api/lib/python3.10/site-packages/triton/runtime/jit.py", line 594, in run\n    kernel = self.compile(src, target=target, options=options.__dict__)\n  File "/home/lijiaxing/.conda/envs/api/lib/python3.10/site-packages/triton/compiler/compiler.py", line 339, in compile\n    module = src.make_ir(options, codegen_fns, module_map, context)\n  File "/home/lijiaxing/.conda/envs/api/lib/python3.10/site-packages/triton/compiler/compiler.py", line 83, in make_ir\n    return ast_to_ttir(self.fn, self, context=context, options=options, codegen_fns=codegen_fns,\ntriton.compiler.errors.CompilationError: at 14:16:\n    output_ptr,\n    n_elements,\n    BLOCK_SIZE: tl.constexpr,\n):\n    pid = tl.program_id(0)\n    base = pid * n_elements\n    offsets = base + tl.arange(0, BLOCK_SIZE)\n    mask = tl.arange(0, BLOCK_SIZE) < n_elements\n    x = tl.load(x_ptr + offsets, mask=mask, other=0)\n\n    # Perform parallel prefix sum\n    inclusive = tl.associative_scan(x, 0, tl.add)\n                ^\n\n\nThe above exception was the direct cause of the following exception:\n\nTraceback (most recent call last):\n  File "/home/lijiaxing/.conda/envs/api/lib/python3.10/site-packages/triton/language/core.py", line 42, in wrapper\n    return fn(*args, **kwargs)\n  File "/home/lijiaxing/.conda/envs/api/lib/python3.10/site-packages/triton/language/core.py", line 2727, in associative_scan\n    return associative_scan((input, ), axis, combine_fn, reverse, _semantic=_semantic, _generator=_generator)[0]\n  File "/home/lijiaxing/.conda/envs/api/lib/python3.10/site-packages/triton/language/core.py", line 42, in wrapper\n    return fn(*args, **kwargs)\n  File "/home/lijiaxing/.conda/envs/api/lib/python3.10/site-packages/triton/language/core.py", line 2747, in associative_scan\n    return _semantic.associative_scan(input, axis, make_combine_region, reverse)\n  File "/home/lijiaxing/.conda/envs/api/lib/python3.10/site-packages/triton/language/semantic.py", line 1685, in associative_scan\n    region_builder_fn(scan_op)\n  File "/home/lijiaxing/.conda/envs/api/lib/python3.10/site-packages/triton/language/core.py", line 2737, in make_combine_region\n    results = _generator.call_JitFunction(combine_fn, args, kwargs={})\nAttributeError: \'function\' object has no attribute \'fn\'\n', 'runtime_error_name': 'triton.compiler.errors.CompilationError', 'reference_timing_ms': 0.0377, 'speed_up': -1.0, 'custom_timing': -1.0}, 'runtime': -1.0, 'runtime_stats': {}}}
2025-08-12 18:25:41,583 - openevolve.controller - INFO - Saved checkpoint at iteration 21 to openevolve_output/level1_92_cumsum_exclusive/checkpoints/checkpoint_21
2025-08-12 18:26:41,852 - openevolve.RemoteSpeedupEvaluator - INFO - [level1_92_cumsum_exclusive] triton key words check pass
2025-08-12 18:26:41,853 - openevolve.RemoteSpeedupEvaluator - INFO - [level1_92_cumsum_exclusive] verify_plus payload: reference_code(732 chars) + custom_code(1292 chars)
2025-08-12 18:26:44,840 - openevolve.RemoteSpeedupEvaluator - INFO - [level1_92_cumsum_exclusive] verify_plus request success
2025-08-12 18:26:44,840 - openevolve.RemoteSpeedupEvaluator - INFO - [level1_92_cumsum_exclusive] verify_plus response: {"id":"level1_92_cumsum_exclusive","result":{"compiled":true,"correctness":false,"metadata":{"hardware":"NVIDIA L20Y","device":"cuda:7","correctness_issue":"Output shape mismatch: Expected torch.Size([127, 4001]), got torch.Size([128, 4000])","correctness_issue_name":"correctness_issue","reference_timing_ms":0.0377,"speed_up":-1.0,"custom_timing":-1.0},"runtime":-1.0,"runtime_stats":{}}}
2025-08-12 18:26:44,840 - openevolve.RemoteSpeedupEvaluator - INFO - [level1_92_cumsum_exclusive] âœ˜ wrong_answer
2025-08-12 18:26:44,841 - openevolve.evaluator - INFO - Evaluated program 5dc9f55c-f6d6-43cc-8888-98a9936c2f3d in 2.99s: compiled=1.0000, correctness=0.0000, score=10.0000, stage=wrong_answer, verify_payload={'id': 'level1_92_cumsum_exclusive', 'result': {'compiled': True, 'correctness': False, 'metadata': {'hardware': 'NVIDIA L20Y', 'device': 'cuda:7', 'correctness_issue': 'Output shape mismatch: Expected torch.Size([127, 4001]), got torch.Size([128, 4000])', 'correctness_issue_name': 'correctness_issue', 'reference_timing_ms': 0.0377, 'speed_up': -1.0, 'custom_timing': -1.0}, 'runtime': -1.0, 'runtime_stats': {}}}
2025-08-12 18:26:44,845 - openevolve.llm.ensemble - INFO - Sampled model: deepseek
2025-08-12 18:26:44,845 - openevolve.database - INFO - Population size (26) exceeds limit (25), removing 1 programs
2025-08-12 18:26:44,845 - openevolve.database - INFO - Population size after cleanup: 25
2025-08-12 18:26:44,858 - openevolve.threaded_parallel - INFO - Iteration 27: Program 5dc9f55c-f6d6-43cc-8888-98a9936c2f3d (parent: c3026469-0213-4712-88d9-d661dec90781) completed in 361.83s
2025-08-12 18:26:44,859 - openevolve.threaded_parallel - INFO - Metrics: compiled=1.0000, correctness=0.0000, score=10.0000, stage=wrong_answer, verify_payload={'id': 'level1_92_cumsum_exclusive', 'result': {'compiled': True, 'correctness': False, 'metadata': {'hardware': 'NVIDIA L20Y', 'device': 'cuda:7', 'correctness_issue': 'Output shape mismatch: Expected torch.Size([127, 4001]), got torch.Size([128, 4000])', 'correctness_issue_name': 'correctness_issue', 'reference_timing_ms': 0.0377, 'speed_up': -1.0, 'custom_timing': -1.0}, 'runtime': -1.0, 'runtime_stats': {}}}
2025-08-12 18:26:44,859 - openevolve.threaded_parallel - INFO - Checkpoint interval reached at iteration 27
2025-08-12 18:26:44,859 - openevolve.database - INFO - Island Status:
2025-08-12 18:26:44,859 - openevolve.database - INFO -    Island 0: 9 programs, best=10.0000, avg=10.0000, diversity=230.52, gen=9 (best: c3026469-0213-4712-88d9-d661dec90781)
2025-08-12 18:26:44,859 - openevolve.database - INFO -    Island 1: 9 programs, best=10.0000, avg=10.0000, diversity=169.22, gen=9 (best: eb027012-5613-451e-9f85-58e8566958e9)
2025-08-12 18:26:44,860 - openevolve.database - INFO -  * Island 2: 9 programs, best=10.0000, avg=10.0000, diversity=189.73, gen=9 (best: a2e3a690-7cab-4517-ae68-fec731038682)
2025-08-12 18:26:45,195 - openevolve.database - INFO - Saved database with 25 programs to openevolve_output/level1_92_cumsum_exclusive/checkpoints/checkpoint_27
2025-08-12 18:26:45,210 - openevolve.controller - INFO - Saved best program at checkpoint 27 with metrics: compiled=1.0000, correctness=0.0000, score=10.0000, stage=wrong_answer, verify_payload={'id': 'level1_92_cumsum_exclusive', 'result': {'compiled': True, 'correctness': False, 'metadata': {'hardware': 'NVIDIA L20Y', 'device': 'cuda:3', 'runtime_error': 'Traceback (most recent call last):\n  File "/home/lijiaxing/.conda/envs/api/lib/python3.10/site-packages/triton/language/core.py", line 42, in wrapper\n    return fn(*args, **kwargs)\n  File "/home/lijiaxing/.conda/envs/api/lib/python3.10/site-packages/triton/language/core.py", line 2727, in associative_scan\n    return associative_scan((input, ), axis, combine_fn, reverse, _semantic=_semantic, _generator=_generator)[0]\n  File "/home/lijiaxing/.conda/envs/api/lib/python3.10/site-packages/triton/language/core.py", line 42, in wrapper\n    return fn(*args, **kwargs)\n  File "/home/lijiaxing/.conda/envs/api/lib/python3.10/site-packages/triton/language/core.py", line 2747, in associative_scan\n    return _semantic.associative_scan(input, axis, make_combine_region, reverse)\n  File "/home/lijiaxing/.conda/envs/api/lib/python3.10/site-packages/triton/language/semantic.py", line 1685, in associative_scan\n    region_builder_fn(scan_op)\n  File "/home/lijiaxing/.conda/envs/api/lib/python3.10/site-packages/triton/language/core.py", line 2737, in make_combine_region\n    results = _generator.call_JitFunction(combine_fn, args, kwargs={})\nAttributeError: \'function\' object has no attribute \'fn\'\n\nThe above exception was the direct cause of the following exception:\n\nTraceback (most recent call last):\n  File "/cpfs01/shared/llm_kernel/hujiakai/KernelLLM/validation_api_server/helpers/evaluations.py", line 720, in run_and_check_correctness\n    output_new = model_new(*inputs)\n  File "/home/lijiaxing/.conda/envs/api/lib/python3.10/site-packages/torch/nn/modules/module.py", line 1773, in _wrapped_call_impl\n    return self._call_impl(*args, **kwargs)\n  File "/home/lijiaxing/.conda/envs/api/lib/python3.10/site-packages/torch/nn/modules/module.py", line 1784, in _call_impl\n    return forward_call(*args, **kwargs)\n  File "/tmp/tmpm7or5k6n.py", line 40, in forward\n    exclusive_cumsum_kernel[grid](x, output, n_elements, BLOCK_SIZE)\n  File "/home/lijiaxing/.conda/envs/api/lib/python3.10/site-packages/triton/runtime/jit.py", line 390, in <lambda>\n    return lambda *args, **kwargs: self.run(grid=grid, warmup=False, *args, **kwargs)\n  File "/home/lijiaxing/.conda/envs/api/lib/python3.10/site-packages/triton/runtime/jit.py", line 594, in run\n    kernel = self.compile(src, target=target, options=options.__dict__)\n  File "/home/lijiaxing/.conda/envs/api/lib/python3.10/site-packages/triton/compiler/compiler.py", line 339, in compile\n    module = src.make_ir(options, codegen_fns, module_map, context)\n  File "/home/lijiaxing/.conda/envs/api/lib/python3.10/site-packages/triton/compiler/compiler.py", line 83, in make_ir\n    return ast_to_ttir(self.fn, self, context=context, options=options, codegen_fns=codegen_fns,\ntriton.compiler.errors.CompilationError: at 14:16:\n    output_ptr,\n    n_elements,\n    BLOCK_SIZE: tl.constexpr,\n):\n    pid = tl.program_id(0)\n    base = pid * n_elements\n    offsets = base + tl.arange(0, BLOCK_SIZE)\n    mask = tl.arange(0, BLOCK_SIZE) < n_elements\n    x = tl.load(x_ptr + offsets, mask=mask, other=0)\n\n    # Perform parallel prefix sum\n    inclusive = tl.associative_scan(x, 0, tl.add)\n                ^\n\n\nThe above exception was the direct cause of the following exception:\n\nTraceback (most recent call last):\n  File "/home/lijiaxing/.conda/envs/api/lib/python3.10/site-packages/triton/language/core.py", line 42, in wrapper\n    return fn(*args, **kwargs)\n  File "/home/lijiaxing/.conda/envs/api/lib/python3.10/site-packages/triton/language/core.py", line 2727, in associative_scan\n    return associative_scan((input, ), axis, combine_fn, reverse, _semantic=_semantic, _generator=_generator)[0]\n  File "/home/lijiaxing/.conda/envs/api/lib/python3.10/site-packages/triton/language/core.py", line 42, in wrapper\n    return fn(*args, **kwargs)\n  File "/home/lijiaxing/.conda/envs/api/lib/python3.10/site-packages/triton/language/core.py", line 2747, in associative_scan\n    return _semantic.associative_scan(input, axis, make_combine_region, reverse)\n  File "/home/lijiaxing/.conda/envs/api/lib/python3.10/site-packages/triton/language/semantic.py", line 1685, in associative_scan\n    region_builder_fn(scan_op)\n  File "/home/lijiaxing/.conda/envs/api/lib/python3.10/site-packages/triton/language/core.py", line 2737, in make_combine_region\n    results = _generator.call_JitFunction(combine_fn, args, kwargs={})\nAttributeError: \'function\' object has no attribute \'fn\'\n', 'runtime_error_name': 'triton.compiler.errors.CompilationError', 'reference_timing_ms': 0.0377, 'speed_up': -1.0, 'custom_timing': -1.0}, 'runtime': -1.0, 'runtime_stats': {}}}
2025-08-12 18:26:45,210 - openevolve.controller - INFO - Saved checkpoint at iteration 27 to openevolve_output/level1_92_cumsum_exclusive/checkpoints/checkpoint_27
2025-08-12 18:27:40,644 - openevolve.RemoteSpeedupEvaluator - INFO - [level1_92_cumsum_exclusive] âœ˜ invalid_answer 'import triton' is not found
2025-08-12 18:27:40,645 - openevolve.evaluator - INFO - Evaluated program 407bf7d7-10f2-4dd6-8bf9-cee4a9ee180c in 0.00s: compiled=0.0000, correctness=0.0000, score=-100.0000, stage=no_valid_triton_code, feedback=You need to generate real and valid triton code for the core function. The key word 'import triton' is not found.
2025-08-12 18:27:40,645 - openevolve.database - INFO - New MAP-Elites cell occupied: {'score': -1000, 'complexity': 0}
2025-08-12 18:27:40,646 - openevolve.database - INFO - Population size (26) exceeds limit (25), removing 1 programs
2025-08-12 18:27:40,646 - openevolve.database - INFO - Population size after cleanup: 25
2025-08-12 18:27:40,646 - openevolve.database - INFO - Cleaned up 1 stale island best program references
2025-08-12 18:27:40,652 - openevolve.threaded_parallel - INFO - Iteration 26: Program 407bf7d7-10f2-4dd6-8bf9-cee4a9ee180c (parent: eb027012-5613-451e-9f85-58e8566958e9) completed in 955.77s
2025-08-12 18:27:40,653 - openevolve.threaded_parallel - INFO - Metrics: compiled=0.0000, correctness=0.0000, score=-100.0000, stage=no_valid_triton_code, feedback=You need to generate real and valid triton code for the core function. The key word 'import triton' is not found.
2025-08-12 18:30:46,999 - openevolve.RemoteSpeedupEvaluator - INFO - [level1_92_cumsum_exclusive] triton key words check pass
2025-08-12 18:30:47,001 - openevolve.RemoteSpeedupEvaluator - INFO - [level1_92_cumsum_exclusive] verify_plus payload: reference_code(732 chars) + custom_code(1710 chars)
2025-08-12 18:30:49,991 - openevolve.RemoteSpeedupEvaluator - INFO - [level1_92_cumsum_exclusive] verify_plus request success
2025-08-12 18:30:49,991 - openevolve.RemoteSpeedupEvaluator - INFO - [level1_92_cumsum_exclusive] verify_plus response: {"id":"level1_92_cumsum_exclusive","result":{"compiled":true,"correctness":false,"metadata":{"hardware":"NVIDIA L20Y","device":"cuda:1","correctness_issue":"Output shape mismatch: Expected torch.Size([127, 4001]), got torch.Size([128, 4000])","correctness_issue_name":"correctness_issue","reference_timing_ms":0.0377,"speed_up":-1.0,"custom_timing":-1.0},"runtime":-1.0,"runtime_stats":{}}}
2025-08-12 18:30:49,991 - openevolve.RemoteSpeedupEvaluator - INFO - [level1_92_cumsum_exclusive] âœ˜ wrong_answer
2025-08-12 18:30:49,991 - openevolve.evaluator - INFO - Evaluated program 0197d4ee-6f1a-46f4-af48-0f8f121c4021 in 2.99s: compiled=1.0000, correctness=0.0000, score=10.0000, stage=wrong_answer, verify_payload={'id': 'level1_92_cumsum_exclusive', 'result': {'compiled': True, 'correctness': False, 'metadata': {'hardware': 'NVIDIA L20Y', 'device': 'cuda:1', 'correctness_issue': 'Output shape mismatch: Expected torch.Size([127, 4001]), got torch.Size([128, 4000])', 'correctness_issue_name': 'correctness_issue', 'reference_timing_ms': 0.0377, 'speed_up': -1.0, 'custom_timing': -1.0}, 'runtime': -1.0, 'runtime_stats': {}}}
2025-08-12 18:30:49,995 - openevolve.database - INFO - New MAP-Elites cell occupied: {'score': 9, 'complexity': 6}
2025-08-12 18:30:49,995 - openevolve.database - INFO - Population size (26) exceeds limit (25), removing 1 programs
2025-08-12 18:30:49,995 - openevolve.database - INFO - Population size after cleanup: 25
2025-08-12 18:30:50,004 - openevolve.threaded_parallel - INFO - Iteration 29: Program 0197d4ee-6f1a-46f4-af48-0f8f121c4021 (parent: 09089b68-daf7-4a05-81ec-96af2c393d57) completed in 245.15s
2025-08-12 18:30:50,004 - openevolve.threaded_parallel - INFO - Metrics: compiled=1.0000, correctness=0.0000, score=10.0000, stage=wrong_answer, verify_payload={'id': 'level1_92_cumsum_exclusive', 'result': {'compiled': True, 'correctness': False, 'metadata': {'hardware': 'NVIDIA L20Y', 'device': 'cuda:1', 'correctness_issue': 'Output shape mismatch: Expected torch.Size([127, 4001]), got torch.Size([128, 4000])', 'correctness_issue_name': 'correctness_issue', 'reference_timing_ms': 0.0377, 'speed_up': -1.0, 'custom_timing': -1.0}, 'runtime': -1.0, 'runtime_stats': {}}}
2025-08-12 18:39:44,717 - openevolve.RemoteSpeedupEvaluator - INFO - [level1_92_cumsum_exclusive] triton key words check pass
2025-08-12 18:39:44,719 - openevolve.RemoteSpeedupEvaluator - INFO - [level1_92_cumsum_exclusive] verify_plus payload: reference_code(732 chars) + custom_code(1347 chars)
2025-08-12 18:39:47,793 - openevolve.RemoteSpeedupEvaluator - INFO - [level1_92_cumsum_exclusive] verify_plus request success
2025-08-12 18:39:47,793 - openevolve.RemoteSpeedupEvaluator - INFO - [level1_92_cumsum_exclusive] verify_plus response: {"id":"level1_92_cumsum_exclusive","result":{"compiled":true,"correctness":true,"metadata":{"hardware":"NVIDIA L20Y","device":"cuda:3","correctness_trials":"(5 / 5)","reference_timing_ms":0.0377,"speed_up":0.199,"custom_timing":0.189},"runtime":0.189,"runtime_stats":{"mean":0.189,"std":0.00304,"min":0.187,"max":0.206,"num_trials":100,"hardware":"NVIDIA L20Y","device":"cuda:3"}}}
2025-08-12 18:39:47,793 - openevolve.RemoteSpeedupEvaluator - INFO - [level1_92_cumsum_exclusive] âœ” success | speed_up=0.199  score=20.00
2025-08-12 18:39:47,794 - openevolve.evaluator - INFO - Evaluated program 0c9c6c10-4733-4cf9-9847-1df5d737dbed in 3.08s: compiled=1.0000, correctness=1.0000, stage=success, passed=0.0000, score=20.0000, speed_up=0.1990, runtime_ms=0.1890, meta={'hardware': 'NVIDIA L20Y', 'device': 'cuda:3', 'correctness_trials': '(5 / 5)', 'reference_timing_ms': 0.0377, 'speed_up': 0.199, 'custom_timing': 0.189}
2025-08-12 18:39:47,796 - openevolve.database - INFO - MAP-Elites cell improved: {'score': 9, 'complexity': 1} (fitness: 10.000 -> 20.000)
2025-08-12 18:39:47,796 - openevolve.database - INFO - Population size (26) exceeds limit (25), removing 1 programs
2025-08-12 18:39:47,796 - openevolve.database - INFO - Population size after cleanup: 25
2025-08-12 18:39:47,796 - openevolve.database - INFO - Cleaned up 1 stale island best program references
2025-08-12 18:39:47,796 - openevolve.database - INFO - New best program 0c9c6c10-4733-4cf9-9847-1df5d737dbed replaces c3026469-0213-4712-88d9-d661dec90781
2025-08-12 18:39:47,819 - openevolve.threaded_parallel - INFO - Iteration 28: Program 0c9c6c10-4733-4cf9-9847-1df5d737dbed (parent: eac9e7fa-09a4-47ec-8fd8-a244a77bd274) completed in 846.59s
2025-08-12 18:39:47,819 - openevolve.threaded_parallel - INFO - Metrics: compiled=1.0000, correctness=1.0000, stage=success, passed=0.0000, score=20.0000, speed_up=0.1990, runtime_ms=0.1890, meta={'hardware': 'NVIDIA L20Y', 'device': 'cuda:3', 'correctness_trials': '(5 / 5)', 'reference_timing_ms': 0.0377, 'speed_up': 0.199, 'custom_timing': 0.189}
2025-08-12 18:39:47,819 - openevolve.threaded_parallel - INFO - ðŸŒŸ New best solution found at iteration 28: 0c9c6c10-4733-4cf9-9847-1df5d737dbed
2025-08-12 18:39:47,819 - openevolve.threaded_parallel - INFO - Evolution completed
2025-08-12 18:39:47,828 - openevolve.threaded_parallel - INFO - Stopped thread pool
2025-08-12 18:39:47,828 - openevolve.threaded_parallel - INFO - Stopped improved parallel controller
2025-08-12 18:39:47,828 - openevolve.controller - INFO - Using tracked best program: 0c9c6c10-4733-4cf9-9847-1df5d737dbed
2025-08-12 18:39:47,828 - openevolve.controller - INFO - Evolution complete. Best program has metrics: compiled=1.0000, correctness=1.0000, stage=success, passed=0.0000, score=20.0000, speed_up=0.1990, runtime_ms=0.1890, meta={'hardware': 'NVIDIA L20Y', 'device': 'cuda:3', 'correctness_trials': '(5 / 5)', 'reference_timing_ms': 0.0377, 'speed_up': 0.199, 'custom_timing': 0.189}
2025-08-12 18:39:47,842 - openevolve.controller - INFO - Saved best program to openevolve_output/level1_92_cumsum_exclusive/best/best_program.py with program info to openevolve_output/level1_92_cumsum_exclusive/best/best_program_info.json
2025-08-12 18:39:47,843 - __main__ - INFO - âœ… å®Œæˆ level1_92_cumsum_exclusive
2025-08-12 18:39:47,843 - __main__ - INFO - ======================================================================
2025-08-12 18:39:47,843 - __main__ - INFO - ðŸš€ [5/10] å¼€å§‹ level2_29_Matmul_Mish_Mish
2025-08-12 18:39:47,843 - __main__ - INFO - ======================================================================
2025-08-12 18:39:47,844 - __main__ - INFO - âœ… å®Œæˆ level2_29_Matmul_Mish_Mish
2025-08-12 18:39:47,844 - __main__ - INFO - ======================================================================
2025-08-12 18:39:47,844 - __main__ - INFO - ðŸš€ [6/10] å¼€å§‹ level2_56_Matmul_Sigmoid_Sum
2025-08-12 18:39:47,844 - __main__ - INFO - ======================================================================
2025-08-12 18:39:47,845 - __main__ - INFO - âœ… å®Œæˆ level2_56_Matmul_Sigmoid_Sum
2025-08-12 18:39:47,845 - __main__ - INFO - ======================================================================
2025-08-12 18:39:47,845 - __main__ - INFO - ðŸš€ [7/10] å¼€å§‹ level2_83_Conv3d_GroupNorm_Min_Clamp_Dropout
2025-08-12 18:39:47,845 - __main__ - INFO - ======================================================================
2025-08-12 18:39:47,846 - __main__ - INFO - âœ… å®Œæˆ level2_83_Conv3d_GroupNorm_Min_Clamp_Dropout
2025-08-12 18:39:47,846 - __main__ - INFO - ======================================================================
2025-08-12 18:39:47,846 - __main__ - INFO - ðŸš€ [8/10] å¼€å§‹ level3_20_MobileNetV2
2025-08-12 18:39:47,846 - __main__ - INFO - ======================================================================
2025-08-12 18:39:47,846 - __main__ - INFO - âœ… å®Œæˆ level3_20_MobileNetV2
2025-08-12 18:39:47,846 - __main__ - INFO - ======================================================================
2025-08-12 18:39:47,846 - __main__ - INFO - ðŸš€ [9/10] å¼€å§‹ level3_48_Mamba2ReturnY
2025-08-12 18:39:47,847 - __main__ - INFO - ======================================================================
2025-08-12 18:39:47,894 - openevolve.controller - INFO - Logging to openevolve_output/level3_48_Mamba2ReturnY/logs/openevolve_20250812_183947.log
2025-08-12 18:39:47,894 - openevolve.controller - INFO - Set random seed to 42 for reproducibility
2025-08-12 18:39:47,936 - openevolve.llm.ensemble - INFO - Initialized LLM ensemble with models: deepseek (weight: 0.80), deepseek (weight: 0.20)
2025-08-12 18:39:47,977 - openevolve.llm.ensemble - INFO - Initialized LLM ensemble with models: deepseek (weight: 0.80), deepseek (weight: 0.20)
2025-08-12 18:39:47,977 - openevolve.prompt.sampler - INFO - Set custom templates: system=evaluator_system_message, user=None
2025-08-12 18:39:47,977 - openevolve.database - INFO - Initialized program database with 0 programs
2025-08-12 18:39:48,001 - openevolve.evaluator - INFO - Successfully loaded evaluation function from openevolve_output/level3_48_Mamba2ReturnY/evaluation.py
2025-08-12 18:39:48,001 - openevolve.evaluator - INFO - Initialized evaluator with openevolve_output/level3_48_Mamba2ReturnY/evaluation.py
2025-08-12 18:39:48,001 - openevolve.controller - INFO - Initialized OpenEvolve with /tmp/f008b699cb60e8ea964e5101e294c14b.py
2025-08-12 18:39:48,001 - openevolve.controller - INFO - Adding initial program to database
2025-08-12 18:39:48,002 - openevolve.RemoteSpeedupEvaluator - INFO - [level3_48_Mamba2ReturnY] verify_plus payload: reference_code(3858 chars) + custom_code(3982 chars)
2025-08-12 18:39:50,464 - openevolve.RemoteSpeedupEvaluator - INFO - [level3_48_Mamba2ReturnY] verify_plus request success
2025-08-12 18:39:50,464 - openevolve.RemoteSpeedupEvaluator - INFO - [level3_48_Mamba2ReturnY] verify_plus response: {"id":"level3_48_Mamba2ReturnY","result":{"error":"No module named 'einops'\nTraceback (most recent call last):\n  File \"/cpfs01/shared/llm_kernel/hujiakai/KernelLLM/validation_api_server/evaluator.py\", line 92, in _measure_perf_worker\n    exec(textwrap.dedent(code_src), temp_module.__dict__)\n  File \"<string>\", line 4, in <module>\nModuleNotFoundError: No module named 'einops'\n"}}
2025-08-12 18:39:50,464 - openevolve.evaluator - WARNING - Evaluation attempt 1/4 failed for program b2a4a465-57aa-4ab6-8db3-2f0444f54efc: Error: The reference code is not valid or correct. The verify result is: {'error': 'No module named \'einops\'\nTraceback (most recent call last):\n  File "/cpfs01/shared/llm_kernel/hujiakai/KernelLLM/validation_api_server/evaluator.py", line 92, in _measure_perf_worker\n    exec(textwrap.dedent(code_src), temp_module.__dict__)\n  File "<string>", line 4, in <module>\nModuleNotFoundError: No module named \'einops\'\n'}
2025-08-12 18:39:51,471 - openevolve.RemoteSpeedupEvaluator - INFO - [level3_48_Mamba2ReturnY] verify_plus payload: reference_code(3858 chars) + custom_code(3982 chars)
2025-08-12 18:39:54,145 - openevolve.RemoteSpeedupEvaluator - INFO - [level3_48_Mamba2ReturnY] verify_plus request success
2025-08-12 18:39:54,145 - openevolve.RemoteSpeedupEvaluator - INFO - [level3_48_Mamba2ReturnY] verify_plus response: {"id":"level3_48_Mamba2ReturnY","result":{"error":"No module named 'einops'\nTraceback (most recent call last):\n  File \"/cpfs01/shared/llm_kernel/hujiakai/KernelLLM/validation_api_server/evaluator.py\", line 92, in _measure_perf_worker\n    exec(textwrap.dedent(code_src), temp_module.__dict__)\n  File \"<string>\", line 4, in <module>\nModuleNotFoundError: No module named 'einops'\n"}}
2025-08-12 18:39:54,145 - openevolve.evaluator - WARNING - Evaluation attempt 2/4 failed for program b2a4a465-57aa-4ab6-8db3-2f0444f54efc: Error: The reference code is not valid or correct. The verify result is: {'error': 'No module named \'einops\'\nTraceback (most recent call last):\n  File "/cpfs01/shared/llm_kernel/hujiakai/KernelLLM/validation_api_server/evaluator.py", line 92, in _measure_perf_worker\n    exec(textwrap.dedent(code_src), temp_module.__dict__)\n  File "<string>", line 4, in <module>\nModuleNotFoundError: No module named \'einops\'\n'}
2025-08-12 18:39:55,147 - openevolve.RemoteSpeedupEvaluator - INFO - [level3_48_Mamba2ReturnY] verify_plus payload: reference_code(3858 chars) + custom_code(3982 chars)
2025-08-12 18:39:57,709 - openevolve.RemoteSpeedupEvaluator - INFO - [level3_48_Mamba2ReturnY] verify_plus request success
2025-08-12 18:39:57,709 - openevolve.RemoteSpeedupEvaluator - INFO - [level3_48_Mamba2ReturnY] verify_plus response: {"id":"level3_48_Mamba2ReturnY","result":{"error":"No module named 'einops'\nTraceback (most recent call last):\n  File \"/cpfs01/shared/llm_kernel/hujiakai/KernelLLM/validation_api_server/evaluator.py\", line 92, in _measure_perf_worker\n    exec(textwrap.dedent(code_src), temp_module.__dict__)\n  File \"<string>\", line 4, in <module>\nModuleNotFoundError: No module named 'einops'\n"}}
2025-08-12 18:39:57,710 - openevolve.evaluator - WARNING - Evaluation attempt 3/4 failed for program b2a4a465-57aa-4ab6-8db3-2f0444f54efc: Error: The reference code is not valid or correct. The verify result is: {'error': 'No module named \'einops\'\nTraceback (most recent call last):\n  File "/cpfs01/shared/llm_kernel/hujiakai/KernelLLM/validation_api_server/evaluator.py", line 92, in _measure_perf_worker\n    exec(textwrap.dedent(code_src), temp_module.__dict__)\n  File "<string>", line 4, in <module>\nModuleNotFoundError: No module named \'einops\'\n'}
2025-08-12 18:39:58,712 - openevolve.RemoteSpeedupEvaluator - INFO - [level3_48_Mamba2ReturnY] verify_plus payload: reference_code(3858 chars) + custom_code(3982 chars)
2025-08-12 18:40:02,346 - openevolve.RemoteSpeedupEvaluator - INFO - [level3_48_Mamba2ReturnY] verify_plus request success
2025-08-12 18:40:02,346 - openevolve.RemoteSpeedupEvaluator - INFO - [level3_48_Mamba2ReturnY] verify_plus response: {"id":"level3_48_Mamba2ReturnY","result":{"error":"No module named 'einops'\nTraceback (most recent call last):\n  File \"/cpfs01/shared/llm_kernel/hujiakai/KernelLLM/validation_api_server/evaluator.py\", line 92, in _measure_perf_worker\n    exec(textwrap.dedent(code_src), temp_module.__dict__)\n  File \"<string>\", line 4, in <module>\nModuleNotFoundError: No module named 'einops'\n"}}
2025-08-12 18:40:02,346 - openevolve.evaluator - WARNING - Evaluation attempt 4/4 failed for program b2a4a465-57aa-4ab6-8db3-2f0444f54efc: Error: The reference code is not valid or correct. The verify result is: {'error': 'No module named \'einops\'\nTraceback (most recent call last):\n  File "/cpfs01/shared/llm_kernel/hujiakai/KernelLLM/validation_api_server/evaluator.py", line 92, in _measure_perf_worker\n    exec(textwrap.dedent(code_src), temp_module.__dict__)\n  File "<string>", line 4, in <module>\nModuleNotFoundError: No module named \'einops\'\n'}
2025-08-12 18:40:02,347 - openevolve.evaluator - ERROR - All evaluation attempts failed for program b2a4a465-57aa-4ab6-8db3-2f0444f54efc. Last error: Error: The reference code is not valid or correct. The verify result is: {'error': 'No module named \'einops\'\nTraceback (most recent call last):\n  File "/cpfs01/shared/llm_kernel/hujiakai/KernelLLM/validation_api_server/evaluator.py", line 92, in _measure_perf_worker\n    exec(textwrap.dedent(code_src), temp_module.__dict__)\n  File "<string>", line 4, in <module>\nModuleNotFoundError: No module named \'einops\'\n'}
2025-08-12 18:40:02,347 - __main__ - ERROR - ðŸ’¥ å¤±è´¥ level3_48_Mamba2ReturnY: 'score'
2025-08-12 18:40:02,348 - __main__ - INFO - ======================================================================
2025-08-12 18:40:02,348 - __main__ - INFO - ðŸš€ [10/10] å¼€å§‹ level5_11_mamba2_pytorch
2025-08-12 18:40:02,348 - __main__ - INFO - ======================================================================
2025-08-12 18:40:02,389 - openevolve.controller - INFO - Logging to openevolve_output/level5_11_mamba2_pytorch/logs/openevolve_20250812_184002.log
2025-08-12 18:40:02,389 - openevolve.controller - INFO - Set random seed to 42 for reproducibility
2025-08-12 18:40:02,429 - openevolve.llm.ensemble - INFO - Initialized LLM ensemble with models: deepseek (weight: 0.80), deepseek (weight: 0.20)
2025-08-12 18:40:02,470 - openevolve.llm.ensemble - INFO - Initialized LLM ensemble with models: deepseek (weight: 0.80), deepseek (weight: 0.20)
2025-08-12 18:40:02,470 - openevolve.prompt.sampler - INFO - Set custom templates: system=evaluator_system_message, user=None
2025-08-12 18:40:02,470 - openevolve.database - INFO - Initialized program database with 0 programs
2025-08-12 18:40:02,495 - openevolve.evaluator - INFO - Successfully loaded evaluation function from openevolve_output/level5_11_mamba2_pytorch/evaluation.py
2025-08-12 18:40:02,495 - openevolve.evaluator - INFO - Initialized evaluator with openevolve_output/level5_11_mamba2_pytorch/evaluation.py
2025-08-12 18:40:02,495 - openevolve.controller - INFO - Initialized OpenEvolve with /tmp/8eecf228fe4a29933dccf99db6293a07.py
2025-08-12 18:40:02,495 - openevolve.controller - INFO - Adding initial program to database
2025-08-12 18:40:02,496 - openevolve.RemoteSpeedupEvaluator - INFO - [level5_11_mamba2_pytorch] verify_plus payload: reference_code(5191 chars) + custom_code(5312 chars)
2025-08-12 18:40:05,079 - openevolve.RemoteSpeedupEvaluator - INFO - [level5_11_mamba2_pytorch] verify_plus request success
2025-08-12 18:40:05,080 - openevolve.RemoteSpeedupEvaluator - INFO - [level5_11_mamba2_pytorch] verify_plus response: {"id":"level5_11_mamba2_pytorch","result":{"error":"No module named 'einops'\nTraceback (most recent call last):\n  File \"/cpfs01/shared/llm_kernel/hujiakai/KernelLLM/validation_api_server/evaluator.py\", line 92, in _measure_perf_worker\n    exec(textwrap.dedent(code_src), temp_module.__dict__)\n  File \"<string>\", line 4, in <module>\nModuleNotFoundError: No module named 'einops'\n"}}
2025-08-12 18:40:05,080 - openevolve.evaluator - WARNING - Evaluation attempt 1/4 failed for program 6806f120-34c4-4843-a9f6-d95011a9f018: Error: The reference code is not valid or correct. The verify result is: {'error': 'No module named \'einops\'\nTraceback (most recent call last):\n  File "/cpfs01/shared/llm_kernel/hujiakai/KernelLLM/validation_api_server/evaluator.py", line 92, in _measure_perf_worker\n    exec(textwrap.dedent(code_src), temp_module.__dict__)\n  File "<string>", line 4, in <module>\nModuleNotFoundError: No module named \'einops\'\n'}
2025-08-12 18:40:06,083 - openevolve.RemoteSpeedupEvaluator - INFO - [level5_11_mamba2_pytorch] verify_plus payload: reference_code(5191 chars) + custom_code(5312 chars)
2025-08-12 18:40:08,463 - openevolve.RemoteSpeedupEvaluator - INFO - [level5_11_mamba2_pytorch] verify_plus request success
2025-08-12 18:40:08,464 - openevolve.RemoteSpeedupEvaluator - INFO - [level5_11_mamba2_pytorch] verify_plus response: {"id":"level5_11_mamba2_pytorch","result":{"error":"No module named 'einops'\nTraceback (most recent call last):\n  File \"/cpfs01/shared/llm_kernel/hujiakai/KernelLLM/validation_api_server/evaluator.py\", line 92, in _measure_perf_worker\n    exec(textwrap.dedent(code_src), temp_module.__dict__)\n  File \"<string>\", line 4, in <module>\nModuleNotFoundError: No module named 'einops'\n"}}
2025-08-12 18:40:08,464 - openevolve.evaluator - WARNING - Evaluation attempt 2/4 failed for program 6806f120-34c4-4843-a9f6-d95011a9f018: Error: The reference code is not valid or correct. The verify result is: {'error': 'No module named \'einops\'\nTraceback (most recent call last):\n  File "/cpfs01/shared/llm_kernel/hujiakai/KernelLLM/validation_api_server/evaluator.py", line 92, in _measure_perf_worker\n    exec(textwrap.dedent(code_src), temp_module.__dict__)\n  File "<string>", line 4, in <module>\nModuleNotFoundError: No module named \'einops\'\n'}
2025-08-12 18:40:09,467 - openevolve.RemoteSpeedupEvaluator - INFO - [level5_11_mamba2_pytorch] verify_plus payload: reference_code(5191 chars) + custom_code(5312 chars)
2025-08-12 18:40:11,753 - openevolve.RemoteSpeedupEvaluator - INFO - [level5_11_mamba2_pytorch] verify_plus request success
2025-08-12 18:40:11,753 - openevolve.RemoteSpeedupEvaluator - INFO - [level5_11_mamba2_pytorch] verify_plus response: {"id":"level5_11_mamba2_pytorch","result":{"error":"No module named 'einops'\nTraceback (most recent call last):\n  File \"/cpfs01/shared/llm_kernel/hujiakai/KernelLLM/validation_api_server/evaluator.py\", line 92, in _measure_perf_worker\n    exec(textwrap.dedent(code_src), temp_module.__dict__)\n  File \"<string>\", line 4, in <module>\nModuleNotFoundError: No module named 'einops'\n"}}
2025-08-12 18:40:11,754 - openevolve.evaluator - WARNING - Evaluation attempt 3/4 failed for program 6806f120-34c4-4843-a9f6-d95011a9f018: Error: The reference code is not valid or correct. The verify result is: {'error': 'No module named \'einops\'\nTraceback (most recent call last):\n  File "/cpfs01/shared/llm_kernel/hujiakai/KernelLLM/validation_api_server/evaluator.py", line 92, in _measure_perf_worker\n    exec(textwrap.dedent(code_src), temp_module.__dict__)\n  File "<string>", line 4, in <module>\nModuleNotFoundError: No module named \'einops\'\n'}
2025-08-12 18:40:12,756 - openevolve.RemoteSpeedupEvaluator - INFO - [level5_11_mamba2_pytorch] verify_plus payload: reference_code(5191 chars) + custom_code(5312 chars)
2025-08-12 18:40:15,025 - openevolve.RemoteSpeedupEvaluator - INFO - [level5_11_mamba2_pytorch] verify_plus request success
2025-08-12 18:40:15,026 - openevolve.RemoteSpeedupEvaluator - INFO - [level5_11_mamba2_pytorch] verify_plus response: {"id":"level5_11_mamba2_pytorch","result":{"error":"No module named 'einops'\nTraceback (most recent call last):\n  File \"/cpfs01/shared/llm_kernel/hujiakai/KernelLLM/validation_api_server/evaluator.py\", line 92, in _measure_perf_worker\n    exec(textwrap.dedent(code_src), temp_module.__dict__)\n  File \"<string>\", line 4, in <module>\nModuleNotFoundError: No module named 'einops'\n"}}
2025-08-12 18:40:15,027 - openevolve.evaluator - WARNING - Evaluation attempt 4/4 failed for program 6806f120-34c4-4843-a9f6-d95011a9f018: Error: The reference code is not valid or correct. The verify result is: {'error': 'No module named \'einops\'\nTraceback (most recent call last):\n  File "/cpfs01/shared/llm_kernel/hujiakai/KernelLLM/validation_api_server/evaluator.py", line 92, in _measure_perf_worker\n    exec(textwrap.dedent(code_src), temp_module.__dict__)\n  File "<string>", line 4, in <module>\nModuleNotFoundError: No module named \'einops\'\n'}
2025-08-12 18:40:15,027 - openevolve.evaluator - ERROR - All evaluation attempts failed for program 6806f120-34c4-4843-a9f6-d95011a9f018. Last error: Error: The reference code is not valid or correct. The verify result is: {'error': 'No module named \'einops\'\nTraceback (most recent call last):\n  File "/cpfs01/shared/llm_kernel/hujiakai/KernelLLM/validation_api_server/evaluator.py", line 92, in _measure_perf_worker\n    exec(textwrap.dedent(code_src), temp_module.__dict__)\n  File "<string>", line 4, in <module>\nModuleNotFoundError: No module named \'einops\'\n'}
2025-08-12 18:40:15,028 - __main__ - ERROR - ðŸ’¥ å¤±è´¥ level5_11_mamba2_pytorch: 'score'
2025-08-12 18:40:15,028 - __main__ - INFO - ----------------------------------------------------------------------
2025-08-12 18:40:15,028 - __main__ - INFO - ðŸ“Š è¿›ç¨‹ rank=24 ç»“æŸ | æˆåŠŸ 8 | å¤±è´¥ 2
2025-08-12 18:40:15,028 - __main__ - INFO - ----------------------------------------------------------------------
