2025-08-08 02:37:58,525 - openevolve.controller - INFO - Logging to openevolve_output/level3_31_VisionAttention/logs/openevolve_20250808_023758.log
2025-08-08 02:37:58,525 - openevolve.controller - INFO - Set random seed to 42 for reproducibility
2025-08-08 02:37:58,565 - openevolve.llm.ensemble - INFO - Initialized LLM ensemble with models: deepseek (weight: 0.80), deepseek (weight: 0.20)
2025-08-08 02:37:58,604 - openevolve.llm.ensemble - INFO - Initialized LLM ensemble with models: deepseek (weight: 0.80), deepseek (weight: 0.20)
2025-08-08 02:37:58,604 - openevolve.prompt.sampler - INFO - Set custom templates: system=evaluator_system_message, user=None
2025-08-08 02:37:58,604 - openevolve.database - INFO - Initialized program database with 0 programs
2025-08-08 02:37:58,626 - openevolve.evaluator - INFO - Successfully loaded evaluation function from openevolve_output/level3_31_VisionAttention/evaluation.py
2025-08-08 02:37:58,626 - openevolve.evaluator - INFO - Initialized evaluator with openevolve_output/level3_31_VisionAttention/evaluation.py
2025-08-08 02:37:58,626 - openevolve.controller - INFO - Initialized OpenEvolve with /tmp/0ff82c7c5912cd29c87e4b6109d111fb.py
2025-08-08 02:37:58,626 - openevolve.controller - INFO - Adding initial program to database
2025-08-08 02:37:58,627 - openevolve.RemoteSpeedupEvaluator - INFO - [level3_31_VisionAttention] verify_plus payload: reference_code(1257 chars) + custom_code(1381 chars)
2025-08-08 02:38:09,241 - openevolve.RemoteSpeedupEvaluator - INFO - [level3_31_VisionAttention] verify_plus request success
2025-08-08 02:38:09,241 - openevolve.RemoteSpeedupEvaluator - INFO - [level3_31_VisionAttention] verify_plus response: {"id":"level3_31_VisionAttention","result":{"compiled":true,"correctness":true,"metadata":{"hardware":"NVIDIA L20Y","device":"cuda:6","correctness_trials":"(5 / 5)","reference_timing_ms":0.335,"speed_up":0.016,"custom_timing":21.6},"runtime":21.6,"runtime_stats":{"mean":21.6,"std":0.0531,"min":21.6,"max":22.1,"num_trials":100,"hardware":"NVIDIA L20Y","device":"cuda:6"}}}
2025-08-08 02:38:09,242 - openevolve.evaluator - INFO - Evaluated program abad4dd1-b666-4c3e-84c2-b09a15fa5054 in 10.62s: compiled=1.0000, correctness=1.0000, stage=reference code, passed=0.0000, score=0.0000, speed_up=1.0000, runtime_ms=21.6000, meta={'hardware': 'NVIDIA L20Y', 'device': 'cuda:6', 'correctness_trials': '(5 / 5)', 'reference_timing_ms': 0.335, 'speed_up': 0.016, 'custom_timing': 21.6}
2025-08-08 02:38:09,242 - openevolve.database - INFO - New MAP-Elites cell occupied: {'score': 0, 'complexity': 1}
2025-08-08 02:38:09,257 - openevolve.threaded_parallel - INFO - Initializing threaded evaluation pool with 3 workers
2025-08-08 02:38:09,258 - openevolve.threaded_parallel - INFO - Started thread pool with 3 threads
2025-08-08 02:38:09,259 - openevolve.threaded_parallel - INFO - Started improved parallel controller
2025-08-08 02:38:09,259 - openevolve.controller - INFO - Using island-based evolution with 3 islands
2025-08-08 02:38:09,259 - openevolve.database - INFO - Island Status:
2025-08-08 02:38:09,259 - openevolve.database - INFO -  * Island 0: 1 programs, best=0.0000, avg=0.0000, diversity=0.00, gen=0 (best: abad4dd1-b666-4c3e-84c2-b09a15fa5054)
2025-08-08 02:38:09,259 - openevolve.database - INFO -    Island 1: 0 programs, best=0.0000, avg=0.0000, diversity=0.00, gen=0
2025-08-08 02:38:09,259 - openevolve.database - INFO -    Island 2: 0 programs, best=0.0000, avg=0.0000, diversity=0.00, gen=0
2025-08-08 02:38:09,260 - openevolve.threaded_parallel - INFO - Starting improved parallel evolution from iteration 0 for 30 iterations (total: 30)
2025-08-08 02:38:09,385 - openevolve.llm.ensemble - INFO - Initialized LLM ensemble with models: deepseek (weight: 0.80), deepseek (weight: 0.20)
2025-08-08 02:38:09,389 - openevolve.llm.ensemble - INFO - Initialized LLM ensemble with models: deepseek (weight: 0.80), deepseek (weight: 0.20)
2025-08-08 02:38:09,396 - openevolve.llm.ensemble - INFO - Initialized LLM ensemble with models: deepseek (weight: 0.80), deepseek (weight: 0.20)
2025-08-08 02:38:09,509 - openevolve.llm.ensemble - INFO - Initialized LLM ensemble with models: deepseek (weight: 0.80), deepseek (weight: 0.20)
2025-08-08 02:38:09,509 - openevolve.prompt.sampler - INFO - Set custom templates: system=evaluator_system_message, user=None
2025-08-08 02:38:09,511 - openevolve.evaluator - INFO - Successfully loaded evaluation function from openevolve_output/level3_31_VisionAttention/evaluation.py
2025-08-08 02:38:09,511 - openevolve.evaluator - INFO - Initialized evaluator with openevolve_output/level3_31_VisionAttention/evaluation.py
2025-08-08 02:38:09,513 - openevolve.llm.ensemble - INFO - Sampled model: deepseek
2025-08-08 02:38:09,514 - openevolve.llm.ensemble - INFO - Initialized LLM ensemble with models: deepseek (weight: 0.80), deepseek (weight: 0.20)
2025-08-08 02:38:09,514 - openevolve.prompt.sampler - INFO - Set custom templates: system=evaluator_system_message, user=None
2025-08-08 02:38:09,516 - openevolve.evaluator - INFO - Successfully loaded evaluation function from openevolve_output/level3_31_VisionAttention/evaluation.py
2025-08-08 02:38:09,516 - openevolve.evaluator - INFO - Initialized evaluator with openevolve_output/level3_31_VisionAttention/evaluation.py
2025-08-08 02:38:09,517 - openevolve.llm.ensemble - INFO - Sampled model: deepseek
2025-08-08 02:38:09,518 - openevolve.llm.ensemble - INFO - Initialized LLM ensemble with models: deepseek (weight: 0.80), deepseek (weight: 0.20)
2025-08-08 02:38:09,518 - openevolve.prompt.sampler - INFO - Set custom templates: system=evaluator_system_message, user=None
2025-08-08 02:38:09,520 - openevolve.evaluator - INFO - Successfully loaded evaluation function from openevolve_output/level3_31_VisionAttention/evaluation.py
2025-08-08 02:38:09,520 - openevolve.evaluator - INFO - Initialized evaluator with openevolve_output/level3_31_VisionAttention/evaluation.py
2025-08-08 02:38:09,522 - openevolve.llm.ensemble - INFO - Sampled model: deepseek
2025-08-08 02:48:50,019 - openevolve.RemoteSpeedupEvaluator - INFO - [level3_31_VisionAttention] triton key words check pass
2025-08-08 02:48:50,022 - openevolve.RemoteSpeedupEvaluator - INFO - [level3_31_VisionAttention] verify_plus payload: reference_code(1257 chars) + custom_code(4193 chars)
2025-08-08 02:48:53,579 - openevolve.RemoteSpeedupEvaluator - INFO - [level3_31_VisionAttention] verify_plus request success
2025-08-08 02:48:53,579 - openevolve.RemoteSpeedupEvaluator - INFO - [level3_31_VisionAttention] verify_plus response: {"id":"level3_31_VisionAttention","result":{"compiled":true,"correctness":false,"metadata":{"hardware":"NVIDIA L20Y","device":"cuda:1","max_difference":["6.771070","7.354507","7.481483","8.807193","7.226679"],"avg_difference":["1.129560","1.129993","1.129336","1.128959","1.129563"],"correctness_issue":"Output mismatch","correctness_trials":"(0 / 5)","reference_timing_ms":0.335,"speed_up":-1.0,"custom_timing":-1.0},"runtime":-1.0,"runtime_stats":{}}}
2025-08-08 02:48:53,579 - openevolve.RemoteSpeedupEvaluator - INFO - [level3_31_VisionAttention] âœ˜ wrong_answer
2025-08-08 02:48:53,580 - openevolve.evaluator - INFO - Evaluated program 22cd5b56-9619-4476-b8af-e0d2a3ccbc70 in 3.56s: compiled=1.0000, correctness=0.0000, score=10.0000, stage=wrong_answer, verify_payload={'id': 'level3_31_VisionAttention', 'result': {'compiled': True, 'correctness': False, 'metadata': {'hardware': 'NVIDIA L20Y', 'device': 'cuda:1', 'max_difference': ['6.771070', '7.354507', '7.481483', '8.807193', '7.226679'], 'avg_difference': ['1.129560', '1.129993', '1.129336', '1.128959', '1.129563'], 'correctness_issue': 'Output mismatch', 'correctness_trials': '(0 / 5)', 'reference_timing_ms': 0.335, 'speed_up': -1.0, 'custom_timing': -1.0}, 'runtime': -1.0, 'runtime_stats': {}}}
2025-08-08 02:48:53,583 - openevolve.llm.ensemble - INFO - Sampled model: deepseek
2025-08-08 02:48:53,585 - openevolve.database - INFO - New MAP-Elites cell occupied: {'score': 9, 'complexity': 9}
2025-08-08 02:48:53,585 - openevolve.database - INFO - New best program 22cd5b56-9619-4476-b8af-e0d2a3ccbc70 replaces abad4dd1-b666-4c3e-84c2-b09a15fa5054
2025-08-08 02:48:53,598 - openevolve.threaded_parallel - INFO - Iteration 1: Program 22cd5b56-9619-4476-b8af-e0d2a3ccbc70 (parent: abad4dd1-b666-4c3e-84c2-b09a15fa5054) completed in 644.06s
2025-08-08 02:48:53,598 - openevolve.threaded_parallel - INFO - Metrics: compiled=1.0000, correctness=0.0000, score=10.0000, stage=wrong_answer, verify_payload={'id': 'level3_31_VisionAttention', 'result': {'compiled': True, 'correctness': False, 'metadata': {'hardware': 'NVIDIA L20Y', 'device': 'cuda:1', 'max_difference': ['6.771070', '7.354507', '7.481483', '8.807193', '7.226679'], 'avg_difference': ['1.129560', '1.129993', '1.129336', '1.128959', '1.129563'], 'correctness_issue': 'Output mismatch', 'correctness_trials': '(0 / 5)', 'reference_timing_ms': 0.335, 'speed_up': -1.0, 'custom_timing': -1.0}, 'runtime': -1.0, 'runtime_stats': {}}}
2025-08-08 02:48:53,598 - openevolve.threaded_parallel - INFO - ðŸŒŸ New best solution found at iteration 1: 22cd5b56-9619-4476-b8af-e0d2a3ccbc70
2025-08-08 02:50:18,231 - openevolve.RemoteSpeedupEvaluator - INFO - [level3_31_VisionAttention] triton key words check pass
2025-08-08 02:50:18,233 - openevolve.RemoteSpeedupEvaluator - INFO - [level3_31_VisionAttention] verify_plus payload: reference_code(1257 chars) + custom_code(4152 chars)
2025-08-08 02:50:21,218 - openevolve.RemoteSpeedupEvaluator - INFO - [level3_31_VisionAttention] verify_plus request success
2025-08-08 02:50:21,218 - openevolve.RemoteSpeedupEvaluator - INFO - [level3_31_VisionAttention] verify_plus response: {"id":"level3_31_VisionAttention","result":{"compiled":true,"correctness":false,"metadata":{"hardware":"NVIDIA L20Y","device":"cuda:2","runtime_error":"Traceback (most recent call last):\n  File \"/home/lijiaxing/.conda/envs/api/lib/python3.10/site-packages/triton/language/core.py\", line 42, in wrapper\n    return fn(*args, **kwargs)\n  File \"/home/lijiaxing/.conda/envs/api/lib/python3.10/site-packages/triton/language/core.py\", line 1654, in arange\n    return _semantic.arange(start, end)\n  File \"/home/lijiaxing/.conda/envs/api/lib/python3.10/site-packages/triton/language/semantic.py\", line 574, in arange\n    raise ValueError(\"arange's arguments must be of type tl.constexpr\")\nValueError: arange's arguments must be of type tl.constexpr\n\nThe above exception was the direct cause o
2025-08-08 02:50:21,218 - openevolve.RemoteSpeedupEvaluator - INFO - [level3_31_VisionAttention] âœ˜ wrong_answer
2025-08-08 02:50:21,219 - openevolve.evaluator - INFO - Evaluated program a85b3aec-9e3f-46bb-8e11-6500077b9fd0 in 2.99s: compiled=1.0000, correctness=0.0000, score=10.0000, stage=wrong_answer, verify_payload={'id': 'level3_31_VisionAttention', 'result': {'compiled': True, 'correctness': False, 'metadata': {'hardware': 'NVIDIA L20Y', 'device': 'cuda:2', 'runtime_error': 'Traceback (most recent call last):\n  File "/home/lijiaxing/.conda/envs/api/lib/python3.10/site-packages/triton/language/core.py", line 42, in wrapper\n    return fn(*args, **kwargs)\n  File "/home/lijiaxing/.conda/envs/api/lib/python3.10/site-packages/triton/language/core.py", line 1654, in arange\n    return _semantic.arange(start, end)\n  File "/home/lijiaxing/.conda/envs/api/lib/python3.10/site-packages/triton/language/semantic.py", line 574, in arange\n    raise ValueError("arange\'s arguments must be of type tl.constexpr")\nValueError: arange\'s arguments must be of type tl.constexpr\n\nThe above exception was the direct cause of the following exception:\n\nTraceback (most recent call last):\n  File "/cpfs01/shared/llm_kernel/hujiakai/KernelLLM/validation_api_server/helpers/evaluations.py", line 720, in run_and_check_correctness\n    output_new = model_new(*inputs)\n  File "/home/lijiaxing/.conda/envs/api/lib/python3.10/site-packages/torch/nn/modules/module.py", line 1773, in _wrapped_call_impl\n    return self._call_impl(*args, **kwargs)\n  File "/home/lijiaxing/.conda/envs/api/lib/python3.10/site-packages/torch/nn/modules/module.py", line 1784, in _call_impl\n    return forward_call(*args, **kwargs)\n  File "/tmp/tmpwjeue_og.py", line 90, in forward\n    _attention_kernel[grid](\n  File "/home/lijiaxing/.conda/envs/api/lib/python3.10/site-packages/triton/runtime/jit.py", line 390, in <lambda>\n    return lambda *args, **kwargs: self.run(grid=grid, warmup=False, *args, **kwargs)\n  File "/home/lijiaxing/.conda/envs/api/lib/python3.10/site-packages/triton/runtime/jit.py", line 594, in run\n    kernel = self.compile(src, target=target, options=options.__dict__)\n  File "/home/lijiaxing/.conda/envs/api/lib/python3.10/site-packages/triton/compiler/compiler.py", line 339, in compile\n    module = src.make_ir(options, codegen_fns, module_map, context)\n  File "/home/lijiaxing/.conda/envs/api/lib/python3.10/site-packages/triton/compiler/compiler.py", line 83, in make_ir\n    return ast_to_ttir(self.fn, self, context=context, options=options, codegen_fns=codegen_fns,\ntriton.compiler.errors.CompilationError: at 16:13:\n    stride_vb, stride_vh, stride_vn,\n    stride_ob, stride_oh, stride_om,\n    seq_len, head_dim,\n    BLOCK_M: tl.constexpr, BLOCK_N: tl.constexpr\n):\n    pid_b = tl.program_id(0)\n    pid_h = tl.program_id(1)\n    pid_m = tl.program_id(2)\n\n    offs_m = pid_m * BLOCK_M + tl.arange(0, BLOCK_M)\n    offs_n = tl.arange(0, BLOCK_N)\n    offs_d = tl.arange(0, head_dim)\n             ^\n\n\nThe above exception was the direct cause of the following exception:\n\nTraceback (most recent call last):\n  File "/home/lijiaxing/.conda/envs/api/lib/python3.10/site-packages/triton/language/core.py", line 42, in wrapper\n    return fn(*args, **kwargs)\n  File "/home/lijiaxing/.conda/envs/api/lib/python3.10/site-packages/triton/language/core.py", line 1654, in arange\n    return _semantic.arange(start, end)\n  File "/home/lijiaxing/.conda/envs/api/lib/python3.10/site-packages/triton/language/semantic.py", line 574, in arange\n    raise ValueError("arange\'s arguments must be of type tl.constexpr")\nValueError: arange\'s arguments must be of type tl.constexpr\n', 'runtime_error_name': 'triton.compiler.errors.CompilationError', 'reference_timing_ms': 0.335, 'speed_up': -1.0, 'custom_timing': -1.0}, 'runtime': -1.0, 'runtime_stats': {}}}
2025-08-08 02:50:21,222 - openevolve.llm.ensemble - INFO - Sampled model: deepseek
2025-08-08 02:50:21,241 - openevolve.threaded_parallel - INFO - Iteration 0: Program a85b3aec-9e3f-46bb-8e11-6500077b9fd0 (parent: abad4dd1-b666-4c3e-84c2-b09a15fa5054) completed in 731.71s
2025-08-08 02:50:21,242 - openevolve.threaded_parallel - INFO - Metrics: compiled=1.0000, correctness=0.0000, score=10.0000, stage=wrong_answer, verify_payload={'id': 'level3_31_VisionAttention', 'result': {'compiled': True, 'correctness': False, 'metadata': {'hardware': 'NVIDIA L20Y', 'device': 'cuda:2', 'runtime_error': 'Traceback (most recent call last):\n  File "/home/lijiaxing/.conda/envs/api/lib/python3.10/site-packages/triton/language/core.py", line 42, in wrapper\n    return fn(*args, **kwargs)\n  File "/home/lijiaxing/.conda/envs/api/lib/python3.10/site-packages/triton/language/core.py", line 1654, in arange\n    return _semantic.arange(start, end)\n  File "/home/lijiaxing/.conda/envs/api/lib/python3.10/site-packages/triton/language/semantic.py", line 574, in arange\n    raise ValueError("arange\'s arguments must be of type tl.constexpr")\nValueError: arange\'s arguments must be of type tl.constexpr\n\nThe above exception was the direct cause of the following exception:\n\nTraceback (most recent call last):\n  File "/cpfs01/shared/llm_kernel/hujiakai/KernelLLM/validation_api_server/helpers/evaluations.py", line 720, in run_and_check_correctness\n    output_new = model_new(*inputs)\n  File "/home/lijiaxing/.conda/envs/api/lib/python3.10/site-packages/torch/nn/modules/module.py", line 1773, in _wrapped_call_impl\n    return self._call_impl(*args, **kwargs)\n  File "/home/lijiaxing/.conda/envs/api/lib/python3.10/site-packages/torch/nn/modules/module.py", line 1784, in _call_impl\n    return forward_call(*args, **kwargs)\n  File "/tmp/tmpwjeue_og.py", line 90, in forward\n    _attention_kernel[grid](\n  File "/home/lijiaxing/.conda/envs/api/lib/python3.10/site-packages/triton/runtime/jit.py", line 390, in <lambda>\n    return lambda *args, **kwargs: self.run(grid=grid, warmup=False, *args, **kwargs)\n  File "/home/lijiaxing/.conda/envs/api/lib/python3.10/site-packages/triton/runtime/jit.py", line 594, in run\n    kernel = self.compile(src, target=target, options=options.__dict__)\n  File "/home/lijiaxing/.conda/envs/api/lib/python3.10/site-packages/triton/compiler/compiler.py", line 339, in compile\n    module = src.make_ir(options, codegen_fns, module_map, context)\n  File "/home/lijiaxing/.conda/envs/api/lib/python3.10/site-packages/triton/compiler/compiler.py", line 83, in make_ir\n    return ast_to_ttir(self.fn, self, context=context, options=options, codegen_fns=codegen_fns,\ntriton.compiler.errors.CompilationError: at 16:13:\n    stride_vb, stride_vh, stride_vn,\n    stride_ob, stride_oh, stride_om,\n    seq_len, head_dim,\n    BLOCK_M: tl.constexpr, BLOCK_N: tl.constexpr\n):\n    pid_b = tl.program_id(0)\n    pid_h = tl.program_id(1)\n    pid_m = tl.program_id(2)\n\n    offs_m = pid_m * BLOCK_M + tl.arange(0, BLOCK_M)\n    offs_n = tl.arange(0, BLOCK_N)\n    offs_d = tl.arange(0, head_dim)\n             ^\n\n\nThe above exception was the direct cause of the following exception:\n\nTraceback (most recent call last):\n  File "/home/lijiaxing/.conda/envs/api/lib/python3.10/site-packages/triton/language/core.py", line 42, in wrapper\n    return fn(*args, **kwargs)\n  File "/home/lijiaxing/.conda/envs/api/lib/python3.10/site-packages/triton/language/core.py", line 1654, in arange\n    return _semantic.arange(start, end)\n  File "/home/lijiaxing/.conda/envs/api/lib/python3.10/site-packages/triton/language/semantic.py", line 574, in arange\n    raise ValueError("arange\'s arguments must be of type tl.constexpr")\nValueError: arange\'s arguments must be of type tl.constexpr\n', 'runtime_error_name': 'triton.compiler.errors.CompilationError', 'reference_timing_ms': 0.335, 'speed_up': -1.0, 'custom_timing': -1.0}, 'runtime': -1.0, 'runtime_stats': {}}}
2025-08-08 02:50:21,242 - openevolve.threaded_parallel - INFO - Checkpoint interval reached at iteration 0
2025-08-08 02:50:21,242 - openevolve.database - INFO - Island Status:
2025-08-08 02:50:21,242 - openevolve.database - INFO -  * Island 0: 3 programs, best=10.0000, avg=6.6667, diversity=705.00, gen=2 (best: 22cd5b56-9619-4476-b8af-e0d2a3ccbc70)
2025-08-08 02:50:21,242 - openevolve.database - INFO -    Island 1: 0 programs, best=0.0000, avg=0.0000, diversity=0.00, gen=0
2025-08-08 02:50:21,242 - openevolve.database - INFO -    Island 2: 0 programs, best=0.0000, avg=0.0000, diversity=0.00, gen=0
2025-08-08 02:50:21,283 - openevolve.database - INFO - Saved database with 3 programs to openevolve_output/level3_31_VisionAttention/checkpoints/checkpoint_0
2025-08-08 02:50:21,320 - openevolve.controller - INFO - Saved best program at checkpoint 0 with metrics: compiled=1.0000, correctness=0.0000, score=10.0000, stage=wrong_answer, verify_payload={'id': 'level3_31_VisionAttention', 'result': {'compiled': True, 'correctness': False, 'metadata': {'hardware': 'NVIDIA L20Y', 'device': 'cuda:1', 'max_difference': ['6.771070', '7.354507', '7.481483', '8.807193', '7.226679'], 'avg_difference': ['1.129560', '1.129993', '1.129336', '1.128959', '1.129563'], 'correctness_issue': 'Output mismatch', 'correctness_trials': '(0 / 5)', 'reference_timing_ms': 0.335, 'speed_up': -1.0, 'custom_timing': -1.0}, 'runtime': -1.0, 'runtime_stats': {}}}
2025-08-08 02:50:21,320 - openevolve.controller - INFO - Saved checkpoint at iteration 0 to openevolve_output/level3_31_VisionAttention/checkpoints/checkpoint_0
2025-08-08 02:51:51,152 - openevolve.RemoteSpeedupEvaluator - INFO - [level3_31_VisionAttention] triton key words check pass
2025-08-08 02:51:51,154 - openevolve.RemoteSpeedupEvaluator - INFO - [level3_31_VisionAttention] verify_plus payload: reference_code(1257 chars) + custom_code(3695 chars)
2025-08-08 02:51:54,124 - openevolve.RemoteSpeedupEvaluator - INFO - [level3_31_VisionAttention] verify_plus request success
2025-08-08 02:51:54,124 - openevolve.RemoteSpeedupEvaluator - INFO - [level3_31_VisionAttention] verify_plus response: {"id":"level3_31_VisionAttention","result":{"compiled":true,"correctness":false,"metadata":{"hardware":"NVIDIA L20Y","device":"cuda:1","runtime_error":"Traceback (most recent call last):\n  File \"/cpfs01/shared/llm_kernel/hujiakai/KernelLLM/validation_api_server/helpers/evaluations.py\", line 720, in run_and_check_correctness\n    output_new = model_new(*inputs)\n  File \"/home/lijiaxing/.conda/envs/api/lib/python3.10/site-packages/torch/nn/modules/module.py\", line 1773, in _wrapped_call_impl\n    return self._call_impl(*args, **kwargs)\n  File \"/home/lijiaxing/.conda/envs/api/lib/python3.10/site-packages/torch/nn/modules/module.py\", line 1784, in _call_impl\n    return forward_call(*args, **kwargs)\n  File \"/tmp/tmpitmlyv5v.py\", line 72, in forward\n    attention_kernel[grid](\n  Fi
2025-08-08 02:51:54,125 - openevolve.RemoteSpeedupEvaluator - INFO - [level3_31_VisionAttention] âœ˜ wrong_answer
2025-08-08 02:51:54,125 - openevolve.evaluator - INFO - Evaluated program a94a71b4-b609-4884-b5b4-58effd1f975a in 2.97s: compiled=1.0000, correctness=0.0000, score=10.0000, stage=wrong_answer, verify_payload={'id': 'level3_31_VisionAttention', 'result': {'compiled': True, 'correctness': False, 'metadata': {'hardware': 'NVIDIA L20Y', 'device': 'cuda:1', 'runtime_error': 'Traceback (most recent call last):\n  File "/cpfs01/shared/llm_kernel/hujiakai/KernelLLM/validation_api_server/helpers/evaluations.py", line 720, in run_and_check_correctness\n    output_new = model_new(*inputs)\n  File "/home/lijiaxing/.conda/envs/api/lib/python3.10/site-packages/torch/nn/modules/module.py", line 1773, in _wrapped_call_impl\n    return self._call_impl(*args, **kwargs)\n  File "/home/lijiaxing/.conda/envs/api/lib/python3.10/site-packages/torch/nn/modules/module.py", line 1784, in _call_impl\n    return forward_call(*args, **kwargs)\n  File "/tmp/tmpitmlyv5v.py", line 72, in forward\n    attention_kernel[grid](\n  File "/home/lijiaxing/.conda/envs/api/lib/python3.10/site-packages/triton/runtime/jit.py", line 390, in <lambda>\n    return lambda *args, **kwargs: self.run(grid=grid, warmup=False, *args, **kwargs)\n  File "/home/lijiaxing/.conda/envs/api/lib/python3.10/site-packages/triton/runtime/jit.py", line 594, in run\n    kernel = self.compile(src, target=target, options=options.__dict__)\n  File "/home/lijiaxing/.conda/envs/api/lib/python3.10/site-packages/triton/compiler/compiler.py", line 339, in compile\n    module = src.make_ir(options, codegen_fns, module_map, context)\n  File "/home/lijiaxing/.conda/envs/api/lib/python3.10/site-packages/triton/compiler/compiler.py", line 83, in make_ir\n    return ast_to_ttir(self.fn, self, context=context, options=options, codegen_fns=codegen_fns,\ntriton.compiler.errors.CompilationError: at 29:19:\n\n    q_ptr = Q + pid_b * stride_qb + pid_h * stride_qh + (offs_m[:, None] * stride_qm + offs_d[None, :] * stride_qk)\n    k_ptr = K + pid_b * stride_kb + pid_h * stride_kh + (offs_m[:, None] * stride_km + offs_d[None, :] * stride_kk)\n    v_ptr = V + pid_b * stride_vb + pid_h * stride_vh + (offs_m[:, None] * stride_vm + offs_d[None, :] * stride_vk)\n\n    q = tl.load(q_ptr, mask=mask_m[:, None], other=0.0)\n    k = tl.load(k_ptr, mask=mask_m[:, None], other=0.0)\n    v = tl.load(v_ptr, mask=mask_m[:, None], other=0.0)\n\n    attn_weights = tl.dot(q, tl.trans(k))\n    attn_weights *= 1.0 / tl.sqrt(tl.constexpr(HEAD_DIM * 1.0))\n    attn_weights = tl.softmax(attn_weights, axis=1)\n                   ^\nTypeError("softmax() got an unexpected keyword argument \'axis\'")\n\n\nThe above exception was the direct cause of the following exception:\n\nTraceback (most recent call last):\n  File "/home/lijiaxing/.conda/envs/api/lib/python3.10/inspect.py", line 1517, in getcallargs\n    raise TypeError("%s() got an unexpected keyword argument %r" %\nTypeError: softmax() got an unexpected keyword argument \'axis\'\n', 'runtime_error_name': 'triton.compiler.errors.CompilationError', 'reference_timing_ms': 0.335, 'speed_up': -1.0, 'custom_timing': -1.0}, 'runtime': -1.0, 'runtime_stats': {}}}
2025-08-08 02:51:54,128 - openevolve.database - INFO - New MAP-Elites cell occupied: {'score': 9, 'complexity': 8}
2025-08-08 02:51:54,128 - openevolve.llm.ensemble - INFO - Sampled model: deepseek
2025-08-08 02:51:54,140 - openevolve.threaded_parallel - INFO - Iteration 2: Program a94a71b4-b609-4884-b5b4-58effd1f975a (parent: abad4dd1-b666-4c3e-84c2-b09a15fa5054) completed in 824.60s
2025-08-08 02:51:54,140 - openevolve.threaded_parallel - INFO - Metrics: compiled=1.0000, correctness=0.0000, score=10.0000, stage=wrong_answer, verify_payload={'id': 'level3_31_VisionAttention', 'result': {'compiled': True, 'correctness': False, 'metadata': {'hardware': 'NVIDIA L20Y', 'device': 'cuda:1', 'runtime_error': 'Traceback (most recent call last):\n  File "/cpfs01/shared/llm_kernel/hujiakai/KernelLLM/validation_api_server/helpers/evaluations.py", line 720, in run_and_check_correctness\n    output_new = model_new(*inputs)\n  File "/home/lijiaxing/.conda/envs/api/lib/python3.10/site-packages/torch/nn/modules/module.py", line 1773, in _wrapped_call_impl\n    return self._call_impl(*args, **kwargs)\n  File "/home/lijiaxing/.conda/envs/api/lib/python3.10/site-packages/torch/nn/modules/module.py", line 1784, in _call_impl\n    return forward_call(*args, **kwargs)\n  File "/tmp/tmpitmlyv5v.py", line 72, in forward\n    attention_kernel[grid](\n  File "/home/lijiaxing/.conda/envs/api/lib/python3.10/site-packages/triton/runtime/jit.py", line 390, in <lambda>\n    return lambda *args, **kwargs: self.run(grid=grid, warmup=False, *args, **kwargs)\n  File "/home/lijiaxing/.conda/envs/api/lib/python3.10/site-packages/triton/runtime/jit.py", line 594, in run\n    kernel = self.compile(src, target=target, options=options.__dict__)\n  File "/home/lijiaxing/.conda/envs/api/lib/python3.10/site-packages/triton/compiler/compiler.py", line 339, in compile\n    module = src.make_ir(options, codegen_fns, module_map, context)\n  File "/home/lijiaxing/.conda/envs/api/lib/python3.10/site-packages/triton/compiler/compiler.py", line 83, in make_ir\n    return ast_to_ttir(self.fn, self, context=context, options=options, codegen_fns=codegen_fns,\ntriton.compiler.errors.CompilationError: at 29:19:\n\n    q_ptr = Q + pid_b * stride_qb + pid_h * stride_qh + (offs_m[:, None] * stride_qm + offs_d[None, :] * stride_qk)\n    k_ptr = K + pid_b * stride_kb + pid_h * stride_kh + (offs_m[:, None] * stride_km + offs_d[None, :] * stride_kk)\n    v_ptr = V + pid_b * stride_vb + pid_h * stride_vh + (offs_m[:, None] * stride_vm + offs_d[None, :] * stride_vk)\n\n    q = tl.load(q_ptr, mask=mask_m[:, None], other=0.0)\n    k = tl.load(k_ptr, mask=mask_m[:, None], other=0.0)\n    v = tl.load(v_ptr, mask=mask_m[:, None], other=0.0)\n\n    attn_weights = tl.dot(q, tl.trans(k))\n    attn_weights *= 1.0 / tl.sqrt(tl.constexpr(HEAD_DIM * 1.0))\n    attn_weights = tl.softmax(attn_weights, axis=1)\n                   ^\nTypeError("softmax() got an unexpected keyword argument \'axis\'")\n\n\nThe above exception was the direct cause of the following exception:\n\nTraceback (most recent call last):\n  File "/home/lijiaxing/.conda/envs/api/lib/python3.10/inspect.py", line 1517, in getcallargs\n    raise TypeError("%s() got an unexpected keyword argument %r" %\nTypeError: softmax() got an unexpected keyword argument \'axis\'\n', 'runtime_error_name': 'triton.compiler.errors.CompilationError', 'reference_timing_ms': 0.335, 'speed_up': -1.0, 'custom_timing': -1.0}, 'runtime': -1.0, 'runtime_stats': {}}}
2025-08-08 02:56:53,199 - openevolve.RemoteSpeedupEvaluator - INFO - [level3_31_VisionAttention] triton key words check pass
2025-08-08 02:56:53,201 - openevolve.RemoteSpeedupEvaluator - INFO - [level3_31_VisionAttention] verify_plus payload: reference_code(1257 chars) + custom_code(4214 chars)
2025-08-08 02:56:56,780 - openevolve.RemoteSpeedupEvaluator - INFO - [level3_31_VisionAttention] verify_plus request success
2025-08-08 02:56:56,780 - openevolve.RemoteSpeedupEvaluator - INFO - [level3_31_VisionAttention] verify_plus response: {"id":"level3_31_VisionAttention","result":{"compiled":true,"correctness":false,"metadata":{"hardware":"NVIDIA L20Y","device":"cuda:0","max_difference":["nan","nan","nan","nan","nan"],"avg_difference":["nan","nan","nan","nan","nan"],"correctness_issue":"Output mismatch","correctness_trials":"(0 / 5)","reference_timing_ms":0.335,"speed_up":-1.0,"custom_timing":-1.0},"runtime":-1.0,"runtime_stats":{}}}
2025-08-08 02:56:56,780 - openevolve.RemoteSpeedupEvaluator - INFO - [level3_31_VisionAttention] âœ˜ wrong_answer
2025-08-08 02:56:56,780 - openevolve.evaluator - INFO - Evaluated program 14db758b-d238-487f-84f7-230fc607dc91 in 3.58s: compiled=1.0000, correctness=0.0000, score=10.0000, stage=wrong_answer, verify_payload={'id': 'level3_31_VisionAttention', 'result': {'compiled': True, 'correctness': False, 'metadata': {'hardware': 'NVIDIA L20Y', 'device': 'cuda:0', 'max_difference': ['nan', 'nan', 'nan', 'nan', 'nan'], 'avg_difference': ['nan', 'nan', 'nan', 'nan', 'nan'], 'correctness_issue': 'Output mismatch', 'correctness_trials': '(0 / 5)', 'reference_timing_ms': 0.335, 'speed_up': -1.0, 'custom_timing': -1.0}, 'runtime': -1.0, 'runtime_stats': {}}}
2025-08-08 02:56:56,784 - openevolve.llm.ensemble - INFO - Sampled model: deepseek
2025-08-08 02:56:56,803 - openevolve.threaded_parallel - INFO - Iteration 5: Program 14db758b-d238-487f-84f7-230fc607dc91 (parent: a85b3aec-9e3f-46bb-8e11-6500077b9fd0) completed in 302.65s
2025-08-08 02:56:56,803 - openevolve.threaded_parallel - INFO - Metrics: compiled=1.0000, correctness=0.0000, score=10.0000, stage=wrong_answer, verify_payload={'id': 'level3_31_VisionAttention', 'result': {'compiled': True, 'correctness': False, 'metadata': {'hardware': 'NVIDIA L20Y', 'device': 'cuda:0', 'max_difference': ['nan', 'nan', 'nan', 'nan', 'nan'], 'avg_difference': ['nan', 'nan', 'nan', 'nan', 'nan'], 'correctness_issue': 'Output mismatch', 'correctness_trials': '(0 / 5)', 'reference_timing_ms': 0.335, 'speed_up': -1.0, 'custom_timing': -1.0}, 'runtime': -1.0, 'runtime_stats': {}}}
2025-08-08 02:58:10,223 - openevolve.RemoteSpeedupEvaluator - INFO - [level3_31_VisionAttention] triton key words check pass
2025-08-08 02:58:10,225 - openevolve.RemoteSpeedupEvaluator - INFO - [level3_31_VisionAttention] verify_plus payload: reference_code(1257 chars) + custom_code(4570 chars)
2025-08-08 02:58:13,675 - openevolve.RemoteSpeedupEvaluator - INFO - [level3_31_VisionAttention] verify_plus request success
2025-08-08 02:58:13,675 - openevolve.RemoteSpeedupEvaluator - INFO - [level3_31_VisionAttention] verify_plus response: {"id":"level3_31_VisionAttention","result":{"compiled":true,"correctness":false,"metadata":{"hardware":"NVIDIA L20Y","device":"cuda:5","max_difference":["0.341329","0.281027","0.323904","0.325999","0.298916"],"avg_difference":["0.064148","0.062220","0.066247","0.062522","0.064222"],"correctness_issue":"Output mismatch","correctness_trials":"(0 / 5)","reference_timing_ms":0.335,"speed_up":-1.0,"custom_timing":-1.0},"runtime":-1.0,"runtime_stats":{}}}
2025-08-08 02:58:13,675 - openevolve.RemoteSpeedupEvaluator - INFO - [level3_31_VisionAttention] âœ˜ wrong_answer
2025-08-08 02:58:13,676 - openevolve.evaluator - INFO - Evaluated program 84650fb9-934c-420e-a859-c671c42808b9 in 3.45s: compiled=1.0000, correctness=0.0000, score=10.0000, stage=wrong_answer, verify_payload={'id': 'level3_31_VisionAttention', 'result': {'compiled': True, 'correctness': False, 'metadata': {'hardware': 'NVIDIA L20Y', 'device': 'cuda:5', 'max_difference': ['0.341329', '0.281027', '0.323904', '0.325999', '0.298916'], 'avg_difference': ['0.064148', '0.062220', '0.066247', '0.062522', '0.064222'], 'correctness_issue': 'Output mismatch', 'correctness_trials': '(0 / 5)', 'reference_timing_ms': 0.335, 'speed_up': -1.0, 'custom_timing': -1.0}, 'runtime': -1.0, 'runtime_stats': {}}}
2025-08-08 02:58:13,679 - openevolve.llm.ensemble - INFO - Sampled model: deepseek
2025-08-08 02:58:13,693 - openevolve.threaded_parallel - INFO - Iteration 4: Program 84650fb9-934c-420e-a859-c671c42808b9 (parent: abad4dd1-b666-4c3e-84c2-b09a15fa5054) completed in 472.45s
2025-08-08 02:58:13,694 - openevolve.threaded_parallel - INFO - Metrics: compiled=1.0000, correctness=0.0000, score=10.0000, stage=wrong_answer, verify_payload={'id': 'level3_31_VisionAttention', 'result': {'compiled': True, 'correctness': False, 'metadata': {'hardware': 'NVIDIA L20Y', 'device': 'cuda:5', 'max_difference': ['0.341329', '0.281027', '0.323904', '0.325999', '0.298916'], 'avg_difference': ['0.064148', '0.062220', '0.066247', '0.062522', '0.064222'], 'correctness_issue': 'Output mismatch', 'correctness_trials': '(0 / 5)', 'reference_timing_ms': 0.335, 'speed_up': -1.0, 'custom_timing': -1.0}, 'runtime': -1.0, 'runtime_stats': {}}}
2025-08-08 02:58:54,674 - openevolve.RemoteSpeedupEvaluator - INFO - [level3_31_VisionAttention] triton key words check pass
2025-08-08 02:58:54,676 - openevolve.RemoteSpeedupEvaluator - INFO - [level3_31_VisionAttention] verify_plus payload: reference_code(1257 chars) + custom_code(4564 chars)
2025-08-08 02:58:59,519 - openevolve.RemoteSpeedupEvaluator - INFO - [level3_31_VisionAttention] verify_plus request success
2025-08-08 02:58:59,520 - openevolve.RemoteSpeedupEvaluator - INFO - [level3_31_VisionAttention] verify_plus response: {"id":"level3_31_VisionAttention","result":{"compiled":true,"correctness":false,"metadata":{"hardware":"NVIDIA L20Y","device":"cuda:6","runtime_error":"Traceback (most recent call last):\n  File \"/cpfs01/shared/llm_kernel/hujiakai/KernelLLM/validation_api_server/helpers/evaluations.py\", line 720, in run_and_check_correctness\n    output_new = model_new(*inputs)\n  File \"/home/lijiaxing/.conda/envs/api/lib/python3.10/site-packages/torch/nn/modules/module.py\", line 1773, in _wrapped_call_impl\n    return self._call_impl(*args, **kwargs)\n  File \"/home/lijiaxing/.conda/envs/api/lib/python3.10/site-packages/torch/nn/modules/module.py\", line 1784, in _call_impl\n    return forward_call(*args, **kwargs)\n  File \"/tmp/tmpl5iw39a5.py\", line 98, in forward\n    _attn_kernel[grid](\n  File \
2025-08-08 02:58:59,520 - openevolve.RemoteSpeedupEvaluator - INFO - [level3_31_VisionAttention] âœ˜ wrong_answer
2025-08-08 02:58:59,520 - openevolve.evaluator - INFO - Evaluated program 4d7eeecf-416e-4cce-9a0e-f4a5ee1bad07 in 4.85s: compiled=1.0000, correctness=0.0000, score=10.0000, stage=wrong_answer, verify_payload={'id': 'level3_31_VisionAttention', 'result': {'compiled': True, 'correctness': False, 'metadata': {'hardware': 'NVIDIA L20Y', 'device': 'cuda:6', 'runtime_error': 'Traceback (most recent call last):\n  File "/cpfs01/shared/llm_kernel/hujiakai/KernelLLM/validation_api_server/helpers/evaluations.py", line 720, in run_and_check_correctness\n    output_new = model_new(*inputs)\n  File "/home/lijiaxing/.conda/envs/api/lib/python3.10/site-packages/torch/nn/modules/module.py", line 1773, in _wrapped_call_impl\n    return self._call_impl(*args, **kwargs)\n  File "/home/lijiaxing/.conda/envs/api/lib/python3.10/site-packages/torch/nn/modules/module.py", line 1784, in _call_impl\n    return forward_call(*args, **kwargs)\n  File "/tmp/tmpl5iw39a5.py", line 98, in forward\n    _attn_kernel[grid](\n  File "/home/lijiaxing/.conda/envs/api/lib/python3.10/site-packages/triton/runtime/jit.py", line 390, in <lambda>\n    return lambda *args, **kwargs: self.run(grid=grid, warmup=False, *args, **kwargs)\n  File "/home/lijiaxing/.conda/envs/api/lib/python3.10/site-packages/triton/runtime/jit.py", line 594, in run\n    kernel = self.compile(src, target=target, options=options.__dict__)\n  File "/home/lijiaxing/.conda/envs/api/lib/python3.10/site-packages/triton/compiler/compiler.py", line 339, in compile\n    module = src.make_ir(options, codegen_fns, module_map, context)\n  File "/home/lijiaxing/.conda/envs/api/lib/python3.10/site-packages/triton/compiler/compiler.py", line 83, in make_ir\n    return ast_to_ttir(self.fn, self, context=context, options=options, codegen_fns=codegen_fns,\ntriton.compiler.errors.CompilationError: at 41:27:\n        k = tl.load(k_ptr, mask=offs_n[:, None] < seq_len, other=0.0)\n\n        # Load V block\n        v_ptr = V + pid_b * stride_vb + pid_h * stride_vh + (offs_n[:, None] * stride_vn + offs_e[None, :])\n        v = tl.load(v_ptr, mask=offs_n[:, None] < seq_len, other=0.0)\n\n        # Load Q block\n        q = tl.load(q_ptr, mask=offs_m[:, None] < seq_len, other=0.0)\n\n        # Compute QK^T\n        s = tl.dot(q, tl.trans(k))\n        s *= 1.0 / tl.sqrt(tl.float32(E))\n                           ^\nTypeError("\'dtype\' object is not callable")\n\n\nThe above exception was the direct cause of the following exception:\n\nTypeError: \'dtype\' object is not callable\n', 'runtime_error_name': 'triton.compiler.errors.CompilationError', 'reference_timing_ms': 0.335, 'speed_up': -1.0, 'custom_timing': -1.0}, 'runtime': -1.0, 'runtime_stats': {}}}
2025-08-08 02:58:59,525 - openevolve.llm.ensemble - INFO - Sampled model: deepseek
2025-08-08 02:58:59,541 - openevolve.threaded_parallel - INFO - Iteration 3: Program 4d7eeecf-416e-4cce-9a0e-f4a5ee1bad07 (parent: abad4dd1-b666-4c3e-84c2-b09a15fa5054) completed in 605.94s
2025-08-08 02:58:59,541 - openevolve.threaded_parallel - INFO - Metrics: compiled=1.0000, correctness=0.0000, score=10.0000, stage=wrong_answer, verify_payload={'id': 'level3_31_VisionAttention', 'result': {'compiled': True, 'correctness': False, 'metadata': {'hardware': 'NVIDIA L20Y', 'device': 'cuda:6', 'runtime_error': 'Traceback (most recent call last):\n  File "/cpfs01/shared/llm_kernel/hujiakai/KernelLLM/validation_api_server/helpers/evaluations.py", line 720, in run_and_check_correctness\n    output_new = model_new(*inputs)\n  File "/home/lijiaxing/.conda/envs/api/lib/python3.10/site-packages/torch/nn/modules/module.py", line 1773, in _wrapped_call_impl\n    return self._call_impl(*args, **kwargs)\n  File "/home/lijiaxing/.conda/envs/api/lib/python3.10/site-packages/torch/nn/modules/module.py", line 1784, in _call_impl\n    return forward_call(*args, **kwargs)\n  File "/tmp/tmpl5iw39a5.py", line 98, in forward\n    _attn_kernel[grid](\n  File "/home/lijiaxing/.conda/envs/api/lib/python3.10/site-packages/triton/runtime/jit.py", line 390, in <lambda>\n    return lambda *args, **kwargs: self.run(grid=grid, warmup=False, *args, **kwargs)\n  File "/home/lijiaxing/.conda/envs/api/lib/python3.10/site-packages/triton/runtime/jit.py", line 594, in run\n    kernel = self.compile(src, target=target, options=options.__dict__)\n  File "/home/lijiaxing/.conda/envs/api/lib/python3.10/site-packages/triton/compiler/compiler.py", line 339, in compile\n    module = src.make_ir(options, codegen_fns, module_map, context)\n  File "/home/lijiaxing/.conda/envs/api/lib/python3.10/site-packages/triton/compiler/compiler.py", line 83, in make_ir\n    return ast_to_ttir(self.fn, self, context=context, options=options, codegen_fns=codegen_fns,\ntriton.compiler.errors.CompilationError: at 41:27:\n        k = tl.load(k_ptr, mask=offs_n[:, None] < seq_len, other=0.0)\n\n        # Load V block\n        v_ptr = V + pid_b * stride_vb + pid_h * stride_vh + (offs_n[:, None] * stride_vn + offs_e[None, :])\n        v = tl.load(v_ptr, mask=offs_n[:, None] < seq_len, other=0.0)\n\n        # Load Q block\n        q = tl.load(q_ptr, mask=offs_m[:, None] < seq_len, other=0.0)\n\n        # Compute QK^T\n        s = tl.dot(q, tl.trans(k))\n        s *= 1.0 / tl.sqrt(tl.float32(E))\n                           ^\nTypeError("\'dtype\' object is not callable")\n\n\nThe above exception was the direct cause of the following exception:\n\nTypeError: \'dtype\' object is not callable\n', 'runtime_error_name': 'triton.compiler.errors.CompilationError', 'reference_timing_ms': 0.335, 'speed_up': -1.0, 'custom_timing': -1.0}, 'runtime': -1.0, 'runtime_stats': {}}}
2025-08-08 02:58:59,541 - openevolve.threaded_parallel - INFO - Checkpoint interval reached at iteration 3
2025-08-08 02:58:59,542 - openevolve.database - INFO - Island Status:
2025-08-08 02:58:59,542 - openevolve.database - INFO -    Island 0: 5 programs, best=10.0000, avg=8.0000, diversity=319.77, gen=3 (best: 22cd5b56-9619-4476-b8af-e0d2a3ccbc70)
2025-08-08 02:58:59,542 - openevolve.database - INFO -  * Island 1: 2 programs, best=10.0000, avg=10.0000, diversity=14.10, gen=2 (best: 14db758b-d238-487f-84f7-230fc607dc91)
2025-08-08 02:58:59,542 - openevolve.database - INFO -    Island 2: 1 programs, best=10.0000, avg=10.0000, diversity=0.00, gen=1 (best: 84650fb9-934c-420e-a859-c671c42808b9)
2025-08-08 02:58:59,626 - openevolve.database - INFO - Saved database with 7 programs to openevolve_output/level3_31_VisionAttention/checkpoints/checkpoint_3
2025-08-08 02:58:59,668 - openevolve.controller - INFO - Saved best program at checkpoint 3 with metrics: compiled=1.0000, correctness=0.0000, score=10.0000, stage=wrong_answer, verify_payload={'id': 'level3_31_VisionAttention', 'result': {'compiled': True, 'correctness': False, 'metadata': {'hardware': 'NVIDIA L20Y', 'device': 'cuda:1', 'max_difference': ['6.771070', '7.354507', '7.481483', '8.807193', '7.226679'], 'avg_difference': ['1.129560', '1.129993', '1.129336', '1.128959', '1.129563'], 'correctness_issue': 'Output mismatch', 'correctness_trials': '(0 / 5)', 'reference_timing_ms': 0.335, 'speed_up': -1.0, 'custom_timing': -1.0}, 'runtime': -1.0, 'runtime_stats': {}}}
2025-08-08 02:58:59,668 - openevolve.controller - INFO - Saved checkpoint at iteration 3 to openevolve_output/level3_31_VisionAttention/checkpoints/checkpoint_3
2025-08-08 03:02:19,035 - openevolve.RemoteSpeedupEvaluator - INFO - [level3_31_VisionAttention] âœ˜ invalid_answer 'import triton' is not found
2025-08-08 03:02:19,037 - openevolve.evaluator - INFO - Evaluated program 47f4e1df-41c8-4e5b-a76e-46256b0a7f38 in 0.00s: compiled=0.0000, correctness=0.0000, score=-100.0000, stage=no_valid_triton_code, feedback=You need to generate real and valid triton code for the core function. The key word 'import triton' is not found.
2025-08-08 03:02:19,040 - openevolve.llm.ensemble - INFO - Sampled model: deepseek
2025-08-08 03:02:19,044 - openevolve.database - INFO - New MAP-Elites cell occupied: {'score': -1000, 'complexity': 0}
2025-08-08 03:02:19,051 - openevolve.threaded_parallel - INFO - Iteration 6: Program 47f4e1df-41c8-4e5b-a76e-46256b0a7f38 (parent: 22cd5b56-9619-4476-b8af-e0d2a3ccbc70) completed in 322.25s
2025-08-08 03:02:19,051 - openevolve.threaded_parallel - INFO - Metrics: compiled=0.0000, correctness=0.0000, score=-100.0000, stage=no_valid_triton_code, feedback=You need to generate real and valid triton code for the core function. The key word 'import triton' is not found.
2025-08-08 03:02:19,052 - openevolve.threaded_parallel - INFO - Checkpoint interval reached at iteration 6
2025-08-08 03:02:19,053 - openevolve.database - INFO - Island Status:
2025-08-08 03:02:19,053 - openevolve.database - INFO -    Island 0: 5 programs, best=10.0000, avg=8.0000, diversity=319.77, gen=3 (best: 22cd5b56-9619-4476-b8af-e0d2a3ccbc70)
2025-08-08 03:02:19,053 - openevolve.database - INFO -    Island 1: 3 programs, best=10.0000, avg=-26.6667, diversity=1096.07, gen=2 (best: 14db758b-d238-487f-84f7-230fc607dc91)
2025-08-08 03:02:19,053 - openevolve.database - INFO -  * Island 2: 1 programs, best=10.0000, avg=10.0000, diversity=0.00, gen=2 (best: 84650fb9-934c-420e-a859-c671c42808b9)
2025-08-08 03:02:19,139 - openevolve.database - INFO - Saved database with 8 programs to openevolve_output/level3_31_VisionAttention/checkpoints/checkpoint_6
2025-08-08 03:02:19,154 - openevolve.controller - INFO - Saved best program at checkpoint 6 with metrics: compiled=1.0000, correctness=0.0000, score=10.0000, stage=wrong_answer, verify_payload={'id': 'level3_31_VisionAttention', 'result': {'compiled': True, 'correctness': False, 'metadata': {'hardware': 'NVIDIA L20Y', 'device': 'cuda:1', 'max_difference': ['6.771070', '7.354507', '7.481483', '8.807193', '7.226679'], 'avg_difference': ['1.129560', '1.129993', '1.129336', '1.128959', '1.129563'], 'correctness_issue': 'Output mismatch', 'correctness_trials': '(0 / 5)', 'reference_timing_ms': 0.335, 'speed_up': -1.0, 'custom_timing': -1.0}, 'runtime': -1.0, 'runtime_stats': {}}}
2025-08-08 03:02:19,155 - openevolve.controller - INFO - Saved checkpoint at iteration 6 to openevolve_output/level3_31_VisionAttention/checkpoints/checkpoint_6
2025-08-08 03:09:43,705 - openevolve.RemoteSpeedupEvaluator - INFO - [level3_31_VisionAttention] triton key words check pass
2025-08-08 03:09:43,707 - openevolve.RemoteSpeedupEvaluator - INFO - [level3_31_VisionAttention] verify_plus payload: reference_code(1257 chars) + custom_code(4473 chars)
2025-08-08 03:09:45,392 - openevolve.RemoteSpeedupEvaluator - INFO - [level3_31_VisionAttention] triton key words check pass
2025-08-08 03:09:45,392 - openevolve.RemoteSpeedupEvaluator - INFO - [level3_31_VisionAttention] verify_plus payload: reference_code(1257 chars) + custom_code(5153 chars)
2025-08-08 03:09:47,599 - openevolve.RemoteSpeedupEvaluator - INFO - [level3_31_VisionAttention] verify_plus request success
2025-08-08 03:09:47,599 - openevolve.RemoteSpeedupEvaluator - INFO - [level3_31_VisionAttention] verify_plus response: {"id":"level3_31_VisionAttention","result":{"compiled":true,"correctness":false,"metadata":{"hardware":"NVIDIA L20Y","device":"cuda:3","max_difference":["nan","nan","nan","nan","nan"],"avg_difference":["nan","nan","nan","nan","nan"],"correctness_issue":"Output mismatch","correctness_trials":"(0 / 5)","reference_timing_ms":0.335,"speed_up":-1.0,"custom_timing":-1.0},"runtime":-1.0,"runtime_stats":{}}}
2025-08-08 03:09:47,599 - openevolve.RemoteSpeedupEvaluator - INFO - [level3_31_VisionAttention] âœ˜ wrong_answer
2025-08-08 03:09:47,600 - openevolve.evaluator - INFO - Evaluated program b8ac4098-c3ab-4370-bec8-4cd0faf4bb97 in 3.90s: compiled=1.0000, correctness=0.0000, score=10.0000, stage=wrong_answer, verify_payload={'id': 'level3_31_VisionAttention', 'result': {'compiled': True, 'correctness': False, 'metadata': {'hardware': 'NVIDIA L20Y', 'device': 'cuda:3', 'max_difference': ['nan', 'nan', 'nan', 'nan', 'nan'], 'avg_difference': ['nan', 'nan', 'nan', 'nan', 'nan'], 'correctness_issue': 'Output mismatch', 'correctness_trials': '(0 / 5)', 'reference_timing_ms': 0.335, 'speed_up': -1.0, 'custom_timing': -1.0}, 'runtime': -1.0, 'runtime_stats': {}}}
2025-08-08 03:09:47,602 - openevolve.llm.ensemble - INFO - Sampled model: deepseek
2025-08-08 03:09:47,615 - openevolve.threaded_parallel - INFO - Iteration 8: Program b8ac4098-c3ab-4370-bec8-4cd0faf4bb97 (parent: a85b3aec-9e3f-46bb-8e11-6500077b9fd0) completed in 648.07s
2025-08-08 03:09:47,615 - openevolve.threaded_parallel - INFO - Metrics: compiled=1.0000, correctness=0.0000, score=10.0000, stage=wrong_answer, verify_payload={'id': 'level3_31_VisionAttention', 'result': {'compiled': True, 'correctness': False, 'metadata': {'hardware': 'NVIDIA L20Y', 'device': 'cuda:3', 'max_difference': ['nan', 'nan', 'nan', 'nan', 'nan'], 'avg_difference': ['nan', 'nan', 'nan', 'nan', 'nan'], 'correctness_issue': 'Output mismatch', 'correctness_trials': '(0 / 5)', 'reference_timing_ms': 0.335, 'speed_up': -1.0, 'custom_timing': -1.0}, 'runtime': -1.0, 'runtime_stats': {}}}
2025-08-08 03:09:48,872 - openevolve.RemoteSpeedupEvaluator - INFO - [level3_31_VisionAttention] verify_plus request success
2025-08-08 03:09:48,872 - openevolve.RemoteSpeedupEvaluator - INFO - [level3_31_VisionAttention] verify_plus response: {"id":"level3_31_VisionAttention","result":{"compiled":true,"correctness":false,"metadata":{"hardware":"NVIDIA L20Y","device":"cuda:4","max_difference":["6.869098","7.314764","7.408036","8.816509","7.283052"],"avg_difference":["1.129559","1.130014","1.129334","1.128960","1.129562"],"correctness_issue":"Output mismatch","correctness_trials":"(0 / 5)","reference_timing_ms":0.335,"speed_up":-1.0,"custom_timing":-1.0},"runtime":-1.0,"runtime_stats":{}}}
2025-08-08 03:09:48,872 - openevolve.RemoteSpeedupEvaluator - INFO - [level3_31_VisionAttention] âœ˜ wrong_answer
2025-08-08 03:09:48,872 - openevolve.evaluator - INFO - Evaluated program cf24098c-f18b-42f7-8750-bdad49a6c629 in 3.48s: compiled=1.0000, correctness=0.0000, score=10.0000, stage=wrong_answer, verify_payload={'id': 'level3_31_VisionAttention', 'result': {'compiled': True, 'correctness': False, 'metadata': {'hardware': 'NVIDIA L20Y', 'device': 'cuda:4', 'max_difference': ['6.869098', '7.314764', '7.408036', '8.816509', '7.283052'], 'avg_difference': ['1.129559', '1.130014', '1.129334', '1.128960', '1.129562'], 'correctness_issue': 'Output mismatch', 'correctness_trials': '(0 / 5)', 'reference_timing_ms': 0.335, 'speed_up': -1.0, 'custom_timing': -1.0}, 'runtime': -1.0, 'runtime_stats': {}}}
2025-08-08 03:09:48,876 - openevolve.llm.ensemble - INFO - Sampled model: deepseek
2025-08-08 03:09:48,886 - openevolve.threaded_parallel - INFO - Iteration 7: Program cf24098c-f18b-42f7-8750-bdad49a6c629 (parent: 22cd5b56-9619-4476-b8af-e0d2a3ccbc70) completed in 695.19s
2025-08-08 03:09:48,886 - openevolve.threaded_parallel - INFO - Metrics: compiled=1.0000, correctness=0.0000, score=10.0000, stage=wrong_answer, verify_payload={'id': 'level3_31_VisionAttention', 'result': {'compiled': True, 'correctness': False, 'metadata': {'hardware': 'NVIDIA L20Y', 'device': 'cuda:4', 'max_difference': ['6.869098', '7.314764', '7.408036', '8.816509', '7.283052'], 'avg_difference': ['1.129559', '1.130014', '1.129334', '1.128960', '1.129562'], 'correctness_issue': 'Output mismatch', 'correctness_trials': '(0 / 5)', 'reference_timing_ms': 0.335, 'speed_up': -1.0, 'custom_timing': -1.0}, 'runtime': -1.0, 'runtime_stats': {}}}
2025-08-08 03:16:03,936 - openevolve.RemoteSpeedupEvaluator - INFO - [level3_31_VisionAttention] triton key words check pass
2025-08-08 03:16:03,938 - openevolve.RemoteSpeedupEvaluator - INFO - [level3_31_VisionAttention] verify_plus payload: reference_code(1257 chars) + custom_code(4989 chars)
2025-08-08 03:16:07,418 - openevolve.RemoteSpeedupEvaluator - INFO - [level3_31_VisionAttention] verify_plus request success
2025-08-08 03:16:07,418 - openevolve.RemoteSpeedupEvaluator - INFO - [level3_31_VisionAttention] verify_plus response: {"id":"level3_31_VisionAttention","result":{"compiled":true,"correctness":false,"metadata":{"hardware":"NVIDIA L20Y","device":"cuda:3","max_difference":["0.239875","0.248529","0.243042","0.270659","0.238869"],"avg_difference":["0.056436","0.056714","0.056102","0.056261","0.055625"],"correctness_issue":"Output mismatch","correctness_trials":"(0 / 5)","reference_timing_ms":0.335,"speed_up":-1.0,"custom_timing":-1.0},"runtime":-1.0,"runtime_stats":{}}}
2025-08-08 03:16:07,419 - openevolve.RemoteSpeedupEvaluator - INFO - [level3_31_VisionAttention] âœ˜ wrong_answer
2025-08-08 03:16:07,419 - openevolve.evaluator - INFO - Evaluated program 80731692-b305-4fe3-abfe-4b1f2c0a62f5 in 3.48s: compiled=1.0000, correctness=0.0000, score=10.0000, stage=wrong_answer, verify_payload={'id': 'level3_31_VisionAttention', 'result': {'compiled': True, 'correctness': False, 'metadata': {'hardware': 'NVIDIA L20Y', 'device': 'cuda:3', 'max_difference': ['0.239875', '0.248529', '0.243042', '0.270659', '0.238869'], 'avg_difference': ['0.056436', '0.056714', '0.056102', '0.056261', '0.055625'], 'correctness_issue': 'Output mismatch', 'correctness_trials': '(0 / 5)', 'reference_timing_ms': 0.335, 'speed_up': -1.0, 'custom_timing': -1.0}, 'runtime': -1.0, 'runtime_stats': {}}}
2025-08-08 03:16:07,422 - openevolve.llm.ensemble - INFO - Sampled model: deepseek
2025-08-08 03:16:07,434 - openevolve.threaded_parallel - INFO - Iteration 9: Program 80731692-b305-4fe3-abfe-4b1f2c0a62f5 (parent: 14db758b-d238-487f-84f7-230fc607dc91) completed in 828.38s
2025-08-08 03:16:07,434 - openevolve.threaded_parallel - INFO - Metrics: compiled=1.0000, correctness=0.0000, score=10.0000, stage=wrong_answer, verify_payload={'id': 'level3_31_VisionAttention', 'result': {'compiled': True, 'correctness': False, 'metadata': {'hardware': 'NVIDIA L20Y', 'device': 'cuda:3', 'max_difference': ['0.239875', '0.248529', '0.243042', '0.270659', '0.238869'], 'avg_difference': ['0.056436', '0.056714', '0.056102', '0.056261', '0.055625'], 'correctness_issue': 'Output mismatch', 'correctness_trials': '(0 / 5)', 'reference_timing_ms': 0.335, 'speed_up': -1.0, 'custom_timing': -1.0}, 'runtime': -1.0, 'runtime_stats': {}}}
2025-08-08 03:16:07,434 - openevolve.threaded_parallel - INFO - Checkpoint interval reached at iteration 9
2025-08-08 03:16:07,436 - openevolve.database - INFO - Island Status:
2025-08-08 03:16:07,436 - openevolve.database - INFO -    Island 0: 6 programs, best=10.0000, avg=8.3333, diversity=319.77, gen=4 (best: 22cd5b56-9619-4476-b8af-e0d2a3ccbc70)
2025-08-08 03:16:07,436 - openevolve.database - INFO -    Island 1: 4 programs, best=10.0000, avg=-17.5000, diversity=968.48, gen=3 (best: 14db758b-d238-487f-84f7-230fc607dc91)
2025-08-08 03:16:07,436 - openevolve.database - INFO -  * Island 2: 2 programs, best=10.0000, avg=10.0000, diversity=71.70, gen=3 (best: 84650fb9-934c-420e-a859-c671c42808b9)
2025-08-08 03:16:07,561 - openevolve.database - INFO - Saved database with 11 programs to openevolve_output/level3_31_VisionAttention/checkpoints/checkpoint_9
2025-08-08 03:16:07,577 - openevolve.controller - INFO - Saved best program at checkpoint 9 with metrics: compiled=1.0000, correctness=0.0000, score=10.0000, stage=wrong_answer, verify_payload={'id': 'level3_31_VisionAttention', 'result': {'compiled': True, 'correctness': False, 'metadata': {'hardware': 'NVIDIA L20Y', 'device': 'cuda:1', 'max_difference': ['6.771070', '7.354507', '7.481483', '8.807193', '7.226679'], 'avg_difference': ['1.129560', '1.129993', '1.129336', '1.128959', '1.129563'], 'correctness_issue': 'Output mismatch', 'correctness_trials': '(0 / 5)', 'reference_timing_ms': 0.335, 'speed_up': -1.0, 'custom_timing': -1.0}, 'runtime': -1.0, 'runtime_stats': {}}}
2025-08-08 03:16:07,578 - openevolve.controller - INFO - Saved checkpoint at iteration 9 to openevolve_output/level3_31_VisionAttention/checkpoints/checkpoint_9
2025-08-08 03:17:56,586 - openevolve.RemoteSpeedupEvaluator - INFO - [level3_31_VisionAttention] âœ˜ invalid_answer 'import triton' is not found
2025-08-08 03:17:56,588 - openevolve.evaluator - INFO - Evaluated program 9823b09d-2be2-4a67-b904-3aa031b1fb63 in 0.00s: compiled=0.0000, correctness=0.0000, score=-100.0000, stage=no_valid_triton_code, feedback=You need to generate real and valid triton code for the core function. The key word 'import triton' is not found.
2025-08-08 03:17:56,589 - openevolve.database - INFO - New MAP-Elites cell occupied: {'score': -1000, 'complexity': 4}
2025-08-08 03:17:56,590 - openevolve.llm.ensemble - INFO - Sampled model: deepseek
2025-08-08 03:17:56,601 - openevolve.threaded_parallel - INFO - Iteration 11: Program 9823b09d-2be2-4a67-b904-3aa031b1fb63 (parent: 4d7eeecf-416e-4cce-9a0e-f4a5ee1bad07) completed in 487.71s
2025-08-08 03:17:56,602 - openevolve.threaded_parallel - INFO - Metrics: compiled=0.0000, correctness=0.0000, score=-100.0000, stage=no_valid_triton_code, feedback=You need to generate real and valid triton code for the core function. The key word 'import triton' is not found.
2025-08-08 03:22:58,977 - openevolve.RemoteSpeedupEvaluator - INFO - [level3_31_VisionAttention] triton key words check pass
2025-08-08 03:22:58,979 - openevolve.RemoteSpeedupEvaluator - INFO - [level3_31_VisionAttention] verify_plus payload: reference_code(1257 chars) + custom_code(4870 chars)
2025-08-08 03:23:02,512 - openevolve.RemoteSpeedupEvaluator - INFO - [level3_31_VisionAttention] verify_plus request success
2025-08-08 03:23:02,512 - openevolve.RemoteSpeedupEvaluator - INFO - [level3_31_VisionAttention] verify_plus response: {"id":"level3_31_VisionAttention","result":{"compiled":true,"correctness":false,"metadata":{"hardware":"NVIDIA L20Y","device":"cuda:3","max_difference":["0.238592","0.247373","0.242118","0.270904","0.239257"],"avg_difference":["0.056394","0.056733","0.056066","0.056213","0.055577"],"correctness_issue":"Output mismatch","correctness_trials":"(0 / 5)","reference_timing_ms":0.335,"speed_up":-1.0,"custom_timing":-1.0},"runtime":-1.0,"runtime_stats":{}}}
2025-08-08 03:23:02,513 - openevolve.RemoteSpeedupEvaluator - INFO - [level3_31_VisionAttention] âœ˜ wrong_answer
2025-08-08 03:23:02,513 - openevolve.evaluator - INFO - Evaluated program 411b71a9-1e1a-46de-953c-966cd844051d in 3.56s: compiled=1.0000, correctness=0.0000, score=10.0000, stage=wrong_answer, verify_payload={'id': 'level3_31_VisionAttention', 'result': {'compiled': True, 'correctness': False, 'metadata': {'hardware': 'NVIDIA L20Y', 'device': 'cuda:3', 'max_difference': ['0.238592', '0.247373', '0.242118', '0.270904', '0.239257'], 'avg_difference': ['0.056394', '0.056733', '0.056066', '0.056213', '0.055577'], 'correctness_issue': 'Output mismatch', 'correctness_trials': '(0 / 5)', 'reference_timing_ms': 0.335, 'speed_up': -1.0, 'custom_timing': -1.0}, 'runtime': -1.0, 'runtime_stats': {}}}
2025-08-08 03:23:02,518 - openevolve.llm.ensemble - INFO - Sampled model: deepseek
2025-08-08 03:23:02,544 - openevolve.threaded_parallel - INFO - Iteration 10: Program 411b71a9-1e1a-46de-953c-966cd844051d (parent: 84650fb9-934c-420e-a859-c671c42808b9) completed in 794.91s
2025-08-08 03:23:02,544 - openevolve.threaded_parallel - INFO - Metrics: compiled=1.0000, correctness=0.0000, score=10.0000, stage=wrong_answer, verify_payload={'id': 'level3_31_VisionAttention', 'result': {'compiled': True, 'correctness': False, 'metadata': {'hardware': 'NVIDIA L20Y', 'device': 'cuda:3', 'max_difference': ['0.238592', '0.247373', '0.242118', '0.270904', '0.239257'], 'avg_difference': ['0.056394', '0.056733', '0.056066', '0.056213', '0.055577'], 'correctness_issue': 'Output mismatch', 'correctness_trials': '(0 / 5)', 'reference_timing_ms': 0.335, 'speed_up': -1.0, 'custom_timing': -1.0}, 'runtime': -1.0, 'runtime_stats': {}}}
2025-08-08 03:23:08,192 - openevolve.RemoteSpeedupEvaluator - INFO - [level3_31_VisionAttention] âœ˜ invalid_answer 'import triton' is not found
2025-08-08 03:23:08,192 - openevolve.evaluator - INFO - Evaluated program dcd88c3d-7394-49b6-972c-3ee93fb6c4e2 in 0.00s: compiled=0.0000, correctness=0.0000, score=-100.0000, stage=no_valid_triton_code, feedback=You need to generate real and valid triton code for the core function. The key word 'import triton' is not found.
2025-08-08 03:23:08,195 - openevolve.llm.ensemble - INFO - Sampled model: deepseek
2025-08-08 03:23:08,196 - openevolve.database - INFO - New MAP-Elites cell occupied: {'score': -1000, 'complexity': 5}
2025-08-08 03:23:08,209 - openevolve.threaded_parallel - INFO - Iteration 12: Program dcd88c3d-7394-49b6-972c-3ee93fb6c4e2 (parent: 22cd5b56-9619-4476-b8af-e0d2a3ccbc70) completed in 420.77s
2025-08-08 03:23:08,209 - openevolve.threaded_parallel - INFO - Metrics: compiled=0.0000, correctness=0.0000, score=-100.0000, stage=no_valid_triton_code, feedback=You need to generate real and valid triton code for the core function. The key word 'import triton' is not found.
2025-08-08 03:23:08,209 - openevolve.threaded_parallel - INFO - Checkpoint interval reached at iteration 12
2025-08-08 03:23:08,211 - openevolve.database - INFO - Island Status:
2025-08-08 03:23:08,211 - openevolve.database - INFO -    Island 0: 7 programs, best=10.0000, avg=8.5714, diversity=159.18, gen=5 (best: 22cd5b56-9619-4476-b8af-e0d2a3ccbc70)
2025-08-08 03:23:08,211 - openevolve.database - INFO -    Island 1: 5 programs, best=10.0000, avg=-34.0000, diversity=738.27, gen=4 (best: 14db758b-d238-487f-84f7-230fc607dc91)
2025-08-08 03:23:08,211 - openevolve.database - INFO -  * Island 2: 3 programs, best=10.0000, avg=-26.6667, diversity=595.27, gen=4 (best: 84650fb9-934c-420e-a859-c671c42808b9)
2025-08-08 03:23:08,423 - openevolve.database - INFO - Saved database with 14 programs to openevolve_output/level3_31_VisionAttention/checkpoints/checkpoint_12
2025-08-08 03:23:08,466 - openevolve.controller - INFO - Saved best program at checkpoint 12 with metrics: compiled=1.0000, correctness=0.0000, score=10.0000, stage=wrong_answer, verify_payload={'id': 'level3_31_VisionAttention', 'result': {'compiled': True, 'correctness': False, 'metadata': {'hardware': 'NVIDIA L20Y', 'device': 'cuda:1', 'max_difference': ['6.771070', '7.354507', '7.481483', '8.807193', '7.226679'], 'avg_difference': ['1.129560', '1.129993', '1.129336', '1.128959', '1.129563'], 'correctness_issue': 'Output mismatch', 'correctness_trials': '(0 / 5)', 'reference_timing_ms': 0.335, 'speed_up': -1.0, 'custom_timing': -1.0}, 'runtime': -1.0, 'runtime_stats': {}}}
2025-08-08 03:23:08,466 - openevolve.controller - INFO - Saved checkpoint at iteration 12 to openevolve_output/level3_31_VisionAttention/checkpoints/checkpoint_12
2025-08-08 03:30:41,961 - openevolve.RemoteSpeedupEvaluator - INFO - [level3_31_VisionAttention] triton key words check pass
2025-08-08 03:30:41,963 - openevolve.RemoteSpeedupEvaluator - INFO - [level3_31_VisionAttention] verify_plus payload: reference_code(1257 chars) + custom_code(5081 chars)
2025-08-08 03:30:45,453 - openevolve.RemoteSpeedupEvaluator - INFO - [level3_31_VisionAttention] verify_plus request success
2025-08-08 03:30:45,453 - openevolve.RemoteSpeedupEvaluator - INFO - [level3_31_VisionAttention] verify_plus response: {"id":"level3_31_VisionAttention","result":{"compiled":true,"correctness":false,"metadata":{"hardware":"NVIDIA L20Y","device":"cuda:5","max_difference":["0.239875","0.248529","0.243042","0.270659","0.238869"],"avg_difference":["0.056436","0.056714","0.056102","0.056261","0.055625"],"correctness_issue":"Output mismatch","correctness_trials":"(0 / 5)","reference_timing_ms":0.335,"speed_up":-1.0,"custom_timing":-1.0},"runtime":-1.0,"runtime_stats":{}}}
2025-08-08 03:30:45,453 - openevolve.RemoteSpeedupEvaluator - INFO - [level3_31_VisionAttention] âœ˜ wrong_answer
2025-08-08 03:30:45,454 - openevolve.evaluator - INFO - Evaluated program 0aad2a1b-1c82-4cc5-b3cb-9b5822d9c235 in 3.49s: compiled=1.0000, correctness=0.0000, score=10.0000, stage=wrong_answer, verify_payload={'id': 'level3_31_VisionAttention', 'result': {'compiled': True, 'correctness': False, 'metadata': {'hardware': 'NVIDIA L20Y', 'device': 'cuda:5', 'max_difference': ['0.239875', '0.248529', '0.243042', '0.270659', '0.238869'], 'avg_difference': ['0.056436', '0.056714', '0.056102', '0.056261', '0.055625'], 'correctness_issue': 'Output mismatch', 'correctness_trials': '(0 / 5)', 'reference_timing_ms': 0.335, 'speed_up': -1.0, 'custom_timing': -1.0}, 'runtime': -1.0, 'runtime_stats': {}}}
2025-08-08 03:30:45,458 - openevolve.llm.ensemble - INFO - Sampled model: deepseek
2025-08-08 03:30:45,474 - openevolve.threaded_parallel - INFO - Iteration 15: Program 0aad2a1b-1c82-4cc5-b3cb-9b5822d9c235 (parent: 80731692-b305-4fe3-abfe-4b1f2c0a62f5) completed in 457.26s
2025-08-08 03:30:45,475 - openevolve.threaded_parallel - INFO - Metrics: compiled=1.0000, correctness=0.0000, score=10.0000, stage=wrong_answer, verify_payload={'id': 'level3_31_VisionAttention', 'result': {'compiled': True, 'correctness': False, 'metadata': {'hardware': 'NVIDIA L20Y', 'device': 'cuda:5', 'max_difference': ['0.239875', '0.248529', '0.243042', '0.270659', '0.238869'], 'avg_difference': ['0.056436', '0.056714', '0.056102', '0.056261', '0.055625'], 'correctness_issue': 'Output mismatch', 'correctness_trials': '(0 / 5)', 'reference_timing_ms': 0.335, 'speed_up': -1.0, 'custom_timing': -1.0}, 'runtime': -1.0, 'runtime_stats': {}}}
2025-08-08 03:30:45,475 - openevolve.threaded_parallel - INFO - Checkpoint interval reached at iteration 15
2025-08-08 03:30:45,476 - openevolve.database - INFO - Island Status:
2025-08-08 03:30:45,476 - openevolve.database - INFO -  * Island 0: 7 programs, best=10.0000, avg=8.5714, diversity=159.18, gen=6 (best: 22cd5b56-9619-4476-b8af-e0d2a3ccbc70)
2025-08-08 03:30:45,476 - openevolve.database - INFO -    Island 1: 5 programs, best=10.0000, avg=-34.0000, diversity=738.27, gen=4 (best: 14db758b-d238-487f-84f7-230fc607dc91)
2025-08-08 03:30:45,477 - openevolve.database - INFO -    Island 2: 4 programs, best=10.0000, avg=-17.5000, diversity=584.20, gen=4 (best: 84650fb9-934c-420e-a859-c671c42808b9)
2025-08-08 03:30:45,649 - openevolve.database - INFO - Saved database with 15 programs to openevolve_output/level3_31_VisionAttention/checkpoints/checkpoint_15
2025-08-08 03:30:45,664 - openevolve.controller - INFO - Saved best program at checkpoint 15 with metrics: compiled=1.0000, correctness=0.0000, score=10.0000, stage=wrong_answer, verify_payload={'id': 'level3_31_VisionAttention', 'result': {'compiled': True, 'correctness': False, 'metadata': {'hardware': 'NVIDIA L20Y', 'device': 'cuda:1', 'max_difference': ['6.771070', '7.354507', '7.481483', '8.807193', '7.226679'], 'avg_difference': ['1.129560', '1.129993', '1.129336', '1.128959', '1.129563'], 'correctness_issue': 'Output mismatch', 'correctness_trials': '(0 / 5)', 'reference_timing_ms': 0.335, 'speed_up': -1.0, 'custom_timing': -1.0}, 'runtime': -1.0, 'runtime_stats': {}}}
2025-08-08 03:30:45,664 - openevolve.controller - INFO - Saved checkpoint at iteration 15 to openevolve_output/level3_31_VisionAttention/checkpoints/checkpoint_15
2025-08-08 03:32:06,643 - openevolve.RemoteSpeedupEvaluator - INFO - [level3_31_VisionAttention] triton key words check pass
2025-08-08 03:32:06,644 - openevolve.RemoteSpeedupEvaluator - INFO - [level3_31_VisionAttention] verify_plus payload: reference_code(1257 chars) + custom_code(4785 chars)
2025-08-08 03:32:10,180 - openevolve.RemoteSpeedupEvaluator - INFO - [level3_31_VisionAttention] verify_plus request success
2025-08-08 03:32:10,181 - openevolve.RemoteSpeedupEvaluator - INFO - [level3_31_VisionAttention] verify_plus response: {"id":"level3_31_VisionAttention","result":{"compiled":true,"correctness":false,"metadata":{"hardware":"NVIDIA L20Y","device":"cuda:3","max_difference":["0.238592","0.247373","0.242119","0.270904","0.239257"],"avg_difference":["0.056394","0.056733","0.056066","0.056213","0.055577"],"correctness_issue":"Output mismatch","correctness_trials":"(0 / 5)","reference_timing_ms":0.335,"speed_up":-1.0,"custom_timing":-1.0},"runtime":-1.0,"runtime_stats":{}}}
2025-08-08 03:32:10,181 - openevolve.RemoteSpeedupEvaluator - INFO - [level3_31_VisionAttention] âœ˜ wrong_answer
2025-08-08 03:32:10,182 - openevolve.evaluator - INFO - Evaluated program 0248a1d4-925f-4b9d-9ac7-177d684b52c6 in 3.54s: compiled=1.0000, correctness=0.0000, score=10.0000, stage=wrong_answer, verify_payload={'id': 'level3_31_VisionAttention', 'result': {'compiled': True, 'correctness': False, 'metadata': {'hardware': 'NVIDIA L20Y', 'device': 'cuda:3', 'max_difference': ['0.238592', '0.247373', '0.242119', '0.270904', '0.239257'], 'avg_difference': ['0.056394', '0.056733', '0.056066', '0.056213', '0.055577'], 'correctness_issue': 'Output mismatch', 'correctness_trials': '(0 / 5)', 'reference_timing_ms': 0.335, 'speed_up': -1.0, 'custom_timing': -1.0}, 'runtime': -1.0, 'runtime_stats': {}}}
2025-08-08 03:32:10,188 - openevolve.llm.ensemble - INFO - Sampled model: deepseek
2025-08-08 03:32:10,203 - openevolve.threaded_parallel - INFO - Iteration 13: Program 0248a1d4-925f-4b9d-9ac7-177d684b52c6 (parent: b8ac4098-c3ab-4370-bec8-4cd0faf4bb97) completed in 853.59s
2025-08-08 03:32:10,203 - openevolve.threaded_parallel - INFO - Metrics: compiled=1.0000, correctness=0.0000, score=10.0000, stage=wrong_answer, verify_payload={'id': 'level3_31_VisionAttention', 'result': {'compiled': True, 'correctness': False, 'metadata': {'hardware': 'NVIDIA L20Y', 'device': 'cuda:3', 'max_difference': ['0.238592', '0.247373', '0.242119', '0.270904', '0.239257'], 'avg_difference': ['0.056394', '0.056733', '0.056066', '0.056213', '0.055577'], 'correctness_issue': 'Output mismatch', 'correctness_trials': '(0 / 5)', 'reference_timing_ms': 0.335, 'speed_up': -1.0, 'custom_timing': -1.0}, 'runtime': -1.0, 'runtime_stats': {}}}
2025-08-08 03:34:03,796 - openevolve.RemoteSpeedupEvaluator - INFO - [level3_31_VisionAttention] triton key words check pass
2025-08-08 03:34:03,798 - openevolve.RemoteSpeedupEvaluator - INFO - [level3_31_VisionAttention] verify_plus payload: reference_code(1257 chars) + custom_code(4684 chars)
2025-08-08 03:34:07,440 - openevolve.RemoteSpeedupEvaluator - INFO - [level3_31_VisionAttention] verify_plus request success
2025-08-08 03:34:07,441 - openevolve.RemoteSpeedupEvaluator - INFO - [level3_31_VisionAttention] verify_plus response: {"id":"level3_31_VisionAttention","result":{"compiled":true,"correctness":false,"metadata":{"hardware":"NVIDIA L20Y","device":"cuda:0","max_difference":["0.238592","0.247373","0.242118","0.270904","0.239257"],"avg_difference":["0.056394","0.056733","0.056066","0.056213","0.055577"],"correctness_issue":"Output mismatch","correctness_trials":"(0 / 5)","reference_timing_ms":0.335,"speed_up":-1.0,"custom_timing":-1.0},"runtime":-1.0,"runtime_stats":{}}}
2025-08-08 03:34:07,441 - openevolve.RemoteSpeedupEvaluator - INFO - [level3_31_VisionAttention] âœ˜ wrong_answer
2025-08-08 03:34:07,441 - openevolve.evaluator - INFO - Evaluated program 7b135d22-c056-4cc8-b534-d2216a8c065b in 3.65s: compiled=1.0000, correctness=0.0000, score=10.0000, stage=wrong_answer, verify_payload={'id': 'level3_31_VisionAttention', 'result': {'compiled': True, 'correctness': False, 'metadata': {'hardware': 'NVIDIA L20Y', 'device': 'cuda:0', 'max_difference': ['0.238592', '0.247373', '0.242118', '0.270904', '0.239257'], 'avg_difference': ['0.056394', '0.056733', '0.056066', '0.056213', '0.055577'], 'correctness_issue': 'Output mismatch', 'correctness_trials': '(0 / 5)', 'reference_timing_ms': 0.335, 'speed_up': -1.0, 'custom_timing': -1.0}, 'runtime': -1.0, 'runtime_stats': {}}}
2025-08-08 03:34:07,446 - openevolve.llm.ensemble - INFO - Sampled model: deepseek
2025-08-08 03:34:07,460 - openevolve.threaded_parallel - INFO - Iteration 14: Program 7b135d22-c056-4cc8-b534-d2216a8c065b (parent: a94a71b4-b609-4884-b5b4-58effd1f975a) completed in 664.92s
2025-08-08 03:34:07,460 - openevolve.threaded_parallel - INFO - Metrics: compiled=1.0000, correctness=0.0000, score=10.0000, stage=wrong_answer, verify_payload={'id': 'level3_31_VisionAttention', 'result': {'compiled': True, 'correctness': False, 'metadata': {'hardware': 'NVIDIA L20Y', 'device': 'cuda:0', 'max_difference': ['0.238592', '0.247373', '0.242118', '0.270904', '0.239257'], 'avg_difference': ['0.056394', '0.056733', '0.056066', '0.056213', '0.055577'], 'correctness_issue': 'Output mismatch', 'correctness_trials': '(0 / 5)', 'reference_timing_ms': 0.335, 'speed_up': -1.0, 'custom_timing': -1.0}, 'runtime': -1.0, 'runtime_stats': {}}}
2025-08-08 03:42:24,699 - openevolve.RemoteSpeedupEvaluator - INFO - [level3_31_VisionAttention] triton key words check pass
2025-08-08 03:42:24,702 - openevolve.RemoteSpeedupEvaluator - INFO - [level3_31_VisionAttention] verify_plus payload: reference_code(1257 chars) + custom_code(5050 chars)
2025-08-08 03:42:28,234 - openevolve.RemoteSpeedupEvaluator - INFO - [level3_31_VisionAttention] verify_plus request success
2025-08-08 03:42:28,234 - openevolve.RemoteSpeedupEvaluator - INFO - [level3_31_VisionAttention] verify_plus response: {"id":"level3_31_VisionAttention","result":{"compiled":true,"correctness":false,"metadata":{"hardware":"NVIDIA L20Y","device":"cuda:7","max_difference":["0.233986","0.235074","0.247423","0.270412","0.234611"],"avg_difference":["0.056233","0.056610","0.055889","0.056055","0.055419"],"correctness_issue":"Output mismatch","correctness_trials":"(0 / 5)","reference_timing_ms":0.335,"speed_up":-1.0,"custom_timing":-1.0},"runtime":-1.0,"runtime_stats":{}}}
2025-08-08 03:42:28,234 - openevolve.RemoteSpeedupEvaluator - INFO - [level3_31_VisionAttention] âœ˜ wrong_answer
2025-08-08 03:42:28,234 - openevolve.evaluator - INFO - Evaluated program 2f7107ef-6542-4a14-8da0-5b45945e4c7c in 3.54s: compiled=1.0000, correctness=0.0000, score=10.0000, stage=wrong_answer, verify_payload={'id': 'level3_31_VisionAttention', 'result': {'compiled': True, 'correctness': False, 'metadata': {'hardware': 'NVIDIA L20Y', 'device': 'cuda:7', 'max_difference': ['0.233986', '0.235074', '0.247423', '0.270412', '0.234611'], 'avg_difference': ['0.056233', '0.056610', '0.055889', '0.056055', '0.055419'], 'correctness_issue': 'Output mismatch', 'correctness_trials': '(0 / 5)', 'reference_timing_ms': 0.335, 'speed_up': -1.0, 'custom_timing': -1.0}, 'runtime': -1.0, 'runtime_stats': {}}}
2025-08-08 03:42:28,239 - openevolve.llm.ensemble - INFO - Sampled model: deepseek
2025-08-08 03:42:28,267 - openevolve.threaded_parallel - INFO - Iteration 16: Program 2f7107ef-6542-4a14-8da0-5b45945e4c7c (parent: b8ac4098-c3ab-4370-bec8-4cd0faf4bb97) completed in 702.78s
2025-08-08 03:42:28,268 - openevolve.threaded_parallel - INFO - Metrics: compiled=1.0000, correctness=0.0000, score=10.0000, stage=wrong_answer, verify_payload={'id': 'level3_31_VisionAttention', 'result': {'compiled': True, 'correctness': False, 'metadata': {'hardware': 'NVIDIA L20Y', 'device': 'cuda:7', 'max_difference': ['0.233986', '0.235074', '0.247423', '0.270412', '0.234611'], 'avg_difference': ['0.056233', '0.056610', '0.055889', '0.056055', '0.055419'], 'correctness_issue': 'Output mismatch', 'correctness_trials': '(0 / 5)', 'reference_timing_ms': 0.335, 'speed_up': -1.0, 'custom_timing': -1.0}, 'runtime': -1.0, 'runtime_stats': {}}}
2025-08-08 03:44:32,415 - openevolve.RemoteSpeedupEvaluator - INFO - [level3_31_VisionAttention] triton key words check pass
2025-08-08 03:44:32,417 - openevolve.RemoteSpeedupEvaluator - INFO - [level3_31_VisionAttention] verify_plus payload: reference_code(1257 chars) + custom_code(5394 chars)
2025-08-08 03:44:36,099 - openevolve.RemoteSpeedupEvaluator - INFO - [level3_31_VisionAttention] verify_plus request success
2025-08-08 03:44:36,099 - openevolve.RemoteSpeedupEvaluator - INFO - [level3_31_VisionAttention] verify_plus response: {"id":"level3_31_VisionAttention","result":{"compiled":true,"correctness":false,"metadata":{"hardware":"NVIDIA L20Y","device":"cuda:3","max_difference":["6.868880","7.314710","7.407681","8.815906","7.283179"],"avg_difference":["1.129559","1.130014","1.129333","1.128960","1.129562"],"correctness_issue":"Output mismatch","correctness_trials":"(0 / 5)","reference_timing_ms":0.335,"speed_up":-1.0,"custom_timing":-1.0},"runtime":-1.0,"runtime_stats":{}}}
2025-08-08 03:44:36,099 - openevolve.RemoteSpeedupEvaluator - INFO - [level3_31_VisionAttention] âœ˜ wrong_answer
2025-08-08 03:44:36,099 - openevolve.evaluator - INFO - Evaluated program e470c57e-4508-411a-9a3e-b080c7a050fc in 3.68s: compiled=1.0000, correctness=0.0000, score=10.0000, stage=wrong_answer, verify_payload={'id': 'level3_31_VisionAttention', 'result': {'compiled': True, 'correctness': False, 'metadata': {'hardware': 'NVIDIA L20Y', 'device': 'cuda:3', 'max_difference': ['6.868880', '7.314710', '7.407681', '8.815906', '7.283179'], 'avg_difference': ['1.129559', '1.130014', '1.129333', '1.128960', '1.129562'], 'correctness_issue': 'Output mismatch', 'correctness_trials': '(0 / 5)', 'reference_timing_ms': 0.335, 'speed_up': -1.0, 'custom_timing': -1.0}, 'runtime': -1.0, 'runtime_stats': {}}}
2025-08-08 03:44:36,104 - openevolve.llm.ensemble - INFO - Sampled model: deepseek
2025-08-08 03:44:36,136 - openevolve.threaded_parallel - INFO - Iteration 17: Program e470c57e-4508-411a-9a3e-b080c7a050fc (parent: 22cd5b56-9619-4476-b8af-e0d2a3ccbc70) completed in 745.91s
2025-08-08 03:44:36,136 - openevolve.threaded_parallel - INFO - Metrics: compiled=1.0000, correctness=0.0000, score=10.0000, stage=wrong_answer, verify_payload={'id': 'level3_31_VisionAttention', 'result': {'compiled': True, 'correctness': False, 'metadata': {'hardware': 'NVIDIA L20Y', 'device': 'cuda:3', 'max_difference': ['6.868880', '7.314710', '7.407681', '8.815906', '7.283179'], 'avg_difference': ['1.129559', '1.130014', '1.129333', '1.128960', '1.129562'], 'correctness_issue': 'Output mismatch', 'correctness_trials': '(0 / 5)', 'reference_timing_ms': 0.335, 'speed_up': -1.0, 'custom_timing': -1.0}, 'runtime': -1.0, 'runtime_stats': {}}}
2025-08-08 03:46:02,762 - openevolve.RemoteSpeedupEvaluator - INFO - [level3_31_VisionAttention] triton key words check pass
2025-08-08 03:46:02,763 - openevolve.RemoteSpeedupEvaluator - INFO - [level3_31_VisionAttention] verify_plus payload: reference_code(1257 chars) + custom_code(4782 chars)
2025-08-08 03:46:06,523 - openevolve.RemoteSpeedupEvaluator - INFO - [level3_31_VisionAttention] verify_plus request success
2025-08-08 03:46:06,523 - openevolve.RemoteSpeedupEvaluator - INFO - [level3_31_VisionAttention] verify_plus response: {"id":"level3_31_VisionAttention","result":{"compiled":true,"correctness":false,"metadata":{"hardware":"NVIDIA L20Y","device":"cuda:1","max_difference":["0.238592","0.247373","0.242118","0.270904","0.239257"],"avg_difference":["0.056394","0.056733","0.056066","0.056213","0.055577"],"correctness_issue":"Output mismatch","correctness_trials":"(0 / 5)","reference_timing_ms":0.335,"speed_up":-1.0,"custom_timing":-1.0},"runtime":-1.0,"runtime_stats":{}}}
2025-08-08 03:46:06,523 - openevolve.RemoteSpeedupEvaluator - INFO - [level3_31_VisionAttention] âœ˜ wrong_answer
2025-08-08 03:46:06,524 - openevolve.evaluator - INFO - Evaluated program cefbeb95-b50b-4e28-870e-26521aed66fd in 3.76s: compiled=1.0000, correctness=0.0000, score=10.0000, stage=wrong_answer, verify_payload={'id': 'level3_31_VisionAttention', 'result': {'compiled': True, 'correctness': False, 'metadata': {'hardware': 'NVIDIA L20Y', 'device': 'cuda:1', 'max_difference': ['0.238592', '0.247373', '0.242118', '0.270904', '0.239257'], 'avg_difference': ['0.056394', '0.056733', '0.056066', '0.056213', '0.055577'], 'correctness_issue': 'Output mismatch', 'correctness_trials': '(0 / 5)', 'reference_timing_ms': 0.335, 'speed_up': -1.0, 'custom_timing': -1.0}, 'runtime': -1.0, 'runtime_stats': {}}}
2025-08-08 03:46:06,528 - openevolve.llm.ensemble - INFO - Sampled model: deepseek
2025-08-08 03:46:06,541 - openevolve.threaded_parallel - INFO - Iteration 18: Program cefbeb95-b50b-4e28-870e-26521aed66fd (parent: 80731692-b305-4fe3-abfe-4b1f2c0a62f5) completed in 719.08s
2025-08-08 03:46:06,542 - openevolve.threaded_parallel - INFO - Metrics: compiled=1.0000, correctness=0.0000, score=10.0000, stage=wrong_answer, verify_payload={'id': 'level3_31_VisionAttention', 'result': {'compiled': True, 'correctness': False, 'metadata': {'hardware': 'NVIDIA L20Y', 'device': 'cuda:1', 'max_difference': ['0.238592', '0.247373', '0.242118', '0.270904', '0.239257'], 'avg_difference': ['0.056394', '0.056733', '0.056066', '0.056213', '0.055577'], 'correctness_issue': 'Output mismatch', 'correctness_trials': '(0 / 5)', 'reference_timing_ms': 0.335, 'speed_up': -1.0, 'custom_timing': -1.0}, 'runtime': -1.0, 'runtime_stats': {}}}
2025-08-08 03:46:06,542 - openevolve.threaded_parallel - INFO - Checkpoint interval reached at iteration 18
2025-08-08 03:46:06,544 - openevolve.database - INFO - Island Status:
2025-08-08 03:46:06,544 - openevolve.database - INFO -    Island 0: 9 programs, best=10.0000, avg=8.8889, diversity=168.40, gen=7 (best: 22cd5b56-9619-4476-b8af-e0d2a3ccbc70)
2025-08-08 03:46:06,544 - openevolve.database - INFO -    Island 1: 7 programs, best=10.0000, avg=-21.4286, diversity=643.38, gen=6 (best: 14db758b-d238-487f-84f7-230fc607dc91)
2025-08-08 03:46:06,544 - openevolve.database - INFO -  * Island 2: 5 programs, best=10.0000, avg=-12.0000, diversity=502.23, gen=6 (best: 84650fb9-934c-420e-a859-c671c42808b9)
2025-08-08 03:46:06,760 - openevolve.database - INFO - Saved database with 20 programs to openevolve_output/level3_31_VisionAttention/checkpoints/checkpoint_18
2025-08-08 03:46:06,775 - openevolve.controller - INFO - Saved best program at checkpoint 18 with metrics: compiled=1.0000, correctness=0.0000, score=10.0000, stage=wrong_answer, verify_payload={'id': 'level3_31_VisionAttention', 'result': {'compiled': True, 'correctness': False, 'metadata': {'hardware': 'NVIDIA L20Y', 'device': 'cuda:1', 'max_difference': ['6.771070', '7.354507', '7.481483', '8.807193', '7.226679'], 'avg_difference': ['1.129560', '1.129993', '1.129336', '1.128959', '1.129563'], 'correctness_issue': 'Output mismatch', 'correctness_trials': '(0 / 5)', 'reference_timing_ms': 0.335, 'speed_up': -1.0, 'custom_timing': -1.0}, 'runtime': -1.0, 'runtime_stats': {}}}
2025-08-08 03:46:06,775 - openevolve.controller - INFO - Saved checkpoint at iteration 18 to openevolve_output/level3_31_VisionAttention/checkpoints/checkpoint_18
2025-08-08 03:53:02,031 - openevolve.RemoteSpeedupEvaluator - INFO - [level3_31_VisionAttention] triton key words check pass
2025-08-08 03:53:02,033 - openevolve.RemoteSpeedupEvaluator - INFO - [level3_31_VisionAttention] verify_plus payload: reference_code(1257 chars) + custom_code(5506 chars)
2025-08-08 03:53:06,119 - openevolve.RemoteSpeedupEvaluator - INFO - [level3_31_VisionAttention] verify_plus request success
2025-08-08 03:53:06,119 - openevolve.RemoteSpeedupEvaluator - INFO - [level3_31_VisionAttention] verify_plus response: {"id":"level3_31_VisionAttention","result":{"compiled":true,"correctness":false,"metadata":{"hardware":"NVIDIA L20Y","device":"cuda:3","max_difference":["0.239189","0.248001","0.243156","0.270780","0.239117"],"avg_difference":["0.056414","0.056698","0.056084","0.056243","0.055607"],"correctness_issue":"Output mismatch","correctness_trials":"(0 / 5)","reference_timing_ms":0.335,"speed_up":-1.0,"custom_timing":-1.0},"runtime":-1.0,"runtime_stats":{}}}
2025-08-08 03:53:06,120 - openevolve.RemoteSpeedupEvaluator - INFO - [level3_31_VisionAttention] âœ˜ wrong_answer
2025-08-08 03:53:06,120 - openevolve.evaluator - INFO - Evaluated program c9f2bfce-78de-417c-b690-8157d45a7415 in 4.09s: compiled=1.0000, correctness=0.0000, score=10.0000, stage=wrong_answer, verify_payload={'id': 'level3_31_VisionAttention', 'result': {'compiled': True, 'correctness': False, 'metadata': {'hardware': 'NVIDIA L20Y', 'device': 'cuda:3', 'max_difference': ['0.239189', '0.248001', '0.243156', '0.270780', '0.239117'], 'avg_difference': ['0.056414', '0.056698', '0.056084', '0.056243', '0.055607'], 'correctness_issue': 'Output mismatch', 'correctness_trials': '(0 / 5)', 'reference_timing_ms': 0.335, 'speed_up': -1.0, 'custom_timing': -1.0}, 'runtime': -1.0, 'runtime_stats': {}}}
2025-08-08 03:53:06,124 - openevolve.llm.ensemble - INFO - Sampled model: deepseek
2025-08-08 03:53:06,138 - openevolve.threaded_parallel - INFO - Iteration 19: Program c9f2bfce-78de-417c-b690-8157d45a7415 (parent: 84650fb9-934c-420e-a859-c671c42808b9) completed in 637.88s
2025-08-08 03:53:06,138 - openevolve.threaded_parallel - INFO - Metrics: compiled=1.0000, correctness=0.0000, score=10.0000, stage=wrong_answer, verify_payload={'id': 'level3_31_VisionAttention', 'result': {'compiled': True, 'correctness': False, 'metadata': {'hardware': 'NVIDIA L20Y', 'device': 'cuda:3', 'max_difference': ['0.239189', '0.248001', '0.243156', '0.270780', '0.239117'], 'avg_difference': ['0.056414', '0.056698', '0.056084', '0.056243', '0.055607'], 'correctness_issue': 'Output mismatch', 'correctness_trials': '(0 / 5)', 'reference_timing_ms': 0.335, 'speed_up': -1.0, 'custom_timing': -1.0}, 'runtime': -1.0, 'runtime_stats': {}}}
2025-08-08 03:53:07,232 - openevolve.RemoteSpeedupEvaluator - INFO - [level3_31_VisionAttention] âœ˜ invalid_answer 'import triton' is not found
2025-08-08 03:53:07,233 - openevolve.evaluator - INFO - Evaluated program e5d1d380-61c9-482e-b3cd-7c1a93e369a6 in 0.00s: compiled=0.0000, correctness=0.0000, score=-100.0000, stage=no_valid_triton_code, feedback=You need to generate real and valid triton code for the core function. The key word 'import triton' is not found.
2025-08-08 03:53:07,237 - openevolve.llm.ensemble - INFO - Sampled model: deepseek
2025-08-08 03:53:07,271 - openevolve.threaded_parallel - INFO - Iteration 20: Program e5d1d380-61c9-482e-b3cd-7c1a93e369a6 (parent: a94a71b4-b609-4884-b5b4-58effd1f975a) completed in 511.13s
2025-08-08 03:53:07,271 - openevolve.threaded_parallel - INFO - Metrics: compiled=0.0000, correctness=0.0000, score=-100.0000, stage=no_valid_triton_code, feedback=You need to generate real and valid triton code for the core function. The key word 'import triton' is not found.
2025-08-08 04:01:15,771 - openevolve.RemoteSpeedupEvaluator - INFO - [level3_31_VisionAttention] triton key words check pass
2025-08-08 04:01:15,774 - openevolve.RemoteSpeedupEvaluator - INFO - [level3_31_VisionAttention] verify_plus payload: reference_code(1257 chars) + custom_code(4637 chars)
2025-08-08 04:01:19,258 - openevolve.RemoteSpeedupEvaluator - INFO - [level3_31_VisionAttention] verify_plus request success
2025-08-08 04:01:19,258 - openevolve.RemoteSpeedupEvaluator - INFO - [level3_31_VisionAttention] verify_plus response: {"id":"level3_31_VisionAttention","result":{"compiled":true,"correctness":false,"metadata":{"hardware":"NVIDIA L20Y","device":"cuda:2","max_difference":["0.239875","0.248529","0.243042","0.270659","0.238869"],"avg_difference":["0.056436","0.056714","0.056102","0.056261","0.055625"],"correctness_issue":"Output mismatch","correctness_trials":"(0 / 5)","reference_timing_ms":0.335,"speed_up":-1.0,"custom_timing":-1.0},"runtime":-1.0,"runtime_stats":{}}}
2025-08-08 04:01:19,259 - openevolve.RemoteSpeedupEvaluator - INFO - [level3_31_VisionAttention] âœ˜ wrong_answer
2025-08-08 04:01:19,259 - openevolve.evaluator - INFO - Evaluated program a4dd63cb-50a2-4245-a8ad-f5d35beacee2 in 3.49s: compiled=1.0000, correctness=0.0000, score=10.0000, stage=wrong_answer, verify_payload={'id': 'level3_31_VisionAttention', 'result': {'compiled': True, 'correctness': False, 'metadata': {'hardware': 'NVIDIA L20Y', 'device': 'cuda:2', 'max_difference': ['0.239875', '0.248529', '0.243042', '0.270659', '0.238869'], 'avg_difference': ['0.056436', '0.056714', '0.056102', '0.056261', '0.055625'], 'correctness_issue': 'Output mismatch', 'correctness_trials': '(0 / 5)', 'reference_timing_ms': 0.335, 'speed_up': -1.0, 'custom_timing': -1.0}, 'runtime': -1.0, 'runtime_stats': {}}}
2025-08-08 04:01:19,263 - openevolve.llm.ensemble - INFO - Sampled model: deepseek
2025-08-08 04:01:19,276 - openevolve.threaded_parallel - INFO - Iteration 21: Program a4dd63cb-50a2-4245-a8ad-f5d35beacee2 (parent: 14db758b-d238-487f-84f7-230fc607dc91) completed in 912.73s
2025-08-08 04:01:19,276 - openevolve.threaded_parallel - INFO - Metrics: compiled=1.0000, correctness=0.0000, score=10.0000, stage=wrong_answer, verify_payload={'id': 'level3_31_VisionAttention', 'result': {'compiled': True, 'correctness': False, 'metadata': {'hardware': 'NVIDIA L20Y', 'device': 'cuda:2', 'max_difference': ['0.239875', '0.248529', '0.243042', '0.270659', '0.238869'], 'avg_difference': ['0.056436', '0.056714', '0.056102', '0.056261', '0.055625'], 'correctness_issue': 'Output mismatch', 'correctness_trials': '(0 / 5)', 'reference_timing_ms': 0.335, 'speed_up': -1.0, 'custom_timing': -1.0}, 'runtime': -1.0, 'runtime_stats': {}}}
2025-08-08 04:01:19,276 - openevolve.threaded_parallel - INFO - Checkpoint interval reached at iteration 21
2025-08-08 04:01:19,279 - openevolve.database - INFO - Island Status:
2025-08-08 04:01:19,279 - openevolve.database - INFO -    Island 0: 10 programs, best=10.0000, avg=-2.0000, diversity=168.40, gen=8 (best: 22cd5b56-9619-4476-b8af-e0d2a3ccbc70)
2025-08-08 04:01:19,279 - openevolve.database - INFO -    Island 1: 8 programs, best=10.0000, avg=-17.5000, diversity=643.38, gen=7 (best: 14db758b-d238-487f-84f7-230fc607dc91)
2025-08-08 04:01:19,279 - openevolve.database - INFO -  * Island 2: 6 programs, best=10.0000, avg=-8.3333, diversity=502.23, gen=7 (best: 84650fb9-934c-420e-a859-c671c42808b9)
2025-08-08 04:01:19,541 - openevolve.database - INFO - Saved database with 23 programs to openevolve_output/level3_31_VisionAttention/checkpoints/checkpoint_21
2025-08-08 04:01:19,557 - openevolve.controller - INFO - Saved best program at checkpoint 21 with metrics: compiled=1.0000, correctness=0.0000, score=10.0000, stage=wrong_answer, verify_payload={'id': 'level3_31_VisionAttention', 'result': {'compiled': True, 'correctness': False, 'metadata': {'hardware': 'NVIDIA L20Y', 'device': 'cuda:1', 'max_difference': ['6.771070', '7.354507', '7.481483', '8.807193', '7.226679'], 'avg_difference': ['1.129560', '1.129993', '1.129336', '1.128959', '1.129563'], 'correctness_issue': 'Output mismatch', 'correctness_trials': '(0 / 5)', 'reference_timing_ms': 0.335, 'speed_up': -1.0, 'custom_timing': -1.0}, 'runtime': -1.0, 'runtime_stats': {}}}
2025-08-08 04:01:19,557 - openevolve.controller - INFO - Saved checkpoint at iteration 21 to openevolve_output/level3_31_VisionAttention/checkpoints/checkpoint_21
2025-08-08 04:03:51,402 - openevolve.RemoteSpeedupEvaluator - INFO - [level3_31_VisionAttention] triton key words check pass
2025-08-08 04:03:51,404 - openevolve.RemoteSpeedupEvaluator - INFO - [level3_31_VisionAttention] verify_plus payload: reference_code(1257 chars) + custom_code(5385 chars)
2025-08-08 04:03:56,243 - openevolve.RemoteSpeedupEvaluator - INFO - [level3_31_VisionAttention] verify_plus request success
2025-08-08 04:03:56,243 - openevolve.RemoteSpeedupEvaluator - INFO - [level3_31_VisionAttention] verify_plus response: {"id":"level3_31_VisionAttention","result":{"compiled":true,"correctness":false,"metadata":{"hardware":"NVIDIA L20Y","device":"cuda:4","max_difference":["0.239875","0.248529","0.243042","0.270659","0.238869"],"avg_difference":["0.056436","0.056714","0.056102","0.056261","0.055625"],"correctness_issue":"Output mismatch","correctness_trials":"(0 / 5)","reference_timing_ms":0.335,"speed_up":-1.0,"custom_timing":-1.0},"runtime":-1.0,"runtime_stats":{}}}
2025-08-08 04:03:56,243 - openevolve.RemoteSpeedupEvaluator - INFO - [level3_31_VisionAttention] âœ˜ wrong_answer
2025-08-08 04:03:56,244 - openevolve.evaluator - INFO - Evaluated program 36e93e1d-7216-48b7-bdbe-977301f2d28e in 4.84s: compiled=1.0000, correctness=0.0000, score=10.0000, stage=wrong_answer, verify_payload={'id': 'level3_31_VisionAttention', 'result': {'compiled': True, 'correctness': False, 'metadata': {'hardware': 'NVIDIA L20Y', 'device': 'cuda:4', 'max_difference': ['0.239875', '0.248529', '0.243042', '0.270659', '0.238869'], 'avg_difference': ['0.056436', '0.056714', '0.056102', '0.056261', '0.055625'], 'correctness_issue': 'Output mismatch', 'correctness_trials': '(0 / 5)', 'reference_timing_ms': 0.335, 'speed_up': -1.0, 'custom_timing': -1.0}, 'runtime': -1.0, 'runtime_stats': {}}}
2025-08-08 04:03:56,248 - openevolve.llm.ensemble - INFO - Sampled model: deepseek
2025-08-08 04:03:56,261 - openevolve.threaded_parallel - INFO - Iteration 22: Program 36e93e1d-7216-48b7-bdbe-977301f2d28e (parent: 0aad2a1b-1c82-4cc5-b3cb-9b5822d9c235) completed in 650.12s
2025-08-08 04:03:56,262 - openevolve.threaded_parallel - INFO - Metrics: compiled=1.0000, correctness=0.0000, score=10.0000, stage=wrong_answer, verify_payload={'id': 'level3_31_VisionAttention', 'result': {'compiled': True, 'correctness': False, 'metadata': {'hardware': 'NVIDIA L20Y', 'device': 'cuda:4', 'max_difference': ['0.239875', '0.248529', '0.243042', '0.270659', '0.238869'], 'avg_difference': ['0.056436', '0.056714', '0.056102', '0.056261', '0.055625'], 'correctness_issue': 'Output mismatch', 'correctness_trials': '(0 / 5)', 'reference_timing_ms': 0.335, 'speed_up': -1.0, 'custom_timing': -1.0}, 'runtime': -1.0, 'runtime_stats': {}}}
2025-08-08 04:09:25,216 - openevolve.RemoteSpeedupEvaluator - INFO - [level3_31_VisionAttention] triton key words check pass
2025-08-08 04:09:25,218 - openevolve.RemoteSpeedupEvaluator - INFO - [level3_31_VisionAttention] verify_plus payload: reference_code(1257 chars) + custom_code(4750 chars)
2025-08-08 04:09:28,826 - openevolve.RemoteSpeedupEvaluator - INFO - [level3_31_VisionAttention] verify_plus request success
2025-08-08 04:09:28,826 - openevolve.RemoteSpeedupEvaluator - INFO - [level3_31_VisionAttention] verify_plus response: {"id":"level3_31_VisionAttention","result":{"compiled":true,"correctness":false,"metadata":{"hardware":"NVIDIA L20Y","device":"cuda:3","max_difference":["0.238592","0.247373","0.242118","0.270904","0.239257"],"avg_difference":["0.056394","0.056733","0.056066","0.056213","0.055577"],"correctness_issue":"Output mismatch","correctness_trials":"(0 / 5)","reference_timing_ms":0.335,"speed_up":-1.0,"custom_timing":-1.0},"runtime":-1.0,"runtime_stats":{}}}
2025-08-08 04:09:28,827 - openevolve.RemoteSpeedupEvaluator - INFO - [level3_31_VisionAttention] âœ˜ wrong_answer
2025-08-08 04:09:28,827 - openevolve.evaluator - INFO - Evaluated program c035e6cc-8ad2-415e-b237-fe2a7c42216f in 3.61s: compiled=1.0000, correctness=0.0000, score=10.0000, stage=wrong_answer, verify_payload={'id': 'level3_31_VisionAttention', 'result': {'compiled': True, 'correctness': False, 'metadata': {'hardware': 'NVIDIA L20Y', 'device': 'cuda:3', 'max_difference': ['0.238592', '0.247373', '0.242118', '0.270904', '0.239257'], 'avg_difference': ['0.056394', '0.056733', '0.056066', '0.056213', '0.055577'], 'correctness_issue': 'Output mismatch', 'correctness_trials': '(0 / 5)', 'reference_timing_ms': 0.335, 'speed_up': -1.0, 'custom_timing': -1.0}, 'runtime': -1.0, 'runtime_stats': {}}}
2025-08-08 04:09:28,831 - openevolve.llm.ensemble - INFO - Sampled model: deepseek
2025-08-08 04:09:28,845 - openevolve.threaded_parallel - INFO - Iteration 23: Program c035e6cc-8ad2-415e-b237-fe2a7c42216f (parent: 411b71a9-1e1a-46de-953c-966cd844051d) completed in 981.59s
2025-08-08 04:09:28,845 - openevolve.threaded_parallel - INFO - Metrics: compiled=1.0000, correctness=0.0000, score=10.0000, stage=wrong_answer, verify_payload={'id': 'level3_31_VisionAttention', 'result': {'compiled': True, 'correctness': False, 'metadata': {'hardware': 'NVIDIA L20Y', 'device': 'cuda:3', 'max_difference': ['0.238592', '0.247373', '0.242118', '0.270904', '0.239257'], 'avg_difference': ['0.056394', '0.056733', '0.056066', '0.056213', '0.055577'], 'correctness_issue': 'Output mismatch', 'correctness_trials': '(0 / 5)', 'reference_timing_ms': 0.335, 'speed_up': -1.0, 'custom_timing': -1.0}, 'runtime': -1.0, 'runtime_stats': {}}}
2025-08-08 04:10:27,065 - openevolve.RemoteSpeedupEvaluator - INFO - [level3_31_VisionAttention] âœ˜ invalid_answer 'import triton' is not found
2025-08-08 04:10:27,067 - openevolve.evaluator - INFO - Evaluated program ba36c34d-ff3a-4af3-8fc6-a508c35309f2 in 0.00s: compiled=0.0000, correctness=0.0000, score=-100.0000, stage=no_valid_triton_code, feedback=You need to generate real and valid triton code for the core function. The key word 'import triton' is not found.
2025-08-08 04:10:27,071 - openevolve.llm.ensemble - INFO - Sampled model: deepseek
2025-08-08 04:10:27,073 - openevolve.database - INFO - Population size (26) exceeds limit (25), removing 1 programs
2025-08-08 04:10:27,073 - openevolve.database - INFO - Population size after cleanup: 25
2025-08-08 04:10:27,080 - openevolve.threaded_parallel - INFO - Iteration 25: Program ba36c34d-ff3a-4af3-8fc6-a508c35309f2 (parent: 0aad2a1b-1c82-4cc5-b3cb-9b5822d9c235) completed in 390.82s
2025-08-08 04:10:27,081 - openevolve.threaded_parallel - INFO - Metrics: compiled=0.0000, correctness=0.0000, score=-100.0000, stage=no_valid_triton_code, feedback=You need to generate real and valid triton code for the core function. The key word 'import triton' is not found.
2025-08-08 04:12:00,570 - openevolve.RemoteSpeedupEvaluator - INFO - [level3_31_VisionAttention] triton key words check pass
2025-08-08 04:12:00,572 - openevolve.RemoteSpeedupEvaluator - INFO - [level3_31_VisionAttention] verify_plus payload: reference_code(1257 chars) + custom_code(5329 chars)
2025-08-08 04:12:04,100 - openevolve.RemoteSpeedupEvaluator - INFO - [level3_31_VisionAttention] verify_plus request success
2025-08-08 04:12:04,100 - openevolve.RemoteSpeedupEvaluator - INFO - [level3_31_VisionAttention] verify_plus response: {"id":"level3_31_VisionAttention","result":{"compiled":true,"correctness":false,"metadata":{"hardware":"NVIDIA L20Y","device":"cuda:7","max_difference":["6.869096","7.314770","7.408040","8.816511","7.283047"],"avg_difference":["1.129559","1.130014","1.129333","1.128960","1.129562"],"correctness_issue":"Output mismatch","correctness_trials":"(0 / 5)","reference_timing_ms":0.335,"speed_up":-1.0,"custom_timing":-1.0},"runtime":-1.0,"runtime_stats":{}}}
2025-08-08 04:12:04,100 - openevolve.RemoteSpeedupEvaluator - INFO - [level3_31_VisionAttention] âœ˜ wrong_answer
2025-08-08 04:12:04,100 - openevolve.evaluator - INFO - Evaluated program 24adc6b6-8d8a-4eb1-ae8e-2e08b6d63628 in 3.53s: compiled=1.0000, correctness=0.0000, score=10.0000, stage=wrong_answer, verify_payload={'id': 'level3_31_VisionAttention', 'result': {'compiled': True, 'correctness': False, 'metadata': {'hardware': 'NVIDIA L20Y', 'device': 'cuda:7', 'max_difference': ['6.869096', '7.314770', '7.408040', '8.816511', '7.283047'], 'avg_difference': ['1.129559', '1.130014', '1.129333', '1.128960', '1.129562'], 'correctness_issue': 'Output mismatch', 'correctness_trials': '(0 / 5)', 'reference_timing_ms': 0.335, 'speed_up': -1.0, 'custom_timing': -1.0}, 'runtime': -1.0, 'runtime_stats': {}}}
2025-08-08 04:12:04,103 - openevolve.database - INFO - Population size (26) exceeds limit (25), removing 1 programs
2025-08-08 04:12:04,103 - openevolve.database - INFO - Population size after cleanup: 25
2025-08-08 04:12:04,105 - openevolve.llm.ensemble - INFO - Sampled model: deepseek
2025-08-08 04:12:04,116 - openevolve.threaded_parallel - INFO - Iteration 24: Program 24adc6b6-8d8a-4eb1-ae8e-2e08b6d63628 (parent: 22cd5b56-9619-4476-b8af-e0d2a3ccbc70) completed in 644.84s
2025-08-08 04:12:04,116 - openevolve.threaded_parallel - INFO - Metrics: compiled=1.0000, correctness=0.0000, score=10.0000, stage=wrong_answer, verify_payload={'id': 'level3_31_VisionAttention', 'result': {'compiled': True, 'correctness': False, 'metadata': {'hardware': 'NVIDIA L20Y', 'device': 'cuda:7', 'max_difference': ['6.869096', '7.314770', '7.408040', '8.816511', '7.283047'], 'avg_difference': ['1.129559', '1.130014', '1.129333', '1.128960', '1.129562'], 'correctness_issue': 'Output mismatch', 'correctness_trials': '(0 / 5)', 'reference_timing_ms': 0.335, 'speed_up': -1.0, 'custom_timing': -1.0}, 'runtime': -1.0, 'runtime_stats': {}}}
2025-08-08 04:12:04,116 - openevolve.threaded_parallel - INFO - Checkpoint interval reached at iteration 24
2025-08-08 04:12:04,118 - openevolve.database - INFO - Island Status:
2025-08-08 04:12:04,118 - openevolve.database - INFO -  * Island 0: 11 programs, best=10.0000, avg=-0.9091, diversity=168.40, gen=10 (best: 22cd5b56-9619-4476-b8af-e0d2a3ccbc70)
2025-08-08 04:12:04,118 - openevolve.database - INFO -    Island 1: 8 programs, best=10.0000, avg=-17.5000, diversity=175.27, gen=8 (best: 14db758b-d238-487f-84f7-230fc607dc91)
2025-08-08 04:12:04,119 - openevolve.database - INFO -    Island 2: 7 programs, best=10.0000, avg=10.0000, diversity=111.57, gen=8 (best: 84650fb9-934c-420e-a859-c671c42808b9)
2025-08-08 04:12:04,417 - openevolve.database - INFO - Saved database with 25 programs to openevolve_output/level3_31_VisionAttention/checkpoints/checkpoint_24
2025-08-08 04:12:04,432 - openevolve.controller - INFO - Saved best program at checkpoint 24 with metrics: compiled=1.0000, correctness=0.0000, score=10.0000, stage=wrong_answer, verify_payload={'id': 'level3_31_VisionAttention', 'result': {'compiled': True, 'correctness': False, 'metadata': {'hardware': 'NVIDIA L20Y', 'device': 'cuda:1', 'max_difference': ['6.771070', '7.354507', '7.481483', '8.807193', '7.226679'], 'avg_difference': ['1.129560', '1.129993', '1.129336', '1.128959', '1.129563'], 'correctness_issue': 'Output mismatch', 'correctness_trials': '(0 / 5)', 'reference_timing_ms': 0.335, 'speed_up': -1.0, 'custom_timing': -1.0}, 'runtime': -1.0, 'runtime_stats': {}}}
2025-08-08 04:12:04,433 - openevolve.controller - INFO - Saved checkpoint at iteration 24 to openevolve_output/level3_31_VisionAttention/checkpoints/checkpoint_24
2025-08-08 04:17:11,338 - openevolve.RemoteSpeedupEvaluator - INFO - [level3_31_VisionAttention] triton key words check pass
2025-08-08 04:17:11,340 - openevolve.RemoteSpeedupEvaluator - INFO - [level3_31_VisionAttention] verify_plus payload: reference_code(1257 chars) + custom_code(5225 chars)
2025-08-08 04:17:14,824 - openevolve.RemoteSpeedupEvaluator - INFO - [level3_31_VisionAttention] verify_plus request success
2025-08-08 04:17:14,824 - openevolve.RemoteSpeedupEvaluator - INFO - [level3_31_VisionAttention] verify_plus response: {"id":"level3_31_VisionAttention","result":{"compiled":true,"correctness":false,"metadata":{"hardware":"NVIDIA L20Y","device":"cuda:1","max_difference":["6.869096","7.314770","7.408040","8.816511","7.283047"],"avg_difference":["1.129559","1.130014","1.129333","1.128960","1.129562"],"correctness_issue":"Output mismatch","correctness_trials":"(0 / 5)","reference_timing_ms":0.335,"speed_up":-1.0,"custom_timing":-1.0},"runtime":-1.0,"runtime_stats":{}}}
2025-08-08 04:17:14,825 - openevolve.RemoteSpeedupEvaluator - INFO - [level3_31_VisionAttention] âœ˜ wrong_answer
2025-08-08 04:17:14,825 - openevolve.evaluator - INFO - Evaluated program f034eb20-8583-45a4-b7d0-5e5b5c9f2914 in 3.49s: compiled=1.0000, correctness=0.0000, score=10.0000, stage=wrong_answer, verify_payload={'id': 'level3_31_VisionAttention', 'result': {'compiled': True, 'correctness': False, 'metadata': {'hardware': 'NVIDIA L20Y', 'device': 'cuda:1', 'max_difference': ['6.869096', '7.314770', '7.408040', '8.816511', '7.283047'], 'avg_difference': ['1.129559', '1.130014', '1.129333', '1.128960', '1.129562'], 'correctness_issue': 'Output mismatch', 'correctness_trials': '(0 / 5)', 'reference_timing_ms': 0.335, 'speed_up': -1.0, 'custom_timing': -1.0}, 'runtime': -1.0, 'runtime_stats': {}}}
2025-08-08 04:17:14,830 - openevolve.llm.ensemble - INFO - Sampled model: deepseek
2025-08-08 04:17:14,835 - openevolve.database - INFO - Population size (26) exceeds limit (25), removing 1 programs
2025-08-08 04:17:14,836 - openevolve.database - INFO - Population size after cleanup: 25
2025-08-08 04:17:14,849 - openevolve.threaded_parallel - INFO - Iteration 27: Program f034eb20-8583-45a4-b7d0-5e5b5c9f2914 (parent: 22cd5b56-9619-4476-b8af-e0d2a3ccbc70) completed in 407.75s
2025-08-08 04:17:14,850 - openevolve.threaded_parallel - INFO - Metrics: compiled=1.0000, correctness=0.0000, score=10.0000, stage=wrong_answer, verify_payload={'id': 'level3_31_VisionAttention', 'result': {'compiled': True, 'correctness': False, 'metadata': {'hardware': 'NVIDIA L20Y', 'device': 'cuda:1', 'max_difference': ['6.869096', '7.314770', '7.408040', '8.816511', '7.283047'], 'avg_difference': ['1.129559', '1.130014', '1.129333', '1.128960', '1.129562'], 'correctness_issue': 'Output mismatch', 'correctness_trials': '(0 / 5)', 'reference_timing_ms': 0.335, 'speed_up': -1.0, 'custom_timing': -1.0}, 'runtime': -1.0, 'runtime_stats': {}}}
2025-08-08 04:17:14,850 - openevolve.threaded_parallel - INFO - Checkpoint interval reached at iteration 27
2025-08-08 04:17:14,852 - openevolve.database - INFO - Island Status:
2025-08-08 04:17:14,852 - openevolve.database - INFO -    Island 0: 12 programs, best=10.0000, avg=0.0000, diversity=168.40, gen=10 (best: 22cd5b56-9619-4476-b8af-e0d2a3ccbc70)
2025-08-08 04:17:14,852 - openevolve.database - INFO -  * Island 1: 7 programs, best=10.0000, avg=-5.7143, diversity=175.27, gen=9 (best: 14db758b-d238-487f-84f7-230fc607dc91)
2025-08-08 04:17:14,852 - openevolve.database - INFO -    Island 2: 7 programs, best=10.0000, avg=10.0000, diversity=111.57, gen=8 (best: 84650fb9-934c-420e-a859-c671c42808b9)
2025-08-08 04:17:15,208 - openevolve.database - INFO - Saved database with 25 programs to openevolve_output/level3_31_VisionAttention/checkpoints/checkpoint_27
2025-08-08 04:17:15,224 - openevolve.controller - INFO - Saved best program at checkpoint 27 with metrics: compiled=1.0000, correctness=0.0000, score=10.0000, stage=wrong_answer, verify_payload={'id': 'level3_31_VisionAttention', 'result': {'compiled': True, 'correctness': False, 'metadata': {'hardware': 'NVIDIA L20Y', 'device': 'cuda:1', 'max_difference': ['6.771070', '7.354507', '7.481483', '8.807193', '7.226679'], 'avg_difference': ['1.129560', '1.129993', '1.129336', '1.128959', '1.129563'], 'correctness_issue': 'Output mismatch', 'correctness_trials': '(0 / 5)', 'reference_timing_ms': 0.335, 'speed_up': -1.0, 'custom_timing': -1.0}, 'runtime': -1.0, 'runtime_stats': {}}}
2025-08-08 04:17:15,224 - openevolve.controller - INFO - Saved checkpoint at iteration 27 to openevolve_output/level3_31_VisionAttention/checkpoints/checkpoint_27
2025-08-08 04:20:39,805 - openevolve.RemoteSpeedupEvaluator - INFO - [level3_31_VisionAttention] triton key words check pass
2025-08-08 04:20:39,806 - openevolve.RemoteSpeedupEvaluator - INFO - [level3_31_VisionAttention] verify_plus payload: reference_code(1257 chars) + custom_code(5295 chars)
2025-08-08 04:20:43,241 - openevolve.RemoteSpeedupEvaluator - INFO - [level3_31_VisionAttention] verify_plus request success
2025-08-08 04:20:43,241 - openevolve.RemoteSpeedupEvaluator - INFO - [level3_31_VisionAttention] verify_plus response: {"id":"level3_31_VisionAttention","result":{"compiled":true,"correctness":false,"metadata":{"hardware":"NVIDIA L20Y","device":"cuda:5","max_difference":["6.869098","7.314764","7.408036","8.816509","7.283052"],"avg_difference":["1.129559","1.130014","1.129334","1.128960","1.129562"],"correctness_issue":"Output mismatch","correctness_trials":"(0 / 5)","reference_timing_ms":0.335,"speed_up":-1.0,"custom_timing":-1.0},"runtime":-1.0,"runtime_stats":{}}}
2025-08-08 04:20:43,241 - openevolve.RemoteSpeedupEvaluator - INFO - [level3_31_VisionAttention] âœ˜ wrong_answer
2025-08-08 04:20:43,242 - openevolve.evaluator - INFO - Evaluated program eef148dc-83ec-4e96-a429-0f62bb991940 in 3.44s: compiled=1.0000, correctness=0.0000, score=10.0000, stage=wrong_answer, verify_payload={'id': 'level3_31_VisionAttention', 'result': {'compiled': True, 'correctness': False, 'metadata': {'hardware': 'NVIDIA L20Y', 'device': 'cuda:5', 'max_difference': ['6.869098', '7.314764', '7.408036', '8.816509', '7.283052'], 'avg_difference': ['1.129559', '1.130014', '1.129334', '1.128960', '1.129562'], 'correctness_issue': 'Output mismatch', 'correctness_trials': '(0 / 5)', 'reference_timing_ms': 0.335, 'speed_up': -1.0, 'custom_timing': -1.0}, 'runtime': -1.0, 'runtime_stats': {}}}
2025-08-08 04:20:43,250 - openevolve.database - INFO - Population size (26) exceeds limit (25), removing 1 programs
2025-08-08 04:20:43,250 - openevolve.database - INFO - Population size after cleanup: 25
2025-08-08 04:20:43,445 - openevolve.threaded_parallel - INFO - Iteration 26: Program eef148dc-83ec-4e96-a429-0f62bb991940 (parent: cf24098c-f18b-42f7-8750-bdad49a6c629) completed in 674.41s
2025-08-08 04:20:43,445 - openevolve.threaded_parallel - INFO - Metrics: compiled=1.0000, correctness=0.0000, score=10.0000, stage=wrong_answer, verify_payload={'id': 'level3_31_VisionAttention', 'result': {'compiled': True, 'correctness': False, 'metadata': {'hardware': 'NVIDIA L20Y', 'device': 'cuda:5', 'max_difference': ['6.869098', '7.314764', '7.408036', '8.816509', '7.283052'], 'avg_difference': ['1.129559', '1.130014', '1.129334', '1.128960', '1.129562'], 'correctness_issue': 'Output mismatch', 'correctness_trials': '(0 / 5)', 'reference_timing_ms': 0.335, 'speed_up': -1.0, 'custom_timing': -1.0}, 'runtime': -1.0, 'runtime_stats': {}}}
2025-08-08 04:25:01,060 - openevolve.RemoteSpeedupEvaluator - INFO - [level3_31_VisionAttention] triton key words check pass
2025-08-08 04:25:01,062 - openevolve.RemoteSpeedupEvaluator - INFO - [level3_31_VisionAttention] verify_plus payload: reference_code(1257 chars) + custom_code(5518 chars)
2025-08-08 04:25:04,895 - openevolve.RemoteSpeedupEvaluator - INFO - [level3_31_VisionAttention] verify_plus request success
2025-08-08 04:25:04,896 - openevolve.RemoteSpeedupEvaluator - INFO - [level3_31_VisionAttention] verify_plus response: {"id":"level3_31_VisionAttention","result":{"compiled":true,"correctness":false,"metadata":{"hardware":"NVIDIA L20Y","device":"cuda:0","max_difference":["0.238592","0.247373","0.242119","0.270904","0.239257"],"avg_difference":["0.056394","0.056733","0.056066","0.056213","0.055577"],"correctness_issue":"Output mismatch","correctness_trials":"(0 / 5)","reference_timing_ms":0.335,"speed_up":-1.0,"custom_timing":-1.0},"runtime":-1.0,"runtime_stats":{}}}
2025-08-08 04:25:04,896 - openevolve.RemoteSpeedupEvaluator - INFO - [level3_31_VisionAttention] âœ˜ wrong_answer
2025-08-08 04:25:04,896 - openevolve.evaluator - INFO - Evaluated program 8580a47c-7457-49ba-87dd-ef36e2b9370d in 3.84s: compiled=1.0000, correctness=0.0000, score=10.0000, stage=wrong_answer, verify_payload={'id': 'level3_31_VisionAttention', 'result': {'compiled': True, 'correctness': False, 'metadata': {'hardware': 'NVIDIA L20Y', 'device': 'cuda:0', 'max_difference': ['0.238592', '0.247373', '0.242119', '0.270904', '0.239257'], 'avg_difference': ['0.056394', '0.056733', '0.056066', '0.056213', '0.055577'], 'correctness_issue': 'Output mismatch', 'correctness_trials': '(0 / 5)', 'reference_timing_ms': 0.335, 'speed_up': -1.0, 'custom_timing': -1.0}, 'runtime': -1.0, 'runtime_stats': {}}}
2025-08-08 04:25:04,898 - openevolve.database - INFO - Population size (26) exceeds limit (25), removing 1 programs
2025-08-08 04:25:04,898 - openevolve.database - INFO - Population size after cleanup: 25
2025-08-08 04:25:04,911 - openevolve.threaded_parallel - INFO - Iteration 28: Program 8580a47c-7457-49ba-87dd-ef36e2b9370d (parent: 84650fb9-934c-420e-a859-c671c42808b9) completed in 780.79s
2025-08-08 04:25:04,911 - openevolve.threaded_parallel - INFO - Metrics: compiled=1.0000, correctness=0.0000, score=10.0000, stage=wrong_answer, verify_payload={'id': 'level3_31_VisionAttention', 'result': {'compiled': True, 'correctness': False, 'metadata': {'hardware': 'NVIDIA L20Y', 'device': 'cuda:0', 'max_difference': ['0.238592', '0.247373', '0.242119', '0.270904', '0.239257'], 'avg_difference': ['0.056394', '0.056733', '0.056066', '0.056213', '0.055577'], 'correctness_issue': 'Output mismatch', 'correctness_trials': '(0 / 5)', 'reference_timing_ms': 0.335, 'speed_up': -1.0, 'custom_timing': -1.0}, 'runtime': -1.0, 'runtime_stats': {}}}
2025-08-08 04:31:38,151 - openevolve.RemoteSpeedupEvaluator - INFO - [level3_31_VisionAttention] âœ˜ invalid_answer 'import triton' is not found
2025-08-08 04:31:38,153 - openevolve.evaluator - INFO - Evaluated program 17b3c2fd-50a1-4d66-815a-94cc0dc3bd86 in 0.00s: compiled=0.0000, correctness=0.0000, score=-100.0000, stage=no_valid_triton_code, feedback=You need to generate real and valid triton code for the core function. The key word 'import triton' is not found.
2025-08-08 04:31:38,155 - openevolve.database - INFO - New MAP-Elites cell occupied: {'score': -1000, 'complexity': 9}
2025-08-08 04:31:38,155 - openevolve.database - INFO - Population size (26) exceeds limit (25), removing 1 programs
2025-08-08 04:31:38,155 - openevolve.database - INFO - Population size after cleanup: 25
2025-08-08 04:31:38,168 - openevolve.threaded_parallel - INFO - Iteration 29: Program 17b3c2fd-50a1-4d66-815a-94cc0dc3bd86 (parent: c035e6cc-8ad2-415e-b237-fe2a7c42216f) completed in 863.32s
2025-08-08 04:31:38,168 - openevolve.threaded_parallel - INFO - Metrics: compiled=0.0000, correctness=0.0000, score=-100.0000, stage=no_valid_triton_code, feedback=You need to generate real and valid triton code for the core function. The key word 'import triton' is not found.
2025-08-08 04:31:38,168 - openevolve.threaded_parallel - INFO - Evolution completed
2025-08-08 04:31:38,176 - openevolve.threaded_parallel - INFO - Stopped thread pool
2025-08-08 04:31:38,176 - openevolve.threaded_parallel - INFO - Stopped improved parallel controller
2025-08-08 04:31:38,177 - openevolve.controller - INFO - Using tracked best program: 22cd5b56-9619-4476-b8af-e0d2a3ccbc70
2025-08-08 04:31:38,177 - openevolve.controller - INFO - Evolution complete. Best program has metrics: compiled=1.0000, correctness=0.0000, score=10.0000, stage=wrong_answer, verify_payload={'id': 'level3_31_VisionAttention', 'result': {'compiled': True, 'correctness': False, 'metadata': {'hardware': 'NVIDIA L20Y', 'device': 'cuda:1', 'max_difference': ['6.771070', '7.354507', '7.481483', '8.807193', '7.226679'], 'avg_difference': ['1.129560', '1.129993', '1.129336', '1.128959', '1.129563'], 'correctness_issue': 'Output mismatch', 'correctness_trials': '(0 / 5)', 'reference_timing_ms': 0.335, 'speed_up': -1.0, 'custom_timing': -1.0}, 'runtime': -1.0, 'runtime_stats': {}}}
2025-08-08 04:31:38,194 - openevolve.controller - INFO - Saved best program to openevolve_output/level3_31_VisionAttention/best/best_program.py with program info to openevolve_output/level3_31_VisionAttention/best/best_program_info.json
2025-08-08 04:31:38,195 - __main__ - INFO - âœ… å®Œæˆ level3_31_VisionAttention
2025-08-08 04:31:38,195 - __main__ - INFO - ======================================================================
2025-08-08 04:31:38,196 - __main__ - INFO - ðŸš€ [6/7] å¼€å§‹ level4_13_google-reformer-enwik8_bs32_seq256
2025-08-08 04:31:38,196 - __main__ - INFO - ======================================================================
2025-08-08 04:31:38,284 - openevolve.controller - INFO - Logging to openevolve_output/level4_13_google-reformer-enwik8_bs32_seq256/logs/openevolve_20250808_043138.log
2025-08-08 04:31:38,284 - openevolve.controller - INFO - Set random seed to 42 for reproducibility
2025-08-08 04:31:38,324 - openevolve.llm.ensemble - INFO - Initialized LLM ensemble with models: deepseek (weight: 0.80), deepseek (weight: 0.20)
2025-08-08 04:31:38,363 - openevolve.llm.ensemble - INFO - Initialized LLM ensemble with models: deepseek (weight: 0.80), deepseek (weight: 0.20)
2025-08-08 04:31:38,363 - openevolve.prompt.sampler - INFO - Set custom templates: system=evaluator_system_message, user=None
2025-08-08 04:31:38,364 - openevolve.database - INFO - Initialized program database with 0 programs
2025-08-08 04:31:38,384 - openevolve.evaluator - INFO - Successfully loaded evaluation function from openevolve_output/level4_13_google-reformer-enwik8_bs32_seq256/evaluation.py
2025-08-08 04:31:38,385 - openevolve.evaluator - INFO - Initialized evaluator with openevolve_output/level4_13_google-reformer-enwik8_bs32_seq256/evaluation.py
2025-08-08 04:31:38,385 - openevolve.controller - INFO - Initialized OpenEvolve with /tmp/7c3d8aedf9eeaf3d1c3b41da0b6515a8.py
2025-08-08 04:31:38,385 - openevolve.controller - INFO - Adding initial program to database
2025-08-08 04:31:38,386 - openevolve.RemoteSpeedupEvaluator - INFO - [level4_13_google-reformer-enwik8_bs32_seq256] verify_plus payload: reference_code(721 chars) + custom_code(842 chars)
2025-08-08 04:31:40,682 - openevolve.RemoteSpeedupEvaluator - INFO - [level4_13_google-reformer-enwik8_bs32_seq256] verify_plus request success
2025-08-08 04:31:40,683 - openevolve.RemoteSpeedupEvaluator - INFO - [level4_13_google-reformer-enwik8_bs32_seq256] verify_plus response: {"id":"level4_13_google-reformer-enwik8_bs32_seq256","result":{"error":"No module named 'transformers'\nTraceback (most recent call last):\n  File \"/cpfs01/shared/llm_kernel/hujiakai/KernelLLM/validation_api_server/evaluator.py\", line 92, in _measure_perf_worker\n    exec(textwrap.dedent(code_src), temp_module.__dict__)\n  File \"<string>\", line 3, in <module>\nModuleNotFoundError: No module named 'transformers'\n"}}
2025-08-08 04:31:40,683 - openevolve.evaluator - WARNING - Evaluation attempt 1/4 failed for program 17182a6a-9a2f-4441-a401-3a963092d556: Error: The reference code is not valid or correct. The verify result is: {'error': 'No module named \'transformers\'\nTraceback (most recent call last):\n  File "/cpfs01/shared/llm_kernel/hujiakai/KernelLLM/validation_api_server/evaluator.py", line 92, in _measure_perf_worker\n    exec(textwrap.dedent(code_src), temp_module.__dict__)\n  File "<string>", line 3, in <module>\nModuleNotFoundError: No module named \'transformers\'\n'}
2025-08-08 04:31:41,689 - openevolve.RemoteSpeedupEvaluator - INFO - [level4_13_google-reformer-enwik8_bs32_seq256] verify_plus payload: reference_code(721 chars) + custom_code(842 chars)
2025-08-08 04:31:44,000 - openevolve.RemoteSpeedupEvaluator - INFO - [level4_13_google-reformer-enwik8_bs32_seq256] verify_plus request success
2025-08-08 04:31:44,000 - openevolve.RemoteSpeedupEvaluator - INFO - [level4_13_google-reformer-enwik8_bs32_seq256] verify_plus response: {"id":"level4_13_google-reformer-enwik8_bs32_seq256","result":{"error":"No module named 'transformers'\nTraceback (most recent call last):\n  File \"/cpfs01/shared/llm_kernel/hujiakai/KernelLLM/validation_api_server/evaluator.py\", line 92, in _measure_perf_worker\n    exec(textwrap.dedent(code_src), temp_module.__dict__)\n  File \"<string>\", line 3, in <module>\nModuleNotFoundError: No module named 'transformers'\n"}}
2025-08-08 04:31:44,001 - openevolve.evaluator - WARNING - Evaluation attempt 2/4 failed for program 17182a6a-9a2f-4441-a401-3a963092d556: Error: The reference code is not valid or correct. The verify result is: {'error': 'No module named \'transformers\'\nTraceback (most recent call last):\n  File "/cpfs01/shared/llm_kernel/hujiakai/KernelLLM/validation_api_server/evaluator.py", line 92, in _measure_perf_worker\n    exec(textwrap.dedent(code_src), temp_module.__dict__)\n  File "<string>", line 3, in <module>\nModuleNotFoundError: No module named \'transformers\'\n'}
2025-08-08 04:31:45,004 - openevolve.RemoteSpeedupEvaluator - INFO - [level4_13_google-reformer-enwik8_bs32_seq256] verify_plus payload: reference_code(721 chars) + custom_code(842 chars)
2025-08-08 04:31:47,314 - openevolve.RemoteSpeedupEvaluator - INFO - [level4_13_google-reformer-enwik8_bs32_seq256] verify_plus request success
2025-08-08 04:31:47,314 - openevolve.RemoteSpeedupEvaluator - INFO - [level4_13_google-reformer-enwik8_bs32_seq256] verify_plus response: {"id":"level4_13_google-reformer-enwik8_bs32_seq256","result":{"error":"No module named 'transformers'\nTraceback (most recent call last):\n  File \"/cpfs01/shared/llm_kernel/hujiakai/KernelLLM/validation_api_server/evaluator.py\", line 92, in _measure_perf_worker\n    exec(textwrap.dedent(code_src), temp_module.__dict__)\n  File \"<string>\", line 3, in <module>\nModuleNotFoundError: No module named 'transformers'\n"}}
2025-08-08 04:31:47,315 - openevolve.evaluator - WARNING - Evaluation attempt 3/4 failed for program 17182a6a-9a2f-4441-a401-3a963092d556: Error: The reference code is not valid or correct. The verify result is: {'error': 'No module named \'transformers\'\nTraceback (most recent call last):\n  File "/cpfs01/shared/llm_kernel/hujiakai/KernelLLM/validation_api_server/evaluator.py", line 92, in _measure_perf_worker\n    exec(textwrap.dedent(code_src), temp_module.__dict__)\n  File "<string>", line 3, in <module>\nModuleNotFoundError: No module named \'transformers\'\n'}
2025-08-08 04:31:48,318 - openevolve.RemoteSpeedupEvaluator - INFO - [level4_13_google-reformer-enwik8_bs32_seq256] verify_plus payload: reference_code(721 chars) + custom_code(842 chars)
2025-08-08 04:31:50,580 - openevolve.RemoteSpeedupEvaluator - INFO - [level4_13_google-reformer-enwik8_bs32_seq256] verify_plus request success
2025-08-08 04:31:50,580 - openevolve.RemoteSpeedupEvaluator - INFO - [level4_13_google-reformer-enwik8_bs32_seq256] verify_plus response: {"id":"level4_13_google-reformer-enwik8_bs32_seq256","result":{"error":"No module named 'transformers'\nTraceback (most recent call last):\n  File \"/cpfs01/shared/llm_kernel/hujiakai/KernelLLM/validation_api_server/evaluator.py\", line 92, in _measure_perf_worker\n    exec(textwrap.dedent(code_src), temp_module.__dict__)\n  File \"<string>\", line 3, in <module>\nModuleNotFoundError: No module named 'transformers'\n"}}
2025-08-08 04:31:50,580 - openevolve.evaluator - WARNING - Evaluation attempt 4/4 failed for program 17182a6a-9a2f-4441-a401-3a963092d556: Error: The reference code is not valid or correct. The verify result is: {'error': 'No module named \'transformers\'\nTraceback (most recent call last):\n  File "/cpfs01/shared/llm_kernel/hujiakai/KernelLLM/validation_api_server/evaluator.py", line 92, in _measure_perf_worker\n    exec(textwrap.dedent(code_src), temp_module.__dict__)\n  File "<string>", line 3, in <module>\nModuleNotFoundError: No module named \'transformers\'\n'}
2025-08-08 04:31:50,581 - openevolve.evaluator - ERROR - All evaluation attempts failed for program 17182a6a-9a2f-4441-a401-3a963092d556. Last error: Error: The reference code is not valid or correct. The verify result is: {'error': 'No module named \'transformers\'\nTraceback (most recent call last):\n  File "/cpfs01/shared/llm_kernel/hujiakai/KernelLLM/validation_api_server/evaluator.py", line 92, in _measure_perf_worker\n    exec(textwrap.dedent(code_src), temp_module.__dict__)\n  File "<string>", line 3, in <module>\nModuleNotFoundError: No module named \'transformers\'\n'}
2025-08-08 04:31:50,582 - __main__ - ERROR - ðŸ’¥ å¤±è´¥ level4_13_google-reformer-enwik8_bs32_seq256: 'score'
2025-08-08 04:31:50,582 - __main__ - INFO - ======================================================================
2025-08-08 04:31:50,582 - __main__ - INFO - ðŸš€ [7/7] å¼€å§‹ level5_9_hunyuanvideo_transformer
2025-08-08 04:31:50,582 - __main__ - INFO - ======================================================================
2025-08-08 04:31:50,644 - openevolve.controller - INFO - Logging to openevolve_output/level5_9_hunyuanvideo_transformer/logs/openevolve_20250808_043150.log
2025-08-08 04:31:50,644 - openevolve.controller - INFO - Set random seed to 42 for reproducibility
2025-08-08 04:31:50,684 - openevolve.llm.ensemble - INFO - Initialized LLM ensemble with models: deepseek (weight: 0.80), deepseek (weight: 0.20)
2025-08-08 04:31:50,722 - openevolve.llm.ensemble - INFO - Initialized LLM ensemble with models: deepseek (weight: 0.80), deepseek (weight: 0.20)
2025-08-08 04:31:50,722 - openevolve.prompt.sampler - INFO - Set custom templates: system=evaluator_system_message, user=None
2025-08-08 04:31:50,723 - openevolve.database - INFO - Initialized program database with 0 programs
2025-08-08 04:31:50,745 - openevolve.evaluator - INFO - Successfully loaded evaluation function from openevolve_output/level5_9_hunyuanvideo_transformer/evaluation.py
2025-08-08 04:31:50,745 - openevolve.evaluator - INFO - Initialized evaluator with openevolve_output/level5_9_hunyuanvideo_transformer/evaluation.py
2025-08-08 04:31:50,745 - openevolve.controller - INFO - Initialized OpenEvolve with /tmp/4f77d61af07a687056a0e25f88024947.py
2025-08-08 04:31:50,745 - openevolve.controller - INFO - Adding initial program to database
2025-08-08 04:31:50,746 - openevolve.RemoteSpeedupEvaluator - INFO - [level5_9_hunyuanvideo_transformer] verify_plus payload: reference_code(58777 chars) + custom_code(58898 chars)
2025-08-08 04:31:52,989 - openevolve.RemoteSpeedupEvaluator - INFO - [level5_9_hunyuanvideo_transformer] verify_plus request success
2025-08-08 04:31:52,990 - openevolve.RemoteSpeedupEvaluator - INFO - [level5_9_hunyuanvideo_transformer] verify_plus response: {"id":"level5_9_hunyuanvideo_transformer","result":{"error":"No module named 'einops'\nTraceback (most recent call last):\n  File \"/cpfs01/shared/llm_kernel/hujiakai/KernelLLM/validation_api_server/evaluator.py\", line 92, in _measure_perf_worker\n    exec(textwrap.dedent(code_src), temp_module.__dict__)\n  File \"<string>\", line 2, in <module>\nModuleNotFoundError: No module named 'einops'\n"}}
2025-08-08 04:31:52,990 - openevolve.evaluator - WARNING - Evaluation attempt 1/4 failed for program 3b5fe5b4-fbe5-44fa-8033-f4a718436834: Error: The reference code is not valid or correct. The verify result is: {'error': 'No module named \'einops\'\nTraceback (most recent call last):\n  File "/cpfs01/shared/llm_kernel/hujiakai/KernelLLM/validation_api_server/evaluator.py", line 92, in _measure_perf_worker\n    exec(textwrap.dedent(code_src), temp_module.__dict__)\n  File "<string>", line 2, in <module>\nModuleNotFoundError: No module named \'einops\'\n'}
2025-08-08 04:31:53,994 - openevolve.RemoteSpeedupEvaluator - INFO - [level5_9_hunyuanvideo_transformer] verify_plus payload: reference_code(58777 chars) + custom_code(58898 chars)
2025-08-08 04:31:56,488 - openevolve.RemoteSpeedupEvaluator - INFO - [level5_9_hunyuanvideo_transformer] verify_plus request success
2025-08-08 04:31:56,489 - openevolve.RemoteSpeedupEvaluator - INFO - [level5_9_hunyuanvideo_transformer] verify_plus response: {"id":"level5_9_hunyuanvideo_transformer","result":{"error":"No module named 'einops'\nTraceback (most recent call last):\n  File \"/cpfs01/shared/llm_kernel/hujiakai/KernelLLM/validation_api_server/evaluator.py\", line 92, in _measure_perf_worker\n    exec(textwrap.dedent(code_src), temp_module.__dict__)\n  File \"<string>\", line 2, in <module>\nModuleNotFoundError: No module named 'einops'\n"}}
2025-08-08 04:31:56,489 - openevolve.evaluator - WARNING - Evaluation attempt 2/4 failed for program 3b5fe5b4-fbe5-44fa-8033-f4a718436834: Error: The reference code is not valid or correct. The verify result is: {'error': 'No module named \'einops\'\nTraceback (most recent call last):\n  File "/cpfs01/shared/llm_kernel/hujiakai/KernelLLM/validation_api_server/evaluator.py", line 92, in _measure_perf_worker\n    exec(textwrap.dedent(code_src), temp_module.__dict__)\n  File "<string>", line 2, in <module>\nModuleNotFoundError: No module named \'einops\'\n'}
2025-08-08 04:31:57,492 - openevolve.RemoteSpeedupEvaluator - INFO - [level5_9_hunyuanvideo_transformer] verify_plus payload: reference_code(58777 chars) + custom_code(58898 chars)
2025-08-08 04:32:00,323 - openevolve.RemoteSpeedupEvaluator - INFO - [level5_9_hunyuanvideo_transformer] verify_plus request success
2025-08-08 04:32:00,323 - openevolve.RemoteSpeedupEvaluator - INFO - [level5_9_hunyuanvideo_transformer] verify_plus response: {"id":"level5_9_hunyuanvideo_transformer","result":{"error":"No module named 'einops'\nTraceback (most recent call last):\n  File \"/cpfs01/shared/llm_kernel/hujiakai/KernelLLM/validation_api_server/evaluator.py\", line 92, in _measure_perf_worker\n    exec(textwrap.dedent(code_src), temp_module.__dict__)\n  File \"<string>\", line 2, in <module>\nModuleNotFoundError: No module named 'einops'\n"}}
2025-08-08 04:32:00,323 - openevolve.evaluator - WARNING - Evaluation attempt 3/4 failed for program 3b5fe5b4-fbe5-44fa-8033-f4a718436834: Error: The reference code is not valid or correct. The verify result is: {'error': 'No module named \'einops\'\nTraceback (most recent call last):\n  File "/cpfs01/shared/llm_kernel/hujiakai/KernelLLM/validation_api_server/evaluator.py", line 92, in _measure_perf_worker\n    exec(textwrap.dedent(code_src), temp_module.__dict__)\n  File "<string>", line 2, in <module>\nModuleNotFoundError: No module named \'einops\'\n'}
2025-08-08 04:32:01,326 - openevolve.RemoteSpeedupEvaluator - INFO - [level5_9_hunyuanvideo_transformer] verify_plus payload: reference_code(58777 chars) + custom_code(58898 chars)
2025-08-08 04:32:03,820 - openevolve.RemoteSpeedupEvaluator - INFO - [level5_9_hunyuanvideo_transformer] verify_plus request success
2025-08-08 04:32:03,821 - openevolve.RemoteSpeedupEvaluator - INFO - [level5_9_hunyuanvideo_transformer] verify_plus response: {"id":"level5_9_hunyuanvideo_transformer","result":{"error":"No module named 'einops'\nTraceback (most recent call last):\n  File \"/cpfs01/shared/llm_kernel/hujiakai/KernelLLM/validation_api_server/evaluator.py\", line 92, in _measure_perf_worker\n    exec(textwrap.dedent(code_src), temp_module.__dict__)\n  File \"<string>\", line 2, in <module>\nModuleNotFoundError: No module named 'einops'\n"}}
2025-08-08 04:32:03,821 - openevolve.evaluator - WARNING - Evaluation attempt 4/4 failed for program 3b5fe5b4-fbe5-44fa-8033-f4a718436834: Error: The reference code is not valid or correct. The verify result is: {'error': 'No module named \'einops\'\nTraceback (most recent call last):\n  File "/cpfs01/shared/llm_kernel/hujiakai/KernelLLM/validation_api_server/evaluator.py", line 92, in _measure_perf_worker\n    exec(textwrap.dedent(code_src), temp_module.__dict__)\n  File "<string>", line 2, in <module>\nModuleNotFoundError: No module named \'einops\'\n'}
2025-08-08 04:32:03,822 - openevolve.evaluator - ERROR - All evaluation attempts failed for program 3b5fe5b4-fbe5-44fa-8033-f4a718436834. Last error: Error: The reference code is not valid or correct. The verify result is: {'error': 'No module named \'einops\'\nTraceback (most recent call last):\n  File "/cpfs01/shared/llm_kernel/hujiakai/KernelLLM/validation_api_server/evaluator.py", line 92, in _measure_perf_worker\n    exec(textwrap.dedent(code_src), temp_module.__dict__)\n  File "<string>", line 2, in <module>\nModuleNotFoundError: No module named \'einops\'\n'}
2025-08-08 04:32:03,823 - __main__ - ERROR - ðŸ’¥ å¤±è´¥ level5_9_hunyuanvideo_transformer: 'score'
2025-08-08 04:32:03,823 - __main__ - INFO - ----------------------------------------------------------------------
2025-08-08 04:32:03,823 - __main__ - INFO - ðŸ“Š è¿›ç¨‹ rank=3 ç»“æŸ | æˆåŠŸ 5 | å¤±è´¥ 2
2025-08-08 04:32:03,824 - __main__ - INFO - ----------------------------------------------------------------------
