2025-08-08 02:36:22,931 - openevolve.controller - INFO - Logging to openevolve_output/level3_36_LTSMHn/logs/openevolve_20250808_023622.log
2025-08-08 02:36:22,931 - openevolve.controller - INFO - Set random seed to 42 for reproducibility
2025-08-08 02:36:22,971 - openevolve.llm.ensemble - INFO - Initialized LLM ensemble with models: deepseek (weight: 0.80), deepseek (weight: 0.20)
2025-08-08 02:36:23,010 - openevolve.llm.ensemble - INFO - Initialized LLM ensemble with models: deepseek (weight: 0.80), deepseek (weight: 0.20)
2025-08-08 02:36:23,010 - openevolve.prompt.sampler - INFO - Set custom templates: system=evaluator_system_message, user=None
2025-08-08 02:36:23,011 - openevolve.database - INFO - Initialized program database with 0 programs
2025-08-08 02:36:23,033 - openevolve.evaluator - INFO - Successfully loaded evaluation function from openevolve_output/level3_36_LTSMHn/evaluation.py
2025-08-08 02:36:23,033 - openevolve.evaluator - INFO - Initialized evaluator with openevolve_output/level3_36_LTSMHn/evaluation.py
2025-08-08 02:36:23,033 - openevolve.controller - INFO - Initialized OpenEvolve with /tmp/aeb6d937931e087abce819852876c58b.py
2025-08-08 02:36:23,033 - openevolve.controller - INFO - Adding initial program to database
2025-08-08 02:36:23,034 - openevolve.RemoteSpeedupEvaluator - INFO - [level3_36_LTSMHn] verify_plus payload: reference_code(2041 chars) + custom_code(2165 chars)
2025-08-08 02:36:34,134 - openevolve.RemoteSpeedupEvaluator - INFO - [level3_36_LTSMHn] verify_plus request success
2025-08-08 02:36:34,134 - openevolve.RemoteSpeedupEvaluator - INFO - [level3_36_LTSMHn] verify_plus response: {"id":"level3_36_LTSMHn","result":{"compiled":true,"correctness":true,"metadata":{"hardware":"NVIDIA L20Y","device":"cuda:0","correctness_trials":"(5 / 5)","reference_timing_ms":22.1,"speed_up":0.991,"custom_timing":22.3},"runtime":22.3,"runtime_stats":{"mean":22.3,"std":0.144,"min":22.2,"max":23.1,"num_trials":100,"hardware":"NVIDIA L20Y","device":"cuda:0"}}}
2025-08-08 02:36:34,134 - openevolve.evaluator - INFO - Evaluated program 1307962d-08ad-4596-ab8a-f2989ed2a9e4 in 11.10s: compiled=1.0000, correctness=1.0000, stage=reference code, passed=0.0000, score=0.0000, speed_up=1.0000, runtime_ms=22.3000, meta={'hardware': 'NVIDIA L20Y', 'device': 'cuda:0', 'correctness_trials': '(5 / 5)', 'reference_timing_ms': 22.1, 'speed_up': 0.991, 'custom_timing': 22.3}
2025-08-08 02:36:34,135 - openevolve.database - INFO - New MAP-Elites cell occupied: {'score': 0, 'complexity': 2}
2025-08-08 02:36:34,150 - openevolve.threaded_parallel - INFO - Initializing threaded evaluation pool with 3 workers
2025-08-08 02:36:34,151 - openevolve.threaded_parallel - INFO - Started thread pool with 3 threads
2025-08-08 02:36:34,151 - openevolve.threaded_parallel - INFO - Started improved parallel controller
2025-08-08 02:36:34,151 - openevolve.controller - INFO - Using island-based evolution with 3 islands
2025-08-08 02:36:34,151 - openevolve.database - INFO - Island Status:
2025-08-08 02:36:34,151 - openevolve.database - INFO -  * Island 0: 1 programs, best=0.0000, avg=0.0000, diversity=0.00, gen=0 (best: 1307962d-08ad-4596-ab8a-f2989ed2a9e4)
2025-08-08 02:36:34,151 - openevolve.database - INFO -    Island 1: 0 programs, best=0.0000, avg=0.0000, diversity=0.00, gen=0
2025-08-08 02:36:34,151 - openevolve.database - INFO -    Island 2: 0 programs, best=0.0000, avg=0.0000, diversity=0.00, gen=0
2025-08-08 02:36:34,151 - openevolve.threaded_parallel - INFO - Starting improved parallel evolution from iteration 0 for 30 iterations (total: 30)
2025-08-08 02:36:34,293 - openevolve.llm.ensemble - INFO - Initialized LLM ensemble with models: deepseek (weight: 0.80), deepseek (weight: 0.20)
2025-08-08 02:36:34,300 - openevolve.llm.ensemble - INFO - Initialized LLM ensemble with models: deepseek (weight: 0.80), deepseek (weight: 0.20)
2025-08-08 02:36:34,301 - openevolve.llm.ensemble - INFO - Initialized LLM ensemble with models: deepseek (weight: 0.80), deepseek (weight: 0.20)
2025-08-08 02:36:34,432 - openevolve.llm.ensemble - INFO - Initialized LLM ensemble with models: deepseek (weight: 0.80), deepseek (weight: 0.20)
2025-08-08 02:36:34,433 - openevolve.prompt.sampler - INFO - Set custom templates: system=evaluator_system_message, user=None
2025-08-08 02:36:34,435 - openevolve.evaluator - INFO - Successfully loaded evaluation function from openevolve_output/level3_36_LTSMHn/evaluation.py
2025-08-08 02:36:34,435 - openevolve.evaluator - INFO - Initialized evaluator with openevolve_output/level3_36_LTSMHn/evaluation.py
2025-08-08 02:36:34,437 - openevolve.llm.ensemble - INFO - Sampled model: deepseek
2025-08-08 02:36:34,443 - openevolve.llm.ensemble - INFO - Initialized LLM ensemble with models: deepseek (weight: 0.80), deepseek (weight: 0.20)
2025-08-08 02:36:34,443 - openevolve.prompt.sampler - INFO - Set custom templates: system=evaluator_system_message, user=None
2025-08-08 02:36:34,443 - openevolve.llm.ensemble - INFO - Initialized LLM ensemble with models: deepseek (weight: 0.80), deepseek (weight: 0.20)
2025-08-08 02:36:34,443 - openevolve.prompt.sampler - INFO - Set custom templates: system=evaluator_system_message, user=None
2025-08-08 02:36:34,445 - openevolve.evaluator - INFO - Successfully loaded evaluation function from openevolve_output/level3_36_LTSMHn/evaluation.py
2025-08-08 02:36:34,445 - openevolve.evaluator - INFO - Initialized evaluator with openevolve_output/level3_36_LTSMHn/evaluation.py
2025-08-08 02:36:34,445 - openevolve.evaluator - INFO - Successfully loaded evaluation function from openevolve_output/level3_36_LTSMHn/evaluation.py
2025-08-08 02:36:34,446 - openevolve.evaluator - INFO - Initialized evaluator with openevolve_output/level3_36_LTSMHn/evaluation.py
2025-08-08 02:36:34,447 - openevolve.llm.ensemble - INFO - Sampled model: deepseek
2025-08-08 02:36:34,447 - openevolve.llm.ensemble - INFO - Sampled model: deepseek
2025-08-08 02:47:04,092 - openevolve.RemoteSpeedupEvaluator - INFO - [level3_36_LTSMHn] âœ˜ invalid_answer 'import triton' is not found
2025-08-08 02:47:04,094 - openevolve.evaluator - INFO - Evaluated program 6a3af43e-979a-4f35-b6d8-a86b92fcd5f2 in 0.00s: compiled=0.0000, correctness=0.0000, score=-100.0000, stage=no_valid_triton_code, feedback=You need to generate real and valid triton code for the core function. The key word 'import triton' is not found.
2025-08-08 02:47:04,097 - openevolve.llm.ensemble - INFO - Sampled model: deepseek
2025-08-08 02:47:04,098 - openevolve.database - INFO - New MAP-Elites cell occupied: {'score': -1000, 'complexity': 0}
2025-08-08 02:47:04,145 - openevolve.threaded_parallel - INFO - Iteration 2: Program 6a3af43e-979a-4f35-b6d8-a86b92fcd5f2 (parent: 1307962d-08ad-4596-ab8a-f2989ed2a9e4) completed in 629.66s
2025-08-08 02:47:04,146 - openevolve.threaded_parallel - INFO - Metrics: compiled=0.0000, correctness=0.0000, score=-100.0000, stage=no_valid_triton_code, feedback=You need to generate real and valid triton code for the core function. The key word 'import triton' is not found.
2025-08-08 02:48:54,288 - openevolve.RemoteSpeedupEvaluator - INFO - [level3_36_LTSMHn] âœ˜ invalid_answer 'import triton' is not found
2025-08-08 02:48:54,290 - openevolve.evaluator - INFO - Evaluated program ef8f388f-68a8-420d-99e3-6d449b68d247 in 0.00s: compiled=0.0000, correctness=0.0000, score=-100.0000, stage=no_valid_triton_code, feedback=You need to generate real and valid triton code for the core function. The key word 'import triton' is not found.
2025-08-08 02:48:54,292 - openevolve.llm.ensemble - INFO - Sampled model: deepseek
2025-08-08 02:48:54,305 - openevolve.threaded_parallel - INFO - Iteration 0: Program ef8f388f-68a8-420d-99e3-6d449b68d247 (parent: 1307962d-08ad-4596-ab8a-f2989ed2a9e4) completed in 739.84s
2025-08-08 02:48:54,305 - openevolve.threaded_parallel - INFO - Metrics: compiled=0.0000, correctness=0.0000, score=-100.0000, stage=no_valid_triton_code, feedback=You need to generate real and valid triton code for the core function. The key word 'import triton' is not found.
2025-08-08 02:48:54,306 - openevolve.threaded_parallel - INFO - Checkpoint interval reached at iteration 0
2025-08-08 02:48:54,306 - openevolve.database - INFO - Island Status:
2025-08-08 02:48:54,306 - openevolve.database - INFO -  * Island 0: 3 programs, best=0.0000, avg=-66.6667, diversity=87.40, gen=2 (best: 1307962d-08ad-4596-ab8a-f2989ed2a9e4)
2025-08-08 02:48:54,306 - openevolve.database - INFO -    Island 1: 0 programs, best=0.0000, avg=0.0000, diversity=0.00, gen=0
2025-08-08 02:48:54,306 - openevolve.database - INFO -    Island 2: 0 programs, best=0.0000, avg=0.0000, diversity=0.00, gen=0
2025-08-08 02:48:54,365 - openevolve.database - INFO - Saved database with 3 programs to openevolve_output/level3_36_LTSMHn/checkpoints/checkpoint_0
2025-08-08 02:48:54,376 - openevolve.controller - INFO - Saved best program at checkpoint 0 with metrics: compiled=1.0000, correctness=1.0000, stage=reference code, passed=0.0000, score=0.0000, speed_up=1.0000, runtime_ms=22.3000, meta={'hardware': 'NVIDIA L20Y', 'device': 'cuda:0', 'correctness_trials': '(5 / 5)', 'reference_timing_ms': 22.1, 'speed_up': 0.991, 'custom_timing': 22.3}
2025-08-08 02:48:54,376 - openevolve.controller - INFO - Saved checkpoint at iteration 0 to openevolve_output/level3_36_LTSMHn/checkpoints/checkpoint_0
2025-08-08 02:52:17,574 - openevolve.RemoteSpeedupEvaluator - INFO - [level3_36_LTSMHn] âœ˜ invalid_answer 'import triton' is not found
2025-08-08 02:52:17,575 - openevolve.evaluator - INFO - Evaluated program ccb9bffa-c775-4eeb-a0df-c531e6ceca22 in 0.00s: compiled=0.0000, correctness=0.0000, score=-100.0000, stage=no_valid_triton_code, feedback=You need to generate real and valid triton code for the core function. The key word 'import triton' is not found.
2025-08-08 02:52:17,578 - openevolve.llm.ensemble - INFO - Sampled model: deepseek
2025-08-08 02:52:17,601 - openevolve.threaded_parallel - INFO - Iteration 1: Program ccb9bffa-c775-4eeb-a0df-c531e6ceca22 (parent: 1307962d-08ad-4596-ab8a-f2989ed2a9e4) completed in 943.13s
2025-08-08 02:52:17,601 - openevolve.threaded_parallel - INFO - Metrics: compiled=0.0000, correctness=0.0000, score=-100.0000, stage=no_valid_triton_code, feedback=You need to generate real and valid triton code for the core function. The key word 'import triton' is not found.
2025-08-08 02:57:07,168 - openevolve.RemoteSpeedupEvaluator - INFO - [level3_36_LTSMHn] triton key words check pass
2025-08-08 02:57:07,170 - openevolve.RemoteSpeedupEvaluator - INFO - [level3_36_LTSMHn] verify_plus payload: reference_code(2041 chars) + custom_code(1978 chars)
2025-08-08 02:57:10,663 - openevolve.RemoteSpeedupEvaluator - INFO - [level3_36_LTSMHn] verify_plus request success
2025-08-08 02:57:10,663 - openevolve.RemoteSpeedupEvaluator - INFO - [level3_36_LTSMHn] verify_plus response: {"id":"level3_36_LTSMHn","result":{"compiled":true,"correctness":false,"metadata":{"hardware":"NVIDIA L20Y","device":"cuda:1","max_difference":["0.543420","0.649808","0.545392","0.513371","0.533068"],"avg_difference":["0.047961","0.047645","0.047426","0.047477","0.047907"],"correctness_issue":"Output mismatch","correctness_trials":"(0 / 5)","reference_timing_ms":22.1,"speed_up":-1.0,"custom_timing":-1.0},"runtime":-1.0,"runtime_stats":{}}}
2025-08-08 02:57:10,663 - openevolve.RemoteSpeedupEvaluator - INFO - [level3_36_LTSMHn] âœ˜ wrong_answer
2025-08-08 02:57:10,664 - openevolve.evaluator - INFO - Evaluated program 97147581-6b66-451d-9f1c-384416977e6a in 3.50s: compiled=1.0000, correctness=0.0000, score=10.0000, stage=wrong_answer, verify_payload={'id': 'level3_36_LTSMHn', 'result': {'compiled': True, 'correctness': False, 'metadata': {'hardware': 'NVIDIA L20Y', 'device': 'cuda:1', 'max_difference': ['0.543420', '0.649808', '0.545392', '0.513371', '0.533068'], 'avg_difference': ['0.047961', '0.047645', '0.047426', '0.047477', '0.047907'], 'correctness_issue': 'Output mismatch', 'correctness_trials': '(0 / 5)', 'reference_timing_ms': 22.1, 'speed_up': -1.0, 'custom_timing': -1.0}, 'runtime': -1.0, 'runtime_stats': {}}}
2025-08-08 02:57:10,667 - openevolve.llm.ensemble - INFO - Sampled model: deepseek
2025-08-08 02:57:10,667 - openevolve.database - INFO - New MAP-Elites cell occupied: {'score': 9, 'complexity': 9}
2025-08-08 02:57:10,668 - openevolve.database - INFO - New best program 97147581-6b66-451d-9f1c-384416977e6a replaces 1307962d-08ad-4596-ab8a-f2989ed2a9e4
2025-08-08 02:57:10,674 - openevolve.threaded_parallel - INFO - Iteration 4: Program 97147581-6b66-451d-9f1c-384416977e6a (parent: 1307962d-08ad-4596-ab8a-f2989ed2a9e4) completed in 496.37s
2025-08-08 02:57:10,675 - openevolve.threaded_parallel - INFO - Metrics: compiled=1.0000, correctness=0.0000, score=10.0000, stage=wrong_answer, verify_payload={'id': 'level3_36_LTSMHn', 'result': {'compiled': True, 'correctness': False, 'metadata': {'hardware': 'NVIDIA L20Y', 'device': 'cuda:1', 'max_difference': ['0.543420', '0.649808', '0.545392', '0.513371', '0.533068'], 'avg_difference': ['0.047961', '0.047645', '0.047426', '0.047477', '0.047907'], 'correctness_issue': 'Output mismatch', 'correctness_trials': '(0 / 5)', 'reference_timing_ms': 22.1, 'speed_up': -1.0, 'custom_timing': -1.0}, 'runtime': -1.0, 'runtime_stats': {}}}
2025-08-08 02:57:10,675 - openevolve.threaded_parallel - INFO - ðŸŒŸ New best solution found at iteration 4: 97147581-6b66-451d-9f1c-384416977e6a
2025-08-08 02:58:57,850 - openevolve.RemoteSpeedupEvaluator - INFO - [level3_36_LTSMHn] âœ˜ invalid_answer 'tl.load' is not found
2025-08-08 02:58:57,852 - openevolve.evaluator - INFO - Evaluated program f5144de7-d28f-477d-85b5-8c9c3708a36c in 0.00s: compiled=0.0000, correctness=0.0000, score=-100.0000, stage=no_valid_triton_code, feedback=You need to generate real and valid triton code for the core function. The key word 'tl.load' is not found.
2025-08-08 02:58:57,855 - openevolve.llm.ensemble - INFO - Sampled model: deepseek
2025-08-08 02:58:57,858 - openevolve.database - INFO - New MAP-Elites cell occupied: {'score': -1000, 'complexity': 9}
2025-08-08 02:58:57,907 - openevolve.threaded_parallel - INFO - Iteration 3: Program f5144de7-d28f-477d-85b5-8c9c3708a36c (parent: 1307962d-08ad-4596-ab8a-f2989ed2a9e4) completed in 713.76s
2025-08-08 02:58:57,907 - openevolve.threaded_parallel - INFO - Metrics: compiled=0.0000, correctness=0.0000, score=-100.0000, stage=no_valid_triton_code, feedback=You need to generate real and valid triton code for the core function. The key word 'tl.load' is not found.
2025-08-08 02:58:57,907 - openevolve.threaded_parallel - INFO - Checkpoint interval reached at iteration 3
2025-08-08 02:58:57,908 - openevolve.database - INFO - Island Status:
2025-08-08 02:58:57,908 - openevolve.database - INFO -  * Island 0: 4 programs, best=0.0000, avg=-75.0000, diversity=392.45, gen=3 (best: 1307962d-08ad-4596-ab8a-f2989ed2a9e4)
2025-08-08 02:58:57,908 - openevolve.database - INFO -    Island 1: 1 programs, best=10.0000, avg=10.0000, diversity=0.00, gen=1 (best: 97147581-6b66-451d-9f1c-384416977e6a)
2025-08-08 02:58:57,908 - openevolve.database - INFO -    Island 2: 2 programs, best=10.0000, avg=-45.0000, diversity=105.20, gen=1 (best: f5144de7-d28f-477d-85b5-8c9c3708a36c)
2025-08-08 02:58:58,032 - openevolve.database - INFO - Saved database with 6 programs to openevolve_output/level3_36_LTSMHn/checkpoints/checkpoint_3
2025-08-08 02:58:58,042 - openevolve.controller - INFO - Saved best program at checkpoint 3 with metrics: compiled=1.0000, correctness=0.0000, score=10.0000, stage=wrong_answer, verify_payload={'id': 'level3_36_LTSMHn', 'result': {'compiled': True, 'correctness': False, 'metadata': {'hardware': 'NVIDIA L20Y', 'device': 'cuda:1', 'max_difference': ['0.543420', '0.649808', '0.545392', '0.513371', '0.533068'], 'avg_difference': ['0.047961', '0.047645', '0.047426', '0.047477', '0.047907'], 'correctness_issue': 'Output mismatch', 'correctness_trials': '(0 / 5)', 'reference_timing_ms': 22.1, 'speed_up': -1.0, 'custom_timing': -1.0}, 'runtime': -1.0, 'runtime_stats': {}}}
2025-08-08 02:58:58,043 - openevolve.controller - INFO - Saved checkpoint at iteration 3 to openevolve_output/level3_36_LTSMHn/checkpoints/checkpoint_3
2025-08-08 03:00:35,765 - openevolve.RemoteSpeedupEvaluator - INFO - [level3_36_LTSMHn] âœ˜ invalid_answer 'import triton' is not found
2025-08-08 03:00:35,767 - openevolve.evaluator - INFO - Evaluated program 18715654-6e1a-411a-b73c-ec8cda45b7c0 in 0.00s: compiled=0.0000, correctness=0.0000, score=-100.0000, stage=no_valid_triton_code, feedback=You need to generate real and valid triton code for the core function. The key word 'import triton' is not found.
2025-08-08 03:00:35,770 - openevolve.llm.ensemble - INFO - Sampled model: deepseek
2025-08-08 03:00:35,777 - openevolve.database - INFO - New MAP-Elites cell occupied: {'score': -1000, 'complexity': 1}
2025-08-08 03:00:35,784 - openevolve.threaded_parallel - INFO - Iteration 5: Program 18715654-6e1a-411a-b73c-ec8cda45b7c0 (parent: ef8f388f-68a8-420d-99e3-6d449b68d247) completed in 498.19s
2025-08-08 03:00:35,784 - openevolve.threaded_parallel - INFO - Metrics: compiled=0.0000, correctness=0.0000, score=-100.0000, stage=no_valid_triton_code, feedback=You need to generate real and valid triton code for the core function. The key word 'import triton' is not found.
2025-08-08 03:06:03,343 - openevolve.RemoteSpeedupEvaluator - INFO - [level3_36_LTSMHn] âœ˜ invalid_answer 'import triton' is not found
2025-08-08 03:06:03,345 - openevolve.evaluator - INFO - Evaluated program 23408358-76b8-4727-b05a-31afa0eec2fa in 0.00s: compiled=0.0000, correctness=0.0000, score=-100.0000, stage=no_valid_triton_code, feedback=You need to generate real and valid triton code for the core function. The key word 'import triton' is not found.
2025-08-08 03:06:03,346 - openevolve.database - INFO - New MAP-Elites cell occupied: {'score': -1000, 'complexity': 5}
2025-08-08 03:06:03,348 - openevolve.llm.ensemble - INFO - Sampled model: deepseek
2025-08-08 03:06:03,354 - openevolve.threaded_parallel - INFO - Iteration 7: Program 23408358-76b8-4727-b05a-31afa0eec2fa (parent: 97147581-6b66-451d-9f1c-384416977e6a) completed in 425.49s
2025-08-08 03:06:03,354 - openevolve.threaded_parallel - INFO - Metrics: compiled=0.0000, correctness=0.0000, score=-100.0000, stage=no_valid_triton_code, feedback=You need to generate real and valid triton code for the core function. The key word 'import triton' is not found.
2025-08-08 03:07:41,447 - openevolve.RemoteSpeedupEvaluator - INFO - [level3_36_LTSMHn] âœ˜ invalid_answer 'import triton' is not found
2025-08-08 03:07:41,449 - openevolve.evaluator - INFO - Evaluated program b801fab6-69fc-4ed0-84be-332283bb04fa in 0.00s: compiled=0.0000, correctness=0.0000, score=-100.0000, stage=no_valid_triton_code, feedback=You need to generate real and valid triton code for the core function. The key word 'import triton' is not found.
2025-08-08 03:07:41,451 - openevolve.llm.ensemble - INFO - Sampled model: deepseek
2025-08-08 03:07:41,461 - openevolve.threaded_parallel - INFO - Iteration 8: Program b801fab6-69fc-4ed0-84be-332283bb04fa (parent: 1307962d-08ad-4596-ab8a-f2989ed2a9e4) completed in 425.68s
2025-08-08 03:07:41,461 - openevolve.threaded_parallel - INFO - Metrics: compiled=0.0000, correctness=0.0000, score=-100.0000, stage=no_valid_triton_code, feedback=You need to generate real and valid triton code for the core function. The key word 'import triton' is not found.
2025-08-08 03:09:18,445 - openevolve.RemoteSpeedupEvaluator - INFO - [level3_36_LTSMHn] triton key words check pass
2025-08-08 03:09:18,448 - openevolve.RemoteSpeedupEvaluator - INFO - [level3_36_LTSMHn] verify_plus payload: reference_code(2041 chars) + custom_code(5237 chars)
2025-08-08 03:09:21,431 - openevolve.RemoteSpeedupEvaluator - INFO - [level3_36_LTSMHn] verify_plus request success
2025-08-08 03:09:21,432 - openevolve.RemoteSpeedupEvaluator - INFO - [level3_36_LTSMHn] verify_plus response: {"id":"level3_36_LTSMHn","result":{"compiled":true,"correctness":false,"metadata":{"hardware":"NVIDIA L20Y","device":"cuda:0","runtime_error":"Traceback (most recent call last):\n  File \"/cpfs01/shared/llm_kernel/hujiakai/KernelLLM/validation_api_server/helpers/evaluations.py\", line 720, in run_and_check_correctness\n    output_new = model_new(*inputs)\n  File \"/home/lijiaxing/.conda/envs/api/lib/python3.10/site-packages/torch/nn/modules/module.py\", line 1773, in _wrapped_call_impl\n    return self._call_impl(*args, **kwargs)\n  File \"/home/lijiaxing/.conda/envs/api/lib/python3.10/site-packages/torch/nn/modules/module.py\", line 1784, in _call_impl\n    return forward_call(*args, **kwargs)\n  File \"/tmp/tmp4542ubdq.py\", line 104, in forward\n    lstm_kernel[grid](\n  File \"/home/li
2025-08-08 03:09:21,432 - openevolve.RemoteSpeedupEvaluator - INFO - [level3_36_LTSMHn] âœ˜ wrong_answer
2025-08-08 03:09:21,432 - openevolve.evaluator - INFO - Evaluated program 42696560-0313-4a9f-a47d-8b332220ceb6 in 2.99s: compiled=1.0000, correctness=0.0000, score=10.0000, stage=wrong_answer, verify_payload={'id': 'level3_36_LTSMHn', 'result': {'compiled': True, 'correctness': False, 'metadata': {'hardware': 'NVIDIA L20Y', 'device': 'cuda:0', 'runtime_error': 'Traceback (most recent call last):\n  File "/cpfs01/shared/llm_kernel/hujiakai/KernelLLM/validation_api_server/helpers/evaluations.py", line 720, in run_and_check_correctness\n    output_new = model_new(*inputs)\n  File "/home/lijiaxing/.conda/envs/api/lib/python3.10/site-packages/torch/nn/modules/module.py", line 1773, in _wrapped_call_impl\n    return self._call_impl(*args, **kwargs)\n  File "/home/lijiaxing/.conda/envs/api/lib/python3.10/site-packages/torch/nn/modules/module.py", line 1784, in _call_impl\n    return forward_call(*args, **kwargs)\n  File "/tmp/tmp4542ubdq.py", line 104, in forward\n    lstm_kernel[grid](\n  File "/home/lijiaxing/.conda/envs/api/lib/python3.10/site-packages/triton/runtime/jit.py", line 390, in <lambda>\n    return lambda *args, **kwargs: self.run(grid=grid, warmup=False, *args, **kwargs)\n  File "/home/lijiaxing/.conda/envs/api/lib/python3.10/site-packages/triton/runtime/jit.py", line 594, in run\n    kernel = self.compile(src, target=target, options=options.__dict__)\n  File "/home/lijiaxing/.conda/envs/api/lib/python3.10/site-packages/triton/compiler/compiler.py", line 281, in compile\n    key = f"{triton_key()}-{src.hash()}-{backend.hash()}-{options.hash()}-{str(sorted(env_vars.items()))}"\n  File "/home/lijiaxing/.conda/envs/api/lib/python3.10/site-packages/triton/compiler/compiler.py", line 78, in hash\n    key = f"{self.fn.cache_key}-{str(self.attrs)}-{sorted_sig}-{constants_key}"\n  File "/home/lijiaxing/.conda/envs/api/lib/python3.10/site-packages/triton/runtime/jit.py", line 696, in cache_key\n    dependencies_finder.visit(self.parse())\n  File "/home/lijiaxing/.conda/envs/api/lib/python3.10/ast.py", line 418, in visit\n    return visitor(node)\n  File "/home/lijiaxing/.conda/envs/api/lib/python3.10/ast.py", line 426, in generic_visit\n    self.visit(item)\n  File "/home/lijiaxing/.conda/envs/api/lib/python3.10/ast.py", line 418, in visit\n    return visitor(node)\n  File "/home/lijiaxing/.conda/envs/api/lib/python3.10/site-packages/triton/runtime/jit.py", line 163, in visit_FunctionDef\n    self.generic_visit(node)\n  File "/home/lijiaxing/.conda/envs/api/lib/python3.10/ast.py", line 426, in generic_visit\n    self.visit(item)\n  File "/home/lijiaxing/.conda/envs/api/lib/python3.10/ast.py", line 418, in visit\n    return visitor(node)\n  File "/home/lijiaxing/.conda/envs/api/lib/python3.10/site-packages/triton/runtime/jit.py", line 217, in visit_Assign\n    self.generic_visit(node)\n  File "/home/lijiaxing/.conda/envs/api/lib/python3.10/ast.py", line 428, in generic_visit\n    self.visit(value)\n  File "/home/lijiaxing/.conda/envs/api/lib/python3.10/ast.py", line 418, in visit\n    return visitor(node)\n  File "/home/lijiaxing/.conda/envs/api/lib/python3.10/ast.py", line 428, in generic_visit\n    self.visit(value)\n  File "/home/lijiaxing/.conda/envs/api/lib/python3.10/ast.py", line 418, in visit\n    return visitor(node)\n  File "/home/lijiaxing/.conda/envs/api/lib/python3.10/site-packages/triton/runtime/jit.py", line 156, in visit_Attribute\n    ret = getattr(lhs, node.attr)\nAttributeError: module \'triton.language\' has no attribute \'tanh\'\n', 'runtime_error_name': 'builtins.AttributeError', 'reference_timing_ms': 22.1, 'speed_up': -1.0, 'custom_timing': -1.0}, 'runtime': -1.0, 'runtime_stats': {}}}
2025-08-08 03:09:21,435 - openevolve.llm.ensemble - INFO - Sampled model: deepseek
2025-08-08 03:09:21,457 - openevolve.threaded_parallel - INFO - Iteration 6: Program 42696560-0313-4a9f-a47d-8b332220ceb6 (parent: 6a3af43e-979a-4f35-b6d8-a86b92fcd5f2) completed in 730.77s
2025-08-08 03:09:21,457 - openevolve.threaded_parallel - INFO - Metrics: compiled=1.0000, correctness=0.0000, score=10.0000, stage=wrong_answer, verify_payload={'id': 'level3_36_LTSMHn', 'result': {'compiled': True, 'correctness': False, 'metadata': {'hardware': 'NVIDIA L20Y', 'device': 'cuda:0', 'runtime_error': 'Traceback (most recent call last):\n  File "/cpfs01/shared/llm_kernel/hujiakai/KernelLLM/validation_api_server/helpers/evaluations.py", line 720, in run_and_check_correctness\n    output_new = model_new(*inputs)\n  File "/home/lijiaxing/.conda/envs/api/lib/python3.10/site-packages/torch/nn/modules/module.py", line 1773, in _wrapped_call_impl\n    return self._call_impl(*args, **kwargs)\n  File "/home/lijiaxing/.conda/envs/api/lib/python3.10/site-packages/torch/nn/modules/module.py", line 1784, in _call_impl\n    return forward_call(*args, **kwargs)\n  File "/tmp/tmp4542ubdq.py", line 104, in forward\n    lstm_kernel[grid](\n  File "/home/lijiaxing/.conda/envs/api/lib/python3.10/site-packages/triton/runtime/jit.py", line 390, in <lambda>\n    return lambda *args, **kwargs: self.run(grid=grid, warmup=False, *args, **kwargs)\n  File "/home/lijiaxing/.conda/envs/api/lib/python3.10/site-packages/triton/runtime/jit.py", line 594, in run\n    kernel = self.compile(src, target=target, options=options.__dict__)\n  File "/home/lijiaxing/.conda/envs/api/lib/python3.10/site-packages/triton/compiler/compiler.py", line 281, in compile\n    key = f"{triton_key()}-{src.hash()}-{backend.hash()}-{options.hash()}-{str(sorted(env_vars.items()))}"\n  File "/home/lijiaxing/.conda/envs/api/lib/python3.10/site-packages/triton/compiler/compiler.py", line 78, in hash\n    key = f"{self.fn.cache_key}-{str(self.attrs)}-{sorted_sig}-{constants_key}"\n  File "/home/lijiaxing/.conda/envs/api/lib/python3.10/site-packages/triton/runtime/jit.py", line 696, in cache_key\n    dependencies_finder.visit(self.parse())\n  File "/home/lijiaxing/.conda/envs/api/lib/python3.10/ast.py", line 418, in visit\n    return visitor(node)\n  File "/home/lijiaxing/.conda/envs/api/lib/python3.10/ast.py", line 426, in generic_visit\n    self.visit(item)\n  File "/home/lijiaxing/.conda/envs/api/lib/python3.10/ast.py", line 418, in visit\n    return visitor(node)\n  File "/home/lijiaxing/.conda/envs/api/lib/python3.10/site-packages/triton/runtime/jit.py", line 163, in visit_FunctionDef\n    self.generic_visit(node)\n  File "/home/lijiaxing/.conda/envs/api/lib/python3.10/ast.py", line 426, in generic_visit\n    self.visit(item)\n  File "/home/lijiaxing/.conda/envs/api/lib/python3.10/ast.py", line 418, in visit\n    return visitor(node)\n  File "/home/lijiaxing/.conda/envs/api/lib/python3.10/site-packages/triton/runtime/jit.py", line 217, in visit_Assign\n    self.generic_visit(node)\n  File "/home/lijiaxing/.conda/envs/api/lib/python3.10/ast.py", line 428, in generic_visit\n    self.visit(value)\n  File "/home/lijiaxing/.conda/envs/api/lib/python3.10/ast.py", line 418, in visit\n    return visitor(node)\n  File "/home/lijiaxing/.conda/envs/api/lib/python3.10/ast.py", line 428, in generic_visit\n    self.visit(value)\n  File "/home/lijiaxing/.conda/envs/api/lib/python3.10/ast.py", line 418, in visit\n    return visitor(node)\n  File "/home/lijiaxing/.conda/envs/api/lib/python3.10/site-packages/triton/runtime/jit.py", line 156, in visit_Attribute\n    ret = getattr(lhs, node.attr)\nAttributeError: module \'triton.language\' has no attribute \'tanh\'\n', 'runtime_error_name': 'builtins.AttributeError', 'reference_timing_ms': 22.1, 'speed_up': -1.0, 'custom_timing': -1.0}, 'runtime': -1.0, 'runtime_stats': {}}}
2025-08-08 03:09:21,457 - openevolve.threaded_parallel - INFO - Checkpoint interval reached at iteration 6
2025-08-08 03:09:21,458 - openevolve.database - INFO - Island Status:
2025-08-08 03:09:21,458 - openevolve.database - INFO -    Island 0: 6 programs, best=10.0000, avg=-65.0000, diversity=788.60, gen=4 (best: 42696560-0313-4a9f-a47d-8b332220ceb6)
2025-08-08 03:09:21,458 - openevolve.database - INFO -  * Island 1: 2 programs, best=10.0000, avg=-45.0000, diversity=262.90, gen=3 (best: 97147581-6b66-451d-9f1c-384416977e6a)
2025-08-08 03:09:21,458 - openevolve.database - INFO -    Island 2: 3 programs, best=10.0000, avg=-63.3333, diversity=71.80, gen=2 (best: f5144de7-d28f-477d-85b5-8c9c3708a36c)
2025-08-08 03:09:21,567 - openevolve.database - INFO - Saved database with 10 programs to openevolve_output/level3_36_LTSMHn/checkpoints/checkpoint_6
2025-08-08 03:09:21,578 - openevolve.controller - INFO - Saved best program at checkpoint 6 with metrics: compiled=1.0000, correctness=0.0000, score=10.0000, stage=wrong_answer, verify_payload={'id': 'level3_36_LTSMHn', 'result': {'compiled': True, 'correctness': False, 'metadata': {'hardware': 'NVIDIA L20Y', 'device': 'cuda:1', 'max_difference': ['0.543420', '0.649808', '0.545392', '0.513371', '0.533068'], 'avg_difference': ['0.047961', '0.047645', '0.047426', '0.047477', '0.047907'], 'correctness_issue': 'Output mismatch', 'correctness_trials': '(0 / 5)', 'reference_timing_ms': 22.1, 'speed_up': -1.0, 'custom_timing': -1.0}, 'runtime': -1.0, 'runtime_stats': {}}}
2025-08-08 03:09:21,578 - openevolve.controller - INFO - Saved checkpoint at iteration 6 to openevolve_output/level3_36_LTSMHn/checkpoints/checkpoint_6
2025-08-08 03:11:16,788 - openevolve.RemoteSpeedupEvaluator - INFO - [level3_36_LTSMHn] âœ˜ invalid_answer '@triton.jit' is not found
2025-08-08 03:11:16,790 - openevolve.evaluator - INFO - Evaluated program 7770ef40-b469-45b3-b009-abfc58d6d52e in 0.00s: compiled=0.0000, correctness=0.0000, score=-100.0000, stage=no_valid_triton_code, feedback=You need to generate real and valid triton code for the core function. The key word '@triton.jit' is not found.
2025-08-08 03:11:16,792 - openevolve.database - INFO - New MAP-Elites cell occupied: {'score': -1000, 'complexity': 2}
2025-08-08 03:11:16,794 - openevolve.llm.ensemble - INFO - Sampled model: deepseek
2025-08-08 03:11:16,798 - openevolve.threaded_parallel - INFO - Iteration 9: Program 7770ef40-b469-45b3-b009-abfc58d6d52e (parent: 97147581-6b66-451d-9f1c-384416977e6a) completed in 313.44s
2025-08-08 03:11:16,798 - openevolve.threaded_parallel - INFO - Metrics: compiled=0.0000, correctness=0.0000, score=-100.0000, stage=no_valid_triton_code, feedback=You need to generate real and valid triton code for the core function. The key word '@triton.jit' is not found.
2025-08-08 03:11:16,799 - openevolve.threaded_parallel - INFO - Checkpoint interval reached at iteration 9
2025-08-08 03:11:16,799 - openevolve.database - INFO - Island Status:
2025-08-08 03:11:16,799 - openevolve.database - INFO -    Island 0: 6 programs, best=10.0000, avg=-65.0000, diversity=788.60, gen=4 (best: 42696560-0313-4a9f-a47d-8b332220ceb6)
2025-08-08 03:11:16,799 - openevolve.database - INFO -    Island 1: 3 programs, best=10.0000, avg=-63.3333, diversity=175.60, gen=3 (best: 97147581-6b66-451d-9f1c-384416977e6a)
2025-08-08 03:11:16,800 - openevolve.database - INFO -  * Island 2: 3 programs, best=10.0000, avg=-63.3333, diversity=71.80, gen=3 (best: f5144de7-d28f-477d-85b5-8c9c3708a36c)
2025-08-08 03:11:16,928 - openevolve.database - INFO - Saved database with 11 programs to openevolve_output/level3_36_LTSMHn/checkpoints/checkpoint_9
2025-08-08 03:11:16,939 - openevolve.controller - INFO - Saved best program at checkpoint 9 with metrics: compiled=1.0000, correctness=0.0000, score=10.0000, stage=wrong_answer, verify_payload={'id': 'level3_36_LTSMHn', 'result': {'compiled': True, 'correctness': False, 'metadata': {'hardware': 'NVIDIA L20Y', 'device': 'cuda:1', 'max_difference': ['0.543420', '0.649808', '0.545392', '0.513371', '0.533068'], 'avg_difference': ['0.047961', '0.047645', '0.047426', '0.047477', '0.047907'], 'correctness_issue': 'Output mismatch', 'correctness_trials': '(0 / 5)', 'reference_timing_ms': 22.1, 'speed_up': -1.0, 'custom_timing': -1.0}, 'runtime': -1.0, 'runtime_stats': {}}}
2025-08-08 03:11:16,939 - openevolve.controller - INFO - Saved checkpoint at iteration 9 to openevolve_output/level3_36_LTSMHn/checkpoints/checkpoint_9
2025-08-08 03:16:36,023 - openevolve.RemoteSpeedupEvaluator - INFO - [level3_36_LTSMHn] triton key words check pass
2025-08-08 03:16:36,025 - openevolve.RemoteSpeedupEvaluator - INFO - [level3_36_LTSMHn] verify_plus payload: reference_code(2041 chars) + custom_code(1895 chars)
2025-08-08 03:16:39,328 - openevolve.RemoteSpeedupEvaluator - INFO - [level3_36_LTSMHn] verify_plus request success
2025-08-08 03:16:39,328 - openevolve.RemoteSpeedupEvaluator - INFO - [level3_36_LTSMHn] verify_plus response: {"id":"level3_36_LTSMHn","result":{"compiled":true,"correctness":false,"metadata":{"hardware":"NVIDIA L20Y","device":"cuda:7","max_difference":["0.346181","0.503903","0.627236","0.707959","0.827407"],"avg_difference":["0.037700","0.043773","0.052296","0.062266","0.071577"],"correctness_issue":"Output mismatch","correctness_trials":"(0 / 5)","reference_timing_ms":22.1,"speed_up":-1.0,"custom_timing":-1.0},"runtime":-1.0,"runtime_stats":{}}}
2025-08-08 03:16:39,329 - openevolve.RemoteSpeedupEvaluator - INFO - [level3_36_LTSMHn] âœ˜ wrong_answer
2025-08-08 03:16:39,329 - openevolve.evaluator - INFO - Evaluated program b96bd2f4-ea95-4a28-b784-79fa4a9c0ee1 in 3.31s: compiled=1.0000, correctness=0.0000, score=10.0000, stage=wrong_answer, verify_payload={'id': 'level3_36_LTSMHn', 'result': {'compiled': True, 'correctness': False, 'metadata': {'hardware': 'NVIDIA L20Y', 'device': 'cuda:7', 'max_difference': ['0.346181', '0.503903', '0.627236', '0.707959', '0.827407'], 'avg_difference': ['0.037700', '0.043773', '0.052296', '0.062266', '0.071577'], 'correctness_issue': 'Output mismatch', 'correctness_trials': '(0 / 5)', 'reference_timing_ms': 22.1, 'speed_up': -1.0, 'custom_timing': -1.0}, 'runtime': -1.0, 'runtime_stats': {}}}
2025-08-08 03:16:39,331 - openevolve.database - INFO - New MAP-Elites cell occupied: {'score': 9, 'complexity': 3}
2025-08-08 03:16:39,332 - openevolve.llm.ensemble - INFO - Sampled model: deepseek
2025-08-08 03:16:39,338 - openevolve.threaded_parallel - INFO - Iteration 11: Program b96bd2f4-ea95-4a28-b784-79fa4a9c0ee1 (parent: 18715654-6e1a-411a-b73c-ec8cda45b7c0) completed in 437.89s
2025-08-08 03:16:39,338 - openevolve.threaded_parallel - INFO - Metrics: compiled=1.0000, correctness=0.0000, score=10.0000, stage=wrong_answer, verify_payload={'id': 'level3_36_LTSMHn', 'result': {'compiled': True, 'correctness': False, 'metadata': {'hardware': 'NVIDIA L20Y', 'device': 'cuda:7', 'max_difference': ['0.346181', '0.503903', '0.627236', '0.707959', '0.827407'], 'avg_difference': ['0.037700', '0.043773', '0.052296', '0.062266', '0.071577'], 'correctness_issue': 'Output mismatch', 'correctness_trials': '(0 / 5)', 'reference_timing_ms': 22.1, 'speed_up': -1.0, 'custom_timing': -1.0}, 'runtime': -1.0, 'runtime_stats': {}}}
2025-08-08 03:18:20,106 - openevolve.RemoteSpeedupEvaluator - INFO - [level3_36_LTSMHn] triton key words check pass
2025-08-08 03:18:20,108 - openevolve.RemoteSpeedupEvaluator - INFO - [level3_36_LTSMHn] verify_plus payload: reference_code(2041 chars) + custom_code(2761 chars)
2025-08-08 03:18:23,407 - openevolve.RemoteSpeedupEvaluator - INFO - [level3_36_LTSMHn] verify_plus request success
2025-08-08 03:18:23,408 - openevolve.RemoteSpeedupEvaluator - INFO - [level3_36_LTSMHn] verify_plus response: {"id":"level3_36_LTSMHn","result":{"compiled":true,"correctness":false,"metadata":{"hardware":"NVIDIA L20Y","device":"cuda:2","max_difference":["0.543420","0.649808","0.545392","0.513371","0.533068"],"avg_difference":["0.047961","0.047645","0.047426","0.047477","0.047907"],"correctness_issue":"Output mismatch","correctness_trials":"(0 / 5)","reference_timing_ms":22.1,"speed_up":-1.0,"custom_timing":-1.0},"runtime":-1.0,"runtime_stats":{}}}
2025-08-08 03:18:23,408 - openevolve.RemoteSpeedupEvaluator - INFO - [level3_36_LTSMHn] âœ˜ wrong_answer
2025-08-08 03:18:23,408 - openevolve.evaluator - INFO - Evaluated program 1332f33b-fd58-4b00-b5ab-ef8da4fca546 in 3.30s: compiled=1.0000, correctness=0.0000, score=10.0000, stage=wrong_answer, verify_payload={'id': 'level3_36_LTSMHn', 'result': {'compiled': True, 'correctness': False, 'metadata': {'hardware': 'NVIDIA L20Y', 'device': 'cuda:2', 'max_difference': ['0.543420', '0.649808', '0.545392', '0.513371', '0.533068'], 'avg_difference': ['0.047961', '0.047645', '0.047426', '0.047477', '0.047907'], 'correctness_issue': 'Output mismatch', 'correctness_trials': '(0 / 5)', 'reference_timing_ms': 22.1, 'speed_up': -1.0, 'custom_timing': -1.0}, 'runtime': -1.0, 'runtime_stats': {}}}
2025-08-08 03:18:23,412 - openevolve.llm.ensemble - INFO - Sampled model: deepseek
2025-08-08 03:18:23,413 - openevolve.database - INFO - New MAP-Elites cell occupied: {'score': 9, 'complexity': 5}
2025-08-08 03:18:23,423 - openevolve.threaded_parallel - INFO - Iteration 10: Program 1332f33b-fd58-4b00-b5ab-ef8da4fca546 (parent: 97147581-6b66-451d-9f1c-384416977e6a) completed in 641.96s
2025-08-08 03:18:23,424 - openevolve.threaded_parallel - INFO - Metrics: compiled=1.0000, correctness=0.0000, score=10.0000, stage=wrong_answer, verify_payload={'id': 'level3_36_LTSMHn', 'result': {'compiled': True, 'correctness': False, 'metadata': {'hardware': 'NVIDIA L20Y', 'device': 'cuda:2', 'max_difference': ['0.543420', '0.649808', '0.545392', '0.513371', '0.533068'], 'avg_difference': ['0.047961', '0.047645', '0.047426', '0.047477', '0.047907'], 'correctness_issue': 'Output mismatch', 'correctness_trials': '(0 / 5)', 'reference_timing_ms': 22.1, 'speed_up': -1.0, 'custom_timing': -1.0}, 'runtime': -1.0, 'runtime_stats': {}}}
2025-08-08 03:19:40,728 - openevolve.RemoteSpeedupEvaluator - INFO - [level3_36_LTSMHn] triton key words check pass
2025-08-08 03:19:40,730 - openevolve.RemoteSpeedupEvaluator - INFO - [level3_36_LTSMHn] verify_plus payload: reference_code(2041 chars) + custom_code(1996 chars)
2025-08-08 03:19:44,313 - openevolve.RemoteSpeedupEvaluator - INFO - [level3_36_LTSMHn] verify_plus request success
2025-08-08 03:19:44,313 - openevolve.RemoteSpeedupEvaluator - INFO - [level3_36_LTSMHn] verify_plus response: {"id":"level3_36_LTSMHn","result":{"compiled":true,"correctness":false,"metadata":{"hardware":"NVIDIA L20Y","device":"cuda:1","max_difference":["0.543420","0.649808","0.545392","0.513371","0.533068"],"avg_difference":["0.047961","0.047645","0.047426","0.047477","0.047907"],"correctness_issue":"Output mismatch","correctness_trials":"(0 / 5)","reference_timing_ms":22.1,"speed_up":-1.0,"custom_timing":-1.0},"runtime":-1.0,"runtime_stats":{}}}
2025-08-08 03:19:44,313 - openevolve.RemoteSpeedupEvaluator - INFO - [level3_36_LTSMHn] âœ˜ wrong_answer
2025-08-08 03:19:44,314 - openevolve.evaluator - INFO - Evaluated program cb4f8867-78a1-4d90-96d3-0630b21f2053 in 3.59s: compiled=1.0000, correctness=0.0000, score=10.0000, stage=wrong_answer, verify_payload={'id': 'level3_36_LTSMHn', 'result': {'compiled': True, 'correctness': False, 'metadata': {'hardware': 'NVIDIA L20Y', 'device': 'cuda:1', 'max_difference': ['0.543420', '0.649808', '0.545392', '0.513371', '0.533068'], 'avg_difference': ['0.047961', '0.047645', '0.047426', '0.047477', '0.047907'], 'correctness_issue': 'Output mismatch', 'correctness_trials': '(0 / 5)', 'reference_timing_ms': 22.1, 'speed_up': -1.0, 'custom_timing': -1.0}, 'runtime': -1.0, 'runtime_stats': {}}}
2025-08-08 03:19:44,317 - openevolve.llm.ensemble - INFO - Sampled model: deepseek
2025-08-08 03:19:44,372 - openevolve.threaded_parallel - INFO - Iteration 12: Program cb4f8867-78a1-4d90-96d3-0630b21f2053 (parent: 23408358-76b8-4727-b05a-31afa0eec2fa) completed in 507.52s
2025-08-08 03:19:44,372 - openevolve.threaded_parallel - INFO - Metrics: compiled=1.0000, correctness=0.0000, score=10.0000, stage=wrong_answer, verify_payload={'id': 'level3_36_LTSMHn', 'result': {'compiled': True, 'correctness': False, 'metadata': {'hardware': 'NVIDIA L20Y', 'device': 'cuda:1', 'max_difference': ['0.543420', '0.649808', '0.545392', '0.513371', '0.533068'], 'avg_difference': ['0.047961', '0.047645', '0.047426', '0.047477', '0.047907'], 'correctness_issue': 'Output mismatch', 'correctness_trials': '(0 / 5)', 'reference_timing_ms': 22.1, 'speed_up': -1.0, 'custom_timing': -1.0}, 'runtime': -1.0, 'runtime_stats': {}}}
2025-08-08 03:19:44,372 - openevolve.threaded_parallel - INFO - Checkpoint interval reached at iteration 12
2025-08-08 03:19:44,373 - openevolve.database - INFO - Island Status:
2025-08-08 03:19:44,373 - openevolve.database - INFO -    Island 0: 7 programs, best=10.0000, avg=-54.2857, diversity=628.88, gen=5 (best: 42696560-0313-4a9f-a47d-8b332220ceb6)
2025-08-08 03:19:44,373 - openevolve.database - INFO -    Island 1: 4 programs, best=10.0000, avg=-45.0000, diversity=186.67, gen=4 (best: 97147581-6b66-451d-9f1c-384416977e6a)
2025-08-08 03:19:44,373 - openevolve.database - INFO -  * Island 2: 4 programs, best=10.0000, avg=-45.0000, diversity=67.87, gen=4 (best: b96bd2f4-ea95-4a28-b784-79fa4a9c0ee1)
2025-08-08 03:19:44,529 - openevolve.database - INFO - Saved database with 14 programs to openevolve_output/level3_36_LTSMHn/checkpoints/checkpoint_12
2025-08-08 03:19:44,540 - openevolve.controller - INFO - Saved best program at checkpoint 12 with metrics: compiled=1.0000, correctness=0.0000, score=10.0000, stage=wrong_answer, verify_payload={'id': 'level3_36_LTSMHn', 'result': {'compiled': True, 'correctness': False, 'metadata': {'hardware': 'NVIDIA L20Y', 'device': 'cuda:1', 'max_difference': ['0.543420', '0.649808', '0.545392', '0.513371', '0.533068'], 'avg_difference': ['0.047961', '0.047645', '0.047426', '0.047477', '0.047907'], 'correctness_issue': 'Output mismatch', 'correctness_trials': '(0 / 5)', 'reference_timing_ms': 22.1, 'speed_up': -1.0, 'custom_timing': -1.0}, 'runtime': -1.0, 'runtime_stats': {}}}
2025-08-08 03:19:44,540 - openevolve.controller - INFO - Saved checkpoint at iteration 12 to openevolve_output/level3_36_LTSMHn/checkpoints/checkpoint_12
2025-08-08 03:22:32,600 - openevolve.RemoteSpeedupEvaluator - INFO - [level3_36_LTSMHn] triton key words check pass
2025-08-08 03:22:32,602 - openevolve.RemoteSpeedupEvaluator - INFO - [level3_36_LTSMHn] verify_plus payload: reference_code(2041 chars) + custom_code(2157 chars)
2025-08-08 03:22:36,075 - openevolve.RemoteSpeedupEvaluator - INFO - [level3_36_LTSMHn] verify_plus request success
2025-08-08 03:22:36,076 - openevolve.RemoteSpeedupEvaluator - INFO - [level3_36_LTSMHn] verify_plus response: {"id":"level3_36_LTSMHn","result":{"compiled":true,"correctness":false,"metadata":{"hardware":"NVIDIA L20Y","device":"cuda:0","max_difference":["0.543420","0.649808","0.545392","0.513371","0.533068"],"avg_difference":["0.047961","0.047645","0.047426","0.047477","0.047907"],"correctness_issue":"Output mismatch","correctness_trials":"(0 / 5)","reference_timing_ms":22.1,"speed_up":-1.0,"custom_timing":-1.0},"runtime":-1.0,"runtime_stats":{}}}
2025-08-08 03:22:36,076 - openevolve.RemoteSpeedupEvaluator - INFO - [level3_36_LTSMHn] âœ˜ wrong_answer
2025-08-08 03:22:36,076 - openevolve.evaluator - INFO - Evaluated program bbf2f70d-bc22-4eab-adb0-f3af292bf1fb in 3.48s: compiled=1.0000, correctness=0.0000, score=10.0000, stage=wrong_answer, verify_payload={'id': 'level3_36_LTSMHn', 'result': {'compiled': True, 'correctness': False, 'metadata': {'hardware': 'NVIDIA L20Y', 'device': 'cuda:0', 'max_difference': ['0.543420', '0.649808', '0.545392', '0.513371', '0.533068'], 'avg_difference': ['0.047961', '0.047645', '0.047426', '0.047477', '0.047907'], 'correctness_issue': 'Output mismatch', 'correctness_trials': '(0 / 5)', 'reference_timing_ms': 22.1, 'speed_up': -1.0, 'custom_timing': -1.0}, 'runtime': -1.0, 'runtime_stats': {}}}
2025-08-08 03:22:36,080 - openevolve.llm.ensemble - INFO - Sampled model: deepseek
2025-08-08 03:22:36,088 - openevolve.threaded_parallel - INFO - Iteration 13: Program bbf2f70d-bc22-4eab-adb0-f3af292bf1fb (parent: b801fab6-69fc-4ed0-84be-332283bb04fa) completed in 356.74s
2025-08-08 03:22:36,088 - openevolve.threaded_parallel - INFO - Metrics: compiled=1.0000, correctness=0.0000, score=10.0000, stage=wrong_answer, verify_payload={'id': 'level3_36_LTSMHn', 'result': {'compiled': True, 'correctness': False, 'metadata': {'hardware': 'NVIDIA L20Y', 'device': 'cuda:0', 'max_difference': ['0.543420', '0.649808', '0.545392', '0.513371', '0.533068'], 'avg_difference': ['0.047961', '0.047645', '0.047426', '0.047477', '0.047907'], 'correctness_issue': 'Output mismatch', 'correctness_trials': '(0 / 5)', 'reference_timing_ms': 22.1, 'speed_up': -1.0, 'custom_timing': -1.0}, 'runtime': -1.0, 'runtime_stats': {}}}
2025-08-08 03:23:43,838 - openevolve.RemoteSpeedupEvaluator - INFO - [level3_36_LTSMHn] triton key words check pass
2025-08-08 03:23:43,840 - openevolve.RemoteSpeedupEvaluator - INFO - [level3_36_LTSMHn] verify_plus payload: reference_code(2041 chars) + custom_code(5247 chars)
2025-08-08 03:23:46,843 - openevolve.RemoteSpeedupEvaluator - INFO - [level3_36_LTSMHn] verify_plus request success
2025-08-08 03:23:46,844 - openevolve.RemoteSpeedupEvaluator - INFO - [level3_36_LTSMHn] verify_plus response: {"id":"level3_36_LTSMHn","result":{"compiled":true,"correctness":false,"metadata":{"hardware":"NVIDIA L20Y","device":"cuda:2","runtime_error":"Traceback (most recent call last):\n  File \"/cpfs01/shared/llm_kernel/hujiakai/KernelLLM/validation_api_server/helpers/evaluations.py\", line 720, in run_and_check_correctness\n    output_new = model_new(*inputs)\n  File \"/home/lijiaxing/.conda/envs/api/lib/python3.10/site-packages/torch/nn/modules/module.py\", line 1773, in _wrapped_call_impl\n    return self._call_impl(*args, **kwargs)\n  File \"/home/lijiaxing/.conda/envs/api/lib/python3.10/site-packages/torch/nn/modules/module.py\", line 1784, in _call_impl\n    return forward_call(*args, **kwargs)\n  File \"/tmp/tmpb5d87oyo.py\", line 104, in forward\n    lstm_kernel[grid](\n  File \"/home/li
2025-08-08 03:23:46,844 - openevolve.RemoteSpeedupEvaluator - INFO - [level3_36_LTSMHn] âœ˜ wrong_answer
2025-08-08 03:23:46,844 - openevolve.evaluator - INFO - Evaluated program f6c4095d-993e-4513-acb3-efb10cb9d3ca in 3.01s: compiled=1.0000, correctness=0.0000, score=10.0000, stage=wrong_answer, verify_payload={'id': 'level3_36_LTSMHn', 'result': {'compiled': True, 'correctness': False, 'metadata': {'hardware': 'NVIDIA L20Y', 'device': 'cuda:2', 'runtime_error': 'Traceback (most recent call last):\n  File "/cpfs01/shared/llm_kernel/hujiakai/KernelLLM/validation_api_server/helpers/evaluations.py", line 720, in run_and_check_correctness\n    output_new = model_new(*inputs)\n  File "/home/lijiaxing/.conda/envs/api/lib/python3.10/site-packages/torch/nn/modules/module.py", line 1773, in _wrapped_call_impl\n    return self._call_impl(*args, **kwargs)\n  File "/home/lijiaxing/.conda/envs/api/lib/python3.10/site-packages/torch/nn/modules/module.py", line 1784, in _call_impl\n    return forward_call(*args, **kwargs)\n  File "/tmp/tmpb5d87oyo.py", line 104, in forward\n    lstm_kernel[grid](\n  File "/home/lijiaxing/.conda/envs/api/lib/python3.10/site-packages/triton/runtime/jit.py", line 390, in <lambda>\n    return lambda *args, **kwargs: self.run(grid=grid, warmup=False, *args, **kwargs)\n  File "/home/lijiaxing/.conda/envs/api/lib/python3.10/site-packages/triton/runtime/jit.py", line 594, in run\n    kernel = self.compile(src, target=target, options=options.__dict__)\n  File "/home/lijiaxing/.conda/envs/api/lib/python3.10/site-packages/triton/compiler/compiler.py", line 281, in compile\n    key = f"{triton_key()}-{src.hash()}-{backend.hash()}-{options.hash()}-{str(sorted(env_vars.items()))}"\n  File "/home/lijiaxing/.conda/envs/api/lib/python3.10/site-packages/triton/compiler/compiler.py", line 78, in hash\n    key = f"{self.fn.cache_key}-{str(self.attrs)}-{sorted_sig}-{constants_key}"\n  File "/home/lijiaxing/.conda/envs/api/lib/python3.10/site-packages/triton/runtime/jit.py", line 696, in cache_key\n    dependencies_finder.visit(self.parse())\n  File "/home/lijiaxing/.conda/envs/api/lib/python3.10/ast.py", line 418, in visit\n    return visitor(node)\n  File "/home/lijiaxing/.conda/envs/api/lib/python3.10/ast.py", line 426, in generic_visit\n    self.visit(item)\n  File "/home/lijiaxing/.conda/envs/api/lib/python3.10/ast.py", line 418, in visit\n    return visitor(node)\n  File "/home/lijiaxing/.conda/envs/api/lib/python3.10/site-packages/triton/runtime/jit.py", line 163, in visit_FunctionDef\n    self.generic_visit(node)\n  File "/home/lijiaxing/.conda/envs/api/lib/python3.10/ast.py", line 426, in generic_visit\n    self.visit(item)\n  File "/home/lijiaxing/.conda/envs/api/lib/python3.10/ast.py", line 418, in visit\n    return visitor(node)\n  File "/home/lijiaxing/.conda/envs/api/lib/python3.10/site-packages/triton/runtime/jit.py", line 217, in visit_Assign\n    self.generic_visit(node)\n  File "/home/lijiaxing/.conda/envs/api/lib/python3.10/ast.py", line 428, in generic_visit\n    self.visit(value)\n  File "/home/lijiaxing/.conda/envs/api/lib/python3.10/ast.py", line 418, in visit\n    return visitor(node)\n  File "/home/lijiaxing/.conda/envs/api/lib/python3.10/ast.py", line 428, in generic_visit\n    self.visit(value)\n  File "/home/lijiaxing/.conda/envs/api/lib/python3.10/ast.py", line 418, in visit\n    return visitor(node)\n  File "/home/lijiaxing/.conda/envs/api/lib/python3.10/site-packages/triton/runtime/jit.py", line 156, in visit_Attribute\n    ret = getattr(lhs, node.attr)\nAttributeError: module \'triton.language.math\' has no attribute \'tanh\'\n', 'runtime_error_name': 'builtins.AttributeError', 'reference_timing_ms': 22.1, 'speed_up': -1.0, 'custom_timing': -1.0}, 'runtime': -1.0, 'runtime_stats': {}}}
2025-08-08 03:23:46,848 - openevolve.llm.ensemble - INFO - Sampled model: deepseek
2025-08-08 03:23:46,862 - openevolve.threaded_parallel - INFO - Iteration 14: Program f6c4095d-993e-4513-acb3-efb10cb9d3ca (parent: 42696560-0313-4a9f-a47d-8b332220ceb6) completed in 323.43s
2025-08-08 03:23:46,862 - openevolve.threaded_parallel - INFO - Metrics: compiled=1.0000, correctness=0.0000, score=10.0000, stage=wrong_answer, verify_payload={'id': 'level3_36_LTSMHn', 'result': {'compiled': True, 'correctness': False, 'metadata': {'hardware': 'NVIDIA L20Y', 'device': 'cuda:2', 'runtime_error': 'Traceback (most recent call last):\n  File "/cpfs01/shared/llm_kernel/hujiakai/KernelLLM/validation_api_server/helpers/evaluations.py", line 720, in run_and_check_correctness\n    output_new = model_new(*inputs)\n  File "/home/lijiaxing/.conda/envs/api/lib/python3.10/site-packages/torch/nn/modules/module.py", line 1773, in _wrapped_call_impl\n    return self._call_impl(*args, **kwargs)\n  File "/home/lijiaxing/.conda/envs/api/lib/python3.10/site-packages/torch/nn/modules/module.py", line 1784, in _call_impl\n    return forward_call(*args, **kwargs)\n  File "/tmp/tmpb5d87oyo.py", line 104, in forward\n    lstm_kernel[grid](\n  File "/home/lijiaxing/.conda/envs/api/lib/python3.10/site-packages/triton/runtime/jit.py", line 390, in <lambda>\n    return lambda *args, **kwargs: self.run(grid=grid, warmup=False, *args, **kwargs)\n  File "/home/lijiaxing/.conda/envs/api/lib/python3.10/site-packages/triton/runtime/jit.py", line 594, in run\n    kernel = self.compile(src, target=target, options=options.__dict__)\n  File "/home/lijiaxing/.conda/envs/api/lib/python3.10/site-packages/triton/compiler/compiler.py", line 281, in compile\n    key = f"{triton_key()}-{src.hash()}-{backend.hash()}-{options.hash()}-{str(sorted(env_vars.items()))}"\n  File "/home/lijiaxing/.conda/envs/api/lib/python3.10/site-packages/triton/compiler/compiler.py", line 78, in hash\n    key = f"{self.fn.cache_key}-{str(self.attrs)}-{sorted_sig}-{constants_key}"\n  File "/home/lijiaxing/.conda/envs/api/lib/python3.10/site-packages/triton/runtime/jit.py", line 696, in cache_key\n    dependencies_finder.visit(self.parse())\n  File "/home/lijiaxing/.conda/envs/api/lib/python3.10/ast.py", line 418, in visit\n    return visitor(node)\n  File "/home/lijiaxing/.conda/envs/api/lib/python3.10/ast.py", line 426, in generic_visit\n    self.visit(item)\n  File "/home/lijiaxing/.conda/envs/api/lib/python3.10/ast.py", line 418, in visit\n    return visitor(node)\n  File "/home/lijiaxing/.conda/envs/api/lib/python3.10/site-packages/triton/runtime/jit.py", line 163, in visit_FunctionDef\n    self.generic_visit(node)\n  File "/home/lijiaxing/.conda/envs/api/lib/python3.10/ast.py", line 426, in generic_visit\n    self.visit(item)\n  File "/home/lijiaxing/.conda/envs/api/lib/python3.10/ast.py", line 418, in visit\n    return visitor(node)\n  File "/home/lijiaxing/.conda/envs/api/lib/python3.10/site-packages/triton/runtime/jit.py", line 217, in visit_Assign\n    self.generic_visit(node)\n  File "/home/lijiaxing/.conda/envs/api/lib/python3.10/ast.py", line 428, in generic_visit\n    self.visit(value)\n  File "/home/lijiaxing/.conda/envs/api/lib/python3.10/ast.py", line 418, in visit\n    return visitor(node)\n  File "/home/lijiaxing/.conda/envs/api/lib/python3.10/ast.py", line 428, in generic_visit\n    self.visit(value)\n  File "/home/lijiaxing/.conda/envs/api/lib/python3.10/ast.py", line 418, in visit\n    return visitor(node)\n  File "/home/lijiaxing/.conda/envs/api/lib/python3.10/site-packages/triton/runtime/jit.py", line 156, in visit_Attribute\n    ret = getattr(lhs, node.attr)\nAttributeError: module \'triton.language.math\' has no attribute \'tanh\'\n', 'runtime_error_name': 'builtins.AttributeError', 'reference_timing_ms': 22.1, 'speed_up': -1.0, 'custom_timing': -1.0}, 'runtime': -1.0, 'runtime_stats': {}}}
2025-08-08 03:25:33,644 - openevolve.RemoteSpeedupEvaluator - INFO - [level3_36_LTSMHn] âœ˜ invalid_answer 'tl.load' is not found
2025-08-08 03:25:33,646 - openevolve.evaluator - INFO - Evaluated program 692cd64b-25f1-419e-be70-e8757ac0998d in 0.00s: compiled=0.0000, correctness=0.0000, score=-100.0000, stage=no_valid_triton_code, feedback=You need to generate real and valid triton code for the core function. The key word 'tl.load' is not found.
2025-08-08 03:25:33,649 - openevolve.llm.ensemble - INFO - Sampled model: deepseek
2025-08-08 03:25:33,651 - openevolve.database - INFO - New MAP-Elites cell occupied: {'score': -1000, 'complexity': 3}
2025-08-08 03:25:33,651 - openevolve.database - INFO - MAP-Elites coverage reached 10.0% (10/100 cells)
2025-08-08 03:25:33,658 - openevolve.threaded_parallel - INFO - Iteration 15: Program 692cd64b-25f1-419e-be70-e8757ac0998d (parent: 7770ef40-b469-45b3-b009-abfc58d6d52e) completed in 349.33s
2025-08-08 03:25:33,658 - openevolve.threaded_parallel - INFO - Metrics: compiled=0.0000, correctness=0.0000, score=-100.0000, stage=no_valid_triton_code, feedback=You need to generate real and valid triton code for the core function. The key word 'tl.load' is not found.
2025-08-08 03:25:33,658 - openevolve.threaded_parallel - INFO - Checkpoint interval reached at iteration 15
2025-08-08 03:25:33,659 - openevolve.database - INFO - Island Status:
2025-08-08 03:25:33,659 - openevolve.database - INFO -    Island 0: 8 programs, best=10.0000, avg=-46.2500, diversity=628.88, gen=6 (best: 42696560-0313-4a9f-a47d-8b332220ceb6)
2025-08-08 03:25:33,659 - openevolve.database - INFO -    Island 1: 5 programs, best=10.0000, avg=-56.0000, diversity=192.88, gen=5 (best: 97147581-6b66-451d-9f1c-384416977e6a)
2025-08-08 03:25:33,659 - openevolve.database - INFO -  * Island 2: 5 programs, best=10.0000, avg=-34.0000, diversity=87.05, gen=5 (best: b96bd2f4-ea95-4a28-b784-79fa4a9c0ee1)
2025-08-08 03:25:33,871 - openevolve.database - INFO - Saved database with 17 programs to openevolve_output/level3_36_LTSMHn/checkpoints/checkpoint_15
2025-08-08 03:25:33,881 - openevolve.controller - INFO - Saved best program at checkpoint 15 with metrics: compiled=1.0000, correctness=0.0000, score=10.0000, stage=wrong_answer, verify_payload={'id': 'level3_36_LTSMHn', 'result': {'compiled': True, 'correctness': False, 'metadata': {'hardware': 'NVIDIA L20Y', 'device': 'cuda:1', 'max_difference': ['0.543420', '0.649808', '0.545392', '0.513371', '0.533068'], 'avg_difference': ['0.047961', '0.047645', '0.047426', '0.047477', '0.047907'], 'correctness_issue': 'Output mismatch', 'correctness_trials': '(0 / 5)', 'reference_timing_ms': 22.1, 'speed_up': -1.0, 'custom_timing': -1.0}, 'runtime': -1.0, 'runtime_stats': {}}}
2025-08-08 03:25:33,881 - openevolve.controller - INFO - Saved checkpoint at iteration 15 to openevolve_output/level3_36_LTSMHn/checkpoints/checkpoint_15
2025-08-08 03:30:15,198 - openevolve.RemoteSpeedupEvaluator - INFO - [level3_36_LTSMHn] triton key words check pass
2025-08-08 03:30:15,200 - openevolve.RemoteSpeedupEvaluator - INFO - [level3_36_LTSMHn] verify_plus payload: reference_code(2041 chars) + custom_code(1964 chars)
2025-08-08 03:30:18,394 - openevolve.RemoteSpeedupEvaluator - INFO - [level3_36_LTSMHn] verify_plus request success
2025-08-08 03:30:18,394 - openevolve.RemoteSpeedupEvaluator - INFO - [level3_36_LTSMHn] verify_plus response: {"id":"level3_36_LTSMHn","result":{"compiled":true,"correctness":false,"metadata":{"hardware":"NVIDIA L20Y","device":"cuda:3","max_difference":["0.543420","0.649808","0.545392","0.513371","0.533068"],"avg_difference":["0.047961","0.047645","0.047426","0.047477","0.047907"],"correctness_issue":"Output mismatch","correctness_trials":"(0 / 5)","reference_timing_ms":22.1,"speed_up":-1.0,"custom_timing":-1.0},"runtime":-1.0,"runtime_stats":{}}}
2025-08-08 03:30:18,394 - openevolve.RemoteSpeedupEvaluator - INFO - [level3_36_LTSMHn] âœ˜ wrong_answer
2025-08-08 03:30:18,394 - openevolve.evaluator - INFO - Evaluated program dcd5e377-9472-494c-8039-4139ad4ba1d8 in 3.20s: compiled=1.0000, correctness=0.0000, score=10.0000, stage=wrong_answer, verify_payload={'id': 'level3_36_LTSMHn', 'result': {'compiled': True, 'correctness': False, 'metadata': {'hardware': 'NVIDIA L20Y', 'device': 'cuda:3', 'max_difference': ['0.543420', '0.649808', '0.545392', '0.513371', '0.533068'], 'avg_difference': ['0.047961', '0.047645', '0.047426', '0.047477', '0.047907'], 'correctness_issue': 'Output mismatch', 'correctness_trials': '(0 / 5)', 'reference_timing_ms': 22.1, 'speed_up': -1.0, 'custom_timing': -1.0}, 'runtime': -1.0, 'runtime_stats': {}}}
2025-08-08 03:30:18,398 - openevolve.llm.ensemble - INFO - Sampled model: deepseek
2025-08-08 03:30:18,405 - openevolve.threaded_parallel - INFO - Iteration 16: Program dcd5e377-9472-494c-8039-4139ad4ba1d8 (parent: 97147581-6b66-451d-9f1c-384416977e6a) completed in 462.32s
2025-08-08 03:30:18,405 - openevolve.threaded_parallel - INFO - Metrics: compiled=1.0000, correctness=0.0000, score=10.0000, stage=wrong_answer, verify_payload={'id': 'level3_36_LTSMHn', 'result': {'compiled': True, 'correctness': False, 'metadata': {'hardware': 'NVIDIA L20Y', 'device': 'cuda:3', 'max_difference': ['0.543420', '0.649808', '0.545392', '0.513371', '0.533068'], 'avg_difference': ['0.047961', '0.047645', '0.047426', '0.047477', '0.047907'], 'correctness_issue': 'Output mismatch', 'correctness_trials': '(0 / 5)', 'reference_timing_ms': 22.1, 'speed_up': -1.0, 'custom_timing': -1.0}, 'runtime': -1.0, 'runtime_stats': {}}}
2025-08-08 03:33:01,398 - openevolve.RemoteSpeedupEvaluator - INFO - [level3_36_LTSMHn] triton key words check pass
2025-08-08 03:33:01,400 - openevolve.RemoteSpeedupEvaluator - INFO - [level3_36_LTSMHn] verify_plus payload: reference_code(2041 chars) + custom_code(1907 chars)
2025-08-08 03:33:04,700 - openevolve.RemoteSpeedupEvaluator - INFO - [level3_36_LTSMHn] verify_plus request success
2025-08-08 03:33:04,700 - openevolve.RemoteSpeedupEvaluator - INFO - [level3_36_LTSMHn] verify_plus response: {"id":"level3_36_LTSMHn","result":{"compiled":true,"correctness":false,"metadata":{"hardware":"NVIDIA L20Y","device":"cuda:4","max_difference":["0.543420","0.649808","0.545392","0.513371","0.533068"],"avg_difference":["0.047961","0.047645","0.047426","0.047477","0.047907"],"correctness_issue":"Output mismatch","correctness_trials":"(0 / 5)","reference_timing_ms":22.1,"speed_up":-1.0,"custom_timing":-1.0},"runtime":-1.0,"runtime_stats":{}}}
2025-08-08 03:33:04,700 - openevolve.RemoteSpeedupEvaluator - INFO - [level3_36_LTSMHn] âœ˜ wrong_answer
2025-08-08 03:33:04,701 - openevolve.evaluator - INFO - Evaluated program f24b979a-371d-4b74-8e4c-509f2205969a in 3.30s: compiled=1.0000, correctness=0.0000, score=10.0000, stage=wrong_answer, verify_payload={'id': 'level3_36_LTSMHn', 'result': {'compiled': True, 'correctness': False, 'metadata': {'hardware': 'NVIDIA L20Y', 'device': 'cuda:4', 'max_difference': ['0.543420', '0.649808', '0.545392', '0.513371', '0.533068'], 'avg_difference': ['0.047961', '0.047645', '0.047426', '0.047477', '0.047907'], 'correctness_issue': 'Output mismatch', 'correctness_trials': '(0 / 5)', 'reference_timing_ms': 22.1, 'speed_up': -1.0, 'custom_timing': -1.0}, 'runtime': -1.0, 'runtime_stats': {}}}
2025-08-08 03:33:04,705 - openevolve.llm.ensemble - INFO - Sampled model: deepseek
2025-08-08 03:33:04,716 - openevolve.threaded_parallel - INFO - Iteration 18: Program f24b979a-371d-4b74-8e4c-509f2205969a (parent: 7770ef40-b469-45b3-b009-abfc58d6d52e) completed in 451.05s
2025-08-08 03:33:04,716 - openevolve.threaded_parallel - INFO - Metrics: compiled=1.0000, correctness=0.0000, score=10.0000, stage=wrong_answer, verify_payload={'id': 'level3_36_LTSMHn', 'result': {'compiled': True, 'correctness': False, 'metadata': {'hardware': 'NVIDIA L20Y', 'device': 'cuda:4', 'max_difference': ['0.543420', '0.649808', '0.545392', '0.513371', '0.533068'], 'avg_difference': ['0.047961', '0.047645', '0.047426', '0.047477', '0.047907'], 'correctness_issue': 'Output mismatch', 'correctness_trials': '(0 / 5)', 'reference_timing_ms': 22.1, 'speed_up': -1.0, 'custom_timing': -1.0}, 'runtime': -1.0, 'runtime_stats': {}}}
2025-08-08 03:33:04,717 - openevolve.threaded_parallel - INFO - Checkpoint interval reached at iteration 18
2025-08-08 03:33:04,718 - openevolve.database - INFO - Island Status:
2025-08-08 03:33:04,718 - openevolve.database - INFO -    Island 0: 9 programs, best=10.0000, avg=-40.0000, diversity=628.88, gen=7 (best: 42696560-0313-4a9f-a47d-8b332220ceb6)
2025-08-08 03:33:04,718 - openevolve.database - INFO -  * Island 1: 5 programs, best=10.0000, avg=-56.0000, diversity=192.88, gen=6 (best: 97147581-6b66-451d-9f1c-384416977e6a)
2025-08-08 03:33:04,718 - openevolve.database - INFO -    Island 2: 6 programs, best=10.0000, avg=-26.6667, diversity=78.17, gen=5 (best: b96bd2f4-ea95-4a28-b784-79fa4a9c0ee1)
2025-08-08 03:33:04,954 - openevolve.database - INFO - Saved database with 19 programs to openevolve_output/level3_36_LTSMHn/checkpoints/checkpoint_18
2025-08-08 03:33:04,966 - openevolve.controller - INFO - Saved best program at checkpoint 18 with metrics: compiled=1.0000, correctness=0.0000, score=10.0000, stage=wrong_answer, verify_payload={'id': 'level3_36_LTSMHn', 'result': {'compiled': True, 'correctness': False, 'metadata': {'hardware': 'NVIDIA L20Y', 'device': 'cuda:1', 'max_difference': ['0.543420', '0.649808', '0.545392', '0.513371', '0.533068'], 'avg_difference': ['0.047961', '0.047645', '0.047426', '0.047477', '0.047907'], 'correctness_issue': 'Output mismatch', 'correctness_trials': '(0 / 5)', 'reference_timing_ms': 22.1, 'speed_up': -1.0, 'custom_timing': -1.0}, 'runtime': -1.0, 'runtime_stats': {}}}
2025-08-08 03:33:04,966 - openevolve.controller - INFO - Saved checkpoint at iteration 18 to openevolve_output/level3_36_LTSMHn/checkpoints/checkpoint_18
2025-08-08 03:35:45,132 - openevolve.RemoteSpeedupEvaluator - INFO - [level3_36_LTSMHn] triton key words check pass
2025-08-08 03:35:45,134 - openevolve.RemoteSpeedupEvaluator - INFO - [level3_36_LTSMHn] verify_plus payload: reference_code(2041 chars) + custom_code(2157 chars)
2025-08-08 03:35:48,476 - openevolve.RemoteSpeedupEvaluator - INFO - [level3_36_LTSMHn] verify_plus request success
2025-08-08 03:35:48,476 - openevolve.RemoteSpeedupEvaluator - INFO - [level3_36_LTSMHn] verify_plus response: {"id":"level3_36_LTSMHn","result":{"compiled":true,"correctness":false,"metadata":{"hardware":"NVIDIA L20Y","device":"cuda:1","max_difference":["0.543420","0.649808","0.545392","0.513371","0.533068"],"avg_difference":["0.047961","0.047645","0.047426","0.047477","0.047907"],"correctness_issue":"Output mismatch","correctness_trials":"(0 / 5)","reference_timing_ms":22.1,"speed_up":-1.0,"custom_timing":-1.0},"runtime":-1.0,"runtime_stats":{}}}
2025-08-08 03:35:48,476 - openevolve.RemoteSpeedupEvaluator - INFO - [level3_36_LTSMHn] âœ˜ wrong_answer
2025-08-08 03:35:48,476 - openevolve.evaluator - INFO - Evaluated program 1db3c326-99ec-44fe-9133-82ee7db6530c in 3.35s: compiled=1.0000, correctness=0.0000, score=10.0000, stage=wrong_answer, verify_payload={'id': 'level3_36_LTSMHn', 'result': {'compiled': True, 'correctness': False, 'metadata': {'hardware': 'NVIDIA L20Y', 'device': 'cuda:1', 'max_difference': ['0.543420', '0.649808', '0.545392', '0.513371', '0.533068'], 'avg_difference': ['0.047961', '0.047645', '0.047426', '0.047477', '0.047907'], 'correctness_issue': 'Output mismatch', 'correctness_trials': '(0 / 5)', 'reference_timing_ms': 22.1, 'speed_up': -1.0, 'custom_timing': -1.0}, 'runtime': -1.0, 'runtime_stats': {}}}
2025-08-08 03:35:48,481 - openevolve.llm.ensemble - INFO - Sampled model: deepseek
2025-08-08 03:35:48,493 - openevolve.threaded_parallel - INFO - Iteration 19: Program 1db3c326-99ec-44fe-9133-82ee7db6530c (parent: f5144de7-d28f-477d-85b5-8c9c3708a36c) completed in 330.08s
2025-08-08 03:35:48,494 - openevolve.threaded_parallel - INFO - Metrics: compiled=1.0000, correctness=0.0000, score=10.0000, stage=wrong_answer, verify_payload={'id': 'level3_36_LTSMHn', 'result': {'compiled': True, 'correctness': False, 'metadata': {'hardware': 'NVIDIA L20Y', 'device': 'cuda:1', 'max_difference': ['0.543420', '0.649808', '0.545392', '0.513371', '0.533068'], 'avg_difference': ['0.047961', '0.047645', '0.047426', '0.047477', '0.047907'], 'correctness_issue': 'Output mismatch', 'correctness_trials': '(0 / 5)', 'reference_timing_ms': 22.1, 'speed_up': -1.0, 'custom_timing': -1.0}, 'runtime': -1.0, 'runtime_stats': {}}}
2025-08-08 03:40:45,022 - openevolve.RemoteSpeedupEvaluator - INFO - [level3_36_LTSMHn] triton key words check pass
2025-08-08 03:40:45,024 - openevolve.RemoteSpeedupEvaluator - INFO - [level3_36_LTSMHn] verify_plus payload: reference_code(2041 chars) + custom_code(2297 chars)
2025-08-08 03:40:48,458 - openevolve.RemoteSpeedupEvaluator - INFO - [level3_36_LTSMHn] verify_plus request success
2025-08-08 03:40:48,458 - openevolve.RemoteSpeedupEvaluator - INFO - [level3_36_LTSMHn] verify_plus response: {"id":"level3_36_LTSMHn","result":{"compiled":true,"correctness":false,"metadata":{"hardware":"NVIDIA L20Y","device":"cuda:5","max_difference":["0.543420","0.649808","0.545392","0.513371","0.533068"],"avg_difference":["0.047961","0.047645","0.047426","0.047477","0.047907"],"correctness_issue":"Output mismatch","correctness_trials":"(0 / 5)","reference_timing_ms":22.1,"speed_up":-1.0,"custom_timing":-1.0},"runtime":-1.0,"runtime_stats":{}}}
2025-08-08 03:40:48,458 - openevolve.RemoteSpeedupEvaluator - INFO - [level3_36_LTSMHn] âœ˜ wrong_answer
2025-08-08 03:40:48,459 - openevolve.evaluator - INFO - Evaluated program 11f52646-ea57-488f-9e1e-321c85ef34c2 in 3.44s: compiled=1.0000, correctness=0.0000, score=10.0000, stage=wrong_answer, verify_payload={'id': 'level3_36_LTSMHn', 'result': {'compiled': True, 'correctness': False, 'metadata': {'hardware': 'NVIDIA L20Y', 'device': 'cuda:5', 'max_difference': ['0.543420', '0.649808', '0.545392', '0.513371', '0.533068'], 'avg_difference': ['0.047961', '0.047645', '0.047426', '0.047477', '0.047907'], 'correctness_issue': 'Output mismatch', 'correctness_trials': '(0 / 5)', 'reference_timing_ms': 22.1, 'speed_up': -1.0, 'custom_timing': -1.0}, 'runtime': -1.0, 'runtime_stats': {}}}
2025-08-08 03:40:48,464 - openevolve.llm.ensemble - INFO - Sampled model: deepseek
2025-08-08 03:40:48,468 - openevolve.database - INFO - New MAP-Elites cell occupied: {'score': 9, 'complexity': 4}
2025-08-08 03:40:48,476 - openevolve.threaded_parallel - INFO - Iteration 17: Program 11f52646-ea57-488f-9e1e-321c85ef34c2 (parent: 6a3af43e-979a-4f35-b6d8-a86b92fcd5f2) completed in 1021.61s
2025-08-08 03:40:48,476 - openevolve.threaded_parallel - INFO - Metrics: compiled=1.0000, correctness=0.0000, score=10.0000, stage=wrong_answer, verify_payload={'id': 'level3_36_LTSMHn', 'result': {'compiled': True, 'correctness': False, 'metadata': {'hardware': 'NVIDIA L20Y', 'device': 'cuda:5', 'max_difference': ['0.543420', '0.649808', '0.545392', '0.513371', '0.533068'], 'avg_difference': ['0.047961', '0.047645', '0.047426', '0.047477', '0.047907'], 'correctness_issue': 'Output mismatch', 'correctness_trials': '(0 / 5)', 'reference_timing_ms': 22.1, 'speed_up': -1.0, 'custom_timing': -1.0}, 'runtime': -1.0, 'runtime_stats': {}}}
2025-08-08 03:42:09,575 - openevolve.RemoteSpeedupEvaluator - INFO - [level3_36_LTSMHn] triton key words check pass
2025-08-08 03:42:09,577 - openevolve.RemoteSpeedupEvaluator - INFO - [level3_36_LTSMHn] verify_plus payload: reference_code(2041 chars) + custom_code(5247 chars)
2025-08-08 03:42:12,803 - openevolve.RemoteSpeedupEvaluator - INFO - [level3_36_LTSMHn] verify_plus request success
2025-08-08 03:42:12,804 - openevolve.RemoteSpeedupEvaluator - INFO - [level3_36_LTSMHn] verify_plus response: {"id":"level3_36_LTSMHn","result":{"compiled":true,"correctness":false,"metadata":{"hardware":"NVIDIA L20Y","device":"cuda:4","runtime_error":"Traceback (most recent call last):\n  File \"/cpfs01/shared/llm_kernel/hujiakai/KernelLLM/validation_api_server/helpers/evaluations.py\", line 720, in run_and_check_correctness\n    output_new = model_new(*inputs)\n  File \"/home/lijiaxing/.conda/envs/api/lib/python3.10/site-packages/torch/nn/modules/module.py\", line 1773, in _wrapped_call_impl\n    return self._call_impl(*args, **kwargs)\n  File \"/home/lijiaxing/.conda/envs/api/lib/python3.10/site-packages/torch/nn/modules/module.py\", line 1784, in _call_impl\n    return forward_call(*args, **kwargs)\n  File \"/tmp/tmp5ggytb_i.py\", line 104, in forward\n    lstm_kernel[grid](\n  File \"/home/li
2025-08-08 03:42:12,804 - openevolve.RemoteSpeedupEvaluator - INFO - [level3_36_LTSMHn] âœ˜ wrong_answer
2025-08-08 03:42:12,804 - openevolve.evaluator - INFO - Evaluated program 74817db4-4bf4-4074-8bdd-edd6e6daf6c1 in 3.23s: compiled=1.0000, correctness=0.0000, score=10.0000, stage=wrong_answer, verify_payload={'id': 'level3_36_LTSMHn', 'result': {'compiled': True, 'correctness': False, 'metadata': {'hardware': 'NVIDIA L20Y', 'device': 'cuda:4', 'runtime_error': 'Traceback (most recent call last):\n  File "/cpfs01/shared/llm_kernel/hujiakai/KernelLLM/validation_api_server/helpers/evaluations.py", line 720, in run_and_check_correctness\n    output_new = model_new(*inputs)\n  File "/home/lijiaxing/.conda/envs/api/lib/python3.10/site-packages/torch/nn/modules/module.py", line 1773, in _wrapped_call_impl\n    return self._call_impl(*args, **kwargs)\n  File "/home/lijiaxing/.conda/envs/api/lib/python3.10/site-packages/torch/nn/modules/module.py", line 1784, in _call_impl\n    return forward_call(*args, **kwargs)\n  File "/tmp/tmp5ggytb_i.py", line 104, in forward\n    lstm_kernel[grid](\n  File "/home/lijiaxing/.conda/envs/api/lib/python3.10/site-packages/triton/runtime/jit.py", line 390, in <lambda>\n    return lambda *args, **kwargs: self.run(grid=grid, warmup=False, *args, **kwargs)\n  File "/home/lijiaxing/.conda/envs/api/lib/python3.10/site-packages/triton/runtime/jit.py", line 594, in run\n    kernel = self.compile(src, target=target, options=options.__dict__)\n  File "/home/lijiaxing/.conda/envs/api/lib/python3.10/site-packages/triton/compiler/compiler.py", line 281, in compile\n    key = f"{triton_key()}-{src.hash()}-{backend.hash()}-{options.hash()}-{str(sorted(env_vars.items()))}"\n  File "/home/lijiaxing/.conda/envs/api/lib/python3.10/site-packages/triton/compiler/compiler.py", line 78, in hash\n    key = f"{self.fn.cache_key}-{str(self.attrs)}-{sorted_sig}-{constants_key}"\n  File "/home/lijiaxing/.conda/envs/api/lib/python3.10/site-packages/triton/runtime/jit.py", line 696, in cache_key\n    dependencies_finder.visit(self.parse())\n  File "/home/lijiaxing/.conda/envs/api/lib/python3.10/ast.py", line 418, in visit\n    return visitor(node)\n  File "/home/lijiaxing/.conda/envs/api/lib/python3.10/ast.py", line 426, in generic_visit\n    self.visit(item)\n  File "/home/lijiaxing/.conda/envs/api/lib/python3.10/ast.py", line 418, in visit\n    return visitor(node)\n  File "/home/lijiaxing/.conda/envs/api/lib/python3.10/site-packages/triton/runtime/jit.py", line 163, in visit_FunctionDef\n    self.generic_visit(node)\n  File "/home/lijiaxing/.conda/envs/api/lib/python3.10/ast.py", line 426, in generic_visit\n    self.visit(item)\n  File "/home/lijiaxing/.conda/envs/api/lib/python3.10/ast.py", line 418, in visit\n    return visitor(node)\n  File "/home/lijiaxing/.conda/envs/api/lib/python3.10/site-packages/triton/runtime/jit.py", line 217, in visit_Assign\n    self.generic_visit(node)\n  File "/home/lijiaxing/.conda/envs/api/lib/python3.10/ast.py", line 428, in generic_visit\n    self.visit(value)\n  File "/home/lijiaxing/.conda/envs/api/lib/python3.10/ast.py", line 418, in visit\n    return visitor(node)\n  File "/home/lijiaxing/.conda/envs/api/lib/python3.10/ast.py", line 428, in generic_visit\n    self.visit(value)\n  File "/home/lijiaxing/.conda/envs/api/lib/python3.10/ast.py", line 418, in visit\n    return visitor(node)\n  File "/home/lijiaxing/.conda/envs/api/lib/python3.10/site-packages/triton/runtime/jit.py", line 156, in visit_Attribute\n    ret = getattr(lhs, node.attr)\nAttributeError: module \'triton.language.math\' has no attribute \'tanh\'\n', 'runtime_error_name': 'builtins.AttributeError', 'reference_timing_ms': 22.1, 'speed_up': -1.0, 'custom_timing': -1.0}, 'runtime': -1.0, 'runtime_stats': {}}}
2025-08-08 03:42:12,808 - openevolve.llm.ensemble - INFO - Sampled model: deepseek
2025-08-08 03:42:12,827 - openevolve.threaded_parallel - INFO - Iteration 20: Program 74817db4-4bf4-4074-8bdd-edd6e6daf6c1 (parent: 42696560-0313-4a9f-a47d-8b332220ceb6) completed in 548.10s
2025-08-08 03:42:12,827 - openevolve.threaded_parallel - INFO - Metrics: compiled=1.0000, correctness=0.0000, score=10.0000, stage=wrong_answer, verify_payload={'id': 'level3_36_LTSMHn', 'result': {'compiled': True, 'correctness': False, 'metadata': {'hardware': 'NVIDIA L20Y', 'device': 'cuda:4', 'runtime_error': 'Traceback (most recent call last):\n  File "/cpfs01/shared/llm_kernel/hujiakai/KernelLLM/validation_api_server/helpers/evaluations.py", line 720, in run_and_check_correctness\n    output_new = model_new(*inputs)\n  File "/home/lijiaxing/.conda/envs/api/lib/python3.10/site-packages/torch/nn/modules/module.py", line 1773, in _wrapped_call_impl\n    return self._call_impl(*args, **kwargs)\n  File "/home/lijiaxing/.conda/envs/api/lib/python3.10/site-packages/torch/nn/modules/module.py", line 1784, in _call_impl\n    return forward_call(*args, **kwargs)\n  File "/tmp/tmp5ggytb_i.py", line 104, in forward\n    lstm_kernel[grid](\n  File "/home/lijiaxing/.conda/envs/api/lib/python3.10/site-packages/triton/runtime/jit.py", line 390, in <lambda>\n    return lambda *args, **kwargs: self.run(grid=grid, warmup=False, *args, **kwargs)\n  File "/home/lijiaxing/.conda/envs/api/lib/python3.10/site-packages/triton/runtime/jit.py", line 594, in run\n    kernel = self.compile(src, target=target, options=options.__dict__)\n  File "/home/lijiaxing/.conda/envs/api/lib/python3.10/site-packages/triton/compiler/compiler.py", line 281, in compile\n    key = f"{triton_key()}-{src.hash()}-{backend.hash()}-{options.hash()}-{str(sorted(env_vars.items()))}"\n  File "/home/lijiaxing/.conda/envs/api/lib/python3.10/site-packages/triton/compiler/compiler.py", line 78, in hash\n    key = f"{self.fn.cache_key}-{str(self.attrs)}-{sorted_sig}-{constants_key}"\n  File "/home/lijiaxing/.conda/envs/api/lib/python3.10/site-packages/triton/runtime/jit.py", line 696, in cache_key\n    dependencies_finder.visit(self.parse())\n  File "/home/lijiaxing/.conda/envs/api/lib/python3.10/ast.py", line 418, in visit\n    return visitor(node)\n  File "/home/lijiaxing/.conda/envs/api/lib/python3.10/ast.py", line 426, in generic_visit\n    self.visit(item)\n  File "/home/lijiaxing/.conda/envs/api/lib/python3.10/ast.py", line 418, in visit\n    return visitor(node)\n  File "/home/lijiaxing/.conda/envs/api/lib/python3.10/site-packages/triton/runtime/jit.py", line 163, in visit_FunctionDef\n    self.generic_visit(node)\n  File "/home/lijiaxing/.conda/envs/api/lib/python3.10/ast.py", line 426, in generic_visit\n    self.visit(item)\n  File "/home/lijiaxing/.conda/envs/api/lib/python3.10/ast.py", line 418, in visit\n    return visitor(node)\n  File "/home/lijiaxing/.conda/envs/api/lib/python3.10/site-packages/triton/runtime/jit.py", line 217, in visit_Assign\n    self.generic_visit(node)\n  File "/home/lijiaxing/.conda/envs/api/lib/python3.10/ast.py", line 428, in generic_visit\n    self.visit(value)\n  File "/home/lijiaxing/.conda/envs/api/lib/python3.10/ast.py", line 418, in visit\n    return visitor(node)\n  File "/home/lijiaxing/.conda/envs/api/lib/python3.10/ast.py", line 428, in generic_visit\n    self.visit(value)\n  File "/home/lijiaxing/.conda/envs/api/lib/python3.10/ast.py", line 418, in visit\n    return visitor(node)\n  File "/home/lijiaxing/.conda/envs/api/lib/python3.10/site-packages/triton/runtime/jit.py", line 156, in visit_Attribute\n    ret = getattr(lhs, node.attr)\nAttributeError: module \'triton.language.math\' has no attribute \'tanh\'\n', 'runtime_error_name': 'builtins.AttributeError', 'reference_timing_ms': 22.1, 'speed_up': -1.0, 'custom_timing': -1.0}, 'runtime': -1.0, 'runtime_stats': {}}}
2025-08-08 03:43:57,694 - openevolve.RemoteSpeedupEvaluator - INFO - [level3_36_LTSMHn] triton key words check pass
2025-08-08 03:43:57,695 - openevolve.RemoteSpeedupEvaluator - INFO - [level3_36_LTSMHn] verify_plus payload: reference_code(2041 chars) + custom_code(2118 chars)
2025-08-08 03:44:01,276 - openevolve.RemoteSpeedupEvaluator - INFO - [level3_36_LTSMHn] verify_plus request success
2025-08-08 03:44:01,276 - openevolve.RemoteSpeedupEvaluator - INFO - [level3_36_LTSMHn] verify_plus response: {"id":"level3_36_LTSMHn","result":{"compiled":true,"correctness":false,"metadata":{"hardware":"NVIDIA L20Y","device":"cuda:2","max_difference":["0.543420","0.649808","0.545392","0.513371","0.533068"],"avg_difference":["0.047961","0.047645","0.047426","0.047477","0.047907"],"correctness_issue":"Output mismatch","correctness_trials":"(0 / 5)","reference_timing_ms":22.1,"speed_up":-1.0,"custom_timing":-1.0},"runtime":-1.0,"runtime_stats":{}}}
2025-08-08 03:44:01,276 - openevolve.RemoteSpeedupEvaluator - INFO - [level3_36_LTSMHn] âœ˜ wrong_answer
2025-08-08 03:44:01,276 - openevolve.evaluator - INFO - Evaluated program 495ec92f-4b29-4ea7-924d-2d2eee438782 in 3.58s: compiled=1.0000, correctness=0.0000, score=10.0000, stage=wrong_answer, verify_payload={'id': 'level3_36_LTSMHn', 'result': {'compiled': True, 'correctness': False, 'metadata': {'hardware': 'NVIDIA L20Y', 'device': 'cuda:2', 'max_difference': ['0.543420', '0.649808', '0.545392', '0.513371', '0.533068'], 'avg_difference': ['0.047961', '0.047645', '0.047426', '0.047477', '0.047907'], 'correctness_issue': 'Output mismatch', 'correctness_trials': '(0 / 5)', 'reference_timing_ms': 22.1, 'speed_up': -1.0, 'custom_timing': -1.0}, 'runtime': -1.0, 'runtime_stats': {}}}
2025-08-08 03:44:01,280 - openevolve.llm.ensemble - INFO - Sampled model: deepseek
2025-08-08 03:44:01,291 - openevolve.threaded_parallel - INFO - Iteration 21: Program 495ec92f-4b29-4ea7-924d-2d2eee438782 (parent: cb4f8867-78a1-4d90-96d3-0630b21f2053) completed in 492.80s
2025-08-08 03:44:01,291 - openevolve.threaded_parallel - INFO - Metrics: compiled=1.0000, correctness=0.0000, score=10.0000, stage=wrong_answer, verify_payload={'id': 'level3_36_LTSMHn', 'result': {'compiled': True, 'correctness': False, 'metadata': {'hardware': 'NVIDIA L20Y', 'device': 'cuda:2', 'max_difference': ['0.543420', '0.649808', '0.545392', '0.513371', '0.533068'], 'avg_difference': ['0.047961', '0.047645', '0.047426', '0.047477', '0.047907'], 'correctness_issue': 'Output mismatch', 'correctness_trials': '(0 / 5)', 'reference_timing_ms': 22.1, 'speed_up': -1.0, 'custom_timing': -1.0}, 'runtime': -1.0, 'runtime_stats': {}}}
2025-08-08 03:44:01,291 - openevolve.threaded_parallel - INFO - Checkpoint interval reached at iteration 21
2025-08-08 03:44:01,292 - openevolve.database - INFO - Island Status:
2025-08-08 03:44:01,292 - openevolve.database - INFO -    Island 0: 10 programs, best=10.0000, avg=-35.0000, diversity=628.88, gen=8 (best: 42696560-0313-4a9f-a47d-8b332220ceb6)
2025-08-08 03:44:01,292 - openevolve.database - INFO -    Island 1: 7 programs, best=10.0000, avg=-37.1429, diversity=253.53, gen=7 (best: 97147581-6b66-451d-9f1c-384416977e6a)
2025-08-08 03:44:01,292 - openevolve.database - INFO -  * Island 2: 7 programs, best=10.0000, avg=-21.4286, diversity=158.30, gen=7 (best: b96bd2f4-ea95-4a28-b784-79fa4a9c0ee1)
2025-08-08 03:44:01,572 - openevolve.database - INFO - Saved database with 23 programs to openevolve_output/level3_36_LTSMHn/checkpoints/checkpoint_21
2025-08-08 03:44:01,582 - openevolve.controller - INFO - Saved best program at checkpoint 21 with metrics: compiled=1.0000, correctness=0.0000, score=10.0000, stage=wrong_answer, verify_payload={'id': 'level3_36_LTSMHn', 'result': {'compiled': True, 'correctness': False, 'metadata': {'hardware': 'NVIDIA L20Y', 'device': 'cuda:1', 'max_difference': ['0.543420', '0.649808', '0.545392', '0.513371', '0.533068'], 'avg_difference': ['0.047961', '0.047645', '0.047426', '0.047477', '0.047907'], 'correctness_issue': 'Output mismatch', 'correctness_trials': '(0 / 5)', 'reference_timing_ms': 22.1, 'speed_up': -1.0, 'custom_timing': -1.0}, 'runtime': -1.0, 'runtime_stats': {}}}
2025-08-08 03:44:01,583 - openevolve.controller - INFO - Saved checkpoint at iteration 21 to openevolve_output/level3_36_LTSMHn/checkpoints/checkpoint_21
2025-08-08 03:45:51,093 - openevolve.RemoteSpeedupEvaluator - INFO - [level3_36_LTSMHn] triton key words check pass
2025-08-08 03:45:51,094 - openevolve.RemoteSpeedupEvaluator - INFO - [level3_36_LTSMHn] verify_plus payload: reference_code(2041 chars) + custom_code(5247 chars)
2025-08-08 03:45:54,038 - openevolve.RemoteSpeedupEvaluator - INFO - [level3_36_LTSMHn] verify_plus request success
2025-08-08 03:45:54,038 - openevolve.RemoteSpeedupEvaluator - INFO - [level3_36_LTSMHn] verify_plus response: {"id":"level3_36_LTSMHn","result":{"compiled":true,"correctness":false,"metadata":{"hardware":"NVIDIA L20Y","device":"cuda:6","runtime_error":"Traceback (most recent call last):\n  File \"/cpfs01/shared/llm_kernel/hujiakai/KernelLLM/validation_api_server/helpers/evaluations.py\", line 720, in run_and_check_correctness\n    output_new = model_new(*inputs)\n  File \"/home/lijiaxing/.conda/envs/api/lib/python3.10/site-packages/torch/nn/modules/module.py\", line 1773, in _wrapped_call_impl\n    return self._call_impl(*args, **kwargs)\n  File \"/home/lijiaxing/.conda/envs/api/lib/python3.10/site-packages/torch/nn/modules/module.py\", line 1784, in _call_impl\n    return forward_call(*args, **kwargs)\n  File \"/tmp/tmpeir550uv.py\", line 104, in forward\n    lstm_kernel[grid](\n  File \"/home/li
2025-08-08 03:45:54,039 - openevolve.RemoteSpeedupEvaluator - INFO - [level3_36_LTSMHn] âœ˜ wrong_answer
2025-08-08 03:45:54,039 - openevolve.evaluator - INFO - Evaluated program dcd14acd-8e7f-4f3d-bfd5-48919109e3ed in 2.95s: compiled=1.0000, correctness=0.0000, score=10.0000, stage=wrong_answer, verify_payload={'id': 'level3_36_LTSMHn', 'result': {'compiled': True, 'correctness': False, 'metadata': {'hardware': 'NVIDIA L20Y', 'device': 'cuda:6', 'runtime_error': 'Traceback (most recent call last):\n  File "/cpfs01/shared/llm_kernel/hujiakai/KernelLLM/validation_api_server/helpers/evaluations.py", line 720, in run_and_check_correctness\n    output_new = model_new(*inputs)\n  File "/home/lijiaxing/.conda/envs/api/lib/python3.10/site-packages/torch/nn/modules/module.py", line 1773, in _wrapped_call_impl\n    return self._call_impl(*args, **kwargs)\n  File "/home/lijiaxing/.conda/envs/api/lib/python3.10/site-packages/torch/nn/modules/module.py", line 1784, in _call_impl\n    return forward_call(*args, **kwargs)\n  File "/tmp/tmpeir550uv.py", line 104, in forward\n    lstm_kernel[grid](\n  File "/home/lijiaxing/.conda/envs/api/lib/python3.10/site-packages/triton/runtime/jit.py", line 390, in <lambda>\n    return lambda *args, **kwargs: self.run(grid=grid, warmup=False, *args, **kwargs)\n  File "/home/lijiaxing/.conda/envs/api/lib/python3.10/site-packages/triton/runtime/jit.py", line 594, in run\n    kernel = self.compile(src, target=target, options=options.__dict__)\n  File "/home/lijiaxing/.conda/envs/api/lib/python3.10/site-packages/triton/compiler/compiler.py", line 281, in compile\n    key = f"{triton_key()}-{src.hash()}-{backend.hash()}-{options.hash()}-{str(sorted(env_vars.items()))}"\n  File "/home/lijiaxing/.conda/envs/api/lib/python3.10/site-packages/triton/compiler/compiler.py", line 78, in hash\n    key = f"{self.fn.cache_key}-{str(self.attrs)}-{sorted_sig}-{constants_key}"\n  File "/home/lijiaxing/.conda/envs/api/lib/python3.10/site-packages/triton/runtime/jit.py", line 696, in cache_key\n    dependencies_finder.visit(self.parse())\n  File "/home/lijiaxing/.conda/envs/api/lib/python3.10/ast.py", line 418, in visit\n    return visitor(node)\n  File "/home/lijiaxing/.conda/envs/api/lib/python3.10/ast.py", line 426, in generic_visit\n    self.visit(item)\n  File "/home/lijiaxing/.conda/envs/api/lib/python3.10/ast.py", line 418, in visit\n    return visitor(node)\n  File "/home/lijiaxing/.conda/envs/api/lib/python3.10/site-packages/triton/runtime/jit.py", line 163, in visit_FunctionDef\n    self.generic_visit(node)\n  File "/home/lijiaxing/.conda/envs/api/lib/python3.10/ast.py", line 426, in generic_visit\n    self.visit(item)\n  File "/home/lijiaxing/.conda/envs/api/lib/python3.10/ast.py", line 418, in visit\n    return visitor(node)\n  File "/home/lijiaxing/.conda/envs/api/lib/python3.10/site-packages/triton/runtime/jit.py", line 217, in visit_Assign\n    self.generic_visit(node)\n  File "/home/lijiaxing/.conda/envs/api/lib/python3.10/ast.py", line 428, in generic_visit\n    self.visit(value)\n  File "/home/lijiaxing/.conda/envs/api/lib/python3.10/ast.py", line 418, in visit\n    return visitor(node)\n  File "/home/lijiaxing/.conda/envs/api/lib/python3.10/ast.py", line 428, in generic_visit\n    self.visit(value)\n  File "/home/lijiaxing/.conda/envs/api/lib/python3.10/ast.py", line 418, in visit\n    return visitor(node)\n  File "/home/lijiaxing/.conda/envs/api/lib/python3.10/site-packages/triton/runtime/jit.py", line 156, in visit_Attribute\n    ret = getattr(lhs, node.attr)\nAttributeError: module \'triton.language.math\' has no attribute \'tanh\'\n', 'runtime_error_name': 'builtins.AttributeError', 'reference_timing_ms': 22.1, 'speed_up': -1.0, 'custom_timing': -1.0}, 'runtime': -1.0, 'runtime_stats': {}}}
2025-08-08 03:45:54,043 - openevolve.llm.ensemble - INFO - Sampled model: deepseek
2025-08-08 03:45:54,061 - openevolve.threaded_parallel - INFO - Iteration 23: Program dcd14acd-8e7f-4f3d-bfd5-48919109e3ed (parent: 42696560-0313-4a9f-a47d-8b332220ceb6) completed in 221.23s
2025-08-08 03:45:54,061 - openevolve.threaded_parallel - INFO - Metrics: compiled=1.0000, correctness=0.0000, score=10.0000, stage=wrong_answer, verify_payload={'id': 'level3_36_LTSMHn', 'result': {'compiled': True, 'correctness': False, 'metadata': {'hardware': 'NVIDIA L20Y', 'device': 'cuda:6', 'runtime_error': 'Traceback (most recent call last):\n  File "/cpfs01/shared/llm_kernel/hujiakai/KernelLLM/validation_api_server/helpers/evaluations.py", line 720, in run_and_check_correctness\n    output_new = model_new(*inputs)\n  File "/home/lijiaxing/.conda/envs/api/lib/python3.10/site-packages/torch/nn/modules/module.py", line 1773, in _wrapped_call_impl\n    return self._call_impl(*args, **kwargs)\n  File "/home/lijiaxing/.conda/envs/api/lib/python3.10/site-packages/torch/nn/modules/module.py", line 1784, in _call_impl\n    return forward_call(*args, **kwargs)\n  File "/tmp/tmpeir550uv.py", line 104, in forward\n    lstm_kernel[grid](\n  File "/home/lijiaxing/.conda/envs/api/lib/python3.10/site-packages/triton/runtime/jit.py", line 390, in <lambda>\n    return lambda *args, **kwargs: self.run(grid=grid, warmup=False, *args, **kwargs)\n  File "/home/lijiaxing/.conda/envs/api/lib/python3.10/site-packages/triton/runtime/jit.py", line 594, in run\n    kernel = self.compile(src, target=target, options=options.__dict__)\n  File "/home/lijiaxing/.conda/envs/api/lib/python3.10/site-packages/triton/compiler/compiler.py", line 281, in compile\n    key = f"{triton_key()}-{src.hash()}-{backend.hash()}-{options.hash()}-{str(sorted(env_vars.items()))}"\n  File "/home/lijiaxing/.conda/envs/api/lib/python3.10/site-packages/triton/compiler/compiler.py", line 78, in hash\n    key = f"{self.fn.cache_key}-{str(self.attrs)}-{sorted_sig}-{constants_key}"\n  File "/home/lijiaxing/.conda/envs/api/lib/python3.10/site-packages/triton/runtime/jit.py", line 696, in cache_key\n    dependencies_finder.visit(self.parse())\n  File "/home/lijiaxing/.conda/envs/api/lib/python3.10/ast.py", line 418, in visit\n    return visitor(node)\n  File "/home/lijiaxing/.conda/envs/api/lib/python3.10/ast.py", line 426, in generic_visit\n    self.visit(item)\n  File "/home/lijiaxing/.conda/envs/api/lib/python3.10/ast.py", line 418, in visit\n    return visitor(node)\n  File "/home/lijiaxing/.conda/envs/api/lib/python3.10/site-packages/triton/runtime/jit.py", line 163, in visit_FunctionDef\n    self.generic_visit(node)\n  File "/home/lijiaxing/.conda/envs/api/lib/python3.10/ast.py", line 426, in generic_visit\n    self.visit(item)\n  File "/home/lijiaxing/.conda/envs/api/lib/python3.10/ast.py", line 418, in visit\n    return visitor(node)\n  File "/home/lijiaxing/.conda/envs/api/lib/python3.10/site-packages/triton/runtime/jit.py", line 217, in visit_Assign\n    self.generic_visit(node)\n  File "/home/lijiaxing/.conda/envs/api/lib/python3.10/ast.py", line 428, in generic_visit\n    self.visit(value)\n  File "/home/lijiaxing/.conda/envs/api/lib/python3.10/ast.py", line 418, in visit\n    return visitor(node)\n  File "/home/lijiaxing/.conda/envs/api/lib/python3.10/ast.py", line 428, in generic_visit\n    self.visit(value)\n  File "/home/lijiaxing/.conda/envs/api/lib/python3.10/ast.py", line 418, in visit\n    return visitor(node)\n  File "/home/lijiaxing/.conda/envs/api/lib/python3.10/site-packages/triton/runtime/jit.py", line 156, in visit_Attribute\n    ret = getattr(lhs, node.attr)\nAttributeError: module \'triton.language.math\' has no attribute \'tanh\'\n', 'runtime_error_name': 'builtins.AttributeError', 'reference_timing_ms': 22.1, 'speed_up': -1.0, 'custom_timing': -1.0}, 'runtime': -1.0, 'runtime_stats': {}}}
2025-08-08 03:51:13,602 - openevolve.RemoteSpeedupEvaluator - INFO - [level3_36_LTSMHn] triton key words check pass
2025-08-08 03:51:13,604 - openevolve.RemoteSpeedupEvaluator - INFO - [level3_36_LTSMHn] verify_plus payload: reference_code(2041 chars) + custom_code(2051 chars)
2025-08-08 03:51:16,959 - openevolve.RemoteSpeedupEvaluator - INFO - [level3_36_LTSMHn] verify_plus request success
2025-08-08 03:51:16,960 - openevolve.RemoteSpeedupEvaluator - INFO - [level3_36_LTSMHn] verify_plus response: {"id":"level3_36_LTSMHn","result":{"compiled":true,"correctness":false,"metadata":{"hardware":"NVIDIA L20Y","device":"cuda:0","max_difference":["0.543420","0.649808","0.545392","0.513371","0.533068"],"avg_difference":["0.047961","0.047645","0.047426","0.047477","0.047907"],"correctness_issue":"Output mismatch","correctness_trials":"(0 / 5)","reference_timing_ms":22.1,"speed_up":-1.0,"custom_timing":-1.0},"runtime":-1.0,"runtime_stats":{}}}
2025-08-08 03:51:16,960 - openevolve.RemoteSpeedupEvaluator - INFO - [level3_36_LTSMHn] âœ˜ wrong_answer
2025-08-08 03:51:16,960 - openevolve.evaluator - INFO - Evaluated program c5728ca0-1aaf-42f0-aaa5-99a8b1ac4ba0 in 3.36s: compiled=1.0000, correctness=0.0000, score=10.0000, stage=wrong_answer, verify_payload={'id': 'level3_36_LTSMHn', 'result': {'compiled': True, 'correctness': False, 'metadata': {'hardware': 'NVIDIA L20Y', 'device': 'cuda:0', 'max_difference': ['0.543420', '0.649808', '0.545392', '0.513371', '0.533068'], 'avg_difference': ['0.047961', '0.047645', '0.047426', '0.047477', '0.047907'], 'correctness_issue': 'Output mismatch', 'correctness_trials': '(0 / 5)', 'reference_timing_ms': 22.1, 'speed_up': -1.0, 'custom_timing': -1.0}, 'runtime': -1.0, 'runtime_stats': {}}}
2025-08-08 03:51:16,965 - openevolve.llm.ensemble - INFO - Sampled model: deepseek
2025-08-08 03:51:16,973 - openevolve.threaded_parallel - INFO - Iteration 24: Program c5728ca0-1aaf-42f0-aaa5-99a8b1ac4ba0 (parent: 1db3c326-99ec-44fe-9133-82ee7db6530c) completed in 435.68s
2025-08-08 03:51:16,973 - openevolve.threaded_parallel - INFO - Metrics: compiled=1.0000, correctness=0.0000, score=10.0000, stage=wrong_answer, verify_payload={'id': 'level3_36_LTSMHn', 'result': {'compiled': True, 'correctness': False, 'metadata': {'hardware': 'NVIDIA L20Y', 'device': 'cuda:0', 'max_difference': ['0.543420', '0.649808', '0.545392', '0.513371', '0.533068'], 'avg_difference': ['0.047961', '0.047645', '0.047426', '0.047477', '0.047907'], 'correctness_issue': 'Output mismatch', 'correctness_trials': '(0 / 5)', 'reference_timing_ms': 22.1, 'speed_up': -1.0, 'custom_timing': -1.0}, 'runtime': -1.0, 'runtime_stats': {}}}
2025-08-08 03:51:16,973 - openevolve.threaded_parallel - INFO - Checkpoint interval reached at iteration 24
2025-08-08 03:51:16,974 - openevolve.database - INFO - Island Status:
2025-08-08 03:51:16,974 - openevolve.database - INFO -    Island 0: 11 programs, best=10.0000, avg=-30.9091, diversity=628.88, gen=9 (best: 42696560-0313-4a9f-a47d-8b332220ceb6)
2025-08-08 03:51:16,974 - openevolve.database - INFO -  * Island 1: 7 programs, best=10.0000, avg=-37.1429, diversity=253.53, gen=8 (best: 97147581-6b66-451d-9f1c-384416977e6a)
2025-08-08 03:51:16,974 - openevolve.database - INFO -    Island 2: 8 programs, best=10.0000, avg=-17.5000, diversity=158.30, gen=7 (best: b96bd2f4-ea95-4a28-b784-79fa4a9c0ee1)
2025-08-08 03:51:17,382 - openevolve.database - INFO - Saved database with 25 programs to openevolve_output/level3_36_LTSMHn/checkpoints/checkpoint_24
2025-08-08 03:51:17,393 - openevolve.controller - INFO - Saved best program at checkpoint 24 with metrics: compiled=1.0000, correctness=0.0000, score=10.0000, stage=wrong_answer, verify_payload={'id': 'level3_36_LTSMHn', 'result': {'compiled': True, 'correctness': False, 'metadata': {'hardware': 'NVIDIA L20Y', 'device': 'cuda:1', 'max_difference': ['0.543420', '0.649808', '0.545392', '0.513371', '0.533068'], 'avg_difference': ['0.047961', '0.047645', '0.047426', '0.047477', '0.047907'], 'correctness_issue': 'Output mismatch', 'correctness_trials': '(0 / 5)', 'reference_timing_ms': 22.1, 'speed_up': -1.0, 'custom_timing': -1.0}, 'runtime': -1.0, 'runtime_stats': {}}}
2025-08-08 03:51:17,393 - openevolve.controller - INFO - Saved checkpoint at iteration 24 to openevolve_output/level3_36_LTSMHn/checkpoints/checkpoint_24
2025-08-08 03:52:20,615 - openevolve.RemoteSpeedupEvaluator - INFO - [level3_36_LTSMHn] triton key words check pass
2025-08-08 03:52:20,617 - openevolve.RemoteSpeedupEvaluator - INFO - [level3_36_LTSMHn] verify_plus payload: reference_code(2041 chars) + custom_code(3617 chars)
2025-08-08 03:52:23,848 - openevolve.RemoteSpeedupEvaluator - INFO - [level3_36_LTSMHn] verify_plus request success
2025-08-08 03:52:23,848 - openevolve.RemoteSpeedupEvaluator - INFO - [level3_36_LTSMHn] verify_plus response: {"id":"level3_36_LTSMHn","result":{"compiled":true,"correctness":false,"metadata":{"hardware":"NVIDIA L20Y","device":"cuda:0","runtime_error":"Traceback (most recent call last):\n  File \"/home/lijiaxing/.conda/envs/api/lib/python3.10/site-packages/triton/language/core.py\", line 42, in wrapper\n    return fn(*args, **kwargs)\n  File \"/home/lijiaxing/.conda/envs/api/lib/python3.10/site-packages/triton/language/core.py\", line 1654, in arange\n    return _semantic.arange(start, end)\n  File \"/home/lijiaxing/.conda/envs/api/lib/python3.10/site-packages/triton/language/semantic.py\", line 574, in arange\n    raise ValueError(\"arange's arguments must be of type tl.constexpr\")\nValueError: arange's arguments must be of type tl.constexpr\n\nThe above exception was the direct cause of the fol
2025-08-08 03:52:23,848 - openevolve.RemoteSpeedupEvaluator - INFO - [level3_36_LTSMHn] âœ˜ wrong_answer
2025-08-08 03:52:23,849 - openevolve.evaluator - INFO - Evaluated program 99d8fbc5-af21-43ba-8492-42b8f769bdad in 3.23s: compiled=1.0000, correctness=0.0000, score=10.0000, stage=wrong_answer, verify_payload={'id': 'level3_36_LTSMHn', 'result': {'compiled': True, 'correctness': False, 'metadata': {'hardware': 'NVIDIA L20Y', 'device': 'cuda:0', 'runtime_error': 'Traceback (most recent call last):\n  File "/home/lijiaxing/.conda/envs/api/lib/python3.10/site-packages/triton/language/core.py", line 42, in wrapper\n    return fn(*args, **kwargs)\n  File "/home/lijiaxing/.conda/envs/api/lib/python3.10/site-packages/triton/language/core.py", line 1654, in arange\n    return _semantic.arange(start, end)\n  File "/home/lijiaxing/.conda/envs/api/lib/python3.10/site-packages/triton/language/semantic.py", line 574, in arange\n    raise ValueError("arange\'s arguments must be of type tl.constexpr")\nValueError: arange\'s arguments must be of type tl.constexpr\n\nThe above exception was the direct cause of the following exception:\n\nTraceback (most recent call last):\n  File "/cpfs01/shared/llm_kernel/hujiakai/KernelLLM/validation_api_server/helpers/evaluations.py", line 720, in run_and_check_correctness\n    output_new = model_new(*inputs)\n  File "/home/lijiaxing/.conda/envs/api/lib/python3.10/site-packages/torch/nn/modules/module.py", line 1773, in _wrapped_call_impl\n    return self._call_impl(*args, **kwargs)\n  File "/home/lijiaxing/.conda/envs/api/lib/python3.10/site-packages/torch/nn/modules/module.py", line 1784, in _call_impl\n    return forward_call(*args, **kwargs)\n  File "/tmp/tmpm6a2bak3.py", line 82, in forward\n    output = linear_triton(last_out, self.weight, self.bias)\n  File "/tmp/tmpm6a2bak3.py", line 46, in linear_triton\n    linear_kernel[grid](\n  File "/home/lijiaxing/.conda/envs/api/lib/python3.10/site-packages/triton/runtime/jit.py", line 390, in <lambda>\n    return lambda *args, **kwargs: self.run(grid=grid, warmup=False, *args, **kwargs)\n  File "/home/lijiaxing/.conda/envs/api/lib/python3.10/site-packages/triton/runtime/jit.py", line 594, in run\n    kernel = self.compile(src, target=target, options=options.__dict__)\n  File "/home/lijiaxing/.conda/envs/api/lib/python3.10/site-packages/triton/compiler/compiler.py", line 339, in compile\n    module = src.make_ir(options, codegen_fns, module_map, context)\n  File "/home/lijiaxing/.conda/envs/api/lib/python3.10/site-packages/triton/compiler/compiler.py", line 83, in make_ir\n    return ast_to_ttir(self.fn, self, context=context, options=options, codegen_fns=codegen_fns,\ntriton.compiler.errors.CompilationError: at 22:78:\n        return\n\n    row_idx = pid\n    row_start = row_idx * stride_input_row\n    output_row = tl.zeros((BLOCK_SIZE_COL,), dtype=tl.float32)\n\n    for col_block in range(0, input_cols, BLOCK_SIZE_COL):\n        col_offsets = col_block + tl.arange(0, BLOCK_SIZE_COL)\n        mask = col_offsets < input_cols\n        input_vals = tl.load(input_ptr + row_start + col_offsets * stride_input_col, mask=mask, other=0.0)\n\n        weight_ptrs = weight_ptr + col_offsets[None, :] * stride_weight_col + tl.arange(0, output_cols)[:, None] * stride_weight_row\n                                                                              ^\n\n\nThe above exception was the direct cause of the following exception:\n\nTraceback (most recent call last):\n  File "/home/lijiaxing/.conda/envs/api/lib/python3.10/site-packages/triton/language/core.py", line 42, in wrapper\n    return fn(*args, **kwargs)\n  File "/home/lijiaxing/.conda/envs/api/lib/python3.10/site-packages/triton/language/core.py", line 1654, in arange\n    return _semantic.arange(start, end)\n  File "/home/lijiaxing/.conda/envs/api/lib/python3.10/site-packages/triton/language/semantic.py", line 574, in arange\n    raise ValueError("arange\'s arguments must be of type tl.constexpr")\nValueError: arange\'s arguments must be of type tl.constexpr\n', 'runtime_error_name': 'triton.compiler.errors.CompilationError', 'reference_timing_ms': 22.1, 'speed_up': -1.0, 'custom_timing': -1.0}, 'runtime': -1.0, 'runtime_stats': {}}}
2025-08-08 03:52:23,853 - openevolve.llm.ensemble - INFO - Sampled model: deepseek
2025-08-08 03:52:23,857 - openevolve.database - INFO - New MAP-Elites cell occupied: {'score': 9, 'complexity': 6}
2025-08-08 03:52:23,857 - openevolve.database - INFO - Population size (26) exceeds limit (25), removing 1 programs
2025-08-08 03:52:23,857 - openevolve.database - INFO - Population size after cleanup: 25
2025-08-08 03:52:23,869 - openevolve.threaded_parallel - INFO - Iteration 22: Program 99d8fbc5-af21-43ba-8492-42b8f769bdad (parent: dcd5e377-9472-494c-8039-4139ad4ba1d8) completed in 695.39s
2025-08-08 03:52:23,869 - openevolve.threaded_parallel - INFO - Metrics: compiled=1.0000, correctness=0.0000, score=10.0000, stage=wrong_answer, verify_payload={'id': 'level3_36_LTSMHn', 'result': {'compiled': True, 'correctness': False, 'metadata': {'hardware': 'NVIDIA L20Y', 'device': 'cuda:0', 'runtime_error': 'Traceback (most recent call last):\n  File "/home/lijiaxing/.conda/envs/api/lib/python3.10/site-packages/triton/language/core.py", line 42, in wrapper\n    return fn(*args, **kwargs)\n  File "/home/lijiaxing/.conda/envs/api/lib/python3.10/site-packages/triton/language/core.py", line 1654, in arange\n    return _semantic.arange(start, end)\n  File "/home/lijiaxing/.conda/envs/api/lib/python3.10/site-packages/triton/language/semantic.py", line 574, in arange\n    raise ValueError("arange\'s arguments must be of type tl.constexpr")\nValueError: arange\'s arguments must be of type tl.constexpr\n\nThe above exception was the direct cause of the following exception:\n\nTraceback (most recent call last):\n  File "/cpfs01/shared/llm_kernel/hujiakai/KernelLLM/validation_api_server/helpers/evaluations.py", line 720, in run_and_check_correctness\n    output_new = model_new(*inputs)\n  File "/home/lijiaxing/.conda/envs/api/lib/python3.10/site-packages/torch/nn/modules/module.py", line 1773, in _wrapped_call_impl\n    return self._call_impl(*args, **kwargs)\n  File "/home/lijiaxing/.conda/envs/api/lib/python3.10/site-packages/torch/nn/modules/module.py", line 1784, in _call_impl\n    return forward_call(*args, **kwargs)\n  File "/tmp/tmpm6a2bak3.py", line 82, in forward\n    output = linear_triton(last_out, self.weight, self.bias)\n  File "/tmp/tmpm6a2bak3.py", line 46, in linear_triton\n    linear_kernel[grid](\n  File "/home/lijiaxing/.conda/envs/api/lib/python3.10/site-packages/triton/runtime/jit.py", line 390, in <lambda>\n    return lambda *args, **kwargs: self.run(grid=grid, warmup=False, *args, **kwargs)\n  File "/home/lijiaxing/.conda/envs/api/lib/python3.10/site-packages/triton/runtime/jit.py", line 594, in run\n    kernel = self.compile(src, target=target, options=options.__dict__)\n  File "/home/lijiaxing/.conda/envs/api/lib/python3.10/site-packages/triton/compiler/compiler.py", line 339, in compile\n    module = src.make_ir(options, codegen_fns, module_map, context)\n  File "/home/lijiaxing/.conda/envs/api/lib/python3.10/site-packages/triton/compiler/compiler.py", line 83, in make_ir\n    return ast_to_ttir(self.fn, self, context=context, options=options, codegen_fns=codegen_fns,\ntriton.compiler.errors.CompilationError: at 22:78:\n        return\n\n    row_idx = pid\n    row_start = row_idx * stride_input_row\n    output_row = tl.zeros((BLOCK_SIZE_COL,), dtype=tl.float32)\n\n    for col_block in range(0, input_cols, BLOCK_SIZE_COL):\n        col_offsets = col_block + tl.arange(0, BLOCK_SIZE_COL)\n        mask = col_offsets < input_cols\n        input_vals = tl.load(input_ptr + row_start + col_offsets * stride_input_col, mask=mask, other=0.0)\n\n        weight_ptrs = weight_ptr + col_offsets[None, :] * stride_weight_col + tl.arange(0, output_cols)[:, None] * stride_weight_row\n                                                                              ^\n\n\nThe above exception was the direct cause of the following exception:\n\nTraceback (most recent call last):\n  File "/home/lijiaxing/.conda/envs/api/lib/python3.10/site-packages/triton/language/core.py", line 42, in wrapper\n    return fn(*args, **kwargs)\n  File "/home/lijiaxing/.conda/envs/api/lib/python3.10/site-packages/triton/language/core.py", line 1654, in arange\n    return _semantic.arange(start, end)\n  File "/home/lijiaxing/.conda/envs/api/lib/python3.10/site-packages/triton/language/semantic.py", line 574, in arange\n    raise ValueError("arange\'s arguments must be of type tl.constexpr")\nValueError: arange\'s arguments must be of type tl.constexpr\n', 'runtime_error_name': 'triton.compiler.errors.CompilationError', 'reference_timing_ms': 22.1, 'speed_up': -1.0, 'custom_timing': -1.0}, 'runtime': -1.0, 'runtime_stats': {}}}
2025-08-08 03:53:41,908 - openevolve.RemoteSpeedupEvaluator - INFO - [level3_36_LTSMHn] triton key words check pass
2025-08-08 03:53:41,909 - openevolve.RemoteSpeedupEvaluator - INFO - [level3_36_LTSMHn] verify_plus payload: reference_code(2041 chars) + custom_code(1826 chars)
2025-08-08 03:53:47,450 - openevolve.RemoteSpeedupEvaluator - INFO - [level3_36_LTSMHn] verify_plus request success
2025-08-08 03:53:47,450 - openevolve.RemoteSpeedupEvaluator - INFO - [level3_36_LTSMHn] verify_plus response: {"id":"level3_36_LTSMHn","result":{"compiled":true,"correctness":true,"metadata":{"hardware":"NVIDIA L20Y","device":"cuda:0","correctness_trials":"(5 / 5)","reference_timing_ms":22.1,"speed_up":0.982,"custom_timing":22.5},"runtime":22.5,"runtime_stats":{"mean":22.5,"std":0.221,"min":22.4,"max":24.6,"num_trials":100,"hardware":"NVIDIA L20Y","device":"cuda:0"}}}
2025-08-08 03:53:47,450 - openevolve.RemoteSpeedupEvaluator - INFO - [level3_36_LTSMHn] âœ” success | speed_up=0.982  score=20.00
2025-08-08 03:53:47,450 - openevolve.evaluator - INFO - Evaluated program 4d2af3f4-5d49-448d-8195-01053d6b71eb in 5.54s: compiled=1.0000, correctness=1.0000, stage=success, passed=0.0000, score=20.0000, speed_up=0.9820, runtime_ms=22.5000, meta={'hardware': 'NVIDIA L20Y', 'device': 'cuda:0', 'correctness_trials': '(5 / 5)', 'reference_timing_ms': 22.1, 'speed_up': 0.982, 'custom_timing': 22.5}
2025-08-08 03:53:47,454 - openevolve.llm.ensemble - INFO - Sampled model: deepseek
2025-08-08 03:53:47,458 - openevolve.database - INFO - MAP-Elites cell improved: {'score': 9, 'complexity': 3} (fitness: 10.000 -> 20.000)
2025-08-08 03:53:47,458 - openevolve.database - INFO - Population size (26) exceeds limit (25), removing 1 programs
2025-08-08 03:53:47,458 - openevolve.database - INFO - Population size after cleanup: 25
2025-08-08 03:53:47,458 - openevolve.database - INFO - New best program 4d2af3f4-5d49-448d-8195-01053d6b71eb replaces 97147581-6b66-451d-9f1c-384416977e6a
2025-08-08 03:53:47,464 - openevolve.threaded_parallel - INFO - Iteration 25: Program 4d2af3f4-5d49-448d-8195-01053d6b71eb (parent: b801fab6-69fc-4ed0-84be-332283bb04fa) completed in 473.41s
2025-08-08 03:53:47,464 - openevolve.threaded_parallel - INFO - Metrics: compiled=1.0000, correctness=1.0000, stage=success, passed=0.0000, score=20.0000, speed_up=0.9820, runtime_ms=22.5000, meta={'hardware': 'NVIDIA L20Y', 'device': 'cuda:0', 'correctness_trials': '(5 / 5)', 'reference_timing_ms': 22.1, 'speed_up': 0.982, 'custom_timing': 22.5}
2025-08-08 03:53:47,464 - openevolve.threaded_parallel - INFO - ðŸŒŸ New best solution found at iteration 25: 4d2af3f4-5d49-448d-8195-01053d6b71eb
2025-08-08 03:59:55,951 - openevolve.RemoteSpeedupEvaluator - INFO - [level3_36_LTSMHn] âœ˜ invalid_answer 'tl.load' is not found
2025-08-08 03:59:55,954 - openevolve.evaluator - INFO - Evaluated program 14fe7124-6736-4b7b-9b0c-cf2aa1e94e6d in 0.00s: compiled=0.0000, correctness=0.0000, score=-100.0000, stage=no_valid_triton_code, feedback=You need to generate real and valid triton code for the core function. The key word 'tl.load' is not found.
2025-08-08 03:59:55,958 - openevolve.database - INFO - Population size (26) exceeds limit (25), removing 1 programs
2025-08-08 03:59:55,958 - openevolve.database - INFO - Population size after cleanup: 25
2025-08-08 03:59:55,959 - openevolve.llm.ensemble - INFO - Sampled model: deepseek
2025-08-08 03:59:55,984 - openevolve.threaded_parallel - INFO - Iteration 27: Program 14fe7124-6736-4b7b-9b0c-cf2aa1e94e6d (parent: cb4f8867-78a1-4d90-96d3-0630b21f2053) completed in 452.10s
2025-08-08 03:59:55,984 - openevolve.threaded_parallel - INFO - Metrics: compiled=0.0000, correctness=0.0000, score=-100.0000, stage=no_valid_triton_code, feedback=You need to generate real and valid triton code for the core function. The key word 'tl.load' is not found.
2025-08-08 03:59:55,985 - openevolve.threaded_parallel - INFO - Checkpoint interval reached at iteration 27
2025-08-08 03:59:55,985 - openevolve.database - INFO - Island Status:
2025-08-08 03:59:55,986 - openevolve.database - INFO -    Island 0: 9 programs, best=10.0000, avg=-15.5556, diversity=588.67, gen=10 (best: 42696560-0313-4a9f-a47d-8b332220ceb6)
2025-08-08 03:59:55,986 - openevolve.database - INFO -  * Island 1: 8 programs, best=10.0000, avg=-31.2500, diversity=253.53, gen=9 (best: 97147581-6b66-451d-9f1c-384416977e6a)
2025-08-08 03:59:55,986 - openevolve.database - INFO -    Island 2: 9 programs, best=20.0000, avg=-13.3333, diversity=183.83, gen=8 (best: 4d2af3f4-5d49-448d-8195-01053d6b71eb)
2025-08-08 03:59:56,263 - openevolve.database - INFO - Saved database with 25 programs to openevolve_output/level3_36_LTSMHn/checkpoints/checkpoint_27
2025-08-08 03:59:56,273 - openevolve.controller - INFO - Saved best program at checkpoint 27 with metrics: compiled=1.0000, correctness=1.0000, stage=success, passed=0.0000, score=20.0000, speed_up=0.9820, runtime_ms=22.5000, meta={'hardware': 'NVIDIA L20Y', 'device': 'cuda:0', 'correctness_trials': '(5 / 5)', 'reference_timing_ms': 22.1, 'speed_up': 0.982, 'custom_timing': 22.5}
2025-08-08 03:59:56,273 - openevolve.controller - INFO - Saved checkpoint at iteration 27 to openevolve_output/level3_36_LTSMHn/checkpoints/checkpoint_27
2025-08-08 04:00:13,913 - openevolve.RemoteSpeedupEvaluator - INFO - [level3_36_LTSMHn] triton key words check pass
2025-08-08 04:00:13,914 - openevolve.RemoteSpeedupEvaluator - INFO - [level3_36_LTSMHn] verify_plus payload: reference_code(2041 chars) + custom_code(2113 chars)
2025-08-08 04:00:17,805 - openevolve.RemoteSpeedupEvaluator - INFO - [level3_36_LTSMHn] verify_plus request success
2025-08-08 04:00:17,806 - openevolve.RemoteSpeedupEvaluator - INFO - [level3_36_LTSMHn] verify_plus response: {"id":"level3_36_LTSMHn","result":{"compiled":true,"correctness":false,"metadata":{"hardware":"NVIDIA L20Y","device":"cuda:7","max_difference":["0.543420","0.649808","0.545392","0.513371","0.533068"],"avg_difference":["0.047961","0.047645","0.047426","0.047477","0.047907"],"correctness_issue":"Output mismatch","correctness_trials":"(0 / 5)","reference_timing_ms":22.1,"speed_up":-1.0,"custom_timing":-1.0},"runtime":-1.0,"runtime_stats":{}}}
2025-08-08 04:00:17,806 - openevolve.RemoteSpeedupEvaluator - INFO - [level3_36_LTSMHn] âœ˜ wrong_answer
2025-08-08 04:00:17,806 - openevolve.evaluator - INFO - Evaluated program d33bbc92-5c3b-45a3-9f09-8430fbc1488d in 3.89s: compiled=1.0000, correctness=0.0000, score=10.0000, stage=wrong_answer, verify_payload={'id': 'level3_36_LTSMHn', 'result': {'compiled': True, 'correctness': False, 'metadata': {'hardware': 'NVIDIA L20Y', 'device': 'cuda:7', 'max_difference': ['0.543420', '0.649808', '0.545392', '0.513371', '0.533068'], 'avg_difference': ['0.047961', '0.047645', '0.047426', '0.047477', '0.047907'], 'correctness_issue': 'Output mismatch', 'correctness_trials': '(0 / 5)', 'reference_timing_ms': 22.1, 'speed_up': -1.0, 'custom_timing': -1.0}, 'runtime': -1.0, 'runtime_stats': {}}}
2025-08-08 04:00:17,808 - openevolve.database - INFO - Population size (26) exceeds limit (25), removing 1 programs
2025-08-08 04:00:17,808 - openevolve.database - INFO - Population size after cleanup: 25
2025-08-08 04:00:17,815 - openevolve.threaded_parallel - INFO - Iteration 28: Program d33bbc92-5c3b-45a3-9f09-8430fbc1488d (parent: 11f52646-ea57-488f-9e1e-321c85ef34c2) completed in 390.35s
2025-08-08 04:00:17,815 - openevolve.threaded_parallel - INFO - Metrics: compiled=1.0000, correctness=0.0000, score=10.0000, stage=wrong_answer, verify_payload={'id': 'level3_36_LTSMHn', 'result': {'compiled': True, 'correctness': False, 'metadata': {'hardware': 'NVIDIA L20Y', 'device': 'cuda:7', 'max_difference': ['0.543420', '0.649808', '0.545392', '0.513371', '0.533068'], 'avg_difference': ['0.047961', '0.047645', '0.047426', '0.047477', '0.047907'], 'correctness_issue': 'Output mismatch', 'correctness_trials': '(0 / 5)', 'reference_timing_ms': 22.1, 'speed_up': -1.0, 'custom_timing': -1.0}, 'runtime': -1.0, 'runtime_stats': {}}}
2025-08-08 04:05:56,874 - openevolve.RemoteSpeedupEvaluator - INFO - [level3_36_LTSMHn] triton key words check pass
2025-08-08 04:05:56,876 - openevolve.RemoteSpeedupEvaluator - INFO - [level3_36_LTSMHn] verify_plus payload: reference_code(2041 chars) + custom_code(5600 chars)
2025-08-08 04:05:59,803 - openevolve.RemoteSpeedupEvaluator - INFO - [level3_36_LTSMHn] verify_plus request success
2025-08-08 04:05:59,803 - openevolve.RemoteSpeedupEvaluator - INFO - [level3_36_LTSMHn] verify_plus response: {"id":"level3_36_LTSMHn","result":{"compiled":true,"correctness":false,"metadata":{"hardware":"NVIDIA L20Y","device":"cuda:1","runtime_error":"Traceback (most recent call last):\n  File \"/cpfs01/shared/llm_kernel/hujiakai/KernelLLM/validation_api_server/helpers/evaluations.py\", line 720, in run_and_check_correctness\n    output_new = model_new(*inputs)\n  File \"/home/lijiaxing/.conda/envs/api/lib/python3.10/site-packages/torch/nn/modules/module.py\", line 1773, in _wrapped_call_impl\n    return self._call_impl(*args, **kwargs)\n  File \"/home/lijiaxing/.conda/envs/api/lib/python3.10/site-packages/torch/nn/modules/module.py\", line 1784, in _call_impl\n    return forward_call(*args, **kwargs)\n  File \"/tmp/tmpw_rwc9oo.py\", line 107, in forward\n    lstm_kernel[grid](\n  File \"/home/li
2025-08-08 04:05:59,803 - openevolve.RemoteSpeedupEvaluator - INFO - [level3_36_LTSMHn] âœ˜ wrong_answer
2025-08-08 04:05:59,804 - openevolve.evaluator - INFO - Evaluated program fe5bcae9-bcc2-4c40-9a7a-cc7223f5dee1 in 2.93s: compiled=1.0000, correctness=0.0000, score=10.0000, stage=wrong_answer, verify_payload={'id': 'level3_36_LTSMHn', 'result': {'compiled': True, 'correctness': False, 'metadata': {'hardware': 'NVIDIA L20Y', 'device': 'cuda:1', 'runtime_error': 'Traceback (most recent call last):\n  File "/cpfs01/shared/llm_kernel/hujiakai/KernelLLM/validation_api_server/helpers/evaluations.py", line 720, in run_and_check_correctness\n    output_new = model_new(*inputs)\n  File "/home/lijiaxing/.conda/envs/api/lib/python3.10/site-packages/torch/nn/modules/module.py", line 1773, in _wrapped_call_impl\n    return self._call_impl(*args, **kwargs)\n  File "/home/lijiaxing/.conda/envs/api/lib/python3.10/site-packages/torch/nn/modules/module.py", line 1784, in _call_impl\n    return forward_call(*args, **kwargs)\n  File "/tmp/tmpw_rwc9oo.py", line 107, in forward\n    lstm_kernel[grid](\n  File "/home/lijiaxing/.conda/envs/api/lib/python3.10/site-packages/triton/runtime/jit.py", line 390, in <lambda>\n    return lambda *args, **kwargs: self.run(grid=grid, warmup=False, *args, **kwargs)\n  File "/home/lijiaxing/.conda/envs/api/lib/python3.10/site-packages/triton/runtime/jit.py", line 594, in run\n    kernel = self.compile(src, target=target, options=options.__dict__)\n  File "/home/lijiaxing/.conda/envs/api/lib/python3.10/site-packages/triton/compiler/compiler.py", line 281, in compile\n    key = f"{triton_key()}-{src.hash()}-{backend.hash()}-{options.hash()}-{str(sorted(env_vars.items()))}"\n  File "/home/lijiaxing/.conda/envs/api/lib/python3.10/site-packages/triton/compiler/compiler.py", line 78, in hash\n    key = f"{self.fn.cache_key}-{str(self.attrs)}-{sorted_sig}-{constants_key}"\n  File "/home/lijiaxing/.conda/envs/api/lib/python3.10/site-packages/triton/runtime/jit.py", line 696, in cache_key\n    dependencies_finder.visit(self.parse())\n  File "/home/lijiaxing/.conda/envs/api/lib/python3.10/ast.py", line 418, in visit\n    return visitor(node)\n  File "/home/lijiaxing/.conda/envs/api/lib/python3.10/ast.py", line 426, in generic_visit\n    self.visit(item)\n  File "/home/lijiaxing/.conda/envs/api/lib/python3.10/ast.py", line 418, in visit\n    return visitor(node)\n  File "/home/lijiaxing/.conda/envs/api/lib/python3.10/site-packages/triton/runtime/jit.py", line 163, in visit_FunctionDef\n    self.generic_visit(node)\n  File "/home/lijiaxing/.conda/envs/api/lib/python3.10/ast.py", line 426, in generic_visit\n    self.visit(item)\n  File "/home/lijiaxing/.conda/envs/api/lib/python3.10/ast.py", line 418, in visit\n    return visitor(node)\n  File "/home/lijiaxing/.conda/envs/api/lib/python3.10/site-packages/triton/runtime/jit.py", line 217, in visit_Assign\n    self.generic_visit(node)\n  File "/home/lijiaxing/.conda/envs/api/lib/python3.10/ast.py", line 428, in generic_visit\n    self.visit(value)\n  File "/home/lijiaxing/.conda/envs/api/lib/python3.10/ast.py", line 418, in visit\n    return visitor(node)\n  File "/home/lijiaxing/.conda/envs/api/lib/python3.10/ast.py", line 428, in generic_visit\n    self.visit(value)\n  File "/home/lijiaxing/.conda/envs/api/lib/python3.10/ast.py", line 418, in visit\n    return visitor(node)\n  File "/home/lijiaxing/.conda/envs/api/lib/python3.10/site-packages/triton/runtime/jit.py", line 156, in visit_Attribute\n    ret = getattr(lhs, node.attr)\nAttributeError: module \'triton.language.math\' has no attribute \'tanh\'\n', 'runtime_error_name': 'builtins.AttributeError', 'reference_timing_ms': 22.1, 'speed_up': -1.0, 'custom_timing': -1.0}, 'runtime': -1.0, 'runtime_stats': {}}}
2025-08-08 04:05:59,806 - openevolve.database - INFO - Population size (26) exceeds limit (25), removing 1 programs
2025-08-08 04:05:59,806 - openevolve.database - INFO - Population size after cleanup: 25
2025-08-08 04:05:59,818 - openevolve.threaded_parallel - INFO - Iteration 26: Program fe5bcae9-bcc2-4c40-9a7a-cc7223f5dee1 (parent: 1307962d-08ad-4596-ab8a-f2989ed2a9e4) completed in 882.84s
2025-08-08 04:05:59,818 - openevolve.threaded_parallel - INFO - Metrics: compiled=1.0000, correctness=0.0000, score=10.0000, stage=wrong_answer, verify_payload={'id': 'level3_36_LTSMHn', 'result': {'compiled': True, 'correctness': False, 'metadata': {'hardware': 'NVIDIA L20Y', 'device': 'cuda:1', 'runtime_error': 'Traceback (most recent call last):\n  File "/cpfs01/shared/llm_kernel/hujiakai/KernelLLM/validation_api_server/helpers/evaluations.py", line 720, in run_and_check_correctness\n    output_new = model_new(*inputs)\n  File "/home/lijiaxing/.conda/envs/api/lib/python3.10/site-packages/torch/nn/modules/module.py", line 1773, in _wrapped_call_impl\n    return self._call_impl(*args, **kwargs)\n  File "/home/lijiaxing/.conda/envs/api/lib/python3.10/site-packages/torch/nn/modules/module.py", line 1784, in _call_impl\n    return forward_call(*args, **kwargs)\n  File "/tmp/tmpw_rwc9oo.py", line 107, in forward\n    lstm_kernel[grid](\n  File "/home/lijiaxing/.conda/envs/api/lib/python3.10/site-packages/triton/runtime/jit.py", line 390, in <lambda>\n    return lambda *args, **kwargs: self.run(grid=grid, warmup=False, *args, **kwargs)\n  File "/home/lijiaxing/.conda/envs/api/lib/python3.10/site-packages/triton/runtime/jit.py", line 594, in run\n    kernel = self.compile(src, target=target, options=options.__dict__)\n  File "/home/lijiaxing/.conda/envs/api/lib/python3.10/site-packages/triton/compiler/compiler.py", line 281, in compile\n    key = f"{triton_key()}-{src.hash()}-{backend.hash()}-{options.hash()}-{str(sorted(env_vars.items()))}"\n  File "/home/lijiaxing/.conda/envs/api/lib/python3.10/site-packages/triton/compiler/compiler.py", line 78, in hash\n    key = f"{self.fn.cache_key}-{str(self.attrs)}-{sorted_sig}-{constants_key}"\n  File "/home/lijiaxing/.conda/envs/api/lib/python3.10/site-packages/triton/runtime/jit.py", line 696, in cache_key\n    dependencies_finder.visit(self.parse())\n  File "/home/lijiaxing/.conda/envs/api/lib/python3.10/ast.py", line 418, in visit\n    return visitor(node)\n  File "/home/lijiaxing/.conda/envs/api/lib/python3.10/ast.py", line 426, in generic_visit\n    self.visit(item)\n  File "/home/lijiaxing/.conda/envs/api/lib/python3.10/ast.py", line 418, in visit\n    return visitor(node)\n  File "/home/lijiaxing/.conda/envs/api/lib/python3.10/site-packages/triton/runtime/jit.py", line 163, in visit_FunctionDef\n    self.generic_visit(node)\n  File "/home/lijiaxing/.conda/envs/api/lib/python3.10/ast.py", line 426, in generic_visit\n    self.visit(item)\n  File "/home/lijiaxing/.conda/envs/api/lib/python3.10/ast.py", line 418, in visit\n    return visitor(node)\n  File "/home/lijiaxing/.conda/envs/api/lib/python3.10/site-packages/triton/runtime/jit.py", line 217, in visit_Assign\n    self.generic_visit(node)\n  File "/home/lijiaxing/.conda/envs/api/lib/python3.10/ast.py", line 428, in generic_visit\n    self.visit(value)\n  File "/home/lijiaxing/.conda/envs/api/lib/python3.10/ast.py", line 418, in visit\n    return visitor(node)\n  File "/home/lijiaxing/.conda/envs/api/lib/python3.10/ast.py", line 428, in generic_visit\n    self.visit(value)\n  File "/home/lijiaxing/.conda/envs/api/lib/python3.10/ast.py", line 418, in visit\n    return visitor(node)\n  File "/home/lijiaxing/.conda/envs/api/lib/python3.10/site-packages/triton/runtime/jit.py", line 156, in visit_Attribute\n    ret = getattr(lhs, node.attr)\nAttributeError: module \'triton.language.math\' has no attribute \'tanh\'\n', 'runtime_error_name': 'builtins.AttributeError', 'reference_timing_ms': 22.1, 'speed_up': -1.0, 'custom_timing': -1.0}, 'runtime': -1.0, 'runtime_stats': {}}}
2025-08-08 04:08:39,165 - openevolve.RemoteSpeedupEvaluator - INFO - [level3_36_LTSMHn] âœ˜ invalid_answer 'import triton' is not found
2025-08-08 04:08:39,166 - openevolve.evaluator - INFO - Evaluated program 372d5f57-e8b7-4a5b-ace7-a84456ab66b7 in 0.00s: compiled=0.0000, correctness=0.0000, score=-100.0000, stage=no_valid_triton_code, feedback=You need to generate real and valid triton code for the core function. The key word 'import triton' is not found.
2025-08-08 04:08:39,171 - openevolve.database - INFO - New MAP-Elites cell occupied: {'score': -1000, 'complexity': 0}
2025-08-08 04:08:39,171 - openevolve.database - INFO - MAP-Elites coverage reached 10.0% (10/100 cells)
2025-08-08 04:08:39,171 - openevolve.database - INFO - Population size (26) exceeds limit (25), removing 1 programs
2025-08-08 04:08:39,172 - openevolve.database - INFO - Population size after cleanup: 25
2025-08-08 04:08:39,183 - openevolve.threaded_parallel - INFO - Iteration 29: Program 372d5f57-e8b7-4a5b-ace7-a84456ab66b7 (parent: f6c4095d-993e-4513-acb3-efb10cb9d3ca) completed in 523.21s
2025-08-08 04:08:39,183 - openevolve.threaded_parallel - INFO - Metrics: compiled=0.0000, correctness=0.0000, score=-100.0000, stage=no_valid_triton_code, feedback=You need to generate real and valid triton code for the core function. The key word 'import triton' is not found.
2025-08-08 04:08:39,183 - openevolve.threaded_parallel - INFO - Evolution completed
2025-08-08 04:08:39,190 - openevolve.threaded_parallel - INFO - Stopped thread pool
2025-08-08 04:08:39,190 - openevolve.threaded_parallel - INFO - Stopped improved parallel controller
2025-08-08 04:08:39,191 - openevolve.controller - INFO - Using tracked best program: 4d2af3f4-5d49-448d-8195-01053d6b71eb
2025-08-08 04:08:39,191 - openevolve.controller - INFO - Evolution complete. Best program has metrics: compiled=1.0000, correctness=1.0000, stage=success, passed=0.0000, score=20.0000, speed_up=0.9820, runtime_ms=22.5000, meta={'hardware': 'NVIDIA L20Y', 'device': 'cuda:0', 'correctness_trials': '(5 / 5)', 'reference_timing_ms': 22.1, 'speed_up': 0.982, 'custom_timing': 22.5}
2025-08-08 04:08:39,204 - openevolve.controller - INFO - Saved best program to openevolve_output/level3_36_LTSMHn/best/best_program.py with program info to openevolve_output/level3_36_LTSMHn/best/best_program_info.json
2025-08-08 04:08:39,205 - __main__ - INFO - âœ… å®Œæˆ level3_36_LTSMHn
2025-08-08 04:08:39,205 - __main__ - INFO - ======================================================================
2025-08-08 04:08:39,205 - __main__ - INFO - ðŸš€ [6/6] å¼€å§‹ level4_18_EleutherAI-gpt-neo-2p7B_bs512_seq32
2025-08-08 04:08:39,205 - __main__ - INFO - ======================================================================
2025-08-08 04:08:39,259 - openevolve.controller - INFO - Logging to openevolve_output/level4_18_EleutherAI-gpt-neo-2p7B_bs512_seq32/logs/openevolve_20250808_040839.log
2025-08-08 04:08:39,259 - openevolve.controller - INFO - Set random seed to 42 for reproducibility
2025-08-08 04:08:39,301 - openevolve.llm.ensemble - INFO - Initialized LLM ensemble with models: deepseek (weight: 0.80), deepseek (weight: 0.20)
2025-08-08 04:08:39,341 - openevolve.llm.ensemble - INFO - Initialized LLM ensemble with models: deepseek (weight: 0.80), deepseek (weight: 0.20)
2025-08-08 04:08:39,341 - openevolve.prompt.sampler - INFO - Set custom templates: system=evaluator_system_message, user=None
2025-08-08 04:08:39,341 - openevolve.database - INFO - Initialized program database with 0 programs
2025-08-08 04:08:39,363 - openevolve.evaluator - INFO - Successfully loaded evaluation function from openevolve_output/level4_18_EleutherAI-gpt-neo-2p7B_bs512_seq32/evaluation.py
2025-08-08 04:08:39,363 - openevolve.evaluator - INFO - Initialized evaluator with openevolve_output/level4_18_EleutherAI-gpt-neo-2p7B_bs512_seq32/evaluation.py
2025-08-08 04:08:39,363 - openevolve.controller - INFO - Initialized OpenEvolve with /tmp/94c92c84768e84e91c464ccf10093d92.py
2025-08-08 04:08:39,363 - openevolve.controller - INFO - Adding initial program to database
2025-08-08 04:08:39,365 - openevolve.RemoteSpeedupEvaluator - INFO - [level4_18_EleutherAI-gpt-neo-2p7B_bs512_seq32] verify_plus payload: reference_code(722 chars) + custom_code(843 chars)
2025-08-08 04:08:41,617 - openevolve.RemoteSpeedupEvaluator - INFO - [level4_18_EleutherAI-gpt-neo-2p7B_bs512_seq32] verify_plus request success
2025-08-08 04:08:41,617 - openevolve.RemoteSpeedupEvaluator - INFO - [level4_18_EleutherAI-gpt-neo-2p7B_bs512_seq32] verify_plus response: {"id":"level4_18_EleutherAI-gpt-neo-2p7B_bs512_seq32","result":{"error":"No module named 'transformers'\nTraceback (most recent call last):\n  File \"/cpfs01/shared/llm_kernel/hujiakai/KernelLLM/validation_api_server/evaluator.py\", line 92, in _measure_perf_worker\n    exec(textwrap.dedent(code_src), temp_module.__dict__)\n  File \"<string>\", line 3, in <module>\nModuleNotFoundError: No module named 'transformers'\n"}}
2025-08-08 04:08:41,617 - openevolve.evaluator - WARNING - Evaluation attempt 1/4 failed for program c7e08ed6-89fb-4c06-8b76-b8a7ee43fc24: Error: The reference code is not valid or correct. The verify result is: {'error': 'No module named \'transformers\'\nTraceback (most recent call last):\n  File "/cpfs01/shared/llm_kernel/hujiakai/KernelLLM/validation_api_server/evaluator.py", line 92, in _measure_perf_worker\n    exec(textwrap.dedent(code_src), temp_module.__dict__)\n  File "<string>", line 3, in <module>\nModuleNotFoundError: No module named \'transformers\'\n'}
2025-08-08 04:08:42,624 - openevolve.RemoteSpeedupEvaluator - INFO - [level4_18_EleutherAI-gpt-neo-2p7B_bs512_seq32] verify_plus payload: reference_code(722 chars) + custom_code(843 chars)
2025-08-08 04:08:45,076 - openevolve.RemoteSpeedupEvaluator - INFO - [level4_18_EleutherAI-gpt-neo-2p7B_bs512_seq32] verify_plus request success
2025-08-08 04:08:45,076 - openevolve.RemoteSpeedupEvaluator - INFO - [level4_18_EleutherAI-gpt-neo-2p7B_bs512_seq32] verify_plus response: {"id":"level4_18_EleutherAI-gpt-neo-2p7B_bs512_seq32","result":{"error":"No module named 'transformers'\nTraceback (most recent call last):\n  File \"/cpfs01/shared/llm_kernel/hujiakai/KernelLLM/validation_api_server/evaluator.py\", line 92, in _measure_perf_worker\n    exec(textwrap.dedent(code_src), temp_module.__dict__)\n  File \"<string>\", line 3, in <module>\nModuleNotFoundError: No module named 'transformers'\n"}}
2025-08-08 04:08:45,076 - openevolve.evaluator - WARNING - Evaluation attempt 2/4 failed for program c7e08ed6-89fb-4c06-8b76-b8a7ee43fc24: Error: The reference code is not valid or correct. The verify result is: {'error': 'No module named \'transformers\'\nTraceback (most recent call last):\n  File "/cpfs01/shared/llm_kernel/hujiakai/KernelLLM/validation_api_server/evaluator.py", line 92, in _measure_perf_worker\n    exec(textwrap.dedent(code_src), temp_module.__dict__)\n  File "<string>", line 3, in <module>\nModuleNotFoundError: No module named \'transformers\'\n'}
2025-08-08 04:08:46,079 - openevolve.RemoteSpeedupEvaluator - INFO - [level4_18_EleutherAI-gpt-neo-2p7B_bs512_seq32] verify_plus payload: reference_code(722 chars) + custom_code(843 chars)
2025-08-08 04:08:48,379 - openevolve.RemoteSpeedupEvaluator - INFO - [level4_18_EleutherAI-gpt-neo-2p7B_bs512_seq32] verify_plus request success
2025-08-08 04:08:48,379 - openevolve.RemoteSpeedupEvaluator - INFO - [level4_18_EleutherAI-gpt-neo-2p7B_bs512_seq32] verify_plus response: {"id":"level4_18_EleutherAI-gpt-neo-2p7B_bs512_seq32","result":{"error":"No module named 'transformers'\nTraceback (most recent call last):\n  File \"/cpfs01/shared/llm_kernel/hujiakai/KernelLLM/validation_api_server/evaluator.py\", line 92, in _measure_perf_worker\n    exec(textwrap.dedent(code_src), temp_module.__dict__)\n  File \"<string>\", line 3, in <module>\nModuleNotFoundError: No module named 'transformers'\n"}}
2025-08-08 04:08:48,380 - openevolve.evaluator - WARNING - Evaluation attempt 3/4 failed for program c7e08ed6-89fb-4c06-8b76-b8a7ee43fc24: Error: The reference code is not valid or correct. The verify result is: {'error': 'No module named \'transformers\'\nTraceback (most recent call last):\n  File "/cpfs01/shared/llm_kernel/hujiakai/KernelLLM/validation_api_server/evaluator.py", line 92, in _measure_perf_worker\n    exec(textwrap.dedent(code_src), temp_module.__dict__)\n  File "<string>", line 3, in <module>\nModuleNotFoundError: No module named \'transformers\'\n'}
2025-08-08 04:08:49,383 - openevolve.RemoteSpeedupEvaluator - INFO - [level4_18_EleutherAI-gpt-neo-2p7B_bs512_seq32] verify_plus payload: reference_code(722 chars) + custom_code(843 chars)
2025-08-08 04:08:51,687 - openevolve.RemoteSpeedupEvaluator - INFO - [level4_18_EleutherAI-gpt-neo-2p7B_bs512_seq32] verify_plus request success
2025-08-08 04:08:51,687 - openevolve.RemoteSpeedupEvaluator - INFO - [level4_18_EleutherAI-gpt-neo-2p7B_bs512_seq32] verify_plus response: {"id":"level4_18_EleutherAI-gpt-neo-2p7B_bs512_seq32","result":{"error":"No module named 'transformers'\nTraceback (most recent call last):\n  File \"/cpfs01/shared/llm_kernel/hujiakai/KernelLLM/validation_api_server/evaluator.py\", line 92, in _measure_perf_worker\n    exec(textwrap.dedent(code_src), temp_module.__dict__)\n  File \"<string>\", line 3, in <module>\nModuleNotFoundError: No module named 'transformers'\n"}}
2025-08-08 04:08:51,688 - openevolve.evaluator - WARNING - Evaluation attempt 4/4 failed for program c7e08ed6-89fb-4c06-8b76-b8a7ee43fc24: Error: The reference code is not valid or correct. The verify result is: {'error': 'No module named \'transformers\'\nTraceback (most recent call last):\n  File "/cpfs01/shared/llm_kernel/hujiakai/KernelLLM/validation_api_server/evaluator.py", line 92, in _measure_perf_worker\n    exec(textwrap.dedent(code_src), temp_module.__dict__)\n  File "<string>", line 3, in <module>\nModuleNotFoundError: No module named \'transformers\'\n'}
2025-08-08 04:08:51,688 - openevolve.evaluator - ERROR - All evaluation attempts failed for program c7e08ed6-89fb-4c06-8b76-b8a7ee43fc24. Last error: Error: The reference code is not valid or correct. The verify result is: {'error': 'No module named \'transformers\'\nTraceback (most recent call last):\n  File "/cpfs01/shared/llm_kernel/hujiakai/KernelLLM/validation_api_server/evaluator.py", line 92, in _measure_perf_worker\n    exec(textwrap.dedent(code_src), temp_module.__dict__)\n  File "<string>", line 3, in <module>\nModuleNotFoundError: No module named \'transformers\'\n'}
2025-08-08 04:08:51,689 - __main__ - ERROR - ðŸ’¥ å¤±è´¥ level4_18_EleutherAI-gpt-neo-2p7B_bs512_seq32: 'score'
2025-08-08 04:08:51,689 - __main__ - INFO - ----------------------------------------------------------------------
2025-08-08 04:08:51,690 - __main__ - INFO - ðŸ“Š è¿›ç¨‹ rank=8 ç»“æŸ | æˆåŠŸ 5 | å¤±è´¥ 1
2025-08-08 04:08:51,690 - __main__ - INFO - ----------------------------------------------------------------------
