2025-08-08 02:58:52,716 - openevolve.controller - INFO - Logging to openevolve_output/level3_4_LeNet5/logs/openevolve_20250808_025852.log
2025-08-08 02:58:52,717 - openevolve.controller - INFO - Set random seed to 42 for reproducibility
2025-08-08 02:58:52,756 - openevolve.llm.ensemble - INFO - Initialized LLM ensemble with models: deepseek (weight: 0.80), deepseek (weight: 0.20)
2025-08-08 02:58:52,795 - openevolve.llm.ensemble - INFO - Initialized LLM ensemble with models: deepseek (weight: 0.80), deepseek (weight: 0.20)
2025-08-08 02:58:52,795 - openevolve.prompt.sampler - INFO - Set custom templates: system=evaluator_system_message, user=None
2025-08-08 02:58:52,795 - openevolve.database - INFO - Initialized program database with 0 programs
2025-08-08 02:58:52,894 - openevolve.evaluator - INFO - Successfully loaded evaluation function from openevolve_output/level3_4_LeNet5/evaluation.py
2025-08-08 02:58:52,894 - openevolve.evaluator - INFO - Initialized evaluator with openevolve_output/level3_4_LeNet5/evaluation.py
2025-08-08 02:58:52,894 - openevolve.controller - INFO - Initialized OpenEvolve with /tmp/c2e93d1fccce5188c64415254228a4b6.py
2025-08-08 02:58:52,894 - openevolve.controller - INFO - Adding initial program to database
2025-08-08 02:58:52,894 - openevolve.RemoteSpeedupEvaluator - INFO - [level3_4_LeNet5] verify_plus payload: reference_code(1907 chars) + custom_code(2031 chars)
2025-08-08 02:58:59,162 - openevolve.RemoteSpeedupEvaluator - INFO - [level3_4_LeNet5] verify_plus request success
2025-08-08 02:58:59,162 - openevolve.RemoteSpeedupEvaluator - INFO - [level3_4_LeNet5] verify_plus response: {"id":"level3_4_LeNet5","result":{"compiled":true,"correctness":true,"metadata":{"hardware":"NVIDIA L20Y","device":"cuda:5","correctness_trials":"(5 / 5)","reference_timing_ms":0.206,"speed_up":1.164,"custom_timing":0.177},"runtime":0.177,"runtime_stats":{"mean":0.177,"std":0.00571,"min":0.169,"max":0.211,"num_trials":100,"hardware":"NVIDIA L20Y","device":"cuda:5"}}}
2025-08-08 02:58:59,163 - openevolve.evaluator - INFO - Evaluated program 6edbf63e-f4fb-4e6e-8b1f-cfa30c1b7401 in 6.27s: compiled=1.0000, correctness=1.0000, stage=reference code, passed=0.0000, score=0.0000, speed_up=1.0000, runtime_ms=0.1770, meta={'hardware': 'NVIDIA L20Y', 'device': 'cuda:5', 'correctness_trials': '(5 / 5)', 'reference_timing_ms': 0.206, 'speed_up': 1.164, 'custom_timing': 0.177}
2025-08-08 02:58:59,163 - openevolve.database - INFO - New MAP-Elites cell occupied: {'score': 0, 'complexity': 2}
2025-08-08 02:58:59,177 - openevolve.threaded_parallel - INFO - Initializing threaded evaluation pool with 3 workers
2025-08-08 02:58:59,178 - openevolve.threaded_parallel - INFO - Started thread pool with 3 threads
2025-08-08 02:58:59,178 - openevolve.threaded_parallel - INFO - Started improved parallel controller
2025-08-08 02:58:59,178 - openevolve.controller - INFO - Using island-based evolution with 3 islands
2025-08-08 02:58:59,178 - openevolve.database - INFO - Island Status:
2025-08-08 02:58:59,178 - openevolve.database - INFO -  * Island 0: 1 programs, best=0.0000, avg=0.0000, diversity=0.00, gen=0 (best: 6edbf63e-f4fb-4e6e-8b1f-cfa30c1b7401)
2025-08-08 02:58:59,178 - openevolve.database - INFO -    Island 1: 0 programs, best=0.0000, avg=0.0000, diversity=0.00, gen=0
2025-08-08 02:58:59,178 - openevolve.database - INFO -    Island 2: 0 programs, best=0.0000, avg=0.0000, diversity=0.00, gen=0
2025-08-08 02:58:59,178 - openevolve.threaded_parallel - INFO - Starting improved parallel evolution from iteration 0 for 30 iterations (total: 30)
2025-08-08 02:58:59,370 - openevolve.llm.ensemble - INFO - Initialized LLM ensemble with models: deepseek (weight: 0.80), deepseek (weight: 0.20)
2025-08-08 02:58:59,383 - openevolve.llm.ensemble - INFO - Initialized LLM ensemble with models: deepseek (weight: 0.80), deepseek (weight: 0.20)
2025-08-08 02:58:59,404 - openevolve.llm.ensemble - INFO - Initialized LLM ensemble with models: deepseek (weight: 0.80), deepseek (weight: 0.20)
2025-08-08 02:58:59,558 - openevolve.llm.ensemble - INFO - Initialized LLM ensemble with models: deepseek (weight: 0.80), deepseek (weight: 0.20)
2025-08-08 02:58:59,558 - openevolve.prompt.sampler - INFO - Set custom templates: system=evaluator_system_message, user=None
2025-08-08 02:58:59,561 - openevolve.evaluator - INFO - Successfully loaded evaluation function from openevolve_output/level3_4_LeNet5/evaluation.py
2025-08-08 02:58:59,561 - openevolve.evaluator - INFO - Initialized evaluator with openevolve_output/level3_4_LeNet5/evaluation.py
2025-08-08 02:58:59,563 - openevolve.llm.ensemble - INFO - Sampled model: deepseek
2025-08-08 02:58:59,569 - openevolve.llm.ensemble - INFO - Initialized LLM ensemble with models: deepseek (weight: 0.80), deepseek (weight: 0.20)
2025-08-08 02:58:59,569 - openevolve.prompt.sampler - INFO - Set custom templates: system=evaluator_system_message, user=None
2025-08-08 02:58:59,571 - openevolve.evaluator - INFO - Successfully loaded evaluation function from openevolve_output/level3_4_LeNet5/evaluation.py
2025-08-08 02:58:59,571 - openevolve.evaluator - INFO - Initialized evaluator with openevolve_output/level3_4_LeNet5/evaluation.py
2025-08-08 02:58:59,572 - openevolve.llm.ensemble - INFO - Sampled model: deepseek
2025-08-08 02:58:59,577 - openevolve.llm.ensemble - INFO - Initialized LLM ensemble with models: deepseek (weight: 0.80), deepseek (weight: 0.20)
2025-08-08 02:58:59,577 - openevolve.prompt.sampler - INFO - Set custom templates: system=evaluator_system_message, user=None
2025-08-08 02:58:59,579 - openevolve.evaluator - INFO - Successfully loaded evaluation function from openevolve_output/level3_4_LeNet5/evaluation.py
2025-08-08 02:58:59,579 - openevolve.evaluator - INFO - Initialized evaluator with openevolve_output/level3_4_LeNet5/evaluation.py
2025-08-08 02:58:59,581 - openevolve.llm.ensemble - INFO - Sampled model: deepseek
2025-08-08 03:11:17,198 - openevolve.RemoteSpeedupEvaluator - INFO - [level3_4_LeNet5] triton key words check pass
2025-08-08 03:11:17,200 - openevolve.RemoteSpeedupEvaluator - INFO - [level3_4_LeNet5] verify_plus payload: reference_code(1907 chars) + custom_code(2929 chars)
2025-08-08 03:11:21,265 - openevolve.RemoteSpeedupEvaluator - INFO - [level3_4_LeNet5] verify_plus request success
2025-08-08 03:11:21,266 - openevolve.RemoteSpeedupEvaluator - INFO - [level3_4_LeNet5] verify_plus response: {"id":"level3_4_LeNet5","result":{"compiled":true,"correctness":false,"metadata":{"hardware":"NVIDIA L20Y","device":"cuda:4","max_difference":["583.548096","584.775757","589.715149","529.592773","590.953613"],"avg_difference":["338.493591","342.900482","361.269012","310.188477","278.939484"],"correctness_issue":"Output mismatch","correctness_trials":"(0 / 5)","reference_timing_ms":0.206,"speed_up":-1.0,"custom_timing":-1.0},"runtime":-1.0,"runtime_stats":{}}}
2025-08-08 03:11:21,266 - openevolve.RemoteSpeedupEvaluator - INFO - [level3_4_LeNet5] âœ˜ wrong_answer
2025-08-08 03:11:21,266 - openevolve.evaluator - INFO - Evaluated program 78e99868-c79b-4cb6-a09a-b8dff51098b6 in 4.07s: compiled=1.0000, correctness=0.0000, score=10.0000, stage=wrong_answer, verify_payload={'id': 'level3_4_LeNet5', 'result': {'compiled': True, 'correctness': False, 'metadata': {'hardware': 'NVIDIA L20Y', 'device': 'cuda:4', 'max_difference': ['583.548096', '584.775757', '589.715149', '529.592773', '590.953613'], 'avg_difference': ['338.493591', '342.900482', '361.269012', '310.188477', '278.939484'], 'correctness_issue': 'Output mismatch', 'correctness_trials': '(0 / 5)', 'reference_timing_ms': 0.206, 'speed_up': -1.0, 'custom_timing': -1.0}, 'runtime': -1.0, 'runtime_stats': {}}}
2025-08-08 03:11:21,269 - openevolve.llm.ensemble - INFO - Sampled model: deepseek
2025-08-08 03:11:21,276 - openevolve.database - INFO - New MAP-Elites cell occupied: {'score': 9, 'complexity': 9}
2025-08-08 03:11:21,276 - openevolve.database - INFO - New best program 78e99868-c79b-4cb6-a09a-b8dff51098b6 replaces 6edbf63e-f4fb-4e6e-8b1f-cfa30c1b7401
2025-08-08 03:11:21,290 - openevolve.threaded_parallel - INFO - Iteration 1: Program 78e99868-c79b-4cb6-a09a-b8dff51098b6 (parent: 6edbf63e-f4fb-4e6e-8b1f-cfa30c1b7401) completed in 741.69s
2025-08-08 03:11:21,291 - openevolve.threaded_parallel - INFO - Metrics: compiled=1.0000, correctness=0.0000, score=10.0000, stage=wrong_answer, verify_payload={'id': 'level3_4_LeNet5', 'result': {'compiled': True, 'correctness': False, 'metadata': {'hardware': 'NVIDIA L20Y', 'device': 'cuda:4', 'max_difference': ['583.548096', '584.775757', '589.715149', '529.592773', '590.953613'], 'avg_difference': ['338.493591', '342.900482', '361.269012', '310.188477', '278.939484'], 'correctness_issue': 'Output mismatch', 'correctness_trials': '(0 / 5)', 'reference_timing_ms': 0.206, 'speed_up': -1.0, 'custom_timing': -1.0}, 'runtime': -1.0, 'runtime_stats': {}}}
2025-08-08 03:11:21,291 - openevolve.threaded_parallel - INFO - ðŸŒŸ New best solution found at iteration 1: 78e99868-c79b-4cb6-a09a-b8dff51098b6
2025-08-08 03:11:57,492 - openevolve.RemoteSpeedupEvaluator - INFO - [level3_4_LeNet5] triton key words check pass
2025-08-08 03:11:57,494 - openevolve.RemoteSpeedupEvaluator - INFO - [level3_4_LeNet5] verify_plus payload: reference_code(1907 chars) + custom_code(4564 chars)
2025-08-08 03:12:00,621 - openevolve.RemoteSpeedupEvaluator - INFO - [level3_4_LeNet5] verify_plus request success
2025-08-08 03:12:00,621 - openevolve.RemoteSpeedupEvaluator - INFO - [level3_4_LeNet5] verify_plus response: {"id":"level3_4_LeNet5","result":{"compiled":true,"correctness":false,"metadata":{"hardware":"NVIDIA L20Y","device":"cuda:6","runtime_error":"Traceback (most recent call last):\n  File \"/cpfs01/shared/llm_kernel/hujiakai/KernelLLM/validation_api_server/helpers/evaluations.py\", line 720, in run_and_check_correctness\n    output_new = model_new(*inputs)\n  File \"/home/lijiaxing/.conda/envs/api/lib/python3.10/site-packages/torch/nn/modules/module.py\", line 1773, in _wrapped_call_impl\n    return self._call_impl(*args, **kwargs)\n  File \"/home/lijiaxing/.conda/envs/api/lib/python3.10/site-packages/torch/nn/modules/module.py\", line 1784, in _call_impl\n    return forward_call(*args, **kwargs)\n  File \"/tmp/tmphkppl_fi.py\", line 106, in forward\n    x = F.relu(self.conv1(x))\n  File \"/h
2025-08-08 03:12:00,621 - openevolve.RemoteSpeedupEvaluator - INFO - [level3_4_LeNet5] âœ˜ wrong_answer
2025-08-08 03:12:00,621 - openevolve.evaluator - INFO - Evaluated program d3fd6824-2e23-4b55-b357-ce40cec423d2 in 3.13s: compiled=1.0000, correctness=0.0000, score=10.0000, stage=wrong_answer, verify_payload={'id': 'level3_4_LeNet5', 'result': {'compiled': True, 'correctness': False, 'metadata': {'hardware': 'NVIDIA L20Y', 'device': 'cuda:6', 'runtime_error': 'Traceback (most recent call last):\n  File "/cpfs01/shared/llm_kernel/hujiakai/KernelLLM/validation_api_server/helpers/evaluations.py", line 720, in run_and_check_correctness\n    output_new = model_new(*inputs)\n  File "/home/lijiaxing/.conda/envs/api/lib/python3.10/site-packages/torch/nn/modules/module.py", line 1773, in _wrapped_call_impl\n    return self._call_impl(*args, **kwargs)\n  File "/home/lijiaxing/.conda/envs/api/lib/python3.10/site-packages/torch/nn/modules/module.py", line 1784, in _call_impl\n    return forward_call(*args, **kwargs)\n  File "/tmp/tmphkppl_fi.py", line 106, in forward\n    x = F.relu(self.conv1(x))\n  File "/home/lijiaxing/.conda/envs/api/lib/python3.10/site-packages/torch/nn/modules/module.py", line 1773, in _wrapped_call_impl\n    return self._call_impl(*args, **kwargs)\n  File "/home/lijiaxing/.conda/envs/api/lib/python3.10/site-packages/torch/nn/modules/module.py", line 1784, in _call_impl\n    return forward_call(*args, **kwargs)\n  File "/tmp/tmphkppl_fi.py", line 87, in forward\n    conv2d_kernel[grid](\n  File "/home/lijiaxing/.conda/envs/api/lib/python3.10/site-packages/triton/runtime/jit.py", line 390, in <lambda>\n    return lambda *args, **kwargs: self.run(grid=grid, warmup=False, *args, **kwargs)\n  File "/home/lijiaxing/.conda/envs/api/lib/python3.10/site-packages/triton/runtime/jit.py", line 594, in run\n    kernel = self.compile(src, target=target, options=options.__dict__)\n  File "/home/lijiaxing/.conda/envs/api/lib/python3.10/site-packages/triton/compiler/compiler.py", line 339, in compile\n    module = src.make_ir(options, codegen_fns, module_map, context)\n  File "/home/lijiaxing/.conda/envs/api/lib/python3.10/site-packages/triton/compiler/compiler.py", line 83, in make_ir\n    return ast_to_ttir(self.fn, self, context=context, options=options, codegen_fns=codegen_fns,\ntriton.compiler.errors.CompilationError: at 18:8:\n):\n    pid_batch = tl.program_id(0)\n    pid_channel = tl.program_id(1)\n    pid_hw = tl.program_id(2)\n\n    hw = pid_hw\n    h = hw // output_width\n    w = hw % output_width\n\n    accumulator = 0.0\n    for c in range(input_channels):\n        for kh in tl.static_range(0, kernel_size):\n        ^\nAssertionError(\'int32[] used as tl.static_range end value is not a constexpr\')\n\n\nThe above exception was the direct cause of the following exception:\n\nTraceback (most recent call last):\n  File "/home/lijiaxing/.conda/envs/api/lib/python3.10/site-packages/triton/language/core.py", line 3130, in __init__\n    assert isinstance(arg2, constexpr), f"{arg2} used as tl.static_range end value is not a constexpr"\nAssertionError: int32[] used as tl.static_range end value is not a constexpr\n', 'runtime_error_name': 'triton.compiler.errors.CompilationError', 'reference_timing_ms': 0.206, 'speed_up': -1.0, 'custom_timing': -1.0}, 'runtime': -1.0, 'runtime_stats': {}}}
2025-08-08 03:12:00,624 - openevolve.llm.ensemble - INFO - Sampled model: deepseek
2025-08-08 03:12:00,640 - openevolve.threaded_parallel - INFO - Iteration 0: Program d3fd6824-2e23-4b55-b357-ce40cec423d2 (parent: 6edbf63e-f4fb-4e6e-8b1f-cfa30c1b7401) completed in 781.06s
2025-08-08 03:12:00,640 - openevolve.threaded_parallel - INFO - Metrics: compiled=1.0000, correctness=0.0000, score=10.0000, stage=wrong_answer, verify_payload={'id': 'level3_4_LeNet5', 'result': {'compiled': True, 'correctness': False, 'metadata': {'hardware': 'NVIDIA L20Y', 'device': 'cuda:6', 'runtime_error': 'Traceback (most recent call last):\n  File "/cpfs01/shared/llm_kernel/hujiakai/KernelLLM/validation_api_server/helpers/evaluations.py", line 720, in run_and_check_correctness\n    output_new = model_new(*inputs)\n  File "/home/lijiaxing/.conda/envs/api/lib/python3.10/site-packages/torch/nn/modules/module.py", line 1773, in _wrapped_call_impl\n    return self._call_impl(*args, **kwargs)\n  File "/home/lijiaxing/.conda/envs/api/lib/python3.10/site-packages/torch/nn/modules/module.py", line 1784, in _call_impl\n    return forward_call(*args, **kwargs)\n  File "/tmp/tmphkppl_fi.py", line 106, in forward\n    x = F.relu(self.conv1(x))\n  File "/home/lijiaxing/.conda/envs/api/lib/python3.10/site-packages/torch/nn/modules/module.py", line 1773, in _wrapped_call_impl\n    return self._call_impl(*args, **kwargs)\n  File "/home/lijiaxing/.conda/envs/api/lib/python3.10/site-packages/torch/nn/modules/module.py", line 1784, in _call_impl\n    return forward_call(*args, **kwargs)\n  File "/tmp/tmphkppl_fi.py", line 87, in forward\n    conv2d_kernel[grid](\n  File "/home/lijiaxing/.conda/envs/api/lib/python3.10/site-packages/triton/runtime/jit.py", line 390, in <lambda>\n    return lambda *args, **kwargs: self.run(grid=grid, warmup=False, *args, **kwargs)\n  File "/home/lijiaxing/.conda/envs/api/lib/python3.10/site-packages/triton/runtime/jit.py", line 594, in run\n    kernel = self.compile(src, target=target, options=options.__dict__)\n  File "/home/lijiaxing/.conda/envs/api/lib/python3.10/site-packages/triton/compiler/compiler.py", line 339, in compile\n    module = src.make_ir(options, codegen_fns, module_map, context)\n  File "/home/lijiaxing/.conda/envs/api/lib/python3.10/site-packages/triton/compiler/compiler.py", line 83, in make_ir\n    return ast_to_ttir(self.fn, self, context=context, options=options, codegen_fns=codegen_fns,\ntriton.compiler.errors.CompilationError: at 18:8:\n):\n    pid_batch = tl.program_id(0)\n    pid_channel = tl.program_id(1)\n    pid_hw = tl.program_id(2)\n\n    hw = pid_hw\n    h = hw // output_width\n    w = hw % output_width\n\n    accumulator = 0.0\n    for c in range(input_channels):\n        for kh in tl.static_range(0, kernel_size):\n        ^\nAssertionError(\'int32[] used as tl.static_range end value is not a constexpr\')\n\n\nThe above exception was the direct cause of the following exception:\n\nTraceback (most recent call last):\n  File "/home/lijiaxing/.conda/envs/api/lib/python3.10/site-packages/triton/language/core.py", line 3130, in __init__\n    assert isinstance(arg2, constexpr), f"{arg2} used as tl.static_range end value is not a constexpr"\nAssertionError: int32[] used as tl.static_range end value is not a constexpr\n', 'runtime_error_name': 'triton.compiler.errors.CompilationError', 'reference_timing_ms': 0.206, 'speed_up': -1.0, 'custom_timing': -1.0}, 'runtime': -1.0, 'runtime_stats': {}}}
2025-08-08 03:12:00,640 - openevolve.threaded_parallel - INFO - Checkpoint interval reached at iteration 0
2025-08-08 03:12:00,641 - openevolve.database - INFO - Island Status:
2025-08-08 03:12:00,641 - openevolve.database - INFO -  * Island 0: 3 programs, best=10.0000, avg=6.6667, diversity=573.07, gen=2 (best: 78e99868-c79b-4cb6-a09a-b8dff51098b6)
2025-08-08 03:12:00,641 - openevolve.database - INFO -    Island 1: 0 programs, best=0.0000, avg=0.0000, diversity=0.00, gen=0
2025-08-08 03:12:00,641 - openevolve.database - INFO -    Island 2: 0 programs, best=0.0000, avg=0.0000, diversity=0.00, gen=0
2025-08-08 03:12:00,682 - openevolve.database - INFO - Saved database with 3 programs to openevolve_output/level3_4_LeNet5/checkpoints/checkpoint_0
2025-08-08 03:12:00,692 - openevolve.controller - INFO - Saved best program at checkpoint 0 with metrics: compiled=1.0000, correctness=0.0000, score=10.0000, stage=wrong_answer, verify_payload={'id': 'level3_4_LeNet5', 'result': {'compiled': True, 'correctness': False, 'metadata': {'hardware': 'NVIDIA L20Y', 'device': 'cuda:4', 'max_difference': ['583.548096', '584.775757', '589.715149', '529.592773', '590.953613'], 'avg_difference': ['338.493591', '342.900482', '361.269012', '310.188477', '278.939484'], 'correctness_issue': 'Output mismatch', 'correctness_trials': '(0 / 5)', 'reference_timing_ms': 0.206, 'speed_up': -1.0, 'custom_timing': -1.0}, 'runtime': -1.0, 'runtime_stats': {}}}
2025-08-08 03:12:00,693 - openevolve.controller - INFO - Saved checkpoint at iteration 0 to openevolve_output/level3_4_LeNet5/checkpoints/checkpoint_0
2025-08-08 03:13:59,819 - openevolve.RemoteSpeedupEvaluator - INFO - [level3_4_LeNet5] triton key words check pass
2025-08-08 03:13:59,821 - openevolve.RemoteSpeedupEvaluator - INFO - [level3_4_LeNet5] verify_plus payload: reference_code(1907 chars) + custom_code(2813 chars)
2025-08-08 03:14:02,853 - openevolve.RemoteSpeedupEvaluator - INFO - [level3_4_LeNet5] verify_plus request success
2025-08-08 03:14:02,853 - openevolve.RemoteSpeedupEvaluator - INFO - [level3_4_LeNet5] verify_plus response: {"id":"level3_4_LeNet5","result":{"compiled":true,"correctness":false,"metadata":{"hardware":"NVIDIA L20Y","device":"cuda:1","runtime_error":"Traceback (most recent call last):\n  File \"/home/lijiaxing/.conda/envs/api/lib/python3.10/site-packages/triton/language/core.py\", line 42, in wrapper\n    return fn(*args, **kwargs)\n  File \"/home/lijiaxing/.conda/envs/api/lib/python3.10/site-packages/triton/language/core.py\", line 2216, in store\n    return _semantic.store(pointer, value, mask, boundary_check, cache_modifier, eviction_policy)\n  File \"/home/lijiaxing/.conda/envs/api/lib/python3.10/site-packages/triton/language/semantic.py\", line 1292, in store\n    return self._store_legacy(ptr, val, mask, boundary_check, cache, eviction)\n  File \"/home/lijiaxing/.conda/envs/api/lib/python3.
2025-08-08 03:14:02,853 - openevolve.RemoteSpeedupEvaluator - INFO - [level3_4_LeNet5] âœ˜ wrong_answer
2025-08-08 03:14:02,854 - openevolve.evaluator - INFO - Evaluated program 5ba6661a-3024-431b-99e9-730de40589c4 in 3.04s: compiled=1.0000, correctness=0.0000, score=10.0000, stage=wrong_answer, verify_payload={'id': 'level3_4_LeNet5', 'result': {'compiled': True, 'correctness': False, 'metadata': {'hardware': 'NVIDIA L20Y', 'device': 'cuda:1', 'runtime_error': 'Traceback (most recent call last):\n  File "/home/lijiaxing/.conda/envs/api/lib/python3.10/site-packages/triton/language/core.py", line 42, in wrapper\n    return fn(*args, **kwargs)\n  File "/home/lijiaxing/.conda/envs/api/lib/python3.10/site-packages/triton/language/core.py", line 2216, in store\n    return _semantic.store(pointer, value, mask, boundary_check, cache_modifier, eviction_policy)\n  File "/home/lijiaxing/.conda/envs/api/lib/python3.10/site-packages/triton/language/semantic.py", line 1292, in store\n    return self._store_legacy(ptr, val, mask, boundary_check, cache, eviction)\n  File "/home/lijiaxing/.conda/envs/api/lib/python3.10/site-packages/triton/language/semantic.py", line 1248, in _store_legacy\n    raise ValueError("Value argument cannot be block type if pointer argument is not a block")\nValueError: Value argument cannot be block type if pointer argument is not a block\n\nThe above exception was the direct cause of the following exception:\n\nTraceback (most recent call last):\n  File "/cpfs01/shared/llm_kernel/hujiakai/KernelLLM/validation_api_server/helpers/evaluations.py", line 720, in run_and_check_correctness\n    output_new = model_new(*inputs)\n  File "/home/lijiaxing/.conda/envs/api/lib/python3.10/site-packages/torch/nn/modules/module.py", line 1773, in _wrapped_call_impl\n    return self._call_impl(*args, **kwargs)\n  File "/home/lijiaxing/.conda/envs/api/lib/python3.10/site-packages/torch/nn/modules/module.py", line 1784, in _call_impl\n    return forward_call(*args, **kwargs)\n  File "/tmp/tmpev1ih0xf.py", line 79, in forward\n    x = F.relu(triton_linear(x, self.fc1.weight, self.fc1.bias))\n  File "/tmp/tmpev1ih0xf.py", line 51, in triton_linear\n    linear_kernel[grid](\n  File "/home/lijiaxing/.conda/envs/api/lib/python3.10/site-packages/triton/runtime/jit.py", line 390, in <lambda>\n    return lambda *args, **kwargs: self.run(grid=grid, warmup=False, *args, **kwargs)\n  File "/home/lijiaxing/.conda/envs/api/lib/python3.10/site-packages/triton/runtime/jit.py", line 594, in run\n    kernel = self.compile(src, target=target, options=options.__dict__)\n  File "/home/lijiaxing/.conda/envs/api/lib/python3.10/site-packages/triton/compiler/compiler.py", line 339, in compile\n    module = src.make_ir(options, codegen_fns, module_map, context)\n  File "/home/lijiaxing/.conda/envs/api/lib/python3.10/site-packages/triton/compiler/compiler.py", line 83, in make_ir\n    return ast_to_ttir(self.fn, self, context=context, options=options, codegen_fns=codegen_fns,\ntriton.compiler.errors.CompilationError: at 30:4:\n        mask_k = k_offs < k\n\n        x_val = tl.load(x_row_ptr + k_offs, mask=mask_k, other=0.0)\n        weight_val = tl.load(weight_col_ptr + k_offs, mask=mask_k, other=0.0)\n\n        acc += tl.sum(x_val * weight_val)\n\n    bias_val = tl.load(bias_ptr + pid_n)\n    acc += bias_val\n\n    output_ptr = output_ptr + pid_m * stride_om + pid_n * stride_on\n    tl.store(output_ptr, acc)\n    ^\n\n\nThe above exception was the direct cause of the following exception:\n\nTraceback (most recent call last):\n  File "/home/lijiaxing/.conda/envs/api/lib/python3.10/site-packages/triton/language/core.py", line 42, in wrapper\n    return fn(*args, **kwargs)\n  File "/home/lijiaxing/.conda/envs/api/lib/python3.10/site-packages/triton/language/core.py", line 2216, in store\n    return _semantic.store(pointer, value, mask, boundary_check, cache_modifier, eviction_policy)\n  File "/home/lijiaxing/.conda/envs/api/lib/python3.10/site-packages/triton/language/semantic.py", line 1292, in store\n    return self._store_legacy(ptr, val, mask, boundary_check, cache, eviction)\n  File "/home/lijiaxing/.conda/envs/api/lib/python3.10/site-packages/triton/language/semantic.py", line 1248, in _store_legacy\n    raise ValueError("Value argument cannot be block type if pointer argument is not a block")\nValueError: Value argument cannot be block type if pointer argument is not a block\n', 'runtime_error_name': 'triton.compiler.errors.CompilationError', 'reference_timing_ms': 0.206, 'speed_up': -1.0, 'custom_timing': -1.0}, 'runtime': -1.0, 'runtime_stats': {}}}
2025-08-08 03:14:02,855 - openevolve.database - INFO - New MAP-Elites cell occupied: {'score': 9, 'complexity': 3}
2025-08-08 03:14:02,857 - openevolve.llm.ensemble - INFO - Sampled model: deepseek
2025-08-08 03:14:02,868 - openevolve.threaded_parallel - INFO - Iteration 2: Program 5ba6661a-3024-431b-99e9-730de40589c4 (parent: 6edbf63e-f4fb-4e6e-8b1f-cfa30c1b7401) completed in 903.28s
2025-08-08 03:14:02,868 - openevolve.threaded_parallel - INFO - Metrics: compiled=1.0000, correctness=0.0000, score=10.0000, stage=wrong_answer, verify_payload={'id': 'level3_4_LeNet5', 'result': {'compiled': True, 'correctness': False, 'metadata': {'hardware': 'NVIDIA L20Y', 'device': 'cuda:1', 'runtime_error': 'Traceback (most recent call last):\n  File "/home/lijiaxing/.conda/envs/api/lib/python3.10/site-packages/triton/language/core.py", line 42, in wrapper\n    return fn(*args, **kwargs)\n  File "/home/lijiaxing/.conda/envs/api/lib/python3.10/site-packages/triton/language/core.py", line 2216, in store\n    return _semantic.store(pointer, value, mask, boundary_check, cache_modifier, eviction_policy)\n  File "/home/lijiaxing/.conda/envs/api/lib/python3.10/site-packages/triton/language/semantic.py", line 1292, in store\n    return self._store_legacy(ptr, val, mask, boundary_check, cache, eviction)\n  File "/home/lijiaxing/.conda/envs/api/lib/python3.10/site-packages/triton/language/semantic.py", line 1248, in _store_legacy\n    raise ValueError("Value argument cannot be block type if pointer argument is not a block")\nValueError: Value argument cannot be block type if pointer argument is not a block\n\nThe above exception was the direct cause of the following exception:\n\nTraceback (most recent call last):\n  File "/cpfs01/shared/llm_kernel/hujiakai/KernelLLM/validation_api_server/helpers/evaluations.py", line 720, in run_and_check_correctness\n    output_new = model_new(*inputs)\n  File "/home/lijiaxing/.conda/envs/api/lib/python3.10/site-packages/torch/nn/modules/module.py", line 1773, in _wrapped_call_impl\n    return self._call_impl(*args, **kwargs)\n  File "/home/lijiaxing/.conda/envs/api/lib/python3.10/site-packages/torch/nn/modules/module.py", line 1784, in _call_impl\n    return forward_call(*args, **kwargs)\n  File "/tmp/tmpev1ih0xf.py", line 79, in forward\n    x = F.relu(triton_linear(x, self.fc1.weight, self.fc1.bias))\n  File "/tmp/tmpev1ih0xf.py", line 51, in triton_linear\n    linear_kernel[grid](\n  File "/home/lijiaxing/.conda/envs/api/lib/python3.10/site-packages/triton/runtime/jit.py", line 390, in <lambda>\n    return lambda *args, **kwargs: self.run(grid=grid, warmup=False, *args, **kwargs)\n  File "/home/lijiaxing/.conda/envs/api/lib/python3.10/site-packages/triton/runtime/jit.py", line 594, in run\n    kernel = self.compile(src, target=target, options=options.__dict__)\n  File "/home/lijiaxing/.conda/envs/api/lib/python3.10/site-packages/triton/compiler/compiler.py", line 339, in compile\n    module = src.make_ir(options, codegen_fns, module_map, context)\n  File "/home/lijiaxing/.conda/envs/api/lib/python3.10/site-packages/triton/compiler/compiler.py", line 83, in make_ir\n    return ast_to_ttir(self.fn, self, context=context, options=options, codegen_fns=codegen_fns,\ntriton.compiler.errors.CompilationError: at 30:4:\n        mask_k = k_offs < k\n\n        x_val = tl.load(x_row_ptr + k_offs, mask=mask_k, other=0.0)\n        weight_val = tl.load(weight_col_ptr + k_offs, mask=mask_k, other=0.0)\n\n        acc += tl.sum(x_val * weight_val)\n\n    bias_val = tl.load(bias_ptr + pid_n)\n    acc += bias_val\n\n    output_ptr = output_ptr + pid_m * stride_om + pid_n * stride_on\n    tl.store(output_ptr, acc)\n    ^\n\n\nThe above exception was the direct cause of the following exception:\n\nTraceback (most recent call last):\n  File "/home/lijiaxing/.conda/envs/api/lib/python3.10/site-packages/triton/language/core.py", line 42, in wrapper\n    return fn(*args, **kwargs)\n  File "/home/lijiaxing/.conda/envs/api/lib/python3.10/site-packages/triton/language/core.py", line 2216, in store\n    return _semantic.store(pointer, value, mask, boundary_check, cache_modifier, eviction_policy)\n  File "/home/lijiaxing/.conda/envs/api/lib/python3.10/site-packages/triton/language/semantic.py", line 1292, in store\n    return self._store_legacy(ptr, val, mask, boundary_check, cache, eviction)\n  File "/home/lijiaxing/.conda/envs/api/lib/python3.10/site-packages/triton/language/semantic.py", line 1248, in _store_legacy\n    raise ValueError("Value argument cannot be block type if pointer argument is not a block")\nValueError: Value argument cannot be block type if pointer argument is not a block\n', 'runtime_error_name': 'triton.compiler.errors.CompilationError', 'reference_timing_ms': 0.206, 'speed_up': -1.0, 'custom_timing': -1.0}, 'runtime': -1.0, 'runtime_stats': {}}}
2025-08-08 03:16:33,392 - openevolve.RemoteSpeedupEvaluator - INFO - [level3_4_LeNet5] triton key words check pass
2025-08-08 03:16:33,394 - openevolve.RemoteSpeedupEvaluator - INFO - [level3_4_LeNet5] verify_plus payload: reference_code(1907 chars) + custom_code(3078 chars)
2025-08-08 03:16:36,640 - openevolve.RemoteSpeedupEvaluator - INFO - [level3_4_LeNet5] verify_plus request success
2025-08-08 03:16:36,640 - openevolve.RemoteSpeedupEvaluator - INFO - [level3_4_LeNet5] verify_plus response: {"id":"level3_4_LeNet5","result":{"compiled":true,"correctness":false,"metadata":{"hardware":"NVIDIA L20Y","device":"cuda:6","max_difference":["583.548096","584.775757","589.715149","529.592773","590.953613"],"avg_difference":["338.493591","342.900482","361.269012","310.188477","278.939484"],"correctness_issue":"Output mismatch","correctness_trials":"(0 / 5)","reference_timing_ms":0.206,"speed_up":-1.0,"custom_timing":-1.0},"runtime":-1.0,"runtime_stats":{}}}
2025-08-08 03:16:36,640 - openevolve.RemoteSpeedupEvaluator - INFO - [level3_4_LeNet5] âœ˜ wrong_answer
2025-08-08 03:16:36,641 - openevolve.evaluator - INFO - Evaluated program d7b149b4-2f85-45a2-abe2-8c1d9fb2f025 in 3.25s: compiled=1.0000, correctness=0.0000, score=10.0000, stage=wrong_answer, verify_payload={'id': 'level3_4_LeNet5', 'result': {'compiled': True, 'correctness': False, 'metadata': {'hardware': 'NVIDIA L20Y', 'device': 'cuda:6', 'max_difference': ['583.548096', '584.775757', '589.715149', '529.592773', '590.953613'], 'avg_difference': ['338.493591', '342.900482', '361.269012', '310.188477', '278.939484'], 'correctness_issue': 'Output mismatch', 'correctness_trials': '(0 / 5)', 'reference_timing_ms': 0.206, 'speed_up': -1.0, 'custom_timing': -1.0}, 'runtime': -1.0, 'runtime_stats': {}}}
2025-08-08 03:16:36,643 - openevolve.database - INFO - New MAP-Elites cell occupied: {'score': 9, 'complexity': 4}
2025-08-08 03:16:36,645 - openevolve.llm.ensemble - INFO - Sampled model: deepseek
2025-08-08 03:16:36,653 - openevolve.threaded_parallel - INFO - Iteration 4: Program d7b149b4-2f85-45a2-abe2-8c1d9fb2f025 (parent: 78e99868-c79b-4cb6-a09a-b8dff51098b6) completed in 276.02s
2025-08-08 03:16:36,654 - openevolve.threaded_parallel - INFO - Metrics: compiled=1.0000, correctness=0.0000, score=10.0000, stage=wrong_answer, verify_payload={'id': 'level3_4_LeNet5', 'result': {'compiled': True, 'correctness': False, 'metadata': {'hardware': 'NVIDIA L20Y', 'device': 'cuda:6', 'max_difference': ['583.548096', '584.775757', '589.715149', '529.592773', '590.953613'], 'avg_difference': ['338.493591', '342.900482', '361.269012', '310.188477', '278.939484'], 'correctness_issue': 'Output mismatch', 'correctness_trials': '(0 / 5)', 'reference_timing_ms': 0.206, 'speed_up': -1.0, 'custom_timing': -1.0}, 'runtime': -1.0, 'runtime_stats': {}}}
2025-08-08 03:22:35,045 - openevolve.RemoteSpeedupEvaluator - INFO - [level3_4_LeNet5] triton key words check pass
2025-08-08 03:22:35,047 - openevolve.RemoteSpeedupEvaluator - INFO - [level3_4_LeNet5] verify_plus payload: reference_code(1907 chars) + custom_code(4580 chars)
2025-08-08 03:22:38,698 - openevolve.RemoteSpeedupEvaluator - INFO - [level3_4_LeNet5] verify_plus request success
2025-08-08 03:22:38,699 - openevolve.RemoteSpeedupEvaluator - INFO - [level3_4_LeNet5] verify_plus response: {"id":"level3_4_LeNet5","result":{"compiled":true,"correctness":true,"metadata":{"hardware":"NVIDIA L20Y","device":"cuda:1","correctness_trials":"(5 / 5)","reference_timing_ms":0.206,"speed_up":0.981,"custom_timing":0.21},"runtime":0.21,"runtime_stats":{"mean":0.21,"std":0.013,"min":0.201,"max":0.301,"num_trials":100,"hardware":"NVIDIA L20Y","device":"cuda:1"}}}
2025-08-08 03:22:38,699 - openevolve.RemoteSpeedupEvaluator - INFO - [level3_4_LeNet5] âœ” success | speed_up=0.981  score=20.00
2025-08-08 03:22:38,699 - openevolve.evaluator - INFO - Evaluated program 00aaad76-e4fb-41dd-8d4c-cd43ea805f1a in 3.65s: compiled=1.0000, correctness=1.0000, stage=success, passed=0.0000, score=20.0000, speed_up=0.9810, runtime_ms=0.2100, meta={'hardware': 'NVIDIA L20Y', 'device': 'cuda:1', 'correctness_trials': '(5 / 5)', 'reference_timing_ms': 0.206, 'speed_up': 0.981, 'custom_timing': 0.21}
2025-08-08 03:22:38,702 - openevolve.database - INFO - MAP-Elites cell improved: {'score': 9, 'complexity': 9} (fitness: 10.000 -> 20.000)
2025-08-08 03:22:38,702 - openevolve.database - INFO - New best program 00aaad76-e4fb-41dd-8d4c-cd43ea805f1a replaces 78e99868-c79b-4cb6-a09a-b8dff51098b6
2025-08-08 03:22:38,702 - openevolve.llm.ensemble - INFO - Sampled model: deepseek
2025-08-08 03:22:38,714 - openevolve.threaded_parallel - INFO - Iteration 6: Program 00aaad76-e4fb-41dd-8d4c-cd43ea805f1a (parent: d3fd6824-2e23-4b55-b357-ce40cec423d2) completed in 362.06s
2025-08-08 03:22:38,714 - openevolve.threaded_parallel - INFO - Metrics: compiled=1.0000, correctness=1.0000, stage=success, passed=0.0000, score=20.0000, speed_up=0.9810, runtime_ms=0.2100, meta={'hardware': 'NVIDIA L20Y', 'device': 'cuda:1', 'correctness_trials': '(5 / 5)', 'reference_timing_ms': 0.206, 'speed_up': 0.981, 'custom_timing': 0.21}
2025-08-08 03:22:38,714 - openevolve.threaded_parallel - INFO - ðŸŒŸ New best solution found at iteration 6: 00aaad76-e4fb-41dd-8d4c-cd43ea805f1a
2025-08-08 03:22:38,714 - openevolve.threaded_parallel - INFO - Checkpoint interval reached at iteration 6
2025-08-08 03:22:38,715 - openevolve.database - INFO - Island Status:
2025-08-08 03:22:38,715 - openevolve.database - INFO -  * Island 0: 4 programs, best=10.0000, avg=7.5000, diversity=433.98, gen=3 (best: 78e99868-c79b-4cb6-a09a-b8dff51098b6)
2025-08-08 03:22:38,715 - openevolve.database - INFO -    Island 1: 1 programs, best=10.0000, avg=10.0000, diversity=0.00, gen=1 (best: d7b149b4-2f85-45a2-abe2-8c1d9fb2f025)
2025-08-08 03:22:38,715 - openevolve.database - INFO -    Island 2: 2 programs, best=20.0000, avg=15.0000, diversity=496.60, gen=1 (best: 00aaad76-e4fb-41dd-8d4c-cd43ea805f1a)
2025-08-08 03:22:38,850 - openevolve.database - INFO - Saved database with 6 programs to openevolve_output/level3_4_LeNet5/checkpoints/checkpoint_6
2025-08-08 03:22:38,866 - openevolve.controller - INFO - Saved best program at checkpoint 6 with metrics: compiled=1.0000, correctness=1.0000, stage=success, passed=0.0000, score=20.0000, speed_up=0.9810, runtime_ms=0.2100, meta={'hardware': 'NVIDIA L20Y', 'device': 'cuda:1', 'correctness_trials': '(5 / 5)', 'reference_timing_ms': 0.206, 'speed_up': 0.981, 'custom_timing': 0.21}
2025-08-08 03:22:38,866 - openevolve.controller - INFO - Saved checkpoint at iteration 6 to openevolve_output/level3_4_LeNet5/checkpoints/checkpoint_6
2025-08-08 03:22:42,340 - openevolve.RemoteSpeedupEvaluator - INFO - [level3_4_LeNet5] triton key words check pass
2025-08-08 03:22:42,340 - openevolve.RemoteSpeedupEvaluator - INFO - [level3_4_LeNet5] verify_plus payload: reference_code(1907 chars) + custom_code(4548 chars)
2025-08-08 03:22:46,139 - openevolve.RemoteSpeedupEvaluator - INFO - [level3_4_LeNet5] verify_plus request success
2025-08-08 03:22:46,139 - openevolve.RemoteSpeedupEvaluator - INFO - [level3_4_LeNet5] verify_plus response: {"id":"level3_4_LeNet5","result":{"compiled":true,"correctness":true,"metadata":{"hardware":"NVIDIA L20Y","device":"cuda:2","correctness_trials":"(5 / 5)","reference_timing_ms":0.206,"speed_up":0.941,"custom_timing":0.219},"runtime":0.219,"runtime_stats":{"mean":0.219,"std":0.00798,"min":0.211,"max":0.266,"num_trials":100,"hardware":"NVIDIA L20Y","device":"cuda:2"}}}
2025-08-08 03:22:46,140 - openevolve.RemoteSpeedupEvaluator - INFO - [level3_4_LeNet5] âœ” success | speed_up=0.941  score=20.00
2025-08-08 03:22:46,140 - openevolve.evaluator - INFO - Evaluated program c9935094-012a-4ddd-b510-a3a13c12afab in 3.80s: compiled=1.0000, correctness=1.0000, stage=success, passed=0.0000, score=20.0000, speed_up=0.9410, runtime_ms=0.2190, meta={'hardware': 'NVIDIA L20Y', 'device': 'cuda:2', 'correctness_trials': '(5 / 5)', 'reference_timing_ms': 0.206, 'speed_up': 0.941, 'custom_timing': 0.219}
2025-08-08 03:22:46,143 - openevolve.llm.ensemble - INFO - Sampled model: deepseek
2025-08-08 03:22:46,201 - openevolve.threaded_parallel - INFO - Iteration 5: Program c9935094-012a-4ddd-b510-a3a13c12afab (parent: 6edbf63e-f4fb-4e6e-8b1f-cfa30c1b7401) completed in 523.28s
2025-08-08 03:22:46,202 - openevolve.threaded_parallel - INFO - Metrics: compiled=1.0000, correctness=1.0000, stage=success, passed=0.0000, score=20.0000, speed_up=0.9410, runtime_ms=0.2190, meta={'hardware': 'NVIDIA L20Y', 'device': 'cuda:2', 'correctness_trials': '(5 / 5)', 'reference_timing_ms': 0.206, 'speed_up': 0.941, 'custom_timing': 0.219}
2025-08-08 03:24:30,747 - openevolve.RemoteSpeedupEvaluator - INFO - [level3_4_LeNet5] triton key words check pass
2025-08-08 03:24:30,748 - openevolve.RemoteSpeedupEvaluator - INFO - [level3_4_LeNet5] verify_plus payload: reference_code(1907 chars) + custom_code(3721 chars)
2025-08-08 03:24:34,105 - openevolve.RemoteSpeedupEvaluator - INFO - [level3_4_LeNet5] verify_plus request success
2025-08-08 03:24:34,105 - openevolve.RemoteSpeedupEvaluator - INFO - [level3_4_LeNet5] verify_plus response: {"id":"level3_4_LeNet5","result":{"compiled":true,"correctness":false,"metadata":{"hardware":"NVIDIA L20Y","device":"cuda:6","runtime_error":"Traceback (most recent call last):\n  File \"/home/lijiaxing/.conda/envs/api/lib/python3.10/site-packages/triton/language/core.py\", line 42, in wrapper\n    return fn(*args, **kwargs)\n  File \"/home/lijiaxing/.conda/envs/api/lib/python3.10/site-packages/triton/language/core.py\", line 2045, in dot\n    return _semantic.dot(input, other, acc, input_precision, max_num_imprecise_acc, out_dtype)\n  File \"/home/lijiaxing/.conda/envs/api/lib/python3.10/site-packages/triton/language/semantic.py\", line 1504, in dot\n    and rhs.shape[-1].value >= min_dot_size[1], \\\nAssertionError: Input shapes should have M >= 16, N >= 16 and K >= 16\n\nThe above excep
2025-08-08 03:24:34,105 - openevolve.RemoteSpeedupEvaluator - INFO - [level3_4_LeNet5] âœ˜ wrong_answer
2025-08-08 03:24:34,106 - openevolve.evaluator - INFO - Evaluated program 4da639fe-42b6-4b43-b96d-ee602cb450eb in 3.36s: compiled=1.0000, correctness=0.0000, score=10.0000, stage=wrong_answer, verify_payload={'id': 'level3_4_LeNet5', 'result': {'compiled': True, 'correctness': False, 'metadata': {'hardware': 'NVIDIA L20Y', 'device': 'cuda:6', 'runtime_error': 'Traceback (most recent call last):\n  File "/home/lijiaxing/.conda/envs/api/lib/python3.10/site-packages/triton/language/core.py", line 42, in wrapper\n    return fn(*args, **kwargs)\n  File "/home/lijiaxing/.conda/envs/api/lib/python3.10/site-packages/triton/language/core.py", line 2045, in dot\n    return _semantic.dot(input, other, acc, input_precision, max_num_imprecise_acc, out_dtype)\n  File "/home/lijiaxing/.conda/envs/api/lib/python3.10/site-packages/triton/language/semantic.py", line 1504, in dot\n    and rhs.shape[-1].value >= min_dot_size[1], \\\nAssertionError: Input shapes should have M >= 16, N >= 16 and K >= 16\n\nThe above exception was the direct cause of the following exception:\n\nTraceback (most recent call last):\n  File "/cpfs01/shared/llm_kernel/hujiakai/KernelLLM/validation_api_server/helpers/evaluations.py", line 720, in run_and_check_correctness\n    output_new = model_new(*inputs)\n  File "/home/lijiaxing/.conda/envs/api/lib/python3.10/site-packages/torch/nn/modules/module.py", line 1773, in _wrapped_call_impl\n    return self._call_impl(*args, **kwargs)\n  File "/home/lijiaxing/.conda/envs/api/lib/python3.10/site-packages/torch/nn/modules/module.py", line 1784, in _call_impl\n    return forward_call(*args, **kwargs)\n  File "/tmp/tmp96vjiinj.py", line 97, in forward\n    x = linear_triton(x, self.fc1_weight, self.fc1_bias)\n  File "/tmp/tmp96vjiinj.py", line 54, in linear_triton\n    _linear_kernel[grid](\n  File "/home/lijiaxing/.conda/envs/api/lib/python3.10/site-packages/triton/runtime/jit.py", line 390, in <lambda>\n    return lambda *args, **kwargs: self.run(grid=grid, warmup=False, *args, **kwargs)\n  File "/home/lijiaxing/.conda/envs/api/lib/python3.10/site-packages/triton/runtime/jit.py", line 594, in run\n    kernel = self.compile(src, target=target, options=options.__dict__)\n  File "/home/lijiaxing/.conda/envs/api/lib/python3.10/site-packages/triton/compiler/compiler.py", line 339, in compile\n    module = src.make_ir(options, codegen_fns, module_map, context)\n  File "/home/lijiaxing/.conda/envs/api/lib/python3.10/site-packages/triton/compiler/compiler.py", line 83, in make_ir\n    return ast_to_ttir(self.fn, self, context=context, options=options, codegen_fns=codegen_fns,\ntriton.compiler.errors.CompilationError: at 32:15:\n        m_offsets = tl.arange(0, BLOCK_SIZE_M)\n        m_mask = m_block + m_offsets < M\n\n        x_offset = b_idx * stride_x_b + (m_block + m_offsets) * stride_x_m\n        weight_offset = n_idx * stride_weight_n + (m_block + m_offsets) * stride_weight_m\n\n        x_val = tl.load(x_ptr + x_offset, mask=m_mask, other=0.0).to(tl.float16)\n        weight_val = tl.load(weight_ptr + weight_offset, mask=m_mask, other=0.0).to(tl.float16)\n\n        a = tl.reshape(x_val, (1, BLOCK_SIZE_M))\n        b = tl.reshape(weight_val, (BLOCK_SIZE_M, 1))\n        acc += tl.dot(a, b).to(tl.float32)\n               ^\n\n\nThe above exception was the direct cause of the following exception:\n\nTraceback (most recent call last):\n  File "/home/lijiaxing/.conda/envs/api/lib/python3.10/site-packages/triton/language/core.py", line 42, in wrapper\n    return fn(*args, **kwargs)\n  File "/home/lijiaxing/.conda/envs/api/lib/python3.10/site-packages/triton/language/core.py", line 2045, in dot\n    return _semantic.dot(input, other, acc, input_precision, max_num_imprecise_acc, out_dtype)\n  File "/home/lijiaxing/.conda/envs/api/lib/python3.10/site-packages/triton/language/semantic.py", line 1504, in dot\n    and rhs.shape[-1].value >= min_dot_size[1], \\\nAssertionError: Input shapes should have M >= 16, N >= 16 and K >= 16\n', 'runtime_error_name': 'triton.compiler.errors.CompilationError', 'reference_timing_ms': 0.206, 'speed_up': -1.0, 'custom_timing': -1.0}, 'runtime': -1.0, 'runtime_stats': {}}}
2025-08-08 03:24:34,109 - openevolve.llm.ensemble - INFO - Sampled model: deepseek
2025-08-08 03:24:34,113 - openevolve.database - INFO - New MAP-Elites cell occupied: {'score': 9, 'complexity': 6}
2025-08-08 03:24:34,126 - openevolve.threaded_parallel - INFO - Iteration 3: Program 4da639fe-42b6-4b43-b96d-ee602cb450eb (parent: 6edbf63e-f4fb-4e6e-8b1f-cfa30c1b7401) completed in 792.84s
2025-08-08 03:24:34,126 - openevolve.threaded_parallel - INFO - Metrics: compiled=1.0000, correctness=0.0000, score=10.0000, stage=wrong_answer, verify_payload={'id': 'level3_4_LeNet5', 'result': {'compiled': True, 'correctness': False, 'metadata': {'hardware': 'NVIDIA L20Y', 'device': 'cuda:6', 'runtime_error': 'Traceback (most recent call last):\n  File "/home/lijiaxing/.conda/envs/api/lib/python3.10/site-packages/triton/language/core.py", line 42, in wrapper\n    return fn(*args, **kwargs)\n  File "/home/lijiaxing/.conda/envs/api/lib/python3.10/site-packages/triton/language/core.py", line 2045, in dot\n    return _semantic.dot(input, other, acc, input_precision, max_num_imprecise_acc, out_dtype)\n  File "/home/lijiaxing/.conda/envs/api/lib/python3.10/site-packages/triton/language/semantic.py", line 1504, in dot\n    and rhs.shape[-1].value >= min_dot_size[1], \\\nAssertionError: Input shapes should have M >= 16, N >= 16 and K >= 16\n\nThe above exception was the direct cause of the following exception:\n\nTraceback (most recent call last):\n  File "/cpfs01/shared/llm_kernel/hujiakai/KernelLLM/validation_api_server/helpers/evaluations.py", line 720, in run_and_check_correctness\n    output_new = model_new(*inputs)\n  File "/home/lijiaxing/.conda/envs/api/lib/python3.10/site-packages/torch/nn/modules/module.py", line 1773, in _wrapped_call_impl\n    return self._call_impl(*args, **kwargs)\n  File "/home/lijiaxing/.conda/envs/api/lib/python3.10/site-packages/torch/nn/modules/module.py", line 1784, in _call_impl\n    return forward_call(*args, **kwargs)\n  File "/tmp/tmp96vjiinj.py", line 97, in forward\n    x = linear_triton(x, self.fc1_weight, self.fc1_bias)\n  File "/tmp/tmp96vjiinj.py", line 54, in linear_triton\n    _linear_kernel[grid](\n  File "/home/lijiaxing/.conda/envs/api/lib/python3.10/site-packages/triton/runtime/jit.py", line 390, in <lambda>\n    return lambda *args, **kwargs: self.run(grid=grid, warmup=False, *args, **kwargs)\n  File "/home/lijiaxing/.conda/envs/api/lib/python3.10/site-packages/triton/runtime/jit.py", line 594, in run\n    kernel = self.compile(src, target=target, options=options.__dict__)\n  File "/home/lijiaxing/.conda/envs/api/lib/python3.10/site-packages/triton/compiler/compiler.py", line 339, in compile\n    module = src.make_ir(options, codegen_fns, module_map, context)\n  File "/home/lijiaxing/.conda/envs/api/lib/python3.10/site-packages/triton/compiler/compiler.py", line 83, in make_ir\n    return ast_to_ttir(self.fn, self, context=context, options=options, codegen_fns=codegen_fns,\ntriton.compiler.errors.CompilationError: at 32:15:\n        m_offsets = tl.arange(0, BLOCK_SIZE_M)\n        m_mask = m_block + m_offsets < M\n\n        x_offset = b_idx * stride_x_b + (m_block + m_offsets) * stride_x_m\n        weight_offset = n_idx * stride_weight_n + (m_block + m_offsets) * stride_weight_m\n\n        x_val = tl.load(x_ptr + x_offset, mask=m_mask, other=0.0).to(tl.float16)\n        weight_val = tl.load(weight_ptr + weight_offset, mask=m_mask, other=0.0).to(tl.float16)\n\n        a = tl.reshape(x_val, (1, BLOCK_SIZE_M))\n        b = tl.reshape(weight_val, (BLOCK_SIZE_M, 1))\n        acc += tl.dot(a, b).to(tl.float32)\n               ^\n\n\nThe above exception was the direct cause of the following exception:\n\nTraceback (most recent call last):\n  File "/home/lijiaxing/.conda/envs/api/lib/python3.10/site-packages/triton/language/core.py", line 42, in wrapper\n    return fn(*args, **kwargs)\n  File "/home/lijiaxing/.conda/envs/api/lib/python3.10/site-packages/triton/language/core.py", line 2045, in dot\n    return _semantic.dot(input, other, acc, input_precision, max_num_imprecise_acc, out_dtype)\n  File "/home/lijiaxing/.conda/envs/api/lib/python3.10/site-packages/triton/language/semantic.py", line 1504, in dot\n    and rhs.shape[-1].value >= min_dot_size[1], \\\nAssertionError: Input shapes should have M >= 16, N >= 16 and K >= 16\n', 'runtime_error_name': 'triton.compiler.errors.CompilationError', 'reference_timing_ms': 0.206, 'speed_up': -1.0, 'custom_timing': -1.0}, 'runtime': -1.0, 'runtime_stats': {}}}
2025-08-08 03:24:34,126 - openevolve.threaded_parallel - INFO - Checkpoint interval reached at iteration 3
2025-08-08 03:24:34,127 - openevolve.database - INFO - Island Status:
2025-08-08 03:24:34,127 - openevolve.database - INFO -    Island 0: 5 programs, best=20.0000, avg=10.0000, diversity=434.05, gen=3 (best: c9935094-012a-4ddd-b510-a3a13c12afab)
2025-08-08 03:24:34,127 - openevolve.database - INFO -    Island 1: 2 programs, best=10.0000, avg=10.0000, diversity=235.80, gen=2 (best: d7b149b4-2f85-45a2-abe2-8c1d9fb2f025)
2025-08-08 03:24:34,127 - openevolve.database - INFO -  * Island 2: 2 programs, best=20.0000, avg=15.0000, diversity=496.60, gen=2 (best: 00aaad76-e4fb-41dd-8d4c-cd43ea805f1a)
2025-08-08 03:24:34,219 - openevolve.database - INFO - Saved database with 8 programs to openevolve_output/level3_4_LeNet5/checkpoints/checkpoint_3
2025-08-08 03:24:34,242 - openevolve.controller - INFO - Saved best program at checkpoint 3 with metrics: compiled=1.0000, correctness=1.0000, stage=success, passed=0.0000, score=20.0000, speed_up=0.9810, runtime_ms=0.2100, meta={'hardware': 'NVIDIA L20Y', 'device': 'cuda:1', 'correctness_trials': '(5 / 5)', 'reference_timing_ms': 0.206, 'speed_up': 0.981, 'custom_timing': 0.21}
2025-08-08 03:24:34,242 - openevolve.controller - INFO - Saved checkpoint at iteration 3 to openevolve_output/level3_4_LeNet5/checkpoints/checkpoint_3
2025-08-08 03:31:02,541 - openevolve.RemoteSpeedupEvaluator - INFO - [level3_4_LeNet5] triton key words check pass
2025-08-08 03:31:02,543 - openevolve.RemoteSpeedupEvaluator - INFO - [level3_4_LeNet5] verify_plus payload: reference_code(1907 chars) + custom_code(3300 chars)
2025-08-08 03:31:06,474 - openevolve.RemoteSpeedupEvaluator - INFO - [level3_4_LeNet5] verify_plus request success
2025-08-08 03:31:06,474 - openevolve.RemoteSpeedupEvaluator - INFO - [level3_4_LeNet5] verify_plus response: {"id":"level3_4_LeNet5","result":{"compiled":true,"correctness":false,"metadata":{"hardware":"NVIDIA L20Y","device":"cuda:1","max_difference":["583.548218","584.775757","589.715149","529.592712","590.953552"],"avg_difference":["338.493622","342.900482","361.268951","310.188507","278.939453"],"correctness_issue":"Output mismatch","correctness_trials":"(0 / 5)","reference_timing_ms":0.206,"speed_up":-1.0,"custom_timing":-1.0},"runtime":-1.0,"runtime_stats":{}}}
2025-08-08 03:31:06,474 - openevolve.RemoteSpeedupEvaluator - INFO - [level3_4_LeNet5] âœ˜ wrong_answer
2025-08-08 03:31:06,475 - openevolve.evaluator - INFO - Evaluated program 534d1eb6-25d1-4e96-b601-55a32347edbe in 3.93s: compiled=1.0000, correctness=0.0000, score=10.0000, stage=wrong_answer, verify_payload={'id': 'level3_4_LeNet5', 'result': {'compiled': True, 'correctness': False, 'metadata': {'hardware': 'NVIDIA L20Y', 'device': 'cuda:1', 'max_difference': ['583.548218', '584.775757', '589.715149', '529.592712', '590.953552'], 'avg_difference': ['338.493622', '342.900482', '361.268951', '310.188507', '278.939453'], 'correctness_issue': 'Output mismatch', 'correctness_trials': '(0 / 5)', 'reference_timing_ms': 0.206, 'speed_up': -1.0, 'custom_timing': -1.0}, 'runtime': -1.0, 'runtime_stats': {}}}
2025-08-08 03:31:06,478 - openevolve.llm.ensemble - INFO - Sampled model: deepseek
2025-08-08 03:31:06,496 - openevolve.threaded_parallel - INFO - Iteration 8: Program 534d1eb6-25d1-4e96-b601-55a32347edbe (parent: 6edbf63e-f4fb-4e6e-8b1f-cfa30c1b7401) completed in 500.33s
2025-08-08 03:31:06,497 - openevolve.threaded_parallel - INFO - Metrics: compiled=1.0000, correctness=0.0000, score=10.0000, stage=wrong_answer, verify_payload={'id': 'level3_4_LeNet5', 'result': {'compiled': True, 'correctness': False, 'metadata': {'hardware': 'NVIDIA L20Y', 'device': 'cuda:1', 'max_difference': ['583.548218', '584.775757', '589.715149', '529.592712', '590.953552'], 'avg_difference': ['338.493622', '342.900482', '361.268951', '310.188507', '278.939453'], 'correctness_issue': 'Output mismatch', 'correctness_trials': '(0 / 5)', 'reference_timing_ms': 0.206, 'speed_up': -1.0, 'custom_timing': -1.0}, 'runtime': -1.0, 'runtime_stats': {}}}
2025-08-08 03:34:55,333 - openevolve.RemoteSpeedupEvaluator - INFO - [level3_4_LeNet5] triton key words check pass
2025-08-08 03:34:55,335 - openevolve.RemoteSpeedupEvaluator - INFO - [level3_4_LeNet5] verify_plus payload: reference_code(1907 chars) + custom_code(3022 chars)
2025-08-08 03:34:59,079 - openevolve.RemoteSpeedupEvaluator - INFO - [level3_4_LeNet5] verify_plus request success
2025-08-08 03:34:59,079 - openevolve.RemoteSpeedupEvaluator - INFO - [level3_4_LeNet5] verify_plus response: {"id":"level3_4_LeNet5","result":{"compiled":true,"correctness":false,"metadata":{"hardware":"NVIDIA L20Y","device":"cuda:6","max_difference":["583.548218","584.775757","589.715027","529.592773","590.953552"],"avg_difference":["338.493561","342.900482","361.268951","310.188538","278.939423"],"correctness_issue":"Output mismatch","correctness_trials":"(0 / 5)","reference_timing_ms":0.206,"speed_up":-1.0,"custom_timing":-1.0},"runtime":-1.0,"runtime_stats":{}}}
2025-08-08 03:34:59,080 - openevolve.RemoteSpeedupEvaluator - INFO - [level3_4_LeNet5] âœ˜ wrong_answer
2025-08-08 03:34:59,080 - openevolve.evaluator - INFO - Evaluated program 54cbc000-cf42-4ad3-9d77-290eb82a8572 in 3.75s: compiled=1.0000, correctness=0.0000, score=10.0000, stage=wrong_answer, verify_payload={'id': 'level3_4_LeNet5', 'result': {'compiled': True, 'correctness': False, 'metadata': {'hardware': 'NVIDIA L20Y', 'device': 'cuda:6', 'max_difference': ['583.548218', '584.775757', '589.715027', '529.592773', '590.953552'], 'avg_difference': ['338.493561', '342.900482', '361.268951', '310.188538', '278.939423'], 'correctness_issue': 'Output mismatch', 'correctness_trials': '(0 / 5)', 'reference_timing_ms': 0.206, 'speed_up': -1.0, 'custom_timing': -1.0}, 'runtime': -1.0, 'runtime_stats': {}}}
2025-08-08 03:34:59,084 - openevolve.llm.ensemble - INFO - Sampled model: deepseek
2025-08-08 03:34:59,101 - openevolve.threaded_parallel - INFO - Iteration 7: Program 54cbc000-cf42-4ad3-9d77-290eb82a8572 (parent: 78e99868-c79b-4cb6-a09a-b8dff51098b6) completed in 740.38s
2025-08-08 03:34:59,101 - openevolve.threaded_parallel - INFO - Metrics: compiled=1.0000, correctness=0.0000, score=10.0000, stage=wrong_answer, verify_payload={'id': 'level3_4_LeNet5', 'result': {'compiled': True, 'correctness': False, 'metadata': {'hardware': 'NVIDIA L20Y', 'device': 'cuda:6', 'max_difference': ['583.548218', '584.775757', '589.715027', '529.592773', '590.953552'], 'avg_difference': ['338.493561', '342.900482', '361.268951', '310.188538', '278.939423'], 'correctness_issue': 'Output mismatch', 'correctness_trials': '(0 / 5)', 'reference_timing_ms': 0.206, 'speed_up': -1.0, 'custom_timing': -1.0}, 'runtime': -1.0, 'runtime_stats': {}}}
2025-08-08 03:36:03,865 - openevolve.RemoteSpeedupEvaluator - INFO - [level3_4_LeNet5] triton key words check pass
2025-08-08 03:36:03,867 - openevolve.RemoteSpeedupEvaluator - INFO - [level3_4_LeNet5] verify_plus payload: reference_code(1907 chars) + custom_code(3090 chars)
2025-08-08 03:36:07,296 - openevolve.RemoteSpeedupEvaluator - INFO - [level3_4_LeNet5] verify_plus request success
2025-08-08 03:36:07,296 - openevolve.RemoteSpeedupEvaluator - INFO - [level3_4_LeNet5] verify_plus response: {"id":"level3_4_LeNet5","result":{"compiled":true,"correctness":false,"metadata":{"hardware":"NVIDIA L20Y","device":"cuda:2","max_difference":["583.548096","584.775757","589.715149","529.592773","590.953613"],"avg_difference":["338.493591","342.900482","361.269012","310.188477","278.939484"],"correctness_issue":"Output mismatch","correctness_trials":"(0 / 5)","reference_timing_ms":0.206,"speed_up":-1.0,"custom_timing":-1.0},"runtime":-1.0,"runtime_stats":{}}}
2025-08-08 03:36:07,297 - openevolve.RemoteSpeedupEvaluator - INFO - [level3_4_LeNet5] âœ˜ wrong_answer
2025-08-08 03:36:07,297 - openevolve.evaluator - INFO - Evaluated program de500a88-63ae-4a12-9a75-44c9a1475a0c in 3.43s: compiled=1.0000, correctness=0.0000, score=10.0000, stage=wrong_answer, verify_payload={'id': 'level3_4_LeNet5', 'result': {'compiled': True, 'correctness': False, 'metadata': {'hardware': 'NVIDIA L20Y', 'device': 'cuda:2', 'max_difference': ['583.548096', '584.775757', '589.715149', '529.592773', '590.953613'], 'avg_difference': ['338.493591', '342.900482', '361.269012', '310.188477', '278.939484'], 'correctness_issue': 'Output mismatch', 'correctness_trials': '(0 / 5)', 'reference_timing_ms': 0.206, 'speed_up': -1.0, 'custom_timing': -1.0}, 'runtime': -1.0, 'runtime_stats': {}}}
2025-08-08 03:36:07,300 - openevolve.llm.ensemble - INFO - Sampled model: deepseek
2025-08-08 03:36:07,326 - openevolve.threaded_parallel - INFO - Iteration 9: Program de500a88-63ae-4a12-9a75-44c9a1475a0c (parent: d7b149b4-2f85-45a2-abe2-8c1d9fb2f025) completed in 693.19s
2025-08-08 03:36:07,326 - openevolve.threaded_parallel - INFO - Metrics: compiled=1.0000, correctness=0.0000, score=10.0000, stage=wrong_answer, verify_payload={'id': 'level3_4_LeNet5', 'result': {'compiled': True, 'correctness': False, 'metadata': {'hardware': 'NVIDIA L20Y', 'device': 'cuda:2', 'max_difference': ['583.548096', '584.775757', '589.715149', '529.592773', '590.953613'], 'avg_difference': ['338.493591', '342.900482', '361.269012', '310.188477', '278.939484'], 'correctness_issue': 'Output mismatch', 'correctness_trials': '(0 / 5)', 'reference_timing_ms': 0.206, 'speed_up': -1.0, 'custom_timing': -1.0}, 'runtime': -1.0, 'runtime_stats': {}}}
2025-08-08 03:36:07,327 - openevolve.threaded_parallel - INFO - Checkpoint interval reached at iteration 9
2025-08-08 03:36:07,327 - openevolve.database - INFO - Island Status:
2025-08-08 03:36:07,328 - openevolve.database - INFO -    Island 0: 6 programs, best=20.0000, avg=10.0000, diversity=224.63, gen=4 (best: c9935094-012a-4ddd-b510-a3a13c12afab)
2025-08-08 03:36:07,328 - openevolve.database - INFO -    Island 1: 3 programs, best=10.0000, avg=10.0000, diversity=157.20, gen=3 (best: d7b149b4-2f85-45a2-abe2-8c1d9fb2f025)
2025-08-08 03:36:07,328 - openevolve.database - INFO -  * Island 2: 3 programs, best=20.0000, avg=13.3333, diversity=332.73, gen=3 (best: 00aaad76-e4fb-41dd-8d4c-cd43ea805f1a)
2025-08-08 03:36:07,448 - openevolve.database - INFO - Saved database with 11 programs to openevolve_output/level3_4_LeNet5/checkpoints/checkpoint_9
2025-08-08 03:36:07,465 - openevolve.controller - INFO - Saved best program at checkpoint 9 with metrics: compiled=1.0000, correctness=1.0000, stage=success, passed=0.0000, score=20.0000, speed_up=0.9810, runtime_ms=0.2100, meta={'hardware': 'NVIDIA L20Y', 'device': 'cuda:1', 'correctness_trials': '(5 / 5)', 'reference_timing_ms': 0.206, 'speed_up': 0.981, 'custom_timing': 0.21}
2025-08-08 03:36:07,465 - openevolve.controller - INFO - Saved checkpoint at iteration 9 to openevolve_output/level3_4_LeNet5/checkpoints/checkpoint_9
2025-08-08 03:38:24,341 - openevolve.RemoteSpeedupEvaluator - INFO - [level3_4_LeNet5] triton key words check pass
2025-08-08 03:38:24,343 - openevolve.RemoteSpeedupEvaluator - INFO - [level3_4_LeNet5] verify_plus payload: reference_code(1907 chars) + custom_code(4548 chars)
2025-08-08 03:38:27,420 - openevolve.RemoteSpeedupEvaluator - INFO - [level3_4_LeNet5] verify_plus request success
2025-08-08 03:38:27,421 - openevolve.RemoteSpeedupEvaluator - INFO - [level3_4_LeNet5] verify_plus response: {"id":"level3_4_LeNet5","result":{"compiled":true,"correctness":true,"metadata":{"hardware":"NVIDIA L20Y","device":"cuda:0","correctness_trials":"(5 / 5)","reference_timing_ms":0.206,"speed_up":0.958,"custom_timing":0.215},"runtime":0.215,"runtime_stats":{"mean":0.215,"std":0.00851,"min":0.207,"max":0.273,"num_trials":100,"hardware":"NVIDIA L20Y","device":"cuda:0"}}}
2025-08-08 03:38:27,421 - openevolve.RemoteSpeedupEvaluator - INFO - [level3_4_LeNet5] âœ” success | speed_up=0.958  score=20.00
2025-08-08 03:38:27,422 - openevolve.evaluator - INFO - Evaluated program 4724474e-a181-4b5f-a8cc-eae9c95fafb5 in 3.08s: compiled=1.0000, correctness=1.0000, stage=success, passed=0.0000, score=20.0000, speed_up=0.9580, runtime_ms=0.2150, meta={'hardware': 'NVIDIA L20Y', 'device': 'cuda:0', 'correctness_trials': '(5 / 5)', 'reference_timing_ms': 0.206, 'speed_up': 0.958, 'custom_timing': 0.215}
2025-08-08 03:38:27,425 - openevolve.llm.ensemble - INFO - Sampled model: deepseek
2025-08-08 03:38:27,440 - openevolve.threaded_parallel - INFO - Iteration 11: Program 4724474e-a181-4b5f-a8cc-eae9c95fafb5 (parent: d3fd6824-2e23-4b55-b357-ce40cec423d2) completed in 208.34s
2025-08-08 03:38:27,440 - openevolve.threaded_parallel - INFO - Metrics: compiled=1.0000, correctness=1.0000, stage=success, passed=0.0000, score=20.0000, speed_up=0.9580, runtime_ms=0.2150, meta={'hardware': 'NVIDIA L20Y', 'device': 'cuda:0', 'correctness_trials': '(5 / 5)', 'reference_timing_ms': 0.206, 'speed_up': 0.958, 'custom_timing': 0.215}
2025-08-08 03:42:45,799 - openevolve.RemoteSpeedupEvaluator - INFO - [level3_4_LeNet5] triton key words check pass
2025-08-08 03:42:45,801 - openevolve.RemoteSpeedupEvaluator - INFO - [level3_4_LeNet5] verify_plus payload: reference_code(1907 chars) + custom_code(3886 chars)
2025-08-08 03:42:49,251 - openevolve.RemoteSpeedupEvaluator - INFO - [level3_4_LeNet5] verify_plus request success
2025-08-08 03:42:49,252 - openevolve.RemoteSpeedupEvaluator - INFO - [level3_4_LeNet5] verify_plus response: {"id":"level3_4_LeNet5","result":{"compiled":true,"correctness":true,"metadata":{"hardware":"NVIDIA L20Y","device":"cuda:2","correctness_trials":"(5 / 5)","reference_timing_ms":0.206,"speed_up":0.755,"custom_timing":0.273},"runtime":0.273,"runtime_stats":{"mean":0.273,"std":0.0107,"min":0.262,"max":0.318,"num_trials":100,"hardware":"NVIDIA L20Y","device":"cuda:2"}}}
2025-08-08 03:42:49,252 - openevolve.RemoteSpeedupEvaluator - INFO - [level3_4_LeNet5] âœ” success | speed_up=0.755  score=20.00
2025-08-08 03:42:49,252 - openevolve.evaluator - INFO - Evaluated program 1fca161c-28fb-45d2-ae56-6188019e038f in 3.45s: compiled=1.0000, correctness=1.0000, stage=success, passed=0.0000, score=20.0000, speed_up=0.7550, runtime_ms=0.2730, meta={'hardware': 'NVIDIA L20Y', 'device': 'cuda:2', 'correctness_trials': '(5 / 5)', 'reference_timing_ms': 0.206, 'speed_up': 0.755, 'custom_timing': 0.273}
2025-08-08 03:42:49,256 - openevolve.llm.ensemble - INFO - Sampled model: deepseek
2025-08-08 03:42:49,259 - openevolve.database - INFO - New MAP-Elites cell occupied: {'score': 9, 'complexity': 7}
2025-08-08 03:42:49,271 - openevolve.threaded_parallel - INFO - Iteration 12: Program 1fca161c-28fb-45d2-ae56-6188019e038f (parent: d7b149b4-2f85-45a2-abe2-8c1d9fb2f025) completed in 401.95s
2025-08-08 03:42:49,272 - openevolve.threaded_parallel - INFO - Metrics: compiled=1.0000, correctness=1.0000, stage=success, passed=0.0000, score=20.0000, speed_up=0.7550, runtime_ms=0.2730, meta={'hardware': 'NVIDIA L20Y', 'device': 'cuda:2', 'correctness_trials': '(5 / 5)', 'reference_timing_ms': 0.206, 'speed_up': 0.755, 'custom_timing': 0.273}
2025-08-08 03:42:49,272 - openevolve.threaded_parallel - INFO - Checkpoint interval reached at iteration 12
2025-08-08 03:42:49,273 - openevolve.database - INFO - Island Status:
2025-08-08 03:42:49,273 - openevolve.database - INFO -    Island 0: 7 programs, best=20.0000, avg=11.4286, diversity=367.58, gen=5 (best: c9935094-012a-4ddd-b510-a3a13c12afab)
2025-08-08 03:42:49,273 - openevolve.database - INFO -  * Island 1: 3 programs, best=10.0000, avg=10.0000, diversity=157.20, gen=4 (best: d7b149b4-2f85-45a2-abe2-8c1d9fb2f025)
2025-08-08 03:42:49,273 - openevolve.database - INFO -    Island 2: 4 programs, best=20.0000, avg=15.0000, diversity=292.27, gen=3 (best: 00aaad76-e4fb-41dd-8d4c-cd43ea805f1a)
2025-08-08 03:42:49,473 - openevolve.database - INFO - Saved database with 13 programs to openevolve_output/level3_4_LeNet5/checkpoints/checkpoint_12
2025-08-08 03:42:49,489 - openevolve.controller - INFO - Saved best program at checkpoint 12 with metrics: compiled=1.0000, correctness=1.0000, stage=success, passed=0.0000, score=20.0000, speed_up=0.9810, runtime_ms=0.2100, meta={'hardware': 'NVIDIA L20Y', 'device': 'cuda:1', 'correctness_trials': '(5 / 5)', 'reference_timing_ms': 0.206, 'speed_up': 0.981, 'custom_timing': 0.21}
2025-08-08 03:42:49,489 - openevolve.controller - INFO - Saved checkpoint at iteration 12 to openevolve_output/level3_4_LeNet5/checkpoints/checkpoint_12
2025-08-08 03:43:23,011 - openevolve.RemoteSpeedupEvaluator - INFO - [level3_4_LeNet5] triton key words check pass
2025-08-08 03:43:23,013 - openevolve.RemoteSpeedupEvaluator - INFO - [level3_4_LeNet5] verify_plus payload: reference_code(1907 chars) + custom_code(4551 chars)
2025-08-08 03:43:27,285 - openevolve.RemoteSpeedupEvaluator - INFO - [level3_4_LeNet5] verify_plus request success
2025-08-08 03:43:27,285 - openevolve.RemoteSpeedupEvaluator - INFO - [level3_4_LeNet5] verify_plus response: {"id":"level3_4_LeNet5","result":{"compiled":true,"correctness":false,"metadata":{"hardware":"NVIDIA L20Y","device":"cuda:2","runtime_error":"Traceback (most recent call last):\n  File \"/home/lijiaxing/.conda/envs/api/lib/python3.10/site-packages/triton/language/core.py\", line 42, in wrapper\n    return fn(*args, **kwargs)\n  File \"/home/lijiaxing/.conda/envs/api/lib/python3.10/site-packages/triton/language/core.py\", line 1654, in arange\n    return _semantic.arange(start, end)\n  File \"/home/lijiaxing/.conda/envs/api/lib/python3.10/site-packages/triton/language/semantic.py\", line 583, in arange\n    raise ValueError(\"arange's range must be a power of 2\")\nValueError: arange's range must be a power of 2\n\nThe above exception was the direct cause of the following exception:\n\nTrac
2025-08-08 03:43:27,285 - openevolve.RemoteSpeedupEvaluator - INFO - [level3_4_LeNet5] âœ˜ wrong_answer
2025-08-08 03:43:27,286 - openevolve.evaluator - INFO - Evaluated program 9cfcd628-0653-4422-84c7-120bbdfa3f96 in 4.28s: compiled=1.0000, correctness=0.0000, score=10.0000, stage=wrong_answer, verify_payload={'id': 'level3_4_LeNet5', 'result': {'compiled': True, 'correctness': False, 'metadata': {'hardware': 'NVIDIA L20Y', 'device': 'cuda:2', 'runtime_error': 'Traceback (most recent call last):\n  File "/home/lijiaxing/.conda/envs/api/lib/python3.10/site-packages/triton/language/core.py", line 42, in wrapper\n    return fn(*args, **kwargs)\n  File "/home/lijiaxing/.conda/envs/api/lib/python3.10/site-packages/triton/language/core.py", line 1654, in arange\n    return _semantic.arange(start, end)\n  File "/home/lijiaxing/.conda/envs/api/lib/python3.10/site-packages/triton/language/semantic.py", line 583, in arange\n    raise ValueError("arange\'s range must be a power of 2")\nValueError: arange\'s range must be a power of 2\n\nThe above exception was the direct cause of the following exception:\n\nTraceback (most recent call last):\n  File "/cpfs01/shared/llm_kernel/hujiakai/KernelLLM/validation_api_server/helpers/evaluations.py", line 720, in run_and_check_correctness\n    output_new = model_new(*inputs)\n  File "/home/lijiaxing/.conda/envs/api/lib/python3.10/site-packages/torch/nn/modules/module.py", line 1773, in _wrapped_call_impl\n    return self._call_impl(*args, **kwargs)\n  File "/home/lijiaxing/.conda/envs/api/lib/python3.10/site-packages/torch/nn/modules/module.py", line 1784, in _call_impl\n    return forward_call(*args, **kwargs)\n  File "/tmp/tmpcqfkim_a.py", line 108, in forward\n    x = F.relu(self.conv1(x))\n  File "/home/lijiaxing/.conda/envs/api/lib/python3.10/site-packages/torch/nn/modules/module.py", line 1773, in _wrapped_call_impl\n    return self._call_impl(*args, **kwargs)\n  File "/home/lijiaxing/.conda/envs/api/lib/python3.10/site-packages/torch/nn/modules/module.py", line 1784, in _call_impl\n    return forward_call(*args, **kwargs)\n  File "/tmp/tmpcqfkim_a.py", line 88, in forward\n    conv2d_kernel[grid](\n  File "/home/lijiaxing/.conda/envs/api/lib/python3.10/site-packages/triton/runtime/jit.py", line 390, in <lambda>\n    return lambda *args, **kwargs: self.run(grid=grid, warmup=False, *args, **kwargs)\n  File "/home/lijiaxing/.conda/envs/api/lib/python3.10/site-packages/triton/runtime/jit.py", line 594, in run\n    kernel = self.compile(src, target=target, options=options.__dict__)\n  File "/home/lijiaxing/.conda/envs/api/lib/python3.10/site-packages/triton/compiler/compiler.py", line 339, in compile\n    module = src.make_ir(options, codegen_fns, module_map, context)\n  File "/home/lijiaxing/.conda/envs/api/lib/python3.10/site-packages/triton/compiler/compiler.py", line 83, in make_ir\n    return ast_to_ttir(self.fn, self, context=context, options=options, codegen_fns=codegen_fns,\ntriton.compiler.errors.CompilationError: at 31:25:\n    accumulator = 0.0\n    for c in range(input_channels):\n        base_input_c = base_input_ptr + c * input_height * input_width\n        base_weight_c = base_weight_ptr + c * KERNEL_SIZE * KERNEL_SIZE\n\n        for kh in range(KERNEL_SIZE):\n            h_in = h * stride + kh\n            if h_in < input_height:\n                w_in0 = w * stride\n                input_vals = tl.load(\n                    base_input_c + h_in * input_width + w_in0 + tl.arange(0, KERNEL_SIZE),\n                    mask=tl.arange(0, KERNEL_SIZE) < (input_width - w_in0),\n                         ^\n\n\nThe above exception was the direct cause of the following exception:\n\nTraceback (most recent call last):\n  File "/home/lijiaxing/.conda/envs/api/lib/python3.10/site-packages/triton/language/core.py", line 42, in wrapper\n    return fn(*args, **kwargs)\n  File "/home/lijiaxing/.conda/envs/api/lib/python3.10/site-packages/triton/language/core.py", line 1654, in arange\n    return _semantic.arange(start, end)\n  File "/home/lijiaxing/.conda/envs/api/lib/python3.10/site-packages/triton/language/semantic.py", line 583, in arange\n    raise ValueError("arange\'s range must be a power of 2")\nValueError: arange\'s range must be a power of 2\n', 'runtime_error_name': 'triton.compiler.errors.CompilationError', 'reference_timing_ms': 0.206, 'speed_up': -1.0, 'custom_timing': -1.0}, 'runtime': -1.0, 'runtime_stats': {}}}
2025-08-08 03:43:27,289 - openevolve.llm.ensemble - INFO - Sampled model: deepseek
2025-08-08 03:43:27,335 - openevolve.threaded_parallel - INFO - Iteration 10: Program 9cfcd628-0653-4422-84c7-120bbdfa3f96 (parent: 00aaad76-e4fb-41dd-8d4c-cd43ea805f1a) completed in 740.81s
2025-08-08 03:43:27,336 - openevolve.threaded_parallel - INFO - Metrics: compiled=1.0000, correctness=0.0000, score=10.0000, stage=wrong_answer, verify_payload={'id': 'level3_4_LeNet5', 'result': {'compiled': True, 'correctness': False, 'metadata': {'hardware': 'NVIDIA L20Y', 'device': 'cuda:2', 'runtime_error': 'Traceback (most recent call last):\n  File "/home/lijiaxing/.conda/envs/api/lib/python3.10/site-packages/triton/language/core.py", line 42, in wrapper\n    return fn(*args, **kwargs)\n  File "/home/lijiaxing/.conda/envs/api/lib/python3.10/site-packages/triton/language/core.py", line 1654, in arange\n    return _semantic.arange(start, end)\n  File "/home/lijiaxing/.conda/envs/api/lib/python3.10/site-packages/triton/language/semantic.py", line 583, in arange\n    raise ValueError("arange\'s range must be a power of 2")\nValueError: arange\'s range must be a power of 2\n\nThe above exception was the direct cause of the following exception:\n\nTraceback (most recent call last):\n  File "/cpfs01/shared/llm_kernel/hujiakai/KernelLLM/validation_api_server/helpers/evaluations.py", line 720, in run_and_check_correctness\n    output_new = model_new(*inputs)\n  File "/home/lijiaxing/.conda/envs/api/lib/python3.10/site-packages/torch/nn/modules/module.py", line 1773, in _wrapped_call_impl\n    return self._call_impl(*args, **kwargs)\n  File "/home/lijiaxing/.conda/envs/api/lib/python3.10/site-packages/torch/nn/modules/module.py", line 1784, in _call_impl\n    return forward_call(*args, **kwargs)\n  File "/tmp/tmpcqfkim_a.py", line 108, in forward\n    x = F.relu(self.conv1(x))\n  File "/home/lijiaxing/.conda/envs/api/lib/python3.10/site-packages/torch/nn/modules/module.py", line 1773, in _wrapped_call_impl\n    return self._call_impl(*args, **kwargs)\n  File "/home/lijiaxing/.conda/envs/api/lib/python3.10/site-packages/torch/nn/modules/module.py", line 1784, in _call_impl\n    return forward_call(*args, **kwargs)\n  File "/tmp/tmpcqfkim_a.py", line 88, in forward\n    conv2d_kernel[grid](\n  File "/home/lijiaxing/.conda/envs/api/lib/python3.10/site-packages/triton/runtime/jit.py", line 390, in <lambda>\n    return lambda *args, **kwargs: self.run(grid=grid, warmup=False, *args, **kwargs)\n  File "/home/lijiaxing/.conda/envs/api/lib/python3.10/site-packages/triton/runtime/jit.py", line 594, in run\n    kernel = self.compile(src, target=target, options=options.__dict__)\n  File "/home/lijiaxing/.conda/envs/api/lib/python3.10/site-packages/triton/compiler/compiler.py", line 339, in compile\n    module = src.make_ir(options, codegen_fns, module_map, context)\n  File "/home/lijiaxing/.conda/envs/api/lib/python3.10/site-packages/triton/compiler/compiler.py", line 83, in make_ir\n    return ast_to_ttir(self.fn, self, context=context, options=options, codegen_fns=codegen_fns,\ntriton.compiler.errors.CompilationError: at 31:25:\n    accumulator = 0.0\n    for c in range(input_channels):\n        base_input_c = base_input_ptr + c * input_height * input_width\n        base_weight_c = base_weight_ptr + c * KERNEL_SIZE * KERNEL_SIZE\n\n        for kh in range(KERNEL_SIZE):\n            h_in = h * stride + kh\n            if h_in < input_height:\n                w_in0 = w * stride\n                input_vals = tl.load(\n                    base_input_c + h_in * input_width + w_in0 + tl.arange(0, KERNEL_SIZE),\n                    mask=tl.arange(0, KERNEL_SIZE) < (input_width - w_in0),\n                         ^\n\n\nThe above exception was the direct cause of the following exception:\n\nTraceback (most recent call last):\n  File "/home/lijiaxing/.conda/envs/api/lib/python3.10/site-packages/triton/language/core.py", line 42, in wrapper\n    return fn(*args, **kwargs)\n  File "/home/lijiaxing/.conda/envs/api/lib/python3.10/site-packages/triton/language/core.py", line 1654, in arange\n    return _semantic.arange(start, end)\n  File "/home/lijiaxing/.conda/envs/api/lib/python3.10/site-packages/triton/language/semantic.py", line 583, in arange\n    raise ValueError("arange\'s range must be a power of 2")\nValueError: arange\'s range must be a power of 2\n', 'runtime_error_name': 'triton.compiler.errors.CompilationError', 'reference_timing_ms': 0.206, 'speed_up': -1.0, 'custom_timing': -1.0}, 'runtime': -1.0, 'runtime_stats': {}}}
2025-08-08 03:48:43,941 - openevolve.RemoteSpeedupEvaluator - INFO - [level3_4_LeNet5] triton key words check pass
2025-08-08 03:48:43,942 - openevolve.RemoteSpeedupEvaluator - INFO - [level3_4_LeNet5] verify_plus payload: reference_code(1907 chars) + custom_code(4580 chars)
2025-08-08 03:48:47,069 - openevolve.RemoteSpeedupEvaluator - INFO - [level3_4_LeNet5] verify_plus request success
2025-08-08 03:48:47,070 - openevolve.RemoteSpeedupEvaluator - INFO - [level3_4_LeNet5] verify_plus response: {"id":"level3_4_LeNet5","result":{"compiled":true,"correctness":true,"metadata":{"hardware":"NVIDIA L20Y","device":"cuda:5","correctness_trials":"(5 / 5)","reference_timing_ms":0.206,"speed_up":0.995,"custom_timing":0.207},"runtime":0.207,"runtime_stats":{"mean":0.207,"std":0.00634,"min":0.199,"max":0.242,"num_trials":100,"hardware":"NVIDIA L20Y","device":"cuda:5"}}}
2025-08-08 03:48:47,070 - openevolve.RemoteSpeedupEvaluator - INFO - [level3_4_LeNet5] âœ” success | speed_up=0.995  score=20.00
2025-08-08 03:48:47,070 - openevolve.evaluator - INFO - Evaluated program b63e8c05-3851-4f8a-9cf0-a62dffec3a0a in 3.15s: compiled=1.0000, correctness=1.0000, stage=success, passed=0.0000, score=20.0000, speed_up=0.9950, runtime_ms=0.2070, meta={'hardware': 'NVIDIA L20Y', 'device': 'cuda:5', 'correctness_trials': '(5 / 5)', 'reference_timing_ms': 0.206, 'speed_up': 0.995, 'custom_timing': 0.207}
2025-08-08 03:48:47,073 - openevolve.llm.ensemble - INFO - Sampled model: deepseek
2025-08-08 03:48:47,085 - openevolve.threaded_parallel - INFO - Iteration 13: Program b63e8c05-3851-4f8a-9cf0-a62dffec3a0a (parent: 78e99868-c79b-4cb6-a09a-b8dff51098b6) completed in 619.65s
2025-08-08 03:48:47,085 - openevolve.threaded_parallel - INFO - Metrics: compiled=1.0000, correctness=1.0000, stage=success, passed=0.0000, score=20.0000, speed_up=0.9950, runtime_ms=0.2070, meta={'hardware': 'NVIDIA L20Y', 'device': 'cuda:5', 'correctness_trials': '(5 / 5)', 'reference_timing_ms': 0.206, 'speed_up': 0.995, 'custom_timing': 0.207}
2025-08-08 03:52:53,743 - openevolve.RemoteSpeedupEvaluator - INFO - [level3_4_LeNet5] triton key words check pass
2025-08-08 03:52:53,745 - openevolve.RemoteSpeedupEvaluator - INFO - [level3_4_LeNet5] verify_plus payload: reference_code(1907 chars) + custom_code(4957 chars)
2025-08-08 03:52:57,040 - openevolve.RemoteSpeedupEvaluator - INFO - [level3_4_LeNet5] verify_plus request success
2025-08-08 03:52:57,041 - openevolve.RemoteSpeedupEvaluator - INFO - [level3_4_LeNet5] verify_plus response: {"id":"level3_4_LeNet5","result":{"compiled":true,"correctness":true,"metadata":{"hardware":"NVIDIA L20Y","device":"cuda:1","correctness_trials":"(5 / 5)","reference_timing_ms":0.206,"speed_up":0.954,"custom_timing":0.216},"runtime":0.216,"runtime_stats":{"mean":0.216,"std":0.0059,"min":0.209,"max":0.253,"num_trials":100,"hardware":"NVIDIA L20Y","device":"cuda:1"}}}
2025-08-08 03:52:57,041 - openevolve.RemoteSpeedupEvaluator - INFO - [level3_4_LeNet5] âœ” success | speed_up=0.954  score=20.00
2025-08-08 03:52:57,041 - openevolve.evaluator - INFO - Evaluated program 8affc1c6-f4e3-4128-b5fa-eaac946cd7e2 in 3.30s: compiled=1.0000, correctness=1.0000, stage=success, passed=0.0000, score=20.0000, speed_up=0.9540, runtime_ms=0.2160, meta={'hardware': 'NVIDIA L20Y', 'device': 'cuda:1', 'correctness_trials': '(5 / 5)', 'reference_timing_ms': 0.206, 'speed_up': 0.954, 'custom_timing': 0.216}
2025-08-08 03:52:57,045 - openevolve.llm.ensemble - INFO - Sampled model: deepseek
2025-08-08 03:52:57,060 - openevolve.threaded_parallel - INFO - Iteration 14: Program 8affc1c6-f4e3-4128-b5fa-eaac946cd7e2 (parent: c9935094-012a-4ddd-b510-a3a13c12afab) completed in 607.79s
2025-08-08 03:52:57,060 - openevolve.threaded_parallel - INFO - Metrics: compiled=1.0000, correctness=1.0000, stage=success, passed=0.0000, score=20.0000, speed_up=0.9540, runtime_ms=0.2160, meta={'hardware': 'NVIDIA L20Y', 'device': 'cuda:1', 'correctness_trials': '(5 / 5)', 'reference_timing_ms': 0.206, 'speed_up': 0.954, 'custom_timing': 0.216}
2025-08-08 03:53:01,818 - openevolve.RemoteSpeedupEvaluator - INFO - [level3_4_LeNet5] triton key words check pass
2025-08-08 03:53:01,818 - openevolve.RemoteSpeedupEvaluator - INFO - [level3_4_LeNet5] verify_plus payload: reference_code(1907 chars) + custom_code(3149 chars)
2025-08-08 03:53:05,738 - openevolve.RemoteSpeedupEvaluator - INFO - [level3_4_LeNet5] verify_plus request success
2025-08-08 03:53:05,738 - openevolve.RemoteSpeedupEvaluator - INFO - [level3_4_LeNet5] verify_plus response: {"id":"level3_4_LeNet5","result":{"compiled":true,"correctness":false,"metadata":{"hardware":"NVIDIA L20Y","device":"cuda:2","max_difference":["583.548096","584.775757","589.715149","529.592773","590.953613"],"avg_difference":["338.493591","342.900482","361.269012","310.188477","278.939484"],"correctness_issue":"Output mismatch","correctness_trials":"(0 / 5)","reference_timing_ms":0.206,"speed_up":-1.0,"custom_timing":-1.0},"runtime":-1.0,"runtime_stats":{}}}
2025-08-08 03:53:05,738 - openevolve.RemoteSpeedupEvaluator - INFO - [level3_4_LeNet5] âœ˜ wrong_answer
2025-08-08 03:53:05,739 - openevolve.evaluator - INFO - Evaluated program 62730cc0-21d2-43f1-a2fb-c2900eff2e5f in 3.92s: compiled=1.0000, correctness=0.0000, score=10.0000, stage=wrong_answer, verify_payload={'id': 'level3_4_LeNet5', 'result': {'compiled': True, 'correctness': False, 'metadata': {'hardware': 'NVIDIA L20Y', 'device': 'cuda:2', 'max_difference': ['583.548096', '584.775757', '589.715149', '529.592773', '590.953613'], 'avg_difference': ['338.493591', '342.900482', '361.269012', '310.188477', '278.939484'], 'correctness_issue': 'Output mismatch', 'correctness_trials': '(0 / 5)', 'reference_timing_ms': 0.206, 'speed_up': -1.0, 'custom_timing': -1.0}, 'runtime': -1.0, 'runtime_stats': {}}}
2025-08-08 03:53:05,743 - openevolve.llm.ensemble - INFO - Sampled model: deepseek
2025-08-08 03:53:05,757 - openevolve.threaded_parallel - INFO - Iteration 15: Program 62730cc0-21d2-43f1-a2fb-c2900eff2e5f (parent: d7b149b4-2f85-45a2-abe2-8c1d9fb2f025) completed in 578.45s
2025-08-08 03:53:05,757 - openevolve.threaded_parallel - INFO - Metrics: compiled=1.0000, correctness=0.0000, score=10.0000, stage=wrong_answer, verify_payload={'id': 'level3_4_LeNet5', 'result': {'compiled': True, 'correctness': False, 'metadata': {'hardware': 'NVIDIA L20Y', 'device': 'cuda:2', 'max_difference': ['583.548096', '584.775757', '589.715149', '529.592773', '590.953613'], 'avg_difference': ['338.493591', '342.900482', '361.269012', '310.188477', '278.939484'], 'correctness_issue': 'Output mismatch', 'correctness_trials': '(0 / 5)', 'reference_timing_ms': 0.206, 'speed_up': -1.0, 'custom_timing': -1.0}, 'runtime': -1.0, 'runtime_stats': {}}}
2025-08-08 03:53:05,757 - openevolve.threaded_parallel - INFO - Checkpoint interval reached at iteration 15
2025-08-08 03:53:05,758 - openevolve.database - INFO - Island Status:
2025-08-08 03:53:05,759 - openevolve.database - INFO -    Island 0: 8 programs, best=20.0000, avg=12.5000, diversity=367.58, gen=6 (best: c9935094-012a-4ddd-b510-a3a13c12afab)
2025-08-08 03:53:05,759 - openevolve.database - INFO -    Island 1: 5 programs, best=10.0000, avg=10.0000, diversity=228.90, gen=5 (best: d7b149b4-2f85-45a2-abe2-8c1d9fb2f025)
2025-08-08 03:53:05,759 - openevolve.database - INFO -  * Island 2: 5 programs, best=20.0000, avg=16.0000, diversity=255.67, gen=5 (best: 00aaad76-e4fb-41dd-8d4c-cd43ea805f1a)
2025-08-08 03:53:06,004 - openevolve.database - INFO - Saved database with 17 programs to openevolve_output/level3_4_LeNet5/checkpoints/checkpoint_15
2025-08-08 03:53:06,019 - openevolve.controller - INFO - Saved best program at checkpoint 15 with metrics: compiled=1.0000, correctness=1.0000, stage=success, passed=0.0000, score=20.0000, speed_up=0.9810, runtime_ms=0.2100, meta={'hardware': 'NVIDIA L20Y', 'device': 'cuda:1', 'correctness_trials': '(5 / 5)', 'reference_timing_ms': 0.206, 'speed_up': 0.981, 'custom_timing': 0.21}
2025-08-08 03:53:06,019 - openevolve.controller - INFO - Saved checkpoint at iteration 15 to openevolve_output/level3_4_LeNet5/checkpoints/checkpoint_15
2025-08-08 03:57:30,541 - openevolve.RemoteSpeedupEvaluator - INFO - [level3_4_LeNet5] triton key words check pass
2025-08-08 03:57:30,543 - openevolve.RemoteSpeedupEvaluator - INFO - [level3_4_LeNet5] verify_plus payload: reference_code(1907 chars) + custom_code(3672 chars)
2025-08-08 03:57:34,148 - openevolve.RemoteSpeedupEvaluator - INFO - [level3_4_LeNet5] verify_plus request success
2025-08-08 03:57:34,148 - openevolve.RemoteSpeedupEvaluator - INFO - [level3_4_LeNet5] verify_plus response: {"id":"level3_4_LeNet5","result":{"compiled":true,"correctness":true,"metadata":{"hardware":"NVIDIA L20Y","device":"cuda:3","correctness_trials":"(5 / 5)","reference_timing_ms":0.206,"speed_up":0.723,"custom_timing":0.285},"runtime":0.285,"runtime_stats":{"mean":0.285,"std":0.0077,"min":0.277,"max":0.336,"num_trials":100,"hardware":"NVIDIA L20Y","device":"cuda:3"}}}
2025-08-08 03:57:34,148 - openevolve.RemoteSpeedupEvaluator - INFO - [level3_4_LeNet5] âœ” success | speed_up=0.723  score=20.00
2025-08-08 03:57:34,149 - openevolve.evaluator - INFO - Evaluated program 2b456532-af3e-46e9-ad2a-b4416d9d4de3 in 3.61s: compiled=1.0000, correctness=1.0000, stage=success, passed=0.0000, score=20.0000, speed_up=0.7230, runtime_ms=0.2850, meta={'hardware': 'NVIDIA L20Y', 'device': 'cuda:3', 'correctness_trials': '(5 / 5)', 'reference_timing_ms': 0.206, 'speed_up': 0.723, 'custom_timing': 0.285}
2025-08-08 03:57:34,153 - openevolve.llm.ensemble - INFO - Sampled model: deepseek
2025-08-08 03:57:34,157 - openevolve.database - INFO - New MAP-Elites cell occupied: {'score': 9, 'complexity': 5}
2025-08-08 03:57:34,170 - openevolve.threaded_parallel - INFO - Iteration 16: Program 2b456532-af3e-46e9-ad2a-b4416d9d4de3 (parent: 534d1eb6-25d1-4e96-b601-55a32347edbe) completed in 527.08s
2025-08-08 03:57:34,170 - openevolve.threaded_parallel - INFO - Metrics: compiled=1.0000, correctness=1.0000, stage=success, passed=0.0000, score=20.0000, speed_up=0.7230, runtime_ms=0.2850, meta={'hardware': 'NVIDIA L20Y', 'device': 'cuda:3', 'correctness_trials': '(5 / 5)', 'reference_timing_ms': 0.206, 'speed_up': 0.723, 'custom_timing': 0.285}
2025-08-08 04:01:45,664 - openevolve.RemoteSpeedupEvaluator - INFO - [level3_4_LeNet5] triton key words check pass
2025-08-08 04:01:45,666 - openevolve.RemoteSpeedupEvaluator - INFO - [level3_4_LeNet5] verify_plus payload: reference_code(1907 chars) + custom_code(2962 chars)
2025-08-08 04:01:48,999 - openevolve.RemoteSpeedupEvaluator - INFO - [level3_4_LeNet5] verify_plus request success
2025-08-08 04:01:48,999 - openevolve.RemoteSpeedupEvaluator - INFO - [level3_4_LeNet5] verify_plus response: {"id":"level3_4_LeNet5","result":{"compiled":true,"correctness":true,"metadata":{"hardware":"NVIDIA L20Y","device":"cuda:4","correctness_trials":"(5 / 5)","reference_timing_ms":0.206,"speed_up":0.907,"custom_timing":0.227},"runtime":0.227,"runtime_stats":{"mean":0.227,"std":0.0174,"min":0.214,"max":0.373,"num_trials":100,"hardware":"NVIDIA L20Y","device":"cuda:4"}}}
2025-08-08 04:01:48,999 - openevolve.RemoteSpeedupEvaluator - INFO - [level3_4_LeNet5] âœ” success | speed_up=0.907  score=20.00
2025-08-08 04:01:49,000 - openevolve.evaluator - INFO - Evaluated program 473dbd1c-d41e-4500-8801-e68c7daab6d3 in 3.34s: compiled=1.0000, correctness=1.0000, stage=success, passed=0.0000, score=20.0000, speed_up=0.9070, runtime_ms=0.2270, meta={'hardware': 'NVIDIA L20Y', 'device': 'cuda:4', 'correctness_trials': '(5 / 5)', 'reference_timing_ms': 0.206, 'speed_up': 0.907, 'custom_timing': 0.227}
2025-08-08 04:01:49,004 - openevolve.llm.ensemble - INFO - Sampled model: deepseek
2025-08-08 04:01:49,007 - openevolve.database - INFO - MAP-Elites cell improved: {'score': 9, 'complexity': 3} (fitness: 10.000 -> 20.000)
2025-08-08 04:01:49,019 - openevolve.threaded_parallel - INFO - Iteration 17: Program 473dbd1c-d41e-4500-8801-e68c7daab6d3 (parent: 5ba6661a-3024-431b-99e9-730de40589c4) completed in 531.95s
2025-08-08 04:01:49,019 - openevolve.threaded_parallel - INFO - Metrics: compiled=1.0000, correctness=1.0000, stage=success, passed=0.0000, score=20.0000, speed_up=0.9070, runtime_ms=0.2270, meta={'hardware': 'NVIDIA L20Y', 'device': 'cuda:4', 'correctness_trials': '(5 / 5)', 'reference_timing_ms': 0.206, 'speed_up': 0.907, 'custom_timing': 0.227}
2025-08-08 04:03:40,352 - openevolve.RemoteSpeedupEvaluator - INFO - [level3_4_LeNet5] triton key words check pass
2025-08-08 04:03:40,354 - openevolve.RemoteSpeedupEvaluator - INFO - [level3_4_LeNet5] verify_plus payload: reference_code(1907 chars) + custom_code(3455 chars)
2025-08-08 04:03:43,904 - openevolve.RemoteSpeedupEvaluator - INFO - [level3_4_LeNet5] verify_plus request success
2025-08-08 04:03:43,905 - openevolve.RemoteSpeedupEvaluator - INFO - [level3_4_LeNet5] verify_plus response: {"id":"level3_4_LeNet5","result":{"compiled":true,"correctness":true,"metadata":{"hardware":"NVIDIA L20Y","device":"cuda:1","correctness_trials":"(5 / 5)","reference_timing_ms":0.206,"speed_up":0.763,"custom_timing":0.27},"runtime":0.27,"runtime_stats":{"mean":0.27,"std":0.011,"min":0.258,"max":0.314,"num_trials":100,"hardware":"NVIDIA L20Y","device":"cuda:1"}}}
2025-08-08 04:03:43,905 - openevolve.RemoteSpeedupEvaluator - INFO - [level3_4_LeNet5] âœ” success | speed_up=0.763  score=20.00
2025-08-08 04:03:43,905 - openevolve.evaluator - INFO - Evaluated program 78d5de03-843b-4547-9cf2-5c958376fd66 in 3.55s: compiled=1.0000, correctness=1.0000, stage=success, passed=0.0000, score=20.0000, speed_up=0.7630, runtime_ms=0.2700, meta={'hardware': 'NVIDIA L20Y', 'device': 'cuda:1', 'correctness_trials': '(5 / 5)', 'reference_timing_ms': 0.206, 'speed_up': 0.763, 'custom_timing': 0.27}
2025-08-08 04:03:43,909 - openevolve.database - INFO - MAP-Elites cell improved: {'score': 9, 'complexity': 4} (fitness: 10.000 -> 20.000)
2025-08-08 04:03:43,910 - openevolve.llm.ensemble - INFO - Sampled model: deepseek
2025-08-08 04:03:43,921 - openevolve.threaded_parallel - INFO - Iteration 18: Program 78d5de03-843b-4547-9cf2-5c958376fd66 (parent: de500a88-63ae-4a12-9a75-44c9a1475a0c) completed in 638.16s
2025-08-08 04:03:43,921 - openevolve.threaded_parallel - INFO - Metrics: compiled=1.0000, correctness=1.0000, stage=success, passed=0.0000, score=20.0000, speed_up=0.7630, runtime_ms=0.2700, meta={'hardware': 'NVIDIA L20Y', 'device': 'cuda:1', 'correctness_trials': '(5 / 5)', 'reference_timing_ms': 0.206, 'speed_up': 0.763, 'custom_timing': 0.27}
2025-08-08 04:03:43,921 - openevolve.threaded_parallel - INFO - Checkpoint interval reached at iteration 18
2025-08-08 04:03:43,923 - openevolve.database - INFO - Island Status:
2025-08-08 04:03:43,923 - openevolve.database - INFO -    Island 0: 9 programs, best=20.0000, avg=13.3333, diversity=300.47, gen=7 (best: c9935094-012a-4ddd-b510-a3a13c12afab)
2025-08-08 04:03:43,923 - openevolve.database - INFO -    Island 1: 6 programs, best=20.0000, avg=11.6667, diversity=223.40, gen=6 (best: 78d5de03-843b-4547-9cf2-5c958376fd66)
2025-08-08 04:03:43,923 - openevolve.database - INFO -  * Island 2: 6 programs, best=20.0000, avg=16.6667, diversity=204.32, gen=6 (best: 00aaad76-e4fb-41dd-8d4c-cd43ea805f1a)
2025-08-08 04:03:44,151 - openevolve.database - INFO - Saved database with 20 programs to openevolve_output/level3_4_LeNet5/checkpoints/checkpoint_18
2025-08-08 04:03:44,169 - openevolve.controller - INFO - Saved best program at checkpoint 18 with metrics: compiled=1.0000, correctness=1.0000, stage=success, passed=0.0000, score=20.0000, speed_up=0.9810, runtime_ms=0.2100, meta={'hardware': 'NVIDIA L20Y', 'device': 'cuda:1', 'correctness_trials': '(5 / 5)', 'reference_timing_ms': 0.206, 'speed_up': 0.981, 'custom_timing': 0.21}
2025-08-08 04:03:44,169 - openevolve.controller - INFO - Saved checkpoint at iteration 18 to openevolve_output/level3_4_LeNet5/checkpoints/checkpoint_18
2025-08-08 04:04:24,519 - openevolve.RemoteSpeedupEvaluator - INFO - [level3_4_LeNet5] triton key words check pass
2025-08-08 04:04:24,521 - openevolve.RemoteSpeedupEvaluator - INFO - [level3_4_LeNet5] verify_plus payload: reference_code(1907 chars) + custom_code(4580 chars)
2025-08-08 04:04:27,724 - openevolve.RemoteSpeedupEvaluator - INFO - [level3_4_LeNet5] verify_plus request success
2025-08-08 04:04:27,724 - openevolve.RemoteSpeedupEvaluator - INFO - [level3_4_LeNet5] verify_plus response: {"id":"level3_4_LeNet5","result":{"compiled":true,"correctness":true,"metadata":{"hardware":"NVIDIA L20Y","device":"cuda:2","correctness_trials":"(5 / 5)","reference_timing_ms":0.206,"speed_up":0.941,"custom_timing":0.219},"runtime":0.219,"runtime_stats":{"mean":0.219,"std":0.00717,"min":0.211,"max":0.25,"num_trials":100,"hardware":"NVIDIA L20Y","device":"cuda:2"}}}
2025-08-08 04:04:27,724 - openevolve.RemoteSpeedupEvaluator - INFO - [level3_4_LeNet5] âœ” success | speed_up=0.941  score=20.00
2025-08-08 04:04:27,724 - openevolve.evaluator - INFO - Evaluated program 3e484a05-9830-45f4-952d-6c6fe43d2d9b in 3.21s: compiled=1.0000, correctness=1.0000, stage=success, passed=0.0000, score=20.0000, speed_up=0.9410, runtime_ms=0.2190, meta={'hardware': 'NVIDIA L20Y', 'device': 'cuda:2', 'correctness_trials': '(5 / 5)', 'reference_timing_ms': 0.206, 'speed_up': 0.941, 'custom_timing': 0.219}
2025-08-08 04:04:27,727 - openevolve.database - INFO - New MAP-Elites cell occupied: {'score': 9, 'complexity': 8}
2025-08-08 04:04:27,729 - openevolve.llm.ensemble - INFO - Sampled model: deepseek
2025-08-08 04:04:27,740 - openevolve.threaded_parallel - INFO - Iteration 19: Program 3e484a05-9830-45f4-952d-6c6fe43d2d9b (parent: 78e99868-c79b-4cb6-a09a-b8dff51098b6) completed in 413.57s
2025-08-08 04:04:27,740 - openevolve.threaded_parallel - INFO - Metrics: compiled=1.0000, correctness=1.0000, stage=success, passed=0.0000, score=20.0000, speed_up=0.9410, runtime_ms=0.2190, meta={'hardware': 'NVIDIA L20Y', 'device': 'cuda:2', 'correctness_trials': '(5 / 5)', 'reference_timing_ms': 0.206, 'speed_up': 0.941, 'custom_timing': 0.219}
2025-08-08 04:07:46,632 - openevolve.RemoteSpeedupEvaluator - INFO - [level3_4_LeNet5] triton key words check pass
2025-08-08 04:07:46,634 - openevolve.RemoteSpeedupEvaluator - INFO - [level3_4_LeNet5] verify_plus payload: reference_code(1907 chars) + custom_code(2808 chars)
2025-08-08 04:07:49,910 - openevolve.RemoteSpeedupEvaluator - INFO - [level3_4_LeNet5] verify_plus request success
2025-08-08 04:07:49,910 - openevolve.RemoteSpeedupEvaluator - INFO - [level3_4_LeNet5] verify_plus response: {"id":"level3_4_LeNet5","result":{"compiled":true,"correctness":true,"metadata":{"hardware":"NVIDIA L20Y","device":"cuda:1","correctness_trials":"(5 / 5)","reference_timing_ms":0.206,"speed_up":0.814,"custom_timing":0.253},"runtime":0.253,"runtime_stats":{"mean":0.253,"std":0.0185,"min":0.239,"max":0.367,"num_trials":100,"hardware":"NVIDIA L20Y","device":"cuda:1"}}}
2025-08-08 04:07:49,910 - openevolve.RemoteSpeedupEvaluator - INFO - [level3_4_LeNet5] âœ” success | speed_up=0.814  score=20.00
2025-08-08 04:07:49,911 - openevolve.evaluator - INFO - Evaluated program c0baf816-c7c7-4943-bc8e-9f8fd59ff02c in 3.28s: compiled=1.0000, correctness=1.0000, stage=success, passed=0.0000, score=20.0000, speed_up=0.8140, runtime_ms=0.2530, meta={'hardware': 'NVIDIA L20Y', 'device': 'cuda:1', 'correctness_trials': '(5 / 5)', 'reference_timing_ms': 0.206, 'speed_up': 0.814, 'custom_timing': 0.253}
2025-08-08 04:07:49,915 - openevolve.llm.ensemble - INFO - Sampled model: deepseek
2025-08-08 04:07:49,920 - openevolve.database - INFO - New MAP-Elites cell occupied: {'score': 9, 'complexity': 2}
2025-08-08 04:07:49,956 - openevolve.threaded_parallel - INFO - Iteration 20: Program c0baf816-c7c7-4943-bc8e-9f8fd59ff02c (parent: 5ba6661a-3024-431b-99e9-730de40589c4) completed in 360.91s
2025-08-08 04:07:49,956 - openevolve.threaded_parallel - INFO - Metrics: compiled=1.0000, correctness=1.0000, stage=success, passed=0.0000, score=20.0000, speed_up=0.8140, runtime_ms=0.2530, meta={'hardware': 'NVIDIA L20Y', 'device': 'cuda:1', 'correctness_trials': '(5 / 5)', 'reference_timing_ms': 0.206, 'speed_up': 0.814, 'custom_timing': 0.253}
2025-08-08 04:08:38,975 - openevolve.RemoteSpeedupEvaluator - INFO - [level3_4_LeNet5] âœ˜ invalid_answer 'import triton' is not found
2025-08-08 04:08:38,977 - openevolve.evaluator - INFO - Evaluated program f87c2c4a-8a93-425c-a759-474783152803 in 0.00s: compiled=0.0000, correctness=0.0000, score=-100.0000, stage=no_valid_triton_code, feedback=You need to generate real and valid triton code for the core function. The key word 'import triton' is not found.
2025-08-08 04:08:38,979 - openevolve.database - INFO - New MAP-Elites cell occupied: {'score': -1000, 'complexity': 0}
2025-08-08 04:08:38,980 - openevolve.database - INFO - MAP-Elites coverage reached 10.0% (10/100 cells)
2025-08-08 04:08:38,981 - openevolve.llm.ensemble - INFO - Sampled model: deepseek
2025-08-08 04:08:38,987 - openevolve.threaded_parallel - INFO - Iteration 21: Program f87c2c4a-8a93-425c-a759-474783152803 (parent: d7b149b4-2f85-45a2-abe2-8c1d9fb2f025) completed in 295.07s
2025-08-08 04:08:38,987 - openevolve.threaded_parallel - INFO - Metrics: compiled=0.0000, correctness=0.0000, score=-100.0000, stage=no_valid_triton_code, feedback=You need to generate real and valid triton code for the core function. The key word 'import triton' is not found.
2025-08-08 04:08:38,987 - openevolve.threaded_parallel - INFO - Checkpoint interval reached at iteration 21
2025-08-08 04:08:38,989 - openevolve.database - INFO - Island Status:
2025-08-08 04:08:38,989 - openevolve.database - INFO -    Island 0: 10 programs, best=20.0000, avg=14.0000, diversity=300.47, gen=8 (best: c9935094-012a-4ddd-b510-a3a13c12afab)
2025-08-08 04:08:38,989 - openevolve.database - INFO -    Island 1: 7 programs, best=20.0000, avg=-4.2857, diversity=223.40, gen=7 (best: 78d5de03-843b-4547-9cf2-5c958376fd66)
2025-08-08 04:08:38,989 - openevolve.database - INFO -  * Island 2: 7 programs, best=20.0000, avg=17.1429, diversity=129.15, gen=7 (best: 00aaad76-e4fb-41dd-8d4c-cd43ea805f1a)
2025-08-08 04:08:39,329 - openevolve.database - INFO - Saved database with 23 programs to openevolve_output/level3_4_LeNet5/checkpoints/checkpoint_21
2025-08-08 04:08:39,345 - openevolve.controller - INFO - Saved best program at checkpoint 21 with metrics: compiled=1.0000, correctness=1.0000, stage=success, passed=0.0000, score=20.0000, speed_up=0.9810, runtime_ms=0.2100, meta={'hardware': 'NVIDIA L20Y', 'device': 'cuda:1', 'correctness_trials': '(5 / 5)', 'reference_timing_ms': 0.206, 'speed_up': 0.981, 'custom_timing': 0.21}
2025-08-08 04:08:39,346 - openevolve.controller - INFO - Saved checkpoint at iteration 21 to openevolve_output/level3_4_LeNet5/checkpoints/checkpoint_21
2025-08-08 04:14:04,431 - openevolve.RemoteSpeedupEvaluator - INFO - [level3_4_LeNet5] âœ˜ invalid_answer 'import triton' is not found
2025-08-08 04:14:04,433 - openevolve.evaluator - INFO - Evaluated program 9bb5afd6-dba0-4dc0-a9c5-fd2f0ec801a0 in 0.00s: compiled=0.0000, correctness=0.0000, score=-100.0000, stage=no_valid_triton_code, feedback=You need to generate real and valid triton code for the core function. The key word 'import triton' is not found.
2025-08-08 04:14:04,437 - openevolve.llm.ensemble - INFO - Sampled model: deepseek
2025-08-08 04:14:04,447 - openevolve.threaded_parallel - INFO - Iteration 24: Program 9bb5afd6-dba0-4dc0-a9c5-fd2f0ec801a0 (parent: 9cfcd628-0653-4422-84c7-120bbdfa3f96) completed in 325.45s
2025-08-08 04:14:04,448 - openevolve.threaded_parallel - INFO - Metrics: compiled=0.0000, correctness=0.0000, score=-100.0000, stage=no_valid_triton_code, feedback=You need to generate real and valid triton code for the core function. The key word 'import triton' is not found.
2025-08-08 04:14:04,448 - openevolve.threaded_parallel - INFO - Checkpoint interval reached at iteration 24
2025-08-08 04:14:04,449 - openevolve.database - INFO - Island Status:
2025-08-08 04:14:04,449 - openevolve.database - INFO -  * Island 0: 10 programs, best=20.0000, avg=14.0000, diversity=300.47, gen=9 (best: c9935094-012a-4ddd-b510-a3a13c12afab)
2025-08-08 04:14:04,449 - openevolve.database - INFO -    Island 1: 7 programs, best=20.0000, avg=-4.2857, diversity=223.40, gen=7 (best: 78d5de03-843b-4547-9cf2-5c958376fd66)
2025-08-08 04:14:04,449 - openevolve.database - INFO -    Island 2: 8 programs, best=20.0000, avg=2.5000, diversity=129.15, gen=7 (best: 00aaad76-e4fb-41dd-8d4c-cd43ea805f1a)
2025-08-08 04:14:04,729 - openevolve.database - INFO - Saved database with 24 programs to openevolve_output/level3_4_LeNet5/checkpoints/checkpoint_24
2025-08-08 04:14:04,744 - openevolve.controller - INFO - Saved best program at checkpoint 24 with metrics: compiled=1.0000, correctness=1.0000, stage=success, passed=0.0000, score=20.0000, speed_up=0.9810, runtime_ms=0.2100, meta={'hardware': 'NVIDIA L20Y', 'device': 'cuda:1', 'correctness_trials': '(5 / 5)', 'reference_timing_ms': 0.206, 'speed_up': 0.981, 'custom_timing': 0.21}
2025-08-08 04:14:04,744 - openevolve.controller - INFO - Saved checkpoint at iteration 24 to openevolve_output/level3_4_LeNet5/checkpoints/checkpoint_24
2025-08-08 04:18:12,730 - openevolve.RemoteSpeedupEvaluator - INFO - [level3_4_LeNet5] âœ˜ invalid_answer 'import triton' is not found
2025-08-08 04:18:12,731 - openevolve.evaluator - INFO - Evaluated program 7a41ee4e-340d-4c0c-b9fe-8afb42d19903 in 0.00s: compiled=0.0000, correctness=0.0000, score=-100.0000, stage=no_valid_triton_code, feedback=You need to generate real and valid triton code for the core function. The key word 'import triton' is not found.
2025-08-08 04:18:12,735 - openevolve.llm.ensemble - INFO - Sampled model: deepseek
2025-08-08 04:18:12,743 - openevolve.threaded_parallel - INFO - Iteration 23: Program 7a41ee4e-340d-4c0c-b9fe-8afb42d19903 (parent: c9935094-012a-4ddd-b510-a3a13c12afab) completed in 622.82s
2025-08-08 04:18:12,743 - openevolve.threaded_parallel - INFO - Metrics: compiled=0.0000, correctness=0.0000, score=-100.0000, stage=no_valid_triton_code, feedback=You need to generate real and valid triton code for the core function. The key word 'import triton' is not found.
2025-08-08 04:21:08,936 - openevolve.RemoteSpeedupEvaluator - INFO - [level3_4_LeNet5] triton key words check pass
2025-08-08 04:21:08,938 - openevolve.RemoteSpeedupEvaluator - INFO - [level3_4_LeNet5] verify_plus payload: reference_code(1907 chars) + custom_code(4277 chars)
2025-08-08 04:21:10,320 - openevolve.RemoteSpeedupEvaluator - INFO - [level3_4_LeNet5] triton key words check pass
2025-08-08 04:21:10,320 - openevolve.RemoteSpeedupEvaluator - INFO - [level3_4_LeNet5] verify_plus payload: reference_code(1907 chars) + custom_code(5108 chars)
2025-08-08 04:21:11,280 - openevolve.RemoteSpeedupEvaluator - INFO - [level3_4_LeNet5] verify_plus request success
2025-08-08 04:21:11,280 - openevolve.RemoteSpeedupEvaluator - INFO - [level3_4_LeNet5] verify_plus response: {"id":"level3_4_LeNet5","result":{"compiled":false,"correctness":false,"metadata":{"hardware":"NVIDIA L20Y","device":"cuda:6","compilation_error_name":"builtins.SyntaxError","compilation_error":"invalid syntax. Maybe you meant '==' or ':=' instead of '='? (tmpe942dogm.py, line 92)","reference_timing_ms":0.206,"speed_up":-1.0,"custom_timing":-1.0},"runtime":-1.0,"runtime_stats":{}}}
2025-08-08 04:21:11,281 - openevolve.RemoteSpeedupEvaluator - INFO - [level3_4_LeNet5] âœ˜ compile_error
2025-08-08 04:21:11,281 - openevolve.RemoteSpeedupEvaluator - INFO - [level3_4_LeNet5_f8e062] execute payload: {id:level3_4_LeNet5_f8e062, device_type:NV_LY_20}
2025-08-08 04:21:13,461 - openevolve.RemoteSpeedupEvaluator - INFO - [level3_4_LeNet5_f8e062] execute request success
2025-08-08 04:21:13,461 - openevolve.RemoteSpeedupEvaluator - INFO - [level3_4_LeNet5_f8e062] execute response: {"id":"level3_4_LeNet5_f8e062","exit_code":"1","content":"[Child] ç»‘å®š GPU 0, torch sees 1 device(s)\n\n[Exception]\nTraceback (most recent call last):\n  File \"/cpfs01/shared/llm_kernel/hujiakai/KernelLLM/validation_api_server/code_executor.py\", line 71, in _exec_worker\n    exec(textwrap.dedent(code_src), mod.__dict__)\n  File \"<string>\", line 92\n    linear_kernel[grid, num_warps=8](\n                        ^^^^^^^^^^^\nSyntaxError: invalid syntax. Maybe you meant '==' or ':=' instead of '='?\n"}
2025-08-08 04:21:13,462 - openevolve.evaluator - INFO - Evaluated program 11a5df5e-88b1-4c4e-945e-f402b87a833d in 4.53s: compiled=0.0000, correctness=0.0000, score=1.0000, stage=compile_error, compile_log=, exec_log=[Child] ç»‘å®š GPU 0, torch sees 1 device(s)

[Exception]
Traceback (most recent call last):
  File "/cpfs01/shared/llm_kernel/hujiakai/KernelLLM/validation_api_server/code_executor.py", line 71, in _exec_worker
    exec(textwrap.dedent(code_src), mod.__dict__)
  File "<string>", line 92
    linear_kernel[grid, num_warps=8](
                        ^^^^^^^^^^^
SyntaxError: invalid syntax. Maybe you meant '==' or ':=' instead of '='?
, exit_code=1
2025-08-08 04:21:13,467 - openevolve.llm.ensemble - INFO - Sampled model: deepseek
2025-08-08 04:21:13,469 - openevolve.database - INFO - Population size (26) exceeds limit (25), removing 1 programs
2025-08-08 04:21:13,469 - openevolve.database - INFO - Population size after cleanup: 25
2025-08-08 04:21:13,483 - openevolve.threaded_parallel - INFO - Iteration 22: Program 11a5df5e-88b1-4c4e-945e-f402b87a833d (parent: 2b456532-af3e-46e9-ad2a-b4416d9d4de3) completed in 1005.73s
2025-08-08 04:21:13,484 - openevolve.threaded_parallel - INFO - Metrics: compiled=0.0000, correctness=0.0000, score=1.0000, stage=compile_error, compile_log=, exec_log=[Child] ç»‘å®š GPU 0, torch sees 1 device(s)

[Exception]
Traceback (most recent call last):
  File "/cpfs01/shared/llm_kernel/hujiakai/KernelLLM/validation_api_server/code_executor.py", line 71, in _exec_worker
    exec(textwrap.dedent(code_src), mod.__dict__)
  File "<string>", line 92
    linear_kernel[grid, num_warps=8](
                        ^^^^^^^^^^^
SyntaxError: invalid syntax. Maybe you meant '==' or ':=' instead of '='?
, exit_code=1
2025-08-08 04:21:14,070 - openevolve.RemoteSpeedupEvaluator - INFO - [level3_4_LeNet5] verify_plus request success
2025-08-08 04:21:14,070 - openevolve.RemoteSpeedupEvaluator - INFO - [level3_4_LeNet5] verify_plus response: {"id":"level3_4_LeNet5","result":{"compiled":true,"correctness":true,"metadata":{"hardware":"NVIDIA L20Y","device":"cuda:7","correctness_trials":"(5 / 5)","reference_timing_ms":0.206,"speed_up":0.824,"custom_timing":0.25},"runtime":0.25,"runtime_stats":{"mean":0.25,"std":0.183,"min":0.204,"max":1.23,"num_trials":100,"hardware":"NVIDIA L20Y","device":"cuda:7"}}}
2025-08-08 04:21:14,071 - openevolve.RemoteSpeedupEvaluator - INFO - [level3_4_LeNet5] âœ” success | speed_up=0.824  score=20.00
2025-08-08 04:21:14,071 - openevolve.evaluator - INFO - Evaluated program 97fc1362-5bb6-4c02-b291-f24e17ef2b66 in 3.75s: compiled=1.0000, correctness=1.0000, stage=success, passed=0.0000, score=20.0000, speed_up=0.8240, runtime_ms=0.2500, meta={'hardware': 'NVIDIA L20Y', 'device': 'cuda:7', 'correctness_trials': '(5 / 5)', 'reference_timing_ms': 0.206, 'speed_up': 0.824, 'custom_timing': 0.25}
2025-08-08 04:21:14,075 - openevolve.llm.ensemble - INFO - Sampled model: deepseek
2025-08-08 04:21:14,079 - openevolve.database - INFO - Population size (26) exceeds limit (25), removing 1 programs
2025-08-08 04:21:14,079 - openevolve.database - INFO - Population size after cleanup: 25
2025-08-08 04:21:14,091 - openevolve.threaded_parallel - INFO - Iteration 25: Program 97fc1362-5bb6-4c02-b291-f24e17ef2b66 (parent: 4724474e-a181-4b5f-a8cc-eae9c95fafb5) completed in 429.63s
2025-08-08 04:21:14,091 - openevolve.threaded_parallel - INFO - Metrics: compiled=1.0000, correctness=1.0000, stage=success, passed=0.0000, score=20.0000, speed_up=0.8240, runtime_ms=0.2500, meta={'hardware': 'NVIDIA L20Y', 'device': 'cuda:7', 'correctness_trials': '(5 / 5)', 'reference_timing_ms': 0.206, 'speed_up': 0.824, 'custom_timing': 0.25}
2025-08-08 04:24:32,546 - openevolve.RemoteSpeedupEvaluator - INFO - [level3_4_LeNet5] triton key words check pass
2025-08-08 04:24:32,548 - openevolve.RemoteSpeedupEvaluator - INFO - [level3_4_LeNet5] verify_plus payload: reference_code(1907 chars) + custom_code(3455 chars)
2025-08-08 04:24:36,450 - openevolve.RemoteSpeedupEvaluator - INFO - [level3_4_LeNet5] verify_plus request success
2025-08-08 04:24:36,450 - openevolve.RemoteSpeedupEvaluator - INFO - [level3_4_LeNet5] verify_plus response: {"id":"level3_4_LeNet5","result":{"compiled":true,"correctness":true,"metadata":{"hardware":"NVIDIA L20Y","device":"cuda:6","correctness_trials":"(5 / 5)","reference_timing_ms":0.206,"speed_up":0.798,"custom_timing":0.258},"runtime":0.258,"runtime_stats":{"mean":0.258,"std":0.00748,"min":0.248,"max":0.295,"num_trials":100,"hardware":"NVIDIA L20Y","device":"cuda:6"}}}
2025-08-08 04:24:36,451 - openevolve.RemoteSpeedupEvaluator - INFO - [level3_4_LeNet5] âœ” success | speed_up=0.798  score=20.00
2025-08-08 04:24:36,451 - openevolve.evaluator - INFO - Evaluated program f4a1c64b-05cc-45c9-b04d-390626c0034d in 3.91s: compiled=1.0000, correctness=1.0000, stage=success, passed=0.0000, score=20.0000, speed_up=0.7980, runtime_ms=0.2580, meta={'hardware': 'NVIDIA L20Y', 'device': 'cuda:6', 'correctness_trials': '(5 / 5)', 'reference_timing_ms': 0.206, 'speed_up': 0.798, 'custom_timing': 0.258}
2025-08-08 04:24:36,455 - openevolve.database - INFO - MAP-Elites cell improved: {'score': 9, 'complexity': 6} (fitness: 10.000 -> 20.000)
2025-08-08 04:24:36,455 - openevolve.llm.ensemble - INFO - Sampled model: deepseek
2025-08-08 04:24:36,456 - openevolve.database - INFO - Population size (26) exceeds limit (25), removing 1 programs
2025-08-08 04:24:36,456 - openevolve.database - INFO - Population size after cleanup: 25
2025-08-08 04:24:36,469 - openevolve.threaded_parallel - INFO - Iteration 27: Program f4a1c64b-05cc-45c9-b04d-390626c0034d (parent: de500a88-63ae-4a12-9a75-44c9a1475a0c) completed in 202.98s
2025-08-08 04:24:36,469 - openevolve.threaded_parallel - INFO - Metrics: compiled=1.0000, correctness=1.0000, stage=success, passed=0.0000, score=20.0000, speed_up=0.7980, runtime_ms=0.2580, meta={'hardware': 'NVIDIA L20Y', 'device': 'cuda:6', 'correctness_trials': '(5 / 5)', 'reference_timing_ms': 0.206, 'speed_up': 0.798, 'custom_timing': 0.258}
2025-08-08 04:24:36,469 - openevolve.threaded_parallel - INFO - Checkpoint interval reached at iteration 27
2025-08-08 04:24:36,470 - openevolve.database - INFO - Island Status:
2025-08-08 04:24:36,470 - openevolve.database - INFO -    Island 0: 11 programs, best=20.0000, avg=14.5455, diversity=300.47, gen=10 (best: c9935094-012a-4ddd-b510-a3a13c12afab)
2025-08-08 04:24:36,471 - openevolve.database - INFO -  * Island 1: 7 programs, best=20.0000, avg=10.1429, diversity=249.30, gen=9 (best: 78d5de03-843b-4547-9cf2-5c958376fd66)
2025-08-08 04:24:36,471 - openevolve.database - INFO -    Island 2: 8 programs, best=20.0000, avg=17.5000, diversity=129.15, gen=8 (best: 00aaad76-e4fb-41dd-8d4c-cd43ea805f1a)
2025-08-08 04:24:36,751 - openevolve.database - INFO - Saved database with 25 programs to openevolve_output/level3_4_LeNet5/checkpoints/checkpoint_27
2025-08-08 04:24:36,767 - openevolve.controller - INFO - Saved best program at checkpoint 27 with metrics: compiled=1.0000, correctness=1.0000, stage=success, passed=0.0000, score=20.0000, speed_up=0.9810, runtime_ms=0.2100, meta={'hardware': 'NVIDIA L20Y', 'device': 'cuda:1', 'correctness_trials': '(5 / 5)', 'reference_timing_ms': 0.206, 'speed_up': 0.981, 'custom_timing': 0.21}
2025-08-08 04:24:36,767 - openevolve.controller - INFO - Saved checkpoint at iteration 27 to openevolve_output/level3_4_LeNet5/checkpoints/checkpoint_27
2025-08-08 04:25:24,434 - openevolve.RemoteSpeedupEvaluator - INFO - [level3_4_LeNet5] âœ˜ invalid_answer 'import triton' is not found
2025-08-08 04:25:24,436 - openevolve.evaluator - INFO - Evaluated program 882d6fae-89b7-4691-a864-04de889bdced in 0.00s: compiled=0.0000, correctness=0.0000, score=-100.0000, stage=no_valid_triton_code, feedback=You need to generate real and valid triton code for the core function. The key word 'import triton' is not found.
2025-08-08 04:25:24,439 - openevolve.database - INFO - New MAP-Elites cell occupied: {'score': -1000, 'complexity': 0}
2025-08-08 04:25:24,439 - openevolve.database - INFO - MAP-Elites coverage reached 10.0% (10/100 cells)
2025-08-08 04:25:24,439 - openevolve.database - INFO - Population size (26) exceeds limit (25), removing 1 programs
2025-08-08 04:25:24,439 - openevolve.database - INFO - Population size after cleanup: 25
2025-08-08 04:25:24,446 - openevolve.threaded_parallel - INFO - Iteration 26: Program 882d6fae-89b7-4691-a864-04de889bdced (parent: 8affc1c6-f4e3-4128-b5fa-eaac946cd7e2) completed in 431.70s
2025-08-08 04:25:24,446 - openevolve.threaded_parallel - INFO - Metrics: compiled=0.0000, correctness=0.0000, score=-100.0000, stage=no_valid_triton_code, feedback=You need to generate real and valid triton code for the core function. The key word 'import triton' is not found.
2025-08-08 04:28:32,125 - openevolve.RemoteSpeedupEvaluator - INFO - [level3_4_LeNet5] triton key words check pass
2025-08-08 04:28:32,127 - openevolve.RemoteSpeedupEvaluator - INFO - [level3_4_LeNet5] verify_plus payload: reference_code(1907 chars) + custom_code(3672 chars)
2025-08-08 04:28:35,785 - openevolve.RemoteSpeedupEvaluator - INFO - [level3_4_LeNet5] verify_plus request success
2025-08-08 04:28:35,785 - openevolve.RemoteSpeedupEvaluator - INFO - [level3_4_LeNet5] verify_plus response: {"id":"level3_4_LeNet5","result":{"compiled":true,"correctness":true,"metadata":{"hardware":"NVIDIA L20Y","device":"cuda:1","correctness_trials":"(5 / 5)","reference_timing_ms":0.206,"speed_up":0.783,"custom_timing":0.263},"runtime":0.263,"runtime_stats":{"mean":0.263,"std":0.00868,"min":0.254,"max":0.318,"num_trials":100,"hardware":"NVIDIA L20Y","device":"cuda:1"}}}
2025-08-08 04:28:35,785 - openevolve.RemoteSpeedupEvaluator - INFO - [level3_4_LeNet5] âœ” success | speed_up=0.783  score=20.00
2025-08-08 04:28:35,786 - openevolve.evaluator - INFO - Evaluated program 1a4d948e-8176-4ff1-96ee-73cb44a51a94 in 3.66s: compiled=1.0000, correctness=1.0000, stage=success, passed=0.0000, score=20.0000, speed_up=0.7830, runtime_ms=0.2630, meta={'hardware': 'NVIDIA L20Y', 'device': 'cuda:1', 'correctness_trials': '(5 / 5)', 'reference_timing_ms': 0.206, 'speed_up': 0.783, 'custom_timing': 0.263}
2025-08-08 04:28:35,789 - openevolve.database - INFO - Population size (26) exceeds limit (25), removing 1 programs
2025-08-08 04:28:35,789 - openevolve.database - INFO - Population size after cleanup: 25
2025-08-08 04:28:35,801 - openevolve.threaded_parallel - INFO - Iteration 28: Program 1a4d948e-8176-4ff1-96ee-73cb44a51a94 (parent: 78e99868-c79b-4cb6-a09a-b8dff51098b6) completed in 441.71s
2025-08-08 04:28:35,801 - openevolve.threaded_parallel - INFO - Metrics: compiled=1.0000, correctness=1.0000, stage=success, passed=0.0000, score=20.0000, speed_up=0.7830, runtime_ms=0.2630, meta={'hardware': 'NVIDIA L20Y', 'device': 'cuda:1', 'correctness_trials': '(5 / 5)', 'reference_timing_ms': 0.206, 'speed_up': 0.783, 'custom_timing': 0.263}
2025-08-08 04:35:23,407 - openevolve.RemoteSpeedupEvaluator - INFO - [level3_4_LeNet5] triton key words check pass
2025-08-08 04:35:23,409 - openevolve.RemoteSpeedupEvaluator - INFO - [level3_4_LeNet5] verify_plus payload: reference_code(1907 chars) + custom_code(3178 chars)
2025-08-08 04:35:26,635 - openevolve.RemoteSpeedupEvaluator - INFO - [level3_4_LeNet5] verify_plus request success
2025-08-08 04:35:26,635 - openevolve.RemoteSpeedupEvaluator - INFO - [level3_4_LeNet5] verify_plus response: {"id":"level3_4_LeNet5","result":{"compiled":true,"correctness":true,"metadata":{"hardware":"NVIDIA L20Y","device":"cuda:1","correctness_trials":"(5 / 5)","reference_timing_ms":0.206,"speed_up":0.877,"custom_timing":0.235},"runtime":0.235,"runtime_stats":{"mean":0.235,"std":0.0093,"min":0.224,"max":0.279,"num_trials":100,"hardware":"NVIDIA L20Y","device":"cuda:1"}}}
2025-08-08 04:35:26,635 - openevolve.RemoteSpeedupEvaluator - INFO - [level3_4_LeNet5] âœ” success | speed_up=0.877  score=20.00
2025-08-08 04:35:26,635 - openevolve.evaluator - INFO - Evaluated program 9e8d7281-0d89-421c-be78-c107941c3691 in 3.23s: compiled=1.0000, correctness=1.0000, stage=success, passed=0.0000, score=20.0000, speed_up=0.8770, runtime_ms=0.2350, meta={'hardware': 'NVIDIA L20Y', 'device': 'cuda:1', 'correctness_trials': '(5 / 5)', 'reference_timing_ms': 0.206, 'speed_up': 0.877, 'custom_timing': 0.235}
2025-08-08 04:35:26,642 - openevolve.database - INFO - New MAP-Elites cell occupied: {'score': 9, 'complexity': 1}
2025-08-08 04:35:26,643 - openevolve.database - INFO - Population size (26) exceeds limit (25), removing 1 programs
2025-08-08 04:35:26,643 - openevolve.database - INFO - Population size after cleanup: 25
2025-08-08 04:35:26,656 - openevolve.threaded_parallel - INFO - Iteration 29: Program 9e8d7281-0d89-421c-be78-c107941c3691 (parent: 473dbd1c-d41e-4500-8801-e68c7daab6d3) completed in 650.18s
2025-08-08 04:35:26,656 - openevolve.threaded_parallel - INFO - Metrics: compiled=1.0000, correctness=1.0000, stage=success, passed=0.0000, score=20.0000, speed_up=0.8770, runtime_ms=0.2350, meta={'hardware': 'NVIDIA L20Y', 'device': 'cuda:1', 'correctness_trials': '(5 / 5)', 'reference_timing_ms': 0.206, 'speed_up': 0.877, 'custom_timing': 0.235}
2025-08-08 04:35:26,656 - openevolve.threaded_parallel - INFO - Evolution completed
2025-08-08 04:35:26,664 - openevolve.threaded_parallel - INFO - Stopped thread pool
2025-08-08 04:35:26,664 - openevolve.threaded_parallel - INFO - Stopped improved parallel controller
2025-08-08 04:35:26,664 - openevolve.controller - INFO - Using tracked best program: 00aaad76-e4fb-41dd-8d4c-cd43ea805f1a
2025-08-08 04:35:26,664 - openevolve.controller - INFO - Evolution complete. Best program has metrics: compiled=1.0000, correctness=1.0000, stage=success, passed=0.0000, score=20.0000, speed_up=0.9810, runtime_ms=0.2100, meta={'hardware': 'NVIDIA L20Y', 'device': 'cuda:1', 'correctness_trials': '(5 / 5)', 'reference_timing_ms': 0.206, 'speed_up': 0.981, 'custom_timing': 0.21}
2025-08-08 04:35:26,683 - openevolve.controller - INFO - Saved best program to openevolve_output/level3_4_LeNet5/best/best_program.py with program info to openevolve_output/level3_4_LeNet5/best/best_program_info.json
2025-08-08 04:35:26,684 - __main__ - INFO - âœ… å®Œæˆ level3_4_LeNet5
2025-08-08 04:35:26,684 - __main__ - INFO - ======================================================================
2025-08-08 04:35:26,684 - __main__ - INFO - ðŸš€ [6/6] å¼€å§‹ level5_13_deepseekv3_MOE_largebatch
2025-08-08 04:35:26,684 - __main__ - INFO - ======================================================================
2025-08-08 04:35:26,821 - openevolve.controller - INFO - Logging to openevolve_output/level5_13_deepseekv3_MOE_largebatch/logs/openevolve_20250808_043526.log
2025-08-08 04:35:26,821 - openevolve.controller - INFO - Set random seed to 42 for reproducibility
2025-08-08 04:35:26,860 - openevolve.llm.ensemble - INFO - Initialized LLM ensemble with models: deepseek (weight: 0.80), deepseek (weight: 0.20)
2025-08-08 04:35:26,900 - openevolve.llm.ensemble - INFO - Initialized LLM ensemble with models: deepseek (weight: 0.80), deepseek (weight: 0.20)
2025-08-08 04:35:26,900 - openevolve.prompt.sampler - INFO - Set custom templates: system=evaluator_system_message, user=None
2025-08-08 04:35:26,901 - openevolve.database - INFO - Initialized program database with 0 programs
2025-08-08 04:35:26,923 - openevolve.evaluator - INFO - Successfully loaded evaluation function from openevolve_output/level5_13_deepseekv3_MOE_largebatch/evaluation.py
2025-08-08 04:35:26,923 - openevolve.evaluator - INFO - Initialized evaluator with openevolve_output/level5_13_deepseekv3_MOE_largebatch/evaluation.py
2025-08-08 04:35:26,923 - openevolve.controller - INFO - Initialized OpenEvolve with /tmp/036acab9e57b75929e62f814ac494536.py
2025-08-08 04:35:26,923 - openevolve.controller - INFO - Adding initial program to database
2025-08-08 04:35:26,924 - openevolve.RemoteSpeedupEvaluator - INFO - [level5_13_deepseekv3_MOE_largebatch] verify_plus payload: reference_code(25881 chars) + custom_code(26002 chars)
2025-08-08 04:35:29,308 - openevolve.RemoteSpeedupEvaluator - INFO - [level5_13_deepseekv3_MOE_largebatch] verify_plus request success
2025-08-08 04:35:29,308 - openevolve.RemoteSpeedupEvaluator - INFO - [level5_13_deepseekv3_MOE_largebatch] verify_plus response: {"id":"level5_13_deepseekv3_MOE_largebatch","result":{"error":"could not get source code\nTraceback (most recent call last):\n  File \"/cpfs01/shared/llm_kernel/hujiakai/KernelLLM/validation_api_server/evaluator.py\", line 92, in _measure_perf_worker\n    exec(textwrap.dedent(code_src), temp_module.__dict__)\n  File \"<string>\", line 19, in <module>\n  File \"/home/lijiaxing/.conda/envs/api/lib/python3.10/site-packages/triton/runtime/jit.py\", line 844, in jit\n    return decorator(fn)\n  File \"/home/lijiaxing/.conda/envs/api/lib/python3.10/site-packages/triton/runtime/jit.py\", line 832, in decorator\n    return JITFunction(\n  File \"/home/lijiaxing/.conda/envs/api/lib/python3.10/site-packages/triton/runtime/jit.py\", line 635, in __init__\n    self.starting_line_number = inspect.getso
2025-08-08 04:35:29,309 - openevolve.evaluator - WARNING - Evaluation attempt 1/4 failed for program 4d5ff6da-2bca-42f6-80d2-bd4f2c22e47c: Error: The reference code is not valid or correct. The verify result is: {'error': 'could not get source code\nTraceback (most recent call last):\n  File "/cpfs01/shared/llm_kernel/hujiakai/KernelLLM/validation_api_server/evaluator.py", line 92, in _measure_perf_worker\n    exec(textwrap.dedent(code_src), temp_module.__dict__)\n  File "<string>", line 19, in <module>\n  File "/home/lijiaxing/.conda/envs/api/lib/python3.10/site-packages/triton/runtime/jit.py", line 844, in jit\n    return decorator(fn)\n  File "/home/lijiaxing/.conda/envs/api/lib/python3.10/site-packages/triton/runtime/jit.py", line 832, in decorator\n    return JITFunction(\n  File "/home/lijiaxing/.conda/envs/api/lib/python3.10/site-packages/triton/runtime/jit.py", line 635, in __init__\n    self.starting_line_number = inspect.getsourcelines(fn)[1]\n  File "/home/lijiaxing/.conda/envs/api/lib/python3.10/inspect.py", line 1121, in getsourcelines\n    lines, lnum = findsource(object)\n  File "/home/lijiaxing/.conda/envs/api/lib/python3.10/inspect.py", line 958, in findsource\n    raise OSError(\'could not get source code\')\nOSError: could not get source code\n'}
2025-08-08 04:35:30,315 - openevolve.RemoteSpeedupEvaluator - INFO - [level5_13_deepseekv3_MOE_largebatch] verify_plus payload: reference_code(25881 chars) + custom_code(26002 chars)
2025-08-08 04:35:32,734 - openevolve.RemoteSpeedupEvaluator - INFO - [level5_13_deepseekv3_MOE_largebatch] verify_plus request success
2025-08-08 04:35:32,735 - openevolve.RemoteSpeedupEvaluator - INFO - [level5_13_deepseekv3_MOE_largebatch] verify_plus response: {"id":"level5_13_deepseekv3_MOE_largebatch","result":{"error":"could not get source code\nTraceback (most recent call last):\n  File \"/cpfs01/shared/llm_kernel/hujiakai/KernelLLM/validation_api_server/evaluator.py\", line 92, in _measure_perf_worker\n    exec(textwrap.dedent(code_src), temp_module.__dict__)\n  File \"<string>\", line 19, in <module>\n  File \"/home/lijiaxing/.conda/envs/api/lib/python3.10/site-packages/triton/runtime/jit.py\", line 844, in jit\n    return decorator(fn)\n  File \"/home/lijiaxing/.conda/envs/api/lib/python3.10/site-packages/triton/runtime/jit.py\", line 832, in decorator\n    return JITFunction(\n  File \"/home/lijiaxing/.conda/envs/api/lib/python3.10/site-packages/triton/runtime/jit.py\", line 635, in __init__\n    self.starting_line_number = inspect.getso
2025-08-08 04:35:32,735 - openevolve.evaluator - WARNING - Evaluation attempt 2/4 failed for program 4d5ff6da-2bca-42f6-80d2-bd4f2c22e47c: Error: The reference code is not valid or correct. The verify result is: {'error': 'could not get source code\nTraceback (most recent call last):\n  File "/cpfs01/shared/llm_kernel/hujiakai/KernelLLM/validation_api_server/evaluator.py", line 92, in _measure_perf_worker\n    exec(textwrap.dedent(code_src), temp_module.__dict__)\n  File "<string>", line 19, in <module>\n  File "/home/lijiaxing/.conda/envs/api/lib/python3.10/site-packages/triton/runtime/jit.py", line 844, in jit\n    return decorator(fn)\n  File "/home/lijiaxing/.conda/envs/api/lib/python3.10/site-packages/triton/runtime/jit.py", line 832, in decorator\n    return JITFunction(\n  File "/home/lijiaxing/.conda/envs/api/lib/python3.10/site-packages/triton/runtime/jit.py", line 635, in __init__\n    self.starting_line_number = inspect.getsourcelines(fn)[1]\n  File "/home/lijiaxing/.conda/envs/api/lib/python3.10/inspect.py", line 1121, in getsourcelines\n    lines, lnum = findsource(object)\n  File "/home/lijiaxing/.conda/envs/api/lib/python3.10/inspect.py", line 958, in findsource\n    raise OSError(\'could not get source code\')\nOSError: could not get source code\n'}
2025-08-08 04:35:33,737 - openevolve.RemoteSpeedupEvaluator - INFO - [level5_13_deepseekv3_MOE_largebatch] verify_plus payload: reference_code(25881 chars) + custom_code(26002 chars)
2025-08-08 04:35:36,018 - openevolve.RemoteSpeedupEvaluator - INFO - [level5_13_deepseekv3_MOE_largebatch] verify_plus request success
2025-08-08 04:35:36,018 - openevolve.RemoteSpeedupEvaluator - INFO - [level5_13_deepseekv3_MOE_largebatch] verify_plus response: {"id":"level5_13_deepseekv3_MOE_largebatch","result":{"error":"could not get source code\nTraceback (most recent call last):\n  File \"/cpfs01/shared/llm_kernel/hujiakai/KernelLLM/validation_api_server/evaluator.py\", line 92, in _measure_perf_worker\n    exec(textwrap.dedent(code_src), temp_module.__dict__)\n  File \"<string>\", line 19, in <module>\n  File \"/home/lijiaxing/.conda/envs/api/lib/python3.10/site-packages/triton/runtime/jit.py\", line 844, in jit\n    return decorator(fn)\n  File \"/home/lijiaxing/.conda/envs/api/lib/python3.10/site-packages/triton/runtime/jit.py\", line 832, in decorator\n    return JITFunction(\n  File \"/home/lijiaxing/.conda/envs/api/lib/python3.10/site-packages/triton/runtime/jit.py\", line 635, in __init__\n    self.starting_line_number = inspect.getso
2025-08-08 04:35:36,018 - openevolve.evaluator - WARNING - Evaluation attempt 3/4 failed for program 4d5ff6da-2bca-42f6-80d2-bd4f2c22e47c: Error: The reference code is not valid or correct. The verify result is: {'error': 'could not get source code\nTraceback (most recent call last):\n  File "/cpfs01/shared/llm_kernel/hujiakai/KernelLLM/validation_api_server/evaluator.py", line 92, in _measure_perf_worker\n    exec(textwrap.dedent(code_src), temp_module.__dict__)\n  File "<string>", line 19, in <module>\n  File "/home/lijiaxing/.conda/envs/api/lib/python3.10/site-packages/triton/runtime/jit.py", line 844, in jit\n    return decorator(fn)\n  File "/home/lijiaxing/.conda/envs/api/lib/python3.10/site-packages/triton/runtime/jit.py", line 832, in decorator\n    return JITFunction(\n  File "/home/lijiaxing/.conda/envs/api/lib/python3.10/site-packages/triton/runtime/jit.py", line 635, in __init__\n    self.starting_line_number = inspect.getsourcelines(fn)[1]\n  File "/home/lijiaxing/.conda/envs/api/lib/python3.10/inspect.py", line 1121, in getsourcelines\n    lines, lnum = findsource(object)\n  File "/home/lijiaxing/.conda/envs/api/lib/python3.10/inspect.py", line 958, in findsource\n    raise OSError(\'could not get source code\')\nOSError: could not get source code\n'}
2025-08-08 04:35:37,021 - openevolve.RemoteSpeedupEvaluator - INFO - [level5_13_deepseekv3_MOE_largebatch] verify_plus payload: reference_code(25881 chars) + custom_code(26002 chars)
2025-08-08 04:35:39,372 - openevolve.RemoteSpeedupEvaluator - INFO - [level5_13_deepseekv3_MOE_largebatch] verify_plus request success
2025-08-08 04:35:39,373 - openevolve.RemoteSpeedupEvaluator - INFO - [level5_13_deepseekv3_MOE_largebatch] verify_plus response: {"id":"level5_13_deepseekv3_MOE_largebatch","result":{"error":"could not get source code\nTraceback (most recent call last):\n  File \"/cpfs01/shared/llm_kernel/hujiakai/KernelLLM/validation_api_server/evaluator.py\", line 92, in _measure_perf_worker\n    exec(textwrap.dedent(code_src), temp_module.__dict__)\n  File \"<string>\", line 19, in <module>\n  File \"/home/lijiaxing/.conda/envs/api/lib/python3.10/site-packages/triton/runtime/jit.py\", line 844, in jit\n    return decorator(fn)\n  File \"/home/lijiaxing/.conda/envs/api/lib/python3.10/site-packages/triton/runtime/jit.py\", line 832, in decorator\n    return JITFunction(\n  File \"/home/lijiaxing/.conda/envs/api/lib/python3.10/site-packages/triton/runtime/jit.py\", line 635, in __init__\n    self.starting_line_number = inspect.getso
2025-08-08 04:35:39,373 - openevolve.evaluator - WARNING - Evaluation attempt 4/4 failed for program 4d5ff6da-2bca-42f6-80d2-bd4f2c22e47c: Error: The reference code is not valid or correct. The verify result is: {'error': 'could not get source code\nTraceback (most recent call last):\n  File "/cpfs01/shared/llm_kernel/hujiakai/KernelLLM/validation_api_server/evaluator.py", line 92, in _measure_perf_worker\n    exec(textwrap.dedent(code_src), temp_module.__dict__)\n  File "<string>", line 19, in <module>\n  File "/home/lijiaxing/.conda/envs/api/lib/python3.10/site-packages/triton/runtime/jit.py", line 844, in jit\n    return decorator(fn)\n  File "/home/lijiaxing/.conda/envs/api/lib/python3.10/site-packages/triton/runtime/jit.py", line 832, in decorator\n    return JITFunction(\n  File "/home/lijiaxing/.conda/envs/api/lib/python3.10/site-packages/triton/runtime/jit.py", line 635, in __init__\n    self.starting_line_number = inspect.getsourcelines(fn)[1]\n  File "/home/lijiaxing/.conda/envs/api/lib/python3.10/inspect.py", line 1121, in getsourcelines\n    lines, lnum = findsource(object)\n  File "/home/lijiaxing/.conda/envs/api/lib/python3.10/inspect.py", line 958, in findsource\n    raise OSError(\'could not get source code\')\nOSError: could not get source code\n'}
2025-08-08 04:35:39,374 - openevolve.evaluator - ERROR - All evaluation attempts failed for program 4d5ff6da-2bca-42f6-80d2-bd4f2c22e47c. Last error: Error: The reference code is not valid or correct. The verify result is: {'error': 'could not get source code\nTraceback (most recent call last):\n  File "/cpfs01/shared/llm_kernel/hujiakai/KernelLLM/validation_api_server/evaluator.py", line 92, in _measure_perf_worker\n    exec(textwrap.dedent(code_src), temp_module.__dict__)\n  File "<string>", line 19, in <module>\n  File "/home/lijiaxing/.conda/envs/api/lib/python3.10/site-packages/triton/runtime/jit.py", line 844, in jit\n    return decorator(fn)\n  File "/home/lijiaxing/.conda/envs/api/lib/python3.10/site-packages/triton/runtime/jit.py", line 832, in decorator\n    return JITFunction(\n  File "/home/lijiaxing/.conda/envs/api/lib/python3.10/site-packages/triton/runtime/jit.py", line 635, in __init__\n    self.starting_line_number = inspect.getsourcelines(fn)[1]\n  File "/home/lijiaxing/.conda/envs/api/lib/python3.10/inspect.py", line 1121, in getsourcelines\n    lines, lnum = findsource(object)\n  File "/home/lijiaxing/.conda/envs/api/lib/python3.10/inspect.py", line 958, in findsource\n    raise OSError(\'could not get source code\')\nOSError: could not get source code\n'}
2025-08-08 04:35:39,375 - __main__ - ERROR - ðŸ’¥ å¤±è´¥ level5_13_deepseekv3_MOE_largebatch: 'score'
2025-08-08 04:35:39,375 - __main__ - INFO - ----------------------------------------------------------------------
2025-08-08 04:35:39,375 - __main__ - INFO - ðŸ“Š è¿›ç¨‹ rank=23 ç»“æŸ | æˆåŠŸ 5 | å¤±è´¥ 1
2025-08-08 04:35:39,375 - __main__ - INFO - ----------------------------------------------------------------------
