{"id": "549b0492-7b47-4358-90bf-dee083bbe5aa", "code": "k_offsets = k_start + tl.arange(0, BLOCK_K)", "language": "python", "parent_id": "d5d72dba-2d51-4d26-a97f-58e2722ceee6", "generation": 3, "timestamp": 1754640764.8715434, "iteration_found": 29, "metrics": {"compiled": false, "correctness": false, "score": -100.0, "stage": "no_valid_triton_code", "feedback": "You need to generate real and valid triton code for the core function. The key word 'import triton' is not found."}, "complexity": 0.0, "diversity": 0.0, "metadata": {"changes": "Full rewrite", "parent_metrics": {"compiled": true, "correctness": false, "score": 10, "stage": "wrong_answer", "verify_payload": {"id": "level1_15_Matmul_for_lower_triangular_matrices", "result": {"compiled": true, "correctness": false, "metadata": {"hardware": "NVIDIA L20Y", "device": "cuda:7", "runtime_error": "Traceback (most recent call last):\n  File \"/home/lijiaxing/.conda/envs/api/lib/python3.10/site-packages/triton/language/core.py\", line 42, in wrapper\n    return fn(*args, **kwargs)\n  File \"/home/lijiaxing/.conda/envs/api/lib/python3.10/site-packages/triton/language/core.py\", line 1654, in arange\n    return _semantic.arange(start, end)\n  File \"/home/lijiaxing/.conda/envs/api/lib/python3.10/site-packages/triton/language/semantic.py\", line 574, in arange\n    raise ValueError(\"arange's arguments must be of type tl.constexpr\")\nValueError: arange's arguments must be of type tl.constexpr\n\nThe above exception was the direct cause of the following exception:\n\nTraceback (most recent call last):\n  File \"/cpfs01/shared/llm_kernel/hujiakai/KernelLLM/validation_api_server/helpers/evaluations.py\", line 720, in run_and_check_correctness\n    output_new = model_new(*inputs)\n  File \"/home/lijiaxing/.conda/envs/api/lib/python3.10/site-packages/torch/nn/modules/module.py\", line 1773, in _wrapped_call_impl\n    return self._call_impl(*args, **kwargs)\n  File \"/home/lijiaxing/.conda/envs/api/lib/python3.10/site-packages/torch/nn/modules/module.py\", line 1784, in _call_impl\n    return forward_call(*args, **kwargs)\n  File \"/tmp/tmpoq40vt84.py\", line 70, in forward\n    triangular_matmul_kernel[grid](\n  File \"/home/lijiaxing/.conda/envs/api/lib/python3.10/site-packages/triton/runtime/jit.py\", line 390, in <lambda>\n    return lambda *args, **kwargs: self.run(grid=grid, warmup=False, *args, **kwargs)\n  File \"/home/lijiaxing/.conda/envs/api/lib/python3.10/site-packages/triton/runtime/jit.py\", line 594, in run\n    kernel = self.compile(src, target=target, options=options.__dict__)\n  File \"/home/lijiaxing/.conda/envs/api/lib/python3.10/site-packages/triton/compiler/compiler.py\", line 339, in compile\n    module = src.make_ir(options, codegen_fns, module_map, context)\n  File \"/home/lijiaxing/.conda/envs/api/lib/python3.10/site-packages/triton/compiler/compiler.py\", line 83, in make_ir\n    return ast_to_ttir(self.fn, self, context=context, options=options, codegen_fns=codegen_fns,\ntriton.compiler.errors.CompilationError: at 24:30:\n\n    # Initialize accumulator\n    acc = tl.zeros((BLOCK_SIZE,), dtype=tl.float32)\n\n    # Blocking in K dimension\n    BLOCK_K = 32\n    num_k_blocks = tl.cdiv(row + 1, BLOCK_K)\n\n    for k_block in range(num_k_blocks):\n        k_start = k_block * BLOCK_K\n        k_end = min((k_block + 1) * BLOCK_K, row + 1)\n        k_offsets = k_start + tl.arange(0, BLOCK_K)\n                              ^\n\n\nThe above exception was the direct cause of the following exception:\n\nTraceback (most recent call last):\n  File \"/home/lijiaxing/.conda/envs/api/lib/python3.10/site-packages/triton/language/core.py\", line 42, in wrapper\n    return fn(*args, **kwargs)\n  File \"/home/lijiaxing/.conda/envs/api/lib/python3.10/site-packages/triton/language/core.py\", line 1654, in arange\n    return _semantic.arange(start, end)\n  File \"/home/lijiaxing/.conda/envs/api/lib/python3.10/site-packages/triton/language/semantic.py\", line 574, in arange\n    raise ValueError(\"arange's arguments must be of type tl.constexpr\")\nValueError: arange's arguments must be of type tl.constexpr\n", "runtime_error_name": "triton.compiler.errors.CompilationError", "reference_timing_ms": 0.0396, "speed_up": -1.0, "custom_timing": -1.0}, "runtime": -1.0, "runtime_stats": {}}}}, "island": 2}, "artifacts_json": null, "artifact_dir": null}