2025-08-08 02:13:58,677 - openevolve.controller - INFO - Logging to openevolve_output/level3_32_ConvolutionalVisionTransformer/logs/openevolve_20250808_021358.log
2025-08-08 02:13:58,677 - openevolve.controller - INFO - Set random seed to 42 for reproducibility
2025-08-08 02:13:58,717 - openevolve.llm.ensemble - INFO - Initialized LLM ensemble with models: deepseek (weight: 0.80), deepseek (weight: 0.20)
2025-08-08 02:13:58,756 - openevolve.llm.ensemble - INFO - Initialized LLM ensemble with models: deepseek (weight: 0.80), deepseek (weight: 0.20)
2025-08-08 02:13:58,756 - openevolve.prompt.sampler - INFO - Set custom templates: system=evaluator_system_message, user=None
2025-08-08 02:13:58,757 - openevolve.database - INFO - Initialized program database with 0 programs
2025-08-08 02:13:58,778 - openevolve.evaluator - INFO - Successfully loaded evaluation function from openevolve_output/level3_32_ConvolutionalVisionTransformer/evaluation.py
2025-08-08 02:13:58,778 - openevolve.evaluator - INFO - Initialized evaluator with openevolve_output/level3_32_ConvolutionalVisionTransformer/evaluation.py
2025-08-08 02:13:58,778 - openevolve.controller - INFO - Initialized OpenEvolve with /tmp/8b7da8d0a0aec7b8c044aefd5e71c428.py
2025-08-08 02:13:58,779 - openevolve.controller - INFO - Adding initial program to database
2025-08-08 02:13:58,779 - openevolve.RemoteSpeedupEvaluator - INFO - [level3_32_ConvolutionalVisionTransformer] verify_plus payload: reference_code(2733 chars) + custom_code(2857 chars)
2025-08-08 02:14:05,470 - openevolve.RemoteSpeedupEvaluator - INFO - [level3_32_ConvolutionalVisionTransformer] verify_plus request success
2025-08-08 02:14:05,471 - openevolve.RemoteSpeedupEvaluator - INFO - [level3_32_ConvolutionalVisionTransformer] verify_plus response: {"id":"level3_32_ConvolutionalVisionTransformer","result":{"compiled":true,"correctness":true,"metadata":{"hardware":"NVIDIA L20Y","device":"cuda:1","correctness_trials":"(5 / 5)","reference_timing_ms":2.14,"speed_up":0.977,"custom_timing":2.19},"runtime":2.19,"runtime_stats":{"mean":2.19,"std":0.0326,"min":2.12,"max":2.29,"num_trials":100,"hardware":"NVIDIA L20Y","device":"cuda:1"}}}
2025-08-08 02:14:05,471 - openevolve.evaluator - INFO - Evaluated program 694d2ece-c660-4511-a1e5-25b7ceabcfa1 in 6.69s: compiled=1.0000, correctness=1.0000, stage=reference code, passed=0.0000, score=0.0000, speed_up=1.0000, runtime_ms=2.1900, meta={'hardware': 'NVIDIA L20Y', 'device': 'cuda:1', 'correctness_trials': '(5 / 5)', 'reference_timing_ms': 2.14, 'speed_up': 0.977, 'custom_timing': 2.19}
2025-08-08 02:14:05,471 - openevolve.database - INFO - New MAP-Elites cell occupied: {'score': 0, 'complexity': 2}
2025-08-08 02:14:05,485 - openevolve.threaded_parallel - INFO - Initializing threaded evaluation pool with 3 workers
2025-08-08 02:14:05,487 - openevolve.threaded_parallel - INFO - Started thread pool with 3 threads
2025-08-08 02:14:05,487 - openevolve.threaded_parallel - INFO - Started improved parallel controller
2025-08-08 02:14:05,487 - openevolve.controller - INFO - Using island-based evolution with 3 islands
2025-08-08 02:14:05,487 - openevolve.database - INFO - Island Status:
2025-08-08 02:14:05,487 - openevolve.database - INFO -  * Island 0: 1 programs, best=0.0000, avg=0.0000, diversity=0.00, gen=0 (best: 694d2ece-c660-4511-a1e5-25b7ceabcfa1)
2025-08-08 02:14:05,487 - openevolve.database - INFO -    Island 1: 0 programs, best=0.0000, avg=0.0000, diversity=0.00, gen=0
2025-08-08 02:14:05,487 - openevolve.database - INFO -    Island 2: 0 programs, best=0.0000, avg=0.0000, diversity=0.00, gen=0
2025-08-08 02:14:05,487 - openevolve.threaded_parallel - INFO - Starting improved parallel evolution from iteration 0 for 30 iterations (total: 30)
2025-08-08 02:14:05,620 - openevolve.llm.ensemble - INFO - Initialized LLM ensemble with models: deepseek (weight: 0.80), deepseek (weight: 0.20)
2025-08-08 02:14:05,626 - openevolve.llm.ensemble - INFO - Initialized LLM ensemble with models: deepseek (weight: 0.80), deepseek (weight: 0.20)
2025-08-08 02:14:05,638 - openevolve.llm.ensemble - INFO - Initialized LLM ensemble with models: deepseek (weight: 0.80), deepseek (weight: 0.20)
2025-08-08 02:14:05,751 - openevolve.llm.ensemble - INFO - Initialized LLM ensemble with models: deepseek (weight: 0.80), deepseek (weight: 0.20)
2025-08-08 02:14:05,751 - openevolve.prompt.sampler - INFO - Set custom templates: system=evaluator_system_message, user=None
2025-08-08 02:14:05,754 - openevolve.evaluator - INFO - Successfully loaded evaluation function from openevolve_output/level3_32_ConvolutionalVisionTransformer/evaluation.py
2025-08-08 02:14:05,754 - openevolve.evaluator - INFO - Initialized evaluator with openevolve_output/level3_32_ConvolutionalVisionTransformer/evaluation.py
2025-08-08 02:14:05,756 - openevolve.llm.ensemble - INFO - Sampled model: deepseek
2025-08-08 02:14:05,761 - openevolve.llm.ensemble - INFO - Initialized LLM ensemble with models: deepseek (weight: 0.80), deepseek (weight: 0.20)
2025-08-08 02:14:05,761 - openevolve.prompt.sampler - INFO - Set custom templates: system=evaluator_system_message, user=None
2025-08-08 02:14:05,763 - openevolve.evaluator - INFO - Successfully loaded evaluation function from openevolve_output/level3_32_ConvolutionalVisionTransformer/evaluation.py
2025-08-08 02:14:05,763 - openevolve.evaluator - INFO - Initialized evaluator with openevolve_output/level3_32_ConvolutionalVisionTransformer/evaluation.py
2025-08-08 02:14:05,764 - openevolve.llm.ensemble - INFO - Sampled model: deepseek
2025-08-08 02:14:05,766 - openevolve.llm.ensemble - INFO - Initialized LLM ensemble with models: deepseek (weight: 0.80), deepseek (weight: 0.20)
2025-08-08 02:14:05,767 - openevolve.prompt.sampler - INFO - Set custom templates: system=evaluator_system_message, user=None
2025-08-08 02:14:05,768 - openevolve.evaluator - INFO - Successfully loaded evaluation function from openevolve_output/level3_32_ConvolutionalVisionTransformer/evaluation.py
2025-08-08 02:14:05,769 - openevolve.evaluator - INFO - Initialized evaluator with openevolve_output/level3_32_ConvolutionalVisionTransformer/evaluation.py
2025-08-08 02:14:05,770 - openevolve.llm.ensemble - INFO - Sampled model: deepseek
2025-08-08 02:25:20,462 - openevolve.RemoteSpeedupEvaluator - INFO - [level3_32_ConvolutionalVisionTransformer] âœ˜ invalid_answer 'import triton' is not found
2025-08-08 02:25:20,464 - openevolve.evaluator - INFO - Evaluated program 5abf82f4-5ef0-4aae-8090-58c221f2baaa in 0.00s: compiled=0.0000, correctness=0.0000, score=-100.0000, stage=no_valid_triton_code, feedback=You need to generate real and valid triton code for the core function. The key word 'import triton' is not found.
2025-08-08 02:25:20,466 - openevolve.llm.ensemble - INFO - Sampled model: deepseek
2025-08-08 02:25:20,474 - openevolve.database - INFO - New MAP-Elites cell occupied: {'score': -1000, 'complexity': 0}
2025-08-08 02:25:20,481 - openevolve.threaded_parallel - INFO - Iteration 1: Program 5abf82f4-5ef0-4aae-8090-58c221f2baaa (parent: 694d2ece-c660-4511-a1e5-25b7ceabcfa1) completed in 674.69s
2025-08-08 02:25:20,481 - openevolve.threaded_parallel - INFO - Metrics: compiled=0.0000, correctness=0.0000, score=-100.0000, stage=no_valid_triton_code, feedback=You need to generate real and valid triton code for the core function. The key word 'import triton' is not found.
2025-08-08 02:29:58,088 - openevolve.RemoteSpeedupEvaluator - INFO - [level3_32_ConvolutionalVisionTransformer] âœ˜ invalid_answer 'import triton' is not found
2025-08-08 02:29:58,090 - openevolve.evaluator - INFO - Evaluated program 5c8c1b49-0e6c-409a-a127-384d67a70a5e in 0.00s: compiled=0.0000, correctness=0.0000, score=-100.0000, stage=no_valid_triton_code, feedback=You need to generate real and valid triton code for the core function. The key word 'import triton' is not found.
2025-08-08 02:29:58,092 - openevolve.llm.ensemble - INFO - Sampled model: deepseek
2025-08-08 02:29:58,105 - openevolve.threaded_parallel - INFO - Iteration 2: Program 5c8c1b49-0e6c-409a-a127-384d67a70a5e (parent: 694d2ece-c660-4511-a1e5-25b7ceabcfa1) completed in 952.33s
2025-08-08 02:29:58,106 - openevolve.threaded_parallel - INFO - Metrics: compiled=0.0000, correctness=0.0000, score=-100.0000, stage=no_valid_triton_code, feedback=You need to generate real and valid triton code for the core function. The key word 'import triton' is not found.
2025-08-08 02:35:44,385 - openevolve.RemoteSpeedupEvaluator - INFO - [level3_32_ConvolutionalVisionTransformer] âœ˜ invalid_answer 'import triton' is not found
2025-08-08 02:35:44,387 - openevolve.evaluator - INFO - Evaluated program a6631707-513c-4ff5-9ebc-345471d6ce0d in 0.00s: compiled=0.0000, correctness=0.0000, score=-100.0000, stage=no_valid_triton_code, feedback=You need to generate real and valid triton code for the core function. The key word 'import triton' is not found.
2025-08-08 02:35:44,390 - openevolve.llm.ensemble - INFO - Sampled model: deepseek
2025-08-08 02:35:44,396 - openevolve.threaded_parallel - INFO - Iteration 0: Program a6631707-513c-4ff5-9ebc-345471d6ce0d (parent: 694d2ece-c660-4511-a1e5-25b7ceabcfa1) completed in 1298.62s
2025-08-08 02:35:44,396 - openevolve.threaded_parallel - INFO - Metrics: compiled=0.0000, correctness=0.0000, score=-100.0000, stage=no_valid_triton_code, feedback=You need to generate real and valid triton code for the core function. The key word 'import triton' is not found.
2025-08-08 02:35:44,396 - openevolve.threaded_parallel - INFO - Checkpoint interval reached at iteration 0
2025-08-08 02:35:44,397 - openevolve.database - INFO - Island Status:
2025-08-08 02:35:44,397 - openevolve.database - INFO -    Island 0: 3 programs, best=0.0000, avg=-66.6667, diversity=687.80, gen=1 (best: 694d2ece-c660-4511-a1e5-25b7ceabcfa1)
2025-08-08 02:35:44,397 - openevolve.database - INFO -  * Island 1: 1 programs, best=-100.0000, avg=-100.0000, diversity=0.00, gen=2 (best: a6631707-513c-4ff5-9ebc-345471d6ce0d)
2025-08-08 02:35:44,397 - openevolve.database - INFO -    Island 2: 0 programs, best=0.0000, avg=0.0000, diversity=0.00, gen=0
2025-08-08 02:35:44,447 - openevolve.database - INFO - Saved database with 4 programs to openevolve_output/level3_32_ConvolutionalVisionTransformer/checkpoints/checkpoint_0
2025-08-08 02:35:44,459 - openevolve.controller - INFO - Saved best program at checkpoint 0 with metrics: compiled=1.0000, correctness=1.0000, stage=reference code, passed=0.0000, score=0.0000, speed_up=1.0000, runtime_ms=2.1900, meta={'hardware': 'NVIDIA L20Y', 'device': 'cuda:1', 'correctness_trials': '(5 / 5)', 'reference_timing_ms': 2.14, 'speed_up': 0.977, 'custom_timing': 2.19}
2025-08-08 02:35:44,459 - openevolve.controller - INFO - Saved checkpoint at iteration 0 to openevolve_output/level3_32_ConvolutionalVisionTransformer/checkpoints/checkpoint_0
2025-08-08 02:39:50,947 - openevolve.RemoteSpeedupEvaluator - INFO - [level3_32_ConvolutionalVisionTransformer] triton key words check pass
2025-08-08 02:39:50,949 - openevolve.RemoteSpeedupEvaluator - INFO - [level3_32_ConvolutionalVisionTransformer] verify_plus payload: reference_code(2733 chars) + custom_code(3011 chars)
2025-08-08 02:39:55,421 - openevolve.RemoteSpeedupEvaluator - INFO - [level3_32_ConvolutionalVisionTransformer] verify_plus request success
2025-08-08 02:39:55,422 - openevolve.RemoteSpeedupEvaluator - INFO - [level3_32_ConvolutionalVisionTransformer] verify_plus response: {"id":"level3_32_ConvolutionalVisionTransformer","result":{"compiled":true,"correctness":true,"metadata":{"hardware":"NVIDIA L20Y","device":"cuda:6","correctness_trials":"(5 / 5)","reference_timing_ms":2.14,"speed_up":0.628,"custom_timing":3.41},"runtime":3.41,"runtime_stats":{"mean":3.41,"std":0.111,"min":3.35,"max":4.4,"num_trials":100,"hardware":"NVIDIA L20Y","device":"cuda:6"}}}
2025-08-08 02:39:55,422 - openevolve.RemoteSpeedupEvaluator - INFO - [level3_32_ConvolutionalVisionTransformer] âœ” success | speed_up=0.628  score=20.00
2025-08-08 02:39:55,422 - openevolve.evaluator - INFO - Evaluated program 86f97c9d-9758-4243-a0ee-4d6f60acb543 in 4.48s: compiled=1.0000, correctness=1.0000, stage=success, passed=0.0000, score=20.0000, speed_up=0.6280, runtime_ms=3.4100, meta={'hardware': 'NVIDIA L20Y', 'device': 'cuda:6', 'correctness_trials': '(5 / 5)', 'reference_timing_ms': 2.14, 'speed_up': 0.628, 'custom_timing': 3.41}
2025-08-08 02:39:55,425 - openevolve.llm.ensemble - INFO - Sampled model: deepseek
2025-08-08 02:39:55,434 - openevolve.database - INFO - New MAP-Elites cell occupied: {'score': 9, 'complexity': 9}
2025-08-08 02:39:55,434 - openevolve.database - INFO - New best program 86f97c9d-9758-4243-a0ee-4d6f60acb543 replaces 694d2ece-c660-4511-a1e5-25b7ceabcfa1
2025-08-08 02:39:55,446 - openevolve.threaded_parallel - INFO - Iteration 3: Program 86f97c9d-9758-4243-a0ee-4d6f60acb543 (parent: 694d2ece-c660-4511-a1e5-25b7ceabcfa1) completed in 874.96s
2025-08-08 02:39:55,446 - openevolve.threaded_parallel - INFO - Metrics: compiled=1.0000, correctness=1.0000, stage=success, passed=0.0000, score=20.0000, speed_up=0.6280, runtime_ms=3.4100, meta={'hardware': 'NVIDIA L20Y', 'device': 'cuda:6', 'correctness_trials': '(5 / 5)', 'reference_timing_ms': 2.14, 'speed_up': 0.628, 'custom_timing': 3.41}
2025-08-08 02:39:55,446 - openevolve.threaded_parallel - INFO - ðŸŒŸ New best solution found at iteration 3: 86f97c9d-9758-4243-a0ee-4d6f60acb543
2025-08-08 02:39:55,446 - openevolve.threaded_parallel - INFO - Checkpoint interval reached at iteration 3
2025-08-08 02:39:55,446 - openevolve.database - INFO - Island Status:
2025-08-08 02:39:55,446 - openevolve.database - INFO -    Island 0: 3 programs, best=0.0000, avg=-66.6667, diversity=687.80, gen=1 (best: 694d2ece-c660-4511-a1e5-25b7ceabcfa1)
2025-08-08 02:39:55,446 - openevolve.database - INFO -    Island 1: 2 programs, best=20.0000, avg=-40.0000, diversity=1230.90, gen=2 (best: 86f97c9d-9758-4243-a0ee-4d6f60acb543)
2025-08-08 02:39:55,447 - openevolve.database - INFO -  * Island 2: 0 programs, best=0.0000, avg=0.0000, diversity=0.00, gen=1
2025-08-08 02:39:55,502 - openevolve.database - INFO - Saved database with 5 programs to openevolve_output/level3_32_ConvolutionalVisionTransformer/checkpoints/checkpoint_3
2025-08-08 02:39:55,513 - openevolve.controller - INFO - Saved best program at checkpoint 3 with metrics: compiled=1.0000, correctness=1.0000, stage=success, passed=0.0000, score=20.0000, speed_up=0.6280, runtime_ms=3.4100, meta={'hardware': 'NVIDIA L20Y', 'device': 'cuda:6', 'correctness_trials': '(5 / 5)', 'reference_timing_ms': 2.14, 'speed_up': 0.628, 'custom_timing': 3.41}
2025-08-08 02:39:55,513 - openevolve.controller - INFO - Saved checkpoint at iteration 3 to openevolve_output/level3_32_ConvolutionalVisionTransformer/checkpoints/checkpoint_3
2025-08-08 02:43:33,043 - openevolve.RemoteSpeedupEvaluator - INFO - [level3_32_ConvolutionalVisionTransformer] triton key words check pass
2025-08-08 02:43:33,045 - openevolve.RemoteSpeedupEvaluator - INFO - [level3_32_ConvolutionalVisionTransformer] verify_plus payload: reference_code(2733 chars) + custom_code(3710 chars)
2025-08-08 02:43:35,452 - openevolve.RemoteSpeedupEvaluator - INFO - [level3_32_ConvolutionalVisionTransformer] verify_plus request success
2025-08-08 02:43:35,452 - openevolve.RemoteSpeedupEvaluator - INFO - [level3_32_ConvolutionalVisionTransformer] verify_plus response: {"id":"level3_32_ConvolutionalVisionTransformer","result":{"error":"name 'math' is not defined\nTraceback (most recent call last):\n  File \"/cpfs01/shared/llm_kernel/hujiakai/KernelLLM/validation_api_server/evaluator.py\", line 173, in _verification_worker\n    result: KernelExecResult = eval_kernel_against_ref(\n  File \"/cpfs01/shared/llm_kernel/hujiakai/KernelLLM/validation_api_server/helpers/evaluations.py\", line 484, in eval_kernel_against_ref\n    custom_model = ModelNew(*init_args, **init_kwargs)\n  File \"/tmp/tmpdmg4piej.py\", line 58, in __init__\n    nn.init.kaiming_uniform_(self.linear_proj_weight, a=math.sqrt(5))\nNameError: name 'math' is not defined\n"}}
2025-08-08 02:43:35,452 - openevolve.RemoteSpeedupEvaluator - INFO - [level3_32_ConvolutionalVisionTransformer] âœ˜ compile_error
2025-08-08 02:43:35,452 - openevolve.RemoteSpeedupEvaluator - INFO - [level3_32_ConvolutionalVisionTransformer_ddc250] execute payload: {id:level3_32_ConvolutionalVisionTransformer_ddc250, device_type:NV_LY_20}
2025-08-08 02:43:37,567 - openevolve.RemoteSpeedupEvaluator - INFO - [level3_32_ConvolutionalVisionTransformer_ddc250] execute request success
2025-08-08 02:43:37,568 - openevolve.RemoteSpeedupEvaluator - INFO - [level3_32_ConvolutionalVisionTransformer_ddc250] execute response: {"id":"level3_32_ConvolutionalVisionTransformer_ddc250","exit_code":"1","content":"[Child] ç»‘å®š GPU 4, torch sees 1 device(s)\n\n[Exception]\nTraceback (most recent call last):\n  File \"/cpfs01/shared/llm_kernel/hujiakai/KernelLLM/validation_api_server/code_executor.py\", line 71, in _exec_worker\n    exec(textwrap.dedent(code_src), mod.__dict__)\n  File \"<string>\", line 9, in <module>\n  File \"/home/lijiaxing/.conda/envs/api/lib/python3.10/site-packages/triton/runtime/jit.py\", line 844, in jit\n    return decorator(fn)\n  File \"/home/lijiaxing/.conda/envs/api/lib/python3.10/site-packages/triton/runtime/jit.py\", line 832, in decorator\n    return JITFunction(\n  File \"/home/lijiaxing/.conda/envs/api/lib/python3.10/site-packages/triton/runtime/jit.py\", line 635, in __init__\n    self
2025-08-08 02:43:37,568 - openevolve.evaluator - INFO - Evaluated program 25e5b2ad-46ef-42f4-993e-ad6ed9ab97f9 in 4.53s: compiled=0.0000, correctness=0.0000, score=1.0000, stage=compile_error, compile_log=name 'math' is not defined
Traceback (most recent call last):
  File "/cpfs01/shared/llm_kernel/hujiakai/KernelLLM/validation_api_server/evaluator.py", line 173, in _verification_worker
    result: KernelExecResult = eval_kernel_against_ref(
  File "/cpfs01/shared/llm_kernel/hujiakai/KernelLLM/validation_api_server/helpers/evaluations.py", line 484, in eval_kernel_against_ref
    custom_model = ModelNew(*init_args, **init_kwargs)
  File "/tmp/tmpdmg4piej.py", line 58, in __init__
    nn.init.kaiming_uniform_(self.linear_proj_weight, a=math.sqrt(5))
NameError: name 'math' is not defined
, exec_log=[Child] ç»‘å®š GPU 4, torch sees 1 device(s)

[Exception]
Traceback (most recent call last):
  File "/cpfs01/shared/llm_kernel/hujiakai/KernelLLM/validation_api_server/code_executor.py", line 71, in _exec_worker
    exec(textwrap.dedent(code_src), mod.__dict__)
  File "<string>", line 9, in <module>
  File "/home/lijiaxing/.conda/envs/api/lib/python3.10/site-packages/triton/runtime/jit.py", line 844, in jit
    return decorator(fn)
  File "/home/lijiaxing/.conda/envs/api/lib/python3.10/site-packages/triton/runtime/jit.py", line 832, in decorator
    return JITFunction(
  File "/home/lijiaxing/.conda/envs/api/lib/python3.10/site-packages/triton/runtime/jit.py", line 635, in __init__
    self.starting_line_number = inspect.getsourcelines(fn)[1]
  File "/home/lijiaxing/.conda/envs/api/lib/python3.10/inspect.py", line 1121, in getsourcelines
    lines, lnum = findsource(object)
  File "/home/lijiaxing/.conda/envs/api/lib/python3.10/inspect.py", line 958, in findsource
    raise OSError('could not get source code')
OSError: could not get source code
, exit_code=1
2025-08-08 02:43:37,571 - openevolve.llm.ensemble - INFO - Sampled model: deepseek
2025-08-08 02:43:37,638 - openevolve.threaded_parallel - INFO - Iteration 4: Program 25e5b2ad-46ef-42f4-993e-ad6ed9ab97f9 (parent: 694d2ece-c660-4511-a1e5-25b7ceabcfa1) completed in 819.48s
2025-08-08 02:43:37,638 - openevolve.threaded_parallel - INFO - Metrics: compiled=0.0000, correctness=0.0000, score=1.0000, stage=compile_error, compile_log=name 'math' is not defined
Traceback (most recent call last):
  File "/cpfs01/shared/llm_kernel/hujiakai/KernelLLM/validation_api_server/evaluator.py", line 173, in _verification_worker
    result: KernelExecResult = eval_kernel_against_ref(
  File "/cpfs01/shared/llm_kernel/hujiakai/KernelLLM/validation_api_server/helpers/evaluations.py", line 484, in eval_kernel_against_ref
    custom_model = ModelNew(*init_args, **init_kwargs)
  File "/tmp/tmpdmg4piej.py", line 58, in __init__
    nn.init.kaiming_uniform_(self.linear_proj_weight, a=math.sqrt(5))
NameError: name 'math' is not defined
, exec_log=[Child] ç»‘å®š GPU 4, torch sees 1 device(s)

[Exception]
Traceback (most recent call last):
  File "/cpfs01/shared/llm_kernel/hujiakai/KernelLLM/validation_api_server/code_executor.py", line 71, in _exec_worker
    exec(textwrap.dedent(code_src), mod.__dict__)
  File "<string>", line 9, in <module>
  File "/home/lijiaxing/.conda/envs/api/lib/python3.10/site-packages/triton/runtime/jit.py", line 844, in jit
    return decorator(fn)
  File "/home/lijiaxing/.conda/envs/api/lib/python3.10/site-packages/triton/runtime/jit.py", line 832, in decorator
    return JITFunction(
  File "/home/lijiaxing/.conda/envs/api/lib/python3.10/site-packages/triton/runtime/jit.py", line 635, in __init__
    self.starting_line_number = inspect.getsourcelines(fn)[1]
  File "/home/lijiaxing/.conda/envs/api/lib/python3.10/inspect.py", line 1121, in getsourcelines
    lines, lnum = findsource(object)
  File "/home/lijiaxing/.conda/envs/api/lib/python3.10/inspect.py", line 958, in findsource
    raise OSError('could not get source code')
OSError: could not get source code
, exit_code=1
2025-08-08 02:46:01,287 - openevolve.RemoteSpeedupEvaluator - INFO - [level3_32_ConvolutionalVisionTransformer] triton key words check pass
2025-08-08 02:46:01,289 - openevolve.RemoteSpeedupEvaluator - INFO - [level3_32_ConvolutionalVisionTransformer] verify_plus payload: reference_code(2733 chars) + custom_code(1421 chars)
2025-08-08 02:46:03,684 - openevolve.RemoteSpeedupEvaluator - INFO - [level3_32_ConvolutionalVisionTransformer] verify_plus request success
2025-08-08 02:46:03,684 - openevolve.RemoteSpeedupEvaluator - INFO - [level3_32_ConvolutionalVisionTransformer] verify_plus response: {"id":"level3_32_ConvolutionalVisionTransformer","result":{"error":"ModelNew.__init__() takes 2 positional arguments but 4 were given\nTraceback (most recent call last):\n  File \"/cpfs01/shared/llm_kernel/hujiakai/KernelLLM/validation_api_server/evaluator.py\", line 173, in _verification_worker\n    result: KernelExecResult = eval_kernel_against_ref(\n  File \"/cpfs01/shared/llm_kernel/hujiakai/KernelLLM/validation_api_server/helpers/evaluations.py\", line 484, in eval_kernel_against_ref\n    custom_model = ModelNew(*init_args, **init_kwargs)\nTypeError: ModelNew.__init__() takes 2 positional arguments but 4 were given\n"}}
2025-08-08 02:46:03,684 - openevolve.RemoteSpeedupEvaluator - INFO - [level3_32_ConvolutionalVisionTransformer] âœ˜ compile_error
2025-08-08 02:46:03,684 - openevolve.RemoteSpeedupEvaluator - INFO - [level3_32_ConvolutionalVisionTransformer_7c2fa1] execute payload: {id:level3_32_ConvolutionalVisionTransformer_7c2fa1, device_type:NV_LY_20}
2025-08-08 02:46:05,746 - openevolve.RemoteSpeedupEvaluator - INFO - [level3_32_ConvolutionalVisionTransformer_7c2fa1] execute request success
2025-08-08 02:46:05,746 - openevolve.RemoteSpeedupEvaluator - INFO - [level3_32_ConvolutionalVisionTransformer_7c2fa1] execute response: {"id":"level3_32_ConvolutionalVisionTransformer_7c2fa1","exit_code":"1","content":"[Child] ç»‘å®š GPU 5, torch sees 1 device(s)\n\n[Exception]\nTraceback (most recent call last):\n  File \"/cpfs01/shared/llm_kernel/hujiakai/KernelLLM/validation_api_server/code_executor.py\", line 71, in _exec_worker\n    exec(textwrap.dedent(code_src), mod.__dict__)\n  File \"<string>\", line 17, in <module>\n  File \"/home/lijiaxing/.conda/envs/api/lib/python3.10/site-packages/triton/runtime/jit.py\", line 844, in jit\n    return decorator(fn)\n  File \"/home/lijiaxing/.conda/envs/api/lib/python3.10/site-packages/triton/runtime/jit.py\", line 832, in decorator\n    return JITFunction(\n  File \"/home/lijiaxing/.conda/envs/api/lib/python3.10/site-packages/triton/runtime/jit.py\", line 635, in __init__\n    sel
2025-08-08 02:46:05,747 - openevolve.evaluator - INFO - Evaluated program 21bb2a94-6f16-4753-b32e-bb2dd09bf520 in 4.46s: compiled=0.0000, correctness=0.0000, score=1.0000, stage=compile_error, compile_log=ModelNew.__init__() takes 2 positional arguments but 4 were given
Traceback (most recent call last):
  File "/cpfs01/shared/llm_kernel/hujiakai/KernelLLM/validation_api_server/evaluator.py", line 173, in _verification_worker
    result: KernelExecResult = eval_kernel_against_ref(
  File "/cpfs01/shared/llm_kernel/hujiakai/KernelLLM/validation_api_server/helpers/evaluations.py", line 484, in eval_kernel_against_ref
    custom_model = ModelNew(*init_args, **init_kwargs)
TypeError: ModelNew.__init__() takes 2 positional arguments but 4 were given
, exec_log=[Child] ç»‘å®š GPU 5, torch sees 1 device(s)

[Exception]
Traceback (most recent call last):
  File "/cpfs01/shared/llm_kernel/hujiakai/KernelLLM/validation_api_server/code_executor.py", line 71, in _exec_worker
    exec(textwrap.dedent(code_src), mod.__dict__)
  File "<string>", line 17, in <module>
  File "/home/lijiaxing/.conda/envs/api/lib/python3.10/site-packages/triton/runtime/jit.py", line 844, in jit
    return decorator(fn)
  File "/home/lijiaxing/.conda/envs/api/lib/python3.10/site-packages/triton/runtime/jit.py", line 832, in decorator
    return JITFunction(
  File "/home/lijiaxing/.conda/envs/api/lib/python3.10/site-packages/triton/runtime/jit.py", line 635, in __init__
    self.starting_line_number = inspect.getsourcelines(fn)[1]
  File "/home/lijiaxing/.conda/envs/api/lib/python3.10/inspect.py", line 1121, in getsourcelines
    lines, lnum = findsource(object)
  File "/home/lijiaxing/.conda/envs/api/lib/python3.10/inspect.py", line 958, in findsource
    raise OSError('could not get source code')
OSError: could not get source code
, exit_code=1
2025-08-08 02:46:05,750 - openevolve.llm.ensemble - INFO - Sampled model: deepseek
2025-08-08 02:46:05,754 - openevolve.database - INFO - New MAP-Elites cell occupied: {'score': 9, 'complexity': 3}
2025-08-08 02:46:05,760 - openevolve.threaded_parallel - INFO - Iteration 6: Program 21bb2a94-6f16-4753-b32e-bb2dd09bf520 (parent: a6631707-513c-4ff5-9ebc-345471d6ce0d) completed in 370.32s
2025-08-08 02:46:05,760 - openevolve.threaded_parallel - INFO - Metrics: compiled=0.0000, correctness=0.0000, score=1.0000, stage=compile_error, compile_log=ModelNew.__init__() takes 2 positional arguments but 4 were given
Traceback (most recent call last):
  File "/cpfs01/shared/llm_kernel/hujiakai/KernelLLM/validation_api_server/evaluator.py", line 173, in _verification_worker
    result: KernelExecResult = eval_kernel_against_ref(
  File "/cpfs01/shared/llm_kernel/hujiakai/KernelLLM/validation_api_server/helpers/evaluations.py", line 484, in eval_kernel_against_ref
    custom_model = ModelNew(*init_args, **init_kwargs)
TypeError: ModelNew.__init__() takes 2 positional arguments but 4 were given
, exec_log=[Child] ç»‘å®š GPU 5, torch sees 1 device(s)

[Exception]
Traceback (most recent call last):
  File "/cpfs01/shared/llm_kernel/hujiakai/KernelLLM/validation_api_server/code_executor.py", line 71, in _exec_worker
    exec(textwrap.dedent(code_src), mod.__dict__)
  File "<string>", line 17, in <module>
  File "/home/lijiaxing/.conda/envs/api/lib/python3.10/site-packages/triton/runtime/jit.py", line 844, in jit
    return decorator(fn)
  File "/home/lijiaxing/.conda/envs/api/lib/python3.10/site-packages/triton/runtime/jit.py", line 832, in decorator
    return JITFunction(
  File "/home/lijiaxing/.conda/envs/api/lib/python3.10/site-packages/triton/runtime/jit.py", line 635, in __init__
    self.starting_line_number = inspect.getsourcelines(fn)[1]
  File "/home/lijiaxing/.conda/envs/api/lib/python3.10/inspect.py", line 1121, in getsourcelines
    lines, lnum = findsource(object)
  File "/home/lijiaxing/.conda/envs/api/lib/python3.10/inspect.py", line 958, in findsource
    raise OSError('could not get source code')
OSError: could not get source code
, exit_code=1
2025-08-08 02:46:05,760 - openevolve.threaded_parallel - INFO - Checkpoint interval reached at iteration 6
2025-08-08 02:46:05,761 - openevolve.database - INFO - Island Status:
2025-08-08 02:46:05,761 - openevolve.database - INFO -    Island 0: 4 programs, best=1.0000, avg=-49.7500, diversity=611.97, gen=2 (best: 21bb2a94-6f16-4753-b32e-bb2dd09bf520)
2025-08-08 02:46:05,761 - openevolve.database - INFO -  * Island 1: 2 programs, best=20.0000, avg=-40.0000, diversity=1230.90, gen=3 (best: 86f97c9d-9758-4243-a0ee-4d6f60acb543)
2025-08-08 02:46:05,761 - openevolve.database - INFO -    Island 2: 2 programs, best=20.0000, avg=10.5000, diversity=290.40, gen=1 (best: 25e5b2ad-46ef-42f4-993e-ad6ed9ab97f9)
2025-08-08 02:46:05,846 - openevolve.database - INFO - Saved database with 7 programs to openevolve_output/level3_32_ConvolutionalVisionTransformer/checkpoints/checkpoint_6
2025-08-08 02:46:05,856 - openevolve.controller - INFO - Saved best program at checkpoint 6 with metrics: compiled=1.0000, correctness=1.0000, stage=success, passed=0.0000, score=20.0000, speed_up=0.6280, runtime_ms=3.4100, meta={'hardware': 'NVIDIA L20Y', 'device': 'cuda:6', 'correctness_trials': '(5 / 5)', 'reference_timing_ms': 2.14, 'speed_up': 0.628, 'custom_timing': 3.41}
2025-08-08 02:46:05,856 - openevolve.controller - INFO - Saved checkpoint at iteration 6 to openevolve_output/level3_32_ConvolutionalVisionTransformer/checkpoints/checkpoint_6
2025-08-08 02:46:09,324 - openevolve.RemoteSpeedupEvaluator - INFO - [level3_32_ConvolutionalVisionTransformer] triton key words check pass
2025-08-08 02:46:09,324 - openevolve.RemoteSpeedupEvaluator - INFO - [level3_32_ConvolutionalVisionTransformer] verify_plus payload: reference_code(2733 chars) + custom_code(3370 chars)
2025-08-08 02:46:12,613 - openevolve.RemoteSpeedupEvaluator - INFO - [level3_32_ConvolutionalVisionTransformer] verify_plus request success
2025-08-08 02:46:12,613 - openevolve.RemoteSpeedupEvaluator - INFO - [level3_32_ConvolutionalVisionTransformer] verify_plus response: {"id":"level3_32_ConvolutionalVisionTransformer","result":{"compiled":true,"correctness":false,"metadata":{"hardware":"NVIDIA L20Y","device":"cuda:6","max_difference":["3.052749","3.052749","3.052749","3.052749","3.052749"],"avg_difference":["0.662914","0.662914","0.662914","0.662914","0.662914"],"correctness_issue":"Output mismatch","correctness_trials":"(0 / 5)","reference_timing_ms":2.14,"speed_up":-1.0,"custom_timing":-1.0},"runtime":-1.0,"runtime_stats":{}}}
2025-08-08 02:46:12,613 - openevolve.RemoteSpeedupEvaluator - INFO - [level3_32_ConvolutionalVisionTransformer] âœ˜ wrong_answer
2025-08-08 02:46:12,613 - openevolve.evaluator - INFO - Evaluated program 2b1a4bfa-e3fb-4aa3-b830-4161ef6d7297 in 3.29s: compiled=1.0000, correctness=0.0000, score=10.0000, stage=wrong_answer, verify_payload={'id': 'level3_32_ConvolutionalVisionTransformer', 'result': {'compiled': True, 'correctness': False, 'metadata': {'hardware': 'NVIDIA L20Y', 'device': 'cuda:6', 'max_difference': ['3.052749', '3.052749', '3.052749', '3.052749', '3.052749'], 'avg_difference': ['0.662914', '0.662914', '0.662914', '0.662914', '0.662914'], 'correctness_issue': 'Output mismatch', 'correctness_trials': '(0 / 5)', 'reference_timing_ms': 2.14, 'speed_up': -1.0, 'custom_timing': -1.0}, 'runtime': -1.0, 'runtime_stats': {}}}
2025-08-08 02:46:12,616 - openevolve.llm.ensemble - INFO - Sampled model: deepseek
2025-08-08 02:46:12,628 - openevolve.threaded_parallel - INFO - Iteration 5: Program 2b1a4bfa-e3fb-4aa3-b830-4161ef6d7297 (parent: 5c8c1b49-0e6c-409a-a127-384d67a70a5e) completed in 628.22s
2025-08-08 02:46:12,628 - openevolve.threaded_parallel - INFO - Metrics: compiled=1.0000, correctness=0.0000, score=10.0000, stage=wrong_answer, verify_payload={'id': 'level3_32_ConvolutionalVisionTransformer', 'result': {'compiled': True, 'correctness': False, 'metadata': {'hardware': 'NVIDIA L20Y', 'device': 'cuda:6', 'max_difference': ['3.052749', '3.052749', '3.052749', '3.052749', '3.052749'], 'avg_difference': ['0.662914', '0.662914', '0.662914', '0.662914', '0.662914'], 'correctness_issue': 'Output mismatch', 'correctness_trials': '(0 / 5)', 'reference_timing_ms': 2.14, 'speed_up': -1.0, 'custom_timing': -1.0}, 'runtime': -1.0, 'runtime_stats': {}}}
2025-08-08 02:56:04,887 - openevolve.RemoteSpeedupEvaluator - INFO - [level3_32_ConvolutionalVisionTransformer] triton key words check pass
2025-08-08 02:56:04,890 - openevolve.RemoteSpeedupEvaluator - INFO - [level3_32_ConvolutionalVisionTransformer] verify_plus payload: reference_code(2733 chars) + custom_code(3798 chars)
2025-08-08 02:56:08,325 - openevolve.RemoteSpeedupEvaluator - INFO - [level3_32_ConvolutionalVisionTransformer] verify_plus request success
2025-08-08 02:56:08,325 - openevolve.RemoteSpeedupEvaluator - INFO - [level3_32_ConvolutionalVisionTransformer] verify_plus response: {"id":"level3_32_ConvolutionalVisionTransformer","result":{"compiled":true,"correctness":false,"metadata":{"hardware":"NVIDIA L20Y","device":"cuda:4","runtime_error":"Traceback (most recent call last):\n  File \"/home/lijiaxing/.conda/envs/api/lib/python3.10/site-packages/triton/language/core.py\", line 42, in wrapper\n    return fn(*args, **kwargs)\n  File \"/home/lijiaxing/.conda/envs/api/lib/python3.10/site-packages/triton/language/core.py\", line 1654, in arange\n    return _semantic.arange(start, end)\n  File \"/home/lijiaxing/.conda/envs/api/lib/python3.10/site-packages/triton/language/semantic.py\", line 574, in arange\n    raise ValueError(\"arange's arguments must be of type tl.constexpr\")\nValueError: arange's arguments must be of type tl.constexpr\n\nThe above exception was the
2025-08-08 02:56:08,325 - openevolve.RemoteSpeedupEvaluator - INFO - [level3_32_ConvolutionalVisionTransformer] âœ˜ wrong_answer
2025-08-08 02:56:08,325 - openevolve.evaluator - INFO - Evaluated program 3313497a-d79e-4438-8475-a605fa4958b1 in 3.44s: compiled=1.0000, correctness=0.0000, score=10.0000, stage=wrong_answer, verify_payload={'id': 'level3_32_ConvolutionalVisionTransformer', 'result': {'compiled': True, 'correctness': False, 'metadata': {'hardware': 'NVIDIA L20Y', 'device': 'cuda:4', 'runtime_error': 'Traceback (most recent call last):\n  File "/home/lijiaxing/.conda/envs/api/lib/python3.10/site-packages/triton/language/core.py", line 42, in wrapper\n    return fn(*args, **kwargs)\n  File "/home/lijiaxing/.conda/envs/api/lib/python3.10/site-packages/triton/language/core.py", line 1654, in arange\n    return _semantic.arange(start, end)\n  File "/home/lijiaxing/.conda/envs/api/lib/python3.10/site-packages/triton/language/semantic.py", line 574, in arange\n    raise ValueError("arange\'s arguments must be of type tl.constexpr")\nValueError: arange\'s arguments must be of type tl.constexpr\n\nThe above exception was the direct cause of the following exception:\n\nTraceback (most recent call last):\n  File "/cpfs01/shared/llm_kernel/hujiakai/KernelLLM/validation_api_server/helpers/evaluations.py", line 720, in run_and_check_correctness\n    output_new = model_new(*inputs)\n  File "/home/lijiaxing/.conda/envs/api/lib/python3.10/site-packages/torch/nn/modules/module.py", line 1773, in _wrapped_call_impl\n    return self._call_impl(*args, **kwargs)\n  File "/home/lijiaxing/.conda/envs/api/lib/python3.10/site-packages/torch/nn/modules/module.py", line 1784, in _call_impl\n    return forward_call(*args, **kwargs)\n  File "/tmp/tmp1_us0ha1.py", line 81, in forward\n    linear_proj_kernel[grid](\n  File "/home/lijiaxing/.conda/envs/api/lib/python3.10/site-packages/triton/runtime/jit.py", line 390, in <lambda>\n    return lambda *args, **kwargs: self.run(grid=grid, warmup=False, *args, **kwargs)\n  File "/home/lijiaxing/.conda/envs/api/lib/python3.10/site-packages/triton/runtime/jit.py", line 594, in run\n    kernel = self.compile(src, target=target, options=options.__dict__)\n  File "/home/lijiaxing/.conda/envs/api/lib/python3.10/site-packages/triton/compiler/compiler.py", line 339, in compile\n    module = src.make_ir(options, codegen_fns, module_map, context)\n  File "/home/lijiaxing/.conda/envs/api/lib/python3.10/site-packages/triton/compiler/compiler.py", line 83, in make_ir\n    return ast_to_ttir(self.fn, self, context=context, options=options, codegen_fns=codegen_fns,\ntriton.compiler.errors.CompilationError: at 17:30:\n):\n    pid = tl.program_id(0)\n    if pid >= B:\n        return\n\n    off_x = pid * stride_x_batch\n    off_out = pid * embed_dim\n\n    # Process 16 output elements per iteration (vectorized)\n    BLOCK_J = 16\n    for j_block in range(0, embed_dim, BLOCK_J):\n        j_offsets = j_block + tl.arange(0, BLOCK_J)\n                              ^\n\n\nThe above exception was the direct cause of the following exception:\n\nTraceback (most recent call last):\n  File "/home/lijiaxing/.conda/envs/api/lib/python3.10/site-packages/triton/language/core.py", line 42, in wrapper\n    return fn(*args, **kwargs)\n  File "/home/lijiaxing/.conda/envs/api/lib/python3.10/site-packages/triton/language/core.py", line 1654, in arange\n    return _semantic.arange(start, end)\n  File "/home/lijiaxing/.conda/envs/api/lib/python3.10/site-packages/triton/language/semantic.py", line 574, in arange\n    raise ValueError("arange\'s arguments must be of type tl.constexpr")\nValueError: arange\'s arguments must be of type tl.constexpr\n', 'runtime_error_name': 'triton.compiler.errors.CompilationError', 'reference_timing_ms': 2.14, 'speed_up': -1.0, 'custom_timing': -1.0}, 'runtime': -1.0, 'runtime_stats': {}}}
2025-08-08 02:56:08,329 - openevolve.llm.ensemble - INFO - Sampled model: deepseek
2025-08-08 02:56:08,349 - openevolve.threaded_parallel - INFO - Iteration 7: Program 3313497a-d79e-4438-8475-a605fa4958b1 (parent: 86f97c9d-9758-4243-a0ee-4d6f60acb543) completed in 750.75s
2025-08-08 02:56:08,349 - openevolve.threaded_parallel - INFO - Metrics: compiled=1.0000, correctness=0.0000, score=10.0000, stage=wrong_answer, verify_payload={'id': 'level3_32_ConvolutionalVisionTransformer', 'result': {'compiled': True, 'correctness': False, 'metadata': {'hardware': 'NVIDIA L20Y', 'device': 'cuda:4', 'runtime_error': 'Traceback (most recent call last):\n  File "/home/lijiaxing/.conda/envs/api/lib/python3.10/site-packages/triton/language/core.py", line 42, in wrapper\n    return fn(*args, **kwargs)\n  File "/home/lijiaxing/.conda/envs/api/lib/python3.10/site-packages/triton/language/core.py", line 1654, in arange\n    return _semantic.arange(start, end)\n  File "/home/lijiaxing/.conda/envs/api/lib/python3.10/site-packages/triton/language/semantic.py", line 574, in arange\n    raise ValueError("arange\'s arguments must be of type tl.constexpr")\nValueError: arange\'s arguments must be of type tl.constexpr\n\nThe above exception was the direct cause of the following exception:\n\nTraceback (most recent call last):\n  File "/cpfs01/shared/llm_kernel/hujiakai/KernelLLM/validation_api_server/helpers/evaluations.py", line 720, in run_and_check_correctness\n    output_new = model_new(*inputs)\n  File "/home/lijiaxing/.conda/envs/api/lib/python3.10/site-packages/torch/nn/modules/module.py", line 1773, in _wrapped_call_impl\n    return self._call_impl(*args, **kwargs)\n  File "/home/lijiaxing/.conda/envs/api/lib/python3.10/site-packages/torch/nn/modules/module.py", line 1784, in _call_impl\n    return forward_call(*args, **kwargs)\n  File "/tmp/tmp1_us0ha1.py", line 81, in forward\n    linear_proj_kernel[grid](\n  File "/home/lijiaxing/.conda/envs/api/lib/python3.10/site-packages/triton/runtime/jit.py", line 390, in <lambda>\n    return lambda *args, **kwargs: self.run(grid=grid, warmup=False, *args, **kwargs)\n  File "/home/lijiaxing/.conda/envs/api/lib/python3.10/site-packages/triton/runtime/jit.py", line 594, in run\n    kernel = self.compile(src, target=target, options=options.__dict__)\n  File "/home/lijiaxing/.conda/envs/api/lib/python3.10/site-packages/triton/compiler/compiler.py", line 339, in compile\n    module = src.make_ir(options, codegen_fns, module_map, context)\n  File "/home/lijiaxing/.conda/envs/api/lib/python3.10/site-packages/triton/compiler/compiler.py", line 83, in make_ir\n    return ast_to_ttir(self.fn, self, context=context, options=options, codegen_fns=codegen_fns,\ntriton.compiler.errors.CompilationError: at 17:30:\n):\n    pid = tl.program_id(0)\n    if pid >= B:\n        return\n\n    off_x = pid * stride_x_batch\n    off_out = pid * embed_dim\n\n    # Process 16 output elements per iteration (vectorized)\n    BLOCK_J = 16\n    for j_block in range(0, embed_dim, BLOCK_J):\n        j_offsets = j_block + tl.arange(0, BLOCK_J)\n                              ^\n\n\nThe above exception was the direct cause of the following exception:\n\nTraceback (most recent call last):\n  File "/home/lijiaxing/.conda/envs/api/lib/python3.10/site-packages/triton/language/core.py", line 42, in wrapper\n    return fn(*args, **kwargs)\n  File "/home/lijiaxing/.conda/envs/api/lib/python3.10/site-packages/triton/language/core.py", line 1654, in arange\n    return _semantic.arange(start, end)\n  File "/home/lijiaxing/.conda/envs/api/lib/python3.10/site-packages/triton/language/semantic.py", line 574, in arange\n    raise ValueError("arange\'s arguments must be of type tl.constexpr")\nValueError: arange\'s arguments must be of type tl.constexpr\n', 'runtime_error_name': 'triton.compiler.errors.CompilationError', 'reference_timing_ms': 2.14, 'speed_up': -1.0, 'custom_timing': -1.0}, 'runtime': -1.0, 'runtime_stats': {}}}
2025-08-08 02:59:23,818 - openevolve.RemoteSpeedupEvaluator - INFO - [level3_32_ConvolutionalVisionTransformer] triton key words check pass
2025-08-08 02:59:23,820 - openevolve.RemoteSpeedupEvaluator - INFO - [level3_32_ConvolutionalVisionTransformer] verify_plus payload: reference_code(2733 chars) + custom_code(4321 chars)
2025-08-08 02:59:27,281 - openevolve.RemoteSpeedupEvaluator - INFO - [level3_32_ConvolutionalVisionTransformer] verify_plus request success
2025-08-08 02:59:27,281 - openevolve.RemoteSpeedupEvaluator - INFO - [level3_32_ConvolutionalVisionTransformer] verify_plus response: {"id":"level3_32_ConvolutionalVisionTransformer","result":{"compiled":true,"correctness":true,"metadata":{"hardware":"NVIDIA L20Y","device":"cuda:0","correctness_trials":"(5 / 5)","reference_timing_ms":2.14,"speed_up":1.024,"custom_timing":2.09},"runtime":2.09,"runtime_stats":{"mean":2.09,"std":0.0694,"min":1.99,"max":2.3,"num_trials":100,"hardware":"NVIDIA L20Y","device":"cuda:0"}}}
2025-08-08 02:59:27,281 - openevolve.RemoteSpeedupEvaluator - INFO - [level3_32_ConvolutionalVisionTransformer] âœ” success | speed_up=1.024  score=22.40
2025-08-08 02:59:27,282 - openevolve.evaluator - INFO - Evaluated program 54e8578f-33d1-4a5e-a86a-edced35a2ee2 in 3.47s: compiled=1.0000, correctness=1.0000, stage=success, passed=1.0000, score=22.4000, speed_up=1.0240, runtime_ms=2.0900, meta={'hardware': 'NVIDIA L20Y', 'device': 'cuda:0', 'correctness_trials': '(5 / 5)', 'reference_timing_ms': 2.14, 'speed_up': 1.024, 'custom_timing': 2.09}
2025-08-08 02:59:27,285 - openevolve.llm.ensemble - INFO - Sampled model: deepseek
2025-08-08 02:59:27,291 - openevolve.database - INFO - MAP-Elites cell improved: {'score': 9, 'complexity': 9} (fitness: 20.000 -> 22.400)
2025-08-08 02:59:27,292 - openevolve.database - INFO - New best program 54e8578f-33d1-4a5e-a86a-edced35a2ee2 replaces 86f97c9d-9758-4243-a0ee-4d6f60acb543
2025-08-08 02:59:27,305 - openevolve.threaded_parallel - INFO - Iteration 8: Program 54e8578f-33d1-4a5e-a86a-edced35a2ee2 (parent: 5abf82f4-5ef0-4aae-8090-58c221f2baaa) completed in 801.53s
2025-08-08 02:59:27,305 - openevolve.threaded_parallel - INFO - Metrics: compiled=1.0000, correctness=1.0000, stage=success, passed=1.0000, score=22.4000, speed_up=1.0240, runtime_ms=2.0900, meta={'hardware': 'NVIDIA L20Y', 'device': 'cuda:0', 'correctness_trials': '(5 / 5)', 'reference_timing_ms': 2.14, 'speed_up': 1.024, 'custom_timing': 2.09}
2025-08-08 02:59:27,305 - openevolve.threaded_parallel - INFO - ðŸŒŸ New best solution found at iteration 8: 54e8578f-33d1-4a5e-a86a-edced35a2ee2
2025-08-08 03:00:14,926 - openevolve.RemoteSpeedupEvaluator - INFO - [level3_32_ConvolutionalVisionTransformer] triton key words check pass
2025-08-08 03:00:14,928 - openevolve.RemoteSpeedupEvaluator - INFO - [level3_32_ConvolutionalVisionTransformer] verify_plus payload: reference_code(2733 chars) + custom_code(3455 chars)
2025-08-08 03:00:18,312 - openevolve.RemoteSpeedupEvaluator - INFO - [level3_32_ConvolutionalVisionTransformer] verify_plus request success
2025-08-08 03:00:18,312 - openevolve.RemoteSpeedupEvaluator - INFO - [level3_32_ConvolutionalVisionTransformer] verify_plus response: {"id":"level3_32_ConvolutionalVisionTransformer","result":{"error":"CUDA error: an illegal memory access was encountered\nCUDA kernel errors might be asynchronously reported at some other API call, so the stacktrace below might be incorrect.\nFor debugging consider passing CUDA_LAUNCH_BLOCKING=1\nCompile with `TORCH_USE_CUDA_DSA` to enable device-side assertions.\n\nTraceback (most recent call last):\n  File \"/cpfs01/shared/llm_kernel/hujiakai/KernelLLM/validation_api_server/evaluator.py\", line 173, in _verification_worker\n    result: KernelExecResult = eval_kernel_against_ref(\n  File \"/cpfs01/shared/llm_kernel/hujiakai/KernelLLM/validation_api_server/helpers/evaluations.py\", line 578, in eval_kernel_against_ref\n    graceful_eval_cleanup(context, device, tempfile)\n  File \"/cpfs01/
2025-08-08 03:00:18,312 - openevolve.RemoteSpeedupEvaluator - INFO - [level3_32_ConvolutionalVisionTransformer] âœ˜ compile_error
2025-08-08 03:00:18,312 - openevolve.RemoteSpeedupEvaluator - INFO - [level3_32_ConvolutionalVisionTransformer_edeeb6] execute payload: {id:level3_32_ConvolutionalVisionTransformer_edeeb6, device_type:NV_LY_20}
2025-08-08 03:00:20,370 - openevolve.RemoteSpeedupEvaluator - INFO - [level3_32_ConvolutionalVisionTransformer_edeeb6] execute request success
2025-08-08 03:00:20,370 - openevolve.RemoteSpeedupEvaluator - INFO - [level3_32_ConvolutionalVisionTransformer_edeeb6] execute response: {"id":"level3_32_ConvolutionalVisionTransformer_edeeb6","exit_code":"1","content":"[Child] ç»‘å®š GPU 5, torch sees 1 device(s)\n\n[Exception]\nTraceback (most recent call last):\n  File \"/cpfs01/shared/llm_kernel/hujiakai/KernelLLM/validation_api_server/code_executor.py\", line 71, in _exec_worker\n    exec(textwrap.dedent(code_src), mod.__dict__)\n  File \"<string>\", line 9, in <module>\n  File \"/home/lijiaxing/.conda/envs/api/lib/python3.10/site-packages/triton/runtime/jit.py\", line 844, in jit\n    return decorator(fn)\n  File \"/home/lijiaxing/.conda/envs/api/lib/python3.10/site-packages/triton/runtime/jit.py\", line 832, in decorator\n    return JITFunction(\n  File \"/home/lijiaxing/.conda/envs/api/lib/python3.10/site-packages/triton/runtime/jit.py\", line 635, in __init__\n    self
2025-08-08 03:00:20,371 - openevolve.evaluator - INFO - Evaluated program b3922b27-54db-4280-80ee-9277201b2283 in 5.44s: compiled=0.0000, correctness=0.0000, score=1.0000, stage=compile_error, compile_log=CUDA error: an illegal memory access was encountered
CUDA kernel errors might be asynchronously reported at some other API call, so the stacktrace below might be incorrect.
For debugging consider passing CUDA_LAUNCH_BLOCKING=1
Compile with `TORCH_USE_CUDA_DSA` to enable device-side assertions.

Traceback (most recent call last):
  File "/cpfs01/shared/llm_kernel/hujiakai/KernelLLM/validation_api_server/evaluator.py", line 173, in _verification_worker
    result: KernelExecResult = eval_kernel_against_ref(
  File "/cpfs01/shared/llm_kernel/hujiakai/KernelLLM/validation_api_server/helpers/evaluations.py", line 578, in eval_kernel_against_ref
    graceful_eval_cleanup(context, device, tempfile)
  File "/cpfs01/shared/llm_kernel/hujiakai/KernelLLM/validation_api_server/helpers/evaluations.py", line 235, in graceful_eval_cleanup
    torch.cuda.synchronize(
  File "/home/lijiaxing/.conda/envs/api/lib/python3.10/site-packages/torch/cuda/__init__.py", line 1085, in synchronize
    return torch._C._cuda_synchronize()
torch.AcceleratorError: CUDA error: an illegal memory access was encountered
CUDA kernel errors might be asynchronously reported at some other API call, so the stacktrace below might be incorrect.
For debugging consider passing CUDA_LAUNCH_BLOCKING=1
Compile with `TORCH_USE_CUDA_DSA` to enable device-side assertions.

, exec_log=[Child] ç»‘å®š GPU 5, torch sees 1 device(s)

[Exception]
Traceback (most recent call last):
  File "/cpfs01/shared/llm_kernel/hujiakai/KernelLLM/validation_api_server/code_executor.py", line 71, in _exec_worker
    exec(textwrap.dedent(code_src), mod.__dict__)
  File "<string>", line 9, in <module>
  File "/home/lijiaxing/.conda/envs/api/lib/python3.10/site-packages/triton/runtime/jit.py", line 844, in jit
    return decorator(fn)
  File "/home/lijiaxing/.conda/envs/api/lib/python3.10/site-packages/triton/runtime/jit.py", line 832, in decorator
    return JITFunction(
  File "/home/lijiaxing/.conda/envs/api/lib/python3.10/site-packages/triton/runtime/jit.py", line 635, in __init__
    self.starting_line_number = inspect.getsourcelines(fn)[1]
  File "/home/lijiaxing/.conda/envs/api/lib/python3.10/inspect.py", line 1121, in getsourcelines
    lines, lnum = findsource(object)
  File "/home/lijiaxing/.conda/envs/api/lib/python3.10/inspect.py", line 958, in findsource
    raise OSError('could not get source code')
OSError: could not get source code
, exit_code=1
2025-08-08 03:00:20,374 - openevolve.database - INFO - New MAP-Elites cell occupied: {'score': 9, 'complexity': 7}
2025-08-08 03:00:20,375 - openevolve.llm.ensemble - INFO - Sampled model: deepseek
2025-08-08 03:00:20,387 - openevolve.threaded_parallel - INFO - Iteration 9: Program b3922b27-54db-4280-80ee-9277201b2283 (parent: a6631707-513c-4ff5-9ebc-345471d6ce0d) completed in 847.75s
2025-08-08 03:00:20,387 - openevolve.threaded_parallel - INFO - Metrics: compiled=0.0000, correctness=0.0000, score=1.0000, stage=compile_error, compile_log=CUDA error: an illegal memory access was encountered
CUDA kernel errors might be asynchronously reported at some other API call, so the stacktrace below might be incorrect.
For debugging consider passing CUDA_LAUNCH_BLOCKING=1
Compile with `TORCH_USE_CUDA_DSA` to enable device-side assertions.

Traceback (most recent call last):
  File "/cpfs01/shared/llm_kernel/hujiakai/KernelLLM/validation_api_server/evaluator.py", line 173, in _verification_worker
    result: KernelExecResult = eval_kernel_against_ref(
  File "/cpfs01/shared/llm_kernel/hujiakai/KernelLLM/validation_api_server/helpers/evaluations.py", line 578, in eval_kernel_against_ref
    graceful_eval_cleanup(context, device, tempfile)
  File "/cpfs01/shared/llm_kernel/hujiakai/KernelLLM/validation_api_server/helpers/evaluations.py", line 235, in graceful_eval_cleanup
    torch.cuda.synchronize(
  File "/home/lijiaxing/.conda/envs/api/lib/python3.10/site-packages/torch/cuda/__init__.py", line 1085, in synchronize
    return torch._C._cuda_synchronize()
torch.AcceleratorError: CUDA error: an illegal memory access was encountered
CUDA kernel errors might be asynchronously reported at some other API call, so the stacktrace below might be incorrect.
For debugging consider passing CUDA_LAUNCH_BLOCKING=1
Compile with `TORCH_USE_CUDA_DSA` to enable device-side assertions.

, exec_log=[Child] ç»‘å®š GPU 5, torch sees 1 device(s)

[Exception]
Traceback (most recent call last):
  File "/cpfs01/shared/llm_kernel/hujiakai/KernelLLM/validation_api_server/code_executor.py", line 71, in _exec_worker
    exec(textwrap.dedent(code_src), mod.__dict__)
  File "<string>", line 9, in <module>
  File "/home/lijiaxing/.conda/envs/api/lib/python3.10/site-packages/triton/runtime/jit.py", line 844, in jit
    return decorator(fn)
  File "/home/lijiaxing/.conda/envs/api/lib/python3.10/site-packages/triton/runtime/jit.py", line 832, in decorator
    return JITFunction(
  File "/home/lijiaxing/.conda/envs/api/lib/python3.10/site-packages/triton/runtime/jit.py", line 635, in __init__
    self.starting_line_number = inspect.getsourcelines(fn)[1]
  File "/home/lijiaxing/.conda/envs/api/lib/python3.10/inspect.py", line 1121, in getsourcelines
    lines, lnum = findsource(object)
  File "/home/lijiaxing/.conda/envs/api/lib/python3.10/inspect.py", line 958, in findsource
    raise OSError('could not get source code')
OSError: could not get source code
, exit_code=1
2025-08-08 03:00:20,387 - openevolve.threaded_parallel - INFO - Checkpoint interval reached at iteration 9
2025-08-08 03:00:20,389 - openevolve.database - INFO - Island Status:
2025-08-08 03:00:20,389 - openevolve.database - INFO -    Island 0: 5 programs, best=22.4000, avg=-35.3200, diversity=1091.17, gen=3 (best: 54e8578f-33d1-4a5e-a86a-edced35a2ee2)
2025-08-08 03:00:20,389 - openevolve.database - INFO -    Island 1: 4 programs, best=20.0000, avg=-17.2500, diversity=697.55, gen=4 (best: 86f97c9d-9758-4243-a0ee-4d6f60acb543)
2025-08-08 03:00:20,389 - openevolve.database - INFO -  * Island 2: 3 programs, best=20.0000, avg=10.3333, diversity=200.13, gen=3 (best: 3313497a-d79e-4438-8475-a605fa4958b1)
2025-08-08 03:00:20,515 - openevolve.database - INFO - Saved database with 11 programs to openevolve_output/level3_32_ConvolutionalVisionTransformer/checkpoints/checkpoint_9
2025-08-08 03:00:20,531 - openevolve.controller - INFO - Saved best program at checkpoint 9 with metrics: compiled=1.0000, correctness=1.0000, stage=success, passed=1.0000, score=22.4000, speed_up=1.0240, runtime_ms=2.0900, meta={'hardware': 'NVIDIA L20Y', 'device': 'cuda:0', 'correctness_trials': '(5 / 5)', 'reference_timing_ms': 2.14, 'speed_up': 1.024, 'custom_timing': 2.09}
2025-08-08 03:00:20,531 - openevolve.controller - INFO - Saved checkpoint at iteration 9 to openevolve_output/level3_32_ConvolutionalVisionTransformer/checkpoints/checkpoint_9
2025-08-08 03:05:37,368 - openevolve.RemoteSpeedupEvaluator - INFO - [level3_32_ConvolutionalVisionTransformer] triton key words check pass
2025-08-08 03:05:37,370 - openevolve.RemoteSpeedupEvaluator - INFO - [level3_32_ConvolutionalVisionTransformer] verify_plus payload: reference_code(2733 chars) + custom_code(3050 chars)
2025-08-08 03:05:41,106 - openevolve.RemoteSpeedupEvaluator - INFO - [level3_32_ConvolutionalVisionTransformer] verify_plus request success
2025-08-08 03:05:41,106 - openevolve.RemoteSpeedupEvaluator - INFO - [level3_32_ConvolutionalVisionTransformer] verify_plus response: {"id":"level3_32_ConvolutionalVisionTransformer","result":{"compiled":true,"correctness":true,"metadata":{"hardware":"NVIDIA L20Y","device":"cuda:7","correctness_trials":"(5 / 5)","reference_timing_ms":2.14,"speed_up":0.977,"custom_timing":2.19},"runtime":2.19,"runtime_stats":{"mean":2.19,"std":0.0315,"min":2.13,"max":2.26,"num_trials":100,"hardware":"NVIDIA L20Y","device":"cuda:7"}}}
2025-08-08 03:05:41,107 - openevolve.RemoteSpeedupEvaluator - INFO - [level3_32_ConvolutionalVisionTransformer] âœ” success | speed_up=0.977  score=20.00
2025-08-08 03:05:41,107 - openevolve.evaluator - INFO - Evaluated program bd7052b8-913b-4688-a1c3-bc191faf4394 in 3.74s: compiled=1.0000, correctness=1.0000, stage=success, passed=0.0000, score=20.0000, speed_up=0.9770, runtime_ms=2.1900, meta={'hardware': 'NVIDIA L20Y', 'device': 'cuda:7', 'correctness_trials': '(5 / 5)', 'reference_timing_ms': 2.14, 'speed_up': 0.977, 'custom_timing': 2.19}
2025-08-08 03:05:41,110 - openevolve.database - INFO - MAP-Elites cell improved: {'score': 9, 'complexity': 7} (fitness: 1.000 -> 20.000)
2025-08-08 03:05:41,110 - openevolve.llm.ensemble - INFO - Sampled model: deepseek
2025-08-08 03:05:41,122 - openevolve.threaded_parallel - INFO - Iteration 10: Program bd7052b8-913b-4688-a1c3-bc191faf4394 (parent: 86f97c9d-9758-4243-a0ee-4d6f60acb543) completed in 572.78s
2025-08-08 03:05:41,122 - openevolve.threaded_parallel - INFO - Metrics: compiled=1.0000, correctness=1.0000, stage=success, passed=0.0000, score=20.0000, speed_up=0.9770, runtime_ms=2.1900, meta={'hardware': 'NVIDIA L20Y', 'device': 'cuda:7', 'correctness_trials': '(5 / 5)', 'reference_timing_ms': 2.14, 'speed_up': 0.977, 'custom_timing': 2.19}
2025-08-08 03:09:36,726 - openevolve.RemoteSpeedupEvaluator - INFO - [level3_32_ConvolutionalVisionTransformer] triton key words check pass
2025-08-08 03:09:36,729 - openevolve.RemoteSpeedupEvaluator - INFO - [level3_32_ConvolutionalVisionTransformer] verify_plus payload: reference_code(2733 chars) + custom_code(3581 chars)
2025-08-08 03:09:40,699 - openevolve.RemoteSpeedupEvaluator - INFO - [level3_32_ConvolutionalVisionTransformer] verify_plus request success
2025-08-08 03:09:40,700 - openevolve.RemoteSpeedupEvaluator - INFO - [level3_32_ConvolutionalVisionTransformer] verify_plus response: {"id":"level3_32_ConvolutionalVisionTransformer","result":{"compiled":true,"correctness":true,"metadata":{"hardware":"NVIDIA L20Y","device":"cuda:1","correctness_trials":"(5 / 5)","reference_timing_ms":2.14,"speed_up":0.995,"custom_timing":2.15},"runtime":2.15,"runtime_stats":{"mean":2.15,"std":0.0385,"min":2.09,"max":2.35,"num_trials":100,"hardware":"NVIDIA L20Y","device":"cuda:1"}}}
2025-08-08 03:09:40,700 - openevolve.RemoteSpeedupEvaluator - INFO - [level3_32_ConvolutionalVisionTransformer] âœ” success | speed_up=0.995  score=20.00
2025-08-08 03:09:40,700 - openevolve.evaluator - INFO - Evaluated program 1635cb7e-83fa-4d57-8584-21f409851015 in 3.98s: compiled=1.0000, correctness=1.0000, stage=success, passed=0.0000, score=20.0000, speed_up=0.9950, runtime_ms=2.1500, meta={'hardware': 'NVIDIA L20Y', 'device': 'cuda:1', 'correctness_trials': '(5 / 5)', 'reference_timing_ms': 2.14, 'speed_up': 0.995, 'custom_timing': 2.15}
2025-08-08 03:09:40,701 - openevolve.database - INFO - New MAP-Elites cell occupied: {'score': 9, 'complexity': 8}
2025-08-08 03:09:40,703 - openevolve.llm.ensemble - INFO - Sampled model: deepseek
2025-08-08 03:09:40,715 - openevolve.threaded_parallel - INFO - Iteration 12: Program 1635cb7e-83fa-4d57-8584-21f409851015 (parent: a6631707-513c-4ff5-9ebc-345471d6ce0d) completed in 560.33s
2025-08-08 03:09:40,715 - openevolve.threaded_parallel - INFO - Metrics: compiled=1.0000, correctness=1.0000, stage=success, passed=0.0000, score=20.0000, speed_up=0.9950, runtime_ms=2.1500, meta={'hardware': 'NVIDIA L20Y', 'device': 'cuda:1', 'correctness_trials': '(5 / 5)', 'reference_timing_ms': 2.14, 'speed_up': 0.995, 'custom_timing': 2.15}
2025-08-08 03:09:40,715 - openevolve.threaded_parallel - INFO - Checkpoint interval reached at iteration 12
2025-08-08 03:09:40,716 - openevolve.database - INFO - Island Status:
2025-08-08 03:09:40,716 - openevolve.database - INFO -    Island 0: 6 programs, best=22.4000, avg=-26.1000, diversity=985.75, gen=4 (best: 54e8578f-33d1-4a5e-a86a-edced35a2ee2)
2025-08-08 03:09:40,716 - openevolve.database - INFO -  * Island 1: 4 programs, best=20.0000, avg=-17.2500, diversity=697.55, gen=5 (best: 86f97c9d-9758-4243-a0ee-4d6f60acb543)
2025-08-08 03:09:40,717 - openevolve.database - INFO -    Island 2: 4 programs, best=20.0000, avg=12.7500, diversity=184.52, gen=3 (best: bd7052b8-913b-4688-a1c3-bc191faf4394)
2025-08-08 03:09:40,859 - openevolve.database - INFO - Saved database with 13 programs to openevolve_output/level3_32_ConvolutionalVisionTransformer/checkpoints/checkpoint_12
2025-08-08 03:09:40,875 - openevolve.controller - INFO - Saved best program at checkpoint 12 with metrics: compiled=1.0000, correctness=1.0000, stage=success, passed=1.0000, score=22.4000, speed_up=1.0240, runtime_ms=2.0900, meta={'hardware': 'NVIDIA L20Y', 'device': 'cuda:0', 'correctness_trials': '(5 / 5)', 'reference_timing_ms': 2.14, 'speed_up': 1.024, 'custom_timing': 2.09}
2025-08-08 03:09:40,875 - openevolve.controller - INFO - Saved checkpoint at iteration 12 to openevolve_output/level3_32_ConvolutionalVisionTransformer/checkpoints/checkpoint_12
2025-08-08 03:11:04,697 - openevolve.RemoteSpeedupEvaluator - INFO - [level3_32_ConvolutionalVisionTransformer] triton key words check pass
2025-08-08 03:11:04,699 - openevolve.RemoteSpeedupEvaluator - INFO - [level3_32_ConvolutionalVisionTransformer] verify_plus payload: reference_code(2733 chars) + custom_code(3797 chars)
2025-08-08 03:11:08,068 - openevolve.RemoteSpeedupEvaluator - INFO - [level3_32_ConvolutionalVisionTransformer] verify_plus request success
2025-08-08 03:11:08,068 - openevolve.RemoteSpeedupEvaluator - INFO - [level3_32_ConvolutionalVisionTransformer] verify_plus response: {"id":"level3_32_ConvolutionalVisionTransformer","result":{"compiled":true,"correctness":false,"metadata":{"hardware":"NVIDIA L20Y","device":"cuda:6","runtime_error":"Traceback (most recent call last):\n  File \"/home/lijiaxing/.conda/envs/api/lib/python3.10/site-packages/triton/language/core.py\", line 42, in wrapper\n    return fn(*args, **kwargs)\n  File \"/home/lijiaxing/.conda/envs/api/lib/python3.10/site-packages/triton/language/core.py\", line 1654, in arange\n    return _semantic.arange(start, end)\n  File \"/home/lijiaxing/.conda/envs/api/lib/python3.10/site-packages/triton/language/semantic.py\", line 574, in arange\n    raise ValueError(\"arange's arguments must be of type tl.constexpr\")\nValueError: arange's arguments must be of type tl.constexpr\n\nThe above exception was the
2025-08-08 03:11:08,069 - openevolve.RemoteSpeedupEvaluator - INFO - [level3_32_ConvolutionalVisionTransformer] âœ˜ wrong_answer
2025-08-08 03:11:08,069 - openevolve.evaluator - INFO - Evaluated program 4a4bf844-8161-4280-a75a-aeb573aa9211 in 3.37s: compiled=1.0000, correctness=0.0000, score=10.0000, stage=wrong_answer, verify_payload={'id': 'level3_32_ConvolutionalVisionTransformer', 'result': {'compiled': True, 'correctness': False, 'metadata': {'hardware': 'NVIDIA L20Y', 'device': 'cuda:6', 'runtime_error': 'Traceback (most recent call last):\n  File "/home/lijiaxing/.conda/envs/api/lib/python3.10/site-packages/triton/language/core.py", line 42, in wrapper\n    return fn(*args, **kwargs)\n  File "/home/lijiaxing/.conda/envs/api/lib/python3.10/site-packages/triton/language/core.py", line 1654, in arange\n    return _semantic.arange(start, end)\n  File "/home/lijiaxing/.conda/envs/api/lib/python3.10/site-packages/triton/language/semantic.py", line 574, in arange\n    raise ValueError("arange\'s arguments must be of type tl.constexpr")\nValueError: arange\'s arguments must be of type tl.constexpr\n\nThe above exception was the direct cause of the following exception:\n\nTraceback (most recent call last):\n  File "/cpfs01/shared/llm_kernel/hujiakai/KernelLLM/validation_api_server/helpers/evaluations.py", line 720, in run_and_check_correctness\n    output_new = model_new(*inputs)\n  File "/home/lijiaxing/.conda/envs/api/lib/python3.10/site-packages/torch/nn/modules/module.py", line 1773, in _wrapped_call_impl\n    return self._call_impl(*args, **kwargs)\n  File "/home/lijiaxing/.conda/envs/api/lib/python3.10/site-packages/torch/nn/modules/module.py", line 1784, in _call_impl\n    return forward_call(*args, **kwargs)\n  File "/tmp/tmpwhq0l4qf.py", line 81, in forward\n    linear_proj_kernel[grid](\n  File "/home/lijiaxing/.conda/envs/api/lib/python3.10/site-packages/triton/runtime/jit.py", line 390, in <lambda>\n    return lambda *args, **kwargs: self.run(grid=grid, warmup=False, *args, **kwargs)\n  File "/home/lijiaxing/.conda/envs/api/lib/python3.10/site-packages/triton/runtime/jit.py", line 594, in run\n    kernel = self.compile(src, target=target, options=options.__dict__)\n  File "/home/lijiaxing/.conda/envs/api/lib/python3.10/site-packages/triton/compiler/compiler.py", line 339, in compile\n    module = src.make_ir(options, codegen_fns, module_map, context)\n  File "/home/lijiaxing/.conda/envs/api/lib/python3.10/site-packages/triton/compiler/compiler.py", line 83, in make_ir\n    return ast_to_ttir(self.fn, self, context=context, options=options, codegen_fns=codegen_fns,\ntriton.compiler.errors.CompilationError: at 17:30:\n):\n    pid = tl.program_id(0)\n    if pid >= B:\n        return\n\n    off_x = pid * stride_x_batch\n    off_out = pid * embed_dim\n\n    # Vectorized output processing (16 elements at a time)\n    BLOCK_J = 16\n    for j_block in range(0, embed_dim, BLOCK_J):\n        j_offsets = j_block + tl.arange(0, BLOCK_J)\n                              ^\n\n\nThe above exception was the direct cause of the following exception:\n\nTraceback (most recent call last):\n  File "/home/lijiaxing/.conda/envs/api/lib/python3.10/site-packages/triton/language/core.py", line 42, in wrapper\n    return fn(*args, **kwargs)\n  File "/home/lijiaxing/.conda/envs/api/lib/python3.10/site-packages/triton/language/core.py", line 1654, in arange\n    return _semantic.arange(start, end)\n  File "/home/lijiaxing/.conda/envs/api/lib/python3.10/site-packages/triton/language/semantic.py", line 574, in arange\n    raise ValueError("arange\'s arguments must be of type tl.constexpr")\nValueError: arange\'s arguments must be of type tl.constexpr\n', 'runtime_error_name': 'triton.compiler.errors.CompilationError', 'reference_timing_ms': 2.14, 'speed_up': -1.0, 'custom_timing': -1.0}, 'runtime': -1.0, 'runtime_stats': {}}}
2025-08-08 03:11:08,072 - openevolve.llm.ensemble - INFO - Sampled model: deepseek
2025-08-08 03:11:08,085 - openevolve.threaded_parallel - INFO - Iteration 13: Program 4a4bf844-8161-4280-a75a-aeb573aa9211 (parent: 86f97c9d-9758-4243-a0ee-4d6f60acb543) completed in 326.96s
2025-08-08 03:11:08,085 - openevolve.threaded_parallel - INFO - Metrics: compiled=1.0000, correctness=0.0000, score=10.0000, stage=wrong_answer, verify_payload={'id': 'level3_32_ConvolutionalVisionTransformer', 'result': {'compiled': True, 'correctness': False, 'metadata': {'hardware': 'NVIDIA L20Y', 'device': 'cuda:6', 'runtime_error': 'Traceback (most recent call last):\n  File "/home/lijiaxing/.conda/envs/api/lib/python3.10/site-packages/triton/language/core.py", line 42, in wrapper\n    return fn(*args, **kwargs)\n  File "/home/lijiaxing/.conda/envs/api/lib/python3.10/site-packages/triton/language/core.py", line 1654, in arange\n    return _semantic.arange(start, end)\n  File "/home/lijiaxing/.conda/envs/api/lib/python3.10/site-packages/triton/language/semantic.py", line 574, in arange\n    raise ValueError("arange\'s arguments must be of type tl.constexpr")\nValueError: arange\'s arguments must be of type tl.constexpr\n\nThe above exception was the direct cause of the following exception:\n\nTraceback (most recent call last):\n  File "/cpfs01/shared/llm_kernel/hujiakai/KernelLLM/validation_api_server/helpers/evaluations.py", line 720, in run_and_check_correctness\n    output_new = model_new(*inputs)\n  File "/home/lijiaxing/.conda/envs/api/lib/python3.10/site-packages/torch/nn/modules/module.py", line 1773, in _wrapped_call_impl\n    return self._call_impl(*args, **kwargs)\n  File "/home/lijiaxing/.conda/envs/api/lib/python3.10/site-packages/torch/nn/modules/module.py", line 1784, in _call_impl\n    return forward_call(*args, **kwargs)\n  File "/tmp/tmpwhq0l4qf.py", line 81, in forward\n    linear_proj_kernel[grid](\n  File "/home/lijiaxing/.conda/envs/api/lib/python3.10/site-packages/triton/runtime/jit.py", line 390, in <lambda>\n    return lambda *args, **kwargs: self.run(grid=grid, warmup=False, *args, **kwargs)\n  File "/home/lijiaxing/.conda/envs/api/lib/python3.10/site-packages/triton/runtime/jit.py", line 594, in run\n    kernel = self.compile(src, target=target, options=options.__dict__)\n  File "/home/lijiaxing/.conda/envs/api/lib/python3.10/site-packages/triton/compiler/compiler.py", line 339, in compile\n    module = src.make_ir(options, codegen_fns, module_map, context)\n  File "/home/lijiaxing/.conda/envs/api/lib/python3.10/site-packages/triton/compiler/compiler.py", line 83, in make_ir\n    return ast_to_ttir(self.fn, self, context=context, options=options, codegen_fns=codegen_fns,\ntriton.compiler.errors.CompilationError: at 17:30:\n):\n    pid = tl.program_id(0)\n    if pid >= B:\n        return\n\n    off_x = pid * stride_x_batch\n    off_out = pid * embed_dim\n\n    # Vectorized output processing (16 elements at a time)\n    BLOCK_J = 16\n    for j_block in range(0, embed_dim, BLOCK_J):\n        j_offsets = j_block + tl.arange(0, BLOCK_J)\n                              ^\n\n\nThe above exception was the direct cause of the following exception:\n\nTraceback (most recent call last):\n  File "/home/lijiaxing/.conda/envs/api/lib/python3.10/site-packages/triton/language/core.py", line 42, in wrapper\n    return fn(*args, **kwargs)\n  File "/home/lijiaxing/.conda/envs/api/lib/python3.10/site-packages/triton/language/core.py", line 1654, in arange\n    return _semantic.arange(start, end)\n  File "/home/lijiaxing/.conda/envs/api/lib/python3.10/site-packages/triton/language/semantic.py", line 574, in arange\n    raise ValueError("arange\'s arguments must be of type tl.constexpr")\nValueError: arange\'s arguments must be of type tl.constexpr\n', 'runtime_error_name': 'triton.compiler.errors.CompilationError', 'reference_timing_ms': 2.14, 'speed_up': -1.0, 'custom_timing': -1.0}, 'runtime': -1.0, 'runtime_stats': {}}}
2025-08-08 03:11:37,980 - openevolve.RemoteSpeedupEvaluator - INFO - [level3_32_ConvolutionalVisionTransformer] triton key words check pass
2025-08-08 03:11:37,982 - openevolve.RemoteSpeedupEvaluator - INFO - [level3_32_ConvolutionalVisionTransformer] verify_plus payload: reference_code(2733 chars) + custom_code(4805 chars)
2025-08-08 03:11:40,827 - openevolve.RemoteSpeedupEvaluator - INFO - [level3_32_ConvolutionalVisionTransformer] verify_plus request success
2025-08-08 03:11:40,828 - openevolve.RemoteSpeedupEvaluator - INFO - [level3_32_ConvolutionalVisionTransformer] verify_plus response: {"id":"level3_32_ConvolutionalVisionTransformer","result":{"compiled":true,"correctness":false,"metadata":{"hardware":"NVIDIA L20Y","device":"cuda:2","runtime_error":"Traceback (most recent call last):\n  File \"/cpfs01/shared/llm_kernel/hujiakai/KernelLLM/validation_api_server/helpers/evaluations.py\", line 720, in run_and_check_correctness\n    output_new = model_new(*inputs)\n  File \"/home/lijiaxing/.conda/envs/api/lib/python3.10/site-packages/torch/nn/modules/module.py\", line 1773, in _wrapped_call_impl\n    return self._call_impl(*args, **kwargs)\n  File \"/home/lijiaxing/.conda/envs/api/lib/python3.10/site-packages/torch/nn/modules/module.py\", line 1784, in _call_impl\n    return forward_call(*args, **kwargs)\n  File \"/tmp/tmph6ut4qg1.py\", line 107, in forward\n    x = triton_li
2025-08-08 03:11:40,828 - openevolve.RemoteSpeedupEvaluator - INFO - [level3_32_ConvolutionalVisionTransformer] âœ˜ wrong_answer
2025-08-08 03:11:40,828 - openevolve.evaluator - INFO - Evaluated program c6c3cb07-6b48-4a1b-84c8-63acc2f351d4 in 2.85s: compiled=1.0000, correctness=0.0000, score=10.0000, stage=wrong_answer, verify_payload={'id': 'level3_32_ConvolutionalVisionTransformer', 'result': {'compiled': True, 'correctness': False, 'metadata': {'hardware': 'NVIDIA L20Y', 'device': 'cuda:2', 'runtime_error': 'Traceback (most recent call last):\n  File "/cpfs01/shared/llm_kernel/hujiakai/KernelLLM/validation_api_server/helpers/evaluations.py", line 720, in run_and_check_correctness\n    output_new = model_new(*inputs)\n  File "/home/lijiaxing/.conda/envs/api/lib/python3.10/site-packages/torch/nn/modules/module.py", line 1773, in _wrapped_call_impl\n    return self._call_impl(*args, **kwargs)\n  File "/home/lijiaxing/.conda/envs/api/lib/python3.10/site-packages/torch/nn/modules/module.py", line 1784, in _call_impl\n    return forward_call(*args, **kwargs)\n  File "/tmp/tmph6ut4qg1.py", line 107, in forward\n    x = triton_linear(x, self.linear_weight.t(), self.linear_bias)\n  File "/tmp/tmph6ut4qg1.py", line 60, in triton_linear\n    assert K == K_, "Incompatible dimensions"\nAssertionError: Incompatible dimensions\n', 'runtime_error_name': 'builtins.AssertionError', 'reference_timing_ms': 2.14, 'speed_up': -1.0, 'custom_timing': -1.0}, 'runtime': -1.0, 'runtime_stats': {}}}
2025-08-08 03:11:40,832 - openevolve.llm.ensemble - INFO - Sampled model: deepseek
2025-08-08 03:11:40,851 - openevolve.threaded_parallel - INFO - Iteration 11: Program c6c3cb07-6b48-4a1b-84c8-63acc2f351d4 (parent: 694d2ece-c660-4511-a1e5-25b7ceabcfa1) completed in 733.54s
2025-08-08 03:11:40,851 - openevolve.threaded_parallel - INFO - Metrics: compiled=1.0000, correctness=0.0000, score=10.0000, stage=wrong_answer, verify_payload={'id': 'level3_32_ConvolutionalVisionTransformer', 'result': {'compiled': True, 'correctness': False, 'metadata': {'hardware': 'NVIDIA L20Y', 'device': 'cuda:2', 'runtime_error': 'Traceback (most recent call last):\n  File "/cpfs01/shared/llm_kernel/hujiakai/KernelLLM/validation_api_server/helpers/evaluations.py", line 720, in run_and_check_correctness\n    output_new = model_new(*inputs)\n  File "/home/lijiaxing/.conda/envs/api/lib/python3.10/site-packages/torch/nn/modules/module.py", line 1773, in _wrapped_call_impl\n    return self._call_impl(*args, **kwargs)\n  File "/home/lijiaxing/.conda/envs/api/lib/python3.10/site-packages/torch/nn/modules/module.py", line 1784, in _call_impl\n    return forward_call(*args, **kwargs)\n  File "/tmp/tmph6ut4qg1.py", line 107, in forward\n    x = triton_linear(x, self.linear_weight.t(), self.linear_bias)\n  File "/tmp/tmph6ut4qg1.py", line 60, in triton_linear\n    assert K == K_, "Incompatible dimensions"\nAssertionError: Incompatible dimensions\n', 'runtime_error_name': 'builtins.AssertionError', 'reference_timing_ms': 2.14, 'speed_up': -1.0, 'custom_timing': -1.0}, 'runtime': -1.0, 'runtime_stats': {}}}
2025-08-08 03:15:28,804 - openevolve.RemoteSpeedupEvaluator - INFO - [level3_32_ConvolutionalVisionTransformer] triton key words check pass
2025-08-08 03:15:28,805 - openevolve.RemoteSpeedupEvaluator - INFO - [level3_32_ConvolutionalVisionTransformer] verify_plus payload: reference_code(2733 chars) + custom_code(3372 chars)
2025-08-08 03:15:32,336 - openevolve.RemoteSpeedupEvaluator - INFO - [level3_32_ConvolutionalVisionTransformer] verify_plus request success
2025-08-08 03:15:32,336 - openevolve.RemoteSpeedupEvaluator - INFO - [level3_32_ConvolutionalVisionTransformer] verify_plus response: {"id":"level3_32_ConvolutionalVisionTransformer","result":{"compiled":true,"correctness":false,"metadata":{"hardware":"NVIDIA L20Y","device":"cuda:5","max_difference":["3.052749","3.052749","3.052749","3.052749","3.052749"],"avg_difference":["0.662914","0.662914","0.662914","0.662914","0.662914"],"correctness_issue":"Output mismatch","correctness_trials":"(0 / 5)","reference_timing_ms":2.14,"speed_up":-1.0,"custom_timing":-1.0},"runtime":-1.0,"runtime_stats":{}}}
2025-08-08 03:15:32,337 - openevolve.RemoteSpeedupEvaluator - INFO - [level3_32_ConvolutionalVisionTransformer] âœ˜ wrong_answer
2025-08-08 03:15:32,337 - openevolve.evaluator - INFO - Evaluated program 2d093d35-3489-460d-97f6-ec5a98d13d4e in 3.53s: compiled=1.0000, correctness=0.0000, score=10.0000, stage=wrong_answer, verify_payload={'id': 'level3_32_ConvolutionalVisionTransformer', 'result': {'compiled': True, 'correctness': False, 'metadata': {'hardware': 'NVIDIA L20Y', 'device': 'cuda:5', 'max_difference': ['3.052749', '3.052749', '3.052749', '3.052749', '3.052749'], 'avg_difference': ['0.662914', '0.662914', '0.662914', '0.662914', '0.662914'], 'correctness_issue': 'Output mismatch', 'correctness_trials': '(0 / 5)', 'reference_timing_ms': 2.14, 'speed_up': -1.0, 'custom_timing': -1.0}, 'runtime': -1.0, 'runtime_stats': {}}}
2025-08-08 03:15:32,341 - openevolve.llm.ensemble - INFO - Sampled model: deepseek
2025-08-08 03:15:32,348 - openevolve.database - INFO - New MAP-Elites cell occupied: {'score': 9, 'complexity': 6}
2025-08-08 03:15:32,360 - openevolve.threaded_parallel - INFO - Iteration 15: Program 2d093d35-3489-460d-97f6-ec5a98d13d4e (parent: 2b1a4bfa-e3fb-4aa3-b830-4161ef6d7297) completed in 264.27s
2025-08-08 03:15:32,360 - openevolve.threaded_parallel - INFO - Metrics: compiled=1.0000, correctness=0.0000, score=10.0000, stage=wrong_answer, verify_payload={'id': 'level3_32_ConvolutionalVisionTransformer', 'result': {'compiled': True, 'correctness': False, 'metadata': {'hardware': 'NVIDIA L20Y', 'device': 'cuda:5', 'max_difference': ['3.052749', '3.052749', '3.052749', '3.052749', '3.052749'], 'avg_difference': ['0.662914', '0.662914', '0.662914', '0.662914', '0.662914'], 'correctness_issue': 'Output mismatch', 'correctness_trials': '(0 / 5)', 'reference_timing_ms': 2.14, 'speed_up': -1.0, 'custom_timing': -1.0}, 'runtime': -1.0, 'runtime_stats': {}}}
2025-08-08 03:15:32,360 - openevolve.threaded_parallel - INFO - Checkpoint interval reached at iteration 15
2025-08-08 03:15:32,361 - openevolve.database - INFO - Island Status:
2025-08-08 03:15:32,361 - openevolve.database - INFO -    Island 0: 7 programs, best=22.4000, avg=-20.9429, diversity=791.15, gen=5 (best: 54e8578f-33d1-4a5e-a86a-edced35a2ee2)
2025-08-08 03:15:32,361 - openevolve.database - INFO -  * Island 1: 5 programs, best=20.0000, avg=-11.8000, diversity=563.08, gen=6 (best: 86f97c9d-9758-4243-a0ee-4d6f60acb543)
2025-08-08 03:15:32,361 - openevolve.database - INFO -    Island 2: 5 programs, best=20.0000, avg=12.2000, diversity=224.12, gen=4 (best: bd7052b8-913b-4688-a1c3-bc191faf4394)
2025-08-08 03:15:32,539 - openevolve.database - INFO - Saved database with 16 programs to openevolve_output/level3_32_ConvolutionalVisionTransformer/checkpoints/checkpoint_15
2025-08-08 03:15:32,554 - openevolve.controller - INFO - Saved best program at checkpoint 15 with metrics: compiled=1.0000, correctness=1.0000, stage=success, passed=1.0000, score=22.4000, speed_up=1.0240, runtime_ms=2.0900, meta={'hardware': 'NVIDIA L20Y', 'device': 'cuda:0', 'correctness_trials': '(5 / 5)', 'reference_timing_ms': 2.14, 'speed_up': 1.024, 'custom_timing': 2.09}
2025-08-08 03:15:32,554 - openevolve.controller - INFO - Saved checkpoint at iteration 15 to openevolve_output/level3_32_ConvolutionalVisionTransformer/checkpoints/checkpoint_15
2025-08-08 03:20:19,834 - openevolve.RemoteSpeedupEvaluator - INFO - [level3_32_ConvolutionalVisionTransformer] triton key words check pass
2025-08-08 03:20:19,836 - openevolve.RemoteSpeedupEvaluator - INFO - [level3_32_ConvolutionalVisionTransformer] verify_plus payload: reference_code(2733 chars) + custom_code(3208 chars)
2025-08-08 03:20:22,976 - openevolve.RemoteSpeedupEvaluator - INFO - [level3_32_ConvolutionalVisionTransformer] verify_plus request success
2025-08-08 03:20:22,976 - openevolve.RemoteSpeedupEvaluator - INFO - [level3_32_ConvolutionalVisionTransformer] verify_plus response: {"id":"level3_32_ConvolutionalVisionTransformer","result":{"compiled":true,"correctness":false,"metadata":{"hardware":"NVIDIA L20Y","device":"cuda:5","runtime_error":"Traceback (most recent call last):\n  File \"/home/lijiaxing/.conda/envs/api/lib/python3.10/site-packages/triton/language/core.py\", line 42, in wrapper\n    return fn(*args, **kwargs)\n  File \"/home/lijiaxing/.conda/envs/api/lib/python3.10/site-packages/triton/language/core.py\", line 1654, in arange\n    return _semantic.arange(start, end)\n  File \"/home/lijiaxing/.conda/envs/api/lib/python3.10/site-packages/triton/language/semantic.py\", line 574, in arange\n    raise ValueError(\"arange's arguments must be of type tl.constexpr\")\nValueError: arange's arguments must be of type tl.constexpr\n\nThe above exception was the
2025-08-08 03:20:22,976 - openevolve.RemoteSpeedupEvaluator - INFO - [level3_32_ConvolutionalVisionTransformer] âœ˜ wrong_answer
2025-08-08 03:20:22,976 - openevolve.evaluator - INFO - Evaluated program 06deee66-b653-4918-be71-93ebc36a3f37 in 3.14s: compiled=1.0000, correctness=0.0000, score=10.0000, stage=wrong_answer, verify_payload={'id': 'level3_32_ConvolutionalVisionTransformer', 'result': {'compiled': True, 'correctness': False, 'metadata': {'hardware': 'NVIDIA L20Y', 'device': 'cuda:5', 'runtime_error': 'Traceback (most recent call last):\n  File "/home/lijiaxing/.conda/envs/api/lib/python3.10/site-packages/triton/language/core.py", line 42, in wrapper\n    return fn(*args, **kwargs)\n  File "/home/lijiaxing/.conda/envs/api/lib/python3.10/site-packages/triton/language/core.py", line 1654, in arange\n    return _semantic.arange(start, end)\n  File "/home/lijiaxing/.conda/envs/api/lib/python3.10/site-packages/triton/language/semantic.py", line 574, in arange\n    raise ValueError("arange\'s arguments must be of type tl.constexpr")\nValueError: arange\'s arguments must be of type tl.constexpr\n\nThe above exception was the direct cause of the following exception:\n\nTraceback (most recent call last):\n  File "/cpfs01/shared/llm_kernel/hujiakai/KernelLLM/validation_api_server/helpers/evaluations.py", line 720, in run_and_check_correctness\n    output_new = model_new(*inputs)\n  File "/home/lijiaxing/.conda/envs/api/lib/python3.10/site-packages/torch/nn/modules/module.py", line 1773, in _wrapped_call_impl\n    return self._call_impl(*args, **kwargs)\n  File "/home/lijiaxing/.conda/envs/api/lib/python3.10/site-packages/torch/nn/modules/module.py", line 1784, in _call_impl\n    return forward_call(*args, **kwargs)\n  File "/tmp/tmpula50br1.py", line 70, in forward\n    linear_proj_kernel[grid](\n  File "/home/lijiaxing/.conda/envs/api/lib/python3.10/site-packages/triton/runtime/jit.py", line 390, in <lambda>\n    return lambda *args, **kwargs: self.run(grid=grid, warmup=False, *args, **kwargs)\n  File "/home/lijiaxing/.conda/envs/api/lib/python3.10/site-packages/triton/runtime/jit.py", line 594, in run\n    kernel = self.compile(src, target=target, options=options.__dict__)\n  File "/home/lijiaxing/.conda/envs/api/lib/python3.10/site-packages/triton/compiler/compiler.py", line 339, in compile\n    module = src.make_ir(options, codegen_fns, module_map, context)\n  File "/home/lijiaxing/.conda/envs/api/lib/python3.10/site-packages/triton/compiler/compiler.py", line 83, in make_ir\n    return ast_to_ttir(self.fn, self, context=context, options=options, codegen_fns=codegen_fns,\ntriton.compiler.errors.CompilationError: at 22:18:\n\n    pid_b = pid // embed_dim\n    pid_j = pid % embed_dim\n\n    off_x = pid_b * stride_x_batch\n    off_w = pid_j * stride_w_row\n\n    acc = 0.0\n    # Use larger block size for better memory utilization\n    BLOCK_INNER = 256\n    for i in range(0, D, BLOCK_INNER):\n        off = i + tl.arange(0, BLOCK_INNER)\n                  ^\n\n\nThe above exception was the direct cause of the following exception:\n\nTraceback (most recent call last):\n  File "/home/lijiaxing/.conda/envs/api/lib/python3.10/site-packages/triton/language/core.py", line 42, in wrapper\n    return fn(*args, **kwargs)\n  File "/home/lijiaxing/.conda/envs/api/lib/python3.10/site-packages/triton/language/core.py", line 1654, in arange\n    return _semantic.arange(start, end)\n  File "/home/lijiaxing/.conda/envs/api/lib/python3.10/site-packages/triton/language/semantic.py", line 574, in arange\n    raise ValueError("arange\'s arguments must be of type tl.constexpr")\nValueError: arange\'s arguments must be of type tl.constexpr\n', 'runtime_error_name': 'triton.compiler.errors.CompilationError', 'reference_timing_ms': 2.14, 'speed_up': -1.0, 'custom_timing': -1.0}, 'runtime': -1.0, 'runtime_stats': {}}}
2025-08-08 03:20:23,010 - openevolve.llm.ensemble - INFO - Sampled model: deepseek
2025-08-08 03:20:23,027 - openevolve.threaded_parallel - INFO - Iteration 16: Program 06deee66-b653-4918-be71-93ebc36a3f37 (parent: bd7052b8-913b-4688-a1c3-bc191faf4394) completed in 522.14s
2025-08-08 03:20:23,027 - openevolve.threaded_parallel - INFO - Metrics: compiled=1.0000, correctness=0.0000, score=10.0000, stage=wrong_answer, verify_payload={'id': 'level3_32_ConvolutionalVisionTransformer', 'result': {'compiled': True, 'correctness': False, 'metadata': {'hardware': 'NVIDIA L20Y', 'device': 'cuda:5', 'runtime_error': 'Traceback (most recent call last):\n  File "/home/lijiaxing/.conda/envs/api/lib/python3.10/site-packages/triton/language/core.py", line 42, in wrapper\n    return fn(*args, **kwargs)\n  File "/home/lijiaxing/.conda/envs/api/lib/python3.10/site-packages/triton/language/core.py", line 1654, in arange\n    return _semantic.arange(start, end)\n  File "/home/lijiaxing/.conda/envs/api/lib/python3.10/site-packages/triton/language/semantic.py", line 574, in arange\n    raise ValueError("arange\'s arguments must be of type tl.constexpr")\nValueError: arange\'s arguments must be of type tl.constexpr\n\nThe above exception was the direct cause of the following exception:\n\nTraceback (most recent call last):\n  File "/cpfs01/shared/llm_kernel/hujiakai/KernelLLM/validation_api_server/helpers/evaluations.py", line 720, in run_and_check_correctness\n    output_new = model_new(*inputs)\n  File "/home/lijiaxing/.conda/envs/api/lib/python3.10/site-packages/torch/nn/modules/module.py", line 1773, in _wrapped_call_impl\n    return self._call_impl(*args, **kwargs)\n  File "/home/lijiaxing/.conda/envs/api/lib/python3.10/site-packages/torch/nn/modules/module.py", line 1784, in _call_impl\n    return forward_call(*args, **kwargs)\n  File "/tmp/tmpula50br1.py", line 70, in forward\n    linear_proj_kernel[grid](\n  File "/home/lijiaxing/.conda/envs/api/lib/python3.10/site-packages/triton/runtime/jit.py", line 390, in <lambda>\n    return lambda *args, **kwargs: self.run(grid=grid, warmup=False, *args, **kwargs)\n  File "/home/lijiaxing/.conda/envs/api/lib/python3.10/site-packages/triton/runtime/jit.py", line 594, in run\n    kernel = self.compile(src, target=target, options=options.__dict__)\n  File "/home/lijiaxing/.conda/envs/api/lib/python3.10/site-packages/triton/compiler/compiler.py", line 339, in compile\n    module = src.make_ir(options, codegen_fns, module_map, context)\n  File "/home/lijiaxing/.conda/envs/api/lib/python3.10/site-packages/triton/compiler/compiler.py", line 83, in make_ir\n    return ast_to_ttir(self.fn, self, context=context, options=options, codegen_fns=codegen_fns,\ntriton.compiler.errors.CompilationError: at 22:18:\n\n    pid_b = pid // embed_dim\n    pid_j = pid % embed_dim\n\n    off_x = pid_b * stride_x_batch\n    off_w = pid_j * stride_w_row\n\n    acc = 0.0\n    # Use larger block size for better memory utilization\n    BLOCK_INNER = 256\n    for i in range(0, D, BLOCK_INNER):\n        off = i + tl.arange(0, BLOCK_INNER)\n                  ^\n\n\nThe above exception was the direct cause of the following exception:\n\nTraceback (most recent call last):\n  File "/home/lijiaxing/.conda/envs/api/lib/python3.10/site-packages/triton/language/core.py", line 42, in wrapper\n    return fn(*args, **kwargs)\n  File "/home/lijiaxing/.conda/envs/api/lib/python3.10/site-packages/triton/language/core.py", line 1654, in arange\n    return _semantic.arange(start, end)\n  File "/home/lijiaxing/.conda/envs/api/lib/python3.10/site-packages/triton/language/semantic.py", line 574, in arange\n    raise ValueError("arange\'s arguments must be of type tl.constexpr")\nValueError: arange\'s arguments must be of type tl.constexpr\n', 'runtime_error_name': 'triton.compiler.errors.CompilationError', 'reference_timing_ms': 2.14, 'speed_up': -1.0, 'custom_timing': -1.0}, 'runtime': -1.0, 'runtime_stats': {}}}
2025-08-08 03:25:23,008 - openevolve.RemoteSpeedupEvaluator - INFO - [level3_32_ConvolutionalVisionTransformer] triton key words check pass
2025-08-08 03:25:23,010 - openevolve.RemoteSpeedupEvaluator - INFO - [level3_32_ConvolutionalVisionTransformer] verify_plus payload: reference_code(2733 chars) + custom_code(3909 chars)
2025-08-08 03:25:26,614 - openevolve.RemoteSpeedupEvaluator - INFO - [level3_32_ConvolutionalVisionTransformer] verify_plus request success
2025-08-08 03:25:26,614 - openevolve.RemoteSpeedupEvaluator - INFO - [level3_32_ConvolutionalVisionTransformer] verify_plus response: {"id":"level3_32_ConvolutionalVisionTransformer","result":{"compiled":true,"correctness":true,"metadata":{"hardware":"NVIDIA L20Y","device":"cuda:1","correctness_trials":"(5 / 5)","reference_timing_ms":2.14,"speed_up":0.986,"custom_timing":2.17},"runtime":2.17,"runtime_stats":{"mean":2.17,"std":0.0308,"min":2.12,"max":2.25,"num_trials":100,"hardware":"NVIDIA L20Y","device":"cuda:1"}}}
2025-08-08 03:25:26,614 - openevolve.RemoteSpeedupEvaluator - INFO - [level3_32_ConvolutionalVisionTransformer] âœ” success | speed_up=0.986  score=20.00
2025-08-08 03:25:26,615 - openevolve.evaluator - INFO - Evaluated program dc52a255-4165-4ef9-bd4f-827d8a218c6e in 3.61s: compiled=1.0000, correctness=1.0000, stage=success, passed=0.0000, score=20.0000, speed_up=0.9860, runtime_ms=2.1700, meta={'hardware': 'NVIDIA L20Y', 'device': 'cuda:1', 'correctness_trials': '(5 / 5)', 'reference_timing_ms': 2.14, 'speed_up': 0.986, 'custom_timing': 2.17}
2025-08-08 03:25:26,618 - openevolve.llm.ensemble - INFO - Sampled model: deepseek
2025-08-08 03:25:26,632 - openevolve.threaded_parallel - INFO - Iteration 17: Program dc52a255-4165-4ef9-bd4f-827d8a218c6e (parent: 694d2ece-c660-4511-a1e5-25b7ceabcfa1) completed in 594.27s
2025-08-08 03:25:26,632 - openevolve.threaded_parallel - INFO - Metrics: compiled=1.0000, correctness=1.0000, stage=success, passed=0.0000, score=20.0000, speed_up=0.9860, runtime_ms=2.1700, meta={'hardware': 'NVIDIA L20Y', 'device': 'cuda:1', 'correctness_trials': '(5 / 5)', 'reference_timing_ms': 2.14, 'speed_up': 0.986, 'custom_timing': 2.17}
2025-08-08 03:27:10,269 - openevolve.RemoteSpeedupEvaluator - INFO - [level3_32_ConvolutionalVisionTransformer] âœ˜ invalid_answer 'import triton' is not found
2025-08-08 03:27:10,271 - openevolve.evaluator - INFO - Evaluated program bb3e2e22-c924-4348-88c2-3f575d3745e0 in 0.00s: compiled=0.0000, correctness=0.0000, score=-100.0000, stage=no_valid_triton_code, feedback=You need to generate real and valid triton code for the core function. The key word 'import triton' is not found.
2025-08-08 03:27:10,273 - openevolve.database - INFO - New MAP-Elites cell occupied: {'score': -1000, 'complexity': 3}
2025-08-08 03:27:10,275 - openevolve.llm.ensemble - INFO - Sampled model: deepseek
2025-08-08 03:27:10,283 - openevolve.threaded_parallel - INFO - Iteration 18: Program bb3e2e22-c924-4348-88c2-3f575d3745e0 (parent: b3922b27-54db-4280-80ee-9277201b2283) completed in 407.26s
2025-08-08 03:27:10,283 - openevolve.threaded_parallel - INFO - Metrics: compiled=0.0000, correctness=0.0000, score=-100.0000, stage=no_valid_triton_code, feedback=You need to generate real and valid triton code for the core function. The key word 'import triton' is not found.
2025-08-08 03:27:10,283 - openevolve.threaded_parallel - INFO - Checkpoint interval reached at iteration 18
2025-08-08 03:27:10,284 - openevolve.database - INFO - Island Status:
2025-08-08 03:27:10,285 - openevolve.database - INFO -    Island 0: 8 programs, best=22.4000, avg=-30.8250, diversity=791.15, gen=6 (best: 54e8578f-33d1-4a5e-a86a-edced35a2ee2)
2025-08-08 03:27:10,285 - openevolve.database - INFO -  * Island 1: 6 programs, best=20.0000, avg=-8.1667, diversity=313.67, gen=7 (best: 86f97c9d-9758-4243-a0ee-4d6f60acb543)
2025-08-08 03:27:10,285 - openevolve.database - INFO -    Island 2: 6 programs, best=20.0000, avg=13.5000, diversity=224.12, gen=5 (best: bd7052b8-913b-4688-a1c3-bc191faf4394)
2025-08-08 03:27:10,500 - openevolve.database - INFO - Saved database with 19 programs to openevolve_output/level3_32_ConvolutionalVisionTransformer/checkpoints/checkpoint_18
2025-08-08 03:27:10,555 - openevolve.controller - INFO - Saved best program at checkpoint 18 with metrics: compiled=1.0000, correctness=1.0000, stage=success, passed=1.0000, score=22.4000, speed_up=1.0240, runtime_ms=2.0900, meta={'hardware': 'NVIDIA L20Y', 'device': 'cuda:0', 'correctness_trials': '(5 / 5)', 'reference_timing_ms': 2.14, 'speed_up': 1.024, 'custom_timing': 2.09}
2025-08-08 03:27:10,555 - openevolve.controller - INFO - Saved checkpoint at iteration 18 to openevolve_output/level3_32_ConvolutionalVisionTransformer/checkpoints/checkpoint_18
2025-08-08 03:28:33,572 - openevolve.RemoteSpeedupEvaluator - INFO - [level3_32_ConvolutionalVisionTransformer] triton key words check pass
2025-08-08 03:28:33,574 - openevolve.RemoteSpeedupEvaluator - INFO - [level3_32_ConvolutionalVisionTransformer] verify_plus payload: reference_code(2733 chars) + custom_code(4881 chars)
2025-08-08 03:28:36,454 - openevolve.RemoteSpeedupEvaluator - INFO - [level3_32_ConvolutionalVisionTransformer] verify_plus request success
2025-08-08 03:28:36,454 - openevolve.RemoteSpeedupEvaluator - INFO - [level3_32_ConvolutionalVisionTransformer] verify_plus response: {"id":"level3_32_ConvolutionalVisionTransformer","result":{"compiled":true,"correctness":false,"metadata":{"hardware":"NVIDIA L20Y","device":"cuda:7","runtime_error":"Traceback (most recent call last):\n  File \"/cpfs01/shared/llm_kernel/hujiakai/KernelLLM/validation_api_server/helpers/evaluations.py\", line 720, in run_and_check_correctness\n    output_new = model_new(*inputs)\n  File \"/home/lijiaxing/.conda/envs/api/lib/python3.10/site-packages/torch/nn/modules/module.py\", line 1773, in _wrapped_call_impl\n    return self._call_impl(*args, **kwargs)\n  File \"/home/lijiaxing/.conda/envs/api/lib/python3.10/site-packages/torch/nn/modules/module.py\", line 1784, in _call_impl\n    return forward_call(*args, **kwargs)\n  File \"/tmp/tmpbfq8u16n.py\", line 120, in forward\n    linear_kernel
2025-08-08 03:28:36,454 - openevolve.RemoteSpeedupEvaluator - INFO - [level3_32_ConvolutionalVisionTransformer] âœ˜ wrong_answer
2025-08-08 03:28:36,455 - openevolve.evaluator - INFO - Evaluated program ebc8a2a3-ac37-4225-acaa-126a148c8fe8 in 2.88s: compiled=1.0000, correctness=0.0000, score=10.0000, stage=wrong_answer, verify_payload={'id': 'level3_32_ConvolutionalVisionTransformer', 'result': {'compiled': True, 'correctness': False, 'metadata': {'hardware': 'NVIDIA L20Y', 'device': 'cuda:7', 'runtime_error': 'Traceback (most recent call last):\n  File "/cpfs01/shared/llm_kernel/hujiakai/KernelLLM/validation_api_server/helpers/evaluations.py", line 720, in run_and_check_correctness\n    output_new = model_new(*inputs)\n  File "/home/lijiaxing/.conda/envs/api/lib/python3.10/site-packages/torch/nn/modules/module.py", line 1773, in _wrapped_call_impl\n    return self._call_impl(*args, **kwargs)\n  File "/home/lijiaxing/.conda/envs/api/lib/python3.10/site-packages/torch/nn/modules/module.py", line 1784, in _call_impl\n    return forward_call(*args, **kwargs)\n  File "/tmp/tmpbfq8u16n.py", line 120, in forward\n    linear_kernel[grid](\n  File "/home/lijiaxing/.conda/envs/api/lib/python3.10/site-packages/triton/runtime/jit.py", line 390, in <lambda>\n    return lambda *args, **kwargs: self.run(grid=grid, warmup=False, *args, **kwargs)\n  File "/home/lijiaxing/.conda/envs/api/lib/python3.10/site-packages/triton/runtime/autotuner.py", line 239, in run\n    benchmark()\n  File "/home/lijiaxing/.conda/envs/api/lib/python3.10/site-packages/triton/runtime/autotuner.py", line 228, in benchmark\n    timings = {config: self._bench(*args, config=config, **kwargs) for config in pruned_configs}\n  File "/home/lijiaxing/.conda/envs/api/lib/python3.10/site-packages/triton/runtime/autotuner.py", line 228, in <dictcomp>\n    timings = {config: self._bench(*args, config=config, **kwargs) for config in pruned_configs}\n  File "/home/lijiaxing/.conda/envs/api/lib/python3.10/site-packages/triton/runtime/autotuner.py", line 135, in _bench\n    raise ValueError(f"Conflicting meta-parameters: {\', \'.join(conflicts)}."\nValueError: Conflicting meta-parameters: BLOCK_SIZE_N, BLOCK_SIZE_K. Make sure that you don\'t re-define auto-tuned symbols.\n', 'runtime_error_name': 'builtins.ValueError', 'reference_timing_ms': 2.14, 'speed_up': -1.0, 'custom_timing': -1.0}, 'runtime': -1.0, 'runtime_stats': {}}}
2025-08-08 03:28:36,458 - openevolve.llm.ensemble - INFO - Sampled model: deepseek
2025-08-08 03:28:36,469 - openevolve.threaded_parallel - INFO - Iteration 14: Program ebc8a2a3-ac37-4225-acaa-126a148c8fe8 (parent: 54e8578f-33d1-4a5e-a86a-edced35a2ee2) completed in 1135.75s
2025-08-08 03:28:36,469 - openevolve.threaded_parallel - INFO - Metrics: compiled=1.0000, correctness=0.0000, score=10.0000, stage=wrong_answer, verify_payload={'id': 'level3_32_ConvolutionalVisionTransformer', 'result': {'compiled': True, 'correctness': False, 'metadata': {'hardware': 'NVIDIA L20Y', 'device': 'cuda:7', 'runtime_error': 'Traceback (most recent call last):\n  File "/cpfs01/shared/llm_kernel/hujiakai/KernelLLM/validation_api_server/helpers/evaluations.py", line 720, in run_and_check_correctness\n    output_new = model_new(*inputs)\n  File "/home/lijiaxing/.conda/envs/api/lib/python3.10/site-packages/torch/nn/modules/module.py", line 1773, in _wrapped_call_impl\n    return self._call_impl(*args, **kwargs)\n  File "/home/lijiaxing/.conda/envs/api/lib/python3.10/site-packages/torch/nn/modules/module.py", line 1784, in _call_impl\n    return forward_call(*args, **kwargs)\n  File "/tmp/tmpbfq8u16n.py", line 120, in forward\n    linear_kernel[grid](\n  File "/home/lijiaxing/.conda/envs/api/lib/python3.10/site-packages/triton/runtime/jit.py", line 390, in <lambda>\n    return lambda *args, **kwargs: self.run(grid=grid, warmup=False, *args, **kwargs)\n  File "/home/lijiaxing/.conda/envs/api/lib/python3.10/site-packages/triton/runtime/autotuner.py", line 239, in run\n    benchmark()\n  File "/home/lijiaxing/.conda/envs/api/lib/python3.10/site-packages/triton/runtime/autotuner.py", line 228, in benchmark\n    timings = {config: self._bench(*args, config=config, **kwargs) for config in pruned_configs}\n  File "/home/lijiaxing/.conda/envs/api/lib/python3.10/site-packages/triton/runtime/autotuner.py", line 228, in <dictcomp>\n    timings = {config: self._bench(*args, config=config, **kwargs) for config in pruned_configs}\n  File "/home/lijiaxing/.conda/envs/api/lib/python3.10/site-packages/triton/runtime/autotuner.py", line 135, in _bench\n    raise ValueError(f"Conflicting meta-parameters: {\', \'.join(conflicts)}."\nValueError: Conflicting meta-parameters: BLOCK_SIZE_N, BLOCK_SIZE_K. Make sure that you don\'t re-define auto-tuned symbols.\n', 'runtime_error_name': 'builtins.ValueError', 'reference_timing_ms': 2.14, 'speed_up': -1.0, 'custom_timing': -1.0}, 'runtime': -1.0, 'runtime_stats': {}}}
2025-08-08 03:38:49,220 - openevolve.RemoteSpeedupEvaluator - INFO - [level3_32_ConvolutionalVisionTransformer] triton key words check pass
2025-08-08 03:38:49,223 - openevolve.RemoteSpeedupEvaluator - INFO - [level3_32_ConvolutionalVisionTransformer] verify_plus payload: reference_code(2733 chars) + custom_code(4480 chars)
2025-08-08 03:38:52,348 - openevolve.RemoteSpeedupEvaluator - INFO - [level3_32_ConvolutionalVisionTransformer] verify_plus request success
2025-08-08 03:38:52,348 - openevolve.RemoteSpeedupEvaluator - INFO - [level3_32_ConvolutionalVisionTransformer] verify_plus response: {"id":"level3_32_ConvolutionalVisionTransformer","result":{"compiled":true,"correctness":false,"metadata":{"hardware":"NVIDIA L20Y","device":"cuda:2","runtime_error":"Traceback (most recent call last):\n  File \"/home/lijiaxing/.conda/envs/api/lib/python3.10/site-packages/triton/language/core.py\", line 42, in wrapper\n    return fn(*args, **kwargs)\n  File \"/home/lijiaxing/.conda/envs/api/lib/python3.10/site-packages/triton/language/core.py\", line 2150, in load\n    return _semantic.load(pointer, mask, other, boundary_check, padding_option, cache_modifier, eviction_policy,\n  File \"/home/lijiaxing/.conda/envs/api/lib/python3.10/site-packages/triton/language/semantic.py\", line 1086, in load\n    return self._load_legacy(ptr, mask, other, boundary_check, padding, cache, eviction, is_vol
2025-08-08 03:38:52,349 - openevolve.RemoteSpeedupEvaluator - INFO - [level3_32_ConvolutionalVisionTransformer] âœ˜ wrong_answer
2025-08-08 03:38:52,349 - openevolve.evaluator - INFO - Evaluated program f1043837-8612-491e-9d61-960bfe2b89eb in 3.13s: compiled=1.0000, correctness=0.0000, score=10.0000, stage=wrong_answer, verify_payload={'id': 'level3_32_ConvolutionalVisionTransformer', 'result': {'compiled': True, 'correctness': False, 'metadata': {'hardware': 'NVIDIA L20Y', 'device': 'cuda:2', 'runtime_error': 'Traceback (most recent call last):\n  File "/home/lijiaxing/.conda/envs/api/lib/python3.10/site-packages/triton/language/core.py", line 42, in wrapper\n    return fn(*args, **kwargs)\n  File "/home/lijiaxing/.conda/envs/api/lib/python3.10/site-packages/triton/language/core.py", line 2150, in load\n    return _semantic.load(pointer, mask, other, boundary_check, padding_option, cache_modifier, eviction_policy,\n  File "/home/lijiaxing/.conda/envs/api/lib/python3.10/site-packages/triton/language/semantic.py", line 1086, in load\n    return self._load_legacy(ptr, mask, other, boundary_check, padding, cache, eviction, is_volatile)\n  File "/home/lijiaxing/.conda/envs/api/lib/python3.10/site-packages/triton/language/semantic.py", line 1037, in _load_legacy\n    mask = self.broadcast_impl_shape(mask, ptr.type.get_block_shapes())\n  File "/home/lijiaxing/.conda/envs/api/lib/python3.10/site-packages/triton/language/semantic.py", line 697, in broadcast_impl_shape\n    raise ValueError(f"Cannot broadcast, rank mismatch: {src_shape}, {shape}")\nValueError: Cannot broadcast, rank mismatch: [\'128\', \'128\'], [\'128\']\n\nThe above exception was the direct cause of the following exception:\n\nTraceback (most recent call last):\n  File "/cpfs01/shared/llm_kernel/hujiakai/KernelLLM/validation_api_server/helpers/evaluations.py", line 720, in run_and_check_correctness\n    output_new = model_new(*inputs)\n  File "/home/lijiaxing/.conda/envs/api/lib/python3.10/site-packages/torch/nn/modules/module.py", line 1773, in _wrapped_call_impl\n    return self._call_impl(*args, **kwargs)\n  File "/home/lijiaxing/.conda/envs/api/lib/python3.10/site-packages/torch/nn/modules/module.py", line 1784, in _call_impl\n    return forward_call(*args, **kwargs)\n  File "/tmp/tmp07gwe8jx.py", line 113, in forward\n    linear_kernel[grid](\n  File "/home/lijiaxing/.conda/envs/api/lib/python3.10/site-packages/triton/runtime/jit.py", line 390, in <lambda>\n    return lambda *args, **kwargs: self.run(grid=grid, warmup=False, *args, **kwargs)\n  File "/home/lijiaxing/.conda/envs/api/lib/python3.10/site-packages/triton/runtime/jit.py", line 594, in run\n    kernel = self.compile(src, target=target, options=options.__dict__)\n  File "/home/lijiaxing/.conda/envs/api/lib/python3.10/site-packages/triton/compiler/compiler.py", line 339, in compile\n    module = src.make_ir(options, codegen_fns, module_map, context)\n  File "/home/lijiaxing/.conda/envs/api/lib/python3.10/site-packages/triton/compiler/compiler.py", line 83, in make_ir\n    return ast_to_ttir(self.fn, self, context=context, options=options, codegen_fns=codegen_fns,\ntriton.compiler.errors.CompilationError: at 35:17:\n        block_offs = block_start + tl.arange(0, BLOCK_SIZE)\n        block_mask = block_offs < in_features\n\n        # Load x vector with vectorization\n        x_vals = tl.load(\n            x_ptr + row_idx * in_features + block_offs,\n            mask=block_mask,\n            other=0.0\n        )\n\n        # Load weight block with vectorization\n        w_vals = tl.load(\n                 ^\n\n\nThe above exception was the direct cause of the following exception:\n\nTraceback (most recent call last):\n  File "/home/lijiaxing/.conda/envs/api/lib/python3.10/site-packages/triton/language/core.py", line 42, in wrapper\n    return fn(*args, **kwargs)\n  File "/home/lijiaxing/.conda/envs/api/lib/python3.10/site-packages/triton/language/core.py", line 2150, in load\n    return _semantic.load(pointer, mask, other, boundary_check, padding_option, cache_modifier, eviction_policy,\n  File "/home/lijiaxing/.conda/envs/api/lib/python3.10/site-packages/triton/language/semantic.py", line 1086, in load\n    return self._load_legacy(ptr, mask, other, boundary_check, padding, cache, eviction, is_volatile)\n  File "/home/lijiaxing/.conda/envs/api/lib/python3.10/site-packages/triton/language/semantic.py", line 1037, in _load_legacy\n    mask = self.broadcast_impl_shape(mask, ptr.type.get_block_shapes())\n  File "/home/lijiaxing/.conda/envs/api/lib/python3.10/site-packages/triton/language/semantic.py", line 697, in broadcast_impl_shape\n    raise ValueError(f"Cannot broadcast, rank mismatch: {src_shape}, {shape}")\nValueError: Cannot broadcast, rank mismatch: [\'128\', \'128\'], [\'128\']\n', 'runtime_error_name': 'triton.compiler.errors.CompilationError', 'reference_timing_ms': 2.14, 'speed_up': -1.0, 'custom_timing': -1.0}, 'runtime': -1.0, 'runtime_stats': {}}}
2025-08-08 03:38:52,353 - openevolve.llm.ensemble - INFO - Sampled model: deepseek
2025-08-08 03:38:52,369 - openevolve.threaded_parallel - INFO - Iteration 20: Program f1043837-8612-491e-9d61-960bfe2b89eb (parent: 54e8578f-33d1-4a5e-a86a-edced35a2ee2) completed in 702.07s
2025-08-08 03:38:52,369 - openevolve.threaded_parallel - INFO - Metrics: compiled=1.0000, correctness=0.0000, score=10.0000, stage=wrong_answer, verify_payload={'id': 'level3_32_ConvolutionalVisionTransformer', 'result': {'compiled': True, 'correctness': False, 'metadata': {'hardware': 'NVIDIA L20Y', 'device': 'cuda:2', 'runtime_error': 'Traceback (most recent call last):\n  File "/home/lijiaxing/.conda/envs/api/lib/python3.10/site-packages/triton/language/core.py", line 42, in wrapper\n    return fn(*args, **kwargs)\n  File "/home/lijiaxing/.conda/envs/api/lib/python3.10/site-packages/triton/language/core.py", line 2150, in load\n    return _semantic.load(pointer, mask, other, boundary_check, padding_option, cache_modifier, eviction_policy,\n  File "/home/lijiaxing/.conda/envs/api/lib/python3.10/site-packages/triton/language/semantic.py", line 1086, in load\n    return self._load_legacy(ptr, mask, other, boundary_check, padding, cache, eviction, is_volatile)\n  File "/home/lijiaxing/.conda/envs/api/lib/python3.10/site-packages/triton/language/semantic.py", line 1037, in _load_legacy\n    mask = self.broadcast_impl_shape(mask, ptr.type.get_block_shapes())\n  File "/home/lijiaxing/.conda/envs/api/lib/python3.10/site-packages/triton/language/semantic.py", line 697, in broadcast_impl_shape\n    raise ValueError(f"Cannot broadcast, rank mismatch: {src_shape}, {shape}")\nValueError: Cannot broadcast, rank mismatch: [\'128\', \'128\'], [\'128\']\n\nThe above exception was the direct cause of the following exception:\n\nTraceback (most recent call last):\n  File "/cpfs01/shared/llm_kernel/hujiakai/KernelLLM/validation_api_server/helpers/evaluations.py", line 720, in run_and_check_correctness\n    output_new = model_new(*inputs)\n  File "/home/lijiaxing/.conda/envs/api/lib/python3.10/site-packages/torch/nn/modules/module.py", line 1773, in _wrapped_call_impl\n    return self._call_impl(*args, **kwargs)\n  File "/home/lijiaxing/.conda/envs/api/lib/python3.10/site-packages/torch/nn/modules/module.py", line 1784, in _call_impl\n    return forward_call(*args, **kwargs)\n  File "/tmp/tmp07gwe8jx.py", line 113, in forward\n    linear_kernel[grid](\n  File "/home/lijiaxing/.conda/envs/api/lib/python3.10/site-packages/triton/runtime/jit.py", line 390, in <lambda>\n    return lambda *args, **kwargs: self.run(grid=grid, warmup=False, *args, **kwargs)\n  File "/home/lijiaxing/.conda/envs/api/lib/python3.10/site-packages/triton/runtime/jit.py", line 594, in run\n    kernel = self.compile(src, target=target, options=options.__dict__)\n  File "/home/lijiaxing/.conda/envs/api/lib/python3.10/site-packages/triton/compiler/compiler.py", line 339, in compile\n    module = src.make_ir(options, codegen_fns, module_map, context)\n  File "/home/lijiaxing/.conda/envs/api/lib/python3.10/site-packages/triton/compiler/compiler.py", line 83, in make_ir\n    return ast_to_ttir(self.fn, self, context=context, options=options, codegen_fns=codegen_fns,\ntriton.compiler.errors.CompilationError: at 35:17:\n        block_offs = block_start + tl.arange(0, BLOCK_SIZE)\n        block_mask = block_offs < in_features\n\n        # Load x vector with vectorization\n        x_vals = tl.load(\n            x_ptr + row_idx * in_features + block_offs,\n            mask=block_mask,\n            other=0.0\n        )\n\n        # Load weight block with vectorization\n        w_vals = tl.load(\n                 ^\n\n\nThe above exception was the direct cause of the following exception:\n\nTraceback (most recent call last):\n  File "/home/lijiaxing/.conda/envs/api/lib/python3.10/site-packages/triton/language/core.py", line 42, in wrapper\n    return fn(*args, **kwargs)\n  File "/home/lijiaxing/.conda/envs/api/lib/python3.10/site-packages/triton/language/core.py", line 2150, in load\n    return _semantic.load(pointer, mask, other, boundary_check, padding_option, cache_modifier, eviction_policy,\n  File "/home/lijiaxing/.conda/envs/api/lib/python3.10/site-packages/triton/language/semantic.py", line 1086, in load\n    return self._load_legacy(ptr, mask, other, boundary_check, padding, cache, eviction, is_volatile)\n  File "/home/lijiaxing/.conda/envs/api/lib/python3.10/site-packages/triton/language/semantic.py", line 1037, in _load_legacy\n    mask = self.broadcast_impl_shape(mask, ptr.type.get_block_shapes())\n  File "/home/lijiaxing/.conda/envs/api/lib/python3.10/site-packages/triton/language/semantic.py", line 697, in broadcast_impl_shape\n    raise ValueError(f"Cannot broadcast, rank mismatch: {src_shape}, {shape}")\nValueError: Cannot broadcast, rank mismatch: [\'128\', \'128\'], [\'128\']\n', 'runtime_error_name': 'triton.compiler.errors.CompilationError', 'reference_timing_ms': 2.14, 'speed_up': -1.0, 'custom_timing': -1.0}, 'runtime': -1.0, 'runtime_stats': {}}}
2025-08-08 03:40:01,201 - openevolve.RemoteSpeedupEvaluator - INFO - [level3_32_ConvolutionalVisionTransformer] âœ˜ invalid_answer 'import triton' is not found
2025-08-08 03:40:01,204 - openevolve.evaluator - INFO - Evaluated program 4409a234-1475-4d0a-b66b-cc1d32b302ea in 0.00s: compiled=0.0000, correctness=0.0000, score=-100.0000, stage=no_valid_triton_code, feedback=You need to generate real and valid triton code for the core function. The key word 'import triton' is not found.
2025-08-08 03:40:01,207 - openevolve.llm.ensemble - INFO - Sampled model: deepseek
2025-08-08 03:40:01,208 - openevolve.database - INFO - New MAP-Elites cell occupied: {'score': -1000, 'complexity': 1}
2025-08-08 03:40:01,216 - openevolve.threaded_parallel - INFO - Iteration 21: Program 4409a234-1475-4d0a-b66b-cc1d32b302ea (parent: 2b1a4bfa-e3fb-4aa3-b830-4161ef6d7297) completed in 684.75s
2025-08-08 03:40:01,216 - openevolve.threaded_parallel - INFO - Metrics: compiled=0.0000, correctness=0.0000, score=-100.0000, stage=no_valid_triton_code, feedback=You need to generate real and valid triton code for the core function. The key word 'import triton' is not found.
2025-08-08 03:40:01,216 - openevolve.threaded_parallel - INFO - Checkpoint interval reached at iteration 21
2025-08-08 03:40:01,217 - openevolve.database - INFO - Island Status:
2025-08-08 03:40:01,217 - openevolve.database - INFO -    Island 0: 9 programs, best=22.4000, avg=-38.5111, diversity=590.77, gen=7 (best: 54e8578f-33d1-4a5e-a86a-edced35a2ee2)
2025-08-08 03:40:01,217 - openevolve.database - INFO -  * Island 1: 7 programs, best=20.0000, avg=-5.5714, diversity=313.67, gen=8 (best: 86f97c9d-9758-4243-a0ee-4d6f60acb543)
2025-08-08 03:40:01,218 - openevolve.database - INFO -    Island 2: 7 programs, best=20.0000, avg=13.0000, diversity=224.12, gen=6 (best: bd7052b8-913b-4688-a1c3-bc191faf4394)
2025-08-08 03:40:01,552 - openevolve.database - INFO - Saved database with 22 programs to openevolve_output/level3_32_ConvolutionalVisionTransformer/checkpoints/checkpoint_21
2025-08-08 03:40:01,567 - openevolve.controller - INFO - Saved best program at checkpoint 21 with metrics: compiled=1.0000, correctness=1.0000, stage=success, passed=1.0000, score=22.4000, speed_up=1.0240, runtime_ms=2.0900, meta={'hardware': 'NVIDIA L20Y', 'device': 'cuda:0', 'correctness_trials': '(5 / 5)', 'reference_timing_ms': 2.14, 'speed_up': 1.024, 'custom_timing': 2.09}
2025-08-08 03:40:01,568 - openevolve.controller - INFO - Saved checkpoint at iteration 21 to openevolve_output/level3_32_ConvolutionalVisionTransformer/checkpoints/checkpoint_21
2025-08-08 03:40:56,917 - openevolve.RemoteSpeedupEvaluator - INFO - [level3_32_ConvolutionalVisionTransformer] triton key words check pass
2025-08-08 03:40:56,918 - openevolve.RemoteSpeedupEvaluator - INFO - [level3_32_ConvolutionalVisionTransformer] verify_plus payload: reference_code(2733 chars) + custom_code(4858 chars)
2025-08-08 03:41:09,047 - openevolve.RemoteSpeedupEvaluator - INFO - [level3_32_ConvolutionalVisionTransformer] verify_plus request success
2025-08-08 03:41:09,047 - openevolve.RemoteSpeedupEvaluator - INFO - [level3_32_ConvolutionalVisionTransformer] verify_plus response: {"id":"level3_32_ConvolutionalVisionTransformer","result":{"compiled":true,"correctness":false,"metadata":{"hardware":"NVIDIA L20Y","device":"cuda:6","runtime_error":"Traceback (most recent call last):\n  File \"/cpfs01/shared/llm_kernel/hujiakai/KernelLLM/validation_api_server/helpers/evaluations.py\", line 720, in run_and_check_correctness\n    output_new = model_new(*inputs)\n  File \"/home/lijiaxing/.conda/envs/api/lib/python3.10/site-packages/torch/nn/modules/module.py\", line 1773, in _wrapped_call_impl\n    return self._call_impl(*args, **kwargs)\n  File \"/home/lijiaxing/.conda/envs/api/lib/python3.10/site-packages/torch/nn/modules/module.py\", line 1784, in _call_impl\n    return forward_call(*args, **kwargs)\n  File \"/tmp/tmpy2ysdrp5.py\", line 108, in forward\n    x = triton_li
2025-08-08 03:41:09,047 - openevolve.RemoteSpeedupEvaluator - INFO - [level3_32_ConvolutionalVisionTransformer] âœ˜ wrong_answer
2025-08-08 03:41:09,048 - openevolve.evaluator - INFO - Evaluated program 7618892d-c02c-414d-9a75-ec41f1f776f9 in 12.13s: compiled=1.0000, correctness=0.0000, score=10.0000, stage=wrong_answer, verify_payload={'id': 'level3_32_ConvolutionalVisionTransformer', 'result': {'compiled': True, 'correctness': False, 'metadata': {'hardware': 'NVIDIA L20Y', 'device': 'cuda:6', 'runtime_error': 'Traceback (most recent call last):\n  File "/cpfs01/shared/llm_kernel/hujiakai/KernelLLM/validation_api_server/helpers/evaluations.py", line 720, in run_and_check_correctness\n    output_new = model_new(*inputs)\n  File "/home/lijiaxing/.conda/envs/api/lib/python3.10/site-packages/torch/nn/modules/module.py", line 1773, in _wrapped_call_impl\n    return self._call_impl(*args, **kwargs)\n  File "/home/lijiaxing/.conda/envs/api/lib/python3.10/site-packages/torch/nn/modules/module.py", line 1784, in _call_impl\n    return forward_call(*args, **kwargs)\n  File "/tmp/tmpy2ysdrp5.py", line 108, in forward\n    x = triton_linear(x, weight_t, self.linear_bias)\n  File "/tmp/tmpy2ysdrp5.py", line 65, in triton_linear\n    linear_kernel[grid](\n  File "/home/lijiaxing/.conda/envs/api/lib/python3.10/site-packages/triton/runtime/jit.py", line 390, in <lambda>\n    return lambda *args, **kwargs: self.run(grid=grid, warmup=False, *args, **kwargs)\n  File "/home/lijiaxing/.conda/envs/api/lib/python3.10/site-packages/triton/runtime/autotuner.py", line 251, in run\n    ret = self.fn.run(\n  File "/home/lijiaxing/.conda/envs/api/lib/python3.10/site-packages/triton/runtime/jit.py", line 617, in run\n    kernel.run(grid_0, grid_1, grid_2, stream, kernel.function, kernel.packed_metadata, launch_metadata,\n  File "/home/lijiaxing/.conda/envs/api/lib/python3.10/site-packages/triton/compiler/compiler.py", line 498, in __getattribute__\n    self._init_handles()\n  File "/home/lijiaxing/.conda/envs/api/lib/python3.10/site-packages/triton/compiler/compiler.py", line 483, in _init_handles\n    raise OutOfResources(self.metadata.shared, max_shared, "shared memory")\ntriton.runtime.errors.OutOfResources: out of resource: shared memory, Required: 294912, Hardware limit: 232448. Reducing block sizes or `num_stages` may help.\n', 'runtime_error_name': 'triton.runtime.errors.OutOfResources', 'reference_timing_ms': 2.14, 'speed_up': -1.0, 'custom_timing': -1.0}, 'runtime': -1.0, 'runtime_stats': {}}}
2025-08-08 03:41:09,052 - openevolve.llm.ensemble - INFO - Sampled model: deepseek
2025-08-08 03:41:09,062 - openevolve.threaded_parallel - INFO - Iteration 19: Program 7618892d-c02c-414d-9a75-ec41f1f776f9 (parent: c6c3cb07-6b48-4a1b-84c8-63acc2f351d4) completed in 942.43s
2025-08-08 03:41:09,062 - openevolve.threaded_parallel - INFO - Metrics: compiled=1.0000, correctness=0.0000, score=10.0000, stage=wrong_answer, verify_payload={'id': 'level3_32_ConvolutionalVisionTransformer', 'result': {'compiled': True, 'correctness': False, 'metadata': {'hardware': 'NVIDIA L20Y', 'device': 'cuda:6', 'runtime_error': 'Traceback (most recent call last):\n  File "/cpfs01/shared/llm_kernel/hujiakai/KernelLLM/validation_api_server/helpers/evaluations.py", line 720, in run_and_check_correctness\n    output_new = model_new(*inputs)\n  File "/home/lijiaxing/.conda/envs/api/lib/python3.10/site-packages/torch/nn/modules/module.py", line 1773, in _wrapped_call_impl\n    return self._call_impl(*args, **kwargs)\n  File "/home/lijiaxing/.conda/envs/api/lib/python3.10/site-packages/torch/nn/modules/module.py", line 1784, in _call_impl\n    return forward_call(*args, **kwargs)\n  File "/tmp/tmpy2ysdrp5.py", line 108, in forward\n    x = triton_linear(x, weight_t, self.linear_bias)\n  File "/tmp/tmpy2ysdrp5.py", line 65, in triton_linear\n    linear_kernel[grid](\n  File "/home/lijiaxing/.conda/envs/api/lib/python3.10/site-packages/triton/runtime/jit.py", line 390, in <lambda>\n    return lambda *args, **kwargs: self.run(grid=grid, warmup=False, *args, **kwargs)\n  File "/home/lijiaxing/.conda/envs/api/lib/python3.10/site-packages/triton/runtime/autotuner.py", line 251, in run\n    ret = self.fn.run(\n  File "/home/lijiaxing/.conda/envs/api/lib/python3.10/site-packages/triton/runtime/jit.py", line 617, in run\n    kernel.run(grid_0, grid_1, grid_2, stream, kernel.function, kernel.packed_metadata, launch_metadata,\n  File "/home/lijiaxing/.conda/envs/api/lib/python3.10/site-packages/triton/compiler/compiler.py", line 498, in __getattribute__\n    self._init_handles()\n  File "/home/lijiaxing/.conda/envs/api/lib/python3.10/site-packages/triton/compiler/compiler.py", line 483, in _init_handles\n    raise OutOfResources(self.metadata.shared, max_shared, "shared memory")\ntriton.runtime.errors.OutOfResources: out of resource: shared memory, Required: 294912, Hardware limit: 232448. Reducing block sizes or `num_stages` may help.\n', 'runtime_error_name': 'triton.runtime.errors.OutOfResources', 'reference_timing_ms': 2.14, 'speed_up': -1.0, 'custom_timing': -1.0}, 'runtime': -1.0, 'runtime_stats': {}}}
2025-08-08 03:43:06,116 - openevolve.RemoteSpeedupEvaluator - INFO - [level3_32_ConvolutionalVisionTransformer] triton key words check pass
2025-08-08 03:43:06,117 - openevolve.RemoteSpeedupEvaluator - INFO - [level3_32_ConvolutionalVisionTransformer] verify_plus payload: reference_code(2733 chars) + custom_code(3798 chars)
2025-08-08 03:43:09,237 - openevolve.RemoteSpeedupEvaluator - INFO - [level3_32_ConvolutionalVisionTransformer] verify_plus request success
2025-08-08 03:43:09,237 - openevolve.RemoteSpeedupEvaluator - INFO - [level3_32_ConvolutionalVisionTransformer] verify_plus response: {"id":"level3_32_ConvolutionalVisionTransformer","result":{"compiled":true,"correctness":false,"metadata":{"hardware":"NVIDIA L20Y","device":"cuda:5","runtime_error":"Traceback (most recent call last):\n  File \"/home/lijiaxing/.conda/envs/api/lib/python3.10/site-packages/triton/language/core.py\", line 42, in wrapper\n    return fn(*args, **kwargs)\n  File \"/home/lijiaxing/.conda/envs/api/lib/python3.10/site-packages/triton/language/core.py\", line 1654, in arange\n    return _semantic.arange(start, end)\n  File \"/home/lijiaxing/.conda/envs/api/lib/python3.10/site-packages/triton/language/semantic.py\", line 574, in arange\n    raise ValueError(\"arange's arguments must be of type tl.constexpr\")\nValueError: arange's arguments must be of type tl.constexpr\n\nThe above exception was the
2025-08-08 03:43:09,238 - openevolve.RemoteSpeedupEvaluator - INFO - [level3_32_ConvolutionalVisionTransformer] âœ˜ wrong_answer
2025-08-08 03:43:09,238 - openevolve.evaluator - INFO - Evaluated program 78053359-ed0b-4ef7-85d8-5d0eeeb0d0b5 in 3.12s: compiled=1.0000, correctness=0.0000, score=10.0000, stage=wrong_answer, verify_payload={'id': 'level3_32_ConvolutionalVisionTransformer', 'result': {'compiled': True, 'correctness': False, 'metadata': {'hardware': 'NVIDIA L20Y', 'device': 'cuda:5', 'runtime_error': 'Traceback (most recent call last):\n  File "/home/lijiaxing/.conda/envs/api/lib/python3.10/site-packages/triton/language/core.py", line 42, in wrapper\n    return fn(*args, **kwargs)\n  File "/home/lijiaxing/.conda/envs/api/lib/python3.10/site-packages/triton/language/core.py", line 1654, in arange\n    return _semantic.arange(start, end)\n  File "/home/lijiaxing/.conda/envs/api/lib/python3.10/site-packages/triton/language/semantic.py", line 574, in arange\n    raise ValueError("arange\'s arguments must be of type tl.constexpr")\nValueError: arange\'s arguments must be of type tl.constexpr\n\nThe above exception was the direct cause of the following exception:\n\nTraceback (most recent call last):\n  File "/cpfs01/shared/llm_kernel/hujiakai/KernelLLM/validation_api_server/helpers/evaluations.py", line 720, in run_and_check_correctness\n    output_new = model_new(*inputs)\n  File "/home/lijiaxing/.conda/envs/api/lib/python3.10/site-packages/torch/nn/modules/module.py", line 1773, in _wrapped_call_impl\n    return self._call_impl(*args, **kwargs)\n  File "/home/lijiaxing/.conda/envs/api/lib/python3.10/site-packages/torch/nn/modules/module.py", line 1784, in _call_impl\n    return forward_call(*args, **kwargs)\n  File "/tmp/tmpyjxiw55x.py", line 81, in forward\n    linear_proj_kernel[grid](\n  File "/home/lijiaxing/.conda/envs/api/lib/python3.10/site-packages/triton/runtime/jit.py", line 390, in <lambda>\n    return lambda *args, **kwargs: self.run(grid=grid, warmup=False, *args, **kwargs)\n  File "/home/lijiaxing/.conda/envs/api/lib/python3.10/site-packages/triton/runtime/jit.py", line 594, in run\n    kernel = self.compile(src, target=target, options=options.__dict__)\n  File "/home/lijiaxing/.conda/envs/api/lib/python3.10/site-packages/triton/compiler/compiler.py", line 339, in compile\n    module = src.make_ir(options, codegen_fns, module_map, context)\n  File "/home/lijiaxing/.conda/envs/api/lib/python3.10/site-packages/triton/compiler/compiler.py", line 83, in make_ir\n    return ast_to_ttir(self.fn, self, context=context, options=options, codegen_fns=codegen_fns,\ntriton.compiler.errors.CompilationError: at 17:30:\n):\n    pid = tl.program_id(0)\n    if pid >= B:\n        return\n\n    off_x = pid * stride_x_batch\n    off_out = pid * embed_dim\n\n    # Process 16 output elements per iteration (vectorized)\n    BLOCK_J = 16\n    for j_block in range(0, embed_dim, BLOCK_J):\n        j_offsets = j_block + tl.arange(0, BLOCK_J)\n                              ^\n\n\nThe above exception was the direct cause of the following exception:\n\nTraceback (most recent call last):\n  File "/home/lijiaxing/.conda/envs/api/lib/python3.10/site-packages/triton/language/core.py", line 42, in wrapper\n    return fn(*args, **kwargs)\n  File "/home/lijiaxing/.conda/envs/api/lib/python3.10/site-packages/triton/language/core.py", line 1654, in arange\n    return _semantic.arange(start, end)\n  File "/home/lijiaxing/.conda/envs/api/lib/python3.10/site-packages/triton/language/semantic.py", line 574, in arange\n    raise ValueError("arange\'s arguments must be of type tl.constexpr")\nValueError: arange\'s arguments must be of type tl.constexpr\n', 'runtime_error_name': 'triton.compiler.errors.CompilationError', 'reference_timing_ms': 2.14, 'speed_up': -1.0, 'custom_timing': -1.0}, 'runtime': -1.0, 'runtime_stats': {}}}
2025-08-08 03:43:09,241 - openevolve.llm.ensemble - INFO - Sampled model: deepseek
2025-08-08 03:43:09,251 - openevolve.threaded_parallel - INFO - Iteration 22: Program 78053359-ed0b-4ef7-85d8-5d0eeeb0d0b5 (parent: 86f97c9d-9758-4243-a0ee-4d6f60acb543) completed in 256.89s
2025-08-08 03:43:09,252 - openevolve.threaded_parallel - INFO - Metrics: compiled=1.0000, correctness=0.0000, score=10.0000, stage=wrong_answer, verify_payload={'id': 'level3_32_ConvolutionalVisionTransformer', 'result': {'compiled': True, 'correctness': False, 'metadata': {'hardware': 'NVIDIA L20Y', 'device': 'cuda:5', 'runtime_error': 'Traceback (most recent call last):\n  File "/home/lijiaxing/.conda/envs/api/lib/python3.10/site-packages/triton/language/core.py", line 42, in wrapper\n    return fn(*args, **kwargs)\n  File "/home/lijiaxing/.conda/envs/api/lib/python3.10/site-packages/triton/language/core.py", line 1654, in arange\n    return _semantic.arange(start, end)\n  File "/home/lijiaxing/.conda/envs/api/lib/python3.10/site-packages/triton/language/semantic.py", line 574, in arange\n    raise ValueError("arange\'s arguments must be of type tl.constexpr")\nValueError: arange\'s arguments must be of type tl.constexpr\n\nThe above exception was the direct cause of the following exception:\n\nTraceback (most recent call last):\n  File "/cpfs01/shared/llm_kernel/hujiakai/KernelLLM/validation_api_server/helpers/evaluations.py", line 720, in run_and_check_correctness\n    output_new = model_new(*inputs)\n  File "/home/lijiaxing/.conda/envs/api/lib/python3.10/site-packages/torch/nn/modules/module.py", line 1773, in _wrapped_call_impl\n    return self._call_impl(*args, **kwargs)\n  File "/home/lijiaxing/.conda/envs/api/lib/python3.10/site-packages/torch/nn/modules/module.py", line 1784, in _call_impl\n    return forward_call(*args, **kwargs)\n  File "/tmp/tmpyjxiw55x.py", line 81, in forward\n    linear_proj_kernel[grid](\n  File "/home/lijiaxing/.conda/envs/api/lib/python3.10/site-packages/triton/runtime/jit.py", line 390, in <lambda>\n    return lambda *args, **kwargs: self.run(grid=grid, warmup=False, *args, **kwargs)\n  File "/home/lijiaxing/.conda/envs/api/lib/python3.10/site-packages/triton/runtime/jit.py", line 594, in run\n    kernel = self.compile(src, target=target, options=options.__dict__)\n  File "/home/lijiaxing/.conda/envs/api/lib/python3.10/site-packages/triton/compiler/compiler.py", line 339, in compile\n    module = src.make_ir(options, codegen_fns, module_map, context)\n  File "/home/lijiaxing/.conda/envs/api/lib/python3.10/site-packages/triton/compiler/compiler.py", line 83, in make_ir\n    return ast_to_ttir(self.fn, self, context=context, options=options, codegen_fns=codegen_fns,\ntriton.compiler.errors.CompilationError: at 17:30:\n):\n    pid = tl.program_id(0)\n    if pid >= B:\n        return\n\n    off_x = pid * stride_x_batch\n    off_out = pid * embed_dim\n\n    # Process 16 output elements per iteration (vectorized)\n    BLOCK_J = 16\n    for j_block in range(0, embed_dim, BLOCK_J):\n        j_offsets = j_block + tl.arange(0, BLOCK_J)\n                              ^\n\n\nThe above exception was the direct cause of the following exception:\n\nTraceback (most recent call last):\n  File "/home/lijiaxing/.conda/envs/api/lib/python3.10/site-packages/triton/language/core.py", line 42, in wrapper\n    return fn(*args, **kwargs)\n  File "/home/lijiaxing/.conda/envs/api/lib/python3.10/site-packages/triton/language/core.py", line 1654, in arange\n    return _semantic.arange(start, end)\n  File "/home/lijiaxing/.conda/envs/api/lib/python3.10/site-packages/triton/language/semantic.py", line 574, in arange\n    raise ValueError("arange\'s arguments must be of type tl.constexpr")\nValueError: arange\'s arguments must be of type tl.constexpr\n', 'runtime_error_name': 'triton.compiler.errors.CompilationError', 'reference_timing_ms': 2.14, 'speed_up': -1.0, 'custom_timing': -1.0}, 'runtime': -1.0, 'runtime_stats': {}}}
2025-08-08 03:47:23,029 - openevolve.RemoteSpeedupEvaluator - INFO - [level3_32_ConvolutionalVisionTransformer] triton key words check pass
2025-08-08 03:47:23,031 - openevolve.RemoteSpeedupEvaluator - INFO - [level3_32_ConvolutionalVisionTransformer] verify_plus payload: reference_code(2733 chars) + custom_code(4372 chars)
2025-08-08 03:47:26,827 - openevolve.RemoteSpeedupEvaluator - INFO - [level3_32_ConvolutionalVisionTransformer] verify_plus request success
2025-08-08 03:47:26,827 - openevolve.RemoteSpeedupEvaluator - INFO - [level3_32_ConvolutionalVisionTransformer] verify_plus response: {"id":"level3_32_ConvolutionalVisionTransformer","result":{"compiled":true,"correctness":true,"metadata":{"hardware":"NVIDIA L20Y","device":"cuda:7","correctness_trials":"(5 / 5)","reference_timing_ms":2.14,"speed_up":0.973,"custom_timing":2.2},"runtime":2.2,"runtime_stats":{"mean":2.2,"std":0.0905,"min":2.08,"max":2.45,"num_trials":100,"hardware":"NVIDIA L20Y","device":"cuda:7"}}}
2025-08-08 03:47:26,828 - openevolve.RemoteSpeedupEvaluator - INFO - [level3_32_ConvolutionalVisionTransformer] âœ” success | speed_up=0.973  score=20.00
2025-08-08 03:47:26,828 - openevolve.evaluator - INFO - Evaluated program 610a3a52-17c8-471f-8854-29a2b8b3959a in 3.80s: compiled=1.0000, correctness=1.0000, stage=success, passed=0.0000, score=20.0000, speed_up=0.9730, runtime_ms=2.2000, meta={'hardware': 'NVIDIA L20Y', 'device': 'cuda:7', 'correctness_trials': '(5 / 5)', 'reference_timing_ms': 2.14, 'speed_up': 0.973, 'custom_timing': 2.2}
2025-08-08 03:47:26,839 - openevolve.llm.ensemble - INFO - Sampled model: deepseek
2025-08-08 03:47:26,849 - openevolve.threaded_parallel - INFO - Iteration 23: Program 610a3a52-17c8-471f-8854-29a2b8b3959a (parent: 2d093d35-3489-460d-97f6-ec5a98d13d4e) completed in 445.62s
2025-08-08 03:47:26,850 - openevolve.threaded_parallel - INFO - Metrics: compiled=1.0000, correctness=1.0000, stage=success, passed=0.0000, score=20.0000, speed_up=0.9730, runtime_ms=2.2000, meta={'hardware': 'NVIDIA L20Y', 'device': 'cuda:7', 'correctness_trials': '(5 / 5)', 'reference_timing_ms': 2.14, 'speed_up': 0.973, 'custom_timing': 2.2}
2025-08-08 03:47:31,426 - openevolve.RemoteSpeedupEvaluator - INFO - [level3_32_ConvolutionalVisionTransformer] triton key words check pass
2025-08-08 03:47:31,427 - openevolve.RemoteSpeedupEvaluator - INFO - [level3_32_ConvolutionalVisionTransformer] verify_plus payload: reference_code(2733 chars) + custom_code(3508 chars)
2025-08-08 03:47:35,065 - openevolve.RemoteSpeedupEvaluator - INFO - [level3_32_ConvolutionalVisionTransformer] verify_plus request success
2025-08-08 03:47:35,065 - openevolve.RemoteSpeedupEvaluator - INFO - [level3_32_ConvolutionalVisionTransformer] verify_plus response: {"id":"level3_32_ConvolutionalVisionTransformer","result":{"compiled":true,"correctness":true,"metadata":{"hardware":"NVIDIA L20Y","device":"cuda:0","correctness_trials":"(5 / 5)","reference_timing_ms":2.14,"speed_up":0.991,"custom_timing":2.16},"runtime":2.16,"runtime_stats":{"mean":2.16,"std":0.0306,"min":2.09,"max":2.23,"num_trials":100,"hardware":"NVIDIA L20Y","device":"cuda:0"}}}
2025-08-08 03:47:35,066 - openevolve.RemoteSpeedupEvaluator - INFO - [level3_32_ConvolutionalVisionTransformer] âœ” success | speed_up=0.991  score=20.00
2025-08-08 03:47:35,066 - openevolve.evaluator - INFO - Evaluated program 26336ee8-c056-406b-9912-1b80da1e8bf1 in 3.64s: compiled=1.0000, correctness=1.0000, stage=success, passed=0.0000, score=20.0000, speed_up=0.9910, runtime_ms=2.1600, meta={'hardware': 'NVIDIA L20Y', 'device': 'cuda:0', 'correctness_trials': '(5 / 5)', 'reference_timing_ms': 2.14, 'speed_up': 0.991, 'custom_timing': 2.16}
2025-08-08 03:47:35,069 - openevolve.database - INFO - Population size (26) exceeds limit (25), removing 1 programs
2025-08-08 03:47:35,069 - openevolve.database - INFO - Population size after cleanup: 25
2025-08-08 03:47:35,070 - openevolve.llm.ensemble - INFO - Sampled model: deepseek
2025-08-08 03:47:35,081 - openevolve.threaded_parallel - INFO - Iteration 24: Program 26336ee8-c056-406b-9912-1b80da1e8bf1 (parent: a6631707-513c-4ff5-9ebc-345471d6ce0d) completed in 386.01s
2025-08-08 03:47:35,081 - openevolve.threaded_parallel - INFO - Metrics: compiled=1.0000, correctness=1.0000, stage=success, passed=0.0000, score=20.0000, speed_up=0.9910, runtime_ms=2.1600, meta={'hardware': 'NVIDIA L20Y', 'device': 'cuda:0', 'correctness_trials': '(5 / 5)', 'reference_timing_ms': 2.14, 'speed_up': 0.991, 'custom_timing': 2.16}
2025-08-08 03:47:35,081 - openevolve.threaded_parallel - INFO - Checkpoint interval reached at iteration 24
2025-08-08 03:47:35,083 - openevolve.database - INFO - Island Status:
2025-08-08 03:47:35,083 - openevolve.database - INFO -    Island 0: 9 programs, best=22.4000, avg=-25.1778, diversity=590.77, gen=8 (best: 54e8578f-33d1-4a5e-a86a-edced35a2ee2)
2025-08-08 03:47:35,083 - openevolve.database - INFO -    Island 1: 9 programs, best=20.0000, avg=-1.0000, diversity=160.30, gen=9 (best: 86f97c9d-9758-4243-a0ee-4d6f60acb543)
2025-08-08 03:47:35,083 - openevolve.database - INFO -  * Island 2: 8 programs, best=20.0000, avg=12.6250, diversity=149.45, gen=8 (best: bd7052b8-913b-4688-a1c3-bc191faf4394)
2025-08-08 03:47:35,455 - openevolve.database - INFO - Saved database with 25 programs to openevolve_output/level3_32_ConvolutionalVisionTransformer/checkpoints/checkpoint_24
2025-08-08 03:47:35,473 - openevolve.controller - INFO - Saved best program at checkpoint 24 with metrics: compiled=1.0000, correctness=1.0000, stage=success, passed=1.0000, score=22.4000, speed_up=1.0240, runtime_ms=2.0900, meta={'hardware': 'NVIDIA L20Y', 'device': 'cuda:0', 'correctness_trials': '(5 / 5)', 'reference_timing_ms': 2.14, 'speed_up': 1.024, 'custom_timing': 2.09}
2025-08-08 03:47:35,473 - openevolve.controller - INFO - Saved checkpoint at iteration 24 to openevolve_output/level3_32_ConvolutionalVisionTransformer/checkpoints/checkpoint_24
2025-08-08 03:48:39,870 - openevolve.RemoteSpeedupEvaluator - INFO - [level3_32_ConvolutionalVisionTransformer] triton key words check pass
2025-08-08 03:48:39,872 - openevolve.RemoteSpeedupEvaluator - INFO - [level3_32_ConvolutionalVisionTransformer] verify_plus payload: reference_code(2733 chars) + custom_code(3909 chars)
2025-08-08 03:48:43,275 - openevolve.RemoteSpeedupEvaluator - INFO - [level3_32_ConvolutionalVisionTransformer] verify_plus request success
2025-08-08 03:48:43,275 - openevolve.RemoteSpeedupEvaluator - INFO - [level3_32_ConvolutionalVisionTransformer] verify_plus response: {"id":"level3_32_ConvolutionalVisionTransformer","result":{"compiled":true,"correctness":true,"metadata":{"hardware":"NVIDIA L20Y","device":"cuda:4","correctness_trials":"(5 / 5)","reference_timing_ms":2.14,"speed_up":1.054,"custom_timing":2.03},"runtime":2.03,"runtime_stats":{"mean":2.03,"std":0.0302,"min":1.98,"max":2.12,"num_trials":100,"hardware":"NVIDIA L20Y","device":"cuda:4"}}}
2025-08-08 03:48:43,275 - openevolve.RemoteSpeedupEvaluator - INFO - [level3_32_ConvolutionalVisionTransformer] âœ” success | speed_up=1.054  score=25.40
2025-08-08 03:48:43,276 - openevolve.evaluator - INFO - Evaluated program eaf1b902-79ce-462a-b73a-37c59428da1c in 3.41s: compiled=1.0000, correctness=1.0000, stage=success, passed=1.0000, score=25.4000, speed_up=1.0540, runtime_ms=2.0300, meta={'hardware': 'NVIDIA L20Y', 'device': 'cuda:4', 'correctness_trials': '(5 / 5)', 'reference_timing_ms': 2.14, 'speed_up': 1.054, 'custom_timing': 2.03}
2025-08-08 03:48:43,279 - openevolve.llm.ensemble - INFO - Sampled model: deepseek
2025-08-08 03:48:43,281 - openevolve.database - INFO - MAP-Elites cell improved: {'score': 9, 'complexity': 7} (fitness: 20.000 -> 25.400)
2025-08-08 03:48:43,281 - openevolve.database - INFO - Population size (26) exceeds limit (25), removing 1 programs
2025-08-08 03:48:43,281 - openevolve.database - INFO - Population size after cleanup: 25
2025-08-08 03:48:43,281 - openevolve.database - INFO - New best program eaf1b902-79ce-462a-b73a-37c59428da1c replaces 54e8578f-33d1-4a5e-a86a-edced35a2ee2
2025-08-08 03:48:43,400 - openevolve.threaded_parallel - INFO - Iteration 25: Program eaf1b902-79ce-462a-b73a-37c59428da1c (parent: f1043837-8612-491e-9d61-960bfe2b89eb) completed in 334.03s
2025-08-08 03:48:43,400 - openevolve.threaded_parallel - INFO - Metrics: compiled=1.0000, correctness=1.0000, stage=success, passed=1.0000, score=25.4000, speed_up=1.0540, runtime_ms=2.0300, meta={'hardware': 'NVIDIA L20Y', 'device': 'cuda:4', 'correctness_trials': '(5 / 5)', 'reference_timing_ms': 2.14, 'speed_up': 1.054, 'custom_timing': 2.03}
2025-08-08 03:48:43,400 - openevolve.threaded_parallel - INFO - ðŸŒŸ New best solution found at iteration 25: eaf1b902-79ce-462a-b73a-37c59428da1c
2025-08-08 03:52:32,068 - openevolve.RemoteSpeedupEvaluator - INFO - [level3_32_ConvolutionalVisionTransformer] âœ˜ invalid_answer 'import triton' is not found
2025-08-08 03:52:32,070 - openevolve.evaluator - INFO - Evaluated program 45b994e4-22d1-437c-8da5-3051e7f3a15d in 0.00s: compiled=0.0000, correctness=0.0000, score=-100.0000, stage=no_valid_triton_code, feedback=You need to generate real and valid triton code for the core function. The key word 'import triton' is not found.
2025-08-08 03:52:32,075 - openevolve.llm.ensemble - INFO - Sampled model: deepseek
2025-08-08 03:52:32,080 - openevolve.database - INFO - Population size (26) exceeds limit (25), removing 1 programs
2025-08-08 03:52:32,080 - openevolve.database - INFO - Population size after cleanup: 25
2025-08-08 03:52:32,087 - openevolve.threaded_parallel - INFO - Iteration 28: Program 45b994e4-22d1-437c-8da5-3051e7f3a15d (parent: 86f97c9d-9758-4243-a0ee-4d6f60acb543) completed in 228.79s
2025-08-08 03:52:32,087 - openevolve.threaded_parallel - INFO - Metrics: compiled=0.0000, correctness=0.0000, score=-100.0000, stage=no_valid_triton_code, feedback=You need to generate real and valid triton code for the core function. The key word 'import triton' is not found.
2025-08-08 03:53:03,731 - openevolve.RemoteSpeedupEvaluator - INFO - [level3_32_ConvolutionalVisionTransformer] âœ˜ invalid_answer 'import triton' is not found
2025-08-08 03:53:03,733 - openevolve.evaluator - INFO - Evaluated program 3de31a9e-f5e5-4e9c-b446-326cd10c3cec in 0.00s: compiled=0.0000, correctness=0.0000, score=-100.0000, stage=no_valid_triton_code, feedback=You need to generate real and valid triton code for the core function. The key word 'import triton' is not found.
2025-08-08 03:53:03,737 - openevolve.database - INFO - New MAP-Elites cell occupied: {'score': -1000, 'complexity': 0}
2025-08-08 03:53:03,737 - openevolve.database - INFO - Population size (26) exceeds limit (25), removing 1 programs
2025-08-08 03:53:03,737 - openevolve.database - INFO - Population size after cleanup: 25
2025-08-08 03:53:03,744 - openevolve.threaded_parallel - INFO - Iteration 27: Program 3de31a9e-f5e5-4e9c-b446-326cd10c3cec (parent: ebc8a2a3-ac37-4225-acaa-126a148c8fe8) completed in 328.66s
2025-08-08 03:53:03,744 - openevolve.threaded_parallel - INFO - Metrics: compiled=0.0000, correctness=0.0000, score=-100.0000, stage=no_valid_triton_code, feedback=You need to generate real and valid triton code for the core function. The key word 'import triton' is not found.
2025-08-08 03:53:03,744 - openevolve.threaded_parallel - INFO - Checkpoint interval reached at iteration 27
2025-08-08 03:53:03,746 - openevolve.database - INFO - Island Status:
2025-08-08 03:53:03,746 - openevolve.database - INFO -    Island 0: 8 programs, best=22.4000, avg=-15.8250, diversity=691.12, gen=9 (best: 54e8578f-33d1-4a5e-a86a-edced35a2ee2)
2025-08-08 03:53:03,746 - openevolve.database - INFO -    Island 1: 9 programs, best=20.0000, avg=-1.0000, diversity=499.58, gen=10 (best: 86f97c9d-9758-4243-a0ee-4d6f60acb543)
2025-08-08 03:53:03,746 - openevolve.database - INFO -  * Island 2: 9 programs, best=25.4000, avg=14.0444, diversity=149.45, gen=9 (best: eaf1b902-79ce-462a-b73a-37c59428da1c)
2025-08-08 03:53:04,045 - openevolve.database - INFO - Saved database with 25 programs to openevolve_output/level3_32_ConvolutionalVisionTransformer/checkpoints/checkpoint_27
2025-08-08 03:53:04,056 - openevolve.controller - INFO - Saved best program at checkpoint 27 with metrics: compiled=1.0000, correctness=1.0000, stage=success, passed=1.0000, score=25.4000, speed_up=1.0540, runtime_ms=2.0300, meta={'hardware': 'NVIDIA L20Y', 'device': 'cuda:4', 'correctness_trials': '(5 / 5)', 'reference_timing_ms': 2.14, 'speed_up': 1.054, 'custom_timing': 2.03}
2025-08-08 03:53:04,056 - openevolve.controller - INFO - Saved checkpoint at iteration 27 to openevolve_output/level3_32_ConvolutionalVisionTransformer/checkpoints/checkpoint_27
2025-08-08 03:57:29,387 - openevolve.RemoteSpeedupEvaluator - INFO - [level3_32_ConvolutionalVisionTransformer] âœ˜ invalid_answer 'import triton' is not found
2025-08-08 03:57:29,389 - openevolve.evaluator - INFO - Evaluated program 00b44710-c99d-4a3e-bd73-b44bca0ba517 in 0.00s: compiled=0.0000, correctness=0.0000, score=-100.0000, stage=no_valid_triton_code, feedback=You need to generate real and valid triton code for the core function. The key word 'import triton' is not found.
2025-08-08 03:57:29,392 - openevolve.database - INFO - New MAP-Elites cell occupied: {'score': -1000, 'complexity': 4}
2025-08-08 03:57:29,393 - openevolve.database - INFO - Population size (26) exceeds limit (25), removing 1 programs
2025-08-08 03:57:29,393 - openevolve.database - INFO - Population size after cleanup: 25
2025-08-08 03:57:29,401 - openevolve.threaded_parallel - INFO - Iteration 29: Program 00b44710-c99d-4a3e-bd73-b44bca0ba517 (parent: 694d2ece-c660-4511-a1e5-25b7ceabcfa1) completed in 297.31s
2025-08-08 03:57:29,401 - openevolve.threaded_parallel - INFO - Metrics: compiled=0.0000, correctness=0.0000, score=-100.0000, stage=no_valid_triton_code, feedback=You need to generate real and valid triton code for the core function. The key word 'import triton' is not found.
2025-08-08 04:00:47,330 - openevolve.RemoteSpeedupEvaluator - INFO - [level3_32_ConvolutionalVisionTransformer] triton key words check pass
2025-08-08 04:00:47,332 - openevolve.RemoteSpeedupEvaluator - INFO - [level3_32_ConvolutionalVisionTransformer] verify_plus payload: reference_code(2733 chars) + custom_code(3604 chars)
2025-08-08 04:00:51,580 - openevolve.RemoteSpeedupEvaluator - INFO - [level3_32_ConvolutionalVisionTransformer] verify_plus request success
2025-08-08 04:00:51,580 - openevolve.RemoteSpeedupEvaluator - INFO - [level3_32_ConvolutionalVisionTransformer] verify_plus response: {"id":"level3_32_ConvolutionalVisionTransformer","result":{"compiled":true,"correctness":true,"metadata":{"hardware":"NVIDIA L20Y","device":"cuda:4","correctness_trials":"(5 / 5)","reference_timing_ms":2.14,"speed_up":1.009,"custom_timing":2.12},"runtime":2.12,"runtime_stats":{"mean":2.12,"std":0.0268,"min":2.07,"max":2.18,"num_trials":100,"hardware":"NVIDIA L20Y","device":"cuda:4"}}}
2025-08-08 04:00:51,580 - openevolve.RemoteSpeedupEvaluator - INFO - [level3_32_ConvolutionalVisionTransformer] âœ” success | speed_up=1.009  score=20.90
2025-08-08 04:00:51,581 - openevolve.evaluator - INFO - Evaluated program 6a642a55-971a-4c49-8d61-9ae3b697530c in 4.25s: compiled=1.0000, correctness=1.0000, stage=success, passed=1.0000, score=20.9000, speed_up=1.0090, runtime_ms=2.1200, meta={'hardware': 'NVIDIA L20Y', 'device': 'cuda:4', 'correctness_trials': '(5 / 5)', 'reference_timing_ms': 2.14, 'speed_up': 1.009, 'custom_timing': 2.12}
2025-08-08 04:00:51,586 - openevolve.database - INFO - Population size (26) exceeds limit (25), removing 1 programs
2025-08-08 04:00:51,586 - openevolve.database - INFO - Population size after cleanup: 25
2025-08-08 04:00:51,600 - openevolve.threaded_parallel - INFO - Iteration 26: Program 6a642a55-971a-4c49-8d61-9ae3b697530c (parent: 1635cb7e-83fa-4d57-8584-21f409851015) completed in 804.74s
2025-08-08 04:00:51,600 - openevolve.threaded_parallel - INFO - Metrics: compiled=1.0000, correctness=1.0000, stage=success, passed=1.0000, score=20.9000, speed_up=1.0090, runtime_ms=2.1200, meta={'hardware': 'NVIDIA L20Y', 'device': 'cuda:4', 'correctness_trials': '(5 / 5)', 'reference_timing_ms': 2.14, 'speed_up': 1.009, 'custom_timing': 2.12}
2025-08-08 04:00:51,600 - openevolve.threaded_parallel - INFO - Evolution completed
2025-08-08 04:00:51,607 - openevolve.threaded_parallel - INFO - Stopped thread pool
2025-08-08 04:00:51,607 - openevolve.threaded_parallel - INFO - Stopped improved parallel controller
2025-08-08 04:00:51,607 - openevolve.controller - INFO - Using tracked best program: eaf1b902-79ce-462a-b73a-37c59428da1c
2025-08-08 04:00:51,607 - openevolve.controller - INFO - Evolution complete. Best program has metrics: compiled=1.0000, correctness=1.0000, stage=success, passed=1.0000, score=25.4000, speed_up=1.0540, runtime_ms=2.0300, meta={'hardware': 'NVIDIA L20Y', 'device': 'cuda:4', 'correctness_trials': '(5 / 5)', 'reference_timing_ms': 2.14, 'speed_up': 1.054, 'custom_timing': 2.03}
2025-08-08 04:00:51,620 - openevolve.controller - INFO - Saved best program to openevolve_output/level3_32_ConvolutionalVisionTransformer/best/best_program.py with program info to openevolve_output/level3_32_ConvolutionalVisionTransformer/best/best_program_info.json
2025-08-08 04:00:51,621 - __main__ - INFO - âœ… å®Œæˆ level3_32_ConvolutionalVisionTransformer
2025-08-08 04:00:51,621 - __main__ - INFO - ======================================================================
2025-08-08 04:00:51,621 - __main__ - INFO - ðŸš€ [6/6] å¼€å§‹ level4_14_google-electra-small-discriminator_bs32_seq256
2025-08-08 04:00:51,621 - __main__ - INFO - ======================================================================
2025-08-08 04:00:51,676 - openevolve.controller - INFO - Logging to openevolve_output/level4_14_google-electra-small-discriminator_bs32_seq256/logs/openevolve_20250808_040051.log
2025-08-08 04:00:51,676 - openevolve.controller - INFO - Set random seed to 42 for reproducibility
2025-08-08 04:00:51,716 - openevolve.llm.ensemble - INFO - Initialized LLM ensemble with models: deepseek (weight: 0.80), deepseek (weight: 0.20)
2025-08-08 04:00:51,755 - openevolve.llm.ensemble - INFO - Initialized LLM ensemble with models: deepseek (weight: 0.80), deepseek (weight: 0.20)
2025-08-08 04:00:51,756 - openevolve.prompt.sampler - INFO - Set custom templates: system=evaluator_system_message, user=None
2025-08-08 04:00:51,756 - openevolve.database - INFO - Initialized program database with 0 programs
2025-08-08 04:00:51,779 - openevolve.evaluator - INFO - Successfully loaded evaluation function from openevolve_output/level4_14_google-electra-small-discriminator_bs32_seq256/evaluation.py
2025-08-08 04:00:51,779 - openevolve.evaluator - INFO - Initialized evaluator with openevolve_output/level4_14_google-electra-small-discriminator_bs32_seq256/evaluation.py
2025-08-08 04:00:51,779 - openevolve.controller - INFO - Initialized OpenEvolve with /tmp/e5bd48d73dc656fa21ed988511b800c7.py
2025-08-08 04:00:51,779 - openevolve.controller - INFO - Adding initial program to database
2025-08-08 04:00:51,780 - openevolve.RemoteSpeedupEvaluator - INFO - [level4_14_google-electra-small-discriminator_bs32_seq256] verify_plus payload: reference_code(733 chars) + custom_code(854 chars)
2025-08-08 04:00:54,303 - openevolve.RemoteSpeedupEvaluator - INFO - [level4_14_google-electra-small-discriminator_bs32_seq256] verify_plus request success
2025-08-08 04:00:54,303 - openevolve.RemoteSpeedupEvaluator - INFO - [level4_14_google-electra-small-discriminator_bs32_seq256] verify_plus response: {"id":"level4_14_google-electra-small-discriminator_bs32_seq256","result":{"error":"No module named 'transformers'\nTraceback (most recent call last):\n  File \"/cpfs01/shared/llm_kernel/hujiakai/KernelLLM/validation_api_server/evaluator.py\", line 92, in _measure_perf_worker\n    exec(textwrap.dedent(code_src), temp_module.__dict__)\n  File \"<string>\", line 3, in <module>\nModuleNotFoundError: No module named 'transformers'\n"}}
2025-08-08 04:00:54,304 - openevolve.evaluator - WARNING - Evaluation attempt 1/4 failed for program 49cc2f72-ba70-420d-9882-b154f4cc8938: Error: The reference code is not valid or correct. The verify result is: {'error': 'No module named \'transformers\'\nTraceback (most recent call last):\n  File "/cpfs01/shared/llm_kernel/hujiakai/KernelLLM/validation_api_server/evaluator.py", line 92, in _measure_perf_worker\n    exec(textwrap.dedent(code_src), temp_module.__dict__)\n  File "<string>", line 3, in <module>\nModuleNotFoundError: No module named \'transformers\'\n'}
2025-08-08 04:00:55,311 - openevolve.RemoteSpeedupEvaluator - INFO - [level4_14_google-electra-small-discriminator_bs32_seq256] verify_plus payload: reference_code(733 chars) + custom_code(854 chars)
2025-08-08 04:00:57,559 - openevolve.RemoteSpeedupEvaluator - INFO - [level4_14_google-electra-small-discriminator_bs32_seq256] verify_plus request success
2025-08-08 04:00:57,559 - openevolve.RemoteSpeedupEvaluator - INFO - [level4_14_google-electra-small-discriminator_bs32_seq256] verify_plus response: {"id":"level4_14_google-electra-small-discriminator_bs32_seq256","result":{"error":"No module named 'transformers'\nTraceback (most recent call last):\n  File \"/cpfs01/shared/llm_kernel/hujiakai/KernelLLM/validation_api_server/evaluator.py\", line 92, in _measure_perf_worker\n    exec(textwrap.dedent(code_src), temp_module.__dict__)\n  File \"<string>\", line 3, in <module>\nModuleNotFoundError: No module named 'transformers'\n"}}
2025-08-08 04:00:57,559 - openevolve.evaluator - WARNING - Evaluation attempt 2/4 failed for program 49cc2f72-ba70-420d-9882-b154f4cc8938: Error: The reference code is not valid or correct. The verify result is: {'error': 'No module named \'transformers\'\nTraceback (most recent call last):\n  File "/cpfs01/shared/llm_kernel/hujiakai/KernelLLM/validation_api_server/evaluator.py", line 92, in _measure_perf_worker\n    exec(textwrap.dedent(code_src), temp_module.__dict__)\n  File "<string>", line 3, in <module>\nModuleNotFoundError: No module named \'transformers\'\n'}
2025-08-08 04:00:58,563 - openevolve.RemoteSpeedupEvaluator - INFO - [level4_14_google-electra-small-discriminator_bs32_seq256] verify_plus payload: reference_code(733 chars) + custom_code(854 chars)
2025-08-08 04:01:00,813 - openevolve.RemoteSpeedupEvaluator - INFO - [level4_14_google-electra-small-discriminator_bs32_seq256] verify_plus request success
2025-08-08 04:01:00,813 - openevolve.RemoteSpeedupEvaluator - INFO - [level4_14_google-electra-small-discriminator_bs32_seq256] verify_plus response: {"id":"level4_14_google-electra-small-discriminator_bs32_seq256","result":{"error":"No module named 'transformers'\nTraceback (most recent call last):\n  File \"/cpfs01/shared/llm_kernel/hujiakai/KernelLLM/validation_api_server/evaluator.py\", line 92, in _measure_perf_worker\n    exec(textwrap.dedent(code_src), temp_module.__dict__)\n  File \"<string>\", line 3, in <module>\nModuleNotFoundError: No module named 'transformers'\n"}}
2025-08-08 04:01:00,813 - openevolve.evaluator - WARNING - Evaluation attempt 3/4 failed for program 49cc2f72-ba70-420d-9882-b154f4cc8938: Error: The reference code is not valid or correct. The verify result is: {'error': 'No module named \'transformers\'\nTraceback (most recent call last):\n  File "/cpfs01/shared/llm_kernel/hujiakai/KernelLLM/validation_api_server/evaluator.py", line 92, in _measure_perf_worker\n    exec(textwrap.dedent(code_src), temp_module.__dict__)\n  File "<string>", line 3, in <module>\nModuleNotFoundError: No module named \'transformers\'\n'}
2025-08-08 04:01:01,816 - openevolve.RemoteSpeedupEvaluator - INFO - [level4_14_google-electra-small-discriminator_bs32_seq256] verify_plus payload: reference_code(733 chars) + custom_code(854 chars)
2025-08-08 04:01:04,794 - openevolve.RemoteSpeedupEvaluator - INFO - [level4_14_google-electra-small-discriminator_bs32_seq256] verify_plus request success
2025-08-08 04:01:04,794 - openevolve.RemoteSpeedupEvaluator - INFO - [level4_14_google-electra-small-discriminator_bs32_seq256] verify_plus response: {"id":"level4_14_google-electra-small-discriminator_bs32_seq256","result":{"error":"No module named 'transformers'\nTraceback (most recent call last):\n  File \"/cpfs01/shared/llm_kernel/hujiakai/KernelLLM/validation_api_server/evaluator.py\", line 92, in _measure_perf_worker\n    exec(textwrap.dedent(code_src), temp_module.__dict__)\n  File \"<string>\", line 3, in <module>\nModuleNotFoundError: No module named 'transformers'\n"}}
2025-08-08 04:01:04,795 - openevolve.evaluator - WARNING - Evaluation attempt 4/4 failed for program 49cc2f72-ba70-420d-9882-b154f4cc8938: Error: The reference code is not valid or correct. The verify result is: {'error': 'No module named \'transformers\'\nTraceback (most recent call last):\n  File "/cpfs01/shared/llm_kernel/hujiakai/KernelLLM/validation_api_server/evaluator.py", line 92, in _measure_perf_worker\n    exec(textwrap.dedent(code_src), temp_module.__dict__)\n  File "<string>", line 3, in <module>\nModuleNotFoundError: No module named \'transformers\'\n'}
2025-08-08 04:01:04,796 - openevolve.evaluator - ERROR - All evaluation attempts failed for program 49cc2f72-ba70-420d-9882-b154f4cc8938. Last error: Error: The reference code is not valid or correct. The verify result is: {'error': 'No module named \'transformers\'\nTraceback (most recent call last):\n  File "/cpfs01/shared/llm_kernel/hujiakai/KernelLLM/validation_api_server/evaluator.py", line 92, in _measure_perf_worker\n    exec(textwrap.dedent(code_src), temp_module.__dict__)\n  File "<string>", line 3, in <module>\nModuleNotFoundError: No module named \'transformers\'\n'}
2025-08-08 04:01:04,796 - __main__ - ERROR - ðŸ’¥ å¤±è´¥ level4_14_google-electra-small-discriminator_bs32_seq256: 'score'
2025-08-08 04:01:04,797 - __main__ - INFO - ----------------------------------------------------------------------
2025-08-08 04:01:04,797 - __main__ - INFO - ðŸ“Š è¿›ç¨‹ rank=4 ç»“æŸ | æˆåŠŸ 5 | å¤±è´¥ 1
2025-08-08 04:01:04,797 - __main__ - INFO - ----------------------------------------------------------------------
