2025-08-12 15:13:10,549 - openevolve.controller - INFO - Logging to openevolve_output/level1_78_conv_transposed_2D_asymmetric_input_asymmetric_kernel___padded__/logs/openevolve_20250812_151310.log
2025-08-12 15:13:10,549 - openevolve.controller - INFO - Set random seed to 42 for reproducibility
2025-08-12 15:13:10,589 - openevolve.llm.ensemble - INFO - Initialized LLM ensemble with models: deepseek (weight: 0.80), deepseek (weight: 0.20)
2025-08-12 15:13:10,628 - openevolve.llm.ensemble - INFO - Initialized LLM ensemble with models: deepseek (weight: 0.80), deepseek (weight: 0.20)
2025-08-12 15:13:10,628 - openevolve.prompt.sampler - INFO - Set custom templates: system=evaluator_system_message, user=None
2025-08-12 15:13:10,679 - openevolve.database - INFO - Reconstructed islands: restored 0 programs to islands
2025-08-12 15:13:10,680 - openevolve.database - INFO - No island assignments found, distributing programs across islands
2025-08-12 15:13:10,680 - openevolve.database - INFO - Distributed 29 programs across 3 islands
2025-08-12 15:13:10,680 - openevolve.database - INFO - Loaded database with 29 programs from openevolve_output/level1_78_conv_transposed_2D_asymmetric_input_asymmetric_kernel___padded__/triton_kernel_evolution
2025-08-12 15:13:10,682 - openevolve.database - INFO - Island Status:
2025-08-12 15:13:10,682 - openevolve.database - INFO -  * Island 0: 10 programs, best=10.0000, avg=-2.0000, diversity=49.70, gen=0
2025-08-12 15:13:10,682 - openevolve.database - INFO -    Island 1: 10 programs, best=10.0000, avg=-1.0000, diversity=136.88, gen=0
2025-08-12 15:13:10,682 - openevolve.database - INFO -    Island 2: 9 programs, best=20.0000, avg=11.1111, diversity=347.68, gen=0
2025-08-12 15:13:10,682 - openevolve.database - INFO - Initialized program database with 29 programs
2025-08-12 15:13:10,705 - openevolve.evaluator - INFO - Successfully loaded evaluation function from openevolve_output/level1_78_conv_transposed_2D_asymmetric_input_asymmetric_kernel___padded__/evaluation.py
2025-08-12 15:13:10,705 - openevolve.evaluator - INFO - Initialized evaluator with openevolve_output/level1_78_conv_transposed_2D_asymmetric_input_asymmetric_kernel___padded__/evaluation.py
2025-08-12 15:13:10,705 - openevolve.controller - INFO - Initialized OpenEvolve with /tmp/9f9c9ea67ce357926eca0142a1413354.py
2025-08-12 15:13:10,705 - openevolve.controller - INFO - Skipping initial program addition (resuming from iteration 0 with 29 existing programs)
2025-08-12 15:13:10,705 - openevolve.threaded_parallel - INFO - Initializing threaded evaluation pool with 3 workers
2025-08-12 15:13:10,705 - openevolve.threaded_parallel - INFO - Started thread pool with 3 threads
2025-08-12 15:13:10,705 - openevolve.threaded_parallel - INFO - Started improved parallel controller
2025-08-12 15:13:10,705 - openevolve.controller - INFO - Using island-based evolution with 3 islands
2025-08-12 15:13:10,707 - openevolve.database - INFO - Island Status:
2025-08-12 15:13:10,707 - openevolve.database - INFO -  * Island 0: 10 programs, best=10.0000, avg=-2.0000, diversity=49.70, gen=0
2025-08-12 15:13:10,708 - openevolve.database - INFO -    Island 1: 10 programs, best=10.0000, avg=-1.0000, diversity=136.88, gen=0
2025-08-12 15:13:10,708 - openevolve.database - INFO -    Island 2: 9 programs, best=20.0000, avg=11.1111, diversity=347.68, gen=0
2025-08-12 15:13:10,708 - openevolve.threaded_parallel - INFO - Starting improved parallel evolution from iteration 0 for 30 iterations (total: 30)
2025-08-12 15:13:10,915 - openevolve.llm.ensemble - INFO - Initialized LLM ensemble with models: deepseek (weight: 0.80), deepseek (weight: 0.20)
2025-08-12 15:13:10,915 - openevolve.llm.ensemble - INFO - Initialized LLM ensemble with models: deepseek (weight: 0.80), deepseek (weight: 0.20)
2025-08-12 15:13:10,943 - openevolve.llm.ensemble - INFO - Initialized LLM ensemble with models: deepseek (weight: 0.80), deepseek (weight: 0.20)
2025-08-12 15:13:11,152 - openevolve.llm.ensemble - INFO - Initialized LLM ensemble with models: deepseek (weight: 0.80), deepseek (weight: 0.20)
2025-08-12 15:13:11,152 - openevolve.prompt.sampler - INFO - Set custom templates: system=evaluator_system_message, user=None
2025-08-12 15:13:11,154 - openevolve.evaluator - INFO - Successfully loaded evaluation function from openevolve_output/level1_78_conv_transposed_2D_asymmetric_input_asymmetric_kernel___padded__/evaluation.py
2025-08-12 15:13:11,154 - openevolve.evaluator - INFO - Initialized evaluator with openevolve_output/level1_78_conv_transposed_2D_asymmetric_input_asymmetric_kernel___padded__/evaluation.py
2025-08-12 15:13:11,156 - openevolve.llm.ensemble - INFO - Initialized LLM ensemble with models: deepseek (weight: 0.80), deepseek (weight: 0.20)
2025-08-12 15:13:11,156 - openevolve.prompt.sampler - INFO - Set custom templates: system=evaluator_system_message, user=None
2025-08-12 15:13:11,157 - openevolve.llm.ensemble - INFO - Sampled model: deepseek
2025-08-12 15:13:11,159 - openevolve.evaluator - INFO - Successfully loaded evaluation function from openevolve_output/level1_78_conv_transposed_2D_asymmetric_input_asymmetric_kernel___padded__/evaluation.py
2025-08-12 15:13:11,159 - openevolve.evaluator - INFO - Initialized evaluator with openevolve_output/level1_78_conv_transposed_2D_asymmetric_input_asymmetric_kernel___padded__/evaluation.py
2025-08-12 15:13:11,162 - openevolve.llm.ensemble - INFO - Initialized LLM ensemble with models: deepseek (weight: 0.80), deepseek (weight: 0.20)
2025-08-12 15:13:11,162 - openevolve.prompt.sampler - INFO - Set custom templates: system=evaluator_system_message, user=None
2025-08-12 15:13:11,163 - openevolve.llm.ensemble - INFO - Sampled model: deepseek
2025-08-12 15:13:11,164 - openevolve.evaluator - INFO - Successfully loaded evaluation function from openevolve_output/level1_78_conv_transposed_2D_asymmetric_input_asymmetric_kernel___padded__/evaluation.py
2025-08-12 15:13:11,164 - openevolve.evaluator - INFO - Initialized evaluator with openevolve_output/level1_78_conv_transposed_2D_asymmetric_input_asymmetric_kernel___padded__/evaluation.py
2025-08-12 15:13:11,167 - openevolve.llm.ensemble - INFO - Sampled model: deepseek
2025-08-12 15:20:14,850 - openevolve.RemoteSpeedupEvaluator - INFO - [level1_78_conv_transposed_2D_asymmetric_input_asymmetric_kernel___padded__] ‚úò invalid_answer 'import triton' is not found
2025-08-12 15:20:14,852 - openevolve.evaluator - INFO - Evaluated program d75cc406-af55-4478-9c5e-c8c35634999b in 0.00s: compiled=0.0000, correctness=0.0000, score=-100.0000, stage=no_valid_triton_code, feedback=You need to generate real and valid triton code for the core function. The key word 'import triton' is not found.
2025-08-12 15:20:14,855 - openevolve.database - INFO - New MAP-Elites cell occupied: {'score': -1000, 'complexity': 0}
2025-08-12 15:20:14,856 - openevolve.database - INFO - Population size (30) exceeds limit (25), removing 5 programs
2025-08-12 15:20:14,856 - openevolve.database - INFO - Population size after cleanup: 25
2025-08-12 15:20:14,857 - openevolve.llm.ensemble - INFO - Sampled model: deepseek
2025-08-12 15:20:14,868 - openevolve.threaded_parallel - INFO - Iteration 0: Program d75cc406-af55-4478-9c5e-c8c35634999b (parent: ed2e1326-cbe7-4b88-ba1b-436f3b197d97) completed in 423.69s
2025-08-12 15:20:14,868 - openevolve.threaded_parallel - INFO - Metrics: compiled=0.0000, correctness=0.0000, score=-100.0000, stage=no_valid_triton_code, feedback=You need to generate real and valid triton code for the core function. The key word 'import triton' is not found.
2025-08-12 15:20:14,868 - openevolve.threaded_parallel - INFO - üåü New best solution found at iteration 0: d75cc406-af55-4478-9c5e-c8c35634999b
2025-08-12 15:20:14,868 - openevolve.threaded_parallel - INFO - Checkpoint interval reached at iteration 0
2025-08-12 15:20:14,870 - openevolve.database - INFO - Island Status:
2025-08-12 15:20:14,870 - openevolve.database - INFO -  * Island 0: 9 programs, best=10.0000, avg=-2.2222, diversity=49.70, gen=1 (best: d75cc406-af55-4478-9c5e-c8c35634999b)
2025-08-12 15:20:14,870 - openevolve.database - INFO -    Island 1: 8 programs, best=10.0000, avg=10.0000, diversity=140.43, gen=0
2025-08-12 15:20:14,870 - openevolve.database - INFO -    Island 2: 8 programs, best=20.0000, avg=11.2500, diversity=478.85, gen=0
2025-08-12 15:20:15,138 - openevolve.database - INFO - Saved database with 25 programs to openevolve_output/level1_78_conv_transposed_2D_asymmetric_input_asymmetric_kernel___padded__/checkpoints/checkpoint_0
2025-08-12 15:20:15,145 - openevolve.controller - INFO - Saved best program at checkpoint 0 with metrics: compiled=0.0000, correctness=0.0000, score=-100.0000, stage=no_valid_triton_code, feedback=You need to generate real and valid triton code for the core function. The key word 'import triton' is not found.
2025-08-12 15:20:15,145 - openevolve.controller - INFO - Saved checkpoint at iteration 0 to openevolve_output/level1_78_conv_transposed_2D_asymmetric_input_asymmetric_kernel___padded__/checkpoints/checkpoint_0
2025-08-12 15:24:54,863 - openevolve.RemoteSpeedupEvaluator - INFO - [level1_78_conv_transposed_2D_asymmetric_input_asymmetric_kernel___padded__] triton key words check pass
2025-08-12 15:24:54,864 - openevolve.RemoteSpeedupEvaluator - INFO - [level1_78_conv_transposed_2D_asymmetric_input_asymmetric_kernel___padded__] verify_plus payload: reference_code(1768 chars) + custom_code(6441 chars)
2025-08-12 15:24:59,759 - openevolve.RemoteSpeedupEvaluator - INFO - [level1_78_conv_transposed_2D_asymmetric_input_asymmetric_kernel___padded__] verify_plus request success
2025-08-12 15:24:59,759 - openevolve.RemoteSpeedupEvaluator - INFO - [level1_78_conv_transposed_2D_asymmetric_input_asymmetric_kernel___padded__] verify_plus response: {"id":"level1_78_conv_transposed_2D_asymmetric_input_asymmetric_kernel___padded__","result":{"compiled":true,"correctness":false,"metadata":{"hardware":"NVIDIA L20Y","device":"cuda:0","max_difference":["119.947678","131.330063","126.837341","122.084053","128.829239"],"avg_difference":["17.560755","17.558903","17.546637","17.559168","17.562952"],"correctness_issue":"Output mismatch","correctness_trials":"(0 / 5)","reference_timing_ms":0.0523,"speed_up":-1.0,"custom_timing":-1.0},"runtime":-1.0,"runtime_stats":{}}}
2025-08-12 15:24:59,759 - openevolve.RemoteSpeedupEvaluator - INFO - [level1_78_conv_transposed_2D_asymmetric_input_asymmetric_kernel___padded__] ‚úò wrong_answer
2025-08-12 15:24:59,759 - openevolve.evaluator - INFO - Evaluated program 79b88190-0160-4aa7-bfb4-162dd604dc54 in 4.90s: compiled=1.0000, correctness=0.0000, score=10.0000, stage=wrong_answer, verify_payload={'id': 'level1_78_conv_transposed_2D_asymmetric_input_asymmetric_kernel___padded__', 'result': {'compiled': True, 'correctness': False, 'metadata': {'hardware': 'NVIDIA L20Y', 'device': 'cuda:0', 'max_difference': ['119.947678', '131.330063', '126.837341', '122.084053', '128.829239'], 'avg_difference': ['17.560755', '17.558903', '17.546637', '17.559168', '17.562952'], 'correctness_issue': 'Output mismatch', 'correctness_trials': '(0 / 5)', 'reference_timing_ms': 0.0523, 'speed_up': -1.0, 'custom_timing': -1.0}, 'runtime': -1.0, 'runtime_stats': {}}}
2025-08-12 15:24:59,764 - openevolve.llm.ensemble - INFO - Sampled model: deepseek
2025-08-12 15:24:59,765 - openevolve.database - INFO - New MAP-Elites cell occupied: {'score': 9, 'complexity': 8}
2025-08-12 15:24:59,765 - openevolve.database - INFO - Population size (26) exceeds limit (25), removing 1 programs
2025-08-12 15:24:59,765 - openevolve.database - INFO - Population size after cleanup: 25
2025-08-12 15:24:59,765 - openevolve.database - INFO - New best program 79b88190-0160-4aa7-bfb4-162dd604dc54 replaces d75cc406-af55-4478-9c5e-c8c35634999b
2025-08-12 15:24:59,777 - openevolve.threaded_parallel - INFO - Iteration 2: Program 79b88190-0160-4aa7-bfb4-162dd604dc54 (parent: 32ef2a5c-2a2d-465a-a2c8-aa67d93630dc) completed in 708.60s
2025-08-12 15:24:59,777 - openevolve.threaded_parallel - INFO - Metrics: compiled=1.0000, correctness=0.0000, score=10.0000, stage=wrong_answer, verify_payload={'id': 'level1_78_conv_transposed_2D_asymmetric_input_asymmetric_kernel___padded__', 'result': {'compiled': True, 'correctness': False, 'metadata': {'hardware': 'NVIDIA L20Y', 'device': 'cuda:0', 'max_difference': ['119.947678', '131.330063', '126.837341', '122.084053', '128.829239'], 'avg_difference': ['17.560755', '17.558903', '17.546637', '17.559168', '17.562952'], 'correctness_issue': 'Output mismatch', 'correctness_trials': '(0 / 5)', 'reference_timing_ms': 0.0523, 'speed_up': -1.0, 'custom_timing': -1.0}, 'runtime': -1.0, 'runtime_stats': {}}}
2025-08-12 15:24:59,777 - openevolve.threaded_parallel - INFO - üåü New best solution found at iteration 2: 79b88190-0160-4aa7-bfb4-162dd604dc54
2025-08-12 15:29:22,326 - openevolve.RemoteSpeedupEvaluator - INFO - [level1_78_conv_transposed_2D_asymmetric_input_asymmetric_kernel___padded__] triton key words check pass
2025-08-12 15:29:22,327 - openevolve.RemoteSpeedupEvaluator - INFO - [level1_78_conv_transposed_2D_asymmetric_input_asymmetric_kernel___padded__] verify_plus payload: reference_code(1768 chars) + custom_code(6015 chars)
2025-08-12 15:29:26,217 - openevolve.RemoteSpeedupEvaluator - INFO - [level1_78_conv_transposed_2D_asymmetric_input_asymmetric_kernel___padded__] verify_plus request success
2025-08-12 15:29:26,217 - openevolve.RemoteSpeedupEvaluator - INFO - [level1_78_conv_transposed_2D_asymmetric_input_asymmetric_kernel___padded__] verify_plus response: {"id":"level1_78_conv_transposed_2D_asymmetric_input_asymmetric_kernel___padded__","result":{"compiled":true,"correctness":false,"metadata":{"hardware":"NVIDIA L20Y","device":"cuda:6","max_difference":["119.947678","131.330063","126.837341","122.084053","128.829239"],"avg_difference":["17.560755","17.558903","17.546637","17.559168","17.562952"],"correctness_issue":"Output mismatch","correctness_trials":"(0 / 5)","reference_timing_ms":0.0523,"speed_up":-1.0,"custom_timing":-1.0},"runtime":-1.0,"runtime_stats":{}}}
2025-08-12 15:29:26,218 - openevolve.RemoteSpeedupEvaluator - INFO - [level1_78_conv_transposed_2D_asymmetric_input_asymmetric_kernel___padded__] ‚úò wrong_answer
2025-08-12 15:29:26,218 - openevolve.evaluator - INFO - Evaluated program 379a3462-0766-4753-8d15-30355e0f2ed0 in 3.89s: compiled=1.0000, correctness=0.0000, score=10.0000, stage=wrong_answer, verify_payload={'id': 'level1_78_conv_transposed_2D_asymmetric_input_asymmetric_kernel___padded__', 'result': {'compiled': True, 'correctness': False, 'metadata': {'hardware': 'NVIDIA L20Y', 'device': 'cuda:6', 'max_difference': ['119.947678', '131.330063', '126.837341', '122.084053', '128.829239'], 'avg_difference': ['17.560755', '17.558903', '17.546637', '17.559168', '17.562952'], 'correctness_issue': 'Output mismatch', 'correctness_trials': '(0 / 5)', 'reference_timing_ms': 0.0523, 'speed_up': -1.0, 'custom_timing': -1.0}, 'runtime': -1.0, 'runtime_stats': {}}}
2025-08-12 15:29:26,223 - openevolve.llm.ensemble - INFO - Sampled model: deepseek
2025-08-12 15:29:26,229 - openevolve.database - INFO - New MAP-Elites cell occupied: {'score': 9, 'complexity': 7}
2025-08-12 15:29:26,229 - openevolve.database - INFO - Population size (26) exceeds limit (25), removing 1 programs
2025-08-12 15:29:26,229 - openevolve.database - INFO - Population size after cleanup: 25
2025-08-12 15:29:26,241 - openevolve.threaded_parallel - INFO - Iteration 3: Program 379a3462-0766-4753-8d15-30355e0f2ed0 (parent: 0a2fb3a9-b209-446f-8e67-ab6e82dbb297) completed in 551.36s
2025-08-12 15:29:26,241 - openevolve.threaded_parallel - INFO - Metrics: compiled=1.0000, correctness=0.0000, score=10.0000, stage=wrong_answer, verify_payload={'id': 'level1_78_conv_transposed_2D_asymmetric_input_asymmetric_kernel___padded__', 'result': {'compiled': True, 'correctness': False, 'metadata': {'hardware': 'NVIDIA L20Y', 'device': 'cuda:6', 'max_difference': ['119.947678', '131.330063', '126.837341', '122.084053', '128.829239'], 'avg_difference': ['17.560755', '17.558903', '17.546637', '17.559168', '17.562952'], 'correctness_issue': 'Output mismatch', 'correctness_trials': '(0 / 5)', 'reference_timing_ms': 0.0523, 'speed_up': -1.0, 'custom_timing': -1.0}, 'runtime': -1.0, 'runtime_stats': {}}}
2025-08-12 15:29:26,241 - openevolve.threaded_parallel - INFO - Checkpoint interval reached at iteration 3
2025-08-12 15:29:26,243 - openevolve.database - INFO - Island Status:
2025-08-12 15:29:26,243 - openevolve.database - INFO -    Island 0: 9 programs, best=10.0000, avg=10.0000, diversity=67.60, gen=1 (best: 79b88190-0160-4aa7-bfb4-162dd604dc54)
2025-08-12 15:29:26,243 - openevolve.database - INFO -    Island 1: 8 programs, best=10.0000, avg=10.0000, diversity=52.83, gen=1 (best: 379a3462-0766-4753-8d15-30355e0f2ed0)
2025-08-12 15:29:26,244 - openevolve.database - INFO -  * Island 2: 8 programs, best=20.0000, avg=11.2500, diversity=478.85, gen=1
2025-08-12 15:29:26,501 - openevolve.database - INFO - Saved database with 25 programs to openevolve_output/level1_78_conv_transposed_2D_asymmetric_input_asymmetric_kernel___padded__/checkpoints/checkpoint_3
2025-08-12 15:29:26,509 - openevolve.controller - INFO - Saved best program at checkpoint 3 with metrics: compiled=1.0000, correctness=0.0000, score=10.0000, stage=wrong_answer, verify_payload={'id': 'level1_78_conv_transposed_2D_asymmetric_input_asymmetric_kernel___padded__', 'result': {'compiled': True, 'correctness': False, 'metadata': {'hardware': 'NVIDIA L20Y', 'device': 'cuda:0', 'max_difference': ['119.947678', '131.330063', '126.837341', '122.084053', '128.829239'], 'avg_difference': ['17.560755', '17.558903', '17.546637', '17.559168', '17.562952'], 'correctness_issue': 'Output mismatch', 'correctness_trials': '(0 / 5)', 'reference_timing_ms': 0.0523, 'speed_up': -1.0, 'custom_timing': -1.0}, 'runtime': -1.0, 'runtime_stats': {}}}
2025-08-12 15:29:26,509 - openevolve.controller - INFO - Saved checkpoint at iteration 3 to openevolve_output/level1_78_conv_transposed_2D_asymmetric_input_asymmetric_kernel___padded__/checkpoints/checkpoint_3
2025-08-12 15:29:54,591 - openevolve.RemoteSpeedupEvaluator - INFO - [level1_78_conv_transposed_2D_asymmetric_input_asymmetric_kernel___padded__] triton key words check pass
2025-08-12 15:29:54,591 - openevolve.RemoteSpeedupEvaluator - INFO - [level1_78_conv_transposed_2D_asymmetric_input_asymmetric_kernel___padded__] verify_plus payload: reference_code(1768 chars) + custom_code(6149 chars)
2025-08-12 15:29:58,589 - openevolve.RemoteSpeedupEvaluator - INFO - [level1_78_conv_transposed_2D_asymmetric_input_asymmetric_kernel___padded__] verify_plus request success
2025-08-12 15:29:58,589 - openevolve.RemoteSpeedupEvaluator - INFO - [level1_78_conv_transposed_2D_asymmetric_input_asymmetric_kernel___padded__] verify_plus response: {"id":"level1_78_conv_transposed_2D_asymmetric_input_asymmetric_kernel___padded__","result":{"compiled":true,"correctness":false,"metadata":{"hardware":"NVIDIA L20Y","device":"cuda:6","max_difference":["121.676277","123.790604","123.940346","122.182983","129.194702"],"avg_difference":["17.459558","17.457163","17.445930","17.450977","17.465069"],"correctness_issue":"Output mismatch","correctness_trials":"(0 / 5)","reference_timing_ms":0.0523,"speed_up":-1.0,"custom_timing":-1.0},"runtime":-1.0,"runtime_stats":{}}}
2025-08-12 15:29:58,589 - openevolve.RemoteSpeedupEvaluator - INFO - [level1_78_conv_transposed_2D_asymmetric_input_asymmetric_kernel___padded__] ‚úò wrong_answer
2025-08-12 15:29:58,590 - openevolve.evaluator - INFO - Evaluated program 2e4b07c7-eeca-4e21-a810-020f546e1557 in 4.00s: compiled=1.0000, correctness=0.0000, score=10.0000, stage=wrong_answer, verify_payload={'id': 'level1_78_conv_transposed_2D_asymmetric_input_asymmetric_kernel___padded__', 'result': {'compiled': True, 'correctness': False, 'metadata': {'hardware': 'NVIDIA L20Y', 'device': 'cuda:6', 'max_difference': ['121.676277', '123.790604', '123.940346', '122.182983', '129.194702'], 'avg_difference': ['17.459558', '17.457163', '17.445930', '17.450977', '17.465069'], 'correctness_issue': 'Output mismatch', 'correctness_trials': '(0 / 5)', 'reference_timing_ms': 0.0523, 'speed_up': -1.0, 'custom_timing': -1.0}, 'runtime': -1.0, 'runtime_stats': {}}}
2025-08-12 15:29:58,593 - openevolve.database - INFO - New MAP-Elites cell occupied: {'score': 9, 'complexity': 1}
2025-08-12 15:29:58,593 - openevolve.database - INFO - Population size (26) exceeds limit (25), removing 1 programs
2025-08-12 15:29:58,593 - openevolve.database - INFO - Population size after cleanup: 25
2025-08-12 15:29:58,594 - openevolve.llm.ensemble - INFO - Sampled model: deepseek
2025-08-12 15:29:58,605 - openevolve.threaded_parallel - INFO - Iteration 1: Program 2e4b07c7-eeca-4e21-a810-020f546e1557 (parent: c6477492-ccdb-4e5f-90c8-b093f207fefe) completed in 1007.42s
2025-08-12 15:29:58,606 - openevolve.threaded_parallel - INFO - Metrics: compiled=1.0000, correctness=0.0000, score=10.0000, stage=wrong_answer, verify_payload={'id': 'level1_78_conv_transposed_2D_asymmetric_input_asymmetric_kernel___padded__', 'result': {'compiled': True, 'correctness': False, 'metadata': {'hardware': 'NVIDIA L20Y', 'device': 'cuda:6', 'max_difference': ['121.676277', '123.790604', '123.940346', '122.182983', '129.194702'], 'avg_difference': ['17.459558', '17.457163', '17.445930', '17.450977', '17.465069'], 'correctness_issue': 'Output mismatch', 'correctness_trials': '(0 / 5)', 'reference_timing_ms': 0.0523, 'speed_up': -1.0, 'custom_timing': -1.0}, 'runtime': -1.0, 'runtime_stats': {}}}
2025-08-12 15:36:54,701 - openevolve.RemoteSpeedupEvaluator - INFO - [level1_78_conv_transposed_2D_asymmetric_input_asymmetric_kernel___padded__] ‚úò invalid_answer 'import triton' is not found
2025-08-12 15:36:54,702 - openevolve.evaluator - INFO - Evaluated program 31e86884-bb36-4b9a-bd85-2b12eb6f4f3e in 0.00s: compiled=0.0000, correctness=0.0000, score=-100.0000, stage=no_valid_triton_code, feedback=You need to generate real and valid triton code for the core function. The key word 'import triton' is not found.
2025-08-12 15:36:54,706 - openevolve.database - INFO - New MAP-Elites cell occupied: {'score': -1000, 'complexity': 0}
2025-08-12 15:36:54,707 - openevolve.database - INFO - Population size (26) exceeds limit (25), removing 1 programs
2025-08-12 15:36:54,707 - openevolve.database - INFO - Population size after cleanup: 25
2025-08-12 15:36:54,707 - openevolve.llm.ensemble - INFO - Sampled model: deepseek
2025-08-12 15:36:54,713 - openevolve.threaded_parallel - INFO - Iteration 4: Program 31e86884-bb36-4b9a-bd85-2b12eb6f4f3e (parent: d75cc406-af55-4478-9c5e-c8c35634999b) completed in 714.94s
2025-08-12 15:36:54,713 - openevolve.threaded_parallel - INFO - Metrics: compiled=0.0000, correctness=0.0000, score=-100.0000, stage=no_valid_triton_code, feedback=You need to generate real and valid triton code for the core function. The key word 'import triton' is not found.
2025-08-12 15:46:53,293 - openevolve.RemoteSpeedupEvaluator - INFO - [level1_78_conv_transposed_2D_asymmetric_input_asymmetric_kernel___padded__] ‚úò invalid_answer 'import triton' is not found
2025-08-12 15:46:53,294 - openevolve.evaluator - INFO - Evaluated program b9c16d58-5ab7-4e4d-8e42-20f91a250c0f in 0.00s: compiled=0.0000, correctness=0.0000, score=-100.0000, stage=no_valid_triton_code, feedback=You need to generate real and valid triton code for the core function. The key word 'import triton' is not found.
2025-08-12 15:46:53,298 - openevolve.llm.ensemble - INFO - Sampled model: deepseek
2025-08-12 15:46:53,301 - openevolve.database - INFO - Population size (26) exceeds limit (25), removing 1 programs
2025-08-12 15:46:53,301 - openevolve.database - INFO - Population size after cleanup: 25
2025-08-12 15:46:53,307 - openevolve.threaded_parallel - INFO - Iteration 6: Program b9c16d58-5ab7-4e4d-8e42-20f91a250c0f (parent: 79b88190-0160-4aa7-bfb4-162dd604dc54) completed in 1014.70s
2025-08-12 15:46:53,307 - openevolve.threaded_parallel - INFO - Metrics: compiled=0.0000, correctness=0.0000, score=-100.0000, stage=no_valid_triton_code, feedback=You need to generate real and valid triton code for the core function. The key word 'import triton' is not found.
2025-08-12 15:46:53,307 - openevolve.threaded_parallel - INFO - Checkpoint interval reached at iteration 6
2025-08-12 15:46:53,309 - openevolve.database - INFO - Island Status:
2025-08-12 15:46:53,309 - openevolve.database - INFO -    Island 0: 8 programs, best=10.0000, avg=10.0000, diversity=67.60, gen=2 (best: 79b88190-0160-4aa7-bfb4-162dd604dc54)
2025-08-12 15:46:53,309 - openevolve.database - INFO -    Island 1: 9 programs, best=10.0000, avg=-2.2222, diversity=52.83, gen=2 (best: 379a3462-0766-4753-8d15-30355e0f2ed0)
2025-08-12 15:46:53,309 - openevolve.database - INFO -  * Island 2: 8 programs, best=20.0000, avg=11.2500, diversity=499.03, gen=2 (best: 2e4b07c7-eeca-4e21-a810-020f546e1557)
2025-08-12 15:46:53,565 - openevolve.database - INFO - Saved database with 25 programs to openevolve_output/level1_78_conv_transposed_2D_asymmetric_input_asymmetric_kernel___padded__/checkpoints/checkpoint_6
2025-08-12 15:46:53,572 - openevolve.controller - INFO - Saved best program at checkpoint 6 with metrics: compiled=1.0000, correctness=0.0000, score=10.0000, stage=wrong_answer, verify_payload={'id': 'level1_78_conv_transposed_2D_asymmetric_input_asymmetric_kernel___padded__', 'result': {'compiled': True, 'correctness': False, 'metadata': {'hardware': 'NVIDIA L20Y', 'device': 'cuda:0', 'max_difference': ['119.947678', '131.330063', '126.837341', '122.084053', '128.829239'], 'avg_difference': ['17.560755', '17.558903', '17.546637', '17.559168', '17.562952'], 'correctness_issue': 'Output mismatch', 'correctness_trials': '(0 / 5)', 'reference_timing_ms': 0.0523, 'speed_up': -1.0, 'custom_timing': -1.0}, 'runtime': -1.0, 'runtime_stats': {}}}
2025-08-12 15:46:53,573 - openevolve.controller - INFO - Saved checkpoint at iteration 6 to openevolve_output/level1_78_conv_transposed_2D_asymmetric_input_asymmetric_kernel___padded__/checkpoints/checkpoint_6
2025-08-12 15:48:43,836 - openevolve.RemoteSpeedupEvaluator - INFO - [level1_78_conv_transposed_2D_asymmetric_input_asymmetric_kernel___padded__] triton key words check pass
2025-08-12 15:48:43,837 - openevolve.RemoteSpeedupEvaluator - INFO - [level1_78_conv_transposed_2D_asymmetric_input_asymmetric_kernel___padded__] verify_plus payload: reference_code(1768 chars) + custom_code(6098 chars)
2025-08-12 15:48:46,121 - openevolve.RemoteSpeedupEvaluator - INFO - [level1_78_conv_transposed_2D_asymmetric_input_asymmetric_kernel___padded__] verify_plus request success
2025-08-12 15:48:46,122 - openevolve.RemoteSpeedupEvaluator - INFO - [level1_78_conv_transposed_2D_asymmetric_input_asymmetric_kernel___padded__] verify_plus response: {"id":"level1_78_conv_transposed_2D_asymmetric_input_asymmetric_kernel___padded__","result":{"compiled":false,"correctness":false,"metadata":{"hardware":"NVIDIA L20Y","device":"cuda:2","compilation_error_name":"builtins.SyntaxError","compilation_error":"invalid syntax. Perhaps you forgot a comma? (tmpb2r2lcb1.py, line 9)","reference_timing_ms":0.0523,"speed_up":-1.0,"custom_timing":-1.0},"runtime":-1.0,"runtime_stats":{}}}
2025-08-12 15:48:46,122 - openevolve.RemoteSpeedupEvaluator - INFO - [level1_78_conv_transposed_2D_asymmetric_input_asymmetric_kernel___padded__] ‚úò compile_error
2025-08-12 15:48:46,122 - openevolve.RemoteSpeedupEvaluator - INFO - [level1_78_conv_transposed_2D_asymmetric_input_asymmetric_kernel___padded___50fd63] execute payload: {id:level1_78_conv_transposed_2D_asymmetric_input_asymmetric_kernel___padded___50fd63, device_type:NV_LY_20}
2025-08-12 15:48:48,143 - openevolve.RemoteSpeedupEvaluator - INFO - [level1_78_conv_transposed_2D_asymmetric_input_asymmetric_kernel___padded___50fd63] execute request success
2025-08-12 15:48:48,143 - openevolve.RemoteSpeedupEvaluator - INFO - [level1_78_conv_transposed_2D_asymmetric_input_asymmetric_kernel___padded___50fd63] execute response: {"id":"level1_78_conv_transposed_2D_asymmetric_input_asymmetric_kernel___padded___50fd63","exit_code":"1","content":"[Child] ÁªëÂÆö GPU 4, torch sees 1 device(s)\n\n[Exception]\nTraceback (most recent call last):\n  File \"/cpfs01/shared/llm_kernel/hujiakai/KernelLLM/validation_api_server/code_executor.py\", line 71, in _exec_worker\n    exec(textwrap.dedent(code_src), mod.__dict__)\n  File \"<string>\", line 9\n    def __init__(self, in_channels: int, out_channels: int, kernel_size: tuple, stride: tuple = (ÊûÅÂÆ¢ 1, 1), padding: tuple = (0, 0), bias: bool = False):\n                                                                                                 ^^^^\nSyntaxError: invalid syntax. Perhaps you forgot a comma?\n"}
2025-08-12 15:48:48,144 - openevolve.evaluator - INFO - Evaluated program 5de26a23-b2c6-4873-9427-49b921075767 in 4.31s: compiled=0.0000, correctness=0.0000, score=1.0000, stage=compile_error, compile_log=, exec_log=[Child] ÁªëÂÆö GPU 4, torch sees 1 device(s)

[Exception]
Traceback (most recent call last):
  File "/cpfs01/shared/llm_kernel/hujiakai/KernelLLM/validation_api_server/code_executor.py", line 71, in _exec_worker
    exec(textwrap.dedent(code_src), mod.__dict__)
  File "<string>", line 9
    def __init__(self, in_channels: int, out_channels: int, kernel_size: tuple, stride: tuple = (ÊûÅÂÆ¢ 1, 1), padding: tuple = (0, 0), bias: bool = False):
                                                                                                 ^^^^
SyntaxError: invalid syntax. Perhaps you forgot a comma?
, exit_code=1
2025-08-12 15:48:48,147 - openevolve.llm.ensemble - INFO - Sampled model: deepseek
2025-08-12 15:48:48,153 - openevolve.database - INFO - Population size (26) exceeds limit (25), removing 1 programs
2025-08-12 15:48:48,153 - openevolve.database - INFO - Population size after cleanup: 25
2025-08-12 15:48:48,164 - openevolve.threaded_parallel - INFO - Iteration 5: Program 5de26a23-b2c6-4873-9427-49b921075767 (parent: b195a7f7-a98d-4adf-ba1e-682ecb816213) completed in 1161.92s
2025-08-12 15:48:48,164 - openevolve.threaded_parallel - INFO - Metrics: compiled=0.0000, correctness=0.0000, score=1.0000, stage=compile_error, compile_log=, exec_log=[Child] ÁªëÂÆö GPU 4, torch sees 1 device(s)

[Exception]
Traceback (most recent call last):
  File "/cpfs01/shared/llm_kernel/hujiakai/KernelLLM/validation_api_server/code_executor.py", line 71, in _exec_worker
    exec(textwrap.dedent(code_src), mod.__dict__)
  File "<string>", line 9
    def __init__(self, in_channels: int, out_channels: int, kernel_size: tuple, stride: tuple = (ÊûÅÂÆ¢ 1, 1), padding: tuple = (0, 0), bias: bool = False):
                                                                                                 ^^^^
SyntaxError: invalid syntax. Perhaps you forgot a comma?
, exit_code=1
2025-08-12 15:52:51,259 - openevolve.RemoteSpeedupEvaluator - INFO - [level1_78_conv_transposed_2D_asymmetric_input_asymmetric_kernel___padded__] ‚úò invalid_answer 'tl.load' is not found
2025-08-12 15:52:51,260 - openevolve.evaluator - INFO - Evaluated program 2d469924-af53-4222-8712-a02d6de8decd in 0.00s: compiled=0.0000, correctness=0.0000, score=-100.0000, stage=no_valid_triton_code, feedback=You need to generate real and valid triton code for the core function. The key word 'tl.load' is not found.
2025-08-12 15:52:51,265 - openevolve.llm.ensemble - INFO - Sampled model: deepseek
2025-08-12 15:52:51,270 - openevolve.database - INFO - New MAP-Elites cell occupied: {'score': -1000, 'complexity': 9}
2025-08-12 15:52:51,270 - openevolve.database - INFO - Population size (26) exceeds limit (25), removing 1 programs
2025-08-12 15:52:51,271 - openevolve.database - INFO - Population size after cleanup: 25
2025-08-12 15:52:51,292 - openevolve.threaded_parallel - INFO - Iteration 7: Program 2d469924-af53-4222-8712-a02d6de8decd (parent: 79b88190-0160-4aa7-bfb4-162dd604dc54) completed in 956.55s
2025-08-12 15:52:51,292 - openevolve.threaded_parallel - INFO - Metrics: compiled=0.0000, correctness=0.0000, score=-100.0000, stage=no_valid_triton_code, feedback=You need to generate real and valid triton code for the core function. The key word 'tl.load' is not found.
2025-08-12 15:54:00,129 - openevolve.RemoteSpeedupEvaluator - INFO - [level1_78_conv_transposed_2D_asymmetric_input_asymmetric_kernel___padded__] triton key words check pass
2025-08-12 15:54:00,129 - openevolve.RemoteSpeedupEvaluator - INFO - [level1_78_conv_transposed_2D_asymmetric_input_asymmetric_kernel___padded__] verify_plus payload: reference_code(1768 chars) + custom_code(6157 chars)
2025-08-12 15:54:03,373 - openevolve.RemoteSpeedupEvaluator - INFO - [level1_78_conv_transposed_2D_asymmetric_input_asymmetric_kernel___padded__] verify_plus request success
2025-08-12 15:54:03,374 - openevolve.RemoteSpeedupEvaluator - INFO - [level1_78_conv_transposed_2D_asymmetric_input_asymmetric_kernel___padded__] verify_plus response: {"id":"level1_78_conv_transposed_2D_asymmetric_input_asymmetric_kernel___padded__","result":{"compiled":true,"correctness":false,"metadata":{"hardware":"NVIDIA L20Y","device":"cuda:5","runtime_error":"Traceback (most recent call last):\n  File \"/home/lijiaxing/.conda/envs/api/lib/python3.10/site-packages/triton/language/core.py\", line 42, in wrapper\n    return fn(*args, **kwargs)\n  File \"/home/lijiaxing/.conda/envs/api/lib/python3.10/site-packages/triton/language/core.py\", line 1654, in arange\n    return _semantic.arange(start, end)\n  File \"/home/lijiaxing/.conda/envs/api/lib/python3.10/site-packages/triton/language/semantic.py\", line 574, in arange\n    raise ValueError(\"arange's arguments must be of type tl.constexpr\")\nValueError: arange's arguments must be of type tl.conste
2025-08-12 15:54:03,374 - openevolve.RemoteSpeedupEvaluator - INFO - [level1_78_conv_transposed_2D_asymmetric_input_asymmetric_kernel___padded__] ‚úò wrong_answer
2025-08-12 15:54:03,374 - openevolve.evaluator - INFO - Evaluated program ab3d9110-c7f8-4999-97bd-92e01a2ed96b in 3.25s: compiled=1.0000, correctness=0.0000, score=10.0000, stage=wrong_answer, verify_payload={'id': 'level1_78_conv_transposed_2D_asymmetric_input_asymmetric_kernel___padded__', 'result': {'compiled': True, 'correctness': False, 'metadata': {'hardware': 'NVIDIA L20Y', 'device': 'cuda:5', 'runtime_error': 'Traceback (most recent call last):\n  File "/home/lijiaxing/.conda/envs/api/lib/python3.10/site-packages/triton/language/core.py", line 42, in wrapper\n    return fn(*args, **kwargs)\n  File "/home/lijiaxing/.conda/envs/api/lib/python3.10/site-packages/triton/language/core.py", line 1654, in arange\n    return _semantic.arange(start, end)\n  File "/home/lijiaxing/.conda/envs/api/lib/python3.10/site-packages/triton/language/semantic.py", line 574, in arange\n    raise ValueError("arange\'s arguments must be of type tl.constexpr")\nValueError: arange\'s arguments must be of type tl.constexpr\n\nThe above exception was the direct cause of the following exception:\n\nTraceback (most recent call last):\n  File "/cpfs01/shared/llm_kernel/hujiakai/KernelLLM/validation_api_server/helpers/evaluations.py", line 720, in run_and_check_correctness\n    output_new = model_new(*inputs)\n  File "/home/lijiaxing/.conda/envs/api/lib/python3.10/site-packages/torch/nn/modules/module.py", line 1773, in _wrapped_call_impl\n    return self._call_impl(*args, **kwargs)\n  File "/home/lijiaxing/.conda/envs/api/lib/python3.10/site-packages/torch/nn/modules/module.py", line 1784, in _call_impl\n    return forward_call(*args, **kwargs)\n  File "/tmp/tmpfii1cruy.py", line 39, in forward\n    _conv_transpose2d_kernel[grid](\n  File "/home/lijiaxing/.conda/envs/api/lib/python3.10/site-packages/triton/runtime/jit.py", line 390, in <lambda>\n    return lambda *args, **kwargs: self.run(grid=grid, warmup=False, *args, **kwargs)\n  File "/home/lijiaxing/.conda/envs/api/lib/python3.10/site-packages/triton/runtime/jit.py", line 594, in run\n    kernel = self.compile(src, target=target, options=options.__dict__)\n  File "/home/lijiaxing/.conda/envs/api/lib/python3.10/site-packages/triton/compiler/compiler.py", line 339, in compile\n    module = src.make_ir(options, codegen_fns, module_map, context)\n  File "/home/lijiaxing/.conda/envs/api/lib/python3.10/site-packages/triton/compiler/compiler.py", line 83, in make_ir\n    return ast_to_ttir(self.fn, self, context=context, options=options, codegen_fns=codegen_fns,\ntriton.compiler.errors.CompilationError: at 35:17:\n\n    # Offsets for current block with boundary masks\n    h_offsets = block_h_idx + tl.arange(0, BLOCK_H)\n    w_offsets = block_w_idx + tl.arange(0, BLOCK_W)\n    h_mask = h_offsets < out_height\n    w_mask = w_offsets < out_width\n\n    # Initialize accumulator\n    acc = tl.zeros((BLOCK_H, BLOCK_W), dtype=tl.float32)\n\n    # Precompute kernel offsets\n    kh_offsets = tl.arange(0, kernel_h)\n                 ^\n\n\nThe above exception was the direct cause of the following exception:\n\nTraceback (most recent call last):\n  File "/home/lijiaxing/.conda/envs/api/lib/python3.10/site-packages/triton/language/core.py", line 42, in wrapper\n    return fn(*args, **kwargs)\n  File "/home/lijiaxing/.conda/envs/api/lib/python3.10/site-packages/triton/language/core.py", line 1654, in arange\n    return _semantic.arange(start, end)\n  File "/home/lijiaxing/.conda/envs/api/lib/python3.10/site-packages/triton/language/semantic.py", line 574, in arange\n    raise ValueError("arange\'s arguments must be of type tl.constexpr")\nValueError: arange\'s arguments must be of type tl.constexpr\n', 'runtime_error_name': 'triton.compiler.errors.CompilationError', 'reference_timing_ms': 0.0523, 'speed_up': -1.0, 'custom_timing': -1.0}, 'runtime': -1.0, 'runtime_stats': {}}}
2025-08-12 15:54:03,378 - openevolve.database - INFO - New MAP-Elites cell occupied: {'score': 9, 'complexity': 0}
2025-08-12 15:54:03,378 - openevolve.database - INFO - Population size (26) exceeds limit (25), removing 1 programs
2025-08-12 15:54:03,378 - openevolve.database - INFO - Population size after cleanup: 25
2025-08-12 15:54:03,379 - openevolve.llm.ensemble - INFO - Sampled model: deepseek
2025-08-12 15:54:03,398 - openevolve.threaded_parallel - INFO - Iteration 9: Program ab3d9110-c7f8-4999-97bd-92e01a2ed96b (parent: a316671a-58f6-4ecd-8f69-1ff5fa860117) completed in 315.23s
2025-08-12 15:54:03,398 - openevolve.threaded_parallel - INFO - Metrics: compiled=1.0000, correctness=0.0000, score=10.0000, stage=wrong_answer, verify_payload={'id': 'level1_78_conv_transposed_2D_asymmetric_input_asymmetric_kernel___padded__', 'result': {'compiled': True, 'correctness': False, 'metadata': {'hardware': 'NVIDIA L20Y', 'device': 'cuda:5', 'runtime_error': 'Traceback (most recent call last):\n  File "/home/lijiaxing/.conda/envs/api/lib/python3.10/site-packages/triton/language/core.py", line 42, in wrapper\n    return fn(*args, **kwargs)\n  File "/home/lijiaxing/.conda/envs/api/lib/python3.10/site-packages/triton/language/core.py", line 1654, in arange\n    return _semantic.arange(start, end)\n  File "/home/lijiaxing/.conda/envs/api/lib/python3.10/site-packages/triton/language/semantic.py", line 574, in arange\n    raise ValueError("arange\'s arguments must be of type tl.constexpr")\nValueError: arange\'s arguments must be of type tl.constexpr\n\nThe above exception was the direct cause of the following exception:\n\nTraceback (most recent call last):\n  File "/cpfs01/shared/llm_kernel/hujiakai/KernelLLM/validation_api_server/helpers/evaluations.py", line 720, in run_and_check_correctness\n    output_new = model_new(*inputs)\n  File "/home/lijiaxing/.conda/envs/api/lib/python3.10/site-packages/torch/nn/modules/module.py", line 1773, in _wrapped_call_impl\n    return self._call_impl(*args, **kwargs)\n  File "/home/lijiaxing/.conda/envs/api/lib/python3.10/site-packages/torch/nn/modules/module.py", line 1784, in _call_impl\n    return forward_call(*args, **kwargs)\n  File "/tmp/tmpfii1cruy.py", line 39, in forward\n    _conv_transpose2d_kernel[grid](\n  File "/home/lijiaxing/.conda/envs/api/lib/python3.10/site-packages/triton/runtime/jit.py", line 390, in <lambda>\n    return lambda *args, **kwargs: self.run(grid=grid, warmup=False, *args, **kwargs)\n  File "/home/lijiaxing/.conda/envs/api/lib/python3.10/site-packages/triton/runtime/jit.py", line 594, in run\n    kernel = self.compile(src, target=target, options=options.__dict__)\n  File "/home/lijiaxing/.conda/envs/api/lib/python3.10/site-packages/triton/compiler/compiler.py", line 339, in compile\n    module = src.make_ir(options, codegen_fns, module_map, context)\n  File "/home/lijiaxing/.conda/envs/api/lib/python3.10/site-packages/triton/compiler/compiler.py", line 83, in make_ir\n    return ast_to_ttir(self.fn, self, context=context, options=options, codegen_fns=codegen_fns,\ntriton.compiler.errors.CompilationError: at 35:17:\n\n    # Offsets for current block with boundary masks\n    h_offsets = block_h_idx + tl.arange(0, BLOCK_H)\n    w_offsets = block_w_idx + tl.arange(0, BLOCK_W)\n    h_mask = h_offsets < out_height\n    w_mask = w_offsets < out_width\n\n    # Initialize accumulator\n    acc = tl.zeros((BLOCK_H, BLOCK_W), dtype=tl.float32)\n\n    # Precompute kernel offsets\n    kh_offsets = tl.arange(0, kernel_h)\n                 ^\n\n\nThe above exception was the direct cause of the following exception:\n\nTraceback (most recent call last):\n  File "/home/lijiaxing/.conda/envs/api/lib/python3.10/site-packages/triton/language/core.py", line 42, in wrapper\n    return fn(*args, **kwargs)\n  File "/home/lijiaxing/.conda/envs/api/lib/python3.10/site-packages/triton/language/core.py", line 1654, in arange\n    return _semantic.arange(start, end)\n  File "/home/lijiaxing/.conda/envs/api/lib/python3.10/site-packages/triton/language/semantic.py", line 574, in arange\n    raise ValueError("arange\'s arguments must be of type tl.constexpr")\nValueError: arange\'s arguments must be of type tl.constexpr\n', 'runtime_error_name': 'triton.compiler.errors.CompilationError', 'reference_timing_ms': 0.0523, 'speed_up': -1.0, 'custom_timing': -1.0}, 'runtime': -1.0, 'runtime_stats': {}}}
2025-08-12 15:54:03,398 - openevolve.threaded_parallel - INFO - Checkpoint interval reached at iteration 9
2025-08-12 15:54:03,400 - openevolve.database - INFO - Island Status:
2025-08-12 15:54:03,400 - openevolve.database - INFO -    Island 0: 8 programs, best=10.0000, avg=10.0000, diversity=67.60, gen=3 (best: 79b88190-0160-4aa7-bfb4-162dd604dc54)
2025-08-12 15:54:03,400 - openevolve.database - INFO -    Island 1: 9 programs, best=10.0000, avg=10.0000, diversity=52.83, gen=3 (best: 379a3462-0766-4753-8d15-30355e0f2ed0)
2025-08-12 15:54:03,400 - openevolve.database - INFO -  * Island 2: 8 programs, best=20.0000, avg=11.2500, diversity=499.03, gen=3 (best: 2e4b07c7-eeca-4e21-a810-020f546e1557)
2025-08-12 15:54:03,637 - openevolve.database - INFO - Saved database with 25 programs to openevolve_output/level1_78_conv_transposed_2D_asymmetric_input_asymmetric_kernel___padded__/checkpoints/checkpoint_9
2025-08-12 15:54:03,645 - openevolve.controller - INFO - Saved best program at checkpoint 9 with metrics: compiled=1.0000, correctness=0.0000, score=10.0000, stage=wrong_answer, verify_payload={'id': 'level1_78_conv_transposed_2D_asymmetric_input_asymmetric_kernel___padded__', 'result': {'compiled': True, 'correctness': False, 'metadata': {'hardware': 'NVIDIA L20Y', 'device': 'cuda:0', 'max_difference': ['119.947678', '131.330063', '126.837341', '122.084053', '128.829239'], 'avg_difference': ['17.560755', '17.558903', '17.546637', '17.559168', '17.562952'], 'correctness_issue': 'Output mismatch', 'correctness_trials': '(0 / 5)', 'reference_timing_ms': 0.0523, 'speed_up': -1.0, 'custom_timing': -1.0}, 'runtime': -1.0, 'runtime_stats': {}}}
2025-08-12 15:54:03,645 - openevolve.controller - INFO - Saved checkpoint at iteration 9 to openevolve_output/level1_78_conv_transposed_2D_asymmetric_input_asymmetric_kernel___padded__/checkpoints/checkpoint_9
2025-08-12 15:59:23,535 - openevolve.RemoteSpeedupEvaluator - INFO - [level1_78_conv_transposed_2D_asymmetric_input_asymmetric_kernel___padded__] triton key words check pass
2025-08-12 15:59:23,536 - openevolve.RemoteSpeedupEvaluator - INFO - [level1_78_conv_transposed_2D_asymmetric_input_asymmetric_kernel___padded__] verify_plus payload: reference_code(1768 chars) + custom_code(6003 chars)
2025-08-12 15:59:27,671 - openevolve.RemoteSpeedupEvaluator - INFO - [level1_78_conv_transposed_2D_asymmetric_input_asymmetric_kernel___padded__] verify_plus request success
2025-08-12 15:59:27,671 - openevolve.RemoteSpeedupEvaluator - INFO - [level1_78_conv_transposed_2D_asymmetric_input_asymmetric_kernel___padded__] verify_plus response: {"id":"level1_78_conv_transposed_2D_asymmetric_input_asymmetric_kernel___padded__","result":{"compiled":true,"correctness":false,"metadata":{"hardware":"NVIDIA L20Y","device":"cuda:4","max_difference":["119.947678","131.330063","126.837341","122.084053","128.829239"],"avg_difference":["17.560755","17.558903","17.546637","17.559168","17.562952"],"correctness_issue":"Output mismatch","correctness_trials":"(0 / 5)","reference_timing_ms":0.0523,"speed_up":-1.0,"custom_timing":-1.0},"runtime":-1.0,"runtime_stats":{}}}
2025-08-12 15:59:27,672 - openevolve.RemoteSpeedupEvaluator - INFO - [level1_78_conv_transposed_2D_asymmetric_input_asymmetric_kernel___padded__] ‚úò wrong_answer
2025-08-12 15:59:27,672 - openevolve.evaluator - INFO - Evaluated program 78ae8cac-63c0-455f-9478-9e2141c69a71 in 4.14s: compiled=1.0000, correctness=0.0000, score=10.0000, stage=wrong_answer, verify_payload={'id': 'level1_78_conv_transposed_2D_asymmetric_input_asymmetric_kernel___padded__', 'result': {'compiled': True, 'correctness': False, 'metadata': {'hardware': 'NVIDIA L20Y', 'device': 'cuda:4', 'max_difference': ['119.947678', '131.330063', '126.837341', '122.084053', '128.829239'], 'avg_difference': ['17.560755', '17.558903', '17.546637', '17.559168', '17.562952'], 'correctness_issue': 'Output mismatch', 'correctness_trials': '(0 / 5)', 'reference_timing_ms': 0.0523, 'speed_up': -1.0, 'custom_timing': -1.0}, 'runtime': -1.0, 'runtime_stats': {}}}
2025-08-12 15:59:27,676 - openevolve.database - INFO - Population size (26) exceeds limit (25), removing 1 programs
2025-08-12 15:59:27,676 - openevolve.database - INFO - Population size after cleanup: 25
2025-08-12 15:59:27,677 - openevolve.llm.ensemble - INFO - Sampled model: deepseek
2025-08-12 15:59:27,688 - openevolve.threaded_parallel - INFO - Iteration 8: Program 78ae8cac-63c0-455f-9478-9e2141c69a71 (parent: 379a3462-0766-4753-8d15-30355e0f2ed0) completed in 754.37s
2025-08-12 15:59:27,688 - openevolve.threaded_parallel - INFO - Metrics: compiled=1.0000, correctness=0.0000, score=10.0000, stage=wrong_answer, verify_payload={'id': 'level1_78_conv_transposed_2D_asymmetric_input_asymmetric_kernel___padded__', 'result': {'compiled': True, 'correctness': False, 'metadata': {'hardware': 'NVIDIA L20Y', 'device': 'cuda:4', 'max_difference': ['119.947678', '131.330063', '126.837341', '122.084053', '128.829239'], 'avg_difference': ['17.560755', '17.558903', '17.546637', '17.559168', '17.562952'], 'correctness_issue': 'Output mismatch', 'correctness_trials': '(0 / 5)', 'reference_timing_ms': 0.0523, 'speed_up': -1.0, 'custom_timing': -1.0}, 'runtime': -1.0, 'runtime_stats': {}}}
2025-08-12 16:03:01,472 - openevolve.RemoteSpeedupEvaluator - INFO - [level1_78_conv_transposed_2D_asymmetric_input_asymmetric_kernel___padded__] triton key words check pass
2025-08-12 16:03:01,473 - openevolve.RemoteSpeedupEvaluator - INFO - [level1_78_conv_transposed_2D_asymmetric_input_asymmetric_kernel___padded__] verify_plus payload: reference_code(1768 chars) + custom_code(5970 chars)
2025-08-12 16:03:04,092 - openevolve.RemoteSpeedupEvaluator - INFO - [level1_78_conv_transposed_2D_asymmetric_input_asymmetric_kernel___padded__] triton key words check pass
2025-08-12 16:03:04,092 - openevolve.RemoteSpeedupEvaluator - INFO - [level1_78_conv_transposed_2D_asymmetric_input_asymmetric_kernel___padded__] verify_plus payload: reference_code(1768 chars) + custom_code(6681 chars)
2025-08-12 16:03:05,285 - openevolve.RemoteSpeedupEvaluator - INFO - [level1_78_conv_transposed_2D_asymmetric_input_asymmetric_kernel___padded__] verify_plus request success
2025-08-12 16:03:05,285 - openevolve.RemoteSpeedupEvaluator - INFO - [level1_78_conv_transposed_2D_asymmetric_input_asymmetric_kernel___padded__] verify_plus response: {"id":"level1_78_conv_transposed_2D_asymmetric_input_asymmetric_kernel___padded__","result":{"compiled":true,"correctness":false,"metadata":{"hardware":"NVIDIA L20Y","device":"cuda:1","max_difference":["119.947678","131.330063","126.837341","122.084053","128.829239"],"avg_difference":["17.560755","17.558903","17.546637","17.559168","17.562952"],"correctness_issue":"Output mismatch","correctness_trials":"(0 / 5)","reference_timing_ms":0.0523,"speed_up":-1.0,"custom_timing":-1.0},"runtime":-1.0,"runtime_stats":{}}}
2025-08-12 16:03:05,286 - openevolve.RemoteSpeedupEvaluator - INFO - [level1_78_conv_transposed_2D_asymmetric_input_asymmetric_kernel___padded__] ‚úò wrong_answer
2025-08-12 16:03:05,286 - openevolve.evaluator - INFO - Evaluated program cb64ecf6-9fbf-4f69-86cc-740a27b0d324 in 3.81s: compiled=1.0000, correctness=0.0000, score=10.0000, stage=wrong_answer, verify_payload={'id': 'level1_78_conv_transposed_2D_asymmetric_input_asymmetric_kernel___padded__', 'result': {'compiled': True, 'correctness': False, 'metadata': {'hardware': 'NVIDIA L20Y', 'device': 'cuda:1', 'max_difference': ['119.947678', '131.330063', '126.837341', '122.084053', '128.829239'], 'avg_difference': ['17.560755', '17.558903', '17.546637', '17.559168', '17.562952'], 'correctness_issue': 'Output mismatch', 'correctness_trials': '(0 / 5)', 'reference_timing_ms': 0.0523, 'speed_up': -1.0, 'custom_timing': -1.0}, 'runtime': -1.0, 'runtime_stats': {}}}
2025-08-12 16:03:05,293 - openevolve.llm.ensemble - INFO - Sampled model: deepseek
2025-08-12 16:03:05,297 - openevolve.database - INFO - Population size (26) exceeds limit (25), removing 1 programs
2025-08-12 16:03:05,297 - openevolve.database - INFO - Population size after cleanup: 25
2025-08-12 16:03:05,310 - openevolve.threaded_parallel - INFO - Iteration 11: Program cb64ecf6-9fbf-4f69-86cc-740a27b0d324 (parent: 379a3462-0766-4753-8d15-30355e0f2ed0) completed in 541.91s
2025-08-12 16:03:05,310 - openevolve.threaded_parallel - INFO - Metrics: compiled=1.0000, correctness=0.0000, score=10.0000, stage=wrong_answer, verify_payload={'id': 'level1_78_conv_transposed_2D_asymmetric_input_asymmetric_kernel___padded__', 'result': {'compiled': True, 'correctness': False, 'metadata': {'hardware': 'NVIDIA L20Y', 'device': 'cuda:1', 'max_difference': ['119.947678', '131.330063', '126.837341', '122.084053', '128.829239'], 'avg_difference': ['17.560755', '17.558903', '17.546637', '17.559168', '17.562952'], 'correctness_issue': 'Output mismatch', 'correctness_trials': '(0 / 5)', 'reference_timing_ms': 0.0523, 'speed_up': -1.0, 'custom_timing': -1.0}, 'runtime': -1.0, 'runtime_stats': {}}}
2025-08-12 16:03:08,812 - openevolve.RemoteSpeedupEvaluator - INFO - [level1_78_conv_transposed_2D_asymmetric_input_asymmetric_kernel___padded__] verify_plus request success
2025-08-12 16:03:08,813 - openevolve.RemoteSpeedupEvaluator - INFO - [level1_78_conv_transposed_2D_asymmetric_input_asymmetric_kernel___padded__] verify_plus response: {"id":"level1_78_conv_transposed_2D_asymmetric_input_asymmetric_kernel___padded__","result":{"compiled":true,"correctness":false,"metadata":{"hardware":"NVIDIA L20Y","device":"cuda:3","max_difference":["119.947678","131.330063","126.837341","122.084053","128.829239"],"avg_difference":["17.560755","17.558903","17.546637","17.559168","17.562952"],"correctness_issue":"Output mismatch","correctness_trials":"(0 / 5)","reference_timing_ms":0.0523,"speed_up":-1.0,"custom_timing":-1.0},"runtime":-1.0,"runtime_stats":{}}}
2025-08-12 16:03:08,813 - openevolve.RemoteSpeedupEvaluator - INFO - [level1_78_conv_transposed_2D_asymmetric_input_asymmetric_kernel___padded__] ‚úò wrong_answer
2025-08-12 16:03:08,814 - openevolve.evaluator - INFO - Evaluated program 6869204b-1cf9-4bbb-ba9c-3dd0ce2a845d in 4.72s: compiled=1.0000, correctness=0.0000, score=10.0000, stage=wrong_answer, verify_payload={'id': 'level1_78_conv_transposed_2D_asymmetric_input_asymmetric_kernel___padded__', 'result': {'compiled': True, 'correctness': False, 'metadata': {'hardware': 'NVIDIA L20Y', 'device': 'cuda:3', 'max_difference': ['119.947678', '131.330063', '126.837341', '122.084053', '128.829239'], 'avg_difference': ['17.560755', '17.558903', '17.546637', '17.559168', '17.562952'], 'correctness_issue': 'Output mismatch', 'correctness_trials': '(0 / 5)', 'reference_timing_ms': 0.0523, 'speed_up': -1.0, 'custom_timing': -1.0}, 'runtime': -1.0, 'runtime_stats': {}}}
2025-08-12 16:03:08,818 - openevolve.database - INFO - New MAP-Elites cell occupied: {'score': 9, 'complexity': 4}
2025-08-12 16:03:08,818 - openevolve.llm.ensemble - INFO - Sampled model: deepseek
2025-08-12 16:03:08,818 - openevolve.database - INFO - Population size (26) exceeds limit (25), removing 1 programs
2025-08-12 16:03:08,819 - openevolve.database - INFO - Population size after cleanup: 25
2025-08-12 16:03:08,831 - openevolve.threaded_parallel - INFO - Iteration 10: Program 6869204b-1cf9-4bbb-ba9c-3dd0ce2a845d (parent: 79b88190-0160-4aa7-bfb4-162dd604dc54) completed in 617.55s
2025-08-12 16:03:08,831 - openevolve.threaded_parallel - INFO - Metrics: compiled=1.0000, correctness=0.0000, score=10.0000, stage=wrong_answer, verify_payload={'id': 'level1_78_conv_transposed_2D_asymmetric_input_asymmetric_kernel___padded__', 'result': {'compiled': True, 'correctness': False, 'metadata': {'hardware': 'NVIDIA L20Y', 'device': 'cuda:3', 'max_difference': ['119.947678', '131.330063', '126.837341', '122.084053', '128.829239'], 'avg_difference': ['17.560755', '17.558903', '17.546637', '17.559168', '17.562952'], 'correctness_issue': 'Output mismatch', 'correctness_trials': '(0 / 5)', 'reference_timing_ms': 0.0523, 'speed_up': -1.0, 'custom_timing': -1.0}, 'runtime': -1.0, 'runtime_stats': {}}}
2025-08-12 16:07:47,472 - openevolve.RemoteSpeedupEvaluator - INFO - [level1_78_conv_transposed_2D_asymmetric_input_asymmetric_kernel___padded__] triton key words check pass
2025-08-12 16:07:47,473 - openevolve.RemoteSpeedupEvaluator - INFO - [level1_78_conv_transposed_2D_asymmetric_input_asymmetric_kernel___padded__] verify_plus payload: reference_code(1768 chars) + custom_code(6145 chars)
2025-08-12 16:07:51,712 - openevolve.RemoteSpeedupEvaluator - INFO - [level1_78_conv_transposed_2D_asymmetric_input_asymmetric_kernel___padded__] verify_plus request success
2025-08-12 16:07:51,712 - openevolve.RemoteSpeedupEvaluator - INFO - [level1_78_conv_transposed_2D_asymmetric_input_asymmetric_kernel___padded__] verify_plus response: {"id":"level1_78_conv_transposed_2D_asymmetric_input_asymmetric_kernel___padded__","result":{"compiled":true,"correctness":false,"metadata":{"hardware":"NVIDIA L20Y","device":"cuda:0","max_difference":["119.947678","131.330063","126.837341","122.084053","128.829239"],"avg_difference":["17.560755","17.558903","17.546637","17.559168","17.562952"],"correctness_issue":"Output mismatch","correctness_trials":"(0 / 5)","reference_timing_ms":0.0523,"speed_up":-1.0,"custom_timing":-1.0},"runtime":-1.0,"runtime_stats":{}}}
2025-08-12 16:07:51,712 - openevolve.RemoteSpeedupEvaluator - INFO - [level1_78_conv_transposed_2D_asymmetric_input_asymmetric_kernel___padded__] ‚úò wrong_answer
2025-08-12 16:07:51,713 - openevolve.evaluator - INFO - Evaluated program ce453a83-e5c0-461f-8b9e-467e64b66b1d in 4.24s: compiled=1.0000, correctness=0.0000, score=10.0000, stage=wrong_answer, verify_payload={'id': 'level1_78_conv_transposed_2D_asymmetric_input_asymmetric_kernel___padded__', 'result': {'compiled': True, 'correctness': False, 'metadata': {'hardware': 'NVIDIA L20Y', 'device': 'cuda:0', 'max_difference': ['119.947678', '131.330063', '126.837341', '122.084053', '128.829239'], 'avg_difference': ['17.560755', '17.558903', '17.546637', '17.559168', '17.562952'], 'correctness_issue': 'Output mismatch', 'correctness_trials': '(0 / 5)', 'reference_timing_ms': 0.0523, 'speed_up': -1.0, 'custom_timing': -1.0}, 'runtime': -1.0, 'runtime_stats': {}}}
2025-08-12 16:07:51,716 - openevolve.database - INFO - Population size (26) exceeds limit (25), removing 1 programs
2025-08-12 16:07:51,716 - openevolve.database - INFO - Population size after cleanup: 25
2025-08-12 16:07:51,717 - openevolve.llm.ensemble - INFO - Sampled model: deepseek
2025-08-12 16:07:51,728 - openevolve.threaded_parallel - INFO - Iteration 12: Program ce453a83-e5c0-461f-8b9e-467e64b66b1d (parent: 2e4b07c7-eeca-4e21-a810-020f546e1557) completed in 504.04s
2025-08-12 16:07:51,729 - openevolve.threaded_parallel - INFO - Metrics: compiled=1.0000, correctness=0.0000, score=10.0000, stage=wrong_answer, verify_payload={'id': 'level1_78_conv_transposed_2D_asymmetric_input_asymmetric_kernel___padded__', 'result': {'compiled': True, 'correctness': False, 'metadata': {'hardware': 'NVIDIA L20Y', 'device': 'cuda:0', 'max_difference': ['119.947678', '131.330063', '126.837341', '122.084053', '128.829239'], 'avg_difference': ['17.560755', '17.558903', '17.546637', '17.559168', '17.562952'], 'correctness_issue': 'Output mismatch', 'correctness_trials': '(0 / 5)', 'reference_timing_ms': 0.0523, 'speed_up': -1.0, 'custom_timing': -1.0}, 'runtime': -1.0, 'runtime_stats': {}}}
2025-08-12 16:07:51,729 - openevolve.threaded_parallel - INFO - Checkpoint interval reached at iteration 12
2025-08-12 16:07:51,731 - openevolve.database - INFO - Island Status:
2025-08-12 16:07:51,731 - openevolve.database - INFO -  * Island 0: 8 programs, best=10.0000, avg=10.0000, diversity=67.60, gen=5 (best: 79b88190-0160-4aa7-bfb4-162dd604dc54)
2025-08-12 16:07:51,731 - openevolve.database - INFO -    Island 1: 9 programs, best=10.0000, avg=10.0000, diversity=100.37, gen=4 (best: 379a3462-0766-4753-8d15-30355e0f2ed0)
2025-08-12 16:07:51,731 - openevolve.database - INFO -    Island 2: 8 programs, best=20.0000, avg=11.2500, diversity=100.18, gen=4 (best: 2e4b07c7-eeca-4e21-a810-020f546e1557)
2025-08-12 16:07:51,968 - openevolve.database - INFO - Saved database with 25 programs to openevolve_output/level1_78_conv_transposed_2D_asymmetric_input_asymmetric_kernel___padded__/checkpoints/checkpoint_12
2025-08-12 16:07:51,976 - openevolve.controller - INFO - Saved best program at checkpoint 12 with metrics: compiled=1.0000, correctness=0.0000, score=10.0000, stage=wrong_answer, verify_payload={'id': 'level1_78_conv_transposed_2D_asymmetric_input_asymmetric_kernel___padded__', 'result': {'compiled': True, 'correctness': False, 'metadata': {'hardware': 'NVIDIA L20Y', 'device': 'cuda:0', 'max_difference': ['119.947678', '131.330063', '126.837341', '122.084053', '128.829239'], 'avg_difference': ['17.560755', '17.558903', '17.546637', '17.559168', '17.562952'], 'correctness_issue': 'Output mismatch', 'correctness_trials': '(0 / 5)', 'reference_timing_ms': 0.0523, 'speed_up': -1.0, 'custom_timing': -1.0}, 'runtime': -1.0, 'runtime_stats': {}}}
2025-08-12 16:07:51,976 - openevolve.controller - INFO - Saved checkpoint at iteration 12 to openevolve_output/level1_78_conv_transposed_2D_asymmetric_input_asymmetric_kernel___padded__/checkpoints/checkpoint_12
2025-08-12 16:10:09,585 - openevolve.RemoteSpeedupEvaluator - INFO - [level1_78_conv_transposed_2D_asymmetric_input_asymmetric_kernel___padded__] triton key words check pass
2025-08-12 16:10:09,586 - openevolve.RemoteSpeedupEvaluator - INFO - [level1_78_conv_transposed_2D_asymmetric_input_asymmetric_kernel___padded__] verify_plus payload: reference_code(1768 chars) + custom_code(6010 chars)
2025-08-12 16:10:13,500 - openevolve.RemoteSpeedupEvaluator - INFO - [level1_78_conv_transposed_2D_asymmetric_input_asymmetric_kernel___padded__] verify_plus request success
2025-08-12 16:10:13,500 - openevolve.RemoteSpeedupEvaluator - INFO - [level1_78_conv_transposed_2D_asymmetric_input_asymmetric_kernel___padded__] verify_plus response: {"id":"level1_78_conv_transposed_2D_asymmetric_input_asymmetric_kernel___padded__","result":{"compiled":true,"correctness":false,"metadata":{"hardware":"NVIDIA L20Y","device":"cuda:2","max_difference":["119.947678","131.330063","126.837341","122.084053","128.829239"],"avg_difference":["17.560755","17.558903","17.546637","17.559168","17.562952"],"correctness_issue":"Output mismatch","correctness_trials":"(0 / 5)","reference_timing_ms":0.0523,"speed_up":-1.0,"custom_timing":-1.0},"runtime":-1.0,"runtime_stats":{}}}
2025-08-12 16:10:13,500 - openevolve.RemoteSpeedupEvaluator - INFO - [level1_78_conv_transposed_2D_asymmetric_input_asymmetric_kernel___padded__] ‚úò wrong_answer
2025-08-12 16:10:13,501 - openevolve.evaluator - INFO - Evaluated program f5fd5a73-abb2-4f08-bc3d-f722fa4debe7 in 3.92s: compiled=1.0000, correctness=0.0000, score=10.0000, stage=wrong_answer, verify_payload={'id': 'level1_78_conv_transposed_2D_asymmetric_input_asymmetric_kernel___padded__', 'result': {'compiled': True, 'correctness': False, 'metadata': {'hardware': 'NVIDIA L20Y', 'device': 'cuda:2', 'max_difference': ['119.947678', '131.330063', '126.837341', '122.084053', '128.829239'], 'avg_difference': ['17.560755', '17.558903', '17.546637', '17.559168', '17.562952'], 'correctness_issue': 'Output mismatch', 'correctness_trials': '(0 / 5)', 'reference_timing_ms': 0.0523, 'speed_up': -1.0, 'custom_timing': -1.0}, 'runtime': -1.0, 'runtime_stats': {}}}
2025-08-12 16:10:13,504 - openevolve.llm.ensemble - INFO - Sampled model: deepseek
2025-08-12 16:10:13,511 - openevolve.database - INFO - Population size (26) exceeds limit (25), removing 1 programs
2025-08-12 16:10:13,511 - openevolve.database - INFO - Population size after cleanup: 25
2025-08-12 16:10:13,523 - openevolve.threaded_parallel - INFO - Iteration 14: Program f5fd5a73-abb2-4f08-bc3d-f722fa4debe7 (parent: ab3d9110-c7f8-4999-97bd-92e01a2ed96b) completed in 424.68s
2025-08-12 16:10:13,523 - openevolve.threaded_parallel - INFO - Metrics: compiled=1.0000, correctness=0.0000, score=10.0000, stage=wrong_answer, verify_payload={'id': 'level1_78_conv_transposed_2D_asymmetric_input_asymmetric_kernel___padded__', 'result': {'compiled': True, 'correctness': False, 'metadata': {'hardware': 'NVIDIA L20Y', 'device': 'cuda:2', 'max_difference': ['119.947678', '131.330063', '126.837341', '122.084053', '128.829239'], 'avg_difference': ['17.560755', '17.558903', '17.546637', '17.559168', '17.562952'], 'correctness_issue': 'Output mismatch', 'correctness_trials': '(0 / 5)', 'reference_timing_ms': 0.0523, 'speed_up': -1.0, 'custom_timing': -1.0}, 'runtime': -1.0, 'runtime_stats': {}}}
2025-08-12 16:11:39,538 - openevolve.RemoteSpeedupEvaluator - INFO - [level1_78_conv_transposed_2D_asymmetric_input_asymmetric_kernel___padded__] triton key words check pass
2025-08-12 16:11:39,539 - openevolve.RemoteSpeedupEvaluator - INFO - [level1_78_conv_transposed_2D_asymmetric_input_asymmetric_kernel___padded__] verify_plus payload: reference_code(1768 chars) + custom_code(6457 chars)
2025-08-12 16:11:43,645 - openevolve.RemoteSpeedupEvaluator - INFO - [level1_78_conv_transposed_2D_asymmetric_input_asymmetric_kernel___padded__] verify_plus request success
2025-08-12 16:11:43,645 - openevolve.RemoteSpeedupEvaluator - INFO - [level1_78_conv_transposed_2D_asymmetric_input_asymmetric_kernel___padded__] verify_plus response: {"id":"level1_78_conv_transposed_2D_asymmetric_input_asymmetric_kernel___padded__","result":{"compiled":true,"correctness":false,"metadata":{"hardware":"NVIDIA L20Y","device":"cuda:1","max_difference":["119.947678","131.330063","126.837341","122.084053","128.829239"],"avg_difference":["17.560755","17.558903","17.546637","17.559168","17.562952"],"correctness_issue":"Output mismatch","correctness_trials":"(0 / 5)","reference_timing_ms":0.0523,"speed_up":-1.0,"custom_timing":-1.0},"runtime":-1.0,"runtime_stats":{}}}
2025-08-12 16:11:43,645 - openevolve.RemoteSpeedupEvaluator - INFO - [level1_78_conv_transposed_2D_asymmetric_input_asymmetric_kernel___padded__] ‚úò wrong_answer
2025-08-12 16:11:43,646 - openevolve.evaluator - INFO - Evaluated program 6ad4fd3d-f66b-4125-9bd7-e40315ec0d35 in 4.11s: compiled=1.0000, correctness=0.0000, score=10.0000, stage=wrong_answer, verify_payload={'id': 'level1_78_conv_transposed_2D_asymmetric_input_asymmetric_kernel___padded__', 'result': {'compiled': True, 'correctness': False, 'metadata': {'hardware': 'NVIDIA L20Y', 'device': 'cuda:1', 'max_difference': ['119.947678', '131.330063', '126.837341', '122.084053', '128.829239'], 'avg_difference': ['17.560755', '17.558903', '17.546637', '17.559168', '17.562952'], 'correctness_issue': 'Output mismatch', 'correctness_trials': '(0 / 5)', 'reference_timing_ms': 0.0523, 'speed_up': -1.0, 'custom_timing': -1.0}, 'runtime': -1.0, 'runtime_stats': {}}}
2025-08-12 16:11:43,650 - openevolve.llm.ensemble - INFO - Sampled model: deepseek
2025-08-12 16:11:43,654 - openevolve.database - INFO - New MAP-Elites cell occupied: {'score': 9, 'complexity': 3}
2025-08-12 16:11:43,654 - openevolve.database - INFO - Population size (26) exceeds limit (25), removing 1 programs
2025-08-12 16:11:43,654 - openevolve.database - INFO - Population size after cleanup: 25
2025-08-12 16:11:43,665 - openevolve.threaded_parallel - INFO - Iteration 13: Program 6ad4fd3d-f66b-4125-9bd7-e40315ec0d35 (parent: bb502953-8164-4609-bfc1-f15aaf7b13f2) completed in 518.35s
2025-08-12 16:11:43,665 - openevolve.threaded_parallel - INFO - Metrics: compiled=1.0000, correctness=0.0000, score=10.0000, stage=wrong_answer, verify_payload={'id': 'level1_78_conv_transposed_2D_asymmetric_input_asymmetric_kernel___padded__', 'result': {'compiled': True, 'correctness': False, 'metadata': {'hardware': 'NVIDIA L20Y', 'device': 'cuda:1', 'max_difference': ['119.947678', '131.330063', '126.837341', '122.084053', '128.829239'], 'avg_difference': ['17.560755', '17.558903', '17.546637', '17.559168', '17.562952'], 'correctness_issue': 'Output mismatch', 'correctness_trials': '(0 / 5)', 'reference_timing_ms': 0.0523, 'speed_up': -1.0, 'custom_timing': -1.0}, 'runtime': -1.0, 'runtime_stats': {}}}
2025-08-12 16:17:08,028 - openevolve.RemoteSpeedupEvaluator - INFO - [level1_78_conv_transposed_2D_asymmetric_input_asymmetric_kernel___padded__] triton key words check pass
2025-08-12 16:17:08,029 - openevolve.RemoteSpeedupEvaluator - INFO - [level1_78_conv_transposed_2D_asymmetric_input_asymmetric_kernel___padded__] verify_plus payload: reference_code(1768 chars) + custom_code(6105 chars)
2025-08-12 16:17:11,730 - openevolve.RemoteSpeedupEvaluator - INFO - [level1_78_conv_transposed_2D_asymmetric_input_asymmetric_kernel___padded__] verify_plus request success
2025-08-12 16:17:11,730 - openevolve.RemoteSpeedupEvaluator - INFO - [level1_78_conv_transposed_2D_asymmetric_input_asymmetric_kernel___padded__] verify_plus response: {"id":"level1_78_conv_transposed_2D_asymmetric_input_asymmetric_kernel___padded__","result":{"compiled":true,"correctness":false,"metadata":{"hardware":"NVIDIA L20Y","device":"cuda:1","max_difference":["119.947678","131.330063","126.837341","122.084053","128.829239"],"avg_difference":["17.560755","17.558903","17.546637","17.559168","17.562952"],"correctness_issue":"Output mismatch","correctness_trials":"(0 / 5)","reference_timing_ms":0.0523,"speed_up":-1.0,"custom_timing":-1.0},"runtime":-1.0,"runtime_stats":{}}}
2025-08-12 16:17:11,731 - openevolve.RemoteSpeedupEvaluator - INFO - [level1_78_conv_transposed_2D_asymmetric_input_asymmetric_kernel___padded__] ‚úò wrong_answer
2025-08-12 16:17:11,731 - openevolve.evaluator - INFO - Evaluated program 86e80881-1729-43bd-ac1f-bd679560d3be in 3.70s: compiled=1.0000, correctness=0.0000, score=10.0000, stage=wrong_answer, verify_payload={'id': 'level1_78_conv_transposed_2D_asymmetric_input_asymmetric_kernel___padded__', 'result': {'compiled': True, 'correctness': False, 'metadata': {'hardware': 'NVIDIA L20Y', 'device': 'cuda:1', 'max_difference': ['119.947678', '131.330063', '126.837341', '122.084053', '128.829239'], 'avg_difference': ['17.560755', '17.558903', '17.546637', '17.559168', '17.562952'], 'correctness_issue': 'Output mismatch', 'correctness_trials': '(0 / 5)', 'reference_timing_ms': 0.0523, 'speed_up': -1.0, 'custom_timing': -1.0}, 'runtime': -1.0, 'runtime_stats': {}}}
2025-08-12 16:17:11,734 - openevolve.database - INFO - Population size (26) exceeds limit (25), removing 1 programs
2025-08-12 16:17:11,735 - openevolve.database - INFO - Population size after cleanup: 25
2025-08-12 16:17:11,736 - openevolve.llm.ensemble - INFO - Sampled model: deepseek
2025-08-12 16:17:11,746 - openevolve.threaded_parallel - INFO - Iteration 17: Program 86e80881-1729-43bd-ac1f-bd679560d3be (parent: b195a7f7-a98d-4adf-ba1e-682ecb816213) completed in 328.08s
2025-08-12 16:17:11,746 - openevolve.threaded_parallel - INFO - Metrics: compiled=1.0000, correctness=0.0000, score=10.0000, stage=wrong_answer, verify_payload={'id': 'level1_78_conv_transposed_2D_asymmetric_input_asymmetric_kernel___padded__', 'result': {'compiled': True, 'correctness': False, 'metadata': {'hardware': 'NVIDIA L20Y', 'device': 'cuda:1', 'max_difference': ['119.947678', '131.330063', '126.837341', '122.084053', '128.829239'], 'avg_difference': ['17.560755', '17.558903', '17.546637', '17.559168', '17.562952'], 'correctness_issue': 'Output mismatch', 'correctness_trials': '(0 / 5)', 'reference_timing_ms': 0.0523, 'speed_up': -1.0, 'custom_timing': -1.0}, 'runtime': -1.0, 'runtime_stats': {}}}
2025-08-12 16:18:31,954 - openevolve.RemoteSpeedupEvaluator - INFO - [level1_78_conv_transposed_2D_asymmetric_input_asymmetric_kernel___padded__] triton key words check pass
2025-08-12 16:18:31,955 - openevolve.RemoteSpeedupEvaluator - INFO - [level1_78_conv_transposed_2D_asymmetric_input_asymmetric_kernel___padded__] verify_plus payload: reference_code(1768 chars) + custom_code(6268 chars)
2025-08-12 16:18:35,982 - openevolve.RemoteSpeedupEvaluator - INFO - [level1_78_conv_transposed_2D_asymmetric_input_asymmetric_kernel___padded__] verify_plus request success
2025-08-12 16:18:35,982 - openevolve.RemoteSpeedupEvaluator - INFO - [level1_78_conv_transposed_2D_asymmetric_input_asymmetric_kernel___padded__] verify_plus response: {"id":"level1_78_conv_transposed_2D_asymmetric_input_asymmetric_kernel___padded__","result":{"compiled":true,"correctness":false,"metadata":{"hardware":"NVIDIA L20Y","device":"cuda:3","max_difference":["119.947678","131.330063","126.837341","122.084053","128.829239"],"avg_difference":["17.560755","17.558903","17.546637","17.559168","17.562952"],"correctness_issue":"Output mismatch","correctness_trials":"(0 / 5)","reference_timing_ms":0.0523,"speed_up":-1.0,"custom_timing":-1.0},"runtime":-1.0,"runtime_stats":{}}}
2025-08-12 16:18:35,982 - openevolve.RemoteSpeedupEvaluator - INFO - [level1_78_conv_transposed_2D_asymmetric_input_asymmetric_kernel___padded__] ‚úò wrong_answer
2025-08-12 16:18:35,982 - openevolve.evaluator - INFO - Evaluated program a47b9e78-9191-45a3-a8d0-5efea1d0e945 in 4.03s: compiled=1.0000, correctness=0.0000, score=10.0000, stage=wrong_answer, verify_payload={'id': 'level1_78_conv_transposed_2D_asymmetric_input_asymmetric_kernel___padded__', 'result': {'compiled': True, 'correctness': False, 'metadata': {'hardware': 'NVIDIA L20Y', 'device': 'cuda:3', 'max_difference': ['119.947678', '131.330063', '126.837341', '122.084053', '128.829239'], 'avg_difference': ['17.560755', '17.558903', '17.546637', '17.559168', '17.562952'], 'correctness_issue': 'Output mismatch', 'correctness_trials': '(0 / 5)', 'reference_timing_ms': 0.0523, 'speed_up': -1.0, 'custom_timing': -1.0}, 'runtime': -1.0, 'runtime_stats': {}}}
2025-08-12 16:18:35,987 - openevolve.llm.ensemble - INFO - Sampled model: deepseek
2025-08-12 16:18:35,987 - openevolve.database - INFO - New MAP-Elites cell occupied: {'score': 9, 'complexity': 2}
2025-08-12 16:18:35,988 - openevolve.database - INFO - Population size (26) exceeds limit (25), removing 1 programs
2025-08-12 16:18:35,989 - openevolve.database - INFO - Population size after cleanup: 25
2025-08-12 16:18:36,001 - openevolve.threaded_parallel - INFO - Iteration 15: Program a47b9e78-9191-45a3-a8d0-5efea1d0e945 (parent: 2e4b07c7-eeca-4e21-a810-020f546e1557) completed in 644.27s
2025-08-12 16:18:36,001 - openevolve.threaded_parallel - INFO - Metrics: compiled=1.0000, correctness=0.0000, score=10.0000, stage=wrong_answer, verify_payload={'id': 'level1_78_conv_transposed_2D_asymmetric_input_asymmetric_kernel___padded__', 'result': {'compiled': True, 'correctness': False, 'metadata': {'hardware': 'NVIDIA L20Y', 'device': 'cuda:3', 'max_difference': ['119.947678', '131.330063', '126.837341', '122.084053', '128.829239'], 'avg_difference': ['17.560755', '17.558903', '17.546637', '17.559168', '17.562952'], 'correctness_issue': 'Output mismatch', 'correctness_trials': '(0 / 5)', 'reference_timing_ms': 0.0523, 'speed_up': -1.0, 'custom_timing': -1.0}, 'runtime': -1.0, 'runtime_stats': {}}}
2025-08-12 16:18:36,001 - openevolve.threaded_parallel - INFO - Checkpoint interval reached at iteration 15
2025-08-12 16:18:36,004 - openevolve.database - INFO - Island Status:
2025-08-12 16:18:36,004 - openevolve.database - INFO -    Island 0: 8 programs, best=10.0000, avg=10.0000, diversity=97.05, gen=6 (best: 79b88190-0160-4aa7-bfb4-162dd604dc54)
2025-08-12 16:18:36,004 - openevolve.database - INFO -  * Island 1: 8 programs, best=10.0000, avg=10.0000, diversity=123.77, gen=6 (best: 379a3462-0766-4753-8d15-30355e0f2ed0)
2025-08-12 16:18:36,004 - openevolve.database - INFO -    Island 2: 9 programs, best=20.0000, avg=11.1111, diversity=100.18, gen=5 (best: 2e4b07c7-eeca-4e21-a810-020f546e1557)
2025-08-12 16:18:36,291 - openevolve.database - INFO - Saved database with 25 programs to openevolve_output/level1_78_conv_transposed_2D_asymmetric_input_asymmetric_kernel___padded__/checkpoints/checkpoint_15
2025-08-12 16:18:36,298 - openevolve.controller - INFO - Saved best program at checkpoint 15 with metrics: compiled=1.0000, correctness=0.0000, score=10.0000, stage=wrong_answer, verify_payload={'id': 'level1_78_conv_transposed_2D_asymmetric_input_asymmetric_kernel___padded__', 'result': {'compiled': True, 'correctness': False, 'metadata': {'hardware': 'NVIDIA L20Y', 'device': 'cuda:0', 'max_difference': ['119.947678', '131.330063', '126.837341', '122.084053', '128.829239'], 'avg_difference': ['17.560755', '17.558903', '17.546637', '17.559168', '17.562952'], 'correctness_issue': 'Output mismatch', 'correctness_trials': '(0 / 5)', 'reference_timing_ms': 0.0523, 'speed_up': -1.0, 'custom_timing': -1.0}, 'runtime': -1.0, 'runtime_stats': {}}}
2025-08-12 16:18:36,298 - openevolve.controller - INFO - Saved checkpoint at iteration 15 to openevolve_output/level1_78_conv_transposed_2D_asymmetric_input_asymmetric_kernel___padded__/checkpoints/checkpoint_15
2025-08-12 16:23:23,740 - openevolve.RemoteSpeedupEvaluator - INFO - [level1_78_conv_transposed_2D_asymmetric_input_asymmetric_kernel___padded__] triton key words check pass
2025-08-12 16:23:23,741 - openevolve.RemoteSpeedupEvaluator - INFO - [level1_78_conv_transposed_2D_asymmetric_input_asymmetric_kernel___padded__] verify_plus payload: reference_code(1768 chars) + custom_code(6448 chars)
2025-08-12 16:23:27,632 - openevolve.RemoteSpeedupEvaluator - INFO - [level1_78_conv_transposed_2D_asymmetric_input_asymmetric_kernel___padded__] verify_plus request success
2025-08-12 16:23:27,632 - openevolve.RemoteSpeedupEvaluator - INFO - [level1_78_conv_transposed_2D_asymmetric_input_asymmetric_kernel___padded__] verify_plus response: {"id":"level1_78_conv_transposed_2D_asymmetric_input_asymmetric_kernel___padded__","result":{"compiled":true,"correctness":false,"metadata":{"hardware":"NVIDIA L20Y","device":"cuda:7","max_difference":["119.947678","131.330063","126.837341","122.084053","128.829239"],"avg_difference":["17.560755","17.558903","17.546637","17.559168","17.562952"],"correctness_issue":"Output mismatch","correctness_trials":"(0 / 5)","reference_timing_ms":0.0523,"speed_up":-1.0,"custom_timing":-1.0},"runtime":-1.0,"runtime_stats":{}}}
2025-08-12 16:23:27,632 - openevolve.RemoteSpeedupEvaluator - INFO - [level1_78_conv_transposed_2D_asymmetric_input_asymmetric_kernel___padded__] ‚úò wrong_answer
2025-08-12 16:23:27,633 - openevolve.evaluator - INFO - Evaluated program 7abc3079-c2e7-4a44-acad-852a4e5c4e80 in 3.89s: compiled=1.0000, correctness=0.0000, score=10.0000, stage=wrong_answer, verify_payload={'id': 'level1_78_conv_transposed_2D_asymmetric_input_asymmetric_kernel___padded__', 'result': {'compiled': True, 'correctness': False, 'metadata': {'hardware': 'NVIDIA L20Y', 'device': 'cuda:7', 'max_difference': ['119.947678', '131.330063', '126.837341', '122.084053', '128.829239'], 'avg_difference': ['17.560755', '17.558903', '17.546637', '17.559168', '17.562952'], 'correctness_issue': 'Output mismatch', 'correctness_trials': '(0 / 5)', 'reference_timing_ms': 0.0523, 'speed_up': -1.0, 'custom_timing': -1.0}, 'runtime': -1.0, 'runtime_stats': {}}}
2025-08-12 16:23:27,636 - openevolve.database - INFO - Population size (26) exceeds limit (25), removing 1 programs
2025-08-12 16:23:27,636 - openevolve.database - INFO - Population size after cleanup: 25
2025-08-12 16:23:27,638 - openevolve.llm.ensemble - INFO - Sampled model: deepseek
2025-08-12 16:23:27,649 - openevolve.threaded_parallel - INFO - Iteration 16: Program 7abc3079-c2e7-4a44-acad-852a4e5c4e80 (parent: 79b88190-0160-4aa7-bfb4-162dd604dc54) completed in 794.13s
2025-08-12 16:23:27,649 - openevolve.threaded_parallel - INFO - Metrics: compiled=1.0000, correctness=0.0000, score=10.0000, stage=wrong_answer, verify_payload={'id': 'level1_78_conv_transposed_2D_asymmetric_input_asymmetric_kernel___padded__', 'result': {'compiled': True, 'correctness': False, 'metadata': {'hardware': 'NVIDIA L20Y', 'device': 'cuda:7', 'max_difference': ['119.947678', '131.330063', '126.837341', '122.084053', '128.829239'], 'avg_difference': ['17.560755', '17.558903', '17.546637', '17.559168', '17.562952'], 'correctness_issue': 'Output mismatch', 'correctness_trials': '(0 / 5)', 'reference_timing_ms': 0.0523, 'speed_up': -1.0, 'custom_timing': -1.0}, 'runtime': -1.0, 'runtime_stats': {}}}
2025-08-12 16:26:45,246 - openevolve.RemoteSpeedupEvaluator - INFO - [level1_78_conv_transposed_2D_asymmetric_input_asymmetric_kernel___padded__] triton key words check pass
2025-08-12 16:26:45,247 - openevolve.RemoteSpeedupEvaluator - INFO - [level1_78_conv_transposed_2D_asymmetric_input_asymmetric_kernel___padded__] verify_plus payload: reference_code(1768 chars) + custom_code(6336 chars)
2025-08-12 16:26:49,407 - openevolve.RemoteSpeedupEvaluator - INFO - [level1_78_conv_transposed_2D_asymmetric_input_asymmetric_kernel___padded__] verify_plus request success
2025-08-12 16:26:49,407 - openevolve.RemoteSpeedupEvaluator - INFO - [level1_78_conv_transposed_2D_asymmetric_input_asymmetric_kernel___padded__] verify_plus response: {"id":"level1_78_conv_transposed_2D_asymmetric_input_asymmetric_kernel___padded__","result":{"compiled":true,"correctness":false,"metadata":{"hardware":"NVIDIA L20Y","device":"cuda:3","max_difference":["119.947678","131.330063","126.837341","122.084053","128.829239"],"avg_difference":["17.560755","17.558903","17.546637","17.559168","17.562952"],"correctness_issue":"Output mismatch","correctness_trials":"(0 / 5)","reference_timing_ms":0.0523,"speed_up":-1.0,"custom_timing":-1.0},"runtime":-1.0,"runtime_stats":{}}}
2025-08-12 16:26:49,407 - openevolve.RemoteSpeedupEvaluator - INFO - [level1_78_conv_transposed_2D_asymmetric_input_asymmetric_kernel___padded__] ‚úò wrong_answer
2025-08-12 16:26:49,408 - openevolve.evaluator - INFO - Evaluated program dd4613bd-551d-4841-a86e-3e4d34c410a7 in 4.16s: compiled=1.0000, correctness=0.0000, score=10.0000, stage=wrong_answer, verify_payload={'id': 'level1_78_conv_transposed_2D_asymmetric_input_asymmetric_kernel___padded__', 'result': {'compiled': True, 'correctness': False, 'metadata': {'hardware': 'NVIDIA L20Y', 'device': 'cuda:3', 'max_difference': ['119.947678', '131.330063', '126.837341', '122.084053', '128.829239'], 'avg_difference': ['17.560755', '17.558903', '17.546637', '17.559168', '17.562952'], 'correctness_issue': 'Output mismatch', 'correctness_trials': '(0 / 5)', 'reference_timing_ms': 0.0523, 'speed_up': -1.0, 'custom_timing': -1.0}, 'runtime': -1.0, 'runtime_stats': {}}}
2025-08-12 16:26:49,412 - openevolve.llm.ensemble - INFO - Sampled model: deepseek
2025-08-12 16:26:49,417 - openevolve.database - INFO - Population size (26) exceeds limit (25), removing 1 programs
2025-08-12 16:26:49,417 - openevolve.database - INFO - Population size after cleanup: 25
2025-08-12 16:26:49,429 - openevolve.threaded_parallel - INFO - Iteration 18: Program dd4613bd-551d-4841-a86e-3e4d34c410a7 (parent: 78ae8cac-63c0-455f-9478-9e2141c69a71) completed in 577.67s
2025-08-12 16:26:49,430 - openevolve.threaded_parallel - INFO - Metrics: compiled=1.0000, correctness=0.0000, score=10.0000, stage=wrong_answer, verify_payload={'id': 'level1_78_conv_transposed_2D_asymmetric_input_asymmetric_kernel___padded__', 'result': {'compiled': True, 'correctness': False, 'metadata': {'hardware': 'NVIDIA L20Y', 'device': 'cuda:3', 'max_difference': ['119.947678', '131.330063', '126.837341', '122.084053', '128.829239'], 'avg_difference': ['17.560755', '17.558903', '17.546637', '17.559168', '17.562952'], 'correctness_issue': 'Output mismatch', 'correctness_trials': '(0 / 5)', 'reference_timing_ms': 0.0523, 'speed_up': -1.0, 'custom_timing': -1.0}, 'runtime': -1.0, 'runtime_stats': {}}}
2025-08-12 16:26:49,430 - openevolve.threaded_parallel - INFO - Checkpoint interval reached at iteration 18
2025-08-12 16:26:49,432 - openevolve.database - INFO - Island Status:
2025-08-12 16:26:49,432 - openevolve.database - INFO -  * Island 0: 7 programs, best=10.0000, avg=10.0000, diversity=58.43, gen=7 (best: 79b88190-0160-4aa7-bfb4-162dd604dc54)
2025-08-12 16:26:49,432 - openevolve.database - INFO -    Island 1: 9 programs, best=10.0000, avg=10.0000, diversity=144.07, gen=6 (best: 379a3462-0766-4753-8d15-30355e0f2ed0)
2025-08-12 16:26:49,432 - openevolve.database - INFO -    Island 2: 9 programs, best=20.0000, avg=11.1111, diversity=66.68, gen=6 (best: 2e4b07c7-eeca-4e21-a810-020f546e1557)
2025-08-12 16:26:49,683 - openevolve.database - INFO - Saved database with 25 programs to openevolve_output/level1_78_conv_transposed_2D_asymmetric_input_asymmetric_kernel___padded__/checkpoints/checkpoint_18
2025-08-12 16:26:49,690 - openevolve.controller - INFO - Saved best program at checkpoint 18 with metrics: compiled=1.0000, correctness=0.0000, score=10.0000, stage=wrong_answer, verify_payload={'id': 'level1_78_conv_transposed_2D_asymmetric_input_asymmetric_kernel___padded__', 'result': {'compiled': True, 'correctness': False, 'metadata': {'hardware': 'NVIDIA L20Y', 'device': 'cuda:0', 'max_difference': ['119.947678', '131.330063', '126.837341', '122.084053', '128.829239'], 'avg_difference': ['17.560755', '17.558903', '17.546637', '17.559168', '17.562952'], 'correctness_issue': 'Output mismatch', 'correctness_trials': '(0 / 5)', 'reference_timing_ms': 0.0523, 'speed_up': -1.0, 'custom_timing': -1.0}, 'runtime': -1.0, 'runtime_stats': {}}}
2025-08-12 16:26:49,690 - openevolve.controller - INFO - Saved checkpoint at iteration 18 to openevolve_output/level1_78_conv_transposed_2D_asymmetric_input_asymmetric_kernel___padded__/checkpoints/checkpoint_18
2025-08-12 16:30:58,960 - openevolve.RemoteSpeedupEvaluator - INFO - [level1_78_conv_transposed_2D_asymmetric_input_asymmetric_kernel___padded__] triton key words check pass
2025-08-12 16:30:58,960 - openevolve.RemoteSpeedupEvaluator - INFO - [level1_78_conv_transposed_2D_asymmetric_input_asymmetric_kernel___padded__] verify_plus payload: reference_code(1768 chars) + custom_code(6426 chars)
2025-08-12 16:31:02,848 - openevolve.RemoteSpeedupEvaluator - INFO - [level1_78_conv_transposed_2D_asymmetric_input_asymmetric_kernel___padded__] verify_plus request success
2025-08-12 16:31:02,848 - openevolve.RemoteSpeedupEvaluator - INFO - [level1_78_conv_transposed_2D_asymmetric_input_asymmetric_kernel___padded__] verify_plus response: {"id":"level1_78_conv_transposed_2D_asymmetric_input_asymmetric_kernel___padded__","result":{"compiled":true,"correctness":false,"metadata":{"hardware":"NVIDIA L20Y","device":"cuda:5","max_difference":["119.947678","131.330063","126.837341","122.084053","128.829239"],"avg_difference":["17.560755","17.558903","17.546637","17.559168","17.562952"],"correctness_issue":"Output mismatch","correctness_trials":"(0 / 5)","reference_timing_ms":0.0523,"speed_up":-1.0,"custom_timing":-1.0},"runtime":-1.0,"runtime_stats":{}}}
2025-08-12 16:31:02,848 - openevolve.RemoteSpeedupEvaluator - INFO - [level1_78_conv_transposed_2D_asymmetric_input_asymmetric_kernel___padded__] ‚úò wrong_answer
2025-08-12 16:31:02,849 - openevolve.evaluator - INFO - Evaluated program 2fc828c2-69e3-43ed-aa34-6a6a6efac670 in 3.89s: compiled=1.0000, correctness=0.0000, score=10.0000, stage=wrong_answer, verify_payload={'id': 'level1_78_conv_transposed_2D_asymmetric_input_asymmetric_kernel___padded__', 'result': {'compiled': True, 'correctness': False, 'metadata': {'hardware': 'NVIDIA L20Y', 'device': 'cuda:5', 'max_difference': ['119.947678', '131.330063', '126.837341', '122.084053', '128.829239'], 'avg_difference': ['17.560755', '17.558903', '17.546637', '17.559168', '17.562952'], 'correctness_issue': 'Output mismatch', 'correctness_trials': '(0 / 5)', 'reference_timing_ms': 0.0523, 'speed_up': -1.0, 'custom_timing': -1.0}, 'runtime': -1.0, 'runtime_stats': {}}}
2025-08-12 16:31:02,852 - openevolve.database - INFO - Population size (26) exceeds limit (25), removing 1 programs
2025-08-12 16:31:02,852 - openevolve.database - INFO - Population size after cleanup: 25
2025-08-12 16:31:02,853 - openevolve.llm.ensemble - INFO - Sampled model: deepseek
2025-08-12 16:31:02,863 - openevolve.threaded_parallel - INFO - Iteration 19: Program 2fc828c2-69e3-43ed-aa34-6a6a6efac670 (parent: 79b88190-0160-4aa7-bfb4-162dd604dc54) completed in 746.86s
2025-08-12 16:31:02,863 - openevolve.threaded_parallel - INFO - Metrics: compiled=1.0000, correctness=0.0000, score=10.0000, stage=wrong_answer, verify_payload={'id': 'level1_78_conv_transposed_2D_asymmetric_input_asymmetric_kernel___padded__', 'result': {'compiled': True, 'correctness': False, 'metadata': {'hardware': 'NVIDIA L20Y', 'device': 'cuda:5', 'max_difference': ['119.947678', '131.330063', '126.837341', '122.084053', '128.829239'], 'avg_difference': ['17.560755', '17.558903', '17.546637', '17.559168', '17.562952'], 'correctness_issue': 'Output mismatch', 'correctness_trials': '(0 / 5)', 'reference_timing_ms': 0.0523, 'speed_up': -1.0, 'custom_timing': -1.0}, 'runtime': -1.0, 'runtime_stats': {}}}
2025-08-12 16:37:06,750 - openevolve.RemoteSpeedupEvaluator - INFO - [level1_78_conv_transposed_2D_asymmetric_input_asymmetric_kernel___padded__] triton key words check pass
2025-08-12 16:37:06,751 - openevolve.RemoteSpeedupEvaluator - INFO - [level1_78_conv_transposed_2D_asymmetric_input_asymmetric_kernel___padded__] verify_plus payload: reference_code(1768 chars) + custom_code(6293 chars)
2025-08-12 16:37:09,445 - openevolve.RemoteSpeedupEvaluator - INFO - [level1_78_conv_transposed_2D_asymmetric_input_asymmetric_kernel___padded__] verify_plus request success
2025-08-12 16:37:09,445 - openevolve.RemoteSpeedupEvaluator - INFO - [level1_78_conv_transposed_2D_asymmetric_input_asymmetric_kernel___padded__] verify_plus response: {"id":"level1_78_conv_transposed_2D_asymmetric_input_asymmetric_kernel___padded__","result":{"compiled":false,"correctness":false,"metadata":{"hardware":"NVIDIA L20Y","device":"cuda:1","compilation_error_name":"builtins.NameError","compilation_error":"name 'ÊûÅ1' is not defined","reference_timing_ms":0.0523,"speed_up":-1.0,"custom_timing":-1.0},"runtime":-1.0,"runtime_stats":{}}}
2025-08-12 16:37:09,445 - openevolve.RemoteSpeedupEvaluator - INFO - [level1_78_conv_transposed_2D_asymmetric_input_asymmetric_kernel___padded__] ‚úò compile_error
2025-08-12 16:37:09,445 - openevolve.RemoteSpeedupEvaluator - INFO - [level1_78_conv_transposed_2D_asymmetric_input_asymmetric_kernel___padded___b5b1d3] execute payload: {id:level1_78_conv_transposed_2D_asymmetric_input_asymmetric_kernel___padded___b5b1d3, device_type:NV_LY_20}
2025-08-12 16:37:11,582 - openevolve.RemoteSpeedupEvaluator - INFO - [level1_78_conv_transposed_2D_asymmetric_input_asymmetric_kernel___padded___b5b1d3] execute request success
2025-08-12 16:37:11,582 - openevolve.RemoteSpeedupEvaluator - INFO - [level1_78_conv_transposed_2D_asymmetric_input_asymmetric_kernel___padded___b5b1d3] execute response: {"id":"level1_78_conv_transposed_2D_asymmetric_input_asymmetric_kernel___padded___b5b1d3","exit_code":"1","content":"[Child] ÁªëÂÆö GPU 2, torch sees 1 device(s)\n\n[Exception]\nTraceback (most recent call last):\n  File \"/cpfs01/shared/llm_kernel/hujiakai/KernelLLM/validation_api_server/code_executor.py\", line 71, in _exec_worker\n    exec(textwrap.dedent(code_src), mod.__dict__)\n  File \"<string>\", line 56, in <module>\n  File \"/home/lijiaxing/.conda/envs/api/lib/python3.10/site-packages/triton/runtime/jit.py\", line 844, in jit\n    return decorator(fn)\n  File \"/home/lijiaxing/.conda/envs/api/lib/python3.10/site-packages/triton/runtime/jit.py\", line 832, in decorator\n    return JITFunction(\n  File \"/home/lijiaxing/.conda/envs/api/lib/python3.10/site-packages/triton/runtime/jit.py
2025-08-12 16:37:11,583 - openevolve.evaluator - INFO - Evaluated program 8a596d59-8f5e-4b7e-984d-060d0ce55c68 in 4.83s: compiled=0.0000, correctness=0.0000, score=1.0000, stage=compile_error, compile_log=, exec_log=[Child] ÁªëÂÆö GPU 2, torch sees 1 device(s)

[Exception]
Traceback (most recent call last):
  File "/cpfs01/shared/llm_kernel/hujiakai/KernelLLM/validation_api_server/code_executor.py", line 71, in _exec_worker
    exec(textwrap.dedent(code_src), mod.__dict__)
  File "<string>", line 56, in <module>
  File "/home/lijiaxing/.conda/envs/api/lib/python3.10/site-packages/triton/runtime/jit.py", line 844, in jit
    return decorator(fn)
  File "/home/lijiaxing/.conda/envs/api/lib/python3.10/site-packages/triton/runtime/jit.py", line 832, in decorator
    return JITFunction(
  File "/home/lijiaxing/.conda/envs/api/lib/python3.10/site-packages/triton/runtime/jit.py", line 635, in __init__
    self.starting_line_number = inspect.getsourcelines(fn)[1]
  File "/home/lijiaxing/.conda/envs/api/lib/python3.10/inspect.py", line 1121, in getsourcelines
    lines, lnum = findsource(object)
  File "/home/lijiaxing/.conda/envs/api/lib/python3.10/inspect.py", line 958, in findsource
    raise OSError('could not get source code')
OSError: could not get source code
, exit_code=1
2025-08-12 16:37:11,587 - openevolve.llm.ensemble - INFO - Sampled model: deepseek
2025-08-12 16:37:11,591 - openevolve.database - INFO - Population size (26) exceeds limit (25), removing 1 programs
2025-08-12 16:37:11,591 - openevolve.database - INFO - Population size after cleanup: 25
2025-08-12 16:37:11,602 - openevolve.threaded_parallel - INFO - Iteration 20: Program 8a596d59-8f5e-4b7e-984d-060d0ce55c68 (parent: 6ad4fd3d-f66b-4125-9bd7-e40315ec0d35) completed in 823.95s
2025-08-12 16:37:11,602 - openevolve.threaded_parallel - INFO - Metrics: compiled=0.0000, correctness=0.0000, score=1.0000, stage=compile_error, compile_log=, exec_log=[Child] ÁªëÂÆö GPU 2, torch sees 1 device(s)

[Exception]
Traceback (most recent call last):
  File "/cpfs01/shared/llm_kernel/hujiakai/KernelLLM/validation_api_server/code_executor.py", line 71, in _exec_worker
    exec(textwrap.dedent(code_src), mod.__dict__)
  File "<string>", line 56, in <module>
  File "/home/lijiaxing/.conda/envs/api/lib/python3.10/site-packages/triton/runtime/jit.py", line 844, in jit
    return decorator(fn)
  File "/home/lijiaxing/.conda/envs/api/lib/python3.10/site-packages/triton/runtime/jit.py", line 832, in decorator
    return JITFunction(
  File "/home/lijiaxing/.conda/envs/api/lib/python3.10/site-packages/triton/runtime/jit.py", line 635, in __init__
    self.starting_line_number = inspect.getsourcelines(fn)[1]
  File "/home/lijiaxing/.conda/envs/api/lib/python3.10/inspect.py", line 1121, in getsourcelines
    lines, lnum = findsource(object)
  File "/home/lijiaxing/.conda/envs/api/lib/python3.10/inspect.py", line 958, in findsource
    raise OSError('could not get source code')
OSError: could not get source code
, exit_code=1
2025-08-12 16:37:40,621 - openevolve.RemoteSpeedupEvaluator - INFO - [level1_78_conv_transposed_2D_asymmetric_input_asymmetric_kernel___padded__] triton key words check pass
2025-08-12 16:37:40,622 - openevolve.RemoteSpeedupEvaluator - INFO - [level1_78_conv_transposed_2D_asymmetric_input_asymmetric_kernel___padded__] verify_plus payload: reference_code(1768 chars) + custom_code(6125 chars)
2025-08-12 16:37:44,629 - openevolve.RemoteSpeedupEvaluator - INFO - [level1_78_conv_transposed_2D_asymmetric_input_asymmetric_kernel___padded__] verify_plus request success
2025-08-12 16:37:44,629 - openevolve.RemoteSpeedupEvaluator - INFO - [level1_78_conv_transposed_2D_asymmetric_input_asymmetric_kernel___padded__] verify_plus response: {"id":"level1_78_conv_transposed_2D_asymmetric_input_asymmetric_kernel___padded__","result":{"compiled":true,"correctness":false,"metadata":{"hardware":"NVIDIA L20Y","device":"cuda:4","max_difference":["119.947678","131.330063","126.837341","122.084053","128.829239"],"avg_difference":["17.560755","17.558903","17.546637","17.559168","17.562952"],"correctness_issue":"Output mismatch","correctness_trials":"(0 / 5)","reference_timing_ms":0.0523,"speed_up":-1.0,"custom_timing":-1.0},"runtime":-1.0,"runtime_stats":{}}}
2025-08-12 16:37:44,629 - openevolve.RemoteSpeedupEvaluator - INFO - [level1_78_conv_transposed_2D_asymmetric_input_asymmetric_kernel___padded__] ‚úò wrong_answer
2025-08-12 16:37:44,629 - openevolve.evaluator - INFO - Evaluated program 3bf4add3-cca5-4469-97dc-76c07c1c3c45 in 4.01s: compiled=1.0000, correctness=0.0000, score=10.0000, stage=wrong_answer, verify_payload={'id': 'level1_78_conv_transposed_2D_asymmetric_input_asymmetric_kernel___padded__', 'result': {'compiled': True, 'correctness': False, 'metadata': {'hardware': 'NVIDIA L20Y', 'device': 'cuda:4', 'max_difference': ['119.947678', '131.330063', '126.837341', '122.084053', '128.829239'], 'avg_difference': ['17.560755', '17.558903', '17.546637', '17.559168', '17.562952'], 'correctness_issue': 'Output mismatch', 'correctness_trials': '(0 / 5)', 'reference_timing_ms': 0.0523, 'speed_up': -1.0, 'custom_timing': -1.0}, 'runtime': -1.0, 'runtime_stats': {}}}
2025-08-12 16:37:44,634 - openevolve.llm.ensemble - INFO - Sampled model: deepseek
2025-08-12 16:37:44,635 - openevolve.database - INFO - Population size (26) exceeds limit (25), removing 1 programs
2025-08-12 16:37:44,635 - openevolve.database - INFO - Population size after cleanup: 25
2025-08-12 16:37:44,647 - openevolve.threaded_parallel - INFO - Iteration 22: Program 3bf4add3-cca5-4469-97dc-76c07c1c3c45 (parent: 79b88190-0160-4aa7-bfb4-162dd604dc54) completed in 401.78s
2025-08-12 16:37:44,647 - openevolve.threaded_parallel - INFO - Metrics: compiled=1.0000, correctness=0.0000, score=10.0000, stage=wrong_answer, verify_payload={'id': 'level1_78_conv_transposed_2D_asymmetric_input_asymmetric_kernel___padded__', 'result': {'compiled': True, 'correctness': False, 'metadata': {'hardware': 'NVIDIA L20Y', 'device': 'cuda:4', 'max_difference': ['119.947678', '131.330063', '126.837341', '122.084053', '128.829239'], 'avg_difference': ['17.560755', '17.558903', '17.546637', '17.559168', '17.562952'], 'correctness_issue': 'Output mismatch', 'correctness_trials': '(0 / 5)', 'reference_timing_ms': 0.0523, 'speed_up': -1.0, 'custom_timing': -1.0}, 'runtime': -1.0, 'runtime_stats': {}}}
2025-08-12 16:41:03,854 - openevolve.RemoteSpeedupEvaluator - INFO - [level1_78_conv_transposed_2D_asymmetric_input_asymmetric_kernel___padded__] triton key words check pass
2025-08-12 16:41:03,854 - openevolve.RemoteSpeedupEvaluator - INFO - [level1_78_conv_transposed_2D_asymmetric_input_asymmetric_kernel___padded__] verify_plus payload: reference_code(1768 chars) + custom_code(7025 chars)
2025-08-12 16:41:15,417 - openevolve.RemoteSpeedupEvaluator - INFO - [level1_78_conv_transposed_2D_asymmetric_input_asymmetric_kernel___padded__] verify_plus request success
2025-08-12 16:41:15,418 - openevolve.RemoteSpeedupEvaluator - INFO - [level1_78_conv_transposed_2D_asymmetric_input_asymmetric_kernel___padded__] verify_plus response: {"id":"level1_78_conv_transposed_2D_asymmetric_input_asymmetric_kernel___padded__","result":{"compiled":true,"correctness":true,"metadata":{"hardware":"NVIDIA L20Y","device":"cuda:2","correctness_trials":"(5 / 5)","reference_timing_ms":0.0523,"speed_up":0.002,"custom_timing":32.8},"runtime":32.8,"runtime_stats":{"mean":32.8,"std":0.0624,"min":32.8,"max":33.2,"num_trials":100,"hardware":"NVIDIA L20Y","device":"cuda:2"}}}
2025-08-12 16:41:15,418 - openevolve.RemoteSpeedupEvaluator - INFO - [level1_78_conv_transposed_2D_asymmetric_input_asymmetric_kernel___padded__] ‚úî success | speed_up=0.002  score=20.00
2025-08-12 16:41:15,418 - openevolve.evaluator - INFO - Evaluated program 2be0d6ee-2ff3-4624-9251-31211d09f091 in 11.57s: compiled=1.0000, correctness=1.0000, stage=success, passed=0.0000, score=20.0000, speed_up=0.0020, runtime_ms=32.8000, meta={'hardware': 'NVIDIA L20Y', 'device': 'cuda:2', 'correctness_trials': '(5 / 5)', 'reference_timing_ms': 0.0523, 'speed_up': 0.002, 'custom_timing': 32.8}
2025-08-12 16:41:15,423 - openevolve.llm.ensemble - INFO - Sampled model: deepseek
2025-08-12 16:41:15,425 - openevolve.database - INFO - New MAP-Elites cell occupied: {'score': 9, 'complexity': 6}
2025-08-12 16:41:15,425 - openevolve.database - INFO - Population size (26) exceeds limit (25), removing 1 programs
2025-08-12 16:41:15,426 - openevolve.database - INFO - Population size after cleanup: 25
2025-08-12 16:41:15,426 - openevolve.database - INFO - New best program 2be0d6ee-2ff3-4624-9251-31211d09f091 replaces 79b88190-0160-4aa7-bfb4-162dd604dc54
2025-08-12 16:41:15,437 - openevolve.threaded_parallel - INFO - Iteration 21: Program 2be0d6ee-2ff3-4624-9251-31211d09f091 (parent: 86e80881-1729-43bd-ac1f-bd679560d3be) completed in 866.01s
2025-08-12 16:41:15,437 - openevolve.threaded_parallel - INFO - Metrics: compiled=1.0000, correctness=1.0000, stage=success, passed=0.0000, score=20.0000, speed_up=0.0020, runtime_ms=32.8000, meta={'hardware': 'NVIDIA L20Y', 'device': 'cuda:2', 'correctness_trials': '(5 / 5)', 'reference_timing_ms': 0.0523, 'speed_up': 0.002, 'custom_timing': 32.8}
2025-08-12 16:41:15,437 - openevolve.threaded_parallel - INFO - üåü New best solution found at iteration 21: 2be0d6ee-2ff3-4624-9251-31211d09f091
2025-08-12 16:41:15,437 - openevolve.threaded_parallel - INFO - Checkpoint interval reached at iteration 21
2025-08-12 16:41:15,439 - openevolve.database - INFO - Island Status:
2025-08-12 16:41:15,439 - openevolve.database - INFO -    Island 0: 8 programs, best=20.0000, avg=11.2500, diversity=537.00, gen=8 (best: 2be0d6ee-2ff3-4624-9251-31211d09f091)
2025-08-12 16:41:15,439 - openevolve.database - INFO -  * Island 1: 8 programs, best=10.0000, avg=10.0000, diversity=113.88, gen=8 (best: 379a3462-0766-4753-8d15-30355e0f2ed0)
2025-08-12 16:41:15,439 - openevolve.database - INFO -    Island 2: 9 programs, best=20.0000, avg=11.1111, diversity=65.08, gen=7 (best: 2e4b07c7-eeca-4e21-a810-020f546e1557)
2025-08-12 16:41:15,694 - openevolve.database - INFO - Saved database with 25 programs to openevolve_output/level1_78_conv_transposed_2D_asymmetric_input_asymmetric_kernel___padded__/checkpoints/checkpoint_21
2025-08-12 16:41:15,702 - openevolve.controller - INFO - Saved best program at checkpoint 21 with metrics: compiled=1.0000, correctness=1.0000, stage=success, passed=0.0000, score=20.0000, speed_up=0.0020, runtime_ms=32.8000, meta={'hardware': 'NVIDIA L20Y', 'device': 'cuda:2', 'correctness_trials': '(5 / 5)', 'reference_timing_ms': 0.0523, 'speed_up': 0.002, 'custom_timing': 32.8}
2025-08-12 16:41:15,702 - openevolve.controller - INFO - Saved checkpoint at iteration 21 to openevolve_output/level1_78_conv_transposed_2D_asymmetric_input_asymmetric_kernel___padded__/checkpoints/checkpoint_21
2025-08-12 16:46:14,685 - openevolve.RemoteSpeedupEvaluator - INFO - [level1_78_conv_transposed_2D_asymmetric_input_asymmetric_kernel___padded__] triton key words check pass
2025-08-12 16:46:14,686 - openevolve.RemoteSpeedupEvaluator - INFO - [level1_78_conv_transposed_2D_asymmetric_input_asymmetric_kernel___padded__] verify_plus payload: reference_code(1768 chars) + custom_code(6257 chars)
2025-08-12 16:46:28,247 - openevolve.RemoteSpeedupEvaluator - INFO - [level1_78_conv_transposed_2D_asymmetric_input_asymmetric_kernel___padded__] verify_plus request success
2025-08-12 16:46:28,247 - openevolve.RemoteSpeedupEvaluator - INFO - [level1_78_conv_transposed_2D_asymmetric_input_asymmetric_kernel___padded__] verify_plus response: {"id":"level1_78_conv_transposed_2D_asymmetric_input_asymmetric_kernel___padded__","result":{"compiled":true,"correctness":false,"metadata":{"hardware":"NVIDIA L20Y","device":"cuda:7","max_difference":["119.947678","131.330063","126.837341","122.084053","128.829239"],"avg_difference":["17.560755","17.558903","17.546637","17.559168","17.562952"],"correctness_issue":"Output mismatch","correctness_trials":"(0 / 5)","reference_timing_ms":0.0523,"speed_up":-1.0,"custom_timing":-1.0},"runtime":-1.0,"runtime_stats":{}}}
2025-08-12 16:46:28,248 - openevolve.RemoteSpeedupEvaluator - INFO - [level1_78_conv_transposed_2D_asymmetric_input_asymmetric_kernel___padded__] ‚úò wrong_answer
2025-08-12 16:46:28,248 - openevolve.evaluator - INFO - Evaluated program 2234bc33-0416-44a0-9c6b-f314a21400c4 in 13.56s: compiled=1.0000, correctness=0.0000, score=10.0000, stage=wrong_answer, verify_payload={'id': 'level1_78_conv_transposed_2D_asymmetric_input_asymmetric_kernel___padded__', 'result': {'compiled': True, 'correctness': False, 'metadata': {'hardware': 'NVIDIA L20Y', 'device': 'cuda:7', 'max_difference': ['119.947678', '131.330063', '126.837341', '122.084053', '128.829239'], 'avg_difference': ['17.560755', '17.558903', '17.546637', '17.559168', '17.562952'], 'correctness_issue': 'Output mismatch', 'correctness_trials': '(0 / 5)', 'reference_timing_ms': 0.0523, 'speed_up': -1.0, 'custom_timing': -1.0}, 'runtime': -1.0, 'runtime_stats': {}}}
2025-08-12 16:46:28,252 - openevolve.llm.ensemble - INFO - Sampled model: deepseek
2025-08-12 16:46:28,255 - openevolve.database - INFO - Population size (26) exceeds limit (25), removing 1 programs
2025-08-12 16:46:28,255 - openevolve.database - INFO - Population size after cleanup: 25
2025-08-12 16:46:28,267 - openevolve.threaded_parallel - INFO - Iteration 24: Program 2234bc33-0416-44a0-9c6b-f314a21400c4 (parent: ce453a83-e5c0-461f-8b9e-467e64b66b1d) completed in 523.61s
2025-08-12 16:46:28,267 - openevolve.threaded_parallel - INFO - Metrics: compiled=1.0000, correctness=0.0000, score=10.0000, stage=wrong_answer, verify_payload={'id': 'level1_78_conv_transposed_2D_asymmetric_input_asymmetric_kernel___padded__', 'result': {'compiled': True, 'correctness': False, 'metadata': {'hardware': 'NVIDIA L20Y', 'device': 'cuda:7', 'max_difference': ['119.947678', '131.330063', '126.837341', '122.084053', '128.829239'], 'avg_difference': ['17.560755', '17.558903', '17.546637', '17.559168', '17.562952'], 'correctness_issue': 'Output mismatch', 'correctness_trials': '(0 / 5)', 'reference_timing_ms': 0.0523, 'speed_up': -1.0, 'custom_timing': -1.0}, 'runtime': -1.0, 'runtime_stats': {}}}
2025-08-12 16:46:28,267 - openevolve.threaded_parallel - INFO - Checkpoint interval reached at iteration 24
2025-08-12 16:46:28,269 - openevolve.database - INFO - Island Status:
2025-08-12 16:46:28,270 - openevolve.database - INFO -    Island 0: 8 programs, best=20.0000, avg=11.2500, diversity=537.00, gen=8 (best: 2be0d6ee-2ff3-4624-9251-31211d09f091)
2025-08-12 16:46:28,270 - openevolve.database - INFO -    Island 1: 8 programs, best=10.0000, avg=10.0000, diversity=121.33, gen=8 (best: 379a3462-0766-4753-8d15-30355e0f2ed0)
2025-08-12 16:46:28,270 - openevolve.database - INFO -  * Island 2: 9 programs, best=20.0000, avg=11.1111, diversity=65.08, gen=8 (best: 2e4b07c7-eeca-4e21-a810-020f546e1557)
2025-08-12 16:46:28,520 - openevolve.database - INFO - Saved database with 25 programs to openevolve_output/level1_78_conv_transposed_2D_asymmetric_input_asymmetric_kernel___padded__/checkpoints/checkpoint_24
2025-08-12 16:46:28,557 - openevolve.controller - INFO - Saved best program at checkpoint 24 with metrics: compiled=1.0000, correctness=1.0000, stage=success, passed=0.0000, score=20.0000, speed_up=0.0020, runtime_ms=32.8000, meta={'hardware': 'NVIDIA L20Y', 'device': 'cuda:2', 'correctness_trials': '(5 / 5)', 'reference_timing_ms': 0.0523, 'speed_up': 0.002, 'custom_timing': 32.8}
2025-08-12 16:46:28,557 - openevolve.controller - INFO - Saved checkpoint at iteration 24 to openevolve_output/level1_78_conv_transposed_2D_asymmetric_input_asymmetric_kernel___padded__/checkpoints/checkpoint_24
2025-08-12 16:48:32,969 - openevolve.RemoteSpeedupEvaluator - INFO - [level1_78_conv_transposed_2D_asymmetric_input_asymmetric_kernel___padded__] triton key words check pass
2025-08-12 16:48:32,970 - openevolve.RemoteSpeedupEvaluator - INFO - [level1_78_conv_transposed_2D_asymmetric_input_asymmetric_kernel___padded__] verify_plus payload: reference_code(1768 chars) + custom_code(6259 chars)
2025-08-12 16:48:36,747 - openevolve.RemoteSpeedupEvaluator - INFO - [level1_78_conv_transposed_2D_asymmetric_input_asymmetric_kernel___padded__] verify_plus request success
2025-08-12 16:48:36,748 - openevolve.RemoteSpeedupEvaluator - INFO - [level1_78_conv_transposed_2D_asymmetric_input_asymmetric_kernel___padded__] verify_plus response: {"id":"level1_78_conv_transposed_2D_asymmetric_input_asymmetric_kernel___padded__","result":{"compiled":true,"correctness":false,"metadata":{"hardware":"NVIDIA L20Y","device":"cuda:0","max_difference":["119.947678","131.330063","126.837341","122.084053","128.829239"],"avg_difference":["17.560755","17.558903","17.546637","17.559168","17.562952"],"correctness_issue":"Output mismatch","correctness_trials":"(0 / 5)","reference_timing_ms":0.0523,"speed_up":-1.0,"custom_timing":-1.0},"runtime":-1.0,"runtime_stats":{}}}
2025-08-12 16:48:36,748 - openevolve.RemoteSpeedupEvaluator - INFO - [level1_78_conv_transposed_2D_asymmetric_input_asymmetric_kernel___padded__] ‚úò wrong_answer
2025-08-12 16:48:36,748 - openevolve.evaluator - INFO - Evaluated program 7ee27c58-7237-4c47-b897-fc466320d2fb in 3.78s: compiled=1.0000, correctness=0.0000, score=10.0000, stage=wrong_answer, verify_payload={'id': 'level1_78_conv_transposed_2D_asymmetric_input_asymmetric_kernel___padded__', 'result': {'compiled': True, 'correctness': False, 'metadata': {'hardware': 'NVIDIA L20Y', 'device': 'cuda:0', 'max_difference': ['119.947678', '131.330063', '126.837341', '122.084053', '128.829239'], 'avg_difference': ['17.560755', '17.558903', '17.546637', '17.559168', '17.562952'], 'correctness_issue': 'Output mismatch', 'correctness_trials': '(0 / 5)', 'reference_timing_ms': 0.0523, 'speed_up': -1.0, 'custom_timing': -1.0}, 'runtime': -1.0, 'runtime_stats': {}}}
2025-08-12 16:48:36,753 - openevolve.llm.ensemble - INFO - Sampled model: deepseek
2025-08-12 16:48:36,757 - openevolve.database - INFO - Population size (26) exceeds limit (25), removing 1 programs
2025-08-12 16:48:36,757 - openevolve.database - INFO - Population size after cleanup: 25
2025-08-12 16:48:36,768 - openevolve.threaded_parallel - INFO - Iteration 25: Program 7ee27c58-7237-4c47-b897-fc466320d2fb (parent: c6477492-ccdb-4e5f-90c8-b093f207fefe) completed in 441.33s
2025-08-12 16:48:36,768 - openevolve.threaded_parallel - INFO - Metrics: compiled=1.0000, correctness=0.0000, score=10.0000, stage=wrong_answer, verify_payload={'id': 'level1_78_conv_transposed_2D_asymmetric_input_asymmetric_kernel___padded__', 'result': {'compiled': True, 'correctness': False, 'metadata': {'hardware': 'NVIDIA L20Y', 'device': 'cuda:0', 'max_difference': ['119.947678', '131.330063', '126.837341', '122.084053', '128.829239'], 'avg_difference': ['17.560755', '17.558903', '17.546637', '17.559168', '17.562952'], 'correctness_issue': 'Output mismatch', 'correctness_trials': '(0 / 5)', 'reference_timing_ms': 0.0523, 'speed_up': -1.0, 'custom_timing': -1.0}, 'runtime': -1.0, 'runtime_stats': {}}}
2025-08-12 16:52:18,278 - openevolve.RemoteSpeedupEvaluator - INFO - [level1_78_conv_transposed_2D_asymmetric_input_asymmetric_kernel___padded__] triton key words check pass
2025-08-12 16:52:18,279 - openevolve.RemoteSpeedupEvaluator - INFO - [level1_78_conv_transposed_2D_asymmetric_input_asymmetric_kernel___padded__] verify_plus payload: reference_code(1768 chars) + custom_code(6461 chars)
2025-08-12 16:52:22,737 - openevolve.RemoteSpeedupEvaluator - INFO - [level1_78_conv_transposed_2D_asymmetric_input_asymmetric_kernel___padded__] verify_plus request success
2025-08-12 16:52:22,737 - openevolve.RemoteSpeedupEvaluator - INFO - [level1_78_conv_transposed_2D_asymmetric_input_asymmetric_kernel___padded__] verify_plus response: {"id":"level1_78_conv_transposed_2D_asymmetric_input_asymmetric_kernel___padded__","result":{"compiled":true,"correctness":false,"metadata":{"hardware":"NVIDIA L20Y","device":"cuda:2","max_difference":["119.947678","131.330063","126.837341","122.084053","128.829239"],"avg_difference":["17.560755","17.558903","17.546637","17.559168","17.562952"],"correctness_issue":"Output mismatch","correctness_trials":"(0 / 5)","reference_timing_ms":0.0523,"speed_up":-1.0,"custom_timing":-1.0},"runtime":-1.0,"runtime_stats":{}}}
2025-08-12 16:52:22,737 - openevolve.RemoteSpeedupEvaluator - INFO - [level1_78_conv_transposed_2D_asymmetric_input_asymmetric_kernel___padded__] ‚úò wrong_answer
2025-08-12 16:52:22,737 - openevolve.evaluator - INFO - Evaluated program 4fa037ac-1c6d-40cd-9054-89d3e8a94bc4 in 4.46s: compiled=1.0000, correctness=0.0000, score=10.0000, stage=wrong_answer, verify_payload={'id': 'level1_78_conv_transposed_2D_asymmetric_input_asymmetric_kernel___padded__', 'result': {'compiled': True, 'correctness': False, 'metadata': {'hardware': 'NVIDIA L20Y', 'device': 'cuda:2', 'max_difference': ['119.947678', '131.330063', '126.837341', '122.084053', '128.829239'], 'avg_difference': ['17.560755', '17.558903', '17.546637', '17.559168', '17.562952'], 'correctness_issue': 'Output mismatch', 'correctness_trials': '(0 / 5)', 'reference_timing_ms': 0.0523, 'speed_up': -1.0, 'custom_timing': -1.0}, 'runtime': -1.0, 'runtime_stats': {}}}
2025-08-12 16:52:22,742 - openevolve.llm.ensemble - INFO - Sampled model: deepseek
2025-08-12 16:52:22,746 - openevolve.database - INFO - Population size (26) exceeds limit (25), removing 1 programs
2025-08-12 16:52:22,746 - openevolve.database - INFO - Population size after cleanup: 25
2025-08-12 16:52:22,783 - openevolve.threaded_parallel - INFO - Iteration 23: Program 4fa037ac-1c6d-40cd-9054-89d3e8a94bc4 (parent: 7abc3079-c2e7-4a44-acad-852a4e5c4e80) completed in 911.15s
2025-08-12 16:52:22,783 - openevolve.threaded_parallel - INFO - Metrics: compiled=1.0000, correctness=0.0000, score=10.0000, stage=wrong_answer, verify_payload={'id': 'level1_78_conv_transposed_2D_asymmetric_input_asymmetric_kernel___padded__', 'result': {'compiled': True, 'correctness': False, 'metadata': {'hardware': 'NVIDIA L20Y', 'device': 'cuda:2', 'max_difference': ['119.947678', '131.330063', '126.837341', '122.084053', '128.829239'], 'avg_difference': ['17.560755', '17.558903', '17.546637', '17.559168', '17.562952'], 'correctness_issue': 'Output mismatch', 'correctness_trials': '(0 / 5)', 'reference_timing_ms': 0.0523, 'speed_up': -1.0, 'custom_timing': -1.0}, 'runtime': -1.0, 'runtime_stats': {}}}
2025-08-12 16:56:59,430 - openevolve.RemoteSpeedupEvaluator - INFO - [level1_78_conv_transposed_2D_asymmetric_input_asymmetric_kernel___padded__] triton key words check pass
2025-08-12 16:56:59,431 - openevolve.RemoteSpeedupEvaluator - INFO - [level1_78_conv_transposed_2D_asymmetric_input_asymmetric_kernel___padded__] verify_plus payload: reference_code(1768 chars) + custom_code(6355 chars)
2025-08-12 16:57:02,119 - openevolve.RemoteSpeedupEvaluator - INFO - [level1_78_conv_transposed_2D_asymmetric_input_asymmetric_kernel___padded__] verify_plus request success
2025-08-12 16:57:02,120 - openevolve.RemoteSpeedupEvaluator - INFO - [level1_78_conv_transposed_2D_asymmetric_input_asymmetric_kernel___padded__] verify_plus response: {"id":"level1_78_conv_transposed_2D_asymmetric_input_asymmetric_kernel___padded__","result":{"compiled":false,"correctness":false,"metadata":{"hardware":"NVIDIA L20Y","device":"cuda:3","compilation_error_name":"builtins.NameError","compilation_error":"name 'ÊûÅ' is not defined","reference_timing_ms":0.0523,"speed_up":-1.0,"custom_timing":-1.0},"runtime":-1.0,"runtime_stats":{}}}
2025-08-12 16:57:02,120 - openevolve.RemoteSpeedupEvaluator - INFO - [level1_78_conv_transposed_2D_asymmetric_input_asymmetric_kernel___padded__] ‚úò compile_error
2025-08-12 16:57:02,120 - openevolve.RemoteSpeedupEvaluator - INFO - [level1_78_conv_transposed_2D_asymmetric_input_asymmetric_kernel___padded___ab650c] execute payload: {id:level1_78_conv_transposed_2D_asymmetric_input_asymmetric_kernel___padded___ab650c, device_type:NV_LY_20}
2025-08-12 16:57:04,271 - openevolve.RemoteSpeedupEvaluator - INFO - [level1_78_conv_transposed_2D_asymmetric_input_asymmetric_kernel___padded___ab650c] execute request success
2025-08-12 16:57:04,271 - openevolve.RemoteSpeedupEvaluator - INFO - [level1_78_conv_transposed_2D_asymmetric_input_asymmetric_kernel___padded___ab650c] execute response: {"id":"level1_78_conv_transposed_2D_asymmetric_input_asymmetric_kernel___padded___ab650c","exit_code":"1","content":"[Child] ÁªëÂÆö GPU 4, torch sees 1 device(s)\n\n[Exception]\nTraceback (most recent call last):\n  File \"/cpfs01/shared/llm_kernel/hujiakai/KernelLLM/validation_api_server/code_executor.py\", line 71, in _exec_worker\n    exec(textwrap.dedent(code_src), mod.__dict__)\n  File \"<string>\", line 8, in <module>\n  File \"<string>\", line 9, in ModelNew\nNameError: name 'ÊûÅ' is not defined\n"}
2025-08-12 16:57:04,272 - openevolve.evaluator - INFO - Evaluated program f5df4d4c-d09c-4c21-a0a4-34e831827816 in 4.84s: compiled=0.0000, correctness=0.0000, score=1.0000, stage=compile_error, compile_log=, exec_log=[Child] ÁªëÂÆö GPU 4, torch sees 1 device(s)

[Exception]
Traceback (most recent call last):
  File "/cpfs01/shared/llm_kernel/hujiakai/KernelLLM/validation_api_server/code_executor.py", line 71, in _exec_worker
    exec(textwrap.dedent(code_src), mod.__dict__)
  File "<string>", line 8, in <module>
  File "<string>", line 9, in ModelNew
NameError: name 'ÊûÅ' is not defined
, exit_code=1
2025-08-12 16:57:04,276 - openevolve.llm.ensemble - INFO - Sampled model: deepseek
2025-08-12 16:57:04,277 - openevolve.database - INFO - Population size (26) exceeds limit (25), removing 1 programs
2025-08-12 16:57:04,277 - openevolve.database - INFO - Population size after cleanup: 25
2025-08-12 16:57:04,289 - openevolve.threaded_parallel - INFO - Iteration 26: Program f5df4d4c-d09c-4c21-a0a4-34e831827816 (parent: 6869204b-1cf9-4bbb-ba9c-3dd0ce2a845d) completed in 636.02s
2025-08-12 16:57:04,289 - openevolve.threaded_parallel - INFO - Metrics: compiled=0.0000, correctness=0.0000, score=1.0000, stage=compile_error, compile_log=, exec_log=[Child] ÁªëÂÆö GPU 4, torch sees 1 device(s)

[Exception]
Traceback (most recent call last):
  File "/cpfs01/shared/llm_kernel/hujiakai/KernelLLM/validation_api_server/code_executor.py", line 71, in _exec_worker
    exec(textwrap.dedent(code_src), mod.__dict__)
  File "<string>", line 8, in <module>
  File "<string>", line 9, in ModelNew
NameError: name 'ÊûÅ' is not defined
, exit_code=1
2025-08-12 16:59:12,547 - openevolve.RemoteSpeedupEvaluator - INFO - [level1_78_conv_transposed_2D_asymmetric_input_asymmetric_kernel___padded__] triton key words check pass
2025-08-12 16:59:12,548 - openevolve.RemoteSpeedupEvaluator - INFO - [level1_78_conv_transposed_2D_asymmetric_input_asymmetric_kernel___padded__] verify_plus payload: reference_code(1768 chars) + custom_code(7025 chars)
2025-08-12 16:59:22,772 - openevolve.RemoteSpeedupEvaluator - INFO - [level1_78_conv_transposed_2D_asymmetric_input_asymmetric_kernel___padded__] verify_plus request success
2025-08-12 16:59:22,772 - openevolve.RemoteSpeedupEvaluator - INFO - [level1_78_conv_transposed_2D_asymmetric_input_asymmetric_kernel___padded__] verify_plus response: {"id":"level1_78_conv_transposed_2D_asymmetric_input_asymmetric_kernel___padded__","result":{"compiled":true,"correctness":true,"metadata":{"hardware":"NVIDIA L20Y","device":"cuda:0","correctness_trials":"(5 / 5)","reference_timing_ms":0.0523,"speed_up":0.002,"custom_timing":32.8},"runtime":32.8,"runtime_stats":{"mean":32.8,"std":0.0637,"min":32.8,"max":33.2,"num_trials":100,"hardware":"NVIDIA L20Y","device":"cuda:0"}}}
2025-08-12 16:59:22,773 - openevolve.RemoteSpeedupEvaluator - INFO - [level1_78_conv_transposed_2D_asymmetric_input_asymmetric_kernel___padded__] ‚úî success | speed_up=0.002  score=20.00
2025-08-12 16:59:22,773 - openevolve.evaluator - INFO - Evaluated program 6a69f9f6-355e-4d61-9846-2f553ecd00d8 in 10.23s: compiled=1.0000, correctness=1.0000, stage=success, passed=0.0000, score=20.0000, speed_up=0.0020, runtime_ms=32.8000, meta={'hardware': 'NVIDIA L20Y', 'device': 'cuda:0', 'correctness_trials': '(5 / 5)', 'reference_timing_ms': 0.0523, 'speed_up': 0.002, 'custom_timing': 32.8}
2025-08-12 16:59:22,775 - openevolve.database - INFO - New MAP-Elites cell occupied: {'score': 9, 'complexity': 5}
2025-08-12 16:59:22,775 - openevolve.database - INFO - Population size (26) exceeds limit (25), removing 1 programs
2025-08-12 16:59:22,775 - openevolve.database - INFO - Population size after cleanup: 25
2025-08-12 16:59:22,786 - openevolve.threaded_parallel - INFO - Iteration 28: Program 6a69f9f6-355e-4d61-9846-2f553ecd00d8 (parent: cb64ecf6-9fbf-4f69-86cc-740a27b0d324) completed in 420.03s
2025-08-12 16:59:22,786 - openevolve.threaded_parallel - INFO - Metrics: compiled=1.0000, correctness=1.0000, stage=success, passed=0.0000, score=20.0000, speed_up=0.0020, runtime_ms=32.8000, meta={'hardware': 'NVIDIA L20Y', 'device': 'cuda:0', 'correctness_trials': '(5 / 5)', 'reference_timing_ms': 0.0523, 'speed_up': 0.002, 'custom_timing': 32.8}
2025-08-12 17:00:13,231 - openevolve.RemoteSpeedupEvaluator - INFO - [level1_78_conv_transposed_2D_asymmetric_input_asymmetric_kernel___padded__] triton key words check pass
2025-08-12 17:00:13,232 - openevolve.RemoteSpeedupEvaluator - INFO - [level1_78_conv_transposed_2D_asymmetric_input_asymmetric_kernel___padded__] verify_plus payload: reference_code(1768 chars) + custom_code(6406 chars)
2025-08-12 17:00:26,432 - openevolve.RemoteSpeedupEvaluator - INFO - [level1_78_conv_transposed_2D_asymmetric_input_asymmetric_kernel___padded__] verify_plus request success
2025-08-12 17:00:26,432 - openevolve.RemoteSpeedupEvaluator - INFO - [level1_78_conv_transposed_2D_asymmetric_input_asymmetric_kernel___padded__] verify_plus response: {"id":"level1_78_conv_transposed_2D_asymmetric_input_asymmetric_kernel___padded__","result":{"compiled":true,"correctness":false,"metadata":{"hardware":"NVIDIA L20Y","device":"cuda:6","max_difference":["119.947678","131.330063","126.837341","122.084053","128.829239"],"avg_difference":["17.560755","17.558903","17.546637","17.559168","17.562952"],"correctness_issue":"Output mismatch","correctness_trials":"(0 / 5)","reference_timing_ms":0.0523,"speed_up":-1.0,"custom_timing":-1.0},"runtime":-1.0,"runtime_stats":{}}}
2025-08-12 17:00:26,432 - openevolve.RemoteSpeedupEvaluator - INFO - [level1_78_conv_transposed_2D_asymmetric_input_asymmetric_kernel___padded__] ‚úò wrong_answer
2025-08-12 17:00:26,432 - openevolve.evaluator - INFO - Evaluated program eb47813a-c29d-420b-9312-74a2fd6b45fc in 13.20s: compiled=1.0000, correctness=0.0000, score=10.0000, stage=wrong_answer, verify_payload={'id': 'level1_78_conv_transposed_2D_asymmetric_input_asymmetric_kernel___padded__', 'result': {'compiled': True, 'correctness': False, 'metadata': {'hardware': 'NVIDIA L20Y', 'device': 'cuda:6', 'max_difference': ['119.947678', '131.330063', '126.837341', '122.084053', '128.829239'], 'avg_difference': ['17.560755', '17.558903', '17.546637', '17.559168', '17.562952'], 'correctness_issue': 'Output mismatch', 'correctness_trials': '(0 / 5)', 'reference_timing_ms': 0.0523, 'speed_up': -1.0, 'custom_timing': -1.0}, 'runtime': -1.0, 'runtime_stats': {}}}
2025-08-12 17:00:26,434 - openevolve.database - INFO - Population size (26) exceeds limit (25), removing 1 programs
2025-08-12 17:00:26,434 - openevolve.database - INFO - Population size after cleanup: 25
2025-08-12 17:00:26,446 - openevolve.threaded_parallel - INFO - Iteration 27: Program eb47813a-c29d-420b-9312-74a2fd6b45fc (parent: 2e4b07c7-eeca-4e21-a810-020f546e1557) completed in 709.68s
2025-08-12 17:00:26,446 - openevolve.threaded_parallel - INFO - Metrics: compiled=1.0000, correctness=0.0000, score=10.0000, stage=wrong_answer, verify_payload={'id': 'level1_78_conv_transposed_2D_asymmetric_input_asymmetric_kernel___padded__', 'result': {'compiled': True, 'correctness': False, 'metadata': {'hardware': 'NVIDIA L20Y', 'device': 'cuda:6', 'max_difference': ['119.947678', '131.330063', '126.837341', '122.084053', '128.829239'], 'avg_difference': ['17.560755', '17.558903', '17.546637', '17.559168', '17.562952'], 'correctness_issue': 'Output mismatch', 'correctness_trials': '(0 / 5)', 'reference_timing_ms': 0.0523, 'speed_up': -1.0, 'custom_timing': -1.0}, 'runtime': -1.0, 'runtime_stats': {}}}
2025-08-12 17:00:26,446 - openevolve.threaded_parallel - INFO - Checkpoint interval reached at iteration 27
2025-08-12 17:00:26,449 - openevolve.database - INFO - Island Status:
2025-08-12 17:00:26,449 - openevolve.database - INFO -    Island 0: 9 programs, best=20.0000, avg=11.1111, diversity=498.90, gen=10 (best: 2be0d6ee-2ff3-4624-9251-31211d09f091)
2025-08-12 17:00:26,449 - openevolve.database - INFO -  * Island 1: 7 programs, best=10.0000, avg=10.0000, diversity=121.33, gen=10 (best: 379a3462-0766-4753-8d15-30355e0f2ed0)
2025-08-12 17:00:26,449 - openevolve.database - INFO -    Island 2: 9 programs, best=20.0000, avg=12.2222, diversity=287.22, gen=9 (best: 6a69f9f6-355e-4d61-9846-2f553ecd00d8)
2025-08-12 17:00:26,754 - openevolve.database - INFO - Saved database with 25 programs to openevolve_output/level1_78_conv_transposed_2D_asymmetric_input_asymmetric_kernel___padded__/checkpoints/checkpoint_27
2025-08-12 17:00:26,760 - openevolve.controller - INFO - Saved best program at checkpoint 27 with metrics: compiled=1.0000, correctness=1.0000, stage=success, passed=0.0000, score=20.0000, speed_up=0.0020, runtime_ms=32.8000, meta={'hardware': 'NVIDIA L20Y', 'device': 'cuda:2', 'correctness_trials': '(5 / 5)', 'reference_timing_ms': 0.0523, 'speed_up': 0.002, 'custom_timing': 32.8}
2025-08-12 17:00:26,760 - openevolve.controller - INFO - Saved checkpoint at iteration 27 to openevolve_output/level1_78_conv_transposed_2D_asymmetric_input_asymmetric_kernel___padded__/checkpoints/checkpoint_27
2025-08-12 17:03:36,738 - openevolve.RemoteSpeedupEvaluator - INFO - [level1_78_conv_transposed_2D_asymmetric_input_asymmetric_kernel___padded__] triton key words check pass
2025-08-12 17:03:36,739 - openevolve.RemoteSpeedupEvaluator - INFO - [level1_78_conv_transposed_2D_asymmetric_input_asymmetric_kernel___padded__] verify_plus payload: reference_code(1768 chars) + custom_code(6190 chars)
2025-08-12 17:03:40,881 - openevolve.RemoteSpeedupEvaluator - INFO - [level1_78_conv_transposed_2D_asymmetric_input_asymmetric_kernel___padded__] verify_plus request success
2025-08-12 17:03:40,881 - openevolve.RemoteSpeedupEvaluator - INFO - [level1_78_conv_transposed_2D_asymmetric_input_asymmetric_kernel___padded__] verify_plus response: {"id":"level1_78_conv_transposed_2D_asymmetric_input_asymmetric_kernel___padded__","result":{"compiled":true,"correctness":false,"metadata":{"hardware":"NVIDIA L20Y","device":"cuda:5","max_difference":["119.947678","131.330063","126.837341","122.084053","128.829239"],"avg_difference":["17.560755","17.558903","17.546637","17.559168","17.562952"],"correctness_issue":"Output mismatch","correctness_trials":"(0 / 5)","reference_timing_ms":0.0523,"speed_up":-1.0,"custom_timing":-1.0},"runtime":-1.0,"runtime_stats":{}}}
2025-08-12 17:03:40,882 - openevolve.RemoteSpeedupEvaluator - INFO - [level1_78_conv_transposed_2D_asymmetric_input_asymmetric_kernel___padded__] ‚úò wrong_answer
2025-08-12 17:03:40,882 - openevolve.evaluator - INFO - Evaluated program 7affba62-70fb-4b14-a383-a5f346b8056d in 4.15s: compiled=1.0000, correctness=0.0000, score=10.0000, stage=wrong_answer, verify_payload={'id': 'level1_78_conv_transposed_2D_asymmetric_input_asymmetric_kernel___padded__', 'result': {'compiled': True, 'correctness': False, 'metadata': {'hardware': 'NVIDIA L20Y', 'device': 'cuda:5', 'max_difference': ['119.947678', '131.330063', '126.837341', '122.084053', '128.829239'], 'avg_difference': ['17.560755', '17.558903', '17.546637', '17.559168', '17.562952'], 'correctness_issue': 'Output mismatch', 'correctness_trials': '(0 / 5)', 'reference_timing_ms': 0.0523, 'speed_up': -1.0, 'custom_timing': -1.0}, 'runtime': -1.0, 'runtime_stats': {}}}
2025-08-12 17:03:40,888 - openevolve.database - INFO - Population size (26) exceeds limit (25), removing 1 programs
2025-08-12 17:03:40,888 - openevolve.database - INFO - Population size after cleanup: 25
2025-08-12 17:03:40,900 - openevolve.threaded_parallel - INFO - Iteration 29: Program 7affba62-70fb-4b14-a383-a5f346b8056d (parent: 2234bc33-0416-44a0-9c6b-f314a21400c4) completed in 396.61s
2025-08-12 17:03:40,900 - openevolve.threaded_parallel - INFO - Metrics: compiled=1.0000, correctness=0.0000, score=10.0000, stage=wrong_answer, verify_payload={'id': 'level1_78_conv_transposed_2D_asymmetric_input_asymmetric_kernel___padded__', 'result': {'compiled': True, 'correctness': False, 'metadata': {'hardware': 'NVIDIA L20Y', 'device': 'cuda:5', 'max_difference': ['119.947678', '131.330063', '126.837341', '122.084053', '128.829239'], 'avg_difference': ['17.560755', '17.558903', '17.546637', '17.559168', '17.562952'], 'correctness_issue': 'Output mismatch', 'correctness_trials': '(0 / 5)', 'reference_timing_ms': 0.0523, 'speed_up': -1.0, 'custom_timing': -1.0}, 'runtime': -1.0, 'runtime_stats': {}}}
2025-08-12 17:03:40,900 - openevolve.threaded_parallel - INFO - Evolution completed
2025-08-12 17:03:40,911 - openevolve.threaded_parallel - INFO - Stopped thread pool
2025-08-12 17:03:40,911 - openevolve.threaded_parallel - INFO - Stopped improved parallel controller
2025-08-12 17:03:40,912 - openevolve.controller - INFO - Using tracked best program: 2be0d6ee-2ff3-4624-9251-31211d09f091
2025-08-12 17:03:40,912 - openevolve.controller - INFO - Evolution complete. Best program has metrics: compiled=1.0000, correctness=1.0000, stage=success, passed=0.0000, score=20.0000, speed_up=0.0020, runtime_ms=32.8000, meta={'hardware': 'NVIDIA L20Y', 'device': 'cuda:2', 'correctness_trials': '(5 / 5)', 'reference_timing_ms': 0.0523, 'speed_up': 0.002, 'custom_timing': 32.8}
2025-08-12 17:03:40,930 - openevolve.controller - INFO - Saved best program to openevolve_output/level1_78_conv_transposed_2D_asymmetric_input_asymmetric_kernel___padded__/best/best_program.py with program info to openevolve_output/level1_78_conv_transposed_2D_asymmetric_input_asymmetric_kernel___padded__/best/best_program_info.json
2025-08-12 17:03:40,931 - __main__ - INFO - ‚úÖ ÂÆåÊàê level1_78_conv_transposed_2D_asymmetric_input_asymmetric_kernel___padded__
2025-08-12 17:03:40,931 - __main__ - INFO - ======================================================================
2025-08-12 17:03:40,931 - __main__ - INFO - üöÄ [5/10] ÂºÄÂßã level2_14_Gemm_Divide_Sum_Scaling
2025-08-12 17:03:40,931 - __main__ - INFO - ======================================================================
2025-08-12 17:03:40,932 - __main__ - INFO - ‚úÖ ÂÆåÊàê level2_14_Gemm_Divide_Sum_Scaling
2025-08-12 17:03:40,932 - __main__ - INFO - ======================================================================
2025-08-12 17:03:40,932 - __main__ - INFO - üöÄ [6/10] ÂºÄÂßã level2_41_Gemm_BatchNorm_GELU_GroupNorm_Mean_ReLU
2025-08-12 17:03:40,932 - __main__ - INFO - ======================================================================
2025-08-12 17:03:40,933 - __main__ - INFO - ‚úÖ ÂÆåÊàê level2_41_Gemm_BatchNorm_GELU_GroupNorm_Mean_ReLU
2025-08-12 17:03:40,933 - __main__ - INFO - ======================================================================
2025-08-12 17:03:40,933 - __main__ - INFO - üöÄ [7/10] ÂºÄÂßã level2_69_Conv2d_HardSwish_ReLU
2025-08-12 17:03:40,933 - __main__ - INFO - ======================================================================
2025-08-12 17:03:40,934 - __main__ - INFO - ‚úÖ ÂÆåÊàê level2_69_Conv2d_HardSwish_ReLU
2025-08-12 17:03:40,934 - __main__ - INFO - ======================================================================
2025-08-12 17:03:40,934 - __main__ - INFO - üöÄ [8/10] ÂºÄÂßã level2_96_ConvTranspose3d_Multiply_Max_GlobalAvgPool_Clamp
2025-08-12 17:03:40,934 - __main__ - INFO - ======================================================================
2025-08-12 17:03:40,935 - __main__ - INFO - ‚úÖ ÂÆåÊàê level2_96_ConvTranspose3d_Multiply_Max_GlobalAvgPool_Clamp
2025-08-12 17:03:40,935 - __main__ - INFO - ======================================================================
2025-08-12 17:03:40,935 - __main__ - INFO - üöÄ [9/10] ÂºÄÂßã level3_33_VanillaRNN
2025-08-12 17:03:40,935 - __main__ - INFO - ======================================================================
2025-08-12 17:03:40,936 - __main__ - INFO - ‚úÖ ÂÆåÊàê level3_33_VanillaRNN
2025-08-12 17:03:40,936 - __main__ - INFO - ======================================================================
2025-08-12 17:03:40,936 - __main__ - INFO - üöÄ [10/10] ÂºÄÂßã level4_15_google-reformer-enwik8_bs1024_seq32
2025-08-12 17:03:40,936 - __main__ - INFO - ======================================================================
2025-08-12 17:03:40,971 - openevolve.controller - INFO - Logging to openevolve_output/level4_15_google-reformer-enwik8_bs1024_seq32/logs/openevolve_20250812_170340.log
2025-08-12 17:03:40,971 - openevolve.controller - INFO - Set random seed to 42 for reproducibility
2025-08-12 17:03:41,012 - openevolve.llm.ensemble - INFO - Initialized LLM ensemble with models: deepseek (weight: 0.80), deepseek (weight: 0.20)
2025-08-12 17:03:41,051 - openevolve.llm.ensemble - INFO - Initialized LLM ensemble with models: deepseek (weight: 0.80), deepseek (weight: 0.20)
2025-08-12 17:03:41,051 - openevolve.prompt.sampler - INFO - Set custom templates: system=evaluator_system_message, user=None
2025-08-12 17:03:41,052 - openevolve.database - INFO - Initialized program database with 0 programs
2025-08-12 17:03:41,076 - openevolve.evaluator - INFO - Successfully loaded evaluation function from openevolve_output/level4_15_google-reformer-enwik8_bs1024_seq32/evaluation.py
2025-08-12 17:03:41,076 - openevolve.evaluator - INFO - Initialized evaluator with openevolve_output/level4_15_google-reformer-enwik8_bs1024_seq32/evaluation.py
2025-08-12 17:03:41,076 - openevolve.controller - INFO - Initialized OpenEvolve with /tmp/8fc3f00f673a93c0c6f570aa39a56429.py
2025-08-12 17:03:41,076 - openevolve.controller - INFO - Adding initial program to database
2025-08-12 17:03:41,078 - openevolve.RemoteSpeedupEvaluator - INFO - [level4_15_google-reformer-enwik8_bs1024_seq32] verify_plus payload: reference_code(722 chars) + custom_code(843 chars)
2025-08-12 17:03:55,080 - openevolve.RemoteSpeedupEvaluator - INFO - [level4_15_google-reformer-enwik8_bs1024_seq32] verify_plus request success
2025-08-12 17:03:55,080 - openevolve.RemoteSpeedupEvaluator - INFO - [level4_15_google-reformer-enwik8_bs1024_seq32] verify_plus response: {"id":"level4_15_google-reformer-enwik8_bs1024_seq32","result":{"error":"We couldn't connect to 'https://huggingface.co' to load the files, and couldn't find them in the cached files.\nCheck your internet connection or see how to run the library in offline mode at 'https://huggingface.co/docs/transformers/installation#offline-mode'.\nTraceback (most recent call last):\n  File \"/home/lijiaxing/.conda/envs/api/lib/python3.10/site-packages/urllib3/connection.py\", line 198, in _new_conn\n    sock = connection.create_connection(\n  File \"/home/lijiaxing/.conda/envs/api/lib/python3.10/site-packages/urllib3/util/connection.py\", line 85, in create_connection\n    raise err\n  File \"/home/lijiaxing/.conda/envs/api/lib/python3.10/site-packages/urllib3/util/connection.py\", line 73, in create_co
2025-08-12 17:03:55,081 - openevolve.evaluator - WARNING - Evaluation attempt 1/4 failed for program 80a73af3-ab96-432f-9365-be7294f49862: Error: The reference code is not valid or correct. The verify result is: {'error': 'We couldn\'t connect to \'https://huggingface.co\' to load the files, and couldn\'t find them in the cached files.\nCheck your internet connection or see how to run the library in offline mode at \'https://huggingface.co/docs/transformers/installation#offline-mode\'.\nTraceback (most recent call last):\n  File "/home/lijiaxing/.conda/envs/api/lib/python3.10/site-packages/urllib3/connection.py", line 198, in _new_conn\n    sock = connection.create_connection(\n  File "/home/lijiaxing/.conda/envs/api/lib/python3.10/site-packages/urllib3/util/connection.py", line 85, in create_connection\n    raise err\n  File "/home/lijiaxing/.conda/envs/api/lib/python3.10/site-packages/urllib3/util/connection.py", line 73, in create_connection\n    sock.connect(sa)\nOSError: [Errno 101] Network is unreachable\n\nThe above exception was the direct cause of the following exception:\n\nTraceback (most recent call last):\n  File "/home/lijiaxing/.conda/envs/api/lib/python3.10/site-packages/urllib3/connectionpool.py", line 787, in urlopen\n    response = self._make_request(\n  File "/home/lijiaxing/.conda/envs/api/lib/python3.10/site-packages/urllib3/connectionpool.py", line 488, in _make_request\n    raise new_e\n  File "/home/lijiaxing/.conda/envs/api/lib/python3.10/site-packages/urllib3/connectionpool.py", line 464, in _make_request\n    self._validate_conn(conn)\n  File "/home/lijiaxing/.conda/envs/api/lib/python3.10/site-packages/urllib3/connectionpool.py", line 1093, in _validate_conn\n    conn.connect()\n  File "/home/lijiaxing/.conda/envs/api/lib/python3.10/site-packages/urllib3/connection.py", line 753, in connect\n    self.sock = sock = self._new_conn()\n  File "/home/lijiaxing/.conda/envs/api/lib/python3.10/site-packages/urllib3/connection.py", line 213, in _new_conn\n    raise NewConnectionError(\nurllib3.exceptions.NewConnectionError: <urllib3.connection.HTTPSConnection object at 0x7f2ba32b9480>: Failed to establish a new connection: [Errno 101] Network is unreachable\n\nThe above exception was the direct cause of the following exception:\n\nTraceback (most recent call last):\n  File "/home/lijiaxing/.conda/envs/api/lib/python3.10/site-packages/requests/adapters.py", line 667, in send\n    resp = conn.urlopen(\n  File "/home/lijiaxing/.conda/envs/api/lib/python3.10/site-packages/urllib3/connectionpool.py", line 841, in urlopen\n    retries = retries.increment(\n  File "/home/lijiaxing/.conda/envs/api/lib/python3.10/site-packages/urllib3/util/retry.py", line 519, in increment\n    raise MaxRetryError(_pool, url, reason) from reason  # type: ignore[arg-type]\nurllib3.exceptions.MaxRetryError: HTTPSConnectionPool(host=\'huggingface.co\', port=443): Max retries exceeded with url: /google/reformer-enwik8/resolve/main/config.json (Caused by NewConnectionError(\'<urllib3.connection.HTTPSConnection object at 0x7f2ba32b9480>: Failed to establish a new connection: [Errno 101] Network is unreachable\'))\n\nDuring handling of the above exception, another exception occurred:\n\nTraceback (most recent call last):\n  File "/home/lijiaxing/.conda/envs/api/lib/python3.10/site-packages/huggingface_hub/file_download.py", line 1546, in _get_metadata_or_catch_error\n    metadata = get_hf_file_metadata(\n  File "/home/lijiaxing/.conda/envs/api/lib/python3.10/site-packages/huggingface_hub/utils/_validators.py", line 114, in _inner_fn\n    return fn(*args, **kwargs)\n  File "/home/lijiaxing/.conda/envs/api/lib/python3.10/site-packages/huggingface_hub/file_download.py", line 1463, in get_hf_file_metadata\n    r = _request_wrapper(\n  File "/home/lijiaxing/.conda/envs/api/lib/python3.10/site-packages/huggingface_hub/file_download.py", line 286, in _request_wrapper\n    response = _request_wrapper(\n  File "/home/lijiaxing/.conda/envs/api/lib/python3.10/site-packages/huggingface_hub/file_download.py", line 309, in _request_wrapper\n    response = http_backoff(method=method, url=url, **params, retry_on_exceptions=(), retry_on_status_codes=(429,))\n  File "/home/lijiaxing/.conda/envs/api/lib/python3.10/site-packages/huggingface_hub/utils/_http.py", line 310, in http_backoff\n    response = session.request(method=method, url=url, **kwargs)\n  File "/home/lijiaxing/.conda/envs/api/lib/python3.10/site-packages/requests/sessions.py", line 589, in request\n    resp = self.send(prep, **send_kwargs)\n  File "/home/lijiaxing/.conda/envs/api/lib/python3.10/site-packages/requests/sessions.py", line 703, in send\n    r = adapter.send(request, **kwargs)\n  File "/home/lijiaxing/.conda/envs/api/lib/python3.10/site-packages/huggingface_hub/utils/_http.py", line 96, in send\n    return super().send(request, *args, **kwargs)\n  File "/home/lijiaxing/.conda/envs/api/lib/python3.10/site-packages/requests/adapters.py", line 700, in send\n    raise ConnectionError(e, request=request)\nrequests.exceptions.ConnectionError: (MaxRetryError("HTTPSConnectionPool(host=\'huggingface.co\', port=443): Max retries exceeded with url: /google/reformer-enwik8/resolve/main/config.json (Caused by NewConnectionError(\'<urllib3.connection.HTTPSConnection object at 0x7f2ba32b9480>: Failed to establish a new connection: [Errno 101] Network is unreachable\'))"), \'(Request ID: 9e1a8256-33ac-4ba4-98eb-6962b5fdb34e)\')\n\nThe above exception was the direct cause of the following exception:\n\nTraceback (most recent call last):\n  File "/home/lijiaxing/.conda/envs/api/lib/python3.10/site-packages/transformers/utils/hub.py", line 479, in cached_files\n    hf_hub_download(\n  File "/home/lijiaxing/.conda/envs/api/lib/python3.10/site-packages/huggingface_hub/utils/_validators.py", line 114, in _inner_fn\n    return fn(*args, **kwargs)\n  File "/home/lijiaxing/.conda/envs/api/lib/python3.10/site-packages/huggingface_hub/file_download.py", line 1010, in hf_hub_download\n    return _hf_hub_download_to_cache_dir(\n  File "/home/lijiaxing/.conda/envs/api/lib/python3.10/site-packages/huggingface_hub/file_download.py", line 1117, in _hf_hub_download_to_cache_dir\n    _raise_on_head_call_error(head_call_error, force_download, local_files_only)\n  File "/home/lijiaxing/.conda/envs/api/lib/python3.10/site-packages/huggingface_hub/file_download.py", line 1661, in _raise_on_head_call_error\n    raise LocalEntryNotFoundError(\nhuggingface_hub.errors.LocalEntryNotFoundError: An error happened while trying to locate the file on the Hub and we cannot find the requested files in the local cache. Please check your connection and try again or make sure your Internet connection is on.\n\nThe above exception was the direct cause of the following exception:\n\nTraceback (most recent call last):\n  File "/cpfs01/shared/llm_kernel/hujiakai/KernelLLM/validation_api_server/evaluator.py", line 92, in _measure_perf_worker\n    exec(textwrap.dedent(code_src), temp_module.__dict__)\n  File "<string>", line 16, in <module>\n  File "/home/lijiaxing/.conda/envs/api/lib/python3.10/site-packages/transformers/models/auto/configuration_auto.py", line 1250, in from_pretrained\n    config_dict, unused_kwargs = PretrainedConfig.get_config_dict(pretrained_model_name_or_path, **kwargs)\n  File "/home/lijiaxing/.conda/envs/api/lib/python3.10/site-packages/transformers/configuration_utils.py", line 649, in get_config_dict\n    config_dict, kwargs = cls._get_config_dict(pretrained_model_name_or_path, **kwargs)\n  File "/home/lijiaxing/.conda/envs/api/lib/python3.10/site-packages/transformers/configuration_utils.py", line 708, in _get_config_dict\n    resolved_config_file = cached_file(\n  File "/home/lijiaxing/.conda/envs/api/lib/python3.10/site-packages/transformers/utils/hub.py", line 321, in cached_file\n    file = cached_files(path_or_repo_id=path_or_repo_id, filenames=[filename], **kwargs)\n  File "/home/lijiaxing/.conda/envs/api/lib/python3.10/site-packages/transformers/utils/hub.py", line 553, in cached_files\n    raise OSError(\nOSError: We couldn\'t connect to \'https://huggingface.co\' to load the files, and couldn\'t find them in the cached files.\nCheck your internet connection or see how to run the library in offline mode at \'https://huggingface.co/docs/transformers/installation#offline-mode\'.\n'}
2025-08-12 17:03:56,084 - openevolve.RemoteSpeedupEvaluator - INFO - [level4_15_google-reformer-enwik8_bs1024_seq32] verify_plus payload: reference_code(722 chars) + custom_code(843 chars)
2025-08-12 17:04:10,043 - openevolve.RemoteSpeedupEvaluator - INFO - [level4_15_google-reformer-enwik8_bs1024_seq32] verify_plus request success
2025-08-12 17:04:10,044 - openevolve.RemoteSpeedupEvaluator - INFO - [level4_15_google-reformer-enwik8_bs1024_seq32] verify_plus response: {"id":"level4_15_google-reformer-enwik8_bs1024_seq32","result":{"error":"We couldn't connect to 'https://huggingface.co' to load the files, and couldn't find them in the cached files.\nCheck your internet connection or see how to run the library in offline mode at 'https://huggingface.co/docs/transformers/installation#offline-mode'.\nTraceback (most recent call last):\n  File \"/home/lijiaxing/.conda/envs/api/lib/python3.10/site-packages/urllib3/connection.py\", line 198, in _new_conn\n    sock = connection.create_connection(\n  File \"/home/lijiaxing/.conda/envs/api/lib/python3.10/site-packages/urllib3/util/connection.py\", line 85, in create_connection\n    raise err\n  File \"/home/lijiaxing/.conda/envs/api/lib/python3.10/site-packages/urllib3/util/connection.py\", line 73, in create_co
2025-08-12 17:04:10,045 - openevolve.evaluator - WARNING - Evaluation attempt 2/4 failed for program 80a73af3-ab96-432f-9365-be7294f49862: Error: The reference code is not valid or correct. The verify result is: {'error': 'We couldn\'t connect to \'https://huggingface.co\' to load the files, and couldn\'t find them in the cached files.\nCheck your internet connection or see how to run the library in offline mode at \'https://huggingface.co/docs/transformers/installation#offline-mode\'.\nTraceback (most recent call last):\n  File "/home/lijiaxing/.conda/envs/api/lib/python3.10/site-packages/urllib3/connection.py", line 198, in _new_conn\n    sock = connection.create_connection(\n  File "/home/lijiaxing/.conda/envs/api/lib/python3.10/site-packages/urllib3/util/connection.py", line 85, in create_connection\n    raise err\n  File "/home/lijiaxing/.conda/envs/api/lib/python3.10/site-packages/urllib3/util/connection.py", line 73, in create_connection\n    sock.connect(sa)\nOSError: [Errno 101] Network is unreachable\n\nThe above exception was the direct cause of the following exception:\n\nTraceback (most recent call last):\n  File "/home/lijiaxing/.conda/envs/api/lib/python3.10/site-packages/urllib3/connectionpool.py", line 787, in urlopen\n    response = self._make_request(\n  File "/home/lijiaxing/.conda/envs/api/lib/python3.10/site-packages/urllib3/connectionpool.py", line 488, in _make_request\n    raise new_e\n  File "/home/lijiaxing/.conda/envs/api/lib/python3.10/site-packages/urllib3/connectionpool.py", line 464, in _make_request\n    self._validate_conn(conn)\n  File "/home/lijiaxing/.conda/envs/api/lib/python3.10/site-packages/urllib3/connectionpool.py", line 1093, in _validate_conn\n    conn.connect()\n  File "/home/lijiaxing/.conda/envs/api/lib/python3.10/site-packages/urllib3/connection.py", line 753, in connect\n    self.sock = sock = self._new_conn()\n  File "/home/lijiaxing/.conda/envs/api/lib/python3.10/site-packages/urllib3/connection.py", line 213, in _new_conn\n    raise NewConnectionError(\nurllib3.exceptions.NewConnectionError: <urllib3.connection.HTTPSConnection object at 0x7f7ed06a94e0>: Failed to establish a new connection: [Errno 101] Network is unreachable\n\nThe above exception was the direct cause of the following exception:\n\nTraceback (most recent call last):\n  File "/home/lijiaxing/.conda/envs/api/lib/python3.10/site-packages/requests/adapters.py", line 667, in send\n    resp = conn.urlopen(\n  File "/home/lijiaxing/.conda/envs/api/lib/python3.10/site-packages/urllib3/connectionpool.py", line 841, in urlopen\n    retries = retries.increment(\n  File "/home/lijiaxing/.conda/envs/api/lib/python3.10/site-packages/urllib3/util/retry.py", line 519, in increment\n    raise MaxRetryError(_pool, url, reason) from reason  # type: ignore[arg-type]\nurllib3.exceptions.MaxRetryError: HTTPSConnectionPool(host=\'huggingface.co\', port=443): Max retries exceeded with url: /google/reformer-enwik8/resolve/main/config.json (Caused by NewConnectionError(\'<urllib3.connection.HTTPSConnection object at 0x7f7ed06a94e0>: Failed to establish a new connection: [Errno 101] Network is unreachable\'))\n\nDuring handling of the above exception, another exception occurred:\n\nTraceback (most recent call last):\n  File "/home/lijiaxing/.conda/envs/api/lib/python3.10/site-packages/huggingface_hub/file_download.py", line 1546, in _get_metadata_or_catch_error\n    metadata = get_hf_file_metadata(\n  File "/home/lijiaxing/.conda/envs/api/lib/python3.10/site-packages/huggingface_hub/utils/_validators.py", line 114, in _inner_fn\n    return fn(*args, **kwargs)\n  File "/home/lijiaxing/.conda/envs/api/lib/python3.10/site-packages/huggingface_hub/file_download.py", line 1463, in get_hf_file_metadata\n    r = _request_wrapper(\n  File "/home/lijiaxing/.conda/envs/api/lib/python3.10/site-packages/huggingface_hub/file_download.py", line 286, in _request_wrapper\n    response = _request_wrapper(\n  File "/home/lijiaxing/.conda/envs/api/lib/python3.10/site-packages/huggingface_hub/file_download.py", line 309, in _request_wrapper\n    response = http_backoff(method=method, url=url, **params, retry_on_exceptions=(), retry_on_status_codes=(429,))\n  File "/home/lijiaxing/.conda/envs/api/lib/python3.10/site-packages/huggingface_hub/utils/_http.py", line 310, in http_backoff\n    response = session.request(method=method, url=url, **kwargs)\n  File "/home/lijiaxing/.conda/envs/api/lib/python3.10/site-packages/requests/sessions.py", line 589, in request\n    resp = self.send(prep, **send_kwargs)\n  File "/home/lijiaxing/.conda/envs/api/lib/python3.10/site-packages/requests/sessions.py", line 703, in send\n    r = adapter.send(request, **kwargs)\n  File "/home/lijiaxing/.conda/envs/api/lib/python3.10/site-packages/huggingface_hub/utils/_http.py", line 96, in send\n    return super().send(request, *args, **kwargs)\n  File "/home/lijiaxing/.conda/envs/api/lib/python3.10/site-packages/requests/adapters.py", line 700, in send\n    raise ConnectionError(e, request=request)\nrequests.exceptions.ConnectionError: (MaxRetryError("HTTPSConnectionPool(host=\'huggingface.co\', port=443): Max retries exceeded with url: /google/reformer-enwik8/resolve/main/config.json (Caused by NewConnectionError(\'<urllib3.connection.HTTPSConnection object at 0x7f7ed06a94e0>: Failed to establish a new connection: [Errno 101] Network is unreachable\'))"), \'(Request ID: eb7fde4e-dce5-456b-9f88-c15763e1debf)\')\n\nThe above exception was the direct cause of the following exception:\n\nTraceback (most recent call last):\n  File "/home/lijiaxing/.conda/envs/api/lib/python3.10/site-packages/transformers/utils/hub.py", line 479, in cached_files\n    hf_hub_download(\n  File "/home/lijiaxing/.conda/envs/api/lib/python3.10/site-packages/huggingface_hub/utils/_validators.py", line 114, in _inner_fn\n    return fn(*args, **kwargs)\n  File "/home/lijiaxing/.conda/envs/api/lib/python3.10/site-packages/huggingface_hub/file_download.py", line 1010, in hf_hub_download\n    return _hf_hub_download_to_cache_dir(\n  File "/home/lijiaxing/.conda/envs/api/lib/python3.10/site-packages/huggingface_hub/file_download.py", line 1117, in _hf_hub_download_to_cache_dir\n    _raise_on_head_call_error(head_call_error, force_download, local_files_only)\n  File "/home/lijiaxing/.conda/envs/api/lib/python3.10/site-packages/huggingface_hub/file_download.py", line 1661, in _raise_on_head_call_error\n    raise LocalEntryNotFoundError(\nhuggingface_hub.errors.LocalEntryNotFoundError: An error happened while trying to locate the file on the Hub and we cannot find the requested files in the local cache. Please check your connection and try again or make sure your Internet connection is on.\n\nThe above exception was the direct cause of the following exception:\n\nTraceback (most recent call last):\n  File "/cpfs01/shared/llm_kernel/hujiakai/KernelLLM/validation_api_server/evaluator.py", line 92, in _measure_perf_worker\n    exec(textwrap.dedent(code_src), temp_module.__dict__)\n  File "<string>", line 16, in <module>\n  File "/home/lijiaxing/.conda/envs/api/lib/python3.10/site-packages/transformers/models/auto/configuration_auto.py", line 1250, in from_pretrained\n    config_dict, unused_kwargs = PretrainedConfig.get_config_dict(pretrained_model_name_or_path, **kwargs)\n  File "/home/lijiaxing/.conda/envs/api/lib/python3.10/site-packages/transformers/configuration_utils.py", line 649, in get_config_dict\n    config_dict, kwargs = cls._get_config_dict(pretrained_model_name_or_path, **kwargs)\n  File "/home/lijiaxing/.conda/envs/api/lib/python3.10/site-packages/transformers/configuration_utils.py", line 708, in _get_config_dict\n    resolved_config_file = cached_file(\n  File "/home/lijiaxing/.conda/envs/api/lib/python3.10/site-packages/transformers/utils/hub.py", line 321, in cached_file\n    file = cached_files(path_or_repo_id=path_or_repo_id, filenames=[filename], **kwargs)\n  File "/home/lijiaxing/.conda/envs/api/lib/python3.10/site-packages/transformers/utils/hub.py", line 553, in cached_files\n    raise OSError(\nOSError: We couldn\'t connect to \'https://huggingface.co\' to load the files, and couldn\'t find them in the cached files.\nCheck your internet connection or see how to run the library in offline mode at \'https://huggingface.co/docs/transformers/installation#offline-mode\'.\n'}
2025-08-12 17:04:11,048 - openevolve.RemoteSpeedupEvaluator - INFO - [level4_15_google-reformer-enwik8_bs1024_seq32] verify_plus payload: reference_code(722 chars) + custom_code(843 chars)
2025-08-12 17:04:15,060 - openevolve.RemoteSpeedupEvaluator - INFO - [level4_15_google-reformer-enwik8_bs1024_seq32] verify_plus request success
2025-08-12 17:04:15,060 - openevolve.RemoteSpeedupEvaluator - INFO - [level4_15_google-reformer-enwik8_bs1024_seq32] verify_plus response: {"id":"level4_15_google-reformer-enwik8_bs1024_seq32","result":{"error":"We couldn't connect to 'https://huggingface.co' to load the files, and couldn't find them in the cached files.\nCheck your internet connection or see how to run the library in offline mode at 'https://huggingface.co/docs/transformers/installation#offline-mode'.\nTraceback (most recent call last):\n  File \"/home/lijiaxing/.conda/envs/api/lib/python3.10/site-packages/urllib3/connection.py\", line 198, in _new_conn\n    sock = connection.create_connection(\n  File \"/home/lijiaxing/.conda/envs/api/lib/python3.10/site-packages/urllib3/util/connection.py\", line 85, in create_connection\n    raise err\n  File \"/home/lijiaxing/.conda/envs/api/lib/python3.10/site-packages/urllib3/util/connection.py\", line 73, in create_co
2025-08-12 17:04:15,061 - openevolve.evaluator - WARNING - Evaluation attempt 3/4 failed for program 80a73af3-ab96-432f-9365-be7294f49862: Error: The reference code is not valid or correct. The verify result is: {'error': 'We couldn\'t connect to \'https://huggingface.co\' to load the files, and couldn\'t find them in the cached files.\nCheck your internet connection or see how to run the library in offline mode at \'https://huggingface.co/docs/transformers/installation#offline-mode\'.\nTraceback (most recent call last):\n  File "/home/lijiaxing/.conda/envs/api/lib/python3.10/site-packages/urllib3/connection.py", line 198, in _new_conn\n    sock = connection.create_connection(\n  File "/home/lijiaxing/.conda/envs/api/lib/python3.10/site-packages/urllib3/util/connection.py", line 85, in create_connection\n    raise err\n  File "/home/lijiaxing/.conda/envs/api/lib/python3.10/site-packages/urllib3/util/connection.py", line 73, in create_connection\n    sock.connect(sa)\nOSError: [Errno 101] Network is unreachable\n\nThe above exception was the direct cause of the following exception:\n\nTraceback (most recent call last):\n  File "/home/lijiaxing/.conda/envs/api/lib/python3.10/site-packages/urllib3/connectionpool.py", line 787, in urlopen\n    response = self._make_request(\n  File "/home/lijiaxing/.conda/envs/api/lib/python3.10/site-packages/urllib3/connectionpool.py", line 488, in _make_request\n    raise new_e\n  File "/home/lijiaxing/.conda/envs/api/lib/python3.10/site-packages/urllib3/connectionpool.py", line 464, in _make_request\n    self._validate_conn(conn)\n  File "/home/lijiaxing/.conda/envs/api/lib/python3.10/site-packages/urllib3/connectionpool.py", line 1093, in _validate_conn\n    conn.connect()\n  File "/home/lijiaxing/.conda/envs/api/lib/python3.10/site-packages/urllib3/connection.py", line 753, in connect\n    self.sock = sock = self._new_conn()\n  File "/home/lijiaxing/.conda/envs/api/lib/python3.10/site-packages/urllib3/connection.py", line 213, in _new_conn\n    raise NewConnectionError(\nurllib3.exceptions.NewConnectionError: <urllib3.connection.HTTPSConnection object at 0x7f0b3d8b9480>: Failed to establish a new connection: [Errno 101] Network is unreachable\n\nThe above exception was the direct cause of the following exception:\n\nTraceback (most recent call last):\n  File "/home/lijiaxing/.conda/envs/api/lib/python3.10/site-packages/requests/adapters.py", line 667, in send\n    resp = conn.urlopen(\n  File "/home/lijiaxing/.conda/envs/api/lib/python3.10/site-packages/urllib3/connectionpool.py", line 841, in urlopen\n    retries = retries.increment(\n  File "/home/lijiaxing/.conda/envs/api/lib/python3.10/site-packages/urllib3/util/retry.py", line 519, in increment\n    raise MaxRetryError(_pool, url, reason) from reason  # type: ignore[arg-type]\nurllib3.exceptions.MaxRetryError: HTTPSConnectionPool(host=\'huggingface.co\', port=443): Max retries exceeded with url: /google/reformer-enwik8/resolve/main/config.json (Caused by NewConnectionError(\'<urllib3.connection.HTTPSConnection object at 0x7f0b3d8b9480>: Failed to establish a new connection: [Errno 101] Network is unreachable\'))\n\nDuring handling of the above exception, another exception occurred:\n\nTraceback (most recent call last):\n  File "/home/lijiaxing/.conda/envs/api/lib/python3.10/site-packages/huggingface_hub/file_download.py", line 1546, in _get_metadata_or_catch_error\n    metadata = get_hf_file_metadata(\n  File "/home/lijiaxing/.conda/envs/api/lib/python3.10/site-packages/huggingface_hub/utils/_validators.py", line 114, in _inner_fn\n    return fn(*args, **kwargs)\n  File "/home/lijiaxing/.conda/envs/api/lib/python3.10/site-packages/huggingface_hub/file_download.py", line 1463, in get_hf_file_metadata\n    r = _request_wrapper(\n  File "/home/lijiaxing/.conda/envs/api/lib/python3.10/site-packages/huggingface_hub/file_download.py", line 286, in _request_wrapper\n    response = _request_wrapper(\n  File "/home/lijiaxing/.conda/envs/api/lib/python3.10/site-packages/huggingface_hub/file_download.py", line 309, in _request_wrapper\n    response = http_backoff(method=method, url=url, **params, retry_on_exceptions=(), retry_on_status_codes=(429,))\n  File "/home/lijiaxing/.conda/envs/api/lib/python3.10/site-packages/huggingface_hub/utils/_http.py", line 310, in http_backoff\n    response = session.request(method=method, url=url, **kwargs)\n  File "/home/lijiaxing/.conda/envs/api/lib/python3.10/site-packages/requests/sessions.py", line 589, in request\n    resp = self.send(prep, **send_kwargs)\n  File "/home/lijiaxing/.conda/envs/api/lib/python3.10/site-packages/requests/sessions.py", line 703, in send\n    r = adapter.send(request, **kwargs)\n  File "/home/lijiaxing/.conda/envs/api/lib/python3.10/site-packages/huggingface_hub/utils/_http.py", line 96, in send\n    return super().send(request, *args, **kwargs)\n  File "/home/lijiaxing/.conda/envs/api/lib/python3.10/site-packages/requests/adapters.py", line 700, in send\n    raise ConnectionError(e, request=request)\nrequests.exceptions.ConnectionError: (MaxRetryError("HTTPSConnectionPool(host=\'huggingface.co\', port=443): Max retries exceeded with url: /google/reformer-enwik8/resolve/main/config.json (Caused by NewConnectionError(\'<urllib3.connection.HTTPSConnection object at 0x7f0b3d8b9480>: Failed to establish a new connection: [Errno 101] Network is unreachable\'))"), \'(Request ID: 501a00e3-8423-4ffd-9c1c-39db99026dcd)\')\n\nThe above exception was the direct cause of the following exception:\n\nTraceback (most recent call last):\n  File "/home/lijiaxing/.conda/envs/api/lib/python3.10/site-packages/transformers/utils/hub.py", line 479, in cached_files\n    hf_hub_download(\n  File "/home/lijiaxing/.conda/envs/api/lib/python3.10/site-packages/huggingface_hub/utils/_validators.py", line 114, in _inner_fn\n    return fn(*args, **kwargs)\n  File "/home/lijiaxing/.conda/envs/api/lib/python3.10/site-packages/huggingface_hub/file_download.py", line 1010, in hf_hub_download\n    return _hf_hub_download_to_cache_dir(\n  File "/home/lijiaxing/.conda/envs/api/lib/python3.10/site-packages/huggingface_hub/file_download.py", line 1117, in _hf_hub_download_to_cache_dir\n    _raise_on_head_call_error(head_call_error, force_download, local_files_only)\n  File "/home/lijiaxing/.conda/envs/api/lib/python3.10/site-packages/huggingface_hub/file_download.py", line 1661, in _raise_on_head_call_error\n    raise LocalEntryNotFoundError(\nhuggingface_hub.errors.LocalEntryNotFoundError: An error happened while trying to locate the file on the Hub and we cannot find the requested files in the local cache. Please check your connection and try again or make sure your Internet connection is on.\n\nThe above exception was the direct cause of the following exception:\n\nTraceback (most recent call last):\n  File "/cpfs01/shared/llm_kernel/hujiakai/KernelLLM/validation_api_server/evaluator.py", line 92, in _measure_perf_worker\n    exec(textwrap.dedent(code_src), temp_module.__dict__)\n  File "<string>", line 16, in <module>\n  File "/home/lijiaxing/.conda/envs/api/lib/python3.10/site-packages/transformers/models/auto/configuration_auto.py", line 1250, in from_pretrained\n    config_dict, unused_kwargs = PretrainedConfig.get_config_dict(pretrained_model_name_or_path, **kwargs)\n  File "/home/lijiaxing/.conda/envs/api/lib/python3.10/site-packages/transformers/configuration_utils.py", line 649, in get_config_dict\n    config_dict, kwargs = cls._get_config_dict(pretrained_model_name_or_path, **kwargs)\n  File "/home/lijiaxing/.conda/envs/api/lib/python3.10/site-packages/transformers/configuration_utils.py", line 708, in _get_config_dict\n    resolved_config_file = cached_file(\n  File "/home/lijiaxing/.conda/envs/api/lib/python3.10/site-packages/transformers/utils/hub.py", line 321, in cached_file\n    file = cached_files(path_or_repo_id=path_or_repo_id, filenames=[filename], **kwargs)\n  File "/home/lijiaxing/.conda/envs/api/lib/python3.10/site-packages/transformers/utils/hub.py", line 553, in cached_files\n    raise OSError(\nOSError: We couldn\'t connect to \'https://huggingface.co\' to load the files, and couldn\'t find them in the cached files.\nCheck your internet connection or see how to run the library in offline mode at \'https://huggingface.co/docs/transformers/installation#offline-mode\'.\n'}
2025-08-12 17:04:16,064 - openevolve.RemoteSpeedupEvaluator - INFO - [level4_15_google-reformer-enwik8_bs1024_seq32] verify_plus payload: reference_code(722 chars) + custom_code(843 chars)
2025-08-12 17:04:20,749 - openevolve.RemoteSpeedupEvaluator - INFO - [level4_15_google-reformer-enwik8_bs1024_seq32] verify_plus request success
2025-08-12 17:04:20,749 - openevolve.RemoteSpeedupEvaluator - INFO - [level4_15_google-reformer-enwik8_bs1024_seq32] verify_plus response: {"id":"level4_15_google-reformer-enwik8_bs1024_seq32","result":{"error":"We couldn't connect to 'https://huggingface.co' to load the files, and couldn't find them in the cached files.\nCheck your internet connection or see how to run the library in offline mode at 'https://huggingface.co/docs/transformers/installation#offline-mode'.\nTraceback (most recent call last):\n  File \"/home/lijiaxing/.conda/envs/api/lib/python3.10/site-packages/urllib3/connection.py\", line 198, in _new_conn\n    sock = connection.create_connection(\n  File \"/home/lijiaxing/.conda/envs/api/lib/python3.10/site-packages/urllib3/util/connection.py\", line 85, in create_connection\n    raise err\n  File \"/home/lijiaxing/.conda/envs/api/lib/python3.10/site-packages/urllib3/util/connection.py\", line 73, in create_co
2025-08-12 17:04:20,750 - openevolve.evaluator - WARNING - Evaluation attempt 4/4 failed for program 80a73af3-ab96-432f-9365-be7294f49862: Error: The reference code is not valid or correct. The verify result is: {'error': 'We couldn\'t connect to \'https://huggingface.co\' to load the files, and couldn\'t find them in the cached files.\nCheck your internet connection or see how to run the library in offline mode at \'https://huggingface.co/docs/transformers/installation#offline-mode\'.\nTraceback (most recent call last):\n  File "/home/lijiaxing/.conda/envs/api/lib/python3.10/site-packages/urllib3/connection.py", line 198, in _new_conn\n    sock = connection.create_connection(\n  File "/home/lijiaxing/.conda/envs/api/lib/python3.10/site-packages/urllib3/util/connection.py", line 85, in create_connection\n    raise err\n  File "/home/lijiaxing/.conda/envs/api/lib/python3.10/site-packages/urllib3/util/connection.py", line 73, in create_connection\n    sock.connect(sa)\nOSError: [Errno 101] Network is unreachable\n\nThe above exception was the direct cause of the following exception:\n\nTraceback (most recent call last):\n  File "/home/lijiaxing/.conda/envs/api/lib/python3.10/site-packages/urllib3/connectionpool.py", line 787, in urlopen\n    response = self._make_request(\n  File "/home/lijiaxing/.conda/envs/api/lib/python3.10/site-packages/urllib3/connectionpool.py", line 488, in _make_request\n    raise new_e\n  File "/home/lijiaxing/.conda/envs/api/lib/python3.10/site-packages/urllib3/connectionpool.py", line 464, in _make_request\n    self._validate_conn(conn)\n  File "/home/lijiaxing/.conda/envs/api/lib/python3.10/site-packages/urllib3/connectionpool.py", line 1093, in _validate_conn\n    conn.connect()\n  File "/home/lijiaxing/.conda/envs/api/lib/python3.10/site-packages/urllib3/connection.py", line 753, in connect\n    self.sock = sock = self._new_conn()\n  File "/home/lijiaxing/.conda/envs/api/lib/python3.10/site-packages/urllib3/connection.py", line 213, in _new_conn\n    raise NewConnectionError(\nurllib3.exceptions.NewConnectionError: <urllib3.connection.HTTPSConnection object at 0x7f119f1c14e0>: Failed to establish a new connection: [Errno 101] Network is unreachable\n\nThe above exception was the direct cause of the following exception:\n\nTraceback (most recent call last):\n  File "/home/lijiaxing/.conda/envs/api/lib/python3.10/site-packages/requests/adapters.py", line 667, in send\n    resp = conn.urlopen(\n  File "/home/lijiaxing/.conda/envs/api/lib/python3.10/site-packages/urllib3/connectionpool.py", line 841, in urlopen\n    retries = retries.increment(\n  File "/home/lijiaxing/.conda/envs/api/lib/python3.10/site-packages/urllib3/util/retry.py", line 519, in increment\n    raise MaxRetryError(_pool, url, reason) from reason  # type: ignore[arg-type]\nurllib3.exceptions.MaxRetryError: HTTPSConnectionPool(host=\'huggingface.co\', port=443): Max retries exceeded with url: /google/reformer-enwik8/resolve/main/config.json (Caused by NewConnectionError(\'<urllib3.connection.HTTPSConnection object at 0x7f119f1c14e0>: Failed to establish a new connection: [Errno 101] Network is unreachable\'))\n\nDuring handling of the above exception, another exception occurred:\n\nTraceback (most recent call last):\n  File "/home/lijiaxing/.conda/envs/api/lib/python3.10/site-packages/huggingface_hub/file_download.py", line 1546, in _get_metadata_or_catch_error\n    metadata = get_hf_file_metadata(\n  File "/home/lijiaxing/.conda/envs/api/lib/python3.10/site-packages/huggingface_hub/utils/_validators.py", line 114, in _inner_fn\n    return fn(*args, **kwargs)\n  File "/home/lijiaxing/.conda/envs/api/lib/python3.10/site-packages/huggingface_hub/file_download.py", line 1463, in get_hf_file_metadata\n    r = _request_wrapper(\n  File "/home/lijiaxing/.conda/envs/api/lib/python3.10/site-packages/huggingface_hub/file_download.py", line 286, in _request_wrapper\n    response = _request_wrapper(\n  File "/home/lijiaxing/.conda/envs/api/lib/python3.10/site-packages/huggingface_hub/file_download.py", line 309, in _request_wrapper\n    response = http_backoff(method=method, url=url, **params, retry_on_exceptions=(), retry_on_status_codes=(429,))\n  File "/home/lijiaxing/.conda/envs/api/lib/python3.10/site-packages/huggingface_hub/utils/_http.py", line 310, in http_backoff\n    response = session.request(method=method, url=url, **kwargs)\n  File "/home/lijiaxing/.conda/envs/api/lib/python3.10/site-packages/requests/sessions.py", line 589, in request\n    resp = self.send(prep, **send_kwargs)\n  File "/home/lijiaxing/.conda/envs/api/lib/python3.10/site-packages/requests/sessions.py", line 703, in send\n    r = adapter.send(request, **kwargs)\n  File "/home/lijiaxing/.conda/envs/api/lib/python3.10/site-packages/huggingface_hub/utils/_http.py", line 96, in send\n    return super().send(request, *args, **kwargs)\n  File "/home/lijiaxing/.conda/envs/api/lib/python3.10/site-packages/requests/adapters.py", line 700, in send\n    raise ConnectionError(e, request=request)\nrequests.exceptions.ConnectionError: (MaxRetryError("HTTPSConnectionPool(host=\'huggingface.co\', port=443): Max retries exceeded with url: /google/reformer-enwik8/resolve/main/config.json (Caused by NewConnectionError(\'<urllib3.connection.HTTPSConnection object at 0x7f119f1c14e0>: Failed to establish a new connection: [Errno 101] Network is unreachable\'))"), \'(Request ID: 7623ac1e-5b5c-4979-8b5e-578ba6e00f92)\')\n\nThe above exception was the direct cause of the following exception:\n\nTraceback (most recent call last):\n  File "/home/lijiaxing/.conda/envs/api/lib/python3.10/site-packages/transformers/utils/hub.py", line 479, in cached_files\n    hf_hub_download(\n  File "/home/lijiaxing/.conda/envs/api/lib/python3.10/site-packages/huggingface_hub/utils/_validators.py", line 114, in _inner_fn\n    return fn(*args, **kwargs)\n  File "/home/lijiaxing/.conda/envs/api/lib/python3.10/site-packages/huggingface_hub/file_download.py", line 1010, in hf_hub_download\n    return _hf_hub_download_to_cache_dir(\n  File "/home/lijiaxing/.conda/envs/api/lib/python3.10/site-packages/huggingface_hub/file_download.py", line 1117, in _hf_hub_download_to_cache_dir\n    _raise_on_head_call_error(head_call_error, force_download, local_files_only)\n  File "/home/lijiaxing/.conda/envs/api/lib/python3.10/site-packages/huggingface_hub/file_download.py", line 1661, in _raise_on_head_call_error\n    raise LocalEntryNotFoundError(\nhuggingface_hub.errors.LocalEntryNotFoundError: An error happened while trying to locate the file on the Hub and we cannot find the requested files in the local cache. Please check your connection and try again or make sure your Internet connection is on.\n\nThe above exception was the direct cause of the following exception:\n\nTraceback (most recent call last):\n  File "/cpfs01/shared/llm_kernel/hujiakai/KernelLLM/validation_api_server/evaluator.py", line 92, in _measure_perf_worker\n    exec(textwrap.dedent(code_src), temp_module.__dict__)\n  File "<string>", line 16, in <module>\n  File "/home/lijiaxing/.conda/envs/api/lib/python3.10/site-packages/transformers/models/auto/configuration_auto.py", line 1250, in from_pretrained\n    config_dict, unused_kwargs = PretrainedConfig.get_config_dict(pretrained_model_name_or_path, **kwargs)\n  File "/home/lijiaxing/.conda/envs/api/lib/python3.10/site-packages/transformers/configuration_utils.py", line 649, in get_config_dict\n    config_dict, kwargs = cls._get_config_dict(pretrained_model_name_or_path, **kwargs)\n  File "/home/lijiaxing/.conda/envs/api/lib/python3.10/site-packages/transformers/configuration_utils.py", line 708, in _get_config_dict\n    resolved_config_file = cached_file(\n  File "/home/lijiaxing/.conda/envs/api/lib/python3.10/site-packages/transformers/utils/hub.py", line 321, in cached_file\n    file = cached_files(path_or_repo_id=path_or_repo_id, filenames=[filename], **kwargs)\n  File "/home/lijiaxing/.conda/envs/api/lib/python3.10/site-packages/transformers/utils/hub.py", line 553, in cached_files\n    raise OSError(\nOSError: We couldn\'t connect to \'https://huggingface.co\' to load the files, and couldn\'t find them in the cached files.\nCheck your internet connection or see how to run the library in offline mode at \'https://huggingface.co/docs/transformers/installation#offline-mode\'.\n'}
2025-08-12 17:04:20,750 - openevolve.evaluator - ERROR - All evaluation attempts failed for program 80a73af3-ab96-432f-9365-be7294f49862. Last error: Error: The reference code is not valid or correct. The verify result is: {'error': 'We couldn\'t connect to \'https://huggingface.co\' to load the files, and couldn\'t find them in the cached files.\nCheck your internet connection or see how to run the library in offline mode at \'https://huggingface.co/docs/transformers/installation#offline-mode\'.\nTraceback (most recent call last):\n  File "/home/lijiaxing/.conda/envs/api/lib/python3.10/site-packages/urllib3/connection.py", line 198, in _new_conn\n    sock = connection.create_connection(\n  File "/home/lijiaxing/.conda/envs/api/lib/python3.10/site-packages/urllib3/util/connection.py", line 85, in create_connection\n    raise err\n  File "/home/lijiaxing/.conda/envs/api/lib/python3.10/site-packages/urllib3/util/connection.py", line 73, in create_connection\n    sock.connect(sa)\nOSError: [Errno 101] Network is unreachable\n\nThe above exception was the direct cause of the following exception:\n\nTraceback (most recent call last):\n  File "/home/lijiaxing/.conda/envs/api/lib/python3.10/site-packages/urllib3/connectionpool.py", line 787, in urlopen\n    response = self._make_request(\n  File "/home/lijiaxing/.conda/envs/api/lib/python3.10/site-packages/urllib3/connectionpool.py", line 488, in _make_request\n    raise new_e\n  File "/home/lijiaxing/.conda/envs/api/lib/python3.10/site-packages/urllib3/connectionpool.py", line 464, in _make_request\n    self._validate_conn(conn)\n  File "/home/lijiaxing/.conda/envs/api/lib/python3.10/site-packages/urllib3/connectionpool.py", line 1093, in _validate_conn\n    conn.connect()\n  File "/home/lijiaxing/.conda/envs/api/lib/python3.10/site-packages/urllib3/connection.py", line 753, in connect\n    self.sock = sock = self._new_conn()\n  File "/home/lijiaxing/.conda/envs/api/lib/python3.10/site-packages/urllib3/connection.py", line 213, in _new_conn\n    raise NewConnectionError(\nurllib3.exceptions.NewConnectionError: <urllib3.connection.HTTPSConnection object at 0x7f119f1c14e0>: Failed to establish a new connection: [Errno 101] Network is unreachable\n\nThe above exception was the direct cause of the following exception:\n\nTraceback (most recent call last):\n  File "/home/lijiaxing/.conda/envs/api/lib/python3.10/site-packages/requests/adapters.py", line 667, in send\n    resp = conn.urlopen(\n  File "/home/lijiaxing/.conda/envs/api/lib/python3.10/site-packages/urllib3/connectionpool.py", line 841, in urlopen\n    retries = retries.increment(\n  File "/home/lijiaxing/.conda/envs/api/lib/python3.10/site-packages/urllib3/util/retry.py", line 519, in increment\n    raise MaxRetryError(_pool, url, reason) from reason  # type: ignore[arg-type]\nurllib3.exceptions.MaxRetryError: HTTPSConnectionPool(host=\'huggingface.co\', port=443): Max retries exceeded with url: /google/reformer-enwik8/resolve/main/config.json (Caused by NewConnectionError(\'<urllib3.connection.HTTPSConnection object at 0x7f119f1c14e0>: Failed to establish a new connection: [Errno 101] Network is unreachable\'))\n\nDuring handling of the above exception, another exception occurred:\n\nTraceback (most recent call last):\n  File "/home/lijiaxing/.conda/envs/api/lib/python3.10/site-packages/huggingface_hub/file_download.py", line 1546, in _get_metadata_or_catch_error\n    metadata = get_hf_file_metadata(\n  File "/home/lijiaxing/.conda/envs/api/lib/python3.10/site-packages/huggingface_hub/utils/_validators.py", line 114, in _inner_fn\n    return fn(*args, **kwargs)\n  File "/home/lijiaxing/.conda/envs/api/lib/python3.10/site-packages/huggingface_hub/file_download.py", line 1463, in get_hf_file_metadata\n    r = _request_wrapper(\n  File "/home/lijiaxing/.conda/envs/api/lib/python3.10/site-packages/huggingface_hub/file_download.py", line 286, in _request_wrapper\n    response = _request_wrapper(\n  File "/home/lijiaxing/.conda/envs/api/lib/python3.10/site-packages/huggingface_hub/file_download.py", line 309, in _request_wrapper\n    response = http_backoff(method=method, url=url, **params, retry_on_exceptions=(), retry_on_status_codes=(429,))\n  File "/home/lijiaxing/.conda/envs/api/lib/python3.10/site-packages/huggingface_hub/utils/_http.py", line 310, in http_backoff\n    response = session.request(method=method, url=url, **kwargs)\n  File "/home/lijiaxing/.conda/envs/api/lib/python3.10/site-packages/requests/sessions.py", line 589, in request\n    resp = self.send(prep, **send_kwargs)\n  File "/home/lijiaxing/.conda/envs/api/lib/python3.10/site-packages/requests/sessions.py", line 703, in send\n    r = adapter.send(request, **kwargs)\n  File "/home/lijiaxing/.conda/envs/api/lib/python3.10/site-packages/huggingface_hub/utils/_http.py", line 96, in send\n    return super().send(request, *args, **kwargs)\n  File "/home/lijiaxing/.conda/envs/api/lib/python3.10/site-packages/requests/adapters.py", line 700, in send\n    raise ConnectionError(e, request=request)\nrequests.exceptions.ConnectionError: (MaxRetryError("HTTPSConnectionPool(host=\'huggingface.co\', port=443): Max retries exceeded with url: /google/reformer-enwik8/resolve/main/config.json (Caused by NewConnectionError(\'<urllib3.connection.HTTPSConnection object at 0x7f119f1c14e0>: Failed to establish a new connection: [Errno 101] Network is unreachable\'))"), \'(Request ID: 7623ac1e-5b5c-4979-8b5e-578ba6e00f92)\')\n\nThe above exception was the direct cause of the following exception:\n\nTraceback (most recent call last):\n  File "/home/lijiaxing/.conda/envs/api/lib/python3.10/site-packages/transformers/utils/hub.py", line 479, in cached_files\n    hf_hub_download(\n  File "/home/lijiaxing/.conda/envs/api/lib/python3.10/site-packages/huggingface_hub/utils/_validators.py", line 114, in _inner_fn\n    return fn(*args, **kwargs)\n  File "/home/lijiaxing/.conda/envs/api/lib/python3.10/site-packages/huggingface_hub/file_download.py", line 1010, in hf_hub_download\n    return _hf_hub_download_to_cache_dir(\n  File "/home/lijiaxing/.conda/envs/api/lib/python3.10/site-packages/huggingface_hub/file_download.py", line 1117, in _hf_hub_download_to_cache_dir\n    _raise_on_head_call_error(head_call_error, force_download, local_files_only)\n  File "/home/lijiaxing/.conda/envs/api/lib/python3.10/site-packages/huggingface_hub/file_download.py", line 1661, in _raise_on_head_call_error\n    raise LocalEntryNotFoundError(\nhuggingface_hub.errors.LocalEntryNotFoundError: An error happened while trying to locate the file on the Hub and we cannot find the requested files in the local cache. Please check your connection and try again or make sure your Internet connection is on.\n\nThe above exception was the direct cause of the following exception:\n\nTraceback (most recent call last):\n  File "/cpfs01/shared/llm_kernel/hujiakai/KernelLLM/validation_api_server/evaluator.py", line 92, in _measure_perf_worker\n    exec(textwrap.dedent(code_src), temp_module.__dict__)\n  File "<string>", line 16, in <module>\n  File "/home/lijiaxing/.conda/envs/api/lib/python3.10/site-packages/transformers/models/auto/configuration_auto.py", line 1250, in from_pretrained\n    config_dict, unused_kwargs = PretrainedConfig.get_config_dict(pretrained_model_name_or_path, **kwargs)\n  File "/home/lijiaxing/.conda/envs/api/lib/python3.10/site-packages/transformers/configuration_utils.py", line 649, in get_config_dict\n    config_dict, kwargs = cls._get_config_dict(pretrained_model_name_or_path, **kwargs)\n  File "/home/lijiaxing/.conda/envs/api/lib/python3.10/site-packages/transformers/configuration_utils.py", line 708, in _get_config_dict\n    resolved_config_file = cached_file(\n  File "/home/lijiaxing/.conda/envs/api/lib/python3.10/site-packages/transformers/utils/hub.py", line 321, in cached_file\n    file = cached_files(path_or_repo_id=path_or_repo_id, filenames=[filename], **kwargs)\n  File "/home/lijiaxing/.conda/envs/api/lib/python3.10/site-packages/transformers/utils/hub.py", line 553, in cached_files\n    raise OSError(\nOSError: We couldn\'t connect to \'https://huggingface.co\' to load the files, and couldn\'t find them in the cached files.\nCheck your internet connection or see how to run the library in offline mode at \'https://huggingface.co/docs/transformers/installation#offline-mode\'.\n'}
2025-08-12 17:04:20,751 - __main__ - ERROR - üí• Â§±Ë¥• level4_15_google-reformer-enwik8_bs1024_seq32: 'score'
2025-08-12 17:04:20,751 - __main__ - INFO - ----------------------------------------------------------------------
2025-08-12 17:04:20,751 - __main__ - INFO - üìä ËøõÁ®ã rank=8 ÁªìÊùü | ÊàêÂäü 8 | Â§±Ë¥• 2
2025-08-12 17:04:20,751 - __main__ - INFO - ----------------------------------------------------------------------
