2025-08-08 17:21:51,380 - openevolve.controller - INFO - Logging to openevolve_output/level1_78_conv_transposed_2D_asymmetric_input_asymmetric_kernel___padded__/logs/openevolve_20250808_172151.log
2025-08-08 17:21:51,381 - openevolve.controller - INFO - Set random seed to 42 for reproducibility
2025-08-08 17:21:51,422 - openevolve.llm.ensemble - INFO - Initialized LLM ensemble with models: deepseek (weight: 0.80), deepseek (weight: 0.20)
2025-08-08 17:21:51,462 - openevolve.llm.ensemble - INFO - Initialized LLM ensemble with models: deepseek (weight: 0.80), deepseek (weight: 0.20)
2025-08-08 17:21:51,462 - openevolve.prompt.sampler - INFO - Set custom templates: system=evaluator_system_message, user=None
2025-08-08 17:21:51,463 - openevolve.database - INFO - Initialized program database with 0 programs
2025-08-08 17:21:51,502 - openevolve.evaluator - INFO - Successfully loaded evaluation function from openevolve_output/level1_78_conv_transposed_2D_asymmetric_input_asymmetric_kernel___padded__/evaluation.py
2025-08-08 17:21:51,502 - openevolve.evaluator - INFO - Initialized evaluator with openevolve_output/level1_78_conv_transposed_2D_asymmetric_input_asymmetric_kernel___padded__/evaluation.py
2025-08-08 17:21:51,502 - openevolve.controller - INFO - Initialized OpenEvolve with /tmp/9f9c9ea67ce357926eca0142a1413354.py
2025-08-08 17:21:51,502 - openevolve.controller - INFO - Adding initial program to database
2025-08-08 17:21:51,503 - openevolve.RemoteSpeedupEvaluator - INFO - [level1_78_conv_transposed_2D_asymmetric_input_asymmetric_kernel___padded__] verify_plus payload: reference_code(1768 chars) + custom_code(1892 chars)
2025-08-08 17:21:54,837 - openevolve.RemoteSpeedupEvaluator - INFO - [level1_78_conv_transposed_2D_asymmetric_input_asymmetric_kernel___padded__] verify_plus request success
2025-08-08 17:21:54,837 - openevolve.RemoteSpeedupEvaluator - INFO - [level1_78_conv_transposed_2D_asymmetric_input_asymmetric_kernel___padded__] verify_plus response: {"id":"level1_78_conv_transposed_2D_asymmetric_input_asymmetric_kernel___padded__","result":{"compiled":true,"correctness":true,"metadata":{"hardware":"NVIDIA L20Y","device":"cuda:4","correctness_trials":"(5 / 5)","reference_timing_ms":0.0523,"speed_up":0.149,"custom_timing":0.35},"runtime":0.35,"runtime_stats":{"mean":0.35,"std":0.0173,"min":0.339,"max":0.408,"num_trials":100,"hardware":"NVIDIA L20Y","device":"cuda:4"}}}
2025-08-08 17:21:54,838 - openevolve.evaluator - INFO - Evaluated program f161f445-64c3-46f0-81b9-8e63782c56df in 3.34s: compiled=1.0000, correctness=1.0000, stage=reference code, passed=0.0000, score=0.0000, speed_up=1.0000, runtime_ms=0.3500, meta={'hardware': 'NVIDIA L20Y', 'device': 'cuda:4', 'correctness_trials': '(5 / 5)', 'reference_timing_ms': 0.0523, 'speed_up': 0.149, 'custom_timing': 0.35}
2025-08-08 17:21:54,838 - openevolve.database - INFO - New MAP-Elites cell occupied: {'score': 0, 'complexity': 1}
2025-08-08 17:21:54,854 - openevolve.threaded_parallel - INFO - Initializing threaded evaluation pool with 3 workers
2025-08-08 17:21:54,855 - openevolve.threaded_parallel - INFO - Started thread pool with 3 threads
2025-08-08 17:21:54,855 - openevolve.threaded_parallel - INFO - Started improved parallel controller
2025-08-08 17:21:54,855 - openevolve.controller - INFO - Using island-based evolution with 3 islands
2025-08-08 17:21:54,855 - openevolve.database - INFO - Island Status:
2025-08-08 17:21:54,855 - openevolve.database - INFO -  * Island 0: 1 programs, best=0.0000, avg=0.0000, diversity=0.00, gen=0 (best: f161f445-64c3-46f0-81b9-8e63782c56df)
2025-08-08 17:21:54,856 - openevolve.database - INFO -    Island 1: 0 programs, best=0.0000, avg=0.0000, diversity=0.00, gen=0
2025-08-08 17:21:54,856 - openevolve.database - INFO -    Island 2: 0 programs, best=0.0000, avg=0.0000, diversity=0.00, gen=0
2025-08-08 17:21:54,856 - openevolve.threaded_parallel - INFO - Starting improved parallel evolution from iteration 0 for 30 iterations (total: 30)
2025-08-08 17:21:54,986 - openevolve.llm.ensemble - INFO - Initialized LLM ensemble with models: deepseek (weight: 0.80), deepseek (weight: 0.20)
2025-08-08 17:21:54,990 - openevolve.llm.ensemble - INFO - Initialized LLM ensemble with models: deepseek (weight: 0.80), deepseek (weight: 0.20)
2025-08-08 17:21:54,996 - openevolve.llm.ensemble - INFO - Initialized LLM ensemble with models: deepseek (weight: 0.80), deepseek (weight: 0.20)
2025-08-08 17:21:55,113 - openevolve.llm.ensemble - INFO - Initialized LLM ensemble with models: deepseek (weight: 0.80), deepseek (weight: 0.20)
2025-08-08 17:21:55,113 - openevolve.prompt.sampler - INFO - Set custom templates: system=evaluator_system_message, user=None
2025-08-08 17:21:55,116 - openevolve.evaluator - INFO - Successfully loaded evaluation function from openevolve_output/level1_78_conv_transposed_2D_asymmetric_input_asymmetric_kernel___padded__/evaluation.py
2025-08-08 17:21:55,116 - openevolve.evaluator - INFO - Initialized evaluator with openevolve_output/level1_78_conv_transposed_2D_asymmetric_input_asymmetric_kernel___padded__/evaluation.py
2025-08-08 17:21:55,119 - openevolve.llm.ensemble - INFO - Sampled model: deepseek
2025-08-08 17:21:55,119 - openevolve.llm.ensemble - INFO - Initialized LLM ensemble with models: deepseek (weight: 0.80), deepseek (weight: 0.20)
2025-08-08 17:21:55,120 - openevolve.prompt.sampler - INFO - Set custom templates: system=evaluator_system_message, user=None
2025-08-08 17:21:55,122 - openevolve.evaluator - INFO - Successfully loaded evaluation function from openevolve_output/level1_78_conv_transposed_2D_asymmetric_input_asymmetric_kernel___padded__/evaluation.py
2025-08-08 17:21:55,122 - openevolve.evaluator - INFO - Initialized evaluator with openevolve_output/level1_78_conv_transposed_2D_asymmetric_input_asymmetric_kernel___padded__/evaluation.py
2025-08-08 17:21:55,124 - openevolve.llm.ensemble - INFO - Sampled model: deepseek
2025-08-08 17:21:55,129 - openevolve.llm.ensemble - INFO - Initialized LLM ensemble with models: deepseek (weight: 0.80), deepseek (weight: 0.20)
2025-08-08 17:21:55,129 - openevolve.prompt.sampler - INFO - Set custom templates: system=evaluator_system_message, user=None
2025-08-08 17:21:55,132 - openevolve.evaluator - INFO - Successfully loaded evaluation function from openevolve_output/level1_78_conv_transposed_2D_asymmetric_input_asymmetric_kernel___padded__/evaluation.py
2025-08-08 17:21:55,132 - openevolve.evaluator - INFO - Initialized evaluator with openevolve_output/level1_78_conv_transposed_2D_asymmetric_input_asymmetric_kernel___padded__/evaluation.py
2025-08-08 17:21:55,134 - openevolve.llm.ensemble - INFO - Sampled model: deepseek
2025-08-08 17:32:43,527 - openevolve.RemoteSpeedupEvaluator - INFO - [level1_78_conv_transposed_2D_asymmetric_input_asymmetric_kernel___padded__] triton key words check pass
2025-08-08 17:32:43,528 - openevolve.RemoteSpeedupEvaluator - INFO - [level1_78_conv_transposed_2D_asymmetric_input_asymmetric_kernel___padded__] verify_plus payload: reference_code(1768 chars) + custom_code(6062 chars)
2025-08-08 17:32:46,793 - openevolve.RemoteSpeedupEvaluator - INFO - [level1_78_conv_transposed_2D_asymmetric_input_asymmetric_kernel___padded__] verify_plus request success
2025-08-08 17:32:46,793 - openevolve.RemoteSpeedupEvaluator - INFO - [level1_78_conv_transposed_2D_asymmetric_input_asymmetric_kernel___padded__] verify_plus response: {"id":"level1_78_conv_transposed_2D_asymmetric_input_asymmetric_kernel___padded__","result":{"compiled":true,"correctness":false,"metadata":{"hardware":"NVIDIA L20Y","device":"cuda:5","runtime_error":"Traceback (most recent call last):\n  File \"/cpfs01/shared/llm_kernel/hujiakai/KernelLLM/validation_api_server/helpers/evaluations.py\", line 720, in run_and_check_correctness\n    output_new = model_new(*inputs)\n  File \"/home/lijiaxing/.conda/envs/api/lib/python3.10/site-packages/torch/nn/modules/module.py\", line 1773, in _wrapped_call_impl\n    return self._call_impl(*args, **kwargs)\n  File \"/home/lijiaxing/.conda/envs/api/lib/python3.10/site-packages/torch/nn/modules/module.py\", line 1784, in _call_impl\n    return forward_call(*args, **kwargs)\n  File \"/tmp/tmpnuqejyc1.py\", line 
2025-08-08 17:32:46,793 - openevolve.RemoteSpeedupEvaluator - INFO - [level1_78_conv_transposed_2D_asymmetric_input_asymmetric_kernel___padded__] âœ˜ wrong_answer
2025-08-08 17:32:46,794 - openevolve.evaluator - INFO - Evaluated program ba5e13c6-f470-4618-8b14-9f558cbd9321 in 3.27s: compiled=1.0000, correctness=0.0000, score=10.0000, stage=wrong_answer, verify_payload={'id': 'level1_78_conv_transposed_2D_asymmetric_input_asymmetric_kernel___padded__', 'result': {'compiled': True, 'correctness': False, 'metadata': {'hardware': 'NVIDIA L20Y', 'device': 'cuda:5', 'runtime_error': 'Traceback (most recent call last):\n  File "/cpfs01/shared/llm_kernel/hujiakai/KernelLLM/validation_api_server/helpers/evaluations.py", line 720, in run_and_check_correctness\n    output_new = model_new(*inputs)\n  File "/home/lijiaxing/.conda/envs/api/lib/python3.10/site-packages/torch/nn/modules/module.py", line 1773, in _wrapped_call_impl\n    return self._call_impl(*args, **kwargs)\n  File "/home/lijiaxing/.conda/envs/api/lib/python3.10/site-packages/torch/nn/modules/module.py", line 1784, in _call_impl\n    return forward_call(*args, **kwargs)\n  File "/tmp/tmpnuqejyc1.py", line 38, in forward\n    _conv_transpose2d_kernel[grid](\n  File "/home/lijiaxing/.conda/envs/api/lib/python3.10/site-packages/triton/runtime/jit.py", line 390, in <lambda>\n    return lambda *args, **kwargs: self.run(grid=grid, warmup=False, *args, **kwargs)\n  File "/home/lijiaxing/.conda/envs/api/lib/python3.10/site-packages/triton/runtime/jit.py", line 594, in run\n    kernel = self.compile(src, target=target, options=options.__dict__)\n  File "/home/lijiaxing/.conda/envs/api/lib/python3.10/site-packages/triton/compiler/compiler.py", line 339, in compile\n    module = src.make_ir(options, codegen_fns, module_map, context)\n  File "/home/lijiaxing/.conda/envs/api/lib/python3.10/site-packages/triton/compiler/compiler.py", line 83, in make_ir\n    return ast_to_ttir(self.fn, self, context=context, options=options, codegen_fns=codegen_fns,\ntriton.compiler.errors.CompilationError: at 65:32:\n                # Combined mask\n                mask = valid_mask & in_bounds & h_mask[:, None] & w_mask[None, :]\n\n                # Compute memory offsets\n                x_offset = (batch_idx * x_batch_stride + \n                            c * x_channel_stride + \n                            input_h_int * x_height_stride + \n                            input_w_int * x_width_stride)\n                weight_offset = weight_channel_offset * kernel_h * kernel_w + kh * kernel_w + kw\n\n                # Load input and weight\n                x_val = tl.load(x_ptr + x_offset, mask=mask, other=0.0)\n                                ^\nIncompatibleTypeErrorImpl(\'invalid operands of type pointer<fp32> and triton.language.float32\')\n\n\nThe above exception was the direct cause of the following exception:\n\nTraceback (most recent call last):\n  File "/home/lijiaxing/.conda/envs/api/lib/python3.10/site-packages/triton/language/core.py", line 42, in wrapper\n    return fn(*args, **kwargs)\n  File "/home/lijiaxing/.conda/envs/api/lib/python3.10/site-packages/triton/language/core.py", line 900, in __add__\n    return add(self, other, sanitize_overflow=True, _semantic=_semantic)\n  File "/home/lijiaxing/.conda/envs/api/lib/python3.10/site-packages/triton/language/core.py", line 42, in wrapper\n    return fn(*args, **kwargs)\n  File "/home/lijiaxing/.conda/envs/api/lib/python3.10/site-packages/triton/language/core.py", line 2468, in add\n    return _semantic.add(x, y, sanitize_overflow)\n  File "/home/lijiaxing/.conda/envs/api/lib/python3.10/site-packages/triton/language/semantic.py", line 226, in add\n    input, other = self.binary_op_type_checking_impl(input, other, True, True)\n  File "/home/lijiaxing/.conda/envs/api/lib/python3.10/site-packages/triton/language/semantic.py", line 184, in binary_op_type_checking_impl\n    self.check_ptr_type_impl(lhs_sca_ty, rhs_sca_ty, allow_lhs_ptr)\n  File "/home/lijiaxing/.conda/envs/api/lib/python3.10/site-packages/triton/language/semantic.py", line 167, in check_ptr_type_impl\n    raise IncompatibleTypeErrorImpl(type_a, type_b)\ntriton.language.semantic.IncompatibleTypeErrorImpl: invalid operands of type pointer<fp32> and triton.language.float32\n', 'runtime_error_name': 'triton.compiler.errors.CompilationError', 'reference_timing_ms': 0.0523, 'speed_up': -1.0, 'custom_timing': -1.0}, 'runtime': -1.0, 'runtime_stats': {}}}
2025-08-08 17:32:46,795 - openevolve.database - INFO - New MAP-Elites cell occupied: {'score': 9, 'complexity': 9}
2025-08-08 17:32:46,796 - openevolve.database - INFO - New best program ba5e13c6-f470-4618-8b14-9f558cbd9321 replaces f161f445-64c3-46f0-81b9-8e63782c56df
2025-08-08 17:32:46,798 - openevolve.llm.ensemble - INFO - Sampled model: deepseek
2025-08-08 17:32:46,810 - openevolve.threaded_parallel - INFO - Iteration 1: Program ba5e13c6-f470-4618-8b14-9f558cbd9321 (parent: f161f445-64c3-46f0-81b9-8e63782c56df) completed in 651.66s
2025-08-08 17:32:46,810 - openevolve.threaded_parallel - INFO - Metrics: compiled=1.0000, correctness=0.0000, score=10.0000, stage=wrong_answer, verify_payload={'id': 'level1_78_conv_transposed_2D_asymmetric_input_asymmetric_kernel___padded__', 'result': {'compiled': True, 'correctness': False, 'metadata': {'hardware': 'NVIDIA L20Y', 'device': 'cuda:5', 'runtime_error': 'Traceback (most recent call last):\n  File "/cpfs01/shared/llm_kernel/hujiakai/KernelLLM/validation_api_server/helpers/evaluations.py", line 720, in run_and_check_correctness\n    output_new = model_new(*inputs)\n  File "/home/lijiaxing/.conda/envs/api/lib/python3.10/site-packages/torch/nn/modules/module.py", line 1773, in _wrapped_call_impl\n    return self._call_impl(*args, **kwargs)\n  File "/home/lijiaxing/.conda/envs/api/lib/python3.10/site-packages/torch/nn/modules/module.py", line 1784, in _call_impl\n    return forward_call(*args, **kwargs)\n  File "/tmp/tmpnuqejyc1.py", line 38, in forward\n    _conv_transpose2d_kernel[grid](\n  File "/home/lijiaxing/.conda/envs/api/lib/python3.10/site-packages/triton/runtime/jit.py", line 390, in <lambda>\n    return lambda *args, **kwargs: self.run(grid=grid, warmup=False, *args, **kwargs)\n  File "/home/lijiaxing/.conda/envs/api/lib/python3.10/site-packages/triton/runtime/jit.py", line 594, in run\n    kernel = self.compile(src, target=target, options=options.__dict__)\n  File "/home/lijiaxing/.conda/envs/api/lib/python3.10/site-packages/triton/compiler/compiler.py", line 339, in compile\n    module = src.make_ir(options, codegen_fns, module_map, context)\n  File "/home/lijiaxing/.conda/envs/api/lib/python3.10/site-packages/triton/compiler/compiler.py", line 83, in make_ir\n    return ast_to_ttir(self.fn, self, context=context, options=options, codegen_fns=codegen_fns,\ntriton.compiler.errors.CompilationError: at 65:32:\n                # Combined mask\n                mask = valid_mask & in_bounds & h_mask[:, None] & w_mask[None, :]\n\n                # Compute memory offsets\n                x_offset = (batch_idx * x_batch_stride + \n                            c * x_channel_stride + \n                            input_h_int * x_height_stride + \n                            input_w_int * x_width_stride)\n                weight_offset = weight_channel_offset * kernel_h * kernel_w + kh * kernel_w + kw\n\n                # Load input and weight\n                x_val = tl.load(x_ptr + x_offset, mask=mask, other=0.0)\n                                ^\nIncompatibleTypeErrorImpl(\'invalid operands of type pointer<fp32> and triton.language.float32\')\n\n\nThe above exception was the direct cause of the following exception:\n\nTraceback (most recent call last):\n  File "/home/lijiaxing/.conda/envs/api/lib/python3.10/site-packages/triton/language/core.py", line 42, in wrapper\n    return fn(*args, **kwargs)\n  File "/home/lijiaxing/.conda/envs/api/lib/python3.10/site-packages/triton/language/core.py", line 900, in __add__\n    return add(self, other, sanitize_overflow=True, _semantic=_semantic)\n  File "/home/lijiaxing/.conda/envs/api/lib/python3.10/site-packages/triton/language/core.py", line 42, in wrapper\n    return fn(*args, **kwargs)\n  File "/home/lijiaxing/.conda/envs/api/lib/python3.10/site-packages/triton/language/core.py", line 2468, in add\n    return _semantic.add(x, y, sanitize_overflow)\n  File "/home/lijiaxing/.conda/envs/api/lib/python3.10/site-packages/triton/language/semantic.py", line 226, in add\n    input, other = self.binary_op_type_checking_impl(input, other, True, True)\n  File "/home/lijiaxing/.conda/envs/api/lib/python3.10/site-packages/triton/language/semantic.py", line 184, in binary_op_type_checking_impl\n    self.check_ptr_type_impl(lhs_sca_ty, rhs_sca_ty, allow_lhs_ptr)\n  File "/home/lijiaxing/.conda/envs/api/lib/python3.10/site-packages/triton/language/semantic.py", line 167, in check_ptr_type_impl\n    raise IncompatibleTypeErrorImpl(type_a, type_b)\ntriton.language.semantic.IncompatibleTypeErrorImpl: invalid operands of type pointer<fp32> and triton.language.float32\n', 'runtime_error_name': 'triton.compiler.errors.CompilationError', 'reference_timing_ms': 0.0523, 'speed_up': -1.0, 'custom_timing': -1.0}, 'runtime': -1.0, 'runtime_stats': {}}}
2025-08-08 17:32:46,810 - openevolve.threaded_parallel - INFO - ðŸŒŸ New best solution found at iteration 1: ba5e13c6-f470-4618-8b14-9f558cbd9321
2025-08-08 17:41:40,468 - openevolve.RemoteSpeedupEvaluator - INFO - [level1_78_conv_transposed_2D_asymmetric_input_asymmetric_kernel___padded__] triton key words check pass
2025-08-08 17:41:40,469 - openevolve.RemoteSpeedupEvaluator - INFO - [level1_78_conv_transposed_2D_asymmetric_input_asymmetric_kernel___padded__] verify_plus payload: reference_code(1768 chars) + custom_code(6113 chars)
2025-08-08 17:41:43,771 - openevolve.RemoteSpeedupEvaluator - INFO - [level1_78_conv_transposed_2D_asymmetric_input_asymmetric_kernel___padded__] verify_plus request success
2025-08-08 17:41:43,771 - openevolve.RemoteSpeedupEvaluator - INFO - [level1_78_conv_transposed_2D_asymmetric_input_asymmetric_kernel___padded__] verify_plus response: {"id":"level1_78_conv_transposed_2D_asymmetric_input_asymmetric_kernel___padded__","result":{"compiled":true,"correctness":false,"metadata":{"hardware":"NVIDIA L20Y","device":"cuda:2","runtime_error":"Traceback (most recent call last):\n  File \"/cpfs01/shared/llm_kernel/hujiakai/KernelLLM/validation_api_server/helpers/evaluations.py\", line 720, in run_and_check_correctness\n    output_new = model_new(*inputs)\n  File \"/home/lijiaxing/.conda/envs/api/lib/python3.10/site-packages/torch/nn/modules/module.py\", line 1773, in _wrapped_call_impl\n    return self._call_impl(*args, **kwargs)\n  File \"/home/lijiaxing/.conda/envs/api/lib/python3.10/site-packages/torch/nn/modules/module.py\", line 1784, in _call_impl\n    return forward_call(*args, **kwargs)\n  File \"/tmp/tmpm4qr9wje.py\", line 
2025-08-08 17:41:43,771 - openevolve.RemoteSpeedupEvaluator - INFO - [level1_78_conv_transposed_2D_asymmetric_input_asymmetric_kernel___padded__] âœ˜ wrong_answer
2025-08-08 17:41:43,772 - openevolve.evaluator - INFO - Evaluated program 10284670-6af7-45e6-ba94-52d01bb417e4 in 3.31s: compiled=1.0000, correctness=0.0000, score=10.0000, stage=wrong_answer, verify_payload={'id': 'level1_78_conv_transposed_2D_asymmetric_input_asymmetric_kernel___padded__', 'result': {'compiled': True, 'correctness': False, 'metadata': {'hardware': 'NVIDIA L20Y', 'device': 'cuda:2', 'runtime_error': 'Traceback (most recent call last):\n  File "/cpfs01/shared/llm_kernel/hujiakai/KernelLLM/validation_api_server/helpers/evaluations.py", line 720, in run_and_check_correctness\n    output_new = model_new(*inputs)\n  File "/home/lijiaxing/.conda/envs/api/lib/python3.10/site-packages/torch/nn/modules/module.py", line 1773, in _wrapped_call_impl\n    return self._call_impl(*args, **kwargs)\n  File "/home/lijiaxing/.conda/envs/api/lib/python3.10/site-packages/torch/nn/modules/module.py", line 1784, in _call_impl\n    return forward_call(*args, **kwargs)\n  File "/tmp/tmpm4qr9wje.py", line 38, in forward\n    _conv_transpose2d_kernel[grid](\n  File "/home/lijiaxing/.conda/envs/api/lib/python3.10/site-packages/triton/runtime/jit.py", line 390, in <lambda>\n    return lambda *args, **kwargs: self.run(grid=grid, warmup=False, *args, **kwargs)\n  File "/home/lijiaxing/.conda/envs/api/lib/python3.10/site-packages/triton/runtime/jit.py", line 594, in run\n    kernel = self.compile(src, target=target, options=options.__dict__)\n  File "/home/lijiaxing/.conda/envs/api/lib/python3.10/site-packages/triton/compiler/compiler.py", line 339, in compile\n    module = src.make_ir(options, codegen_fns, module_map, context)\n  File "/home/lijiaxing/.conda/envs/api/lib/python3.10/site-packages/triton/compiler/compiler.py", line 83, in make_ir\n    return ast_to_ttir(self.fn, self, context=context, options=options, codegen_fns=codegen_fns,\ntriton.compiler.errors.CompilationError: at 41:12:\n    iw_min = tl.maximum(ow_start - kernel_w + 1 + pad_w, 0)\n    iw_max = tl.minimum(ow_start + BLOCK_W + pad_w, input_w)\n\n    input_tile_h = ih_max - ih_min\n    input_tile_w = iw_max - iw_min\n\n    acc = tl.zeros((BLOCK_H, BLOCK_W), dtype=tl.float32)\n\n    for c in range(0, in_channels, BLOCK_C):\n        c_remaining = min(BLOCK_C, in_channels - c)\n        for kh in range(kernel_h):\n            for kw in range(kernel_w):\n            ^\nAssertionError("Loop-carried variable acc has initial type <[\'16\', \'16\'], fp32> but is re-assigned to <[\'32\', \'16\', \'16\'], fp32> in loop! Please make sure that the type stays consistent.")\n\n\nThe above exception was the direct cause of the following exception:\n\nAssertionError: Loop-carried variable acc has initial type <[\'16\', \'16\'], fp32> but is re-assigned to <[\'32\', \'16\', \'16\'], fp32> in loop! Please make sure that the type stays consistent.\n', 'runtime_error_name': 'triton.compiler.errors.CompilationError', 'reference_timing_ms': 0.0523, 'speed_up': -1.0, 'custom_timing': -1.0}, 'runtime': -1.0, 'runtime_stats': {}}}
2025-08-08 17:41:43,775 - openevolve.llm.ensemble - INFO - Sampled model: deepseek
2025-08-08 17:41:43,791 - openevolve.threaded_parallel - INFO - Iteration 0: Program 10284670-6af7-45e6-ba94-52d01bb417e4 (parent: f161f445-64c3-46f0-81b9-8e63782c56df) completed in 1188.65s
2025-08-08 17:41:43,792 - openevolve.threaded_parallel - INFO - Metrics: compiled=1.0000, correctness=0.0000, score=10.0000, stage=wrong_answer, verify_payload={'id': 'level1_78_conv_transposed_2D_asymmetric_input_asymmetric_kernel___padded__', 'result': {'compiled': True, 'correctness': False, 'metadata': {'hardware': 'NVIDIA L20Y', 'device': 'cuda:2', 'runtime_error': 'Traceback (most recent call last):\n  File "/cpfs01/shared/llm_kernel/hujiakai/KernelLLM/validation_api_server/helpers/evaluations.py", line 720, in run_and_check_correctness\n    output_new = model_new(*inputs)\n  File "/home/lijiaxing/.conda/envs/api/lib/python3.10/site-packages/torch/nn/modules/module.py", line 1773, in _wrapped_call_impl\n    return self._call_impl(*args, **kwargs)\n  File "/home/lijiaxing/.conda/envs/api/lib/python3.10/site-packages/torch/nn/modules/module.py", line 1784, in _call_impl\n    return forward_call(*args, **kwargs)\n  File "/tmp/tmpm4qr9wje.py", line 38, in forward\n    _conv_transpose2d_kernel[grid](\n  File "/home/lijiaxing/.conda/envs/api/lib/python3.10/site-packages/triton/runtime/jit.py", line 390, in <lambda>\n    return lambda *args, **kwargs: self.run(grid=grid, warmup=False, *args, **kwargs)\n  File "/home/lijiaxing/.conda/envs/api/lib/python3.10/site-packages/triton/runtime/jit.py", line 594, in run\n    kernel = self.compile(src, target=target, options=options.__dict__)\n  File "/home/lijiaxing/.conda/envs/api/lib/python3.10/site-packages/triton/compiler/compiler.py", line 339, in compile\n    module = src.make_ir(options, codegen_fns, module_map, context)\n  File "/home/lijiaxing/.conda/envs/api/lib/python3.10/site-packages/triton/compiler/compiler.py", line 83, in make_ir\n    return ast_to_ttir(self.fn, self, context=context, options=options, codegen_fns=codegen_fns,\ntriton.compiler.errors.CompilationError: at 41:12:\n    iw_min = tl.maximum(ow_start - kernel_w + 1 + pad_w, 0)\n    iw_max = tl.minimum(ow_start + BLOCK_W + pad_w, input_w)\n\n    input_tile_h = ih_max - ih_min\n    input_tile_w = iw_max - iw_min\n\n    acc = tl.zeros((BLOCK_H, BLOCK_W), dtype=tl.float32)\n\n    for c in range(0, in_channels, BLOCK_C):\n        c_remaining = min(BLOCK_C, in_channels - c)\n        for kh in range(kernel_h):\n            for kw in range(kernel_w):\n            ^\nAssertionError("Loop-carried variable acc has initial type <[\'16\', \'16\'], fp32> but is re-assigned to <[\'32\', \'16\', \'16\'], fp32> in loop! Please make sure that the type stays consistent.")\n\n\nThe above exception was the direct cause of the following exception:\n\nAssertionError: Loop-carried variable acc has initial type <[\'16\', \'16\'], fp32> but is re-assigned to <[\'32\', \'16\', \'16\'], fp32> in loop! Please make sure that the type stays consistent.\n', 'runtime_error_name': 'triton.compiler.errors.CompilationError', 'reference_timing_ms': 0.0523, 'speed_up': -1.0, 'custom_timing': -1.0}, 'runtime': -1.0, 'runtime_stats': {}}}
2025-08-08 17:41:43,792 - openevolve.threaded_parallel - INFO - Checkpoint interval reached at iteration 0
2025-08-08 17:41:43,792 - openevolve.database - INFO - Island Status:
2025-08-08 17:41:43,792 - openevolve.database - INFO -  * Island 0: 3 programs, best=10.0000, avg=6.6667, diversity=1006.60, gen=2 (best: ba5e13c6-f470-4618-8b14-9f558cbd9321)
2025-08-08 17:41:43,792 - openevolve.database - INFO -    Island 1: 0 programs, best=0.0000, avg=0.0000, diversity=0.00, gen=0
2025-08-08 17:41:43,792 - openevolve.database - INFO -    Island 2: 0 programs, best=0.0000, avg=0.0000, diversity=0.00, gen=0
2025-08-08 17:41:43,872 - openevolve.database - INFO - Saved database with 3 programs to openevolve_output/level1_78_conv_transposed_2D_asymmetric_input_asymmetric_kernel___padded__/checkpoints/checkpoint_0
2025-08-08 17:41:43,893 - openevolve.controller - INFO - Saved best program at checkpoint 0 with metrics: compiled=1.0000, correctness=0.0000, score=10.0000, stage=wrong_answer, verify_payload={'id': 'level1_78_conv_transposed_2D_asymmetric_input_asymmetric_kernel___padded__', 'result': {'compiled': True, 'correctness': False, 'metadata': {'hardware': 'NVIDIA L20Y', 'device': 'cuda:5', 'runtime_error': 'Traceback (most recent call last):\n  File "/cpfs01/shared/llm_kernel/hujiakai/KernelLLM/validation_api_server/helpers/evaluations.py", line 720, in run_and_check_correctness\n    output_new = model_new(*inputs)\n  File "/home/lijiaxing/.conda/envs/api/lib/python3.10/site-packages/torch/nn/modules/module.py", line 1773, in _wrapped_call_impl\n    return self._call_impl(*args, **kwargs)\n  File "/home/lijiaxing/.conda/envs/api/lib/python3.10/site-packages/torch/nn/modules/module.py", line 1784, in _call_impl\n    return forward_call(*args, **kwargs)\n  File "/tmp/tmpnuqejyc1.py", line 38, in forward\n    _conv_transpose2d_kernel[grid](\n  File "/home/lijiaxing/.conda/envs/api/lib/python3.10/site-packages/triton/runtime/jit.py", line 390, in <lambda>\n    return lambda *args, **kwargs: self.run(grid=grid, warmup=False, *args, **kwargs)\n  File "/home/lijiaxing/.conda/envs/api/lib/python3.10/site-packages/triton/runtime/jit.py", line 594, in run\n    kernel = self.compile(src, target=target, options=options.__dict__)\n  File "/home/lijiaxing/.conda/envs/api/lib/python3.10/site-packages/triton/compiler/compiler.py", line 339, in compile\n    module = src.make_ir(options, codegen_fns, module_map, context)\n  File "/home/lijiaxing/.conda/envs/api/lib/python3.10/site-packages/triton/compiler/compiler.py", line 83, in make_ir\n    return ast_to_ttir(self.fn, self, context=context, options=options, codegen_fns=codegen_fns,\ntriton.compiler.errors.CompilationError: at 65:32:\n                # Combined mask\n                mask = valid_mask & in_bounds & h_mask[:, None] & w_mask[None, :]\n\n                # Compute memory offsets\n                x_offset = (batch_idx * x_batch_stride + \n                            c * x_channel_stride + \n                            input_h_int * x_height_stride + \n                            input_w_int * x_width_stride)\n                weight_offset = weight_channel_offset * kernel_h * kernel_w + kh * kernel_w + kw\n\n                # Load input and weight\n                x_val = tl.load(x_ptr + x_offset, mask=mask, other=0.0)\n                                ^\nIncompatibleTypeErrorImpl(\'invalid operands of type pointer<fp32> and triton.language.float32\')\n\n\nThe above exception was the direct cause of the following exception:\n\nTraceback (most recent call last):\n  File "/home/lijiaxing/.conda/envs/api/lib/python3.10/site-packages/triton/language/core.py", line 42, in wrapper\n    return fn(*args, **kwargs)\n  File "/home/lijiaxing/.conda/envs/api/lib/python3.10/site-packages/triton/language/core.py", line 900, in __add__\n    return add(self, other, sanitize_overflow=True, _semantic=_semantic)\n  File "/home/lijiaxing/.conda/envs/api/lib/python3.10/site-packages/triton/language/core.py", line 42, in wrapper\n    return fn(*args, **kwargs)\n  File "/home/lijiaxing/.conda/envs/api/lib/python3.10/site-packages/triton/language/core.py", line 2468, in add\n    return _semantic.add(x, y, sanitize_overflow)\n  File "/home/lijiaxing/.conda/envs/api/lib/python3.10/site-packages/triton/language/semantic.py", line 226, in add\n    input, other = self.binary_op_type_checking_impl(input, other, True, True)\n  File "/home/lijiaxing/.conda/envs/api/lib/python3.10/site-packages/triton/language/semantic.py", line 184, in binary_op_type_checking_impl\n    self.check_ptr_type_impl(lhs_sca_ty, rhs_sca_ty, allow_lhs_ptr)\n  File "/home/lijiaxing/.conda/envs/api/lib/python3.10/site-packages/triton/language/semantic.py", line 167, in check_ptr_type_impl\n    raise IncompatibleTypeErrorImpl(type_a, type_b)\ntriton.language.semantic.IncompatibleTypeErrorImpl: invalid operands of type pointer<fp32> and triton.language.float32\n', 'runtime_error_name': 'triton.compiler.errors.CompilationError', 'reference_timing_ms': 0.0523, 'speed_up': -1.0, 'custom_timing': -1.0}, 'runtime': -1.0, 'runtime_stats': {}}}
2025-08-08 17:41:43,893 - openevolve.controller - INFO - Saved checkpoint at iteration 0 to openevolve_output/level1_78_conv_transposed_2D_asymmetric_input_asymmetric_kernel___padded__/checkpoints/checkpoint_0
2025-08-08 17:42:00,582 - openevolve.RemoteSpeedupEvaluator - INFO - [level1_78_conv_transposed_2D_asymmetric_input_asymmetric_kernel___padded__] triton key words check pass
2025-08-08 17:42:00,582 - openevolve.RemoteSpeedupEvaluator - INFO - [level1_78_conv_transposed_2D_asymmetric_input_asymmetric_kernel___padded__] verify_plus payload: reference_code(1768 chars) + custom_code(6686 chars)
2025-08-08 17:42:03,633 - openevolve.RemoteSpeedupEvaluator - INFO - [level1_78_conv_transposed_2D_asymmetric_input_asymmetric_kernel___padded__] verify_plus request success
2025-08-08 17:42:03,633 - openevolve.RemoteSpeedupEvaluator - INFO - [level1_78_conv_transposed_2D_asymmetric_input_asymmetric_kernel___padded__] verify_plus response: {"id":"level1_78_conv_transposed_2D_asymmetric_input_asymmetric_kernel___padded__","result":{"compiled":true,"correctness":false,"metadata":{"hardware":"NVIDIA L20Y","device":"cuda:4","runtime_error":"Traceback (most recent call last):\n  File \"/home/lijiaxing/.conda/envs/api/lib/python3.10/site-packages/triton/language/core.py\", line 42, in wrapper\n    return fn(*args, **kwargs)\n  File \"/home/lijiaxing/.conda/envs/api/lib/python3.10/site-packages/triton/language/core.py\", line 1630, in program_id\n    return _semantic.program_id(axis)\n  File \"/home/lijiaxing/.conda/envs/api/lib/python3.10/site-packages/triton/language/semantic.py\", line 40, in program_id\n    raise ValueError(f\"program_id axis must be 0, 1, or 2 but got {axis}\")\nValueError: program_id axis must be 0, 1, or 2 b
2025-08-08 17:42:03,634 - openevolve.RemoteSpeedupEvaluator - INFO - [level1_78_conv_transposed_2D_asymmetric_input_asymmetric_kernel___padded__] âœ˜ wrong_answer
2025-08-08 17:42:03,634 - openevolve.evaluator - INFO - Evaluated program d8011854-1052-4a74-89ea-d65ebd642c96 in 3.05s: compiled=1.0000, correctness=0.0000, score=10.0000, stage=wrong_answer, verify_payload={'id': 'level1_78_conv_transposed_2D_asymmetric_input_asymmetric_kernel___padded__', 'result': {'compiled': True, 'correctness': False, 'metadata': {'hardware': 'NVIDIA L20Y', 'device': 'cuda:4', 'runtime_error': 'Traceback (most recent call last):\n  File "/home/lijiaxing/.conda/envs/api/lib/python3.10/site-packages/triton/language/core.py", line 42, in wrapper\n    return fn(*args, **kwargs)\n  File "/home/lijiaxing/.conda/envs/api/lib/python3.10/site-packages/triton/language/core.py", line 1630, in program_id\n    return _semantic.program_id(axis)\n  File "/home/lijiaxing/.conda/envs/api/lib/python3.10/site-packages/triton/language/semantic.py", line 40, in program_id\n    raise ValueError(f"program_id axis must be 0, 1, or 2 but got {axis}")\nValueError: program_id axis must be 0, 1, or 2 but got 3\n\nThe above exception was the direct cause of the following exception:\n\nTraceback (most recent call last):\n  File "/cpfs01/shared/llm_kernel/hujiakai/KernelLLM/validation_api_server/helpers/evaluations.py", line 720, in run_and_check_correctness\n    output_new = model_new(*inputs)\n  File "/home/lijiaxing/.conda/envs/api/lib/python3.10/site-packages/torch/nn/modules/module.py", line 1773, in _wrapped_call_impl\n    return self._call_impl(*args, **kwargs)\n  File "/home/lijiaxing/.conda/envs/api/lib/python3.10/site-packages/torch/nn/modules/module.py", line 1784, in _call_impl\n    return forward_call(*args, **kwargs)\n  File "/tmp/tmpkl1wtihm.py", line 181, in forward\n    _conv_transpose2d_kernel[grid](\n  File "/home/lijiaxing/.conda/envs/api/lib/python3.10/site-packages/triton/runtime/jit.py", line 390, in <lambda>\n    return lambda *args, **kwargs: self.run(grid=grid, warmup=False, *args, **kwargs)\n  File "/home/lijiaxing/.conda/envs/api/lib/python3.10/site-packages/triton/runtime/jit.py", line 594, in run\n    kernel = self.compile(src, target=target, options=options.__dict__)\n  File "/home/lijiaxing/.conda/envs/api/lib/python3.10/site-packages/triton/compiler/compiler.py", line 339, in compile\n    module = src.make_ir(options, codegen_fns, module_map, context)\n  File "/home/lijiaxing/.conda/envs/api/lib/python3.10/site-packages/triton/compiler/compiler.py", line 83, in make_ir\n    return ast_to_ttir(self.fn, self, context=context, options=options, codegen_fns=codegen_fns,\ntriton.compiler.errors.CompilationError: at 42:13:\n    output_out_channel_stride,\n    output_height_stride,\n    output_width_stride,\n    # Constants\n    HAS_BIAS: tl.constexpr,\n    BLOCK_SIZE: tl.constexpr,\n):\n    # Extract program IDs\n    pid_b = tl.program_id(0)\n    pid_oc = tl.program_id(1)\n    pid_oh = tl.program_id(2)\n    pid_ow = tl.program_id(3)\n             ^\n\n\nThe above exception was the direct cause of the following exception:\n\nTraceback (most recent call last):\n  File "/home/lijiaxing/.conda/envs/api/lib/python3.10/site-packages/triton/language/core.py", line 42, in wrapper\n    return fn(*args, **kwargs)\n  File "/home/lijiaxing/.conda/envs/api/lib/python3.10/site-packages/triton/language/core.py", line 1630, in program_id\n    return _semantic.program_id(axis)\n  File "/home/lijiaxing/.conda/envs/api/lib/python3.10/site-packages/triton/language/semantic.py", line 40, in program_id\n    raise ValueError(f"program_id axis must be 0, 1, or 2 but got {axis}")\nValueError: program_id axis must be 0, 1, or 2 but got 3\n', 'runtime_error_name': 'triton.compiler.errors.CompilationError', 'reference_timing_ms': 0.0523, 'speed_up': -1.0, 'custom_timing': -1.0}, 'runtime': -1.0, 'runtime_stats': {}}}
2025-08-08 17:42:03,637 - openevolve.llm.ensemble - INFO - Sampled model: deepseek
2025-08-08 17:42:03,650 - openevolve.threaded_parallel - INFO - Iteration 2: Program d8011854-1052-4a74-89ea-d65ebd642c96 (parent: f161f445-64c3-46f0-81b9-8e63782c56df) completed in 1208.52s
2025-08-08 17:42:03,650 - openevolve.threaded_parallel - INFO - Metrics: compiled=1.0000, correctness=0.0000, score=10.0000, stage=wrong_answer, verify_payload={'id': 'level1_78_conv_transposed_2D_asymmetric_input_asymmetric_kernel___padded__', 'result': {'compiled': True, 'correctness': False, 'metadata': {'hardware': 'NVIDIA L20Y', 'device': 'cuda:4', 'runtime_error': 'Traceback (most recent call last):\n  File "/home/lijiaxing/.conda/envs/api/lib/python3.10/site-packages/triton/language/core.py", line 42, in wrapper\n    return fn(*args, **kwargs)\n  File "/home/lijiaxing/.conda/envs/api/lib/python3.10/site-packages/triton/language/core.py", line 1630, in program_id\n    return _semantic.program_id(axis)\n  File "/home/lijiaxing/.conda/envs/api/lib/python3.10/site-packages/triton/language/semantic.py", line 40, in program_id\n    raise ValueError(f"program_id axis must be 0, 1, or 2 but got {axis}")\nValueError: program_id axis must be 0, 1, or 2 but got 3\n\nThe above exception was the direct cause of the following exception:\n\nTraceback (most recent call last):\n  File "/cpfs01/shared/llm_kernel/hujiakai/KernelLLM/validation_api_server/helpers/evaluations.py", line 720, in run_and_check_correctness\n    output_new = model_new(*inputs)\n  File "/home/lijiaxing/.conda/envs/api/lib/python3.10/site-packages/torch/nn/modules/module.py", line 1773, in _wrapped_call_impl\n    return self._call_impl(*args, **kwargs)\n  File "/home/lijiaxing/.conda/envs/api/lib/python3.10/site-packages/torch/nn/modules/module.py", line 1784, in _call_impl\n    return forward_call(*args, **kwargs)\n  File "/tmp/tmpkl1wtihm.py", line 181, in forward\n    _conv_transpose2d_kernel[grid](\n  File "/home/lijiaxing/.conda/envs/api/lib/python3.10/site-packages/triton/runtime/jit.py", line 390, in <lambda>\n    return lambda *args, **kwargs: self.run(grid=grid, warmup=False, *args, **kwargs)\n  File "/home/lijiaxing/.conda/envs/api/lib/python3.10/site-packages/triton/runtime/jit.py", line 594, in run\n    kernel = self.compile(src, target=target, options=options.__dict__)\n  File "/home/lijiaxing/.conda/envs/api/lib/python3.10/site-packages/triton/compiler/compiler.py", line 339, in compile\n    module = src.make_ir(options, codegen_fns, module_map, context)\n  File "/home/lijiaxing/.conda/envs/api/lib/python3.10/site-packages/triton/compiler/compiler.py", line 83, in make_ir\n    return ast_to_ttir(self.fn, self, context=context, options=options, codegen_fns=codegen_fns,\ntriton.compiler.errors.CompilationError: at 42:13:\n    output_out_channel_stride,\n    output_height_stride,\n    output_width_stride,\n    # Constants\n    HAS_BIAS: tl.constexpr,\n    BLOCK_SIZE: tl.constexpr,\n):\n    # Extract program IDs\n    pid_b = tl.program_id(0)\n    pid_oc = tl.program_id(1)\n    pid_oh = tl.program_id(2)\n    pid_ow = tl.program_id(3)\n             ^\n\n\nThe above exception was the direct cause of the following exception:\n\nTraceback (most recent call last):\n  File "/home/lijiaxing/.conda/envs/api/lib/python3.10/site-packages/triton/language/core.py", line 42, in wrapper\n    return fn(*args, **kwargs)\n  File "/home/lijiaxing/.conda/envs/api/lib/python3.10/site-packages/triton/language/core.py", line 1630, in program_id\n    return _semantic.program_id(axis)\n  File "/home/lijiaxing/.conda/envs/api/lib/python3.10/site-packages/triton/language/semantic.py", line 40, in program_id\n    raise ValueError(f"program_id axis must be 0, 1, or 2 but got {axis}")\nValueError: program_id axis must be 0, 1, or 2 but got 3\n', 'runtime_error_name': 'triton.compiler.errors.CompilationError', 'reference_timing_ms': 0.0523, 'speed_up': -1.0, 'custom_timing': -1.0}, 'runtime': -1.0, 'runtime_stats': {}}}
2025-08-08 17:45:54,661 - openevolve.RemoteSpeedupEvaluator - INFO - [level1_78_conv_transposed_2D_asymmetric_input_asymmetric_kernel___padded__] triton key words check pass
2025-08-08 17:45:54,663 - openevolve.RemoteSpeedupEvaluator - INFO - [level1_78_conv_transposed_2D_asymmetric_input_asymmetric_kernel___padded__] verify_plus payload: reference_code(1768 chars) + custom_code(4749 chars)
2025-08-08 17:45:58,536 - openevolve.RemoteSpeedupEvaluator - INFO - [level1_78_conv_transposed_2D_asymmetric_input_asymmetric_kernel___padded__] verify_plus request success
2025-08-08 17:45:58,536 - openevolve.RemoteSpeedupEvaluator - INFO - [level1_78_conv_transposed_2D_asymmetric_input_asymmetric_kernel___padded__] verify_plus response: {"id":"level1_78_conv_transposed_2D_asymmetric_input_asymmetric_kernel___padded__","result":{"compiled":true,"correctness":false,"metadata":{"hardware":"NVIDIA L20Y","device":"cuda:2","max_difference":["4.083898","3.795230","3.883725","3.871067","4.765513"],"avg_difference":["0.559929","0.559815","0.559532","0.559867","0.560107"],"correctness_issue":"Output mismatch","correctness_trials":"(0 / 5)","reference_timing_ms":0.0523,"speed_up":-1.0,"custom_timing":-1.0},"runtime":-1.0,"runtime_stats":{}}}
2025-08-08 17:45:58,536 - openevolve.RemoteSpeedupEvaluator - INFO - [level1_78_conv_transposed_2D_asymmetric_input_asymmetric_kernel___padded__] âœ˜ wrong_answer
2025-08-08 17:45:58,536 - openevolve.evaluator - INFO - Evaluated program 6c526147-9960-4876-b90c-7856fed41a6f in 3.88s: compiled=1.0000, correctness=0.0000, score=10.0000, stage=wrong_answer, verify_payload={'id': 'level1_78_conv_transposed_2D_asymmetric_input_asymmetric_kernel___padded__', 'result': {'compiled': True, 'correctness': False, 'metadata': {'hardware': 'NVIDIA L20Y', 'device': 'cuda:2', 'max_difference': ['4.083898', '3.795230', '3.883725', '3.871067', '4.765513'], 'avg_difference': ['0.559929', '0.559815', '0.559532', '0.559867', '0.560107'], 'correctness_issue': 'Output mismatch', 'correctness_trials': '(0 / 5)', 'reference_timing_ms': 0.0523, 'speed_up': -1.0, 'custom_timing': -1.0}, 'runtime': -1.0, 'runtime_stats': {}}}
2025-08-08 17:45:58,540 - openevolve.llm.ensemble - INFO - Sampled model: deepseek
2025-08-08 17:45:58,544 - openevolve.database - INFO - New MAP-Elites cell occupied: {'score': 9, 'complexity': 5}
2025-08-08 17:45:58,556 - openevolve.threaded_parallel - INFO - Iteration 3: Program 6c526147-9960-4876-b90c-7856fed41a6f (parent: f161f445-64c3-46f0-81b9-8e63782c56df) completed in 791.74s
2025-08-08 17:45:58,557 - openevolve.threaded_parallel - INFO - Metrics: compiled=1.0000, correctness=0.0000, score=10.0000, stage=wrong_answer, verify_payload={'id': 'level1_78_conv_transposed_2D_asymmetric_input_asymmetric_kernel___padded__', 'result': {'compiled': True, 'correctness': False, 'metadata': {'hardware': 'NVIDIA L20Y', 'device': 'cuda:2', 'max_difference': ['4.083898', '3.795230', '3.883725', '3.871067', '4.765513'], 'avg_difference': ['0.559929', '0.559815', '0.559532', '0.559867', '0.560107'], 'correctness_issue': 'Output mismatch', 'correctness_trials': '(0 / 5)', 'reference_timing_ms': 0.0523, 'speed_up': -1.0, 'custom_timing': -1.0}, 'runtime': -1.0, 'runtime_stats': {}}}
2025-08-08 17:45:58,557 - openevolve.threaded_parallel - INFO - Checkpoint interval reached at iteration 3
2025-08-08 17:45:58,557 - openevolve.database - INFO - Island Status:
2025-08-08 17:45:58,558 - openevolve.database - INFO -    Island 0: 4 programs, best=10.0000, avg=7.5000, diversity=1175.37, gen=2 (best: ba5e13c6-f470-4618-8b14-9f558cbd9321)
2025-08-08 17:45:58,558 - openevolve.database - INFO -    Island 1: 2 programs, best=10.0000, avg=10.0000, diversity=314.30, gen=1 (best: 6c526147-9960-4876-b90c-7856fed41a6f)
2025-08-08 17:45:58,558 - openevolve.database - INFO -  * Island 2: 0 programs, best=0.0000, avg=0.0000, diversity=0.00, gen=1
2025-08-08 17:45:58,622 - openevolve.database - INFO - Saved database with 5 programs to openevolve_output/level1_78_conv_transposed_2D_asymmetric_input_asymmetric_kernel___padded__/checkpoints/checkpoint_3
2025-08-08 17:45:58,643 - openevolve.controller - INFO - Saved best program at checkpoint 3 with metrics: compiled=1.0000, correctness=0.0000, score=10.0000, stage=wrong_answer, verify_payload={'id': 'level1_78_conv_transposed_2D_asymmetric_input_asymmetric_kernel___padded__', 'result': {'compiled': True, 'correctness': False, 'metadata': {'hardware': 'NVIDIA L20Y', 'device': 'cuda:5', 'runtime_error': 'Traceback (most recent call last):\n  File "/cpfs01/shared/llm_kernel/hujiakai/KernelLLM/validation_api_server/helpers/evaluations.py", line 720, in run_and_check_correctness\n    output_new = model_new(*inputs)\n  File "/home/lijiaxing/.conda/envs/api/lib/python3.10/site-packages/torch/nn/modules/module.py", line 1773, in _wrapped_call_impl\n    return self._call_impl(*args, **kwargs)\n  File "/home/lijiaxing/.conda/envs/api/lib/python3.10/site-packages/torch/nn/modules/module.py", line 1784, in _call_impl\n    return forward_call(*args, **kwargs)\n  File "/tmp/tmpnuqejyc1.py", line 38, in forward\n    _conv_transpose2d_kernel[grid](\n  File "/home/lijiaxing/.conda/envs/api/lib/python3.10/site-packages/triton/runtime/jit.py", line 390, in <lambda>\n    return lambda *args, **kwargs: self.run(grid=grid, warmup=False, *args, **kwargs)\n  File "/home/lijiaxing/.conda/envs/api/lib/python3.10/site-packages/triton/runtime/jit.py", line 594, in run\n    kernel = self.compile(src, target=target, options=options.__dict__)\n  File "/home/lijiaxing/.conda/envs/api/lib/python3.10/site-packages/triton/compiler/compiler.py", line 339, in compile\n    module = src.make_ir(options, codegen_fns, module_map, context)\n  File "/home/lijiaxing/.conda/envs/api/lib/python3.10/site-packages/triton/compiler/compiler.py", line 83, in make_ir\n    return ast_to_ttir(self.fn, self, context=context, options=options, codegen_fns=codegen_fns,\ntriton.compiler.errors.CompilationError: at 65:32:\n                # Combined mask\n                mask = valid_mask & in_bounds & h_mask[:, None] & w_mask[None, :]\n\n                # Compute memory offsets\n                x_offset = (batch_idx * x_batch_stride + \n                            c * x_channel_stride + \n                            input_h_int * x_height_stride + \n                            input_w_int * x_width_stride)\n                weight_offset = weight_channel_offset * kernel_h * kernel_w + kh * kernel_w + kw\n\n                # Load input and weight\n                x_val = tl.load(x_ptr + x_offset, mask=mask, other=0.0)\n                                ^\nIncompatibleTypeErrorImpl(\'invalid operands of type pointer<fp32> and triton.language.float32\')\n\n\nThe above exception was the direct cause of the following exception:\n\nTraceback (most recent call last):\n  File "/home/lijiaxing/.conda/envs/api/lib/python3.10/site-packages/triton/language/core.py", line 42, in wrapper\n    return fn(*args, **kwargs)\n  File "/home/lijiaxing/.conda/envs/api/lib/python3.10/site-packages/triton/language/core.py", line 900, in __add__\n    return add(self, other, sanitize_overflow=True, _semantic=_semantic)\n  File "/home/lijiaxing/.conda/envs/api/lib/python3.10/site-packages/triton/language/core.py", line 42, in wrapper\n    return fn(*args, **kwargs)\n  File "/home/lijiaxing/.conda/envs/api/lib/python3.10/site-packages/triton/language/core.py", line 2468, in add\n    return _semantic.add(x, y, sanitize_overflow)\n  File "/home/lijiaxing/.conda/envs/api/lib/python3.10/site-packages/triton/language/semantic.py", line 226, in add\n    input, other = self.binary_op_type_checking_impl(input, other, True, True)\n  File "/home/lijiaxing/.conda/envs/api/lib/python3.10/site-packages/triton/language/semantic.py", line 184, in binary_op_type_checking_impl\n    self.check_ptr_type_impl(lhs_sca_ty, rhs_sca_ty, allow_lhs_ptr)\n  File "/home/lijiaxing/.conda/envs/api/lib/python3.10/site-packages/triton/language/semantic.py", line 167, in check_ptr_type_impl\n    raise IncompatibleTypeErrorImpl(type_a, type_b)\ntriton.language.semantic.IncompatibleTypeErrorImpl: invalid operands of type pointer<fp32> and triton.language.float32\n', 'runtime_error_name': 'triton.compiler.errors.CompilationError', 'reference_timing_ms': 0.0523, 'speed_up': -1.0, 'custom_timing': -1.0}, 'runtime': -1.0, 'runtime_stats': {}}}
2025-08-08 17:45:58,643 - openevolve.controller - INFO - Saved checkpoint at iteration 3 to openevolve_output/level1_78_conv_transposed_2D_asymmetric_input_asymmetric_kernel___padded__/checkpoints/checkpoint_3
2025-08-08 17:48:56,192 - openevolve.RemoteSpeedupEvaluator - INFO - [level1_78_conv_transposed_2D_asymmetric_input_asymmetric_kernel___padded__] triton key words check pass
2025-08-08 17:48:56,193 - openevolve.RemoteSpeedupEvaluator - INFO - [level1_78_conv_transposed_2D_asymmetric_input_asymmetric_kernel___padded__] verify_plus payload: reference_code(1768 chars) + custom_code(5908 chars)
2025-08-08 17:48:59,314 - openevolve.RemoteSpeedupEvaluator - INFO - [level1_78_conv_transposed_2D_asymmetric_input_asymmetric_kernel___padded__] verify_plus request success
2025-08-08 17:48:59,315 - openevolve.RemoteSpeedupEvaluator - INFO - [level1_78_conv_transposed_2D_asymmetric_input_asymmetric_kernel___padded__] verify_plus response: {"id":"level1_78_conv_transposed_2D_asymmetric_input_asymmetric_kernel___padded__","result":{"compiled":true,"correctness":false,"metadata":{"hardware":"NVIDIA L20Y","device":"cuda:0","runtime_error":"Traceback (most recent call last):\n  File \"/home/lijiaxing/.conda/envs/api/lib/python3.10/site-packages/triton/language/core.py\", line 42, in wrapper\n    return fn(*args, **kwargs)\n  File \"/home/lijiaxing/.conda/envs/api/lib/python3.10/site-packages/triton/language/core.py\", line 1654, in arange\n    return _semantic.arange(start, end)\n  File \"/home/lijiaxing/.conda/envs/api/lib/python3.10/site-packages/triton/language/semantic.py\", line 574, in arange\n    raise ValueError(\"arange's arguments must be of type tl.constexpr\")\nValueError: arange's arguments must be of type tl.conste
2025-08-08 17:48:59,315 - openevolve.RemoteSpeedupEvaluator - INFO - [level1_78_conv_transposed_2D_asymmetric_input_asymmetric_kernel___padded__] âœ˜ wrong_answer
2025-08-08 17:48:59,315 - openevolve.evaluator - INFO - Evaluated program ed2e1326-cbe7-4b88-ba1b-436f3b197d97 in 3.12s: compiled=1.0000, correctness=0.0000, score=10.0000, stage=wrong_answer, verify_payload={'id': 'level1_78_conv_transposed_2D_asymmetric_input_asymmetric_kernel___padded__', 'result': {'compiled': True, 'correctness': False, 'metadata': {'hardware': 'NVIDIA L20Y', 'device': 'cuda:0', 'runtime_error': 'Traceback (most recent call last):\n  File "/home/lijiaxing/.conda/envs/api/lib/python3.10/site-packages/triton/language/core.py", line 42, in wrapper\n    return fn(*args, **kwargs)\n  File "/home/lijiaxing/.conda/envs/api/lib/python3.10/site-packages/triton/language/core.py", line 1654, in arange\n    return _semantic.arange(start, end)\n  File "/home/lijiaxing/.conda/envs/api/lib/python3.10/site-packages/triton/language/semantic.py", line 574, in arange\n    raise ValueError("arange\'s arguments must be of type tl.constexpr")\nValueError: arange\'s arguments must be of type tl.constexpr\n\nThe above exception was the direct cause of the following exception:\n\nTraceback (most recent call last):\n  File "/cpfs01/shared/llm_kernel/hujiakai/KernelLLM/validation_api_server/helpers/evaluations.py", line 720, in run_and_check_correctness\n    output_new = model_new(*inputs)\n  File "/home/lijiaxing/.conda/envs/api/lib/python3.10/site-packages/torch/nn/modules/module.py", line 1773, in _wrapped_call_impl\n    return self._call_impl(*args, **kwargs)\n  File "/home/lijiaxing/.conda/envs/api/lib/python3.10/site-packages/torch/nn/modules/module.py", line 1784, in _call_impl\n    return forward_call(*args, **kwargs)\n  File "/tmp/tmpo2ppnjbn.py", line 36, in forward\n    _conv_transpose2d_kernel[grid](\n  File "/home/lijiaxing/.conda/envs/api/lib/python3.10/site-packages/triton/runtime/jit.py", line 390, in <lambda>\n    return lambda *args, **kwargs: self.run(grid=grid, warmup=False, *args, **kwargs)\n  File "/home/lijiaxing/.conda/envs/api/lib/python3.10/site-packages/triton/runtime/jit.py", line 594, in run\n    kernel = self.compile(src, target=target, options=options.__dict__)\n  File "/home/lijiaxing/.conda/envs/api/lib/python3.10/site-packages/triton/compiler/compiler.py", line 339, in compile\n    module = src.make_ir(options, codegen_fns, module_map, context)\n  File "/home/lijiaxing/.conda/envs/api/lib/python3.10/site-packages/triton/compiler/compiler.py", line 83, in make_ir\n    return ast_to_ttir(self.fn, self, context=context, options=options, codegen_fns=codegen_fns,\ntriton.compiler.errors.CompilationError: at 28:30:\n    num_blocks = num_blocks_h * num_blocks_w\n\n    # Compute indices\n    channel_idx = pid % out_channels\n    batch_idx = (pid // out_channels) % batch_size\n    block_idx = pid // (out_channels * batch_size)\n\n    block_h_idx = (block_idx // num_blocks_w) * BLOCK_H\n    block_w_idx = (block_idx % num_blocks_w) * BLOCK_W\n\n    # Offsets for current block\n    h_offsets = block_h_idx + tl.arange(0, BLOCK_H)\n                              ^\n\n\nThe above exception was the direct cause of the following exception:\n\nTraceback (most recent call last):\n  File "/home/lijiaxing/.conda/envs/api/lib/python3.10/site-packages/triton/language/core.py", line 42, in wrapper\n    return fn(*args, **kwargs)\n  File "/home/lijiaxing/.conda/envs/api/lib/python3.10/site-packages/triton/language/core.py", line 1654, in arange\n    return _semantic.arange(start, end)\n  File "/home/lijiaxing/.conda/envs/api/lib/python3.10/site-packages/triton/language/semantic.py", line 574, in arange\n    raise ValueError("arange\'s arguments must be of type tl.constexpr")\nValueError: arange\'s arguments must be of type tl.constexpr\n', 'runtime_error_name': 'triton.compiler.errors.CompilationError', 'reference_timing_ms': 0.0523, 'speed_up': -1.0, 'custom_timing': -1.0}, 'runtime': -1.0, 'runtime_stats': {}}}
2025-08-08 17:48:59,319 - openevolve.llm.ensemble - INFO - Sampled model: deepseek
2025-08-08 17:48:59,326 - openevolve.database - INFO - New MAP-Elites cell occupied: {'score': 9, 'complexity': 8}
2025-08-08 17:48:59,337 - openevolve.threaded_parallel - INFO - Iteration 4: Program ed2e1326-cbe7-4b88-ba1b-436f3b197d97 (parent: f161f445-64c3-46f0-81b9-8e63782c56df) completed in 435.54s
2025-08-08 17:48:59,338 - openevolve.threaded_parallel - INFO - Metrics: compiled=1.0000, correctness=0.0000, score=10.0000, stage=wrong_answer, verify_payload={'id': 'level1_78_conv_transposed_2D_asymmetric_input_asymmetric_kernel___padded__', 'result': {'compiled': True, 'correctness': False, 'metadata': {'hardware': 'NVIDIA L20Y', 'device': 'cuda:0', 'runtime_error': 'Traceback (most recent call last):\n  File "/home/lijiaxing/.conda/envs/api/lib/python3.10/site-packages/triton/language/core.py", line 42, in wrapper\n    return fn(*args, **kwargs)\n  File "/home/lijiaxing/.conda/envs/api/lib/python3.10/site-packages/triton/language/core.py", line 1654, in arange\n    return _semantic.arange(start, end)\n  File "/home/lijiaxing/.conda/envs/api/lib/python3.10/site-packages/triton/language/semantic.py", line 574, in arange\n    raise ValueError("arange\'s arguments must be of type tl.constexpr")\nValueError: arange\'s arguments must be of type tl.constexpr\n\nThe above exception was the direct cause of the following exception:\n\nTraceback (most recent call last):\n  File "/cpfs01/shared/llm_kernel/hujiakai/KernelLLM/validation_api_server/helpers/evaluations.py", line 720, in run_and_check_correctness\n    output_new = model_new(*inputs)\n  File "/home/lijiaxing/.conda/envs/api/lib/python3.10/site-packages/torch/nn/modules/module.py", line 1773, in _wrapped_call_impl\n    return self._call_impl(*args, **kwargs)\n  File "/home/lijiaxing/.conda/envs/api/lib/python3.10/site-packages/torch/nn/modules/module.py", line 1784, in _call_impl\n    return forward_call(*args, **kwargs)\n  File "/tmp/tmpo2ppnjbn.py", line 36, in forward\n    _conv_transpose2d_kernel[grid](\n  File "/home/lijiaxing/.conda/envs/api/lib/python3.10/site-packages/triton/runtime/jit.py", line 390, in <lambda>\n    return lambda *args, **kwargs: self.run(grid=grid, warmup=False, *args, **kwargs)\n  File "/home/lijiaxing/.conda/envs/api/lib/python3.10/site-packages/triton/runtime/jit.py", line 594, in run\n    kernel = self.compile(src, target=target, options=options.__dict__)\n  File "/home/lijiaxing/.conda/envs/api/lib/python3.10/site-packages/triton/compiler/compiler.py", line 339, in compile\n    module = src.make_ir(options, codegen_fns, module_map, context)\n  File "/home/lijiaxing/.conda/envs/api/lib/python3.10/site-packages/triton/compiler/compiler.py", line 83, in make_ir\n    return ast_to_ttir(self.fn, self, context=context, options=options, codegen_fns=codegen_fns,\ntriton.compiler.errors.CompilationError: at 28:30:\n    num_blocks = num_blocks_h * num_blocks_w\n\n    # Compute indices\n    channel_idx = pid % out_channels\n    batch_idx = (pid // out_channels) % batch_size\n    block_idx = pid // (out_channels * batch_size)\n\n    block_h_idx = (block_idx // num_blocks_w) * BLOCK_H\n    block_w_idx = (block_idx % num_blocks_w) * BLOCK_W\n\n    # Offsets for current block\n    h_offsets = block_h_idx + tl.arange(0, BLOCK_H)\n                              ^\n\n\nThe above exception was the direct cause of the following exception:\n\nTraceback (most recent call last):\n  File "/home/lijiaxing/.conda/envs/api/lib/python3.10/site-packages/triton/language/core.py", line 42, in wrapper\n    return fn(*args, **kwargs)\n  File "/home/lijiaxing/.conda/envs/api/lib/python3.10/site-packages/triton/language/core.py", line 1654, in arange\n    return _semantic.arange(start, end)\n  File "/home/lijiaxing/.conda/envs/api/lib/python3.10/site-packages/triton/language/semantic.py", line 574, in arange\n    raise ValueError("arange\'s arguments must be of type tl.constexpr")\nValueError: arange\'s arguments must be of type tl.constexpr\n', 'runtime_error_name': 'triton.compiler.errors.CompilationError', 'reference_timing_ms': 0.0523, 'speed_up': -1.0, 'custom_timing': -1.0}, 'runtime': -1.0, 'runtime_stats': {}}}
2025-08-08 17:52:15,236 - openevolve.RemoteSpeedupEvaluator - INFO - [level1_78_conv_transposed_2D_asymmetric_input_asymmetric_kernel___padded__] triton key words check pass
2025-08-08 17:52:15,237 - openevolve.RemoteSpeedupEvaluator - INFO - [level1_78_conv_transposed_2D_asymmetric_input_asymmetric_kernel___padded__] verify_plus payload: reference_code(1768 chars) + custom_code(6088 chars)
2025-08-08 17:52:18,675 - openevolve.RemoteSpeedupEvaluator - INFO - [level1_78_conv_transposed_2D_asymmetric_input_asymmetric_kernel___padded__] verify_plus request success
2025-08-08 17:52:18,676 - openevolve.RemoteSpeedupEvaluator - INFO - [level1_78_conv_transposed_2D_asymmetric_input_asymmetric_kernel___padded__] verify_plus response: {"id":"level1_78_conv_transposed_2D_asymmetric_input_asymmetric_kernel___padded__","result":{"compiled":true,"correctness":false,"metadata":{"hardware":"NVIDIA L20Y","device":"cuda:3","runtime_error":"Traceback (most recent call last):\n  File \"/cpfs01/shared/llm_kernel/hujiakai/KernelLLM/validation_api_server/helpers/evaluations.py\", line 720, in run_and_check_correctness\n    output_new = model_new(*inputs)\n  File \"/home/lijiaxing/.conda/envs/api/lib/python3.10/site-packages/torch/nn/modules/module.py\", line 1773, in _wrapped_call_impl\n    return self._call_impl(*args, **kwargs)\n  File \"/home/lijiaxing/.conda/envs/api/lib/python3.10/site-packages/torch/nn/modules/module.py\", line 1784, in _call_impl\n    return forward_call(*args, **kwargs)\n  File \"/tmp/tmphtot3rel.py\", line 
2025-08-08 17:52:18,676 - openevolve.RemoteSpeedupEvaluator - INFO - [level1_78_conv_transposed_2D_asymmetric_input_asymmetric_kernel___padded__] âœ˜ wrong_answer
2025-08-08 17:52:18,676 - openevolve.evaluator - INFO - Evaluated program 32ef2a5c-2a2d-465a-a2c8-aa67d93630dc in 3.44s: compiled=1.0000, correctness=0.0000, score=10.0000, stage=wrong_answer, verify_payload={'id': 'level1_78_conv_transposed_2D_asymmetric_input_asymmetric_kernel___padded__', 'result': {'compiled': True, 'correctness': False, 'metadata': {'hardware': 'NVIDIA L20Y', 'device': 'cuda:3', 'runtime_error': 'Traceback (most recent call last):\n  File "/cpfs01/shared/llm_kernel/hujiakai/KernelLLM/validation_api_server/helpers/evaluations.py", line 720, in run_and_check_correctness\n    output_new = model_new(*inputs)\n  File "/home/lijiaxing/.conda/envs/api/lib/python3.10/site-packages/torch/nn/modules/module.py", line 1773, in _wrapped_call_impl\n    return self._call_impl(*args, **kwargs)\n  File "/home/lijiaxing/.conda/envs/api/lib/python3.10/site-packages/torch/nn/modules/module.py", line 1784, in _call_impl\n    return forward_call(*args, **kwargs)\n  File "/tmp/tmphtot3rel.py", line 38, in forward\n    _conv_transpose2d_kernel[grid](\n  File "/home/lijiaxing/.conda/envs/api/lib/python3.10/site-packages/triton/runtime/jit.py", line 390, in <lambda>\n    return lambda *args, **kwargs: self.run(grid=grid, warmup=False, *args, **kwargs)\n  File "/home/lijiaxing/.conda/envs/api/lib/python3.10/site-packages/triton/runtime/jit.py", line 611, in run\n    grid_size = len(grid)\nTypeError: object of type \'int\' has no len()\n', 'runtime_error_name': 'builtins.TypeError', 'reference_timing_ms': 0.0523, 'speed_up': -1.0, 'custom_timing': -1.0}, 'runtime': -1.0, 'runtime_stats': {}}}
2025-08-08 17:52:18,680 - openevolve.llm.ensemble - INFO - Sampled model: deepseek
2025-08-08 17:52:18,703 - openevolve.threaded_parallel - INFO - Iteration 6: Program 32ef2a5c-2a2d-465a-a2c8-aa67d93630dc (parent: ba5e13c6-f470-4618-8b14-9f558cbd9321) completed in 380.14s
2025-08-08 17:52:18,703 - openevolve.threaded_parallel - INFO - Metrics: compiled=1.0000, correctness=0.0000, score=10.0000, stage=wrong_answer, verify_payload={'id': 'level1_78_conv_transposed_2D_asymmetric_input_asymmetric_kernel___padded__', 'result': {'compiled': True, 'correctness': False, 'metadata': {'hardware': 'NVIDIA L20Y', 'device': 'cuda:3', 'runtime_error': 'Traceback (most recent call last):\n  File "/cpfs01/shared/llm_kernel/hujiakai/KernelLLM/validation_api_server/helpers/evaluations.py", line 720, in run_and_check_correctness\n    output_new = model_new(*inputs)\n  File "/home/lijiaxing/.conda/envs/api/lib/python3.10/site-packages/torch/nn/modules/module.py", line 1773, in _wrapped_call_impl\n    return self._call_impl(*args, **kwargs)\n  File "/home/lijiaxing/.conda/envs/api/lib/python3.10/site-packages/torch/nn/modules/module.py", line 1784, in _call_impl\n    return forward_call(*args, **kwargs)\n  File "/tmp/tmphtot3rel.py", line 38, in forward\n    _conv_transpose2d_kernel[grid](\n  File "/home/lijiaxing/.conda/envs/api/lib/python3.10/site-packages/triton/runtime/jit.py", line 390, in <lambda>\n    return lambda *args, **kwargs: self.run(grid=grid, warmup=False, *args, **kwargs)\n  File "/home/lijiaxing/.conda/envs/api/lib/python3.10/site-packages/triton/runtime/jit.py", line 611, in run\n    grid_size = len(grid)\nTypeError: object of type \'int\' has no len()\n', 'runtime_error_name': 'builtins.TypeError', 'reference_timing_ms': 0.0523, 'speed_up': -1.0, 'custom_timing': -1.0}, 'runtime': -1.0, 'runtime_stats': {}}}
2025-08-08 17:52:18,703 - openevolve.threaded_parallel - INFO - Checkpoint interval reached at iteration 6
2025-08-08 17:52:18,704 - openevolve.database - INFO - Island Status:
2025-08-08 17:52:18,704 - openevolve.database - INFO -    Island 0: 5 programs, best=10.0000, avg=8.0000, diversity=569.12, gen=3 (best: ba5e13c6-f470-4618-8b14-9f558cbd9321)
2025-08-08 17:52:18,704 - openevolve.database - INFO -  * Island 1: 2 programs, best=10.0000, avg=10.0000, diversity=314.30, gen=2 (best: 6c526147-9960-4876-b90c-7856fed41a6f)
2025-08-08 17:52:18,704 - openevolve.database - INFO -    Island 2: 2 programs, best=10.0000, avg=10.0000, diversity=26.40, gen=1 (best: ed2e1326-cbe7-4b88-ba1b-436f3b197d97)
2025-08-08 17:52:18,787 - openevolve.database - INFO - Saved database with 7 programs to openevolve_output/level1_78_conv_transposed_2D_asymmetric_input_asymmetric_kernel___padded__/checkpoints/checkpoint_6
2025-08-08 17:52:18,846 - openevolve.controller - INFO - Saved best program at checkpoint 6 with metrics: compiled=1.0000, correctness=0.0000, score=10.0000, stage=wrong_answer, verify_payload={'id': 'level1_78_conv_transposed_2D_asymmetric_input_asymmetric_kernel___padded__', 'result': {'compiled': True, 'correctness': False, 'metadata': {'hardware': 'NVIDIA L20Y', 'device': 'cuda:5', 'runtime_error': 'Traceback (most recent call last):\n  File "/cpfs01/shared/llm_kernel/hujiakai/KernelLLM/validation_api_server/helpers/evaluations.py", line 720, in run_and_check_correctness\n    output_new = model_new(*inputs)\n  File "/home/lijiaxing/.conda/envs/api/lib/python3.10/site-packages/torch/nn/modules/module.py", line 1773, in _wrapped_call_impl\n    return self._call_impl(*args, **kwargs)\n  File "/home/lijiaxing/.conda/envs/api/lib/python3.10/site-packages/torch/nn/modules/module.py", line 1784, in _call_impl\n    return forward_call(*args, **kwargs)\n  File "/tmp/tmpnuqejyc1.py", line 38, in forward\n    _conv_transpose2d_kernel[grid](\n  File "/home/lijiaxing/.conda/envs/api/lib/python3.10/site-packages/triton/runtime/jit.py", line 390, in <lambda>\n    return lambda *args, **kwargs: self.run(grid=grid, warmup=False, *args, **kwargs)\n  File "/home/lijiaxing/.conda/envs/api/lib/python3.10/site-packages/triton/runtime/jit.py", line 594, in run\n    kernel = self.compile(src, target=target, options=options.__dict__)\n  File "/home/lijiaxing/.conda/envs/api/lib/python3.10/site-packages/triton/compiler/compiler.py", line 339, in compile\n    module = src.make_ir(options, codegen_fns, module_map, context)\n  File "/home/lijiaxing/.conda/envs/api/lib/python3.10/site-packages/triton/compiler/compiler.py", line 83, in make_ir\n    return ast_to_ttir(self.fn, self, context=context, options=options, codegen_fns=codegen_fns,\ntriton.compiler.errors.CompilationError: at 65:32:\n                # Combined mask\n                mask = valid_mask & in_bounds & h_mask[:, None] & w_mask[None, :]\n\n                # Compute memory offsets\n                x_offset = (batch_idx * x_batch_stride + \n                            c * x_channel_stride + \n                            input_h_int * x_height_stride + \n                            input_w_int * x_width_stride)\n                weight_offset = weight_channel_offset * kernel_h * kernel_w + kh * kernel_w + kw\n\n                # Load input and weight\n                x_val = tl.load(x_ptr + x_offset, mask=mask, other=0.0)\n                                ^\nIncompatibleTypeErrorImpl(\'invalid operands of type pointer<fp32> and triton.language.float32\')\n\n\nThe above exception was the direct cause of the following exception:\n\nTraceback (most recent call last):\n  File "/home/lijiaxing/.conda/envs/api/lib/python3.10/site-packages/triton/language/core.py", line 42, in wrapper\n    return fn(*args, **kwargs)\n  File "/home/lijiaxing/.conda/envs/api/lib/python3.10/site-packages/triton/language/core.py", line 900, in __add__\n    return add(self, other, sanitize_overflow=True, _semantic=_semantic)\n  File "/home/lijiaxing/.conda/envs/api/lib/python3.10/site-packages/triton/language/core.py", line 42, in wrapper\n    return fn(*args, **kwargs)\n  File "/home/lijiaxing/.conda/envs/api/lib/python3.10/site-packages/triton/language/core.py", line 2468, in add\n    return _semantic.add(x, y, sanitize_overflow)\n  File "/home/lijiaxing/.conda/envs/api/lib/python3.10/site-packages/triton/language/semantic.py", line 226, in add\n    input, other = self.binary_op_type_checking_impl(input, other, True, True)\n  File "/home/lijiaxing/.conda/envs/api/lib/python3.10/site-packages/triton/language/semantic.py", line 184, in binary_op_type_checking_impl\n    self.check_ptr_type_impl(lhs_sca_ty, rhs_sca_ty, allow_lhs_ptr)\n  File "/home/lijiaxing/.conda/envs/api/lib/python3.10/site-packages/triton/language/semantic.py", line 167, in check_ptr_type_impl\n    raise IncompatibleTypeErrorImpl(type_a, type_b)\ntriton.language.semantic.IncompatibleTypeErrorImpl: invalid operands of type pointer<fp32> and triton.language.float32\n', 'runtime_error_name': 'triton.compiler.errors.CompilationError', 'reference_timing_ms': 0.0523, 'speed_up': -1.0, 'custom_timing': -1.0}, 'runtime': -1.0, 'runtime_stats': {}}}
2025-08-08 17:52:18,846 - openevolve.controller - INFO - Saved checkpoint at iteration 6 to openevolve_output/level1_78_conv_transposed_2D_asymmetric_input_asymmetric_kernel___padded__/checkpoints/checkpoint_6
2025-08-08 17:53:40,451 - openevolve.RemoteSpeedupEvaluator - INFO - [level1_78_conv_transposed_2D_asymmetric_input_asymmetric_kernel___padded__] triton key words check pass
2025-08-08 17:53:40,452 - openevolve.RemoteSpeedupEvaluator - INFO - [level1_78_conv_transposed_2D_asymmetric_input_asymmetric_kernel___padded__] verify_plus payload: reference_code(1768 chars) + custom_code(6354 chars)
2025-08-08 17:53:43,819 - openevolve.RemoteSpeedupEvaluator - INFO - [level1_78_conv_transposed_2D_asymmetric_input_asymmetric_kernel___padded__] verify_plus request success
2025-08-08 17:53:43,819 - openevolve.RemoteSpeedupEvaluator - INFO - [level1_78_conv_transposed_2D_asymmetric_input_asymmetric_kernel___padded__] verify_plus response: {"id":"level1_78_conv_transposed_2D_asymmetric_input_asymmetric_kernel___padded__","result":{"compiled":true,"correctness":false,"metadata":{"hardware":"NVIDIA L20Y","device":"cuda:0","runtime_error":"Traceback (most recent call last):\n  File \"/cpfs01/shared/llm_kernel/hujiakai/KernelLLM/validation_api_server/helpers/evaluations.py\", line 720, in run_and_check_correctness\n    output_new = model_new(*inputs)\n  File \"/home/lijiaxing/.conda/envs/api/lib/python3.10/site-packages/torch/nn/modules/module.py\", line 1773, in _wrapped_call_impl\n    return self._call_impl(*args, **kwargs)\n  File \"/home/lijiaxing/.conda/envs/api/lib/python3.10/site-packages/torch/nn/modules/module.py\", line 1784, in _call_impl\n    return forward_call(*args, **kwargs)\n  File \"/tmp/tmp7iqu2okq.py\", line 
2025-08-08 17:53:43,819 - openevolve.RemoteSpeedupEvaluator - INFO - [level1_78_conv_transposed_2D_asymmetric_input_asymmetric_kernel___padded__] âœ˜ wrong_answer
2025-08-08 17:53:43,819 - openevolve.evaluator - INFO - Evaluated program 6849dcd1-2992-4ae2-a95d-316c546821f7 in 3.37s: compiled=1.0000, correctness=0.0000, score=10.0000, stage=wrong_answer, verify_payload={'id': 'level1_78_conv_transposed_2D_asymmetric_input_asymmetric_kernel___padded__', 'result': {'compiled': True, 'correctness': False, 'metadata': {'hardware': 'NVIDIA L20Y', 'device': 'cuda:0', 'runtime_error': 'Traceback (most recent call last):\n  File "/cpfs01/shared/llm_kernel/hujiakai/KernelLLM/validation_api_server/helpers/evaluations.py", line 720, in run_and_check_correctness\n    output_new = model_new(*inputs)\n  File "/home/lijiaxing/.conda/envs/api/lib/python3.10/site-packages/torch/nn/modules/module.py", line 1773, in _wrapped_call_impl\n    return self._call_impl(*args, **kwargs)\n  File "/home/lijiaxing/.conda/envs/api/lib/python3.10/site-packages/torch/nn/modules/module.py", line 1784, in _call_impl\n    return forward_call(*args, **kwargs)\n  File "/tmp/tmp7iqu2okq.py", line 38, in forward\n    _conv_transpose2d_kernel[grid](\n  File "/home/lijiaxing/.conda/envs/api/lib/python3.10/site-packages/triton/runtime/jit.py", line 390, in <lambda>\n    return lambda *args, **kwargs: self.run(grid=grid, warmup=False, *args, **kwargs)\n  File "/home/lijiaxing/.conda/envs/api/lib/python3.10/site-packages/triton/runtime/jit.py", line 594, in run\n    kernel = self.compile(src, target=target, options=options.__dict__)\n  File "/home/lijiaxing/.conda/envs/api/lib/python3.10/site-packages/triton/compiler/compiler.py", line 339, in compile\n    module = src.make_ir(options, codegen_fns, module_map, context)\n  File "/home/lijiaxing/.conda/envs/api/lib/python3.10/site-packages/triton/compiler/compiler.py", line 83, in make_ir\n    return ast_to_ttir(self.fn, self, context=context, options=options, codegen_fns=codegen_fns,\ntriton.compiler.errors.CompilationError: at 75:38:\n                    ),\n                    other=0.0\n                )\n\n                weight_vals = weight_vals[:, :, None, None]\n                input_vals = input_vals[:, :, :, :]\n                prod = weight_vals * input_vals\n\n                # Manual reduction over channel dimension\n                for i in tl.static_range(BLOCK_C):\n                    cond = i < c_remaining\n                    channel_contrib = prod[i, :, :]\n                                      ^\nValueError(\'unsupported tensor index: constexpr[0]\')\n\n\nThe above exception was the direct cause of the following exception:\n\nTraceback (most recent call last):\n  File "/home/lijiaxing/.conda/envs/api/lib/python3.10/site-packages/triton/language/core.py", line 42, in wrapper\n    return fn(*args, **kwargs)\n  File "/home/lijiaxing/.conda/envs/api/lib/python3.10/site-packages/triton/language/core.py", line 1118, in __getitem__\n    raise ValueError(f"unsupported tensor index: {sl}")\nValueError: unsupported tensor index: constexpr[0]\n', 'runtime_error_name': 'triton.compiler.errors.CompilationError', 'reference_timing_ms': 0.0523, 'speed_up': -1.0, 'custom_timing': -1.0}, 'runtime': -1.0, 'runtime_stats': {}}}
2025-08-08 17:53:43,823 - openevolve.llm.ensemble - INFO - Sampled model: deepseek
2025-08-08 17:53:43,840 - openevolve.threaded_parallel - INFO - Iteration 5: Program 6849dcd1-2992-4ae2-a95d-316c546821f7 (parent: 10284670-6af7-45e6-ba94-52d01bb417e4) completed in 700.18s
2025-08-08 17:53:43,840 - openevolve.threaded_parallel - INFO - Metrics: compiled=1.0000, correctness=0.0000, score=10.0000, stage=wrong_answer, verify_payload={'id': 'level1_78_conv_transposed_2D_asymmetric_input_asymmetric_kernel___padded__', 'result': {'compiled': True, 'correctness': False, 'metadata': {'hardware': 'NVIDIA L20Y', 'device': 'cuda:0', 'runtime_error': 'Traceback (most recent call last):\n  File "/cpfs01/shared/llm_kernel/hujiakai/KernelLLM/validation_api_server/helpers/evaluations.py", line 720, in run_and_check_correctness\n    output_new = model_new(*inputs)\n  File "/home/lijiaxing/.conda/envs/api/lib/python3.10/site-packages/torch/nn/modules/module.py", line 1773, in _wrapped_call_impl\n    return self._call_impl(*args, **kwargs)\n  File "/home/lijiaxing/.conda/envs/api/lib/python3.10/site-packages/torch/nn/modules/module.py", line 1784, in _call_impl\n    return forward_call(*args, **kwargs)\n  File "/tmp/tmp7iqu2okq.py", line 38, in forward\n    _conv_transpose2d_kernel[grid](\n  File "/home/lijiaxing/.conda/envs/api/lib/python3.10/site-packages/triton/runtime/jit.py", line 390, in <lambda>\n    return lambda *args, **kwargs: self.run(grid=grid, warmup=False, *args, **kwargs)\n  File "/home/lijiaxing/.conda/envs/api/lib/python3.10/site-packages/triton/runtime/jit.py", line 594, in run\n    kernel = self.compile(src, target=target, options=options.__dict__)\n  File "/home/lijiaxing/.conda/envs/api/lib/python3.10/site-packages/triton/compiler/compiler.py", line 339, in compile\n    module = src.make_ir(options, codegen_fns, module_map, context)\n  File "/home/lijiaxing/.conda/envs/api/lib/python3.10/site-packages/triton/compiler/compiler.py", line 83, in make_ir\n    return ast_to_ttir(self.fn, self, context=context, options=options, codegen_fns=codegen_fns,\ntriton.compiler.errors.CompilationError: at 75:38:\n                    ),\n                    other=0.0\n                )\n\n                weight_vals = weight_vals[:, :, None, None]\n                input_vals = input_vals[:, :, :, :]\n                prod = weight_vals * input_vals\n\n                # Manual reduction over channel dimension\n                for i in tl.static_range(BLOCK_C):\n                    cond = i < c_remaining\n                    channel_contrib = prod[i, :, :]\n                                      ^\nValueError(\'unsupported tensor index: constexpr[0]\')\n\n\nThe above exception was the direct cause of the following exception:\n\nTraceback (most recent call last):\n  File "/home/lijiaxing/.conda/envs/api/lib/python3.10/site-packages/triton/language/core.py", line 42, in wrapper\n    return fn(*args, **kwargs)\n  File "/home/lijiaxing/.conda/envs/api/lib/python3.10/site-packages/triton/language/core.py", line 1118, in __getitem__\n    raise ValueError(f"unsupported tensor index: {sl}")\nValueError: unsupported tensor index: constexpr[0]\n', 'runtime_error_name': 'triton.compiler.errors.CompilationError', 'reference_timing_ms': 0.0523, 'speed_up': -1.0, 'custom_timing': -1.0}, 'runtime': -1.0, 'runtime_stats': {}}}
2025-08-08 17:54:37,081 - openevolve.RemoteSpeedupEvaluator - INFO - [level1_78_conv_transposed_2D_asymmetric_input_asymmetric_kernel___padded__] triton key words check pass
2025-08-08 17:54:37,083 - openevolve.RemoteSpeedupEvaluator - INFO - [level1_78_conv_transposed_2D_asymmetric_input_asymmetric_kernel___padded__] verify_plus payload: reference_code(1768 chars) + custom_code(6155 chars)
2025-08-08 17:54:40,382 - openevolve.RemoteSpeedupEvaluator - INFO - [level1_78_conv_transposed_2D_asymmetric_input_asymmetric_kernel___padded__] verify_plus request success
2025-08-08 17:54:40,382 - openevolve.RemoteSpeedupEvaluator - INFO - [level1_78_conv_transposed_2D_asymmetric_input_asymmetric_kernel___padded__] verify_plus response: {"id":"level1_78_conv_transposed_2D_asymmetric_input_asymmetric_kernel___padded__","result":{"compiled":true,"correctness":false,"metadata":{"hardware":"NVIDIA L20Y","device":"cuda:7","runtime_error":"Traceback (most recent call last):\n  File \"/cpfs01/shared/llm_kernel/hujiakai/KernelLLM/validation_api_server/helpers/evaluations.py\", line 720, in run_and_check_correctness\n    output_new = model_new(*inputs)\n  File \"/home/lijiaxing/.conda/envs/api/lib/python3.10/site-packages/torch/nn/modules/module.py\", line 1773, in _wrapped_call_impl\n    return self._call_impl(*args, **kwargs)\n  File \"/home/lijiaxing/.conda/envs/api/lib/python3.10/site-packages/torch/nn/modules/module.py\", line 1784, in _call_impl\n    return forward_call(*args, **kwargs)\n  File \"/tmp/tmp56d6dk99.py\", line 
2025-08-08 17:54:40,382 - openevolve.RemoteSpeedupEvaluator - INFO - [level1_78_conv_transposed_2D_asymmetric_input_asymmetric_kernel___padded__] âœ˜ wrong_answer
2025-08-08 17:54:40,382 - openevolve.evaluator - INFO - Evaluated program 5252d29c-3dbc-4100-b984-89a0996917fe in 3.30s: compiled=1.0000, correctness=0.0000, score=10.0000, stage=wrong_answer, verify_payload={'id': 'level1_78_conv_transposed_2D_asymmetric_input_asymmetric_kernel___padded__', 'result': {'compiled': True, 'correctness': False, 'metadata': {'hardware': 'NVIDIA L20Y', 'device': 'cuda:7', 'runtime_error': 'Traceback (most recent call last):\n  File "/cpfs01/shared/llm_kernel/hujiakai/KernelLLM/validation_api_server/helpers/evaluations.py", line 720, in run_and_check_correctness\n    output_new = model_new(*inputs)\n  File "/home/lijiaxing/.conda/envs/api/lib/python3.10/site-packages/torch/nn/modules/module.py", line 1773, in _wrapped_call_impl\n    return self._call_impl(*args, **kwargs)\n  File "/home/lijiaxing/.conda/envs/api/lib/python3.10/site-packages/torch/nn/modules/module.py", line 1784, in _call_impl\n    return forward_call(*args, **kwargs)\n  File "/tmp/tmp56d6dk99.py", line 38, in forward\n    _conv_transpose2d_kernel[grid](\n  File "/home/lijiaxing/.conda/envs/api/lib/python3.10/site-packages/triton/runtime/jit.py", line 390, in <lambda>\n    return lambda *args, **kwargs: self.run(grid=grid, warmup=False, *args, **kwargs)\n  File "/home/lijiaxing/.conda/envs/api/lib/python3.10/site-packages/triton/runtime/jit.py", line 611, in run\n    grid_size = len(grid)\nTypeError: object of type \'int\' has no len()\n', 'runtime_error_name': 'builtins.TypeError', 'reference_timing_ms': 0.0523, 'speed_up': -1.0, 'custom_timing': -1.0}, 'runtime': -1.0, 'runtime_stats': {}}}
2025-08-08 17:54:40,387 - openevolve.llm.ensemble - INFO - Sampled model: deepseek
2025-08-08 17:54:40,400 - openevolve.threaded_parallel - INFO - Iteration 7: Program 5252d29c-3dbc-4100-b984-89a0996917fe (parent: ba5e13c6-f470-4618-8b14-9f558cbd9321) completed in 341.06s
2025-08-08 17:54:40,400 - openevolve.threaded_parallel - INFO - Metrics: compiled=1.0000, correctness=0.0000, score=10.0000, stage=wrong_answer, verify_payload={'id': 'level1_78_conv_transposed_2D_asymmetric_input_asymmetric_kernel___padded__', 'result': {'compiled': True, 'correctness': False, 'metadata': {'hardware': 'NVIDIA L20Y', 'device': 'cuda:7', 'runtime_error': 'Traceback (most recent call last):\n  File "/cpfs01/shared/llm_kernel/hujiakai/KernelLLM/validation_api_server/helpers/evaluations.py", line 720, in run_and_check_correctness\n    output_new = model_new(*inputs)\n  File "/home/lijiaxing/.conda/envs/api/lib/python3.10/site-packages/torch/nn/modules/module.py", line 1773, in _wrapped_call_impl\n    return self._call_impl(*args, **kwargs)\n  File "/home/lijiaxing/.conda/envs/api/lib/python3.10/site-packages/torch/nn/modules/module.py", line 1784, in _call_impl\n    return forward_call(*args, **kwargs)\n  File "/tmp/tmp56d6dk99.py", line 38, in forward\n    _conv_transpose2d_kernel[grid](\n  File "/home/lijiaxing/.conda/envs/api/lib/python3.10/site-packages/triton/runtime/jit.py", line 390, in <lambda>\n    return lambda *args, **kwargs: self.run(grid=grid, warmup=False, *args, **kwargs)\n  File "/home/lijiaxing/.conda/envs/api/lib/python3.10/site-packages/triton/runtime/jit.py", line 611, in run\n    grid_size = len(grid)\nTypeError: object of type \'int\' has no len()\n', 'runtime_error_name': 'builtins.TypeError', 'reference_timing_ms': 0.0523, 'speed_up': -1.0, 'custom_timing': -1.0}, 'runtime': -1.0, 'runtime_stats': {}}}
2025-08-08 17:58:00,266 - openevolve.RemoteSpeedupEvaluator - INFO - [level1_78_conv_transposed_2D_asymmetric_input_asymmetric_kernel___padded__] triton key words check pass
2025-08-08 17:58:00,267 - openevolve.RemoteSpeedupEvaluator - INFO - [level1_78_conv_transposed_2D_asymmetric_input_asymmetric_kernel___padded__] verify_plus payload: reference_code(1768 chars) + custom_code(6061 chars)
2025-08-08 17:58:03,951 - openevolve.RemoteSpeedupEvaluator - INFO - [level1_78_conv_transposed_2D_asymmetric_input_asymmetric_kernel___padded__] verify_plus request success
2025-08-08 17:58:03,951 - openevolve.RemoteSpeedupEvaluator - INFO - [level1_78_conv_transposed_2D_asymmetric_input_asymmetric_kernel___padded__] verify_plus response: {"id":"level1_78_conv_transposed_2D_asymmetric_input_asymmetric_kernel___padded__","result":{"compiled":true,"correctness":false,"metadata":{"hardware":"NVIDIA L20Y","device":"cuda:0","runtime_error":"Traceback (most recent call last):\n  File \"/cpfs01/shared/llm_kernel/hujiakai/KernelLLM/validation_api_server/helpers/evaluations.py\", line 720, in run_and_check_correctness\n    output_new = model_new(*inputs)\n  File \"/home/lijiaxing/.conda/envs/api/lib/python3.10/site-packages/torch/nn/modules/module.py\", line 1773, in _wrapped_call_impl\n    return self._call_impl(*args, **kwargs)\n  File \"/home/lijiaxing/.conda/envs/api/lib/python3.10/site-packages/torch/nn/modules/module.py\", line 1784, in _call_impl\n    return forward_call(*args, **kwargs)\n  File \"/tmp/tmpjdt68yo8.py\", line 
2025-08-08 17:58:03,952 - openevolve.RemoteSpeedupEvaluator - INFO - [level1_78_conv_transposed_2D_asymmetric_input_asymmetric_kernel___padded__] âœ˜ wrong_answer
2025-08-08 17:58:03,952 - openevolve.evaluator - INFO - Evaluated program 5ce2f84f-53e1-4a99-9a4f-5efd6928e64d in 3.69s: compiled=1.0000, correctness=0.0000, score=10.0000, stage=wrong_answer, verify_payload={'id': 'level1_78_conv_transposed_2D_asymmetric_input_asymmetric_kernel___padded__', 'result': {'compiled': True, 'correctness': False, 'metadata': {'hardware': 'NVIDIA L20Y', 'device': 'cuda:0', 'runtime_error': 'Traceback (most recent call last):\n  File "/cpfs01/shared/llm_kernel/hujiakai/KernelLLM/validation_api_server/helpers/evaluations.py", line 720, in run_and_check_correctness\n    output_new = model_new(*inputs)\n  File "/home/lijiaxing/.conda/envs/api/lib/python3.10/site-packages/torch/nn/modules/module.py", line 1773, in _wrapped_call_impl\n    return self._call_impl(*args, **kwargs)\n  File "/home/lijiaxing/.conda/envs/api/lib/python3.10/site-packages/torch/nn/modules/module.py", line 1784, in _call_impl\n    return forward_call(*args, **kwargs)\n  File "/tmp/tmpjdt68yo8.py", line 39, in forward\n    _conv_transpose2d_kernel[grid](\n  File "/home/lijiaxing/.conda/envs/api/lib/python3.10/site-packages/triton/runtime/jit.py", line 390, in <lambda>\n    return lambda *args, **kwargs: self.run(grid=grid, warmup=False, *args, **kwargs)\n  File "/home/lijiaxing/.conda/envs/api/lib/python3.10/site-packages/triton/runtime/jit.py", line 611, in run\n    grid_size = len(grid)\nTypeError: object of type \'int\' has no len()\n', 'runtime_error_name': 'builtins.TypeError', 'reference_timing_ms': 0.0523, 'speed_up': -1.0, 'custom_timing': -1.0}, 'runtime': -1.0, 'runtime_stats': {}}}
2025-08-08 17:58:03,955 - openevolve.llm.ensemble - INFO - Sampled model: deepseek
2025-08-08 17:58:03,967 - openevolve.threaded_parallel - INFO - Iteration 8: Program 5ce2f84f-53e1-4a99-9a4f-5efd6928e64d (parent: ba5e13c6-f470-4618-8b14-9f558cbd9321) completed in 345.27s
2025-08-08 17:58:03,967 - openevolve.threaded_parallel - INFO - Metrics: compiled=1.0000, correctness=0.0000, score=10.0000, stage=wrong_answer, verify_payload={'id': 'level1_78_conv_transposed_2D_asymmetric_input_asymmetric_kernel___padded__', 'result': {'compiled': True, 'correctness': False, 'metadata': {'hardware': 'NVIDIA L20Y', 'device': 'cuda:0', 'runtime_error': 'Traceback (most recent call last):\n  File "/cpfs01/shared/llm_kernel/hujiakai/KernelLLM/validation_api_server/helpers/evaluations.py", line 720, in run_and_check_correctness\n    output_new = model_new(*inputs)\n  File "/home/lijiaxing/.conda/envs/api/lib/python3.10/site-packages/torch/nn/modules/module.py", line 1773, in _wrapped_call_impl\n    return self._call_impl(*args, **kwargs)\n  File "/home/lijiaxing/.conda/envs/api/lib/python3.10/site-packages/torch/nn/modules/module.py", line 1784, in _call_impl\n    return forward_call(*args, **kwargs)\n  File "/tmp/tmpjdt68yo8.py", line 39, in forward\n    _conv_transpose2d_kernel[grid](\n  File "/home/lijiaxing/.conda/envs/api/lib/python3.10/site-packages/triton/runtime/jit.py", line 390, in <lambda>\n    return lambda *args, **kwargs: self.run(grid=grid, warmup=False, *args, **kwargs)\n  File "/home/lijiaxing/.conda/envs/api/lib/python3.10/site-packages/triton/runtime/jit.py", line 611, in run\n    grid_size = len(grid)\nTypeError: object of type \'int\' has no len()\n', 'runtime_error_name': 'builtins.TypeError', 'reference_timing_ms': 0.0523, 'speed_up': -1.0, 'custom_timing': -1.0}, 'runtime': -1.0, 'runtime_stats': {}}}
2025-08-08 18:00:01,651 - openevolve.RemoteSpeedupEvaluator - INFO - [level1_78_conv_transposed_2D_asymmetric_input_asymmetric_kernel___padded__] triton key words check pass
2025-08-08 18:00:01,652 - openevolve.RemoteSpeedupEvaluator - INFO - [level1_78_conv_transposed_2D_asymmetric_input_asymmetric_kernel___padded__] verify_plus payload: reference_code(1768 chars) + custom_code(6088 chars)
2025-08-08 18:00:04,722 - openevolve.RemoteSpeedupEvaluator - INFO - [level1_78_conv_transposed_2D_asymmetric_input_asymmetric_kernel___padded__] verify_plus request success
2025-08-08 18:00:04,723 - openevolve.RemoteSpeedupEvaluator - INFO - [level1_78_conv_transposed_2D_asymmetric_input_asymmetric_kernel___padded__] verify_plus response: {"id":"level1_78_conv_transposed_2D_asymmetric_input_asymmetric_kernel___padded__","result":{"compiled":true,"correctness":false,"metadata":{"hardware":"NVIDIA L20Y","device":"cuda:4","runtime_error":"Traceback (most recent call last):\n  File \"/cpfs01/shared/llm_kernel/hujiakai/KernelLLM/validation_api_server/helpers/evaluations.py\", line 720, in run_and_check_correctness\n    output_new = model_new(*inputs)\n  File \"/home/lijiaxing/.conda/envs/api/lib/python3.10/site-packages/torch/nn/modules/module.py\", line 1773, in _wrapped_call_impl\n    return self._call_impl(*args, **kwargs)\n  File \"/home/lijiaxing/.conda/envs/api/lib/python3.10/site-packages/torch/nn/modules/module.py\", line 1784, in _call_impl\n    return forward_call(*args, **kwargs)\n  File \"/tmp/tmpyovr944f.py\", line 
2025-08-08 18:00:04,723 - openevolve.RemoteSpeedupEvaluator - INFO - [level1_78_conv_transposed_2D_asymmetric_input_asymmetric_kernel___padded__] âœ˜ wrong_answer
2025-08-08 18:00:04,723 - openevolve.evaluator - INFO - Evaluated program 4883f561-b362-40bc-a4bf-efb0f23d3a87 in 3.07s: compiled=1.0000, correctness=0.0000, score=10.0000, stage=wrong_answer, verify_payload={'id': 'level1_78_conv_transposed_2D_asymmetric_input_asymmetric_kernel___padded__', 'result': {'compiled': True, 'correctness': False, 'metadata': {'hardware': 'NVIDIA L20Y', 'device': 'cuda:4', 'runtime_error': 'Traceback (most recent call last):\n  File "/cpfs01/shared/llm_kernel/hujiakai/KernelLLM/validation_api_server/helpers/evaluations.py", line 720, in run_and_check_correctness\n    output_new = model_new(*inputs)\n  File "/home/lijiaxing/.conda/envs/api/lib/python3.10/site-packages/torch/nn/modules/module.py", line 1773, in _wrapped_call_impl\n    return self._call_impl(*args, **kwargs)\n  File "/home/lijiaxing/.conda/envs/api/lib/python3.10/site-packages/torch/nn/modules/module.py", line 1784, in _call_impl\n    return forward_call(*args, **kwargs)\n  File "/tmp/tmpyovr944f.py", line 38, in forward\n    _conv_transpose2d_kernel[grid](\n  File "/home/lijiaxing/.conda/envs/api/lib/python3.10/site-packages/triton/runtime/jit.py", line 390, in <lambda>\n    return lambda *args, **kwargs: self.run(grid=grid, warmup=False, *args, **kwargs)\n  File "/home/lijiaxing/.conda/envs/api/lib/python3.10/site-packages/triton/runtime/jit.py", line 611, in run\n    grid_size = len(grid)\nTypeError: object of type \'int\' has no len()\n', 'runtime_error_name': 'builtins.TypeError', 'reference_timing_ms': 0.0523, 'speed_up': -1.0, 'custom_timing': -1.0}, 'runtime': -1.0, 'runtime_stats': {}}}
2025-08-08 18:00:04,727 - openevolve.llm.ensemble - INFO - Sampled model: deepseek
2025-08-08 18:00:04,738 - openevolve.threaded_parallel - INFO - Iteration 10: Program 4883f561-b362-40bc-a4bf-efb0f23d3a87 (parent: ba5e13c6-f470-4618-8b14-9f558cbd9321) completed in 324.34s
2025-08-08 18:00:04,739 - openevolve.threaded_parallel - INFO - Metrics: compiled=1.0000, correctness=0.0000, score=10.0000, stage=wrong_answer, verify_payload={'id': 'level1_78_conv_transposed_2D_asymmetric_input_asymmetric_kernel___padded__', 'result': {'compiled': True, 'correctness': False, 'metadata': {'hardware': 'NVIDIA L20Y', 'device': 'cuda:4', 'runtime_error': 'Traceback (most recent call last):\n  File "/cpfs01/shared/llm_kernel/hujiakai/KernelLLM/validation_api_server/helpers/evaluations.py", line 720, in run_and_check_correctness\n    output_new = model_new(*inputs)\n  File "/home/lijiaxing/.conda/envs/api/lib/python3.10/site-packages/torch/nn/modules/module.py", line 1773, in _wrapped_call_impl\n    return self._call_impl(*args, **kwargs)\n  File "/home/lijiaxing/.conda/envs/api/lib/python3.10/site-packages/torch/nn/modules/module.py", line 1784, in _call_impl\n    return forward_call(*args, **kwargs)\n  File "/tmp/tmpyovr944f.py", line 38, in forward\n    _conv_transpose2d_kernel[grid](\n  File "/home/lijiaxing/.conda/envs/api/lib/python3.10/site-packages/triton/runtime/jit.py", line 390, in <lambda>\n    return lambda *args, **kwargs: self.run(grid=grid, warmup=False, *args, **kwargs)\n  File "/home/lijiaxing/.conda/envs/api/lib/python3.10/site-packages/triton/runtime/jit.py", line 611, in run\n    grid_size = len(grid)\nTypeError: object of type \'int\' has no len()\n', 'runtime_error_name': 'builtins.TypeError', 'reference_timing_ms': 0.0523, 'speed_up': -1.0, 'custom_timing': -1.0}, 'runtime': -1.0, 'runtime_stats': {}}}
2025-08-08 18:00:17,237 - openevolve.RemoteSpeedupEvaluator - INFO - [level1_78_conv_transposed_2D_asymmetric_input_asymmetric_kernel___padded__] triton key words check pass
2025-08-08 18:00:17,237 - openevolve.RemoteSpeedupEvaluator - INFO - [level1_78_conv_transposed_2D_asymmetric_input_asymmetric_kernel___padded__] verify_plus payload: reference_code(1768 chars) + custom_code(6088 chars)
2025-08-08 18:00:20,331 - openevolve.RemoteSpeedupEvaluator - INFO - [level1_78_conv_transposed_2D_asymmetric_input_asymmetric_kernel___padded__] verify_plus request success
2025-08-08 18:00:20,331 - openevolve.RemoteSpeedupEvaluator - INFO - [level1_78_conv_transposed_2D_asymmetric_input_asymmetric_kernel___padded__] verify_plus response: {"id":"level1_78_conv_transposed_2D_asymmetric_input_asymmetric_kernel___padded__","result":{"compiled":true,"correctness":false,"metadata":{"hardware":"NVIDIA L20Y","device":"cuda:6","runtime_error":"Traceback (most recent call last):\n  File \"/cpfs01/shared/llm_kernel/hujiakai/KernelLLM/validation_api_server/helpers/evaluations.py\", line 720, in run_and_check_correctness\n    output_new = model_new(*inputs)\n  File \"/home/lijiaxing/.conda/envs/api/lib/python3.10/site-packages/torch/nn/modules/module.py\", line 1773, in _wrapped_call_impl\n    return self._call_impl(*args, **kwargs)\n  File \"/home/lijiaxing/.conda/envs/api/lib/python3.10/site-packages/torch/nn/modules/module.py\", line 1784, in _call_impl\n    return forward_call(*args, **kwargs)\n  File \"/tmp/tmptxiuxis1.py\", line 
2025-08-08 18:00:20,331 - openevolve.RemoteSpeedupEvaluator - INFO - [level1_78_conv_transposed_2D_asymmetric_input_asymmetric_kernel___padded__] âœ˜ wrong_answer
2025-08-08 18:00:20,331 - openevolve.evaluator - INFO - Evaluated program a316671a-58f6-4ecd-8f69-1ff5fa860117 in 3.10s: compiled=1.0000, correctness=0.0000, score=10.0000, stage=wrong_answer, verify_payload={'id': 'level1_78_conv_transposed_2D_asymmetric_input_asymmetric_kernel___padded__', 'result': {'compiled': True, 'correctness': False, 'metadata': {'hardware': 'NVIDIA L20Y', 'device': 'cuda:6', 'runtime_error': 'Traceback (most recent call last):\n  File "/cpfs01/shared/llm_kernel/hujiakai/KernelLLM/validation_api_server/helpers/evaluations.py", line 720, in run_and_check_correctness\n    output_new = model_new(*inputs)\n  File "/home/lijiaxing/.conda/envs/api/lib/python3.10/site-packages/torch/nn/modules/module.py", line 1773, in _wrapped_call_impl\n    return self._call_impl(*args, **kwargs)\n  File "/home/lijiaxing/.conda/envs/api/lib/python3.10/site-packages/torch/nn/modules/module.py", line 1784, in _call_impl\n    return forward_call(*args, **kwargs)\n  File "/tmp/tmptxiuxis1.py", line 38, in forward\n    _conv_transpose2d_kernel[grid](\n  File "/home/lijiaxing/.conda/envs/api/lib/python3.10/site-packages/triton/runtime/jit.py", line 390, in <lambda>\n    return lambda *args, **kwargs: self.run(grid=grid, warmup=False, *args, **kwargs)\n  File "/home/lijiaxing/.conda/envs/api/lib/python3.10/site-packages/triton/runtime/jit.py", line 611, in run\n    grid_size = len(grid)\nTypeError: object of type \'int\' has no len()\n', 'runtime_error_name': 'builtins.TypeError', 'reference_timing_ms': 0.0523, 'speed_up': -1.0, 'custom_timing': -1.0}, 'runtime': -1.0, 'runtime_stats': {}}}
2025-08-08 18:00:20,335 - openevolve.llm.ensemble - INFO - Sampled model: deepseek
2025-08-08 18:00:20,346 - openevolve.threaded_parallel - INFO - Iteration 9: Program a316671a-58f6-4ecd-8f69-1ff5fa860117 (parent: ba5e13c6-f470-4618-8b14-9f558cbd9321) completed in 396.51s
2025-08-08 18:00:20,346 - openevolve.threaded_parallel - INFO - Metrics: compiled=1.0000, correctness=0.0000, score=10.0000, stage=wrong_answer, verify_payload={'id': 'level1_78_conv_transposed_2D_asymmetric_input_asymmetric_kernel___padded__', 'result': {'compiled': True, 'correctness': False, 'metadata': {'hardware': 'NVIDIA L20Y', 'device': 'cuda:6', 'runtime_error': 'Traceback (most recent call last):\n  File "/cpfs01/shared/llm_kernel/hujiakai/KernelLLM/validation_api_server/helpers/evaluations.py", line 720, in run_and_check_correctness\n    output_new = model_new(*inputs)\n  File "/home/lijiaxing/.conda/envs/api/lib/python3.10/site-packages/torch/nn/modules/module.py", line 1773, in _wrapped_call_impl\n    return self._call_impl(*args, **kwargs)\n  File "/home/lijiaxing/.conda/envs/api/lib/python3.10/site-packages/torch/nn/modules/module.py", line 1784, in _call_impl\n    return forward_call(*args, **kwargs)\n  File "/tmp/tmptxiuxis1.py", line 38, in forward\n    _conv_transpose2d_kernel[grid](\n  File "/home/lijiaxing/.conda/envs/api/lib/python3.10/site-packages/triton/runtime/jit.py", line 390, in <lambda>\n    return lambda *args, **kwargs: self.run(grid=grid, warmup=False, *args, **kwargs)\n  File "/home/lijiaxing/.conda/envs/api/lib/python3.10/site-packages/triton/runtime/jit.py", line 611, in run\n    grid_size = len(grid)\nTypeError: object of type \'int\' has no len()\n', 'runtime_error_name': 'builtins.TypeError', 'reference_timing_ms': 0.0523, 'speed_up': -1.0, 'custom_timing': -1.0}, 'runtime': -1.0, 'runtime_stats': {}}}
2025-08-08 18:00:20,346 - openevolve.threaded_parallel - INFO - Checkpoint interval reached at iteration 9
2025-08-08 18:00:20,348 - openevolve.database - INFO - Island Status:
2025-08-08 18:00:20,348 - openevolve.database - INFO -  * Island 0: 6 programs, best=10.0000, avg=8.3333, diversity=183.98, gen=5 (best: ba5e13c6-f470-4618-8b14-9f558cbd9321)
2025-08-08 18:00:20,349 - openevolve.database - INFO -    Island 1: 4 programs, best=10.0000, avg=10.0000, diversity=242.60, gen=3 (best: 6c526147-9960-4876-b90c-7856fed41a6f)
2025-08-08 18:00:20,349 - openevolve.database - INFO -    Island 2: 4 programs, best=10.0000, avg=10.0000, diversity=23.28, gen=3 (best: ed2e1326-cbe7-4b88-ba1b-436f3b197d97)
2025-08-08 18:00:20,543 - openevolve.database - INFO - Saved database with 12 programs to openevolve_output/level1_78_conv_transposed_2D_asymmetric_input_asymmetric_kernel___padded__/checkpoints/checkpoint_9
2025-08-08 18:00:20,563 - openevolve.controller - INFO - Saved best program at checkpoint 9 with metrics: compiled=1.0000, correctness=0.0000, score=10.0000, stage=wrong_answer, verify_payload={'id': 'level1_78_conv_transposed_2D_asymmetric_input_asymmetric_kernel___padded__', 'result': {'compiled': True, 'correctness': False, 'metadata': {'hardware': 'NVIDIA L20Y', 'device': 'cuda:5', 'runtime_error': 'Traceback (most recent call last):\n  File "/cpfs01/shared/llm_kernel/hujiakai/KernelLLM/validation_api_server/helpers/evaluations.py", line 720, in run_and_check_correctness\n    output_new = model_new(*inputs)\n  File "/home/lijiaxing/.conda/envs/api/lib/python3.10/site-packages/torch/nn/modules/module.py", line 1773, in _wrapped_call_impl\n    return self._call_impl(*args, **kwargs)\n  File "/home/lijiaxing/.conda/envs/api/lib/python3.10/site-packages/torch/nn/modules/module.py", line 1784, in _call_impl\n    return forward_call(*args, **kwargs)\n  File "/tmp/tmpnuqejyc1.py", line 38, in forward\n    _conv_transpose2d_kernel[grid](\n  File "/home/lijiaxing/.conda/envs/api/lib/python3.10/site-packages/triton/runtime/jit.py", line 390, in <lambda>\n    return lambda *args, **kwargs: self.run(grid=grid, warmup=False, *args, **kwargs)\n  File "/home/lijiaxing/.conda/envs/api/lib/python3.10/site-packages/triton/runtime/jit.py", line 594, in run\n    kernel = self.compile(src, target=target, options=options.__dict__)\n  File "/home/lijiaxing/.conda/envs/api/lib/python3.10/site-packages/triton/compiler/compiler.py", line 339, in compile\n    module = src.make_ir(options, codegen_fns, module_map, context)\n  File "/home/lijiaxing/.conda/envs/api/lib/python3.10/site-packages/triton/compiler/compiler.py", line 83, in make_ir\n    return ast_to_ttir(self.fn, self, context=context, options=options, codegen_fns=codegen_fns,\ntriton.compiler.errors.CompilationError: at 65:32:\n                # Combined mask\n                mask = valid_mask & in_bounds & h_mask[:, None] & w_mask[None, :]\n\n                # Compute memory offsets\n                x_offset = (batch_idx * x_batch_stride + \n                            c * x_channel_stride + \n                            input_h_int * x_height_stride + \n                            input_w_int * x_width_stride)\n                weight_offset = weight_channel_offset * kernel_h * kernel_w + kh * kernel_w + kw\n\n                # Load input and weight\n                x_val = tl.load(x_ptr + x_offset, mask=mask, other=0.0)\n                                ^\nIncompatibleTypeErrorImpl(\'invalid operands of type pointer<fp32> and triton.language.float32\')\n\n\nThe above exception was the direct cause of the following exception:\n\nTraceback (most recent call last):\n  File "/home/lijiaxing/.conda/envs/api/lib/python3.10/site-packages/triton/language/core.py", line 42, in wrapper\n    return fn(*args, **kwargs)\n  File "/home/lijiaxing/.conda/envs/api/lib/python3.10/site-packages/triton/language/core.py", line 900, in __add__\n    return add(self, other, sanitize_overflow=True, _semantic=_semantic)\n  File "/home/lijiaxing/.conda/envs/api/lib/python3.10/site-packages/triton/language/core.py", line 42, in wrapper\n    return fn(*args, **kwargs)\n  File "/home/lijiaxing/.conda/envs/api/lib/python3.10/site-packages/triton/language/core.py", line 2468, in add\n    return _semantic.add(x, y, sanitize_overflow)\n  File "/home/lijiaxing/.conda/envs/api/lib/python3.10/site-packages/triton/language/semantic.py", line 226, in add\n    input, other = self.binary_op_type_checking_impl(input, other, True, True)\n  File "/home/lijiaxing/.conda/envs/api/lib/python3.10/site-packages/triton/language/semantic.py", line 184, in binary_op_type_checking_impl\n    self.check_ptr_type_impl(lhs_sca_ty, rhs_sca_ty, allow_lhs_ptr)\n  File "/home/lijiaxing/.conda/envs/api/lib/python3.10/site-packages/triton/language/semantic.py", line 167, in check_ptr_type_impl\n    raise IncompatibleTypeErrorImpl(type_a, type_b)\ntriton.language.semantic.IncompatibleTypeErrorImpl: invalid operands of type pointer<fp32> and triton.language.float32\n', 'runtime_error_name': 'triton.compiler.errors.CompilationError', 'reference_timing_ms': 0.0523, 'speed_up': -1.0, 'custom_timing': -1.0}, 'runtime': -1.0, 'runtime_stats': {}}}
2025-08-08 18:00:20,563 - openevolve.controller - INFO - Saved checkpoint at iteration 9 to openevolve_output/level1_78_conv_transposed_2D_asymmetric_input_asymmetric_kernel___padded__/checkpoints/checkpoint_9
2025-08-08 18:07:29,231 - openevolve.RemoteSpeedupEvaluator - INFO - [level1_78_conv_transposed_2D_asymmetric_input_asymmetric_kernel___padded__] triton key words check pass
2025-08-08 18:07:29,232 - openevolve.RemoteSpeedupEvaluator - INFO - [level1_78_conv_transposed_2D_asymmetric_input_asymmetric_kernel___padded__] verify_plus payload: reference_code(1768 chars) + custom_code(6239 chars)
2025-08-08 18:07:33,265 - openevolve.RemoteSpeedupEvaluator - INFO - [level1_78_conv_transposed_2D_asymmetric_input_asymmetric_kernel___padded__] verify_plus request success
2025-08-08 18:07:33,265 - openevolve.RemoteSpeedupEvaluator - INFO - [level1_78_conv_transposed_2D_asymmetric_input_asymmetric_kernel___padded__] verify_plus response: {"id":"level1_78_conv_transposed_2D_asymmetric_input_asymmetric_kernel___padded__","result":{"compiled":true,"correctness":false,"metadata":{"hardware":"NVIDIA L20Y","device":"cuda:6","max_difference":["119.947678","131.330063","126.837341","122.084053","128.829239"],"avg_difference":["17.560755","17.558903","17.546637","17.559168","17.562952"],"correctness_issue":"Output mismatch","correctness_trials":"(0 / 5)","reference_timing_ms":0.0523,"speed_up":-1.0,"custom_timing":-1.0},"runtime":-1.0,"runtime_stats":{}}}
2025-08-08 18:07:33,265 - openevolve.RemoteSpeedupEvaluator - INFO - [level1_78_conv_transposed_2D_asymmetric_input_asymmetric_kernel___padded__] âœ˜ wrong_answer
2025-08-08 18:07:33,266 - openevolve.evaluator - INFO - Evaluated program 64a7a4e7-2ff3-49d0-b167-e9221eb4c542 in 4.04s: compiled=1.0000, correctness=0.0000, score=10.0000, stage=wrong_answer, verify_payload={'id': 'level1_78_conv_transposed_2D_asymmetric_input_asymmetric_kernel___padded__', 'result': {'compiled': True, 'correctness': False, 'metadata': {'hardware': 'NVIDIA L20Y', 'device': 'cuda:6', 'max_difference': ['119.947678', '131.330063', '126.837341', '122.084053', '128.829239'], 'avg_difference': ['17.560755', '17.558903', '17.546637', '17.559168', '17.562952'], 'correctness_issue': 'Output mismatch', 'correctness_trials': '(0 / 5)', 'reference_timing_ms': 0.0523, 'speed_up': -1.0, 'custom_timing': -1.0}, 'runtime': -1.0, 'runtime_stats': {}}}
2025-08-08 18:07:33,270 - openevolve.llm.ensemble - INFO - Sampled model: deepseek
2025-08-08 18:07:33,288 - openevolve.threaded_parallel - INFO - Iteration 13: Program 64a7a4e7-2ff3-49d0-b167-e9221eb4c542 (parent: 5252d29c-3dbc-4100-b984-89a0996917fe) completed in 432.93s
2025-08-08 18:07:33,288 - openevolve.threaded_parallel - INFO - Metrics: compiled=1.0000, correctness=0.0000, score=10.0000, stage=wrong_answer, verify_payload={'id': 'level1_78_conv_transposed_2D_asymmetric_input_asymmetric_kernel___padded__', 'result': {'compiled': True, 'correctness': False, 'metadata': {'hardware': 'NVIDIA L20Y', 'device': 'cuda:6', 'max_difference': ['119.947678', '131.330063', '126.837341', '122.084053', '128.829239'], 'avg_difference': ['17.560755', '17.558903', '17.546637', '17.559168', '17.562952'], 'correctness_issue': 'Output mismatch', 'correctness_trials': '(0 / 5)', 'reference_timing_ms': 0.0523, 'speed_up': -1.0, 'custom_timing': -1.0}, 'runtime': -1.0, 'runtime_stats': {}}}
2025-08-08 18:11:42,252 - openevolve.RemoteSpeedupEvaluator - INFO - [level1_78_conv_transposed_2D_asymmetric_input_asymmetric_kernel___padded__] triton key words check pass
2025-08-08 18:11:42,253 - openevolve.RemoteSpeedupEvaluator - INFO - [level1_78_conv_transposed_2D_asymmetric_input_asymmetric_kernel___padded__] verify_plus payload: reference_code(1768 chars) + custom_code(7766 chars)
2025-08-08 18:11:49,815 - openevolve.RemoteSpeedupEvaluator - INFO - [level1_78_conv_transposed_2D_asymmetric_input_asymmetric_kernel___padded__] verify_plus request success
2025-08-08 18:11:49,815 - openevolve.RemoteSpeedupEvaluator - INFO - [level1_78_conv_transposed_2D_asymmetric_input_asymmetric_kernel___padded__] verify_plus response: {"id":"level1_78_conv_transposed_2D_asymmetric_input_asymmetric_kernel___padded__","result":{"compiled":true,"correctness":true,"metadata":{"hardware":"NVIDIA L20Y","device":"cuda:2","correctness_trials":"(5 / 5)","reference_timing_ms":0.0523,"speed_up":0.002,"custom_timing":32.7},"runtime":32.7,"runtime_stats":{"mean":32.7,"std":0.0469,"min":32.7,"max":33.0,"num_trials":100,"hardware":"NVIDIA L20Y","device":"cuda:2"}}}
2025-08-08 18:11:49,815 - openevolve.RemoteSpeedupEvaluator - INFO - [level1_78_conv_transposed_2D_asymmetric_input_asymmetric_kernel___padded__] âœ” success | speed_up=0.002  score=20.00
2025-08-08 18:11:49,815 - openevolve.evaluator - INFO - Evaluated program f2d5d3b4-df98-486a-9ced-fea9d0489da7 in 7.56s: compiled=1.0000, correctness=1.0000, stage=success, passed=0.0000, score=20.0000, speed_up=0.0020, runtime_ms=32.7000, meta={'hardware': 'NVIDIA L20Y', 'device': 'cuda:2', 'correctness_trials': '(5 / 5)', 'reference_timing_ms': 0.0523, 'speed_up': 0.002, 'custom_timing': 32.7}
2025-08-08 18:11:49,820 - openevolve.llm.ensemble - INFO - Sampled model: deepseek
2025-08-08 18:11:49,823 - openevolve.database - INFO - MAP-Elites cell improved: {'score': 9, 'complexity': 9} (fitness: 10.000 -> 20.000)
2025-08-08 18:11:49,823 - openevolve.database - INFO - New best program f2d5d3b4-df98-486a-9ced-fea9d0489da7 replaces ba5e13c6-f470-4618-8b14-9f558cbd9321
2025-08-08 18:11:49,835 - openevolve.threaded_parallel - INFO - Iteration 11: Program f2d5d3b4-df98-486a-9ced-fea9d0489da7 (parent: f161f445-64c3-46f0-81b9-8e63782c56df) completed in 825.86s
2025-08-08 18:11:49,835 - openevolve.threaded_parallel - INFO - Metrics: compiled=1.0000, correctness=1.0000, stage=success, passed=0.0000, score=20.0000, speed_up=0.0020, runtime_ms=32.7000, meta={'hardware': 'NVIDIA L20Y', 'device': 'cuda:2', 'correctness_trials': '(5 / 5)', 'reference_timing_ms': 0.0523, 'speed_up': 0.002, 'custom_timing': 32.7}
2025-08-08 18:11:49,835 - openevolve.threaded_parallel - INFO - ðŸŒŸ New best solution found at iteration 11: f2d5d3b4-df98-486a-9ced-fea9d0489da7
2025-08-08 18:11:57,905 - openevolve.RemoteSpeedupEvaluator - INFO - [level1_78_conv_transposed_2D_asymmetric_input_asymmetric_kernel___padded__] triton key words check pass
2025-08-08 18:11:57,905 - openevolve.RemoteSpeedupEvaluator - INFO - [level1_78_conv_transposed_2D_asymmetric_input_asymmetric_kernel___padded__] verify_plus payload: reference_code(1768 chars) + custom_code(6059 chars)
2025-08-08 18:12:01,890 - openevolve.RemoteSpeedupEvaluator - INFO - [level1_78_conv_transposed_2D_asymmetric_input_asymmetric_kernel___padded__] verify_plus request success
2025-08-08 18:12:01,890 - openevolve.RemoteSpeedupEvaluator - INFO - [level1_78_conv_transposed_2D_asymmetric_input_asymmetric_kernel___padded__] verify_plus response: {"id":"level1_78_conv_transposed_2D_asymmetric_input_asymmetric_kernel___padded__","result":{"compiled":true,"correctness":false,"metadata":{"hardware":"NVIDIA L20Y","device":"cuda:6","max_difference":["119.947678","131.330063","126.837341","122.084053","128.829239"],"avg_difference":["17.560755","17.558903","17.546637","17.559168","17.562952"],"correctness_issue":"Output mismatch","correctness_trials":"(0 / 5)","reference_timing_ms":0.0523,"speed_up":-1.0,"custom_timing":-1.0},"runtime":-1.0,"runtime_stats":{}}}
2025-08-08 18:12:01,890 - openevolve.RemoteSpeedupEvaluator - INFO - [level1_78_conv_transposed_2D_asymmetric_input_asymmetric_kernel___padded__] âœ˜ wrong_answer
2025-08-08 18:12:01,890 - openevolve.evaluator - INFO - Evaluated program bb502953-8164-4609-bfc1-f15aaf7b13f2 in 3.99s: compiled=1.0000, correctness=0.0000, score=10.0000, stage=wrong_answer, verify_payload={'id': 'level1_78_conv_transposed_2D_asymmetric_input_asymmetric_kernel___padded__', 'result': {'compiled': True, 'correctness': False, 'metadata': {'hardware': 'NVIDIA L20Y', 'device': 'cuda:6', 'max_difference': ['119.947678', '131.330063', '126.837341', '122.084053', '128.829239'], 'avg_difference': ['17.560755', '17.558903', '17.546637', '17.559168', '17.562952'], 'correctness_issue': 'Output mismatch', 'correctness_trials': '(0 / 5)', 'reference_timing_ms': 0.0523, 'speed_up': -1.0, 'custom_timing': -1.0}, 'runtime': -1.0, 'runtime_stats': {}}}
2025-08-08 18:12:01,894 - openevolve.database - INFO - New MAP-Elites cell occupied: {'score': 9, 'complexity': 7}
2025-08-08 18:12:01,895 - openevolve.llm.ensemble - INFO - Sampled model: deepseek
2025-08-08 18:12:01,906 - openevolve.threaded_parallel - INFO - Iteration 12: Program bb502953-8164-4609-bfc1-f15aaf7b13f2 (parent: ba5e13c6-f470-4618-8b14-9f558cbd9321) completed in 717.16s
2025-08-08 18:12:01,907 - openevolve.threaded_parallel - INFO - Metrics: compiled=1.0000, correctness=0.0000, score=10.0000, stage=wrong_answer, verify_payload={'id': 'level1_78_conv_transposed_2D_asymmetric_input_asymmetric_kernel___padded__', 'result': {'compiled': True, 'correctness': False, 'metadata': {'hardware': 'NVIDIA L20Y', 'device': 'cuda:6', 'max_difference': ['119.947678', '131.330063', '126.837341', '122.084053', '128.829239'], 'avg_difference': ['17.560755', '17.558903', '17.546637', '17.559168', '17.562952'], 'correctness_issue': 'Output mismatch', 'correctness_trials': '(0 / 5)', 'reference_timing_ms': 0.0523, 'speed_up': -1.0, 'custom_timing': -1.0}, 'runtime': -1.0, 'runtime_stats': {}}}
2025-08-08 18:12:01,907 - openevolve.threaded_parallel - INFO - Checkpoint interval reached at iteration 12
2025-08-08 18:12:01,909 - openevolve.database - INFO - Island Status:
2025-08-08 18:12:01,909 - openevolve.database - INFO -  * Island 0: 7 programs, best=10.0000, avg=8.5714, diversity=68.53, gen=6 (best: ba5e13c6-f470-4618-8b14-9f558cbd9321)
2025-08-08 18:12:01,909 - openevolve.database - INFO -    Island 1: 5 programs, best=20.0000, avg=12.0000, diversity=386.85, gen=4 (best: f2d5d3b4-df98-486a-9ced-fea9d0489da7)
2025-08-08 18:12:01,909 - openevolve.database - INFO -    Island 2: 5 programs, best=10.0000, avg=10.0000, diversity=18.13, gen=4 (best: ed2e1326-cbe7-4b88-ba1b-436f3b197d97)
2025-08-08 18:12:02,082 - openevolve.database - INFO - Saved database with 15 programs to openevolve_output/level1_78_conv_transposed_2D_asymmetric_input_asymmetric_kernel___padded__/checkpoints/checkpoint_12
2025-08-08 18:12:02,097 - openevolve.controller - INFO - Saved best program at checkpoint 12 with metrics: compiled=1.0000, correctness=1.0000, stage=success, passed=0.0000, score=20.0000, speed_up=0.0020, runtime_ms=32.7000, meta={'hardware': 'NVIDIA L20Y', 'device': 'cuda:2', 'correctness_trials': '(5 / 5)', 'reference_timing_ms': 0.0523, 'speed_up': 0.002, 'custom_timing': 32.7}
2025-08-08 18:12:02,097 - openevolve.controller - INFO - Saved checkpoint at iteration 12 to openevolve_output/level1_78_conv_transposed_2D_asymmetric_input_asymmetric_kernel___padded__/checkpoints/checkpoint_12
2025-08-08 18:18:01,648 - openevolve.RemoteSpeedupEvaluator - INFO - [level1_78_conv_transposed_2D_asymmetric_input_asymmetric_kernel___padded__] triton key words check pass
2025-08-08 18:18:01,650 - openevolve.RemoteSpeedupEvaluator - INFO - [level1_78_conv_transposed_2D_asymmetric_input_asymmetric_kernel___padded__] verify_plus payload: reference_code(1768 chars) + custom_code(6116 chars)
2025-08-08 18:18:05,458 - openevolve.RemoteSpeedupEvaluator - INFO - [level1_78_conv_transposed_2D_asymmetric_input_asymmetric_kernel___padded__] verify_plus request success
2025-08-08 18:18:05,459 - openevolve.RemoteSpeedupEvaluator - INFO - [level1_78_conv_transposed_2D_asymmetric_input_asymmetric_kernel___padded__] verify_plus response: {"id":"level1_78_conv_transposed_2D_asymmetric_input_asymmetric_kernel___padded__","result":{"compiled":true,"correctness":false,"metadata":{"hardware":"NVIDIA L20Y","device":"cuda:2","max_difference":["119.947678","131.330063","126.837341","122.084053","128.829239"],"avg_difference":["17.560755","17.558903","17.546637","17.559168","17.562952"],"correctness_issue":"Output mismatch","correctness_trials":"(0 / 5)","reference_timing_ms":0.0523,"speed_up":-1.0,"custom_timing":-1.0},"runtime":-1.0,"runtime_stats":{}}}
2025-08-08 18:18:05,459 - openevolve.RemoteSpeedupEvaluator - INFO - [level1_78_conv_transposed_2D_asymmetric_input_asymmetric_kernel___padded__] âœ˜ wrong_answer
2025-08-08 18:18:05,459 - openevolve.evaluator - INFO - Evaluated program 7ee9b3b9-52f7-473b-8c72-2313fa815186 in 3.81s: compiled=1.0000, correctness=0.0000, score=10.0000, stage=wrong_answer, verify_payload={'id': 'level1_78_conv_transposed_2D_asymmetric_input_asymmetric_kernel___padded__', 'result': {'compiled': True, 'correctness': False, 'metadata': {'hardware': 'NVIDIA L20Y', 'device': 'cuda:2', 'max_difference': ['119.947678', '131.330063', '126.837341', '122.084053', '128.829239'], 'avg_difference': ['17.560755', '17.558903', '17.546637', '17.559168', '17.562952'], 'correctness_issue': 'Output mismatch', 'correctness_trials': '(0 / 5)', 'reference_timing_ms': 0.0523, 'speed_up': -1.0, 'custom_timing': -1.0}, 'runtime': -1.0, 'runtime_stats': {}}}
2025-08-08 18:18:05,465 - openevolve.llm.ensemble - INFO - Sampled model: deepseek
2025-08-08 18:18:05,474 - openevolve.threaded_parallel - INFO - Iteration 14: Program 7ee9b3b9-52f7-473b-8c72-2313fa815186 (parent: 5ce2f84f-53e1-4a99-9a4f-5efd6928e64d) completed in 632.19s
2025-08-08 18:18:05,475 - openevolve.threaded_parallel - INFO - Metrics: compiled=1.0000, correctness=0.0000, score=10.0000, stage=wrong_answer, verify_payload={'id': 'level1_78_conv_transposed_2D_asymmetric_input_asymmetric_kernel___padded__', 'result': {'compiled': True, 'correctness': False, 'metadata': {'hardware': 'NVIDIA L20Y', 'device': 'cuda:2', 'max_difference': ['119.947678', '131.330063', '126.837341', '122.084053', '128.829239'], 'avg_difference': ['17.560755', '17.558903', '17.546637', '17.559168', '17.562952'], 'correctness_issue': 'Output mismatch', 'correctness_trials': '(0 / 5)', 'reference_timing_ms': 0.0523, 'speed_up': -1.0, 'custom_timing': -1.0}, 'runtime': -1.0, 'runtime_stats': {}}}
2025-08-08 18:19:20,373 - openevolve.RemoteSpeedupEvaluator - INFO - [level1_78_conv_transposed_2D_asymmetric_input_asymmetric_kernel___padded__] âœ˜ invalid_answer 'import triton' is not found
2025-08-08 18:19:20,375 - openevolve.evaluator - INFO - Evaluated program fa54ac98-d1ee-4c90-b92a-181196c90325 in 0.00s: compiled=0.0000, correctness=0.0000, score=-100.0000, stage=no_valid_triton_code, feedback=You need to generate real and valid triton code for the core function. The key word 'import triton' is not found.
2025-08-08 18:19:20,378 - openevolve.llm.ensemble - INFO - Sampled model: deepseek
2025-08-08 18:19:20,381 - openevolve.database - INFO - New MAP-Elites cell occupied: {'score': -1000, 'complexity': 0}
2025-08-08 18:19:20,389 - openevolve.threaded_parallel - INFO - Iteration 15: Program fa54ac98-d1ee-4c90-b92a-181196c90325 (parent: 4883f561-b362-40bc-a4bf-efb0f23d3a87) completed in 450.55s
2025-08-08 18:19:20,389 - openevolve.threaded_parallel - INFO - Metrics: compiled=0.0000, correctness=0.0000, score=-100.0000, stage=no_valid_triton_code, feedback=You need to generate real and valid triton code for the core function. The key word 'import triton' is not found.
2025-08-08 18:19:20,389 - openevolve.threaded_parallel - INFO - Checkpoint interval reached at iteration 15
2025-08-08 18:19:20,391 - openevolve.database - INFO - Island Status:
2025-08-08 18:19:20,391 - openevolve.database - INFO -    Island 0: 8 programs, best=10.0000, avg=8.7500, diversity=57.73, gen=6 (best: ba5e13c6-f470-4618-8b14-9f558cbd9321)
2025-08-08 18:19:20,391 - openevolve.database - INFO -    Island 1: 6 programs, best=20.0000, avg=-6.6667, diversity=386.85, gen=5 (best: f2d5d3b4-df98-486a-9ced-fea9d0489da7)
2025-08-08 18:19:20,391 - openevolve.database - INFO -  * Island 2: 5 programs, best=10.0000, avg=10.0000, diversity=18.13, gen=5 (best: ed2e1326-cbe7-4b88-ba1b-436f3b197d97)
2025-08-08 18:19:20,592 - openevolve.database - INFO - Saved database with 17 programs to openevolve_output/level1_78_conv_transposed_2D_asymmetric_input_asymmetric_kernel___padded__/checkpoints/checkpoint_15
2025-08-08 18:19:20,608 - openevolve.controller - INFO - Saved best program at checkpoint 15 with metrics: compiled=1.0000, correctness=1.0000, stage=success, passed=0.0000, score=20.0000, speed_up=0.0020, runtime_ms=32.7000, meta={'hardware': 'NVIDIA L20Y', 'device': 'cuda:2', 'correctness_trials': '(5 / 5)', 'reference_timing_ms': 0.0523, 'speed_up': 0.002, 'custom_timing': 32.7}
2025-08-08 18:19:20,608 - openevolve.controller - INFO - Saved checkpoint at iteration 15 to openevolve_output/level1_78_conv_transposed_2D_asymmetric_input_asymmetric_kernel___padded__/checkpoints/checkpoint_15
2025-08-08 18:23:43,538 - openevolve.RemoteSpeedupEvaluator - INFO - [level1_78_conv_transposed_2D_asymmetric_input_asymmetric_kernel___padded__] triton key words check pass
2025-08-08 18:23:43,539 - openevolve.RemoteSpeedupEvaluator - INFO - [level1_78_conv_transposed_2D_asymmetric_input_asymmetric_kernel___padded__] verify_plus payload: reference_code(1768 chars) + custom_code(5834 chars)
2025-08-08 18:23:47,145 - openevolve.RemoteSpeedupEvaluator - INFO - [level1_78_conv_transposed_2D_asymmetric_input_asymmetric_kernel___padded__] verify_plus request success
2025-08-08 18:23:47,146 - openevolve.RemoteSpeedupEvaluator - INFO - [level1_78_conv_transposed_2D_asymmetric_input_asymmetric_kernel___padded__] verify_plus response: {"id":"level1_78_conv_transposed_2D_asymmetric_input_asymmetric_kernel___padded__","result":{"compiled":true,"correctness":false,"metadata":{"hardware":"NVIDIA L20Y","device":"cuda:0","runtime_error":"Traceback (most recent call last):\n  File \"/cpfs01/shared/llm_kernel/hujiakai/KernelLLM/validation_api_server/helpers/evaluations.py\", line 720, in run_and_check_correctness\n    output_new = model_new(*inputs)\n  File \"/home/lijiaxing/.conda/envs/api/lib/python3.10/site-packages/torch/nn/modules/module.py\", line 1773, in _wrapped_call_impl\n    return self._call_impl(*args, **kwargs)\n  File \"/home/lijiaxing/.conda/envs/api/lib/python3.10/site-packages/torch/nn/modules/module.py\", line 1784, in _call_impl\n    return forward_call(*args, **kwargs)\n  File \"/tmp/tmpasww3y2h.py\", line 
2025-08-08 18:23:47,146 - openevolve.RemoteSpeedupEvaluator - INFO - [level1_78_conv_transposed_2D_asymmetric_input_asymmetric_kernel___padded__] âœ˜ wrong_answer
2025-08-08 18:23:47,146 - openevolve.evaluator - INFO - Evaluated program 0a2fb3a9-b209-446f-8e67-ab6e82dbb297 in 3.61s: compiled=1.0000, correctness=0.0000, score=10.0000, stage=wrong_answer, verify_payload={'id': 'level1_78_conv_transposed_2D_asymmetric_input_asymmetric_kernel___padded__', 'result': {'compiled': True, 'correctness': False, 'metadata': {'hardware': 'NVIDIA L20Y', 'device': 'cuda:0', 'runtime_error': 'Traceback (most recent call last):\n  File "/cpfs01/shared/llm_kernel/hujiakai/KernelLLM/validation_api_server/helpers/evaluations.py", line 720, in run_and_check_correctness\n    output_new = model_new(*inputs)\n  File "/home/lijiaxing/.conda/envs/api/lib/python3.10/site-packages/torch/nn/modules/module.py", line 1773, in _wrapped_call_impl\n    return self._call_impl(*args, **kwargs)\n  File "/home/lijiaxing/.conda/envs/api/lib/python3.10/site-packages/torch/nn/modules/module.py", line 1784, in _call_impl\n    return forward_call(*args, **kwargs)\n  File "/tmp/tmpasww3y2h.py", line 36, in forward\n    _conv_transpose2d_kernel[grid](\n  File "/home/lijiaxing/.conda/envs/api/lib/python3.10/site-packages/triton/runtime/jit.py", line 390, in <lambda>\n    return lambda *args, **kwargs: self.run(grid=grid, warmup=False, *args, **kwargs)\n  File "/home/lijiaxing/.conda/envs/api/lib/python3.10/site-packages/triton/runtime/jit.py", line 611, in run\n    grid_size = len(grid)\nTypeError: object of type \'int\' has no len()\n', 'runtime_error_name': 'builtins.TypeError', 'reference_timing_ms': 0.0523, 'speed_up': -1.0, 'custom_timing': -1.0}, 'runtime': -1.0, 'runtime_stats': {}}}
2025-08-08 18:23:47,150 - openevolve.llm.ensemble - INFO - Sampled model: deepseek
2025-08-08 18:23:47,169 - openevolve.threaded_parallel - INFO - Iteration 16: Program 0a2fb3a9-b209-446f-8e67-ab6e82dbb297 (parent: ed2e1326-cbe7-4b88-ba1b-436f3b197d97) completed in 705.25s
2025-08-08 18:23:47,169 - openevolve.threaded_parallel - INFO - Metrics: compiled=1.0000, correctness=0.0000, score=10.0000, stage=wrong_answer, verify_payload={'id': 'level1_78_conv_transposed_2D_asymmetric_input_asymmetric_kernel___padded__', 'result': {'compiled': True, 'correctness': False, 'metadata': {'hardware': 'NVIDIA L20Y', 'device': 'cuda:0', 'runtime_error': 'Traceback (most recent call last):\n  File "/cpfs01/shared/llm_kernel/hujiakai/KernelLLM/validation_api_server/helpers/evaluations.py", line 720, in run_and_check_correctness\n    output_new = model_new(*inputs)\n  File "/home/lijiaxing/.conda/envs/api/lib/python3.10/site-packages/torch/nn/modules/module.py", line 1773, in _wrapped_call_impl\n    return self._call_impl(*args, **kwargs)\n  File "/home/lijiaxing/.conda/envs/api/lib/python3.10/site-packages/torch/nn/modules/module.py", line 1784, in _call_impl\n    return forward_call(*args, **kwargs)\n  File "/tmp/tmpasww3y2h.py", line 36, in forward\n    _conv_transpose2d_kernel[grid](\n  File "/home/lijiaxing/.conda/envs/api/lib/python3.10/site-packages/triton/runtime/jit.py", line 390, in <lambda>\n    return lambda *args, **kwargs: self.run(grid=grid, warmup=False, *args, **kwargs)\n  File "/home/lijiaxing/.conda/envs/api/lib/python3.10/site-packages/triton/runtime/jit.py", line 611, in run\n    grid_size = len(grid)\nTypeError: object of type \'int\' has no len()\n', 'runtime_error_name': 'builtins.TypeError', 'reference_timing_ms': 0.0523, 'speed_up': -1.0, 'custom_timing': -1.0}, 'runtime': -1.0, 'runtime_stats': {}}}
2025-08-08 18:27:35,747 - openevolve.RemoteSpeedupEvaluator - INFO - [level1_78_conv_transposed_2D_asymmetric_input_asymmetric_kernel___padded__] triton key words check pass
2025-08-08 18:27:35,749 - openevolve.RemoteSpeedupEvaluator - INFO - [level1_78_conv_transposed_2D_asymmetric_input_asymmetric_kernel___padded__] verify_plus payload: reference_code(1768 chars) + custom_code(7340 chars)
2025-08-08 18:27:39,405 - openevolve.RemoteSpeedupEvaluator - INFO - [level1_78_conv_transposed_2D_asymmetric_input_asymmetric_kernel___padded__] verify_plus request success
2025-08-08 18:27:39,405 - openevolve.RemoteSpeedupEvaluator - INFO - [level1_78_conv_transposed_2D_asymmetric_input_asymmetric_kernel___padded__] verify_plus response: {"id":"level1_78_conv_transposed_2D_asymmetric_input_asymmetric_kernel___padded__","result":{"compiled":true,"correctness":false,"metadata":{"hardware":"NVIDIA L20Y","device":"cuda:0","runtime_error":"Traceback (most recent call last):\n  File \"/cpfs01/shared/llm_kernel/hujiakai/KernelLLM/validation_api_server/helpers/evaluations.py\", line 720, in run_and_check_correctness\n    output_new = model_new(*inputs)\n  File \"/home/lijiaxing/.conda/envs/api/lib/python3.10/site-packages/torch/nn/modules/module.py\", line 1773, in _wrapped_call_impl\n    return self._call_impl(*args, **kwargs)\n  File \"/home/lijiaxing/.conda/envs/api/lib/python3.10/site-packages/torch/nn/modules/module.py\", line 1784, in _call_impl\n    return forward_call(*args, **kwargs)\n  File \"/tmp/tmpu9yzu5zu.py\", line 
2025-08-08 18:27:39,405 - openevolve.RemoteSpeedupEvaluator - INFO - [level1_78_conv_transposed_2D_asymmetric_input_asymmetric_kernel___padded__] âœ˜ wrong_answer
2025-08-08 18:27:39,406 - openevolve.evaluator - INFO - Evaluated program 2bcfe522-8a14-4446-b00b-f50e91f6371f in 3.66s: compiled=1.0000, correctness=0.0000, score=10.0000, stage=wrong_answer, verify_payload={'id': 'level1_78_conv_transposed_2D_asymmetric_input_asymmetric_kernel___padded__', 'result': {'compiled': True, 'correctness': False, 'metadata': {'hardware': 'NVIDIA L20Y', 'device': 'cuda:0', 'runtime_error': 'Traceback (most recent call last):\n  File "/cpfs01/shared/llm_kernel/hujiakai/KernelLLM/validation_api_server/helpers/evaluations.py", line 720, in run_and_check_correctness\n    output_new = model_new(*inputs)\n  File "/home/lijiaxing/.conda/envs/api/lib/python3.10/site-packages/torch/nn/modules/module.py", line 1773, in _wrapped_call_impl\n    return self._call_impl(*args, **kwargs)\n  File "/home/lijiaxing/.conda/envs/api/lib/python3.10/site-packages/torch/nn/modules/module.py", line 1784, in _call_impl\n    return forward_call(*args, **kwargs)\n  File "/tmp/tmpu9yzu5zu.py", line 186, in forward\n    _conv_transpose2d_kernel[grid](\n  File "/home/lijiaxing/.conda/envs/api/lib/python3.10/site-packages/triton/runtime/jit.py", line 390, in <lambda>\n    return lambda *args, **kwargs: self.run(grid=grid, warmup=False, *args, **kwargs)\n  File "/home/lijiaxing/.conda/envs/api/lib/python3.10/site-packages/triton/runtime/jit.py", line 594, in run\n    kernel = self.compile(src, target=target, options=options.__dict__)\n  File "/home/lijiaxing/.conda/envs/api/lib/python3.10/site-packages/triton/compiler/compiler.py", line 339, in compile\n    module = src.make_ir(options, codegen_fns, module_map, context)\n  File "/home/lijiaxing/.conda/envs/api/lib/python3.10/site-packages/triton/compiler/compiler.py", line 83, in make_ir\n    return ast_to_ttir(self.fn, self, context=context, options=options, codegen_fns=codegen_fns,\ntriton.compiler.errors.UnsupportedLanguageConstruct: at 63:20:\n\n        # Initialize accumulator\n        acc = 0.0\n\n        # Iterate over input channels\n        for ic in range(0, in_channels):\n            # Iterate over kernel height\n            for kh in range(0, kernel_h):\n                # Compute input height position\n                ih = height_idx + kh - padding_h\n                if ih < 0 or ih >= height * stride_h:\n                    continue\n                    ^\nunsupported AST node type: Continue\n', 'runtime_error_name': 'triton.compiler.errors.UnsupportedLanguageConstruct', 'reference_timing_ms': 0.0523, 'speed_up': -1.0, 'custom_timing': -1.0}, 'runtime': -1.0, 'runtime_stats': {}}}
2025-08-08 18:27:39,410 - openevolve.llm.ensemble - INFO - Sampled model: deepseek
2025-08-08 18:27:39,426 - openevolve.threaded_parallel - INFO - Iteration 17: Program 2bcfe522-8a14-4446-b00b-f50e91f6371f (parent: d8011854-1052-4a74-89ea-d65ebd642c96) completed in 573.94s
2025-08-08 18:27:39,427 - openevolve.threaded_parallel - INFO - Metrics: compiled=1.0000, correctness=0.0000, score=10.0000, stage=wrong_answer, verify_payload={'id': 'level1_78_conv_transposed_2D_asymmetric_input_asymmetric_kernel___padded__', 'result': {'compiled': True, 'correctness': False, 'metadata': {'hardware': 'NVIDIA L20Y', 'device': 'cuda:0', 'runtime_error': 'Traceback (most recent call last):\n  File "/cpfs01/shared/llm_kernel/hujiakai/KernelLLM/validation_api_server/helpers/evaluations.py", line 720, in run_and_check_correctness\n    output_new = model_new(*inputs)\n  File "/home/lijiaxing/.conda/envs/api/lib/python3.10/site-packages/torch/nn/modules/module.py", line 1773, in _wrapped_call_impl\n    return self._call_impl(*args, **kwargs)\n  File "/home/lijiaxing/.conda/envs/api/lib/python3.10/site-packages/torch/nn/modules/module.py", line 1784, in _call_impl\n    return forward_call(*args, **kwargs)\n  File "/tmp/tmpu9yzu5zu.py", line 186, in forward\n    _conv_transpose2d_kernel[grid](\n  File "/home/lijiaxing/.conda/envs/api/lib/python3.10/site-packages/triton/runtime/jit.py", line 390, in <lambda>\n    return lambda *args, **kwargs: self.run(grid=grid, warmup=False, *args, **kwargs)\n  File "/home/lijiaxing/.conda/envs/api/lib/python3.10/site-packages/triton/runtime/jit.py", line 594, in run\n    kernel = self.compile(src, target=target, options=options.__dict__)\n  File "/home/lijiaxing/.conda/envs/api/lib/python3.10/site-packages/triton/compiler/compiler.py", line 339, in compile\n    module = src.make_ir(options, codegen_fns, module_map, context)\n  File "/home/lijiaxing/.conda/envs/api/lib/python3.10/site-packages/triton/compiler/compiler.py", line 83, in make_ir\n    return ast_to_ttir(self.fn, self, context=context, options=options, codegen_fns=codegen_fns,\ntriton.compiler.errors.UnsupportedLanguageConstruct: at 63:20:\n\n        # Initialize accumulator\n        acc = 0.0\n\n        # Iterate over input channels\n        for ic in range(0, in_channels):\n            # Iterate over kernel height\n            for kh in range(0, kernel_h):\n                # Compute input height position\n                ih = height_idx + kh - padding_h\n                if ih < 0 or ih >= height * stride_h:\n                    continue\n                    ^\nunsupported AST node type: Continue\n', 'runtime_error_name': 'triton.compiler.errors.UnsupportedLanguageConstruct', 'reference_timing_ms': 0.0523, 'speed_up': -1.0, 'custom_timing': -1.0}, 'runtime': -1.0, 'runtime_stats': {}}}
2025-08-08 18:37:24,866 - openevolve.RemoteSpeedupEvaluator - INFO - [level1_78_conv_transposed_2D_asymmetric_input_asymmetric_kernel___padded__] triton key words check pass
2025-08-08 18:37:24,868 - openevolve.RemoteSpeedupEvaluator - INFO - [level1_78_conv_transposed_2D_asymmetric_input_asymmetric_kernel___padded__] verify_plus payload: reference_code(1768 chars) + custom_code(6250 chars)
2025-08-08 18:37:25,474 - openevolve.RemoteSpeedupEvaluator - INFO - [level1_78_conv_transposed_2D_asymmetric_input_asymmetric_kernel___padded__] âœ˜ invalid_answer 'import triton' is not found
2025-08-08 18:37:25,475 - openevolve.evaluator - INFO - Evaluated program bca81feb-2402-4618-a192-a4f41af222bb in 0.00s: compiled=0.0000, correctness=0.0000, score=-100.0000, stage=no_valid_triton_code, feedback=You need to generate real and valid triton code for the core function. The key word 'import triton' is not found.
2025-08-08 18:37:25,480 - openevolve.llm.ensemble - INFO - Sampled model: deepseek
2025-08-08 18:37:25,498 - openevolve.threaded_parallel - INFO - Iteration 18: Program bca81feb-2402-4618-a192-a4f41af222bb (parent: 6849dcd1-2992-4ae2-a95d-316c546821f7) completed in 1085.10s
2025-08-08 18:37:25,498 - openevolve.threaded_parallel - INFO - Metrics: compiled=0.0000, correctness=0.0000, score=-100.0000, stage=no_valid_triton_code, feedback=You need to generate real and valid triton code for the core function. The key word 'import triton' is not found.
2025-08-08 18:37:25,499 - openevolve.threaded_parallel - INFO - Checkpoint interval reached at iteration 18
2025-08-08 18:37:25,501 - openevolve.database - INFO - Island Status:
2025-08-08 18:37:25,501 - openevolve.database - INFO -    Island 0: 9 programs, best=10.0000, avg=8.8889, diversity=523.35, gen=7 (best: ba5e13c6-f470-4618-8b14-9f558cbd9321)
2025-08-08 18:37:25,501 - openevolve.database - INFO -    Island 1: 7 programs, best=20.0000, avg=-20.0000, diversity=510.63, gen=6 (best: f2d5d3b4-df98-486a-9ced-fea9d0489da7)
2025-08-08 18:37:25,501 - openevolve.database - INFO -  * Island 2: 6 programs, best=10.0000, avg=10.0000, diversity=47.63, gen=6 (best: ed2e1326-cbe7-4b88-ba1b-436f3b197d97)
2025-08-08 18:37:25,797 - openevolve.database - INFO - Saved database with 20 programs to openevolve_output/level1_78_conv_transposed_2D_asymmetric_input_asymmetric_kernel___padded__/checkpoints/checkpoint_18
2025-08-08 18:37:25,814 - openevolve.controller - INFO - Saved best program at checkpoint 18 with metrics: compiled=1.0000, correctness=1.0000, stage=success, passed=0.0000, score=20.0000, speed_up=0.0020, runtime_ms=32.7000, meta={'hardware': 'NVIDIA L20Y', 'device': 'cuda:2', 'correctness_trials': '(5 / 5)', 'reference_timing_ms': 0.0523, 'speed_up': 0.002, 'custom_timing': 32.7}
2025-08-08 18:37:25,814 - openevolve.controller - INFO - Saved checkpoint at iteration 18 to openevolve_output/level1_78_conv_transposed_2D_asymmetric_input_asymmetric_kernel___padded__/checkpoints/checkpoint_18
2025-08-08 18:37:28,801 - openevolve.RemoteSpeedupEvaluator - INFO - [level1_78_conv_transposed_2D_asymmetric_input_asymmetric_kernel___padded__] verify_plus request success
2025-08-08 18:37:28,802 - openevolve.RemoteSpeedupEvaluator - INFO - [level1_78_conv_transposed_2D_asymmetric_input_asymmetric_kernel___padded__] verify_plus response: {"id":"level1_78_conv_transposed_2D_asymmetric_input_asymmetric_kernel___padded__","result":{"compiled":true,"correctness":false,"metadata":{"hardware":"NVIDIA L20Y","device":"cuda:3","max_difference":["119.947678","131.330063","126.837341","122.084053","128.829239"],"avg_difference":["17.560755","17.558903","17.546637","17.559168","17.562952"],"correctness_issue":"Output mismatch","correctness_trials":"(0 / 5)","reference_timing_ms":0.0523,"speed_up":-1.0,"custom_timing":-1.0},"runtime":-1.0,"runtime_stats":{}}}
2025-08-08 18:37:28,802 - openevolve.RemoteSpeedupEvaluator - INFO - [level1_78_conv_transposed_2D_asymmetric_input_asymmetric_kernel___padded__] âœ˜ wrong_answer
2025-08-08 18:37:28,802 - openevolve.evaluator - INFO - Evaluated program b195a7f7-a98d-4adf-ba1e-682ecb816213 in 3.94s: compiled=1.0000, correctness=0.0000, score=10.0000, stage=wrong_answer, verify_payload={'id': 'level1_78_conv_transposed_2D_asymmetric_input_asymmetric_kernel___padded__', 'result': {'compiled': True, 'correctness': False, 'metadata': {'hardware': 'NVIDIA L20Y', 'device': 'cuda:3', 'max_difference': ['119.947678', '131.330063', '126.837341', '122.084053', '128.829239'], 'avg_difference': ['17.560755', '17.558903', '17.546637', '17.559168', '17.562952'], 'correctness_issue': 'Output mismatch', 'correctness_trials': '(0 / 5)', 'reference_timing_ms': 0.0523, 'speed_up': -1.0, 'custom_timing': -1.0}, 'runtime': -1.0, 'runtime_stats': {}}}
2025-08-08 18:37:28,806 - openevolve.llm.ensemble - INFO - Sampled model: deepseek
2025-08-08 18:37:28,823 - openevolve.threaded_parallel - INFO - Iteration 19: Program b195a7f7-a98d-4adf-ba1e-682ecb816213 (parent: 5252d29c-3dbc-4100-b984-89a0996917fe) completed in 821.65s
2025-08-08 18:37:28,823 - openevolve.threaded_parallel - INFO - Metrics: compiled=1.0000, correctness=0.0000, score=10.0000, stage=wrong_answer, verify_payload={'id': 'level1_78_conv_transposed_2D_asymmetric_input_asymmetric_kernel___padded__', 'result': {'compiled': True, 'correctness': False, 'metadata': {'hardware': 'NVIDIA L20Y', 'device': 'cuda:3', 'max_difference': ['119.947678', '131.330063', '126.837341', '122.084053', '128.829239'], 'avg_difference': ['17.560755', '17.558903', '17.546637', '17.559168', '17.562952'], 'correctness_issue': 'Output mismatch', 'correctness_trials': '(0 / 5)', 'reference_timing_ms': 0.0523, 'speed_up': -1.0, 'custom_timing': -1.0}, 'runtime': -1.0, 'runtime_stats': {}}}
2025-08-08 18:43:28,049 - openevolve.RemoteSpeedupEvaluator - INFO - [level1_78_conv_transposed_2D_asymmetric_input_asymmetric_kernel___padded__] triton key words check pass
2025-08-08 18:43:28,051 - openevolve.RemoteSpeedupEvaluator - INFO - [level1_78_conv_transposed_2D_asymmetric_input_asymmetric_kernel___padded__] verify_plus payload: reference_code(1768 chars) + custom_code(6025 chars)
2025-08-08 18:43:32,324 - openevolve.RemoteSpeedupEvaluator - INFO - [level1_78_conv_transposed_2D_asymmetric_input_asymmetric_kernel___padded__] verify_plus request success
2025-08-08 18:43:32,325 - openevolve.RemoteSpeedupEvaluator - INFO - [level1_78_conv_transposed_2D_asymmetric_input_asymmetric_kernel___padded__] verify_plus response: {"id":"level1_78_conv_transposed_2D_asymmetric_input_asymmetric_kernel___padded__","result":{"compiled":true,"correctness":false,"metadata":{"hardware":"NVIDIA L20Y","device":"cuda:4","max_difference":["119.947678","131.330063","126.837341","122.084053","128.829239"],"avg_difference":["17.560755","17.558903","17.546637","17.559168","17.562952"],"correctness_issue":"Output mismatch","correctness_trials":"(0 / 5)","reference_timing_ms":0.0523,"speed_up":-1.0,"custom_timing":-1.0},"runtime":-1.0,"runtime_stats":{}}}
2025-08-08 18:43:32,325 - openevolve.RemoteSpeedupEvaluator - INFO - [level1_78_conv_transposed_2D_asymmetric_input_asymmetric_kernel___padded__] âœ˜ wrong_answer
2025-08-08 18:43:32,325 - openevolve.evaluator - INFO - Evaluated program 951b710f-9420-41fb-835f-15aa4f5822e3 in 4.28s: compiled=1.0000, correctness=0.0000, score=10.0000, stage=wrong_answer, verify_payload={'id': 'level1_78_conv_transposed_2D_asymmetric_input_asymmetric_kernel___padded__', 'result': {'compiled': True, 'correctness': False, 'metadata': {'hardware': 'NVIDIA L20Y', 'device': 'cuda:4', 'max_difference': ['119.947678', '131.330063', '126.837341', '122.084053', '128.829239'], 'avg_difference': ['17.560755', '17.558903', '17.546637', '17.559168', '17.562952'], 'correctness_issue': 'Output mismatch', 'correctness_trials': '(0 / 5)', 'reference_timing_ms': 0.0523, 'speed_up': -1.0, 'custom_timing': -1.0}, 'runtime': -1.0, 'runtime_stats': {}}}
2025-08-08 18:43:32,331 - openevolve.llm.ensemble - INFO - Sampled model: deepseek
2025-08-08 18:43:32,347 - openevolve.threaded_parallel - INFO - Iteration 20: Program 951b710f-9420-41fb-835f-15aa4f5822e3 (parent: 64a7a4e7-2ff3-49d0-b167-e9221eb4c542) completed in 952.92s
2025-08-08 18:43:32,347 - openevolve.threaded_parallel - INFO - Metrics: compiled=1.0000, correctness=0.0000, score=10.0000, stage=wrong_answer, verify_payload={'id': 'level1_78_conv_transposed_2D_asymmetric_input_asymmetric_kernel___padded__', 'result': {'compiled': True, 'correctness': False, 'metadata': {'hardware': 'NVIDIA L20Y', 'device': 'cuda:4', 'max_difference': ['119.947678', '131.330063', '126.837341', '122.084053', '128.829239'], 'avg_difference': ['17.560755', '17.558903', '17.546637', '17.559168', '17.562952'], 'correctness_issue': 'Output mismatch', 'correctness_trials': '(0 / 5)', 'reference_timing_ms': 0.0523, 'speed_up': -1.0, 'custom_timing': -1.0}, 'runtime': -1.0, 'runtime_stats': {}}}
2025-08-08 18:45:20,146 - openevolve.RemoteSpeedupEvaluator - INFO - [level1_78_conv_transposed_2D_asymmetric_input_asymmetric_kernel___padded__] triton key words check pass
2025-08-08 18:45:20,148 - openevolve.RemoteSpeedupEvaluator - INFO - [level1_78_conv_transposed_2D_asymmetric_input_asymmetric_kernel___padded__] verify_plus payload: reference_code(1768 chars) + custom_code(6147 chars)
2025-08-08 18:45:24,105 - openevolve.RemoteSpeedupEvaluator - INFO - [level1_78_conv_transposed_2D_asymmetric_input_asymmetric_kernel___padded__] verify_plus request success
2025-08-08 18:45:24,105 - openevolve.RemoteSpeedupEvaluator - INFO - [level1_78_conv_transposed_2D_asymmetric_input_asymmetric_kernel___padded__] verify_plus response: {"id":"level1_78_conv_transposed_2D_asymmetric_input_asymmetric_kernel___padded__","result":{"compiled":true,"correctness":false,"metadata":{"hardware":"NVIDIA L20Y","device":"cuda:1","max_difference":["119.947678","131.330063","126.837341","122.084053","128.829239"],"avg_difference":["17.560755","17.558903","17.546637","17.559168","17.562952"],"correctness_issue":"Output mismatch","correctness_trials":"(0 / 5)","reference_timing_ms":0.0523,"speed_up":-1.0,"custom_timing":-1.0},"runtime":-1.0,"runtime_stats":{}}}
2025-08-08 18:45:24,106 - openevolve.RemoteSpeedupEvaluator - INFO - [level1_78_conv_transposed_2D_asymmetric_input_asymmetric_kernel___padded__] âœ˜ wrong_answer
2025-08-08 18:45:24,106 - openevolve.evaluator - INFO - Evaluated program c6477492-ccdb-4e5f-90c8-b093f207fefe in 3.96s: compiled=1.0000, correctness=0.0000, score=10.0000, stage=wrong_answer, verify_payload={'id': 'level1_78_conv_transposed_2D_asymmetric_input_asymmetric_kernel___padded__', 'result': {'compiled': True, 'correctness': False, 'metadata': {'hardware': 'NVIDIA L20Y', 'device': 'cuda:1', 'max_difference': ['119.947678', '131.330063', '126.837341', '122.084053', '128.829239'], 'avg_difference': ['17.560755', '17.558903', '17.546637', '17.559168', '17.562952'], 'correctness_issue': 'Output mismatch', 'correctness_trials': '(0 / 5)', 'reference_timing_ms': 0.0523, 'speed_up': -1.0, 'custom_timing': -1.0}, 'runtime': -1.0, 'runtime_stats': {}}}
2025-08-08 18:45:24,111 - openevolve.llm.ensemble - INFO - Sampled model: deepseek
2025-08-08 18:45:24,127 - openevolve.threaded_parallel - INFO - Iteration 21: Program c6477492-ccdb-4e5f-90c8-b093f207fefe (parent: ba5e13c6-f470-4618-8b14-9f558cbd9321) completed in 478.63s
2025-08-08 18:45:24,127 - openevolve.threaded_parallel - INFO - Metrics: compiled=1.0000, correctness=0.0000, score=10.0000, stage=wrong_answer, verify_payload={'id': 'level1_78_conv_transposed_2D_asymmetric_input_asymmetric_kernel___padded__', 'result': {'compiled': True, 'correctness': False, 'metadata': {'hardware': 'NVIDIA L20Y', 'device': 'cuda:1', 'max_difference': ['119.947678', '131.330063', '126.837341', '122.084053', '128.829239'], 'avg_difference': ['17.560755', '17.558903', '17.546637', '17.559168', '17.562952'], 'correctness_issue': 'Output mismatch', 'correctness_trials': '(0 / 5)', 'reference_timing_ms': 0.0523, 'speed_up': -1.0, 'custom_timing': -1.0}, 'runtime': -1.0, 'runtime_stats': {}}}
2025-08-08 18:45:24,128 - openevolve.threaded_parallel - INFO - Checkpoint interval reached at iteration 21
2025-08-08 18:45:24,130 - openevolve.database - INFO - Island Status:
2025-08-08 18:45:24,130 - openevolve.database - INFO -    Island 0: 10 programs, best=10.0000, avg=9.0000, diversity=523.35, gen=8 (best: ba5e13c6-f470-4618-8b14-9f558cbd9321)
2025-08-08 18:45:24,130 - openevolve.database - INFO -    Island 1: 8 programs, best=20.0000, avg=-16.2500, diversity=510.63, gen=7 (best: f2d5d3b4-df98-486a-9ced-fea9d0489da7)
2025-08-08 18:45:24,130 - openevolve.database - INFO -  * Island 2: 7 programs, best=10.0000, avg=10.0000, diversity=79.35, gen=7 (best: ed2e1326-cbe7-4b88-ba1b-436f3b197d97)
2025-08-08 18:45:24,394 - openevolve.database - INFO - Saved database with 23 programs to openevolve_output/level1_78_conv_transposed_2D_asymmetric_input_asymmetric_kernel___padded__/checkpoints/checkpoint_21
2025-08-08 18:45:24,409 - openevolve.controller - INFO - Saved best program at checkpoint 21 with metrics: compiled=1.0000, correctness=1.0000, stage=success, passed=0.0000, score=20.0000, speed_up=0.0020, runtime_ms=32.7000, meta={'hardware': 'NVIDIA L20Y', 'device': 'cuda:2', 'correctness_trials': '(5 / 5)', 'reference_timing_ms': 0.0523, 'speed_up': 0.002, 'custom_timing': 32.7}
2025-08-08 18:45:24,409 - openevolve.controller - INFO - Saved checkpoint at iteration 21 to openevolve_output/level1_78_conv_transposed_2D_asymmetric_input_asymmetric_kernel___padded__/checkpoints/checkpoint_21
2025-08-08 18:51:50,512 - openevolve.RemoteSpeedupEvaluator - INFO - [level1_78_conv_transposed_2D_asymmetric_input_asymmetric_kernel___padded__] triton key words check pass
2025-08-08 18:51:50,513 - openevolve.RemoteSpeedupEvaluator - INFO - [level1_78_conv_transposed_2D_asymmetric_input_asymmetric_kernel___padded__] verify_plus payload: reference_code(1768 chars) + custom_code(5964 chars)
2025-08-08 18:51:53,702 - openevolve.RemoteSpeedupEvaluator - INFO - [level1_78_conv_transposed_2D_asymmetric_input_asymmetric_kernel___padded__] verify_plus request success
2025-08-08 18:51:53,703 - openevolve.RemoteSpeedupEvaluator - INFO - [level1_78_conv_transposed_2D_asymmetric_input_asymmetric_kernel___padded__] verify_plus response: {"id":"level1_78_conv_transposed_2D_asymmetric_input_asymmetric_kernel___padded__","result":{"compiled":true,"correctness":false,"metadata":{"hardware":"NVIDIA L20Y","device":"cuda:7","runtime_error":"Traceback (most recent call last):\n  File \"/home/lijiaxing/.conda/envs/api/lib/python3.10/site-packages/triton/language/core.py\", line 42, in wrapper\n    return fn(*args, **kwargs)\n  File \"/home/lijiaxing/.conda/envs/api/lib/python3.10/site-packages/triton/language/core.py\", line 1654, in arange\n    return _semantic.arange(start, end)\n  File \"/home/lijiaxing/.conda/envs/api/lib/python3.10/site-packages/triton/language/semantic.py\", line 574, in arange\n    raise ValueError(\"arange's arguments must be of type tl.constexpr\")\nValueError: arange's arguments must be of type tl.conste
2025-08-08 18:51:53,703 - openevolve.RemoteSpeedupEvaluator - INFO - [level1_78_conv_transposed_2D_asymmetric_input_asymmetric_kernel___padded__] âœ˜ wrong_answer
2025-08-08 18:51:53,703 - openevolve.evaluator - INFO - Evaluated program ec4a03fd-c4b1-4f69-8938-75a332f1487e in 3.19s: compiled=1.0000, correctness=0.0000, score=10.0000, stage=wrong_answer, verify_payload={'id': 'level1_78_conv_transposed_2D_asymmetric_input_asymmetric_kernel___padded__', 'result': {'compiled': True, 'correctness': False, 'metadata': {'hardware': 'NVIDIA L20Y', 'device': 'cuda:7', 'runtime_error': 'Traceback (most recent call last):\n  File "/home/lijiaxing/.conda/envs/api/lib/python3.10/site-packages/triton/language/core.py", line 42, in wrapper\n    return fn(*args, **kwargs)\n  File "/home/lijiaxing/.conda/envs/api/lib/python3.10/site-packages/triton/language/core.py", line 1654, in arange\n    return _semantic.arange(start, end)\n  File "/home/lijiaxing/.conda/envs/api/lib/python3.10/site-packages/triton/language/semantic.py", line 574, in arange\n    raise ValueError("arange\'s arguments must be of type tl.constexpr")\nValueError: arange\'s arguments must be of type tl.constexpr\n\nThe above exception was the direct cause of the following exception:\n\nTraceback (most recent call last):\n  File "/cpfs01/shared/llm_kernel/hujiakai/KernelLLM/validation_api_server/helpers/evaluations.py", line 720, in run_and_check_correctness\n    output_new = model_new(*inputs)\n  File "/home/lijiaxing/.conda/envs/api/lib/python3.10/site-packages/torch/nn/modules/module.py", line 1773, in _wrapped_call_impl\n    return self._call_impl(*args, **kwargs)\n  File "/home/lijiaxing/.conda/envs/api/lib/python3.10/site-packages/torch/nn/modules/module.py", line 1784, in _call_impl\n    return forward_call(*args, **kwargs)\n  File "/tmp/tmpbgjik97s.py", line 38, in forward\n    _conv_transpose2d_kernel[grid](\n  File "/home/lijiaxing/.conda/envs/api/lib/python3.10/site-packages/triton/runtime/jit.py", line 390, in <lambda>\n    return lambda *args, **kwargs: self.run(grid=grid, warmup=False, *args, **kwargs)\n  File "/home/lijiaxing/.conda/envs/api/lib/python3.10/site-packages/triton/runtime/jit.py", line 594, in run\n    kernel = self.compile(src, target=target, options=options.__dict__)\n  File "/home/lijiaxing/.conda/envs/api/lib/python3.10/site-packages/triton/compiler/compiler.py", line 339, in compile\n    module = src.make_ir(options, codegen_fns, module_map, context)\n  File "/home/lijiaxing/.conda/envs/api/lib/python3.10/site-packages/triton/compiler/compiler.py", line 83, in make_ir\n    return ast_to_ttir(self.fn, self, context=context, options=options, codegen_fns=codegen_fns,\ntriton.compiler.errors.CompilationError: at 28:30:\n    num_blocks = num_blocks_h * num_blocks_w\n\n    # Compute indices\n    channel_idx = pid % out_channels\n    batch_idx = (pid // out_channels) % batch_size\n    block_idx = pid // (out_channels * batch_size)\n\n    block_h_idx = (block_idx // num_blocks_w) * BLOCK_H\n    block_w_idx = (block_idx % num_blocks_w) * BLOCK_W\n\n    # Offsets for current block\n    h_offsets = block_h_idx + tl.arange(0, BLOCK_H)\n                              ^\n\n\nThe above exception was the direct cause of the following exception:\n\nTraceback (most recent call last):\n  File "/home/lijiaxing/.conda/envs/api/lib/python3.10/site-packages/triton/language/core.py", line 42, in wrapper\n    return fn(*args, **kwargs)\n  File "/home/lijiaxing/.conda/envs/api/lib/python3.10/site-packages/triton/language/core.py", line 1654, in arange\n    return _semantic.arange(start, end)\n  File "/home/lijiaxing/.conda/envs/api/lib/python3.10/site-packages/triton/language/semantic.py", line 574, in arange\n    raise ValueError("arange\'s arguments must be of type tl.constexpr")\nValueError: arange\'s arguments must be of type tl.constexpr\n', 'runtime_error_name': 'triton.compiler.errors.CompilationError', 'reference_timing_ms': 0.0523, 'speed_up': -1.0, 'custom_timing': -1.0}, 'runtime': -1.0, 'runtime_stats': {}}}
2025-08-08 18:51:53,709 - openevolve.llm.ensemble - INFO - Sampled model: deepseek
2025-08-08 18:51:53,720 - openevolve.threaded_parallel - INFO - Iteration 22: Program ec4a03fd-c4b1-4f69-8938-75a332f1487e (parent: 0a2fb3a9-b209-446f-8e67-ab6e82dbb297) completed in 864.90s
2025-08-08 18:51:53,720 - openevolve.threaded_parallel - INFO - Metrics: compiled=1.0000, correctness=0.0000, score=10.0000, stage=wrong_answer, verify_payload={'id': 'level1_78_conv_transposed_2D_asymmetric_input_asymmetric_kernel___padded__', 'result': {'compiled': True, 'correctness': False, 'metadata': {'hardware': 'NVIDIA L20Y', 'device': 'cuda:7', 'runtime_error': 'Traceback (most recent call last):\n  File "/home/lijiaxing/.conda/envs/api/lib/python3.10/site-packages/triton/language/core.py", line 42, in wrapper\n    return fn(*args, **kwargs)\n  File "/home/lijiaxing/.conda/envs/api/lib/python3.10/site-packages/triton/language/core.py", line 1654, in arange\n    return _semantic.arange(start, end)\n  File "/home/lijiaxing/.conda/envs/api/lib/python3.10/site-packages/triton/language/semantic.py", line 574, in arange\n    raise ValueError("arange\'s arguments must be of type tl.constexpr")\nValueError: arange\'s arguments must be of type tl.constexpr\n\nThe above exception was the direct cause of the following exception:\n\nTraceback (most recent call last):\n  File "/cpfs01/shared/llm_kernel/hujiakai/KernelLLM/validation_api_server/helpers/evaluations.py", line 720, in run_and_check_correctness\n    output_new = model_new(*inputs)\n  File "/home/lijiaxing/.conda/envs/api/lib/python3.10/site-packages/torch/nn/modules/module.py", line 1773, in _wrapped_call_impl\n    return self._call_impl(*args, **kwargs)\n  File "/home/lijiaxing/.conda/envs/api/lib/python3.10/site-packages/torch/nn/modules/module.py", line 1784, in _call_impl\n    return forward_call(*args, **kwargs)\n  File "/tmp/tmpbgjik97s.py", line 38, in forward\n    _conv_transpose2d_kernel[grid](\n  File "/home/lijiaxing/.conda/envs/api/lib/python3.10/site-packages/triton/runtime/jit.py", line 390, in <lambda>\n    return lambda *args, **kwargs: self.run(grid=grid, warmup=False, *args, **kwargs)\n  File "/home/lijiaxing/.conda/envs/api/lib/python3.10/site-packages/triton/runtime/jit.py", line 594, in run\n    kernel = self.compile(src, target=target, options=options.__dict__)\n  File "/home/lijiaxing/.conda/envs/api/lib/python3.10/site-packages/triton/compiler/compiler.py", line 339, in compile\n    module = src.make_ir(options, codegen_fns, module_map, context)\n  File "/home/lijiaxing/.conda/envs/api/lib/python3.10/site-packages/triton/compiler/compiler.py", line 83, in make_ir\n    return ast_to_ttir(self.fn, self, context=context, options=options, codegen_fns=codegen_fns,\ntriton.compiler.errors.CompilationError: at 28:30:\n    num_blocks = num_blocks_h * num_blocks_w\n\n    # Compute indices\n    channel_idx = pid % out_channels\n    batch_idx = (pid // out_channels) % batch_size\n    block_idx = pid // (out_channels * batch_size)\n\n    block_h_idx = (block_idx // num_blocks_w) * BLOCK_H\n    block_w_idx = (block_idx % num_blocks_w) * BLOCK_W\n\n    # Offsets for current block\n    h_offsets = block_h_idx + tl.arange(0, BLOCK_H)\n                              ^\n\n\nThe above exception was the direct cause of the following exception:\n\nTraceback (most recent call last):\n  File "/home/lijiaxing/.conda/envs/api/lib/python3.10/site-packages/triton/language/core.py", line 42, in wrapper\n    return fn(*args, **kwargs)\n  File "/home/lijiaxing/.conda/envs/api/lib/python3.10/site-packages/triton/language/core.py", line 1654, in arange\n    return _semantic.arange(start, end)\n  File "/home/lijiaxing/.conda/envs/api/lib/python3.10/site-packages/triton/language/semantic.py", line 574, in arange\n    raise ValueError("arange\'s arguments must be of type tl.constexpr")\nValueError: arange\'s arguments must be of type tl.constexpr\n', 'runtime_error_name': 'triton.compiler.errors.CompilationError', 'reference_timing_ms': 0.0523, 'speed_up': -1.0, 'custom_timing': -1.0}, 'runtime': -1.0, 'runtime_stats': {}}}
2025-08-08 18:56:08,008 - openevolve.RemoteSpeedupEvaluator - INFO - [level1_78_conv_transposed_2D_asymmetric_input_asymmetric_kernel___padded__] triton key words check pass
2025-08-08 18:56:08,010 - openevolve.RemoteSpeedupEvaluator - INFO - [level1_78_conv_transposed_2D_asymmetric_input_asymmetric_kernel___padded__] verify_plus payload: reference_code(1768 chars) + custom_code(6019 chars)
2025-08-08 18:56:11,246 - openevolve.RemoteSpeedupEvaluator - INFO - [level1_78_conv_transposed_2D_asymmetric_input_asymmetric_kernel___padded__] verify_plus request success
2025-08-08 18:56:11,246 - openevolve.RemoteSpeedupEvaluator - INFO - [level1_78_conv_transposed_2D_asymmetric_input_asymmetric_kernel___padded__] verify_plus response: {"id":"level1_78_conv_transposed_2D_asymmetric_input_asymmetric_kernel___padded__","result":{"compiled":true,"correctness":false,"metadata":{"hardware":"NVIDIA L20Y","device":"cuda:1","runtime_error":"Traceback (most recent call last):\n  File \"/cpfs01/shared/llm_kernel/hujiakai/KernelLLM/validation_api_server/helpers/evaluations.py\", line 720, in run_and_check_correctness\n    output_new = model_new(*inputs)\n  File \"/home/lijiaxing/.conda/envs/api/lib/python3.10/site-packages/torch/nn/modules/module.py\", line 1773, in _wrapped_call_impl\n    return self._call_impl(*args, **kwargs)\n  File \"/home/lijiaxing/.conda/envs/api/lib/python3.10/site-packages/torch/nn/modules/module.py\", line 1784, in _call_impl\n    return forward_call(*args, **kwargs)\n  File \"/tmp/tmp30_7q77k.py\", line 
2025-08-08 18:56:11,247 - openevolve.RemoteSpeedupEvaluator - INFO - [level1_78_conv_transposed_2D_asymmetric_input_asymmetric_kernel___padded__] âœ˜ wrong_answer
2025-08-08 18:56:11,247 - openevolve.evaluator - INFO - Evaluated program 0049d2af-dc43-4774-9305-3740bcbfbb0f in 3.24s: compiled=1.0000, correctness=0.0000, score=10.0000, stage=wrong_answer, verify_payload={'id': 'level1_78_conv_transposed_2D_asymmetric_input_asymmetric_kernel___padded__', 'result': {'compiled': True, 'correctness': False, 'metadata': {'hardware': 'NVIDIA L20Y', 'device': 'cuda:1', 'runtime_error': 'Traceback (most recent call last):\n  File "/cpfs01/shared/llm_kernel/hujiakai/KernelLLM/validation_api_server/helpers/evaluations.py", line 720, in run_and_check_correctness\n    output_new = model_new(*inputs)\n  File "/home/lijiaxing/.conda/envs/api/lib/python3.10/site-packages/torch/nn/modules/module.py", line 1773, in _wrapped_call_impl\n    return self._call_impl(*args, **kwargs)\n  File "/home/lijiaxing/.conda/envs/api/lib/python3.10/site-packages/torch/nn/modules/module.py", line 1784, in _call_impl\n    return forward_call(*args, **kwargs)\n  File "/tmp/tmp30_7q77k.py", line 41, in forward\n    _conv_transpose2d_kernel[grid](\n  File "/home/lijiaxing/.conda/envs/api/lib/python3.10/site-packages/triton/runtime/jit.py", line 390, in <lambda>\n    return lambda *args, **kwargs: self.run(grid=grid, warmup=False, *args, **kwargs)\n  File "/home/lijiaxing/.conda/envs/api/lib/python3.10/site-packages/triton/runtime/jit.py", line 611, in run\n    grid_size = len(grid)\nTypeError: object of type \'int\' has no len()\n', 'runtime_error_name': 'builtins.TypeError', 'reference_timing_ms': 0.0523, 'speed_up': -1.0, 'custom_timing': -1.0}, 'runtime': -1.0, 'runtime_stats': {}}}
2025-08-08 18:56:11,254 - openevolve.llm.ensemble - INFO - Sampled model: deepseek
2025-08-08 18:56:11,270 - openevolve.threaded_parallel - INFO - Iteration 23: Program 0049d2af-dc43-4774-9305-3740bcbfbb0f (parent: 10284670-6af7-45e6-ba94-52d01bb417e4) completed in 758.92s
2025-08-08 18:56:11,271 - openevolve.threaded_parallel - INFO - Metrics: compiled=1.0000, correctness=0.0000, score=10.0000, stage=wrong_answer, verify_payload={'id': 'level1_78_conv_transposed_2D_asymmetric_input_asymmetric_kernel___padded__', 'result': {'compiled': True, 'correctness': False, 'metadata': {'hardware': 'NVIDIA L20Y', 'device': 'cuda:1', 'runtime_error': 'Traceback (most recent call last):\n  File "/cpfs01/shared/llm_kernel/hujiakai/KernelLLM/validation_api_server/helpers/evaluations.py", line 720, in run_and_check_correctness\n    output_new = model_new(*inputs)\n  File "/home/lijiaxing/.conda/envs/api/lib/python3.10/site-packages/torch/nn/modules/module.py", line 1773, in _wrapped_call_impl\n    return self._call_impl(*args, **kwargs)\n  File "/home/lijiaxing/.conda/envs/api/lib/python3.10/site-packages/torch/nn/modules/module.py", line 1784, in _call_impl\n    return forward_call(*args, **kwargs)\n  File "/tmp/tmp30_7q77k.py", line 41, in forward\n    _conv_transpose2d_kernel[grid](\n  File "/home/lijiaxing/.conda/envs/api/lib/python3.10/site-packages/triton/runtime/jit.py", line 390, in <lambda>\n    return lambda *args, **kwargs: self.run(grid=grid, warmup=False, *args, **kwargs)\n  File "/home/lijiaxing/.conda/envs/api/lib/python3.10/site-packages/triton/runtime/jit.py", line 611, in run\n    grid_size = len(grid)\nTypeError: object of type \'int\' has no len()\n', 'runtime_error_name': 'builtins.TypeError', 'reference_timing_ms': 0.0523, 'speed_up': -1.0, 'custom_timing': -1.0}, 'runtime': -1.0, 'runtime_stats': {}}}
2025-08-08 19:01:02,774 - openevolve.RemoteSpeedupEvaluator - INFO - [level1_78_conv_transposed_2D_asymmetric_input_asymmetric_kernel___padded__] triton key words check pass
2025-08-08 19:01:02,775 - openevolve.RemoteSpeedupEvaluator - INFO - [level1_78_conv_transposed_2D_asymmetric_input_asymmetric_kernel___padded__] verify_plus payload: reference_code(1768 chars) + custom_code(6206 chars)
2025-08-08 19:01:06,412 - openevolve.RemoteSpeedupEvaluator - INFO - [level1_78_conv_transposed_2D_asymmetric_input_asymmetric_kernel___padded__] verify_plus request success
2025-08-08 19:01:06,412 - openevolve.RemoteSpeedupEvaluator - INFO - [level1_78_conv_transposed_2D_asymmetric_input_asymmetric_kernel___padded__] verify_plus response: {"id":"level1_78_conv_transposed_2D_asymmetric_input_asymmetric_kernel___padded__","result":{"compiled":true,"correctness":false,"metadata":{"hardware":"NVIDIA L20Y","device":"cuda:2","runtime_error":"Traceback (most recent call last):\n  File \"/cpfs01/shared/llm_kernel/hujiakai/KernelLLM/validation_api_server/helpers/evaluations.py\", line 720, in run_and_check_correctness\n    output_new = model_new(*inputs)\n  File \"/home/lijiaxing/.conda/envs/api/lib/python3.10/site-packages/torch/nn/modules/module.py\", line 1773, in _wrapped_call_impl\n    return self._call_impl(*args, **kwargs)\n  File \"/home/lijiaxing/.conda/envs/api/lib/python3.10/site-packages/torch/nn/modules/module.py\", line 1784, in _call_impl\n    return forward_call(*args, **kwargs)\n  File \"/tmp/tmpnygydr4a.py\", line 
2025-08-08 19:01:06,413 - openevolve.RemoteSpeedupEvaluator - INFO - [level1_78_conv_transposed_2D_asymmetric_input_asymmetric_kernel___padded__] âœ˜ wrong_answer
2025-08-08 19:01:06,413 - openevolve.evaluator - INFO - Evaluated program e8679f02-b76a-4706-92be-e3f56eb847bb in 3.64s: compiled=1.0000, correctness=0.0000, score=10.0000, stage=wrong_answer, verify_payload={'id': 'level1_78_conv_transposed_2D_asymmetric_input_asymmetric_kernel___padded__', 'result': {'compiled': True, 'correctness': False, 'metadata': {'hardware': 'NVIDIA L20Y', 'device': 'cuda:2', 'runtime_error': 'Traceback (most recent call last):\n  File "/cpfs01/shared/llm_kernel/hujiakai/KernelLLM/validation_api_server/helpers/evaluations.py", line 720, in run_and_check_correctness\n    output_new = model_new(*inputs)\n  File "/home/lijiaxing/.conda/envs/api/lib/python3.10/site-packages/torch/nn/modules/module.py", line 1773, in _wrapped_call_impl\n    return self._call_impl(*args, **kwargs)\n  File "/home/lijiaxing/.conda/envs/api/lib/python3.10/site-packages/torch/nn/modules/module.py", line 1784, in _call_impl\n    return forward_call(*args, **kwargs)\n  File "/tmp/tmpnygydr4a.py", line 37, in forward\n    _conv_transpose2d_kernel[grid](\n  File "/home/lijiaxing/.conda/envs/api/lib/python3.10/site-packages/triton/runtime/jit.py", line 390, in <lambda>\n    return lambda *args, **kwargs: self.run(grid=grid, warmup=False, *args, **kwargs)\n  File "/home/lijiaxing/.conda/envs/api/lib/python3.10/site-packages/triton/runtime/jit.py", line 594, in run\n    kernel = self.compile(src, target=target, options=options.__dict__)\n  File "/home/lijiaxing/.conda/envs/api/lib/python3.10/site-packages/triton/compiler/compiler.py", line 339, in compile\n    module = src.make_ir(options, codegen_fns, module_map, context)\n  File "/home/lijiaxing/.conda/envs/api/lib/python3.10/site-packages/triton/compiler/compiler.py", line 83, in make_ir\n    return ast_to_ttir(self.fn, self, context=context, options=options, codegen_fns=codegen_fns,\ntriton.compiler.errors.CompilationError: at 59:32:\n\n                input_h_int = tl.math.floor(input_h).to(tl.int32)\n                input_w_int = tl.math.floor(input_w).to(tl.int32)\n                in_bounds = (input_h_int >= 0) & (input_h_int < height) & \\\n                            (input_w_int >= 0) & (input_w_int < width)\n\n                # Combined mask\n                mask = valid_mask & in_bounds & h_mask[:, None] & w_mask[None, :]\n\n                # Compute memory offsets (cast indices to int32)\n                x_offset = (\n                    batch_idx * tl.int32(x_batch_stride) + \n                                ^\nTypeError("\'dtype\' object is not callable")\n\n\nThe above exception was the direct cause of the following exception:\n\nTypeError: \'dtype\' object is not callable\n', 'runtime_error_name': 'triton.compiler.errors.CompilationError', 'reference_timing_ms': 0.0523, 'speed_up': -1.0, 'custom_timing': -1.0}, 'runtime': -1.0, 'runtime_stats': {}}}
2025-08-08 19:01:06,418 - openevolve.database - INFO - Population size (26) exceeds limit (25), removing 1 programs
2025-08-08 19:01:06,418 - openevolve.database - INFO - Population size after cleanup: 25
2025-08-08 19:01:06,419 - openevolve.llm.ensemble - INFO - Sampled model: deepseek
2025-08-08 19:01:06,430 - openevolve.threaded_parallel - INFO - Iteration 24: Program e8679f02-b76a-4706-92be-e3f56eb847bb (parent: 4883f561-b362-40bc-a4bf-efb0f23d3a87) completed in 942.30s
2025-08-08 19:01:06,431 - openevolve.threaded_parallel - INFO - Metrics: compiled=1.0000, correctness=0.0000, score=10.0000, stage=wrong_answer, verify_payload={'id': 'level1_78_conv_transposed_2D_asymmetric_input_asymmetric_kernel___padded__', 'result': {'compiled': True, 'correctness': False, 'metadata': {'hardware': 'NVIDIA L20Y', 'device': 'cuda:2', 'runtime_error': 'Traceback (most recent call last):\n  File "/cpfs01/shared/llm_kernel/hujiakai/KernelLLM/validation_api_server/helpers/evaluations.py", line 720, in run_and_check_correctness\n    output_new = model_new(*inputs)\n  File "/home/lijiaxing/.conda/envs/api/lib/python3.10/site-packages/torch/nn/modules/module.py", line 1773, in _wrapped_call_impl\n    return self._call_impl(*args, **kwargs)\n  File "/home/lijiaxing/.conda/envs/api/lib/python3.10/site-packages/torch/nn/modules/module.py", line 1784, in _call_impl\n    return forward_call(*args, **kwargs)\n  File "/tmp/tmpnygydr4a.py", line 37, in forward\n    _conv_transpose2d_kernel[grid](\n  File "/home/lijiaxing/.conda/envs/api/lib/python3.10/site-packages/triton/runtime/jit.py", line 390, in <lambda>\n    return lambda *args, **kwargs: self.run(grid=grid, warmup=False, *args, **kwargs)\n  File "/home/lijiaxing/.conda/envs/api/lib/python3.10/site-packages/triton/runtime/jit.py", line 594, in run\n    kernel = self.compile(src, target=target, options=options.__dict__)\n  File "/home/lijiaxing/.conda/envs/api/lib/python3.10/site-packages/triton/compiler/compiler.py", line 339, in compile\n    module = src.make_ir(options, codegen_fns, module_map, context)\n  File "/home/lijiaxing/.conda/envs/api/lib/python3.10/site-packages/triton/compiler/compiler.py", line 83, in make_ir\n    return ast_to_ttir(self.fn, self, context=context, options=options, codegen_fns=codegen_fns,\ntriton.compiler.errors.CompilationError: at 59:32:\n\n                input_h_int = tl.math.floor(input_h).to(tl.int32)\n                input_w_int = tl.math.floor(input_w).to(tl.int32)\n                in_bounds = (input_h_int >= 0) & (input_h_int < height) & \\\n                            (input_w_int >= 0) & (input_w_int < width)\n\n                # Combined mask\n                mask = valid_mask & in_bounds & h_mask[:, None] & w_mask[None, :]\n\n                # Compute memory offsets (cast indices to int32)\n                x_offset = (\n                    batch_idx * tl.int32(x_batch_stride) + \n                                ^\nTypeError("\'dtype\' object is not callable")\n\n\nThe above exception was the direct cause of the following exception:\n\nTypeError: \'dtype\' object is not callable\n', 'runtime_error_name': 'triton.compiler.errors.CompilationError', 'reference_timing_ms': 0.0523, 'speed_up': -1.0, 'custom_timing': -1.0}, 'runtime': -1.0, 'runtime_stats': {}}}
2025-08-08 19:01:06,431 - openevolve.threaded_parallel - INFO - Checkpoint interval reached at iteration 24
2025-08-08 19:01:06,433 - openevolve.database - INFO - Island Status:
2025-08-08 19:01:06,433 - openevolve.database - INFO -    Island 0: 11 programs, best=10.0000, avg=9.0909, diversity=358.05, gen=9 (best: ba5e13c6-f470-4618-8b14-9f558cbd9321)
2025-08-08 19:01:06,433 - openevolve.database - INFO -    Island 1: 8 programs, best=20.0000, avg=-2.5000, diversity=510.63, gen=8 (best: f2d5d3b4-df98-486a-9ced-fea9d0489da7)
2025-08-08 19:01:06,433 - openevolve.database - INFO -  * Island 2: 8 programs, best=10.0000, avg=10.0000, diversity=79.35, gen=8 (best: ed2e1326-cbe7-4b88-ba1b-436f3b197d97)
2025-08-08 19:01:06,718 - openevolve.database - INFO - Saved database with 25 programs to openevolve_output/level1_78_conv_transposed_2D_asymmetric_input_asymmetric_kernel___padded__/checkpoints/checkpoint_24
2025-08-08 19:01:06,733 - openevolve.controller - INFO - Saved best program at checkpoint 24 with metrics: compiled=1.0000, correctness=1.0000, stage=success, passed=0.0000, score=20.0000, speed_up=0.0020, runtime_ms=32.7000, meta={'hardware': 'NVIDIA L20Y', 'device': 'cuda:2', 'correctness_trials': '(5 / 5)', 'reference_timing_ms': 0.0523, 'speed_up': 0.002, 'custom_timing': 32.7}
2025-08-08 19:01:06,733 - openevolve.controller - INFO - Saved checkpoint at iteration 24 to openevolve_output/level1_78_conv_transposed_2D_asymmetric_input_asymmetric_kernel___padded__/checkpoints/checkpoint_24
2025-08-08 19:12:38,117 - openevolve.RemoteSpeedupEvaluator - INFO - [level1_78_conv_transposed_2D_asymmetric_input_asymmetric_kernel___padded__] triton key words check pass
2025-08-08 19:12:38,118 - openevolve.RemoteSpeedupEvaluator - INFO - [level1_78_conv_transposed_2D_asymmetric_input_asymmetric_kernel___padded__] triton key words check pass
2025-08-08 19:12:38,118 - openevolve.RemoteSpeedupEvaluator - INFO - [level1_78_conv_transposed_2D_asymmetric_input_asymmetric_kernel___padded__] triton key words check pass
2025-08-08 19:12:38,119 - openevolve.RemoteSpeedupEvaluator - INFO - [level1_78_conv_transposed_2D_asymmetric_input_asymmetric_kernel___padded__] verify_plus payload: reference_code(1768 chars) + custom_code(6147 chars)
2025-08-08 19:12:38,119 - openevolve.RemoteSpeedupEvaluator - INFO - [level1_78_conv_transposed_2D_asymmetric_input_asymmetric_kernel___padded__] verify_plus payload: reference_code(1768 chars) + custom_code(6313 chars)
2025-08-08 19:12:38,119 - openevolve.RemoteSpeedupEvaluator - INFO - [level1_78_conv_transposed_2D_asymmetric_input_asymmetric_kernel___padded__] verify_plus payload: reference_code(1768 chars) + custom_code(5903 chars)
2025-08-08 19:13:06,031 - openevolve.RemoteSpeedupEvaluator - INFO - [level1_78_conv_transposed_2D_asymmetric_input_asymmetric_kernel___padded__] verify_plus request success
2025-08-08 19:13:06,031 - openevolve.RemoteSpeedupEvaluator - INFO - [level1_78_conv_transposed_2D_asymmetric_input_asymmetric_kernel___padded__] verify_plus response: {"id":"level1_78_conv_transposed_2D_asymmetric_input_asymmetric_kernel___padded__","result":{"compiled":true,"correctness":false,"metadata":{"hardware":"NVIDIA L20Y","device":"cuda:4","runtime_error":"Traceback (most recent call last):\n  File \"/cpfs01/shared/llm_kernel/hujiakai/KernelLLM/validation_api_server/helpers/evaluations.py\", line 720, in run_and_check_correctness\n    output_new = model_new(*inputs)\n  File \"/home/lijiaxing/.conda/envs/api/lib/python3.10/site-packages/torch/nn/modules/module.py\", line 1773, in _wrapped_call_impl\n    return self._call_impl(*args, **kwargs)\n  File \"/home/lijiaxing/.conda/envs/api/lib/python3.10/site-packages/torch/nn/modules/module.py\", line 1784, in _call_impl\n    return forward_call(*args, **kwargs)\n  File \"/tmp/tmpcwcx5jm3.py\", line 
2025-08-08 19:13:06,031 - openevolve.RemoteSpeedupEvaluator - INFO - [level1_78_conv_transposed_2D_asymmetric_input_asymmetric_kernel___padded__] âœ˜ wrong_answer
2025-08-08 19:13:06,032 - openevolve.evaluator - INFO - Evaluated program f0fb384a-5161-45b5-884a-3d28d666802b in 27.91s: compiled=1.0000, correctness=0.0000, score=10.0000, stage=wrong_answer, verify_payload={'id': 'level1_78_conv_transposed_2D_asymmetric_input_asymmetric_kernel___padded__', 'result': {'compiled': True, 'correctness': False, 'metadata': {'hardware': 'NVIDIA L20Y', 'device': 'cuda:4', 'runtime_error': 'Traceback (most recent call last):\n  File "/cpfs01/shared/llm_kernel/hujiakai/KernelLLM/validation_api_server/helpers/evaluations.py", line 720, in run_and_check_correctness\n    output_new = model_new(*inputs)\n  File "/home/lijiaxing/.conda/envs/api/lib/python3.10/site-packages/torch/nn/modules/module.py", line 1773, in _wrapped_call_impl\n    return self._call_impl(*args, **kwargs)\n  File "/home/lijiaxing/.conda/envs/api/lib/python3.10/site-packages/torch/nn/modules/module.py", line 1784, in _call_impl\n    return forward_call(*args, **kwargs)\n  File "/tmp/tmpcwcx5jm3.py", line 39, in forward\n    _conv_transpose2d_kernel[grid](\n  File "/home/lijiaxing/.conda/envs/api/lib/python3.10/site-packages/triton/runtime/jit.py", line 390, in <lambda>\n    return lambda *args, **kwargs: self.run(grid=grid, warmup=False, *args, **kwargs)\n  File "/home/lijiaxing/.conda/envs/api/lib/python3.10/site-packages/triton/runtime/jit.py", line 611, in run\n    grid_size = len(grid)\nTypeError: object of type \'int\' has no len()\n', 'runtime_error_name': 'builtins.TypeError', 'reference_timing_ms': 0.0523, 'speed_up': -1.0, 'custom_timing': -1.0}, 'runtime': -1.0, 'runtime_stats': {}}}
2025-08-08 19:13:06,037 - openevolve.llm.ensemble - INFO - Sampled model: deepseek
2025-08-08 19:13:06,040 - openevolve.database - INFO - Population size (26) exceeds limit (25), removing 1 programs
2025-08-08 19:13:06,040 - openevolve.database - INFO - Population size after cleanup: 25
2025-08-08 19:13:06,054 - openevolve.threaded_parallel - INFO - Iteration 26: Program f0fb384a-5161-45b5-884a-3d28d666802b (parent: 5ce2f84f-53e1-4a99-9a4f-5efd6928e64d) completed in 1014.78s
2025-08-08 19:13:06,054 - openevolve.threaded_parallel - INFO - Metrics: compiled=1.0000, correctness=0.0000, score=10.0000, stage=wrong_answer, verify_payload={'id': 'level1_78_conv_transposed_2D_asymmetric_input_asymmetric_kernel___padded__', 'result': {'compiled': True, 'correctness': False, 'metadata': {'hardware': 'NVIDIA L20Y', 'device': 'cuda:4', 'runtime_error': 'Traceback (most recent call last):\n  File "/cpfs01/shared/llm_kernel/hujiakai/KernelLLM/validation_api_server/helpers/evaluations.py", line 720, in run_and_check_correctness\n    output_new = model_new(*inputs)\n  File "/home/lijiaxing/.conda/envs/api/lib/python3.10/site-packages/torch/nn/modules/module.py", line 1773, in _wrapped_call_impl\n    return self._call_impl(*args, **kwargs)\n  File "/home/lijiaxing/.conda/envs/api/lib/python3.10/site-packages/torch/nn/modules/module.py", line 1784, in _call_impl\n    return forward_call(*args, **kwargs)\n  File "/tmp/tmpcwcx5jm3.py", line 39, in forward\n    _conv_transpose2d_kernel[grid](\n  File "/home/lijiaxing/.conda/envs/api/lib/python3.10/site-packages/triton/runtime/jit.py", line 390, in <lambda>\n    return lambda *args, **kwargs: self.run(grid=grid, warmup=False, *args, **kwargs)\n  File "/home/lijiaxing/.conda/envs/api/lib/python3.10/site-packages/triton/runtime/jit.py", line 611, in run\n    grid_size = len(grid)\nTypeError: object of type \'int\' has no len()\n', 'runtime_error_name': 'builtins.TypeError', 'reference_timing_ms': 0.0523, 'speed_up': -1.0, 'custom_timing': -1.0}, 'runtime': -1.0, 'runtime_stats': {}}}
2025-08-08 19:13:07,968 - openevolve.RemoteSpeedupEvaluator - INFO - [level1_78_conv_transposed_2D_asymmetric_input_asymmetric_kernel___padded__] verify_plus request success
2025-08-08 19:13:07,968 - openevolve.RemoteSpeedupEvaluator - INFO - [level1_78_conv_transposed_2D_asymmetric_input_asymmetric_kernel___padded__] verify_plus response: {"id":"level1_78_conv_transposed_2D_asymmetric_input_asymmetric_kernel___padded__","result":{"compiled":true,"correctness":false,"metadata":{"hardware":"NVIDIA L20Y","device":"cuda:3","max_difference":["119.947678","131.330063","126.837341","122.084053","128.829239"],"avg_difference":["17.560755","17.558903","17.546637","17.559168","17.562952"],"correctness_issue":"Output mismatch","correctness_trials":"(0 / 5)","reference_timing_ms":0.0523,"speed_up":-1.0,"custom_timing":-1.0},"runtime":-1.0,"runtime_stats":{}}}
2025-08-08 19:13:07,968 - openevolve.RemoteSpeedupEvaluator - INFO - [level1_78_conv_transposed_2D_asymmetric_input_asymmetric_kernel___padded__] âœ˜ wrong_answer
2025-08-08 19:13:07,969 - openevolve.evaluator - INFO - Evaluated program 3de4a305-0626-4ad3-990e-ba0227d6f939 in 29.86s: compiled=1.0000, correctness=0.0000, score=10.0000, stage=wrong_answer, verify_payload={'id': 'level1_78_conv_transposed_2D_asymmetric_input_asymmetric_kernel___padded__', 'result': {'compiled': True, 'correctness': False, 'metadata': {'hardware': 'NVIDIA L20Y', 'device': 'cuda:3', 'max_difference': ['119.947678', '131.330063', '126.837341', '122.084053', '128.829239'], 'avg_difference': ['17.560755', '17.558903', '17.546637', '17.559168', '17.562952'], 'correctness_issue': 'Output mismatch', 'correctness_trials': '(0 / 5)', 'reference_timing_ms': 0.0523, 'speed_up': -1.0, 'custom_timing': -1.0}, 'runtime': -1.0, 'runtime_stats': {}}}
2025-08-08 19:13:07,983 - openevolve.llm.ensemble - INFO - Sampled model: deepseek
2025-08-08 19:13:07,990 - openevolve.database - INFO - Population size (26) exceeds limit (25), removing 1 programs
2025-08-08 19:13:07,990 - openevolve.database - INFO - Population size after cleanup: 25
2025-08-08 19:13:08,001 - openevolve.threaded_parallel - INFO - Iteration 25: Program 3de4a305-0626-4ad3-990e-ba0227d6f939 (parent: a316671a-58f6-4ecd-8f69-1ff5fa860117) completed in 1274.26s
2025-08-08 19:13:08,001 - openevolve.threaded_parallel - INFO - Metrics: compiled=1.0000, correctness=0.0000, score=10.0000, stage=wrong_answer, verify_payload={'id': 'level1_78_conv_transposed_2D_asymmetric_input_asymmetric_kernel___padded__', 'result': {'compiled': True, 'correctness': False, 'metadata': {'hardware': 'NVIDIA L20Y', 'device': 'cuda:3', 'max_difference': ['119.947678', '131.330063', '126.837341', '122.084053', '128.829239'], 'avg_difference': ['17.560755', '17.558903', '17.546637', '17.559168', '17.562952'], 'correctness_issue': 'Output mismatch', 'correctness_trials': '(0 / 5)', 'reference_timing_ms': 0.0523, 'speed_up': -1.0, 'custom_timing': -1.0}, 'runtime': -1.0, 'runtime_stats': {}}}
2025-08-08 19:13:08,275 - openevolve.RemoteSpeedupEvaluator - INFO - [level1_78_conv_transposed_2D_asymmetric_input_asymmetric_kernel___padded__] verify_plus request success
2025-08-08 19:13:08,276 - openevolve.RemoteSpeedupEvaluator - INFO - [level1_78_conv_transposed_2D_asymmetric_input_asymmetric_kernel___padded__] verify_plus response: {"id":"level1_78_conv_transposed_2D_asymmetric_input_asymmetric_kernel___padded__","result":{"compiled":true,"correctness":false,"metadata":{"hardware":"NVIDIA L20Y","device":"cuda:1","max_difference":["119.947678","131.330063","126.837341","122.084053","128.829239"],"avg_difference":["17.560755","17.558903","17.546637","17.559168","17.562952"],"correctness_issue":"Output mismatch","correctness_trials":"(0 / 5)","reference_timing_ms":0.0523,"speed_up":-1.0,"custom_timing":-1.0},"runtime":-1.0,"runtime_stats":{}}}
2025-08-08 19:13:08,277 - openevolve.RemoteSpeedupEvaluator - INFO - [level1_78_conv_transposed_2D_asymmetric_input_asymmetric_kernel___padded__] âœ˜ wrong_answer
2025-08-08 19:13:08,277 - openevolve.evaluator - INFO - Evaluated program 07bc812f-8482-4513-a6d5-3c24ca2f5f35 in 30.16s: compiled=1.0000, correctness=0.0000, score=10.0000, stage=wrong_answer, verify_payload={'id': 'level1_78_conv_transposed_2D_asymmetric_input_asymmetric_kernel___padded__', 'result': {'compiled': True, 'correctness': False, 'metadata': {'hardware': 'NVIDIA L20Y', 'device': 'cuda:1', 'max_difference': ['119.947678', '131.330063', '126.837341', '122.084053', '128.829239'], 'avg_difference': ['17.560755', '17.558903', '17.546637', '17.559168', '17.562952'], 'correctness_issue': 'Output mismatch', 'correctness_trials': '(0 / 5)', 'reference_timing_ms': 0.0523, 'speed_up': -1.0, 'custom_timing': -1.0}, 'runtime': -1.0, 'runtime_stats': {}}}
2025-08-08 19:13:08,284 - openevolve.database - INFO - New MAP-Elites cell occupied: {'score': 9, 'complexity': 4}
2025-08-08 19:13:08,284 - openevolve.database - INFO - Population size (26) exceeds limit (25), removing 1 programs
2025-08-08 19:13:08,284 - openevolve.database - INFO - Population size after cleanup: 25
2025-08-08 19:13:08,284 - openevolve.database - INFO - Cleaned up 1 stale island best program references
2025-08-08 19:13:08,296 - openevolve.threaded_parallel - INFO - Iteration 27: Program 07bc812f-8482-4513-a6d5-3c24ca2f5f35 (parent: 4883f561-b362-40bc-a4bf-efb0f23d3a87) completed in 721.86s
2025-08-08 19:13:08,296 - openevolve.threaded_parallel - INFO - Metrics: compiled=1.0000, correctness=0.0000, score=10.0000, stage=wrong_answer, verify_payload={'id': 'level1_78_conv_transposed_2D_asymmetric_input_asymmetric_kernel___padded__', 'result': {'compiled': True, 'correctness': False, 'metadata': {'hardware': 'NVIDIA L20Y', 'device': 'cuda:1', 'max_difference': ['119.947678', '131.330063', '126.837341', '122.084053', '128.829239'], 'avg_difference': ['17.560755', '17.558903', '17.546637', '17.559168', '17.562952'], 'correctness_issue': 'Output mismatch', 'correctness_trials': '(0 / 5)', 'reference_timing_ms': 0.0523, 'speed_up': -1.0, 'custom_timing': -1.0}, 'runtime': -1.0, 'runtime_stats': {}}}
2025-08-08 19:13:08,296 - openevolve.threaded_parallel - INFO - Checkpoint interval reached at iteration 27
2025-08-08 19:13:08,298 - openevolve.database - INFO - Island Status:
2025-08-08 19:13:08,299 - openevolve.database - INFO -    Island 0: 10 programs, best=10.0000, avg=10.0000, diversity=358.92, gen=10 (best: 64a7a4e7-2ff3-49d0-b167-e9221eb4c542)
2025-08-08 19:13:08,299 - openevolve.database - INFO -    Island 1: 7 programs, best=20.0000, avg=11.4286, diversity=166.07, gen=9 (best: f2d5d3b4-df98-486a-9ced-fea9d0489da7)
2025-08-08 19:13:08,299 - openevolve.database - INFO -  * Island 2: 8 programs, best=10.0000, avg=10.0000, diversity=80.80, gen=9 (best: ed2e1326-cbe7-4b88-ba1b-436f3b197d97)
2025-08-08 19:13:08,599 - openevolve.database - INFO - Saved database with 25 programs to openevolve_output/level1_78_conv_transposed_2D_asymmetric_input_asymmetric_kernel___padded__/checkpoints/checkpoint_27
2025-08-08 19:13:08,615 - openevolve.controller - INFO - Saved best program at checkpoint 27 with metrics: compiled=1.0000, correctness=1.0000, stage=success, passed=0.0000, score=20.0000, speed_up=0.0020, runtime_ms=32.7000, meta={'hardware': 'NVIDIA L20Y', 'device': 'cuda:2', 'correctness_trials': '(5 / 5)', 'reference_timing_ms': 0.0523, 'speed_up': 0.002, 'custom_timing': 32.7}
2025-08-08 19:13:08,615 - openevolve.controller - INFO - Saved checkpoint at iteration 27 to openevolve_output/level1_78_conv_transposed_2D_asymmetric_input_asymmetric_kernel___padded__/checkpoints/checkpoint_27
