{"id": "cc089491-8118-4dc7-b175-1c84e3157142", "code": "for kh in tl.static_range(kernel_size):\n            for kw in tl.static_range(kernel_size):", "language": "python", "parent_id": "46d7c4f6-1bcd-46bf-820d-0742dfea7d35", "generation": 3, "timestamp": 1754651558.1157315, "iteration_found": 19, "metrics": {"compiled": false, "correctness": false, "score": -100.0, "stage": "no_valid_triton_code", "feedback": "You need to generate real and valid triton code for the core function. The key word 'import triton' is not found."}, "complexity": 0.0, "diversity": 0.0, "metadata": {"changes": "Full rewrite", "parent_metrics": {"compiled": true, "correctness": false, "score": 10, "stage": "wrong_answer", "verify_payload": {"id": "level1_81_conv_transposed_2D_asymmetric_input_square_kernel___dilated____padded____strided__", "result": {"compiled": true, "correctness": false, "metadata": {"hardware": "NVIDIA L20Y", "device": "cuda:1", "runtime_error": "Traceback (most recent call last):\n  File \"/cpfs01/shared/llm_kernel/hujiakai/KernelLLM/validation_api_server/helpers/evaluations.py\", line 720, in run_and_check_correctness\n    output_new = model_new(*inputs)\n  File \"/home/lijiaxing/.conda/envs/api/lib/python3.10/site-packages/torch/nn/modules/module.py\", line 1773, in _wrapped_call_impl\n    return self._call_impl(*args, **kwargs)\n  File \"/home/lijiaxing/.conda/envs/api/lib/python3.10/site-packages/torch/nn/modules/module.py\", line 1784, in _call_impl\n    return forward_call(*args, **kwargs)\n  File \"/tmp/tmp63_j__5d.py\", line 49, in forward\n    _conv_transpose2d_kernel[grid](\n  File \"/home/lijiaxing/.conda/envs/api/lib/python3.10/site-packages/triton/runtime/jit.py\", line 390, in <lambda>\n    return lambda *args, **kwargs: self.run(grid=grid, warmup=False, *args, **kwargs)\n  File \"/home/lijiaxing/.conda/envs/api/lib/python3.10/site-packages/triton/runtime/jit.py\", line 594, in run\n    kernel = self.compile(src, target=target, options=options.__dict__)\n  File \"/home/lijiaxing/.conda/envs/api/lib/python3.10/site-packages/triton/compiler/compiler.py\", line 339, in compile\n    module = src.make_ir(options, codegen_fns, module_map, context)\n  File \"/home/lijiaxing/.conda/envs/api/lib/python3.10/site-packages/triton/compiler/compiler.py\", line 83, in make_ir\n    return ast_to_ttir(self.fn, self, context=context, options=options, codegen_fns=codegen_fns,\ntriton.compiler.errors.CompilationError: at 31:8:\n    remainder = idx % (out_channels * h_out * w_out)\n    c_out = remainder // (h_out * w_out)\n    spatial_idx = remainder % (h_out * w_out)\n    h = spatial_idx // w_out\n    w = spatial_idx % w_out\n\n    # Initialize accumulator\n    acc = tl.zeros((BLOCK_SIZE,), dtype=tl.float32)\n\n    # Loop over input channels and kernel\n    for c_in in range(in_channels):\n        for kh in tl.static_range(kernel_size):\n        ^\nAssertionError('int32[] used as tl.static_range start value is not a constexpr')\n\n\nThe above exception was the direct cause of the following exception:\n\nTraceback (most recent call last):\n  File \"/home/lijiaxing/.conda/envs/api/lib/python3.10/site-packages/triton/language/core.py\", line 3120, in __init__\n    assert isinstance(arg1, constexpr), f\"{arg1} used as tl.static_range start value is not a constexpr\"\nAssertionError: int32[] used as tl.static_range start value is not a constexpr\n", "runtime_error_name": "triton.compiler.errors.CompilationError", "reference_timing_ms": 0.06, "speed_up": -1.0, "custom_timing": -1.0}, "runtime": -1.0, "runtime_stats": {}}}}, "island": 2}, "artifacts_json": null, "artifact_dir": null}