2025-08-12 18:09:56,986 - openevolve.controller - INFO - Logging to openevolve_output/level1_9_Tall_skinny_matrix_multiplication_/logs/openevolve_20250812_180956.log
2025-08-12 18:09:56,986 - openevolve.controller - INFO - Set random seed to 42 for reproducibility
2025-08-12 18:09:57,026 - openevolve.llm.ensemble - INFO - Initialized LLM ensemble with models: deepseek (weight: 0.80), deepseek (weight: 0.20)
2025-08-12 18:09:57,068 - openevolve.llm.ensemble - INFO - Initialized LLM ensemble with models: deepseek (weight: 0.80), deepseek (weight: 0.20)
2025-08-12 18:09:57,068 - openevolve.prompt.sampler - INFO - Set custom templates: system=evaluator_system_message, user=None
2025-08-12 18:09:57,069 - openevolve.database - INFO - Initialized program database with 0 programs
2025-08-12 18:09:57,089 - openevolve.evaluator - INFO - Successfully loaded evaluation function from openevolve_output/level1_9_Tall_skinny_matrix_multiplication_/evaluation.py
2025-08-12 18:09:57,090 - openevolve.evaluator - INFO - Initialized evaluator with openevolve_output/level1_9_Tall_skinny_matrix_multiplication_/evaluation.py
2025-08-12 18:09:57,090 - openevolve.controller - INFO - Initialized OpenEvolve with /tmp/1244cb98943b5d13103dc499e72a6ca9.py
2025-08-12 18:09:57,090 - openevolve.controller - INFO - Adding initial program to database
2025-08-12 18:09:57,091 - openevolve.RemoteSpeedupEvaluator - INFO - [level1_9_Tall_skinny_matrix_multiplication_] verify_plus payload: reference_code(884 chars) + custom_code(1008 chars)
2025-08-12 18:10:00,113 - openevolve.RemoteSpeedupEvaluator - INFO - [level1_9_Tall_skinny_matrix_multiplication_] verify_plus request success
2025-08-12 18:10:00,113 - openevolve.RemoteSpeedupEvaluator - INFO - [level1_9_Tall_skinny_matrix_multiplication_] verify_plus response: {"id":"level1_9_Tall_skinny_matrix_multiplication_","result":{"compiled":true,"correctness":true,"metadata":{"hardware":"NVIDIA L20Y","device":"cuda:7","correctness_trials":"(5 / 5)","reference_timing_ms":0.0274,"speed_up":0.057,"custom_timing":0.484},"runtime":0.484,"runtime_stats":{"mean":0.484,"std":0.00799,"min":0.473,"max":0.503,"num_trials":100,"hardware":"NVIDIA L20Y","device":"cuda:7"}}}
2025-08-12 18:10:00,114 - openevolve.evaluator - INFO - Evaluated program 320d1c24-ac03-41e9-8023-98a1ed7ee74b in 3.02s: compiled=1.0000, correctness=1.0000, stage=reference code, passed=0.0000, score=0.0000, speed_up=1.0000, runtime_ms=0.4840, meta={'hardware': 'NVIDIA L20Y', 'device': 'cuda:7', 'correctness_trials': '(5 / 5)', 'reference_timing_ms': 0.0274, 'speed_up': 0.057, 'custom_timing': 0.484}
2025-08-12 18:10:00,114 - openevolve.database - INFO - New MAP-Elites cell occupied: {'score': 0, 'complexity': 1}
2025-08-12 18:10:00,128 - openevolve.threaded_parallel - INFO - Initializing threaded evaluation pool with 3 workers
2025-08-12 18:10:00,130 - openevolve.threaded_parallel - INFO - Started thread pool with 3 threads
2025-08-12 18:10:00,130 - openevolve.threaded_parallel - INFO - Started improved parallel controller
2025-08-12 18:10:00,130 - openevolve.controller - INFO - Using island-based evolution with 3 islands
2025-08-12 18:10:00,130 - openevolve.database - INFO - Island Status:
2025-08-12 18:10:00,130 - openevolve.database - INFO -  * Island 0: 1 programs, best=0.0000, avg=0.0000, diversity=0.00, gen=0 (best: 320d1c24-ac03-41e9-8023-98a1ed7ee74b)
2025-08-12 18:10:00,130 - openevolve.database - INFO -    Island 1: 0 programs, best=0.0000, avg=0.0000, diversity=0.00, gen=0
2025-08-12 18:10:00,130 - openevolve.database - INFO -    Island 2: 0 programs, best=0.0000, avg=0.0000, diversity=0.00, gen=0
2025-08-12 18:10:00,130 - openevolve.threaded_parallel - INFO - Starting improved parallel evolution from iteration 0 for 30 iterations (total: 30)
2025-08-12 18:10:00,283 - openevolve.llm.ensemble - INFO - Initialized LLM ensemble with models: deepseek (weight: 0.80), deepseek (weight: 0.20)
2025-08-12 18:10:00,286 - openevolve.llm.ensemble - INFO - Initialized LLM ensemble with models: deepseek (weight: 0.80), deepseek (weight: 0.20)
2025-08-12 18:10:00,290 - openevolve.llm.ensemble - INFO - Initialized LLM ensemble with models: deepseek (weight: 0.80), deepseek (weight: 0.20)
2025-08-12 18:10:00,435 - openevolve.llm.ensemble - INFO - Initialized LLM ensemble with models: deepseek (weight: 0.80), deepseek (weight: 0.20)
2025-08-12 18:10:00,435 - openevolve.prompt.sampler - INFO - Set custom templates: system=evaluator_system_message, user=None
2025-08-12 18:10:00,437 - openevolve.evaluator - INFO - Successfully loaded evaluation function from openevolve_output/level1_9_Tall_skinny_matrix_multiplication_/evaluation.py
2025-08-12 18:10:00,438 - openevolve.evaluator - INFO - Initialized evaluator with openevolve_output/level1_9_Tall_skinny_matrix_multiplication_/evaluation.py
2025-08-12 18:10:00,438 - openevolve.llm.ensemble - INFO - Initialized LLM ensemble with models: deepseek (weight: 0.80), deepseek (weight: 0.20)
2025-08-12 18:10:00,438 - openevolve.prompt.sampler - INFO - Set custom templates: system=evaluator_system_message, user=None
2025-08-12 18:10:00,439 - openevolve.llm.ensemble - INFO - Sampled model: deepseek
2025-08-12 18:10:00,440 - openevolve.llm.ensemble - INFO - Initialized LLM ensemble with models: deepseek (weight: 0.80), deepseek (weight: 0.20)
2025-08-12 18:10:00,441 - openevolve.prompt.sampler - INFO - Set custom templates: system=evaluator_system_message, user=None
2025-08-12 18:10:00,441 - openevolve.evaluator - INFO - Successfully loaded evaluation function from openevolve_output/level1_9_Tall_skinny_matrix_multiplication_/evaluation.py
2025-08-12 18:10:00,441 - openevolve.evaluator - INFO - Initialized evaluator with openevolve_output/level1_9_Tall_skinny_matrix_multiplication_/evaluation.py
2025-08-12 18:10:00,442 - openevolve.evaluator - INFO - Successfully loaded evaluation function from openevolve_output/level1_9_Tall_skinny_matrix_multiplication_/evaluation.py
2025-08-12 18:10:00,443 - openevolve.llm.ensemble - INFO - Sampled model: deepseek
2025-08-12 18:10:00,443 - openevolve.evaluator - INFO - Initialized evaluator with openevolve_output/level1_9_Tall_skinny_matrix_multiplication_/evaluation.py
2025-08-12 18:10:00,445 - openevolve.llm.ensemble - INFO - Sampled model: deepseek
2025-08-12 18:27:29,508 - openevolve.RemoteSpeedupEvaluator - INFO - [level1_9_Tall_skinny_matrix_multiplication_] triton key words check pass
2025-08-12 18:27:29,510 - openevolve.RemoteSpeedupEvaluator - INFO - [level1_9_Tall_skinny_matrix_multiplication_] verify_plus payload: reference_code(884 chars) + custom_code(2688 chars)
2025-08-12 18:27:32,528 - openevolve.RemoteSpeedupEvaluator - INFO - [level1_9_Tall_skinny_matrix_multiplication_] verify_plus request success
2025-08-12 18:27:32,528 - openevolve.RemoteSpeedupEvaluator - INFO - [level1_9_Tall_skinny_matrix_multiplication_] verify_plus response: {"id":"level1_9_Tall_skinny_matrix_multiplication_","result":{"compiled":true,"correctness":false,"metadata":{"hardware":"NVIDIA L20Y","device":"cuda:1","runtime_error":"Traceback (most recent call last):\n  File \"/home/lijiaxing/.conda/envs/api/lib/python3.10/site-packages/triton/language/core.py\", line 42, in wrapper\n    return fn(*args, **kwargs)\n  File \"/home/lijiaxing/.conda/envs/api/lib/python3.10/site-packages/triton/language/core.py\", line 1654, in arange\n    return _semantic.arange(start, end)\n  File \"/home/lijiaxing/.conda/envs/api/lib/python3.10/site-packages/triton/language/semantic.py\", line 574, in arange\n    raise ValueError(\"arange's arguments must be of type tl.constexpr\")\nValueError: arange's arguments must be of type tl.constexpr\n\nThe above exception was 
2025-08-12 18:27:32,529 - openevolve.RemoteSpeedupEvaluator - INFO - [level1_9_Tall_skinny_matrix_multiplication_] âœ˜ wrong_answer
2025-08-12 18:27:32,529 - openevolve.evaluator - INFO - Evaluated program 49668471-ffe5-4e8d-9c09-69806ca3908d in 3.02s: compiled=1.0000, correctness=0.0000, score=10.0000, stage=wrong_answer, verify_payload={'id': 'level1_9_Tall_skinny_matrix_multiplication_', 'result': {'compiled': True, 'correctness': False, 'metadata': {'hardware': 'NVIDIA L20Y', 'device': 'cuda:1', 'runtime_error': 'Traceback (most recent call last):\n  File "/home/lijiaxing/.conda/envs/api/lib/python3.10/site-packages/triton/language/core.py", line 42, in wrapper\n    return fn(*args, **kwargs)\n  File "/home/lijiaxing/.conda/envs/api/lib/python3.10/site-packages/triton/language/core.py", line 1654, in arange\n    return _semantic.arange(start, end)\n  File "/home/lijiaxing/.conda/envs/api/lib/python3.10/site-packages/triton/language/semantic.py", line 574, in arange\n    raise ValueError("arange\'s arguments must be of type tl.constexpr")\nValueError: arange\'s arguments must be of type tl.constexpr\n\nThe above exception was the direct cause of the following exception:\n\nTraceback (most recent call last):\n  File "/cpfs01/shared/llm_kernel/hujiakai/KernelLLM/validation_api_server/helpers/evaluations.py", line 720, in run_and_check_correctness\n    output_new = model_new(*inputs)\n  File "/home/lijiaxing/.conda/envs/api/lib/python3.10/site-packages/torch/nn/modules/module.py", line 1773, in _wrapped_call_impl\n    return self._call_impl(*args, **kwargs)\n  File "/home/lijiaxing/.conda/envs/api/lib/python3.10/site-packages/torch/nn/modules/module.py", line 1784, in _call_impl\n    return forward_call(*args, **kwargs)\n  File "/tmp/tmprlr3ly0p.py", line 74, in forward\n    matmul_kernel[grid](\n  File "/home/lijiaxing/.conda/envs/api/lib/python3.10/site-packages/triton/runtime/jit.py", line 390, in <lambda>\n    return lambda *args, **kwargs: self.run(grid=grid, warmup=False, *args, **kwargs)\n  File "/home/lijiaxing/.conda/envs/api/lib/python3.10/site-packages/triton/runtime/autotuner.py", line 239, in run\n    benchmark()\n  File "/home/lijiaxing/.conda/envs/api/lib/python3.10/site-packages/triton/runtime/autotuner.py", line 228, in benchmark\n    timings = {config: self._bench(*args, config=config, **kwargs) for config in pruned_configs}\n  File "/home/lijiaxing/.conda/envs/api/lib/python3.10/site-packages/triton/runtime/autotuner.py", line 228, in <dictcomp>\n    timings = {config: self._bench(*args, config=config, **kwargs) for config in pruned_configs}\n  File "/home/lijiaxing/.conda/envs/api/lib/python3.10/site-packages/triton/runtime/autotuner.py", line 160, in _bench\n    return self.do_bench(kernel_call, quantiles=(0.5, 0.2, 0.8))\n  File "/home/lijiaxing/.conda/envs/api/lib/python3.10/site-packages/triton/testing.py", line 149, in do_bench\n    fn()\n  File "/home/lijiaxing/.conda/envs/api/lib/python3.10/site-packages/triton/runtime/autotuner.py", line 146, in kernel_call\n    self.fn.run(\n  File "/home/lijiaxing/.conda/envs/api/lib/python3.10/site-packages/triton/runtime/jit.py", line 594, in run\n    kernel = self.compile(src, target=target, options=options.__dict__)\n  File "/home/lijiaxing/.conda/envs/api/lib/python3.10/site-packages/triton/compiler/compiler.py", line 339, in compile\n    module = src.make_ir(options, codegen_fns, module_map, context)\n  File "/home/lijiaxing/.conda/envs/api/lib/python3.10/site-packages/triton/compiler/compiler.py", line 83, in make_ir\n    return ast_to_ttir(self.fn, self, context=context, options=options, codegen_fns=codegen_fns,\ntriton.compiler.errors.CompilationError: at 15:51:\n    stride_am, stride_ak,\n    stride_bk, stride_bn,\n    stride_cm, stride_cn,\n    BLOCK_M: tl.constexpr, BLOCK_N: tl.constexpr,\n):\n    pid_m = tl.program_id(0)\n    pid_n = tl.program_id(1)\n\n    offs_m = pid_m * BLOCK_M + tl.arange(0, BLOCK_M)\n    offs_n = pid_n * BLOCK_N + tl.arange(0, BLOCK_N)\n\n    a_ptrs = a_ptr + offs_m[:, None] * stride_am + tl.arange(0, K)[None, :] * stride_ak\n                                                   ^\n\n\nThe above exception was the direct cause of the following exception:\n\nTraceback (most recent call last):\n  File "/home/lijiaxing/.conda/envs/api/lib/python3.10/site-packages/triton/language/core.py", line 42, in wrapper\n    return fn(*args, **kwargs)\n  File "/home/lijiaxing/.conda/envs/api/lib/python3.10/site-packages/triton/language/core.py", line 1654, in arange\n    return _semantic.arange(start, end)\n  File "/home/lijiaxing/.conda/envs/api/lib/python3.10/site-packages/triton/language/semantic.py", line 574, in arange\n    raise ValueError("arange\'s arguments must be of type tl.constexpr")\nValueError: arange\'s arguments must be of type tl.constexpr\n', 'runtime_error_name': 'triton.compiler.errors.CompilationError', 'reference_timing_ms': 0.0274, 'speed_up': -1.0, 'custom_timing': -1.0}, 'runtime': -1.0, 'runtime_stats': {}}}
2025-08-12 18:27:32,533 - openevolve.llm.ensemble - INFO - Sampled model: deepseek
2025-08-12 18:27:32,536 - openevolve.database - INFO - New MAP-Elites cell occupied: {'score': 9, 'complexity': 9}
2025-08-12 18:27:32,536 - openevolve.database - INFO - New best program 49668471-ffe5-4e8d-9c09-69806ca3908d replaces 320d1c24-ac03-41e9-8023-98a1ed7ee74b
2025-08-12 18:27:32,567 - openevolve.threaded_parallel - INFO - Iteration 2: Program 49668471-ffe5-4e8d-9c09-69806ca3908d (parent: 320d1c24-ac03-41e9-8023-98a1ed7ee74b) completed in 1052.09s
2025-08-12 18:27:32,567 - openevolve.threaded_parallel - INFO - Metrics: compiled=1.0000, correctness=0.0000, score=10.0000, stage=wrong_answer, verify_payload={'id': 'level1_9_Tall_skinny_matrix_multiplication_', 'result': {'compiled': True, 'correctness': False, 'metadata': {'hardware': 'NVIDIA L20Y', 'device': 'cuda:1', 'runtime_error': 'Traceback (most recent call last):\n  File "/home/lijiaxing/.conda/envs/api/lib/python3.10/site-packages/triton/language/core.py", line 42, in wrapper\n    return fn(*args, **kwargs)\n  File "/home/lijiaxing/.conda/envs/api/lib/python3.10/site-packages/triton/language/core.py", line 1654, in arange\n    return _semantic.arange(start, end)\n  File "/home/lijiaxing/.conda/envs/api/lib/python3.10/site-packages/triton/language/semantic.py", line 574, in arange\n    raise ValueError("arange\'s arguments must be of type tl.constexpr")\nValueError: arange\'s arguments must be of type tl.constexpr\n\nThe above exception was the direct cause of the following exception:\n\nTraceback (most recent call last):\n  File "/cpfs01/shared/llm_kernel/hujiakai/KernelLLM/validation_api_server/helpers/evaluations.py", line 720, in run_and_check_correctness\n    output_new = model_new(*inputs)\n  File "/home/lijiaxing/.conda/envs/api/lib/python3.10/site-packages/torch/nn/modules/module.py", line 1773, in _wrapped_call_impl\n    return self._call_impl(*args, **kwargs)\n  File "/home/lijiaxing/.conda/envs/api/lib/python3.10/site-packages/torch/nn/modules/module.py", line 1784, in _call_impl\n    return forward_call(*args, **kwargs)\n  File "/tmp/tmprlr3ly0p.py", line 74, in forward\n    matmul_kernel[grid](\n  File "/home/lijiaxing/.conda/envs/api/lib/python3.10/site-packages/triton/runtime/jit.py", line 390, in <lambda>\n    return lambda *args, **kwargs: self.run(grid=grid, warmup=False, *args, **kwargs)\n  File "/home/lijiaxing/.conda/envs/api/lib/python3.10/site-packages/triton/runtime/autotuner.py", line 239, in run\n    benchmark()\n  File "/home/lijiaxing/.conda/envs/api/lib/python3.10/site-packages/triton/runtime/autotuner.py", line 228, in benchmark\n    timings = {config: self._bench(*args, config=config, **kwargs) for config in pruned_configs}\n  File "/home/lijiaxing/.conda/envs/api/lib/python3.10/site-packages/triton/runtime/autotuner.py", line 228, in <dictcomp>\n    timings = {config: self._bench(*args, config=config, **kwargs) for config in pruned_configs}\n  File "/home/lijiaxing/.conda/envs/api/lib/python3.10/site-packages/triton/runtime/autotuner.py", line 160, in _bench\n    return self.do_bench(kernel_call, quantiles=(0.5, 0.2, 0.8))\n  File "/home/lijiaxing/.conda/envs/api/lib/python3.10/site-packages/triton/testing.py", line 149, in do_bench\n    fn()\n  File "/home/lijiaxing/.conda/envs/api/lib/python3.10/site-packages/triton/runtime/autotuner.py", line 146, in kernel_call\n    self.fn.run(\n  File "/home/lijiaxing/.conda/envs/api/lib/python3.10/site-packages/triton/runtime/jit.py", line 594, in run\n    kernel = self.compile(src, target=target, options=options.__dict__)\n  File "/home/lijiaxing/.conda/envs/api/lib/python3.10/site-packages/triton/compiler/compiler.py", line 339, in compile\n    module = src.make_ir(options, codegen_fns, module_map, context)\n  File "/home/lijiaxing/.conda/envs/api/lib/python3.10/site-packages/triton/compiler/compiler.py", line 83, in make_ir\n    return ast_to_ttir(self.fn, self, context=context, options=options, codegen_fns=codegen_fns,\ntriton.compiler.errors.CompilationError: at 15:51:\n    stride_am, stride_ak,\n    stride_bk, stride_bn,\n    stride_cm, stride_cn,\n    BLOCK_M: tl.constexpr, BLOCK_N: tl.constexpr,\n):\n    pid_m = tl.program_id(0)\n    pid_n = tl.program_id(1)\n\n    offs_m = pid_m * BLOCK_M + tl.arange(0, BLOCK_M)\n    offs_n = pid_n * BLOCK_N + tl.arange(0, BLOCK_N)\n\n    a_ptrs = a_ptr + offs_m[:, None] * stride_am + tl.arange(0, K)[None, :] * stride_ak\n                                                   ^\n\n\nThe above exception was the direct cause of the following exception:\n\nTraceback (most recent call last):\n  File "/home/lijiaxing/.conda/envs/api/lib/python3.10/site-packages/triton/language/core.py", line 42, in wrapper\n    return fn(*args, **kwargs)\n  File "/home/lijiaxing/.conda/envs/api/lib/python3.10/site-packages/triton/language/core.py", line 1654, in arange\n    return _semantic.arange(start, end)\n  File "/home/lijiaxing/.conda/envs/api/lib/python3.10/site-packages/triton/language/semantic.py", line 574, in arange\n    raise ValueError("arange\'s arguments must be of type tl.constexpr")\nValueError: arange\'s arguments must be of type tl.constexpr\n', 'runtime_error_name': 'triton.compiler.errors.CompilationError', 'reference_timing_ms': 0.0274, 'speed_up': -1.0, 'custom_timing': -1.0}, 'runtime': -1.0, 'runtime_stats': {}}}
2025-08-12 18:27:32,567 - openevolve.threaded_parallel - INFO - ðŸŒŸ New best solution found at iteration 2: 49668471-ffe5-4e8d-9c09-69806ca3908d
2025-08-12 18:31:03,742 - openevolve.RemoteSpeedupEvaluator - INFO - [level1_9_Tall_skinny_matrix_multiplication_] triton key words check pass
2025-08-12 18:31:03,743 - openevolve.RemoteSpeedupEvaluator - INFO - [level1_9_Tall_skinny_matrix_multiplication_] verify_plus payload: reference_code(884 chars) + custom_code(2362 chars)
2025-08-12 18:31:07,338 - openevolve.RemoteSpeedupEvaluator - INFO - [level1_9_Tall_skinny_matrix_multiplication_] verify_plus request success
2025-08-12 18:31:07,338 - openevolve.RemoteSpeedupEvaluator - INFO - [level1_9_Tall_skinny_matrix_multiplication_] verify_plus response: {"id":"level1_9_Tall_skinny_matrix_multiplication_","result":{"compiled":true,"correctness":false,"metadata":{"hardware":"NVIDIA L20Y","device":"cuda:2","max_difference":["0.027271","0.029099","0.028227","0.030886"],"avg_difference":["0.002384","0.002391","0.002388","0.002382"],"correctness_issue":"Output mismatch","correctness_trials":"(1 / 5)","reference_timing_ms":0.0274,"speed_up":-1.0,"custom_timing":-1.0},"runtime":-1.0,"runtime_stats":{}}}
2025-08-12 18:31:07,339 - openevolve.RemoteSpeedupEvaluator - INFO - [level1_9_Tall_skinny_matrix_multiplication_] âœ˜ wrong_answer
2025-08-12 18:31:07,339 - openevolve.evaluator - INFO - Evaluated program 87243833-731e-4238-b2ae-3373a6437880 in 3.60s: compiled=1.0000, correctness=0.0000, score=10.0000, stage=wrong_answer, verify_payload={'id': 'level1_9_Tall_skinny_matrix_multiplication_', 'result': {'compiled': True, 'correctness': False, 'metadata': {'hardware': 'NVIDIA L20Y', 'device': 'cuda:2', 'max_difference': ['0.027271', '0.029099', '0.028227', '0.030886'], 'avg_difference': ['0.002384', '0.002391', '0.002388', '0.002382'], 'correctness_issue': 'Output mismatch', 'correctness_trials': '(1 / 5)', 'reference_timing_ms': 0.0274, 'speed_up': -1.0, 'custom_timing': -1.0}, 'runtime': -1.0, 'runtime_stats': {}}}
2025-08-12 18:31:07,341 - openevolve.database - INFO - New MAP-Elites cell occupied: {'score': 9, 'complexity': 8}
2025-08-12 18:31:07,342 - openevolve.llm.ensemble - INFO - Sampled model: deepseek
2025-08-12 18:31:07,349 - openevolve.threaded_parallel - INFO - Iteration 0: Program 87243833-731e-4238-b2ae-3373a6437880 (parent: 320d1c24-ac03-41e9-8023-98a1ed7ee74b) completed in 1266.89s
2025-08-12 18:31:07,349 - openevolve.threaded_parallel - INFO - Metrics: compiled=1.0000, correctness=0.0000, score=10.0000, stage=wrong_answer, verify_payload={'id': 'level1_9_Tall_skinny_matrix_multiplication_', 'result': {'compiled': True, 'correctness': False, 'metadata': {'hardware': 'NVIDIA L20Y', 'device': 'cuda:2', 'max_difference': ['0.027271', '0.029099', '0.028227', '0.030886'], 'avg_difference': ['0.002384', '0.002391', '0.002388', '0.002382'], 'correctness_issue': 'Output mismatch', 'correctness_trials': '(1 / 5)', 'reference_timing_ms': 0.0274, 'speed_up': -1.0, 'custom_timing': -1.0}, 'runtime': -1.0, 'runtime_stats': {}}}
2025-08-12 18:31:07,349 - openevolve.threaded_parallel - INFO - Checkpoint interval reached at iteration 0
2025-08-12 18:31:07,349 - openevolve.database - INFO - Island Status:
2025-08-12 18:31:07,349 - openevolve.database - INFO -  * Island 0: 3 programs, best=10.0000, avg=6.6667, diversity=498.20, gen=2 (best: 49668471-ffe5-4e8d-9c09-69806ca3908d)
2025-08-12 18:31:07,349 - openevolve.database - INFO -    Island 1: 0 programs, best=0.0000, avg=0.0000, diversity=0.00, gen=0
2025-08-12 18:31:07,349 - openevolve.database - INFO -    Island 2: 0 programs, best=0.0000, avg=0.0000, diversity=0.00, gen=0
2025-08-12 18:31:07,388 - openevolve.database - INFO - Saved database with 3 programs to openevolve_output/level1_9_Tall_skinny_matrix_multiplication_/checkpoints/checkpoint_0
2025-08-12 18:31:07,402 - openevolve.controller - INFO - Saved best program at checkpoint 0 with metrics: compiled=1.0000, correctness=0.0000, score=10.0000, stage=wrong_answer, verify_payload={'id': 'level1_9_Tall_skinny_matrix_multiplication_', 'result': {'compiled': True, 'correctness': False, 'metadata': {'hardware': 'NVIDIA L20Y', 'device': 'cuda:1', 'runtime_error': 'Traceback (most recent call last):\n  File "/home/lijiaxing/.conda/envs/api/lib/python3.10/site-packages/triton/language/core.py", line 42, in wrapper\n    return fn(*args, **kwargs)\n  File "/home/lijiaxing/.conda/envs/api/lib/python3.10/site-packages/triton/language/core.py", line 1654, in arange\n    return _semantic.arange(start, end)\n  File "/home/lijiaxing/.conda/envs/api/lib/python3.10/site-packages/triton/language/semantic.py", line 574, in arange\n    raise ValueError("arange\'s arguments must be of type tl.constexpr")\nValueError: arange\'s arguments must be of type tl.constexpr\n\nThe above exception was the direct cause of the following exception:\n\nTraceback (most recent call last):\n  File "/cpfs01/shared/llm_kernel/hujiakai/KernelLLM/validation_api_server/helpers/evaluations.py", line 720, in run_and_check_correctness\n    output_new = model_new(*inputs)\n  File "/home/lijiaxing/.conda/envs/api/lib/python3.10/site-packages/torch/nn/modules/module.py", line 1773, in _wrapped_call_impl\n    return self._call_impl(*args, **kwargs)\n  File "/home/lijiaxing/.conda/envs/api/lib/python3.10/site-packages/torch/nn/modules/module.py", line 1784, in _call_impl\n    return forward_call(*args, **kwargs)\n  File "/tmp/tmprlr3ly0p.py", line 74, in forward\n    matmul_kernel[grid](\n  File "/home/lijiaxing/.conda/envs/api/lib/python3.10/site-packages/triton/runtime/jit.py", line 390, in <lambda>\n    return lambda *args, **kwargs: self.run(grid=grid, warmup=False, *args, **kwargs)\n  File "/home/lijiaxing/.conda/envs/api/lib/python3.10/site-packages/triton/runtime/autotuner.py", line 239, in run\n    benchmark()\n  File "/home/lijiaxing/.conda/envs/api/lib/python3.10/site-packages/triton/runtime/autotuner.py", line 228, in benchmark\n    timings = {config: self._bench(*args, config=config, **kwargs) for config in pruned_configs}\n  File "/home/lijiaxing/.conda/envs/api/lib/python3.10/site-packages/triton/runtime/autotuner.py", line 228, in <dictcomp>\n    timings = {config: self._bench(*args, config=config, **kwargs) for config in pruned_configs}\n  File "/home/lijiaxing/.conda/envs/api/lib/python3.10/site-packages/triton/runtime/autotuner.py", line 160, in _bench\n    return self.do_bench(kernel_call, quantiles=(0.5, 0.2, 0.8))\n  File "/home/lijiaxing/.conda/envs/api/lib/python3.10/site-packages/triton/testing.py", line 149, in do_bench\n    fn()\n  File "/home/lijiaxing/.conda/envs/api/lib/python3.10/site-packages/triton/runtime/autotuner.py", line 146, in kernel_call\n    self.fn.run(\n  File "/home/lijiaxing/.conda/envs/api/lib/python3.10/site-packages/triton/runtime/jit.py", line 594, in run\n    kernel = self.compile(src, target=target, options=options.__dict__)\n  File "/home/lijiaxing/.conda/envs/api/lib/python3.10/site-packages/triton/compiler/compiler.py", line 339, in compile\n    module = src.make_ir(options, codegen_fns, module_map, context)\n  File "/home/lijiaxing/.conda/envs/api/lib/python3.10/site-packages/triton/compiler/compiler.py", line 83, in make_ir\n    return ast_to_ttir(self.fn, self, context=context, options=options, codegen_fns=codegen_fns,\ntriton.compiler.errors.CompilationError: at 15:51:\n    stride_am, stride_ak,\n    stride_bk, stride_bn,\n    stride_cm, stride_cn,\n    BLOCK_M: tl.constexpr, BLOCK_N: tl.constexpr,\n):\n    pid_m = tl.program_id(0)\n    pid_n = tl.program_id(1)\n\n    offs_m = pid_m * BLOCK_M + tl.arange(0, BLOCK_M)\n    offs_n = pid_n * BLOCK_N + tl.arange(0, BLOCK_N)\n\n    a_ptrs = a_ptr + offs_m[:, None] * stride_am + tl.arange(0, K)[None, :] * stride_ak\n                                                   ^\n\n\nThe above exception was the direct cause of the following exception:\n\nTraceback (most recent call last):\n  File "/home/lijiaxing/.conda/envs/api/lib/python3.10/site-packages/triton/language/core.py", line 42, in wrapper\n    return fn(*args, **kwargs)\n  File "/home/lijiaxing/.conda/envs/api/lib/python3.10/site-packages/triton/language/core.py", line 1654, in arange\n    return _semantic.arange(start, end)\n  File "/home/lijiaxing/.conda/envs/api/lib/python3.10/site-packages/triton/language/semantic.py", line 574, in arange\n    raise ValueError("arange\'s arguments must be of type tl.constexpr")\nValueError: arange\'s arguments must be of type tl.constexpr\n', 'runtime_error_name': 'triton.compiler.errors.CompilationError', 'reference_timing_ms': 0.0274, 'speed_up': -1.0, 'custom_timing': -1.0}, 'runtime': -1.0, 'runtime_stats': {}}}
2025-08-12 18:31:07,402 - openevolve.controller - INFO - Saved checkpoint at iteration 0 to openevolve_output/level1_9_Tall_skinny_matrix_multiplication_/checkpoints/checkpoint_0
2025-08-12 18:36:03,866 - openevolve.RemoteSpeedupEvaluator - INFO - [level1_9_Tall_skinny_matrix_multiplication_] triton key words check pass
2025-08-12 18:36:03,868 - openevolve.RemoteSpeedupEvaluator - INFO - [level1_9_Tall_skinny_matrix_multiplication_] verify_plus payload: reference_code(884 chars) + custom_code(1649 chars)
2025-08-12 18:36:06,865 - openevolve.RemoteSpeedupEvaluator - INFO - [level1_9_Tall_skinny_matrix_multiplication_] verify_plus request success
2025-08-12 18:36:06,865 - openevolve.RemoteSpeedupEvaluator - INFO - [level1_9_Tall_skinny_matrix_multiplication_] verify_plus response: {"id":"level1_9_Tall_skinny_matrix_multiplication_","result":{"compiled":true,"correctness":false,"metadata":{"hardware":"NVIDIA L20Y","device":"cuda:5","runtime_error":"Traceback (most recent call last):\n  File \"/cpfs01/shared/llm_kernel/hujiakai/KernelLLM/validation_api_server/helpers/evaluations.py\", line 720, in run_and_check_correctness\n    output_new = model_new(*inputs)\n  File \"/home/lijiaxing/.conda/envs/api/lib/python3.10/site-packages/torch/nn/modules/module.py\", line 1773, in _wrapped_call_impl\n    return self._call_impl(*args, **kwargs)\n  File \"/home/lijiaxing/.conda/envs/api/lib/python3.10/site-packages/torch/nn/modules/module.py\", line 1784, in _call_impl\n    return forward_call(*args, **kwargs)\n  File \"/tmp/tmp5kh263op.py\", line 49, in forward\n    kernel[grid
2025-08-12 18:36:06,865 - openevolve.RemoteSpeedupEvaluator - INFO - [level1_9_Tall_skinny_matrix_multiplication_] âœ˜ wrong_answer
2025-08-12 18:36:06,865 - openevolve.evaluator - INFO - Evaluated program af847e60-f80f-45ba-8e4d-5649e8861978 in 3.00s: compiled=1.0000, correctness=0.0000, score=10.0000, stage=wrong_answer, verify_payload={'id': 'level1_9_Tall_skinny_matrix_multiplication_', 'result': {'compiled': True, 'correctness': False, 'metadata': {'hardware': 'NVIDIA L20Y', 'device': 'cuda:5', 'runtime_error': 'Traceback (most recent call last):\n  File "/cpfs01/shared/llm_kernel/hujiakai/KernelLLM/validation_api_server/helpers/evaluations.py", line 720, in run_and_check_correctness\n    output_new = model_new(*inputs)\n  File "/home/lijiaxing/.conda/envs/api/lib/python3.10/site-packages/torch/nn/modules/module.py", line 1773, in _wrapped_call_impl\n    return self._call_impl(*args, **kwargs)\n  File "/home/lijiaxing/.conda/envs/api/lib/python3.10/site-packages/torch/nn/modules/module.py", line 1784, in _call_impl\n    return forward_call(*args, **kwargs)\n  File "/tmp/tmp5kh263op.py", line 49, in forward\n    kernel[grid](\n  File "/home/lijiaxing/.conda/envs/api/lib/python3.10/site-packages/triton/runtime/jit.py", line 390, in <lambda>\n    return lambda *args, **kwargs: self.run(grid=grid, warmup=False, *args, **kwargs)\n  File "/home/lijiaxing/.conda/envs/api/lib/python3.10/site-packages/triton/runtime/jit.py", line 594, in run\n    kernel = self.compile(src, target=target, options=options.__dict__)\n  File "/home/lijiaxing/.conda/envs/api/lib/python3.10/site-packages/triton/compiler/compiler.py", line 339, in compile\n    module = src.make_ir(options, codegen_fns, module_map, context)\n  File "/home/lijiaxing/.conda/envs/api/lib/python3.10/site-packages/triton/compiler/compiler.py", line 83, in make_ir\n    return ast_to_ttir(self.fn, self, context=context, options=options, codegen_fns=codegen_fns,\ntriton.compiler.errors.CompilationError: at 24:15:\n    mask = col_idx < M\n\n    a_row = tl.load(A_ptr + pid * stride_am + tl.arange(0, 16), \n                    mask=tl.arange(0,16) < 16, \n                    other=0.0)\n\n    acc = tl.zeros((BLOCK_N,), dtype=tl.float32)\n    for k in range(16):\n        b_vals = tl.load(B_ptr + k * stride_bk + col_idx, \n                         mask=mask, \n                         other=0.0)\n        acc += a_row[k] * b_vals\n               ^\nValueError(\'Did you forget to add @triton.jit ? (`_semantic` argument must be provided outside of JIT functions.)\')\n\n\nThe above exception was the direct cause of the following exception:\n\nTraceback (most recent call last):\n  File "/home/lijiaxing/.conda/envs/api/lib/python3.10/site-packages/triton/language/core.py", line 42, in wrapper\n    return fn(*args, **kwargs)\n  File "/home/lijiaxing/.conda/envs/api/lib/python3.10/site-packages/triton/language/core.py", line 1111, in __getitem__\n    for dim, sl in enumerate(slices):\n  File "/home/lijiaxing/.conda/envs/api/lib/python3.10/site-packages/triton/language/core.py", line 40, in wrapper\n    raise ValueError("Did you forget to add @triton.jit ? "\nValueError: Did you forget to add @triton.jit ? (`_semantic` argument must be provided outside of JIT functions.)\n', 'runtime_error_name': 'triton.compiler.errors.CompilationError', 'reference_timing_ms': 0.0274, 'speed_up': -1.0, 'custom_timing': -1.0}, 'runtime': -1.0, 'runtime_stats': {}}}
2025-08-12 18:36:06,875 - openevolve.database - INFO - New MAP-Elites cell occupied: {'score': 9, 'complexity': 3}
2025-08-12 18:36:06,876 - openevolve.llm.ensemble - INFO - Sampled model: deepseek
2025-08-12 18:36:06,888 - openevolve.threaded_parallel - INFO - Iteration 1: Program af847e60-f80f-45ba-8e4d-5649e8861978 (parent: 320d1c24-ac03-41e9-8023-98a1ed7ee74b) completed in 1566.43s
2025-08-12 18:36:06,889 - openevolve.threaded_parallel - INFO - Metrics: compiled=1.0000, correctness=0.0000, score=10.0000, stage=wrong_answer, verify_payload={'id': 'level1_9_Tall_skinny_matrix_multiplication_', 'result': {'compiled': True, 'correctness': False, 'metadata': {'hardware': 'NVIDIA L20Y', 'device': 'cuda:5', 'runtime_error': 'Traceback (most recent call last):\n  File "/cpfs01/shared/llm_kernel/hujiakai/KernelLLM/validation_api_server/helpers/evaluations.py", line 720, in run_and_check_correctness\n    output_new = model_new(*inputs)\n  File "/home/lijiaxing/.conda/envs/api/lib/python3.10/site-packages/torch/nn/modules/module.py", line 1773, in _wrapped_call_impl\n    return self._call_impl(*args, **kwargs)\n  File "/home/lijiaxing/.conda/envs/api/lib/python3.10/site-packages/torch/nn/modules/module.py", line 1784, in _call_impl\n    return forward_call(*args, **kwargs)\n  File "/tmp/tmp5kh263op.py", line 49, in forward\n    kernel[grid](\n  File "/home/lijiaxing/.conda/envs/api/lib/python3.10/site-packages/triton/runtime/jit.py", line 390, in <lambda>\n    return lambda *args, **kwargs: self.run(grid=grid, warmup=False, *args, **kwargs)\n  File "/home/lijiaxing/.conda/envs/api/lib/python3.10/site-packages/triton/runtime/jit.py", line 594, in run\n    kernel = self.compile(src, target=target, options=options.__dict__)\n  File "/home/lijiaxing/.conda/envs/api/lib/python3.10/site-packages/triton/compiler/compiler.py", line 339, in compile\n    module = src.make_ir(options, codegen_fns, module_map, context)\n  File "/home/lijiaxing/.conda/envs/api/lib/python3.10/site-packages/triton/compiler/compiler.py", line 83, in make_ir\n    return ast_to_ttir(self.fn, self, context=context, options=options, codegen_fns=codegen_fns,\ntriton.compiler.errors.CompilationError: at 24:15:\n    mask = col_idx < M\n\n    a_row = tl.load(A_ptr + pid * stride_am + tl.arange(0, 16), \n                    mask=tl.arange(0,16) < 16, \n                    other=0.0)\n\n    acc = tl.zeros((BLOCK_N,), dtype=tl.float32)\n    for k in range(16):\n        b_vals = tl.load(B_ptr + k * stride_bk + col_idx, \n                         mask=mask, \n                         other=0.0)\n        acc += a_row[k] * b_vals\n               ^\nValueError(\'Did you forget to add @triton.jit ? (`_semantic` argument must be provided outside of JIT functions.)\')\n\n\nThe above exception was the direct cause of the following exception:\n\nTraceback (most recent call last):\n  File "/home/lijiaxing/.conda/envs/api/lib/python3.10/site-packages/triton/language/core.py", line 42, in wrapper\n    return fn(*args, **kwargs)\n  File "/home/lijiaxing/.conda/envs/api/lib/python3.10/site-packages/triton/language/core.py", line 1111, in __getitem__\n    for dim, sl in enumerate(slices):\n  File "/home/lijiaxing/.conda/envs/api/lib/python3.10/site-packages/triton/language/core.py", line 40, in wrapper\n    raise ValueError("Did you forget to add @triton.jit ? "\nValueError: Did you forget to add @triton.jit ? (`_semantic` argument must be provided outside of JIT functions.)\n', 'runtime_error_name': 'triton.compiler.errors.CompilationError', 'reference_timing_ms': 0.0274, 'speed_up': -1.0, 'custom_timing': -1.0}, 'runtime': -1.0, 'runtime_stats': {}}}
2025-08-12 18:45:46,390 - openevolve.RemoteSpeedupEvaluator - INFO - [level1_9_Tall_skinny_matrix_multiplication_] triton key words check pass
2025-08-12 18:45:46,392 - openevolve.RemoteSpeedupEvaluator - INFO - [level1_9_Tall_skinny_matrix_multiplication_] verify_plus payload: reference_code(884 chars) + custom_code(2242 chars)
2025-08-12 18:45:52,512 - openevolve.RemoteSpeedupEvaluator - INFO - [level1_9_Tall_skinny_matrix_multiplication_] verify_plus request success
2025-08-12 18:45:52,512 - openevolve.RemoteSpeedupEvaluator - INFO - [level1_9_Tall_skinny_matrix_multiplication_] verify_plus response: {"id":"level1_9_Tall_skinny_matrix_multiplication_","result":{"compiled":true,"correctness":false,"metadata":{"hardware":"NVIDIA L20Y","device":"cuda:6","runtime_error":"Traceback (most recent call last):\n  File \"/cpfs01/shared/llm_kernel/hujiakai/KernelLLM/validation_api_server/helpers/evaluations.py\", line 720, in run_and_check_correctness\n    output_new = model_new(*inputs)\n  File \"/home/lijiaxing/.conda/envs/api/lib/python3.10/site-packages/torch/nn/modules/module.py\", line 1773, in _wrapped_call_impl\n    return self._call_impl(*args, **kwargs)\n  File \"/home/lijiaxing/.conda/envs/api/lib/python3.10/site-packages/torch/nn/modules/module.py\", line 1784, in _call_impl\n    return forward_call(*args, **kwargs)\n  File \"/tmp/tmpfosu7gny.py\", line 45, in forward\n    assert K ==
2025-08-12 18:45:52,512 - openevolve.RemoteSpeedupEvaluator - INFO - [level1_9_Tall_skinny_matrix_multiplication_] âœ˜ wrong_answer
2025-08-12 18:45:52,512 - openevolve.evaluator - INFO - Evaluated program 9a1ebe46-a452-4597-b2ee-48cd979504f6 in 6.12s: compiled=1.0000, correctness=0.0000, score=10.0000, stage=wrong_answer, verify_payload={'id': 'level1_9_Tall_skinny_matrix_multiplication_', 'result': {'compiled': True, 'correctness': False, 'metadata': {'hardware': 'NVIDIA L20Y', 'device': 'cuda:6', 'runtime_error': 'Traceback (most recent call last):\n  File "/cpfs01/shared/llm_kernel/hujiakai/KernelLLM/validation_api_server/helpers/evaluations.py", line 720, in run_and_check_correctness\n    output_new = model_new(*inputs)\n  File "/home/lijiaxing/.conda/envs/api/lib/python3.10/site-packages/torch/nn/modules/module.py", line 1773, in _wrapped_call_impl\n    return self._call_impl(*args, **kwargs)\n  File "/home/lijiaxing/.conda/envs/api/lib/python3.10/site-packages/torch/nn/modules/module.py", line 1784, in _call_impl\n    return forward_call(*args, **kwargs)\n  File "/tmp/tmpfosu7gny.py", line 45, in forward\n    assert K == _, "Incompatible dimensions"\nAssertionError: Incompatible dimensions\n', 'runtime_error_name': 'builtins.AssertionError', 'reference_timing_ms': 0.0274, 'speed_up': -1.0, 'custom_timing': -1.0}, 'runtime': -1.0, 'runtime_stats': {}}}
2025-08-12 18:45:52,516 - openevolve.database - INFO - New MAP-Elites cell occupied: {'score': 9, 'complexity': 7}
2025-08-12 18:45:52,517 - openevolve.llm.ensemble - INFO - Sampled model: deepseek
2025-08-12 18:45:52,528 - openevolve.threaded_parallel - INFO - Iteration 3: Program 9a1ebe46-a452-4597-b2ee-48cd979504f6 (parent: 320d1c24-ac03-41e9-8023-98a1ed7ee74b) completed in 1099.98s
2025-08-12 18:45:52,528 - openevolve.threaded_parallel - INFO - Metrics: compiled=1.0000, correctness=0.0000, score=10.0000, stage=wrong_answer, verify_payload={'id': 'level1_9_Tall_skinny_matrix_multiplication_', 'result': {'compiled': True, 'correctness': False, 'metadata': {'hardware': 'NVIDIA L20Y', 'device': 'cuda:6', 'runtime_error': 'Traceback (most recent call last):\n  File "/cpfs01/shared/llm_kernel/hujiakai/KernelLLM/validation_api_server/helpers/evaluations.py", line 720, in run_and_check_correctness\n    output_new = model_new(*inputs)\n  File "/home/lijiaxing/.conda/envs/api/lib/python3.10/site-packages/torch/nn/modules/module.py", line 1773, in _wrapped_call_impl\n    return self._call_impl(*args, **kwargs)\n  File "/home/lijiaxing/.conda/envs/api/lib/python3.10/site-packages/torch/nn/modules/module.py", line 1784, in _call_impl\n    return forward_call(*args, **kwargs)\n  File "/tmp/tmpfosu7gny.py", line 45, in forward\n    assert K == _, "Incompatible dimensions"\nAssertionError: Incompatible dimensions\n', 'runtime_error_name': 'builtins.AssertionError', 'reference_timing_ms': 0.0274, 'speed_up': -1.0, 'custom_timing': -1.0}, 'runtime': -1.0, 'runtime_stats': {}}}
2025-08-12 18:45:52,528 - openevolve.threaded_parallel - INFO - Checkpoint interval reached at iteration 3
2025-08-12 18:45:52,528 - openevolve.database - INFO - Island Status:
2025-08-12 18:45:52,529 - openevolve.database - INFO -    Island 0: 4 programs, best=10.0000, avg=7.5000, diversity=404.20, gen=2 (best: 49668471-ffe5-4e8d-9c09-69806ca3908d)
2025-08-12 18:45:52,529 - openevolve.database - INFO -    Island 1: 1 programs, best=10.0000, avg=10.0000, diversity=0.00, gen=1 (best: 9a1ebe46-a452-4597-b2ee-48cd979504f6)
2025-08-12 18:45:52,529 - openevolve.database - INFO -  * Island 2: 0 programs, best=0.0000, avg=0.0000, diversity=0.00, gen=1
2025-08-12 18:45:52,587 - openevolve.database - INFO - Saved database with 5 programs to openevolve_output/level1_9_Tall_skinny_matrix_multiplication_/checkpoints/checkpoint_3
2025-08-12 18:45:52,603 - openevolve.controller - INFO - Saved best program at checkpoint 3 with metrics: compiled=1.0000, correctness=0.0000, score=10.0000, stage=wrong_answer, verify_payload={'id': 'level1_9_Tall_skinny_matrix_multiplication_', 'result': {'compiled': True, 'correctness': False, 'metadata': {'hardware': 'NVIDIA L20Y', 'device': 'cuda:1', 'runtime_error': 'Traceback (most recent call last):\n  File "/home/lijiaxing/.conda/envs/api/lib/python3.10/site-packages/triton/language/core.py", line 42, in wrapper\n    return fn(*args, **kwargs)\n  File "/home/lijiaxing/.conda/envs/api/lib/python3.10/site-packages/triton/language/core.py", line 1654, in arange\n    return _semantic.arange(start, end)\n  File "/home/lijiaxing/.conda/envs/api/lib/python3.10/site-packages/triton/language/semantic.py", line 574, in arange\n    raise ValueError("arange\'s arguments must be of type tl.constexpr")\nValueError: arange\'s arguments must be of type tl.constexpr\n\nThe above exception was the direct cause of the following exception:\n\nTraceback (most recent call last):\n  File "/cpfs01/shared/llm_kernel/hujiakai/KernelLLM/validation_api_server/helpers/evaluations.py", line 720, in run_and_check_correctness\n    output_new = model_new(*inputs)\n  File "/home/lijiaxing/.conda/envs/api/lib/python3.10/site-packages/torch/nn/modules/module.py", line 1773, in _wrapped_call_impl\n    return self._call_impl(*args, **kwargs)\n  File "/home/lijiaxing/.conda/envs/api/lib/python3.10/site-packages/torch/nn/modules/module.py", line 1784, in _call_impl\n    return forward_call(*args, **kwargs)\n  File "/tmp/tmprlr3ly0p.py", line 74, in forward\n    matmul_kernel[grid](\n  File "/home/lijiaxing/.conda/envs/api/lib/python3.10/site-packages/triton/runtime/jit.py", line 390, in <lambda>\n    return lambda *args, **kwargs: self.run(grid=grid, warmup=False, *args, **kwargs)\n  File "/home/lijiaxing/.conda/envs/api/lib/python3.10/site-packages/triton/runtime/autotuner.py", line 239, in run\n    benchmark()\n  File "/home/lijiaxing/.conda/envs/api/lib/python3.10/site-packages/triton/runtime/autotuner.py", line 228, in benchmark\n    timings = {config: self._bench(*args, config=config, **kwargs) for config in pruned_configs}\n  File "/home/lijiaxing/.conda/envs/api/lib/python3.10/site-packages/triton/runtime/autotuner.py", line 228, in <dictcomp>\n    timings = {config: self._bench(*args, config=config, **kwargs) for config in pruned_configs}\n  File "/home/lijiaxing/.conda/envs/api/lib/python3.10/site-packages/triton/runtime/autotuner.py", line 160, in _bench\n    return self.do_bench(kernel_call, quantiles=(0.5, 0.2, 0.8))\n  File "/home/lijiaxing/.conda/envs/api/lib/python3.10/site-packages/triton/testing.py", line 149, in do_bench\n    fn()\n  File "/home/lijiaxing/.conda/envs/api/lib/python3.10/site-packages/triton/runtime/autotuner.py", line 146, in kernel_call\n    self.fn.run(\n  File "/home/lijiaxing/.conda/envs/api/lib/python3.10/site-packages/triton/runtime/jit.py", line 594, in run\n    kernel = self.compile(src, target=target, options=options.__dict__)\n  File "/home/lijiaxing/.conda/envs/api/lib/python3.10/site-packages/triton/compiler/compiler.py", line 339, in compile\n    module = src.make_ir(options, codegen_fns, module_map, context)\n  File "/home/lijiaxing/.conda/envs/api/lib/python3.10/site-packages/triton/compiler/compiler.py", line 83, in make_ir\n    return ast_to_ttir(self.fn, self, context=context, options=options, codegen_fns=codegen_fns,\ntriton.compiler.errors.CompilationError: at 15:51:\n    stride_am, stride_ak,\n    stride_bk, stride_bn,\n    stride_cm, stride_cn,\n    BLOCK_M: tl.constexpr, BLOCK_N: tl.constexpr,\n):\n    pid_m = tl.program_id(0)\n    pid_n = tl.program_id(1)\n\n    offs_m = pid_m * BLOCK_M + tl.arange(0, BLOCK_M)\n    offs_n = pid_n * BLOCK_N + tl.arange(0, BLOCK_N)\n\n    a_ptrs = a_ptr + offs_m[:, None] * stride_am + tl.arange(0, K)[None, :] * stride_ak\n                                                   ^\n\n\nThe above exception was the direct cause of the following exception:\n\nTraceback (most recent call last):\n  File "/home/lijiaxing/.conda/envs/api/lib/python3.10/site-packages/triton/language/core.py", line 42, in wrapper\n    return fn(*args, **kwargs)\n  File "/home/lijiaxing/.conda/envs/api/lib/python3.10/site-packages/triton/language/core.py", line 1654, in arange\n    return _semantic.arange(start, end)\n  File "/home/lijiaxing/.conda/envs/api/lib/python3.10/site-packages/triton/language/semantic.py", line 574, in arange\n    raise ValueError("arange\'s arguments must be of type tl.constexpr")\nValueError: arange\'s arguments must be of type tl.constexpr\n', 'runtime_error_name': 'triton.compiler.errors.CompilationError', 'reference_timing_ms': 0.0274, 'speed_up': -1.0, 'custom_timing': -1.0}, 'runtime': -1.0, 'runtime_stats': {}}}
2025-08-12 18:45:52,603 - openevolve.controller - INFO - Saved checkpoint at iteration 3 to openevolve_output/level1_9_Tall_skinny_matrix_multiplication_/checkpoints/checkpoint_3
2025-08-12 18:47:37,220 - openevolve.RemoteSpeedupEvaluator - INFO - [level1_9_Tall_skinny_matrix_multiplication_] triton key words check pass
2025-08-12 18:47:37,222 - openevolve.RemoteSpeedupEvaluator - INFO - [level1_9_Tall_skinny_matrix_multiplication_] verify_plus payload: reference_code(884 chars) + custom_code(2825 chars)
2025-08-12 18:47:40,107 - openevolve.RemoteSpeedupEvaluator - INFO - [level1_9_Tall_skinny_matrix_multiplication_] verify_plus request success
2025-08-12 18:47:40,108 - openevolve.RemoteSpeedupEvaluator - INFO - [level1_9_Tall_skinny_matrix_multiplication_] verify_plus response: {"id":"level1_9_Tall_skinny_matrix_multiplication_","result":{"compiled":true,"correctness":false,"metadata":{"hardware":"NVIDIA L20Y","device":"cuda:6","runtime_error":"Traceback (most recent call last):\n  File \"/home/lijiaxing/.conda/envs/api/lib/python3.10/site-packages/triton/language/core.py\", line 42, in wrapper\n    return fn(*args, **kwargs)\n  File \"/home/lijiaxing/.conda/envs/api/lib/python3.10/site-packages/triton/language/core.py\", line 1654, in arange\n    return _semantic.arange(start, end)\n  File \"/home/lijiaxing/.conda/envs/api/lib/python3.10/site-packages/triton/language/semantic.py\", line 574, in arange\n    raise ValueError(\"arange's arguments must be of type tl.constexpr\")\nValueError: arange's arguments must be of type tl.constexpr\n\nThe above exception was 
2025-08-12 18:47:40,108 - openevolve.RemoteSpeedupEvaluator - INFO - [level1_9_Tall_skinny_matrix_multiplication_] âœ˜ wrong_answer
2025-08-12 18:47:40,108 - openevolve.evaluator - INFO - Evaluated program 61841a77-3cb1-4ea0-8fa6-86f8489f5df2 in 2.89s: compiled=1.0000, correctness=0.0000, score=10.0000, stage=wrong_answer, verify_payload={'id': 'level1_9_Tall_skinny_matrix_multiplication_', 'result': {'compiled': True, 'correctness': False, 'metadata': {'hardware': 'NVIDIA L20Y', 'device': 'cuda:6', 'runtime_error': 'Traceback (most recent call last):\n  File "/home/lijiaxing/.conda/envs/api/lib/python3.10/site-packages/triton/language/core.py", line 42, in wrapper\n    return fn(*args, **kwargs)\n  File "/home/lijiaxing/.conda/envs/api/lib/python3.10/site-packages/triton/language/core.py", line 1654, in arange\n    return _semantic.arange(start, end)\n  File "/home/lijiaxing/.conda/envs/api/lib/python3.10/site-packages/triton/language/semantic.py", line 574, in arange\n    raise ValueError("arange\'s arguments must be of type tl.constexpr")\nValueError: arange\'s arguments must be of type tl.constexpr\n\nThe above exception was the direct cause of the following exception:\n\nTraceback (most recent call last):\n  File "/cpfs01/shared/llm_kernel/hujiakai/KernelLLM/validation_api_server/helpers/evaluations.py", line 720, in run_and_check_correctness\n    output_new = model_new(*inputs)\n  File "/home/lijiaxing/.conda/envs/api/lib/python3.10/site-packages/torch/nn/modules/module.py", line 1773, in _wrapped_call_impl\n    return self._call_impl(*args, **kwargs)\n  File "/home/lijiaxing/.conda/envs/api/lib/python3.10/site-packages/torch/nn/modules/module.py", line 1784, in _call_impl\n    return forward_call(*args, **kwargs)\n  File "/tmp/tmpvqn8kqcc.py", line 77, in forward\n    matmul_kernel[grid](\n  File "/home/lijiaxing/.conda/envs/api/lib/python3.10/site-packages/triton/runtime/jit.py", line 390, in <lambda>\n    return lambda *args, **kwargs: self.run(grid=grid, warmup=False, *args, **kwargs)\n  File "/home/lijiaxing/.conda/envs/api/lib/python3.10/site-packages/triton/runtime/autotuner.py", line 239, in run\n    benchmark()\n  File "/home/lijiaxing/.conda/envs/api/lib/python3.10/site-packages/triton/runtime/autotuner.py", line 228, in benchmark\n    timings = {config: self._bench(*args, config=config, **kwargs) for config in pruned_configs}\n  File "/home/lijiaxing/.conda/envs/api/lib/python3.10/site-packages/triton/runtime/autotuner.py", line 228, in <dictcomp>\n    timings = {config: self._bench(*args, config=config, **kwargs) for config in pruned_configs}\n  File "/home/lijiaxing/.conda/envs/api/lib/python3.10/site-packages/triton/runtime/autotuner.py", line 160, in _bench\n    return self.do_bench(kernel_call, quantiles=(0.5, 0.2, 0.8))\n  File "/home/lijiaxing/.conda/envs/api/lib/python3.10/site-packages/triton/testing.py", line 149, in do_bench\n    fn()\n  File "/home/lijiaxing/.conda/envs/api/lib/python3.10/site-packages/triton/runtime/autotuner.py", line 146, in kernel_call\n    self.fn.run(\n  File "/home/lijiaxing/.conda/envs/api/lib/python3.10/site-packages/triton/runtime/jit.py", line 594, in run\n    kernel = self.compile(src, target=target, options=options.__dict__)\n  File "/home/lijiaxing/.conda/envs/api/lib/python3.10/site-packages/triton/compiler/compiler.py", line 339, in compile\n    module = src.make_ir(options, codegen_fns, module_map, context)\n  File "/home/lijiaxing/.conda/envs/api/lib/python3.10/site-packages/triton/compiler/compiler.py", line 83, in make_ir\n    return ast_to_ttir(self.fn, self, context=context, options=options, codegen_fns=codegen_fns,\ntriton.compiler.errors.CompilationError: at 15:51:\n    stride_am, stride_ak,\n    stride_bk, stride_bn,\n    stride_cm, stride_cn,\n    BLOCK_M: tl.constexpr, BLOCK_N: tl.constexpr,\n):\n    pid_m = tl.program_id(0)\n    pid_n = tl.program_id(1)\n\n    offs_m = pid_m * BLOCK_M + tl.arange(0, BLOCK_M)\n    offs_n = pid_n * BLOCK_N + tl.arange(0, BLOCK_N)\n\n    a_ptrs = a_ptr + offs_m[:, None] * stride_am + tl.arange(0, K)[None, :] * stride_ak\n                                                   ^\n\n\nThe above exception was the direct cause of the following exception:\n\nTraceback (most recent call last):\n  File "/home/lijiaxing/.conda/envs/api/lib/python3.10/site-packages/triton/language/core.py", line 42, in wrapper\n    return fn(*args, **kwargs)\n  File "/home/lijiaxing/.conda/envs/api/lib/python3.10/site-packages/triton/language/core.py", line 1654, in arange\n    return _semantic.arange(start, end)\n  File "/home/lijiaxing/.conda/envs/api/lib/python3.10/site-packages/triton/language/semantic.py", line 574, in arange\n    raise ValueError("arange\'s arguments must be of type tl.constexpr")\nValueError: arange\'s arguments must be of type tl.constexpr\n', 'runtime_error_name': 'triton.compiler.errors.CompilationError', 'reference_timing_ms': 0.0274, 'speed_up': -1.0, 'custom_timing': -1.0}, 'runtime': -1.0, 'runtime_stats': {}}}
2025-08-12 18:47:40,113 - openevolve.llm.ensemble - INFO - Sampled model: deepseek
2025-08-12 18:47:40,123 - openevolve.threaded_parallel - INFO - Iteration 4: Program 61841a77-3cb1-4ea0-8fa6-86f8489f5df2 (parent: 320d1c24-ac03-41e9-8023-98a1ed7ee74b) completed in 992.77s
2025-08-12 18:47:40,123 - openevolve.threaded_parallel - INFO - Metrics: compiled=1.0000, correctness=0.0000, score=10.0000, stage=wrong_answer, verify_payload={'id': 'level1_9_Tall_skinny_matrix_multiplication_', 'result': {'compiled': True, 'correctness': False, 'metadata': {'hardware': 'NVIDIA L20Y', 'device': 'cuda:6', 'runtime_error': 'Traceback (most recent call last):\n  File "/home/lijiaxing/.conda/envs/api/lib/python3.10/site-packages/triton/language/core.py", line 42, in wrapper\n    return fn(*args, **kwargs)\n  File "/home/lijiaxing/.conda/envs/api/lib/python3.10/site-packages/triton/language/core.py", line 1654, in arange\n    return _semantic.arange(start, end)\n  File "/home/lijiaxing/.conda/envs/api/lib/python3.10/site-packages/triton/language/semantic.py", line 574, in arange\n    raise ValueError("arange\'s arguments must be of type tl.constexpr")\nValueError: arange\'s arguments must be of type tl.constexpr\n\nThe above exception was the direct cause of the following exception:\n\nTraceback (most recent call last):\n  File "/cpfs01/shared/llm_kernel/hujiakai/KernelLLM/validation_api_server/helpers/evaluations.py", line 720, in run_and_check_correctness\n    output_new = model_new(*inputs)\n  File "/home/lijiaxing/.conda/envs/api/lib/python3.10/site-packages/torch/nn/modules/module.py", line 1773, in _wrapped_call_impl\n    return self._call_impl(*args, **kwargs)\n  File "/home/lijiaxing/.conda/envs/api/lib/python3.10/site-packages/torch/nn/modules/module.py", line 1784, in _call_impl\n    return forward_call(*args, **kwargs)\n  File "/tmp/tmpvqn8kqcc.py", line 77, in forward\n    matmul_kernel[grid](\n  File "/home/lijiaxing/.conda/envs/api/lib/python3.10/site-packages/triton/runtime/jit.py", line 390, in <lambda>\n    return lambda *args, **kwargs: self.run(grid=grid, warmup=False, *args, **kwargs)\n  File "/home/lijiaxing/.conda/envs/api/lib/python3.10/site-packages/triton/runtime/autotuner.py", line 239, in run\n    benchmark()\n  File "/home/lijiaxing/.conda/envs/api/lib/python3.10/site-packages/triton/runtime/autotuner.py", line 228, in benchmark\n    timings = {config: self._bench(*args, config=config, **kwargs) for config in pruned_configs}\n  File "/home/lijiaxing/.conda/envs/api/lib/python3.10/site-packages/triton/runtime/autotuner.py", line 228, in <dictcomp>\n    timings = {config: self._bench(*args, config=config, **kwargs) for config in pruned_configs}\n  File "/home/lijiaxing/.conda/envs/api/lib/python3.10/site-packages/triton/runtime/autotuner.py", line 160, in _bench\n    return self.do_bench(kernel_call, quantiles=(0.5, 0.2, 0.8))\n  File "/home/lijiaxing/.conda/envs/api/lib/python3.10/site-packages/triton/testing.py", line 149, in do_bench\n    fn()\n  File "/home/lijiaxing/.conda/envs/api/lib/python3.10/site-packages/triton/runtime/autotuner.py", line 146, in kernel_call\n    self.fn.run(\n  File "/home/lijiaxing/.conda/envs/api/lib/python3.10/site-packages/triton/runtime/jit.py", line 594, in run\n    kernel = self.compile(src, target=target, options=options.__dict__)\n  File "/home/lijiaxing/.conda/envs/api/lib/python3.10/site-packages/triton/compiler/compiler.py", line 339, in compile\n    module = src.make_ir(options, codegen_fns, module_map, context)\n  File "/home/lijiaxing/.conda/envs/api/lib/python3.10/site-packages/triton/compiler/compiler.py", line 83, in make_ir\n    return ast_to_ttir(self.fn, self, context=context, options=options, codegen_fns=codegen_fns,\ntriton.compiler.errors.CompilationError: at 15:51:\n    stride_am, stride_ak,\n    stride_bk, stride_bn,\n    stride_cm, stride_cn,\n    BLOCK_M: tl.constexpr, BLOCK_N: tl.constexpr,\n):\n    pid_m = tl.program_id(0)\n    pid_n = tl.program_id(1)\n\n    offs_m = pid_m * BLOCK_M + tl.arange(0, BLOCK_M)\n    offs_n = pid_n * BLOCK_N + tl.arange(0, BLOCK_N)\n\n    a_ptrs = a_ptr + offs_m[:, None] * stride_am + tl.arange(0, K)[None, :] * stride_ak\n                                                   ^\n\n\nThe above exception was the direct cause of the following exception:\n\nTraceback (most recent call last):\n  File "/home/lijiaxing/.conda/envs/api/lib/python3.10/site-packages/triton/language/core.py", line 42, in wrapper\n    return fn(*args, **kwargs)\n  File "/home/lijiaxing/.conda/envs/api/lib/python3.10/site-packages/triton/language/core.py", line 1654, in arange\n    return _semantic.arange(start, end)\n  File "/home/lijiaxing/.conda/envs/api/lib/python3.10/site-packages/triton/language/semantic.py", line 574, in arange\n    raise ValueError("arange\'s arguments must be of type tl.constexpr")\nValueError: arange\'s arguments must be of type tl.constexpr\n', 'runtime_error_name': 'triton.compiler.errors.CompilationError', 'reference_timing_ms': 0.0274, 'speed_up': -1.0, 'custom_timing': -1.0}, 'runtime': -1.0, 'runtime_stats': {}}}
2025-08-12 18:49:25,750 - openevolve.RemoteSpeedupEvaluator - INFO - [level1_9_Tall_skinny_matrix_multiplication_] triton key words check pass
2025-08-12 18:49:25,751 - openevolve.RemoteSpeedupEvaluator - INFO - [level1_9_Tall_skinny_matrix_multiplication_] verify_plus payload: reference_code(884 chars) + custom_code(2564 chars)
2025-08-12 18:49:29,190 - openevolve.RemoteSpeedupEvaluator - INFO - [level1_9_Tall_skinny_matrix_multiplication_] verify_plus request success
2025-08-12 18:49:29,191 - openevolve.RemoteSpeedupEvaluator - INFO - [level1_9_Tall_skinny_matrix_multiplication_] verify_plus response: {"id":"level1_9_Tall_skinny_matrix_multiplication_","result":{"compiled":true,"correctness":false,"metadata":{"hardware":"NVIDIA L20Y","device":"cuda:1","max_difference":["0.027271","0.029099","0.028227","0.030886"],"avg_difference":["0.002384","0.002391","0.002388","0.002382"],"correctness_issue":"Output mismatch","correctness_trials":"(1 / 5)","reference_timing_ms":0.0274,"speed_up":-1.0,"custom_timing":-1.0},"runtime":-1.0,"runtime_stats":{}}}
2025-08-12 18:49:29,191 - openevolve.RemoteSpeedupEvaluator - INFO - [level1_9_Tall_skinny_matrix_multiplication_] âœ˜ wrong_answer
2025-08-12 18:49:29,191 - openevolve.evaluator - INFO - Evaluated program bff53b60-e239-47db-ac7c-cb4e6f8e765e in 3.44s: compiled=1.0000, correctness=0.0000, score=10.0000, stage=wrong_answer, verify_payload={'id': 'level1_9_Tall_skinny_matrix_multiplication_', 'result': {'compiled': True, 'correctness': False, 'metadata': {'hardware': 'NVIDIA L20Y', 'device': 'cuda:1', 'max_difference': ['0.027271', '0.029099', '0.028227', '0.030886'], 'avg_difference': ['0.002384', '0.002391', '0.002388', '0.002382'], 'correctness_issue': 'Output mismatch', 'correctness_trials': '(1 / 5)', 'reference_timing_ms': 0.0274, 'speed_up': -1.0, 'custom_timing': -1.0}, 'runtime': -1.0, 'runtime_stats': {}}}
2025-08-12 18:49:29,198 - openevolve.llm.ensemble - INFO - Sampled model: deepseek
2025-08-12 18:49:29,243 - openevolve.threaded_parallel - INFO - Iteration 5: Program bff53b60-e239-47db-ac7c-cb4e6f8e765e (parent: 87243833-731e-4238-b2ae-3373a6437880) completed in 802.32s
2025-08-12 18:49:29,244 - openevolve.threaded_parallel - INFO - Metrics: compiled=1.0000, correctness=0.0000, score=10.0000, stage=wrong_answer, verify_payload={'id': 'level1_9_Tall_skinny_matrix_multiplication_', 'result': {'compiled': True, 'correctness': False, 'metadata': {'hardware': 'NVIDIA L20Y', 'device': 'cuda:1', 'max_difference': ['0.027271', '0.029099', '0.028227', '0.030886'], 'avg_difference': ['0.002384', '0.002391', '0.002388', '0.002382'], 'correctness_issue': 'Output mismatch', 'correctness_trials': '(1 / 5)', 'reference_timing_ms': 0.0274, 'speed_up': -1.0, 'custom_timing': -1.0}, 'runtime': -1.0, 'runtime_stats': {}}}
2025-08-12 18:56:40,974 - openevolve.RemoteSpeedupEvaluator - INFO - [level1_9_Tall_skinny_matrix_multiplication_] triton key words check pass
2025-08-12 18:56:40,975 - openevolve.RemoteSpeedupEvaluator - INFO - [level1_9_Tall_skinny_matrix_multiplication_] verify_plus payload: reference_code(884 chars) + custom_code(2968 chars)
2025-08-12 18:56:45,885 - openevolve.RemoteSpeedupEvaluator - INFO - [level1_9_Tall_skinny_matrix_multiplication_] verify_plus request success
2025-08-12 18:56:45,885 - openevolve.RemoteSpeedupEvaluator - INFO - [level1_9_Tall_skinny_matrix_multiplication_] verify_plus response: {"id":"level1_9_Tall_skinny_matrix_multiplication_","result":{"compiled":true,"correctness":false,"metadata":{"hardware":"NVIDIA L20Y","device":"cuda:3","max_difference":["0.027271","0.029099","0.028227","0.030886"],"avg_difference":["0.002384","0.002391","0.002388","0.002382"],"correctness_issue":"Output mismatch","correctness_trials":"(1 / 5)","reference_timing_ms":0.0274,"speed_up":-1.0,"custom_timing":-1.0},"runtime":-1.0,"runtime_stats":{}}}
2025-08-12 18:56:45,885 - openevolve.RemoteSpeedupEvaluator - INFO - [level1_9_Tall_skinny_matrix_multiplication_] âœ˜ wrong_answer
2025-08-12 18:56:45,886 - openevolve.evaluator - INFO - Evaluated program 5f5a0734-9980-4e8e-80f2-ccc2ac21fba0 in 4.91s: compiled=1.0000, correctness=0.0000, score=10.0000, stage=wrong_answer, verify_payload={'id': 'level1_9_Tall_skinny_matrix_multiplication_', 'result': {'compiled': True, 'correctness': False, 'metadata': {'hardware': 'NVIDIA L20Y', 'device': 'cuda:3', 'max_difference': ['0.027271', '0.029099', '0.028227', '0.030886'], 'avg_difference': ['0.002384', '0.002391', '0.002388', '0.002382'], 'correctness_issue': 'Output mismatch', 'correctness_trials': '(1 / 5)', 'reference_timing_ms': 0.0274, 'speed_up': -1.0, 'custom_timing': -1.0}, 'runtime': -1.0, 'runtime_stats': {}}}
2025-08-12 18:56:45,890 - openevolve.llm.ensemble - INFO - Sampled model: deepseek
2025-08-12 18:56:45,902 - openevolve.threaded_parallel - INFO - Iteration 7: Program 5f5a0734-9980-4e8e-80f2-ccc2ac21fba0 (parent: 49668471-ffe5-4e8d-9c09-69806ca3908d) completed in 545.77s
2025-08-12 18:56:45,903 - openevolve.threaded_parallel - INFO - Metrics: compiled=1.0000, correctness=0.0000, score=10.0000, stage=wrong_answer, verify_payload={'id': 'level1_9_Tall_skinny_matrix_multiplication_', 'result': {'compiled': True, 'correctness': False, 'metadata': {'hardware': 'NVIDIA L20Y', 'device': 'cuda:3', 'max_difference': ['0.027271', '0.029099', '0.028227', '0.030886'], 'avg_difference': ['0.002384', '0.002391', '0.002388', '0.002382'], 'correctness_issue': 'Output mismatch', 'correctness_trials': '(1 / 5)', 'reference_timing_ms': 0.0274, 'speed_up': -1.0, 'custom_timing': -1.0}, 'runtime': -1.0, 'runtime_stats': {}}}
2025-08-12 18:57:13,475 - openevolve.RemoteSpeedupEvaluator - INFO - [level1_9_Tall_skinny_matrix_multiplication_] triton key words check pass
2025-08-12 18:57:13,476 - openevolve.RemoteSpeedupEvaluator - INFO - [level1_9_Tall_skinny_matrix_multiplication_] verify_plus payload: reference_code(884 chars) + custom_code(2586 chars)
2025-08-12 18:57:17,006 - openevolve.RemoteSpeedupEvaluator - INFO - [level1_9_Tall_skinny_matrix_multiplication_] verify_plus request success
2025-08-12 18:57:17,006 - openevolve.RemoteSpeedupEvaluator - INFO - [level1_9_Tall_skinny_matrix_multiplication_] verify_plus response: {"id":"level1_9_Tall_skinny_matrix_multiplication_","result":{"compiled":true,"correctness":false,"metadata":{"hardware":"NVIDIA L20Y","device":"cuda:4","max_difference":["0.027271","0.029099","0.028227","0.030886"],"avg_difference":["0.002384","0.002391","0.002388","0.002382"],"correctness_issue":"Output mismatch","correctness_trials":"(1 / 5)","reference_timing_ms":0.0274,"speed_up":-1.0,"custom_timing":-1.0},"runtime":-1.0,"runtime_stats":{}}}
2025-08-12 18:57:17,006 - openevolve.RemoteSpeedupEvaluator - INFO - [level1_9_Tall_skinny_matrix_multiplication_] âœ˜ wrong_answer
2025-08-12 18:57:17,007 - openevolve.evaluator - INFO - Evaluated program bda203e0-3351-4e9c-964f-864bf542faae in 3.53s: compiled=1.0000, correctness=0.0000, score=10.0000, stage=wrong_answer, verify_payload={'id': 'level1_9_Tall_skinny_matrix_multiplication_', 'result': {'compiled': True, 'correctness': False, 'metadata': {'hardware': 'NVIDIA L20Y', 'device': 'cuda:4', 'max_difference': ['0.027271', '0.029099', '0.028227', '0.030886'], 'avg_difference': ['0.002384', '0.002391', '0.002388', '0.002382'], 'correctness_issue': 'Output mismatch', 'correctness_trials': '(1 / 5)', 'reference_timing_ms': 0.0274, 'speed_up': -1.0, 'custom_timing': -1.0}, 'runtime': -1.0, 'runtime_stats': {}}}
2025-08-12 18:57:17,010 - openevolve.llm.ensemble - INFO - Sampled model: deepseek
2025-08-12 18:57:17,024 - openevolve.threaded_parallel - INFO - Iteration 6: Program bda203e0-3351-4e9c-964f-864bf542faae (parent: 87243833-731e-4238-b2ae-3373a6437880) completed in 684.49s
2025-08-12 18:57:17,024 - openevolve.threaded_parallel - INFO - Metrics: compiled=1.0000, correctness=0.0000, score=10.0000, stage=wrong_answer, verify_payload={'id': 'level1_9_Tall_skinny_matrix_multiplication_', 'result': {'compiled': True, 'correctness': False, 'metadata': {'hardware': 'NVIDIA L20Y', 'device': 'cuda:4', 'max_difference': ['0.027271', '0.029099', '0.028227', '0.030886'], 'avg_difference': ['0.002384', '0.002391', '0.002388', '0.002382'], 'correctness_issue': 'Output mismatch', 'correctness_trials': '(1 / 5)', 'reference_timing_ms': 0.0274, 'speed_up': -1.0, 'custom_timing': -1.0}, 'runtime': -1.0, 'runtime_stats': {}}}
2025-08-12 18:57:17,025 - openevolve.threaded_parallel - INFO - Checkpoint interval reached at iteration 6
2025-08-12 18:57:17,025 - openevolve.database - INFO - Island Status:
2025-08-12 18:57:17,025 - openevolve.database - INFO -  * Island 0: 5 programs, best=10.0000, avg=8.0000, diversity=482.55, gen=4 (best: 49668471-ffe5-4e8d-9c09-69806ca3908d)
2025-08-12 18:57:17,025 - openevolve.database - INFO -    Island 1: 2 programs, best=10.0000, avg=10.0000, diversity=364.60, gen=2 (best: 9a1ebe46-a452-4597-b2ee-48cd979504f6)
2025-08-12 18:57:17,025 - openevolve.database - INFO -    Island 2: 3 programs, best=10.0000, avg=10.0000, diversity=91.93, gen=2 (best: 61841a77-3cb1-4ea0-8fa6-86f8489f5df2)
2025-08-12 18:57:17,180 - openevolve.database - INFO - Saved database with 9 programs to openevolve_output/level1_9_Tall_skinny_matrix_multiplication_/checkpoints/checkpoint_6
2025-08-12 18:57:17,196 - openevolve.controller - INFO - Saved best program at checkpoint 6 with metrics: compiled=1.0000, correctness=0.0000, score=10.0000, stage=wrong_answer, verify_payload={'id': 'level1_9_Tall_skinny_matrix_multiplication_', 'result': {'compiled': True, 'correctness': False, 'metadata': {'hardware': 'NVIDIA L20Y', 'device': 'cuda:1', 'runtime_error': 'Traceback (most recent call last):\n  File "/home/lijiaxing/.conda/envs/api/lib/python3.10/site-packages/triton/language/core.py", line 42, in wrapper\n    return fn(*args, **kwargs)\n  File "/home/lijiaxing/.conda/envs/api/lib/python3.10/site-packages/triton/language/core.py", line 1654, in arange\n    return _semantic.arange(start, end)\n  File "/home/lijiaxing/.conda/envs/api/lib/python3.10/site-packages/triton/language/semantic.py", line 574, in arange\n    raise ValueError("arange\'s arguments must be of type tl.constexpr")\nValueError: arange\'s arguments must be of type tl.constexpr\n\nThe above exception was the direct cause of the following exception:\n\nTraceback (most recent call last):\n  File "/cpfs01/shared/llm_kernel/hujiakai/KernelLLM/validation_api_server/helpers/evaluations.py", line 720, in run_and_check_correctness\n    output_new = model_new(*inputs)\n  File "/home/lijiaxing/.conda/envs/api/lib/python3.10/site-packages/torch/nn/modules/module.py", line 1773, in _wrapped_call_impl\n    return self._call_impl(*args, **kwargs)\n  File "/home/lijiaxing/.conda/envs/api/lib/python3.10/site-packages/torch/nn/modules/module.py", line 1784, in _call_impl\n    return forward_call(*args, **kwargs)\n  File "/tmp/tmprlr3ly0p.py", line 74, in forward\n    matmul_kernel[grid](\n  File "/home/lijiaxing/.conda/envs/api/lib/python3.10/site-packages/triton/runtime/jit.py", line 390, in <lambda>\n    return lambda *args, **kwargs: self.run(grid=grid, warmup=False, *args, **kwargs)\n  File "/home/lijiaxing/.conda/envs/api/lib/python3.10/site-packages/triton/runtime/autotuner.py", line 239, in run\n    benchmark()\n  File "/home/lijiaxing/.conda/envs/api/lib/python3.10/site-packages/triton/runtime/autotuner.py", line 228, in benchmark\n    timings = {config: self._bench(*args, config=config, **kwargs) for config in pruned_configs}\n  File "/home/lijiaxing/.conda/envs/api/lib/python3.10/site-packages/triton/runtime/autotuner.py", line 228, in <dictcomp>\n    timings = {config: self._bench(*args, config=config, **kwargs) for config in pruned_configs}\n  File "/home/lijiaxing/.conda/envs/api/lib/python3.10/site-packages/triton/runtime/autotuner.py", line 160, in _bench\n    return self.do_bench(kernel_call, quantiles=(0.5, 0.2, 0.8))\n  File "/home/lijiaxing/.conda/envs/api/lib/python3.10/site-packages/triton/testing.py", line 149, in do_bench\n    fn()\n  File "/home/lijiaxing/.conda/envs/api/lib/python3.10/site-packages/triton/runtime/autotuner.py", line 146, in kernel_call\n    self.fn.run(\n  File "/home/lijiaxing/.conda/envs/api/lib/python3.10/site-packages/triton/runtime/jit.py", line 594, in run\n    kernel = self.compile(src, target=target, options=options.__dict__)\n  File "/home/lijiaxing/.conda/envs/api/lib/python3.10/site-packages/triton/compiler/compiler.py", line 339, in compile\n    module = src.make_ir(options, codegen_fns, module_map, context)\n  File "/home/lijiaxing/.conda/envs/api/lib/python3.10/site-packages/triton/compiler/compiler.py", line 83, in make_ir\n    return ast_to_ttir(self.fn, self, context=context, options=options, codegen_fns=codegen_fns,\ntriton.compiler.errors.CompilationError: at 15:51:\n    stride_am, stride_ak,\n    stride_bk, stride_bn,\n    stride_cm, stride_cn,\n    BLOCK_M: tl.constexpr, BLOCK_N: tl.constexpr,\n):\n    pid_m = tl.program_id(0)\n    pid_n = tl.program_id(1)\n\n    offs_m = pid_m * BLOCK_M + tl.arange(0, BLOCK_M)\n    offs_n = pid_n * BLOCK_N + tl.arange(0, BLOCK_N)\n\n    a_ptrs = a_ptr + offs_m[:, None] * stride_am + tl.arange(0, K)[None, :] * stride_ak\n                                                   ^\n\n\nThe above exception was the direct cause of the following exception:\n\nTraceback (most recent call last):\n  File "/home/lijiaxing/.conda/envs/api/lib/python3.10/site-packages/triton/language/core.py", line 42, in wrapper\n    return fn(*args, **kwargs)\n  File "/home/lijiaxing/.conda/envs/api/lib/python3.10/site-packages/triton/language/core.py", line 1654, in arange\n    return _semantic.arange(start, end)\n  File "/home/lijiaxing/.conda/envs/api/lib/python3.10/site-packages/triton/language/semantic.py", line 574, in arange\n    raise ValueError("arange\'s arguments must be of type tl.constexpr")\nValueError: arange\'s arguments must be of type tl.constexpr\n', 'runtime_error_name': 'triton.compiler.errors.CompilationError', 'reference_timing_ms': 0.0274, 'speed_up': -1.0, 'custom_timing': -1.0}, 'runtime': -1.0, 'runtime_stats': {}}}
2025-08-12 18:57:17,196 - openevolve.controller - INFO - Saved checkpoint at iteration 6 to openevolve_output/level1_9_Tall_skinny_matrix_multiplication_/checkpoints/checkpoint_6
2025-08-12 18:57:57,447 - openevolve.RemoteSpeedupEvaluator - INFO - [level1_9_Tall_skinny_matrix_multiplication_] triton key words check pass
2025-08-12 18:57:57,447 - openevolve.RemoteSpeedupEvaluator - INFO - [level1_9_Tall_skinny_matrix_multiplication_] verify_plus payload: reference_code(884 chars) + custom_code(2353 chars)
2025-08-12 18:58:00,879 - openevolve.RemoteSpeedupEvaluator - INFO - [level1_9_Tall_skinny_matrix_multiplication_] verify_plus request success
2025-08-12 18:58:00,879 - openevolve.RemoteSpeedupEvaluator - INFO - [level1_9_Tall_skinny_matrix_multiplication_] verify_plus response: {"id":"level1_9_Tall_skinny_matrix_multiplication_","result":{"compiled":true,"correctness":false,"metadata":{"hardware":"NVIDIA L20Y","device":"cuda:6","max_difference":["0.027271","0.029099","0.028227","0.030886"],"avg_difference":["0.002384","0.002391","0.002388","0.002382"],"correctness_issue":"Output mismatch","correctness_trials":"(1 / 5)","reference_timing_ms":0.0274,"speed_up":-1.0,"custom_timing":-1.0},"runtime":-1.0,"runtime_stats":{}}}
2025-08-12 18:58:00,879 - openevolve.RemoteSpeedupEvaluator - INFO - [level1_9_Tall_skinny_matrix_multiplication_] âœ˜ wrong_answer
2025-08-12 18:58:00,880 - openevolve.evaluator - INFO - Evaluated program f0044487-c758-4fcf-80eb-3fb9a35952ec in 3.43s: compiled=1.0000, correctness=0.0000, score=10.0000, stage=wrong_answer, verify_payload={'id': 'level1_9_Tall_skinny_matrix_multiplication_', 'result': {'compiled': True, 'correctness': False, 'metadata': {'hardware': 'NVIDIA L20Y', 'device': 'cuda:6', 'max_difference': ['0.027271', '0.029099', '0.028227', '0.030886'], 'avg_difference': ['0.002384', '0.002391', '0.002388', '0.002382'], 'correctness_issue': 'Output mismatch', 'correctness_trials': '(1 / 5)', 'reference_timing_ms': 0.0274, 'speed_up': -1.0, 'custom_timing': -1.0}, 'runtime': -1.0, 'runtime_stats': {}}}
2025-08-12 18:58:00,884 - openevolve.llm.ensemble - INFO - Sampled model: deepseek
2025-08-12 18:58:00,887 - openevolve.database - INFO - New MAP-Elites cell occupied: {'score': 9, 'complexity': 6}
2025-08-12 18:58:00,900 - openevolve.threaded_parallel - INFO - Iteration 8: Program f0044487-c758-4fcf-80eb-3fb9a35952ec (parent: 87243833-731e-4238-b2ae-3373a6437880) completed in 511.68s
2025-08-12 18:58:00,900 - openevolve.threaded_parallel - INFO - Metrics: compiled=1.0000, correctness=0.0000, score=10.0000, stage=wrong_answer, verify_payload={'id': 'level1_9_Tall_skinny_matrix_multiplication_', 'result': {'compiled': True, 'correctness': False, 'metadata': {'hardware': 'NVIDIA L20Y', 'device': 'cuda:6', 'max_difference': ['0.027271', '0.029099', '0.028227', '0.030886'], 'avg_difference': ['0.002384', '0.002391', '0.002388', '0.002382'], 'correctness_issue': 'Output mismatch', 'correctness_trials': '(1 / 5)', 'reference_timing_ms': 0.0274, 'speed_up': -1.0, 'custom_timing': -1.0}, 'runtime': -1.0, 'runtime_stats': {}}}
2025-08-12 19:06:31,082 - openevolve.RemoteSpeedupEvaluator - INFO - [level1_9_Tall_skinny_matrix_multiplication_] triton key words check pass
2025-08-12 19:06:31,084 - openevolve.RemoteSpeedupEvaluator - INFO - [level1_9_Tall_skinny_matrix_multiplication_] verify_plus payload: reference_code(884 chars) + custom_code(3094 chars)
2025-08-12 19:06:36,784 - openevolve.RemoteSpeedupEvaluator - INFO - [level1_9_Tall_skinny_matrix_multiplication_] verify_plus request success
2025-08-12 19:06:36,785 - openevolve.RemoteSpeedupEvaluator - INFO - [level1_9_Tall_skinny_matrix_multiplication_] verify_plus response: {"id":"level1_9_Tall_skinny_matrix_multiplication_","result":{"compiled":true,"correctness":false,"metadata":{"hardware":"NVIDIA L20Y","device":"cuda:5","max_difference":["0.027271","0.029099","0.028227","0.030886"],"avg_difference":["0.002384","0.002391","0.002388","0.002382"],"correctness_issue":"Output mismatch","correctness_trials":"(1 / 5)","reference_timing_ms":0.0274,"speed_up":-1.0,"custom_timing":-1.0},"runtime":-1.0,"runtime_stats":{}}}
2025-08-12 19:06:36,785 - openevolve.RemoteSpeedupEvaluator - INFO - [level1_9_Tall_skinny_matrix_multiplication_] âœ˜ wrong_answer
2025-08-12 19:06:36,785 - openevolve.evaluator - INFO - Evaluated program dc62db46-9f09-4a34-a95a-a271e4bd081d in 5.70s: compiled=1.0000, correctness=0.0000, score=10.0000, stage=wrong_answer, verify_payload={'id': 'level1_9_Tall_skinny_matrix_multiplication_', 'result': {'compiled': True, 'correctness': False, 'metadata': {'hardware': 'NVIDIA L20Y', 'device': 'cuda:5', 'max_difference': ['0.027271', '0.029099', '0.028227', '0.030886'], 'avg_difference': ['0.002384', '0.002391', '0.002388', '0.002382'], 'correctness_issue': 'Output mismatch', 'correctness_trials': '(1 / 5)', 'reference_timing_ms': 0.0274, 'speed_up': -1.0, 'custom_timing': -1.0}, 'runtime': -1.0, 'runtime_stats': {}}}
2025-08-12 19:06:36,791 - openevolve.llm.ensemble - INFO - Sampled model: deepseek
2025-08-12 19:06:36,806 - openevolve.threaded_parallel - INFO - Iteration 11: Program dc62db46-9f09-4a34-a95a-a271e4bd081d (parent: 49668471-ffe5-4e8d-9c09-69806ca3908d) completed in 515.90s
2025-08-12 19:06:36,807 - openevolve.threaded_parallel - INFO - Metrics: compiled=1.0000, correctness=0.0000, score=10.0000, stage=wrong_answer, verify_payload={'id': 'level1_9_Tall_skinny_matrix_multiplication_', 'result': {'compiled': True, 'correctness': False, 'metadata': {'hardware': 'NVIDIA L20Y', 'device': 'cuda:5', 'max_difference': ['0.027271', '0.029099', '0.028227', '0.030886'], 'avg_difference': ['0.002384', '0.002391', '0.002388', '0.002382'], 'correctness_issue': 'Output mismatch', 'correctness_trials': '(1 / 5)', 'reference_timing_ms': 0.0274, 'speed_up': -1.0, 'custom_timing': -1.0}, 'runtime': -1.0, 'runtime_stats': {}}}
2025-08-12 19:07:40,865 - openevolve.RemoteSpeedupEvaluator - INFO - [level1_9_Tall_skinny_matrix_multiplication_] triton key words check pass
2025-08-12 19:07:40,866 - openevolve.RemoteSpeedupEvaluator - INFO - [level1_9_Tall_skinny_matrix_multiplication_] verify_plus payload: reference_code(884 chars) + custom_code(3170 chars)
2025-08-12 19:07:46,430 - openevolve.RemoteSpeedupEvaluator - INFO - [level1_9_Tall_skinny_matrix_multiplication_] verify_plus request success
2025-08-12 19:07:46,430 - openevolve.RemoteSpeedupEvaluator - INFO - [level1_9_Tall_skinny_matrix_multiplication_] verify_plus response: {"id":"level1_9_Tall_skinny_matrix_multiplication_","result":{"compiled":true,"correctness":false,"metadata":{"hardware":"NVIDIA L20Y","device":"cuda:6","max_difference":["0.015354","0.015739"],"avg_difference":["0.000892","0.000897"],"correctness_issue":"Output mismatch","correctness_trials":"(3 / 5)","reference_timing_ms":0.0274,"speed_up":-1.0,"custom_timing":-1.0},"runtime":-1.0,"runtime_stats":{}}}
2025-08-12 19:07:46,430 - openevolve.RemoteSpeedupEvaluator - INFO - [level1_9_Tall_skinny_matrix_multiplication_] âœ˜ wrong_answer
2025-08-12 19:07:46,431 - openevolve.evaluator - INFO - Evaluated program 1fc31c85-012b-4463-ad9d-bafe69cf02cd in 5.57s: compiled=1.0000, correctness=0.0000, score=10.0000, stage=wrong_answer, verify_payload={'id': 'level1_9_Tall_skinny_matrix_multiplication_', 'result': {'compiled': True, 'correctness': False, 'metadata': {'hardware': 'NVIDIA L20Y', 'device': 'cuda:6', 'max_difference': ['0.015354', '0.015739'], 'avg_difference': ['0.000892', '0.000897'], 'correctness_issue': 'Output mismatch', 'correctness_trials': '(3 / 5)', 'reference_timing_ms': 0.0274, 'speed_up': -1.0, 'custom_timing': -1.0}, 'runtime': -1.0, 'runtime_stats': {}}}
2025-08-12 19:07:46,437 - openevolve.llm.ensemble - INFO - Sampled model: deepseek
2025-08-12 19:07:46,452 - openevolve.threaded_parallel - INFO - Iteration 10: Program 1fc31c85-012b-4463-ad9d-bafe69cf02cd (parent: 61841a77-3cb1-4ea0-8fa6-86f8489f5df2) completed in 629.42s
2025-08-12 19:07:46,452 - openevolve.threaded_parallel - INFO - Metrics: compiled=1.0000, correctness=0.0000, score=10.0000, stage=wrong_answer, verify_payload={'id': 'level1_9_Tall_skinny_matrix_multiplication_', 'result': {'compiled': True, 'correctness': False, 'metadata': {'hardware': 'NVIDIA L20Y', 'device': 'cuda:6', 'max_difference': ['0.015354', '0.015739'], 'avg_difference': ['0.000892', '0.000897'], 'correctness_issue': 'Output mismatch', 'correctness_trials': '(3 / 5)', 'reference_timing_ms': 0.0274, 'speed_up': -1.0, 'custom_timing': -1.0}, 'runtime': -1.0, 'runtime_stats': {}}}
2025-08-12 19:14:15,682 - openevolve.RemoteSpeedupEvaluator - INFO - [level1_9_Tall_skinny_matrix_multiplication_] triton key words check pass
2025-08-12 19:14:15,684 - openevolve.RemoteSpeedupEvaluator - INFO - [level1_9_Tall_skinny_matrix_multiplication_] verify_plus payload: reference_code(884 chars) + custom_code(2076 chars)
2025-08-12 19:14:18,815 - openevolve.RemoteSpeedupEvaluator - INFO - [level1_9_Tall_skinny_matrix_multiplication_] verify_plus request success
2025-08-12 19:14:18,816 - openevolve.RemoteSpeedupEvaluator - INFO - [level1_9_Tall_skinny_matrix_multiplication_] verify_plus response: {"id":"level1_9_Tall_skinny_matrix_multiplication_","result":{"compiled":true,"correctness":false,"metadata":{"hardware":"NVIDIA L20Y","device":"cuda:4","runtime_error":"Traceback (most recent call last):\n  File \"/home/lijiaxing/.conda/envs/api/lib/python3.10/site-packages/triton/language/core.py\", line 42, in wrapper\n    return fn(*args, **kwargs)\n  File \"/home/lijiaxing/.conda/envs/api/lib/python3.10/site-packages/triton/language/core.py\", line 1654, in arange\n    return _semantic.arange(start, end)\n  File \"/home/lijiaxing/.conda/envs/api/lib/python3.10/site-packages/triton/language/semantic.py\", line 574, in arange\n    raise ValueError(\"arange's arguments must be of type tl.constexpr\")\nValueError: arange's arguments must be of type tl.constexpr\n\nThe above exception was 
2025-08-12 19:14:18,816 - openevolve.RemoteSpeedupEvaluator - INFO - [level1_9_Tall_skinny_matrix_multiplication_] âœ˜ wrong_answer
2025-08-12 19:14:18,816 - openevolve.evaluator - INFO - Evaluated program 9e4bb4a8-6119-4a14-a003-d5eec2159161 in 3.14s: compiled=1.0000, correctness=0.0000, score=10.0000, stage=wrong_answer, verify_payload={'id': 'level1_9_Tall_skinny_matrix_multiplication_', 'result': {'compiled': True, 'correctness': False, 'metadata': {'hardware': 'NVIDIA L20Y', 'device': 'cuda:4', 'runtime_error': 'Traceback (most recent call last):\n  File "/home/lijiaxing/.conda/envs/api/lib/python3.10/site-packages/triton/language/core.py", line 42, in wrapper\n    return fn(*args, **kwargs)\n  File "/home/lijiaxing/.conda/envs/api/lib/python3.10/site-packages/triton/language/core.py", line 1654, in arange\n    return _semantic.arange(start, end)\n  File "/home/lijiaxing/.conda/envs/api/lib/python3.10/site-packages/triton/language/semantic.py", line 574, in arange\n    raise ValueError("arange\'s arguments must be of type tl.constexpr")\nValueError: arange\'s arguments must be of type tl.constexpr\n\nThe above exception was the direct cause of the following exception:\n\nTraceback (most recent call last):\n  File "/cpfs01/shared/llm_kernel/hujiakai/KernelLLM/validation_api_server/helpers/evaluations.py", line 720, in run_and_check_correctness\n    output_new = model_new(*inputs)\n  File "/home/lijiaxing/.conda/envs/api/lib/python3.10/site-packages/torch/nn/modules/module.py", line 1773, in _wrapped_call_impl\n    return self._call_impl(*args, **kwargs)\n  File "/home/lijiaxing/.conda/envs/api/lib/python3.10/site-packages/torch/nn/modules/module.py", line 1784, in _call_impl\n    return forward_call(*args, **kwargs)\n  File "/tmp/tmpvs4spcqw.py", line 47, in forward\n    _tall_skinny_matmul_kernel[grid](\n  File "/home/lijiaxing/.conda/envs/api/lib/python3.10/site-packages/triton/runtime/jit.py", line 390, in <lambda>\n    return lambda *args, **kwargs: self.run(grid=grid, warmup=False, *args, **kwargs)\n  File "/home/lijiaxing/.conda/envs/api/lib/python3.10/site-packages/triton/runtime/jit.py", line 594, in run\n    kernel = self.compile(src, target=target, options=options.__dict__)\n  File "/home/lijiaxing/.conda/envs/api/lib/python3.10/site-packages/triton/compiler/compiler.py", line 339, in compile\n    module = src.make_ir(options, codegen_fns, module_map, context)\n  File "/home/lijiaxing/.conda/envs/api/lib/python3.10/site-packages/triton/compiler/compiler.py", line 83, in make_ir\n    return ast_to_ttir(self.fn, self, context=context, options=options, codegen_fns=codegen_fns,\ntriton.compiler.errors.CompilationError: at 17:51:\n    stride_cm, stride_cn,\n    BLOCK_M: tl.constexpr, BLOCK_N: tl.constexpr,\n):\n    pid = tl.program_id(0)\n    num_pid_m = tl.cdiv(M, BLOCK_M)\n    pid_m = pid // num_pid_m\n    pid_n = pid % num_pid_m\n\n    offs_m = pid_m * BLOCK_M + tl.arange(0, BLOCK_M)\n    offs_n = pid_n * BLOCK_N + tl.arange(0, BLOCK_N)\n\n    a_ptrs = A_ptr + offs_m[:, None] * stride_am + tl.arange(0, N)[None, :] * stride_ak\n                                                   ^\n\n\nThe above exception was the direct cause of the following exception:\n\nTraceback (most recent call last):\n  File "/home/lijiaxing/.conda/envs/api/lib/python3.10/site-packages/triton/language/core.py", line 42, in wrapper\n    return fn(*args, **kwargs)\n  File "/home/lijiaxing/.conda/envs/api/lib/python3.10/site-packages/triton/language/core.py", line 1654, in arange\n    return _semantic.arange(start, end)\n  File "/home/lijiaxing/.conda/envs/api/lib/python3.10/site-packages/triton/language/semantic.py", line 574, in arange\n    raise ValueError("arange\'s arguments must be of type tl.constexpr")\nValueError: arange\'s arguments must be of type tl.constexpr\n', 'runtime_error_name': 'triton.compiler.errors.CompilationError', 'reference_timing_ms': 0.0274, 'speed_up': -1.0, 'custom_timing': -1.0}, 'runtime': -1.0, 'runtime_stats': {}}}
2025-08-12 19:14:18,820 - openevolve.llm.ensemble - INFO - Sampled model: deepseek
2025-08-12 19:14:18,826 - openevolve.database - INFO - New MAP-Elites cell occupied: {'score': 9, 'complexity': 4}
2025-08-12 19:14:18,839 - openevolve.threaded_parallel - INFO - Iteration 9: Program 9e4bb4a8-6119-4a14-a003-d5eec2159161 (parent: 9a1ebe46-a452-4597-b2ee-48cd979504f6) completed in 1052.93s
2025-08-12 19:14:18,839 - openevolve.threaded_parallel - INFO - Metrics: compiled=1.0000, correctness=0.0000, score=10.0000, stage=wrong_answer, verify_payload={'id': 'level1_9_Tall_skinny_matrix_multiplication_', 'result': {'compiled': True, 'correctness': False, 'metadata': {'hardware': 'NVIDIA L20Y', 'device': 'cuda:4', 'runtime_error': 'Traceback (most recent call last):\n  File "/home/lijiaxing/.conda/envs/api/lib/python3.10/site-packages/triton/language/core.py", line 42, in wrapper\n    return fn(*args, **kwargs)\n  File "/home/lijiaxing/.conda/envs/api/lib/python3.10/site-packages/triton/language/core.py", line 1654, in arange\n    return _semantic.arange(start, end)\n  File "/home/lijiaxing/.conda/envs/api/lib/python3.10/site-packages/triton/language/semantic.py", line 574, in arange\n    raise ValueError("arange\'s arguments must be of type tl.constexpr")\nValueError: arange\'s arguments must be of type tl.constexpr\n\nThe above exception was the direct cause of the following exception:\n\nTraceback (most recent call last):\n  File "/cpfs01/shared/llm_kernel/hujiakai/KernelLLM/validation_api_server/helpers/evaluations.py", line 720, in run_and_check_correctness\n    output_new = model_new(*inputs)\n  File "/home/lijiaxing/.conda/envs/api/lib/python3.10/site-packages/torch/nn/modules/module.py", line 1773, in _wrapped_call_impl\n    return self._call_impl(*args, **kwargs)\n  File "/home/lijiaxing/.conda/envs/api/lib/python3.10/site-packages/torch/nn/modules/module.py", line 1784, in _call_impl\n    return forward_call(*args, **kwargs)\n  File "/tmp/tmpvs4spcqw.py", line 47, in forward\n    _tall_skinny_matmul_kernel[grid](\n  File "/home/lijiaxing/.conda/envs/api/lib/python3.10/site-packages/triton/runtime/jit.py", line 390, in <lambda>\n    return lambda *args, **kwargs: self.run(grid=grid, warmup=False, *args, **kwargs)\n  File "/home/lijiaxing/.conda/envs/api/lib/python3.10/site-packages/triton/runtime/jit.py", line 594, in run\n    kernel = self.compile(src, target=target, options=options.__dict__)\n  File "/home/lijiaxing/.conda/envs/api/lib/python3.10/site-packages/triton/compiler/compiler.py", line 339, in compile\n    module = src.make_ir(options, codegen_fns, module_map, context)\n  File "/home/lijiaxing/.conda/envs/api/lib/python3.10/site-packages/triton/compiler/compiler.py", line 83, in make_ir\n    return ast_to_ttir(self.fn, self, context=context, options=options, codegen_fns=codegen_fns,\ntriton.compiler.errors.CompilationError: at 17:51:\n    stride_cm, stride_cn,\n    BLOCK_M: tl.constexpr, BLOCK_N: tl.constexpr,\n):\n    pid = tl.program_id(0)\n    num_pid_m = tl.cdiv(M, BLOCK_M)\n    pid_m = pid // num_pid_m\n    pid_n = pid % num_pid_m\n\n    offs_m = pid_m * BLOCK_M + tl.arange(0, BLOCK_M)\n    offs_n = pid_n * BLOCK_N + tl.arange(0, BLOCK_N)\n\n    a_ptrs = A_ptr + offs_m[:, None] * stride_am + tl.arange(0, N)[None, :] * stride_ak\n                                                   ^\n\n\nThe above exception was the direct cause of the following exception:\n\nTraceback (most recent call last):\n  File "/home/lijiaxing/.conda/envs/api/lib/python3.10/site-packages/triton/language/core.py", line 42, in wrapper\n    return fn(*args, **kwargs)\n  File "/home/lijiaxing/.conda/envs/api/lib/python3.10/site-packages/triton/language/core.py", line 1654, in arange\n    return _semantic.arange(start, end)\n  File "/home/lijiaxing/.conda/envs/api/lib/python3.10/site-packages/triton/language/semantic.py", line 574, in arange\n    raise ValueError("arange\'s arguments must be of type tl.constexpr")\nValueError: arange\'s arguments must be of type tl.constexpr\n', 'runtime_error_name': 'triton.compiler.errors.CompilationError', 'reference_timing_ms': 0.0274, 'speed_up': -1.0, 'custom_timing': -1.0}, 'runtime': -1.0, 'runtime_stats': {}}}
2025-08-12 19:14:18,839 - openevolve.threaded_parallel - INFO - Checkpoint interval reached at iteration 9
2025-08-12 19:14:18,840 - openevolve.database - INFO - Island Status:
2025-08-12 19:14:18,840 - openevolve.database - INFO -    Island 0: 7 programs, best=10.0000, avg=8.5714, diversity=435.38, gen=5 (best: 49668471-ffe5-4e8d-9c09-69806ca3908d)
2025-08-12 19:14:18,840 - openevolve.database - INFO -  * Island 1: 3 programs, best=10.0000, avg=10.0000, diversity=258.13, gen=4 (best: 9a1ebe46-a452-4597-b2ee-48cd979504f6)
2025-08-12 19:14:18,840 - openevolve.database - INFO -    Island 2: 4 programs, best=10.0000, avg=10.0000, diversity=128.65, gen=3 (best: 61841a77-3cb1-4ea0-8fa6-86f8489f5df2)
2025-08-12 19:14:18,991 - openevolve.database - INFO - Saved database with 13 programs to openevolve_output/level1_9_Tall_skinny_matrix_multiplication_/checkpoints/checkpoint_9
2025-08-12 19:14:19,007 - openevolve.controller - INFO - Saved best program at checkpoint 9 with metrics: compiled=1.0000, correctness=0.0000, score=10.0000, stage=wrong_answer, verify_payload={'id': 'level1_9_Tall_skinny_matrix_multiplication_', 'result': {'compiled': True, 'correctness': False, 'metadata': {'hardware': 'NVIDIA L20Y', 'device': 'cuda:1', 'runtime_error': 'Traceback (most recent call last):\n  File "/home/lijiaxing/.conda/envs/api/lib/python3.10/site-packages/triton/language/core.py", line 42, in wrapper\n    return fn(*args, **kwargs)\n  File "/home/lijiaxing/.conda/envs/api/lib/python3.10/site-packages/triton/language/core.py", line 1654, in arange\n    return _semantic.arange(start, end)\n  File "/home/lijiaxing/.conda/envs/api/lib/python3.10/site-packages/triton/language/semantic.py", line 574, in arange\n    raise ValueError("arange\'s arguments must be of type tl.constexpr")\nValueError: arange\'s arguments must be of type tl.constexpr\n\nThe above exception was the direct cause of the following exception:\n\nTraceback (most recent call last):\n  File "/cpfs01/shared/llm_kernel/hujiakai/KernelLLM/validation_api_server/helpers/evaluations.py", line 720, in run_and_check_correctness\n    output_new = model_new(*inputs)\n  File "/home/lijiaxing/.conda/envs/api/lib/python3.10/site-packages/torch/nn/modules/module.py", line 1773, in _wrapped_call_impl\n    return self._call_impl(*args, **kwargs)\n  File "/home/lijiaxing/.conda/envs/api/lib/python3.10/site-packages/torch/nn/modules/module.py", line 1784, in _call_impl\n    return forward_call(*args, **kwargs)\n  File "/tmp/tmprlr3ly0p.py", line 74, in forward\n    matmul_kernel[grid](\n  File "/home/lijiaxing/.conda/envs/api/lib/python3.10/site-packages/triton/runtime/jit.py", line 390, in <lambda>\n    return lambda *args, **kwargs: self.run(grid=grid, warmup=False, *args, **kwargs)\n  File "/home/lijiaxing/.conda/envs/api/lib/python3.10/site-packages/triton/runtime/autotuner.py", line 239, in run\n    benchmark()\n  File "/home/lijiaxing/.conda/envs/api/lib/python3.10/site-packages/triton/runtime/autotuner.py", line 228, in benchmark\n    timings = {config: self._bench(*args, config=config, **kwargs) for config in pruned_configs}\n  File "/home/lijiaxing/.conda/envs/api/lib/python3.10/site-packages/triton/runtime/autotuner.py", line 228, in <dictcomp>\n    timings = {config: self._bench(*args, config=config, **kwargs) for config in pruned_configs}\n  File "/home/lijiaxing/.conda/envs/api/lib/python3.10/site-packages/triton/runtime/autotuner.py", line 160, in _bench\n    return self.do_bench(kernel_call, quantiles=(0.5, 0.2, 0.8))\n  File "/home/lijiaxing/.conda/envs/api/lib/python3.10/site-packages/triton/testing.py", line 149, in do_bench\n    fn()\n  File "/home/lijiaxing/.conda/envs/api/lib/python3.10/site-packages/triton/runtime/autotuner.py", line 146, in kernel_call\n    self.fn.run(\n  File "/home/lijiaxing/.conda/envs/api/lib/python3.10/site-packages/triton/runtime/jit.py", line 594, in run\n    kernel = self.compile(src, target=target, options=options.__dict__)\n  File "/home/lijiaxing/.conda/envs/api/lib/python3.10/site-packages/triton/compiler/compiler.py", line 339, in compile\n    module = src.make_ir(options, codegen_fns, module_map, context)\n  File "/home/lijiaxing/.conda/envs/api/lib/python3.10/site-packages/triton/compiler/compiler.py", line 83, in make_ir\n    return ast_to_ttir(self.fn, self, context=context, options=options, codegen_fns=codegen_fns,\ntriton.compiler.errors.CompilationError: at 15:51:\n    stride_am, stride_ak,\n    stride_bk, stride_bn,\n    stride_cm, stride_cn,\n    BLOCK_M: tl.constexpr, BLOCK_N: tl.constexpr,\n):\n    pid_m = tl.program_id(0)\n    pid_n = tl.program_id(1)\n\n    offs_m = pid_m * BLOCK_M + tl.arange(0, BLOCK_M)\n    offs_n = pid_n * BLOCK_N + tl.arange(0, BLOCK_N)\n\n    a_ptrs = a_ptr + offs_m[:, None] * stride_am + tl.arange(0, K)[None, :] * stride_ak\n                                                   ^\n\n\nThe above exception was the direct cause of the following exception:\n\nTraceback (most recent call last):\n  File "/home/lijiaxing/.conda/envs/api/lib/python3.10/site-packages/triton/language/core.py", line 42, in wrapper\n    return fn(*args, **kwargs)\n  File "/home/lijiaxing/.conda/envs/api/lib/python3.10/site-packages/triton/language/core.py", line 1654, in arange\n    return _semantic.arange(start, end)\n  File "/home/lijiaxing/.conda/envs/api/lib/python3.10/site-packages/triton/language/semantic.py", line 574, in arange\n    raise ValueError("arange\'s arguments must be of type tl.constexpr")\nValueError: arange\'s arguments must be of type tl.constexpr\n', 'runtime_error_name': 'triton.compiler.errors.CompilationError', 'reference_timing_ms': 0.0274, 'speed_up': -1.0, 'custom_timing': -1.0}, 'runtime': -1.0, 'runtime_stats': {}}}
2025-08-12 19:14:19,007 - openevolve.controller - INFO - Saved checkpoint at iteration 9 to openevolve_output/level1_9_Tall_skinny_matrix_multiplication_/checkpoints/checkpoint_9
2025-08-12 19:19:47,549 - openevolve.RemoteSpeedupEvaluator - INFO - [level1_9_Tall_skinny_matrix_multiplication_] triton key words check pass
2025-08-12 19:19:47,550 - openevolve.RemoteSpeedupEvaluator - INFO - [level1_9_Tall_skinny_matrix_multiplication_] verify_plus payload: reference_code(884 chars) + custom_code(2564 chars)
2025-08-12 19:19:51,004 - openevolve.RemoteSpeedupEvaluator - INFO - [level1_9_Tall_skinny_matrix_multiplication_] verify_plus request success
2025-08-12 19:19:51,004 - openevolve.RemoteSpeedupEvaluator - INFO - [level1_9_Tall_skinny_matrix_multiplication_] verify_plus response: {"id":"level1_9_Tall_skinny_matrix_multiplication_","result":{"compiled":true,"correctness":false,"metadata":{"hardware":"NVIDIA L20Y","device":"cuda:3","max_difference":["0.027271","0.029099","0.028227","0.030886"],"avg_difference":["0.002384","0.002391","0.002388","0.002382"],"correctness_issue":"Output mismatch","correctness_trials":"(1 / 5)","reference_timing_ms":0.0274,"speed_up":-1.0,"custom_timing":-1.0},"runtime":-1.0,"runtime_stats":{}}}
2025-08-12 19:19:51,004 - openevolve.RemoteSpeedupEvaluator - INFO - [level1_9_Tall_skinny_matrix_multiplication_] âœ˜ wrong_answer
2025-08-12 19:19:51,005 - openevolve.evaluator - INFO - Evaluated program b9946927-03a4-43a8-ae5e-2ed868277ef3 in 3.46s: compiled=1.0000, correctness=0.0000, score=10.0000, stage=wrong_answer, verify_payload={'id': 'level1_9_Tall_skinny_matrix_multiplication_', 'result': {'compiled': True, 'correctness': False, 'metadata': {'hardware': 'NVIDIA L20Y', 'device': 'cuda:3', 'max_difference': ['0.027271', '0.029099', '0.028227', '0.030886'], 'avg_difference': ['0.002384', '0.002391', '0.002388', '0.002382'], 'correctness_issue': 'Output mismatch', 'correctness_trials': '(1 / 5)', 'reference_timing_ms': 0.0274, 'speed_up': -1.0, 'custom_timing': -1.0}, 'runtime': -1.0, 'runtime_stats': {}}}
2025-08-12 19:19:51,007 - openevolve.llm.ensemble - INFO - Sampled model: deepseek
2025-08-12 19:19:51,026 - openevolve.threaded_parallel - INFO - Iteration 14: Program b9946927-03a4-43a8-ae5e-2ed868277ef3 (parent: 87243833-731e-4238-b2ae-3373a6437880) completed in 332.18s
2025-08-12 19:19:51,027 - openevolve.threaded_parallel - INFO - Metrics: compiled=1.0000, correctness=0.0000, score=10.0000, stage=wrong_answer, verify_payload={'id': 'level1_9_Tall_skinny_matrix_multiplication_', 'result': {'compiled': True, 'correctness': False, 'metadata': {'hardware': 'NVIDIA L20Y', 'device': 'cuda:3', 'max_difference': ['0.027271', '0.029099', '0.028227', '0.030886'], 'avg_difference': ['0.002384', '0.002391', '0.002388', '0.002382'], 'correctness_issue': 'Output mismatch', 'correctness_trials': '(1 / 5)', 'reference_timing_ms': 0.0274, 'speed_up': -1.0, 'custom_timing': -1.0}, 'runtime': -1.0, 'runtime_stats': {}}}
2025-08-12 19:22:21,482 - openevolve.RemoteSpeedupEvaluator - INFO - [level1_9_Tall_skinny_matrix_multiplication_] triton key words check pass
2025-08-12 19:22:21,484 - openevolve.RemoteSpeedupEvaluator - INFO - [level1_9_Tall_skinny_matrix_multiplication_] verify_plus payload: reference_code(884 chars) + custom_code(2822 chars)
2025-08-12 19:22:24,507 - openevolve.RemoteSpeedupEvaluator - INFO - [level1_9_Tall_skinny_matrix_multiplication_] verify_plus request success
2025-08-12 19:22:24,507 - openevolve.RemoteSpeedupEvaluator - INFO - [level1_9_Tall_skinny_matrix_multiplication_] verify_plus response: {"id":"level1_9_Tall_skinny_matrix_multiplication_","result":{"compiled":true,"correctness":false,"metadata":{"hardware":"NVIDIA L20Y","device":"cuda:1","runtime_error":"Traceback (most recent call last):\n  File \"/home/lijiaxing/.conda/envs/api/lib/python3.10/site-packages/triton/language/core.py\", line 42, in wrapper\n    return fn(*args, **kwargs)\n  File \"/home/lijiaxing/.conda/envs/api/lib/python3.10/site-packages/triton/language/core.py\", line 1654, in arange\n    return _semantic.arange(start, end)\n  File \"/home/lijiaxing/.conda/envs/api/lib/python3.10/site-packages/triton/language/semantic.py\", line 574, in arange\n    raise ValueError(\"arange's arguments must be of type tl.constexpr\")\nValueError: arange's arguments must be of type tl.constexpr\n\nThe above exception was 
2025-08-12 19:22:24,508 - openevolve.RemoteSpeedupEvaluator - INFO - [level1_9_Tall_skinny_matrix_multiplication_] âœ˜ wrong_answer
2025-08-12 19:22:24,508 - openevolve.evaluator - INFO - Evaluated program d3463fa3-d13b-4c74-84e3-2d33870905f6 in 3.03s: compiled=1.0000, correctness=0.0000, score=10.0000, stage=wrong_answer, verify_payload={'id': 'level1_9_Tall_skinny_matrix_multiplication_', 'result': {'compiled': True, 'correctness': False, 'metadata': {'hardware': 'NVIDIA L20Y', 'device': 'cuda:1', 'runtime_error': 'Traceback (most recent call last):\n  File "/home/lijiaxing/.conda/envs/api/lib/python3.10/site-packages/triton/language/core.py", line 42, in wrapper\n    return fn(*args, **kwargs)\n  File "/home/lijiaxing/.conda/envs/api/lib/python3.10/site-packages/triton/language/core.py", line 1654, in arange\n    return _semantic.arange(start, end)\n  File "/home/lijiaxing/.conda/envs/api/lib/python3.10/site-packages/triton/language/semantic.py", line 574, in arange\n    raise ValueError("arange\'s arguments must be of type tl.constexpr")\nValueError: arange\'s arguments must be of type tl.constexpr\n\nThe above exception was the direct cause of the following exception:\n\nTraceback (most recent call last):\n  File "/cpfs01/shared/llm_kernel/hujiakai/KernelLLM/validation_api_server/helpers/evaluations.py", line 720, in run_and_check_correctness\n    output_new = model_new(*inputs)\n  File "/home/lijiaxing/.conda/envs/api/lib/python3.10/site-packages/torch/nn/modules/module.py", line 1773, in _wrapped_call_impl\n    return self._call_impl(*args, **kwargs)\n  File "/home/lijiaxing/.conda/envs/api/lib/python3.10/site-packages/torch/nn/modules/module.py", line 1784, in _call_impl\n    return forward_call(*args, **kwargs)\n  File "/tmp/tmpybed9vze.py", line 79, in forward\n    matmul_kernel[grid](\n  File "/home/lijiaxing/.conda/envs/api/lib/python3.10/site-packages/triton/runtime/jit.py", line 390, in <lambda>\n    return lambda *args, **kwargs: self.run(grid=grid, warmup=False, *args, **kwargs)\n  File "/home/lijiaxing/.conda/envs/api/lib/python3.10/site-packages/triton/runtime/autotuner.py", line 239, in run\n    benchmark()\n  File "/home/lijiaxing/.conda/envs/api/lib/python3.10/site-packages/triton/runtime/autotuner.py", line 228, in benchmark\n    timings = {config: self._bench(*args, config=config, **kwargs) for config in pruned_configs}\n  File "/home/lijiaxing/.conda/envs/api/lib/python3.10/site-packages/triton/runtime/autotuner.py", line 228, in <dictcomp>\n    timings = {config: self._bench(*args, config=config, **kwargs) for config in pruned_configs}\n  File "/home/lijiaxing/.conda/envs/api/lib/python3.10/site-packages/triton/runtime/autotuner.py", line 160, in _bench\n    return self.do_bench(kernel_call, quantiles=(0.5, 0.2, 0.8))\n  File "/home/lijiaxing/.conda/envs/api/lib/python3.10/site-packages/triton/testing.py", line 149, in do_bench\n    fn()\n  File "/home/lijiaxing/.conda/envs/api/lib/python3.10/site-packages/triton/runtime/autotuner.py", line 146, in kernel_call\n    self.fn.run(\n  File "/home/lijiaxing/.conda/envs/api/lib/python3.10/site-packages/triton/runtime/jit.py", line 594, in run\n    kernel = self.compile(src, target=target, options=options.__dict__)\n  File "/home/lijiaxing/.conda/envs/api/lib/python3.10/site-packages/triton/compiler/compiler.py", line 339, in compile\n    module = src.make_ir(options, codegen_fns, module_map, context)\n  File "/home/lijiaxing/.conda/envs/api/lib/python3.10/site-packages/triton/compiler/compiler.py", line 83, in make_ir\n    return ast_to_ttir(self.fn, self, context=context, options=options, codegen_fns=codegen_fns,\ntriton.compiler.errors.CompilationError: at 15:51:\n    stride_am, stride_ak,\n    stride_bk, stride_bn,\n    stride_cm, stride_cn,\n    BLOCK_M: tl.constexpr, BLOCK_N: tl.constexpr,\n):\n    pid_m = tl.program_id(0)\n    pid_n = tl.program_id(1)\n\n    offs_m = pid_m * BLOCK_M + tl.arange(0, BLOCK_M)\n    offs_n = pid_n * BLOCK_N + tl.arange(0, BLOCK_N)\n\n    a_ptrs = a_ptr + offs_m[:, None] * stride_am + tl.arange(0, K)[None, :] * stride_ak\n                                                   ^\n\n\nThe above exception was the direct cause of the following exception:\n\nTraceback (most recent call last):\n  File "/home/lijiaxing/.conda/envs/api/lib/python3.10/site-packages/triton/language/core.py", line 42, in wrapper\n    return fn(*args, **kwargs)\n  File "/home/lijiaxing/.conda/envs/api/lib/python3.10/site-packages/triton/language/core.py", line 1654, in arange\n    return _semantic.arange(start, end)\n  File "/home/lijiaxing/.conda/envs/api/lib/python3.10/site-packages/triton/language/semantic.py", line 574, in arange\n    raise ValueError("arange\'s arguments must be of type tl.constexpr")\nValueError: arange\'s arguments must be of type tl.constexpr\n', 'runtime_error_name': 'triton.compiler.errors.CompilationError', 'reference_timing_ms': 0.0274, 'speed_up': -1.0, 'custom_timing': -1.0}, 'runtime': -1.0, 'runtime_stats': {}}}
2025-08-12 19:22:24,514 - openevolve.llm.ensemble - INFO - Sampled model: deepseek
2025-08-12 19:22:24,528 - openevolve.threaded_parallel - INFO - Iteration 13: Program d3463fa3-d13b-4c74-84e3-2d33870905f6 (parent: bda203e0-3351-4e9c-964f-864bf542faae) completed in 878.07s
2025-08-12 19:22:24,528 - openevolve.threaded_parallel - INFO - Metrics: compiled=1.0000, correctness=0.0000, score=10.0000, stage=wrong_answer, verify_payload={'id': 'level1_9_Tall_skinny_matrix_multiplication_', 'result': {'compiled': True, 'correctness': False, 'metadata': {'hardware': 'NVIDIA L20Y', 'device': 'cuda:1', 'runtime_error': 'Traceback (most recent call last):\n  File "/home/lijiaxing/.conda/envs/api/lib/python3.10/site-packages/triton/language/core.py", line 42, in wrapper\n    return fn(*args, **kwargs)\n  File "/home/lijiaxing/.conda/envs/api/lib/python3.10/site-packages/triton/language/core.py", line 1654, in arange\n    return _semantic.arange(start, end)\n  File "/home/lijiaxing/.conda/envs/api/lib/python3.10/site-packages/triton/language/semantic.py", line 574, in arange\n    raise ValueError("arange\'s arguments must be of type tl.constexpr")\nValueError: arange\'s arguments must be of type tl.constexpr\n\nThe above exception was the direct cause of the following exception:\n\nTraceback (most recent call last):\n  File "/cpfs01/shared/llm_kernel/hujiakai/KernelLLM/validation_api_server/helpers/evaluations.py", line 720, in run_and_check_correctness\n    output_new = model_new(*inputs)\n  File "/home/lijiaxing/.conda/envs/api/lib/python3.10/site-packages/torch/nn/modules/module.py", line 1773, in _wrapped_call_impl\n    return self._call_impl(*args, **kwargs)\n  File "/home/lijiaxing/.conda/envs/api/lib/python3.10/site-packages/torch/nn/modules/module.py", line 1784, in _call_impl\n    return forward_call(*args, **kwargs)\n  File "/tmp/tmpybed9vze.py", line 79, in forward\n    matmul_kernel[grid](\n  File "/home/lijiaxing/.conda/envs/api/lib/python3.10/site-packages/triton/runtime/jit.py", line 390, in <lambda>\n    return lambda *args, **kwargs: self.run(grid=grid, warmup=False, *args, **kwargs)\n  File "/home/lijiaxing/.conda/envs/api/lib/python3.10/site-packages/triton/runtime/autotuner.py", line 239, in run\n    benchmark()\n  File "/home/lijiaxing/.conda/envs/api/lib/python3.10/site-packages/triton/runtime/autotuner.py", line 228, in benchmark\n    timings = {config: self._bench(*args, config=config, **kwargs) for config in pruned_configs}\n  File "/home/lijiaxing/.conda/envs/api/lib/python3.10/site-packages/triton/runtime/autotuner.py", line 228, in <dictcomp>\n    timings = {config: self._bench(*args, config=config, **kwargs) for config in pruned_configs}\n  File "/home/lijiaxing/.conda/envs/api/lib/python3.10/site-packages/triton/runtime/autotuner.py", line 160, in _bench\n    return self.do_bench(kernel_call, quantiles=(0.5, 0.2, 0.8))\n  File "/home/lijiaxing/.conda/envs/api/lib/python3.10/site-packages/triton/testing.py", line 149, in do_bench\n    fn()\n  File "/home/lijiaxing/.conda/envs/api/lib/python3.10/site-packages/triton/runtime/autotuner.py", line 146, in kernel_call\n    self.fn.run(\n  File "/home/lijiaxing/.conda/envs/api/lib/python3.10/site-packages/triton/runtime/jit.py", line 594, in run\n    kernel = self.compile(src, target=target, options=options.__dict__)\n  File "/home/lijiaxing/.conda/envs/api/lib/python3.10/site-packages/triton/compiler/compiler.py", line 339, in compile\n    module = src.make_ir(options, codegen_fns, module_map, context)\n  File "/home/lijiaxing/.conda/envs/api/lib/python3.10/site-packages/triton/compiler/compiler.py", line 83, in make_ir\n    return ast_to_ttir(self.fn, self, context=context, options=options, codegen_fns=codegen_fns,\ntriton.compiler.errors.CompilationError: at 15:51:\n    stride_am, stride_ak,\n    stride_bk, stride_bn,\n    stride_cm, stride_cn,\n    BLOCK_M: tl.constexpr, BLOCK_N: tl.constexpr,\n):\n    pid_m = tl.program_id(0)\n    pid_n = tl.program_id(1)\n\n    offs_m = pid_m * BLOCK_M + tl.arange(0, BLOCK_M)\n    offs_n = pid_n * BLOCK_N + tl.arange(0, BLOCK_N)\n\n    a_ptrs = a_ptr + offs_m[:, None] * stride_am + tl.arange(0, K)[None, :] * stride_ak\n                                                   ^\n\n\nThe above exception was the direct cause of the following exception:\n\nTraceback (most recent call last):\n  File "/home/lijiaxing/.conda/envs/api/lib/python3.10/site-packages/triton/language/core.py", line 42, in wrapper\n    return fn(*args, **kwargs)\n  File "/home/lijiaxing/.conda/envs/api/lib/python3.10/site-packages/triton/language/core.py", line 1654, in arange\n    return _semantic.arange(start, end)\n  File "/home/lijiaxing/.conda/envs/api/lib/python3.10/site-packages/triton/language/semantic.py", line 574, in arange\n    raise ValueError("arange\'s arguments must be of type tl.constexpr")\nValueError: arange\'s arguments must be of type tl.constexpr\n', 'runtime_error_name': 'triton.compiler.errors.CompilationError', 'reference_timing_ms': 0.0274, 'speed_up': -1.0, 'custom_timing': -1.0}, 'runtime': -1.0, 'runtime_stats': {}}}
2025-08-12 19:24:02,658 - openevolve.RemoteSpeedupEvaluator - INFO - [level1_9_Tall_skinny_matrix_multiplication_] triton key words check pass
2025-08-12 19:24:02,660 - openevolve.RemoteSpeedupEvaluator - INFO - [level1_9_Tall_skinny_matrix_multiplication_] verify_plus payload: reference_code(884 chars) + custom_code(2106 chars)
2025-08-12 19:24:05,578 - openevolve.RemoteSpeedupEvaluator - INFO - [level1_9_Tall_skinny_matrix_multiplication_] verify_plus request success
2025-08-12 19:24:05,578 - openevolve.RemoteSpeedupEvaluator - INFO - [level1_9_Tall_skinny_matrix_multiplication_] verify_plus response: {"id":"level1_9_Tall_skinny_matrix_multiplication_","result":{"compiled":true,"correctness":false,"metadata":{"hardware":"NVIDIA L20Y","device":"cuda:2","runtime_error":"Traceback (most recent call last):\n  File \"/home/lijiaxing/.conda/envs/api/lib/python3.10/site-packages/triton/language/core.py\", line 42, in wrapper\n    return fn(*args, **kwargs)\n  File \"/home/lijiaxing/.conda/envs/api/lib/python3.10/site-packages/triton/language/core.py\", line 1654, in arange\n    return _semantic.arange(start, end)\n  File \"/home/lijiaxing/.conda/envs/api/lib/python3.10/site-packages/triton/language/semantic.py\", line 574, in arange\n    raise ValueError(\"arange's arguments must be of type tl.constexpr\")\nValueError: arange's arguments must be of type tl.constexpr\n\nThe above exception was 
2025-08-12 19:24:05,578 - openevolve.RemoteSpeedupEvaluator - INFO - [level1_9_Tall_skinny_matrix_multiplication_] âœ˜ wrong_answer
2025-08-12 19:24:05,578 - openevolve.evaluator - INFO - Evaluated program 5e35a92a-ee4e-492c-a54f-ef1ffe73ce41 in 2.92s: compiled=1.0000, correctness=0.0000, score=10.0000, stage=wrong_answer, verify_payload={'id': 'level1_9_Tall_skinny_matrix_multiplication_', 'result': {'compiled': True, 'correctness': False, 'metadata': {'hardware': 'NVIDIA L20Y', 'device': 'cuda:2', 'runtime_error': 'Traceback (most recent call last):\n  File "/home/lijiaxing/.conda/envs/api/lib/python3.10/site-packages/triton/language/core.py", line 42, in wrapper\n    return fn(*args, **kwargs)\n  File "/home/lijiaxing/.conda/envs/api/lib/python3.10/site-packages/triton/language/core.py", line 1654, in arange\n    return _semantic.arange(start, end)\n  File "/home/lijiaxing/.conda/envs/api/lib/python3.10/site-packages/triton/language/semantic.py", line 574, in arange\n    raise ValueError("arange\'s arguments must be of type tl.constexpr")\nValueError: arange\'s arguments must be of type tl.constexpr\n\nThe above exception was the direct cause of the following exception:\n\nTraceback (most recent call last):\n  File "/cpfs01/shared/llm_kernel/hujiakai/KernelLLM/validation_api_server/helpers/evaluations.py", line 720, in run_and_check_correctness\n    output_new = model_new(*inputs)\n  File "/home/lijiaxing/.conda/envs/api/lib/python3.10/site-packages/torch/nn/modules/module.py", line 1773, in _wrapped_call_impl\n    return self._call_impl(*args, **kwargs)\n  File "/home/lijiaxing/.conda/envs/api/lib/python3.10/site-packages/torch/nn/modules/module.py", line 1784, in _call_impl\n    return forward_call(*args, **kwargs)\n  File "/tmp/tmp2wykhpna.py", line 52, in forward\n    _tall_skinny_matmul_kernel[grid](\n  File "/home/lijiaxing/.conda/envs/api/lib/python3.10/site-packages/triton/runtime/jit.py", line 390, in <lambda>\n    return lambda *args, **kwargs: self.run(grid=grid, warmup=False, *args, **kwargs)\n  File "/home/lijiaxing/.conda/envs/api/lib/python3.10/site-packages/triton/runtime/jit.py", line 594, in run\n    kernel = self.compile(src, target=target, options=options.__dict__)\n  File "/home/lijiaxing/.conda/envs/api/lib/python3.10/site-packages/triton/compiler/compiler.py", line 339, in compile\n    module = src.make_ir(options, codegen_fns, module_map, context)\n  File "/home/lijiaxing/.conda/envs/api/lib/python3.10/site-packages/triton/compiler/compiler.py", line 83, in make_ir\n    return ast_to_ttir(self.fn, self, context=context, options=options, codegen_fns=codegen_fns,\ntriton.compiler.errors.CompilationError: at 18:51:\n    BLOCK_M: tl.constexpr, BLOCK_N: tl.constexpr,\n):\n    pid = tl.program_id(0)\n    num_pid_m = tl.cdiv(M, BLOCK_M)\n    num_pid_n = tl.cdiv(M, BLOCK_N)\n    pid_m = pid // num_pid_n\n    pid_n = pid % num_pid_n\n\n    offs_m = pid_m * BLOCK_M + tl.arange(0, BLOCK_M)\n    offs_n = pid_n * BLOCK_N + tl.arange(0, BLOCK_N)\n\n    a_ptrs = A_ptr + offs_m[:, None] * stride_am + tl.arange(0, N)[None, :] * stride_ak\n                                                   ^\n\n\nThe above exception was the direct cause of the following exception:\n\nTraceback (most recent call last):\n  File "/home/lijiaxing/.conda/envs/api/lib/python3.10/site-packages/triton/language/core.py", line 42, in wrapper\n    return fn(*args, **kwargs)\n  File "/home/lijiaxing/.conda/envs/api/lib/python3.10/site-packages/triton/language/core.py", line 1654, in arange\n    return _semantic.arange(start, end)\n  File "/home/lijiaxing/.conda/envs/api/lib/python3.10/site-packages/triton/language/semantic.py", line 574, in arange\n    raise ValueError("arange\'s arguments must be of type tl.constexpr")\nValueError: arange\'s arguments must be of type tl.constexpr\n', 'runtime_error_name': 'triton.compiler.errors.CompilationError', 'reference_timing_ms': 0.0274, 'speed_up': -1.0, 'custom_timing': -1.0}, 'runtime': -1.0, 'runtime_stats': {}}}
2025-08-12 19:24:05,582 - openevolve.database - INFO - New MAP-Elites cell occupied: {'score': 9, 'complexity': 5}
2025-08-12 19:24:05,585 - openevolve.llm.ensemble - INFO - Sampled model: deepseek
2025-08-12 19:24:05,597 - openevolve.threaded_parallel - INFO - Iteration 12: Program 5e35a92a-ee4e-492c-a54f-ef1ffe73ce41 (parent: 9a1ebe46-a452-4597-b2ee-48cd979504f6) completed in 1048.79s
2025-08-12 19:24:05,597 - openevolve.threaded_parallel - INFO - Metrics: compiled=1.0000, correctness=0.0000, score=10.0000, stage=wrong_answer, verify_payload={'id': 'level1_9_Tall_skinny_matrix_multiplication_', 'result': {'compiled': True, 'correctness': False, 'metadata': {'hardware': 'NVIDIA L20Y', 'device': 'cuda:2', 'runtime_error': 'Traceback (most recent call last):\n  File "/home/lijiaxing/.conda/envs/api/lib/python3.10/site-packages/triton/language/core.py", line 42, in wrapper\n    return fn(*args, **kwargs)\n  File "/home/lijiaxing/.conda/envs/api/lib/python3.10/site-packages/triton/language/core.py", line 1654, in arange\n    return _semantic.arange(start, end)\n  File "/home/lijiaxing/.conda/envs/api/lib/python3.10/site-packages/triton/language/semantic.py", line 574, in arange\n    raise ValueError("arange\'s arguments must be of type tl.constexpr")\nValueError: arange\'s arguments must be of type tl.constexpr\n\nThe above exception was the direct cause of the following exception:\n\nTraceback (most recent call last):\n  File "/cpfs01/shared/llm_kernel/hujiakai/KernelLLM/validation_api_server/helpers/evaluations.py", line 720, in run_and_check_correctness\n    output_new = model_new(*inputs)\n  File "/home/lijiaxing/.conda/envs/api/lib/python3.10/site-packages/torch/nn/modules/module.py", line 1773, in _wrapped_call_impl\n    return self._call_impl(*args, **kwargs)\n  File "/home/lijiaxing/.conda/envs/api/lib/python3.10/site-packages/torch/nn/modules/module.py", line 1784, in _call_impl\n    return forward_call(*args, **kwargs)\n  File "/tmp/tmp2wykhpna.py", line 52, in forward\n    _tall_skinny_matmul_kernel[grid](\n  File "/home/lijiaxing/.conda/envs/api/lib/python3.10/site-packages/triton/runtime/jit.py", line 390, in <lambda>\n    return lambda *args, **kwargs: self.run(grid=grid, warmup=False, *args, **kwargs)\n  File "/home/lijiaxing/.conda/envs/api/lib/python3.10/site-packages/triton/runtime/jit.py", line 594, in run\n    kernel = self.compile(src, target=target, options=options.__dict__)\n  File "/home/lijiaxing/.conda/envs/api/lib/python3.10/site-packages/triton/compiler/compiler.py", line 339, in compile\n    module = src.make_ir(options, codegen_fns, module_map, context)\n  File "/home/lijiaxing/.conda/envs/api/lib/python3.10/site-packages/triton/compiler/compiler.py", line 83, in make_ir\n    return ast_to_ttir(self.fn, self, context=context, options=options, codegen_fns=codegen_fns,\ntriton.compiler.errors.CompilationError: at 18:51:\n    BLOCK_M: tl.constexpr, BLOCK_N: tl.constexpr,\n):\n    pid = tl.program_id(0)\n    num_pid_m = tl.cdiv(M, BLOCK_M)\n    num_pid_n = tl.cdiv(M, BLOCK_N)\n    pid_m = pid // num_pid_n\n    pid_n = pid % num_pid_n\n\n    offs_m = pid_m * BLOCK_M + tl.arange(0, BLOCK_M)\n    offs_n = pid_n * BLOCK_N + tl.arange(0, BLOCK_N)\n\n    a_ptrs = A_ptr + offs_m[:, None] * stride_am + tl.arange(0, N)[None, :] * stride_ak\n                                                   ^\n\n\nThe above exception was the direct cause of the following exception:\n\nTraceback (most recent call last):\n  File "/home/lijiaxing/.conda/envs/api/lib/python3.10/site-packages/triton/language/core.py", line 42, in wrapper\n    return fn(*args, **kwargs)\n  File "/home/lijiaxing/.conda/envs/api/lib/python3.10/site-packages/triton/language/core.py", line 1654, in arange\n    return _semantic.arange(start, end)\n  File "/home/lijiaxing/.conda/envs/api/lib/python3.10/site-packages/triton/language/semantic.py", line 574, in arange\n    raise ValueError("arange\'s arguments must be of type tl.constexpr")\nValueError: arange\'s arguments must be of type tl.constexpr\n', 'runtime_error_name': 'triton.compiler.errors.CompilationError', 'reference_timing_ms': 0.0274, 'speed_up': -1.0, 'custom_timing': -1.0}, 'runtime': -1.0, 'runtime_stats': {}}}
2025-08-12 19:24:05,598 - openevolve.threaded_parallel - INFO - Checkpoint interval reached at iteration 12
2025-08-12 19:24:05,599 - openevolve.database - INFO - Island Status:
2025-08-12 19:24:05,600 - openevolve.database - INFO -    Island 0: 8 programs, best=10.0000, avg=8.7500, diversity=442.67, gen=6 (best: 49668471-ffe5-4e8d-9c09-69806ca3908d)
2025-08-12 19:24:05,600 - openevolve.database - INFO -  * Island 1: 4 programs, best=10.0000, avg=10.0000, diversity=222.83, gen=5 (best: 9a1ebe46-a452-4597-b2ee-48cd979504f6)
2025-08-12 19:24:05,600 - openevolve.database - INFO -    Island 2: 5 programs, best=10.0000, avg=10.0000, diversity=119.88, gen=4 (best: 61841a77-3cb1-4ea0-8fa6-86f8489f5df2)
2025-08-12 19:24:05,860 - openevolve.database - INFO - Saved database with 16 programs to openevolve_output/level1_9_Tall_skinny_matrix_multiplication_/checkpoints/checkpoint_12
2025-08-12 19:24:05,876 - openevolve.controller - INFO - Saved best program at checkpoint 12 with metrics: compiled=1.0000, correctness=0.0000, score=10.0000, stage=wrong_answer, verify_payload={'id': 'level1_9_Tall_skinny_matrix_multiplication_', 'result': {'compiled': True, 'correctness': False, 'metadata': {'hardware': 'NVIDIA L20Y', 'device': 'cuda:1', 'runtime_error': 'Traceback (most recent call last):\n  File "/home/lijiaxing/.conda/envs/api/lib/python3.10/site-packages/triton/language/core.py", line 42, in wrapper\n    return fn(*args, **kwargs)\n  File "/home/lijiaxing/.conda/envs/api/lib/python3.10/site-packages/triton/language/core.py", line 1654, in arange\n    return _semantic.arange(start, end)\n  File "/home/lijiaxing/.conda/envs/api/lib/python3.10/site-packages/triton/language/semantic.py", line 574, in arange\n    raise ValueError("arange\'s arguments must be of type tl.constexpr")\nValueError: arange\'s arguments must be of type tl.constexpr\n\nThe above exception was the direct cause of the following exception:\n\nTraceback (most recent call last):\n  File "/cpfs01/shared/llm_kernel/hujiakai/KernelLLM/validation_api_server/helpers/evaluations.py", line 720, in run_and_check_correctness\n    output_new = model_new(*inputs)\n  File "/home/lijiaxing/.conda/envs/api/lib/python3.10/site-packages/torch/nn/modules/module.py", line 1773, in _wrapped_call_impl\n    return self._call_impl(*args, **kwargs)\n  File "/home/lijiaxing/.conda/envs/api/lib/python3.10/site-packages/torch/nn/modules/module.py", line 1784, in _call_impl\n    return forward_call(*args, **kwargs)\n  File "/tmp/tmprlr3ly0p.py", line 74, in forward\n    matmul_kernel[grid](\n  File "/home/lijiaxing/.conda/envs/api/lib/python3.10/site-packages/triton/runtime/jit.py", line 390, in <lambda>\n    return lambda *args, **kwargs: self.run(grid=grid, warmup=False, *args, **kwargs)\n  File "/home/lijiaxing/.conda/envs/api/lib/python3.10/site-packages/triton/runtime/autotuner.py", line 239, in run\n    benchmark()\n  File "/home/lijiaxing/.conda/envs/api/lib/python3.10/site-packages/triton/runtime/autotuner.py", line 228, in benchmark\n    timings = {config: self._bench(*args, config=config, **kwargs) for config in pruned_configs}\n  File "/home/lijiaxing/.conda/envs/api/lib/python3.10/site-packages/triton/runtime/autotuner.py", line 228, in <dictcomp>\n    timings = {config: self._bench(*args, config=config, **kwargs) for config in pruned_configs}\n  File "/home/lijiaxing/.conda/envs/api/lib/python3.10/site-packages/triton/runtime/autotuner.py", line 160, in _bench\n    return self.do_bench(kernel_call, quantiles=(0.5, 0.2, 0.8))\n  File "/home/lijiaxing/.conda/envs/api/lib/python3.10/site-packages/triton/testing.py", line 149, in do_bench\n    fn()\n  File "/home/lijiaxing/.conda/envs/api/lib/python3.10/site-packages/triton/runtime/autotuner.py", line 146, in kernel_call\n    self.fn.run(\n  File "/home/lijiaxing/.conda/envs/api/lib/python3.10/site-packages/triton/runtime/jit.py", line 594, in run\n    kernel = self.compile(src, target=target, options=options.__dict__)\n  File "/home/lijiaxing/.conda/envs/api/lib/python3.10/site-packages/triton/compiler/compiler.py", line 339, in compile\n    module = src.make_ir(options, codegen_fns, module_map, context)\n  File "/home/lijiaxing/.conda/envs/api/lib/python3.10/site-packages/triton/compiler/compiler.py", line 83, in make_ir\n    return ast_to_ttir(self.fn, self, context=context, options=options, codegen_fns=codegen_fns,\ntriton.compiler.errors.CompilationError: at 15:51:\n    stride_am, stride_ak,\n    stride_bk, stride_bn,\n    stride_cm, stride_cn,\n    BLOCK_M: tl.constexpr, BLOCK_N: tl.constexpr,\n):\n    pid_m = tl.program_id(0)\n    pid_n = tl.program_id(1)\n\n    offs_m = pid_m * BLOCK_M + tl.arange(0, BLOCK_M)\n    offs_n = pid_n * BLOCK_N + tl.arange(0, BLOCK_N)\n\n    a_ptrs = a_ptr + offs_m[:, None] * stride_am + tl.arange(0, K)[None, :] * stride_ak\n                                                   ^\n\n\nThe above exception was the direct cause of the following exception:\n\nTraceback (most recent call last):\n  File "/home/lijiaxing/.conda/envs/api/lib/python3.10/site-packages/triton/language/core.py", line 42, in wrapper\n    return fn(*args, **kwargs)\n  File "/home/lijiaxing/.conda/envs/api/lib/python3.10/site-packages/triton/language/core.py", line 1654, in arange\n    return _semantic.arange(start, end)\n  File "/home/lijiaxing/.conda/envs/api/lib/python3.10/site-packages/triton/language/semantic.py", line 574, in arange\n    raise ValueError("arange\'s arguments must be of type tl.constexpr")\nValueError: arange\'s arguments must be of type tl.constexpr\n', 'runtime_error_name': 'triton.compiler.errors.CompilationError', 'reference_timing_ms': 0.0274, 'speed_up': -1.0, 'custom_timing': -1.0}, 'runtime': -1.0, 'runtime_stats': {}}}
2025-08-12 19:24:05,876 - openevolve.controller - INFO - Saved checkpoint at iteration 12 to openevolve_output/level1_9_Tall_skinny_matrix_multiplication_/checkpoints/checkpoint_12
2025-08-12 19:25:47,374 - openevolve.RemoteSpeedupEvaluator - INFO - [level1_9_Tall_skinny_matrix_multiplication_] triton key words check pass
2025-08-12 19:25:47,375 - openevolve.RemoteSpeedupEvaluator - INFO - [level1_9_Tall_skinny_matrix_multiplication_] verify_plus payload: reference_code(884 chars) + custom_code(3095 chars)
2025-08-12 19:25:54,949 - openevolve.RemoteSpeedupEvaluator - INFO - [level1_9_Tall_skinny_matrix_multiplication_] verify_plus request success
2025-08-12 19:25:54,950 - openevolve.RemoteSpeedupEvaluator - INFO - [level1_9_Tall_skinny_matrix_multiplication_] verify_plus response: {"id":"level1_9_Tall_skinny_matrix_multiplication_","result":{"compiled":true,"correctness":true,"metadata":{"hardware":"NVIDIA L20Y","device":"cuda:3","correctness_trials":"(5 / 5)","reference_timing_ms":0.0274,"speed_up":0.044,"custom_timing":0.623},"runtime":0.623,"runtime_stats":{"mean":0.623,"std":0.00301,"min":0.619,"max":0.634,"num_trials":100,"hardware":"NVIDIA L20Y","device":"cuda:3"}}}
2025-08-12 19:25:54,950 - openevolve.RemoteSpeedupEvaluator - INFO - [level1_9_Tall_skinny_matrix_multiplication_] âœ” success | speed_up=0.044  score=20.00
2025-08-12 19:25:54,950 - openevolve.evaluator - INFO - Evaluated program 05c927e5-189c-44be-a515-4c54549ec7bd in 7.58s: compiled=1.0000, correctness=1.0000, stage=success, passed=0.0000, score=20.0000, speed_up=0.0440, runtime_ms=0.6230, meta={'hardware': 'NVIDIA L20Y', 'device': 'cuda:3', 'correctness_trials': '(5 / 5)', 'reference_timing_ms': 0.0274, 'speed_up': 0.044, 'custom_timing': 0.623}
2025-08-12 19:25:54,953 - openevolve.database - INFO - MAP-Elites cell improved: {'score': 9, 'complexity': 9} (fitness: 10.000 -> 20.000)
2025-08-12 19:25:54,953 - openevolve.database - INFO - New best program 05c927e5-189c-44be-a515-4c54549ec7bd replaces 49668471-ffe5-4e8d-9c09-69806ca3908d
2025-08-12 19:25:54,954 - openevolve.llm.ensemble - INFO - Sampled model: deepseek
2025-08-12 19:25:54,965 - openevolve.threaded_parallel - INFO - Iteration 15: Program 05c927e5-189c-44be-a515-4c54549ec7bd (parent: dc62db46-9f09-4a34-a95a-a271e4bd081d) completed in 363.94s
2025-08-12 19:25:54,966 - openevolve.threaded_parallel - INFO - Metrics: compiled=1.0000, correctness=1.0000, stage=success, passed=0.0000, score=20.0000, speed_up=0.0440, runtime_ms=0.6230, meta={'hardware': 'NVIDIA L20Y', 'device': 'cuda:3', 'correctness_trials': '(5 / 5)', 'reference_timing_ms': 0.0274, 'speed_up': 0.044, 'custom_timing': 0.623}
2025-08-12 19:25:54,966 - openevolve.threaded_parallel - INFO - ðŸŒŸ New best solution found at iteration 15: 05c927e5-189c-44be-a515-4c54549ec7bd
2025-08-12 19:25:54,966 - openevolve.threaded_parallel - INFO - Checkpoint interval reached at iteration 15
2025-08-12 19:25:54,967 - openevolve.database - INFO - Island Status:
2025-08-12 19:25:54,967 - openevolve.database - INFO -    Island 0: 8 programs, best=10.0000, avg=8.7500, diversity=442.67, gen=6 (best: 49668471-ffe5-4e8d-9c09-69806ca3908d)
2025-08-12 19:25:54,967 - openevolve.database - INFO -    Island 1: 5 programs, best=20.0000, avg=12.0000, diversity=191.03, gen=5 (best: 05c927e5-189c-44be-a515-4c54549ec7bd)
2025-08-12 19:25:54,967 - openevolve.database - INFO -  * Island 2: 5 programs, best=10.0000, avg=10.0000, diversity=119.88, gen=5 (best: 61841a77-3cb1-4ea0-8fa6-86f8489f5df2)
2025-08-12 19:25:55,205 - openevolve.database - INFO - Saved database with 17 programs to openevolve_output/level1_9_Tall_skinny_matrix_multiplication_/checkpoints/checkpoint_15
2025-08-12 19:25:55,215 - openevolve.controller - INFO - Saved best program at checkpoint 15 with metrics: compiled=1.0000, correctness=1.0000, stage=success, passed=0.0000, score=20.0000, speed_up=0.0440, runtime_ms=0.6230, meta={'hardware': 'NVIDIA L20Y', 'device': 'cuda:3', 'correctness_trials': '(5 / 5)', 'reference_timing_ms': 0.0274, 'speed_up': 0.044, 'custom_timing': 0.623}
2025-08-12 19:25:55,215 - openevolve.controller - INFO - Saved checkpoint at iteration 15 to openevolve_output/level1_9_Tall_skinny_matrix_multiplication_/checkpoints/checkpoint_15
2025-08-12 19:38:08,446 - openevolve.RemoteSpeedupEvaluator - INFO - [level1_9_Tall_skinny_matrix_multiplication_] triton key words check pass
2025-08-12 19:38:08,447 - openevolve.RemoteSpeedupEvaluator - INFO - [level1_9_Tall_skinny_matrix_multiplication_] verify_plus payload: reference_code(884 chars) + custom_code(3112 chars)
2025-08-12 19:38:11,525 - openevolve.controller - INFO - Received signal 15, initiating graceful shutdown...
2025-08-12 19:38:11,525 - openevolve.threaded_parallel - INFO - Graceful shutdown requested...
2025-08-12 19:38:11,535 - openevolve.threaded_parallel - INFO - Shutdown requested, canceling remaining evaluations...
2025-08-12 19:38:11,535 - openevolve.threaded_parallel - INFO - Evolution interrupted by shutdown
2025-08-12 19:38:11,535 - openevolve.controller - INFO - Evolution stopped due to shutdown request
