2025-08-08 17:32:52,948 - openevolve.controller - INFO - Logging to openevolve_output/level1_67_conv_standard_1D/logs/openevolve_20250808_173252.log
2025-08-08 17:32:52,948 - openevolve.controller - INFO - Set random seed to 42 for reproducibility
2025-08-08 17:32:52,989 - openevolve.llm.ensemble - INFO - Initialized LLM ensemble with models: deepseek (weight: 0.80), deepseek (weight: 0.20)
2025-08-08 17:32:53,029 - openevolve.llm.ensemble - INFO - Initialized LLM ensemble with models: deepseek (weight: 0.80), deepseek (weight: 0.20)
2025-08-08 17:32:53,029 - openevolve.prompt.sampler - INFO - Set custom templates: system=evaluator_system_message, user=None
2025-08-08 17:32:53,029 - openevolve.database - INFO - Initialized program database with 0 programs
2025-08-08 17:32:53,050 - openevolve.evaluator - INFO - Successfully loaded evaluation function from openevolve_output/level1_67_conv_standard_1D/evaluation.py
2025-08-08 17:32:53,051 - openevolve.evaluator - INFO - Initialized evaluator with openevolve_output/level1_67_conv_standard_1D/evaluation.py
2025-08-08 17:32:53,051 - openevolve.controller - INFO - Initialized OpenEvolve with /tmp/8331694f1083a26c13625dc95fece833.py
2025-08-08 17:32:53,051 - openevolve.controller - INFO - Adding initial program to database
2025-08-08 17:32:53,051 - openevolve.RemoteSpeedupEvaluator - INFO - [level1_67_conv_standard_1D] verify_plus payload: reference_code(1835 chars) + custom_code(1959 chars)
2025-08-08 17:32:55,967 - openevolve.RemoteSpeedupEvaluator - INFO - [level1_67_conv_standard_1D] verify_plus request success
2025-08-08 17:32:55,967 - openevolve.RemoteSpeedupEvaluator - INFO - [level1_67_conv_standard_1D] verify_plus response: {"id":"level1_67_conv_standard_1D","result":{"compiled":true,"correctness":true,"metadata":{"hardware":"NVIDIA L20Y","device":"cuda:7","correctness_trials":"(5 / 5)","reference_timing_ms":0.0369,"speed_up":1.21,"custom_timing":0.0305},"runtime":0.0305,"runtime_stats":{"mean":0.0305,"std":0.00185,"min":0.0289,"max":0.0445,"num_trials":100,"hardware":"NVIDIA L20Y","device":"cuda:7"}}}
2025-08-08 17:32:55,967 - openevolve.evaluator - INFO - Evaluated program 95ef39b1-ed30-4937-9521-8385c25d74e0 in 2.92s: compiled=1.0000, correctness=1.0000, stage=reference code, passed=0.0000, score=0.0000, speed_up=1.0000, runtime_ms=0.0305, meta={'hardware': 'NVIDIA L20Y', 'device': 'cuda:7', 'correctness_trials': '(5 / 5)', 'reference_timing_ms': 0.0369, 'speed_up': 1.21, 'custom_timing': 0.0305}
2025-08-08 17:32:55,968 - openevolve.database - INFO - New MAP-Elites cell occupied: {'score': 0, 'complexity': 1}
2025-08-08 17:32:55,984 - openevolve.threaded_parallel - INFO - Initializing threaded evaluation pool with 3 workers
2025-08-08 17:32:55,986 - openevolve.threaded_parallel - INFO - Started thread pool with 3 threads
2025-08-08 17:32:55,986 - openevolve.threaded_parallel - INFO - Started improved parallel controller
2025-08-08 17:32:55,986 - openevolve.controller - INFO - Using island-based evolution with 3 islands
2025-08-08 17:32:55,986 - openevolve.database - INFO - Island Status:
2025-08-08 17:32:55,986 - openevolve.database - INFO -  * Island 0: 1 programs, best=0.0000, avg=0.0000, diversity=0.00, gen=0 (best: 95ef39b1-ed30-4937-9521-8385c25d74e0)
2025-08-08 17:32:55,986 - openevolve.database - INFO -    Island 1: 0 programs, best=0.0000, avg=0.0000, diversity=0.00, gen=0
2025-08-08 17:32:55,986 - openevolve.database - INFO -    Island 2: 0 programs, best=0.0000, avg=0.0000, diversity=0.00, gen=0
2025-08-08 17:32:55,986 - openevolve.threaded_parallel - INFO - Starting improved parallel evolution from iteration 0 for 30 iterations (total: 30)
2025-08-08 17:32:56,182 - openevolve.llm.ensemble - INFO - Initialized LLM ensemble with models: deepseek (weight: 0.80), deepseek (weight: 0.20)
2025-08-08 17:32:56,185 - openevolve.llm.ensemble - INFO - Initialized LLM ensemble with models: deepseek (weight: 0.80), deepseek (weight: 0.20)
2025-08-08 17:32:56,226 - openevolve.llm.ensemble - INFO - Initialized LLM ensemble with models: deepseek (weight: 0.80), deepseek (weight: 0.20)
2025-08-08 17:32:56,375 - openevolve.llm.ensemble - INFO - Initialized LLM ensemble with models: deepseek (weight: 0.80), deepseek (weight: 0.20)
2025-08-08 17:32:56,375 - openevolve.prompt.sampler - INFO - Set custom templates: system=evaluator_system_message, user=None
2025-08-08 17:32:56,377 - openevolve.llm.ensemble - INFO - Initialized LLM ensemble with models: deepseek (weight: 0.80), deepseek (weight: 0.20)
2025-08-08 17:32:56,377 - openevolve.prompt.sampler - INFO - Set custom templates: system=evaluator_system_message, user=None
2025-08-08 17:32:56,377 - openevolve.evaluator - INFO - Successfully loaded evaluation function from openevolve_output/level1_67_conv_standard_1D/evaluation.py
2025-08-08 17:32:56,377 - openevolve.evaluator - INFO - Initialized evaluator with openevolve_output/level1_67_conv_standard_1D/evaluation.py
2025-08-08 17:32:56,379 - openevolve.llm.ensemble - INFO - Sampled model: deepseek
2025-08-08 17:32:56,380 - openevolve.evaluator - INFO - Successfully loaded evaluation function from openevolve_output/level1_67_conv_standard_1D/evaluation.py
2025-08-08 17:32:56,380 - openevolve.evaluator - INFO - Initialized evaluator with openevolve_output/level1_67_conv_standard_1D/evaluation.py
2025-08-08 17:32:56,382 - openevolve.llm.ensemble - INFO - Sampled model: deepseek
2025-08-08 17:32:56,391 - openevolve.llm.ensemble - INFO - Initialized LLM ensemble with models: deepseek (weight: 0.80), deepseek (weight: 0.20)
2025-08-08 17:32:56,391 - openevolve.prompt.sampler - INFO - Set custom templates: system=evaluator_system_message, user=None
2025-08-08 17:32:56,393 - openevolve.evaluator - INFO - Successfully loaded evaluation function from openevolve_output/level1_67_conv_standard_1D/evaluation.py
2025-08-08 17:32:56,393 - openevolve.evaluator - INFO - Initialized evaluator with openevolve_output/level1_67_conv_standard_1D/evaluation.py
2025-08-08 17:32:56,396 - openevolve.llm.ensemble - INFO - Sampled model: deepseek
2025-08-08 17:41:22,474 - openevolve.RemoteSpeedupEvaluator - INFO - [level1_67_conv_standard_1D] triton key words check pass
2025-08-08 17:41:22,476 - openevolve.RemoteSpeedupEvaluator - INFO - [level1_67_conv_standard_1D] verify_plus payload: reference_code(1835 chars) + custom_code(4878 chars)
2025-08-08 17:41:25,400 - openevolve.RemoteSpeedupEvaluator - INFO - [level1_67_conv_standard_1D] verify_plus request success
2025-08-08 17:41:25,400 - openevolve.RemoteSpeedupEvaluator - INFO - [level1_67_conv_standard_1D] verify_plus response: {"id":"level1_67_conv_standard_1D","result":{"compiled":true,"correctness":false,"metadata":{"hardware":"NVIDIA L20Y","device":"cuda:0","runtime_error":"Traceback (most recent call last):\n  File \"/cpfs01/shared/llm_kernel/hujiakai/KernelLLM/validation_api_server/helpers/evaluations.py\", line 720, in run_and_check_correctness\n    output_new = model_new(*inputs)\n  File \"/home/lijiaxing/.conda/envs/api/lib/python3.10/site-packages/torch/nn/modules/module.py\", line 1773, in _wrapped_call_impl\n    return self._call_impl(*args, **kwargs)\n  File \"/home/lijiaxing/.conda/envs/api/lib/python3.10/site-packages/torch/nn/modules/module.py\", line 1784, in _call_impl\n    return forward_call(*args, **kwargs)\n  File \"/tmp/tmpo4ribs73.py\", line 107, in forward\n    conv1d_kernel[grid](\n  Fil
2025-08-08 17:41:25,400 - openevolve.RemoteSpeedupEvaluator - INFO - [level1_67_conv_standard_1D] âœ˜ wrong_answer
2025-08-08 17:41:25,401 - openevolve.evaluator - INFO - Evaluated program 6597dfe1-fa23-4a2b-93bb-47d60bd4d1e0 in 2.93s: compiled=1.0000, correctness=0.0000, score=10.0000, stage=wrong_answer, verify_payload={'id': 'level1_67_conv_standard_1D', 'result': {'compiled': True, 'correctness': False, 'metadata': {'hardware': 'NVIDIA L20Y', 'device': 'cuda:0', 'runtime_error': 'Traceback (most recent call last):\n  File "/cpfs01/shared/llm_kernel/hujiakai/KernelLLM/validation_api_server/helpers/evaluations.py", line 720, in run_and_check_correctness\n    output_new = model_new(*inputs)\n  File "/home/lijiaxing/.conda/envs/api/lib/python3.10/site-packages/torch/nn/modules/module.py", line 1773, in _wrapped_call_impl\n    return self._call_impl(*args, **kwargs)\n  File "/home/lijiaxing/.conda/envs/api/lib/python3.10/site-packages/torch/nn/modules/module.py", line 1784, in _call_impl\n    return forward_call(*args, **kwargs)\n  File "/tmp/tmpo4ribs73.py", line 107, in forward\n    conv1d_kernel[grid](\n  File "/home/lijiaxing/.conda/envs/api/lib/python3.10/site-packages/triton/runtime/jit.py", line 390, in <lambda>\n    return lambda *args, **kwargs: self.run(grid=grid, warmup=False, *args, **kwargs)\n  File "/home/lijiaxing/.conda/envs/api/lib/python3.10/site-packages/triton/runtime/jit.py", line 594, in run\n    kernel = self.compile(src, target=target, options=options.__dict__)\n  File "/home/lijiaxing/.conda/envs/api/lib/python3.10/site-packages/triton/compiler/compiler.py", line 339, in compile\n    module = src.make_ir(options, codegen_fns, module_map, context)\n  File "/home/lijiaxing/.conda/envs/api/lib/python3.10/site-packages/triton/compiler/compiler.py", line 83, in make_ir\n    return ast_to_ttir(self.fn, self, context=context, options=options, codegen_fns=codegen_fns,\ntriton.compiler.errors.UnsupportedLanguageConstruct: at 43:16:\n        g = op_idx // (length_out * out_channels_per_group)\n        oc = (op_idx % (length_out * out_channels_per_group)) // length_out\n        out_pos = op_idx % length_out\n        c_out = g * out_channels_per_group + oc\n\n        # Calculate input position\n        input_start = out_pos * stride - padding\n        acc = 0.0\n        for k in range(kernel_size):\n            input_pos = input_start + k * dilation\n            if input_pos < 0 or input_pos >= length:\n                continue\n                ^\nunsupported AST node type: Continue\n', 'runtime_error_name': 'triton.compiler.errors.UnsupportedLanguageConstruct', 'reference_timing_ms': 0.0369, 'speed_up': -1.0, 'custom_timing': -1.0}, 'runtime': -1.0, 'runtime_stats': {}}}
2025-08-08 17:41:25,404 - openevolve.llm.ensemble - INFO - Sampled model: deepseek
2025-08-08 17:41:25,409 - openevolve.database - INFO - New MAP-Elites cell occupied: {'score': 9, 'complexity': 9}
2025-08-08 17:41:25,409 - openevolve.database - INFO - New best program 6597dfe1-fa23-4a2b-93bb-47d60bd4d1e0 replaces 95ef39b1-ed30-4937-9521-8385c25d74e0
2025-08-08 17:41:25,419 - openevolve.threaded_parallel - INFO - Iteration 1: Program 6597dfe1-fa23-4a2b-93bb-47d60bd4d1e0 (parent: 95ef39b1-ed30-4937-9521-8385c25d74e0) completed in 509.02s
2025-08-08 17:41:25,419 - openevolve.threaded_parallel - INFO - Metrics: compiled=1.0000, correctness=0.0000, score=10.0000, stage=wrong_answer, verify_payload={'id': 'level1_67_conv_standard_1D', 'result': {'compiled': True, 'correctness': False, 'metadata': {'hardware': 'NVIDIA L20Y', 'device': 'cuda:0', 'runtime_error': 'Traceback (most recent call last):\n  File "/cpfs01/shared/llm_kernel/hujiakai/KernelLLM/validation_api_server/helpers/evaluations.py", line 720, in run_and_check_correctness\n    output_new = model_new(*inputs)\n  File "/home/lijiaxing/.conda/envs/api/lib/python3.10/site-packages/torch/nn/modules/module.py", line 1773, in _wrapped_call_impl\n    return self._call_impl(*args, **kwargs)\n  File "/home/lijiaxing/.conda/envs/api/lib/python3.10/site-packages/torch/nn/modules/module.py", line 1784, in _call_impl\n    return forward_call(*args, **kwargs)\n  File "/tmp/tmpo4ribs73.py", line 107, in forward\n    conv1d_kernel[grid](\n  File "/home/lijiaxing/.conda/envs/api/lib/python3.10/site-packages/triton/runtime/jit.py", line 390, in <lambda>\n    return lambda *args, **kwargs: self.run(grid=grid, warmup=False, *args, **kwargs)\n  File "/home/lijiaxing/.conda/envs/api/lib/python3.10/site-packages/triton/runtime/jit.py", line 594, in run\n    kernel = self.compile(src, target=target, options=options.__dict__)\n  File "/home/lijiaxing/.conda/envs/api/lib/python3.10/site-packages/triton/compiler/compiler.py", line 339, in compile\n    module = src.make_ir(options, codegen_fns, module_map, context)\n  File "/home/lijiaxing/.conda/envs/api/lib/python3.10/site-packages/triton/compiler/compiler.py", line 83, in make_ir\n    return ast_to_ttir(self.fn, self, context=context, options=options, codegen_fns=codegen_fns,\ntriton.compiler.errors.UnsupportedLanguageConstruct: at 43:16:\n        g = op_idx // (length_out * out_channels_per_group)\n        oc = (op_idx % (length_out * out_channels_per_group)) // length_out\n        out_pos = op_idx % length_out\n        c_out = g * out_channels_per_group + oc\n\n        # Calculate input position\n        input_start = out_pos * stride - padding\n        acc = 0.0\n        for k in range(kernel_size):\n            input_pos = input_start + k * dilation\n            if input_pos < 0 or input_pos >= length:\n                continue\n                ^\nunsupported AST node type: Continue\n', 'runtime_error_name': 'triton.compiler.errors.UnsupportedLanguageConstruct', 'reference_timing_ms': 0.0369, 'speed_up': -1.0, 'custom_timing': -1.0}, 'runtime': -1.0, 'runtime_stats': {}}}
2025-08-08 17:41:25,419 - openevolve.threaded_parallel - INFO - ðŸŒŸ New best solution found at iteration 1: 6597dfe1-fa23-4a2b-93bb-47d60bd4d1e0
2025-08-08 17:46:19,141 - openevolve.RemoteSpeedupEvaluator - INFO - [level1_67_conv_standard_1D] triton key words check pass
2025-08-08 17:46:19,143 - openevolve.RemoteSpeedupEvaluator - INFO - [level1_67_conv_standard_1D] verify_plus payload: reference_code(1835 chars) + custom_code(5382 chars)
2025-08-08 17:46:21,633 - openevolve.RemoteSpeedupEvaluator - INFO - [level1_67_conv_standard_1D] verify_plus request success
2025-08-08 17:46:21,633 - openevolve.RemoteSpeedupEvaluator - INFO - [level1_67_conv_standard_1D] verify_plus response: {"id":"level1_67_conv_standard_1D","result":{"compiled":true,"correctness":false,"metadata":{"hardware":"NVIDIA L20Y","device":"cuda:6","runtime_error":"Traceback (most recent call last):\n  File \"/cpfs01/shared/llm_kernel/hujiakai/KernelLLM/validation_api_server/helpers/evaluations.py\", line 720, in run_and_check_correctness\n    output_new = model_new(*inputs)\n  File \"/home/lijiaxing/.conda/envs/api/lib/python3.10/site-packages/torch/nn/modules/module.py\", line 1773, in _wrapped_call_impl\n    return self._call_impl(*args, **kwargs)\n  File \"/home/lijiaxing/.conda/envs/api/lib/python3.10/site-packages/torch/nn/modules/module.py\", line 1784, in _call_impl\n    return forward_call(*args, **kwargs)\n  File \"/tmp/tmp28pdbdzj.py\", line 84, in forward\n    ).squeeze(3)\nIndexError: Di
2025-08-08 17:46:21,633 - openevolve.RemoteSpeedupEvaluator - INFO - [level1_67_conv_standard_1D] âœ˜ wrong_answer
2025-08-08 17:46:21,634 - openevolve.evaluator - INFO - Evaluated program 1c75a4f4-83f4-463c-9cc0-941e3550d8ce in 2.49s: compiled=1.0000, correctness=0.0000, score=10.0000, stage=wrong_answer, verify_payload={'id': 'level1_67_conv_standard_1D', 'result': {'compiled': True, 'correctness': False, 'metadata': {'hardware': 'NVIDIA L20Y', 'device': 'cuda:6', 'runtime_error': 'Traceback (most recent call last):\n  File "/cpfs01/shared/llm_kernel/hujiakai/KernelLLM/validation_api_server/helpers/evaluations.py", line 720, in run_and_check_correctness\n    output_new = model_new(*inputs)\n  File "/home/lijiaxing/.conda/envs/api/lib/python3.10/site-packages/torch/nn/modules/module.py", line 1773, in _wrapped_call_impl\n    return self._call_impl(*args, **kwargs)\n  File "/home/lijiaxing/.conda/envs/api/lib/python3.10/site-packages/torch/nn/modules/module.py", line 1784, in _call_impl\n    return forward_call(*args, **kwargs)\n  File "/tmp/tmp28pdbdzj.py", line 84, in forward\n    ).squeeze(3)\nIndexError: Dimension out of range (expected to be in range of [-3, 2], but got 3)\n', 'runtime_error_name': 'builtins.IndexError', 'reference_timing_ms': 0.0369, 'speed_up': -1.0, 'custom_timing': -1.0}, 'runtime': -1.0, 'runtime_stats': {}}}
2025-08-08 17:46:21,638 - openevolve.llm.ensemble - INFO - Sampled model: deepseek
2025-08-08 17:46:21,648 - openevolve.threaded_parallel - INFO - Iteration 2: Program 1c75a4f4-83f4-463c-9cc0-941e3550d8ce (parent: 95ef39b1-ed30-4937-9521-8385c25d74e0) completed in 805.25s
2025-08-08 17:46:21,648 - openevolve.threaded_parallel - INFO - Metrics: compiled=1.0000, correctness=0.0000, score=10.0000, stage=wrong_answer, verify_payload={'id': 'level1_67_conv_standard_1D', 'result': {'compiled': True, 'correctness': False, 'metadata': {'hardware': 'NVIDIA L20Y', 'device': 'cuda:6', 'runtime_error': 'Traceback (most recent call last):\n  File "/cpfs01/shared/llm_kernel/hujiakai/KernelLLM/validation_api_server/helpers/evaluations.py", line 720, in run_and_check_correctness\n    output_new = model_new(*inputs)\n  File "/home/lijiaxing/.conda/envs/api/lib/python3.10/site-packages/torch/nn/modules/module.py", line 1773, in _wrapped_call_impl\n    return self._call_impl(*args, **kwargs)\n  File "/home/lijiaxing/.conda/envs/api/lib/python3.10/site-packages/torch/nn/modules/module.py", line 1784, in _call_impl\n    return forward_call(*args, **kwargs)\n  File "/tmp/tmp28pdbdzj.py", line 84, in forward\n    ).squeeze(3)\nIndexError: Dimension out of range (expected to be in range of [-3, 2], but got 3)\n', 'runtime_error_name': 'builtins.IndexError', 'reference_timing_ms': 0.0369, 'speed_up': -1.0, 'custom_timing': -1.0}, 'runtime': -1.0, 'runtime_stats': {}}}
2025-08-08 17:49:35,578 - openevolve.RemoteSpeedupEvaluator - INFO - [level1_67_conv_standard_1D] triton key words check pass
2025-08-08 17:49:35,579 - openevolve.RemoteSpeedupEvaluator - INFO - [level1_67_conv_standard_1D] verify_plus payload: reference_code(1835 chars) + custom_code(5425 chars)
2025-08-08 17:49:38,760 - openevolve.RemoteSpeedupEvaluator - INFO - [level1_67_conv_standard_1D] verify_plus request success
2025-08-08 17:49:38,760 - openevolve.RemoteSpeedupEvaluator - INFO - [level1_67_conv_standard_1D] verify_plus response: {"id":"level1_67_conv_standard_1D","result":{"compiled":true,"correctness":true,"metadata":{"hardware":"NVIDIA L20Y","device":"cuda:5","correctness_trials":"(5 / 5)","reference_timing_ms":0.0369,"speed_up":0.101,"custom_timing":0.367},"runtime":0.367,"runtime_stats":{"mean":0.367,"std":0.0019,"min":0.364,"max":0.374,"num_trials":100,"hardware":"NVIDIA L20Y","device":"cuda:5"}}}
2025-08-08 17:49:38,760 - openevolve.RemoteSpeedupEvaluator - INFO - [level1_67_conv_standard_1D] âœ” success | speed_up=0.101  score=20.00
2025-08-08 17:49:38,761 - openevolve.evaluator - INFO - Evaluated program 6833464f-aecb-41e9-8104-da98dd2a3f74 in 3.18s: compiled=1.0000, correctness=1.0000, stage=success, passed=0.0000, score=20.0000, speed_up=0.1010, runtime_ms=0.3670, meta={'hardware': 'NVIDIA L20Y', 'device': 'cuda:5', 'correctness_trials': '(5 / 5)', 'reference_timing_ms': 0.0369, 'speed_up': 0.101, 'custom_timing': 0.367}
2025-08-08 17:49:38,764 - openevolve.llm.ensemble - INFO - Sampled model: deepseek
2025-08-08 17:49:38,767 - openevolve.database - INFO - MAP-Elites cell improved: {'score': 9, 'complexity': 9} (fitness: 10.000 -> 20.000)
2025-08-08 17:49:38,767 - openevolve.database - INFO - New best program 6833464f-aecb-41e9-8104-da98dd2a3f74 replaces 6597dfe1-fa23-4a2b-93bb-47d60bd4d1e0
2025-08-08 17:49:38,779 - openevolve.threaded_parallel - INFO - Iteration 0: Program 6833464f-aecb-41e9-8104-da98dd2a3f74 (parent: 95ef39b1-ed30-4937-9521-8385c25d74e0) completed in 1002.37s
2025-08-08 17:49:38,779 - openevolve.threaded_parallel - INFO - Metrics: compiled=1.0000, correctness=1.0000, stage=success, passed=0.0000, score=20.0000, speed_up=0.1010, runtime_ms=0.3670, meta={'hardware': 'NVIDIA L20Y', 'device': 'cuda:5', 'correctness_trials': '(5 / 5)', 'reference_timing_ms': 0.0369, 'speed_up': 0.101, 'custom_timing': 0.367}
2025-08-08 17:49:38,779 - openevolve.threaded_parallel - INFO - ðŸŒŸ New best solution found at iteration 0: 6833464f-aecb-41e9-8104-da98dd2a3f74
2025-08-08 17:49:38,779 - openevolve.threaded_parallel - INFO - Checkpoint interval reached at iteration 0
2025-08-08 17:49:38,780 - openevolve.database - INFO - Island Status:
2025-08-08 17:49:38,780 - openevolve.database - INFO -    Island 0: 3 programs, best=10.0000, avg=6.6667, diversity=886.40, gen=1 (best: 6597dfe1-fa23-4a2b-93bb-47d60bd4d1e0)
2025-08-08 17:49:38,780 - openevolve.database - INFO -  * Island 1: 1 programs, best=20.0000, avg=20.0000, diversity=0.00, gen=2 (best: 6833464f-aecb-41e9-8104-da98dd2a3f74)
2025-08-08 17:49:38,780 - openevolve.database - INFO -    Island 2: 0 programs, best=0.0000, avg=0.0000, diversity=0.00, gen=0
2025-08-08 17:49:38,833 - openevolve.database - INFO - Saved database with 4 programs to openevolve_output/level1_67_conv_standard_1D/checkpoints/checkpoint_0
2025-08-08 17:49:38,854 - openevolve.controller - INFO - Saved best program at checkpoint 0 with metrics: compiled=1.0000, correctness=1.0000, stage=success, passed=0.0000, score=20.0000, speed_up=0.1010, runtime_ms=0.3670, meta={'hardware': 'NVIDIA L20Y', 'device': 'cuda:5', 'correctness_trials': '(5 / 5)', 'reference_timing_ms': 0.0369, 'speed_up': 0.101, 'custom_timing': 0.367}
2025-08-08 17:49:38,854 - openevolve.controller - INFO - Saved checkpoint at iteration 0 to openevolve_output/level1_67_conv_standard_1D/checkpoints/checkpoint_0
2025-08-08 17:53:19,585 - openevolve.RemoteSpeedupEvaluator - INFO - [level1_67_conv_standard_1D] triton key words check pass
2025-08-08 17:53:19,586 - openevolve.RemoteSpeedupEvaluator - INFO - [level1_67_conv_standard_1D] verify_plus payload: reference_code(1835 chars) + custom_code(4895 chars)
2025-08-08 17:53:22,986 - openevolve.RemoteSpeedupEvaluator - INFO - [level1_67_conv_standard_1D] verify_plus request success
2025-08-08 17:53:22,986 - openevolve.RemoteSpeedupEvaluator - INFO - [level1_67_conv_standard_1D] verify_plus response: {"id":"level1_67_conv_standard_1D","result":{"compiled":true,"correctness":false,"metadata":{"hardware":"NVIDIA L20Y","device":"cuda:6","runtime_error":"Traceback (most recent call last):\n  File \"/home/lijiaxing/.conda/envs/api/lib/python3.10/site-packages/triton/language/core.py\", line 42, in wrapper\n    return fn(*args, **kwargs)\n  File \"/home/lijiaxing/.conda/envs/api/lib/python3.10/site-packages/triton/language/core.py\", line 2150, in load\n    return _semantic.load(pointer, mask, other, boundary_check, padding_option, cache_modifier, eviction_policy,\n  File \"/home/lijiaxing/.conda/envs/api/lib/python3.10/site-packages/triton/language/semantic.py\", line 1086, in load\n    return self._load_legacy(ptr, mask, other, boundary_check, padding, cache, eviction, is_volatile)\n  File
2025-08-08 17:53:22,986 - openevolve.RemoteSpeedupEvaluator - INFO - [level1_67_conv_standard_1D] âœ˜ wrong_answer
2025-08-08 17:53:22,986 - openevolve.evaluator - INFO - Evaluated program 436389c6-37b5-4b1c-82cf-a1f3ce51fe88 in 3.40s: compiled=1.0000, correctness=0.0000, score=10.0000, stage=wrong_answer, verify_payload={'id': 'level1_67_conv_standard_1D', 'result': {'compiled': True, 'correctness': False, 'metadata': {'hardware': 'NVIDIA L20Y', 'device': 'cuda:6', 'runtime_error': 'Traceback (most recent call last):\n  File "/home/lijiaxing/.conda/envs/api/lib/python3.10/site-packages/triton/language/core.py", line 42, in wrapper\n    return fn(*args, **kwargs)\n  File "/home/lijiaxing/.conda/envs/api/lib/python3.10/site-packages/triton/language/core.py", line 2150, in load\n    return _semantic.load(pointer, mask, other, boundary_check, padding_option, cache_modifier, eviction_policy,\n  File "/home/lijiaxing/.conda/envs/api/lib/python3.10/site-packages/triton/language/semantic.py", line 1086, in load\n    return self._load_legacy(ptr, mask, other, boundary_check, padding, cache, eviction, is_volatile)\n  File "/home/lijiaxing/.conda/envs/api/lib/python3.10/site-packages/triton/language/semantic.py", line 1017, in _load_legacy\n    raise ValueError(f"Unsupported ptr type {ptr.type.__repr__()} in `tl.load`")\nValueError: Unsupported ptr type triton.language.int64 in `tl.load`\n\nThe above exception was the direct cause of the following exception:\n\nTraceback (most recent call last):\n  File "/cpfs01/shared/llm_kernel/hujiakai/KernelLLM/validation_api_server/helpers/evaluations.py", line 720, in run_and_check_correctness\n    output_new = model_new(*inputs)\n  File "/home/lijiaxing/.conda/envs/api/lib/python3.10/site-packages/torch/nn/modules/module.py", line 1773, in _wrapped_call_impl\n    return self._call_impl(*args, **kwargs)\n  File "/home/lijiaxing/.conda/envs/api/lib/python3.10/site-packages/torch/nn/modules/module.py", line 1784, in _call_impl\n    return forward_call(*args, **kwargs)\n  File "/tmp/tmpukwr69f6.py", line 108, in forward\n    conv1d_kernel[grid](\n  File "/home/lijiaxing/.conda/envs/api/lib/python3.10/site-packages/triton/runtime/jit.py", line 390, in <lambda>\n    return lambda *args, **kwargs: self.run(grid=grid, warmup=False, *args, **kwargs)\n  File "/home/lijiaxing/.conda/envs/api/lib/python3.10/site-packages/triton/runtime/jit.py", line 594, in run\n    kernel = self.compile(src, target=target, options=options.__dict__)\n  File "/home/lijiaxing/.conda/envs/api/lib/python3.10/site-packages/triton/compiler/compiler.py", line 339, in compile\n    module = src.make_ir(options, codegen_fns, module_map, context)\n  File "/home/lijiaxing/.conda/envs/api/lib/python3.10/site-packages/triton/compiler/compiler.py", line 83, in make_ir\n    return ast_to_ttir(self.fn, self, context=context, options=options, codegen_fns=codegen_fns,\ntriton.compiler.errors.CompilationError: at 49:24:\n        acc = 0.0\n\n        for k in range(kernel_size):\n            input_pos = input_start + k * dilation\n            in_bounds = (input_pos >= 0) & (input_pos < length)\n\n            for ic in range(in_channels_per_group):\n                c_in = g * in_channels_per_group + ic\n                x_offset = c_in * x_channel_stride + input_pos * x_length_stride\n                w_offset = c_out * w_out_stride + ic * w_in_stride + k * w_kernel_stride\n\n                x_val = tl.load(x_ptr + x_offset, mask=in_bounds, other=0.0)\n                        ^\n\n\nThe above exception was the direct cause of the following exception:\n\nTraceback (most recent call last):\n  File "/home/lijiaxing/.conda/envs/api/lib/python3.10/site-packages/triton/language/core.py", line 42, in wrapper\n    return fn(*args, **kwargs)\n  File "/home/lijiaxing/.conda/envs/api/lib/python3.10/site-packages/triton/language/core.py", line 2150, in load\n    return _semantic.load(pointer, mask, other, boundary_check, padding_option, cache_modifier, eviction_policy,\n  File "/home/lijiaxing/.conda/envs/api/lib/python3.10/site-packages/triton/language/semantic.py", line 1086, in load\n    return self._load_legacy(ptr, mask, other, boundary_check, padding, cache, eviction, is_volatile)\n  File "/home/lijiaxing/.conda/envs/api/lib/python3.10/site-packages/triton/language/semantic.py", line 1017, in _load_legacy\n    raise ValueError(f"Unsupported ptr type {ptr.type.__repr__()} in `tl.load`")\nValueError: Unsupported ptr type triton.language.int64 in `tl.load`\n', 'runtime_error_name': 'triton.compiler.errors.CompilationError', 'reference_timing_ms': 0.0369, 'speed_up': -1.0, 'custom_timing': -1.0}, 'runtime': -1.0, 'runtime_stats': {}}}
2025-08-08 17:53:22,989 - openevolve.database - INFO - New MAP-Elites cell occupied: {'score': 9, 'complexity': 8}
2025-08-08 17:53:22,991 - openevolve.llm.ensemble - INFO - Sampled model: deepseek
2025-08-08 17:53:23,001 - openevolve.threaded_parallel - INFO - Iteration 4: Program 436389c6-37b5-4b1c-82cf-a1f3ce51fe88 (parent: 95ef39b1-ed30-4937-9521-8385c25d74e0) completed in 421.35s
2025-08-08 17:53:23,002 - openevolve.threaded_parallel - INFO - Metrics: compiled=1.0000, correctness=0.0000, score=10.0000, stage=wrong_answer, verify_payload={'id': 'level1_67_conv_standard_1D', 'result': {'compiled': True, 'correctness': False, 'metadata': {'hardware': 'NVIDIA L20Y', 'device': 'cuda:6', 'runtime_error': 'Traceback (most recent call last):\n  File "/home/lijiaxing/.conda/envs/api/lib/python3.10/site-packages/triton/language/core.py", line 42, in wrapper\n    return fn(*args, **kwargs)\n  File "/home/lijiaxing/.conda/envs/api/lib/python3.10/site-packages/triton/language/core.py", line 2150, in load\n    return _semantic.load(pointer, mask, other, boundary_check, padding_option, cache_modifier, eviction_policy,\n  File "/home/lijiaxing/.conda/envs/api/lib/python3.10/site-packages/triton/language/semantic.py", line 1086, in load\n    return self._load_legacy(ptr, mask, other, boundary_check, padding, cache, eviction, is_volatile)\n  File "/home/lijiaxing/.conda/envs/api/lib/python3.10/site-packages/triton/language/semantic.py", line 1017, in _load_legacy\n    raise ValueError(f"Unsupported ptr type {ptr.type.__repr__()} in `tl.load`")\nValueError: Unsupported ptr type triton.language.int64 in `tl.load`\n\nThe above exception was the direct cause of the following exception:\n\nTraceback (most recent call last):\n  File "/cpfs01/shared/llm_kernel/hujiakai/KernelLLM/validation_api_server/helpers/evaluations.py", line 720, in run_and_check_correctness\n    output_new = model_new(*inputs)\n  File "/home/lijiaxing/.conda/envs/api/lib/python3.10/site-packages/torch/nn/modules/module.py", line 1773, in _wrapped_call_impl\n    return self._call_impl(*args, **kwargs)\n  File "/home/lijiaxing/.conda/envs/api/lib/python3.10/site-packages/torch/nn/modules/module.py", line 1784, in _call_impl\n    return forward_call(*args, **kwargs)\n  File "/tmp/tmpukwr69f6.py", line 108, in forward\n    conv1d_kernel[grid](\n  File "/home/lijiaxing/.conda/envs/api/lib/python3.10/site-packages/triton/runtime/jit.py", line 390, in <lambda>\n    return lambda *args, **kwargs: self.run(grid=grid, warmup=False, *args, **kwargs)\n  File "/home/lijiaxing/.conda/envs/api/lib/python3.10/site-packages/triton/runtime/jit.py", line 594, in run\n    kernel = self.compile(src, target=target, options=options.__dict__)\n  File "/home/lijiaxing/.conda/envs/api/lib/python3.10/site-packages/triton/compiler/compiler.py", line 339, in compile\n    module = src.make_ir(options, codegen_fns, module_map, context)\n  File "/home/lijiaxing/.conda/envs/api/lib/python3.10/site-packages/triton/compiler/compiler.py", line 83, in make_ir\n    return ast_to_ttir(self.fn, self, context=context, options=options, codegen_fns=codegen_fns,\ntriton.compiler.errors.CompilationError: at 49:24:\n        acc = 0.0\n\n        for k in range(kernel_size):\n            input_pos = input_start + k * dilation\n            in_bounds = (input_pos >= 0) & (input_pos < length)\n\n            for ic in range(in_channels_per_group):\n                c_in = g * in_channels_per_group + ic\n                x_offset = c_in * x_channel_stride + input_pos * x_length_stride\n                w_offset = c_out * w_out_stride + ic * w_in_stride + k * w_kernel_stride\n\n                x_val = tl.load(x_ptr + x_offset, mask=in_bounds, other=0.0)\n                        ^\n\n\nThe above exception was the direct cause of the following exception:\n\nTraceback (most recent call last):\n  File "/home/lijiaxing/.conda/envs/api/lib/python3.10/site-packages/triton/language/core.py", line 42, in wrapper\n    return fn(*args, **kwargs)\n  File "/home/lijiaxing/.conda/envs/api/lib/python3.10/site-packages/triton/language/core.py", line 2150, in load\n    return _semantic.load(pointer, mask, other, boundary_check, padding_option, cache_modifier, eviction_policy,\n  File "/home/lijiaxing/.conda/envs/api/lib/python3.10/site-packages/triton/language/semantic.py", line 1086, in load\n    return self._load_legacy(ptr, mask, other, boundary_check, padding, cache, eviction, is_volatile)\n  File "/home/lijiaxing/.conda/envs/api/lib/python3.10/site-packages/triton/language/semantic.py", line 1017, in _load_legacy\n    raise ValueError(f"Unsupported ptr type {ptr.type.__repr__()} in `tl.load`")\nValueError: Unsupported ptr type triton.language.int64 in `tl.load`\n', 'runtime_error_name': 'triton.compiler.errors.CompilationError', 'reference_timing_ms': 0.0369, 'speed_up': -1.0, 'custom_timing': -1.0}, 'runtime': -1.0, 'runtime_stats': {}}}
2025-08-08 17:54:13,293 - openevolve.RemoteSpeedupEvaluator - INFO - [level1_67_conv_standard_1D] triton key words check pass
2025-08-08 17:54:13,295 - openevolve.RemoteSpeedupEvaluator - INFO - [level1_67_conv_standard_1D] verify_plus payload: reference_code(1835 chars) + custom_code(4372 chars)
2025-08-08 17:54:16,322 - openevolve.RemoteSpeedupEvaluator - INFO - [level1_67_conv_standard_1D] verify_plus request success
2025-08-08 17:54:16,323 - openevolve.RemoteSpeedupEvaluator - INFO - [level1_67_conv_standard_1D] verify_plus response: {"id":"level1_67_conv_standard_1D","result":{"compiled":true,"correctness":false,"metadata":{"hardware":"NVIDIA L20Y","device":"cuda:4","runtime_error":"Traceback (most recent call last):\n  File \"/cpfs01/shared/llm_kernel/hujiakai/KernelLLM/validation_api_server/helpers/evaluations.py\", line 720, in run_and_check_correctness\n    output_new = model_new(*inputs)\n  File \"/home/lijiaxing/.conda/envs/api/lib/python3.10/site-packages/torch/nn/modules/module.py\", line 1773, in _wrapped_call_impl\n    return self._call_impl(*args, **kwargs)\n  File \"/home/lijiaxing/.conda/envs/api/lib/python3.10/site-packages/torch/nn/modules/module.py\", line 1784, in _call_impl\n    return forward_call(*args, **kwargs)\n  File \"/tmp/tmpqt4gonkk.py\", line 90, in forward\n    conv1d_kernel[grid](\n  File
2025-08-08 17:54:16,323 - openevolve.RemoteSpeedupEvaluator - INFO - [level1_67_conv_standard_1D] âœ˜ wrong_answer
2025-08-08 17:54:16,323 - openevolve.evaluator - INFO - Evaluated program 1ffc83cf-ff79-404b-931b-6fe986392008 in 3.03s: compiled=1.0000, correctness=0.0000, score=10.0000, stage=wrong_answer, verify_payload={'id': 'level1_67_conv_standard_1D', 'result': {'compiled': True, 'correctness': False, 'metadata': {'hardware': 'NVIDIA L20Y', 'device': 'cuda:4', 'runtime_error': 'Traceback (most recent call last):\n  File "/cpfs01/shared/llm_kernel/hujiakai/KernelLLM/validation_api_server/helpers/evaluations.py", line 720, in run_and_check_correctness\n    output_new = model_new(*inputs)\n  File "/home/lijiaxing/.conda/envs/api/lib/python3.10/site-packages/torch/nn/modules/module.py", line 1773, in _wrapped_call_impl\n    return self._call_impl(*args, **kwargs)\n  File "/home/lijiaxing/.conda/envs/api/lib/python3.10/site-packages/torch/nn/modules/module.py", line 1784, in _call_impl\n    return forward_call(*args, **kwargs)\n  File "/tmp/tmpqt4gonkk.py", line 90, in forward\n    conv1d_kernel[grid](\n  File "/home/lijiaxing/.conda/envs/api/lib/python3.10/site-packages/triton/runtime/jit.py", line 390, in <lambda>\n    return lambda *args, **kwargs: self.run(grid=grid, warmup=False, *args, **kwargs)\n  File "/home/lijiaxing/.conda/envs/api/lib/python3.10/site-packages/triton/runtime/jit.py", line 594, in run\n    kernel = self.compile(src, target=target, options=options.__dict__)\n  File "/home/lijiaxing/.conda/envs/api/lib/python3.10/site-packages/triton/compiler/compiler.py", line 339, in compile\n    module = src.make_ir(options, codegen_fns, module_map, context)\n  File "/home/lijiaxing/.conda/envs/api/lib/python3.10/site-packages/triton/compiler/compiler.py", line 83, in make_ir\n    return ast_to_ttir(self.fn, self, context=context, options=options, codegen_fns=codegen_fns,\ntriton.compiler.errors.UnsupportedLanguageConstruct: at 28:12:\n\n    input_start = pos_idx * stride - padding\n    group_size = out_channels // groups\n    group_idx = channel_idx // group_size\n    in_chan_per_group = in_channels // groups\n    in_chan_start = group_idx * in_chan_per_group\n\n    for offset in range(0, end_idx - start_idx):\n        cur_channel = channel_idx + offset // output_length\n        cur_pos = pos_idx + offset % output_length\n        if cur_channel >= out_channels or cur_pos >= output_length:\n            break\n            ^\nunsupported AST node type: Break\n', 'runtime_error_name': 'triton.compiler.errors.UnsupportedLanguageConstruct', 'reference_timing_ms': 0.0369, 'speed_up': -1.0, 'custom_timing': -1.0}, 'runtime': -1.0, 'runtime_stats': {}}}
2025-08-08 17:54:16,325 - openevolve.database - INFO - New MAP-Elites cell occupied: {'score': 9, 'complexity': 6}
2025-08-08 17:54:16,326 - openevolve.llm.ensemble - INFO - Sampled model: deepseek
2025-08-08 17:54:16,337 - openevolve.threaded_parallel - INFO - Iteration 3: Program 1ffc83cf-ff79-404b-931b-6fe986392008 (parent: 95ef39b1-ed30-4937-9521-8385c25d74e0) completed in 770.92s
2025-08-08 17:54:16,337 - openevolve.threaded_parallel - INFO - Metrics: compiled=1.0000, correctness=0.0000, score=10.0000, stage=wrong_answer, verify_payload={'id': 'level1_67_conv_standard_1D', 'result': {'compiled': True, 'correctness': False, 'metadata': {'hardware': 'NVIDIA L20Y', 'device': 'cuda:4', 'runtime_error': 'Traceback (most recent call last):\n  File "/cpfs01/shared/llm_kernel/hujiakai/KernelLLM/validation_api_server/helpers/evaluations.py", line 720, in run_and_check_correctness\n    output_new = model_new(*inputs)\n  File "/home/lijiaxing/.conda/envs/api/lib/python3.10/site-packages/torch/nn/modules/module.py", line 1773, in _wrapped_call_impl\n    return self._call_impl(*args, **kwargs)\n  File "/home/lijiaxing/.conda/envs/api/lib/python3.10/site-packages/torch/nn/modules/module.py", line 1784, in _call_impl\n    return forward_call(*args, **kwargs)\n  File "/tmp/tmpqt4gonkk.py", line 90, in forward\n    conv1d_kernel[grid](\n  File "/home/lijiaxing/.conda/envs/api/lib/python3.10/site-packages/triton/runtime/jit.py", line 390, in <lambda>\n    return lambda *args, **kwargs: self.run(grid=grid, warmup=False, *args, **kwargs)\n  File "/home/lijiaxing/.conda/envs/api/lib/python3.10/site-packages/triton/runtime/jit.py", line 594, in run\n    kernel = self.compile(src, target=target, options=options.__dict__)\n  File "/home/lijiaxing/.conda/envs/api/lib/python3.10/site-packages/triton/compiler/compiler.py", line 339, in compile\n    module = src.make_ir(options, codegen_fns, module_map, context)\n  File "/home/lijiaxing/.conda/envs/api/lib/python3.10/site-packages/triton/compiler/compiler.py", line 83, in make_ir\n    return ast_to_ttir(self.fn, self, context=context, options=options, codegen_fns=codegen_fns,\ntriton.compiler.errors.UnsupportedLanguageConstruct: at 28:12:\n\n    input_start = pos_idx * stride - padding\n    group_size = out_channels // groups\n    group_idx = channel_idx // group_size\n    in_chan_per_group = in_channels // groups\n    in_chan_start = group_idx * in_chan_per_group\n\n    for offset in range(0, end_idx - start_idx):\n        cur_channel = channel_idx + offset // output_length\n        cur_pos = pos_idx + offset % output_length\n        if cur_channel >= out_channels or cur_pos >= output_length:\n            break\n            ^\nunsupported AST node type: Break\n', 'runtime_error_name': 'triton.compiler.errors.UnsupportedLanguageConstruct', 'reference_timing_ms': 0.0369, 'speed_up': -1.0, 'custom_timing': -1.0}, 'runtime': -1.0, 'runtime_stats': {}}}
2025-08-08 17:54:16,338 - openevolve.threaded_parallel - INFO - Checkpoint interval reached at iteration 3
2025-08-08 17:54:16,338 - openevolve.database - INFO - Island Status:
2025-08-08 17:54:16,338 - openevolve.database - INFO -  * Island 0: 3 programs, best=10.0000, avg=6.6667, diversity=886.40, gen=2 (best: 6597dfe1-fa23-4a2b-93bb-47d60bd4d1e0)
2025-08-08 17:54:16,338 - openevolve.database - INFO -    Island 1: 2 programs, best=20.0000, avg=15.0000, diversity=55.50, gen=2 (best: 6833464f-aecb-41e9-8104-da98dd2a3f74)
2025-08-08 17:54:16,339 - openevolve.database - INFO -    Island 2: 2 programs, best=20.0000, avg=15.0000, diversity=458.30, gen=1 (best: 1ffc83cf-ff79-404b-931b-6fe986392008)
2025-08-08 17:54:16,413 - openevolve.database - INFO - Saved database with 6 programs to openevolve_output/level1_67_conv_standard_1D/checkpoints/checkpoint_3
2025-08-08 17:54:16,429 - openevolve.controller - INFO - Saved best program at checkpoint 3 with metrics: compiled=1.0000, correctness=1.0000, stage=success, passed=0.0000, score=20.0000, speed_up=0.1010, runtime_ms=0.3670, meta={'hardware': 'NVIDIA L20Y', 'device': 'cuda:5', 'correctness_trials': '(5 / 5)', 'reference_timing_ms': 0.0369, 'speed_up': 0.101, 'custom_timing': 0.367}
2025-08-08 17:54:16,429 - openevolve.controller - INFO - Saved checkpoint at iteration 3 to openevolve_output/level1_67_conv_standard_1D/checkpoints/checkpoint_3
2025-08-08 17:57:22,070 - openevolve.RemoteSpeedupEvaluator - INFO - [level1_67_conv_standard_1D] triton key words check pass
2025-08-08 17:57:22,071 - openevolve.RemoteSpeedupEvaluator - INFO - [level1_67_conv_standard_1D] verify_plus payload: reference_code(1835 chars) + custom_code(5223 chars)
2025-08-08 17:57:25,575 - openevolve.RemoteSpeedupEvaluator - INFO - [level1_67_conv_standard_1D] verify_plus request success
2025-08-08 17:57:25,576 - openevolve.RemoteSpeedupEvaluator - INFO - [level1_67_conv_standard_1D] verify_plus response: {"id":"level1_67_conv_standard_1D","result":{"compiled":true,"correctness":true,"metadata":{"hardware":"NVIDIA L20Y","device":"cuda:3","correctness_trials":"(5 / 5)","reference_timing_ms":0.0369,"speed_up":0.244,"custom_timing":0.151},"runtime":0.151,"runtime_stats":{"mean":0.151,"std":0.0042,"min":0.147,"max":0.177,"num_trials":100,"hardware":"NVIDIA L20Y","device":"cuda:3"}}}
2025-08-08 17:57:25,576 - openevolve.RemoteSpeedupEvaluator - INFO - [level1_67_conv_standard_1D] âœ” success | speed_up=0.244  score=20.00
2025-08-08 17:57:25,576 - openevolve.evaluator - INFO - Evaluated program f10c599e-865c-4dac-9034-51c06bc48caf in 3.51s: compiled=1.0000, correctness=1.0000, stage=success, passed=0.0000, score=20.0000, speed_up=0.2440, runtime_ms=0.1510, meta={'hardware': 'NVIDIA L20Y', 'device': 'cuda:3', 'correctness_trials': '(5 / 5)', 'reference_timing_ms': 0.0369, 'speed_up': 0.244, 'custom_timing': 0.151}
2025-08-08 17:57:25,579 - openevolve.llm.ensemble - INFO - Sampled model: deepseek
2025-08-08 17:57:25,599 - openevolve.threaded_parallel - INFO - Iteration 5: Program f10c599e-865c-4dac-9034-51c06bc48caf (parent: 1c75a4f4-83f4-463c-9cc0-941e3550d8ce) completed in 466.81s
2025-08-08 17:57:25,599 - openevolve.threaded_parallel - INFO - Metrics: compiled=1.0000, correctness=1.0000, stage=success, passed=0.0000, score=20.0000, speed_up=0.2440, runtime_ms=0.1510, meta={'hardware': 'NVIDIA L20Y', 'device': 'cuda:3', 'correctness_trials': '(5 / 5)', 'reference_timing_ms': 0.0369, 'speed_up': 0.244, 'custom_timing': 0.151}
2025-08-08 18:04:10,351 - openevolve.RemoteSpeedupEvaluator - INFO - [level1_67_conv_standard_1D] triton key words check pass
2025-08-08 18:04:10,352 - openevolve.RemoteSpeedupEvaluator - INFO - [level1_67_conv_standard_1D] verify_plus payload: reference_code(1835 chars) + custom_code(5038 chars)
2025-08-08 18:04:13,875 - openevolve.RemoteSpeedupEvaluator - INFO - [level1_67_conv_standard_1D] verify_plus request success
2025-08-08 18:04:13,876 - openevolve.RemoteSpeedupEvaluator - INFO - [level1_67_conv_standard_1D] verify_plus response: {"id":"level1_67_conv_standard_1D","result":{"compiled":true,"correctness":false,"metadata":{"hardware":"NVIDIA L20Y","device":"cuda:7","runtime_error":"Traceback (most recent call last):\n  File \"/home/lijiaxing/.conda/envs/api/lib/python3.10/site-packages/triton/language/core.py\", line 42, in wrapper\n    return fn(*args, **kwargs)\n  File \"/home/lijiaxing/.conda/envs/api/lib/python3.10/site-packages/triton/language/core.py\", line 2150, in load\n    return _semantic.load(pointer, mask, other, boundary_check, padding_option, cache_modifier, eviction_policy,\n  File \"/home/lijiaxing/.conda/envs/api/lib/python3.10/site-packages/triton/language/semantic.py\", line 1086, in load\n    return self._load_legacy(ptr, mask, other, boundary_check, padding, cache, eviction, is_volatile)\n  File
2025-08-08 18:04:13,876 - openevolve.RemoteSpeedupEvaluator - INFO - [level1_67_conv_standard_1D] âœ˜ wrong_answer
2025-08-08 18:04:13,876 - openevolve.evaluator - INFO - Evaluated program 18a6c795-5cf0-48f3-b5cf-d2002518a691 in 3.53s: compiled=1.0000, correctness=0.0000, score=10.0000, stage=wrong_answer, verify_payload={'id': 'level1_67_conv_standard_1D', 'result': {'compiled': True, 'correctness': False, 'metadata': {'hardware': 'NVIDIA L20Y', 'device': 'cuda:7', 'runtime_error': 'Traceback (most recent call last):\n  File "/home/lijiaxing/.conda/envs/api/lib/python3.10/site-packages/triton/language/core.py", line 42, in wrapper\n    return fn(*args, **kwargs)\n  File "/home/lijiaxing/.conda/envs/api/lib/python3.10/site-packages/triton/language/core.py", line 2150, in load\n    return _semantic.load(pointer, mask, other, boundary_check, padding_option, cache_modifier, eviction_policy,\n  File "/home/lijiaxing/.conda/envs/api/lib/python3.10/site-packages/triton/language/semantic.py", line 1086, in load\n    return self._load_legacy(ptr, mask, other, boundary_check, padding, cache, eviction, is_volatile)\n  File "/home/lijiaxing/.conda/envs/api/lib/python3.10/site-packages/triton/language/semantic.py", line 1017, in _load_legacy\n    raise ValueError(f"Unsupported ptr type {ptr.type.__repr__()} in `tl.load`")\nValueError: Unsupported ptr type triton.language.int64 in `tl.load`\n\nThe above exception was the direct cause of the following exception:\n\nTraceback (most recent call last):\n  File "/cpfs01/shared/llm_kernel/hujiakai/KernelLLM/validation_api_server/helpers/evaluations.py", line 720, in run_and_check_correctness\n    output_new = model_new(*inputs)\n  File "/home/lijiaxing/.conda/envs/api/lib/python3.10/site-packages/torch/nn/modules/module.py", line 1773, in _wrapped_call_impl\n    return self._call_impl(*args, **kwargs)\n  File "/home/lijiaxing/.conda/envs/api/lib/python3.10/site-packages/torch/nn/modules/module.py", line 1784, in _call_impl\n    return forward_call(*args, **kwargs)\n  File "/tmp/tmp8ibyni41.py", line 110, in forward\n    conv1d_kernel[grid](\n  File "/home/lijiaxing/.conda/envs/api/lib/python3.10/site-packages/triton/runtime/jit.py", line 390, in <lambda>\n    return lambda *args, **kwargs: self.run(grid=grid, warmup=False, *args, **kwargs)\n  File "/home/lijiaxing/.conda/envs/api/lib/python3.10/site-packages/triton/runtime/jit.py", line 594, in run\n    kernel = self.compile(src, target=target, options=options.__dict__)\n  File "/home/lijiaxing/.conda/envs/api/lib/python3.10/site-packages/triton/compiler/compiler.py", line 339, in compile\n    module = src.make_ir(options, codegen_fns, module_map, context)\n  File "/home/lijiaxing/.conda/envs/api/lib/python3.10/site-packages/triton/compiler/compiler.py", line 83, in make_ir\n    return ast_to_ttir(self.fn, self, context=context, options=options, codegen_fns=codegen_fns,\ntriton.compiler.errors.CompilationError: at 51:24:\n        for k in range(kernel_size):\n            input_pos = input_start + k * dilation\n            # Check boundary conditions using mask\n            within_bounds = (input_pos >= 0) & (input_pos < length)\n\n            for ic in range(in_channels_per_group):\n                c_in = g * in_channels_per_group + ic\n                x_offset = c_in * x_channel_stride + input_pos * x_length_stride\n                w_offset = c_out * w_out_stride + ic * w_in_stride + k * w_kernel_stride\n\n                # Use mask to avoid out-of-bound accesses\n                x_val = tl.load(x_ptr + x_offset, mask=within_bounds, other=0.0)\n                        ^\n\n\nThe above exception was the direct cause of the following exception:\n\nTraceback (most recent call last):\n  File "/home/lijiaxing/.conda/envs/api/lib/python3.10/site-packages/triton/language/core.py", line 42, in wrapper\n    return fn(*args, **kwargs)\n  File "/home/lijiaxing/.conda/envs/api/lib/python3.10/site-packages/triton/language/core.py", line 2150, in load\n    return _semantic.load(pointer, mask, other, boundary_check, padding_option, cache_modifier, eviction_policy,\n  File "/home/lijiaxing/.conda/envs/api/lib/python3.10/site-packages/triton/language/semantic.py", line 1086, in load\n    return self._load_legacy(ptr, mask, other, boundary_check, padding, cache, eviction, is_volatile)\n  File "/home/lijiaxing/.conda/envs/api/lib/python3.10/site-packages/triton/language/semantic.py", line 1017, in _load_legacy\n    raise ValueError(f"Unsupported ptr type {ptr.type.__repr__()} in `tl.load`")\nValueError: Unsupported ptr type triton.language.int64 in `tl.load`\n', 'runtime_error_name': 'triton.compiler.errors.CompilationError', 'reference_timing_ms': 0.0369, 'speed_up': -1.0, 'custom_timing': -1.0}, 'runtime': -1.0, 'runtime_stats': {}}}
2025-08-08 18:04:13,881 - openevolve.llm.ensemble - INFO - Sampled model: deepseek
2025-08-08 18:04:13,901 - openevolve.threaded_parallel - INFO - Iteration 8: Program 18a6c795-5cf0-48f3-b5cf-d2002518a691 (parent: 6597dfe1-fa23-4a2b-93bb-47d60bd4d1e0) completed in 408.30s
2025-08-08 18:04:13,901 - openevolve.threaded_parallel - INFO - Metrics: compiled=1.0000, correctness=0.0000, score=10.0000, stage=wrong_answer, verify_payload={'id': 'level1_67_conv_standard_1D', 'result': {'compiled': True, 'correctness': False, 'metadata': {'hardware': 'NVIDIA L20Y', 'device': 'cuda:7', 'runtime_error': 'Traceback (most recent call last):\n  File "/home/lijiaxing/.conda/envs/api/lib/python3.10/site-packages/triton/language/core.py", line 42, in wrapper\n    return fn(*args, **kwargs)\n  File "/home/lijiaxing/.conda/envs/api/lib/python3.10/site-packages/triton/language/core.py", line 2150, in load\n    return _semantic.load(pointer, mask, other, boundary_check, padding_option, cache_modifier, eviction_policy,\n  File "/home/lijiaxing/.conda/envs/api/lib/python3.10/site-packages/triton/language/semantic.py", line 1086, in load\n    return self._load_legacy(ptr, mask, other, boundary_check, padding, cache, eviction, is_volatile)\n  File "/home/lijiaxing/.conda/envs/api/lib/python3.10/site-packages/triton/language/semantic.py", line 1017, in _load_legacy\n    raise ValueError(f"Unsupported ptr type {ptr.type.__repr__()} in `tl.load`")\nValueError: Unsupported ptr type triton.language.int64 in `tl.load`\n\nThe above exception was the direct cause of the following exception:\n\nTraceback (most recent call last):\n  File "/cpfs01/shared/llm_kernel/hujiakai/KernelLLM/validation_api_server/helpers/evaluations.py", line 720, in run_and_check_correctness\n    output_new = model_new(*inputs)\n  File "/home/lijiaxing/.conda/envs/api/lib/python3.10/site-packages/torch/nn/modules/module.py", line 1773, in _wrapped_call_impl\n    return self._call_impl(*args, **kwargs)\n  File "/home/lijiaxing/.conda/envs/api/lib/python3.10/site-packages/torch/nn/modules/module.py", line 1784, in _call_impl\n    return forward_call(*args, **kwargs)\n  File "/tmp/tmp8ibyni41.py", line 110, in forward\n    conv1d_kernel[grid](\n  File "/home/lijiaxing/.conda/envs/api/lib/python3.10/site-packages/triton/runtime/jit.py", line 390, in <lambda>\n    return lambda *args, **kwargs: self.run(grid=grid, warmup=False, *args, **kwargs)\n  File "/home/lijiaxing/.conda/envs/api/lib/python3.10/site-packages/triton/runtime/jit.py", line 594, in run\n    kernel = self.compile(src, target=target, options=options.__dict__)\n  File "/home/lijiaxing/.conda/envs/api/lib/python3.10/site-packages/triton/compiler/compiler.py", line 339, in compile\n    module = src.make_ir(options, codegen_fns, module_map, context)\n  File "/home/lijiaxing/.conda/envs/api/lib/python3.10/site-packages/triton/compiler/compiler.py", line 83, in make_ir\n    return ast_to_ttir(self.fn, self, context=context, options=options, codegen_fns=codegen_fns,\ntriton.compiler.errors.CompilationError: at 51:24:\n        for k in range(kernel_size):\n            input_pos = input_start + k * dilation\n            # Check boundary conditions using mask\n            within_bounds = (input_pos >= 0) & (input_pos < length)\n\n            for ic in range(in_channels_per_group):\n                c_in = g * in_channels_per_group + ic\n                x_offset = c_in * x_channel_stride + input_pos * x_length_stride\n                w_offset = c_out * w_out_stride + ic * w_in_stride + k * w_kernel_stride\n\n                # Use mask to avoid out-of-bound accesses\n                x_val = tl.load(x_ptr + x_offset, mask=within_bounds, other=0.0)\n                        ^\n\n\nThe above exception was the direct cause of the following exception:\n\nTraceback (most recent call last):\n  File "/home/lijiaxing/.conda/envs/api/lib/python3.10/site-packages/triton/language/core.py", line 42, in wrapper\n    return fn(*args, **kwargs)\n  File "/home/lijiaxing/.conda/envs/api/lib/python3.10/site-packages/triton/language/core.py", line 2150, in load\n    return _semantic.load(pointer, mask, other, boundary_check, padding_option, cache_modifier, eviction_policy,\n  File "/home/lijiaxing/.conda/envs/api/lib/python3.10/site-packages/triton/language/semantic.py", line 1086, in load\n    return self._load_legacy(ptr, mask, other, boundary_check, padding, cache, eviction, is_volatile)\n  File "/home/lijiaxing/.conda/envs/api/lib/python3.10/site-packages/triton/language/semantic.py", line 1017, in _load_legacy\n    raise ValueError(f"Unsupported ptr type {ptr.type.__repr__()} in `tl.load`")\nValueError: Unsupported ptr type triton.language.int64 in `tl.load`\n', 'runtime_error_name': 'triton.compiler.errors.CompilationError', 'reference_timing_ms': 0.0369, 'speed_up': -1.0, 'custom_timing': -1.0}, 'runtime': -1.0, 'runtime_stats': {}}}
2025-08-08 18:09:15,661 - openevolve.RemoteSpeedupEvaluator - INFO - [level1_67_conv_standard_1D] triton key words check pass
2025-08-08 18:09:15,662 - openevolve.RemoteSpeedupEvaluator - INFO - [level1_67_conv_standard_1D] verify_plus payload: reference_code(1835 chars) + custom_code(5354 chars)
2025-08-08 18:09:19,151 - openevolve.RemoteSpeedupEvaluator - INFO - [level1_67_conv_standard_1D] verify_plus request success
2025-08-08 18:09:19,152 - openevolve.RemoteSpeedupEvaluator - INFO - [level1_67_conv_standard_1D] verify_plus response: {"id":"level1_67_conv_standard_1D","result":{"compiled":true,"correctness":true,"metadata":{"hardware":"NVIDIA L20Y","device":"cuda:2","correctness_trials":"(5 / 5)","reference_timing_ms":0.0369,"speed_up":0.412,"custom_timing":0.0896},"runtime":0.0896,"runtime_stats":{"mean":0.0896,"std":0.00376,"min":0.0852,"max":0.106,"num_trials":100,"hardware":"NVIDIA L20Y","device":"cuda:2"}}}
2025-08-08 18:09:19,152 - openevolve.RemoteSpeedupEvaluator - INFO - [level1_67_conv_standard_1D] âœ” success | speed_up=0.412  score=20.00
2025-08-08 18:09:19,152 - openevolve.evaluator - INFO - Evaluated program 302a8ba1-d6e6-47e7-a418-87cbed6d3191 in 3.49s: compiled=1.0000, correctness=1.0000, stage=success, passed=0.0000, score=20.0000, speed_up=0.4120, runtime_ms=0.0896, meta={'hardware': 'NVIDIA L20Y', 'device': 'cuda:2', 'correctness_trials': '(5 / 5)', 'reference_timing_ms': 0.0369, 'speed_up': 0.412, 'custom_timing': 0.0896}
2025-08-08 18:09:19,156 - openevolve.llm.ensemble - INFO - Sampled model: deepseek
2025-08-08 18:09:19,175 - openevolve.threaded_parallel - INFO - Iteration 6: Program 302a8ba1-d6e6-47e7-a418-87cbed6d3191 (parent: 6833464f-aecb-41e9-8104-da98dd2a3f74) completed in 956.16s
2025-08-08 18:09:19,175 - openevolve.threaded_parallel - INFO - Metrics: compiled=1.0000, correctness=1.0000, stage=success, passed=0.0000, score=20.0000, speed_up=0.4120, runtime_ms=0.0896, meta={'hardware': 'NVIDIA L20Y', 'device': 'cuda:2', 'correctness_trials': '(5 / 5)', 'reference_timing_ms': 0.0369, 'speed_up': 0.412, 'custom_timing': 0.0896}
2025-08-08 18:09:19,175 - openevolve.threaded_parallel - INFO - Checkpoint interval reached at iteration 6
2025-08-08 18:09:19,177 - openevolve.database - INFO - Island Status:
2025-08-08 18:09:19,177 - openevolve.database - INFO -  * Island 0: 4 programs, best=20.0000, avg=10.0000, diversity=674.05, gen=3 (best: f10c599e-865c-4dac-9034-51c06bc48caf)
2025-08-08 18:09:19,177 - openevolve.database - INFO -    Island 1: 3 programs, best=20.0000, avg=13.3333, diversity=50.67, gen=3 (best: 6833464f-aecb-41e9-8104-da98dd2a3f74)
2025-08-08 18:09:19,177 - openevolve.database - INFO -    Island 2: 3 programs, best=20.0000, avg=16.6667, diversity=305.87, gen=2 (best: 302a8ba1-d6e6-47e7-a418-87cbed6d3191)
2025-08-08 18:09:19,284 - openevolve.database - INFO - Saved database with 9 programs to openevolve_output/level1_67_conv_standard_1D/checkpoints/checkpoint_6
2025-08-08 18:09:19,300 - openevolve.controller - INFO - Saved best program at checkpoint 6 with metrics: compiled=1.0000, correctness=1.0000, stage=success, passed=0.0000, score=20.0000, speed_up=0.1010, runtime_ms=0.3670, meta={'hardware': 'NVIDIA L20Y', 'device': 'cuda:5', 'correctness_trials': '(5 / 5)', 'reference_timing_ms': 0.0369, 'speed_up': 0.101, 'custom_timing': 0.367}
2025-08-08 18:09:19,300 - openevolve.controller - INFO - Saved checkpoint at iteration 6 to openevolve_output/level1_67_conv_standard_1D/checkpoints/checkpoint_6
2025-08-08 18:12:14,680 - openevolve.RemoteSpeedupEvaluator - INFO - [level1_67_conv_standard_1D] triton key words check pass
2025-08-08 18:12:14,682 - openevolve.RemoteSpeedupEvaluator - INFO - [level1_67_conv_standard_1D] verify_plus payload: reference_code(1835 chars) + custom_code(6104 chars)
2025-08-08 18:12:17,552 - openevolve.RemoteSpeedupEvaluator - INFO - [level1_67_conv_standard_1D] verify_plus request success
2025-08-08 18:12:17,553 - openevolve.RemoteSpeedupEvaluator - INFO - [level1_67_conv_standard_1D] verify_plus response: {"id":"level1_67_conv_standard_1D","result":{"compiled":true,"correctness":false,"metadata":{"hardware":"NVIDIA L20Y","device":"cuda:0","runtime_error":"Traceback (most recent call last):\n  File \"/home/lijiaxing/.conda/envs/api/lib/python3.10/site-packages/triton/language/core.py\", line 42, in wrapper\n    return fn(*args, **kwargs)\n  File \"/home/lijiaxing/.conda/envs/api/lib/python3.10/site-packages/triton/language/core.py\", line 1654, in arange\n    return _semantic.arange(start, end)\n  File \"/home/lijiaxing/.conda/envs/api/lib/python3.10/site-packages/triton/language/semantic.py\", line 574, in arange\n    raise ValueError(\"arange's arguments must be of type tl.constexpr\")\nValueError: arange's arguments must be of type tl.constexpr\n\nThe above exception was the direct cause 
2025-08-08 18:12:17,553 - openevolve.RemoteSpeedupEvaluator - INFO - [level1_67_conv_standard_1D] âœ˜ wrong_answer
2025-08-08 18:12:17,553 - openevolve.evaluator - INFO - Evaluated program b97a0067-f114-4551-93eb-b863015db645 in 2.87s: compiled=1.0000, correctness=0.0000, score=10.0000, stage=wrong_answer, verify_payload={'id': 'level1_67_conv_standard_1D', 'result': {'compiled': True, 'correctness': False, 'metadata': {'hardware': 'NVIDIA L20Y', 'device': 'cuda:0', 'runtime_error': 'Traceback (most recent call last):\n  File "/home/lijiaxing/.conda/envs/api/lib/python3.10/site-packages/triton/language/core.py", line 42, in wrapper\n    return fn(*args, **kwargs)\n  File "/home/lijiaxing/.conda/envs/api/lib/python3.10/site-packages/triton/language/core.py", line 1654, in arange\n    return _semantic.arange(start, end)\n  File "/home/lijiaxing/.conda/envs/api/lib/python3.10/site-packages/triton/language/semantic.py", line 574, in arange\n    raise ValueError("arange\'s arguments must be of type tl.constexpr")\nValueError: arange\'s arguments must be of type tl.constexpr\n\nThe above exception was the direct cause of the following exception:\n\nTraceback (most recent call last):\n  File "/cpfs01/shared/llm_kernel/hujiakai/KernelLLM/validation_api_server/helpers/evaluations.py", line 720, in run_and_check_correctness\n    output_new = model_new(*inputs)\n  File "/home/lijiaxing/.conda/envs/api/lib/python3.10/site-packages/torch/nn/modules/module.py", line 1773, in _wrapped_call_impl\n    return self._call_impl(*args, **kwargs)\n  File "/home/lijiaxing/.conda/envs/api/lib/python3.10/site-packages/torch/nn/modules/module.py", line 1784, in _call_impl\n    return forward_call(*args, **kwargs)\n  File "/tmp/tmp79a0tbuj.py", line 135, in forward\n    conv1d_kernel[grid](\n  File "/home/lijiaxing/.conda/envs/api/lib/python3.10/site-packages/triton/runtime/jit.py", line 390, in <lambda>\n    return lambda *args, **kwargs: self.run(grid=grid, warmup=False, *args, **kwargs)\n  File "/home/lijiaxing/.conda/envs/api/lib/python3.10/site-packages/triton/runtime/jit.py", line 594, in run\n    kernel = self.compile(src, target=target, options=options.__dict__)\n  File "/home/lijiaxing/.conda/envs/api/lib/python3.10/site-packages/triton/compiler/compiler.py", line 339, in compile\n    module = src.make_ir(options, codegen_fns, module_map, context)\n  File "/home/lijiaxing/.conda/envs/api/lib/python3.10/site-packages/triton/compiler/compiler.py", line 83, in make_ir\n    return ast_to_ttir(self.fn, self, context=context, options=options, codegen_fns=codegen_fns,\ntriton.compiler.errors.CompilationError: at 32:37:\n    # New grid dimensions\n    pid_batch = tl.program_id(0)   # batch index\n    pid_oc = tl.program_id(1)       # output channel block index\n    pid_ol = tl.program_id(2)       # output position block index\n\n    # Define block sizes for output channels and positions\n    BLOCK_OC = 64\n    BLOCK_LEN = 32\n\n    # Compute offsets for current block\n    batch_idx = pid_batch\n    oc_offsets = pid_oc * BLOCK_OC + tl.arange(0, BLOCK_OC)\n                                     ^\n\n\nThe above exception was the direct cause of the following exception:\n\nTraceback (most recent call last):\n  File "/home/lijiaxing/.conda/envs/api/lib/python3.10/site-packages/triton/language/core.py", line 42, in wrapper\n    return fn(*args, **kwargs)\n  File "/home/lijiaxing/.conda/envs/api/lib/python3.10/site-packages/triton/language/core.py", line 1654, in arange\n    return _semantic.arange(start, end)\n  File "/home/lijiaxing/.conda/envs/api/lib/python3.10/site-packages/triton/language/semantic.py", line 574, in arange\n    raise ValueError("arange\'s arguments must be of type tl.constexpr")\nValueError: arange\'s arguments must be of type tl.constexpr\n', 'runtime_error_name': 'triton.compiler.errors.CompilationError', 'reference_timing_ms': 0.0369, 'speed_up': -1.0, 'custom_timing': -1.0}, 'runtime': -1.0, 'runtime_stats': {}}}
2025-08-08 18:12:17,557 - openevolve.llm.ensemble - INFO - Sampled model: deepseek
2025-08-08 18:12:17,576 - openevolve.threaded_parallel - INFO - Iteration 7: Program b97a0067-f114-4551-93eb-b863015db645 (parent: 6833464f-aecb-41e9-8104-da98dd2a3f74) completed in 1081.23s
2025-08-08 18:12:17,576 - openevolve.threaded_parallel - INFO - Metrics: compiled=1.0000, correctness=0.0000, score=10.0000, stage=wrong_answer, verify_payload={'id': 'level1_67_conv_standard_1D', 'result': {'compiled': True, 'correctness': False, 'metadata': {'hardware': 'NVIDIA L20Y', 'device': 'cuda:0', 'runtime_error': 'Traceback (most recent call last):\n  File "/home/lijiaxing/.conda/envs/api/lib/python3.10/site-packages/triton/language/core.py", line 42, in wrapper\n    return fn(*args, **kwargs)\n  File "/home/lijiaxing/.conda/envs/api/lib/python3.10/site-packages/triton/language/core.py", line 1654, in arange\n    return _semantic.arange(start, end)\n  File "/home/lijiaxing/.conda/envs/api/lib/python3.10/site-packages/triton/language/semantic.py", line 574, in arange\n    raise ValueError("arange\'s arguments must be of type tl.constexpr")\nValueError: arange\'s arguments must be of type tl.constexpr\n\nThe above exception was the direct cause of the following exception:\n\nTraceback (most recent call last):\n  File "/cpfs01/shared/llm_kernel/hujiakai/KernelLLM/validation_api_server/helpers/evaluations.py", line 720, in run_and_check_correctness\n    output_new = model_new(*inputs)\n  File "/home/lijiaxing/.conda/envs/api/lib/python3.10/site-packages/torch/nn/modules/module.py", line 1773, in _wrapped_call_impl\n    return self._call_impl(*args, **kwargs)\n  File "/home/lijiaxing/.conda/envs/api/lib/python3.10/site-packages/torch/nn/modules/module.py", line 1784, in _call_impl\n    return forward_call(*args, **kwargs)\n  File "/tmp/tmp79a0tbuj.py", line 135, in forward\n    conv1d_kernel[grid](\n  File "/home/lijiaxing/.conda/envs/api/lib/python3.10/site-packages/triton/runtime/jit.py", line 390, in <lambda>\n    return lambda *args, **kwargs: self.run(grid=grid, warmup=False, *args, **kwargs)\n  File "/home/lijiaxing/.conda/envs/api/lib/python3.10/site-packages/triton/runtime/jit.py", line 594, in run\n    kernel = self.compile(src, target=target, options=options.__dict__)\n  File "/home/lijiaxing/.conda/envs/api/lib/python3.10/site-packages/triton/compiler/compiler.py", line 339, in compile\n    module = src.make_ir(options, codegen_fns, module_map, context)\n  File "/home/lijiaxing/.conda/envs/api/lib/python3.10/site-packages/triton/compiler/compiler.py", line 83, in make_ir\n    return ast_to_ttir(self.fn, self, context=context, options=options, codegen_fns=codegen_fns,\ntriton.compiler.errors.CompilationError: at 32:37:\n    # New grid dimensions\n    pid_batch = tl.program_id(0)   # batch index\n    pid_oc = tl.program_id(1)       # output channel block index\n    pid_ol = tl.program_id(2)       # output position block index\n\n    # Define block sizes for output channels and positions\n    BLOCK_OC = 64\n    BLOCK_LEN = 32\n\n    # Compute offsets for current block\n    batch_idx = pid_batch\n    oc_offsets = pid_oc * BLOCK_OC + tl.arange(0, BLOCK_OC)\n                                     ^\n\n\nThe above exception was the direct cause of the following exception:\n\nTraceback (most recent call last):\n  File "/home/lijiaxing/.conda/envs/api/lib/python3.10/site-packages/triton/language/core.py", line 42, in wrapper\n    return fn(*args, **kwargs)\n  File "/home/lijiaxing/.conda/envs/api/lib/python3.10/site-packages/triton/language/core.py", line 1654, in arange\n    return _semantic.arange(start, end)\n  File "/home/lijiaxing/.conda/envs/api/lib/python3.10/site-packages/triton/language/semantic.py", line 574, in arange\n    raise ValueError("arange\'s arguments must be of type tl.constexpr")\nValueError: arange\'s arguments must be of type tl.constexpr\n', 'runtime_error_name': 'triton.compiler.errors.CompilationError', 'reference_timing_ms': 0.0369, 'speed_up': -1.0, 'custom_timing': -1.0}, 'runtime': -1.0, 'runtime_stats': {}}}
2025-08-08 18:12:49,785 - openevolve.RemoteSpeedupEvaluator - INFO - [level1_67_conv_standard_1D] triton key words check pass
2025-08-08 18:12:49,787 - openevolve.RemoteSpeedupEvaluator - INFO - [level1_67_conv_standard_1D] verify_plus payload: reference_code(1835 chars) + custom_code(4826 chars)
2025-08-08 18:13:04,134 - openevolve.RemoteSpeedupEvaluator - INFO - [level1_67_conv_standard_1D] verify_plus request success
2025-08-08 18:13:04,134 - openevolve.RemoteSpeedupEvaluator - INFO - [level1_67_conv_standard_1D] verify_plus response: {"id":"level1_67_conv_standard_1D","result":{"compiled":true,"correctness":false,"metadata":{"hardware":"NVIDIA L20Y","device":"cuda:5","max_difference":["3.253876","4.645291","4.369408","5.076824","4.423393"],"avg_difference":["0.458808","0.643976","0.649726","0.652944","0.646850"],"correctness_issue":"Output mismatch","correctness_trials":"(0 / 5)","reference_timing_ms":0.0369,"speed_up":-1.0,"custom_timing":-1.0},"runtime":-1.0,"runtime_stats":{}}}
2025-08-08 18:13:04,134 - openevolve.RemoteSpeedupEvaluator - INFO - [level1_67_conv_standard_1D] âœ˜ wrong_answer
2025-08-08 18:13:04,134 - openevolve.evaluator - INFO - Evaluated program 4dc0cb89-df90-45fd-a8e5-1fcba0594350 in 14.35s: compiled=1.0000, correctness=0.0000, score=10.0000, stage=wrong_answer, verify_payload={'id': 'level1_67_conv_standard_1D', 'result': {'compiled': True, 'correctness': False, 'metadata': {'hardware': 'NVIDIA L20Y', 'device': 'cuda:5', 'max_difference': ['3.253876', '4.645291', '4.369408', '5.076824', '4.423393'], 'avg_difference': ['0.458808', '0.643976', '0.649726', '0.652944', '0.646850'], 'correctness_issue': 'Output mismatch', 'correctness_trials': '(0 / 5)', 'reference_timing_ms': 0.0369, 'speed_up': -1.0, 'custom_timing': -1.0}, 'runtime': -1.0, 'runtime_stats': {}}}
2025-08-08 18:13:04,138 - openevolve.llm.ensemble - INFO - Sampled model: deepseek
2025-08-08 18:13:04,148 - openevolve.threaded_parallel - INFO - Iteration 9: Program 4dc0cb89-df90-45fd-a8e5-1fcba0594350 (parent: 436389c6-37b5-4b1c-82cf-a1f3ce51fe88) completed in 530.25s
2025-08-08 18:13:04,148 - openevolve.threaded_parallel - INFO - Metrics: compiled=1.0000, correctness=0.0000, score=10.0000, stage=wrong_answer, verify_payload={'id': 'level1_67_conv_standard_1D', 'result': {'compiled': True, 'correctness': False, 'metadata': {'hardware': 'NVIDIA L20Y', 'device': 'cuda:5', 'max_difference': ['3.253876', '4.645291', '4.369408', '5.076824', '4.423393'], 'avg_difference': ['0.458808', '0.643976', '0.649726', '0.652944', '0.646850'], 'correctness_issue': 'Output mismatch', 'correctness_trials': '(0 / 5)', 'reference_timing_ms': 0.0369, 'speed_up': -1.0, 'custom_timing': -1.0}, 'runtime': -1.0, 'runtime_stats': {}}}
2025-08-08 18:13:04,148 - openevolve.threaded_parallel - INFO - Checkpoint interval reached at iteration 9
2025-08-08 18:13:04,150 - openevolve.database - INFO - Island Status:
2025-08-08 18:13:04,151 - openevolve.database - INFO -    Island 0: 5 programs, best=20.0000, avg=10.0000, diversity=569.23, gen=3 (best: f10c599e-865c-4dac-9034-51c06bc48caf)
2025-08-08 18:13:04,151 - openevolve.database - INFO -    Island 1: 4 programs, best=20.0000, avg=12.5000, diversity=52.17, gen=4 (best: 6833464f-aecb-41e9-8104-da98dd2a3f74)
2025-08-08 18:13:04,151 - openevolve.database - INFO -  * Island 2: 3 programs, best=20.0000, avg=16.6667, diversity=305.87, gen=3 (best: 302a8ba1-d6e6-47e7-a418-87cbed6d3191)
2025-08-08 18:13:04,279 - openevolve.database - INFO - Saved database with 11 programs to openevolve_output/level1_67_conv_standard_1D/checkpoints/checkpoint_9
2025-08-08 18:13:04,295 - openevolve.controller - INFO - Saved best program at checkpoint 9 with metrics: compiled=1.0000, correctness=1.0000, stage=success, passed=0.0000, score=20.0000, speed_up=0.1010, runtime_ms=0.3670, meta={'hardware': 'NVIDIA L20Y', 'device': 'cuda:5', 'correctness_trials': '(5 / 5)', 'reference_timing_ms': 0.0369, 'speed_up': 0.101, 'custom_timing': 0.367}
2025-08-08 18:13:04,296 - openevolve.controller - INFO - Saved checkpoint at iteration 9 to openevolve_output/level1_67_conv_standard_1D/checkpoints/checkpoint_9
2025-08-08 18:21:16,274 - openevolve.RemoteSpeedupEvaluator - INFO - [level1_67_conv_standard_1D] triton key words check pass
2025-08-08 18:21:16,276 - openevolve.RemoteSpeedupEvaluator - INFO - [level1_67_conv_standard_1D] verify_plus payload: reference_code(1835 chars) + custom_code(5890 chars)
2025-08-08 18:21:19,142 - openevolve.RemoteSpeedupEvaluator - INFO - [level1_67_conv_standard_1D] verify_plus request success
2025-08-08 18:21:19,142 - openevolve.RemoteSpeedupEvaluator - INFO - [level1_67_conv_standard_1D] verify_plus response: {"id":"level1_67_conv_standard_1D","result":{"compiled":true,"correctness":false,"metadata":{"hardware":"NVIDIA L20Y","device":"cuda:4","runtime_error":"Traceback (most recent call last):\n  File \"/home/lijiaxing/.conda/envs/api/lib/python3.10/site-packages/triton/language/core.py\", line 42, in wrapper\n    return fn(*args, **kwargs)\n  File \"/home/lijiaxing/.conda/envs/api/lib/python3.10/site-packages/triton/language/core.py\", line 2045, in dot\n    return _semantic.dot(input, other, acc, input_precision, max_num_imprecise_acc, out_dtype)\n  File \"/home/lijiaxing/.conda/envs/api/lib/python3.10/site-packages/triton/language/semantic.py\", line 1497, in dot\n    assert lhs_rank == rhs_rank == 2 or lhs_rank == rhs_rank == 3, f\"Both inputs must be either 2D or 3D; (lhs: {lhs.shape} vs r
2025-08-08 18:21:19,142 - openevolve.RemoteSpeedupEvaluator - INFO - [level1_67_conv_standard_1D] âœ˜ wrong_answer
2025-08-08 18:21:19,142 - openevolve.evaluator - INFO - Evaluated program a46aa6ce-f2de-4555-8a92-74edbb69ab97 in 2.87s: compiled=1.0000, correctness=0.0000, score=10.0000, stage=wrong_answer, verify_payload={'id': 'level1_67_conv_standard_1D', 'result': {'compiled': True, 'correctness': False, 'metadata': {'hardware': 'NVIDIA L20Y', 'device': 'cuda:4', 'runtime_error': 'Traceback (most recent call last):\n  File "/home/lijiaxing/.conda/envs/api/lib/python3.10/site-packages/triton/language/core.py", line 42, in wrapper\n    return fn(*args, **kwargs)\n  File "/home/lijiaxing/.conda/envs/api/lib/python3.10/site-packages/triton/language/core.py", line 2045, in dot\n    return _semantic.dot(input, other, acc, input_precision, max_num_imprecise_acc, out_dtype)\n  File "/home/lijiaxing/.conda/envs/api/lib/python3.10/site-packages/triton/language/semantic.py", line 1497, in dot\n    assert lhs_rank == rhs_rank == 2 or lhs_rank == rhs_rank == 3, f"Both inputs must be either 2D or 3D; (lhs: {lhs.shape} vs rhs: {rhs.shape})"\nAssertionError: Both inputs must be either 2D or 3D; (lhs: [\'constexpr[16]\'] vs rhs: [\'constexpr[16]\'])\n\nThe above exception was the direct cause of the following exception:\n\nTraceback (most recent call last):\n  File "/cpfs01/shared/llm_kernel/hujiakai/KernelLLM/validation_api_server/helpers/evaluations.py", line 720, in run_and_check_correctness\n    output_new = model_new(*inputs)\n  File "/home/lijiaxing/.conda/envs/api/lib/python3.10/site-packages/torch/nn/modules/module.py", line 1773, in _wrapped_call_impl\n    return self._call_impl(*args, **kwargs)\n  File "/home/lijiaxing/.conda/envs/api/lib/python3.10/site-packages/torch/nn/modules/module.py", line 1784, in _call_impl\n    return forward_call(*args, **kwargs)\n  File "/tmp/tmpdf963_hv.py", line 128, in forward\n    conv1d_kernel[grid](\n  File "/home/lijiaxing/.conda/envs/api/lib/python3.10/site-packages/triton/runtime/jit.py", line 390, in <lambda>\n    return lambda *args, **kwargs: self.run(grid=grid, warmup=False, *args, **kwargs)\n  File "/home/lijiaxing/.conda/envs/api/lib/python3.10/site-packages/triton/runtime/jit.py", line 594, in run\n    kernel = self.compile(src, target=target, options=options.__dict__)\n  File "/home/lijiaxing/.conda/envs/api/lib/python3.10/site-packages/triton/compiler/compiler.py", line 339, in compile\n    module = src.make_ir(options, codegen_fns, module_map, context)\n  File "/home/lijiaxing/.conda/envs/api/lib/python3.10/site-packages/triton/compiler/compiler.py", line 83, in make_ir\n    return ast_to_ttir(self.fn, self, context=context, options=options, codegen_fns=codegen_fns,\ntriton.compiler.errors.CompilationError: at 61:10:\n    # Compute input and weight pointers\n    input_ptrs = x_batch_ptr + (ic_offsets[:, None] * stride_x_in) + (pos[None, :] * stride_x_len)\n    weight_ptrs = weight_oc_ptr + (ic_offsets[:, None] * stride_weight_ic) + (d_offsets[None, :] * stride_weight_k)\n\n    # Load and compute using vectorization\n    input_vals = tl.load(input_ptrs, mask=full_mask, other=0.0)\n    weight_vals = tl.load(weight_ptrs, mask=full_mask, other=0.0)\n\n    # Use tensor core optimized dot product\n    input_vec = tl.reshape(input_vals, (BLOCK_IC * BLOCK_K,))\n    weight_vec = tl.reshape(weight_vals, (BLOCK_IC * BLOCK_K,))\n    acc = tl.dot(input_vec, weight_vec)\n          ^\n\n\nThe above exception was the direct cause of the following exception:\n\nTraceback (most recent call last):\n  File "/home/lijiaxing/.conda/envs/api/lib/python3.10/site-packages/triton/language/core.py", line 42, in wrapper\n    return fn(*args, **kwargs)\n  File "/home/lijiaxing/.conda/envs/api/lib/python3.10/site-packages/triton/language/core.py", line 2045, in dot\n    return _semantic.dot(input, other, acc, input_precision, max_num_imprecise_acc, out_dtype)\n  File "/home/lijiaxing/.conda/envs/api/lib/python3.10/site-packages/triton/language/semantic.py", line 1497, in dot\n    assert lhs_rank == rhs_rank == 2 or lhs_rank == rhs_rank == 3, f"Both inputs must be either 2D or 3D; (lhs: {lhs.shape} vs rhs: {rhs.shape})"\nAssertionError: Both inputs must be either 2D or 3D; (lhs: [\'constexpr[16]\'] vs rhs: [\'constexpr[16]\'])\n', 'runtime_error_name': 'triton.compiler.errors.CompilationError', 'reference_timing_ms': 0.0369, 'speed_up': -1.0, 'custom_timing': -1.0}, 'runtime': -1.0, 'runtime_stats': {}}}
2025-08-08 18:21:19,146 - openevolve.llm.ensemble - INFO - Sampled model: deepseek
2025-08-08 18:21:19,163 - openevolve.threaded_parallel - INFO - Iteration 10: Program a46aa6ce-f2de-4555-8a92-74edbb69ab97 (parent: 6833464f-aecb-41e9-8104-da98dd2a3f74) completed in 719.99s
2025-08-08 18:21:19,163 - openevolve.threaded_parallel - INFO - Metrics: compiled=1.0000, correctness=0.0000, score=10.0000, stage=wrong_answer, verify_payload={'id': 'level1_67_conv_standard_1D', 'result': {'compiled': True, 'correctness': False, 'metadata': {'hardware': 'NVIDIA L20Y', 'device': 'cuda:4', 'runtime_error': 'Traceback (most recent call last):\n  File "/home/lijiaxing/.conda/envs/api/lib/python3.10/site-packages/triton/language/core.py", line 42, in wrapper\n    return fn(*args, **kwargs)\n  File "/home/lijiaxing/.conda/envs/api/lib/python3.10/site-packages/triton/language/core.py", line 2045, in dot\n    return _semantic.dot(input, other, acc, input_precision, max_num_imprecise_acc, out_dtype)\n  File "/home/lijiaxing/.conda/envs/api/lib/python3.10/site-packages/triton/language/semantic.py", line 1497, in dot\n    assert lhs_rank == rhs_rank == 2 or lhs_rank == rhs_rank == 3, f"Both inputs must be either 2D or 3D; (lhs: {lhs.shape} vs rhs: {rhs.shape})"\nAssertionError: Both inputs must be either 2D or 3D; (lhs: [\'constexpr[16]\'] vs rhs: [\'constexpr[16]\'])\n\nThe above exception was the direct cause of the following exception:\n\nTraceback (most recent call last):\n  File "/cpfs01/shared/llm_kernel/hujiakai/KernelLLM/validation_api_server/helpers/evaluations.py", line 720, in run_and_check_correctness\n    output_new = model_new(*inputs)\n  File "/home/lijiaxing/.conda/envs/api/lib/python3.10/site-packages/torch/nn/modules/module.py", line 1773, in _wrapped_call_impl\n    return self._call_impl(*args, **kwargs)\n  File "/home/lijiaxing/.conda/envs/api/lib/python3.10/site-packages/torch/nn/modules/module.py", line 1784, in _call_impl\n    return forward_call(*args, **kwargs)\n  File "/tmp/tmpdf963_hv.py", line 128, in forward\n    conv1d_kernel[grid](\n  File "/home/lijiaxing/.conda/envs/api/lib/python3.10/site-packages/triton/runtime/jit.py", line 390, in <lambda>\n    return lambda *args, **kwargs: self.run(grid=grid, warmup=False, *args, **kwargs)\n  File "/home/lijiaxing/.conda/envs/api/lib/python3.10/site-packages/triton/runtime/jit.py", line 594, in run\n    kernel = self.compile(src, target=target, options=options.__dict__)\n  File "/home/lijiaxing/.conda/envs/api/lib/python3.10/site-packages/triton/compiler/compiler.py", line 339, in compile\n    module = src.make_ir(options, codegen_fns, module_map, context)\n  File "/home/lijiaxing/.conda/envs/api/lib/python3.10/site-packages/triton/compiler/compiler.py", line 83, in make_ir\n    return ast_to_ttir(self.fn, self, context=context, options=options, codegen_fns=codegen_fns,\ntriton.compiler.errors.CompilationError: at 61:10:\n    # Compute input and weight pointers\n    input_ptrs = x_batch_ptr + (ic_offsets[:, None] * stride_x_in) + (pos[None, :] * stride_x_len)\n    weight_ptrs = weight_oc_ptr + (ic_offsets[:, None] * stride_weight_ic) + (d_offsets[None, :] * stride_weight_k)\n\n    # Load and compute using vectorization\n    input_vals = tl.load(input_ptrs, mask=full_mask, other=0.0)\n    weight_vals = tl.load(weight_ptrs, mask=full_mask, other=0.0)\n\n    # Use tensor core optimized dot product\n    input_vec = tl.reshape(input_vals, (BLOCK_IC * BLOCK_K,))\n    weight_vec = tl.reshape(weight_vals, (BLOCK_IC * BLOCK_K,))\n    acc = tl.dot(input_vec, weight_vec)\n          ^\n\n\nThe above exception was the direct cause of the following exception:\n\nTraceback (most recent call last):\n  File "/home/lijiaxing/.conda/envs/api/lib/python3.10/site-packages/triton/language/core.py", line 42, in wrapper\n    return fn(*args, **kwargs)\n  File "/home/lijiaxing/.conda/envs/api/lib/python3.10/site-packages/triton/language/core.py", line 2045, in dot\n    return _semantic.dot(input, other, acc, input_precision, max_num_imprecise_acc, out_dtype)\n  File "/home/lijiaxing/.conda/envs/api/lib/python3.10/site-packages/triton/language/semantic.py", line 1497, in dot\n    assert lhs_rank == rhs_rank == 2 or lhs_rank == rhs_rank == 3, f"Both inputs must be either 2D or 3D; (lhs: {lhs.shape} vs rhs: {rhs.shape})"\nAssertionError: Both inputs must be either 2D or 3D; (lhs: [\'constexpr[16]\'] vs rhs: [\'constexpr[16]\'])\n', 'runtime_error_name': 'triton.compiler.errors.CompilationError', 'reference_timing_ms': 0.0369, 'speed_up': -1.0, 'custom_timing': -1.0}, 'runtime': -1.0, 'runtime_stats': {}}}
2025-08-08 18:26:44,428 - openevolve.RemoteSpeedupEvaluator - INFO - [level1_67_conv_standard_1D] âœ˜ invalid_answer 'tl.load' is not found
2025-08-08 18:26:44,430 - openevolve.evaluator - INFO - Evaluated program ba1e7d61-19d7-4bd2-a2e4-11ef9135a1aa in 0.00s: compiled=0.0000, correctness=0.0000, score=-100.0000, stage=no_valid_triton_code, feedback=You need to generate real and valid triton code for the core function. The key word 'tl.load' is not found.
2025-08-08 18:26:44,434 - openevolve.llm.ensemble - INFO - Sampled model: deepseek
2025-08-08 18:26:44,436 - openevolve.database - INFO - New MAP-Elites cell occupied: {'score': -1000, 'complexity': 0}
2025-08-08 18:26:44,444 - openevolve.threaded_parallel - INFO - Iteration 12: Program ba1e7d61-19d7-4bd2-a2e4-11ef9135a1aa (parent: 6833464f-aecb-41e9-8104-da98dd2a3f74) completed in 820.29s
2025-08-08 18:26:44,444 - openevolve.threaded_parallel - INFO - Metrics: compiled=0.0000, correctness=0.0000, score=-100.0000, stage=no_valid_triton_code, feedback=You need to generate real and valid triton code for the core function. The key word 'tl.load' is not found.
2025-08-08 18:26:44,444 - openevolve.threaded_parallel - INFO - Checkpoint interval reached at iteration 12
2025-08-08 18:26:44,446 - openevolve.database - INFO - Island Status:
2025-08-08 18:26:44,446 - openevolve.database - INFO -    Island 0: 6 programs, best=20.0000, avg=-8.3333, diversity=809.12, gen=4 (best: f10c599e-865c-4dac-9034-51c06bc48caf)
2025-08-08 18:26:44,446 - openevolve.database - INFO -  * Island 1: 4 programs, best=20.0000, avg=12.5000, diversity=52.17, gen=5 (best: 6833464f-aecb-41e9-8104-da98dd2a3f74)
2025-08-08 18:26:44,446 - openevolve.database - INFO -    Island 2: 4 programs, best=20.0000, avg=15.0000, diversity=304.08, gen=3 (best: 302a8ba1-d6e6-47e7-a418-87cbed6d3191)
2025-08-08 18:26:44,594 - openevolve.database - INFO - Saved database with 13 programs to openevolve_output/level1_67_conv_standard_1D/checkpoints/checkpoint_12
2025-08-08 18:26:44,610 - openevolve.controller - INFO - Saved best program at checkpoint 12 with metrics: compiled=1.0000, correctness=1.0000, stage=success, passed=0.0000, score=20.0000, speed_up=0.1010, runtime_ms=0.3670, meta={'hardware': 'NVIDIA L20Y', 'device': 'cuda:5', 'correctness_trials': '(5 / 5)', 'reference_timing_ms': 0.0369, 'speed_up': 0.101, 'custom_timing': 0.367}
2025-08-08 18:26:44,610 - openevolve.controller - INFO - Saved checkpoint at iteration 12 to openevolve_output/level1_67_conv_standard_1D/checkpoints/checkpoint_12
2025-08-08 18:32:39,410 - openevolve.RemoteSpeedupEvaluator - INFO - [level1_67_conv_standard_1D] triton key words check pass
2025-08-08 18:32:39,412 - openevolve.RemoteSpeedupEvaluator - INFO - [level1_67_conv_standard_1D] verify_plus payload: reference_code(1835 chars) + custom_code(5354 chars)
2025-08-08 18:32:42,424 - openevolve.RemoteSpeedupEvaluator - INFO - [level1_67_conv_standard_1D] verify_plus request success
2025-08-08 18:32:42,425 - openevolve.RemoteSpeedupEvaluator - INFO - [level1_67_conv_standard_1D] verify_plus response: {"id":"level1_67_conv_standard_1D","result":{"compiled":true,"correctness":true,"metadata":{"hardware":"NVIDIA L20Y","device":"cuda:3","correctness_trials":"(5 / 5)","reference_timing_ms":0.0369,"speed_up":0.417,"custom_timing":0.0885},"runtime":0.0885,"runtime_stats":{"mean":0.0885,"std":0.00211,"min":0.0855,"max":0.0978,"num_trials":100,"hardware":"NVIDIA L20Y","device":"cuda:3"}}}
2025-08-08 18:32:42,425 - openevolve.RemoteSpeedupEvaluator - INFO - [level1_67_conv_standard_1D] âœ” success | speed_up=0.417  score=20.00
2025-08-08 18:32:42,425 - openevolve.evaluator - INFO - Evaluated program 59819118-f27c-47ff-b92f-a7d71bf7cae5 in 3.02s: compiled=1.0000, correctness=1.0000, stage=success, passed=0.0000, score=20.0000, speed_up=0.4170, runtime_ms=0.0885, meta={'hardware': 'NVIDIA L20Y', 'device': 'cuda:3', 'correctness_trials': '(5 / 5)', 'reference_timing_ms': 0.0369, 'speed_up': 0.417, 'custom_timing': 0.0885}
2025-08-08 18:32:42,427 - openevolve.database - INFO - MAP-Elites cell improved: {'score': 9, 'complexity': 8} (fitness: 10.000 -> 20.000)
2025-08-08 18:32:42,429 - openevolve.llm.ensemble - INFO - Sampled model: deepseek
2025-08-08 18:32:42,441 - openevolve.threaded_parallel - INFO - Iteration 13: Program 59819118-f27c-47ff-b92f-a7d71bf7cae5 (parent: 1ffc83cf-ff79-404b-931b-6fe986392008) completed in 683.28s
2025-08-08 18:32:42,441 - openevolve.threaded_parallel - INFO - Metrics: compiled=1.0000, correctness=1.0000, stage=success, passed=0.0000, score=20.0000, speed_up=0.4170, runtime_ms=0.0885, meta={'hardware': 'NVIDIA L20Y', 'device': 'cuda:3', 'correctness_trials': '(5 / 5)', 'reference_timing_ms': 0.0369, 'speed_up': 0.417, 'custom_timing': 0.0885}
2025-08-08 18:33:43,266 - openevolve.RemoteSpeedupEvaluator - INFO - [level1_67_conv_standard_1D] triton key words check pass
2025-08-08 18:33:43,268 - openevolve.RemoteSpeedupEvaluator - INFO - [level1_67_conv_standard_1D] verify_plus payload: reference_code(1835 chars) + custom_code(4596 chars)
2025-08-08 18:33:46,311 - openevolve.RemoteSpeedupEvaluator - INFO - [level1_67_conv_standard_1D] verify_plus request success
2025-08-08 18:33:46,311 - openevolve.RemoteSpeedupEvaluator - INFO - [level1_67_conv_standard_1D] verify_plus response: {"id":"level1_67_conv_standard_1D","result":{"compiled":true,"correctness":false,"metadata":{"hardware":"NVIDIA L20Y","device":"cuda:2","runtime_error":"Traceback (most recent call last):\n  File \"/home/lijiaxing/.conda/envs/api/lib/python3.10/site-packages/triton/language/core.py\", line 42, in wrapper\n    return fn(*args, **kwargs)\n  File \"/home/lijiaxing/.conda/envs/api/lib/python3.10/site-packages/triton/language/core.py\", line 1654, in arange\n    return _semantic.arange(start, end)\n  File \"/home/lijiaxing/.conda/envs/api/lib/python3.10/site-packages/triton/language/semantic.py\", line 574, in arange\n    raise ValueError(\"arange's arguments must be of type tl.constexpr\")\nValueError: arange's arguments must be of type tl.constexpr\n\nThe above exception was the direct cause 
2025-08-08 18:33:46,311 - openevolve.RemoteSpeedupEvaluator - INFO - [level1_67_conv_standard_1D] âœ˜ wrong_answer
2025-08-08 18:33:46,312 - openevolve.evaluator - INFO - Evaluated program 5e21b2e0-5260-4c16-8e07-5694865a76e3 in 3.05s: compiled=1.0000, correctness=0.0000, score=10.0000, stage=wrong_answer, verify_payload={'id': 'level1_67_conv_standard_1D', 'result': {'compiled': True, 'correctness': False, 'metadata': {'hardware': 'NVIDIA L20Y', 'device': 'cuda:2', 'runtime_error': 'Traceback (most recent call last):\n  File "/home/lijiaxing/.conda/envs/api/lib/python3.10/site-packages/triton/language/core.py", line 42, in wrapper\n    return fn(*args, **kwargs)\n  File "/home/lijiaxing/.conda/envs/api/lib/python3.10/site-packages/triton/language/core.py", line 1654, in arange\n    return _semantic.arange(start, end)\n  File "/home/lijiaxing/.conda/envs/api/lib/python3.10/site-packages/triton/language/semantic.py", line 574, in arange\n    raise ValueError("arange\'s arguments must be of type tl.constexpr")\nValueError: arange\'s arguments must be of type tl.constexpr\n\nThe above exception was the direct cause of the following exception:\n\nTraceback (most recent call last):\n  File "/cpfs01/shared/llm_kernel/hujiakai/KernelLLM/validation_api_server/helpers/evaluations.py", line 720, in run_and_check_correctness\n    output_new = model_new(*inputs)\n  File "/home/lijiaxing/.conda/envs/api/lib/python3.10/site-packages/torch/nn/modules/module.py", line 1773, in _wrapped_call_impl\n    return self._call_impl(*args, **kwargs)\n  File "/home/lijiaxing/.conda/envs/api/lib/python3.10/site-packages/torch/nn/modules/module.py", line 1784, in _call_impl\n    return forward_call(*args, **kwargs)\n  File "/tmp/tmpcgh0k1uz.py", line 93, in forward\n    ModelNew.small_k_batched_matmul_kernel[grid](\n  File "/home/lijiaxing/.conda/envs/api/lib/python3.10/site-packages/triton/runtime/jit.py", line 390, in <lambda>\n    return lambda *args, **kwargs: self.run(grid=grid, warmup=False, *args, **kwargs)\n  File "/home/lijiaxing/.conda/envs/api/lib/python3.10/site-packages/triton/runtime/jit.py", line 594, in run\n    kernel = self.compile(src, target=target, options=options.__dict__)\n  File "/home/lijiaxing/.conda/envs/api/lib/python3.10/site-packages/triton/compiler/compiler.py", line 339, in compile\n    module = src.make_ir(options, codegen_fns, module_map, context)\n  File "/home/lijiaxing/.conda/envs/api/lib/python3.10/site-packages/triton/compiler/compiler.py", line 83, in make_ir\n    return ast_to_ttir(self.fn, self, context=context, options=options, codegen_fns=codegen_fns,\ntriton.compiler.errors.CompilationError: at 16:63:\n    stride_b_b, stride_b_k, stride_b_n,\n    stride_c_b, stride_c_m, stride_c_n,\n    BLOCK_N: tl.constexpr,\n):\n    pid_b = tl.program_id(0)\n    pid_m = tl.program_id(1)\n    pid_n = tl.program_id(2)\n\n    offs_n = pid_n * BLOCK_N + tl.arange(0, BLOCK_N)\n    mask_n = offs_n < N\n\n    a_ptrs = a_ptr + pid_b * stride_a_b + pid_m * stride_a_m + tl.arange(0, K) * stride_a_k\n                                                               ^\n\n\nThe above exception was the direct cause of the following exception:\n\nTraceback (most recent call last):\n  File "/home/lijiaxing/.conda/envs/api/lib/python3.10/site-packages/triton/language/core.py", line 42, in wrapper\n    return fn(*args, **kwargs)\n  File "/home/lijiaxing/.conda/envs/api/lib/python3.10/site-packages/triton/language/core.py", line 1654, in arange\n    return _semantic.arange(start, end)\n  File "/home/lijiaxing/.conda/envs/api/lib/python3.10/site-packages/triton/language/semantic.py", line 574, in arange\n    raise ValueError("arange\'s arguments must be of type tl.constexpr")\nValueError: arange\'s arguments must be of type tl.constexpr\n', 'runtime_error_name': 'triton.compiler.errors.CompilationError', 'reference_timing_ms': 0.0369, 'speed_up': -1.0, 'custom_timing': -1.0}, 'runtime': -1.0, 'runtime_stats': {}}}
2025-08-08 18:33:46,318 - openevolve.llm.ensemble - INFO - Sampled model: deepseek
2025-08-08 18:33:46,323 - openevolve.database - INFO - New MAP-Elites cell occupied: {'score': 9, 'complexity': 7}
2025-08-08 18:33:46,336 - openevolve.threaded_parallel - INFO - Iteration 11: Program 5e21b2e0-5260-4c16-8e07-5694865a76e3 (parent: 95ef39b1-ed30-4937-9521-8385c25d74e0) completed in 1288.76s
2025-08-08 18:33:46,336 - openevolve.threaded_parallel - INFO - Metrics: compiled=1.0000, correctness=0.0000, score=10.0000, stage=wrong_answer, verify_payload={'id': 'level1_67_conv_standard_1D', 'result': {'compiled': True, 'correctness': False, 'metadata': {'hardware': 'NVIDIA L20Y', 'device': 'cuda:2', 'runtime_error': 'Traceback (most recent call last):\n  File "/home/lijiaxing/.conda/envs/api/lib/python3.10/site-packages/triton/language/core.py", line 42, in wrapper\n    return fn(*args, **kwargs)\n  File "/home/lijiaxing/.conda/envs/api/lib/python3.10/site-packages/triton/language/core.py", line 1654, in arange\n    return _semantic.arange(start, end)\n  File "/home/lijiaxing/.conda/envs/api/lib/python3.10/site-packages/triton/language/semantic.py", line 574, in arange\n    raise ValueError("arange\'s arguments must be of type tl.constexpr")\nValueError: arange\'s arguments must be of type tl.constexpr\n\nThe above exception was the direct cause of the following exception:\n\nTraceback (most recent call last):\n  File "/cpfs01/shared/llm_kernel/hujiakai/KernelLLM/validation_api_server/helpers/evaluations.py", line 720, in run_and_check_correctness\n    output_new = model_new(*inputs)\n  File "/home/lijiaxing/.conda/envs/api/lib/python3.10/site-packages/torch/nn/modules/module.py", line 1773, in _wrapped_call_impl\n    return self._call_impl(*args, **kwargs)\n  File "/home/lijiaxing/.conda/envs/api/lib/python3.10/site-packages/torch/nn/modules/module.py", line 1784, in _call_impl\n    return forward_call(*args, **kwargs)\n  File "/tmp/tmpcgh0k1uz.py", line 93, in forward\n    ModelNew.small_k_batched_matmul_kernel[grid](\n  File "/home/lijiaxing/.conda/envs/api/lib/python3.10/site-packages/triton/runtime/jit.py", line 390, in <lambda>\n    return lambda *args, **kwargs: self.run(grid=grid, warmup=False, *args, **kwargs)\n  File "/home/lijiaxing/.conda/envs/api/lib/python3.10/site-packages/triton/runtime/jit.py", line 594, in run\n    kernel = self.compile(src, target=target, options=options.__dict__)\n  File "/home/lijiaxing/.conda/envs/api/lib/python3.10/site-packages/triton/compiler/compiler.py", line 339, in compile\n    module = src.make_ir(options, codegen_fns, module_map, context)\n  File "/home/lijiaxing/.conda/envs/api/lib/python3.10/site-packages/triton/compiler/compiler.py", line 83, in make_ir\n    return ast_to_ttir(self.fn, self, context=context, options=options, codegen_fns=codegen_fns,\ntriton.compiler.errors.CompilationError: at 16:63:\n    stride_b_b, stride_b_k, stride_b_n,\n    stride_c_b, stride_c_m, stride_c_n,\n    BLOCK_N: tl.constexpr,\n):\n    pid_b = tl.program_id(0)\n    pid_m = tl.program_id(1)\n    pid_n = tl.program_id(2)\n\n    offs_n = pid_n * BLOCK_N + tl.arange(0, BLOCK_N)\n    mask_n = offs_n < N\n\n    a_ptrs = a_ptr + pid_b * stride_a_b + pid_m * stride_a_m + tl.arange(0, K) * stride_a_k\n                                                               ^\n\n\nThe above exception was the direct cause of the following exception:\n\nTraceback (most recent call last):\n  File "/home/lijiaxing/.conda/envs/api/lib/python3.10/site-packages/triton/language/core.py", line 42, in wrapper\n    return fn(*args, **kwargs)\n  File "/home/lijiaxing/.conda/envs/api/lib/python3.10/site-packages/triton/language/core.py", line 1654, in arange\n    return _semantic.arange(start, end)\n  File "/home/lijiaxing/.conda/envs/api/lib/python3.10/site-packages/triton/language/semantic.py", line 574, in arange\n    raise ValueError("arange\'s arguments must be of type tl.constexpr")\nValueError: arange\'s arguments must be of type tl.constexpr\n', 'runtime_error_name': 'triton.compiler.errors.CompilationError', 'reference_timing_ms': 0.0369, 'speed_up': -1.0, 'custom_timing': -1.0}, 'runtime': -1.0, 'runtime_stats': {}}}
2025-08-08 18:41:43,224 - openevolve.RemoteSpeedupEvaluator - INFO - [level1_67_conv_standard_1D] âœ˜ invalid_answer 'import triton' is not found
2025-08-08 18:41:43,226 - openevolve.evaluator - INFO - Evaluated program 63555aef-717a-480a-abd4-79ab58735175 in 0.00s: compiled=0.0000, correctness=0.0000, score=-100.0000, stage=no_valid_triton_code, feedback=You need to generate real and valid triton code for the core function. The key word 'import triton' is not found.
2025-08-08 18:41:43,229 - openevolve.llm.ensemble - INFO - Sampled model: deepseek
2025-08-08 18:41:43,359 - openevolve.threaded_parallel - INFO - Iteration 14: Program 63555aef-717a-480a-abd4-79ab58735175 (parent: 95ef39b1-ed30-4937-9521-8385c25d74e0) completed in 898.79s
2025-08-08 18:41:43,359 - openevolve.threaded_parallel - INFO - Metrics: compiled=0.0000, correctness=0.0000, score=-100.0000, stage=no_valid_triton_code, feedback=You need to generate real and valid triton code for the core function. The key word 'import triton' is not found.
2025-08-08 18:43:19,220 - openevolve.RemoteSpeedupEvaluator - INFO - [level1_67_conv_standard_1D] triton key words check pass
2025-08-08 18:43:19,221 - openevolve.RemoteSpeedupEvaluator - INFO - [level1_67_conv_standard_1D] verify_plus payload: reference_code(1835 chars) + custom_code(5791 chars)
2025-08-08 18:43:22,310 - openevolve.RemoteSpeedupEvaluator - INFO - [level1_67_conv_standard_1D] verify_plus request success
2025-08-08 18:43:22,310 - openevolve.RemoteSpeedupEvaluator - INFO - [level1_67_conv_standard_1D] verify_plus response: {"id":"level1_67_conv_standard_1D","result":{"compiled":true,"correctness":true,"metadata":{"hardware":"NVIDIA L20Y","device":"cuda:3","correctness_trials":"(5 / 5)","reference_timing_ms":0.0369,"speed_up":0.1,"custom_timing":0.368},"runtime":0.368,"runtime_stats":{"mean":0.368,"std":0.00406,"min":0.364,"max":0.39,"num_trials":100,"hardware":"NVIDIA L20Y","device":"cuda:3"}}}
2025-08-08 18:43:22,310 - openevolve.RemoteSpeedupEvaluator - INFO - [level1_67_conv_standard_1D] âœ” success | speed_up=0.100  score=20.00
2025-08-08 18:43:22,310 - openevolve.evaluator - INFO - Evaluated program 84dd9fc9-644f-4346-97e0-5efaaec8ca05 in 3.09s: compiled=1.0000, correctness=1.0000, stage=success, passed=0.0000, score=20.0000, speed_up=0.1000, runtime_ms=0.3680, meta={'hardware': 'NVIDIA L20Y', 'device': 'cuda:3', 'correctness_trials': '(5 / 5)', 'reference_timing_ms': 0.0369, 'speed_up': 0.1, 'custom_timing': 0.368}
2025-08-08 18:43:22,314 - openevolve.llm.ensemble - INFO - Sampled model: deepseek
2025-08-08 18:43:22,334 - openevolve.threaded_parallel - INFO - Iteration 16: Program 84dd9fc9-644f-4346-97e0-5efaaec8ca05 (parent: a46aa6ce-f2de-4555-8a92-74edbb69ab97) completed in 575.99s
2025-08-08 18:43:22,335 - openevolve.threaded_parallel - INFO - Metrics: compiled=1.0000, correctness=1.0000, stage=success, passed=0.0000, score=20.0000, speed_up=0.1000, runtime_ms=0.3680, meta={'hardware': 'NVIDIA L20Y', 'device': 'cuda:3', 'correctness_trials': '(5 / 5)', 'reference_timing_ms': 0.0369, 'speed_up': 0.1, 'custom_timing': 0.368}
2025-08-08 18:44:31,122 - openevolve.RemoteSpeedupEvaluator - INFO - [level1_67_conv_standard_1D] triton key words check pass
2025-08-08 18:44:31,123 - openevolve.RemoteSpeedupEvaluator - INFO - [level1_67_conv_standard_1D] verify_plus payload: reference_code(1835 chars) + custom_code(5400 chars)
2025-08-08 18:44:34,160 - openevolve.RemoteSpeedupEvaluator - INFO - [level1_67_conv_standard_1D] verify_plus request success
2025-08-08 18:44:34,160 - openevolve.RemoteSpeedupEvaluator - INFO - [level1_67_conv_standard_1D] verify_plus response: {"id":"level1_67_conv_standard_1D","result":{"compiled":true,"correctness":true,"metadata":{"hardware":"NVIDIA L20Y","device":"cuda:4","correctness_trials":"(5 / 5)","reference_timing_ms":0.0369,"speed_up":0.1,"custom_timing":0.368},"runtime":0.368,"runtime_stats":{"mean":0.368,"std":0.00394,"min":0.364,"max":0.395,"num_trials":100,"hardware":"NVIDIA L20Y","device":"cuda:4"}}}
2025-08-08 18:44:34,160 - openevolve.RemoteSpeedupEvaluator - INFO - [level1_67_conv_standard_1D] âœ” success | speed_up=0.100  score=20.00
2025-08-08 18:44:34,161 - openevolve.evaluator - INFO - Evaluated program 50b924d2-93bb-4b3a-aa5a-c9330b57f825 in 3.04s: compiled=1.0000, correctness=1.0000, stage=success, passed=0.0000, score=20.0000, speed_up=0.1000, runtime_ms=0.3680, meta={'hardware': 'NVIDIA L20Y', 'device': 'cuda:4', 'correctness_trials': '(5 / 5)', 'reference_timing_ms': 0.0369, 'speed_up': 0.1, 'custom_timing': 0.368}
2025-08-08 18:44:34,165 - openevolve.llm.ensemble - INFO - Sampled model: deepseek
2025-08-08 18:44:34,181 - openevolve.threaded_parallel - INFO - Iteration 15: Program 50b924d2-93bb-4b3a-aa5a-c9330b57f825 (parent: 436389c6-37b5-4b1c-82cf-a1f3ce51fe88) completed in 711.73s
2025-08-08 18:44:34,181 - openevolve.threaded_parallel - INFO - Metrics: compiled=1.0000, correctness=1.0000, stage=success, passed=0.0000, score=20.0000, speed_up=0.1000, runtime_ms=0.3680, meta={'hardware': 'NVIDIA L20Y', 'device': 'cuda:4', 'correctness_trials': '(5 / 5)', 'reference_timing_ms': 0.0369, 'speed_up': 0.1, 'custom_timing': 0.368}
2025-08-08 18:44:34,181 - openevolve.threaded_parallel - INFO - Checkpoint interval reached at iteration 15
2025-08-08 18:44:34,183 - openevolve.database - INFO - Island Status:
2025-08-08 18:44:34,183 - openevolve.database - INFO -  * Island 0: 7 programs, best=20.0000, avg=-21.4286, diversity=986.03, gen=6 (best: f10c599e-865c-4dac-9034-51c06bc48caf)
2025-08-08 18:44:34,183 - openevolve.database - INFO -    Island 1: 6 programs, best=20.0000, avg=15.0000, diversity=44.52, gen=6 (best: 6833464f-aecb-41e9-8104-da98dd2a3f74)
2025-08-08 18:44:34,184 - openevolve.database - INFO -    Island 2: 6 programs, best=20.0000, avg=15.0000, diversity=304.10, gen=5 (best: 302a8ba1-d6e6-47e7-a418-87cbed6d3191)
2025-08-08 18:44:34,428 - openevolve.database - INFO - Saved database with 18 programs to openevolve_output/level1_67_conv_standard_1D/checkpoints/checkpoint_15
2025-08-08 18:44:34,446 - openevolve.controller - INFO - Saved best program at checkpoint 15 with metrics: compiled=1.0000, correctness=1.0000, stage=success, passed=0.0000, score=20.0000, speed_up=0.1010, runtime_ms=0.3670, meta={'hardware': 'NVIDIA L20Y', 'device': 'cuda:5', 'correctness_trials': '(5 / 5)', 'reference_timing_ms': 0.0369, 'speed_up': 0.101, 'custom_timing': 0.367}
2025-08-08 18:44:34,446 - openevolve.controller - INFO - Saved checkpoint at iteration 15 to openevolve_output/level1_67_conv_standard_1D/checkpoints/checkpoint_15
2025-08-08 18:52:07,673 - openevolve.RemoteSpeedupEvaluator - INFO - [level1_67_conv_standard_1D] triton key words check pass
2025-08-08 18:52:07,675 - openevolve.RemoteSpeedupEvaluator - INFO - [level1_67_conv_standard_1D] verify_plus payload: reference_code(1835 chars) + custom_code(5223 chars)
2025-08-08 18:52:10,905 - openevolve.RemoteSpeedupEvaluator - INFO - [level1_67_conv_standard_1D] verify_plus request success
2025-08-08 18:52:10,905 - openevolve.RemoteSpeedupEvaluator - INFO - [level1_67_conv_standard_1D] verify_plus response: {"id":"level1_67_conv_standard_1D","result":{"compiled":true,"correctness":true,"metadata":{"hardware":"NVIDIA L20Y","device":"cuda:1","correctness_trials":"(5 / 5)","reference_timing_ms":0.0369,"speed_up":0.241,"custom_timing":0.153},"runtime":0.153,"runtime_stats":{"mean":0.153,"std":0.00998,"min":0.146,"max":0.218,"num_trials":100,"hardware":"NVIDIA L20Y","device":"cuda:1"}}}
2025-08-08 18:52:10,905 - openevolve.RemoteSpeedupEvaluator - INFO - [level1_67_conv_standard_1D] âœ” success | speed_up=0.241  score=20.00
2025-08-08 18:52:10,905 - openevolve.evaluator - INFO - Evaluated program de2b3919-78dd-44d2-ac4d-c480df0a57b4 in 3.23s: compiled=1.0000, correctness=1.0000, stage=success, passed=0.0000, score=20.0000, speed_up=0.2410, runtime_ms=0.1530, meta={'hardware': 'NVIDIA L20Y', 'device': 'cuda:1', 'correctness_trials': '(5 / 5)', 'reference_timing_ms': 0.0369, 'speed_up': 0.241, 'custom_timing': 0.153}
2025-08-08 18:52:10,910 - openevolve.llm.ensemble - INFO - Sampled model: deepseek
2025-08-08 18:52:10,929 - openevolve.threaded_parallel - INFO - Iteration 17: Program de2b3919-78dd-44d2-ac4d-c480df0a57b4 (parent: 6597dfe1-fa23-4a2b-93bb-47d60bd4d1e0) completed in 627.68s
2025-08-08 18:52:10,929 - openevolve.threaded_parallel - INFO - Metrics: compiled=1.0000, correctness=1.0000, stage=success, passed=0.0000, score=20.0000, speed_up=0.2410, runtime_ms=0.1530, meta={'hardware': 'NVIDIA L20Y', 'device': 'cuda:1', 'correctness_trials': '(5 / 5)', 'reference_timing_ms': 0.0369, 'speed_up': 0.241, 'custom_timing': 0.153}
2025-08-08 18:53:26,365 - openevolve.RemoteSpeedupEvaluator - INFO - [level1_67_conv_standard_1D] triton key words check pass
2025-08-08 18:53:26,367 - openevolve.RemoteSpeedupEvaluator - INFO - [level1_67_conv_standard_1D] verify_plus payload: reference_code(1835 chars) + custom_code(5482 chars)
2025-08-08 18:53:29,796 - openevolve.RemoteSpeedupEvaluator - INFO - [level1_67_conv_standard_1D] verify_plus request success
2025-08-08 18:53:29,796 - openevolve.RemoteSpeedupEvaluator - INFO - [level1_67_conv_standard_1D] verify_plus response: {"id":"level1_67_conv_standard_1D","result":{"compiled":true,"correctness":true,"metadata":{"hardware":"NVIDIA L20Y","device":"cuda:4","correctness_trials":"(5 / 5)","reference_timing_ms":0.0369,"speed_up":0.416,"custom_timing":0.0887},"runtime":0.0887,"runtime_stats":{"mean":0.0887,"std":0.00222,"min":0.0852,"max":0.0991,"num_trials":100,"hardware":"NVIDIA L20Y","device":"cuda:4"}}}
2025-08-08 18:53:29,796 - openevolve.RemoteSpeedupEvaluator - INFO - [level1_67_conv_standard_1D] âœ” success | speed_up=0.416  score=20.00
2025-08-08 18:53:29,796 - openevolve.evaluator - INFO - Evaluated program 2eccdd5c-1866-4b91-ad1a-284228177fb8 in 3.43s: compiled=1.0000, correctness=1.0000, stage=success, passed=0.0000, score=20.0000, speed_up=0.4160, runtime_ms=0.0887, meta={'hardware': 'NVIDIA L20Y', 'device': 'cuda:4', 'correctness_trials': '(5 / 5)', 'reference_timing_ms': 0.0369, 'speed_up': 0.416, 'custom_timing': 0.0887}
2025-08-08 18:53:29,801 - openevolve.llm.ensemble - INFO - Sampled model: deepseek
2025-08-08 18:53:29,814 - openevolve.threaded_parallel - INFO - Iteration 19: Program 2eccdd5c-1866-4b91-ad1a-284228177fb8 (parent: 6833464f-aecb-41e9-8104-da98dd2a3f74) completed in 535.63s
2025-08-08 18:53:29,814 - openevolve.threaded_parallel - INFO - Metrics: compiled=1.0000, correctness=1.0000, stage=success, passed=0.0000, score=20.0000, speed_up=0.4160, runtime_ms=0.0887, meta={'hardware': 'NVIDIA L20Y', 'device': 'cuda:4', 'correctness_trials': '(5 / 5)', 'reference_timing_ms': 0.0369, 'speed_up': 0.416, 'custom_timing': 0.0887}
2025-08-08 18:55:59,429 - openevolve.RemoteSpeedupEvaluator - INFO - [level1_67_conv_standard_1D] triton key words check pass
2025-08-08 18:55:59,431 - openevolve.RemoteSpeedupEvaluator - INFO - [level1_67_conv_standard_1D] verify_plus payload: reference_code(1835 chars) + custom_code(5413 chars)
2025-08-08 18:56:02,657 - openevolve.RemoteSpeedupEvaluator - INFO - [level1_67_conv_standard_1D] verify_plus request success
2025-08-08 18:56:02,658 - openevolve.RemoteSpeedupEvaluator - INFO - [level1_67_conv_standard_1D] verify_plus response: {"id":"level1_67_conv_standard_1D","result":{"compiled":true,"correctness":true,"metadata":{"hardware":"NVIDIA L20Y","device":"cuda:0","correctness_trials":"(5 / 5)","reference_timing_ms":0.0369,"speed_up":0.467,"custom_timing":0.079},"runtime":0.079,"runtime_stats":{"mean":0.079,"std":0.00202,"min":0.0761,"max":0.0896,"num_trials":100,"hardware":"NVIDIA L20Y","device":"cuda:0"}}}
2025-08-08 18:56:02,658 - openevolve.RemoteSpeedupEvaluator - INFO - [level1_67_conv_standard_1D] âœ” success | speed_up=0.467  score=20.00
2025-08-08 18:56:02,658 - openevolve.evaluator - INFO - Evaluated program 8a61e7ee-1048-430d-8447-ce03c59df96f in 3.23s: compiled=1.0000, correctness=1.0000, stage=success, passed=0.0000, score=20.0000, speed_up=0.4670, runtime_ms=0.0790, meta={'hardware': 'NVIDIA L20Y', 'device': 'cuda:0', 'correctness_trials': '(5 / 5)', 'reference_timing_ms': 0.0369, 'speed_up': 0.467, 'custom_timing': 0.079}
2025-08-08 18:56:02,663 - openevolve.llm.ensemble - INFO - Sampled model: deepseek
2025-08-08 18:56:02,676 - openevolve.threaded_parallel - INFO - Iteration 18: Program 8a61e7ee-1048-430d-8447-ce03c59df96f (parent: 59819118-f27c-47ff-b92f-a7d71bf7cae5) completed in 760.34s
2025-08-08 18:56:02,677 - openevolve.threaded_parallel - INFO - Metrics: compiled=1.0000, correctness=1.0000, stage=success, passed=0.0000, score=20.0000, speed_up=0.4670, runtime_ms=0.0790, meta={'hardware': 'NVIDIA L20Y', 'device': 'cuda:0', 'correctness_trials': '(5 / 5)', 'reference_timing_ms': 0.0369, 'speed_up': 0.467, 'custom_timing': 0.079}
2025-08-08 18:56:02,677 - openevolve.threaded_parallel - INFO - Checkpoint interval reached at iteration 18
2025-08-08 18:56:02,679 - openevolve.database - INFO - Island Status:
2025-08-08 18:56:02,679 - openevolve.database - INFO -  * Island 0: 8 programs, best=20.0000, avg=-16.2500, diversity=986.03, gen=7 (best: f10c599e-865c-4dac-9034-51c06bc48caf)
2025-08-08 18:56:02,679 - openevolve.database - INFO -    Island 1: 7 programs, best=20.0000, avg=15.7143, diversity=55.97, gen=7 (best: 6833464f-aecb-41e9-8104-da98dd2a3f74)
2025-08-08 18:56:02,680 - openevolve.database - INFO -    Island 2: 7 programs, best=20.0000, avg=15.7143, diversity=304.10, gen=6 (best: 302a8ba1-d6e6-47e7-a418-87cbed6d3191)
2025-08-08 18:56:02,951 - openevolve.database - INFO - Saved database with 21 programs to openevolve_output/level1_67_conv_standard_1D/checkpoints/checkpoint_18
2025-08-08 18:56:02,968 - openevolve.controller - INFO - Saved best program at checkpoint 18 with metrics: compiled=1.0000, correctness=1.0000, stage=success, passed=0.0000, score=20.0000, speed_up=0.1010, runtime_ms=0.3670, meta={'hardware': 'NVIDIA L20Y', 'device': 'cuda:5', 'correctness_trials': '(5 / 5)', 'reference_timing_ms': 0.0369, 'speed_up': 0.101, 'custom_timing': 0.367}
2025-08-08 18:56:02,968 - openevolve.controller - INFO - Saved checkpoint at iteration 18 to openevolve_output/level1_67_conv_standard_1D/checkpoints/checkpoint_18
2025-08-08 19:02:40,934 - openevolve.RemoteSpeedupEvaluator - INFO - [level1_67_conv_standard_1D] âœ˜ invalid_answer 'import triton' is not found
2025-08-08 19:02:40,936 - openevolve.evaluator - INFO - Evaluated program f432a878-ee42-4469-ad8e-02c5ba43ce0c in 0.00s: compiled=0.0000, correctness=0.0000, score=-100.0000, stage=no_valid_triton_code, feedback=You need to generate real and valid triton code for the core function. The key word 'import triton' is not found.
2025-08-08 19:02:40,940 - openevolve.llm.ensemble - INFO - Sampled model: deepseek
2025-08-08 19:02:40,952 - openevolve.threaded_parallel - INFO - Iteration 20: Program f432a878-ee42-4469-ad8e-02c5ba43ce0c (parent: 6597dfe1-fa23-4a2b-93bb-47d60bd4d1e0) completed in 630.03s
2025-08-08 19:02:40,952 - openevolve.threaded_parallel - INFO - Metrics: compiled=0.0000, correctness=0.0000, score=-100.0000, stage=no_valid_triton_code, feedback=You need to generate real and valid triton code for the core function. The key word 'import triton' is not found.
2025-08-08 19:12:38,113 - openevolve.RemoteSpeedupEvaluator - INFO - [level1_67_conv_standard_1D] triton key words check pass
2025-08-08 19:12:38,114 - openevolve.RemoteSpeedupEvaluator - INFO - [level1_67_conv_standard_1D] triton key words check pass
2025-08-08 19:12:38,114 - openevolve.RemoteSpeedupEvaluator - INFO - [level1_67_conv_standard_1D] verify_plus payload: reference_code(1835 chars) + custom_code(5363 chars)
2025-08-08 19:12:38,115 - openevolve.RemoteSpeedupEvaluator - INFO - [level1_67_conv_standard_1D] verify_plus payload: reference_code(1835 chars) + custom_code(5637 chars)
2025-08-08 19:12:50,117 - openevolve.RemoteSpeedupEvaluator - INFO - [level1_67_conv_standard_1D] verify_plus request success
2025-08-08 19:12:50,117 - openevolve.RemoteSpeedupEvaluator - INFO - [level1_67_conv_standard_1D] verify_plus response: {"id":"level1_67_conv_standard_1D","result":{"compiled":true,"correctness":false,"metadata":{"hardware":"NVIDIA L20Y","device":"cuda:5","runtime_error":"Traceback (most recent call last):\n  File \"/home/lijiaxing/.conda/envs/api/lib/python3.10/site-packages/triton/language/core.py\", line 42, in wrapper\n    return fn(*args, **kwargs)\n  File \"/home/lijiaxing/.conda/envs/api/lib/python3.10/site-packages/triton/language/core.py\", line 2045, in dot\n    return _semantic.dot(input, other, acc, input_precision, max_num_imprecise_acc, out_dtype)\n  File \"/home/lijiaxing/.conda/envs/api/lib/python3.10/site-packages/triton/language/semantic.py\", line 1497, in dot\n    assert lhs_rank == rhs_rank == 2 or lhs_rank == rhs_rank == 3, f\"Both inputs must be either 2D or 3D; (lhs: {lhs.shape} vs r
2025-08-08 19:12:50,117 - openevolve.RemoteSpeedupEvaluator - INFO - [level1_67_conv_standard_1D] âœ˜ wrong_answer
2025-08-08 19:12:50,118 - openevolve.evaluator - INFO - Evaluated program bc366170-5442-4ca7-bbc4-c631c445a5dd in 12.01s: compiled=1.0000, correctness=0.0000, score=10.0000, stage=wrong_answer, verify_payload={'id': 'level1_67_conv_standard_1D', 'result': {'compiled': True, 'correctness': False, 'metadata': {'hardware': 'NVIDIA L20Y', 'device': 'cuda:5', 'runtime_error': 'Traceback (most recent call last):\n  File "/home/lijiaxing/.conda/envs/api/lib/python3.10/site-packages/triton/language/core.py", line 42, in wrapper\n    return fn(*args, **kwargs)\n  File "/home/lijiaxing/.conda/envs/api/lib/python3.10/site-packages/triton/language/core.py", line 2045, in dot\n    return _semantic.dot(input, other, acc, input_precision, max_num_imprecise_acc, out_dtype)\n  File "/home/lijiaxing/.conda/envs/api/lib/python3.10/site-packages/triton/language/semantic.py", line 1497, in dot\n    assert lhs_rank == rhs_rank == 2 or lhs_rank == rhs_rank == 3, f"Both inputs must be either 2D or 3D; (lhs: {lhs.shape} vs rhs: {rhs.shape})"\nAssertionError: Both inputs must be either 2D or 3D; (lhs: [\'constexpr[32]\'] vs rhs: [\'constexpr[32]\', \'constexpr[64]\'])\n\nThe above exception was the direct cause of the following exception:\n\nTraceback (most recent call last):\n  File "/cpfs01/shared/llm_kernel/hujiakai/KernelLLM/validation_api_server/helpers/evaluations.py", line 720, in run_and_check_correctness\n    output_new = model_new(*inputs)\n  File "/home/lijiaxing/.conda/envs/api/lib/python3.10/site-packages/torch/nn/modules/module.py", line 1773, in _wrapped_call_impl\n    return self._call_impl(*args, **kwargs)\n  File "/home/lijiaxing/.conda/envs/api/lib/python3.10/site-packages/torch/nn/modules/module.py", line 1784, in _call_impl\n    return forward_call(*args, **kwargs)\n  File "/tmp/tmp6rjgefb1.py", line 118, in forward\n    conv1d_kernel[grid](\n  File "/home/lijiaxing/.conda/envs/api/lib/python3.10/site-packages/triton/runtime/jit.py", line 390, in <lambda>\n    return lambda *args, **kwargs: self.run(grid=grid, warmup=False, *args, **kwargs)\n  File "/home/lijiaxing/.conda/envs/api/lib/python3.10/site-packages/triton/runtime/jit.py", line 594, in run\n    kernel = self.compile(src, target=target, options=options.__dict__)\n  File "/home/lijiaxing/.conda/envs/api/lib/python3.10/site-packages/triton/compiler/compiler.py", line 339, in compile\n    module = src.make_ir(options, codegen_fns, module_map, context)\n  File "/home/lijiaxing/.conda/envs/api/lib/python3.10/site-packages/triton/compiler/compiler.py", line 83, in make_ir\n    return ast_to_ttir(self.fn, self, context=context, options=options, codegen_fns=codegen_fns,\ntriton.compiler.errors.CompilationError: at 57:22:\n\n            # Compute input positions [BLOCK_LEN]\n            pos = (output_positions * stride - padding) + d * dilation\n            mask_pos = (pos >= 0) & (pos < length)\n            mask_2d = mask_ic[:, None] & mask_pos[None, :] & mask_len[None, :]\n\n            # Load input block [BLOCK_IC, BLOCK_LEN]\n            x_ptrs = x_ptr + pid0 * stride_x_batch + (ic_offsets[:, None] * stride_x_in) + (pos[None, :] * stride_x_len)\n            x_vals = tl.load(x_ptrs, mask=mask_2d, other=0.0)\n\n            # Use tensor core optimized dot product\n            partial = tl.dot(w, x_vals)\n                      ^\n\n\nThe above exception was the direct cause of the following exception:\n\nTraceback (most recent call last):\n  File "/home/lijiaxing/.conda/envs/api/lib/python3.10/site-packages/triton/language/core.py", line 42, in wrapper\n    return fn(*args, **kwargs)\n  File "/home/lijiaxing/.conda/envs/api/lib/python3.10/site-packages/triton/language/core.py", line 2045, in dot\n    return _semantic.dot(input, other, acc, input_precision, max_num_imprecise_acc, out_dtype)\n  File "/home/lijiaxing/.conda/envs/api/lib/python3.10/site-packages/triton/language/semantic.py", line 1497, in dot\n    assert lhs_rank == rhs_rank == 2 or lhs_rank == rhs_rank == 3, f"Both inputs must be either 2D or 3D; (lhs: {lhs.shape} vs rhs: {rhs.shape})"\nAssertionError: Both inputs must be either 2D or 3D; (lhs: [\'constexpr[32]\'] vs rhs: [\'constexpr[32]\', \'constexpr[64]\'])\n', 'runtime_error_name': 'triton.compiler.errors.CompilationError', 'reference_timing_ms': 0.0369, 'speed_up': -1.0, 'custom_timing': -1.0}, 'runtime': -1.0, 'runtime_stats': {}}}
2025-08-08 19:12:50,122 - openevolve.llm.ensemble - INFO - Sampled model: deepseek
2025-08-08 19:12:50,142 - openevolve.threaded_parallel - INFO - Iteration 21: Program bc366170-5442-4ca7-bbc4-c631c445a5dd (parent: 59819118-f27c-47ff-b92f-a7d71bf7cae5) completed in 1160.32s
2025-08-08 19:12:50,142 - openevolve.threaded_parallel - INFO - Metrics: compiled=1.0000, correctness=0.0000, score=10.0000, stage=wrong_answer, verify_payload={'id': 'level1_67_conv_standard_1D', 'result': {'compiled': True, 'correctness': False, 'metadata': {'hardware': 'NVIDIA L20Y', 'device': 'cuda:5', 'runtime_error': 'Traceback (most recent call last):\n  File "/home/lijiaxing/.conda/envs/api/lib/python3.10/site-packages/triton/language/core.py", line 42, in wrapper\n    return fn(*args, **kwargs)\n  File "/home/lijiaxing/.conda/envs/api/lib/python3.10/site-packages/triton/language/core.py", line 2045, in dot\n    return _semantic.dot(input, other, acc, input_precision, max_num_imprecise_acc, out_dtype)\n  File "/home/lijiaxing/.conda/envs/api/lib/python3.10/site-packages/triton/language/semantic.py", line 1497, in dot\n    assert lhs_rank == rhs_rank == 2 or lhs_rank == rhs_rank == 3, f"Both inputs must be either 2D or 3D; (lhs: {lhs.shape} vs rhs: {rhs.shape})"\nAssertionError: Both inputs must be either 2D or 3D; (lhs: [\'constexpr[32]\'] vs rhs: [\'constexpr[32]\', \'constexpr[64]\'])\n\nThe above exception was the direct cause of the following exception:\n\nTraceback (most recent call last):\n  File "/cpfs01/shared/llm_kernel/hujiakai/KernelLLM/validation_api_server/helpers/evaluations.py", line 720, in run_and_check_correctness\n    output_new = model_new(*inputs)\n  File "/home/lijiaxing/.conda/envs/api/lib/python3.10/site-packages/torch/nn/modules/module.py", line 1773, in _wrapped_call_impl\n    return self._call_impl(*args, **kwargs)\n  File "/home/lijiaxing/.conda/envs/api/lib/python3.10/site-packages/torch/nn/modules/module.py", line 1784, in _call_impl\n    return forward_call(*args, **kwargs)\n  File "/tmp/tmp6rjgefb1.py", line 118, in forward\n    conv1d_kernel[grid](\n  File "/home/lijiaxing/.conda/envs/api/lib/python3.10/site-packages/triton/runtime/jit.py", line 390, in <lambda>\n    return lambda *args, **kwargs: self.run(grid=grid, warmup=False, *args, **kwargs)\n  File "/home/lijiaxing/.conda/envs/api/lib/python3.10/site-packages/triton/runtime/jit.py", line 594, in run\n    kernel = self.compile(src, target=target, options=options.__dict__)\n  File "/home/lijiaxing/.conda/envs/api/lib/python3.10/site-packages/triton/compiler/compiler.py", line 339, in compile\n    module = src.make_ir(options, codegen_fns, module_map, context)\n  File "/home/lijiaxing/.conda/envs/api/lib/python3.10/site-packages/triton/compiler/compiler.py", line 83, in make_ir\n    return ast_to_ttir(self.fn, self, context=context, options=options, codegen_fns=codegen_fns,\ntriton.compiler.errors.CompilationError: at 57:22:\n\n            # Compute input positions [BLOCK_LEN]\n            pos = (output_positions * stride - padding) + d * dilation\n            mask_pos = (pos >= 0) & (pos < length)\n            mask_2d = mask_ic[:, None] & mask_pos[None, :] & mask_len[None, :]\n\n            # Load input block [BLOCK_IC, BLOCK_LEN]\n            x_ptrs = x_ptr + pid0 * stride_x_batch + (ic_offsets[:, None] * stride_x_in) + (pos[None, :] * stride_x_len)\n            x_vals = tl.load(x_ptrs, mask=mask_2d, other=0.0)\n\n            # Use tensor core optimized dot product\n            partial = tl.dot(w, x_vals)\n                      ^\n\n\nThe above exception was the direct cause of the following exception:\n\nTraceback (most recent call last):\n  File "/home/lijiaxing/.conda/envs/api/lib/python3.10/site-packages/triton/language/core.py", line 42, in wrapper\n    return fn(*args, **kwargs)\n  File "/home/lijiaxing/.conda/envs/api/lib/python3.10/site-packages/triton/language/core.py", line 2045, in dot\n    return _semantic.dot(input, other, acc, input_precision, max_num_imprecise_acc, out_dtype)\n  File "/home/lijiaxing/.conda/envs/api/lib/python3.10/site-packages/triton/language/semantic.py", line 1497, in dot\n    assert lhs_rank == rhs_rank == 2 or lhs_rank == rhs_rank == 3, f"Both inputs must be either 2D or 3D; (lhs: {lhs.shape} vs rhs: {rhs.shape})"\nAssertionError: Both inputs must be either 2D or 3D; (lhs: [\'constexpr[32]\'] vs rhs: [\'constexpr[32]\', \'constexpr[64]\'])\n', 'runtime_error_name': 'triton.compiler.errors.CompilationError', 'reference_timing_ms': 0.0369, 'speed_up': -1.0, 'custom_timing': -1.0}, 'runtime': -1.0, 'runtime_stats': {}}}
2025-08-08 19:12:50,143 - openevolve.threaded_parallel - INFO - Checkpoint interval reached at iteration 21
2025-08-08 19:12:50,145 - openevolve.database - INFO - Island Status:
2025-08-08 19:12:50,145 - openevolve.database - INFO -    Island 0: 9 programs, best=20.0000, avg=-25.5556, diversity=986.03, gen=7 (best: f10c599e-865c-4dac-9034-51c06bc48caf)
2025-08-08 19:12:50,145 - openevolve.database - INFO -    Island 1: 8 programs, best=20.0000, avg=15.0000, diversity=55.97, gen=8 (best: 6833464f-aecb-41e9-8104-da98dd2a3f74)
2025-08-08 19:12:50,145 - openevolve.database - INFO -  * Island 2: 7 programs, best=20.0000, avg=15.7143, diversity=304.10, gen=7 (best: 302a8ba1-d6e6-47e7-a418-87cbed6d3191)
2025-08-08 19:12:50,257 - openevolve.RemoteSpeedupEvaluator - INFO - [level1_67_conv_standard_1D] verify_plus request success
2025-08-08 19:12:50,257 - openevolve.RemoteSpeedupEvaluator - INFO - [level1_67_conv_standard_1D] verify_plus response: {"id":"level1_67_conv_standard_1D","result":{"compiled":true,"correctness":false,"metadata":{"hardware":"NVIDIA L20Y","device":"cuda:2","runtime_error":"Traceback (most recent call last):\n  File \"/cpfs01/shared/llm_kernel/hujiakai/KernelLLM/validation_api_server/helpers/evaluations.py\", line 720, in run_and_check_correctness\n    output_new = model_new(*inputs)\n  File \"/home/lijiaxing/.conda/envs/api/lib/python3.10/site-packages/torch/nn/modules/module.py\", line 1773, in _wrapped_call_impl\n    return self._call_impl(*args, **kwargs)\n  File \"/home/lijiaxing/.conda/envs/api/lib/python3.10/site-packages/torch/nn/modules/module.py\", line 1784, in _call_impl\n    return forward_call(*args, **kwargs)\n  File \"/tmp/tmps89x6fsa.py\", line 118, in forward\n    conv1d_kernel[grid](\n  Fil
2025-08-08 19:12:50,258 - openevolve.RemoteSpeedupEvaluator - INFO - [level1_67_conv_standard_1D] âœ˜ wrong_answer
2025-08-08 19:12:50,258 - openevolve.evaluator - INFO - Evaluated program cae8adf2-50a4-430d-b3b9-304badea8bb2 in 12.15s: compiled=1.0000, correctness=0.0000, score=10.0000, stage=wrong_answer, verify_payload={'id': 'level1_67_conv_standard_1D', 'result': {'compiled': True, 'correctness': False, 'metadata': {'hardware': 'NVIDIA L20Y', 'device': 'cuda:2', 'runtime_error': 'Traceback (most recent call last):\n  File "/cpfs01/shared/llm_kernel/hujiakai/KernelLLM/validation_api_server/helpers/evaluations.py", line 720, in run_and_check_correctness\n    output_new = model_new(*inputs)\n  File "/home/lijiaxing/.conda/envs/api/lib/python3.10/site-packages/torch/nn/modules/module.py", line 1773, in _wrapped_call_impl\n    return self._call_impl(*args, **kwargs)\n  File "/home/lijiaxing/.conda/envs/api/lib/python3.10/site-packages/torch/nn/modules/module.py", line 1784, in _call_impl\n    return forward_call(*args, **kwargs)\n  File "/tmp/tmps89x6fsa.py", line 118, in forward\n    conv1d_kernel[grid](\n  File "/home/lijiaxing/.conda/envs/api/lib/python3.10/site-packages/triton/runtime/jit.py", line 390, in <lambda>\n    return lambda *args, **kwargs: self.run(grid=grid, warmup=False, *args, **kwargs)\n  File "/home/lijiaxing/.conda/envs/api/lib/python3.10/site-packages/triton/runtime/jit.py", line 594, in run\n    kernel = self.compile(src, target=target, options=options.__dict__)\n  File "/home/lijiaxing/.conda/envs/api/lib/python3.10/site-packages/triton/compiler/compiler.py", line 281, in compile\n    key = f"{triton_key()}-{src.hash()}-{backend.hash()}-{options.hash()}-{str(sorted(env_vars.items()))}"\n  File "/home/lijiaxing/.conda/envs/api/lib/python3.10/site-packages/triton/compiler/compiler.py", line 78, in hash\n    key = f"{self.fn.cache_key}-{str(self.attrs)}-{sorted_sig}-{constants_key}"\n  File "/home/lijiaxing/.conda/envs/api/lib/python3.10/site-packages/triton/runtime/jit.py", line 696, in cache_key\n    dependencies_finder.visit(self.parse())\n  File "/home/lijiaxing/.conda/envs/api/lib/python3.10/ast.py", line 418, in visit\n    return visitor(node)\n  File "/home/lijiaxing/.conda/envs/api/lib/python3.10/ast.py", line 426, in generic_visit\n    self.visit(item)\n  File "/home/lijiaxing/.conda/envs/api/lib/python3.10/ast.py", line 418, in visit\n    return visitor(node)\n  File "/home/lijiaxing/.conda/envs/api/lib/python3.10/site-packages/triton/runtime/jit.py", line 163, in visit_FunctionDef\n    self.generic_visit(node)\n  File "/home/lijiaxing/.conda/envs/api/lib/python3.10/ast.py", line 426, in generic_visit\n    self.visit(item)\n  File "/home/lijiaxing/.conda/envs/api/lib/python3.10/ast.py", line 418, in visit\n    return visitor(node)\n  File "/home/lijiaxing/.conda/envs/api/lib/python3.10/site-packages/triton/runtime/jit.py", line 229, in visit_For\n    self.generic_visit(node)\n  File "/home/lijiaxing/.conda/envs/api/lib/python3.10/ast.py", line 428, in generic_visit\n    self.visit(value)\n  File "/home/lijiaxing/.conda/envs/api/lib/python3.10/ast.py", line 418, in visit\n    return visitor(node)\n  File "/home/lijiaxing/.conda/envs/api/lib/python3.10/ast.py", line 428, in generic_visit\n    self.visit(value)\n  File "/home/lijiaxing/.conda/envs/api/lib/python3.10/ast.py", line 418, in visit\n    return visitor(node)\n  File "/home/lijiaxing/.conda/envs/api/lib/python3.10/site-packages/triton/runtime/jit.py", line 156, in visit_Attribute\n    ret = getattr(lhs, node.attr)\nAttributeError: module \'triton.language\' has no attribute \'static_unroll\'\n', 'runtime_error_name': 'builtins.AttributeError', 'reference_timing_ms': 0.0369, 'speed_up': -1.0, 'custom_timing': -1.0}, 'runtime': -1.0, 'runtime_stats': {}}}
2025-08-08 19:12:50,263 - openevolve.llm.ensemble - INFO - Sampled model: deepseek
2025-08-08 19:12:50,413 - openevolve.database - INFO - Saved database with 23 programs to openevolve_output/level1_67_conv_standard_1D/checkpoints/checkpoint_21
2025-08-08 19:12:50,429 - openevolve.controller - INFO - Saved best program at checkpoint 21 with metrics: compiled=1.0000, correctness=1.0000, stage=success, passed=0.0000, score=20.0000, speed_up=0.1010, runtime_ms=0.3670, meta={'hardware': 'NVIDIA L20Y', 'device': 'cuda:5', 'correctness_trials': '(5 / 5)', 'reference_timing_ms': 0.0369, 'speed_up': 0.101, 'custom_timing': 0.367}
2025-08-08 19:12:50,429 - openevolve.controller - INFO - Saved checkpoint at iteration 21 to openevolve_output/level1_67_conv_standard_1D/checkpoints/checkpoint_21
2025-08-08 19:12:50,441 - openevolve.threaded_parallel - INFO - Iteration 22: Program cae8adf2-50a4-430d-b3b9-304badea8bb2 (parent: 302a8ba1-d6e6-47e7-a418-87cbed6d3191) completed in 1007.60s
2025-08-08 19:12:50,441 - openevolve.threaded_parallel - INFO - Metrics: compiled=1.0000, correctness=0.0000, score=10.0000, stage=wrong_answer, verify_payload={'id': 'level1_67_conv_standard_1D', 'result': {'compiled': True, 'correctness': False, 'metadata': {'hardware': 'NVIDIA L20Y', 'device': 'cuda:2', 'runtime_error': 'Traceback (most recent call last):\n  File "/cpfs01/shared/llm_kernel/hujiakai/KernelLLM/validation_api_server/helpers/evaluations.py", line 720, in run_and_check_correctness\n    output_new = model_new(*inputs)\n  File "/home/lijiaxing/.conda/envs/api/lib/python3.10/site-packages/torch/nn/modules/module.py", line 1773, in _wrapped_call_impl\n    return self._call_impl(*args, **kwargs)\n  File "/home/lijiaxing/.conda/envs/api/lib/python3.10/site-packages/torch/nn/modules/module.py", line 1784, in _call_impl\n    return forward_call(*args, **kwargs)\n  File "/tmp/tmps89x6fsa.py", line 118, in forward\n    conv1d_kernel[grid](\n  File "/home/lijiaxing/.conda/envs/api/lib/python3.10/site-packages/triton/runtime/jit.py", line 390, in <lambda>\n    return lambda *args, **kwargs: self.run(grid=grid, warmup=False, *args, **kwargs)\n  File "/home/lijiaxing/.conda/envs/api/lib/python3.10/site-packages/triton/runtime/jit.py", line 594, in run\n    kernel = self.compile(src, target=target, options=options.__dict__)\n  File "/home/lijiaxing/.conda/envs/api/lib/python3.10/site-packages/triton/compiler/compiler.py", line 281, in compile\n    key = f"{triton_key()}-{src.hash()}-{backend.hash()}-{options.hash()}-{str(sorted(env_vars.items()))}"\n  File "/home/lijiaxing/.conda/envs/api/lib/python3.10/site-packages/triton/compiler/compiler.py", line 78, in hash\n    key = f"{self.fn.cache_key}-{str(self.attrs)}-{sorted_sig}-{constants_key}"\n  File "/home/lijiaxing/.conda/envs/api/lib/python3.10/site-packages/triton/runtime/jit.py", line 696, in cache_key\n    dependencies_finder.visit(self.parse())\n  File "/home/lijiaxing/.conda/envs/api/lib/python3.10/ast.py", line 418, in visit\n    return visitor(node)\n  File "/home/lijiaxing/.conda/envs/api/lib/python3.10/ast.py", line 426, in generic_visit\n    self.visit(item)\n  File "/home/lijiaxing/.conda/envs/api/lib/python3.10/ast.py", line 418, in visit\n    return visitor(node)\n  File "/home/lijiaxing/.conda/envs/api/lib/python3.10/site-packages/triton/runtime/jit.py", line 163, in visit_FunctionDef\n    self.generic_visit(node)\n  File "/home/lijiaxing/.conda/envs/api/lib/python3.10/ast.py", line 426, in generic_visit\n    self.visit(item)\n  File "/home/lijiaxing/.conda/envs/api/lib/python3.10/ast.py", line 418, in visit\n    return visitor(node)\n  File "/home/lijiaxing/.conda/envs/api/lib/python3.10/site-packages/triton/runtime/jit.py", line 229, in visit_For\n    self.generic_visit(node)\n  File "/home/lijiaxing/.conda/envs/api/lib/python3.10/ast.py", line 428, in generic_visit\n    self.visit(value)\n  File "/home/lijiaxing/.conda/envs/api/lib/python3.10/ast.py", line 418, in visit\n    return visitor(node)\n  File "/home/lijiaxing/.conda/envs/api/lib/python3.10/ast.py", line 428, in generic_visit\n    self.visit(value)\n  File "/home/lijiaxing/.conda/envs/api/lib/python3.10/ast.py", line 418, in visit\n    return visitor(node)\n  File "/home/lijiaxing/.conda/envs/api/lib/python3.10/site-packages/triton/runtime/jit.py", line 156, in visit_Attribute\n    ret = getattr(lhs, node.attr)\nAttributeError: module \'triton.language\' has no attribute \'static_unroll\'\n', 'runtime_error_name': 'builtins.AttributeError', 'reference_timing_ms': 0.0369, 'speed_up': -1.0, 'custom_timing': -1.0}, 'runtime': -1.0, 'runtime_stats': {}}}
2025-08-08 19:14:28,669 - openevolve.RemoteSpeedupEvaluator - INFO - [level1_67_conv_standard_1D] triton key words check pass
2025-08-08 19:14:28,670 - openevolve.RemoteSpeedupEvaluator - INFO - [level1_67_conv_standard_1D] verify_plus payload: reference_code(1835 chars) + custom_code(5261 chars)
2025-08-08 19:14:51,451 - openevolve.RemoteSpeedupEvaluator - INFO - [level1_67_conv_standard_1D] verify_plus request success
2025-08-08 19:14:51,452 - openevolve.RemoteSpeedupEvaluator - INFO - [level1_67_conv_standard_1D] verify_plus response: {"id":"level1_67_conv_standard_1D","result":{"compiled":true,"correctness":true,"metadata":{"hardware":"NVIDIA L20Y","device":"cuda:1","correctness_trials":"(5 / 5)","reference_timing_ms":0.0369,"speed_up":0.557,"custom_timing":0.0662},"runtime":0.0662,"runtime_stats":{"mean":0.0662,"std":0.00243,"min":0.0626,"max":0.0782,"num_trials":100,"hardware":"NVIDIA L20Y","device":"cuda:1"}}}
2025-08-08 19:14:51,452 - openevolve.RemoteSpeedupEvaluator - INFO - [level1_67_conv_standard_1D] âœ” success | speed_up=0.557  score=20.00
2025-08-08 19:14:51,453 - openevolve.evaluator - INFO - Evaluated program fd47bc85-0470-459e-a2ca-f6c074989046 in 22.78s: compiled=1.0000, correctness=1.0000, stage=success, passed=0.0000, score=20.0000, speed_up=0.5570, runtime_ms=0.0662, meta={'hardware': 'NVIDIA L20Y', 'device': 'cuda:1', 'correctness_trials': '(5 / 5)', 'reference_timing_ms': 0.0369, 'speed_up': 0.557, 'custom_timing': 0.0662}
2025-08-08 19:14:51,458 - openevolve.llm.ensemble - INFO - Sampled model: deepseek
2025-08-08 19:14:51,474 - openevolve.threaded_parallel - INFO - Iteration 23: Program fd47bc85-0470-459e-a2ca-f6c074989046 (parent: b97a0067-f114-4551-93eb-b863015db645) completed in 730.51s
2025-08-08 19:14:51,474 - openevolve.threaded_parallel - INFO - Metrics: compiled=1.0000, correctness=1.0000, stage=success, passed=0.0000, score=20.0000, speed_up=0.5570, runtime_ms=0.0662, meta={'hardware': 'NVIDIA L20Y', 'device': 'cuda:1', 'correctness_trials': '(5 / 5)', 'reference_timing_ms': 0.0369, 'speed_up': 0.557, 'custom_timing': 0.0662}
