{"id": "999f3c94-6e34-4700-b0d1-f53a15caf5f7", "code": "k_offsets = tl.arange(0, kernel_size)", "language": "python", "parent_id": "cc8210af-472b-4002-8392-88afdbc7b861", "generation": 3, "timestamp": 1754990790.9021266, "iteration_found": 3, "metrics": {"compiled": false, "correctness": false, "score": -100.0, "stage": "no_valid_triton_code", "feedback": "You need to generate real and valid triton code for the core function. The key word 'import triton' is not found."}, "complexity": 0.0, "diversity": 0.0, "metadata": {"changes": "Full rewrite", "parent_metrics": {"compiled": true, "correctness": false, "score": 10, "stage": "wrong_answer", "verify_payload": {"id": "level1_79_conv_transposed_1D_asymmetric_input_square_kernel___padded____strided____dilated__", "result": {"compiled": true, "correctness": false, "metadata": {"hardware": "NVIDIA L20Y", "device": "cuda:6", "runtime_error": "Traceback (most recent call last):\n  File \"/home/lijiaxing/.conda/envs/api/lib/python3.10/site-packages/triton/language/core.py\", line 42, in wrapper\n    return fn(*args, **kwargs)\n  File \"/home/lijiaxing/.conda/envs/api/lib/python3.10/site-packages/triton/language/core.py\", line 1654, in arange\n    return _semantic.arange(start, end)\n  File \"/home/lijiaxing/.conda/envs/api/lib/python3.10/site-packages/triton/language/semantic.py\", line 574, in arange\n    raise ValueError(\"arange's arguments must be of type tl.constexpr\")\nValueError: arange's arguments must be of type tl.constexpr\n\nThe above exception was the direct cause of the following exception:\n\nTraceback (most recent call last):\n  File \"/cpfs01/shared/llm_kernel/hujiakai/KernelLLM/validation_api_server/helpers/evaluations.py\", line 720, in run_and_check_correctness\n    output_new = model_new(*inputs)\n  File \"/home/lijiaxing/.conda/envs/api/lib/python3.10/site-packages/torch/nn/modules/module.py\", line 1773, in _wrapped_call_impl\n    return self._call_impl(*args, **kwargs)\n  File \"/home/lijiaxing/.conda/envs/api/lib/python3.10/site-packages/torch/nn/modules/module.py\", line 1784, in _call_impl\n    return forward_call(*args, **kwargs)\n  File \"/tmp/tmplfirabes.py\", line 89, in forward\n    transposed_conv1d_kernel[grid](\n  File \"/home/lijiaxing/.conda/envs/api/lib/python3.10/site-packages/triton/runtime/jit.py\", line 390, in <lambda>\n    return lambda *args, **kwargs: self.run(grid=grid, warmup=False, *args, **kwargs)\n  File \"/home/lijiaxing/.conda/envs/api/lib/python3.10/site-packages/triton/runtime/jit.py\", line 594, in run\n    kernel = self.compile(src, target=target, options=options.__dict__)\n  File \"/home/lijiaxing/.conda/envs/api/lib/python3.10/site-packages/triton/compiler/compiler.py\", line 339, in compile\n    module = src.make_ir(options, codegen_fns, module_map, context)\n  File \"/home/lijiaxing/.conda/envs/api/lib/python3.10/site-packages/triton/compiler/compiler.py\", line 83, in make_ir\n    return ast_to_ttir(self.fn, self, context=context, options=options, codegen_fns=codegen_fns,\ntriton.compiler.errors.CompilationError: at 35:16:\n    remainder = offs % output_channels_length\n    c_out_idx = remainder // length_out\n    i_out = remainder % length_out\n\n    acc = tl.zeros((BLOCK_SIZE,), dtype=tl.float32)\n\n    if bias_ptr is not None:\n        bias = tl.load(bias_ptr + c_out_idx, mask=mask, other=0.0)\n        acc += bias\n\n    # Precompute kernel indices and validity masks\n    k_offsets = tl.arange(0, kernel_size)\n                ^\n\n\nThe above exception was the direct cause of the following exception:\n\nTraceback (most recent call last):\n  File \"/home/lijiaxing/.conda/envs/api/lib/python3.10/site-packages/triton/language/core.py\", line 42, in wrapper\n    return fn(*args, **kwargs)\n  File \"/home/lijiaxing/.conda/envs/api/lib/python3.10/site-packages/triton/language/core.py\", line 1654, in arange\n    return _semantic.arange(start, end)\n  File \"/home/lijiaxing/.conda/envs/api/lib/python3.10/site-packages/triton/language/semantic.py\", line 574, in arange\n    raise ValueError(\"arange's arguments must be of type tl.constexpr\")\nValueError: arange's arguments must be of type tl.constexpr\n", "runtime_error_name": "triton.compiler.errors.CompilationError", "reference_timing_ms": 0.0728, "speed_up": -1.0, "custom_timing": -1.0}, "runtime": -1.0, "runtime_stats": {}}}}, "island": 1}, "artifacts_json": null, "artifact_dir": null}