2025-08-12 16:53:16,286 - openevolve.controller - INFO - Logging to openevolve_output/level1_96_HuberLoss/logs/openevolve_20250812_165316.log
2025-08-12 16:53:16,286 - openevolve.controller - INFO - Set random seed to 42 for reproducibility
2025-08-12 16:53:16,326 - openevolve.llm.ensemble - INFO - Initialized LLM ensemble with models: deepseek (weight: 0.80), deepseek (weight: 0.20)
2025-08-12 16:53:16,365 - openevolve.llm.ensemble - INFO - Initialized LLM ensemble with models: deepseek (weight: 0.80), deepseek (weight: 0.20)
2025-08-12 16:53:16,365 - openevolve.prompt.sampler - INFO - Set custom templates: system=evaluator_system_message, user=None
2025-08-12 16:53:16,366 - openevolve.database - INFO - Initialized program database with 0 programs
2025-08-12 16:53:16,388 - openevolve.evaluator - INFO - Successfully loaded evaluation function from openevolve_output/level1_96_HuberLoss/evaluation.py
2025-08-12 16:53:16,388 - openevolve.evaluator - INFO - Initialized evaluator with openevolve_output/level1_96_HuberLoss/evaluation.py
2025-08-12 16:53:16,388 - openevolve.controller - INFO - Initialized OpenEvolve with /tmp/5a411f7659e929ec1c90408cc409d324.py
2025-08-12 16:53:16,388 - openevolve.controller - INFO - Adding initial program to database
2025-08-12 16:53:16,389 - openevolve.RemoteSpeedupEvaluator - INFO - [level1_96_HuberLoss] verify_plus payload: reference_code(553 chars) + custom_code(677 chars)
2025-08-12 16:53:19,074 - openevolve.RemoteSpeedupEvaluator - INFO - [level1_96_HuberLoss] verify_plus request success
2025-08-12 16:53:19,074 - openevolve.RemoteSpeedupEvaluator - INFO - [level1_96_HuberLoss] verify_plus response: {"id":"level1_96_HuberLoss","result":{"compiled":true,"correctness":true,"metadata":{"hardware":"NVIDIA L20Y","device":"cuda:1","correctness_trials":"(5 / 5)","reference_timing_ms":0.0757,"speed_up":2.301,"custom_timing":0.0329},"runtime":0.0329,"runtime_stats":{"mean":0.0329,"std":0.0019,"min":0.0309,"max":0.0429,"num_trials":100,"hardware":"NVIDIA L20Y","device":"cuda:1"}}}
2025-08-12 16:53:19,075 - openevolve.evaluator - INFO - Evaluated program eef78d07-6fc5-4a0b-a57f-b902d6cc0b55 in 2.69s: compiled=1.0000, correctness=1.0000, stage=reference code, passed=0.0000, score=0.0000, speed_up=1.0000, runtime_ms=0.0329, meta={'hardware': 'NVIDIA L20Y', 'device': 'cuda:1', 'correctness_trials': '(5 / 5)', 'reference_timing_ms': 0.0757, 'speed_up': 2.301, 'custom_timing': 0.0329}
2025-08-12 16:53:19,075 - openevolve.database - INFO - New MAP-Elites cell occupied: {'score': 0, 'complexity': 0}
2025-08-12 16:53:19,101 - openevolve.threaded_parallel - INFO - Initializing threaded evaluation pool with 3 workers
2025-08-12 16:53:19,103 - openevolve.threaded_parallel - INFO - Started thread pool with 3 threads
2025-08-12 16:53:19,103 - openevolve.threaded_parallel - INFO - Started improved parallel controller
2025-08-12 16:53:19,103 - openevolve.controller - INFO - Using island-based evolution with 3 islands
2025-08-12 16:53:19,103 - openevolve.database - INFO - Island Status:
2025-08-12 16:53:19,103 - openevolve.database - INFO -  * Island 0: 1 programs, best=0.0000, avg=0.0000, diversity=0.00, gen=0 (best: eef78d07-6fc5-4a0b-a57f-b902d6cc0b55)
2025-08-12 16:53:19,103 - openevolve.database - INFO -    Island 1: 0 programs, best=0.0000, avg=0.0000, diversity=0.00, gen=0
2025-08-12 16:53:19,103 - openevolve.database - INFO -    Island 2: 0 programs, best=0.0000, avg=0.0000, diversity=0.00, gen=0
2025-08-12 16:53:19,103 - openevolve.threaded_parallel - INFO - Starting improved parallel evolution from iteration 0 for 30 iterations (total: 30)
2025-08-12 16:53:19,306 - openevolve.llm.ensemble - INFO - Initialized LLM ensemble with models: deepseek (weight: 0.80), deepseek (weight: 0.20)
2025-08-12 16:53:19,308 - openevolve.llm.ensemble - INFO - Initialized LLM ensemble with models: deepseek (weight: 0.80), deepseek (weight: 0.20)
2025-08-12 16:53:19,311 - openevolve.llm.ensemble - INFO - Initialized LLM ensemble with models: deepseek (weight: 0.80), deepseek (weight: 0.20)
2025-08-12 16:53:19,444 - openevolve.llm.ensemble - INFO - Initialized LLM ensemble with models: deepseek (weight: 0.80), deepseek (weight: 0.20)
2025-08-12 16:53:19,444 - openevolve.prompt.sampler - INFO - Set custom templates: system=evaluator_system_message, user=None
2025-08-12 16:53:19,446 - openevolve.evaluator - INFO - Successfully loaded evaluation function from openevolve_output/level1_96_HuberLoss/evaluation.py
2025-08-12 16:53:19,446 - openevolve.evaluator - INFO - Initialized evaluator with openevolve_output/level1_96_HuberLoss/evaluation.py
2025-08-12 16:53:19,448 - openevolve.llm.ensemble - INFO - Sampled model: deepseek
2025-08-12 16:53:19,451 - openevolve.llm.ensemble - INFO - Initialized LLM ensemble with models: deepseek (weight: 0.80), deepseek (weight: 0.20)
2025-08-12 16:53:19,451 - openevolve.prompt.sampler - INFO - Set custom templates: system=evaluator_system_message, user=None
2025-08-12 16:53:19,452 - openevolve.llm.ensemble - INFO - Initialized LLM ensemble with models: deepseek (weight: 0.80), deepseek (weight: 0.20)
2025-08-12 16:53:19,453 - openevolve.prompt.sampler - INFO - Set custom templates: system=evaluator_system_message, user=None
2025-08-12 16:53:19,453 - openevolve.evaluator - INFO - Successfully loaded evaluation function from openevolve_output/level1_96_HuberLoss/evaluation.py
2025-08-12 16:53:19,453 - openevolve.evaluator - INFO - Initialized evaluator with openevolve_output/level1_96_HuberLoss/evaluation.py
2025-08-12 16:53:19,455 - openevolve.evaluator - INFO - Successfully loaded evaluation function from openevolve_output/level1_96_HuberLoss/evaluation.py
2025-08-12 16:53:19,455 - openevolve.evaluator - INFO - Initialized evaluator with openevolve_output/level1_96_HuberLoss/evaluation.py
2025-08-12 16:53:19,455 - openevolve.llm.ensemble - INFO - Sampled model: deepseek
2025-08-12 16:53:19,457 - openevolve.llm.ensemble - INFO - Sampled model: deepseek
2025-08-12 17:01:32,577 - openevolve.RemoteSpeedupEvaluator - INFO - [level1_96_HuberLoss] âœ˜ invalid_answer 'tl.store' is not found
2025-08-12 17:01:32,578 - openevolve.evaluator - INFO - Evaluated program d34d315b-2b2c-46b6-9e6f-c0f2b4d9c983 in 0.00s: compiled=0.0000, correctness=0.0000, score=-100.0000, stage=no_valid_triton_code, feedback=You need to generate real and valid triton code for the core function. The key word 'tl.store' is not found.
2025-08-12 17:01:32,581 - openevolve.llm.ensemble - INFO - Sampled model: deepseek
2025-08-12 17:01:32,589 - openevolve.database - INFO - New MAP-Elites cell occupied: {'score': -1000, 'complexity': 9}
2025-08-12 17:01:32,595 - openevolve.threaded_parallel - INFO - Iteration 1: Program d34d315b-2b2c-46b6-9e6f-c0f2b4d9c983 (parent: eef78d07-6fc5-4a0b-a57f-b902d6cc0b55) completed in 493.13s
2025-08-12 17:01:32,595 - openevolve.threaded_parallel - INFO - Metrics: compiled=0.0000, correctness=0.0000, score=-100.0000, stage=no_valid_triton_code, feedback=You need to generate real and valid triton code for the core function. The key word 'tl.store' is not found.
2025-08-12 17:04:08,106 - openevolve.RemoteSpeedupEvaluator - INFO - [level1_96_HuberLoss] âœ˜ invalid_answer 'tl.store' is not found
2025-08-12 17:04:08,107 - openevolve.evaluator - INFO - Evaluated program 44ac6aa4-60c1-4cf9-a464-b752fdc82d39 in 0.00s: compiled=0.0000, correctness=0.0000, score=-100.0000, stage=no_valid_triton_code, feedback=You need to generate real and valid triton code for the core function. The key word 'tl.store' is not found.
2025-08-12 17:04:08,109 - openevolve.llm.ensemble - INFO - Sampled model: deepseek
2025-08-12 17:04:08,116 - openevolve.threaded_parallel - INFO - Iteration 0: Program 44ac6aa4-60c1-4cf9-a464-b752fdc82d39 (parent: eef78d07-6fc5-4a0b-a57f-b902d6cc0b55) completed in 648.65s
2025-08-12 17:04:08,116 - openevolve.threaded_parallel - INFO - Metrics: compiled=0.0000, correctness=0.0000, score=-100.0000, stage=no_valid_triton_code, feedback=You need to generate real and valid triton code for the core function. The key word 'tl.store' is not found.
2025-08-12 17:04:08,116 - openevolve.threaded_parallel - INFO - Checkpoint interval reached at iteration 0
2025-08-12 17:04:08,116 - openevolve.database - INFO - Island Status:
2025-08-12 17:04:08,116 - openevolve.database - INFO -  * Island 0: 3 programs, best=0.0000, avg=-66.6667, diversity=396.60, gen=2 (best: eef78d07-6fc5-4a0b-a57f-b902d6cc0b55)
2025-08-12 17:04:08,116 - openevolve.database - INFO -    Island 1: 0 programs, best=0.0000, avg=0.0000, diversity=0.00, gen=0
2025-08-12 17:04:08,116 - openevolve.database - INFO -    Island 2: 0 programs, best=0.0000, avg=0.0000, diversity=0.00, gen=0
2025-08-12 17:04:08,157 - openevolve.database - INFO - Saved database with 3 programs to openevolve_output/level1_96_HuberLoss/checkpoints/checkpoint_0
2025-08-12 17:04:08,167 - openevolve.controller - INFO - Saved best program at checkpoint 0 with metrics: compiled=1.0000, correctness=1.0000, stage=reference code, passed=0.0000, score=0.0000, speed_up=1.0000, runtime_ms=0.0329, meta={'hardware': 'NVIDIA L20Y', 'device': 'cuda:1', 'correctness_trials': '(5 / 5)', 'reference_timing_ms': 0.0757, 'speed_up': 2.301, 'custom_timing': 0.0329}
2025-08-12 17:04:08,167 - openevolve.controller - INFO - Saved checkpoint at iteration 0 to openevolve_output/level1_96_HuberLoss/checkpoints/checkpoint_0
2025-08-12 17:08:24,181 - openevolve.RemoteSpeedupEvaluator - INFO - [level1_96_HuberLoss] âœ˜ invalid_answer 'tl.store' is not found
2025-08-12 17:08:24,182 - openevolve.evaluator - INFO - Evaluated program 8b6e2f4e-88d8-4c48-9418-22c2d6663e4d in 0.00s: compiled=0.0000, correctness=0.0000, score=-100.0000, stage=no_valid_triton_code, feedback=You need to generate real and valid triton code for the core function. The key word 'tl.store' is not found.
2025-08-12 17:08:24,185 - openevolve.llm.ensemble - INFO - Sampled model: deepseek
2025-08-12 17:08:24,190 - openevolve.threaded_parallel - INFO - Iteration 2: Program 8b6e2f4e-88d8-4c48-9418-22c2d6663e4d (parent: eef78d07-6fc5-4a0b-a57f-b902d6cc0b55) completed in 904.73s
2025-08-12 17:08:24,190 - openevolve.threaded_parallel - INFO - Metrics: compiled=0.0000, correctness=0.0000, score=-100.0000, stage=no_valid_triton_code, feedback=You need to generate real and valid triton code for the core function. The key word 'tl.store' is not found.
2025-08-12 17:09:23,361 - openevolve.RemoteSpeedupEvaluator - INFO - [level1_96_HuberLoss] âœ˜ invalid_answer 'tl.store' is not found
2025-08-12 17:09:23,362 - openevolve.evaluator - INFO - Evaluated program 80df6531-d695-482b-bae3-5eee0b3c8cc4 in 0.00s: compiled=0.0000, correctness=0.0000, score=-100.0000, stage=no_valid_triton_code, feedback=You need to generate real and valid triton code for the core function. The key word 'tl.store' is not found.
2025-08-12 17:09:23,365 - openevolve.llm.ensemble - INFO - Sampled model: deepseek
2025-08-12 17:09:23,365 - openevolve.database - INFO - New MAP-Elites cell occupied: {'score': -1000, 'complexity': 7}
2025-08-12 17:09:23,372 - openevolve.threaded_parallel - INFO - Iteration 3: Program 80df6531-d695-482b-bae3-5eee0b3c8cc4 (parent: eef78d07-6fc5-4a0b-a57f-b902d6cc0b55) completed in 470.78s
2025-08-12 17:09:23,372 - openevolve.threaded_parallel - INFO - Metrics: compiled=0.0000, correctness=0.0000, score=-100.0000, stage=no_valid_triton_code, feedback=You need to generate real and valid triton code for the core function. The key word 'tl.store' is not found.
2025-08-12 17:09:23,372 - openevolve.threaded_parallel - INFO - Checkpoint interval reached at iteration 3
2025-08-12 17:09:23,372 - openevolve.database - INFO - Island Status:
2025-08-12 17:09:23,372 - openevolve.database - INFO -    Island 0: 4 programs, best=0.0000, avg=-75.0000, diversity=304.50, gen=2 (best: eef78d07-6fc5-4a0b-a57f-b902d6cc0b55)
2025-08-12 17:09:23,372 - openevolve.database - INFO -    Island 1: 2 programs, best=0.0000, avg=-50.0000, diversity=406.30, gen=1 (best: 80df6531-d695-482b-bae3-5eee0b3c8cc4)
2025-08-12 17:09:23,372 - openevolve.database - INFO -  * Island 2: 0 programs, best=0.0000, avg=0.0000, diversity=0.00, gen=1
2025-08-12 17:09:23,429 - openevolve.database - INFO - Saved database with 5 programs to openevolve_output/level1_96_HuberLoss/checkpoints/checkpoint_3
2025-08-12 17:09:23,439 - openevolve.controller - INFO - Saved best program at checkpoint 3 with metrics: compiled=1.0000, correctness=1.0000, stage=reference code, passed=0.0000, score=0.0000, speed_up=1.0000, runtime_ms=0.0329, meta={'hardware': 'NVIDIA L20Y', 'device': 'cuda:1', 'correctness_trials': '(5 / 5)', 'reference_timing_ms': 0.0757, 'speed_up': 2.301, 'custom_timing': 0.0329}
2025-08-12 17:09:23,439 - openevolve.controller - INFO - Saved checkpoint at iteration 3 to openevolve_output/level1_96_HuberLoss/checkpoints/checkpoint_3
2025-08-12 17:12:57,295 - openevolve.RemoteSpeedupEvaluator - INFO - [level1_96_HuberLoss] triton key words check pass
2025-08-12 17:12:57,295 - openevolve.RemoteSpeedupEvaluator - INFO - [level1_96_HuberLoss] verify_plus payload: reference_code(553 chars) + custom_code(1942 chars)
2025-08-12 17:13:00,180 - openevolve.RemoteSpeedupEvaluator - INFO - [level1_96_HuberLoss] verify_plus request success
2025-08-12 17:13:00,180 - openevolve.RemoteSpeedupEvaluator - INFO - [level1_96_HuberLoss] verify_plus response: {"id":"level1_96_HuberLoss","result":{"compiled":true,"correctness":false,"metadata":{"hardware":"NVIDIA L20Y","device":"cuda:2","correctness_issue":"Output shape mismatch: Expected torch.Size([]), got torch.Size([1])","correctness_issue_name":"correctness_issue","reference_timing_ms":0.0757,"speed_up":-1.0,"custom_timing":-1.0},"runtime":-1.0,"runtime_stats":{}}}
2025-08-12 17:13:00,181 - openevolve.RemoteSpeedupEvaluator - INFO - [level1_96_HuberLoss] âœ˜ wrong_answer
2025-08-12 17:13:00,181 - openevolve.evaluator - INFO - Evaluated program 96ac68bf-2b4a-49eb-8175-319a57ca8fd2 in 2.89s: compiled=1.0000, correctness=0.0000, score=10.0000, stage=wrong_answer, verify_payload={'id': 'level1_96_HuberLoss', 'result': {'compiled': True, 'correctness': False, 'metadata': {'hardware': 'NVIDIA L20Y', 'device': 'cuda:2', 'correctness_issue': 'Output shape mismatch: Expected torch.Size([]), got torch.Size([1])', 'correctness_issue_name': 'correctness_issue', 'reference_timing_ms': 0.0757, 'speed_up': -1.0, 'custom_timing': -1.0}, 'runtime': -1.0, 'runtime_stats': {}}}
2025-08-12 17:13:00,183 - openevolve.database - INFO - New MAP-Elites cell occupied: {'score': 9, 'complexity': 9}
2025-08-12 17:13:00,184 - openevolve.database - INFO - New best program 96ac68bf-2b4a-49eb-8175-319a57ca8fd2 replaces eef78d07-6fc5-4a0b-a57f-b902d6cc0b55
2025-08-12 17:13:00,184 - openevolve.llm.ensemble - INFO - Sampled model: deepseek
2025-08-12 17:13:00,190 - openevolve.threaded_parallel - INFO - Iteration 4: Program 96ac68bf-2b4a-49eb-8175-319a57ca8fd2 (parent: d34d315b-2b2c-46b6-9e6f-c0f2b4d9c983) completed in 532.07s
2025-08-12 17:13:00,190 - openevolve.threaded_parallel - INFO - Metrics: compiled=1.0000, correctness=0.0000, score=10.0000, stage=wrong_answer, verify_payload={'id': 'level1_96_HuberLoss', 'result': {'compiled': True, 'correctness': False, 'metadata': {'hardware': 'NVIDIA L20Y', 'device': 'cuda:2', 'correctness_issue': 'Output shape mismatch: Expected torch.Size([]), got torch.Size([1])', 'correctness_issue_name': 'correctness_issue', 'reference_timing_ms': 0.0757, 'speed_up': -1.0, 'custom_timing': -1.0}, 'runtime': -1.0, 'runtime_stats': {}}}
2025-08-12 17:13:00,190 - openevolve.threaded_parallel - INFO - ðŸŒŸ New best solution found at iteration 4: 96ac68bf-2b4a-49eb-8175-319a57ca8fd2
2025-08-12 17:17:24,165 - openevolve.RemoteSpeedupEvaluator - INFO - [level1_96_HuberLoss] âœ˜ invalid_answer 'tl.store' is not found
2025-08-12 17:17:24,166 - openevolve.evaluator - INFO - Evaluated program 62d3eff9-e7bb-4a8d-adcf-1579ac56bc30 in 0.00s: compiled=0.0000, correctness=0.0000, score=-100.0000, stage=no_valid_triton_code, feedback=You need to generate real and valid triton code for the core function. The key word 'tl.store' is not found.
2025-08-12 17:17:24,168 - openevolve.llm.ensemble - INFO - Sampled model: deepseek
2025-08-12 17:17:24,173 - openevolve.database - INFO - New MAP-Elites cell occupied: {'score': -1000, 'complexity': 8}
2025-08-12 17:17:24,179 - openevolve.threaded_parallel - INFO - Iteration 5: Program 62d3eff9-e7bb-4a8d-adcf-1579ac56bc30 (parent: eef78d07-6fc5-4a0b-a57f-b902d6cc0b55) completed in 539.98s
2025-08-12 17:17:24,179 - openevolve.threaded_parallel - INFO - Metrics: compiled=0.0000, correctness=0.0000, score=-100.0000, stage=no_valid_triton_code, feedback=You need to generate real and valid triton code for the core function. The key word 'tl.store' is not found.
2025-08-12 17:23:45,135 - openevolve.RemoteSpeedupEvaluator - INFO - [level1_96_HuberLoss] âœ˜ invalid_answer 'tl.store' is not found
2025-08-12 17:23:45,136 - openevolve.evaluator - INFO - Evaluated program 7ea1893d-0eed-434e-8452-416c9ab20f27 in 0.00s: compiled=0.0000, correctness=0.0000, score=-100.0000, stage=no_valid_triton_code, feedback=You need to generate real and valid triton code for the core function. The key word 'tl.store' is not found.
2025-08-12 17:23:45,141 - openevolve.llm.ensemble - INFO - Sampled model: deepseek
2025-08-12 17:23:45,148 - openevolve.threaded_parallel - INFO - Iteration 6: Program 7ea1893d-0eed-434e-8452-416c9ab20f27 (parent: eef78d07-6fc5-4a0b-a57f-b902d6cc0b55) completed in 861.77s
2025-08-12 17:23:45,148 - openevolve.threaded_parallel - INFO - Metrics: compiled=0.0000, correctness=0.0000, score=-100.0000, stage=no_valid_triton_code, feedback=You need to generate real and valid triton code for the core function. The key word 'tl.store' is not found.
2025-08-12 17:23:45,148 - openevolve.threaded_parallel - INFO - Checkpoint interval reached at iteration 6
2025-08-12 17:23:45,148 - openevolve.database - INFO - Island Status:
2025-08-12 17:23:45,149 - openevolve.database - INFO -    Island 0: 5 programs, best=0.0000, avg=-80.0000, diversity=160.87, gen=3 (best: eef78d07-6fc5-4a0b-a57f-b902d6cc0b55)
2025-08-12 17:23:45,149 - openevolve.database - INFO -    Island 1: 3 programs, best=0.0000, avg=-66.6667, diversity=342.73, gen=2 (best: 80df6531-d695-482b-bae3-5eee0b3c8cc4)
2025-08-12 17:23:45,149 - openevolve.database - INFO -  * Island 2: 1 programs, best=10.0000, avg=10.0000, diversity=0.00, gen=2 (best: 96ac68bf-2b4a-49eb-8175-319a57ca8fd2)
2025-08-12 17:23:45,234 - openevolve.database - INFO - Saved database with 8 programs to openevolve_output/level1_96_HuberLoss/checkpoints/checkpoint_6
2025-08-12 17:23:45,245 - openevolve.controller - INFO - Saved best program at checkpoint 6 with metrics: compiled=1.0000, correctness=0.0000, score=10.0000, stage=wrong_answer, verify_payload={'id': 'level1_96_HuberLoss', 'result': {'compiled': True, 'correctness': False, 'metadata': {'hardware': 'NVIDIA L20Y', 'device': 'cuda:2', 'correctness_issue': 'Output shape mismatch: Expected torch.Size([]), got torch.Size([1])', 'correctness_issue_name': 'correctness_issue', 'reference_timing_ms': 0.0757, 'speed_up': -1.0, 'custom_timing': -1.0}, 'runtime': -1.0, 'runtime_stats': {}}}
2025-08-12 17:23:45,245 - openevolve.controller - INFO - Saved checkpoint at iteration 6 to openevolve_output/level1_96_HuberLoss/checkpoints/checkpoint_6
2025-08-12 17:25:24,604 - openevolve.RemoteSpeedupEvaluator - INFO - [level1_96_HuberLoss] triton key words check pass
2025-08-12 17:25:24,605 - openevolve.RemoteSpeedupEvaluator - INFO - [level1_96_HuberLoss] verify_plus payload: reference_code(553 chars) + custom_code(2149 chars)
2025-08-12 17:25:27,574 - openevolve.RemoteSpeedupEvaluator - INFO - [level1_96_HuberLoss] verify_plus request success
2025-08-12 17:25:27,574 - openevolve.RemoteSpeedupEvaluator - INFO - [level1_96_HuberLoss] verify_plus response: {"id":"level1_96_HuberLoss","result":{"compiled":true,"correctness":false,"metadata":{"hardware":"NVIDIA L20Y","device":"cuda:3","correctness_issue":"Output shape mismatch: Expected torch.Size([]), got torch.Size([1])","correctness_issue_name":"correctness_issue","reference_timing_ms":0.0757,"speed_up":-1.0,"custom_timing":-1.0},"runtime":-1.0,"runtime_stats":{}}}
2025-08-12 17:25:27,574 - openevolve.RemoteSpeedupEvaluator - INFO - [level1_96_HuberLoss] âœ˜ wrong_answer
2025-08-12 17:25:27,574 - openevolve.evaluator - INFO - Evaluated program 941cfa6f-aafc-4bf3-b28c-acd060adf7c6 in 2.97s: compiled=1.0000, correctness=0.0000, score=10.0000, stage=wrong_answer, verify_payload={'id': 'level1_96_HuberLoss', 'result': {'compiled': True, 'correctness': False, 'metadata': {'hardware': 'NVIDIA L20Y', 'device': 'cuda:3', 'correctness_issue': 'Output shape mismatch: Expected torch.Size([]), got torch.Size([1])', 'correctness_issue_name': 'correctness_issue', 'reference_timing_ms': 0.0757, 'speed_up': -1.0, 'custom_timing': -1.0}, 'runtime': -1.0, 'runtime_stats': {}}}
2025-08-12 17:25:27,577 - openevolve.llm.ensemble - INFO - Sampled model: deepseek
2025-08-12 17:25:27,586 - openevolve.threaded_parallel - INFO - Iteration 8: Program 941cfa6f-aafc-4bf3-b28c-acd060adf7c6 (parent: 44ac6aa4-60c1-4cf9-a464-b752fdc82d39) completed in 483.41s
2025-08-12 17:25:27,586 - openevolve.threaded_parallel - INFO - Metrics: compiled=1.0000, correctness=0.0000, score=10.0000, stage=wrong_answer, verify_payload={'id': 'level1_96_HuberLoss', 'result': {'compiled': True, 'correctness': False, 'metadata': {'hardware': 'NVIDIA L20Y', 'device': 'cuda:3', 'correctness_issue': 'Output shape mismatch: Expected torch.Size([]), got torch.Size([1])', 'correctness_issue_name': 'correctness_issue', 'reference_timing_ms': 0.0757, 'speed_up': -1.0, 'custom_timing': -1.0}, 'runtime': -1.0, 'runtime_stats': {}}}
2025-08-12 17:25:47,794 - openevolve.RemoteSpeedupEvaluator - INFO - [level1_96_HuberLoss] triton key words check pass
2025-08-12 17:25:47,794 - openevolve.RemoteSpeedupEvaluator - INFO - [level1_96_HuberLoss] verify_plus payload: reference_code(553 chars) + custom_code(1859 chars)
2025-08-12 17:25:51,611 - openevolve.RemoteSpeedupEvaluator - INFO - [level1_96_HuberLoss] verify_plus request success
2025-08-12 17:25:51,612 - openevolve.RemoteSpeedupEvaluator - INFO - [level1_96_HuberLoss] verify_plus response: {"id":"level1_96_HuberLoss","result":{"compiled":true,"correctness":true,"metadata":{"hardware":"NVIDIA L20Y","device":"cuda:5","correctness_trials":"(5 / 5)","reference_timing_ms":0.0757,"speed_up":1.102,"custom_timing":0.0687},"runtime":0.0687,"runtime_stats":{"mean":0.0687,"std":0.00439,"min":0.0633,"max":0.0891,"num_trials":100,"hardware":"NVIDIA L20Y","device":"cuda:5"}}}
2025-08-12 17:25:51,612 - openevolve.RemoteSpeedupEvaluator - INFO - [level1_96_HuberLoss] âœ” success | speed_up=1.102  score=30.20
2025-08-12 17:25:51,613 - openevolve.evaluator - INFO - Evaluated program 5f3e915c-a0a1-4b36-bf0d-700e5ed3aa5d in 3.82s: compiled=1.0000, correctness=1.0000, stage=success, passed=1.0000, score=30.2000, speed_up=1.1020, runtime_ms=0.0687, meta={'hardware': 'NVIDIA L20Y', 'device': 'cuda:5', 'correctness_trials': '(5 / 5)', 'reference_timing_ms': 0.0757, 'speed_up': 1.102, 'custom_timing': 0.0687}
2025-08-12 17:25:51,615 - openevolve.llm.ensemble - INFO - Sampled model: deepseek
2025-08-12 17:25:51,618 - openevolve.database - INFO - New MAP-Elites cell occupied: {'score': 9, 'complexity': 8}
2025-08-12 17:25:51,618 - openevolve.database - INFO - New best program 5f3e915c-a0a1-4b36-bf0d-700e5ed3aa5d replaces 96ac68bf-2b4a-49eb-8175-319a57ca8fd2
2025-08-12 17:25:51,623 - openevolve.threaded_parallel - INFO - Iteration 7: Program 5f3e915c-a0a1-4b36-bf0d-700e5ed3aa5d (parent: eef78d07-6fc5-4a0b-a57f-b902d6cc0b55) completed in 771.43s
2025-08-12 17:25:51,623 - openevolve.threaded_parallel - INFO - Metrics: compiled=1.0000, correctness=1.0000, stage=success, passed=1.0000, score=30.2000, speed_up=1.1020, runtime_ms=0.0687, meta={'hardware': 'NVIDIA L20Y', 'device': 'cuda:5', 'correctness_trials': '(5 / 5)', 'reference_timing_ms': 0.0757, 'speed_up': 1.102, 'custom_timing': 0.0687}
2025-08-12 17:25:51,623 - openevolve.threaded_parallel - INFO - ðŸŒŸ New best solution found at iteration 7: 5f3e915c-a0a1-4b36-bf0d-700e5ed3aa5d
2025-08-12 17:31:40,395 - openevolve.RemoteSpeedupEvaluator - INFO - [level1_96_HuberLoss] âœ˜ invalid_answer 'tl.store' is not found
2025-08-12 17:31:40,396 - openevolve.evaluator - INFO - Evaluated program 14f1d22d-2e25-40ab-ac98-81551761ce64 in 0.00s: compiled=0.0000, correctness=0.0000, score=-100.0000, stage=no_valid_triton_code, feedback=You need to generate real and valid triton code for the core function. The key word 'tl.store' is not found.
2025-08-12 17:31:40,400 - openevolve.llm.ensemble - INFO - Sampled model: deepseek
2025-08-12 17:31:40,406 - openevolve.threaded_parallel - INFO - Iteration 10: Program 14f1d22d-2e25-40ab-ac98-81551761ce64 (parent: 96ac68bf-2b4a-49eb-8175-319a57ca8fd2) completed in 372.82s
2025-08-12 17:31:40,406 - openevolve.threaded_parallel - INFO - Metrics: compiled=0.0000, correctness=0.0000, score=-100.0000, stage=no_valid_triton_code, feedback=You need to generate real and valid triton code for the core function. The key word 'tl.store' is not found.
2025-08-12 17:33:41,140 - openevolve.RemoteSpeedupEvaluator - INFO - [level1_96_HuberLoss] triton key words check pass
2025-08-12 17:33:41,141 - openevolve.RemoteSpeedupEvaluator - INFO - [level1_96_HuberLoss] verify_plus payload: reference_code(553 chars) + custom_code(2553 chars)
2025-08-12 17:33:44,174 - openevolve.RemoteSpeedupEvaluator - INFO - [level1_96_HuberLoss] verify_plus request success
2025-08-12 17:33:44,174 - openevolve.RemoteSpeedupEvaluator - INFO - [level1_96_HuberLoss] verify_plus response: {"id":"level1_96_HuberLoss","result":{"compiled":true,"correctness":false,"metadata":{"hardware":"NVIDIA L20Y","device":"cuda:0","correctness_issue":"Output shape mismatch: Expected torch.Size([]), got torch.Size([1])","correctness_issue_name":"correctness_issue","reference_timing_ms":0.0757,"speed_up":-1.0,"custom_timing":-1.0},"runtime":-1.0,"runtime_stats":{}}}
2025-08-12 17:33:44,174 - openevolve.RemoteSpeedupEvaluator - INFO - [level1_96_HuberLoss] âœ˜ wrong_answer
2025-08-12 17:33:44,174 - openevolve.evaluator - INFO - Evaluated program 46b2f5bd-16f0-44b2-9679-59ca4c618807 in 3.04s: compiled=1.0000, correctness=0.0000, score=10.0000, stage=wrong_answer, verify_payload={'id': 'level1_96_HuberLoss', 'result': {'compiled': True, 'correctness': False, 'metadata': {'hardware': 'NVIDIA L20Y', 'device': 'cuda:0', 'correctness_issue': 'Output shape mismatch: Expected torch.Size([]), got torch.Size([1])', 'correctness_issue_name': 'correctness_issue', 'reference_timing_ms': 0.0757, 'speed_up': -1.0, 'custom_timing': -1.0}, 'runtime': -1.0, 'runtime_stats': {}}}
2025-08-12 17:33:44,179 - openevolve.llm.ensemble - INFO - Sampled model: deepseek
2025-08-12 17:33:44,189 - openevolve.threaded_parallel - INFO - Iteration 9: Program 46b2f5bd-16f0-44b2-9679-59ca4c618807 (parent: eef78d07-6fc5-4a0b-a57f-b902d6cc0b55) completed in 599.03s
2025-08-12 17:33:44,189 - openevolve.threaded_parallel - INFO - Metrics: compiled=1.0000, correctness=0.0000, score=10.0000, stage=wrong_answer, verify_payload={'id': 'level1_96_HuberLoss', 'result': {'compiled': True, 'correctness': False, 'metadata': {'hardware': 'NVIDIA L20Y', 'device': 'cuda:0', 'correctness_issue': 'Output shape mismatch: Expected torch.Size([]), got torch.Size([1])', 'correctness_issue_name': 'correctness_issue', 'reference_timing_ms': 0.0757, 'speed_up': -1.0, 'custom_timing': -1.0}, 'runtime': -1.0, 'runtime_stats': {}}}
2025-08-12 17:33:44,189 - openevolve.threaded_parallel - INFO - Checkpoint interval reached at iteration 9
2025-08-12 17:33:44,190 - openevolve.database - INFO - Island Status:
2025-08-12 17:33:44,190 - openevolve.database - INFO -  * Island 0: 6 programs, best=30.2000, avg=-61.6333, diversity=101.62, gen=5 (best: 5f3e915c-a0a1-4b36-bf0d-700e5ed3aa5d)
2025-08-12 17:33:44,191 - openevolve.database - INFO -    Island 1: 4 programs, best=0.0000, avg=-75.0000, diversity=268.10, gen=3 (best: 80df6531-d695-482b-bae3-5eee0b3c8cc4)
2025-08-12 17:33:44,191 - openevolve.database - INFO -    Island 2: 3 programs, best=10.0000, avg=10.0000, diversity=188.40, gen=3 (best: 96ac68bf-2b4a-49eb-8175-319a57ca8fd2)
2025-08-12 17:33:44,364 - openevolve.database - INFO - Saved database with 12 programs to openevolve_output/level1_96_HuberLoss/checkpoints/checkpoint_9
2025-08-12 17:33:44,377 - openevolve.controller - INFO - Saved best program at checkpoint 9 with metrics: compiled=1.0000, correctness=1.0000, stage=success, passed=1.0000, score=30.2000, speed_up=1.1020, runtime_ms=0.0687, meta={'hardware': 'NVIDIA L20Y', 'device': 'cuda:5', 'correctness_trials': '(5 / 5)', 'reference_timing_ms': 0.0757, 'speed_up': 1.102, 'custom_timing': 0.0687}
2025-08-12 17:33:44,377 - openevolve.controller - INFO - Saved checkpoint at iteration 9 to openevolve_output/level1_96_HuberLoss/checkpoints/checkpoint_9
2025-08-12 17:34:52,641 - openevolve.RemoteSpeedupEvaluator - INFO - [level1_96_HuberLoss] triton key words check pass
2025-08-12 17:34:52,642 - openevolve.RemoteSpeedupEvaluator - INFO - [level1_96_HuberLoss] verify_plus payload: reference_code(553 chars) + custom_code(1831 chars)
2025-08-12 17:34:55,772 - openevolve.RemoteSpeedupEvaluator - INFO - [level1_96_HuberLoss] verify_plus request success
2025-08-12 17:34:55,772 - openevolve.RemoteSpeedupEvaluator - INFO - [level1_96_HuberLoss] verify_plus response: {"id":"level1_96_HuberLoss","result":{"compiled":true,"correctness":true,"metadata":{"hardware":"NVIDIA L20Y","device":"cuda:6","correctness_trials":"(5 / 5)","reference_timing_ms":0.0757,"speed_up":1.157,"custom_timing":0.0654},"runtime":0.0654,"runtime_stats":{"mean":0.0654,"std":0.00515,"min":0.0601,"max":0.0853,"num_trials":100,"hardware":"NVIDIA L20Y","device":"cuda:6"}}}
2025-08-12 17:34:55,773 - openevolve.RemoteSpeedupEvaluator - INFO - [level1_96_HuberLoss] âœ” success | speed_up=1.157  score=35.70
2025-08-12 17:34:55,773 - openevolve.evaluator - INFO - Evaluated program dc0723b2-043a-4bcf-a741-f90a4486ced6 in 3.13s: compiled=1.0000, correctness=1.0000, stage=success, passed=1.0000, score=35.7000, speed_up=1.1570, runtime_ms=0.0654, meta={'hardware': 'NVIDIA L20Y', 'device': 'cuda:6', 'correctness_trials': '(5 / 5)', 'reference_timing_ms': 0.0757, 'speed_up': 1.157, 'custom_timing': 0.0654}
2025-08-12 17:34:55,777 - openevolve.llm.ensemble - INFO - Sampled model: deepseek
2025-08-12 17:34:55,778 - openevolve.database - INFO - New MAP-Elites cell occupied: {'score': 9, 'complexity': 6}
2025-08-12 17:34:55,778 - openevolve.database - INFO - New best program dc0723b2-043a-4bcf-a741-f90a4486ced6 replaces 5f3e915c-a0a1-4b36-bf0d-700e5ed3aa5d
2025-08-12 17:34:55,785 - openevolve.threaded_parallel - INFO - Iteration 11: Program dc0723b2-043a-4bcf-a741-f90a4486ced6 (parent: 8b6e2f4e-88d8-4c48-9418-22c2d6663e4d) completed in 544.16s
2025-08-12 17:34:55,785 - openevolve.threaded_parallel - INFO - Metrics: compiled=1.0000, correctness=1.0000, stage=success, passed=1.0000, score=35.7000, speed_up=1.1570, runtime_ms=0.0654, meta={'hardware': 'NVIDIA L20Y', 'device': 'cuda:6', 'correctness_trials': '(5 / 5)', 'reference_timing_ms': 0.0757, 'speed_up': 1.157, 'custom_timing': 0.0654}
2025-08-12 17:34:55,785 - openevolve.threaded_parallel - INFO - ðŸŒŸ New best solution found at iteration 11: dc0723b2-043a-4bcf-a741-f90a4486ced6
2025-08-12 17:39:06,660 - openevolve.RemoteSpeedupEvaluator - INFO - [level1_96_HuberLoss] âœ˜ invalid_answer 'import triton' is not found
2025-08-12 17:39:06,661 - openevolve.evaluator - INFO - Evaluated program 8c9737db-36ea-44ab-b42b-45cc1a7d1bd1 in 0.00s: compiled=0.0000, correctness=0.0000, score=-100.0000, stage=no_valid_triton_code, feedback=You need to generate real and valid triton code for the core function. The key word 'import triton' is not found.
2025-08-12 17:39:06,664 - openevolve.llm.ensemble - INFO - Sampled model: deepseek
2025-08-12 17:39:06,669 - openevolve.database - INFO - New MAP-Elites cell occupied: {'score': -1000, 'complexity': 0}
2025-08-12 17:39:06,677 - openevolve.threaded_parallel - INFO - Iteration 14: Program 8c9737db-36ea-44ab-b42b-45cc1a7d1bd1 (parent: 8b6e2f4e-88d8-4c48-9418-22c2d6663e4d) completed in 250.88s
2025-08-12 17:39:06,677 - openevolve.threaded_parallel - INFO - Metrics: compiled=0.0000, correctness=0.0000, score=-100.0000, stage=no_valid_triton_code, feedback=You need to generate real and valid triton code for the core function. The key word 'import triton' is not found.
2025-08-12 17:41:10,264 - openevolve.RemoteSpeedupEvaluator - INFO - [level1_96_HuberLoss] triton key words check pass
2025-08-12 17:41:10,265 - openevolve.RemoteSpeedupEvaluator - INFO - [level1_96_HuberLoss] verify_plus payload: reference_code(553 chars) + custom_code(2054 chars)
2025-08-12 17:41:13,431 - openevolve.RemoteSpeedupEvaluator - INFO - [level1_96_HuberLoss] verify_plus request success
2025-08-12 17:41:13,431 - openevolve.RemoteSpeedupEvaluator - INFO - [level1_96_HuberLoss] verify_plus response: {"id":"level1_96_HuberLoss","result":{"compiled":true,"correctness":true,"metadata":{"hardware":"NVIDIA L20Y","device":"cuda:3","correctness_trials":"(5 / 5)","reference_timing_ms":0.0757,"speed_up":1.077,"custom_timing":0.0703},"runtime":0.0703,"runtime_stats":{"mean":0.0703,"std":0.0041,"min":0.0666,"max":0.0949,"num_trials":100,"hardware":"NVIDIA L20Y","device":"cuda:3"}}}
2025-08-12 17:41:13,431 - openevolve.RemoteSpeedupEvaluator - INFO - [level1_96_HuberLoss] âœ” success | speed_up=1.077  score=27.70
2025-08-12 17:41:13,432 - openevolve.evaluator - INFO - Evaluated program e29e003c-63ed-4131-b87c-b0ce824afee2 in 3.17s: compiled=1.0000, correctness=1.0000, stage=success, passed=1.0000, score=27.7000, speed_up=1.0770, runtime_ms=0.0703, meta={'hardware': 'NVIDIA L20Y', 'device': 'cuda:3', 'correctness_trials': '(5 / 5)', 'reference_timing_ms': 0.0757, 'speed_up': 1.077, 'custom_timing': 0.0703}
2025-08-12 17:41:13,435 - openevolve.llm.ensemble - INFO - Sampled model: deepseek
2025-08-12 17:41:13,438 - openevolve.database - INFO - New MAP-Elites cell occupied: {'score': 9, 'complexity': 7}
2025-08-12 17:41:13,446 - openevolve.threaded_parallel - INFO - Iteration 12: Program e29e003c-63ed-4131-b87c-b0ce824afee2 (parent: 7ea1893d-0eed-434e-8452-416c9ab20f27) completed in 573.03s
2025-08-12 17:41:13,446 - openevolve.threaded_parallel - INFO - Metrics: compiled=1.0000, correctness=1.0000, stage=success, passed=1.0000, score=27.7000, speed_up=1.0770, runtime_ms=0.0703, meta={'hardware': 'NVIDIA L20Y', 'device': 'cuda:3', 'correctness_trials': '(5 / 5)', 'reference_timing_ms': 0.0757, 'speed_up': 1.077, 'custom_timing': 0.0703}
2025-08-12 17:41:13,446 - openevolve.threaded_parallel - INFO - Checkpoint interval reached at iteration 12
2025-08-12 17:41:13,447 - openevolve.database - INFO - Island Status:
2025-08-12 17:41:13,447 - openevolve.database - INFO -  * Island 0: 7 programs, best=35.7000, avg=-47.7286, diversity=101.62, gen=6 (best: dc0723b2-043a-4bcf-a741-f90a4486ced6)
2025-08-12 17:41:13,447 - openevolve.database - INFO -    Island 1: 5 programs, best=0.0000, avg=-80.0000, diversity=294.63, gen=4 (best: 80df6531-d695-482b-bae3-5eee0b3c8cc4)
2025-08-12 17:41:13,447 - openevolve.database - INFO -    Island 2: 4 programs, best=27.7000, avg=14.4250, diversity=149.63, gen=4 (best: e29e003c-63ed-4131-b87c-b0ce824afee2)
2025-08-12 17:41:13,659 - openevolve.database - INFO - Saved database with 15 programs to openevolve_output/level1_96_HuberLoss/checkpoints/checkpoint_12
2025-08-12 17:41:13,669 - openevolve.controller - INFO - Saved best program at checkpoint 12 with metrics: compiled=1.0000, correctness=1.0000, stage=success, passed=1.0000, score=35.7000, speed_up=1.1570, runtime_ms=0.0654, meta={'hardware': 'NVIDIA L20Y', 'device': 'cuda:6', 'correctness_trials': '(5 / 5)', 'reference_timing_ms': 0.0757, 'speed_up': 1.157, 'custom_timing': 0.0654}
2025-08-12 17:41:13,669 - openevolve.controller - INFO - Saved checkpoint at iteration 12 to openevolve_output/level1_96_HuberLoss/checkpoints/checkpoint_12
2025-08-12 17:42:43,916 - openevolve.RemoteSpeedupEvaluator - INFO - [level1_96_HuberLoss] triton key words check pass
2025-08-12 17:42:43,916 - openevolve.RemoteSpeedupEvaluator - INFO - [level1_96_HuberLoss] verify_plus payload: reference_code(553 chars) + custom_code(2179 chars)
2025-08-12 17:42:46,876 - openevolve.RemoteSpeedupEvaluator - INFO - [level1_96_HuberLoss] verify_plus request success
2025-08-12 17:42:46,877 - openevolve.RemoteSpeedupEvaluator - INFO - [level1_96_HuberLoss] verify_plus response: {"id":"level1_96_HuberLoss","result":{"compiled":true,"correctness":true,"metadata":{"hardware":"NVIDIA L20Y","device":"cuda:6","correctness_trials":"(5 / 5)","reference_timing_ms":0.0757,"speed_up":1.245,"custom_timing":0.0608},"runtime":0.0608,"runtime_stats":{"mean":0.0608,"std":0.00467,"min":0.0561,"max":0.0829,"num_trials":100,"hardware":"NVIDIA L20Y","device":"cuda:6"}}}
2025-08-12 17:42:46,877 - openevolve.RemoteSpeedupEvaluator - INFO - [level1_96_HuberLoss] âœ” success | speed_up=1.245  score=44.50
2025-08-12 17:42:46,877 - openevolve.evaluator - INFO - Evaluated program 47b90962-afd3-4a12-8ee4-92cb3d8145b8 in 2.96s: compiled=1.0000, correctness=1.0000, stage=success, passed=1.0000, score=44.5000, speed_up=1.2450, runtime_ms=0.0608, meta={'hardware': 'NVIDIA L20Y', 'device': 'cuda:6', 'correctness_trials': '(5 / 5)', 'reference_timing_ms': 0.0757, 'speed_up': 1.245, 'custom_timing': 0.0608}
2025-08-12 17:42:46,881 - openevolve.llm.ensemble - INFO - Sampled model: deepseek
2025-08-12 17:42:46,882 - openevolve.database - INFO - MAP-Elites cell improved: {'score': 9, 'complexity': 8} (fitness: 30.200 -> 44.500)
2025-08-12 17:42:46,882 - openevolve.database - INFO - New best program 47b90962-afd3-4a12-8ee4-92cb3d8145b8 replaces dc0723b2-043a-4bcf-a741-f90a4486ced6
2025-08-12 17:42:46,888 - openevolve.threaded_parallel - INFO - Iteration 13: Program 47b90962-afd3-4a12-8ee4-92cb3d8145b8 (parent: 941cfa6f-aafc-4bf3-b28c-acd060adf7c6) completed in 542.70s
2025-08-12 17:42:46,888 - openevolve.threaded_parallel - INFO - Metrics: compiled=1.0000, correctness=1.0000, stage=success, passed=1.0000, score=44.5000, speed_up=1.2450, runtime_ms=0.0608, meta={'hardware': 'NVIDIA L20Y', 'device': 'cuda:6', 'correctness_trials': '(5 / 5)', 'reference_timing_ms': 0.0757, 'speed_up': 1.245, 'custom_timing': 0.0608}
2025-08-12 17:42:46,888 - openevolve.threaded_parallel - INFO - ðŸŒŸ New best solution found at iteration 13: 47b90962-afd3-4a12-8ee4-92cb3d8145b8
2025-08-12 17:50:43,269 - openevolve.RemoteSpeedupEvaluator - INFO - [level1_96_HuberLoss] âœ˜ invalid_answer 'tl.store' is not found
2025-08-12 17:50:43,270 - openevolve.evaluator - INFO - Evaluated program 753ac747-a5db-4623-87db-f8e20148c5cf in 0.00s: compiled=0.0000, correctness=0.0000, score=-100.0000, stage=no_valid_triton_code, feedback=You need to generate real and valid triton code for the core function. The key word 'tl.store' is not found.
2025-08-12 17:50:43,273 - openevolve.llm.ensemble - INFO - Sampled model: deepseek
2025-08-12 17:50:43,277 - openevolve.database - INFO - New MAP-Elites cell occupied: {'score': -1000, 'complexity': 6}
2025-08-12 17:50:43,277 - openevolve.database - INFO - MAP-Elites coverage reached 10.0% (10/100 cells)
2025-08-12 17:50:43,284 - openevolve.threaded_parallel - INFO - Iteration 16: Program 753ac747-a5db-4623-87db-f8e20148c5cf (parent: 96ac68bf-2b4a-49eb-8175-319a57ca8fd2) completed in 569.84s
2025-08-12 17:50:43,284 - openevolve.threaded_parallel - INFO - Metrics: compiled=0.0000, correctness=0.0000, score=-100.0000, stage=no_valid_triton_code, feedback=You need to generate real and valid triton code for the core function. The key word 'tl.store' is not found.
2025-08-12 17:51:03,689 - openevolve.RemoteSpeedupEvaluator - INFO - [level1_96_HuberLoss] triton key words check pass
2025-08-12 17:51:03,689 - openevolve.RemoteSpeedupEvaluator - INFO - [level1_96_HuberLoss] verify_plus payload: reference_code(553 chars) + custom_code(2030 chars)
2025-08-12 17:51:06,740 - openevolve.RemoteSpeedupEvaluator - INFO - [level1_96_HuberLoss] verify_plus request success
2025-08-12 17:51:06,740 - openevolve.RemoteSpeedupEvaluator - INFO - [level1_96_HuberLoss] verify_plus response: {"id":"level1_96_HuberLoss","result":{"compiled":true,"correctness":true,"metadata":{"hardware":"NVIDIA L20Y","device":"cuda:5","correctness_trials":"(5 / 5)","reference_timing_ms":0.0757,"speed_up":1.225,"custom_timing":0.0618},"runtime":0.0618,"runtime_stats":{"mean":0.0618,"std":0.00305,"min":0.0582,"max":0.0772,"num_trials":100,"hardware":"NVIDIA L20Y","device":"cuda:5"}}}
2025-08-12 17:51:06,740 - openevolve.RemoteSpeedupEvaluator - INFO - [level1_96_HuberLoss] âœ” success | speed_up=1.225  score=42.50
2025-08-12 17:51:06,741 - openevolve.evaluator - INFO - Evaluated program 1cadf334-9bbd-4103-9e8f-a101a011b9e5 in 3.05s: compiled=1.0000, correctness=1.0000, stage=success, passed=1.0000, score=42.5000, speed_up=1.2250, runtime_ms=0.0618, meta={'hardware': 'NVIDIA L20Y', 'device': 'cuda:5', 'correctness_trials': '(5 / 5)', 'reference_timing_ms': 0.0757, 'speed_up': 1.225, 'custom_timing': 0.0618}
2025-08-12 17:51:06,743 - openevolve.llm.ensemble - INFO - Sampled model: deepseek
2025-08-12 17:51:06,749 - openevolve.database - INFO - MAP-Elites cell improved: {'score': 9, 'complexity': 7} (fitness: 27.700 -> 42.500)
2025-08-12 17:51:06,756 - openevolve.threaded_parallel - INFO - Iteration 17: Program 1cadf334-9bbd-4103-9e8f-a101a011b9e5 (parent: 44ac6aa4-60c1-4cf9-a464-b752fdc82d39) completed in 499.86s
2025-08-12 17:51:06,756 - openevolve.threaded_parallel - INFO - Metrics: compiled=1.0000, correctness=1.0000, stage=success, passed=1.0000, score=42.5000, speed_up=1.2250, runtime_ms=0.0618, meta={'hardware': 'NVIDIA L20Y', 'device': 'cuda:5', 'correctness_trials': '(5 / 5)', 'reference_timing_ms': 0.0757, 'speed_up': 1.225, 'custom_timing': 0.0618}
2025-08-12 17:52:27,703 - openevolve.RemoteSpeedupEvaluator - INFO - [level1_96_HuberLoss] âœ˜ invalid_answer 'import triton' is not found
2025-08-12 17:52:27,704 - openevolve.evaluator - INFO - Evaluated program 875e5ce3-c5c4-4c45-af90-b5602830995c in 0.00s: compiled=0.0000, correctness=0.0000, score=-100.0000, stage=no_valid_triton_code, feedback=You need to generate real and valid triton code for the core function. The key word 'import triton' is not found.
2025-08-12 17:52:27,708 - openevolve.llm.ensemble - INFO - Sampled model: deepseek
2025-08-12 17:52:27,714 - openevolve.threaded_parallel - INFO - Iteration 15: Program 875e5ce3-c5c4-4c45-af90-b5602830995c (parent: 7ea1893d-0eed-434e-8452-416c9ab20f27) completed in 801.04s
2025-08-12 17:52:27,714 - openevolve.threaded_parallel - INFO - Metrics: compiled=0.0000, correctness=0.0000, score=-100.0000, stage=no_valid_triton_code, feedback=You need to generate real and valid triton code for the core function. The key word 'import triton' is not found.
2025-08-12 17:52:27,714 - openevolve.threaded_parallel - INFO - Checkpoint interval reached at iteration 15
2025-08-12 17:52:27,715 - openevolve.database - INFO - Island Status:
2025-08-12 17:52:27,715 - openevolve.database - INFO -    Island 0: 9 programs, best=44.5000, avg=-43.2889, diversity=221.08, gen=7 (best: 47b90962-afd3-4a12-8ee4-92cb3d8145b8)
2025-08-12 17:52:27,715 - openevolve.database - INFO -  * Island 1: 6 programs, best=0.0000, avg=-83.3333, diversity=125.77, gen=6 (best: 80df6531-d695-482b-bae3-5eee0b3c8cc4)
2025-08-12 17:52:27,715 - openevolve.database - INFO -    Island 2: 5 programs, best=42.5000, avg=20.0400, diversity=136.82, gen=5 (best: 1cadf334-9bbd-4103-9e8f-a101a011b9e5)
2025-08-12 17:52:27,950 - openevolve.database - INFO - Saved database with 19 programs to openevolve_output/level1_96_HuberLoss/checkpoints/checkpoint_15
2025-08-12 17:52:27,960 - openevolve.controller - INFO - Saved best program at checkpoint 15 with metrics: compiled=1.0000, correctness=1.0000, stage=success, passed=1.0000, score=44.5000, speed_up=1.2450, runtime_ms=0.0608, meta={'hardware': 'NVIDIA L20Y', 'device': 'cuda:6', 'correctness_trials': '(5 / 5)', 'reference_timing_ms': 0.0757, 'speed_up': 1.245, 'custom_timing': 0.0608}
2025-08-12 17:52:27,960 - openevolve.controller - INFO - Saved checkpoint at iteration 15 to openevolve_output/level1_96_HuberLoss/checkpoints/checkpoint_15
2025-08-12 17:54:24,892 - openevolve.RemoteSpeedupEvaluator - INFO - [level1_96_HuberLoss] triton key words check pass
2025-08-12 17:54:24,893 - openevolve.RemoteSpeedupEvaluator - INFO - [level1_96_HuberLoss] verify_plus payload: reference_code(553 chars) + custom_code(1885 chars)
2025-08-12 17:54:27,993 - openevolve.RemoteSpeedupEvaluator - INFO - [level1_96_HuberLoss] verify_plus request success
2025-08-12 17:54:27,993 - openevolve.RemoteSpeedupEvaluator - INFO - [level1_96_HuberLoss] verify_plus response: {"id":"level1_96_HuberLoss","result":{"compiled":true,"correctness":true,"metadata":{"hardware":"NVIDIA L20Y","device":"cuda:1","correctness_trials":"(5 / 5)","reference_timing_ms":0.0757,"speed_up":1.1,"custom_timing":0.0688},"runtime":0.0688,"runtime_stats":{"mean":0.0688,"std":0.00768,"min":0.0633,"max":0.102,"num_trials":100,"hardware":"NVIDIA L20Y","device":"cuda:1"}}}
2025-08-12 17:54:27,993 - openevolve.RemoteSpeedupEvaluator - INFO - [level1_96_HuberLoss] âœ” success | speed_up=1.100  score=30.00
2025-08-12 17:54:27,994 - openevolve.evaluator - INFO - Evaluated program b93f0040-5b6c-4b14-a69a-11e9eb748bea in 3.10s: compiled=1.0000, correctness=1.0000, stage=success, passed=1.0000, score=30.0000, speed_up=1.1000, runtime_ms=0.0688, meta={'hardware': 'NVIDIA L20Y', 'device': 'cuda:1', 'correctness_trials': '(5 / 5)', 'reference_timing_ms': 0.0757, 'speed_up': 1.1, 'custom_timing': 0.0688}
2025-08-12 17:54:27,998 - openevolve.llm.ensemble - INFO - Sampled model: deepseek
2025-08-12 17:54:28,011 - openevolve.threaded_parallel - INFO - Iteration 18: Program b93f0040-5b6c-4b14-a69a-11e9eb748bea (parent: 80df6531-d695-482b-bae3-5eee0b3c8cc4) completed in 224.72s
2025-08-12 17:54:28,011 - openevolve.threaded_parallel - INFO - Metrics: compiled=1.0000, correctness=1.0000, stage=success, passed=1.0000, score=30.0000, speed_up=1.1000, runtime_ms=0.0688, meta={'hardware': 'NVIDIA L20Y', 'device': 'cuda:1', 'correctness_trials': '(5 / 5)', 'reference_timing_ms': 0.0757, 'speed_up': 1.1, 'custom_timing': 0.0688}
2025-08-12 17:54:28,011 - openevolve.threaded_parallel - INFO - Checkpoint interval reached at iteration 18
2025-08-12 17:54:28,012 - openevolve.database - INFO - Island Status:
2025-08-12 17:54:28,012 - openevolve.database - INFO -    Island 0: 9 programs, best=44.5000, avg=-43.2889, diversity=221.08, gen=7 (best: 47b90962-afd3-4a12-8ee4-92cb3d8145b8)
2025-08-12 17:54:28,012 - openevolve.database - INFO -    Island 1: 7 programs, best=30.0000, avg=-67.1429, diversity=125.77, gen=6 (best: b93f0040-5b6c-4b14-a69a-11e9eb748bea)
2025-08-12 17:54:28,012 - openevolve.database - INFO -  * Island 2: 5 programs, best=42.5000, avg=20.0400, diversity=136.82, gen=6 (best: 1cadf334-9bbd-4103-9e8f-a101a011b9e5)
2025-08-12 17:54:28,230 - openevolve.database - INFO - Saved database with 20 programs to openevolve_output/level1_96_HuberLoss/checkpoints/checkpoint_18
2025-08-12 17:54:28,239 - openevolve.controller - INFO - Saved best program at checkpoint 18 with metrics: compiled=1.0000, correctness=1.0000, stage=success, passed=1.0000, score=44.5000, speed_up=1.2450, runtime_ms=0.0608, meta={'hardware': 'NVIDIA L20Y', 'device': 'cuda:6', 'correctness_trials': '(5 / 5)', 'reference_timing_ms': 0.0757, 'speed_up': 1.245, 'custom_timing': 0.0608}
2025-08-12 17:54:28,239 - openevolve.controller - INFO - Saved checkpoint at iteration 18 to openevolve_output/level1_96_HuberLoss/checkpoints/checkpoint_18
2025-08-12 17:59:16,272 - openevolve.RemoteSpeedupEvaluator - INFO - [level1_96_HuberLoss] triton key words check pass
2025-08-12 17:59:16,273 - openevolve.RemoteSpeedupEvaluator - INFO - [level1_96_HuberLoss] verify_plus payload: reference_code(553 chars) + custom_code(1936 chars)
2025-08-12 17:59:19,743 - openevolve.RemoteSpeedupEvaluator - INFO - [level1_96_HuberLoss] verify_plus request success
2025-08-12 17:59:19,743 - openevolve.RemoteSpeedupEvaluator - INFO - [level1_96_HuberLoss] verify_plus response: {"id":"level1_96_HuberLoss","result":{"compiled":true,"correctness":true,"metadata":{"hardware":"NVIDIA L20Y","device":"cuda:7","correctness_trials":"(5 / 5)","reference_timing_ms":0.0757,"speed_up":1.065,"custom_timing":0.0711},"runtime":0.0711,"runtime_stats":{"mean":0.0711,"std":0.00547,"min":0.0665,"max":0.0993,"num_trials":100,"hardware":"NVIDIA L20Y","device":"cuda:7"}}}
2025-08-12 17:59:19,744 - openevolve.RemoteSpeedupEvaluator - INFO - [level1_96_HuberLoss] âœ” success | speed_up=1.065  score=26.50
2025-08-12 17:59:19,744 - openevolve.evaluator - INFO - Evaluated program 528a9e1a-8391-4344-90ab-cfd9d17f6fd7 in 3.47s: compiled=1.0000, correctness=1.0000, stage=success, passed=1.0000, score=26.5000, speed_up=1.0650, runtime_ms=0.0711, meta={'hardware': 'NVIDIA L20Y', 'device': 'cuda:7', 'correctness_trials': '(5 / 5)', 'reference_timing_ms': 0.0757, 'speed_up': 1.065, 'custom_timing': 0.0711}
2025-08-12 17:59:19,747 - openevolve.llm.ensemble - INFO - Sampled model: deepseek
2025-08-12 17:59:19,760 - openevolve.threaded_parallel - INFO - Iteration 19: Program 528a9e1a-8391-4344-90ab-cfd9d17f6fd7 (parent: 46b2f5bd-16f0-44b2-9679-59ca4c618807) completed in 493.00s
2025-08-12 17:59:19,761 - openevolve.threaded_parallel - INFO - Metrics: compiled=1.0000, correctness=1.0000, stage=success, passed=1.0000, score=26.5000, speed_up=1.0650, runtime_ms=0.0711, meta={'hardware': 'NVIDIA L20Y', 'device': 'cuda:7', 'correctness_trials': '(5 / 5)', 'reference_timing_ms': 0.0757, 'speed_up': 1.065, 'custom_timing': 0.0711}
2025-08-12 17:59:57,454 - openevolve.RemoteSpeedupEvaluator - INFO - [level1_96_HuberLoss] triton key words check pass
2025-08-12 17:59:57,455 - openevolve.RemoteSpeedupEvaluator - INFO - [level1_96_HuberLoss] verify_plus payload: reference_code(553 chars) + custom_code(1544 chars)
2025-08-12 18:00:00,549 - openevolve.RemoteSpeedupEvaluator - INFO - [level1_96_HuberLoss] verify_plus request success
2025-08-12 18:00:00,549 - openevolve.RemoteSpeedupEvaluator - INFO - [level1_96_HuberLoss] verify_plus response: {"id":"level1_96_HuberLoss","result":{"compiled":true,"correctness":true,"metadata":{"hardware":"NVIDIA L20Y","device":"cuda:2","correctness_trials":"(5 / 5)","reference_timing_ms":0.0757,"speed_up":1.072,"custom_timing":0.0706},"runtime":0.0706,"runtime_stats":{"mean":0.0706,"std":0.00368,"min":0.0664,"max":0.0851,"num_trials":100,"hardware":"NVIDIA L20Y","device":"cuda:2"}}}
2025-08-12 18:00:00,549 - openevolve.RemoteSpeedupEvaluator - INFO - [level1_96_HuberLoss] âœ” success | speed_up=1.072  score=27.20
2025-08-12 18:00:00,550 - openevolve.evaluator - INFO - Evaluated program e1789778-7640-4b5f-af0f-6212e36df7b5 in 3.10s: compiled=1.0000, correctness=1.0000, stage=success, passed=1.0000, score=27.2000, speed_up=1.0720, runtime_ms=0.0706, meta={'hardware': 'NVIDIA L20Y', 'device': 'cuda:2', 'correctness_trials': '(5 / 5)', 'reference_timing_ms': 0.0757, 'speed_up': 1.072, 'custom_timing': 0.0706}
2025-08-12 18:00:00,553 - openevolve.llm.ensemble - INFO - Sampled model: deepseek
2025-08-12 18:00:00,556 - openevolve.database - INFO - New MAP-Elites cell occupied: {'score': 9, 'complexity': 4}
2025-08-12 18:00:00,562 - openevolve.threaded_parallel - INFO - Iteration 20: Program e1789778-7640-4b5f-af0f-6212e36df7b5 (parent: 5f3e915c-a0a1-4b36-bf0d-700e5ed3aa5d) completed in 452.84s
2025-08-12 18:00:00,562 - openevolve.threaded_parallel - INFO - Metrics: compiled=1.0000, correctness=1.0000, stage=success, passed=1.0000, score=27.2000, speed_up=1.0720, runtime_ms=0.0706, meta={'hardware': 'NVIDIA L20Y', 'device': 'cuda:2', 'correctness_trials': '(5 / 5)', 'reference_timing_ms': 0.0757, 'speed_up': 1.072, 'custom_timing': 0.0706}
2025-08-12 18:02:18,211 - openevolve.RemoteSpeedupEvaluator - INFO - [level1_96_HuberLoss] triton key words check pass
2025-08-12 18:02:18,212 - openevolve.RemoteSpeedupEvaluator - INFO - [level1_96_HuberLoss] verify_plus payload: reference_code(553 chars) + custom_code(2245 chars)
2025-08-12 18:02:20,800 - openevolve.RemoteSpeedupEvaluator - INFO - [level1_96_HuberLoss] verify_plus request success
2025-08-12 18:02:20,800 - openevolve.RemoteSpeedupEvaluator - INFO - [level1_96_HuberLoss] verify_plus response: {"id":"level1_96_HuberLoss","result":{"compiled":true,"correctness":false,"metadata":{"hardware":"NVIDIA L20Y","device":"cuda:2","runtime_error":"Traceback (most recent call last):\n  File \"/cpfs01/shared/llm_kernel/hujiakai/KernelLLM/validation_api_server/helpers/evaluations.py\", line 720, in run_and_check_correctness\n    output_new = model_new(*inputs)\n  File \"/home/lijiaxing/.conda/envs/api/lib/python3.10/site-packages/torch/nn/modules/module.py\", line 1773, in _wrapped_call_impl\n    return self._call_impl(*args, **kwargs)\n  File \"/home/lijiaxing/.conda/envs/api/lib/python3.10/site-packages/torch/nn/modules/module.py\", line 1784, in _call_impl\n    return forward_call(*args, **kwargs)\n  File \"/tmp/tmp8v2e8sys.py\", line 59, in forward\n    _smooth_l1_loss_kernel[grid_size](\
2025-08-12 18:02:20,800 - openevolve.RemoteSpeedupEvaluator - INFO - [level1_96_HuberLoss] âœ˜ wrong_answer
2025-08-12 18:02:20,800 - openevolve.evaluator - INFO - Evaluated program 6515e339-51da-4bda-98d1-239100633393 in 2.59s: compiled=1.0000, correctness=0.0000, score=10.0000, stage=wrong_answer, verify_payload={'id': 'level1_96_HuberLoss', 'result': {'compiled': True, 'correctness': False, 'metadata': {'hardware': 'NVIDIA L20Y', 'device': 'cuda:2', 'runtime_error': 'Traceback (most recent call last):\n  File "/cpfs01/shared/llm_kernel/hujiakai/KernelLLM/validation_api_server/helpers/evaluations.py", line 720, in run_and_check_correctness\n    output_new = model_new(*inputs)\n  File "/home/lijiaxing/.conda/envs/api/lib/python3.10/site-packages/torch/nn/modules/module.py", line 1773, in _wrapped_call_impl\n    return self._call_impl(*args, **kwargs)\n  File "/home/lijiaxing/.conda/envs/api/lib/python3.10/site-packages/torch/nn/modules/module.py", line 1784, in _call_impl\n    return forward_call(*args, **kwargs)\n  File "/tmp/tmp8v2e8sys.py", line 59, in forward\n    _smooth_l1_loss_kernel[grid_size](\n  File "/home/lijiaxing/.conda/envs/api/lib/python3.10/site-packages/triton/runtime/jit.py", line 390, in <lambda>\n    return lambda *args, **kwargs: self.run(grid=grid, warmup=False, *args, **kwargs)\n  File "/home/lijiaxing/.conda/envs/api/lib/python3.10/site-packages/triton/runtime/autotuner.py", line 239, in run\n    benchmark()\n  File "/home/lijiaxing/.conda/envs/api/lib/python3.10/site-packages/triton/runtime/autotuner.py", line 228, in benchmark\n    timings = {config: self._bench(*args, config=config, **kwargs) for config in pruned_configs}\n  File "/home/lijiaxing/.conda/envs/api/lib/python3.10/site-packages/triton/runtime/autotuner.py", line 228, in <dictcomp>\n    timings = {config: self._bench(*args, config=config, **kwargs) for config in pruned_configs}\n  File "/home/lijiaxing/.conda/envs/api/lib/python3.10/site-packages/triton/runtime/autotuner.py", line 135, in _bench\n    raise ValueError(f"Conflicting meta-parameters: {\', \'.join(conflicts)}."\nValueError: Conflicting meta-parameters: BLOCK_SIZE. Make sure that you don\'t re-define auto-tuned symbols.\n', 'runtime_error_name': 'builtins.ValueError', 'reference_timing_ms': 0.0757, 'speed_up': -1.0, 'custom_timing': -1.0}, 'runtime': -1.0, 'runtime_stats': {}}}
2025-08-12 18:02:20,803 - openevolve.llm.ensemble - INFO - Sampled model: deepseek
2025-08-12 18:02:20,819 - openevolve.threaded_parallel - INFO - Iteration 21: Program 6515e339-51da-4bda-98d1-239100633393 (parent: eef78d07-6fc5-4a0b-a57f-b902d6cc0b55) completed in 472.80s
2025-08-12 18:02:20,819 - openevolve.threaded_parallel - INFO - Metrics: compiled=1.0000, correctness=0.0000, score=10.0000, stage=wrong_answer, verify_payload={'id': 'level1_96_HuberLoss', 'result': {'compiled': True, 'correctness': False, 'metadata': {'hardware': 'NVIDIA L20Y', 'device': 'cuda:2', 'runtime_error': 'Traceback (most recent call last):\n  File "/cpfs01/shared/llm_kernel/hujiakai/KernelLLM/validation_api_server/helpers/evaluations.py", line 720, in run_and_check_correctness\n    output_new = model_new(*inputs)\n  File "/home/lijiaxing/.conda/envs/api/lib/python3.10/site-packages/torch/nn/modules/module.py", line 1773, in _wrapped_call_impl\n    return self._call_impl(*args, **kwargs)\n  File "/home/lijiaxing/.conda/envs/api/lib/python3.10/site-packages/torch/nn/modules/module.py", line 1784, in _call_impl\n    return forward_call(*args, **kwargs)\n  File "/tmp/tmp8v2e8sys.py", line 59, in forward\n    _smooth_l1_loss_kernel[grid_size](\n  File "/home/lijiaxing/.conda/envs/api/lib/python3.10/site-packages/triton/runtime/jit.py", line 390, in <lambda>\n    return lambda *args, **kwargs: self.run(grid=grid, warmup=False, *args, **kwargs)\n  File "/home/lijiaxing/.conda/envs/api/lib/python3.10/site-packages/triton/runtime/autotuner.py", line 239, in run\n    benchmark()\n  File "/home/lijiaxing/.conda/envs/api/lib/python3.10/site-packages/triton/runtime/autotuner.py", line 228, in benchmark\n    timings = {config: self._bench(*args, config=config, **kwargs) for config in pruned_configs}\n  File "/home/lijiaxing/.conda/envs/api/lib/python3.10/site-packages/triton/runtime/autotuner.py", line 228, in <dictcomp>\n    timings = {config: self._bench(*args, config=config, **kwargs) for config in pruned_configs}\n  File "/home/lijiaxing/.conda/envs/api/lib/python3.10/site-packages/triton/runtime/autotuner.py", line 135, in _bench\n    raise ValueError(f"Conflicting meta-parameters: {\', \'.join(conflicts)}."\nValueError: Conflicting meta-parameters: BLOCK_SIZE. Make sure that you don\'t re-define auto-tuned symbols.\n', 'runtime_error_name': 'builtins.ValueError', 'reference_timing_ms': 0.0757, 'speed_up': -1.0, 'custom_timing': -1.0}, 'runtime': -1.0, 'runtime_stats': {}}}
2025-08-12 18:02:20,819 - openevolve.threaded_parallel - INFO - Checkpoint interval reached at iteration 21
2025-08-12 18:02:20,820 - openevolve.database - INFO - Island Status:
2025-08-12 18:02:20,820 - openevolve.database - INFO -    Island 0: 10 programs, best=44.5000, avg=-36.2400, diversity=221.08, gen=8 (best: 47b90962-afd3-4a12-8ee4-92cb3d8145b8)
2025-08-12 18:02:20,820 - openevolve.database - INFO -    Island 1: 8 programs, best=30.0000, avg=-57.5000, diversity=103.05, gen=7 (best: b93f0040-5b6c-4b14-a69a-11e9eb748bea)
2025-08-12 18:02:20,820 - openevolve.database - INFO -  * Island 2: 6 programs, best=42.5000, avg=21.1167, diversity=128.42, gen=7 (best: 1cadf334-9bbd-4103-9e8f-a101a011b9e5)
2025-08-12 18:02:21,075 - openevolve.database - INFO - Saved database with 23 programs to openevolve_output/level1_96_HuberLoss/checkpoints/checkpoint_21
2025-08-12 18:02:21,086 - openevolve.controller - INFO - Saved best program at checkpoint 21 with metrics: compiled=1.0000, correctness=1.0000, stage=success, passed=1.0000, score=44.5000, speed_up=1.2450, runtime_ms=0.0608, meta={'hardware': 'NVIDIA L20Y', 'device': 'cuda:6', 'correctness_trials': '(5 / 5)', 'reference_timing_ms': 0.0757, 'speed_up': 1.245, 'custom_timing': 0.0608}
2025-08-12 18:02:21,086 - openevolve.controller - INFO - Saved checkpoint at iteration 21 to openevolve_output/level1_96_HuberLoss/checkpoints/checkpoint_21
2025-08-12 18:05:00,228 - openevolve.RemoteSpeedupEvaluator - INFO - [level1_96_HuberLoss] âœ˜ invalid_answer 'import triton' is not found
2025-08-12 18:05:00,229 - openevolve.evaluator - INFO - Evaluated program 34c7e13c-a405-4b51-8e05-a0009fef623d in 0.00s: compiled=0.0000, correctness=0.0000, score=-100.0000, stage=no_valid_triton_code, feedback=You need to generate real and valid triton code for the core function. The key word 'import triton' is not found.
2025-08-12 18:05:00,231 - openevolve.llm.ensemble - INFO - Sampled model: deepseek
2025-08-12 18:05:00,240 - openevolve.threaded_parallel - INFO - Iteration 24: Program 34c7e13c-a405-4b51-8e05-a0009fef623d (parent: eef78d07-6fc5-4a0b-a57f-b902d6cc0b55) completed in 159.43s
2025-08-12 18:05:00,240 - openevolve.threaded_parallel - INFO - Metrics: compiled=0.0000, correctness=0.0000, score=-100.0000, stage=no_valid_triton_code, feedback=You need to generate real and valid triton code for the core function. The key word 'import triton' is not found.
2025-08-12 18:05:00,240 - openevolve.threaded_parallel - INFO - Checkpoint interval reached at iteration 24
2025-08-12 18:05:00,241 - openevolve.database - INFO - Island Status:
2025-08-12 18:05:00,241 - openevolve.database - INFO -  * Island 0: 10 programs, best=44.5000, avg=-36.2400, diversity=221.08, gen=9 (best: 47b90962-afd3-4a12-8ee4-92cb3d8145b8)
2025-08-12 18:05:00,241 - openevolve.database - INFO -    Island 1: 8 programs, best=30.0000, avg=-57.5000, diversity=103.05, gen=7 (best: b93f0040-5b6c-4b14-a69a-11e9eb748bea)
2025-08-12 18:05:00,241 - openevolve.database - INFO -    Island 2: 7 programs, best=42.5000, avg=3.8143, diversity=404.58, gen=7 (best: 1cadf334-9bbd-4103-9e8f-a101a011b9e5)
2025-08-12 18:05:00,511 - openevolve.database - INFO - Saved database with 24 programs to openevolve_output/level1_96_HuberLoss/checkpoints/checkpoint_24
2025-08-12 18:05:00,521 - openevolve.controller - INFO - Saved best program at checkpoint 24 with metrics: compiled=1.0000, correctness=1.0000, stage=success, passed=1.0000, score=44.5000, speed_up=1.2450, runtime_ms=0.0608, meta={'hardware': 'NVIDIA L20Y', 'device': 'cuda:6', 'correctness_trials': '(5 / 5)', 'reference_timing_ms': 0.0757, 'speed_up': 1.245, 'custom_timing': 0.0608}
2025-08-12 18:05:00,521 - openevolve.controller - INFO - Saved checkpoint at iteration 24 to openevolve_output/level1_96_HuberLoss/checkpoints/checkpoint_24
2025-08-12 18:07:52,389 - openevolve.RemoteSpeedupEvaluator - INFO - [level1_96_HuberLoss] triton key words check pass
2025-08-12 18:07:52,389 - openevolve.RemoteSpeedupEvaluator - INFO - [level1_96_HuberLoss] verify_plus payload: reference_code(553 chars) + custom_code(2185 chars)
2025-08-12 18:07:55,519 - openevolve.RemoteSpeedupEvaluator - INFO - [level1_96_HuberLoss] verify_plus request success
2025-08-12 18:07:55,519 - openevolve.RemoteSpeedupEvaluator - INFO - [level1_96_HuberLoss] verify_plus response: {"id":"level1_96_HuberLoss","result":{"compiled":true,"correctness":true,"metadata":{"hardware":"NVIDIA L20Y","device":"cuda:0","correctness_trials":"(5 / 5)","reference_timing_ms":0.0757,"speed_up":1.194,"custom_timing":0.0634},"runtime":0.0634,"runtime_stats":{"mean":0.0634,"std":0.00354,"min":0.0597,"max":0.0797,"num_trials":100,"hardware":"NVIDIA L20Y","device":"cuda:0"}}}
2025-08-12 18:07:55,520 - openevolve.RemoteSpeedupEvaluator - INFO - [level1_96_HuberLoss] âœ” success | speed_up=1.194  score=39.40
2025-08-12 18:07:55,520 - openevolve.evaluator - INFO - Evaluated program 1dabd8c1-1ee1-4e46-ba96-b80cdfa000ef in 3.13s: compiled=1.0000, correctness=1.0000, stage=success, passed=1.0000, score=39.4000, speed_up=1.1940, runtime_ms=0.0634, meta={'hardware': 'NVIDIA L20Y', 'device': 'cuda:0', 'correctness_trials': '(5 / 5)', 'reference_timing_ms': 0.0757, 'speed_up': 1.194, 'custom_timing': 0.0634}
2025-08-12 18:07:55,523 - openevolve.llm.ensemble - INFO - Sampled model: deepseek
2025-08-12 18:07:55,529 - openevolve.threaded_parallel - INFO - Iteration 22: Program 1dabd8c1-1ee1-4e46-ba96-b80cdfa000ef (parent: 1cadf334-9bbd-4103-9e8f-a101a011b9e5) completed in 515.77s
2025-08-12 18:07:55,529 - openevolve.threaded_parallel - INFO - Metrics: compiled=1.0000, correctness=1.0000, stage=success, passed=1.0000, score=39.4000, speed_up=1.1940, runtime_ms=0.0634, meta={'hardware': 'NVIDIA L20Y', 'device': 'cuda:0', 'correctness_trials': '(5 / 5)', 'reference_timing_ms': 0.0757, 'speed_up': 1.194, 'custom_timing': 0.0634}
2025-08-12 18:10:01,340 - openevolve.RemoteSpeedupEvaluator - INFO - [level1_96_HuberLoss] triton key words check pass
2025-08-12 18:10:01,341 - openevolve.RemoteSpeedupEvaluator - INFO - [level1_96_HuberLoss] verify_plus payload: reference_code(553 chars) + custom_code(1924 chars)
2025-08-12 18:10:01,704 - openevolve.RemoteSpeedupEvaluator - INFO - [level1_96_HuberLoss] âœ˜ invalid_answer 'tl.store' is not found
2025-08-12 18:10:01,705 - openevolve.evaluator - INFO - Evaluated program 989428c0-4221-463e-9fad-be1f2ea64f95 in 0.00s: compiled=0.0000, correctness=0.0000, score=-100.0000, stage=no_valid_triton_code, feedback=You need to generate real and valid triton code for the core function. The key word 'tl.store' is not found.
2025-08-12 18:10:01,709 - openevolve.database - INFO - Population size (26) exceeds limit (25), removing 1 programs
2025-08-12 18:10:01,709 - openevolve.database - INFO - Population size after cleanup: 25
2025-08-12 18:10:01,710 - openevolve.llm.ensemble - INFO - Sampled model: deepseek
2025-08-12 18:10:01,716 - openevolve.threaded_parallel - INFO - Iteration 23: Program 989428c0-4221-463e-9fad-be1f2ea64f95 (parent: 47b90962-afd3-4a12-8ee4-92cb3d8145b8) completed in 601.15s
2025-08-12 18:10:01,716 - openevolve.threaded_parallel - INFO - Metrics: compiled=0.0000, correctness=0.0000, score=-100.0000, stage=no_valid_triton_code, feedback=You need to generate real and valid triton code for the core function. The key word 'tl.store' is not found.
2025-08-12 18:10:04,457 - openevolve.RemoteSpeedupEvaluator - INFO - [level1_96_HuberLoss] verify_plus request success
2025-08-12 18:10:04,457 - openevolve.RemoteSpeedupEvaluator - INFO - [level1_96_HuberLoss] verify_plus response: {"id":"level1_96_HuberLoss","result":{"compiled":true,"correctness":true,"metadata":{"hardware":"NVIDIA L20Y","device":"cuda:0","correctness_trials":"(5 / 5)","reference_timing_ms":0.0757,"speed_up":1.128,"custom_timing":0.0671},"runtime":0.0671,"runtime_stats":{"mean":0.0671,"std":0.00342,"min":0.0631,"max":0.084,"num_trials":100,"hardware":"NVIDIA L20Y","device":"cuda:0"}}}
2025-08-12 18:10:04,457 - openevolve.RemoteSpeedupEvaluator - INFO - [level1_96_HuberLoss] âœ” success | speed_up=1.128  score=32.80
2025-08-12 18:10:04,457 - openevolve.evaluator - INFO - Evaluated program e38edf49-7d5c-4856-917f-164afd46403b in 3.12s: compiled=1.0000, correctness=1.0000, stage=success, passed=1.0000, score=32.8000, speed_up=1.1280, runtime_ms=0.0671, meta={'hardware': 'NVIDIA L20Y', 'device': 'cuda:0', 'correctness_trials': '(5 / 5)', 'reference_timing_ms': 0.0757, 'speed_up': 1.128, 'custom_timing': 0.0671}
2025-08-12 18:10:04,461 - openevolve.llm.ensemble - INFO - Sampled model: deepseek
2025-08-12 18:10:04,468 - openevolve.database - INFO - Population size (26) exceeds limit (25), removing 1 programs
2025-08-12 18:10:04,468 - openevolve.database - INFO - Population size after cleanup: 25
2025-08-12 18:10:04,475 - openevolve.threaded_parallel - INFO - Iteration 25: Program e38edf49-7d5c-4856-917f-164afd46403b (parent: 46b2f5bd-16f0-44b2-9679-59ca4c618807) completed in 304.23s
2025-08-12 18:10:04,475 - openevolve.threaded_parallel - INFO - Metrics: compiled=1.0000, correctness=1.0000, stage=success, passed=1.0000, score=32.8000, speed_up=1.1280, runtime_ms=0.0671, meta={'hardware': 'NVIDIA L20Y', 'device': 'cuda:0', 'correctness_trials': '(5 / 5)', 'reference_timing_ms': 0.0757, 'speed_up': 1.128, 'custom_timing': 0.0671}
2025-08-12 18:12:54,347 - openevolve.RemoteSpeedupEvaluator - INFO - [level1_96_HuberLoss] triton key words check pass
2025-08-12 18:12:54,348 - openevolve.RemoteSpeedupEvaluator - INFO - [level1_96_HuberLoss] verify_plus payload: reference_code(553 chars) + custom_code(1848 chars)
2025-08-12 18:12:57,437 - openevolve.RemoteSpeedupEvaluator - INFO - [level1_96_HuberLoss] verify_plus request success
2025-08-12 18:12:57,437 - openevolve.RemoteSpeedupEvaluator - INFO - [level1_96_HuberLoss] verify_plus response: {"id":"level1_96_HuberLoss","result":{"compiled":true,"correctness":true,"metadata":{"hardware":"NVIDIA L20Y","device":"cuda:5","correctness_trials":"(5 / 5)","reference_timing_ms":0.0757,"speed_up":1.071,"custom_timing":0.0707},"runtime":0.0707,"runtime_stats":{"mean":0.0707,"std":0.00447,"min":0.0653,"max":0.089,"num_trials":100,"hardware":"NVIDIA L20Y","device":"cuda:5"}}}
2025-08-12 18:12:57,437 - openevolve.RemoteSpeedupEvaluator - INFO - [level1_96_HuberLoss] âœ” success | speed_up=1.071  score=27.10
2025-08-12 18:12:57,438 - openevolve.evaluator - INFO - Evaluated program 2daaeff4-d920-45fa-a9a5-b7d673b0fb5b in 3.09s: compiled=1.0000, correctness=1.0000, stage=success, passed=1.0000, score=27.1000, speed_up=1.0710, runtime_ms=0.0707, meta={'hardware': 'NVIDIA L20Y', 'device': 'cuda:5', 'correctness_trials': '(5 / 5)', 'reference_timing_ms': 0.0757, 'speed_up': 1.071, 'custom_timing': 0.0707}
2025-08-12 18:12:57,441 - openevolve.llm.ensemble - INFO - Sampled model: deepseek
2025-08-12 18:12:57,446 - openevolve.database - INFO - Population size (26) exceeds limit (25), removing 1 programs
2025-08-12 18:12:57,446 - openevolve.database - INFO - Population size after cleanup: 25
2025-08-12 18:12:57,452 - openevolve.threaded_parallel - INFO - Iteration 28: Program 2daaeff4-d920-45fa-a9a5-b7d673b0fb5b (parent: 96ac68bf-2b4a-49eb-8175-319a57ca8fd2) completed in 172.98s
2025-08-12 18:12:57,452 - openevolve.threaded_parallel - INFO - Metrics: compiled=1.0000, correctness=1.0000, stage=success, passed=1.0000, score=27.1000, speed_up=1.0710, runtime_ms=0.0707, meta={'hardware': 'NVIDIA L20Y', 'device': 'cuda:5', 'correctness_trials': '(5 / 5)', 'reference_timing_ms': 0.0757, 'speed_up': 1.071, 'custom_timing': 0.0707}
2025-08-12 18:15:14,201 - openevolve.RemoteSpeedupEvaluator - INFO - [level1_96_HuberLoss] âœ˜ invalid_answer 'import triton' is not found
2025-08-12 18:15:14,202 - openevolve.evaluator - INFO - Evaluated program e84c7d30-bcdf-48c6-8403-d9b0c2586c71 in 0.00s: compiled=0.0000, correctness=0.0000, score=-100.0000, stage=no_valid_triton_code, feedback=You need to generate real and valid triton code for the core function. The key word 'import triton' is not found.
2025-08-12 18:15:14,205 - openevolve.database - INFO - Population size (26) exceeds limit (25), removing 1 programs
2025-08-12 18:15:14,205 - openevolve.database - INFO - Population size after cleanup: 25
2025-08-12 18:15:14,212 - openevolve.threaded_parallel - INFO - Iteration 26: Program e84c7d30-bcdf-48c6-8403-d9b0c2586c71 (parent: 44ac6aa4-60c1-4cf9-a464-b752fdc82d39) completed in 438.68s
2025-08-12 18:15:14,212 - openevolve.threaded_parallel - INFO - Metrics: compiled=0.0000, correctness=0.0000, score=-100.0000, stage=no_valid_triton_code, feedback=You need to generate real and valid triton code for the core function. The key word 'import triton' is not found.
2025-08-12 18:15:20,254 - openevolve.RemoteSpeedupEvaluator - INFO - [level1_96_HuberLoss] triton key words check pass
2025-08-12 18:15:20,254 - openevolve.RemoteSpeedupEvaluator - INFO - [level1_96_HuberLoss] verify_plus payload: reference_code(553 chars) + custom_code(1812 chars)
2025-08-12 18:15:23,385 - openevolve.RemoteSpeedupEvaluator - INFO - [level1_96_HuberLoss] verify_plus request success
2025-08-12 18:15:23,386 - openevolve.RemoteSpeedupEvaluator - INFO - [level1_96_HuberLoss] verify_plus response: {"id":"level1_96_HuberLoss","result":{"compiled":true,"correctness":true,"metadata":{"hardware":"NVIDIA L20Y","device":"cuda:6","correctness_trials":"(5 / 5)","reference_timing_ms":0.0757,"speed_up":1.069,"custom_timing":0.0708},"runtime":0.0708,"runtime_stats":{"mean":0.0708,"std":0.00403,"min":0.0667,"max":0.0932,"num_trials":100,"hardware":"NVIDIA L20Y","device":"cuda:6"}}}
2025-08-12 18:15:23,386 - openevolve.RemoteSpeedupEvaluator - INFO - [level1_96_HuberLoss] âœ” success | speed_up=1.069  score=26.90
2025-08-12 18:15:23,386 - openevolve.evaluator - INFO - Evaluated program b1d50df0-ac17-4778-a784-b1ae953375ee in 3.13s: compiled=1.0000, correctness=1.0000, stage=success, passed=1.0000, score=26.9000, speed_up=1.0690, runtime_ms=0.0708, meta={'hardware': 'NVIDIA L20Y', 'device': 'cuda:6', 'correctness_trials': '(5 / 5)', 'reference_timing_ms': 0.0757, 'speed_up': 1.069, 'custom_timing': 0.0708}
2025-08-12 18:15:23,389 - openevolve.database - INFO - Population size (26) exceeds limit (25), removing 1 programs
2025-08-12 18:15:23,389 - openevolve.database - INFO - Population size after cleanup: 25
2025-08-12 18:15:23,435 - openevolve.threaded_parallel - INFO - Iteration 27: Program b1d50df0-ac17-4778-a784-b1ae953375ee (parent: eef78d07-6fc5-4a0b-a57f-b902d6cc0b55) completed in 321.68s
2025-08-12 18:15:23,435 - openevolve.threaded_parallel - INFO - Metrics: compiled=1.0000, correctness=1.0000, stage=success, passed=1.0000, score=26.9000, speed_up=1.0690, runtime_ms=0.0708, meta={'hardware': 'NVIDIA L20Y', 'device': 'cuda:6', 'correctness_trials': '(5 / 5)', 'reference_timing_ms': 0.0757, 'speed_up': 1.069, 'custom_timing': 0.0708}
2025-08-12 18:15:23,435 - openevolve.threaded_parallel - INFO - Checkpoint interval reached at iteration 27
2025-08-12 18:15:23,436 - openevolve.database - INFO - Island Status:
2025-08-12 18:15:23,436 - openevolve.database - INFO -  * Island 0: 8 programs, best=44.5000, avg=13.0125, diversity=194.33, gen=11 (best: 47b90962-afd3-4a12-8ee4-92cb3d8145b8)
2025-08-12 18:15:23,436 - openevolve.database - INFO -    Island 1: 9 programs, best=30.0000, avg=-62.2222, diversity=178.55, gen=9 (best: b93f0040-5b6c-4b14-a69a-11e9eb748bea)
2025-08-12 18:15:23,436 - openevolve.database - INFO -    Island 2: 9 programs, best=42.5000, avg=9.6000, diversity=404.58, gen=9 (best: 1cadf334-9bbd-4103-9e8f-a101a011b9e5)
2025-08-12 18:15:23,761 - openevolve.database - INFO - Saved database with 25 programs to openevolve_output/level1_96_HuberLoss/checkpoints/checkpoint_27
2025-08-12 18:15:23,770 - openevolve.controller - INFO - Saved best program at checkpoint 27 with metrics: compiled=1.0000, correctness=1.0000, stage=success, passed=1.0000, score=44.5000, speed_up=1.2450, runtime_ms=0.0608, meta={'hardware': 'NVIDIA L20Y', 'device': 'cuda:6', 'correctness_trials': '(5 / 5)', 'reference_timing_ms': 0.0757, 'speed_up': 1.245, 'custom_timing': 0.0608}
2025-08-12 18:15:23,770 - openevolve.controller - INFO - Saved checkpoint at iteration 27 to openevolve_output/level1_96_HuberLoss/checkpoints/checkpoint_27
2025-08-12 18:15:32,247 - openevolve.RemoteSpeedupEvaluator - INFO - [level1_96_HuberLoss] âœ˜ invalid_answer 'tl.store' is not found
2025-08-12 18:15:32,247 - openevolve.evaluator - INFO - Evaluated program e10d363b-6b21-4dfc-aee4-9872dc56dabd in 0.00s: compiled=0.0000, correctness=0.0000, score=-100.0000, stage=no_valid_triton_code, feedback=You need to generate real and valid triton code for the core function. The key word 'tl.store' is not found.
2025-08-12 18:15:32,250 - openevolve.database - INFO - New MAP-Elites cell occupied: {'score': -1000, 'complexity': 7}
2025-08-12 18:15:32,250 - openevolve.database - INFO - Population size (26) exceeds limit (25), removing 1 programs
2025-08-12 18:15:32,250 - openevolve.database - INFO - Population size after cleanup: 25
2025-08-12 18:15:32,257 - openevolve.threaded_parallel - INFO - Iteration 29: Program e10d363b-6b21-4dfc-aee4-9872dc56dabd (parent: 5f3e915c-a0a1-4b36-bf0d-700e5ed3aa5d) completed in 154.81s
2025-08-12 18:15:32,257 - openevolve.threaded_parallel - INFO - Metrics: compiled=0.0000, correctness=0.0000, score=-100.0000, stage=no_valid_triton_code, feedback=You need to generate real and valid triton code for the core function. The key word 'tl.store' is not found.
2025-08-12 18:15:32,257 - openevolve.threaded_parallel - INFO - Evolution completed
2025-08-12 18:15:32,268 - openevolve.threaded_parallel - INFO - Stopped thread pool
2025-08-12 18:15:32,268 - openevolve.threaded_parallel - INFO - Stopped improved parallel controller
2025-08-12 18:15:32,268 - openevolve.controller - INFO - Using tracked best program: 47b90962-afd3-4a12-8ee4-92cb3d8145b8
2025-08-12 18:15:32,268 - openevolve.controller - INFO - Evolution complete. Best program has metrics: compiled=1.0000, correctness=1.0000, stage=success, passed=1.0000, score=44.5000, speed_up=1.2450, runtime_ms=0.0608, meta={'hardware': 'NVIDIA L20Y', 'device': 'cuda:6', 'correctness_trials': '(5 / 5)', 'reference_timing_ms': 0.0757, 'speed_up': 1.245, 'custom_timing': 0.0608}
2025-08-12 18:15:32,281 - openevolve.controller - INFO - Saved best program to openevolve_output/level1_96_HuberLoss/best/best_program.py with program info to openevolve_output/level1_96_HuberLoss/best/best_program_info.json
2025-08-12 18:15:32,282 - __main__ - INFO - âœ… å®Œæˆ level1_96_HuberLoss
2025-08-12 18:15:32,282 - __main__ - INFO - ======================================================================
2025-08-12 18:15:32,282 - __main__ - INFO - ðŸš€ [5/10] å¼€å§‹ level2_32_Conv2d_Scaling_Min
2025-08-12 18:15:32,282 - __main__ - INFO - ======================================================================
2025-08-12 18:15:32,283 - __main__ - INFO - âœ… å®Œæˆ level2_32_Conv2d_Scaling_Min
2025-08-12 18:15:32,283 - __main__ - INFO - ======================================================================
2025-08-12 18:15:32,283 - __main__ - INFO - ðŸš€ [6/10] å¼€å§‹ level2_5_ConvTranspose2d_Subtract_Tanh
2025-08-12 18:15:32,283 - __main__ - INFO - ======================================================================
2025-08-12 18:15:32,284 - __main__ - INFO - âœ… å®Œæˆ level2_5_ConvTranspose2d_Subtract_Tanh
2025-08-12 18:15:32,284 - __main__ - INFO - ======================================================================
2025-08-12 18:15:32,284 - __main__ - INFO - ðŸš€ [7/10] å¼€å§‹ level2_87_Conv2d_Subtract_Subtract_Mish
2025-08-12 18:15:32,284 - __main__ - INFO - ======================================================================
2025-08-12 18:15:32,285 - __main__ - INFO - âœ… å®Œæˆ level2_87_Conv2d_Subtract_Subtract_Mish
2025-08-12 18:15:32,285 - __main__ - INFO - ======================================================================
2025-08-12 18:15:32,285 - __main__ - INFO - ðŸš€ [8/10] å¼€å§‹ level3_24_EfficientNetB2
2025-08-12 18:15:32,285 - __main__ - INFO - ======================================================================
2025-08-12 18:15:32,285 - __main__ - INFO - âœ… å®Œæˆ level3_24_EfficientNetB2
2025-08-12 18:15:32,285 - __main__ - INFO - ======================================================================
2025-08-12 18:15:32,286 - __main__ - INFO - ðŸš€ [9/10] å¼€å§‹ level3_5_AlexNet
2025-08-12 18:15:32,286 - __main__ - INFO - ======================================================================
2025-08-12 18:15:32,286 - __main__ - INFO - âœ… å®Œæˆ level3_5_AlexNet
2025-08-12 18:15:32,286 - __main__ - INFO - ======================================================================
2025-08-12 18:15:32,286 - __main__ - INFO - ðŸš€ [10/10] å¼€å§‹ level5_1_deepseekv3_MLA_1gpu
2025-08-12 18:15:32,286 - __main__ - INFO - ======================================================================
2025-08-12 18:15:32,322 - openevolve.controller - INFO - Logging to openevolve_output/level5_1_deepseekv3_MLA_1gpu/logs/openevolve_20250812_181532.log
2025-08-12 18:15:32,322 - openevolve.controller - INFO - Set random seed to 42 for reproducibility
2025-08-12 18:15:32,362 - openevolve.llm.ensemble - INFO - Initialized LLM ensemble with models: deepseek (weight: 0.80), deepseek (weight: 0.20)
2025-08-12 18:15:32,401 - openevolve.llm.ensemble - INFO - Initialized LLM ensemble with models: deepseek (weight: 0.80), deepseek (weight: 0.20)
2025-08-12 18:15:32,402 - openevolve.prompt.sampler - INFO - Set custom templates: system=evaluator_system_message, user=None
2025-08-12 18:15:32,402 - openevolve.database - INFO - Initialized program database with 0 programs
2025-08-12 18:15:32,426 - openevolve.evaluator - INFO - Successfully loaded evaluation function from openevolve_output/level5_1_deepseekv3_MLA_1gpu/evaluation.py
2025-08-12 18:15:32,426 - openevolve.evaluator - INFO - Initialized evaluator with openevolve_output/level5_1_deepseekv3_MLA_1gpu/evaluation.py
2025-08-12 18:15:32,426 - openevolve.controller - INFO - Initialized OpenEvolve with /tmp/d4d11f6024c9e3a70bf5a009c95f9a33.py
2025-08-12 18:15:32,427 - openevolve.controller - INFO - Adding initial program to database
2025-08-12 18:15:32,427 - openevolve.RemoteSpeedupEvaluator - INFO - [level5_1_deepseekv3_MLA_1gpu] verify_plus payload: reference_code(11107 chars) + custom_code(11228 chars)
2025-08-12 18:15:34,869 - openevolve.RemoteSpeedupEvaluator - INFO - [level5_1_deepseekv3_MLA_1gpu] verify_plus request success
2025-08-12 18:15:34,869 - openevolve.RemoteSpeedupEvaluator - INFO - [level5_1_deepseekv3_MLA_1gpu] verify_plus response: {"id":"level5_1_deepseekv3_MLA_1gpu","result":{"error":"'NoneType' object has no attribute '__dict__'\nTraceback (most recent call last):\n  File \"/cpfs01/shared/llm_kernel/hujiakai/KernelLLM/validation_api_server/evaluator.py\", line 92, in _measure_perf_worker\n    exec(textwrap.dedent(code_src), temp_module.__dict__)\n  File \"<string>\", line 9, in <module>\n  File \"/home/lijiaxing/.conda/envs/api/lib/python3.10/dataclasses.py\", line 1184, in dataclass\n    return wrap(cls)\n  File \"/home/lijiaxing/.conda/envs/api/lib/python3.10/dataclasses.py\", line 1175, in wrap\n    return _process_class(cls, init, repr, eq, order, unsafe_hash,\n  File \"/home/lijiaxing/.conda/envs/api/lib/python3.10/dataclasses.py\", line 944, in _process_class\n    and _is_type(type, cls, dataclasses, datacla
2025-08-12 18:15:34,870 - openevolve.evaluator - WARNING - Evaluation attempt 1/4 failed for program 678c0967-85fc-4018-884b-34da82cf974f: Error: The reference code is not valid or correct. The verify result is: {'error': '\'NoneType\' object has no attribute \'__dict__\'\nTraceback (most recent call last):\n  File "/cpfs01/shared/llm_kernel/hujiakai/KernelLLM/validation_api_server/evaluator.py", line 92, in _measure_perf_worker\n    exec(textwrap.dedent(code_src), temp_module.__dict__)\n  File "<string>", line 9, in <module>\n  File "/home/lijiaxing/.conda/envs/api/lib/python3.10/dataclasses.py", line 1184, in dataclass\n    return wrap(cls)\n  File "/home/lijiaxing/.conda/envs/api/lib/python3.10/dataclasses.py", line 1175, in wrap\n    return _process_class(cls, init, repr, eq, order, unsafe_hash,\n  File "/home/lijiaxing/.conda/envs/api/lib/python3.10/dataclasses.py", line 944, in _process_class\n    and _is_type(type, cls, dataclasses, dataclasses.KW_ONLY,\n  File "/home/lijiaxing/.conda/envs/api/lib/python3.10/dataclasses.py", line 711, in _is_type\n    ns = sys.modules.get(cls.__module__).__dict__\nAttributeError: \'NoneType\' object has no attribute \'__dict__\'. Did you mean: \'__dir__\'?\n'}
2025-08-12 18:15:35,877 - openevolve.RemoteSpeedupEvaluator - INFO - [level5_1_deepseekv3_MLA_1gpu] verify_plus payload: reference_code(11107 chars) + custom_code(11228 chars)
2025-08-12 18:15:38,384 - openevolve.RemoteSpeedupEvaluator - INFO - [level5_1_deepseekv3_MLA_1gpu] verify_plus request success
2025-08-12 18:15:38,384 - openevolve.RemoteSpeedupEvaluator - INFO - [level5_1_deepseekv3_MLA_1gpu] verify_plus response: {"id":"level5_1_deepseekv3_MLA_1gpu","result":{"error":"'NoneType' object has no attribute '__dict__'\nTraceback (most recent call last):\n  File \"/cpfs01/shared/llm_kernel/hujiakai/KernelLLM/validation_api_server/evaluator.py\", line 92, in _measure_perf_worker\n    exec(textwrap.dedent(code_src), temp_module.__dict__)\n  File \"<string>\", line 9, in <module>\n  File \"/home/lijiaxing/.conda/envs/api/lib/python3.10/dataclasses.py\", line 1184, in dataclass\n    return wrap(cls)\n  File \"/home/lijiaxing/.conda/envs/api/lib/python3.10/dataclasses.py\", line 1175, in wrap\n    return _process_class(cls, init, repr, eq, order, unsafe_hash,\n  File \"/home/lijiaxing/.conda/envs/api/lib/python3.10/dataclasses.py\", line 944, in _process_class\n    and _is_type(type, cls, dataclasses, datacla
2025-08-12 18:15:38,384 - openevolve.evaluator - WARNING - Evaluation attempt 2/4 failed for program 678c0967-85fc-4018-884b-34da82cf974f: Error: The reference code is not valid or correct. The verify result is: {'error': '\'NoneType\' object has no attribute \'__dict__\'\nTraceback (most recent call last):\n  File "/cpfs01/shared/llm_kernel/hujiakai/KernelLLM/validation_api_server/evaluator.py", line 92, in _measure_perf_worker\n    exec(textwrap.dedent(code_src), temp_module.__dict__)\n  File "<string>", line 9, in <module>\n  File "/home/lijiaxing/.conda/envs/api/lib/python3.10/dataclasses.py", line 1184, in dataclass\n    return wrap(cls)\n  File "/home/lijiaxing/.conda/envs/api/lib/python3.10/dataclasses.py", line 1175, in wrap\n    return _process_class(cls, init, repr, eq, order, unsafe_hash,\n  File "/home/lijiaxing/.conda/envs/api/lib/python3.10/dataclasses.py", line 944, in _process_class\n    and _is_type(type, cls, dataclasses, dataclasses.KW_ONLY,\n  File "/home/lijiaxing/.conda/envs/api/lib/python3.10/dataclasses.py", line 711, in _is_type\n    ns = sys.modules.get(cls.__module__).__dict__\nAttributeError: \'NoneType\' object has no attribute \'__dict__\'. Did you mean: \'__dir__\'?\n'}
2025-08-12 18:15:39,387 - openevolve.RemoteSpeedupEvaluator - INFO - [level5_1_deepseekv3_MLA_1gpu] verify_plus payload: reference_code(11107 chars) + custom_code(11228 chars)
2025-08-12 18:15:41,905 - openevolve.RemoteSpeedupEvaluator - INFO - [level5_1_deepseekv3_MLA_1gpu] verify_plus request success
2025-08-12 18:15:41,905 - openevolve.RemoteSpeedupEvaluator - INFO - [level5_1_deepseekv3_MLA_1gpu] verify_plus response: {"id":"level5_1_deepseekv3_MLA_1gpu","result":{"error":"'NoneType' object has no attribute '__dict__'\nTraceback (most recent call last):\n  File \"/cpfs01/shared/llm_kernel/hujiakai/KernelLLM/validation_api_server/evaluator.py\", line 92, in _measure_perf_worker\n    exec(textwrap.dedent(code_src), temp_module.__dict__)\n  File \"<string>\", line 9, in <module>\n  File \"/home/lijiaxing/.conda/envs/api/lib/python3.10/dataclasses.py\", line 1184, in dataclass\n    return wrap(cls)\n  File \"/home/lijiaxing/.conda/envs/api/lib/python3.10/dataclasses.py\", line 1175, in wrap\n    return _process_class(cls, init, repr, eq, order, unsafe_hash,\n  File \"/home/lijiaxing/.conda/envs/api/lib/python3.10/dataclasses.py\", line 944, in _process_class\n    and _is_type(type, cls, dataclasses, datacla
2025-08-12 18:15:41,906 - openevolve.evaluator - WARNING - Evaluation attempt 3/4 failed for program 678c0967-85fc-4018-884b-34da82cf974f: Error: The reference code is not valid or correct. The verify result is: {'error': '\'NoneType\' object has no attribute \'__dict__\'\nTraceback (most recent call last):\n  File "/cpfs01/shared/llm_kernel/hujiakai/KernelLLM/validation_api_server/evaluator.py", line 92, in _measure_perf_worker\n    exec(textwrap.dedent(code_src), temp_module.__dict__)\n  File "<string>", line 9, in <module>\n  File "/home/lijiaxing/.conda/envs/api/lib/python3.10/dataclasses.py", line 1184, in dataclass\n    return wrap(cls)\n  File "/home/lijiaxing/.conda/envs/api/lib/python3.10/dataclasses.py", line 1175, in wrap\n    return _process_class(cls, init, repr, eq, order, unsafe_hash,\n  File "/home/lijiaxing/.conda/envs/api/lib/python3.10/dataclasses.py", line 944, in _process_class\n    and _is_type(type, cls, dataclasses, dataclasses.KW_ONLY,\n  File "/home/lijiaxing/.conda/envs/api/lib/python3.10/dataclasses.py", line 711, in _is_type\n    ns = sys.modules.get(cls.__module__).__dict__\nAttributeError: \'NoneType\' object has no attribute \'__dict__\'. Did you mean: \'__dir__\'?\n'}
2025-08-12 18:15:42,908 - openevolve.RemoteSpeedupEvaluator - INFO - [level5_1_deepseekv3_MLA_1gpu] verify_plus payload: reference_code(11107 chars) + custom_code(11228 chars)
2025-08-12 18:15:45,511 - openevolve.RemoteSpeedupEvaluator - INFO - [level5_1_deepseekv3_MLA_1gpu] verify_plus request success
2025-08-12 18:15:45,512 - openevolve.RemoteSpeedupEvaluator - INFO - [level5_1_deepseekv3_MLA_1gpu] verify_plus response: {"id":"level5_1_deepseekv3_MLA_1gpu","result":{"error":"'NoneType' object has no attribute '__dict__'\nTraceback (most recent call last):\n  File \"/cpfs01/shared/llm_kernel/hujiakai/KernelLLM/validation_api_server/evaluator.py\", line 92, in _measure_perf_worker\n    exec(textwrap.dedent(code_src), temp_module.__dict__)\n  File \"<string>\", line 9, in <module>\n  File \"/home/lijiaxing/.conda/envs/api/lib/python3.10/dataclasses.py\", line 1184, in dataclass\n    return wrap(cls)\n  File \"/home/lijiaxing/.conda/envs/api/lib/python3.10/dataclasses.py\", line 1175, in wrap\n    return _process_class(cls, init, repr, eq, order, unsafe_hash,\n  File \"/home/lijiaxing/.conda/envs/api/lib/python3.10/dataclasses.py\", line 944, in _process_class\n    and _is_type(type, cls, dataclasses, datacla
2025-08-12 18:15:45,512 - openevolve.evaluator - WARNING - Evaluation attempt 4/4 failed for program 678c0967-85fc-4018-884b-34da82cf974f: Error: The reference code is not valid or correct. The verify result is: {'error': '\'NoneType\' object has no attribute \'__dict__\'\nTraceback (most recent call last):\n  File "/cpfs01/shared/llm_kernel/hujiakai/KernelLLM/validation_api_server/evaluator.py", line 92, in _measure_perf_worker\n    exec(textwrap.dedent(code_src), temp_module.__dict__)\n  File "<string>", line 9, in <module>\n  File "/home/lijiaxing/.conda/envs/api/lib/python3.10/dataclasses.py", line 1184, in dataclass\n    return wrap(cls)\n  File "/home/lijiaxing/.conda/envs/api/lib/python3.10/dataclasses.py", line 1175, in wrap\n    return _process_class(cls, init, repr, eq, order, unsafe_hash,\n  File "/home/lijiaxing/.conda/envs/api/lib/python3.10/dataclasses.py", line 944, in _process_class\n    and _is_type(type, cls, dataclasses, dataclasses.KW_ONLY,\n  File "/home/lijiaxing/.conda/envs/api/lib/python3.10/dataclasses.py", line 711, in _is_type\n    ns = sys.modules.get(cls.__module__).__dict__\nAttributeError: \'NoneType\' object has no attribute \'__dict__\'. Did you mean: \'__dir__\'?\n'}
2025-08-12 18:15:45,513 - openevolve.evaluator - ERROR - All evaluation attempts failed for program 678c0967-85fc-4018-884b-34da82cf974f. Last error: Error: The reference code is not valid or correct. The verify result is: {'error': '\'NoneType\' object has no attribute \'__dict__\'\nTraceback (most recent call last):\n  File "/cpfs01/shared/llm_kernel/hujiakai/KernelLLM/validation_api_server/evaluator.py", line 92, in _measure_perf_worker\n    exec(textwrap.dedent(code_src), temp_module.__dict__)\n  File "<string>", line 9, in <module>\n  File "/home/lijiaxing/.conda/envs/api/lib/python3.10/dataclasses.py", line 1184, in dataclass\n    return wrap(cls)\n  File "/home/lijiaxing/.conda/envs/api/lib/python3.10/dataclasses.py", line 1175, in wrap\n    return _process_class(cls, init, repr, eq, order, unsafe_hash,\n  File "/home/lijiaxing/.conda/envs/api/lib/python3.10/dataclasses.py", line 944, in _process_class\n    and _is_type(type, cls, dataclasses, dataclasses.KW_ONLY,\n  File "/home/lijiaxing/.conda/envs/api/lib/python3.10/dataclasses.py", line 711, in _is_type\n    ns = sys.modules.get(cls.__module__).__dict__\nAttributeError: \'NoneType\' object has no attribute \'__dict__\'. Did you mean: \'__dir__\'?\n'}
2025-08-12 18:15:45,514 - __main__ - ERROR - ðŸ’¥ å¤±è´¥ level5_1_deepseekv3_MLA_1gpu: 'score'
2025-08-12 18:15:45,514 - __main__ - INFO - ----------------------------------------------------------------------
2025-08-12 18:15:45,514 - __main__ - INFO - ðŸ“Š è¿›ç¨‹ rank=28 ç»“æŸ | æˆåŠŸ 9 | å¤±è´¥ 1
2025-08-12 18:15:45,514 - __main__ - INFO - ----------------------------------------------------------------------
