{"id": "b1e8287b-7183-4492-8737-4e9d319fa768", "code": " weight per output channel and per kernel position? \n\n", "language": "python", "parent_id": "8276d3e4-766e-4fca-9c07-1c4f2da4b3b8", "generation": 6, "timestamp": 1754992217.8284214, "iteration_found": 20, "metrics": {"compiled": false, "correctness": false, "score": -100.0, "stage": "no_valid_triton_code", "feedback": "You need to generate real and valid triton code for the core function. The key word 'import triton' is not found."}, "complexity": 0.0, "diversity": 0.0, "metadata": {"changes": "Full rewrite", "parent_metrics": {"compiled": true, "correctness": false, "score": 10, "stage": "wrong_answer", "verify_payload": {"id": "level1_72_conv_transposed_3D_asymmetric_input_asymmetric_kernel___strided_padded_grouped_", "result": {"compiled": true, "correctness": false, "metadata": {"hardware": "NVIDIA L20Y", "device": "cuda:1", "runtime_error": "Traceback (most recent call last):\n  File \"/home/lijiaxing/.conda/envs/api/lib/python3.10/site-packages/triton/language/core.py\", line 42, in wrapper\n    return fn(*args, **kwargs)\n  File \"/home/lijiaxing/.conda/envs/api/lib/python3.10/site-packages/triton/language/core.py\", line 2246, in advance\n    return _semantic.advance(base, offsets)\n  File \"/home/lijiaxing/.conda/envs/api/lib/python3.10/site-packages/triton/language/semantic.py\", line 1842, in advance\n    offsets = self._convert_to_ir_values(offsets, require_i64=False)\n  File \"/home/lijiaxing/.conda/envs/api/lib/python3.10/site-packages/triton/language/semantic.py\", line 1799, in _convert_to_ir_values\n    return [self._convert_elem_to_ir_value(elem, require_i64) for elem in list_like]\n  File \"/home/lijiaxing/.conda/envs/api/lib/python3.10/site-packages/triton/language/semantic.py\", line 1799, in <listcomp>\n    return [self._convert_elem_to_ir_value(elem, require_i64) for elem in list_like]\n  File \"/home/lijiaxing/.conda/envs/api/lib/python3.10/site-packages/triton/language/semantic.py\", line 1786, in _convert_elem_to_ir_value\n    assert elem.numel.value == 1, \"Expected a scalar in shape/strides/offsets\"\nAssertionError: Expected a scalar in shape/strides/offsets\n\nThe above exception was the direct cause of the following exception:\n\nTraceback (most recent call last):\n  File \"/cpfs01/shared/llm_kernel/hujiakai/KernelLLM/validation_api_server/helpers/evaluations.py\", line 720, in run_and_check_correctness\n    output_new = model_new(*inputs)\n  File \"/home/lijiaxing/.conda/envs/api/lib/python3.10/site-packages/torch/nn/modules/module.py\", line 1773, in _wrapped_call_impl\n    return self._call_impl(*args, **kwargs)\n  File \"/home/lijiaxing/.conda/envs/api/lib/python3.10/site-packages/torch/nn/modules/module.py\", line 1784, in _call_impl\n    return forward_call(*args, **kwargs)\n  File \"/tmp/tmpt_3ptrp3.py\", line 68, in forward\n    _conv_transpose3d_kernel[grid](\n  File \"/home/lijiaxing/.conda/envs/api/lib/python3.10/site-packages/triton/runtime/jit.py\", line 390, in <lambda>\n    return lambda *args, **kwargs: self.run(grid=grid, warmup=False, *args, **kwargs)\n  File \"/home/lijiaxing/.conda/envs/api/lib/python3.10/site-packages/triton/runtime/jit.py\", line 594, in run\n    kernel = self.compile(src, target=target, options=options.__dict__)\n  File \"/home/lijiaxing/.conda/envs/api/lib/python3.10/site-packages/triton/compiler/compiler.py\", line 339, in compile\n    module = src.make_ir(options, codegen_fns, module_map, context)\n  File \"/home/lijiaxing/.conda/envs/api/lib/python3.10/site-packages/triton/compiler/compiler.py\", line 83, in make_ir\n    return ast_to_ttir(self.fn, self, context=context, options=options, codegen_fns=codegen_fns,\ntriton.compiler.errors.CompilationError: at 60:29:\n                remainder_w = w_in_val % conv_stride_w\n                w_in_int = tl.where(remainder_w == 0, w_in_val // conv_stride_w, -1)\n                valid_w = (w_in_int >= 0) & (w_in_int < W_in)\n\n                valid = valid_d & valid_h & valid_w\n\n                for c_in in range(start_c_in, end_c_in, BLOCK_SIZE):\n                    c_offsets = c_in + tl.arange(0, BLOCK_SIZE)\n                    mask = (c_offsets < end_c_in) & valid\n\n                    # Use tl.advance for cleaner pointer arithmetic\n                    x_base = tl.advance(x_ptr, [\n                             ^\n\n\nThe above exception was the direct cause of the following exception:\n\nTraceback (most recent call last):\n  File \"/home/lijiaxing/.conda/envs/api/lib/python3.10/site-packages/triton/language/core.py\", line 42, in wrapper\n    return fn(*args, **kwargs)\n  File \"/home/lijiaxing/.conda/envs/api/lib/python3.10/site-packages/triton/language/core.py\", line 2246, in advance\n    return _semantic.advance(base, offsets)\n  File \"/home/lijiaxing/.conda/envs/api/lib/python3.10/site-packages/triton/language/semantic.py\", line 1842, in advance\n    offsets = self._convert_to_ir_values(offsets, require_i64=False)\n  File \"/home/lijiaxing/.conda/envs/api/lib/python3.10/site-packages/triton/language/semantic.py\", line 1799, in _convert_to_ir_values\n    return [self._convert_elem_to_ir_value(elem, require_i64) for elem in list_like]\n  File \"/home/lijiaxing/.conda/envs/api/lib/python3.10/site-packages/triton/language/semantic.py\", line 1799, in <listcomp>\n    return [self._convert_elem_to_ir_value(elem, require_i64) for elem in list_like]\n  File \"/home/lijiaxing/.conda/envs/api/lib/python3.10/site-packages/triton/language/semantic.py\", line 1786, in _convert_elem_to_ir_value\n    assert elem.numel.value == 1, \"Expected a scalar in shape/strides/offsets\"\nAssertionError: Expected a scalar in shape/strides/offsets\n", "runtime_error_name": "triton.compiler.errors.CompilationError", "reference_timing_ms": 0.0744, "speed_up": -1.0, "custom_timing": -1.0}, "runtime": -1.0, "runtime_stats": {}}}}, "island": 2}, "artifacts_json": null, "artifact_dir": null}