2025-08-08 17:41:00,288 - openevolve.controller - INFO - Logging to openevolve_output/level1_89_cumsum/logs/openevolve_20250808_174100.log
2025-08-08 17:41:00,288 - openevolve.controller - INFO - Set random seed to 42 for reproducibility
2025-08-08 17:41:00,330 - openevolve.llm.ensemble - INFO - Initialized LLM ensemble with models: deepseek (weight: 0.80), deepseek (weight: 0.20)
2025-08-08 17:41:00,369 - openevolve.llm.ensemble - INFO - Initialized LLM ensemble with models: deepseek (weight: 0.80), deepseek (weight: 0.20)
2025-08-08 17:41:00,370 - openevolve.prompt.sampler - INFO - Set custom templates: system=evaluator_system_message, user=None
2025-08-08 17:41:00,370 - openevolve.database - INFO - Initialized program database with 0 programs
2025-08-08 17:41:00,391 - openevolve.evaluator - INFO - Successfully loaded evaluation function from openevolve_output/level1_89_cumsum/evaluation.py
2025-08-08 17:41:00,391 - openevolve.evaluator - INFO - Initialized evaluator with openevolve_output/level1_89_cumsum/evaluation.py
2025-08-08 17:41:00,391 - openevolve.controller - INFO - Initialized OpenEvolve with /tmp/d92838256a0f1f4b0d152efe2529f8dc.py
2025-08-08 17:41:00,391 - openevolve.controller - INFO - Adding initial program to database
2025-08-08 17:41:00,392 - openevolve.RemoteSpeedupEvaluator - INFO - [level1_89_cumsum] verify_plus payload: reference_code(1620 chars) + custom_code(1744 chars)
2025-08-08 17:41:02,998 - openevolve.RemoteSpeedupEvaluator - INFO - [level1_89_cumsum] verify_plus request success
2025-08-08 17:41:02,998 - openevolve.RemoteSpeedupEvaluator - INFO - [level1_89_cumsum] verify_plus response: {"id":"level1_89_cumsum","result":{"compiled":true,"correctness":true,"metadata":{"hardware":"NVIDIA L20Y","device":"cuda:2","correctness_trials":"(5 / 5)","reference_timing_ms":0.016,"speed_up":0.595,"custom_timing":0.0269},"runtime":0.0269,"runtime_stats":{"mean":0.0269,"std":0.000548,"min":0.026,"max":0.0305,"num_trials":100,"hardware":"NVIDIA L20Y","device":"cuda:2"}}}
2025-08-08 17:41:02,999 - openevolve.evaluator - INFO - Evaluated program d1a78a1c-a0db-4e4f-9a34-a090de26e661 in 2.61s: compiled=1.0000, correctness=1.0000, stage=reference code, passed=0.0000, score=0.0000, speed_up=1.0000, runtime_ms=0.0269, meta={'hardware': 'NVIDIA L20Y', 'device': 'cuda:2', 'correctness_trials': '(5 / 5)', 'reference_timing_ms': 0.016, 'speed_up': 0.595, 'custom_timing': 0.0269}
2025-08-08 17:41:02,999 - openevolve.database - INFO - New MAP-Elites cell occupied: {'score': 0, 'complexity': 1}
2025-08-08 17:41:03,016 - openevolve.threaded_parallel - INFO - Initializing threaded evaluation pool with 3 workers
2025-08-08 17:41:03,017 - openevolve.threaded_parallel - INFO - Started thread pool with 3 threads
2025-08-08 17:41:03,017 - openevolve.threaded_parallel - INFO - Started improved parallel controller
2025-08-08 17:41:03,017 - openevolve.controller - INFO - Using island-based evolution with 3 islands
2025-08-08 17:41:03,017 - openevolve.database - INFO - Island Status:
2025-08-08 17:41:03,017 - openevolve.database - INFO -  * Island 0: 1 programs, best=0.0000, avg=0.0000, diversity=0.00, gen=0 (best: d1a78a1c-a0db-4e4f-9a34-a090de26e661)
2025-08-08 17:41:03,017 - openevolve.database - INFO -    Island 1: 0 programs, best=0.0000, avg=0.0000, diversity=0.00, gen=0
2025-08-08 17:41:03,017 - openevolve.database - INFO -    Island 2: 0 programs, best=0.0000, avg=0.0000, diversity=0.00, gen=0
2025-08-08 17:41:03,018 - openevolve.threaded_parallel - INFO - Starting improved parallel evolution from iteration 0 for 30 iterations (total: 30)
2025-08-08 17:41:03,153 - openevolve.llm.ensemble - INFO - Initialized LLM ensemble with models: deepseek (weight: 0.80), deepseek (weight: 0.20)
2025-08-08 17:41:03,163 - openevolve.llm.ensemble - INFO - Initialized LLM ensemble with models: deepseek (weight: 0.80), deepseek (weight: 0.20)
2025-08-08 17:41:03,174 - openevolve.llm.ensemble - INFO - Initialized LLM ensemble with models: deepseek (weight: 0.80), deepseek (weight: 0.20)
2025-08-08 17:41:03,292 - openevolve.llm.ensemble - INFO - Initialized LLM ensemble with models: deepseek (weight: 0.80), deepseek (weight: 0.20)
2025-08-08 17:41:03,292 - openevolve.prompt.sampler - INFO - Set custom templates: system=evaluator_system_message, user=None
2025-08-08 17:41:03,294 - openevolve.evaluator - INFO - Successfully loaded evaluation function from openevolve_output/level1_89_cumsum/evaluation.py
2025-08-08 17:41:03,294 - openevolve.evaluator - INFO - Initialized evaluator with openevolve_output/level1_89_cumsum/evaluation.py
2025-08-08 17:41:03,296 - openevolve.llm.ensemble - INFO - Sampled model: deepseek
2025-08-08 17:41:03,303 - openevolve.llm.ensemble - INFO - Initialized LLM ensemble with models: deepseek (weight: 0.80), deepseek (weight: 0.20)
2025-08-08 17:41:03,304 - openevolve.prompt.sampler - INFO - Set custom templates: system=evaluator_system_message, user=None
2025-08-08 17:41:03,306 - openevolve.evaluator - INFO - Successfully loaded evaluation function from openevolve_output/level1_89_cumsum/evaluation.py
2025-08-08 17:41:03,306 - openevolve.evaluator - INFO - Initialized evaluator with openevolve_output/level1_89_cumsum/evaluation.py
2025-08-08 17:41:03,307 - openevolve.llm.ensemble - INFO - Initialized LLM ensemble with models: deepseek (weight: 0.80), deepseek (weight: 0.20)
2025-08-08 17:41:03,307 - openevolve.prompt.sampler - INFO - Set custom templates: system=evaluator_system_message, user=None
2025-08-08 17:41:03,307 - openevolve.llm.ensemble - INFO - Sampled model: deepseek
2025-08-08 17:41:03,309 - openevolve.evaluator - INFO - Successfully loaded evaluation function from openevolve_output/level1_89_cumsum/evaluation.py
2025-08-08 17:41:03,310 - openevolve.evaluator - INFO - Initialized evaluator with openevolve_output/level1_89_cumsum/evaluation.py
2025-08-08 17:41:03,311 - openevolve.llm.ensemble - INFO - Sampled model: deepseek
2025-08-08 17:57:39,957 - openevolve.RemoteSpeedupEvaluator - INFO - [level1_89_cumsum] triton key words check pass
2025-08-08 17:57:39,959 - openevolve.RemoteSpeedupEvaluator - INFO - [level1_89_cumsum] verify_plus payload: reference_code(1620 chars) + custom_code(3119 chars)
2025-08-08 17:57:42,826 - openevolve.RemoteSpeedupEvaluator - INFO - [level1_89_cumsum] verify_plus request success
2025-08-08 17:57:42,826 - openevolve.RemoteSpeedupEvaluator - INFO - [level1_89_cumsum] verify_plus response: {"id":"level1_89_cumsum","result":{"compiled":true,"correctness":false,"metadata":{"hardware":"NVIDIA L20Y","device":"cuda:5","runtime_error":"Traceback (most recent call last):\n  File \"/cpfs01/shared/llm_kernel/hujiakai/KernelLLM/validation_api_server/helpers/evaluations.py\", line 720, in run_and_check_correctness\n    output_new = model_new(*inputs)\n  File \"/home/lijiaxing/.conda/envs/api/lib/python3.10/site-packages/torch/nn/modules/module.py\", line 1773, in _wrapped_call_impl\n    return self._call_impl(*args, **kwargs)\n  File \"/home/lijiaxing/.conda/envs/api/lib/python3.10/site-packages/torch/nn/modules/module.py\", line 1784, in _call_impl\n    return forward_call(*args, **kwargs)\n  File \"/tmp/tmp7jb43w4t.py\", line 87, in forward\n    _cumsum_kernel[grid](\n  File \"/home/
2025-08-08 17:57:42,826 - openevolve.RemoteSpeedupEvaluator - INFO - [level1_89_cumsum] âœ˜ wrong_answer
2025-08-08 17:57:42,826 - openevolve.evaluator - INFO - Evaluated program 70ad6144-c5fa-4568-bfe0-c9a72c87ffa8 in 2.87s: compiled=1.0000, correctness=0.0000, score=10.0000, stage=wrong_answer, verify_payload={'id': 'level1_89_cumsum', 'result': {'compiled': True, 'correctness': False, 'metadata': {'hardware': 'NVIDIA L20Y', 'device': 'cuda:5', 'runtime_error': 'Traceback (most recent call last):\n  File "/cpfs01/shared/llm_kernel/hujiakai/KernelLLM/validation_api_server/helpers/evaluations.py", line 720, in run_and_check_correctness\n    output_new = model_new(*inputs)\n  File "/home/lijiaxing/.conda/envs/api/lib/python3.10/site-packages/torch/nn/modules/module.py", line 1773, in _wrapped_call_impl\n    return self._call_impl(*args, **kwargs)\n  File "/home/lijiaxing/.conda/envs/api/lib/python3.10/site-packages/torch/nn/modules/module.py", line 1784, in _call_impl\n    return forward_call(*args, **kwargs)\n  File "/tmp/tmp7jb43w4t.py", line 87, in forward\n    _cumsum_kernel[grid](\n  File "/home/lijiaxing/.conda/envs/api/lib/python3.10/site-packages/triton/runtime/jit.py", line 390, in <lambda>\n    return lambda *args, **kwargs: self.run(grid=grid, warmup=False, *args, **kwargs)\n  File "/home/lijiaxing/.conda/envs/api/lib/python3.10/site-packages/triton/runtime/jit.py", line 594, in run\n    kernel = self.compile(src, target=target, options=options.__dict__)\n  File "/home/lijiaxing/.conda/envs/api/lib/python3.10/site-packages/triton/compiler/compiler.py", line 281, in compile\n    key = f"{triton_key()}-{src.hash()}-{backend.hash()}-{options.hash()}-{str(sorted(env_vars.items()))}"\n  File "/home/lijiaxing/.conda/envs/api/lib/python3.10/site-packages/triton/compiler/compiler.py", line 78, in hash\n    key = f"{self.fn.cache_key}-{str(self.attrs)}-{sorted_sig}-{constants_key}"\n  File "/home/lijiaxing/.conda/envs/api/lib/python3.10/site-packages/triton/runtime/jit.py", line 696, in cache_key\n    dependencies_finder.visit(self.parse())\n  File "/home/lijiaxing/.conda/envs/api/lib/python3.10/ast.py", line 418, in visit\n    return visitor(node)\n  File "/home/lijiaxing/.conda/envs/api/lib/python3.10/ast.py", line 426, in generic_visit\n    self.visit(item)\n  File "/home/lijiaxing/.conda/envs/api/lib/python3.10/ast.py", line 418, in visit\n    return visitor(node)\n  File "/home/lijiaxing/.conda/envs/api/lib/python3.10/site-packages/triton/runtime/jit.py", line 163, in visit_FunctionDef\n    self.generic_visit(node)\n  File "/home/lijiaxing/.conda/envs/api/lib/python3.10/ast.py", line 426, in generic_visit\n    self.visit(item)\n  File "/home/lijiaxing/.conda/envs/api/lib/python3.10/ast.py", line 418, in visit\n    return visitor(node)\n  File "/home/lijiaxing/.conda/envs/api/lib/python3.10/site-packages/triton/runtime/jit.py", line 217, in visit_Assign\n    self.generic_visit(node)\n  File "/home/lijiaxing/.conda/envs/api/lib/python3.10/ast.py", line 428, in generic_visit\n    self.visit(value)\n  File "/home/lijiaxing/.conda/envs/api/lib/python3.10/ast.py", line 418, in visit\n    return visitor(node)\n  File "/home/lijiaxing/.conda/envs/api/lib/python3.10/ast.py", line 428, in generic_visit\n    self.visit(value)\n  File "/home/lijiaxing/.conda/envs/api/lib/python3.10/ast.py", line 418, in visit\n    return visitor(node)\n  File "/home/lijiaxing/.conda/envs/api/lib/python3.10/site-packages/triton/runtime/jit.py", line 156, in visit_Attribute\n    ret = getattr(lhs, node.attr)\nAttributeError: module \'triton.language\' has no attribute \'thread_id\'\n', 'runtime_error_name': 'builtins.AttributeError', 'reference_timing_ms': 0.016, 'speed_up': -1.0, 'custom_timing': -1.0}, 'runtime': -1.0, 'runtime_stats': {}}}
2025-08-08 17:57:42,829 - openevolve.llm.ensemble - INFO - Sampled model: deepseek
2025-08-08 17:57:42,832 - openevolve.database - INFO - New MAP-Elites cell occupied: {'score': 9, 'complexity': 9}
2025-08-08 17:57:42,833 - openevolve.database - INFO - New best program 70ad6144-c5fa-4568-bfe0-c9a72c87ffa8 replaces d1a78a1c-a0db-4e4f-9a34-a090de26e661
2025-08-08 17:57:42,846 - openevolve.threaded_parallel - INFO - Iteration 1: Program 70ad6144-c5fa-4568-bfe0-c9a72c87ffa8 (parent: d1a78a1c-a0db-4e4f-9a34-a090de26e661) completed in 999.52s
2025-08-08 17:57:42,846 - openevolve.threaded_parallel - INFO - Metrics: compiled=1.0000, correctness=0.0000, score=10.0000, stage=wrong_answer, verify_payload={'id': 'level1_89_cumsum', 'result': {'compiled': True, 'correctness': False, 'metadata': {'hardware': 'NVIDIA L20Y', 'device': 'cuda:5', 'runtime_error': 'Traceback (most recent call last):\n  File "/cpfs01/shared/llm_kernel/hujiakai/KernelLLM/validation_api_server/helpers/evaluations.py", line 720, in run_and_check_correctness\n    output_new = model_new(*inputs)\n  File "/home/lijiaxing/.conda/envs/api/lib/python3.10/site-packages/torch/nn/modules/module.py", line 1773, in _wrapped_call_impl\n    return self._call_impl(*args, **kwargs)\n  File "/home/lijiaxing/.conda/envs/api/lib/python3.10/site-packages/torch/nn/modules/module.py", line 1784, in _call_impl\n    return forward_call(*args, **kwargs)\n  File "/tmp/tmp7jb43w4t.py", line 87, in forward\n    _cumsum_kernel[grid](\n  File "/home/lijiaxing/.conda/envs/api/lib/python3.10/site-packages/triton/runtime/jit.py", line 390, in <lambda>\n    return lambda *args, **kwargs: self.run(grid=grid, warmup=False, *args, **kwargs)\n  File "/home/lijiaxing/.conda/envs/api/lib/python3.10/site-packages/triton/runtime/jit.py", line 594, in run\n    kernel = self.compile(src, target=target, options=options.__dict__)\n  File "/home/lijiaxing/.conda/envs/api/lib/python3.10/site-packages/triton/compiler/compiler.py", line 281, in compile\n    key = f"{triton_key()}-{src.hash()}-{backend.hash()}-{options.hash()}-{str(sorted(env_vars.items()))}"\n  File "/home/lijiaxing/.conda/envs/api/lib/python3.10/site-packages/triton/compiler/compiler.py", line 78, in hash\n    key = f"{self.fn.cache_key}-{str(self.attrs)}-{sorted_sig}-{constants_key}"\n  File "/home/lijiaxing/.conda/envs/api/lib/python3.10/site-packages/triton/runtime/jit.py", line 696, in cache_key\n    dependencies_finder.visit(self.parse())\n  File "/home/lijiaxing/.conda/envs/api/lib/python3.10/ast.py", line 418, in visit\n    return visitor(node)\n  File "/home/lijiaxing/.conda/envs/api/lib/python3.10/ast.py", line 426, in generic_visit\n    self.visit(item)\n  File "/home/lijiaxing/.conda/envs/api/lib/python3.10/ast.py", line 418, in visit\n    return visitor(node)\n  File "/home/lijiaxing/.conda/envs/api/lib/python3.10/site-packages/triton/runtime/jit.py", line 163, in visit_FunctionDef\n    self.generic_visit(node)\n  File "/home/lijiaxing/.conda/envs/api/lib/python3.10/ast.py", line 426, in generic_visit\n    self.visit(item)\n  File "/home/lijiaxing/.conda/envs/api/lib/python3.10/ast.py", line 418, in visit\n    return visitor(node)\n  File "/home/lijiaxing/.conda/envs/api/lib/python3.10/site-packages/triton/runtime/jit.py", line 217, in visit_Assign\n    self.generic_visit(node)\n  File "/home/lijiaxing/.conda/envs/api/lib/python3.10/ast.py", line 428, in generic_visit\n    self.visit(value)\n  File "/home/lijiaxing/.conda/envs/api/lib/python3.10/ast.py", line 418, in visit\n    return visitor(node)\n  File "/home/lijiaxing/.conda/envs/api/lib/python3.10/ast.py", line 428, in generic_visit\n    self.visit(value)\n  File "/home/lijiaxing/.conda/envs/api/lib/python3.10/ast.py", line 418, in visit\n    return visitor(node)\n  File "/home/lijiaxing/.conda/envs/api/lib/python3.10/site-packages/triton/runtime/jit.py", line 156, in visit_Attribute\n    ret = getattr(lhs, node.attr)\nAttributeError: module \'triton.language\' has no attribute \'thread_id\'\n', 'runtime_error_name': 'builtins.AttributeError', 'reference_timing_ms': 0.016, 'speed_up': -1.0, 'custom_timing': -1.0}, 'runtime': -1.0, 'runtime_stats': {}}}
2025-08-08 17:57:42,846 - openevolve.threaded_parallel - INFO - ðŸŒŸ New best solution found at iteration 1: 70ad6144-c5fa-4568-bfe0-c9a72c87ffa8
2025-08-08 18:00:51,343 - openevolve.RemoteSpeedupEvaluator - INFO - [level1_89_cumsum] triton key words check pass
2025-08-08 18:00:51,345 - openevolve.RemoteSpeedupEvaluator - INFO - [level1_89_cumsum] verify_plus payload: reference_code(1620 chars) + custom_code(2226 chars)
2025-08-08 18:00:54,380 - openevolve.RemoteSpeedupEvaluator - INFO - [level1_89_cumsum] verify_plus request success
2025-08-08 18:00:54,380 - openevolve.RemoteSpeedupEvaluator - INFO - [level1_89_cumsum] verify_plus response: {"id":"level1_89_cumsum","result":{"compiled":true,"correctness":false,"metadata":{"hardware":"NVIDIA L20Y","device":"cuda:6","runtime_error":"Traceback (most recent call last):\n  File \"/home/lijiaxing/.conda/envs/api/lib/python3.10/site-packages/triton/language/core.py\", line 42, in wrapper\n    return fn(*args, **kwargs)\n  File \"/home/lijiaxing/.conda/envs/api/lib/python3.10/site-packages/triton/language/core.py\", line 2727, in associative_scan\n    return associative_scan((input, ), axis, combine_fn, reverse, _semantic=_semantic, _generator=_generator)[0]\n  File \"/home/lijiaxing/.conda/envs/api/lib/python3.10/site-packages/triton/language/core.py\", line 42, in wrapper\n    return fn(*args, **kwargs)\n  File \"/home/lijiaxing/.conda/envs/api/lib/python3.10/site-packages/triton/l
2025-08-08 18:00:54,381 - openevolve.RemoteSpeedupEvaluator - INFO - [level1_89_cumsum] âœ˜ wrong_answer
2025-08-08 18:00:54,381 - openevolve.evaluator - INFO - Evaluated program d5bcfa39-1285-4b61-bf2c-d0789888fd84 in 3.04s: compiled=1.0000, correctness=0.0000, score=10.0000, stage=wrong_answer, verify_payload={'id': 'level1_89_cumsum', 'result': {'compiled': True, 'correctness': False, 'metadata': {'hardware': 'NVIDIA L20Y', 'device': 'cuda:6', 'runtime_error': 'Traceback (most recent call last):\n  File "/home/lijiaxing/.conda/envs/api/lib/python3.10/site-packages/triton/language/core.py", line 42, in wrapper\n    return fn(*args, **kwargs)\n  File "/home/lijiaxing/.conda/envs/api/lib/python3.10/site-packages/triton/language/core.py", line 2727, in associative_scan\n    return associative_scan((input, ), axis, combine_fn, reverse, _semantic=_semantic, _generator=_generator)[0]\n  File "/home/lijiaxing/.conda/envs/api/lib/python3.10/site-packages/triton/language/core.py", line 42, in wrapper\n    return fn(*args, **kwargs)\n  File "/home/lijiaxing/.conda/envs/api/lib/python3.10/site-packages/triton/language/core.py", line 2747, in associative_scan\n    return _semantic.associative_scan(input, axis, make_combine_region, reverse)\n  File "/home/lijiaxing/.conda/envs/api/lib/python3.10/site-packages/triton/language/semantic.py", line 1685, in associative_scan\n    region_builder_fn(scan_op)\n  File "/home/lijiaxing/.conda/envs/api/lib/python3.10/site-packages/triton/language/core.py", line 2737, in make_combine_region\n    results = _generator.call_JitFunction(combine_fn, args, kwargs={})\nAttributeError: \'function\' object has no attribute \'fn\'\n\nThe above exception was the direct cause of the following exception:\n\nTraceback (most recent call last):\n  File "/cpfs01/shared/llm_kernel/hujiakai/KernelLLM/validation_api_server/helpers/evaluations.py", line 720, in run_and_check_correctness\n    output_new = model_new(*inputs)\n  File "/home/lijiaxing/.conda/envs/api/lib/python3.10/site-packages/torch/nn/modules/module.py", line 1773, in _wrapped_call_impl\n    return self._call_impl(*args, **kwargs)\n  File "/home/lijiaxing/.conda/envs/api/lib/python3.10/site-packages/torch/nn/modules/module.py", line 1784, in _call_impl\n    return forward_call(*args, **kwargs)\n  File "/tmp/tmp54l3oaqp.py", line 57, in forward\n    _cumsum_kernel[grid](\n  File "/home/lijiaxing/.conda/envs/api/lib/python3.10/site-packages/triton/runtime/jit.py", line 390, in <lambda>\n    return lambda *args, **kwargs: self.run(grid=grid, warmup=False, *args, **kwargs)\n  File "/home/lijiaxing/.conda/envs/api/lib/python3.10/site-packages/triton/runtime/jit.py", line 594, in run\n    kernel = self.compile(src, target=target, options=options.__dict__)\n  File "/home/lijiaxing/.conda/envs/api/lib/python3.10/site-packages/triton/compiler/compiler.py", line 339, in compile\n    module = src.make_ir(options, codegen_fns, module_map, context)\n  File "/home/lijiaxing/.conda/envs/api/lib/python3.10/site-packages/triton/compiler/compiler.py", line 83, in make_ir\n    return ast_to_ttir(self.fn, self, context=context, options=options, codegen_fns=codegen_fns,\ntriton.compiler.errors.CompilationError: at 25:24:\n    cumulative = 0.0\n    num_chunks = tl.cdiv(L, BLOCK_SIZE)\n\n    for chunk_idx in range(0, num_chunks):\n        offs_chunk = chunk_idx * BLOCK_SIZE\n        offs = offs_chunk + tl.arange(0, BLOCK_SIZE)\n        mask = offs < L\n\n        x_ptrs = row_start_x + offs * stride_x_inner\n        chunk = tl.load(x_ptrs, mask=mask, other=0.0)\n\n        scanned_chunk = tl.associative_scan(chunk, axis=0, combine_fn=tl.add)\n                        ^\n\n\nThe above exception was the direct cause of the following exception:\n\nTraceback (most recent call last):\n  File "/home/lijiaxing/.conda/envs/api/lib/python3.10/site-packages/triton/language/core.py", line 42, in wrapper\n    return fn(*args, **kwargs)\n  File "/home/lijiaxing/.conda/envs/api/lib/python3.10/site-packages/triton/language/core.py", line 2727, in associative_scan\n    return associative_scan((input, ), axis, combine_fn, reverse, _semantic=_semantic, _generator=_generator)[0]\n  File "/home/lijiaxing/.conda/envs/api/lib/python3.10/site-packages/triton/language/core.py", line 42, in wrapper\n    return fn(*args, **kwargs)\n  File "/home/lijiaxing/.conda/envs/api/lib/python3.10/site-packages/triton/language/core.py", line 2747, in associative_scan\n    return _semantic.associative_scan(input, axis, make_combine_region, reverse)\n  File "/home/lijiaxing/.conda/envs/api/lib/python3.10/site-packages/triton/language/semantic.py", line 1685, in associative_scan\n    region_builder_fn(scan_op)\n  File "/home/lijiaxing/.conda/envs/api/lib/python3.10/site-packages/triton/language/core.py", line 2737, in make_combine_region\n    results = _generator.call_JitFunction(combine_fn, args, kwargs={})\nAttributeError: \'function\' object has no attribute \'fn\'\n', 'runtime_error_name': 'triton.compiler.errors.CompilationError', 'reference_timing_ms': 0.016, 'speed_up': -1.0, 'custom_timing': -1.0}, 'runtime': -1.0, 'runtime_stats': {}}}
2025-08-08 18:00:54,383 - openevolve.database - INFO - New MAP-Elites cell occupied: {'score': 9, 'complexity': 3}
2025-08-08 18:00:54,384 - openevolve.llm.ensemble - INFO - Sampled model: deepseek
2025-08-08 18:00:54,395 - openevolve.threaded_parallel - INFO - Iteration 2: Program d5bcfa39-1285-4b61-bf2c-d0789888fd84 (parent: d1a78a1c-a0db-4e4f-9a34-a090de26e661) completed in 1191.07s
2025-08-08 18:00:54,395 - openevolve.threaded_parallel - INFO - Metrics: compiled=1.0000, correctness=0.0000, score=10.0000, stage=wrong_answer, verify_payload={'id': 'level1_89_cumsum', 'result': {'compiled': True, 'correctness': False, 'metadata': {'hardware': 'NVIDIA L20Y', 'device': 'cuda:6', 'runtime_error': 'Traceback (most recent call last):\n  File "/home/lijiaxing/.conda/envs/api/lib/python3.10/site-packages/triton/language/core.py", line 42, in wrapper\n    return fn(*args, **kwargs)\n  File "/home/lijiaxing/.conda/envs/api/lib/python3.10/site-packages/triton/language/core.py", line 2727, in associative_scan\n    return associative_scan((input, ), axis, combine_fn, reverse, _semantic=_semantic, _generator=_generator)[0]\n  File "/home/lijiaxing/.conda/envs/api/lib/python3.10/site-packages/triton/language/core.py", line 42, in wrapper\n    return fn(*args, **kwargs)\n  File "/home/lijiaxing/.conda/envs/api/lib/python3.10/site-packages/triton/language/core.py", line 2747, in associative_scan\n    return _semantic.associative_scan(input, axis, make_combine_region, reverse)\n  File "/home/lijiaxing/.conda/envs/api/lib/python3.10/site-packages/triton/language/semantic.py", line 1685, in associative_scan\n    region_builder_fn(scan_op)\n  File "/home/lijiaxing/.conda/envs/api/lib/python3.10/site-packages/triton/language/core.py", line 2737, in make_combine_region\n    results = _generator.call_JitFunction(combine_fn, args, kwargs={})\nAttributeError: \'function\' object has no attribute \'fn\'\n\nThe above exception was the direct cause of the following exception:\n\nTraceback (most recent call last):\n  File "/cpfs01/shared/llm_kernel/hujiakai/KernelLLM/validation_api_server/helpers/evaluations.py", line 720, in run_and_check_correctness\n    output_new = model_new(*inputs)\n  File "/home/lijiaxing/.conda/envs/api/lib/python3.10/site-packages/torch/nn/modules/module.py", line 1773, in _wrapped_call_impl\n    return self._call_impl(*args, **kwargs)\n  File "/home/lijiaxing/.conda/envs/api/lib/python3.10/site-packages/torch/nn/modules/module.py", line 1784, in _call_impl\n    return forward_call(*args, **kwargs)\n  File "/tmp/tmp54l3oaqp.py", line 57, in forward\n    _cumsum_kernel[grid](\n  File "/home/lijiaxing/.conda/envs/api/lib/python3.10/site-packages/triton/runtime/jit.py", line 390, in <lambda>\n    return lambda *args, **kwargs: self.run(grid=grid, warmup=False, *args, **kwargs)\n  File "/home/lijiaxing/.conda/envs/api/lib/python3.10/site-packages/triton/runtime/jit.py", line 594, in run\n    kernel = self.compile(src, target=target, options=options.__dict__)\n  File "/home/lijiaxing/.conda/envs/api/lib/python3.10/site-packages/triton/compiler/compiler.py", line 339, in compile\n    module = src.make_ir(options, codegen_fns, module_map, context)\n  File "/home/lijiaxing/.conda/envs/api/lib/python3.10/site-packages/triton/compiler/compiler.py", line 83, in make_ir\n    return ast_to_ttir(self.fn, self, context=context, options=options, codegen_fns=codegen_fns,\ntriton.compiler.errors.CompilationError: at 25:24:\n    cumulative = 0.0\n    num_chunks = tl.cdiv(L, BLOCK_SIZE)\n\n    for chunk_idx in range(0, num_chunks):\n        offs_chunk = chunk_idx * BLOCK_SIZE\n        offs = offs_chunk + tl.arange(0, BLOCK_SIZE)\n        mask = offs < L\n\n        x_ptrs = row_start_x + offs * stride_x_inner\n        chunk = tl.load(x_ptrs, mask=mask, other=0.0)\n\n        scanned_chunk = tl.associative_scan(chunk, axis=0, combine_fn=tl.add)\n                        ^\n\n\nThe above exception was the direct cause of the following exception:\n\nTraceback (most recent call last):\n  File "/home/lijiaxing/.conda/envs/api/lib/python3.10/site-packages/triton/language/core.py", line 42, in wrapper\n    return fn(*args, **kwargs)\n  File "/home/lijiaxing/.conda/envs/api/lib/python3.10/site-packages/triton/language/core.py", line 2727, in associative_scan\n    return associative_scan((input, ), axis, combine_fn, reverse, _semantic=_semantic, _generator=_generator)[0]\n  File "/home/lijiaxing/.conda/envs/api/lib/python3.10/site-packages/triton/language/core.py", line 42, in wrapper\n    return fn(*args, **kwargs)\n  File "/home/lijiaxing/.conda/envs/api/lib/python3.10/site-packages/triton/language/core.py", line 2747, in associative_scan\n    return _semantic.associative_scan(input, axis, make_combine_region, reverse)\n  File "/home/lijiaxing/.conda/envs/api/lib/python3.10/site-packages/triton/language/semantic.py", line 1685, in associative_scan\n    region_builder_fn(scan_op)\n  File "/home/lijiaxing/.conda/envs/api/lib/python3.10/site-packages/triton/language/core.py", line 2737, in make_combine_region\n    results = _generator.call_JitFunction(combine_fn, args, kwargs={})\nAttributeError: \'function\' object has no attribute \'fn\'\n', 'runtime_error_name': 'triton.compiler.errors.CompilationError', 'reference_timing_ms': 0.016, 'speed_up': -1.0, 'custom_timing': -1.0}, 'runtime': -1.0, 'runtime_stats': {}}}
2025-08-08 18:01:53,967 - openevolve.RemoteSpeedupEvaluator - INFO - [level1_89_cumsum] triton key words check pass
2025-08-08 18:01:53,969 - openevolve.RemoteSpeedupEvaluator - INFO - [level1_89_cumsum] verify_plus payload: reference_code(1620 chars) + custom_code(1396 chars)
2025-08-08 18:01:56,792 - openevolve.RemoteSpeedupEvaluator - INFO - [level1_89_cumsum] verify_plus request success
2025-08-08 18:01:56,793 - openevolve.RemoteSpeedupEvaluator - INFO - [level1_89_cumsum] verify_plus response: {"id":"level1_89_cumsum","result":{"compiled":true,"correctness":false,"metadata":{"hardware":"NVIDIA L20Y","device":"cuda:3","runtime_error":"Traceback (most recent call last):\n  File \"/cpfs01/shared/llm_kernel/hujiakai/KernelLLM/validation_api_server/helpers/evaluations.py\", line 720, in run_and_check_correctness\n    output_new = model_new(*inputs)\n  File \"/home/lijiaxing/.conda/envs/api/lib/python3.10/site-packages/torch/nn/modules/module.py\", line 1773, in _wrapped_call_impl\n    return self._call_impl(*args, **kwargs)\n  File \"/home/lijiaxing/.conda/envs/api/lib/python3.10/site-packages/torch/nn/modules/module.py\", line 1784, in _call_impl\n    return forward_call(*args, **kwargs)\n  File \"/tmp/tmpokmhj772.py\", line 40, in forward\n    cumsum_kernel[grid](x, output, n_cols,
2025-08-08 18:01:56,793 - openevolve.RemoteSpeedupEvaluator - INFO - [level1_89_cumsum] âœ˜ wrong_answer
2025-08-08 18:01:56,793 - openevolve.evaluator - INFO - Evaluated program 958aa480-9b6b-4224-b545-ae8d9c076bcd in 2.83s: compiled=1.0000, correctness=0.0000, score=10.0000, stage=wrong_answer, verify_payload={'id': 'level1_89_cumsum', 'result': {'compiled': True, 'correctness': False, 'metadata': {'hardware': 'NVIDIA L20Y', 'device': 'cuda:3', 'runtime_error': 'Traceback (most recent call last):\n  File "/cpfs01/shared/llm_kernel/hujiakai/KernelLLM/validation_api_server/helpers/evaluations.py", line 720, in run_and_check_correctness\n    output_new = model_new(*inputs)\n  File "/home/lijiaxing/.conda/envs/api/lib/python3.10/site-packages/torch/nn/modules/module.py", line 1773, in _wrapped_call_impl\n    return self._call_impl(*args, **kwargs)\n  File "/home/lijiaxing/.conda/envs/api/lib/python3.10/site-packages/torch/nn/modules/module.py", line 1784, in _call_impl\n    return forward_call(*args, **kwargs)\n  File "/tmp/tmpokmhj772.py", line 40, in forward\n    cumsum_kernel[grid](x, output, n_cols, BLOCK_SIZE=triton.next_power_of_2(n_cols))\n  File "/home/lijiaxing/.conda/envs/api/lib/python3.10/site-packages/triton/runtime/jit.py", line 390, in <lambda>\n    return lambda *args, **kwargs: self.run(grid=grid, warmup=False, *args, **kwargs)\n  File "/home/lijiaxing/.conda/envs/api/lib/python3.10/site-packages/triton/runtime/jit.py", line 594, in run\n    kernel = self.compile(src, target=target, options=options.__dict__)\n  File "/home/lijiaxing/.conda/envs/api/lib/python3.10/site-packages/triton/compiler/compiler.py", line 339, in compile\n    module = src.make_ir(options, codegen_fns, module_map, context)\n  File "/home/lijiaxing/.conda/envs/api/lib/python3.10/site-packages/triton/compiler/compiler.py", line 83, in make_ir\n    return ast_to_ttir(self.fn, self, context=context, options=options, codegen_fns=codegen_fns,\ntriton.compiler.errors.CompilationError: at 18:11:\n    row_idx = tl.program_id(0)\n    start = row_idx * n_cols\n    offsets = start + tl.arange(0, BLOCK_SIZE)\n    mask = tl.arange(0, BLOCK_SIZE) < n_cols\n\n    # Load data with boundary checks\n    data = tl.load(input_ptr + offsets, mask=mask, other=0.0)\n\n    # Parallel prefix sum using warp-level operations\n    carry = 0.0\n    for i in range(BLOCK_SIZE):\n        if mask[i]:\n           ^\nValueError(\'Did you forget to add @triton.jit ? (`_semantic` argument must be provided outside of JIT functions.)\')\n\n\nThe above exception was the direct cause of the following exception:\n\nTraceback (most recent call last):\n  File "/home/lijiaxing/.conda/envs/api/lib/python3.10/site-packages/triton/language/core.py", line 42, in wrapper\n    return fn(*args, **kwargs)\n  File "/home/lijiaxing/.conda/envs/api/lib/python3.10/site-packages/triton/language/core.py", line 1111, in __getitem__\n    for dim, sl in enumerate(slices):\n  File "/home/lijiaxing/.conda/envs/api/lib/python3.10/site-packages/triton/language/core.py", line 40, in wrapper\n    raise ValueError("Did you forget to add @triton.jit ? "\nValueError: Did you forget to add @triton.jit ? (`_semantic` argument must be provided outside of JIT functions.)\n', 'runtime_error_name': 'triton.compiler.errors.CompilationError', 'reference_timing_ms': 0.016, 'speed_up': -1.0, 'custom_timing': -1.0}, 'runtime': -1.0, 'runtime_stats': {}}}
2025-08-08 18:01:56,798 - openevolve.llm.ensemble - INFO - Sampled model: deepseek
2025-08-08 18:01:56,799 - openevolve.database - INFO - New MAP-Elites cell occupied: {'score': 9, 'complexity': 0}
2025-08-08 18:01:56,812 - openevolve.threaded_parallel - INFO - Iteration 0: Program 958aa480-9b6b-4224-b545-ae8d9c076bcd (parent: d1a78a1c-a0db-4e4f-9a34-a090de26e661) completed in 1253.50s
2025-08-08 18:01:56,812 - openevolve.threaded_parallel - INFO - Metrics: compiled=1.0000, correctness=0.0000, score=10.0000, stage=wrong_answer, verify_payload={'id': 'level1_89_cumsum', 'result': {'compiled': True, 'correctness': False, 'metadata': {'hardware': 'NVIDIA L20Y', 'device': 'cuda:3', 'runtime_error': 'Traceback (most recent call last):\n  File "/cpfs01/shared/llm_kernel/hujiakai/KernelLLM/validation_api_server/helpers/evaluations.py", line 720, in run_and_check_correctness\n    output_new = model_new(*inputs)\n  File "/home/lijiaxing/.conda/envs/api/lib/python3.10/site-packages/torch/nn/modules/module.py", line 1773, in _wrapped_call_impl\n    return self._call_impl(*args, **kwargs)\n  File "/home/lijiaxing/.conda/envs/api/lib/python3.10/site-packages/torch/nn/modules/module.py", line 1784, in _call_impl\n    return forward_call(*args, **kwargs)\n  File "/tmp/tmpokmhj772.py", line 40, in forward\n    cumsum_kernel[grid](x, output, n_cols, BLOCK_SIZE=triton.next_power_of_2(n_cols))\n  File "/home/lijiaxing/.conda/envs/api/lib/python3.10/site-packages/triton/runtime/jit.py", line 390, in <lambda>\n    return lambda *args, **kwargs: self.run(grid=grid, warmup=False, *args, **kwargs)\n  File "/home/lijiaxing/.conda/envs/api/lib/python3.10/site-packages/triton/runtime/jit.py", line 594, in run\n    kernel = self.compile(src, target=target, options=options.__dict__)\n  File "/home/lijiaxing/.conda/envs/api/lib/python3.10/site-packages/triton/compiler/compiler.py", line 339, in compile\n    module = src.make_ir(options, codegen_fns, module_map, context)\n  File "/home/lijiaxing/.conda/envs/api/lib/python3.10/site-packages/triton/compiler/compiler.py", line 83, in make_ir\n    return ast_to_ttir(self.fn, self, context=context, options=options, codegen_fns=codegen_fns,\ntriton.compiler.errors.CompilationError: at 18:11:\n    row_idx = tl.program_id(0)\n    start = row_idx * n_cols\n    offsets = start + tl.arange(0, BLOCK_SIZE)\n    mask = tl.arange(0, BLOCK_SIZE) < n_cols\n\n    # Load data with boundary checks\n    data = tl.load(input_ptr + offsets, mask=mask, other=0.0)\n\n    # Parallel prefix sum using warp-level operations\n    carry = 0.0\n    for i in range(BLOCK_SIZE):\n        if mask[i]:\n           ^\nValueError(\'Did you forget to add @triton.jit ? (`_semantic` argument must be provided outside of JIT functions.)\')\n\n\nThe above exception was the direct cause of the following exception:\n\nTraceback (most recent call last):\n  File "/home/lijiaxing/.conda/envs/api/lib/python3.10/site-packages/triton/language/core.py", line 42, in wrapper\n    return fn(*args, **kwargs)\n  File "/home/lijiaxing/.conda/envs/api/lib/python3.10/site-packages/triton/language/core.py", line 1111, in __getitem__\n    for dim, sl in enumerate(slices):\n  File "/home/lijiaxing/.conda/envs/api/lib/python3.10/site-packages/triton/language/core.py", line 40, in wrapper\n    raise ValueError("Did you forget to add @triton.jit ? "\nValueError: Did you forget to add @triton.jit ? (`_semantic` argument must be provided outside of JIT functions.)\n', 'runtime_error_name': 'triton.compiler.errors.CompilationError', 'reference_timing_ms': 0.016, 'speed_up': -1.0, 'custom_timing': -1.0}, 'runtime': -1.0, 'runtime_stats': {}}}
2025-08-08 18:01:56,812 - openevolve.threaded_parallel - INFO - Checkpoint interval reached at iteration 0
2025-08-08 18:01:56,813 - openevolve.database - INFO - Island Status:
2025-08-08 18:01:56,813 - openevolve.database - INFO -    Island 0: 3 programs, best=10.0000, avg=6.6667, diversity=389.87, gen=1 (best: 70ad6144-c5fa-4568-bfe0-c9a72c87ffa8)
2025-08-08 18:01:56,813 - openevolve.database - INFO -  * Island 1: 1 programs, best=10.0000, avg=10.0000, diversity=0.00, gen=2 (best: 958aa480-9b6b-4224-b545-ae8d9c076bcd)
2025-08-08 18:01:56,813 - openevolve.database - INFO -    Island 2: 0 programs, best=0.0000, avg=0.0000, diversity=0.00, gen=0
2025-08-08 18:01:56,866 - openevolve.database - INFO - Saved database with 4 programs to openevolve_output/level1_89_cumsum/checkpoints/checkpoint_0
2025-08-08 18:01:56,882 - openevolve.controller - INFO - Saved best program at checkpoint 0 with metrics: compiled=1.0000, correctness=0.0000, score=10.0000, stage=wrong_answer, verify_payload={'id': 'level1_89_cumsum', 'result': {'compiled': True, 'correctness': False, 'metadata': {'hardware': 'NVIDIA L20Y', 'device': 'cuda:5', 'runtime_error': 'Traceback (most recent call last):\n  File "/cpfs01/shared/llm_kernel/hujiakai/KernelLLM/validation_api_server/helpers/evaluations.py", line 720, in run_and_check_correctness\n    output_new = model_new(*inputs)\n  File "/home/lijiaxing/.conda/envs/api/lib/python3.10/site-packages/torch/nn/modules/module.py", line 1773, in _wrapped_call_impl\n    return self._call_impl(*args, **kwargs)\n  File "/home/lijiaxing/.conda/envs/api/lib/python3.10/site-packages/torch/nn/modules/module.py", line 1784, in _call_impl\n    return forward_call(*args, **kwargs)\n  File "/tmp/tmp7jb43w4t.py", line 87, in forward\n    _cumsum_kernel[grid](\n  File "/home/lijiaxing/.conda/envs/api/lib/python3.10/site-packages/triton/runtime/jit.py", line 390, in <lambda>\n    return lambda *args, **kwargs: self.run(grid=grid, warmup=False, *args, **kwargs)\n  File "/home/lijiaxing/.conda/envs/api/lib/python3.10/site-packages/triton/runtime/jit.py", line 594, in run\n    kernel = self.compile(src, target=target, options=options.__dict__)\n  File "/home/lijiaxing/.conda/envs/api/lib/python3.10/site-packages/triton/compiler/compiler.py", line 281, in compile\n    key = f"{triton_key()}-{src.hash()}-{backend.hash()}-{options.hash()}-{str(sorted(env_vars.items()))}"\n  File "/home/lijiaxing/.conda/envs/api/lib/python3.10/site-packages/triton/compiler/compiler.py", line 78, in hash\n    key = f"{self.fn.cache_key}-{str(self.attrs)}-{sorted_sig}-{constants_key}"\n  File "/home/lijiaxing/.conda/envs/api/lib/python3.10/site-packages/triton/runtime/jit.py", line 696, in cache_key\n    dependencies_finder.visit(self.parse())\n  File "/home/lijiaxing/.conda/envs/api/lib/python3.10/ast.py", line 418, in visit\n    return visitor(node)\n  File "/home/lijiaxing/.conda/envs/api/lib/python3.10/ast.py", line 426, in generic_visit\n    self.visit(item)\n  File "/home/lijiaxing/.conda/envs/api/lib/python3.10/ast.py", line 418, in visit\n    return visitor(node)\n  File "/home/lijiaxing/.conda/envs/api/lib/python3.10/site-packages/triton/runtime/jit.py", line 163, in visit_FunctionDef\n    self.generic_visit(node)\n  File "/home/lijiaxing/.conda/envs/api/lib/python3.10/ast.py", line 426, in generic_visit\n    self.visit(item)\n  File "/home/lijiaxing/.conda/envs/api/lib/python3.10/ast.py", line 418, in visit\n    return visitor(node)\n  File "/home/lijiaxing/.conda/envs/api/lib/python3.10/site-packages/triton/runtime/jit.py", line 217, in visit_Assign\n    self.generic_visit(node)\n  File "/home/lijiaxing/.conda/envs/api/lib/python3.10/ast.py", line 428, in generic_visit\n    self.visit(value)\n  File "/home/lijiaxing/.conda/envs/api/lib/python3.10/ast.py", line 418, in visit\n    return visitor(node)\n  File "/home/lijiaxing/.conda/envs/api/lib/python3.10/ast.py", line 428, in generic_visit\n    self.visit(value)\n  File "/home/lijiaxing/.conda/envs/api/lib/python3.10/ast.py", line 418, in visit\n    return visitor(node)\n  File "/home/lijiaxing/.conda/envs/api/lib/python3.10/site-packages/triton/runtime/jit.py", line 156, in visit_Attribute\n    ret = getattr(lhs, node.attr)\nAttributeError: module \'triton.language\' has no attribute \'thread_id\'\n', 'runtime_error_name': 'builtins.AttributeError', 'reference_timing_ms': 0.016, 'speed_up': -1.0, 'custom_timing': -1.0}, 'runtime': -1.0, 'runtime_stats': {}}}
2025-08-08 18:01:56,882 - openevolve.controller - INFO - Saved checkpoint at iteration 0 to openevolve_output/level1_89_cumsum/checkpoints/checkpoint_0
2025-08-08 18:15:53,353 - openevolve.RemoteSpeedupEvaluator - INFO - [level1_89_cumsum] triton key words check pass
2025-08-08 18:15:53,355 - openevolve.RemoteSpeedupEvaluator - INFO - [level1_89_cumsum] verify_plus payload: reference_code(1620 chars) + custom_code(2215 chars)
2025-08-08 18:15:56,258 - openevolve.RemoteSpeedupEvaluator - INFO - [level1_89_cumsum] verify_plus request success
2025-08-08 18:15:56,258 - openevolve.RemoteSpeedupEvaluator - INFO - [level1_89_cumsum] verify_plus response: {"id":"level1_89_cumsum","result":{"compiled":true,"correctness":false,"metadata":{"hardware":"NVIDIA L20Y","device":"cuda:4","runtime_error":"Traceback (most recent call last):\n  File \"/cpfs01/shared/llm_kernel/hujiakai/KernelLLM/validation_api_server/helpers/evaluations.py\", line 720, in run_and_check_correctness\n    output_new = model_new(*inputs)\n  File \"/home/lijiaxing/.conda/envs/api/lib/python3.10/site-packages/torch/nn/modules/module.py\", line 1773, in _wrapped_call_impl\n    return self._call_impl(*args, **kwargs)\n  File \"/home/lijiaxing/.conda/envs/api/lib/python3.10/site-packages/torch/nn/modules/module.py\", line 1784, in _call_impl\n    return forward_call(*args, **kwargs)\n  File \"/tmp/tmpmo14i23u.py\", line 59, in forward\n    _cumsum_kernel[grid](\n  File \"/home/
2025-08-08 18:15:56,259 - openevolve.RemoteSpeedupEvaluator - INFO - [level1_89_cumsum] âœ˜ wrong_answer
2025-08-08 18:15:56,259 - openevolve.evaluator - INFO - Evaluated program 1f4a9690-69c4-4dac-b33c-a45e568065e8 in 2.91s: compiled=1.0000, correctness=0.0000, score=10.0000, stage=wrong_answer, verify_payload={'id': 'level1_89_cumsum', 'result': {'compiled': True, 'correctness': False, 'metadata': {'hardware': 'NVIDIA L20Y', 'device': 'cuda:4', 'runtime_error': 'Traceback (most recent call last):\n  File "/cpfs01/shared/llm_kernel/hujiakai/KernelLLM/validation_api_server/helpers/evaluations.py", line 720, in run_and_check_correctness\n    output_new = model_new(*inputs)\n  File "/home/lijiaxing/.conda/envs/api/lib/python3.10/site-packages/torch/nn/modules/module.py", line 1773, in _wrapped_call_impl\n    return self._call_impl(*args, **kwargs)\n  File "/home/lijiaxing/.conda/envs/api/lib/python3.10/site-packages/torch/nn/modules/module.py", line 1784, in _call_impl\n    return forward_call(*args, **kwargs)\n  File "/tmp/tmpmo14i23u.py", line 59, in forward\n    _cumsum_kernel[grid](\n  File "/home/lijiaxing/.conda/envs/api/lib/python3.10/site-packages/triton/runtime/jit.py", line 390, in <lambda>\n    return lambda *args, **kwargs: self.run(grid=grid, warmup=False, *args, **kwargs)\n  File "/home/lijiaxing/.conda/envs/api/lib/python3.10/site-packages/triton/runtime/jit.py", line 594, in run\n    kernel = self.compile(src, target=target, options=options.__dict__)\n  File "/home/lijiaxing/.conda/envs/api/lib/python3.10/site-packages/triton/compiler/compiler.py", line 339, in compile\n    module = src.make_ir(options, codegen_fns, module_map, context)\n  File "/home/lijiaxing/.conda/envs/api/lib/python3.10/site-packages/triton/compiler/compiler.py", line 83, in make_ir\n    return ast_to_ttir(self.fn, self, context=context, options=options, codegen_fns=codegen_fns,\ntriton.compiler.errors.CompilationError: at 28:18:\n    for chunk_idx in range(0, num_chunks):\n        offs_chunk = chunk_idx * BLOCK_SIZE\n        offs = offs_chunk + tl.arange(0, BLOCK_SIZE)\n        mask = offs < L\n\n        x_ptrs = row_start_x + offs * stride_x_inner\n        chunk = tl.load(x_ptrs, mask=mask, other=0.0)\n\n        # Sequential scan implementation\n        acc = 0.0\n        for i in range(BLOCK_SIZE):\n            cur = chunk[i]\n                  ^\nValueError(\'Did you forget to add @triton.jit ? (`_semantic` argument must be provided outside of JIT functions.)\')\n\n\nThe above exception was the direct cause of the following exception:\n\nTraceback (most recent call last):\n  File "/home/lijiaxing/.conda/envs/api/lib/python3.10/site-packages/triton/language/core.py", line 42, in wrapper\n    return fn(*args, **kwargs)\n  File "/home/lijiaxing/.conda/envs/api/lib/python3.10/site-packages/triton/language/core.py", line 1111, in __getitem__\n    for dim, sl in enumerate(slices):\n  File "/home/lijiaxing/.conda/envs/api/lib/python3.10/site-packages/triton/language/core.py", line 40, in wrapper\n    raise ValueError("Did you forget to add @triton.jit ? "\nValueError: Did you forget to add @triton.jit ? (`_semantic` argument must be provided outside of JIT functions.)\n', 'runtime_error_name': 'triton.compiler.errors.CompilationError', 'reference_timing_ms': 0.016, 'speed_up': -1.0, 'custom_timing': -1.0}, 'runtime': -1.0, 'runtime_stats': {}}}
2025-08-08 18:15:56,262 - openevolve.llm.ensemble - INFO - Sampled model: deepseek
2025-08-08 18:15:56,265 - openevolve.database - INFO - New MAP-Elites cell occupied: {'score': 9, 'complexity': 4}
2025-08-08 18:15:56,277 - openevolve.threaded_parallel - INFO - Iteration 5: Program 1f4a9690-69c4-4dac-b33c-a45e568065e8 (parent: d5bcfa39-1285-4b61-bf2c-d0789888fd84) completed in 839.46s
2025-08-08 18:15:56,277 - openevolve.threaded_parallel - INFO - Metrics: compiled=1.0000, correctness=0.0000, score=10.0000, stage=wrong_answer, verify_payload={'id': 'level1_89_cumsum', 'result': {'compiled': True, 'correctness': False, 'metadata': {'hardware': 'NVIDIA L20Y', 'device': 'cuda:4', 'runtime_error': 'Traceback (most recent call last):\n  File "/cpfs01/shared/llm_kernel/hujiakai/KernelLLM/validation_api_server/helpers/evaluations.py", line 720, in run_and_check_correctness\n    output_new = model_new(*inputs)\n  File "/home/lijiaxing/.conda/envs/api/lib/python3.10/site-packages/torch/nn/modules/module.py", line 1773, in _wrapped_call_impl\n    return self._call_impl(*args, **kwargs)\n  File "/home/lijiaxing/.conda/envs/api/lib/python3.10/site-packages/torch/nn/modules/module.py", line 1784, in _call_impl\n    return forward_call(*args, **kwargs)\n  File "/tmp/tmpmo14i23u.py", line 59, in forward\n    _cumsum_kernel[grid](\n  File "/home/lijiaxing/.conda/envs/api/lib/python3.10/site-packages/triton/runtime/jit.py", line 390, in <lambda>\n    return lambda *args, **kwargs: self.run(grid=grid, warmup=False, *args, **kwargs)\n  File "/home/lijiaxing/.conda/envs/api/lib/python3.10/site-packages/triton/runtime/jit.py", line 594, in run\n    kernel = self.compile(src, target=target, options=options.__dict__)\n  File "/home/lijiaxing/.conda/envs/api/lib/python3.10/site-packages/triton/compiler/compiler.py", line 339, in compile\n    module = src.make_ir(options, codegen_fns, module_map, context)\n  File "/home/lijiaxing/.conda/envs/api/lib/python3.10/site-packages/triton/compiler/compiler.py", line 83, in make_ir\n    return ast_to_ttir(self.fn, self, context=context, options=options, codegen_fns=codegen_fns,\ntriton.compiler.errors.CompilationError: at 28:18:\n    for chunk_idx in range(0, num_chunks):\n        offs_chunk = chunk_idx * BLOCK_SIZE\n        offs = offs_chunk + tl.arange(0, BLOCK_SIZE)\n        mask = offs < L\n\n        x_ptrs = row_start_x + offs * stride_x_inner\n        chunk = tl.load(x_ptrs, mask=mask, other=0.0)\n\n        # Sequential scan implementation\n        acc = 0.0\n        for i in range(BLOCK_SIZE):\n            cur = chunk[i]\n                  ^\nValueError(\'Did you forget to add @triton.jit ? (`_semantic` argument must be provided outside of JIT functions.)\')\n\n\nThe above exception was the direct cause of the following exception:\n\nTraceback (most recent call last):\n  File "/home/lijiaxing/.conda/envs/api/lib/python3.10/site-packages/triton/language/core.py", line 42, in wrapper\n    return fn(*args, **kwargs)\n  File "/home/lijiaxing/.conda/envs/api/lib/python3.10/site-packages/triton/language/core.py", line 1111, in __getitem__\n    for dim, sl in enumerate(slices):\n  File "/home/lijiaxing/.conda/envs/api/lib/python3.10/site-packages/triton/language/core.py", line 40, in wrapper\n    raise ValueError("Did you forget to add @triton.jit ? "\nValueError: Did you forget to add @triton.jit ? (`_semantic` argument must be provided outside of JIT functions.)\n', 'runtime_error_name': 'triton.compiler.errors.CompilationError', 'reference_timing_ms': 0.016, 'speed_up': -1.0, 'custom_timing': -1.0}, 'runtime': -1.0, 'runtime_stats': {}}}
2025-08-08 18:18:40,473 - openevolve.RemoteSpeedupEvaluator - INFO - [level1_89_cumsum] triton key words check pass
2025-08-08 18:18:40,474 - openevolve.RemoteSpeedupEvaluator - INFO - [level1_89_cumsum] verify_plus payload: reference_code(1620 chars) + custom_code(2705 chars)
2025-08-08 18:18:43,477 - openevolve.RemoteSpeedupEvaluator - INFO - [level1_89_cumsum] verify_plus request success
2025-08-08 18:18:43,477 - openevolve.RemoteSpeedupEvaluator - INFO - [level1_89_cumsum] verify_plus response: {"id":"level1_89_cumsum","result":{"compiled":true,"correctness":false,"metadata":{"hardware":"NVIDIA L20Y","device":"cuda:5","runtime_error":"Traceback (most recent call last):\n  File \"/cpfs01/shared/llm_kernel/hujiakai/KernelLLM/validation_api_server/helpers/evaluations.py\", line 720, in run_and_check_correctness\n    output_new = model_new(*inputs)\n  File \"/home/lijiaxing/.conda/envs/api/lib/python3.10/site-packages/torch/nn/modules/module.py\", line 1773, in _wrapped_call_impl\n    return self._call_impl(*args, **kwargs)\n  File \"/home/lijiaxing/.conda/envs/api/lib/python3.10/site-packages/torch/nn/modules/module.py\", line 1784, in _call_impl\n    return forward_call(*args, **kwargs)\n  File \"/tmp/tmpyon_a94f.py\", line 82, in forward\n    _cumsum_kernel[grid](\n  File \"/home/
2025-08-08 18:18:43,477 - openevolve.RemoteSpeedupEvaluator - INFO - [level1_89_cumsum] âœ˜ wrong_answer
2025-08-08 18:18:43,477 - openevolve.evaluator - INFO - Evaluated program e7db9a06-133c-4184-8261-0910119247f5 in 3.01s: compiled=1.0000, correctness=0.0000, score=10.0000, stage=wrong_answer, verify_payload={'id': 'level1_89_cumsum', 'result': {'compiled': True, 'correctness': False, 'metadata': {'hardware': 'NVIDIA L20Y', 'device': 'cuda:5', 'runtime_error': 'Traceback (most recent call last):\n  File "/cpfs01/shared/llm_kernel/hujiakai/KernelLLM/validation_api_server/helpers/evaluations.py", line 720, in run_and_check_correctness\n    output_new = model_new(*inputs)\n  File "/home/lijiaxing/.conda/envs/api/lib/python3.10/site-packages/torch/nn/modules/module.py", line 1773, in _wrapped_call_impl\n    return self._call_impl(*args, **kwargs)\n  File "/home/lijiaxing/.conda/envs/api/lib/python3.10/site-packages/torch/nn/modules/module.py", line 1784, in _call_impl\n    return forward_call(*args, **kwargs)\n  File "/tmp/tmpyon_a94f.py", line 82, in forward\n    _cumsum_kernel[grid](\n  File "/home/lijiaxing/.conda/envs/api/lib/python3.10/site-packages/triton/runtime/jit.py", line 390, in <lambda>\n    return lambda *args, **kwargs: self.run(grid=grid, warmup=False, *args, **kwargs)\n  File "/home/lijiaxing/.conda/envs/api/lib/python3.10/site-packages/triton/runtime/jit.py", line 594, in run\n    kernel = self.compile(src, target=target, options=options.__dict__)\n  File "/home/lijiaxing/.conda/envs/api/lib/python3.10/site-packages/triton/compiler/compiler.py", line 281, in compile\n    key = f"{triton_key()}-{src.hash()}-{backend.hash()}-{options.hash()}-{str(sorted(env_vars.items()))}"\n  File "/home/lijiaxing/.conda/envs/api/lib/python3.10/site-packages/triton/compiler/compiler.py", line 78, in hash\n    key = f"{self.fn.cache_key}-{str(self.attrs)}-{sorted_sig}-{constants_key}"\n  File "/home/lijiaxing/.conda/envs/api/lib/python3.10/site-packages/triton/runtime/jit.py", line 696, in cache_key\n    dependencies_finder.visit(self.parse())\n  File "/home/lijiaxing/.conda/envs/api/lib/python3.10/ast.py", line 418, in visit\n    return visitor(node)\n  File "/home/lijiaxing/.conda/envs/api/lib/python3.10/ast.py", line 426, in generic_visit\n    self.visit(item)\n  File "/home/lijiaxing/.conda/envs/api/lib/python3.10/ast.py", line 418, in visit\n    return visitor(node)\n  File "/home/lijiaxing/.conda/envs/api/lib/python3.10/site-packages/triton/runtime/jit.py", line 163, in visit_FunctionDef\n    self.generic_visit(node)\n  File "/home/lijiaxing/.conda/envs/api/lib/python3.10/ast.py", line 426, in generic_visit\n    self.visit(item)\n  File "/home/lijiaxing/.conda/envs/api/lib/python3.10/ast.py", line 418, in visit\n    return visitor(node)\n  File "/home/lijiaxing/.conda/envs/api/lib/python3.10/site-packages/triton/runtime/jit.py", line 217, in visit_Assign\n    self.generic_visit(node)\n  File "/home/lijiaxing/.conda/envs/api/lib/python3.10/ast.py", line 428, in generic_visit\n    self.visit(value)\n  File "/home/lijiaxing/.conda/envs/api/lib/python3.10/ast.py", line 418, in visit\n    return visitor(node)\n  File "/home/lijiaxing/.conda/envs/api/lib/python3.10/ast.py", line 428, in generic_visit\n    self.visit(value)\n  File "/home/lijiaxing/.conda/envs/api/lib/python3.10/ast.py", line 418, in visit\n    return visitor(node)\n  File "/home/lijiaxing/.conda/envs/api/lib/python3.10/site-packages/triton/runtime/jit.py", line 156, in visit_Attribute\n    ret = getattr(lhs, node.attr)\nAttributeError: module \'triton.language\' has no attribute \'local_program_id\'\n', 'runtime_error_name': 'builtins.AttributeError', 'reference_timing_ms': 0.016, 'speed_up': -1.0, 'custom_timing': -1.0}, 'runtime': -1.0, 'runtime_stats': {}}}
2025-08-08 18:18:43,480 - openevolve.llm.ensemble - INFO - Sampled model: deepseek
2025-08-08 18:18:43,487 - openevolve.database - INFO - New MAP-Elites cell occupied: {'score': 9, 'complexity': 7}
2025-08-08 18:18:43,499 - openevolve.threaded_parallel - INFO - Iteration 4: Program e7db9a06-133c-4184-8261-0910119247f5 (parent: d1a78a1c-a0db-4e4f-9a34-a090de26e661) completed in 1069.09s
2025-08-08 18:18:43,500 - openevolve.threaded_parallel - INFO - Metrics: compiled=1.0000, correctness=0.0000, score=10.0000, stage=wrong_answer, verify_payload={'id': 'level1_89_cumsum', 'result': {'compiled': True, 'correctness': False, 'metadata': {'hardware': 'NVIDIA L20Y', 'device': 'cuda:5', 'runtime_error': 'Traceback (most recent call last):\n  File "/cpfs01/shared/llm_kernel/hujiakai/KernelLLM/validation_api_server/helpers/evaluations.py", line 720, in run_and_check_correctness\n    output_new = model_new(*inputs)\n  File "/home/lijiaxing/.conda/envs/api/lib/python3.10/site-packages/torch/nn/modules/module.py", line 1773, in _wrapped_call_impl\n    return self._call_impl(*args, **kwargs)\n  File "/home/lijiaxing/.conda/envs/api/lib/python3.10/site-packages/torch/nn/modules/module.py", line 1784, in _call_impl\n    return forward_call(*args, **kwargs)\n  File "/tmp/tmpyon_a94f.py", line 82, in forward\n    _cumsum_kernel[grid](\n  File "/home/lijiaxing/.conda/envs/api/lib/python3.10/site-packages/triton/runtime/jit.py", line 390, in <lambda>\n    return lambda *args, **kwargs: self.run(grid=grid, warmup=False, *args, **kwargs)\n  File "/home/lijiaxing/.conda/envs/api/lib/python3.10/site-packages/triton/runtime/jit.py", line 594, in run\n    kernel = self.compile(src, target=target, options=options.__dict__)\n  File "/home/lijiaxing/.conda/envs/api/lib/python3.10/site-packages/triton/compiler/compiler.py", line 281, in compile\n    key = f"{triton_key()}-{src.hash()}-{backend.hash()}-{options.hash()}-{str(sorted(env_vars.items()))}"\n  File "/home/lijiaxing/.conda/envs/api/lib/python3.10/site-packages/triton/compiler/compiler.py", line 78, in hash\n    key = f"{self.fn.cache_key}-{str(self.attrs)}-{sorted_sig}-{constants_key}"\n  File "/home/lijiaxing/.conda/envs/api/lib/python3.10/site-packages/triton/runtime/jit.py", line 696, in cache_key\n    dependencies_finder.visit(self.parse())\n  File "/home/lijiaxing/.conda/envs/api/lib/python3.10/ast.py", line 418, in visit\n    return visitor(node)\n  File "/home/lijiaxing/.conda/envs/api/lib/python3.10/ast.py", line 426, in generic_visit\n    self.visit(item)\n  File "/home/lijiaxing/.conda/envs/api/lib/python3.10/ast.py", line 418, in visit\n    return visitor(node)\n  File "/home/lijiaxing/.conda/envs/api/lib/python3.10/site-packages/triton/runtime/jit.py", line 163, in visit_FunctionDef\n    self.generic_visit(node)\n  File "/home/lijiaxing/.conda/envs/api/lib/python3.10/ast.py", line 426, in generic_visit\n    self.visit(item)\n  File "/home/lijiaxing/.conda/envs/api/lib/python3.10/ast.py", line 418, in visit\n    return visitor(node)\n  File "/home/lijiaxing/.conda/envs/api/lib/python3.10/site-packages/triton/runtime/jit.py", line 217, in visit_Assign\n    self.generic_visit(node)\n  File "/home/lijiaxing/.conda/envs/api/lib/python3.10/ast.py", line 428, in generic_visit\n    self.visit(value)\n  File "/home/lijiaxing/.conda/envs/api/lib/python3.10/ast.py", line 418, in visit\n    return visitor(node)\n  File "/home/lijiaxing/.conda/envs/api/lib/python3.10/ast.py", line 428, in generic_visit\n    self.visit(value)\n  File "/home/lijiaxing/.conda/envs/api/lib/python3.10/ast.py", line 418, in visit\n    return visitor(node)\n  File "/home/lijiaxing/.conda/envs/api/lib/python3.10/site-packages/triton/runtime/jit.py", line 156, in visit_Attribute\n    ret = getattr(lhs, node.attr)\nAttributeError: module \'triton.language\' has no attribute \'local_program_id\'\n', 'runtime_error_name': 'builtins.AttributeError', 'reference_timing_ms': 0.016, 'speed_up': -1.0, 'custom_timing': -1.0}, 'runtime': -1.0, 'runtime_stats': {}}}
2025-08-08 18:22:18,088 - openevolve.RemoteSpeedupEvaluator - INFO - [level1_89_cumsum] triton key words check pass
2025-08-08 18:22:18,090 - openevolve.RemoteSpeedupEvaluator - INFO - [level1_89_cumsum] verify_plus payload: reference_code(1620 chars) + custom_code(1670 chars)
2025-08-08 18:22:20,856 - openevolve.RemoteSpeedupEvaluator - INFO - [level1_89_cumsum] verify_plus request success
2025-08-08 18:22:20,856 - openevolve.RemoteSpeedupEvaluator - INFO - [level1_89_cumsum] verify_plus response: {"id":"level1_89_cumsum","result":{"compiled":true,"correctness":false,"metadata":{"hardware":"NVIDIA L20Y","device":"cuda:3","runtime_error":"Traceback (most recent call last):\n  File \"/cpfs01/shared/llm_kernel/hujiakai/KernelLLM/validation_api_server/helpers/evaluations.py\", line 720, in run_and_check_correctness\n    output_new = model_new(*inputs)\n  File \"/home/lijiaxing/.conda/envs/api/lib/python3.10/site-packages/torch/nn/modules/module.py\", line 1773, in _wrapped_call_impl\n    return self._call_impl(*args, **kwargs)\n  File \"/home/lijiaxing/.conda/envs/api/lib/python3.10/site-packages/torch/nn/modules/module.py\", line 1784, in _call_impl\n    return forward_call(*args, **kwargs)\n  File \"/tmp/tmpwij_9g8x.py\", line 42, in forward\n    cumsum_kernel[grid](x_flat, output, in
2025-08-08 18:22:20,856 - openevolve.RemoteSpeedupEvaluator - INFO - [level1_89_cumsum] âœ˜ wrong_answer
2025-08-08 18:22:20,857 - openevolve.evaluator - INFO - Evaluated program d3c90ebd-e082-4439-979d-4db67a7bdadf in 2.77s: compiled=1.0000, correctness=0.0000, score=10.0000, stage=wrong_answer, verify_payload={'id': 'level1_89_cumsum', 'result': {'compiled': True, 'correctness': False, 'metadata': {'hardware': 'NVIDIA L20Y', 'device': 'cuda:3', 'runtime_error': 'Traceback (most recent call last):\n  File "/cpfs01/shared/llm_kernel/hujiakai/KernelLLM/validation_api_server/helpers/evaluations.py", line 720, in run_and_check_correctness\n    output_new = model_new(*inputs)\n  File "/home/lijiaxing/.conda/envs/api/lib/python3.10/site-packages/torch/nn/modules/module.py", line 1773, in _wrapped_call_impl\n    return self._call_impl(*args, **kwargs)\n  File "/home/lijiaxing/.conda/envs/api/lib/python3.10/site-packages/torch/nn/modules/module.py", line 1784, in _call_impl\n    return forward_call(*args, **kwargs)\n  File "/tmp/tmpwij_9g8x.py", line 42, in forward\n    cumsum_kernel[grid](x_flat, output, inner, BLOCK_SIZE)\n  File "/home/lijiaxing/.conda/envs/api/lib/python3.10/site-packages/triton/runtime/jit.py", line 390, in <lambda>\n    return lambda *args, **kwargs: self.run(grid=grid, warmup=False, *args, **kwargs)\n  File "/home/lijiaxing/.conda/envs/api/lib/python3.10/site-packages/triton/runtime/jit.py", line 594, in run\n    kernel = self.compile(src, target=target, options=options.__dict__)\n  File "/home/lijiaxing/.conda/envs/api/lib/python3.10/site-packages/triton/compiler/compiler.py", line 339, in compile\n    module = src.make_ir(options, codegen_fns, module_map, context)\n  File "/home/lijiaxing/.conda/envs/api/lib/python3.10/site-packages/triton/compiler/compiler.py", line 83, in make_ir\n    return ast_to_ttir(self.fn, self, context=context, options=options, codegen_fns=codegen_fns,\ntriton.compiler.errors.CompilationError: at 16:30:\n    BLOCK_SIZE: tl.constexpr,\n):\n    pid = tl.program_id(0)\n    row_start = pid * inner\n    cumulative = 0.0\n    for i in range(0, inner, BLOCK_SIZE):\n        offsets = row_start + i + tl.arange(0, BLOCK_SIZE)\n        mask = tl.arange(0, BLOCK_SIZE) < (inner - i)\n        val = tl.load(x_ptr + offsets, mask=mask, other=0.0)\n        for j in tl.static_range(BLOCK_SIZE):\n            if j < inner - i:\n                cumulative += val[j]\n                              ^\nValueError(\'unsupported tensor index: constexpr[0]\')\n\n\nThe above exception was the direct cause of the following exception:\n\nTraceback (most recent call last):\n  File "/home/lijiaxing/.conda/envs/api/lib/python3.10/site-packages/triton/language/core.py", line 42, in wrapper\n    return fn(*args, **kwargs)\n  File "/home/lijiaxing/.conda/envs/api/lib/python3.10/site-packages/triton/language/core.py", line 1118, in __getitem__\n    raise ValueError(f"unsupported tensor index: {sl}")\nValueError: unsupported tensor index: constexpr[0]\n', 'runtime_error_name': 'triton.compiler.errors.CompilationError', 'reference_timing_ms': 0.016, 'speed_up': -1.0, 'custom_timing': -1.0}, 'runtime': -1.0, 'runtime_stats': {}}}
2025-08-08 18:22:20,860 - openevolve.llm.ensemble - INFO - Sampled model: deepseek
2025-08-08 18:22:20,862 - openevolve.database - INFO - New MAP-Elites cell occupied: {'score': 9, 'complexity': 1}
2025-08-08 18:22:20,875 - openevolve.threaded_parallel - INFO - Iteration 3: Program d3c90ebd-e082-4439-979d-4db67a7bdadf (parent: d1a78a1c-a0db-4e4f-9a34-a090de26e661) completed in 1478.03s
2025-08-08 18:22:20,875 - openevolve.threaded_parallel - INFO - Metrics: compiled=1.0000, correctness=0.0000, score=10.0000, stage=wrong_answer, verify_payload={'id': 'level1_89_cumsum', 'result': {'compiled': True, 'correctness': False, 'metadata': {'hardware': 'NVIDIA L20Y', 'device': 'cuda:3', 'runtime_error': 'Traceback (most recent call last):\n  File "/cpfs01/shared/llm_kernel/hujiakai/KernelLLM/validation_api_server/helpers/evaluations.py", line 720, in run_and_check_correctness\n    output_new = model_new(*inputs)\n  File "/home/lijiaxing/.conda/envs/api/lib/python3.10/site-packages/torch/nn/modules/module.py", line 1773, in _wrapped_call_impl\n    return self._call_impl(*args, **kwargs)\n  File "/home/lijiaxing/.conda/envs/api/lib/python3.10/site-packages/torch/nn/modules/module.py", line 1784, in _call_impl\n    return forward_call(*args, **kwargs)\n  File "/tmp/tmpwij_9g8x.py", line 42, in forward\n    cumsum_kernel[grid](x_flat, output, inner, BLOCK_SIZE)\n  File "/home/lijiaxing/.conda/envs/api/lib/python3.10/site-packages/triton/runtime/jit.py", line 390, in <lambda>\n    return lambda *args, **kwargs: self.run(grid=grid, warmup=False, *args, **kwargs)\n  File "/home/lijiaxing/.conda/envs/api/lib/python3.10/site-packages/triton/runtime/jit.py", line 594, in run\n    kernel = self.compile(src, target=target, options=options.__dict__)\n  File "/home/lijiaxing/.conda/envs/api/lib/python3.10/site-packages/triton/compiler/compiler.py", line 339, in compile\n    module = src.make_ir(options, codegen_fns, module_map, context)\n  File "/home/lijiaxing/.conda/envs/api/lib/python3.10/site-packages/triton/compiler/compiler.py", line 83, in make_ir\n    return ast_to_ttir(self.fn, self, context=context, options=options, codegen_fns=codegen_fns,\ntriton.compiler.errors.CompilationError: at 16:30:\n    BLOCK_SIZE: tl.constexpr,\n):\n    pid = tl.program_id(0)\n    row_start = pid * inner\n    cumulative = 0.0\n    for i in range(0, inner, BLOCK_SIZE):\n        offsets = row_start + i + tl.arange(0, BLOCK_SIZE)\n        mask = tl.arange(0, BLOCK_SIZE) < (inner - i)\n        val = tl.load(x_ptr + offsets, mask=mask, other=0.0)\n        for j in tl.static_range(BLOCK_SIZE):\n            if j < inner - i:\n                cumulative += val[j]\n                              ^\nValueError(\'unsupported tensor index: constexpr[0]\')\n\n\nThe above exception was the direct cause of the following exception:\n\nTraceback (most recent call last):\n  File "/home/lijiaxing/.conda/envs/api/lib/python3.10/site-packages/triton/language/core.py", line 42, in wrapper\n    return fn(*args, **kwargs)\n  File "/home/lijiaxing/.conda/envs/api/lib/python3.10/site-packages/triton/language/core.py", line 1118, in __getitem__\n    raise ValueError(f"unsupported tensor index: {sl}")\nValueError: unsupported tensor index: constexpr[0]\n', 'runtime_error_name': 'triton.compiler.errors.CompilationError', 'reference_timing_ms': 0.016, 'speed_up': -1.0, 'custom_timing': -1.0}, 'runtime': -1.0, 'runtime_stats': {}}}
2025-08-08 18:22:20,875 - openevolve.threaded_parallel - INFO - Checkpoint interval reached at iteration 3
2025-08-08 18:22:20,875 - openevolve.database - INFO - Island Status:
2025-08-08 18:22:20,875 - openevolve.database - INFO -    Island 0: 4 programs, best=10.0000, avg=7.5000, diversity=351.12, gen=2 (best: 70ad6144-c5fa-4568-bfe0-c9a72c87ffa8)
2025-08-08 18:22:20,875 - openevolve.database - INFO -  * Island 1: 2 programs, best=10.0000, avg=10.0000, diversity=362.90, gen=3 (best: 958aa480-9b6b-4224-b545-ae8d9c076bcd)
2025-08-08 18:22:20,876 - openevolve.database - INFO -    Island 2: 1 programs, best=10.0000, avg=10.0000, diversity=0.00, gen=1 (best: e7db9a06-133c-4184-8261-0910119247f5)
2025-08-08 18:22:20,963 - openevolve.database - INFO - Saved database with 7 programs to openevolve_output/level1_89_cumsum/checkpoints/checkpoint_3
2025-08-08 18:22:20,979 - openevolve.controller - INFO - Saved best program at checkpoint 3 with metrics: compiled=1.0000, correctness=0.0000, score=10.0000, stage=wrong_answer, verify_payload={'id': 'level1_89_cumsum', 'result': {'compiled': True, 'correctness': False, 'metadata': {'hardware': 'NVIDIA L20Y', 'device': 'cuda:5', 'runtime_error': 'Traceback (most recent call last):\n  File "/cpfs01/shared/llm_kernel/hujiakai/KernelLLM/validation_api_server/helpers/evaluations.py", line 720, in run_and_check_correctness\n    output_new = model_new(*inputs)\n  File "/home/lijiaxing/.conda/envs/api/lib/python3.10/site-packages/torch/nn/modules/module.py", line 1773, in _wrapped_call_impl\n    return self._call_impl(*args, **kwargs)\n  File "/home/lijiaxing/.conda/envs/api/lib/python3.10/site-packages/torch/nn/modules/module.py", line 1784, in _call_impl\n    return forward_call(*args, **kwargs)\n  File "/tmp/tmp7jb43w4t.py", line 87, in forward\n    _cumsum_kernel[grid](\n  File "/home/lijiaxing/.conda/envs/api/lib/python3.10/site-packages/triton/runtime/jit.py", line 390, in <lambda>\n    return lambda *args, **kwargs: self.run(grid=grid, warmup=False, *args, **kwargs)\n  File "/home/lijiaxing/.conda/envs/api/lib/python3.10/site-packages/triton/runtime/jit.py", line 594, in run\n    kernel = self.compile(src, target=target, options=options.__dict__)\n  File "/home/lijiaxing/.conda/envs/api/lib/python3.10/site-packages/triton/compiler/compiler.py", line 281, in compile\n    key = f"{triton_key()}-{src.hash()}-{backend.hash()}-{options.hash()}-{str(sorted(env_vars.items()))}"\n  File "/home/lijiaxing/.conda/envs/api/lib/python3.10/site-packages/triton/compiler/compiler.py", line 78, in hash\n    key = f"{self.fn.cache_key}-{str(self.attrs)}-{sorted_sig}-{constants_key}"\n  File "/home/lijiaxing/.conda/envs/api/lib/python3.10/site-packages/triton/runtime/jit.py", line 696, in cache_key\n    dependencies_finder.visit(self.parse())\n  File "/home/lijiaxing/.conda/envs/api/lib/python3.10/ast.py", line 418, in visit\n    return visitor(node)\n  File "/home/lijiaxing/.conda/envs/api/lib/python3.10/ast.py", line 426, in generic_visit\n    self.visit(item)\n  File "/home/lijiaxing/.conda/envs/api/lib/python3.10/ast.py", line 418, in visit\n    return visitor(node)\n  File "/home/lijiaxing/.conda/envs/api/lib/python3.10/site-packages/triton/runtime/jit.py", line 163, in visit_FunctionDef\n    self.generic_visit(node)\n  File "/home/lijiaxing/.conda/envs/api/lib/python3.10/ast.py", line 426, in generic_visit\n    self.visit(item)\n  File "/home/lijiaxing/.conda/envs/api/lib/python3.10/ast.py", line 418, in visit\n    return visitor(node)\n  File "/home/lijiaxing/.conda/envs/api/lib/python3.10/site-packages/triton/runtime/jit.py", line 217, in visit_Assign\n    self.generic_visit(node)\n  File "/home/lijiaxing/.conda/envs/api/lib/python3.10/ast.py", line 428, in generic_visit\n    self.visit(value)\n  File "/home/lijiaxing/.conda/envs/api/lib/python3.10/ast.py", line 418, in visit\n    return visitor(node)\n  File "/home/lijiaxing/.conda/envs/api/lib/python3.10/ast.py", line 428, in generic_visit\n    self.visit(value)\n  File "/home/lijiaxing/.conda/envs/api/lib/python3.10/ast.py", line 418, in visit\n    return visitor(node)\n  File "/home/lijiaxing/.conda/envs/api/lib/python3.10/site-packages/triton/runtime/jit.py", line 156, in visit_Attribute\n    ret = getattr(lhs, node.attr)\nAttributeError: module \'triton.language\' has no attribute \'thread_id\'\n', 'runtime_error_name': 'builtins.AttributeError', 'reference_timing_ms': 0.016, 'speed_up': -1.0, 'custom_timing': -1.0}, 'runtime': -1.0, 'runtime_stats': {}}}
2025-08-08 18:22:20,979 - openevolve.controller - INFO - Saved checkpoint at iteration 3 to openevolve_output/level1_89_cumsum/checkpoints/checkpoint_3
2025-08-08 18:27:43,906 - openevolve.RemoteSpeedupEvaluator - INFO - [level1_89_cumsum] triton key words check pass
2025-08-08 18:27:43,908 - openevolve.RemoteSpeedupEvaluator - INFO - [level1_89_cumsum] verify_plus payload: reference_code(1620 chars) + custom_code(1225 chars)
2025-08-08 18:27:46,723 - openevolve.RemoteSpeedupEvaluator - INFO - [level1_89_cumsum] verify_plus request success
2025-08-08 18:27:46,723 - openevolve.RemoteSpeedupEvaluator - INFO - [level1_89_cumsum] verify_plus response: {"id":"level1_89_cumsum","result":{"compiled":true,"correctness":false,"metadata":{"hardware":"NVIDIA L20Y","device":"cuda:1","runtime_error":"Traceback (most recent call last):\n  File \"/home/lijiaxing/.conda/envs/api/lib/python3.10/site-packages/triton/language/core.py\", line 42, in wrapper\n    return fn(*args, **kwargs)\n  File \"/home/lijiaxing/.conda/envs/api/lib/python3.10/site-packages/triton/language/core.py\", line 2727, in associative_scan\n    return associative_scan((input, ), axis, combine_fn, reverse, _semantic=_semantic, _generator=_generator)[0]\n  File \"/home/lijiaxing/.conda/envs/api/lib/python3.10/site-packages/triton/language/core.py\", line 42, in wrapper\n    return fn(*args, **kwargs)\n  File \"/home/lijiaxing/.conda/envs/api/lib/python3.10/site-packages/triton/l
2025-08-08 18:27:46,723 - openevolve.RemoteSpeedupEvaluator - INFO - [level1_89_cumsum] âœ˜ wrong_answer
2025-08-08 18:27:46,724 - openevolve.evaluator - INFO - Evaluated program 73044f2c-e265-4e09-b016-fc919f33756d in 2.82s: compiled=1.0000, correctness=0.0000, score=10.0000, stage=wrong_answer, verify_payload={'id': 'level1_89_cumsum', 'result': {'compiled': True, 'correctness': False, 'metadata': {'hardware': 'NVIDIA L20Y', 'device': 'cuda:1', 'runtime_error': 'Traceback (most recent call last):\n  File "/home/lijiaxing/.conda/envs/api/lib/python3.10/site-packages/triton/language/core.py", line 42, in wrapper\n    return fn(*args, **kwargs)\n  File "/home/lijiaxing/.conda/envs/api/lib/python3.10/site-packages/triton/language/core.py", line 2727, in associative_scan\n    return associative_scan((input, ), axis, combine_fn, reverse, _semantic=_semantic, _generator=_generator)[0]\n  File "/home/lijiaxing/.conda/envs/api/lib/python3.10/site-packages/triton/language/core.py", line 42, in wrapper\n    return fn(*args, **kwargs)\n  File "/home/lijiaxing/.conda/envs/api/lib/python3.10/site-packages/triton/language/core.py", line 2747, in associative_scan\n    return _semantic.associative_scan(input, axis, make_combine_region, reverse)\n  File "/home/lijiaxing/.conda/envs/api/lib/python3.10/site-packages/triton/language/semantic.py", line 1685, in associative_scan\n    region_builder_fn(scan_op)\n  File "/home/lijiaxing/.conda/envs/api/lib/python3.10/site-packages/triton/language/core.py", line 2737, in make_combine_region\n    results = _generator.call_JitFunction(combine_fn, args, kwargs={})\nAttributeError: \'function\' object has no attribute \'fn\'\n\nThe above exception was the direct cause of the following exception:\n\nTraceback (most recent call last):\n  File "/cpfs01/shared/llm_kernel/hujiakai/KernelLLM/validation_api_server/helpers/evaluations.py", line 720, in run_and_check_correctness\n    output_new = model_new(*inputs)\n  File "/home/lijiaxing/.conda/envs/api/lib/python3.10/site-packages/torch/nn/modules/module.py", line 1773, in _wrapped_call_impl\n    return self._call_impl(*args, **kwargs)\n  File "/home/lijiaxing/.conda/envs/api/lib/python3.10/site-packages/torch/nn/modules/module.py", line 1784, in _call_impl\n    return forward_call(*args, **kwargs)\n  File "/tmp/tmpfbg74rep.py", line 33, in forward\n    cumsum_kernel[grid](x, output, n_cols, BLOCK_SIZE=triton.next_power_of_2(n_cols))\n  File "/home/lijiaxing/.conda/envs/api/lib/python3.10/site-packages/triton/runtime/jit.py", line 390, in <lambda>\n    return lambda *args, **kwargs: self.run(grid=grid, warmup=False, *args, **kwargs)\n  File "/home/lijiaxing/.conda/envs/api/lib/python3.10/site-packages/triton/runtime/jit.py", line 594, in run\n    kernel = self.compile(src, target=target, options=options.__dict__)\n  File "/home/lijiaxing/.conda/envs/api/lib/python3.10/site-packages/triton/compiler/compiler.py", line 339, in compile\n    module = src.make_ir(options, codegen_fns, module_map, context)\n  File "/home/lijiaxing/.conda/envs/api/lib/python3.10/site-packages/triton/compiler/compiler.py", line 83, in make_ir\n    return ast_to_ttir(self.fn, self, context=context, options=options, codegen_fns=codegen_fns,\ntriton.compiler.errors.CompilationError: at 13:13:\n    input_ptr,\n    output_ptr,\n    n_cols,\n    BLOCK_SIZE: tl.constexpr\n):\n    row_idx = tl.program_id(0)\n    start = row_idx * n_cols\n    offsets = start + tl.arange(0, BLOCK_SIZE)\n    mask = tl.arange(0, BLOCK_SIZE) < n_cols\n\n    data = tl.load(input_ptr + offsets, mask=mask, other=0.0)\n    result = tl.associative_scan(data, axis=0, combine_fn=tl.add)\n             ^\n\n\nThe above exception was the direct cause of the following exception:\n\nTraceback (most recent call last):\n  File "/home/lijiaxing/.conda/envs/api/lib/python3.10/site-packages/triton/language/core.py", line 42, in wrapper\n    return fn(*args, **kwargs)\n  File "/home/lijiaxing/.conda/envs/api/lib/python3.10/site-packages/triton/language/core.py", line 2727, in associative_scan\n    return associative_scan((input, ), axis, combine_fn, reverse, _semantic=_semantic, _generator=_generator)[0]\n  File "/home/lijiaxing/.conda/envs/api/lib/python3.10/site-packages/triton/language/core.py", line 42, in wrapper\n    return fn(*args, **kwargs)\n  File "/home/lijiaxing/.conda/envs/api/lib/python3.10/site-packages/triton/language/core.py", line 2747, in associative_scan\n    return _semantic.associative_scan(input, axis, make_combine_region, reverse)\n  File "/home/lijiaxing/.conda/envs/api/lib/python3.10/site-packages/triton/language/semantic.py", line 1685, in associative_scan\n    region_builder_fn(scan_op)\n  File "/home/lijiaxing/.conda/envs/api/lib/python3.10/site-packages/triton/language/core.py", line 2737, in make_combine_region\n    results = _generator.call_JitFunction(combine_fn, args, kwargs={})\nAttributeError: \'function\' object has no attribute \'fn\'\n', 'runtime_error_name': 'triton.compiler.errors.CompilationError', 'reference_timing_ms': 0.016, 'speed_up': -1.0, 'custom_timing': -1.0}, 'runtime': -1.0, 'runtime_stats': {}}}
2025-08-08 18:27:46,727 - openevolve.llm.ensemble - INFO - Sampled model: deepseek
2025-08-08 18:27:46,746 - openevolve.threaded_parallel - INFO - Iteration 6: Program 73044f2c-e265-4e09-b016-fc919f33756d (parent: 958aa480-9b6b-4224-b545-ae8d9c076bcd) completed in 710.46s
2025-08-08 18:27:46,747 - openevolve.threaded_parallel - INFO - Metrics: compiled=1.0000, correctness=0.0000, score=10.0000, stage=wrong_answer, verify_payload={'id': 'level1_89_cumsum', 'result': {'compiled': True, 'correctness': False, 'metadata': {'hardware': 'NVIDIA L20Y', 'device': 'cuda:1', 'runtime_error': 'Traceback (most recent call last):\n  File "/home/lijiaxing/.conda/envs/api/lib/python3.10/site-packages/triton/language/core.py", line 42, in wrapper\n    return fn(*args, **kwargs)\n  File "/home/lijiaxing/.conda/envs/api/lib/python3.10/site-packages/triton/language/core.py", line 2727, in associative_scan\n    return associative_scan((input, ), axis, combine_fn, reverse, _semantic=_semantic, _generator=_generator)[0]\n  File "/home/lijiaxing/.conda/envs/api/lib/python3.10/site-packages/triton/language/core.py", line 42, in wrapper\n    return fn(*args, **kwargs)\n  File "/home/lijiaxing/.conda/envs/api/lib/python3.10/site-packages/triton/language/core.py", line 2747, in associative_scan\n    return _semantic.associative_scan(input, axis, make_combine_region, reverse)\n  File "/home/lijiaxing/.conda/envs/api/lib/python3.10/site-packages/triton/language/semantic.py", line 1685, in associative_scan\n    region_builder_fn(scan_op)\n  File "/home/lijiaxing/.conda/envs/api/lib/python3.10/site-packages/triton/language/core.py", line 2737, in make_combine_region\n    results = _generator.call_JitFunction(combine_fn, args, kwargs={})\nAttributeError: \'function\' object has no attribute \'fn\'\n\nThe above exception was the direct cause of the following exception:\n\nTraceback (most recent call last):\n  File "/cpfs01/shared/llm_kernel/hujiakai/KernelLLM/validation_api_server/helpers/evaluations.py", line 720, in run_and_check_correctness\n    output_new = model_new(*inputs)\n  File "/home/lijiaxing/.conda/envs/api/lib/python3.10/site-packages/torch/nn/modules/module.py", line 1773, in _wrapped_call_impl\n    return self._call_impl(*args, **kwargs)\n  File "/home/lijiaxing/.conda/envs/api/lib/python3.10/site-packages/torch/nn/modules/module.py", line 1784, in _call_impl\n    return forward_call(*args, **kwargs)\n  File "/tmp/tmpfbg74rep.py", line 33, in forward\n    cumsum_kernel[grid](x, output, n_cols, BLOCK_SIZE=triton.next_power_of_2(n_cols))\n  File "/home/lijiaxing/.conda/envs/api/lib/python3.10/site-packages/triton/runtime/jit.py", line 390, in <lambda>\n    return lambda *args, **kwargs: self.run(grid=grid, warmup=False, *args, **kwargs)\n  File "/home/lijiaxing/.conda/envs/api/lib/python3.10/site-packages/triton/runtime/jit.py", line 594, in run\n    kernel = self.compile(src, target=target, options=options.__dict__)\n  File "/home/lijiaxing/.conda/envs/api/lib/python3.10/site-packages/triton/compiler/compiler.py", line 339, in compile\n    module = src.make_ir(options, codegen_fns, module_map, context)\n  File "/home/lijiaxing/.conda/envs/api/lib/python3.10/site-packages/triton/compiler/compiler.py", line 83, in make_ir\n    return ast_to_ttir(self.fn, self, context=context, options=options, codegen_fns=codegen_fns,\ntriton.compiler.errors.CompilationError: at 13:13:\n    input_ptr,\n    output_ptr,\n    n_cols,\n    BLOCK_SIZE: tl.constexpr\n):\n    row_idx = tl.program_id(0)\n    start = row_idx * n_cols\n    offsets = start + tl.arange(0, BLOCK_SIZE)\n    mask = tl.arange(0, BLOCK_SIZE) < n_cols\n\n    data = tl.load(input_ptr + offsets, mask=mask, other=0.0)\n    result = tl.associative_scan(data, axis=0, combine_fn=tl.add)\n             ^\n\n\nThe above exception was the direct cause of the following exception:\n\nTraceback (most recent call last):\n  File "/home/lijiaxing/.conda/envs/api/lib/python3.10/site-packages/triton/language/core.py", line 42, in wrapper\n    return fn(*args, **kwargs)\n  File "/home/lijiaxing/.conda/envs/api/lib/python3.10/site-packages/triton/language/core.py", line 2727, in associative_scan\n    return associative_scan((input, ), axis, combine_fn, reverse, _semantic=_semantic, _generator=_generator)[0]\n  File "/home/lijiaxing/.conda/envs/api/lib/python3.10/site-packages/triton/language/core.py", line 42, in wrapper\n    return fn(*args, **kwargs)\n  File "/home/lijiaxing/.conda/envs/api/lib/python3.10/site-packages/triton/language/core.py", line 2747, in associative_scan\n    return _semantic.associative_scan(input, axis, make_combine_region, reverse)\n  File "/home/lijiaxing/.conda/envs/api/lib/python3.10/site-packages/triton/language/semantic.py", line 1685, in associative_scan\n    region_builder_fn(scan_op)\n  File "/home/lijiaxing/.conda/envs/api/lib/python3.10/site-packages/triton/language/core.py", line 2737, in make_combine_region\n    results = _generator.call_JitFunction(combine_fn, args, kwargs={})\nAttributeError: \'function\' object has no attribute \'fn\'\n', 'runtime_error_name': 'triton.compiler.errors.CompilationError', 'reference_timing_ms': 0.016, 'speed_up': -1.0, 'custom_timing': -1.0}, 'runtime': -1.0, 'runtime_stats': {}}}
2025-08-08 18:27:46,747 - openevolve.threaded_parallel - INFO - Checkpoint interval reached at iteration 6
2025-08-08 18:27:46,747 - openevolve.database - INFO - Island Status:
2025-08-08 18:27:46,748 - openevolve.database - INFO -    Island 0: 4 programs, best=10.0000, avg=7.5000, diversity=351.12, gen=2 (best: 70ad6144-c5fa-4568-bfe0-c9a72c87ffa8)
2025-08-08 18:27:46,748 - openevolve.database - INFO -    Island 1: 3 programs, best=10.0000, avg=10.0000, diversity=300.00, gen=3 (best: 958aa480-9b6b-4224-b545-ae8d9c076bcd)
2025-08-08 18:27:46,748 - openevolve.database - INFO -  * Island 2: 1 programs, best=10.0000, avg=10.0000, diversity=0.00, gen=2 (best: e7db9a06-133c-4184-8261-0910119247f5)
2025-08-08 18:27:46,841 - openevolve.database - INFO - Saved database with 8 programs to openevolve_output/level1_89_cumsum/checkpoints/checkpoint_6
2025-08-08 18:27:46,857 - openevolve.controller - INFO - Saved best program at checkpoint 6 with metrics: compiled=1.0000, correctness=0.0000, score=10.0000, stage=wrong_answer, verify_payload={'id': 'level1_89_cumsum', 'result': {'compiled': True, 'correctness': False, 'metadata': {'hardware': 'NVIDIA L20Y', 'device': 'cuda:5', 'runtime_error': 'Traceback (most recent call last):\n  File "/cpfs01/shared/llm_kernel/hujiakai/KernelLLM/validation_api_server/helpers/evaluations.py", line 720, in run_and_check_correctness\n    output_new = model_new(*inputs)\n  File "/home/lijiaxing/.conda/envs/api/lib/python3.10/site-packages/torch/nn/modules/module.py", line 1773, in _wrapped_call_impl\n    return self._call_impl(*args, **kwargs)\n  File "/home/lijiaxing/.conda/envs/api/lib/python3.10/site-packages/torch/nn/modules/module.py", line 1784, in _call_impl\n    return forward_call(*args, **kwargs)\n  File "/tmp/tmp7jb43w4t.py", line 87, in forward\n    _cumsum_kernel[grid](\n  File "/home/lijiaxing/.conda/envs/api/lib/python3.10/site-packages/triton/runtime/jit.py", line 390, in <lambda>\n    return lambda *args, **kwargs: self.run(grid=grid, warmup=False, *args, **kwargs)\n  File "/home/lijiaxing/.conda/envs/api/lib/python3.10/site-packages/triton/runtime/jit.py", line 594, in run\n    kernel = self.compile(src, target=target, options=options.__dict__)\n  File "/home/lijiaxing/.conda/envs/api/lib/python3.10/site-packages/triton/compiler/compiler.py", line 281, in compile\n    key = f"{triton_key()}-{src.hash()}-{backend.hash()}-{options.hash()}-{str(sorted(env_vars.items()))}"\n  File "/home/lijiaxing/.conda/envs/api/lib/python3.10/site-packages/triton/compiler/compiler.py", line 78, in hash\n    key = f"{self.fn.cache_key}-{str(self.attrs)}-{sorted_sig}-{constants_key}"\n  File "/home/lijiaxing/.conda/envs/api/lib/python3.10/site-packages/triton/runtime/jit.py", line 696, in cache_key\n    dependencies_finder.visit(self.parse())\n  File "/home/lijiaxing/.conda/envs/api/lib/python3.10/ast.py", line 418, in visit\n    return visitor(node)\n  File "/home/lijiaxing/.conda/envs/api/lib/python3.10/ast.py", line 426, in generic_visit\n    self.visit(item)\n  File "/home/lijiaxing/.conda/envs/api/lib/python3.10/ast.py", line 418, in visit\n    return visitor(node)\n  File "/home/lijiaxing/.conda/envs/api/lib/python3.10/site-packages/triton/runtime/jit.py", line 163, in visit_FunctionDef\n    self.generic_visit(node)\n  File "/home/lijiaxing/.conda/envs/api/lib/python3.10/ast.py", line 426, in generic_visit\n    self.visit(item)\n  File "/home/lijiaxing/.conda/envs/api/lib/python3.10/ast.py", line 418, in visit\n    return visitor(node)\n  File "/home/lijiaxing/.conda/envs/api/lib/python3.10/site-packages/triton/runtime/jit.py", line 217, in visit_Assign\n    self.generic_visit(node)\n  File "/home/lijiaxing/.conda/envs/api/lib/python3.10/ast.py", line 428, in generic_visit\n    self.visit(value)\n  File "/home/lijiaxing/.conda/envs/api/lib/python3.10/ast.py", line 418, in visit\n    return visitor(node)\n  File "/home/lijiaxing/.conda/envs/api/lib/python3.10/ast.py", line 428, in generic_visit\n    self.visit(value)\n  File "/home/lijiaxing/.conda/envs/api/lib/python3.10/ast.py", line 418, in visit\n    return visitor(node)\n  File "/home/lijiaxing/.conda/envs/api/lib/python3.10/site-packages/triton/runtime/jit.py", line 156, in visit_Attribute\n    ret = getattr(lhs, node.attr)\nAttributeError: module \'triton.language\' has no attribute \'thread_id\'\n', 'runtime_error_name': 'builtins.AttributeError', 'reference_timing_ms': 0.016, 'speed_up': -1.0, 'custom_timing': -1.0}, 'runtime': -1.0, 'runtime_stats': {}}}
2025-08-08 18:27:46,857 - openevolve.controller - INFO - Saved checkpoint at iteration 6 to openevolve_output/level1_89_cumsum/checkpoints/checkpoint_6
2025-08-08 18:31:26,701 - openevolve.RemoteSpeedupEvaluator - INFO - [level1_89_cumsum] triton key words check pass
2025-08-08 18:31:26,702 - openevolve.RemoteSpeedupEvaluator - INFO - [level1_89_cumsum] verify_plus payload: reference_code(1620 chars) + custom_code(1940 chars)
2025-08-08 18:31:29,808 - openevolve.RemoteSpeedupEvaluator - INFO - [level1_89_cumsum] verify_plus request success
2025-08-08 18:31:29,808 - openevolve.RemoteSpeedupEvaluator - INFO - [level1_89_cumsum] verify_plus response: {"id":"level1_89_cumsum","result":{"compiled":true,"correctness":false,"metadata":{"hardware":"NVIDIA L20Y","device":"cuda:5","runtime_error":"Traceback (most recent call last):\n  File \"/home/lijiaxing/.conda/envs/api/lib/python3.10/site-packages/triton/language/core.py\", line 42, in wrapper\n    return fn(*args, **kwargs)\n  File \"/home/lijiaxing/.conda/envs/api/lib/python3.10/site-packages/triton/language/core.py\", line 2727, in associative_scan\n    return associative_scan((input, ), axis, combine_fn, reverse, _semantic=_semantic, _generator=_generator)[0]\n  File \"/home/lijiaxing/.conda/envs/api/lib/python3.10/site-packages/triton/language/core.py\", line 42, in wrapper\n    return fn(*args, **kwargs)\n  File \"/home/lijiaxing/.conda/envs/api/lib/python3.10/site-packages/triton/l
2025-08-08 18:31:29,809 - openevolve.RemoteSpeedupEvaluator - INFO - [level1_89_cumsum] âœ˜ wrong_answer
2025-08-08 18:31:29,809 - openevolve.evaluator - INFO - Evaluated program 81ef5787-ac56-41d8-9086-32edf66156e1 in 3.11s: compiled=1.0000, correctness=0.0000, score=10.0000, stage=wrong_answer, verify_payload={'id': 'level1_89_cumsum', 'result': {'compiled': True, 'correctness': False, 'metadata': {'hardware': 'NVIDIA L20Y', 'device': 'cuda:5', 'runtime_error': 'Traceback (most recent call last):\n  File "/home/lijiaxing/.conda/envs/api/lib/python3.10/site-packages/triton/language/core.py", line 42, in wrapper\n    return fn(*args, **kwargs)\n  File "/home/lijiaxing/.conda/envs/api/lib/python3.10/site-packages/triton/language/core.py", line 2727, in associative_scan\n    return associative_scan((input, ), axis, combine_fn, reverse, _semantic=_semantic, _generator=_generator)[0]\n  File "/home/lijiaxing/.conda/envs/api/lib/python3.10/site-packages/triton/language/core.py", line 42, in wrapper\n    return fn(*args, **kwargs)\n  File "/home/lijiaxing/.conda/envs/api/lib/python3.10/site-packages/triton/language/core.py", line 2747, in associative_scan\n    return _semantic.associative_scan(input, axis, make_combine_region, reverse)\n  File "/home/lijiaxing/.conda/envs/api/lib/python3.10/site-packages/triton/language/semantic.py", line 1685, in associative_scan\n    region_builder_fn(scan_op)\n  File "/home/lijiaxing/.conda/envs/api/lib/python3.10/site-packages/triton/language/core.py", line 2737, in make_combine_region\n    results = _generator.call_JitFunction(combine_fn, args, kwargs={})\nAttributeError: \'function\' object has no attribute \'fn\'\n\nThe above exception was the direct cause of the following exception:\n\nTraceback (most recent call last):\n  File "/cpfs01/shared/llm_kernel/hujiakai/KernelLLM/validation_api_server/helpers/evaluations.py", line 720, in run_and_check_correctness\n    output_new = model_new(*inputs)\n  File "/home/lijiaxing/.conda/envs/api/lib/python3.10/site-packages/torch/nn/modules/module.py", line 1773, in _wrapped_call_impl\n    return self._call_impl(*args, **kwargs)\n  File "/home/lijiaxing/.conda/envs/api/lib/python3.10/site-packages/torch/nn/modules/module.py", line 1784, in _call_impl\n    return forward_call(*args, **kwargs)\n  File "/tmp/tmpeldmk8rd.py", line 52, in forward\n    _cumsum_kernel[grid](\n  File "/home/lijiaxing/.conda/envs/api/lib/python3.10/site-packages/triton/runtime/jit.py", line 390, in <lambda>\n    return lambda *args, **kwargs: self.run(grid=grid, warmup=False, *args, **kwargs)\n  File "/home/lijiaxing/.conda/envs/api/lib/python3.10/site-packages/triton/runtime/jit.py", line 594, in run\n    kernel = self.compile(src, target=target, options=options.__dict__)\n  File "/home/lijiaxing/.conda/envs/api/lib/python3.10/site-packages/triton/compiler/compiler.py", line 339, in compile\n    module = src.make_ir(options, codegen_fns, module_map, context)\n  File "/home/lijiaxing/.conda/envs/api/lib/python3.10/site-packages/triton/compiler/compiler.py", line 83, in make_ir\n    return ast_to_ttir(self.fn, self, context=context, options=options, codegen_fns=codegen_fns,\ntriton.compiler.errors.CompilationError: at 23:14:\n    row_start_x = x_ptr + pid * stride_x_row\n    row_start_out = out_ptr + pid * stride_out_row\n\n    # Create offsets and mask for the row\n    offsets = tl.arange(0, BLOCK_SIZE)\n    mask = offsets < L\n\n    # Load entire row (padding beyond L is 0)\n    row = tl.load(row_start_x + offsets * stride_x_inner, mask=mask, other=0.0)\n\n    # Perform parallel inclusive scan\n    scanned = tl.associative_scan(row, 0, tl.add)\n              ^\n\n\nThe above exception was the direct cause of the following exception:\n\nTraceback (most recent call last):\n  File "/home/lijiaxing/.conda/envs/api/lib/python3.10/site-packages/triton/language/core.py", line 42, in wrapper\n    return fn(*args, **kwargs)\n  File "/home/lijiaxing/.conda/envs/api/lib/python3.10/site-packages/triton/language/core.py", line 2727, in associative_scan\n    return associative_scan((input, ), axis, combine_fn, reverse, _semantic=_semantic, _generator=_generator)[0]\n  File "/home/lijiaxing/.conda/envs/api/lib/python3.10/site-packages/triton/language/core.py", line 42, in wrapper\n    return fn(*args, **kwargs)\n  File "/home/lijiaxing/.conda/envs/api/lib/python3.10/site-packages/triton/language/core.py", line 2747, in associative_scan\n    return _semantic.associative_scan(input, axis, make_combine_region, reverse)\n  File "/home/lijiaxing/.conda/envs/api/lib/python3.10/site-packages/triton/language/semantic.py", line 1685, in associative_scan\n    region_builder_fn(scan_op)\n  File "/home/lijiaxing/.conda/envs/api/lib/python3.10/site-packages/triton/language/core.py", line 2737, in make_combine_region\n    results = _generator.call_JitFunction(combine_fn, args, kwargs={})\nAttributeError: \'function\' object has no attribute \'fn\'\n', 'runtime_error_name': 'triton.compiler.errors.CompilationError', 'reference_timing_ms': 0.016, 'speed_up': -1.0, 'custom_timing': -1.0}, 'runtime': -1.0, 'runtime_stats': {}}}
2025-08-08 18:31:29,812 - openevolve.llm.ensemble - INFO - Sampled model: deepseek
2025-08-08 18:31:29,829 - openevolve.threaded_parallel - INFO - Iteration 7: Program 81ef5787-ac56-41d8-9086-32edf66156e1 (parent: 1f4a9690-69c4-4dac-b33c-a45e568065e8) completed in 766.33s
2025-08-08 18:31:29,829 - openevolve.threaded_parallel - INFO - Metrics: compiled=1.0000, correctness=0.0000, score=10.0000, stage=wrong_answer, verify_payload={'id': 'level1_89_cumsum', 'result': {'compiled': True, 'correctness': False, 'metadata': {'hardware': 'NVIDIA L20Y', 'device': 'cuda:5', 'runtime_error': 'Traceback (most recent call last):\n  File "/home/lijiaxing/.conda/envs/api/lib/python3.10/site-packages/triton/language/core.py", line 42, in wrapper\n    return fn(*args, **kwargs)\n  File "/home/lijiaxing/.conda/envs/api/lib/python3.10/site-packages/triton/language/core.py", line 2727, in associative_scan\n    return associative_scan((input, ), axis, combine_fn, reverse, _semantic=_semantic, _generator=_generator)[0]\n  File "/home/lijiaxing/.conda/envs/api/lib/python3.10/site-packages/triton/language/core.py", line 42, in wrapper\n    return fn(*args, **kwargs)\n  File "/home/lijiaxing/.conda/envs/api/lib/python3.10/site-packages/triton/language/core.py", line 2747, in associative_scan\n    return _semantic.associative_scan(input, axis, make_combine_region, reverse)\n  File "/home/lijiaxing/.conda/envs/api/lib/python3.10/site-packages/triton/language/semantic.py", line 1685, in associative_scan\n    region_builder_fn(scan_op)\n  File "/home/lijiaxing/.conda/envs/api/lib/python3.10/site-packages/triton/language/core.py", line 2737, in make_combine_region\n    results = _generator.call_JitFunction(combine_fn, args, kwargs={})\nAttributeError: \'function\' object has no attribute \'fn\'\n\nThe above exception was the direct cause of the following exception:\n\nTraceback (most recent call last):\n  File "/cpfs01/shared/llm_kernel/hujiakai/KernelLLM/validation_api_server/helpers/evaluations.py", line 720, in run_and_check_correctness\n    output_new = model_new(*inputs)\n  File "/home/lijiaxing/.conda/envs/api/lib/python3.10/site-packages/torch/nn/modules/module.py", line 1773, in _wrapped_call_impl\n    return self._call_impl(*args, **kwargs)\n  File "/home/lijiaxing/.conda/envs/api/lib/python3.10/site-packages/torch/nn/modules/module.py", line 1784, in _call_impl\n    return forward_call(*args, **kwargs)\n  File "/tmp/tmpeldmk8rd.py", line 52, in forward\n    _cumsum_kernel[grid](\n  File "/home/lijiaxing/.conda/envs/api/lib/python3.10/site-packages/triton/runtime/jit.py", line 390, in <lambda>\n    return lambda *args, **kwargs: self.run(grid=grid, warmup=False, *args, **kwargs)\n  File "/home/lijiaxing/.conda/envs/api/lib/python3.10/site-packages/triton/runtime/jit.py", line 594, in run\n    kernel = self.compile(src, target=target, options=options.__dict__)\n  File "/home/lijiaxing/.conda/envs/api/lib/python3.10/site-packages/triton/compiler/compiler.py", line 339, in compile\n    module = src.make_ir(options, codegen_fns, module_map, context)\n  File "/home/lijiaxing/.conda/envs/api/lib/python3.10/site-packages/triton/compiler/compiler.py", line 83, in make_ir\n    return ast_to_ttir(self.fn, self, context=context, options=options, codegen_fns=codegen_fns,\ntriton.compiler.errors.CompilationError: at 23:14:\n    row_start_x = x_ptr + pid * stride_x_row\n    row_start_out = out_ptr + pid * stride_out_row\n\n    # Create offsets and mask for the row\n    offsets = tl.arange(0, BLOCK_SIZE)\n    mask = offsets < L\n\n    # Load entire row (padding beyond L is 0)\n    row = tl.load(row_start_x + offsets * stride_x_inner, mask=mask, other=0.0)\n\n    # Perform parallel inclusive scan\n    scanned = tl.associative_scan(row, 0, tl.add)\n              ^\n\n\nThe above exception was the direct cause of the following exception:\n\nTraceback (most recent call last):\n  File "/home/lijiaxing/.conda/envs/api/lib/python3.10/site-packages/triton/language/core.py", line 42, in wrapper\n    return fn(*args, **kwargs)\n  File "/home/lijiaxing/.conda/envs/api/lib/python3.10/site-packages/triton/language/core.py", line 2727, in associative_scan\n    return associative_scan((input, ), axis, combine_fn, reverse, _semantic=_semantic, _generator=_generator)[0]\n  File "/home/lijiaxing/.conda/envs/api/lib/python3.10/site-packages/triton/language/core.py", line 42, in wrapper\n    return fn(*args, **kwargs)\n  File "/home/lijiaxing/.conda/envs/api/lib/python3.10/site-packages/triton/language/core.py", line 2747, in associative_scan\n    return _semantic.associative_scan(input, axis, make_combine_region, reverse)\n  File "/home/lijiaxing/.conda/envs/api/lib/python3.10/site-packages/triton/language/semantic.py", line 1685, in associative_scan\n    region_builder_fn(scan_op)\n  File "/home/lijiaxing/.conda/envs/api/lib/python3.10/site-packages/triton/language/core.py", line 2737, in make_combine_region\n    results = _generator.call_JitFunction(combine_fn, args, kwargs={})\nAttributeError: \'function\' object has no attribute \'fn\'\n', 'runtime_error_name': 'triton.compiler.errors.CompilationError', 'reference_timing_ms': 0.016, 'speed_up': -1.0, 'custom_timing': -1.0}, 'runtime': -1.0, 'runtime_stats': {}}}
2025-08-08 18:35:41,461 - openevolve.RemoteSpeedupEvaluator - INFO - [level1_89_cumsum] triton key words check pass
2025-08-08 18:35:41,463 - openevolve.RemoteSpeedupEvaluator - INFO - [level1_89_cumsum] verify_plus payload: reference_code(1620 chars) + custom_code(2284 chars)
2025-08-08 18:35:44,524 - openevolve.RemoteSpeedupEvaluator - INFO - [level1_89_cumsum] verify_plus request success
2025-08-08 18:35:44,524 - openevolve.RemoteSpeedupEvaluator - INFO - [level1_89_cumsum] verify_plus response: {"id":"level1_89_cumsum","result":{"compiled":true,"correctness":true,"metadata":{"hardware":"NVIDIA L20Y","device":"cuda:2","correctness_trials":"(5 / 5)","reference_timing_ms":0.016,"speed_up":0.32,"custom_timing":0.05},"runtime":0.05,"runtime_stats":{"mean":0.05,"std":0.00357,"min":0.0459,"max":0.0685,"num_trials":100,"hardware":"NVIDIA L20Y","device":"cuda:2"}}}
2025-08-08 18:35:44,524 - openevolve.RemoteSpeedupEvaluator - INFO - [level1_89_cumsum] âœ” success | speed_up=0.320  score=20.00
2025-08-08 18:35:44,525 - openevolve.evaluator - INFO - Evaluated program 7b6e3ef6-51cf-451b-a676-c128962bc791 in 3.06s: compiled=1.0000, correctness=1.0000, stage=success, passed=0.0000, score=20.0000, speed_up=0.3200, runtime_ms=0.0500, meta={'hardware': 'NVIDIA L20Y', 'device': 'cuda:2', 'correctness_trials': '(5 / 5)', 'reference_timing_ms': 0.016, 'speed_up': 0.32, 'custom_timing': 0.05}
2025-08-08 18:35:44,527 - openevolve.database - INFO - New MAP-Elites cell occupied: {'score': 9, 'complexity': 5}
2025-08-08 18:35:44,527 - openevolve.database - INFO - New best program 7b6e3ef6-51cf-451b-a676-c128962bc791 replaces 70ad6144-c5fa-4568-bfe0-c9a72c87ffa8
2025-08-08 18:35:44,529 - openevolve.llm.ensemble - INFO - Sampled model: deepseek
2025-08-08 18:35:44,539 - openevolve.threaded_parallel - INFO - Iteration 8: Program 7b6e3ef6-51cf-451b-a676-c128962bc791 (parent: d5bcfa39-1285-4b61-bf2c-d0789888fd84) completed in 803.66s
2025-08-08 18:35:44,539 - openevolve.threaded_parallel - INFO - Metrics: compiled=1.0000, correctness=1.0000, stage=success, passed=0.0000, score=20.0000, speed_up=0.3200, runtime_ms=0.0500, meta={'hardware': 'NVIDIA L20Y', 'device': 'cuda:2', 'correctness_trials': '(5 / 5)', 'reference_timing_ms': 0.016, 'speed_up': 0.32, 'custom_timing': 0.05}
2025-08-08 18:35:44,539 - openevolve.threaded_parallel - INFO - ðŸŒŸ New best solution found at iteration 8: 7b6e3ef6-51cf-451b-a676-c128962bc791
2025-08-08 18:38:40,966 - openevolve.RemoteSpeedupEvaluator - INFO - [level1_89_cumsum] triton key words check pass
2025-08-08 18:38:40,967 - openevolve.RemoteSpeedupEvaluator - INFO - [level1_89_cumsum] verify_plus payload: reference_code(1620 chars) + custom_code(1410 chars)
2025-08-08 18:38:43,708 - openevolve.RemoteSpeedupEvaluator - INFO - [level1_89_cumsum] verify_plus request success
2025-08-08 18:38:43,709 - openevolve.RemoteSpeedupEvaluator - INFO - [level1_89_cumsum] verify_plus response: {"id":"level1_89_cumsum","result":{"compiled":true,"correctness":false,"metadata":{"hardware":"NVIDIA L20Y","device":"cuda:1","runtime_error":"Traceback (most recent call last):\n  File \"/home/lijiaxing/.conda/envs/api/lib/python3.10/site-packages/triton/language/core.py\", line 42, in wrapper\n    return fn(*args, **kwargs)\n  File \"/home/lijiaxing/.conda/envs/api/lib/python3.10/site-packages/triton/language/core.py\", line 2727, in associative_scan\n    return associative_scan((input, ), axis, combine_fn, reverse, _semantic=_semantic, _generator=_generator)[0]\n  File \"/home/lijiaxing/.conda/envs/api/lib/python3.10/site-packages/triton/language/core.py\", line 42, in wrapper\n    return fn(*args, **kwargs)\n  File \"/home/lijiaxing/.conda/envs/api/lib/python3.10/site-packages/triton/l
2025-08-08 18:38:43,709 - openevolve.RemoteSpeedupEvaluator - INFO - [level1_89_cumsum] âœ˜ wrong_answer
2025-08-08 18:38:43,709 - openevolve.evaluator - INFO - Evaluated program b0f28e9c-87e7-420f-8056-c45e640058c2 in 2.78s: compiled=1.0000, correctness=0.0000, score=10.0000, stage=wrong_answer, verify_payload={'id': 'level1_89_cumsum', 'result': {'compiled': True, 'correctness': False, 'metadata': {'hardware': 'NVIDIA L20Y', 'device': 'cuda:1', 'runtime_error': 'Traceback (most recent call last):\n  File "/home/lijiaxing/.conda/envs/api/lib/python3.10/site-packages/triton/language/core.py", line 42, in wrapper\n    return fn(*args, **kwargs)\n  File "/home/lijiaxing/.conda/envs/api/lib/python3.10/site-packages/triton/language/core.py", line 2727, in associative_scan\n    return associative_scan((input, ), axis, combine_fn, reverse, _semantic=_semantic, _generator=_generator)[0]\n  File "/home/lijiaxing/.conda/envs/api/lib/python3.10/site-packages/triton/language/core.py", line 42, in wrapper\n    return fn(*args, **kwargs)\n  File "/home/lijiaxing/.conda/envs/api/lib/python3.10/site-packages/triton/language/core.py", line 2747, in associative_scan\n    return _semantic.associative_scan(input, axis, make_combine_region, reverse)\n  File "/home/lijiaxing/.conda/envs/api/lib/python3.10/site-packages/triton/language/semantic.py", line 1685, in associative_scan\n    region_builder_fn(scan_op)\n  File "/home/lijiaxing/.conda/envs/api/lib/python3.10/site-packages/triton/language/core.py", line 2737, in make_combine_region\n    results = _generator.call_JitFunction(combine_fn, args, kwargs={})\nAttributeError: \'function\' object has no attribute \'fn\'\n\nThe above exception was the direct cause of the following exception:\n\nTraceback (most recent call last):\n  File "/cpfs01/shared/llm_kernel/hujiakai/KernelLLM/validation_api_server/helpers/evaluations.py", line 720, in run_and_check_correctness\n    output_new = model_new(*inputs)\n  File "/home/lijiaxing/.conda/envs/api/lib/python3.10/site-packages/torch/nn/modules/module.py", line 1773, in _wrapped_call_impl\n    return self._call_impl(*args, **kwargs)\n  File "/home/lijiaxing/.conda/envs/api/lib/python3.10/site-packages/torch/nn/modules/module.py", line 1784, in _call_impl\n    return forward_call(*args, **kwargs)\n  File "/tmp/tmpbxwygbhr.py", line 39, in forward\n    cumsum_kernel[grid](x, output, n_cols, BLOCK_SIZE=triton.next_power_of_2(n_cols))\n  File "/home/lijiaxing/.conda/envs/api/lib/python3.10/site-packages/triton/runtime/jit.py", line 390, in <lambda>\n    return lambda *args, **kwargs: self.run(grid=grid, warmup=False, *args, **kwargs)\n  File "/home/lijiaxing/.conda/envs/api/lib/python3.10/site-packages/triton/runtime/jit.py", line 594, in run\n    kernel = self.compile(src, target=target, options=options.__dict__)\n  File "/home/lijiaxing/.conda/envs/api/lib/python3.10/site-packages/triton/compiler/compiler.py", line 339, in compile\n    module = src.make_ir(options, codegen_fns, module_map, context)\n  File "/home/lijiaxing/.conda/envs/api/lib/python3.10/site-packages/triton/compiler/compiler.py", line 83, in make_ir\n    return ast_to_ttir(self.fn, self, context=context, options=options, codegen_fns=codegen_fns,\ntriton.compiler.errors.CompilationError: at 16:13:\n    BLOCK_SIZE: tl.constexpr\n):\n    row_idx = tl.program_id(0)\n    start = row_idx * n_cols\n    offsets = start + tl.arange(0, BLOCK_SIZE)\n    mask = tl.arange(0, BLOCK_SIZE) < n_cols\n\n    # Load data with boundary checks\n    data = tl.load(input_ptr + offsets, mask=mask, other=0.0)\n\n    # Compute inclusive prefix sum using parallel scan\n    cumsum = tl.associative_scan(data, 0, triton.language.add)\n             ^\n\n\nThe above exception was the direct cause of the following exception:\n\nTraceback (most recent call last):\n  File "/home/lijiaxing/.conda/envs/api/lib/python3.10/site-packages/triton/language/core.py", line 42, in wrapper\n    return fn(*args, **kwargs)\n  File "/home/lijiaxing/.conda/envs/api/lib/python3.10/site-packages/triton/language/core.py", line 2727, in associative_scan\n    return associative_scan((input, ), axis, combine_fn, reverse, _semantic=_semantic, _generator=_generator)[0]\n  File "/home/lijiaxing/.conda/envs/api/lib/python3.10/site-packages/triton/language/core.py", line 42, in wrapper\n    return fn(*args, **kwargs)\n  File "/home/lijiaxing/.conda/envs/api/lib/python3.10/site-packages/triton/language/core.py", line 2747, in associative_scan\n    return _semantic.associative_scan(input, axis, make_combine_region, reverse)\n  File "/home/lijiaxing/.conda/envs/api/lib/python3.10/site-packages/triton/language/semantic.py", line 1685, in associative_scan\n    region_builder_fn(scan_op)\n  File "/home/lijiaxing/.conda/envs/api/lib/python3.10/site-packages/triton/language/core.py", line 2737, in make_combine_region\n    results = _generator.call_JitFunction(combine_fn, args, kwargs={})\nAttributeError: \'function\' object has no attribute \'fn\'\n', 'runtime_error_name': 'triton.compiler.errors.CompilationError', 'reference_timing_ms': 0.016, 'speed_up': -1.0, 'custom_timing': -1.0}, 'runtime': -1.0, 'runtime_stats': {}}}
2025-08-08 18:38:43,713 - openevolve.llm.ensemble - INFO - Sampled model: deepseek
2025-08-08 18:38:43,729 - openevolve.threaded_parallel - INFO - Iteration 9: Program b0f28e9c-87e7-420f-8056-c45e640058c2 (parent: 958aa480-9b6b-4224-b545-ae8d9c076bcd) completed in 656.98s
2025-08-08 18:38:43,729 - openevolve.threaded_parallel - INFO - Metrics: compiled=1.0000, correctness=0.0000, score=10.0000, stage=wrong_answer, verify_payload={'id': 'level1_89_cumsum', 'result': {'compiled': True, 'correctness': False, 'metadata': {'hardware': 'NVIDIA L20Y', 'device': 'cuda:1', 'runtime_error': 'Traceback (most recent call last):\n  File "/home/lijiaxing/.conda/envs/api/lib/python3.10/site-packages/triton/language/core.py", line 42, in wrapper\n    return fn(*args, **kwargs)\n  File "/home/lijiaxing/.conda/envs/api/lib/python3.10/site-packages/triton/language/core.py", line 2727, in associative_scan\n    return associative_scan((input, ), axis, combine_fn, reverse, _semantic=_semantic, _generator=_generator)[0]\n  File "/home/lijiaxing/.conda/envs/api/lib/python3.10/site-packages/triton/language/core.py", line 42, in wrapper\n    return fn(*args, **kwargs)\n  File "/home/lijiaxing/.conda/envs/api/lib/python3.10/site-packages/triton/language/core.py", line 2747, in associative_scan\n    return _semantic.associative_scan(input, axis, make_combine_region, reverse)\n  File "/home/lijiaxing/.conda/envs/api/lib/python3.10/site-packages/triton/language/semantic.py", line 1685, in associative_scan\n    region_builder_fn(scan_op)\n  File "/home/lijiaxing/.conda/envs/api/lib/python3.10/site-packages/triton/language/core.py", line 2737, in make_combine_region\n    results = _generator.call_JitFunction(combine_fn, args, kwargs={})\nAttributeError: \'function\' object has no attribute \'fn\'\n\nThe above exception was the direct cause of the following exception:\n\nTraceback (most recent call last):\n  File "/cpfs01/shared/llm_kernel/hujiakai/KernelLLM/validation_api_server/helpers/evaluations.py", line 720, in run_and_check_correctness\n    output_new = model_new(*inputs)\n  File "/home/lijiaxing/.conda/envs/api/lib/python3.10/site-packages/torch/nn/modules/module.py", line 1773, in _wrapped_call_impl\n    return self._call_impl(*args, **kwargs)\n  File "/home/lijiaxing/.conda/envs/api/lib/python3.10/site-packages/torch/nn/modules/module.py", line 1784, in _call_impl\n    return forward_call(*args, **kwargs)\n  File "/tmp/tmpbxwygbhr.py", line 39, in forward\n    cumsum_kernel[grid](x, output, n_cols, BLOCK_SIZE=triton.next_power_of_2(n_cols))\n  File "/home/lijiaxing/.conda/envs/api/lib/python3.10/site-packages/triton/runtime/jit.py", line 390, in <lambda>\n    return lambda *args, **kwargs: self.run(grid=grid, warmup=False, *args, **kwargs)\n  File "/home/lijiaxing/.conda/envs/api/lib/python3.10/site-packages/triton/runtime/jit.py", line 594, in run\n    kernel = self.compile(src, target=target, options=options.__dict__)\n  File "/home/lijiaxing/.conda/envs/api/lib/python3.10/site-packages/triton/compiler/compiler.py", line 339, in compile\n    module = src.make_ir(options, codegen_fns, module_map, context)\n  File "/home/lijiaxing/.conda/envs/api/lib/python3.10/site-packages/triton/compiler/compiler.py", line 83, in make_ir\n    return ast_to_ttir(self.fn, self, context=context, options=options, codegen_fns=codegen_fns,\ntriton.compiler.errors.CompilationError: at 16:13:\n    BLOCK_SIZE: tl.constexpr\n):\n    row_idx = tl.program_id(0)\n    start = row_idx * n_cols\n    offsets = start + tl.arange(0, BLOCK_SIZE)\n    mask = tl.arange(0, BLOCK_SIZE) < n_cols\n\n    # Load data with boundary checks\n    data = tl.load(input_ptr + offsets, mask=mask, other=0.0)\n\n    # Compute inclusive prefix sum using parallel scan\n    cumsum = tl.associative_scan(data, 0, triton.language.add)\n             ^\n\n\nThe above exception was the direct cause of the following exception:\n\nTraceback (most recent call last):\n  File "/home/lijiaxing/.conda/envs/api/lib/python3.10/site-packages/triton/language/core.py", line 42, in wrapper\n    return fn(*args, **kwargs)\n  File "/home/lijiaxing/.conda/envs/api/lib/python3.10/site-packages/triton/language/core.py", line 2727, in associative_scan\n    return associative_scan((input, ), axis, combine_fn, reverse, _semantic=_semantic, _generator=_generator)[0]\n  File "/home/lijiaxing/.conda/envs/api/lib/python3.10/site-packages/triton/language/core.py", line 42, in wrapper\n    return fn(*args, **kwargs)\n  File "/home/lijiaxing/.conda/envs/api/lib/python3.10/site-packages/triton/language/core.py", line 2747, in associative_scan\n    return _semantic.associative_scan(input, axis, make_combine_region, reverse)\n  File "/home/lijiaxing/.conda/envs/api/lib/python3.10/site-packages/triton/language/semantic.py", line 1685, in associative_scan\n    region_builder_fn(scan_op)\n  File "/home/lijiaxing/.conda/envs/api/lib/python3.10/site-packages/triton/language/core.py", line 2737, in make_combine_region\n    results = _generator.call_JitFunction(combine_fn, args, kwargs={})\nAttributeError: \'function\' object has no attribute \'fn\'\n', 'runtime_error_name': 'triton.compiler.errors.CompilationError', 'reference_timing_ms': 0.016, 'speed_up': -1.0, 'custom_timing': -1.0}, 'runtime': -1.0, 'runtime_stats': {}}}
2025-08-08 18:38:43,729 - openevolve.threaded_parallel - INFO - Checkpoint interval reached at iteration 9
2025-08-08 18:38:43,730 - openevolve.database - INFO - Island Status:
2025-08-08 18:38:43,730 - openevolve.database - INFO -    Island 0: 5 programs, best=20.0000, avg=10.0000, diversity=408.53, gen=3 (best: 7b6e3ef6-51cf-451b-a676-c128962bc791)
2025-08-08 18:38:43,730 - openevolve.database - INFO -    Island 1: 4 programs, best=10.0000, avg=10.0000, diversity=226.90, gen=4 (best: 958aa480-9b6b-4224-b545-ae8d9c076bcd)
2025-08-08 18:38:43,730 - openevolve.database - INFO -  * Island 2: 2 programs, best=10.0000, avg=10.0000, diversity=331.00, gen=3 (best: e7db9a06-133c-4184-8261-0910119247f5)
2025-08-08 18:38:43,870 - openevolve.database - INFO - Saved database with 11 programs to openevolve_output/level1_89_cumsum/checkpoints/checkpoint_9
2025-08-08 18:38:43,881 - openevolve.controller - INFO - Saved best program at checkpoint 9 with metrics: compiled=1.0000, correctness=1.0000, stage=success, passed=0.0000, score=20.0000, speed_up=0.3200, runtime_ms=0.0500, meta={'hardware': 'NVIDIA L20Y', 'device': 'cuda:2', 'correctness_trials': '(5 / 5)', 'reference_timing_ms': 0.016, 'speed_up': 0.32, 'custom_timing': 0.05}
2025-08-08 18:38:43,881 - openevolve.controller - INFO - Saved checkpoint at iteration 9 to openevolve_output/level1_89_cumsum/checkpoints/checkpoint_9
2025-08-08 18:47:35,605 - openevolve.RemoteSpeedupEvaluator - INFO - [level1_89_cumsum] triton key words check pass
2025-08-08 18:47:35,608 - openevolve.RemoteSpeedupEvaluator - INFO - [level1_89_cumsum] verify_plus payload: reference_code(1620 chars) + custom_code(1203 chars)
2025-08-08 18:47:48,318 - openevolve.RemoteSpeedupEvaluator - INFO - [level1_89_cumsum] verify_plus request success
2025-08-08 18:47:48,318 - openevolve.RemoteSpeedupEvaluator - INFO - [level1_89_cumsum] verify_plus response: {"id":"level1_89_cumsum","result":{"compiled":true,"correctness":true,"metadata":{"hardware":"NVIDIA L20Y","device":"cuda:6","correctness_trials":"(5 / 5)","reference_timing_ms":0.016,"speed_up":0.083,"custom_timing":0.192},"runtime":0.192,"runtime_stats":{"mean":0.192,"std":0.0185,"min":0.185,"max":0.332,"num_trials":100,"hardware":"NVIDIA L20Y","device":"cuda:6"}}}
2025-08-08 18:47:48,318 - openevolve.RemoteSpeedupEvaluator - INFO - [level1_89_cumsum] âœ” success | speed_up=0.083  score=20.00
2025-08-08 18:47:48,318 - openevolve.evaluator - INFO - Evaluated program 8137885c-675f-4b7e-9b88-1c206b1d7c3c in 12.71s: compiled=1.0000, correctness=1.0000, stage=success, passed=0.0000, score=20.0000, speed_up=0.0830, runtime_ms=0.1920, meta={'hardware': 'NVIDIA L20Y', 'device': 'cuda:6', 'correctness_trials': '(5 / 5)', 'reference_timing_ms': 0.016, 'speed_up': 0.083, 'custom_timing': 0.192}
2025-08-08 18:47:48,322 - openevolve.llm.ensemble - INFO - Sampled model: deepseek
2025-08-08 18:47:48,327 - openevolve.database - INFO - MAP-Elites cell improved: {'score': 9, 'complexity': 0} (fitness: 10.000 -> 20.000)
2025-08-08 18:47:48,340 - openevolve.threaded_parallel - INFO - Iteration 10: Program 8137885c-675f-4b7e-9b88-1c206b1d7c3c (parent: e7db9a06-133c-4184-8261-0910119247f5) completed in 978.51s
2025-08-08 18:47:48,341 - openevolve.threaded_parallel - INFO - Metrics: compiled=1.0000, correctness=1.0000, stage=success, passed=0.0000, score=20.0000, speed_up=0.0830, runtime_ms=0.1920, meta={'hardware': 'NVIDIA L20Y', 'device': 'cuda:6', 'correctness_trials': '(5 / 5)', 'reference_timing_ms': 0.016, 'speed_up': 0.083, 'custom_timing': 0.192}
2025-08-08 18:47:56,500 - openevolve.RemoteSpeedupEvaluator - INFO - [level1_89_cumsum] triton key words check pass
2025-08-08 18:47:56,500 - openevolve.RemoteSpeedupEvaluator - INFO - [level1_89_cumsum] verify_plus payload: reference_code(1620 chars) + custom_code(1446 chars)
2025-08-08 18:47:59,472 - openevolve.RemoteSpeedupEvaluator - INFO - [level1_89_cumsum] verify_plus request success
2025-08-08 18:47:59,473 - openevolve.RemoteSpeedupEvaluator - INFO - [level1_89_cumsum] verify_plus response: {"id":"level1_89_cumsum","result":{"compiled":true,"correctness":false,"metadata":{"hardware":"NVIDIA L20Y","device":"cuda:1","runtime_error":"Traceback (most recent call last):\n  File \"/cpfs01/shared/llm_kernel/hujiakai/KernelLLM/validation_api_server/helpers/evaluations.py\", line 720, in run_and_check_correctness\n    output_new = model_new(*inputs)\n  File \"/home/lijiaxing/.conda/envs/api/lib/python3.10/site-packages/torch/nn/modules/module.py\", line 1773, in _wrapped_call_impl\n    return self._call_impl(*args, **kwargs)\n  File \"/home/lijiaxing/.conda/envs/api/lib/python3.10/site-packages/torch/nn/modules/module.py\", line 1784, in _call_impl\n    return forward_call(*args, **kwargs)\n  File \"/tmp/tmp641kgppb.py\", line 40, in forward\n    cumsum_kernel[grid](x, output, n_cols,
2025-08-08 18:47:59,473 - openevolve.RemoteSpeedupEvaluator - INFO - [level1_89_cumsum] âœ˜ wrong_answer
2025-08-08 18:47:59,473 - openevolve.evaluator - INFO - Evaluated program 3e028323-7cf4-463d-a513-13a199f34193 in 2.97s: compiled=1.0000, correctness=0.0000, score=10.0000, stage=wrong_answer, verify_payload={'id': 'level1_89_cumsum', 'result': {'compiled': True, 'correctness': False, 'metadata': {'hardware': 'NVIDIA L20Y', 'device': 'cuda:1', 'runtime_error': 'Traceback (most recent call last):\n  File "/cpfs01/shared/llm_kernel/hujiakai/KernelLLM/validation_api_server/helpers/evaluations.py", line 720, in run_and_check_correctness\n    output_new = model_new(*inputs)\n  File "/home/lijiaxing/.conda/envs/api/lib/python3.10/site-packages/torch/nn/modules/module.py", line 1773, in _wrapped_call_impl\n    return self._call_impl(*args, **kwargs)\n  File "/home/lijiaxing/.conda/envs/api/lib/python3.10/site-packages/torch/nn/modules/module.py", line 1784, in _call_impl\n    return forward_call(*args, **kwargs)\n  File "/tmp/tmp641kgppb.py", line 40, in forward\n    cumsum_kernel[grid](x, output, n_cols, BLOCK_SIZE=triton.next_power_of_2(n_cols))\n  File "/home/lijiaxing/.conda/envs/api/lib/python3.10/site-packages/triton/runtime/jit.py", line 390, in <lambda>\n    return lambda *args, **kwargs: self.run(grid=grid, warmup=False, *args, **kwargs)\n  File "/home/lijiaxing/.conda/envs/api/lib/python3.10/site-packages/triton/runtime/jit.py", line 594, in run\n    kernel = self.compile(src, target=target, options=options.__dict__)\n  File "/home/lijiaxing/.conda/envs/api/lib/python3.10/site-packages/triton/compiler/compiler.py", line 339, in compile\n    module = src.make_ir(options, codegen_fns, module_map, context)\n  File "/home/lijiaxing/.conda/envs/api/lib/python3.10/site-packages/triton/compiler/compiler.py", line 83, in make_ir\n    return ast_to_ttir(self.fn, self, context=context, options=options, codegen_fns=codegen_fns,\ntriton.compiler.errors.CompilationError: at 19:26:\n    start = row_idx * n_cols\n    offsets = start + tl.arange(0, BLOCK_SIZE)\n    mask = tl.arange(0, BLOCK_SIZE) < n_cols\n\n    # Load data with boundary checks\n    data = tl.load(input_ptr + offsets, mask=mask, other=0.0)\n\n    # Sequential accumulation with mask handling\n    carry = 0.0\n    for i in range(BLOCK_SIZE):\n        # Conditionally accumulate and store\n        carry += tl.where(mask[i], data[i], 0.0)\n                          ^\nValueError(\'Did you forget to add @triton.jit ? (`_semantic` argument must be provided outside of JIT functions.)\')\n\n\nThe above exception was the direct cause of the following exception:\n\nTraceback (most recent call last):\n  File "/home/lijiaxing/.conda/envs/api/lib/python3.10/site-packages/triton/language/core.py", line 42, in wrapper\n    return fn(*args, **kwargs)\n  File "/home/lijiaxing/.conda/envs/api/lib/python3.10/site-packages/triton/language/core.py", line 1111, in __getitem__\n    for dim, sl in enumerate(slices):\n  File "/home/lijiaxing/.conda/envs/api/lib/python3.10/site-packages/triton/language/core.py", line 40, in wrapper\n    raise ValueError("Did you forget to add @triton.jit ? "\nValueError: Did you forget to add @triton.jit ? (`_semantic` argument must be provided outside of JIT functions.)\n', 'runtime_error_name': 'triton.compiler.errors.CompilationError', 'reference_timing_ms': 0.016, 'speed_up': -1.0, 'custom_timing': -1.0}, 'runtime': -1.0, 'runtime_stats': {}}}
2025-08-08 18:47:59,477 - openevolve.llm.ensemble - INFO - Sampled model: deepseek
2025-08-08 18:47:59,488 - openevolve.threaded_parallel - INFO - Iteration 12: Program 3e028323-7cf4-463d-a513-13a199f34193 (parent: 958aa480-9b6b-4224-b545-ae8d9c076bcd) completed in 555.76s
2025-08-08 18:47:59,489 - openevolve.threaded_parallel - INFO - Metrics: compiled=1.0000, correctness=0.0000, score=10.0000, stage=wrong_answer, verify_payload={'id': 'level1_89_cumsum', 'result': {'compiled': True, 'correctness': False, 'metadata': {'hardware': 'NVIDIA L20Y', 'device': 'cuda:1', 'runtime_error': 'Traceback (most recent call last):\n  File "/cpfs01/shared/llm_kernel/hujiakai/KernelLLM/validation_api_server/helpers/evaluations.py", line 720, in run_and_check_correctness\n    output_new = model_new(*inputs)\n  File "/home/lijiaxing/.conda/envs/api/lib/python3.10/site-packages/torch/nn/modules/module.py", line 1773, in _wrapped_call_impl\n    return self._call_impl(*args, **kwargs)\n  File "/home/lijiaxing/.conda/envs/api/lib/python3.10/site-packages/torch/nn/modules/module.py", line 1784, in _call_impl\n    return forward_call(*args, **kwargs)\n  File "/tmp/tmp641kgppb.py", line 40, in forward\n    cumsum_kernel[grid](x, output, n_cols, BLOCK_SIZE=triton.next_power_of_2(n_cols))\n  File "/home/lijiaxing/.conda/envs/api/lib/python3.10/site-packages/triton/runtime/jit.py", line 390, in <lambda>\n    return lambda *args, **kwargs: self.run(grid=grid, warmup=False, *args, **kwargs)\n  File "/home/lijiaxing/.conda/envs/api/lib/python3.10/site-packages/triton/runtime/jit.py", line 594, in run\n    kernel = self.compile(src, target=target, options=options.__dict__)\n  File "/home/lijiaxing/.conda/envs/api/lib/python3.10/site-packages/triton/compiler/compiler.py", line 339, in compile\n    module = src.make_ir(options, codegen_fns, module_map, context)\n  File "/home/lijiaxing/.conda/envs/api/lib/python3.10/site-packages/triton/compiler/compiler.py", line 83, in make_ir\n    return ast_to_ttir(self.fn, self, context=context, options=options, codegen_fns=codegen_fns,\ntriton.compiler.errors.CompilationError: at 19:26:\n    start = row_idx * n_cols\n    offsets = start + tl.arange(0, BLOCK_SIZE)\n    mask = tl.arange(0, BLOCK_SIZE) < n_cols\n\n    # Load data with boundary checks\n    data = tl.load(input_ptr + offsets, mask=mask, other=0.0)\n\n    # Sequential accumulation with mask handling\n    carry = 0.0\n    for i in range(BLOCK_SIZE):\n        # Conditionally accumulate and store\n        carry += tl.where(mask[i], data[i], 0.0)\n                          ^\nValueError(\'Did you forget to add @triton.jit ? (`_semantic` argument must be provided outside of JIT functions.)\')\n\n\nThe above exception was the direct cause of the following exception:\n\nTraceback (most recent call last):\n  File "/home/lijiaxing/.conda/envs/api/lib/python3.10/site-packages/triton/language/core.py", line 42, in wrapper\n    return fn(*args, **kwargs)\n  File "/home/lijiaxing/.conda/envs/api/lib/python3.10/site-packages/triton/language/core.py", line 1111, in __getitem__\n    for dim, sl in enumerate(slices):\n  File "/home/lijiaxing/.conda/envs/api/lib/python3.10/site-packages/triton/language/core.py", line 40, in wrapper\n    raise ValueError("Did you forget to add @triton.jit ? "\nValueError: Did you forget to add @triton.jit ? (`_semantic` argument must be provided outside of JIT functions.)\n', 'runtime_error_name': 'triton.compiler.errors.CompilationError', 'reference_timing_ms': 0.016, 'speed_up': -1.0, 'custom_timing': -1.0}, 'runtime': -1.0, 'runtime_stats': {}}}
2025-08-08 18:47:59,489 - openevolve.threaded_parallel - INFO - Checkpoint interval reached at iteration 12
2025-08-08 18:47:59,490 - openevolve.database - INFO - Island Status:
2025-08-08 18:47:59,490 - openevolve.database - INFO -    Island 0: 6 programs, best=20.0000, avg=10.0000, diversity=352.80, gen=4 (best: 7b6e3ef6-51cf-451b-a676-c128962bc791)
2025-08-08 18:47:59,490 - openevolve.database - INFO -  * Island 1: 4 programs, best=10.0000, avg=10.0000, diversity=226.90, gen=5 (best: 958aa480-9b6b-4224-b545-ae8d9c076bcd)
2025-08-08 18:47:59,490 - openevolve.database - INFO -    Island 2: 3 programs, best=20.0000, avg=13.3333, diversity=417.80, gen=3 (best: 8137885c-675f-4b7e-9b88-1c206b1d7c3c)
2025-08-08 18:47:59,645 - openevolve.database - INFO - Saved database with 13 programs to openevolve_output/level1_89_cumsum/checkpoints/checkpoint_12
2025-08-08 18:47:59,656 - openevolve.controller - INFO - Saved best program at checkpoint 12 with metrics: compiled=1.0000, correctness=1.0000, stage=success, passed=0.0000, score=20.0000, speed_up=0.3200, runtime_ms=0.0500, meta={'hardware': 'NVIDIA L20Y', 'device': 'cuda:2', 'correctness_trials': '(5 / 5)', 'reference_timing_ms': 0.016, 'speed_up': 0.32, 'custom_timing': 0.05}
2025-08-08 18:47:59,657 - openevolve.controller - INFO - Saved checkpoint at iteration 12 to openevolve_output/level1_89_cumsum/checkpoints/checkpoint_12
2025-08-08 18:50:02,108 - openevolve.RemoteSpeedupEvaluator - INFO - [level1_89_cumsum] triton key words check pass
2025-08-08 18:50:02,110 - openevolve.RemoteSpeedupEvaluator - INFO - [level1_89_cumsum] verify_plus payload: reference_code(1620 chars) + custom_code(2407 chars)
2025-08-08 18:50:05,066 - openevolve.RemoteSpeedupEvaluator - INFO - [level1_89_cumsum] verify_plus request success
2025-08-08 18:50:05,066 - openevolve.RemoteSpeedupEvaluator - INFO - [level1_89_cumsum] verify_plus response: {"id":"level1_89_cumsum","result":{"compiled":true,"correctness":false,"metadata":{"hardware":"NVIDIA L20Y","device":"cuda:2","runtime_error":"Traceback (most recent call last):\n  File \"/home/lijiaxing/.conda/envs/api/lib/python3.10/site-packages/triton/language/core.py\", line 42, in wrapper\n    return fn(*args, **kwargs)\n  File \"/home/lijiaxing/.conda/envs/api/lib/python3.10/site-packages/triton/language/core.py\", line 2727, in associative_scan\n    return associative_scan((input, ), axis, combine_fn, reverse, _semantic=_semantic, _generator=_generator)[0]\n  File \"/home/lijiaxing/.conda/envs/api/lib/python3.10/site-packages/triton/language/core.py\", line 42, in wrapper\n    return fn(*args, **kwargs)\n  File \"/home/lijiaxing/.conda/envs/api/lib/python3.10/site-packages/triton/l
2025-08-08 18:50:05,066 - openevolve.RemoteSpeedupEvaluator - INFO - [level1_89_cumsum] âœ˜ wrong_answer
2025-08-08 18:50:05,066 - openevolve.evaluator - INFO - Evaluated program 5a506469-1891-46a0-b166-4ba1ab6dcec4 in 2.96s: compiled=1.0000, correctness=0.0000, score=10.0000, stage=wrong_answer, verify_payload={'id': 'level1_89_cumsum', 'result': {'compiled': True, 'correctness': False, 'metadata': {'hardware': 'NVIDIA L20Y', 'device': 'cuda:2', 'runtime_error': 'Traceback (most recent call last):\n  File "/home/lijiaxing/.conda/envs/api/lib/python3.10/site-packages/triton/language/core.py", line 42, in wrapper\n    return fn(*args, **kwargs)\n  File "/home/lijiaxing/.conda/envs/api/lib/python3.10/site-packages/triton/language/core.py", line 2727, in associative_scan\n    return associative_scan((input, ), axis, combine_fn, reverse, _semantic=_semantic, _generator=_generator)[0]\n  File "/home/lijiaxing/.conda/envs/api/lib/python3.10/site-packages/triton/language/core.py", line 42, in wrapper\n    return fn(*args, **kwargs)\n  File "/home/lijiaxing/.conda/envs/api/lib/python3.10/site-packages/triton/language/core.py", line 2747, in associative_scan\n    return _semantic.associative_scan(input, axis, make_combine_region, reverse)\n  File "/home/lijiaxing/.conda/envs/api/lib/python3.10/site-packages/triton/language/semantic.py", line 1685, in associative_scan\n    region_builder_fn(scan_op)\n  File "/home/lijiaxing/.conda/envs/api/lib/python3.10/site-packages/triton/language/core.py", line 2737, in make_combine_region\n    results = _generator.call_JitFunction(combine_fn, args, kwargs={})\nAttributeError: \'constexpr\' object has no attribute \'fn\'\n\nThe above exception was the direct cause of the following exception:\n\nTraceback (most recent call last):\n  File "/cpfs01/shared/llm_kernel/hujiakai/KernelLLM/validation_api_server/helpers/evaluations.py", line 720, in run_and_check_correctness\n    output_new = model_new(*inputs)\n  File "/home/lijiaxing/.conda/envs/api/lib/python3.10/site-packages/torch/nn/modules/module.py", line 1773, in _wrapped_call_impl\n    return self._call_impl(*args, **kwargs)\n  File "/home/lijiaxing/.conda/envs/api/lib/python3.10/site-packages/torch/nn/modules/module.py", line 1784, in _call_impl\n    return forward_call(*args, **kwargs)\n  File "/tmp/tmp3yq914er.py", line 61, in forward\n    _cumsum_kernel[grid](\n  File "/home/lijiaxing/.conda/envs/api/lib/python3.10/site-packages/triton/runtime/jit.py", line 390, in <lambda>\n    return lambda *args, **kwargs: self.run(grid=grid, warmup=False, *args, **kwargs)\n  File "/home/lijiaxing/.conda/envs/api/lib/python3.10/site-packages/triton/runtime/jit.py", line 594, in run\n    kernel = self.compile(src, target=target, options=options.__dict__)\n  File "/home/lijiaxing/.conda/envs/api/lib/python3.10/site-packages/triton/compiler/compiler.py", line 339, in compile\n    module = src.make_ir(options, codegen_fns, module_map, context)\n  File "/home/lijiaxing/.conda/envs/api/lib/python3.10/site-packages/triton/compiler/compiler.py", line 83, in make_ir\n    return ast_to_ttir(self.fn, self, context=context, options=options, codegen_fns=codegen_fns,\ntriton.compiler.errors.CompilationError: at 26:24:\n    cumulative = 0.0\n    num_chunks = tl.cdiv(row_len, BLOCK_SIZE)\n\n    for chunk_idx in range(0, num_chunks):\n        offs_chunk = chunk_idx * BLOCK_SIZE\n        offs = offs_chunk + tl.arange(0, BLOCK_SIZE)\n        mask = offs < row_len\n\n        x_ptrs = row_start_x + offs * stride_x_inner\n        chunk = tl.load(x_ptrs, mask=mask, other=0.0)\n\n        scanned_chunk = tl.associative_scan(chunk, axis=0, combine_fn="add")\n                        ^\n\n\nThe above exception was the direct cause of the following exception:\n\nTraceback (most recent call last):\n  File "/home/lijiaxing/.conda/envs/api/lib/python3.10/site-packages/triton/language/core.py", line 42, in wrapper\n    return fn(*args, **kwargs)\n  File "/home/lijiaxing/.conda/envs/api/lib/python3.10/site-packages/triton/language/core.py", line 2727, in associative_scan\n    return associative_scan((input, ), axis, combine_fn, reverse, _semantic=_semantic, _generator=_generator)[0]\n  File "/home/lijiaxing/.conda/envs/api/lib/python3.10/site-packages/triton/language/core.py", line 42, in wrapper\n    return fn(*args, **kwargs)\n  File "/home/lijiaxing/.conda/envs/api/lib/python3.10/site-packages/triton/language/core.py", line 2747, in associative_scan\n    return _semantic.associative_scan(input, axis, make_combine_region, reverse)\n  File "/home/lijiaxing/.conda/envs/api/lib/python3.10/site-packages/triton/language/semantic.py", line 1685, in associative_scan\n    region_builder_fn(scan_op)\n  File "/home/lijiaxing/.conda/envs/api/lib/python3.10/site-packages/triton/language/core.py", line 2737, in make_combine_region\n    results = _generator.call_JitFunction(combine_fn, args, kwargs={})\nAttributeError: \'constexpr\' object has no attribute \'fn\'\n', 'runtime_error_name': 'triton.compiler.errors.CompilationError', 'reference_timing_ms': 0.016, 'speed_up': -1.0, 'custom_timing': -1.0}, 'runtime': -1.0, 'runtime_stats': {}}}
2025-08-08 18:50:05,070 - openevolve.llm.ensemble - INFO - Sampled model: deepseek
2025-08-08 18:50:05,072 - openevolve.database - INFO - New MAP-Elites cell occupied: {'score': 9, 'complexity': 6}
2025-08-08 18:50:05,085 - openevolve.threaded_parallel - INFO - Iteration 11: Program 5a506469-1891-46a0-b166-4ba1ab6dcec4 (parent: 70ad6144-c5fa-4568-bfe0-c9a72c87ffa8) completed in 860.54s
2025-08-08 18:50:05,085 - openevolve.threaded_parallel - INFO - Metrics: compiled=1.0000, correctness=0.0000, score=10.0000, stage=wrong_answer, verify_payload={'id': 'level1_89_cumsum', 'result': {'compiled': True, 'correctness': False, 'metadata': {'hardware': 'NVIDIA L20Y', 'device': 'cuda:2', 'runtime_error': 'Traceback (most recent call last):\n  File "/home/lijiaxing/.conda/envs/api/lib/python3.10/site-packages/triton/language/core.py", line 42, in wrapper\n    return fn(*args, **kwargs)\n  File "/home/lijiaxing/.conda/envs/api/lib/python3.10/site-packages/triton/language/core.py", line 2727, in associative_scan\n    return associative_scan((input, ), axis, combine_fn, reverse, _semantic=_semantic, _generator=_generator)[0]\n  File "/home/lijiaxing/.conda/envs/api/lib/python3.10/site-packages/triton/language/core.py", line 42, in wrapper\n    return fn(*args, **kwargs)\n  File "/home/lijiaxing/.conda/envs/api/lib/python3.10/site-packages/triton/language/core.py", line 2747, in associative_scan\n    return _semantic.associative_scan(input, axis, make_combine_region, reverse)\n  File "/home/lijiaxing/.conda/envs/api/lib/python3.10/site-packages/triton/language/semantic.py", line 1685, in associative_scan\n    region_builder_fn(scan_op)\n  File "/home/lijiaxing/.conda/envs/api/lib/python3.10/site-packages/triton/language/core.py", line 2737, in make_combine_region\n    results = _generator.call_JitFunction(combine_fn, args, kwargs={})\nAttributeError: \'constexpr\' object has no attribute \'fn\'\n\nThe above exception was the direct cause of the following exception:\n\nTraceback (most recent call last):\n  File "/cpfs01/shared/llm_kernel/hujiakai/KernelLLM/validation_api_server/helpers/evaluations.py", line 720, in run_and_check_correctness\n    output_new = model_new(*inputs)\n  File "/home/lijiaxing/.conda/envs/api/lib/python3.10/site-packages/torch/nn/modules/module.py", line 1773, in _wrapped_call_impl\n    return self._call_impl(*args, **kwargs)\n  File "/home/lijiaxing/.conda/envs/api/lib/python3.10/site-packages/torch/nn/modules/module.py", line 1784, in _call_impl\n    return forward_call(*args, **kwargs)\n  File "/tmp/tmp3yq914er.py", line 61, in forward\n    _cumsum_kernel[grid](\n  File "/home/lijiaxing/.conda/envs/api/lib/python3.10/site-packages/triton/runtime/jit.py", line 390, in <lambda>\n    return lambda *args, **kwargs: self.run(grid=grid, warmup=False, *args, **kwargs)\n  File "/home/lijiaxing/.conda/envs/api/lib/python3.10/site-packages/triton/runtime/jit.py", line 594, in run\n    kernel = self.compile(src, target=target, options=options.__dict__)\n  File "/home/lijiaxing/.conda/envs/api/lib/python3.10/site-packages/triton/compiler/compiler.py", line 339, in compile\n    module = src.make_ir(options, codegen_fns, module_map, context)\n  File "/home/lijiaxing/.conda/envs/api/lib/python3.10/site-packages/triton/compiler/compiler.py", line 83, in make_ir\n    return ast_to_ttir(self.fn, self, context=context, options=options, codegen_fns=codegen_fns,\ntriton.compiler.errors.CompilationError: at 26:24:\n    cumulative = 0.0\n    num_chunks = tl.cdiv(row_len, BLOCK_SIZE)\n\n    for chunk_idx in range(0, num_chunks):\n        offs_chunk = chunk_idx * BLOCK_SIZE\n        offs = offs_chunk + tl.arange(0, BLOCK_SIZE)\n        mask = offs < row_len\n\n        x_ptrs = row_start_x + offs * stride_x_inner\n        chunk = tl.load(x_ptrs, mask=mask, other=0.0)\n\n        scanned_chunk = tl.associative_scan(chunk, axis=0, combine_fn="add")\n                        ^\n\n\nThe above exception was the direct cause of the following exception:\n\nTraceback (most recent call last):\n  File "/home/lijiaxing/.conda/envs/api/lib/python3.10/site-packages/triton/language/core.py", line 42, in wrapper\n    return fn(*args, **kwargs)\n  File "/home/lijiaxing/.conda/envs/api/lib/python3.10/site-packages/triton/language/core.py", line 2727, in associative_scan\n    return associative_scan((input, ), axis, combine_fn, reverse, _semantic=_semantic, _generator=_generator)[0]\n  File "/home/lijiaxing/.conda/envs/api/lib/python3.10/site-packages/triton/language/core.py", line 42, in wrapper\n    return fn(*args, **kwargs)\n  File "/home/lijiaxing/.conda/envs/api/lib/python3.10/site-packages/triton/language/core.py", line 2747, in associative_scan\n    return _semantic.associative_scan(input, axis, make_combine_region, reverse)\n  File "/home/lijiaxing/.conda/envs/api/lib/python3.10/site-packages/triton/language/semantic.py", line 1685, in associative_scan\n    region_builder_fn(scan_op)\n  File "/home/lijiaxing/.conda/envs/api/lib/python3.10/site-packages/triton/language/core.py", line 2737, in make_combine_region\n    results = _generator.call_JitFunction(combine_fn, args, kwargs={})\nAttributeError: \'constexpr\' object has no attribute \'fn\'\n', 'runtime_error_name': 'triton.compiler.errors.CompilationError', 'reference_timing_ms': 0.016, 'speed_up': -1.0, 'custom_timing': -1.0}, 'runtime': -1.0, 'runtime_stats': {}}}
2025-08-08 18:53:10,672 - openevolve.RemoteSpeedupEvaluator - INFO - [level1_89_cumsum] âœ˜ invalid_answer 'import triton' is not found
2025-08-08 18:53:10,673 - openevolve.evaluator - INFO - Evaluated program 8732746a-01b0-465a-a5de-c52c9bc563eb in 0.00s: compiled=0.0000, correctness=0.0000, score=-100.0000, stage=no_valid_triton_code, feedback=You need to generate real and valid triton code for the core function. The key word 'import triton' is not found.
2025-08-08 18:53:10,678 - openevolve.llm.ensemble - INFO - Sampled model: deepseek
2025-08-08 18:53:10,684 - openevolve.database - INFO - New MAP-Elites cell occupied: {'score': -1000, 'complexity': 0}
2025-08-08 18:53:10,684 - openevolve.database - INFO - MAP-Elites coverage reached 10.0% (10/100 cells)
2025-08-08 18:53:10,696 - openevolve.threaded_parallel - INFO - Iteration 15: Program 8732746a-01b0-465a-a5de-c52c9bc563eb (parent: 1f4a9690-69c4-4dac-b33c-a45e568065e8) completed in 185.60s
2025-08-08 18:53:10,696 - openevolve.threaded_parallel - INFO - Metrics: compiled=0.0000, correctness=0.0000, score=-100.0000, stage=no_valid_triton_code, feedback=You need to generate real and valid triton code for the core function. The key word 'import triton' is not found.
2025-08-08 18:53:10,696 - openevolve.threaded_parallel - INFO - Checkpoint interval reached at iteration 15
2025-08-08 18:53:10,697 - openevolve.database - INFO - Island Status:
2025-08-08 18:53:10,697 - openevolve.database - INFO -  * Island 0: 6 programs, best=20.0000, avg=10.0000, diversity=352.80, gen=5 (best: 7b6e3ef6-51cf-451b-a676-c128962bc791)
2025-08-08 18:53:10,697 - openevolve.database - INFO -    Island 1: 5 programs, best=10.0000, avg=10.0000, diversity=367.65, gen=5 (best: 958aa480-9b6b-4224-b545-ae8d9c076bcd)
2025-08-08 18:53:10,697 - openevolve.database - INFO -    Island 2: 4 programs, best=20.0000, avg=-15.0000, diversity=650.87, gen=4 (best: 8137885c-675f-4b7e-9b88-1c206b1d7c3c)
2025-08-08 18:53:10,868 - openevolve.database - INFO - Saved database with 15 programs to openevolve_output/level1_89_cumsum/checkpoints/checkpoint_15
2025-08-08 18:53:10,880 - openevolve.controller - INFO - Saved best program at checkpoint 15 with metrics: compiled=1.0000, correctness=1.0000, stage=success, passed=0.0000, score=20.0000, speed_up=0.3200, runtime_ms=0.0500, meta={'hardware': 'NVIDIA L20Y', 'device': 'cuda:2', 'correctness_trials': '(5 / 5)', 'reference_timing_ms': 0.016, 'speed_up': 0.32, 'custom_timing': 0.05}
2025-08-08 18:53:10,880 - openevolve.controller - INFO - Saved checkpoint at iteration 15 to openevolve_output/level1_89_cumsum/checkpoints/checkpoint_15
2025-08-08 18:57:38,174 - openevolve.RemoteSpeedupEvaluator - INFO - [level1_89_cumsum] triton key words check pass
2025-08-08 18:57:38,176 - openevolve.RemoteSpeedupEvaluator - INFO - [level1_89_cumsum] verify_plus payload: reference_code(1620 chars) + custom_code(1768 chars)
2025-08-08 18:57:50,078 - openevolve.RemoteSpeedupEvaluator - INFO - [level1_89_cumsum] verify_plus request success
2025-08-08 18:57:50,078 - openevolve.RemoteSpeedupEvaluator - INFO - [level1_89_cumsum] verify_plus response: {"id":"level1_89_cumsum","result":{"compiled":true,"correctness":true,"metadata":{"hardware":"NVIDIA L20Y","device":"cuda:2","correctness_trials":"(5 / 5)","reference_timing_ms":0.016,"speed_up":0.083,"custom_timing":0.193},"runtime":0.193,"runtime_stats":{"mean":0.193,"std":0.00225,"min":0.19,"max":0.205,"num_trials":100,"hardware":"NVIDIA L20Y","device":"cuda:2"}}}
2025-08-08 18:57:50,078 - openevolve.RemoteSpeedupEvaluator - INFO - [level1_89_cumsum] âœ” success | speed_up=0.083  score=20.00
2025-08-08 18:57:50,079 - openevolve.evaluator - INFO - Evaluated program f4032ab6-9ff4-4d8f-9586-34e81e7f0912 in 11.91s: compiled=1.0000, correctness=1.0000, stage=success, passed=0.0000, score=20.0000, speed_up=0.0830, runtime_ms=0.1930, meta={'hardware': 'NVIDIA L20Y', 'device': 'cuda:2', 'correctness_trials': '(5 / 5)', 'reference_timing_ms': 0.016, 'speed_up': 0.083, 'custom_timing': 0.193}
2025-08-08 18:57:50,084 - openevolve.llm.ensemble - INFO - Sampled model: deepseek
2025-08-08 18:57:50,099 - openevolve.threaded_parallel - INFO - Iteration 13: Program f4032ab6-9ff4-4d8f-9586-34e81e7f0912 (parent: 81ef5787-ac56-41d8-9086-32edf66156e1) completed in 601.76s
2025-08-08 18:57:50,099 - openevolve.threaded_parallel - INFO - Metrics: compiled=1.0000, correctness=1.0000, stage=success, passed=0.0000, score=20.0000, speed_up=0.0830, runtime_ms=0.1930, meta={'hardware': 'NVIDIA L20Y', 'device': 'cuda:2', 'correctness_trials': '(5 / 5)', 'reference_timing_ms': 0.016, 'speed_up': 0.083, 'custom_timing': 0.193}
2025-08-08 19:01:27,091 - openevolve.RemoteSpeedupEvaluator - INFO - [level1_89_cumsum] triton key words check pass
2025-08-08 19:01:27,093 - openevolve.RemoteSpeedupEvaluator - INFO - [level1_89_cumsum] verify_plus payload: reference_code(1620 chars) + custom_code(3545 chars)
2025-08-08 19:01:29,834 - openevolve.RemoteSpeedupEvaluator - INFO - [level1_89_cumsum] verify_plus request success
2025-08-08 19:01:29,835 - openevolve.RemoteSpeedupEvaluator - INFO - [level1_89_cumsum] verify_plus response: {"id":"level1_89_cumsum","result":{"compiled":true,"correctness":false,"metadata":{"hardware":"NVIDIA L20Y","device":"cuda:4","runtime_error":"Traceback (most recent call last):\n  File \"/home/lijiaxing/.conda/envs/api/lib/python3.10/site-packages/triton/language/core.py\", line 42, in wrapper\n    return fn(*args, **kwargs)\n  File \"/home/lijiaxing/.conda/envs/api/lib/python3.10/site-packages/triton/language/core.py\", line 2727, in associative_scan\n    return associative_scan((input, ), axis, combine_fn, reverse, _semantic=_semantic, _generator=_generator)[0]\n  File \"/home/lijiaxing/.conda/envs/api/lib/python3.10/site-packages/triton/language/core.py\", line 42, in wrapper\n    return fn(*args, **kwargs)\n  File \"/home/lijiaxing/.conda/envs/api/lib/python3.10/site-packages/triton/l
2025-08-08 19:01:29,835 - openevolve.RemoteSpeedupEvaluator - INFO - [level1_89_cumsum] âœ˜ wrong_answer
2025-08-08 19:01:29,835 - openevolve.evaluator - INFO - Evaluated program 1c2f1b06-d95e-4ea8-b1b8-c5e453a51160 in 2.74s: compiled=1.0000, correctness=0.0000, score=10.0000, stage=wrong_answer, verify_payload={'id': 'level1_89_cumsum', 'result': {'compiled': True, 'correctness': False, 'metadata': {'hardware': 'NVIDIA L20Y', 'device': 'cuda:4', 'runtime_error': 'Traceback (most recent call last):\n  File "/home/lijiaxing/.conda/envs/api/lib/python3.10/site-packages/triton/language/core.py", line 42, in wrapper\n    return fn(*args, **kwargs)\n  File "/home/lijiaxing/.conda/envs/api/lib/python3.10/site-packages/triton/language/core.py", line 2727, in associative_scan\n    return associative_scan((input, ), axis, combine_fn, reverse, _semantic=_semantic, _generator=_generator)[0]\n  File "/home/lijiaxing/.conda/envs/api/lib/python3.10/site-packages/triton/language/core.py", line 42, in wrapper\n    return fn(*args, **kwargs)\n  File "/home/lijiaxing/.conda/envs/api/lib/python3.10/site-packages/triton/language/core.py", line 2747, in associative_scan\n    return _semantic.associative_scan(input, axis, make_combine_region, reverse)\n  File "/home/lijiaxing/.conda/envs/api/lib/python3.10/site-packages/triton/language/semantic.py", line 1685, in associative_scan\n    region_builder_fn(scan_op)\n  File "/home/lijiaxing/.conda/envs/api/lib/python3.10/site-packages/triton/language/core.py", line 2737, in make_combine_region\n    results = _generator.call_JitFunction(combine_fn, args, kwargs={})\nAttributeError: \'function\' object has no attribute \'fn\'\n\nThe above exception was the direct cause of the following exception:\n\nTraceback (most recent call last):\n  File "/cpfs01/shared/llm_kernel/hujiakai/KernelLLM/validation_api_server/helpers/evaluations.py", line 720, in run_and_check_correctness\n    output_new = model_new(*inputs)\n  File "/home/lijiaxing/.conda/envs/api/lib/python3.10/site-packages/torch/nn/modules/module.py", line 1773, in _wrapped_call_impl\n    return self._call_impl(*args, **kwargs)\n  File "/home/lijiaxing/.conda/envs/api/lib/python3.10/site-packages/torch/nn/modules/module.py", line 1784, in _call_impl\n    return forward_call(*args, **kwargs)\n  File "/tmp/tmpe06h0gfu.py", line 80, in forward\n    _cumsum_kernel[grid](\n  File "/home/lijiaxing/.conda/envs/api/lib/python3.10/site-packages/triton/runtime/jit.py", line 390, in <lambda>\n    return lambda *args, **kwargs: self.run(grid=grid, warmup=False, *args, **kwargs)\n  File "/home/lijiaxing/.conda/envs/api/lib/python3.10/site-packages/triton/runtime/jit.py", line 594, in run\n    kernel = self.compile(src, target=target, options=options.__dict__)\n  File "/home/lijiaxing/.conda/envs/api/lib/python3.10/site-packages/triton/compiler/compiler.py", line 339, in compile\n    module = src.make_ir(options, codegen_fns, module_map, context)\n  File "/home/lijiaxing/.conda/envs/api/lib/python3.10/site-packages/triton/compiler/compiler.py", line 83, in make_ir\n    return ast_to_ttir(self.fn, self, context=context, options=options, codegen_fns=codegen_fns,\ntriton.compiler.errors.CompilationError: at 27:24:\n\n    for chunk_idx in range(0, num_chunks):\n        offs_chunk = chunk_idx * BLOCK_SIZE\n        offs = offs_chunk + tl.arange(0, BLOCK_SIZE)\n        mask = offs < L\n\n        # Pointers for the current chunk\n        x_ptrs = row_start_x + offs * stride_x_inner\n        chunk = tl.load(x_ptrs, mask=mask, other=0.0)\n\n        # Compute inclusive scan within the chunk\n        scanned_chunk = tl.associative_scan(chunk, axis=0, combine_fn=tl.add)\n                        ^\n\n\nThe above exception was the direct cause of the following exception:\n\nTraceback (most recent call last):\n  File "/home/lijiaxing/.conda/envs/api/lib/python3.10/site-packages/triton/language/core.py", line 42, in wrapper\n    return fn(*args, **kwargs)\n  File "/home/lijiaxing/.conda/envs/api/lib/python3.10/site-packages/triton/language/core.py", line 2727, in associative_scan\n    return associative_scan((input, ), axis, combine_fn, reverse, _semantic=_semantic, _generator=_generator)[0]\n  File "/home/lijiaxing/.conda/envs/api/lib/python3.10/site-packages/triton/language/core.py", line 42, in wrapper\n    return fn(*args, **kwargs)\n  File "/home/lijiaxing/.conda/envs/api/lib/python3.10/site-packages/triton/language/core.py", line 2747, in associative_scan\n    return _semantic.associative_scan(input, axis, make_combine_region, reverse)\n  File "/home/lijiaxing/.conda/envs/api/lib/python3.10/site-packages/triton/language/semantic.py", line 1685, in associative_scan\n    region_builder_fn(scan_op)\n  File "/home/lijiaxing/.conda/envs/api/lib/python3.10/site-packages/triton/language/core.py", line 2737, in make_combine_region\n    results = _generator.call_JitFunction(combine_fn, args, kwargs={})\nAttributeError: \'function\' object has no attribute \'fn\'\n', 'runtime_error_name': 'triton.compiler.errors.CompilationError', 'reference_timing_ms': 0.016, 'speed_up': -1.0, 'custom_timing': -1.0}, 'runtime': -1.0, 'runtime_stats': {}}}
2025-08-08 19:01:29,839 - openevolve.llm.ensemble - INFO - Sampled model: deepseek
2025-08-08 19:01:29,857 - openevolve.threaded_parallel - INFO - Iteration 14: Program 1c2f1b06-d95e-4ea8-b1b8-c5e453a51160 (parent: d3c90ebd-e082-4439-979d-4db67a7bdadf) completed in 810.36s
2025-08-08 19:01:29,857 - openevolve.threaded_parallel - INFO - Metrics: compiled=1.0000, correctness=0.0000, score=10.0000, stage=wrong_answer, verify_payload={'id': 'level1_89_cumsum', 'result': {'compiled': True, 'correctness': False, 'metadata': {'hardware': 'NVIDIA L20Y', 'device': 'cuda:4', 'runtime_error': 'Traceback (most recent call last):\n  File "/home/lijiaxing/.conda/envs/api/lib/python3.10/site-packages/triton/language/core.py", line 42, in wrapper\n    return fn(*args, **kwargs)\n  File "/home/lijiaxing/.conda/envs/api/lib/python3.10/site-packages/triton/language/core.py", line 2727, in associative_scan\n    return associative_scan((input, ), axis, combine_fn, reverse, _semantic=_semantic, _generator=_generator)[0]\n  File "/home/lijiaxing/.conda/envs/api/lib/python3.10/site-packages/triton/language/core.py", line 42, in wrapper\n    return fn(*args, **kwargs)\n  File "/home/lijiaxing/.conda/envs/api/lib/python3.10/site-packages/triton/language/core.py", line 2747, in associative_scan\n    return _semantic.associative_scan(input, axis, make_combine_region, reverse)\n  File "/home/lijiaxing/.conda/envs/api/lib/python3.10/site-packages/triton/language/semantic.py", line 1685, in associative_scan\n    region_builder_fn(scan_op)\n  File "/home/lijiaxing/.conda/envs/api/lib/python3.10/site-packages/triton/language/core.py", line 2737, in make_combine_region\n    results = _generator.call_JitFunction(combine_fn, args, kwargs={})\nAttributeError: \'function\' object has no attribute \'fn\'\n\nThe above exception was the direct cause of the following exception:\n\nTraceback (most recent call last):\n  File "/cpfs01/shared/llm_kernel/hujiakai/KernelLLM/validation_api_server/helpers/evaluations.py", line 720, in run_and_check_correctness\n    output_new = model_new(*inputs)\n  File "/home/lijiaxing/.conda/envs/api/lib/python3.10/site-packages/torch/nn/modules/module.py", line 1773, in _wrapped_call_impl\n    return self._call_impl(*args, **kwargs)\n  File "/home/lijiaxing/.conda/envs/api/lib/python3.10/site-packages/torch/nn/modules/module.py", line 1784, in _call_impl\n    return forward_call(*args, **kwargs)\n  File "/tmp/tmpe06h0gfu.py", line 80, in forward\n    _cumsum_kernel[grid](\n  File "/home/lijiaxing/.conda/envs/api/lib/python3.10/site-packages/triton/runtime/jit.py", line 390, in <lambda>\n    return lambda *args, **kwargs: self.run(grid=grid, warmup=False, *args, **kwargs)\n  File "/home/lijiaxing/.conda/envs/api/lib/python3.10/site-packages/triton/runtime/jit.py", line 594, in run\n    kernel = self.compile(src, target=target, options=options.__dict__)\n  File "/home/lijiaxing/.conda/envs/api/lib/python3.10/site-packages/triton/compiler/compiler.py", line 339, in compile\n    module = src.make_ir(options, codegen_fns, module_map, context)\n  File "/home/lijiaxing/.conda/envs/api/lib/python3.10/site-packages/triton/compiler/compiler.py", line 83, in make_ir\n    return ast_to_ttir(self.fn, self, context=context, options=options, codegen_fns=codegen_fns,\ntriton.compiler.errors.CompilationError: at 27:24:\n\n    for chunk_idx in range(0, num_chunks):\n        offs_chunk = chunk_idx * BLOCK_SIZE\n        offs = offs_chunk + tl.arange(0, BLOCK_SIZE)\n        mask = offs < L\n\n        # Pointers for the current chunk\n        x_ptrs = row_start_x + offs * stride_x_inner\n        chunk = tl.load(x_ptrs, mask=mask, other=0.0)\n\n        # Compute inclusive scan within the chunk\n        scanned_chunk = tl.associative_scan(chunk, axis=0, combine_fn=tl.add)\n                        ^\n\n\nThe above exception was the direct cause of the following exception:\n\nTraceback (most recent call last):\n  File "/home/lijiaxing/.conda/envs/api/lib/python3.10/site-packages/triton/language/core.py", line 42, in wrapper\n    return fn(*args, **kwargs)\n  File "/home/lijiaxing/.conda/envs/api/lib/python3.10/site-packages/triton/language/core.py", line 2727, in associative_scan\n    return associative_scan((input, ), axis, combine_fn, reverse, _semantic=_semantic, _generator=_generator)[0]\n  File "/home/lijiaxing/.conda/envs/api/lib/python3.10/site-packages/triton/language/core.py", line 42, in wrapper\n    return fn(*args, **kwargs)\n  File "/home/lijiaxing/.conda/envs/api/lib/python3.10/site-packages/triton/language/core.py", line 2747, in associative_scan\n    return _semantic.associative_scan(input, axis, make_combine_region, reverse)\n  File "/home/lijiaxing/.conda/envs/api/lib/python3.10/site-packages/triton/language/semantic.py", line 1685, in associative_scan\n    region_builder_fn(scan_op)\n  File "/home/lijiaxing/.conda/envs/api/lib/python3.10/site-packages/triton/language/core.py", line 2737, in make_combine_region\n    results = _generator.call_JitFunction(combine_fn, args, kwargs={})\nAttributeError: \'function\' object has no attribute \'fn\'\n', 'runtime_error_name': 'triton.compiler.errors.CompilationError', 'reference_timing_ms': 0.016, 'speed_up': -1.0, 'custom_timing': -1.0}, 'runtime': -1.0, 'runtime_stats': {}}}
2025-08-08 19:12:38,112 - openevolve.RemoteSpeedupEvaluator - INFO - [level1_89_cumsum] triton key words check pass
2025-08-08 19:12:38,113 - openevolve.RemoteSpeedupEvaluator - INFO - [level1_89_cumsum] triton key words check pass
2025-08-08 19:12:38,114 - openevolve.RemoteSpeedupEvaluator - INFO - [level1_89_cumsum] verify_plus payload: reference_code(1620 chars) + custom_code(1424 chars)
2025-08-08 19:12:38,114 - openevolve.RemoteSpeedupEvaluator - INFO - [level1_89_cumsum] verify_plus payload: reference_code(1620 chars) + custom_code(2065 chars)
2025-08-08 19:12:44,730 - openevolve.RemoteSpeedupEvaluator - INFO - [level1_89_cumsum] verify_plus request success
2025-08-08 19:12:44,731 - openevolve.RemoteSpeedupEvaluator - INFO - [level1_89_cumsum] verify_plus response: {"id":"level1_89_cumsum","result":{"compiled":true,"correctness":false,"metadata":{"hardware":"NVIDIA L20Y","device":"cuda:7","runtime_error":"Traceback (most recent call last):\n  File \"/home/lijiaxing/.conda/envs/api/lib/python3.10/site-packages/triton/language/core.py\", line 42, in wrapper\n    return fn(*args, **kwargs)\n  File \"/home/lijiaxing/.conda/envs/api/lib/python3.10/site-packages/triton/language/core.py\", line 2727, in associative_scan\n    return associative_scan((input, ), axis, combine_fn, reverse, _semantic=_semantic, _generator=_generator)[0]\n  File \"/home/lijiaxing/.conda/envs/api/lib/python3.10/site-packages/triton/language/core.py\", line 42, in wrapper\n    return fn(*args, **kwargs)\n  File \"/home/lijiaxing/.conda/envs/api/lib/python3.10/site-packages/triton/l
2025-08-08 19:12:44,731 - openevolve.RemoteSpeedupEvaluator - INFO - [level1_89_cumsum] âœ˜ wrong_answer
2025-08-08 19:12:44,731 - openevolve.evaluator - INFO - Evaluated program 510f619b-44bb-4a2f-966f-210b94268c3b in 6.62s: compiled=1.0000, correctness=0.0000, score=10.0000, stage=wrong_answer, verify_payload={'id': 'level1_89_cumsum', 'result': {'compiled': True, 'correctness': False, 'metadata': {'hardware': 'NVIDIA L20Y', 'device': 'cuda:7', 'runtime_error': 'Traceback (most recent call last):\n  File "/home/lijiaxing/.conda/envs/api/lib/python3.10/site-packages/triton/language/core.py", line 42, in wrapper\n    return fn(*args, **kwargs)\n  File "/home/lijiaxing/.conda/envs/api/lib/python3.10/site-packages/triton/language/core.py", line 2727, in associative_scan\n    return associative_scan((input, ), axis, combine_fn, reverse, _semantic=_semantic, _generator=_generator)[0]\n  File "/home/lijiaxing/.conda/envs/api/lib/python3.10/site-packages/triton/language/core.py", line 42, in wrapper\n    return fn(*args, **kwargs)\n  File "/home/lijiaxing/.conda/envs/api/lib/python3.10/site-packages/triton/language/core.py", line 2747, in associative_scan\n    return _semantic.associative_scan(input, axis, make_combine_region, reverse)\n  File "/home/lijiaxing/.conda/envs/api/lib/python3.10/site-packages/triton/language/semantic.py", line 1685, in associative_scan\n    region_builder_fn(scan_op)\n  File "/home/lijiaxing/.conda/envs/api/lib/python3.10/site-packages/triton/language/core.py", line 2737, in make_combine_region\n    results = _generator.call_JitFunction(combine_fn, args, kwargs={})\nAttributeError: \'function\' object has no attribute \'fn\'\n\nThe above exception was the direct cause of the following exception:\n\nTraceback (most recent call last):\n  File "/cpfs01/shared/llm_kernel/hujiakai/KernelLLM/validation_api_server/helpers/evaluations.py", line 720, in run_and_check_correctness\n    output_new = model_new(*inputs)\n  File "/home/lijiaxing/.conda/envs/api/lib/python3.10/site-packages/torch/nn/modules/module.py", line 1773, in _wrapped_call_impl\n    return self._call_impl(*args, **kwargs)\n  File "/home/lijiaxing/.conda/envs/api/lib/python3.10/site-packages/torch/nn/modules/module.py", line 1784, in _call_impl\n    return forward_call(*args, **kwargs)\n  File "/tmp/tmp2eiwi8zx.py", line 55, in forward\n    _cumsum_kernel[grid](\n  File "/home/lijiaxing/.conda/envs/api/lib/python3.10/site-packages/triton/runtime/jit.py", line 390, in <lambda>\n    return lambda *args, **kwargs: self.run(grid=grid, warmup=False, *args, **kwargs)\n  File "/home/lijiaxing/.conda/envs/api/lib/python3.10/site-packages/triton/runtime/jit.py", line 594, in run\n    kernel = self.compile(src, target=target, options=options.__dict__)\n  File "/home/lijiaxing/.conda/envs/api/lib/python3.10/site-packages/triton/compiler/compiler.py", line 339, in compile\n    module = src.make_ir(options, codegen_fns, module_map, context)\n  File "/home/lijiaxing/.conda/envs/api/lib/python3.10/site-packages/triton/compiler/compiler.py", line 83, in make_ir\n    return ast_to_ttir(self.fn, self, context=context, options=options, codegen_fns=codegen_fns,\ntriton.compiler.errors.CompilationError: at 23:14:\n    row_start_x = x_ptr + pid * stride_x_row\n    row_start_out = out_ptr + pid * stride_out_row\n\n    # Create offsets and mask for the row\n    offsets = tl.arange(0, BLOCK_SIZE)\n    mask = offsets < L\n\n    # Load entire row (padding beyond L is 0)\n    row = tl.load(row_start_x + offsets * stride_x_inner, mask=mask, other=0.0)\n\n    # Perform parallel inclusive scan\n    scanned = tl.associative_scan(row, axis=0, combine_fn=tl.add)\n              ^\n\n\nThe above exception was the direct cause of the following exception:\n\nTraceback (most recent call last):\n  File "/home/lijiaxing/.conda/envs/api/lib/python3.10/site-packages/triton/language/core.py", line 42, in wrapper\n    return fn(*args, **kwargs)\n  File "/home/lijiaxing/.conda/envs/api/lib/python3.10/site-packages/triton/language/core.py", line 2727, in associative_scan\n    return associative_scan((input, ), axis, combine_fn, reverse, _semantic=_semantic, _generator=_generator)[0]\n  File "/home/lijiaxing/.conda/envs/api/lib/python3.10/site-packages/triton/language/core.py", line 42, in wrapper\n    return fn(*args, **kwargs)\n  File "/home/lijiaxing/.conda/envs/api/lib/python3.10/site-packages/triton/language/core.py", line 2747, in associative_scan\n    return _semantic.associative_scan(input, axis, make_combine_region, reverse)\n  File "/home/lijiaxing/.conda/envs/api/lib/python3.10/site-packages/triton/language/semantic.py", line 1685, in associative_scan\n    region_builder_fn(scan_op)\n  File "/home/lijiaxing/.conda/envs/api/lib/python3.10/site-packages/triton/language/core.py", line 2737, in make_combine_region\n    results = _generator.call_JitFunction(combine_fn, args, kwargs={})\nAttributeError: \'function\' object has no attribute \'fn\'\n', 'runtime_error_name': 'triton.compiler.errors.CompilationError', 'reference_timing_ms': 0.016, 'speed_up': -1.0, 'custom_timing': -1.0}, 'runtime': -1.0, 'runtime_stats': {}}}
2025-08-08 19:12:44,735 - openevolve.llm.ensemble - INFO - Sampled model: deepseek
2025-08-08 19:12:44,748 - openevolve.threaded_parallel - INFO - Iteration 16: Program 510f619b-44bb-4a2f-966f-210b94268c3b (parent: e7db9a06-133c-4184-8261-0910119247f5) completed in 1174.05s
2025-08-08 19:12:44,748 - openevolve.threaded_parallel - INFO - Metrics: compiled=1.0000, correctness=0.0000, score=10.0000, stage=wrong_answer, verify_payload={'id': 'level1_89_cumsum', 'result': {'compiled': True, 'correctness': False, 'metadata': {'hardware': 'NVIDIA L20Y', 'device': 'cuda:7', 'runtime_error': 'Traceback (most recent call last):\n  File "/home/lijiaxing/.conda/envs/api/lib/python3.10/site-packages/triton/language/core.py", line 42, in wrapper\n    return fn(*args, **kwargs)\n  File "/home/lijiaxing/.conda/envs/api/lib/python3.10/site-packages/triton/language/core.py", line 2727, in associative_scan\n    return associative_scan((input, ), axis, combine_fn, reverse, _semantic=_semantic, _generator=_generator)[0]\n  File "/home/lijiaxing/.conda/envs/api/lib/python3.10/site-packages/triton/language/core.py", line 42, in wrapper\n    return fn(*args, **kwargs)\n  File "/home/lijiaxing/.conda/envs/api/lib/python3.10/site-packages/triton/language/core.py", line 2747, in associative_scan\n    return _semantic.associative_scan(input, axis, make_combine_region, reverse)\n  File "/home/lijiaxing/.conda/envs/api/lib/python3.10/site-packages/triton/language/semantic.py", line 1685, in associative_scan\n    region_builder_fn(scan_op)\n  File "/home/lijiaxing/.conda/envs/api/lib/python3.10/site-packages/triton/language/core.py", line 2737, in make_combine_region\n    results = _generator.call_JitFunction(combine_fn, args, kwargs={})\nAttributeError: \'function\' object has no attribute \'fn\'\n\nThe above exception was the direct cause of the following exception:\n\nTraceback (most recent call last):\n  File "/cpfs01/shared/llm_kernel/hujiakai/KernelLLM/validation_api_server/helpers/evaluations.py", line 720, in run_and_check_correctness\n    output_new = model_new(*inputs)\n  File "/home/lijiaxing/.conda/envs/api/lib/python3.10/site-packages/torch/nn/modules/module.py", line 1773, in _wrapped_call_impl\n    return self._call_impl(*args, **kwargs)\n  File "/home/lijiaxing/.conda/envs/api/lib/python3.10/site-packages/torch/nn/modules/module.py", line 1784, in _call_impl\n    return forward_call(*args, **kwargs)\n  File "/tmp/tmp2eiwi8zx.py", line 55, in forward\n    _cumsum_kernel[grid](\n  File "/home/lijiaxing/.conda/envs/api/lib/python3.10/site-packages/triton/runtime/jit.py", line 390, in <lambda>\n    return lambda *args, **kwargs: self.run(grid=grid, warmup=False, *args, **kwargs)\n  File "/home/lijiaxing/.conda/envs/api/lib/python3.10/site-packages/triton/runtime/jit.py", line 594, in run\n    kernel = self.compile(src, target=target, options=options.__dict__)\n  File "/home/lijiaxing/.conda/envs/api/lib/python3.10/site-packages/triton/compiler/compiler.py", line 339, in compile\n    module = src.make_ir(options, codegen_fns, module_map, context)\n  File "/home/lijiaxing/.conda/envs/api/lib/python3.10/site-packages/triton/compiler/compiler.py", line 83, in make_ir\n    return ast_to_ttir(self.fn, self, context=context, options=options, codegen_fns=codegen_fns,\ntriton.compiler.errors.CompilationError: at 23:14:\n    row_start_x = x_ptr + pid * stride_x_row\n    row_start_out = out_ptr + pid * stride_out_row\n\n    # Create offsets and mask for the row\n    offsets = tl.arange(0, BLOCK_SIZE)\n    mask = offsets < L\n\n    # Load entire row (padding beyond L is 0)\n    row = tl.load(row_start_x + offsets * stride_x_inner, mask=mask, other=0.0)\n\n    # Perform parallel inclusive scan\n    scanned = tl.associative_scan(row, axis=0, combine_fn=tl.add)\n              ^\n\n\nThe above exception was the direct cause of the following exception:\n\nTraceback (most recent call last):\n  File "/home/lijiaxing/.conda/envs/api/lib/python3.10/site-packages/triton/language/core.py", line 42, in wrapper\n    return fn(*args, **kwargs)\n  File "/home/lijiaxing/.conda/envs/api/lib/python3.10/site-packages/triton/language/core.py", line 2727, in associative_scan\n    return associative_scan((input, ), axis, combine_fn, reverse, _semantic=_semantic, _generator=_generator)[0]\n  File "/home/lijiaxing/.conda/envs/api/lib/python3.10/site-packages/triton/language/core.py", line 42, in wrapper\n    return fn(*args, **kwargs)\n  File "/home/lijiaxing/.conda/envs/api/lib/python3.10/site-packages/triton/language/core.py", line 2747, in associative_scan\n    return _semantic.associative_scan(input, axis, make_combine_region, reverse)\n  File "/home/lijiaxing/.conda/envs/api/lib/python3.10/site-packages/triton/language/semantic.py", line 1685, in associative_scan\n    region_builder_fn(scan_op)\n  File "/home/lijiaxing/.conda/envs/api/lib/python3.10/site-packages/triton/language/core.py", line 2737, in make_combine_region\n    results = _generator.call_JitFunction(combine_fn, args, kwargs={})\nAttributeError: \'function\' object has no attribute \'fn\'\n', 'runtime_error_name': 'triton.compiler.errors.CompilationError', 'reference_timing_ms': 0.016, 'speed_up': -1.0, 'custom_timing': -1.0}, 'runtime': -1.0, 'runtime_stats': {}}}
2025-08-08 19:12:44,846 - openevolve.RemoteSpeedupEvaluator - INFO - [level1_89_cumsum] verify_plus request success
2025-08-08 19:12:44,846 - openevolve.RemoteSpeedupEvaluator - INFO - [level1_89_cumsum] verify_plus response: {"id":"level1_89_cumsum","result":{"compiled":true,"correctness":false,"metadata":{"hardware":"NVIDIA L20Y","device":"cuda:5","runtime_error":"Traceback (most recent call last):\n  File \"/home/lijiaxing/.conda/envs/api/lib/python3.10/site-packages/triton/language/core.py\", line 42, in wrapper\n    return fn(*args, **kwargs)\n  File \"/home/lijiaxing/.conda/envs/api/lib/python3.10/site-packages/triton/language/core.py\", line 2727, in associative_scan\n    return associative_scan((input, ), axis, combine_fn, reverse, _semantic=_semantic, _generator=_generator)[0]\n  File \"/home/lijiaxing/.conda/envs/api/lib/python3.10/site-packages/triton/language/core.py\", line 42, in wrapper\n    return fn(*args, **kwargs)\n  File \"/home/lijiaxing/.conda/envs/api/lib/python3.10/site-packages/triton/l
2025-08-08 19:12:44,846 - openevolve.RemoteSpeedupEvaluator - INFO - [level1_89_cumsum] âœ˜ wrong_answer
2025-08-08 19:12:44,847 - openevolve.evaluator - INFO - Evaluated program 3f114d79-888f-4402-ab19-65288e28a854 in 6.74s: compiled=1.0000, correctness=0.0000, score=10.0000, stage=wrong_answer, verify_payload={'id': 'level1_89_cumsum', 'result': {'compiled': True, 'correctness': False, 'metadata': {'hardware': 'NVIDIA L20Y', 'device': 'cuda:5', 'runtime_error': 'Traceback (most recent call last):\n  File "/home/lijiaxing/.conda/envs/api/lib/python3.10/site-packages/triton/language/core.py", line 42, in wrapper\n    return fn(*args, **kwargs)\n  File "/home/lijiaxing/.conda/envs/api/lib/python3.10/site-packages/triton/language/core.py", line 2727, in associative_scan\n    return associative_scan((input, ), axis, combine_fn, reverse, _semantic=_semantic, _generator=_generator)[0]\n  File "/home/lijiaxing/.conda/envs/api/lib/python3.10/site-packages/triton/language/core.py", line 42, in wrapper\n    return fn(*args, **kwargs)\n  File "/home/lijiaxing/.conda/envs/api/lib/python3.10/site-packages/triton/language/core.py", line 2747, in associative_scan\n    return _semantic.associative_scan(input, axis, make_combine_region, reverse)\n  File "/home/lijiaxing/.conda/envs/api/lib/python3.10/site-packages/triton/language/semantic.py", line 1685, in associative_scan\n    region_builder_fn(scan_op)\n  File "/home/lijiaxing/.conda/envs/api/lib/python3.10/site-packages/triton/language/core.py", line 2737, in make_combine_region\n    results = _generator.call_JitFunction(combine_fn, args, kwargs={})\nAttributeError: \'constexpr\' object has no attribute \'fn\'\n\nThe above exception was the direct cause of the following exception:\n\nTraceback (most recent call last):\n  File "/cpfs01/shared/llm_kernel/hujiakai/KernelLLM/validation_api_server/helpers/evaluations.py", line 720, in run_and_check_correctness\n    output_new = model_new(*inputs)\n  File "/home/lijiaxing/.conda/envs/api/lib/python3.10/site-packages/torch/nn/modules/module.py", line 1773, in _wrapped_call_impl\n    return self._call_impl(*args, **kwargs)\n  File "/home/lijiaxing/.conda/envs/api/lib/python3.10/site-packages/torch/nn/modules/module.py", line 1784, in _call_impl\n    return forward_call(*args, **kwargs)\n  File "/tmp/tmpdq7fvseq.py", line 39, in forward\n    cumsum_kernel[grid](x, output, n_cols, BLOCK_SIZE=triton.next_power_of_2(n_cols))\n  File "/home/lijiaxing/.conda/envs/api/lib/python3.10/site-packages/triton/runtime/jit.py", line 390, in <lambda>\n    return lambda *args, **kwargs: self.run(grid=grid, warmup=False, *args, **kwargs)\n  File "/home/lijiaxing/.conda/envs/api/lib/python3.10/site-packages/triton/runtime/jit.py", line 594, in run\n    kernel = self.compile(src, target=target, options=options.__dict__)\n  File "/home/lijiaxing/.conda/envs/api/lib/python3.10/site-packages/triton/compiler/compiler.py", line 339, in compile\n    module = src.make_ir(options, codegen_fns, module_map, context)\n  File "/home/lijiaxing/.conda/envs/api/lib/python3.10/site-packages/triton/compiler/compiler.py", line 83, in make_ir\n    return ast_to_ttir(self.fn, self, context=context, options=options, codegen_fns=codegen_fns,\ntriton.compiler.errors.CompilationError: at 16:13:\n    BLOCK_SIZE: tl.constexpr\n):\n    row_idx = tl.program_id(0)\n    start = row_idx * n_cols\n    offsets = start + tl.arange(0, BLOCK_SIZE)\n    mask = tl.arange(0, BLOCK_SIZE) < n_cols\n\n    # Load data with boundary checks\n    data = tl.load(input_ptr + offsets, mask=mask, other=0.0)\n\n    # Compute inclusive prefix sum using parallel associative scan\n    result = tl.associative_scan(data, axis=0, combine_fn="add")\n             ^\n\n\nThe above exception was the direct cause of the following exception:\n\nTraceback (most recent call last):\n  File "/home/lijiaxing/.conda/envs/api/lib/python3.10/site-packages/triton/language/core.py", line 42, in wrapper\n    return fn(*args, **kwargs)\n  File "/home/lijiaxing/.conda/envs/api/lib/python3.10/site-packages/triton/language/core.py", line 2727, in associative_scan\n    return associative_scan((input, ), axis, combine_fn, reverse, _semantic=_semantic, _generator=_generator)[0]\n  File "/home/lijiaxing/.conda/envs/api/lib/python3.10/site-packages/triton/language/core.py", line 42, in wrapper\n    return fn(*args, **kwargs)\n  File "/home/lijiaxing/.conda/envs/api/lib/python3.10/site-packages/triton/language/core.py", line 2747, in associative_scan\n    return _semantic.associative_scan(input, axis, make_combine_region, reverse)\n  File "/home/lijiaxing/.conda/envs/api/lib/python3.10/site-packages/triton/language/semantic.py", line 1685, in associative_scan\n    region_builder_fn(scan_op)\n  File "/home/lijiaxing/.conda/envs/api/lib/python3.10/site-packages/triton/language/core.py", line 2737, in make_combine_region\n    results = _generator.call_JitFunction(combine_fn, args, kwargs={})\nAttributeError: \'constexpr\' object has no attribute \'fn\'\n', 'runtime_error_name': 'triton.compiler.errors.CompilationError', 'reference_timing_ms': 0.016, 'speed_up': -1.0, 'custom_timing': -1.0}, 'runtime': -1.0, 'runtime_stats': {}}}
2025-08-08 19:12:44,851 - openevolve.llm.ensemble - INFO - Sampled model: deepseek
2025-08-08 19:12:44,861 - openevolve.threaded_parallel - INFO - Iteration 18: Program 3f114d79-888f-4402-ab19-65288e28a854 (parent: 958aa480-9b6b-4224-b545-ae8d9c076bcd) completed in 675.01s
2025-08-08 19:12:44,861 - openevolve.threaded_parallel - INFO - Metrics: compiled=1.0000, correctness=0.0000, score=10.0000, stage=wrong_answer, verify_payload={'id': 'level1_89_cumsum', 'result': {'compiled': True, 'correctness': False, 'metadata': {'hardware': 'NVIDIA L20Y', 'device': 'cuda:5', 'runtime_error': 'Traceback (most recent call last):\n  File "/home/lijiaxing/.conda/envs/api/lib/python3.10/site-packages/triton/language/core.py", line 42, in wrapper\n    return fn(*args, **kwargs)\n  File "/home/lijiaxing/.conda/envs/api/lib/python3.10/site-packages/triton/language/core.py", line 2727, in associative_scan\n    return associative_scan((input, ), axis, combine_fn, reverse, _semantic=_semantic, _generator=_generator)[0]\n  File "/home/lijiaxing/.conda/envs/api/lib/python3.10/site-packages/triton/language/core.py", line 42, in wrapper\n    return fn(*args, **kwargs)\n  File "/home/lijiaxing/.conda/envs/api/lib/python3.10/site-packages/triton/language/core.py", line 2747, in associative_scan\n    return _semantic.associative_scan(input, axis, make_combine_region, reverse)\n  File "/home/lijiaxing/.conda/envs/api/lib/python3.10/site-packages/triton/language/semantic.py", line 1685, in associative_scan\n    region_builder_fn(scan_op)\n  File "/home/lijiaxing/.conda/envs/api/lib/python3.10/site-packages/triton/language/core.py", line 2737, in make_combine_region\n    results = _generator.call_JitFunction(combine_fn, args, kwargs={})\nAttributeError: \'constexpr\' object has no attribute \'fn\'\n\nThe above exception was the direct cause of the following exception:\n\nTraceback (most recent call last):\n  File "/cpfs01/shared/llm_kernel/hujiakai/KernelLLM/validation_api_server/helpers/evaluations.py", line 720, in run_and_check_correctness\n    output_new = model_new(*inputs)\n  File "/home/lijiaxing/.conda/envs/api/lib/python3.10/site-packages/torch/nn/modules/module.py", line 1773, in _wrapped_call_impl\n    return self._call_impl(*args, **kwargs)\n  File "/home/lijiaxing/.conda/envs/api/lib/python3.10/site-packages/torch/nn/modules/module.py", line 1784, in _call_impl\n    return forward_call(*args, **kwargs)\n  File "/tmp/tmpdq7fvseq.py", line 39, in forward\n    cumsum_kernel[grid](x, output, n_cols, BLOCK_SIZE=triton.next_power_of_2(n_cols))\n  File "/home/lijiaxing/.conda/envs/api/lib/python3.10/site-packages/triton/runtime/jit.py", line 390, in <lambda>\n    return lambda *args, **kwargs: self.run(grid=grid, warmup=False, *args, **kwargs)\n  File "/home/lijiaxing/.conda/envs/api/lib/python3.10/site-packages/triton/runtime/jit.py", line 594, in run\n    kernel = self.compile(src, target=target, options=options.__dict__)\n  File "/home/lijiaxing/.conda/envs/api/lib/python3.10/site-packages/triton/compiler/compiler.py", line 339, in compile\n    module = src.make_ir(options, codegen_fns, module_map, context)\n  File "/home/lijiaxing/.conda/envs/api/lib/python3.10/site-packages/triton/compiler/compiler.py", line 83, in make_ir\n    return ast_to_ttir(self.fn, self, context=context, options=options, codegen_fns=codegen_fns,\ntriton.compiler.errors.CompilationError: at 16:13:\n    BLOCK_SIZE: tl.constexpr\n):\n    row_idx = tl.program_id(0)\n    start = row_idx * n_cols\n    offsets = start + tl.arange(0, BLOCK_SIZE)\n    mask = tl.arange(0, BLOCK_SIZE) < n_cols\n\n    # Load data with boundary checks\n    data = tl.load(input_ptr + offsets, mask=mask, other=0.0)\n\n    # Compute inclusive prefix sum using parallel associative scan\n    result = tl.associative_scan(data, axis=0, combine_fn="add")\n             ^\n\n\nThe above exception was the direct cause of the following exception:\n\nTraceback (most recent call last):\n  File "/home/lijiaxing/.conda/envs/api/lib/python3.10/site-packages/triton/language/core.py", line 42, in wrapper\n    return fn(*args, **kwargs)\n  File "/home/lijiaxing/.conda/envs/api/lib/python3.10/site-packages/triton/language/core.py", line 2727, in associative_scan\n    return associative_scan((input, ), axis, combine_fn, reverse, _semantic=_semantic, _generator=_generator)[0]\n  File "/home/lijiaxing/.conda/envs/api/lib/python3.10/site-packages/triton/language/core.py", line 42, in wrapper\n    return fn(*args, **kwargs)\n  File "/home/lijiaxing/.conda/envs/api/lib/python3.10/site-packages/triton/language/core.py", line 2747, in associative_scan\n    return _semantic.associative_scan(input, axis, make_combine_region, reverse)\n  File "/home/lijiaxing/.conda/envs/api/lib/python3.10/site-packages/triton/language/semantic.py", line 1685, in associative_scan\n    region_builder_fn(scan_op)\n  File "/home/lijiaxing/.conda/envs/api/lib/python3.10/site-packages/triton/language/core.py", line 2737, in make_combine_region\n    results = _generator.call_JitFunction(combine_fn, args, kwargs={})\nAttributeError: \'constexpr\' object has no attribute \'fn\'\n', 'runtime_error_name': 'triton.compiler.errors.CompilationError', 'reference_timing_ms': 0.016, 'speed_up': -1.0, 'custom_timing': -1.0}, 'runtime': -1.0, 'runtime_stats': {}}}
2025-08-08 19:12:44,861 - openevolve.threaded_parallel - INFO - Checkpoint interval reached at iteration 18
2025-08-08 19:12:44,862 - openevolve.database - INFO - Island Status:
2025-08-08 19:12:44,862 - openevolve.database - INFO -    Island 0: 8 programs, best=20.0000, avg=11.2500, diversity=379.30, gen=6 (best: 7b6e3ef6-51cf-451b-a676-c128962bc791)
2025-08-08 19:12:44,862 - openevolve.database - INFO -  * Island 1: 6 programs, best=10.0000, avg=10.0000, diversity=434.98, gen=7 (best: 958aa480-9b6b-4224-b545-ae8d9c076bcd)
2025-08-08 19:12:44,862 - openevolve.database - INFO -    Island 2: 5 programs, best=20.0000, avg=-10.0000, diversity=410.20, gen=5 (best: 8137885c-675f-4b7e-9b88-1c206b1d7c3c)
2025-08-08 19:12:45,080 - openevolve.database - INFO - Saved database with 19 programs to openevolve_output/level1_89_cumsum/checkpoints/checkpoint_18
2025-08-08 19:12:45,091 - openevolve.controller - INFO - Saved best program at checkpoint 18 with metrics: compiled=1.0000, correctness=1.0000, stage=success, passed=0.0000, score=20.0000, speed_up=0.3200, runtime_ms=0.0500, meta={'hardware': 'NVIDIA L20Y', 'device': 'cuda:2', 'correctness_trials': '(5 / 5)', 'reference_timing_ms': 0.016, 'speed_up': 0.32, 'custom_timing': 0.05}
2025-08-08 19:12:45,091 - openevolve.controller - INFO - Saved checkpoint at iteration 18 to openevolve_output/level1_89_cumsum/checkpoints/checkpoint_18
2025-08-08 19:16:18,970 - openevolve.RemoteSpeedupEvaluator - INFO - [level1_89_cumsum] triton key words check pass
2025-08-08 19:16:18,972 - openevolve.RemoteSpeedupEvaluator - INFO - [level1_89_cumsum] verify_plus payload: reference_code(1620 chars) + custom_code(1951 chars)
2025-08-08 19:16:21,768 - openevolve.RemoteSpeedupEvaluator - INFO - [level1_89_cumsum] verify_plus request success
2025-08-08 19:16:21,768 - openevolve.RemoteSpeedupEvaluator - INFO - [level1_89_cumsum] verify_plus response: {"id":"level1_89_cumsum","result":{"compiled":true,"correctness":false,"metadata":{"hardware":"NVIDIA L20Y","device":"cuda:4","runtime_error":"Traceback (most recent call last):\n  File \"/home/lijiaxing/.conda/envs/api/lib/python3.10/site-packages/triton/language/core.py\", line 42, in wrapper\n    return fn(*args, **kwargs)\n  File \"/home/lijiaxing/.conda/envs/api/lib/python3.10/site-packages/triton/language/core.py\", line 2727, in associative_scan\n    return associative_scan((input, ), axis, combine_fn, reverse, _semantic=_semantic, _generator=_generator)[0]\n  File \"/home/lijiaxing/.conda/envs/api/lib/python3.10/site-packages/triton/language/core.py\", line 42, in wrapper\n    return fn(*args, **kwargs)\n  File \"/home/lijiaxing/.conda/envs/api/lib/python3.10/site-packages/triton/l
2025-08-08 19:16:21,768 - openevolve.RemoteSpeedupEvaluator - INFO - [level1_89_cumsum] âœ˜ wrong_answer
2025-08-08 19:16:21,769 - openevolve.evaluator - INFO - Evaluated program df3103a3-6c77-4459-bed4-ca6972a0f8c7 in 2.80s: compiled=1.0000, correctness=0.0000, score=10.0000, stage=wrong_answer, verify_payload={'id': 'level1_89_cumsum', 'result': {'compiled': True, 'correctness': False, 'metadata': {'hardware': 'NVIDIA L20Y', 'device': 'cuda:4', 'runtime_error': 'Traceback (most recent call last):\n  File "/home/lijiaxing/.conda/envs/api/lib/python3.10/site-packages/triton/language/core.py", line 42, in wrapper\n    return fn(*args, **kwargs)\n  File "/home/lijiaxing/.conda/envs/api/lib/python3.10/site-packages/triton/language/core.py", line 2727, in associative_scan\n    return associative_scan((input, ), axis, combine_fn, reverse, _semantic=_semantic, _generator=_generator)[0]\n  File "/home/lijiaxing/.conda/envs/api/lib/python3.10/site-packages/triton/language/core.py", line 42, in wrapper\n    return fn(*args, **kwargs)\n  File "/home/lijiaxing/.conda/envs/api/lib/python3.10/site-packages/triton/language/core.py", line 2747, in associative_scan\n    return _semantic.associative_scan(input, axis, make_combine_region, reverse)\n  File "/home/lijiaxing/.conda/envs/api/lib/python3.10/site-packages/triton/language/semantic.py", line 1685, in associative_scan\n    region_builder_fn(scan_op)\n  File "/home/lijiaxing/.conda/envs/api/lib/python3.10/site-packages/triton/language/core.py", line 2737, in make_combine_region\n    results = _generator.call_JitFunction(combine_fn, args, kwargs={})\nAttributeError: \'function\' object has no attribute \'fn\'\n\nThe above exception was the direct cause of the following exception:\n\nTraceback (most recent call last):\n  File "/cpfs01/shared/llm_kernel/hujiakai/KernelLLM/validation_api_server/helpers/evaluations.py", line 720, in run_and_check_correctness\n    output_new = model_new(*inputs)\n  File "/home/lijiaxing/.conda/envs/api/lib/python3.10/site-packages/torch/nn/modules/module.py", line 1773, in _wrapped_call_impl\n    return self._call_impl(*args, **kwargs)\n  File "/home/lijiaxing/.conda/envs/api/lib/python3.10/site-packages/torch/nn/modules/module.py", line 1784, in _call_impl\n    return forward_call(*args, **kwargs)\n  File "/tmp/tmpqobszxvx.py", line 49, in forward\n    cumsum_kernel[grid](x_flat, output_flat, n_cols, BLOCK_SIZE=BLOCK_SIZE)\n  File "/home/lijiaxing/.conda/envs/api/lib/python3.10/site-packages/triton/runtime/jit.py", line 390, in <lambda>\n    return lambda *args, **kwargs: self.run(grid=grid, warmup=False, *args, **kwargs)\n  File "/home/lijiaxing/.conda/envs/api/lib/python3.10/site-packages/triton/runtime/jit.py", line 594, in run\n    kernel = self.compile(src, target=target, options=options.__dict__)\n  File "/home/lijiaxing/.conda/envs/api/lib/python3.10/site-packages/triton/compiler/compiler.py", line 339, in compile\n    module = src.make_ir(options, codegen_fns, module_map, context)\n  File "/home/lijiaxing/.conda/envs/api/lib/python3.10/site-packages/triton/compiler/compiler.py", line 83, in make_ir\n    return ast_to_ttir(self.fn, self, context=context, options=options, codegen_fns=codegen_fns,\ntriton.compiler.errors.CompilationError: at 18:18:\n    row_idx = tl.program_id(0)\n    base = row_idx * n_cols\n    cumulative = 0.0\n    num_chunks = tl.cdiv(n_cols, BLOCK_SIZE)\n\n    for chunk_idx in range(num_chunks):\n        chunk_start = chunk_idx * BLOCK_SIZE\n        offsets = base + chunk_start + tl.arange(0, BLOCK_SIZE)\n        mask = (chunk_start + tl.arange(0, BLOCK_SIZE)) < n_cols\n\n        data = tl.load(input_ptr + offsets, mask=mask, other=0.0)\n        scanned = tl.associative_scan(data, axis=0, combine_fn=tl.add)\n                  ^\n\n\nThe above exception was the direct cause of the following exception:\n\nTraceback (most recent call last):\n  File "/home/lijiaxing/.conda/envs/api/lib/python3.10/site-packages/triton/language/core.py", line 42, in wrapper\n    return fn(*args, **kwargs)\n  File "/home/lijiaxing/.conda/envs/api/lib/python3.10/site-packages/triton/language/core.py", line 2727, in associative_scan\n    return associative_scan((input, ), axis, combine_fn, reverse, _semantic=_semantic, _generator=_generator)[0]\n  File "/home/lijiaxing/.conda/envs/api/lib/python3.10/site-packages/triton/language/core.py", line 42, in wrapper\n    return fn(*args, **kwargs)\n  File "/home/lijiaxing/.conda/envs/api/lib/python3.10/site-packages/triton/language/core.py", line 2747, in associative_scan\n    return _semantic.associative_scan(input, axis, make_combine_region, reverse)\n  File "/home/lijiaxing/.conda/envs/api/lib/python3.10/site-packages/triton/language/semantic.py", line 1685, in associative_scan\n    region_builder_fn(scan_op)\n  File "/home/lijiaxing/.conda/envs/api/lib/python3.10/site-packages/triton/language/core.py", line 2737, in make_combine_region\n    results = _generator.call_JitFunction(combine_fn, args, kwargs={})\nAttributeError: \'function\' object has no attribute \'fn\'\n', 'runtime_error_name': 'triton.compiler.errors.CompilationError', 'reference_timing_ms': 0.016, 'speed_up': -1.0, 'custom_timing': -1.0}, 'runtime': -1.0, 'runtime_stats': {}}}
2025-08-08 19:16:21,773 - openevolve.llm.ensemble - INFO - Sampled model: deepseek
2025-08-08 19:16:21,789 - openevolve.threaded_parallel - INFO - Iteration 17: Program df3103a3-6c77-4459-bed4-ca6972a0f8c7 (parent: 3e028323-7cf4-463d-a513-13a199f34193) completed in 1111.68s
2025-08-08 19:16:21,789 - openevolve.threaded_parallel - INFO - Metrics: compiled=1.0000, correctness=0.0000, score=10.0000, stage=wrong_answer, verify_payload={'id': 'level1_89_cumsum', 'result': {'compiled': True, 'correctness': False, 'metadata': {'hardware': 'NVIDIA L20Y', 'device': 'cuda:4', 'runtime_error': 'Traceback (most recent call last):\n  File "/home/lijiaxing/.conda/envs/api/lib/python3.10/site-packages/triton/language/core.py", line 42, in wrapper\n    return fn(*args, **kwargs)\n  File "/home/lijiaxing/.conda/envs/api/lib/python3.10/site-packages/triton/language/core.py", line 2727, in associative_scan\n    return associative_scan((input, ), axis, combine_fn, reverse, _semantic=_semantic, _generator=_generator)[0]\n  File "/home/lijiaxing/.conda/envs/api/lib/python3.10/site-packages/triton/language/core.py", line 42, in wrapper\n    return fn(*args, **kwargs)\n  File "/home/lijiaxing/.conda/envs/api/lib/python3.10/site-packages/triton/language/core.py", line 2747, in associative_scan\n    return _semantic.associative_scan(input, axis, make_combine_region, reverse)\n  File "/home/lijiaxing/.conda/envs/api/lib/python3.10/site-packages/triton/language/semantic.py", line 1685, in associative_scan\n    region_builder_fn(scan_op)\n  File "/home/lijiaxing/.conda/envs/api/lib/python3.10/site-packages/triton/language/core.py", line 2737, in make_combine_region\n    results = _generator.call_JitFunction(combine_fn, args, kwargs={})\nAttributeError: \'function\' object has no attribute \'fn\'\n\nThe above exception was the direct cause of the following exception:\n\nTraceback (most recent call last):\n  File "/cpfs01/shared/llm_kernel/hujiakai/KernelLLM/validation_api_server/helpers/evaluations.py", line 720, in run_and_check_correctness\n    output_new = model_new(*inputs)\n  File "/home/lijiaxing/.conda/envs/api/lib/python3.10/site-packages/torch/nn/modules/module.py", line 1773, in _wrapped_call_impl\n    return self._call_impl(*args, **kwargs)\n  File "/home/lijiaxing/.conda/envs/api/lib/python3.10/site-packages/torch/nn/modules/module.py", line 1784, in _call_impl\n    return forward_call(*args, **kwargs)\n  File "/tmp/tmpqobszxvx.py", line 49, in forward\n    cumsum_kernel[grid](x_flat, output_flat, n_cols, BLOCK_SIZE=BLOCK_SIZE)\n  File "/home/lijiaxing/.conda/envs/api/lib/python3.10/site-packages/triton/runtime/jit.py", line 390, in <lambda>\n    return lambda *args, **kwargs: self.run(grid=grid, warmup=False, *args, **kwargs)\n  File "/home/lijiaxing/.conda/envs/api/lib/python3.10/site-packages/triton/runtime/jit.py", line 594, in run\n    kernel = self.compile(src, target=target, options=options.__dict__)\n  File "/home/lijiaxing/.conda/envs/api/lib/python3.10/site-packages/triton/compiler/compiler.py", line 339, in compile\n    module = src.make_ir(options, codegen_fns, module_map, context)\n  File "/home/lijiaxing/.conda/envs/api/lib/python3.10/site-packages/triton/compiler/compiler.py", line 83, in make_ir\n    return ast_to_ttir(self.fn, self, context=context, options=options, codegen_fns=codegen_fns,\ntriton.compiler.errors.CompilationError: at 18:18:\n    row_idx = tl.program_id(0)\n    base = row_idx * n_cols\n    cumulative = 0.0\n    num_chunks = tl.cdiv(n_cols, BLOCK_SIZE)\n\n    for chunk_idx in range(num_chunks):\n        chunk_start = chunk_idx * BLOCK_SIZE\n        offsets = base + chunk_start + tl.arange(0, BLOCK_SIZE)\n        mask = (chunk_start + tl.arange(0, BLOCK_SIZE)) < n_cols\n\n        data = tl.load(input_ptr + offsets, mask=mask, other=0.0)\n        scanned = tl.associative_scan(data, axis=0, combine_fn=tl.add)\n                  ^\n\n\nThe above exception was the direct cause of the following exception:\n\nTraceback (most recent call last):\n  File "/home/lijiaxing/.conda/envs/api/lib/python3.10/site-packages/triton/language/core.py", line 42, in wrapper\n    return fn(*args, **kwargs)\n  File "/home/lijiaxing/.conda/envs/api/lib/python3.10/site-packages/triton/language/core.py", line 2727, in associative_scan\n    return associative_scan((input, ), axis, combine_fn, reverse, _semantic=_semantic, _generator=_generator)[0]\n  File "/home/lijiaxing/.conda/envs/api/lib/python3.10/site-packages/triton/language/core.py", line 42, in wrapper\n    return fn(*args, **kwargs)\n  File "/home/lijiaxing/.conda/envs/api/lib/python3.10/site-packages/triton/language/core.py", line 2747, in associative_scan\n    return _semantic.associative_scan(input, axis, make_combine_region, reverse)\n  File "/home/lijiaxing/.conda/envs/api/lib/python3.10/site-packages/triton/language/semantic.py", line 1685, in associative_scan\n    region_builder_fn(scan_op)\n  File "/home/lijiaxing/.conda/envs/api/lib/python3.10/site-packages/triton/language/core.py", line 2737, in make_combine_region\n    results = _generator.call_JitFunction(combine_fn, args, kwargs={})\nAttributeError: \'function\' object has no attribute \'fn\'\n', 'runtime_error_name': 'triton.compiler.errors.CompilationError', 'reference_timing_ms': 0.016, 'speed_up': -1.0, 'custom_timing': -1.0}, 'runtime': -1.0, 'runtime_stats': {}}}
2025-08-08 19:18:39,671 - openevolve.RemoteSpeedupEvaluator - INFO - [level1_89_cumsum] triton key words check pass
2025-08-08 19:18:39,673 - openevolve.RemoteSpeedupEvaluator - INFO - [level1_89_cumsum] verify_plus payload: reference_code(1620 chars) + custom_code(1814 chars)
2025-08-08 19:18:42,610 - openevolve.RemoteSpeedupEvaluator - INFO - [level1_89_cumsum] verify_plus request success
2025-08-08 19:18:42,610 - openevolve.RemoteSpeedupEvaluator - INFO - [level1_89_cumsum] verify_plus response: {"id":"level1_89_cumsum","result":{"compiled":true,"correctness":false,"metadata":{"hardware":"NVIDIA L20Y","device":"cuda:0","max_difference":["178.675476","173.798981","164.449127","154.784882","199.406998"],"avg_difference":["36.846939","38.104641","36.371651","36.808449","37.437176"],"correctness_issue":"Output mismatch","correctness_trials":"(0 / 5)","reference_timing_ms":0.016,"speed_up":-1.0,"custom_timing":-1.0},"runtime":-1.0,"runtime_stats":{}}}
2025-08-08 19:18:42,611 - openevolve.RemoteSpeedupEvaluator - INFO - [level1_89_cumsum] âœ˜ wrong_answer
2025-08-08 19:18:42,611 - openevolve.evaluator - INFO - Evaluated program 04c82ece-44a6-49ee-8838-e85183278d69 in 2.94s: compiled=1.0000, correctness=0.0000, score=10.0000, stage=wrong_answer, verify_payload={'id': 'level1_89_cumsum', 'result': {'compiled': True, 'correctness': False, 'metadata': {'hardware': 'NVIDIA L20Y', 'device': 'cuda:0', 'max_difference': ['178.675476', '173.798981', '164.449127', '154.784882', '199.406998'], 'avg_difference': ['36.846939', '38.104641', '36.371651', '36.808449', '37.437176'], 'correctness_issue': 'Output mismatch', 'correctness_trials': '(0 / 5)', 'reference_timing_ms': 0.016, 'speed_up': -1.0, 'custom_timing': -1.0}, 'runtime': -1.0, 'runtime_stats': {}}}
2025-08-08 19:18:42,616 - openevolve.llm.ensemble - INFO - Sampled model: deepseek
2025-08-08 19:18:42,627 - openevolve.threaded_parallel - INFO - Iteration 20: Program 04c82ece-44a6-49ee-8838-e85183278d69 (parent: 3e028323-7cf4-463d-a513-13a199f34193) completed in 357.76s
2025-08-08 19:18:42,627 - openevolve.threaded_parallel - INFO - Metrics: compiled=1.0000, correctness=0.0000, score=10.0000, stage=wrong_answer, verify_payload={'id': 'level1_89_cumsum', 'result': {'compiled': True, 'correctness': False, 'metadata': {'hardware': 'NVIDIA L20Y', 'device': 'cuda:0', 'max_difference': ['178.675476', '173.798981', '164.449127', '154.784882', '199.406998'], 'avg_difference': ['36.846939', '38.104641', '36.371651', '36.808449', '37.437176'], 'correctness_issue': 'Output mismatch', 'correctness_trials': '(0 / 5)', 'reference_timing_ms': 0.016, 'speed_up': -1.0, 'custom_timing': -1.0}, 'runtime': -1.0, 'runtime_stats': {}}}
