2025-08-12 17:44:23,507 - openevolve.controller - INFO - Logging to openevolve_output/level1_89_cumsum/logs/openevolve_20250812_174423.log
2025-08-12 17:44:23,507 - openevolve.controller - INFO - Set random seed to 42 for reproducibility
2025-08-12 17:44:23,547 - openevolve.llm.ensemble - INFO - Initialized LLM ensemble with models: deepseek (weight: 0.80), deepseek (weight: 0.20)
2025-08-12 17:44:23,587 - openevolve.llm.ensemble - INFO - Initialized LLM ensemble with models: deepseek (weight: 0.80), deepseek (weight: 0.20)
2025-08-12 17:44:23,587 - openevolve.prompt.sampler - INFO - Set custom templates: system=evaluator_system_message, user=None
2025-08-12 17:44:23,634 - openevolve.database - INFO - Reconstructed islands: restored 0 programs to islands
2025-08-12 17:44:23,634 - openevolve.database - INFO - No island assignments found, distributing programs across islands
2025-08-12 17:44:23,634 - openevolve.database - INFO - Distributed 21 programs across 3 islands
2025-08-12 17:44:23,634 - openevolve.database - INFO - Loaded database with 21 programs from openevolve_output/level1_89_cumsum/triton_kernel_evolution
2025-08-12 17:44:23,635 - openevolve.database - INFO - Island Status:
2025-08-12 17:44:23,635 - openevolve.database - INFO -  * Island 0: 7 programs, best=20.0000, avg=-5.7143, diversity=413.18, gen=0
2025-08-12 17:44:23,635 - openevolve.database - INFO -    Island 1: 7 programs, best=20.0000, avg=11.4286, diversity=354.25, gen=0
2025-08-12 17:44:23,635 - openevolve.database - INFO -    Island 2: 7 programs, best=20.0000, avg=11.4286, diversity=312.62, gen=0
2025-08-12 17:44:23,635 - openevolve.database - INFO - Initialized program database with 21 programs
2025-08-12 17:44:23,659 - openevolve.evaluator - INFO - Successfully loaded evaluation function from openevolve_output/level1_89_cumsum/evaluation.py
2025-08-12 17:44:23,659 - openevolve.evaluator - INFO - Initialized evaluator with openevolve_output/level1_89_cumsum/evaluation.py
2025-08-12 17:44:23,659 - openevolve.controller - INFO - Initialized OpenEvolve with /tmp/d92838256a0f1f4b0d152efe2529f8dc.py
2025-08-12 17:44:23,659 - openevolve.controller - INFO - Skipping initial program addition (resuming from iteration 0 with 21 existing programs)
2025-08-12 17:44:23,664 - openevolve.threaded_parallel - INFO - Initializing threaded evaluation pool with 3 workers
2025-08-12 17:44:23,666 - openevolve.threaded_parallel - INFO - Started thread pool with 3 threads
2025-08-12 17:44:23,666 - openevolve.threaded_parallel - INFO - Started improved parallel controller
2025-08-12 17:44:23,666 - openevolve.controller - INFO - Using island-based evolution with 3 islands
2025-08-12 17:44:23,667 - openevolve.database - INFO - Island Status:
2025-08-12 17:44:23,667 - openevolve.database - INFO -  * Island 0: 7 programs, best=20.0000, avg=-5.7143, diversity=413.18, gen=0
2025-08-12 17:44:23,667 - openevolve.database - INFO -    Island 1: 7 programs, best=20.0000, avg=11.4286, diversity=354.25, gen=0
2025-08-12 17:44:23,667 - openevolve.database - INFO -    Island 2: 7 programs, best=20.0000, avg=11.4286, diversity=312.62, gen=0
2025-08-12 17:44:23,667 - openevolve.threaded_parallel - INFO - Starting improved parallel evolution from iteration 0 for 30 iterations (total: 30)
2025-08-12 17:44:23,810 - openevolve.llm.ensemble - INFO - Initialized LLM ensemble with models: deepseek (weight: 0.80), deepseek (weight: 0.20)
2025-08-12 17:44:23,812 - openevolve.llm.ensemble - INFO - Initialized LLM ensemble with models: deepseek (weight: 0.80), deepseek (weight: 0.20)
2025-08-12 17:44:23,819 - openevolve.llm.ensemble - INFO - Initialized LLM ensemble with models: deepseek (weight: 0.80), deepseek (weight: 0.20)
2025-08-12 17:44:23,954 - openevolve.llm.ensemble - INFO - Initialized LLM ensemble with models: deepseek (weight: 0.80), deepseek (weight: 0.20)
2025-08-12 17:44:23,954 - openevolve.prompt.sampler - INFO - Set custom templates: system=evaluator_system_message, user=None
2025-08-12 17:44:23,956 - openevolve.evaluator - INFO - Successfully loaded evaluation function from openevolve_output/level1_89_cumsum/evaluation.py
2025-08-12 17:44:23,956 - openevolve.evaluator - INFO - Initialized evaluator with openevolve_output/level1_89_cumsum/evaluation.py
2025-08-12 17:44:23,958 - openevolve.llm.ensemble - INFO - Initialized LLM ensemble with models: deepseek (weight: 0.80), deepseek (weight: 0.20)
2025-08-12 17:44:23,958 - openevolve.prompt.sampler - INFO - Set custom templates: system=evaluator_system_message, user=None
2025-08-12 17:44:23,959 - openevolve.llm.ensemble - INFO - Initialized LLM ensemble with models: deepseek (weight: 0.80), deepseek (weight: 0.20)
2025-08-12 17:44:23,959 - openevolve.llm.ensemble - INFO - Sampled model: deepseek
2025-08-12 17:44:23,960 - openevolve.prompt.sampler - INFO - Set custom templates: system=evaluator_system_message, user=None
2025-08-12 17:44:23,961 - openevolve.evaluator - INFO - Successfully loaded evaluation function from openevolve_output/level1_89_cumsum/evaluation.py
2025-08-12 17:44:23,961 - openevolve.evaluator - INFO - Initialized evaluator with openevolve_output/level1_89_cumsum/evaluation.py
2025-08-12 17:44:23,964 - openevolve.evaluator - INFO - Successfully loaded evaluation function from openevolve_output/level1_89_cumsum/evaluation.py
2025-08-12 17:44:23,964 - openevolve.evaluator - INFO - Initialized evaluator with openevolve_output/level1_89_cumsum/evaluation.py
2025-08-12 17:44:23,966 - openevolve.llm.ensemble - INFO - Sampled model: deepseek
2025-08-12 17:44:23,967 - openevolve.llm.ensemble - INFO - Sampled model: deepseek
2025-08-12 17:53:12,946 - openevolve.RemoteSpeedupEvaluator - INFO - [level1_89_cumsum] triton key words check pass
2025-08-12 17:53:12,947 - openevolve.RemoteSpeedupEvaluator - INFO - [level1_89_cumsum] verify_plus payload: reference_code(1620 chars) + custom_code(2190 chars)
2025-08-12 17:53:15,993 - openevolve.RemoteSpeedupEvaluator - INFO - [level1_89_cumsum] verify_plus request success
2025-08-12 17:53:15,993 - openevolve.RemoteSpeedupEvaluator - INFO - [level1_89_cumsum] verify_plus response: {"id":"level1_89_cumsum","result":{"compiled":true,"correctness":true,"metadata":{"hardware":"NVIDIA L20Y","device":"cuda:1","correctness_trials":"(5 / 5)","reference_timing_ms":0.016,"speed_up":0.323,"custom_timing":0.0496},"runtime":0.0496,"runtime_stats":{"mean":0.0496,"std":0.00255,"min":0.0464,"max":0.0631,"num_trials":100,"hardware":"NVIDIA L20Y","device":"cuda:1"}}}
2025-08-12 17:53:15,993 - openevolve.RemoteSpeedupEvaluator - INFO - [level1_89_cumsum] âœ” success | speed_up=0.323  score=20.00
2025-08-12 17:53:15,994 - openevolve.evaluator - INFO - Evaluated program 5269320d-ab1d-461a-be8e-4ce8b2f14229 in 3.05s: compiled=1.0000, correctness=1.0000, stage=success, passed=0.0000, score=20.0000, speed_up=0.3230, runtime_ms=0.0496, meta={'hardware': 'NVIDIA L20Y', 'device': 'cuda:1', 'correctness_trials': '(5 / 5)', 'reference_timing_ms': 0.016, 'speed_up': 0.323, 'custom_timing': 0.0496}
2025-08-12 17:53:15,998 - openevolve.llm.ensemble - INFO - Sampled model: deepseek
2025-08-12 17:53:16,003 - openevolve.database - INFO - New MAP-Elites cell occupied: {'score': 9, 'complexity': 5}
2025-08-12 17:53:16,011 - openevolve.threaded_parallel - INFO - Iteration 2: Program 5269320d-ab1d-461a-be8e-4ce8b2f14229 (parent: 7b6e3ef6-51cf-451b-a676-c128962bc791) completed in 532.03s
2025-08-12 17:53:16,011 - openevolve.threaded_parallel - INFO - Metrics: compiled=1.0000, correctness=1.0000, stage=success, passed=0.0000, score=20.0000, speed_up=0.3230, runtime_ms=0.0496, meta={'hardware': 'NVIDIA L20Y', 'device': 'cuda:1', 'correctness_trials': '(5 / 5)', 'reference_timing_ms': 0.016, 'speed_up': 0.323, 'custom_timing': 0.0496}
2025-08-12 17:53:16,011 - openevolve.threaded_parallel - INFO - ðŸŒŸ New best solution found at iteration 2: 5269320d-ab1d-461a-be8e-4ce8b2f14229
2025-08-12 17:54:09,703 - openevolve.RemoteSpeedupEvaluator - INFO - [level1_89_cumsum] triton key words check pass
2025-08-12 17:54:09,703 - openevolve.RemoteSpeedupEvaluator - INFO - [level1_89_cumsum] verify_plus payload: reference_code(1620 chars) + custom_code(2334 chars)
2025-08-12 17:54:12,705 - openevolve.RemoteSpeedupEvaluator - INFO - [level1_89_cumsum] verify_plus request success
2025-08-12 17:54:12,705 - openevolve.RemoteSpeedupEvaluator - INFO - [level1_89_cumsum] verify_plus response: {"id":"level1_89_cumsum","result":{"compiled":true,"correctness":true,"metadata":{"hardware":"NVIDIA L20Y","device":"cuda:5","correctness_trials":"(5 / 5)","reference_timing_ms":0.016,"speed_up":0.31,"custom_timing":0.0516},"runtime":0.0516,"runtime_stats":{"mean":0.0516,"std":0.00302,"min":0.0488,"max":0.0727,"num_trials":100,"hardware":"NVIDIA L20Y","device":"cuda:5"}}}
2025-08-12 17:54:12,706 - openevolve.RemoteSpeedupEvaluator - INFO - [level1_89_cumsum] âœ” success | speed_up=0.310  score=20.00
2025-08-12 17:54:12,706 - openevolve.evaluator - INFO - Evaluated program 47eafffe-dddf-4415-873e-fa18e1328770 in 3.00s: compiled=1.0000, correctness=1.0000, stage=success, passed=0.0000, score=20.0000, speed_up=0.3100, runtime_ms=0.0516, meta={'hardware': 'NVIDIA L20Y', 'device': 'cuda:5', 'correctness_trials': '(5 / 5)', 'reference_timing_ms': 0.016, 'speed_up': 0.31, 'custom_timing': 0.0516}
2025-08-12 17:54:12,710 - openevolve.database - INFO - New MAP-Elites cell occupied: {'score': 9, 'complexity': 6}
2025-08-12 17:54:12,712 - openevolve.llm.ensemble - INFO - Sampled model: deepseek
2025-08-12 17:54:12,721 - openevolve.threaded_parallel - INFO - Iteration 0: Program 47eafffe-dddf-4415-873e-fa18e1328770 (parent: d3c90ebd-e082-4439-979d-4db67a7bdadf) completed in 588.75s
2025-08-12 17:54:12,721 - openevolve.threaded_parallel - INFO - Metrics: compiled=1.0000, correctness=1.0000, stage=success, passed=0.0000, score=20.0000, speed_up=0.3100, runtime_ms=0.0516, meta={'hardware': 'NVIDIA L20Y', 'device': 'cuda:5', 'correctness_trials': '(5 / 5)', 'reference_timing_ms': 0.016, 'speed_up': 0.31, 'custom_timing': 0.0516}
2025-08-12 17:54:12,721 - openevolve.threaded_parallel - INFO - Checkpoint interval reached at iteration 0
2025-08-12 17:54:12,722 - openevolve.database - INFO - Island Status:
2025-08-12 17:54:12,722 - openevolve.database - INFO -  * Island 0: 9 programs, best=20.0000, avg=0.0000, diversity=48.78, gen=2 (best: 5269320d-ab1d-461a-be8e-4ce8b2f14229)
2025-08-12 17:54:12,722 - openevolve.database - INFO -    Island 1: 7 programs, best=20.0000, avg=11.4286, diversity=354.25, gen=0
2025-08-12 17:54:12,722 - openevolve.database - INFO -    Island 2: 7 programs, best=20.0000, avg=11.4286, diversity=312.62, gen=0
2025-08-12 17:54:12,945 - openevolve.database - INFO - Saved database with 23 programs to openevolve_output/level1_89_cumsum/checkpoints/checkpoint_0
2025-08-12 17:54:12,952 - openevolve.controller - INFO - Saved best program at checkpoint 0 with metrics: compiled=1.0000, correctness=1.0000, stage=success, passed=0.0000, score=20.0000, speed_up=0.3230, runtime_ms=0.0496, meta={'hardware': 'NVIDIA L20Y', 'device': 'cuda:1', 'correctness_trials': '(5 / 5)', 'reference_timing_ms': 0.016, 'speed_up': 0.323, 'custom_timing': 0.0496}
2025-08-12 17:54:12,952 - openevolve.controller - INFO - Saved checkpoint at iteration 0 to openevolve_output/level1_89_cumsum/checkpoints/checkpoint_0
2025-08-12 17:54:20,878 - openevolve.RemoteSpeedupEvaluator - INFO - [level1_89_cumsum] triton key words check pass
2025-08-12 17:54:20,879 - openevolve.RemoteSpeedupEvaluator - INFO - [level1_89_cumsum] verify_plus payload: reference_code(1620 chars) + custom_code(2255 chars)
2025-08-12 17:54:23,871 - openevolve.RemoteSpeedupEvaluator - INFO - [level1_89_cumsum] verify_plus request success
2025-08-12 17:54:23,871 - openevolve.RemoteSpeedupEvaluator - INFO - [level1_89_cumsum] verify_plus response: {"id":"level1_89_cumsum","result":{"compiled":true,"correctness":true,"metadata":{"hardware":"NVIDIA L20Y","device":"cuda:7","correctness_trials":"(5 / 5)","reference_timing_ms":0.016,"speed_up":0.327,"custom_timing":0.0489},"runtime":0.0489,"runtime_stats":{"mean":0.0489,"std":0.0023,"min":0.0462,"max":0.0594,"num_trials":100,"hardware":"NVIDIA L20Y","device":"cuda:7"}}}
2025-08-12 17:54:23,871 - openevolve.RemoteSpeedupEvaluator - INFO - [level1_89_cumsum] âœ” success | speed_up=0.327  score=20.00
2025-08-12 17:54:23,872 - openevolve.evaluator - INFO - Evaluated program a6afc790-d829-4ccb-b524-dd10656109b9 in 2.99s: compiled=1.0000, correctness=1.0000, stage=success, passed=0.0000, score=20.0000, speed_up=0.3270, runtime_ms=0.0489, meta={'hardware': 'NVIDIA L20Y', 'device': 'cuda:7', 'correctness_trials': '(5 / 5)', 'reference_timing_ms': 0.016, 'speed_up': 0.327, 'custom_timing': 0.0489}
2025-08-12 17:54:23,876 - openevolve.llm.ensemble - INFO - Sampled model: deepseek
2025-08-12 17:54:23,913 - openevolve.threaded_parallel - INFO - Iteration 1: Program a6afc790-d829-4ccb-b524-dd10656109b9 (parent: 81ef5787-ac56-41d8-9086-32edf66156e1) completed in 599.91s
2025-08-12 17:54:23,913 - openevolve.threaded_parallel - INFO - Metrics: compiled=1.0000, correctness=1.0000, stage=success, passed=0.0000, score=20.0000, speed_up=0.3270, runtime_ms=0.0489, meta={'hardware': 'NVIDIA L20Y', 'device': 'cuda:7', 'correctness_trials': '(5 / 5)', 'reference_timing_ms': 0.016, 'speed_up': 0.327, 'custom_timing': 0.0489}
2025-08-12 17:55:03,254 - openevolve.RemoteSpeedupEvaluator - INFO - [level1_89_cumsum] triton key words check pass
2025-08-12 17:55:03,255 - openevolve.RemoteSpeedupEvaluator - INFO - [level1_89_cumsum] verify_plus payload: reference_code(1620 chars) + custom_code(2250 chars)
2025-08-12 17:55:06,455 - openevolve.RemoteSpeedupEvaluator - INFO - [level1_89_cumsum] verify_plus request success
2025-08-12 17:55:06,455 - openevolve.RemoteSpeedupEvaluator - INFO - [level1_89_cumsum] verify_plus response: {"id":"level1_89_cumsum","result":{"compiled":true,"correctness":true,"metadata":{"hardware":"NVIDIA L20Y","device":"cuda:6","correctness_trials":"(5 / 5)","reference_timing_ms":0.016,"speed_up":0.317,"custom_timing":0.0504},"runtime":0.0504,"runtime_stats":{"mean":0.0504,"std":0.00298,"min":0.047,"max":0.0685,"num_trials":100,"hardware":"NVIDIA L20Y","device":"cuda:6"}}}
2025-08-12 17:55:06,455 - openevolve.RemoteSpeedupEvaluator - INFO - [level1_89_cumsum] âœ” success | speed_up=0.317  score=20.00
2025-08-12 17:55:06,456 - openevolve.evaluator - INFO - Evaluated program be168790-a738-4876-a336-e1ca075455f1 in 3.20s: compiled=1.0000, correctness=1.0000, stage=success, passed=0.0000, score=20.0000, speed_up=0.3170, runtime_ms=0.0504, meta={'hardware': 'NVIDIA L20Y', 'device': 'cuda:6', 'correctness_trials': '(5 / 5)', 'reference_timing_ms': 0.016, 'speed_up': 0.317, 'custom_timing': 0.0504}
2025-08-12 17:55:06,460 - openevolve.llm.ensemble - INFO - Sampled model: deepseek
2025-08-12 17:55:06,473 - openevolve.threaded_parallel - INFO - Iteration 3: Program be168790-a738-4876-a336-e1ca075455f1 (parent: d5bcfa39-1285-4b61-bf2c-d0789888fd84) completed in 110.46s
2025-08-12 17:55:06,473 - openevolve.threaded_parallel - INFO - Metrics: compiled=1.0000, correctness=1.0000, stage=success, passed=0.0000, score=20.0000, speed_up=0.3170, runtime_ms=0.0504, meta={'hardware': 'NVIDIA L20Y', 'device': 'cuda:6', 'correctness_trials': '(5 / 5)', 'reference_timing_ms': 0.016, 'speed_up': 0.317, 'custom_timing': 0.0504}
2025-08-12 17:55:06,473 - openevolve.threaded_parallel - INFO - Checkpoint interval reached at iteration 3
2025-08-12 17:55:06,474 - openevolve.database - INFO - Island Status:
2025-08-12 17:55:06,474 - openevolve.database - INFO -    Island 0: 10 programs, best=20.0000, avg=2.0000, diversity=48.78, gen=2 (best: 5269320d-ab1d-461a-be8e-4ce8b2f14229)
2025-08-12 17:55:06,474 - openevolve.database - INFO -    Island 1: 8 programs, best=20.0000, avg=12.5000, diversity=354.25, gen=1 (best: be168790-a738-4876-a336-e1ca075455f1)
2025-08-12 17:55:06,474 - openevolve.database - INFO -  * Island 2: 7 programs, best=20.0000, avg=11.4286, diversity=312.62, gen=1
2025-08-12 17:55:06,737 - openevolve.database - INFO - Saved database with 25 programs to openevolve_output/level1_89_cumsum/checkpoints/checkpoint_3
2025-08-12 17:55:06,744 - openevolve.controller - INFO - Saved best program at checkpoint 3 with metrics: compiled=1.0000, correctness=1.0000, stage=success, passed=0.0000, score=20.0000, speed_up=0.3230, runtime_ms=0.0496, meta={'hardware': 'NVIDIA L20Y', 'device': 'cuda:1', 'correctness_trials': '(5 / 5)', 'reference_timing_ms': 0.016, 'speed_up': 0.323, 'custom_timing': 0.0496}
2025-08-12 17:55:06,744 - openevolve.controller - INFO - Saved checkpoint at iteration 3 to openevolve_output/level1_89_cumsum/checkpoints/checkpoint_3
2025-08-12 17:57:06,661 - openevolve.RemoteSpeedupEvaluator - INFO - [level1_89_cumsum] triton key words check pass
2025-08-12 17:57:06,662 - openevolve.RemoteSpeedupEvaluator - INFO - [level1_89_cumsum] verify_plus payload: reference_code(1620 chars) + custom_code(2322 chars)
2025-08-12 17:57:09,664 - openevolve.RemoteSpeedupEvaluator - INFO - [level1_89_cumsum] verify_plus request success
2025-08-12 17:57:09,665 - openevolve.RemoteSpeedupEvaluator - INFO - [level1_89_cumsum] verify_plus response: {"id":"level1_89_cumsum","result":{"compiled":true,"correctness":true,"metadata":{"hardware":"NVIDIA L20Y","device":"cuda:4","correctness_trials":"(5 / 5)","reference_timing_ms":0.016,"speed_up":0.316,"custom_timing":0.0506},"runtime":0.0506,"runtime_stats":{"mean":0.0506,"std":0.00267,"min":0.0469,"max":0.0622,"num_trials":100,"hardware":"NVIDIA L20Y","device":"cuda:4"}}}
2025-08-12 17:57:09,665 - openevolve.RemoteSpeedupEvaluator - INFO - [level1_89_cumsum] âœ” success | speed_up=0.316  score=20.00
2025-08-12 17:57:09,665 - openevolve.evaluator - INFO - Evaluated program fe0be35f-2068-4909-ace8-1bbc6c523b8d in 3.01s: compiled=1.0000, correctness=1.0000, stage=success, passed=0.0000, score=20.0000, speed_up=0.3160, runtime_ms=0.0506, meta={'hardware': 'NVIDIA L20Y', 'device': 'cuda:4', 'correctness_trials': '(5 / 5)', 'reference_timing_ms': 0.016, 'speed_up': 0.316, 'custom_timing': 0.0506}
2025-08-12 17:57:09,668 - openevolve.database - INFO - Population size (26) exceeds limit (25), removing 1 programs
2025-08-12 17:57:09,668 - openevolve.database - INFO - Population size after cleanup: 25
2025-08-12 17:57:09,669 - openevolve.llm.ensemble - INFO - Sampled model: deepseek
2025-08-12 17:57:09,680 - openevolve.threaded_parallel - INFO - Iteration 5: Program fe0be35f-2068-4909-ace8-1bbc6c523b8d (parent: d3c90ebd-e082-4439-979d-4db67a7bdadf) completed in 165.79s
2025-08-12 17:57:09,680 - openevolve.threaded_parallel - INFO - Metrics: compiled=1.0000, correctness=1.0000, stage=success, passed=0.0000, score=20.0000, speed_up=0.3160, runtime_ms=0.0506, meta={'hardware': 'NVIDIA L20Y', 'device': 'cuda:4', 'correctness_trials': '(5 / 5)', 'reference_timing_ms': 0.016, 'speed_up': 0.316, 'custom_timing': 0.0506}
2025-08-12 17:57:54,732 - openevolve.RemoteSpeedupEvaluator - INFO - [level1_89_cumsum] âœ˜ invalid_answer 'import triton' is not found
2025-08-12 17:57:54,732 - openevolve.evaluator - INFO - Evaluated program 3e4abd1c-e203-410c-aabd-935b69e12352 in 0.00s: compiled=0.0000, correctness=0.0000, score=-100.0000, stage=no_valid_triton_code, feedback=You need to generate real and valid triton code for the core function. The key word 'import triton' is not found.
2025-08-12 17:57:54,736 - openevolve.llm.ensemble - INFO - Sampled model: deepseek
2025-08-12 17:57:54,739 - openevolve.database - INFO - New MAP-Elites cell occupied: {'score': -1000, 'complexity': 0}
2025-08-12 17:57:54,739 - openevolve.database - INFO - Population size (26) exceeds limit (25), removing 1 programs
2025-08-12 17:57:54,739 - openevolve.database - INFO - Population size after cleanup: 25
2025-08-12 17:57:54,750 - openevolve.threaded_parallel - INFO - Iteration 4: Program 3e4abd1c-e203-410c-aabd-935b69e12352 (parent: d5bcfa39-1285-4b61-bf2c-d0789888fd84) completed in 222.02s
2025-08-12 17:57:54,750 - openevolve.threaded_parallel - INFO - Metrics: compiled=0.0000, correctness=0.0000, score=-100.0000, stage=no_valid_triton_code, feedback=You need to generate real and valid triton code for the core function. The key word 'import triton' is not found.
2025-08-12 18:07:14,885 - openevolve.RemoteSpeedupEvaluator - INFO - [level1_89_cumsum] triton key words check pass
2025-08-12 18:07:14,886 - openevolve.RemoteSpeedupEvaluator - INFO - [level1_89_cumsum] verify_plus payload: reference_code(1620 chars) + custom_code(2161 chars)
2025-08-12 18:07:17,861 - openevolve.RemoteSpeedupEvaluator - INFO - [level1_89_cumsum] verify_plus request success
2025-08-12 18:07:17,861 - openevolve.RemoteSpeedupEvaluator - INFO - [level1_89_cumsum] verify_plus response: {"id":"level1_89_cumsum","result":{"compiled":true,"correctness":true,"metadata":{"hardware":"NVIDIA L20Y","device":"cuda:2","correctness_trials":"(5 / 5)","reference_timing_ms":0.016,"speed_up":0.318,"custom_timing":0.0503},"runtime":0.0503,"runtime_stats":{"mean":0.0503,"std":0.00311,"min":0.0471,"max":0.0657,"num_trials":100,"hardware":"NVIDIA L20Y","device":"cuda:2"}}}
2025-08-12 18:07:17,861 - openevolve.RemoteSpeedupEvaluator - INFO - [level1_89_cumsum] âœ” success | speed_up=0.318  score=20.00
2025-08-12 18:07:17,862 - openevolve.evaluator - INFO - Evaluated program 121a10a5-f1b4-4b02-aa8b-3bc9e82d7023 in 2.98s: compiled=1.0000, correctness=1.0000, stage=success, passed=0.0000, score=20.0000, speed_up=0.3180, runtime_ms=0.0503, meta={'hardware': 'NVIDIA L20Y', 'device': 'cuda:2', 'correctness_trials': '(5 / 5)', 'reference_timing_ms': 0.016, 'speed_up': 0.318, 'custom_timing': 0.0503}
2025-08-12 18:07:17,866 - openevolve.llm.ensemble - INFO - Sampled model: deepseek
2025-08-12 18:07:17,871 - openevolve.database - INFO - Population size (26) exceeds limit (25), removing 1 programs
2025-08-12 18:07:17,871 - openevolve.database - INFO - Population size after cleanup: 25
2025-08-12 18:07:17,878 - openevolve.threaded_parallel - INFO - Iteration 8: Program 121a10a5-f1b4-4b02-aa8b-3bc9e82d7023 (parent: a6afc790-d829-4ccb-b524-dd10656109b9) completed in 563.13s
2025-08-12 18:07:17,878 - openevolve.threaded_parallel - INFO - Metrics: compiled=1.0000, correctness=1.0000, stage=success, passed=0.0000, score=20.0000, speed_up=0.3180, runtime_ms=0.0503, meta={'hardware': 'NVIDIA L20Y', 'device': 'cuda:2', 'correctness_trials': '(5 / 5)', 'reference_timing_ms': 0.016, 'speed_up': 0.318, 'custom_timing': 0.0503}
2025-08-12 18:12:58,430 - openevolve.RemoteSpeedupEvaluator - INFO - [level1_89_cumsum] triton key words check pass
2025-08-12 18:12:58,431 - openevolve.RemoteSpeedupEvaluator - INFO - [level1_89_cumsum] verify_plus payload: reference_code(1620 chars) + custom_code(2203 chars)
2025-08-12 18:13:01,952 - openevolve.RemoteSpeedupEvaluator - INFO - [level1_89_cumsum] verify_plus request success
2025-08-12 18:13:01,953 - openevolve.RemoteSpeedupEvaluator - INFO - [level1_89_cumsum] verify_plus response: {"id":"level1_89_cumsum","result":{"compiled":true,"correctness":false,"metadata":{"hardware":"NVIDIA L20Y","device":"cuda:6","runtime_error":"Traceback (most recent call last):\n  File \"/cpfs01/shared/llm_kernel/hujiakai/KernelLLM/validation_api_server/helpers/evaluations.py\", line 720, in run_and_check_correctness\n    output_new = model_new(*inputs)\n  File \"/home/lijiaxing/.conda/envs/api/lib/python3.10/site-packages/torch/nn/modules/module.py\", line 1773, in _wrapped_call_impl\n    return self._call_impl(*args, **kwargs)\n  File \"/home/lijiaxing/.conda/envs/api/lib/python3.10/site-packages/torch/nn/modules/module.py\", line 1784, in _call_impl\n    return forward_call(*args, **kwargs)\n  File \"/tmp/tmpujyuqlfx.py\", line 60, in forward\n    _cumsum_kernel[grid](\n  File \"/home/
2025-08-12 18:13:01,953 - openevolve.RemoteSpeedupEvaluator - INFO - [level1_89_cumsum] âœ˜ wrong_answer
2025-08-12 18:13:01,953 - openevolve.evaluator - INFO - Evaluated program b79ae53c-7746-4c77-a170-b1a4583b6759 in 3.52s: compiled=1.0000, correctness=0.0000, score=10.0000, stage=wrong_answer, verify_payload={'id': 'level1_89_cumsum', 'result': {'compiled': True, 'correctness': False, 'metadata': {'hardware': 'NVIDIA L20Y', 'device': 'cuda:6', 'runtime_error': 'Traceback (most recent call last):\n  File "/cpfs01/shared/llm_kernel/hujiakai/KernelLLM/validation_api_server/helpers/evaluations.py", line 720, in run_and_check_correctness\n    output_new = model_new(*inputs)\n  File "/home/lijiaxing/.conda/envs/api/lib/python3.10/site-packages/torch/nn/modules/module.py", line 1773, in _wrapped_call_impl\n    return self._call_impl(*args, **kwargs)\n  File "/home/lijiaxing/.conda/envs/api/lib/python3.10/site-packages/torch/nn/modules/module.py", line 1784, in _call_impl\n    return forward_call(*args, **kwargs)\n  File "/tmp/tmpujyuqlfx.py", line 60, in forward\n    _cumsum_kernel[grid](\n  File "/home/lijiaxing/.conda/envs/api/lib/python3.10/site-packages/triton/runtime/jit.py", line 390, in <lambda>\n    return lambda *args, **kwargs: self.run(grid=grid, warmup=False, *args, **kwargs)\n  File "/home/lijiaxing/.conda/envs/api/lib/python3.10/site-packages/triton/runtime/jit.py", line 594, in run\n    kernel = self.compile(src, target=target, options=options.__dict__)\n  File "/home/lijiaxing/.conda/envs/api/lib/python3.10/site-packages/triton/compiler/compiler.py", line 339, in compile\n    module = src.make_ir(options, codegen_fns, module_map, context)\n  File "/home/lijiaxing/.conda/envs/api/lib/python3.10/site-packages/triton/compiler/compiler.py", line 83, in make_ir\n    return ast_to_ttir(self.fn, self, context=context, options=options, codegen_fns=codegen_fns,\ntriton.compiler.errors.CompilationError: at 26:22:\n    num_chunks = tl.cdiv(L, BLOCK_SIZE)\n\n    for chunk_idx in range(0, num_chunks):\n        offs_chunk = chunk_idx * BLOCK_SIZE\n        offs = offs_chunk + tl.arange(0, BLOCK_SIZE)\n        mask = offs < L\n\n        x_ptrs = row_start_x + offs * stride_x_inner\n        chunk = tl.load(x_ptrs, mask=mask, other=0.0)\n\n        scanned_chunk = tl.associative_scan(chunk, axis=0, combine_fn=add_combine)\n        total_chunk = scanned_chunk[BLOCK_SIZE-1]  # Last element holds the chunk sum\n                      ^\nValueError(\'unsupported tensor index: constexpr[1023]\')\n\n\nThe above exception was the direct cause of the following exception:\n\nTraceback (most recent call last):\n  File "/home/lijiaxing/.conda/envs/api/lib/python3.10/site-packages/triton/language/core.py", line 42, in wrapper\n    return fn(*args, **kwargs)\n  File "/home/lijiaxing/.conda/envs/api/lib/python3.10/site-packages/triton/language/core.py", line 1118, in __getitem__\n    raise ValueError(f"unsupported tensor index: {sl}")\nValueError: unsupported tensor index: constexpr[1023]\n', 'runtime_error_name': 'triton.compiler.errors.CompilationError', 'reference_timing_ms': 0.016, 'speed_up': -1.0, 'custom_timing': -1.0}, 'runtime': -1.0, 'runtime_stats': {}}}
2025-08-12 18:13:01,957 - openevolve.llm.ensemble - INFO - Sampled model: deepseek
2025-08-12 18:13:01,959 - openevolve.database - INFO - New MAP-Elites cell occupied: {'score': 9, 'complexity': 4}
2025-08-12 18:13:01,959 - openevolve.database - INFO - Population size (26) exceeds limit (25), removing 1 programs
2025-08-12 18:13:01,959 - openevolve.database - INFO - Population size after cleanup: 25
2025-08-12 18:13:01,969 - openevolve.threaded_parallel - INFO - Iteration 7: Program b79ae53c-7746-4c77-a170-b1a4583b6759 (parent: 5269320d-ab1d-461a-be8e-4ce8b2f14229) completed in 952.28s
2025-08-12 18:13:01,970 - openevolve.threaded_parallel - INFO - Metrics: compiled=1.0000, correctness=0.0000, score=10.0000, stage=wrong_answer, verify_payload={'id': 'level1_89_cumsum', 'result': {'compiled': True, 'correctness': False, 'metadata': {'hardware': 'NVIDIA L20Y', 'device': 'cuda:6', 'runtime_error': 'Traceback (most recent call last):\n  File "/cpfs01/shared/llm_kernel/hujiakai/KernelLLM/validation_api_server/helpers/evaluations.py", line 720, in run_and_check_correctness\n    output_new = model_new(*inputs)\n  File "/home/lijiaxing/.conda/envs/api/lib/python3.10/site-packages/torch/nn/modules/module.py", line 1773, in _wrapped_call_impl\n    return self._call_impl(*args, **kwargs)\n  File "/home/lijiaxing/.conda/envs/api/lib/python3.10/site-packages/torch/nn/modules/module.py", line 1784, in _call_impl\n    return forward_call(*args, **kwargs)\n  File "/tmp/tmpujyuqlfx.py", line 60, in forward\n    _cumsum_kernel[grid](\n  File "/home/lijiaxing/.conda/envs/api/lib/python3.10/site-packages/triton/runtime/jit.py", line 390, in <lambda>\n    return lambda *args, **kwargs: self.run(grid=grid, warmup=False, *args, **kwargs)\n  File "/home/lijiaxing/.conda/envs/api/lib/python3.10/site-packages/triton/runtime/jit.py", line 594, in run\n    kernel = self.compile(src, target=target, options=options.__dict__)\n  File "/home/lijiaxing/.conda/envs/api/lib/python3.10/site-packages/triton/compiler/compiler.py", line 339, in compile\n    module = src.make_ir(options, codegen_fns, module_map, context)\n  File "/home/lijiaxing/.conda/envs/api/lib/python3.10/site-packages/triton/compiler/compiler.py", line 83, in make_ir\n    return ast_to_ttir(self.fn, self, context=context, options=options, codegen_fns=codegen_fns,\ntriton.compiler.errors.CompilationError: at 26:22:\n    num_chunks = tl.cdiv(L, BLOCK_SIZE)\n\n    for chunk_idx in range(0, num_chunks):\n        offs_chunk = chunk_idx * BLOCK_SIZE\n        offs = offs_chunk + tl.arange(0, BLOCK_SIZE)\n        mask = offs < L\n\n        x_ptrs = row_start_x + offs * stride_x_inner\n        chunk = tl.load(x_ptrs, mask=mask, other=0.0)\n\n        scanned_chunk = tl.associative_scan(chunk, axis=0, combine_fn=add_combine)\n        total_chunk = scanned_chunk[BLOCK_SIZE-1]  # Last element holds the chunk sum\n                      ^\nValueError(\'unsupported tensor index: constexpr[1023]\')\n\n\nThe above exception was the direct cause of the following exception:\n\nTraceback (most recent call last):\n  File "/home/lijiaxing/.conda/envs/api/lib/python3.10/site-packages/triton/language/core.py", line 42, in wrapper\n    return fn(*args, **kwargs)\n  File "/home/lijiaxing/.conda/envs/api/lib/python3.10/site-packages/triton/language/core.py", line 1118, in __getitem__\n    raise ValueError(f"unsupported tensor index: {sl}")\nValueError: unsupported tensor index: constexpr[1023]\n', 'runtime_error_name': 'triton.compiler.errors.CompilationError', 'reference_timing_ms': 0.016, 'speed_up': -1.0, 'custom_timing': -1.0}, 'runtime': -1.0, 'runtime_stats': {}}}
2025-08-12 18:15:42,183 - openevolve.RemoteSpeedupEvaluator - INFO - [level1_89_cumsum] triton key words check pass
2025-08-12 18:15:42,184 - openevolve.RemoteSpeedupEvaluator - INFO - [level1_89_cumsum] verify_plus payload: reference_code(1620 chars) + custom_code(2965 chars)
2025-08-12 18:15:44,654 - openevolve.RemoteSpeedupEvaluator - INFO - [level1_89_cumsum] verify_plus request success
2025-08-12 18:15:44,654 - openevolve.RemoteSpeedupEvaluator - INFO - [level1_89_cumsum] verify_plus response: {"id":"level1_89_cumsum","result":{"compiled":true,"correctness":false,"metadata":{"hardware":"NVIDIA L20Y","device":"cuda:4","runtime_error":"Traceback (most recent call last):\n  File \"/cpfs01/shared/llm_kernel/hujiakai/KernelLLM/validation_api_server/helpers/evaluations.py\", line 720, in run_and_check_correctness\n    output_new = model_new(*inputs)\n  File \"/home/lijiaxing/.conda/envs/api/lib/python3.10/site-packages/torch/nn/modules/module.py\", line 1773, in _wrapped_call_impl\n    return self._call_impl(*args, **kwargs)\n  File \"/home/lijiaxing/.conda/envs/api/lib/python3.10/site-packages/torch/nn/modules/module.py\", line 1784, in _call_impl\n    return forward_call(*args, **kwargs)\n  File \"/tmp/tmpiro4d4iz.py\", line 75, in forward\n    cumsum_kernel[grid](\n  File \"/home/l
2025-08-12 18:15:44,654 - openevolve.RemoteSpeedupEvaluator - INFO - [level1_89_cumsum] âœ˜ wrong_answer
2025-08-12 18:15:44,654 - openevolve.evaluator - INFO - Evaluated program 8e68c8a7-ccbf-425d-a7e2-e3afff6ce042 in 2.47s: compiled=1.0000, correctness=0.0000, score=10.0000, stage=wrong_answer, verify_payload={'id': 'level1_89_cumsum', 'result': {'compiled': True, 'correctness': False, 'metadata': {'hardware': 'NVIDIA L20Y', 'device': 'cuda:4', 'runtime_error': 'Traceback (most recent call last):\n  File "/cpfs01/shared/llm_kernel/hujiakai/KernelLLM/validation_api_server/helpers/evaluations.py", line 720, in run_and_check_correctness\n    output_new = model_new(*inputs)\n  File "/home/lijiaxing/.conda/envs/api/lib/python3.10/site-packages/torch/nn/modules/module.py", line 1773, in _wrapped_call_impl\n    return self._call_impl(*args, **kwargs)\n  File "/home/lijiaxing/.conda/envs/api/lib/python3.10/site-packages/torch/nn/modules/module.py", line 1784, in _call_impl\n    return forward_call(*args, **kwargs)\n  File "/tmp/tmpiro4d4iz.py", line 75, in forward\n    cumsum_kernel[grid](\n  File "/home/lijiaxing/.conda/envs/api/lib/python3.10/site-packages/triton/runtime/jit.py", line 390, in <lambda>\n    return lambda *args, **kwargs: self.run(grid=grid, warmup=False, *args, **kwargs)\n  File "/home/lijiaxing/.conda/envs/api/lib/python3.10/site-packages/triton/runtime/autotuner.py", line 239, in run\n    benchmark()\n  File "/home/lijiaxing/.conda/envs/api/lib/python3.10/site-packages/triton/runtime/autotuner.py", line 228, in benchmark\n    timings = {config: self._bench(*args, config=config, **kwargs) for config in pruned_configs}\n  File "/home/lijiaxing/.conda/envs/api/lib/python3.10/site-packages/triton/runtime/autotuner.py", line 228, in <dictcomp>\n    timings = {config: self._bench(*args, config=config, **kwargs) for config in pruned_configs}\n  File "/home/lijiaxing/.conda/envs/api/lib/python3.10/site-packages/triton/runtime/autotuner.py", line 135, in _bench\n    raise ValueError(f"Conflicting meta-parameters: {\', \'.join(conflicts)}."\nValueError: Conflicting meta-parameters: BLOCK_SIZE. Make sure that you don\'t re-define auto-tuned symbols.\n', 'runtime_error_name': 'builtins.ValueError', 'reference_timing_ms': 0.016, 'speed_up': -1.0, 'custom_timing': -1.0}, 'runtime': -1.0, 'runtime_stats': {}}}
2025-08-12 18:15:44,658 - openevolve.llm.ensemble - INFO - Sampled model: deepseek
2025-08-12 18:15:44,660 - openevolve.database - INFO - New MAP-Elites cell occupied: {'score': 9, 'complexity': 7}
2025-08-12 18:15:44,660 - openevolve.database - INFO - Population size (26) exceeds limit (25), removing 1 programs
2025-08-12 18:15:44,661 - openevolve.database - INFO - Population size after cleanup: 25
2025-08-12 18:15:44,672 - openevolve.threaded_parallel - INFO - Iteration 6: Program 8e68c8a7-ccbf-425d-a7e2-e3afff6ce042 (parent: 47eafffe-dddf-4415-873e-fa18e1328770) completed in 1238.19s
2025-08-12 18:15:44,672 - openevolve.threaded_parallel - INFO - Metrics: compiled=1.0000, correctness=0.0000, score=10.0000, stage=wrong_answer, verify_payload={'id': 'level1_89_cumsum', 'result': {'compiled': True, 'correctness': False, 'metadata': {'hardware': 'NVIDIA L20Y', 'device': 'cuda:4', 'runtime_error': 'Traceback (most recent call last):\n  File "/cpfs01/shared/llm_kernel/hujiakai/KernelLLM/validation_api_server/helpers/evaluations.py", line 720, in run_and_check_correctness\n    output_new = model_new(*inputs)\n  File "/home/lijiaxing/.conda/envs/api/lib/python3.10/site-packages/torch/nn/modules/module.py", line 1773, in _wrapped_call_impl\n    return self._call_impl(*args, **kwargs)\n  File "/home/lijiaxing/.conda/envs/api/lib/python3.10/site-packages/torch/nn/modules/module.py", line 1784, in _call_impl\n    return forward_call(*args, **kwargs)\n  File "/tmp/tmpiro4d4iz.py", line 75, in forward\n    cumsum_kernel[grid](\n  File "/home/lijiaxing/.conda/envs/api/lib/python3.10/site-packages/triton/runtime/jit.py", line 390, in <lambda>\n    return lambda *args, **kwargs: self.run(grid=grid, warmup=False, *args, **kwargs)\n  File "/home/lijiaxing/.conda/envs/api/lib/python3.10/site-packages/triton/runtime/autotuner.py", line 239, in run\n    benchmark()\n  File "/home/lijiaxing/.conda/envs/api/lib/python3.10/site-packages/triton/runtime/autotuner.py", line 228, in benchmark\n    timings = {config: self._bench(*args, config=config, **kwargs) for config in pruned_configs}\n  File "/home/lijiaxing/.conda/envs/api/lib/python3.10/site-packages/triton/runtime/autotuner.py", line 228, in <dictcomp>\n    timings = {config: self._bench(*args, config=config, **kwargs) for config in pruned_configs}\n  File "/home/lijiaxing/.conda/envs/api/lib/python3.10/site-packages/triton/runtime/autotuner.py", line 135, in _bench\n    raise ValueError(f"Conflicting meta-parameters: {\', \'.join(conflicts)}."\nValueError: Conflicting meta-parameters: BLOCK_SIZE. Make sure that you don\'t re-define auto-tuned symbols.\n', 'runtime_error_name': 'builtins.ValueError', 'reference_timing_ms': 0.016, 'speed_up': -1.0, 'custom_timing': -1.0}, 'runtime': -1.0, 'runtime_stats': {}}}
2025-08-12 18:15:44,672 - openevolve.threaded_parallel - INFO - Checkpoint interval reached at iteration 6
2025-08-12 18:15:44,673 - openevolve.database - INFO - Island Status:
2025-08-12 18:15:44,673 - openevolve.database - INFO -    Island 0: 9 programs, best=20.0000, avg=14.4444, diversity=48.78, gen=4 (best: 5269320d-ab1d-461a-be8e-4ce8b2f14229)
2025-08-12 18:15:44,673 - openevolve.database - INFO -  * Island 1: 8 programs, best=20.0000, avg=13.7500, diversity=264.62, gen=3 (best: be168790-a738-4876-a336-e1ca075455f1)
2025-08-12 18:15:44,673 - openevolve.database - INFO -    Island 2: 8 programs, best=20.0000, avg=12.5000, diversity=185.93, gen=2 (best: fe0be35f-2068-4909-ace8-1bbc6c523b8d)
2025-08-12 18:15:44,914 - openevolve.database - INFO - Saved database with 25 programs to openevolve_output/level1_89_cumsum/checkpoints/checkpoint_6
2025-08-12 18:15:44,922 - openevolve.controller - INFO - Saved best program at checkpoint 6 with metrics: compiled=1.0000, correctness=1.0000, stage=success, passed=0.0000, score=20.0000, speed_up=0.3230, runtime_ms=0.0496, meta={'hardware': 'NVIDIA L20Y', 'device': 'cuda:1', 'correctness_trials': '(5 / 5)', 'reference_timing_ms': 0.016, 'speed_up': 0.323, 'custom_timing': 0.0496}
2025-08-12 18:15:44,922 - openevolve.controller - INFO - Saved checkpoint at iteration 6 to openevolve_output/level1_89_cumsum/checkpoints/checkpoint_6
2025-08-12 18:19:54,823 - openevolve.RemoteSpeedupEvaluator - INFO - [level1_89_cumsum] triton key words check pass
2025-08-12 18:19:54,824 - openevolve.RemoteSpeedupEvaluator - INFO - [level1_89_cumsum] verify_plus payload: reference_code(1620 chars) + custom_code(2162 chars)
2025-08-12 18:19:57,818 - openevolve.RemoteSpeedupEvaluator - INFO - [level1_89_cumsum] verify_plus request success
2025-08-12 18:19:57,818 - openevolve.RemoteSpeedupEvaluator - INFO - [level1_89_cumsum] verify_plus response: {"id":"level1_89_cumsum","result":{"compiled":true,"correctness":true,"metadata":{"hardware":"NVIDIA L20Y","device":"cuda:6","correctness_trials":"(5 / 5)","reference_timing_ms":0.016,"speed_up":0.317,"custom_timing":0.0504},"runtime":0.0504,"runtime_stats":{"mean":0.0504,"std":0.0102,"min":0.0457,"max":0.117,"num_trials":100,"hardware":"NVIDIA L20Y","device":"cuda:6"}}}
2025-08-12 18:19:57,818 - openevolve.RemoteSpeedupEvaluator - INFO - [level1_89_cumsum] âœ” success | speed_up=0.317  score=20.00
2025-08-12 18:19:57,819 - openevolve.evaluator - INFO - Evaluated program 0db06966-49fb-46ab-926a-e996e0ed5964 in 3.00s: compiled=1.0000, correctness=1.0000, stage=success, passed=0.0000, score=20.0000, speed_up=0.3170, runtime_ms=0.0504, meta={'hardware': 'NVIDIA L20Y', 'device': 'cuda:6', 'correctness_trials': '(5 / 5)', 'reference_timing_ms': 0.016, 'speed_up': 0.317, 'custom_timing': 0.0504}
2025-08-12 18:19:57,823 - openevolve.llm.ensemble - INFO - Sampled model: deepseek
2025-08-12 18:19:57,827 - openevolve.database - INFO - MAP-Elites cell improved: {'score': 9, 'complexity': 4} (fitness: 10.000 -> 20.000)
2025-08-12 18:19:57,827 - openevolve.database - INFO - Population size (26) exceeds limit (25), removing 1 programs
2025-08-12 18:19:57,827 - openevolve.database - INFO - Population size after cleanup: 25
2025-08-12 18:19:57,909 - openevolve.threaded_parallel - INFO - Iteration 10: Program 0db06966-49fb-46ab-926a-e996e0ed5964 (parent: f4032ab6-9ff4-4d8f-9586-34e81e7f0912) completed in 415.86s
2025-08-12 18:19:57,909 - openevolve.threaded_parallel - INFO - Metrics: compiled=1.0000, correctness=1.0000, stage=success, passed=0.0000, score=20.0000, speed_up=0.3170, runtime_ms=0.0504, meta={'hardware': 'NVIDIA L20Y', 'device': 'cuda:6', 'correctness_trials': '(5 / 5)', 'reference_timing_ms': 0.016, 'speed_up': 0.317, 'custom_timing': 0.0504}
2025-08-12 18:20:20,999 - openevolve.RemoteSpeedupEvaluator - INFO - [level1_89_cumsum] âœ˜ invalid_answer 'import triton' is not found
2025-08-12 18:20:20,999 - openevolve.evaluator - INFO - Evaluated program ee3b6cc7-a5da-4411-9f3b-583aae478238 in 0.00s: compiled=0.0000, correctness=0.0000, score=-100.0000, stage=no_valid_triton_code, feedback=You need to generate real and valid triton code for the core function. The key word 'import triton' is not found.
2025-08-12 18:20:21,003 - openevolve.llm.ensemble - INFO - Sampled model: deepseek
2025-08-12 18:20:21,006 - openevolve.database - INFO - New MAP-Elites cell occupied: {'score': -1000, 'complexity': 0}
2025-08-12 18:20:21,006 - openevolve.database - INFO - Population size (26) exceeds limit (25), removing 1 programs
2025-08-12 18:20:21,006 - openevolve.database - INFO - Population size after cleanup: 25
2025-08-12 18:20:21,017 - openevolve.threaded_parallel - INFO - Iteration 11: Program ee3b6cc7-a5da-4411-9f3b-583aae478238 (parent: d5bcfa39-1285-4b61-bf2c-d0789888fd84) completed in 276.34s
2025-08-12 18:20:21,017 - openevolve.threaded_parallel - INFO - Metrics: compiled=0.0000, correctness=0.0000, score=-100.0000, stage=no_valid_triton_code, feedback=You need to generate real and valid triton code for the core function. The key word 'import triton' is not found.
2025-08-12 18:24:02,932 - openevolve.RemoteSpeedupEvaluator - INFO - [level1_89_cumsum] triton key words check pass
2025-08-12 18:24:02,932 - openevolve.RemoteSpeedupEvaluator - INFO - [level1_89_cumsum] verify_plus payload: reference_code(1620 chars) + custom_code(2630 chars)
2025-08-12 18:24:05,898 - openevolve.RemoteSpeedupEvaluator - INFO - [level1_89_cumsum] verify_plus request success
2025-08-12 18:24:05,899 - openevolve.RemoteSpeedupEvaluator - INFO - [level1_89_cumsum] verify_plus response: {"id":"level1_89_cumsum","result":{"compiled":true,"correctness":false,"metadata":{"hardware":"NVIDIA L20Y","device":"cuda:7","runtime_error":"Traceback (most recent call last):\n  File \"/cpfs01/shared/llm_kernel/hujiakai/KernelLLM/validation_api_server/helpers/evaluations.py\", line 720, in run_and_check_correctness\n    output_new = model_new(*inputs)\n  File \"/home/lijiaxing/.conda/envs/api/lib/python3.10/site-packages/torch/nn/modules/module.py\", line 1773, in _wrapped_call_impl\n    return self._call_impl(*args, **kwargs)\n  File \"/home/lijiaxing/.conda/envs/api/lib/python3.10/site-packages/torch/nn/modules/module.py\", line 1784, in _call_impl\n    return forward_call(*args, **kwargs)\n  File \"/tmp/tmpj7vhaee4.py\", line 71, in forward\n    _cumsum_kernel[grid](\n  File \"/home/
2025-08-12 18:24:05,899 - openevolve.RemoteSpeedupEvaluator - INFO - [level1_89_cumsum] âœ˜ wrong_answer
2025-08-12 18:24:05,899 - openevolve.evaluator - INFO - Evaluated program 3293317b-97fb-40f4-b7eb-72c40e26e9a0 in 2.97s: compiled=1.0000, correctness=0.0000, score=10.0000, stage=wrong_answer, verify_payload={'id': 'level1_89_cumsum', 'result': {'compiled': True, 'correctness': False, 'metadata': {'hardware': 'NVIDIA L20Y', 'device': 'cuda:7', 'runtime_error': 'Traceback (most recent call last):\n  File "/cpfs01/shared/llm_kernel/hujiakai/KernelLLM/validation_api_server/helpers/evaluations.py", line 720, in run_and_check_correctness\n    output_new = model_new(*inputs)\n  File "/home/lijiaxing/.conda/envs/api/lib/python3.10/site-packages/torch/nn/modules/module.py", line 1773, in _wrapped_call_impl\n    return self._call_impl(*args, **kwargs)\n  File "/home/lijiaxing/.conda/envs/api/lib/python3.10/site-packages/torch/nn/modules/module.py", line 1784, in _call_impl\n    return forward_call(*args, **kwargs)\n  File "/tmp/tmpj7vhaee4.py", line 71, in forward\n    _cumsum_kernel[grid](\n  File "/home/lijiaxing/.conda/envs/api/lib/python3.10/site-packages/triton/runtime/jit.py", line 390, in <lambda>\n    return lambda *args, **kwargs: self.run(grid=grid, warmup=False, *args, **kwargs)\n  File "/home/lijiaxing/.conda/envs/api/lib/python3.10/site-packages/triton/runtime/jit.py", line 594, in run\n    kernel = self.compile(src, target=target, options=options.__dict__)\n  File "/home/lijiaxing/.conda/envs/api/lib/python3.10/site-packages/triton/compiler/compiler.py", line 339, in compile\n    module = src.make_ir(options, codegen_fns, module_map, context)\n  File "/home/lijiaxing/.conda/envs/api/lib/python3.10/site-packages/triton/compiler/compiler.py", line 83, in make_ir\n    return ast_to_ttir(self.fn, self, context=context, options=options, codegen_fns=codegen_fns,\ntriton.compiler.errors.CompilationError: at 25:70:\n    cumulative = 0.0\n    num_chunks = tl.cdiv(L, BLOCK_SIZE)\n\n    for chunk_idx in range(0, num_chunks):\n        offs_chunk = chunk_idx * BLOCK_SIZE\n        offs = offs_chunk + tl.arange(0, BLOCK_SIZE)\n        mask = offs < L\n\n        x_ptrs = row_start_x + offs * stride_x_inner\n        chunk = tl.load(x_ptrs, mask=mask, other=0.0)\n\n        scanned_chunk = tl.associative_scan(chunk, axis=0, combine_fn=add_combine)\n                                                                      ^\nNameError("Cannot access global variable add_combine from within @jit\'ed function. Triton kernels can only access global variables that are instanstiated as constexpr (`x = triton.language.constexpr(42)`). Note that this is different from annotating a variable as constexpr (`x: triton.language.constexpr = 42`), which is not supported.  Alternatively, set the envvar TRITON_ALLOW_NON_CONSTEXPR_GLOBALS=1, but we do not promise to support this forever.")\n\n\nThe above exception was the direct cause of the following exception:\n\nNameError: Cannot access global variable add_combine from within @jit\'ed function. Triton kernels can only access global variables that are instanstiated as constexpr (`x = triton.language.constexpr(42)`). Note that this is different from annotating a variable as constexpr (`x: triton.language.constexpr = 42`), which is not supported.  Alternatively, set the envvar TRITON_ALLOW_NON_CONSTEXPR_GLOBALS=1, but we do not promise to support this forever.\n', 'runtime_error_name': 'triton.compiler.errors.CompilationError', 'reference_timing_ms': 0.016, 'speed_up': -1.0, 'custom_timing': -1.0}, 'runtime': -1.0, 'runtime_stats': {}}}
2025-08-12 18:24:05,905 - openevolve.llm.ensemble - INFO - Sampled model: deepseek
2025-08-12 18:24:05,907 - openevolve.database - INFO - Population size (26) exceeds limit (25), removing 1 programs
2025-08-12 18:24:05,907 - openevolve.database - INFO - Population size after cleanup: 25
2025-08-12 18:24:05,919 - openevolve.threaded_parallel - INFO - Iteration 9: Program 3293317b-97fb-40f4-b7eb-72c40e26e9a0 (parent: be168790-a738-4876-a336-e1ca075455f1) completed in 1008.03s
2025-08-12 18:24:05,919 - openevolve.threaded_parallel - INFO - Metrics: compiled=1.0000, correctness=0.0000, score=10.0000, stage=wrong_answer, verify_payload={'id': 'level1_89_cumsum', 'result': {'compiled': True, 'correctness': False, 'metadata': {'hardware': 'NVIDIA L20Y', 'device': 'cuda:7', 'runtime_error': 'Traceback (most recent call last):\n  File "/cpfs01/shared/llm_kernel/hujiakai/KernelLLM/validation_api_server/helpers/evaluations.py", line 720, in run_and_check_correctness\n    output_new = model_new(*inputs)\n  File "/home/lijiaxing/.conda/envs/api/lib/python3.10/site-packages/torch/nn/modules/module.py", line 1773, in _wrapped_call_impl\n    return self._call_impl(*args, **kwargs)\n  File "/home/lijiaxing/.conda/envs/api/lib/python3.10/site-packages/torch/nn/modules/module.py", line 1784, in _call_impl\n    return forward_call(*args, **kwargs)\n  File "/tmp/tmpj7vhaee4.py", line 71, in forward\n    _cumsum_kernel[grid](\n  File "/home/lijiaxing/.conda/envs/api/lib/python3.10/site-packages/triton/runtime/jit.py", line 390, in <lambda>\n    return lambda *args, **kwargs: self.run(grid=grid, warmup=False, *args, **kwargs)\n  File "/home/lijiaxing/.conda/envs/api/lib/python3.10/site-packages/triton/runtime/jit.py", line 594, in run\n    kernel = self.compile(src, target=target, options=options.__dict__)\n  File "/home/lijiaxing/.conda/envs/api/lib/python3.10/site-packages/triton/compiler/compiler.py", line 339, in compile\n    module = src.make_ir(options, codegen_fns, module_map, context)\n  File "/home/lijiaxing/.conda/envs/api/lib/python3.10/site-packages/triton/compiler/compiler.py", line 83, in make_ir\n    return ast_to_ttir(self.fn, self, context=context, options=options, codegen_fns=codegen_fns,\ntriton.compiler.errors.CompilationError: at 25:70:\n    cumulative = 0.0\n    num_chunks = tl.cdiv(L, BLOCK_SIZE)\n\n    for chunk_idx in range(0, num_chunks):\n        offs_chunk = chunk_idx * BLOCK_SIZE\n        offs = offs_chunk + tl.arange(0, BLOCK_SIZE)\n        mask = offs < L\n\n        x_ptrs = row_start_x + offs * stride_x_inner\n        chunk = tl.load(x_ptrs, mask=mask, other=0.0)\n\n        scanned_chunk = tl.associative_scan(chunk, axis=0, combine_fn=add_combine)\n                                                                      ^\nNameError("Cannot access global variable add_combine from within @jit\'ed function. Triton kernels can only access global variables that are instanstiated as constexpr (`x = triton.language.constexpr(42)`). Note that this is different from annotating a variable as constexpr (`x: triton.language.constexpr = 42`), which is not supported.  Alternatively, set the envvar TRITON_ALLOW_NON_CONSTEXPR_GLOBALS=1, but we do not promise to support this forever.")\n\n\nThe above exception was the direct cause of the following exception:\n\nNameError: Cannot access global variable add_combine from within @jit\'ed function. Triton kernels can only access global variables that are instanstiated as constexpr (`x = triton.language.constexpr(42)`). Note that this is different from annotating a variable as constexpr (`x: triton.language.constexpr = 42`), which is not supported.  Alternatively, set the envvar TRITON_ALLOW_NON_CONSTEXPR_GLOBALS=1, but we do not promise to support this forever.\n', 'runtime_error_name': 'triton.compiler.errors.CompilationError', 'reference_timing_ms': 0.016, 'speed_up': -1.0, 'custom_timing': -1.0}, 'runtime': -1.0, 'runtime_stats': {}}}
2025-08-12 18:24:05,919 - openevolve.threaded_parallel - INFO - Checkpoint interval reached at iteration 9
2025-08-12 18:24:05,920 - openevolve.database - INFO - Island Status:
2025-08-12 18:24:05,920 - openevolve.database - INFO -    Island 0: 9 programs, best=20.0000, avg=14.4444, diversity=87.32, gen=5 (best: 5269320d-ab1d-461a-be8e-4ce8b2f14229)
2025-08-12 18:24:05,920 - openevolve.database - INFO -  * Island 1: 8 programs, best=20.0000, avg=15.0000, diversity=255.55, gen=4 (best: be168790-a738-4876-a336-e1ca075455f1)
2025-08-12 18:24:05,920 - openevolve.database - INFO -    Island 2: 8 programs, best=20.0000, avg=12.5000, diversity=185.93, gen=3 (best: fe0be35f-2068-4909-ace8-1bbc6c523b8d)
2025-08-12 18:24:06,178 - openevolve.database - INFO - Saved database with 25 programs to openevolve_output/level1_89_cumsum/checkpoints/checkpoint_9
2025-08-12 18:24:06,184 - openevolve.controller - INFO - Saved best program at checkpoint 9 with metrics: compiled=1.0000, correctness=1.0000, stage=success, passed=0.0000, score=20.0000, speed_up=0.3230, runtime_ms=0.0496, meta={'hardware': 'NVIDIA L20Y', 'device': 'cuda:1', 'correctness_trials': '(5 / 5)', 'reference_timing_ms': 0.016, 'speed_up': 0.323, 'custom_timing': 0.0496}
2025-08-12 18:24:06,184 - openevolve.controller - INFO - Saved checkpoint at iteration 9 to openevolve_output/level1_89_cumsum/checkpoints/checkpoint_9
2025-08-12 18:31:06,003 - openevolve.RemoteSpeedupEvaluator - INFO - [level1_89_cumsum] triton key words check pass
2025-08-12 18:31:06,004 - openevolve.RemoteSpeedupEvaluator - INFO - [level1_89_cumsum] verify_plus payload: reference_code(1620 chars) + custom_code(3042 chars)
2025-08-12 18:31:08,357 - openevolve.RemoteSpeedupEvaluator - INFO - [level1_89_cumsum] verify_plus request success
2025-08-12 18:31:08,357 - openevolve.RemoteSpeedupEvaluator - INFO - [level1_89_cumsum] verify_plus response: {"id":"level1_89_cumsum","result":{"compiled":true,"correctness":false,"metadata":{"hardware":"NVIDIA L20Y","device":"cuda:3","runtime_error":"Traceback (most recent call last):\n  File \"/cpfs01/shared/llm_kernel/hujiakai/KernelLLM/validation_api_server/helpers/evaluations.py\", line 720, in run_and_check_correctness\n    output_new = model_new(*inputs)\n  File \"/home/lijiaxing/.conda/envs/api/lib/python3.10/site-packages/torch/nn/modules/module.py\", line 1773, in _wrapped_call_impl\n    return self._call_impl(*args, **kwargs)\n  File \"/home/lijiaxing/.conda/envs/api/lib/python3.10/site-packages/torch/nn/modules/module.py\", line 1784, in _call_impl\n    return forward_call(*args, **kwargs)\n  File \"/tmp/tmpcuwbgq1x.py\", line 77, in forward\n    cumsum_kernel[grid](\n  File \"/home/l
2025-08-12 18:31:08,357 - openevolve.RemoteSpeedupEvaluator - INFO - [level1_89_cumsum] âœ˜ wrong_answer
2025-08-12 18:31:08,358 - openevolve.evaluator - INFO - Evaluated program bcea0183-e6a8-4590-a831-c9668e5736d8 in 2.36s: compiled=1.0000, correctness=0.0000, score=10.0000, stage=wrong_answer, verify_payload={'id': 'level1_89_cumsum', 'result': {'compiled': True, 'correctness': False, 'metadata': {'hardware': 'NVIDIA L20Y', 'device': 'cuda:3', 'runtime_error': 'Traceback (most recent call last):\n  File "/cpfs01/shared/llm_kernel/hujiakai/KernelLLM/validation_api_server/helpers/evaluations.py", line 720, in run_and_check_correctness\n    output_new = model_new(*inputs)\n  File "/home/lijiaxing/.conda/envs/api/lib/python3.10/site-packages/torch/nn/modules/module.py", line 1773, in _wrapped_call_impl\n    return self._call_impl(*args, **kwargs)\n  File "/home/lijiaxing/.conda/envs/api/lib/python3.10/site-packages/torch/nn/modules/module.py", line 1784, in _call_impl\n    return forward_call(*args, **kwargs)\n  File "/tmp/tmpcuwbgq1x.py", line 77, in forward\n    cumsum_kernel[grid](\n  File "/home/lijiaxing/.conda/envs/api/lib/python3.10/site-packages/triton/runtime/jit.py", line 390, in <lambda>\n    return lambda *args, **kwargs: self.run(grid=grid, warmup=False, *args, **kwargs)\n  File "/home/lijiaxing/.conda/envs/api/lib/python3.10/site-packages/triton/runtime/autotuner.py", line 239, in run\n    benchmark()\n  File "/home/lijiaxing/.conda/envs/api/lib/python3.10/site-packages/triton/runtime/autotuner.py", line 228, in benchmark\n    timings = {config: self._bench(*args, config=config, **kwargs) for config in pruned_configs}\n  File "/home/lijiaxing/.conda/envs/api/lib/python3.10/site-packages/triton/runtime/autotuner.py", line 228, in <dictcomp>\n    timings = {config: self._bench(*args, config=config, **kwargs) for config in pruned_configs}\n  File "/home/lijiaxing/.conda/envs/api/lib/python3.10/site-packages/triton/runtime/autotuner.py", line 135, in _bench\n    raise ValueError(f"Conflicting meta-parameters: {\', \'.join(conflicts)}."\nValueError: Conflicting meta-parameters: BLOCK_SIZE. Make sure that you don\'t re-define auto-tuned symbols.\n', 'runtime_error_name': 'builtins.ValueError', 'reference_timing_ms': 0.016, 'speed_up': -1.0, 'custom_timing': -1.0}, 'runtime': -1.0, 'runtime_stats': {}}}
2025-08-12 18:31:08,361 - openevolve.database - INFO - Population size (26) exceeds limit (25), removing 1 programs
2025-08-12 18:31:08,361 - openevolve.database - INFO - Population size after cleanup: 25
2025-08-12 18:31:08,362 - openevolve.llm.ensemble - INFO - Sampled model: deepseek
2025-08-12 18:31:08,373 - openevolve.threaded_parallel - INFO - Iteration 13: Program bcea0183-e6a8-4590-a831-c9668e5736d8 (parent: fe0be35f-2068-4909-ace8-1bbc6c523b8d) completed in 647.35s
2025-08-12 18:31:08,373 - openevolve.threaded_parallel - INFO - Metrics: compiled=1.0000, correctness=0.0000, score=10.0000, stage=wrong_answer, verify_payload={'id': 'level1_89_cumsum', 'result': {'compiled': True, 'correctness': False, 'metadata': {'hardware': 'NVIDIA L20Y', 'device': 'cuda:3', 'runtime_error': 'Traceback (most recent call last):\n  File "/cpfs01/shared/llm_kernel/hujiakai/KernelLLM/validation_api_server/helpers/evaluations.py", line 720, in run_and_check_correctness\n    output_new = model_new(*inputs)\n  File "/home/lijiaxing/.conda/envs/api/lib/python3.10/site-packages/torch/nn/modules/module.py", line 1773, in _wrapped_call_impl\n    return self._call_impl(*args, **kwargs)\n  File "/home/lijiaxing/.conda/envs/api/lib/python3.10/site-packages/torch/nn/modules/module.py", line 1784, in _call_impl\n    return forward_call(*args, **kwargs)\n  File "/tmp/tmpcuwbgq1x.py", line 77, in forward\n    cumsum_kernel[grid](\n  File "/home/lijiaxing/.conda/envs/api/lib/python3.10/site-packages/triton/runtime/jit.py", line 390, in <lambda>\n    return lambda *args, **kwargs: self.run(grid=grid, warmup=False, *args, **kwargs)\n  File "/home/lijiaxing/.conda/envs/api/lib/python3.10/site-packages/triton/runtime/autotuner.py", line 239, in run\n    benchmark()\n  File "/home/lijiaxing/.conda/envs/api/lib/python3.10/site-packages/triton/runtime/autotuner.py", line 228, in benchmark\n    timings = {config: self._bench(*args, config=config, **kwargs) for config in pruned_configs}\n  File "/home/lijiaxing/.conda/envs/api/lib/python3.10/site-packages/triton/runtime/autotuner.py", line 228, in <dictcomp>\n    timings = {config: self._bench(*args, config=config, **kwargs) for config in pruned_configs}\n  File "/home/lijiaxing/.conda/envs/api/lib/python3.10/site-packages/triton/runtime/autotuner.py", line 135, in _bench\n    raise ValueError(f"Conflicting meta-parameters: {\', \'.join(conflicts)}."\nValueError: Conflicting meta-parameters: BLOCK_SIZE. Make sure that you don\'t re-define auto-tuned symbols.\n', 'runtime_error_name': 'builtins.ValueError', 'reference_timing_ms': 0.016, 'speed_up': -1.0, 'custom_timing': -1.0}, 'runtime': -1.0, 'runtime_stats': {}}}
2025-08-12 18:31:50,322 - openevolve.RemoteSpeedupEvaluator - INFO - [level1_89_cumsum] triton key words check pass
2025-08-12 18:31:50,322 - openevolve.RemoteSpeedupEvaluator - INFO - [level1_89_cumsum] verify_plus payload: reference_code(1620 chars) + custom_code(2039 chars)
2025-08-12 18:31:53,231 - openevolve.RemoteSpeedupEvaluator - INFO - [level1_89_cumsum] verify_plus request success
2025-08-12 18:31:53,232 - openevolve.RemoteSpeedupEvaluator - INFO - [level1_89_cumsum] verify_plus response: {"id":"level1_89_cumsum","result":{"compiled":true,"correctness":false,"metadata":{"hardware":"NVIDIA L20Y","device":"cuda:4","runtime_error":"Traceback (most recent call last):\n  File \"/home/lijiaxing/.conda/envs/api/lib/python3.10/site-packages/triton/language/core.py\", line 42, in wrapper\n    return fn(*args, **kwargs)\n  File \"/home/lijiaxing/.conda/envs/api/lib/python3.10/site-packages/triton/language/core.py\", line 2727, in associative_scan\n    return associative_scan((input, ), axis, combine_fn, reverse, _semantic=_semantic, _generator=_generator)[0]\n  File \"/home/lijiaxing/.conda/envs/api/lib/python3.10/site-packages/triton/language/core.py\", line 42, in wrapper\n    return fn(*args, **kwargs)\n  File \"/home/lijiaxing/.conda/envs/api/lib/python3.10/site-packages/triton/l
2025-08-12 18:31:53,232 - openevolve.RemoteSpeedupEvaluator - INFO - [level1_89_cumsum] âœ˜ wrong_answer
2025-08-12 18:31:53,232 - openevolve.evaluator - INFO - Evaluated program c7d2abf2-b5be-4d19-a37e-1b2ce17fd5a6 in 2.91s: compiled=1.0000, correctness=0.0000, score=10.0000, stage=wrong_answer, verify_payload={'id': 'level1_89_cumsum', 'result': {'compiled': True, 'correctness': False, 'metadata': {'hardware': 'NVIDIA L20Y', 'device': 'cuda:4', 'runtime_error': 'Traceback (most recent call last):\n  File "/home/lijiaxing/.conda/envs/api/lib/python3.10/site-packages/triton/language/core.py", line 42, in wrapper\n    return fn(*args, **kwargs)\n  File "/home/lijiaxing/.conda/envs/api/lib/python3.10/site-packages/triton/language/core.py", line 2727, in associative_scan\n    return associative_scan((input, ), axis, combine_fn, reverse, _semantic=_semantic, _generator=_generator)[0]\n  File "/home/lijiaxing/.conda/envs/api/lib/python3.10/site-packages/triton/language/core.py", line 42, in wrapper\n    return fn(*args, **kwargs)\n  File "/home/lijiaxing/.conda/envs/api/lib/python3.10/site-packages/triton/language/core.py", line 2747, in associative_scan\n    return _semantic.associative_scan(input, axis, make_combine_region, reverse)\n  File "/home/lijiaxing/.conda/envs/api/lib/python3.10/site-packages/triton/language/semantic.py", line 1685, in associative_scan\n    region_builder_fn(scan_op)\n  File "/home/lijiaxing/.conda/envs/api/lib/python3.10/site-packages/triton/language/core.py", line 2737, in make_combine_region\n    results = _generator.call_JitFunction(combine_fn, args, kwargs={})\nAttributeError: \'function\' object has no attribute \'fn\'\n\nThe above exception was the direct cause of the following exception:\n\nTraceback (most recent call last):\n  File "/cpfs01/shared/llm_kernel/hujiakai/KernelLLM/validation_api_server/helpers/evaluations.py", line 720, in run_and_check_correctness\n    output_new = model_new(*inputs)\n  File "/home/lijiaxing/.conda/envs/api/lib/python3.10/site-packages/torch/nn/modules/module.py", line 1773, in _wrapped_call_impl\n    return self._call_impl(*args, **kwargs)\n  File "/home/lijiaxing/.conda/envs/api/lib/python3.10/site-packages/torch/nn/modules/module.py", line 1784, in _call_impl\n    return forward_call(*args, **kwargs)\n  File "/tmp/tmpinrjk55s.py", line 55, in forward\n    _cumsum_kernel[grid](\n  File "/home/lijiaxing/.conda/envs/api/lib/python3.10/site-packages/triton/runtime/jit.py", line 390, in <lambda>\n    return lambda *args, **kwargs: self.run(grid=grid, warmup=False, *args, **kwargs)\n  File "/home/lijiaxing/.conda/envs/api/lib/python3.10/site-packages/triton/runtime/jit.py", line 594, in run\n    kernel = self.compile(src, target=target, options=options.__dict__)\n  File "/home/lijiaxing/.conda/envs/api/lib/python3.10/site-packages/triton/compiler/compiler.py", line 339, in compile\n    module = src.make_ir(options, codegen_fns, module_map, context)\n  File "/home/lijiaxing/.conda/envs/api/lib/python3.10/site-packages/triton/compiler/compiler.py", line 83, in make_ir\n    return ast_to_ttir(self.fn, self, context=context, options=options, codegen_fns=codegen_fns,\ntriton.compiler.errors.CompilationError: at 24:24:\n    row_start_out = output_ptr + pid * stride_out_row\n    cumulative = 0.0\n    num_chunks = tl.cdiv(L, BLOCK_SIZE)\n\n    for chunk_idx in range(num_chunks):\n        offs_chunk = chunk_idx * BLOCK_SIZE\n        offs = offs_chunk + tl.arange(0, BLOCK_SIZE)\n        mask = offs < L\n\n        x_ptrs = row_start_x + offs * stride_x_inner\n        chunk = tl.load(x_ptrs, mask=mask, other=0.0)\n        scanned_chunk = tl.associative_scan(chunk, axis=0, combine_fn=tl.add)\n                        ^\n\n\nThe above exception was the direct cause of the following exception:\n\nTraceback (most recent call last):\n  File "/home/lijiaxing/.conda/envs/api/lib/python3.10/site-packages/triton/language/core.py", line 42, in wrapper\n    return fn(*args, **kwargs)\n  File "/home/lijiaxing/.conda/envs/api/lib/python3.10/site-packages/triton/language/core.py", line 2727, in associative_scan\n    return associative_scan((input, ), axis, combine_fn, reverse, _semantic=_semantic, _generator=_generator)[0]\n  File "/home/lijiaxing/.conda/envs/api/lib/python3.10/site-packages/triton/language/core.py", line 42, in wrapper\n    return fn(*args, **kwargs)\n  File "/home/lijiaxing/.conda/envs/api/lib/python3.10/site-packages/triton/language/core.py", line 2747, in associative_scan\n    return _semantic.associative_scan(input, axis, make_combine_region, reverse)\n  File "/home/lijiaxing/.conda/envs/api/lib/python3.10/site-packages/triton/language/semantic.py", line 1685, in associative_scan\n    region_builder_fn(scan_op)\n  File "/home/lijiaxing/.conda/envs/api/lib/python3.10/site-packages/triton/language/core.py", line 2737, in make_combine_region\n    results = _generator.call_JitFunction(combine_fn, args, kwargs={})\nAttributeError: \'function\' object has no attribute \'fn\'\n', 'runtime_error_name': 'triton.compiler.errors.CompilationError', 'reference_timing_ms': 0.016, 'speed_up': -1.0, 'custom_timing': -1.0}, 'runtime': -1.0, 'runtime_stats': {}}}
2025-08-12 18:31:53,237 - openevolve.llm.ensemble - INFO - Sampled model: deepseek
2025-08-12 18:31:53,241 - openevolve.database - INFO - New MAP-Elites cell occupied: {'score': 9, 'complexity': 3}
2025-08-12 18:31:53,241 - openevolve.database - INFO - Population size (26) exceeds limit (25), removing 1 programs
2025-08-12 18:31:53,241 - openevolve.database - INFO - Population size after cleanup: 25
2025-08-12 18:31:53,250 - openevolve.threaded_parallel - INFO - Iteration 12: Program c7d2abf2-b5be-4d19-a37e-1b2ce17fd5a6 (parent: 8137885c-675f-4b7e-9b88-1c206b1d7c3c) completed in 715.41s
2025-08-12 18:31:53,250 - openevolve.threaded_parallel - INFO - Metrics: compiled=1.0000, correctness=0.0000, score=10.0000, stage=wrong_answer, verify_payload={'id': 'level1_89_cumsum', 'result': {'compiled': True, 'correctness': False, 'metadata': {'hardware': 'NVIDIA L20Y', 'device': 'cuda:4', 'runtime_error': 'Traceback (most recent call last):\n  File "/home/lijiaxing/.conda/envs/api/lib/python3.10/site-packages/triton/language/core.py", line 42, in wrapper\n    return fn(*args, **kwargs)\n  File "/home/lijiaxing/.conda/envs/api/lib/python3.10/site-packages/triton/language/core.py", line 2727, in associative_scan\n    return associative_scan((input, ), axis, combine_fn, reverse, _semantic=_semantic, _generator=_generator)[0]\n  File "/home/lijiaxing/.conda/envs/api/lib/python3.10/site-packages/triton/language/core.py", line 42, in wrapper\n    return fn(*args, **kwargs)\n  File "/home/lijiaxing/.conda/envs/api/lib/python3.10/site-packages/triton/language/core.py", line 2747, in associative_scan\n    return _semantic.associative_scan(input, axis, make_combine_region, reverse)\n  File "/home/lijiaxing/.conda/envs/api/lib/python3.10/site-packages/triton/language/semantic.py", line 1685, in associative_scan\n    region_builder_fn(scan_op)\n  File "/home/lijiaxing/.conda/envs/api/lib/python3.10/site-packages/triton/language/core.py", line 2737, in make_combine_region\n    results = _generator.call_JitFunction(combine_fn, args, kwargs={})\nAttributeError: \'function\' object has no attribute \'fn\'\n\nThe above exception was the direct cause of the following exception:\n\nTraceback (most recent call last):\n  File "/cpfs01/shared/llm_kernel/hujiakai/KernelLLM/validation_api_server/helpers/evaluations.py", line 720, in run_and_check_correctness\n    output_new = model_new(*inputs)\n  File "/home/lijiaxing/.conda/envs/api/lib/python3.10/site-packages/torch/nn/modules/module.py", line 1773, in _wrapped_call_impl\n    return self._call_impl(*args, **kwargs)\n  File "/home/lijiaxing/.conda/envs/api/lib/python3.10/site-packages/torch/nn/modules/module.py", line 1784, in _call_impl\n    return forward_call(*args, **kwargs)\n  File "/tmp/tmpinrjk55s.py", line 55, in forward\n    _cumsum_kernel[grid](\n  File "/home/lijiaxing/.conda/envs/api/lib/python3.10/site-packages/triton/runtime/jit.py", line 390, in <lambda>\n    return lambda *args, **kwargs: self.run(grid=grid, warmup=False, *args, **kwargs)\n  File "/home/lijiaxing/.conda/envs/api/lib/python3.10/site-packages/triton/runtime/jit.py", line 594, in run\n    kernel = self.compile(src, target=target, options=options.__dict__)\n  File "/home/lijiaxing/.conda/envs/api/lib/python3.10/site-packages/triton/compiler/compiler.py", line 339, in compile\n    module = src.make_ir(options, codegen_fns, module_map, context)\n  File "/home/lijiaxing/.conda/envs/api/lib/python3.10/site-packages/triton/compiler/compiler.py", line 83, in make_ir\n    return ast_to_ttir(self.fn, self, context=context, options=options, codegen_fns=codegen_fns,\ntriton.compiler.errors.CompilationError: at 24:24:\n    row_start_out = output_ptr + pid * stride_out_row\n    cumulative = 0.0\n    num_chunks = tl.cdiv(L, BLOCK_SIZE)\n\n    for chunk_idx in range(num_chunks):\n        offs_chunk = chunk_idx * BLOCK_SIZE\n        offs = offs_chunk + tl.arange(0, BLOCK_SIZE)\n        mask = offs < L\n\n        x_ptrs = row_start_x + offs * stride_x_inner\n        chunk = tl.load(x_ptrs, mask=mask, other=0.0)\n        scanned_chunk = tl.associative_scan(chunk, axis=0, combine_fn=tl.add)\n                        ^\n\n\nThe above exception was the direct cause of the following exception:\n\nTraceback (most recent call last):\n  File "/home/lijiaxing/.conda/envs/api/lib/python3.10/site-packages/triton/language/core.py", line 42, in wrapper\n    return fn(*args, **kwargs)\n  File "/home/lijiaxing/.conda/envs/api/lib/python3.10/site-packages/triton/language/core.py", line 2727, in associative_scan\n    return associative_scan((input, ), axis, combine_fn, reverse, _semantic=_semantic, _generator=_generator)[0]\n  File "/home/lijiaxing/.conda/envs/api/lib/python3.10/site-packages/triton/language/core.py", line 42, in wrapper\n    return fn(*args, **kwargs)\n  File "/home/lijiaxing/.conda/envs/api/lib/python3.10/site-packages/triton/language/core.py", line 2747, in associative_scan\n    return _semantic.associative_scan(input, axis, make_combine_region, reverse)\n  File "/home/lijiaxing/.conda/envs/api/lib/python3.10/site-packages/triton/language/semantic.py", line 1685, in associative_scan\n    region_builder_fn(scan_op)\n  File "/home/lijiaxing/.conda/envs/api/lib/python3.10/site-packages/triton/language/core.py", line 2737, in make_combine_region\n    results = _generator.call_JitFunction(combine_fn, args, kwargs={})\nAttributeError: \'function\' object has no attribute \'fn\'\n', 'runtime_error_name': 'triton.compiler.errors.CompilationError', 'reference_timing_ms': 0.016, 'speed_up': -1.0, 'custom_timing': -1.0}, 'runtime': -1.0, 'runtime_stats': {}}}
2025-08-12 18:31:53,250 - openevolve.threaded_parallel - INFO - Checkpoint interval reached at iteration 12
2025-08-12 18:31:53,251 - openevolve.database - INFO - Island Status:
2025-08-12 18:31:53,251 - openevolve.database - INFO -  * Island 0: 8 programs, best=20.0000, avg=15.0000, diversity=124.18, gen=6 (best: 5269320d-ab1d-461a-be8e-4ce8b2f14229)
2025-08-12 18:31:53,251 - openevolve.database - INFO -    Island 1: 9 programs, best=20.0000, avg=14.4444, diversity=255.55, gen=4 (best: be168790-a738-4876-a336-e1ca075455f1)
2025-08-12 18:31:53,251 - openevolve.database - INFO -    Island 2: 8 programs, best=20.0000, avg=12.5000, diversity=106.77, gen=4 (best: fe0be35f-2068-4909-ace8-1bbc6c523b8d)
2025-08-12 18:31:53,610 - openevolve.database - INFO - Saved database with 25 programs to openevolve_output/level1_89_cumsum/checkpoints/checkpoint_12
2025-08-12 18:31:53,616 - openevolve.controller - INFO - Saved best program at checkpoint 12 with metrics: compiled=1.0000, correctness=1.0000, stage=success, passed=0.0000, score=20.0000, speed_up=0.3230, runtime_ms=0.0496, meta={'hardware': 'NVIDIA L20Y', 'device': 'cuda:1', 'correctness_trials': '(5 / 5)', 'reference_timing_ms': 0.016, 'speed_up': 0.323, 'custom_timing': 0.0496}
2025-08-12 18:31:53,616 - openevolve.controller - INFO - Saved checkpoint at iteration 12 to openevolve_output/level1_89_cumsum/checkpoints/checkpoint_12
2025-08-12 18:36:26,748 - openevolve.RemoteSpeedupEvaluator - INFO - [level1_89_cumsum] triton key words check pass
2025-08-12 18:36:26,749 - openevolve.RemoteSpeedupEvaluator - INFO - [level1_89_cumsum] verify_plus payload: reference_code(1620 chars) + custom_code(2959 chars)
2025-08-12 18:36:29,381 - openevolve.RemoteSpeedupEvaluator - INFO - [level1_89_cumsum] verify_plus request success
2025-08-12 18:36:29,381 - openevolve.RemoteSpeedupEvaluator - INFO - [level1_89_cumsum] verify_plus response: {"id":"level1_89_cumsum","result":{"compiled":true,"correctness":false,"metadata":{"hardware":"NVIDIA L20Y","device":"cuda:6","runtime_error":"Traceback (most recent call last):\n  File \"/cpfs01/shared/llm_kernel/hujiakai/KernelLLM/validation_api_server/helpers/evaluations.py\", line 720, in run_and_check_correctness\n    output_new = model_new(*inputs)\n  File \"/home/lijiaxing/.conda/envs/api/lib/python3.10/site-packages/torch/nn/modules/module.py\", line 1773, in _wrapped_call_impl\n    return self._call_impl(*args, **kwargs)\n  File \"/home/lijiaxing/.conda/envs/api/lib/python3.10/site-packages/torch/nn/modules/module.py\", line 1784, in _call_impl\n    return forward_call(*args, **kwargs)\n  File \"/tmp/tmpvmh94_jx.py\", line 75, in forward\n    cumsum_kernel[grid](\n  File \"/home/l
2025-08-12 18:36:29,381 - openevolve.RemoteSpeedupEvaluator - INFO - [level1_89_cumsum] âœ˜ wrong_answer
2025-08-12 18:36:29,382 - openevolve.evaluator - INFO - Evaluated program 2bb776e7-3753-4122-90b8-d82e5faa748a in 2.63s: compiled=1.0000, correctness=0.0000, score=10.0000, stage=wrong_answer, verify_payload={'id': 'level1_89_cumsum', 'result': {'compiled': True, 'correctness': False, 'metadata': {'hardware': 'NVIDIA L20Y', 'device': 'cuda:6', 'runtime_error': 'Traceback (most recent call last):\n  File "/cpfs01/shared/llm_kernel/hujiakai/KernelLLM/validation_api_server/helpers/evaluations.py", line 720, in run_and_check_correctness\n    output_new = model_new(*inputs)\n  File "/home/lijiaxing/.conda/envs/api/lib/python3.10/site-packages/torch/nn/modules/module.py", line 1773, in _wrapped_call_impl\n    return self._call_impl(*args, **kwargs)\n  File "/home/lijiaxing/.conda/envs/api/lib/python3.10/site-packages/torch/nn/modules/module.py", line 1784, in _call_impl\n    return forward_call(*args, **kwargs)\n  File "/tmp/tmpvmh94_jx.py", line 75, in forward\n    cumsum_kernel[grid](\n  File "/home/lijiaxing/.conda/envs/api/lib/python3.10/site-packages/triton/runtime/jit.py", line 390, in <lambda>\n    return lambda *args, **kwargs: self.run(grid=grid, warmup=False, *args, **kwargs)\n  File "/home/lijiaxing/.conda/envs/api/lib/python3.10/site-packages/triton/runtime/autotuner.py", line 239, in run\n    benchmark()\n  File "/home/lijiaxing/.conda/envs/api/lib/python3.10/site-packages/triton/runtime/autotuner.py", line 228, in benchmark\n    timings = {config: self._bench(*args, config=config, **kwargs) for config in pruned_configs}\n  File "/home/lijiaxing/.conda/envs/api/lib/python3.10/site-packages/triton/runtime/autotuner.py", line 228, in <dictcomp>\n    timings = {config: self._bench(*args, config=config, **kwargs) for config in pruned_configs}\n  File "/home/lijiaxing/.conda/envs/api/lib/python3.10/site-packages/triton/runtime/autotuner.py", line 135, in _bench\n    raise ValueError(f"Conflicting meta-parameters: {\', \'.join(conflicts)}."\nValueError: Conflicting meta-parameters: BLOCK_SIZE. Make sure that you don\'t re-define auto-tuned symbols.\n', 'runtime_error_name': 'builtins.ValueError', 'reference_timing_ms': 0.016, 'speed_up': -1.0, 'custom_timing': -1.0}, 'runtime': -1.0, 'runtime_stats': {}}}
2025-08-12 18:36:29,386 - openevolve.llm.ensemble - INFO - Sampled model: deepseek
2025-08-12 18:36:29,390 - openevolve.database - INFO - Population size (26) exceeds limit (25), removing 1 programs
2025-08-12 18:36:29,390 - openevolve.database - INFO - Population size after cleanup: 25
2025-08-12 18:36:29,404 - openevolve.threaded_parallel - INFO - Iteration 14: Program 2bb776e7-3753-4122-90b8-d82e5faa748a (parent: 47eafffe-dddf-4415-873e-fa18e1328770) completed in 743.48s
2025-08-12 18:36:29,404 - openevolve.threaded_parallel - INFO - Metrics: compiled=1.0000, correctness=0.0000, score=10.0000, stage=wrong_answer, verify_payload={'id': 'level1_89_cumsum', 'result': {'compiled': True, 'correctness': False, 'metadata': {'hardware': 'NVIDIA L20Y', 'device': 'cuda:6', 'runtime_error': 'Traceback (most recent call last):\n  File "/cpfs01/shared/llm_kernel/hujiakai/KernelLLM/validation_api_server/helpers/evaluations.py", line 720, in run_and_check_correctness\n    output_new = model_new(*inputs)\n  File "/home/lijiaxing/.conda/envs/api/lib/python3.10/site-packages/torch/nn/modules/module.py", line 1773, in _wrapped_call_impl\n    return self._call_impl(*args, **kwargs)\n  File "/home/lijiaxing/.conda/envs/api/lib/python3.10/site-packages/torch/nn/modules/module.py", line 1784, in _call_impl\n    return forward_call(*args, **kwargs)\n  File "/tmp/tmpvmh94_jx.py", line 75, in forward\n    cumsum_kernel[grid](\n  File "/home/lijiaxing/.conda/envs/api/lib/python3.10/site-packages/triton/runtime/jit.py", line 390, in <lambda>\n    return lambda *args, **kwargs: self.run(grid=grid, warmup=False, *args, **kwargs)\n  File "/home/lijiaxing/.conda/envs/api/lib/python3.10/site-packages/triton/runtime/autotuner.py", line 239, in run\n    benchmark()\n  File "/home/lijiaxing/.conda/envs/api/lib/python3.10/site-packages/triton/runtime/autotuner.py", line 228, in benchmark\n    timings = {config: self._bench(*args, config=config, **kwargs) for config in pruned_configs}\n  File "/home/lijiaxing/.conda/envs/api/lib/python3.10/site-packages/triton/runtime/autotuner.py", line 228, in <dictcomp>\n    timings = {config: self._bench(*args, config=config, **kwargs) for config in pruned_configs}\n  File "/home/lijiaxing/.conda/envs/api/lib/python3.10/site-packages/triton/runtime/autotuner.py", line 135, in _bench\n    raise ValueError(f"Conflicting meta-parameters: {\', \'.join(conflicts)}."\nValueError: Conflicting meta-parameters: BLOCK_SIZE. Make sure that you don\'t re-define auto-tuned symbols.\n', 'runtime_error_name': 'builtins.ValueError', 'reference_timing_ms': 0.016, 'speed_up': -1.0, 'custom_timing': -1.0}, 'runtime': -1.0, 'runtime_stats': {}}}
2025-08-12 18:43:07,479 - openevolve.RemoteSpeedupEvaluator - INFO - [level1_89_cumsum] triton key words check pass
2025-08-12 18:43:07,480 - openevolve.RemoteSpeedupEvaluator - INFO - [level1_89_cumsum] verify_plus payload: reference_code(1620 chars) + custom_code(2167 chars)
2025-08-12 18:43:10,325 - openevolve.RemoteSpeedupEvaluator - INFO - [level1_89_cumsum] verify_plus request success
2025-08-12 18:43:10,325 - openevolve.RemoteSpeedupEvaluator - INFO - [level1_89_cumsum] verify_plus response: {"id":"level1_89_cumsum","result":{"compiled":true,"correctness":false,"metadata":{"hardware":"NVIDIA L20Y","device":"cuda:1","runtime_error":"Traceback (most recent call last):\n  File \"/cpfs01/shared/llm_kernel/hujiakai/KernelLLM/validation_api_server/helpers/evaluations.py\", line 720, in run_and_check_correctness\n    output_new = model_new(*inputs)\n  File \"/home/lijiaxing/.conda/envs/api/lib/python3.10/site-packages/torch/nn/modules/module.py\", line 1773, in _wrapped_call_impl\n    return self._call_impl(*args, **kwargs)\n  File \"/home/lijiaxing/.conda/envs/api/lib/python3.10/site-packages/torch/nn/modules/module.py\", line 1784, in _call_impl\n    return forward_call(*args, **kwargs)\n  File \"/tmp/tmpt9ijz611.py\", line 60, in forward\n    _cumsum_kernel[grid](\n  File \"/home/
2025-08-12 18:43:10,325 - openevolve.RemoteSpeedupEvaluator - INFO - [level1_89_cumsum] âœ˜ wrong_answer
2025-08-12 18:43:10,326 - openevolve.evaluator - INFO - Evaluated program c70abbb2-edb3-4b2d-8f85-dff83a603b7c in 2.85s: compiled=1.0000, correctness=0.0000, score=10.0000, stage=wrong_answer, verify_payload={'id': 'level1_89_cumsum', 'result': {'compiled': True, 'correctness': False, 'metadata': {'hardware': 'NVIDIA L20Y', 'device': 'cuda:1', 'runtime_error': 'Traceback (most recent call last):\n  File "/cpfs01/shared/llm_kernel/hujiakai/KernelLLM/validation_api_server/helpers/evaluations.py", line 720, in run_and_check_correctness\n    output_new = model_new(*inputs)\n  File "/home/lijiaxing/.conda/envs/api/lib/python3.10/site-packages/torch/nn/modules/module.py", line 1773, in _wrapped_call_impl\n    return self._call_impl(*args, **kwargs)\n  File "/home/lijiaxing/.conda/envs/api/lib/python3.10/site-packages/torch/nn/modules/module.py", line 1784, in _call_impl\n    return forward_call(*args, **kwargs)\n  File "/tmp/tmpt9ijz611.py", line 60, in forward\n    _cumsum_kernel[grid](\n  File "/home/lijiaxing/.conda/envs/api/lib/python3.10/site-packages/triton/runtime/jit.py", line 390, in <lambda>\n    return lambda *args, **kwargs: self.run(grid=grid, warmup=False, *args, **kwargs)\n  File "/home/lijiaxing/.conda/envs/api/lib/python3.10/site-packages/triton/runtime/jit.py", line 594, in run\n    kernel = self.compile(src, target=target, options=options.__dict__)\n  File "/home/lijiaxing/.conda/envs/api/lib/python3.10/site-packages/triton/compiler/compiler.py", line 339, in compile\n    module = src.make_ir(options, codegen_fns, module_map, context)\n  File "/home/lijiaxing/.conda/envs/api/lib/python3.10/site-packages/triton/compiler/compiler.py", line 83, in make_ir\n    return ast_to_ttir(self.fn, self, context=context, options=options, codegen_fns=codegen_fns,\ntriton.compiler.errors.CompilationError: at 26:22:\n    num_chunks = tl.cdiv(L, BLOCK_SIZE)\n\n    for chunk_idx in range(0, num_chunks):\n        offs_chunk = chunk_idx * BLOCK_SIZE\n        offs = offs_chunk + tl.arange(0, BLOCK_SIZE)\n        mask = offs < L\n\n        x_ptrs = row_start_x + offs * stride_x_inner\n        chunk = tl.load(x_ptrs, mask=mask, other=0.0)\n\n        scanned_chunk = tl.associative_scan(chunk, axis=0, combine_fn=add_combine)\n        total_chunk = scanned_chunk[BLOCK_SIZE-1]\n                      ^\nValueError(\'unsupported tensor index: constexpr[1023]\')\n\n\nThe above exception was the direct cause of the following exception:\n\nTraceback (most recent call last):\n  File "/home/lijiaxing/.conda/envs/api/lib/python3.10/site-packages/triton/language/core.py", line 42, in wrapper\n    return fn(*args, **kwargs)\n  File "/home/lijiaxing/.conda/envs/api/lib/python3.10/site-packages/triton/language/core.py", line 1118, in __getitem__\n    raise ValueError(f"unsupported tensor index: {sl}")\nValueError: unsupported tensor index: constexpr[1023]\n', 'runtime_error_name': 'triton.compiler.errors.CompilationError', 'reference_timing_ms': 0.016, 'speed_up': -1.0, 'custom_timing': -1.0}, 'runtime': -1.0, 'runtime_stats': {}}}
2025-08-12 18:43:10,329 - openevolve.database - INFO - Population size (26) exceeds limit (25), removing 1 programs
2025-08-12 18:43:10,329 - openevolve.database - INFO - Population size after cleanup: 25
2025-08-12 18:43:10,330 - openevolve.llm.ensemble - INFO - Sampled model: deepseek
2025-08-12 18:43:10,341 - openevolve.threaded_parallel - INFO - Iteration 15: Program c70abbb2-edb3-4b2d-8f85-dff83a603b7c (parent: 121a10a5-f1b4-4b02-aa8b-3bc9e82d7023) completed in 721.96s
2025-08-12 18:43:10,342 - openevolve.threaded_parallel - INFO - Metrics: compiled=1.0000, correctness=0.0000, score=10.0000, stage=wrong_answer, verify_payload={'id': 'level1_89_cumsum', 'result': {'compiled': True, 'correctness': False, 'metadata': {'hardware': 'NVIDIA L20Y', 'device': 'cuda:1', 'runtime_error': 'Traceback (most recent call last):\n  File "/cpfs01/shared/llm_kernel/hujiakai/KernelLLM/validation_api_server/helpers/evaluations.py", line 720, in run_and_check_correctness\n    output_new = model_new(*inputs)\n  File "/home/lijiaxing/.conda/envs/api/lib/python3.10/site-packages/torch/nn/modules/module.py", line 1773, in _wrapped_call_impl\n    return self._call_impl(*args, **kwargs)\n  File "/home/lijiaxing/.conda/envs/api/lib/python3.10/site-packages/torch/nn/modules/module.py", line 1784, in _call_impl\n    return forward_call(*args, **kwargs)\n  File "/tmp/tmpt9ijz611.py", line 60, in forward\n    _cumsum_kernel[grid](\n  File "/home/lijiaxing/.conda/envs/api/lib/python3.10/site-packages/triton/runtime/jit.py", line 390, in <lambda>\n    return lambda *args, **kwargs: self.run(grid=grid, warmup=False, *args, **kwargs)\n  File "/home/lijiaxing/.conda/envs/api/lib/python3.10/site-packages/triton/runtime/jit.py", line 594, in run\n    kernel = self.compile(src, target=target, options=options.__dict__)\n  File "/home/lijiaxing/.conda/envs/api/lib/python3.10/site-packages/triton/compiler/compiler.py", line 339, in compile\n    module = src.make_ir(options, codegen_fns, module_map, context)\n  File "/home/lijiaxing/.conda/envs/api/lib/python3.10/site-packages/triton/compiler/compiler.py", line 83, in make_ir\n    return ast_to_ttir(self.fn, self, context=context, options=options, codegen_fns=codegen_fns,\ntriton.compiler.errors.CompilationError: at 26:22:\n    num_chunks = tl.cdiv(L, BLOCK_SIZE)\n\n    for chunk_idx in range(0, num_chunks):\n        offs_chunk = chunk_idx * BLOCK_SIZE\n        offs = offs_chunk + tl.arange(0, BLOCK_SIZE)\n        mask = offs < L\n\n        x_ptrs = row_start_x + offs * stride_x_inner\n        chunk = tl.load(x_ptrs, mask=mask, other=0.0)\n\n        scanned_chunk = tl.associative_scan(chunk, axis=0, combine_fn=add_combine)\n        total_chunk = scanned_chunk[BLOCK_SIZE-1]\n                      ^\nValueError(\'unsupported tensor index: constexpr[1023]\')\n\n\nThe above exception was the direct cause of the following exception:\n\nTraceback (most recent call last):\n  File "/home/lijiaxing/.conda/envs/api/lib/python3.10/site-packages/triton/language/core.py", line 42, in wrapper\n    return fn(*args, **kwargs)\n  File "/home/lijiaxing/.conda/envs/api/lib/python3.10/site-packages/triton/language/core.py", line 1118, in __getitem__\n    raise ValueError(f"unsupported tensor index: {sl}")\nValueError: unsupported tensor index: constexpr[1023]\n', 'runtime_error_name': 'triton.compiler.errors.CompilationError', 'reference_timing_ms': 0.016, 'speed_up': -1.0, 'custom_timing': -1.0}, 'runtime': -1.0, 'runtime_stats': {}}}
2025-08-12 18:43:10,342 - openevolve.threaded_parallel - INFO - Checkpoint interval reached at iteration 15
2025-08-12 18:43:10,343 - openevolve.database - INFO - Island Status:
2025-08-12 18:43:10,343 - openevolve.database - INFO -    Island 0: 9 programs, best=20.0000, avg=14.4444, diversity=171.15, gen=6 (best: 5269320d-ab1d-461a-be8e-4ce8b2f14229)
2025-08-12 18:43:10,343 - openevolve.database - INFO -    Island 1: 9 programs, best=20.0000, avg=14.4444, diversity=199.05, gen=5 (best: be168790-a738-4876-a336-e1ca075455f1)
2025-08-12 18:43:10,343 - openevolve.database - INFO -  * Island 2: 7 programs, best=20.0000, avg=12.8571, diversity=231.48, gen=5 (best: fe0be35f-2068-4909-ace8-1bbc6c523b8d)
2025-08-12 18:43:10,613 - openevolve.database - INFO - Saved database with 25 programs to openevolve_output/level1_89_cumsum/checkpoints/checkpoint_15
2025-08-12 18:43:10,619 - openevolve.controller - INFO - Saved best program at checkpoint 15 with metrics: compiled=1.0000, correctness=1.0000, stage=success, passed=0.0000, score=20.0000, speed_up=0.3230, runtime_ms=0.0496, meta={'hardware': 'NVIDIA L20Y', 'device': 'cuda:1', 'correctness_trials': '(5 / 5)', 'reference_timing_ms': 0.016, 'speed_up': 0.323, 'custom_timing': 0.0496}
2025-08-12 18:43:10,619 - openevolve.controller - INFO - Saved checkpoint at iteration 15 to openevolve_output/level1_89_cumsum/checkpoints/checkpoint_15
2025-08-12 18:45:15,156 - openevolve.RemoteSpeedupEvaluator - INFO - [level1_89_cumsum] âœ˜ invalid_answer 'import triton' is not found
2025-08-12 18:45:15,157 - openevolve.evaluator - INFO - Evaluated program 539ff3a5-b7cd-4858-8638-feee24ac96b2 in 0.00s: compiled=0.0000, correctness=0.0000, score=-100.0000, stage=no_valid_triton_code, feedback=You need to generate real and valid triton code for the core function. The key word 'import triton' is not found.
2025-08-12 18:45:15,160 - openevolve.database - INFO - New MAP-Elites cell occupied: {'score': -1000, 'complexity': 0}
2025-08-12 18:45:15,160 - openevolve.database - INFO - Population size (26) exceeds limit (25), removing 1 programs
2025-08-12 18:45:15,160 - openevolve.database - INFO - Population size after cleanup: 25
2025-08-12 18:45:15,163 - openevolve.llm.ensemble - INFO - Sampled model: deepseek
2025-08-12 18:45:15,165 - openevolve.threaded_parallel - INFO - Iteration 16: Program 539ff3a5-b7cd-4858-8638-feee24ac96b2 (parent: fe0be35f-2068-4909-ace8-1bbc6c523b8d) completed in 801.92s
2025-08-12 18:45:15,166 - openevolve.threaded_parallel - INFO - Metrics: compiled=0.0000, correctness=0.0000, score=-100.0000, stage=no_valid_triton_code, feedback=You need to generate real and valid triton code for the core function. The key word 'import triton' is not found.
2025-08-12 18:45:21,531 - openevolve.RemoteSpeedupEvaluator - INFO - [level1_89_cumsum] triton key words check pass
2025-08-12 18:45:21,532 - openevolve.RemoteSpeedupEvaluator - INFO - [level1_89_cumsum] verify_plus payload: reference_code(1620 chars) + custom_code(2397 chars)
2025-08-12 18:45:33,632 - openevolve.RemoteSpeedupEvaluator - INFO - [level1_89_cumsum] verify_plus request success
2025-08-12 18:45:33,632 - openevolve.RemoteSpeedupEvaluator - INFO - [level1_89_cumsum] verify_plus response: {"id":"level1_89_cumsum","result":{"compiled":true,"correctness":false,"metadata":{"hardware":"NVIDIA L20Y","device":"cuda:3","runtime_error":"Traceback (most recent call last):\n  File \"/cpfs01/shared/llm_kernel/hujiakai/KernelLLM/validation_api_server/helpers/evaluations.py\", line 720, in run_and_check_correctness\n    output_new = model_new(*inputs)\n  File \"/home/lijiaxing/.conda/envs/api/lib/python3.10/site-packages/torch/nn/modules/module.py\", line 1773, in _wrapped_call_impl\n    return self._call_impl(*args, **kwargs)\n  File \"/home/lijiaxing/.conda/envs/api/lib/python3.10/site-packages/torch/nn/modules/module.py\", line 1784, in _call_impl\n    return forward_call(*args, **kwargs)\n  File \"/tmp/tmpicobs8m2.py\", line 64, in forward\n    _cumsum_kernel[grid](\n  File \"/home/
2025-08-12 18:45:33,633 - openevolve.RemoteSpeedupEvaluator - INFO - [level1_89_cumsum] âœ˜ wrong_answer
2025-08-12 18:45:33,633 - openevolve.evaluator - INFO - Evaluated program 1444cb2d-2f56-47e6-8d0c-b83c64f8225f in 12.10s: compiled=1.0000, correctness=0.0000, score=10.0000, stage=wrong_answer, verify_payload={'id': 'level1_89_cumsum', 'result': {'compiled': True, 'correctness': False, 'metadata': {'hardware': 'NVIDIA L20Y', 'device': 'cuda:3', 'runtime_error': 'Traceback (most recent call last):\n  File "/cpfs01/shared/llm_kernel/hujiakai/KernelLLM/validation_api_server/helpers/evaluations.py", line 720, in run_and_check_correctness\n    output_new = model_new(*inputs)\n  File "/home/lijiaxing/.conda/envs/api/lib/python3.10/site-packages/torch/nn/modules/module.py", line 1773, in _wrapped_call_impl\n    return self._call_impl(*args, **kwargs)\n  File "/home/lijiaxing/.conda/envs/api/lib/python3.10/site-packages/torch/nn/modules/module.py", line 1784, in _call_impl\n    return forward_call(*args, **kwargs)\n  File "/tmp/tmpicobs8m2.py", line 64, in forward\n    _cumsum_kernel[grid](\n  File "/home/lijiaxing/.conda/envs/api/lib/python3.10/site-packages/triton/runtime/jit.py", line 390, in <lambda>\n    return lambda *args, **kwargs: self.run(grid=grid, warmup=False, *args, **kwargs)\n  File "/home/lijiaxing/.conda/envs/api/lib/python3.10/site-packages/triton/runtime/jit.py", line 594, in run\n    kernel = self.compile(src, target=target, options=options.__dict__)\n  File "/home/lijiaxing/.conda/envs/api/lib/python3.10/site-packages/triton/compiler/compiler.py", line 339, in compile\n    module = src.make_ir(options, codegen_fns, module_map, context)\n  File "/home/lijiaxing/.conda/envs/api/lib/python3.10/site-packages/triton/compiler/compiler.py", line 83, in make_ir\n    return ast_to_ttir(self.fn, self, context=context, options=options, codegen_fns=codegen_fns,\ntriton.compiler.errors.CompilationError: at 26:22:\n    num_chunks = tl.cdiv(L, BLOCK_SIZE)\n\n    for chunk_idx in range(0, num_chunks):\n        offs_chunk = chunk_idx * BLOCK_SIZE\n        offs = offs_chunk + tl.arange(0, BLOCK_SIZE)\n        mask = offs < L\n\n        x_ptrs = row_start_x + offs * stride_x_inner\n        chunk = tl.load(x_ptrs, mask=mask, other=0.0)\n\n        scanned_chunk = tl.associative_scan(chunk, axis=0, combine_fn=add_combine)\n        total_chunk = scanned_chunk[BLOCK_SIZE-1]\n                      ^\nValueError(\'unsupported tensor index: constexpr[4095]\')\n\n\nThe above exception was the direct cause of the following exception:\n\nTraceback (most recent call last):\n  File "/home/lijiaxing/.conda/envs/api/lib/python3.10/site-packages/triton/language/core.py", line 42, in wrapper\n    return fn(*args, **kwargs)\n  File "/home/lijiaxing/.conda/envs/api/lib/python3.10/site-packages/triton/language/core.py", line 1118, in __getitem__\n    raise ValueError(f"unsupported tensor index: {sl}")\nValueError: unsupported tensor index: constexpr[4095]\n', 'runtime_error_name': 'triton.compiler.errors.CompilationError', 'reference_timing_ms': 0.016, 'speed_up': -1.0, 'custom_timing': -1.0}, 'runtime': -1.0, 'runtime_stats': {}}}
2025-08-12 18:45:33,637 - openevolve.llm.ensemble - INFO - Sampled model: deepseek
2025-08-12 18:45:33,641 - openevolve.database - INFO - Population size (26) exceeds limit (25), removing 1 programs
2025-08-12 18:45:33,641 - openevolve.database - INFO - Population size after cleanup: 25
2025-08-12 18:45:33,652 - openevolve.threaded_parallel - INFO - Iteration 17: Program 1444cb2d-2f56-47e6-8d0c-b83c64f8225f (parent: a6afc790-d829-4ccb-b524-dd10656109b9) completed in 544.25s
2025-08-12 18:45:33,653 - openevolve.threaded_parallel - INFO - Metrics: compiled=1.0000, correctness=0.0000, score=10.0000, stage=wrong_answer, verify_payload={'id': 'level1_89_cumsum', 'result': {'compiled': True, 'correctness': False, 'metadata': {'hardware': 'NVIDIA L20Y', 'device': 'cuda:3', 'runtime_error': 'Traceback (most recent call last):\n  File "/cpfs01/shared/llm_kernel/hujiakai/KernelLLM/validation_api_server/helpers/evaluations.py", line 720, in run_and_check_correctness\n    output_new = model_new(*inputs)\n  File "/home/lijiaxing/.conda/envs/api/lib/python3.10/site-packages/torch/nn/modules/module.py", line 1773, in _wrapped_call_impl\n    return self._call_impl(*args, **kwargs)\n  File "/home/lijiaxing/.conda/envs/api/lib/python3.10/site-packages/torch/nn/modules/module.py", line 1784, in _call_impl\n    return forward_call(*args, **kwargs)\n  File "/tmp/tmpicobs8m2.py", line 64, in forward\n    _cumsum_kernel[grid](\n  File "/home/lijiaxing/.conda/envs/api/lib/python3.10/site-packages/triton/runtime/jit.py", line 390, in <lambda>\n    return lambda *args, **kwargs: self.run(grid=grid, warmup=False, *args, **kwargs)\n  File "/home/lijiaxing/.conda/envs/api/lib/python3.10/site-packages/triton/runtime/jit.py", line 594, in run\n    kernel = self.compile(src, target=target, options=options.__dict__)\n  File "/home/lijiaxing/.conda/envs/api/lib/python3.10/site-packages/triton/compiler/compiler.py", line 339, in compile\n    module = src.make_ir(options, codegen_fns, module_map, context)\n  File "/home/lijiaxing/.conda/envs/api/lib/python3.10/site-packages/triton/compiler/compiler.py", line 83, in make_ir\n    return ast_to_ttir(self.fn, self, context=context, options=options, codegen_fns=codegen_fns,\ntriton.compiler.errors.CompilationError: at 26:22:\n    num_chunks = tl.cdiv(L, BLOCK_SIZE)\n\n    for chunk_idx in range(0, num_chunks):\n        offs_chunk = chunk_idx * BLOCK_SIZE\n        offs = offs_chunk + tl.arange(0, BLOCK_SIZE)\n        mask = offs < L\n\n        x_ptrs = row_start_x + offs * stride_x_inner\n        chunk = tl.load(x_ptrs, mask=mask, other=0.0)\n\n        scanned_chunk = tl.associative_scan(chunk, axis=0, combine_fn=add_combine)\n        total_chunk = scanned_chunk[BLOCK_SIZE-1]\n                      ^\nValueError(\'unsupported tensor index: constexpr[4095]\')\n\n\nThe above exception was the direct cause of the following exception:\n\nTraceback (most recent call last):\n  File "/home/lijiaxing/.conda/envs/api/lib/python3.10/site-packages/triton/language/core.py", line 42, in wrapper\n    return fn(*args, **kwargs)\n  File "/home/lijiaxing/.conda/envs/api/lib/python3.10/site-packages/triton/language/core.py", line 1118, in __getitem__\n    raise ValueError(f"unsupported tensor index: {sl}")\nValueError: unsupported tensor index: constexpr[4095]\n', 'runtime_error_name': 'triton.compiler.errors.CompilationError', 'reference_timing_ms': 0.016, 'speed_up': -1.0, 'custom_timing': -1.0}, 'runtime': -1.0, 'runtime_stats': {}}}
2025-08-12 18:49:35,109 - openevolve.RemoteSpeedupEvaluator - INFO - [level1_89_cumsum] triton key words check pass
2025-08-12 18:49:35,110 - openevolve.RemoteSpeedupEvaluator - INFO - [level1_89_cumsum] verify_plus payload: reference_code(1620 chars) + custom_code(2193 chars)
2025-08-12 18:49:38,041 - openevolve.RemoteSpeedupEvaluator - INFO - [level1_89_cumsum] verify_plus request success
2025-08-12 18:49:38,041 - openevolve.RemoteSpeedupEvaluator - INFO - [level1_89_cumsum] verify_plus response: {"id":"level1_89_cumsum","result":{"compiled":true,"correctness":true,"metadata":{"hardware":"NVIDIA L20Y","device":"cuda:2","correctness_trials":"(5 / 5)","reference_timing_ms":0.016,"speed_up":0.305,"custom_timing":0.0525},"runtime":0.0525,"runtime_stats":{"mean":0.0525,"std":0.00281,"min":0.0491,"max":0.064,"num_trials":100,"hardware":"NVIDIA L20Y","device":"cuda:2"}}}
2025-08-12 18:49:38,042 - openevolve.RemoteSpeedupEvaluator - INFO - [level1_89_cumsum] âœ” success | speed_up=0.305  score=20.00
2025-08-12 18:49:38,042 - openevolve.evaluator - INFO - Evaluated program df962020-00ec-43c4-9584-7659a7cf23a4 in 2.93s: compiled=1.0000, correctness=1.0000, stage=success, passed=0.0000, score=20.0000, speed_up=0.3050, runtime_ms=0.0525, meta={'hardware': 'NVIDIA L20Y', 'device': 'cuda:2', 'correctness_trials': '(5 / 5)', 'reference_timing_ms': 0.016, 'speed_up': 0.305, 'custom_timing': 0.0525}
2025-08-12 18:49:38,046 - openevolve.llm.ensemble - INFO - Sampled model: deepseek
2025-08-12 18:49:38,047 - openevolve.database - INFO - Population size (26) exceeds limit (25), removing 1 programs
2025-08-12 18:49:38,047 - openevolve.database - INFO - Population size after cleanup: 25
2025-08-12 18:49:38,119 - openevolve.threaded_parallel - INFO - Iteration 19: Program df962020-00ec-43c4-9584-7659a7cf23a4 (parent: b79ae53c-7746-4c77-a170-b1a4583b6759) completed in 262.88s
2025-08-12 18:49:38,119 - openevolve.threaded_parallel - INFO - Metrics: compiled=1.0000, correctness=1.0000, stage=success, passed=0.0000, score=20.0000, speed_up=0.3050, runtime_ms=0.0525, meta={'hardware': 'NVIDIA L20Y', 'device': 'cuda:2', 'correctness_trials': '(5 / 5)', 'reference_timing_ms': 0.016, 'speed_up': 0.305, 'custom_timing': 0.0525}
2025-08-12 18:51:13,565 - openevolve.RemoteSpeedupEvaluator - INFO - [level1_89_cumsum] triton key words check pass
2025-08-12 18:51:13,566 - openevolve.RemoteSpeedupEvaluator - INFO - [level1_89_cumsum] verify_plus payload: reference_code(1620 chars) + custom_code(2383 chars)
2025-08-12 18:51:16,404 - openevolve.RemoteSpeedupEvaluator - INFO - [level1_89_cumsum] verify_plus request success
2025-08-12 18:51:16,404 - openevolve.RemoteSpeedupEvaluator - INFO - [level1_89_cumsum] verify_plus response: {"id":"level1_89_cumsum","result":{"compiled":true,"correctness":false,"metadata":{"hardware":"NVIDIA L20Y","device":"cuda:5","runtime_error":"Traceback (most recent call last):\n  File \"/home/lijiaxing/.conda/envs/api/lib/python3.10/site-packages/triton/language/core.py\", line 42, in wrapper\n    return fn(*args, **kwargs)\n  File \"/home/lijiaxing/.conda/envs/api/lib/python3.10/site-packages/triton/language/core.py\", line 2656, in _promote_bfloat16_to_float32\n    scalar_ty = t.type.scalar\nAttributeError: 'constexpr_type' object has no attribute 'scalar'\n\nThe above exception was the direct cause of the following exception:\n\ntriton.compiler.errors.CompilationError: at 2:12:\ndef min(input, axis=None, return_indices=False, return_indices_tie_break_left=True, keep_dims=False):\n    
2025-08-12 18:51:16,405 - openevolve.RemoteSpeedupEvaluator - INFO - [level1_89_cumsum] âœ˜ wrong_answer
2025-08-12 18:51:16,405 - openevolve.evaluator - INFO - Evaluated program b283f5b8-5758-4c7d-91fe-9115e626ed0d in 2.84s: compiled=1.0000, correctness=0.0000, score=10.0000, stage=wrong_answer, verify_payload={'id': 'level1_89_cumsum', 'result': {'compiled': True, 'correctness': False, 'metadata': {'hardware': 'NVIDIA L20Y', 'device': 'cuda:5', 'runtime_error': 'Traceback (most recent call last):\n  File "/home/lijiaxing/.conda/envs/api/lib/python3.10/site-packages/triton/language/core.py", line 42, in wrapper\n    return fn(*args, **kwargs)\n  File "/home/lijiaxing/.conda/envs/api/lib/python3.10/site-packages/triton/language/core.py", line 2656, in _promote_bfloat16_to_float32\n    scalar_ty = t.type.scalar\nAttributeError: \'constexpr_type\' object has no attribute \'scalar\'\n\nThe above exception was the direct cause of the following exception:\n\ntriton.compiler.errors.CompilationError: at 2:12:\ndef min(input, axis=None, return_indices=False, return_indices_tie_break_left=True, keep_dims=False):\n    input = core._promote_bfloat16_to_float32(input)\n            ^\n\nThe above exception was the direct cause of the following exception:\n\nTraceback (most recent call last):\n  File "/cpfs01/shared/llm_kernel/hujiakai/KernelLLM/validation_api_server/helpers/evaluations.py", line 720, in run_and_check_correctness\n    output_new = model_new(*inputs)\n  File "/home/lijiaxing/.conda/envs/api/lib/python3.10/site-packages/torch/nn/modules/module.py", line 1773, in _wrapped_call_impl\n    return self._call_impl(*args, **kwargs)\n  File "/home/lijiaxing/.conda/envs/api/lib/python3.10/site-packages/torch/nn/modules/module.py", line 1784, in _call_impl\n    return forward_call(*args, **kwargs)\n  File "/tmp/tmpf53p0whn.py", line 65, in forward\n    _cumsum_kernel[grid](\n  File "/home/lijiaxing/.conda/envs/api/lib/python3.10/site-packages/triton/runtime/jit.py", line 390, in <lambda>\n    return lambda *args, **kwargs: self.run(grid=grid, warmup=False, *args, **kwargs)\n  File "/home/lijiaxing/.conda/envs/api/lib/python3.10/site-packages/triton/runtime/jit.py", line 594, in run\n    kernel = self.compile(src, target=target, options=options.__dict__)\n  File "/home/lijiaxing/.conda/envs/api/lib/python3.10/site-packages/triton/compiler/compiler.py", line 339, in compile\n    module = src.make_ir(options, codegen_fns, module_map, context)\n  File "/home/lijiaxing/.conda/envs/api/lib/python3.10/site-packages/triton/compiler/compiler.py", line 83, in make_ir\n    return ast_to_ttir(self.fn, self, context=context, options=options, codegen_fns=codegen_fns,\ntriton.compiler.errors.CompilationError: at 29:33:\n    for chunk_idx in range(num_chunks):\n        offs_chunk = chunk_idx * BLOCK_SIZE\n        offs = offs_chunk + tl.arange(0, BLOCK_SIZE)\n        mask = offs < L\n\n        x_ptrs = row_start_x + offs * stride_x_inner\n        chunk = tl.load(x_ptrs, mask=mask, other=0.0)\n\n        scanned_chunk = tl.associative_scan(chunk, 0, combine_fn=add_combine)\n\n        # Compute last valid offset and extract chunk total\n        chunk_end = offs_chunk + tl.min(BLOCK_SIZE, L - offs_chunk) - 1\n                                 ^\n\n\nThe above exception was the direct cause of the following exception:\n\nTraceback (most recent call last):\n  File "/home/lijiaxing/.conda/envs/api/lib/python3.10/site-packages/triton/language/core.py", line 42, in wrapper\n    return fn(*args, **kwargs)\n  File "/home/lijiaxing/.conda/envs/api/lib/python3.10/site-packages/triton/language/core.py", line 2656, in _promote_bfloat16_to_float32\n    scalar_ty = t.type.scalar\nAttributeError: \'constexpr_type\' object has no attribute \'scalar\'\n\nThe above exception was the direct cause of the following exception:\n\ntriton.compiler.errors.CompilationError: at 2:12:\ndef min(input, axis=None, return_indices=False, return_indices_tie_break_left=True, keep_dims=False):\n    input = core._promote_bfloat16_to_float32(input)\n            ^\n\n\nThe above exception was the direct cause of the following exception:\n\nTraceback (most recent call last):\n  File "/home/lijiaxing/.conda/envs/api/lib/python3.10/site-packages/triton/language/core.py", line 42, in wrapper\n    return fn(*args, **kwargs)\n  File "/home/lijiaxing/.conda/envs/api/lib/python3.10/site-packages/triton/language/core.py", line 2656, in _promote_bfloat16_to_float32\n    scalar_ty = t.type.scalar\nAttributeError: \'constexpr_type\' object has no attribute \'scalar\'\n', 'runtime_error_name': 'triton.compiler.errors.CompilationError', 'reference_timing_ms': 0.016, 'speed_up': -1.0, 'custom_timing': -1.0}, 'runtime': -1.0, 'runtime_stats': {}}}
2025-08-12 18:51:16,409 - openevolve.llm.ensemble - INFO - Sampled model: deepseek
2025-08-12 18:51:16,413 - openevolve.database - INFO - Population size (26) exceeds limit (25), removing 1 programs
2025-08-12 18:51:16,414 - openevolve.database - INFO - Population size after cleanup: 25
2025-08-12 18:51:16,426 - openevolve.threaded_parallel - INFO - Iteration 18: Program b283f5b8-5758-4c7d-91fe-9115e626ed0d (parent: 0db06966-49fb-46ab-926a-e996e0ed5964) completed in 486.08s
2025-08-12 18:51:16,426 - openevolve.threaded_parallel - INFO - Metrics: compiled=1.0000, correctness=0.0000, score=10.0000, stage=wrong_answer, verify_payload={'id': 'level1_89_cumsum', 'result': {'compiled': True, 'correctness': False, 'metadata': {'hardware': 'NVIDIA L20Y', 'device': 'cuda:5', 'runtime_error': 'Traceback (most recent call last):\n  File "/home/lijiaxing/.conda/envs/api/lib/python3.10/site-packages/triton/language/core.py", line 42, in wrapper\n    return fn(*args, **kwargs)\n  File "/home/lijiaxing/.conda/envs/api/lib/python3.10/site-packages/triton/language/core.py", line 2656, in _promote_bfloat16_to_float32\n    scalar_ty = t.type.scalar\nAttributeError: \'constexpr_type\' object has no attribute \'scalar\'\n\nThe above exception was the direct cause of the following exception:\n\ntriton.compiler.errors.CompilationError: at 2:12:\ndef min(input, axis=None, return_indices=False, return_indices_tie_break_left=True, keep_dims=False):\n    input = core._promote_bfloat16_to_float32(input)\n            ^\n\nThe above exception was the direct cause of the following exception:\n\nTraceback (most recent call last):\n  File "/cpfs01/shared/llm_kernel/hujiakai/KernelLLM/validation_api_server/helpers/evaluations.py", line 720, in run_and_check_correctness\n    output_new = model_new(*inputs)\n  File "/home/lijiaxing/.conda/envs/api/lib/python3.10/site-packages/torch/nn/modules/module.py", line 1773, in _wrapped_call_impl\n    return self._call_impl(*args, **kwargs)\n  File "/home/lijiaxing/.conda/envs/api/lib/python3.10/site-packages/torch/nn/modules/module.py", line 1784, in _call_impl\n    return forward_call(*args, **kwargs)\n  File "/tmp/tmpf53p0whn.py", line 65, in forward\n    _cumsum_kernel[grid](\n  File "/home/lijiaxing/.conda/envs/api/lib/python3.10/site-packages/triton/runtime/jit.py", line 390, in <lambda>\n    return lambda *args, **kwargs: self.run(grid=grid, warmup=False, *args, **kwargs)\n  File "/home/lijiaxing/.conda/envs/api/lib/python3.10/site-packages/triton/runtime/jit.py", line 594, in run\n    kernel = self.compile(src, target=target, options=options.__dict__)\n  File "/home/lijiaxing/.conda/envs/api/lib/python3.10/site-packages/triton/compiler/compiler.py", line 339, in compile\n    module = src.make_ir(options, codegen_fns, module_map, context)\n  File "/home/lijiaxing/.conda/envs/api/lib/python3.10/site-packages/triton/compiler/compiler.py", line 83, in make_ir\n    return ast_to_ttir(self.fn, self, context=context, options=options, codegen_fns=codegen_fns,\ntriton.compiler.errors.CompilationError: at 29:33:\n    for chunk_idx in range(num_chunks):\n        offs_chunk = chunk_idx * BLOCK_SIZE\n        offs = offs_chunk + tl.arange(0, BLOCK_SIZE)\n        mask = offs < L\n\n        x_ptrs = row_start_x + offs * stride_x_inner\n        chunk = tl.load(x_ptrs, mask=mask, other=0.0)\n\n        scanned_chunk = tl.associative_scan(chunk, 0, combine_fn=add_combine)\n\n        # Compute last valid offset and extract chunk total\n        chunk_end = offs_chunk + tl.min(BLOCK_SIZE, L - offs_chunk) - 1\n                                 ^\n\n\nThe above exception was the direct cause of the following exception:\n\nTraceback (most recent call last):\n  File "/home/lijiaxing/.conda/envs/api/lib/python3.10/site-packages/triton/language/core.py", line 42, in wrapper\n    return fn(*args, **kwargs)\n  File "/home/lijiaxing/.conda/envs/api/lib/python3.10/site-packages/triton/language/core.py", line 2656, in _promote_bfloat16_to_float32\n    scalar_ty = t.type.scalar\nAttributeError: \'constexpr_type\' object has no attribute \'scalar\'\n\nThe above exception was the direct cause of the following exception:\n\ntriton.compiler.errors.CompilationError: at 2:12:\ndef min(input, axis=None, return_indices=False, return_indices_tie_break_left=True, keep_dims=False):\n    input = core._promote_bfloat16_to_float32(input)\n            ^\n\n\nThe above exception was the direct cause of the following exception:\n\nTraceback (most recent call last):\n  File "/home/lijiaxing/.conda/envs/api/lib/python3.10/site-packages/triton/language/core.py", line 42, in wrapper\n    return fn(*args, **kwargs)\n  File "/home/lijiaxing/.conda/envs/api/lib/python3.10/site-packages/triton/language/core.py", line 2656, in _promote_bfloat16_to_float32\n    scalar_ty = t.type.scalar\nAttributeError: \'constexpr_type\' object has no attribute \'scalar\'\n', 'runtime_error_name': 'triton.compiler.errors.CompilationError', 'reference_timing_ms': 0.016, 'speed_up': -1.0, 'custom_timing': -1.0}, 'runtime': -1.0, 'runtime_stats': {}}}
2025-08-12 18:51:16,426 - openevolve.threaded_parallel - INFO - Checkpoint interval reached at iteration 18
2025-08-12 18:51:16,427 - openevolve.database - INFO - Island Status:
2025-08-12 18:51:16,427 - openevolve.database - INFO -  * Island 0: 9 programs, best=20.0000, avg=14.4444, diversity=107.65, gen=8 (best: 5269320d-ab1d-461a-be8e-4ce8b2f14229)
2025-08-12 18:51:16,427 - openevolve.database - INFO -    Island 1: 9 programs, best=20.0000, avg=15.5556, diversity=201.57, gen=6 (best: be168790-a738-4876-a336-e1ca075455f1)
2025-08-12 18:51:16,427 - openevolve.database - INFO -    Island 2: 7 programs, best=20.0000, avg=12.8571, diversity=324.03, gen=6 (best: fe0be35f-2068-4909-ace8-1bbc6c523b8d)
2025-08-12 18:51:16,677 - openevolve.database - INFO - Saved database with 25 programs to openevolve_output/level1_89_cumsum/checkpoints/checkpoint_18
2025-08-12 18:51:16,683 - openevolve.controller - INFO - Saved best program at checkpoint 18 with metrics: compiled=1.0000, correctness=1.0000, stage=success, passed=0.0000, score=20.0000, speed_up=0.3230, runtime_ms=0.0496, meta={'hardware': 'NVIDIA L20Y', 'device': 'cuda:1', 'correctness_trials': '(5 / 5)', 'reference_timing_ms': 0.016, 'speed_up': 0.323, 'custom_timing': 0.0496}
2025-08-12 18:51:16,683 - openevolve.controller - INFO - Saved checkpoint at iteration 18 to openevolve_output/level1_89_cumsum/checkpoints/checkpoint_18
2025-08-12 18:55:08,504 - openevolve.RemoteSpeedupEvaluator - INFO - [level1_89_cumsum] triton key words check pass
2025-08-12 18:55:08,505 - openevolve.RemoteSpeedupEvaluator - INFO - [level1_89_cumsum] verify_plus payload: reference_code(1620 chars) + custom_code(2161 chars)
2025-08-12 18:55:16,049 - openevolve.RemoteSpeedupEvaluator - INFO - [level1_89_cumsum] verify_plus request success
2025-08-12 18:55:16,049 - openevolve.RemoteSpeedupEvaluator - INFO - [level1_89_cumsum] verify_plus response: {"id":"level1_89_cumsum","result":{"compiled":true,"correctness":true,"metadata":{"hardware":"NVIDIA L20Y","device":"cuda:7","correctness_trials":"(5 / 5)","reference_timing_ms":0.016,"speed_up":0.303,"custom_timing":0.0528},"runtime":0.0528,"runtime_stats":{"mean":0.0528,"std":0.00365,"min":0.0491,"max":0.0749,"num_trials":100,"hardware":"NVIDIA L20Y","device":"cuda:7"}}}
2025-08-12 18:55:16,049 - openevolve.RemoteSpeedupEvaluator - INFO - [level1_89_cumsum] âœ” success | speed_up=0.303  score=20.00
2025-08-12 18:55:16,049 - openevolve.evaluator - INFO - Evaluated program 79022372-8a35-4594-95ce-dc6215663962 in 7.55s: compiled=1.0000, correctness=1.0000, stage=success, passed=0.0000, score=20.0000, speed_up=0.3030, runtime_ms=0.0528, meta={'hardware': 'NVIDIA L20Y', 'device': 'cuda:7', 'correctness_trials': '(5 / 5)', 'reference_timing_ms': 0.016, 'speed_up': 0.303, 'custom_timing': 0.0528}
2025-08-12 18:55:16,053 - openevolve.llm.ensemble - INFO - Sampled model: deepseek
2025-08-12 18:55:16,059 - openevolve.database - INFO - Population size (26) exceeds limit (25), removing 1 programs
2025-08-12 18:55:16,059 - openevolve.database - INFO - Population size after cleanup: 25
2025-08-12 18:55:16,071 - openevolve.threaded_parallel - INFO - Iteration 22: Program 79022372-8a35-4594-95ce-dc6215663962 (parent: b79ae53c-7746-4c77-a170-b1a4583b6759) completed in 239.64s
2025-08-12 18:55:16,071 - openevolve.threaded_parallel - INFO - Metrics: compiled=1.0000, correctness=1.0000, stage=success, passed=0.0000, score=20.0000, speed_up=0.3030, runtime_ms=0.0528, meta={'hardware': 'NVIDIA L20Y', 'device': 'cuda:7', 'correctness_trials': '(5 / 5)', 'reference_timing_ms': 0.016, 'speed_up': 0.303, 'custom_timing': 0.0528}
2025-08-12 18:55:46,438 - openevolve.RemoteSpeedupEvaluator - INFO - [level1_89_cumsum] triton key words check pass
2025-08-12 18:55:46,438 - openevolve.RemoteSpeedupEvaluator - INFO - [level1_89_cumsum] verify_plus payload: reference_code(1620 chars) + custom_code(2382 chars)
2025-08-12 18:55:49,383 - openevolve.RemoteSpeedupEvaluator - INFO - [level1_89_cumsum] verify_plus request success
2025-08-12 18:55:49,383 - openevolve.RemoteSpeedupEvaluator - INFO - [level1_89_cumsum] verify_plus response: {"id":"level1_89_cumsum","result":{"compiled":true,"correctness":false,"metadata":{"hardware":"NVIDIA L20Y","device":"cuda:1","runtime_error":"Traceback (most recent call last):\n  File \"/cpfs01/shared/llm_kernel/hujiakai/KernelLLM/validation_api_server/helpers/evaluations.py\", line 720, in run_and_check_correctness\n    output_new = model_new(*inputs)\n  File \"/home/lijiaxing/.conda/envs/api/lib/python3.10/site-packages/torch/nn/modules/module.py\", line 1773, in _wrapped_call_impl\n    return self._call_impl(*args, **kwargs)\n  File \"/home/lijiaxing/.conda/envs/api/lib/python3.10/site-packages/torch/nn/modules/module.py\", line 1784, in _call_impl\n    return forward_call(*args, **kwargs)\n  File \"/tmp/tmpw169lcxs.py\", line 64, in forward\n    _cumsum_kernel[grid](\n  File \"/home/
2025-08-12 18:55:49,384 - openevolve.RemoteSpeedupEvaluator - INFO - [level1_89_cumsum] âœ˜ wrong_answer
2025-08-12 18:55:49,384 - openevolve.evaluator - INFO - Evaluated program 937d58c0-3bf6-4f67-b072-decc8a07f0d3 in 2.95s: compiled=1.0000, correctness=0.0000, score=10.0000, stage=wrong_answer, verify_payload={'id': 'level1_89_cumsum', 'result': {'compiled': True, 'correctness': False, 'metadata': {'hardware': 'NVIDIA L20Y', 'device': 'cuda:1', 'runtime_error': 'Traceback (most recent call last):\n  File "/cpfs01/shared/llm_kernel/hujiakai/KernelLLM/validation_api_server/helpers/evaluations.py", line 720, in run_and_check_correctness\n    output_new = model_new(*inputs)\n  File "/home/lijiaxing/.conda/envs/api/lib/python3.10/site-packages/torch/nn/modules/module.py", line 1773, in _wrapped_call_impl\n    return self._call_impl(*args, **kwargs)\n  File "/home/lijiaxing/.conda/envs/api/lib/python3.10/site-packages/torch/nn/modules/module.py", line 1784, in _call_impl\n    return forward_call(*args, **kwargs)\n  File "/tmp/tmpw169lcxs.py", line 64, in forward\n    _cumsum_kernel[grid](\n  File "/home/lijiaxing/.conda/envs/api/lib/python3.10/site-packages/triton/runtime/jit.py", line 390, in <lambda>\n    return lambda *args, **kwargs: self.run(grid=grid, warmup=False, *args, **kwargs)\n  File "/home/lijiaxing/.conda/envs/api/lib/python3.10/site-packages/triton/runtime/jit.py", line 594, in run\n    kernel = self.compile(src, target=target, options=options.__dict__)\n  File "/home/lijiaxing/.conda/envs/api/lib/python3.10/site-packages/triton/compiler/compiler.py", line 339, in compile\n    module = src.make_ir(options, codegen_fns, module_map, context)\n  File "/home/lijiaxing/.conda/envs/api/lib/python3.10/site-packages/triton/compiler/compiler.py", line 83, in make_ir\n    return ast_to_ttir(self.fn, self, context=context, options=options, codegen_fns=codegen_fns,\ntriton.compiler.errors.CompilationError: at 30:49:\n        offs = offs_chunk + tl.arange(0, BLOCK_SIZE)\n        mask = offs < L\n\n        x_ptrs = row_start_x + offs * stride_x_inner\n        chunk = tl.load(x_ptrs, mask=mask, other=0.0)\n\n        scanned_chunk = tl.associative_scan(chunk, axis=0, combine_fn=add_combine)\n\n        # Efficiently extract last valid element instead of full reduction\n        valid_length = tl.minimum(BLOCK_SIZE, L - offs_chunk)\n        last_index = valid_length - 1\n        total_chunk = tl.where(valid_length > 0, scanned_chunk[last_index], 0.0)\n                                                 ^\nValueError(\'Did you forget to add @triton.jit ? (`_semantic` argument must be provided outside of JIT functions.)\')\n\n\nThe above exception was the direct cause of the following exception:\n\nTraceback (most recent call last):\n  File "/home/lijiaxing/.conda/envs/api/lib/python3.10/site-packages/triton/language/core.py", line 42, in wrapper\n    return fn(*args, **kwargs)\n  File "/home/lijiaxing/.conda/envs/api/lib/python3.10/site-packages/triton/language/core.py", line 1111, in __getitem__\n    for dim, sl in enumerate(slices):\n  File "/home/lijiaxing/.conda/envs/api/lib/python3.10/site-packages/triton/language/core.py", line 40, in wrapper\n    raise ValueError("Did you forget to add @triton.jit ? "\nValueError: Did you forget to add @triton.jit ? (`_semantic` argument must be provided outside of JIT functions.)\n', 'runtime_error_name': 'triton.compiler.errors.CompilationError', 'reference_timing_ms': 0.016, 'speed_up': -1.0, 'custom_timing': -1.0}, 'runtime': -1.0, 'runtime_stats': {}}}
2025-08-12 18:55:49,389 - openevolve.llm.ensemble - INFO - Sampled model: deepseek
2025-08-12 18:55:49,394 - openevolve.database - INFO - Population size (26) exceeds limit (25), removing 1 programs
2025-08-12 18:55:49,394 - openevolve.database - INFO - Population size after cleanup: 25
2025-08-12 18:55:49,406 - openevolve.threaded_parallel - INFO - Iteration 21: Program 937d58c0-3bf6-4f67-b072-decc8a07f0d3 (parent: 121a10a5-f1b4-4b02-aa8b-3bc9e82d7023) completed in 371.34s
2025-08-12 18:55:49,406 - openevolve.threaded_parallel - INFO - Metrics: compiled=1.0000, correctness=0.0000, score=10.0000, stage=wrong_answer, verify_payload={'id': 'level1_89_cumsum', 'result': {'compiled': True, 'correctness': False, 'metadata': {'hardware': 'NVIDIA L20Y', 'device': 'cuda:1', 'runtime_error': 'Traceback (most recent call last):\n  File "/cpfs01/shared/llm_kernel/hujiakai/KernelLLM/validation_api_server/helpers/evaluations.py", line 720, in run_and_check_correctness\n    output_new = model_new(*inputs)\n  File "/home/lijiaxing/.conda/envs/api/lib/python3.10/site-packages/torch/nn/modules/module.py", line 1773, in _wrapped_call_impl\n    return self._call_impl(*args, **kwargs)\n  File "/home/lijiaxing/.conda/envs/api/lib/python3.10/site-packages/torch/nn/modules/module.py", line 1784, in _call_impl\n    return forward_call(*args, **kwargs)\n  File "/tmp/tmpw169lcxs.py", line 64, in forward\n    _cumsum_kernel[grid](\n  File "/home/lijiaxing/.conda/envs/api/lib/python3.10/site-packages/triton/runtime/jit.py", line 390, in <lambda>\n    return lambda *args, **kwargs: self.run(grid=grid, warmup=False, *args, **kwargs)\n  File "/home/lijiaxing/.conda/envs/api/lib/python3.10/site-packages/triton/runtime/jit.py", line 594, in run\n    kernel = self.compile(src, target=target, options=options.__dict__)\n  File "/home/lijiaxing/.conda/envs/api/lib/python3.10/site-packages/triton/compiler/compiler.py", line 339, in compile\n    module = src.make_ir(options, codegen_fns, module_map, context)\n  File "/home/lijiaxing/.conda/envs/api/lib/python3.10/site-packages/triton/compiler/compiler.py", line 83, in make_ir\n    return ast_to_ttir(self.fn, self, context=context, options=options, codegen_fns=codegen_fns,\ntriton.compiler.errors.CompilationError: at 30:49:\n        offs = offs_chunk + tl.arange(0, BLOCK_SIZE)\n        mask = offs < L\n\n        x_ptrs = row_start_x + offs * stride_x_inner\n        chunk = tl.load(x_ptrs, mask=mask, other=0.0)\n\n        scanned_chunk = tl.associative_scan(chunk, axis=0, combine_fn=add_combine)\n\n        # Efficiently extract last valid element instead of full reduction\n        valid_length = tl.minimum(BLOCK_SIZE, L - offs_chunk)\n        last_index = valid_length - 1\n        total_chunk = tl.where(valid_length > 0, scanned_chunk[last_index], 0.0)\n                                                 ^\nValueError(\'Did you forget to add @triton.jit ? (`_semantic` argument must be provided outside of JIT functions.)\')\n\n\nThe above exception was the direct cause of the following exception:\n\nTraceback (most recent call last):\n  File "/home/lijiaxing/.conda/envs/api/lib/python3.10/site-packages/triton/language/core.py", line 42, in wrapper\n    return fn(*args, **kwargs)\n  File "/home/lijiaxing/.conda/envs/api/lib/python3.10/site-packages/triton/language/core.py", line 1111, in __getitem__\n    for dim, sl in enumerate(slices):\n  File "/home/lijiaxing/.conda/envs/api/lib/python3.10/site-packages/triton/language/core.py", line 40, in wrapper\n    raise ValueError("Did you forget to add @triton.jit ? "\nValueError: Did you forget to add @triton.jit ? (`_semantic` argument must be provided outside of JIT functions.)\n', 'runtime_error_name': 'triton.compiler.errors.CompilationError', 'reference_timing_ms': 0.016, 'speed_up': -1.0, 'custom_timing': -1.0}, 'runtime': -1.0, 'runtime_stats': {}}}
2025-08-12 18:55:49,406 - openevolve.threaded_parallel - INFO - Checkpoint interval reached at iteration 21
2025-08-12 18:55:49,407 - openevolve.database - INFO - Island Status:
2025-08-12 18:55:49,407 - openevolve.database - INFO -    Island 0: 9 programs, best=20.0000, avg=15.5556, diversity=107.65, gen=8 (best: 5269320d-ab1d-461a-be8e-4ce8b2f14229)
2025-08-12 18:55:49,407 - openevolve.database - INFO -    Island 1: 9 programs, best=20.0000, avg=15.5556, diversity=200.57, gen=7 (best: be168790-a738-4876-a336-e1ca075455f1)
2025-08-12 18:55:49,407 - openevolve.database - INFO -  * Island 2: 7 programs, best=20.0000, avg=12.8571, diversity=324.03, gen=7 (best: fe0be35f-2068-4909-ace8-1bbc6c523b8d)
2025-08-12 18:55:49,744 - openevolve.database - INFO - Saved database with 25 programs to openevolve_output/level1_89_cumsum/checkpoints/checkpoint_21
2025-08-12 18:55:49,754 - openevolve.controller - INFO - Saved best program at checkpoint 21 with metrics: compiled=1.0000, correctness=1.0000, stage=success, passed=0.0000, score=20.0000, speed_up=0.3230, runtime_ms=0.0496, meta={'hardware': 'NVIDIA L20Y', 'device': 'cuda:1', 'correctness_trials': '(5 / 5)', 'reference_timing_ms': 0.016, 'speed_up': 0.323, 'custom_timing': 0.0496}
2025-08-12 18:55:49,754 - openevolve.controller - INFO - Saved checkpoint at iteration 21 to openevolve_output/level1_89_cumsum/checkpoints/checkpoint_21
2025-08-12 18:57:21,037 - openevolve.RemoteSpeedupEvaluator - INFO - [level1_89_cumsum] triton key words check pass
2025-08-12 18:57:21,038 - openevolve.RemoteSpeedupEvaluator - INFO - [level1_89_cumsum] verify_plus payload: reference_code(1620 chars) + custom_code(2960 chars)
2025-08-12 18:57:23,550 - openevolve.RemoteSpeedupEvaluator - INFO - [level1_89_cumsum] verify_plus request success
2025-08-12 18:57:23,550 - openevolve.RemoteSpeedupEvaluator - INFO - [level1_89_cumsum] verify_plus response: {"id":"level1_89_cumsum","result":{"compiled":true,"correctness":false,"metadata":{"hardware":"NVIDIA L20Y","device":"cuda:5","runtime_error":"Traceback (most recent call last):\n  File \"/cpfs01/shared/llm_kernel/hujiakai/KernelLLM/validation_api_server/helpers/evaluations.py\", line 720, in run_and_check_correctness\n    output_new = model_new(*inputs)\n  File \"/home/lijiaxing/.conda/envs/api/lib/python3.10/site-packages/torch/nn/modules/module.py\", line 1773, in _wrapped_call_impl\n    return self._call_impl(*args, **kwargs)\n  File \"/home/lijiaxing/.conda/envs/api/lib/python3.10/site-packages/torch/nn/modules/module.py\", line 1784, in _call_impl\n    return forward_call(*args, **kwargs)\n  File \"/tmp/tmpkocqj8c9.py\", line 75, in forward\n    _cumsum_kernel[grid](\n  File \"/home/
2025-08-12 18:57:23,550 - openevolve.RemoteSpeedupEvaluator - INFO - [level1_89_cumsum] âœ˜ wrong_answer
2025-08-12 18:57:23,551 - openevolve.evaluator - INFO - Evaluated program 071d07fc-37e4-4d71-aa1f-2641c283b7f0 in 2.51s: compiled=1.0000, correctness=0.0000, score=10.0000, stage=wrong_answer, verify_payload={'id': 'level1_89_cumsum', 'result': {'compiled': True, 'correctness': False, 'metadata': {'hardware': 'NVIDIA L20Y', 'device': 'cuda:5', 'runtime_error': 'Traceback (most recent call last):\n  File "/cpfs01/shared/llm_kernel/hujiakai/KernelLLM/validation_api_server/helpers/evaluations.py", line 720, in run_and_check_correctness\n    output_new = model_new(*inputs)\n  File "/home/lijiaxing/.conda/envs/api/lib/python3.10/site-packages/torch/nn/modules/module.py", line 1773, in _wrapped_call_impl\n    return self._call_impl(*args, **kwargs)\n  File "/home/lijiaxing/.conda/envs/api/lib/python3.10/site-packages/torch/nn/modules/module.py", line 1784, in _call_impl\n    return forward_call(*args, **kwargs)\n  File "/tmp/tmpkocqj8c9.py", line 75, in forward\n    _cumsum_kernel[grid](\n  File "/home/lijiaxing/.conda/envs/api/lib/python3.10/site-packages/triton/runtime/jit.py", line 390, in <lambda>\n    return lambda *args, **kwargs: self.run(grid=grid, warmup=False, *args, **kwargs)\n  File "/home/lijiaxing/.conda/envs/api/lib/python3.10/site-packages/triton/runtime/autotuner.py", line 239, in run\n    benchmark()\n  File "/home/lijiaxing/.conda/envs/api/lib/python3.10/site-packages/triton/runtime/autotuner.py", line 228, in benchmark\n    timings = {config: self._bench(*args, config=config, **kwargs) for config in pruned_configs}\n  File "/home/lijiaxing/.conda/envs/api/lib/python3.10/site-packages/triton/runtime/autotuner.py", line 228, in <dictcomp>\n    timings = {config: self._bench(*args, config=config, **kwargs) for config in pruned_configs}\n  File "/home/lijiaxing/.conda/envs/api/lib/python3.10/site-packages/triton/runtime/autotuner.py", line 135, in _bench\n    raise ValueError(f"Conflicting meta-parameters: {\', \'.join(conflicts)}."\nValueError: Conflicting meta-parameters: BLOCK_SIZE. Make sure that you don\'t re-define auto-tuned symbols.\n', 'runtime_error_name': 'builtins.ValueError', 'reference_timing_ms': 0.016, 'speed_up': -1.0, 'custom_timing': -1.0}, 'runtime': -1.0, 'runtime_stats': {}}}
2025-08-12 18:57:23,555 - openevolve.llm.ensemble - INFO - Sampled model: deepseek
2025-08-12 18:57:23,558 - openevolve.database - INFO - New MAP-Elites cell occupied: {'score': 9, 'complexity': 9}
2025-08-12 18:57:23,558 - openevolve.database - INFO - Population size (26) exceeds limit (25), removing 1 programs
2025-08-12 18:57:23,558 - openevolve.database - INFO - Population size after cleanup: 25
2025-08-12 18:57:23,570 - openevolve.threaded_parallel - INFO - Iteration 20: Program 071d07fc-37e4-4d71-aa1f-2641c283b7f0 (parent: 3293317b-97fb-40f4-b7eb-72c40e26e9a0) completed in 709.91s
2025-08-12 18:57:23,570 - openevolve.threaded_parallel - INFO - Metrics: compiled=1.0000, correctness=0.0000, score=10.0000, stage=wrong_answer, verify_payload={'id': 'level1_89_cumsum', 'result': {'compiled': True, 'correctness': False, 'metadata': {'hardware': 'NVIDIA L20Y', 'device': 'cuda:5', 'runtime_error': 'Traceback (most recent call last):\n  File "/cpfs01/shared/llm_kernel/hujiakai/KernelLLM/validation_api_server/helpers/evaluations.py", line 720, in run_and_check_correctness\n    output_new = model_new(*inputs)\n  File "/home/lijiaxing/.conda/envs/api/lib/python3.10/site-packages/torch/nn/modules/module.py", line 1773, in _wrapped_call_impl\n    return self._call_impl(*args, **kwargs)\n  File "/home/lijiaxing/.conda/envs/api/lib/python3.10/site-packages/torch/nn/modules/module.py", line 1784, in _call_impl\n    return forward_call(*args, **kwargs)\n  File "/tmp/tmpkocqj8c9.py", line 75, in forward\n    _cumsum_kernel[grid](\n  File "/home/lijiaxing/.conda/envs/api/lib/python3.10/site-packages/triton/runtime/jit.py", line 390, in <lambda>\n    return lambda *args, **kwargs: self.run(grid=grid, warmup=False, *args, **kwargs)\n  File "/home/lijiaxing/.conda/envs/api/lib/python3.10/site-packages/triton/runtime/autotuner.py", line 239, in run\n    benchmark()\n  File "/home/lijiaxing/.conda/envs/api/lib/python3.10/site-packages/triton/runtime/autotuner.py", line 228, in benchmark\n    timings = {config: self._bench(*args, config=config, **kwargs) for config in pruned_configs}\n  File "/home/lijiaxing/.conda/envs/api/lib/python3.10/site-packages/triton/runtime/autotuner.py", line 228, in <dictcomp>\n    timings = {config: self._bench(*args, config=config, **kwargs) for config in pruned_configs}\n  File "/home/lijiaxing/.conda/envs/api/lib/python3.10/site-packages/triton/runtime/autotuner.py", line 135, in _bench\n    raise ValueError(f"Conflicting meta-parameters: {\', \'.join(conflicts)}."\nValueError: Conflicting meta-parameters: BLOCK_SIZE. Make sure that you don\'t re-define auto-tuned symbols.\n', 'runtime_error_name': 'builtins.ValueError', 'reference_timing_ms': 0.016, 'speed_up': -1.0, 'custom_timing': -1.0}, 'runtime': -1.0, 'runtime_stats': {}}}
2025-08-12 19:02:02,045 - openevolve.RemoteSpeedupEvaluator - INFO - [level1_89_cumsum] triton key words check pass
2025-08-12 19:02:02,046 - openevolve.RemoteSpeedupEvaluator - INFO - [level1_89_cumsum] verify_plus payload: reference_code(1620 chars) + custom_code(2411 chars)
2025-08-12 19:02:05,065 - openevolve.RemoteSpeedupEvaluator - INFO - [level1_89_cumsum] verify_plus request success
2025-08-12 19:02:05,065 - openevolve.RemoteSpeedupEvaluator - INFO - [level1_89_cumsum] verify_plus response: {"id":"level1_89_cumsum","result":{"compiled":true,"correctness":true,"metadata":{"hardware":"NVIDIA L20Y","device":"cuda:7","correctness_trials":"(5 / 5)","reference_timing_ms":0.016,"speed_up":0.332,"custom_timing":0.0482},"runtime":0.0482,"runtime_stats":{"mean":0.0482,"std":0.00248,"min":0.0451,"max":0.0629,"num_trials":100,"hardware":"NVIDIA L20Y","device":"cuda:7"}}}
2025-08-12 19:02:05,065 - openevolve.RemoteSpeedupEvaluator - INFO - [level1_89_cumsum] âœ” success | speed_up=0.332  score=20.00
2025-08-12 19:02:05,065 - openevolve.evaluator - INFO - Evaluated program bcc41a57-a608-49bc-8a72-f9edd69f95ed in 3.02s: compiled=1.0000, correctness=1.0000, stage=success, passed=0.0000, score=20.0000, speed_up=0.3320, runtime_ms=0.0482, meta={'hardware': 'NVIDIA L20Y', 'device': 'cuda:7', 'correctness_trials': '(5 / 5)', 'reference_timing_ms': 0.016, 'speed_up': 0.332, 'custom_timing': 0.0482}
2025-08-12 19:02:05,073 - openevolve.llm.ensemble - INFO - Sampled model: deepseek
2025-08-12 19:02:05,075 - openevolve.database - INFO - Population size (26) exceeds limit (25), removing 1 programs
2025-08-12 19:02:05,075 - openevolve.database - INFO - Population size after cleanup: 25
2025-08-12 19:02:05,087 - openevolve.threaded_parallel - INFO - Iteration 25: Program bcc41a57-a608-49bc-8a72-f9edd69f95ed (parent: b79ae53c-7746-4c77-a170-b1a4583b6759) completed in 281.51s
2025-08-12 19:02:05,087 - openevolve.threaded_parallel - INFO - Metrics: compiled=1.0000, correctness=1.0000, stage=success, passed=0.0000, score=20.0000, speed_up=0.3320, runtime_ms=0.0482, meta={'hardware': 'NVIDIA L20Y', 'device': 'cuda:7', 'correctness_trials': '(5 / 5)', 'reference_timing_ms': 0.016, 'speed_up': 0.332, 'custom_timing': 0.0482}
2025-08-12 19:02:35,553 - openevolve.RemoteSpeedupEvaluator - INFO - [level1_89_cumsum] triton key words check pass
2025-08-12 19:02:35,554 - openevolve.RemoteSpeedupEvaluator - INFO - [level1_89_cumsum] verify_plus payload: reference_code(1620 chars) + custom_code(2810 chars)
2025-08-12 19:02:38,450 - openevolve.RemoteSpeedupEvaluator - INFO - [level1_89_cumsum] verify_plus request success
2025-08-12 19:02:38,450 - openevolve.RemoteSpeedupEvaluator - INFO - [level1_89_cumsum] verify_plus response: {"id":"level1_89_cumsum","result":{"compiled":true,"correctness":false,"metadata":{"hardware":"NVIDIA L20Y","device":"cuda:2","runtime_error":"Traceback (most recent call last):\n  File \"/cpfs01/shared/llm_kernel/hujiakai/KernelLLM/validation_api_server/helpers/evaluations.py\", line 720, in run_and_check_correctness\n    output_new = model_new(*inputs)\n  File \"/home/lijiaxing/.conda/envs/api/lib/python3.10/site-packages/torch/nn/modules/module.py\", line 1773, in _wrapped_call_impl\n    return self._call_impl(*args, **kwargs)\n  File \"/home/lijiaxing/.conda/envs/api/lib/python3.10/site-packages/torch/nn/modules/module.py\", line 1784, in _call_impl\n    return forward_call(*args, **kwargs)\n  File \"/tmp/tmpeov65qs2.py\", line 75, in forward\n    cumsum_kernel[grid](\n  File \"/home/l
2025-08-12 19:02:38,450 - openevolve.RemoteSpeedupEvaluator - INFO - [level1_89_cumsum] âœ˜ wrong_answer
2025-08-12 19:02:38,450 - openevolve.evaluator - INFO - Evaluated program 2ab15720-162b-45fe-b92d-c1758772be6f in 2.90s: compiled=1.0000, correctness=0.0000, score=10.0000, stage=wrong_answer, verify_payload={'id': 'level1_89_cumsum', 'result': {'compiled': True, 'correctness': False, 'metadata': {'hardware': 'NVIDIA L20Y', 'device': 'cuda:2', 'runtime_error': 'Traceback (most recent call last):\n  File "/cpfs01/shared/llm_kernel/hujiakai/KernelLLM/validation_api_server/helpers/evaluations.py", line 720, in run_and_check_correctness\n    output_new = model_new(*inputs)\n  File "/home/lijiaxing/.conda/envs/api/lib/python3.10/site-packages/torch/nn/modules/module.py", line 1773, in _wrapped_call_impl\n    return self._call_impl(*args, **kwargs)\n  File "/home/lijiaxing/.conda/envs/api/lib/python3.10/site-packages/torch/nn/modules/module.py", line 1784, in _call_impl\n    return forward_call(*args, **kwargs)\n  File "/tmp/tmpeov65qs2.py", line 75, in forward\n    cumsum_kernel[grid](\n  File "/home/lijiaxing/.conda/envs/api/lib/python3.10/site-packages/triton/runtime/jit.py", line 390, in <lambda>\n    return lambda *args, **kwargs: self.run(grid=grid, warmup=False, *args, **kwargs)\n  File "/home/lijiaxing/.conda/envs/api/lib/python3.10/site-packages/triton/runtime/autotuner.py", line 239, in run\n    benchmark()\n  File "/home/lijiaxing/.conda/envs/api/lib/python3.10/site-packages/triton/runtime/autotuner.py", line 228, in benchmark\n    timings = {config: self._bench(*args, config=config, **kwargs) for config in pruned_configs}\n  File "/home/lijiaxing/.conda/envs/api/lib/python3.10/site-packages/triton/runtime/autotuner.py", line 228, in <dictcomp>\n    timings = {config: self._bench(*args, config=config, **kwargs) for config in pruned_configs}\n  File "/home/lijiaxing/.conda/envs/api/lib/python3.10/site-packages/triton/runtime/autotuner.py", line 160, in _bench\n    return self.do_bench(kernel_call, quantiles=(0.5, 0.2, 0.8))\n  File "/home/lijiaxing/.conda/envs/api/lib/python3.10/site-packages/triton/testing.py", line 149, in do_bench\n    fn()\n  File "/home/lijiaxing/.conda/envs/api/lib/python3.10/site-packages/triton/runtime/autotuner.py", line 146, in kernel_call\n    self.fn.run(\n  File "/home/lijiaxing/.conda/envs/api/lib/python3.10/site-packages/triton/runtime/jit.py", line 594, in run\n    kernel = self.compile(src, target=target, options=options.__dict__)\n  File "/home/lijiaxing/.conda/envs/api/lib/python3.10/site-packages/triton/compiler/compiler.py", line 339, in compile\n    module = src.make_ir(options, codegen_fns, module_map, context)\n  File "/home/lijiaxing/.conda/envs/api/lib/python3.10/site-packages/triton/compiler/compiler.py", line 83, in make_ir\n    return ast_to_ttir(self.fn, self, context=context, options=options, codegen_fns=codegen_fns,\ntriton.compiler.errors.CompilationError: at 26:22:\n    num_chunks = tl.cdiv(L, BLOCK_SIZE)\n\n    for chunk_idx in range(0, num_chunks):\n        offs_chunk = chunk_idx * BLOCK_SIZE\n        offs = offs_chunk + tl.arange(0, BLOCK_SIZE)\n        mask = offs < L\n\n        x_ptrs = row_start_x + offs * stride_x_inner\n        chunk = tl.load(x_ptrs, mask=mask, other=0.0)\n\n        scanned_chunk = tl.associative_scan(chunk, axis=0, combine_fn=add_combine)\n        total_chunk = tl.where(mask, scanned_chunk, 0.0)[BLOCK_SIZE-1]\n                      ^\nValueError(\'unsupported tensor index: constexpr[127]\')\n\n\nThe above exception was the direct cause of the following exception:\n\nTraceback (most recent call last):\n  File "/home/lijiaxing/.conda/envs/api/lib/python3.10/site-packages/triton/language/core.py", line 42, in wrapper\n    return fn(*args, **kwargs)\n  File "/home/lijiaxing/.conda/envs/api/lib/python3.10/site-packages/triton/language/core.py", line 1118, in __getitem__\n    raise ValueError(f"unsupported tensor index: {sl}")\nValueError: unsupported tensor index: constexpr[127]\n', 'runtime_error_name': 'triton.compiler.errors.CompilationError', 'reference_timing_ms': 0.016, 'speed_up': -1.0, 'custom_timing': -1.0}, 'runtime': -1.0, 'runtime_stats': {}}}
2025-08-12 19:02:38,454 - openevolve.database - INFO - New MAP-Elites cell occupied: {'score': 9, 'complexity': 8}
2025-08-12 19:02:38,454 - openevolve.database - INFO - Population size (26) exceeds limit (25), removing 1 programs
2025-08-12 19:02:38,454 - openevolve.database - INFO - Population size after cleanup: 25
2025-08-12 19:02:38,456 - openevolve.llm.ensemble - INFO - Sampled model: deepseek
2025-08-12 19:02:38,466 - openevolve.threaded_parallel - INFO - Iteration 24: Program 2ab15720-162b-45fe-b92d-c1758772be6f (parent: bcea0183-e6a8-4590-a831-c9668e5736d8) completed in 409.06s
2025-08-12 19:02:38,466 - openevolve.threaded_parallel - INFO - Metrics: compiled=1.0000, correctness=0.0000, score=10.0000, stage=wrong_answer, verify_payload={'id': 'level1_89_cumsum', 'result': {'compiled': True, 'correctness': False, 'metadata': {'hardware': 'NVIDIA L20Y', 'device': 'cuda:2', 'runtime_error': 'Traceback (most recent call last):\n  File "/cpfs01/shared/llm_kernel/hujiakai/KernelLLM/validation_api_server/helpers/evaluations.py", line 720, in run_and_check_correctness\n    output_new = model_new(*inputs)\n  File "/home/lijiaxing/.conda/envs/api/lib/python3.10/site-packages/torch/nn/modules/module.py", line 1773, in _wrapped_call_impl\n    return self._call_impl(*args, **kwargs)\n  File "/home/lijiaxing/.conda/envs/api/lib/python3.10/site-packages/torch/nn/modules/module.py", line 1784, in _call_impl\n    return forward_call(*args, **kwargs)\n  File "/tmp/tmpeov65qs2.py", line 75, in forward\n    cumsum_kernel[grid](\n  File "/home/lijiaxing/.conda/envs/api/lib/python3.10/site-packages/triton/runtime/jit.py", line 390, in <lambda>\n    return lambda *args, **kwargs: self.run(grid=grid, warmup=False, *args, **kwargs)\n  File "/home/lijiaxing/.conda/envs/api/lib/python3.10/site-packages/triton/runtime/autotuner.py", line 239, in run\n    benchmark()\n  File "/home/lijiaxing/.conda/envs/api/lib/python3.10/site-packages/triton/runtime/autotuner.py", line 228, in benchmark\n    timings = {config: self._bench(*args, config=config, **kwargs) for config in pruned_configs}\n  File "/home/lijiaxing/.conda/envs/api/lib/python3.10/site-packages/triton/runtime/autotuner.py", line 228, in <dictcomp>\n    timings = {config: self._bench(*args, config=config, **kwargs) for config in pruned_configs}\n  File "/home/lijiaxing/.conda/envs/api/lib/python3.10/site-packages/triton/runtime/autotuner.py", line 160, in _bench\n    return self.do_bench(kernel_call, quantiles=(0.5, 0.2, 0.8))\n  File "/home/lijiaxing/.conda/envs/api/lib/python3.10/site-packages/triton/testing.py", line 149, in do_bench\n    fn()\n  File "/home/lijiaxing/.conda/envs/api/lib/python3.10/site-packages/triton/runtime/autotuner.py", line 146, in kernel_call\n    self.fn.run(\n  File "/home/lijiaxing/.conda/envs/api/lib/python3.10/site-packages/triton/runtime/jit.py", line 594, in run\n    kernel = self.compile(src, target=target, options=options.__dict__)\n  File "/home/lijiaxing/.conda/envs/api/lib/python3.10/site-packages/triton/compiler/compiler.py", line 339, in compile\n    module = src.make_ir(options, codegen_fns, module_map, context)\n  File "/home/lijiaxing/.conda/envs/api/lib/python3.10/site-packages/triton/compiler/compiler.py", line 83, in make_ir\n    return ast_to_ttir(self.fn, self, context=context, options=options, codegen_fns=codegen_fns,\ntriton.compiler.errors.CompilationError: at 26:22:\n    num_chunks = tl.cdiv(L, BLOCK_SIZE)\n\n    for chunk_idx in range(0, num_chunks):\n        offs_chunk = chunk_idx * BLOCK_SIZE\n        offs = offs_chunk + tl.arange(0, BLOCK_SIZE)\n        mask = offs < L\n\n        x_ptrs = row_start_x + offs * stride_x_inner\n        chunk = tl.load(x_ptrs, mask=mask, other=0.0)\n\n        scanned_chunk = tl.associative_scan(chunk, axis=0, combine_fn=add_combine)\n        total_chunk = tl.where(mask, scanned_chunk, 0.0)[BLOCK_SIZE-1]\n                      ^\nValueError(\'unsupported tensor index: constexpr[127]\')\n\n\nThe above exception was the direct cause of the following exception:\n\nTraceback (most recent call last):\n  File "/home/lijiaxing/.conda/envs/api/lib/python3.10/site-packages/triton/language/core.py", line 42, in wrapper\n    return fn(*args, **kwargs)\n  File "/home/lijiaxing/.conda/envs/api/lib/python3.10/site-packages/triton/language/core.py", line 1118, in __getitem__\n    raise ValueError(f"unsupported tensor index: {sl}")\nValueError: unsupported tensor index: constexpr[127]\n', 'runtime_error_name': 'triton.compiler.errors.CompilationError', 'reference_timing_ms': 0.016, 'speed_up': -1.0, 'custom_timing': -1.0}, 'runtime': -1.0, 'runtime_stats': {}}}
2025-08-12 19:02:38,466 - openevolve.threaded_parallel - INFO - Checkpoint interval reached at iteration 24
2025-08-12 19:02:38,467 - openevolve.database - INFO - Island Status:
2025-08-12 19:02:38,467 - openevolve.database - INFO -    Island 0: 10 programs, best=20.0000, avg=16.0000, diversity=107.65, gen=9 (best: 5269320d-ab1d-461a-be8e-4ce8b2f14229)
2025-08-12 19:02:38,467 - openevolve.database - INFO -    Island 1: 9 programs, best=20.0000, avg=15.5556, diversity=209.17, gen=8 (best: be168790-a738-4876-a336-e1ca075455f1)
2025-08-12 19:02:38,467 - openevolve.database - INFO -  * Island 2: 6 programs, best=20.0000, avg=13.3333, diversity=216.52, gen=8 (best: fe0be35f-2068-4909-ace8-1bbc6c523b8d)
2025-08-12 19:02:38,765 - openevolve.database - INFO - Saved database with 25 programs to openevolve_output/level1_89_cumsum/checkpoints/checkpoint_24
2025-08-12 19:02:38,775 - openevolve.controller - INFO - Saved best program at checkpoint 24 with metrics: compiled=1.0000, correctness=1.0000, stage=success, passed=0.0000, score=20.0000, speed_up=0.3230, runtime_ms=0.0496, meta={'hardware': 'NVIDIA L20Y', 'device': 'cuda:1', 'correctness_trials': '(5 / 5)', 'reference_timing_ms': 0.016, 'speed_up': 0.323, 'custom_timing': 0.0496}
2025-08-12 19:02:38,775 - openevolve.controller - INFO - Saved checkpoint at iteration 24 to openevolve_output/level1_89_cumsum/checkpoints/checkpoint_24
2025-08-12 19:08:20,663 - openevolve.RemoteSpeedupEvaluator - INFO - [level1_89_cumsum] triton key words check pass
2025-08-12 19:08:20,664 - openevolve.RemoteSpeedupEvaluator - INFO - [level1_89_cumsum] verify_plus payload: reference_code(1620 chars) + custom_code(2196 chars)
2025-08-12 19:08:23,636 - openevolve.RemoteSpeedupEvaluator - INFO - [level1_89_cumsum] verify_plus request success
2025-08-12 19:08:23,637 - openevolve.RemoteSpeedupEvaluator - INFO - [level1_89_cumsum] verify_plus response: {"id":"level1_89_cumsum","result":{"compiled":true,"correctness":false,"metadata":{"hardware":"NVIDIA L20Y","device":"cuda:7","runtime_error":"Traceback (most recent call last):\n  File \"/cpfs01/shared/llm_kernel/hujiakai/KernelLLM/validation_api_server/helpers/evaluations.py\", line 720, in run_and_check_correctness\n    output_new = model_new(*inputs)\n  File \"/home/lijiaxing/.conda/envs/api/lib/python3.10/site-packages/torch/nn/modules/module.py\", line 1773, in _wrapped_call_impl\n    return self._call_impl(*args, **kwargs)\n  File \"/home/lijiaxing/.conda/envs/api/lib/python3.10/site-packages/torch/nn/modules/module.py\", line 1784, in _call_impl\n    return forward_call(*args, **kwargs)\n  File \"/tmp/tmpgb_nmmvy.py\", line 60, in forward\n    _cumsum_kernel[grid](\n  File \"/home/
2025-08-12 19:08:23,637 - openevolve.RemoteSpeedupEvaluator - INFO - [level1_89_cumsum] âœ˜ wrong_answer
2025-08-12 19:08:23,637 - openevolve.evaluator - INFO - Evaluated program f54983b7-9d94-47ff-9925-6c717b9b07b1 in 2.98s: compiled=1.0000, correctness=0.0000, score=10.0000, stage=wrong_answer, verify_payload={'id': 'level1_89_cumsum', 'result': {'compiled': True, 'correctness': False, 'metadata': {'hardware': 'NVIDIA L20Y', 'device': 'cuda:7', 'runtime_error': 'Traceback (most recent call last):\n  File "/cpfs01/shared/llm_kernel/hujiakai/KernelLLM/validation_api_server/helpers/evaluations.py", line 720, in run_and_check_correctness\n    output_new = model_new(*inputs)\n  File "/home/lijiaxing/.conda/envs/api/lib/python3.10/site-packages/torch/nn/modules/module.py", line 1773, in _wrapped_call_impl\n    return self._call_impl(*args, **kwargs)\n  File "/home/lijiaxing/.conda/envs/api/lib/python3.10/site-packages/torch/nn/modules/module.py", line 1784, in _call_impl\n    return forward_call(*args, **kwargs)\n  File "/tmp/tmpgb_nmmvy.py", line 60, in forward\n    _cumsum_kernel[grid](\n  File "/home/lijiaxing/.conda/envs/api/lib/python3.10/site-packages/triton/runtime/jit.py", line 390, in <lambda>\n    return lambda *args, **kwargs: self.run(grid=grid, warmup=False, *args, **kwargs)\n  File "/home/lijiaxing/.conda/envs/api/lib/python3.10/site-packages/triton/runtime/jit.py", line 594, in run\n    kernel = self.compile(src, target=target, options=options.__dict__)\n  File "/home/lijiaxing/.conda/envs/api/lib/python3.10/site-packages/triton/compiler/compiler.py", line 339, in compile\n    module = src.make_ir(options, codegen_fns, module_map, context)\n  File "/home/lijiaxing/.conda/envs/api/lib/python3.10/site-packages/triton/compiler/compiler.py", line 83, in make_ir\n    return ast_to_ttir(self.fn, self, context=context, options=options, codegen_fns=codegen_fns,\ntriton.compiler.errors.CompilationError: at 26:22:\n    num_chunks = tl.cdiv(L, BLOCK_SIZE)\n\n    for chunk_idx in range(0, num_chunks):\n        offs_chunk = chunk_idx * BLOCK_SIZE\n        offs = offs_chunk + tl.arange(0, BLOCK_SIZE)\n        mask = offs < L\n\n        x_ptrs = row_start_x + offs * stride_x_inner\n        chunk = tl.load(x_ptrs, mask=mask, other=0.0)\n\n        scanned_chunk = tl.associative_scan(chunk, axis=0, combine_fn=add_combine)\n        total_chunk = scanned_chunk[BLOCK_SIZE-1]\n                      ^\nValueError(\'unsupported tensor index: constexpr[1023]\')\n\n\nThe above exception was the direct cause of the following exception:\n\nTraceback (most recent call last):\n  File "/home/lijiaxing/.conda/envs/api/lib/python3.10/site-packages/triton/language/core.py", line 42, in wrapper\n    return fn(*args, **kwargs)\n  File "/home/lijiaxing/.conda/envs/api/lib/python3.10/site-packages/triton/language/core.py", line 1118, in __getitem__\n    raise ValueError(f"unsupported tensor index: {sl}")\nValueError: unsupported tensor index: constexpr[1023]\n', 'runtime_error_name': 'triton.compiler.errors.CompilationError', 'reference_timing_ms': 0.016, 'speed_up': -1.0, 'custom_timing': -1.0}, 'runtime': -1.0, 'runtime_stats': {}}}
2025-08-12 19:08:23,640 - openevolve.database - INFO - Population size (26) exceeds limit (25), removing 1 programs
2025-08-12 19:08:23,640 - openevolve.database - INFO - Population size after cleanup: 25
2025-08-12 19:08:23,643 - openevolve.llm.ensemble - INFO - Sampled model: deepseek
2025-08-12 19:08:23,653 - openevolve.threaded_parallel - INFO - Iteration 27: Program f54983b7-9d94-47ff-9925-6c717b9b07b1 (parent: be168790-a738-4876-a336-e1ca075455f1) completed in 345.18s
2025-08-12 19:08:23,653 - openevolve.threaded_parallel - INFO - Metrics: compiled=1.0000, correctness=0.0000, score=10.0000, stage=wrong_answer, verify_payload={'id': 'level1_89_cumsum', 'result': {'compiled': True, 'correctness': False, 'metadata': {'hardware': 'NVIDIA L20Y', 'device': 'cuda:7', 'runtime_error': 'Traceback (most recent call last):\n  File "/cpfs01/shared/llm_kernel/hujiakai/KernelLLM/validation_api_server/helpers/evaluations.py", line 720, in run_and_check_correctness\n    output_new = model_new(*inputs)\n  File "/home/lijiaxing/.conda/envs/api/lib/python3.10/site-packages/torch/nn/modules/module.py", line 1773, in _wrapped_call_impl\n    return self._call_impl(*args, **kwargs)\n  File "/home/lijiaxing/.conda/envs/api/lib/python3.10/site-packages/torch/nn/modules/module.py", line 1784, in _call_impl\n    return forward_call(*args, **kwargs)\n  File "/tmp/tmpgb_nmmvy.py", line 60, in forward\n    _cumsum_kernel[grid](\n  File "/home/lijiaxing/.conda/envs/api/lib/python3.10/site-packages/triton/runtime/jit.py", line 390, in <lambda>\n    return lambda *args, **kwargs: self.run(grid=grid, warmup=False, *args, **kwargs)\n  File "/home/lijiaxing/.conda/envs/api/lib/python3.10/site-packages/triton/runtime/jit.py", line 594, in run\n    kernel = self.compile(src, target=target, options=options.__dict__)\n  File "/home/lijiaxing/.conda/envs/api/lib/python3.10/site-packages/triton/compiler/compiler.py", line 339, in compile\n    module = src.make_ir(options, codegen_fns, module_map, context)\n  File "/home/lijiaxing/.conda/envs/api/lib/python3.10/site-packages/triton/compiler/compiler.py", line 83, in make_ir\n    return ast_to_ttir(self.fn, self, context=context, options=options, codegen_fns=codegen_fns,\ntriton.compiler.errors.CompilationError: at 26:22:\n    num_chunks = tl.cdiv(L, BLOCK_SIZE)\n\n    for chunk_idx in range(0, num_chunks):\n        offs_chunk = chunk_idx * BLOCK_SIZE\n        offs = offs_chunk + tl.arange(0, BLOCK_SIZE)\n        mask = offs < L\n\n        x_ptrs = row_start_x + offs * stride_x_inner\n        chunk = tl.load(x_ptrs, mask=mask, other=0.0)\n\n        scanned_chunk = tl.associative_scan(chunk, axis=0, combine_fn=add_combine)\n        total_chunk = scanned_chunk[BLOCK_SIZE-1]\n                      ^\nValueError(\'unsupported tensor index: constexpr[1023]\')\n\n\nThe above exception was the direct cause of the following exception:\n\nTraceback (most recent call last):\n  File "/home/lijiaxing/.conda/envs/api/lib/python3.10/site-packages/triton/language/core.py", line 42, in wrapper\n    return fn(*args, **kwargs)\n  File "/home/lijiaxing/.conda/envs/api/lib/python3.10/site-packages/triton/language/core.py", line 1118, in __getitem__\n    raise ValueError(f"unsupported tensor index: {sl}")\nValueError: unsupported tensor index: constexpr[1023]\n', 'runtime_error_name': 'triton.compiler.errors.CompilationError', 'reference_timing_ms': 0.016, 'speed_up': -1.0, 'custom_timing': -1.0}, 'runtime': -1.0, 'runtime_stats': {}}}
2025-08-12 19:08:23,653 - openevolve.threaded_parallel - INFO - Checkpoint interval reached at iteration 27
2025-08-12 19:08:23,654 - openevolve.database - INFO - Island Status:
2025-08-12 19:08:23,654 - openevolve.database - INFO -  * Island 0: 10 programs, best=20.0000, avg=16.0000, diversity=107.65, gen=10 (best: 5269320d-ab1d-461a-be8e-4ce8b2f14229)
2025-08-12 19:08:23,654 - openevolve.database - INFO -    Island 1: 9 programs, best=20.0000, avg=15.5556, diversity=209.17, gen=8 (best: be168790-a738-4876-a336-e1ca075455f1)
2025-08-12 19:08:23,654 - openevolve.database - INFO -    Island 2: 6 programs, best=20.0000, avg=13.3333, diversity=244.05, gen=8 (best: fe0be35f-2068-4909-ace8-1bbc6c523b8d)
2025-08-12 19:08:23,947 - openevolve.database - INFO - Saved database with 25 programs to openevolve_output/level1_89_cumsum/checkpoints/checkpoint_27
2025-08-12 19:08:23,958 - openevolve.controller - INFO - Saved best program at checkpoint 27 with metrics: compiled=1.0000, correctness=1.0000, stage=success, passed=0.0000, score=20.0000, speed_up=0.3230, runtime_ms=0.0496, meta={'hardware': 'NVIDIA L20Y', 'device': 'cuda:1', 'correctness_trials': '(5 / 5)', 'reference_timing_ms': 0.016, 'speed_up': 0.323, 'custom_timing': 0.0496}
2025-08-12 19:08:23,958 - openevolve.controller - INFO - Saved checkpoint at iteration 27 to openevolve_output/level1_89_cumsum/checkpoints/checkpoint_27
2025-08-12 19:10:26,224 - openevolve.RemoteSpeedupEvaluator - INFO - [level1_89_cumsum] triton key words check pass
2025-08-12 19:10:26,225 - openevolve.RemoteSpeedupEvaluator - INFO - [level1_89_cumsum] verify_plus payload: reference_code(1620 chars) + custom_code(2622 chars)
2025-08-12 19:10:29,051 - openevolve.RemoteSpeedupEvaluator - INFO - [level1_89_cumsum] verify_plus request success
2025-08-12 19:10:29,051 - openevolve.RemoteSpeedupEvaluator - INFO - [level1_89_cumsum] verify_plus response: {"id":"level1_89_cumsum","result":{"compiled":true,"correctness":false,"metadata":{"hardware":"NVIDIA L20Y","device":"cuda:1","runtime_error":"Traceback (most recent call last):\n  File \"/home/lijiaxing/.conda/envs/api/lib/python3.10/site-packages/triton/language/core.py\", line 42, in wrapper\n    return fn(*args, **kwargs)\n  File \"/home/lijiaxing/.conda/envs/api/lib/python3.10/site-packages/triton/language/core.py\", line 2619, in reduce\n    return reduce((input, ), axis, combine_fn, keep_dims=keep_dims, _semantic=_semantic, _generator=_generator)[0]\n  File \"/home/lijiaxing/.conda/envs/api/lib/python3.10/site-packages/triton/language/core.py\", line 42, in wrapper\n    return fn(*args, **kwargs)\n  File \"/home/lijiaxing/.conda/envs/api/lib/python3.10/site-packages/triton/language/
2025-08-12 19:10:29,051 - openevolve.RemoteSpeedupEvaluator - INFO - [level1_89_cumsum] âœ˜ wrong_answer
2025-08-12 19:10:29,052 - openevolve.evaluator - INFO - Evaluated program 4bbb32bb-6b75-40b6-ae44-741603aabbd0 in 2.83s: compiled=1.0000, correctness=0.0000, score=10.0000, stage=wrong_answer, verify_payload={'id': 'level1_89_cumsum', 'result': {'compiled': True, 'correctness': False, 'metadata': {'hardware': 'NVIDIA L20Y', 'device': 'cuda:1', 'runtime_error': 'Traceback (most recent call last):\n  File "/home/lijiaxing/.conda/envs/api/lib/python3.10/site-packages/triton/language/core.py", line 42, in wrapper\n    return fn(*args, **kwargs)\n  File "/home/lijiaxing/.conda/envs/api/lib/python3.10/site-packages/triton/language/core.py", line 2619, in reduce\n    return reduce((input, ), axis, combine_fn, keep_dims=keep_dims, _semantic=_semantic, _generator=_generator)[0]\n  File "/home/lijiaxing/.conda/envs/api/lib/python3.10/site-packages/triton/language/core.py", line 42, in wrapper\n    return fn(*args, **kwargs)\n  File "/home/lijiaxing/.conda/envs/api/lib/python3.10/site-packages/triton/language/core.py", line 2644, in reduce\n    axis = _wrap_axis(axis, len(input[0].shape))\n  File "/home/lijiaxing/.conda/envs/api/lib/python3.10/site-packages/triton/language/core.py", line 1942, in _wrap_axis\n    if not (-ndim <= axis < ndim):\n  File "/home/lijiaxing/.conda/envs/api/lib/python3.10/site-packages/triton/language/core.py", line 40, in wrapper\n    raise ValueError("Did you forget to add @triton.jit ? "\nValueError: Did you forget to add @triton.jit ? (`_semantic` argument must be provided outside of JIT functions.)\n\nThe above exception was the direct cause of the following exception:\n\ntriton.compiler.errors.CompilationError: at 15:15:\n        if return_indices_tie_break_left:\n            return core._reduce_with_indices(input, axis, _argmin_combine_tie_break_left, keep_dims=keep_dims)\n        else:\n            return core._reduce_with_indices(input, axis, _argmin_combine_tie_break_fast, keep_dims=keep_dims)\n    else:\n        if core.constexpr(input.dtype.primitive_bitwidth) < 32:\n            if core.constexpr(input.dtype.is_floating()):\n                input = input.to(core.float32)\n            else:\n                assert input.dtype.is_int(), "Expecting input to be integer type"\n                input = input.to(core.int32)\n        return core.reduce(input, axis, _elementwise_min, keep_dims=keep_dims)\n               ^\n\nThe above exception was the direct cause of the following exception:\n\nTraceback (most recent call last):\n  File "/cpfs01/shared/llm_kernel/hujiakai/KernelLLM/validation_api_server/helpers/evaluations.py", line 720, in run_and_check_correctness\n    output_new = model_new(*inputs)\n  File "/home/lijiaxing/.conda/envs/api/lib/python3.10/site-packages/torch/nn/modules/module.py", line 1773, in _wrapped_call_impl\n    return self._call_impl(*args, **kwargs)\n  File "/home/lijiaxing/.conda/envs/api/lib/python3.10/site-packages/torch/nn/modules/module.py", line 1784, in _call_impl\n    return forward_call(*args, **kwargs)\n  File "/tmp/tmp5p4tog2m.py", line 67, in forward\n    cumsum_kernel[grid](\n  File "/home/lijiaxing/.conda/envs/api/lib/python3.10/site-packages/triton/runtime/jit.py", line 390, in <lambda>\n    return lambda *args, **kwargs: self.run(grid=grid, warmup=False, *args, **kwargs)\n  File "/home/lijiaxing/.conda/envs/api/lib/python3.10/site-packages/triton/runtime/jit.py", line 594, in run\n    kernel = self.compile(src, target=target, options=options.__dict__)\n  File "/home/lijiaxing/.conda/envs/api/lib/python3.10/site-packages/triton/compiler/compiler.py", line 339, in compile\n    module = src.make_ir(options, codegen_fns, module_map, context)\n  File "/home/lijiaxing/.conda/envs/api/lib/python3.10/site-packages/triton/compiler/compiler.py", line 83, in make_ir\n    return ast_to_ttir(self.fn, self, context=context, options=options, codegen_fns=codegen_fns,\ntriton.compiler.errors.CompilationError: at 28:30:\n    for chunk_idx in range(0, num_chunks):\n        offs_chunk = chunk_idx * BLOCK_SIZE\n        offs = offs_chunk + tl.arange(0, BLOCK_SIZE)\n        mask = offs < L\n\n        x_ptrs = row_start_x + offs * stride_x_inner\n        chunk = tl.load(x_ptrs, mask=mask, other=0.0)\n\n        scanned_chunk = tl.associative_scan(chunk, axis=0, combine_fn=add_combine)\n\n        # Efficiently extract last valid element instead of full reduction\n        last_index_in_chunk = tl.min(offs_chunk + BLOCK_SIZE - 1, L-1)\n                              ^\n\n\nThe above exception was the direct cause of the following exception:\n\nTraceback (most recent call last):\n  File "/home/lijiaxing/.conda/envs/api/lib/python3.10/site-packages/triton/language/core.py", line 42, in wrapper\n    return fn(*args, **kwargs)\n  File "/home/lijiaxing/.conda/envs/api/lib/python3.10/site-packages/triton/language/core.py", line 2619, in reduce\n    return reduce((input, ), axis, combine_fn, keep_dims=keep_dims, _semantic=_semantic, _generator=_generator)[0]\n  File "/home/lijiaxing/.conda/envs/api/lib/python3.10/site-packages/triton/language/core.py", line 42, in wrapper\n    return fn(*args, **kwargs)\n  File "/home/lijiaxing/.conda/envs/api/lib/python3.10/site-packages/triton/language/core.py", line 2644, in reduce\n    axis = _wrap_axis(axis, len(input[0].shape))\n  File "/home/lijiaxing/.conda/envs/api/lib/python3.10/site-packages/triton/language/core.py", line 1942, in _wrap_axis\n    if not (-ndim <= axis < ndim):\n  File "/home/lijiaxing/.conda/envs/api/lib/python3.10/site-packages/triton/language/core.py", line 40, in wrapper\n    raise ValueError("Did you forget to add @triton.jit ? "\nValueError: Did you forget to add @triton.jit ? (`_semantic` argument must be provided outside of JIT functions.)\n\nThe above exception was the direct cause of the following exception:\n\ntriton.compiler.errors.CompilationError: at 15:15:\n        if return_indices_tie_break_left:\n            return core._reduce_with_indices(input, axis, _argmin_combine_tie_break_left, keep_dims=keep_dims)\n        else:\n            return core._reduce_with_indices(input, axis, _argmin_combine_tie_break_fast, keep_dims=keep_dims)\n    else:\n        if core.constexpr(input.dtype.primitive_bitwidth) < 32:\n            if core.constexpr(input.dtype.is_floating()):\n                input = input.to(core.float32)\n            else:\n                assert input.dtype.is_int(), "Expecting input to be integer type"\n                input = input.to(core.int32)\n        return core.reduce(input, axis, _elementwise_min, keep_dims=keep_dims)\n               ^\n\n\nThe above exception was the direct cause of the following exception:\n\nTraceback (most recent call last):\n  File "/home/lijiaxing/.conda/envs/api/lib/python3.10/site-packages/triton/language/core.py", line 42, in wrapper\n    return fn(*args, **kwargs)\n  File "/home/lijiaxing/.conda/envs/api/lib/python3.10/site-packages/triton/language/core.py", line 2619, in reduce\n    return reduce((input, ), axis, combine_fn, keep_dims=keep_dims, _semantic=_semantic, _generator=_generator)[0]\n  File "/home/lijiaxing/.conda/envs/api/lib/python3.10/site-packages/triton/language/core.py", line 42, in wrapper\n    return fn(*args, **kwargs)\n  File "/home/lijiaxing/.conda/envs/api/lib/python3.10/site-packages/triton/language/core.py", line 2644, in reduce\n    axis = _wrap_axis(axis, len(input[0].shape))\n  File "/home/lijiaxing/.conda/envs/api/lib/python3.10/site-packages/triton/language/core.py", line 1942, in _wrap_axis\n    if not (-ndim <= axis < ndim):\n  File "/home/lijiaxing/.conda/envs/api/lib/python3.10/site-packages/triton/language/core.py", line 40, in wrapper\n    raise ValueError("Did you forget to add @triton.jit ? "\nValueError: Did you forget to add @triton.jit ? (`_semantic` argument must be provided outside of JIT functions.)\n', 'runtime_error_name': 'triton.compiler.errors.CompilationError', 'reference_timing_ms': 0.016, 'speed_up': -1.0, 'custom_timing': -1.0}, 'runtime': -1.0, 'runtime_stats': {}}}
2025-08-12 19:10:29,056 - openevolve.llm.ensemble - INFO - Sampled model: deepseek
2025-08-12 19:10:29,058 - openevolve.database - INFO - Population size (26) exceeds limit (25), removing 1 programs
2025-08-12 19:10:29,058 - openevolve.database - INFO - Population size after cleanup: 25
2025-08-12 19:10:29,070 - openevolve.threaded_parallel - INFO - Iteration 23: Program 4bbb32bb-6b75-40b6-ae44-741603aabbd0 (parent: 47eafffe-dddf-4415-873e-fa18e1328770) completed in 913.00s
2025-08-12 19:10:29,070 - openevolve.threaded_parallel - INFO - Metrics: compiled=1.0000, correctness=0.0000, score=10.0000, stage=wrong_answer, verify_payload={'id': 'level1_89_cumsum', 'result': {'compiled': True, 'correctness': False, 'metadata': {'hardware': 'NVIDIA L20Y', 'device': 'cuda:1', 'runtime_error': 'Traceback (most recent call last):\n  File "/home/lijiaxing/.conda/envs/api/lib/python3.10/site-packages/triton/language/core.py", line 42, in wrapper\n    return fn(*args, **kwargs)\n  File "/home/lijiaxing/.conda/envs/api/lib/python3.10/site-packages/triton/language/core.py", line 2619, in reduce\n    return reduce((input, ), axis, combine_fn, keep_dims=keep_dims, _semantic=_semantic, _generator=_generator)[0]\n  File "/home/lijiaxing/.conda/envs/api/lib/python3.10/site-packages/triton/language/core.py", line 42, in wrapper\n    return fn(*args, **kwargs)\n  File "/home/lijiaxing/.conda/envs/api/lib/python3.10/site-packages/triton/language/core.py", line 2644, in reduce\n    axis = _wrap_axis(axis, len(input[0].shape))\n  File "/home/lijiaxing/.conda/envs/api/lib/python3.10/site-packages/triton/language/core.py", line 1942, in _wrap_axis\n    if not (-ndim <= axis < ndim):\n  File "/home/lijiaxing/.conda/envs/api/lib/python3.10/site-packages/triton/language/core.py", line 40, in wrapper\n    raise ValueError("Did you forget to add @triton.jit ? "\nValueError: Did you forget to add @triton.jit ? (`_semantic` argument must be provided outside of JIT functions.)\n\nThe above exception was the direct cause of the following exception:\n\ntriton.compiler.errors.CompilationError: at 15:15:\n        if return_indices_tie_break_left:\n            return core._reduce_with_indices(input, axis, _argmin_combine_tie_break_left, keep_dims=keep_dims)\n        else:\n            return core._reduce_with_indices(input, axis, _argmin_combine_tie_break_fast, keep_dims=keep_dims)\n    else:\n        if core.constexpr(input.dtype.primitive_bitwidth) < 32:\n            if core.constexpr(input.dtype.is_floating()):\n                input = input.to(core.float32)\n            else:\n                assert input.dtype.is_int(), "Expecting input to be integer type"\n                input = input.to(core.int32)\n        return core.reduce(input, axis, _elementwise_min, keep_dims=keep_dims)\n               ^\n\nThe above exception was the direct cause of the following exception:\n\nTraceback (most recent call last):\n  File "/cpfs01/shared/llm_kernel/hujiakai/KernelLLM/validation_api_server/helpers/evaluations.py", line 720, in run_and_check_correctness\n    output_new = model_new(*inputs)\n  File "/home/lijiaxing/.conda/envs/api/lib/python3.10/site-packages/torch/nn/modules/module.py", line 1773, in _wrapped_call_impl\n    return self._call_impl(*args, **kwargs)\n  File "/home/lijiaxing/.conda/envs/api/lib/python3.10/site-packages/torch/nn/modules/module.py", line 1784, in _call_impl\n    return forward_call(*args, **kwargs)\n  File "/tmp/tmp5p4tog2m.py", line 67, in forward\n    cumsum_kernel[grid](\n  File "/home/lijiaxing/.conda/envs/api/lib/python3.10/site-packages/triton/runtime/jit.py", line 390, in <lambda>\n    return lambda *args, **kwargs: self.run(grid=grid, warmup=False, *args, **kwargs)\n  File "/home/lijiaxing/.conda/envs/api/lib/python3.10/site-packages/triton/runtime/jit.py", line 594, in run\n    kernel = self.compile(src, target=target, options=options.__dict__)\n  File "/home/lijiaxing/.conda/envs/api/lib/python3.10/site-packages/triton/compiler/compiler.py", line 339, in compile\n    module = src.make_ir(options, codegen_fns, module_map, context)\n  File "/home/lijiaxing/.conda/envs/api/lib/python3.10/site-packages/triton/compiler/compiler.py", line 83, in make_ir\n    return ast_to_ttir(self.fn, self, context=context, options=options, codegen_fns=codegen_fns,\ntriton.compiler.errors.CompilationError: at 28:30:\n    for chunk_idx in range(0, num_chunks):\n        offs_chunk = chunk_idx * BLOCK_SIZE\n        offs = offs_chunk + tl.arange(0, BLOCK_SIZE)\n        mask = offs < L\n\n        x_ptrs = row_start_x + offs * stride_x_inner\n        chunk = tl.load(x_ptrs, mask=mask, other=0.0)\n\n        scanned_chunk = tl.associative_scan(chunk, axis=0, combine_fn=add_combine)\n\n        # Efficiently extract last valid element instead of full reduction\n        last_index_in_chunk = tl.min(offs_chunk + BLOCK_SIZE - 1, L-1)\n                              ^\n\n\nThe above exception was the direct cause of the following exception:\n\nTraceback (most recent call last):\n  File "/home/lijiaxing/.conda/envs/api/lib/python3.10/site-packages/triton/language/core.py", line 42, in wrapper\n    return fn(*args, **kwargs)\n  File "/home/lijiaxing/.conda/envs/api/lib/python3.10/site-packages/triton/language/core.py", line 2619, in reduce\n    return reduce((input, ), axis, combine_fn, keep_dims=keep_dims, _semantic=_semantic, _generator=_generator)[0]\n  File "/home/lijiaxing/.conda/envs/api/lib/python3.10/site-packages/triton/language/core.py", line 42, in wrapper\n    return fn(*args, **kwargs)\n  File "/home/lijiaxing/.conda/envs/api/lib/python3.10/site-packages/triton/language/core.py", line 2644, in reduce\n    axis = _wrap_axis(axis, len(input[0].shape))\n  File "/home/lijiaxing/.conda/envs/api/lib/python3.10/site-packages/triton/language/core.py", line 1942, in _wrap_axis\n    if not (-ndim <= axis < ndim):\n  File "/home/lijiaxing/.conda/envs/api/lib/python3.10/site-packages/triton/language/core.py", line 40, in wrapper\n    raise ValueError("Did you forget to add @triton.jit ? "\nValueError: Did you forget to add @triton.jit ? (`_semantic` argument must be provided outside of JIT functions.)\n\nThe above exception was the direct cause of the following exception:\n\ntriton.compiler.errors.CompilationError: at 15:15:\n        if return_indices_tie_break_left:\n            return core._reduce_with_indices(input, axis, _argmin_combine_tie_break_left, keep_dims=keep_dims)\n        else:\n            return core._reduce_with_indices(input, axis, _argmin_combine_tie_break_fast, keep_dims=keep_dims)\n    else:\n        if core.constexpr(input.dtype.primitive_bitwidth) < 32:\n            if core.constexpr(input.dtype.is_floating()):\n                input = input.to(core.float32)\n            else:\n                assert input.dtype.is_int(), "Expecting input to be integer type"\n                input = input.to(core.int32)\n        return core.reduce(input, axis, _elementwise_min, keep_dims=keep_dims)\n               ^\n\n\nThe above exception was the direct cause of the following exception:\n\nTraceback (most recent call last):\n  File "/home/lijiaxing/.conda/envs/api/lib/python3.10/site-packages/triton/language/core.py", line 42, in wrapper\n    return fn(*args, **kwargs)\n  File "/home/lijiaxing/.conda/envs/api/lib/python3.10/site-packages/triton/language/core.py", line 2619, in reduce\n    return reduce((input, ), axis, combine_fn, keep_dims=keep_dims, _semantic=_semantic, _generator=_generator)[0]\n  File "/home/lijiaxing/.conda/envs/api/lib/python3.10/site-packages/triton/language/core.py", line 42, in wrapper\n    return fn(*args, **kwargs)\n  File "/home/lijiaxing/.conda/envs/api/lib/python3.10/site-packages/triton/language/core.py", line 2644, in reduce\n    axis = _wrap_axis(axis, len(input[0].shape))\n  File "/home/lijiaxing/.conda/envs/api/lib/python3.10/site-packages/triton/language/core.py", line 1942, in _wrap_axis\n    if not (-ndim <= axis < ndim):\n  File "/home/lijiaxing/.conda/envs/api/lib/python3.10/site-packages/triton/language/core.py", line 40, in wrapper\n    raise ValueError("Did you forget to add @triton.jit ? "\nValueError: Did you forget to add @triton.jit ? (`_semantic` argument must be provided outside of JIT functions.)\n', 'runtime_error_name': 'triton.compiler.errors.CompilationError', 'reference_timing_ms': 0.016, 'speed_up': -1.0, 'custom_timing': -1.0}, 'runtime': -1.0, 'runtime_stats': {}}}
2025-08-12 19:16:54,553 - openevolve.RemoteSpeedupEvaluator - INFO - [level1_89_cumsum] triton key words check pass
2025-08-12 19:16:54,554 - openevolve.RemoteSpeedupEvaluator - INFO - [level1_89_cumsum] verify_plus payload: reference_code(1620 chars) + custom_code(2380 chars)
2025-08-12 19:16:57,714 - openevolve.RemoteSpeedupEvaluator - INFO - [level1_89_cumsum] verify_plus request success
2025-08-12 19:16:57,715 - openevolve.RemoteSpeedupEvaluator - INFO - [level1_89_cumsum] verify_plus response: {"id":"level1_89_cumsum","result":{"compiled":true,"correctness":true,"metadata":{"hardware":"NVIDIA L20Y","device":"cuda:0","correctness_trials":"(5 / 5)","reference_timing_ms":0.016,"speed_up":0.277,"custom_timing":0.0577},"runtime":0.0577,"runtime_stats":{"mean":0.0577,"std":0.00443,"min":0.0526,"max":0.0832,"num_trials":100,"hardware":"NVIDIA L20Y","device":"cuda:0"}}}
2025-08-12 19:16:57,715 - openevolve.RemoteSpeedupEvaluator - INFO - [level1_89_cumsum] âœ” success | speed_up=0.277  score=20.00
2025-08-12 19:16:57,715 - openevolve.evaluator - INFO - Evaluated program 68020310-0120-446b-ad6d-7c96913e7bdd in 3.16s: compiled=1.0000, correctness=1.0000, stage=success, passed=0.0000, score=20.0000, speed_up=0.2770, runtime_ms=0.0577, meta={'hardware': 'NVIDIA L20Y', 'device': 'cuda:0', 'correctness_trials': '(5 / 5)', 'reference_timing_ms': 0.016, 'speed_up': 0.277, 'custom_timing': 0.0577}
2025-08-12 19:16:57,721 - openevolve.database - INFO - Population size (26) exceeds limit (25), removing 1 programs
2025-08-12 19:16:57,722 - openevolve.database - INFO - Population size after cleanup: 25
2025-08-12 19:16:57,734 - openevolve.threaded_parallel - INFO - Iteration 28: Program 68020310-0120-446b-ad6d-7c96913e7bdd (parent: c7d2abf2-b5be-4d19-a37e-1b2ce17fd5a6) completed in 514.07s
2025-08-12 19:16:57,734 - openevolve.threaded_parallel - INFO - Metrics: compiled=1.0000, correctness=1.0000, stage=success, passed=0.0000, score=20.0000, speed_up=0.2770, runtime_ms=0.0577, meta={'hardware': 'NVIDIA L20Y', 'device': 'cuda:0', 'correctness_trials': '(5 / 5)', 'reference_timing_ms': 0.016, 'speed_up': 0.277, 'custom_timing': 0.0577}
2025-08-12 19:19:31,889 - openevolve.RemoteSpeedupEvaluator - INFO - [level1_89_cumsum] triton key words check pass
2025-08-12 19:19:31,890 - openevolve.RemoteSpeedupEvaluator - INFO - [level1_89_cumsum] verify_plus payload: reference_code(1620 chars) + custom_code(2952 chars)
2025-08-12 19:19:34,785 - openevolve.RemoteSpeedupEvaluator - INFO - [level1_89_cumsum] verify_plus request success
2025-08-12 19:19:34,785 - openevolve.RemoteSpeedupEvaluator - INFO - [level1_89_cumsum] verify_plus response: {"id":"level1_89_cumsum","result":{"compiled":true,"correctness":false,"metadata":{"hardware":"NVIDIA L20Y","device":"cuda:2","runtime_error":"Traceback (most recent call last):\n  File \"/cpfs01/shared/llm_kernel/hujiakai/KernelLLM/validation_api_server/helpers/evaluations.py\", line 720, in run_and_check_correctness\n    output_new = model_new(*inputs)\n  File \"/home/lijiaxing/.conda/envs/api/lib/python3.10/site-packages/torch/nn/modules/module.py\", line 1773, in _wrapped_call_impl\n    return self._call_impl(*args, **kwargs)\n  File \"/home/lijiaxing/.conda/envs/api/lib/python3.10/site-packages/torch/nn/modules/module.py\", line 1784, in _call_impl\n    return forward_call(*args, **kwargs)\n  File \"/tmp/tmpl6o4hl9b.py\", line 77, in forward\n    cumsum_kernel[grid](\n  File \"/home/l
2025-08-12 19:19:34,785 - openevolve.RemoteSpeedupEvaluator - INFO - [level1_89_cumsum] âœ˜ wrong_answer
2025-08-12 19:19:34,785 - openevolve.evaluator - INFO - Evaluated program 13cb8a7f-9965-4553-8d15-510c686476d1 in 2.90s: compiled=1.0000, correctness=0.0000, score=10.0000, stage=wrong_answer, verify_payload={'id': 'level1_89_cumsum', 'result': {'compiled': True, 'correctness': False, 'metadata': {'hardware': 'NVIDIA L20Y', 'device': 'cuda:2', 'runtime_error': 'Traceback (most recent call last):\n  File "/cpfs01/shared/llm_kernel/hujiakai/KernelLLM/validation_api_server/helpers/evaluations.py", line 720, in run_and_check_correctness\n    output_new = model_new(*inputs)\n  File "/home/lijiaxing/.conda/envs/api/lib/python3.10/site-packages/torch/nn/modules/module.py", line 1773, in _wrapped_call_impl\n    return self._call_impl(*args, **kwargs)\n  File "/home/lijiaxing/.conda/envs/api/lib/python3.10/site-packages/torch/nn/modules/module.py", line 1784, in _call_impl\n    return forward_call(*args, **kwargs)\n  File "/tmp/tmpl6o4hl9b.py", line 77, in forward\n    cumsum_kernel[grid](\n  File "/home/lijiaxing/.conda/envs/api/lib/python3.10/site-packages/triton/runtime/jit.py", line 390, in <lambda>\n    return lambda *args, **kwargs: self.run(grid=grid, warmup=False, *args, **kwargs)\n  File "/home/lijiaxing/.conda/envs/api/lib/python3.10/site-packages/triton/runtime/jit.py", line 594, in run\n    kernel = self.compile(src, target=target, options=options.__dict__)\n  File "/home/lijiaxing/.conda/envs/api/lib/python3.10/site-packages/triton/compiler/compiler.py", line 339, in compile\n    module = src.make_ir(options, codegen_fns, module_map, context)\n  File "/home/lijiaxing/.conda/envs/api/lib/python3.10/site-packages/triton/compiler/compiler.py", line 83, in make_ir\n    return ast_to_ttir(self.fn, self, context=context, options=options, codegen_fns=codegen_fns,\ntriton.compiler.errors.CompilationError: at 25:70:\n    cumulative = 0.0\n    num_chunks = tl.cdiv(L, BLOCK_SIZE)\n\n    for chunk_idx in range(0, num_chunks):\n        offs_chunk = chunk_idx * BLOCK_SIZE\n        offs = offs_chunk + tl.arange(0, BLOCK_SIZE)\n        mask = offs < L\n\n        x_ptrs = row_start_x + offs * stride_x_inner\n        chunk = tl.load(x_ptrs, mask=mask, other=0.0)\n\n        scanned_chunk = tl.associative_scan(chunk, axis=0, combine_fn=add_combine)\n                                                                      ^\nNameError("Cannot access global variable add_combine from within @jit\'ed function. Triton kernels can only access global variables that are instanstiated as constexpr (`x = triton.language.constexpr(42)`). Note that this is different from annotating a variable as constexpr (`x: triton.language.constexpr = 42`), which is not supported.  Alternatively, set the envvar TRITON_ALLOW_NON_CONSTEXPR_GLOBALS=1, but we do not promise to support this forever.")\n\n\nThe above exception was the direct cause of the following exception:\n\nNameError: Cannot access global variable add_combine from within @jit\'ed function. Triton kernels can only access global variables that are instanstiated as constexpr (`x = triton.language.constexpr(42)`). Note that this is different from annotating a variable as constexpr (`x: triton.language.constexpr = 42`), which is not supported.  Alternatively, set the envvar TRITON_ALLOW_NON_CONSTEXPR_GLOBALS=1, but we do not promise to support this forever.\n', 'runtime_error_name': 'triton.compiler.errors.CompilationError', 'reference_timing_ms': 0.016, 'speed_up': -1.0, 'custom_timing': -1.0}, 'runtime': -1.0, 'runtime_stats': {}}}
2025-08-12 19:19:34,794 - openevolve.database - INFO - Population size (26) exceeds limit (25), removing 1 programs
2025-08-12 19:19:34,794 - openevolve.database - INFO - Population size after cleanup: 25
2025-08-12 19:19:34,806 - openevolve.threaded_parallel - INFO - Iteration 26: Program 13cb8a7f-9965-4553-8d15-510c686476d1 (parent: 47eafffe-dddf-4415-873e-fa18e1328770) completed in 1049.71s
2025-08-12 19:19:34,806 - openevolve.threaded_parallel - INFO - Metrics: compiled=1.0000, correctness=0.0000, score=10.0000, stage=wrong_answer, verify_payload={'id': 'level1_89_cumsum', 'result': {'compiled': True, 'correctness': False, 'metadata': {'hardware': 'NVIDIA L20Y', 'device': 'cuda:2', 'runtime_error': 'Traceback (most recent call last):\n  File "/cpfs01/shared/llm_kernel/hujiakai/KernelLLM/validation_api_server/helpers/evaluations.py", line 720, in run_and_check_correctness\n    output_new = model_new(*inputs)\n  File "/home/lijiaxing/.conda/envs/api/lib/python3.10/site-packages/torch/nn/modules/module.py", line 1773, in _wrapped_call_impl\n    return self._call_impl(*args, **kwargs)\n  File "/home/lijiaxing/.conda/envs/api/lib/python3.10/site-packages/torch/nn/modules/module.py", line 1784, in _call_impl\n    return forward_call(*args, **kwargs)\n  File "/tmp/tmpl6o4hl9b.py", line 77, in forward\n    cumsum_kernel[grid](\n  File "/home/lijiaxing/.conda/envs/api/lib/python3.10/site-packages/triton/runtime/jit.py", line 390, in <lambda>\n    return lambda *args, **kwargs: self.run(grid=grid, warmup=False, *args, **kwargs)\n  File "/home/lijiaxing/.conda/envs/api/lib/python3.10/site-packages/triton/runtime/jit.py", line 594, in run\n    kernel = self.compile(src, target=target, options=options.__dict__)\n  File "/home/lijiaxing/.conda/envs/api/lib/python3.10/site-packages/triton/compiler/compiler.py", line 339, in compile\n    module = src.make_ir(options, codegen_fns, module_map, context)\n  File "/home/lijiaxing/.conda/envs/api/lib/python3.10/site-packages/triton/compiler/compiler.py", line 83, in make_ir\n    return ast_to_ttir(self.fn, self, context=context, options=options, codegen_fns=codegen_fns,\ntriton.compiler.errors.CompilationError: at 25:70:\n    cumulative = 0.0\n    num_chunks = tl.cdiv(L, BLOCK_SIZE)\n\n    for chunk_idx in range(0, num_chunks):\n        offs_chunk = chunk_idx * BLOCK_SIZE\n        offs = offs_chunk + tl.arange(0, BLOCK_SIZE)\n        mask = offs < L\n\n        x_ptrs = row_start_x + offs * stride_x_inner\n        chunk = tl.load(x_ptrs, mask=mask, other=0.0)\n\n        scanned_chunk = tl.associative_scan(chunk, axis=0, combine_fn=add_combine)\n                                                                      ^\nNameError("Cannot access global variable add_combine from within @jit\'ed function. Triton kernels can only access global variables that are instanstiated as constexpr (`x = triton.language.constexpr(42)`). Note that this is different from annotating a variable as constexpr (`x: triton.language.constexpr = 42`), which is not supported.  Alternatively, set the envvar TRITON_ALLOW_NON_CONSTEXPR_GLOBALS=1, but we do not promise to support this forever.")\n\n\nThe above exception was the direct cause of the following exception:\n\nNameError: Cannot access global variable add_combine from within @jit\'ed function. Triton kernels can only access global variables that are instanstiated as constexpr (`x = triton.language.constexpr(42)`). Note that this is different from annotating a variable as constexpr (`x: triton.language.constexpr = 42`), which is not supported.  Alternatively, set the envvar TRITON_ALLOW_NON_CONSTEXPR_GLOBALS=1, but we do not promise to support this forever.\n', 'runtime_error_name': 'triton.compiler.errors.CompilationError', 'reference_timing_ms': 0.016, 'speed_up': -1.0, 'custom_timing': -1.0}, 'runtime': -1.0, 'runtime_stats': {}}}
2025-08-12 19:20:13,311 - openevolve.RemoteSpeedupEvaluator - INFO - [level1_89_cumsum] triton key words check pass
2025-08-12 19:20:13,312 - openevolve.RemoteSpeedupEvaluator - INFO - [level1_89_cumsum] verify_plus payload: reference_code(1620 chars) + custom_code(2998 chars)
2025-08-12 19:20:15,829 - openevolve.RemoteSpeedupEvaluator - INFO - [level1_89_cumsum] verify_plus request success
2025-08-12 19:20:15,829 - openevolve.RemoteSpeedupEvaluator - INFO - [level1_89_cumsum] verify_plus response: {"id":"level1_89_cumsum","result":{"compiled":true,"correctness":false,"metadata":{"hardware":"NVIDIA L20Y","device":"cuda:4","runtime_error":"Traceback (most recent call last):\n  File \"/cpfs01/shared/llm_kernel/hujiakai/KernelLLM/validation_api_server/helpers/evaluations.py\", line 720, in run_and_check_correctness\n    output_new = model_new(*inputs)\n  File \"/home/lijiaxing/.conda/envs/api/lib/python3.10/site-packages/torch/nn/modules/module.py\", line 1773, in _wrapped_call_impl\n    return self._call_impl(*args, **kwargs)\n  File \"/home/lijiaxing/.conda/envs/api/lib/python3.10/site-packages/torch/nn/modules/module.py\", line 1784, in _call_impl\n    return forward_call(*args, **kwargs)\n  File \"/tmp/tmpa7wp1cqw.py\", line 76, in forward\n    cumsum_kernel[grid](\n  File \"/home/l
2025-08-12 19:20:15,829 - openevolve.RemoteSpeedupEvaluator - INFO - [level1_89_cumsum] âœ˜ wrong_answer
2025-08-12 19:20:15,830 - openevolve.evaluator - INFO - Evaluated program 6ce59eeb-5e5a-4326-8d15-4acff6d1abdc in 2.52s: compiled=1.0000, correctness=0.0000, score=10.0000, stage=wrong_answer, verify_payload={'id': 'level1_89_cumsum', 'result': {'compiled': True, 'correctness': False, 'metadata': {'hardware': 'NVIDIA L20Y', 'device': 'cuda:4', 'runtime_error': 'Traceback (most recent call last):\n  File "/cpfs01/shared/llm_kernel/hujiakai/KernelLLM/validation_api_server/helpers/evaluations.py", line 720, in run_and_check_correctness\n    output_new = model_new(*inputs)\n  File "/home/lijiaxing/.conda/envs/api/lib/python3.10/site-packages/torch/nn/modules/module.py", line 1773, in _wrapped_call_impl\n    return self._call_impl(*args, **kwargs)\n  File "/home/lijiaxing/.conda/envs/api/lib/python3.10/site-packages/torch/nn/modules/module.py", line 1784, in _call_impl\n    return forward_call(*args, **kwargs)\n  File "/tmp/tmpa7wp1cqw.py", line 76, in forward\n    cumsum_kernel[grid](\n  File "/home/lijiaxing/.conda/envs/api/lib/python3.10/site-packages/triton/runtime/jit.py", line 390, in <lambda>\n    return lambda *args, **kwargs: self.run(grid=grid, warmup=False, *args, **kwargs)\n  File "/home/lijiaxing/.conda/envs/api/lib/python3.10/site-packages/triton/runtime/autotuner.py", line 239, in run\n    benchmark()\n  File "/home/lijiaxing/.conda/envs/api/lib/python3.10/site-packages/triton/runtime/autotuner.py", line 228, in benchmark\n    timings = {config: self._bench(*args, config=config, **kwargs) for config in pruned_configs}\n  File "/home/lijiaxing/.conda/envs/api/lib/python3.10/site-packages/triton/runtime/autotuner.py", line 228, in <dictcomp>\n    timings = {config: self._bench(*args, config=config, **kwargs) for config in pruned_configs}\n  File "/home/lijiaxing/.conda/envs/api/lib/python3.10/site-packages/triton/runtime/autotuner.py", line 160, in _bench\n    return self.do_bench(kernel_call, quantiles=(0.5, 0.2, 0.8))\n  File "/home/lijiaxing/.conda/envs/api/lib/python3.10/site-packages/triton/testing.py", line 149, in do_bench\n    fn()\n  File "/home/lijiaxing/.conda/envs/api/lib/python3.10/site-packages/triton/runtime/autotuner.py", line 146, in kernel_call\n    self.fn.run(\n  File "/home/lijiaxing/.conda/envs/api/lib/python3.10/site-packages/triton/runtime/jit.py", line 581, in run\n    raise KeyError("Keyword argument %s was specified but unrecognised" % k)\nKeyError: \'Keyword argument BLOCK_SIZE was specified but unrecognised\'\n', 'runtime_error_name': 'builtins.KeyError', 'reference_timing_ms': 0.016, 'speed_up': -1.0, 'custom_timing': -1.0}, 'runtime': -1.0, 'runtime_stats': {}}}
2025-08-12 19:20:15,870 - openevolve.database - INFO - Population size (26) exceeds limit (25), removing 1 programs
2025-08-12 19:20:15,870 - openevolve.database - INFO - Population size after cleanup: 25
2025-08-12 19:20:15,886 - openevolve.threaded_parallel - INFO - Iteration 29: Program 6ce59eeb-5e5a-4326-8d15-4acff6d1abdc (parent: 8e68c8a7-ccbf-425d-a7e2-e3afff6ce042) completed in 586.77s
2025-08-12 19:20:15,886 - openevolve.threaded_parallel - INFO - Metrics: compiled=1.0000, correctness=0.0000, score=10.0000, stage=wrong_answer, verify_payload={'id': 'level1_89_cumsum', 'result': {'compiled': True, 'correctness': False, 'metadata': {'hardware': 'NVIDIA L20Y', 'device': 'cuda:4', 'runtime_error': 'Traceback (most recent call last):\n  File "/cpfs01/shared/llm_kernel/hujiakai/KernelLLM/validation_api_server/helpers/evaluations.py", line 720, in run_and_check_correctness\n    output_new = model_new(*inputs)\n  File "/home/lijiaxing/.conda/envs/api/lib/python3.10/site-packages/torch/nn/modules/module.py", line 1773, in _wrapped_call_impl\n    return self._call_impl(*args, **kwargs)\n  File "/home/lijiaxing/.conda/envs/api/lib/python3.10/site-packages/torch/nn/modules/module.py", line 1784, in _call_impl\n    return forward_call(*args, **kwargs)\n  File "/tmp/tmpa7wp1cqw.py", line 76, in forward\n    cumsum_kernel[grid](\n  File "/home/lijiaxing/.conda/envs/api/lib/python3.10/site-packages/triton/runtime/jit.py", line 390, in <lambda>\n    return lambda *args, **kwargs: self.run(grid=grid, warmup=False, *args, **kwargs)\n  File "/home/lijiaxing/.conda/envs/api/lib/python3.10/site-packages/triton/runtime/autotuner.py", line 239, in run\n    benchmark()\n  File "/home/lijiaxing/.conda/envs/api/lib/python3.10/site-packages/triton/runtime/autotuner.py", line 228, in benchmark\n    timings = {config: self._bench(*args, config=config, **kwargs) for config in pruned_configs}\n  File "/home/lijiaxing/.conda/envs/api/lib/python3.10/site-packages/triton/runtime/autotuner.py", line 228, in <dictcomp>\n    timings = {config: self._bench(*args, config=config, **kwargs) for config in pruned_configs}\n  File "/home/lijiaxing/.conda/envs/api/lib/python3.10/site-packages/triton/runtime/autotuner.py", line 160, in _bench\n    return self.do_bench(kernel_call, quantiles=(0.5, 0.2, 0.8))\n  File "/home/lijiaxing/.conda/envs/api/lib/python3.10/site-packages/triton/testing.py", line 149, in do_bench\n    fn()\n  File "/home/lijiaxing/.conda/envs/api/lib/python3.10/site-packages/triton/runtime/autotuner.py", line 146, in kernel_call\n    self.fn.run(\n  File "/home/lijiaxing/.conda/envs/api/lib/python3.10/site-packages/triton/runtime/jit.py", line 581, in run\n    raise KeyError("Keyword argument %s was specified but unrecognised" % k)\nKeyError: \'Keyword argument BLOCK_SIZE was specified but unrecognised\'\n', 'runtime_error_name': 'builtins.KeyError', 'reference_timing_ms': 0.016, 'speed_up': -1.0, 'custom_timing': -1.0}, 'runtime': -1.0, 'runtime_stats': {}}}
2025-08-12 19:20:15,886 - openevolve.threaded_parallel - INFO - Evolution completed
2025-08-12 19:20:15,897 - openevolve.threaded_parallel - INFO - Stopped thread pool
2025-08-12 19:20:15,897 - openevolve.threaded_parallel - INFO - Stopped improved parallel controller
2025-08-12 19:20:15,897 - openevolve.controller - INFO - Using tracked best program: 5269320d-ab1d-461a-be8e-4ce8b2f14229
2025-08-12 19:20:15,897 - openevolve.controller - INFO - Evolution complete. Best program has metrics: compiled=1.0000, correctness=1.0000, stage=success, passed=0.0000, score=20.0000, speed_up=0.3230, runtime_ms=0.0496, meta={'hardware': 'NVIDIA L20Y', 'device': 'cuda:1', 'correctness_trials': '(5 / 5)', 'reference_timing_ms': 0.016, 'speed_up': 0.323, 'custom_timing': 0.0496}
2025-08-12 19:20:15,912 - openevolve.controller - INFO - Saved best program to openevolve_output/level1_89_cumsum/best/best_program.py with program info to openevolve_output/level1_89_cumsum/best/best_program_info.json
2025-08-12 19:20:15,912 - __main__ - INFO - âœ… å®Œæˆ level1_89_cumsum
2025-08-12 19:20:15,912 - __main__ - INFO - ======================================================================
2025-08-12 19:20:15,912 - __main__ - INFO - ðŸš€ [5/10] å¼€å§‹ level2_25_Conv2d_Min_Tanh_Tanh
2025-08-12 19:20:15,912 - __main__ - INFO - ======================================================================
2025-08-12 19:20:15,913 - __main__ - INFO - âœ… å®Œæˆ level2_25_Conv2d_Min_Tanh_Tanh
2025-08-12 19:20:15,913 - __main__ - INFO - ======================================================================
2025-08-12 19:20:15,913 - __main__ - INFO - ðŸš€ [6/10] å¼€å§‹ level2_52_Conv2d_Activation_BatchNorm
2025-08-12 19:20:15,913 - __main__ - INFO - ======================================================================
2025-08-12 19:20:15,914 - __main__ - INFO - âœ… å®Œæˆ level2_52_Conv2d_Activation_BatchNorm
2025-08-12 19:20:15,914 - __main__ - INFO - ======================================================================
2025-08-12 19:20:15,914 - __main__ - INFO - ðŸš€ [7/10] å¼€å§‹ level2_7_Conv3d_ReLU_LeakyReLU_GELU_Sigmoid_BiasAdd
2025-08-12 19:20:15,914 - __main__ - INFO - ======================================================================
2025-08-12 19:20:15,915 - __main__ - INFO - âœ… å®Œæˆ level2_7_Conv3d_ReLU_LeakyReLU_GELU_Sigmoid_BiasAdd
2025-08-12 19:20:15,915 - __main__ - INFO - ======================================================================
2025-08-12 19:20:15,915 - __main__ - INFO - ðŸš€ [8/10] å¼€å§‹ level3_17_SqueezeNetFireModule
2025-08-12 19:20:15,915 - __main__ - INFO - ======================================================================
2025-08-12 19:20:15,916 - __main__ - INFO - âœ… å®Œæˆ level3_17_SqueezeNetFireModule
2025-08-12 19:20:15,916 - __main__ - INFO - ======================================================================
2025-08-12 19:20:15,916 - __main__ - INFO - ðŸš€ [9/10] å¼€å§‹ level3_44_MiniGPTBlock
2025-08-12 19:20:15,916 - __main__ - INFO - ======================================================================
2025-08-12 19:20:15,917 - __main__ - INFO - âœ… å®Œæˆ level3_44_MiniGPTBlock
2025-08-12 19:20:15,917 - __main__ - INFO - ======================================================================
2025-08-12 19:20:15,917 - __main__ - INFO - ðŸš€ [10/10] å¼€å§‹ level4_7_gpt2_bs32_seq256
2025-08-12 19:20:15,917 - __main__ - INFO - ======================================================================
2025-08-12 19:20:15,952 - openevolve.controller - INFO - Logging to openevolve_output/level4_7_gpt2_bs32_seq256/logs/openevolve_20250812_192015.log
2025-08-12 19:20:15,952 - openevolve.controller - INFO - Set random seed to 42 for reproducibility
2025-08-12 19:20:15,993 - openevolve.llm.ensemble - INFO - Initialized LLM ensemble with models: deepseek (weight: 0.80), deepseek (weight: 0.20)
2025-08-12 19:20:16,032 - openevolve.llm.ensemble - INFO - Initialized LLM ensemble with models: deepseek (weight: 0.80), deepseek (weight: 0.20)
2025-08-12 19:20:16,032 - openevolve.prompt.sampler - INFO - Set custom templates: system=evaluator_system_message, user=None
2025-08-12 19:20:16,033 - openevolve.database - INFO - Initialized program database with 0 programs
2025-08-12 19:20:16,052 - openevolve.evaluator - INFO - Successfully loaded evaluation function from openevolve_output/level4_7_gpt2_bs32_seq256/evaluation.py
2025-08-12 19:20:16,053 - openevolve.evaluator - INFO - Initialized evaluator with openevolve_output/level4_7_gpt2_bs32_seq256/evaluation.py
2025-08-12 19:20:16,053 - openevolve.controller - INFO - Initialized OpenEvolve with /tmp/b0c174920a1a0477dd6ad52daf6d5c34.py
2025-08-12 19:20:16,053 - openevolve.controller - INFO - Adding initial program to database
2025-08-12 19:20:16,054 - openevolve.RemoteSpeedupEvaluator - INFO - [level4_7_gpt2_bs32_seq256] verify_plus payload: reference_code(703 chars) + custom_code(824 chars)
2025-08-12 19:20:30,060 - openevolve.RemoteSpeedupEvaluator - INFO - [level4_7_gpt2_bs32_seq256] verify_plus request success
2025-08-12 19:20:30,060 - openevolve.RemoteSpeedupEvaluator - INFO - [level4_7_gpt2_bs32_seq256] verify_plus response: {"id":"level4_7_gpt2_bs32_seq256","result":{"error":"We couldn't connect to 'https://huggingface.co' to load the files, and couldn't find them in the cached files.\nCheck your internet connection or see how to run the library in offline mode at 'https://huggingface.co/docs/transformers/installation#offline-mode'.\nTraceback (most recent call last):\n  File \"/home/lijiaxing/.conda/envs/api/lib/python3.10/site-packages/urllib3/connection.py\", line 198, in _new_conn\n    sock = connection.create_connection(\n  File \"/home/lijiaxing/.conda/envs/api/lib/python3.10/site-packages/urllib3/util/connection.py\", line 85, in create_connection\n    raise err\n  File \"/home/lijiaxing/.conda/envs/api/lib/python3.10/site-packages/urllib3/util/connection.py\", line 73, in create_connection\n    sock.c
2025-08-12 19:20:30,061 - openevolve.evaluator - WARNING - Evaluation attempt 1/4 failed for program 73ac7f7a-3e10-4108-9211-ae919ad0f766: Error: The reference code is not valid or correct. The verify result is: {'error': 'We couldn\'t connect to \'https://huggingface.co\' to load the files, and couldn\'t find them in the cached files.\nCheck your internet connection or see how to run the library in offline mode at \'https://huggingface.co/docs/transformers/installation#offline-mode\'.\nTraceback (most recent call last):\n  File "/home/lijiaxing/.conda/envs/api/lib/python3.10/site-packages/urllib3/connection.py", line 198, in _new_conn\n    sock = connection.create_connection(\n  File "/home/lijiaxing/.conda/envs/api/lib/python3.10/site-packages/urllib3/util/connection.py", line 85, in create_connection\n    raise err\n  File "/home/lijiaxing/.conda/envs/api/lib/python3.10/site-packages/urllib3/util/connection.py", line 73, in create_connection\n    sock.connect(sa)\nOSError: [Errno 101] Network is unreachable\n\nThe above exception was the direct cause of the following exception:\n\nTraceback (most recent call last):\n  File "/home/lijiaxing/.conda/envs/api/lib/python3.10/site-packages/urllib3/connectionpool.py", line 787, in urlopen\n    response = self._make_request(\n  File "/home/lijiaxing/.conda/envs/api/lib/python3.10/site-packages/urllib3/connectionpool.py", line 488, in _make_request\n    raise new_e\n  File "/home/lijiaxing/.conda/envs/api/lib/python3.10/site-packages/urllib3/connectionpool.py", line 464, in _make_request\n    self._validate_conn(conn)\n  File "/home/lijiaxing/.conda/envs/api/lib/python3.10/site-packages/urllib3/connectionpool.py", line 1093, in _validate_conn\n    conn.connect()\n  File "/home/lijiaxing/.conda/envs/api/lib/python3.10/site-packages/urllib3/connection.py", line 753, in connect\n    self.sock = sock = self._new_conn()\n  File "/home/lijiaxing/.conda/envs/api/lib/python3.10/site-packages/urllib3/connection.py", line 213, in _new_conn\n    raise NewConnectionError(\nurllib3.exceptions.NewConnectionError: <urllib3.connection.HTTPSConnection object at 0x7fa3021a5450>: Failed to establish a new connection: [Errno 101] Network is unreachable\n\nThe above exception was the direct cause of the following exception:\n\nTraceback (most recent call last):\n  File "/home/lijiaxing/.conda/envs/api/lib/python3.10/site-packages/requests/adapters.py", line 667, in send\n    resp = conn.urlopen(\n  File "/home/lijiaxing/.conda/envs/api/lib/python3.10/site-packages/urllib3/connectionpool.py", line 841, in urlopen\n    retries = retries.increment(\n  File "/home/lijiaxing/.conda/envs/api/lib/python3.10/site-packages/urllib3/util/retry.py", line 519, in increment\n    raise MaxRetryError(_pool, url, reason) from reason  # type: ignore[arg-type]\nurllib3.exceptions.MaxRetryError: HTTPSConnectionPool(host=\'huggingface.co\', port=443): Max retries exceeded with url: /gpt2/resolve/main/config.json (Caused by NewConnectionError(\'<urllib3.connection.HTTPSConnection object at 0x7fa3021a5450>: Failed to establish a new connection: [Errno 101] Network is unreachable\'))\n\nDuring handling of the above exception, another exception occurred:\n\nTraceback (most recent call last):\n  File "/home/lijiaxing/.conda/envs/api/lib/python3.10/site-packages/huggingface_hub/file_download.py", line 1546, in _get_metadata_or_catch_error\n    metadata = get_hf_file_metadata(\n  File "/home/lijiaxing/.conda/envs/api/lib/python3.10/site-packages/huggingface_hub/utils/_validators.py", line 114, in _inner_fn\n    return fn(*args, **kwargs)\n  File "/home/lijiaxing/.conda/envs/api/lib/python3.10/site-packages/huggingface_hub/file_download.py", line 1463, in get_hf_file_metadata\n    r = _request_wrapper(\n  File "/home/lijiaxing/.conda/envs/api/lib/python3.10/site-packages/huggingface_hub/file_download.py", line 286, in _request_wrapper\n    response = _request_wrapper(\n  File "/home/lijiaxing/.conda/envs/api/lib/python3.10/site-packages/huggingface_hub/file_download.py", line 309, in _request_wrapper\n    response = http_backoff(method=method, url=url, **params, retry_on_exceptions=(), retry_on_status_codes=(429,))\n  File "/home/lijiaxing/.conda/envs/api/lib/python3.10/site-packages/huggingface_hub/utils/_http.py", line 310, in http_backoff\n    response = session.request(method=method, url=url, **kwargs)\n  File "/home/lijiaxing/.conda/envs/api/lib/python3.10/site-packages/requests/sessions.py", line 589, in request\n    resp = self.send(prep, **send_kwargs)\n  File "/home/lijiaxing/.conda/envs/api/lib/python3.10/site-packages/requests/sessions.py", line 703, in send\n    r = adapter.send(request, **kwargs)\n  File "/home/lijiaxing/.conda/envs/api/lib/python3.10/site-packages/huggingface_hub/utils/_http.py", line 96, in send\n    return super().send(request, *args, **kwargs)\n  File "/home/lijiaxing/.conda/envs/api/lib/python3.10/site-packages/requests/adapters.py", line 700, in send\n    raise ConnectionError(e, request=request)\nrequests.exceptions.ConnectionError: (MaxRetryError("HTTPSConnectionPool(host=\'huggingface.co\', port=443): Max retries exceeded with url: /gpt2/resolve/main/config.json (Caused by NewConnectionError(\'<urllib3.connection.HTTPSConnection object at 0x7fa3021a5450>: Failed to establish a new connection: [Errno 101] Network is unreachable\'))"), \'(Request ID: ea8e3a34-fe59-446e-9bf3-0ccde9ae2366)\')\n\nThe above exception was the direct cause of the following exception:\n\nTraceback (most recent call last):\n  File "/home/lijiaxing/.conda/envs/api/lib/python3.10/site-packages/transformers/utils/hub.py", line 479, in cached_files\n    hf_hub_download(\n  File "/home/lijiaxing/.conda/envs/api/lib/python3.10/site-packages/huggingface_hub/utils/_validators.py", line 114, in _inner_fn\n    return fn(*args, **kwargs)\n  File "/home/lijiaxing/.conda/envs/api/lib/python3.10/site-packages/huggingface_hub/file_download.py", line 1010, in hf_hub_download\n    return _hf_hub_download_to_cache_dir(\n  File "/home/lijiaxing/.conda/envs/api/lib/python3.10/site-packages/huggingface_hub/file_download.py", line 1117, in _hf_hub_download_to_cache_dir\n    _raise_on_head_call_error(head_call_error, force_download, local_files_only)\n  File "/home/lijiaxing/.conda/envs/api/lib/python3.10/site-packages/huggingface_hub/file_download.py", line 1661, in _raise_on_head_call_error\n    raise LocalEntryNotFoundError(\nhuggingface_hub.errors.LocalEntryNotFoundError: An error happened while trying to locate the file on the Hub and we cannot find the requested files in the local cache. Please check your connection and try again or make sure your Internet connection is on.\n\nThe above exception was the direct cause of the following exception:\n\nTraceback (most recent call last):\n  File "/cpfs01/shared/llm_kernel/hujiakai/KernelLLM/validation_api_server/evaluator.py", line 92, in _measure_perf_worker\n    exec(textwrap.dedent(code_src), temp_module.__dict__)\n  File "<string>", line 16, in <module>\n  File "/home/lijiaxing/.conda/envs/api/lib/python3.10/site-packages/transformers/models/auto/configuration_auto.py", line 1250, in from_pretrained\n    config_dict, unused_kwargs = PretrainedConfig.get_config_dict(pretrained_model_name_or_path, **kwargs)\n  File "/home/lijiaxing/.conda/envs/api/lib/python3.10/site-packages/transformers/configuration_utils.py", line 649, in get_config_dict\n    config_dict, kwargs = cls._get_config_dict(pretrained_model_name_or_path, **kwargs)\n  File "/home/lijiaxing/.conda/envs/api/lib/python3.10/site-packages/transformers/configuration_utils.py", line 708, in _get_config_dict\n    resolved_config_file = cached_file(\n  File "/home/lijiaxing/.conda/envs/api/lib/python3.10/site-packages/transformers/utils/hub.py", line 321, in cached_file\n    file = cached_files(path_or_repo_id=path_or_repo_id, filenames=[filename], **kwargs)\n  File "/home/lijiaxing/.conda/envs/api/lib/python3.10/site-packages/transformers/utils/hub.py", line 553, in cached_files\n    raise OSError(\nOSError: We couldn\'t connect to \'https://huggingface.co\' to load the files, and couldn\'t find them in the cached files.\nCheck your internet connection or see how to run the library in offline mode at \'https://huggingface.co/docs/transformers/installation#offline-mode\'.\n'}
2025-08-12 19:20:31,067 - openevolve.RemoteSpeedupEvaluator - INFO - [level4_7_gpt2_bs32_seq256] verify_plus payload: reference_code(703 chars) + custom_code(824 chars)
2025-08-12 19:20:45,061 - openevolve.RemoteSpeedupEvaluator - INFO - [level4_7_gpt2_bs32_seq256] verify_plus request success
2025-08-12 19:20:45,062 - openevolve.RemoteSpeedupEvaluator - INFO - [level4_7_gpt2_bs32_seq256] verify_plus response: {"id":"level4_7_gpt2_bs32_seq256","result":{"error":"We couldn't connect to 'https://huggingface.co' to load the files, and couldn't find them in the cached files.\nCheck your internet connection or see how to run the library in offline mode at 'https://huggingface.co/docs/transformers/installation#offline-mode'.\nTraceback (most recent call last):\n  File \"/home/lijiaxing/.conda/envs/api/lib/python3.10/site-packages/urllib3/connection.py\", line 198, in _new_conn\n    sock = connection.create_connection(\n  File \"/home/lijiaxing/.conda/envs/api/lib/python3.10/site-packages/urllib3/util/connection.py\", line 85, in create_connection\n    raise err\n  File \"/home/lijiaxing/.conda/envs/api/lib/python3.10/site-packages/urllib3/util/connection.py\", line 73, in create_connection\n    sock.c
2025-08-12 19:20:45,063 - openevolve.evaluator - WARNING - Evaluation attempt 2/4 failed for program 73ac7f7a-3e10-4108-9211-ae919ad0f766: Error: The reference code is not valid or correct. The verify result is: {'error': 'We couldn\'t connect to \'https://huggingface.co\' to load the files, and couldn\'t find them in the cached files.\nCheck your internet connection or see how to run the library in offline mode at \'https://huggingface.co/docs/transformers/installation#offline-mode\'.\nTraceback (most recent call last):\n  File "/home/lijiaxing/.conda/envs/api/lib/python3.10/site-packages/urllib3/connection.py", line 198, in _new_conn\n    sock = connection.create_connection(\n  File "/home/lijiaxing/.conda/envs/api/lib/python3.10/site-packages/urllib3/util/connection.py", line 85, in create_connection\n    raise err\n  File "/home/lijiaxing/.conda/envs/api/lib/python3.10/site-packages/urllib3/util/connection.py", line 73, in create_connection\n    sock.connect(sa)\nOSError: [Errno 101] Network is unreachable\n\nThe above exception was the direct cause of the following exception:\n\nTraceback (most recent call last):\n  File "/home/lijiaxing/.conda/envs/api/lib/python3.10/site-packages/urllib3/connectionpool.py", line 787, in urlopen\n    response = self._make_request(\n  File "/home/lijiaxing/.conda/envs/api/lib/python3.10/site-packages/urllib3/connectionpool.py", line 488, in _make_request\n    raise new_e\n  File "/home/lijiaxing/.conda/envs/api/lib/python3.10/site-packages/urllib3/connectionpool.py", line 464, in _make_request\n    self._validate_conn(conn)\n  File "/home/lijiaxing/.conda/envs/api/lib/python3.10/site-packages/urllib3/connectionpool.py", line 1093, in _validate_conn\n    conn.connect()\n  File "/home/lijiaxing/.conda/envs/api/lib/python3.10/site-packages/urllib3/connection.py", line 753, in connect\n    self.sock = sock = self._new_conn()\n  File "/home/lijiaxing/.conda/envs/api/lib/python3.10/site-packages/urllib3/connection.py", line 213, in _new_conn\n    raise NewConnectionError(\nurllib3.exceptions.NewConnectionError: <urllib3.connection.HTTPSConnection object at 0x7f4c32fc9420>: Failed to establish a new connection: [Errno 101] Network is unreachable\n\nThe above exception was the direct cause of the following exception:\n\nTraceback (most recent call last):\n  File "/home/lijiaxing/.conda/envs/api/lib/python3.10/site-packages/requests/adapters.py", line 667, in send\n    resp = conn.urlopen(\n  File "/home/lijiaxing/.conda/envs/api/lib/python3.10/site-packages/urllib3/connectionpool.py", line 841, in urlopen\n    retries = retries.increment(\n  File "/home/lijiaxing/.conda/envs/api/lib/python3.10/site-packages/urllib3/util/retry.py", line 519, in increment\n    raise MaxRetryError(_pool, url, reason) from reason  # type: ignore[arg-type]\nurllib3.exceptions.MaxRetryError: HTTPSConnectionPool(host=\'huggingface.co\', port=443): Max retries exceeded with url: /gpt2/resolve/main/config.json (Caused by NewConnectionError(\'<urllib3.connection.HTTPSConnection object at 0x7f4c32fc9420>: Failed to establish a new connection: [Errno 101] Network is unreachable\'))\n\nDuring handling of the above exception, another exception occurred:\n\nTraceback (most recent call last):\n  File "/home/lijiaxing/.conda/envs/api/lib/python3.10/site-packages/huggingface_hub/file_download.py", line 1546, in _get_metadata_or_catch_error\n    metadata = get_hf_file_metadata(\n  File "/home/lijiaxing/.conda/envs/api/lib/python3.10/site-packages/huggingface_hub/utils/_validators.py", line 114, in _inner_fn\n    return fn(*args, **kwargs)\n  File "/home/lijiaxing/.conda/envs/api/lib/python3.10/site-packages/huggingface_hub/file_download.py", line 1463, in get_hf_file_metadata\n    r = _request_wrapper(\n  File "/home/lijiaxing/.conda/envs/api/lib/python3.10/site-packages/huggingface_hub/file_download.py", line 286, in _request_wrapper\n    response = _request_wrapper(\n  File "/home/lijiaxing/.conda/envs/api/lib/python3.10/site-packages/huggingface_hub/file_download.py", line 309, in _request_wrapper\n    response = http_backoff(method=method, url=url, **params, retry_on_exceptions=(), retry_on_status_codes=(429,))\n  File "/home/lijiaxing/.conda/envs/api/lib/python3.10/site-packages/huggingface_hub/utils/_http.py", line 310, in http_backoff\n    response = session.request(method=method, url=url, **kwargs)\n  File "/home/lijiaxing/.conda/envs/api/lib/python3.10/site-packages/requests/sessions.py", line 589, in request\n    resp = self.send(prep, **send_kwargs)\n  File "/home/lijiaxing/.conda/envs/api/lib/python3.10/site-packages/requests/sessions.py", line 703, in send\n    r = adapter.send(request, **kwargs)\n  File "/home/lijiaxing/.conda/envs/api/lib/python3.10/site-packages/huggingface_hub/utils/_http.py", line 96, in send\n    return super().send(request, *args, **kwargs)\n  File "/home/lijiaxing/.conda/envs/api/lib/python3.10/site-packages/requests/adapters.py", line 700, in send\n    raise ConnectionError(e, request=request)\nrequests.exceptions.ConnectionError: (MaxRetryError("HTTPSConnectionPool(host=\'huggingface.co\', port=443): Max retries exceeded with url: /gpt2/resolve/main/config.json (Caused by NewConnectionError(\'<urllib3.connection.HTTPSConnection object at 0x7f4c32fc9420>: Failed to establish a new connection: [Errno 101] Network is unreachable\'))"), \'(Request ID: 1cf1d909-daf5-4f21-836e-70ba9a568876)\')\n\nThe above exception was the direct cause of the following exception:\n\nTraceback (most recent call last):\n  File "/home/lijiaxing/.conda/envs/api/lib/python3.10/site-packages/transformers/utils/hub.py", line 479, in cached_files\n    hf_hub_download(\n  File "/home/lijiaxing/.conda/envs/api/lib/python3.10/site-packages/huggingface_hub/utils/_validators.py", line 114, in _inner_fn\n    return fn(*args, **kwargs)\n  File "/home/lijiaxing/.conda/envs/api/lib/python3.10/site-packages/huggingface_hub/file_download.py", line 1010, in hf_hub_download\n    return _hf_hub_download_to_cache_dir(\n  File "/home/lijiaxing/.conda/envs/api/lib/python3.10/site-packages/huggingface_hub/file_download.py", line 1117, in _hf_hub_download_to_cache_dir\n    _raise_on_head_call_error(head_call_error, force_download, local_files_only)\n  File "/home/lijiaxing/.conda/envs/api/lib/python3.10/site-packages/huggingface_hub/file_download.py", line 1661, in _raise_on_head_call_error\n    raise LocalEntryNotFoundError(\nhuggingface_hub.errors.LocalEntryNotFoundError: An error happened while trying to locate the file on the Hub and we cannot find the requested files in the local cache. Please check your connection and try again or make sure your Internet connection is on.\n\nThe above exception was the direct cause of the following exception:\n\nTraceback (most recent call last):\n  File "/cpfs01/shared/llm_kernel/hujiakai/KernelLLM/validation_api_server/evaluator.py", line 92, in _measure_perf_worker\n    exec(textwrap.dedent(code_src), temp_module.__dict__)\n  File "<string>", line 16, in <module>\n  File "/home/lijiaxing/.conda/envs/api/lib/python3.10/site-packages/transformers/models/auto/configuration_auto.py", line 1250, in from_pretrained\n    config_dict, unused_kwargs = PretrainedConfig.get_config_dict(pretrained_model_name_or_path, **kwargs)\n  File "/home/lijiaxing/.conda/envs/api/lib/python3.10/site-packages/transformers/configuration_utils.py", line 649, in get_config_dict\n    config_dict, kwargs = cls._get_config_dict(pretrained_model_name_or_path, **kwargs)\n  File "/home/lijiaxing/.conda/envs/api/lib/python3.10/site-packages/transformers/configuration_utils.py", line 708, in _get_config_dict\n    resolved_config_file = cached_file(\n  File "/home/lijiaxing/.conda/envs/api/lib/python3.10/site-packages/transformers/utils/hub.py", line 321, in cached_file\n    file = cached_files(path_or_repo_id=path_or_repo_id, filenames=[filename], **kwargs)\n  File "/home/lijiaxing/.conda/envs/api/lib/python3.10/site-packages/transformers/utils/hub.py", line 553, in cached_files\n    raise OSError(\nOSError: We couldn\'t connect to \'https://huggingface.co\' to load the files, and couldn\'t find them in the cached files.\nCheck your internet connection or see how to run the library in offline mode at \'https://huggingface.co/docs/transformers/installation#offline-mode\'.\n'}
2025-08-12 19:20:46,066 - openevolve.RemoteSpeedupEvaluator - INFO - [level4_7_gpt2_bs32_seq256] verify_plus payload: reference_code(703 chars) + custom_code(824 chars)
2025-08-12 19:21:00,037 - openevolve.RemoteSpeedupEvaluator - INFO - [level4_7_gpt2_bs32_seq256] verify_plus request success
2025-08-12 19:21:00,037 - openevolve.RemoteSpeedupEvaluator - INFO - [level4_7_gpt2_bs32_seq256] verify_plus response: {"id":"level4_7_gpt2_bs32_seq256","result":{"error":"We couldn't connect to 'https://huggingface.co' to load the files, and couldn't find them in the cached files.\nCheck your internet connection or see how to run the library in offline mode at 'https://huggingface.co/docs/transformers/installation#offline-mode'.\nTraceback (most recent call last):\n  File \"/home/lijiaxing/.conda/envs/api/lib/python3.10/site-packages/urllib3/connection.py\", line 198, in _new_conn\n    sock = connection.create_connection(\n  File \"/home/lijiaxing/.conda/envs/api/lib/python3.10/site-packages/urllib3/util/connection.py\", line 85, in create_connection\n    raise err\n  File \"/home/lijiaxing/.conda/envs/api/lib/python3.10/site-packages/urllib3/util/connection.py\", line 73, in create_connection\n    sock.c
2025-08-12 19:21:00,038 - openevolve.evaluator - WARNING - Evaluation attempt 3/4 failed for program 73ac7f7a-3e10-4108-9211-ae919ad0f766: Error: The reference code is not valid or correct. The verify result is: {'error': 'We couldn\'t connect to \'https://huggingface.co\' to load the files, and couldn\'t find them in the cached files.\nCheck your internet connection or see how to run the library in offline mode at \'https://huggingface.co/docs/transformers/installation#offline-mode\'.\nTraceback (most recent call last):\n  File "/home/lijiaxing/.conda/envs/api/lib/python3.10/site-packages/urllib3/connection.py", line 198, in _new_conn\n    sock = connection.create_connection(\n  File "/home/lijiaxing/.conda/envs/api/lib/python3.10/site-packages/urllib3/util/connection.py", line 85, in create_connection\n    raise err\n  File "/home/lijiaxing/.conda/envs/api/lib/python3.10/site-packages/urllib3/util/connection.py", line 73, in create_connection\n    sock.connect(sa)\nOSError: [Errno 101] Network is unreachable\n\nThe above exception was the direct cause of the following exception:\n\nTraceback (most recent call last):\n  File "/home/lijiaxing/.conda/envs/api/lib/python3.10/site-packages/urllib3/connectionpool.py", line 787, in urlopen\n    response = self._make_request(\n  File "/home/lijiaxing/.conda/envs/api/lib/python3.10/site-packages/urllib3/connectionpool.py", line 488, in _make_request\n    raise new_e\n  File "/home/lijiaxing/.conda/envs/api/lib/python3.10/site-packages/urllib3/connectionpool.py", line 464, in _make_request\n    self._validate_conn(conn)\n  File "/home/lijiaxing/.conda/envs/api/lib/python3.10/site-packages/urllib3/connectionpool.py", line 1093, in _validate_conn\n    conn.connect()\n  File "/home/lijiaxing/.conda/envs/api/lib/python3.10/site-packages/urllib3/connection.py", line 753, in connect\n    self.sock = sock = self._new_conn()\n  File "/home/lijiaxing/.conda/envs/api/lib/python3.10/site-packages/urllib3/connection.py", line 213, in _new_conn\n    raise NewConnectionError(\nurllib3.exceptions.NewConnectionError: <urllib3.connection.HTTPSConnection object at 0x7fe0361a9480>: Failed to establish a new connection: [Errno 101] Network is unreachable\n\nThe above exception was the direct cause of the following exception:\n\nTraceback (most recent call last):\n  File "/home/lijiaxing/.conda/envs/api/lib/python3.10/site-packages/requests/adapters.py", line 667, in send\n    resp = conn.urlopen(\n  File "/home/lijiaxing/.conda/envs/api/lib/python3.10/site-packages/urllib3/connectionpool.py", line 841, in urlopen\n    retries = retries.increment(\n  File "/home/lijiaxing/.conda/envs/api/lib/python3.10/site-packages/urllib3/util/retry.py", line 519, in increment\n    raise MaxRetryError(_pool, url, reason) from reason  # type: ignore[arg-type]\nurllib3.exceptions.MaxRetryError: HTTPSConnectionPool(host=\'huggingface.co\', port=443): Max retries exceeded with url: /gpt2/resolve/main/config.json (Caused by NewConnectionError(\'<urllib3.connection.HTTPSConnection object at 0x7fe0361a9480>: Failed to establish a new connection: [Errno 101] Network is unreachable\'))\n\nDuring handling of the above exception, another exception occurred:\n\nTraceback (most recent call last):\n  File "/home/lijiaxing/.conda/envs/api/lib/python3.10/site-packages/huggingface_hub/file_download.py", line 1546, in _get_metadata_or_catch_error\n    metadata = get_hf_file_metadata(\n  File "/home/lijiaxing/.conda/envs/api/lib/python3.10/site-packages/huggingface_hub/utils/_validators.py", line 114, in _inner_fn\n    return fn(*args, **kwargs)\n  File "/home/lijiaxing/.conda/envs/api/lib/python3.10/site-packages/huggingface_hub/file_download.py", line 1463, in get_hf_file_metadata\n    r = _request_wrapper(\n  File "/home/lijiaxing/.conda/envs/api/lib/python3.10/site-packages/huggingface_hub/file_download.py", line 286, in _request_wrapper\n    response = _request_wrapper(\n  File "/home/lijiaxing/.conda/envs/api/lib/python3.10/site-packages/huggingface_hub/file_download.py", line 309, in _request_wrapper\n    response = http_backoff(method=method, url=url, **params, retry_on_exceptions=(), retry_on_status_codes=(429,))\n  File "/home/lijiaxing/.conda/envs/api/lib/python3.10/site-packages/huggingface_hub/utils/_http.py", line 310, in http_backoff\n    response = session.request(method=method, url=url, **kwargs)\n  File "/home/lijiaxing/.conda/envs/api/lib/python3.10/site-packages/requests/sessions.py", line 589, in request\n    resp = self.send(prep, **send_kwargs)\n  File "/home/lijiaxing/.conda/envs/api/lib/python3.10/site-packages/requests/sessions.py", line 703, in send\n    r = adapter.send(request, **kwargs)\n  File "/home/lijiaxing/.conda/envs/api/lib/python3.10/site-packages/huggingface_hub/utils/_http.py", line 96, in send\n    return super().send(request, *args, **kwargs)\n  File "/home/lijiaxing/.conda/envs/api/lib/python3.10/site-packages/requests/adapters.py", line 700, in send\n    raise ConnectionError(e, request=request)\nrequests.exceptions.ConnectionError: (MaxRetryError("HTTPSConnectionPool(host=\'huggingface.co\', port=443): Max retries exceeded with url: /gpt2/resolve/main/config.json (Caused by NewConnectionError(\'<urllib3.connection.HTTPSConnection object at 0x7fe0361a9480>: Failed to establish a new connection: [Errno 101] Network is unreachable\'))"), \'(Request ID: 4b2cfe85-64ad-47d4-9cf7-79948c1b6ef3)\')\n\nThe above exception was the direct cause of the following exception:\n\nTraceback (most recent call last):\n  File "/home/lijiaxing/.conda/envs/api/lib/python3.10/site-packages/transformers/utils/hub.py", line 479, in cached_files\n    hf_hub_download(\n  File "/home/lijiaxing/.conda/envs/api/lib/python3.10/site-packages/huggingface_hub/utils/_validators.py", line 114, in _inner_fn\n    return fn(*args, **kwargs)\n  File "/home/lijiaxing/.conda/envs/api/lib/python3.10/site-packages/huggingface_hub/file_download.py", line 1010, in hf_hub_download\n    return _hf_hub_download_to_cache_dir(\n  File "/home/lijiaxing/.conda/envs/api/lib/python3.10/site-packages/huggingface_hub/file_download.py", line 1117, in _hf_hub_download_to_cache_dir\n    _raise_on_head_call_error(head_call_error, force_download, local_files_only)\n  File "/home/lijiaxing/.conda/envs/api/lib/python3.10/site-packages/huggingface_hub/file_download.py", line 1661, in _raise_on_head_call_error\n    raise LocalEntryNotFoundError(\nhuggingface_hub.errors.LocalEntryNotFoundError: An error happened while trying to locate the file on the Hub and we cannot find the requested files in the local cache. Please check your connection and try again or make sure your Internet connection is on.\n\nThe above exception was the direct cause of the following exception:\n\nTraceback (most recent call last):\n  File "/cpfs01/shared/llm_kernel/hujiakai/KernelLLM/validation_api_server/evaluator.py", line 92, in _measure_perf_worker\n    exec(textwrap.dedent(code_src), temp_module.__dict__)\n  File "<string>", line 16, in <module>\n  File "/home/lijiaxing/.conda/envs/api/lib/python3.10/site-packages/transformers/models/auto/configuration_auto.py", line 1250, in from_pretrained\n    config_dict, unused_kwargs = PretrainedConfig.get_config_dict(pretrained_model_name_or_path, **kwargs)\n  File "/home/lijiaxing/.conda/envs/api/lib/python3.10/site-packages/transformers/configuration_utils.py", line 649, in get_config_dict\n    config_dict, kwargs = cls._get_config_dict(pretrained_model_name_or_path, **kwargs)\n  File "/home/lijiaxing/.conda/envs/api/lib/python3.10/site-packages/transformers/configuration_utils.py", line 708, in _get_config_dict\n    resolved_config_file = cached_file(\n  File "/home/lijiaxing/.conda/envs/api/lib/python3.10/site-packages/transformers/utils/hub.py", line 321, in cached_file\n    file = cached_files(path_or_repo_id=path_or_repo_id, filenames=[filename], **kwargs)\n  File "/home/lijiaxing/.conda/envs/api/lib/python3.10/site-packages/transformers/utils/hub.py", line 553, in cached_files\n    raise OSError(\nOSError: We couldn\'t connect to \'https://huggingface.co\' to load the files, and couldn\'t find them in the cached files.\nCheck your internet connection or see how to run the library in offline mode at \'https://huggingface.co/docs/transformers/installation#offline-mode\'.\n'}
2025-08-12 19:21:01,041 - openevolve.RemoteSpeedupEvaluator - INFO - [level4_7_gpt2_bs32_seq256] verify_plus payload: reference_code(703 chars) + custom_code(824 chars)
2025-08-12 19:21:15,082 - openevolve.RemoteSpeedupEvaluator - INFO - [level4_7_gpt2_bs32_seq256] verify_plus request success
2025-08-12 19:21:15,083 - openevolve.RemoteSpeedupEvaluator - INFO - [level4_7_gpt2_bs32_seq256] verify_plus response: {"id":"level4_7_gpt2_bs32_seq256","result":{"error":"We couldn't connect to 'https://huggingface.co' to load the files, and couldn't find them in the cached files.\nCheck your internet connection or see how to run the library in offline mode at 'https://huggingface.co/docs/transformers/installation#offline-mode'.\nTraceback (most recent call last):\n  File \"/home/lijiaxing/.conda/envs/api/lib/python3.10/site-packages/urllib3/connection.py\", line 198, in _new_conn\n    sock = connection.create_connection(\n  File \"/home/lijiaxing/.conda/envs/api/lib/python3.10/site-packages/urllib3/util/connection.py\", line 85, in create_connection\n    raise err\n  File \"/home/lijiaxing/.conda/envs/api/lib/python3.10/site-packages/urllib3/util/connection.py\", line 73, in create_connection\n    sock.c
2025-08-12 19:21:15,083 - openevolve.evaluator - WARNING - Evaluation attempt 4/4 failed for program 73ac7f7a-3e10-4108-9211-ae919ad0f766: Error: The reference code is not valid or correct. The verify result is: {'error': 'We couldn\'t connect to \'https://huggingface.co\' to load the files, and couldn\'t find them in the cached files.\nCheck your internet connection or see how to run the library in offline mode at \'https://huggingface.co/docs/transformers/installation#offline-mode\'.\nTraceback (most recent call last):\n  File "/home/lijiaxing/.conda/envs/api/lib/python3.10/site-packages/urllib3/connection.py", line 198, in _new_conn\n    sock = connection.create_connection(\n  File "/home/lijiaxing/.conda/envs/api/lib/python3.10/site-packages/urllib3/util/connection.py", line 85, in create_connection\n    raise err\n  File "/home/lijiaxing/.conda/envs/api/lib/python3.10/site-packages/urllib3/util/connection.py", line 73, in create_connection\n    sock.connect(sa)\nOSError: [Errno 101] Network is unreachable\n\nThe above exception was the direct cause of the following exception:\n\nTraceback (most recent call last):\n  File "/home/lijiaxing/.conda/envs/api/lib/python3.10/site-packages/urllib3/connectionpool.py", line 787, in urlopen\n    response = self._make_request(\n  File "/home/lijiaxing/.conda/envs/api/lib/python3.10/site-packages/urllib3/connectionpool.py", line 488, in _make_request\n    raise new_e\n  File "/home/lijiaxing/.conda/envs/api/lib/python3.10/site-packages/urllib3/connectionpool.py", line 464, in _make_request\n    self._validate_conn(conn)\n  File "/home/lijiaxing/.conda/envs/api/lib/python3.10/site-packages/urllib3/connectionpool.py", line 1093, in _validate_conn\n    conn.connect()\n  File "/home/lijiaxing/.conda/envs/api/lib/python3.10/site-packages/urllib3/connection.py", line 753, in connect\n    self.sock = sock = self._new_conn()\n  File "/home/lijiaxing/.conda/envs/api/lib/python3.10/site-packages/urllib3/connection.py", line 213, in _new_conn\n    raise NewConnectionError(\nurllib3.exceptions.NewConnectionError: <urllib3.connection.HTTPSConnection object at 0x7f0c2edd5450>: Failed to establish a new connection: [Errno 101] Network is unreachable\n\nThe above exception was the direct cause of the following exception:\n\nTraceback (most recent call last):\n  File "/home/lijiaxing/.conda/envs/api/lib/python3.10/site-packages/requests/adapters.py", line 667, in send\n    resp = conn.urlopen(\n  File "/home/lijiaxing/.conda/envs/api/lib/python3.10/site-packages/urllib3/connectionpool.py", line 841, in urlopen\n    retries = retries.increment(\n  File "/home/lijiaxing/.conda/envs/api/lib/python3.10/site-packages/urllib3/util/retry.py", line 519, in increment\n    raise MaxRetryError(_pool, url, reason) from reason  # type: ignore[arg-type]\nurllib3.exceptions.MaxRetryError: HTTPSConnectionPool(host=\'huggingface.co\', port=443): Max retries exceeded with url: /gpt2/resolve/main/config.json (Caused by NewConnectionError(\'<urllib3.connection.HTTPSConnection object at 0x7f0c2edd5450>: Failed to establish a new connection: [Errno 101] Network is unreachable\'))\n\nDuring handling of the above exception, another exception occurred:\n\nTraceback (most recent call last):\n  File "/home/lijiaxing/.conda/envs/api/lib/python3.10/site-packages/huggingface_hub/file_download.py", line 1546, in _get_metadata_or_catch_error\n    metadata = get_hf_file_metadata(\n  File "/home/lijiaxing/.conda/envs/api/lib/python3.10/site-packages/huggingface_hub/utils/_validators.py", line 114, in _inner_fn\n    return fn(*args, **kwargs)\n  File "/home/lijiaxing/.conda/envs/api/lib/python3.10/site-packages/huggingface_hub/file_download.py", line 1463, in get_hf_file_metadata\n    r = _request_wrapper(\n  File "/home/lijiaxing/.conda/envs/api/lib/python3.10/site-packages/huggingface_hub/file_download.py", line 286, in _request_wrapper\n    response = _request_wrapper(\n  File "/home/lijiaxing/.conda/envs/api/lib/python3.10/site-packages/huggingface_hub/file_download.py", line 309, in _request_wrapper\n    response = http_backoff(method=method, url=url, **params, retry_on_exceptions=(), retry_on_status_codes=(429,))\n  File "/home/lijiaxing/.conda/envs/api/lib/python3.10/site-packages/huggingface_hub/utils/_http.py", line 310, in http_backoff\n    response = session.request(method=method, url=url, **kwargs)\n  File "/home/lijiaxing/.conda/envs/api/lib/python3.10/site-packages/requests/sessions.py", line 589, in request\n    resp = self.send(prep, **send_kwargs)\n  File "/home/lijiaxing/.conda/envs/api/lib/python3.10/site-packages/requests/sessions.py", line 703, in send\n    r = adapter.send(request, **kwargs)\n  File "/home/lijiaxing/.conda/envs/api/lib/python3.10/site-packages/huggingface_hub/utils/_http.py", line 96, in send\n    return super().send(request, *args, **kwargs)\n  File "/home/lijiaxing/.conda/envs/api/lib/python3.10/site-packages/requests/adapters.py", line 700, in send\n    raise ConnectionError(e, request=request)\nrequests.exceptions.ConnectionError: (MaxRetryError("HTTPSConnectionPool(host=\'huggingface.co\', port=443): Max retries exceeded with url: /gpt2/resolve/main/config.json (Caused by NewConnectionError(\'<urllib3.connection.HTTPSConnection object at 0x7f0c2edd5450>: Failed to establish a new connection: [Errno 101] Network is unreachable\'))"), \'(Request ID: 317089c8-c77e-4426-93e2-21fb6567655e)\')\n\nThe above exception was the direct cause of the following exception:\n\nTraceback (most recent call last):\n  File "/home/lijiaxing/.conda/envs/api/lib/python3.10/site-packages/transformers/utils/hub.py", line 479, in cached_files\n    hf_hub_download(\n  File "/home/lijiaxing/.conda/envs/api/lib/python3.10/site-packages/huggingface_hub/utils/_validators.py", line 114, in _inner_fn\n    return fn(*args, **kwargs)\n  File "/home/lijiaxing/.conda/envs/api/lib/python3.10/site-packages/huggingface_hub/file_download.py", line 1010, in hf_hub_download\n    return _hf_hub_download_to_cache_dir(\n  File "/home/lijiaxing/.conda/envs/api/lib/python3.10/site-packages/huggingface_hub/file_download.py", line 1117, in _hf_hub_download_to_cache_dir\n    _raise_on_head_call_error(head_call_error, force_download, local_files_only)\n  File "/home/lijiaxing/.conda/envs/api/lib/python3.10/site-packages/huggingface_hub/file_download.py", line 1661, in _raise_on_head_call_error\n    raise LocalEntryNotFoundError(\nhuggingface_hub.errors.LocalEntryNotFoundError: An error happened while trying to locate the file on the Hub and we cannot find the requested files in the local cache. Please check your connection and try again or make sure your Internet connection is on.\n\nThe above exception was the direct cause of the following exception:\n\nTraceback (most recent call last):\n  File "/cpfs01/shared/llm_kernel/hujiakai/KernelLLM/validation_api_server/evaluator.py", line 92, in _measure_perf_worker\n    exec(textwrap.dedent(code_src), temp_module.__dict__)\n  File "<string>", line 16, in <module>\n  File "/home/lijiaxing/.conda/envs/api/lib/python3.10/site-packages/transformers/models/auto/configuration_auto.py", line 1250, in from_pretrained\n    config_dict, unused_kwargs = PretrainedConfig.get_config_dict(pretrained_model_name_or_path, **kwargs)\n  File "/home/lijiaxing/.conda/envs/api/lib/python3.10/site-packages/transformers/configuration_utils.py", line 649, in get_config_dict\n    config_dict, kwargs = cls._get_config_dict(pretrained_model_name_or_path, **kwargs)\n  File "/home/lijiaxing/.conda/envs/api/lib/python3.10/site-packages/transformers/configuration_utils.py", line 708, in _get_config_dict\n    resolved_config_file = cached_file(\n  File "/home/lijiaxing/.conda/envs/api/lib/python3.10/site-packages/transformers/utils/hub.py", line 321, in cached_file\n    file = cached_files(path_or_repo_id=path_or_repo_id, filenames=[filename], **kwargs)\n  File "/home/lijiaxing/.conda/envs/api/lib/python3.10/site-packages/transformers/utils/hub.py", line 553, in cached_files\n    raise OSError(\nOSError: We couldn\'t connect to \'https://huggingface.co\' to load the files, and couldn\'t find them in the cached files.\nCheck your internet connection or see how to run the library in offline mode at \'https://huggingface.co/docs/transformers/installation#offline-mode\'.\n'}
2025-08-12 19:21:15,086 - openevolve.evaluator - ERROR - All evaluation attempts failed for program 73ac7f7a-3e10-4108-9211-ae919ad0f766. Last error: Error: The reference code is not valid or correct. The verify result is: {'error': 'We couldn\'t connect to \'https://huggingface.co\' to load the files, and couldn\'t find them in the cached files.\nCheck your internet connection or see how to run the library in offline mode at \'https://huggingface.co/docs/transformers/installation#offline-mode\'.\nTraceback (most recent call last):\n  File "/home/lijiaxing/.conda/envs/api/lib/python3.10/site-packages/urllib3/connection.py", line 198, in _new_conn\n    sock = connection.create_connection(\n  File "/home/lijiaxing/.conda/envs/api/lib/python3.10/site-packages/urllib3/util/connection.py", line 85, in create_connection\n    raise err\n  File "/home/lijiaxing/.conda/envs/api/lib/python3.10/site-packages/urllib3/util/connection.py", line 73, in create_connection\n    sock.connect(sa)\nOSError: [Errno 101] Network is unreachable\n\nThe above exception was the direct cause of the following exception:\n\nTraceback (most recent call last):\n  File "/home/lijiaxing/.conda/envs/api/lib/python3.10/site-packages/urllib3/connectionpool.py", line 787, in urlopen\n    response = self._make_request(\n  File "/home/lijiaxing/.conda/envs/api/lib/python3.10/site-packages/urllib3/connectionpool.py", line 488, in _make_request\n    raise new_e\n  File "/home/lijiaxing/.conda/envs/api/lib/python3.10/site-packages/urllib3/connectionpool.py", line 464, in _make_request\n    self._validate_conn(conn)\n  File "/home/lijiaxing/.conda/envs/api/lib/python3.10/site-packages/urllib3/connectionpool.py", line 1093, in _validate_conn\n    conn.connect()\n  File "/home/lijiaxing/.conda/envs/api/lib/python3.10/site-packages/urllib3/connection.py", line 753, in connect\n    self.sock = sock = self._new_conn()\n  File "/home/lijiaxing/.conda/envs/api/lib/python3.10/site-packages/urllib3/connection.py", line 213, in _new_conn\n    raise NewConnectionError(\nurllib3.exceptions.NewConnectionError: <urllib3.connection.HTTPSConnection object at 0x7f0c2edd5450>: Failed to establish a new connection: [Errno 101] Network is unreachable\n\nThe above exception was the direct cause of the following exception:\n\nTraceback (most recent call last):\n  File "/home/lijiaxing/.conda/envs/api/lib/python3.10/site-packages/requests/adapters.py", line 667, in send\n    resp = conn.urlopen(\n  File "/home/lijiaxing/.conda/envs/api/lib/python3.10/site-packages/urllib3/connectionpool.py", line 841, in urlopen\n    retries = retries.increment(\n  File "/home/lijiaxing/.conda/envs/api/lib/python3.10/site-packages/urllib3/util/retry.py", line 519, in increment\n    raise MaxRetryError(_pool, url, reason) from reason  # type: ignore[arg-type]\nurllib3.exceptions.MaxRetryError: HTTPSConnectionPool(host=\'huggingface.co\', port=443): Max retries exceeded with url: /gpt2/resolve/main/config.json (Caused by NewConnectionError(\'<urllib3.connection.HTTPSConnection object at 0x7f0c2edd5450>: Failed to establish a new connection: [Errno 101] Network is unreachable\'))\n\nDuring handling of the above exception, another exception occurred:\n\nTraceback (most recent call last):\n  File "/home/lijiaxing/.conda/envs/api/lib/python3.10/site-packages/huggingface_hub/file_download.py", line 1546, in _get_metadata_or_catch_error\n    metadata = get_hf_file_metadata(\n  File "/home/lijiaxing/.conda/envs/api/lib/python3.10/site-packages/huggingface_hub/utils/_validators.py", line 114, in _inner_fn\n    return fn(*args, **kwargs)\n  File "/home/lijiaxing/.conda/envs/api/lib/python3.10/site-packages/huggingface_hub/file_download.py", line 1463, in get_hf_file_metadata\n    r = _request_wrapper(\n  File "/home/lijiaxing/.conda/envs/api/lib/python3.10/site-packages/huggingface_hub/file_download.py", line 286, in _request_wrapper\n    response = _request_wrapper(\n  File "/home/lijiaxing/.conda/envs/api/lib/python3.10/site-packages/huggingface_hub/file_download.py", line 309, in _request_wrapper\n    response = http_backoff(method=method, url=url, **params, retry_on_exceptions=(), retry_on_status_codes=(429,))\n  File "/home/lijiaxing/.conda/envs/api/lib/python3.10/site-packages/huggingface_hub/utils/_http.py", line 310, in http_backoff\n    response = session.request(method=method, url=url, **kwargs)\n  File "/home/lijiaxing/.conda/envs/api/lib/python3.10/site-packages/requests/sessions.py", line 589, in request\n    resp = self.send(prep, **send_kwargs)\n  File "/home/lijiaxing/.conda/envs/api/lib/python3.10/site-packages/requests/sessions.py", line 703, in send\n    r = adapter.send(request, **kwargs)\n  File "/home/lijiaxing/.conda/envs/api/lib/python3.10/site-packages/huggingface_hub/utils/_http.py", line 96, in send\n    return super().send(request, *args, **kwargs)\n  File "/home/lijiaxing/.conda/envs/api/lib/python3.10/site-packages/requests/adapters.py", line 700, in send\n    raise ConnectionError(e, request=request)\nrequests.exceptions.ConnectionError: (MaxRetryError("HTTPSConnectionPool(host=\'huggingface.co\', port=443): Max retries exceeded with url: /gpt2/resolve/main/config.json (Caused by NewConnectionError(\'<urllib3.connection.HTTPSConnection object at 0x7f0c2edd5450>: Failed to establish a new connection: [Errno 101] Network is unreachable\'))"), \'(Request ID: 317089c8-c77e-4426-93e2-21fb6567655e)\')\n\nThe above exception was the direct cause of the following exception:\n\nTraceback (most recent call last):\n  File "/home/lijiaxing/.conda/envs/api/lib/python3.10/site-packages/transformers/utils/hub.py", line 479, in cached_files\n    hf_hub_download(\n  File "/home/lijiaxing/.conda/envs/api/lib/python3.10/site-packages/huggingface_hub/utils/_validators.py", line 114, in _inner_fn\n    return fn(*args, **kwargs)\n  File "/home/lijiaxing/.conda/envs/api/lib/python3.10/site-packages/huggingface_hub/file_download.py", line 1010, in hf_hub_download\n    return _hf_hub_download_to_cache_dir(\n  File "/home/lijiaxing/.conda/envs/api/lib/python3.10/site-packages/huggingface_hub/file_download.py", line 1117, in _hf_hub_download_to_cache_dir\n    _raise_on_head_call_error(head_call_error, force_download, local_files_only)\n  File "/home/lijiaxing/.conda/envs/api/lib/python3.10/site-packages/huggingface_hub/file_download.py", line 1661, in _raise_on_head_call_error\n    raise LocalEntryNotFoundError(\nhuggingface_hub.errors.LocalEntryNotFoundError: An error happened while trying to locate the file on the Hub and we cannot find the requested files in the local cache. Please check your connection and try again or make sure your Internet connection is on.\n\nThe above exception was the direct cause of the following exception:\n\nTraceback (most recent call last):\n  File "/cpfs01/shared/llm_kernel/hujiakai/KernelLLM/validation_api_server/evaluator.py", line 92, in _measure_perf_worker\n    exec(textwrap.dedent(code_src), temp_module.__dict__)\n  File "<string>", line 16, in <module>\n  File "/home/lijiaxing/.conda/envs/api/lib/python3.10/site-packages/transformers/models/auto/configuration_auto.py", line 1250, in from_pretrained\n    config_dict, unused_kwargs = PretrainedConfig.get_config_dict(pretrained_model_name_or_path, **kwargs)\n  File "/home/lijiaxing/.conda/envs/api/lib/python3.10/site-packages/transformers/configuration_utils.py", line 649, in get_config_dict\n    config_dict, kwargs = cls._get_config_dict(pretrained_model_name_or_path, **kwargs)\n  File "/home/lijiaxing/.conda/envs/api/lib/python3.10/site-packages/transformers/configuration_utils.py", line 708, in _get_config_dict\n    resolved_config_file = cached_file(\n  File "/home/lijiaxing/.conda/envs/api/lib/python3.10/site-packages/transformers/utils/hub.py", line 321, in cached_file\n    file = cached_files(path_or_repo_id=path_or_repo_id, filenames=[filename], **kwargs)\n  File "/home/lijiaxing/.conda/envs/api/lib/python3.10/site-packages/transformers/utils/hub.py", line 553, in cached_files\n    raise OSError(\nOSError: We couldn\'t connect to \'https://huggingface.co\' to load the files, and couldn\'t find them in the cached files.\nCheck your internet connection or see how to run the library in offline mode at \'https://huggingface.co/docs/transformers/installation#offline-mode\'.\n'}
2025-08-12 19:21:15,087 - __main__ - ERROR - ðŸ’¥ å¤±è´¥ level4_7_gpt2_bs32_seq256: 'score'
2025-08-12 19:21:15,087 - __main__ - INFO - ----------------------------------------------------------------------
2025-08-12 19:21:15,087 - __main__ - INFO - ðŸ“Š è¿›ç¨‹ rank=20 ç»“æŸ | æˆåŠŸ 9 | å¤±è´¥ 1
2025-08-12 19:21:15,087 - __main__ - INFO - ----------------------------------------------------------------------
