2025-08-08 02:11:02,902 - openevolve.controller - INFO - Logging to openevolve_output/level3_48_Mamba2ReturnY/logs/openevolve_20250808_021102.log
2025-08-08 02:11:02,902 - openevolve.controller - INFO - Set random seed to 42 for reproducibility
2025-08-08 02:11:02,943 - openevolve.llm.ensemble - INFO - Initialized LLM ensemble with models: deepseek (weight: 0.80), deepseek (weight: 0.20)
2025-08-08 02:11:02,983 - openevolve.llm.ensemble - INFO - Initialized LLM ensemble with models: deepseek (weight: 0.80), deepseek (weight: 0.20)
2025-08-08 02:11:02,983 - openevolve.prompt.sampler - INFO - Set custom templates: system=evaluator_system_message, user=None
2025-08-08 02:11:02,983 - openevolve.database - INFO - Initialized program database with 0 programs
2025-08-08 02:11:03,004 - openevolve.evaluator - INFO - Successfully loaded evaluation function from openevolve_output/level3_48_Mamba2ReturnY/evaluation.py
2025-08-08 02:11:03,004 - openevolve.evaluator - INFO - Initialized evaluator with openevolve_output/level3_48_Mamba2ReturnY/evaluation.py
2025-08-08 02:11:03,004 - openevolve.controller - INFO - Initialized OpenEvolve with /tmp/f008b699cb60e8ea964e5101e294c14b.py
2025-08-08 02:11:03,004 - openevolve.controller - INFO - Adding initial program to database
2025-08-08 02:11:03,005 - openevolve.RemoteSpeedupEvaluator - INFO - [level3_48_Mamba2ReturnY] verify_plus payload: reference_code(3858 chars) + custom_code(3982 chars)
2025-08-08 02:11:05,406 - openevolve.RemoteSpeedupEvaluator - INFO - [level3_48_Mamba2ReturnY] verify_plus request success
2025-08-08 02:11:05,406 - openevolve.RemoteSpeedupEvaluator - INFO - [level3_48_Mamba2ReturnY] verify_plus response: {"id":"level3_48_Mamba2ReturnY","result":{"error":"No module named 'einops'\nTraceback (most recent call last):\n  File \"/cpfs01/shared/llm_kernel/hujiakai/KernelLLM/validation_api_server/evaluator.py\", line 92, in _measure_perf_worker\n    exec(textwrap.dedent(code_src), temp_module.__dict__)\n  File \"<string>\", line 4, in <module>\nModuleNotFoundError: No module named 'einops'\n"}}
2025-08-08 02:11:05,406 - openevolve.evaluator - WARNING - Evaluation attempt 1/4 failed for program eff819de-b289-45fd-ae21-eba848aa942d: Error: The reference code is not valid or correct. The verify result is: {'error': 'No module named \'einops\'\nTraceback (most recent call last):\n  File "/cpfs01/shared/llm_kernel/hujiakai/KernelLLM/validation_api_server/evaluator.py", line 92, in _measure_perf_worker\n    exec(textwrap.dedent(code_src), temp_module.__dict__)\n  File "<string>", line 4, in <module>\nModuleNotFoundError: No module named \'einops\'\n'}
2025-08-08 02:11:06,413 - openevolve.RemoteSpeedupEvaluator - INFO - [level3_48_Mamba2ReturnY] verify_plus payload: reference_code(3858 chars) + custom_code(3982 chars)
2025-08-08 02:11:08,781 - openevolve.RemoteSpeedupEvaluator - INFO - [level3_48_Mamba2ReturnY] verify_plus request success
2025-08-08 02:11:08,781 - openevolve.RemoteSpeedupEvaluator - INFO - [level3_48_Mamba2ReturnY] verify_plus response: {"id":"level3_48_Mamba2ReturnY","result":{"error":"No module named 'einops'\nTraceback (most recent call last):\n  File \"/cpfs01/shared/llm_kernel/hujiakai/KernelLLM/validation_api_server/evaluator.py\", line 92, in _measure_perf_worker\n    exec(textwrap.dedent(code_src), temp_module.__dict__)\n  File \"<string>\", line 4, in <module>\nModuleNotFoundError: No module named 'einops'\n"}}
2025-08-08 02:11:08,782 - openevolve.evaluator - WARNING - Evaluation attempt 2/4 failed for program eff819de-b289-45fd-ae21-eba848aa942d: Error: The reference code is not valid or correct. The verify result is: {'error': 'No module named \'einops\'\nTraceback (most recent call last):\n  File "/cpfs01/shared/llm_kernel/hujiakai/KernelLLM/validation_api_server/evaluator.py", line 92, in _measure_perf_worker\n    exec(textwrap.dedent(code_src), temp_module.__dict__)\n  File "<string>", line 4, in <module>\nModuleNotFoundError: No module named \'einops\'\n'}
2025-08-08 02:11:09,784 - openevolve.RemoteSpeedupEvaluator - INFO - [level3_48_Mamba2ReturnY] verify_plus payload: reference_code(3858 chars) + custom_code(3982 chars)
2025-08-08 02:11:12,029 - openevolve.RemoteSpeedupEvaluator - INFO - [level3_48_Mamba2ReturnY] verify_plus request success
2025-08-08 02:11:12,029 - openevolve.RemoteSpeedupEvaluator - INFO - [level3_48_Mamba2ReturnY] verify_plus response: {"id":"level3_48_Mamba2ReturnY","result":{"error":"No module named 'einops'\nTraceback (most recent call last):\n  File \"/cpfs01/shared/llm_kernel/hujiakai/KernelLLM/validation_api_server/evaluator.py\", line 92, in _measure_perf_worker\n    exec(textwrap.dedent(code_src), temp_module.__dict__)\n  File \"<string>\", line 4, in <module>\nModuleNotFoundError: No module named 'einops'\n"}}
2025-08-08 02:11:12,030 - openevolve.evaluator - WARNING - Evaluation attempt 3/4 failed for program eff819de-b289-45fd-ae21-eba848aa942d: Error: The reference code is not valid or correct. The verify result is: {'error': 'No module named \'einops\'\nTraceback (most recent call last):\n  File "/cpfs01/shared/llm_kernel/hujiakai/KernelLLM/validation_api_server/evaluator.py", line 92, in _measure_perf_worker\n    exec(textwrap.dedent(code_src), temp_module.__dict__)\n  File "<string>", line 4, in <module>\nModuleNotFoundError: No module named \'einops\'\n'}
2025-08-08 02:11:13,032 - openevolve.RemoteSpeedupEvaluator - INFO - [level3_48_Mamba2ReturnY] verify_plus payload: reference_code(3858 chars) + custom_code(3982 chars)
2025-08-08 02:11:15,344 - openevolve.RemoteSpeedupEvaluator - INFO - [level3_48_Mamba2ReturnY] verify_plus request success
2025-08-08 02:11:15,344 - openevolve.RemoteSpeedupEvaluator - INFO - [level3_48_Mamba2ReturnY] verify_plus response: {"id":"level3_48_Mamba2ReturnY","result":{"error":"No module named 'einops'\nTraceback (most recent call last):\n  File \"/cpfs01/shared/llm_kernel/hujiakai/KernelLLM/validation_api_server/evaluator.py\", line 92, in _measure_perf_worker\n    exec(textwrap.dedent(code_src), temp_module.__dict__)\n  File \"<string>\", line 4, in <module>\nModuleNotFoundError: No module named 'einops'\n"}}
2025-08-08 02:11:15,345 - openevolve.evaluator - WARNING - Evaluation attempt 4/4 failed for program eff819de-b289-45fd-ae21-eba848aa942d: Error: The reference code is not valid or correct. The verify result is: {'error': 'No module named \'einops\'\nTraceback (most recent call last):\n  File "/cpfs01/shared/llm_kernel/hujiakai/KernelLLM/validation_api_server/evaluator.py", line 92, in _measure_perf_worker\n    exec(textwrap.dedent(code_src), temp_module.__dict__)\n  File "<string>", line 4, in <module>\nModuleNotFoundError: No module named \'einops\'\n'}
2025-08-08 02:11:15,345 - openevolve.evaluator - ERROR - All evaluation attempts failed for program eff819de-b289-45fd-ae21-eba848aa942d. Last error: Error: The reference code is not valid or correct. The verify result is: {'error': 'No module named \'einops\'\nTraceback (most recent call last):\n  File "/cpfs01/shared/llm_kernel/hujiakai/KernelLLM/validation_api_server/evaluator.py", line 92, in _measure_perf_worker\n    exec(textwrap.dedent(code_src), temp_module.__dict__)\n  File "<string>", line 4, in <module>\nModuleNotFoundError: No module named \'einops\'\n'}
2025-08-08 02:11:15,346 - __main__ - ERROR - üí• Â§±Ë¥• level3_48_Mamba2ReturnY: 'score'
2025-08-08 02:11:15,346 - __main__ - INFO - ======================================================================
2025-08-08 02:11:15,346 - __main__ - INFO - üöÄ [6/6] ÂºÄÂßã level5_11_mamba2_pytorch
2025-08-08 02:11:15,346 - __main__ - INFO - ======================================================================
2025-08-08 02:11:15,406 - openevolve.controller - INFO - Logging to openevolve_output/level5_11_mamba2_pytorch/logs/openevolve_20250808_021115.log
2025-08-08 02:11:15,406 - openevolve.controller - INFO - Set random seed to 42 for reproducibility
2025-08-08 02:11:15,445 - openevolve.llm.ensemble - INFO - Initialized LLM ensemble with models: deepseek (weight: 0.80), deepseek (weight: 0.20)
2025-08-08 02:11:15,484 - openevolve.llm.ensemble - INFO - Initialized LLM ensemble with models: deepseek (weight: 0.80), deepseek (weight: 0.20)
2025-08-08 02:11:15,484 - openevolve.prompt.sampler - INFO - Set custom templates: system=evaluator_system_message, user=None
2025-08-08 02:11:15,485 - openevolve.database - INFO - Initialized program database with 0 programs
2025-08-08 02:11:15,507 - openevolve.evaluator - INFO - Successfully loaded evaluation function from openevolve_output/level5_11_mamba2_pytorch/evaluation.py
2025-08-08 02:11:15,507 - openevolve.evaluator - INFO - Initialized evaluator with openevolve_output/level5_11_mamba2_pytorch/evaluation.py
2025-08-08 02:11:15,507 - openevolve.controller - INFO - Initialized OpenEvolve with /tmp/8eecf228fe4a29933dccf99db6293a07.py
2025-08-08 02:11:15,507 - openevolve.controller - INFO - Adding initial program to database
2025-08-08 02:11:15,508 - openevolve.RemoteSpeedupEvaluator - INFO - [level5_11_mamba2_pytorch] verify_plus payload: reference_code(5191 chars) + custom_code(5312 chars)
2025-08-08 02:11:18,679 - openevolve.RemoteSpeedupEvaluator - INFO - [level5_11_mamba2_pytorch] verify_plus request success
2025-08-08 02:11:18,680 - openevolve.RemoteSpeedupEvaluator - INFO - [level5_11_mamba2_pytorch] verify_plus response: {"id":"level5_11_mamba2_pytorch","result":{"error":"No module named 'einops'\nTraceback (most recent call last):\n  File \"/cpfs01/shared/llm_kernel/hujiakai/KernelLLM/validation_api_server/evaluator.py\", line 92, in _measure_perf_worker\n    exec(textwrap.dedent(code_src), temp_module.__dict__)\n  File \"<string>\", line 4, in <module>\nModuleNotFoundError: No module named 'einops'\n"}}
2025-08-08 02:11:18,680 - openevolve.evaluator - WARNING - Evaluation attempt 1/4 failed for program 74bc094e-55e1-45f4-89be-1f89bb574e11: Error: The reference code is not valid or correct. The verify result is: {'error': 'No module named \'einops\'\nTraceback (most recent call last):\n  File "/cpfs01/shared/llm_kernel/hujiakai/KernelLLM/validation_api_server/evaluator.py", line 92, in _measure_perf_worker\n    exec(textwrap.dedent(code_src), temp_module.__dict__)\n  File "<string>", line 4, in <module>\nModuleNotFoundError: No module named \'einops\'\n'}
2025-08-08 02:11:19,683 - openevolve.RemoteSpeedupEvaluator - INFO - [level5_11_mamba2_pytorch] verify_plus payload: reference_code(5191 chars) + custom_code(5312 chars)
2025-08-08 02:11:21,876 - openevolve.RemoteSpeedupEvaluator - INFO - [level5_11_mamba2_pytorch] verify_plus request success
2025-08-08 02:11:21,876 - openevolve.RemoteSpeedupEvaluator - INFO - [level5_11_mamba2_pytorch] verify_plus response: {"id":"level5_11_mamba2_pytorch","result":{"error":"No module named 'einops'\nTraceback (most recent call last):\n  File \"/cpfs01/shared/llm_kernel/hujiakai/KernelLLM/validation_api_server/evaluator.py\", line 92, in _measure_perf_worker\n    exec(textwrap.dedent(code_src), temp_module.__dict__)\n  File \"<string>\", line 4, in <module>\nModuleNotFoundError: No module named 'einops'\n"}}
2025-08-08 02:11:21,876 - openevolve.evaluator - WARNING - Evaluation attempt 2/4 failed for program 74bc094e-55e1-45f4-89be-1f89bb574e11: Error: The reference code is not valid or correct. The verify result is: {'error': 'No module named \'einops\'\nTraceback (most recent call last):\n  File "/cpfs01/shared/llm_kernel/hujiakai/KernelLLM/validation_api_server/evaluator.py", line 92, in _measure_perf_worker\n    exec(textwrap.dedent(code_src), temp_module.__dict__)\n  File "<string>", line 4, in <module>\nModuleNotFoundError: No module named \'einops\'\n'}
2025-08-08 02:11:22,878 - openevolve.RemoteSpeedupEvaluator - INFO - [level5_11_mamba2_pytorch] verify_plus payload: reference_code(5191 chars) + custom_code(5312 chars)
2025-08-08 02:11:25,220 - openevolve.RemoteSpeedupEvaluator - INFO - [level5_11_mamba2_pytorch] verify_plus request success
2025-08-08 02:11:25,220 - openevolve.RemoteSpeedupEvaluator - INFO - [level5_11_mamba2_pytorch] verify_plus response: {"id":"level5_11_mamba2_pytorch","result":{"error":"No module named 'einops'\nTraceback (most recent call last):\n  File \"/cpfs01/shared/llm_kernel/hujiakai/KernelLLM/validation_api_server/evaluator.py\", line 92, in _measure_perf_worker\n    exec(textwrap.dedent(code_src), temp_module.__dict__)\n  File \"<string>\", line 4, in <module>\nModuleNotFoundError: No module named 'einops'\n"}}
2025-08-08 02:11:25,220 - openevolve.evaluator - WARNING - Evaluation attempt 3/4 failed for program 74bc094e-55e1-45f4-89be-1f89bb574e11: Error: The reference code is not valid or correct. The verify result is: {'error': 'No module named \'einops\'\nTraceback (most recent call last):\n  File "/cpfs01/shared/llm_kernel/hujiakai/KernelLLM/validation_api_server/evaluator.py", line 92, in _measure_perf_worker\n    exec(textwrap.dedent(code_src), temp_module.__dict__)\n  File "<string>", line 4, in <module>\nModuleNotFoundError: No module named \'einops\'\n'}
2025-08-08 02:11:26,223 - openevolve.RemoteSpeedupEvaluator - INFO - [level5_11_mamba2_pytorch] verify_plus payload: reference_code(5191 chars) + custom_code(5312 chars)
2025-08-08 02:11:28,461 - openevolve.RemoteSpeedupEvaluator - INFO - [level5_11_mamba2_pytorch] verify_plus request success
2025-08-08 02:11:28,462 - openevolve.RemoteSpeedupEvaluator - INFO - [level5_11_mamba2_pytorch] verify_plus response: {"id":"level5_11_mamba2_pytorch","result":{"error":"No module named 'einops'\nTraceback (most recent call last):\n  File \"/cpfs01/shared/llm_kernel/hujiakai/KernelLLM/validation_api_server/evaluator.py\", line 92, in _measure_perf_worker\n    exec(textwrap.dedent(code_src), temp_module.__dict__)\n  File \"<string>\", line 4, in <module>\nModuleNotFoundError: No module named 'einops'\n"}}
2025-08-08 02:11:28,463 - openevolve.evaluator - WARNING - Evaluation attempt 4/4 failed for program 74bc094e-55e1-45f4-89be-1f89bb574e11: Error: The reference code is not valid or correct. The verify result is: {'error': 'No module named \'einops\'\nTraceback (most recent call last):\n  File "/cpfs01/shared/llm_kernel/hujiakai/KernelLLM/validation_api_server/evaluator.py", line 92, in _measure_perf_worker\n    exec(textwrap.dedent(code_src), temp_module.__dict__)\n  File "<string>", line 4, in <module>\nModuleNotFoundError: No module named \'einops\'\n'}
2025-08-08 02:11:28,463 - openevolve.evaluator - ERROR - All evaluation attempts failed for program 74bc094e-55e1-45f4-89be-1f89bb574e11. Last error: Error: The reference code is not valid or correct. The verify result is: {'error': 'No module named \'einops\'\nTraceback (most recent call last):\n  File "/cpfs01/shared/llm_kernel/hujiakai/KernelLLM/validation_api_server/evaluator.py", line 92, in _measure_perf_worker\n    exec(textwrap.dedent(code_src), temp_module.__dict__)\n  File "<string>", line 4, in <module>\nModuleNotFoundError: No module named \'einops\'\n'}
2025-08-08 02:11:28,464 - __main__ - ERROR - üí• Â§±Ë¥• level5_11_mamba2_pytorch: 'score'
2025-08-08 02:11:28,464 - __main__ - INFO - ----------------------------------------------------------------------
2025-08-08 02:11:28,464 - __main__ - INFO - üìä ËøõÁ®ã rank=21 ÁªìÊùü | ÊàêÂäü 4 | Â§±Ë¥• 2
2025-08-08 02:11:28,464 - __main__ - INFO - ----------------------------------------------------------------------
