2025-08-12 18:39:47,894 - openevolve.controller - INFO - Logging to openevolve_output/level3_48_Mamba2ReturnY/logs/openevolve_20250812_183947.log
2025-08-12 18:39:47,894 - openevolve.controller - INFO - Set random seed to 42 for reproducibility
2025-08-12 18:39:47,936 - openevolve.llm.ensemble - INFO - Initialized LLM ensemble with models: deepseek (weight: 0.80), deepseek (weight: 0.20)
2025-08-12 18:39:47,977 - openevolve.llm.ensemble - INFO - Initialized LLM ensemble with models: deepseek (weight: 0.80), deepseek (weight: 0.20)
2025-08-12 18:39:47,977 - openevolve.prompt.sampler - INFO - Set custom templates: system=evaluator_system_message, user=None
2025-08-12 18:39:47,977 - openevolve.database - INFO - Initialized program database with 0 programs
2025-08-12 18:39:48,001 - openevolve.evaluator - INFO - Successfully loaded evaluation function from openevolve_output/level3_48_Mamba2ReturnY/evaluation.py
2025-08-12 18:39:48,001 - openevolve.evaluator - INFO - Initialized evaluator with openevolve_output/level3_48_Mamba2ReturnY/evaluation.py
2025-08-12 18:39:48,001 - openevolve.controller - INFO - Initialized OpenEvolve with /tmp/f008b699cb60e8ea964e5101e294c14b.py
2025-08-12 18:39:48,001 - openevolve.controller - INFO - Adding initial program to database
2025-08-12 18:39:48,002 - openevolve.RemoteSpeedupEvaluator - INFO - [level3_48_Mamba2ReturnY] verify_plus payload: reference_code(3858 chars) + custom_code(3982 chars)
2025-08-12 18:39:50,464 - openevolve.RemoteSpeedupEvaluator - INFO - [level3_48_Mamba2ReturnY] verify_plus request success
2025-08-12 18:39:50,464 - openevolve.RemoteSpeedupEvaluator - INFO - [level3_48_Mamba2ReturnY] verify_plus response: {"id":"level3_48_Mamba2ReturnY","result":{"error":"No module named 'einops'\nTraceback (most recent call last):\n  File \"/cpfs01/shared/llm_kernel/hujiakai/KernelLLM/validation_api_server/evaluator.py\", line 92, in _measure_perf_worker\n    exec(textwrap.dedent(code_src), temp_module.__dict__)\n  File \"<string>\", line 4, in <module>\nModuleNotFoundError: No module named 'einops'\n"}}
2025-08-12 18:39:50,464 - openevolve.evaluator - WARNING - Evaluation attempt 1/4 failed for program b2a4a465-57aa-4ab6-8db3-2f0444f54efc: Error: The reference code is not valid or correct. The verify result is: {'error': 'No module named \'einops\'\nTraceback (most recent call last):\n  File "/cpfs01/shared/llm_kernel/hujiakai/KernelLLM/validation_api_server/evaluator.py", line 92, in _measure_perf_worker\n    exec(textwrap.dedent(code_src), temp_module.__dict__)\n  File "<string>", line 4, in <module>\nModuleNotFoundError: No module named \'einops\'\n'}
2025-08-12 18:39:51,471 - openevolve.RemoteSpeedupEvaluator - INFO - [level3_48_Mamba2ReturnY] verify_plus payload: reference_code(3858 chars) + custom_code(3982 chars)
2025-08-12 18:39:54,145 - openevolve.RemoteSpeedupEvaluator - INFO - [level3_48_Mamba2ReturnY] verify_plus request success
2025-08-12 18:39:54,145 - openevolve.RemoteSpeedupEvaluator - INFO - [level3_48_Mamba2ReturnY] verify_plus response: {"id":"level3_48_Mamba2ReturnY","result":{"error":"No module named 'einops'\nTraceback (most recent call last):\n  File \"/cpfs01/shared/llm_kernel/hujiakai/KernelLLM/validation_api_server/evaluator.py\", line 92, in _measure_perf_worker\n    exec(textwrap.dedent(code_src), temp_module.__dict__)\n  File \"<string>\", line 4, in <module>\nModuleNotFoundError: No module named 'einops'\n"}}
2025-08-12 18:39:54,145 - openevolve.evaluator - WARNING - Evaluation attempt 2/4 failed for program b2a4a465-57aa-4ab6-8db3-2f0444f54efc: Error: The reference code is not valid or correct. The verify result is: {'error': 'No module named \'einops\'\nTraceback (most recent call last):\n  File "/cpfs01/shared/llm_kernel/hujiakai/KernelLLM/validation_api_server/evaluator.py", line 92, in _measure_perf_worker\n    exec(textwrap.dedent(code_src), temp_module.__dict__)\n  File "<string>", line 4, in <module>\nModuleNotFoundError: No module named \'einops\'\n'}
2025-08-12 18:39:55,147 - openevolve.RemoteSpeedupEvaluator - INFO - [level3_48_Mamba2ReturnY] verify_plus payload: reference_code(3858 chars) + custom_code(3982 chars)
2025-08-12 18:39:57,709 - openevolve.RemoteSpeedupEvaluator - INFO - [level3_48_Mamba2ReturnY] verify_plus request success
2025-08-12 18:39:57,709 - openevolve.RemoteSpeedupEvaluator - INFO - [level3_48_Mamba2ReturnY] verify_plus response: {"id":"level3_48_Mamba2ReturnY","result":{"error":"No module named 'einops'\nTraceback (most recent call last):\n  File \"/cpfs01/shared/llm_kernel/hujiakai/KernelLLM/validation_api_server/evaluator.py\", line 92, in _measure_perf_worker\n    exec(textwrap.dedent(code_src), temp_module.__dict__)\n  File \"<string>\", line 4, in <module>\nModuleNotFoundError: No module named 'einops'\n"}}
2025-08-12 18:39:57,710 - openevolve.evaluator - WARNING - Evaluation attempt 3/4 failed for program b2a4a465-57aa-4ab6-8db3-2f0444f54efc: Error: The reference code is not valid or correct. The verify result is: {'error': 'No module named \'einops\'\nTraceback (most recent call last):\n  File "/cpfs01/shared/llm_kernel/hujiakai/KernelLLM/validation_api_server/evaluator.py", line 92, in _measure_perf_worker\n    exec(textwrap.dedent(code_src), temp_module.__dict__)\n  File "<string>", line 4, in <module>\nModuleNotFoundError: No module named \'einops\'\n'}
2025-08-12 18:39:58,712 - openevolve.RemoteSpeedupEvaluator - INFO - [level3_48_Mamba2ReturnY] verify_plus payload: reference_code(3858 chars) + custom_code(3982 chars)
2025-08-12 18:40:02,346 - openevolve.RemoteSpeedupEvaluator - INFO - [level3_48_Mamba2ReturnY] verify_plus request success
2025-08-12 18:40:02,346 - openevolve.RemoteSpeedupEvaluator - INFO - [level3_48_Mamba2ReturnY] verify_plus response: {"id":"level3_48_Mamba2ReturnY","result":{"error":"No module named 'einops'\nTraceback (most recent call last):\n  File \"/cpfs01/shared/llm_kernel/hujiakai/KernelLLM/validation_api_server/evaluator.py\", line 92, in _measure_perf_worker\n    exec(textwrap.dedent(code_src), temp_module.__dict__)\n  File \"<string>\", line 4, in <module>\nModuleNotFoundError: No module named 'einops'\n"}}
2025-08-12 18:40:02,346 - openevolve.evaluator - WARNING - Evaluation attempt 4/4 failed for program b2a4a465-57aa-4ab6-8db3-2f0444f54efc: Error: The reference code is not valid or correct. The verify result is: {'error': 'No module named \'einops\'\nTraceback (most recent call last):\n  File "/cpfs01/shared/llm_kernel/hujiakai/KernelLLM/validation_api_server/evaluator.py", line 92, in _measure_perf_worker\n    exec(textwrap.dedent(code_src), temp_module.__dict__)\n  File "<string>", line 4, in <module>\nModuleNotFoundError: No module named \'einops\'\n'}
2025-08-12 18:40:02,347 - openevolve.evaluator - ERROR - All evaluation attempts failed for program b2a4a465-57aa-4ab6-8db3-2f0444f54efc. Last error: Error: The reference code is not valid or correct. The verify result is: {'error': 'No module named \'einops\'\nTraceback (most recent call last):\n  File "/cpfs01/shared/llm_kernel/hujiakai/KernelLLM/validation_api_server/evaluator.py", line 92, in _measure_perf_worker\n    exec(textwrap.dedent(code_src), temp_module.__dict__)\n  File "<string>", line 4, in <module>\nModuleNotFoundError: No module named \'einops\'\n'}
2025-08-12 18:40:02,347 - __main__ - ERROR - üí• Â§±Ë¥• level3_48_Mamba2ReturnY: 'score'
2025-08-12 18:40:02,348 - __main__ - INFO - ======================================================================
2025-08-12 18:40:02,348 - __main__ - INFO - üöÄ [10/10] ÂºÄÂßã level5_11_mamba2_pytorch
2025-08-12 18:40:02,348 - __main__ - INFO - ======================================================================
2025-08-12 18:40:02,389 - openevolve.controller - INFO - Logging to openevolve_output/level5_11_mamba2_pytorch/logs/openevolve_20250812_184002.log
2025-08-12 18:40:02,389 - openevolve.controller - INFO - Set random seed to 42 for reproducibility
2025-08-12 18:40:02,429 - openevolve.llm.ensemble - INFO - Initialized LLM ensemble with models: deepseek (weight: 0.80), deepseek (weight: 0.20)
2025-08-12 18:40:02,470 - openevolve.llm.ensemble - INFO - Initialized LLM ensemble with models: deepseek (weight: 0.80), deepseek (weight: 0.20)
2025-08-12 18:40:02,470 - openevolve.prompt.sampler - INFO - Set custom templates: system=evaluator_system_message, user=None
2025-08-12 18:40:02,470 - openevolve.database - INFO - Initialized program database with 0 programs
2025-08-12 18:40:02,495 - openevolve.evaluator - INFO - Successfully loaded evaluation function from openevolve_output/level5_11_mamba2_pytorch/evaluation.py
2025-08-12 18:40:02,495 - openevolve.evaluator - INFO - Initialized evaluator with openevolve_output/level5_11_mamba2_pytorch/evaluation.py
2025-08-12 18:40:02,495 - openevolve.controller - INFO - Initialized OpenEvolve with /tmp/8eecf228fe4a29933dccf99db6293a07.py
2025-08-12 18:40:02,495 - openevolve.controller - INFO - Adding initial program to database
2025-08-12 18:40:02,496 - openevolve.RemoteSpeedupEvaluator - INFO - [level5_11_mamba2_pytorch] verify_plus payload: reference_code(5191 chars) + custom_code(5312 chars)
2025-08-12 18:40:05,079 - openevolve.RemoteSpeedupEvaluator - INFO - [level5_11_mamba2_pytorch] verify_plus request success
2025-08-12 18:40:05,080 - openevolve.RemoteSpeedupEvaluator - INFO - [level5_11_mamba2_pytorch] verify_plus response: {"id":"level5_11_mamba2_pytorch","result":{"error":"No module named 'einops'\nTraceback (most recent call last):\n  File \"/cpfs01/shared/llm_kernel/hujiakai/KernelLLM/validation_api_server/evaluator.py\", line 92, in _measure_perf_worker\n    exec(textwrap.dedent(code_src), temp_module.__dict__)\n  File \"<string>\", line 4, in <module>\nModuleNotFoundError: No module named 'einops'\n"}}
2025-08-12 18:40:05,080 - openevolve.evaluator - WARNING - Evaluation attempt 1/4 failed for program 6806f120-34c4-4843-a9f6-d95011a9f018: Error: The reference code is not valid or correct. The verify result is: {'error': 'No module named \'einops\'\nTraceback (most recent call last):\n  File "/cpfs01/shared/llm_kernel/hujiakai/KernelLLM/validation_api_server/evaluator.py", line 92, in _measure_perf_worker\n    exec(textwrap.dedent(code_src), temp_module.__dict__)\n  File "<string>", line 4, in <module>\nModuleNotFoundError: No module named \'einops\'\n'}
2025-08-12 18:40:06,083 - openevolve.RemoteSpeedupEvaluator - INFO - [level5_11_mamba2_pytorch] verify_plus payload: reference_code(5191 chars) + custom_code(5312 chars)
2025-08-12 18:40:08,463 - openevolve.RemoteSpeedupEvaluator - INFO - [level5_11_mamba2_pytorch] verify_plus request success
2025-08-12 18:40:08,464 - openevolve.RemoteSpeedupEvaluator - INFO - [level5_11_mamba2_pytorch] verify_plus response: {"id":"level5_11_mamba2_pytorch","result":{"error":"No module named 'einops'\nTraceback (most recent call last):\n  File \"/cpfs01/shared/llm_kernel/hujiakai/KernelLLM/validation_api_server/evaluator.py\", line 92, in _measure_perf_worker\n    exec(textwrap.dedent(code_src), temp_module.__dict__)\n  File \"<string>\", line 4, in <module>\nModuleNotFoundError: No module named 'einops'\n"}}
2025-08-12 18:40:08,464 - openevolve.evaluator - WARNING - Evaluation attempt 2/4 failed for program 6806f120-34c4-4843-a9f6-d95011a9f018: Error: The reference code is not valid or correct. The verify result is: {'error': 'No module named \'einops\'\nTraceback (most recent call last):\n  File "/cpfs01/shared/llm_kernel/hujiakai/KernelLLM/validation_api_server/evaluator.py", line 92, in _measure_perf_worker\n    exec(textwrap.dedent(code_src), temp_module.__dict__)\n  File "<string>", line 4, in <module>\nModuleNotFoundError: No module named \'einops\'\n'}
2025-08-12 18:40:09,467 - openevolve.RemoteSpeedupEvaluator - INFO - [level5_11_mamba2_pytorch] verify_plus payload: reference_code(5191 chars) + custom_code(5312 chars)
2025-08-12 18:40:11,753 - openevolve.RemoteSpeedupEvaluator - INFO - [level5_11_mamba2_pytorch] verify_plus request success
2025-08-12 18:40:11,753 - openevolve.RemoteSpeedupEvaluator - INFO - [level5_11_mamba2_pytorch] verify_plus response: {"id":"level5_11_mamba2_pytorch","result":{"error":"No module named 'einops'\nTraceback (most recent call last):\n  File \"/cpfs01/shared/llm_kernel/hujiakai/KernelLLM/validation_api_server/evaluator.py\", line 92, in _measure_perf_worker\n    exec(textwrap.dedent(code_src), temp_module.__dict__)\n  File \"<string>\", line 4, in <module>\nModuleNotFoundError: No module named 'einops'\n"}}
2025-08-12 18:40:11,754 - openevolve.evaluator - WARNING - Evaluation attempt 3/4 failed for program 6806f120-34c4-4843-a9f6-d95011a9f018: Error: The reference code is not valid or correct. The verify result is: {'error': 'No module named \'einops\'\nTraceback (most recent call last):\n  File "/cpfs01/shared/llm_kernel/hujiakai/KernelLLM/validation_api_server/evaluator.py", line 92, in _measure_perf_worker\n    exec(textwrap.dedent(code_src), temp_module.__dict__)\n  File "<string>", line 4, in <module>\nModuleNotFoundError: No module named \'einops\'\n'}
2025-08-12 18:40:12,756 - openevolve.RemoteSpeedupEvaluator - INFO - [level5_11_mamba2_pytorch] verify_plus payload: reference_code(5191 chars) + custom_code(5312 chars)
2025-08-12 18:40:15,025 - openevolve.RemoteSpeedupEvaluator - INFO - [level5_11_mamba2_pytorch] verify_plus request success
2025-08-12 18:40:15,026 - openevolve.RemoteSpeedupEvaluator - INFO - [level5_11_mamba2_pytorch] verify_plus response: {"id":"level5_11_mamba2_pytorch","result":{"error":"No module named 'einops'\nTraceback (most recent call last):\n  File \"/cpfs01/shared/llm_kernel/hujiakai/KernelLLM/validation_api_server/evaluator.py\", line 92, in _measure_perf_worker\n    exec(textwrap.dedent(code_src), temp_module.__dict__)\n  File \"<string>\", line 4, in <module>\nModuleNotFoundError: No module named 'einops'\n"}}
2025-08-12 18:40:15,027 - openevolve.evaluator - WARNING - Evaluation attempt 4/4 failed for program 6806f120-34c4-4843-a9f6-d95011a9f018: Error: The reference code is not valid or correct. The verify result is: {'error': 'No module named \'einops\'\nTraceback (most recent call last):\n  File "/cpfs01/shared/llm_kernel/hujiakai/KernelLLM/validation_api_server/evaluator.py", line 92, in _measure_perf_worker\n    exec(textwrap.dedent(code_src), temp_module.__dict__)\n  File "<string>", line 4, in <module>\nModuleNotFoundError: No module named \'einops\'\n'}
2025-08-12 18:40:15,027 - openevolve.evaluator - ERROR - All evaluation attempts failed for program 6806f120-34c4-4843-a9f6-d95011a9f018. Last error: Error: The reference code is not valid or correct. The verify result is: {'error': 'No module named \'einops\'\nTraceback (most recent call last):\n  File "/cpfs01/shared/llm_kernel/hujiakai/KernelLLM/validation_api_server/evaluator.py", line 92, in _measure_perf_worker\n    exec(textwrap.dedent(code_src), temp_module.__dict__)\n  File "<string>", line 4, in <module>\nModuleNotFoundError: No module named \'einops\'\n'}
2025-08-12 18:40:15,028 - __main__ - ERROR - üí• Â§±Ë¥• level5_11_mamba2_pytorch: 'score'
2025-08-12 18:40:15,028 - __main__ - INFO - ----------------------------------------------------------------------
2025-08-12 18:40:15,028 - __main__ - INFO - üìä ËøõÁ®ã rank=24 ÁªìÊùü | ÊàêÂäü 8 | Â§±Ë¥• 2
2025-08-12 18:40:15,028 - __main__ - INFO - ----------------------------------------------------------------------
