{"id": "df3103a3-6c77-4459-bed4-ca6972a0f8c7", "code": "# ================== EVOLVE-BLOCK-START ==================\nimport math\nimport torch\nimport torch.nn as nn\nimport triton\nimport triton.language as tl\n\n@triton.jit\ndef cumsum_kernel(\n    input_ptr,\n    output_ptr,\n    n_cols,\n    BLOCK_SIZE: tl.constexpr\n):\n    row_idx = tl.program_id(0)\n    base = row_idx * n_cols\n    cumulative = 0.0\n    num_chunks = tl.cdiv(n_cols, BLOCK_SIZE)\n    \n    for chunk_idx in range(num_chunks):\n        chunk_start = chunk_idx * BLOCK_SIZE\n        offsets = base + chunk_start + tl.arange(0, BLOCK_SIZE)\n        mask = (chunk_start + tl.arange(0, BLOCK_SIZE)) < n_cols\n        \n        data = tl.load(input_ptr + offsets, mask=mask, other=0.0)\n        scanned = tl.associative_scan(data, axis=0, combine_fn=tl.add)\n        result = scanned + cumulative\n        tl.store(output_ptr + offsets, result, mask=mask)\n        \n        chunk_total = scanned[BLOCK_SIZE - 1]\n        cumulative += chunk_total\n\nclass ModelNew(nn.Module):\n    def __init__(self, dim):\n        super(ModelNew, self).__init__()\n        self.dim = dim\n\n    def forward(self, x):\n        original_shape = x.shape\n        if self.dim != x.dim() - 1:\n            x = x.transpose(self.dim, -1)\n        new_shape = (-1, x.shape[-1])\n        x_flat = x.reshape(new_shape).contiguous()\n        output_flat = torch.empty_like(x_flat)\n        \n        n_rows, n_cols = x_flat.shape\n        grid = (n_rows,)\n        BLOCK_SIZE = 1024\n        cumsum_kernel[grid](x_flat, output_flat, n_cols, BLOCK_SIZE=BLOCK_SIZE)\n        \n        output = output_flat.reshape(x.shape)\n        if self.dim != x.dim() - 1:\n            output = output.transpose(self.dim, -1)\n        return output.reshape(original_shape)\n\n# Define input dimensions and parameters\nbatch_size = 128\ninput_shape = (4000,)\ndim = 1\n\ndef get_inputs():\n    return [torch.randn(batch_size, *input_shape)]\n\ndef get_init_inputs():\n    return [dim]\n# =================== EVOLVE-BLOCK-END ===================", "language": "python", "parent_id": "3e028323-7cf4-463d-a513-13a199f34193", "generation": 3, "timestamp": 1754651781.769399, "iteration_found": 17, "metrics": {"compiled": true, "correctness": false, "score": 10, "stage": "wrong_answer", "verify_payload": {"id": "level1_89_cumsum", "result": {"compiled": true, "correctness": false, "metadata": {"hardware": "NVIDIA L20Y", "device": "cuda:4", "runtime_error": "Traceback (most recent call last):\n  File \"/home/lijiaxing/.conda/envs/api/lib/python3.10/site-packages/triton/language/core.py\", line 42, in wrapper\n    return fn(*args, **kwargs)\n  File \"/home/lijiaxing/.conda/envs/api/lib/python3.10/site-packages/triton/language/core.py\", line 2727, in associative_scan\n    return associative_scan((input, ), axis, combine_fn, reverse, _semantic=_semantic, _generator=_generator)[0]\n  File \"/home/lijiaxing/.conda/envs/api/lib/python3.10/site-packages/triton/language/core.py\", line 42, in wrapper\n    return fn(*args, **kwargs)\n  File \"/home/lijiaxing/.conda/envs/api/lib/python3.10/site-packages/triton/language/core.py\", line 2747, in associative_scan\n    return _semantic.associative_scan(input, axis, make_combine_region, reverse)\n  File \"/home/lijiaxing/.conda/envs/api/lib/python3.10/site-packages/triton/language/semantic.py\", line 1685, in associative_scan\n    region_builder_fn(scan_op)\n  File \"/home/lijiaxing/.conda/envs/api/lib/python3.10/site-packages/triton/language/core.py\", line 2737, in make_combine_region\n    results = _generator.call_JitFunction(combine_fn, args, kwargs={})\nAttributeError: 'function' object has no attribute 'fn'\n\nThe above exception was the direct cause of the following exception:\n\nTraceback (most recent call last):\n  File \"/cpfs01/shared/llm_kernel/hujiakai/KernelLLM/validation_api_server/helpers/evaluations.py\", line 720, in run_and_check_correctness\n    output_new = model_new(*inputs)\n  File \"/home/lijiaxing/.conda/envs/api/lib/python3.10/site-packages/torch/nn/modules/module.py\", line 1773, in _wrapped_call_impl\n    return self._call_impl(*args, **kwargs)\n  File \"/home/lijiaxing/.conda/envs/api/lib/python3.10/site-packages/torch/nn/modules/module.py\", line 1784, in _call_impl\n    return forward_call(*args, **kwargs)\n  File \"/tmp/tmpqobszxvx.py\", line 49, in forward\n    cumsum_kernel[grid](x_flat, output_flat, n_cols, BLOCK_SIZE=BLOCK_SIZE)\n  File \"/home/lijiaxing/.conda/envs/api/lib/python3.10/site-packages/triton/runtime/jit.py\", line 390, in <lambda>\n    return lambda *args, **kwargs: self.run(grid=grid, warmup=False, *args, **kwargs)\n  File \"/home/lijiaxing/.conda/envs/api/lib/python3.10/site-packages/triton/runtime/jit.py\", line 594, in run\n    kernel = self.compile(src, target=target, options=options.__dict__)\n  File \"/home/lijiaxing/.conda/envs/api/lib/python3.10/site-packages/triton/compiler/compiler.py\", line 339, in compile\n    module = src.make_ir(options, codegen_fns, module_map, context)\n  File \"/home/lijiaxing/.conda/envs/api/lib/python3.10/site-packages/triton/compiler/compiler.py\", line 83, in make_ir\n    return ast_to_ttir(self.fn, self, context=context, options=options, codegen_fns=codegen_fns,\ntriton.compiler.errors.CompilationError: at 18:18:\n    row_idx = tl.program_id(0)\n    base = row_idx * n_cols\n    cumulative = 0.0\n    num_chunks = tl.cdiv(n_cols, BLOCK_SIZE)\n\n    for chunk_idx in range(num_chunks):\n        chunk_start = chunk_idx * BLOCK_SIZE\n        offsets = base + chunk_start + tl.arange(0, BLOCK_SIZE)\n        mask = (chunk_start + tl.arange(0, BLOCK_SIZE)) < n_cols\n\n        data = tl.load(input_ptr + offsets, mask=mask, other=0.0)\n        scanned = tl.associative_scan(data, axis=0, combine_fn=tl.add)\n                  ^\n\n\nThe above exception was the direct cause of the following exception:\n\nTraceback (most recent call last):\n  File \"/home/lijiaxing/.conda/envs/api/lib/python3.10/site-packages/triton/language/core.py\", line 42, in wrapper\n    return fn(*args, **kwargs)\n  File \"/home/lijiaxing/.conda/envs/api/lib/python3.10/site-packages/triton/language/core.py\", line 2727, in associative_scan\n    return associative_scan((input, ), axis, combine_fn, reverse, _semantic=_semantic, _generator=_generator)[0]\n  File \"/home/lijiaxing/.conda/envs/api/lib/python3.10/site-packages/triton/language/core.py\", line 42, in wrapper\n    return fn(*args, **kwargs)\n  File \"/home/lijiaxing/.conda/envs/api/lib/python3.10/site-packages/triton/language/core.py\", line 2747, in associative_scan\n    return _semantic.associative_scan(input, axis, make_combine_region, reverse)\n  File \"/home/lijiaxing/.conda/envs/api/lib/python3.10/site-packages/triton/language/semantic.py\", line 1685, in associative_scan\n    region_builder_fn(scan_op)\n  File \"/home/lijiaxing/.conda/envs/api/lib/python3.10/site-packages/triton/language/core.py\", line 2737, in make_combine_region\n    results = _generator.call_JitFunction(combine_fn, args, kwargs={})\nAttributeError: 'function' object has no attribute 'fn'\n", "runtime_error_name": "triton.compiler.errors.CompilationError", "reference_timing_ms": 0.016, "speed_up": -1.0, "custom_timing": -1.0}, "runtime": -1.0, "runtime_stats": {}}}}, "complexity": 0.0, "diversity": 0.0, "metadata": {"changes": "Full rewrite", "parent_metrics": {"compiled": true, "correctness": false, "score": 10, "stage": "wrong_answer", "verify_payload": {"id": "level1_89_cumsum", "result": {"compiled": true, "correctness": false, "metadata": {"hardware": "NVIDIA L20Y", "device": "cuda:1", "runtime_error": "Traceback (most recent call last):\n  File \"/cpfs01/shared/llm_kernel/hujiakai/KernelLLM/validation_api_server/helpers/evaluations.py\", line 720, in run_and_check_correctness\n    output_new = model_new(*inputs)\n  File \"/home/lijiaxing/.conda/envs/api/lib/python3.10/site-packages/torch/nn/modules/module.py\", line 1773, in _wrapped_call_impl\n    return self._call_impl(*args, **kwargs)\n  File \"/home/lijiaxing/.conda/envs/api/lib/python3.10/site-packages/torch/nn/modules/module.py\", line 1784, in _call_impl\n    return forward_call(*args, **kwargs)\n  File \"/tmp/tmp641kgppb.py\", line 40, in forward\n    cumsum_kernel[grid](x, output, n_cols, BLOCK_SIZE=triton.next_power_of_2(n_cols))\n  File \"/home/lijiaxing/.conda/envs/api/lib/python3.10/site-packages/triton/runtime/jit.py\", line 390, in <lambda>\n    return lambda *args, **kwargs: self.run(grid=grid, warmup=False, *args, **kwargs)\n  File \"/home/lijiaxing/.conda/envs/api/lib/python3.10/site-packages/triton/runtime/jit.py\", line 594, in run\n    kernel = self.compile(src, target=target, options=options.__dict__)\n  File \"/home/lijiaxing/.conda/envs/api/lib/python3.10/site-packages/triton/compiler/compiler.py\", line 339, in compile\n    module = src.make_ir(options, codegen_fns, module_map, context)\n  File \"/home/lijiaxing/.conda/envs/api/lib/python3.10/site-packages/triton/compiler/compiler.py\", line 83, in make_ir\n    return ast_to_ttir(self.fn, self, context=context, options=options, codegen_fns=codegen_fns,\ntriton.compiler.errors.CompilationError: at 19:26:\n    start = row_idx * n_cols\n    offsets = start + tl.arange(0, BLOCK_SIZE)\n    mask = tl.arange(0, BLOCK_SIZE) < n_cols\n\n    # Load data with boundary checks\n    data = tl.load(input_ptr + offsets, mask=mask, other=0.0)\n\n    # Sequential accumulation with mask handling\n    carry = 0.0\n    for i in range(BLOCK_SIZE):\n        # Conditionally accumulate and store\n        carry += tl.where(mask[i], data[i], 0.0)\n                          ^\nValueError('Did you forget to add @triton.jit ? (`_semantic` argument must be provided outside of JIT functions.)')\n\n\nThe above exception was the direct cause of the following exception:\n\nTraceback (most recent call last):\n  File \"/home/lijiaxing/.conda/envs/api/lib/python3.10/site-packages/triton/language/core.py\", line 42, in wrapper\n    return fn(*args, **kwargs)\n  File \"/home/lijiaxing/.conda/envs/api/lib/python3.10/site-packages/triton/language/core.py\", line 1111, in __getitem__\n    for dim, sl in enumerate(slices):\n  File \"/home/lijiaxing/.conda/envs/api/lib/python3.10/site-packages/triton/language/core.py\", line 40, in wrapper\n    raise ValueError(\"Did you forget to add @triton.jit ? \"\nValueError: Did you forget to add @triton.jit ? (`_semantic` argument must be provided outside of JIT functions.)\n", "runtime_error_name": "triton.compiler.errors.CompilationError", "reference_timing_ms": 0.016, "speed_up": -1.0, "custom_timing": -1.0}, "runtime": -1.0, "runtime_stats": {}}}}, "island": 1}, "artifacts_json": null, "artifact_dir": null}