{"id": "da523b3e-1440-4c93-8540-4241b2a169a5", "code": "@triton.jit\ndef add_combine(a, b):\n    return a + b", "language": "python", "parent_id": "2daf85fb-c6e8-43f4-bf7f-f205d96abe09", "generation": 3, "timestamp": 1754990753.6853743, "iteration_found": 27, "metrics": {"compiled": false, "correctness": false, "score": -100.0, "stage": "no_valid_triton_code", "feedback": "You need to generate real and valid triton code for the core function. The key word 'import triton' is not found."}, "complexity": 0.0, "diversity": 0.0, "metadata": {"changes": "Full rewrite", "parent_metrics": {"compiled": true, "correctness": false, "score": 10, "stage": "wrong_answer", "verify_payload": {"id": "level1_93_masked_cumsum", "result": {"compiled": true, "correctness": false, "metadata": {"hardware": "NVIDIA L20Y", "device": "cuda:7", "runtime_error": "Traceback (most recent call last):\n  File \"/home/lijiaxing/.conda/envs/api/lib/python3.10/site-packages/triton/language/core.py\", line 42, in wrapper\n    return fn(*args, **kwargs)\n  File \"/home/lijiaxing/.conda/envs/api/lib/python3.10/site-packages/triton/language/core.py\", line 2727, in associative_scan\n    return associative_scan((input, ), axis, combine_fn, reverse, _semantic=_semantic, _generator=_generator)[0]\n  File \"/home/lijiaxing/.conda/envs/api/lib/python3.10/site-packages/triton/language/core.py\", line 42, in wrapper\n    return fn(*args, **kwargs)\n  File \"/home/lijiaxing/.conda/envs/api/lib/python3.10/site-packages/triton/language/core.py\", line 2747, in associative_scan\n    return _semantic.associative_scan(input, axis, make_combine_region, reverse)\n  File \"/home/lijiaxing/.conda/envs/api/lib/python3.10/site-packages/triton/language/semantic.py\", line 1685, in associative_scan\n    region_builder_fn(scan_op)\n  File \"/home/lijiaxing/.conda/envs/api/lib/python3.10/site-packages/triton/language/core.py\", line 2737, in make_combine_region\n    results = _generator.call_JitFunction(combine_fn, args, kwargs={})\nAttributeError: 'function' object has no attribute 'fn'\n\nThe above exception was the direct cause of the following exception:\n\nTraceback (most recent call last):\n  File \"/cpfs01/shared/llm_kernel/hujiakai/KernelLLM/validation_api_server/helpers/evaluations.py\", line 720, in run_and_check_correctness\n    output_new = model_new(*inputs)\n  File \"/home/lijiaxing/.conda/envs/api/lib/python3.10/site-packages/torch/nn/modules/module.py\", line 1773, in _wrapped_call_impl\n    return self._call_impl(*args, **kwargs)\n  File \"/home/lijiaxing/.conda/envs/api/lib/python3.10/site-packages/torch/nn/modules/module.py\", line 1784, in _call_impl\n    return forward_call(*args, **kwargs)\n  File \"/tmp/tmp_wkvug_2.py\", line 47, in forward\n    masked_cumsum_kernel[grid](\n  File \"/home/lijiaxing/.conda/envs/api/lib/python3.10/site-packages/triton/runtime/jit.py\", line 390, in <lambda>\n    return lambda *args, **kwargs: self.run(grid=grid, warmup=False, *args, **kwargs)\n  File \"/home/lijiaxing/.conda/envs/api/lib/python3.10/site-packages/triton/runtime/jit.py\", line 594, in run\n    kernel = self.compile(src, target=target, options=options.__dict__)\n  File \"/home/lijiaxing/.conda/envs/api/lib/python3.10/site-packages/triton/compiler/compiler.py\", line 339, in compile\n    module = src.make_ir(options, codegen_fns, module_map, context)\n  File \"/home/lijiaxing/.conda/envs/api/lib/python3.10/site-packages/triton/compiler/compiler.py\", line 83, in make_ir\n    return ast_to_ttir(self.fn, self, context=context, options=options, codegen_fns=codegen_fns,\ntriton.compiler.errors.CompilationError: at 22:13:\n    pid0 = tl.program_id(0)\n    row_x = x_ptr + pid0 * x_row_stride\n    row_mask = mask_ptr + pid0 * mask_row_stride\n    row_out = output_ptr + pid0 * out_row_stride\n\n    offsets = tl.arange(0, BLOCK_SIZE)\n    valid_mask = offsets < row_length\n    x = tl.load(row_x + offsets, mask=valid_mask, other=0.0)\n    mask_val = tl.load(row_mask + offsets, mask=valid_mask, other=False).to(tl.int1)\n\n    x_masked = tl.where(mask_val, x, 0.0)\n    cumsum = tl.associative_scan(x_masked, 0, tl.add)\n             ^\n\n\nThe above exception was the direct cause of the following exception:\n\nTraceback (most recent call last):\n  File \"/home/lijiaxing/.conda/envs/api/lib/python3.10/site-packages/triton/language/core.py\", line 42, in wrapper\n    return fn(*args, **kwargs)\n  File \"/home/lijiaxing/.conda/envs/api/lib/python3.10/site-packages/triton/language/core.py\", line 2727, in associative_scan\n    return associative_scan((input, ), axis, combine_fn, reverse, _semantic=_semantic, _generator=_generator)[0]\n  File \"/home/lijiaxing/.conda/envs/api/lib/python3.10/site-packages/triton/language/core.py\", line 42, in wrapper\n    return fn(*args, **kwargs)\n  File \"/home/lijiaxing/.conda/envs/api/lib/python3.10/site-packages/triton/language/core.py\", line 2747, in associative_scan\n    return _semantic.associative_scan(input, axis, make_combine_region, reverse)\n  File \"/home/lijiaxing/.conda/envs/api/lib/python3.10/site-packages/triton/language/semantic.py\", line 1685, in associative_scan\n    region_builder_fn(scan_op)\n  File \"/home/lijiaxing/.conda/envs/api/lib/python3.10/site-packages/triton/language/core.py\", line 2737, in make_combine_region\n    results = _generator.call_JitFunction(combine_fn, args, kwargs={})\nAttributeError: 'function' object has no attribute 'fn'\n", "runtime_error_name": "triton.compiler.errors.CompilationError", "reference_timing_ms": 0.0235, "speed_up": -1.0, "custom_timing": -1.0}, "runtime": -1.0, "runtime_stats": {}}}}, "island": 0}, "artifacts_json": null, "artifact_dir": null}