2025-08-08 02:00:08,257 - openevolve.controller - INFO - Logging to openevolve_output/level3_35_LTSM/logs/openevolve_20250808_020008.log
2025-08-08 02:00:08,258 - openevolve.controller - INFO - Set random seed to 42 for reproducibility
2025-08-08 02:00:08,298 - openevolve.llm.ensemble - INFO - Initialized LLM ensemble with models: deepseek (weight: 0.80), deepseek (weight: 0.20)
2025-08-08 02:00:08,337 - openevolve.llm.ensemble - INFO - Initialized LLM ensemble with models: deepseek (weight: 0.80), deepseek (weight: 0.20)
2025-08-08 02:00:08,337 - openevolve.prompt.sampler - INFO - Set custom templates: system=evaluator_system_message, user=None
2025-08-08 02:00:08,337 - openevolve.database - INFO - Initialized program database with 0 programs
2025-08-08 02:00:08,356 - openevolve.evaluator - INFO - Successfully loaded evaluation function from openevolve_output/level3_35_LTSM/evaluation.py
2025-08-08 02:00:08,356 - openevolve.evaluator - INFO - Initialized evaluator with openevolve_output/level3_35_LTSM/evaluation.py
2025-08-08 02:00:08,356 - openevolve.controller - INFO - Initialized OpenEvolve with /tmp/87cd934fb84c62bd1bc77151421b49b3.py
2025-08-08 02:00:08,356 - openevolve.controller - INFO - Adding initial program to database
2025-08-08 02:00:08,357 - openevolve.RemoteSpeedupEvaluator - INFO - [level3_35_LTSM] verify_plus payload: reference_code(2033 chars) + custom_code(2157 chars)
2025-08-08 02:00:19,143 - openevolve.RemoteSpeedupEvaluator - INFO - [level3_35_LTSM] verify_plus request success
2025-08-08 02:00:19,143 - openevolve.RemoteSpeedupEvaluator - INFO - [level3_35_LTSM] verify_plus response: {"id":"level3_35_LTSM","result":{"compiled":true,"correctness":true,"metadata":{"hardware":"NVIDIA L20Y","device":"cuda:3","correctness_trials":"(5 / 5)","reference_timing_ms":26.0,"speed_up":1.13,"custom_timing":23.0},"runtime":23.0,"runtime_stats":{"mean":23.0,"std":1.42,"min":21.5,"max":29.0,"num_trials":100,"hardware":"NVIDIA L20Y","device":"cuda:3"}}}
2025-08-08 02:00:19,143 - openevolve.evaluator - INFO - Evaluated program 9a665631-edce-4f2a-b2ca-7ab9f7aa6dc0 in 10.79s: compiled=1.0000, correctness=1.0000, stage=reference code, passed=0.0000, score=0.0000, speed_up=1.0000, runtime_ms=23.0000, meta={'hardware': 'NVIDIA L20Y', 'device': 'cuda:3', 'correctness_trials': '(5 / 5)', 'reference_timing_ms': 26.0, 'speed_up': 1.13, 'custom_timing': 23.0}
2025-08-08 02:00:19,144 - openevolve.database - INFO - New MAP-Elites cell occupied: {'score': 0, 'complexity': 2}
2025-08-08 02:00:19,158 - openevolve.threaded_parallel - INFO - Initializing threaded evaluation pool with 3 workers
2025-08-08 02:00:19,159 - openevolve.threaded_parallel - INFO - Started thread pool with 3 threads
2025-08-08 02:00:19,159 - openevolve.threaded_parallel - INFO - Started improved parallel controller
2025-08-08 02:00:19,159 - openevolve.controller - INFO - Using island-based evolution with 3 islands
2025-08-08 02:00:19,159 - openevolve.database - INFO - Island Status:
2025-08-08 02:00:19,159 - openevolve.database - INFO -  * Island 0: 1 programs, best=0.0000, avg=0.0000, diversity=0.00, gen=0 (best: 9a665631-edce-4f2a-b2ca-7ab9f7aa6dc0)
2025-08-08 02:00:19,160 - openevolve.database - INFO -    Island 1: 0 programs, best=0.0000, avg=0.0000, diversity=0.00, gen=0
2025-08-08 02:00:19,160 - openevolve.database - INFO -    Island 2: 0 programs, best=0.0000, avg=0.0000, diversity=0.00, gen=0
2025-08-08 02:00:19,160 - openevolve.threaded_parallel - INFO - Starting improved parallel evolution from iteration 0 for 30 iterations (total: 30)
2025-08-08 02:00:19,300 - openevolve.llm.ensemble - INFO - Initialized LLM ensemble with models: deepseek (weight: 0.80), deepseek (weight: 0.20)
2025-08-08 02:00:19,305 - openevolve.llm.ensemble - INFO - Initialized LLM ensemble with models: deepseek (weight: 0.80), deepseek (weight: 0.20)
2025-08-08 02:00:19,307 - openevolve.llm.ensemble - INFO - Initialized LLM ensemble with models: deepseek (weight: 0.80), deepseek (weight: 0.20)
2025-08-08 02:00:19,440 - openevolve.llm.ensemble - INFO - Initialized LLM ensemble with models: deepseek (weight: 0.80), deepseek (weight: 0.20)
2025-08-08 02:00:19,440 - openevolve.prompt.sampler - INFO - Set custom templates: system=evaluator_system_message, user=None
2025-08-08 02:00:19,443 - openevolve.evaluator - INFO - Successfully loaded evaluation function from openevolve_output/level3_35_LTSM/evaluation.py
2025-08-08 02:00:19,443 - openevolve.evaluator - INFO - Initialized evaluator with openevolve_output/level3_35_LTSM/evaluation.py
2025-08-08 02:00:19,444 - openevolve.llm.ensemble - INFO - Sampled model: deepseek
2025-08-08 02:00:19,445 - openevolve.llm.ensemble - INFO - Initialized LLM ensemble with models: deepseek (weight: 0.80), deepseek (weight: 0.20)
2025-08-08 02:00:19,445 - openevolve.prompt.sampler - INFO - Set custom templates: system=evaluator_system_message, user=None
2025-08-08 02:00:19,446 - openevolve.llm.ensemble - INFO - Initialized LLM ensemble with models: deepseek (weight: 0.80), deepseek (weight: 0.20)
2025-08-08 02:00:19,446 - openevolve.prompt.sampler - INFO - Set custom templates: system=evaluator_system_message, user=None
2025-08-08 02:00:19,447 - openevolve.evaluator - INFO - Successfully loaded evaluation function from openevolve_output/level3_35_LTSM/evaluation.py
2025-08-08 02:00:19,447 - openevolve.evaluator - INFO - Initialized evaluator with openevolve_output/level3_35_LTSM/evaluation.py
2025-08-08 02:00:19,448 - openevolve.evaluator - INFO - Successfully loaded evaluation function from openevolve_output/level3_35_LTSM/evaluation.py
2025-08-08 02:00:19,448 - openevolve.evaluator - INFO - Initialized evaluator with openevolve_output/level3_35_LTSM/evaluation.py
2025-08-08 02:00:19,449 - openevolve.llm.ensemble - INFO - Sampled model: deepseek
2025-08-08 02:00:19,450 - openevolve.llm.ensemble - INFO - Sampled model: deepseek
2025-08-08 02:12:33,571 - openevolve.RemoteSpeedupEvaluator - INFO - [level3_35_LTSM] triton key words check pass
2025-08-08 02:12:33,573 - openevolve.RemoteSpeedupEvaluator - INFO - [level3_35_LTSM] verify_plus payload: reference_code(2033 chars) + custom_code(4300 chars)
2025-08-08 02:12:37,216 - openevolve.RemoteSpeedupEvaluator - INFO - [level3_35_LTSM] verify_plus request success
2025-08-08 02:12:37,216 - openevolve.RemoteSpeedupEvaluator - INFO - [level3_35_LTSM] verify_plus response: {"id":"level3_35_LTSM","result":{"compiled":true,"correctness":false,"metadata":{"hardware":"NVIDIA L20Y","device":"cuda:0","max_difference":["1.768798","1.766837","1.768900","1.768048","1.768057"],"avg_difference":["0.686035","0.686134","0.685942","0.686141","0.686037"],"correctness_issue":"Output mismatch","correctness_trials":"(0 / 5)","reference_timing_ms":26.0,"speed_up":-1.0,"custom_timing":-1.0},"runtime":-1.0,"runtime_stats":{}}}
2025-08-08 02:12:37,217 - openevolve.RemoteSpeedupEvaluator - INFO - [level3_35_LTSM] âœ˜ wrong_answer
2025-08-08 02:12:37,217 - openevolve.evaluator - INFO - Evaluated program fe7c325b-b9aa-437d-95bb-f9c654761d62 in 3.65s: compiled=1.0000, correctness=0.0000, score=10.0000, stage=wrong_answer, verify_payload={'id': 'level3_35_LTSM', 'result': {'compiled': True, 'correctness': False, 'metadata': {'hardware': 'NVIDIA L20Y', 'device': 'cuda:0', 'max_difference': ['1.768798', '1.766837', '1.768900', '1.768048', '1.768057'], 'avg_difference': ['0.686035', '0.686134', '0.685942', '0.686141', '0.686037'], 'correctness_issue': 'Output mismatch', 'correctness_trials': '(0 / 5)', 'reference_timing_ms': 26.0, 'speed_up': -1.0, 'custom_timing': -1.0}, 'runtime': -1.0, 'runtime_stats': {}}}
2025-08-08 02:12:37,220 - openevolve.llm.ensemble - INFO - Sampled model: deepseek
2025-08-08 02:12:37,224 - openevolve.database - INFO - New MAP-Elites cell occupied: {'score': 9, 'complexity': 9}
2025-08-08 02:12:37,224 - openevolve.database - INFO - New best program fe7c325b-b9aa-437d-95bb-f9c654761d62 replaces 9a665631-edce-4f2a-b2ca-7ab9f7aa6dc0
2025-08-08 02:12:37,237 - openevolve.threaded_parallel - INFO - Iteration 1: Program fe7c325b-b9aa-437d-95bb-f9c654761d62 (parent: 9a665631-edce-4f2a-b2ca-7ab9f7aa6dc0) completed in 737.77s
2025-08-08 02:12:37,237 - openevolve.threaded_parallel - INFO - Metrics: compiled=1.0000, correctness=0.0000, score=10.0000, stage=wrong_answer, verify_payload={'id': 'level3_35_LTSM', 'result': {'compiled': True, 'correctness': False, 'metadata': {'hardware': 'NVIDIA L20Y', 'device': 'cuda:0', 'max_difference': ['1.768798', '1.766837', '1.768900', '1.768048', '1.768057'], 'avg_difference': ['0.686035', '0.686134', '0.685942', '0.686141', '0.686037'], 'correctness_issue': 'Output mismatch', 'correctness_trials': '(0 / 5)', 'reference_timing_ms': 26.0, 'speed_up': -1.0, 'custom_timing': -1.0}, 'runtime': -1.0, 'runtime_stats': {}}}
2025-08-08 02:12:37,237 - openevolve.threaded_parallel - INFO - ðŸŒŸ New best solution found at iteration 1: fe7c325b-b9aa-437d-95bb-f9c654761d62
2025-08-08 02:12:50,290 - openevolve.RemoteSpeedupEvaluator - INFO - [level3_35_LTSM] âœ˜ invalid_answer 'import triton' is not found
2025-08-08 02:12:50,290 - openevolve.evaluator - INFO - Evaluated program 1bf7964b-a0d7-4063-b352-1fff39a8d993 in 0.00s: compiled=0.0000, correctness=0.0000, score=-100.0000, stage=no_valid_triton_code, feedback=You need to generate real and valid triton code for the core function. The key word 'import triton' is not found.
2025-08-08 02:12:50,295 - openevolve.llm.ensemble - INFO - Sampled model: deepseek
2025-08-08 02:12:50,300 - openevolve.database - INFO - New MAP-Elites cell occupied: {'score': -1000, 'complexity': 0}
2025-08-08 02:12:50,308 - openevolve.threaded_parallel - INFO - Iteration 2: Program 1bf7964b-a0d7-4063-b352-1fff39a8d993 (parent: 9a665631-edce-4f2a-b2ca-7ab9f7aa6dc0) completed in 750.84s
2025-08-08 02:12:50,308 - openevolve.threaded_parallel - INFO - Metrics: compiled=0.0000, correctness=0.0000, score=-100.0000, stage=no_valid_triton_code, feedback=You need to generate real and valid triton code for the core function. The key word 'import triton' is not found.
2025-08-08 02:14:20,352 - openevolve.RemoteSpeedupEvaluator - INFO - [level3_35_LTSM] triton key words check pass
2025-08-08 02:14:20,354 - openevolve.RemoteSpeedupEvaluator - INFO - [level3_35_LTSM] verify_plus payload: reference_code(2033 chars) + custom_code(3585 chars)
2025-08-08 02:14:23,601 - openevolve.RemoteSpeedupEvaluator - INFO - [level3_35_LTSM] verify_plus request success
2025-08-08 02:14:23,601 - openevolve.RemoteSpeedupEvaluator - INFO - [level3_35_LTSM] verify_plus response: {"id":"level3_35_LTSM","result":{"compiled":true,"correctness":false,"metadata":{"hardware":"NVIDIA L20Y","device":"cuda:4","runtime_error":"Traceback (most recent call last):\n  File \"/cpfs01/shared/llm_kernel/hujiakai/KernelLLM/validation_api_server/helpers/evaluations.py\", line 720, in run_and_check_correctness\n    output_new = model_new(*inputs)\n  File \"/home/lijiaxing/.conda/envs/api/lib/python3.10/site-packages/torch/nn/modules/module.py\", line 1773, in _wrapped_call_impl\n    return self._call_impl(*args, **kwargs)\n  File \"/home/lijiaxing/.conda/envs/api/lib/python3.10/site-packages/torch/nn/modules/module.py\", line 1784, in _call_impl\n    return forward_call(*args, **kwargs)\n  File \"/tmp/tmpmegfbc6m.py\", line 77, in forward\n    lstm_cell[grid](\n  File \"/home/lijiaxi
2025-08-08 02:14:23,602 - openevolve.RemoteSpeedupEvaluator - INFO - [level3_35_LTSM] âœ˜ wrong_answer
2025-08-08 02:14:23,602 - openevolve.evaluator - INFO - Evaluated program 13a383ef-cf1d-4cf5-817d-486b83e6a9c5 in 3.25s: compiled=1.0000, correctness=0.0000, score=10.0000, stage=wrong_answer, verify_payload={'id': 'level3_35_LTSM', 'result': {'compiled': True, 'correctness': False, 'metadata': {'hardware': 'NVIDIA L20Y', 'device': 'cuda:4', 'runtime_error': 'Traceback (most recent call last):\n  File "/cpfs01/shared/llm_kernel/hujiakai/KernelLLM/validation_api_server/helpers/evaluations.py", line 720, in run_and_check_correctness\n    output_new = model_new(*inputs)\n  File "/home/lijiaxing/.conda/envs/api/lib/python3.10/site-packages/torch/nn/modules/module.py", line 1773, in _wrapped_call_impl\n    return self._call_impl(*args, **kwargs)\n  File "/home/lijiaxing/.conda/envs/api/lib/python3.10/site-packages/torch/nn/modules/module.py", line 1784, in _call_impl\n    return forward_call(*args, **kwargs)\n  File "/tmp/tmpmegfbc6m.py", line 77, in forward\n    lstm_cell[grid](\n  File "/home/lijiaxing/.conda/envs/api/lib/python3.10/site-packages/triton/runtime/jit.py", line 390, in <lambda>\n    return lambda *args, **kwargs: self.run(grid=grid, warmup=False, *args, **kwargs)\n  File "/home/lijiaxing/.conda/envs/api/lib/python3.10/site-packages/triton/runtime/jit.py", line 594, in run\n    kernel = self.compile(src, target=target, options=options.__dict__)\n  File "/home/lijiaxing/.conda/envs/api/lib/python3.10/site-packages/triton/compiler/compiler.py", line 281, in compile\n    key = f"{triton_key()}-{src.hash()}-{backend.hash()}-{options.hash()}-{str(sorted(env_vars.items()))}"\n  File "/home/lijiaxing/.conda/envs/api/lib/python3.10/site-packages/triton/compiler/compiler.py", line 78, in hash\n    key = f"{self.fn.cache_key}-{str(self.attrs)}-{sorted_sig}-{constants_key}"\n  File "/home/lijiaxing/.conda/envs/api/lib/python3.10/site-packages/triton/runtime/jit.py", line 696, in cache_key\n    dependencies_finder.visit(self.parse())\n  File "/home/lijiaxing/.conda/envs/api/lib/python3.10/ast.py", line 418, in visit\n    return visitor(node)\n  File "/home/lijiaxing/.conda/envs/api/lib/python3.10/ast.py", line 426, in generic_visit\n    self.visit(item)\n  File "/home/lijiaxing/.conda/envs/api/lib/python3.10/ast.py", line 418, in visit\n    return visitor(node)\n  File "/home/lijiaxing/.conda/envs/api/lib/python3.10/site-packages/triton/runtime/jit.py", line 163, in visit_FunctionDef\n    self.generic_visit(node)\n  File "/home/lijiaxing/.conda/envs/api/lib/python3.10/ast.py", line 426, in generic_visit\n    self.visit(item)\n  File "/home/lijiaxing/.conda/envs/api/lib/python3.10/ast.py", line 418, in visit\n    return visitor(node)\n  File "/home/lijiaxing/.conda/envs/api/lib/python3.10/site-packages/triton/runtime/jit.py", line 217, in visit_Assign\n    self.generic_visit(node)\n  File "/home/lijiaxing/.conda/envs/api/lib/python3.10/ast.py", line 428, in generic_visit\n    self.visit(value)\n  File "/home/lijiaxing/.conda/envs/api/lib/python3.10/ast.py", line 418, in visit\n    return visitor(node)\n  File "/home/lijiaxing/.conda/envs/api/lib/python3.10/ast.py", line 428, in generic_visit\n    self.visit(value)\n  File "/home/lijiaxing/.conda/envs/api/lib/python3.10/ast.py", line 418, in visit\n    return visitor(node)\n  File "/home/lijiaxing/.conda/envs/api/lib/python3.10/site-packages/triton/runtime/jit.py", line 156, in visit_Attribute\n    ret = getattr(lhs, node.attr)\nAttributeError: module \'triton.language\' has no attribute \'tanh\'\n', 'runtime_error_name': 'builtins.AttributeError', 'reference_timing_ms': 26.0, 'speed_up': -1.0, 'custom_timing': -1.0}, 'runtime': -1.0, 'runtime_stats': {}}}
2025-08-08 02:14:23,605 - openevolve.llm.ensemble - INFO - Sampled model: deepseek
2025-08-08 02:14:23,610 - openevolve.database - INFO - New MAP-Elites cell occupied: {'score': 9, 'complexity': 6}
2025-08-08 02:14:23,652 - openevolve.threaded_parallel - INFO - Iteration 0: Program 13a383ef-cf1d-4cf5-817d-486b83e6a9c5 (parent: 9a665631-edce-4f2a-b2ca-7ab9f7aa6dc0) completed in 844.15s
2025-08-08 02:14:23,652 - openevolve.threaded_parallel - INFO - Metrics: compiled=1.0000, correctness=0.0000, score=10.0000, stage=wrong_answer, verify_payload={'id': 'level3_35_LTSM', 'result': {'compiled': True, 'correctness': False, 'metadata': {'hardware': 'NVIDIA L20Y', 'device': 'cuda:4', 'runtime_error': 'Traceback (most recent call last):\n  File "/cpfs01/shared/llm_kernel/hujiakai/KernelLLM/validation_api_server/helpers/evaluations.py", line 720, in run_and_check_correctness\n    output_new = model_new(*inputs)\n  File "/home/lijiaxing/.conda/envs/api/lib/python3.10/site-packages/torch/nn/modules/module.py", line 1773, in _wrapped_call_impl\n    return self._call_impl(*args, **kwargs)\n  File "/home/lijiaxing/.conda/envs/api/lib/python3.10/site-packages/torch/nn/modules/module.py", line 1784, in _call_impl\n    return forward_call(*args, **kwargs)\n  File "/tmp/tmpmegfbc6m.py", line 77, in forward\n    lstm_cell[grid](\n  File "/home/lijiaxing/.conda/envs/api/lib/python3.10/site-packages/triton/runtime/jit.py", line 390, in <lambda>\n    return lambda *args, **kwargs: self.run(grid=grid, warmup=False, *args, **kwargs)\n  File "/home/lijiaxing/.conda/envs/api/lib/python3.10/site-packages/triton/runtime/jit.py", line 594, in run\n    kernel = self.compile(src, target=target, options=options.__dict__)\n  File "/home/lijiaxing/.conda/envs/api/lib/python3.10/site-packages/triton/compiler/compiler.py", line 281, in compile\n    key = f"{triton_key()}-{src.hash()}-{backend.hash()}-{options.hash()}-{str(sorted(env_vars.items()))}"\n  File "/home/lijiaxing/.conda/envs/api/lib/python3.10/site-packages/triton/compiler/compiler.py", line 78, in hash\n    key = f"{self.fn.cache_key}-{str(self.attrs)}-{sorted_sig}-{constants_key}"\n  File "/home/lijiaxing/.conda/envs/api/lib/python3.10/site-packages/triton/runtime/jit.py", line 696, in cache_key\n    dependencies_finder.visit(self.parse())\n  File "/home/lijiaxing/.conda/envs/api/lib/python3.10/ast.py", line 418, in visit\n    return visitor(node)\n  File "/home/lijiaxing/.conda/envs/api/lib/python3.10/ast.py", line 426, in generic_visit\n    self.visit(item)\n  File "/home/lijiaxing/.conda/envs/api/lib/python3.10/ast.py", line 418, in visit\n    return visitor(node)\n  File "/home/lijiaxing/.conda/envs/api/lib/python3.10/site-packages/triton/runtime/jit.py", line 163, in visit_FunctionDef\n    self.generic_visit(node)\n  File "/home/lijiaxing/.conda/envs/api/lib/python3.10/ast.py", line 426, in generic_visit\n    self.visit(item)\n  File "/home/lijiaxing/.conda/envs/api/lib/python3.10/ast.py", line 418, in visit\n    return visitor(node)\n  File "/home/lijiaxing/.conda/envs/api/lib/python3.10/site-packages/triton/runtime/jit.py", line 217, in visit_Assign\n    self.generic_visit(node)\n  File "/home/lijiaxing/.conda/envs/api/lib/python3.10/ast.py", line 428, in generic_visit\n    self.visit(value)\n  File "/home/lijiaxing/.conda/envs/api/lib/python3.10/ast.py", line 418, in visit\n    return visitor(node)\n  File "/home/lijiaxing/.conda/envs/api/lib/python3.10/ast.py", line 428, in generic_visit\n    self.visit(value)\n  File "/home/lijiaxing/.conda/envs/api/lib/python3.10/ast.py", line 418, in visit\n    return visitor(node)\n  File "/home/lijiaxing/.conda/envs/api/lib/python3.10/site-packages/triton/runtime/jit.py", line 156, in visit_Attribute\n    ret = getattr(lhs, node.attr)\nAttributeError: module \'triton.language\' has no attribute \'tanh\'\n', 'runtime_error_name': 'builtins.AttributeError', 'reference_timing_ms': 26.0, 'speed_up': -1.0, 'custom_timing': -1.0}, 'runtime': -1.0, 'runtime_stats': {}}}
2025-08-08 02:14:23,652 - openevolve.threaded_parallel - INFO - Checkpoint interval reached at iteration 0
2025-08-08 02:14:23,653 - openevolve.database - INFO - Island Status:
2025-08-08 02:14:23,653 - openevolve.database - INFO -    Island 0: 3 programs, best=10.0000, avg=-30.0000, diversity=683.00, gen=1 (best: fe7c325b-b9aa-437d-95bb-f9c654761d62)
2025-08-08 02:14:23,653 - openevolve.database - INFO -  * Island 1: 2 programs, best=10.0000, avg=10.0000, diversity=405.00, gen=2 (best: 13a383ef-cf1d-4cf5-817d-486b83e6a9c5)
2025-08-08 02:14:23,653 - openevolve.database - INFO -    Island 2: 0 programs, best=0.0000, avg=0.0000, diversity=0.00, gen=0
2025-08-08 02:14:23,704 - openevolve.database - INFO - Saved database with 4 programs to openevolve_output/level3_35_LTSM/checkpoints/checkpoint_0
2025-08-08 02:14:23,720 - openevolve.controller - INFO - Saved best program at checkpoint 0 with metrics: compiled=1.0000, correctness=0.0000, score=10.0000, stage=wrong_answer, verify_payload={'id': 'level3_35_LTSM', 'result': {'compiled': True, 'correctness': False, 'metadata': {'hardware': 'NVIDIA L20Y', 'device': 'cuda:0', 'max_difference': ['1.768798', '1.766837', '1.768900', '1.768048', '1.768057'], 'avg_difference': ['0.686035', '0.686134', '0.685942', '0.686141', '0.686037'], 'correctness_issue': 'Output mismatch', 'correctness_trials': '(0 / 5)', 'reference_timing_ms': 26.0, 'speed_up': -1.0, 'custom_timing': -1.0}, 'runtime': -1.0, 'runtime_stats': {}}}
2025-08-08 02:14:23,720 - openevolve.controller - INFO - Saved checkpoint at iteration 0 to openevolve_output/level3_35_LTSM/checkpoints/checkpoint_0
2025-08-08 02:16:02,079 - openevolve.RemoteSpeedupEvaluator - INFO - [level3_35_LTSM] triton key words check pass
2025-08-08 02:16:02,080 - openevolve.RemoteSpeedupEvaluator - INFO - [level3_35_LTSM] verify_plus payload: reference_code(2033 chars) + custom_code(3546 chars)
2025-08-08 02:16:05,488 - openevolve.RemoteSpeedupEvaluator - INFO - [level3_35_LTSM] verify_plus request success
2025-08-08 02:16:05,488 - openevolve.RemoteSpeedupEvaluator - INFO - [level3_35_LTSM] verify_plus response: {"id":"level3_35_LTSM","result":{"compiled":true,"correctness":false,"metadata":{"hardware":"NVIDIA L20Y","device":"cuda:7","max_difference":["1.768798","1.766837","1.768900","1.768048","1.768057"],"avg_difference":["0.686035","0.686134","0.685942","0.686141","0.686037"],"correctness_issue":"Output mismatch","correctness_trials":"(0 / 5)","reference_timing_ms":26.0,"speed_up":-1.0,"custom_timing":-1.0},"runtime":-1.0,"runtime_stats":{}}}
2025-08-08 02:16:05,488 - openevolve.RemoteSpeedupEvaluator - INFO - [level3_35_LTSM] âœ˜ wrong_answer
2025-08-08 02:16:05,489 - openevolve.evaluator - INFO - Evaluated program 243a5b83-e133-4bc8-b08a-f099c2a72dc2 in 3.41s: compiled=1.0000, correctness=0.0000, score=10.0000, stage=wrong_answer, verify_payload={'id': 'level3_35_LTSM', 'result': {'compiled': True, 'correctness': False, 'metadata': {'hardware': 'NVIDIA L20Y', 'device': 'cuda:7', 'max_difference': ['1.768798', '1.766837', '1.768900', '1.768048', '1.768057'], 'avg_difference': ['0.686035', '0.686134', '0.685942', '0.686141', '0.686037'], 'correctness_issue': 'Output mismatch', 'correctness_trials': '(0 / 5)', 'reference_timing_ms': 26.0, 'speed_up': -1.0, 'custom_timing': -1.0}, 'runtime': -1.0, 'runtime_stats': {}}}
2025-08-08 02:16:05,492 - openevolve.llm.ensemble - INFO - Sampled model: deepseek
2025-08-08 02:16:05,520 - openevolve.threaded_parallel - INFO - Iteration 4: Program 243a5b83-e133-4bc8-b08a-f099c2a72dc2 (parent: 9a665631-edce-4f2a-b2ca-7ab9f7aa6dc0) completed in 195.19s
2025-08-08 02:16:05,520 - openevolve.threaded_parallel - INFO - Metrics: compiled=1.0000, correctness=0.0000, score=10.0000, stage=wrong_answer, verify_payload={'id': 'level3_35_LTSM', 'result': {'compiled': True, 'correctness': False, 'metadata': {'hardware': 'NVIDIA L20Y', 'device': 'cuda:7', 'max_difference': ['1.768798', '1.766837', '1.768900', '1.768048', '1.768057'], 'avg_difference': ['0.686035', '0.686134', '0.685942', '0.686141', '0.686037'], 'correctness_issue': 'Output mismatch', 'correctness_trials': '(0 / 5)', 'reference_timing_ms': 26.0, 'speed_up': -1.0, 'custom_timing': -1.0}, 'runtime': -1.0, 'runtime_stats': {}}}
2025-08-08 02:22:00,249 - openevolve.RemoteSpeedupEvaluator - INFO - [level3_35_LTSM] triton key words check pass
2025-08-08 02:22:00,251 - openevolve.RemoteSpeedupEvaluator - INFO - [level3_35_LTSM] verify_plus payload: reference_code(2033 chars) + custom_code(4526 chars)
2025-08-08 02:22:03,765 - openevolve.RemoteSpeedupEvaluator - INFO - [level3_35_LTSM] verify_plus request success
2025-08-08 02:22:03,766 - openevolve.RemoteSpeedupEvaluator - INFO - [level3_35_LTSM] verify_plus response: {"id":"level3_35_LTSM","result":{"compiled":true,"correctness":false,"metadata":{"hardware":"NVIDIA L20Y","device":"cuda:7","max_difference":["1.768798","1.766837","1.768900","1.768048","1.768057"],"avg_difference":["0.686035","0.686134","0.685942","0.686141","0.686037"],"correctness_issue":"Output mismatch","correctness_trials":"(0 / 5)","reference_timing_ms":26.0,"speed_up":-1.0,"custom_timing":-1.0},"runtime":-1.0,"runtime_stats":{}}}
2025-08-08 02:22:03,766 - openevolve.RemoteSpeedupEvaluator - INFO - [level3_35_LTSM] âœ˜ wrong_answer
2025-08-08 02:22:03,766 - openevolve.evaluator - INFO - Evaluated program 456ae72d-bef6-4f7a-b6fc-d81d805ad9af in 3.52s: compiled=1.0000, correctness=0.0000, score=10.0000, stage=wrong_answer, verify_payload={'id': 'level3_35_LTSM', 'result': {'compiled': True, 'correctness': False, 'metadata': {'hardware': 'NVIDIA L20Y', 'device': 'cuda:7', 'max_difference': ['1.768798', '1.766837', '1.768900', '1.768048', '1.768057'], 'avg_difference': ['0.686035', '0.686134', '0.685942', '0.686141', '0.686037'], 'correctness_issue': 'Output mismatch', 'correctness_trials': '(0 / 5)', 'reference_timing_ms': 26.0, 'speed_up': -1.0, 'custom_timing': -1.0}, 'runtime': -1.0, 'runtime_stats': {}}}
2025-08-08 02:22:03,770 - openevolve.llm.ensemble - INFO - Sampled model: deepseek
2025-08-08 02:22:03,781 - openevolve.threaded_parallel - INFO - Iteration 5: Program 456ae72d-bef6-4f7a-b6fc-d81d805ad9af (parent: fe7c325b-b9aa-437d-95bb-f9c654761d62) completed in 460.16s
2025-08-08 02:22:03,781 - openevolve.threaded_parallel - INFO - Metrics: compiled=1.0000, correctness=0.0000, score=10.0000, stage=wrong_answer, verify_payload={'id': 'level3_35_LTSM', 'result': {'compiled': True, 'correctness': False, 'metadata': {'hardware': 'NVIDIA L20Y', 'device': 'cuda:7', 'max_difference': ['1.768798', '1.766837', '1.768900', '1.768048', '1.768057'], 'avg_difference': ['0.686035', '0.686134', '0.685942', '0.686141', '0.686037'], 'correctness_issue': 'Output mismatch', 'correctness_trials': '(0 / 5)', 'reference_timing_ms': 26.0, 'speed_up': -1.0, 'custom_timing': -1.0}, 'runtime': -1.0, 'runtime_stats': {}}}
2025-08-08 02:26:25,897 - openevolve.RemoteSpeedupEvaluator - INFO - [level3_35_LTSM] âœ˜ invalid_answer 'import triton' is not found
2025-08-08 02:26:25,899 - openevolve.evaluator - INFO - Evaluated program c2a0661b-5508-46f0-904d-9e7dc80fcdca in 0.00s: compiled=0.0000, correctness=0.0000, score=-100.0000, stage=no_valid_triton_code, feedback=You need to generate real and valid triton code for the core function. The key word 'import triton' is not found.
2025-08-08 02:26:25,902 - openevolve.llm.ensemble - INFO - Sampled model: deepseek
2025-08-08 02:26:25,908 - openevolve.database - INFO - New MAP-Elites cell occupied: {'score': -1000, 'complexity': 9}
2025-08-08 02:26:25,920 - openevolve.threaded_parallel - INFO - Iteration 6: Program c2a0661b-5508-46f0-904d-9e7dc80fcdca (parent: 13a383ef-cf1d-4cf5-817d-486b83e6a9c5) completed in 620.41s
2025-08-08 02:26:25,921 - openevolve.threaded_parallel - INFO - Metrics: compiled=0.0000, correctness=0.0000, score=-100.0000, stage=no_valid_triton_code, feedback=You need to generate real and valid triton code for the core function. The key word 'import triton' is not found.
2025-08-08 02:26:25,921 - openevolve.threaded_parallel - INFO - Checkpoint interval reached at iteration 6
2025-08-08 02:26:25,922 - openevolve.database - INFO - Island Status:
2025-08-08 02:26:25,922 - openevolve.database - INFO -    Island 0: 4 programs, best=10.0000, avg=-47.5000, diversity=1203.78, gen=2 (best: fe7c325b-b9aa-437d-95bb-f9c654761d62)
2025-08-08 02:26:25,922 - openevolve.database - INFO -  * Island 1: 3 programs, best=10.0000, avg=10.0000, diversity=272.60, gen=3 (best: 13a383ef-cf1d-4cf5-817d-486b83e6a9c5)
2025-08-08 02:26:25,922 - openevolve.database - INFO -    Island 2: 1 programs, best=10.0000, avg=10.0000, diversity=0.00, gen=1 (best: 456ae72d-bef6-4f7a-b6fc-d81d805ad9af)
2025-08-08 02:26:26,003 - openevolve.database - INFO - Saved database with 7 programs to openevolve_output/level3_35_LTSM/checkpoints/checkpoint_6
2025-08-08 02:26:26,020 - openevolve.controller - INFO - Saved best program at checkpoint 6 with metrics: compiled=1.0000, correctness=0.0000, score=10.0000, stage=wrong_answer, verify_payload={'id': 'level3_35_LTSM', 'result': {'compiled': True, 'correctness': False, 'metadata': {'hardware': 'NVIDIA L20Y', 'device': 'cuda:0', 'max_difference': ['1.768798', '1.766837', '1.768900', '1.768048', '1.768057'], 'avg_difference': ['0.686035', '0.686134', '0.685942', '0.686141', '0.686037'], 'correctness_issue': 'Output mismatch', 'correctness_trials': '(0 / 5)', 'reference_timing_ms': 26.0, 'speed_up': -1.0, 'custom_timing': -1.0}, 'runtime': -1.0, 'runtime_stats': {}}}
2025-08-08 02:26:26,020 - openevolve.controller - INFO - Saved checkpoint at iteration 6 to openevolve_output/level3_35_LTSM/checkpoints/checkpoint_6
2025-08-08 02:28:15,688 - openevolve.RemoteSpeedupEvaluator - INFO - [level3_35_LTSM] triton key words check pass
2025-08-08 02:28:15,690 - openevolve.RemoteSpeedupEvaluator - INFO - [level3_35_LTSM] verify_plus payload: reference_code(2033 chars) + custom_code(2517 chars)
2025-08-08 02:28:19,244 - openevolve.RemoteSpeedupEvaluator - INFO - [level3_35_LTSM] verify_plus request success
2025-08-08 02:28:19,244 - openevolve.RemoteSpeedupEvaluator - INFO - [level3_35_LTSM] verify_plus response: {"id":"level3_35_LTSM","result":{"compiled":true,"correctness":false,"metadata":{"hardware":"NVIDIA L20Y","device":"cuda:4","max_difference":["3.000115","2.999539","2.998030","2.999840","2.999262"],"avg_difference":["0.919644","0.919744","0.919635","0.919880","0.919888"],"correctness_issue":"Output mismatch","correctness_trials":"(0 / 5)","reference_timing_ms":26.0,"speed_up":-1.0,"custom_timing":-1.0},"runtime":-1.0,"runtime_stats":{}}}
2025-08-08 02:28:19,245 - openevolve.RemoteSpeedupEvaluator - INFO - [level3_35_LTSM] âœ˜ wrong_answer
2025-08-08 02:28:19,245 - openevolve.evaluator - INFO - Evaluated program 572e95ea-032f-406c-b3a8-6e4d5c780516 in 3.56s: compiled=1.0000, correctness=0.0000, score=10.0000, stage=wrong_answer, verify_payload={'id': 'level3_35_LTSM', 'result': {'compiled': True, 'correctness': False, 'metadata': {'hardware': 'NVIDIA L20Y', 'device': 'cuda:4', 'max_difference': ['3.000115', '2.999539', '2.998030', '2.999840', '2.999262'], 'avg_difference': ['0.919644', '0.919744', '0.919635', '0.919880', '0.919888'], 'correctness_issue': 'Output mismatch', 'correctness_trials': '(0 / 5)', 'reference_timing_ms': 26.0, 'speed_up': -1.0, 'custom_timing': -1.0}, 'runtime': -1.0, 'runtime_stats': {}}}
2025-08-08 02:28:19,248 - openevolve.database - INFO - New MAP-Elites cell occupied: {'score': 9, 'complexity': 0}
2025-08-08 02:28:19,249 - openevolve.llm.ensemble - INFO - Sampled model: deepseek
2025-08-08 02:28:19,256 - openevolve.threaded_parallel - INFO - Iteration 3: Program 572e95ea-032f-406c-b3a8-6e4d5c780516 (parent: 9a665631-edce-4f2a-b2ca-7ab9f7aa6dc0) completed in 942.03s
2025-08-08 02:28:19,257 - openevolve.threaded_parallel - INFO - Metrics: compiled=1.0000, correctness=0.0000, score=10.0000, stage=wrong_answer, verify_payload={'id': 'level3_35_LTSM', 'result': {'compiled': True, 'correctness': False, 'metadata': {'hardware': 'NVIDIA L20Y', 'device': 'cuda:4', 'max_difference': ['3.000115', '2.999539', '2.998030', '2.999840', '2.999262'], 'avg_difference': ['0.919644', '0.919744', '0.919635', '0.919880', '0.919888'], 'correctness_issue': 'Output mismatch', 'correctness_trials': '(0 / 5)', 'reference_timing_ms': 26.0, 'speed_up': -1.0, 'custom_timing': -1.0}, 'runtime': -1.0, 'runtime_stats': {}}}
2025-08-08 02:28:19,257 - openevolve.threaded_parallel - INFO - Checkpoint interval reached at iteration 3
2025-08-08 02:28:19,258 - openevolve.database - INFO - Island Status:
2025-08-08 02:28:19,258 - openevolve.database - INFO -    Island 0: 4 programs, best=10.0000, avg=-47.5000, diversity=1203.78, gen=2 (best: fe7c325b-b9aa-437d-95bb-f9c654761d62)
2025-08-08 02:28:19,258 - openevolve.database - INFO -    Island 1: 4 programs, best=10.0000, avg=10.0000, diversity=401.88, gen=3 (best: 13a383ef-cf1d-4cf5-817d-486b83e6a9c5)
2025-08-08 02:28:19,258 - openevolve.database - INFO -  * Island 2: 1 programs, best=10.0000, avg=10.0000, diversity=0.00, gen=2 (best: 456ae72d-bef6-4f7a-b6fc-d81d805ad9af)
2025-08-08 02:28:19,420 - openevolve.database - INFO - Saved database with 8 programs to openevolve_output/level3_35_LTSM/checkpoints/checkpoint_3
2025-08-08 02:28:19,436 - openevolve.controller - INFO - Saved best program at checkpoint 3 with metrics: compiled=1.0000, correctness=0.0000, score=10.0000, stage=wrong_answer, verify_payload={'id': 'level3_35_LTSM', 'result': {'compiled': True, 'correctness': False, 'metadata': {'hardware': 'NVIDIA L20Y', 'device': 'cuda:0', 'max_difference': ['1.768798', '1.766837', '1.768900', '1.768048', '1.768057'], 'avg_difference': ['0.686035', '0.686134', '0.685942', '0.686141', '0.686037'], 'correctness_issue': 'Output mismatch', 'correctness_trials': '(0 / 5)', 'reference_timing_ms': 26.0, 'speed_up': -1.0, 'custom_timing': -1.0}, 'runtime': -1.0, 'runtime_stats': {}}}
2025-08-08 02:28:19,436 - openevolve.controller - INFO - Saved checkpoint at iteration 3 to openevolve_output/level3_35_LTSM/checkpoints/checkpoint_3
2025-08-08 02:29:56,897 - openevolve.RemoteSpeedupEvaluator - INFO - [level3_35_LTSM] triton key words check pass
2025-08-08 02:29:56,898 - openevolve.RemoteSpeedupEvaluator - INFO - [level3_35_LTSM] verify_plus payload: reference_code(2033 chars) + custom_code(4211 chars)
2025-08-08 02:30:00,323 - openevolve.RemoteSpeedupEvaluator - INFO - [level3_35_LTSM] verify_plus request success
2025-08-08 02:30:00,324 - openevolve.RemoteSpeedupEvaluator - INFO - [level3_35_LTSM] verify_plus response: {"id":"level3_35_LTSM","result":{"compiled":true,"correctness":false,"metadata":{"hardware":"NVIDIA L20Y","device":"cuda:2","max_difference":["1.768798","1.766837","1.768900","1.768048","1.768057"],"avg_difference":["0.686035","0.686134","0.685942","0.686141","0.686037"],"correctness_issue":"Output mismatch","correctness_trials":"(0 / 5)","reference_timing_ms":26.0,"speed_up":-1.0,"custom_timing":-1.0},"runtime":-1.0,"runtime_stats":{}}}
2025-08-08 02:30:00,324 - openevolve.RemoteSpeedupEvaluator - INFO - [level3_35_LTSM] âœ˜ wrong_answer
2025-08-08 02:30:00,324 - openevolve.evaluator - INFO - Evaluated program 0f91d28c-9e3f-426d-a70c-397a818ff454 in 3.43s: compiled=1.0000, correctness=0.0000, score=10.0000, stage=wrong_answer, verify_payload={'id': 'level3_35_LTSM', 'result': {'compiled': True, 'correctness': False, 'metadata': {'hardware': 'NVIDIA L20Y', 'device': 'cuda:2', 'max_difference': ['1.768798', '1.766837', '1.768900', '1.768048', '1.768057'], 'avg_difference': ['0.686035', '0.686134', '0.685942', '0.686141', '0.686037'], 'correctness_issue': 'Output mismatch', 'correctness_trials': '(0 / 5)', 'reference_timing_ms': 26.0, 'speed_up': -1.0, 'custom_timing': -1.0}, 'runtime': -1.0, 'runtime_stats': {}}}
2025-08-08 02:30:00,327 - openevolve.llm.ensemble - INFO - Sampled model: deepseek
2025-08-08 02:30:00,334 - openevolve.database - INFO - New MAP-Elites cell occupied: {'score': 9, 'complexity': 3}
2025-08-08 02:30:00,387 - openevolve.threaded_parallel - INFO - Iteration 7: Program 0f91d28c-9e3f-426d-a70c-397a818ff454 (parent: 9a665631-edce-4f2a-b2ca-7ab9f7aa6dc0) completed in 476.55s
2025-08-08 02:30:00,388 - openevolve.threaded_parallel - INFO - Metrics: compiled=1.0000, correctness=0.0000, score=10.0000, stage=wrong_answer, verify_payload={'id': 'level3_35_LTSM', 'result': {'compiled': True, 'correctness': False, 'metadata': {'hardware': 'NVIDIA L20Y', 'device': 'cuda:2', 'max_difference': ['1.768798', '1.766837', '1.768900', '1.768048', '1.768057'], 'avg_difference': ['0.686035', '0.686134', '0.685942', '0.686141', '0.686037'], 'correctness_issue': 'Output mismatch', 'correctness_trials': '(0 / 5)', 'reference_timing_ms': 26.0, 'speed_up': -1.0, 'custom_timing': -1.0}, 'runtime': -1.0, 'runtime_stats': {}}}
2025-08-08 02:31:41,383 - openevolve.RemoteSpeedupEvaluator - INFO - [level3_35_LTSM] triton key words check pass
2025-08-08 02:31:41,385 - openevolve.RemoteSpeedupEvaluator - INFO - [level3_35_LTSM] verify_plus payload: reference_code(2033 chars) + custom_code(3492 chars)
2025-08-08 02:31:44,713 - openevolve.RemoteSpeedupEvaluator - INFO - [level3_35_LTSM] verify_plus request success
2025-08-08 02:31:44,714 - openevolve.RemoteSpeedupEvaluator - INFO - [level3_35_LTSM] verify_plus response: {"id":"level3_35_LTSM","result":{"compiled":true,"correctness":false,"metadata":{"hardware":"NVIDIA L20Y","device":"cuda:6","max_difference":["2.408628","2.408797","2.408475","2.407596","2.407790"],"avg_difference":["1.141597","1.141429","1.140853","1.141483","1.141633"],"correctness_issue":"Output mismatch","correctness_trials":"(0 / 5)","reference_timing_ms":26.0,"speed_up":-1.0,"custom_timing":-1.0},"runtime":-1.0,"runtime_stats":{}}}
2025-08-08 02:31:44,714 - openevolve.RemoteSpeedupEvaluator - INFO - [level3_35_LTSM] âœ˜ wrong_answer
2025-08-08 02:31:44,714 - openevolve.evaluator - INFO - Evaluated program 714d69a8-036a-4413-9f37-e27aa7adbfd4 in 3.33s: compiled=1.0000, correctness=0.0000, score=10.0000, stage=wrong_answer, verify_payload={'id': 'level3_35_LTSM', 'result': {'compiled': True, 'correctness': False, 'metadata': {'hardware': 'NVIDIA L20Y', 'device': 'cuda:6', 'max_difference': ['2.408628', '2.408797', '2.408475', '2.407596', '2.407790'], 'avg_difference': ['1.141597', '1.141429', '1.140853', '1.141483', '1.141633'], 'correctness_issue': 'Output mismatch', 'correctness_trials': '(0 / 5)', 'reference_timing_ms': 26.0, 'speed_up': -1.0, 'custom_timing': -1.0}, 'runtime': -1.0, 'runtime_stats': {}}}
2025-08-08 02:31:44,718 - openevolve.llm.ensemble - INFO - Sampled model: deepseek
2025-08-08 02:31:44,725 - openevolve.database - INFO - New MAP-Elites cell occupied: {'score': 9, 'complexity': 2}
2025-08-08 02:31:44,737 - openevolve.threaded_parallel - INFO - Iteration 8: Program 714d69a8-036a-4413-9f37-e27aa7adbfd4 (parent: 1bf7964b-a0d7-4063-b352-1fff39a8d993) completed in 318.81s
2025-08-08 02:31:44,737 - openevolve.threaded_parallel - INFO - Metrics: compiled=1.0000, correctness=0.0000, score=10.0000, stage=wrong_answer, verify_payload={'id': 'level3_35_LTSM', 'result': {'compiled': True, 'correctness': False, 'metadata': {'hardware': 'NVIDIA L20Y', 'device': 'cuda:6', 'max_difference': ['2.408628', '2.408797', '2.408475', '2.407596', '2.407790'], 'avg_difference': ['1.141597', '1.141429', '1.140853', '1.141483', '1.141633'], 'correctness_issue': 'Output mismatch', 'correctness_trials': '(0 / 5)', 'reference_timing_ms': 26.0, 'speed_up': -1.0, 'custom_timing': -1.0}, 'runtime': -1.0, 'runtime_stats': {}}}
2025-08-08 02:35:26,392 - openevolve.RemoteSpeedupEvaluator - INFO - [level3_35_LTSM] triton key words check pass
2025-08-08 02:35:26,394 - openevolve.RemoteSpeedupEvaluator - INFO - [level3_35_LTSM] verify_plus payload: reference_code(2033 chars) + custom_code(4537 chars)
2025-08-08 02:35:29,663 - openevolve.RemoteSpeedupEvaluator - INFO - [level3_35_LTSM] verify_plus request success
2025-08-08 02:35:29,663 - openevolve.RemoteSpeedupEvaluator - INFO - [level3_35_LTSM] verify_plus response: {"id":"level3_35_LTSM","result":{"compiled":true,"correctness":false,"metadata":{"hardware":"NVIDIA L20Y","device":"cuda:4","max_difference":["0.040609","0.040191","0.040369","0.040136","0.040272"],"avg_difference":["0.027991","0.027936","0.027996","0.028014","0.027924"],"correctness_issue":"Output mismatch","correctness_trials":"(0 / 5)","reference_timing_ms":26.0,"speed_up":-1.0,"custom_timing":-1.0},"runtime":-1.0,"runtime_stats":{}}}
2025-08-08 02:35:29,664 - openevolve.RemoteSpeedupEvaluator - INFO - [level3_35_LTSM] âœ˜ wrong_answer
2025-08-08 02:35:29,664 - openevolve.evaluator - INFO - Evaluated program 0aed1c77-f4d6-4534-b553-6f9e77960ccc in 3.27s: compiled=1.0000, correctness=0.0000, score=10.0000, stage=wrong_answer, verify_payload={'id': 'level3_35_LTSM', 'result': {'compiled': True, 'correctness': False, 'metadata': {'hardware': 'NVIDIA L20Y', 'device': 'cuda:4', 'max_difference': ['0.040609', '0.040191', '0.040369', '0.040136', '0.040272'], 'avg_difference': ['0.027991', '0.027936', '0.027996', '0.028014', '0.027924'], 'correctness_issue': 'Output mismatch', 'correctness_trials': '(0 / 5)', 'reference_timing_ms': 26.0, 'speed_up': -1.0, 'custom_timing': -1.0}, 'runtime': -1.0, 'runtime_stats': {}}}
2025-08-08 02:35:29,668 - openevolve.llm.ensemble - INFO - Sampled model: deepseek
2025-08-08 02:35:29,686 - openevolve.threaded_parallel - INFO - Iteration 11: Program 0aed1c77-f4d6-4534-b553-6f9e77960ccc (parent: 9a665631-edce-4f2a-b2ca-7ab9f7aa6dc0) completed in 224.95s
2025-08-08 02:35:29,686 - openevolve.threaded_parallel - INFO - Metrics: compiled=1.0000, correctness=0.0000, score=10.0000, stage=wrong_answer, verify_payload={'id': 'level3_35_LTSM', 'result': {'compiled': True, 'correctness': False, 'metadata': {'hardware': 'NVIDIA L20Y', 'device': 'cuda:4', 'max_difference': ['0.040609', '0.040191', '0.040369', '0.040136', '0.040272'], 'avg_difference': ['0.027991', '0.027936', '0.027996', '0.028014', '0.027924'], 'correctness_issue': 'Output mismatch', 'correctness_trials': '(0 / 5)', 'reference_timing_ms': 26.0, 'speed_up': -1.0, 'custom_timing': -1.0}, 'runtime': -1.0, 'runtime_stats': {}}}
2025-08-08 02:37:48,123 - openevolve.RemoteSpeedupEvaluator - INFO - [level3_35_LTSM] triton key words check pass
2025-08-08 02:37:48,125 - openevolve.RemoteSpeedupEvaluator - INFO - [level3_35_LTSM] verify_plus payload: reference_code(2033 chars) + custom_code(4229 chars)
2025-08-08 02:37:51,201 - openevolve.RemoteSpeedupEvaluator - INFO - [level3_35_LTSM] verify_plus request success
2025-08-08 02:37:51,201 - openevolve.RemoteSpeedupEvaluator - INFO - [level3_35_LTSM] verify_plus response: {"id":"level3_35_LTSM","result":{"compiled":true,"correctness":false,"metadata":{"hardware":"NVIDIA L20Y","device":"cuda:3","runtime_error":"Traceback (most recent call last):\n  File \"/cpfs01/shared/llm_kernel/hujiakai/KernelLLM/validation_api_server/helpers/evaluations.py\", line 720, in run_and_check_correctness\n    output_new = model_new(*inputs)\n  File \"/home/lijiaxing/.conda/envs/api/lib/python3.10/site-packages/torch/nn/modules/module.py\", line 1773, in _wrapped_call_impl\n    return self._call_impl(*args, **kwargs)\n  File \"/home/lijiaxing/.conda/envs/api/lib/python3.10/site-packages/torch/nn/modules/module.py\", line 1784, in _call_impl\n    return forward_call(*args, **kwargs)\n  File \"/tmp/tmpqve2zxre.py\", line 122, in forward\n    return self.fc(out[:, -1, :])\n  File \
2025-08-08 02:37:51,202 - openevolve.RemoteSpeedupEvaluator - INFO - [level3_35_LTSM] âœ˜ wrong_answer
2025-08-08 02:37:51,202 - openevolve.evaluator - INFO - Evaluated program 1fb811ba-dfe7-4f36-badc-613c0cf2a545 in 3.08s: compiled=1.0000, correctness=0.0000, score=10.0000, stage=wrong_answer, verify_payload={'id': 'level3_35_LTSM', 'result': {'compiled': True, 'correctness': False, 'metadata': {'hardware': 'NVIDIA L20Y', 'device': 'cuda:3', 'runtime_error': 'Traceback (most recent call last):\n  File "/cpfs01/shared/llm_kernel/hujiakai/KernelLLM/validation_api_server/helpers/evaluations.py", line 720, in run_and_check_correctness\n    output_new = model_new(*inputs)\n  File "/home/lijiaxing/.conda/envs/api/lib/python3.10/site-packages/torch/nn/modules/module.py", line 1773, in _wrapped_call_impl\n    return self._call_impl(*args, **kwargs)\n  File "/home/lijiaxing/.conda/envs/api/lib/python3.10/site-packages/torch/nn/modules/module.py", line 1784, in _call_impl\n    return forward_call(*args, **kwargs)\n  File "/tmp/tmpqve2zxre.py", line 122, in forward\n    return self.fc(out[:, -1, :])\n  File "/home/lijiaxing/.conda/envs/api/lib/python3.10/site-packages/torch/nn/modules/module.py", line 1773, in _wrapped_call_impl\n    return self._call_impl(*args, **kwargs)\n  File "/home/lijiaxing/.conda/envs/api/lib/python3.10/site-packages/torch/nn/modules/module.py", line 1784, in _call_impl\n    return forward_call(*args, **kwargs)\n  File "/tmp/tmpqve2zxre.py", line 87, in forward\n    linear_kernel[grid](\n  File "/home/lijiaxing/.conda/envs/api/lib/python3.10/site-packages/triton/runtime/jit.py", line 390, in <lambda>\n    return lambda *args, **kwargs: self.run(grid=grid, warmup=False, *args, **kwargs)\n  File "/home/lijiaxing/.conda/envs/api/lib/python3.10/site-packages/triton/runtime/jit.py", line 594, in run\n    kernel = self.compile(src, target=target, options=options.__dict__)\n  File "/home/lijiaxing/.conda/envs/api/lib/python3.10/site-packages/triton/compiler/compiler.py", line 339, in compile\n    module = src.make_ir(options, codegen_fns, module_map, context)\n  File "/home/lijiaxing/.conda/envs/api/lib/python3.10/site-packages/triton/compiler/compiler.py", line 83, in make_ir\n    return ast_to_ttir(self.fn, self, context=context, options=options, codegen_fns=codegen_fns,\ntriton.compiler.errors.CompilationError: at 48:48:\n\n        # Update accumulator\n        acc += tl.sum(x * w, axis=0)\n\n    # Add bias if present\n    if b_ptr is not None:\n        bias = tl.load(b_ptr + pid_o)\n        acc += bias\n\n    # Convert and store result\n    output_offset = pid_b * stride_outb + pid_o * stride_outf\n    tl.store(output_ptr + output_offset, acc.to(x.dtype))\n                                                ^\nNameError(\'x is not defined\')\n\n\nThe above exception was the direct cause of the following exception:\n\nNameError: x is not defined\n', 'runtime_error_name': 'triton.compiler.errors.CompilationError', 'reference_timing_ms': 26.0, 'speed_up': -1.0, 'custom_timing': -1.0}, 'runtime': -1.0, 'runtime_stats': {}}}
2025-08-08 02:37:51,205 - openevolve.llm.ensemble - INFO - Sampled model: deepseek
2025-08-08 02:37:51,221 - openevolve.threaded_parallel - INFO - Iteration 9: Program 1fb811ba-dfe7-4f36-badc-613c0cf2a545 (parent: fe7c325b-b9aa-437d-95bb-f9c654761d62) completed in 571.95s
2025-08-08 02:37:51,222 - openevolve.threaded_parallel - INFO - Metrics: compiled=1.0000, correctness=0.0000, score=10.0000, stage=wrong_answer, verify_payload={'id': 'level3_35_LTSM', 'result': {'compiled': True, 'correctness': False, 'metadata': {'hardware': 'NVIDIA L20Y', 'device': 'cuda:3', 'runtime_error': 'Traceback (most recent call last):\n  File "/cpfs01/shared/llm_kernel/hujiakai/KernelLLM/validation_api_server/helpers/evaluations.py", line 720, in run_and_check_correctness\n    output_new = model_new(*inputs)\n  File "/home/lijiaxing/.conda/envs/api/lib/python3.10/site-packages/torch/nn/modules/module.py", line 1773, in _wrapped_call_impl\n    return self._call_impl(*args, **kwargs)\n  File "/home/lijiaxing/.conda/envs/api/lib/python3.10/site-packages/torch/nn/modules/module.py", line 1784, in _call_impl\n    return forward_call(*args, **kwargs)\n  File "/tmp/tmpqve2zxre.py", line 122, in forward\n    return self.fc(out[:, -1, :])\n  File "/home/lijiaxing/.conda/envs/api/lib/python3.10/site-packages/torch/nn/modules/module.py", line 1773, in _wrapped_call_impl\n    return self._call_impl(*args, **kwargs)\n  File "/home/lijiaxing/.conda/envs/api/lib/python3.10/site-packages/torch/nn/modules/module.py", line 1784, in _call_impl\n    return forward_call(*args, **kwargs)\n  File "/tmp/tmpqve2zxre.py", line 87, in forward\n    linear_kernel[grid](\n  File "/home/lijiaxing/.conda/envs/api/lib/python3.10/site-packages/triton/runtime/jit.py", line 390, in <lambda>\n    return lambda *args, **kwargs: self.run(grid=grid, warmup=False, *args, **kwargs)\n  File "/home/lijiaxing/.conda/envs/api/lib/python3.10/site-packages/triton/runtime/jit.py", line 594, in run\n    kernel = self.compile(src, target=target, options=options.__dict__)\n  File "/home/lijiaxing/.conda/envs/api/lib/python3.10/site-packages/triton/compiler/compiler.py", line 339, in compile\n    module = src.make_ir(options, codegen_fns, module_map, context)\n  File "/home/lijiaxing/.conda/envs/api/lib/python3.10/site-packages/triton/compiler/compiler.py", line 83, in make_ir\n    return ast_to_ttir(self.fn, self, context=context, options=options, codegen_fns=codegen_fns,\ntriton.compiler.errors.CompilationError: at 48:48:\n\n        # Update accumulator\n        acc += tl.sum(x * w, axis=0)\n\n    # Add bias if present\n    if b_ptr is not None:\n        bias = tl.load(b_ptr + pid_o)\n        acc += bias\n\n    # Convert and store result\n    output_offset = pid_b * stride_outb + pid_o * stride_outf\n    tl.store(output_ptr + output_offset, acc.to(x.dtype))\n                                                ^\nNameError(\'x is not defined\')\n\n\nThe above exception was the direct cause of the following exception:\n\nNameError: x is not defined\n', 'runtime_error_name': 'triton.compiler.errors.CompilationError', 'reference_timing_ms': 26.0, 'speed_up': -1.0, 'custom_timing': -1.0}, 'runtime': -1.0, 'runtime_stats': {}}}
2025-08-08 02:37:51,222 - openevolve.threaded_parallel - INFO - Checkpoint interval reached at iteration 9
2025-08-08 02:37:51,223 - openevolve.database - INFO - Island Status:
2025-08-08 02:37:51,223 - openevolve.database - INFO -  * Island 0: 5 programs, best=10.0000, avg=-36.0000, diversity=976.68, gen=4 (best: fe7c325b-b9aa-437d-95bb-f9c654761d62)
2025-08-08 02:37:51,223 - openevolve.database - INFO -    Island 1: 5 programs, best=10.0000, avg=10.0000, diversity=378.87, gen=4 (best: 13a383ef-cf1d-4cf5-817d-486b83e6a9c5)
2025-08-08 02:37:51,223 - openevolve.database - INFO -    Island 2: 3 programs, best=10.0000, avg=10.0000, diversity=55.00, gen=3 (best: 456ae72d-bef6-4f7a-b6fc-d81d805ad9af)
2025-08-08 02:37:51,406 - openevolve.database - INFO - Saved database with 12 programs to openevolve_output/level3_35_LTSM/checkpoints/checkpoint_9
2025-08-08 02:37:51,423 - openevolve.controller - INFO - Saved best program at checkpoint 9 with metrics: compiled=1.0000, correctness=0.0000, score=10.0000, stage=wrong_answer, verify_payload={'id': 'level3_35_LTSM', 'result': {'compiled': True, 'correctness': False, 'metadata': {'hardware': 'NVIDIA L20Y', 'device': 'cuda:0', 'max_difference': ['1.768798', '1.766837', '1.768900', '1.768048', '1.768057'], 'avg_difference': ['0.686035', '0.686134', '0.685942', '0.686141', '0.686037'], 'correctness_issue': 'Output mismatch', 'correctness_trials': '(0 / 5)', 'reference_timing_ms': 26.0, 'speed_up': -1.0, 'custom_timing': -1.0}, 'runtime': -1.0, 'runtime_stats': {}}}
2025-08-08 02:37:51,423 - openevolve.controller - INFO - Saved checkpoint at iteration 9 to openevolve_output/level3_35_LTSM/checkpoints/checkpoint_9
2025-08-08 02:38:56,559 - openevolve.RemoteSpeedupEvaluator - INFO - [level3_35_LTSM] triton key words check pass
2025-08-08 02:38:56,561 - openevolve.RemoteSpeedupEvaluator - INFO - [level3_35_LTSM] verify_plus payload: reference_code(2033 chars) + custom_code(4247 chars)
2025-08-08 02:38:59,954 - openevolve.RemoteSpeedupEvaluator - INFO - [level3_35_LTSM] verify_plus request success
2025-08-08 02:38:59,954 - openevolve.RemoteSpeedupEvaluator - INFO - [level3_35_LTSM] verify_plus response: {"id":"level3_35_LTSM","result":{"compiled":true,"correctness":false,"metadata":{"hardware":"NVIDIA L20Y","device":"cuda:6","max_difference":["1.768798","1.766837","1.768900","1.768048","1.768057"],"avg_difference":["0.686035","0.686134","0.685942","0.686141","0.686037"],"correctness_issue":"Output mismatch","correctness_trials":"(0 / 5)","reference_timing_ms":26.0,"speed_up":-1.0,"custom_timing":-1.0},"runtime":-1.0,"runtime_stats":{}}}
2025-08-08 02:38:59,954 - openevolve.RemoteSpeedupEvaluator - INFO - [level3_35_LTSM] âœ˜ wrong_answer
2025-08-08 02:38:59,955 - openevolve.evaluator - INFO - Evaluated program 909d7a5b-e9a7-4888-aab7-4edb318cfa6e in 3.40s: compiled=1.0000, correctness=0.0000, score=10.0000, stage=wrong_answer, verify_payload={'id': 'level3_35_LTSM', 'result': {'compiled': True, 'correctness': False, 'metadata': {'hardware': 'NVIDIA L20Y', 'device': 'cuda:6', 'max_difference': ['1.768798', '1.766837', '1.768900', '1.768048', '1.768057'], 'avg_difference': ['0.686035', '0.686134', '0.685942', '0.686141', '0.686037'], 'correctness_issue': 'Output mismatch', 'correctness_trials': '(0 / 5)', 'reference_timing_ms': 26.0, 'speed_up': -1.0, 'custom_timing': -1.0}, 'runtime': -1.0, 'runtime_stats': {}}}
2025-08-08 02:38:59,959 - openevolve.llm.ensemble - INFO - Sampled model: deepseek
2025-08-08 02:38:59,969 - openevolve.threaded_parallel - INFO - Iteration 10: Program 909d7a5b-e9a7-4888-aab7-4edb318cfa6e (parent: 456ae72d-bef6-4f7a-b6fc-d81d805ad9af) completed in 539.63s
2025-08-08 02:38:59,969 - openevolve.threaded_parallel - INFO - Metrics: compiled=1.0000, correctness=0.0000, score=10.0000, stage=wrong_answer, verify_payload={'id': 'level3_35_LTSM', 'result': {'compiled': True, 'correctness': False, 'metadata': {'hardware': 'NVIDIA L20Y', 'device': 'cuda:6', 'max_difference': ['1.768798', '1.766837', '1.768900', '1.768048', '1.768057'], 'avg_difference': ['0.686035', '0.686134', '0.685942', '0.686141', '0.686037'], 'correctness_issue': 'Output mismatch', 'correctness_trials': '(0 / 5)', 'reference_timing_ms': 26.0, 'speed_up': -1.0, 'custom_timing': -1.0}, 'runtime': -1.0, 'runtime_stats': {}}}
2025-08-08 02:41:20,445 - openevolve.RemoteSpeedupEvaluator - INFO - [level3_35_LTSM] triton key words check pass
2025-08-08 02:41:20,447 - openevolve.RemoteSpeedupEvaluator - INFO - [level3_35_LTSM] verify_plus payload: reference_code(2033 chars) + custom_code(3441 chars)
2025-08-08 02:41:24,194 - openevolve.RemoteSpeedupEvaluator - INFO - [level3_35_LTSM] verify_plus request success
2025-08-08 02:41:24,195 - openevolve.RemoteSpeedupEvaluator - INFO - [level3_35_LTSM] verify_plus response: {"id":"level3_35_LTSM","result":{"compiled":true,"correctness":false,"metadata":{"hardware":"NVIDIA L20Y","device":"cuda:4","max_difference":["2.408628","2.408797","2.408475","2.407596","2.407790"],"avg_difference":["1.141597","1.141429","1.140853","1.141483","1.141633"],"correctness_issue":"Output mismatch","correctness_trials":"(0 / 5)","reference_timing_ms":26.0,"speed_up":-1.0,"custom_timing":-1.0},"runtime":-1.0,"runtime_stats":{}}}
2025-08-08 02:41:24,195 - openevolve.RemoteSpeedupEvaluator - INFO - [level3_35_LTSM] âœ˜ wrong_answer
2025-08-08 02:41:24,195 - openevolve.evaluator - INFO - Evaluated program ad83981e-76fe-4d1b-833e-6e795c881e2d in 3.75s: compiled=1.0000, correctness=0.0000, score=10.0000, stage=wrong_answer, verify_payload={'id': 'level3_35_LTSM', 'result': {'compiled': True, 'correctness': False, 'metadata': {'hardware': 'NVIDIA L20Y', 'device': 'cuda:4', 'max_difference': ['2.408628', '2.408797', '2.408475', '2.407596', '2.407790'], 'avg_difference': ['1.141597', '1.141429', '1.140853', '1.141483', '1.141633'], 'correctness_issue': 'Output mismatch', 'correctness_trials': '(0 / 5)', 'reference_timing_ms': 26.0, 'speed_up': -1.0, 'custom_timing': -1.0}, 'runtime': -1.0, 'runtime_stats': {}}}
2025-08-08 02:41:24,198 - openevolve.database - INFO - New MAP-Elites cell occupied: {'score': 9, 'complexity': 1}
2025-08-08 02:41:24,200 - openevolve.llm.ensemble - INFO - Sampled model: deepseek
2025-08-08 02:41:24,211 - openevolve.threaded_parallel - INFO - Iteration 14: Program ad83981e-76fe-4d1b-833e-6e795c881e2d (parent: c2a0661b-5508-46f0-904d-9e7dc80fcdca) completed in 144.24s
2025-08-08 02:41:24,212 - openevolve.threaded_parallel - INFO - Metrics: compiled=1.0000, correctness=0.0000, score=10.0000, stage=wrong_answer, verify_payload={'id': 'level3_35_LTSM', 'result': {'compiled': True, 'correctness': False, 'metadata': {'hardware': 'NVIDIA L20Y', 'device': 'cuda:4', 'max_difference': ['2.408628', '2.408797', '2.408475', '2.407596', '2.407790'], 'avg_difference': ['1.141597', '1.141429', '1.140853', '1.141483', '1.141633'], 'correctness_issue': 'Output mismatch', 'correctness_trials': '(0 / 5)', 'reference_timing_ms': 26.0, 'speed_up': -1.0, 'custom_timing': -1.0}, 'runtime': -1.0, 'runtime_stats': {}}}
2025-08-08 02:43:11,078 - openevolve.RemoteSpeedupEvaluator - INFO - [level3_35_LTSM] âœ˜ invalid_answer 'import triton' is not found
2025-08-08 02:43:11,080 - openevolve.evaluator - INFO - Evaluated program 2e681439-805c-4976-a330-86c628776f90 in 0.00s: compiled=0.0000, correctness=0.0000, score=-100.0000, stage=no_valid_triton_code, feedback=You need to generate real and valid triton code for the core function. The key word 'import triton' is not found.
2025-08-08 02:43:11,083 - openevolve.llm.ensemble - INFO - Sampled model: deepseek
2025-08-08 02:43:11,090 - openevolve.threaded_parallel - INFO - Iteration 12: Program 2e681439-805c-4976-a330-86c628776f90 (parent: 243a5b83-e133-4bc8-b08a-f099c2a72dc2) completed in 461.41s
2025-08-08 02:43:11,090 - openevolve.threaded_parallel - INFO - Metrics: compiled=0.0000, correctness=0.0000, score=-100.0000, stage=no_valid_triton_code, feedback=You need to generate real and valid triton code for the core function. The key word 'import triton' is not found.
2025-08-08 02:43:11,090 - openevolve.threaded_parallel - INFO - Checkpoint interval reached at iteration 12
2025-08-08 02:43:11,092 - openevolve.database - INFO - Island Status:
2025-08-08 02:43:11,092 - openevolve.database - INFO -  * Island 0: 6 programs, best=10.0000, avg=-28.3333, diversity=800.30, gen=5 (best: fe7c325b-b9aa-437d-95bb-f9c654761d62)
2025-08-08 02:43:11,092 - openevolve.database - INFO -    Island 1: 6 programs, best=10.0000, avg=10.0000, diversity=436.60, gen=5 (best: 13a383ef-cf1d-4cf5-817d-486b83e6a9c5)
2025-08-08 02:43:11,092 - openevolve.database - INFO -    Island 2: 4 programs, best=10.0000, avg=-17.5000, diversity=667.58, gen=4 (best: 456ae72d-bef6-4f7a-b6fc-d81d805ad9af)
2025-08-08 02:43:11,317 - openevolve.database - INFO - Saved database with 15 programs to openevolve_output/level3_35_LTSM/checkpoints/checkpoint_12
2025-08-08 02:43:11,333 - openevolve.controller - INFO - Saved best program at checkpoint 12 with metrics: compiled=1.0000, correctness=0.0000, score=10.0000, stage=wrong_answer, verify_payload={'id': 'level3_35_LTSM', 'result': {'compiled': True, 'correctness': False, 'metadata': {'hardware': 'NVIDIA L20Y', 'device': 'cuda:0', 'max_difference': ['1.768798', '1.766837', '1.768900', '1.768048', '1.768057'], 'avg_difference': ['0.686035', '0.686134', '0.685942', '0.686141', '0.686037'], 'correctness_issue': 'Output mismatch', 'correctness_trials': '(0 / 5)', 'reference_timing_ms': 26.0, 'speed_up': -1.0, 'custom_timing': -1.0}, 'runtime': -1.0, 'runtime_stats': {}}}
2025-08-08 02:43:11,333 - openevolve.controller - INFO - Saved checkpoint at iteration 12 to openevolve_output/level3_35_LTSM/checkpoints/checkpoint_12
2025-08-08 02:48:17,887 - openevolve.RemoteSpeedupEvaluator - INFO - [level3_35_LTSM] âœ˜ invalid_answer 'import triton' is not found
2025-08-08 02:48:17,889 - openevolve.evaluator - INFO - Evaluated program 084b8fdd-4244-4b61-a21b-95a6ec9dc283 in 0.00s: compiled=0.0000, correctness=0.0000, score=-100.0000, stage=no_valid_triton_code, feedback=You need to generate real and valid triton code for the core function. The key word 'import triton' is not found.
2025-08-08 02:48:17,894 - openevolve.llm.ensemble - INFO - Sampled model: deepseek
2025-08-08 02:48:17,900 - openevolve.threaded_parallel - INFO - Iteration 15: Program 084b8fdd-4244-4b61-a21b-95a6ec9dc283 (parent: 572e95ea-032f-406c-b3a8-6e4d5c780516) completed in 413.69s
2025-08-08 02:48:17,900 - openevolve.threaded_parallel - INFO - Metrics: compiled=0.0000, correctness=0.0000, score=-100.0000, stage=no_valid_triton_code, feedback=You need to generate real and valid triton code for the core function. The key word 'import triton' is not found.
2025-08-08 02:48:17,900 - openevolve.threaded_parallel - INFO - Checkpoint interval reached at iteration 15
2025-08-08 02:48:17,901 - openevolve.database - INFO - Island Status:
2025-08-08 02:48:17,901 - openevolve.database - INFO -    Island 0: 7 programs, best=10.0000, avg=-38.5714, diversity=1083.43, gen=5 (best: fe7c325b-b9aa-437d-95bb-f9c654761d62)
2025-08-08 02:48:17,901 - openevolve.database - INFO -  * Island 1: 6 programs, best=10.0000, avg=10.0000, diversity=436.60, gen=6 (best: 13a383ef-cf1d-4cf5-817d-486b83e6a9c5)
2025-08-08 02:48:17,901 - openevolve.database - INFO -    Island 2: 4 programs, best=10.0000, avg=-17.5000, diversity=667.58, gen=4 (best: 456ae72d-bef6-4f7a-b6fc-d81d805ad9af)
2025-08-08 02:48:18,074 - openevolve.database - INFO - Saved database with 16 programs to openevolve_output/level3_35_LTSM/checkpoints/checkpoint_15
2025-08-08 02:48:18,090 - openevolve.controller - INFO - Saved best program at checkpoint 15 with metrics: compiled=1.0000, correctness=0.0000, score=10.0000, stage=wrong_answer, verify_payload={'id': 'level3_35_LTSM', 'result': {'compiled': True, 'correctness': False, 'metadata': {'hardware': 'NVIDIA L20Y', 'device': 'cuda:0', 'max_difference': ['1.768798', '1.766837', '1.768900', '1.768048', '1.768057'], 'avg_difference': ['0.686035', '0.686134', '0.685942', '0.686141', '0.686037'], 'correctness_issue': 'Output mismatch', 'correctness_trials': '(0 / 5)', 'reference_timing_ms': 26.0, 'speed_up': -1.0, 'custom_timing': -1.0}, 'runtime': -1.0, 'runtime_stats': {}}}
2025-08-08 02:48:18,090 - openevolve.controller - INFO - Saved checkpoint at iteration 15 to openevolve_output/level3_35_LTSM/checkpoints/checkpoint_15
2025-08-08 02:48:25,716 - openevolve.RemoteSpeedupEvaluator - INFO - [level3_35_LTSM] triton key words check pass
2025-08-08 02:48:25,717 - openevolve.RemoteSpeedupEvaluator - INFO - [level3_35_LTSM] verify_plus payload: reference_code(2033 chars) + custom_code(4248 chars)
2025-08-08 02:48:29,167 - openevolve.RemoteSpeedupEvaluator - INFO - [level3_35_LTSM] verify_plus request success
2025-08-08 02:48:29,167 - openevolve.RemoteSpeedupEvaluator - INFO - [level3_35_LTSM] verify_plus response: {"id":"level3_35_LTSM","result":{"compiled":true,"correctness":false,"metadata":{"hardware":"NVIDIA L20Y","device":"cuda:7","max_difference":["1.768798","1.766837","1.768900","1.768048","1.768057"],"avg_difference":["0.686035","0.686134","0.685942","0.686141","0.686037"],"correctness_issue":"Output mismatch","correctness_trials":"(0 / 5)","reference_timing_ms":26.0,"speed_up":-1.0,"custom_timing":-1.0},"runtime":-1.0,"runtime_stats":{}}}
2025-08-08 02:48:29,167 - openevolve.RemoteSpeedupEvaluator - INFO - [level3_35_LTSM] âœ˜ wrong_answer
2025-08-08 02:48:29,167 - openevolve.evaluator - INFO - Evaluated program 861f56be-dae6-4c4d-b851-ff8bf2036f40 in 3.45s: compiled=1.0000, correctness=0.0000, score=10.0000, stage=wrong_answer, verify_payload={'id': 'level3_35_LTSM', 'result': {'compiled': True, 'correctness': False, 'metadata': {'hardware': 'NVIDIA L20Y', 'device': 'cuda:7', 'max_difference': ['1.768798', '1.766837', '1.768900', '1.768048', '1.768057'], 'avg_difference': ['0.686035', '0.686134', '0.685942', '0.686141', '0.686037'], 'correctness_issue': 'Output mismatch', 'correctness_trials': '(0 / 5)', 'reference_timing_ms': 26.0, 'speed_up': -1.0, 'custom_timing': -1.0}, 'runtime': -1.0, 'runtime_stats': {}}}
2025-08-08 02:48:29,171 - openevolve.database - INFO - New MAP-Elites cell occupied: {'score': 9, 'complexity': 4}
2025-08-08 02:48:29,171 - openevolve.database - INFO - MAP-Elites coverage reached 10.0% (10/100 cells)
2025-08-08 02:48:29,172 - openevolve.llm.ensemble - INFO - Sampled model: deepseek
2025-08-08 02:48:29,184 - openevolve.threaded_parallel - INFO - Iteration 13: Program 861f56be-dae6-4c4d-b851-ff8bf2036f40 (parent: 456ae72d-bef6-4f7a-b6fc-d81d805ad9af) completed in 637.96s
2025-08-08 02:48:29,185 - openevolve.threaded_parallel - INFO - Metrics: compiled=1.0000, correctness=0.0000, score=10.0000, stage=wrong_answer, verify_payload={'id': 'level3_35_LTSM', 'result': {'compiled': True, 'correctness': False, 'metadata': {'hardware': 'NVIDIA L20Y', 'device': 'cuda:7', 'max_difference': ['1.768798', '1.766837', '1.768900', '1.768048', '1.768057'], 'avg_difference': ['0.686035', '0.686134', '0.685942', '0.686141', '0.686037'], 'correctness_issue': 'Output mismatch', 'correctness_trials': '(0 / 5)', 'reference_timing_ms': 26.0, 'speed_up': -1.0, 'custom_timing': -1.0}, 'runtime': -1.0, 'runtime_stats': {}}}
2025-08-08 02:52:15,285 - openevolve.RemoteSpeedupEvaluator - INFO - [level3_35_LTSM] triton key words check pass
2025-08-08 02:52:15,287 - openevolve.RemoteSpeedupEvaluator - INFO - [level3_35_LTSM] verify_plus payload: reference_code(2033 chars) + custom_code(4829 chars)
2025-08-08 02:52:18,756 - openevolve.RemoteSpeedupEvaluator - INFO - [level3_35_LTSM] verify_plus request success
2025-08-08 02:52:18,757 - openevolve.RemoteSpeedupEvaluator - INFO - [level3_35_LTSM] verify_plus response: {"id":"level3_35_LTSM","result":{"compiled":true,"correctness":false,"metadata":{"hardware":"NVIDIA L20Y","device":"cuda:4","max_difference":["0.040222","0.040222","0.040388","0.040374","0.040197"],"avg_difference":["0.028012","0.027988","0.027967","0.027967","0.027919"],"correctness_issue":"Output mismatch","correctness_trials":"(0 / 5)","reference_timing_ms":26.0,"speed_up":-1.0,"custom_timing":-1.0},"runtime":-1.0,"runtime_stats":{}}}
2025-08-08 02:52:18,757 - openevolve.RemoteSpeedupEvaluator - INFO - [level3_35_LTSM] âœ˜ wrong_answer
2025-08-08 02:52:18,757 - openevolve.evaluator - INFO - Evaluated program 403acc05-e442-4ca5-8525-ae8820a07dd4 in 3.47s: compiled=1.0000, correctness=0.0000, score=10.0000, stage=wrong_answer, verify_payload={'id': 'level3_35_LTSM', 'result': {'compiled': True, 'correctness': False, 'metadata': {'hardware': 'NVIDIA L20Y', 'device': 'cuda:4', 'max_difference': ['0.040222', '0.040222', '0.040388', '0.040374', '0.040197'], 'avg_difference': ['0.028012', '0.027988', '0.027967', '0.027967', '0.027919'], 'correctness_issue': 'Output mismatch', 'correctness_trials': '(0 / 5)', 'reference_timing_ms': 26.0, 'speed_up': -1.0, 'custom_timing': -1.0}, 'runtime': -1.0, 'runtime_stats': {}}}
2025-08-08 02:52:18,761 - openevolve.database - INFO - New MAP-Elites cell occupied: {'score': 9, 'complexity': 5}
2025-08-08 02:52:18,762 - openevolve.llm.ensemble - INFO - Sampled model: deepseek
2025-08-08 02:52:18,774 - openevolve.threaded_parallel - INFO - Iteration 17: Program 403acc05-e442-4ca5-8525-ae8820a07dd4 (parent: 714d69a8-036a-4413-9f37-e27aa7adbfd4) completed in 240.86s
2025-08-08 02:52:18,774 - openevolve.threaded_parallel - INFO - Metrics: compiled=1.0000, correctness=0.0000, score=10.0000, stage=wrong_answer, verify_payload={'id': 'level3_35_LTSM', 'result': {'compiled': True, 'correctness': False, 'metadata': {'hardware': 'NVIDIA L20Y', 'device': 'cuda:4', 'max_difference': ['0.040222', '0.040222', '0.040388', '0.040374', '0.040197'], 'avg_difference': ['0.028012', '0.027988', '0.027967', '0.027967', '0.027919'], 'correctness_issue': 'Output mismatch', 'correctness_trials': '(0 / 5)', 'reference_timing_ms': 26.0, 'speed_up': -1.0, 'custom_timing': -1.0}, 'runtime': -1.0, 'runtime_stats': {}}}
2025-08-08 02:54:01,557 - openevolve.RemoteSpeedupEvaluator - INFO - [level3_35_LTSM] triton key words check pass
2025-08-08 02:54:01,559 - openevolve.RemoteSpeedupEvaluator - INFO - [level3_35_LTSM] verify_plus payload: reference_code(2033 chars) + custom_code(4503 chars)
2025-08-08 02:54:04,594 - openevolve.RemoteSpeedupEvaluator - INFO - [level3_35_LTSM] verify_plus request success
2025-08-08 02:54:04,594 - openevolve.RemoteSpeedupEvaluator - INFO - [level3_35_LTSM] verify_plus response: {"id":"level3_35_LTSM","result":{"compiled":true,"correctness":false,"metadata":{"hardware":"NVIDIA L20Y","device":"cuda:7","runtime_error":"Traceback (most recent call last):\n  File \"/home/lijiaxing/.conda/envs/api/lib/python3.10/site-packages/triton/language/core.py\", line 42, in wrapper\n    return fn(*args, **kwargs)\n  File \"/home/lijiaxing/.conda/envs/api/lib/python3.10/site-packages/triton/language/core.py\", line 2216, in store\n    return _semantic.store(pointer, value, mask, boundary_check, cache_modifier, eviction_policy)\n  File \"/home/lijiaxing/.conda/envs/api/lib/python3.10/site-packages/triton/language/semantic.py\", line 1292, in store\n    return self._store_legacy(ptr, val, mask, boundary_check, cache, eviction)\n  File \"/home/lijiaxing/.conda/envs/api/lib/python3.1
2025-08-08 02:54:04,594 - openevolve.RemoteSpeedupEvaluator - INFO - [level3_35_LTSM] âœ˜ wrong_answer
2025-08-08 02:54:04,594 - openevolve.evaluator - INFO - Evaluated program 3b5e3a62-9106-4048-8e3c-bc7ab2dc4d56 in 3.04s: compiled=1.0000, correctness=0.0000, score=10.0000, stage=wrong_answer, verify_payload={'id': 'level3_35_LTSM', 'result': {'compiled': True, 'correctness': False, 'metadata': {'hardware': 'NVIDIA L20Y', 'device': 'cuda:7', 'runtime_error': 'Traceback (most recent call last):\n  File "/home/lijiaxing/.conda/envs/api/lib/python3.10/site-packages/triton/language/core.py", line 42, in wrapper\n    return fn(*args, **kwargs)\n  File "/home/lijiaxing/.conda/envs/api/lib/python3.10/site-packages/triton/language/core.py", line 2216, in store\n    return _semantic.store(pointer, value, mask, boundary_check, cache_modifier, eviction_policy)\n  File "/home/lijiaxing/.conda/envs/api/lib/python3.10/site-packages/triton/language/semantic.py", line 1292, in store\n    return self._store_legacy(ptr, val, mask, boundary_check, cache, eviction)\n  File "/home/lijiaxing/.conda/envs/api/lib/python3.10/site-packages/triton/language/semantic.py", line 1248, in _store_legacy\n    raise ValueError("Value argument cannot be block type if pointer argument is not a block")\nValueError: Value argument cannot be block type if pointer argument is not a block\n\nThe above exception was the direct cause of the following exception:\n\nTraceback (most recent call last):\n  File "/cpfs01/shared/llm_kernel/hujiakai/KernelLLM/validation_api_server/helpers/evaluations.py", line 720, in run_and_check_correctness\n    output_new = model_new(*inputs)\n  File "/home/lijiaxing/.conda/envs/api/lib/python3.10/site-packages/torch/nn/modules/module.py", line 1773, in _wrapped_call_impl\n    return self._call_impl(*args, **kwargs)\n  File "/home/lijiaxing/.conda/envs/api/lib/python3.10/site-packages/torch/nn/modules/module.py", line 1784, in _call_impl\n    return forward_call(*args, **kwargs)\n  File "/tmp/tmpbis06cf8.py", line 122, in forward\n    return self.fc(out[:, -1, :])\n  File "/home/lijiaxing/.conda/envs/api/lib/python3.10/site-packages/torch/nn/modules/module.py", line 1773, in _wrapped_call_impl\n    return self._call_impl(*args, **kwargs)\n  File "/home/lijiaxing/.conda/envs/api/lib/python3.10/site-packages/torch/nn/modules/module.py", line 1784, in _call_impl\n    return forward_call(*args, **kwargs)\n  File "/tmp/tmpbis06cf8.py", line 79, in forward\n    linear_kernel[grid](\n  File "/home/lijiaxing/.conda/envs/api/lib/python3.10/site-packages/triton/runtime/jit.py", line 390, in <lambda>\n    return lambda *args, **kwargs: self.run(grid=grid, warmup=False, *args, **kwargs)\n  File "/home/lijiaxing/.conda/envs/api/lib/python3.10/site-packages/triton/runtime/jit.py", line 594, in run\n    kernel = self.compile(src, target=target, options=options.__dict__)\n  File "/home/lijiaxing/.conda/envs/api/lib/python3.10/site-packages/triton/compiler/compiler.py", line 339, in compile\n    module = src.make_ir(options, codegen_fns, module_map, context)\n  File "/home/lijiaxing/.conda/envs/api/lib/python3.10/site-packages/triton/compiler/compiler.py", line 83, in make_ir\n    return ast_to_ttir(self.fn, self, context=context, options=options, codegen_fns=codegen_fns,\ntriton.compiler.errors.CompilationError: at 36:4:\n\n    # Compute dot product in float32\n    acc += tl.sum(x.to(tl.float32) * w.to(tl.float32))\n\n    # Add bias if present (converted to float32)\n    if b_ptr is not None:\n        bias = tl.load(b_ptr + pid_o)\n        acc += bias.to(tl.float32)\n\n    # Store result with proper output offset\n    output_offset = pid_b * stride_outb + pid_o * stride_outf\n    tl.store(output_ptr + output_offset, acc.to(x.dtype))\n    ^\n\n\nThe above exception was the direct cause of the following exception:\n\nTraceback (most recent call last):\n  File "/home/lijiaxing/.conda/envs/api/lib/python3.10/site-packages/triton/language/core.py", line 42, in wrapper\n    return fn(*args, **kwargs)\n  File "/home/lijiaxing/.conda/envs/api/lib/python3.10/site-packages/triton/language/core.py", line 2216, in store\n    return _semantic.store(pointer, value, mask, boundary_check, cache_modifier, eviction_policy)\n  File "/home/lijiaxing/.conda/envs/api/lib/python3.10/site-packages/triton/language/semantic.py", line 1292, in store\n    return self._store_legacy(ptr, val, mask, boundary_check, cache, eviction)\n  File "/home/lijiaxing/.conda/envs/api/lib/python3.10/site-packages/triton/language/semantic.py", line 1248, in _store_legacy\n    raise ValueError("Value argument cannot be block type if pointer argument is not a block")\nValueError: Value argument cannot be block type if pointer argument is not a block\n', 'runtime_error_name': 'triton.compiler.errors.CompilationError', 'reference_timing_ms': 26.0, 'speed_up': -1.0, 'custom_timing': -1.0}, 'runtime': -1.0, 'runtime_stats': {}}}
2025-08-08 02:54:04,599 - openevolve.llm.ensemble - INFO - Sampled model: deepseek
2025-08-08 02:54:04,617 - openevolve.threaded_parallel - INFO - Iteration 16: Program 3b5e3a62-9106-4048-8e3c-bc7ab2dc4d56 (parent: 0f91d28c-9e3f-426d-a70c-397a818ff454) completed in 653.51s
2025-08-08 02:54:04,617 - openevolve.threaded_parallel - INFO - Metrics: compiled=1.0000, correctness=0.0000, score=10.0000, stage=wrong_answer, verify_payload={'id': 'level3_35_LTSM', 'result': {'compiled': True, 'correctness': False, 'metadata': {'hardware': 'NVIDIA L20Y', 'device': 'cuda:7', 'runtime_error': 'Traceback (most recent call last):\n  File "/home/lijiaxing/.conda/envs/api/lib/python3.10/site-packages/triton/language/core.py", line 42, in wrapper\n    return fn(*args, **kwargs)\n  File "/home/lijiaxing/.conda/envs/api/lib/python3.10/site-packages/triton/language/core.py", line 2216, in store\n    return _semantic.store(pointer, value, mask, boundary_check, cache_modifier, eviction_policy)\n  File "/home/lijiaxing/.conda/envs/api/lib/python3.10/site-packages/triton/language/semantic.py", line 1292, in store\n    return self._store_legacy(ptr, val, mask, boundary_check, cache, eviction)\n  File "/home/lijiaxing/.conda/envs/api/lib/python3.10/site-packages/triton/language/semantic.py", line 1248, in _store_legacy\n    raise ValueError("Value argument cannot be block type if pointer argument is not a block")\nValueError: Value argument cannot be block type if pointer argument is not a block\n\nThe above exception was the direct cause of the following exception:\n\nTraceback (most recent call last):\n  File "/cpfs01/shared/llm_kernel/hujiakai/KernelLLM/validation_api_server/helpers/evaluations.py", line 720, in run_and_check_correctness\n    output_new = model_new(*inputs)\n  File "/home/lijiaxing/.conda/envs/api/lib/python3.10/site-packages/torch/nn/modules/module.py", line 1773, in _wrapped_call_impl\n    return self._call_impl(*args, **kwargs)\n  File "/home/lijiaxing/.conda/envs/api/lib/python3.10/site-packages/torch/nn/modules/module.py", line 1784, in _call_impl\n    return forward_call(*args, **kwargs)\n  File "/tmp/tmpbis06cf8.py", line 122, in forward\n    return self.fc(out[:, -1, :])\n  File "/home/lijiaxing/.conda/envs/api/lib/python3.10/site-packages/torch/nn/modules/module.py", line 1773, in _wrapped_call_impl\n    return self._call_impl(*args, **kwargs)\n  File "/home/lijiaxing/.conda/envs/api/lib/python3.10/site-packages/torch/nn/modules/module.py", line 1784, in _call_impl\n    return forward_call(*args, **kwargs)\n  File "/tmp/tmpbis06cf8.py", line 79, in forward\n    linear_kernel[grid](\n  File "/home/lijiaxing/.conda/envs/api/lib/python3.10/site-packages/triton/runtime/jit.py", line 390, in <lambda>\n    return lambda *args, **kwargs: self.run(grid=grid, warmup=False, *args, **kwargs)\n  File "/home/lijiaxing/.conda/envs/api/lib/python3.10/site-packages/triton/runtime/jit.py", line 594, in run\n    kernel = self.compile(src, target=target, options=options.__dict__)\n  File "/home/lijiaxing/.conda/envs/api/lib/python3.10/site-packages/triton/compiler/compiler.py", line 339, in compile\n    module = src.make_ir(options, codegen_fns, module_map, context)\n  File "/home/lijiaxing/.conda/envs/api/lib/python3.10/site-packages/triton/compiler/compiler.py", line 83, in make_ir\n    return ast_to_ttir(self.fn, self, context=context, options=options, codegen_fns=codegen_fns,\ntriton.compiler.errors.CompilationError: at 36:4:\n\n    # Compute dot product in float32\n    acc += tl.sum(x.to(tl.float32) * w.to(tl.float32))\n\n    # Add bias if present (converted to float32)\n    if b_ptr is not None:\n        bias = tl.load(b_ptr + pid_o)\n        acc += bias.to(tl.float32)\n\n    # Store result with proper output offset\n    output_offset = pid_b * stride_outb + pid_o * stride_outf\n    tl.store(output_ptr + output_offset, acc.to(x.dtype))\n    ^\n\n\nThe above exception was the direct cause of the following exception:\n\nTraceback (most recent call last):\n  File "/home/lijiaxing/.conda/envs/api/lib/python3.10/site-packages/triton/language/core.py", line 42, in wrapper\n    return fn(*args, **kwargs)\n  File "/home/lijiaxing/.conda/envs/api/lib/python3.10/site-packages/triton/language/core.py", line 2216, in store\n    return _semantic.store(pointer, value, mask, boundary_check, cache_modifier, eviction_policy)\n  File "/home/lijiaxing/.conda/envs/api/lib/python3.10/site-packages/triton/language/semantic.py", line 1292, in store\n    return self._store_legacy(ptr, val, mask, boundary_check, cache, eviction)\n  File "/home/lijiaxing/.conda/envs/api/lib/python3.10/site-packages/triton/language/semantic.py", line 1248, in _store_legacy\n    raise ValueError("Value argument cannot be block type if pointer argument is not a block")\nValueError: Value argument cannot be block type if pointer argument is not a block\n', 'runtime_error_name': 'triton.compiler.errors.CompilationError', 'reference_timing_ms': 26.0, 'speed_up': -1.0, 'custom_timing': -1.0}, 'runtime': -1.0, 'runtime_stats': {}}}
2025-08-08 02:54:54,488 - openevolve.RemoteSpeedupEvaluator - INFO - [level3_35_LTSM] triton key words check pass
2025-08-08 02:54:54,490 - openevolve.RemoteSpeedupEvaluator - INFO - [level3_35_LTSM] verify_plus payload: reference_code(2033 chars) + custom_code(3280 chars)
2025-08-08 02:54:57,878 - openevolve.RemoteSpeedupEvaluator - INFO - [level3_35_LTSM] verify_plus request success
2025-08-08 02:54:57,878 - openevolve.RemoteSpeedupEvaluator - INFO - [level3_35_LTSM] verify_plus response: {"id":"level3_35_LTSM","result":{"compiled":true,"correctness":false,"metadata":{"hardware":"NVIDIA L20Y","device":"cuda:2","max_difference":["0.071332","0.071190","0.071144","0.071096","0.071232"],"avg_difference":["0.028915","0.028889","0.028874","0.028926","0.028934"],"correctness_issue":"Output mismatch","correctness_trials":"(0 / 5)","reference_timing_ms":26.0,"speed_up":-1.0,"custom_timing":-1.0},"runtime":-1.0,"runtime_stats":{}}}
2025-08-08 02:54:57,878 - openevolve.RemoteSpeedupEvaluator - INFO - [level3_35_LTSM] âœ˜ wrong_answer
2025-08-08 02:54:57,879 - openevolve.evaluator - INFO - Evaluated program 9c22ecac-527c-4894-8375-acc9b1cbd9ce in 3.39s: compiled=1.0000, correctness=0.0000, score=10.0000, stage=wrong_answer, verify_payload={'id': 'level3_35_LTSM', 'result': {'compiled': True, 'correctness': False, 'metadata': {'hardware': 'NVIDIA L20Y', 'device': 'cuda:2', 'max_difference': ['0.071332', '0.071190', '0.071144', '0.071096', '0.071232'], 'avg_difference': ['0.028915', '0.028889', '0.028874', '0.028926', '0.028934'], 'correctness_issue': 'Output mismatch', 'correctness_trials': '(0 / 5)', 'reference_timing_ms': 26.0, 'speed_up': -1.0, 'custom_timing': -1.0}, 'runtime': -1.0, 'runtime_stats': {}}}
2025-08-08 02:54:57,884 - openevolve.llm.ensemble - INFO - Sampled model: deepseek
2025-08-08 02:54:57,898 - openevolve.threaded_parallel - INFO - Iteration 18: Program 9c22ecac-527c-4894-8375-acc9b1cbd9ce (parent: 572e95ea-032f-406c-b3a8-6e4d5c780516) completed in 388.71s
2025-08-08 02:54:57,899 - openevolve.threaded_parallel - INFO - Metrics: compiled=1.0000, correctness=0.0000, score=10.0000, stage=wrong_answer, verify_payload={'id': 'level3_35_LTSM', 'result': {'compiled': True, 'correctness': False, 'metadata': {'hardware': 'NVIDIA L20Y', 'device': 'cuda:2', 'max_difference': ['0.071332', '0.071190', '0.071144', '0.071096', '0.071232'], 'avg_difference': ['0.028915', '0.028889', '0.028874', '0.028926', '0.028934'], 'correctness_issue': 'Output mismatch', 'correctness_trials': '(0 / 5)', 'reference_timing_ms': 26.0, 'speed_up': -1.0, 'custom_timing': -1.0}, 'runtime': -1.0, 'runtime_stats': {}}}
2025-08-08 02:54:57,899 - openevolve.threaded_parallel - INFO - Checkpoint interval reached at iteration 18
2025-08-08 02:54:57,900 - openevolve.database - INFO - Island Status:
2025-08-08 02:54:57,900 - openevolve.database - INFO -    Island 0: 8 programs, best=10.0000, avg=-32.5000, diversity=1266.18, gen=6 (best: fe7c325b-b9aa-437d-95bb-f9c654761d62)
2025-08-08 02:54:57,900 - openevolve.database - INFO -    Island 1: 8 programs, best=10.0000, avg=10.0000, diversity=381.40, gen=7 (best: 13a383ef-cf1d-4cf5-817d-486b83e6a9c5)
2025-08-08 02:54:57,900 - openevolve.database - INFO -  * Island 2: 5 programs, best=10.0000, avg=-12.0000, diversity=503.45, gen=6 (best: 456ae72d-bef6-4f7a-b6fc-d81d805ad9af)
2025-08-08 02:54:58,112 - openevolve.database - INFO - Saved database with 20 programs to openevolve_output/level3_35_LTSM/checkpoints/checkpoint_18
2025-08-08 02:54:58,127 - openevolve.controller - INFO - Saved best program at checkpoint 18 with metrics: compiled=1.0000, correctness=0.0000, score=10.0000, stage=wrong_answer, verify_payload={'id': 'level3_35_LTSM', 'result': {'compiled': True, 'correctness': False, 'metadata': {'hardware': 'NVIDIA L20Y', 'device': 'cuda:0', 'max_difference': ['1.768798', '1.766837', '1.768900', '1.768048', '1.768057'], 'avg_difference': ['0.686035', '0.686134', '0.685942', '0.686141', '0.686037'], 'correctness_issue': 'Output mismatch', 'correctness_trials': '(0 / 5)', 'reference_timing_ms': 26.0, 'speed_up': -1.0, 'custom_timing': -1.0}, 'runtime': -1.0, 'runtime_stats': {}}}
2025-08-08 02:54:58,127 - openevolve.controller - INFO - Saved checkpoint at iteration 18 to openevolve_output/level3_35_LTSM/checkpoints/checkpoint_18
2025-08-08 02:58:27,750 - openevolve.RemoteSpeedupEvaluator - INFO - [level3_35_LTSM] triton key words check pass
2025-08-08 02:58:27,752 - openevolve.RemoteSpeedupEvaluator - INFO - [level3_35_LTSM] verify_plus payload: reference_code(2033 chars) + custom_code(3461 chars)
2025-08-08 02:58:32,852 - openevolve.RemoteSpeedupEvaluator - INFO - [level3_35_LTSM] verify_plus request success
2025-08-08 02:58:32,852 - openevolve.RemoteSpeedupEvaluator - INFO - [level3_35_LTSM] verify_plus response: {"id":"level3_35_LTSM","result":{"compiled":true,"correctness":true,"metadata":{"hardware":"NVIDIA L20Y","device":"cuda:7","correctness_trials":"(5 / 5)","reference_timing_ms":26.0,"speed_up":1.25,"custom_timing":20.8},"runtime":20.8,"runtime_stats":{"mean":20.8,"std":1.48,"min":20.3,"max":26.4,"num_trials":100,"hardware":"NVIDIA L20Y","device":"cuda:7"}}}
2025-08-08 02:58:32,852 - openevolve.RemoteSpeedupEvaluator - INFO - [level3_35_LTSM] âœ” success | speed_up=1.250  score=45.00
2025-08-08 02:58:32,853 - openevolve.evaluator - INFO - Evaluated program df276b61-1124-4d90-9cfe-c108ddfcfb64 in 5.10s: compiled=1.0000, correctness=1.0000, stage=success, passed=1.0000, score=45.0000, speed_up=1.2500, runtime_ms=20.8000, meta={'hardware': 'NVIDIA L20Y', 'device': 'cuda:7', 'correctness_trials': '(5 / 5)', 'reference_timing_ms': 26.0, 'speed_up': 1.25, 'custom_timing': 20.8}
2025-08-08 02:58:32,856 - openevolve.llm.ensemble - INFO - Sampled model: deepseek
2025-08-08 02:58:32,863 - openevolve.database - INFO - MAP-Elites cell improved: {'score': 9, 'complexity': 1} (fitness: 10.000 -> 45.000)
2025-08-08 02:58:32,863 - openevolve.database - INFO - New best program df276b61-1124-4d90-9cfe-c108ddfcfb64 replaces fe7c325b-b9aa-437d-95bb-f9c654761d62
2025-08-08 02:58:32,870 - openevolve.threaded_parallel - INFO - Iteration 20: Program df276b61-1124-4d90-9cfe-c108ddfcfb64 (parent: 9a665631-edce-4f2a-b2ca-7ab9f7aa6dc0) completed in 268.25s
2025-08-08 02:58:32,870 - openevolve.threaded_parallel - INFO - Metrics: compiled=1.0000, correctness=1.0000, stage=success, passed=1.0000, score=45.0000, speed_up=1.2500, runtime_ms=20.8000, meta={'hardware': 'NVIDIA L20Y', 'device': 'cuda:7', 'correctness_trials': '(5 / 5)', 'reference_timing_ms': 26.0, 'speed_up': 1.25, 'custom_timing': 20.8}
2025-08-08 02:58:32,870 - openevolve.threaded_parallel - INFO - ðŸŒŸ New best solution found at iteration 20: df276b61-1124-4d90-9cfe-c108ddfcfb64
2025-08-08 03:01:10,273 - openevolve.RemoteSpeedupEvaluator - INFO - [level3_35_LTSM] triton key words check pass
2025-08-08 03:01:10,275 - openevolve.RemoteSpeedupEvaluator - INFO - [level3_35_LTSM] verify_plus payload: reference_code(2033 chars) + custom_code(3827 chars)
2025-08-08 03:01:16,546 - openevolve.RemoteSpeedupEvaluator - INFO - [level3_35_LTSM] verify_plus request success
2025-08-08 03:01:16,546 - openevolve.RemoteSpeedupEvaluator - INFO - [level3_35_LTSM] verify_plus response: {"id":"level3_35_LTSM","result":{"compiled":true,"correctness":false,"metadata":{"hardware":"NVIDIA L20Y","device":"cuda:6","max_difference":["2.408628","2.408796","2.408474","2.407597","2.407790"],"avg_difference":["1.141597","1.141429","1.140853","1.141483","1.141634"],"correctness_issue":"Output mismatch","correctness_trials":"(0 / 5)","reference_timing_ms":26.0,"speed_up":-1.0,"custom_timing":-1.0},"runtime":-1.0,"runtime_stats":{}}}
2025-08-08 03:01:16,547 - openevolve.RemoteSpeedupEvaluator - INFO - [level3_35_LTSM] âœ˜ wrong_answer
2025-08-08 03:01:16,547 - openevolve.evaluator - INFO - Evaluated program 112a7661-3e27-4ecc-8d5f-797d1a0351f6 in 6.27s: compiled=1.0000, correctness=0.0000, score=10.0000, stage=wrong_answer, verify_payload={'id': 'level3_35_LTSM', 'result': {'compiled': True, 'correctness': False, 'metadata': {'hardware': 'NVIDIA L20Y', 'device': 'cuda:6', 'max_difference': ['2.408628', '2.408796', '2.408474', '2.407597', '2.407790'], 'avg_difference': ['1.141597', '1.141429', '1.140853', '1.141483', '1.141634'], 'correctness_issue': 'Output mismatch', 'correctness_trials': '(0 / 5)', 'reference_timing_ms': 26.0, 'speed_up': -1.0, 'custom_timing': -1.0}, 'runtime': -1.0, 'runtime_stats': {}}}
2025-08-08 03:01:16,551 - openevolve.llm.ensemble - INFO - Sampled model: deepseek
2025-08-08 03:01:16,567 - openevolve.threaded_parallel - INFO - Iteration 21: Program 112a7661-3e27-4ecc-8d5f-797d1a0351f6 (parent: 13a383ef-cf1d-4cf5-817d-486b83e6a9c5) completed in 378.66s
2025-08-08 03:01:16,568 - openevolve.threaded_parallel - INFO - Metrics: compiled=1.0000, correctness=0.0000, score=10.0000, stage=wrong_answer, verify_payload={'id': 'level3_35_LTSM', 'result': {'compiled': True, 'correctness': False, 'metadata': {'hardware': 'NVIDIA L20Y', 'device': 'cuda:6', 'max_difference': ['2.408628', '2.408796', '2.408474', '2.407597', '2.407790'], 'avg_difference': ['1.141597', '1.141429', '1.140853', '1.141483', '1.141634'], 'correctness_issue': 'Output mismatch', 'correctness_trials': '(0 / 5)', 'reference_timing_ms': 26.0, 'speed_up': -1.0, 'custom_timing': -1.0}, 'runtime': -1.0, 'runtime_stats': {}}}
2025-08-08 03:01:16,568 - openevolve.threaded_parallel - INFO - Checkpoint interval reached at iteration 21
2025-08-08 03:01:16,569 - openevolve.database - INFO - Island Status:
2025-08-08 03:01:16,569 - openevolve.database - INFO -    Island 0: 9 programs, best=10.0000, avg=-27.7778, diversity=1123.73, gen=7 (best: fe7c325b-b9aa-437d-95bb-f9c654761d62)
2025-08-08 03:01:16,569 - openevolve.database - INFO -  * Island 1: 8 programs, best=10.0000, avg=10.0000, diversity=381.40, gen=8 (best: 13a383ef-cf1d-4cf5-817d-486b83e6a9c5)
2025-08-08 03:01:16,569 - openevolve.database - INFO -    Island 2: 6 programs, best=45.0000, avg=-2.5000, diversity=503.45, gen=6 (best: df276b61-1124-4d90-9cfe-c108ddfcfb64)
2025-08-08 03:01:16,976 - openevolve.database - INFO - Saved database with 22 programs to openevolve_output/level3_35_LTSM/checkpoints/checkpoint_21
2025-08-08 03:01:16,987 - openevolve.controller - INFO - Saved best program at checkpoint 21 with metrics: compiled=1.0000, correctness=1.0000, stage=success, passed=1.0000, score=45.0000, speed_up=1.2500, runtime_ms=20.8000, meta={'hardware': 'NVIDIA L20Y', 'device': 'cuda:7', 'correctness_trials': '(5 / 5)', 'reference_timing_ms': 26.0, 'speed_up': 1.25, 'custom_timing': 20.8}
2025-08-08 03:01:16,987 - openevolve.controller - INFO - Saved checkpoint at iteration 21 to openevolve_output/level3_35_LTSM/checkpoints/checkpoint_21
2025-08-08 03:02:54,250 - openevolve.RemoteSpeedupEvaluator - INFO - [level3_35_LTSM] âœ˜ invalid_answer 'import triton' is not found
2025-08-08 03:02:54,252 - openevolve.evaluator - INFO - Evaluated program c9db0501-951c-4cc3-9152-edd665bb17d1 in 0.00s: compiled=0.0000, correctness=0.0000, score=-100.0000, stage=no_valid_triton_code, feedback=You need to generate real and valid triton code for the core function. The key word 'import triton' is not found.
2025-08-08 03:02:54,257 - openevolve.llm.ensemble - INFO - Sampled model: deepseek
2025-08-08 03:02:54,257 - openevolve.database - INFO - New MAP-Elites cell occupied: {'score': -1000, 'complexity': 1}
2025-08-08 03:02:54,269 - openevolve.threaded_parallel - INFO - Iteration 19: Program c9db0501-951c-4cc3-9152-edd665bb17d1 (parent: 1fb811ba-dfe7-4f36-badc-613c0cf2a545) completed in 635.49s
2025-08-08 03:02:54,269 - openevolve.threaded_parallel - INFO - Metrics: compiled=0.0000, correctness=0.0000, score=-100.0000, stage=no_valid_triton_code, feedback=You need to generate real and valid triton code for the core function. The key word 'import triton' is not found.
2025-08-08 03:10:49,589 - openevolve.RemoteSpeedupEvaluator - INFO - [level3_35_LTSM] âœ˜ invalid_answer 'import triton' is not found
2025-08-08 03:10:49,592 - openevolve.evaluator - INFO - Evaluated program da282506-600b-4013-921a-65b4e35e365d in 0.00s: compiled=0.0000, correctness=0.0000, score=-100.0000, stage=no_valid_triton_code, feedback=You need to generate real and valid triton code for the core function. The key word 'import triton' is not found.
2025-08-08 03:10:49,596 - openevolve.llm.ensemble - INFO - Sampled model: deepseek
2025-08-08 03:10:49,603 - openevolve.threaded_parallel - INFO - Iteration 23: Program da282506-600b-4013-921a-65b4e35e365d (parent: 909d7a5b-e9a7-4888-aab7-4edb318cfa6e) completed in 573.04s
2025-08-08 03:10:49,604 - openevolve.threaded_parallel - INFO - Metrics: compiled=0.0000, correctness=0.0000, score=-100.0000, stage=no_valid_triton_code, feedback=You need to generate real and valid triton code for the core function. The key word 'import triton' is not found.
2025-08-08 03:11:28,068 - openevolve.RemoteSpeedupEvaluator - INFO - [level3_35_LTSM] triton key words check pass
2025-08-08 03:11:28,069 - openevolve.RemoteSpeedupEvaluator - INFO - [level3_35_LTSM] verify_plus payload: reference_code(2033 chars) + custom_code(5520 chars)
2025-08-08 03:11:32,403 - openevolve.RemoteSpeedupEvaluator - INFO - [level3_35_LTSM] verify_plus request success
2025-08-08 03:11:32,403 - openevolve.RemoteSpeedupEvaluator - INFO - [level3_35_LTSM] verify_plus response: {"id":"level3_35_LTSM","result":{"compiled":true,"correctness":false,"metadata":{"hardware":"NVIDIA L20Y","device":"cuda:7","runtime_error":"Traceback (most recent call last):\n  File \"/cpfs01/shared/llm_kernel/hujiakai/KernelLLM/validation_api_server/helpers/evaluations.py\", line 720, in run_and_check_correctness\n    output_new = model_new(*inputs)\n  File \"/home/lijiaxing/.conda/envs/api/lib/python3.10/site-packages/torch/nn/modules/module.py\", line 1773, in _wrapped_call_impl\n    return self._call_impl(*args, **kwargs)\n  File \"/home/lijiaxing/.conda/envs/api/lib/python3.10/site-packages/torch/nn/modules/module.py\", line 1784, in _call_impl\n    return forward_call(*args, **kwargs)\n  File \"/tmp/tmpoff4gi3v.py\", line 150, in forward\n    return self.fc(out[:, -1, :])\n  File \
2025-08-08 03:11:32,403 - openevolve.RemoteSpeedupEvaluator - INFO - [level3_35_LTSM] âœ˜ wrong_answer
2025-08-08 03:11:32,404 - openevolve.evaluator - INFO - Evaluated program a34add19-2acb-4215-8e6f-52102f6083f4 in 4.34s: compiled=1.0000, correctness=0.0000, score=10.0000, stage=wrong_answer, verify_payload={'id': 'level3_35_LTSM', 'result': {'compiled': True, 'correctness': False, 'metadata': {'hardware': 'NVIDIA L20Y', 'device': 'cuda:7', 'runtime_error': 'Traceback (most recent call last):\n  File "/cpfs01/shared/llm_kernel/hujiakai/KernelLLM/validation_api_server/helpers/evaluations.py", line 720, in run_and_check_correctness\n    output_new = model_new(*inputs)\n  File "/home/lijiaxing/.conda/envs/api/lib/python3.10/site-packages/torch/nn/modules/module.py", line 1773, in _wrapped_call_impl\n    return self._call_impl(*args, **kwargs)\n  File "/home/lijiaxing/.conda/envs/api/lib/python3.10/site-packages/torch/nn/modules/module.py", line 1784, in _call_impl\n    return forward_call(*args, **kwargs)\n  File "/tmp/tmpoff4gi3v.py", line 150, in forward\n    return self.fc(out[:, -1, :])\n  File "/home/lijiaxing/.conda/envs/api/lib/python3.10/site-packages/torch/nn/modules/module.py", line 1773, in _wrapped_call_impl\n    return self._call_impl(*args, **kwargs)\n  File "/home/lijiaxing/.conda/envs/api/lib/python3.10/site-packages/torch/nn/modules/module.py", line 1784, in _call_impl\n    return forward_call(*args, **kwargs)\n  File "/tmp/tmpoff4gi3v.py", line 97, in forward\n    linear_kernel[grid](\n  File "/home/lijiaxing/.conda/envs/api/lib/python3.10/site-packages/triton/runtime/jit.py", line 390, in <lambda>\n    return lambda *args, **kwargs: self.run(grid=grid, warmup=False, *args, **kwargs)\n  File "/home/lijiaxing/.conda/envs/api/lib/python3.10/site-packages/triton/runtime/jit.py", line 594, in run\n    kernel = self.compile(src, target=target, options=options.__dict__)\n  File "/home/lijiaxing/.conda/envs/api/lib/python3.10/site-packages/triton/compiler/compiler.py", line 339, in compile\n    module = src.make_ir(options, codegen_fns, module_map, context)\n  File "/home/lijiaxing/.conda/envs/api/lib/python3.10/site-packages/triton/compiler/compiler.py", line 83, in make_ir\n    return ast_to_ttir(self.fn, self, context=context, options=options, codegen_fns=codegen_fns,\ntriton.compiler.errors.CompilationError: at 40:45:\n        w = w.to(tl.float32)\n\n        # Accumulate dot product\n        acc += tl.sum(x * w)\n\n    # Add bias if present\n    if b_ptr is not None:\n        bias = tl.load(b_ptr + pid_o)\n        acc += bias.to(tl.float32)\n\n    # Convert to original dtype\n    output_val = acc.to(tl.load(output_ptr + output_offset).dtype)\n                                             ^\nNameError(\'output_offset is not defined\')\n\n\nThe above exception was the direct cause of the following exception:\n\nNameError: output_offset is not defined\n', 'runtime_error_name': 'triton.compiler.errors.CompilationError', 'reference_timing_ms': 26.0, 'speed_up': -1.0, 'custom_timing': -1.0}, 'runtime': -1.0, 'runtime_stats': {}}}
2025-08-08 03:11:32,407 - openevolve.llm.ensemble - INFO - Sampled model: deepseek
2025-08-08 03:11:32,418 - openevolve.threaded_parallel - INFO - Iteration 22: Program a34add19-2acb-4215-8e6f-52102f6083f4 (parent: 456ae72d-bef6-4f7a-b6fc-d81d805ad9af) completed in 779.55s
2025-08-08 03:11:32,419 - openevolve.threaded_parallel - INFO - Metrics: compiled=1.0000, correctness=0.0000, score=10.0000, stage=wrong_answer, verify_payload={'id': 'level3_35_LTSM', 'result': {'compiled': True, 'correctness': False, 'metadata': {'hardware': 'NVIDIA L20Y', 'device': 'cuda:7', 'runtime_error': 'Traceback (most recent call last):\n  File "/cpfs01/shared/llm_kernel/hujiakai/KernelLLM/validation_api_server/helpers/evaluations.py", line 720, in run_and_check_correctness\n    output_new = model_new(*inputs)\n  File "/home/lijiaxing/.conda/envs/api/lib/python3.10/site-packages/torch/nn/modules/module.py", line 1773, in _wrapped_call_impl\n    return self._call_impl(*args, **kwargs)\n  File "/home/lijiaxing/.conda/envs/api/lib/python3.10/site-packages/torch/nn/modules/module.py", line 1784, in _call_impl\n    return forward_call(*args, **kwargs)\n  File "/tmp/tmpoff4gi3v.py", line 150, in forward\n    return self.fc(out[:, -1, :])\n  File "/home/lijiaxing/.conda/envs/api/lib/python3.10/site-packages/torch/nn/modules/module.py", line 1773, in _wrapped_call_impl\n    return self._call_impl(*args, **kwargs)\n  File "/home/lijiaxing/.conda/envs/api/lib/python3.10/site-packages/torch/nn/modules/module.py", line 1784, in _call_impl\n    return forward_call(*args, **kwargs)\n  File "/tmp/tmpoff4gi3v.py", line 97, in forward\n    linear_kernel[grid](\n  File "/home/lijiaxing/.conda/envs/api/lib/python3.10/site-packages/triton/runtime/jit.py", line 390, in <lambda>\n    return lambda *args, **kwargs: self.run(grid=grid, warmup=False, *args, **kwargs)\n  File "/home/lijiaxing/.conda/envs/api/lib/python3.10/site-packages/triton/runtime/jit.py", line 594, in run\n    kernel = self.compile(src, target=target, options=options.__dict__)\n  File "/home/lijiaxing/.conda/envs/api/lib/python3.10/site-packages/triton/compiler/compiler.py", line 339, in compile\n    module = src.make_ir(options, codegen_fns, module_map, context)\n  File "/home/lijiaxing/.conda/envs/api/lib/python3.10/site-packages/triton/compiler/compiler.py", line 83, in make_ir\n    return ast_to_ttir(self.fn, self, context=context, options=options, codegen_fns=codegen_fns,\ntriton.compiler.errors.CompilationError: at 40:45:\n        w = w.to(tl.float32)\n\n        # Accumulate dot product\n        acc += tl.sum(x * w)\n\n    # Add bias if present\n    if b_ptr is not None:\n        bias = tl.load(b_ptr + pid_o)\n        acc += bias.to(tl.float32)\n\n    # Convert to original dtype\n    output_val = acc.to(tl.load(output_ptr + output_offset).dtype)\n                                             ^\nNameError(\'output_offset is not defined\')\n\n\nThe above exception was the direct cause of the following exception:\n\nNameError: output_offset is not defined\n', 'runtime_error_name': 'triton.compiler.errors.CompilationError', 'reference_timing_ms': 26.0, 'speed_up': -1.0, 'custom_timing': -1.0}, 'runtime': -1.0, 'runtime_stats': {}}}
2025-08-08 03:15:23,781 - openevolve.RemoteSpeedupEvaluator - INFO - [level3_35_LTSM] triton key words check pass
2025-08-08 03:15:23,783 - openevolve.RemoteSpeedupEvaluator - INFO - [level3_35_LTSM] verify_plus payload: reference_code(2033 chars) + custom_code(4387 chars)
2025-08-08 03:15:27,270 - openevolve.RemoteSpeedupEvaluator - INFO - [level3_35_LTSM] verify_plus request success
2025-08-08 03:15:27,271 - openevolve.RemoteSpeedupEvaluator - INFO - [level3_35_LTSM] verify_plus response: {"id":"level3_35_LTSM","result":{"compiled":true,"correctness":false,"metadata":{"hardware":"NVIDIA L20Y","device":"cuda:4","max_difference":["0.039834","0.039831","0.039804","0.039878","0.039802"],"avg_difference":["0.027972","0.027982","0.027981","0.027990","0.027978"],"correctness_issue":"Output mismatch","correctness_trials":"(0 / 5)","reference_timing_ms":26.0,"speed_up":-1.0,"custom_timing":-1.0},"runtime":-1.0,"runtime_stats":{}}}
2025-08-08 03:15:27,271 - openevolve.RemoteSpeedupEvaluator - INFO - [level3_35_LTSM] âœ˜ wrong_answer
2025-08-08 03:15:27,271 - openevolve.evaluator - INFO - Evaluated program 19dccaf2-0418-42cb-8f80-e6c4489dea5f in 3.49s: compiled=1.0000, correctness=0.0000, score=10.0000, stage=wrong_answer, verify_payload={'id': 'level3_35_LTSM', 'result': {'compiled': True, 'correctness': False, 'metadata': {'hardware': 'NVIDIA L20Y', 'device': 'cuda:4', 'max_difference': ['0.039834', '0.039831', '0.039804', '0.039878', '0.039802'], 'avg_difference': ['0.027972', '0.027982', '0.027981', '0.027990', '0.027978'], 'correctness_issue': 'Output mismatch', 'correctness_trials': '(0 / 5)', 'reference_timing_ms': 26.0, 'speed_up': -1.0, 'custom_timing': -1.0}, 'runtime': -1.0, 'runtime_stats': {}}}
2025-08-08 03:15:27,276 - openevolve.llm.ensemble - INFO - Sampled model: deepseek
2025-08-08 03:15:27,279 - openevolve.database - INFO - Population size (26) exceeds limit (25), removing 1 programs
2025-08-08 03:15:27,279 - openevolve.database - INFO - Population size after cleanup: 25
2025-08-08 03:15:27,291 - openevolve.threaded_parallel - INFO - Iteration 24: Program 19dccaf2-0418-42cb-8f80-e6c4489dea5f (parent: fe7c325b-b9aa-437d-95bb-f9c654761d62) completed in 753.01s
2025-08-08 03:15:27,292 - openevolve.threaded_parallel - INFO - Metrics: compiled=1.0000, correctness=0.0000, score=10.0000, stage=wrong_answer, verify_payload={'id': 'level3_35_LTSM', 'result': {'compiled': True, 'correctness': False, 'metadata': {'hardware': 'NVIDIA L20Y', 'device': 'cuda:4', 'max_difference': ['0.039834', '0.039831', '0.039804', '0.039878', '0.039802'], 'avg_difference': ['0.027972', '0.027982', '0.027981', '0.027990', '0.027978'], 'correctness_issue': 'Output mismatch', 'correctness_trials': '(0 / 5)', 'reference_timing_ms': 26.0, 'speed_up': -1.0, 'custom_timing': -1.0}, 'runtime': -1.0, 'runtime_stats': {}}}
2025-08-08 03:15:27,292 - openevolve.threaded_parallel - INFO - Checkpoint interval reached at iteration 24
2025-08-08 03:15:27,293 - openevolve.database - INFO - Island Status:
2025-08-08 03:15:27,293 - openevolve.database - INFO -    Island 0: 9 programs, best=10.0000, avg=-15.5556, diversity=1177.82, gen=8 (best: fe7c325b-b9aa-437d-95bb-f9c654761d62)
2025-08-08 03:15:27,293 - openevolve.database - INFO -    Island 1: 10 programs, best=10.0000, avg=-1.0000, diversity=386.73, gen=9 (best: 13a383ef-cf1d-4cf5-817d-486b83e6a9c5)
2025-08-08 03:15:27,293 - openevolve.database - INFO -  * Island 2: 7 programs, best=45.0000, avg=-16.4286, diversity=503.45, gen=8 (best: df276b61-1124-4d90-9cfe-c108ddfcfb64)
2025-08-08 03:15:27,567 - openevolve.database - INFO - Saved database with 25 programs to openevolve_output/level3_35_LTSM/checkpoints/checkpoint_24
2025-08-08 03:15:27,576 - openevolve.controller - INFO - Saved best program at checkpoint 24 with metrics: compiled=1.0000, correctness=1.0000, stage=success, passed=1.0000, score=45.0000, speed_up=1.2500, runtime_ms=20.8000, meta={'hardware': 'NVIDIA L20Y', 'device': 'cuda:7', 'correctness_trials': '(5 / 5)', 'reference_timing_ms': 26.0, 'speed_up': 1.25, 'custom_timing': 20.8}
2025-08-08 03:15:27,576 - openevolve.controller - INFO - Saved checkpoint at iteration 24 to openevolve_output/level3_35_LTSM/checkpoints/checkpoint_24
2025-08-08 03:15:58,583 - openevolve.RemoteSpeedupEvaluator - INFO - [level3_35_LTSM] triton key words check pass
2025-08-08 03:15:58,585 - openevolve.RemoteSpeedupEvaluator - INFO - [level3_35_LTSM] verify_plus payload: reference_code(2033 chars) + custom_code(3641 chars)
2025-08-08 03:16:01,990 - openevolve.RemoteSpeedupEvaluator - INFO - [level3_35_LTSM] verify_plus request success
2025-08-08 03:16:01,990 - openevolve.RemoteSpeedupEvaluator - INFO - [level3_35_LTSM] verify_plus response: {"id":"level3_35_LTSM","result":{"compiled":true,"correctness":false,"metadata":{"hardware":"NVIDIA L20Y","device":"cuda:2","max_difference":["2.408628","2.408796","2.408474","2.407597","2.407790"],"avg_difference":["1.141597","1.141429","1.140853","1.141483","1.141634"],"correctness_issue":"Output mismatch","correctness_trials":"(0 / 5)","reference_timing_ms":26.0,"speed_up":-1.0,"custom_timing":-1.0},"runtime":-1.0,"runtime_stats":{}}}
2025-08-08 03:16:01,990 - openevolve.RemoteSpeedupEvaluator - INFO - [level3_35_LTSM] âœ˜ wrong_answer
2025-08-08 03:16:01,991 - openevolve.evaluator - INFO - Evaluated program 299a6b97-37a1-4536-bc7b-5d7010247f26 in 3.41s: compiled=1.0000, correctness=0.0000, score=10.0000, stage=wrong_answer, verify_payload={'id': 'level3_35_LTSM', 'result': {'compiled': True, 'correctness': False, 'metadata': {'hardware': 'NVIDIA L20Y', 'device': 'cuda:2', 'max_difference': ['2.408628', '2.408796', '2.408474', '2.407597', '2.407790'], 'avg_difference': ['1.141597', '1.141429', '1.140853', '1.141483', '1.141634'], 'correctness_issue': 'Output mismatch', 'correctness_trials': '(0 / 5)', 'reference_timing_ms': 26.0, 'speed_up': -1.0, 'custom_timing': -1.0}, 'runtime': -1.0, 'runtime_stats': {}}}
2025-08-08 03:16:01,994 - openevolve.database - INFO - Population size (26) exceeds limit (25), removing 1 programs
2025-08-08 03:16:01,994 - openevolve.database - INFO - Population size after cleanup: 25
2025-08-08 03:16:01,996 - openevolve.llm.ensemble - INFO - Sampled model: deepseek
2025-08-08 03:16:02,007 - openevolve.threaded_parallel - INFO - Iteration 26: Program 299a6b97-37a1-4536-bc7b-5d7010247f26 (parent: 714d69a8-036a-4413-9f37-e27aa7adbfd4) completed in 269.58s
2025-08-08 03:16:02,007 - openevolve.threaded_parallel - INFO - Metrics: compiled=1.0000, correctness=0.0000, score=10.0000, stage=wrong_answer, verify_payload={'id': 'level3_35_LTSM', 'result': {'compiled': True, 'correctness': False, 'metadata': {'hardware': 'NVIDIA L20Y', 'device': 'cuda:2', 'max_difference': ['2.408628', '2.408796', '2.408474', '2.407597', '2.407790'], 'avg_difference': ['1.141597', '1.141429', '1.140853', '1.141483', '1.141634'], 'correctness_issue': 'Output mismatch', 'correctness_trials': '(0 / 5)', 'reference_timing_ms': 26.0, 'speed_up': -1.0, 'custom_timing': -1.0}, 'runtime': -1.0, 'runtime_stats': {}}}
2025-08-08 03:21:15,327 - openevolve.RemoteSpeedupEvaluator - INFO - [level3_35_LTSM] âœ˜ invalid_answer 'tl.load' is not found
2025-08-08 03:21:15,329 - openevolve.evaluator - INFO - Evaluated program 7748b809-8a0f-4204-a24a-d27d87f6226a in 0.00s: compiled=0.0000, correctness=0.0000, score=-100.0000, stage=no_valid_triton_code, feedback=You need to generate real and valid triton code for the core function. The key word 'tl.load' is not found.
2025-08-08 03:21:15,333 - openevolve.database - INFO - New MAP-Elites cell occupied: {'score': -1000, 'complexity': 0}
2025-08-08 03:21:15,333 - openevolve.database - INFO - Population size (26) exceeds limit (25), removing 1 programs
2025-08-08 03:21:15,333 - openevolve.database - INFO - Population size after cleanup: 25
2025-08-08 03:21:15,334 - openevolve.llm.ensemble - INFO - Sampled model: deepseek
2025-08-08 03:21:15,340 - openevolve.threaded_parallel - INFO - Iteration 25: Program 7748b809-8a0f-4204-a24a-d27d87f6226a (parent: df276b61-1124-4d90-9cfe-c108ddfcfb64) completed in 625.73s
2025-08-08 03:21:15,340 - openevolve.threaded_parallel - INFO - Metrics: compiled=0.0000, correctness=0.0000, score=-100.0000, stage=no_valid_triton_code, feedback=You need to generate real and valid triton code for the core function. The key word 'tl.load' is not found.
2025-08-08 03:24:52,491 - openevolve.RemoteSpeedupEvaluator - INFO - [level3_35_LTSM] âœ˜ invalid_answer 'import triton' is not found
2025-08-08 03:24:52,493 - openevolve.evaluator - INFO - Evaluated program 92e564bc-0e96-4eef-a803-48669e24d4cc in 0.00s: compiled=0.0000, correctness=0.0000, score=-100.0000, stage=no_valid_triton_code, feedback=You need to generate real and valid triton code for the core function. The key word 'import triton' is not found.
2025-08-08 03:24:52,504 - openevolve.database - INFO - New MAP-Elites cell occupied: {'score': -1000, 'complexity': 2}
2025-08-08 03:24:52,504 - openevolve.database - INFO - Population size (26) exceeds limit (25), removing 1 programs
2025-08-08 03:24:52,504 - openevolve.database - INFO - Population size after cleanup: 25
2025-08-08 03:24:52,511 - openevolve.threaded_parallel - INFO - Iteration 28: Program 92e564bc-0e96-4eef-a803-48669e24d4cc (parent: df276b61-1124-4d90-9cfe-c108ddfcfb64) completed in 530.50s
2025-08-08 03:24:52,511 - openevolve.threaded_parallel - INFO - Metrics: compiled=0.0000, correctness=0.0000, score=-100.0000, stage=no_valid_triton_code, feedback=You need to generate real and valid triton code for the core function. The key word 'import triton' is not found.
2025-08-08 03:28:07,247 - openevolve.RemoteSpeedupEvaluator - INFO - [level3_35_LTSM] triton key words check pass
2025-08-08 03:28:07,249 - openevolve.RemoteSpeedupEvaluator - INFO - [level3_35_LTSM] verify_plus payload: reference_code(2033 chars) + custom_code(5552 chars)
2025-08-08 03:28:15,417 - openevolve.RemoteSpeedupEvaluator - INFO - [level3_35_LTSM] verify_plus request success
2025-08-08 03:28:15,417 - openevolve.RemoteSpeedupEvaluator - INFO - [level3_35_LTSM] verify_plus response: {"id":"level3_35_LTSM","result":{"compiled":true,"correctness":false,"metadata":{"hardware":"NVIDIA L20Y","device":"cuda:6","runtime_error":"Traceback (most recent call last):\n  File \"/home/lijiaxing/.conda/envs/api/lib/python3.10/site-packages/triton/language/core.py\", line 42, in wrapper\n    return fn(*args, **kwargs)\n  File \"/home/lijiaxing/.conda/envs/api/lib/python3.10/site-packages/triton/language/core.py\", line 2216, in store\n    return _semantic.store(pointer, value, mask, boundary_check, cache_modifier, eviction_policy)\n  File \"/home/lijiaxing/.conda/envs/api/lib/python3.10/site-packages/triton/language/semantic.py\", line 1292, in store\n    return self._store_legacy(ptr, val, mask, boundary_check, cache, eviction)\n  File \"/home/lijiaxing/.conda/envs/api/lib/python3.1
2025-08-08 03:28:15,418 - openevolve.RemoteSpeedupEvaluator - INFO - [level3_35_LTSM] âœ˜ wrong_answer
2025-08-08 03:28:15,418 - openevolve.evaluator - INFO - Evaluated program 593368c8-d8f3-4991-8b6b-0fcbd5e42d44 in 8.17s: compiled=1.0000, correctness=0.0000, score=10.0000, stage=wrong_answer, verify_payload={'id': 'level3_35_LTSM', 'result': {'compiled': True, 'correctness': False, 'metadata': {'hardware': 'NVIDIA L20Y', 'device': 'cuda:6', 'runtime_error': 'Traceback (most recent call last):\n  File "/home/lijiaxing/.conda/envs/api/lib/python3.10/site-packages/triton/language/core.py", line 42, in wrapper\n    return fn(*args, **kwargs)\n  File "/home/lijiaxing/.conda/envs/api/lib/python3.10/site-packages/triton/language/core.py", line 2216, in store\n    return _semantic.store(pointer, value, mask, boundary_check, cache_modifier, eviction_policy)\n  File "/home/lijiaxing/.conda/envs/api/lib/python3.10/site-packages/triton/language/semantic.py", line 1292, in store\n    return self._store_legacy(ptr, val, mask, boundary_check, cache, eviction)\n  File "/home/lijiaxing/.conda/envs/api/lib/python3.10/site-packages/triton/language/semantic.py", line 1248, in _store_legacy\n    raise ValueError("Value argument cannot be block type if pointer argument is not a block")\nValueError: Value argument cannot be block type if pointer argument is not a block\n\nThe above exception was the direct cause of the following exception:\n\nTraceback (most recent call last):\n  File "/cpfs01/shared/llm_kernel/hujiakai/KernelLLM/validation_api_server/helpers/evaluations.py", line 720, in run_and_check_correctness\n    output_new = model_new(*inputs)\n  File "/home/lijiaxing/.conda/envs/api/lib/python3.10/site-packages/torch/nn/modules/module.py", line 1773, in _wrapped_call_impl\n    return self._call_impl(*args, **kwargs)\n  File "/home/lijiaxing/.conda/envs/api/lib/python3.10/site-packages/torch/nn/modules/module.py", line 1784, in _call_impl\n    return forward_call(*args, **kwargs)\n  File "/tmp/tmpke3ljdxb.py", line 151, in forward\n    return self.fc(out[:, -1, :])\n  File "/home/lijiaxing/.conda/envs/api/lib/python3.10/site-packages/torch/nn/modules/module.py", line 1773, in _wrapped_call_impl\n    return self._call_impl(*args, **kwargs)\n  File "/home/lijiaxing/.conda/envs/api/lib/python3.10/site-packages/torch/nn/modules/module.py", line 1784, in _call_impl\n    return forward_call(*args, **kwargs)\n  File "/tmp/tmpke3ljdxb.py", line 98, in forward\n    linear_kernel[grid](\n  File "/home/lijiaxing/.conda/envs/api/lib/python3.10/site-packages/triton/runtime/jit.py", line 390, in <lambda>\n    return lambda *args, **kwargs: self.run(grid=grid, warmup=False, *args, **kwargs)\n  File "/home/lijiaxing/.conda/envs/api/lib/python3.10/site-packages/triton/runtime/jit.py", line 594, in run\n    kernel = self.compile(src, target=target, options=options.__dict__)\n  File "/home/lijiaxing/.conda/envs/api/lib/python3.10/site-packages/triton/compiler/compiler.py", line 339, in compile\n    module = src.make_ir(options, codegen_fns, module_map, context)\n  File "/home/lijiaxing/.conda/envs/api/lib/python3.10/site-packages/triton/compiler/compiler.py", line 83, in make_ir\n    return ast_to_ttir(self.fn, self, context=context, options=options, codegen_fns=codegen_fns,\ntriton.compiler.errors.CompilationError: at 45:4:\n        w = w.to(tl.float32)\n\n        # Accumulate dot product\n        acc += tl.sum(x * w)\n\n    # Add bias if present\n    if b_ptr is not None:\n        bias = tl.load(b_ptr + pid_o)\n        acc += bias.to(tl.float32)\n\n    # Store result with automatic dtype conversion\n    tl.store(output_ptr + output_offset, acc)\n    ^\n\n\nThe above exception was the direct cause of the following exception:\n\nTraceback (most recent call last):\n  File "/home/lijiaxing/.conda/envs/api/lib/python3.10/site-packages/triton/language/core.py", line 42, in wrapper\n    return fn(*args, **kwargs)\n  File "/home/lijiaxing/.conda/envs/api/lib/python3.10/site-packages/triton/language/core.py", line 2216, in store\n    return _semantic.store(pointer, value, mask, boundary_check, cache_modifier, eviction_policy)\n  File "/home/lijiaxing/.conda/envs/api/lib/python3.10/site-packages/triton/language/semantic.py", line 1292, in store\n    return self._store_legacy(ptr, val, mask, boundary_check, cache, eviction)\n  File "/home/lijiaxing/.conda/envs/api/lib/python3.10/site-packages/triton/language/semantic.py", line 1248, in _store_legacy\n    raise ValueError("Value argument cannot be block type if pointer argument is not a block")\nValueError: Value argument cannot be block type if pointer argument is not a block\n', 'runtime_error_name': 'triton.compiler.errors.CompilationError', 'reference_timing_ms': 26.0, 'speed_up': -1.0, 'custom_timing': -1.0}, 'runtime': -1.0, 'runtime_stats': {}}}
2025-08-08 03:28:15,426 - openevolve.database - INFO - Population size (26) exceeds limit (25), removing 1 programs
2025-08-08 03:28:15,426 - openevolve.database - INFO - Population size after cleanup: 25
2025-08-08 03:28:15,439 - openevolve.threaded_parallel - INFO - Iteration 29: Program 593368c8-d8f3-4991-8b6b-0fcbd5e42d44 (parent: 084b8fdd-4244-4b61-a21b-95a6ec9dc283) completed in 420.08s
2025-08-08 03:28:15,440 - openevolve.threaded_parallel - INFO - Metrics: compiled=1.0000, correctness=0.0000, score=10.0000, stage=wrong_answer, verify_payload={'id': 'level3_35_LTSM', 'result': {'compiled': True, 'correctness': False, 'metadata': {'hardware': 'NVIDIA L20Y', 'device': 'cuda:6', 'runtime_error': 'Traceback (most recent call last):\n  File "/home/lijiaxing/.conda/envs/api/lib/python3.10/site-packages/triton/language/core.py", line 42, in wrapper\n    return fn(*args, **kwargs)\n  File "/home/lijiaxing/.conda/envs/api/lib/python3.10/site-packages/triton/language/core.py", line 2216, in store\n    return _semantic.store(pointer, value, mask, boundary_check, cache_modifier, eviction_policy)\n  File "/home/lijiaxing/.conda/envs/api/lib/python3.10/site-packages/triton/language/semantic.py", line 1292, in store\n    return self._store_legacy(ptr, val, mask, boundary_check, cache, eviction)\n  File "/home/lijiaxing/.conda/envs/api/lib/python3.10/site-packages/triton/language/semantic.py", line 1248, in _store_legacy\n    raise ValueError("Value argument cannot be block type if pointer argument is not a block")\nValueError: Value argument cannot be block type if pointer argument is not a block\n\nThe above exception was the direct cause of the following exception:\n\nTraceback (most recent call last):\n  File "/cpfs01/shared/llm_kernel/hujiakai/KernelLLM/validation_api_server/helpers/evaluations.py", line 720, in run_and_check_correctness\n    output_new = model_new(*inputs)\n  File "/home/lijiaxing/.conda/envs/api/lib/python3.10/site-packages/torch/nn/modules/module.py", line 1773, in _wrapped_call_impl\n    return self._call_impl(*args, **kwargs)\n  File "/home/lijiaxing/.conda/envs/api/lib/python3.10/site-packages/torch/nn/modules/module.py", line 1784, in _call_impl\n    return forward_call(*args, **kwargs)\n  File "/tmp/tmpke3ljdxb.py", line 151, in forward\n    return self.fc(out[:, -1, :])\n  File "/home/lijiaxing/.conda/envs/api/lib/python3.10/site-packages/torch/nn/modules/module.py", line 1773, in _wrapped_call_impl\n    return self._call_impl(*args, **kwargs)\n  File "/home/lijiaxing/.conda/envs/api/lib/python3.10/site-packages/torch/nn/modules/module.py", line 1784, in _call_impl\n    return forward_call(*args, **kwargs)\n  File "/tmp/tmpke3ljdxb.py", line 98, in forward\n    linear_kernel[grid](\n  File "/home/lijiaxing/.conda/envs/api/lib/python3.10/site-packages/triton/runtime/jit.py", line 390, in <lambda>\n    return lambda *args, **kwargs: self.run(grid=grid, warmup=False, *args, **kwargs)\n  File "/home/lijiaxing/.conda/envs/api/lib/python3.10/site-packages/triton/runtime/jit.py", line 594, in run\n    kernel = self.compile(src, target=target, options=options.__dict__)\n  File "/home/lijiaxing/.conda/envs/api/lib/python3.10/site-packages/triton/compiler/compiler.py", line 339, in compile\n    module = src.make_ir(options, codegen_fns, module_map, context)\n  File "/home/lijiaxing/.conda/envs/api/lib/python3.10/site-packages/triton/compiler/compiler.py", line 83, in make_ir\n    return ast_to_ttir(self.fn, self, context=context, options=options, codegen_fns=codegen_fns,\ntriton.compiler.errors.CompilationError: at 45:4:\n        w = w.to(tl.float32)\n\n        # Accumulate dot product\n        acc += tl.sum(x * w)\n\n    # Add bias if present\n    if b_ptr is not None:\n        bias = tl.load(b_ptr + pid_o)\n        acc += bias.to(tl.float32)\n\n    # Store result with automatic dtype conversion\n    tl.store(output_ptr + output_offset, acc)\n    ^\n\n\nThe above exception was the direct cause of the following exception:\n\nTraceback (most recent call last):\n  File "/home/lijiaxing/.conda/envs/api/lib/python3.10/site-packages/triton/language/core.py", line 42, in wrapper\n    return fn(*args, **kwargs)\n  File "/home/lijiaxing/.conda/envs/api/lib/python3.10/site-packages/triton/language/core.py", line 2216, in store\n    return _semantic.store(pointer, value, mask, boundary_check, cache_modifier, eviction_policy)\n  File "/home/lijiaxing/.conda/envs/api/lib/python3.10/site-packages/triton/language/semantic.py", line 1292, in store\n    return self._store_legacy(ptr, val, mask, boundary_check, cache, eviction)\n  File "/home/lijiaxing/.conda/envs/api/lib/python3.10/site-packages/triton/language/semantic.py", line 1248, in _store_legacy\n    raise ValueError("Value argument cannot be block type if pointer argument is not a block")\nValueError: Value argument cannot be block type if pointer argument is not a block\n', 'runtime_error_name': 'triton.compiler.errors.CompilationError', 'reference_timing_ms': 26.0, 'speed_up': -1.0, 'custom_timing': -1.0}, 'runtime': -1.0, 'runtime_stats': {}}}
2025-08-08 03:28:38,105 - openevolve.RemoteSpeedupEvaluator - INFO - [level3_35_LTSM] âœ˜ invalid_answer 'import triton' is not found
2025-08-08 03:28:38,106 - openevolve.evaluator - INFO - Evaluated program e7eaa72c-9ae5-4400-884c-dd8307b70dac in 0.00s: compiled=0.0000, correctness=0.0000, score=-100.0000, stage=no_valid_triton_code, feedback=You need to generate real and valid triton code for the core function. The key word 'import triton' is not found.
2025-08-08 03:28:38,110 - openevolve.database - INFO - Population size (26) exceeds limit (25), removing 1 programs
2025-08-08 03:28:38,110 - openevolve.database - INFO - Population size after cleanup: 25
2025-08-08 03:28:38,116 - openevolve.threaded_parallel - INFO - Iteration 27: Program e7eaa72c-9ae5-4400-884c-dd8307b70dac (parent: c9db0501-951c-4cc3-9152-edd665bb17d1) completed in 790.83s
2025-08-08 03:28:38,116 - openevolve.threaded_parallel - INFO - Metrics: compiled=0.0000, correctness=0.0000, score=-100.0000, stage=no_valid_triton_code, feedback=You need to generate real and valid triton code for the core function. The key word 'import triton' is not found.
2025-08-08 03:28:38,116 - openevolve.threaded_parallel - INFO - Checkpoint interval reached at iteration 27
2025-08-08 03:28:38,118 - openevolve.database - INFO - Island Status:
2025-08-08 03:28:38,118 - openevolve.database - INFO -    Island 0: 9 programs, best=10.0000, avg=-15.5556, diversity=711.40, gen=10 (best: fe7c325b-b9aa-437d-95bb-f9c654761d62)
2025-08-08 03:28:38,118 - openevolve.database - INFO -  * Island 1: 10 programs, best=10.0000, avg=-1.0000, diversity=386.73, gen=11 (best: 13a383ef-cf1d-4cf5-817d-486b83e6a9c5)
2025-08-08 03:28:38,118 - openevolve.database - INFO -    Island 2: 7 programs, best=45.0000, avg=15.0000, diversity=180.82, gen=9 (best: df276b61-1124-4d90-9cfe-c108ddfcfb64)
2025-08-08 03:28:38,435 - openevolve.database - INFO - Saved database with 25 programs to openevolve_output/level3_35_LTSM/checkpoints/checkpoint_27
2025-08-08 03:28:38,445 - openevolve.controller - INFO - Saved best program at checkpoint 27 with metrics: compiled=1.0000, correctness=1.0000, stage=success, passed=1.0000, score=45.0000, speed_up=1.2500, runtime_ms=20.8000, meta={'hardware': 'NVIDIA L20Y', 'device': 'cuda:7', 'correctness_trials': '(5 / 5)', 'reference_timing_ms': 26.0, 'speed_up': 1.25, 'custom_timing': 20.8}
2025-08-08 03:28:38,445 - openevolve.controller - INFO - Saved checkpoint at iteration 27 to openevolve_output/level3_35_LTSM/checkpoints/checkpoint_27
2025-08-08 03:28:38,445 - openevolve.threaded_parallel - INFO - Evolution completed
2025-08-08 03:28:38,452 - openevolve.threaded_parallel - INFO - Stopped thread pool
2025-08-08 03:28:38,452 - openevolve.threaded_parallel - INFO - Stopped improved parallel controller
2025-08-08 03:28:38,452 - openevolve.controller - INFO - Using tracked best program: df276b61-1124-4d90-9cfe-c108ddfcfb64
2025-08-08 03:28:38,452 - openevolve.controller - INFO - Evolution complete. Best program has metrics: compiled=1.0000, correctness=1.0000, stage=success, passed=1.0000, score=45.0000, speed_up=1.2500, runtime_ms=20.8000, meta={'hardware': 'NVIDIA L20Y', 'device': 'cuda:7', 'correctness_trials': '(5 / 5)', 'reference_timing_ms': 26.0, 'speed_up': 1.25, 'custom_timing': 20.8}
2025-08-08 03:28:38,464 - openevolve.controller - INFO - Saved best program to openevolve_output/level3_35_LTSM/best/best_program.py with program info to openevolve_output/level3_35_LTSM/best/best_program_info.json
2025-08-08 03:28:38,465 - __main__ - INFO - âœ… å®Œæˆ level3_35_LTSM
2025-08-08 03:28:38,465 - __main__ - INFO - ======================================================================
2025-08-08 03:28:38,465 - __main__ - INFO - ðŸš€ [6/6] å¼€å§‹ level4_17_facebook-bart-large_bs1024_seq32
2025-08-08 03:28:38,465 - __main__ - INFO - ======================================================================
2025-08-08 03:28:38,516 - openevolve.controller - INFO - Logging to openevolve_output/level4_17_facebook-bart-large_bs1024_seq32/logs/openevolve_20250808_032838.log
2025-08-08 03:28:38,516 - openevolve.controller - INFO - Set random seed to 42 for reproducibility
2025-08-08 03:28:38,556 - openevolve.llm.ensemble - INFO - Initialized LLM ensemble with models: deepseek (weight: 0.80), deepseek (weight: 0.20)
2025-08-08 03:28:38,594 - openevolve.llm.ensemble - INFO - Initialized LLM ensemble with models: deepseek (weight: 0.80), deepseek (weight: 0.20)
2025-08-08 03:28:38,594 - openevolve.prompt.sampler - INFO - Set custom templates: system=evaluator_system_message, user=None
2025-08-08 03:28:38,595 - openevolve.database - INFO - Initialized program database with 0 programs
2025-08-08 03:28:38,616 - openevolve.evaluator - INFO - Successfully loaded evaluation function from openevolve_output/level4_17_facebook-bart-large_bs1024_seq32/evaluation.py
2025-08-08 03:28:38,616 - openevolve.evaluator - INFO - Initialized evaluator with openevolve_output/level4_17_facebook-bart-large_bs1024_seq32/evaluation.py
2025-08-08 03:28:38,616 - openevolve.controller - INFO - Initialized OpenEvolve with /tmp/e7dc9806ebbdd9c69a80bb3bb67cdae2.py
2025-08-08 03:28:38,616 - openevolve.controller - INFO - Adding initial program to database
2025-08-08 03:28:38,617 - openevolve.RemoteSpeedupEvaluator - INFO - [level4_17_facebook-bart-large_bs1024_seq32] verify_plus payload: reference_code(719 chars) + custom_code(840 chars)
2025-08-08 03:28:40,982 - openevolve.RemoteSpeedupEvaluator - INFO - [level4_17_facebook-bart-large_bs1024_seq32] verify_plus request success
2025-08-08 03:28:40,982 - openevolve.RemoteSpeedupEvaluator - INFO - [level4_17_facebook-bart-large_bs1024_seq32] verify_plus response: {"id":"level4_17_facebook-bart-large_bs1024_seq32","result":{"error":"No module named 'transformers'\nTraceback (most recent call last):\n  File \"/cpfs01/shared/llm_kernel/hujiakai/KernelLLM/validation_api_server/evaluator.py\", line 92, in _measure_perf_worker\n    exec(textwrap.dedent(code_src), temp_module.__dict__)\n  File \"<string>\", line 3, in <module>\nModuleNotFoundError: No module named 'transformers'\n"}}
2025-08-08 03:28:40,983 - openevolve.evaluator - WARNING - Evaluation attempt 1/4 failed for program b47e0e2f-b7ac-4b73-b7c3-2d4ffd87884c: Error: The reference code is not valid or correct. The verify result is: {'error': 'No module named \'transformers\'\nTraceback (most recent call last):\n  File "/cpfs01/shared/llm_kernel/hujiakai/KernelLLM/validation_api_server/evaluator.py", line 92, in _measure_perf_worker\n    exec(textwrap.dedent(code_src), temp_module.__dict__)\n  File "<string>", line 3, in <module>\nModuleNotFoundError: No module named \'transformers\'\n'}
2025-08-08 03:28:41,989 - openevolve.RemoteSpeedupEvaluator - INFO - [level4_17_facebook-bart-large_bs1024_seq32] verify_plus payload: reference_code(719 chars) + custom_code(840 chars)
2025-08-08 03:28:44,311 - openevolve.RemoteSpeedupEvaluator - INFO - [level4_17_facebook-bart-large_bs1024_seq32] verify_plus request success
2025-08-08 03:28:44,311 - openevolve.RemoteSpeedupEvaluator - INFO - [level4_17_facebook-bart-large_bs1024_seq32] verify_plus response: {"id":"level4_17_facebook-bart-large_bs1024_seq32","result":{"error":"No module named 'transformers'\nTraceback (most recent call last):\n  File \"/cpfs01/shared/llm_kernel/hujiakai/KernelLLM/validation_api_server/evaluator.py\", line 92, in _measure_perf_worker\n    exec(textwrap.dedent(code_src), temp_module.__dict__)\n  File \"<string>\", line 3, in <module>\nModuleNotFoundError: No module named 'transformers'\n"}}
2025-08-08 03:28:44,312 - openevolve.evaluator - WARNING - Evaluation attempt 2/4 failed for program b47e0e2f-b7ac-4b73-b7c3-2d4ffd87884c: Error: The reference code is not valid or correct. The verify result is: {'error': 'No module named \'transformers\'\nTraceback (most recent call last):\n  File "/cpfs01/shared/llm_kernel/hujiakai/KernelLLM/validation_api_server/evaluator.py", line 92, in _measure_perf_worker\n    exec(textwrap.dedent(code_src), temp_module.__dict__)\n  File "<string>", line 3, in <module>\nModuleNotFoundError: No module named \'transformers\'\n'}
2025-08-08 03:28:45,314 - openevolve.RemoteSpeedupEvaluator - INFO - [level4_17_facebook-bart-large_bs1024_seq32] verify_plus payload: reference_code(719 chars) + custom_code(840 chars)
2025-08-08 03:28:47,559 - openevolve.RemoteSpeedupEvaluator - INFO - [level4_17_facebook-bart-large_bs1024_seq32] verify_plus request success
2025-08-08 03:28:47,560 - openevolve.RemoteSpeedupEvaluator - INFO - [level4_17_facebook-bart-large_bs1024_seq32] verify_plus response: {"id":"level4_17_facebook-bart-large_bs1024_seq32","result":{"error":"No module named 'transformers'\nTraceback (most recent call last):\n  File \"/cpfs01/shared/llm_kernel/hujiakai/KernelLLM/validation_api_server/evaluator.py\", line 92, in _measure_perf_worker\n    exec(textwrap.dedent(code_src), temp_module.__dict__)\n  File \"<string>\", line 3, in <module>\nModuleNotFoundError: No module named 'transformers'\n"}}
2025-08-08 03:28:47,560 - openevolve.evaluator - WARNING - Evaluation attempt 3/4 failed for program b47e0e2f-b7ac-4b73-b7c3-2d4ffd87884c: Error: The reference code is not valid or correct. The verify result is: {'error': 'No module named \'transformers\'\nTraceback (most recent call last):\n  File "/cpfs01/shared/llm_kernel/hujiakai/KernelLLM/validation_api_server/evaluator.py", line 92, in _measure_perf_worker\n    exec(textwrap.dedent(code_src), temp_module.__dict__)\n  File "<string>", line 3, in <module>\nModuleNotFoundError: No module named \'transformers\'\n'}
2025-08-08 03:28:48,563 - openevolve.RemoteSpeedupEvaluator - INFO - [level4_17_facebook-bart-large_bs1024_seq32] verify_plus payload: reference_code(719 chars) + custom_code(840 chars)
2025-08-08 03:28:50,772 - openevolve.RemoteSpeedupEvaluator - INFO - [level4_17_facebook-bart-large_bs1024_seq32] verify_plus request success
2025-08-08 03:28:50,773 - openevolve.RemoteSpeedupEvaluator - INFO - [level4_17_facebook-bart-large_bs1024_seq32] verify_plus response: {"id":"level4_17_facebook-bart-large_bs1024_seq32","result":{"error":"No module named 'transformers'\nTraceback (most recent call last):\n  File \"/cpfs01/shared/llm_kernel/hujiakai/KernelLLM/validation_api_server/evaluator.py\", line 92, in _measure_perf_worker\n    exec(textwrap.dedent(code_src), temp_module.__dict__)\n  File \"<string>\", line 3, in <module>\nModuleNotFoundError: No module named 'transformers'\n"}}
2025-08-08 03:28:50,773 - openevolve.evaluator - WARNING - Evaluation attempt 4/4 failed for program b47e0e2f-b7ac-4b73-b7c3-2d4ffd87884c: Error: The reference code is not valid or correct. The verify result is: {'error': 'No module named \'transformers\'\nTraceback (most recent call last):\n  File "/cpfs01/shared/llm_kernel/hujiakai/KernelLLM/validation_api_server/evaluator.py", line 92, in _measure_perf_worker\n    exec(textwrap.dedent(code_src), temp_module.__dict__)\n  File "<string>", line 3, in <module>\nModuleNotFoundError: No module named \'transformers\'\n'}
2025-08-08 03:28:50,774 - openevolve.evaluator - ERROR - All evaluation attempts failed for program b47e0e2f-b7ac-4b73-b7c3-2d4ffd87884c. Last error: Error: The reference code is not valid or correct. The verify result is: {'error': 'No module named \'transformers\'\nTraceback (most recent call last):\n  File "/cpfs01/shared/llm_kernel/hujiakai/KernelLLM/validation_api_server/evaluator.py", line 92, in _measure_perf_worker\n    exec(textwrap.dedent(code_src), temp_module.__dict__)\n  File "<string>", line 3, in <module>\nModuleNotFoundError: No module named \'transformers\'\n'}
2025-08-08 03:28:50,775 - __main__ - ERROR - ðŸ’¥ å¤±è´¥ level4_17_facebook-bart-large_bs1024_seq32: 'score'
2025-08-08 03:28:50,775 - __main__ - INFO - ----------------------------------------------------------------------
2025-08-08 03:28:50,775 - __main__ - INFO - ðŸ“Š è¿›ç¨‹ rank=7 ç»“æŸ | æˆåŠŸ 5 | å¤±è´¥ 1
2025-08-08 03:28:50,775 - __main__ - INFO - ----------------------------------------------------------------------
