2025-08-08 01:24:09,310 - openevolve.controller - INFO - Logging to openevolve_output/level3_44_MiniGPTBlock/logs/openevolve_20250808_012409.log
2025-08-08 01:24:09,310 - openevolve.controller - INFO - Set random seed to 42 for reproducibility
2025-08-08 01:24:09,350 - openevolve.llm.ensemble - INFO - Initialized LLM ensemble with models: deepseek (weight: 0.80), deepseek (weight: 0.20)
2025-08-08 01:24:09,390 - openevolve.llm.ensemble - INFO - Initialized LLM ensemble with models: deepseek (weight: 0.80), deepseek (weight: 0.20)
2025-08-08 01:24:09,390 - openevolve.prompt.sampler - INFO - Set custom templates: system=evaluator_system_message, user=None
2025-08-08 01:24:09,390 - openevolve.database - INFO - Initialized program database with 0 programs
2025-08-08 01:24:09,419 - openevolve.evaluator - INFO - Successfully loaded evaluation function from openevolve_output/level3_44_MiniGPTBlock/evaluation.py
2025-08-08 01:24:09,419 - openevolve.evaluator - INFO - Initialized evaluator with openevolve_output/level3_44_MiniGPTBlock/evaluation.py
2025-08-08 01:24:09,419 - openevolve.controller - INFO - Initialized OpenEvolve with /tmp/630e59d127b8443a806a5955d465651b.py
2025-08-08 01:24:09,419 - openevolve.controller - INFO - Adding initial program to database
2025-08-08 01:24:09,420 - openevolve.RemoteSpeedupEvaluator - INFO - [level3_44_MiniGPTBlock] verify_plus payload: reference_code(3888 chars) + custom_code(4009 chars)
2025-08-08 01:24:23,266 - openevolve.RemoteSpeedupEvaluator - INFO - [level3_44_MiniGPTBlock] verify_plus request success
2025-08-08 01:24:23,266 - openevolve.RemoteSpeedupEvaluator - INFO - [level3_44_MiniGPTBlock] verify_plus response: {"id":"level3_44_MiniGPTBlock","result":{"compiled":true,"correctness":true,"metadata":{"hardware":"NVIDIA L20Y","device":"cuda:6","correctness_trials":"(5 / 5)","reference_timing_ms":0.489,"speed_up":0.016,"custom_timing":30.3},"runtime":30.3,"runtime_stats":{"mean":30.3,"std":0.174,"min":30.2,"max":31.1,"num_trials":100,"hardware":"NVIDIA L20Y","device":"cuda:6"}}}
2025-08-08 01:24:23,267 - openevolve.evaluator - INFO - Evaluated program 48268c50-ab53-49d8-82d0-b340fc0d4c65 in 13.85s: compiled=1.0000, correctness=1.0000, stage=reference code, passed=0.0000, score=0.0000, speed_up=1.0000, runtime_ms=30.3000, meta={'hardware': 'NVIDIA L20Y', 'device': 'cuda:6', 'correctness_trials': '(5 / 5)', 'reference_timing_ms': 0.489, 'speed_up': 0.016, 'custom_timing': 30.3}
2025-08-08 01:24:23,267 - openevolve.database - INFO - New MAP-Elites cell occupied: {'score': 0, 'complexity': 4}
2025-08-08 01:24:23,286 - openevolve.threaded_parallel - INFO - Initializing threaded evaluation pool with 3 workers
2025-08-08 01:24:23,288 - openevolve.threaded_parallel - INFO - Started thread pool with 3 threads
2025-08-08 01:24:23,288 - openevolve.threaded_parallel - INFO - Started improved parallel controller
2025-08-08 01:24:23,288 - openevolve.controller - INFO - Using island-based evolution with 3 islands
2025-08-08 01:24:23,288 - openevolve.database - INFO - Island Status:
2025-08-08 01:24:23,288 - openevolve.database - INFO -  * Island 0: 1 programs, best=0.0000, avg=0.0000, diversity=0.00, gen=0 (best: 48268c50-ab53-49d8-82d0-b340fc0d4c65)
2025-08-08 01:24:23,288 - openevolve.database - INFO -    Island 1: 0 programs, best=0.0000, avg=0.0000, diversity=0.00, gen=0
2025-08-08 01:24:23,288 - openevolve.database - INFO -    Island 2: 0 programs, best=0.0000, avg=0.0000, diversity=0.00, gen=0
2025-08-08 01:24:23,288 - openevolve.threaded_parallel - INFO - Starting improved parallel evolution from iteration 0 for 30 iterations (total: 30)
2025-08-08 01:24:23,497 - openevolve.llm.ensemble - INFO - Initialized LLM ensemble with models: deepseek (weight: 0.80), deepseek (weight: 0.20)
2025-08-08 01:24:23,502 - openevolve.llm.ensemble - INFO - Initialized LLM ensemble with models: deepseek (weight: 0.80), deepseek (weight: 0.20)
2025-08-08 01:24:23,512 - openevolve.llm.ensemble - INFO - Initialized LLM ensemble with models: deepseek (weight: 0.80), deepseek (weight: 0.20)
2025-08-08 01:24:23,712 - openevolve.llm.ensemble - INFO - Initialized LLM ensemble with models: deepseek (weight: 0.80), deepseek (weight: 0.20)
2025-08-08 01:24:23,713 - openevolve.prompt.sampler - INFO - Set custom templates: system=evaluator_system_message, user=None
2025-08-08 01:24:23,715 - openevolve.evaluator - INFO - Successfully loaded evaluation function from openevolve_output/level3_44_MiniGPTBlock/evaluation.py
2025-08-08 01:24:23,716 - openevolve.evaluator - INFO - Initialized evaluator with openevolve_output/level3_44_MiniGPTBlock/evaluation.py
2025-08-08 01:24:23,716 - openevolve.llm.ensemble - INFO - Initialized LLM ensemble with models: deepseek (weight: 0.80), deepseek (weight: 0.20)
2025-08-08 01:24:23,717 - openevolve.prompt.sampler - INFO - Set custom templates: system=evaluator_system_message, user=None
2025-08-08 01:24:23,718 - openevolve.llm.ensemble - INFO - Initialized LLM ensemble with models: deepseek (weight: 0.80), deepseek (weight: 0.20)
2025-08-08 01:24:23,718 - openevolve.prompt.sampler - INFO - Set custom templates: system=evaluator_system_message, user=None
2025-08-08 01:24:23,718 - openevolve.llm.ensemble - INFO - Sampled model: deepseek
2025-08-08 01:24:23,719 - openevolve.evaluator - INFO - Successfully loaded evaluation function from openevolve_output/level3_44_MiniGPTBlock/evaluation.py
2025-08-08 01:24:23,720 - openevolve.evaluator - INFO - Initialized evaluator with openevolve_output/level3_44_MiniGPTBlock/evaluation.py
2025-08-08 01:24:23,721 - openevolve.evaluator - INFO - Successfully loaded evaluation function from openevolve_output/level3_44_MiniGPTBlock/evaluation.py
2025-08-08 01:24:23,721 - openevolve.evaluator - INFO - Initialized evaluator with openevolve_output/level3_44_MiniGPTBlock/evaluation.py
2025-08-08 01:24:23,722 - openevolve.llm.ensemble - INFO - Sampled model: deepseek
2025-08-08 01:24:23,723 - openevolve.llm.ensemble - INFO - Sampled model: deepseek
2025-08-08 01:33:46,764 - openevolve.RemoteSpeedupEvaluator - INFO - [level3_44_MiniGPTBlock] âœ˜ invalid_answer 'import triton.language as tl' is not found
2025-08-08 01:33:46,767 - openevolve.evaluator - INFO - Evaluated program e76851e3-1ee3-4a82-bf7e-d52928dffc8d in 0.00s: compiled=0.0000, correctness=0.0000, score=-100.0000, stage=no_valid_triton_code, feedback=You need to generate real and valid triton code for the core function. The key word 'import triton.language as tl' is not found.
2025-08-08 01:33:46,770 - openevolve.llm.ensemble - INFO - Sampled model: deepseek
2025-08-08 01:33:46,773 - openevolve.database - INFO - New MAP-Elites cell occupied: {'score': -1000, 'complexity': 0}
2025-08-08 01:33:46,787 - openevolve.threaded_parallel - INFO - Iteration 2: Program e76851e3-1ee3-4a82-bf7e-d52928dffc8d (parent: 48268c50-ab53-49d8-82d0-b340fc0d4c65) completed in 563.04s
2025-08-08 01:33:46,787 - openevolve.threaded_parallel - INFO - Metrics: compiled=0.0000, correctness=0.0000, score=-100.0000, stage=no_valid_triton_code, feedback=You need to generate real and valid triton code for the core function. The key word 'import triton.language as tl' is not found.
2025-08-08 01:38:22,129 - openevolve.RemoteSpeedupEvaluator - INFO - [level3_44_MiniGPTBlock] triton key words check pass
2025-08-08 01:38:22,131 - openevolve.RemoteSpeedupEvaluator - INFO - [level3_44_MiniGPTBlock] verify_plus payload: reference_code(3888 chars) + custom_code(6699 chars)
2025-08-08 01:38:25,649 - openevolve.RemoteSpeedupEvaluator - INFO - [level3_44_MiniGPTBlock] verify_plus request success
2025-08-08 01:38:25,649 - openevolve.RemoteSpeedupEvaluator - INFO - [level3_44_MiniGPTBlock] verify_plus response: {"id":"level3_44_MiniGPTBlock","result":{"compiled":true,"correctness":false,"metadata":{"hardware":"NVIDIA L20Y","device":"cuda:4","runtime_error":"Traceback (most recent call last):\n  File \"/home/lijiaxing/.conda/envs/api/lib/python3.10/site-packages/triton/language/core.py\", line 42, in wrapper\n    return fn(*args, **kwargs)\n  File \"/home/lijiaxing/.conda/envs/api/lib/python3.10/site-packages/triton/language/core.py\", line 2231, in make_block_ptr\n    return _semantic.make_block_ptr(base, shape, strides, offsets, block_shape, order)\n  File \"/home/lijiaxing/.conda/envs/api/lib/python3.10/site-packages/triton/language/semantic.py\", line 1838, in make_block_ptr\n    return self.tensor(handle, tl.pointer_type(tl.block_type(base.type.element_ty, block_shape)))\n  File \"/home/lijia
2025-08-08 01:38:25,650 - openevolve.RemoteSpeedupEvaluator - INFO - [level3_44_MiniGPTBlock] âœ˜ wrong_answer
2025-08-08 01:38:25,650 - openevolve.evaluator - INFO - Evaluated program d0e84685-6939-4d84-ba44-8b605ce7be9c in 3.52s: compiled=1.0000, correctness=0.0000, score=10.0000, stage=wrong_answer, verify_payload={'id': 'level3_44_MiniGPTBlock', 'result': {'compiled': True, 'correctness': False, 'metadata': {'hardware': 'NVIDIA L20Y', 'device': 'cuda:4', 'runtime_error': 'Traceback (most recent call last):\n  File "/home/lijiaxing/.conda/envs/api/lib/python3.10/site-packages/triton/language/core.py", line 42, in wrapper\n    return fn(*args, **kwargs)\n  File "/home/lijiaxing/.conda/envs/api/lib/python3.10/site-packages/triton/language/core.py", line 2231, in make_block_ptr\n    return _semantic.make_block_ptr(base, shape, strides, offsets, block_shape, order)\n  File "/home/lijiaxing/.conda/envs/api/lib/python3.10/site-packages/triton/language/semantic.py", line 1838, in make_block_ptr\n    return self.tensor(handle, tl.pointer_type(tl.block_type(base.type.element_ty, block_shape)))\n  File "/home/lijiaxing/.conda/envs/api/lib/python3.10/site-packages/triton/language/core.py", line 726, in __init__\n    self.numel = validate_block_shape(self.shape)\n  File "/home/lijiaxing/.conda/envs/api/lib/python3.10/site-packages/triton/_utils.py", line 52, in validate_block_shape\n    raise ValueError(f"Shape element {i} must be a power of 2")\nValueError: Shape element 1 must be a power of 2\n\nThe above exception was the direct cause of the following exception:\n\nTraceback (most recent call last):\n  File "/cpfs01/shared/llm_kernel/hujiakai/KernelLLM/validation_api_server/helpers/evaluations.py", line 720, in run_and_check_correctness\n    output_new = model_new(*inputs)\n  File "/home/lijiaxing/.conda/envs/api/lib/python3.10/site-packages/torch/nn/modules/module.py", line 1773, in _wrapped_call_impl\n    return self._call_impl(*args, **kwargs)\n  File "/home/lijiaxing/.conda/envs/api/lib/python3.10/site-packages/torch/nn/modules/module.py", line 1784, in _call_impl\n    return forward_call(*args, **kwargs)\n  File "/tmp/tmpqiyjk4km.py", line 166, in forward\n    x = x + self.attn(self.ln_1(x))\n  File "/home/lijiaxing/.conda/envs/api/lib/python3.10/site-packages/torch/nn/modules/module.py", line 1773, in _wrapped_call_impl\n    return self._call_impl(*args, **kwargs)\n  File "/home/lijiaxing/.conda/envs/api/lib/python3.10/site-packages/torch/nn/modules/module.py", line 1784, in _call_impl\n    return forward_call(*args, **kwargs)\n  File "/tmp/tmpqiyjk4km.py", line 132, in forward\n    _fwd_attention_kernel[grid](\n  File "/home/lijiaxing/.conda/envs/api/lib/python3.10/site-packages/triton/runtime/jit.py", line 390, in <lambda>\n    return lambda *args, **kwargs: self.run(grid=grid, warmup=False, *args, **kwargs)\n  File "/home/lijiaxing/.conda/envs/api/lib/python3.10/site-packages/triton/runtime/jit.py", line 594, in run\n    kernel = self.compile(src, target=target, options=options.__dict__)\n  File "/home/lijiaxing/.conda/envs/api/lib/python3.10/site-packages/triton/compiler/compiler.py", line 339, in compile\n    module = src.make_ir(options, codegen_fns, module_map, context)\n  File "/home/lijiaxing/.conda/envs/api/lib/python3.10/site-packages/triton/compiler/compiler.py", line 83, in make_ir\n    return ast_to_ttir(self.fn, self, context=context, options=options, codegen_fns=codegen_fns,\ntriton.compiler.errors.CompilationError: at 18:18:\n    scale, \n    N_CTX,\n    BLOCK_M: tl.constexpr, BLOCK_N: tl.constexpr,\n    BLOCK_DMODEL: tl.constexpr,\n):\n    start_m = tl.program_id(0)\n    off_hz = tl.program_id(1)\n    off_z = off_hz // N_CTX\n    off_h = off_hz % N_CTX\n\n    q_offset = off_z * stride_qz + off_h * stride_qh\n    Q_block_ptr = tl.make_block_ptr(\n                  ^\n\n\nThe above exception was the direct cause of the following exception:\n\nTraceback (most recent call last):\n  File "/home/lijiaxing/.conda/envs/api/lib/python3.10/site-packages/triton/language/core.py", line 42, in wrapper\n    return fn(*args, **kwargs)\n  File "/home/lijiaxing/.conda/envs/api/lib/python3.10/site-packages/triton/language/core.py", line 2231, in make_block_ptr\n    return _semantic.make_block_ptr(base, shape, strides, offsets, block_shape, order)\n  File "/home/lijiaxing/.conda/envs/api/lib/python3.10/site-packages/triton/language/semantic.py", line 1838, in make_block_ptr\n    return self.tensor(handle, tl.pointer_type(tl.block_type(base.type.element_ty, block_shape)))\n  File "/home/lijiaxing/.conda/envs/api/lib/python3.10/site-packages/triton/language/core.py", line 726, in __init__\n    self.numel = validate_block_shape(self.shape)\n  File "/home/lijiaxing/.conda/envs/api/lib/python3.10/site-packages/triton/_utils.py", line 52, in validate_block_shape\n    raise ValueError(f"Shape element {i} must be a power of 2")\nValueError: Shape element 1 must be a power of 2\n', 'runtime_error_name': 'triton.compiler.errors.CompilationError', 'reference_timing_ms': 0.489, 'speed_up': -1.0, 'custom_timing': -1.0}, 'runtime': -1.0, 'runtime_stats': {}}}
2025-08-08 01:38:25,653 - openevolve.database - INFO - New MAP-Elites cell occupied: {'score': 9, 'complexity': 9}
2025-08-08 01:38:25,653 - openevolve.database - INFO - New best program d0e84685-6939-4d84-ba44-8b605ce7be9c replaces 48268c50-ab53-49d8-82d0-b340fc0d4c65
2025-08-08 01:38:25,653 - openevolve.llm.ensemble - INFO - Sampled model: deepseek
2025-08-08 01:38:25,665 - openevolve.threaded_parallel - INFO - Iteration 0: Program d0e84685-6939-4d84-ba44-8b605ce7be9c (parent: 48268c50-ab53-49d8-82d0-b340fc0d4c65) completed in 841.93s
2025-08-08 01:38:25,666 - openevolve.threaded_parallel - INFO - Metrics: compiled=1.0000, correctness=0.0000, score=10.0000, stage=wrong_answer, verify_payload={'id': 'level3_44_MiniGPTBlock', 'result': {'compiled': True, 'correctness': False, 'metadata': {'hardware': 'NVIDIA L20Y', 'device': 'cuda:4', 'runtime_error': 'Traceback (most recent call last):\n  File "/home/lijiaxing/.conda/envs/api/lib/python3.10/site-packages/triton/language/core.py", line 42, in wrapper\n    return fn(*args, **kwargs)\n  File "/home/lijiaxing/.conda/envs/api/lib/python3.10/site-packages/triton/language/core.py", line 2231, in make_block_ptr\n    return _semantic.make_block_ptr(base, shape, strides, offsets, block_shape, order)\n  File "/home/lijiaxing/.conda/envs/api/lib/python3.10/site-packages/triton/language/semantic.py", line 1838, in make_block_ptr\n    return self.tensor(handle, tl.pointer_type(tl.block_type(base.type.element_ty, block_shape)))\n  File "/home/lijiaxing/.conda/envs/api/lib/python3.10/site-packages/triton/language/core.py", line 726, in __init__\n    self.numel = validate_block_shape(self.shape)\n  File "/home/lijiaxing/.conda/envs/api/lib/python3.10/site-packages/triton/_utils.py", line 52, in validate_block_shape\n    raise ValueError(f"Shape element {i} must be a power of 2")\nValueError: Shape element 1 must be a power of 2\n\nThe above exception was the direct cause of the following exception:\n\nTraceback (most recent call last):\n  File "/cpfs01/shared/llm_kernel/hujiakai/KernelLLM/validation_api_server/helpers/evaluations.py", line 720, in run_and_check_correctness\n    output_new = model_new(*inputs)\n  File "/home/lijiaxing/.conda/envs/api/lib/python3.10/site-packages/torch/nn/modules/module.py", line 1773, in _wrapped_call_impl\n    return self._call_impl(*args, **kwargs)\n  File "/home/lijiaxing/.conda/envs/api/lib/python3.10/site-packages/torch/nn/modules/module.py", line 1784, in _call_impl\n    return forward_call(*args, **kwargs)\n  File "/tmp/tmpqiyjk4km.py", line 166, in forward\n    x = x + self.attn(self.ln_1(x))\n  File "/home/lijiaxing/.conda/envs/api/lib/python3.10/site-packages/torch/nn/modules/module.py", line 1773, in _wrapped_call_impl\n    return self._call_impl(*args, **kwargs)\n  File "/home/lijiaxing/.conda/envs/api/lib/python3.10/site-packages/torch/nn/modules/module.py", line 1784, in _call_impl\n    return forward_call(*args, **kwargs)\n  File "/tmp/tmpqiyjk4km.py", line 132, in forward\n    _fwd_attention_kernel[grid](\n  File "/home/lijiaxing/.conda/envs/api/lib/python3.10/site-packages/triton/runtime/jit.py", line 390, in <lambda>\n    return lambda *args, **kwargs: self.run(grid=grid, warmup=False, *args, **kwargs)\n  File "/home/lijiaxing/.conda/envs/api/lib/python3.10/site-packages/triton/runtime/jit.py", line 594, in run\n    kernel = self.compile(src, target=target, options=options.__dict__)\n  File "/home/lijiaxing/.conda/envs/api/lib/python3.10/site-packages/triton/compiler/compiler.py", line 339, in compile\n    module = src.make_ir(options, codegen_fns, module_map, context)\n  File "/home/lijiaxing/.conda/envs/api/lib/python3.10/site-packages/triton/compiler/compiler.py", line 83, in make_ir\n    return ast_to_ttir(self.fn, self, context=context, options=options, codegen_fns=codegen_fns,\ntriton.compiler.errors.CompilationError: at 18:18:\n    scale, \n    N_CTX,\n    BLOCK_M: tl.constexpr, BLOCK_N: tl.constexpr,\n    BLOCK_DMODEL: tl.constexpr,\n):\n    start_m = tl.program_id(0)\n    off_hz = tl.program_id(1)\n    off_z = off_hz // N_CTX\n    off_h = off_hz % N_CTX\n\n    q_offset = off_z * stride_qz + off_h * stride_qh\n    Q_block_ptr = tl.make_block_ptr(\n                  ^\n\n\nThe above exception was the direct cause of the following exception:\n\nTraceback (most recent call last):\n  File "/home/lijiaxing/.conda/envs/api/lib/python3.10/site-packages/triton/language/core.py", line 42, in wrapper\n    return fn(*args, **kwargs)\n  File "/home/lijiaxing/.conda/envs/api/lib/python3.10/site-packages/triton/language/core.py", line 2231, in make_block_ptr\n    return _semantic.make_block_ptr(base, shape, strides, offsets, block_shape, order)\n  File "/home/lijiaxing/.conda/envs/api/lib/python3.10/site-packages/triton/language/semantic.py", line 1838, in make_block_ptr\n    return self.tensor(handle, tl.pointer_type(tl.block_type(base.type.element_ty, block_shape)))\n  File "/home/lijiaxing/.conda/envs/api/lib/python3.10/site-packages/triton/language/core.py", line 726, in __init__\n    self.numel = validate_block_shape(self.shape)\n  File "/home/lijiaxing/.conda/envs/api/lib/python3.10/site-packages/triton/_utils.py", line 52, in validate_block_shape\n    raise ValueError(f"Shape element {i} must be a power of 2")\nValueError: Shape element 1 must be a power of 2\n', 'runtime_error_name': 'triton.compiler.errors.CompilationError', 'reference_timing_ms': 0.489, 'speed_up': -1.0, 'custom_timing': -1.0}, 'runtime': -1.0, 'runtime_stats': {}}}
2025-08-08 01:38:25,666 - openevolve.threaded_parallel - INFO - ðŸŒŸ New best solution found at iteration 0: d0e84685-6939-4d84-ba44-8b605ce7be9c
2025-08-08 01:38:25,666 - openevolve.threaded_parallel - INFO - Checkpoint interval reached at iteration 0
2025-08-08 01:38:25,666 - openevolve.database - INFO - Island Status:
2025-08-08 01:38:25,667 - openevolve.database - INFO -  * Island 0: 3 programs, best=10.0000, avg=-30.0000, diversity=777.27, gen=2 (best: d0e84685-6939-4d84-ba44-8b605ce7be9c)
2025-08-08 01:38:25,667 - openevolve.database - INFO -    Island 1: 0 programs, best=0.0000, avg=0.0000, diversity=0.00, gen=0
2025-08-08 01:38:25,667 - openevolve.database - INFO -    Island 2: 0 programs, best=0.0000, avg=0.0000, diversity=0.00, gen=0
2025-08-08 01:38:25,757 - openevolve.database - INFO - Saved database with 3 programs to openevolve_output/level3_44_MiniGPTBlock/checkpoints/checkpoint_0
2025-08-08 01:38:25,787 - openevolve.controller - INFO - Saved best program at checkpoint 0 with metrics: compiled=1.0000, correctness=0.0000, score=10.0000, stage=wrong_answer, verify_payload={'id': 'level3_44_MiniGPTBlock', 'result': {'compiled': True, 'correctness': False, 'metadata': {'hardware': 'NVIDIA L20Y', 'device': 'cuda:4', 'runtime_error': 'Traceback (most recent call last):\n  File "/home/lijiaxing/.conda/envs/api/lib/python3.10/site-packages/triton/language/core.py", line 42, in wrapper\n    return fn(*args, **kwargs)\n  File "/home/lijiaxing/.conda/envs/api/lib/python3.10/site-packages/triton/language/core.py", line 2231, in make_block_ptr\n    return _semantic.make_block_ptr(base, shape, strides, offsets, block_shape, order)\n  File "/home/lijiaxing/.conda/envs/api/lib/python3.10/site-packages/triton/language/semantic.py", line 1838, in make_block_ptr\n    return self.tensor(handle, tl.pointer_type(tl.block_type(base.type.element_ty, block_shape)))\n  File "/home/lijiaxing/.conda/envs/api/lib/python3.10/site-packages/triton/language/core.py", line 726, in __init__\n    self.numel = validate_block_shape(self.shape)\n  File "/home/lijiaxing/.conda/envs/api/lib/python3.10/site-packages/triton/_utils.py", line 52, in validate_block_shape\n    raise ValueError(f"Shape element {i} must be a power of 2")\nValueError: Shape element 1 must be a power of 2\n\nThe above exception was the direct cause of the following exception:\n\nTraceback (most recent call last):\n  File "/cpfs01/shared/llm_kernel/hujiakai/KernelLLM/validation_api_server/helpers/evaluations.py", line 720, in run_and_check_correctness\n    output_new = model_new(*inputs)\n  File "/home/lijiaxing/.conda/envs/api/lib/python3.10/site-packages/torch/nn/modules/module.py", line 1773, in _wrapped_call_impl\n    return self._call_impl(*args, **kwargs)\n  File "/home/lijiaxing/.conda/envs/api/lib/python3.10/site-packages/torch/nn/modules/module.py", line 1784, in _call_impl\n    return forward_call(*args, **kwargs)\n  File "/tmp/tmpqiyjk4km.py", line 166, in forward\n    x = x + self.attn(self.ln_1(x))\n  File "/home/lijiaxing/.conda/envs/api/lib/python3.10/site-packages/torch/nn/modules/module.py", line 1773, in _wrapped_call_impl\n    return self._call_impl(*args, **kwargs)\n  File "/home/lijiaxing/.conda/envs/api/lib/python3.10/site-packages/torch/nn/modules/module.py", line 1784, in _call_impl\n    return forward_call(*args, **kwargs)\n  File "/tmp/tmpqiyjk4km.py", line 132, in forward\n    _fwd_attention_kernel[grid](\n  File "/home/lijiaxing/.conda/envs/api/lib/python3.10/site-packages/triton/runtime/jit.py", line 390, in <lambda>\n    return lambda *args, **kwargs: self.run(grid=grid, warmup=False, *args, **kwargs)\n  File "/home/lijiaxing/.conda/envs/api/lib/python3.10/site-packages/triton/runtime/jit.py", line 594, in run\n    kernel = self.compile(src, target=target, options=options.__dict__)\n  File "/home/lijiaxing/.conda/envs/api/lib/python3.10/site-packages/triton/compiler/compiler.py", line 339, in compile\n    module = src.make_ir(options, codegen_fns, module_map, context)\n  File "/home/lijiaxing/.conda/envs/api/lib/python3.10/site-packages/triton/compiler/compiler.py", line 83, in make_ir\n    return ast_to_ttir(self.fn, self, context=context, options=options, codegen_fns=codegen_fns,\ntriton.compiler.errors.CompilationError: at 18:18:\n    scale, \n    N_CTX,\n    BLOCK_M: tl.constexpr, BLOCK_N: tl.constexpr,\n    BLOCK_DMODEL: tl.constexpr,\n):\n    start_m = tl.program_id(0)\n    off_hz = tl.program_id(1)\n    off_z = off_hz // N_CTX\n    off_h = off_hz % N_CTX\n\n    q_offset = off_z * stride_qz + off_h * stride_qh\n    Q_block_ptr = tl.make_block_ptr(\n                  ^\n\n\nThe above exception was the direct cause of the following exception:\n\nTraceback (most recent call last):\n  File "/home/lijiaxing/.conda/envs/api/lib/python3.10/site-packages/triton/language/core.py", line 42, in wrapper\n    return fn(*args, **kwargs)\n  File "/home/lijiaxing/.conda/envs/api/lib/python3.10/site-packages/triton/language/core.py", line 2231, in make_block_ptr\n    return _semantic.make_block_ptr(base, shape, strides, offsets, block_shape, order)\n  File "/home/lijiaxing/.conda/envs/api/lib/python3.10/site-packages/triton/language/semantic.py", line 1838, in make_block_ptr\n    return self.tensor(handle, tl.pointer_type(tl.block_type(base.type.element_ty, block_shape)))\n  File "/home/lijiaxing/.conda/envs/api/lib/python3.10/site-packages/triton/language/core.py", line 726, in __init__\n    self.numel = validate_block_shape(self.shape)\n  File "/home/lijiaxing/.conda/envs/api/lib/python3.10/site-packages/triton/_utils.py", line 52, in validate_block_shape\n    raise ValueError(f"Shape element {i} must be a power of 2")\nValueError: Shape element 1 must be a power of 2\n', 'runtime_error_name': 'triton.compiler.errors.CompilationError', 'reference_timing_ms': 0.489, 'speed_up': -1.0, 'custom_timing': -1.0}, 'runtime': -1.0, 'runtime_stats': {}}}
2025-08-08 01:38:25,787 - openevolve.controller - INFO - Saved checkpoint at iteration 0 to openevolve_output/level3_44_MiniGPTBlock/checkpoints/checkpoint_0
2025-08-08 01:38:47,619 - openevolve.RemoteSpeedupEvaluator - INFO - [level3_44_MiniGPTBlock] triton key words check pass
2025-08-08 01:38:47,619 - openevolve.RemoteSpeedupEvaluator - INFO - [level3_44_MiniGPTBlock] verify_plus payload: reference_code(3888 chars) + custom_code(7035 chars)
2025-08-08 01:38:51,299 - openevolve.RemoteSpeedupEvaluator - INFO - [level3_44_MiniGPTBlock] verify_plus request success
2025-08-08 01:38:51,299 - openevolve.RemoteSpeedupEvaluator - INFO - [level3_44_MiniGPTBlock] verify_plus response: {"id":"level3_44_MiniGPTBlock","result":{"compiled":true,"correctness":false,"metadata":{"hardware":"NVIDIA L20Y","device":"cuda:0","runtime_error":"Traceback (most recent call last):\n  File \"/cpfs01/shared/llm_kernel/hujiakai/KernelLLM/validation_api_server/helpers/evaluations.py\", line 720, in run_and_check_correctness\n    output_new = model_new(*inputs)\n  File \"/home/lijiaxing/.conda/envs/api/lib/python3.10/site-packages/torch/nn/modules/module.py\", line 1773, in _wrapped_call_impl\n    return self._call_impl(*args, **kwargs)\n  File \"/home/lijiaxing/.conda/envs/api/lib/python3.10/site-packages/torch/nn/modules/module.py\", line 1784, in _call_impl\n    return forward_call(*args, **kwargs)\n  File \"/tmp/tmpjc1nb51x.py\", line 191, in forward\n    x = x + self.attn(self.ln_1(x))
2025-08-08 01:38:51,299 - openevolve.RemoteSpeedupEvaluator - INFO - [level3_44_MiniGPTBlock] âœ˜ wrong_answer
2025-08-08 01:38:51,300 - openevolve.evaluator - INFO - Evaluated program ebe8608a-d1df-4e21-b898-6943859ecb94 in 3.68s: compiled=1.0000, correctness=0.0000, score=10.0000, stage=wrong_answer, verify_payload={'id': 'level3_44_MiniGPTBlock', 'result': {'compiled': True, 'correctness': False, 'metadata': {'hardware': 'NVIDIA L20Y', 'device': 'cuda:0', 'runtime_error': 'Traceback (most recent call last):\n  File "/cpfs01/shared/llm_kernel/hujiakai/KernelLLM/validation_api_server/helpers/evaluations.py", line 720, in run_and_check_correctness\n    output_new = model_new(*inputs)\n  File "/home/lijiaxing/.conda/envs/api/lib/python3.10/site-packages/torch/nn/modules/module.py", line 1773, in _wrapped_call_impl\n    return self._call_impl(*args, **kwargs)\n  File "/home/lijiaxing/.conda/envs/api/lib/python3.10/site-packages/torch/nn/modules/module.py", line 1784, in _call_impl\n    return forward_call(*args, **kwargs)\n  File "/tmp/tmpjc1nb51x.py", line 191, in forward\n    x = x + self.attn(self.ln_1(x))\n  File "/home/lijiaxing/.conda/envs/api/lib/python3.10/site-packages/torch/nn/modules/module.py", line 1773, in _wrapped_call_impl\n    return self._call_impl(*args, **kwargs)\n  File "/home/lijiaxing/.conda/envs/api/lib/python3.10/site-packages/torch/nn/modules/module.py", line 1784, in _call_impl\n    return forward_call(*args, **kwargs)\n  File "/tmp/tmpjc1nb51x.py", line 168, in forward\n    y = flash_attention(q, k, v, causal=True, softmax_scale=None)\n  File "/tmp/tmpjc1nb51x.py", line 123, in flash_attention\n    _fwd_attention_kernel[grid](\n  File "/home/lijiaxing/.conda/envs/api/lib/python3.10/site-packages/triton/runtime/jit.py", line 390, in <lambda>\n    return lambda *args, **kwargs: self.run(grid=grid, warmup=False, *args, **kwargs)\n  File "/home/lijiaxing/.conda/envs/api/lib/python3.10/site-packages/triton/runtime/jit.py", line 594, in run\n    kernel = self.compile(src, target=target, options=options.__dict__)\n  File "/home/lijiaxing/.conda/envs/api/lib/python3.10/site-packages/triton/compiler/compiler.py", line 339, in compile\n    module = src.make_ir(options, codegen_fns, module_map, context)\n  File "/home/lijiaxing/.conda/envs/api/lib/python3.10/site-packages/triton/compiler/compiler.py", line 83, in make_ir\n    return ast_to_ttir(self.fn, self, context=context, options=options, codegen_fns=codegen_fns,\ntriton.compiler.errors.CompilationError: at 18:18:\n    L, M,\n    softmax_scale,\n    BLOCK_M: tl.constexpr, BLOCK_N: tl.constexpr,\n):\n    start_m = tl.program_id(0)\n    off_hz = tl.program_id(1)\n\n    # initialize offsets\n    qvk_offset = off_hz * stride_qh\n    Q_block_ptr = tl.make_block_ptr(\n        base=Q + qvk_offset,\n        shape=(L, BLOCK_DMODEL),\n                  ^\nNameError(\'BLOCK_DMODEL is not defined\')\n\n\nThe above exception was the direct cause of the following exception:\n\nNameError: BLOCK_DMODEL is not defined\n', 'runtime_error_name': 'triton.compiler.errors.CompilationError', 'reference_timing_ms': 0.489, 'speed_up': -1.0, 'custom_timing': -1.0}, 'runtime': -1.0, 'runtime_stats': {}}}
2025-08-08 01:38:51,304 - openevolve.llm.ensemble - INFO - Sampled model: deepseek
2025-08-08 01:38:51,320 - openevolve.threaded_parallel - INFO - Iteration 1: Program ebe8608a-d1df-4e21-b898-6943859ecb94 (parent: 48268c50-ab53-49d8-82d0-b340fc0d4c65) completed in 867.58s
2025-08-08 01:38:51,320 - openevolve.threaded_parallel - INFO - Metrics: compiled=1.0000, correctness=0.0000, score=10.0000, stage=wrong_answer, verify_payload={'id': 'level3_44_MiniGPTBlock', 'result': {'compiled': True, 'correctness': False, 'metadata': {'hardware': 'NVIDIA L20Y', 'device': 'cuda:0', 'runtime_error': 'Traceback (most recent call last):\n  File "/cpfs01/shared/llm_kernel/hujiakai/KernelLLM/validation_api_server/helpers/evaluations.py", line 720, in run_and_check_correctness\n    output_new = model_new(*inputs)\n  File "/home/lijiaxing/.conda/envs/api/lib/python3.10/site-packages/torch/nn/modules/module.py", line 1773, in _wrapped_call_impl\n    return self._call_impl(*args, **kwargs)\n  File "/home/lijiaxing/.conda/envs/api/lib/python3.10/site-packages/torch/nn/modules/module.py", line 1784, in _call_impl\n    return forward_call(*args, **kwargs)\n  File "/tmp/tmpjc1nb51x.py", line 191, in forward\n    x = x + self.attn(self.ln_1(x))\n  File "/home/lijiaxing/.conda/envs/api/lib/python3.10/site-packages/torch/nn/modules/module.py", line 1773, in _wrapped_call_impl\n    return self._call_impl(*args, **kwargs)\n  File "/home/lijiaxing/.conda/envs/api/lib/python3.10/site-packages/torch/nn/modules/module.py", line 1784, in _call_impl\n    return forward_call(*args, **kwargs)\n  File "/tmp/tmpjc1nb51x.py", line 168, in forward\n    y = flash_attention(q, k, v, causal=True, softmax_scale=None)\n  File "/tmp/tmpjc1nb51x.py", line 123, in flash_attention\n    _fwd_attention_kernel[grid](\n  File "/home/lijiaxing/.conda/envs/api/lib/python3.10/site-packages/triton/runtime/jit.py", line 390, in <lambda>\n    return lambda *args, **kwargs: self.run(grid=grid, warmup=False, *args, **kwargs)\n  File "/home/lijiaxing/.conda/envs/api/lib/python3.10/site-packages/triton/runtime/jit.py", line 594, in run\n    kernel = self.compile(src, target=target, options=options.__dict__)\n  File "/home/lijiaxing/.conda/envs/api/lib/python3.10/site-packages/triton/compiler/compiler.py", line 339, in compile\n    module = src.make_ir(options, codegen_fns, module_map, context)\n  File "/home/lijiaxing/.conda/envs/api/lib/python3.10/site-packages/triton/compiler/compiler.py", line 83, in make_ir\n    return ast_to_ttir(self.fn, self, context=context, options=options, codegen_fns=codegen_fns,\ntriton.compiler.errors.CompilationError: at 18:18:\n    L, M,\n    softmax_scale,\n    BLOCK_M: tl.constexpr, BLOCK_N: tl.constexpr,\n):\n    start_m = tl.program_id(0)\n    off_hz = tl.program_id(1)\n\n    # initialize offsets\n    qvk_offset = off_hz * stride_qh\n    Q_block_ptr = tl.make_block_ptr(\n        base=Q + qvk_offset,\n        shape=(L, BLOCK_DMODEL),\n                  ^\nNameError(\'BLOCK_DMODEL is not defined\')\n\n\nThe above exception was the direct cause of the following exception:\n\nNameError: BLOCK_DMODEL is not defined\n', 'runtime_error_name': 'triton.compiler.errors.CompilationError', 'reference_timing_ms': 0.489, 'speed_up': -1.0, 'custom_timing': -1.0}, 'runtime': -1.0, 'runtime_stats': {}}}
2025-08-08 01:43:53,917 - openevolve.RemoteSpeedupEvaluator - INFO - [level3_44_MiniGPTBlock] âœ˜ invalid_answer '@triton.jit' is not found
2025-08-08 01:43:53,920 - openevolve.evaluator - INFO - Evaluated program fd5efd91-7f23-4b3f-a72a-a7fbff68729e in 0.00s: compiled=0.0000, correctness=0.0000, score=-100.0000, stage=no_valid_triton_code, feedback=You need to generate real and valid triton code for the core function. The key word '@triton.jit' is not found.
2025-08-08 01:43:53,922 - openevolve.llm.ensemble - INFO - Sampled model: deepseek
2025-08-08 01:43:53,933 - openevolve.threaded_parallel - INFO - Iteration 4: Program fd5efd91-7f23-4b3f-a72a-a7fbff68729e (parent: 48268c50-ab53-49d8-82d0-b340fc0d4c65) completed in 328.27s
2025-08-08 01:43:53,934 - openevolve.threaded_parallel - INFO - Metrics: compiled=0.0000, correctness=0.0000, score=-100.0000, stage=no_valid_triton_code, feedback=You need to generate real and valid triton code for the core function. The key word '@triton.jit' is not found.
2025-08-08 01:52:02,216 - openevolve.RemoteSpeedupEvaluator - INFO - [level3_44_MiniGPTBlock] triton key words check pass
2025-08-08 01:52:02,218 - openevolve.RemoteSpeedupEvaluator - INFO - [level3_44_MiniGPTBlock] verify_plus payload: reference_code(3888 chars) + custom_code(6761 chars)
2025-08-08 01:52:05,643 - openevolve.RemoteSpeedupEvaluator - INFO - [level3_44_MiniGPTBlock] verify_plus request success
2025-08-08 01:52:05,643 - openevolve.RemoteSpeedupEvaluator - INFO - [level3_44_MiniGPTBlock] verify_plus response: {"id":"level3_44_MiniGPTBlock","result":{"compiled":true,"correctness":false,"metadata":{"hardware":"NVIDIA L20Y","device":"cuda:7","runtime_error":"Traceback (most recent call last):\n  File \"/home/lijiaxing/.conda/envs/api/lib/python3.10/site-packages/triton/language/core.py\", line 42, in wrapper\n    return fn(*args, **kwargs)\n  File \"/home/lijiaxing/.conda/envs/api/lib/python3.10/site-packages/triton/language/core.py\", line 1654, in arange\n    return _semantic.arange(start, end)\n  File \"/home/lijiaxing/.conda/envs/api/lib/python3.10/site-packages/triton/language/semantic.py\", line 583, in arange\n    raise ValueError(\"arange's range must be a power of 2\")\nValueError: arange's range must be a power of 2\n\nThe above exception was the direct cause of the following exception:\
2025-08-08 01:52:05,643 - openevolve.RemoteSpeedupEvaluator - INFO - [level3_44_MiniGPTBlock] âœ˜ wrong_answer
2025-08-08 01:52:05,644 - openevolve.evaluator - INFO - Evaluated program 703d04e9-8b83-4a21-92cf-aff03241816c in 3.43s: compiled=1.0000, correctness=0.0000, score=10.0000, stage=wrong_answer, verify_payload={'id': 'level3_44_MiniGPTBlock', 'result': {'compiled': True, 'correctness': False, 'metadata': {'hardware': 'NVIDIA L20Y', 'device': 'cuda:7', 'runtime_error': 'Traceback (most recent call last):\n  File "/home/lijiaxing/.conda/envs/api/lib/python3.10/site-packages/triton/language/core.py", line 42, in wrapper\n    return fn(*args, **kwargs)\n  File "/home/lijiaxing/.conda/envs/api/lib/python3.10/site-packages/triton/language/core.py", line 1654, in arange\n    return _semantic.arange(start, end)\n  File "/home/lijiaxing/.conda/envs/api/lib/python3.10/site-packages/triton/language/semantic.py", line 583, in arange\n    raise ValueError("arange\'s range must be a power of 2")\nValueError: arange\'s range must be a power of 2\n\nThe above exception was the direct cause of the following exception:\n\nTraceback (most recent call last):\n  File "/cpfs01/shared/llm_kernel/hujiakai/KernelLLM/validation_api_server/helpers/evaluations.py", line 720, in run_and_check_correctness\n    output_new = model_new(*inputs)\n  File "/home/lijiaxing/.conda/envs/api/lib/python3.10/site-packages/torch/nn/modules/module.py", line 1773, in _wrapped_call_impl\n    return self._call_impl(*args, **kwargs)\n  File "/home/lijiaxing/.conda/envs/api/lib/python3.10/site-packages/torch/nn/modules/module.py", line 1784, in _call_impl\n    return forward_call(*args, **kwargs)\n  File "/tmp/tmp4jfzfagc.py", line 171, in forward\n    x = x + self.attn(self.ln_1(x))\n  File "/home/lijiaxing/.conda/envs/api/lib/python3.10/site-packages/torch/nn/modules/module.py", line 1773, in _wrapped_call_impl\n    return self._call_impl(*args, **kwargs)\n  File "/home/lijiaxing/.conda/envs/api/lib/python3.10/site-packages/torch/nn/modules/module.py", line 1784, in _call_impl\n    return forward_call(*args, **kwargs)\n  File "/tmp/tmp4jfzfagc.py", line 135, in forward\n    _attn_fwd[grid](\n  File "/home/lijiaxing/.conda/envs/api/lib/python3.10/site-packages/triton/runtime/jit.py", line 390, in <lambda>\n    return lambda *args, **kwargs: self.run(grid=grid, warmup=False, *args, **kwargs)\n  File "/home/lijiaxing/.conda/envs/api/lib/python3.10/site-packages/triton/runtime/jit.py", line 594, in run\n    kernel = self.compile(src, target=target, options=options.__dict__)\n  File "/home/lijiaxing/.conda/envs/api/lib/python3.10/site-packages/triton/compiler/compiler.py", line 339, in compile\n    module = src.make_ir(options, codegen_fns, module_map, context)\n  File "/home/lijiaxing/.conda/envs/api/lib/python3.10/site-packages/triton/compiler/compiler.py", line 83, in make_ir\n    return ast_to_ttir(self.fn, self, context=context, options=options, codegen_fns=codegen_fns,\ntriton.compiler.errors.CompilationError: at 19:13:\n    head_size,\n    BLOCK_M: tl.constexpr, BLOCK_N: tl.constexpr, BLOCK_DMODEL: tl.constexpr,\n    IS_CAUSAL: tl.constexpr\n):\n    pid_batch = tl.program_id(0)\n    pid_head = tl.program_id(1)\n    pid_m = tl.program_id(2)\n\n    start_m = pid_m * BLOCK_M\n    offs_m = start_m + tl.arange(0, BLOCK_M)\n    offs_n = tl.arange(0, BLOCK_N)\n    offs_d = tl.arange(0, BLOCK_DMODEL)\n             ^\n\n\nThe above exception was the direct cause of the following exception:\n\nTraceback (most recent call last):\n  File "/home/lijiaxing/.conda/envs/api/lib/python3.10/site-packages/triton/language/core.py", line 42, in wrapper\n    return fn(*args, **kwargs)\n  File "/home/lijiaxing/.conda/envs/api/lib/python3.10/site-packages/triton/language/core.py", line 1654, in arange\n    return _semantic.arange(start, end)\n  File "/home/lijiaxing/.conda/envs/api/lib/python3.10/site-packages/triton/language/semantic.py", line 583, in arange\n    raise ValueError("arange\'s range must be a power of 2")\nValueError: arange\'s range must be a power of 2\n', 'runtime_error_name': 'triton.compiler.errors.CompilationError', 'reference_timing_ms': 0.489, 'speed_up': -1.0, 'custom_timing': -1.0}, 'runtime': -1.0, 'runtime_stats': {}}}
2025-08-08 01:52:05,647 - openevolve.llm.ensemble - INFO - Sampled model: deepseek
2025-08-08 01:52:05,660 - openevolve.threaded_parallel - INFO - Iteration 3: Program 703d04e9-8b83-4a21-92cf-aff03241816c (parent: 48268c50-ab53-49d8-82d0-b340fc0d4c65) completed in 1098.87s
2025-08-08 01:52:05,660 - openevolve.threaded_parallel - INFO - Metrics: compiled=1.0000, correctness=0.0000, score=10.0000, stage=wrong_answer, verify_payload={'id': 'level3_44_MiniGPTBlock', 'result': {'compiled': True, 'correctness': False, 'metadata': {'hardware': 'NVIDIA L20Y', 'device': 'cuda:7', 'runtime_error': 'Traceback (most recent call last):\n  File "/home/lijiaxing/.conda/envs/api/lib/python3.10/site-packages/triton/language/core.py", line 42, in wrapper\n    return fn(*args, **kwargs)\n  File "/home/lijiaxing/.conda/envs/api/lib/python3.10/site-packages/triton/language/core.py", line 1654, in arange\n    return _semantic.arange(start, end)\n  File "/home/lijiaxing/.conda/envs/api/lib/python3.10/site-packages/triton/language/semantic.py", line 583, in arange\n    raise ValueError("arange\'s range must be a power of 2")\nValueError: arange\'s range must be a power of 2\n\nThe above exception was the direct cause of the following exception:\n\nTraceback (most recent call last):\n  File "/cpfs01/shared/llm_kernel/hujiakai/KernelLLM/validation_api_server/helpers/evaluations.py", line 720, in run_and_check_correctness\n    output_new = model_new(*inputs)\n  File "/home/lijiaxing/.conda/envs/api/lib/python3.10/site-packages/torch/nn/modules/module.py", line 1773, in _wrapped_call_impl\n    return self._call_impl(*args, **kwargs)\n  File "/home/lijiaxing/.conda/envs/api/lib/python3.10/site-packages/torch/nn/modules/module.py", line 1784, in _call_impl\n    return forward_call(*args, **kwargs)\n  File "/tmp/tmp4jfzfagc.py", line 171, in forward\n    x = x + self.attn(self.ln_1(x))\n  File "/home/lijiaxing/.conda/envs/api/lib/python3.10/site-packages/torch/nn/modules/module.py", line 1773, in _wrapped_call_impl\n    return self._call_impl(*args, **kwargs)\n  File "/home/lijiaxing/.conda/envs/api/lib/python3.10/site-packages/torch/nn/modules/module.py", line 1784, in _call_impl\n    return forward_call(*args, **kwargs)\n  File "/tmp/tmp4jfzfagc.py", line 135, in forward\n    _attn_fwd[grid](\n  File "/home/lijiaxing/.conda/envs/api/lib/python3.10/site-packages/triton/runtime/jit.py", line 390, in <lambda>\n    return lambda *args, **kwargs: self.run(grid=grid, warmup=False, *args, **kwargs)\n  File "/home/lijiaxing/.conda/envs/api/lib/python3.10/site-packages/triton/runtime/jit.py", line 594, in run\n    kernel = self.compile(src, target=target, options=options.__dict__)\n  File "/home/lijiaxing/.conda/envs/api/lib/python3.10/site-packages/triton/compiler/compiler.py", line 339, in compile\n    module = src.make_ir(options, codegen_fns, module_map, context)\n  File "/home/lijiaxing/.conda/envs/api/lib/python3.10/site-packages/triton/compiler/compiler.py", line 83, in make_ir\n    return ast_to_ttir(self.fn, self, context=context, options=options, codegen_fns=codegen_fns,\ntriton.compiler.errors.CompilationError: at 19:13:\n    head_size,\n    BLOCK_M: tl.constexpr, BLOCK_N: tl.constexpr, BLOCK_DMODEL: tl.constexpr,\n    IS_CAUSAL: tl.constexpr\n):\n    pid_batch = tl.program_id(0)\n    pid_head = tl.program_id(1)\n    pid_m = tl.program_id(2)\n\n    start_m = pid_m * BLOCK_M\n    offs_m = start_m + tl.arange(0, BLOCK_M)\n    offs_n = tl.arange(0, BLOCK_N)\n    offs_d = tl.arange(0, BLOCK_DMODEL)\n             ^\n\n\nThe above exception was the direct cause of the following exception:\n\nTraceback (most recent call last):\n  File "/home/lijiaxing/.conda/envs/api/lib/python3.10/site-packages/triton/language/core.py", line 42, in wrapper\n    return fn(*args, **kwargs)\n  File "/home/lijiaxing/.conda/envs/api/lib/python3.10/site-packages/triton/language/core.py", line 1654, in arange\n    return _semantic.arange(start, end)\n  File "/home/lijiaxing/.conda/envs/api/lib/python3.10/site-packages/triton/language/semantic.py", line 583, in arange\n    raise ValueError("arange\'s range must be a power of 2")\nValueError: arange\'s range must be a power of 2\n', 'runtime_error_name': 'triton.compiler.errors.CompilationError', 'reference_timing_ms': 0.489, 'speed_up': -1.0, 'custom_timing': -1.0}, 'runtime': -1.0, 'runtime_stats': {}}}
2025-08-08 01:52:05,660 - openevolve.threaded_parallel - INFO - Checkpoint interval reached at iteration 3
2025-08-08 01:52:05,661 - openevolve.database - INFO - Island Status:
2025-08-08 01:52:05,661 - openevolve.database - INFO -  * Island 0: 4 programs, best=10.0000, avg=-20.0000, diversity=906.80, gen=3 (best: d0e84685-6939-4d84-ba44-8b605ce7be9c)
2025-08-08 01:52:05,661 - openevolve.database - INFO -    Island 1: 1 programs, best=-100.0000, avg=-100.0000, diversity=0.00, gen=1 (best: fd5efd91-7f23-4b3f-a72a-a7fbff68729e)
2025-08-08 01:52:05,661 - openevolve.database - INFO -    Island 2: 1 programs, best=10.0000, avg=10.0000, diversity=0.00, gen=1 (best: 703d04e9-8b83-4a21-92cf-aff03241816c)
2025-08-08 01:52:05,770 - openevolve.database - INFO - Saved database with 6 programs to openevolve_output/level3_44_MiniGPTBlock/checkpoints/checkpoint_3
2025-08-08 01:52:05,792 - openevolve.controller - INFO - Saved best program at checkpoint 3 with metrics: compiled=1.0000, correctness=0.0000, score=10.0000, stage=wrong_answer, verify_payload={'id': 'level3_44_MiniGPTBlock', 'result': {'compiled': True, 'correctness': False, 'metadata': {'hardware': 'NVIDIA L20Y', 'device': 'cuda:4', 'runtime_error': 'Traceback (most recent call last):\n  File "/home/lijiaxing/.conda/envs/api/lib/python3.10/site-packages/triton/language/core.py", line 42, in wrapper\n    return fn(*args, **kwargs)\n  File "/home/lijiaxing/.conda/envs/api/lib/python3.10/site-packages/triton/language/core.py", line 2231, in make_block_ptr\n    return _semantic.make_block_ptr(base, shape, strides, offsets, block_shape, order)\n  File "/home/lijiaxing/.conda/envs/api/lib/python3.10/site-packages/triton/language/semantic.py", line 1838, in make_block_ptr\n    return self.tensor(handle, tl.pointer_type(tl.block_type(base.type.element_ty, block_shape)))\n  File "/home/lijiaxing/.conda/envs/api/lib/python3.10/site-packages/triton/language/core.py", line 726, in __init__\n    self.numel = validate_block_shape(self.shape)\n  File "/home/lijiaxing/.conda/envs/api/lib/python3.10/site-packages/triton/_utils.py", line 52, in validate_block_shape\n    raise ValueError(f"Shape element {i} must be a power of 2")\nValueError: Shape element 1 must be a power of 2\n\nThe above exception was the direct cause of the following exception:\n\nTraceback (most recent call last):\n  File "/cpfs01/shared/llm_kernel/hujiakai/KernelLLM/validation_api_server/helpers/evaluations.py", line 720, in run_and_check_correctness\n    output_new = model_new(*inputs)\n  File "/home/lijiaxing/.conda/envs/api/lib/python3.10/site-packages/torch/nn/modules/module.py", line 1773, in _wrapped_call_impl\n    return self._call_impl(*args, **kwargs)\n  File "/home/lijiaxing/.conda/envs/api/lib/python3.10/site-packages/torch/nn/modules/module.py", line 1784, in _call_impl\n    return forward_call(*args, **kwargs)\n  File "/tmp/tmpqiyjk4km.py", line 166, in forward\n    x = x + self.attn(self.ln_1(x))\n  File "/home/lijiaxing/.conda/envs/api/lib/python3.10/site-packages/torch/nn/modules/module.py", line 1773, in _wrapped_call_impl\n    return self._call_impl(*args, **kwargs)\n  File "/home/lijiaxing/.conda/envs/api/lib/python3.10/site-packages/torch/nn/modules/module.py", line 1784, in _call_impl\n    return forward_call(*args, **kwargs)\n  File "/tmp/tmpqiyjk4km.py", line 132, in forward\n    _fwd_attention_kernel[grid](\n  File "/home/lijiaxing/.conda/envs/api/lib/python3.10/site-packages/triton/runtime/jit.py", line 390, in <lambda>\n    return lambda *args, **kwargs: self.run(grid=grid, warmup=False, *args, **kwargs)\n  File "/home/lijiaxing/.conda/envs/api/lib/python3.10/site-packages/triton/runtime/jit.py", line 594, in run\n    kernel = self.compile(src, target=target, options=options.__dict__)\n  File "/home/lijiaxing/.conda/envs/api/lib/python3.10/site-packages/triton/compiler/compiler.py", line 339, in compile\n    module = src.make_ir(options, codegen_fns, module_map, context)\n  File "/home/lijiaxing/.conda/envs/api/lib/python3.10/site-packages/triton/compiler/compiler.py", line 83, in make_ir\n    return ast_to_ttir(self.fn, self, context=context, options=options, codegen_fns=codegen_fns,\ntriton.compiler.errors.CompilationError: at 18:18:\n    scale, \n    N_CTX,\n    BLOCK_M: tl.constexpr, BLOCK_N: tl.constexpr,\n    BLOCK_DMODEL: tl.constexpr,\n):\n    start_m = tl.program_id(0)\n    off_hz = tl.program_id(1)\n    off_z = off_hz // N_CTX\n    off_h = off_hz % N_CTX\n\n    q_offset = off_z * stride_qz + off_h * stride_qh\n    Q_block_ptr = tl.make_block_ptr(\n                  ^\n\n\nThe above exception was the direct cause of the following exception:\n\nTraceback (most recent call last):\n  File "/home/lijiaxing/.conda/envs/api/lib/python3.10/site-packages/triton/language/core.py", line 42, in wrapper\n    return fn(*args, **kwargs)\n  File "/home/lijiaxing/.conda/envs/api/lib/python3.10/site-packages/triton/language/core.py", line 2231, in make_block_ptr\n    return _semantic.make_block_ptr(base, shape, strides, offsets, block_shape, order)\n  File "/home/lijiaxing/.conda/envs/api/lib/python3.10/site-packages/triton/language/semantic.py", line 1838, in make_block_ptr\n    return self.tensor(handle, tl.pointer_type(tl.block_type(base.type.element_ty, block_shape)))\n  File "/home/lijiaxing/.conda/envs/api/lib/python3.10/site-packages/triton/language/core.py", line 726, in __init__\n    self.numel = validate_block_shape(self.shape)\n  File "/home/lijiaxing/.conda/envs/api/lib/python3.10/site-packages/triton/_utils.py", line 52, in validate_block_shape\n    raise ValueError(f"Shape element {i} must be a power of 2")\nValueError: Shape element 1 must be a power of 2\n', 'runtime_error_name': 'triton.compiler.errors.CompilationError', 'reference_timing_ms': 0.489, 'speed_up': -1.0, 'custom_timing': -1.0}, 'runtime': -1.0, 'runtime_stats': {}}}
2025-08-08 01:52:05,792 - openevolve.controller - INFO - Saved checkpoint at iteration 3 to openevolve_output/level3_44_MiniGPTBlock/checkpoints/checkpoint_3
2025-08-08 01:55:55,378 - openevolve.RemoteSpeedupEvaluator - INFO - [level3_44_MiniGPTBlock] triton key words check pass
2025-08-08 01:55:55,381 - openevolve.RemoteSpeedupEvaluator - INFO - [level3_44_MiniGPTBlock] verify_plus payload: reference_code(3888 chars) + custom_code(6314 chars)
2025-08-08 01:56:00,065 - openevolve.RemoteSpeedupEvaluator - INFO - [level3_44_MiniGPTBlock] verify_plus request success
2025-08-08 01:56:00,065 - openevolve.RemoteSpeedupEvaluator - INFO - [level3_44_MiniGPTBlock] verify_plus response: {"id":"level3_44_MiniGPTBlock","result":{"error":"CUDA error: an illegal memory access was encountered\nCUDA kernel errors might be asynchronously reported at some other API call, so the stacktrace below might be incorrect.\nFor debugging consider passing CUDA_LAUNCH_BLOCKING=1\nCompile with `TORCH_USE_CUDA_DSA` to enable device-side assertions.\n\nTraceback (most recent call last):\n  File \"/cpfs01/shared/llm_kernel/hujiakai/KernelLLM/validation_api_server/evaluator.py\", line 173, in _verification_worker\n    result: KernelExecResult = eval_kernel_against_ref(\n  File \"/cpfs01/shared/llm_kernel/hujiakai/KernelLLM/validation_api_server/helpers/evaluations.py\", line 578, in eval_kernel_against_ref\n    graceful_eval_cleanup(context, device, tempfile)\n  File \"/cpfs01/shared/llm_kernel/
2025-08-08 01:56:00,065 - openevolve.RemoteSpeedupEvaluator - INFO - [level3_44_MiniGPTBlock] âœ˜ compile_error
2025-08-08 01:56:00,066 - openevolve.RemoteSpeedupEvaluator - INFO - [level3_44_MiniGPTBlock_68bad6] execute payload: {id:level3_44_MiniGPTBlock_68bad6, device_type:NV_LY_20}
2025-08-08 01:56:02,177 - openevolve.RemoteSpeedupEvaluator - INFO - [level3_44_MiniGPTBlock_68bad6] execute request success
2025-08-08 01:56:02,178 - openevolve.RemoteSpeedupEvaluator - INFO - [level3_44_MiniGPTBlock_68bad6] execute response: {"id":"level3_44_MiniGPTBlock_68bad6","exit_code":"1","content":"[Child] ç»‘å®š GPU 0, torch sees 1 device(s)\n\n[Exception]\nTraceback (most recent call last):\n  File \"/cpfs01/shared/llm_kernel/hujiakai/KernelLLM/validation_api_server/code_executor.py\", line 71, in _exec_worker\n    exec(textwrap.dedent(code_src), mod.__dict__)\n  File \"<string>\", line 17, in <module>\n  File \"/home/lijiaxing/.conda/envs/api/lib/python3.10/site-packages/triton/runtime/jit.py\", line 844, in jit\n    return decorator(fn)\n  File \"/home/lijiaxing/.conda/envs/api/lib/python3.10/site-packages/triton/runtime/jit.py\", line 832, in decorator\n    return JITFunction(\n  File \"/home/lijiaxing/.conda/envs/api/lib/python3.10/site-packages/triton/runtime/jit.py\", line 635, in __init__\n    self.starting_line_nu
2025-08-08 01:56:02,179 - openevolve.evaluator - INFO - Evaluated program 0d22a99a-0c6e-4839-bd6b-6133ee11a3fa in 6.80s: compiled=0.0000, correctness=0.0000, score=1.0000, stage=compile_error, compile_log=CUDA error: an illegal memory access was encountered
CUDA kernel errors might be asynchronously reported at some other API call, so the stacktrace below might be incorrect.
For debugging consider passing CUDA_LAUNCH_BLOCKING=1
Compile with `TORCH_USE_CUDA_DSA` to enable device-side assertions.

Traceback (most recent call last):
  File "/cpfs01/shared/llm_kernel/hujiakai/KernelLLM/validation_api_server/evaluator.py", line 173, in _verification_worker
    result: KernelExecResult = eval_kernel_against_ref(
  File "/cpfs01/shared/llm_kernel/hujiakai/KernelLLM/validation_api_server/helpers/evaluations.py", line 578, in eval_kernel_against_ref
    graceful_eval_cleanup(context, device, tempfile)
  File "/cpfs01/shared/llm_kernel/hujiakai/KernelLLM/validation_api_server/helpers/evaluations.py", line 230, in graceful_eval_cleanup
    torch.cuda.empty_cache()
  File "/home/lijiaxing/.conda/envs/api/lib/python3.10/site-packages/torch/cuda/memory.py", line 224, in empty_cache
    torch._C._cuda_emptyCache()
torch.AcceleratorError: CUDA error: an illegal memory access was encountered
CUDA kernel errors might be asynchronously reported at some other API call, so the stacktrace below might be incorrect.
For debugging consider passing CUDA_LAUNCH_BLOCKING=1
Compile with `TORCH_USE_CUDA_DSA` to enable device-side assertions.

, exec_log=[Child] ç»‘å®š GPU 0, torch sees 1 device(s)

[Exception]
Traceback (most recent call last):
  File "/cpfs01/shared/llm_kernel/hujiakai/KernelLLM/validation_api_server/code_executor.py", line 71, in _exec_worker
    exec(textwrap.dedent(code_src), mod.__dict__)
  File "<string>", line 17, in <module>
  File "/home/lijiaxing/.conda/envs/api/lib/python3.10/site-packages/triton/runtime/jit.py", line 844, in jit
    return decorator(fn)
  File "/home/lijiaxing/.conda/envs/api/lib/python3.10/site-packages/triton/runtime/jit.py", line 832, in decorator
    return JITFunction(
  File "/home/lijiaxing/.conda/envs/api/lib/python3.10/site-packages/triton/runtime/jit.py", line 635, in __init__
    self.starting_line_number = inspect.getsourcelines(fn)[1]
  File "/home/lijiaxing/.conda/envs/api/lib/python3.10/inspect.py", line 1121, in getsourcelines
    lines, lnum = findsource(object)
  File "/home/lijiaxing/.conda/envs/api/lib/python3.10/inspect.py", line 958, in findsource
    raise OSError('could not get source code')
OSError: could not get source code
, exit_code=1
2025-08-08 01:56:02,183 - openevolve.llm.ensemble - INFO - Sampled model: deepseek
2025-08-08 01:56:02,186 - openevolve.database - INFO - New MAP-Elites cell occupied: {'score': 9, 'complexity': 7}
2025-08-08 01:56:02,198 - openevolve.threaded_parallel - INFO - Iteration 6: Program 0d22a99a-0c6e-4839-bd6b-6133ee11a3fa (parent: e76851e3-1ee3-4a82-bf7e-d52928dffc8d) completed in 728.26s
2025-08-08 01:56:02,199 - openevolve.threaded_parallel - INFO - Metrics: compiled=0.0000, correctness=0.0000, score=1.0000, stage=compile_error, compile_log=CUDA error: an illegal memory access was encountered
CUDA kernel errors might be asynchronously reported at some other API call, so the stacktrace below might be incorrect.
For debugging consider passing CUDA_LAUNCH_BLOCKING=1
Compile with `TORCH_USE_CUDA_DSA` to enable device-side assertions.

Traceback (most recent call last):
  File "/cpfs01/shared/llm_kernel/hujiakai/KernelLLM/validation_api_server/evaluator.py", line 173, in _verification_worker
    result: KernelExecResult = eval_kernel_against_ref(
  File "/cpfs01/shared/llm_kernel/hujiakai/KernelLLM/validation_api_server/helpers/evaluations.py", line 578, in eval_kernel_against_ref
    graceful_eval_cleanup(context, device, tempfile)
  File "/cpfs01/shared/llm_kernel/hujiakai/KernelLLM/validation_api_server/helpers/evaluations.py", line 230, in graceful_eval_cleanup
    torch.cuda.empty_cache()
  File "/home/lijiaxing/.conda/envs/api/lib/python3.10/site-packages/torch/cuda/memory.py", line 224, in empty_cache
    torch._C._cuda_emptyCache()
torch.AcceleratorError: CUDA error: an illegal memory access was encountered
CUDA kernel errors might be asynchronously reported at some other API call, so the stacktrace below might be incorrect.
For debugging consider passing CUDA_LAUNCH_BLOCKING=1
Compile with `TORCH_USE_CUDA_DSA` to enable device-side assertions.

, exec_log=[Child] ç»‘å®š GPU 0, torch sees 1 device(s)

[Exception]
Traceback (most recent call last):
  File "/cpfs01/shared/llm_kernel/hujiakai/KernelLLM/validation_api_server/code_executor.py", line 71, in _exec_worker
    exec(textwrap.dedent(code_src), mod.__dict__)
  File "<string>", line 17, in <module>
  File "/home/lijiaxing/.conda/envs/api/lib/python3.10/site-packages/triton/runtime/jit.py", line 844, in jit
    return decorator(fn)
  File "/home/lijiaxing/.conda/envs/api/lib/python3.10/site-packages/triton/runtime/jit.py", line 832, in decorator
    return JITFunction(
  File "/home/lijiaxing/.conda/envs/api/lib/python3.10/site-packages/triton/runtime/jit.py", line 635, in __init__
    self.starting_line_number = inspect.getsourcelines(fn)[1]
  File "/home/lijiaxing/.conda/envs/api/lib/python3.10/inspect.py", line 1121, in getsourcelines
    lines, lnum = findsource(object)
  File "/home/lijiaxing/.conda/envs/api/lib/python3.10/inspect.py", line 958, in findsource
    raise OSError('could not get source code')
OSError: could not get source code
, exit_code=1
2025-08-08 01:56:02,199 - openevolve.threaded_parallel - INFO - Checkpoint interval reached at iteration 6
2025-08-08 01:56:02,200 - openevolve.database - INFO - Island Status:
2025-08-08 01:56:02,200 - openevolve.database - INFO -    Island 0: 5 programs, best=10.0000, avg=-15.8000, diversity=635.87, gen=3 (best: d0e84685-6939-4d84-ba44-8b605ce7be9c)
2025-08-08 01:56:02,200 - openevolve.database - INFO -  * Island 1: 1 programs, best=-100.0000, avg=-100.0000, diversity=0.00, gen=2 (best: fd5efd91-7f23-4b3f-a72a-a7fbff68729e)
2025-08-08 01:56:02,200 - openevolve.database - INFO -    Island 2: 1 programs, best=10.0000, avg=10.0000, diversity=0.00, gen=1 (best: 703d04e9-8b83-4a21-92cf-aff03241816c)
2025-08-08 01:56:02,288 - openevolve.database - INFO - Saved database with 7 programs to openevolve_output/level3_44_MiniGPTBlock/checkpoints/checkpoint_6
2025-08-08 01:56:02,308 - openevolve.controller - INFO - Saved best program at checkpoint 6 with metrics: compiled=1.0000, correctness=0.0000, score=10.0000, stage=wrong_answer, verify_payload={'id': 'level3_44_MiniGPTBlock', 'result': {'compiled': True, 'correctness': False, 'metadata': {'hardware': 'NVIDIA L20Y', 'device': 'cuda:4', 'runtime_error': 'Traceback (most recent call last):\n  File "/home/lijiaxing/.conda/envs/api/lib/python3.10/site-packages/triton/language/core.py", line 42, in wrapper\n    return fn(*args, **kwargs)\n  File "/home/lijiaxing/.conda/envs/api/lib/python3.10/site-packages/triton/language/core.py", line 2231, in make_block_ptr\n    return _semantic.make_block_ptr(base, shape, strides, offsets, block_shape, order)\n  File "/home/lijiaxing/.conda/envs/api/lib/python3.10/site-packages/triton/language/semantic.py", line 1838, in make_block_ptr\n    return self.tensor(handle, tl.pointer_type(tl.block_type(base.type.element_ty, block_shape)))\n  File "/home/lijiaxing/.conda/envs/api/lib/python3.10/site-packages/triton/language/core.py", line 726, in __init__\n    self.numel = validate_block_shape(self.shape)\n  File "/home/lijiaxing/.conda/envs/api/lib/python3.10/site-packages/triton/_utils.py", line 52, in validate_block_shape\n    raise ValueError(f"Shape element {i} must be a power of 2")\nValueError: Shape element 1 must be a power of 2\n\nThe above exception was the direct cause of the following exception:\n\nTraceback (most recent call last):\n  File "/cpfs01/shared/llm_kernel/hujiakai/KernelLLM/validation_api_server/helpers/evaluations.py", line 720, in run_and_check_correctness\n    output_new = model_new(*inputs)\n  File "/home/lijiaxing/.conda/envs/api/lib/python3.10/site-packages/torch/nn/modules/module.py", line 1773, in _wrapped_call_impl\n    return self._call_impl(*args, **kwargs)\n  File "/home/lijiaxing/.conda/envs/api/lib/python3.10/site-packages/torch/nn/modules/module.py", line 1784, in _call_impl\n    return forward_call(*args, **kwargs)\n  File "/tmp/tmpqiyjk4km.py", line 166, in forward\n    x = x + self.attn(self.ln_1(x))\n  File "/home/lijiaxing/.conda/envs/api/lib/python3.10/site-packages/torch/nn/modules/module.py", line 1773, in _wrapped_call_impl\n    return self._call_impl(*args, **kwargs)\n  File "/home/lijiaxing/.conda/envs/api/lib/python3.10/site-packages/torch/nn/modules/module.py", line 1784, in _call_impl\n    return forward_call(*args, **kwargs)\n  File "/tmp/tmpqiyjk4km.py", line 132, in forward\n    _fwd_attention_kernel[grid](\n  File "/home/lijiaxing/.conda/envs/api/lib/python3.10/site-packages/triton/runtime/jit.py", line 390, in <lambda>\n    return lambda *args, **kwargs: self.run(grid=grid, warmup=False, *args, **kwargs)\n  File "/home/lijiaxing/.conda/envs/api/lib/python3.10/site-packages/triton/runtime/jit.py", line 594, in run\n    kernel = self.compile(src, target=target, options=options.__dict__)\n  File "/home/lijiaxing/.conda/envs/api/lib/python3.10/site-packages/triton/compiler/compiler.py", line 339, in compile\n    module = src.make_ir(options, codegen_fns, module_map, context)\n  File "/home/lijiaxing/.conda/envs/api/lib/python3.10/site-packages/triton/compiler/compiler.py", line 83, in make_ir\n    return ast_to_ttir(self.fn, self, context=context, options=options, codegen_fns=codegen_fns,\ntriton.compiler.errors.CompilationError: at 18:18:\n    scale, \n    N_CTX,\n    BLOCK_M: tl.constexpr, BLOCK_N: tl.constexpr,\n    BLOCK_DMODEL: tl.constexpr,\n):\n    start_m = tl.program_id(0)\n    off_hz = tl.program_id(1)\n    off_z = off_hz // N_CTX\n    off_h = off_hz % N_CTX\n\n    q_offset = off_z * stride_qz + off_h * stride_qh\n    Q_block_ptr = tl.make_block_ptr(\n                  ^\n\n\nThe above exception was the direct cause of the following exception:\n\nTraceback (most recent call last):\n  File "/home/lijiaxing/.conda/envs/api/lib/python3.10/site-packages/triton/language/core.py", line 42, in wrapper\n    return fn(*args, **kwargs)\n  File "/home/lijiaxing/.conda/envs/api/lib/python3.10/site-packages/triton/language/core.py", line 2231, in make_block_ptr\n    return _semantic.make_block_ptr(base, shape, strides, offsets, block_shape, order)\n  File "/home/lijiaxing/.conda/envs/api/lib/python3.10/site-packages/triton/language/semantic.py", line 1838, in make_block_ptr\n    return self.tensor(handle, tl.pointer_type(tl.block_type(base.type.element_ty, block_shape)))\n  File "/home/lijiaxing/.conda/envs/api/lib/python3.10/site-packages/triton/language/core.py", line 726, in __init__\n    self.numel = validate_block_shape(self.shape)\n  File "/home/lijiaxing/.conda/envs/api/lib/python3.10/site-packages/triton/_utils.py", line 52, in validate_block_shape\n    raise ValueError(f"Shape element {i} must be a power of 2")\nValueError: Shape element 1 must be a power of 2\n', 'runtime_error_name': 'triton.compiler.errors.CompilationError', 'reference_timing_ms': 0.489, 'speed_up': -1.0, 'custom_timing': -1.0}, 'runtime': -1.0, 'runtime_stats': {}}}
2025-08-08 01:56:02,308 - openevolve.controller - INFO - Saved checkpoint at iteration 6 to openevolve_output/level3_44_MiniGPTBlock/checkpoints/checkpoint_6
2025-08-08 01:57:42,564 - openevolve.RemoteSpeedupEvaluator - INFO - [level3_44_MiniGPTBlock] triton key words check pass
2025-08-08 01:57:42,565 - openevolve.RemoteSpeedupEvaluator - INFO - [level3_44_MiniGPTBlock] verify_plus payload: reference_code(3888 chars) + custom_code(6687 chars)
2025-08-08 01:57:45,901 - openevolve.RemoteSpeedupEvaluator - INFO - [level3_44_MiniGPTBlock] verify_plus request success
2025-08-08 01:57:45,902 - openevolve.RemoteSpeedupEvaluator - INFO - [level3_44_MiniGPTBlock] verify_plus response: {"id":"level3_44_MiniGPTBlock","result":{"compiled":true,"correctness":false,"metadata":{"hardware":"NVIDIA L20Y","device":"cuda:5","runtime_error":"Traceback (most recent call last):\n  File \"/home/lijiaxing/.conda/envs/api/lib/python3.10/site-packages/triton/language/core.py\", line 42, in wrapper\n    return fn(*args, **kwargs)\n  File \"/home/lijiaxing/.conda/envs/api/lib/python3.10/site-packages/triton/language/core.py\", line 2150, in load\n    return _semantic.load(pointer, mask, other, boundary_check, padding_option, cache_modifier, eviction_policy,\n  File \"/home/lijiaxing/.conda/envs/api/lib/python3.10/site-packages/triton/language/semantic.py\", line 1086, in load\n    return self._load_legacy(ptr, mask, other, boundary_check, padding, cache, eviction, is_volatile)\n  File \"/
2025-08-08 01:57:45,902 - openevolve.RemoteSpeedupEvaluator - INFO - [level3_44_MiniGPTBlock] âœ˜ wrong_answer
2025-08-08 01:57:45,902 - openevolve.evaluator - INFO - Evaluated program 3d75fe81-1bfb-41fc-9e8a-54e1475cfda0 in 3.34s: compiled=1.0000, correctness=0.0000, score=10.0000, stage=wrong_answer, verify_payload={'id': 'level3_44_MiniGPTBlock', 'result': {'compiled': True, 'correctness': False, 'metadata': {'hardware': 'NVIDIA L20Y', 'device': 'cuda:5', 'runtime_error': 'Traceback (most recent call last):\n  File "/home/lijiaxing/.conda/envs/api/lib/python3.10/site-packages/triton/language/core.py", line 42, in wrapper\n    return fn(*args, **kwargs)\n  File "/home/lijiaxing/.conda/envs/api/lib/python3.10/site-packages/triton/language/core.py", line 2150, in load\n    return _semantic.load(pointer, mask, other, boundary_check, padding_option, cache_modifier, eviction_policy,\n  File "/home/lijiaxing/.conda/envs/api/lib/python3.10/site-packages/triton/language/semantic.py", line 1086, in load\n    return self._load_legacy(ptr, mask, other, boundary_check, padding, cache, eviction, is_volatile)\n  File "/home/lijiaxing/.conda/envs/api/lib/python3.10/site-packages/triton/language/semantic.py", line 1017, in _load_legacy\n    raise ValueError(f"Unsupported ptr type {ptr.type.__repr__()} in `tl.load`")\nValueError: Unsupported ptr type <[\'32\', \'128\'], int32> in `tl.load`\n\nThe above exception was the direct cause of the following exception:\n\nTraceback (most recent call last):\n  File "/cpfs01/shared/llm_kernel/hujiakai/KernelLLM/validation_api_server/helpers/evaluations.py", line 720, in run_and_check_correctness\n    output_new = model_new(*inputs)\n  File "/home/lijiaxing/.conda/envs/api/lib/python3.10/site-packages/torch/nn/modules/module.py", line 1773, in _wrapped_call_impl\n    return self._call_impl(*args, **kwargs)\n  File "/home/lijiaxing/.conda/envs/api/lib/python3.10/site-packages/torch/nn/modules/module.py", line 1784, in _call_impl\n    return forward_call(*args, **kwargs)\n  File "/tmp/tmpru1p0p3c.py", line 159, in forward\n    x = x + self.attn(self.ln_1(x))\n  File "/home/lijiaxing/.conda/envs/api/lib/python3.10/site-packages/torch/nn/modules/module.py", line 1773, in _wrapped_call_impl\n    return self._call_impl(*args, **kwargs)\n  File "/home/lijiaxing/.conda/envs/api/lib/python3.10/site-packages/torch/nn/modules/module.py", line 1784, in _call_impl\n    return forward_call(*args, **kwargs)\n  File "/tmp/tmpru1p0p3c.py", line 125, in forward\n    _fwd_attention_rowwise[grid](\n  File "/home/lijiaxing/.conda/envs/api/lib/python3.10/site-packages/triton/runtime/jit.py", line 390, in <lambda>\n    return lambda *args, **kwargs: self.run(grid=grid, warmup=False, *args, **kwargs)\n  File "/home/lijiaxing/.conda/envs/api/lib/python3.10/site-packages/triton/runtime/jit.py", line 594, in run\n    kernel = self.compile(src, target=target, options=options.__dict__)\n  File "/home/lijiaxing/.conda/envs/api/lib/python3.10/site-packages/triton/compiler/compiler.py", line 339, in compile\n    module = src.make_ir(options, codegen_fns, module_map, context)\n  File "/home/lijiaxing/.conda/envs/api/lib/python3.10/site-packages/triton/compiler/compiler.py", line 83, in make_ir\n    return ast_to_ttir(self.fn, self, context=context, options=options, codegen_fns=codegen_fns,\ntriton.compiler.errors.CompilationError: at 36:12:\n    m_i = -float(\'inf\')\n    l_i = 0.0\n    acc = tl.zeros([BLOCK_DMODEL], dtype=tl.float32)\n\n    # Process key/value in blocks\n    for start_n in range(0, i + 1, BLOCK_N):\n        j = start_n + tl.arange(0, BLOCK_N)\n        mask_j = (j < (i + 1)) & (j < N_CTX)\n\n        # Load K block with boundary checks\n        k_ptr = k_base + j[:, None] * stride_kn + tl.arange(0, BLOCK_DMODEL)[None, :] * stride_kk\n        k = tl.load(k_ptr, mask=mask_j[:, None] & (tl.arange(0, BLOCK_DMODEL)[None, :] < 96), other=0.0)\n            ^\n\n\nThe above exception was the direct cause of the following exception:\n\nTraceback (most recent call last):\n  File "/home/lijiaxing/.conda/envs/api/lib/python3.10/site-packages/triton/language/core.py", line 42, in wrapper\n    return fn(*args, **kwargs)\n  File "/home/lijiaxing/.conda/envs/api/lib/python3.10/site-packages/triton/language/core.py", line 2150, in load\n    return _semantic.load(pointer, mask, other, boundary_check, padding_option, cache_modifier, eviction_policy,\n  File "/home/lijiaxing/.conda/envs/api/lib/python3.10/site-packages/triton/language/semantic.py", line 1086, in load\n    return self._load_legacy(ptr, mask, other, boundary_check, padding, cache, eviction, is_volatile)\n  File "/home/lijiaxing/.conda/envs/api/lib/python3.10/site-packages/triton/language/semantic.py", line 1017, in _load_legacy\n    raise ValueError(f"Unsupported ptr type {ptr.type.__repr__()} in `tl.load`")\nValueError: Unsupported ptr type <[\'32\', \'128\'], int32> in `tl.load`\n', 'runtime_error_name': 'triton.compiler.errors.CompilationError', 'reference_timing_ms': 0.489, 'speed_up': -1.0, 'custom_timing': -1.0}, 'runtime': -1.0, 'runtime_stats': {}}}
2025-08-08 01:57:45,904 - openevolve.database - INFO - New MAP-Elites cell occupied: {'score': 9, 'complexity': 8}
2025-08-08 01:57:45,905 - openevolve.llm.ensemble - INFO - Sampled model: deepseek
2025-08-08 01:57:45,916 - openevolve.threaded_parallel - INFO - Iteration 5: Program 3d75fe81-1bfb-41fc-9e8a-54e1475cfda0 (parent: e76851e3-1ee3-4a82-bf7e-d52928dffc8d) completed in 1134.60s
2025-08-08 01:57:45,916 - openevolve.threaded_parallel - INFO - Metrics: compiled=1.0000, correctness=0.0000, score=10.0000, stage=wrong_answer, verify_payload={'id': 'level3_44_MiniGPTBlock', 'result': {'compiled': True, 'correctness': False, 'metadata': {'hardware': 'NVIDIA L20Y', 'device': 'cuda:5', 'runtime_error': 'Traceback (most recent call last):\n  File "/home/lijiaxing/.conda/envs/api/lib/python3.10/site-packages/triton/language/core.py", line 42, in wrapper\n    return fn(*args, **kwargs)\n  File "/home/lijiaxing/.conda/envs/api/lib/python3.10/site-packages/triton/language/core.py", line 2150, in load\n    return _semantic.load(pointer, mask, other, boundary_check, padding_option, cache_modifier, eviction_policy,\n  File "/home/lijiaxing/.conda/envs/api/lib/python3.10/site-packages/triton/language/semantic.py", line 1086, in load\n    return self._load_legacy(ptr, mask, other, boundary_check, padding, cache, eviction, is_volatile)\n  File "/home/lijiaxing/.conda/envs/api/lib/python3.10/site-packages/triton/language/semantic.py", line 1017, in _load_legacy\n    raise ValueError(f"Unsupported ptr type {ptr.type.__repr__()} in `tl.load`")\nValueError: Unsupported ptr type <[\'32\', \'128\'], int32> in `tl.load`\n\nThe above exception was the direct cause of the following exception:\n\nTraceback (most recent call last):\n  File "/cpfs01/shared/llm_kernel/hujiakai/KernelLLM/validation_api_server/helpers/evaluations.py", line 720, in run_and_check_correctness\n    output_new = model_new(*inputs)\n  File "/home/lijiaxing/.conda/envs/api/lib/python3.10/site-packages/torch/nn/modules/module.py", line 1773, in _wrapped_call_impl\n    return self._call_impl(*args, **kwargs)\n  File "/home/lijiaxing/.conda/envs/api/lib/python3.10/site-packages/torch/nn/modules/module.py", line 1784, in _call_impl\n    return forward_call(*args, **kwargs)\n  File "/tmp/tmpru1p0p3c.py", line 159, in forward\n    x = x + self.attn(self.ln_1(x))\n  File "/home/lijiaxing/.conda/envs/api/lib/python3.10/site-packages/torch/nn/modules/module.py", line 1773, in _wrapped_call_impl\n    return self._call_impl(*args, **kwargs)\n  File "/home/lijiaxing/.conda/envs/api/lib/python3.10/site-packages/torch/nn/modules/module.py", line 1784, in _call_impl\n    return forward_call(*args, **kwargs)\n  File "/tmp/tmpru1p0p3c.py", line 125, in forward\n    _fwd_attention_rowwise[grid](\n  File "/home/lijiaxing/.conda/envs/api/lib/python3.10/site-packages/triton/runtime/jit.py", line 390, in <lambda>\n    return lambda *args, **kwargs: self.run(grid=grid, warmup=False, *args, **kwargs)\n  File "/home/lijiaxing/.conda/envs/api/lib/python3.10/site-packages/triton/runtime/jit.py", line 594, in run\n    kernel = self.compile(src, target=target, options=options.__dict__)\n  File "/home/lijiaxing/.conda/envs/api/lib/python3.10/site-packages/triton/compiler/compiler.py", line 339, in compile\n    module = src.make_ir(options, codegen_fns, module_map, context)\n  File "/home/lijiaxing/.conda/envs/api/lib/python3.10/site-packages/triton/compiler/compiler.py", line 83, in make_ir\n    return ast_to_ttir(self.fn, self, context=context, options=options, codegen_fns=codegen_fns,\ntriton.compiler.errors.CompilationError: at 36:12:\n    m_i = -float(\'inf\')\n    l_i = 0.0\n    acc = tl.zeros([BLOCK_DMODEL], dtype=tl.float32)\n\n    # Process key/value in blocks\n    for start_n in range(0, i + 1, BLOCK_N):\n        j = start_n + tl.arange(0, BLOCK_N)\n        mask_j = (j < (i + 1)) & (j < N_CTX)\n\n        # Load K block with boundary checks\n        k_ptr = k_base + j[:, None] * stride_kn + tl.arange(0, BLOCK_DMODEL)[None, :] * stride_kk\n        k = tl.load(k_ptr, mask=mask_j[:, None] & (tl.arange(0, BLOCK_DMODEL)[None, :] < 96), other=0.0)\n            ^\n\n\nThe above exception was the direct cause of the following exception:\n\nTraceback (most recent call last):\n  File "/home/lijiaxing/.conda/envs/api/lib/python3.10/site-packages/triton/language/core.py", line 42, in wrapper\n    return fn(*args, **kwargs)\n  File "/home/lijiaxing/.conda/envs/api/lib/python3.10/site-packages/triton/language/core.py", line 2150, in load\n    return _semantic.load(pointer, mask, other, boundary_check, padding_option, cache_modifier, eviction_policy,\n  File "/home/lijiaxing/.conda/envs/api/lib/python3.10/site-packages/triton/language/semantic.py", line 1086, in load\n    return self._load_legacy(ptr, mask, other, boundary_check, padding, cache, eviction, is_volatile)\n  File "/home/lijiaxing/.conda/envs/api/lib/python3.10/site-packages/triton/language/semantic.py", line 1017, in _load_legacy\n    raise ValueError(f"Unsupported ptr type {ptr.type.__repr__()} in `tl.load`")\nValueError: Unsupported ptr type <[\'32\', \'128\'], int32> in `tl.load`\n', 'runtime_error_name': 'triton.compiler.errors.CompilationError', 'reference_timing_ms': 0.489, 'speed_up': -1.0, 'custom_timing': -1.0}, 'runtime': -1.0, 'runtime_stats': {}}}
2025-08-08 02:05:52,414 - openevolve.RemoteSpeedupEvaluator - INFO - [level3_44_MiniGPTBlock] triton key words check pass
2025-08-08 02:05:52,417 - openevolve.RemoteSpeedupEvaluator - INFO - [level3_44_MiniGPTBlock] verify_plus payload: reference_code(3888 chars) + custom_code(6851 chars)
2025-08-08 02:05:57,736 - openevolve.RemoteSpeedupEvaluator - INFO - [level3_44_MiniGPTBlock] verify_plus request success
2025-08-08 02:05:57,736 - openevolve.RemoteSpeedupEvaluator - INFO - [level3_44_MiniGPTBlock] verify_plus response: {"id":"level3_44_MiniGPTBlock","result":{"compiled":true,"correctness":false,"metadata":{"hardware":"NVIDIA L20Y","device":"cuda:4","runtime_error":"Traceback (most recent call last):\n  File \"/home/lijiaxing/.conda/envs/api/lib/python3.10/site-packages/triton/language/core.py\", line 42, in wrapper\n    return fn(*args, **kwargs)\n  File \"/home/lijiaxing/.conda/envs/api/lib/python3.10/site-packages/triton/language/core.py\", line 1654, in arange\n    return _semantic.arange(start, end)\n  File \"/home/lijiaxing/.conda/envs/api/lib/python3.10/site-packages/triton/language/semantic.py\", line 583, in arange\n    raise ValueError(\"arange's range must be a power of 2\")\nValueError: arange's range must be a power of 2\n\nThe above exception was the direct cause of the following exception:\
2025-08-08 02:05:57,737 - openevolve.RemoteSpeedupEvaluator - INFO - [level3_44_MiniGPTBlock] âœ˜ wrong_answer
2025-08-08 02:05:57,737 - openevolve.evaluator - INFO - Evaluated program e748dff6-a652-4bb4-b2ad-63638bf094ca in 5.32s: compiled=1.0000, correctness=0.0000, score=10.0000, stage=wrong_answer, verify_payload={'id': 'level3_44_MiniGPTBlock', 'result': {'compiled': True, 'correctness': False, 'metadata': {'hardware': 'NVIDIA L20Y', 'device': 'cuda:4', 'runtime_error': 'Traceback (most recent call last):\n  File "/home/lijiaxing/.conda/envs/api/lib/python3.10/site-packages/triton/language/core.py", line 42, in wrapper\n    return fn(*args, **kwargs)\n  File "/home/lijiaxing/.conda/envs/api/lib/python3.10/site-packages/triton/language/core.py", line 1654, in arange\n    return _semantic.arange(start, end)\n  File "/home/lijiaxing/.conda/envs/api/lib/python3.10/site-packages/triton/language/semantic.py", line 583, in arange\n    raise ValueError("arange\'s range must be a power of 2")\nValueError: arange\'s range must be a power of 2\n\nThe above exception was the direct cause of the following exception:\n\nTraceback (most recent call last):\n  File "/cpfs01/shared/llm_kernel/hujiakai/KernelLLM/validation_api_server/helpers/evaluations.py", line 720, in run_and_check_correctness\n    output_new = model_new(*inputs)\n  File "/home/lijiaxing/.conda/envs/api/lib/python3.10/site-packages/torch/nn/modules/module.py", line 1773, in _wrapped_call_impl\n    return self._call_impl(*args, **kwargs)\n  File "/home/lijiaxing/.conda/envs/api/lib/python3.10/site-packages/torch/nn/modules/module.py", line 1784, in _call_impl\n    return forward_call(*args, **kwargs)\n  File "/tmp/tmpalv602wk.py", line 159, in forward\n    x = x + self.attn(self.ln_1(x))\n  File "/home/lijiaxing/.conda/envs/api/lib/python3.10/site-packages/torch/nn/modules/module.py", line 1773, in _wrapped_call_impl\n    return self._call_impl(*args, **kwargs)\n  File "/home/lijiaxing/.conda/envs/api/lib/python3.10/site-packages/torch/nn/modules/module.py", line 1784, in _call_impl\n    return forward_call(*args, **kwargs)\n  File "/tmp/tmpalv602wk.py", line 125, in forward\n    _fwd_attention_kernel[grid](\n  File "/home/lijiaxing/.conda/envs/api/lib/python3.10/site-packages/triton/runtime/jit.py", line 390, in <lambda>\n    return lambda *args, **kwargs: self.run(grid=grid, warmup=False, *args, **kwargs)\n  File "/home/lijiaxing/.conda/envs/api/lib/python3.10/site-packages/triton/runtime/jit.py", line 594, in run\n    kernel = self.compile(src, target=target, options=options.__dict__)\n  File "/home/lijiaxing/.conda/envs/api/lib/python3.10/site-packages/triton/compiler/compiler.py", line 339, in compile\n    module = src.make_ir(options, codegen_fns, module_map, context)\n  File "/home/lijiaxing/.conda/envs/api/lib/python3.10/site-packages/triton/compiler/compiler.py", line 83, in make_ir\n    return ast_to_ttir(self.fn, self, context=context, options=options, codegen_fns=codegen_fns,\ntriton.compiler.errors.CompilationError: at 15:70:\n    stride_kz, stride_kh, stride_kn, stride_kk,\n    stride_vz, stride_vh, stride_vn, stride_vk,\n    stride_oz, stride_oh, stride_om, stride_ok,\n    scale, \n    N_CTX,\n    BLOCK_M: tl.constexpr, BLOCK_N: tl.constexpr,\n    BLOCK_DMODEL: tl.constexpr,\n):\n    start_m = tl.program_id(0)\n    off_hz = tl.program_id(1)\n    q_offset = off_hz * stride_qh + start_m * BLOCK_M * stride_qm\n    Q_block = q_offset + tl.arange(0, BLOCK_M)[:, None] * stride_qm + tl.arange(0, BLOCK_DMODEL)[None, :] * stride_qk\n                                                                      ^\n\n\nThe above exception was the direct cause of the following exception:\n\nTraceback (most recent call last):\n  File "/home/lijiaxing/.conda/envs/api/lib/python3.10/site-packages/triton/language/core.py", line 42, in wrapper\n    return fn(*args, **kwargs)\n  File "/home/lijiaxing/.conda/envs/api/lib/python3.10/site-packages/triton/language/core.py", line 1654, in arange\n    return _semantic.arange(start, end)\n  File "/home/lijiaxing/.conda/envs/api/lib/python3.10/site-packages/triton/language/semantic.py", line 583, in arange\n    raise ValueError("arange\'s range must be a power of 2")\nValueError: arange\'s range must be a power of 2\n', 'runtime_error_name': 'triton.compiler.errors.CompilationError', 'reference_timing_ms': 0.489, 'speed_up': -1.0, 'custom_timing': -1.0}, 'runtime': -1.0, 'runtime_stats': {}}}
2025-08-08 02:05:57,740 - openevolve.llm.ensemble - INFO - Sampled model: deepseek
2025-08-08 02:05:57,761 - openevolve.threaded_parallel - INFO - Iteration 7: Program e748dff6-a652-4bb4-b2ad-63638bf094ca (parent: e76851e3-1ee3-4a82-bf7e-d52928dffc8d) completed in 832.09s
2025-08-08 02:05:57,761 - openevolve.threaded_parallel - INFO - Metrics: compiled=1.0000, correctness=0.0000, score=10.0000, stage=wrong_answer, verify_payload={'id': 'level3_44_MiniGPTBlock', 'result': {'compiled': True, 'correctness': False, 'metadata': {'hardware': 'NVIDIA L20Y', 'device': 'cuda:4', 'runtime_error': 'Traceback (most recent call last):\n  File "/home/lijiaxing/.conda/envs/api/lib/python3.10/site-packages/triton/language/core.py", line 42, in wrapper\n    return fn(*args, **kwargs)\n  File "/home/lijiaxing/.conda/envs/api/lib/python3.10/site-packages/triton/language/core.py", line 1654, in arange\n    return _semantic.arange(start, end)\n  File "/home/lijiaxing/.conda/envs/api/lib/python3.10/site-packages/triton/language/semantic.py", line 583, in arange\n    raise ValueError("arange\'s range must be a power of 2")\nValueError: arange\'s range must be a power of 2\n\nThe above exception was the direct cause of the following exception:\n\nTraceback (most recent call last):\n  File "/cpfs01/shared/llm_kernel/hujiakai/KernelLLM/validation_api_server/helpers/evaluations.py", line 720, in run_and_check_correctness\n    output_new = model_new(*inputs)\n  File "/home/lijiaxing/.conda/envs/api/lib/python3.10/site-packages/torch/nn/modules/module.py", line 1773, in _wrapped_call_impl\n    return self._call_impl(*args, **kwargs)\n  File "/home/lijiaxing/.conda/envs/api/lib/python3.10/site-packages/torch/nn/modules/module.py", line 1784, in _call_impl\n    return forward_call(*args, **kwargs)\n  File "/tmp/tmpalv602wk.py", line 159, in forward\n    x = x + self.attn(self.ln_1(x))\n  File "/home/lijiaxing/.conda/envs/api/lib/python3.10/site-packages/torch/nn/modules/module.py", line 1773, in _wrapped_call_impl\n    return self._call_impl(*args, **kwargs)\n  File "/home/lijiaxing/.conda/envs/api/lib/python3.10/site-packages/torch/nn/modules/module.py", line 1784, in _call_impl\n    return forward_call(*args, **kwargs)\n  File "/tmp/tmpalv602wk.py", line 125, in forward\n    _fwd_attention_kernel[grid](\n  File "/home/lijiaxing/.conda/envs/api/lib/python3.10/site-packages/triton/runtime/jit.py", line 390, in <lambda>\n    return lambda *args, **kwargs: self.run(grid=grid, warmup=False, *args, **kwargs)\n  File "/home/lijiaxing/.conda/envs/api/lib/python3.10/site-packages/triton/runtime/jit.py", line 594, in run\n    kernel = self.compile(src, target=target, options=options.__dict__)\n  File "/home/lijiaxing/.conda/envs/api/lib/python3.10/site-packages/triton/compiler/compiler.py", line 339, in compile\n    module = src.make_ir(options, codegen_fns, module_map, context)\n  File "/home/lijiaxing/.conda/envs/api/lib/python3.10/site-packages/triton/compiler/compiler.py", line 83, in make_ir\n    return ast_to_ttir(self.fn, self, context=context, options=options, codegen_fns=codegen_fns,\ntriton.compiler.errors.CompilationError: at 15:70:\n    stride_kz, stride_kh, stride_kn, stride_kk,\n    stride_vz, stride_vh, stride_vn, stride_vk,\n    stride_oz, stride_oh, stride_om, stride_ok,\n    scale, \n    N_CTX,\n    BLOCK_M: tl.constexpr, BLOCK_N: tl.constexpr,\n    BLOCK_DMODEL: tl.constexpr,\n):\n    start_m = tl.program_id(0)\n    off_hz = tl.program_id(1)\n    q_offset = off_hz * stride_qh + start_m * BLOCK_M * stride_qm\n    Q_block = q_offset + tl.arange(0, BLOCK_M)[:, None] * stride_qm + tl.arange(0, BLOCK_DMODEL)[None, :] * stride_qk\n                                                                      ^\n\n\nThe above exception was the direct cause of the following exception:\n\nTraceback (most recent call last):\n  File "/home/lijiaxing/.conda/envs/api/lib/python3.10/site-packages/triton/language/core.py", line 42, in wrapper\n    return fn(*args, **kwargs)\n  File "/home/lijiaxing/.conda/envs/api/lib/python3.10/site-packages/triton/language/core.py", line 1654, in arange\n    return _semantic.arange(start, end)\n  File "/home/lijiaxing/.conda/envs/api/lib/python3.10/site-packages/triton/language/semantic.py", line 583, in arange\n    raise ValueError("arange\'s range must be a power of 2")\nValueError: arange\'s range must be a power of 2\n', 'runtime_error_name': 'triton.compiler.errors.CompilationError', 'reference_timing_ms': 0.489, 'speed_up': -1.0, 'custom_timing': -1.0}, 'runtime': -1.0, 'runtime_stats': {}}}
2025-08-08 02:10:48,349 - openevolve.RemoteSpeedupEvaluator - INFO - [level3_44_MiniGPTBlock] triton key words check pass
2025-08-08 02:10:48,351 - openevolve.RemoteSpeedupEvaluator - INFO - [level3_44_MiniGPTBlock] verify_plus payload: reference_code(3888 chars) + custom_code(7196 chars)
2025-08-08 02:10:51,635 - openevolve.RemoteSpeedupEvaluator - INFO - [level3_44_MiniGPTBlock] verify_plus request success
2025-08-08 02:10:51,635 - openevolve.RemoteSpeedupEvaluator - INFO - [level3_44_MiniGPTBlock] verify_plus response: {"id":"level3_44_MiniGPTBlock","result":{"compiled":true,"correctness":false,"metadata":{"hardware":"NVIDIA L20Y","device":"cuda:0","runtime_error":"Traceback (most recent call last):\n  File \"/cpfs01/shared/llm_kernel/hujiakai/KernelLLM/validation_api_server/helpers/evaluations.py\", line 720, in run_and_check_correctness\n    output_new = model_new(*inputs)\n  File \"/home/lijiaxing/.conda/envs/api/lib/python3.10/site-packages/torch/nn/modules/module.py\", line 1773, in _wrapped_call_impl\n    return self._call_impl(*args, **kwargs)\n  File \"/home/lijiaxing/.conda/envs/api/lib/python3.10/site-packages/torch/nn/modules/module.py\", line 1784, in _call_impl\n    return forward_call(*args, **kwargs)\n  File \"/tmp/tmp3n1ggz78.py\", line 174, in forward\n    x = x + self.attn(self.ln_1(x))
2025-08-08 02:10:51,635 - openevolve.RemoteSpeedupEvaluator - INFO - [level3_44_MiniGPTBlock] âœ˜ wrong_answer
2025-08-08 02:10:51,636 - openevolve.evaluator - INFO - Evaluated program 44eac175-826d-4d00-ade4-9de873bcfa40 in 3.29s: compiled=1.0000, correctness=0.0000, score=10.0000, stage=wrong_answer, verify_payload={'id': 'level3_44_MiniGPTBlock', 'result': {'compiled': True, 'correctness': False, 'metadata': {'hardware': 'NVIDIA L20Y', 'device': 'cuda:0', 'runtime_error': 'Traceback (most recent call last):\n  File "/cpfs01/shared/llm_kernel/hujiakai/KernelLLM/validation_api_server/helpers/evaluations.py", line 720, in run_and_check_correctness\n    output_new = model_new(*inputs)\n  File "/home/lijiaxing/.conda/envs/api/lib/python3.10/site-packages/torch/nn/modules/module.py", line 1773, in _wrapped_call_impl\n    return self._call_impl(*args, **kwargs)\n  File "/home/lijiaxing/.conda/envs/api/lib/python3.10/site-packages/torch/nn/modules/module.py", line 1784, in _call_impl\n    return forward_call(*args, **kwargs)\n  File "/tmp/tmp3n1ggz78.py", line 174, in forward\n    x = x + self.attn(self.ln_1(x))\n  File "/home/lijiaxing/.conda/envs/api/lib/python3.10/site-packages/torch/nn/modules/module.py", line 1773, in _wrapped_call_impl\n    return self._call_impl(*args, **kwargs)\n  File "/home/lijiaxing/.conda/envs/api/lib/python3.10/site-packages/torch/nn/modules/module.py", line 1784, in _call_impl\n    return forward_call(*args, **kwargs)\n  File "/tmp/tmp3n1ggz78.py", line 138, in forward\n    _fwd_attention_kernel[grid](\n  File "/home/lijiaxing/.conda/envs/api/lib/python3.10/site-packages/triton/runtime/jit.py", line 390, in <lambda>\n    return lambda *args, **kwargs: self.run(grid=grid, warmup=False, *args, **kwargs)\n  File "/home/lijiaxing/.conda/envs/api/lib/python3.10/site-packages/triton/runtime/jit.py", line 594, in run\n    kernel = self.compile(src, target=target, options=options.__dict__)\n  File "/home/lijiaxing/.conda/envs/api/lib/python3.10/site-packages/triton/compiler/compiler.py", line 339, in compile\n    module = src.make_ir(options, codegen_fns, module_map, context)\n  File "/home/lijiaxing/.conda/envs/api/lib/python3.10/site-packages/triton/compiler/compiler.py", line 83, in make_ir\n    return ast_to_ttir(self.fn, self, context=context, options=options, codegen_fns=codegen_fns,\ntriton.compiler.errors.CompilationError: at 66:12:\n    )\n\n    acc = tl.zeros((BLOCK_M, BLOCK_DMODEL), dtype=tl.float32)\n    q = tl.load(Q_block_ptr, boundary_check=(0,))\n    q = (q * scale).to(q.dtype)\n\n    lo, hi = 0, (start_m + 1) * BLOCK_M\n    for start_n in range(lo, hi, BLOCK_N):\n        k = tl.load(tl.advance(K_block_ptr, (0, start_n)), boundary_check=(1,))\n        qk = tl.dot(q, k)\n        qk = tl.where(tl.arange(0, BLOCK_M)[:, None] >= (start_n + tl.arange(0, BLOCK_N)[None, :]), qk, float("-inf"))\n        p = tl.softmax(qk, axis=1)\n            ^\nTypeError("softmax() got an unexpected keyword argument \'axis\'")\n\n\nThe above exception was the direct cause of the following exception:\n\nTraceback (most recent call last):\n  File "/home/lijiaxing/.conda/envs/api/lib/python3.10/inspect.py", line 1517, in getcallargs\n    raise TypeError("%s() got an unexpected keyword argument %r" %\nTypeError: softmax() got an unexpected keyword argument \'axis\'\n', 'runtime_error_name': 'triton.compiler.errors.CompilationError', 'reference_timing_ms': 0.489, 'speed_up': -1.0, 'custom_timing': -1.0}, 'runtime': -1.0, 'runtime_stats': {}}}
2025-08-08 02:10:51,640 - openevolve.llm.ensemble - INFO - Sampled model: deepseek
2025-08-08 02:10:51,659 - openevolve.threaded_parallel - INFO - Iteration 8: Program 44eac175-826d-4d00-ade4-9de873bcfa40 (parent: 48268c50-ab53-49d8-82d0-b340fc0d4c65) completed in 889.45s
2025-08-08 02:10:51,660 - openevolve.threaded_parallel - INFO - Metrics: compiled=1.0000, correctness=0.0000, score=10.0000, stage=wrong_answer, verify_payload={'id': 'level3_44_MiniGPTBlock', 'result': {'compiled': True, 'correctness': False, 'metadata': {'hardware': 'NVIDIA L20Y', 'device': 'cuda:0', 'runtime_error': 'Traceback (most recent call last):\n  File "/cpfs01/shared/llm_kernel/hujiakai/KernelLLM/validation_api_server/helpers/evaluations.py", line 720, in run_and_check_correctness\n    output_new = model_new(*inputs)\n  File "/home/lijiaxing/.conda/envs/api/lib/python3.10/site-packages/torch/nn/modules/module.py", line 1773, in _wrapped_call_impl\n    return self._call_impl(*args, **kwargs)\n  File "/home/lijiaxing/.conda/envs/api/lib/python3.10/site-packages/torch/nn/modules/module.py", line 1784, in _call_impl\n    return forward_call(*args, **kwargs)\n  File "/tmp/tmp3n1ggz78.py", line 174, in forward\n    x = x + self.attn(self.ln_1(x))\n  File "/home/lijiaxing/.conda/envs/api/lib/python3.10/site-packages/torch/nn/modules/module.py", line 1773, in _wrapped_call_impl\n    return self._call_impl(*args, **kwargs)\n  File "/home/lijiaxing/.conda/envs/api/lib/python3.10/site-packages/torch/nn/modules/module.py", line 1784, in _call_impl\n    return forward_call(*args, **kwargs)\n  File "/tmp/tmp3n1ggz78.py", line 138, in forward\n    _fwd_attention_kernel[grid](\n  File "/home/lijiaxing/.conda/envs/api/lib/python3.10/site-packages/triton/runtime/jit.py", line 390, in <lambda>\n    return lambda *args, **kwargs: self.run(grid=grid, warmup=False, *args, **kwargs)\n  File "/home/lijiaxing/.conda/envs/api/lib/python3.10/site-packages/triton/runtime/jit.py", line 594, in run\n    kernel = self.compile(src, target=target, options=options.__dict__)\n  File "/home/lijiaxing/.conda/envs/api/lib/python3.10/site-packages/triton/compiler/compiler.py", line 339, in compile\n    module = src.make_ir(options, codegen_fns, module_map, context)\n  File "/home/lijiaxing/.conda/envs/api/lib/python3.10/site-packages/triton/compiler/compiler.py", line 83, in make_ir\n    return ast_to_ttir(self.fn, self, context=context, options=options, codegen_fns=codegen_fns,\ntriton.compiler.errors.CompilationError: at 66:12:\n    )\n\n    acc = tl.zeros((BLOCK_M, BLOCK_DMODEL), dtype=tl.float32)\n    q = tl.load(Q_block_ptr, boundary_check=(0,))\n    q = (q * scale).to(q.dtype)\n\n    lo, hi = 0, (start_m + 1) * BLOCK_M\n    for start_n in range(lo, hi, BLOCK_N):\n        k = tl.load(tl.advance(K_block_ptr, (0, start_n)), boundary_check=(1,))\n        qk = tl.dot(q, k)\n        qk = tl.where(tl.arange(0, BLOCK_M)[:, None] >= (start_n + tl.arange(0, BLOCK_N)[None, :]), qk, float("-inf"))\n        p = tl.softmax(qk, axis=1)\n            ^\nTypeError("softmax() got an unexpected keyword argument \'axis\'")\n\n\nThe above exception was the direct cause of the following exception:\n\nTraceback (most recent call last):\n  File "/home/lijiaxing/.conda/envs/api/lib/python3.10/inspect.py", line 1517, in getcallargs\n    raise TypeError("%s() got an unexpected keyword argument %r" %\nTypeError: softmax() got an unexpected keyword argument \'axis\'\n', 'runtime_error_name': 'triton.compiler.errors.CompilationError', 'reference_timing_ms': 0.489, 'speed_up': -1.0, 'custom_timing': -1.0}, 'runtime': -1.0, 'runtime_stats': {}}}
2025-08-08 02:13:11,241 - openevolve.RemoteSpeedupEvaluator - INFO - [level3_44_MiniGPTBlock] triton key words check pass
2025-08-08 02:13:11,244 - openevolve.RemoteSpeedupEvaluator - INFO - [level3_44_MiniGPTBlock] verify_plus payload: reference_code(3888 chars) + custom_code(5709 chars)
2025-08-08 02:13:13,914 - openevolve.RemoteSpeedupEvaluator - INFO - [level3_44_MiniGPTBlock] verify_plus request success
2025-08-08 02:13:13,914 - openevolve.RemoteSpeedupEvaluator - INFO - [level3_44_MiniGPTBlock] verify_plus response: {"id":"level3_44_MiniGPTBlock","result":{"compiled":false,"correctness":false,"metadata":{"hardware":"NVIDIA L20Y","device":"cuda:3","compilation_error_name":"builtins.SyntaxError","compilation_error":"'(' was never closed (tmpmv5nrbx7.py, line 134)","reference_timing_ms":0.489,"speed_up":-1.0,"custom_timing":-1.0},"runtime":-1.0,"runtime_stats":{}}}
2025-08-08 02:13:13,915 - openevolve.RemoteSpeedupEvaluator - INFO - [level3_44_MiniGPTBlock] âœ˜ compile_error
2025-08-08 02:13:13,915 - openevolve.RemoteSpeedupEvaluator - INFO - [level3_44_MiniGPTBlock_450d33] execute payload: {id:level3_44_MiniGPTBlock_450d33, device_type:NV_LY_20}
2025-08-08 02:13:15,908 - openevolve.RemoteSpeedupEvaluator - INFO - [level3_44_MiniGPTBlock_450d33] execute request success
2025-08-08 02:13:15,908 - openevolve.RemoteSpeedupEvaluator - INFO - [level3_44_MiniGPTBlock_450d33] execute response: {"id":"level3_44_MiniGPTBlock_450d33","exit_code":"1","content":"[Child] ç»‘å®š GPU 4, torch sees 1 device(s)\n\n[Exception]\nTraceback (most recent call last):\n  File \"/cpfs01/shared/llm_kernel/hujiakai/KernelLLM/validation_api_server/code_executor.py\", line 71, in _exec_worker\n    exec(textwrap.dedent(code_src), mod.__dict__)\n  File \"<string>\", line 134\n    self.mlpf = lambda x: m.dropout(m.c_proj(m.act(m.c_fc(x)))\n                                   ^\nSyntaxError: '(' was never closed\n"}
2025-08-08 02:13:15,908 - openevolve.evaluator - INFO - Evaluated program a1fa0261-9718-4ea1-89e7-12d4ede372af in 4.67s: compiled=0.0000, correctness=0.0000, score=1.0000, stage=compile_error, compile_log=, exec_log=[Child] ç»‘å®š GPU 4, torch sees 1 device(s)

[Exception]
Traceback (most recent call last):
  File "/cpfs01/shared/llm_kernel/hujiakai/KernelLLM/validation_api_server/code_executor.py", line 71, in _exec_worker
    exec(textwrap.dedent(code_src), mod.__dict__)
  File "<string>", line 134
    self.mlpf = lambda x: m.dropout(m.c_proj(m.act(m.c_fc(x)))
                                   ^
SyntaxError: '(' was never closed
, exit_code=1
2025-08-08 02:13:15,911 - openevolve.database - INFO - New MAP-Elites cell occupied: {'score': 9, 'complexity': 5}
2025-08-08 02:13:15,912 - openevolve.llm.ensemble - INFO - Sampled model: deepseek
2025-08-08 02:13:15,923 - openevolve.threaded_parallel - INFO - Iteration 9: Program a1fa0261-9718-4ea1-89e7-12d4ede372af (parent: fd5efd91-7f23-4b3f-a72a-a7fbff68729e) completed in 930.00s
2025-08-08 02:13:15,924 - openevolve.threaded_parallel - INFO - Metrics: compiled=0.0000, correctness=0.0000, score=1.0000, stage=compile_error, compile_log=, exec_log=[Child] ç»‘å®š GPU 4, torch sees 1 device(s)

[Exception]
Traceback (most recent call last):
  File "/cpfs01/shared/llm_kernel/hujiakai/KernelLLM/validation_api_server/code_executor.py", line 71, in _exec_worker
    exec(textwrap.dedent(code_src), mod.__dict__)
  File "<string>", line 134
    self.mlpf = lambda x: m.dropout(m.c_proj(m.act(m.c_fc(x)))
                                   ^
SyntaxError: '(' was never closed
, exit_code=1
2025-08-08 02:13:15,924 - openevolve.threaded_parallel - INFO - Checkpoint interval reached at iteration 9
2025-08-08 02:13:15,925 - openevolve.database - INFO - Island Status:
2025-08-08 02:13:15,925 - openevolve.database - INFO -    Island 0: 6 programs, best=10.0000, avg=-11.5000, diversity=640.85, gen=4 (best: d0e84685-6939-4d84-ba44-8b605ce7be9c)
2025-08-08 02:13:15,925 - openevolve.database - INFO -    Island 1: 3 programs, best=10.0000, avg=-29.6667, diversity=723.20, gen=3 (best: 3d75fe81-1bfb-41fc-9e8a-54e1475cfda0)
2025-08-08 02:13:15,925 - openevolve.database - INFO -  * Island 2: 2 programs, best=10.0000, avg=10.0000, diversity=131.50, gen=3 (best: 703d04e9-8b83-4a21-92cf-aff03241816c)
2025-08-08 02:13:16,060 - openevolve.database - INFO - Saved database with 11 programs to openevolve_output/level3_44_MiniGPTBlock/checkpoints/checkpoint_9
2025-08-08 02:13:16,081 - openevolve.controller - INFO - Saved best program at checkpoint 9 with metrics: compiled=1.0000, correctness=0.0000, score=10.0000, stage=wrong_answer, verify_payload={'id': 'level3_44_MiniGPTBlock', 'result': {'compiled': True, 'correctness': False, 'metadata': {'hardware': 'NVIDIA L20Y', 'device': 'cuda:4', 'runtime_error': 'Traceback (most recent call last):\n  File "/home/lijiaxing/.conda/envs/api/lib/python3.10/site-packages/triton/language/core.py", line 42, in wrapper\n    return fn(*args, **kwargs)\n  File "/home/lijiaxing/.conda/envs/api/lib/python3.10/site-packages/triton/language/core.py", line 2231, in make_block_ptr\n    return _semantic.make_block_ptr(base, shape, strides, offsets, block_shape, order)\n  File "/home/lijiaxing/.conda/envs/api/lib/python3.10/site-packages/triton/language/semantic.py", line 1838, in make_block_ptr\n    return self.tensor(handle, tl.pointer_type(tl.block_type(base.type.element_ty, block_shape)))\n  File "/home/lijiaxing/.conda/envs/api/lib/python3.10/site-packages/triton/language/core.py", line 726, in __init__\n    self.numel = validate_block_shape(self.shape)\n  File "/home/lijiaxing/.conda/envs/api/lib/python3.10/site-packages/triton/_utils.py", line 52, in validate_block_shape\n    raise ValueError(f"Shape element {i} must be a power of 2")\nValueError: Shape element 1 must be a power of 2\n\nThe above exception was the direct cause of the following exception:\n\nTraceback (most recent call last):\n  File "/cpfs01/shared/llm_kernel/hujiakai/KernelLLM/validation_api_server/helpers/evaluations.py", line 720, in run_and_check_correctness\n    output_new = model_new(*inputs)\n  File "/home/lijiaxing/.conda/envs/api/lib/python3.10/site-packages/torch/nn/modules/module.py", line 1773, in _wrapped_call_impl\n    return self._call_impl(*args, **kwargs)\n  File "/home/lijiaxing/.conda/envs/api/lib/python3.10/site-packages/torch/nn/modules/module.py", line 1784, in _call_impl\n    return forward_call(*args, **kwargs)\n  File "/tmp/tmpqiyjk4km.py", line 166, in forward\n    x = x + self.attn(self.ln_1(x))\n  File "/home/lijiaxing/.conda/envs/api/lib/python3.10/site-packages/torch/nn/modules/module.py", line 1773, in _wrapped_call_impl\n    return self._call_impl(*args, **kwargs)\n  File "/home/lijiaxing/.conda/envs/api/lib/python3.10/site-packages/torch/nn/modules/module.py", line 1784, in _call_impl\n    return forward_call(*args, **kwargs)\n  File "/tmp/tmpqiyjk4km.py", line 132, in forward\n    _fwd_attention_kernel[grid](\n  File "/home/lijiaxing/.conda/envs/api/lib/python3.10/site-packages/triton/runtime/jit.py", line 390, in <lambda>\n    return lambda *args, **kwargs: self.run(grid=grid, warmup=False, *args, **kwargs)\n  File "/home/lijiaxing/.conda/envs/api/lib/python3.10/site-packages/triton/runtime/jit.py", line 594, in run\n    kernel = self.compile(src, target=target, options=options.__dict__)\n  File "/home/lijiaxing/.conda/envs/api/lib/python3.10/site-packages/triton/compiler/compiler.py", line 339, in compile\n    module = src.make_ir(options, codegen_fns, module_map, context)\n  File "/home/lijiaxing/.conda/envs/api/lib/python3.10/site-packages/triton/compiler/compiler.py", line 83, in make_ir\n    return ast_to_ttir(self.fn, self, context=context, options=options, codegen_fns=codegen_fns,\ntriton.compiler.errors.CompilationError: at 18:18:\n    scale, \n    N_CTX,\n    BLOCK_M: tl.constexpr, BLOCK_N: tl.constexpr,\n    BLOCK_DMODEL: tl.constexpr,\n):\n    start_m = tl.program_id(0)\n    off_hz = tl.program_id(1)\n    off_z = off_hz // N_CTX\n    off_h = off_hz % N_CTX\n\n    q_offset = off_z * stride_qz + off_h * stride_qh\n    Q_block_ptr = tl.make_block_ptr(\n                  ^\n\n\nThe above exception was the direct cause of the following exception:\n\nTraceback (most recent call last):\n  File "/home/lijiaxing/.conda/envs/api/lib/python3.10/site-packages/triton/language/core.py", line 42, in wrapper\n    return fn(*args, **kwargs)\n  File "/home/lijiaxing/.conda/envs/api/lib/python3.10/site-packages/triton/language/core.py", line 2231, in make_block_ptr\n    return _semantic.make_block_ptr(base, shape, strides, offsets, block_shape, order)\n  File "/home/lijiaxing/.conda/envs/api/lib/python3.10/site-packages/triton/language/semantic.py", line 1838, in make_block_ptr\n    return self.tensor(handle, tl.pointer_type(tl.block_type(base.type.element_ty, block_shape)))\n  File "/home/lijiaxing/.conda/envs/api/lib/python3.10/site-packages/triton/language/core.py", line 726, in __init__\n    self.numel = validate_block_shape(self.shape)\n  File "/home/lijiaxing/.conda/envs/api/lib/python3.10/site-packages/triton/_utils.py", line 52, in validate_block_shape\n    raise ValueError(f"Shape element {i} must be a power of 2")\nValueError: Shape element 1 must be a power of 2\n', 'runtime_error_name': 'triton.compiler.errors.CompilationError', 'reference_timing_ms': 0.489, 'speed_up': -1.0, 'custom_timing': -1.0}, 'runtime': -1.0, 'runtime_stats': {}}}
2025-08-08 02:13:16,081 - openevolve.controller - INFO - Saved checkpoint at iteration 9 to openevolve_output/level3_44_MiniGPTBlock/checkpoints/checkpoint_9
2025-08-08 02:16:55,931 - openevolve.RemoteSpeedupEvaluator - INFO - [level3_44_MiniGPTBlock] triton key words check pass
2025-08-08 02:16:55,933 - openevolve.RemoteSpeedupEvaluator - INFO - [level3_44_MiniGPTBlock] verify_plus payload: reference_code(3888 chars) + custom_code(7214 chars)
2025-08-08 02:16:59,252 - openevolve.RemoteSpeedupEvaluator - INFO - [level3_44_MiniGPTBlock] verify_plus request success
2025-08-08 02:16:59,252 - openevolve.RemoteSpeedupEvaluator - INFO - [level3_44_MiniGPTBlock] verify_plus response: {"id":"level3_44_MiniGPTBlock","result":{"compiled":true,"correctness":false,"metadata":{"hardware":"NVIDIA L20Y","device":"cuda:7","runtime_error":"Traceback (most recent call last):\n  File \"/cpfs01/shared/llm_kernel/hujiakai/KernelLLM/validation_api_server/helpers/evaluations.py\", line 720, in run_and_check_correctness\n    output_new = model_new(*inputs)\n  File \"/home/lijiaxing/.conda/envs/api/lib/python3.10/site-packages/torch/nn/modules/module.py\", line 1773, in _wrapped_call_impl\n    return self._call_impl(*args, **kwargs)\n  File \"/home/lijiaxing/.conda/envs/api/lib/python3.10/site-packages/torch/nn/modules/module.py\", line 1784, in _call_impl\n    return forward_call(*args, **kwargs)\n  File \"/tmp/tmp_sair8iq.py\", line 182, in forward\n    x = x + self.attn(self.ln_1(x))
2025-08-08 02:16:59,252 - openevolve.RemoteSpeedupEvaluator - INFO - [level3_44_MiniGPTBlock] âœ˜ wrong_answer
2025-08-08 02:16:59,252 - openevolve.evaluator - INFO - Evaluated program dc0efc25-b58d-427e-ad30-32cc3942c9d3 in 3.33s: compiled=1.0000, correctness=0.0000, score=10.0000, stage=wrong_answer, verify_payload={'id': 'level3_44_MiniGPTBlock', 'result': {'compiled': True, 'correctness': False, 'metadata': {'hardware': 'NVIDIA L20Y', 'device': 'cuda:7', 'runtime_error': 'Traceback (most recent call last):\n  File "/cpfs01/shared/llm_kernel/hujiakai/KernelLLM/validation_api_server/helpers/evaluations.py", line 720, in run_and_check_correctness\n    output_new = model_new(*inputs)\n  File "/home/lijiaxing/.conda/envs/api/lib/python3.10/site-packages/torch/nn/modules/module.py", line 1773, in _wrapped_call_impl\n    return self._call_impl(*args, **kwargs)\n  File "/home/lijiaxing/.conda/envs/api/lib/python3.10/site-packages/torch/nn/modules/module.py", line 1784, in _call_impl\n    return forward_call(*args, **kwargs)\n  File "/tmp/tmp_sair8iq.py", line 182, in forward\n    x = x + self.attn(self.ln_1(x))\n  File "/home/lijiaxing/.conda/envs/api/lib/python3.10/site-packages/torch/nn/modules/module.py", line 1773, in _wrapped_call_impl\n    return self._call_impl(*args, **kwargs)\n  File "/home/lijiaxing/.conda/envs/api/lib/python3.10/site-packages/torch/nn/modules/module.py", line 1784, in _call_impl\n    return forward_call(*args, **kwargs)\n  File "/tmp/tmp_sair8iq.py", line 146, in forward\n    _attn_fwd[grid](\n  File "/home/lijiaxing/.conda/envs/api/lib/python3.10/site-packages/triton/runtime/jit.py", line 390, in <lambda>\n    return lambda *args, **kwargs: self.run(grid=grid, warmup=False, *args, **kwargs)\n  File "/home/lijiaxing/.conda/envs/api/lib/python3.10/site-packages/triton/runtime/jit.py", line 594, in run\n    kernel = self.compile(src, target=target, options=options.__dict__)\n  File "/home/lijiaxing/.conda/envs/api/lib/python3.10/site-packages/triton/compiler/compiler.py", line 339, in compile\n    module = src.make_ir(options, codegen_fns, module_map, context)\n  File "/home/lijiaxing/.conda/envs/api/lib/python3.10/site-packages/triton/compiler/compiler.py", line 83, in make_ir\n    return ast_to_ttir(self.fn, self, context=context, options=options, codegen_fns=codegen_fns,\ntriton.compiler.errors.CompilationError: at 38:26:\n    k_ptr = K + pid_batch * stride_kb + pid_head * stride_kh + \\\n            (offs_n[:, None] * stride_kn + offs_d[None, :] * stride_kd)\n    v_ptr = V + pid_batch * stride_vb + pid_head * stride_vh + \\\n            (offs_n[:, None] * stride_vn + offs_d[None, :] * stride_vd)\n\n    # Initialize accumulator\n    acc = tl.zeros([BLOCK_M, BLOCK_DMODEL], dtype=tl.float32)\n    m_i = tl.zeros([BLOCK_M], dtype=tl.float32) - float(\'inf\')\n    l_i = tl.zeros([BLOCK_M], dtype=tl.float32)\n\n    # Scale factor\n    scale = 1.0 / tl.sqrt(tl.float32(head_size))\n                          ^\nTypeError("\'dtype\' object is not callable")\n\n\nThe above exception was the direct cause of the following exception:\n\nTypeError: \'dtype\' object is not callable\n', 'runtime_error_name': 'triton.compiler.errors.CompilationError', 'reference_timing_ms': 0.489, 'speed_up': -1.0, 'custom_timing': -1.0}, 'runtime': -1.0, 'runtime_stats': {}}}
2025-08-08 02:16:59,257 - openevolve.llm.ensemble - INFO - Sampled model: deepseek
2025-08-08 02:16:59,268 - openevolve.threaded_parallel - INFO - Iteration 10: Program dc0efc25-b58d-427e-ad30-32cc3942c9d3 (parent: 703d04e9-8b83-4a21-92cf-aff03241816c) completed in 661.51s
2025-08-08 02:16:59,268 - openevolve.threaded_parallel - INFO - Metrics: compiled=1.0000, correctness=0.0000, score=10.0000, stage=wrong_answer, verify_payload={'id': 'level3_44_MiniGPTBlock', 'result': {'compiled': True, 'correctness': False, 'metadata': {'hardware': 'NVIDIA L20Y', 'device': 'cuda:7', 'runtime_error': 'Traceback (most recent call last):\n  File "/cpfs01/shared/llm_kernel/hujiakai/KernelLLM/validation_api_server/helpers/evaluations.py", line 720, in run_and_check_correctness\n    output_new = model_new(*inputs)\n  File "/home/lijiaxing/.conda/envs/api/lib/python3.10/site-packages/torch/nn/modules/module.py", line 1773, in _wrapped_call_impl\n    return self._call_impl(*args, **kwargs)\n  File "/home/lijiaxing/.conda/envs/api/lib/python3.10/site-packages/torch/nn/modules/module.py", line 1784, in _call_impl\n    return forward_call(*args, **kwargs)\n  File "/tmp/tmp_sair8iq.py", line 182, in forward\n    x = x + self.attn(self.ln_1(x))\n  File "/home/lijiaxing/.conda/envs/api/lib/python3.10/site-packages/torch/nn/modules/module.py", line 1773, in _wrapped_call_impl\n    return self._call_impl(*args, **kwargs)\n  File "/home/lijiaxing/.conda/envs/api/lib/python3.10/site-packages/torch/nn/modules/module.py", line 1784, in _call_impl\n    return forward_call(*args, **kwargs)\n  File "/tmp/tmp_sair8iq.py", line 146, in forward\n    _attn_fwd[grid](\n  File "/home/lijiaxing/.conda/envs/api/lib/python3.10/site-packages/triton/runtime/jit.py", line 390, in <lambda>\n    return lambda *args, **kwargs: self.run(grid=grid, warmup=False, *args, **kwargs)\n  File "/home/lijiaxing/.conda/envs/api/lib/python3.10/site-packages/triton/runtime/jit.py", line 594, in run\n    kernel = self.compile(src, target=target, options=options.__dict__)\n  File "/home/lijiaxing/.conda/envs/api/lib/python3.10/site-packages/triton/compiler/compiler.py", line 339, in compile\n    module = src.make_ir(options, codegen_fns, module_map, context)\n  File "/home/lijiaxing/.conda/envs/api/lib/python3.10/site-packages/triton/compiler/compiler.py", line 83, in make_ir\n    return ast_to_ttir(self.fn, self, context=context, options=options, codegen_fns=codegen_fns,\ntriton.compiler.errors.CompilationError: at 38:26:\n    k_ptr = K + pid_batch * stride_kb + pid_head * stride_kh + \\\n            (offs_n[:, None] * stride_kn + offs_d[None, :] * stride_kd)\n    v_ptr = V + pid_batch * stride_vb + pid_head * stride_vh + \\\n            (offs_n[:, None] * stride_vn + offs_d[None, :] * stride_vd)\n\n    # Initialize accumulator\n    acc = tl.zeros([BLOCK_M, BLOCK_DMODEL], dtype=tl.float32)\n    m_i = tl.zeros([BLOCK_M], dtype=tl.float32) - float(\'inf\')\n    l_i = tl.zeros([BLOCK_M], dtype=tl.float32)\n\n    # Scale factor\n    scale = 1.0 / tl.sqrt(tl.float32(head_size))\n                          ^\nTypeError("\'dtype\' object is not callable")\n\n\nThe above exception was the direct cause of the following exception:\n\nTypeError: \'dtype\' object is not callable\n', 'runtime_error_name': 'triton.compiler.errors.CompilationError', 'reference_timing_ms': 0.489, 'speed_up': -1.0, 'custom_timing': -1.0}, 'runtime': -1.0, 'runtime_stats': {}}}
2025-08-08 02:21:10,595 - openevolve.RemoteSpeedupEvaluator - INFO - [level3_44_MiniGPTBlock] triton key words check pass
2025-08-08 02:21:10,597 - openevolve.RemoteSpeedupEvaluator - INFO - [level3_44_MiniGPTBlock] verify_plus payload: reference_code(3888 chars) + custom_code(7077 chars)
2025-08-08 02:21:13,662 - openevolve.RemoteSpeedupEvaluator - INFO - [level3_44_MiniGPTBlock] verify_plus request success
2025-08-08 02:21:13,662 - openevolve.RemoteSpeedupEvaluator - INFO - [level3_44_MiniGPTBlock] verify_plus response: {"id":"level3_44_MiniGPTBlock","result":{"compiled":true,"correctness":false,"metadata":{"hardware":"NVIDIA L20Y","device":"cuda:7","runtime_error":"Traceback (most recent call last):\n  File \"/cpfs01/shared/llm_kernel/hujiakai/KernelLLM/validation_api_server/helpers/evaluations.py\", line 720, in run_and_check_correctness\n    output_new = model_new(*inputs)\n  File \"/home/lijiaxing/.conda/envs/api/lib/python3.10/site-packages/torch/nn/modules/module.py\", line 1773, in _wrapped_call_impl\n    return self._call_impl(*args, **kwargs)\n  File \"/home/lijiaxing/.conda/envs/api/lib/python3.10/site-packages/torch/nn/modules/module.py\", line 1784, in _call_impl\n    return forward_call(*args, **kwargs)\n  File \"/tmp/tmppbg465zl.py\", line 173, in forward\n    x = x + self.attn(self.ln_1(x))
2025-08-08 02:21:13,662 - openevolve.RemoteSpeedupEvaluator - INFO - [level3_44_MiniGPTBlock] âœ˜ wrong_answer
2025-08-08 02:21:13,662 - openevolve.evaluator - INFO - Evaluated program 34a6c71d-e9aa-4e94-9756-847f89eb05a9 in 3.07s: compiled=1.0000, correctness=0.0000, score=10.0000, stage=wrong_answer, verify_payload={'id': 'level3_44_MiniGPTBlock', 'result': {'compiled': True, 'correctness': False, 'metadata': {'hardware': 'NVIDIA L20Y', 'device': 'cuda:7', 'runtime_error': 'Traceback (most recent call last):\n  File "/cpfs01/shared/llm_kernel/hujiakai/KernelLLM/validation_api_server/helpers/evaluations.py", line 720, in run_and_check_correctness\n    output_new = model_new(*inputs)\n  File "/home/lijiaxing/.conda/envs/api/lib/python3.10/site-packages/torch/nn/modules/module.py", line 1773, in _wrapped_call_impl\n    return self._call_impl(*args, **kwargs)\n  File "/home/lijiaxing/.conda/envs/api/lib/python3.10/site-packages/torch/nn/modules/module.py", line 1784, in _call_impl\n    return forward_call(*args, **kwargs)\n  File "/tmp/tmppbg465zl.py", line 173, in forward\n    x = x + self.attn(self.ln_1(x))\n  File "/home/lijiaxing/.conda/envs/api/lib/python3.10/site-packages/torch/nn/modules/module.py", line 1773, in _wrapped_call_impl\n    return self._call_impl(*args, **kwargs)\n  File "/home/lijiaxing/.conda/envs/api/lib/python3.10/site-packages/torch/nn/modules/module.py", line 1784, in _call_impl\n    return forward_call(*args, **kwargs)\n  File "/tmp/tmppbg465zl.py", line 139, in forward\n    _fwd_attention_rowwise[grid](\n  File "/home/lijiaxing/.conda/envs/api/lib/python3.10/site-packages/triton/runtime/jit.py", line 390, in <lambda>\n    return lambda *args, **kwargs: self.run(grid=grid, warmup=False, *args, **kwargs)\n  File "/home/lijiaxing/.conda/envs/api/lib/python3.10/site-packages/triton/runtime/autotuner.py", line 239, in run\n    benchmark()\n  File "/home/lijiaxing/.conda/envs/api/lib/python3.10/site-packages/triton/runtime/autotuner.py", line 228, in benchmark\n    timings = {config: self._bench(*args, config=config, **kwargs) for config in pruned_configs}\n  File "/home/lijiaxing/.conda/envs/api/lib/python3.10/site-packages/triton/runtime/autotuner.py", line 228, in <dictcomp>\n    timings = {config: self._bench(*args, config=config, **kwargs) for config in pruned_configs}\n  File "/home/lijiaxing/.conda/envs/api/lib/python3.10/site-packages/triton/runtime/autotuner.py", line 135, in _bench\n    raise ValueError(f"Conflicting meta-parameters: {\', \'.join(conflicts)}."\nValueError: Conflicting meta-parameters: BLOCK_DMODEL, BLOCK_N. Make sure that you don\'t re-define auto-tuned symbols.\n', 'runtime_error_name': 'builtins.ValueError', 'reference_timing_ms': 0.489, 'speed_up': -1.0, 'custom_timing': -1.0}, 'runtime': -1.0, 'runtime_stats': {}}}
2025-08-08 02:21:13,668 - openevolve.llm.ensemble - INFO - Sampled model: deepseek
2025-08-08 02:21:13,703 - openevolve.threaded_parallel - INFO - Iteration 12: Program 34a6c71d-e9aa-4e94-9756-847f89eb05a9 (parent: fd5efd91-7f23-4b3f-a72a-a7fbff68729e) completed in 477.75s
2025-08-08 02:21:13,703 - openevolve.threaded_parallel - INFO - Metrics: compiled=1.0000, correctness=0.0000, score=10.0000, stage=wrong_answer, verify_payload={'id': 'level3_44_MiniGPTBlock', 'result': {'compiled': True, 'correctness': False, 'metadata': {'hardware': 'NVIDIA L20Y', 'device': 'cuda:7', 'runtime_error': 'Traceback (most recent call last):\n  File "/cpfs01/shared/llm_kernel/hujiakai/KernelLLM/validation_api_server/helpers/evaluations.py", line 720, in run_and_check_correctness\n    output_new = model_new(*inputs)\n  File "/home/lijiaxing/.conda/envs/api/lib/python3.10/site-packages/torch/nn/modules/module.py", line 1773, in _wrapped_call_impl\n    return self._call_impl(*args, **kwargs)\n  File "/home/lijiaxing/.conda/envs/api/lib/python3.10/site-packages/torch/nn/modules/module.py", line 1784, in _call_impl\n    return forward_call(*args, **kwargs)\n  File "/tmp/tmppbg465zl.py", line 173, in forward\n    x = x + self.attn(self.ln_1(x))\n  File "/home/lijiaxing/.conda/envs/api/lib/python3.10/site-packages/torch/nn/modules/module.py", line 1773, in _wrapped_call_impl\n    return self._call_impl(*args, **kwargs)\n  File "/home/lijiaxing/.conda/envs/api/lib/python3.10/site-packages/torch/nn/modules/module.py", line 1784, in _call_impl\n    return forward_call(*args, **kwargs)\n  File "/tmp/tmppbg465zl.py", line 139, in forward\n    _fwd_attention_rowwise[grid](\n  File "/home/lijiaxing/.conda/envs/api/lib/python3.10/site-packages/triton/runtime/jit.py", line 390, in <lambda>\n    return lambda *args, **kwargs: self.run(grid=grid, warmup=False, *args, **kwargs)\n  File "/home/lijiaxing/.conda/envs/api/lib/python3.10/site-packages/triton/runtime/autotuner.py", line 239, in run\n    benchmark()\n  File "/home/lijiaxing/.conda/envs/api/lib/python3.10/site-packages/triton/runtime/autotuner.py", line 228, in benchmark\n    timings = {config: self._bench(*args, config=config, **kwargs) for config in pruned_configs}\n  File "/home/lijiaxing/.conda/envs/api/lib/python3.10/site-packages/triton/runtime/autotuner.py", line 228, in <dictcomp>\n    timings = {config: self._bench(*args, config=config, **kwargs) for config in pruned_configs}\n  File "/home/lijiaxing/.conda/envs/api/lib/python3.10/site-packages/triton/runtime/autotuner.py", line 135, in _bench\n    raise ValueError(f"Conflicting meta-parameters: {\', \'.join(conflicts)}."\nValueError: Conflicting meta-parameters: BLOCK_DMODEL, BLOCK_N. Make sure that you don\'t re-define auto-tuned symbols.\n', 'runtime_error_name': 'builtins.ValueError', 'reference_timing_ms': 0.489, 'speed_up': -1.0, 'custom_timing': -1.0}, 'runtime': -1.0, 'runtime_stats': {}}}
2025-08-08 02:21:13,703 - openevolve.threaded_parallel - INFO - Checkpoint interval reached at iteration 12
2025-08-08 02:21:13,705 - openevolve.database - INFO - Island Status:
2025-08-08 02:21:13,705 - openevolve.database - INFO -    Island 0: 7 programs, best=10.0000, avg=-8.4286, diversity=440.30, gen=5 (best: d0e84685-6939-4d84-ba44-8b605ce7be9c)
2025-08-08 02:21:13,705 - openevolve.database - INFO -  * Island 1: 3 programs, best=10.0000, avg=-29.6667, diversity=723.20, gen=4 (best: 3d75fe81-1bfb-41fc-9e8a-54e1475cfda0)
2025-08-08 02:21:13,705 - openevolve.database - INFO -    Island 2: 3 programs, best=10.0000, avg=10.0000, diversity=185.53, gen=3 (best: 703d04e9-8b83-4a21-92cf-aff03241816c)
2025-08-08 02:21:13,858 - openevolve.database - INFO - Saved database with 13 programs to openevolve_output/level3_44_MiniGPTBlock/checkpoints/checkpoint_12
2025-08-08 02:21:13,879 - openevolve.controller - INFO - Saved best program at checkpoint 12 with metrics: compiled=1.0000, correctness=0.0000, score=10.0000, stage=wrong_answer, verify_payload={'id': 'level3_44_MiniGPTBlock', 'result': {'compiled': True, 'correctness': False, 'metadata': {'hardware': 'NVIDIA L20Y', 'device': 'cuda:4', 'runtime_error': 'Traceback (most recent call last):\n  File "/home/lijiaxing/.conda/envs/api/lib/python3.10/site-packages/triton/language/core.py", line 42, in wrapper\n    return fn(*args, **kwargs)\n  File "/home/lijiaxing/.conda/envs/api/lib/python3.10/site-packages/triton/language/core.py", line 2231, in make_block_ptr\n    return _semantic.make_block_ptr(base, shape, strides, offsets, block_shape, order)\n  File "/home/lijiaxing/.conda/envs/api/lib/python3.10/site-packages/triton/language/semantic.py", line 1838, in make_block_ptr\n    return self.tensor(handle, tl.pointer_type(tl.block_type(base.type.element_ty, block_shape)))\n  File "/home/lijiaxing/.conda/envs/api/lib/python3.10/site-packages/triton/language/core.py", line 726, in __init__\n    self.numel = validate_block_shape(self.shape)\n  File "/home/lijiaxing/.conda/envs/api/lib/python3.10/site-packages/triton/_utils.py", line 52, in validate_block_shape\n    raise ValueError(f"Shape element {i} must be a power of 2")\nValueError: Shape element 1 must be a power of 2\n\nThe above exception was the direct cause of the following exception:\n\nTraceback (most recent call last):\n  File "/cpfs01/shared/llm_kernel/hujiakai/KernelLLM/validation_api_server/helpers/evaluations.py", line 720, in run_and_check_correctness\n    output_new = model_new(*inputs)\n  File "/home/lijiaxing/.conda/envs/api/lib/python3.10/site-packages/torch/nn/modules/module.py", line 1773, in _wrapped_call_impl\n    return self._call_impl(*args, **kwargs)\n  File "/home/lijiaxing/.conda/envs/api/lib/python3.10/site-packages/torch/nn/modules/module.py", line 1784, in _call_impl\n    return forward_call(*args, **kwargs)\n  File "/tmp/tmpqiyjk4km.py", line 166, in forward\n    x = x + self.attn(self.ln_1(x))\n  File "/home/lijiaxing/.conda/envs/api/lib/python3.10/site-packages/torch/nn/modules/module.py", line 1773, in _wrapped_call_impl\n    return self._call_impl(*args, **kwargs)\n  File "/home/lijiaxing/.conda/envs/api/lib/python3.10/site-packages/torch/nn/modules/module.py", line 1784, in _call_impl\n    return forward_call(*args, **kwargs)\n  File "/tmp/tmpqiyjk4km.py", line 132, in forward\n    _fwd_attention_kernel[grid](\n  File "/home/lijiaxing/.conda/envs/api/lib/python3.10/site-packages/triton/runtime/jit.py", line 390, in <lambda>\n    return lambda *args, **kwargs: self.run(grid=grid, warmup=False, *args, **kwargs)\n  File "/home/lijiaxing/.conda/envs/api/lib/python3.10/site-packages/triton/runtime/jit.py", line 594, in run\n    kernel = self.compile(src, target=target, options=options.__dict__)\n  File "/home/lijiaxing/.conda/envs/api/lib/python3.10/site-packages/triton/compiler/compiler.py", line 339, in compile\n    module = src.make_ir(options, codegen_fns, module_map, context)\n  File "/home/lijiaxing/.conda/envs/api/lib/python3.10/site-packages/triton/compiler/compiler.py", line 83, in make_ir\n    return ast_to_ttir(self.fn, self, context=context, options=options, codegen_fns=codegen_fns,\ntriton.compiler.errors.CompilationError: at 18:18:\n    scale, \n    N_CTX,\n    BLOCK_M: tl.constexpr, BLOCK_N: tl.constexpr,\n    BLOCK_DMODEL: tl.constexpr,\n):\n    start_m = tl.program_id(0)\n    off_hz = tl.program_id(1)\n    off_z = off_hz // N_CTX\n    off_h = off_hz % N_CTX\n\n    q_offset = off_z * stride_qz + off_h * stride_qh\n    Q_block_ptr = tl.make_block_ptr(\n                  ^\n\n\nThe above exception was the direct cause of the following exception:\n\nTraceback (most recent call last):\n  File "/home/lijiaxing/.conda/envs/api/lib/python3.10/site-packages/triton/language/core.py", line 42, in wrapper\n    return fn(*args, **kwargs)\n  File "/home/lijiaxing/.conda/envs/api/lib/python3.10/site-packages/triton/language/core.py", line 2231, in make_block_ptr\n    return _semantic.make_block_ptr(base, shape, strides, offsets, block_shape, order)\n  File "/home/lijiaxing/.conda/envs/api/lib/python3.10/site-packages/triton/language/semantic.py", line 1838, in make_block_ptr\n    return self.tensor(handle, tl.pointer_type(tl.block_type(base.type.element_ty, block_shape)))\n  File "/home/lijiaxing/.conda/envs/api/lib/python3.10/site-packages/triton/language/core.py", line 726, in __init__\n    self.numel = validate_block_shape(self.shape)\n  File "/home/lijiaxing/.conda/envs/api/lib/python3.10/site-packages/triton/_utils.py", line 52, in validate_block_shape\n    raise ValueError(f"Shape element {i} must be a power of 2")\nValueError: Shape element 1 must be a power of 2\n', 'runtime_error_name': 'triton.compiler.errors.CompilationError', 'reference_timing_ms': 0.489, 'speed_up': -1.0, 'custom_timing': -1.0}, 'runtime': -1.0, 'runtime_stats': {}}}
2025-08-08 02:21:13,879 - openevolve.controller - INFO - Saved checkpoint at iteration 12 to openevolve_output/level3_44_MiniGPTBlock/checkpoints/checkpoint_12
2025-08-08 02:22:19,013 - openevolve.RemoteSpeedupEvaluator - INFO - [level3_44_MiniGPTBlock] âœ˜ invalid_answer 'import triton' is not found
2025-08-08 02:22:19,015 - openevolve.evaluator - INFO - Evaluated program 79522d2c-d315-4dc4-b6b4-b1e5074dabbe in 0.00s: compiled=0.0000, correctness=0.0000, score=-100.0000, stage=no_valid_triton_code, feedback=You need to generate real and valid triton code for the core function. The key word 'import triton' is not found.
2025-08-08 02:22:19,018 - openevolve.llm.ensemble - INFO - Sampled model: deepseek
2025-08-08 02:22:19,035 - openevolve.threaded_parallel - INFO - Iteration 14: Program 79522d2c-d315-4dc4-b6b4-b1e5074dabbe (parent: ebe8608a-d1df-4e21-b898-6943859ecb94) completed in 65.35s
2025-08-08 02:22:19,035 - openevolve.threaded_parallel - INFO - Metrics: compiled=0.0000, correctness=0.0000, score=-100.0000, stage=no_valid_triton_code, feedback=You need to generate real and valid triton code for the core function. The key word 'import triton' is not found.
2025-08-08 02:25:26,546 - openevolve.RemoteSpeedupEvaluator - INFO - [level3_44_MiniGPTBlock] triton key words check pass
2025-08-08 02:25:26,548 - openevolve.RemoteSpeedupEvaluator - INFO - [level3_44_MiniGPTBlock] verify_plus payload: reference_code(3888 chars) + custom_code(5853 chars)
2025-08-08 02:25:31,562 - openevolve.RemoteSpeedupEvaluator - INFO - [level3_44_MiniGPTBlock] verify_plus request success
2025-08-08 02:25:31,562 - openevolve.RemoteSpeedupEvaluator - INFO - [level3_44_MiniGPTBlock] verify_plus response: {"id":"level3_44_MiniGPTBlock","result":{"compiled":true,"correctness":false,"metadata":{"hardware":"NVIDIA L20Y","device":"cuda:3","runtime_error":"Traceback (most recent call last):\n  File \"/cpfs01/shared/llm_kernel/hujiakai/KernelLLM/validation_api_server/helpers/evaluations.py\", line 720, in run_and_check_correctness\n    output_new = model_new(*inputs)\n  File \"/home/lijiaxing/.conda/envs/api/lib/python3.10/site-packages/torch/nn/modules/module.py\", line 1773, in _wrapped_call_impl\n    return self._call_impl(*args, **kwargs)\n  File \"/home/lijiaxing/.conda/envs/api/lib/python3.10/site-packages/torch/nn/modules/module.py\", line 1784, in _call_impl\n    return forward_call(*args, **kwargs)\n  File \"/tmp/tmpc8bf3zwo.py\", line 156, in forward\n    x = x + self.attn(self.ln_1(x))
2025-08-08 02:25:31,562 - openevolve.RemoteSpeedupEvaluator - INFO - [level3_44_MiniGPTBlock] âœ˜ wrong_answer
2025-08-08 02:25:31,563 - openevolve.evaluator - INFO - Evaluated program 005359e5-e467-468f-aee1-5c55dadaf4c7 in 5.02s: compiled=1.0000, correctness=0.0000, score=10.0000, stage=wrong_answer, verify_payload={'id': 'level3_44_MiniGPTBlock', 'result': {'compiled': True, 'correctness': False, 'metadata': {'hardware': 'NVIDIA L20Y', 'device': 'cuda:3', 'runtime_error': 'Traceback (most recent call last):\n  File "/cpfs01/shared/llm_kernel/hujiakai/KernelLLM/validation_api_server/helpers/evaluations.py", line 720, in run_and_check_correctness\n    output_new = model_new(*inputs)\n  File "/home/lijiaxing/.conda/envs/api/lib/python3.10/site-packages/torch/nn/modules/module.py", line 1773, in _wrapped_call_impl\n    return self._call_impl(*args, **kwargs)\n  File "/home/lijiaxing/.conda/envs/api/lib/python3.10/site-packages/torch/nn/modules/module.py", line 1784, in _call_impl\n    return forward_call(*args, **kwargs)\n  File "/tmp/tmpc8bf3zwo.py", line 156, in forward\n    x = x + self.attn(self.ln_1(x))\n  File "/home/lijiaxing/.conda/envs/api/lib/python3.10/site-packages/torch/nn/modules/module.py", line 1773, in _wrapped_call_impl\n    return self._call_impl(*args, **kwargs)\n  File "/home/lijiaxing/.conda/envs/api/lib/python3.10/site-packages/torch/nn/modules/module.py", line 1784, in _call_impl\n    return forward_call(*args, **kwargs)\n  File "/tmp/tmpc8bf3zwo.py", line 133, in forward\n    y = flash_attention(q, k, v, causal=True, softmax_scale=None)\n  File "/tmp/tmpc8bf3zwo.py", line 101, in flash_attention\n    _fwd_attention_kernel[grid](\n  File "/home/lijiaxing/.conda/envs/api/lib/python3.10/site-packages/triton/runtime/jit.py", line 390, in <lambda>\n    return lambda *args, **kwargs: self.run(grid=grid, warmup=False, *args, **kwargs)\n  File "/home/lijiaxing/.conda/envs/api/lib/python3.10/site-packages/triton/runtime/jit.py", line 617, in run\n    kernel.run(grid_0, grid_1, grid_2, stream, kernel.function, kernel.packed_metadata, launch_metadata,\n  File "/home/lijiaxing/.conda/envs/api/lib/python3.10/site-packages/triton/compiler/compiler.py", line 498, in __getattribute__\n    self._init_handles()\n  File "/home/lijiaxing/.conda/envs/api/lib/python3.10/site-packages/triton/compiler/compiler.py", line 483, in _init_handles\n    raise OutOfResources(self.metadata.shared, max_shared, "shared memory")\ntriton.runtime.errors.OutOfResources: out of resource: shared memory, Required: 262144, Hardware limit: 232448. Reducing block sizes or `num_stages` may help.\n', 'runtime_error_name': 'triton.runtime.errors.OutOfResources', 'reference_timing_ms': 0.489, 'speed_up': -1.0, 'custom_timing': -1.0}, 'runtime': -1.0, 'runtime_stats': {}}}
2025-08-08 02:25:31,566 - openevolve.llm.ensemble - INFO - Sampled model: deepseek
2025-08-08 02:25:31,568 - openevolve.database - INFO - MAP-Elites cell improved: {'score': 9, 'complexity': 7} (fitness: 1.000 -> 10.000)
2025-08-08 02:25:31,579 - openevolve.threaded_parallel - INFO - Iteration 11: Program 005359e5-e467-468f-aee1-5c55dadaf4c7 (parent: 0d22a99a-0c6e-4839-bd6b-6133ee11a3fa) completed in 879.92s
2025-08-08 02:25:31,579 - openevolve.threaded_parallel - INFO - Metrics: compiled=1.0000, correctness=0.0000, score=10.0000, stage=wrong_answer, verify_payload={'id': 'level3_44_MiniGPTBlock', 'result': {'compiled': True, 'correctness': False, 'metadata': {'hardware': 'NVIDIA L20Y', 'device': 'cuda:3', 'runtime_error': 'Traceback (most recent call last):\n  File "/cpfs01/shared/llm_kernel/hujiakai/KernelLLM/validation_api_server/helpers/evaluations.py", line 720, in run_and_check_correctness\n    output_new = model_new(*inputs)\n  File "/home/lijiaxing/.conda/envs/api/lib/python3.10/site-packages/torch/nn/modules/module.py", line 1773, in _wrapped_call_impl\n    return self._call_impl(*args, **kwargs)\n  File "/home/lijiaxing/.conda/envs/api/lib/python3.10/site-packages/torch/nn/modules/module.py", line 1784, in _call_impl\n    return forward_call(*args, **kwargs)\n  File "/tmp/tmpc8bf3zwo.py", line 156, in forward\n    x = x + self.attn(self.ln_1(x))\n  File "/home/lijiaxing/.conda/envs/api/lib/python3.10/site-packages/torch/nn/modules/module.py", line 1773, in _wrapped_call_impl\n    return self._call_impl(*args, **kwargs)\n  File "/home/lijiaxing/.conda/envs/api/lib/python3.10/site-packages/torch/nn/modules/module.py", line 1784, in _call_impl\n    return forward_call(*args, **kwargs)\n  File "/tmp/tmpc8bf3zwo.py", line 133, in forward\n    y = flash_attention(q, k, v, causal=True, softmax_scale=None)\n  File "/tmp/tmpc8bf3zwo.py", line 101, in flash_attention\n    _fwd_attention_kernel[grid](\n  File "/home/lijiaxing/.conda/envs/api/lib/python3.10/site-packages/triton/runtime/jit.py", line 390, in <lambda>\n    return lambda *args, **kwargs: self.run(grid=grid, warmup=False, *args, **kwargs)\n  File "/home/lijiaxing/.conda/envs/api/lib/python3.10/site-packages/triton/runtime/jit.py", line 617, in run\n    kernel.run(grid_0, grid_1, grid_2, stream, kernel.function, kernel.packed_metadata, launch_metadata,\n  File "/home/lijiaxing/.conda/envs/api/lib/python3.10/site-packages/triton/compiler/compiler.py", line 498, in __getattribute__\n    self._init_handles()\n  File "/home/lijiaxing/.conda/envs/api/lib/python3.10/site-packages/triton/compiler/compiler.py", line 483, in _init_handles\n    raise OutOfResources(self.metadata.shared, max_shared, "shared memory")\ntriton.runtime.errors.OutOfResources: out of resource: shared memory, Required: 262144, Hardware limit: 232448. Reducing block sizes or `num_stages` may help.\n', 'runtime_error_name': 'triton.runtime.errors.OutOfResources', 'reference_timing_ms': 0.489, 'speed_up': -1.0, 'custom_timing': -1.0}, 'runtime': -1.0, 'runtime_stats': {}}}
2025-08-08 02:30:02,129 - openevolve.RemoteSpeedupEvaluator - INFO - [level3_44_MiniGPTBlock] triton key words check pass
2025-08-08 02:30:02,135 - openevolve.RemoteSpeedupEvaluator - INFO - [level3_44_MiniGPTBlock] verify_plus payload: reference_code(3888 chars) + custom_code(5065 chars)
2025-08-08 02:30:05,748 - openevolve.RemoteSpeedupEvaluator - INFO - [level3_44_MiniGPTBlock] verify_plus request success
2025-08-08 02:30:05,749 - openevolve.RemoteSpeedupEvaluator - INFO - [level3_44_MiniGPTBlock] verify_plus response: {"id":"level3_44_MiniGPTBlock","result":{"compiled":true,"correctness":false,"metadata":{"hardware":"NVIDIA L20Y","device":"cuda:3","runtime_error":"Traceback (most recent call last):\n  File \"/home/lijiaxing/.conda/envs/api/lib/python3.10/site-packages/triton/language/core.py\", line 42, in wrapper\n    return fn(*args, **kwargs)\n  File \"/home/lijiaxing/.conda/envs/api/lib/python3.10/site-packages/triton/language/core.py\", line 2150, in load\n    return _semantic.load(pointer, mask, other, boundary_check, padding_option, cache_modifier, eviction_policy,\n  File \"/home/lijiaxing/.conda/envs/api/lib/python3.10/site-packages/triton/language/semantic.py\", line 1086, in load\n    return self._load_legacy(ptr, mask, other, boundary_check, padding, cache, eviction, is_volatile)\n  File \"/
2025-08-08 02:30:05,749 - openevolve.RemoteSpeedupEvaluator - INFO - [level3_44_MiniGPTBlock] âœ˜ wrong_answer
2025-08-08 02:30:05,749 - openevolve.evaluator - INFO - Evaluated program f05fbc83-4bd4-42a3-8090-92ca51466477 in 3.62s: compiled=1.0000, correctness=0.0000, score=10.0000, stage=wrong_answer, verify_payload={'id': 'level3_44_MiniGPTBlock', 'result': {'compiled': True, 'correctness': False, 'metadata': {'hardware': 'NVIDIA L20Y', 'device': 'cuda:3', 'runtime_error': 'Traceback (most recent call last):\n  File "/home/lijiaxing/.conda/envs/api/lib/python3.10/site-packages/triton/language/core.py", line 42, in wrapper\n    return fn(*args, **kwargs)\n  File "/home/lijiaxing/.conda/envs/api/lib/python3.10/site-packages/triton/language/core.py", line 2150, in load\n    return _semantic.load(pointer, mask, other, boundary_check, padding_option, cache_modifier, eviction_policy,\n  File "/home/lijiaxing/.conda/envs/api/lib/python3.10/site-packages/triton/language/semantic.py", line 1086, in load\n    return self._load_legacy(ptr, mask, other, boundary_check, padding, cache, eviction, is_volatile)\n  File "/home/lijiaxing/.conda/envs/api/lib/python3.10/site-packages/triton/language/semantic.py", line 1017, in _load_legacy\n    raise ValueError(f"Unsupported ptr type {ptr.type.__repr__()} in `tl.load`")\nValueError: Unsupported ptr type <[\'32\', \'128\'], int32> in `tl.load`\n\nThe above exception was the direct cause of the following exception:\n\nTraceback (most recent call last):\n  File "/cpfs01/shared/llm_kernel/hujiakai/KernelLLM/validation_api_server/helpers/evaluations.py", line 720, in run_and_check_correctness\n    output_new = model_new(*inputs)\n  File "/home/lijiaxing/.conda/envs/api/lib/python3.10/site-packages/torch/nn/modules/module.py", line 1773, in _wrapped_call_impl\n    return self._call_impl(*args, **kwargs)\n  File "/home/lijiaxing/.conda/envs/api/lib/python3.10/site-packages/torch/nn/modules/module.py", line 1784, in _call_impl\n    return forward_call(*args, **kwargs)\n  File "/tmp/tmpurhp8gwu.py", line 127, in forward\n    x = x + self.attn(self.ln_1(x))\n  File "/home/lijiaxing/.conda/envs/api/lib/python3.10/site-packages/torch/nn/modules/module.py", line 1773, in _wrapped_call_impl\n    return self._call_impl(*args, **kwargs)\n  File "/home/lijiaxing/.conda/envs/api/lib/python3.10/site-packages/torch/nn/modules/module.py", line 1784, in _call_impl\n    return forward_call(*args, **kwargs)\n  File "/tmp/tmpurhp8gwu.py", line 97, in forward\n    _fwd_attention_rowwise[grid](\n  File "/home/lijiaxing/.conda/envs/api/lib/python3.10/site-packages/triton/runtime/jit.py", line 390, in <lambda>\n    return lambda *args, **kwargs: self.run(grid=grid, warmup=False, *args, **kwargs)\n  File "/home/lijiaxing/.conda/envs/api/lib/python3.10/site-packages/triton/runtime/jit.py", line 594, in run\n    kernel = self.compile(src, target=target, options=options.__dict__)\n  File "/home/lijiaxing/.conda/envs/api/lib/python3.10/site-packages/triton/compiler/compiler.py", line 339, in compile\n    module = src.make_ir(options, codegen_fns, module_map, context)\n  File "/home/lijiaxing/.conda/envs/api/lib/python3.10/site-packages/triton/compiler/compiler.py", line 83, in make_ir\n    return ast_to_ttir(self.fn, self, context=context, options=options, codegen_fns=codegen_fns,\ntriton.compiler.errors.CompilationError: at 33:12:\n    o_offset = off_z * stride_oz + off_h * stride_oh + i * stride_om\n\n    m_i = -float(\'inf\')\n    l_i = 0.0\n    acc = tl.zeros([BLOCK_DMODEL], dtype=tl.float32)\n\n    for start_n in range(0, i + 1, BLOCK_N):\n        j = start_n + tl.arange(0, BLOCK_N)\n        mask_j = (j < (i + 1)) & (j < N_CTX)\n\n        k_ptr = k_base + j[:, None] * stride_kn + tl.arange(0, BLOCK_DMODEL)[None, :] * stride_kk\n        k = tl.load(k_ptr, mask=mask_j[:, None] & (tl.arange(0, BLOCK_DMODEL)[None, :] < head_size), other=0.0)\n            ^\n\n\nThe above exception was the direct cause of the following exception:\n\nTraceback (most recent call last):\n  File "/home/lijiaxing/.conda/envs/api/lib/python3.10/site-packages/triton/language/core.py", line 42, in wrapper\n    return fn(*args, **kwargs)\n  File "/home/lijiaxing/.conda/envs/api/lib/python3.10/site-packages/triton/language/core.py", line 2150, in load\n    return _semantic.load(pointer, mask, other, boundary_check, padding_option, cache_modifier, eviction_policy,\n  File "/home/lijiaxing/.conda/envs/api/lib/python3.10/site-packages/triton/language/semantic.py", line 1086, in load\n    return self._load_legacy(ptr, mask, other, boundary_check, padding, cache, eviction, is_volatile)\n  File "/home/lijiaxing/.conda/envs/api/lib/python3.10/site-packages/triton/language/semantic.py", line 1017, in _load_legacy\n    raise ValueError(f"Unsupported ptr type {ptr.type.__repr__()} in `tl.load`")\nValueError: Unsupported ptr type <[\'32\', \'128\'], int32> in `tl.load`\n', 'runtime_error_name': 'triton.compiler.errors.CompilationError', 'reference_timing_ms': 0.489, 'speed_up': -1.0, 'custom_timing': -1.0}, 'runtime': -1.0, 'runtime_stats': {}}}
2025-08-08 02:30:05,757 - openevolve.llm.ensemble - INFO - Sampled model: deepseek
2025-08-08 02:30:05,760 - openevolve.database - INFO - MAP-Elites cell improved: {'score': 9, 'complexity': 5} (fitness: 1.000 -> 10.000)
2025-08-08 02:30:05,818 - openevolve.threaded_parallel - INFO - Iteration 15: Program f05fbc83-4bd4-42a3-8090-92ca51466477 (parent: a1fa0261-9718-4ea1-89e7-12d4ede372af) completed in 466.73s
2025-08-08 02:30:05,818 - openevolve.threaded_parallel - INFO - Metrics: compiled=1.0000, correctness=0.0000, score=10.0000, stage=wrong_answer, verify_payload={'id': 'level3_44_MiniGPTBlock', 'result': {'compiled': True, 'correctness': False, 'metadata': {'hardware': 'NVIDIA L20Y', 'device': 'cuda:3', 'runtime_error': 'Traceback (most recent call last):\n  File "/home/lijiaxing/.conda/envs/api/lib/python3.10/site-packages/triton/language/core.py", line 42, in wrapper\n    return fn(*args, **kwargs)\n  File "/home/lijiaxing/.conda/envs/api/lib/python3.10/site-packages/triton/language/core.py", line 2150, in load\n    return _semantic.load(pointer, mask, other, boundary_check, padding_option, cache_modifier, eviction_policy,\n  File "/home/lijiaxing/.conda/envs/api/lib/python3.10/site-packages/triton/language/semantic.py", line 1086, in load\n    return self._load_legacy(ptr, mask, other, boundary_check, padding, cache, eviction, is_volatile)\n  File "/home/lijiaxing/.conda/envs/api/lib/python3.10/site-packages/triton/language/semantic.py", line 1017, in _load_legacy\n    raise ValueError(f"Unsupported ptr type {ptr.type.__repr__()} in `tl.load`")\nValueError: Unsupported ptr type <[\'32\', \'128\'], int32> in `tl.load`\n\nThe above exception was the direct cause of the following exception:\n\nTraceback (most recent call last):\n  File "/cpfs01/shared/llm_kernel/hujiakai/KernelLLM/validation_api_server/helpers/evaluations.py", line 720, in run_and_check_correctness\n    output_new = model_new(*inputs)\n  File "/home/lijiaxing/.conda/envs/api/lib/python3.10/site-packages/torch/nn/modules/module.py", line 1773, in _wrapped_call_impl\n    return self._call_impl(*args, **kwargs)\n  File "/home/lijiaxing/.conda/envs/api/lib/python3.10/site-packages/torch/nn/modules/module.py", line 1784, in _call_impl\n    return forward_call(*args, **kwargs)\n  File "/tmp/tmpurhp8gwu.py", line 127, in forward\n    x = x + self.attn(self.ln_1(x))\n  File "/home/lijiaxing/.conda/envs/api/lib/python3.10/site-packages/torch/nn/modules/module.py", line 1773, in _wrapped_call_impl\n    return self._call_impl(*args, **kwargs)\n  File "/home/lijiaxing/.conda/envs/api/lib/python3.10/site-packages/torch/nn/modules/module.py", line 1784, in _call_impl\n    return forward_call(*args, **kwargs)\n  File "/tmp/tmpurhp8gwu.py", line 97, in forward\n    _fwd_attention_rowwise[grid](\n  File "/home/lijiaxing/.conda/envs/api/lib/python3.10/site-packages/triton/runtime/jit.py", line 390, in <lambda>\n    return lambda *args, **kwargs: self.run(grid=grid, warmup=False, *args, **kwargs)\n  File "/home/lijiaxing/.conda/envs/api/lib/python3.10/site-packages/triton/runtime/jit.py", line 594, in run\n    kernel = self.compile(src, target=target, options=options.__dict__)\n  File "/home/lijiaxing/.conda/envs/api/lib/python3.10/site-packages/triton/compiler/compiler.py", line 339, in compile\n    module = src.make_ir(options, codegen_fns, module_map, context)\n  File "/home/lijiaxing/.conda/envs/api/lib/python3.10/site-packages/triton/compiler/compiler.py", line 83, in make_ir\n    return ast_to_ttir(self.fn, self, context=context, options=options, codegen_fns=codegen_fns,\ntriton.compiler.errors.CompilationError: at 33:12:\n    o_offset = off_z * stride_oz + off_h * stride_oh + i * stride_om\n\n    m_i = -float(\'inf\')\n    l_i = 0.0\n    acc = tl.zeros([BLOCK_DMODEL], dtype=tl.float32)\n\n    for start_n in range(0, i + 1, BLOCK_N):\n        j = start_n + tl.arange(0, BLOCK_N)\n        mask_j = (j < (i + 1)) & (j < N_CTX)\n\n        k_ptr = k_base + j[:, None] * stride_kn + tl.arange(0, BLOCK_DMODEL)[None, :] * stride_kk\n        k = tl.load(k_ptr, mask=mask_j[:, None] & (tl.arange(0, BLOCK_DMODEL)[None, :] < head_size), other=0.0)\n            ^\n\n\nThe above exception was the direct cause of the following exception:\n\nTraceback (most recent call last):\n  File "/home/lijiaxing/.conda/envs/api/lib/python3.10/site-packages/triton/language/core.py", line 42, in wrapper\n    return fn(*args, **kwargs)\n  File "/home/lijiaxing/.conda/envs/api/lib/python3.10/site-packages/triton/language/core.py", line 2150, in load\n    return _semantic.load(pointer, mask, other, boundary_check, padding_option, cache_modifier, eviction_policy,\n  File "/home/lijiaxing/.conda/envs/api/lib/python3.10/site-packages/triton/language/semantic.py", line 1086, in load\n    return self._load_legacy(ptr, mask, other, boundary_check, padding, cache, eviction, is_volatile)\n  File "/home/lijiaxing/.conda/envs/api/lib/python3.10/site-packages/triton/language/semantic.py", line 1017, in _load_legacy\n    raise ValueError(f"Unsupported ptr type {ptr.type.__repr__()} in `tl.load`")\nValueError: Unsupported ptr type <[\'32\', \'128\'], int32> in `tl.load`\n', 'runtime_error_name': 'triton.compiler.errors.CompilationError', 'reference_timing_ms': 0.489, 'speed_up': -1.0, 'custom_timing': -1.0}, 'runtime': -1.0, 'runtime_stats': {}}}
2025-08-08 02:30:05,819 - openevolve.threaded_parallel - INFO - Checkpoint interval reached at iteration 15
2025-08-08 02:30:05,821 - openevolve.database - INFO - Island Status:
2025-08-08 02:30:05,821 - openevolve.database - INFO -    Island 0: 8 programs, best=10.0000, avg=-6.1250, diversity=440.30, gen=6 (best: d0e84685-6939-4d84-ba44-8b605ce7be9c)
2025-08-08 02:30:05,821 - openevolve.database - INFO -  * Island 1: 4 programs, best=10.0000, avg=-47.2500, diversity=1061.73, gen=5 (best: 3d75fe81-1bfb-41fc-9e8a-54e1475cfda0)
2025-08-08 02:30:05,821 - openevolve.database - INFO -    Island 2: 4 programs, best=10.0000, avg=10.0000, diversity=221.72, gen=4 (best: 703d04e9-8b83-4a21-92cf-aff03241816c)
2025-08-08 02:30:06,005 - openevolve.database - INFO - Saved database with 16 programs to openevolve_output/level3_44_MiniGPTBlock/checkpoints/checkpoint_15
2025-08-08 02:30:06,026 - openevolve.controller - INFO - Saved best program at checkpoint 15 with metrics: compiled=1.0000, correctness=0.0000, score=10.0000, stage=wrong_answer, verify_payload={'id': 'level3_44_MiniGPTBlock', 'result': {'compiled': True, 'correctness': False, 'metadata': {'hardware': 'NVIDIA L20Y', 'device': 'cuda:4', 'runtime_error': 'Traceback (most recent call last):\n  File "/home/lijiaxing/.conda/envs/api/lib/python3.10/site-packages/triton/language/core.py", line 42, in wrapper\n    return fn(*args, **kwargs)\n  File "/home/lijiaxing/.conda/envs/api/lib/python3.10/site-packages/triton/language/core.py", line 2231, in make_block_ptr\n    return _semantic.make_block_ptr(base, shape, strides, offsets, block_shape, order)\n  File "/home/lijiaxing/.conda/envs/api/lib/python3.10/site-packages/triton/language/semantic.py", line 1838, in make_block_ptr\n    return self.tensor(handle, tl.pointer_type(tl.block_type(base.type.element_ty, block_shape)))\n  File "/home/lijiaxing/.conda/envs/api/lib/python3.10/site-packages/triton/language/core.py", line 726, in __init__\n    self.numel = validate_block_shape(self.shape)\n  File "/home/lijiaxing/.conda/envs/api/lib/python3.10/site-packages/triton/_utils.py", line 52, in validate_block_shape\n    raise ValueError(f"Shape element {i} must be a power of 2")\nValueError: Shape element 1 must be a power of 2\n\nThe above exception was the direct cause of the following exception:\n\nTraceback (most recent call last):\n  File "/cpfs01/shared/llm_kernel/hujiakai/KernelLLM/validation_api_server/helpers/evaluations.py", line 720, in run_and_check_correctness\n    output_new = model_new(*inputs)\n  File "/home/lijiaxing/.conda/envs/api/lib/python3.10/site-packages/torch/nn/modules/module.py", line 1773, in _wrapped_call_impl\n    return self._call_impl(*args, **kwargs)\n  File "/home/lijiaxing/.conda/envs/api/lib/python3.10/site-packages/torch/nn/modules/module.py", line 1784, in _call_impl\n    return forward_call(*args, **kwargs)\n  File "/tmp/tmpqiyjk4km.py", line 166, in forward\n    x = x + self.attn(self.ln_1(x))\n  File "/home/lijiaxing/.conda/envs/api/lib/python3.10/site-packages/torch/nn/modules/module.py", line 1773, in _wrapped_call_impl\n    return self._call_impl(*args, **kwargs)\n  File "/home/lijiaxing/.conda/envs/api/lib/python3.10/site-packages/torch/nn/modules/module.py", line 1784, in _call_impl\n    return forward_call(*args, **kwargs)\n  File "/tmp/tmpqiyjk4km.py", line 132, in forward\n    _fwd_attention_kernel[grid](\n  File "/home/lijiaxing/.conda/envs/api/lib/python3.10/site-packages/triton/runtime/jit.py", line 390, in <lambda>\n    return lambda *args, **kwargs: self.run(grid=grid, warmup=False, *args, **kwargs)\n  File "/home/lijiaxing/.conda/envs/api/lib/python3.10/site-packages/triton/runtime/jit.py", line 594, in run\n    kernel = self.compile(src, target=target, options=options.__dict__)\n  File "/home/lijiaxing/.conda/envs/api/lib/python3.10/site-packages/triton/compiler/compiler.py", line 339, in compile\n    module = src.make_ir(options, codegen_fns, module_map, context)\n  File "/home/lijiaxing/.conda/envs/api/lib/python3.10/site-packages/triton/compiler/compiler.py", line 83, in make_ir\n    return ast_to_ttir(self.fn, self, context=context, options=options, codegen_fns=codegen_fns,\ntriton.compiler.errors.CompilationError: at 18:18:\n    scale, \n    N_CTX,\n    BLOCK_M: tl.constexpr, BLOCK_N: tl.constexpr,\n    BLOCK_DMODEL: tl.constexpr,\n):\n    start_m = tl.program_id(0)\n    off_hz = tl.program_id(1)\n    off_z = off_hz // N_CTX\n    off_h = off_hz % N_CTX\n\n    q_offset = off_z * stride_qz + off_h * stride_qh\n    Q_block_ptr = tl.make_block_ptr(\n                  ^\n\n\nThe above exception was the direct cause of the following exception:\n\nTraceback (most recent call last):\n  File "/home/lijiaxing/.conda/envs/api/lib/python3.10/site-packages/triton/language/core.py", line 42, in wrapper\n    return fn(*args, **kwargs)\n  File "/home/lijiaxing/.conda/envs/api/lib/python3.10/site-packages/triton/language/core.py", line 2231, in make_block_ptr\n    return _semantic.make_block_ptr(base, shape, strides, offsets, block_shape, order)\n  File "/home/lijiaxing/.conda/envs/api/lib/python3.10/site-packages/triton/language/semantic.py", line 1838, in make_block_ptr\n    return self.tensor(handle, tl.pointer_type(tl.block_type(base.type.element_ty, block_shape)))\n  File "/home/lijiaxing/.conda/envs/api/lib/python3.10/site-packages/triton/language/core.py", line 726, in __init__\n    self.numel = validate_block_shape(self.shape)\n  File "/home/lijiaxing/.conda/envs/api/lib/python3.10/site-packages/triton/_utils.py", line 52, in validate_block_shape\n    raise ValueError(f"Shape element {i} must be a power of 2")\nValueError: Shape element 1 must be a power of 2\n', 'runtime_error_name': 'triton.compiler.errors.CompilationError', 'reference_timing_ms': 0.489, 'speed_up': -1.0, 'custom_timing': -1.0}, 'runtime': -1.0, 'runtime_stats': {}}}
2025-08-08 02:30:06,026 - openevolve.controller - INFO - Saved checkpoint at iteration 15 to openevolve_output/level3_44_MiniGPTBlock/checkpoints/checkpoint_15
2025-08-08 02:30:13,500 - openevolve.RemoteSpeedupEvaluator - INFO - [level3_44_MiniGPTBlock] âœ˜ invalid_answer 'import triton' is not found
2025-08-08 02:30:13,501 - openevolve.evaluator - INFO - Evaluated program f9159e31-af12-4d3f-9fe4-aed685f7a368 in 0.00s: compiled=0.0000, correctness=0.0000, score=-100.0000, stage=no_valid_triton_code, feedback=You need to generate real and valid triton code for the core function. The key word 'import triton' is not found.
2025-08-08 02:30:13,505 - openevolve.llm.ensemble - INFO - Sampled model: deepseek
2025-08-08 02:30:13,534 - openevolve.threaded_parallel - INFO - Iteration 17: Program f9159e31-af12-4d3f-9fe4-aed685f7a368 (parent: d0e84685-6939-4d84-ba44-8b605ce7be9c) completed in 7.74s
2025-08-08 02:30:13,534 - openevolve.threaded_parallel - INFO - Metrics: compiled=0.0000, correctness=0.0000, score=-100.0000, stage=no_valid_triton_code, feedback=You need to generate real and valid triton code for the core function. The key word 'import triton' is not found.
2025-08-08 02:32:31,597 - openevolve.RemoteSpeedupEvaluator - INFO - [level3_44_MiniGPTBlock] triton key words check pass
2025-08-08 02:32:31,599 - openevolve.RemoteSpeedupEvaluator - INFO - [level3_44_MiniGPTBlock] verify_plus payload: reference_code(3888 chars) + custom_code(7090 chars)
2025-08-08 02:32:34,986 - openevolve.RemoteSpeedupEvaluator - INFO - [level3_44_MiniGPTBlock] verify_plus request success
2025-08-08 02:32:34,986 - openevolve.RemoteSpeedupEvaluator - INFO - [level3_44_MiniGPTBlock] verify_plus response: {"id":"level3_44_MiniGPTBlock","result":{"compiled":true,"correctness":false,"metadata":{"hardware":"NVIDIA L20Y","device":"cuda:4","runtime_error":"Traceback (most recent call last):\n  File \"/home/lijiaxing/.conda/envs/api/lib/python3.10/site-packages/triton/language/core.py\", line 42, in wrapper\n    return fn(*args, **kwargs)\n  File \"/home/lijiaxing/.conda/envs/api/lib/python3.10/site-packages/triton/language/core.py\", line 2150, in load\n    return _semantic.load(pointer, mask, other, boundary_check, padding_option, cache_modifier, eviction_policy,\n  File \"/home/lijiaxing/.conda/envs/api/lib/python3.10/site-packages/triton/language/semantic.py\", line 1086, in load\n    return self._load_legacy(ptr, mask, other, boundary_check, padding, cache, eviction, is_volatile)\n  File \"/
2025-08-08 02:32:34,986 - openevolve.RemoteSpeedupEvaluator - INFO - [level3_44_MiniGPTBlock] âœ˜ wrong_answer
2025-08-08 02:32:34,987 - openevolve.evaluator - INFO - Evaluated program 27a8a800-e15c-4379-ac7d-1ea7f2bcd0ff in 3.39s: compiled=1.0000, correctness=0.0000, score=10.0000, stage=wrong_answer, verify_payload={'id': 'level3_44_MiniGPTBlock', 'result': {'compiled': True, 'correctness': False, 'metadata': {'hardware': 'NVIDIA L20Y', 'device': 'cuda:4', 'runtime_error': 'Traceback (most recent call last):\n  File "/home/lijiaxing/.conda/envs/api/lib/python3.10/site-packages/triton/language/core.py", line 42, in wrapper\n    return fn(*args, **kwargs)\n  File "/home/lijiaxing/.conda/envs/api/lib/python3.10/site-packages/triton/language/core.py", line 2150, in load\n    return _semantic.load(pointer, mask, other, boundary_check, padding_option, cache_modifier, eviction_policy,\n  File "/home/lijiaxing/.conda/envs/api/lib/python3.10/site-packages/triton/language/semantic.py", line 1086, in load\n    return self._load_legacy(ptr, mask, other, boundary_check, padding, cache, eviction, is_volatile)\n  File "/home/lijiaxing/.conda/envs/api/lib/python3.10/site-packages/triton/language/semantic.py", line 1017, in _load_legacy\n    raise ValueError(f"Unsupported ptr type {ptr.type.__repr__()} in `tl.load`")\nValueError: Unsupported ptr type <[\'64\', \'128\'], int32> in `tl.load`\n\nThe above exception was the direct cause of the following exception:\n\nTraceback (most recent call last):\n  File "/cpfs01/shared/llm_kernel/hujiakai/KernelLLM/validation_api_server/helpers/evaluations.py", line 720, in run_and_check_correctness\n    output_new = model_new(*inputs)\n  File "/home/lijiaxing/.conda/envs/api/lib/python3.10/site-packages/torch/nn/modules/module.py", line 1773, in _wrapped_call_impl\n    return self._call_impl(*args, **kwargs)\n  File "/home/lijiaxing/.conda/envs/api/lib/python3.10/site-packages/torch/nn/modules/module.py", line 1784, in _call_impl\n    return forward_call(*args, **kwargs)\n  File "/tmp/tmpzjxi2g77.py", line 163, in forward\n    x = x + self.attn(self.ln_1(x))\n  File "/home/lijiaxing/.conda/envs/api/lib/python3.10/site-packages/torch/nn/modules/module.py", line 1773, in _wrapped_call_impl\n    return self._call_impl(*args, **kwargs)\n  File "/home/lijiaxing/.conda/envs/api/lib/python3.10/site-packages/torch/nn/modules/module.py", line 1784, in _call_impl\n    return forward_call(*args, **kwargs)\n  File "/tmp/tmpzjxi2g77.py", line 128, in forward\n    _fwd_attention_kernel[grid](\n  File "/home/lijiaxing/.conda/envs/api/lib/python3.10/site-packages/triton/runtime/jit.py", line 390, in <lambda>\n    return lambda *args, **kwargs: self.run(grid=grid, warmup=False, *args, **kwargs)\n  File "/home/lijiaxing/.conda/envs/api/lib/python3.10/site-packages/triton/runtime/jit.py", line 594, in run\n    kernel = self.compile(src, target=target, options=options.__dict__)\n  File "/home/lijiaxing/.conda/envs/api/lib/python3.10/site-packages/triton/compiler/compiler.py", line 339, in compile\n    module = src.make_ir(options, codegen_fns, module_map, context)\n  File "/home/lijiaxing/.conda/envs/api/lib/python3.10/site-packages/triton/compiler/compiler.py", line 83, in make_ir\n    return ast_to_ttir(self.fn, self, context=context, options=options, codegen_fns=codegen_fns,\ntriton.compiler.errors.CompilationError: at 26:8:\n    q_offset = off_hz * stride_qh + start_m * BLOCK_M * stride_qm\n    Q_block = q_offset + tl.arange(0, BLOCK_M)[:, None] * stride_qm + tl.arange(0, BLOCK_DMODEL)[None, :] * stride_qk\n    mask_m = start_m * BLOCK_M + tl.arange(0, BLOCK_M) < N_CTX\n    mask_d = tl.arange(0, BLOCK_DMODEL) < head_size\n\n    # Initialize pointers and accumulators\n    m_i = tl.zeros([BLOCK_M], dtype=tl.float32) - float("inf")\n    l_i = tl.zeros([BLOCK_M], dtype=tl.float32)\n    acc = tl.zeros([BLOCK_M, BLOCK_DMODEL], dtype=tl.float32)\n\n    # Load Q vector\n    q = tl.load(Q_block, mask=mask_m[:, None] & mask_d[None, :], other=0.0)\n        ^\n\n\nThe above exception was the direct cause of the following exception:\n\nTraceback (most recent call last):\n  File "/home/lijiaxing/.conda/envs/api/lib/python3.10/site-packages/triton/language/core.py", line 42, in wrapper\n    return fn(*args, **kwargs)\n  File "/home/lijiaxing/.conda/envs/api/lib/python3.10/site-packages/triton/language/core.py", line 2150, in load\n    return _semantic.load(pointer, mask, other, boundary_check, padding_option, cache_modifier, eviction_policy,\n  File "/home/lijiaxing/.conda/envs/api/lib/python3.10/site-packages/triton/language/semantic.py", line 1086, in load\n    return self._load_legacy(ptr, mask, other, boundary_check, padding, cache, eviction, is_volatile)\n  File "/home/lijiaxing/.conda/envs/api/lib/python3.10/site-packages/triton/language/semantic.py", line 1017, in _load_legacy\n    raise ValueError(f"Unsupported ptr type {ptr.type.__repr__()} in `tl.load`")\nValueError: Unsupported ptr type <[\'64\', \'128\'], int32> in `tl.load`\n', 'runtime_error_name': 'triton.compiler.errors.CompilationError', 'reference_timing_ms': 0.489, 'speed_up': -1.0, 'custom_timing': -1.0}, 'runtime': -1.0, 'runtime_stats': {}}}
2025-08-08 02:32:34,994 - openevolve.llm.ensemble - INFO - Sampled model: deepseek
2025-08-08 02:32:35,008 - openevolve.threaded_parallel - INFO - Iteration 13: Program 27a8a800-e15c-4379-ac7d-1ea7f2bcd0ff (parent: e748dff6-a652-4bb4-b2ad-63638bf094ca) completed in 935.73s
2025-08-08 02:32:35,008 - openevolve.threaded_parallel - INFO - Metrics: compiled=1.0000, correctness=0.0000, score=10.0000, stage=wrong_answer, verify_payload={'id': 'level3_44_MiniGPTBlock', 'result': {'compiled': True, 'correctness': False, 'metadata': {'hardware': 'NVIDIA L20Y', 'device': 'cuda:4', 'runtime_error': 'Traceback (most recent call last):\n  File "/home/lijiaxing/.conda/envs/api/lib/python3.10/site-packages/triton/language/core.py", line 42, in wrapper\n    return fn(*args, **kwargs)\n  File "/home/lijiaxing/.conda/envs/api/lib/python3.10/site-packages/triton/language/core.py", line 2150, in load\n    return _semantic.load(pointer, mask, other, boundary_check, padding_option, cache_modifier, eviction_policy,\n  File "/home/lijiaxing/.conda/envs/api/lib/python3.10/site-packages/triton/language/semantic.py", line 1086, in load\n    return self._load_legacy(ptr, mask, other, boundary_check, padding, cache, eviction, is_volatile)\n  File "/home/lijiaxing/.conda/envs/api/lib/python3.10/site-packages/triton/language/semantic.py", line 1017, in _load_legacy\n    raise ValueError(f"Unsupported ptr type {ptr.type.__repr__()} in `tl.load`")\nValueError: Unsupported ptr type <[\'64\', \'128\'], int32> in `tl.load`\n\nThe above exception was the direct cause of the following exception:\n\nTraceback (most recent call last):\n  File "/cpfs01/shared/llm_kernel/hujiakai/KernelLLM/validation_api_server/helpers/evaluations.py", line 720, in run_and_check_correctness\n    output_new = model_new(*inputs)\n  File "/home/lijiaxing/.conda/envs/api/lib/python3.10/site-packages/torch/nn/modules/module.py", line 1773, in _wrapped_call_impl\n    return self._call_impl(*args, **kwargs)\n  File "/home/lijiaxing/.conda/envs/api/lib/python3.10/site-packages/torch/nn/modules/module.py", line 1784, in _call_impl\n    return forward_call(*args, **kwargs)\n  File "/tmp/tmpzjxi2g77.py", line 163, in forward\n    x = x + self.attn(self.ln_1(x))\n  File "/home/lijiaxing/.conda/envs/api/lib/python3.10/site-packages/torch/nn/modules/module.py", line 1773, in _wrapped_call_impl\n    return self._call_impl(*args, **kwargs)\n  File "/home/lijiaxing/.conda/envs/api/lib/python3.10/site-packages/torch/nn/modules/module.py", line 1784, in _call_impl\n    return forward_call(*args, **kwargs)\n  File "/tmp/tmpzjxi2g77.py", line 128, in forward\n    _fwd_attention_kernel[grid](\n  File "/home/lijiaxing/.conda/envs/api/lib/python3.10/site-packages/triton/runtime/jit.py", line 390, in <lambda>\n    return lambda *args, **kwargs: self.run(grid=grid, warmup=False, *args, **kwargs)\n  File "/home/lijiaxing/.conda/envs/api/lib/python3.10/site-packages/triton/runtime/jit.py", line 594, in run\n    kernel = self.compile(src, target=target, options=options.__dict__)\n  File "/home/lijiaxing/.conda/envs/api/lib/python3.10/site-packages/triton/compiler/compiler.py", line 339, in compile\n    module = src.make_ir(options, codegen_fns, module_map, context)\n  File "/home/lijiaxing/.conda/envs/api/lib/python3.10/site-packages/triton/compiler/compiler.py", line 83, in make_ir\n    return ast_to_ttir(self.fn, self, context=context, options=options, codegen_fns=codegen_fns,\ntriton.compiler.errors.CompilationError: at 26:8:\n    q_offset = off_hz * stride_qh + start_m * BLOCK_M * stride_qm\n    Q_block = q_offset + tl.arange(0, BLOCK_M)[:, None] * stride_qm + tl.arange(0, BLOCK_DMODEL)[None, :] * stride_qk\n    mask_m = start_m * BLOCK_M + tl.arange(0, BLOCK_M) < N_CTX\n    mask_d = tl.arange(0, BLOCK_DMODEL) < head_size\n\n    # Initialize pointers and accumulators\n    m_i = tl.zeros([BLOCK_M], dtype=tl.float32) - float("inf")\n    l_i = tl.zeros([BLOCK_M], dtype=tl.float32)\n    acc = tl.zeros([BLOCK_M, BLOCK_DMODEL], dtype=tl.float32)\n\n    # Load Q vector\n    q = tl.load(Q_block, mask=mask_m[:, None] & mask_d[None, :], other=0.0)\n        ^\n\n\nThe above exception was the direct cause of the following exception:\n\nTraceback (most recent call last):\n  File "/home/lijiaxing/.conda/envs/api/lib/python3.10/site-packages/triton/language/core.py", line 42, in wrapper\n    return fn(*args, **kwargs)\n  File "/home/lijiaxing/.conda/envs/api/lib/python3.10/site-packages/triton/language/core.py", line 2150, in load\n    return _semantic.load(pointer, mask, other, boundary_check, padding_option, cache_modifier, eviction_policy,\n  File "/home/lijiaxing/.conda/envs/api/lib/python3.10/site-packages/triton/language/semantic.py", line 1086, in load\n    return self._load_legacy(ptr, mask, other, boundary_check, padding, cache, eviction, is_volatile)\n  File "/home/lijiaxing/.conda/envs/api/lib/python3.10/site-packages/triton/language/semantic.py", line 1017, in _load_legacy\n    raise ValueError(f"Unsupported ptr type {ptr.type.__repr__()} in `tl.load`")\nValueError: Unsupported ptr type <[\'64\', \'128\'], int32> in `tl.load`\n', 'runtime_error_name': 'triton.compiler.errors.CompilationError', 'reference_timing_ms': 0.489, 'speed_up': -1.0, 'custom_timing': -1.0}, 'runtime': -1.0, 'runtime_stats': {}}}
2025-08-08 02:35:29,007 - openevolve.RemoteSpeedupEvaluator - INFO - [level3_44_MiniGPTBlock] triton key words check pass
2025-08-08 02:35:29,009 - openevolve.RemoteSpeedupEvaluator - INFO - [level3_44_MiniGPTBlock] verify_plus payload: reference_code(3888 chars) + custom_code(7316 chars)
2025-08-08 02:35:34,628 - openevolve.RemoteSpeedupEvaluator - INFO - [level3_44_MiniGPTBlock] verify_plus request success
2025-08-08 02:35:34,628 - openevolve.RemoteSpeedupEvaluator - INFO - [level3_44_MiniGPTBlock] verify_plus response: {"id":"level3_44_MiniGPTBlock","result":{"compiled":true,"correctness":false,"metadata":{"hardware":"NVIDIA L20Y","device":"cuda:5","max_difference":["0.158302","0.142606","0.157247","0.140931","0.151027"],"avg_difference":["0.005655","0.005661","0.005669","0.005659","0.005642"],"correctness_issue":"Output mismatch","correctness_trials":"(0 / 5)","reference_timing_ms":0.489,"speed_up":-1.0,"custom_timing":-1.0},"runtime":-1.0,"runtime_stats":{}}}
2025-08-08 02:35:34,629 - openevolve.RemoteSpeedupEvaluator - INFO - [level3_44_MiniGPTBlock] âœ˜ wrong_answer
2025-08-08 02:35:34,629 - openevolve.evaluator - INFO - Evaluated program f3182a08-65c6-4823-a255-13865dff3400 in 5.62s: compiled=1.0000, correctness=0.0000, score=10.0000, stage=wrong_answer, verify_payload={'id': 'level3_44_MiniGPTBlock', 'result': {'compiled': True, 'correctness': False, 'metadata': {'hardware': 'NVIDIA L20Y', 'device': 'cuda:5', 'max_difference': ['0.158302', '0.142606', '0.157247', '0.140931', '0.151027'], 'avg_difference': ['0.005655', '0.005661', '0.005669', '0.005659', '0.005642'], 'correctness_issue': 'Output mismatch', 'correctness_trials': '(0 / 5)', 'reference_timing_ms': 0.489, 'speed_up': -1.0, 'custom_timing': -1.0}, 'runtime': -1.0, 'runtime_stats': {}}}
2025-08-08 02:35:34,633 - openevolve.llm.ensemble - INFO - Sampled model: deepseek
2025-08-08 02:35:34,647 - openevolve.threaded_parallel - INFO - Iteration 16: Program f3182a08-65c6-4823-a255-13865dff3400 (parent: dc0efc25-b58d-427e-ad30-32cc3942c9d3) completed in 603.06s
2025-08-08 02:35:34,647 - openevolve.threaded_parallel - INFO - Metrics: compiled=1.0000, correctness=0.0000, score=10.0000, stage=wrong_answer, verify_payload={'id': 'level3_44_MiniGPTBlock', 'result': {'compiled': True, 'correctness': False, 'metadata': {'hardware': 'NVIDIA L20Y', 'device': 'cuda:5', 'max_difference': ['0.158302', '0.142606', '0.157247', '0.140931', '0.151027'], 'avg_difference': ['0.005655', '0.005661', '0.005669', '0.005659', '0.005642'], 'correctness_issue': 'Output mismatch', 'correctness_trials': '(0 / 5)', 'reference_timing_ms': 0.489, 'speed_up': -1.0, 'custom_timing': -1.0}, 'runtime': -1.0, 'runtime_stats': {}}}
2025-08-08 02:35:41,991 - openevolve.RemoteSpeedupEvaluator - INFO - [level3_44_MiniGPTBlock] âœ˜ invalid_answer 'import triton' is not found
2025-08-08 02:35:41,991 - openevolve.evaluator - INFO - Evaluated program 44271ebd-0950-4be2-bf3e-2e9924b7c9f7 in 0.00s: compiled=0.0000, correctness=0.0000, score=-100.0000, stage=no_valid_triton_code, feedback=You need to generate real and valid triton code for the core function. The key word 'import triton' is not found.
2025-08-08 02:35:41,995 - openevolve.llm.ensemble - INFO - Sampled model: deepseek
2025-08-08 02:35:42,009 - openevolve.threaded_parallel - INFO - Iteration 20: Program 44271ebd-0950-4be2-bf3e-2e9924b7c9f7 (parent: 44eac175-826d-4d00-ade4-9de873bcfa40) completed in 7.36s
2025-08-08 02:35:42,009 - openevolve.threaded_parallel - INFO - Metrics: compiled=0.0000, correctness=0.0000, score=-100.0000, stage=no_valid_triton_code, feedback=You need to generate real and valid triton code for the core function. The key word 'import triton' is not found.
2025-08-08 02:36:19,275 - openevolve.RemoteSpeedupEvaluator - INFO - [level3_44_MiniGPTBlock] triton key words check pass
2025-08-08 02:36:19,276 - openevolve.RemoteSpeedupEvaluator - INFO - [level3_44_MiniGPTBlock] verify_plus payload: reference_code(3888 chars) + custom_code(5710 chars)
2025-08-08 02:36:25,286 - openevolve.RemoteSpeedupEvaluator - INFO - [level3_44_MiniGPTBlock] verify_plus request success
2025-08-08 02:36:25,286 - openevolve.RemoteSpeedupEvaluator - INFO - [level3_44_MiniGPTBlock] verify_plus response: {"id":"level3_44_MiniGPTBlock","result":{"compiled":true,"correctness":false,"metadata":{"hardware":"NVIDIA L20Y","device":"cuda:6","max_difference":["nan","nan","nan","nan","nan"],"avg_difference":["nan","nan","nan","nan","nan"],"correctness_issue":"Output mismatch","correctness_trials":"(0 / 5)","reference_timing_ms":0.489,"speed_up":-1.0,"custom_timing":-1.0},"runtime":-1.0,"runtime_stats":{}}}
2025-08-08 02:36:25,286 - openevolve.RemoteSpeedupEvaluator - INFO - [level3_44_MiniGPTBlock] âœ˜ wrong_answer
2025-08-08 02:36:25,287 - openevolve.evaluator - INFO - Evaluated program 61dbc50a-f769-455c-8580-e5218eb13bbb in 6.01s: compiled=1.0000, correctness=0.0000, score=10.0000, stage=wrong_answer, verify_payload={'id': 'level3_44_MiniGPTBlock', 'result': {'compiled': True, 'correctness': False, 'metadata': {'hardware': 'NVIDIA L20Y', 'device': 'cuda:6', 'max_difference': ['nan', 'nan', 'nan', 'nan', 'nan'], 'avg_difference': ['nan', 'nan', 'nan', 'nan', 'nan'], 'correctness_issue': 'Output mismatch', 'correctness_trials': '(0 / 5)', 'reference_timing_ms': 0.489, 'speed_up': -1.0, 'custom_timing': -1.0}, 'runtime': -1.0, 'runtime_stats': {}}}
2025-08-08 02:36:25,291 - openevolve.llm.ensemble - INFO - Sampled model: deepseek
2025-08-08 02:36:25,305 - openevolve.threaded_parallel - INFO - Iteration 18: Program 61dbc50a-f769-455c-8580-e5218eb13bbb (parent: a1fa0261-9718-4ea1-89e7-12d4ede372af) completed in 371.78s
2025-08-08 02:36:25,306 - openevolve.threaded_parallel - INFO - Metrics: compiled=1.0000, correctness=0.0000, score=10.0000, stage=wrong_answer, verify_payload={'id': 'level3_44_MiniGPTBlock', 'result': {'compiled': True, 'correctness': False, 'metadata': {'hardware': 'NVIDIA L20Y', 'device': 'cuda:6', 'max_difference': ['nan', 'nan', 'nan', 'nan', 'nan'], 'avg_difference': ['nan', 'nan', 'nan', 'nan', 'nan'], 'correctness_issue': 'Output mismatch', 'correctness_trials': '(0 / 5)', 'reference_timing_ms': 0.489, 'speed_up': -1.0, 'custom_timing': -1.0}, 'runtime': -1.0, 'runtime_stats': {}}}
2025-08-08 02:36:25,306 - openevolve.threaded_parallel - INFO - Checkpoint interval reached at iteration 18
2025-08-08 02:36:25,308 - openevolve.database - INFO - Island Status:
2025-08-08 02:36:25,308 - openevolve.database - INFO -  * Island 0: 9 programs, best=10.0000, avg=-4.3333, diversity=440.30, gen=8 (best: d0e84685-6939-4d84-ba44-8b605ce7be9c)
2025-08-08 02:36:25,308 - openevolve.database - INFO -    Island 1: 6 programs, best=10.0000, avg=-64.8333, diversity=1623.93, gen=6 (best: 3d75fe81-1bfb-41fc-9e8a-54e1475cfda0)
2025-08-08 02:36:25,308 - openevolve.database - INFO -    Island 2: 6 programs, best=10.0000, avg=10.0000, diversity=259.88, gen=6 (best: 703d04e9-8b83-4a21-92cf-aff03241816c)
2025-08-08 02:36:25,548 - openevolve.database - INFO - Saved database with 21 programs to openevolve_output/level3_44_MiniGPTBlock/checkpoints/checkpoint_18
2025-08-08 02:36:25,569 - openevolve.controller - INFO - Saved best program at checkpoint 18 with metrics: compiled=1.0000, correctness=0.0000, score=10.0000, stage=wrong_answer, verify_payload={'id': 'level3_44_MiniGPTBlock', 'result': {'compiled': True, 'correctness': False, 'metadata': {'hardware': 'NVIDIA L20Y', 'device': 'cuda:4', 'runtime_error': 'Traceback (most recent call last):\n  File "/home/lijiaxing/.conda/envs/api/lib/python3.10/site-packages/triton/language/core.py", line 42, in wrapper\n    return fn(*args, **kwargs)\n  File "/home/lijiaxing/.conda/envs/api/lib/python3.10/site-packages/triton/language/core.py", line 2231, in make_block_ptr\n    return _semantic.make_block_ptr(base, shape, strides, offsets, block_shape, order)\n  File "/home/lijiaxing/.conda/envs/api/lib/python3.10/site-packages/triton/language/semantic.py", line 1838, in make_block_ptr\n    return self.tensor(handle, tl.pointer_type(tl.block_type(base.type.element_ty, block_shape)))\n  File "/home/lijiaxing/.conda/envs/api/lib/python3.10/site-packages/triton/language/core.py", line 726, in __init__\n    self.numel = validate_block_shape(self.shape)\n  File "/home/lijiaxing/.conda/envs/api/lib/python3.10/site-packages/triton/_utils.py", line 52, in validate_block_shape\n    raise ValueError(f"Shape element {i} must be a power of 2")\nValueError: Shape element 1 must be a power of 2\n\nThe above exception was the direct cause of the following exception:\n\nTraceback (most recent call last):\n  File "/cpfs01/shared/llm_kernel/hujiakai/KernelLLM/validation_api_server/helpers/evaluations.py", line 720, in run_and_check_correctness\n    output_new = model_new(*inputs)\n  File "/home/lijiaxing/.conda/envs/api/lib/python3.10/site-packages/torch/nn/modules/module.py", line 1773, in _wrapped_call_impl\n    return self._call_impl(*args, **kwargs)\n  File "/home/lijiaxing/.conda/envs/api/lib/python3.10/site-packages/torch/nn/modules/module.py", line 1784, in _call_impl\n    return forward_call(*args, **kwargs)\n  File "/tmp/tmpqiyjk4km.py", line 166, in forward\n    x = x + self.attn(self.ln_1(x))\n  File "/home/lijiaxing/.conda/envs/api/lib/python3.10/site-packages/torch/nn/modules/module.py", line 1773, in _wrapped_call_impl\n    return self._call_impl(*args, **kwargs)\n  File "/home/lijiaxing/.conda/envs/api/lib/python3.10/site-packages/torch/nn/modules/module.py", line 1784, in _call_impl\n    return forward_call(*args, **kwargs)\n  File "/tmp/tmpqiyjk4km.py", line 132, in forward\n    _fwd_attention_kernel[grid](\n  File "/home/lijiaxing/.conda/envs/api/lib/python3.10/site-packages/triton/runtime/jit.py", line 390, in <lambda>\n    return lambda *args, **kwargs: self.run(grid=grid, warmup=False, *args, **kwargs)\n  File "/home/lijiaxing/.conda/envs/api/lib/python3.10/site-packages/triton/runtime/jit.py", line 594, in run\n    kernel = self.compile(src, target=target, options=options.__dict__)\n  File "/home/lijiaxing/.conda/envs/api/lib/python3.10/site-packages/triton/compiler/compiler.py", line 339, in compile\n    module = src.make_ir(options, codegen_fns, module_map, context)\n  File "/home/lijiaxing/.conda/envs/api/lib/python3.10/site-packages/triton/compiler/compiler.py", line 83, in make_ir\n    return ast_to_ttir(self.fn, self, context=context, options=options, codegen_fns=codegen_fns,\ntriton.compiler.errors.CompilationError: at 18:18:\n    scale, \n    N_CTX,\n    BLOCK_M: tl.constexpr, BLOCK_N: tl.constexpr,\n    BLOCK_DMODEL: tl.constexpr,\n):\n    start_m = tl.program_id(0)\n    off_hz = tl.program_id(1)\n    off_z = off_hz // N_CTX\n    off_h = off_hz % N_CTX\n\n    q_offset = off_z * stride_qz + off_h * stride_qh\n    Q_block_ptr = tl.make_block_ptr(\n                  ^\n\n\nThe above exception was the direct cause of the following exception:\n\nTraceback (most recent call last):\n  File "/home/lijiaxing/.conda/envs/api/lib/python3.10/site-packages/triton/language/core.py", line 42, in wrapper\n    return fn(*args, **kwargs)\n  File "/home/lijiaxing/.conda/envs/api/lib/python3.10/site-packages/triton/language/core.py", line 2231, in make_block_ptr\n    return _semantic.make_block_ptr(base, shape, strides, offsets, block_shape, order)\n  File "/home/lijiaxing/.conda/envs/api/lib/python3.10/site-packages/triton/language/semantic.py", line 1838, in make_block_ptr\n    return self.tensor(handle, tl.pointer_type(tl.block_type(base.type.element_ty, block_shape)))\n  File "/home/lijiaxing/.conda/envs/api/lib/python3.10/site-packages/triton/language/core.py", line 726, in __init__\n    self.numel = validate_block_shape(self.shape)\n  File "/home/lijiaxing/.conda/envs/api/lib/python3.10/site-packages/triton/_utils.py", line 52, in validate_block_shape\n    raise ValueError(f"Shape element {i} must be a power of 2")\nValueError: Shape element 1 must be a power of 2\n', 'runtime_error_name': 'triton.compiler.errors.CompilationError', 'reference_timing_ms': 0.489, 'speed_up': -1.0, 'custom_timing': -1.0}, 'runtime': -1.0, 'runtime_stats': {}}}
2025-08-08 02:36:25,569 - openevolve.controller - INFO - Saved checkpoint at iteration 18 to openevolve_output/level3_44_MiniGPTBlock/checkpoints/checkpoint_18
2025-08-08 02:40:26,085 - openevolve.RemoteSpeedupEvaluator - INFO - [level3_44_MiniGPTBlock] triton key words check pass
2025-08-08 02:40:26,087 - openevolve.RemoteSpeedupEvaluator - INFO - [level3_44_MiniGPTBlock] verify_plus payload: reference_code(3888 chars) + custom_code(7226 chars)
2025-08-08 02:40:31,602 - openevolve.RemoteSpeedupEvaluator - INFO - [level3_44_MiniGPTBlock] verify_plus request success
2025-08-08 02:40:31,602 - openevolve.RemoteSpeedupEvaluator - INFO - [level3_44_MiniGPTBlock] verify_plus response: {"id":"level3_44_MiniGPTBlock","result":{"compiled":true,"correctness":false,"metadata":{"hardware":"NVIDIA L20Y","device":"cuda:4","max_difference":["0.158302","0.142606","0.157247","0.140931","0.151027"],"avg_difference":["0.005655","0.005661","0.005669","0.005659","0.005642"],"correctness_issue":"Output mismatch","correctness_trials":"(0 / 5)","reference_timing_ms":0.489,"speed_up":-1.0,"custom_timing":-1.0},"runtime":-1.0,"runtime_stats":{}}}
2025-08-08 02:40:31,603 - openevolve.RemoteSpeedupEvaluator - INFO - [level3_44_MiniGPTBlock] âœ˜ wrong_answer
2025-08-08 02:40:31,603 - openevolve.evaluator - INFO - Evaluated program b6d4125a-1324-4fc4-aaec-cb93c73c3896 in 5.52s: compiled=1.0000, correctness=0.0000, score=10.0000, stage=wrong_answer, verify_payload={'id': 'level3_44_MiniGPTBlock', 'result': {'compiled': True, 'correctness': False, 'metadata': {'hardware': 'NVIDIA L20Y', 'device': 'cuda:4', 'max_difference': ['0.158302', '0.142606', '0.157247', '0.140931', '0.151027'], 'avg_difference': ['0.005655', '0.005661', '0.005669', '0.005659', '0.005642'], 'correctness_issue': 'Output mismatch', 'correctness_trials': '(0 / 5)', 'reference_timing_ms': 0.489, 'speed_up': -1.0, 'custom_timing': -1.0}, 'runtime': -1.0, 'runtime_stats': {}}}
2025-08-08 02:40:31,607 - openevolve.llm.ensemble - INFO - Sampled model: deepseek
2025-08-08 02:40:31,630 - openevolve.threaded_parallel - INFO - Iteration 19: Program b6d4125a-1324-4fc4-aaec-cb93c73c3896 (parent: dc0efc25-b58d-427e-ad30-32cc3942c9d3) completed in 476.61s
2025-08-08 02:40:31,630 - openevolve.threaded_parallel - INFO - Metrics: compiled=1.0000, correctness=0.0000, score=10.0000, stage=wrong_answer, verify_payload={'id': 'level3_44_MiniGPTBlock', 'result': {'compiled': True, 'correctness': False, 'metadata': {'hardware': 'NVIDIA L20Y', 'device': 'cuda:4', 'max_difference': ['0.158302', '0.142606', '0.157247', '0.140931', '0.151027'], 'avg_difference': ['0.005655', '0.005661', '0.005669', '0.005659', '0.005642'], 'correctness_issue': 'Output mismatch', 'correctness_trials': '(0 / 5)', 'reference_timing_ms': 0.489, 'speed_up': -1.0, 'custom_timing': -1.0}, 'runtime': -1.0, 'runtime_stats': {}}}
2025-08-08 02:43:48,547 - openevolve.RemoteSpeedupEvaluator - INFO - [level3_44_MiniGPTBlock] âœ˜ invalid_answer 'import triton' is not found
2025-08-08 02:43:48,549 - openevolve.evaluator - INFO - Evaluated program 5ee90820-c0be-464e-8a53-4ece58f19f9b in 0.00s: compiled=0.0000, correctness=0.0000, score=-100.0000, stage=no_valid_triton_code, feedback=You need to generate real and valid triton code for the core function. The key word 'import triton' is not found.
2025-08-08 02:43:48,552 - openevolve.llm.ensemble - INFO - Sampled model: deepseek
2025-08-08 02:43:48,566 - openevolve.threaded_parallel - INFO - Iteration 22: Program 5ee90820-c0be-464e-8a53-4ece58f19f9b (parent: e748dff6-a652-4bb4-b2ad-63638bf094ca) completed in 443.26s
2025-08-08 02:43:48,566 - openevolve.threaded_parallel - INFO - Metrics: compiled=0.0000, correctness=0.0000, score=-100.0000, stage=no_valid_triton_code, feedback=You need to generate real and valid triton code for the core function. The key word 'import triton' is not found.
2025-08-08 02:44:46,352 - openevolve.RemoteSpeedupEvaluator - INFO - [level3_44_MiniGPTBlock] âœ˜ invalid_answer 'import triton' is not found
2025-08-08 02:44:46,354 - openevolve.evaluator - INFO - Evaluated program a6b58dd0-4ece-496b-ac81-abf9e04dc9ea in 0.00s: compiled=0.0000, correctness=0.0000, score=-100.0000, stage=no_valid_triton_code, feedback=You need to generate real and valid triton code for the core function. The key word 'import triton' is not found.
2025-08-08 02:44:46,359 - openevolve.llm.ensemble - INFO - Sampled model: deepseek
2025-08-08 02:44:46,360 - openevolve.database - INFO - New MAP-Elites cell occupied: {'score': -1000, 'complexity': 9}
2025-08-08 02:44:46,371 - openevolve.threaded_parallel - INFO - Iteration 23: Program a6b58dd0-4ece-496b-ac81-abf9e04dc9ea (parent: ebe8608a-d1df-4e21-b898-6943859ecb94) completed in 254.75s
2025-08-08 02:44:46,371 - openevolve.threaded_parallel - INFO - Metrics: compiled=0.0000, correctness=0.0000, score=-100.0000, stage=no_valid_triton_code, feedback=You need to generate real and valid triton code for the core function. The key word 'import triton' is not found.
2025-08-08 02:44:53,915 - openevolve.RemoteSpeedupEvaluator - INFO - [level3_44_MiniGPTBlock] âœ˜ invalid_answer 'import triton' is not found
2025-08-08 02:44:53,915 - openevolve.evaluator - INFO - Evaluated program fac21b23-fe7b-48c9-a117-dca5955f2565 in 0.00s: compiled=0.0000, correctness=0.0000, score=-100.0000, stage=no_valid_triton_code, feedback=You need to generate real and valid triton code for the core function. The key word 'import triton' is not found.
2025-08-08 02:44:53,920 - openevolve.llm.ensemble - INFO - Sampled model: deepseek
2025-08-08 02:44:53,925 - openevolve.threaded_parallel - INFO - Iteration 25: Program fac21b23-fe7b-48c9-a117-dca5955f2565 (parent: dc0efc25-b58d-427e-ad30-32cc3942c9d3) completed in 7.56s
2025-08-08 02:44:53,925 - openevolve.threaded_parallel - INFO - Metrics: compiled=0.0000, correctness=0.0000, score=-100.0000, stage=no_valid_triton_code, feedback=You need to generate real and valid triton code for the core function. The key word 'import triton' is not found.
2025-08-08 02:47:39,230 - openevolve.RemoteSpeedupEvaluator - INFO - [level3_44_MiniGPTBlock] triton key words check pass
2025-08-08 02:47:39,232 - openevolve.RemoteSpeedupEvaluator - INFO - [level3_44_MiniGPTBlock] verify_plus payload: reference_code(3888 chars) + custom_code(6622 chars)
2025-08-08 02:47:42,439 - openevolve.RemoteSpeedupEvaluator - INFO - [level3_44_MiniGPTBlock] verify_plus request success
2025-08-08 02:47:42,439 - openevolve.RemoteSpeedupEvaluator - INFO - [level3_44_MiniGPTBlock] verify_plus response: {"id":"level3_44_MiniGPTBlock","result":{"compiled":true,"correctness":false,"metadata":{"hardware":"NVIDIA L20Y","device":"cuda:2","runtime_error":"Traceback (most recent call last):\n  File \"/home/lijiaxing/.conda/envs/api/lib/python3.10/site-packages/triton/language/core.py\", line 42, in wrapper\n    return fn(*args, **kwargs)\n  File \"/home/lijiaxing/.conda/envs/api/lib/python3.10/site-packages/triton/language/core.py\", line 1693, in full\n    shape = _shape_check_impl(shape)\n  File \"/home/lijiaxing/.conda/envs/api/lib/python3.10/site-packages/triton/language/core.py\", line 1677, in _shape_check_impl\n    validate_block_shape(shape)\n  File \"/home/lijiaxing/.conda/envs/api/lib/python3.10/site-packages/triton/_utils.py\", line 52, in validate_block_shape\n    raise ValueError(f\
2025-08-08 02:47:42,439 - openevolve.RemoteSpeedupEvaluator - INFO - [level3_44_MiniGPTBlock] âœ˜ wrong_answer
2025-08-08 02:47:42,440 - openevolve.evaluator - INFO - Evaluated program b8d58f8b-7e21-4012-9fe8-26624642b374 in 3.21s: compiled=1.0000, correctness=0.0000, score=10.0000, stage=wrong_answer, verify_payload={'id': 'level3_44_MiniGPTBlock', 'result': {'compiled': True, 'correctness': False, 'metadata': {'hardware': 'NVIDIA L20Y', 'device': 'cuda:2', 'runtime_error': 'Traceback (most recent call last):\n  File "/home/lijiaxing/.conda/envs/api/lib/python3.10/site-packages/triton/language/core.py", line 42, in wrapper\n    return fn(*args, **kwargs)\n  File "/home/lijiaxing/.conda/envs/api/lib/python3.10/site-packages/triton/language/core.py", line 1693, in full\n    shape = _shape_check_impl(shape)\n  File "/home/lijiaxing/.conda/envs/api/lib/python3.10/site-packages/triton/language/core.py", line 1677, in _shape_check_impl\n    validate_block_shape(shape)\n  File "/home/lijiaxing/.conda/envs/api/lib/python3.10/site-packages/triton/_utils.py", line 52, in validate_block_shape\n    raise ValueError(f"Shape element {i} must be a power of 2")\nValueError: Shape element 0 must be a power of 2\n\nThe above exception was the direct cause of the following exception:\n\ntriton.compiler.errors.CompilationError: at 10:11:\ndef zeros(shape, dtype):\n    """\n    Returns a tensor filled with the scalar value 0 for the given :code:`shape` and :code:`dtype`.\n\n    :param shape: Shape of the new array, e.g., (8, 16) or (8, )\n    :type shape: tuple of ints\n    :param dtype: Data-type of the new array, e.g., :code:`tl.float16`\n    :type dtype: DType\n    """\n    return core.full(shape, 0, dtype)\n           ^\n\nThe above exception was the direct cause of the following exception:\n\nTraceback (most recent call last):\n  File "/cpfs01/shared/llm_kernel/hujiakai/KernelLLM/validation_api_server/helpers/evaluations.py", line 720, in run_and_check_correctness\n    output_new = model_new(*inputs)\n  File "/home/lijiaxing/.conda/envs/api/lib/python3.10/site-packages/torch/nn/modules/module.py", line 1773, in _wrapped_call_impl\n    return self._call_impl(*args, **kwargs)\n  File "/home/lijiaxing/.conda/envs/api/lib/python3.10/site-packages/torch/nn/modules/module.py", line 1784, in _call_impl\n    return forward_call(*args, **kwargs)\n  File "/tmp/tmprkobvwft.py", line 162, in forward\n    x = x + self.attn(self.ln_1(x))\n  File "/home/lijiaxing/.conda/envs/api/lib/python3.10/site-packages/torch/nn/modules/module.py", line 1773, in _wrapped_call_impl\n    return self._call_impl(*args, **kwargs)\n  File "/home/lijiaxing/.conda/envs/api/lib/python3.10/site-packages/torch/nn/modules/module.py", line 1784, in _call_impl\n    return forward_call(*args, **kwargs)\n  File "/tmp/tmprkobvwft.py", line 128, in forward\n    _fwd_attention_rowwise[grid](\n  File "/home/lijiaxing/.conda/envs/api/lib/python3.10/site-packages/triton/runtime/jit.py", line 390, in <lambda>\n    return lambda *args, **kwargs: self.run(grid=grid, warmup=False, *args, **kwargs)\n  File "/home/lijiaxing/.conda/envs/api/lib/python3.10/site-packages/triton/runtime/jit.py", line 594, in run\n    kernel = self.compile(src, target=target, options=options.__dict__)\n  File "/home/lijiaxing/.conda/envs/api/lib/python3.10/site-packages/triton/compiler/compiler.py", line 339, in compile\n    module = src.make_ir(options, codegen_fns, module_map, context)\n  File "/home/lijiaxing/.conda/envs/api/lib/python3.10/site-packages/triton/compiler/compiler.py", line 83, in make_ir\n    return ast_to_ttir(self.fn, self, context=context, options=options, codegen_fns=codegen_fns,\ntriton.compiler.errors.CompilationError: at 27:10:\n    off_h = off_hz % n_head\n\n    # Base pointers for current head and position\n    q_offset = off_z * stride_qz + off_h * stride_qh + i * stride_qm\n    k_base = off_z * stride_kz + off_h * stride_kh\n    v_base = off_z * stride_vz + off_h * stride_vh\n    o_offset = off_z * stride_oz + off_h * stride_oh + i * stride_om\n\n    # Online softmax variables\n    m_i = -float(\'inf\')\n    l_i = 0.0\n    acc = tl.zeros([BLOCK_DMODEL], dtype=tl.float32)\n          ^\n\n\nThe above exception was the direct cause of the following exception:\n\nTraceback (most recent call last):\n  File "/home/lijiaxing/.conda/envs/api/lib/python3.10/site-packages/triton/language/core.py", line 42, in wrapper\n    return fn(*args, **kwargs)\n  File "/home/lijiaxing/.conda/envs/api/lib/python3.10/site-packages/triton/language/core.py", line 1693, in full\n    shape = _shape_check_impl(shape)\n  File "/home/lijiaxing/.conda/envs/api/lib/python3.10/site-packages/triton/language/core.py", line 1677, in _shape_check_impl\n    validate_block_shape(shape)\n  File "/home/lijiaxing/.conda/envs/api/lib/python3.10/site-packages/triton/_utils.py", line 52, in validate_block_shape\n    raise ValueError(f"Shape element {i} must be a power of 2")\nValueError: Shape element 0 must be a power of 2\n\nThe above exception was the direct cause of the following exception:\n\ntriton.compiler.errors.CompilationError: at 10:11:\ndef zeros(shape, dtype):\n    """\n    Returns a tensor filled with the scalar value 0 for the given :code:`shape` and :code:`dtype`.\n\n    :param shape: Shape of the new array, e.g., (8, 16) or (8, )\n    :type shape: tuple of ints\n    :param dtype: Data-type of the new array, e.g., :code:`tl.float16`\n    :type dtype: DType\n    """\n    return core.full(shape, 0, dtype)\n           ^\n\n\nThe above exception was the direct cause of the following exception:\n\nTraceback (most recent call last):\n  File "/home/lijiaxing/.conda/envs/api/lib/python3.10/site-packages/triton/language/core.py", line 42, in wrapper\n    return fn(*args, **kwargs)\n  File "/home/lijiaxing/.conda/envs/api/lib/python3.10/site-packages/triton/language/core.py", line 1693, in full\n    shape = _shape_check_impl(shape)\n  File "/home/lijiaxing/.conda/envs/api/lib/python3.10/site-packages/triton/language/core.py", line 1677, in _shape_check_impl\n    validate_block_shape(shape)\n  File "/home/lijiaxing/.conda/envs/api/lib/python3.10/site-packages/triton/_utils.py", line 52, in validate_block_shape\n    raise ValueError(f"Shape element {i} must be a power of 2")\nValueError: Shape element 0 must be a power of 2\n', 'runtime_error_name': 'triton.compiler.errors.CompilationError', 'reference_timing_ms': 0.489, 'speed_up': -1.0, 'custom_timing': -1.0}, 'runtime': -1.0, 'runtime_stats': {}}}
2025-08-08 02:47:42,444 - openevolve.llm.ensemble - INFO - Sampled model: deepseek
2025-08-08 02:47:42,448 - openevolve.database - INFO - Population size (26) exceeds limit (25), removing 1 programs
2025-08-08 02:47:42,448 - openevolve.database - INFO - Population size after cleanup: 25
2025-08-08 02:47:42,458 - openevolve.threaded_parallel - INFO - Iteration 21: Program b8d58f8b-7e21-4012-9fe8-26624642b374 (parent: 3d75fe81-1bfb-41fc-9e8a-54e1475cfda0) completed in 720.45s
2025-08-08 02:47:42,459 - openevolve.threaded_parallel - INFO - Metrics: compiled=1.0000, correctness=0.0000, score=10.0000, stage=wrong_answer, verify_payload={'id': 'level3_44_MiniGPTBlock', 'result': {'compiled': True, 'correctness': False, 'metadata': {'hardware': 'NVIDIA L20Y', 'device': 'cuda:2', 'runtime_error': 'Traceback (most recent call last):\n  File "/home/lijiaxing/.conda/envs/api/lib/python3.10/site-packages/triton/language/core.py", line 42, in wrapper\n    return fn(*args, **kwargs)\n  File "/home/lijiaxing/.conda/envs/api/lib/python3.10/site-packages/triton/language/core.py", line 1693, in full\n    shape = _shape_check_impl(shape)\n  File "/home/lijiaxing/.conda/envs/api/lib/python3.10/site-packages/triton/language/core.py", line 1677, in _shape_check_impl\n    validate_block_shape(shape)\n  File "/home/lijiaxing/.conda/envs/api/lib/python3.10/site-packages/triton/_utils.py", line 52, in validate_block_shape\n    raise ValueError(f"Shape element {i} must be a power of 2")\nValueError: Shape element 0 must be a power of 2\n\nThe above exception was the direct cause of the following exception:\n\ntriton.compiler.errors.CompilationError: at 10:11:\ndef zeros(shape, dtype):\n    """\n    Returns a tensor filled with the scalar value 0 for the given :code:`shape` and :code:`dtype`.\n\n    :param shape: Shape of the new array, e.g., (8, 16) or (8, )\n    :type shape: tuple of ints\n    :param dtype: Data-type of the new array, e.g., :code:`tl.float16`\n    :type dtype: DType\n    """\n    return core.full(shape, 0, dtype)\n           ^\n\nThe above exception was the direct cause of the following exception:\n\nTraceback (most recent call last):\n  File "/cpfs01/shared/llm_kernel/hujiakai/KernelLLM/validation_api_server/helpers/evaluations.py", line 720, in run_and_check_correctness\n    output_new = model_new(*inputs)\n  File "/home/lijiaxing/.conda/envs/api/lib/python3.10/site-packages/torch/nn/modules/module.py", line 1773, in _wrapped_call_impl\n    return self._call_impl(*args, **kwargs)\n  File "/home/lijiaxing/.conda/envs/api/lib/python3.10/site-packages/torch/nn/modules/module.py", line 1784, in _call_impl\n    return forward_call(*args, **kwargs)\n  File "/tmp/tmprkobvwft.py", line 162, in forward\n    x = x + self.attn(self.ln_1(x))\n  File "/home/lijiaxing/.conda/envs/api/lib/python3.10/site-packages/torch/nn/modules/module.py", line 1773, in _wrapped_call_impl\n    return self._call_impl(*args, **kwargs)\n  File "/home/lijiaxing/.conda/envs/api/lib/python3.10/site-packages/torch/nn/modules/module.py", line 1784, in _call_impl\n    return forward_call(*args, **kwargs)\n  File "/tmp/tmprkobvwft.py", line 128, in forward\n    _fwd_attention_rowwise[grid](\n  File "/home/lijiaxing/.conda/envs/api/lib/python3.10/site-packages/triton/runtime/jit.py", line 390, in <lambda>\n    return lambda *args, **kwargs: self.run(grid=grid, warmup=False, *args, **kwargs)\n  File "/home/lijiaxing/.conda/envs/api/lib/python3.10/site-packages/triton/runtime/jit.py", line 594, in run\n    kernel = self.compile(src, target=target, options=options.__dict__)\n  File "/home/lijiaxing/.conda/envs/api/lib/python3.10/site-packages/triton/compiler/compiler.py", line 339, in compile\n    module = src.make_ir(options, codegen_fns, module_map, context)\n  File "/home/lijiaxing/.conda/envs/api/lib/python3.10/site-packages/triton/compiler/compiler.py", line 83, in make_ir\n    return ast_to_ttir(self.fn, self, context=context, options=options, codegen_fns=codegen_fns,\ntriton.compiler.errors.CompilationError: at 27:10:\n    off_h = off_hz % n_head\n\n    # Base pointers for current head and position\n    q_offset = off_z * stride_qz + off_h * stride_qh + i * stride_qm\n    k_base = off_z * stride_kz + off_h * stride_kh\n    v_base = off_z * stride_vz + off_h * stride_vh\n    o_offset = off_z * stride_oz + off_h * stride_oh + i * stride_om\n\n    # Online softmax variables\n    m_i = -float(\'inf\')\n    l_i = 0.0\n    acc = tl.zeros([BLOCK_DMODEL], dtype=tl.float32)\n          ^\n\n\nThe above exception was the direct cause of the following exception:\n\nTraceback (most recent call last):\n  File "/home/lijiaxing/.conda/envs/api/lib/python3.10/site-packages/triton/language/core.py", line 42, in wrapper\n    return fn(*args, **kwargs)\n  File "/home/lijiaxing/.conda/envs/api/lib/python3.10/site-packages/triton/language/core.py", line 1693, in full\n    shape = _shape_check_impl(shape)\n  File "/home/lijiaxing/.conda/envs/api/lib/python3.10/site-packages/triton/language/core.py", line 1677, in _shape_check_impl\n    validate_block_shape(shape)\n  File "/home/lijiaxing/.conda/envs/api/lib/python3.10/site-packages/triton/_utils.py", line 52, in validate_block_shape\n    raise ValueError(f"Shape element {i} must be a power of 2")\nValueError: Shape element 0 must be a power of 2\n\nThe above exception was the direct cause of the following exception:\n\ntriton.compiler.errors.CompilationError: at 10:11:\ndef zeros(shape, dtype):\n    """\n    Returns a tensor filled with the scalar value 0 for the given :code:`shape` and :code:`dtype`.\n\n    :param shape: Shape of the new array, e.g., (8, 16) or (8, )\n    :type shape: tuple of ints\n    :param dtype: Data-type of the new array, e.g., :code:`tl.float16`\n    :type dtype: DType\n    """\n    return core.full(shape, 0, dtype)\n           ^\n\n\nThe above exception was the direct cause of the following exception:\n\nTraceback (most recent call last):\n  File "/home/lijiaxing/.conda/envs/api/lib/python3.10/site-packages/triton/language/core.py", line 42, in wrapper\n    return fn(*args, **kwargs)\n  File "/home/lijiaxing/.conda/envs/api/lib/python3.10/site-packages/triton/language/core.py", line 1693, in full\n    shape = _shape_check_impl(shape)\n  File "/home/lijiaxing/.conda/envs/api/lib/python3.10/site-packages/triton/language/core.py", line 1677, in _shape_check_impl\n    validate_block_shape(shape)\n  File "/home/lijiaxing/.conda/envs/api/lib/python3.10/site-packages/triton/_utils.py", line 52, in validate_block_shape\n    raise ValueError(f"Shape element {i} must be a power of 2")\nValueError: Shape element 0 must be a power of 2\n', 'runtime_error_name': 'triton.compiler.errors.CompilationError', 'reference_timing_ms': 0.489, 'speed_up': -1.0, 'custom_timing': -1.0}, 'runtime': -1.0, 'runtime_stats': {}}}
2025-08-08 02:47:42,459 - openevolve.threaded_parallel - INFO - Checkpoint interval reached at iteration 21
2025-08-08 02:47:42,461 - openevolve.database - INFO - Island Status:
2025-08-08 02:47:42,461 - openevolve.database - INFO -    Island 0: 10 programs, best=10.0000, avg=-2.9000, diversity=457.17, gen=9 (best: d0e84685-6939-4d84-ba44-8b605ce7be9c)
2025-08-08 02:47:42,461 - openevolve.database - INFO -    Island 1: 8 programs, best=10.0000, avg=-59.8750, diversity=1271.48, gen=8 (best: 3d75fe81-1bfb-41fc-9e8a-54e1475cfda0)
2025-08-08 02:47:42,461 - openevolve.database - INFO -  * Island 2: 7 programs, best=10.0000, avg=-5.7143, diversity=245.28, gen=8 (best: 703d04e9-8b83-4a21-92cf-aff03241816c)
2025-08-08 02:47:42,832 - openevolve.database - INFO - Saved database with 25 programs to openevolve_output/level3_44_MiniGPTBlock/checkpoints/checkpoint_21
2025-08-08 02:47:42,853 - openevolve.controller - INFO - Saved best program at checkpoint 21 with metrics: compiled=1.0000, correctness=0.0000, score=10.0000, stage=wrong_answer, verify_payload={'id': 'level3_44_MiniGPTBlock', 'result': {'compiled': True, 'correctness': False, 'metadata': {'hardware': 'NVIDIA L20Y', 'device': 'cuda:4', 'runtime_error': 'Traceback (most recent call last):\n  File "/home/lijiaxing/.conda/envs/api/lib/python3.10/site-packages/triton/language/core.py", line 42, in wrapper\n    return fn(*args, **kwargs)\n  File "/home/lijiaxing/.conda/envs/api/lib/python3.10/site-packages/triton/language/core.py", line 2231, in make_block_ptr\n    return _semantic.make_block_ptr(base, shape, strides, offsets, block_shape, order)\n  File "/home/lijiaxing/.conda/envs/api/lib/python3.10/site-packages/triton/language/semantic.py", line 1838, in make_block_ptr\n    return self.tensor(handle, tl.pointer_type(tl.block_type(base.type.element_ty, block_shape)))\n  File "/home/lijiaxing/.conda/envs/api/lib/python3.10/site-packages/triton/language/core.py", line 726, in __init__\n    self.numel = validate_block_shape(self.shape)\n  File "/home/lijiaxing/.conda/envs/api/lib/python3.10/site-packages/triton/_utils.py", line 52, in validate_block_shape\n    raise ValueError(f"Shape element {i} must be a power of 2")\nValueError: Shape element 1 must be a power of 2\n\nThe above exception was the direct cause of the following exception:\n\nTraceback (most recent call last):\n  File "/cpfs01/shared/llm_kernel/hujiakai/KernelLLM/validation_api_server/helpers/evaluations.py", line 720, in run_and_check_correctness\n    output_new = model_new(*inputs)\n  File "/home/lijiaxing/.conda/envs/api/lib/python3.10/site-packages/torch/nn/modules/module.py", line 1773, in _wrapped_call_impl\n    return self._call_impl(*args, **kwargs)\n  File "/home/lijiaxing/.conda/envs/api/lib/python3.10/site-packages/torch/nn/modules/module.py", line 1784, in _call_impl\n    return forward_call(*args, **kwargs)\n  File "/tmp/tmpqiyjk4km.py", line 166, in forward\n    x = x + self.attn(self.ln_1(x))\n  File "/home/lijiaxing/.conda/envs/api/lib/python3.10/site-packages/torch/nn/modules/module.py", line 1773, in _wrapped_call_impl\n    return self._call_impl(*args, **kwargs)\n  File "/home/lijiaxing/.conda/envs/api/lib/python3.10/site-packages/torch/nn/modules/module.py", line 1784, in _call_impl\n    return forward_call(*args, **kwargs)\n  File "/tmp/tmpqiyjk4km.py", line 132, in forward\n    _fwd_attention_kernel[grid](\n  File "/home/lijiaxing/.conda/envs/api/lib/python3.10/site-packages/triton/runtime/jit.py", line 390, in <lambda>\n    return lambda *args, **kwargs: self.run(grid=grid, warmup=False, *args, **kwargs)\n  File "/home/lijiaxing/.conda/envs/api/lib/python3.10/site-packages/triton/runtime/jit.py", line 594, in run\n    kernel = self.compile(src, target=target, options=options.__dict__)\n  File "/home/lijiaxing/.conda/envs/api/lib/python3.10/site-packages/triton/compiler/compiler.py", line 339, in compile\n    module = src.make_ir(options, codegen_fns, module_map, context)\n  File "/home/lijiaxing/.conda/envs/api/lib/python3.10/site-packages/triton/compiler/compiler.py", line 83, in make_ir\n    return ast_to_ttir(self.fn, self, context=context, options=options, codegen_fns=codegen_fns,\ntriton.compiler.errors.CompilationError: at 18:18:\n    scale, \n    N_CTX,\n    BLOCK_M: tl.constexpr, BLOCK_N: tl.constexpr,\n    BLOCK_DMODEL: tl.constexpr,\n):\n    start_m = tl.program_id(0)\n    off_hz = tl.program_id(1)\n    off_z = off_hz // N_CTX\n    off_h = off_hz % N_CTX\n\n    q_offset = off_z * stride_qz + off_h * stride_qh\n    Q_block_ptr = tl.make_block_ptr(\n                  ^\n\n\nThe above exception was the direct cause of the following exception:\n\nTraceback (most recent call last):\n  File "/home/lijiaxing/.conda/envs/api/lib/python3.10/site-packages/triton/language/core.py", line 42, in wrapper\n    return fn(*args, **kwargs)\n  File "/home/lijiaxing/.conda/envs/api/lib/python3.10/site-packages/triton/language/core.py", line 2231, in make_block_ptr\n    return _semantic.make_block_ptr(base, shape, strides, offsets, block_shape, order)\n  File "/home/lijiaxing/.conda/envs/api/lib/python3.10/site-packages/triton/language/semantic.py", line 1838, in make_block_ptr\n    return self.tensor(handle, tl.pointer_type(tl.block_type(base.type.element_ty, block_shape)))\n  File "/home/lijiaxing/.conda/envs/api/lib/python3.10/site-packages/triton/language/core.py", line 726, in __init__\n    self.numel = validate_block_shape(self.shape)\n  File "/home/lijiaxing/.conda/envs/api/lib/python3.10/site-packages/triton/_utils.py", line 52, in validate_block_shape\n    raise ValueError(f"Shape element {i} must be a power of 2")\nValueError: Shape element 1 must be a power of 2\n', 'runtime_error_name': 'triton.compiler.errors.CompilationError', 'reference_timing_ms': 0.489, 'speed_up': -1.0, 'custom_timing': -1.0}, 'runtime': -1.0, 'runtime_stats': {}}}
2025-08-08 02:47:42,853 - openevolve.controller - INFO - Saved checkpoint at iteration 21 to openevolve_output/level3_44_MiniGPTBlock/checkpoints/checkpoint_21
2025-08-08 02:47:59,904 - openevolve.RemoteSpeedupEvaluator - INFO - [level3_44_MiniGPTBlock] âœ˜ invalid_answer 'import triton' is not found
2025-08-08 02:47:59,904 - openevolve.evaluator - INFO - Evaluated program ec9c2fbf-88e7-44bc-95ee-142725dc5cea in 0.00s: compiled=0.0000, correctness=0.0000, score=-100.0000, stage=no_valid_triton_code, feedback=You need to generate real and valid triton code for the core function. The key word 'import triton' is not found.
2025-08-08 02:47:59,908 - openevolve.database - INFO - New MAP-Elites cell occupied: {'score': -1000, 'complexity': 8}
2025-08-08 02:47:59,908 - openevolve.database - INFO - Population size (26) exceeds limit (25), removing 1 programs
2025-08-08 02:47:59,908 - openevolve.database - INFO - Population size after cleanup: 25
2025-08-08 02:47:59,909 - openevolve.llm.ensemble - INFO - Sampled model: deepseek
2025-08-08 02:47:59,920 - openevolve.threaded_parallel - INFO - Iteration 26: Program ec9c2fbf-88e7-44bc-95ee-142725dc5cea (parent: 34a6c71d-e9aa-4e94-9756-847f89eb05a9) completed in 185.98s
2025-08-08 02:47:59,920 - openevolve.threaded_parallel - INFO - Metrics: compiled=0.0000, correctness=0.0000, score=-100.0000, stage=no_valid_triton_code, feedback=You need to generate real and valid triton code for the core function. The key word 'import triton' is not found.
2025-08-08 02:48:07,525 - openevolve.RemoteSpeedupEvaluator - INFO - [level3_44_MiniGPTBlock] âœ˜ invalid_answer 'import triton' is not found
2025-08-08 02:48:07,525 - openevolve.evaluator - INFO - Evaluated program 985539a5-41a2-48a2-a1a7-4507ea664536 in 0.00s: compiled=0.0000, correctness=0.0000, score=-100.0000, stage=no_valid_triton_code, feedback=You need to generate real and valid triton code for the core function. The key word 'import triton' is not found.
2025-08-08 02:48:07,528 - openevolve.database - INFO - New MAP-Elites cell occupied: {'score': -1000, 'complexity': 0}
2025-08-08 02:48:07,529 - openevolve.database - INFO - Population size (26) exceeds limit (25), removing 1 programs
2025-08-08 02:48:07,529 - openevolve.database - INFO - Population size after cleanup: 25
2025-08-08 02:48:07,530 - openevolve.llm.ensemble - INFO - Sampled model: deepseek
2025-08-08 02:48:07,536 - openevolve.threaded_parallel - INFO - Iteration 28: Program 985539a5-41a2-48a2-a1a7-4507ea664536 (parent: 61dbc50a-f769-455c-8580-e5218eb13bbb) completed in 7.62s
2025-08-08 02:48:07,536 - openevolve.threaded_parallel - INFO - Metrics: compiled=0.0000, correctness=0.0000, score=-100.0000, stage=no_valid_triton_code, feedback=You need to generate real and valid triton code for the core function. The key word 'import triton' is not found.
2025-08-08 02:54:18,535 - openevolve.RemoteSpeedupEvaluator - INFO - [level3_44_MiniGPTBlock] âœ˜ invalid_answer 'tl.store' is not found
2025-08-08 02:54:18,537 - openevolve.evaluator - INFO - Evaluated program c62bef4a-3115-4bc1-92d2-db94b4e3ad32 in 0.00s: compiled=0.0000, correctness=0.0000, score=-100.0000, stage=no_valid_triton_code, feedback=You need to generate real and valid triton code for the core function. The key word 'tl.store' is not found.
2025-08-08 02:54:18,546 - openevolve.database - INFO - Population size (26) exceeds limit (25), removing 1 programs
2025-08-08 02:54:18,546 - openevolve.database - INFO - Population size after cleanup: 25
2025-08-08 02:54:18,558 - openevolve.threaded_parallel - INFO - Iteration 29: Program c62bef4a-3115-4bc1-92d2-db94b4e3ad32 (parent: f05fbc83-4bd4-42a3-8090-92ca51466477) completed in 371.01s
2025-08-08 02:54:18,558 - openevolve.threaded_parallel - INFO - Metrics: compiled=0.0000, correctness=0.0000, score=-100.0000, stage=no_valid_triton_code, feedback=You need to generate real and valid triton code for the core function. The key word 'tl.store' is not found.
2025-08-08 02:55:18,224 - openevolve.RemoteSpeedupEvaluator - INFO - [level3_44_MiniGPTBlock] âœ˜ invalid_answer 'import triton' is not found
2025-08-08 02:55:18,226 - openevolve.evaluator - INFO - Evaluated program 443c0224-93a1-4dae-9ff4-bb9634d44dea in 0.00s: compiled=0.0000, correctness=0.0000, score=-100.0000, stage=no_valid_triton_code, feedback=You need to generate real and valid triton code for the core function. The key word 'import triton' is not found.
2025-08-08 02:55:18,235 - openevolve.database - INFO - Population size (26) exceeds limit (25), removing 1 programs
2025-08-08 02:55:18,235 - openevolve.database - INFO - Population size after cleanup: 25
2025-08-08 02:55:18,242 - openevolve.threaded_parallel - INFO - Iteration 24: Program 443c0224-93a1-4dae-9ff4-bb9634d44dea (parent: 79522d2c-d315-4dc4-b6b4-b1e5074dabbe) completed in 689.67s
2025-08-08 02:55:18,242 - openevolve.threaded_parallel - INFO - Metrics: compiled=0.0000, correctness=0.0000, score=-100.0000, stage=no_valid_triton_code, feedback=You need to generate real and valid triton code for the core function. The key word 'import triton' is not found.
2025-08-08 02:55:18,242 - openevolve.threaded_parallel - INFO - Checkpoint interval reached at iteration 24
2025-08-08 02:55:18,244 - openevolve.database - INFO - Island Status:
2025-08-08 02:55:18,244 - openevolve.database - INFO -  * Island 0: 11 programs, best=10.0000, avg=-11.7273, diversity=845.90, gen=11 (best: d0e84685-6939-4d84-ba44-8b605ce7be9c)
2025-08-08 02:55:18,244 - openevolve.database - INFO -    Island 1: 5 programs, best=10.0000, avg=-35.8000, diversity=1512.93, gen=9 (best: 3d75fe81-1bfb-41fc-9e8a-54e1475cfda0)
2025-08-08 02:55:18,244 - openevolve.database - INFO -    Island 2: 9 programs, best=10.0000, avg=-26.6667, diversity=973.00, gen=9 (best: 703d04e9-8b83-4a21-92cf-aff03241816c)
2025-08-08 02:55:18,549 - openevolve.database - INFO - Saved database with 25 programs to openevolve_output/level3_44_MiniGPTBlock/checkpoints/checkpoint_24
2025-08-08 02:55:18,570 - openevolve.controller - INFO - Saved best program at checkpoint 24 with metrics: compiled=1.0000, correctness=0.0000, score=10.0000, stage=wrong_answer, verify_payload={'id': 'level3_44_MiniGPTBlock', 'result': {'compiled': True, 'correctness': False, 'metadata': {'hardware': 'NVIDIA L20Y', 'device': 'cuda:4', 'runtime_error': 'Traceback (most recent call last):\n  File "/home/lijiaxing/.conda/envs/api/lib/python3.10/site-packages/triton/language/core.py", line 42, in wrapper\n    return fn(*args, **kwargs)\n  File "/home/lijiaxing/.conda/envs/api/lib/python3.10/site-packages/triton/language/core.py", line 2231, in make_block_ptr\n    return _semantic.make_block_ptr(base, shape, strides, offsets, block_shape, order)\n  File "/home/lijiaxing/.conda/envs/api/lib/python3.10/site-packages/triton/language/semantic.py", line 1838, in make_block_ptr\n    return self.tensor(handle, tl.pointer_type(tl.block_type(base.type.element_ty, block_shape)))\n  File "/home/lijiaxing/.conda/envs/api/lib/python3.10/site-packages/triton/language/core.py", line 726, in __init__\n    self.numel = validate_block_shape(self.shape)\n  File "/home/lijiaxing/.conda/envs/api/lib/python3.10/site-packages/triton/_utils.py", line 52, in validate_block_shape\n    raise ValueError(f"Shape element {i} must be a power of 2")\nValueError: Shape element 1 must be a power of 2\n\nThe above exception was the direct cause of the following exception:\n\nTraceback (most recent call last):\n  File "/cpfs01/shared/llm_kernel/hujiakai/KernelLLM/validation_api_server/helpers/evaluations.py", line 720, in run_and_check_correctness\n    output_new = model_new(*inputs)\n  File "/home/lijiaxing/.conda/envs/api/lib/python3.10/site-packages/torch/nn/modules/module.py", line 1773, in _wrapped_call_impl\n    return self._call_impl(*args, **kwargs)\n  File "/home/lijiaxing/.conda/envs/api/lib/python3.10/site-packages/torch/nn/modules/module.py", line 1784, in _call_impl\n    return forward_call(*args, **kwargs)\n  File "/tmp/tmpqiyjk4km.py", line 166, in forward\n    x = x + self.attn(self.ln_1(x))\n  File "/home/lijiaxing/.conda/envs/api/lib/python3.10/site-packages/torch/nn/modules/module.py", line 1773, in _wrapped_call_impl\n    return self._call_impl(*args, **kwargs)\n  File "/home/lijiaxing/.conda/envs/api/lib/python3.10/site-packages/torch/nn/modules/module.py", line 1784, in _call_impl\n    return forward_call(*args, **kwargs)\n  File "/tmp/tmpqiyjk4km.py", line 132, in forward\n    _fwd_attention_kernel[grid](\n  File "/home/lijiaxing/.conda/envs/api/lib/python3.10/site-packages/triton/runtime/jit.py", line 390, in <lambda>\n    return lambda *args, **kwargs: self.run(grid=grid, warmup=False, *args, **kwargs)\n  File "/home/lijiaxing/.conda/envs/api/lib/python3.10/site-packages/triton/runtime/jit.py", line 594, in run\n    kernel = self.compile(src, target=target, options=options.__dict__)\n  File "/home/lijiaxing/.conda/envs/api/lib/python3.10/site-packages/triton/compiler/compiler.py", line 339, in compile\n    module = src.make_ir(options, codegen_fns, module_map, context)\n  File "/home/lijiaxing/.conda/envs/api/lib/python3.10/site-packages/triton/compiler/compiler.py", line 83, in make_ir\n    return ast_to_ttir(self.fn, self, context=context, options=options, codegen_fns=codegen_fns,\ntriton.compiler.errors.CompilationError: at 18:18:\n    scale, \n    N_CTX,\n    BLOCK_M: tl.constexpr, BLOCK_N: tl.constexpr,\n    BLOCK_DMODEL: tl.constexpr,\n):\n    start_m = tl.program_id(0)\n    off_hz = tl.program_id(1)\n    off_z = off_hz // N_CTX\n    off_h = off_hz % N_CTX\n\n    q_offset = off_z * stride_qz + off_h * stride_qh\n    Q_block_ptr = tl.make_block_ptr(\n                  ^\n\n\nThe above exception was the direct cause of the following exception:\n\nTraceback (most recent call last):\n  File "/home/lijiaxing/.conda/envs/api/lib/python3.10/site-packages/triton/language/core.py", line 42, in wrapper\n    return fn(*args, **kwargs)\n  File "/home/lijiaxing/.conda/envs/api/lib/python3.10/site-packages/triton/language/core.py", line 2231, in make_block_ptr\n    return _semantic.make_block_ptr(base, shape, strides, offsets, block_shape, order)\n  File "/home/lijiaxing/.conda/envs/api/lib/python3.10/site-packages/triton/language/semantic.py", line 1838, in make_block_ptr\n    return self.tensor(handle, tl.pointer_type(tl.block_type(base.type.element_ty, block_shape)))\n  File "/home/lijiaxing/.conda/envs/api/lib/python3.10/site-packages/triton/language/core.py", line 726, in __init__\n    self.numel = validate_block_shape(self.shape)\n  File "/home/lijiaxing/.conda/envs/api/lib/python3.10/site-packages/triton/_utils.py", line 52, in validate_block_shape\n    raise ValueError(f"Shape element {i} must be a power of 2")\nValueError: Shape element 1 must be a power of 2\n', 'runtime_error_name': 'triton.compiler.errors.CompilationError', 'reference_timing_ms': 0.489, 'speed_up': -1.0, 'custom_timing': -1.0}, 'runtime': -1.0, 'runtime_stats': {}}}
2025-08-08 02:55:18,570 - openevolve.controller - INFO - Saved checkpoint at iteration 24 to openevolve_output/level3_44_MiniGPTBlock/checkpoints/checkpoint_24
2025-08-08 03:00:56,254 - openevolve.RemoteSpeedupEvaluator - INFO - [level3_44_MiniGPTBlock] triton key words check pass
2025-08-08 03:00:56,255 - openevolve.RemoteSpeedupEvaluator - INFO - [level3_44_MiniGPTBlock] verify_plus payload: reference_code(3888 chars) + custom_code(7372 chars)
2025-08-08 03:00:59,524 - openevolve.RemoteSpeedupEvaluator - INFO - [level3_44_MiniGPTBlock] verify_plus request success
2025-08-08 03:00:59,524 - openevolve.RemoteSpeedupEvaluator - INFO - [level3_44_MiniGPTBlock] verify_plus response: {"id":"level3_44_MiniGPTBlock","result":{"compiled":true,"correctness":false,"metadata":{"hardware":"NVIDIA L20Y","device":"cuda:7","runtime_error":"Traceback (most recent call last):\n  File \"/home/lijiaxing/.conda/envs/api/lib/python3.10/site-packages/triton/language/core.py\", line 42, in wrapper\n    return fn(*args, **kwargs)\n  File \"/home/lijiaxing/.conda/envs/api/lib/python3.10/site-packages/triton/language/core.py\", line 1693, in full\n    shape = _shape_check_impl(shape)\n  File \"/home/lijiaxing/.conda/envs/api/lib/python3.10/site-packages/triton/language/core.py\", line 1677, in _shape_check_impl\n    validate_block_shape(shape)\n  File \"/home/lijiaxing/.conda/envs/api/lib/python3.10/site-packages/triton/_utils.py\", line 52, in validate_block_shape\n    raise ValueError(f\
2025-08-08 03:00:59,524 - openevolve.RemoteSpeedupEvaluator - INFO - [level3_44_MiniGPTBlock] âœ˜ wrong_answer
2025-08-08 03:00:59,525 - openevolve.evaluator - INFO - Evaluated program 1a94112d-45b5-4907-95b3-a12c41987f84 in 3.27s: compiled=1.0000, correctness=0.0000, score=10.0000, stage=wrong_answer, verify_payload={'id': 'level3_44_MiniGPTBlock', 'result': {'compiled': True, 'correctness': False, 'metadata': {'hardware': 'NVIDIA L20Y', 'device': 'cuda:7', 'runtime_error': 'Traceback (most recent call last):\n  File "/home/lijiaxing/.conda/envs/api/lib/python3.10/site-packages/triton/language/core.py", line 42, in wrapper\n    return fn(*args, **kwargs)\n  File "/home/lijiaxing/.conda/envs/api/lib/python3.10/site-packages/triton/language/core.py", line 1693, in full\n    shape = _shape_check_impl(shape)\n  File "/home/lijiaxing/.conda/envs/api/lib/python3.10/site-packages/triton/language/core.py", line 1677, in _shape_check_impl\n    validate_block_shape(shape)\n  File "/home/lijiaxing/.conda/envs/api/lib/python3.10/site-packages/triton/_utils.py", line 52, in validate_block_shape\n    raise ValueError(f"Shape element {i} must be a power of 2")\nValueError: Shape element 0 must be a power of 2\n\nThe above exception was the direct cause of the following exception:\n\ntriton.compiler.errors.CompilationError: at 10:11:\ndef zeros(shape, dtype):\n    """\n    Returns a tensor filled with the scalar value 0 for the given :code:`shape` and :code:`dtype`.\n\n    :param shape: Shape of the new array, e.g., (8, 16) or (8, )\n    :type shape: tuple of ints\n    :param dtype: Data-type of the new array, e.g., :code:`tl.float16`\n    :type dtype: DType\n    """\n    return core.full(shape, 0, dtype)\n           ^\n\nThe above exception was the direct cause of the following exception:\n\nTraceback (most recent call last):\n  File "/cpfs01/shared/llm_kernel/hujiakai/KernelLLM/validation_api_server/helpers/evaluations.py", line 720, in run_and_check_correctness\n    output_new = model_new(*inputs)\n  File "/home/lijiaxing/.conda/envs/api/lib/python3.10/site-packages/torch/nn/modules/module.py", line 1773, in _wrapped_call_impl\n    return self._call_impl(*args, **kwargs)\n  File "/home/lijiaxing/.conda/envs/api/lib/python3.10/site-packages/torch/nn/modules/module.py", line 1784, in _call_impl\n    return forward_call(*args, **kwargs)\n  File "/tmp/tmp8zp7w0zy.py", line 181, in forward\n    x = x + self.attn(self.ln_1(x))\n  File "/home/lijiaxing/.conda/envs/api/lib/python3.10/site-packages/torch/nn/modules/module.py", line 1773, in _wrapped_call_impl\n    return self._call_impl(*args, **kwargs)\n  File "/home/lijiaxing/.conda/envs/api/lib/python3.10/site-packages/torch/nn/modules/module.py", line 1784, in _call_impl\n    return forward_call(*args, **kwargs)\n  File "/tmp/tmp8zp7w0zy.py", line 147, in forward\n    _fwd_attention_rowwise[grid](\n  File "/home/lijiaxing/.conda/envs/api/lib/python3.10/site-packages/triton/runtime/jit.py", line 390, in <lambda>\n    return lambda *args, **kwargs: self.run(grid=grid, warmup=False, *args, **kwargs)\n  File "/home/lijiaxing/.conda/envs/api/lib/python3.10/site-packages/triton/runtime/jit.py", line 594, in run\n    kernel = self.compile(src, target=target, options=options.__dict__)\n  File "/home/lijiaxing/.conda/envs/api/lib/python3.10/site-packages/triton/compiler/compiler.py", line 339, in compile\n    module = src.make_ir(options, codegen_fns, module_map, context)\n  File "/home/lijiaxing/.conda/envs/api/lib/python3.10/site-packages/triton/compiler/compiler.py", line 83, in make_ir\n    return ast_to_ttir(self.fn, self, context=context, options=options, codegen_fns=codegen_fns,\ntriton.compiler.errors.CompilationError: at 27:10:\n    off_h = off_hz % n_head\n\n    # Base pointers for current head and position\n    q_offset = off_z * stride_qz + off_h * stride_qh + i * stride_qm\n    k_base = off_z * stride_kz + off_h * stride_kh\n    v_base = off_z * stride_vz + off_h * stride_vh\n    o_offset = off_z * stride_oz + off_h * stride_oh + i * stride_om\n\n    # Online softmax variables\n    m_i = -float(\'inf\')\n    l_i = 0.0\n    acc = tl.zeros([BLOCK_DMODEL], dtype=tl.float32)\n          ^\n\n\nThe above exception was the direct cause of the following exception:\n\nTraceback (most recent call last):\n  File "/home/lijiaxing/.conda/envs/api/lib/python3.10/site-packages/triton/language/core.py", line 42, in wrapper\n    return fn(*args, **kwargs)\n  File "/home/lijiaxing/.conda/envs/api/lib/python3.10/site-packages/triton/language/core.py", line 1693, in full\n    shape = _shape_check_impl(shape)\n  File "/home/lijiaxing/.conda/envs/api/lib/python3.10/site-packages/triton/language/core.py", line 1677, in _shape_check_impl\n    validate_block_shape(shape)\n  File "/home/lijiaxing/.conda/envs/api/lib/python3.10/site-packages/triton/_utils.py", line 52, in validate_block_shape\n    raise ValueError(f"Shape element {i} must be a power of 2")\nValueError: Shape element 0 must be a power of 2\n\nThe above exception was the direct cause of the following exception:\n\ntriton.compiler.errors.CompilationError: at 10:11:\ndef zeros(shape, dtype):\n    """\n    Returns a tensor filled with the scalar value 0 for the given :code:`shape` and :code:`dtype`.\n\n    :param shape: Shape of the new array, e.g., (8, 16) or (8, )\n    :type shape: tuple of ints\n    :param dtype: Data-type of the new array, e.g., :code:`tl.float16`\n    :type dtype: DType\n    """\n    return core.full(shape, 0, dtype)\n           ^\n\n\nThe above exception was the direct cause of the following exception:\n\nTraceback (most recent call last):\n  File "/home/lijiaxing/.conda/envs/api/lib/python3.10/site-packages/triton/language/core.py", line 42, in wrapper\n    return fn(*args, **kwargs)\n  File "/home/lijiaxing/.conda/envs/api/lib/python3.10/site-packages/triton/language/core.py", line 1693, in full\n    shape = _shape_check_impl(shape)\n  File "/home/lijiaxing/.conda/envs/api/lib/python3.10/site-packages/triton/language/core.py", line 1677, in _shape_check_impl\n    validate_block_shape(shape)\n  File "/home/lijiaxing/.conda/envs/api/lib/python3.10/site-packages/triton/_utils.py", line 52, in validate_block_shape\n    raise ValueError(f"Shape element {i} must be a power of 2")\nValueError: Shape element 0 must be a power of 2\n', 'runtime_error_name': 'triton.compiler.errors.CompilationError', 'reference_timing_ms': 0.489, 'speed_up': -1.0, 'custom_timing': -1.0}, 'runtime': -1.0, 'runtime_stats': {}}}
2025-08-08 03:00:59,533 - openevolve.database - INFO - New MAP-Elites cell occupied: {'score': 9, 'complexity': 4}
2025-08-08 03:00:59,533 - openevolve.database - INFO - Population size (26) exceeds limit (25), removing 1 programs
2025-08-08 03:00:59,533 - openevolve.database - INFO - Population size after cleanup: 25
2025-08-08 03:00:59,568 - openevolve.threaded_parallel - INFO - Iteration 27: Program 1a94112d-45b5-4907-95b3-a12c41987f84 (parent: 3d75fe81-1bfb-41fc-9e8a-54e1475cfda0) completed in 797.08s
2025-08-08 03:00:59,568 - openevolve.threaded_parallel - INFO - Metrics: compiled=1.0000, correctness=0.0000, score=10.0000, stage=wrong_answer, verify_payload={'id': 'level3_44_MiniGPTBlock', 'result': {'compiled': True, 'correctness': False, 'metadata': {'hardware': 'NVIDIA L20Y', 'device': 'cuda:7', 'runtime_error': 'Traceback (most recent call last):\n  File "/home/lijiaxing/.conda/envs/api/lib/python3.10/site-packages/triton/language/core.py", line 42, in wrapper\n    return fn(*args, **kwargs)\n  File "/home/lijiaxing/.conda/envs/api/lib/python3.10/site-packages/triton/language/core.py", line 1693, in full\n    shape = _shape_check_impl(shape)\n  File "/home/lijiaxing/.conda/envs/api/lib/python3.10/site-packages/triton/language/core.py", line 1677, in _shape_check_impl\n    validate_block_shape(shape)\n  File "/home/lijiaxing/.conda/envs/api/lib/python3.10/site-packages/triton/_utils.py", line 52, in validate_block_shape\n    raise ValueError(f"Shape element {i} must be a power of 2")\nValueError: Shape element 0 must be a power of 2\n\nThe above exception was the direct cause of the following exception:\n\ntriton.compiler.errors.CompilationError: at 10:11:\ndef zeros(shape, dtype):\n    """\n    Returns a tensor filled with the scalar value 0 for the given :code:`shape` and :code:`dtype`.\n\n    :param shape: Shape of the new array, e.g., (8, 16) or (8, )\n    :type shape: tuple of ints\n    :param dtype: Data-type of the new array, e.g., :code:`tl.float16`\n    :type dtype: DType\n    """\n    return core.full(shape, 0, dtype)\n           ^\n\nThe above exception was the direct cause of the following exception:\n\nTraceback (most recent call last):\n  File "/cpfs01/shared/llm_kernel/hujiakai/KernelLLM/validation_api_server/helpers/evaluations.py", line 720, in run_and_check_correctness\n    output_new = model_new(*inputs)\n  File "/home/lijiaxing/.conda/envs/api/lib/python3.10/site-packages/torch/nn/modules/module.py", line 1773, in _wrapped_call_impl\n    return self._call_impl(*args, **kwargs)\n  File "/home/lijiaxing/.conda/envs/api/lib/python3.10/site-packages/torch/nn/modules/module.py", line 1784, in _call_impl\n    return forward_call(*args, **kwargs)\n  File "/tmp/tmp8zp7w0zy.py", line 181, in forward\n    x = x + self.attn(self.ln_1(x))\n  File "/home/lijiaxing/.conda/envs/api/lib/python3.10/site-packages/torch/nn/modules/module.py", line 1773, in _wrapped_call_impl\n    return self._call_impl(*args, **kwargs)\n  File "/home/lijiaxing/.conda/envs/api/lib/python3.10/site-packages/torch/nn/modules/module.py", line 1784, in _call_impl\n    return forward_call(*args, **kwargs)\n  File "/tmp/tmp8zp7w0zy.py", line 147, in forward\n    _fwd_attention_rowwise[grid](\n  File "/home/lijiaxing/.conda/envs/api/lib/python3.10/site-packages/triton/runtime/jit.py", line 390, in <lambda>\n    return lambda *args, **kwargs: self.run(grid=grid, warmup=False, *args, **kwargs)\n  File "/home/lijiaxing/.conda/envs/api/lib/python3.10/site-packages/triton/runtime/jit.py", line 594, in run\n    kernel = self.compile(src, target=target, options=options.__dict__)\n  File "/home/lijiaxing/.conda/envs/api/lib/python3.10/site-packages/triton/compiler/compiler.py", line 339, in compile\n    module = src.make_ir(options, codegen_fns, module_map, context)\n  File "/home/lijiaxing/.conda/envs/api/lib/python3.10/site-packages/triton/compiler/compiler.py", line 83, in make_ir\n    return ast_to_ttir(self.fn, self, context=context, options=options, codegen_fns=codegen_fns,\ntriton.compiler.errors.CompilationError: at 27:10:\n    off_h = off_hz % n_head\n\n    # Base pointers for current head and position\n    q_offset = off_z * stride_qz + off_h * stride_qh + i * stride_qm\n    k_base = off_z * stride_kz + off_h * stride_kh\n    v_base = off_z * stride_vz + off_h * stride_vh\n    o_offset = off_z * stride_oz + off_h * stride_oh + i * stride_om\n\n    # Online softmax variables\n    m_i = -float(\'inf\')\n    l_i = 0.0\n    acc = tl.zeros([BLOCK_DMODEL], dtype=tl.float32)\n          ^\n\n\nThe above exception was the direct cause of the following exception:\n\nTraceback (most recent call last):\n  File "/home/lijiaxing/.conda/envs/api/lib/python3.10/site-packages/triton/language/core.py", line 42, in wrapper\n    return fn(*args, **kwargs)\n  File "/home/lijiaxing/.conda/envs/api/lib/python3.10/site-packages/triton/language/core.py", line 1693, in full\n    shape = _shape_check_impl(shape)\n  File "/home/lijiaxing/.conda/envs/api/lib/python3.10/site-packages/triton/language/core.py", line 1677, in _shape_check_impl\n    validate_block_shape(shape)\n  File "/home/lijiaxing/.conda/envs/api/lib/python3.10/site-packages/triton/_utils.py", line 52, in validate_block_shape\n    raise ValueError(f"Shape element {i} must be a power of 2")\nValueError: Shape element 0 must be a power of 2\n\nThe above exception was the direct cause of the following exception:\n\ntriton.compiler.errors.CompilationError: at 10:11:\ndef zeros(shape, dtype):\n    """\n    Returns a tensor filled with the scalar value 0 for the given :code:`shape` and :code:`dtype`.\n\n    :param shape: Shape of the new array, e.g., (8, 16) or (8, )\n    :type shape: tuple of ints\n    :param dtype: Data-type of the new array, e.g., :code:`tl.float16`\n    :type dtype: DType\n    """\n    return core.full(shape, 0, dtype)\n           ^\n\n\nThe above exception was the direct cause of the following exception:\n\nTraceback (most recent call last):\n  File "/home/lijiaxing/.conda/envs/api/lib/python3.10/site-packages/triton/language/core.py", line 42, in wrapper\n    return fn(*args, **kwargs)\n  File "/home/lijiaxing/.conda/envs/api/lib/python3.10/site-packages/triton/language/core.py", line 1693, in full\n    shape = _shape_check_impl(shape)\n  File "/home/lijiaxing/.conda/envs/api/lib/python3.10/site-packages/triton/language/core.py", line 1677, in _shape_check_impl\n    validate_block_shape(shape)\n  File "/home/lijiaxing/.conda/envs/api/lib/python3.10/site-packages/triton/_utils.py", line 52, in validate_block_shape\n    raise ValueError(f"Shape element {i} must be a power of 2")\nValueError: Shape element 0 must be a power of 2\n', 'runtime_error_name': 'triton.compiler.errors.CompilationError', 'reference_timing_ms': 0.489, 'speed_up': -1.0, 'custom_timing': -1.0}, 'runtime': -1.0, 'runtime_stats': {}}}
2025-08-08 03:00:59,569 - openevolve.threaded_parallel - INFO - Checkpoint interval reached at iteration 27
2025-08-08 03:00:59,571 - openevolve.database - INFO - Island Status:
2025-08-08 03:00:59,571 - openevolve.database - INFO -    Island 0: 12 programs, best=10.0000, avg=-9.9167, diversity=288.78, gen=11 (best: d0e84685-6939-4d84-ba44-8b605ce7be9c)
2025-08-08 03:00:59,571 - openevolve.database - INFO -  * Island 1: 4 programs, best=10.0000, avg=-19.7500, diversity=1263.52, gen=10 (best: 3d75fe81-1bfb-41fc-9e8a-54e1475cfda0)
2025-08-08 03:00:59,571 - openevolve.database - INFO -    Island 2: 9 programs, best=10.0000, avg=-26.6667, diversity=973.00, gen=9 (best: 703d04e9-8b83-4a21-92cf-aff03241816c)
2025-08-08 03:00:59,904 - openevolve.database - INFO - Saved database with 25 programs to openevolve_output/level3_44_MiniGPTBlock/checkpoints/checkpoint_27
2025-08-08 03:00:59,925 - openevolve.controller - INFO - Saved best program at checkpoint 27 with metrics: compiled=1.0000, correctness=0.0000, score=10.0000, stage=wrong_answer, verify_payload={'id': 'level3_44_MiniGPTBlock', 'result': {'compiled': True, 'correctness': False, 'metadata': {'hardware': 'NVIDIA L20Y', 'device': 'cuda:4', 'runtime_error': 'Traceback (most recent call last):\n  File "/home/lijiaxing/.conda/envs/api/lib/python3.10/site-packages/triton/language/core.py", line 42, in wrapper\n    return fn(*args, **kwargs)\n  File "/home/lijiaxing/.conda/envs/api/lib/python3.10/site-packages/triton/language/core.py", line 2231, in make_block_ptr\n    return _semantic.make_block_ptr(base, shape, strides, offsets, block_shape, order)\n  File "/home/lijiaxing/.conda/envs/api/lib/python3.10/site-packages/triton/language/semantic.py", line 1838, in make_block_ptr\n    return self.tensor(handle, tl.pointer_type(tl.block_type(base.type.element_ty, block_shape)))\n  File "/home/lijiaxing/.conda/envs/api/lib/python3.10/site-packages/triton/language/core.py", line 726, in __init__\n    self.numel = validate_block_shape(self.shape)\n  File "/home/lijiaxing/.conda/envs/api/lib/python3.10/site-packages/triton/_utils.py", line 52, in validate_block_shape\n    raise ValueError(f"Shape element {i} must be a power of 2")\nValueError: Shape element 1 must be a power of 2\n\nThe above exception was the direct cause of the following exception:\n\nTraceback (most recent call last):\n  File "/cpfs01/shared/llm_kernel/hujiakai/KernelLLM/validation_api_server/helpers/evaluations.py", line 720, in run_and_check_correctness\n    output_new = model_new(*inputs)\n  File "/home/lijiaxing/.conda/envs/api/lib/python3.10/site-packages/torch/nn/modules/module.py", line 1773, in _wrapped_call_impl\n    return self._call_impl(*args, **kwargs)\n  File "/home/lijiaxing/.conda/envs/api/lib/python3.10/site-packages/torch/nn/modules/module.py", line 1784, in _call_impl\n    return forward_call(*args, **kwargs)\n  File "/tmp/tmpqiyjk4km.py", line 166, in forward\n    x = x + self.attn(self.ln_1(x))\n  File "/home/lijiaxing/.conda/envs/api/lib/python3.10/site-packages/torch/nn/modules/module.py", line 1773, in _wrapped_call_impl\n    return self._call_impl(*args, **kwargs)\n  File "/home/lijiaxing/.conda/envs/api/lib/python3.10/site-packages/torch/nn/modules/module.py", line 1784, in _call_impl\n    return forward_call(*args, **kwargs)\n  File "/tmp/tmpqiyjk4km.py", line 132, in forward\n    _fwd_attention_kernel[grid](\n  File "/home/lijiaxing/.conda/envs/api/lib/python3.10/site-packages/triton/runtime/jit.py", line 390, in <lambda>\n    return lambda *args, **kwargs: self.run(grid=grid, warmup=False, *args, **kwargs)\n  File "/home/lijiaxing/.conda/envs/api/lib/python3.10/site-packages/triton/runtime/jit.py", line 594, in run\n    kernel = self.compile(src, target=target, options=options.__dict__)\n  File "/home/lijiaxing/.conda/envs/api/lib/python3.10/site-packages/triton/compiler/compiler.py", line 339, in compile\n    module = src.make_ir(options, codegen_fns, module_map, context)\n  File "/home/lijiaxing/.conda/envs/api/lib/python3.10/site-packages/triton/compiler/compiler.py", line 83, in make_ir\n    return ast_to_ttir(self.fn, self, context=context, options=options, codegen_fns=codegen_fns,\ntriton.compiler.errors.CompilationError: at 18:18:\n    scale, \n    N_CTX,\n    BLOCK_M: tl.constexpr, BLOCK_N: tl.constexpr,\n    BLOCK_DMODEL: tl.constexpr,\n):\n    start_m = tl.program_id(0)\n    off_hz = tl.program_id(1)\n    off_z = off_hz // N_CTX\n    off_h = off_hz % N_CTX\n\n    q_offset = off_z * stride_qz + off_h * stride_qh\n    Q_block_ptr = tl.make_block_ptr(\n                  ^\n\n\nThe above exception was the direct cause of the following exception:\n\nTraceback (most recent call last):\n  File "/home/lijiaxing/.conda/envs/api/lib/python3.10/site-packages/triton/language/core.py", line 42, in wrapper\n    return fn(*args, **kwargs)\n  File "/home/lijiaxing/.conda/envs/api/lib/python3.10/site-packages/triton/language/core.py", line 2231, in make_block_ptr\n    return _semantic.make_block_ptr(base, shape, strides, offsets, block_shape, order)\n  File "/home/lijiaxing/.conda/envs/api/lib/python3.10/site-packages/triton/language/semantic.py", line 1838, in make_block_ptr\n    return self.tensor(handle, tl.pointer_type(tl.block_type(base.type.element_ty, block_shape)))\n  File "/home/lijiaxing/.conda/envs/api/lib/python3.10/site-packages/triton/language/core.py", line 726, in __init__\n    self.numel = validate_block_shape(self.shape)\n  File "/home/lijiaxing/.conda/envs/api/lib/python3.10/site-packages/triton/_utils.py", line 52, in validate_block_shape\n    raise ValueError(f"Shape element {i} must be a power of 2")\nValueError: Shape element 1 must be a power of 2\n', 'runtime_error_name': 'triton.compiler.errors.CompilationError', 'reference_timing_ms': 0.489, 'speed_up': -1.0, 'custom_timing': -1.0}, 'runtime': -1.0, 'runtime_stats': {}}}
2025-08-08 03:00:59,925 - openevolve.controller - INFO - Saved checkpoint at iteration 27 to openevolve_output/level3_44_MiniGPTBlock/checkpoints/checkpoint_27
2025-08-08 03:00:59,925 - openevolve.threaded_parallel - INFO - Evolution completed
2025-08-08 03:00:59,933 - openevolve.threaded_parallel - INFO - Stopped thread pool
2025-08-08 03:00:59,933 - openevolve.threaded_parallel - INFO - Stopped improved parallel controller
2025-08-08 03:00:59,933 - openevolve.controller - INFO - Using tracked best program: d0e84685-6939-4d84-ba44-8b605ce7be9c
2025-08-08 03:00:59,933 - openevolve.controller - INFO - Evolution complete. Best program has metrics: compiled=1.0000, correctness=0.0000, score=10.0000, stage=wrong_answer, verify_payload={'id': 'level3_44_MiniGPTBlock', 'result': {'compiled': True, 'correctness': False, 'metadata': {'hardware': 'NVIDIA L20Y', 'device': 'cuda:4', 'runtime_error': 'Traceback (most recent call last):\n  File "/home/lijiaxing/.conda/envs/api/lib/python3.10/site-packages/triton/language/core.py", line 42, in wrapper\n    return fn(*args, **kwargs)\n  File "/home/lijiaxing/.conda/envs/api/lib/python3.10/site-packages/triton/language/core.py", line 2231, in make_block_ptr\n    return _semantic.make_block_ptr(base, shape, strides, offsets, block_shape, order)\n  File "/home/lijiaxing/.conda/envs/api/lib/python3.10/site-packages/triton/language/semantic.py", line 1838, in make_block_ptr\n    return self.tensor(handle, tl.pointer_type(tl.block_type(base.type.element_ty, block_shape)))\n  File "/home/lijiaxing/.conda/envs/api/lib/python3.10/site-packages/triton/language/core.py", line 726, in __init__\n    self.numel = validate_block_shape(self.shape)\n  File "/home/lijiaxing/.conda/envs/api/lib/python3.10/site-packages/triton/_utils.py", line 52, in validate_block_shape\n    raise ValueError(f"Shape element {i} must be a power of 2")\nValueError: Shape element 1 must be a power of 2\n\nThe above exception was the direct cause of the following exception:\n\nTraceback (most recent call last):\n  File "/cpfs01/shared/llm_kernel/hujiakai/KernelLLM/validation_api_server/helpers/evaluations.py", line 720, in run_and_check_correctness\n    output_new = model_new(*inputs)\n  File "/home/lijiaxing/.conda/envs/api/lib/python3.10/site-packages/torch/nn/modules/module.py", line 1773, in _wrapped_call_impl\n    return self._call_impl(*args, **kwargs)\n  File "/home/lijiaxing/.conda/envs/api/lib/python3.10/site-packages/torch/nn/modules/module.py", line 1784, in _call_impl\n    return forward_call(*args, **kwargs)\n  File "/tmp/tmpqiyjk4km.py", line 166, in forward\n    x = x + self.attn(self.ln_1(x))\n  File "/home/lijiaxing/.conda/envs/api/lib/python3.10/site-packages/torch/nn/modules/module.py", line 1773, in _wrapped_call_impl\n    return self._call_impl(*args, **kwargs)\n  File "/home/lijiaxing/.conda/envs/api/lib/python3.10/site-packages/torch/nn/modules/module.py", line 1784, in _call_impl\n    return forward_call(*args, **kwargs)\n  File "/tmp/tmpqiyjk4km.py", line 132, in forward\n    _fwd_attention_kernel[grid](\n  File "/home/lijiaxing/.conda/envs/api/lib/python3.10/site-packages/triton/runtime/jit.py", line 390, in <lambda>\n    return lambda *args, **kwargs: self.run(grid=grid, warmup=False, *args, **kwargs)\n  File "/home/lijiaxing/.conda/envs/api/lib/python3.10/site-packages/triton/runtime/jit.py", line 594, in run\n    kernel = self.compile(src, target=target, options=options.__dict__)\n  File "/home/lijiaxing/.conda/envs/api/lib/python3.10/site-packages/triton/compiler/compiler.py", line 339, in compile\n    module = src.make_ir(options, codegen_fns, module_map, context)\n  File "/home/lijiaxing/.conda/envs/api/lib/python3.10/site-packages/triton/compiler/compiler.py", line 83, in make_ir\n    return ast_to_ttir(self.fn, self, context=context, options=options, codegen_fns=codegen_fns,\ntriton.compiler.errors.CompilationError: at 18:18:\n    scale, \n    N_CTX,\n    BLOCK_M: tl.constexpr, BLOCK_N: tl.constexpr,\n    BLOCK_DMODEL: tl.constexpr,\n):\n    start_m = tl.program_id(0)\n    off_hz = tl.program_id(1)\n    off_z = off_hz // N_CTX\n    off_h = off_hz % N_CTX\n\n    q_offset = off_z * stride_qz + off_h * stride_qh\n    Q_block_ptr = tl.make_block_ptr(\n                  ^\n\n\nThe above exception was the direct cause of the following exception:\n\nTraceback (most recent call last):\n  File "/home/lijiaxing/.conda/envs/api/lib/python3.10/site-packages/triton/language/core.py", line 42, in wrapper\n    return fn(*args, **kwargs)\n  File "/home/lijiaxing/.conda/envs/api/lib/python3.10/site-packages/triton/language/core.py", line 2231, in make_block_ptr\n    return _semantic.make_block_ptr(base, shape, strides, offsets, block_shape, order)\n  File "/home/lijiaxing/.conda/envs/api/lib/python3.10/site-packages/triton/language/semantic.py", line 1838, in make_block_ptr\n    return self.tensor(handle, tl.pointer_type(tl.block_type(base.type.element_ty, block_shape)))\n  File "/home/lijiaxing/.conda/envs/api/lib/python3.10/site-packages/triton/language/core.py", line 726, in __init__\n    self.numel = validate_block_shape(self.shape)\n  File "/home/lijiaxing/.conda/envs/api/lib/python3.10/site-packages/triton/_utils.py", line 52, in validate_block_shape\n    raise ValueError(f"Shape element {i} must be a power of 2")\nValueError: Shape element 1 must be a power of 2\n', 'runtime_error_name': 'triton.compiler.errors.CompilationError', 'reference_timing_ms': 0.489, 'speed_up': -1.0, 'custom_timing': -1.0}, 'runtime': -1.0, 'runtime_stats': {}}}
2025-08-08 03:00:59,956 - openevolve.controller - INFO - Saved best program to openevolve_output/level3_44_MiniGPTBlock/best/best_program.py with program info to openevolve_output/level3_44_MiniGPTBlock/best/best_program_info.json
2025-08-08 03:00:59,957 - __main__ - INFO - âœ… å®Œæˆ level3_44_MiniGPTBlock
2025-08-08 03:00:59,957 - __main__ - INFO - ======================================================================
2025-08-08 03:00:59,957 - __main__ - INFO - ðŸš€ [6/6] å¼€å§‹ level4_7_gpt2_bs32_seq256
2025-08-08 03:00:59,957 - __main__ - INFO - ======================================================================
2025-08-08 03:01:00,009 - openevolve.controller - INFO - Logging to openevolve_output/level4_7_gpt2_bs32_seq256/logs/openevolve_20250808_030100.log
2025-08-08 03:01:00,009 - openevolve.controller - INFO - Set random seed to 42 for reproducibility
2025-08-08 03:01:00,048 - openevolve.llm.ensemble - INFO - Initialized LLM ensemble with models: deepseek (weight: 0.80), deepseek (weight: 0.20)
2025-08-08 03:01:00,086 - openevolve.llm.ensemble - INFO - Initialized LLM ensemble with models: deepseek (weight: 0.80), deepseek (weight: 0.20)
2025-08-08 03:01:00,086 - openevolve.prompt.sampler - INFO - Set custom templates: system=evaluator_system_message, user=None
2025-08-08 03:01:00,087 - openevolve.database - INFO - Initialized program database with 0 programs
2025-08-08 03:01:00,109 - openevolve.evaluator - INFO - Successfully loaded evaluation function from openevolve_output/level4_7_gpt2_bs32_seq256/evaluation.py
2025-08-08 03:01:00,110 - openevolve.evaluator - INFO - Initialized evaluator with openevolve_output/level4_7_gpt2_bs32_seq256/evaluation.py
2025-08-08 03:01:00,110 - openevolve.controller - INFO - Initialized OpenEvolve with /tmp/b0c174920a1a0477dd6ad52daf6d5c34.py
2025-08-08 03:01:00,110 - openevolve.controller - INFO - Adding initial program to database
2025-08-08 03:01:00,111 - openevolve.RemoteSpeedupEvaluator - INFO - [level4_7_gpt2_bs32_seq256] verify_plus payload: reference_code(703 chars) + custom_code(824 chars)
2025-08-08 03:01:02,355 - openevolve.RemoteSpeedupEvaluator - INFO - [level4_7_gpt2_bs32_seq256] verify_plus request success
2025-08-08 03:01:02,356 - openevolve.RemoteSpeedupEvaluator - INFO - [level4_7_gpt2_bs32_seq256] verify_plus response: {"id":"level4_7_gpt2_bs32_seq256","result":{"error":"No module named 'transformers'\nTraceback (most recent call last):\n  File \"/cpfs01/shared/llm_kernel/hujiakai/KernelLLM/validation_api_server/evaluator.py\", line 92, in _measure_perf_worker\n    exec(textwrap.dedent(code_src), temp_module.__dict__)\n  File \"<string>\", line 3, in <module>\nModuleNotFoundError: No module named 'transformers'\n"}}
2025-08-08 03:01:02,356 - openevolve.evaluator - WARNING - Evaluation attempt 1/4 failed for program ef16a897-ccd3-4489-8389-1444735f8d62: Error: The reference code is not valid or correct. The verify result is: {'error': 'No module named \'transformers\'\nTraceback (most recent call last):\n  File "/cpfs01/shared/llm_kernel/hujiakai/KernelLLM/validation_api_server/evaluator.py", line 92, in _measure_perf_worker\n    exec(textwrap.dedent(code_src), temp_module.__dict__)\n  File "<string>", line 3, in <module>\nModuleNotFoundError: No module named \'transformers\'\n'}
2025-08-08 03:01:03,363 - openevolve.RemoteSpeedupEvaluator - INFO - [level4_7_gpt2_bs32_seq256] verify_plus payload: reference_code(703 chars) + custom_code(824 chars)
2025-08-08 03:01:05,847 - openevolve.RemoteSpeedupEvaluator - INFO - [level4_7_gpt2_bs32_seq256] verify_plus request success
2025-08-08 03:01:05,847 - openevolve.RemoteSpeedupEvaluator - INFO - [level4_7_gpt2_bs32_seq256] verify_plus response: {"id":"level4_7_gpt2_bs32_seq256","result":{"error":"No module named 'transformers'\nTraceback (most recent call last):\n  File \"/cpfs01/shared/llm_kernel/hujiakai/KernelLLM/validation_api_server/evaluator.py\", line 92, in _measure_perf_worker\n    exec(textwrap.dedent(code_src), temp_module.__dict__)\n  File \"<string>\", line 3, in <module>\nModuleNotFoundError: No module named 'transformers'\n"}}
2025-08-08 03:01:05,847 - openevolve.evaluator - WARNING - Evaluation attempt 2/4 failed for program ef16a897-ccd3-4489-8389-1444735f8d62: Error: The reference code is not valid or correct. The verify result is: {'error': 'No module named \'transformers\'\nTraceback (most recent call last):\n  File "/cpfs01/shared/llm_kernel/hujiakai/KernelLLM/validation_api_server/evaluator.py", line 92, in _measure_perf_worker\n    exec(textwrap.dedent(code_src), temp_module.__dict__)\n  File "<string>", line 3, in <module>\nModuleNotFoundError: No module named \'transformers\'\n'}
2025-08-08 03:01:06,850 - openevolve.RemoteSpeedupEvaluator - INFO - [level4_7_gpt2_bs32_seq256] verify_plus payload: reference_code(703 chars) + custom_code(824 chars)
2025-08-08 03:01:09,198 - openevolve.RemoteSpeedupEvaluator - INFO - [level4_7_gpt2_bs32_seq256] verify_plus request success
2025-08-08 03:01:09,199 - openevolve.RemoteSpeedupEvaluator - INFO - [level4_7_gpt2_bs32_seq256] verify_plus response: {"id":"level4_7_gpt2_bs32_seq256","result":{"error":"No module named 'transformers'\nTraceback (most recent call last):\n  File \"/cpfs01/shared/llm_kernel/hujiakai/KernelLLM/validation_api_server/evaluator.py\", line 92, in _measure_perf_worker\n    exec(textwrap.dedent(code_src), temp_module.__dict__)\n  File \"<string>\", line 3, in <module>\nModuleNotFoundError: No module named 'transformers'\n"}}
2025-08-08 03:01:09,199 - openevolve.evaluator - WARNING - Evaluation attempt 3/4 failed for program ef16a897-ccd3-4489-8389-1444735f8d62: Error: The reference code is not valid or correct. The verify result is: {'error': 'No module named \'transformers\'\nTraceback (most recent call last):\n  File "/cpfs01/shared/llm_kernel/hujiakai/KernelLLM/validation_api_server/evaluator.py", line 92, in _measure_perf_worker\n    exec(textwrap.dedent(code_src), temp_module.__dict__)\n  File "<string>", line 3, in <module>\nModuleNotFoundError: No module named \'transformers\'\n'}
2025-08-08 03:01:10,202 - openevolve.RemoteSpeedupEvaluator - INFO - [level4_7_gpt2_bs32_seq256] verify_plus payload: reference_code(703 chars) + custom_code(824 chars)
2025-08-08 03:01:12,743 - openevolve.RemoteSpeedupEvaluator - INFO - [level4_7_gpt2_bs32_seq256] verify_plus request success
2025-08-08 03:01:12,743 - openevolve.RemoteSpeedupEvaluator - INFO - [level4_7_gpt2_bs32_seq256] verify_plus response: {"id":"level4_7_gpt2_bs32_seq256","result":{"error":"No module named 'transformers'\nTraceback (most recent call last):\n  File \"/cpfs01/shared/llm_kernel/hujiakai/KernelLLM/validation_api_server/evaluator.py\", line 92, in _measure_perf_worker\n    exec(textwrap.dedent(code_src), temp_module.__dict__)\n  File \"<string>\", line 3, in <module>\nModuleNotFoundError: No module named 'transformers'\n"}}
2025-08-08 03:01:12,743 - openevolve.evaluator - WARNING - Evaluation attempt 4/4 failed for program ef16a897-ccd3-4489-8389-1444735f8d62: Error: The reference code is not valid or correct. The verify result is: {'error': 'No module named \'transformers\'\nTraceback (most recent call last):\n  File "/cpfs01/shared/llm_kernel/hujiakai/KernelLLM/validation_api_server/evaluator.py", line 92, in _measure_perf_worker\n    exec(textwrap.dedent(code_src), temp_module.__dict__)\n  File "<string>", line 3, in <module>\nModuleNotFoundError: No module named \'transformers\'\n'}
2025-08-08 03:01:12,744 - openevolve.evaluator - ERROR - All evaluation attempts failed for program ef16a897-ccd3-4489-8389-1444735f8d62. Last error: Error: The reference code is not valid or correct. The verify result is: {'error': 'No module named \'transformers\'\nTraceback (most recent call last):\n  File "/cpfs01/shared/llm_kernel/hujiakai/KernelLLM/validation_api_server/evaluator.py", line 92, in _measure_perf_worker\n    exec(textwrap.dedent(code_src), temp_module.__dict__)\n  File "<string>", line 3, in <module>\nModuleNotFoundError: No module named \'transformers\'\n'}
2025-08-08 03:01:12,744 - __main__ - ERROR - ðŸ’¥ å¤±è´¥ level4_7_gpt2_bs32_seq256: 'score'
2025-08-08 03:01:12,745 - __main__ - INFO - ----------------------------------------------------------------------
2025-08-08 03:01:12,745 - __main__ - INFO - ðŸ“Š è¿›ç¨‹ rank=17 ç»“æŸ | æˆåŠŸ 5 | å¤±è´¥ 1
2025-08-08 03:01:12,745 - __main__ - INFO - ----------------------------------------------------------------------
