{"id": "eebbce06-c81c-4e85-b17e-4ce60882adf9", "code": "@triton.jit\ndef cumprod_kernel(\n    x_ptr,\n    output_ptr,\n    stride,\n    n_cols,\n    BLOCK_SIZE: tl.constexpr,\n):\n    pid = tl.program_id(0)\n    row_start = pid * stride\n    carry = 1.0\n    for start in range(0, n_cols, BLOCK_SIZE):\n        offsets = row_start + start + tl.arange(0, BLOCK_SIZE)\n        mask = (start + tl.arange(0, BLOCK_SIZE)) < n_cols\n        data = tl.load(x_ptr + offsets, mask=mask, other=1.0)\n        \n        # Sequential cumulative product within the chunk\n        for i in range(BLOCK_SIZE):\n            if mask[i]:\n                carry *= data[i]\n                data = tl.where(tl.arange(0, BLOCK_SIZE) == i, carry, data)\n        \n        tl.store(output_ptr + offsets, data, mask=mask)", "language": "python", "parent_id": "3de78651-bb00-4aee-b16d-eb527eb7d944", "generation": 2, "timestamp": 1754648538.4737089, "iteration_found": 5, "metrics": {"compiled": false, "correctness": false, "score": -100.0, "stage": "no_valid_triton_code", "feedback": "You need to generate real and valid triton code for the core function. The key word 'import triton' is not found."}, "complexity": 0.0, "diversity": 0.0, "metadata": {"changes": "Full rewrite", "parent_metrics": {"compiled": true, "correctness": false, "score": 10, "stage": "wrong_answer", "verify_payload": {"id": "level1_90_cumprod", "result": {"compiled": true, "correctness": false, "metadata": {"hardware": "NVIDIA L20Y", "device": "cuda:0", "runtime_error": "Traceback (most recent call last):\n  File \"/cpfs01/shared/llm_kernel/hujiakai/KernelLLM/validation_api_server/helpers/evaluations.py\", line 720, in run_and_check_correctness\n    output_new = model_new(*inputs)\n  File \"/home/lijiaxing/.conda/envs/api/lib/python3.10/site-packages/torch/nn/modules/module.py\", line 1773, in _wrapped_call_impl\n    return self._call_impl(*args, **kwargs)\n  File \"/home/lijiaxing/.conda/envs/api/lib/python3.10/site-packages/torch/nn/modules/module.py\", line 1784, in _call_impl\n    return forward_call(*args, **kwargs)\n  File \"/tmp/tmpmakppef9.py\", line 44, in forward\n    cumprod_kernel[grid](x, output, x.stride(0), n_cols, BLOCK_SIZE=BLOCK_SIZE)\n  File \"/home/lijiaxing/.conda/envs/api/lib/python3.10/site-packages/triton/runtime/jit.py\", line 390, in <lambda>\n    return lambda *args, **kwargs: self.run(grid=grid, warmup=False, *args, **kwargs)\n  File \"/home/lijiaxing/.conda/envs/api/lib/python3.10/site-packages/triton/runtime/jit.py\", line 594, in run\n    kernel = self.compile(src, target=target, options=options.__dict__)\n  File \"/home/lijiaxing/.conda/envs/api/lib/python3.10/site-packages/triton/compiler/compiler.py\", line 339, in compile\n    module = src.make_ir(options, codegen_fns, module_map, context)\n  File \"/home/lijiaxing/.conda/envs/api/lib/python3.10/site-packages/triton/compiler/compiler.py\", line 83, in make_ir\n    return ast_to_ttir(self.fn, self, context=context, options=options, codegen_fns=codegen_fns,\ntriton.compiler.errors.CompilationError: at 18:15:\n):\n    pid = tl.program_id(0)\n    row_start = pid * stride\n    carry = 1.0\n    for start in range(0, n_cols, BLOCK_SIZE):\n        offsets = row_start + start + tl.arange(0, BLOCK_SIZE)\n        mask = (start + tl.arange(0, BLOCK_SIZE)) < n_cols\n        data = tl.load(x_ptr + offsets, mask=mask, other=1.0)\n\n        # Sequential cumulative product within the chunk\n        for i in range(BLOCK_SIZE):\n            if mask[i]:\n               ^\nValueError('Did you forget to add @triton.jit ? (`_semantic` argument must be provided outside of JIT functions.)')\n\n\nThe above exception was the direct cause of the following exception:\n\nTraceback (most recent call last):\n  File \"/home/lijiaxing/.conda/envs/api/lib/python3.10/site-packages/triton/language/core.py\", line 42, in wrapper\n    return fn(*args, **kwargs)\n  File \"/home/lijiaxing/.conda/envs/api/lib/python3.10/site-packages/triton/language/core.py\", line 1111, in __getitem__\n    for dim, sl in enumerate(slices):\n  File \"/home/lijiaxing/.conda/envs/api/lib/python3.10/site-packages/triton/language/core.py\", line 40, in wrapper\n    raise ValueError(\"Did you forget to add @triton.jit ? \"\nValueError: Did you forget to add @triton.jit ? (`_semantic` argument must be provided outside of JIT functions.)\n", "runtime_error_name": "triton.compiler.errors.CompilationError", "reference_timing_ms": 0.016, "speed_up": -1.0, "custom_timing": -1.0}, "runtime": -1.0, "runtime_stats": {}}}}, "island": 1}, "artifacts_json": null, "artifact_dir": null}