2025-08-08 02:25:48,860 - openevolve.controller - INFO - Logging to openevolve_output/level3_3_DeepNarrowMLP/logs/openevolve_20250808_022548.log
2025-08-08 02:25:48,860 - openevolve.controller - INFO - Set random seed to 42 for reproducibility
2025-08-08 02:25:48,900 - openevolve.llm.ensemble - INFO - Initialized LLM ensemble with models: deepseek (weight: 0.80), deepseek (weight: 0.20)
2025-08-08 02:25:48,940 - openevolve.llm.ensemble - INFO - Initialized LLM ensemble with models: deepseek (weight: 0.80), deepseek (weight: 0.20)
2025-08-08 02:25:48,940 - openevolve.prompt.sampler - INFO - Set custom templates: system=evaluator_system_message, user=None
2025-08-08 02:25:48,940 - openevolve.database - INFO - Initialized program database with 0 programs
2025-08-08 02:25:48,963 - openevolve.evaluator - INFO - Successfully loaded evaluation function from openevolve_output/level3_3_DeepNarrowMLP/evaluation.py
2025-08-08 02:25:48,963 - openevolve.evaluator - INFO - Initialized evaluator with openevolve_output/level3_3_DeepNarrowMLP/evaluation.py
2025-08-08 02:25:48,963 - openevolve.controller - INFO - Initialized OpenEvolve with /tmp/b93c1100e5b749e418c671c31dba757e.py
2025-08-08 02:25:48,963 - openevolve.controller - INFO - Adding initial program to database
2025-08-08 02:25:48,964 - openevolve.RemoteSpeedupEvaluator - INFO - [level3_3_DeepNarrowMLP] verify_plus payload: reference_code(1359 chars) + custom_code(1483 chars)
2025-08-08 02:25:54,561 - openevolve.RemoteSpeedupEvaluator - INFO - [level3_3_DeepNarrowMLP] verify_plus request success
2025-08-08 02:25:54,561 - openevolve.RemoteSpeedupEvaluator - INFO - [level3_3_DeepNarrowMLP] verify_plus response: {"id":"level3_3_DeepNarrowMLP","result":{"compiled":true,"correctness":true,"metadata":{"hardware":"NVIDIA L20Y","device":"cuda:7","correctness_trials":"(5 / 5)","reference_timing_ms":0.227,"speed_up":1.061,"custom_timing":0.214},"runtime":0.214,"runtime_stats":{"mean":0.214,"std":0.00914,"min":0.204,"max":0.253,"num_trials":100,"hardware":"NVIDIA L20Y","device":"cuda:7"}}}
2025-08-08 02:25:54,562 - openevolve.evaluator - INFO - Evaluated program 307c9c85-212d-4505-8a62-5fbac219aa35 in 5.60s: compiled=1.0000, correctness=1.0000, stage=reference code, passed=0.0000, score=0.0000, speed_up=1.0000, runtime_ms=0.2140, meta={'hardware': 'NVIDIA L20Y', 'device': 'cuda:7', 'correctness_trials': '(5 / 5)', 'reference_timing_ms': 0.227, 'speed_up': 1.061, 'custom_timing': 0.214}
2025-08-08 02:25:54,562 - openevolve.database - INFO - New MAP-Elites cell occupied: {'score': 0, 'complexity': 1}
2025-08-08 02:25:54,576 - openevolve.threaded_parallel - INFO - Initializing threaded evaluation pool with 3 workers
2025-08-08 02:25:54,577 - openevolve.threaded_parallel - INFO - Started thread pool with 3 threads
2025-08-08 02:25:54,578 - openevolve.threaded_parallel - INFO - Started improved parallel controller
2025-08-08 02:25:54,578 - openevolve.controller - INFO - Using island-based evolution with 3 islands
2025-08-08 02:25:54,578 - openevolve.database - INFO - Island Status:
2025-08-08 02:25:54,578 - openevolve.database - INFO -  * Island 0: 1 programs, best=0.0000, avg=0.0000, diversity=0.00, gen=0 (best: 307c9c85-212d-4505-8a62-5fbac219aa35)
2025-08-08 02:25:54,578 - openevolve.database - INFO -    Island 1: 0 programs, best=0.0000, avg=0.0000, diversity=0.00, gen=0
2025-08-08 02:25:54,578 - openevolve.database - INFO -    Island 2: 0 programs, best=0.0000, avg=0.0000, diversity=0.00, gen=0
2025-08-08 02:25:54,578 - openevolve.threaded_parallel - INFO - Starting improved parallel evolution from iteration 0 for 30 iterations (total: 30)
2025-08-08 02:25:54,708 - openevolve.llm.ensemble - INFO - Initialized LLM ensemble with models: deepseek (weight: 0.80), deepseek (weight: 0.20)
2025-08-08 02:25:54,711 - openevolve.llm.ensemble - INFO - Initialized LLM ensemble with models: deepseek (weight: 0.80), deepseek (weight: 0.20)
2025-08-08 02:25:54,716 - openevolve.llm.ensemble - INFO - Initialized LLM ensemble with models: deepseek (weight: 0.80), deepseek (weight: 0.20)
2025-08-08 02:25:54,871 - openevolve.llm.ensemble - INFO - Initialized LLM ensemble with models: deepseek (weight: 0.80), deepseek (weight: 0.20)
2025-08-08 02:25:54,871 - openevolve.prompt.sampler - INFO - Set custom templates: system=evaluator_system_message, user=None
2025-08-08 02:25:54,874 - openevolve.evaluator - INFO - Successfully loaded evaluation function from openevolve_output/level3_3_DeepNarrowMLP/evaluation.py
2025-08-08 02:25:54,874 - openevolve.evaluator - INFO - Initialized evaluator with openevolve_output/level3_3_DeepNarrowMLP/evaluation.py
2025-08-08 02:25:54,876 - openevolve.llm.ensemble - INFO - Sampled model: deepseek
2025-08-08 02:25:54,879 - openevolve.llm.ensemble - INFO - Initialized LLM ensemble with models: deepseek (weight: 0.80), deepseek (weight: 0.20)
2025-08-08 02:25:54,880 - openevolve.prompt.sampler - INFO - Set custom templates: system=evaluator_system_message, user=None
2025-08-08 02:25:54,881 - openevolve.evaluator - INFO - Successfully loaded evaluation function from openevolve_output/level3_3_DeepNarrowMLP/evaluation.py
2025-08-08 02:25:54,882 - openevolve.evaluator - INFO - Initialized evaluator with openevolve_output/level3_3_DeepNarrowMLP/evaluation.py
2025-08-08 02:25:54,882 - openevolve.llm.ensemble - INFO - Initialized LLM ensemble with models: deepseek (weight: 0.80), deepseek (weight: 0.20)
2025-08-08 02:25:54,882 - openevolve.prompt.sampler - INFO - Set custom templates: system=evaluator_system_message, user=None
2025-08-08 02:25:54,883 - openevolve.llm.ensemble - INFO - Sampled model: deepseek
2025-08-08 02:25:54,884 - openevolve.evaluator - INFO - Successfully loaded evaluation function from openevolve_output/level3_3_DeepNarrowMLP/evaluation.py
2025-08-08 02:25:54,884 - openevolve.evaluator - INFO - Initialized evaluator with openevolve_output/level3_3_DeepNarrowMLP/evaluation.py
2025-08-08 02:25:54,886 - openevolve.llm.ensemble - INFO - Sampled model: deepseek
2025-08-08 02:37:52,703 - openevolve.RemoteSpeedupEvaluator - INFO - [level3_3_DeepNarrowMLP] triton key words check pass
2025-08-08 02:37:52,705 - openevolve.RemoteSpeedupEvaluator - INFO - [level3_3_DeepNarrowMLP] verify_plus payload: reference_code(1359 chars) + custom_code(4805 chars)
2025-08-08 02:37:56,312 - openevolve.RemoteSpeedupEvaluator - INFO - [level3_3_DeepNarrowMLP] verify_plus request success
2025-08-08 02:37:56,312 - openevolve.RemoteSpeedupEvaluator - INFO - [level3_3_DeepNarrowMLP] verify_plus response: {"id":"level3_3_DeepNarrowMLP","result":{"compiled":true,"correctness":true,"metadata":{"hardware":"NVIDIA L20Y","device":"cuda:4","correctness_trials":"(5 / 5)","reference_timing_ms":0.227,"speed_up":0.796,"custom_timing":0.285},"runtime":0.285,"runtime_stats":{"mean":0.285,"std":0.0106,"min":0.266,"max":0.315,"num_trials":100,"hardware":"NVIDIA L20Y","device":"cuda:4"}}}
2025-08-08 02:37:56,312 - openevolve.RemoteSpeedupEvaluator - INFO - [level3_3_DeepNarrowMLP] âœ” success | speed_up=0.796  score=20.00
2025-08-08 02:37:56,313 - openevolve.evaluator - INFO - Evaluated program 31b6dc6e-a421-4409-bd93-57bbfbae3529 in 3.61s: compiled=1.0000, correctness=1.0000, stage=success, passed=0.0000, score=20.0000, speed_up=0.7960, runtime_ms=0.2850, meta={'hardware': 'NVIDIA L20Y', 'device': 'cuda:4', 'correctness_trials': '(5 / 5)', 'reference_timing_ms': 0.227, 'speed_up': 0.796, 'custom_timing': 0.285}
2025-08-08 02:37:56,315 - openevolve.llm.ensemble - INFO - Sampled model: deepseek
2025-08-08 02:37:56,321 - openevolve.database - INFO - New MAP-Elites cell occupied: {'score': 9, 'complexity': 9}
2025-08-08 02:37:56,321 - openevolve.database - INFO - New best program 31b6dc6e-a421-4409-bd93-57bbfbae3529 replaces 307c9c85-212d-4505-8a62-5fbac219aa35
2025-08-08 02:37:56,336 - openevolve.threaded_parallel - INFO - Iteration 1: Program 31b6dc6e-a421-4409-bd93-57bbfbae3529 (parent: 307c9c85-212d-4505-8a62-5fbac219aa35) completed in 721.43s
2025-08-08 02:37:56,336 - openevolve.threaded_parallel - INFO - Metrics: compiled=1.0000, correctness=1.0000, stage=success, passed=0.0000, score=20.0000, speed_up=0.7960, runtime_ms=0.2850, meta={'hardware': 'NVIDIA L20Y', 'device': 'cuda:4', 'correctness_trials': '(5 / 5)', 'reference_timing_ms': 0.227, 'speed_up': 0.796, 'custom_timing': 0.285}
2025-08-08 02:37:56,336 - openevolve.threaded_parallel - INFO - ðŸŒŸ New best solution found at iteration 1: 31b6dc6e-a421-4409-bd93-57bbfbae3529
2025-08-08 02:39:33,772 - openevolve.RemoteSpeedupEvaluator - INFO - [level3_3_DeepNarrowMLP] triton key words check pass
2025-08-08 02:39:33,774 - openevolve.RemoteSpeedupEvaluator - INFO - [level3_3_DeepNarrowMLP] verify_plus payload: reference_code(1359 chars) + custom_code(3021 chars)
2025-08-08 02:39:36,912 - openevolve.RemoteSpeedupEvaluator - INFO - [level3_3_DeepNarrowMLP] verify_plus request success
2025-08-08 02:39:36,912 - openevolve.RemoteSpeedupEvaluator - INFO - [level3_3_DeepNarrowMLP] verify_plus response: {"id":"level3_3_DeepNarrowMLP","result":{"compiled":true,"correctness":true,"metadata":{"hardware":"NVIDIA L20Y","device":"cuda:1","correctness_trials":"(5 / 5)","reference_timing_ms":0.227,"speed_up":0.605,"custom_timing":0.375},"runtime":0.375,"runtime_stats":{"mean":0.375,"std":0.00635,"min":0.363,"max":0.393,"num_trials":100,"hardware":"NVIDIA L20Y","device":"cuda:1"}}}
2025-08-08 02:39:36,912 - openevolve.RemoteSpeedupEvaluator - INFO - [level3_3_DeepNarrowMLP] âœ” success | speed_up=0.605  score=20.00
2025-08-08 02:39:36,913 - openevolve.evaluator - INFO - Evaluated program 704f9ff1-4f9f-4384-91ca-3c9f007ddd0a in 3.14s: compiled=1.0000, correctness=1.0000, stage=success, passed=0.0000, score=20.0000, speed_up=0.6050, runtime_ms=0.3750, meta={'hardware': 'NVIDIA L20Y', 'device': 'cuda:1', 'correctness_trials': '(5 / 5)', 'reference_timing_ms': 0.227, 'speed_up': 0.605, 'custom_timing': 0.375}
2025-08-08 02:39:36,916 - openevolve.llm.ensemble - INFO - Sampled model: deepseek
2025-08-08 02:39:36,922 - openevolve.database - INFO - New MAP-Elites cell occupied: {'score': 9, 'complexity': 4}
2025-08-08 02:39:36,936 - openevolve.threaded_parallel - INFO - Iteration 0: Program 704f9ff1-4f9f-4384-91ca-3c9f007ddd0a (parent: 307c9c85-212d-4505-8a62-5fbac219aa35) completed in 822.03s
2025-08-08 02:39:36,936 - openevolve.threaded_parallel - INFO - Metrics: compiled=1.0000, correctness=1.0000, stage=success, passed=0.0000, score=20.0000, speed_up=0.6050, runtime_ms=0.3750, meta={'hardware': 'NVIDIA L20Y', 'device': 'cuda:1', 'correctness_trials': '(5 / 5)', 'reference_timing_ms': 0.227, 'speed_up': 0.605, 'custom_timing': 0.375}
2025-08-08 02:39:36,936 - openevolve.threaded_parallel - INFO - Checkpoint interval reached at iteration 0
2025-08-08 02:39:36,936 - openevolve.database - INFO - Island Status:
2025-08-08 02:39:36,936 - openevolve.database - INFO -  * Island 0: 3 programs, best=20.0000, avg=13.3333, diversity=968.00, gen=2 (best: 31b6dc6e-a421-4409-bd93-57bbfbae3529)
2025-08-08 02:39:36,936 - openevolve.database - INFO -    Island 1: 0 programs, best=0.0000, avg=0.0000, diversity=0.00, gen=0
2025-08-08 02:39:36,936 - openevolve.database - INFO -    Island 2: 0 programs, best=0.0000, avg=0.0000, diversity=0.00, gen=0
2025-08-08 02:39:36,997 - openevolve.database - INFO - Saved database with 3 programs to openevolve_output/level3_3_DeepNarrowMLP/checkpoints/checkpoint_0
2025-08-08 02:39:37,013 - openevolve.controller - INFO - Saved best program at checkpoint 0 with metrics: compiled=1.0000, correctness=1.0000, stage=success, passed=0.0000, score=20.0000, speed_up=0.7960, runtime_ms=0.2850, meta={'hardware': 'NVIDIA L20Y', 'device': 'cuda:4', 'correctness_trials': '(5 / 5)', 'reference_timing_ms': 0.227, 'speed_up': 0.796, 'custom_timing': 0.285}
2025-08-08 02:39:37,014 - openevolve.controller - INFO - Saved checkpoint at iteration 0 to openevolve_output/level3_3_DeepNarrowMLP/checkpoints/checkpoint_0
2025-08-08 02:41:44,257 - openevolve.RemoteSpeedupEvaluator - INFO - [level3_3_DeepNarrowMLP] triton key words check pass
2025-08-08 02:41:44,259 - openevolve.RemoteSpeedupEvaluator - INFO - [level3_3_DeepNarrowMLP] verify_plus payload: reference_code(1359 chars) + custom_code(3500 chars)
2025-08-08 02:41:47,879 - openevolve.RemoteSpeedupEvaluator - INFO - [level3_3_DeepNarrowMLP] verify_plus request success
2025-08-08 02:41:47,879 - openevolve.RemoteSpeedupEvaluator - INFO - [level3_3_DeepNarrowMLP] verify_plus response: {"id":"level3_3_DeepNarrowMLP","result":{"compiled":true,"correctness":false,"metadata":{"hardware":"NVIDIA L20Y","device":"cuda:3","max_difference":["0.121092","0.121147","0.120884","0.120981","0.121074"],"avg_difference":["0.060644","0.060793","0.060580","0.060757","0.060719"],"correctness_issue":"Output mismatch","correctness_trials":"(0 / 5)","reference_timing_ms":0.227,"speed_up":-1.0,"custom_timing":-1.0},"runtime":-1.0,"runtime_stats":{}}}
2025-08-08 02:41:47,880 - openevolve.RemoteSpeedupEvaluator - INFO - [level3_3_DeepNarrowMLP] âœ˜ wrong_answer
2025-08-08 02:41:47,880 - openevolve.evaluator - INFO - Evaluated program 32e1721d-b873-4d84-be53-d522f53438f0 in 3.62s: compiled=1.0000, correctness=0.0000, score=10.0000, stage=wrong_answer, verify_payload={'id': 'level3_3_DeepNarrowMLP', 'result': {'compiled': True, 'correctness': False, 'metadata': {'hardware': 'NVIDIA L20Y', 'device': 'cuda:3', 'max_difference': ['0.121092', '0.121147', '0.120884', '0.120981', '0.121074'], 'avg_difference': ['0.060644', '0.060793', '0.060580', '0.060757', '0.060719'], 'correctness_issue': 'Output mismatch', 'correctness_trials': '(0 / 5)', 'reference_timing_ms': 0.227, 'speed_up': -1.0, 'custom_timing': -1.0}, 'runtime': -1.0, 'runtime_stats': {}}}
2025-08-08 02:41:47,882 - openevolve.database - INFO - New MAP-Elites cell occupied: {'score': 9, 'complexity': 6}
2025-08-08 02:41:47,883 - openevolve.llm.ensemble - INFO - Sampled model: deepseek
2025-08-08 02:41:47,895 - openevolve.threaded_parallel - INFO - Iteration 2: Program 32e1721d-b873-4d84-be53-d522f53438f0 (parent: 307c9c85-212d-4505-8a62-5fbac219aa35) completed in 953.00s
2025-08-08 02:41:47,895 - openevolve.threaded_parallel - INFO - Metrics: compiled=1.0000, correctness=0.0000, score=10.0000, stage=wrong_answer, verify_payload={'id': 'level3_3_DeepNarrowMLP', 'result': {'compiled': True, 'correctness': False, 'metadata': {'hardware': 'NVIDIA L20Y', 'device': 'cuda:3', 'max_difference': ['0.121092', '0.121147', '0.120884', '0.120981', '0.121074'], 'avg_difference': ['0.060644', '0.060793', '0.060580', '0.060757', '0.060719'], 'correctness_issue': 'Output mismatch', 'correctness_trials': '(0 / 5)', 'reference_timing_ms': 0.227, 'speed_up': -1.0, 'custom_timing': -1.0}, 'runtime': -1.0, 'runtime_stats': {}}}
2025-08-08 02:49:04,378 - openevolve.RemoteSpeedupEvaluator - INFO - [level3_3_DeepNarrowMLP] triton key words check pass
2025-08-08 02:49:04,380 - openevolve.RemoteSpeedupEvaluator - INFO - [level3_3_DeepNarrowMLP] verify_plus payload: reference_code(1359 chars) + custom_code(2892 chars)
2025-08-08 02:49:07,572 - openevolve.RemoteSpeedupEvaluator - INFO - [level3_3_DeepNarrowMLP] verify_plus request success
2025-08-08 02:49:07,573 - openevolve.RemoteSpeedupEvaluator - INFO - [level3_3_DeepNarrowMLP] verify_plus response: {"id":"level3_3_DeepNarrowMLP","result":{"compiled":true,"correctness":true,"metadata":{"hardware":"NVIDIA L20Y","device":"cuda:3","correctness_trials":"(5 / 5)","reference_timing_ms":0.227,"speed_up":0.799,"custom_timing":0.284},"runtime":0.284,"runtime_stats":{"mean":0.284,"std":0.00669,"min":0.272,"max":0.306,"num_trials":100,"hardware":"NVIDIA L20Y","device":"cuda:3"}}}
2025-08-08 02:49:07,573 - openevolve.RemoteSpeedupEvaluator - INFO - [level3_3_DeepNarrowMLP] âœ” success | speed_up=0.799  score=20.00
2025-08-08 02:49:07,573 - openevolve.evaluator - INFO - Evaluated program 3407f0d2-c6bd-4ad5-967e-eba8359a88e4 in 3.20s: compiled=1.0000, correctness=1.0000, stage=success, passed=0.0000, score=20.0000, speed_up=0.7990, runtime_ms=0.2840, meta={'hardware': 'NVIDIA L20Y', 'device': 'cuda:3', 'correctness_trials': '(5 / 5)', 'reference_timing_ms': 0.227, 'speed_up': 0.799, 'custom_timing': 0.284}
2025-08-08 02:49:07,576 - openevolve.llm.ensemble - INFO - Sampled model: deepseek
2025-08-08 02:49:07,582 - openevolve.threaded_parallel - INFO - Iteration 5: Program 3407f0d2-c6bd-4ad5-967e-eba8359a88e4 (parent: 31b6dc6e-a421-4409-bd93-57bbfbae3529) completed in 439.69s
2025-08-08 02:49:07,582 - openevolve.threaded_parallel - INFO - Metrics: compiled=1.0000, correctness=1.0000, stage=success, passed=0.0000, score=20.0000, speed_up=0.7990, runtime_ms=0.2840, meta={'hardware': 'NVIDIA L20Y', 'device': 'cuda:3', 'correctness_trials': '(5 / 5)', 'reference_timing_ms': 0.227, 'speed_up': 0.799, 'custom_timing': 0.284}
2025-08-08 02:52:17,368 - openevolve.RemoteSpeedupEvaluator - INFO - [level3_3_DeepNarrowMLP] triton key words check pass
2025-08-08 02:52:17,370 - openevolve.RemoteSpeedupEvaluator - INFO - [level3_3_DeepNarrowMLP] verify_plus payload: reference_code(1359 chars) + custom_code(4282 chars)
2025-08-08 02:52:20,400 - openevolve.RemoteSpeedupEvaluator - INFO - [level3_3_DeepNarrowMLP] verify_plus request success
2025-08-08 02:52:20,401 - openevolve.RemoteSpeedupEvaluator - INFO - [level3_3_DeepNarrowMLP] verify_plus response: {"id":"level3_3_DeepNarrowMLP","result":{"compiled":true,"correctness":false,"metadata":{"hardware":"NVIDIA L20Y","device":"cuda:5","runtime_error":"Traceback (most recent call last):\n  File \"/home/lijiaxing/.conda/envs/api/lib/python3.10/site-packages/triton/language/core.py\", line 42, in wrapper\n    return fn(*args, **kwargs)\nTypeError: dot() got an unexpected keyword argument 'trans_b'\n\nThe above exception was the direct cause of the following exception:\n\nTraceback (most recent call last):\n  File \"/cpfs01/shared/llm_kernel/hujiakai/KernelLLM/validation_api_server/helpers/evaluations.py\", line 720, in run_and_check_correctness\n    output_new = model_new(*inputs)\n  File \"/home/lijiaxing/.conda/envs/api/lib/python3.10/site-packages/torch/nn/modules/module.py\", line 1773, in
2025-08-08 02:52:20,401 - openevolve.RemoteSpeedupEvaluator - INFO - [level3_3_DeepNarrowMLP] âœ˜ wrong_answer
2025-08-08 02:52:20,401 - openevolve.evaluator - INFO - Evaluated program b7383dce-0c5b-4430-b6cd-89e030e8a94a in 3.03s: compiled=1.0000, correctness=0.0000, score=10.0000, stage=wrong_answer, verify_payload={'id': 'level3_3_DeepNarrowMLP', 'result': {'compiled': True, 'correctness': False, 'metadata': {'hardware': 'NVIDIA L20Y', 'device': 'cuda:5', 'runtime_error': 'Traceback (most recent call last):\n  File "/home/lijiaxing/.conda/envs/api/lib/python3.10/site-packages/triton/language/core.py", line 42, in wrapper\n    return fn(*args, **kwargs)\nTypeError: dot() got an unexpected keyword argument \'trans_b\'\n\nThe above exception was the direct cause of the following exception:\n\nTraceback (most recent call last):\n  File "/cpfs01/shared/llm_kernel/hujiakai/KernelLLM/validation_api_server/helpers/evaluations.py", line 720, in run_and_check_correctness\n    output_new = model_new(*inputs)\n  File "/home/lijiaxing/.conda/envs/api/lib/python3.10/site-packages/torch/nn/modules/module.py", line 1773, in _wrapped_call_impl\n    return self._call_impl(*args, **kwargs)\n  File "/home/lijiaxing/.conda/envs/api/lib/python3.10/site-packages/torch/nn/modules/module.py", line 1784, in _call_impl\n    return forward_call(*args, **kwargs)\n  File "/tmp/tmppxk6ae81.py", line 115, in forward\n    return self.network(x)\n  File "/home/lijiaxing/.conda/envs/api/lib/python3.10/site-packages/torch/nn/modules/module.py", line 1773, in _wrapped_call_impl\n    return self._call_impl(*args, **kwargs)\n  File "/home/lijiaxing/.conda/envs/api/lib/python3.10/site-packages/torch/nn/modules/module.py", line 1784, in _call_impl\n    return forward_call(*args, **kwargs)\n  File "/home/lijiaxing/.conda/envs/api/lib/python3.10/site-packages/torch/nn/modules/container.py", line 244, in forward\n    input = module(input)\n  File "/home/lijiaxing/.conda/envs/api/lib/python3.10/site-packages/torch/nn/modules/module.py", line 1773, in _wrapped_call_impl\n    return self._call_impl(*args, **kwargs)\n  File "/home/lijiaxing/.conda/envs/api/lib/python3.10/site-packages/torch/nn/modules/module.py", line 1784, in _call_impl\n    return forward_call(*args, **kwargs)\n  File "/tmp/tmppxk6ae81.py", line 90, in forward\n    linear_relu_kernel[grid](\n  File "/home/lijiaxing/.conda/envs/api/lib/python3.10/site-packages/triton/runtime/jit.py", line 390, in <lambda>\n    return lambda *args, **kwargs: self.run(grid=grid, warmup=False, *args, **kwargs)\n  File "/home/lijiaxing/.conda/envs/api/lib/python3.10/site-packages/triton/runtime/jit.py", line 594, in run\n    kernel = self.compile(src, target=target, options=options.__dict__)\n  File "/home/lijiaxing/.conda/envs/api/lib/python3.10/site-packages/triton/compiler/compiler.py", line 339, in compile\n    module = src.make_ir(options, codegen_fns, module_map, context)\n  File "/home/lijiaxing/.conda/envs/api/lib/python3.10/site-packages/triton/compiler/compiler.py", line 83, in make_ir\n    return ast_to_ttir(self.fn, self, context=context, options=options, codegen_fns=codegen_fns,\ntriton.compiler.errors.CompilationError: at 33:15:\n        mask_w = (j_offsets[:, None] < out_features) & (k_offsets[None, :] < in_features)\n\n        x_block = tl.load(\n            x_ptr + batch_offsets[:, None] * in_features + k_offsets[None, :],\n            mask=mask_x, other=0.0\n        )\n        w_block = tl.load(\n            w_ptr + j_offsets[:, None] * in_features + k_offsets[None, :],\n            mask=mask_w, other=0.0\n        )\n\n        acc += tl.dot(x_block, w_block, trans_b=True)\n               ^\n\n\nThe above exception was the direct cause of the following exception:\n\nTraceback (most recent call last):\n  File "/home/lijiaxing/.conda/envs/api/lib/python3.10/site-packages/triton/language/core.py", line 42, in wrapper\n    return fn(*args, **kwargs)\nTypeError: dot() got an unexpected keyword argument \'trans_b\'\n', 'runtime_error_name': 'triton.compiler.errors.CompilationError', 'reference_timing_ms': 0.227, 'speed_up': -1.0, 'custom_timing': -1.0}, 'runtime': -1.0, 'runtime_stats': {}}}
2025-08-08 02:52:20,404 - openevolve.database - INFO - New MAP-Elites cell occupied: {'score': 9, 'complexity': 8}
2025-08-08 02:52:20,404 - openevolve.llm.ensemble - INFO - Sampled model: deepseek
2025-08-08 02:52:20,417 - openevolve.threaded_parallel - INFO - Iteration 3: Program b7383dce-0c5b-4430-b6cd-89e030e8a94a (parent: 307c9c85-212d-4505-8a62-5fbac219aa35) completed in 864.09s
2025-08-08 02:52:20,417 - openevolve.threaded_parallel - INFO - Metrics: compiled=1.0000, correctness=0.0000, score=10.0000, stage=wrong_answer, verify_payload={'id': 'level3_3_DeepNarrowMLP', 'result': {'compiled': True, 'correctness': False, 'metadata': {'hardware': 'NVIDIA L20Y', 'device': 'cuda:5', 'runtime_error': 'Traceback (most recent call last):\n  File "/home/lijiaxing/.conda/envs/api/lib/python3.10/site-packages/triton/language/core.py", line 42, in wrapper\n    return fn(*args, **kwargs)\nTypeError: dot() got an unexpected keyword argument \'trans_b\'\n\nThe above exception was the direct cause of the following exception:\n\nTraceback (most recent call last):\n  File "/cpfs01/shared/llm_kernel/hujiakai/KernelLLM/validation_api_server/helpers/evaluations.py", line 720, in run_and_check_correctness\n    output_new = model_new(*inputs)\n  File "/home/lijiaxing/.conda/envs/api/lib/python3.10/site-packages/torch/nn/modules/module.py", line 1773, in _wrapped_call_impl\n    return self._call_impl(*args, **kwargs)\n  File "/home/lijiaxing/.conda/envs/api/lib/python3.10/site-packages/torch/nn/modules/module.py", line 1784, in _call_impl\n    return forward_call(*args, **kwargs)\n  File "/tmp/tmppxk6ae81.py", line 115, in forward\n    return self.network(x)\n  File "/home/lijiaxing/.conda/envs/api/lib/python3.10/site-packages/torch/nn/modules/module.py", line 1773, in _wrapped_call_impl\n    return self._call_impl(*args, **kwargs)\n  File "/home/lijiaxing/.conda/envs/api/lib/python3.10/site-packages/torch/nn/modules/module.py", line 1784, in _call_impl\n    return forward_call(*args, **kwargs)\n  File "/home/lijiaxing/.conda/envs/api/lib/python3.10/site-packages/torch/nn/modules/container.py", line 244, in forward\n    input = module(input)\n  File "/home/lijiaxing/.conda/envs/api/lib/python3.10/site-packages/torch/nn/modules/module.py", line 1773, in _wrapped_call_impl\n    return self._call_impl(*args, **kwargs)\n  File "/home/lijiaxing/.conda/envs/api/lib/python3.10/site-packages/torch/nn/modules/module.py", line 1784, in _call_impl\n    return forward_call(*args, **kwargs)\n  File "/tmp/tmppxk6ae81.py", line 90, in forward\n    linear_relu_kernel[grid](\n  File "/home/lijiaxing/.conda/envs/api/lib/python3.10/site-packages/triton/runtime/jit.py", line 390, in <lambda>\n    return lambda *args, **kwargs: self.run(grid=grid, warmup=False, *args, **kwargs)\n  File "/home/lijiaxing/.conda/envs/api/lib/python3.10/site-packages/triton/runtime/jit.py", line 594, in run\n    kernel = self.compile(src, target=target, options=options.__dict__)\n  File "/home/lijiaxing/.conda/envs/api/lib/python3.10/site-packages/triton/compiler/compiler.py", line 339, in compile\n    module = src.make_ir(options, codegen_fns, module_map, context)\n  File "/home/lijiaxing/.conda/envs/api/lib/python3.10/site-packages/triton/compiler/compiler.py", line 83, in make_ir\n    return ast_to_ttir(self.fn, self, context=context, options=options, codegen_fns=codegen_fns,\ntriton.compiler.errors.CompilationError: at 33:15:\n        mask_w = (j_offsets[:, None] < out_features) & (k_offsets[None, :] < in_features)\n\n        x_block = tl.load(\n            x_ptr + batch_offsets[:, None] * in_features + k_offsets[None, :],\n            mask=mask_x, other=0.0\n        )\n        w_block = tl.load(\n            w_ptr + j_offsets[:, None] * in_features + k_offsets[None, :],\n            mask=mask_w, other=0.0\n        )\n\n        acc += tl.dot(x_block, w_block, trans_b=True)\n               ^\n\n\nThe above exception was the direct cause of the following exception:\n\nTraceback (most recent call last):\n  File "/home/lijiaxing/.conda/envs/api/lib/python3.10/site-packages/triton/language/core.py", line 42, in wrapper\n    return fn(*args, **kwargs)\nTypeError: dot() got an unexpected keyword argument \'trans_b\'\n', 'runtime_error_name': 'triton.compiler.errors.CompilationError', 'reference_timing_ms': 0.227, 'speed_up': -1.0, 'custom_timing': -1.0}, 'runtime': -1.0, 'runtime_stats': {}}}
2025-08-08 02:52:20,417 - openevolve.threaded_parallel - INFO - Checkpoint interval reached at iteration 3
2025-08-08 02:52:20,418 - openevolve.database - INFO - Island Status:
2025-08-08 02:52:20,418 - openevolve.database - INFO -  * Island 0: 4 programs, best=20.0000, avg=12.5000, diversity=751.98, gen=3 (best: 31b6dc6e-a421-4409-bd93-57bbfbae3529)
2025-08-08 02:52:20,418 - openevolve.database - INFO -    Island 1: 2 programs, best=20.0000, avg=20.0000, diversity=775.30, gen=1 (best: 3407f0d2-c6bd-4ad5-967e-eba8359a88e4)
2025-08-08 02:52:20,418 - openevolve.database - INFO -    Island 2: 2 programs, best=20.0000, avg=15.0000, diversity=357.30, gen=1 (best: b7383dce-0c5b-4430-b6cd-89e030e8a94a)
2025-08-08 02:52:20,517 - openevolve.database - INFO - Saved database with 6 programs to openevolve_output/level3_3_DeepNarrowMLP/checkpoints/checkpoint_3
2025-08-08 02:52:20,534 - openevolve.controller - INFO - Saved best program at checkpoint 3 with metrics: compiled=1.0000, correctness=1.0000, stage=success, passed=0.0000, score=20.0000, speed_up=0.7960, runtime_ms=0.2850, meta={'hardware': 'NVIDIA L20Y', 'device': 'cuda:4', 'correctness_trials': '(5 / 5)', 'reference_timing_ms': 0.227, 'speed_up': 0.796, 'custom_timing': 0.285}
2025-08-08 02:52:20,534 - openevolve.controller - INFO - Saved checkpoint at iteration 3 to openevolve_output/level3_3_DeepNarrowMLP/checkpoints/checkpoint_3
2025-08-08 02:53:09,213 - openevolve.RemoteSpeedupEvaluator - INFO - [level3_3_DeepNarrowMLP] triton key words check pass
2025-08-08 02:53:09,215 - openevolve.RemoteSpeedupEvaluator - INFO - [level3_3_DeepNarrowMLP] verify_plus payload: reference_code(1359 chars) + custom_code(5195 chars)
2025-08-08 02:53:33,388 - openevolve.RemoteSpeedupEvaluator - INFO - [level3_3_DeepNarrowMLP] verify_plus request success
2025-08-08 02:53:33,388 - openevolve.RemoteSpeedupEvaluator - INFO - [level3_3_DeepNarrowMLP] verify_plus response: {"id":"level3_3_DeepNarrowMLP","result":{"compiled":true,"correctness":true,"metadata":{"hardware":"NVIDIA L20Y","device":"cuda:5","correctness_trials":"(5 / 5)","reference_timing_ms":0.227,"speed_up":0.538,"custom_timing":0.422},"runtime":0.422,"runtime_stats":{"mean":0.422,"std":0.00661,"min":0.409,"max":0.449,"num_trials":100,"hardware":"NVIDIA L20Y","device":"cuda:5"}}}
2025-08-08 02:53:33,388 - openevolve.RemoteSpeedupEvaluator - INFO - [level3_3_DeepNarrowMLP] âœ” success | speed_up=0.538  score=20.00
2025-08-08 02:53:33,388 - openevolve.evaluator - INFO - Evaluated program e8ea0347-0af5-4fd6-846a-6995fda50654 in 24.18s: compiled=1.0000, correctness=1.0000, stage=success, passed=0.0000, score=20.0000, speed_up=0.5380, runtime_ms=0.4220, meta={'hardware': 'NVIDIA L20Y', 'device': 'cuda:5', 'correctness_trials': '(5 / 5)', 'reference_timing_ms': 0.227, 'speed_up': 0.538, 'custom_timing': 0.422}
2025-08-08 02:53:33,392 - openevolve.llm.ensemble - INFO - Sampled model: deepseek
2025-08-08 02:53:33,407 - openevolve.threaded_parallel - INFO - Iteration 4: Program e8ea0347-0af5-4fd6-846a-6995fda50654 (parent: 31b6dc6e-a421-4409-bd93-57bbfbae3529) completed in 836.47s
2025-08-08 02:53:33,407 - openevolve.threaded_parallel - INFO - Metrics: compiled=1.0000, correctness=1.0000, stage=success, passed=0.0000, score=20.0000, speed_up=0.5380, runtime_ms=0.4220, meta={'hardware': 'NVIDIA L20Y', 'device': 'cuda:5', 'correctness_trials': '(5 / 5)', 'reference_timing_ms': 0.227, 'speed_up': 0.538, 'custom_timing': 0.422}
2025-08-08 02:59:05,185 - openevolve.RemoteSpeedupEvaluator - INFO - [level3_3_DeepNarrowMLP] triton key words check pass
2025-08-08 02:59:05,187 - openevolve.RemoteSpeedupEvaluator - INFO - [level3_3_DeepNarrowMLP] verify_plus payload: reference_code(1359 chars) + custom_code(5345 chars)
2025-08-08 02:59:07,677 - openevolve.RemoteSpeedupEvaluator - INFO - [level3_3_DeepNarrowMLP] verify_plus request success
2025-08-08 02:59:07,677 - openevolve.RemoteSpeedupEvaluator - INFO - [level3_3_DeepNarrowMLP] verify_plus response: {"id":"level3_3_DeepNarrowMLP","result":{"compiled":true,"correctness":false,"metadata":{"hardware":"NVIDIA L20Y","device":"cuda:7","runtime_error":"Traceback (most recent call last):\n  File \"/cpfs01/shared/llm_kernel/hujiakai/KernelLLM/validation_api_server/helpers/evaluations.py\", line 720, in run_and_check_correctness\n    output_new = model_new(*inputs)\n  File \"/home/lijiaxing/.conda/envs/api/lib/python3.10/site-packages/torch/nn/modules/module.py\", line 1773, in _wrapped_call_impl\n    return self._call_impl(*args, **kwargs)\n  File \"/home/lijiaxing/.conda/envs/api/lib/python3.10/site-packages/torch/nn/modules/module.py\", line 1784, in _call_impl\n    return forward_call(*args, **kwargs)\n  File \"/tmp/tmpku2a6hp9.py\", line 124, in forward\n    _linear_relu_forward[grid](\n  
2025-08-08 02:59:07,677 - openevolve.RemoteSpeedupEvaluator - INFO - [level3_3_DeepNarrowMLP] âœ˜ wrong_answer
2025-08-08 02:59:07,677 - openevolve.evaluator - INFO - Evaluated program 8536349b-f24f-4672-a55e-e3adcb2d5308 in 2.49s: compiled=1.0000, correctness=0.0000, score=10.0000, stage=wrong_answer, verify_payload={'id': 'level3_3_DeepNarrowMLP', 'result': {'compiled': True, 'correctness': False, 'metadata': {'hardware': 'NVIDIA L20Y', 'device': 'cuda:7', 'runtime_error': 'Traceback (most recent call last):\n  File "/cpfs01/shared/llm_kernel/hujiakai/KernelLLM/validation_api_server/helpers/evaluations.py", line 720, in run_and_check_correctness\n    output_new = model_new(*inputs)\n  File "/home/lijiaxing/.conda/envs/api/lib/python3.10/site-packages/torch/nn/modules/module.py", line 1773, in _wrapped_call_impl\n    return self._call_impl(*args, **kwargs)\n  File "/home/lijiaxing/.conda/envs/api/lib/python3.10/site-packages/torch/nn/modules/module.py", line 1784, in _call_impl\n    return forward_call(*args, **kwargs)\n  File "/tmp/tmpku2a6hp9.py", line 124, in forward\n    _linear_relu_forward[grid](\n  File "/home/lijiaxing/.conda/envs/api/lib/python3.10/site-packages/triton/runtime/jit.py", line 390, in <lambda>\n    return lambda *args, **kwargs: self.run(grid=grid, warmup=False, *args, **kwargs)\n  File "/home/lijiaxing/.conda/envs/api/lib/python3.10/site-packages/triton/runtime/autotuner.py", line 239, in run\n    benchmark()\n  File "/home/lijiaxing/.conda/envs/api/lib/python3.10/site-packages/triton/runtime/autotuner.py", line 228, in benchmark\n    timings = {config: self._bench(*args, config=config, **kwargs) for config in pruned_configs}\n  File "/home/lijiaxing/.conda/envs/api/lib/python3.10/site-packages/triton/runtime/autotuner.py", line 228, in <dictcomp>\n    timings = {config: self._bench(*args, config=config, **kwargs) for config in pruned_configs}\n  File "/home/lijiaxing/.conda/envs/api/lib/python3.10/site-packages/triton/runtime/autotuner.py", line 135, in _bench\n    raise ValueError(f"Conflicting meta-parameters: {\', \'.join(conflicts)}."\nValueError: Conflicting meta-parameters: BLOCK_SIZE_K. Make sure that you don\'t re-define auto-tuned symbols.\n', 'runtime_error_name': 'builtins.ValueError', 'reference_timing_ms': 0.227, 'speed_up': -1.0, 'custom_timing': -1.0}, 'runtime': -1.0, 'runtime_stats': {}}}
2025-08-08 02:59:07,681 - openevolve.llm.ensemble - INFO - Sampled model: deepseek
2025-08-08 02:59:07,694 - openevolve.threaded_parallel - INFO - Iteration 6: Program 8536349b-f24f-4672-a55e-e3adcb2d5308 (parent: 31b6dc6e-a421-4409-bd93-57bbfbae3529) completed in 600.10s
2025-08-08 02:59:07,695 - openevolve.threaded_parallel - INFO - Metrics: compiled=1.0000, correctness=0.0000, score=10.0000, stage=wrong_answer, verify_payload={'id': 'level3_3_DeepNarrowMLP', 'result': {'compiled': True, 'correctness': False, 'metadata': {'hardware': 'NVIDIA L20Y', 'device': 'cuda:7', 'runtime_error': 'Traceback (most recent call last):\n  File "/cpfs01/shared/llm_kernel/hujiakai/KernelLLM/validation_api_server/helpers/evaluations.py", line 720, in run_and_check_correctness\n    output_new = model_new(*inputs)\n  File "/home/lijiaxing/.conda/envs/api/lib/python3.10/site-packages/torch/nn/modules/module.py", line 1773, in _wrapped_call_impl\n    return self._call_impl(*args, **kwargs)\n  File "/home/lijiaxing/.conda/envs/api/lib/python3.10/site-packages/torch/nn/modules/module.py", line 1784, in _call_impl\n    return forward_call(*args, **kwargs)\n  File "/tmp/tmpku2a6hp9.py", line 124, in forward\n    _linear_relu_forward[grid](\n  File "/home/lijiaxing/.conda/envs/api/lib/python3.10/site-packages/triton/runtime/jit.py", line 390, in <lambda>\n    return lambda *args, **kwargs: self.run(grid=grid, warmup=False, *args, **kwargs)\n  File "/home/lijiaxing/.conda/envs/api/lib/python3.10/site-packages/triton/runtime/autotuner.py", line 239, in run\n    benchmark()\n  File "/home/lijiaxing/.conda/envs/api/lib/python3.10/site-packages/triton/runtime/autotuner.py", line 228, in benchmark\n    timings = {config: self._bench(*args, config=config, **kwargs) for config in pruned_configs}\n  File "/home/lijiaxing/.conda/envs/api/lib/python3.10/site-packages/triton/runtime/autotuner.py", line 228, in <dictcomp>\n    timings = {config: self._bench(*args, config=config, **kwargs) for config in pruned_configs}\n  File "/home/lijiaxing/.conda/envs/api/lib/python3.10/site-packages/triton/runtime/autotuner.py", line 135, in _bench\n    raise ValueError(f"Conflicting meta-parameters: {\', \'.join(conflicts)}."\nValueError: Conflicting meta-parameters: BLOCK_SIZE_K. Make sure that you don\'t re-define auto-tuned symbols.\n', 'runtime_error_name': 'builtins.ValueError', 'reference_timing_ms': 0.227, 'speed_up': -1.0, 'custom_timing': -1.0}, 'runtime': -1.0, 'runtime_stats': {}}}
2025-08-08 02:59:07,695 - openevolve.threaded_parallel - INFO - Checkpoint interval reached at iteration 6
2025-08-08 02:59:07,696 - openevolve.database - INFO - Island Status:
2025-08-08 02:59:07,696 - openevolve.database - INFO -    Island 0: 5 programs, best=20.0000, avg=14.0000, diversity=991.83, gen=3 (best: 31b6dc6e-a421-4409-bd93-57bbfbae3529)
2025-08-08 02:59:07,696 - openevolve.database - INFO -    Island 1: 3 programs, best=20.0000, avg=16.6667, diversity=553.87, gen=2 (best: 3407f0d2-c6bd-4ad5-967e-eba8359a88e4)
2025-08-08 02:59:07,696 - openevolve.database - INFO -  * Island 2: 2 programs, best=20.0000, avg=15.0000, diversity=357.30, gen=2 (best: b7383dce-0c5b-4430-b6cd-89e030e8a94a)
2025-08-08 02:59:07,789 - openevolve.database - INFO - Saved database with 8 programs to openevolve_output/level3_3_DeepNarrowMLP/checkpoints/checkpoint_6
2025-08-08 02:59:07,805 - openevolve.controller - INFO - Saved best program at checkpoint 6 with metrics: compiled=1.0000, correctness=1.0000, stage=success, passed=0.0000, score=20.0000, speed_up=0.7960, runtime_ms=0.2850, meta={'hardware': 'NVIDIA L20Y', 'device': 'cuda:4', 'correctness_trials': '(5 / 5)', 'reference_timing_ms': 0.227, 'speed_up': 0.796, 'custom_timing': 0.285}
2025-08-08 02:59:07,805 - openevolve.controller - INFO - Saved checkpoint at iteration 6 to openevolve_output/level3_3_DeepNarrowMLP/checkpoints/checkpoint_6
2025-08-08 03:05:00,858 - openevolve.RemoteSpeedupEvaluator - INFO - [level3_3_DeepNarrowMLP] triton key words check pass
2025-08-08 03:05:00,860 - openevolve.RemoteSpeedupEvaluator - INFO - [level3_3_DeepNarrowMLP] verify_plus payload: reference_code(1359 chars) + custom_code(5291 chars)
2025-08-08 03:05:04,661 - openevolve.RemoteSpeedupEvaluator - INFO - [level3_3_DeepNarrowMLP] verify_plus request success
2025-08-08 03:05:04,661 - openevolve.RemoteSpeedupEvaluator - INFO - [level3_3_DeepNarrowMLP] verify_plus response: {"id":"level3_3_DeepNarrowMLP","result":{"compiled":true,"correctness":true,"metadata":{"hardware":"NVIDIA L20Y","device":"cuda:1","correctness_trials":"(5 / 5)","reference_timing_ms":0.227,"speed_up":0.783,"custom_timing":0.29},"runtime":0.29,"runtime_stats":{"mean":0.29,"std":0.00773,"min":0.278,"max":0.319,"num_trials":100,"hardware":"NVIDIA L20Y","device":"cuda:1"}}}
2025-08-08 03:05:04,661 - openevolve.RemoteSpeedupEvaluator - INFO - [level3_3_DeepNarrowMLP] âœ” success | speed_up=0.783  score=20.00
2025-08-08 03:05:04,662 - openevolve.evaluator - INFO - Evaluated program 0870d0be-829c-4364-913a-869935d3d319 in 3.80s: compiled=1.0000, correctness=1.0000, stage=success, passed=0.0000, score=20.0000, speed_up=0.7830, runtime_ms=0.2900, meta={'hardware': 'NVIDIA L20Y', 'device': 'cuda:1', 'correctness_trials': '(5 / 5)', 'reference_timing_ms': 0.227, 'speed_up': 0.783, 'custom_timing': 0.29}
2025-08-08 03:05:04,665 - openevolve.llm.ensemble - INFO - Sampled model: deepseek
2025-08-08 03:05:04,694 - openevolve.threaded_parallel - INFO - Iteration 7: Program 0870d0be-829c-4364-913a-869935d3d319 (parent: 31b6dc6e-a421-4409-bd93-57bbfbae3529) completed in 764.26s
2025-08-08 03:05:04,694 - openevolve.threaded_parallel - INFO - Metrics: compiled=1.0000, correctness=1.0000, stage=success, passed=0.0000, score=20.0000, speed_up=0.7830, runtime_ms=0.2900, meta={'hardware': 'NVIDIA L20Y', 'device': 'cuda:1', 'correctness_trials': '(5 / 5)', 'reference_timing_ms': 0.227, 'speed_up': 0.783, 'custom_timing': 0.29}
2025-08-08 03:06:48,839 - openevolve.RemoteSpeedupEvaluator - INFO - [level3_3_DeepNarrowMLP] triton key words check pass
2025-08-08 03:06:48,841 - openevolve.RemoteSpeedupEvaluator - INFO - [level3_3_DeepNarrowMLP] verify_plus payload: reference_code(1359 chars) + custom_code(3734 chars)
2025-08-08 03:06:52,106 - openevolve.RemoteSpeedupEvaluator - INFO - [level3_3_DeepNarrowMLP] verify_plus request success
2025-08-08 03:06:52,107 - openevolve.RemoteSpeedupEvaluator - INFO - [level3_3_DeepNarrowMLP] verify_plus response: {"id":"level3_3_DeepNarrowMLP","result":{"compiled":true,"correctness":true,"metadata":{"hardware":"NVIDIA L20Y","device":"cuda:2","correctness_trials":"(5 / 5)","reference_timing_ms":0.227,"speed_up":0.479,"custom_timing":0.474},"runtime":0.474,"runtime_stats":{"mean":0.474,"std":0.009,"min":0.454,"max":0.505,"num_trials":100,"hardware":"NVIDIA L20Y","device":"cuda:2"}}}
2025-08-08 03:06:52,107 - openevolve.RemoteSpeedupEvaluator - INFO - [level3_3_DeepNarrowMLP] âœ” success | speed_up=0.479  score=20.00
2025-08-08 03:06:52,107 - openevolve.evaluator - INFO - Evaluated program dfc65664-9f5f-4471-8294-980266c20092 in 3.27s: compiled=1.0000, correctness=1.0000, stage=success, passed=0.0000, score=20.0000, speed_up=0.4790, runtime_ms=0.4740, meta={'hardware': 'NVIDIA L20Y', 'device': 'cuda:2', 'correctness_trials': '(5 / 5)', 'reference_timing_ms': 0.227, 'speed_up': 0.479, 'custom_timing': 0.474}
2025-08-08 03:06:52,111 - openevolve.llm.ensemble - INFO - Sampled model: deepseek
2025-08-08 03:06:52,113 - openevolve.database - INFO - New MAP-Elites cell occupied: {'score': 9, 'complexity': 5}
2025-08-08 03:06:52,155 - openevolve.threaded_parallel - INFO - Iteration 8: Program dfc65664-9f5f-4471-8294-980266c20092 (parent: 704f9ff1-4f9f-4384-91ca-3c9f007ddd0a) completed in 798.72s
2025-08-08 03:06:52,156 - openevolve.threaded_parallel - INFO - Metrics: compiled=1.0000, correctness=1.0000, stage=success, passed=0.0000, score=20.0000, speed_up=0.4790, runtime_ms=0.4740, meta={'hardware': 'NVIDIA L20Y', 'device': 'cuda:2', 'correctness_trials': '(5 / 5)', 'reference_timing_ms': 0.227, 'speed_up': 0.479, 'custom_timing': 0.474}
2025-08-08 03:09:58,579 - openevolve.RemoteSpeedupEvaluator - INFO - [level3_3_DeepNarrowMLP] triton key words check pass
2025-08-08 03:09:58,581 - openevolve.RemoteSpeedupEvaluator - INFO - [level3_3_DeepNarrowMLP] verify_plus payload: reference_code(1359 chars) + custom_code(3000 chars)
2025-08-08 03:10:01,421 - openevolve.RemoteSpeedupEvaluator - INFO - [level3_3_DeepNarrowMLP] verify_plus request success
2025-08-08 03:10:01,421 - openevolve.RemoteSpeedupEvaluator - INFO - [level3_3_DeepNarrowMLP] verify_plus response: {"id":"level3_3_DeepNarrowMLP","result":{"compiled":true,"correctness":false,"metadata":{"hardware":"NVIDIA L20Y","device":"cuda:5","runtime_error":"Traceback (most recent call last):\n  File \"/home/lijiaxing/.conda/envs/api/lib/python3.10/site-packages/triton/language/core.py\", line 42, in wrapper\n    return fn(*args, **kwargs)\n  File \"/home/lijiaxing/.conda/envs/api/lib/python3.10/site-packages/triton/language/core.py\", line 1654, in arange\n    return _semantic.arange(start, end)\n  File \"/home/lijiaxing/.conda/envs/api/lib/python3.10/site-packages/triton/language/semantic.py\", line 574, in arange\n    raise ValueError(\"arange's arguments must be of type tl.constexpr\")\nValueError: arange's arguments must be of type tl.constexpr\n\nThe above exception was the direct cause of t
2025-08-08 03:10:01,421 - openevolve.RemoteSpeedupEvaluator - INFO - [level3_3_DeepNarrowMLP] âœ˜ wrong_answer
2025-08-08 03:10:01,422 - openevolve.evaluator - INFO - Evaluated program c8dfa45c-9b9b-498d-b327-80ae505ab8bb in 2.84s: compiled=1.0000, correctness=0.0000, score=10.0000, stage=wrong_answer, verify_payload={'id': 'level3_3_DeepNarrowMLP', 'result': {'compiled': True, 'correctness': False, 'metadata': {'hardware': 'NVIDIA L20Y', 'device': 'cuda:5', 'runtime_error': 'Traceback (most recent call last):\n  File "/home/lijiaxing/.conda/envs/api/lib/python3.10/site-packages/triton/language/core.py", line 42, in wrapper\n    return fn(*args, **kwargs)\n  File "/home/lijiaxing/.conda/envs/api/lib/python3.10/site-packages/triton/language/core.py", line 1654, in arange\n    return _semantic.arange(start, end)\n  File "/home/lijiaxing/.conda/envs/api/lib/python3.10/site-packages/triton/language/semantic.py", line 574, in arange\n    raise ValueError("arange\'s arguments must be of type tl.constexpr")\nValueError: arange\'s arguments must be of type tl.constexpr\n\nThe above exception was the direct cause of the following exception:\n\nTraceback (most recent call last):\n  File "/cpfs01/shared/llm_kernel/hujiakai/KernelLLM/validation_api_server/helpers/evaluations.py", line 720, in run_and_check_correctness\n    output_new = model_new(*inputs)\n  File "/home/lijiaxing/.conda/envs/api/lib/python3.10/site-packages/torch/nn/modules/module.py", line 1773, in _wrapped_call_impl\n    return self._call_impl(*args, **kwargs)\n  File "/home/lijiaxing/.conda/envs/api/lib/python3.10/site-packages/torch/nn/modules/module.py", line 1784, in _call_impl\n    return forward_call(*args, **kwargs)\n  File "/tmp/tmpmwxfxx_c.py", line 76, in forward\n    _linear_forward[grid](\n  File "/home/lijiaxing/.conda/envs/api/lib/python3.10/site-packages/triton/runtime/jit.py", line 390, in <lambda>\n    return lambda *args, **kwargs: self.run(grid=grid, warmup=False, *args, **kwargs)\n  File "/home/lijiaxing/.conda/envs/api/lib/python3.10/site-packages/triton/runtime/jit.py", line 594, in run\n    kernel = self.compile(src, target=target, options=options.__dict__)\n  File "/home/lijiaxing/.conda/envs/api/lib/python3.10/site-packages/triton/compiler/compiler.py", line 339, in compile\n    module = src.make_ir(options, codegen_fns, module_map, context)\n  File "/home/lijiaxing/.conda/envs/api/lib/python3.10/site-packages/triton/compiler/compiler.py", line 83, in make_ir\n    return ast_to_ttir(self.fn, self, context=context, options=options, codegen_fns=codegen_fns,\ntriton.compiler.errors.CompilationError: at 25:29:\n    o_idx = pid % out_features\n\n    if b_idx >= batch_size or o_idx >= out_features:\n        return\n\n    bias = tl.load(b_ptr + o_idx) if b_ptr is not None else 0.0\n    accumulator = 0.0\n    VEC_SIZE = 8\n\n    for k in range(0, in_features, BLOCK_SIZE_K):\n        for v in range(0, BLOCK_SIZE_K, VEC_SIZE):\n            k_offs = k + v + tl.arange(0, VEC_SIZE)\n                             ^\n\n\nThe above exception was the direct cause of the following exception:\n\nTraceback (most recent call last):\n  File "/home/lijiaxing/.conda/envs/api/lib/python3.10/site-packages/triton/language/core.py", line 42, in wrapper\n    return fn(*args, **kwargs)\n  File "/home/lijiaxing/.conda/envs/api/lib/python3.10/site-packages/triton/language/core.py", line 1654, in arange\n    return _semantic.arange(start, end)\n  File "/home/lijiaxing/.conda/envs/api/lib/python3.10/site-packages/triton/language/semantic.py", line 574, in arange\n    raise ValueError("arange\'s arguments must be of type tl.constexpr")\nValueError: arange\'s arguments must be of type tl.constexpr\n', 'runtime_error_name': 'triton.compiler.errors.CompilationError', 'reference_timing_ms': 0.227, 'speed_up': -1.0, 'custom_timing': -1.0}, 'runtime': -1.0, 'runtime_stats': {}}}
2025-08-08 03:10:01,427 - openevolve.llm.ensemble - INFO - Sampled model: deepseek
2025-08-08 03:10:01,428 - openevolve.database - INFO - New MAP-Elites cell occupied: {'score': 9, 'complexity': 3}
2025-08-08 03:10:01,439 - openevolve.threaded_parallel - INFO - Iteration 9: Program c8dfa45c-9b9b-498d-b327-80ae505ab8bb (parent: 3407f0d2-c6bd-4ad5-967e-eba8359a88e4) completed in 653.74s
2025-08-08 03:10:01,440 - openevolve.threaded_parallel - INFO - Metrics: compiled=1.0000, correctness=0.0000, score=10.0000, stage=wrong_answer, verify_payload={'id': 'level3_3_DeepNarrowMLP', 'result': {'compiled': True, 'correctness': False, 'metadata': {'hardware': 'NVIDIA L20Y', 'device': 'cuda:5', 'runtime_error': 'Traceback (most recent call last):\n  File "/home/lijiaxing/.conda/envs/api/lib/python3.10/site-packages/triton/language/core.py", line 42, in wrapper\n    return fn(*args, **kwargs)\n  File "/home/lijiaxing/.conda/envs/api/lib/python3.10/site-packages/triton/language/core.py", line 1654, in arange\n    return _semantic.arange(start, end)\n  File "/home/lijiaxing/.conda/envs/api/lib/python3.10/site-packages/triton/language/semantic.py", line 574, in arange\n    raise ValueError("arange\'s arguments must be of type tl.constexpr")\nValueError: arange\'s arguments must be of type tl.constexpr\n\nThe above exception was the direct cause of the following exception:\n\nTraceback (most recent call last):\n  File "/cpfs01/shared/llm_kernel/hujiakai/KernelLLM/validation_api_server/helpers/evaluations.py", line 720, in run_and_check_correctness\n    output_new = model_new(*inputs)\n  File "/home/lijiaxing/.conda/envs/api/lib/python3.10/site-packages/torch/nn/modules/module.py", line 1773, in _wrapped_call_impl\n    return self._call_impl(*args, **kwargs)\n  File "/home/lijiaxing/.conda/envs/api/lib/python3.10/site-packages/torch/nn/modules/module.py", line 1784, in _call_impl\n    return forward_call(*args, **kwargs)\n  File "/tmp/tmpmwxfxx_c.py", line 76, in forward\n    _linear_forward[grid](\n  File "/home/lijiaxing/.conda/envs/api/lib/python3.10/site-packages/triton/runtime/jit.py", line 390, in <lambda>\n    return lambda *args, **kwargs: self.run(grid=grid, warmup=False, *args, **kwargs)\n  File "/home/lijiaxing/.conda/envs/api/lib/python3.10/site-packages/triton/runtime/jit.py", line 594, in run\n    kernel = self.compile(src, target=target, options=options.__dict__)\n  File "/home/lijiaxing/.conda/envs/api/lib/python3.10/site-packages/triton/compiler/compiler.py", line 339, in compile\n    module = src.make_ir(options, codegen_fns, module_map, context)\n  File "/home/lijiaxing/.conda/envs/api/lib/python3.10/site-packages/triton/compiler/compiler.py", line 83, in make_ir\n    return ast_to_ttir(self.fn, self, context=context, options=options, codegen_fns=codegen_fns,\ntriton.compiler.errors.CompilationError: at 25:29:\n    o_idx = pid % out_features\n\n    if b_idx >= batch_size or o_idx >= out_features:\n        return\n\n    bias = tl.load(b_ptr + o_idx) if b_ptr is not None else 0.0\n    accumulator = 0.0\n    VEC_SIZE = 8\n\n    for k in range(0, in_features, BLOCK_SIZE_K):\n        for v in range(0, BLOCK_SIZE_K, VEC_SIZE):\n            k_offs = k + v + tl.arange(0, VEC_SIZE)\n                             ^\n\n\nThe above exception was the direct cause of the following exception:\n\nTraceback (most recent call last):\n  File "/home/lijiaxing/.conda/envs/api/lib/python3.10/site-packages/triton/language/core.py", line 42, in wrapper\n    return fn(*args, **kwargs)\n  File "/home/lijiaxing/.conda/envs/api/lib/python3.10/site-packages/triton/language/core.py", line 1654, in arange\n    return _semantic.arange(start, end)\n  File "/home/lijiaxing/.conda/envs/api/lib/python3.10/site-packages/triton/language/semantic.py", line 574, in arange\n    raise ValueError("arange\'s arguments must be of type tl.constexpr")\nValueError: arange\'s arguments must be of type tl.constexpr\n', 'runtime_error_name': 'triton.compiler.errors.CompilationError', 'reference_timing_ms': 0.227, 'speed_up': -1.0, 'custom_timing': -1.0}, 'runtime': -1.0, 'runtime_stats': {}}}
2025-08-08 03:10:01,440 - openevolve.threaded_parallel - INFO - Checkpoint interval reached at iteration 9
2025-08-08 03:10:01,441 - openevolve.database - INFO - Island Status:
2025-08-08 03:10:01,441 - openevolve.database - INFO -    Island 0: 6 programs, best=20.0000, avg=15.0000, diversity=883.73, gen=4 (best: 31b6dc6e-a421-4409-bd93-57bbfbae3529)
2025-08-08 03:10:01,441 - openevolve.database - INFO -    Island 1: 4 programs, best=20.0000, avg=15.0000, diversity=539.32, gen=3 (best: 3407f0d2-c6bd-4ad5-967e-eba8359a88e4)
2025-08-08 03:10:01,442 - openevolve.database - INFO -  * Island 2: 3 programs, best=20.0000, avg=16.6667, diversity=370.60, gen=3 (best: 0870d0be-829c-4364-913a-869935d3d319)
2025-08-08 03:10:01,566 - openevolve.database - INFO - Saved database with 11 programs to openevolve_output/level3_3_DeepNarrowMLP/checkpoints/checkpoint_9
2025-08-08 03:10:01,582 - openevolve.controller - INFO - Saved best program at checkpoint 9 with metrics: compiled=1.0000, correctness=1.0000, stage=success, passed=0.0000, score=20.0000, speed_up=0.7960, runtime_ms=0.2850, meta={'hardware': 'NVIDIA L20Y', 'device': 'cuda:4', 'correctness_trials': '(5 / 5)', 'reference_timing_ms': 0.227, 'speed_up': 0.796, 'custom_timing': 0.285}
2025-08-08 03:10:01,582 - openevolve.controller - INFO - Saved checkpoint at iteration 9 to openevolve_output/level3_3_DeepNarrowMLP/checkpoints/checkpoint_9
2025-08-08 03:11:08,474 - openevolve.RemoteSpeedupEvaluator - INFO - [level3_3_DeepNarrowMLP] triton key words check pass
2025-08-08 03:11:08,475 - openevolve.RemoteSpeedupEvaluator - INFO - [level3_3_DeepNarrowMLP] verify_plus payload: reference_code(1359 chars) + custom_code(4371 chars)
2025-08-08 03:11:11,982 - openevolve.RemoteSpeedupEvaluator - INFO - [level3_3_DeepNarrowMLP] verify_plus request success
2025-08-08 03:11:11,982 - openevolve.RemoteSpeedupEvaluator - INFO - [level3_3_DeepNarrowMLP] verify_plus response: {"id":"level3_3_DeepNarrowMLP","result":{"compiled":true,"correctness":true,"metadata":{"hardware":"NVIDIA L20Y","device":"cuda:7","correctness_trials":"(5 / 5)","reference_timing_ms":0.227,"speed_up":0.725,"custom_timing":0.313},"runtime":0.313,"runtime_stats":{"mean":0.313,"std":0.0113,"min":0.295,"max":0.387,"num_trials":100,"hardware":"NVIDIA L20Y","device":"cuda:7"}}}
2025-08-08 03:11:11,982 - openevolve.RemoteSpeedupEvaluator - INFO - [level3_3_DeepNarrowMLP] âœ” success | speed_up=0.725  score=20.00
2025-08-08 03:11:11,983 - openevolve.evaluator - INFO - Evaluated program b2557c53-1f4f-4d2f-9a46-62f384cfb58a in 3.51s: compiled=1.0000, correctness=1.0000, stage=success, passed=0.0000, score=20.0000, speed_up=0.7250, runtime_ms=0.3130, meta={'hardware': 'NVIDIA L20Y', 'device': 'cuda:7', 'correctness_trials': '(5 / 5)', 'reference_timing_ms': 0.227, 'speed_up': 0.725, 'custom_timing': 0.313}
2025-08-08 03:11:11,986 - openevolve.llm.ensemble - INFO - Sampled model: deepseek
2025-08-08 03:11:11,994 - openevolve.database - INFO - New MAP-Elites cell occupied: {'score': 9, 'complexity': 7}
2025-08-08 03:11:12,007 - openevolve.threaded_parallel - INFO - Iteration 10: Program b2557c53-1f4f-4d2f-9a46-62f384cfb58a (parent: b7383dce-0c5b-4430-b6cd-89e030e8a94a) completed in 367.32s
2025-08-08 03:11:12,007 - openevolve.threaded_parallel - INFO - Metrics: compiled=1.0000, correctness=1.0000, stage=success, passed=0.0000, score=20.0000, speed_up=0.7250, runtime_ms=0.3130, meta={'hardware': 'NVIDIA L20Y', 'device': 'cuda:7', 'correctness_trials': '(5 / 5)', 'reference_timing_ms': 0.227, 'speed_up': 0.725, 'custom_timing': 0.313}
2025-08-08 03:16:31,415 - openevolve.RemoteSpeedupEvaluator - INFO - [level3_3_DeepNarrowMLP] âœ˜ invalid_answer 'import triton' is not found
2025-08-08 03:16:31,417 - openevolve.evaluator - INFO - Evaluated program c5981ddf-3b34-4f68-9957-71f8f601ef0e in 0.00s: compiled=0.0000, correctness=0.0000, score=-100.0000, stage=no_valid_triton_code, feedback=You need to generate real and valid triton code for the core function. The key word 'import triton' is not found.
2025-08-08 03:16:31,422 - openevolve.llm.ensemble - INFO - Sampled model: deepseek
2025-08-08 03:16:31,425 - openevolve.database - INFO - New MAP-Elites cell occupied: {'score': -1000, 'complexity': 0}
2025-08-08 03:16:31,432 - openevolve.threaded_parallel - INFO - Iteration 11: Program c5981ddf-3b34-4f68-9957-71f8f601ef0e (parent: 32e1721d-b873-4d84-be53-d522f53438f0) completed in 579.31s
2025-08-08 03:16:31,432 - openevolve.threaded_parallel - INFO - Metrics: compiled=0.0000, correctness=0.0000, score=-100.0000, stage=no_valid_triton_code, feedback=You need to generate real and valid triton code for the core function. The key word 'import triton' is not found.
2025-08-08 03:20:12,431 - openevolve.RemoteSpeedupEvaluator - INFO - [level3_3_DeepNarrowMLP] triton key words check pass
2025-08-08 03:20:12,433 - openevolve.RemoteSpeedupEvaluator - INFO - [level3_3_DeepNarrowMLP] verify_plus payload: reference_code(1359 chars) + custom_code(2892 chars)
2025-08-08 03:20:15,536 - openevolve.RemoteSpeedupEvaluator - INFO - [level3_3_DeepNarrowMLP] verify_plus request success
2025-08-08 03:20:15,536 - openevolve.RemoteSpeedupEvaluator - INFO - [level3_3_DeepNarrowMLP] verify_plus response: {"id":"level3_3_DeepNarrowMLP","result":{"compiled":true,"correctness":true,"metadata":{"hardware":"NVIDIA L20Y","device":"cuda:4","correctness_trials":"(5 / 5)","reference_timing_ms":0.227,"speed_up":0.794,"custom_timing":0.286},"runtime":0.286,"runtime_stats":{"mean":0.286,"std":0.0241,"min":0.271,"max":0.502,"num_trials":100,"hardware":"NVIDIA L20Y","device":"cuda:4"}}}
2025-08-08 03:20:15,536 - openevolve.RemoteSpeedupEvaluator - INFO - [level3_3_DeepNarrowMLP] âœ” success | speed_up=0.794  score=20.00
2025-08-08 03:20:15,537 - openevolve.evaluator - INFO - Evaluated program 0dc524ec-37b6-44f5-b75d-7a72a6b574d3 in 3.11s: compiled=1.0000, correctness=1.0000, stage=success, passed=0.0000, score=20.0000, speed_up=0.7940, runtime_ms=0.2860, meta={'hardware': 'NVIDIA L20Y', 'device': 'cuda:4', 'correctness_trials': '(5 / 5)', 'reference_timing_ms': 0.227, 'speed_up': 0.794, 'custom_timing': 0.286}
2025-08-08 03:20:15,540 - openevolve.llm.ensemble - INFO - Sampled model: deepseek
2025-08-08 03:20:15,551 - openevolve.threaded_parallel - INFO - Iteration 12: Program 0dc524ec-37b6-44f5-b75d-7a72a6b574d3 (parent: 8536349b-f24f-4672-a55e-e3adcb2d5308) completed in 614.11s
2025-08-08 03:20:15,551 - openevolve.threaded_parallel - INFO - Metrics: compiled=1.0000, correctness=1.0000, stage=success, passed=0.0000, score=20.0000, speed_up=0.7940, runtime_ms=0.2860, meta={'hardware': 'NVIDIA L20Y', 'device': 'cuda:4', 'correctness_trials': '(5 / 5)', 'reference_timing_ms': 0.227, 'speed_up': 0.794, 'custom_timing': 0.286}
2025-08-08 03:20:15,551 - openevolve.threaded_parallel - INFO - Checkpoint interval reached at iteration 12
2025-08-08 03:20:15,552 - openevolve.database - INFO - Island Status:
2025-08-08 03:20:15,553 - openevolve.database - INFO -    Island 0: 7 programs, best=20.0000, avg=-1.4286, diversity=769.57, gen=5 (best: 31b6dc6e-a421-4409-bd93-57bbfbae3529)
2025-08-08 03:20:15,553 - openevolve.database - INFO -    Island 1: 5 programs, best=20.0000, avg=16.0000, diversity=411.37, gen=4 (best: 3407f0d2-c6bd-4ad5-967e-eba8359a88e4)
2025-08-08 03:20:15,553 - openevolve.database - INFO -  * Island 2: 4 programs, best=20.0000, avg=17.5000, diversity=332.52, gen=4 (best: 0870d0be-829c-4364-913a-869935d3d319)
2025-08-08 03:20:15,783 - openevolve.database - INFO - Saved database with 14 programs to openevolve_output/level3_3_DeepNarrowMLP/checkpoints/checkpoint_12
2025-08-08 03:20:15,799 - openevolve.controller - INFO - Saved best program at checkpoint 12 with metrics: compiled=1.0000, correctness=1.0000, stage=success, passed=0.0000, score=20.0000, speed_up=0.7960, runtime_ms=0.2850, meta={'hardware': 'NVIDIA L20Y', 'device': 'cuda:4', 'correctness_trials': '(5 / 5)', 'reference_timing_ms': 0.227, 'speed_up': 0.796, 'custom_timing': 0.285}
2025-08-08 03:20:15,799 - openevolve.controller - INFO - Saved checkpoint at iteration 12 to openevolve_output/level3_3_DeepNarrowMLP/checkpoints/checkpoint_12
2025-08-08 03:21:48,837 - openevolve.RemoteSpeedupEvaluator - INFO - [level3_3_DeepNarrowMLP] triton key words check pass
2025-08-08 03:21:48,839 - openevolve.RemoteSpeedupEvaluator - INFO - [level3_3_DeepNarrowMLP] verify_plus payload: reference_code(1359 chars) + custom_code(5490 chars)
2025-08-08 03:21:51,638 - openevolve.RemoteSpeedupEvaluator - INFO - [level3_3_DeepNarrowMLP] verify_plus request success
2025-08-08 03:21:51,638 - openevolve.RemoteSpeedupEvaluator - INFO - [level3_3_DeepNarrowMLP] verify_plus response: {"id":"level3_3_DeepNarrowMLP","result":{"compiled":true,"correctness":false,"metadata":{"hardware":"NVIDIA L20Y","device":"cuda:5","runtime_error":"Traceback (most recent call last):\n  File \"/home/lijiaxing/.conda/envs/api/lib/python3.10/site-packages/triton/language/core.py\", line 42, in wrapper\n    return fn(*args, **kwargs)\nTypeError: dot() got an unexpected keyword argument 'trans_b'\n\nThe above exception was the direct cause of the following exception:\n\nTraceback (most recent call last):\n  File \"/cpfs01/shared/llm_kernel/hujiakai/KernelLLM/validation_api_server/helpers/evaluations.py\", line 720, in run_and_check_correctness\n    output_new = model_new(*inputs)\n  File \"/home/lijiaxing/.conda/envs/api/lib/python3.10/site-packages/torch/nn/modules/module.py\", line 1773, in
2025-08-08 03:21:51,639 - openevolve.RemoteSpeedupEvaluator - INFO - [level3_3_DeepNarrowMLP] âœ˜ wrong_answer
2025-08-08 03:21:51,639 - openevolve.evaluator - INFO - Evaluated program 9bf33ab0-355e-4ac5-905e-a35246f5055e in 2.80s: compiled=1.0000, correctness=0.0000, score=10.0000, stage=wrong_answer, verify_payload={'id': 'level3_3_DeepNarrowMLP', 'result': {'compiled': True, 'correctness': False, 'metadata': {'hardware': 'NVIDIA L20Y', 'device': 'cuda:5', 'runtime_error': 'Traceback (most recent call last):\n  File "/home/lijiaxing/.conda/envs/api/lib/python3.10/site-packages/triton/language/core.py", line 42, in wrapper\n    return fn(*args, **kwargs)\nTypeError: dot() got an unexpected keyword argument \'trans_b\'\n\nThe above exception was the direct cause of the following exception:\n\nTraceback (most recent call last):\n  File "/cpfs01/shared/llm_kernel/hujiakai/KernelLLM/validation_api_server/helpers/evaluations.py", line 720, in run_and_check_correctness\n    output_new = model_new(*inputs)\n  File "/home/lijiaxing/.conda/envs/api/lib/python3.10/site-packages/torch/nn/modules/module.py", line 1773, in _wrapped_call_impl\n    return self._call_impl(*args, **kwargs)\n  File "/home/lijiaxing/.conda/envs/api/lib/python3.10/site-packages/torch/nn/modules/module.py", line 1784, in _call_impl\n    return forward_call(*args, **kwargs)\n  File "/tmp/tmp2yw2w290.py", line 140, in forward\n    _linear_relu_forward[grid](\n  File "/home/lijiaxing/.conda/envs/api/lib/python3.10/site-packages/triton/runtime/jit.py", line 390, in <lambda>\n    return lambda *args, **kwargs: self.run(grid=grid, warmup=False, *args, **kwargs)\n  File "/home/lijiaxing/.conda/envs/api/lib/python3.10/site-packages/triton/runtime/jit.py", line 594, in run\n    kernel = self.compile(src, target=target, options=options.__dict__)\n  File "/home/lijiaxing/.conda/envs/api/lib/python3.10/site-packages/triton/compiler/compiler.py", line 339, in compile\n    module = src.make_ir(options, codegen_fns, module_map, context)\n  File "/home/lijiaxing/.conda/envs/api/lib/python3.10/site-packages/triton/compiler/compiler.py", line 83, in make_ir\n    return ast_to_ttir(self.fn, self, context=context, options=options, codegen_fns=codegen_fns,\ntriton.compiler.errors.CompilationError: at 37:22:\n        offs_k = k + tl.arange(0, BLOCK_SIZE_K)\n        mask_k = offs_k < in_features\n\n        # Load input block\n        x_val = tl.load(x_ptr + batch_start + offs_k, mask=mask_k, other=0.0)\n\n        # Load weight block with coalesced access\n        w_ptrs = w_ptr + offs_n[:, None] * in_features + offs_k[None, :]\n        w_val = tl.load(w_ptrs, mask=mask_n[:, None] & mask_k[None, :], other=0.0)\n\n        # Compute partial dot product using tensor core operation\n        dot_product = tl.dot(x_val, w_val, trans_b=True)[0, :]\n                      ^\n\n\nThe above exception was the direct cause of the following exception:\n\nTraceback (most recent call last):\n  File "/home/lijiaxing/.conda/envs/api/lib/python3.10/site-packages/triton/language/core.py", line 42, in wrapper\n    return fn(*args, **kwargs)\nTypeError: dot() got an unexpected keyword argument \'trans_b\'\n', 'runtime_error_name': 'triton.compiler.errors.CompilationError', 'reference_timing_ms': 0.227, 'speed_up': -1.0, 'custom_timing': -1.0}, 'runtime': -1.0, 'runtime_stats': {}}}
2025-08-08 03:21:51,642 - openevolve.llm.ensemble - INFO - Sampled model: deepseek
2025-08-08 03:21:51,651 - openevolve.threaded_parallel - INFO - Iteration 13: Program 9bf33ab0-355e-4ac5-905e-a35246f5055e (parent: 0870d0be-829c-4364-913a-869935d3d319) completed in 639.65s
2025-08-08 03:21:51,651 - openevolve.threaded_parallel - INFO - Metrics: compiled=1.0000, correctness=0.0000, score=10.0000, stage=wrong_answer, verify_payload={'id': 'level3_3_DeepNarrowMLP', 'result': {'compiled': True, 'correctness': False, 'metadata': {'hardware': 'NVIDIA L20Y', 'device': 'cuda:5', 'runtime_error': 'Traceback (most recent call last):\n  File "/home/lijiaxing/.conda/envs/api/lib/python3.10/site-packages/triton/language/core.py", line 42, in wrapper\n    return fn(*args, **kwargs)\nTypeError: dot() got an unexpected keyword argument \'trans_b\'\n\nThe above exception was the direct cause of the following exception:\n\nTraceback (most recent call last):\n  File "/cpfs01/shared/llm_kernel/hujiakai/KernelLLM/validation_api_server/helpers/evaluations.py", line 720, in run_and_check_correctness\n    output_new = model_new(*inputs)\n  File "/home/lijiaxing/.conda/envs/api/lib/python3.10/site-packages/torch/nn/modules/module.py", line 1773, in _wrapped_call_impl\n    return self._call_impl(*args, **kwargs)\n  File "/home/lijiaxing/.conda/envs/api/lib/python3.10/site-packages/torch/nn/modules/module.py", line 1784, in _call_impl\n    return forward_call(*args, **kwargs)\n  File "/tmp/tmp2yw2w290.py", line 140, in forward\n    _linear_relu_forward[grid](\n  File "/home/lijiaxing/.conda/envs/api/lib/python3.10/site-packages/triton/runtime/jit.py", line 390, in <lambda>\n    return lambda *args, **kwargs: self.run(grid=grid, warmup=False, *args, **kwargs)\n  File "/home/lijiaxing/.conda/envs/api/lib/python3.10/site-packages/triton/runtime/jit.py", line 594, in run\n    kernel = self.compile(src, target=target, options=options.__dict__)\n  File "/home/lijiaxing/.conda/envs/api/lib/python3.10/site-packages/triton/compiler/compiler.py", line 339, in compile\n    module = src.make_ir(options, codegen_fns, module_map, context)\n  File "/home/lijiaxing/.conda/envs/api/lib/python3.10/site-packages/triton/compiler/compiler.py", line 83, in make_ir\n    return ast_to_ttir(self.fn, self, context=context, options=options, codegen_fns=codegen_fns,\ntriton.compiler.errors.CompilationError: at 37:22:\n        offs_k = k + tl.arange(0, BLOCK_SIZE_K)\n        mask_k = offs_k < in_features\n\n        # Load input block\n        x_val = tl.load(x_ptr + batch_start + offs_k, mask=mask_k, other=0.0)\n\n        # Load weight block with coalesced access\n        w_ptrs = w_ptr + offs_n[:, None] * in_features + offs_k[None, :]\n        w_val = tl.load(w_ptrs, mask=mask_n[:, None] & mask_k[None, :], other=0.0)\n\n        # Compute partial dot product using tensor core operation\n        dot_product = tl.dot(x_val, w_val, trans_b=True)[0, :]\n                      ^\n\n\nThe above exception was the direct cause of the following exception:\n\nTraceback (most recent call last):\n  File "/home/lijiaxing/.conda/envs/api/lib/python3.10/site-packages/triton/language/core.py", line 42, in wrapper\n    return fn(*args, **kwargs)\nTypeError: dot() got an unexpected keyword argument \'trans_b\'\n', 'runtime_error_name': 'triton.compiler.errors.CompilationError', 'reference_timing_ms': 0.227, 'speed_up': -1.0, 'custom_timing': -1.0}, 'runtime': -1.0, 'runtime_stats': {}}}
2025-08-08 03:27:21,635 - openevolve.RemoteSpeedupEvaluator - INFO - [level3_3_DeepNarrowMLP] triton key words check pass
2025-08-08 03:27:21,637 - openevolve.RemoteSpeedupEvaluator - INFO - [level3_3_DeepNarrowMLP] verify_plus payload: reference_code(1359 chars) + custom_code(5291 chars)
2025-08-08 03:27:24,732 - openevolve.RemoteSpeedupEvaluator - INFO - [level3_3_DeepNarrowMLP] verify_plus request success
2025-08-08 03:27:24,732 - openevolve.RemoteSpeedupEvaluator - INFO - [level3_3_DeepNarrowMLP] verify_plus response: {"id":"level3_3_DeepNarrowMLP","result":{"compiled":true,"correctness":true,"metadata":{"hardware":"NVIDIA L20Y","device":"cuda:2","correctness_trials":"(5 / 5)","reference_timing_ms":0.227,"speed_up":0.802,"custom_timing":0.283},"runtime":0.283,"runtime_stats":{"mean":0.283,"std":0.00754,"min":0.27,"max":0.307,"num_trials":100,"hardware":"NVIDIA L20Y","device":"cuda:2"}}}
2025-08-08 03:27:24,732 - openevolve.RemoteSpeedupEvaluator - INFO - [level3_3_DeepNarrowMLP] âœ” success | speed_up=0.802  score=20.00
2025-08-08 03:27:24,732 - openevolve.evaluator - INFO - Evaluated program e68abe58-dce9-4581-972b-61594fae0fe0 in 3.10s: compiled=1.0000, correctness=1.0000, stage=success, passed=0.0000, score=20.0000, speed_up=0.8020, runtime_ms=0.2830, meta={'hardware': 'NVIDIA L20Y', 'device': 'cuda:2', 'correctness_trials': '(5 / 5)', 'reference_timing_ms': 0.227, 'speed_up': 0.802, 'custom_timing': 0.283}
2025-08-08 03:27:24,736 - openevolve.llm.ensemble - INFO - Sampled model: deepseek
2025-08-08 03:27:24,752 - openevolve.threaded_parallel - INFO - Iteration 16: Program e68abe58-dce9-4581-972b-61594fae0fe0 (parent: 31b6dc6e-a421-4409-bd93-57bbfbae3529) completed in 333.09s
2025-08-08 03:27:24,752 - openevolve.threaded_parallel - INFO - Metrics: compiled=1.0000, correctness=1.0000, stage=success, passed=0.0000, score=20.0000, speed_up=0.8020, runtime_ms=0.2830, meta={'hardware': 'NVIDIA L20Y', 'device': 'cuda:2', 'correctness_trials': '(5 / 5)', 'reference_timing_ms': 0.227, 'speed_up': 0.802, 'custom_timing': 0.283}
2025-08-08 03:27:59,650 - openevolve.RemoteSpeedupEvaluator - INFO - [level3_3_DeepNarrowMLP] triton key words check pass
2025-08-08 03:27:59,652 - openevolve.RemoteSpeedupEvaluator - INFO - [level3_3_DeepNarrowMLP] verify_plus payload: reference_code(1359 chars) + custom_code(4080 chars)
2025-08-08 03:28:07,110 - openevolve.RemoteSpeedupEvaluator - INFO - [level3_3_DeepNarrowMLP] verify_plus request success
2025-08-08 03:28:07,110 - openevolve.RemoteSpeedupEvaluator - INFO - [level3_3_DeepNarrowMLP] verify_plus response: {"id":"level3_3_DeepNarrowMLP","result":{"compiled":true,"correctness":true,"metadata":{"hardware":"NVIDIA L20Y","device":"cuda:1","correctness_trials":"(5 / 5)","reference_timing_ms":0.227,"speed_up":0.482,"custom_timing":0.471},"runtime":0.471,"runtime_stats":{"mean":0.471,"std":0.00837,"min":0.456,"max":0.501,"num_trials":100,"hardware":"NVIDIA L20Y","device":"cuda:1"}}}
2025-08-08 03:28:07,110 - openevolve.RemoteSpeedupEvaluator - INFO - [level3_3_DeepNarrowMLP] âœ” success | speed_up=0.482  score=20.00
2025-08-08 03:28:07,111 - openevolve.evaluator - INFO - Evaluated program ddafe5d1-a954-4257-9d53-88f289f398a7 in 7.46s: compiled=1.0000, correctness=1.0000, stage=success, passed=0.0000, score=20.0000, speed_up=0.4820, runtime_ms=0.4710, meta={'hardware': 'NVIDIA L20Y', 'device': 'cuda:1', 'correctness_trials': '(5 / 5)', 'reference_timing_ms': 0.227, 'speed_up': 0.482, 'custom_timing': 0.471}
2025-08-08 03:28:07,115 - openevolve.llm.ensemble - INFO - Sampled model: deepseek
2025-08-08 03:28:07,131 - openevolve.threaded_parallel - INFO - Iteration 14: Program ddafe5d1-a954-4257-9d53-88f289f398a7 (parent: dfc65664-9f5f-4471-8294-980266c20092) completed in 695.69s
2025-08-08 03:28:07,131 - openevolve.threaded_parallel - INFO - Metrics: compiled=1.0000, correctness=1.0000, stage=success, passed=0.0000, score=20.0000, speed_up=0.4820, runtime_ms=0.4710, meta={'hardware': 'NVIDIA L20Y', 'device': 'cuda:1', 'correctness_trials': '(5 / 5)', 'reference_timing_ms': 0.227, 'speed_up': 0.482, 'custom_timing': 0.471}
2025-08-08 03:29:25,824 - openevolve.RemoteSpeedupEvaluator - INFO - [level3_3_DeepNarrowMLP] triton key words check pass
2025-08-08 03:29:25,826 - openevolve.RemoteSpeedupEvaluator - INFO - [level3_3_DeepNarrowMLP] verify_plus payload: reference_code(1359 chars) + custom_code(5205 chars)
2025-08-08 03:29:37,668 - openevolve.RemoteSpeedupEvaluator - INFO - [level3_3_DeepNarrowMLP] verify_plus request success
2025-08-08 03:29:37,668 - openevolve.RemoteSpeedupEvaluator - INFO - [level3_3_DeepNarrowMLP] verify_plus response: {"id":"level3_3_DeepNarrowMLP","result":{"compiled":true,"correctness":true,"metadata":{"hardware":"NVIDIA L20Y","device":"cuda:7","correctness_trials":"(5 / 5)","reference_timing_ms":0.227,"speed_up":0.543,"custom_timing":0.418},"runtime":0.418,"runtime_stats":{"mean":0.418,"std":0.00756,"min":0.404,"max":0.454,"num_trials":100,"hardware":"NVIDIA L20Y","device":"cuda:7"}}}
2025-08-08 03:29:37,669 - openevolve.RemoteSpeedupEvaluator - INFO - [level3_3_DeepNarrowMLP] âœ” success | speed_up=0.543  score=20.00
2025-08-08 03:29:37,669 - openevolve.evaluator - INFO - Evaluated program 67cbf3ed-319b-417f-977c-9e18f299435f in 11.85s: compiled=1.0000, correctness=1.0000, stage=success, passed=0.0000, score=20.0000, speed_up=0.5430, runtime_ms=0.4180, meta={'hardware': 'NVIDIA L20Y', 'device': 'cuda:7', 'correctness_trials': '(5 / 5)', 'reference_timing_ms': 0.227, 'speed_up': 0.543, 'custom_timing': 0.418}
2025-08-08 03:29:37,673 - openevolve.llm.ensemble - INFO - Sampled model: deepseek
2025-08-08 03:29:37,683 - openevolve.threaded_parallel - INFO - Iteration 15: Program 67cbf3ed-319b-417f-977c-9e18f299435f (parent: 8536349b-f24f-4672-a55e-e3adcb2d5308) completed in 562.13s
2025-08-08 03:29:37,683 - openevolve.threaded_parallel - INFO - Metrics: compiled=1.0000, correctness=1.0000, stage=success, passed=0.0000, score=20.0000, speed_up=0.5430, runtime_ms=0.4180, meta={'hardware': 'NVIDIA L20Y', 'device': 'cuda:7', 'correctness_trials': '(5 / 5)', 'reference_timing_ms': 0.227, 'speed_up': 0.543, 'custom_timing': 0.418}
2025-08-08 03:29:37,683 - openevolve.threaded_parallel - INFO - Checkpoint interval reached at iteration 15
2025-08-08 03:29:37,685 - openevolve.database - INFO - Island Status:
2025-08-08 03:29:37,685 - openevolve.database - INFO -  * Island 0: 8 programs, best=20.0000, avg=1.2500, diversity=769.57, gen=7 (best: 31b6dc6e-a421-4409-bd93-57bbfbae3529)
2025-08-08 03:29:37,685 - openevolve.database - INFO -    Island 1: 6 programs, best=20.0000, avg=16.6667, diversity=411.37, gen=5 (best: 3407f0d2-c6bd-4ad5-967e-eba8359a88e4)
2025-08-08 03:29:37,685 - openevolve.database - INFO -    Island 2: 6 programs, best=20.0000, avg=16.6667, diversity=211.27, gen=5 (best: 0870d0be-829c-4364-913a-869935d3d319)
2025-08-08 03:29:37,882 - openevolve.database - INFO - Saved database with 18 programs to openevolve_output/level3_3_DeepNarrowMLP/checkpoints/checkpoint_15
2025-08-08 03:29:37,898 - openevolve.controller - INFO - Saved best program at checkpoint 15 with metrics: compiled=1.0000, correctness=1.0000, stage=success, passed=0.0000, score=20.0000, speed_up=0.7960, runtime_ms=0.2850, meta={'hardware': 'NVIDIA L20Y', 'device': 'cuda:4', 'correctness_trials': '(5 / 5)', 'reference_timing_ms': 0.227, 'speed_up': 0.796, 'custom_timing': 0.285}
2025-08-08 03:29:37,898 - openevolve.controller - INFO - Saved checkpoint at iteration 15 to openevolve_output/level3_3_DeepNarrowMLP/checkpoints/checkpoint_15
2025-08-08 03:33:10,738 - openevolve.RemoteSpeedupEvaluator - INFO - [level3_3_DeepNarrowMLP] âœ˜ invalid_answer 'import triton' is not found
2025-08-08 03:33:10,740 - openevolve.evaluator - INFO - Evaluated program e5c77667-97f1-4501-8d2c-88316f837b13 in 0.00s: compiled=0.0000, correctness=0.0000, score=-100.0000, stage=no_valid_triton_code, feedback=You need to generate real and valid triton code for the core function. The key word 'import triton' is not found.
2025-08-08 03:33:10,744 - openevolve.llm.ensemble - INFO - Sampled model: deepseek
2025-08-08 03:33:10,756 - openevolve.threaded_parallel - INFO - Iteration 19: Program e5c77667-97f1-4501-8d2c-88316f837b13 (parent: b7383dce-0c5b-4430-b6cd-89e030e8a94a) completed in 213.07s
2025-08-08 03:33:10,756 - openevolve.threaded_parallel - INFO - Metrics: compiled=0.0000, correctness=0.0000, score=-100.0000, stage=no_valid_triton_code, feedback=You need to generate real and valid triton code for the core function. The key word 'import triton' is not found.
2025-08-08 03:38:10,325 - openevolve.RemoteSpeedupEvaluator - INFO - [level3_3_DeepNarrowMLP] triton key words check pass
2025-08-08 03:38:10,327 - openevolve.RemoteSpeedupEvaluator - INFO - [level3_3_DeepNarrowMLP] verify_plus payload: reference_code(1359 chars) + custom_code(3773 chars)
2025-08-08 03:38:16,382 - openevolve.RemoteSpeedupEvaluator - INFO - [level3_3_DeepNarrowMLP] verify_plus request success
2025-08-08 03:38:16,382 - openevolve.RemoteSpeedupEvaluator - INFO - [level3_3_DeepNarrowMLP] verify_plus response: {"id":"level3_3_DeepNarrowMLP","result":{"compiled":true,"correctness":true,"metadata":{"hardware":"NVIDIA L20Y","device":"cuda:7","correctness_trials":"(5 / 5)","reference_timing_ms":0.227,"speed_up":0.466,"custom_timing":0.487},"runtime":0.487,"runtime_stats":{"mean":0.487,"std":0.00657,"min":0.475,"max":0.508,"num_trials":100,"hardware":"NVIDIA L20Y","device":"cuda:7"}}}
2025-08-08 03:38:16,382 - openevolve.RemoteSpeedupEvaluator - INFO - [level3_3_DeepNarrowMLP] âœ” success | speed_up=0.466  score=20.00
2025-08-08 03:38:16,383 - openevolve.evaluator - INFO - Evaluated program 33a644d5-2cb6-4219-9982-9e35872e20d5 in 6.06s: compiled=1.0000, correctness=1.0000, stage=success, passed=0.0000, score=20.0000, speed_up=0.4660, runtime_ms=0.4870, meta={'hardware': 'NVIDIA L20Y', 'device': 'cuda:7', 'correctness_trials': '(5 / 5)', 'reference_timing_ms': 0.227, 'speed_up': 0.466, 'custom_timing': 0.487}
2025-08-08 03:38:16,386 - openevolve.database - INFO - MAP-Elites cell improved: {'score': 9, 'complexity': 6} (fitness: 10.000 -> 20.000)
2025-08-08 03:38:16,388 - openevolve.llm.ensemble - INFO - Sampled model: deepseek
2025-08-08 03:38:16,397 - openevolve.threaded_parallel - INFO - Iteration 17: Program 33a644d5-2cb6-4219-9982-9e35872e20d5 (parent: 704f9ff1-4f9f-4384-91ca-3c9f007ddd0a) completed in 651.65s
2025-08-08 03:38:16,397 - openevolve.threaded_parallel - INFO - Metrics: compiled=1.0000, correctness=1.0000, stage=success, passed=0.0000, score=20.0000, speed_up=0.4660, runtime_ms=0.4870, meta={'hardware': 'NVIDIA L20Y', 'device': 'cuda:7', 'correctness_trials': '(5 / 5)', 'reference_timing_ms': 0.227, 'speed_up': 0.466, 'custom_timing': 0.487}
2025-08-08 03:39:14,958 - openevolve.RemoteSpeedupEvaluator - INFO - [level3_3_DeepNarrowMLP] triton key words check pass
2025-08-08 03:39:14,960 - openevolve.RemoteSpeedupEvaluator - INFO - [level3_3_DeepNarrowMLP] verify_plus payload: reference_code(1359 chars) + custom_code(3277 chars)
2025-08-08 03:39:18,591 - openevolve.RemoteSpeedupEvaluator - INFO - [level3_3_DeepNarrowMLP] verify_plus request success
2025-08-08 03:39:18,591 - openevolve.RemoteSpeedupEvaluator - INFO - [level3_3_DeepNarrowMLP] verify_plus response: {"id":"level3_3_DeepNarrowMLP","result":{"compiled":true,"correctness":true,"metadata":{"hardware":"NVIDIA L20Y","device":"cuda:4","correctness_trials":"(5 / 5)","reference_timing_ms":0.227,"speed_up":0.495,"custom_timing":0.459},"runtime":0.459,"runtime_stats":{"mean":0.459,"std":0.00888,"min":0.44,"max":0.489,"num_trials":100,"hardware":"NVIDIA L20Y","device":"cuda:4"}}}
2025-08-08 03:39:18,591 - openevolve.RemoteSpeedupEvaluator - INFO - [level3_3_DeepNarrowMLP] âœ” success | speed_up=0.495  score=20.00
2025-08-08 03:39:18,592 - openevolve.evaluator - INFO - Evaluated program 191f0671-75c0-4c23-ad57-30eb3151435d in 3.64s: compiled=1.0000, correctness=1.0000, stage=success, passed=0.0000, score=20.0000, speed_up=0.4950, runtime_ms=0.4590, meta={'hardware': 'NVIDIA L20Y', 'device': 'cuda:4', 'correctness_trials': '(5 / 5)', 'reference_timing_ms': 0.227, 'speed_up': 0.495, 'custom_timing': 0.459}
2025-08-08 03:39:18,596 - openevolve.llm.ensemble - INFO - Sampled model: deepseek
2025-08-08 03:39:18,613 - openevolve.threaded_parallel - INFO - Iteration 20: Program 191f0671-75c0-4c23-ad57-30eb3151435d (parent: c5981ddf-3b34-4f68-9957-71f8f601ef0e) completed in 367.85s
2025-08-08 03:39:18,614 - openevolve.threaded_parallel - INFO - Metrics: compiled=1.0000, correctness=1.0000, stage=success, passed=0.0000, score=20.0000, speed_up=0.4950, runtime_ms=0.4590, meta={'hardware': 'NVIDIA L20Y', 'device': 'cuda:4', 'correctness_trials': '(5 / 5)', 'reference_timing_ms': 0.227, 'speed_up': 0.495, 'custom_timing': 0.459}
2025-08-08 03:39:31,377 - openevolve.RemoteSpeedupEvaluator - INFO - [level3_3_DeepNarrowMLP] triton key words check pass
2025-08-08 03:39:31,377 - openevolve.RemoteSpeedupEvaluator - INFO - [level3_3_DeepNarrowMLP] verify_plus payload: reference_code(1359 chars) + custom_code(3160 chars)
2025-08-08 03:39:35,768 - openevolve.RemoteSpeedupEvaluator - INFO - [level3_3_DeepNarrowMLP] verify_plus request success
2025-08-08 03:39:35,768 - openevolve.RemoteSpeedupEvaluator - INFO - [level3_3_DeepNarrowMLP] verify_plus response: {"id":"level3_3_DeepNarrowMLP","result":{"compiled":true,"correctness":true,"metadata":{"hardware":"NVIDIA L20Y","device":"cuda:7","correctness_trials":"(5 / 5)","reference_timing_ms":0.227,"speed_up":0.548,"custom_timing":0.414},"runtime":0.414,"runtime_stats":{"mean":0.414,"std":0.00737,"min":0.4,"max":0.437,"num_trials":100,"hardware":"NVIDIA L20Y","device":"cuda:7"}}}
2025-08-08 03:39:35,768 - openevolve.RemoteSpeedupEvaluator - INFO - [level3_3_DeepNarrowMLP] âœ” success | speed_up=0.548  score=20.00
2025-08-08 03:39:35,769 - openevolve.evaluator - INFO - Evaluated program bd533de0-0327-4b6f-9d7a-4c5065336df1 in 4.39s: compiled=1.0000, correctness=1.0000, stage=success, passed=0.0000, score=20.0000, speed_up=0.5480, runtime_ms=0.4140, meta={'hardware': 'NVIDIA L20Y', 'device': 'cuda:7', 'correctness_trials': '(5 / 5)', 'reference_timing_ms': 0.227, 'speed_up': 0.548, 'custom_timing': 0.414}
2025-08-08 03:39:35,773 - openevolve.llm.ensemble - INFO - Sampled model: deepseek
2025-08-08 03:39:35,785 - openevolve.threaded_parallel - INFO - Iteration 18: Program bd533de0-0327-4b6f-9d7a-4c5065336df1 (parent: 8536349b-f24f-4672-a55e-e3adcb2d5308) completed in 688.65s
2025-08-08 03:39:35,785 - openevolve.threaded_parallel - INFO - Metrics: compiled=1.0000, correctness=1.0000, stage=success, passed=0.0000, score=20.0000, speed_up=0.5480, runtime_ms=0.4140, meta={'hardware': 'NVIDIA L20Y', 'device': 'cuda:7', 'correctness_trials': '(5 / 5)', 'reference_timing_ms': 0.227, 'speed_up': 0.548, 'custom_timing': 0.414}
2025-08-08 03:39:35,785 - openevolve.threaded_parallel - INFO - Checkpoint interval reached at iteration 18
2025-08-08 03:39:35,787 - openevolve.database - INFO - Island Status:
2025-08-08 03:39:35,787 - openevolve.database - INFO -    Island 0: 10 programs, best=20.0000, avg=-7.0000, diversity=858.08, gen=8 (best: 31b6dc6e-a421-4409-bd93-57bbfbae3529)
2025-08-08 03:39:35,787 - openevolve.database - INFO -  * Island 1: 7 programs, best=20.0000, avg=17.1429, diversity=527.03, gen=7 (best: 3407f0d2-c6bd-4ad5-967e-eba8359a88e4)
2025-08-08 03:39:35,787 - openevolve.database - INFO -    Island 2: 7 programs, best=20.0000, avg=17.1429, diversity=427.18, gen=6 (best: 0870d0be-829c-4364-913a-869935d3d319)
2025-08-08 03:39:36,148 - openevolve.database - INFO - Saved database with 22 programs to openevolve_output/level3_3_DeepNarrowMLP/checkpoints/checkpoint_18
2025-08-08 03:39:36,165 - openevolve.controller - INFO - Saved best program at checkpoint 18 with metrics: compiled=1.0000, correctness=1.0000, stage=success, passed=0.0000, score=20.0000, speed_up=0.7960, runtime_ms=0.2850, meta={'hardware': 'NVIDIA L20Y', 'device': 'cuda:4', 'correctness_trials': '(5 / 5)', 'reference_timing_ms': 0.227, 'speed_up': 0.796, 'custom_timing': 0.285}
2025-08-08 03:39:36,165 - openevolve.controller - INFO - Saved checkpoint at iteration 18 to openevolve_output/level3_3_DeepNarrowMLP/checkpoints/checkpoint_18
2025-08-08 03:43:22,067 - openevolve.RemoteSpeedupEvaluator - INFO - [level3_3_DeepNarrowMLP] triton key words check pass
2025-08-08 03:43:22,069 - openevolve.RemoteSpeedupEvaluator - INFO - [level3_3_DeepNarrowMLP] verify_plus payload: reference_code(1359 chars) + custom_code(3306 chars)
2025-08-08 03:43:27,717 - openevolve.RemoteSpeedupEvaluator - INFO - [level3_3_DeepNarrowMLP] verify_plus request success
2025-08-08 03:43:27,718 - openevolve.RemoteSpeedupEvaluator - INFO - [level3_3_DeepNarrowMLP] verify_plus response: {"id":"level3_3_DeepNarrowMLP","result":{"compiled":true,"correctness":true,"metadata":{"hardware":"NVIDIA L20Y","device":"cuda:1","correctness_trials":"(5 / 5)","reference_timing_ms":0.227,"speed_up":0.533,"custom_timing":0.426},"runtime":0.426,"runtime_stats":{"mean":0.426,"std":0.00876,"min":0.411,"max":0.453,"num_trials":100,"hardware":"NVIDIA L20Y","device":"cuda:1"}}}
2025-08-08 03:43:27,718 - openevolve.RemoteSpeedupEvaluator - INFO - [level3_3_DeepNarrowMLP] âœ” success | speed_up=0.533  score=20.00
2025-08-08 03:43:27,718 - openevolve.evaluator - INFO - Evaluated program 084584ed-fbfe-499f-a759-fff97ee15d01 in 5.65s: compiled=1.0000, correctness=1.0000, stage=success, passed=0.0000, score=20.0000, speed_up=0.5330, runtime_ms=0.4260, meta={'hardware': 'NVIDIA L20Y', 'device': 'cuda:1', 'correctness_trials': '(5 / 5)', 'reference_timing_ms': 0.227, 'speed_up': 0.533, 'custom_timing': 0.426}
2025-08-08 03:43:27,723 - openevolve.llm.ensemble - INFO - Sampled model: deepseek
2025-08-08 03:43:27,740 - openevolve.threaded_parallel - INFO - Iteration 21: Program 084584ed-fbfe-499f-a759-fff97ee15d01 (parent: 3407f0d2-c6bd-4ad5-967e-eba8359a88e4) completed in 311.33s
2025-08-08 03:43:27,740 - openevolve.threaded_parallel - INFO - Metrics: compiled=1.0000, correctness=1.0000, stage=success, passed=0.0000, score=20.0000, speed_up=0.5330, runtime_ms=0.4260, meta={'hardware': 'NVIDIA L20Y', 'device': 'cuda:1', 'correctness_trials': '(5 / 5)', 'reference_timing_ms': 0.227, 'speed_up': 0.533, 'custom_timing': 0.426}
2025-08-08 03:43:27,740 - openevolve.threaded_parallel - INFO - Checkpoint interval reached at iteration 21
2025-08-08 03:43:27,742 - openevolve.database - INFO - Island Status:
2025-08-08 03:43:27,742 - openevolve.database - INFO -    Island 0: 10 programs, best=20.0000, avg=-7.0000, diversity=858.08, gen=8 (best: 31b6dc6e-a421-4409-bd93-57bbfbae3529)
2025-08-08 03:43:27,742 - openevolve.database - INFO -    Island 1: 8 programs, best=20.0000, avg=17.5000, diversity=376.13, gen=7 (best: 3407f0d2-c6bd-4ad5-967e-eba8359a88e4)
2025-08-08 03:43:27,742 - openevolve.database - INFO -  * Island 2: 7 programs, best=20.0000, avg=17.1429, diversity=427.18, gen=7 (best: 0870d0be-829c-4364-913a-869935d3d319)
2025-08-08 03:43:28,527 - openevolve.database - INFO - Saved database with 23 programs to openevolve_output/level3_3_DeepNarrowMLP/checkpoints/checkpoint_21
2025-08-08 03:43:28,544 - openevolve.controller - INFO - Saved best program at checkpoint 21 with metrics: compiled=1.0000, correctness=1.0000, stage=success, passed=0.0000, score=20.0000, speed_up=0.7960, runtime_ms=0.2850, meta={'hardware': 'NVIDIA L20Y', 'device': 'cuda:4', 'correctness_trials': '(5 / 5)', 'reference_timing_ms': 0.227, 'speed_up': 0.796, 'custom_timing': 0.285}
2025-08-08 03:43:28,544 - openevolve.controller - INFO - Saved checkpoint at iteration 21 to openevolve_output/level3_3_DeepNarrowMLP/checkpoints/checkpoint_21
2025-08-08 03:49:46,412 - openevolve.RemoteSpeedupEvaluator - INFO - [level3_3_DeepNarrowMLP] triton key words check pass
2025-08-08 03:49:46,413 - openevolve.RemoteSpeedupEvaluator - INFO - [level3_3_DeepNarrowMLP] verify_plus payload: reference_code(1359 chars) + custom_code(5490 chars)
2025-08-08 03:49:49,330 - openevolve.RemoteSpeedupEvaluator - INFO - [level3_3_DeepNarrowMLP] verify_plus request success
2025-08-08 03:49:49,330 - openevolve.RemoteSpeedupEvaluator - INFO - [level3_3_DeepNarrowMLP] verify_plus response: {"id":"level3_3_DeepNarrowMLP","result":{"compiled":true,"correctness":false,"metadata":{"hardware":"NVIDIA L20Y","device":"cuda:4","runtime_error":"Traceback (most recent call last):\n  File \"/home/lijiaxing/.conda/envs/api/lib/python3.10/site-packages/triton/language/core.py\", line 42, in wrapper\n    return fn(*args, **kwargs)\nTypeError: dot() got an unexpected keyword argument 'trans_b'\n\nThe above exception was the direct cause of the following exception:\n\nTraceback (most recent call last):\n  File \"/cpfs01/shared/llm_kernel/hujiakai/KernelLLM/validation_api_server/helpers/evaluations.py\", line 720, in run_and_check_correctness\n    output_new = model_new(*inputs)\n  File \"/home/lijiaxing/.conda/envs/api/lib/python3.10/site-packages/torch/nn/modules/module.py\", line 1773, in
2025-08-08 03:49:49,330 - openevolve.RemoteSpeedupEvaluator - INFO - [level3_3_DeepNarrowMLP] âœ˜ wrong_answer
2025-08-08 03:49:49,331 - openevolve.evaluator - INFO - Evaluated program 9ee78ba6-5f72-4ec1-aa3a-8f3971bf7a72 in 2.92s: compiled=1.0000, correctness=0.0000, score=10.0000, stage=wrong_answer, verify_payload={'id': 'level3_3_DeepNarrowMLP', 'result': {'compiled': True, 'correctness': False, 'metadata': {'hardware': 'NVIDIA L20Y', 'device': 'cuda:4', 'runtime_error': 'Traceback (most recent call last):\n  File "/home/lijiaxing/.conda/envs/api/lib/python3.10/site-packages/triton/language/core.py", line 42, in wrapper\n    return fn(*args, **kwargs)\nTypeError: dot() got an unexpected keyword argument \'trans_b\'\n\nThe above exception was the direct cause of the following exception:\n\nTraceback (most recent call last):\n  File "/cpfs01/shared/llm_kernel/hujiakai/KernelLLM/validation_api_server/helpers/evaluations.py", line 720, in run_and_check_correctness\n    output_new = model_new(*inputs)\n  File "/home/lijiaxing/.conda/envs/api/lib/python3.10/site-packages/torch/nn/modules/module.py", line 1773, in _wrapped_call_impl\n    return self._call_impl(*args, **kwargs)\n  File "/home/lijiaxing/.conda/envs/api/lib/python3.10/site-packages/torch/nn/modules/module.py", line 1784, in _call_impl\n    return forward_call(*args, **kwargs)\n  File "/tmp/tmp69hq4tli.py", line 130, in forward\n    return self.network(x)\n  File "/home/lijiaxing/.conda/envs/api/lib/python3.10/site-packages/torch/nn/modules/module.py", line 1773, in _wrapped_call_impl\n    return self._call_impl(*args, **kwargs)\n  File "/home/lijiaxing/.conda/envs/api/lib/python3.10/site-packages/torch/nn/modules/module.py", line 1784, in _call_impl\n    return forward_call(*args, **kwargs)\n  File "/home/lijiaxing/.conda/envs/api/lib/python3.10/site-packages/torch/nn/modules/container.py", line 244, in forward\n    input = module(input)\n  File "/home/lijiaxing/.conda/envs/api/lib/python3.10/site-packages/torch/nn/modules/module.py", line 1773, in _wrapped_call_impl\n    return self._call_impl(*args, **kwargs)\n  File "/home/lijiaxing/.conda/envs/api/lib/python3.10/site-packages/torch/nn/modules/module.py", line 1784, in _call_impl\n    return forward_call(*args, **kwargs)\n  File "/tmp/tmp69hq4tli.py", line 108, in forward\n    linear_relu_kernel[grid](\n  File "/home/lijiaxing/.conda/envs/api/lib/python3.10/site-packages/triton/runtime/jit.py", line 390, in <lambda>\n    return lambda *args, **kwargs: self.run(grid=grid, warmup=False, *args, **kwargs)\n  File "/home/lijiaxing/.conda/envs/api/lib/python3.10/site-packages/triton/runtime/autotuner.py", line 239, in run\n    benchmark()\n  File "/home/lijiaxing/.conda/envs/api/lib/python3.10/site-packages/triton/runtime/autotuner.py", line 228, in benchmark\n    timings = {config: self._bench(*args, config=config, **kwargs) for config in pruned_configs}\n  File "/home/lijiaxing/.conda/envs/api/lib/python3.10/site-packages/triton/runtime/autotuner.py", line 228, in <dictcomp>\n    timings = {config: self._bench(*args, config=config, **kwargs) for config in pruned_configs}\n  File "/home/lijiaxing/.conda/envs/api/lib/python3.10/site-packages/triton/runtime/autotuner.py", line 160, in _bench\n    return self.do_bench(kernel_call, quantiles=(0.5, 0.2, 0.8))\n  File "/home/lijiaxing/.conda/envs/api/lib/python3.10/site-packages/triton/testing.py", line 149, in do_bench\n    fn()\n  File "/home/lijiaxing/.conda/envs/api/lib/python3.10/site-packages/triton/runtime/autotuner.py", line 146, in kernel_call\n    self.fn.run(\n  File "/home/lijiaxing/.conda/envs/api/lib/python3.10/site-packages/triton/runtime/jit.py", line 594, in run\n    kernel = self.compile(src, target=target, options=options.__dict__)\n  File "/home/lijiaxing/.conda/envs/api/lib/python3.10/site-packages/triton/compiler/compiler.py", line 339, in compile\n    module = src.make_ir(options, codegen_fns, module_map, context)\n  File "/home/lijiaxing/.conda/envs/api/lib/python3.10/site-packages/triton/compiler/compiler.py", line 83, in make_ir\n    return ast_to_ttir(self.fn, self, context=context, options=options, codegen_fns=codegen_fns,\ntriton.compiler.errors.CompilationError: at 33:15:\n        mask_w = (j_offsets[:, None] < out_features) & (k_offsets[None, :] < in_features)\n\n        x_block = tl.load(\n            x_ptr + batch_offsets[:, None] * in_features + k_offsets[None, :],\n            mask=mask_x, other=0.0\n        )\n        w_block = tl.load(\n            w_ptr + j_offsets[:, None] * in_features + k_offsets[None, :],\n            mask=mask_w, other=0.0\n        )\n\n        acc += tl.dot(x_block, w_block, trans_b=True, allow_tf32=True)\n               ^\n\n\nThe above exception was the direct cause of the following exception:\n\nTraceback (most recent call last):\n  File "/home/lijiaxing/.conda/envs/api/lib/python3.10/site-packages/triton/language/core.py", line 42, in wrapper\n    return fn(*args, **kwargs)\nTypeError: dot() got an unexpected keyword argument \'trans_b\'\n', 'runtime_error_name': 'triton.compiler.errors.CompilationError', 'reference_timing_ms': 0.227, 'speed_up': -1.0, 'custom_timing': -1.0}, 'runtime': -1.0, 'runtime_stats': {}}}
2025-08-08 03:49:49,336 - openevolve.llm.ensemble - INFO - Sampled model: deepseek
2025-08-08 03:49:49,347 - openevolve.threaded_parallel - INFO - Iteration 22: Program 9ee78ba6-5f72-4ec1-aa3a-8f3971bf7a72 (parent: b2557c53-1f4f-4d2f-9a46-62f384cfb58a) completed in 630.74s
2025-08-08 03:49:49,347 - openevolve.threaded_parallel - INFO - Metrics: compiled=1.0000, correctness=0.0000, score=10.0000, stage=wrong_answer, verify_payload={'id': 'level3_3_DeepNarrowMLP', 'result': {'compiled': True, 'correctness': False, 'metadata': {'hardware': 'NVIDIA L20Y', 'device': 'cuda:4', 'runtime_error': 'Traceback (most recent call last):\n  File "/home/lijiaxing/.conda/envs/api/lib/python3.10/site-packages/triton/language/core.py", line 42, in wrapper\n    return fn(*args, **kwargs)\nTypeError: dot() got an unexpected keyword argument \'trans_b\'\n\nThe above exception was the direct cause of the following exception:\n\nTraceback (most recent call last):\n  File "/cpfs01/shared/llm_kernel/hujiakai/KernelLLM/validation_api_server/helpers/evaluations.py", line 720, in run_and_check_correctness\n    output_new = model_new(*inputs)\n  File "/home/lijiaxing/.conda/envs/api/lib/python3.10/site-packages/torch/nn/modules/module.py", line 1773, in _wrapped_call_impl\n    return self._call_impl(*args, **kwargs)\n  File "/home/lijiaxing/.conda/envs/api/lib/python3.10/site-packages/torch/nn/modules/module.py", line 1784, in _call_impl\n    return forward_call(*args, **kwargs)\n  File "/tmp/tmp69hq4tli.py", line 130, in forward\n    return self.network(x)\n  File "/home/lijiaxing/.conda/envs/api/lib/python3.10/site-packages/torch/nn/modules/module.py", line 1773, in _wrapped_call_impl\n    return self._call_impl(*args, **kwargs)\n  File "/home/lijiaxing/.conda/envs/api/lib/python3.10/site-packages/torch/nn/modules/module.py", line 1784, in _call_impl\n    return forward_call(*args, **kwargs)\n  File "/home/lijiaxing/.conda/envs/api/lib/python3.10/site-packages/torch/nn/modules/container.py", line 244, in forward\n    input = module(input)\n  File "/home/lijiaxing/.conda/envs/api/lib/python3.10/site-packages/torch/nn/modules/module.py", line 1773, in _wrapped_call_impl\n    return self._call_impl(*args, **kwargs)\n  File "/home/lijiaxing/.conda/envs/api/lib/python3.10/site-packages/torch/nn/modules/module.py", line 1784, in _call_impl\n    return forward_call(*args, **kwargs)\n  File "/tmp/tmp69hq4tli.py", line 108, in forward\n    linear_relu_kernel[grid](\n  File "/home/lijiaxing/.conda/envs/api/lib/python3.10/site-packages/triton/runtime/jit.py", line 390, in <lambda>\n    return lambda *args, **kwargs: self.run(grid=grid, warmup=False, *args, **kwargs)\n  File "/home/lijiaxing/.conda/envs/api/lib/python3.10/site-packages/triton/runtime/autotuner.py", line 239, in run\n    benchmark()\n  File "/home/lijiaxing/.conda/envs/api/lib/python3.10/site-packages/triton/runtime/autotuner.py", line 228, in benchmark\n    timings = {config: self._bench(*args, config=config, **kwargs) for config in pruned_configs}\n  File "/home/lijiaxing/.conda/envs/api/lib/python3.10/site-packages/triton/runtime/autotuner.py", line 228, in <dictcomp>\n    timings = {config: self._bench(*args, config=config, **kwargs) for config in pruned_configs}\n  File "/home/lijiaxing/.conda/envs/api/lib/python3.10/site-packages/triton/runtime/autotuner.py", line 160, in _bench\n    return self.do_bench(kernel_call, quantiles=(0.5, 0.2, 0.8))\n  File "/home/lijiaxing/.conda/envs/api/lib/python3.10/site-packages/triton/testing.py", line 149, in do_bench\n    fn()\n  File "/home/lijiaxing/.conda/envs/api/lib/python3.10/site-packages/triton/runtime/autotuner.py", line 146, in kernel_call\n    self.fn.run(\n  File "/home/lijiaxing/.conda/envs/api/lib/python3.10/site-packages/triton/runtime/jit.py", line 594, in run\n    kernel = self.compile(src, target=target, options=options.__dict__)\n  File "/home/lijiaxing/.conda/envs/api/lib/python3.10/site-packages/triton/compiler/compiler.py", line 339, in compile\n    module = src.make_ir(options, codegen_fns, module_map, context)\n  File "/home/lijiaxing/.conda/envs/api/lib/python3.10/site-packages/triton/compiler/compiler.py", line 83, in make_ir\n    return ast_to_ttir(self.fn, self, context=context, options=options, codegen_fns=codegen_fns,\ntriton.compiler.errors.CompilationError: at 33:15:\n        mask_w = (j_offsets[:, None] < out_features) & (k_offsets[None, :] < in_features)\n\n        x_block = tl.load(\n            x_ptr + batch_offsets[:, None] * in_features + k_offsets[None, :],\n            mask=mask_x, other=0.0\n        )\n        w_block = tl.load(\n            w_ptr + j_offsets[:, None] * in_features + k_offsets[None, :],\n            mask=mask_w, other=0.0\n        )\n\n        acc += tl.dot(x_block, w_block, trans_b=True, allow_tf32=True)\n               ^\n\n\nThe above exception was the direct cause of the following exception:\n\nTraceback (most recent call last):\n  File "/home/lijiaxing/.conda/envs/api/lib/python3.10/site-packages/triton/language/core.py", line 42, in wrapper\n    return fn(*args, **kwargs)\nTypeError: dot() got an unexpected keyword argument \'trans_b\'\n', 'runtime_error_name': 'triton.compiler.errors.CompilationError', 'reference_timing_ms': 0.227, 'speed_up': -1.0, 'custom_timing': -1.0}, 'runtime': -1.0, 'runtime_stats': {}}}
2025-08-08 03:53:27,074 - openevolve.RemoteSpeedupEvaluator - INFO - [level3_3_DeepNarrowMLP] triton key words check pass
2025-08-08 03:53:27,076 - openevolve.RemoteSpeedupEvaluator - INFO - [level3_3_DeepNarrowMLP] verify_plus payload: reference_code(1359 chars) + custom_code(2892 chars)
2025-08-08 03:53:30,605 - openevolve.RemoteSpeedupEvaluator - INFO - [level3_3_DeepNarrowMLP] verify_plus request success
2025-08-08 03:53:30,605 - openevolve.RemoteSpeedupEvaluator - INFO - [level3_3_DeepNarrowMLP] verify_plus response: {"id":"level3_3_DeepNarrowMLP","result":{"compiled":true,"correctness":true,"metadata":{"hardware":"NVIDIA L20Y","device":"cuda:7","correctness_trials":"(5 / 5)","reference_timing_ms":0.227,"speed_up":0.794,"custom_timing":0.286},"runtime":0.286,"runtime_stats":{"mean":0.286,"std":0.00602,"min":0.274,"max":0.306,"num_trials":100,"hardware":"NVIDIA L20Y","device":"cuda:7"}}}
2025-08-08 03:53:30,605 - openevolve.RemoteSpeedupEvaluator - INFO - [level3_3_DeepNarrowMLP] âœ” success | speed_up=0.794  score=20.00
2025-08-08 03:53:30,606 - openevolve.evaluator - INFO - Evaluated program f2ee4aff-c3cf-49d5-a09b-e068e777b2d5 in 3.53s: compiled=1.0000, correctness=1.0000, stage=success, passed=0.0000, score=20.0000, speed_up=0.7940, runtime_ms=0.2860, meta={'hardware': 'NVIDIA L20Y', 'device': 'cuda:7', 'correctness_trials': '(5 / 5)', 'reference_timing_ms': 0.227, 'speed_up': 0.794, 'custom_timing': 0.286}
2025-08-08 03:53:30,610 - openevolve.llm.ensemble - INFO - Sampled model: deepseek
2025-08-08 03:53:30,618 - openevolve.threaded_parallel - INFO - Iteration 24: Program f2ee4aff-c3cf-49d5-a09b-e068e777b2d5 (parent: 33a644d5-2cb6-4219-9982-9e35872e20d5) completed in 602.88s
2025-08-08 03:53:30,618 - openevolve.threaded_parallel - INFO - Metrics: compiled=1.0000, correctness=1.0000, stage=success, passed=0.0000, score=20.0000, speed_up=0.7940, runtime_ms=0.2860, meta={'hardware': 'NVIDIA L20Y', 'device': 'cuda:7', 'correctness_trials': '(5 / 5)', 'reference_timing_ms': 0.227, 'speed_up': 0.794, 'custom_timing': 0.286}
2025-08-08 03:53:30,618 - openevolve.threaded_parallel - INFO - Checkpoint interval reached at iteration 24
2025-08-08 03:53:30,620 - openevolve.database - INFO - Island Status:
2025-08-08 03:53:30,620 - openevolve.database - INFO -    Island 0: 11 programs, best=20.0000, avg=-4.5455, diversity=858.08, gen=9 (best: 31b6dc6e-a421-4409-bd93-57bbfbae3529)
2025-08-08 03:53:30,620 - openevolve.database - INFO -  * Island 1: 8 programs, best=20.0000, avg=17.5000, diversity=376.13, gen=8 (best: 3407f0d2-c6bd-4ad5-967e-eba8359a88e4)
2025-08-08 03:53:30,620 - openevolve.database - INFO -    Island 2: 8 programs, best=20.0000, avg=16.2500, diversity=427.18, gen=7 (best: 0870d0be-829c-4364-913a-869935d3d319)
2025-08-08 03:53:30,943 - openevolve.database - INFO - Saved database with 25 programs to openevolve_output/level3_3_DeepNarrowMLP/checkpoints/checkpoint_24
2025-08-08 03:53:30,959 - openevolve.controller - INFO - Saved best program at checkpoint 24 with metrics: compiled=1.0000, correctness=1.0000, stage=success, passed=0.0000, score=20.0000, speed_up=0.7960, runtime_ms=0.2850, meta={'hardware': 'NVIDIA L20Y', 'device': 'cuda:4', 'correctness_trials': '(5 / 5)', 'reference_timing_ms': 0.227, 'speed_up': 0.796, 'custom_timing': 0.285}
2025-08-08 03:53:30,959 - openevolve.controller - INFO - Saved checkpoint at iteration 24 to openevolve_output/level3_3_DeepNarrowMLP/checkpoints/checkpoint_24
2025-08-08 03:57:43,063 - openevolve.RemoteSpeedupEvaluator - INFO - [level3_3_DeepNarrowMLP] triton key words check pass
2025-08-08 03:57:43,064 - openevolve.RemoteSpeedupEvaluator - INFO - [level3_3_DeepNarrowMLP] verify_plus payload: reference_code(1359 chars) + custom_code(3350 chars)
2025-08-08 03:57:46,300 - openevolve.RemoteSpeedupEvaluator - INFO - [level3_3_DeepNarrowMLP] verify_plus request success
2025-08-08 03:57:46,301 - openevolve.RemoteSpeedupEvaluator - INFO - [level3_3_DeepNarrowMLP] verify_plus response: {"id":"level3_3_DeepNarrowMLP","result":{"compiled":true,"correctness":true,"metadata":{"hardware":"NVIDIA L20Y","device":"cuda:5","correctness_trials":"(5 / 5)","reference_timing_ms":0.227,"speed_up":0.615,"custom_timing":0.369},"runtime":0.369,"runtime_stats":{"mean":0.369,"std":0.00606,"min":0.356,"max":0.389,"num_trials":100,"hardware":"NVIDIA L20Y","device":"cuda:5"}}}
2025-08-08 03:57:46,301 - openevolve.RemoteSpeedupEvaluator - INFO - [level3_3_DeepNarrowMLP] âœ” success | speed_up=0.615  score=20.00
2025-08-08 03:57:46,301 - openevolve.evaluator - INFO - Evaluated program 22ef98a1-baa1-4757-943b-6a8df67e729e in 3.24s: compiled=1.0000, correctness=1.0000, stage=success, passed=0.0000, score=20.0000, speed_up=0.6150, runtime_ms=0.3690, meta={'hardware': 'NVIDIA L20Y', 'device': 'cuda:5', 'correctness_trials': '(5 / 5)', 'reference_timing_ms': 0.227, 'speed_up': 0.615, 'custom_timing': 0.369}
2025-08-08 03:57:46,305 - openevolve.llm.ensemble - INFO - Sampled model: deepseek
2025-08-08 03:57:46,311 - openevolve.database - INFO - Population size (26) exceeds limit (25), removing 1 programs
2025-08-08 03:57:46,311 - openevolve.database - INFO - Population size after cleanup: 25
2025-08-08 03:57:46,323 - openevolve.threaded_parallel - INFO - Iteration 23: Program 22ef98a1-baa1-4757-943b-6a8df67e729e (parent: 704f9ff1-4f9f-4384-91ca-3c9f007ddd0a) completed in 1090.53s
2025-08-08 03:57:46,324 - openevolve.threaded_parallel - INFO - Metrics: compiled=1.0000, correctness=1.0000, stage=success, passed=0.0000, score=20.0000, speed_up=0.6150, runtime_ms=0.3690, meta={'hardware': 'NVIDIA L20Y', 'device': 'cuda:5', 'correctness_trials': '(5 / 5)', 'reference_timing_ms': 0.227, 'speed_up': 0.615, 'custom_timing': 0.369}
2025-08-08 04:00:14,363 - openevolve.RemoteSpeedupEvaluator - INFO - [level3_3_DeepNarrowMLP] triton key words check pass
2025-08-08 04:00:14,365 - openevolve.RemoteSpeedupEvaluator - INFO - [level3_3_DeepNarrowMLP] verify_plus payload: reference_code(1359 chars) + custom_code(4371 chars)
2025-08-08 04:00:17,624 - openevolve.RemoteSpeedupEvaluator - INFO - [level3_3_DeepNarrowMLP] verify_plus request success
2025-08-08 04:00:17,624 - openevolve.RemoteSpeedupEvaluator - INFO - [level3_3_DeepNarrowMLP] verify_plus response: {"id":"level3_3_DeepNarrowMLP","result":{"compiled":true,"correctness":false,"metadata":{"hardware":"NVIDIA L20Y","device":"cuda:0","runtime_error":"Traceback (most recent call last):\n  File \"/home/lijiaxing/.conda/envs/api/lib/python3.10/site-packages/triton/language/core.py\", line 42, in wrapper\n    return fn(*args, **kwargs)\n  File \"/home/lijiaxing/.conda/envs/api/lib/python3.10/site-packages/triton/language/core.py\", line 2045, in dot\n    return _semantic.dot(input, other, acc, input_precision, max_num_imprecise_acc, out_dtype)\n  File \"/home/lijiaxing/.conda/envs/api/lib/python3.10/site-packages/triton/language/semantic.py\", line 1498, in dot\n    assert lhs.shape[-1].value == rhs.shape[\nAssertionError: First input shape (['constexpr[16]', 'constexpr[64]']) and second input
2025-08-08 04:00:17,624 - openevolve.RemoteSpeedupEvaluator - INFO - [level3_3_DeepNarrowMLP] âœ˜ wrong_answer
2025-08-08 04:00:17,625 - openevolve.evaluator - INFO - Evaluated program 6f3498ad-bbe0-45da-b2a4-5d705c4d6464 in 3.26s: compiled=1.0000, correctness=0.0000, score=10.0000, stage=wrong_answer, verify_payload={'id': 'level3_3_DeepNarrowMLP', 'result': {'compiled': True, 'correctness': False, 'metadata': {'hardware': 'NVIDIA L20Y', 'device': 'cuda:0', 'runtime_error': 'Traceback (most recent call last):\n  File "/home/lijiaxing/.conda/envs/api/lib/python3.10/site-packages/triton/language/core.py", line 42, in wrapper\n    return fn(*args, **kwargs)\n  File "/home/lijiaxing/.conda/envs/api/lib/python3.10/site-packages/triton/language/core.py", line 2045, in dot\n    return _semantic.dot(input, other, acc, input_precision, max_num_imprecise_acc, out_dtype)\n  File "/home/lijiaxing/.conda/envs/api/lib/python3.10/site-packages/triton/language/semantic.py", line 1498, in dot\n    assert lhs.shape[-1].value == rhs.shape[\nAssertionError: First input shape ([\'constexpr[16]\', \'constexpr[64]\']) and second input shape [\'constexpr[32]\', \'constexpr[64]\'] are not compatible for matmul (second index of first shape (64) must be equal to first index of second shape (32)\n\nThe above exception was the direct cause of the following exception:\n\nTraceback (most recent call last):\n  File "/cpfs01/shared/llm_kernel/hujiakai/KernelLLM/validation_api_server/helpers/evaluations.py", line 720, in run_and_check_correctness\n    output_new = model_new(*inputs)\n  File "/home/lijiaxing/.conda/envs/api/lib/python3.10/site-packages/torch/nn/modules/module.py", line 1773, in _wrapped_call_impl\n    return self._call_impl(*args, **kwargs)\n  File "/home/lijiaxing/.conda/envs/api/lib/python3.10/site-packages/torch/nn/modules/module.py", line 1784, in _call_impl\n    return forward_call(*args, **kwargs)\n  File "/tmp/tmprqnc1p_e.py", line 119, in forward\n    return self.network(x)\n  File "/home/lijiaxing/.conda/envs/api/lib/python3.10/site-packages/torch/nn/modules/module.py", line 1773, in _wrapped_call_impl\n    return self._call_impl(*args, **kwargs)\n  File "/home/lijiaxing/.conda/envs/api/lib/python3.10/site-packages/torch/nn/modules/module.py", line 1784, in _call_impl\n    return forward_call(*args, **kwargs)\n  File "/home/lijiaxing/.conda/envs/api/lib/python3.10/site-packages/torch/nn/modules/container.py", line 244, in forward\n    input = module(input)\n  File "/home/lijiaxing/.conda/envs/api/lib/python3.10/site-packages/torch/nn/modules/module.py", line 1773, in _wrapped_call_impl\n    return self._call_impl(*args, **kwargs)\n  File "/home/lijiaxing/.conda/envs/api/lib/python3.10/site-packages/torch/nn/modules/module.py", line 1784, in _call_impl\n    return forward_call(*args, **kwargs)\n  File "/tmp/tmprqnc1p_e.py", line 94, in forward\n    linear_relu_kernel[grid](\n  File "/home/lijiaxing/.conda/envs/api/lib/python3.10/site-packages/triton/runtime/jit.py", line 390, in <lambda>\n    return lambda *args, **kwargs: self.run(grid=grid, warmup=False, *args, **kwargs)\n  File "/home/lijiaxing/.conda/envs/api/lib/python3.10/site-packages/triton/runtime/jit.py", line 594, in run\n    kernel = self.compile(src, target=target, options=options.__dict__)\n  File "/home/lijiaxing/.conda/envs/api/lib/python3.10/site-packages/triton/compiler/compiler.py", line 339, in compile\n    module = src.make_ir(options, codegen_fns, module_map, context)\n  File "/home/lijiaxing/.conda/envs/api/lib/python3.10/site-packages/triton/compiler/compiler.py", line 83, in make_ir\n    return ast_to_ttir(self.fn, self, context=context, options=options, codegen_fns=codegen_fns,\ntriton.compiler.errors.CompilationError: at 33:15:\n        mask_w = (j_offsets[:, None] < out_features) & (k_offsets[None, :] < in_features)\n\n        x_block = tl.load(\n            x_ptr + batch_offsets[:, None] * in_features + k_offsets[None, :],\n            mask=mask_x, other=0.0\n        )\n        w_block = tl.load(\n            w_ptr + k_offsets[None, :] * out_features + j_offsets[:, None],\n            mask=mask_w, other=0.0\n        )\n\n        acc += tl.dot(x_block, w_block)\n               ^\n\n\nThe above exception was the direct cause of the following exception:\n\nTraceback (most recent call last):\n  File "/home/lijiaxing/.conda/envs/api/lib/python3.10/site-packages/triton/language/core.py", line 42, in wrapper\n    return fn(*args, **kwargs)\n  File "/home/lijiaxing/.conda/envs/api/lib/python3.10/site-packages/triton/language/core.py", line 2045, in dot\n    return _semantic.dot(input, other, acc, input_precision, max_num_imprecise_acc, out_dtype)\n  File "/home/lijiaxing/.conda/envs/api/lib/python3.10/site-packages/triton/language/semantic.py", line 1498, in dot\n    assert lhs.shape[-1].value == rhs.shape[\nAssertionError: First input shape ([\'constexpr[16]\', \'constexpr[64]\']) and second input shape [\'constexpr[32]\', \'constexpr[64]\'] are not compatible for matmul (second index of first shape (64) must be equal to first index of second shape (32)\n', 'runtime_error_name': 'triton.compiler.errors.CompilationError', 'reference_timing_ms': 0.227, 'speed_up': -1.0, 'custom_timing': -1.0}, 'runtime': -1.0, 'runtime_stats': {}}}
2025-08-08 04:00:17,630 - openevolve.llm.ensemble - INFO - Sampled model: deepseek
2025-08-08 04:00:17,633 - openevolve.database - INFO - Population size (26) exceeds limit (25), removing 1 programs
2025-08-08 04:00:17,633 - openevolve.database - INFO - Population size after cleanup: 25
2025-08-08 04:00:17,646 - openevolve.threaded_parallel - INFO - Iteration 25: Program 6f3498ad-bbe0-45da-b2a4-5d705c4d6464 (parent: b7383dce-0c5b-4430-b6cd-89e030e8a94a) completed in 628.29s
2025-08-08 04:00:17,646 - openevolve.threaded_parallel - INFO - Metrics: compiled=1.0000, correctness=0.0000, score=10.0000, stage=wrong_answer, verify_payload={'id': 'level3_3_DeepNarrowMLP', 'result': {'compiled': True, 'correctness': False, 'metadata': {'hardware': 'NVIDIA L20Y', 'device': 'cuda:0', 'runtime_error': 'Traceback (most recent call last):\n  File "/home/lijiaxing/.conda/envs/api/lib/python3.10/site-packages/triton/language/core.py", line 42, in wrapper\n    return fn(*args, **kwargs)\n  File "/home/lijiaxing/.conda/envs/api/lib/python3.10/site-packages/triton/language/core.py", line 2045, in dot\n    return _semantic.dot(input, other, acc, input_precision, max_num_imprecise_acc, out_dtype)\n  File "/home/lijiaxing/.conda/envs/api/lib/python3.10/site-packages/triton/language/semantic.py", line 1498, in dot\n    assert lhs.shape[-1].value == rhs.shape[\nAssertionError: First input shape ([\'constexpr[16]\', \'constexpr[64]\']) and second input shape [\'constexpr[32]\', \'constexpr[64]\'] are not compatible for matmul (second index of first shape (64) must be equal to first index of second shape (32)\n\nThe above exception was the direct cause of the following exception:\n\nTraceback (most recent call last):\n  File "/cpfs01/shared/llm_kernel/hujiakai/KernelLLM/validation_api_server/helpers/evaluations.py", line 720, in run_and_check_correctness\n    output_new = model_new(*inputs)\n  File "/home/lijiaxing/.conda/envs/api/lib/python3.10/site-packages/torch/nn/modules/module.py", line 1773, in _wrapped_call_impl\n    return self._call_impl(*args, **kwargs)\n  File "/home/lijiaxing/.conda/envs/api/lib/python3.10/site-packages/torch/nn/modules/module.py", line 1784, in _call_impl\n    return forward_call(*args, **kwargs)\n  File "/tmp/tmprqnc1p_e.py", line 119, in forward\n    return self.network(x)\n  File "/home/lijiaxing/.conda/envs/api/lib/python3.10/site-packages/torch/nn/modules/module.py", line 1773, in _wrapped_call_impl\n    return self._call_impl(*args, **kwargs)\n  File "/home/lijiaxing/.conda/envs/api/lib/python3.10/site-packages/torch/nn/modules/module.py", line 1784, in _call_impl\n    return forward_call(*args, **kwargs)\n  File "/home/lijiaxing/.conda/envs/api/lib/python3.10/site-packages/torch/nn/modules/container.py", line 244, in forward\n    input = module(input)\n  File "/home/lijiaxing/.conda/envs/api/lib/python3.10/site-packages/torch/nn/modules/module.py", line 1773, in _wrapped_call_impl\n    return self._call_impl(*args, **kwargs)\n  File "/home/lijiaxing/.conda/envs/api/lib/python3.10/site-packages/torch/nn/modules/module.py", line 1784, in _call_impl\n    return forward_call(*args, **kwargs)\n  File "/tmp/tmprqnc1p_e.py", line 94, in forward\n    linear_relu_kernel[grid](\n  File "/home/lijiaxing/.conda/envs/api/lib/python3.10/site-packages/triton/runtime/jit.py", line 390, in <lambda>\n    return lambda *args, **kwargs: self.run(grid=grid, warmup=False, *args, **kwargs)\n  File "/home/lijiaxing/.conda/envs/api/lib/python3.10/site-packages/triton/runtime/jit.py", line 594, in run\n    kernel = self.compile(src, target=target, options=options.__dict__)\n  File "/home/lijiaxing/.conda/envs/api/lib/python3.10/site-packages/triton/compiler/compiler.py", line 339, in compile\n    module = src.make_ir(options, codegen_fns, module_map, context)\n  File "/home/lijiaxing/.conda/envs/api/lib/python3.10/site-packages/triton/compiler/compiler.py", line 83, in make_ir\n    return ast_to_ttir(self.fn, self, context=context, options=options, codegen_fns=codegen_fns,\ntriton.compiler.errors.CompilationError: at 33:15:\n        mask_w = (j_offsets[:, None] < out_features) & (k_offsets[None, :] < in_features)\n\n        x_block = tl.load(\n            x_ptr + batch_offsets[:, None] * in_features + k_offsets[None, :],\n            mask=mask_x, other=0.0\n        )\n        w_block = tl.load(\n            w_ptr + k_offsets[None, :] * out_features + j_offsets[:, None],\n            mask=mask_w, other=0.0\n        )\n\n        acc += tl.dot(x_block, w_block)\n               ^\n\n\nThe above exception was the direct cause of the following exception:\n\nTraceback (most recent call last):\n  File "/home/lijiaxing/.conda/envs/api/lib/python3.10/site-packages/triton/language/core.py", line 42, in wrapper\n    return fn(*args, **kwargs)\n  File "/home/lijiaxing/.conda/envs/api/lib/python3.10/site-packages/triton/language/core.py", line 2045, in dot\n    return _semantic.dot(input, other, acc, input_precision, max_num_imprecise_acc, out_dtype)\n  File "/home/lijiaxing/.conda/envs/api/lib/python3.10/site-packages/triton/language/semantic.py", line 1498, in dot\n    assert lhs.shape[-1].value == rhs.shape[\nAssertionError: First input shape ([\'constexpr[16]\', \'constexpr[64]\']) and second input shape [\'constexpr[32]\', \'constexpr[64]\'] are not compatible for matmul (second index of first shape (64) must be equal to first index of second shape (32)\n', 'runtime_error_name': 'triton.compiler.errors.CompilationError', 'reference_timing_ms': 0.227, 'speed_up': -1.0, 'custom_timing': -1.0}, 'runtime': -1.0, 'runtime_stats': {}}}
2025-08-08 04:00:33,494 - openevolve.RemoteSpeedupEvaluator - INFO - [level3_3_DeepNarrowMLP] triton key words check pass
2025-08-08 04:00:33,494 - openevolve.RemoteSpeedupEvaluator - INFO - [level3_3_DeepNarrowMLP] verify_plus payload: reference_code(1359 chars) + custom_code(6229 chars)
2025-08-08 04:00:42,080 - openevolve.RemoteSpeedupEvaluator - INFO - [level3_3_DeepNarrowMLP] verify_plus request success
2025-08-08 04:00:42,081 - openevolve.RemoteSpeedupEvaluator - INFO - [level3_3_DeepNarrowMLP] verify_plus response: {"id":"level3_3_DeepNarrowMLP","result":{"compiled":true,"correctness":false,"metadata":{"hardware":"NVIDIA L20Y","device":"cuda:3","max_difference":["0.127469","0.016945","0.016547","0.016870","0.016889"],"avg_difference":["0.072950","0.007735","0.007549","0.007686","0.007598"],"correctness_issue":"Output mismatch","correctness_trials":"(0 / 5)","reference_timing_ms":0.227,"speed_up":-1.0,"custom_timing":-1.0},"runtime":-1.0,"runtime_stats":{}}}
2025-08-08 04:00:42,081 - openevolve.RemoteSpeedupEvaluator - INFO - [level3_3_DeepNarrowMLP] âœ˜ wrong_answer
2025-08-08 04:00:42,081 - openevolve.evaluator - INFO - Evaluated program f556f01c-a97f-4dac-97f8-05a3eb59165c in 8.59s: compiled=1.0000, correctness=0.0000, score=10.0000, stage=wrong_answer, verify_payload={'id': 'level3_3_DeepNarrowMLP', 'result': {'compiled': True, 'correctness': False, 'metadata': {'hardware': 'NVIDIA L20Y', 'device': 'cuda:3', 'max_difference': ['0.127469', '0.016945', '0.016547', '0.016870', '0.016889'], 'avg_difference': ['0.072950', '0.007735', '0.007549', '0.007686', '0.007598'], 'correctness_issue': 'Output mismatch', 'correctness_trials': '(0 / 5)', 'reference_timing_ms': 0.227, 'speed_up': -1.0, 'custom_timing': -1.0}, 'runtime': -1.0, 'runtime_stats': {}}}
2025-08-08 04:00:42,085 - openevolve.llm.ensemble - INFO - Sampled model: deepseek
2025-08-08 04:00:42,088 - openevolve.database - INFO - Population size (26) exceeds limit (25), removing 1 programs
2025-08-08 04:00:42,089 - openevolve.database - INFO - Population size after cleanup: 25
2025-08-08 04:00:42,101 - openevolve.threaded_parallel - INFO - Iteration 26: Program f556f01c-a97f-4dac-97f8-05a3eb59165c (parent: e8ea0347-0af5-4fd6-846a-6995fda50654) completed in 431.47s
2025-08-08 04:00:42,101 - openevolve.threaded_parallel - INFO - Metrics: compiled=1.0000, correctness=0.0000, score=10.0000, stage=wrong_answer, verify_payload={'id': 'level3_3_DeepNarrowMLP', 'result': {'compiled': True, 'correctness': False, 'metadata': {'hardware': 'NVIDIA L20Y', 'device': 'cuda:3', 'max_difference': ['0.127469', '0.016945', '0.016547', '0.016870', '0.016889'], 'avg_difference': ['0.072950', '0.007735', '0.007549', '0.007686', '0.007598'], 'correctness_issue': 'Output mismatch', 'correctness_trials': '(0 / 5)', 'reference_timing_ms': 0.227, 'speed_up': -1.0, 'custom_timing': -1.0}, 'runtime': -1.0, 'runtime_stats': {}}}
2025-08-08 04:04:43,008 - openevolve.RemoteSpeedupEvaluator - INFO - [level3_3_DeepNarrowMLP] triton key words check pass
2025-08-08 04:04:43,010 - openevolve.RemoteSpeedupEvaluator - INFO - [level3_3_DeepNarrowMLP] verify_plus payload: reference_code(1359 chars) + custom_code(2892 chars)
2025-08-08 04:04:45,940 - openevolve.RemoteSpeedupEvaluator - INFO - [level3_3_DeepNarrowMLP] verify_plus request success
2025-08-08 04:04:45,940 - openevolve.RemoteSpeedupEvaluator - INFO - [level3_3_DeepNarrowMLP] verify_plus response: {"id":"level3_3_DeepNarrowMLP","result":{"compiled":true,"correctness":true,"metadata":{"hardware":"NVIDIA L20Y","device":"cuda:4","correctness_trials":"(5 / 5)","reference_timing_ms":0.227,"speed_up":0.819,"custom_timing":0.277},"runtime":0.277,"runtime_stats":{"mean":0.277,"std":0.00794,"min":0.262,"max":0.301,"num_trials":100,"hardware":"NVIDIA L20Y","device":"cuda:4"}}}
2025-08-08 04:04:45,940 - openevolve.RemoteSpeedupEvaluator - INFO - [level3_3_DeepNarrowMLP] âœ” success | speed_up=0.819  score=20.00
2025-08-08 04:04:45,941 - openevolve.evaluator - INFO - Evaluated program eba4389b-3c87-4364-9de0-c9dd8c1037dd in 2.93s: compiled=1.0000, correctness=1.0000, stage=success, passed=0.0000, score=20.0000, speed_up=0.8190, runtime_ms=0.2770, meta={'hardware': 'NVIDIA L20Y', 'device': 'cuda:4', 'correctness_trials': '(5 / 5)', 'reference_timing_ms': 0.227, 'speed_up': 0.819, 'custom_timing': 0.277}
2025-08-08 04:04:45,947 - openevolve.database - INFO - New MAP-Elites cell occupied: {'score': 9, 'complexity': 0}
2025-08-08 04:04:45,947 - openevolve.database - INFO - Population size (26) exceeds limit (25), removing 1 programs
2025-08-08 04:04:45,947 - openevolve.database - INFO - Population size after cleanup: 25
2025-08-08 04:04:45,959 - openevolve.threaded_parallel - INFO - Iteration 27: Program eba4389b-3c87-4364-9de0-c9dd8c1037dd (parent: c8dfa45c-9b9b-498d-b327-80ae505ab8bb) completed in 419.64s
2025-08-08 04:04:45,960 - openevolve.threaded_parallel - INFO - Metrics: compiled=1.0000, correctness=1.0000, stage=success, passed=0.0000, score=20.0000, speed_up=0.8190, runtime_ms=0.2770, meta={'hardware': 'NVIDIA L20Y', 'device': 'cuda:4', 'correctness_trials': '(5 / 5)', 'reference_timing_ms': 0.227, 'speed_up': 0.819, 'custom_timing': 0.277}
2025-08-08 04:04:45,960 - openevolve.threaded_parallel - INFO - Checkpoint interval reached at iteration 27
2025-08-08 04:04:45,961 - openevolve.database - INFO - Island Status:
2025-08-08 04:04:45,961 - openevolve.database - INFO -    Island 0: 8 programs, best=20.0000, avg=18.7500, diversity=410.88, gen=10 (best: 31b6dc6e-a421-4409-bd93-57bbfbae3529)
2025-08-08 04:04:45,961 - openevolve.database - INFO -    Island 1: 10 programs, best=20.0000, avg=18.0000, diversity=326.58, gen=9 (best: 3407f0d2-c6bd-4ad5-967e-eba8359a88e4)
2025-08-08 04:04:45,961 - openevolve.database - INFO -  * Island 2: 9 programs, best=20.0000, avg=15.5556, diversity=504.78, gen=9 (best: 0870d0be-829c-4364-913a-869935d3d319)
2025-08-08 04:04:46,243 - openevolve.database - INFO - Saved database with 25 programs to openevolve_output/level3_3_DeepNarrowMLP/checkpoints/checkpoint_27
2025-08-08 04:04:46,258 - openevolve.controller - INFO - Saved best program at checkpoint 27 with metrics: compiled=1.0000, correctness=1.0000, stage=success, passed=0.0000, score=20.0000, speed_up=0.7960, runtime_ms=0.2850, meta={'hardware': 'NVIDIA L20Y', 'device': 'cuda:4', 'correctness_trials': '(5 / 5)', 'reference_timing_ms': 0.227, 'speed_up': 0.796, 'custom_timing': 0.285}
2025-08-08 04:04:46,258 - openevolve.controller - INFO - Saved checkpoint at iteration 27 to openevolve_output/level3_3_DeepNarrowMLP/checkpoints/checkpoint_27
2025-08-08 04:05:34,096 - openevolve.RemoteSpeedupEvaluator - INFO - [level3_3_DeepNarrowMLP] triton key words check pass
2025-08-08 04:05:34,098 - openevolve.RemoteSpeedupEvaluator - INFO - [level3_3_DeepNarrowMLP] verify_plus payload: reference_code(1359 chars) + custom_code(4383 chars)
2025-08-08 04:05:37,478 - openevolve.RemoteSpeedupEvaluator - INFO - [level3_3_DeepNarrowMLP] verify_plus request success
2025-08-08 04:05:37,479 - openevolve.RemoteSpeedupEvaluator - INFO - [level3_3_DeepNarrowMLP] verify_plus response: {"id":"level3_3_DeepNarrowMLP","result":{"compiled":true,"correctness":true,"metadata":{"hardware":"NVIDIA L20Y","device":"cuda:0","correctness_trials":"(5 / 5)","reference_timing_ms":0.227,"speed_up":0.744,"custom_timing":0.305},"runtime":0.305,"runtime_stats":{"mean":0.305,"std":0.00835,"min":0.288,"max":0.338,"num_trials":100,"hardware":"NVIDIA L20Y","device":"cuda:0"}}}
2025-08-08 04:05:37,479 - openevolve.RemoteSpeedupEvaluator - INFO - [level3_3_DeepNarrowMLP] âœ” success | speed_up=0.744  score=20.00
2025-08-08 04:05:37,479 - openevolve.evaluator - INFO - Evaluated program 0d102138-9e5b-45b8-a68c-9144dac36330 in 3.38s: compiled=1.0000, correctness=1.0000, stage=success, passed=0.0000, score=20.0000, speed_up=0.7440, runtime_ms=0.3050, meta={'hardware': 'NVIDIA L20Y', 'device': 'cuda:0', 'correctness_trials': '(5 / 5)', 'reference_timing_ms': 0.227, 'speed_up': 0.744, 'custom_timing': 0.305}
2025-08-08 04:05:37,489 - openevolve.database - INFO - Population size (26) exceeds limit (25), removing 1 programs
2025-08-08 04:05:37,489 - openevolve.database - INFO - Population size after cleanup: 25
2025-08-08 04:05:37,502 - openevolve.threaded_parallel - INFO - Iteration 28: Program 0d102138-9e5b-45b8-a68c-9144dac36330 (parent: b7383dce-0c5b-4430-b6cd-89e030e8a94a) completed in 319.85s
2025-08-08 04:05:37,502 - openevolve.threaded_parallel - INFO - Metrics: compiled=1.0000, correctness=1.0000, stage=success, passed=0.0000, score=20.0000, speed_up=0.7440, runtime_ms=0.3050, meta={'hardware': 'NVIDIA L20Y', 'device': 'cuda:0', 'correctness_trials': '(5 / 5)', 'reference_timing_ms': 0.227, 'speed_up': 0.744, 'custom_timing': 0.305}
2025-08-08 04:06:46,655 - openevolve.RemoteSpeedupEvaluator - INFO - [level3_3_DeepNarrowMLP] triton key words check pass
2025-08-08 04:06:46,657 - openevolve.RemoteSpeedupEvaluator - INFO - [level3_3_DeepNarrowMLP] verify_plus payload: reference_code(1359 chars) + custom_code(4088 chars)
2025-08-08 04:06:49,124 - openevolve.RemoteSpeedupEvaluator - INFO - [level3_3_DeepNarrowMLP] verify_plus request success
2025-08-08 04:06:49,124 - openevolve.RemoteSpeedupEvaluator - INFO - [level3_3_DeepNarrowMLP] verify_plus response: {"id":"level3_3_DeepNarrowMLP","result":{"compiled":true,"correctness":false,"metadata":{"hardware":"NVIDIA L20Y","device":"cuda:6","runtime_error":"Traceback (most recent call last):\n  File \"/cpfs01/shared/llm_kernel/hujiakai/KernelLLM/validation_api_server/helpers/evaluations.py\", line 720, in run_and_check_correctness\n    output_new = model_new(*inputs)\n  File \"/home/lijiaxing/.conda/envs/api/lib/python3.10/site-packages/torch/nn/modules/module.py\", line 1773, in _wrapped_call_impl\n    return self._call_impl(*args, **kwargs)\n  File \"/home/lijiaxing/.conda/envs/api/lib/python3.10/site-packages/torch/nn/modules/module.py\", line 1784, in _call_impl\n    return forward_call(*args, **kwargs)\n  File \"/tmp/tmpeh6csjgp.py\", line 98, in forward\n    _linear_fused_forward[grid](\n  
2025-08-08 04:06:49,124 - openevolve.RemoteSpeedupEvaluator - INFO - [level3_3_DeepNarrowMLP] âœ˜ wrong_answer
2025-08-08 04:06:49,125 - openevolve.evaluator - INFO - Evaluated program 00fb29ad-e056-4c2e-84d5-e5f84d3637dc in 2.47s: compiled=1.0000, correctness=0.0000, score=10.0000, stage=wrong_answer, verify_payload={'id': 'level3_3_DeepNarrowMLP', 'result': {'compiled': True, 'correctness': False, 'metadata': {'hardware': 'NVIDIA L20Y', 'device': 'cuda:6', 'runtime_error': 'Traceback (most recent call last):\n  File "/cpfs01/shared/llm_kernel/hujiakai/KernelLLM/validation_api_server/helpers/evaluations.py", line 720, in run_and_check_correctness\n    output_new = model_new(*inputs)\n  File "/home/lijiaxing/.conda/envs/api/lib/python3.10/site-packages/torch/nn/modules/module.py", line 1773, in _wrapped_call_impl\n    return self._call_impl(*args, **kwargs)\n  File "/home/lijiaxing/.conda/envs/api/lib/python3.10/site-packages/torch/nn/modules/module.py", line 1784, in _call_impl\n    return forward_call(*args, **kwargs)\n  File "/tmp/tmpeh6csjgp.py", line 98, in forward\n    _linear_fused_forward[grid](\n  File "/home/lijiaxing/.conda/envs/api/lib/python3.10/site-packages/triton/runtime/jit.py", line 390, in <lambda>\n    return lambda *args, **kwargs: self.run(grid=grid, warmup=False, *args, **kwargs)\n  File "/home/lijiaxing/.conda/envs/api/lib/python3.10/site-packages/triton/runtime/autotuner.py", line 239, in run\n    benchmark()\n  File "/home/lijiaxing/.conda/envs/api/lib/python3.10/site-packages/triton/runtime/autotuner.py", line 228, in benchmark\n    timings = {config: self._bench(*args, config=config, **kwargs) for config in pruned_configs}\n  File "/home/lijiaxing/.conda/envs/api/lib/python3.10/site-packages/triton/runtime/autotuner.py", line 228, in <dictcomp>\n    timings = {config: self._bench(*args, config=config, **kwargs) for config in pruned_configs}\n  File "/home/lijiaxing/.conda/envs/api/lib/python3.10/site-packages/triton/runtime/autotuner.py", line 135, in _bench\n    raise ValueError(f"Conflicting meta-parameters: {\', \'.join(conflicts)}."\nValueError: Conflicting meta-parameters: BLOCK_SIZE_N, BLOCK_SIZE_K. Make sure that you don\'t re-define auto-tuned symbols.\n', 'runtime_error_name': 'builtins.ValueError', 'reference_timing_ms': 0.227, 'speed_up': -1.0, 'custom_timing': -1.0}, 'runtime': -1.0, 'runtime_stats': {}}}
2025-08-08 04:06:49,129 - openevolve.database - INFO - Population size (26) exceeds limit (25), removing 1 programs
2025-08-08 04:06:49,129 - openevolve.database - INFO - Population size after cleanup: 25
2025-08-08 04:06:49,141 - openevolve.threaded_parallel - INFO - Iteration 29: Program 00fb29ad-e056-4c2e-84d5-e5f84d3637dc (parent: dfc65664-9f5f-4471-8294-980266c20092) completed in 367.04s
2025-08-08 04:06:49,142 - openevolve.threaded_parallel - INFO - Metrics: compiled=1.0000, correctness=0.0000, score=10.0000, stage=wrong_answer, verify_payload={'id': 'level3_3_DeepNarrowMLP', 'result': {'compiled': True, 'correctness': False, 'metadata': {'hardware': 'NVIDIA L20Y', 'device': 'cuda:6', 'runtime_error': 'Traceback (most recent call last):\n  File "/cpfs01/shared/llm_kernel/hujiakai/KernelLLM/validation_api_server/helpers/evaluations.py", line 720, in run_and_check_correctness\n    output_new = model_new(*inputs)\n  File "/home/lijiaxing/.conda/envs/api/lib/python3.10/site-packages/torch/nn/modules/module.py", line 1773, in _wrapped_call_impl\n    return self._call_impl(*args, **kwargs)\n  File "/home/lijiaxing/.conda/envs/api/lib/python3.10/site-packages/torch/nn/modules/module.py", line 1784, in _call_impl\n    return forward_call(*args, **kwargs)\n  File "/tmp/tmpeh6csjgp.py", line 98, in forward\n    _linear_fused_forward[grid](\n  File "/home/lijiaxing/.conda/envs/api/lib/python3.10/site-packages/triton/runtime/jit.py", line 390, in <lambda>\n    return lambda *args, **kwargs: self.run(grid=grid, warmup=False, *args, **kwargs)\n  File "/home/lijiaxing/.conda/envs/api/lib/python3.10/site-packages/triton/runtime/autotuner.py", line 239, in run\n    benchmark()\n  File "/home/lijiaxing/.conda/envs/api/lib/python3.10/site-packages/triton/runtime/autotuner.py", line 228, in benchmark\n    timings = {config: self._bench(*args, config=config, **kwargs) for config in pruned_configs}\n  File "/home/lijiaxing/.conda/envs/api/lib/python3.10/site-packages/triton/runtime/autotuner.py", line 228, in <dictcomp>\n    timings = {config: self._bench(*args, config=config, **kwargs) for config in pruned_configs}\n  File "/home/lijiaxing/.conda/envs/api/lib/python3.10/site-packages/triton/runtime/autotuner.py", line 135, in _bench\n    raise ValueError(f"Conflicting meta-parameters: {\', \'.join(conflicts)}."\nValueError: Conflicting meta-parameters: BLOCK_SIZE_N, BLOCK_SIZE_K. Make sure that you don\'t re-define auto-tuned symbols.\n', 'runtime_error_name': 'builtins.ValueError', 'reference_timing_ms': 0.227, 'speed_up': -1.0, 'custom_timing': -1.0}, 'runtime': -1.0, 'runtime_stats': {}}}
2025-08-08 04:06:49,142 - openevolve.threaded_parallel - INFO - Evolution completed
2025-08-08 04:06:49,148 - openevolve.threaded_parallel - INFO - Stopped thread pool
2025-08-08 04:06:49,148 - openevolve.threaded_parallel - INFO - Stopped improved parallel controller
2025-08-08 04:06:49,148 - openevolve.controller - INFO - Using tracked best program: 31b6dc6e-a421-4409-bd93-57bbfbae3529
2025-08-08 04:06:49,149 - openevolve.controller - INFO - Evolution complete. Best program has metrics: compiled=1.0000, correctness=1.0000, stage=success, passed=0.0000, score=20.0000, speed_up=0.7960, runtime_ms=0.2850, meta={'hardware': 'NVIDIA L20Y', 'device': 'cuda:4', 'correctness_trials': '(5 / 5)', 'reference_timing_ms': 0.227, 'speed_up': 0.796, 'custom_timing': 0.285}
2025-08-08 04:06:49,169 - openevolve.controller - INFO - Saved best program to openevolve_output/level3_3_DeepNarrowMLP/best/best_program.py with program info to openevolve_output/level3_3_DeepNarrowMLP/best/best_program_info.json
2025-08-08 04:06:49,170 - __main__ - INFO - âœ… å®Œæˆ level3_3_DeepNarrowMLP
2025-08-08 04:06:49,170 - __main__ - INFO - ======================================================================
2025-08-08 04:06:49,170 - __main__ - INFO - ðŸš€ [6/6] å¼€å§‹ level4_2_facebook-opt-1p3b_bs1_seq2047
2025-08-08 04:06:49,170 - __main__ - INFO - ======================================================================
2025-08-08 04:06:49,222 - openevolve.controller - INFO - Logging to openevolve_output/level4_2_facebook-opt-1p3b_bs1_seq2047/logs/openevolve_20250808_040649.log
2025-08-08 04:06:49,222 - openevolve.controller - INFO - Set random seed to 42 for reproducibility
2025-08-08 04:06:49,262 - openevolve.llm.ensemble - INFO - Initialized LLM ensemble with models: deepseek (weight: 0.80), deepseek (weight: 0.20)
2025-08-08 04:06:49,300 - openevolve.llm.ensemble - INFO - Initialized LLM ensemble with models: deepseek (weight: 0.80), deepseek (weight: 0.20)
2025-08-08 04:06:49,301 - openevolve.prompt.sampler - INFO - Set custom templates: system=evaluator_system_message, user=None
2025-08-08 04:06:49,301 - openevolve.database - INFO - Initialized program database with 0 programs
2025-08-08 04:06:49,324 - openevolve.evaluator - INFO - Successfully loaded evaluation function from openevolve_output/level4_2_facebook-opt-1p3b_bs1_seq2047/evaluation.py
2025-08-08 04:06:49,324 - openevolve.evaluator - INFO - Initialized evaluator with openevolve_output/level4_2_facebook-opt-1p3b_bs1_seq2047/evaluation.py
2025-08-08 04:06:49,324 - openevolve.controller - INFO - Initialized OpenEvolve with /tmp/8889085cf04709a484ccd90df6fe975c.py
2025-08-08 04:06:49,324 - openevolve.controller - INFO - Adding initial program to database
2025-08-08 04:06:49,325 - openevolve.RemoteSpeedupEvaluator - INFO - [level4_2_facebook-opt-1p3b_bs1_seq2047] verify_plus payload: reference_code(716 chars) + custom_code(837 chars)
2025-08-08 04:06:51,634 - openevolve.RemoteSpeedupEvaluator - INFO - [level4_2_facebook-opt-1p3b_bs1_seq2047] verify_plus request success
2025-08-08 04:06:51,634 - openevolve.RemoteSpeedupEvaluator - INFO - [level4_2_facebook-opt-1p3b_bs1_seq2047] verify_plus response: {"id":"level4_2_facebook-opt-1p3b_bs1_seq2047","result":{"error":"No module named 'transformers'\nTraceback (most recent call last):\n  File \"/cpfs01/shared/llm_kernel/hujiakai/KernelLLM/validation_api_server/evaluator.py\", line 92, in _measure_perf_worker\n    exec(textwrap.dedent(code_src), temp_module.__dict__)\n  File \"<string>\", line 3, in <module>\nModuleNotFoundError: No module named 'transformers'\n"}}
2025-08-08 04:06:51,634 - openevolve.evaluator - WARNING - Evaluation attempt 1/4 failed for program bbdb32ff-1f04-4403-8844-530b4bbd4b6e: Error: The reference code is not valid or correct. The verify result is: {'error': 'No module named \'transformers\'\nTraceback (most recent call last):\n  File "/cpfs01/shared/llm_kernel/hujiakai/KernelLLM/validation_api_server/evaluator.py", line 92, in _measure_perf_worker\n    exec(textwrap.dedent(code_src), temp_module.__dict__)\n  File "<string>", line 3, in <module>\nModuleNotFoundError: No module named \'transformers\'\n'}
2025-08-08 04:06:52,640 - openevolve.RemoteSpeedupEvaluator - INFO - [level4_2_facebook-opt-1p3b_bs1_seq2047] verify_plus payload: reference_code(716 chars) + custom_code(837 chars)
2025-08-08 04:06:55,131 - openevolve.RemoteSpeedupEvaluator - INFO - [level4_2_facebook-opt-1p3b_bs1_seq2047] verify_plus request success
2025-08-08 04:06:55,131 - openevolve.RemoteSpeedupEvaluator - INFO - [level4_2_facebook-opt-1p3b_bs1_seq2047] verify_plus response: {"id":"level4_2_facebook-opt-1p3b_bs1_seq2047","result":{"error":"No module named 'transformers'\nTraceback (most recent call last):\n  File \"/cpfs01/shared/llm_kernel/hujiakai/KernelLLM/validation_api_server/evaluator.py\", line 92, in _measure_perf_worker\n    exec(textwrap.dedent(code_src), temp_module.__dict__)\n  File \"<string>\", line 3, in <module>\nModuleNotFoundError: No module named 'transformers'\n"}}
2025-08-08 04:06:55,132 - openevolve.evaluator - WARNING - Evaluation attempt 2/4 failed for program bbdb32ff-1f04-4403-8844-530b4bbd4b6e: Error: The reference code is not valid or correct. The verify result is: {'error': 'No module named \'transformers\'\nTraceback (most recent call last):\n  File "/cpfs01/shared/llm_kernel/hujiakai/KernelLLM/validation_api_server/evaluator.py", line 92, in _measure_perf_worker\n    exec(textwrap.dedent(code_src), temp_module.__dict__)\n  File "<string>", line 3, in <module>\nModuleNotFoundError: No module named \'transformers\'\n'}
2025-08-08 04:06:56,135 - openevolve.RemoteSpeedupEvaluator - INFO - [level4_2_facebook-opt-1p3b_bs1_seq2047] verify_plus payload: reference_code(716 chars) + custom_code(837 chars)
2025-08-08 04:06:58,401 - openevolve.RemoteSpeedupEvaluator - INFO - [level4_2_facebook-opt-1p3b_bs1_seq2047] verify_plus request success
2025-08-08 04:06:58,401 - openevolve.RemoteSpeedupEvaluator - INFO - [level4_2_facebook-opt-1p3b_bs1_seq2047] verify_plus response: {"id":"level4_2_facebook-opt-1p3b_bs1_seq2047","result":{"error":"No module named 'transformers'\nTraceback (most recent call last):\n  File \"/cpfs01/shared/llm_kernel/hujiakai/KernelLLM/validation_api_server/evaluator.py\", line 92, in _measure_perf_worker\n    exec(textwrap.dedent(code_src), temp_module.__dict__)\n  File \"<string>\", line 3, in <module>\nModuleNotFoundError: No module named 'transformers'\n"}}
2025-08-08 04:06:58,402 - openevolve.evaluator - WARNING - Evaluation attempt 3/4 failed for program bbdb32ff-1f04-4403-8844-530b4bbd4b6e: Error: The reference code is not valid or correct. The verify result is: {'error': 'No module named \'transformers\'\nTraceback (most recent call last):\n  File "/cpfs01/shared/llm_kernel/hujiakai/KernelLLM/validation_api_server/evaluator.py", line 92, in _measure_perf_worker\n    exec(textwrap.dedent(code_src), temp_module.__dict__)\n  File "<string>", line 3, in <module>\nModuleNotFoundError: No module named \'transformers\'\n'}
2025-08-08 04:06:59,405 - openevolve.RemoteSpeedupEvaluator - INFO - [level4_2_facebook-opt-1p3b_bs1_seq2047] verify_plus payload: reference_code(716 chars) + custom_code(837 chars)
2025-08-08 04:07:02,178 - openevolve.RemoteSpeedupEvaluator - INFO - [level4_2_facebook-opt-1p3b_bs1_seq2047] verify_plus request success
2025-08-08 04:07:02,178 - openevolve.RemoteSpeedupEvaluator - INFO - [level4_2_facebook-opt-1p3b_bs1_seq2047] verify_plus response: {"id":"level4_2_facebook-opt-1p3b_bs1_seq2047","result":{"error":"No module named 'transformers'\nTraceback (most recent call last):\n  File \"/cpfs01/shared/llm_kernel/hujiakai/KernelLLM/validation_api_server/evaluator.py\", line 92, in _measure_perf_worker\n    exec(textwrap.dedent(code_src), temp_module.__dict__)\n  File \"<string>\", line 3, in <module>\nModuleNotFoundError: No module named 'transformers'\n"}}
2025-08-08 04:07:02,179 - openevolve.evaluator - WARNING - Evaluation attempt 4/4 failed for program bbdb32ff-1f04-4403-8844-530b4bbd4b6e: Error: The reference code is not valid or correct. The verify result is: {'error': 'No module named \'transformers\'\nTraceback (most recent call last):\n  File "/cpfs01/shared/llm_kernel/hujiakai/KernelLLM/validation_api_server/evaluator.py", line 92, in _measure_perf_worker\n    exec(textwrap.dedent(code_src), temp_module.__dict__)\n  File "<string>", line 3, in <module>\nModuleNotFoundError: No module named \'transformers\'\n'}
2025-08-08 04:07:02,180 - openevolve.evaluator - ERROR - All evaluation attempts failed for program bbdb32ff-1f04-4403-8844-530b4bbd4b6e. Last error: Error: The reference code is not valid or correct. The verify result is: {'error': 'No module named \'transformers\'\nTraceback (most recent call last):\n  File "/cpfs01/shared/llm_kernel/hujiakai/KernelLLM/validation_api_server/evaluator.py", line 92, in _measure_perf_worker\n    exec(textwrap.dedent(code_src), temp_module.__dict__)\n  File "<string>", line 3, in <module>\nModuleNotFoundError: No module named \'transformers\'\n'}
2025-08-08 04:07:02,181 - __main__ - ERROR - ðŸ’¥ å¤±è´¥ level4_2_facebook-opt-1p3b_bs1_seq2047: 'score'
2025-08-08 04:07:02,181 - __main__ - INFO - ----------------------------------------------------------------------
2025-08-08 04:07:02,181 - __main__ - INFO - ðŸ“Š è¿›ç¨‹ rank=12 ç»“æŸ | æˆåŠŸ 5 | å¤±è´¥ 1
2025-08-08 04:07:02,182 - __main__ - INFO - ----------------------------------------------------------------------
