{"id": "8406d3af-8ef8-4b41-a6db-882335e6bd50", "code": "x_block_ptr = tl.make_block_ptr(\n        base=x_ptr,\n        shape=(B, C_in, H, W),\n        strides=(C_in*H*W, H*W, W, 1),\n        offsets=(0, group_idx*in_channels_per_group, 0, 0),\n        block_shape=(1, in_channels_per_group, BLOCK_SIZE_HW, BLOCK_SIZE_HW),\n        order=(0,1,2,3)\n    )", "language": "python", "parent_id": "665ce356-6833-49cc-b2ad-89083e8d31ad", "generation": 3, "timestamp": 1754649715.6375263, "iteration_found": 15, "metrics": {"compiled": false, "correctness": false, "score": -100.0, "stage": "no_valid_triton_code", "feedback": "You need to generate real and valid triton code for the core function. The key word 'import triton' is not found."}, "complexity": 0.0, "diversity": 0.0, "metadata": {"changes": "Full rewrite", "parent_metrics": {"compiled": true, "correctness": false, "score": 10, "stage": "wrong_answer", "verify_payload": {"id": "level1_65_conv_transposed_2D__square_input__asymmetric_kernel", "result": {"compiled": true, "correctness": false, "metadata": {"hardware": "NVIDIA L20Y", "device": "cuda:2", "runtime_error": "Traceback (most recent call last):\n  File \"/home/lijiaxing/.conda/envs/api/lib/python3.10/site-packages/triton/language/core.py\", line 42, in wrapper\n    return fn(*args, **kwargs)\n  File \"/home/lijiaxing/.conda/envs/api/lib/python3.10/site-packages/triton/language/core.py\", line 2231, in make_block_ptr\n    return _semantic.make_block_ptr(base, shape, strides, offsets, block_shape, order)\n  File \"/home/lijiaxing/.conda/envs/api/lib/python3.10/site-packages/triton/language/semantic.py\", line 1821, in make_block_ptr\n    assert all(isinstance(elem, int) and -2**31 <= elem < 2**31 for elem in block_shape), \\\nAssertionError: Expected a list of constant integers (`int32_t` range) in `block_shape`\n\nThe above exception was the direct cause of the following exception:\n\nTraceback (most recent call last):\n  File \"/cpfs01/shared/llm_kernel/hujiakai/KernelLLM/validation_api_server/helpers/evaluations.py\", line 720, in run_and_check_correctness\n    output_new = model_new(*inputs)\n  File \"/home/lijiaxing/.conda/envs/api/lib/python3.10/site-packages/torch/nn/modules/module.py\", line 1773, in _wrapped_call_impl\n    return self._call_impl(*args, **kwargs)\n  File \"/home/lijiaxing/.conda/envs/api/lib/python3.10/site-packages/torch/nn/modules/module.py\", line 1784, in _call_impl\n    return forward_call(*args, **kwargs)\n  File \"/tmp/tmp1bdlr0ip.py\", line 147, in forward\n    conv_transpose_kernel[grid](\n  File \"/home/lijiaxing/.conda/envs/api/lib/python3.10/site-packages/triton/runtime/jit.py\", line 390, in <lambda>\n    return lambda *args, **kwargs: self.run(grid=grid, warmup=False, *args, **kwargs)\n  File \"/home/lijiaxing/.conda/envs/api/lib/python3.10/site-packages/triton/runtime/jit.py\", line 594, in run\n    kernel = self.compile(src, target=target, options=options.__dict__)\n  File \"/home/lijiaxing/.conda/envs/api/lib/python3.10/site-packages/triton/compiler/compiler.py\", line 339, in compile\n    module = src.make_ir(options, codegen_fns, module_map, context)\n  File \"/home/lijiaxing/.conda/envs/api/lib/python3.10/site-packages/triton/compiler/compiler.py\", line 83, in make_ir\n    return ast_to_ttir(self.fn, self, context=context, options=options, codegen_fns=codegen_fns,\ntriton.compiler.errors.CompilationError: at 24:18:\n    BLOCK_SIZE_HW: tl.constexpr,\n):\n    pid_bhw = tl.program_id(0)\n    pid_c = tl.program_id(1)\n\n    out_channels_per_group = C_out // groups\n    in_channels_per_group = C_in // groups\n    group_idx = pid_c // out_channels_per_group\n    c_out = pid_c % out_channels_per_group\n\n    # Create block pointers with boundary checks\n    x_block_ptr = tl.make_block_ptr(\n                  ^\n\n\nThe above exception was the direct cause of the following exception:\n\nTraceback (most recent call last):\n  File \"/home/lijiaxing/.conda/envs/api/lib/python3.10/site-packages/triton/language/core.py\", line 42, in wrapper\n    return fn(*args, **kwargs)\n  File \"/home/lijiaxing/.conda/envs/api/lib/python3.10/site-packages/triton/language/core.py\", line 2231, in make_block_ptr\n    return _semantic.make_block_ptr(base, shape, strides, offsets, block_shape, order)\n  File \"/home/lijiaxing/.conda/envs/api/lib/python3.10/site-packages/triton/language/semantic.py\", line 1821, in make_block_ptr\n    assert all(isinstance(elem, int) and -2**31 <= elem < 2**31 for elem in block_shape), \\\nAssertionError: Expected a list of constant integers (`int32_t` range) in `block_shape`\n", "runtime_error_name": "triton.compiler.errors.CompilationError", "reference_timing_ms": 0.0526, "speed_up": -1.0, "custom_timing": -1.0}, "runtime": -1.0, "runtime_stats": {}}}}, "island": 2}, "artifacts_json": null, "artifact_dir": null}