2025-08-08 17:37:24,356 - openevolve.controller - INFO - Logging to openevolve_output/level1_81_conv_transposed_2D_asymmetric_input_square_kernel___dilated____padded____strided__/logs/openevolve_20250808_173724.log
2025-08-08 17:37:24,356 - openevolve.controller - INFO - Set random seed to 42 for reproducibility
2025-08-08 17:37:24,395 - openevolve.llm.ensemble - INFO - Initialized LLM ensemble with models: deepseek (weight: 0.80), deepseek (weight: 0.20)
2025-08-08 17:37:24,435 - openevolve.llm.ensemble - INFO - Initialized LLM ensemble with models: deepseek (weight: 0.80), deepseek (weight: 0.20)
2025-08-08 17:37:24,435 - openevolve.prompt.sampler - INFO - Set custom templates: system=evaluator_system_message, user=None
2025-08-08 17:37:24,435 - openevolve.database - INFO - Initialized program database with 0 programs
2025-08-08 17:37:24,456 - openevolve.evaluator - INFO - Successfully loaded evaluation function from openevolve_output/level1_81_conv_transposed_2D_asymmetric_input_square_kernel___dilated____padded____strided__/evaluation.py
2025-08-08 17:37:24,456 - openevolve.evaluator - INFO - Initialized evaluator with openevolve_output/level1_81_conv_transposed_2D_asymmetric_input_square_kernel___dilated____padded____strided__/evaluation.py
2025-08-08 17:37:24,456 - openevolve.controller - INFO - Initialized OpenEvolve with /tmp/53dfe0da72d4cce803122ea1d24258bf.py
2025-08-08 17:37:24,456 - openevolve.controller - INFO - Adding initial program to database
2025-08-08 17:37:24,457 - openevolve.RemoteSpeedupEvaluator - INFO - [level1_81_conv_transposed_2D_asymmetric_input_square_kernel___dilated____padded____strided__] verify_plus payload: reference_code(1888 chars) + custom_code(2012 chars)
2025-08-08 17:37:27,610 - openevolve.RemoteSpeedupEvaluator - INFO - [level1_81_conv_transposed_2D_asymmetric_input_square_kernel___dilated____padded____strided__] verify_plus request success
2025-08-08 17:37:27,610 - openevolve.RemoteSpeedupEvaluator - INFO - [level1_81_conv_transposed_2D_asymmetric_input_square_kernel___dilated____padded____strided__] verify_plus response: {"id":"level1_81_conv_transposed_2D_asymmetric_input_square_kernel___dilated____padded____strided__","result":{"compiled":true,"correctness":true,"metadata":{"hardware":"NVIDIA L20Y","device":"cuda:3","correctness_trials":"(5 / 5)","reference_timing_ms":0.06,"speed_up":0.033,"custom_timing":1.84},"runtime":1.84,"runtime_stats":{"mean":1.84,"std":0.0122,"min":1.82,"max":1.87,"num_trials":100,"hardware":"NVIDIA L20Y","device":"cuda:3"}}}
2025-08-08 17:37:27,611 - openevolve.evaluator - INFO - Evaluated program 2808be64-4b3d-4955-95c1-b94313da8973 in 3.15s: compiled=1.0000, correctness=1.0000, stage=reference code, passed=0.0000, score=0.0000, speed_up=1.0000, runtime_ms=1.8400, meta={'hardware': 'NVIDIA L20Y', 'device': 'cuda:3', 'correctness_trials': '(5 / 5)', 'reference_timing_ms': 0.06, 'speed_up': 0.033, 'custom_timing': 1.84}
2025-08-08 17:37:27,611 - openevolve.database - INFO - New MAP-Elites cell occupied: {'score': 0, 'complexity': 2}
2025-08-08 17:37:27,625 - openevolve.threaded_parallel - INFO - Initializing threaded evaluation pool with 3 workers
2025-08-08 17:37:27,626 - openevolve.threaded_parallel - INFO - Started thread pool with 3 threads
2025-08-08 17:37:27,626 - openevolve.threaded_parallel - INFO - Started improved parallel controller
2025-08-08 17:37:27,626 - openevolve.controller - INFO - Using island-based evolution with 3 islands
2025-08-08 17:37:27,626 - openevolve.database - INFO - Island Status:
2025-08-08 17:37:27,626 - openevolve.database - INFO -  * Island 0: 1 programs, best=0.0000, avg=0.0000, diversity=0.00, gen=0 (best: 2808be64-4b3d-4955-95c1-b94313da8973)
2025-08-08 17:37:27,626 - openevolve.database - INFO -    Island 1: 0 programs, best=0.0000, avg=0.0000, diversity=0.00, gen=0
2025-08-08 17:37:27,626 - openevolve.database - INFO -    Island 2: 0 programs, best=0.0000, avg=0.0000, diversity=0.00, gen=0
2025-08-08 17:37:27,626 - openevolve.threaded_parallel - INFO - Starting improved parallel evolution from iteration 0 for 30 iterations (total: 30)
2025-08-08 17:37:27,771 - openevolve.llm.ensemble - INFO - Initialized LLM ensemble with models: deepseek (weight: 0.80), deepseek (weight: 0.20)
2025-08-08 17:37:27,771 - openevolve.llm.ensemble - INFO - Initialized LLM ensemble with models: deepseek (weight: 0.80), deepseek (weight: 0.20)
2025-08-08 17:37:27,773 - openevolve.llm.ensemble - INFO - Initialized LLM ensemble with models: deepseek (weight: 0.80), deepseek (weight: 0.20)
2025-08-08 17:37:27,915 - openevolve.llm.ensemble - INFO - Initialized LLM ensemble with models: deepseek (weight: 0.80), deepseek (weight: 0.20)
2025-08-08 17:37:27,915 - openevolve.prompt.sampler - INFO - Set custom templates: system=evaluator_system_message, user=None
2025-08-08 17:37:27,915 - openevolve.llm.ensemble - INFO - Initialized LLM ensemble with models: deepseek (weight: 0.80), deepseek (weight: 0.20)
2025-08-08 17:37:27,916 - openevolve.prompt.sampler - INFO - Set custom templates: system=evaluator_system_message, user=None
2025-08-08 17:37:27,916 - openevolve.llm.ensemble - INFO - Initialized LLM ensemble with models: deepseek (weight: 0.80), deepseek (weight: 0.20)
2025-08-08 17:37:27,917 - openevolve.prompt.sampler - INFO - Set custom templates: system=evaluator_system_message, user=None
2025-08-08 17:37:27,917 - openevolve.evaluator - INFO - Successfully loaded evaluation function from openevolve_output/level1_81_conv_transposed_2D_asymmetric_input_square_kernel___dilated____padded____strided__/evaluation.py
2025-08-08 17:37:27,917 - openevolve.evaluator - INFO - Initialized evaluator with openevolve_output/level1_81_conv_transposed_2D_asymmetric_input_square_kernel___dilated____padded____strided__/evaluation.py
2025-08-08 17:37:27,919 - openevolve.evaluator - INFO - Successfully loaded evaluation function from openevolve_output/level1_81_conv_transposed_2D_asymmetric_input_square_kernel___dilated____padded____strided__/evaluation.py
2025-08-08 17:37:27,919 - openevolve.evaluator - INFO - Initialized evaluator with openevolve_output/level1_81_conv_transposed_2D_asymmetric_input_square_kernel___dilated____padded____strided__/evaluation.py
2025-08-08 17:37:27,919 - openevolve.evaluator - INFO - Successfully loaded evaluation function from openevolve_output/level1_81_conv_transposed_2D_asymmetric_input_square_kernel___dilated____padded____strided__/evaluation.py
2025-08-08 17:37:27,919 - openevolve.evaluator - INFO - Initialized evaluator with openevolve_output/level1_81_conv_transposed_2D_asymmetric_input_square_kernel___dilated____padded____strided__/evaluation.py
2025-08-08 17:37:27,920 - openevolve.llm.ensemble - INFO - Sampled model: deepseek
2025-08-08 17:37:27,921 - openevolve.llm.ensemble - INFO - Sampled model: deepseek
2025-08-08 17:37:27,922 - openevolve.llm.ensemble - INFO - Sampled model: deepseek
2025-08-08 17:49:50,726 - openevolve.RemoteSpeedupEvaluator - INFO - [level1_81_conv_transposed_2D_asymmetric_input_square_kernel___dilated____padded____strided__] triton key words check pass
2025-08-08 17:49:50,727 - openevolve.RemoteSpeedupEvaluator - INFO - [level1_81_conv_transposed_2D_asymmetric_input_square_kernel___dilated____padded____strided__] verify_plus payload: reference_code(1888 chars) + custom_code(5703 chars)
2025-08-08 17:49:53,737 - openevolve.RemoteSpeedupEvaluator - INFO - [level1_81_conv_transposed_2D_asymmetric_input_square_kernel___dilated____padded____strided__] verify_plus request success
2025-08-08 17:49:53,737 - openevolve.RemoteSpeedupEvaluator - INFO - [level1_81_conv_transposed_2D_asymmetric_input_square_kernel___dilated____padded____strided__] verify_plus response: {"id":"level1_81_conv_transposed_2D_asymmetric_input_square_kernel___dilated____padded____strided__","result":{"error":"name 'math' is not defined\nTraceback (most recent call last):\n  File \"/cpfs01/shared/llm_kernel/hujiakai/KernelLLM/validation_api_server/evaluator.py\", line 173, in _verification_worker\n    result: KernelExecResult = eval_kernel_against_ref(\n  File \"/cpfs01/shared/llm_kernel/hujiakai/KernelLLM/validation_api_server/helpers/evaluations.py\", line 484, in eval_kernel_against_ref\n    custom_model = ModelNew(*init_args, **init_kwargs)\n  File \"/tmp/tmpg3ja93zd.py\", line 24, in __init__\n    nn.init.kaiming_uniform_(self.weight, a=math.sqrt(5))\nNameError: name 'math' is not defined\n"}}
2025-08-08 17:49:53,737 - openevolve.RemoteSpeedupEvaluator - INFO - [level1_81_conv_transposed_2D_asymmetric_input_square_kernel___dilated____padded____strided__] âœ˜ compile_error
2025-08-08 17:49:53,737 - openevolve.RemoteSpeedupEvaluator - INFO - [level1_81_conv_transposed_2D_asymmetric_input_square_kernel___dilated____padded____strided___b1464c] execute payload: {id:level1_81_conv_transposed_2D_asymmetric_input_square_kernel___dilated____padded____strided___b1464c, device_type:NV_LY_20}
2025-08-08 17:49:56,074 - openevolve.RemoteSpeedupEvaluator - INFO - [level1_81_conv_transposed_2D_asymmetric_input_square_kernel___dilated____padded____strided___b1464c] execute request success
2025-08-08 17:49:56,074 - openevolve.RemoteSpeedupEvaluator - INFO - [level1_81_conv_transposed_2D_asymmetric_input_square_kernel___dilated____padded____strided___b1464c] execute response: {"id":"level1_81_conv_transposed_2D_asymmetric_input_square_kernel___dilated____padded____strided___b1464c","exit_code":"1","content":"[Child] ç»‘å®š GPU 2, torch sees 1 device(s)\n\n[Exception]\nTraceback (most recent call last):\n  File \"/cpfs01/shared/llm_kernel/hujiakai/KernelLLM/validation_api_server/code_executor.py\", line 71, in _exec_worker\n    exec(textwrap.dedent(code_src), mod.__dict__)\n  File \"<string>\", line 66, in <module>\n  File \"/home/lijiaxing/.conda/envs/api/lib/python3.10/site-packages/triton/runtime/jit.py\", line 844, in jit\n    return decorator(fn)\n  File \"/home/lijiaxing/.conda/envs/api/lib/python3.10/site-packages/triton/runtime/jit.py\", line 832, in decorator\n    return JITFunction(\n  File \"/home/lijiaxing/.conda/envs/api/lib/python3.10/site-packages/tri
2025-08-08 17:49:56,075 - openevolve.evaluator - INFO - Evaluated program 53815bfa-8782-4ee0-b5ea-5a5e75e41460 in 5.35s: compiled=0.0000, correctness=0.0000, score=1.0000, stage=compile_error, compile_log=name 'math' is not defined
Traceback (most recent call last):
  File "/cpfs01/shared/llm_kernel/hujiakai/KernelLLM/validation_api_server/evaluator.py", line 173, in _verification_worker
    result: KernelExecResult = eval_kernel_against_ref(
  File "/cpfs01/shared/llm_kernel/hujiakai/KernelLLM/validation_api_server/helpers/evaluations.py", line 484, in eval_kernel_against_ref
    custom_model = ModelNew(*init_args, **init_kwargs)
  File "/tmp/tmpg3ja93zd.py", line 24, in __init__
    nn.init.kaiming_uniform_(self.weight, a=math.sqrt(5))
NameError: name 'math' is not defined
, exec_log=[Child] ç»‘å®š GPU 2, torch sees 1 device(s)

[Exception]
Traceback (most recent call last):
  File "/cpfs01/shared/llm_kernel/hujiakai/KernelLLM/validation_api_server/code_executor.py", line 71, in _exec_worker
    exec(textwrap.dedent(code_src), mod.__dict__)
  File "<string>", line 66, in <module>
  File "/home/lijiaxing/.conda/envs/api/lib/python3.10/site-packages/triton/runtime/jit.py", line 844, in jit
    return decorator(fn)
  File "/home/lijiaxing/.conda/envs/api/lib/python3.10/site-packages/triton/runtime/jit.py", line 832, in decorator
    return JITFunction(
  File "/home/lijiaxing/.conda/envs/api/lib/python3.10/site-packages/triton/runtime/jit.py", line 635, in __init__
    self.starting_line_number = inspect.getsourcelines(fn)[1]
  File "/home/lijiaxing/.conda/envs/api/lib/python3.10/inspect.py", line 1121, in getsourcelines
    lines, lnum = findsource(object)
  File "/home/lijiaxing/.conda/envs/api/lib/python3.10/inspect.py", line 958, in findsource
    raise OSError('could not get source code')
OSError: could not get source code
, exit_code=1
2025-08-08 17:49:56,078 - openevolve.llm.ensemble - INFO - Sampled model: deepseek
2025-08-08 17:49:56,079 - openevolve.database - INFO - New MAP-Elites cell occupied: {'score': 9, 'complexity': 9}
2025-08-08 17:49:56,080 - openevolve.database - INFO - New best program 53815bfa-8782-4ee0-b5ea-5a5e75e41460 replaces 2808be64-4b3d-4955-95c1-b94313da8973
2025-08-08 17:49:56,092 - openevolve.threaded_parallel - INFO - Iteration 1: Program 53815bfa-8782-4ee0-b5ea-5a5e75e41460 (parent: 2808be64-4b3d-4955-95c1-b94313da8973) completed in 748.15s
2025-08-08 17:49:56,092 - openevolve.threaded_parallel - INFO - Metrics: compiled=0.0000, correctness=0.0000, score=1.0000, stage=compile_error, compile_log=name 'math' is not defined
Traceback (most recent call last):
  File "/cpfs01/shared/llm_kernel/hujiakai/KernelLLM/validation_api_server/evaluator.py", line 173, in _verification_worker
    result: KernelExecResult = eval_kernel_against_ref(
  File "/cpfs01/shared/llm_kernel/hujiakai/KernelLLM/validation_api_server/helpers/evaluations.py", line 484, in eval_kernel_against_ref
    custom_model = ModelNew(*init_args, **init_kwargs)
  File "/tmp/tmpg3ja93zd.py", line 24, in __init__
    nn.init.kaiming_uniform_(self.weight, a=math.sqrt(5))
NameError: name 'math' is not defined
, exec_log=[Child] ç»‘å®š GPU 2, torch sees 1 device(s)

[Exception]
Traceback (most recent call last):
  File "/cpfs01/shared/llm_kernel/hujiakai/KernelLLM/validation_api_server/code_executor.py", line 71, in _exec_worker
    exec(textwrap.dedent(code_src), mod.__dict__)
  File "<string>", line 66, in <module>
  File "/home/lijiaxing/.conda/envs/api/lib/python3.10/site-packages/triton/runtime/jit.py", line 844, in jit
    return decorator(fn)
  File "/home/lijiaxing/.conda/envs/api/lib/python3.10/site-packages/triton/runtime/jit.py", line 832, in decorator
    return JITFunction(
  File "/home/lijiaxing/.conda/envs/api/lib/python3.10/site-packages/triton/runtime/jit.py", line 635, in __init__
    self.starting_line_number = inspect.getsourcelines(fn)[1]
  File "/home/lijiaxing/.conda/envs/api/lib/python3.10/inspect.py", line 1121, in getsourcelines
    lines, lnum = findsource(object)
  File "/home/lijiaxing/.conda/envs/api/lib/python3.10/inspect.py", line 958, in findsource
    raise OSError('could not get source code')
OSError: could not get source code
, exit_code=1
2025-08-08 17:49:56,092 - openevolve.threaded_parallel - INFO - ðŸŒŸ New best solution found at iteration 1: 53815bfa-8782-4ee0-b5ea-5a5e75e41460
2025-08-08 17:51:53,876 - openevolve.RemoteSpeedupEvaluator - INFO - [level1_81_conv_transposed_2D_asymmetric_input_square_kernel___dilated____padded____strided__] âœ˜ invalid_answer 'import triton' is not found
2025-08-08 17:51:53,877 - openevolve.evaluator - INFO - Evaluated program 2100e0f9-ea57-4d72-95e9-9aafe10e3ffc in 0.00s: compiled=0.0000, correctness=0.0000, score=-100.0000, stage=no_valid_triton_code, feedback=You need to generate real and valid triton code for the core function. The key word 'import triton' is not found.
2025-08-08 17:51:53,880 - openevolve.llm.ensemble - INFO - Sampled model: deepseek
2025-08-08 17:51:53,883 - openevolve.database - INFO - New MAP-Elites cell occupied: {'score': -1000, 'complexity': 0}
2025-08-08 17:51:53,890 - openevolve.threaded_parallel - INFO - Iteration 2: Program 2100e0f9-ea57-4d72-95e9-9aafe10e3ffc (parent: 2808be64-4b3d-4955-95c1-b94313da8973) completed in 865.96s
2025-08-08 17:51:53,891 - openevolve.threaded_parallel - INFO - Metrics: compiled=0.0000, correctness=0.0000, score=-100.0000, stage=no_valid_triton_code, feedback=You need to generate real and valid triton code for the core function. The key word 'import triton' is not found.
2025-08-08 17:54:06,197 - openevolve.RemoteSpeedupEvaluator - INFO - [level1_81_conv_transposed_2D_asymmetric_input_square_kernel___dilated____padded____strided__] triton key words check pass
2025-08-08 17:54:06,198 - openevolve.RemoteSpeedupEvaluator - INFO - [level1_81_conv_transposed_2D_asymmetric_input_square_kernel___dilated____padded____strided__] verify_plus payload: reference_code(1888 chars) + custom_code(6554 chars)
2025-08-08 17:54:09,426 - openevolve.RemoteSpeedupEvaluator - INFO - [level1_81_conv_transposed_2D_asymmetric_input_square_kernel___dilated____padded____strided__] verify_plus request success
2025-08-08 17:54:09,426 - openevolve.RemoteSpeedupEvaluator - INFO - [level1_81_conv_transposed_2D_asymmetric_input_square_kernel___dilated____padded____strided__] verify_plus response: {"id":"level1_81_conv_transposed_2D_asymmetric_input_square_kernel___dilated____padded____strided__","result":{"compiled":true,"correctness":false,"metadata":{"hardware":"NVIDIA L20Y","device":"cuda:3","runtime_error":"Traceback (most recent call last):\n  File \"/cpfs01/shared/llm_kernel/hujiakai/KernelLLM/validation_api_server/helpers/evaluations.py\", line 720, in run_and_check_correctness\n    output_new = model_new(*inputs)\n  File \"/home/lijiaxing/.conda/envs/api/lib/python3.10/site-packages/torch/nn/modules/module.py\", line 1773, in _wrapped_call_impl\n    return self._call_impl(*args, **kwargs)\n  File \"/home/lijiaxing/.conda/envs/api/lib/python3.10/site-packages/torch/nn/modules/module.py\", line 1784, in _call_impl\n    return forward_call(*args, **kwargs)\n  File \"/tmp/tmp1c
2025-08-08 17:54:09,426 - openevolve.RemoteSpeedupEvaluator - INFO - [level1_81_conv_transposed_2D_asymmetric_input_square_kernel___dilated____padded____strided__] âœ˜ wrong_answer
2025-08-08 17:54:09,427 - openevolve.evaluator - INFO - Evaluated program a3db071e-13fc-4f6a-aa71-985bf27a6081 in 3.23s: compiled=1.0000, correctness=0.0000, score=10.0000, stage=wrong_answer, verify_payload={'id': 'level1_81_conv_transposed_2D_asymmetric_input_square_kernel___dilated____padded____strided__', 'result': {'compiled': True, 'correctness': False, 'metadata': {'hardware': 'NVIDIA L20Y', 'device': 'cuda:3', 'runtime_error': 'Traceback (most recent call last):\n  File "/cpfs01/shared/llm_kernel/hujiakai/KernelLLM/validation_api_server/helpers/evaluations.py", line 720, in run_and_check_correctness\n    output_new = model_new(*inputs)\n  File "/home/lijiaxing/.conda/envs/api/lib/python3.10/site-packages/torch/nn/modules/module.py", line 1773, in _wrapped_call_impl\n    return self._call_impl(*args, **kwargs)\n  File "/home/lijiaxing/.conda/envs/api/lib/python3.10/site-packages/torch/nn/modules/module.py", line 1784, in _call_impl\n    return forward_call(*args, **kwargs)\n  File "/tmp/tmp1csvkjai.py", line 136, in forward\n    self._transposed_conv2d_kernel[grid](\n  File "/home/lijiaxing/.conda/envs/api/lib/python3.10/site-packages/triton/runtime/jit.py", line 390, in <lambda>\n    return lambda *args, **kwargs: self.run(grid=grid, warmup=False, *args, **kwargs)\n  File "/home/lijiaxing/.conda/envs/api/lib/python3.10/site-packages/triton/runtime/jit.py", line 594, in run\n    kernel = self.compile(src, target=target, options=options.__dict__)\n  File "/home/lijiaxing/.conda/envs/api/lib/python3.10/site-packages/triton/compiler/compiler.py", line 339, in compile\n    module = src.make_ir(options, codegen_fns, module_map, context)\n  File "/home/lijiaxing/.conda/envs/api/lib/python3.10/site-packages/triton/compiler/compiler.py", line 83, in make_ir\n    return ast_to_ttir(self.fn, self, context=context, options=options, codegen_fns=codegen_fns,\ntriton.compiler.errors.CompilationError: at 49:20:\n            cond = cond_h & cond_w\n            h_in_int = tl.math.floor(h_in + 0.5).to(tl.int32)\n            w_in_int = tl.math.floor(w_in + 0.5).to(tl.int32)\n\n            # Loop over input channels in blocks\n            for ic_block in range(0, in_channels, BLOCK_SIZE_IC):\n                ic_offsets = ic_block + tl.arange(0, BLOCK_SIZE_IC)\n                ic_mask = ic_offsets < in_channels\n\n                # Calculate input pointer offsets\n                input_offsets = (\n                    idx_b * in_channels * height_in * width_in +\n                    ^\nValueError(\'Cannot make_shape_compatible: incompatible dimensions at index 0: 1024 and 32\')\n\n\nThe above exception was the direct cause of the following exception:\n\nTraceback (most recent call last):\n  File "/home/lijiaxing/.conda/envs/api/lib/python3.10/site-packages/triton/language/core.py", line 42, in wrapper\n    return fn(*args, **kwargs)\n  File "/home/lijiaxing/.conda/envs/api/lib/python3.10/site-packages/triton/language/core.py", line 900, in __add__\n    return add(self, other, sanitize_overflow=True, _semantic=_semantic)\n  File "/home/lijiaxing/.conda/envs/api/lib/python3.10/site-packages/triton/language/core.py", line 42, in wrapper\n    return fn(*args, **kwargs)\n  File "/home/lijiaxing/.conda/envs/api/lib/python3.10/site-packages/triton/language/core.py", line 2468, in add\n    return _semantic.add(x, y, sanitize_overflow)\n  File "/home/lijiaxing/.conda/envs/api/lib/python3.10/site-packages/triton/language/semantic.py", line 226, in add\n    input, other = self.binary_op_type_checking_impl(input, other, True, True)\n  File "/home/lijiaxing/.conda/envs/api/lib/python3.10/site-packages/triton/language/semantic.py", line 203, in binary_op_type_checking_impl\n    lhs, rhs = self.broadcast_impl_value(lhs, rhs)\n  File "/home/lijiaxing/.conda/envs/api/lib/python3.10/site-packages/triton/language/semantic.py", line 749, in broadcast_impl_value\n    raise ValueError("Cannot make_shape_compatible: incompatible dimensions "\nValueError: Cannot make_shape_compatible: incompatible dimensions at index 0: 1024 and 32\n', 'runtime_error_name': 'triton.compiler.errors.CompilationError', 'reference_timing_ms': 0.06, 'speed_up': -1.0, 'custom_timing': -1.0}, 'runtime': -1.0, 'runtime_stats': {}}}
2025-08-08 17:54:09,430 - openevolve.llm.ensemble - INFO - Sampled model: deepseek
2025-08-08 17:54:09,433 - openevolve.database - INFO - MAP-Elites cell improved: {'score': 9, 'complexity': 9} (fitness: 1.000 -> 10.000)
2025-08-08 17:54:09,433 - openevolve.database - INFO - New best program a3db071e-13fc-4f6a-aa71-985bf27a6081 replaces 53815bfa-8782-4ee0-b5ea-5a5e75e41460
2025-08-08 17:54:09,445 - openevolve.threaded_parallel - INFO - Iteration 0: Program a3db071e-13fc-4f6a-aa71-985bf27a6081 (parent: 2808be64-4b3d-4955-95c1-b94313da8973) completed in 1001.51s
2025-08-08 17:54:09,446 - openevolve.threaded_parallel - INFO - Metrics: compiled=1.0000, correctness=0.0000, score=10.0000, stage=wrong_answer, verify_payload={'id': 'level1_81_conv_transposed_2D_asymmetric_input_square_kernel___dilated____padded____strided__', 'result': {'compiled': True, 'correctness': False, 'metadata': {'hardware': 'NVIDIA L20Y', 'device': 'cuda:3', 'runtime_error': 'Traceback (most recent call last):\n  File "/cpfs01/shared/llm_kernel/hujiakai/KernelLLM/validation_api_server/helpers/evaluations.py", line 720, in run_and_check_correctness\n    output_new = model_new(*inputs)\n  File "/home/lijiaxing/.conda/envs/api/lib/python3.10/site-packages/torch/nn/modules/module.py", line 1773, in _wrapped_call_impl\n    return self._call_impl(*args, **kwargs)\n  File "/home/lijiaxing/.conda/envs/api/lib/python3.10/site-packages/torch/nn/modules/module.py", line 1784, in _call_impl\n    return forward_call(*args, **kwargs)\n  File "/tmp/tmp1csvkjai.py", line 136, in forward\n    self._transposed_conv2d_kernel[grid](\n  File "/home/lijiaxing/.conda/envs/api/lib/python3.10/site-packages/triton/runtime/jit.py", line 390, in <lambda>\n    return lambda *args, **kwargs: self.run(grid=grid, warmup=False, *args, **kwargs)\n  File "/home/lijiaxing/.conda/envs/api/lib/python3.10/site-packages/triton/runtime/jit.py", line 594, in run\n    kernel = self.compile(src, target=target, options=options.__dict__)\n  File "/home/lijiaxing/.conda/envs/api/lib/python3.10/site-packages/triton/compiler/compiler.py", line 339, in compile\n    module = src.make_ir(options, codegen_fns, module_map, context)\n  File "/home/lijiaxing/.conda/envs/api/lib/python3.10/site-packages/triton/compiler/compiler.py", line 83, in make_ir\n    return ast_to_ttir(self.fn, self, context=context, options=options, codegen_fns=codegen_fns,\ntriton.compiler.errors.CompilationError: at 49:20:\n            cond = cond_h & cond_w\n            h_in_int = tl.math.floor(h_in + 0.5).to(tl.int32)\n            w_in_int = tl.math.floor(w_in + 0.5).to(tl.int32)\n\n            # Loop over input channels in blocks\n            for ic_block in range(0, in_channels, BLOCK_SIZE_IC):\n                ic_offsets = ic_block + tl.arange(0, BLOCK_SIZE_IC)\n                ic_mask = ic_offsets < in_channels\n\n                # Calculate input pointer offsets\n                input_offsets = (\n                    idx_b * in_channels * height_in * width_in +\n                    ^\nValueError(\'Cannot make_shape_compatible: incompatible dimensions at index 0: 1024 and 32\')\n\n\nThe above exception was the direct cause of the following exception:\n\nTraceback (most recent call last):\n  File "/home/lijiaxing/.conda/envs/api/lib/python3.10/site-packages/triton/language/core.py", line 42, in wrapper\n    return fn(*args, **kwargs)\n  File "/home/lijiaxing/.conda/envs/api/lib/python3.10/site-packages/triton/language/core.py", line 900, in __add__\n    return add(self, other, sanitize_overflow=True, _semantic=_semantic)\n  File "/home/lijiaxing/.conda/envs/api/lib/python3.10/site-packages/triton/language/core.py", line 42, in wrapper\n    return fn(*args, **kwargs)\n  File "/home/lijiaxing/.conda/envs/api/lib/python3.10/site-packages/triton/language/core.py", line 2468, in add\n    return _semantic.add(x, y, sanitize_overflow)\n  File "/home/lijiaxing/.conda/envs/api/lib/python3.10/site-packages/triton/language/semantic.py", line 226, in add\n    input, other = self.binary_op_type_checking_impl(input, other, True, True)\n  File "/home/lijiaxing/.conda/envs/api/lib/python3.10/site-packages/triton/language/semantic.py", line 203, in binary_op_type_checking_impl\n    lhs, rhs = self.broadcast_impl_value(lhs, rhs)\n  File "/home/lijiaxing/.conda/envs/api/lib/python3.10/site-packages/triton/language/semantic.py", line 749, in broadcast_impl_value\n    raise ValueError("Cannot make_shape_compatible: incompatible dimensions "\nValueError: Cannot make_shape_compatible: incompatible dimensions at index 0: 1024 and 32\n', 'runtime_error_name': 'triton.compiler.errors.CompilationError', 'reference_timing_ms': 0.06, 'speed_up': -1.0, 'custom_timing': -1.0}, 'runtime': -1.0, 'runtime_stats': {}}}
2025-08-08 17:54:09,446 - openevolve.threaded_parallel - INFO - ðŸŒŸ New best solution found at iteration 0: a3db071e-13fc-4f6a-aa71-985bf27a6081
2025-08-08 17:54:09,446 - openevolve.threaded_parallel - INFO - Checkpoint interval reached at iteration 0
2025-08-08 17:54:09,446 - openevolve.database - INFO - Island Status:
2025-08-08 17:54:09,446 - openevolve.database - INFO -    Island 0: 3 programs, best=1.0000, avg=-33.0000, diversity=863.60, gen=1 (best: 53815bfa-8782-4ee0-b5ea-5a5e75e41460)
2025-08-08 17:54:09,446 - openevolve.database - INFO -  * Island 1: 1 programs, best=10.0000, avg=10.0000, diversity=0.00, gen=2 (best: a3db071e-13fc-4f6a-aa71-985bf27a6081)
2025-08-08 17:54:09,446 - openevolve.database - INFO -    Island 2: 0 programs, best=0.0000, avg=0.0000, diversity=0.00, gen=0
2025-08-08 17:54:09,541 - openevolve.database - INFO - Saved database with 4 programs to openevolve_output/level1_81_conv_transposed_2D_asymmetric_input_square_kernel___dilated____padded____strided__/checkpoints/checkpoint_0
2025-08-08 17:54:09,562 - openevolve.controller - INFO - Saved best program at checkpoint 0 with metrics: compiled=1.0000, correctness=0.0000, score=10.0000, stage=wrong_answer, verify_payload={'id': 'level1_81_conv_transposed_2D_asymmetric_input_square_kernel___dilated____padded____strided__', 'result': {'compiled': True, 'correctness': False, 'metadata': {'hardware': 'NVIDIA L20Y', 'device': 'cuda:3', 'runtime_error': 'Traceback (most recent call last):\n  File "/cpfs01/shared/llm_kernel/hujiakai/KernelLLM/validation_api_server/helpers/evaluations.py", line 720, in run_and_check_correctness\n    output_new = model_new(*inputs)\n  File "/home/lijiaxing/.conda/envs/api/lib/python3.10/site-packages/torch/nn/modules/module.py", line 1773, in _wrapped_call_impl\n    return self._call_impl(*args, **kwargs)\n  File "/home/lijiaxing/.conda/envs/api/lib/python3.10/site-packages/torch/nn/modules/module.py", line 1784, in _call_impl\n    return forward_call(*args, **kwargs)\n  File "/tmp/tmp1csvkjai.py", line 136, in forward\n    self._transposed_conv2d_kernel[grid](\n  File "/home/lijiaxing/.conda/envs/api/lib/python3.10/site-packages/triton/runtime/jit.py", line 390, in <lambda>\n    return lambda *args, **kwargs: self.run(grid=grid, warmup=False, *args, **kwargs)\n  File "/home/lijiaxing/.conda/envs/api/lib/python3.10/site-packages/triton/runtime/jit.py", line 594, in run\n    kernel = self.compile(src, target=target, options=options.__dict__)\n  File "/home/lijiaxing/.conda/envs/api/lib/python3.10/site-packages/triton/compiler/compiler.py", line 339, in compile\n    module = src.make_ir(options, codegen_fns, module_map, context)\n  File "/home/lijiaxing/.conda/envs/api/lib/python3.10/site-packages/triton/compiler/compiler.py", line 83, in make_ir\n    return ast_to_ttir(self.fn, self, context=context, options=options, codegen_fns=codegen_fns,\ntriton.compiler.errors.CompilationError: at 49:20:\n            cond = cond_h & cond_w\n            h_in_int = tl.math.floor(h_in + 0.5).to(tl.int32)\n            w_in_int = tl.math.floor(w_in + 0.5).to(tl.int32)\n\n            # Loop over input channels in blocks\n            for ic_block in range(0, in_channels, BLOCK_SIZE_IC):\n                ic_offsets = ic_block + tl.arange(0, BLOCK_SIZE_IC)\n                ic_mask = ic_offsets < in_channels\n\n                # Calculate input pointer offsets\n                input_offsets = (\n                    idx_b * in_channels * height_in * width_in +\n                    ^\nValueError(\'Cannot make_shape_compatible: incompatible dimensions at index 0: 1024 and 32\')\n\n\nThe above exception was the direct cause of the following exception:\n\nTraceback (most recent call last):\n  File "/home/lijiaxing/.conda/envs/api/lib/python3.10/site-packages/triton/language/core.py", line 42, in wrapper\n    return fn(*args, **kwargs)\n  File "/home/lijiaxing/.conda/envs/api/lib/python3.10/site-packages/triton/language/core.py", line 900, in __add__\n    return add(self, other, sanitize_overflow=True, _semantic=_semantic)\n  File "/home/lijiaxing/.conda/envs/api/lib/python3.10/site-packages/triton/language/core.py", line 42, in wrapper\n    return fn(*args, **kwargs)\n  File "/home/lijiaxing/.conda/envs/api/lib/python3.10/site-packages/triton/language/core.py", line 2468, in add\n    return _semantic.add(x, y, sanitize_overflow)\n  File "/home/lijiaxing/.conda/envs/api/lib/python3.10/site-packages/triton/language/semantic.py", line 226, in add\n    input, other = self.binary_op_type_checking_impl(input, other, True, True)\n  File "/home/lijiaxing/.conda/envs/api/lib/python3.10/site-packages/triton/language/semantic.py", line 203, in binary_op_type_checking_impl\n    lhs, rhs = self.broadcast_impl_value(lhs, rhs)\n  File "/home/lijiaxing/.conda/envs/api/lib/python3.10/site-packages/triton/language/semantic.py", line 749, in broadcast_impl_value\n    raise ValueError("Cannot make_shape_compatible: incompatible dimensions "\nValueError: Cannot make_shape_compatible: incompatible dimensions at index 0: 1024 and 32\n', 'runtime_error_name': 'triton.compiler.errors.CompilationError', 'reference_timing_ms': 0.06, 'speed_up': -1.0, 'custom_timing': -1.0}, 'runtime': -1.0, 'runtime_stats': {}}}
2025-08-08 17:54:09,562 - openevolve.controller - INFO - Saved checkpoint at iteration 0 to openevolve_output/level1_81_conv_transposed_2D_asymmetric_input_square_kernel___dilated____padded____strided__/checkpoints/checkpoint_0
2025-08-08 18:03:43,589 - openevolve.RemoteSpeedupEvaluator - INFO - [level1_81_conv_transposed_2D_asymmetric_input_square_kernel___dilated____padded____strided__] triton key words check pass
2025-08-08 18:03:43,590 - openevolve.RemoteSpeedupEvaluator - INFO - [level1_81_conv_transposed_2D_asymmetric_input_square_kernel___dilated____padded____strided__] verify_plus payload: reference_code(1888 chars) + custom_code(5735 chars)
2025-08-08 18:03:46,802 - openevolve.RemoteSpeedupEvaluator - INFO - [level1_81_conv_transposed_2D_asymmetric_input_square_kernel___dilated____padded____strided__] verify_plus request success
2025-08-08 18:03:46,802 - openevolve.RemoteSpeedupEvaluator - INFO - [level1_81_conv_transposed_2D_asymmetric_input_square_kernel___dilated____padded____strided__] verify_plus response: {"id":"level1_81_conv_transposed_2D_asymmetric_input_square_kernel___dilated____padded____strided__","result":{"compiled":true,"correctness":false,"metadata":{"hardware":"NVIDIA L20Y","device":"cuda:4","runtime_error":"Traceback (most recent call last):\n  File \"/cpfs01/shared/llm_kernel/hujiakai/KernelLLM/validation_api_server/helpers/evaluations.py\", line 720, in run_and_check_correctness\n    output_new = model_new(*inputs)\n  File \"/home/lijiaxing/.conda/envs/api/lib/python3.10/site-packages/torch/nn/modules/module.py\", line 1773, in _wrapped_call_impl\n    return self._call_impl(*args, **kwargs)\n  File \"/home/lijiaxing/.conda/envs/api/lib/python3.10/site-packages/torch/nn/modules/module.py\", line 1784, in _call_impl\n    return forward_call(*args, **kwargs)\n  File \"/tmp/tmp74
2025-08-08 18:03:46,803 - openevolve.RemoteSpeedupEvaluator - INFO - [level1_81_conv_transposed_2D_asymmetric_input_square_kernel___dilated____padded____strided__] âœ˜ wrong_answer
2025-08-08 18:03:46,803 - openevolve.evaluator - INFO - Evaluated program e5fa0959-ca58-450a-9bae-b95736f22b3d in 3.22s: compiled=1.0000, correctness=0.0000, score=10.0000, stage=wrong_answer, verify_payload={'id': 'level1_81_conv_transposed_2D_asymmetric_input_square_kernel___dilated____padded____strided__', 'result': {'compiled': True, 'correctness': False, 'metadata': {'hardware': 'NVIDIA L20Y', 'device': 'cuda:4', 'runtime_error': 'Traceback (most recent call last):\n  File "/cpfs01/shared/llm_kernel/hujiakai/KernelLLM/validation_api_server/helpers/evaluations.py", line 720, in run_and_check_correctness\n    output_new = model_new(*inputs)\n  File "/home/lijiaxing/.conda/envs/api/lib/python3.10/site-packages/torch/nn/modules/module.py", line 1773, in _wrapped_call_impl\n    return self._call_impl(*args, **kwargs)\n  File "/home/lijiaxing/.conda/envs/api/lib/python3.10/site-packages/torch/nn/modules/module.py", line 1784, in _call_impl\n    return forward_call(*args, **kwargs)\n  File "/tmp/tmp74go1q6v.py", line 49, in forward\n    _conv_transpose2d_kernel[grid](\n  File "/home/lijiaxing/.conda/envs/api/lib/python3.10/site-packages/triton/runtime/jit.py", line 390, in <lambda>\n    return lambda *args, **kwargs: self.run(grid=grid, warmup=False, *args, **kwargs)\n  File "/home/lijiaxing/.conda/envs/api/lib/python3.10/site-packages/triton/runtime/jit.py", line 594, in run\n    kernel = self.compile(src, target=target, options=options.__dict__)\n  File "/home/lijiaxing/.conda/envs/api/lib/python3.10/site-packages/triton/compiler/compiler.py", line 281, in compile\n    key = f"{triton_key()}-{src.hash()}-{backend.hash()}-{options.hash()}-{str(sorted(env_vars.items()))}"\n  File "/home/lijiaxing/.conda/envs/api/lib/python3.10/site-packages/triton/compiler/compiler.py", line 78, in hash\n    key = f"{self.fn.cache_key}-{str(self.attrs)}-{sorted_sig}-{constants_key}"\n  File "/home/lijiaxing/.conda/envs/api/lib/python3.10/site-packages/triton/runtime/jit.py", line 696, in cache_key\n    dependencies_finder.visit(self.parse())\n  File "/home/lijiaxing/.conda/envs/api/lib/python3.10/ast.py", line 418, in visit\n    return visitor(node)\n  File "/home/lijiaxing/.conda/envs/api/lib/python3.10/ast.py", line 426, in generic_visit\n    self.visit(item)\n  File "/home/lijiaxing/.conda/envs/api/lib/python3.10/ast.py", line 418, in visit\n    return visitor(node)\n  File "/home/lijiaxing/.conda/envs/api/lib/python3.10/site-packages/triton/runtime/jit.py", line 163, in visit_FunctionDef\n    self.generic_visit(node)\n  File "/home/lijiaxing/.conda/envs/api/lib/python3.10/ast.py", line 426, in generic_visit\n    self.visit(item)\n  File "/home/lijiaxing/.conda/envs/api/lib/python3.10/ast.py", line 418, in visit\n    return visitor(node)\n  File "/home/lijiaxing/.conda/envs/api/lib/python3.10/site-packages/triton/runtime/jit.py", line 229, in visit_For\n    self.generic_visit(node)\n  File "/home/lijiaxing/.conda/envs/api/lib/python3.10/ast.py", line 426, in generic_visit\n    self.visit(item)\n  File "/home/lijiaxing/.conda/envs/api/lib/python3.10/ast.py", line 418, in visit\n    return visitor(node)\n  File "/home/lijiaxing/.conda/envs/api/lib/python3.10/site-packages/triton/runtime/jit.py", line 229, in visit_For\n    self.generic_visit(node)\n  File "/home/lijiaxing/.conda/envs/api/lib/python3.10/ast.py", line 426, in generic_visit\n    self.visit(item)\n  File "/home/lijiaxing/.conda/envs/api/lib/python3.10/ast.py", line 418, in visit\n    return visitor(node)\n  File "/home/lijiaxing/.conda/envs/api/lib/python3.10/site-packages/triton/runtime/jit.py", line 229, in visit_For\n    self.generic_visit(node)\n  File "/home/lijiaxing/.conda/envs/api/lib/python3.10/ast.py", line 426, in generic_visit\n    self.visit(item)\n  File "/home/lijiaxing/.conda/envs/api/lib/python3.10/ast.py", line 418, in visit\n    return visitor(node)\n  File "/home/lijiaxing/.conda/envs/api/lib/python3.10/ast.py", line 428, in generic_visit\n    self.visit(value)\n  File "/home/lijiaxing/.conda/envs/api/lib/python3.10/ast.py", line 418, in visit\n    return visitor(node)\n  File "/home/lijiaxing/.conda/envs/api/lib/python3.10/ast.py", line 428, in generic_visit\n    self.visit(value)\n  File "/home/lijiaxing/.conda/envs/api/lib/python3.10/ast.py", line 418, in visit\n    return visitor(node)\n  File "/home/lijiaxing/.conda/envs/api/lib/python3.10/site-packages/triton/runtime/jit.py", line 156, in visit_Attribute\n    ret = getattr(lhs, node.attr)\nAttributeError: module \'triton.language\' has no attribute \'any\'\n', 'runtime_error_name': 'builtins.AttributeError', 'reference_timing_ms': 0.06, 'speed_up': -1.0, 'custom_timing': -1.0}, 'runtime': -1.0, 'runtime_stats': {}}}
2025-08-08 18:03:46,806 - openevolve.llm.ensemble - INFO - Sampled model: deepseek
2025-08-08 18:03:46,810 - openevolve.database - INFO - New MAP-Elites cell occupied: {'score': 9, 'complexity': 8}
2025-08-08 18:03:46,823 - openevolve.threaded_parallel - INFO - Iteration 4: Program e5fa0959-ca58-450a-9bae-b95736f22b3d (parent: 2808be64-4b3d-4955-95c1-b94313da8973) completed in 712.92s
2025-08-08 18:03:46,823 - openevolve.threaded_parallel - INFO - Metrics: compiled=1.0000, correctness=0.0000, score=10.0000, stage=wrong_answer, verify_payload={'id': 'level1_81_conv_transposed_2D_asymmetric_input_square_kernel___dilated____padded____strided__', 'result': {'compiled': True, 'correctness': False, 'metadata': {'hardware': 'NVIDIA L20Y', 'device': 'cuda:4', 'runtime_error': 'Traceback (most recent call last):\n  File "/cpfs01/shared/llm_kernel/hujiakai/KernelLLM/validation_api_server/helpers/evaluations.py", line 720, in run_and_check_correctness\n    output_new = model_new(*inputs)\n  File "/home/lijiaxing/.conda/envs/api/lib/python3.10/site-packages/torch/nn/modules/module.py", line 1773, in _wrapped_call_impl\n    return self._call_impl(*args, **kwargs)\n  File "/home/lijiaxing/.conda/envs/api/lib/python3.10/site-packages/torch/nn/modules/module.py", line 1784, in _call_impl\n    return forward_call(*args, **kwargs)\n  File "/tmp/tmp74go1q6v.py", line 49, in forward\n    _conv_transpose2d_kernel[grid](\n  File "/home/lijiaxing/.conda/envs/api/lib/python3.10/site-packages/triton/runtime/jit.py", line 390, in <lambda>\n    return lambda *args, **kwargs: self.run(grid=grid, warmup=False, *args, **kwargs)\n  File "/home/lijiaxing/.conda/envs/api/lib/python3.10/site-packages/triton/runtime/jit.py", line 594, in run\n    kernel = self.compile(src, target=target, options=options.__dict__)\n  File "/home/lijiaxing/.conda/envs/api/lib/python3.10/site-packages/triton/compiler/compiler.py", line 281, in compile\n    key = f"{triton_key()}-{src.hash()}-{backend.hash()}-{options.hash()}-{str(sorted(env_vars.items()))}"\n  File "/home/lijiaxing/.conda/envs/api/lib/python3.10/site-packages/triton/compiler/compiler.py", line 78, in hash\n    key = f"{self.fn.cache_key}-{str(self.attrs)}-{sorted_sig}-{constants_key}"\n  File "/home/lijiaxing/.conda/envs/api/lib/python3.10/site-packages/triton/runtime/jit.py", line 696, in cache_key\n    dependencies_finder.visit(self.parse())\n  File "/home/lijiaxing/.conda/envs/api/lib/python3.10/ast.py", line 418, in visit\n    return visitor(node)\n  File "/home/lijiaxing/.conda/envs/api/lib/python3.10/ast.py", line 426, in generic_visit\n    self.visit(item)\n  File "/home/lijiaxing/.conda/envs/api/lib/python3.10/ast.py", line 418, in visit\n    return visitor(node)\n  File "/home/lijiaxing/.conda/envs/api/lib/python3.10/site-packages/triton/runtime/jit.py", line 163, in visit_FunctionDef\n    self.generic_visit(node)\n  File "/home/lijiaxing/.conda/envs/api/lib/python3.10/ast.py", line 426, in generic_visit\n    self.visit(item)\n  File "/home/lijiaxing/.conda/envs/api/lib/python3.10/ast.py", line 418, in visit\n    return visitor(node)\n  File "/home/lijiaxing/.conda/envs/api/lib/python3.10/site-packages/triton/runtime/jit.py", line 229, in visit_For\n    self.generic_visit(node)\n  File "/home/lijiaxing/.conda/envs/api/lib/python3.10/ast.py", line 426, in generic_visit\n    self.visit(item)\n  File "/home/lijiaxing/.conda/envs/api/lib/python3.10/ast.py", line 418, in visit\n    return visitor(node)\n  File "/home/lijiaxing/.conda/envs/api/lib/python3.10/site-packages/triton/runtime/jit.py", line 229, in visit_For\n    self.generic_visit(node)\n  File "/home/lijiaxing/.conda/envs/api/lib/python3.10/ast.py", line 426, in generic_visit\n    self.visit(item)\n  File "/home/lijiaxing/.conda/envs/api/lib/python3.10/ast.py", line 418, in visit\n    return visitor(node)\n  File "/home/lijiaxing/.conda/envs/api/lib/python3.10/site-packages/triton/runtime/jit.py", line 229, in visit_For\n    self.generic_visit(node)\n  File "/home/lijiaxing/.conda/envs/api/lib/python3.10/ast.py", line 426, in generic_visit\n    self.visit(item)\n  File "/home/lijiaxing/.conda/envs/api/lib/python3.10/ast.py", line 418, in visit\n    return visitor(node)\n  File "/home/lijiaxing/.conda/envs/api/lib/python3.10/ast.py", line 428, in generic_visit\n    self.visit(value)\n  File "/home/lijiaxing/.conda/envs/api/lib/python3.10/ast.py", line 418, in visit\n    return visitor(node)\n  File "/home/lijiaxing/.conda/envs/api/lib/python3.10/ast.py", line 428, in generic_visit\n    self.visit(value)\n  File "/home/lijiaxing/.conda/envs/api/lib/python3.10/ast.py", line 418, in visit\n    return visitor(node)\n  File "/home/lijiaxing/.conda/envs/api/lib/python3.10/site-packages/triton/runtime/jit.py", line 156, in visit_Attribute\n    ret = getattr(lhs, node.attr)\nAttributeError: module \'triton.language\' has no attribute \'any\'\n', 'runtime_error_name': 'builtins.AttributeError', 'reference_timing_ms': 0.06, 'speed_up': -1.0, 'custom_timing': -1.0}, 'runtime': -1.0, 'runtime_stats': {}}}
2025-08-08 18:13:26,046 - openevolve.RemoteSpeedupEvaluator - INFO - [level1_81_conv_transposed_2D_asymmetric_input_square_kernel___dilated____padded____strided__] triton key words check pass
2025-08-08 18:13:26,048 - openevolve.RemoteSpeedupEvaluator - INFO - [level1_81_conv_transposed_2D_asymmetric_input_square_kernel___dilated____padded____strided__] verify_plus payload: reference_code(1888 chars) + custom_code(5649 chars)
2025-08-08 18:13:28,997 - openevolve.RemoteSpeedupEvaluator - INFO - [level1_81_conv_transposed_2D_asymmetric_input_square_kernel___dilated____padded____strided__] verify_plus request success
2025-08-08 18:13:28,997 - openevolve.RemoteSpeedupEvaluator - INFO - [level1_81_conv_transposed_2D_asymmetric_input_square_kernel___dilated____padded____strided__] verify_plus response: {"id":"level1_81_conv_transposed_2D_asymmetric_input_square_kernel___dilated____padded____strided__","result":{"compiled":true,"correctness":false,"metadata":{"hardware":"NVIDIA L20Y","device":"cuda:2","runtime_error":"Traceback (most recent call last):\n  File \"/cpfs01/shared/llm_kernel/hujiakai/KernelLLM/validation_api_server/helpers/evaluations.py\", line 720, in run_and_check_correctness\n    output_new = model_new(*inputs)\n  File \"/home/lijiaxing/.conda/envs/api/lib/python3.10/site-packages/torch/nn/modules/module.py\", line 1773, in _wrapped_call_impl\n    return self._call_impl(*args, **kwargs)\n  File \"/home/lijiaxing/.conda/envs/api/lib/python3.10/site-packages/torch/nn/modules/module.py\", line 1784, in _call_impl\n    return forward_call(*args, **kwargs)\n  File \"/tmp/tmp__
2025-08-08 18:13:28,998 - openevolve.RemoteSpeedupEvaluator - INFO - [level1_81_conv_transposed_2D_asymmetric_input_square_kernel___dilated____padded____strided__] âœ˜ wrong_answer
2025-08-08 18:13:28,998 - openevolve.evaluator - INFO - Evaluated program 8d5ff22a-b872-455f-9238-4a62cfa906de in 2.95s: compiled=1.0000, correctness=0.0000, score=10.0000, stage=wrong_answer, verify_payload={'id': 'level1_81_conv_transposed_2D_asymmetric_input_square_kernel___dilated____padded____strided__', 'result': {'compiled': True, 'correctness': False, 'metadata': {'hardware': 'NVIDIA L20Y', 'device': 'cuda:2', 'runtime_error': 'Traceback (most recent call last):\n  File "/cpfs01/shared/llm_kernel/hujiakai/KernelLLM/validation_api_server/helpers/evaluations.py", line 720, in run_and_check_correctness\n    output_new = model_new(*inputs)\n  File "/home/lijiaxing/.conda/envs/api/lib/python3.10/site-packages/torch/nn/modules/module.py", line 1773, in _wrapped_call_impl\n    return self._call_impl(*args, **kwargs)\n  File "/home/lijiaxing/.conda/envs/api/lib/python3.10/site-packages/torch/nn/modules/module.py", line 1784, in _call_impl\n    return forward_call(*args, **kwargs)\n  File "/tmp/tmp__wigdu_.py", line 49, in forward\n    _conv_transpose2d_kernel[grid](\n  File "/home/lijiaxing/.conda/envs/api/lib/python3.10/site-packages/triton/runtime/jit.py", line 390, in <lambda>\n    return lambda *args, **kwargs: self.run(grid=grid, warmup=False, *args, **kwargs)\n  File "/home/lijiaxing/.conda/envs/api/lib/python3.10/site-packages/triton/runtime/jit.py", line 594, in run\n    kernel = self.compile(src, target=target, options=options.__dict__)\n  File "/home/lijiaxing/.conda/envs/api/lib/python3.10/site-packages/triton/compiler/compiler.py", line 281, in compile\n    key = f"{triton_key()}-{src.hash()}-{backend.hash()}-{options.hash()}-{str(sorted(env_vars.items()))}"\n  File "/home/lijiaxing/.conda/envs/api/lib/python3.10/site-packages/triton/compiler/compiler.py", line 78, in hash\n    key = f"{self.fn.cache_key}-{str(self.attrs)}-{sorted_sig}-{constants_key}"\n  File "/home/lijiaxing/.conda/envs/api/lib/python3.10/site-packages/triton/runtime/jit.py", line 696, in cache_key\n    dependencies_finder.visit(self.parse())\n  File "/home/lijiaxing/.conda/envs/api/lib/python3.10/ast.py", line 418, in visit\n    return visitor(node)\n  File "/home/lijiaxing/.conda/envs/api/lib/python3.10/ast.py", line 426, in generic_visit\n    self.visit(item)\n  File "/home/lijiaxing/.conda/envs/api/lib/python3.10/ast.py", line 418, in visit\n    return visitor(node)\n  File "/home/lijiaxing/.conda/envs/api/lib/python3.10/site-packages/triton/runtime/jit.py", line 163, in visit_FunctionDef\n    self.generic_visit(node)\n  File "/home/lijiaxing/.conda/envs/api/lib/python3.10/ast.py", line 426, in generic_visit\n    self.visit(item)\n  File "/home/lijiaxing/.conda/envs/api/lib/python3.10/ast.py", line 418, in visit\n    return visitor(node)\n  File "/home/lijiaxing/.conda/envs/api/lib/python3.10/site-packages/triton/runtime/jit.py", line 229, in visit_For\n    self.generic_visit(node)\n  File "/home/lijiaxing/.conda/envs/api/lib/python3.10/ast.py", line 426, in generic_visit\n    self.visit(item)\n  File "/home/lijiaxing/.conda/envs/api/lib/python3.10/ast.py", line 418, in visit\n    return visitor(node)\n  File "/home/lijiaxing/.conda/envs/api/lib/python3.10/site-packages/triton/runtime/jit.py", line 229, in visit_For\n    self.generic_visit(node)\n  File "/home/lijiaxing/.conda/envs/api/lib/python3.10/ast.py", line 426, in generic_visit\n    self.visit(item)\n  File "/home/lijiaxing/.conda/envs/api/lib/python3.10/ast.py", line 418, in visit\n    return visitor(node)\n  File "/home/lijiaxing/.conda/envs/api/lib/python3.10/site-packages/triton/runtime/jit.py", line 229, in visit_For\n    self.generic_visit(node)\n  File "/home/lijiaxing/.conda/envs/api/lib/python3.10/ast.py", line 426, in generic_visit\n    self.visit(item)\n  File "/home/lijiaxing/.conda/envs/api/lib/python3.10/ast.py", line 418, in visit\n    return visitor(node)\n  File "/home/lijiaxing/.conda/envs/api/lib/python3.10/ast.py", line 428, in generic_visit\n    self.visit(value)\n  File "/home/lijiaxing/.conda/envs/api/lib/python3.10/ast.py", line 418, in visit\n    return visitor(node)\n  File "/home/lijiaxing/.conda/envs/api/lib/python3.10/ast.py", line 428, in generic_visit\n    self.visit(value)\n  File "/home/lijiaxing/.conda/envs/api/lib/python3.10/ast.py", line 418, in visit\n    return visitor(node)\n  File "/home/lijiaxing/.conda/envs/api/lib/python3.10/site-packages/triton/runtime/jit.py", line 156, in visit_Attribute\n    ret = getattr(lhs, node.attr)\nAttributeError: module \'triton.language\' has no attribute \'any\'\n', 'runtime_error_name': 'builtins.AttributeError', 'reference_timing_ms': 0.06, 'speed_up': -1.0, 'custom_timing': -1.0}, 'runtime': -1.0, 'runtime_stats': {}}}
2025-08-08 18:13:29,002 - openevolve.llm.ensemble - INFO - Sampled model: deepseek
2025-08-08 18:13:29,021 - openevolve.threaded_parallel - INFO - Iteration 5: Program 8d5ff22a-b872-455f-9238-4a62cfa906de (parent: 2100e0f9-ea57-4d72-95e9-9aafe10e3ffc) completed in 1159.57s
2025-08-08 18:13:29,021 - openevolve.threaded_parallel - INFO - Metrics: compiled=1.0000, correctness=0.0000, score=10.0000, stage=wrong_answer, verify_payload={'id': 'level1_81_conv_transposed_2D_asymmetric_input_square_kernel___dilated____padded____strided__', 'result': {'compiled': True, 'correctness': False, 'metadata': {'hardware': 'NVIDIA L20Y', 'device': 'cuda:2', 'runtime_error': 'Traceback (most recent call last):\n  File "/cpfs01/shared/llm_kernel/hujiakai/KernelLLM/validation_api_server/helpers/evaluations.py", line 720, in run_and_check_correctness\n    output_new = model_new(*inputs)\n  File "/home/lijiaxing/.conda/envs/api/lib/python3.10/site-packages/torch/nn/modules/module.py", line 1773, in _wrapped_call_impl\n    return self._call_impl(*args, **kwargs)\n  File "/home/lijiaxing/.conda/envs/api/lib/python3.10/site-packages/torch/nn/modules/module.py", line 1784, in _call_impl\n    return forward_call(*args, **kwargs)\n  File "/tmp/tmp__wigdu_.py", line 49, in forward\n    _conv_transpose2d_kernel[grid](\n  File "/home/lijiaxing/.conda/envs/api/lib/python3.10/site-packages/triton/runtime/jit.py", line 390, in <lambda>\n    return lambda *args, **kwargs: self.run(grid=grid, warmup=False, *args, **kwargs)\n  File "/home/lijiaxing/.conda/envs/api/lib/python3.10/site-packages/triton/runtime/jit.py", line 594, in run\n    kernel = self.compile(src, target=target, options=options.__dict__)\n  File "/home/lijiaxing/.conda/envs/api/lib/python3.10/site-packages/triton/compiler/compiler.py", line 281, in compile\n    key = f"{triton_key()}-{src.hash()}-{backend.hash()}-{options.hash()}-{str(sorted(env_vars.items()))}"\n  File "/home/lijiaxing/.conda/envs/api/lib/python3.10/site-packages/triton/compiler/compiler.py", line 78, in hash\n    key = f"{self.fn.cache_key}-{str(self.attrs)}-{sorted_sig}-{constants_key}"\n  File "/home/lijiaxing/.conda/envs/api/lib/python3.10/site-packages/triton/runtime/jit.py", line 696, in cache_key\n    dependencies_finder.visit(self.parse())\n  File "/home/lijiaxing/.conda/envs/api/lib/python3.10/ast.py", line 418, in visit\n    return visitor(node)\n  File "/home/lijiaxing/.conda/envs/api/lib/python3.10/ast.py", line 426, in generic_visit\n    self.visit(item)\n  File "/home/lijiaxing/.conda/envs/api/lib/python3.10/ast.py", line 418, in visit\n    return visitor(node)\n  File "/home/lijiaxing/.conda/envs/api/lib/python3.10/site-packages/triton/runtime/jit.py", line 163, in visit_FunctionDef\n    self.generic_visit(node)\n  File "/home/lijiaxing/.conda/envs/api/lib/python3.10/ast.py", line 426, in generic_visit\n    self.visit(item)\n  File "/home/lijiaxing/.conda/envs/api/lib/python3.10/ast.py", line 418, in visit\n    return visitor(node)\n  File "/home/lijiaxing/.conda/envs/api/lib/python3.10/site-packages/triton/runtime/jit.py", line 229, in visit_For\n    self.generic_visit(node)\n  File "/home/lijiaxing/.conda/envs/api/lib/python3.10/ast.py", line 426, in generic_visit\n    self.visit(item)\n  File "/home/lijiaxing/.conda/envs/api/lib/python3.10/ast.py", line 418, in visit\n    return visitor(node)\n  File "/home/lijiaxing/.conda/envs/api/lib/python3.10/site-packages/triton/runtime/jit.py", line 229, in visit_For\n    self.generic_visit(node)\n  File "/home/lijiaxing/.conda/envs/api/lib/python3.10/ast.py", line 426, in generic_visit\n    self.visit(item)\n  File "/home/lijiaxing/.conda/envs/api/lib/python3.10/ast.py", line 418, in visit\n    return visitor(node)\n  File "/home/lijiaxing/.conda/envs/api/lib/python3.10/site-packages/triton/runtime/jit.py", line 229, in visit_For\n    self.generic_visit(node)\n  File "/home/lijiaxing/.conda/envs/api/lib/python3.10/ast.py", line 426, in generic_visit\n    self.visit(item)\n  File "/home/lijiaxing/.conda/envs/api/lib/python3.10/ast.py", line 418, in visit\n    return visitor(node)\n  File "/home/lijiaxing/.conda/envs/api/lib/python3.10/ast.py", line 428, in generic_visit\n    self.visit(value)\n  File "/home/lijiaxing/.conda/envs/api/lib/python3.10/ast.py", line 418, in visit\n    return visitor(node)\n  File "/home/lijiaxing/.conda/envs/api/lib/python3.10/ast.py", line 428, in generic_visit\n    self.visit(value)\n  File "/home/lijiaxing/.conda/envs/api/lib/python3.10/ast.py", line 418, in visit\n    return visitor(node)\n  File "/home/lijiaxing/.conda/envs/api/lib/python3.10/site-packages/triton/runtime/jit.py", line 156, in visit_Attribute\n    ret = getattr(lhs, node.attr)\nAttributeError: module \'triton.language\' has no attribute \'any\'\n', 'runtime_error_name': 'builtins.AttributeError', 'reference_timing_ms': 0.06, 'speed_up': -1.0, 'custom_timing': -1.0}, 'runtime': -1.0, 'runtime_stats': {}}}
2025-08-08 18:14:16,732 - openevolve.RemoteSpeedupEvaluator - INFO - [level1_81_conv_transposed_2D_asymmetric_input_square_kernel___dilated____padded____strided__] triton key words check pass
2025-08-08 18:14:16,733 - openevolve.RemoteSpeedupEvaluator - INFO - [level1_81_conv_transposed_2D_asymmetric_input_square_kernel___dilated____padded____strided__] verify_plus payload: reference_code(1888 chars) + custom_code(4406 chars)
2025-08-08 18:14:20,012 - openevolve.RemoteSpeedupEvaluator - INFO - [level1_81_conv_transposed_2D_asymmetric_input_square_kernel___dilated____padded____strided__] verify_plus request success
2025-08-08 18:14:20,013 - openevolve.RemoteSpeedupEvaluator - INFO - [level1_81_conv_transposed_2D_asymmetric_input_square_kernel___dilated____padded____strided__] verify_plus response: {"id":"level1_81_conv_transposed_2D_asymmetric_input_square_kernel___dilated____padded____strided__","result":{"compiled":true,"correctness":false,"metadata":{"hardware":"NVIDIA L20Y","device":"cuda:5","runtime_error":"Traceback (most recent call last):\n  File \"/cpfs01/shared/llm_kernel/hujiakai/KernelLLM/validation_api_server/helpers/evaluations.py\", line 720, in run_and_check_correctness\n    output_new = model_new(*inputs)\n  File \"/home/lijiaxing/.conda/envs/api/lib/python3.10/site-packages/torch/nn/modules/module.py\", line 1773, in _wrapped_call_impl\n    return self._call_impl(*args, **kwargs)\n  File \"/home/lijiaxing/.conda/envs/api/lib/python3.10/site-packages/torch/nn/modules/module.py\", line 1784, in _call_impl\n    return forward_call(*args, **kwargs)\n  File \"/tmp/tmpah
2025-08-08 18:14:20,013 - openevolve.RemoteSpeedupEvaluator - INFO - [level1_81_conv_transposed_2D_asymmetric_input_square_kernel___dilated____padded____strided__] âœ˜ wrong_answer
2025-08-08 18:14:20,013 - openevolve.evaluator - INFO - Evaluated program 6454518f-f5c9-4875-828e-abd4b8ac8032 in 3.28s: compiled=1.0000, correctness=0.0000, score=10.0000, stage=wrong_answer, verify_payload={'id': 'level1_81_conv_transposed_2D_asymmetric_input_square_kernel___dilated____padded____strided__', 'result': {'compiled': True, 'correctness': False, 'metadata': {'hardware': 'NVIDIA L20Y', 'device': 'cuda:5', 'runtime_error': 'Traceback (most recent call last):\n  File "/cpfs01/shared/llm_kernel/hujiakai/KernelLLM/validation_api_server/helpers/evaluations.py", line 720, in run_and_check_correctness\n    output_new = model_new(*inputs)\n  File "/home/lijiaxing/.conda/envs/api/lib/python3.10/site-packages/torch/nn/modules/module.py", line 1773, in _wrapped_call_impl\n    return self._call_impl(*args, **kwargs)\n  File "/home/lijiaxing/.conda/envs/api/lib/python3.10/site-packages/torch/nn/modules/module.py", line 1784, in _call_impl\n    return forward_call(*args, **kwargs)\n  File "/tmp/tmpahgzu7ua.py", line 105, in forward\n    triton_conv_transpose2d[grid](\n  File "/home/lijiaxing/.conda/envs/api/lib/python3.10/site-packages/triton/runtime/jit.py", line 390, in <lambda>\n    return lambda *args, **kwargs: self.run(grid=grid, warmup=False, *args, **kwargs)\n  File "/home/lijiaxing/.conda/envs/api/lib/python3.10/site-packages/triton/runtime/jit.py", line 594, in run\n    kernel = self.compile(src, target=target, options=options.__dict__)\n  File "/home/lijiaxing/.conda/envs/api/lib/python3.10/site-packages/triton/compiler/compiler.py", line 339, in compile\n    module = src.make_ir(options, codegen_fns, module_map, context)\n  File "/home/lijiaxing/.conda/envs/api/lib/python3.10/site-packages/triton/compiler/compiler.py", line 83, in make_ir\n    return ast_to_ttir(self.fn, self, context=context, options=options, codegen_fns=codegen_fns,\ntriton.compiler.errors.UnsupportedLanguageConstruct: at 22:16:\n\n    batch_idx = pid_b_oc // OC\n    oc_idx = pid_b_oc % OC\n    acc = 0.0\n\n    for kh in range(kernel_size):\n        for kw in range(kernel_size):\n            ih0 = pid_oh + padding - kh * dilation\n            iw0 = pid_ow + padding - kw * dilation\n\n            if ih0 % stride != 0 or iw0 % stride != 0:\n                continue\n                ^\nunsupported AST node type: Continue\n', 'runtime_error_name': 'triton.compiler.errors.UnsupportedLanguageConstruct', 'reference_timing_ms': 0.06, 'speed_up': -1.0, 'custom_timing': -1.0}, 'runtime': -1.0, 'runtime_stats': {}}}
2025-08-08 18:14:20,017 - openevolve.llm.ensemble - INFO - Sampled model: deepseek
2025-08-08 18:14:20,020 - openevolve.database - INFO - New MAP-Elites cell occupied: {'score': 9, 'complexity': 5}
2025-08-08 18:14:20,033 - openevolve.threaded_parallel - INFO - Iteration 3: Program 6454518f-f5c9-4875-828e-abd4b8ac8032 (parent: 2808be64-4b3d-4955-95c1-b94313da8973) completed in 1463.94s
2025-08-08 18:14:20,033 - openevolve.threaded_parallel - INFO - Metrics: compiled=1.0000, correctness=0.0000, score=10.0000, stage=wrong_answer, verify_payload={'id': 'level1_81_conv_transposed_2D_asymmetric_input_square_kernel___dilated____padded____strided__', 'result': {'compiled': True, 'correctness': False, 'metadata': {'hardware': 'NVIDIA L20Y', 'device': 'cuda:5', 'runtime_error': 'Traceback (most recent call last):\n  File "/cpfs01/shared/llm_kernel/hujiakai/KernelLLM/validation_api_server/helpers/evaluations.py", line 720, in run_and_check_correctness\n    output_new = model_new(*inputs)\n  File "/home/lijiaxing/.conda/envs/api/lib/python3.10/site-packages/torch/nn/modules/module.py", line 1773, in _wrapped_call_impl\n    return self._call_impl(*args, **kwargs)\n  File "/home/lijiaxing/.conda/envs/api/lib/python3.10/site-packages/torch/nn/modules/module.py", line 1784, in _call_impl\n    return forward_call(*args, **kwargs)\n  File "/tmp/tmpahgzu7ua.py", line 105, in forward\n    triton_conv_transpose2d[grid](\n  File "/home/lijiaxing/.conda/envs/api/lib/python3.10/site-packages/triton/runtime/jit.py", line 390, in <lambda>\n    return lambda *args, **kwargs: self.run(grid=grid, warmup=False, *args, **kwargs)\n  File "/home/lijiaxing/.conda/envs/api/lib/python3.10/site-packages/triton/runtime/jit.py", line 594, in run\n    kernel = self.compile(src, target=target, options=options.__dict__)\n  File "/home/lijiaxing/.conda/envs/api/lib/python3.10/site-packages/triton/compiler/compiler.py", line 339, in compile\n    module = src.make_ir(options, codegen_fns, module_map, context)\n  File "/home/lijiaxing/.conda/envs/api/lib/python3.10/site-packages/triton/compiler/compiler.py", line 83, in make_ir\n    return ast_to_ttir(self.fn, self, context=context, options=options, codegen_fns=codegen_fns,\ntriton.compiler.errors.UnsupportedLanguageConstruct: at 22:16:\n\n    batch_idx = pid_b_oc // OC\n    oc_idx = pid_b_oc % OC\n    acc = 0.0\n\n    for kh in range(kernel_size):\n        for kw in range(kernel_size):\n            ih0 = pid_oh + padding - kh * dilation\n            iw0 = pid_ow + padding - kw * dilation\n\n            if ih0 % stride != 0 or iw0 % stride != 0:\n                continue\n                ^\nunsupported AST node type: Continue\n', 'runtime_error_name': 'triton.compiler.errors.UnsupportedLanguageConstruct', 'reference_timing_ms': 0.06, 'speed_up': -1.0, 'custom_timing': -1.0}, 'runtime': -1.0, 'runtime_stats': {}}}
2025-08-08 18:14:20,033 - openevolve.threaded_parallel - INFO - Checkpoint interval reached at iteration 3
2025-08-08 18:14:20,034 - openevolve.database - INFO - Island Status:
2025-08-08 18:14:20,034 - openevolve.database - INFO -    Island 0: 4 programs, best=10.0000, avg=-22.2500, diversity=818.82, gen=2 (best: 6454518f-f5c9-4875-828e-abd4b8ac8032)
2025-08-08 18:14:20,034 - openevolve.database - INFO -  * Island 1: 2 programs, best=10.0000, avg=10.0000, diversity=252.90, gen=3 (best: a3db071e-13fc-4f6a-aa71-985bf27a6081)
2025-08-08 18:14:20,034 - openevolve.database - INFO -    Island 2: 1 programs, best=10.0000, avg=10.0000, diversity=0.00, gen=1 (best: 8d5ff22a-b872-455f-9238-4a62cfa906de)
2025-08-08 18:14:20,116 - openevolve.database - INFO - Saved database with 7 programs to openevolve_output/level1_81_conv_transposed_2D_asymmetric_input_square_kernel___dilated____padded____strided__/checkpoints/checkpoint_3
2025-08-08 18:14:20,137 - openevolve.controller - INFO - Saved best program at checkpoint 3 with metrics: compiled=1.0000, correctness=0.0000, score=10.0000, stage=wrong_answer, verify_payload={'id': 'level1_81_conv_transposed_2D_asymmetric_input_square_kernel___dilated____padded____strided__', 'result': {'compiled': True, 'correctness': False, 'metadata': {'hardware': 'NVIDIA L20Y', 'device': 'cuda:3', 'runtime_error': 'Traceback (most recent call last):\n  File "/cpfs01/shared/llm_kernel/hujiakai/KernelLLM/validation_api_server/helpers/evaluations.py", line 720, in run_and_check_correctness\n    output_new = model_new(*inputs)\n  File "/home/lijiaxing/.conda/envs/api/lib/python3.10/site-packages/torch/nn/modules/module.py", line 1773, in _wrapped_call_impl\n    return self._call_impl(*args, **kwargs)\n  File "/home/lijiaxing/.conda/envs/api/lib/python3.10/site-packages/torch/nn/modules/module.py", line 1784, in _call_impl\n    return forward_call(*args, **kwargs)\n  File "/tmp/tmp1csvkjai.py", line 136, in forward\n    self._transposed_conv2d_kernel[grid](\n  File "/home/lijiaxing/.conda/envs/api/lib/python3.10/site-packages/triton/runtime/jit.py", line 390, in <lambda>\n    return lambda *args, **kwargs: self.run(grid=grid, warmup=False, *args, **kwargs)\n  File "/home/lijiaxing/.conda/envs/api/lib/python3.10/site-packages/triton/runtime/jit.py", line 594, in run\n    kernel = self.compile(src, target=target, options=options.__dict__)\n  File "/home/lijiaxing/.conda/envs/api/lib/python3.10/site-packages/triton/compiler/compiler.py", line 339, in compile\n    module = src.make_ir(options, codegen_fns, module_map, context)\n  File "/home/lijiaxing/.conda/envs/api/lib/python3.10/site-packages/triton/compiler/compiler.py", line 83, in make_ir\n    return ast_to_ttir(self.fn, self, context=context, options=options, codegen_fns=codegen_fns,\ntriton.compiler.errors.CompilationError: at 49:20:\n            cond = cond_h & cond_w\n            h_in_int = tl.math.floor(h_in + 0.5).to(tl.int32)\n            w_in_int = tl.math.floor(w_in + 0.5).to(tl.int32)\n\n            # Loop over input channels in blocks\n            for ic_block in range(0, in_channels, BLOCK_SIZE_IC):\n                ic_offsets = ic_block + tl.arange(0, BLOCK_SIZE_IC)\n                ic_mask = ic_offsets < in_channels\n\n                # Calculate input pointer offsets\n                input_offsets = (\n                    idx_b * in_channels * height_in * width_in +\n                    ^\nValueError(\'Cannot make_shape_compatible: incompatible dimensions at index 0: 1024 and 32\')\n\n\nThe above exception was the direct cause of the following exception:\n\nTraceback (most recent call last):\n  File "/home/lijiaxing/.conda/envs/api/lib/python3.10/site-packages/triton/language/core.py", line 42, in wrapper\n    return fn(*args, **kwargs)\n  File "/home/lijiaxing/.conda/envs/api/lib/python3.10/site-packages/triton/language/core.py", line 900, in __add__\n    return add(self, other, sanitize_overflow=True, _semantic=_semantic)\n  File "/home/lijiaxing/.conda/envs/api/lib/python3.10/site-packages/triton/language/core.py", line 42, in wrapper\n    return fn(*args, **kwargs)\n  File "/home/lijiaxing/.conda/envs/api/lib/python3.10/site-packages/triton/language/core.py", line 2468, in add\n    return _semantic.add(x, y, sanitize_overflow)\n  File "/home/lijiaxing/.conda/envs/api/lib/python3.10/site-packages/triton/language/semantic.py", line 226, in add\n    input, other = self.binary_op_type_checking_impl(input, other, True, True)\n  File "/home/lijiaxing/.conda/envs/api/lib/python3.10/site-packages/triton/language/semantic.py", line 203, in binary_op_type_checking_impl\n    lhs, rhs = self.broadcast_impl_value(lhs, rhs)\n  File "/home/lijiaxing/.conda/envs/api/lib/python3.10/site-packages/triton/language/semantic.py", line 749, in broadcast_impl_value\n    raise ValueError("Cannot make_shape_compatible: incompatible dimensions "\nValueError: Cannot make_shape_compatible: incompatible dimensions at index 0: 1024 and 32\n', 'runtime_error_name': 'triton.compiler.errors.CompilationError', 'reference_timing_ms': 0.06, 'speed_up': -1.0, 'custom_timing': -1.0}, 'runtime': -1.0, 'runtime_stats': {}}}
2025-08-08 18:14:20,137 - openevolve.controller - INFO - Saved checkpoint at iteration 3 to openevolve_output/level1_81_conv_transposed_2D_asymmetric_input_square_kernel___dilated____padded____strided__/checkpoints/checkpoint_3
2025-08-08 18:22:02,282 - openevolve.RemoteSpeedupEvaluator - INFO - [level1_81_conv_transposed_2D_asymmetric_input_square_kernel___dilated____padded____strided__] triton key words check pass
2025-08-08 18:22:02,284 - openevolve.RemoteSpeedupEvaluator - INFO - [level1_81_conv_transposed_2D_asymmetric_input_square_kernel___dilated____padded____strided__] verify_plus payload: reference_code(1888 chars) + custom_code(7344 chars)
2025-08-08 18:22:09,750 - openevolve.RemoteSpeedupEvaluator - INFO - [level1_81_conv_transposed_2D_asymmetric_input_square_kernel___dilated____padded____strided__] verify_plus request success
2025-08-08 18:22:09,750 - openevolve.RemoteSpeedupEvaluator - INFO - [level1_81_conv_transposed_2D_asymmetric_input_square_kernel___dilated____padded____strided__] verify_plus response: {"id":"level1_81_conv_transposed_2D_asymmetric_input_square_kernel___dilated____padded____strided__","result":{"compiled":true,"correctness":false,"metadata":{"hardware":"NVIDIA L20Y","device":"cuda:6","max_difference":["1.534710","1.517882","1.447722","1.563790","1.688334"],"avg_difference":["0.067282","0.067252","0.067251","0.067246","0.067257"],"correctness_issue":"Output mismatch","correctness_trials":"(0 / 5)","reference_timing_ms":0.06,"speed_up":-1.0,"custom_timing":-1.0},"runtime":-1.0,"runtime_stats":{}}}
2025-08-08 18:22:09,751 - openevolve.RemoteSpeedupEvaluator - INFO - [level1_81_conv_transposed_2D_asymmetric_input_square_kernel___dilated____padded____strided__] âœ˜ wrong_answer
2025-08-08 18:22:09,751 - openevolve.evaluator - INFO - Evaluated program c247eda4-e5f2-4918-b4bf-9c27f0134cf4 in 7.47s: compiled=1.0000, correctness=0.0000, score=10.0000, stage=wrong_answer, verify_payload={'id': 'level1_81_conv_transposed_2D_asymmetric_input_square_kernel___dilated____padded____strided__', 'result': {'compiled': True, 'correctness': False, 'metadata': {'hardware': 'NVIDIA L20Y', 'device': 'cuda:6', 'max_difference': ['1.534710', '1.517882', '1.447722', '1.563790', '1.688334'], 'avg_difference': ['0.067282', '0.067252', '0.067251', '0.067246', '0.067257'], 'correctness_issue': 'Output mismatch', 'correctness_trials': '(0 / 5)', 'reference_timing_ms': 0.06, 'speed_up': -1.0, 'custom_timing': -1.0}, 'runtime': -1.0, 'runtime_stats': {}}}
2025-08-08 18:22:09,754 - openevolve.llm.ensemble - INFO - Sampled model: deepseek
2025-08-08 18:22:09,769 - openevolve.threaded_parallel - INFO - Iteration 6: Program c247eda4-e5f2-4918-b4bf-9c27f0134cf4 (parent: a3db071e-13fc-4f6a-aa71-985bf27a6081) completed in 1102.95s
2025-08-08 18:22:09,769 - openevolve.threaded_parallel - INFO - Metrics: compiled=1.0000, correctness=0.0000, score=10.0000, stage=wrong_answer, verify_payload={'id': 'level1_81_conv_transposed_2D_asymmetric_input_square_kernel___dilated____padded____strided__', 'result': {'compiled': True, 'correctness': False, 'metadata': {'hardware': 'NVIDIA L20Y', 'device': 'cuda:6', 'max_difference': ['1.534710', '1.517882', '1.447722', '1.563790', '1.688334'], 'avg_difference': ['0.067282', '0.067252', '0.067251', '0.067246', '0.067257'], 'correctness_issue': 'Output mismatch', 'correctness_trials': '(0 / 5)', 'reference_timing_ms': 0.06, 'speed_up': -1.0, 'custom_timing': -1.0}, 'runtime': -1.0, 'runtime_stats': {}}}
2025-08-08 18:22:09,769 - openevolve.threaded_parallel - INFO - Checkpoint interval reached at iteration 6
2025-08-08 18:22:09,770 - openevolve.database - INFO - Island Status:
2025-08-08 18:22:09,770 - openevolve.database - INFO -    Island 0: 4 programs, best=10.0000, avg=-22.2500, diversity=818.82, gen=2 (best: 6454518f-f5c9-4875-828e-abd4b8ac8032)
2025-08-08 18:22:09,770 - openevolve.database - INFO -    Island 1: 3 programs, best=10.0000, avg=10.0000, diversity=294.60, gen=3 (best: a3db071e-13fc-4f6a-aa71-985bf27a6081)
2025-08-08 18:22:09,770 - openevolve.database - INFO -  * Island 2: 1 programs, best=10.0000, avg=10.0000, diversity=0.00, gen=2 (best: 8d5ff22a-b872-455f-9238-4a62cfa906de)
2025-08-08 18:22:09,869 - openevolve.database - INFO - Saved database with 8 programs to openevolve_output/level1_81_conv_transposed_2D_asymmetric_input_square_kernel___dilated____padded____strided__/checkpoints/checkpoint_6
2025-08-08 18:22:09,890 - openevolve.controller - INFO - Saved best program at checkpoint 6 with metrics: compiled=1.0000, correctness=0.0000, score=10.0000, stage=wrong_answer, verify_payload={'id': 'level1_81_conv_transposed_2D_asymmetric_input_square_kernel___dilated____padded____strided__', 'result': {'compiled': True, 'correctness': False, 'metadata': {'hardware': 'NVIDIA L20Y', 'device': 'cuda:3', 'runtime_error': 'Traceback (most recent call last):\n  File "/cpfs01/shared/llm_kernel/hujiakai/KernelLLM/validation_api_server/helpers/evaluations.py", line 720, in run_and_check_correctness\n    output_new = model_new(*inputs)\n  File "/home/lijiaxing/.conda/envs/api/lib/python3.10/site-packages/torch/nn/modules/module.py", line 1773, in _wrapped_call_impl\n    return self._call_impl(*args, **kwargs)\n  File "/home/lijiaxing/.conda/envs/api/lib/python3.10/site-packages/torch/nn/modules/module.py", line 1784, in _call_impl\n    return forward_call(*args, **kwargs)\n  File "/tmp/tmp1csvkjai.py", line 136, in forward\n    self._transposed_conv2d_kernel[grid](\n  File "/home/lijiaxing/.conda/envs/api/lib/python3.10/site-packages/triton/runtime/jit.py", line 390, in <lambda>\n    return lambda *args, **kwargs: self.run(grid=grid, warmup=False, *args, **kwargs)\n  File "/home/lijiaxing/.conda/envs/api/lib/python3.10/site-packages/triton/runtime/jit.py", line 594, in run\n    kernel = self.compile(src, target=target, options=options.__dict__)\n  File "/home/lijiaxing/.conda/envs/api/lib/python3.10/site-packages/triton/compiler/compiler.py", line 339, in compile\n    module = src.make_ir(options, codegen_fns, module_map, context)\n  File "/home/lijiaxing/.conda/envs/api/lib/python3.10/site-packages/triton/compiler/compiler.py", line 83, in make_ir\n    return ast_to_ttir(self.fn, self, context=context, options=options, codegen_fns=codegen_fns,\ntriton.compiler.errors.CompilationError: at 49:20:\n            cond = cond_h & cond_w\n            h_in_int = tl.math.floor(h_in + 0.5).to(tl.int32)\n            w_in_int = tl.math.floor(w_in + 0.5).to(tl.int32)\n\n            # Loop over input channels in blocks\n            for ic_block in range(0, in_channels, BLOCK_SIZE_IC):\n                ic_offsets = ic_block + tl.arange(0, BLOCK_SIZE_IC)\n                ic_mask = ic_offsets < in_channels\n\n                # Calculate input pointer offsets\n                input_offsets = (\n                    idx_b * in_channels * height_in * width_in +\n                    ^\nValueError(\'Cannot make_shape_compatible: incompatible dimensions at index 0: 1024 and 32\')\n\n\nThe above exception was the direct cause of the following exception:\n\nTraceback (most recent call last):\n  File "/home/lijiaxing/.conda/envs/api/lib/python3.10/site-packages/triton/language/core.py", line 42, in wrapper\n    return fn(*args, **kwargs)\n  File "/home/lijiaxing/.conda/envs/api/lib/python3.10/site-packages/triton/language/core.py", line 900, in __add__\n    return add(self, other, sanitize_overflow=True, _semantic=_semantic)\n  File "/home/lijiaxing/.conda/envs/api/lib/python3.10/site-packages/triton/language/core.py", line 42, in wrapper\n    return fn(*args, **kwargs)\n  File "/home/lijiaxing/.conda/envs/api/lib/python3.10/site-packages/triton/language/core.py", line 2468, in add\n    return _semantic.add(x, y, sanitize_overflow)\n  File "/home/lijiaxing/.conda/envs/api/lib/python3.10/site-packages/triton/language/semantic.py", line 226, in add\n    input, other = self.binary_op_type_checking_impl(input, other, True, True)\n  File "/home/lijiaxing/.conda/envs/api/lib/python3.10/site-packages/triton/language/semantic.py", line 203, in binary_op_type_checking_impl\n    lhs, rhs = self.broadcast_impl_value(lhs, rhs)\n  File "/home/lijiaxing/.conda/envs/api/lib/python3.10/site-packages/triton/language/semantic.py", line 749, in broadcast_impl_value\n    raise ValueError("Cannot make_shape_compatible: incompatible dimensions "\nValueError: Cannot make_shape_compatible: incompatible dimensions at index 0: 1024 and 32\n', 'runtime_error_name': 'triton.compiler.errors.CompilationError', 'reference_timing_ms': 0.06, 'speed_up': -1.0, 'custom_timing': -1.0}, 'runtime': -1.0, 'runtime_stats': {}}}
2025-08-08 18:22:09,890 - openevolve.controller - INFO - Saved checkpoint at iteration 6 to openevolve_output/level1_81_conv_transposed_2D_asymmetric_input_square_kernel___dilated____padded____strided__/checkpoints/checkpoint_6
2025-08-08 18:26:23,129 - openevolve.RemoteSpeedupEvaluator - INFO - [level1_81_conv_transposed_2D_asymmetric_input_square_kernel___dilated____padded____strided__] triton key words check pass
2025-08-08 18:26:23,130 - openevolve.RemoteSpeedupEvaluator - INFO - [level1_81_conv_transposed_2D_asymmetric_input_square_kernel___dilated____padded____strided__] verify_plus payload: reference_code(1888 chars) + custom_code(7285 chars)
2025-08-08 18:26:30,929 - openevolve.RemoteSpeedupEvaluator - INFO - [level1_81_conv_transposed_2D_asymmetric_input_square_kernel___dilated____padded____strided__] verify_plus request success
2025-08-08 18:26:30,929 - openevolve.RemoteSpeedupEvaluator - INFO - [level1_81_conv_transposed_2D_asymmetric_input_square_kernel___dilated____padded____strided__] verify_plus response: {"id":"level1_81_conv_transposed_2D_asymmetric_input_square_kernel___dilated____padded____strided__","result":{"compiled":true,"correctness":false,"metadata":{"hardware":"NVIDIA L20Y","device":"cuda:6","max_difference":["1.534710","1.517882","1.447722","1.563790","1.688334"],"avg_difference":["0.067282","0.067252","0.067251","0.067246","0.067257"],"correctness_issue":"Output mismatch","correctness_trials":"(0 / 5)","reference_timing_ms":0.06,"speed_up":-1.0,"custom_timing":-1.0},"runtime":-1.0,"runtime_stats":{}}}
2025-08-08 18:26:30,929 - openevolve.RemoteSpeedupEvaluator - INFO - [level1_81_conv_transposed_2D_asymmetric_input_square_kernel___dilated____padded____strided__] âœ˜ wrong_answer
2025-08-08 18:26:30,930 - openevolve.evaluator - INFO - Evaluated program dc48202d-9c74-4338-bbe8-1b1dc79949ce in 7.80s: compiled=1.0000, correctness=0.0000, score=10.0000, stage=wrong_answer, verify_payload={'id': 'level1_81_conv_transposed_2D_asymmetric_input_square_kernel___dilated____padded____strided__', 'result': {'compiled': True, 'correctness': False, 'metadata': {'hardware': 'NVIDIA L20Y', 'device': 'cuda:6', 'max_difference': ['1.534710', '1.517882', '1.447722', '1.563790', '1.688334'], 'avg_difference': ['0.067282', '0.067252', '0.067251', '0.067246', '0.067257'], 'correctness_issue': 'Output mismatch', 'correctness_trials': '(0 / 5)', 'reference_timing_ms': 0.06, 'speed_up': -1.0, 'custom_timing': -1.0}, 'runtime': -1.0, 'runtime_stats': {}}}
2025-08-08 18:26:30,933 - openevolve.llm.ensemble - INFO - Sampled model: deepseek
2025-08-08 18:26:30,945 - openevolve.threaded_parallel - INFO - Iteration 7: Program dc48202d-9c74-4338-bbe8-1b1dc79949ce (parent: a3db071e-13fc-4f6a-aa71-985bf27a6081) completed in 781.93s
2025-08-08 18:26:30,945 - openevolve.threaded_parallel - INFO - Metrics: compiled=1.0000, correctness=0.0000, score=10.0000, stage=wrong_answer, verify_payload={'id': 'level1_81_conv_transposed_2D_asymmetric_input_square_kernel___dilated____padded____strided__', 'result': {'compiled': True, 'correctness': False, 'metadata': {'hardware': 'NVIDIA L20Y', 'device': 'cuda:6', 'max_difference': ['1.534710', '1.517882', '1.447722', '1.563790', '1.688334'], 'avg_difference': ['0.067282', '0.067252', '0.067251', '0.067246', '0.067257'], 'correctness_issue': 'Output mismatch', 'correctness_trials': '(0 / 5)', 'reference_timing_ms': 0.06, 'speed_up': -1.0, 'custom_timing': -1.0}, 'runtime': -1.0, 'runtime_stats': {}}}
2025-08-08 18:26:56,493 - openevolve.RemoteSpeedupEvaluator - INFO - [level1_81_conv_transposed_2D_asymmetric_input_square_kernel___dilated____padded____strided__] triton key words check pass
2025-08-08 18:26:56,495 - openevolve.RemoteSpeedupEvaluator - INFO - [level1_81_conv_transposed_2D_asymmetric_input_square_kernel___dilated____padded____strided__] verify_plus payload: reference_code(1888 chars) + custom_code(6215 chars)
2025-08-08 18:26:59,171 - openevolve.RemoteSpeedupEvaluator - INFO - [level1_81_conv_transposed_2D_asymmetric_input_square_kernel___dilated____padded____strided__] verify_plus request success
2025-08-08 18:26:59,171 - openevolve.RemoteSpeedupEvaluator - INFO - [level1_81_conv_transposed_2D_asymmetric_input_square_kernel___dilated____padded____strided__] verify_plus response: {"id":"level1_81_conv_transposed_2D_asymmetric_input_square_kernel___dilated____padded____strided__","result":{"compiled":true,"correctness":false,"metadata":{"hardware":"NVIDIA L20Y","device":"cuda:4","runtime_error":"Traceback (most recent call last):\n  File \"/cpfs01/shared/llm_kernel/hujiakai/KernelLLM/validation_api_server/helpers/evaluations.py\", line 720, in run_and_check_correctness\n    output_new = model_new(*inputs)\n  File \"/home/lijiaxing/.conda/envs/api/lib/python3.10/site-packages/torch/nn/modules/module.py\", line 1773, in _wrapped_call_impl\n    return self._call_impl(*args, **kwargs)\n  File \"/home/lijiaxing/.conda/envs/api/lib/python3.10/site-packages/torch/nn/modules/module.py\", line 1784, in _call_impl\n    return forward_call(*args, **kwargs)\n  File \"/tmp/tmpbd
2025-08-08 18:26:59,172 - openevolve.RemoteSpeedupEvaluator - INFO - [level1_81_conv_transposed_2D_asymmetric_input_square_kernel___dilated____padded____strided__] âœ˜ wrong_answer
2025-08-08 18:26:59,172 - openevolve.evaluator - INFO - Evaluated program 9baee2ea-e24e-40a4-8434-65f34bfcdc2d in 2.68s: compiled=1.0000, correctness=0.0000, score=10.0000, stage=wrong_answer, verify_payload={'id': 'level1_81_conv_transposed_2D_asymmetric_input_square_kernel___dilated____padded____strided__', 'result': {'compiled': True, 'correctness': False, 'metadata': {'hardware': 'NVIDIA L20Y', 'device': 'cuda:4', 'runtime_error': 'Traceback (most recent call last):\n  File "/cpfs01/shared/llm_kernel/hujiakai/KernelLLM/validation_api_server/helpers/evaluations.py", line 720, in run_and_check_correctness\n    output_new = model_new(*inputs)\n  File "/home/lijiaxing/.conda/envs/api/lib/python3.10/site-packages/torch/nn/modules/module.py", line 1773, in _wrapped_call_impl\n    return self._call_impl(*args, **kwargs)\n  File "/home/lijiaxing/.conda/envs/api/lib/python3.10/site-packages/torch/nn/modules/module.py", line 1784, in _call_impl\n    return forward_call(*args, **kwargs)\n  File "/tmp/tmpbd514rl3.py", line 49, in forward\n    _conv_transpose2d_kernel[grid](\n  File "/home/lijiaxing/.conda/envs/api/lib/python3.10/site-packages/triton/runtime/jit.py", line 390, in <lambda>\n    return lambda *args, **kwargs: self.run(grid=grid, warmup=False, *args, **kwargs)\n  File "/home/lijiaxing/.conda/envs/api/lib/python3.10/site-packages/triton/runtime/autotuner.py", line 239, in run\n    benchmark()\n  File "/home/lijiaxing/.conda/envs/api/lib/python3.10/site-packages/triton/runtime/autotuner.py", line 228, in benchmark\n    timings = {config: self._bench(*args, config=config, **kwargs) for config in pruned_configs}\n  File "/home/lijiaxing/.conda/envs/api/lib/python3.10/site-packages/triton/runtime/autotuner.py", line 228, in <dictcomp>\n    timings = {config: self._bench(*args, config=config, **kwargs) for config in pruned_configs}\n  File "/home/lijiaxing/.conda/envs/api/lib/python3.10/site-packages/triton/runtime/autotuner.py", line 135, in _bench\n    raise ValueError(f"Conflicting meta-parameters: {\', \'.join(conflicts)}."\nValueError: Conflicting meta-parameters: BLOCK_SIZE. Make sure that you don\'t re-define auto-tuned symbols.\n', 'runtime_error_name': 'builtins.ValueError', 'reference_timing_ms': 0.06, 'speed_up': -1.0, 'custom_timing': -1.0}, 'runtime': -1.0, 'runtime_stats': {}}}
2025-08-08 18:26:59,176 - openevolve.llm.ensemble - INFO - Sampled model: deepseek
2025-08-08 18:26:59,179 - openevolve.database - INFO - New MAP-Elites cell occupied: {'score': 9, 'complexity': 7}
2025-08-08 18:26:59,198 - openevolve.threaded_parallel - INFO - Iteration 8: Program 9baee2ea-e24e-40a4-8434-65f34bfcdc2d (parent: 2100e0f9-ea57-4d72-95e9-9aafe10e3ffc) completed in 759.16s
2025-08-08 18:26:59,198 - openevolve.threaded_parallel - INFO - Metrics: compiled=1.0000, correctness=0.0000, score=10.0000, stage=wrong_answer, verify_payload={'id': 'level1_81_conv_transposed_2D_asymmetric_input_square_kernel___dilated____padded____strided__', 'result': {'compiled': True, 'correctness': False, 'metadata': {'hardware': 'NVIDIA L20Y', 'device': 'cuda:4', 'runtime_error': 'Traceback (most recent call last):\n  File "/cpfs01/shared/llm_kernel/hujiakai/KernelLLM/validation_api_server/helpers/evaluations.py", line 720, in run_and_check_correctness\n    output_new = model_new(*inputs)\n  File "/home/lijiaxing/.conda/envs/api/lib/python3.10/site-packages/torch/nn/modules/module.py", line 1773, in _wrapped_call_impl\n    return self._call_impl(*args, **kwargs)\n  File "/home/lijiaxing/.conda/envs/api/lib/python3.10/site-packages/torch/nn/modules/module.py", line 1784, in _call_impl\n    return forward_call(*args, **kwargs)\n  File "/tmp/tmpbd514rl3.py", line 49, in forward\n    _conv_transpose2d_kernel[grid](\n  File "/home/lijiaxing/.conda/envs/api/lib/python3.10/site-packages/triton/runtime/jit.py", line 390, in <lambda>\n    return lambda *args, **kwargs: self.run(grid=grid, warmup=False, *args, **kwargs)\n  File "/home/lijiaxing/.conda/envs/api/lib/python3.10/site-packages/triton/runtime/autotuner.py", line 239, in run\n    benchmark()\n  File "/home/lijiaxing/.conda/envs/api/lib/python3.10/site-packages/triton/runtime/autotuner.py", line 228, in benchmark\n    timings = {config: self._bench(*args, config=config, **kwargs) for config in pruned_configs}\n  File "/home/lijiaxing/.conda/envs/api/lib/python3.10/site-packages/triton/runtime/autotuner.py", line 228, in <dictcomp>\n    timings = {config: self._bench(*args, config=config, **kwargs) for config in pruned_configs}\n  File "/home/lijiaxing/.conda/envs/api/lib/python3.10/site-packages/triton/runtime/autotuner.py", line 135, in _bench\n    raise ValueError(f"Conflicting meta-parameters: {\', \'.join(conflicts)}."\nValueError: Conflicting meta-parameters: BLOCK_SIZE. Make sure that you don\'t re-define auto-tuned symbols.\n', 'runtime_error_name': 'builtins.ValueError', 'reference_timing_ms': 0.06, 'speed_up': -1.0, 'custom_timing': -1.0}, 'runtime': -1.0, 'runtime_stats': {}}}
2025-08-08 18:35:57,605 - openevolve.RemoteSpeedupEvaluator - INFO - [level1_81_conv_transposed_2D_asymmetric_input_square_kernel___dilated____padded____strided__] triton key words check pass
2025-08-08 18:35:57,607 - openevolve.RemoteSpeedupEvaluator - INFO - [level1_81_conv_transposed_2D_asymmetric_input_square_kernel___dilated____padded____strided__] verify_plus payload: reference_code(1888 chars) + custom_code(5525 chars)
2025-08-08 18:36:00,918 - openevolve.RemoteSpeedupEvaluator - INFO - [level1_81_conv_transposed_2D_asymmetric_input_square_kernel___dilated____padded____strided__] verify_plus request success
2025-08-08 18:36:00,918 - openevolve.RemoteSpeedupEvaluator - INFO - [level1_81_conv_transposed_2D_asymmetric_input_square_kernel___dilated____padded____strided__] verify_plus response: {"id":"level1_81_conv_transposed_2D_asymmetric_input_square_kernel___dilated____padded____strided__","result":{"compiled":true,"correctness":false,"metadata":{"hardware":"NVIDIA L20Y","device":"cuda:3","runtime_error":"Traceback (most recent call last):\n  File \"/cpfs01/shared/llm_kernel/hujiakai/KernelLLM/validation_api_server/helpers/evaluations.py\", line 720, in run_and_check_correctness\n    output_new = model_new(*inputs)\n  File \"/home/lijiaxing/.conda/envs/api/lib/python3.10/site-packages/torch/nn/modules/module.py\", line 1773, in _wrapped_call_impl\n    return self._call_impl(*args, **kwargs)\n  File \"/home/lijiaxing/.conda/envs/api/lib/python3.10/site-packages/torch/nn/modules/module.py\", line 1784, in _call_impl\n    return forward_call(*args, **kwargs)\n  File \"/tmp/tmp87
2025-08-08 18:36:00,919 - openevolve.RemoteSpeedupEvaluator - INFO - [level1_81_conv_transposed_2D_asymmetric_input_square_kernel___dilated____padded____strided__] âœ˜ wrong_answer
2025-08-08 18:36:00,919 - openevolve.evaluator - INFO - Evaluated program 8f273802-dd99-497e-a484-0330f7d6eae8 in 3.32s: compiled=1.0000, correctness=0.0000, score=10.0000, stage=wrong_answer, verify_payload={'id': 'level1_81_conv_transposed_2D_asymmetric_input_square_kernel___dilated____padded____strided__', 'result': {'compiled': True, 'correctness': False, 'metadata': {'hardware': 'NVIDIA L20Y', 'device': 'cuda:3', 'runtime_error': 'Traceback (most recent call last):\n  File "/cpfs01/shared/llm_kernel/hujiakai/KernelLLM/validation_api_server/helpers/evaluations.py", line 720, in run_and_check_correctness\n    output_new = model_new(*inputs)\n  File "/home/lijiaxing/.conda/envs/api/lib/python3.10/site-packages/torch/nn/modules/module.py", line 1773, in _wrapped_call_impl\n    return self._call_impl(*args, **kwargs)\n  File "/home/lijiaxing/.conda/envs/api/lib/python3.10/site-packages/torch/nn/modules/module.py", line 1784, in _call_impl\n    return forward_call(*args, **kwargs)\n  File "/tmp/tmp87_css5y.py", line 49, in forward\n    _conv_transpose2d_kernel[grid](\n  File "/home/lijiaxing/.conda/envs/api/lib/python3.10/site-packages/triton/runtime/jit.py", line 390, in <lambda>\n    return lambda *args, **kwargs: self.run(grid=grid, warmup=False, *args, **kwargs)\n  File "/home/lijiaxing/.conda/envs/api/lib/python3.10/site-packages/triton/runtime/jit.py", line 594, in run\n    kernel = self.compile(src, target=target, options=options.__dict__)\n  File "/home/lijiaxing/.conda/envs/api/lib/python3.10/site-packages/triton/compiler/compiler.py", line 339, in compile\n    module = src.make_ir(options, codegen_fns, module_map, context)\n  File "/home/lijiaxing/.conda/envs/api/lib/python3.10/site-packages/triton/compiler/compiler.py", line 83, in make_ir\n    return ast_to_ttir(self.fn, self, context=context, options=options, codegen_fns=codegen_fns,\ntriton.compiler.errors.CompilationError: at 19:32:\n    stride_ob, stride_oc, stride_oh, stride_ow,\n    kernel_size, stride, padding, dilation,\n    BLOCK_SIZE: tl.constexpr\n):\n    pid = tl.program_id(0)\n    block_start = pid * BLOCK_SIZE\n    offsets = block_start + tl.arange(0, BLOCK_SIZE)\n    mask = offsets < total_elements\n\n    # Decompose flattened index\n    idx = offsets\n    b = idx // (h_out * w_out * output_ptr.shape[1])\n                                ^\nIndexError(\'list index out of range\')\n\n\nThe above exception was the direct cause of the following exception:\n\nTraceback (most recent call last):\n  File "/home/lijiaxing/.conda/envs/api/lib/python3.10/site-packages/triton/language/core.py", line 1289, in __getitem__\n    return self.values[idx]\nIndexError: list index out of range\n', 'runtime_error_name': 'triton.compiler.errors.CompilationError', 'reference_timing_ms': 0.06, 'speed_up': -1.0, 'custom_timing': -1.0}, 'runtime': -1.0, 'runtime_stats': {}}}
2025-08-08 18:36:00,923 - openevolve.database - INFO - New MAP-Elites cell occupied: {'score': 9, 'complexity': 6}
2025-08-08 18:36:00,924 - openevolve.llm.ensemble - INFO - Sampled model: deepseek
2025-08-08 18:36:00,937 - openevolve.threaded_parallel - INFO - Iteration 10: Program 8f273802-dd99-497e-a484-0330f7d6eae8 (parent: 8d5ff22a-b872-455f-9238-4a62cfa906de) completed in 569.99s
2025-08-08 18:36:00,938 - openevolve.threaded_parallel - INFO - Metrics: compiled=1.0000, correctness=0.0000, score=10.0000, stage=wrong_answer, verify_payload={'id': 'level1_81_conv_transposed_2D_asymmetric_input_square_kernel___dilated____padded____strided__', 'result': {'compiled': True, 'correctness': False, 'metadata': {'hardware': 'NVIDIA L20Y', 'device': 'cuda:3', 'runtime_error': 'Traceback (most recent call last):\n  File "/cpfs01/shared/llm_kernel/hujiakai/KernelLLM/validation_api_server/helpers/evaluations.py", line 720, in run_and_check_correctness\n    output_new = model_new(*inputs)\n  File "/home/lijiaxing/.conda/envs/api/lib/python3.10/site-packages/torch/nn/modules/module.py", line 1773, in _wrapped_call_impl\n    return self._call_impl(*args, **kwargs)\n  File "/home/lijiaxing/.conda/envs/api/lib/python3.10/site-packages/torch/nn/modules/module.py", line 1784, in _call_impl\n    return forward_call(*args, **kwargs)\n  File "/tmp/tmp87_css5y.py", line 49, in forward\n    _conv_transpose2d_kernel[grid](\n  File "/home/lijiaxing/.conda/envs/api/lib/python3.10/site-packages/triton/runtime/jit.py", line 390, in <lambda>\n    return lambda *args, **kwargs: self.run(grid=grid, warmup=False, *args, **kwargs)\n  File "/home/lijiaxing/.conda/envs/api/lib/python3.10/site-packages/triton/runtime/jit.py", line 594, in run\n    kernel = self.compile(src, target=target, options=options.__dict__)\n  File "/home/lijiaxing/.conda/envs/api/lib/python3.10/site-packages/triton/compiler/compiler.py", line 339, in compile\n    module = src.make_ir(options, codegen_fns, module_map, context)\n  File "/home/lijiaxing/.conda/envs/api/lib/python3.10/site-packages/triton/compiler/compiler.py", line 83, in make_ir\n    return ast_to_ttir(self.fn, self, context=context, options=options, codegen_fns=codegen_fns,\ntriton.compiler.errors.CompilationError: at 19:32:\n    stride_ob, stride_oc, stride_oh, stride_ow,\n    kernel_size, stride, padding, dilation,\n    BLOCK_SIZE: tl.constexpr\n):\n    pid = tl.program_id(0)\n    block_start = pid * BLOCK_SIZE\n    offsets = block_start + tl.arange(0, BLOCK_SIZE)\n    mask = offsets < total_elements\n\n    # Decompose flattened index\n    idx = offsets\n    b = idx // (h_out * w_out * output_ptr.shape[1])\n                                ^\nIndexError(\'list index out of range\')\n\n\nThe above exception was the direct cause of the following exception:\n\nTraceback (most recent call last):\n  File "/home/lijiaxing/.conda/envs/api/lib/python3.10/site-packages/triton/language/core.py", line 1289, in __getitem__\n    return self.values[idx]\nIndexError: list index out of range\n', 'runtime_error_name': 'triton.compiler.errors.CompilationError', 'reference_timing_ms': 0.06, 'speed_up': -1.0, 'custom_timing': -1.0}, 'runtime': -1.0, 'runtime_stats': {}}}
2025-08-08 18:37:21,883 - openevolve.RemoteSpeedupEvaluator - INFO - [level1_81_conv_transposed_2D_asymmetric_input_square_kernel___dilated____padded____strided__] triton key words check pass
2025-08-08 18:37:21,884 - openevolve.RemoteSpeedupEvaluator - INFO - [level1_81_conv_transposed_2D_asymmetric_input_square_kernel___dilated____padded____strided__] verify_plus payload: reference_code(1888 chars) + custom_code(5716 chars)
2025-08-08 18:37:24,977 - openevolve.RemoteSpeedupEvaluator - INFO - [level1_81_conv_transposed_2D_asymmetric_input_square_kernel___dilated____padded____strided__] verify_plus request success
2025-08-08 18:37:24,977 - openevolve.RemoteSpeedupEvaluator - INFO - [level1_81_conv_transposed_2D_asymmetric_input_square_kernel___dilated____padded____strided__] verify_plus response: {"id":"level1_81_conv_transposed_2D_asymmetric_input_square_kernel___dilated____padded____strided__","result":{"compiled":true,"correctness":false,"metadata":{"hardware":"NVIDIA L20Y","device":"cuda:1","runtime_error":"Traceback (most recent call last):\n  File \"/cpfs01/shared/llm_kernel/hujiakai/KernelLLM/validation_api_server/helpers/evaluations.py\", line 720, in run_and_check_correctness\n    output_new = model_new(*inputs)\n  File \"/home/lijiaxing/.conda/envs/api/lib/python3.10/site-packages/torch/nn/modules/module.py\", line 1773, in _wrapped_call_impl\n    return self._call_impl(*args, **kwargs)\n  File \"/home/lijiaxing/.conda/envs/api/lib/python3.10/site-packages/torch/nn/modules/module.py\", line 1784, in _call_impl\n    return forward_call(*args, **kwargs)\n  File \"/tmp/tmp63
2025-08-08 18:37:24,977 - openevolve.RemoteSpeedupEvaluator - INFO - [level1_81_conv_transposed_2D_asymmetric_input_square_kernel___dilated____padded____strided__] âœ˜ wrong_answer
2025-08-08 18:37:24,977 - openevolve.evaluator - INFO - Evaluated program 46d7c4f6-1bcd-46bf-820d-0742dfea7d35 in 3.10s: compiled=1.0000, correctness=0.0000, score=10.0000, stage=wrong_answer, verify_payload={'id': 'level1_81_conv_transposed_2D_asymmetric_input_square_kernel___dilated____padded____strided__', 'result': {'compiled': True, 'correctness': False, 'metadata': {'hardware': 'NVIDIA L20Y', 'device': 'cuda:1', 'runtime_error': 'Traceback (most recent call last):\n  File "/cpfs01/shared/llm_kernel/hujiakai/KernelLLM/validation_api_server/helpers/evaluations.py", line 720, in run_and_check_correctness\n    output_new = model_new(*inputs)\n  File "/home/lijiaxing/.conda/envs/api/lib/python3.10/site-packages/torch/nn/modules/module.py", line 1773, in _wrapped_call_impl\n    return self._call_impl(*args, **kwargs)\n  File "/home/lijiaxing/.conda/envs/api/lib/python3.10/site-packages/torch/nn/modules/module.py", line 1784, in _call_impl\n    return forward_call(*args, **kwargs)\n  File "/tmp/tmp63_j__5d.py", line 49, in forward\n    _conv_transpose2d_kernel[grid](\n  File "/home/lijiaxing/.conda/envs/api/lib/python3.10/site-packages/triton/runtime/jit.py", line 390, in <lambda>\n    return lambda *args, **kwargs: self.run(grid=grid, warmup=False, *args, **kwargs)\n  File "/home/lijiaxing/.conda/envs/api/lib/python3.10/site-packages/triton/runtime/jit.py", line 594, in run\n    kernel = self.compile(src, target=target, options=options.__dict__)\n  File "/home/lijiaxing/.conda/envs/api/lib/python3.10/site-packages/triton/compiler/compiler.py", line 339, in compile\n    module = src.make_ir(options, codegen_fns, module_map, context)\n  File "/home/lijiaxing/.conda/envs/api/lib/python3.10/site-packages/triton/compiler/compiler.py", line 83, in make_ir\n    return ast_to_ttir(self.fn, self, context=context, options=options, codegen_fns=codegen_fns,\ntriton.compiler.errors.CompilationError: at 31:8:\n    remainder = idx % (out_channels * h_out * w_out)\n    c_out = remainder // (h_out * w_out)\n    spatial_idx = remainder % (h_out * w_out)\n    h = spatial_idx // w_out\n    w = spatial_idx % w_out\n\n    # Initialize accumulator\n    acc = tl.zeros((BLOCK_SIZE,), dtype=tl.float32)\n\n    # Loop over input channels and kernel\n    for c_in in range(in_channels):\n        for kh in tl.static_range(kernel_size):\n        ^\nAssertionError(\'int32[] used as tl.static_range start value is not a constexpr\')\n\n\nThe above exception was the direct cause of the following exception:\n\nTraceback (most recent call last):\n  File "/home/lijiaxing/.conda/envs/api/lib/python3.10/site-packages/triton/language/core.py", line 3120, in __init__\n    assert isinstance(arg1, constexpr), f"{arg1} used as tl.static_range start value is not a constexpr"\nAssertionError: int32[] used as tl.static_range start value is not a constexpr\n', 'runtime_error_name': 'triton.compiler.errors.CompilationError', 'reference_timing_ms': 0.06, 'speed_up': -1.0, 'custom_timing': -1.0}, 'runtime': -1.0, 'runtime_stats': {}}}
2025-08-08 18:37:24,982 - openevolve.llm.ensemble - INFO - Sampled model: deepseek
2025-08-08 18:37:24,997 - openevolve.threaded_parallel - INFO - Iteration 9: Program 46d7c4f6-1bcd-46bf-820d-0742dfea7d35 (parent: e5fa0959-ca58-450a-9bae-b95736f22b3d) completed in 915.22s
2025-08-08 18:37:24,997 - openevolve.threaded_parallel - INFO - Metrics: compiled=1.0000, correctness=0.0000, score=10.0000, stage=wrong_answer, verify_payload={'id': 'level1_81_conv_transposed_2D_asymmetric_input_square_kernel___dilated____padded____strided__', 'result': {'compiled': True, 'correctness': False, 'metadata': {'hardware': 'NVIDIA L20Y', 'device': 'cuda:1', 'runtime_error': 'Traceback (most recent call last):\n  File "/cpfs01/shared/llm_kernel/hujiakai/KernelLLM/validation_api_server/helpers/evaluations.py", line 720, in run_and_check_correctness\n    output_new = model_new(*inputs)\n  File "/home/lijiaxing/.conda/envs/api/lib/python3.10/site-packages/torch/nn/modules/module.py", line 1773, in _wrapped_call_impl\n    return self._call_impl(*args, **kwargs)\n  File "/home/lijiaxing/.conda/envs/api/lib/python3.10/site-packages/torch/nn/modules/module.py", line 1784, in _call_impl\n    return forward_call(*args, **kwargs)\n  File "/tmp/tmp63_j__5d.py", line 49, in forward\n    _conv_transpose2d_kernel[grid](\n  File "/home/lijiaxing/.conda/envs/api/lib/python3.10/site-packages/triton/runtime/jit.py", line 390, in <lambda>\n    return lambda *args, **kwargs: self.run(grid=grid, warmup=False, *args, **kwargs)\n  File "/home/lijiaxing/.conda/envs/api/lib/python3.10/site-packages/triton/runtime/jit.py", line 594, in run\n    kernel = self.compile(src, target=target, options=options.__dict__)\n  File "/home/lijiaxing/.conda/envs/api/lib/python3.10/site-packages/triton/compiler/compiler.py", line 339, in compile\n    module = src.make_ir(options, codegen_fns, module_map, context)\n  File "/home/lijiaxing/.conda/envs/api/lib/python3.10/site-packages/triton/compiler/compiler.py", line 83, in make_ir\n    return ast_to_ttir(self.fn, self, context=context, options=options, codegen_fns=codegen_fns,\ntriton.compiler.errors.CompilationError: at 31:8:\n    remainder = idx % (out_channels * h_out * w_out)\n    c_out = remainder // (h_out * w_out)\n    spatial_idx = remainder % (h_out * w_out)\n    h = spatial_idx // w_out\n    w = spatial_idx % w_out\n\n    # Initialize accumulator\n    acc = tl.zeros((BLOCK_SIZE,), dtype=tl.float32)\n\n    # Loop over input channels and kernel\n    for c_in in range(in_channels):\n        for kh in tl.static_range(kernel_size):\n        ^\nAssertionError(\'int32[] used as tl.static_range start value is not a constexpr\')\n\n\nThe above exception was the direct cause of the following exception:\n\nTraceback (most recent call last):\n  File "/home/lijiaxing/.conda/envs/api/lib/python3.10/site-packages/triton/language/core.py", line 3120, in __init__\n    assert isinstance(arg1, constexpr), f"{arg1} used as tl.static_range start value is not a constexpr"\nAssertionError: int32[] used as tl.static_range start value is not a constexpr\n', 'runtime_error_name': 'triton.compiler.errors.CompilationError', 'reference_timing_ms': 0.06, 'speed_up': -1.0, 'custom_timing': -1.0}, 'runtime': -1.0, 'runtime_stats': {}}}
2025-08-08 18:37:24,997 - openevolve.threaded_parallel - INFO - Checkpoint interval reached at iteration 9
2025-08-08 18:37:24,999 - openevolve.database - INFO - Island Status:
2025-08-08 18:37:24,999 - openevolve.database - INFO -  * Island 0: 5 programs, best=10.0000, avg=-15.8000, diversity=1020.97, gen=4 (best: 6454518f-f5c9-4875-828e-abd4b8ac8032)
2025-08-08 18:37:24,999 - openevolve.database - INFO -    Island 1: 4 programs, best=10.0000, avg=10.0000, diversity=288.52, gen=4 (best: a3db071e-13fc-4f6a-aa71-985bf27a6081)
2025-08-08 18:37:24,999 - openevolve.database - INFO -    Island 2: 3 programs, best=10.0000, avg=10.0000, diversity=316.40, gen=3 (best: 8d5ff22a-b872-455f-9238-4a62cfa906de)
2025-08-08 18:37:25,163 - openevolve.database - INFO - Saved database with 12 programs to openevolve_output/level1_81_conv_transposed_2D_asymmetric_input_square_kernel___dilated____padded____strided__/checkpoints/checkpoint_9
2025-08-08 18:37:25,184 - openevolve.controller - INFO - Saved best program at checkpoint 9 with metrics: compiled=1.0000, correctness=0.0000, score=10.0000, stage=wrong_answer, verify_payload={'id': 'level1_81_conv_transposed_2D_asymmetric_input_square_kernel___dilated____padded____strided__', 'result': {'compiled': True, 'correctness': False, 'metadata': {'hardware': 'NVIDIA L20Y', 'device': 'cuda:3', 'runtime_error': 'Traceback (most recent call last):\n  File "/cpfs01/shared/llm_kernel/hujiakai/KernelLLM/validation_api_server/helpers/evaluations.py", line 720, in run_and_check_correctness\n    output_new = model_new(*inputs)\n  File "/home/lijiaxing/.conda/envs/api/lib/python3.10/site-packages/torch/nn/modules/module.py", line 1773, in _wrapped_call_impl\n    return self._call_impl(*args, **kwargs)\n  File "/home/lijiaxing/.conda/envs/api/lib/python3.10/site-packages/torch/nn/modules/module.py", line 1784, in _call_impl\n    return forward_call(*args, **kwargs)\n  File "/tmp/tmp1csvkjai.py", line 136, in forward\n    self._transposed_conv2d_kernel[grid](\n  File "/home/lijiaxing/.conda/envs/api/lib/python3.10/site-packages/triton/runtime/jit.py", line 390, in <lambda>\n    return lambda *args, **kwargs: self.run(grid=grid, warmup=False, *args, **kwargs)\n  File "/home/lijiaxing/.conda/envs/api/lib/python3.10/site-packages/triton/runtime/jit.py", line 594, in run\n    kernel = self.compile(src, target=target, options=options.__dict__)\n  File "/home/lijiaxing/.conda/envs/api/lib/python3.10/site-packages/triton/compiler/compiler.py", line 339, in compile\n    module = src.make_ir(options, codegen_fns, module_map, context)\n  File "/home/lijiaxing/.conda/envs/api/lib/python3.10/site-packages/triton/compiler/compiler.py", line 83, in make_ir\n    return ast_to_ttir(self.fn, self, context=context, options=options, codegen_fns=codegen_fns,\ntriton.compiler.errors.CompilationError: at 49:20:\n            cond = cond_h & cond_w\n            h_in_int = tl.math.floor(h_in + 0.5).to(tl.int32)\n            w_in_int = tl.math.floor(w_in + 0.5).to(tl.int32)\n\n            # Loop over input channels in blocks\n            for ic_block in range(0, in_channels, BLOCK_SIZE_IC):\n                ic_offsets = ic_block + tl.arange(0, BLOCK_SIZE_IC)\n                ic_mask = ic_offsets < in_channels\n\n                # Calculate input pointer offsets\n                input_offsets = (\n                    idx_b * in_channels * height_in * width_in +\n                    ^\nValueError(\'Cannot make_shape_compatible: incompatible dimensions at index 0: 1024 and 32\')\n\n\nThe above exception was the direct cause of the following exception:\n\nTraceback (most recent call last):\n  File "/home/lijiaxing/.conda/envs/api/lib/python3.10/site-packages/triton/language/core.py", line 42, in wrapper\n    return fn(*args, **kwargs)\n  File "/home/lijiaxing/.conda/envs/api/lib/python3.10/site-packages/triton/language/core.py", line 900, in __add__\n    return add(self, other, sanitize_overflow=True, _semantic=_semantic)\n  File "/home/lijiaxing/.conda/envs/api/lib/python3.10/site-packages/triton/language/core.py", line 42, in wrapper\n    return fn(*args, **kwargs)\n  File "/home/lijiaxing/.conda/envs/api/lib/python3.10/site-packages/triton/language/core.py", line 2468, in add\n    return _semantic.add(x, y, sanitize_overflow)\n  File "/home/lijiaxing/.conda/envs/api/lib/python3.10/site-packages/triton/language/semantic.py", line 226, in add\n    input, other = self.binary_op_type_checking_impl(input, other, True, True)\n  File "/home/lijiaxing/.conda/envs/api/lib/python3.10/site-packages/triton/language/semantic.py", line 203, in binary_op_type_checking_impl\n    lhs, rhs = self.broadcast_impl_value(lhs, rhs)\n  File "/home/lijiaxing/.conda/envs/api/lib/python3.10/site-packages/triton/language/semantic.py", line 749, in broadcast_impl_value\n    raise ValueError("Cannot make_shape_compatible: incompatible dimensions "\nValueError: Cannot make_shape_compatible: incompatible dimensions at index 0: 1024 and 32\n', 'runtime_error_name': 'triton.compiler.errors.CompilationError', 'reference_timing_ms': 0.06, 'speed_up': -1.0, 'custom_timing': -1.0}, 'runtime': -1.0, 'runtime_stats': {}}}
2025-08-08 18:37:25,184 - openevolve.controller - INFO - Saved checkpoint at iteration 9 to openevolve_output/level1_81_conv_transposed_2D_asymmetric_input_square_kernel___dilated____padded____strided__/checkpoints/checkpoint_9
2025-08-08 18:40:18,213 - openevolve.RemoteSpeedupEvaluator - INFO - [level1_81_conv_transposed_2D_asymmetric_input_square_kernel___dilated____padded____strided__] triton key words check pass
2025-08-08 18:40:18,215 - openevolve.RemoteSpeedupEvaluator - INFO - [level1_81_conv_transposed_2D_asymmetric_input_square_kernel___dilated____padded____strided__] verify_plus payload: reference_code(1888 chars) + custom_code(4760 chars)
2025-08-08 18:41:25,318 - openevolve.RemoteSpeedupEvaluator - INFO - [level1_81_conv_transposed_2D_asymmetric_input_square_kernel___dilated____padded____strided__] verify_plus request success
2025-08-08 18:41:25,319 - openevolve.RemoteSpeedupEvaluator - INFO - [level1_81_conv_transposed_2D_asymmetric_input_square_kernel___dilated____padded____strided__] verify_plus response: {"id":"level1_81_conv_transposed_2D_asymmetric_input_square_kernel___dilated____padded____strided__","result":{"compiled":true,"correctness":true,"metadata":{"hardware":"NVIDIA L20Y","device":"cuda:2","correctness_trials":"(5 / 5)","reference_timing_ms":0.06,"speed_up":0.0,"custom_timing":590.0},"runtime":590.0,"runtime_stats":{"mean":590.0,"std":1.89,"min":586.0,"max":591.0,"num_trials":100,"hardware":"NVIDIA L20Y","device":"cuda:2"}}}
2025-08-08 18:41:25,319 - openevolve.RemoteSpeedupEvaluator - INFO - [level1_81_conv_transposed_2D_asymmetric_input_square_kernel___dilated____padded____strided__] âœ” success | speed_up=0.000  score=20.00
2025-08-08 18:41:25,320 - openevolve.evaluator - INFO - Evaluated program ec1d7207-3433-4e6e-a2b2-ffab121f2403 in 67.11s: compiled=1.0000, correctness=1.0000, stage=success, passed=0.0000, score=20.0000, speed_up=0.0000, runtime_ms=590.0000, meta={'hardware': 'NVIDIA L20Y', 'device': 'cuda:2', 'correctness_trials': '(5 / 5)', 'reference_timing_ms': 0.06, 'speed_up': 0.0, 'custom_timing': 590.0}
2025-08-08 18:41:25,322 - openevolve.database - INFO - MAP-Elites cell improved: {'score': 9, 'complexity': 5} (fitness: 10.000 -> 20.000)
2025-08-08 18:41:25,322 - openevolve.database - INFO - New best program ec1d7207-3433-4e6e-a2b2-ffab121f2403 replaces a3db071e-13fc-4f6a-aa71-985bf27a6081
2025-08-08 18:41:25,323 - openevolve.llm.ensemble - INFO - Sampled model: deepseek
2025-08-08 18:41:25,334 - openevolve.threaded_parallel - INFO - Iteration 11: Program ec1d7207-3433-4e6e-a2b2-ffab121f2403 (parent: 2100e0f9-ea57-4d72-95e9-9aafe10e3ffc) completed in 866.14s
2025-08-08 18:41:25,335 - openevolve.threaded_parallel - INFO - Metrics: compiled=1.0000, correctness=1.0000, stage=success, passed=0.0000, score=20.0000, speed_up=0.0000, runtime_ms=590.0000, meta={'hardware': 'NVIDIA L20Y', 'device': 'cuda:2', 'correctness_trials': '(5 / 5)', 'reference_timing_ms': 0.06, 'speed_up': 0.0, 'custom_timing': 590.0}
2025-08-08 18:41:25,335 - openevolve.threaded_parallel - INFO - ðŸŒŸ New best solution found at iteration 11: ec1d7207-3433-4e6e-a2b2-ffab121f2403
2025-08-08 18:44:41,722 - openevolve.RemoteSpeedupEvaluator - INFO - [level1_81_conv_transposed_2D_asymmetric_input_square_kernel___dilated____padded____strided__] triton key words check pass
2025-08-08 18:44:41,724 - openevolve.RemoteSpeedupEvaluator - INFO - [level1_81_conv_transposed_2D_asymmetric_input_square_kernel___dilated____padded____strided__] verify_plus payload: reference_code(1888 chars) + custom_code(5642 chars)
2025-08-08 18:44:44,909 - openevolve.RemoteSpeedupEvaluator - INFO - [level1_81_conv_transposed_2D_asymmetric_input_square_kernel___dilated____padded____strided__] verify_plus request success
2025-08-08 18:44:44,909 - openevolve.RemoteSpeedupEvaluator - INFO - [level1_81_conv_transposed_2D_asymmetric_input_square_kernel___dilated____padded____strided__] verify_plus response: {"id":"level1_81_conv_transposed_2D_asymmetric_input_square_kernel___dilated____padded____strided__","result":{"compiled":true,"correctness":false,"metadata":{"hardware":"NVIDIA L20Y","device":"cuda:7","runtime_error":"Traceback (most recent call last):\n  File \"/cpfs01/shared/llm_kernel/hujiakai/KernelLLM/validation_api_server/helpers/evaluations.py\", line 720, in run_and_check_correctness\n    output_new = model_new(*inputs)\n  File \"/home/lijiaxing/.conda/envs/api/lib/python3.10/site-packages/torch/nn/modules/module.py\", line 1773, in _wrapped_call_impl\n    return self._call_impl(*args, **kwargs)\n  File \"/home/lijiaxing/.conda/envs/api/lib/python3.10/site-packages/torch/nn/modules/module.py\", line 1784, in _call_impl\n    return forward_call(*args, **kwargs)\n  File \"/tmp/tmpt9
2025-08-08 18:44:44,909 - openevolve.RemoteSpeedupEvaluator - INFO - [level1_81_conv_transposed_2D_asymmetric_input_square_kernel___dilated____padded____strided__] âœ˜ wrong_answer
2025-08-08 18:44:44,909 - openevolve.evaluator - INFO - Evaluated program 5014adf0-35b1-4d8c-8e07-a4a892467097 in 3.19s: compiled=1.0000, correctness=0.0000, score=10.0000, stage=wrong_answer, verify_payload={'id': 'level1_81_conv_transposed_2D_asymmetric_input_square_kernel___dilated____padded____strided__', 'result': {'compiled': True, 'correctness': False, 'metadata': {'hardware': 'NVIDIA L20Y', 'device': 'cuda:7', 'runtime_error': 'Traceback (most recent call last):\n  File "/cpfs01/shared/llm_kernel/hujiakai/KernelLLM/validation_api_server/helpers/evaluations.py", line 720, in run_and_check_correctness\n    output_new = model_new(*inputs)\n  File "/home/lijiaxing/.conda/envs/api/lib/python3.10/site-packages/torch/nn/modules/module.py", line 1773, in _wrapped_call_impl\n    return self._call_impl(*args, **kwargs)\n  File "/home/lijiaxing/.conda/envs/api/lib/python3.10/site-packages/torch/nn/modules/module.py", line 1784, in _call_impl\n    return forward_call(*args, **kwargs)\n  File "/tmp/tmpt91bz7fa.py", line 49, in forward\n    _conv_transpose2d_kernel[grid](\n  File "/home/lijiaxing/.conda/envs/api/lib/python3.10/site-packages/triton/runtime/jit.py", line 390, in <lambda>\n    return lambda *args, **kwargs: self.run(grid=grid, warmup=False, *args, **kwargs)\n  File "/home/lijiaxing/.conda/envs/api/lib/python3.10/site-packages/triton/runtime/jit.py", line 594, in run\n    kernel = self.compile(src, target=target, options=options.__dict__)\n  File "/home/lijiaxing/.conda/envs/api/lib/python3.10/site-packages/triton/compiler/compiler.py", line 339, in compile\n    module = src.make_ir(options, codegen_fns, module_map, context)\n  File "/home/lijiaxing/.conda/envs/api/lib/python3.10/site-packages/triton/compiler/compiler.py", line 83, in make_ir\n    return ast_to_ttir(self.fn, self, context=context, options=options, codegen_fns=codegen_fns,\ntriton.compiler.errors.CompilationError: at 19:32:\n    stride_ob, stride_oc, stride_oh, stride_ow,\n    kernel_size, stride, padding, dilation,\n    BLOCK_SIZE: tl.constexpr\n):\n    pid = tl.program_id(0)\n    block_start = pid * BLOCK_SIZE\n    offsets = block_start + tl.arange(0, BLOCK_SIZE)\n    mask = offsets < total_elements\n\n    # Decompose flattened index\n    idx = offsets\n    b = idx // (h_out * w_out * output_ptr.shape[1])\n                                ^\nIndexError(\'list index out of range\')\n\n\nThe above exception was the direct cause of the following exception:\n\nTraceback (most recent call last):\n  File "/home/lijiaxing/.conda/envs/api/lib/python3.10/site-packages/triton/language/core.py", line 1289, in __getitem__\n    return self.values[idx]\nIndexError: list index out of range\n', 'runtime_error_name': 'triton.compiler.errors.CompilationError', 'reference_timing_ms': 0.06, 'speed_up': -1.0, 'custom_timing': -1.0}, 'runtime': -1.0, 'runtime_stats': {}}}
2025-08-08 18:44:44,913 - openevolve.llm.ensemble - INFO - Sampled model: deepseek
2025-08-08 18:44:44,926 - openevolve.threaded_parallel - INFO - Iteration 12: Program 5014adf0-35b1-4d8c-8e07-a4a892467097 (parent: e5fa0959-ca58-450a-9bae-b95736f22b3d) completed in 523.99s
2025-08-08 18:44:44,926 - openevolve.threaded_parallel - INFO - Metrics: compiled=1.0000, correctness=0.0000, score=10.0000, stage=wrong_answer, verify_payload={'id': 'level1_81_conv_transposed_2D_asymmetric_input_square_kernel___dilated____padded____strided__', 'result': {'compiled': True, 'correctness': False, 'metadata': {'hardware': 'NVIDIA L20Y', 'device': 'cuda:7', 'runtime_error': 'Traceback (most recent call last):\n  File "/cpfs01/shared/llm_kernel/hujiakai/KernelLLM/validation_api_server/helpers/evaluations.py", line 720, in run_and_check_correctness\n    output_new = model_new(*inputs)\n  File "/home/lijiaxing/.conda/envs/api/lib/python3.10/site-packages/torch/nn/modules/module.py", line 1773, in _wrapped_call_impl\n    return self._call_impl(*args, **kwargs)\n  File "/home/lijiaxing/.conda/envs/api/lib/python3.10/site-packages/torch/nn/modules/module.py", line 1784, in _call_impl\n    return forward_call(*args, **kwargs)\n  File "/tmp/tmpt91bz7fa.py", line 49, in forward\n    _conv_transpose2d_kernel[grid](\n  File "/home/lijiaxing/.conda/envs/api/lib/python3.10/site-packages/triton/runtime/jit.py", line 390, in <lambda>\n    return lambda *args, **kwargs: self.run(grid=grid, warmup=False, *args, **kwargs)\n  File "/home/lijiaxing/.conda/envs/api/lib/python3.10/site-packages/triton/runtime/jit.py", line 594, in run\n    kernel = self.compile(src, target=target, options=options.__dict__)\n  File "/home/lijiaxing/.conda/envs/api/lib/python3.10/site-packages/triton/compiler/compiler.py", line 339, in compile\n    module = src.make_ir(options, codegen_fns, module_map, context)\n  File "/home/lijiaxing/.conda/envs/api/lib/python3.10/site-packages/triton/compiler/compiler.py", line 83, in make_ir\n    return ast_to_ttir(self.fn, self, context=context, options=options, codegen_fns=codegen_fns,\ntriton.compiler.errors.CompilationError: at 19:32:\n    stride_ob, stride_oc, stride_oh, stride_ow,\n    kernel_size, stride, padding, dilation,\n    BLOCK_SIZE: tl.constexpr\n):\n    pid = tl.program_id(0)\n    block_start = pid * BLOCK_SIZE\n    offsets = block_start + tl.arange(0, BLOCK_SIZE)\n    mask = offsets < total_elements\n\n    # Decompose flattened index\n    idx = offsets\n    b = idx // (h_out * w_out * output_ptr.shape[1])\n                                ^\nIndexError(\'list index out of range\')\n\n\nThe above exception was the direct cause of the following exception:\n\nTraceback (most recent call last):\n  File "/home/lijiaxing/.conda/envs/api/lib/python3.10/site-packages/triton/language/core.py", line 1289, in __getitem__\n    return self.values[idx]\nIndexError: list index out of range\n', 'runtime_error_name': 'triton.compiler.errors.CompilationError', 'reference_timing_ms': 0.06, 'speed_up': -1.0, 'custom_timing': -1.0}, 'runtime': -1.0, 'runtime_stats': {}}}
2025-08-08 18:44:44,926 - openevolve.threaded_parallel - INFO - Checkpoint interval reached at iteration 12
2025-08-08 18:44:44,928 - openevolve.database - INFO - Island Status:
2025-08-08 18:44:44,928 - openevolve.database - INFO -    Island 0: 6 programs, best=20.0000, avg=-9.8333, diversity=1020.97, gen=4 (best: ec1d7207-3433-4e6e-a2b2-ffab121f2403)
2025-08-08 18:44:44,928 - openevolve.database - INFO -    Island 1: 5 programs, best=10.0000, avg=10.0000, diversity=263.45, gen=5 (best: a3db071e-13fc-4f6a-aa71-985bf27a6081)
2025-08-08 18:44:44,928 - openevolve.database - INFO -  * Island 2: 3 programs, best=10.0000, avg=10.0000, diversity=316.40, gen=4 (best: 8d5ff22a-b872-455f-9238-4a62cfa906de)
2025-08-08 18:44:45,087 - openevolve.database - INFO - Saved database with 14 programs to openevolve_output/level1_81_conv_transposed_2D_asymmetric_input_square_kernel___dilated____padded____strided__/checkpoints/checkpoint_12
2025-08-08 18:44:45,104 - openevolve.controller - INFO - Saved best program at checkpoint 12 with metrics: compiled=1.0000, correctness=1.0000, stage=success, passed=0.0000, score=20.0000, speed_up=0.0000, runtime_ms=590.0000, meta={'hardware': 'NVIDIA L20Y', 'device': 'cuda:2', 'correctness_trials': '(5 / 5)', 'reference_timing_ms': 0.06, 'speed_up': 0.0, 'custom_timing': 590.0}
2025-08-08 18:44:45,104 - openevolve.controller - INFO - Saved checkpoint at iteration 12 to openevolve_output/level1_81_conv_transposed_2D_asymmetric_input_square_kernel___dilated____padded____strided__/checkpoints/checkpoint_12
2025-08-08 18:47:26,634 - openevolve.RemoteSpeedupEvaluator - INFO - [level1_81_conv_transposed_2D_asymmetric_input_square_kernel___dilated____padded____strided__] triton key words check pass
2025-08-08 18:47:26,636 - openevolve.RemoteSpeedupEvaluator - INFO - [level1_81_conv_transposed_2D_asymmetric_input_square_kernel___dilated____padded____strided__] verify_plus payload: reference_code(1888 chars) + custom_code(5645 chars)
2025-08-08 18:47:32,744 - openevolve.RemoteSpeedupEvaluator - INFO - [level1_81_conv_transposed_2D_asymmetric_input_square_kernel___dilated____padded____strided__] verify_plus request success
2025-08-08 18:47:32,744 - openevolve.RemoteSpeedupEvaluator - INFO - [level1_81_conv_transposed_2D_asymmetric_input_square_kernel___dilated____padded____strided__] verify_plus response: {"id":"level1_81_conv_transposed_2D_asymmetric_input_square_kernel___dilated____padded____strided__","result":{"compiled":true,"correctness":false,"metadata":{"hardware":"NVIDIA L20Y","device":"cuda:3","runtime_error":"Traceback (most recent call last):\n  File \"/home/lijiaxing/.conda/envs/api/lib/python3.10/site-packages/triton/language/core.py\", line 42, in wrapper\n    return fn(*args, **kwargs)\n  File \"/home/lijiaxing/.conda/envs/api/lib/python3.10/site-packages/triton/language/core.py\", line 1654, in arange\n    return _semantic.arange(start, end)\n  File \"/home/lijiaxing/.conda/envs/api/lib/python3.10/site-packages/triton/language/semantic.py\", line 574, in arange\n    raise ValueError(\"arange's arguments must be of type tl.constexpr\")\nValueError: arange's arguments must be
2025-08-08 18:47:32,744 - openevolve.RemoteSpeedupEvaluator - INFO - [level1_81_conv_transposed_2D_asymmetric_input_square_kernel___dilated____padded____strided__] âœ˜ wrong_answer
2025-08-08 18:47:32,745 - openevolve.evaluator - INFO - Evaluated program 45392751-5d8e-476a-a21c-af9cd22efc63 in 6.11s: compiled=1.0000, correctness=0.0000, score=10.0000, stage=wrong_answer, verify_payload={'id': 'level1_81_conv_transposed_2D_asymmetric_input_square_kernel___dilated____padded____strided__', 'result': {'compiled': True, 'correctness': False, 'metadata': {'hardware': 'NVIDIA L20Y', 'device': 'cuda:3', 'runtime_error': 'Traceback (most recent call last):\n  File "/home/lijiaxing/.conda/envs/api/lib/python3.10/site-packages/triton/language/core.py", line 42, in wrapper\n    return fn(*args, **kwargs)\n  File "/home/lijiaxing/.conda/envs/api/lib/python3.10/site-packages/triton/language/core.py", line 1654, in arange\n    return _semantic.arange(start, end)\n  File "/home/lijiaxing/.conda/envs/api/lib/python3.10/site-packages/triton/language/semantic.py", line 574, in arange\n    raise ValueError("arange\'s arguments must be of type tl.constexpr")\nValueError: arange\'s arguments must be of type tl.constexpr\n\nThe above exception was the direct cause of the following exception:\n\nTraceback (most recent call last):\n  File "/cpfs01/shared/llm_kernel/hujiakai/KernelLLM/validation_api_server/helpers/evaluations.py", line 720, in run_and_check_correctness\n    output_new = model_new(*inputs)\n  File "/home/lijiaxing/.conda/envs/api/lib/python3.10/site-packages/torch/nn/modules/module.py", line 1773, in _wrapped_call_impl\n    return self._call_impl(*args, **kwargs)\n  File "/home/lijiaxing/.conda/envs/api/lib/python3.10/site-packages/torch/nn/modules/module.py", line 1784, in _call_impl\n    return forward_call(*args, **kwargs)\n  File "/tmp/tmpfzp_7_uf.py", line 49, in forward\n    _conv_transpose2d_kernel[grid](\n  File "/home/lijiaxing/.conda/envs/api/lib/python3.10/site-packages/triton/runtime/jit.py", line 390, in <lambda>\n    return lambda *args, **kwargs: self.run(grid=grid, warmup=False, *args, **kwargs)\n  File "/home/lijiaxing/.conda/envs/api/lib/python3.10/site-packages/triton/runtime/jit.py", line 594, in run\n    kernel = self.compile(src, target=target, options=options.__dict__)\n  File "/home/lijiaxing/.conda/envs/api/lib/python3.10/site-packages/triton/compiler/compiler.py", line 339, in compile\n    module = src.make_ir(options, codegen_fns, module_map, context)\n  File "/home/lijiaxing/.conda/envs/api/lib/python3.10/site-packages/triton/compiler/compiler.py", line 83, in make_ir\n    return ast_to_ttir(self.fn, self, context=context, options=options, codegen_fns=codegen_fns,\ntriton.compiler.errors.CompilationError: at 14:28:\n    total_elements,\n    batch_size, in_channels, h_in, w_in,\n    h_out, w_out,\n    stride_xb, stride_xc, stride_xh, stride_xw,\n    stride_wic, stride_woc, stride_wh, stride_ww,\n    stride_ob, stride_oc, stride_oh, stride_ow,\n    kernel_size, stride_val, padding_val, dilation_val\n):\n    BLOCK_SIZE = 128\n    pid = tl.program_id(0)\n    block_start = pid * BLOCK_SIZE\n    offsets = block_start + tl.arange(0, BLOCK_SIZE)\n                            ^\n\n\nThe above exception was the direct cause of the following exception:\n\nTraceback (most recent call last):\n  File "/home/lijiaxing/.conda/envs/api/lib/python3.10/site-packages/triton/language/core.py", line 42, in wrapper\n    return fn(*args, **kwargs)\n  File "/home/lijiaxing/.conda/envs/api/lib/python3.10/site-packages/triton/language/core.py", line 1654, in arange\n    return _semantic.arange(start, end)\n  File "/home/lijiaxing/.conda/envs/api/lib/python3.10/site-packages/triton/language/semantic.py", line 574, in arange\n    raise ValueError("arange\'s arguments must be of type tl.constexpr")\nValueError: arange\'s arguments must be of type tl.constexpr\n', 'runtime_error_name': 'triton.compiler.errors.CompilationError', 'reference_timing_ms': 0.06, 'speed_up': -1.0, 'custom_timing': -1.0}, 'runtime': -1.0, 'runtime_stats': {}}}
2025-08-08 18:47:32,749 - openevolve.llm.ensemble - INFO - Sampled model: deepseek
2025-08-08 18:47:32,766 - openevolve.threaded_parallel - INFO - Iteration 14: Program 45392751-5d8e-476a-a21c-af9cd22efc63 (parent: 9baee2ea-e24e-40a4-8434-65f34bfcdc2d) completed in 367.42s
2025-08-08 18:47:32,767 - openevolve.threaded_parallel - INFO - Metrics: compiled=1.0000, correctness=0.0000, score=10.0000, stage=wrong_answer, verify_payload={'id': 'level1_81_conv_transposed_2D_asymmetric_input_square_kernel___dilated____padded____strided__', 'result': {'compiled': True, 'correctness': False, 'metadata': {'hardware': 'NVIDIA L20Y', 'device': 'cuda:3', 'runtime_error': 'Traceback (most recent call last):\n  File "/home/lijiaxing/.conda/envs/api/lib/python3.10/site-packages/triton/language/core.py", line 42, in wrapper\n    return fn(*args, **kwargs)\n  File "/home/lijiaxing/.conda/envs/api/lib/python3.10/site-packages/triton/language/core.py", line 1654, in arange\n    return _semantic.arange(start, end)\n  File "/home/lijiaxing/.conda/envs/api/lib/python3.10/site-packages/triton/language/semantic.py", line 574, in arange\n    raise ValueError("arange\'s arguments must be of type tl.constexpr")\nValueError: arange\'s arguments must be of type tl.constexpr\n\nThe above exception was the direct cause of the following exception:\n\nTraceback (most recent call last):\n  File "/cpfs01/shared/llm_kernel/hujiakai/KernelLLM/validation_api_server/helpers/evaluations.py", line 720, in run_and_check_correctness\n    output_new = model_new(*inputs)\n  File "/home/lijiaxing/.conda/envs/api/lib/python3.10/site-packages/torch/nn/modules/module.py", line 1773, in _wrapped_call_impl\n    return self._call_impl(*args, **kwargs)\n  File "/home/lijiaxing/.conda/envs/api/lib/python3.10/site-packages/torch/nn/modules/module.py", line 1784, in _call_impl\n    return forward_call(*args, **kwargs)\n  File "/tmp/tmpfzp_7_uf.py", line 49, in forward\n    _conv_transpose2d_kernel[grid](\n  File "/home/lijiaxing/.conda/envs/api/lib/python3.10/site-packages/triton/runtime/jit.py", line 390, in <lambda>\n    return lambda *args, **kwargs: self.run(grid=grid, warmup=False, *args, **kwargs)\n  File "/home/lijiaxing/.conda/envs/api/lib/python3.10/site-packages/triton/runtime/jit.py", line 594, in run\n    kernel = self.compile(src, target=target, options=options.__dict__)\n  File "/home/lijiaxing/.conda/envs/api/lib/python3.10/site-packages/triton/compiler/compiler.py", line 339, in compile\n    module = src.make_ir(options, codegen_fns, module_map, context)\n  File "/home/lijiaxing/.conda/envs/api/lib/python3.10/site-packages/triton/compiler/compiler.py", line 83, in make_ir\n    return ast_to_ttir(self.fn, self, context=context, options=options, codegen_fns=codegen_fns,\ntriton.compiler.errors.CompilationError: at 14:28:\n    total_elements,\n    batch_size, in_channels, h_in, w_in,\n    h_out, w_out,\n    stride_xb, stride_xc, stride_xh, stride_xw,\n    stride_wic, stride_woc, stride_wh, stride_ww,\n    stride_ob, stride_oc, stride_oh, stride_ow,\n    kernel_size, stride_val, padding_val, dilation_val\n):\n    BLOCK_SIZE = 128\n    pid = tl.program_id(0)\n    block_start = pid * BLOCK_SIZE\n    offsets = block_start + tl.arange(0, BLOCK_SIZE)\n                            ^\n\n\nThe above exception was the direct cause of the following exception:\n\nTraceback (most recent call last):\n  File "/home/lijiaxing/.conda/envs/api/lib/python3.10/site-packages/triton/language/core.py", line 42, in wrapper\n    return fn(*args, **kwargs)\n  File "/home/lijiaxing/.conda/envs/api/lib/python3.10/site-packages/triton/language/core.py", line 1654, in arange\n    return _semantic.arange(start, end)\n  File "/home/lijiaxing/.conda/envs/api/lib/python3.10/site-packages/triton/language/semantic.py", line 574, in arange\n    raise ValueError("arange\'s arguments must be of type tl.constexpr")\nValueError: arange\'s arguments must be of type tl.constexpr\n', 'runtime_error_name': 'triton.compiler.errors.CompilationError', 'reference_timing_ms': 0.06, 'speed_up': -1.0, 'custom_timing': -1.0}, 'runtime': -1.0, 'runtime_stats': {}}}
2025-08-08 18:47:38,854 - openevolve.RemoteSpeedupEvaluator - INFO - [level1_81_conv_transposed_2D_asymmetric_input_square_kernel___dilated____padded____strided__] triton key words check pass
2025-08-08 18:47:38,854 - openevolve.RemoteSpeedupEvaluator - INFO - [level1_81_conv_transposed_2D_asymmetric_input_square_kernel___dilated____padded____strided__] verify_plus payload: reference_code(1888 chars) + custom_code(7246 chars)
2025-08-08 18:47:53,460 - openevolve.RemoteSpeedupEvaluator - INFO - [level1_81_conv_transposed_2D_asymmetric_input_square_kernel___dilated____padded____strided__] verify_plus request success
2025-08-08 18:47:53,461 - openevolve.RemoteSpeedupEvaluator - INFO - [level1_81_conv_transposed_2D_asymmetric_input_square_kernel___dilated____padded____strided__] verify_plus response: {"id":"level1_81_conv_transposed_2D_asymmetric_input_square_kernel___dilated____padded____strided__","result":{"compiled":true,"correctness":false,"metadata":{"hardware":"NVIDIA L20Y","device":"cuda:7","max_difference":["1.534710","1.517882","1.447722","1.563790","1.688334"],"avg_difference":["0.067282","0.067252","0.067251","0.067246","0.067257"],"correctness_issue":"Output mismatch","correctness_trials":"(0 / 5)","reference_timing_ms":0.06,"speed_up":-1.0,"custom_timing":-1.0},"runtime":-1.0,"runtime_stats":{}}}
2025-08-08 18:47:53,461 - openevolve.RemoteSpeedupEvaluator - INFO - [level1_81_conv_transposed_2D_asymmetric_input_square_kernel___dilated____padded____strided__] âœ˜ wrong_answer
2025-08-08 18:47:53,461 - openevolve.evaluator - INFO - Evaluated program 4ee626d8-1734-4f68-bfa4-42164c5c87d8 in 14.61s: compiled=1.0000, correctness=0.0000, score=10.0000, stage=wrong_answer, verify_payload={'id': 'level1_81_conv_transposed_2D_asymmetric_input_square_kernel___dilated____padded____strided__', 'result': {'compiled': True, 'correctness': False, 'metadata': {'hardware': 'NVIDIA L20Y', 'device': 'cuda:7', 'max_difference': ['1.534710', '1.517882', '1.447722', '1.563790', '1.688334'], 'avg_difference': ['0.067282', '0.067252', '0.067251', '0.067246', '0.067257'], 'correctness_issue': 'Output mismatch', 'correctness_trials': '(0 / 5)', 'reference_timing_ms': 0.06, 'speed_up': -1.0, 'custom_timing': -1.0}, 'runtime': -1.0, 'runtime_stats': {}}}
2025-08-08 18:47:53,465 - openevolve.llm.ensemble - INFO - Sampled model: deepseek
2025-08-08 18:47:53,483 - openevolve.threaded_parallel - INFO - Iteration 13: Program 4ee626d8-1734-4f68-bfa4-42164c5c87d8 (parent: dc48202d-9c74-4338-bbe8-1b1dc79949ce) completed in 628.48s
2025-08-08 18:47:53,483 - openevolve.threaded_parallel - INFO - Metrics: compiled=1.0000, correctness=0.0000, score=10.0000, stage=wrong_answer, verify_payload={'id': 'level1_81_conv_transposed_2D_asymmetric_input_square_kernel___dilated____padded____strided__', 'result': {'compiled': True, 'correctness': False, 'metadata': {'hardware': 'NVIDIA L20Y', 'device': 'cuda:7', 'max_difference': ['1.534710', '1.517882', '1.447722', '1.563790', '1.688334'], 'avg_difference': ['0.067282', '0.067252', '0.067251', '0.067246', '0.067257'], 'correctness_issue': 'Output mismatch', 'correctness_trials': '(0 / 5)', 'reference_timing_ms': 0.06, 'speed_up': -1.0, 'custom_timing': -1.0}, 'runtime': -1.0, 'runtime_stats': {}}}
2025-08-08 18:54:30,172 - openevolve.RemoteSpeedupEvaluator - INFO - [level1_81_conv_transposed_2D_asymmetric_input_square_kernel___dilated____padded____strided__] triton key words check pass
2025-08-08 18:54:30,173 - openevolve.RemoteSpeedupEvaluator - INFO - [level1_81_conv_transposed_2D_asymmetric_input_square_kernel___dilated____padded____strided__] verify_plus payload: reference_code(1888 chars) + custom_code(4849 chars)
2025-08-08 18:54:33,734 - openevolve.RemoteSpeedupEvaluator - INFO - [level1_81_conv_transposed_2D_asymmetric_input_square_kernel___dilated____padded____strided__] verify_plus request success
2025-08-08 18:54:33,734 - openevolve.RemoteSpeedupEvaluator - INFO - [level1_81_conv_transposed_2D_asymmetric_input_square_kernel___dilated____padded____strided__] verify_plus response: {"id":"level1_81_conv_transposed_2D_asymmetric_input_square_kernel___dilated____padded____strided__","result":{"compiled":true,"correctness":false,"metadata":{"hardware":"NVIDIA L20Y","device":"cuda:7","runtime_error":"Traceback (most recent call last):\n  File \"/home/lijiaxing/.conda/envs/api/lib/python3.10/site-packages/triton/language/core.py\", line 42, in wrapper\n    return fn(*args, **kwargs)\n  File \"/home/lijiaxing/.conda/envs/api/lib/python3.10/site-packages/triton/language/core.py\", line 2216, in store\n    return _semantic.store(pointer, value, mask, boundary_check, cache_modifier, eviction_policy)\n  File \"/home/lijiaxing/.conda/envs/api/lib/python3.10/site-packages/triton/language/semantic.py\", line 1292, in store\n    return self._store_legacy(ptr, val, mask, boundary_c
2025-08-08 18:54:33,734 - openevolve.RemoteSpeedupEvaluator - INFO - [level1_81_conv_transposed_2D_asymmetric_input_square_kernel___dilated____padded____strided__] âœ˜ wrong_answer
2025-08-08 18:54:33,735 - openevolve.evaluator - INFO - Evaluated program 59ecce10-7b38-4c2c-87ce-74dd132213f1 in 3.56s: compiled=1.0000, correctness=0.0000, score=10.0000, stage=wrong_answer, verify_payload={'id': 'level1_81_conv_transposed_2D_asymmetric_input_square_kernel___dilated____padded____strided__', 'result': {'compiled': True, 'correctness': False, 'metadata': {'hardware': 'NVIDIA L20Y', 'device': 'cuda:7', 'runtime_error': 'Traceback (most recent call last):\n  File "/home/lijiaxing/.conda/envs/api/lib/python3.10/site-packages/triton/language/core.py", line 42, in wrapper\n    return fn(*args, **kwargs)\n  File "/home/lijiaxing/.conda/envs/api/lib/python3.10/site-packages/triton/language/core.py", line 2216, in store\n    return _semantic.store(pointer, value, mask, boundary_check, cache_modifier, eviction_policy)\n  File "/home/lijiaxing/.conda/envs/api/lib/python3.10/site-packages/triton/language/semantic.py", line 1292, in store\n    return self._store_legacy(ptr, val, mask, boundary_check, cache, eviction)\n  File "/home/lijiaxing/.conda/envs/api/lib/python3.10/site-packages/triton/language/semantic.py", line 1248, in _store_legacy\n    raise ValueError("Value argument cannot be block type if pointer argument is not a block")\nValueError: Value argument cannot be block type if pointer argument is not a block\n\nThe above exception was the direct cause of the following exception:\n\nTraceback (most recent call last):\n  File "/cpfs01/shared/llm_kernel/hujiakai/KernelLLM/validation_api_server/helpers/evaluations.py", line 720, in run_and_check_correctness\n    output_new = model_new(*inputs)\n  File "/home/lijiaxing/.conda/envs/api/lib/python3.10/site-packages/torch/nn/modules/module.py", line 1773, in _wrapped_call_impl\n    return self._call_impl(*args, **kwargs)\n  File "/home/lijiaxing/.conda/envs/api/lib/python3.10/site-packages/torch/nn/modules/module.py", line 1784, in _call_impl\n    return forward_call(*args, **kwargs)\n  File "/tmp/tmpcbkzztqy.py", line 110, in forward\n    triton_conv_transpose2d[grid](\n  File "/home/lijiaxing/.conda/envs/api/lib/python3.10/site-packages/triton/runtime/jit.py", line 390, in <lambda>\n    return lambda *args, **kwargs: self.run(grid=grid, warmup=False, *args, **kwargs)\n  File "/home/lijiaxing/.conda/envs/api/lib/python3.10/site-packages/triton/runtime/jit.py", line 594, in run\n    kernel = self.compile(src, target=target, options=options.__dict__)\n  File "/home/lijiaxing/.conda/envs/api/lib/python3.10/site-packages/triton/compiler/compiler.py", line 339, in compile\n    module = src.make_ir(options, codegen_fns, module_map, context)\n  File "/home/lijiaxing/.conda/envs/api/lib/python3.10/site-packages/triton/compiler/compiler.py", line 83, in make_ir\n    return ast_to_ttir(self.fn, self, context=context, options=options, codegen_fns=codegen_fns,\ntriton.compiler.errors.CompilationError: at 61:4:\n    if bias_ptr is not None:\n        bias = tl.load(bias_ptr + oc_idx)\n        acc += bias\n\n    # Store result\n    out_offset = (\n        batch_idx * stride_out[0] + \n        oc_idx * stride_out[1] + \n        pid_oh * stride_out[2] + \n        pid_ow * stride_out[3]\n    )\n    tl.store(output_ptr + out_offset, acc)\n    ^\n\n\nThe above exception was the direct cause of the following exception:\n\nTraceback (most recent call last):\n  File "/home/lijiaxing/.conda/envs/api/lib/python3.10/site-packages/triton/language/core.py", line 42, in wrapper\n    return fn(*args, **kwargs)\n  File "/home/lijiaxing/.conda/envs/api/lib/python3.10/site-packages/triton/language/core.py", line 2216, in store\n    return _semantic.store(pointer, value, mask, boundary_check, cache_modifier, eviction_policy)\n  File "/home/lijiaxing/.conda/envs/api/lib/python3.10/site-packages/triton/language/semantic.py", line 1292, in store\n    return self._store_legacy(ptr, val, mask, boundary_check, cache, eviction)\n  File "/home/lijiaxing/.conda/envs/api/lib/python3.10/site-packages/triton/language/semantic.py", line 1248, in _store_legacy\n    raise ValueError("Value argument cannot be block type if pointer argument is not a block")\nValueError: Value argument cannot be block type if pointer argument is not a block\n', 'runtime_error_name': 'triton.compiler.errors.CompilationError', 'reference_timing_ms': 0.06, 'speed_up': -1.0, 'custom_timing': -1.0}, 'runtime': -1.0, 'runtime_stats': {}}}
2025-08-08 18:54:33,738 - openevolve.llm.ensemble - INFO - Sampled model: deepseek
2025-08-08 18:54:33,749 - openevolve.threaded_parallel - INFO - Iteration 17: Program 59ecce10-7b38-4c2c-87ce-74dd132213f1 (parent: 2100e0f9-ea57-4d72-95e9-9aafe10e3ffc) completed in 400.27s
2025-08-08 18:54:33,749 - openevolve.threaded_parallel - INFO - Metrics: compiled=1.0000, correctness=0.0000, score=10.0000, stage=wrong_answer, verify_payload={'id': 'level1_81_conv_transposed_2D_asymmetric_input_square_kernel___dilated____padded____strided__', 'result': {'compiled': True, 'correctness': False, 'metadata': {'hardware': 'NVIDIA L20Y', 'device': 'cuda:7', 'runtime_error': 'Traceback (most recent call last):\n  File "/home/lijiaxing/.conda/envs/api/lib/python3.10/site-packages/triton/language/core.py", line 42, in wrapper\n    return fn(*args, **kwargs)\n  File "/home/lijiaxing/.conda/envs/api/lib/python3.10/site-packages/triton/language/core.py", line 2216, in store\n    return _semantic.store(pointer, value, mask, boundary_check, cache_modifier, eviction_policy)\n  File "/home/lijiaxing/.conda/envs/api/lib/python3.10/site-packages/triton/language/semantic.py", line 1292, in store\n    return self._store_legacy(ptr, val, mask, boundary_check, cache, eviction)\n  File "/home/lijiaxing/.conda/envs/api/lib/python3.10/site-packages/triton/language/semantic.py", line 1248, in _store_legacy\n    raise ValueError("Value argument cannot be block type if pointer argument is not a block")\nValueError: Value argument cannot be block type if pointer argument is not a block\n\nThe above exception was the direct cause of the following exception:\n\nTraceback (most recent call last):\n  File "/cpfs01/shared/llm_kernel/hujiakai/KernelLLM/validation_api_server/helpers/evaluations.py", line 720, in run_and_check_correctness\n    output_new = model_new(*inputs)\n  File "/home/lijiaxing/.conda/envs/api/lib/python3.10/site-packages/torch/nn/modules/module.py", line 1773, in _wrapped_call_impl\n    return self._call_impl(*args, **kwargs)\n  File "/home/lijiaxing/.conda/envs/api/lib/python3.10/site-packages/torch/nn/modules/module.py", line 1784, in _call_impl\n    return forward_call(*args, **kwargs)\n  File "/tmp/tmpcbkzztqy.py", line 110, in forward\n    triton_conv_transpose2d[grid](\n  File "/home/lijiaxing/.conda/envs/api/lib/python3.10/site-packages/triton/runtime/jit.py", line 390, in <lambda>\n    return lambda *args, **kwargs: self.run(grid=grid, warmup=False, *args, **kwargs)\n  File "/home/lijiaxing/.conda/envs/api/lib/python3.10/site-packages/triton/runtime/jit.py", line 594, in run\n    kernel = self.compile(src, target=target, options=options.__dict__)\n  File "/home/lijiaxing/.conda/envs/api/lib/python3.10/site-packages/triton/compiler/compiler.py", line 339, in compile\n    module = src.make_ir(options, codegen_fns, module_map, context)\n  File "/home/lijiaxing/.conda/envs/api/lib/python3.10/site-packages/triton/compiler/compiler.py", line 83, in make_ir\n    return ast_to_ttir(self.fn, self, context=context, options=options, codegen_fns=codegen_fns,\ntriton.compiler.errors.CompilationError: at 61:4:\n    if bias_ptr is not None:\n        bias = tl.load(bias_ptr + oc_idx)\n        acc += bias\n\n    # Store result\n    out_offset = (\n        batch_idx * stride_out[0] + \n        oc_idx * stride_out[1] + \n        pid_oh * stride_out[2] + \n        pid_ow * stride_out[3]\n    )\n    tl.store(output_ptr + out_offset, acc)\n    ^\n\n\nThe above exception was the direct cause of the following exception:\n\nTraceback (most recent call last):\n  File "/home/lijiaxing/.conda/envs/api/lib/python3.10/site-packages/triton/language/core.py", line 42, in wrapper\n    return fn(*args, **kwargs)\n  File "/home/lijiaxing/.conda/envs/api/lib/python3.10/site-packages/triton/language/core.py", line 2216, in store\n    return _semantic.store(pointer, value, mask, boundary_check, cache_modifier, eviction_policy)\n  File "/home/lijiaxing/.conda/envs/api/lib/python3.10/site-packages/triton/language/semantic.py", line 1292, in store\n    return self._store_legacy(ptr, val, mask, boundary_check, cache, eviction)\n  File "/home/lijiaxing/.conda/envs/api/lib/python3.10/site-packages/triton/language/semantic.py", line 1248, in _store_legacy\n    raise ValueError("Value argument cannot be block type if pointer argument is not a block")\nValueError: Value argument cannot be block type if pointer argument is not a block\n', 'runtime_error_name': 'triton.compiler.errors.CompilationError', 'reference_timing_ms': 0.06, 'speed_up': -1.0, 'custom_timing': -1.0}, 'runtime': -1.0, 'runtime_stats': {}}}
2025-08-08 18:59:12,344 - openevolve.RemoteSpeedupEvaluator - INFO - [level1_81_conv_transposed_2D_asymmetric_input_square_kernel___dilated____padded____strided__] triton key words check pass
2025-08-08 18:59:12,345 - openevolve.RemoteSpeedupEvaluator - INFO - [level1_81_conv_transposed_2D_asymmetric_input_square_kernel___dilated____padded____strided__] verify_plus payload: reference_code(1888 chars) + custom_code(7260 chars)
2025-08-08 18:59:23,809 - openevolve.RemoteSpeedupEvaluator - INFO - [level1_81_conv_transposed_2D_asymmetric_input_square_kernel___dilated____padded____strided__] verify_plus request success
2025-08-08 18:59:23,809 - openevolve.RemoteSpeedupEvaluator - INFO - [level1_81_conv_transposed_2D_asymmetric_input_square_kernel___dilated____padded____strided__] verify_plus response: {"id":"level1_81_conv_transposed_2D_asymmetric_input_square_kernel___dilated____padded____strided__","result":{"compiled":true,"correctness":false,"metadata":{"hardware":"NVIDIA L20Y","device":"cuda:0","max_difference":["1.534710","1.517882","1.447722","1.563790","1.688334"],"avg_difference":["0.067282","0.067252","0.067251","0.067246","0.067257"],"correctness_issue":"Output mismatch","correctness_trials":"(0 / 5)","reference_timing_ms":0.06,"speed_up":-1.0,"custom_timing":-1.0},"runtime":-1.0,"runtime_stats":{}}}
2025-08-08 18:59:23,809 - openevolve.RemoteSpeedupEvaluator - INFO - [level1_81_conv_transposed_2D_asymmetric_input_square_kernel___dilated____padded____strided__] âœ˜ wrong_answer
2025-08-08 18:59:23,809 - openevolve.evaluator - INFO - Evaluated program 4aadd0a1-8ddf-46bb-b622-422dc1366a79 in 11.47s: compiled=1.0000, correctness=0.0000, score=10.0000, stage=wrong_answer, verify_payload={'id': 'level1_81_conv_transposed_2D_asymmetric_input_square_kernel___dilated____padded____strided__', 'result': {'compiled': True, 'correctness': False, 'metadata': {'hardware': 'NVIDIA L20Y', 'device': 'cuda:0', 'max_difference': ['1.534710', '1.517882', '1.447722', '1.563790', '1.688334'], 'avg_difference': ['0.067282', '0.067252', '0.067251', '0.067246', '0.067257'], 'correctness_issue': 'Output mismatch', 'correctness_trials': '(0 / 5)', 'reference_timing_ms': 0.06, 'speed_up': -1.0, 'custom_timing': -1.0}, 'runtime': -1.0, 'runtime_stats': {}}}
2025-08-08 18:59:23,813 - openevolve.llm.ensemble - INFO - Sampled model: deepseek
2025-08-08 18:59:23,827 - openevolve.threaded_parallel - INFO - Iteration 16: Program 4aadd0a1-8ddf-46bb-b622-422dc1366a79 (parent: dc48202d-9c74-4338-bbe8-1b1dc79949ce) completed in 711.06s
2025-08-08 18:59:23,827 - openevolve.threaded_parallel - INFO - Metrics: compiled=1.0000, correctness=0.0000, score=10.0000, stage=wrong_answer, verify_payload={'id': 'level1_81_conv_transposed_2D_asymmetric_input_square_kernel___dilated____padded____strided__', 'result': {'compiled': True, 'correctness': False, 'metadata': {'hardware': 'NVIDIA L20Y', 'device': 'cuda:0', 'max_difference': ['1.534710', '1.517882', '1.447722', '1.563790', '1.688334'], 'avg_difference': ['0.067282', '0.067252', '0.067251', '0.067246', '0.067257'], 'correctness_issue': 'Output mismatch', 'correctness_trials': '(0 / 5)', 'reference_timing_ms': 0.06, 'speed_up': -1.0, 'custom_timing': -1.0}, 'runtime': -1.0, 'runtime_stats': {}}}
2025-08-08 18:59:57,885 - openevolve.RemoteSpeedupEvaluator - INFO - [level1_81_conv_transposed_2D_asymmetric_input_square_kernel___dilated____padded____strided__] triton key words check pass
2025-08-08 18:59:57,887 - openevolve.RemoteSpeedupEvaluator - INFO - [level1_81_conv_transposed_2D_asymmetric_input_square_kernel___dilated____padded____strided__] verify_plus payload: reference_code(1888 chars) + custom_code(7452 chars)
2025-08-08 19:00:07,729 - openevolve.RemoteSpeedupEvaluator - INFO - [level1_81_conv_transposed_2D_asymmetric_input_square_kernel___dilated____padded____strided__] verify_plus request success
2025-08-08 19:00:07,729 - openevolve.RemoteSpeedupEvaluator - INFO - [level1_81_conv_transposed_2D_asymmetric_input_square_kernel___dilated____padded____strided__] verify_plus response: {"id":"level1_81_conv_transposed_2D_asymmetric_input_square_kernel___dilated____padded____strided__","result":{"compiled":true,"correctness":false,"metadata":{"hardware":"NVIDIA L20Y","device":"cuda:2","max_difference":["1.534710","1.517882","1.447722","1.563790","1.688334"],"avg_difference":["0.067282","0.067252","0.067251","0.067246","0.067257"],"correctness_issue":"Output mismatch","correctness_trials":"(0 / 5)","reference_timing_ms":0.06,"speed_up":-1.0,"custom_timing":-1.0},"runtime":-1.0,"runtime_stats":{}}}
2025-08-08 19:00:07,729 - openevolve.RemoteSpeedupEvaluator - INFO - [level1_81_conv_transposed_2D_asymmetric_input_square_kernel___dilated____padded____strided__] âœ˜ wrong_answer
2025-08-08 19:00:07,730 - openevolve.evaluator - INFO - Evaluated program e234f7b5-8d52-48ab-ae73-71b8da0447a7 in 9.84s: compiled=1.0000, correctness=0.0000, score=10.0000, stage=wrong_answer, verify_payload={'id': 'level1_81_conv_transposed_2D_asymmetric_input_square_kernel___dilated____padded____strided__', 'result': {'compiled': True, 'correctness': False, 'metadata': {'hardware': 'NVIDIA L20Y', 'device': 'cuda:2', 'max_difference': ['1.534710', '1.517882', '1.447722', '1.563790', '1.688334'], 'avg_difference': ['0.067282', '0.067252', '0.067251', '0.067246', '0.067257'], 'correctness_issue': 'Output mismatch', 'correctness_trials': '(0 / 5)', 'reference_timing_ms': 0.06, 'speed_up': -1.0, 'custom_timing': -1.0}, 'runtime': -1.0, 'runtime_stats': {}}}
2025-08-08 19:00:07,733 - openevolve.llm.ensemble - INFO - Sampled model: deepseek
2025-08-08 19:00:07,746 - openevolve.threaded_parallel - INFO - Iteration 15: Program e234f7b5-8d52-48ab-ae73-71b8da0447a7 (parent: c247eda4-e5f2-4918-b4bf-9c27f0134cf4) completed in 922.82s
2025-08-08 19:00:07,746 - openevolve.threaded_parallel - INFO - Metrics: compiled=1.0000, correctness=0.0000, score=10.0000, stage=wrong_answer, verify_payload={'id': 'level1_81_conv_transposed_2D_asymmetric_input_square_kernel___dilated____padded____strided__', 'result': {'compiled': True, 'correctness': False, 'metadata': {'hardware': 'NVIDIA L20Y', 'device': 'cuda:2', 'max_difference': ['1.534710', '1.517882', '1.447722', '1.563790', '1.688334'], 'avg_difference': ['0.067282', '0.067252', '0.067251', '0.067246', '0.067257'], 'correctness_issue': 'Output mismatch', 'correctness_trials': '(0 / 5)', 'reference_timing_ms': 0.06, 'speed_up': -1.0, 'custom_timing': -1.0}, 'runtime': -1.0, 'runtime_stats': {}}}
2025-08-08 19:00:07,746 - openevolve.threaded_parallel - INFO - Checkpoint interval reached at iteration 15
2025-08-08 19:00:07,749 - openevolve.database - INFO - Island Status:
2025-08-08 19:00:07,749 - openevolve.database - INFO -    Island 0: 8 programs, best=20.0000, avg=-4.8750, diversity=1191.90, gen=6 (best: ec1d7207-3433-4e6e-a2b2-ffab121f2403)
2025-08-08 19:00:07,749 - openevolve.database - INFO -  * Island 1: 6 programs, best=10.0000, avg=10.0000, diversity=248.25, gen=7 (best: a3db071e-13fc-4f6a-aa71-985bf27a6081)
2025-08-08 19:00:07,749 - openevolve.database - INFO -    Island 2: 5 programs, best=10.0000, avg=10.0000, diversity=248.02, gen=5 (best: 8d5ff22a-b872-455f-9238-4a62cfa906de)
2025-08-08 19:00:07,994 - openevolve.database - INFO - Saved database with 19 programs to openevolve_output/level1_81_conv_transposed_2D_asymmetric_input_square_kernel___dilated____padded____strided__/checkpoints/checkpoint_15
2025-08-08 19:00:08,010 - openevolve.controller - INFO - Saved best program at checkpoint 15 with metrics: compiled=1.0000, correctness=1.0000, stage=success, passed=0.0000, score=20.0000, speed_up=0.0000, runtime_ms=590.0000, meta={'hardware': 'NVIDIA L20Y', 'device': 'cuda:2', 'correctness_trials': '(5 / 5)', 'reference_timing_ms': 0.06, 'speed_up': 0.0, 'custom_timing': 590.0}
2025-08-08 19:00:08,010 - openevolve.controller - INFO - Saved checkpoint at iteration 15 to openevolve_output/level1_81_conv_transposed_2D_asymmetric_input_square_kernel___dilated____padded____strided__/checkpoints/checkpoint_15
2025-08-08 19:02:52,941 - openevolve.RemoteSpeedupEvaluator - INFO - [level1_81_conv_transposed_2D_asymmetric_input_square_kernel___dilated____padded____strided__] triton key words check pass
2025-08-08 19:02:52,943 - openevolve.RemoteSpeedupEvaluator - INFO - [level1_81_conv_transposed_2D_asymmetric_input_square_kernel___dilated____padded____strided__] verify_plus payload: reference_code(1888 chars) + custom_code(6699 chars)
2025-08-08 19:02:56,399 - openevolve.RemoteSpeedupEvaluator - INFO - [level1_81_conv_transposed_2D_asymmetric_input_square_kernel___dilated____padded____strided__] verify_plus request success
2025-08-08 19:02:56,399 - openevolve.RemoteSpeedupEvaluator - INFO - [level1_81_conv_transposed_2D_asymmetric_input_square_kernel___dilated____padded____strided__] verify_plus response: {"id":"level1_81_conv_transposed_2D_asymmetric_input_square_kernel___dilated____padded____strided__","result":{"compiled":true,"correctness":false,"metadata":{"hardware":"NVIDIA L20Y","device":"cuda:7","runtime_error":"Traceback (most recent call last):\n  File \"/cpfs01/shared/llm_kernel/hujiakai/KernelLLM/validation_api_server/helpers/evaluations.py\", line 720, in run_and_check_correctness\n    output_new = model_new(*inputs)\n  File \"/home/lijiaxing/.conda/envs/api/lib/python3.10/site-packages/torch/nn/modules/module.py\", line 1773, in _wrapped_call_impl\n    return self._call_impl(*args, **kwargs)\n  File \"/home/lijiaxing/.conda/envs/api/lib/python3.10/site-packages/torch/nn/modules/module.py\", line 1784, in _call_impl\n    return forward_call(*args, **kwargs)\n  File \"/tmp/tmpv4
2025-08-08 19:02:56,400 - openevolve.RemoteSpeedupEvaluator - INFO - [level1_81_conv_transposed_2D_asymmetric_input_square_kernel___dilated____padded____strided__] âœ˜ wrong_answer
2025-08-08 19:02:56,400 - openevolve.evaluator - INFO - Evaluated program 5eef4c98-d222-4a05-853f-9a8958f0dbfe in 3.47s: compiled=1.0000, correctness=0.0000, score=10.0000, stage=wrong_answer, verify_payload={'id': 'level1_81_conv_transposed_2D_asymmetric_input_square_kernel___dilated____padded____strided__', 'result': {'compiled': True, 'correctness': False, 'metadata': {'hardware': 'NVIDIA L20Y', 'device': 'cuda:7', 'runtime_error': 'Traceback (most recent call last):\n  File "/cpfs01/shared/llm_kernel/hujiakai/KernelLLM/validation_api_server/helpers/evaluations.py", line 720, in run_and_check_correctness\n    output_new = model_new(*inputs)\n  File "/home/lijiaxing/.conda/envs/api/lib/python3.10/site-packages/torch/nn/modules/module.py", line 1773, in _wrapped_call_impl\n    return self._call_impl(*args, **kwargs)\n  File "/home/lijiaxing/.conda/envs/api/lib/python3.10/site-packages/torch/nn/modules/module.py", line 1784, in _call_impl\n    return forward_call(*args, **kwargs)\n  File "/tmp/tmpv4v2kac5.py", line 142, in forward\n    self._transposed_conv2d_kernel[grid](\n  File "/home/lijiaxing/.conda/envs/api/lib/python3.10/site-packages/triton/runtime/jit.py", line 390, in <lambda>\n    return lambda *args, **kwargs: self.run(grid=grid, warmup=False, *args, **kwargs)\n  File "/home/lijiaxing/.conda/envs/api/lib/python3.10/site-packages/triton/runtime/jit.py", line 594, in run\n    kernel = self.compile(src, target=target, options=options.__dict__)\n  File "/home/lijiaxing/.conda/envs/api/lib/python3.10/site-packages/triton/compiler/compiler.py", line 339, in compile\n    module = src.make_ir(options, codegen_fns, module_map, context)\n  File "/home/lijiaxing/.conda/envs/api/lib/python3.10/site-packages/triton/compiler/compiler.py", line 83, in make_ir\n    return ast_to_ttir(self.fn, self, context=context, options=options, codegen_fns=codegen_fns,\ntriton.compiler.errors.CompilationError: at 55:20:\n\n            h_in_int = tl.where(cond_h, h_in // stride, -1)\n            w_in_int = tl.where(cond_w, w_in // stride, -1)\n\n            # Loop over input channels in blocks\n            for ic_block in range(0, in_channels, BLOCK_SIZE_IC):\n                ic_offsets = ic_block + tl.arange(0, BLOCK_SIZE_IC)\n                ic_mask = ic_offsets < in_channels\n\n                # Calculate input pointer offsets\n                input_offsets = (\n                    idx_b * (in_channels * height_in * width_in) +\n                    ^\nValueError(\'Cannot make_shape_compatible: incompatible dimensions at index 0: 1024 and 32\')\n\n\nThe above exception was the direct cause of the following exception:\n\nTraceback (most recent call last):\n  File "/home/lijiaxing/.conda/envs/api/lib/python3.10/site-packages/triton/language/core.py", line 42, in wrapper\n    return fn(*args, **kwargs)\n  File "/home/lijiaxing/.conda/envs/api/lib/python3.10/site-packages/triton/language/core.py", line 900, in __add__\n    return add(self, other, sanitize_overflow=True, _semantic=_semantic)\n  File "/home/lijiaxing/.conda/envs/api/lib/python3.10/site-packages/triton/language/core.py", line 42, in wrapper\n    return fn(*args, **kwargs)\n  File "/home/lijiaxing/.conda/envs/api/lib/python3.10/site-packages/triton/language/core.py", line 2468, in add\n    return _semantic.add(x, y, sanitize_overflow)\n  File "/home/lijiaxing/.conda/envs/api/lib/python3.10/site-packages/triton/language/semantic.py", line 226, in add\n    input, other = self.binary_op_type_checking_impl(input, other, True, True)\n  File "/home/lijiaxing/.conda/envs/api/lib/python3.10/site-packages/triton/language/semantic.py", line 203, in binary_op_type_checking_impl\n    lhs, rhs = self.broadcast_impl_value(lhs, rhs)\n  File "/home/lijiaxing/.conda/envs/api/lib/python3.10/site-packages/triton/language/semantic.py", line 749, in broadcast_impl_value\n    raise ValueError("Cannot make_shape_compatible: incompatible dimensions "\nValueError: Cannot make_shape_compatible: incompatible dimensions at index 0: 1024 and 32\n', 'runtime_error_name': 'triton.compiler.errors.CompilationError', 'reference_timing_ms': 0.06, 'speed_up': -1.0, 'custom_timing': -1.0}, 'runtime': -1.0, 'runtime_stats': {}}}
2025-08-08 19:02:56,405 - openevolve.llm.ensemble - INFO - Sampled model: deepseek
2025-08-08 19:02:56,419 - openevolve.threaded_parallel - INFO - Iteration 18: Program 5eef4c98-d222-4a05-853f-9a8958f0dbfe (parent: a3db071e-13fc-4f6a-aa71-985bf27a6081) completed in 502.66s
2025-08-08 19:02:56,420 - openevolve.threaded_parallel - INFO - Metrics: compiled=1.0000, correctness=0.0000, score=10.0000, stage=wrong_answer, verify_payload={'id': 'level1_81_conv_transposed_2D_asymmetric_input_square_kernel___dilated____padded____strided__', 'result': {'compiled': True, 'correctness': False, 'metadata': {'hardware': 'NVIDIA L20Y', 'device': 'cuda:7', 'runtime_error': 'Traceback (most recent call last):\n  File "/cpfs01/shared/llm_kernel/hujiakai/KernelLLM/validation_api_server/helpers/evaluations.py", line 720, in run_and_check_correctness\n    output_new = model_new(*inputs)\n  File "/home/lijiaxing/.conda/envs/api/lib/python3.10/site-packages/torch/nn/modules/module.py", line 1773, in _wrapped_call_impl\n    return self._call_impl(*args, **kwargs)\n  File "/home/lijiaxing/.conda/envs/api/lib/python3.10/site-packages/torch/nn/modules/module.py", line 1784, in _call_impl\n    return forward_call(*args, **kwargs)\n  File "/tmp/tmpv4v2kac5.py", line 142, in forward\n    self._transposed_conv2d_kernel[grid](\n  File "/home/lijiaxing/.conda/envs/api/lib/python3.10/site-packages/triton/runtime/jit.py", line 390, in <lambda>\n    return lambda *args, **kwargs: self.run(grid=grid, warmup=False, *args, **kwargs)\n  File "/home/lijiaxing/.conda/envs/api/lib/python3.10/site-packages/triton/runtime/jit.py", line 594, in run\n    kernel = self.compile(src, target=target, options=options.__dict__)\n  File "/home/lijiaxing/.conda/envs/api/lib/python3.10/site-packages/triton/compiler/compiler.py", line 339, in compile\n    module = src.make_ir(options, codegen_fns, module_map, context)\n  File "/home/lijiaxing/.conda/envs/api/lib/python3.10/site-packages/triton/compiler/compiler.py", line 83, in make_ir\n    return ast_to_ttir(self.fn, self, context=context, options=options, codegen_fns=codegen_fns,\ntriton.compiler.errors.CompilationError: at 55:20:\n\n            h_in_int = tl.where(cond_h, h_in // stride, -1)\n            w_in_int = tl.where(cond_w, w_in // stride, -1)\n\n            # Loop over input channels in blocks\n            for ic_block in range(0, in_channels, BLOCK_SIZE_IC):\n                ic_offsets = ic_block + tl.arange(0, BLOCK_SIZE_IC)\n                ic_mask = ic_offsets < in_channels\n\n                # Calculate input pointer offsets\n                input_offsets = (\n                    idx_b * (in_channels * height_in * width_in) +\n                    ^\nValueError(\'Cannot make_shape_compatible: incompatible dimensions at index 0: 1024 and 32\')\n\n\nThe above exception was the direct cause of the following exception:\n\nTraceback (most recent call last):\n  File "/home/lijiaxing/.conda/envs/api/lib/python3.10/site-packages/triton/language/core.py", line 42, in wrapper\n    return fn(*args, **kwargs)\n  File "/home/lijiaxing/.conda/envs/api/lib/python3.10/site-packages/triton/language/core.py", line 900, in __add__\n    return add(self, other, sanitize_overflow=True, _semantic=_semantic)\n  File "/home/lijiaxing/.conda/envs/api/lib/python3.10/site-packages/triton/language/core.py", line 42, in wrapper\n    return fn(*args, **kwargs)\n  File "/home/lijiaxing/.conda/envs/api/lib/python3.10/site-packages/triton/language/core.py", line 2468, in add\n    return _semantic.add(x, y, sanitize_overflow)\n  File "/home/lijiaxing/.conda/envs/api/lib/python3.10/site-packages/triton/language/semantic.py", line 226, in add\n    input, other = self.binary_op_type_checking_impl(input, other, True, True)\n  File "/home/lijiaxing/.conda/envs/api/lib/python3.10/site-packages/triton/language/semantic.py", line 203, in binary_op_type_checking_impl\n    lhs, rhs = self.broadcast_impl_value(lhs, rhs)\n  File "/home/lijiaxing/.conda/envs/api/lib/python3.10/site-packages/triton/language/semantic.py", line 749, in broadcast_impl_value\n    raise ValueError("Cannot make_shape_compatible: incompatible dimensions "\nValueError: Cannot make_shape_compatible: incompatible dimensions at index 0: 1024 and 32\n', 'runtime_error_name': 'triton.compiler.errors.CompilationError', 'reference_timing_ms': 0.06, 'speed_up': -1.0, 'custom_timing': -1.0}, 'runtime': -1.0, 'runtime_stats': {}}}
2025-08-08 19:02:56,420 - openevolve.threaded_parallel - INFO - Checkpoint interval reached at iteration 18
2025-08-08 19:02:56,422 - openevolve.database - INFO - Island Status:
2025-08-08 19:02:56,422 - openevolve.database - INFO -    Island 0: 8 programs, best=20.0000, avg=-4.8750, diversity=1191.90, gen=6 (best: ec1d7207-3433-4e6e-a2b2-ffab121f2403)
2025-08-08 19:02:56,422 - openevolve.database - INFO -    Island 1: 7 programs, best=10.0000, avg=10.0000, diversity=241.58, gen=7 (best: a3db071e-13fc-4f6a-aa71-985bf27a6081)
2025-08-08 19:02:56,422 - openevolve.database - INFO -  * Island 2: 5 programs, best=10.0000, avg=10.0000, diversity=248.02, gen=6 (best: 8d5ff22a-b872-455f-9238-4a62cfa906de)
2025-08-08 19:02:56,653 - openevolve.database - INFO - Saved database with 20 programs to openevolve_output/level1_81_conv_transposed_2D_asymmetric_input_square_kernel___dilated____padded____strided__/checkpoints/checkpoint_18
2025-08-08 19:02:56,668 - openevolve.controller - INFO - Saved best program at checkpoint 18 with metrics: compiled=1.0000, correctness=1.0000, stage=success, passed=0.0000, score=20.0000, speed_up=0.0000, runtime_ms=590.0000, meta={'hardware': 'NVIDIA L20Y', 'device': 'cuda:2', 'correctness_trials': '(5 / 5)', 'reference_timing_ms': 0.06, 'speed_up': 0.0, 'custom_timing': 590.0}
2025-08-08 19:02:56,668 - openevolve.controller - INFO - Saved checkpoint at iteration 18 to openevolve_output/level1_81_conv_transposed_2D_asymmetric_input_square_kernel___dilated____padded____strided__/checkpoints/checkpoint_18
2025-08-08 19:12:38,112 - openevolve.RemoteSpeedupEvaluator - INFO - [level1_81_conv_transposed_2D_asymmetric_input_square_kernel___dilated____padded____strided__] âœ˜ invalid_answer 'import triton' is not found
2025-08-08 19:12:38,113 - openevolve.RemoteSpeedupEvaluator - INFO - [level1_81_conv_transposed_2D_asymmetric_input_square_kernel___dilated____padded____strided__] triton key words check pass
2025-08-08 19:12:38,114 - openevolve.RemoteSpeedupEvaluator - INFO - [level1_81_conv_transposed_2D_asymmetric_input_square_kernel___dilated____padded____strided__] verify_plus payload: reference_code(1888 chars) + custom_code(4873 chars)
2025-08-08 19:12:38,115 - openevolve.evaluator - INFO - Evaluated program cc089491-8118-4dc7-b175-1c84e3157142 in 0.00s: compiled=0.0000, correctness=0.0000, score=-100.0000, stage=no_valid_triton_code, feedback=You need to generate real and valid triton code for the core function. The key word 'import triton' is not found.
2025-08-08 19:12:38,121 - openevolve.llm.ensemble - INFO - Sampled model: deepseek
2025-08-08 19:12:38,125 - openevolve.threaded_parallel - INFO - Iteration 19: Program cc089491-8118-4dc7-b175-1c84e3157142 (parent: 46d7c4f6-1bcd-46bf-820d-0742dfea7d35) completed in 794.30s
2025-08-08 19:12:38,125 - openevolve.threaded_parallel - INFO - Metrics: compiled=0.0000, correctness=0.0000, score=-100.0000, stage=no_valid_triton_code, feedback=You need to generate real and valid triton code for the core function. The key word 'import triton' is not found.
2025-08-08 19:12:44,574 - openevolve.RemoteSpeedupEvaluator - INFO - [level1_81_conv_transposed_2D_asymmetric_input_square_kernel___dilated____padded____strided__] verify_plus request success
2025-08-08 19:12:44,575 - openevolve.RemoteSpeedupEvaluator - INFO - [level1_81_conv_transposed_2D_asymmetric_input_square_kernel___dilated____padded____strided__] verify_plus response: {"id":"level1_81_conv_transposed_2D_asymmetric_input_square_kernel___dilated____padded____strided__","result":{"compiled":true,"correctness":false,"metadata":{"hardware":"NVIDIA L20Y","device":"cuda:4","runtime_error":"Traceback (most recent call last):\n  File \"/cpfs01/shared/llm_kernel/hujiakai/KernelLLM/validation_api_server/helpers/evaluations.py\", line 720, in run_and_check_correctness\n    output_new = model_new(*inputs)\n  File \"/home/lijiaxing/.conda/envs/api/lib/python3.10/site-packages/torch/nn/modules/module.py\", line 1773, in _wrapped_call_impl\n    return self._call_impl(*args, **kwargs)\n  File \"/home/lijiaxing/.conda/envs/api/lib/python3.10/site-packages/torch/nn/modules/module.py\", line 1784, in _call_impl\n    return forward_call(*args, **kwargs)\n  File \"/tmp/tmpxi
2025-08-08 19:12:44,575 - openevolve.RemoteSpeedupEvaluator - INFO - [level1_81_conv_transposed_2D_asymmetric_input_square_kernel___dilated____padded____strided__] âœ˜ wrong_answer
2025-08-08 19:12:44,575 - openevolve.evaluator - INFO - Evaluated program 7609276e-10f2-4e09-b58d-9ecb618ff29c in 6.46s: compiled=1.0000, correctness=0.0000, score=10.0000, stage=wrong_answer, verify_payload={'id': 'level1_81_conv_transposed_2D_asymmetric_input_square_kernel___dilated____padded____strided__', 'result': {'compiled': True, 'correctness': False, 'metadata': {'hardware': 'NVIDIA L20Y', 'device': 'cuda:4', 'runtime_error': 'Traceback (most recent call last):\n  File "/cpfs01/shared/llm_kernel/hujiakai/KernelLLM/validation_api_server/helpers/evaluations.py", line 720, in run_and_check_correctness\n    output_new = model_new(*inputs)\n  File "/home/lijiaxing/.conda/envs/api/lib/python3.10/site-packages/torch/nn/modules/module.py", line 1773, in _wrapped_call_impl\n    return self._call_impl(*args, **kwargs)\n  File "/home/lijiaxing/.conda/envs/api/lib/python3.10/site-packages/torch/nn/modules/module.py", line 1784, in _call_impl\n    return forward_call(*args, **kwargs)\n  File "/tmp/tmpxiw4yrhx.py", line 112, in forward\n    triton_conv_transpose2d[grid](\n  File "/home/lijiaxing/.conda/envs/api/lib/python3.10/site-packages/triton/runtime/jit.py", line 390, in <lambda>\n    return lambda *args, **kwargs: self.run(grid=grid, warmup=False, *args, **kwargs)\n  File "/home/lijiaxing/.conda/envs/api/lib/python3.10/site-packages/triton/runtime/autotuner.py", line 239, in run\n    benchmark()\n  File "/home/lijiaxing/.conda/envs/api/lib/python3.10/site-packages/triton/runtime/autotuner.py", line 228, in benchmark\n    timings = {config: self._bench(*args, config=config, **kwargs) for config in pruned_configs}\n  File "/home/lijiaxing/.conda/envs/api/lib/python3.10/site-packages/triton/runtime/autotuner.py", line 228, in <dictcomp>\n    timings = {config: self._bench(*args, config=config, **kwargs) for config in pruned_configs}\n  File "/home/lijiaxing/.conda/envs/api/lib/python3.10/site-packages/triton/runtime/autotuner.py", line 135, in _bench\n    raise ValueError(f"Conflicting meta-parameters: {\', \'.join(conflicts)}."\nValueError: Conflicting meta-parameters: BLOCK_IC. Make sure that you don\'t re-define auto-tuned symbols.\n', 'runtime_error_name': 'builtins.ValueError', 'reference_timing_ms': 0.06, 'speed_up': -1.0, 'custom_timing': -1.0}, 'runtime': -1.0, 'runtime_stats': {}}}
2025-08-08 19:12:44,581 - openevolve.llm.ensemble - INFO - Sampled model: deepseek
2025-08-08 19:12:44,597 - openevolve.threaded_parallel - INFO - Iteration 20: Program 7609276e-10f2-4e09-b58d-9ecb618ff29c (parent: 2100e0f9-ea57-4d72-95e9-9aafe10e3ffc) completed in 756.84s
2025-08-08 19:12:44,597 - openevolve.threaded_parallel - INFO - Metrics: compiled=1.0000, correctness=0.0000, score=10.0000, stage=wrong_answer, verify_payload={'id': 'level1_81_conv_transposed_2D_asymmetric_input_square_kernel___dilated____padded____strided__', 'result': {'compiled': True, 'correctness': False, 'metadata': {'hardware': 'NVIDIA L20Y', 'device': 'cuda:4', 'runtime_error': 'Traceback (most recent call last):\n  File "/cpfs01/shared/llm_kernel/hujiakai/KernelLLM/validation_api_server/helpers/evaluations.py", line 720, in run_and_check_correctness\n    output_new = model_new(*inputs)\n  File "/home/lijiaxing/.conda/envs/api/lib/python3.10/site-packages/torch/nn/modules/module.py", line 1773, in _wrapped_call_impl\n    return self._call_impl(*args, **kwargs)\n  File "/home/lijiaxing/.conda/envs/api/lib/python3.10/site-packages/torch/nn/modules/module.py", line 1784, in _call_impl\n    return forward_call(*args, **kwargs)\n  File "/tmp/tmpxiw4yrhx.py", line 112, in forward\n    triton_conv_transpose2d[grid](\n  File "/home/lijiaxing/.conda/envs/api/lib/python3.10/site-packages/triton/runtime/jit.py", line 390, in <lambda>\n    return lambda *args, **kwargs: self.run(grid=grid, warmup=False, *args, **kwargs)\n  File "/home/lijiaxing/.conda/envs/api/lib/python3.10/site-packages/triton/runtime/autotuner.py", line 239, in run\n    benchmark()\n  File "/home/lijiaxing/.conda/envs/api/lib/python3.10/site-packages/triton/runtime/autotuner.py", line 228, in benchmark\n    timings = {config: self._bench(*args, config=config, **kwargs) for config in pruned_configs}\n  File "/home/lijiaxing/.conda/envs/api/lib/python3.10/site-packages/triton/runtime/autotuner.py", line 228, in <dictcomp>\n    timings = {config: self._bench(*args, config=config, **kwargs) for config in pruned_configs}\n  File "/home/lijiaxing/.conda/envs/api/lib/python3.10/site-packages/triton/runtime/autotuner.py", line 135, in _bench\n    raise ValueError(f"Conflicting meta-parameters: {\', \'.join(conflicts)}."\nValueError: Conflicting meta-parameters: BLOCK_IC. Make sure that you don\'t re-define auto-tuned symbols.\n', 'runtime_error_name': 'builtins.ValueError', 'reference_timing_ms': 0.06, 'speed_up': -1.0, 'custom_timing': -1.0}, 'runtime': -1.0, 'runtime_stats': {}}}
2025-08-08 19:14:57,768 - openevolve.RemoteSpeedupEvaluator - INFO - [level1_81_conv_transposed_2D_asymmetric_input_square_kernel___dilated____padded____strided__] triton key words check pass
2025-08-08 19:14:57,770 - openevolve.RemoteSpeedupEvaluator - INFO - [level1_81_conv_transposed_2D_asymmetric_input_square_kernel___dilated____padded____strided__] verify_plus payload: reference_code(1888 chars) + custom_code(7354 chars)
2025-08-08 19:15:13,275 - openevolve.RemoteSpeedupEvaluator - INFO - [level1_81_conv_transposed_2D_asymmetric_input_square_kernel___dilated____padded____strided__] verify_plus request success
2025-08-08 19:15:13,275 - openevolve.RemoteSpeedupEvaluator - INFO - [level1_81_conv_transposed_2D_asymmetric_input_square_kernel___dilated____padded____strided__] verify_plus response: {"id":"level1_81_conv_transposed_2D_asymmetric_input_square_kernel___dilated____padded____strided__","result":{"compiled":true,"correctness":false,"metadata":{"hardware":"NVIDIA L20Y","device":"cuda:5","max_difference":["1.534710","1.517882","1.447722","1.563790","1.688334"],"avg_difference":["0.067282","0.067252","0.067251","0.067246","0.067257"],"correctness_issue":"Output mismatch","correctness_trials":"(0 / 5)","reference_timing_ms":0.06,"speed_up":-1.0,"custom_timing":-1.0},"runtime":-1.0,"runtime_stats":{}}}
2025-08-08 19:15:13,275 - openevolve.RemoteSpeedupEvaluator - INFO - [level1_81_conv_transposed_2D_asymmetric_input_square_kernel___dilated____padded____strided__] âœ˜ wrong_answer
2025-08-08 19:15:13,276 - openevolve.evaluator - INFO - Evaluated program 1bb6cea4-2def-4e53-a560-2c9e7a7156b4 in 15.51s: compiled=1.0000, correctness=0.0000, score=10.0000, stage=wrong_answer, verify_payload={'id': 'level1_81_conv_transposed_2D_asymmetric_input_square_kernel___dilated____padded____strided__', 'result': {'compiled': True, 'correctness': False, 'metadata': {'hardware': 'NVIDIA L20Y', 'device': 'cuda:5', 'max_difference': ['1.534710', '1.517882', '1.447722', '1.563790', '1.688334'], 'avg_difference': ['0.067282', '0.067252', '0.067251', '0.067246', '0.067257'], 'correctness_issue': 'Output mismatch', 'correctness_trials': '(0 / 5)', 'reference_timing_ms': 0.06, 'speed_up': -1.0, 'custom_timing': -1.0}, 'runtime': -1.0, 'runtime_stats': {}}}
2025-08-08 19:15:13,280 - openevolve.llm.ensemble - INFO - Sampled model: deepseek
2025-08-08 19:15:13,290 - openevolve.threaded_parallel - INFO - Iteration 21: Program 1bb6cea4-2def-4e53-a560-2c9e7a7156b4 (parent: a3db071e-13fc-4f6a-aa71-985bf27a6081) completed in 736.87s
2025-08-08 19:15:13,290 - openevolve.threaded_parallel - INFO - Metrics: compiled=1.0000, correctness=0.0000, score=10.0000, stage=wrong_answer, verify_payload={'id': 'level1_81_conv_transposed_2D_asymmetric_input_square_kernel___dilated____padded____strided__', 'result': {'compiled': True, 'correctness': False, 'metadata': {'hardware': 'NVIDIA L20Y', 'device': 'cuda:5', 'max_difference': ['1.534710', '1.517882', '1.447722', '1.563790', '1.688334'], 'avg_difference': ['0.067282', '0.067252', '0.067251', '0.067246', '0.067257'], 'correctness_issue': 'Output mismatch', 'correctness_trials': '(0 / 5)', 'reference_timing_ms': 0.06, 'speed_up': -1.0, 'custom_timing': -1.0}, 'runtime': -1.0, 'runtime_stats': {}}}
2025-08-08 19:15:13,291 - openevolve.threaded_parallel - INFO - Checkpoint interval reached at iteration 21
2025-08-08 19:15:13,293 - openevolve.database - INFO - Island Status:
2025-08-08 19:15:13,293 - openevolve.database - INFO -    Island 0: 9 programs, best=20.0000, avg=-3.2222, diversity=1191.90, gen=7 (best: ec1d7207-3433-4e6e-a2b2-ffab121f2403)
2025-08-08 19:15:13,293 - openevolve.database - INFO -    Island 1: 8 programs, best=10.0000, avg=10.0000, diversity=366.93, gen=8 (best: a3db071e-13fc-4f6a-aa71-985bf27a6081)
2025-08-08 19:15:13,293 - openevolve.database - INFO -  * Island 2: 6 programs, best=10.0000, avg=-8.3333, diversity=502.42, gen=7 (best: 8d5ff22a-b872-455f-9238-4a62cfa906de)
2025-08-08 19:15:13,545 - openevolve.database - INFO - Saved database with 23 programs to openevolve_output/level1_81_conv_transposed_2D_asymmetric_input_square_kernel___dilated____padded____strided__/checkpoints/checkpoint_21
2025-08-08 19:15:13,559 - openevolve.controller - INFO - Saved best program at checkpoint 21 with metrics: compiled=1.0000, correctness=1.0000, stage=success, passed=0.0000, score=20.0000, speed_up=0.0000, runtime_ms=590.0000, meta={'hardware': 'NVIDIA L20Y', 'device': 'cuda:2', 'correctness_trials': '(5 / 5)', 'reference_timing_ms': 0.06, 'speed_up': 0.0, 'custom_timing': 590.0}
2025-08-08 19:15:13,559 - openevolve.controller - INFO - Saved checkpoint at iteration 21 to openevolve_output/level1_81_conv_transposed_2D_asymmetric_input_square_kernel___dilated____padded____strided__/checkpoints/checkpoint_21
