{"id": "d7caa045-dc31-4d0b-90c9-6729a6caa029", "code": "@triton.jit\ndef fused_activation_kernel(\n    x_ptr,\n    output_ptr,\n    scaling_factor,\n    n_elements,\n    BLOCK_SIZE: tl.constexpr,\n):\n    pid = tl.program_id(axis=0)\n    block_start = pid * BLOCK_SIZE\n    offsets = block_start + tl.arange(0, BLOCK_SIZE)\n    mask = offsets < n_elements\n    \n    x = tl.load(x_ptr + offsets, mask=mask)\n    sigmoid_x = tl.sigmoid(x)\n    result = x + scaling_factor * sigmoid_x\n    tl.store(output_ptr + offsets, result, mask=mask)", "language": "python", "parent_id": "859ecfe0-43f3-45c6-ad0c-01edc667683a", "generation": 3, "timestamp": 1754581714.2988627, "iteration_found": 28, "metrics": {"compiled": false, "correctness": false, "score": -100.0, "stage": "no_valid_triton_code", "feedback": "You need to generate real and valid triton code for the core function. The key word 'import triton' is not found."}, "complexity": 0.0, "diversity": 0.0, "metadata": {"changes": "Full rewrite", "parent_metrics": {"compiled": true, "correctness": false, "score": 10, "stage": "wrong_answer", "verify_payload": {"id": "level2_70_Gemm_Sigmoid_Scaling_ResidualAdd", "result": {"compiled": true, "correctness": false, "metadata": {"hardware": "NVIDIA L20Y", "device": "cuda:1", "runtime_error": "Traceback (most recent call last):\n  File \"/home/lijiaxing/.conda/envs/api/lib/python3.10/site-packages/triton/language/core.py\", line 42, in wrapper\n    return fn(*args, **kwargs)\nTypeError: arange() got multiple values for argument '_semantic'\n\nThe above exception was the direct cause of the following exception:\n\nTraceback (most recent call last):\n  File \"/cpfs01/shared/llm_kernel/hujiakai/KernelLLM/validation_api_server/helpers/evaluations.py\", line 720, in run_and_check_correctness\n    output_new = model_new(*inputs)\n  File \"/home/lijiaxing/.conda/envs/api/lib/python3.10/site-packages/torch/nn/modules/module.py\", line 1773, in _wrapped_call_impl\n    return self._call_impl(*args, **kwargs)\n  File \"/home/lijiaxing/.conda/envs/api/lib/python3.10/site-packages/torch/nn/modules/module.py\", line 1784, in _call_impl\n    return forward_call(*args, **kwargs)\n  File \"/tmp/tmps42gbpfy.py\", line 51, in forward\n    fused_sigmoid_residual[grid](\n  File \"/home/lijiaxing/.conda/envs/api/lib/python3.10/site-packages/triton/runtime/jit.py\", line 390, in <lambda>\n    return lambda *args, **kwargs: self.run(grid=grid, warmup=False, *args, **kwargs)\n  File \"/home/lijiaxing/.conda/envs/api/lib/python3.10/site-packages/triton/runtime/jit.py\", line 594, in run\n    kernel = self.compile(src, target=target, options=options.__dict__)\n  File \"/home/lijiaxing/.conda/envs/api/lib/python3.10/site-packages/triton/compiler/compiler.py\", line 339, in compile\n    module = src.make_ir(options, codegen_fns, module_map, context)\n  File \"/home/lijiaxing/.conda/envs/api/lib/python3.10/site-packages/triton/compiler/compiler.py\", line 83, in make_ir\n    return ast_to_ttir(self.fn, self, context=context, options=options, codegen_fns=codegen_fns,\ntriton.compiler.errors.CompilationError: at 11:28:\ndef fused_sigmoid_residual(\n    x_ptr,\n    output_ptr,\n    scaling_factor,\n    n_elements,\n    BLOCK_SIZE: tl.constexpr,\n):\n    VEC_SIZE = 16  # Vector size for coalesced memory access\n    pid = tl.program_id(axis=0)\n    block_start = pid * BLOCK_SIZE\n    offsets = block_start + tl.arange(0, BLOCK_SIZE, VEC_SIZE)\n                            ^\n\n\nThe above exception was the direct cause of the following exception:\n\nTraceback (most recent call last):\n  File \"/home/lijiaxing/.conda/envs/api/lib/python3.10/site-packages/triton/language/core.py\", line 42, in wrapper\n    return fn(*args, **kwargs)\nTypeError: arange() got multiple values for argument '_semantic'\n", "runtime_error_name": "triton.compiler.errors.CompilationError", "reference_timing_ms": 0.0561, "speed_up": -1.0, "custom_timing": -1.0}, "runtime": -1.0, "runtime_stats": {}}}}, "island": 2}, "artifacts_json": null, "artifact_dir": null}