{
  "id": "1d858fac-af57-493b-ab76-e304fcb6dec9",
  "generation": 1,
  "iteration": 0,
  "current_iteration": 0,
  "metrics": {
    "compiled": true,
    "correctness": false,
    "score": 10,
    "stage": "wrong_answer",
    "verify_payload": {
      "id": "level2_42_ConvTranspose2d_GlobalAvgPool_BiasAdd_LogSumExp_Sum_Multiply",
      "result": {
        "compiled": true,
        "correctness": false,
        "metadata": {
          "hardware": "NVIDIA L20Y",
          "device": "cuda:4",
          "runtime_error": "Traceback (most recent call last):\n  File \"/home/lijiaxing/.conda/envs/api/lib/python3.10/site-packages/triton/language/core.py\", line 42, in wrapper\n    return fn(*args, **kwargs)\n  File \"/home/lijiaxing/.conda/envs/api/lib/python3.10/site-packages/triton/language/core.py\", line 1693, in full\n    shape = _shape_check_impl(shape)\n  File \"/home/lijiaxing/.conda/envs/api/lib/python3.10/site-packages/triton/language/core.py\", line 1677, in _shape_check_impl\n    validate_block_shape(shape)\n  File \"/home/lijiaxing/.conda/envs/api/lib/python3.10/site-packages/triton/_utils.py\", line 50, in validate_block_shape\n    raise TypeError(f\"Shape element {i} must have type `constexpr[int]`, got `constexpr[{type(d)}]\")\nTypeError: Shape element 0 must have type `constexpr[int]`, got `constexpr[<class 'triton.language.core.tensor'>]\n\nThe above exception was the direct cause of the following exception:\n\ntriton.compiler.errors.CompilationError: at 10:11:\ndef zeros(shape, dtype):\n    \"\"\"\n    Returns a tensor filled with the scalar value 0 for the given :code:`shape` and :code:`dtype`.\n\n    :param shape: Shape of the new array, e.g., (8, 16) or (8, )\n    :type shape: tuple of ints\n    :param dtype: Data-type of the new array, e.g., :code:`tl.float16`\n    :type dtype: DType\n    \"\"\"\n    return core.full(shape, 0, dtype)\n           ^\n\nThe above exception was the direct cause of the following exception:\n\nTraceback (most recent call last):\n  File \"/cpfs01/shared/llm_kernel/hujiakai/KernelLLM/validation_api_server/helpers/evaluations.py\", line 720, in run_and_check_correctness\n    output_new = model_new(*inputs)\n  File \"/home/lijiaxing/.conda/envs/api/lib/python3.10/site-packages/torch/nn/modules/module.py\", line 1773, in _wrapped_call_impl\n    return self._call_impl(*args, **kwargs)\n  File \"/home/lijiaxing/.conda/envs/api/lib/python3.10/site-packages/torch/nn/modules/module.py\", line 1784, in _call_impl\n    return forward_call(*args, **kwargs)\n  File \"/tmp/tmpn_murloh.py\", line 96, in forward\n    fused_operation_kernel[grid](\n  File \"/home/lijiaxing/.conda/envs/api/lib/python3.10/site-packages/triton/runtime/jit.py\", line 390, in <lambda>\n    return lambda *args, **kwargs: self.run(grid=grid, warmup=False, *args, **kwargs)\n  File \"/home/lijiaxing/.conda/envs/api/lib/python3.10/site-packages/triton/runtime/jit.py\", line 594, in run\n    kernel = self.compile(src, target=target, options=options.__dict__)\n  File \"/home/lijiaxing/.conda/envs/api/lib/python3.10/site-packages/triton/compiler/compiler.py\", line 339, in compile\n    module = src.make_ir(options, codegen_fns, module_map, context)\n  File \"/home/lijiaxing/.conda/envs/api/lib/python3.10/site-packages/triton/compiler/compiler.py\", line 83, in make_ir\n    return ast_to_ttir(self.fn, self, context=context, options=options, codegen_fns=codegen_fns,\ntriton.compiler.errors.CompilationError: at 23:19:\n    # Stride information\n    stride_conv_b, stride_conv_c, stride_conv_h, stride_conv_w,\n    # Blocking\n    BLOCK_SIZE: tl.constexpr,\n    REDUCE_BLOCK: tl.constexpr,\n):\n    # Batch index\n    pid_batch = tl.program_id(0)\n\n    # Channel and spatial reduction\n    spatial_size = height * width\n    channel_vals = tl.zeros((channels,), dtype=tl.float32)\n                   ^\n\n\nThe above exception was the direct cause of the following exception:\n\nTraceback (most recent call last):\n  File \"/home/lijiaxing/.conda/envs/api/lib/python3.10/site-packages/triton/language/core.py\", line 42, in wrapper\n    return fn(*args, **kwargs)\n  File \"/home/lijiaxing/.conda/envs/api/lib/python3.10/site-packages/triton/language/core.py\", line 1693, in full\n    shape = _shape_check_impl(shape)\n  File \"/home/lijiaxing/.conda/envs/api/lib/python3.10/site-packages/triton/language/core.py\", line 1677, in _shape_check_impl\n    validate_block_shape(shape)\n  File \"/home/lijiaxing/.conda/envs/api/lib/python3.10/site-packages/triton/_utils.py\", line 50, in validate_block_shape\n    raise TypeError(f\"Shape element {i} must have type `constexpr[int]`, got `constexpr[{type(d)}]\")\nTypeError: Shape element 0 must have type `constexpr[int]`, got `constexpr[<class 'triton.language.core.tensor'>]\n\nThe above exception was the direct cause of the following exception:\n\ntriton.compiler.errors.CompilationError: at 10:11:\ndef zeros(shape, dtype):\n    \"\"\"\n    Returns a tensor filled with the scalar value 0 for the given :code:`shape` and :code:`dtype`.\n\n    :param shape: Shape of the new array, e.g., (8, 16) or (8, )\n    :type shape: tuple of ints\n    :param dtype: Data-type of the new array, e.g., :code:`tl.float16`\n    :type dtype: DType\n    \"\"\"\n    return core.full(shape, 0, dtype)\n           ^\n\n\nThe above exception was the direct cause of the following exception:\n\nTraceback (most recent call last):\n  File \"/home/lijiaxing/.conda/envs/api/lib/python3.10/site-packages/triton/language/core.py\", line 42, in wrapper\n    return fn(*args, **kwargs)\n  File \"/home/lijiaxing/.conda/envs/api/lib/python3.10/site-packages/triton/language/core.py\", line 1693, in full\n    shape = _shape_check_impl(shape)\n  File \"/home/lijiaxing/.conda/envs/api/lib/python3.10/site-packages/triton/language/core.py\", line 1677, in _shape_check_impl\n    validate_block_shape(shape)\n  File \"/home/lijiaxing/.conda/envs/api/lib/python3.10/site-packages/triton/_utils.py\", line 50, in validate_block_shape\n    raise TypeError(f\"Shape element {i} must have type `constexpr[int]`, got `constexpr[{type(d)}]\")\nTypeError: Shape element 0 must have type `constexpr[int]`, got `constexpr[<class 'triton.language.core.tensor'>]\n",
          "runtime_error_name": "triton.compiler.errors.CompilationError",
          "reference_timing_ms": 0.173,
          "speed_up": -1.0,
          "custom_timing": -1.0
        },
        "runtime": -1.0,
        "runtime_stats": {}
      }
    }
  },
  "language": "python",
  "timestamp": 1754573128.8800743,
  "saved_at": 1754573128.9358063
}