2025-08-12 16:41:05,894 - openevolve.controller - INFO - Logging to openevolve_output/level1_97_CosineSimilarityLoss/logs/openevolve_20250812_164105.log
2025-08-12 16:41:05,894 - openevolve.controller - INFO - Set random seed to 42 for reproducibility
2025-08-12 16:41:05,935 - openevolve.llm.ensemble - INFO - Initialized LLM ensemble with models: deepseek (weight: 0.80), deepseek (weight: 0.20)
2025-08-12 16:41:05,975 - openevolve.llm.ensemble - INFO - Initialized LLM ensemble with models: deepseek (weight: 0.80), deepseek (weight: 0.20)
2025-08-12 16:41:05,975 - openevolve.prompt.sampler - INFO - Set custom templates: system=evaluator_system_message, user=None
2025-08-12 16:41:05,976 - openevolve.database - INFO - Initialized program database with 0 programs
2025-08-12 16:41:05,999 - openevolve.evaluator - INFO - Successfully loaded evaluation function from openevolve_output/level1_97_CosineSimilarityLoss/evaluation.py
2025-08-12 16:41:05,999 - openevolve.evaluator - INFO - Initialized evaluator with openevolve_output/level1_97_CosineSimilarityLoss/evaluation.py
2025-08-12 16:41:05,999 - openevolve.controller - INFO - Initialized OpenEvolve with /tmp/2c5930d614f78128bb6b3857a61efc78.py
2025-08-12 16:41:05,999 - openevolve.controller - INFO - Adding initial program to database
2025-08-12 16:41:06,000 - openevolve.RemoteSpeedupEvaluator - INFO - [level1_97_CosineSimilarityLoss] verify_plus payload: reference_code(612 chars) + custom_code(736 chars)
2025-08-12 16:41:08,578 - openevolve.RemoteSpeedupEvaluator - INFO - [level1_97_CosineSimilarityLoss] verify_plus request success
2025-08-12 16:41:08,578 - openevolve.RemoteSpeedupEvaluator - INFO - [level1_97_CosineSimilarityLoss] verify_plus response: {"id":"level1_97_CosineSimilarityLoss","result":{"compiled":true,"correctness":true,"metadata":{"hardware":"NVIDIA L20Y","device":"cuda:3","correctness_trials":"(5 / 5)","reference_timing_ms":0.082,"speed_up":1.025,"custom_timing":0.08},"runtime":0.08,"runtime_stats":{"mean":0.08,"std":0.00507,"min":0.0751,"max":0.111,"num_trials":100,"hardware":"NVIDIA L20Y","device":"cuda:3"}}}
2025-08-12 16:41:08,579 - openevolve.evaluator - INFO - Evaluated program 015ee8d7-0b28-423a-af57-f624e3812359 in 2.58s: compiled=1.0000, correctness=1.0000, stage=reference code, passed=0.0000, score=0.0000, speed_up=1.0000, runtime_ms=0.0800, meta={'hardware': 'NVIDIA L20Y', 'device': 'cuda:3', 'correctness_trials': '(5 / 5)', 'reference_timing_ms': 0.082, 'speed_up': 1.025, 'custom_timing': 0.08}
2025-08-12 16:41:08,579 - openevolve.database - INFO - New MAP-Elites cell occupied: {'score': 0, 'complexity': 0}
2025-08-12 16:41:08,597 - openevolve.threaded_parallel - INFO - Initializing threaded evaluation pool with 3 workers
2025-08-12 16:41:08,598 - openevolve.threaded_parallel - INFO - Started thread pool with 3 threads
2025-08-12 16:41:08,598 - openevolve.threaded_parallel - INFO - Started improved parallel controller
2025-08-12 16:41:08,598 - openevolve.controller - INFO - Using island-based evolution with 3 islands
2025-08-12 16:41:08,598 - openevolve.database - INFO - Island Status:
2025-08-12 16:41:08,598 - openevolve.database - INFO -  * Island 0: 1 programs, best=0.0000, avg=0.0000, diversity=0.00, gen=0 (best: 015ee8d7-0b28-423a-af57-f624e3812359)
2025-08-12 16:41:08,598 - openevolve.database - INFO -    Island 1: 0 programs, best=0.0000, avg=0.0000, diversity=0.00, gen=0
2025-08-12 16:41:08,598 - openevolve.database - INFO -    Island 2: 0 programs, best=0.0000, avg=0.0000, diversity=0.00, gen=0
2025-08-12 16:41:08,598 - openevolve.threaded_parallel - INFO - Starting improved parallel evolution from iteration 0 for 30 iterations (total: 30)
2025-08-12 16:41:08,854 - openevolve.llm.ensemble - INFO - Initialized LLM ensemble with models: deepseek (weight: 0.80), deepseek (weight: 0.20)
2025-08-12 16:41:08,855 - openevolve.llm.ensemble - INFO - Initialized LLM ensemble with models: deepseek (weight: 0.80), deepseek (weight: 0.20)
2025-08-12 16:41:08,856 - openevolve.llm.ensemble - INFO - Initialized LLM ensemble with models: deepseek (weight: 0.80), deepseek (weight: 0.20)
2025-08-12 16:41:09,111 - openevolve.llm.ensemble - INFO - Initialized LLM ensemble with models: deepseek (weight: 0.80), deepseek (weight: 0.20)
2025-08-12 16:41:09,111 - openevolve.prompt.sampler - INFO - Set custom templates: system=evaluator_system_message, user=None
2025-08-12 16:41:09,113 - openevolve.evaluator - INFO - Successfully loaded evaluation function from openevolve_output/level1_97_CosineSimilarityLoss/evaluation.py
2025-08-12 16:41:09,113 - openevolve.evaluator - INFO - Initialized evaluator with openevolve_output/level1_97_CosineSimilarityLoss/evaluation.py
2025-08-12 16:41:09,115 - openevolve.llm.ensemble - INFO - Sampled model: deepseek
2025-08-12 16:41:09,116 - openevolve.llm.ensemble - INFO - Initialized LLM ensemble with models: deepseek (weight: 0.80), deepseek (weight: 0.20)
2025-08-12 16:41:09,116 - openevolve.prompt.sampler - INFO - Set custom templates: system=evaluator_system_message, user=None
2025-08-12 16:41:09,116 - openevolve.llm.ensemble - INFO - Initialized LLM ensemble with models: deepseek (weight: 0.80), deepseek (weight: 0.20)
2025-08-12 16:41:09,117 - openevolve.prompt.sampler - INFO - Set custom templates: system=evaluator_system_message, user=None
2025-08-12 16:41:09,119 - openevolve.evaluator - INFO - Successfully loaded evaluation function from openevolve_output/level1_97_CosineSimilarityLoss/evaluation.py
2025-08-12 16:41:09,119 - openevolve.evaluator - INFO - Initialized evaluator with openevolve_output/level1_97_CosineSimilarityLoss/evaluation.py
2025-08-12 16:41:09,120 - openevolve.evaluator - INFO - Successfully loaded evaluation function from openevolve_output/level1_97_CosineSimilarityLoss/evaluation.py
2025-08-12 16:41:09,120 - openevolve.evaluator - INFO - Initialized evaluator with openevolve_output/level1_97_CosineSimilarityLoss/evaluation.py
2025-08-12 16:41:09,121 - openevolve.llm.ensemble - INFO - Sampled model: deepseek
2025-08-12 16:41:09,121 - openevolve.llm.ensemble - INFO - Sampled model: deepseek
2025-08-12 16:55:48,665 - openevolve.RemoteSpeedupEvaluator - INFO - [level1_97_CosineSimilarityLoss] triton key words check pass
2025-08-12 16:55:48,665 - openevolve.RemoteSpeedupEvaluator - INFO - [level1_97_CosineSimilarityLoss] verify_plus payload: reference_code(612 chars) + custom_code(2129 chars)
2025-08-12 16:55:52,169 - openevolve.RemoteSpeedupEvaluator - INFO - [level1_97_CosineSimilarityLoss] verify_plus request success
2025-08-12 16:55:52,169 - openevolve.RemoteSpeedupEvaluator - INFO - [level1_97_CosineSimilarityLoss] verify_plus response: {"id":"level1_97_CosineSimilarityLoss","result":{"compiled":true,"correctness":true,"metadata":{"hardware":"NVIDIA L20Y","device":"cuda:4","correctness_trials":"(5 / 5)","reference_timing_ms":0.082,"speed_up":1.577,"custom_timing":0.052},"runtime":0.052,"runtime_stats":{"mean":0.052,"std":0.00576,"min":0.048,"max":0.0895,"num_trials":100,"hardware":"NVIDIA L20Y","device":"cuda:4"}}}
2025-08-12 16:55:52,170 - openevolve.RemoteSpeedupEvaluator - INFO - [level1_97_CosineSimilarityLoss] âœ” success | speed_up=1.577  score=77.70
2025-08-12 16:55:52,170 - openevolve.evaluator - INFO - Evaluated program 7ea980e4-73b4-46f4-9317-1e3822ac8388 in 3.51s: compiled=1.0000, correctness=1.0000, stage=success, passed=1.0000, score=77.7000, speed_up=1.5770, runtime_ms=0.0520, meta={'hardware': 'NVIDIA L20Y', 'device': 'cuda:4', 'correctness_trials': '(5 / 5)', 'reference_timing_ms': 0.082, 'speed_up': 1.577, 'custom_timing': 0.052}
2025-08-12 16:55:52,172 - openevolve.llm.ensemble - INFO - Sampled model: deepseek
2025-08-12 16:55:52,178 - openevolve.database - INFO - New MAP-Elites cell occupied: {'score': 9, 'complexity': 9}
2025-08-12 16:55:52,178 - openevolve.database - INFO - New best program 7ea980e4-73b4-46f4-9317-1e3822ac8388 replaces 015ee8d7-0b28-423a-af57-f624e3812359
2025-08-12 16:55:52,184 - openevolve.threaded_parallel - INFO - Iteration 1: Program 7ea980e4-73b4-46f4-9317-1e3822ac8388 (parent: 015ee8d7-0b28-423a-af57-f624e3812359) completed in 883.05s
2025-08-12 16:55:52,184 - openevolve.threaded_parallel - INFO - Metrics: compiled=1.0000, correctness=1.0000, stage=success, passed=1.0000, score=77.7000, speed_up=1.5770, runtime_ms=0.0520, meta={'hardware': 'NVIDIA L20Y', 'device': 'cuda:4', 'correctness_trials': '(5 / 5)', 'reference_timing_ms': 0.082, 'speed_up': 1.577, 'custom_timing': 0.052}
2025-08-12 16:55:52,184 - openevolve.threaded_parallel - INFO - ðŸŒŸ New best solution found at iteration 1: 7ea980e4-73b4-46f4-9317-1e3822ac8388
2025-08-12 16:59:12,765 - openevolve.RemoteSpeedupEvaluator - INFO - [level1_97_CosineSimilarityLoss] triton key words check pass
2025-08-12 16:59:12,766 - openevolve.RemoteSpeedupEvaluator - INFO - [level1_97_CosineSimilarityLoss] verify_plus payload: reference_code(612 chars) + custom_code(2342 chars)
2025-08-12 16:59:16,282 - openevolve.RemoteSpeedupEvaluator - INFO - [level1_97_CosineSimilarityLoss] verify_plus request success
2025-08-12 16:59:16,282 - openevolve.RemoteSpeedupEvaluator - INFO - [level1_97_CosineSimilarityLoss] verify_plus response: {"id":"level1_97_CosineSimilarityLoss","result":{"compiled":true,"correctness":true,"metadata":{"hardware":"NVIDIA L20Y","device":"cuda:1","correctness_trials":"(5 / 5)","reference_timing_ms":0.082,"speed_up":1.541,"custom_timing":0.0532},"runtime":0.0532,"runtime_stats":{"mean":0.0532,"std":0.00205,"min":0.0505,"max":0.066,"num_trials":100,"hardware":"NVIDIA L20Y","device":"cuda:1"}}}
2025-08-12 16:59:16,282 - openevolve.RemoteSpeedupEvaluator - INFO - [level1_97_CosineSimilarityLoss] âœ” success | speed_up=1.541  score=74.10
2025-08-12 16:59:16,283 - openevolve.evaluator - INFO - Evaluated program 4653f1d5-3d26-4df3-8767-d9c775ace8ad in 3.52s: compiled=1.0000, correctness=1.0000, stage=success, passed=1.0000, score=74.1000, speed_up=1.5410, runtime_ms=0.0532, meta={'hardware': 'NVIDIA L20Y', 'device': 'cuda:1', 'correctness_trials': '(5 / 5)', 'reference_timing_ms': 0.082, 'speed_up': 1.541, 'custom_timing': 0.0532}
2025-08-12 16:59:16,285 - openevolve.llm.ensemble - INFO - Sampled model: deepseek
2025-08-12 16:59:16,327 - openevolve.threaded_parallel - INFO - Iteration 2: Program 4653f1d5-3d26-4df3-8767-d9c775ace8ad (parent: 015ee8d7-0b28-423a-af57-f624e3812359) completed in 1087.16s
2025-08-12 16:59:16,327 - openevolve.threaded_parallel - INFO - Metrics: compiled=1.0000, correctness=1.0000, stage=success, passed=1.0000, score=74.1000, speed_up=1.5410, runtime_ms=0.0532, meta={'hardware': 'NVIDIA L20Y', 'device': 'cuda:1', 'correctness_trials': '(5 / 5)', 'reference_timing_ms': 0.082, 'speed_up': 1.541, 'custom_timing': 0.0532}
2025-08-12 17:00:11,573 - openevolve.RemoteSpeedupEvaluator - INFO - [level1_97_CosineSimilarityLoss] triton key words check pass
2025-08-12 17:00:11,573 - openevolve.RemoteSpeedupEvaluator - INFO - [level1_97_CosineSimilarityLoss] verify_plus payload: reference_code(612 chars) + custom_code(2146 chars)
2025-08-12 17:00:25,864 - openevolve.RemoteSpeedupEvaluator - INFO - [level1_97_CosineSimilarityLoss] verify_plus request success
2025-08-12 17:00:25,864 - openevolve.RemoteSpeedupEvaluator - INFO - [level1_97_CosineSimilarityLoss] verify_plus response: {"id":"level1_97_CosineSimilarityLoss","result":{"compiled":true,"correctness":true,"metadata":{"hardware":"NVIDIA L20Y","device":"cuda:3","correctness_trials":"(5 / 5)","reference_timing_ms":0.082,"speed_up":1.47,"custom_timing":0.0558},"runtime":0.0558,"runtime_stats":{"mean":0.0558,"std":0.00296,"min":0.052,"max":0.0732,"num_trials":100,"hardware":"NVIDIA L20Y","device":"cuda:3"}}}
2025-08-12 17:00:25,864 - openevolve.RemoteSpeedupEvaluator - INFO - [level1_97_CosineSimilarityLoss] âœ” success | speed_up=1.470  score=67.00
2025-08-12 17:00:25,865 - openevolve.evaluator - INFO - Evaluated program 2b9d9045-c7fd-48c2-acc7-794a114a32bc in 14.29s: compiled=1.0000, correctness=1.0000, stage=success, passed=1.0000, score=67.0000, speed_up=1.4700, runtime_ms=0.0558, meta={'hardware': 'NVIDIA L20Y', 'device': 'cuda:3', 'correctness_trials': '(5 / 5)', 'reference_timing_ms': 0.082, 'speed_up': 1.47, 'custom_timing': 0.0558}
2025-08-12 17:00:25,867 - openevolve.llm.ensemble - INFO - Sampled model: deepseek
2025-08-12 17:00:25,868 - openevolve.database - INFO - New MAP-Elites cell occupied: {'score': 9, 'complexity': 8}
2025-08-12 17:00:25,874 - openevolve.threaded_parallel - INFO - Iteration 0: Program 2b9d9045-c7fd-48c2-acc7-794a114a32bc (parent: 015ee8d7-0b28-423a-af57-f624e3812359) completed in 1156.74s
2025-08-12 17:00:25,874 - openevolve.threaded_parallel - INFO - Metrics: compiled=1.0000, correctness=1.0000, stage=success, passed=1.0000, score=67.0000, speed_up=1.4700, runtime_ms=0.0558, meta={'hardware': 'NVIDIA L20Y', 'device': 'cuda:3', 'correctness_trials': '(5 / 5)', 'reference_timing_ms': 0.082, 'speed_up': 1.47, 'custom_timing': 0.0558}
2025-08-12 17:00:25,874 - openevolve.threaded_parallel - INFO - Checkpoint interval reached at iteration 0
2025-08-12 17:00:25,874 - openevolve.database - INFO - Island Status:
2025-08-12 17:00:25,875 - openevolve.database - INFO -    Island 0: 3 programs, best=77.7000, avg=50.6000, diversity=444.60, gen=1 (best: 7ea980e4-73b4-46f4-9317-1e3822ac8388)
2025-08-12 17:00:25,875 - openevolve.database - INFO -  * Island 1: 1 programs, best=67.0000, avg=67.0000, diversity=0.00, gen=2 (best: 2b9d9045-c7fd-48c2-acc7-794a114a32bc)
2025-08-12 17:00:25,875 - openevolve.database - INFO -    Island 2: 0 programs, best=0.0000, avg=0.0000, diversity=0.00, gen=0
2025-08-12 17:00:25,933 - openevolve.database - INFO - Saved database with 4 programs to openevolve_output/level1_97_CosineSimilarityLoss/checkpoints/checkpoint_0
2025-08-12 17:00:25,943 - openevolve.controller - INFO - Saved best program at checkpoint 0 with metrics: compiled=1.0000, correctness=1.0000, stage=success, passed=1.0000, score=77.7000, speed_up=1.5770, runtime_ms=0.0520, meta={'hardware': 'NVIDIA L20Y', 'device': 'cuda:4', 'correctness_trials': '(5 / 5)', 'reference_timing_ms': 0.082, 'speed_up': 1.577, 'custom_timing': 0.052}
2025-08-12 17:00:25,943 - openevolve.controller - INFO - Saved checkpoint at iteration 0 to openevolve_output/level1_97_CosineSimilarityLoss/checkpoints/checkpoint_0
2025-08-12 17:05:27,183 - openevolve.RemoteSpeedupEvaluator - INFO - [level1_97_CosineSimilarityLoss] triton key words check pass
2025-08-12 17:05:27,184 - openevolve.RemoteSpeedupEvaluator - INFO - [level1_97_CosineSimilarityLoss] verify_plus payload: reference_code(612 chars) + custom_code(2129 chars)
2025-08-12 17:05:30,357 - openevolve.RemoteSpeedupEvaluator - INFO - [level1_97_CosineSimilarityLoss] verify_plus request success
2025-08-12 17:05:30,358 - openevolve.RemoteSpeedupEvaluator - INFO - [level1_97_CosineSimilarityLoss] verify_plus response: {"id":"level1_97_CosineSimilarityLoss","result":{"compiled":true,"correctness":true,"metadata":{"hardware":"NVIDIA L20Y","device":"cuda:5","correctness_trials":"(5 / 5)","reference_timing_ms":0.082,"speed_up":1.519,"custom_timing":0.054},"runtime":0.054,"runtime_stats":{"mean":0.054,"std":0.00284,"min":0.0507,"max":0.0691,"num_trials":100,"hardware":"NVIDIA L20Y","device":"cuda:5"}}}
2025-08-12 17:05:30,358 - openevolve.RemoteSpeedupEvaluator - INFO - [level1_97_CosineSimilarityLoss] âœ” success | speed_up=1.519  score=71.90
2025-08-12 17:05:30,358 - openevolve.evaluator - INFO - Evaluated program a8b1e54c-bcbe-40b3-9a04-fee1c8a7d99d in 3.18s: compiled=1.0000, correctness=1.0000, stage=success, passed=1.0000, score=71.9000, speed_up=1.5190, runtime_ms=0.0540, meta={'hardware': 'NVIDIA L20Y', 'device': 'cuda:5', 'correctness_trials': '(5 / 5)', 'reference_timing_ms': 0.082, 'speed_up': 1.519, 'custom_timing': 0.054}
2025-08-12 17:05:30,363 - openevolve.llm.ensemble - INFO - Sampled model: deepseek
2025-08-12 17:05:30,366 - openevolve.database - INFO - MAP-Elites cell improved: {'score': 9, 'complexity': 8} (fitness: 67.000 -> 71.900)
2025-08-12 17:05:30,372 - openevolve.threaded_parallel - INFO - Iteration 5: Program a8b1e54c-bcbe-40b3-9a04-fee1c8a7d99d (parent: 015ee8d7-0b28-423a-af57-f624e3812359) completed in 304.49s
2025-08-12 17:05:30,372 - openevolve.threaded_parallel - INFO - Metrics: compiled=1.0000, correctness=1.0000, stage=success, passed=1.0000, score=71.9000, speed_up=1.5190, runtime_ms=0.0540, meta={'hardware': 'NVIDIA L20Y', 'device': 'cuda:5', 'correctness_trials': '(5 / 5)', 'reference_timing_ms': 0.082, 'speed_up': 1.519, 'custom_timing': 0.054}
2025-08-12 17:06:44,288 - openevolve.RemoteSpeedupEvaluator - INFO - [level1_97_CosineSimilarityLoss] triton key words check pass
2025-08-12 17:06:44,289 - openevolve.RemoteSpeedupEvaluator - INFO - [level1_97_CosineSimilarityLoss] verify_plus payload: reference_code(612 chars) + custom_code(2249 chars)
2025-08-12 17:06:46,874 - openevolve.RemoteSpeedupEvaluator - INFO - [level1_97_CosineSimilarityLoss] verify_plus request success
2025-08-12 17:06:46,875 - openevolve.RemoteSpeedupEvaluator - INFO - [level1_97_CosineSimilarityLoss] verify_plus response: {"id":"level1_97_CosineSimilarityLoss","result":{"compiled":true,"correctness":false,"metadata":{"hardware":"NVIDIA L20Y","device":"cuda:6","runtime_error":"Traceback (most recent call last):\n  File \"/cpfs01/shared/llm_kernel/hujiakai/KernelLLM/validation_api_server/helpers/evaluations.py\", line 720, in run_and_check_correctness\n    output_new = model_new(*inputs)\n  File \"/home/lijiaxing/.conda/envs/api/lib/python3.10/site-packages/torch/nn/modules/module.py\", line 1773, in _wrapped_call_impl\n    return self._call_impl(*args, **kwargs)\n  File \"/home/lijiaxing/.conda/envs/api/lib/python3.10/site-packages/torch/nn/modules/module.py\", line 1784, in _call_impl\n    return forward_call(*args, **kwargs)\n  File \"/tmp/tmpsnvxi2vp.py\", line 59, in forward\n    _cosine_similarity_loss_
2025-08-12 17:06:46,875 - openevolve.RemoteSpeedupEvaluator - INFO - [level1_97_CosineSimilarityLoss] âœ˜ wrong_answer
2025-08-12 17:06:46,875 - openevolve.evaluator - INFO - Evaluated program 230297b0-a03a-42c8-83ab-06af793ab2de in 2.59s: compiled=1.0000, correctness=0.0000, score=10.0000, stage=wrong_answer, verify_payload={'id': 'level1_97_CosineSimilarityLoss', 'result': {'compiled': True, 'correctness': False, 'metadata': {'hardware': 'NVIDIA L20Y', 'device': 'cuda:6', 'runtime_error': 'Traceback (most recent call last):\n  File "/cpfs01/shared/llm_kernel/hujiakai/KernelLLM/validation_api_server/helpers/evaluations.py", line 720, in run_and_check_correctness\n    output_new = model_new(*inputs)\n  File "/home/lijiaxing/.conda/envs/api/lib/python3.10/site-packages/torch/nn/modules/module.py", line 1773, in _wrapped_call_impl\n    return self._call_impl(*args, **kwargs)\n  File "/home/lijiaxing/.conda/envs/api/lib/python3.10/site-packages/torch/nn/modules/module.py", line 1784, in _call_impl\n    return forward_call(*args, **kwargs)\n  File "/tmp/tmpsnvxi2vp.py", line 59, in forward\n    _cosine_similarity_loss_rowwise[grid](\n  File "/home/lijiaxing/.conda/envs/api/lib/python3.10/site-packages/triton/runtime/jit.py", line 390, in <lambda>\n    return lambda *args, **kwargs: self.run(grid=grid, warmup=False, *args, **kwargs)\n  File "/home/lijiaxing/.conda/envs/api/lib/python3.10/site-packages/triton/runtime/autotuner.py", line 239, in run\n    benchmark()\n  File "/home/lijiaxing/.conda/envs/api/lib/python3.10/site-packages/triton/runtime/autotuner.py", line 228, in benchmark\n    timings = {config: self._bench(*args, config=config, **kwargs) for config in pruned_configs}\n  File "/home/lijiaxing/.conda/envs/api/lib/python3.10/site-packages/triton/runtime/autotuner.py", line 228, in <dictcomp>\n    timings = {config: self._bench(*args, config=config, **kwargs) for config in pruned_configs}\n  File "/home/lijiaxing/.conda/envs/api/lib/python3.10/site-packages/triton/runtime/autotuner.py", line 135, in _bench\n    raise ValueError(f"Conflicting meta-parameters: {\', \'.join(conflicts)}."\nValueError: Conflicting meta-parameters: BLOCK_SIZE. Make sure that you don\'t re-define auto-tuned symbols.\n', 'runtime_error_name': 'builtins.ValueError', 'reference_timing_ms': 0.082, 'speed_up': -1.0, 'custom_timing': -1.0}, 'runtime': -1.0, 'runtime_stats': {}}}
2025-08-12 17:06:46,877 - openevolve.llm.ensemble - INFO - Sampled model: deepseek
2025-08-12 17:06:46,890 - openevolve.threaded_parallel - INFO - Iteration 3: Program 230297b0-a03a-42c8-83ab-06af793ab2de (parent: 015ee8d7-0b28-423a-af57-f624e3812359) completed in 654.70s
2025-08-12 17:06:46,890 - openevolve.threaded_parallel - INFO - Metrics: compiled=1.0000, correctness=0.0000, score=10.0000, stage=wrong_answer, verify_payload={'id': 'level1_97_CosineSimilarityLoss', 'result': {'compiled': True, 'correctness': False, 'metadata': {'hardware': 'NVIDIA L20Y', 'device': 'cuda:6', 'runtime_error': 'Traceback (most recent call last):\n  File "/cpfs01/shared/llm_kernel/hujiakai/KernelLLM/validation_api_server/helpers/evaluations.py", line 720, in run_and_check_correctness\n    output_new = model_new(*inputs)\n  File "/home/lijiaxing/.conda/envs/api/lib/python3.10/site-packages/torch/nn/modules/module.py", line 1773, in _wrapped_call_impl\n    return self._call_impl(*args, **kwargs)\n  File "/home/lijiaxing/.conda/envs/api/lib/python3.10/site-packages/torch/nn/modules/module.py", line 1784, in _call_impl\n    return forward_call(*args, **kwargs)\n  File "/tmp/tmpsnvxi2vp.py", line 59, in forward\n    _cosine_similarity_loss_rowwise[grid](\n  File "/home/lijiaxing/.conda/envs/api/lib/python3.10/site-packages/triton/runtime/jit.py", line 390, in <lambda>\n    return lambda *args, **kwargs: self.run(grid=grid, warmup=False, *args, **kwargs)\n  File "/home/lijiaxing/.conda/envs/api/lib/python3.10/site-packages/triton/runtime/autotuner.py", line 239, in run\n    benchmark()\n  File "/home/lijiaxing/.conda/envs/api/lib/python3.10/site-packages/triton/runtime/autotuner.py", line 228, in benchmark\n    timings = {config: self._bench(*args, config=config, **kwargs) for config in pruned_configs}\n  File "/home/lijiaxing/.conda/envs/api/lib/python3.10/site-packages/triton/runtime/autotuner.py", line 228, in <dictcomp>\n    timings = {config: self._bench(*args, config=config, **kwargs) for config in pruned_configs}\n  File "/home/lijiaxing/.conda/envs/api/lib/python3.10/site-packages/triton/runtime/autotuner.py", line 135, in _bench\n    raise ValueError(f"Conflicting meta-parameters: {\', \'.join(conflicts)}."\nValueError: Conflicting meta-parameters: BLOCK_SIZE. Make sure that you don\'t re-define auto-tuned symbols.\n', 'runtime_error_name': 'builtins.ValueError', 'reference_timing_ms': 0.082, 'speed_up': -1.0, 'custom_timing': -1.0}, 'runtime': -1.0, 'runtime_stats': {}}}
2025-08-12 17:06:46,890 - openevolve.threaded_parallel - INFO - Checkpoint interval reached at iteration 3
2025-08-12 17:06:46,890 - openevolve.database - INFO - Island Status:
2025-08-12 17:06:46,890 - openevolve.database - INFO -  * Island 0: 3 programs, best=77.7000, avg=50.6000, diversity=444.60, gen=2 (best: 7ea980e4-73b4-46f4-9317-1e3822ac8388)
2025-08-12 17:06:46,891 - openevolve.database - INFO -    Island 1: 2 programs, best=71.9000, avg=69.4500, diversity=43.20, gen=2 (best: a8b1e54c-bcbe-40b3-9a04-fee1c8a7d99d)
2025-08-12 17:06:46,891 - openevolve.database - INFO -    Island 2: 2 programs, best=77.7000, avg=43.8500, diversity=55.00, gen=1 (best: 230297b0-a03a-42c8-83ab-06af793ab2de)
2025-08-12 17:06:46,959 - openevolve.database - INFO - Saved database with 6 programs to openevolve_output/level1_97_CosineSimilarityLoss/checkpoints/checkpoint_3
2025-08-12 17:06:46,969 - openevolve.controller - INFO - Saved best program at checkpoint 3 with metrics: compiled=1.0000, correctness=1.0000, stage=success, passed=1.0000, score=77.7000, speed_up=1.5770, runtime_ms=0.0520, meta={'hardware': 'NVIDIA L20Y', 'device': 'cuda:4', 'correctness_trials': '(5 / 5)', 'reference_timing_ms': 0.082, 'speed_up': 1.577, 'custom_timing': 0.052}
2025-08-12 17:06:46,969 - openevolve.controller - INFO - Saved checkpoint at iteration 3 to openevolve_output/level1_97_CosineSimilarityLoss/checkpoints/checkpoint_3
2025-08-12 17:13:43,062 - openevolve.RemoteSpeedupEvaluator - INFO - [level1_97_CosineSimilarityLoss] triton key words check pass
2025-08-12 17:13:43,063 - openevolve.RemoteSpeedupEvaluator - INFO - [level1_97_CosineSimilarityLoss] verify_plus payload: reference_code(612 chars) + custom_code(2030 chars)
2025-08-12 17:13:46,173 - openevolve.RemoteSpeedupEvaluator - INFO - [level1_97_CosineSimilarityLoss] verify_plus request success
2025-08-12 17:13:46,173 - openevolve.RemoteSpeedupEvaluator - INFO - [level1_97_CosineSimilarityLoss] verify_plus response: {"id":"level1_97_CosineSimilarityLoss","result":{"compiled":true,"correctness":true,"metadata":{"hardware":"NVIDIA L20Y","device":"cuda:5","correctness_trials":"(5 / 5)","reference_timing_ms":0.082,"speed_up":1.538,"custom_timing":0.0533},"runtime":0.0533,"runtime_stats":{"mean":0.0533,"std":0.00269,"min":0.0502,"max":0.071,"num_trials":100,"hardware":"NVIDIA L20Y","device":"cuda:5"}}}
2025-08-12 17:13:46,174 - openevolve.RemoteSpeedupEvaluator - INFO - [level1_97_CosineSimilarityLoss] âœ” success | speed_up=1.538  score=73.80
2025-08-12 17:13:46,174 - openevolve.evaluator - INFO - Evaluated program ed99e35e-50fd-422a-8ffa-424df9221f0b in 3.11s: compiled=1.0000, correctness=1.0000, stage=success, passed=1.0000, score=73.8000, speed_up=1.5380, runtime_ms=0.0533, meta={'hardware': 'NVIDIA L20Y', 'device': 'cuda:5', 'correctness_trials': '(5 / 5)', 'reference_timing_ms': 0.082, 'speed_up': 1.538, 'custom_timing': 0.0533}
2025-08-12 17:13:46,179 - openevolve.llm.ensemble - INFO - Sampled model: deepseek
2025-08-12 17:13:46,185 - openevolve.database - INFO - MAP-Elites cell improved: {'score': 9, 'complexity': 8} (fitness: 71.900 -> 73.800)
2025-08-12 17:13:46,191 - openevolve.threaded_parallel - INFO - Iteration 4: Program ed99e35e-50fd-422a-8ffa-424df9221f0b (parent: 7ea980e4-73b4-46f4-9317-1e3822ac8388) completed in 869.89s
2025-08-12 17:13:46,191 - openevolve.threaded_parallel - INFO - Metrics: compiled=1.0000, correctness=1.0000, stage=success, passed=1.0000, score=73.8000, speed_up=1.5380, runtime_ms=0.0533, meta={'hardware': 'NVIDIA L20Y', 'device': 'cuda:5', 'correctness_trials': '(5 / 5)', 'reference_timing_ms': 0.082, 'speed_up': 1.538, 'custom_timing': 0.0533}
2025-08-12 17:15:05,773 - openevolve.RemoteSpeedupEvaluator - INFO - [level1_97_CosineSimilarityLoss] âœ˜ invalid_answer 'import triton' is not found
2025-08-12 17:15:05,773 - openevolve.evaluator - INFO - Evaluated program c59a9349-3c1c-4db1-8036-5d4508720ab9 in 0.00s: compiled=0.0000, correctness=0.0000, score=-100.0000, stage=no_valid_triton_code, feedback=You need to generate real and valid triton code for the core function. The key word 'import triton' is not found.
2025-08-12 17:15:05,777 - openevolve.llm.ensemble - INFO - Sampled model: deepseek
2025-08-12 17:15:05,779 - openevolve.database - INFO - New MAP-Elites cell occupied: {'score': -1000, 'complexity': 2}
2025-08-12 17:15:05,785 - openevolve.threaded_parallel - INFO - Iteration 6: Program c59a9349-3c1c-4db1-8036-5d4508720ab9 (parent: 2b9d9045-c7fd-48c2-acc7-794a114a32bc) completed in 575.41s
2025-08-12 17:15:05,785 - openevolve.threaded_parallel - INFO - Metrics: compiled=0.0000, correctness=0.0000, score=-100.0000, stage=no_valid_triton_code, feedback=You need to generate real and valid triton code for the core function. The key word 'import triton' is not found.
2025-08-12 17:15:05,785 - openevolve.threaded_parallel - INFO - Checkpoint interval reached at iteration 6
2025-08-12 17:15:05,786 - openevolve.database - INFO - Island Status:
2025-08-12 17:15:05,786 - openevolve.database - INFO -    Island 0: 4 programs, best=77.7000, avg=56.4000, diversity=336.77, gen=2 (best: 7ea980e4-73b4-46f4-9317-1e3822ac8388)
2025-08-12 17:15:05,786 - openevolve.database - INFO -    Island 1: 3 programs, best=71.9000, avg=12.9667, diversity=439.47, gen=3 (best: a8b1e54c-bcbe-40b3-9a04-fee1c8a7d99d)
2025-08-12 17:15:05,786 - openevolve.database - INFO -  * Island 2: 2 programs, best=77.7000, avg=43.8500, diversity=55.00, gen=2 (best: 230297b0-a03a-42c8-83ab-06af793ab2de)
2025-08-12 17:15:05,882 - openevolve.database - INFO - Saved database with 8 programs to openevolve_output/level1_97_CosineSimilarityLoss/checkpoints/checkpoint_6
2025-08-12 17:15:05,892 - openevolve.controller - INFO - Saved best program at checkpoint 6 with metrics: compiled=1.0000, correctness=1.0000, stage=success, passed=1.0000, score=77.7000, speed_up=1.5770, runtime_ms=0.0520, meta={'hardware': 'NVIDIA L20Y', 'device': 'cuda:4', 'correctness_trials': '(5 / 5)', 'reference_timing_ms': 0.082, 'speed_up': 1.577, 'custom_timing': 0.052}
2025-08-12 17:15:05,892 - openevolve.controller - INFO - Saved checkpoint at iteration 6 to openevolve_output/level1_97_CosineSimilarityLoss/checkpoints/checkpoint_6
2025-08-12 17:17:21,327 - openevolve.RemoteSpeedupEvaluator - INFO - [level1_97_CosineSimilarityLoss] triton key words check pass
2025-08-12 17:17:21,328 - openevolve.RemoteSpeedupEvaluator - INFO - [level1_97_CosineSimilarityLoss] verify_plus payload: reference_code(612 chars) + custom_code(2141 chars)
2025-08-12 17:17:24,405 - openevolve.RemoteSpeedupEvaluator - INFO - [level1_97_CosineSimilarityLoss] verify_plus request success
2025-08-12 17:17:24,405 - openevolve.RemoteSpeedupEvaluator - INFO - [level1_97_CosineSimilarityLoss] verify_plus response: {"id":"level1_97_CosineSimilarityLoss","result":{"compiled":true,"correctness":true,"metadata":{"hardware":"NVIDIA L20Y","device":"cuda:1","correctness_trials":"(5 / 5)","reference_timing_ms":0.082,"speed_up":1.507,"custom_timing":0.0544},"runtime":0.0544,"runtime_stats":{"mean":0.0544,"std":0.00312,"min":0.0509,"max":0.074,"num_trials":100,"hardware":"NVIDIA L20Y","device":"cuda:1"}}}
2025-08-12 17:17:24,406 - openevolve.RemoteSpeedupEvaluator - INFO - [level1_97_CosineSimilarityLoss] âœ” success | speed_up=1.507  score=70.70
2025-08-12 17:17:24,406 - openevolve.evaluator - INFO - Evaluated program f2a533af-7651-4f62-b28e-66bb97c95f75 in 3.08s: compiled=1.0000, correctness=1.0000, stage=success, passed=1.0000, score=70.7000, speed_up=1.5070, runtime_ms=0.0544, meta={'hardware': 'NVIDIA L20Y', 'device': 'cuda:1', 'correctness_trials': '(5 / 5)', 'reference_timing_ms': 0.082, 'speed_up': 1.507, 'custom_timing': 0.0544}
2025-08-12 17:17:24,409 - openevolve.llm.ensemble - INFO - Sampled model: deepseek
2025-08-12 17:17:24,417 - openevolve.threaded_parallel - INFO - Iteration 8: Program f2a533af-7651-4f62-b28e-66bb97c95f75 (parent: 4653f1d5-3d26-4df3-8767-d9c775ace8ad) completed in 218.23s
2025-08-12 17:17:24,417 - openevolve.threaded_parallel - INFO - Metrics: compiled=1.0000, correctness=1.0000, stage=success, passed=1.0000, score=70.7000, speed_up=1.5070, runtime_ms=0.0544, meta={'hardware': 'NVIDIA L20Y', 'device': 'cuda:1', 'correctness_trials': '(5 / 5)', 'reference_timing_ms': 0.082, 'speed_up': 1.507, 'custom_timing': 0.0544}
2025-08-12 17:22:24,319 - openevolve.RemoteSpeedupEvaluator - INFO - [level1_97_CosineSimilarityLoss] triton key words check pass
2025-08-12 17:22:24,320 - openevolve.RemoteSpeedupEvaluator - INFO - [level1_97_CosineSimilarityLoss] verify_plus payload: reference_code(612 chars) + custom_code(2574 chars)
2025-08-12 17:22:26,774 - openevolve.RemoteSpeedupEvaluator - INFO - [level1_97_CosineSimilarityLoss] verify_plus request success
2025-08-12 17:22:26,775 - openevolve.RemoteSpeedupEvaluator - INFO - [level1_97_CosineSimilarityLoss] verify_plus response: {"id":"level1_97_CosineSimilarityLoss","result":{"compiled":true,"correctness":false,"metadata":{"hardware":"NVIDIA L20Y","device":"cuda:2","runtime_error":"Traceback (most recent call last):\n  File \"/cpfs01/shared/llm_kernel/hujiakai/KernelLLM/validation_api_server/helpers/evaluations.py\", line 720, in run_and_check_correctness\n    output_new = model_new(*inputs)\n  File \"/home/lijiaxing/.conda/envs/api/lib/python3.10/site-packages/torch/nn/modules/module.py\", line 1773, in _wrapped_call_impl\n    return self._call_impl(*args, **kwargs)\n  File \"/home/lijiaxing/.conda/envs/api/lib/python3.10/site-packages/torch/nn/modules/module.py\", line 1784, in _call_impl\n    return forward_call(*args, **kwargs)\n  File \"/tmp/tmpjn2xyeaf.py\", line 66, in forward\n    cosine_similarity_kernel
2025-08-12 17:22:26,775 - openevolve.RemoteSpeedupEvaluator - INFO - [level1_97_CosineSimilarityLoss] âœ˜ wrong_answer
2025-08-12 17:22:26,775 - openevolve.evaluator - INFO - Evaluated program 572c0ee7-364d-4aaa-8e26-bd4963a26e88 in 2.46s: compiled=1.0000, correctness=0.0000, score=10.0000, stage=wrong_answer, verify_payload={'id': 'level1_97_CosineSimilarityLoss', 'result': {'compiled': True, 'correctness': False, 'metadata': {'hardware': 'NVIDIA L20Y', 'device': 'cuda:2', 'runtime_error': 'Traceback (most recent call last):\n  File "/cpfs01/shared/llm_kernel/hujiakai/KernelLLM/validation_api_server/helpers/evaluations.py", line 720, in run_and_check_correctness\n    output_new = model_new(*inputs)\n  File "/home/lijiaxing/.conda/envs/api/lib/python3.10/site-packages/torch/nn/modules/module.py", line 1773, in _wrapped_call_impl\n    return self._call_impl(*args, **kwargs)\n  File "/home/lijiaxing/.conda/envs/api/lib/python3.10/site-packages/torch/nn/modules/module.py", line 1784, in _call_impl\n    return forward_call(*args, **kwargs)\n  File "/tmp/tmpjn2xyeaf.py", line 66, in forward\n    cosine_similarity_kernel[grid](\n  File "/home/lijiaxing/.conda/envs/api/lib/python3.10/site-packages/triton/runtime/jit.py", line 390, in <lambda>\n    return lambda *args, **kwargs: self.run(grid=grid, warmup=False, *args, **kwargs)\n  File "/home/lijiaxing/.conda/envs/api/lib/python3.10/site-packages/triton/runtime/autotuner.py", line 239, in run\n    benchmark()\n  File "/home/lijiaxing/.conda/envs/api/lib/python3.10/site-packages/triton/runtime/autotuner.py", line 228, in benchmark\n    timings = {config: self._bench(*args, config=config, **kwargs) for config in pruned_configs}\n  File "/home/lijiaxing/.conda/envs/api/lib/python3.10/site-packages/triton/runtime/autotuner.py", line 228, in <dictcomp>\n    timings = {config: self._bench(*args, config=config, **kwargs) for config in pruned_configs}\n  File "/home/lijiaxing/.conda/envs/api/lib/python3.10/site-packages/triton/runtime/autotuner.py", line 135, in _bench\n    raise ValueError(f"Conflicting meta-parameters: {\', \'.join(conflicts)}."\nValueError: Conflicting meta-parameters: BLOCK_SIZE. Make sure that you don\'t re-define auto-tuned symbols.\n', 'runtime_error_name': 'builtins.ValueError', 'reference_timing_ms': 0.082, 'speed_up': -1.0, 'custom_timing': -1.0}, 'runtime': -1.0, 'runtime_stats': {}}}
2025-08-12 17:22:26,779 - openevolve.llm.ensemble - INFO - Sampled model: deepseek
2025-08-12 17:22:26,790 - openevolve.threaded_parallel - INFO - Iteration 7: Program 572c0ee7-364d-4aaa-8e26-bd4963a26e88 (parent: 7ea980e4-73b4-46f4-9317-1e3822ac8388) completed in 939.90s
2025-08-12 17:22:26,790 - openevolve.threaded_parallel - INFO - Metrics: compiled=1.0000, correctness=0.0000, score=10.0000, stage=wrong_answer, verify_payload={'id': 'level1_97_CosineSimilarityLoss', 'result': {'compiled': True, 'correctness': False, 'metadata': {'hardware': 'NVIDIA L20Y', 'device': 'cuda:2', 'runtime_error': 'Traceback (most recent call last):\n  File "/cpfs01/shared/llm_kernel/hujiakai/KernelLLM/validation_api_server/helpers/evaluations.py", line 720, in run_and_check_correctness\n    output_new = model_new(*inputs)\n  File "/home/lijiaxing/.conda/envs/api/lib/python3.10/site-packages/torch/nn/modules/module.py", line 1773, in _wrapped_call_impl\n    return self._call_impl(*args, **kwargs)\n  File "/home/lijiaxing/.conda/envs/api/lib/python3.10/site-packages/torch/nn/modules/module.py", line 1784, in _call_impl\n    return forward_call(*args, **kwargs)\n  File "/tmp/tmpjn2xyeaf.py", line 66, in forward\n    cosine_similarity_kernel[grid](\n  File "/home/lijiaxing/.conda/envs/api/lib/python3.10/site-packages/triton/runtime/jit.py", line 390, in <lambda>\n    return lambda *args, **kwargs: self.run(grid=grid, warmup=False, *args, **kwargs)\n  File "/home/lijiaxing/.conda/envs/api/lib/python3.10/site-packages/triton/runtime/autotuner.py", line 239, in run\n    benchmark()\n  File "/home/lijiaxing/.conda/envs/api/lib/python3.10/site-packages/triton/runtime/autotuner.py", line 228, in benchmark\n    timings = {config: self._bench(*args, config=config, **kwargs) for config in pruned_configs}\n  File "/home/lijiaxing/.conda/envs/api/lib/python3.10/site-packages/triton/runtime/autotuner.py", line 228, in <dictcomp>\n    timings = {config: self._bench(*args, config=config, **kwargs) for config in pruned_configs}\n  File "/home/lijiaxing/.conda/envs/api/lib/python3.10/site-packages/triton/runtime/autotuner.py", line 135, in _bench\n    raise ValueError(f"Conflicting meta-parameters: {\', \'.join(conflicts)}."\nValueError: Conflicting meta-parameters: BLOCK_SIZE. Make sure that you don\'t re-define auto-tuned symbols.\n', 'runtime_error_name': 'builtins.ValueError', 'reference_timing_ms': 0.082, 'speed_up': -1.0, 'custom_timing': -1.0}, 'runtime': -1.0, 'runtime_stats': {}}}
2025-08-12 17:26:25,358 - openevolve.RemoteSpeedupEvaluator - INFO - [level1_97_CosineSimilarityLoss] âœ˜ invalid_answer 'import triton' is not found
2025-08-12 17:26:25,360 - openevolve.evaluator - INFO - Evaluated program 14e9faf2-6bcc-4d23-a5c9-3e83ee946dc8 in 0.00s: compiled=0.0000, correctness=0.0000, score=-100.0000, stage=no_valid_triton_code, feedback=You need to generate real and valid triton code for the core function. The key word 'import triton' is not found.
2025-08-12 17:26:25,363 - openevolve.llm.ensemble - INFO - Sampled model: deepseek
2025-08-12 17:26:25,366 - openevolve.database - INFO - New MAP-Elites cell occupied: {'score': -1000, 'complexity': 1}
2025-08-12 17:26:25,374 - openevolve.threaded_parallel - INFO - Iteration 9: Program 14e9faf2-6bcc-4d23-a5c9-3e83ee946dc8 (parent: 2b9d9045-c7fd-48c2-acc7-794a114a32bc) completed in 679.58s
2025-08-12 17:26:25,374 - openevolve.threaded_parallel - INFO - Metrics: compiled=0.0000, correctness=0.0000, score=-100.0000, stage=no_valid_triton_code, feedback=You need to generate real and valid triton code for the core function. The key word 'import triton' is not found.
2025-08-12 17:26:25,374 - openevolve.threaded_parallel - INFO - Checkpoint interval reached at iteration 9
2025-08-12 17:26:25,375 - openevolve.database - INFO - Island Status:
2025-08-12 17:26:25,375 - openevolve.database - INFO -    Island 0: 5 programs, best=77.7000, avg=47.1200, diversity=447.88, gen=3 (best: 7ea980e4-73b4-46f4-9317-1e3822ac8388)
2025-08-12 17:26:25,375 - openevolve.database - INFO -    Island 1: 4 programs, best=71.9000, avg=-15.2750, diversity=412.72, gen=4 (best: a8b1e54c-bcbe-40b3-9a04-fee1c8a7d99d)
2025-08-12 17:26:25,375 - openevolve.database - INFO -  * Island 2: 3 programs, best=77.7000, avg=52.8000, diversity=43.33, gen=3 (best: f2a533af-7651-4f62-b28e-66bb97c95f75)
2025-08-12 17:26:25,596 - openevolve.database - INFO - Saved database with 11 programs to openevolve_output/level1_97_CosineSimilarityLoss/checkpoints/checkpoint_9
2025-08-12 17:26:25,605 - openevolve.controller - INFO - Saved best program at checkpoint 9 with metrics: compiled=1.0000, correctness=1.0000, stage=success, passed=1.0000, score=77.7000, speed_up=1.5770, runtime_ms=0.0520, meta={'hardware': 'NVIDIA L20Y', 'device': 'cuda:4', 'correctness_trials': '(5 / 5)', 'reference_timing_ms': 0.082, 'speed_up': 1.577, 'custom_timing': 0.052}
2025-08-12 17:26:25,605 - openevolve.controller - INFO - Saved checkpoint at iteration 9 to openevolve_output/level1_97_CosineSimilarityLoss/checkpoints/checkpoint_9
2025-08-12 17:28:24,384 - openevolve.RemoteSpeedupEvaluator - INFO - [level1_97_CosineSimilarityLoss] triton key words check pass
2025-08-12 17:28:24,385 - openevolve.RemoteSpeedupEvaluator - INFO - [level1_97_CosineSimilarityLoss] verify_plus payload: reference_code(612 chars) + custom_code(2220 chars)
2025-08-12 17:28:27,445 - openevolve.RemoteSpeedupEvaluator - INFO - [level1_97_CosineSimilarityLoss] verify_plus request success
2025-08-12 17:28:27,445 - openevolve.RemoteSpeedupEvaluator - INFO - [level1_97_CosineSimilarityLoss] verify_plus response: {"id":"level1_97_CosineSimilarityLoss","result":{"compiled":true,"correctness":true,"metadata":{"hardware":"NVIDIA L20Y","device":"cuda:7","correctness_trials":"(5 / 5)","reference_timing_ms":0.082,"speed_up":1.621,"custom_timing":0.0506},"runtime":0.0506,"runtime_stats":{"mean":0.0506,"std":0.00269,"min":0.0478,"max":0.0677,"num_trials":100,"hardware":"NVIDIA L20Y","device":"cuda:7"}}}
2025-08-12 17:28:27,445 - openevolve.RemoteSpeedupEvaluator - INFO - [level1_97_CosineSimilarityLoss] âœ” success | speed_up=1.621  score=82.10
2025-08-12 17:28:27,445 - openevolve.evaluator - INFO - Evaluated program a1ffda3b-c2b2-4af6-8f06-a921814575cf in 3.06s: compiled=1.0000, correctness=1.0000, stage=success, passed=1.0000, score=82.1000, speed_up=1.6210, runtime_ms=0.0506, meta={'hardware': 'NVIDIA L20Y', 'device': 'cuda:7', 'correctness_trials': '(5 / 5)', 'reference_timing_ms': 0.082, 'speed_up': 1.621, 'custom_timing': 0.0506}
2025-08-12 17:28:27,448 - openevolve.database - INFO - MAP-Elites cell improved: {'score': 9, 'complexity': 8} (fitness: 73.800 -> 82.100)
2025-08-12 17:28:27,448 - openevolve.database - INFO - New best program a1ffda3b-c2b2-4af6-8f06-a921814575cf replaces 7ea980e4-73b4-46f4-9317-1e3822ac8388
2025-08-12 17:28:27,449 - openevolve.llm.ensemble - INFO - Sampled model: deepseek
2025-08-12 17:28:27,455 - openevolve.threaded_parallel - INFO - Iteration 11: Program a1ffda3b-c2b2-4af6-8f06-a921814575cf (parent: 4653f1d5-3d26-4df3-8767-d9c775ace8ad) completed in 360.67s
2025-08-12 17:28:27,456 - openevolve.threaded_parallel - INFO - Metrics: compiled=1.0000, correctness=1.0000, stage=success, passed=1.0000, score=82.1000, speed_up=1.6210, runtime_ms=0.0506, meta={'hardware': 'NVIDIA L20Y', 'device': 'cuda:7', 'correctness_trials': '(5 / 5)', 'reference_timing_ms': 0.082, 'speed_up': 1.621, 'custom_timing': 0.0506}
2025-08-12 17:28:27,456 - openevolve.threaded_parallel - INFO - ðŸŒŸ New best solution found at iteration 11: a1ffda3b-c2b2-4af6-8f06-a921814575cf
2025-08-12 17:33:15,407 - openevolve.RemoteSpeedupEvaluator - INFO - [level1_97_CosineSimilarityLoss] triton key words check pass
2025-08-12 17:33:15,407 - openevolve.RemoteSpeedupEvaluator - INFO - [level1_97_CosineSimilarityLoss] verify_plus payload: reference_code(612 chars) + custom_code(2992 chars)
2025-08-12 17:33:18,449 - openevolve.RemoteSpeedupEvaluator - INFO - [level1_97_CosineSimilarityLoss] verify_plus request success
2025-08-12 17:33:18,449 - openevolve.RemoteSpeedupEvaluator - INFO - [level1_97_CosineSimilarityLoss] verify_plus response: {"id":"level1_97_CosineSimilarityLoss","result":{"compiled":true,"correctness":false,"metadata":{"hardware":"NVIDIA L20Y","device":"cuda:5","runtime_error":"Traceback (most recent call last):\n  File \"/cpfs01/shared/llm_kernel/hujiakai/KernelLLM/validation_api_server/helpers/evaluations.py\", line 720, in run_and_check_correctness\n    output_new = model_new(*inputs)\n  File \"/home/lijiaxing/.conda/envs/api/lib/python3.10/site-packages/torch/nn/modules/module.py\", line 1773, in _wrapped_call_impl\n    return self._call_impl(*args, **kwargs)\n  File \"/home/lijiaxing/.conda/envs/api/lib/python3.10/site-packages/torch/nn/modules/module.py\", line 1784, in _call_impl\n    return forward_call(*args, **kwargs)\n  File \"/tmp/tmpjiwzwshk.py\", line 72, in forward\n    cosine_loss_rowwise_kern
2025-08-12 17:33:18,449 - openevolve.RemoteSpeedupEvaluator - INFO - [level1_97_CosineSimilarityLoss] âœ˜ wrong_answer
2025-08-12 17:33:18,449 - openevolve.evaluator - INFO - Evaluated program fec40895-6b3c-4e12-9371-ef3eaaddfd86 in 3.04s: compiled=1.0000, correctness=0.0000, score=10.0000, stage=wrong_answer, verify_payload={'id': 'level1_97_CosineSimilarityLoss', 'result': {'compiled': True, 'correctness': False, 'metadata': {'hardware': 'NVIDIA L20Y', 'device': 'cuda:5', 'runtime_error': 'Traceback (most recent call last):\n  File "/cpfs01/shared/llm_kernel/hujiakai/KernelLLM/validation_api_server/helpers/evaluations.py", line 720, in run_and_check_correctness\n    output_new = model_new(*inputs)\n  File "/home/lijiaxing/.conda/envs/api/lib/python3.10/site-packages/torch/nn/modules/module.py", line 1773, in _wrapped_call_impl\n    return self._call_impl(*args, **kwargs)\n  File "/home/lijiaxing/.conda/envs/api/lib/python3.10/site-packages/torch/nn/modules/module.py", line 1784, in _call_impl\n    return forward_call(*args, **kwargs)\n  File "/tmp/tmpjiwzwshk.py", line 72, in forward\n    cosine_loss_rowwise_kernel[grid](\n  File "/home/lijiaxing/.conda/envs/api/lib/python3.10/site-packages/triton/runtime/jit.py", line 390, in <lambda>\n    return lambda *args, **kwargs: self.run(grid=grid, warmup=False, *args, **kwargs)\n  File "/home/lijiaxing/.conda/envs/api/lib/python3.10/site-packages/triton/runtime/autotuner.py", line 239, in run\n    benchmark()\n  File "/home/lijiaxing/.conda/envs/api/lib/python3.10/site-packages/triton/runtime/autotuner.py", line 228, in benchmark\n    timings = {config: self._bench(*args, config=config, **kwargs) for config in pruned_configs}\n  File "/home/lijiaxing/.conda/envs/api/lib/python3.10/site-packages/triton/runtime/autotuner.py", line 228, in <dictcomp>\n    timings = {config: self._bench(*args, config=config, **kwargs) for config in pruned_configs}\n  File "/home/lijiaxing/.conda/envs/api/lib/python3.10/site-packages/triton/runtime/autotuner.py", line 135, in _bench\n    raise ValueError(f"Conflicting meta-parameters: {\', \'.join(conflicts)}."\nValueError: Conflicting meta-parameters: BLOCK_SIZE. Make sure that you don\'t re-define auto-tuned symbols.\n', 'runtime_error_name': 'builtins.ValueError', 'reference_timing_ms': 0.082, 'speed_up': -1.0, 'custom_timing': -1.0}, 'runtime': -1.0, 'runtime_stats': {}}}
2025-08-12 17:33:18,453 - openevolve.llm.ensemble - INFO - Sampled model: deepseek
2025-08-12 17:33:18,463 - openevolve.threaded_parallel - INFO - Iteration 12: Program fec40895-6b3c-4e12-9371-ef3eaaddfd86 (parent: c59a9349-3c1c-4db1-8036-5d4508720ab9) completed in 413.09s
2025-08-12 17:33:18,464 - openevolve.threaded_parallel - INFO - Metrics: compiled=1.0000, correctness=0.0000, score=10.0000, stage=wrong_answer, verify_payload={'id': 'level1_97_CosineSimilarityLoss', 'result': {'compiled': True, 'correctness': False, 'metadata': {'hardware': 'NVIDIA L20Y', 'device': 'cuda:5', 'runtime_error': 'Traceback (most recent call last):\n  File "/cpfs01/shared/llm_kernel/hujiakai/KernelLLM/validation_api_server/helpers/evaluations.py", line 720, in run_and_check_correctness\n    output_new = model_new(*inputs)\n  File "/home/lijiaxing/.conda/envs/api/lib/python3.10/site-packages/torch/nn/modules/module.py", line 1773, in _wrapped_call_impl\n    return self._call_impl(*args, **kwargs)\n  File "/home/lijiaxing/.conda/envs/api/lib/python3.10/site-packages/torch/nn/modules/module.py", line 1784, in _call_impl\n    return forward_call(*args, **kwargs)\n  File "/tmp/tmpjiwzwshk.py", line 72, in forward\n    cosine_loss_rowwise_kernel[grid](\n  File "/home/lijiaxing/.conda/envs/api/lib/python3.10/site-packages/triton/runtime/jit.py", line 390, in <lambda>\n    return lambda *args, **kwargs: self.run(grid=grid, warmup=False, *args, **kwargs)\n  File "/home/lijiaxing/.conda/envs/api/lib/python3.10/site-packages/triton/runtime/autotuner.py", line 239, in run\n    benchmark()\n  File "/home/lijiaxing/.conda/envs/api/lib/python3.10/site-packages/triton/runtime/autotuner.py", line 228, in benchmark\n    timings = {config: self._bench(*args, config=config, **kwargs) for config in pruned_configs}\n  File "/home/lijiaxing/.conda/envs/api/lib/python3.10/site-packages/triton/runtime/autotuner.py", line 228, in <dictcomp>\n    timings = {config: self._bench(*args, config=config, **kwargs) for config in pruned_configs}\n  File "/home/lijiaxing/.conda/envs/api/lib/python3.10/site-packages/triton/runtime/autotuner.py", line 135, in _bench\n    raise ValueError(f"Conflicting meta-parameters: {\', \'.join(conflicts)}."\nValueError: Conflicting meta-parameters: BLOCK_SIZE. Make sure that you don\'t re-define auto-tuned symbols.\n', 'runtime_error_name': 'builtins.ValueError', 'reference_timing_ms': 0.082, 'speed_up': -1.0, 'custom_timing': -1.0}, 'runtime': -1.0, 'runtime_stats': {}}}
2025-08-12 17:33:18,464 - openevolve.threaded_parallel - INFO - Checkpoint interval reached at iteration 12
2025-08-12 17:33:18,465 - openevolve.database - INFO - Island Status:
2025-08-12 17:33:18,465 - openevolve.database - INFO -    Island 0: 6 programs, best=77.7000, avg=40.9333, diversity=447.88, gen=4 (best: 7ea980e4-73b4-46f4-9317-1e3822ac8388)
2025-08-12 17:33:18,465 - openevolve.database - INFO -  * Island 1: 4 programs, best=71.9000, avg=-15.2750, diversity=412.72, gen=5 (best: a8b1e54c-bcbe-40b3-9a04-fee1c8a7d99d)
2025-08-12 17:33:18,465 - openevolve.database - INFO -    Island 2: 4 programs, best=82.1000, avg=60.1250, diversity=50.48, gen=3 (best: a1ffda3b-c2b2-4af6-8f06-a921814575cf)
2025-08-12 17:33:18,608 - openevolve.database - INFO - Saved database with 13 programs to openevolve_output/level1_97_CosineSimilarityLoss/checkpoints/checkpoint_12
2025-08-12 17:33:18,620 - openevolve.controller - INFO - Saved best program at checkpoint 12 with metrics: compiled=1.0000, correctness=1.0000, stage=success, passed=1.0000, score=82.1000, speed_up=1.6210, runtime_ms=0.0506, meta={'hardware': 'NVIDIA L20Y', 'device': 'cuda:7', 'correctness_trials': '(5 / 5)', 'reference_timing_ms': 0.082, 'speed_up': 1.621, 'custom_timing': 0.0506}
2025-08-12 17:33:18,620 - openevolve.controller - INFO - Saved checkpoint at iteration 12 to openevolve_output/level1_97_CosineSimilarityLoss/checkpoints/checkpoint_12
2025-08-12 17:34:04,107 - openevolve.RemoteSpeedupEvaluator - INFO - [level1_97_CosineSimilarityLoss] triton key words check pass
2025-08-12 17:34:04,107 - openevolve.RemoteSpeedupEvaluator - INFO - [level1_97_CosineSimilarityLoss] verify_plus payload: reference_code(612 chars) + custom_code(1940 chars)
2025-08-12 17:34:07,213 - openevolve.RemoteSpeedupEvaluator - INFO - [level1_97_CosineSimilarityLoss] verify_plus request success
2025-08-12 17:34:07,213 - openevolve.RemoteSpeedupEvaluator - INFO - [level1_97_CosineSimilarityLoss] verify_plus response: {"id":"level1_97_CosineSimilarityLoss","result":{"compiled":true,"correctness":true,"metadata":{"hardware":"NVIDIA L20Y","device":"cuda:2","correctness_trials":"(5 / 5)","reference_timing_ms":0.082,"speed_up":1.421,"custom_timing":0.0577},"runtime":0.0577,"runtime_stats":{"mean":0.0577,"std":0.003,"min":0.0547,"max":0.0747,"num_trials":100,"hardware":"NVIDIA L20Y","device":"cuda:2"}}}
2025-08-12 17:34:07,213 - openevolve.RemoteSpeedupEvaluator - INFO - [level1_97_CosineSimilarityLoss] âœ” success | speed_up=1.421  score=62.10
2025-08-12 17:34:07,213 - openevolve.evaluator - INFO - Evaluated program c7532a06-36f3-4de6-8d26-85a3f68a03a6 in 3.11s: compiled=1.0000, correctness=1.0000, stage=success, passed=1.0000, score=62.1000, speed_up=1.4210, runtime_ms=0.0577, meta={'hardware': 'NVIDIA L20Y', 'device': 'cuda:2', 'correctness_trials': '(5 / 5)', 'reference_timing_ms': 0.082, 'speed_up': 1.421, 'custom_timing': 0.0577}
2025-08-12 17:34:07,216 - openevolve.llm.ensemble - INFO - Sampled model: deepseek
2025-08-12 17:34:07,219 - openevolve.database - INFO - New MAP-Elites cell occupied: {'score': 9, 'complexity': 5}
2025-08-12 17:34:07,235 - openevolve.threaded_parallel - INFO - Iteration 13: Program c7532a06-36f3-4de6-8d26-85a3f68a03a6 (parent: 230297b0-a03a-42c8-83ab-06af793ab2de) completed in 339.77s
2025-08-12 17:34:07,235 - openevolve.threaded_parallel - INFO - Metrics: compiled=1.0000, correctness=1.0000, stage=success, passed=1.0000, score=62.1000, speed_up=1.4210, runtime_ms=0.0577, meta={'hardware': 'NVIDIA L20Y', 'device': 'cuda:2', 'correctness_trials': '(5 / 5)', 'reference_timing_ms': 0.082, 'speed_up': 1.421, 'custom_timing': 0.0577}
2025-08-12 17:35:26,870 - openevolve.RemoteSpeedupEvaluator - INFO - [level1_97_CosineSimilarityLoss] triton key words check pass
2025-08-12 17:35:26,871 - openevolve.RemoteSpeedupEvaluator - INFO - [level1_97_CosineSimilarityLoss] verify_plus payload: reference_code(612 chars) + custom_code(2205 chars)
2025-08-12 17:35:30,022 - openevolve.RemoteSpeedupEvaluator - INFO - [level1_97_CosineSimilarityLoss] verify_plus request success
2025-08-12 17:35:30,022 - openevolve.RemoteSpeedupEvaluator - INFO - [level1_97_CosineSimilarityLoss] verify_plus response: {"id":"level1_97_CosineSimilarityLoss","result":{"compiled":true,"correctness":true,"metadata":{"hardware":"NVIDIA L20Y","device":"cuda:7","correctness_trials":"(5 / 5)","reference_timing_ms":0.082,"speed_up":1.621,"custom_timing":0.0506},"runtime":0.0506,"runtime_stats":{"mean":0.0506,"std":0.00261,"min":0.048,"max":0.0661,"num_trials":100,"hardware":"NVIDIA L20Y","device":"cuda:7"}}}
2025-08-12 17:35:30,022 - openevolve.RemoteSpeedupEvaluator - INFO - [level1_97_CosineSimilarityLoss] âœ” success | speed_up=1.621  score=82.10
2025-08-12 17:35:30,023 - openevolve.evaluator - INFO - Evaluated program 9174ec2e-cf7e-4be4-9256-14ad2660be70 in 3.15s: compiled=1.0000, correctness=1.0000, stage=success, passed=1.0000, score=82.1000, speed_up=1.6210, runtime_ms=0.0506, meta={'hardware': 'NVIDIA L20Y', 'device': 'cuda:7', 'correctness_trials': '(5 / 5)', 'reference_timing_ms': 0.082, 'speed_up': 1.621, 'custom_timing': 0.0506}
2025-08-12 17:35:30,026 - openevolve.llm.ensemble - INFO - Sampled model: deepseek
2025-08-12 17:35:30,032 - openevolve.database - INFO - New MAP-Elites cell occupied: {'score': 9, 'complexity': 6}
2025-08-12 17:35:30,040 - openevolve.threaded_parallel - INFO - Iteration 14: Program 9174ec2e-cf7e-4be4-9256-14ad2660be70 (parent: ed99e35e-50fd-422a-8ffa-424df9221f0b) completed in 131.57s
2025-08-12 17:35:30,040 - openevolve.threaded_parallel - INFO - Metrics: compiled=1.0000, correctness=1.0000, stage=success, passed=1.0000, score=82.1000, speed_up=1.6210, runtime_ms=0.0506, meta={'hardware': 'NVIDIA L20Y', 'device': 'cuda:7', 'correctness_trials': '(5 / 5)', 'reference_timing_ms': 0.082, 'speed_up': 1.621, 'custom_timing': 0.0506}
2025-08-12 17:39:21,886 - openevolve.RemoteSpeedupEvaluator - INFO - [level1_97_CosineSimilarityLoss] triton key words check pass
2025-08-12 17:39:21,888 - openevolve.RemoteSpeedupEvaluator - INFO - [level1_97_CosineSimilarityLoss] verify_plus payload: reference_code(612 chars) + custom_code(3197 chars)
2025-08-12 17:39:24,760 - openevolve.RemoteSpeedupEvaluator - INFO - [level1_97_CosineSimilarityLoss] verify_plus request success
2025-08-12 17:39:24,760 - openevolve.RemoteSpeedupEvaluator - INFO - [level1_97_CosineSimilarityLoss] verify_plus response: {"id":"level1_97_CosineSimilarityLoss","result":{"compiled":true,"correctness":false,"metadata":{"hardware":"NVIDIA L20Y","device":"cuda:1","runtime_error":"Traceback (most recent call last):\n  File \"/cpfs01/shared/llm_kernel/hujiakai/KernelLLM/validation_api_server/helpers/evaluations.py\", line 720, in run_and_check_correctness\n    output_new = model_new(*inputs)\n  File \"/home/lijiaxing/.conda/envs/api/lib/python3.10/site-packages/torch/nn/modules/module.py\", line 1773, in _wrapped_call_impl\n    return self._call_impl(*args, **kwargs)\n  File \"/home/lijiaxing/.conda/envs/api/lib/python3.10/site-packages/torch/nn/modules/module.py\", line 1784, in _call_impl\n    return forward_call(*args, **kwargs)\n  File \"/tmp/tmpzpl3nah9.py\", line 86, in forward\n    cosine_similarity_kernel
2025-08-12 17:39:24,760 - openevolve.RemoteSpeedupEvaluator - INFO - [level1_97_CosineSimilarityLoss] âœ˜ wrong_answer
2025-08-12 17:39:24,760 - openevolve.evaluator - INFO - Evaluated program c034d2c4-c8b2-42a8-9195-ee2338f4b245 in 2.87s: compiled=1.0000, correctness=0.0000, score=10.0000, stage=wrong_answer, verify_payload={'id': 'level1_97_CosineSimilarityLoss', 'result': {'compiled': True, 'correctness': False, 'metadata': {'hardware': 'NVIDIA L20Y', 'device': 'cuda:1', 'runtime_error': 'Traceback (most recent call last):\n  File "/cpfs01/shared/llm_kernel/hujiakai/KernelLLM/validation_api_server/helpers/evaluations.py", line 720, in run_and_check_correctness\n    output_new = model_new(*inputs)\n  File "/home/lijiaxing/.conda/envs/api/lib/python3.10/site-packages/torch/nn/modules/module.py", line 1773, in _wrapped_call_impl\n    return self._call_impl(*args, **kwargs)\n  File "/home/lijiaxing/.conda/envs/api/lib/python3.10/site-packages/torch/nn/modules/module.py", line 1784, in _call_impl\n    return forward_call(*args, **kwargs)\n  File "/tmp/tmpzpl3nah9.py", line 86, in forward\n    cosine_similarity_kernel[grid](\n  File "/home/lijiaxing/.conda/envs/api/lib/python3.10/site-packages/triton/runtime/jit.py", line 390, in <lambda>\n    return lambda *args, **kwargs: self.run(grid=grid, warmup=False, *args, **kwargs)\n  File "/home/lijiaxing/.conda/envs/api/lib/python3.10/site-packages/triton/runtime/autotuner.py", line 239, in run\n    benchmark()\n  File "/home/lijiaxing/.conda/envs/api/lib/python3.10/site-packages/triton/runtime/autotuner.py", line 228, in benchmark\n    timings = {config: self._bench(*args, config=config, **kwargs) for config in pruned_configs}\n  File "/home/lijiaxing/.conda/envs/api/lib/python3.10/site-packages/triton/runtime/autotuner.py", line 228, in <dictcomp>\n    timings = {config: self._bench(*args, config=config, **kwargs) for config in pruned_configs}\n  File "/home/lijiaxing/.conda/envs/api/lib/python3.10/site-packages/triton/runtime/autotuner.py", line 160, in _bench\n    return self.do_bench(kernel_call, quantiles=(0.5, 0.2, 0.8))\n  File "/home/lijiaxing/.conda/envs/api/lib/python3.10/site-packages/triton/testing.py", line 149, in do_bench\n    fn()\n  File "/home/lijiaxing/.conda/envs/api/lib/python3.10/site-packages/triton/runtime/autotuner.py", line 146, in kernel_call\n    self.fn.run(\n  File "/home/lijiaxing/.conda/envs/api/lib/python3.10/site-packages/triton/runtime/jit.py", line 594, in run\n    kernel = self.compile(src, target=target, options=options.__dict__)\n  File "/home/lijiaxing/.conda/envs/api/lib/python3.10/site-packages/triton/compiler/compiler.py", line 281, in compile\n    key = f"{triton_key()}-{src.hash()}-{backend.hash()}-{options.hash()}-{str(sorted(env_vars.items()))}"\n  File "/home/lijiaxing/.conda/envs/api/lib/python3.10/site-packages/triton/compiler/compiler.py", line 78, in hash\n    key = f"{self.fn.cache_key}-{str(self.attrs)}-{sorted_sig}-{constants_key}"\n  File "/home/lijiaxing/.conda/envs/api/lib/python3.10/site-packages/triton/runtime/jit.py", line 696, in cache_key\n    dependencies_finder.visit(self.parse())\n  File "/home/lijiaxing/.conda/envs/api/lib/python3.10/ast.py", line 418, in visit\n    return visitor(node)\n  File "/home/lijiaxing/.conda/envs/api/lib/python3.10/ast.py", line 426, in generic_visit\n    self.visit(item)\n  File "/home/lijiaxing/.conda/envs/api/lib/python3.10/ast.py", line 418, in visit\n    return visitor(node)\n  File "/home/lijiaxing/.conda/envs/api/lib/python3.10/site-packages/triton/runtime/jit.py", line 163, in visit_FunctionDef\n    self.generic_visit(node)\n  File "/home/lijiaxing/.conda/envs/api/lib/python3.10/ast.py", line 426, in generic_visit\n    self.visit(item)\n  File "/home/lijiaxing/.conda/envs/api/lib/python3.10/ast.py", line 418, in visit\n    return visitor(node)\n  File "/home/lijiaxing/.conda/envs/api/lib/python3.10/site-packages/triton/runtime/jit.py", line 217, in visit_Assign\n    self.generic_visit(node)\n  File "/home/lijiaxing/.conda/envs/api/lib/python3.10/ast.py", line 428, in generic_visit\n    self.visit(value)\n  File "/home/lijiaxing/.conda/envs/api/lib/python3.10/ast.py", line 418, in visit\n    return visitor(node)\n  File "/home/lijiaxing/.conda/envs/api/lib/python3.10/ast.py", line 428, in generic_visit\n    self.visit(value)\n  File "/home/lijiaxing/.conda/envs/api/lib/python3.10/ast.py", line 418, in visit\n    return visitor(node)\n  File "/home/lijiaxing/.conda/envs/api/lib/python3.10/site-packages/triton/runtime/jit.py", line 156, in visit_Attribute\n    ret = getattr(lhs, node.attr)\nAttributeError: module \'triton.language\' has no attribute \'thread_id\'\n', 'runtime_error_name': 'builtins.AttributeError', 'reference_timing_ms': 0.082, 'speed_up': -1.0, 'custom_timing': -1.0}, 'runtime': -1.0, 'runtime_stats': {}}}
2025-08-12 17:39:24,764 - openevolve.llm.ensemble - INFO - Sampled model: deepseek
2025-08-12 17:39:24,779 - openevolve.threaded_parallel - INFO - Iteration 10: Program c034d2c4-c8b2-42a8-9195-ee2338f4b245 (parent: 7ea980e4-73b4-46f4-9317-1e3822ac8388) completed in 1320.35s
2025-08-12 17:39:24,779 - openevolve.threaded_parallel - INFO - Metrics: compiled=1.0000, correctness=0.0000, score=10.0000, stage=wrong_answer, verify_payload={'id': 'level1_97_CosineSimilarityLoss', 'result': {'compiled': True, 'correctness': False, 'metadata': {'hardware': 'NVIDIA L20Y', 'device': 'cuda:1', 'runtime_error': 'Traceback (most recent call last):\n  File "/cpfs01/shared/llm_kernel/hujiakai/KernelLLM/validation_api_server/helpers/evaluations.py", line 720, in run_and_check_correctness\n    output_new = model_new(*inputs)\n  File "/home/lijiaxing/.conda/envs/api/lib/python3.10/site-packages/torch/nn/modules/module.py", line 1773, in _wrapped_call_impl\n    return self._call_impl(*args, **kwargs)\n  File "/home/lijiaxing/.conda/envs/api/lib/python3.10/site-packages/torch/nn/modules/module.py", line 1784, in _call_impl\n    return forward_call(*args, **kwargs)\n  File "/tmp/tmpzpl3nah9.py", line 86, in forward\n    cosine_similarity_kernel[grid](\n  File "/home/lijiaxing/.conda/envs/api/lib/python3.10/site-packages/triton/runtime/jit.py", line 390, in <lambda>\n    return lambda *args, **kwargs: self.run(grid=grid, warmup=False, *args, **kwargs)\n  File "/home/lijiaxing/.conda/envs/api/lib/python3.10/site-packages/triton/runtime/autotuner.py", line 239, in run\n    benchmark()\n  File "/home/lijiaxing/.conda/envs/api/lib/python3.10/site-packages/triton/runtime/autotuner.py", line 228, in benchmark\n    timings = {config: self._bench(*args, config=config, **kwargs) for config in pruned_configs}\n  File "/home/lijiaxing/.conda/envs/api/lib/python3.10/site-packages/triton/runtime/autotuner.py", line 228, in <dictcomp>\n    timings = {config: self._bench(*args, config=config, **kwargs) for config in pruned_configs}\n  File "/home/lijiaxing/.conda/envs/api/lib/python3.10/site-packages/triton/runtime/autotuner.py", line 160, in _bench\n    return self.do_bench(kernel_call, quantiles=(0.5, 0.2, 0.8))\n  File "/home/lijiaxing/.conda/envs/api/lib/python3.10/site-packages/triton/testing.py", line 149, in do_bench\n    fn()\n  File "/home/lijiaxing/.conda/envs/api/lib/python3.10/site-packages/triton/runtime/autotuner.py", line 146, in kernel_call\n    self.fn.run(\n  File "/home/lijiaxing/.conda/envs/api/lib/python3.10/site-packages/triton/runtime/jit.py", line 594, in run\n    kernel = self.compile(src, target=target, options=options.__dict__)\n  File "/home/lijiaxing/.conda/envs/api/lib/python3.10/site-packages/triton/compiler/compiler.py", line 281, in compile\n    key = f"{triton_key()}-{src.hash()}-{backend.hash()}-{options.hash()}-{str(sorted(env_vars.items()))}"\n  File "/home/lijiaxing/.conda/envs/api/lib/python3.10/site-packages/triton/compiler/compiler.py", line 78, in hash\n    key = f"{self.fn.cache_key}-{str(self.attrs)}-{sorted_sig}-{constants_key}"\n  File "/home/lijiaxing/.conda/envs/api/lib/python3.10/site-packages/triton/runtime/jit.py", line 696, in cache_key\n    dependencies_finder.visit(self.parse())\n  File "/home/lijiaxing/.conda/envs/api/lib/python3.10/ast.py", line 418, in visit\n    return visitor(node)\n  File "/home/lijiaxing/.conda/envs/api/lib/python3.10/ast.py", line 426, in generic_visit\n    self.visit(item)\n  File "/home/lijiaxing/.conda/envs/api/lib/python3.10/ast.py", line 418, in visit\n    return visitor(node)\n  File "/home/lijiaxing/.conda/envs/api/lib/python3.10/site-packages/triton/runtime/jit.py", line 163, in visit_FunctionDef\n    self.generic_visit(node)\n  File "/home/lijiaxing/.conda/envs/api/lib/python3.10/ast.py", line 426, in generic_visit\n    self.visit(item)\n  File "/home/lijiaxing/.conda/envs/api/lib/python3.10/ast.py", line 418, in visit\n    return visitor(node)\n  File "/home/lijiaxing/.conda/envs/api/lib/python3.10/site-packages/triton/runtime/jit.py", line 217, in visit_Assign\n    self.generic_visit(node)\n  File "/home/lijiaxing/.conda/envs/api/lib/python3.10/ast.py", line 428, in generic_visit\n    self.visit(value)\n  File "/home/lijiaxing/.conda/envs/api/lib/python3.10/ast.py", line 418, in visit\n    return visitor(node)\n  File "/home/lijiaxing/.conda/envs/api/lib/python3.10/ast.py", line 428, in generic_visit\n    self.visit(value)\n  File "/home/lijiaxing/.conda/envs/api/lib/python3.10/ast.py", line 418, in visit\n    return visitor(node)\n  File "/home/lijiaxing/.conda/envs/api/lib/python3.10/site-packages/triton/runtime/jit.py", line 156, in visit_Attribute\n    ret = getattr(lhs, node.attr)\nAttributeError: module \'triton.language\' has no attribute \'thread_id\'\n', 'runtime_error_name': 'builtins.AttributeError', 'reference_timing_ms': 0.082, 'speed_up': -1.0, 'custom_timing': -1.0}, 'runtime': -1.0, 'runtime_stats': {}}}
2025-08-12 17:41:13,861 - openevolve.RemoteSpeedupEvaluator - INFO - [level1_97_CosineSimilarityLoss] triton key words check pass
2025-08-12 17:41:13,861 - openevolve.RemoteSpeedupEvaluator - INFO - [level1_97_CosineSimilarityLoss] verify_plus payload: reference_code(612 chars) + custom_code(2066 chars)
2025-08-12 17:41:16,965 - openevolve.RemoteSpeedupEvaluator - INFO - [level1_97_CosineSimilarityLoss] verify_plus request success
2025-08-12 17:41:16,965 - openevolve.RemoteSpeedupEvaluator - INFO - [level1_97_CosineSimilarityLoss] verify_plus response: {"id":"level1_97_CosineSimilarityLoss","result":{"compiled":true,"correctness":true,"metadata":{"hardware":"NVIDIA L20Y","device":"cuda:4","correctness_trials":"(5 / 5)","reference_timing_ms":0.082,"speed_up":1.559,"custom_timing":0.0526},"runtime":0.0526,"runtime_stats":{"mean":0.0526,"std":0.00303,"min":0.0492,"max":0.0688,"num_trials":100,"hardware":"NVIDIA L20Y","device":"cuda:4"}}}
2025-08-12 17:41:16,965 - openevolve.RemoteSpeedupEvaluator - INFO - [level1_97_CosineSimilarityLoss] âœ” success | speed_up=1.559  score=75.90
2025-08-12 17:41:16,966 - openevolve.evaluator - INFO - Evaluated program 5077c823-ae3f-4755-a87d-7b3a64b59a2b in 3.11s: compiled=1.0000, correctness=1.0000, stage=success, passed=1.0000, score=75.9000, speed_up=1.5590, runtime_ms=0.0526, meta={'hardware': 'NVIDIA L20Y', 'device': 'cuda:4', 'correctness_trials': '(5 / 5)', 'reference_timing_ms': 0.082, 'speed_up': 1.559, 'custom_timing': 0.0526}
2025-08-12 17:41:16,969 - openevolve.llm.ensemble - INFO - Sampled model: deepseek
2025-08-12 17:41:16,974 - openevolve.database - INFO - MAP-Elites cell improved: {'score': 9, 'complexity': 5} (fitness: 62.100 -> 75.900)
2025-08-12 17:41:16,984 - openevolve.threaded_parallel - INFO - Iteration 15: Program 5077c823-ae3f-4755-a87d-7b3a64b59a2b (parent: 2b9d9045-c7fd-48c2-acc7-794a114a32bc) completed in 429.75s
2025-08-12 17:41:16,984 - openevolve.threaded_parallel - INFO - Metrics: compiled=1.0000, correctness=1.0000, stage=success, passed=1.0000, score=75.9000, speed_up=1.5590, runtime_ms=0.0526, meta={'hardware': 'NVIDIA L20Y', 'device': 'cuda:4', 'correctness_trials': '(5 / 5)', 'reference_timing_ms': 0.082, 'speed_up': 1.559, 'custom_timing': 0.0526}
2025-08-12 17:41:16,984 - openevolve.threaded_parallel - INFO - Checkpoint interval reached at iteration 15
2025-08-12 17:41:16,985 - openevolve.database - INFO - Island Status:
2025-08-12 17:41:16,985 - openevolve.database - INFO -    Island 0: 7 programs, best=77.7000, avg=36.5143, diversity=519.50, gen=5 (best: 7ea980e4-73b4-46f4-9317-1e3822ac8388)
2025-08-12 17:41:16,985 - openevolve.database - INFO -    Island 1: 6 programs, best=75.9000, avg=12.8167, diversity=278.28, gen=6 (best: 5077c823-ae3f-4755-a87d-7b3a64b59a2b)
2025-08-12 17:41:16,985 - openevolve.database - INFO -  * Island 2: 5 programs, best=82.1000, avg=64.5200, diversity=44.80, gen=5 (best: a1ffda3b-c2b2-4af6-8f06-a921814575cf)
2025-08-12 17:41:17,267 - openevolve.database - INFO - Saved database with 17 programs to openevolve_output/level1_97_CosineSimilarityLoss/checkpoints/checkpoint_15
2025-08-12 17:41:17,707 - openevolve.controller - INFO - Saved best program at checkpoint 15 with metrics: compiled=1.0000, correctness=1.0000, stage=success, passed=1.0000, score=82.1000, speed_up=1.6210, runtime_ms=0.0506, meta={'hardware': 'NVIDIA L20Y', 'device': 'cuda:7', 'correctness_trials': '(5 / 5)', 'reference_timing_ms': 0.082, 'speed_up': 1.621, 'custom_timing': 0.0506}
2025-08-12 17:41:17,707 - openevolve.controller - INFO - Saved checkpoint at iteration 15 to openevolve_output/level1_97_CosineSimilarityLoss/checkpoints/checkpoint_15
2025-08-12 17:41:53,282 - openevolve.RemoteSpeedupEvaluator - INFO - [level1_97_CosineSimilarityLoss] triton key words check pass
2025-08-12 17:41:53,282 - openevolve.RemoteSpeedupEvaluator - INFO - [level1_97_CosineSimilarityLoss] verify_plus payload: reference_code(612 chars) + custom_code(2204 chars)
2025-08-12 17:41:56,510 - openevolve.RemoteSpeedupEvaluator - INFO - [level1_97_CosineSimilarityLoss] verify_plus request success
2025-08-12 17:41:56,510 - openevolve.RemoteSpeedupEvaluator - INFO - [level1_97_CosineSimilarityLoss] verify_plus response: {"id":"level1_97_CosineSimilarityLoss","result":{"compiled":true,"correctness":true,"metadata":{"hardware":"NVIDIA L20Y","device":"cuda:0","correctness_trials":"(5 / 5)","reference_timing_ms":0.082,"speed_up":1.439,"custom_timing":0.057},"runtime":0.057,"runtime_stats":{"mean":0.057,"std":0.00253,"min":0.0532,"max":0.0705,"num_trials":100,"hardware":"NVIDIA L20Y","device":"cuda:0"}}}
2025-08-12 17:41:56,510 - openevolve.RemoteSpeedupEvaluator - INFO - [level1_97_CosineSimilarityLoss] âœ” success | speed_up=1.439  score=63.90
2025-08-12 17:41:56,511 - openevolve.evaluator - INFO - Evaluated program d86fc52a-0f48-4f1c-9651-af6610052a3d in 3.23s: compiled=1.0000, correctness=1.0000, stage=success, passed=1.0000, score=63.9000, speed_up=1.4390, runtime_ms=0.0570, meta={'hardware': 'NVIDIA L20Y', 'device': 'cuda:0', 'correctness_trials': '(5 / 5)', 'reference_timing_ms': 0.082, 'speed_up': 1.439, 'custom_timing': 0.057}
2025-08-12 17:41:56,515 - openevolve.llm.ensemble - INFO - Sampled model: deepseek
2025-08-12 17:41:56,527 - openevolve.threaded_parallel - INFO - Iteration 17: Program d86fc52a-0f48-4f1c-9651-af6610052a3d (parent: 015ee8d7-0b28-423a-af57-f624e3812359) completed in 151.75s
2025-08-12 17:41:56,527 - openevolve.threaded_parallel - INFO - Metrics: compiled=1.0000, correctness=1.0000, stage=success, passed=1.0000, score=63.9000, speed_up=1.4390, runtime_ms=0.0570, meta={'hardware': 'NVIDIA L20Y', 'device': 'cuda:0', 'correctness_trials': '(5 / 5)', 'reference_timing_ms': 0.082, 'speed_up': 1.439, 'custom_timing': 0.057}
2025-08-12 17:42:34,266 - openevolve.RemoteSpeedupEvaluator - INFO - [level1_97_CosineSimilarityLoss] triton key words check pass
2025-08-12 17:42:34,267 - openevolve.RemoteSpeedupEvaluator - INFO - [level1_97_CosineSimilarityLoss] verify_plus payload: reference_code(612 chars) + custom_code(2061 chars)
2025-08-12 17:42:37,677 - openevolve.RemoteSpeedupEvaluator - INFO - [level1_97_CosineSimilarityLoss] verify_plus request success
2025-08-12 17:42:37,677 - openevolve.RemoteSpeedupEvaluator - INFO - [level1_97_CosineSimilarityLoss] verify_plus response: {"id":"level1_97_CosineSimilarityLoss","result":{"compiled":true,"correctness":true,"metadata":{"hardware":"NVIDIA L20Y","device":"cuda:3","correctness_trials":"(5 / 5)","reference_timing_ms":0.082,"speed_up":1.617,"custom_timing":0.0507},"runtime":0.0507,"runtime_stats":{"mean":0.0507,"std":0.00264,"min":0.0474,"max":0.0656,"num_trials":100,"hardware":"NVIDIA L20Y","device":"cuda:3"}}}
2025-08-12 17:42:37,677 - openevolve.RemoteSpeedupEvaluator - INFO - [level1_97_CosineSimilarityLoss] âœ” success | speed_up=1.617  score=81.70
2025-08-12 17:42:37,678 - openevolve.evaluator - INFO - Evaluated program 176eb0e6-c2a5-4402-b3c3-4e215e4e6daa in 3.41s: compiled=1.0000, correctness=1.0000, stage=success, passed=1.0000, score=81.7000, speed_up=1.6170, runtime_ms=0.0507, meta={'hardware': 'NVIDIA L20Y', 'device': 'cuda:3', 'correctness_trials': '(5 / 5)', 'reference_timing_ms': 0.082, 'speed_up': 1.617, 'custom_timing': 0.0507}
2025-08-12 17:42:37,683 - openevolve.llm.ensemble - INFO - Sampled model: deepseek
2025-08-12 17:42:37,688 - openevolve.database - INFO - MAP-Elites cell improved: {'score': 9, 'complexity': 5} (fitness: 75.900 -> 81.700)
2025-08-12 17:42:37,695 - openevolve.threaded_parallel - INFO - Iteration 16: Program 176eb0e6-c2a5-4402-b3c3-4e215e4e6daa (parent: f2a533af-7651-4f62-b28e-66bb97c95f75) completed in 427.65s
2025-08-12 17:42:37,695 - openevolve.threaded_parallel - INFO - Metrics: compiled=1.0000, correctness=1.0000, stage=success, passed=1.0000, score=81.7000, speed_up=1.6170, runtime_ms=0.0507, meta={'hardware': 'NVIDIA L20Y', 'device': 'cuda:3', 'correctness_trials': '(5 / 5)', 'reference_timing_ms': 0.082, 'speed_up': 1.617, 'custom_timing': 0.0507}
2025-08-12 17:47:13,654 - openevolve.RemoteSpeedupEvaluator - INFO - [level1_97_CosineSimilarityLoss] triton key words check pass
2025-08-12 17:47:13,655 - openevolve.RemoteSpeedupEvaluator - INFO - [level1_97_CosineSimilarityLoss] verify_plus payload: reference_code(612 chars) + custom_code(2439 chars)
2025-08-12 17:47:17,875 - openevolve.RemoteSpeedupEvaluator - INFO - [level1_97_CosineSimilarityLoss] verify_plus request success
2025-08-12 17:47:17,875 - openevolve.RemoteSpeedupEvaluator - INFO - [level1_97_CosineSimilarityLoss] verify_plus response: {"id":"level1_97_CosineSimilarityLoss","result":{"compiled":true,"correctness":true,"metadata":{"hardware":"NVIDIA L20Y","device":"cuda:5","correctness_trials":"(5 / 5)","reference_timing_ms":0.082,"speed_up":1.237,"custom_timing":0.0663},"runtime":0.0663,"runtime_stats":{"mean":0.0663,"std":0.00275,"min":0.063,"max":0.0806,"num_trials":100,"hardware":"NVIDIA L20Y","device":"cuda:5"}}}
2025-08-12 17:47:17,875 - openevolve.RemoteSpeedupEvaluator - INFO - [level1_97_CosineSimilarityLoss] âœ” success | speed_up=1.237  score=43.70
2025-08-12 17:47:17,876 - openevolve.evaluator - INFO - Evaluated program b78d6058-a896-4e50-8513-0ef9bde0c41a in 4.22s: compiled=1.0000, correctness=1.0000, stage=success, passed=1.0000, score=43.7000, speed_up=1.2370, runtime_ms=0.0663, meta={'hardware': 'NVIDIA L20Y', 'device': 'cuda:5', 'correctness_trials': '(5 / 5)', 'reference_timing_ms': 0.082, 'speed_up': 1.237, 'custom_timing': 0.0663}
2025-08-12 17:47:17,880 - openevolve.llm.ensemble - INFO - Sampled model: deepseek
2025-08-12 17:47:17,952 - openevolve.threaded_parallel - INFO - Iteration 20: Program b78d6058-a896-4e50-8513-0ef9bde0c41a (parent: 572c0ee7-364d-4aaa-8e26-bd4963a26e88) completed in 280.19s
2025-08-12 17:47:17,952 - openevolve.threaded_parallel - INFO - Metrics: compiled=1.0000, correctness=1.0000, stage=success, passed=1.0000, score=43.7000, speed_up=1.2370, runtime_ms=0.0663, meta={'hardware': 'NVIDIA L20Y', 'device': 'cuda:5', 'correctness_trials': '(5 / 5)', 'reference_timing_ms': 0.082, 'speed_up': 1.237, 'custom_timing': 0.0663}
2025-08-12 17:49:57,884 - openevolve.RemoteSpeedupEvaluator - INFO - [level1_97_CosineSimilarityLoss] triton key words check pass
2025-08-12 17:49:57,886 - openevolve.RemoteSpeedupEvaluator - INFO - [level1_97_CosineSimilarityLoss] verify_plus payload: reference_code(612 chars) + custom_code(2066 chars)
2025-08-12 17:50:00,848 - openevolve.RemoteSpeedupEvaluator - INFO - [level1_97_CosineSimilarityLoss] verify_plus request success
2025-08-12 17:50:00,849 - openevolve.RemoteSpeedupEvaluator - INFO - [level1_97_CosineSimilarityLoss] verify_plus response: {"id":"level1_97_CosineSimilarityLoss","result":{"compiled":true,"correctness":true,"metadata":{"hardware":"NVIDIA L20Y","device":"cuda:6","correctness_trials":"(5 / 5)","reference_timing_ms":0.082,"speed_up":1.574,"custom_timing":0.0521},"runtime":0.0521,"runtime_stats":{"mean":0.0521,"std":0.00278,"min":0.0488,"max":0.0664,"num_trials":100,"hardware":"NVIDIA L20Y","device":"cuda:6"}}}
2025-08-12 17:50:00,849 - openevolve.RemoteSpeedupEvaluator - INFO - [level1_97_CosineSimilarityLoss] âœ” success | speed_up=1.574  score=77.40
2025-08-12 17:50:00,849 - openevolve.evaluator - INFO - Evaluated program 549c5557-182a-4036-9e22-ba6fb9604502 in 2.97s: compiled=1.0000, correctness=1.0000, stage=success, passed=1.0000, score=77.4000, speed_up=1.5740, runtime_ms=0.0521, meta={'hardware': 'NVIDIA L20Y', 'device': 'cuda:6', 'correctness_trials': '(5 / 5)', 'reference_timing_ms': 0.082, 'speed_up': 1.574, 'custom_timing': 0.0521}
2025-08-12 17:50:00,861 - openevolve.llm.ensemble - INFO - Sampled model: deepseek
2025-08-12 17:50:00,875 - openevolve.threaded_parallel - INFO - Iteration 21: Program 549c5557-182a-4036-9e22-ba6fb9604502 (parent: 2b9d9045-c7fd-48c2-acc7-794a114a32bc) completed in 162.97s
2025-08-12 17:50:00,875 - openevolve.threaded_parallel - INFO - Metrics: compiled=1.0000, correctness=1.0000, stage=success, passed=1.0000, score=77.4000, speed_up=1.5740, runtime_ms=0.0521, meta={'hardware': 'NVIDIA L20Y', 'device': 'cuda:6', 'correctness_trials': '(5 / 5)', 'reference_timing_ms': 0.082, 'speed_up': 1.574, 'custom_timing': 0.0521}
2025-08-12 17:50:00,875 - openevolve.threaded_parallel - INFO - Checkpoint interval reached at iteration 21
2025-08-12 17:50:00,876 - openevolve.database - INFO - Island Status:
2025-08-12 17:50:00,876 - openevolve.database - INFO -  * Island 0: 8 programs, best=81.7000, avg=42.1625, diversity=472.63, gen=7 (best: 176eb0e6-c2a5-4402-b3c3-4e215e4e6daa)
2025-08-12 17:50:00,876 - openevolve.database - INFO -    Island 1: 7 programs, best=75.9000, avg=17.2286, diversity=352.87, gen=7 (best: 5077c823-ae3f-4755-a87d-7b3a64b59a2b)
2025-08-12 17:50:00,876 - openevolve.database - INFO -    Island 2: 7 programs, best=82.1000, avg=66.2714, diversity=85.13, gen=6 (best: a1ffda3b-c2b2-4af6-8f06-a921814575cf)
2025-08-12 17:50:01,122 - openevolve.database - INFO - Saved database with 21 programs to openevolve_output/level1_97_CosineSimilarityLoss/checkpoints/checkpoint_21
2025-08-12 17:50:01,132 - openevolve.controller - INFO - Saved best program at checkpoint 21 with metrics: compiled=1.0000, correctness=1.0000, stage=success, passed=1.0000, score=82.1000, speed_up=1.6210, runtime_ms=0.0506, meta={'hardware': 'NVIDIA L20Y', 'device': 'cuda:7', 'correctness_trials': '(5 / 5)', 'reference_timing_ms': 0.082, 'speed_up': 1.621, 'custom_timing': 0.0506}
2025-08-12 17:50:01,132 - openevolve.controller - INFO - Saved checkpoint at iteration 21 to openevolve_output/level1_97_CosineSimilarityLoss/checkpoints/checkpoint_21
2025-08-12 17:52:03,709 - openevolve.RemoteSpeedupEvaluator - INFO - [level1_97_CosineSimilarityLoss] triton key words check pass
2025-08-12 17:52:03,710 - openevolve.RemoteSpeedupEvaluator - INFO - [level1_97_CosineSimilarityLoss] verify_plus payload: reference_code(612 chars) + custom_code(3184 chars)
2025-08-12 17:52:10,950 - openevolve.RemoteSpeedupEvaluator - INFO - [level1_97_CosineSimilarityLoss] verify_plus request success
2025-08-12 17:52:10,950 - openevolve.RemoteSpeedupEvaluator - INFO - [level1_97_CosineSimilarityLoss] verify_plus response: {"id":"level1_97_CosineSimilarityLoss","result":{"compiled":true,"correctness":true,"metadata":{"hardware":"NVIDIA L20Y","device":"cuda:3","correctness_trials":"(5 / 5)","reference_timing_ms":0.082,"speed_up":1.246,"custom_timing":0.0658},"runtime":0.0658,"runtime_stats":{"mean":0.0658,"std":0.00364,"min":0.062,"max":0.09,"num_trials":100,"hardware":"NVIDIA L20Y","device":"cuda:3"}}}
2025-08-12 17:52:10,950 - openevolve.RemoteSpeedupEvaluator - INFO - [level1_97_CosineSimilarityLoss] âœ” success | speed_up=1.246  score=44.60
2025-08-12 17:52:10,950 - openevolve.evaluator - INFO - Evaluated program cf511032-b459-4731-bfef-0a2a50b6f8ba in 7.24s: compiled=1.0000, correctness=1.0000, stage=success, passed=1.0000, score=44.6000, speed_up=1.2460, runtime_ms=0.0658, meta={'hardware': 'NVIDIA L20Y', 'device': 'cuda:3', 'correctness_trials': '(5 / 5)', 'reference_timing_ms': 0.082, 'speed_up': 1.246, 'custom_timing': 0.0658}
2025-08-12 17:52:10,954 - openevolve.llm.ensemble - INFO - Sampled model: deepseek
2025-08-12 17:52:10,968 - openevolve.threaded_parallel - INFO - Iteration 18: Program cf511032-b459-4731-bfef-0a2a50b6f8ba (parent: a8b1e54c-bcbe-40b3-9a04-fee1c8a7d99d) completed in 653.98s
2025-08-12 17:52:10,968 - openevolve.threaded_parallel - INFO - Metrics: compiled=1.0000, correctness=1.0000, stage=success, passed=1.0000, score=44.6000, speed_up=1.2460, runtime_ms=0.0658, meta={'hardware': 'NVIDIA L20Y', 'device': 'cuda:3', 'correctness_trials': '(5 / 5)', 'reference_timing_ms': 0.082, 'speed_up': 1.246, 'custom_timing': 0.0658}
2025-08-12 17:52:10,968 - openevolve.threaded_parallel - INFO - Checkpoint interval reached at iteration 18
2025-08-12 17:52:10,969 - openevolve.database - INFO - Island Status:
2025-08-12 17:52:10,969 - openevolve.database - INFO -    Island 0: 9 programs, best=81.7000, avg=42.4333, diversity=472.63, gen=7 (best: 176eb0e6-c2a5-4402-b3c3-4e215e4e6daa)
2025-08-12 17:52:10,969 - openevolve.database - INFO -  * Island 1: 7 programs, best=75.9000, avg=17.2286, diversity=352.87, gen=8 (best: 5077c823-ae3f-4755-a87d-7b3a64b59a2b)
2025-08-12 17:52:10,969 - openevolve.database - INFO -    Island 2: 7 programs, best=82.1000, avg=66.2714, diversity=85.13, gen=6 (best: a1ffda3b-c2b2-4af6-8f06-a921814575cf)
2025-08-12 17:52:11,289 - openevolve.database - INFO - Saved database with 22 programs to openevolve_output/level1_97_CosineSimilarityLoss/checkpoints/checkpoint_18
2025-08-12 17:52:11,298 - openevolve.controller - INFO - Saved best program at checkpoint 18 with metrics: compiled=1.0000, correctness=1.0000, stage=success, passed=1.0000, score=82.1000, speed_up=1.6210, runtime_ms=0.0506, meta={'hardware': 'NVIDIA L20Y', 'device': 'cuda:7', 'correctness_trials': '(5 / 5)', 'reference_timing_ms': 0.082, 'speed_up': 1.621, 'custom_timing': 0.0506}
2025-08-12 17:52:11,298 - openevolve.controller - INFO - Saved checkpoint at iteration 18 to openevolve_output/level1_97_CosineSimilarityLoss/checkpoints/checkpoint_18
2025-08-12 17:53:04,617 - openevolve.RemoteSpeedupEvaluator - INFO - [level1_97_CosineSimilarityLoss] triton key words check pass
2025-08-12 17:53:04,617 - openevolve.RemoteSpeedupEvaluator - INFO - [level1_97_CosineSimilarityLoss] verify_plus payload: reference_code(612 chars) + custom_code(2543 chars)
2025-08-12 17:53:07,475 - openevolve.RemoteSpeedupEvaluator - INFO - [level1_97_CosineSimilarityLoss] verify_plus request success
2025-08-12 17:53:07,475 - openevolve.RemoteSpeedupEvaluator - INFO - [level1_97_CosineSimilarityLoss] verify_plus response: {"id":"level1_97_CosineSimilarityLoss","result":{"compiled":true,"correctness":false,"metadata":{"hardware":"NVIDIA L20Y","device":"cuda:7","runtime_error":"Traceback (most recent call last):\n  File \"/home/lijiaxing/.conda/envs/api/lib/python3.10/site-packages/triton/language/core.py\", line 42, in wrapper\n    return fn(*args, **kwargs)\nTypeError: load() got an unexpected keyword argument 'dtype'\n\nThe above exception was the direct cause of the following exception:\n\nTraceback (most recent call last):\n  File \"/cpfs01/shared/llm_kernel/hujiakai/KernelLLM/validation_api_server/helpers/evaluations.py\", line 720, in run_and_check_correctness\n    output_new = model_new(*inputs)\n  File \"/home/lijiaxing/.conda/envs/api/lib/python3.10/site-packages/torch/nn/modules/module.py\", line 1
2025-08-12 17:53:07,475 - openevolve.RemoteSpeedupEvaluator - INFO - [level1_97_CosineSimilarityLoss] âœ˜ wrong_answer
2025-08-12 17:53:07,475 - openevolve.evaluator - INFO - Evaluated program 74118074-314d-4247-801b-88bf94031cdc in 2.86s: compiled=1.0000, correctness=0.0000, score=10.0000, stage=wrong_answer, verify_payload={'id': 'level1_97_CosineSimilarityLoss', 'result': {'compiled': True, 'correctness': False, 'metadata': {'hardware': 'NVIDIA L20Y', 'device': 'cuda:7', 'runtime_error': 'Traceback (most recent call last):\n  File "/home/lijiaxing/.conda/envs/api/lib/python3.10/site-packages/triton/language/core.py", line 42, in wrapper\n    return fn(*args, **kwargs)\nTypeError: load() got an unexpected keyword argument \'dtype\'\n\nThe above exception was the direct cause of the following exception:\n\nTraceback (most recent call last):\n  File "/cpfs01/shared/llm_kernel/hujiakai/KernelLLM/validation_api_server/helpers/evaluations.py", line 720, in run_and_check_correctness\n    output_new = model_new(*inputs)\n  File "/home/lijiaxing/.conda/envs/api/lib/python3.10/site-packages/torch/nn/modules/module.py", line 1773, in _wrapped_call_impl\n    return self._call_impl(*args, **kwargs)\n  File "/home/lijiaxing/.conda/envs/api/lib/python3.10/site-packages/torch/nn/modules/module.py", line 1784, in _call_impl\n    return forward_call(*args, **kwargs)\n  File "/tmp/tmppp3e5yg0.py", line 66, in forward\n    cosine_similarity_loss_kernel[grid](\n  File "/home/lijiaxing/.conda/envs/api/lib/python3.10/site-packages/triton/runtime/jit.py", line 390, in <lambda>\n    return lambda *args, **kwargs: self.run(grid=grid, warmup=False, *args, **kwargs)\n  File "/home/lijiaxing/.conda/envs/api/lib/python3.10/site-packages/triton/runtime/jit.py", line 594, in run\n    kernel = self.compile(src, target=target, options=options.__dict__)\n  File "/home/lijiaxing/.conda/envs/api/lib/python3.10/site-packages/triton/compiler/compiler.py", line 339, in compile\n    module = src.make_ir(options, codegen_fns, module_map, context)\n  File "/home/lijiaxing/.conda/envs/api/lib/python3.10/site-packages/triton/compiler/compiler.py", line 83, in make_ir\n    return ast_to_ttir(self.fn, self, context=context, options=options, codegen_fns=codegen_fns,\ntriton.compiler.errors.CompilationError: at 21:12:\n\n    dot = 0.0\n    norm_p = 0.0\n    norm_t = 0.0\n\n    # Process columns in optimized chunks using FP16 for Tensor Core acceleration\n    for i in range(0, n_cols, BLOCK_SIZE):\n        offsets = i + tl.arange(0, BLOCK_SIZE)\n        mask = offsets < n_cols\n\n        # Load data as FP16 to enable Tensor Core acceleration\n        p = tl.load(predictions_ptr + row_start + offsets, mask=mask, other=0.0, dtype=tl.float16)\n            ^\n\n\nThe above exception was the direct cause of the following exception:\n\nTraceback (most recent call last):\n  File "/home/lijiaxing/.conda/envs/api/lib/python3.10/site-packages/triton/language/core.py", line 42, in wrapper\n    return fn(*args, **kwargs)\nTypeError: load() got an unexpected keyword argument \'dtype\'\n', 'runtime_error_name': 'triton.compiler.errors.CompilationError', 'reference_timing_ms': 0.082, 'speed_up': -1.0, 'custom_timing': -1.0}, 'runtime': -1.0, 'runtime_stats': {}}}
2025-08-12 17:53:07,478 - openevolve.llm.ensemble - INFO - Sampled model: deepseek
2025-08-12 17:53:07,479 - openevolve.database - INFO - New MAP-Elites cell occupied: {'score': 9, 'complexity': 7}
2025-08-12 17:53:07,491 - openevolve.threaded_parallel - INFO - Iteration 19: Program 74118074-314d-4247-801b-88bf94031cdc (parent: a1ffda3b-c2b2-4af6-8f06-a921814575cf) completed in 670.96s
2025-08-12 17:53:07,491 - openevolve.threaded_parallel - INFO - Metrics: compiled=1.0000, correctness=0.0000, score=10.0000, stage=wrong_answer, verify_payload={'id': 'level1_97_CosineSimilarityLoss', 'result': {'compiled': True, 'correctness': False, 'metadata': {'hardware': 'NVIDIA L20Y', 'device': 'cuda:7', 'runtime_error': 'Traceback (most recent call last):\n  File "/home/lijiaxing/.conda/envs/api/lib/python3.10/site-packages/triton/language/core.py", line 42, in wrapper\n    return fn(*args, **kwargs)\nTypeError: load() got an unexpected keyword argument \'dtype\'\n\nThe above exception was the direct cause of the following exception:\n\nTraceback (most recent call last):\n  File "/cpfs01/shared/llm_kernel/hujiakai/KernelLLM/validation_api_server/helpers/evaluations.py", line 720, in run_and_check_correctness\n    output_new = model_new(*inputs)\n  File "/home/lijiaxing/.conda/envs/api/lib/python3.10/site-packages/torch/nn/modules/module.py", line 1773, in _wrapped_call_impl\n    return self._call_impl(*args, **kwargs)\n  File "/home/lijiaxing/.conda/envs/api/lib/python3.10/site-packages/torch/nn/modules/module.py", line 1784, in _call_impl\n    return forward_call(*args, **kwargs)\n  File "/tmp/tmppp3e5yg0.py", line 66, in forward\n    cosine_similarity_loss_kernel[grid](\n  File "/home/lijiaxing/.conda/envs/api/lib/python3.10/site-packages/triton/runtime/jit.py", line 390, in <lambda>\n    return lambda *args, **kwargs: self.run(grid=grid, warmup=False, *args, **kwargs)\n  File "/home/lijiaxing/.conda/envs/api/lib/python3.10/site-packages/triton/runtime/jit.py", line 594, in run\n    kernel = self.compile(src, target=target, options=options.__dict__)\n  File "/home/lijiaxing/.conda/envs/api/lib/python3.10/site-packages/triton/compiler/compiler.py", line 339, in compile\n    module = src.make_ir(options, codegen_fns, module_map, context)\n  File "/home/lijiaxing/.conda/envs/api/lib/python3.10/site-packages/triton/compiler/compiler.py", line 83, in make_ir\n    return ast_to_ttir(self.fn, self, context=context, options=options, codegen_fns=codegen_fns,\ntriton.compiler.errors.CompilationError: at 21:12:\n\n    dot = 0.0\n    norm_p = 0.0\n    norm_t = 0.0\n\n    # Process columns in optimized chunks using FP16 for Tensor Core acceleration\n    for i in range(0, n_cols, BLOCK_SIZE):\n        offsets = i + tl.arange(0, BLOCK_SIZE)\n        mask = offsets < n_cols\n\n        # Load data as FP16 to enable Tensor Core acceleration\n        p = tl.load(predictions_ptr + row_start + offsets, mask=mask, other=0.0, dtype=tl.float16)\n            ^\n\n\nThe above exception was the direct cause of the following exception:\n\nTraceback (most recent call last):\n  File "/home/lijiaxing/.conda/envs/api/lib/python3.10/site-packages/triton/language/core.py", line 42, in wrapper\n    return fn(*args, **kwargs)\nTypeError: load() got an unexpected keyword argument \'dtype\'\n', 'runtime_error_name': 'triton.compiler.errors.CompilationError', 'reference_timing_ms': 0.082, 'speed_up': -1.0, 'custom_timing': -1.0}, 'runtime': -1.0, 'runtime_stats': {}}}
2025-08-12 17:57:57,091 - openevolve.RemoteSpeedupEvaluator - INFO - [level1_97_CosineSimilarityLoss] triton key words check pass
2025-08-12 17:57:57,092 - openevolve.RemoteSpeedupEvaluator - INFO - [level1_97_CosineSimilarityLoss] verify_plus payload: reference_code(612 chars) + custom_code(2430 chars)
2025-08-12 17:58:00,259 - openevolve.RemoteSpeedupEvaluator - INFO - [level1_97_CosineSimilarityLoss] verify_plus request success
2025-08-12 17:58:00,259 - openevolve.RemoteSpeedupEvaluator - INFO - [level1_97_CosineSimilarityLoss] verify_plus response: {"id":"level1_97_CosineSimilarityLoss","result":{"compiled":true,"correctness":true,"metadata":{"hardware":"NVIDIA L20Y","device":"cuda:7","correctness_trials":"(5 / 5)","reference_timing_ms":0.082,"speed_up":1.577,"custom_timing":0.052},"runtime":0.052,"runtime_stats":{"mean":0.052,"std":0.00289,"min":0.0485,"max":0.065,"num_trials":100,"hardware":"NVIDIA L20Y","device":"cuda:7"}}}
2025-08-12 17:58:00,259 - openevolve.RemoteSpeedupEvaluator - INFO - [level1_97_CosineSimilarityLoss] âœ” success | speed_up=1.577  score=77.70
2025-08-12 17:58:00,260 - openevolve.evaluator - INFO - Evaluated program 0d11f721-adab-4864-808b-40b214035d0f in 3.17s: compiled=1.0000, correctness=1.0000, stage=success, passed=1.0000, score=77.7000, speed_up=1.5770, runtime_ms=0.0520, meta={'hardware': 'NVIDIA L20Y', 'device': 'cuda:7', 'correctness_trials': '(5 / 5)', 'reference_timing_ms': 0.082, 'speed_up': 1.577, 'custom_timing': 0.052}
2025-08-12 17:58:00,264 - openevolve.llm.ensemble - INFO - Sampled model: deepseek
2025-08-12 17:58:00,277 - openevolve.threaded_parallel - INFO - Iteration 23: Program 0d11f721-adab-4864-808b-40b214035d0f (parent: 4653f1d5-3d26-4df3-8767-d9c775ace8ad) completed in 349.31s
2025-08-12 17:58:00,277 - openevolve.threaded_parallel - INFO - Metrics: compiled=1.0000, correctness=1.0000, stage=success, passed=1.0000, score=77.7000, speed_up=1.5770, runtime_ms=0.0520, meta={'hardware': 'NVIDIA L20Y', 'device': 'cuda:7', 'correctness_trials': '(5 / 5)', 'reference_timing_ms': 0.082, 'speed_up': 1.577, 'custom_timing': 0.052}
2025-08-12 18:00:37,840 - openevolve.RemoteSpeedupEvaluator - INFO - [level1_97_CosineSimilarityLoss] triton key words check pass
2025-08-12 18:00:37,841 - openevolve.RemoteSpeedupEvaluator - INFO - [level1_97_CosineSimilarityLoss] verify_plus payload: reference_code(612 chars) + custom_code(2383 chars)
2025-08-12 18:00:40,528 - openevolve.RemoteSpeedupEvaluator - INFO - [level1_97_CosineSimilarityLoss] verify_plus request success
2025-08-12 18:00:40,528 - openevolve.RemoteSpeedupEvaluator - INFO - [level1_97_CosineSimilarityLoss] verify_plus response: {"id":"level1_97_CosineSimilarityLoss","result":{"compiled":true,"correctness":false,"metadata":{"hardware":"NVIDIA L20Y","device":"cuda:4","runtime_error":"Traceback (most recent call last):\n  File \"/cpfs01/shared/llm_kernel/hujiakai/KernelLLM/validation_api_server/helpers/evaluations.py\", line 720, in run_and_check_correctness\n    output_new = model_new(*inputs)\n  File \"/home/lijiaxing/.conda/envs/api/lib/python3.10/site-packages/torch/nn/modules/module.py\", line 1773, in _wrapped_call_impl\n    return self._call_impl(*args, **kwargs)\n  File \"/home/lijiaxing/.conda/envs/api/lib/python3.10/site-packages/torch/nn/modules/module.py\", line 1784, in _call_impl\n    return forward_call(*args, **kwargs)\n  File \"/tmp/tmpti206a2p.py\", line 63, in forward\n    cosine_similarity_kernel
2025-08-12 18:00:40,528 - openevolve.RemoteSpeedupEvaluator - INFO - [level1_97_CosineSimilarityLoss] âœ˜ wrong_answer
2025-08-12 18:00:40,528 - openevolve.evaluator - INFO - Evaluated program 6ac857d1-433b-4628-b68f-e009fb3708b7 in 2.69s: compiled=1.0000, correctness=0.0000, score=10.0000, stage=wrong_answer, verify_payload={'id': 'level1_97_CosineSimilarityLoss', 'result': {'compiled': True, 'correctness': False, 'metadata': {'hardware': 'NVIDIA L20Y', 'device': 'cuda:4', 'runtime_error': 'Traceback (most recent call last):\n  File "/cpfs01/shared/llm_kernel/hujiakai/KernelLLM/validation_api_server/helpers/evaluations.py", line 720, in run_and_check_correctness\n    output_new = model_new(*inputs)\n  File "/home/lijiaxing/.conda/envs/api/lib/python3.10/site-packages/torch/nn/modules/module.py", line 1773, in _wrapped_call_impl\n    return self._call_impl(*args, **kwargs)\n  File "/home/lijiaxing/.conda/envs/api/lib/python3.10/site-packages/torch/nn/modules/module.py", line 1784, in _call_impl\n    return forward_call(*args, **kwargs)\n  File "/tmp/tmpti206a2p.py", line 63, in forward\n    cosine_similarity_kernel[grid](\n  File "/home/lijiaxing/.conda/envs/api/lib/python3.10/site-packages/triton/runtime/jit.py", line 390, in <lambda>\n    return lambda *args, **kwargs: self.run(grid=grid, warmup=False, *args, **kwargs)\n  File "/home/lijiaxing/.conda/envs/api/lib/python3.10/site-packages/triton/runtime/autotuner.py", line 239, in run\n    benchmark()\n  File "/home/lijiaxing/.conda/envs/api/lib/python3.10/site-packages/triton/runtime/autotuner.py", line 228, in benchmark\n    timings = {config: self._bench(*args, config=config, **kwargs) for config in pruned_configs}\n  File "/home/lijiaxing/.conda/envs/api/lib/python3.10/site-packages/triton/runtime/autotuner.py", line 228, in <dictcomp>\n    timings = {config: self._bench(*args, config=config, **kwargs) for config in pruned_configs}\n  File "/home/lijiaxing/.conda/envs/api/lib/python3.10/site-packages/triton/runtime/autotuner.py", line 135, in _bench\n    raise ValueError(f"Conflicting meta-parameters: {\', \'.join(conflicts)}."\nValueError: Conflicting meta-parameters: BLOCK_SIZE. Make sure that you don\'t re-define auto-tuned symbols.\n', 'runtime_error_name': 'builtins.ValueError', 'reference_timing_ms': 0.082, 'speed_up': -1.0, 'custom_timing': -1.0}, 'runtime': -1.0, 'runtime_stats': {}}}
2025-08-12 18:00:40,532 - openevolve.llm.ensemble - INFO - Sampled model: deepseek
2025-08-12 18:00:40,545 - openevolve.threaded_parallel - INFO - Iteration 22: Program 6ac857d1-433b-4628-b68f-e009fb3708b7 (parent: 7ea980e4-73b4-46f4-9317-1e3822ac8388) completed in 639.67s
2025-08-12 18:00:40,545 - openevolve.threaded_parallel - INFO - Metrics: compiled=1.0000, correctness=0.0000, score=10.0000, stage=wrong_answer, verify_payload={'id': 'level1_97_CosineSimilarityLoss', 'result': {'compiled': True, 'correctness': False, 'metadata': {'hardware': 'NVIDIA L20Y', 'device': 'cuda:4', 'runtime_error': 'Traceback (most recent call last):\n  File "/cpfs01/shared/llm_kernel/hujiakai/KernelLLM/validation_api_server/helpers/evaluations.py", line 720, in run_and_check_correctness\n    output_new = model_new(*inputs)\n  File "/home/lijiaxing/.conda/envs/api/lib/python3.10/site-packages/torch/nn/modules/module.py", line 1773, in _wrapped_call_impl\n    return self._call_impl(*args, **kwargs)\n  File "/home/lijiaxing/.conda/envs/api/lib/python3.10/site-packages/torch/nn/modules/module.py", line 1784, in _call_impl\n    return forward_call(*args, **kwargs)\n  File "/tmp/tmpti206a2p.py", line 63, in forward\n    cosine_similarity_kernel[grid](\n  File "/home/lijiaxing/.conda/envs/api/lib/python3.10/site-packages/triton/runtime/jit.py", line 390, in <lambda>\n    return lambda *args, **kwargs: self.run(grid=grid, warmup=False, *args, **kwargs)\n  File "/home/lijiaxing/.conda/envs/api/lib/python3.10/site-packages/triton/runtime/autotuner.py", line 239, in run\n    benchmark()\n  File "/home/lijiaxing/.conda/envs/api/lib/python3.10/site-packages/triton/runtime/autotuner.py", line 228, in benchmark\n    timings = {config: self._bench(*args, config=config, **kwargs) for config in pruned_configs}\n  File "/home/lijiaxing/.conda/envs/api/lib/python3.10/site-packages/triton/runtime/autotuner.py", line 228, in <dictcomp>\n    timings = {config: self._bench(*args, config=config, **kwargs) for config in pruned_configs}\n  File "/home/lijiaxing/.conda/envs/api/lib/python3.10/site-packages/triton/runtime/autotuner.py", line 135, in _bench\n    raise ValueError(f"Conflicting meta-parameters: {\', \'.join(conflicts)}."\nValueError: Conflicting meta-parameters: BLOCK_SIZE. Make sure that you don\'t re-define auto-tuned symbols.\n', 'runtime_error_name': 'builtins.ValueError', 'reference_timing_ms': 0.082, 'speed_up': -1.0, 'custom_timing': -1.0}, 'runtime': -1.0, 'runtime_stats': {}}}
2025-08-12 18:04:35,073 - openevolve.RemoteSpeedupEvaluator - INFO - [level1_97_CosineSimilarityLoss] triton key words check pass
2025-08-12 18:04:35,075 - openevolve.RemoteSpeedupEvaluator - INFO - [level1_97_CosineSimilarityLoss] verify_plus payload: reference_code(612 chars) + custom_code(2054 chars)
2025-08-12 18:04:38,111 - openevolve.RemoteSpeedupEvaluator - INFO - [level1_97_CosineSimilarityLoss] verify_plus request success
2025-08-12 18:04:38,112 - openevolve.RemoteSpeedupEvaluator - INFO - [level1_97_CosineSimilarityLoss] verify_plus response: {"id":"level1_97_CosineSimilarityLoss","result":{"compiled":true,"correctness":true,"metadata":{"hardware":"NVIDIA L20Y","device":"cuda:7","correctness_trials":"(5 / 5)","reference_timing_ms":0.082,"speed_up":1.64,"custom_timing":0.05},"runtime":0.05,"runtime_stats":{"mean":0.05,"std":0.00315,"min":0.0465,"max":0.0666,"num_trials":100,"hardware":"NVIDIA L20Y","device":"cuda:7"}}}
2025-08-12 18:04:38,112 - openevolve.RemoteSpeedupEvaluator - INFO - [level1_97_CosineSimilarityLoss] âœ” success | speed_up=1.640  score=84.00
2025-08-12 18:04:38,112 - openevolve.evaluator - INFO - Evaluated program 87c3da16-44a0-430c-b099-0c08cb062c52 in 3.04s: compiled=1.0000, correctness=1.0000, stage=success, passed=1.0000, score=84.0000, speed_up=1.6400, runtime_ms=0.0500, meta={'hardware': 'NVIDIA L20Y', 'device': 'cuda:7', 'correctness_trials': '(5 / 5)', 'reference_timing_ms': 0.082, 'speed_up': 1.64, 'custom_timing': 0.05}
2025-08-12 18:04:38,115 - openevolve.database - INFO - MAP-Elites cell improved: {'score': 9, 'complexity': 5} (fitness: 81.700 -> 84.000)
2025-08-12 18:04:38,115 - openevolve.database - INFO - Population size (26) exceeds limit (25), removing 1 programs
2025-08-12 18:04:38,115 - openevolve.database - INFO - Population size after cleanup: 25
2025-08-12 18:04:38,115 - openevolve.database - INFO - New best program 87c3da16-44a0-430c-b099-0c08cb062c52 replaces a1ffda3b-c2b2-4af6-8f06-a921814575cf
2025-08-12 18:04:38,117 - openevolve.llm.ensemble - INFO - Sampled model: deepseek
2025-08-12 18:04:38,122 - openevolve.threaded_parallel - INFO - Iteration 26: Program 87c3da16-44a0-430c-b099-0c08cb062c52 (parent: 4653f1d5-3d26-4df3-8767-d9c775ace8ad) completed in 237.58s
2025-08-12 18:04:38,123 - openevolve.threaded_parallel - INFO - Metrics: compiled=1.0000, correctness=1.0000, stage=success, passed=1.0000, score=84.0000, speed_up=1.6400, runtime_ms=0.0500, meta={'hardware': 'NVIDIA L20Y', 'device': 'cuda:7', 'correctness_trials': '(5 / 5)', 'reference_timing_ms': 0.082, 'speed_up': 1.64, 'custom_timing': 0.05}
2025-08-12 18:04:38,123 - openevolve.threaded_parallel - INFO - ðŸŒŸ New best solution found at iteration 26: 87c3da16-44a0-430c-b099-0c08cb062c52
2025-08-12 18:07:30,368 - openevolve.RemoteSpeedupEvaluator - INFO - [level1_97_CosineSimilarityLoss] triton key words check pass
2025-08-12 18:07:30,369 - openevolve.RemoteSpeedupEvaluator - INFO - [level1_97_CosineSimilarityLoss] verify_plus payload: reference_code(612 chars) + custom_code(2456 chars)
2025-08-12 18:07:33,201 - openevolve.RemoteSpeedupEvaluator - INFO - [level1_97_CosineSimilarityLoss] verify_plus request success
2025-08-12 18:07:33,201 - openevolve.RemoteSpeedupEvaluator - INFO - [level1_97_CosineSimilarityLoss] verify_plus response: {"id":"level1_97_CosineSimilarityLoss","result":{"compiled":true,"correctness":false,"metadata":{"hardware":"NVIDIA L20Y","device":"cuda:4","runtime_error":"Traceback (most recent call last):\n  File \"/cpfs01/shared/llm_kernel/hujiakai/KernelLLM/validation_api_server/helpers/evaluations.py\", line 720, in run_and_check_correctness\n    output_new = model_new(*inputs)\n  File \"/home/lijiaxing/.conda/envs/api/lib/python3.10/site-packages/torch/nn/modules/module.py\", line 1773, in _wrapped_call_impl\n    return self._call_impl(*args, **kwargs)\n  File \"/home/lijiaxing/.conda/envs/api/lib/python3.10/site-packages/torch/nn/modules/module.py\", line 1784, in _call_impl\n    return forward_call(*args, **kwargs)\n  File \"/tmp/tmpv6k1_qdp.py\", line 62, in forward\n    ModelNew._cosine_loss_ro
2025-08-12 18:07:33,201 - openevolve.RemoteSpeedupEvaluator - INFO - [level1_97_CosineSimilarityLoss] âœ˜ wrong_answer
2025-08-12 18:07:33,202 - openevolve.evaluator - INFO - Evaluated program 78efe1b5-2f5a-42b7-85fa-d69752bb55e5 in 2.83s: compiled=1.0000, correctness=0.0000, score=10.0000, stage=wrong_answer, verify_payload={'id': 'level1_97_CosineSimilarityLoss', 'result': {'compiled': True, 'correctness': False, 'metadata': {'hardware': 'NVIDIA L20Y', 'device': 'cuda:4', 'runtime_error': 'Traceback (most recent call last):\n  File "/cpfs01/shared/llm_kernel/hujiakai/KernelLLM/validation_api_server/helpers/evaluations.py", line 720, in run_and_check_correctness\n    output_new = model_new(*inputs)\n  File "/home/lijiaxing/.conda/envs/api/lib/python3.10/site-packages/torch/nn/modules/module.py", line 1773, in _wrapped_call_impl\n    return self._call_impl(*args, **kwargs)\n  File "/home/lijiaxing/.conda/envs/api/lib/python3.10/site-packages/torch/nn/modules/module.py", line 1784, in _call_impl\n    return forward_call(*args, **kwargs)\n  File "/tmp/tmpv6k1_qdp.py", line 62, in forward\n    ModelNew._cosine_loss_rowwise_triton(predictions, targets, loss_per_row, feature_size, batch_size)\n  File "/tmp/tmpv6k1_qdp.py", line 55, in _cosine_loss_rowwise_triton\n    _cosine_loss_rowwise[grid](predictions, targets, loss_per_row, feature_size, batch_size, BLOCK_SIZE=BLOCK_SIZE)\n  File "/home/lijiaxing/.conda/envs/api/lib/python3.10/site-packages/triton/runtime/jit.py", line 390, in <lambda>\n    return lambda *args, **kwargs: self.run(grid=grid, warmup=False, *args, **kwargs)\n  File "/home/lijiaxing/.conda/envs/api/lib/python3.10/site-packages/triton/runtime/jit.py", line 594, in run\n    kernel = self.compile(src, target=target, options=options.__dict__)\n  File "/home/lijiaxing/.conda/envs/api/lib/python3.10/site-packages/triton/compiler/compiler.py", line 339, in compile\n    module = src.make_ir(options, codegen_fns, module_map, context)\n  File "/home/lijiaxing/.conda/envs/api/lib/python3.10/site-packages/triton/compiler/compiler.py", line 83, in make_ir\n    return ast_to_ttir(self.fn, self, context=context, options=options, codegen_fns=codegen_fns,\ntriton.compiler.errors.CompilationError: at 30:16:\n        idx = tl.arange(0, BLOCK_SIZE)\n        vec_mask = (offset + idx * VEC) < feature_size\n\n        # Vectorized loads (4 elements at once)\n        p_ptr = predictions_ptr + row_start + offset + idx * VEC\n        t_ptr = targets_ptr + row_start + offset + idx * VEC\n        p_vec = tl.load(p_ptr, mask=vec_mask, other=0.0)\n        t_vec = tl.load(t_ptr, mask=vec_mask, other=0.0)\n\n        # Process each vector element\n        for j in range(VEC):\n            p = p_vec[:, j]\n                ^\nValueError(\'unsupported tensor index: int32[]\')\n\n\nThe above exception was the direct cause of the following exception:\n\nTraceback (most recent call last):\n  File "/home/lijiaxing/.conda/envs/api/lib/python3.10/site-packages/triton/language/core.py", line 42, in wrapper\n    return fn(*args, **kwargs)\n  File "/home/lijiaxing/.conda/envs/api/lib/python3.10/site-packages/triton/language/core.py", line 1118, in __getitem__\n    raise ValueError(f"unsupported tensor index: {sl}")\nValueError: unsupported tensor index: int32[]\n', 'runtime_error_name': 'triton.compiler.errors.CompilationError', 'reference_timing_ms': 0.082, 'speed_up': -1.0, 'custom_timing': -1.0}, 'runtime': -1.0, 'runtime_stats': {}}}
2025-08-12 18:07:33,203 - openevolve.database - INFO - Population size (26) exceeds limit (25), removing 1 programs
2025-08-12 18:07:33,205 - openevolve.database - INFO - Population size after cleanup: 25
2025-08-12 18:07:33,208 - openevolve.llm.ensemble - INFO - Sampled model: deepseek
2025-08-12 18:07:33,216 - openevolve.threaded_parallel - INFO - Iteration 24: Program 78efe1b5-2f5a-42b7-85fa-d69752bb55e5 (parent: 5077c823-ae3f-4755-a87d-7b3a64b59a2b) completed in 865.72s
2025-08-12 18:07:33,217 - openevolve.threaded_parallel - INFO - Metrics: compiled=1.0000, correctness=0.0000, score=10.0000, stage=wrong_answer, verify_payload={'id': 'level1_97_CosineSimilarityLoss', 'result': {'compiled': True, 'correctness': False, 'metadata': {'hardware': 'NVIDIA L20Y', 'device': 'cuda:4', 'runtime_error': 'Traceback (most recent call last):\n  File "/cpfs01/shared/llm_kernel/hujiakai/KernelLLM/validation_api_server/helpers/evaluations.py", line 720, in run_and_check_correctness\n    output_new = model_new(*inputs)\n  File "/home/lijiaxing/.conda/envs/api/lib/python3.10/site-packages/torch/nn/modules/module.py", line 1773, in _wrapped_call_impl\n    return self._call_impl(*args, **kwargs)\n  File "/home/lijiaxing/.conda/envs/api/lib/python3.10/site-packages/torch/nn/modules/module.py", line 1784, in _call_impl\n    return forward_call(*args, **kwargs)\n  File "/tmp/tmpv6k1_qdp.py", line 62, in forward\n    ModelNew._cosine_loss_rowwise_triton(predictions, targets, loss_per_row, feature_size, batch_size)\n  File "/tmp/tmpv6k1_qdp.py", line 55, in _cosine_loss_rowwise_triton\n    _cosine_loss_rowwise[grid](predictions, targets, loss_per_row, feature_size, batch_size, BLOCK_SIZE=BLOCK_SIZE)\n  File "/home/lijiaxing/.conda/envs/api/lib/python3.10/site-packages/triton/runtime/jit.py", line 390, in <lambda>\n    return lambda *args, **kwargs: self.run(grid=grid, warmup=False, *args, **kwargs)\n  File "/home/lijiaxing/.conda/envs/api/lib/python3.10/site-packages/triton/runtime/jit.py", line 594, in run\n    kernel = self.compile(src, target=target, options=options.__dict__)\n  File "/home/lijiaxing/.conda/envs/api/lib/python3.10/site-packages/triton/compiler/compiler.py", line 339, in compile\n    module = src.make_ir(options, codegen_fns, module_map, context)\n  File "/home/lijiaxing/.conda/envs/api/lib/python3.10/site-packages/triton/compiler/compiler.py", line 83, in make_ir\n    return ast_to_ttir(self.fn, self, context=context, options=options, codegen_fns=codegen_fns,\ntriton.compiler.errors.CompilationError: at 30:16:\n        idx = tl.arange(0, BLOCK_SIZE)\n        vec_mask = (offset + idx * VEC) < feature_size\n\n        # Vectorized loads (4 elements at once)\n        p_ptr = predictions_ptr + row_start + offset + idx * VEC\n        t_ptr = targets_ptr + row_start + offset + idx * VEC\n        p_vec = tl.load(p_ptr, mask=vec_mask, other=0.0)\n        t_vec = tl.load(t_ptr, mask=vec_mask, other=0.0)\n\n        # Process each vector element\n        for j in range(VEC):\n            p = p_vec[:, j]\n                ^\nValueError(\'unsupported tensor index: int32[]\')\n\n\nThe above exception was the direct cause of the following exception:\n\nTraceback (most recent call last):\n  File "/home/lijiaxing/.conda/envs/api/lib/python3.10/site-packages/triton/language/core.py", line 42, in wrapper\n    return fn(*args, **kwargs)\n  File "/home/lijiaxing/.conda/envs/api/lib/python3.10/site-packages/triton/language/core.py", line 1118, in __getitem__\n    raise ValueError(f"unsupported tensor index: {sl}")\nValueError: unsupported tensor index: int32[]\n', 'runtime_error_name': 'triton.compiler.errors.CompilationError', 'reference_timing_ms': 0.082, 'speed_up': -1.0, 'custom_timing': -1.0}, 'runtime': -1.0, 'runtime_stats': {}}}
2025-08-12 18:07:33,217 - openevolve.threaded_parallel - INFO - Checkpoint interval reached at iteration 24
2025-08-12 18:07:33,218 - openevolve.database - INFO - Island Status:
2025-08-12 18:07:33,218 - openevolve.database - INFO -  * Island 0: 10 programs, best=81.7000, avg=39.1900, diversity=490.53, gen=9 (best: 176eb0e6-c2a5-4402-b3c3-4e215e4e6daa)
2025-08-12 18:07:33,218 - openevolve.database - INFO -    Island 1: 7 programs, best=84.0000, avg=59.2286, diversity=126.75, gen=9 (best: 87c3da16-44a0-430c-b099-0c08cb062c52)
2025-08-12 18:07:33,218 - openevolve.database - INFO -    Island 2: 9 programs, best=82.1000, avg=61.2889, diversity=109.20, gen=8 (best: a1ffda3b-c2b2-4af6-8f06-a921814575cf)
2025-08-12 18:07:33,592 - openevolve.database - INFO - Saved database with 25 programs to openevolve_output/level1_97_CosineSimilarityLoss/checkpoints/checkpoint_24
2025-08-12 18:07:33,603 - openevolve.controller - INFO - Saved best program at checkpoint 24 with metrics: compiled=1.0000, correctness=1.0000, stage=success, passed=1.0000, score=84.0000, speed_up=1.6400, runtime_ms=0.0500, meta={'hardware': 'NVIDIA L20Y', 'device': 'cuda:7', 'correctness_trials': '(5 / 5)', 'reference_timing_ms': 0.082, 'speed_up': 1.64, 'custom_timing': 0.05}
2025-08-12 18:07:33,603 - openevolve.controller - INFO - Saved checkpoint at iteration 24 to openevolve_output/level1_97_CosineSimilarityLoss/checkpoints/checkpoint_24
2025-08-12 18:12:07,069 - openevolve.RemoteSpeedupEvaluator - INFO - [level1_97_CosineSimilarityLoss] triton key words check pass
2025-08-12 18:12:07,069 - openevolve.RemoteSpeedupEvaluator - INFO - [level1_97_CosineSimilarityLoss] verify_plus payload: reference_code(612 chars) + custom_code(2753 chars)
2025-08-12 18:12:10,416 - openevolve.RemoteSpeedupEvaluator - INFO - [level1_97_CosineSimilarityLoss] verify_plus request success
2025-08-12 18:12:10,416 - openevolve.RemoteSpeedupEvaluator - INFO - [level1_97_CosineSimilarityLoss] verify_plus response: {"id":"level1_97_CosineSimilarityLoss","result":{"compiled":true,"correctness":false,"metadata":{"hardware":"NVIDIA L20Y","device":"cuda:0","runtime_error":"Traceback (most recent call last):\n  File \"/home/lijiaxing/.conda/envs/api/lib/python3.10/site-packages/triton/backends/nvidia/compiler.py\", line 424, in make_cubin\n    subprocess.run(ptxas_cmd, check=True, close_fds=False, stderr=flog)\n  File \"/home/lijiaxing/.conda/envs/api/lib/python3.10/subprocess.py\", line 526, in run\n    raise CalledProcessError(retcode, process.args,\nsubprocess.CalledProcessError: Command '['/home/lijiaxing/.conda/envs/api/lib/python3.10/site-packages/triton/backends/nvidia/bin/ptxas', '-lineinfo', '-v', '--gpu-name=sm_90a', '/tmp/tmpb_5keu0v.ptx', '-o', '/tmp/tmpb_5keu0v.ptx.o']' returned non-zero exit
2025-08-12 18:12:10,417 - openevolve.RemoteSpeedupEvaluator - INFO - [level1_97_CosineSimilarityLoss] âœ˜ wrong_answer
2025-08-12 18:12:10,417 - openevolve.evaluator - INFO - Evaluated program f444a3b8-01b8-48b4-963c-bab27220acdc in 3.35s: compiled=1.0000, correctness=0.0000, score=10.0000, stage=wrong_answer, verify_payload={'id': 'level1_97_CosineSimilarityLoss', 'result': {'compiled': True, 'correctness': False, 'metadata': {'hardware': 'NVIDIA L20Y', 'device': 'cuda:0', 'runtime_error': 'Traceback (most recent call last):\n  File "/home/lijiaxing/.conda/envs/api/lib/python3.10/site-packages/triton/backends/nvidia/compiler.py", line 424, in make_cubin\n    subprocess.run(ptxas_cmd, check=True, close_fds=False, stderr=flog)\n  File "/home/lijiaxing/.conda/envs/api/lib/python3.10/subprocess.py", line 526, in run\n    raise CalledProcessError(retcode, process.args,\nsubprocess.CalledProcessError: Command \'[\'/home/lijiaxing/.conda/envs/api/lib/python3.10/site-packages/triton/backends/nvidia/bin/ptxas\', \'-lineinfo\', \'-v\', \'--gpu-name=sm_90a\', \'/tmp/tmpb_5keu0v.ptx\', \'-o\', \'/tmp/tmpb_5keu0v.ptx.o\']\' returned non-zero exit status 255.\n\nDuring handling of the above exception, another exception occurred:\n\nTraceback (most recent call last):\n  File "/cpfs01/shared/llm_kernel/hujiakai/KernelLLM/validation_api_server/helpers/evaluations.py", line 720, in run_and_check_correctness\n    output_new = model_new(*inputs)\n  File "/home/lijiaxing/.conda/envs/api/lib/python3.10/site-packages/torch/nn/modules/module.py", line 1773, in _wrapped_call_impl\n    return self._call_impl(*args, **kwargs)\n  File "/home/lijiaxing/.conda/envs/api/lib/python3.10/site-packages/torch/nn/modules/module.py", line 1784, in _call_impl\n    return forward_call(*args, **kwargs)\n  File "/tmp/tmp1bm_vpvp.py", line 72, in forward\n    cosine_similarity_kernel[grid](\n  File "/home/lijiaxing/.conda/envs/api/lib/python3.10/site-packages/triton/runtime/jit.py", line 390, in <lambda>\n    return lambda *args, **kwargs: self.run(grid=grid, warmup=False, *args, **kwargs)\n  File "/home/lijiaxing/.conda/envs/api/lib/python3.10/site-packages/triton/runtime/autotuner.py", line 251, in run\n    ret = self.fn.run(\n  File "/home/lijiaxing/.conda/envs/api/lib/python3.10/site-packages/triton/runtime/jit.py", line 594, in run\n    kernel = self.compile(src, target=target, options=options.__dict__)\n  File "/home/lijiaxing/.conda/envs/api/lib/python3.10/site-packages/triton/compiler/compiler.py", line 359, in compile\n    next_module = compile_ir(module, metadata)\n  File "/home/lijiaxing/.conda/envs/api/lib/python3.10/site-packages/triton/backends/nvidia/compiler.py", line 461, in <lambda>\n    stages["cubin"] = lambda src, metadata: self.make_cubin(src, metadata, options, self.target.arch)\n  File "/home/lijiaxing/.conda/envs/api/lib/python3.10/site-packages/triton/backends/nvidia/compiler.py", line 442, in make_cubin\n    raise PTXASError(f"{error}\\n"\ntriton.runtime.errors.PTXASError: PTXAS error: Internal Triton PTX codegen error\n`ptxas` stderr:\nptxas /tmp/tmpb_5keu0v.ptx, line 72; error   : Modifier \'.evict_last\' cannot be combined with modifier \'.cg\'\nptxas /tmp/tmpb_5keu0v.ptx, line 82; error   : Modifier \'.evict_last\' cannot be combined with modifier \'.cg\'\nptxas fatal   : Ptx assembly aborted due to errors\n\nRepro command: /home/lijiaxing/.conda/envs/api/lib/python3.10/site-packages/triton/backends/nvidia/bin/ptxas -lineinfo -v --gpu-name=sm_90a /tmp/tmpb_5keu0v.ptx -o /tmp/tmpb_5keu0v.ptx.o\n\n\n\nThe above exception was the direct cause of the following exception:\n\nTraceback (most recent call last):\n  File "/home/lijiaxing/.conda/envs/api/lib/python3.10/site-packages/triton/backends/nvidia/compiler.py", line 424, in make_cubin\n    subprocess.run(ptxas_cmd, check=True, close_fds=False, stderr=flog)\n  File "/home/lijiaxing/.conda/envs/api/lib/python3.10/subprocess.py", line 526, in run\n    raise CalledProcessError(retcode, process.args,\nsubprocess.CalledProcessError: Command \'[\'/home/lijiaxing/.conda/envs/api/lib/python3.10/site-packages/triton/backends/nvidia/bin/ptxas\', \'-lineinfo\', \'-v\', \'--gpu-name=sm_90a\', \'/tmp/tmpb_5keu0v.ptx\', \'-o\', \'/tmp/tmpb_5keu0v.ptx.o\']\' returned non-zero exit status 255.\n', 'runtime_error_name': 'triton.runtime.errors.PTXASError', 'reference_timing_ms': 0.082, 'speed_up': -1.0, 'custom_timing': -1.0}, 'runtime': -1.0, 'runtime_stats': {}}}
2025-08-12 18:12:10,420 - openevolve.llm.ensemble - INFO - Sampled model: deepseek
2025-08-12 18:12:10,421 - openevolve.database - INFO - Population size (26) exceeds limit (25), removing 1 programs
2025-08-12 18:12:10,421 - openevolve.database - INFO - Population size after cleanup: 25
2025-08-12 18:12:10,432 - openevolve.threaded_parallel - INFO - Iteration 25: Program f444a3b8-01b8-48b4-963c-bab27220acdc (parent: 9174ec2e-cf7e-4be4-9256-14ad2660be70) completed in 850.15s
2025-08-12 18:12:10,432 - openevolve.threaded_parallel - INFO - Metrics: compiled=1.0000, correctness=0.0000, score=10.0000, stage=wrong_answer, verify_payload={'id': 'level1_97_CosineSimilarityLoss', 'result': {'compiled': True, 'correctness': False, 'metadata': {'hardware': 'NVIDIA L20Y', 'device': 'cuda:0', 'runtime_error': 'Traceback (most recent call last):\n  File "/home/lijiaxing/.conda/envs/api/lib/python3.10/site-packages/triton/backends/nvidia/compiler.py", line 424, in make_cubin\n    subprocess.run(ptxas_cmd, check=True, close_fds=False, stderr=flog)\n  File "/home/lijiaxing/.conda/envs/api/lib/python3.10/subprocess.py", line 526, in run\n    raise CalledProcessError(retcode, process.args,\nsubprocess.CalledProcessError: Command \'[\'/home/lijiaxing/.conda/envs/api/lib/python3.10/site-packages/triton/backends/nvidia/bin/ptxas\', \'-lineinfo\', \'-v\', \'--gpu-name=sm_90a\', \'/tmp/tmpb_5keu0v.ptx\', \'-o\', \'/tmp/tmpb_5keu0v.ptx.o\']\' returned non-zero exit status 255.\n\nDuring handling of the above exception, another exception occurred:\n\nTraceback (most recent call last):\n  File "/cpfs01/shared/llm_kernel/hujiakai/KernelLLM/validation_api_server/helpers/evaluations.py", line 720, in run_and_check_correctness\n    output_new = model_new(*inputs)\n  File "/home/lijiaxing/.conda/envs/api/lib/python3.10/site-packages/torch/nn/modules/module.py", line 1773, in _wrapped_call_impl\n    return self._call_impl(*args, **kwargs)\n  File "/home/lijiaxing/.conda/envs/api/lib/python3.10/site-packages/torch/nn/modules/module.py", line 1784, in _call_impl\n    return forward_call(*args, **kwargs)\n  File "/tmp/tmp1bm_vpvp.py", line 72, in forward\n    cosine_similarity_kernel[grid](\n  File "/home/lijiaxing/.conda/envs/api/lib/python3.10/site-packages/triton/runtime/jit.py", line 390, in <lambda>\n    return lambda *args, **kwargs: self.run(grid=grid, warmup=False, *args, **kwargs)\n  File "/home/lijiaxing/.conda/envs/api/lib/python3.10/site-packages/triton/runtime/autotuner.py", line 251, in run\n    ret = self.fn.run(\n  File "/home/lijiaxing/.conda/envs/api/lib/python3.10/site-packages/triton/runtime/jit.py", line 594, in run\n    kernel = self.compile(src, target=target, options=options.__dict__)\n  File "/home/lijiaxing/.conda/envs/api/lib/python3.10/site-packages/triton/compiler/compiler.py", line 359, in compile\n    next_module = compile_ir(module, metadata)\n  File "/home/lijiaxing/.conda/envs/api/lib/python3.10/site-packages/triton/backends/nvidia/compiler.py", line 461, in <lambda>\n    stages["cubin"] = lambda src, metadata: self.make_cubin(src, metadata, options, self.target.arch)\n  File "/home/lijiaxing/.conda/envs/api/lib/python3.10/site-packages/triton/backends/nvidia/compiler.py", line 442, in make_cubin\n    raise PTXASError(f"{error}\\n"\ntriton.runtime.errors.PTXASError: PTXAS error: Internal Triton PTX codegen error\n`ptxas` stderr:\nptxas /tmp/tmpb_5keu0v.ptx, line 72; error   : Modifier \'.evict_last\' cannot be combined with modifier \'.cg\'\nptxas /tmp/tmpb_5keu0v.ptx, line 82; error   : Modifier \'.evict_last\' cannot be combined with modifier \'.cg\'\nptxas fatal   : Ptx assembly aborted due to errors\n\nRepro command: /home/lijiaxing/.conda/envs/api/lib/python3.10/site-packages/triton/backends/nvidia/bin/ptxas -lineinfo -v --gpu-name=sm_90a /tmp/tmpb_5keu0v.ptx -o /tmp/tmpb_5keu0v.ptx.o\n\n\n\nThe above exception was the direct cause of the following exception:\n\nTraceback (most recent call last):\n  File "/home/lijiaxing/.conda/envs/api/lib/python3.10/site-packages/triton/backends/nvidia/compiler.py", line 424, in make_cubin\n    subprocess.run(ptxas_cmd, check=True, close_fds=False, stderr=flog)\n  File "/home/lijiaxing/.conda/envs/api/lib/python3.10/subprocess.py", line 526, in run\n    raise CalledProcessError(retcode, process.args,\nsubprocess.CalledProcessError: Command \'[\'/home/lijiaxing/.conda/envs/api/lib/python3.10/site-packages/triton/backends/nvidia/bin/ptxas\', \'-lineinfo\', \'-v\', \'--gpu-name=sm_90a\', \'/tmp/tmpb_5keu0v.ptx\', \'-o\', \'/tmp/tmpb_5keu0v.ptx.o\']\' returned non-zero exit status 255.\n', 'runtime_error_name': 'triton.runtime.errors.PTXASError', 'reference_timing_ms': 0.082, 'speed_up': -1.0, 'custom_timing': -1.0}, 'runtime': -1.0, 'runtime_stats': {}}}
2025-08-12 18:12:58,812 - openevolve.RemoteSpeedupEvaluator - INFO - [level1_97_CosineSimilarityLoss] triton key words check pass
2025-08-12 18:12:58,812 - openevolve.RemoteSpeedupEvaluator - INFO - [level1_97_CosineSimilarityLoss] verify_plus payload: reference_code(612 chars) + custom_code(2205 chars)
2025-08-12 18:13:02,226 - openevolve.RemoteSpeedupEvaluator - INFO - [level1_97_CosineSimilarityLoss] verify_plus request success
2025-08-12 18:13:02,227 - openevolve.RemoteSpeedupEvaluator - INFO - [level1_97_CosineSimilarityLoss] verify_plus response: {"id":"level1_97_CosineSimilarityLoss","result":{"compiled":true,"correctness":false,"metadata":{"hardware":"NVIDIA L20Y","device":"cuda:7","runtime_error":"Traceback (most recent call last):\n  File \"/home/lijiaxing/.conda/envs/api/lib/python3.10/site-packages/triton/language/core.py\", line 42, in wrapper\n    return fn(*args, **kwargs)\n  File \"/home/lijiaxing/.conda/envs/api/lib/python3.10/site-packages/triton/language/core.py\", line 2045, in dot\n    return _semantic.dot(input, other, acc, input_precision, max_num_imprecise_acc, out_dtype)\n  File \"/home/lijiaxing/.conda/envs/api/lib/python3.10/site-packages/triton/language/semantic.py\", line 1497, in dot\n    assert lhs_rank == rhs_rank == 2 or lhs_rank == rhs_rank == 3, f\"Both inputs must be either 2D or 3D; (lhs: {lhs.shape} 
2025-08-12 18:13:02,227 - openevolve.RemoteSpeedupEvaluator - INFO - [level1_97_CosineSimilarityLoss] âœ˜ wrong_answer
2025-08-12 18:13:02,227 - openevolve.evaluator - INFO - Evaluated program 54537fbc-0475-4017-a8bb-debcd41a2e00 in 3.42s: compiled=1.0000, correctness=0.0000, score=10.0000, stage=wrong_answer, verify_payload={'id': 'level1_97_CosineSimilarityLoss', 'result': {'compiled': True, 'correctness': False, 'metadata': {'hardware': 'NVIDIA L20Y', 'device': 'cuda:7', 'runtime_error': 'Traceback (most recent call last):\n  File "/home/lijiaxing/.conda/envs/api/lib/python3.10/site-packages/triton/language/core.py", line 42, in wrapper\n    return fn(*args, **kwargs)\n  File "/home/lijiaxing/.conda/envs/api/lib/python3.10/site-packages/triton/language/core.py", line 2045, in dot\n    return _semantic.dot(input, other, acc, input_precision, max_num_imprecise_acc, out_dtype)\n  File "/home/lijiaxing/.conda/envs/api/lib/python3.10/site-packages/triton/language/semantic.py", line 1497, in dot\n    assert lhs_rank == rhs_rank == 2 or lhs_rank == rhs_rank == 3, f"Both inputs must be either 2D or 3D; (lhs: {lhs.shape} vs rhs: {rhs.shape})"\nAssertionError: Both inputs must be either 2D or 3D; (lhs: [\'constexpr[1024]\'] vs rhs: [\'constexpr[1024]\'])\n\nThe above exception was the direct cause of the following exception:\n\nTraceback (most recent call last):\n  File "/cpfs01/shared/llm_kernel/hujiakai/KernelLLM/validation_api_server/helpers/evaluations.py", line 720, in run_and_check_correctness\n    output_new = model_new(*inputs)\n  File "/home/lijiaxing/.conda/envs/api/lib/python3.10/site-packages/torch/nn/modules/module.py", line 1773, in _wrapped_call_impl\n    return self._call_impl(*args, **kwargs)\n  File "/home/lijiaxing/.conda/envs/api/lib/python3.10/site-packages/torch/nn/modules/module.py", line 1784, in _call_impl\n    return forward_call(*args, **kwargs)\n  File "/tmp/tmpc6w4nics.py", line 56, in forward\n    cosine_similarity_kernel[grid](\n  File "/home/lijiaxing/.conda/envs/api/lib/python3.10/site-packages/triton/runtime/jit.py", line 390, in <lambda>\n    return lambda *args, **kwargs: self.run(grid=grid, warmup=False, *args, **kwargs)\n  File "/home/lijiaxing/.conda/envs/api/lib/python3.10/site-packages/triton/runtime/jit.py", line 594, in run\n    kernel = self.compile(src, target=target, options=options.__dict__)\n  File "/home/lijiaxing/.conda/envs/api/lib/python3.10/site-packages/triton/compiler/compiler.py", line 339, in compile\n    module = src.make_ir(options, codegen_fns, module_map, context)\n  File "/home/lijiaxing/.conda/envs/api/lib/python3.10/site-packages/triton/compiler/compiler.py", line 83, in make_ir\n    return ast_to_ttir(self.fn, self, context=context, options=options, codegen_fns=codegen_fns,\ntriton.compiler.errors.CompilationError: at 25:15:\n    norm2 = 0.0\n\n    # Process entire row in chunks with tensor core optimizations\n    for offset in range(0, row_length, BLOCK_SIZE):\n        offs = offset + tl.arange(0, BLOCK_SIZE)\n        mask = offs < row_length\n\n        vec1 = tl.load(predictions_ptr + row_start + offs, mask=mask, other=0.0)\n        vec2 = tl.load(targets_ptr + row_start + offs, mask=mask, other=0.0)\n\n        # Use tensor core optimized dot products\n        dot += tl.dot(vec1, vec2)\n               ^\n\n\nThe above exception was the direct cause of the following exception:\n\nTraceback (most recent call last):\n  File "/home/lijiaxing/.conda/envs/api/lib/python3.10/site-packages/triton/language/core.py", line 42, in wrapper\n    return fn(*args, **kwargs)\n  File "/home/lijiaxing/.conda/envs/api/lib/python3.10/site-packages/triton/language/core.py", line 2045, in dot\n    return _semantic.dot(input, other, acc, input_precision, max_num_imprecise_acc, out_dtype)\n  File "/home/lijiaxing/.conda/envs/api/lib/python3.10/site-packages/triton/language/semantic.py", line 1497, in dot\n    assert lhs_rank == rhs_rank == 2 or lhs_rank == rhs_rank == 3, f"Both inputs must be either 2D or 3D; (lhs: {lhs.shape} vs rhs: {rhs.shape})"\nAssertionError: Both inputs must be either 2D or 3D; (lhs: [\'constexpr[1024]\'] vs rhs: [\'constexpr[1024]\'])\n', 'runtime_error_name': 'triton.compiler.errors.CompilationError', 'reference_timing_ms': 0.082, 'speed_up': -1.0, 'custom_timing': -1.0}, 'runtime': -1.0, 'runtime_stats': {}}}
2025-08-12 18:13:02,237 - openevolve.database - INFO - New MAP-Elites cell occupied: {'score': 9, 'complexity': 2}
2025-08-12 18:13:02,237 - openevolve.database - INFO - Population size (26) exceeds limit (25), removing 1 programs
2025-08-12 18:13:02,238 - openevolve.database - INFO - Population size after cleanup: 25
2025-08-12 18:13:02,250 - openevolve.threaded_parallel - INFO - Iteration 27: Program 54537fbc-0475-4017-a8bb-debcd41a2e00 (parent: a8b1e54c-bcbe-40b3-9a04-fee1c8a7d99d) completed in 504.11s
2025-08-12 18:13:02,250 - openevolve.threaded_parallel - INFO - Metrics: compiled=1.0000, correctness=0.0000, score=10.0000, stage=wrong_answer, verify_payload={'id': 'level1_97_CosineSimilarityLoss', 'result': {'compiled': True, 'correctness': False, 'metadata': {'hardware': 'NVIDIA L20Y', 'device': 'cuda:7', 'runtime_error': 'Traceback (most recent call last):\n  File "/home/lijiaxing/.conda/envs/api/lib/python3.10/site-packages/triton/language/core.py", line 42, in wrapper\n    return fn(*args, **kwargs)\n  File "/home/lijiaxing/.conda/envs/api/lib/python3.10/site-packages/triton/language/core.py", line 2045, in dot\n    return _semantic.dot(input, other, acc, input_precision, max_num_imprecise_acc, out_dtype)\n  File "/home/lijiaxing/.conda/envs/api/lib/python3.10/site-packages/triton/language/semantic.py", line 1497, in dot\n    assert lhs_rank == rhs_rank == 2 or lhs_rank == rhs_rank == 3, f"Both inputs must be either 2D or 3D; (lhs: {lhs.shape} vs rhs: {rhs.shape})"\nAssertionError: Both inputs must be either 2D or 3D; (lhs: [\'constexpr[1024]\'] vs rhs: [\'constexpr[1024]\'])\n\nThe above exception was the direct cause of the following exception:\n\nTraceback (most recent call last):\n  File "/cpfs01/shared/llm_kernel/hujiakai/KernelLLM/validation_api_server/helpers/evaluations.py", line 720, in run_and_check_correctness\n    output_new = model_new(*inputs)\n  File "/home/lijiaxing/.conda/envs/api/lib/python3.10/site-packages/torch/nn/modules/module.py", line 1773, in _wrapped_call_impl\n    return self._call_impl(*args, **kwargs)\n  File "/home/lijiaxing/.conda/envs/api/lib/python3.10/site-packages/torch/nn/modules/module.py", line 1784, in _call_impl\n    return forward_call(*args, **kwargs)\n  File "/tmp/tmpc6w4nics.py", line 56, in forward\n    cosine_similarity_kernel[grid](\n  File "/home/lijiaxing/.conda/envs/api/lib/python3.10/site-packages/triton/runtime/jit.py", line 390, in <lambda>\n    return lambda *args, **kwargs: self.run(grid=grid, warmup=False, *args, **kwargs)\n  File "/home/lijiaxing/.conda/envs/api/lib/python3.10/site-packages/triton/runtime/jit.py", line 594, in run\n    kernel = self.compile(src, target=target, options=options.__dict__)\n  File "/home/lijiaxing/.conda/envs/api/lib/python3.10/site-packages/triton/compiler/compiler.py", line 339, in compile\n    module = src.make_ir(options, codegen_fns, module_map, context)\n  File "/home/lijiaxing/.conda/envs/api/lib/python3.10/site-packages/triton/compiler/compiler.py", line 83, in make_ir\n    return ast_to_ttir(self.fn, self, context=context, options=options, codegen_fns=codegen_fns,\ntriton.compiler.errors.CompilationError: at 25:15:\n    norm2 = 0.0\n\n    # Process entire row in chunks with tensor core optimizations\n    for offset in range(0, row_length, BLOCK_SIZE):\n        offs = offset + tl.arange(0, BLOCK_SIZE)\n        mask = offs < row_length\n\n        vec1 = tl.load(predictions_ptr + row_start + offs, mask=mask, other=0.0)\n        vec2 = tl.load(targets_ptr + row_start + offs, mask=mask, other=0.0)\n\n        # Use tensor core optimized dot products\n        dot += tl.dot(vec1, vec2)\n               ^\n\n\nThe above exception was the direct cause of the following exception:\n\nTraceback (most recent call last):\n  File "/home/lijiaxing/.conda/envs/api/lib/python3.10/site-packages/triton/language/core.py", line 42, in wrapper\n    return fn(*args, **kwargs)\n  File "/home/lijiaxing/.conda/envs/api/lib/python3.10/site-packages/triton/language/core.py", line 2045, in dot\n    return _semantic.dot(input, other, acc, input_precision, max_num_imprecise_acc, out_dtype)\n  File "/home/lijiaxing/.conda/envs/api/lib/python3.10/site-packages/triton/language/semantic.py", line 1497, in dot\n    assert lhs_rank == rhs_rank == 2 or lhs_rank == rhs_rank == 3, f"Both inputs must be either 2D or 3D; (lhs: {lhs.shape} vs rhs: {rhs.shape})"\nAssertionError: Both inputs must be either 2D or 3D; (lhs: [\'constexpr[1024]\'] vs rhs: [\'constexpr[1024]\'])\n', 'runtime_error_name': 'triton.compiler.errors.CompilationError', 'reference_timing_ms': 0.082, 'speed_up': -1.0, 'custom_timing': -1.0}, 'runtime': -1.0, 'runtime_stats': {}}}
2025-08-12 18:13:02,250 - openevolve.threaded_parallel - INFO - Checkpoint interval reached at iteration 27
2025-08-12 18:13:02,252 - openevolve.database - INFO - Island Status:
2025-08-12 18:13:02,252 - openevolve.database - INFO -    Island 0: 10 programs, best=81.7000, avg=40.1900, diversity=97.70, gen=9 (best: 176eb0e6-c2a5-4402-b3c3-4e215e4e6daa)
2025-08-12 18:13:02,252 - openevolve.database - INFO -    Island 1: 8 programs, best=84.0000, avg=53.0750, diversity=124.40, gen=10 (best: 87c3da16-44a0-430c-b099-0c08cb062c52)
2025-08-12 18:13:02,252 - openevolve.database - INFO -  * Island 2: 8 programs, best=82.1000, avg=67.7000, diversity=120.15, gen=9 (best: a1ffda3b-c2b2-4af6-8f06-a921814575cf)
2025-08-12 18:13:02,716 - openevolve.database - INFO - Saved database with 25 programs to openevolve_output/level1_97_CosineSimilarityLoss/checkpoints/checkpoint_27
2025-08-12 18:13:02,726 - openevolve.controller - INFO - Saved best program at checkpoint 27 with metrics: compiled=1.0000, correctness=1.0000, stage=success, passed=1.0000, score=84.0000, speed_up=1.6400, runtime_ms=0.0500, meta={'hardware': 'NVIDIA L20Y', 'device': 'cuda:7', 'correctness_trials': '(5 / 5)', 'reference_timing_ms': 0.082, 'speed_up': 1.64, 'custom_timing': 0.05}
2025-08-12 18:13:02,726 - openevolve.controller - INFO - Saved checkpoint at iteration 27 to openevolve_output/level1_97_CosineSimilarityLoss/checkpoints/checkpoint_27
2025-08-12 18:18:22,000 - openevolve.RemoteSpeedupEvaluator - INFO - [level1_97_CosineSimilarityLoss] triton key words check pass
2025-08-12 18:18:22,001 - openevolve.RemoteSpeedupEvaluator - INFO - [level1_97_CosineSimilarityLoss] verify_plus payload: reference_code(612 chars) + custom_code(2226 chars)
2025-08-12 18:18:25,359 - openevolve.RemoteSpeedupEvaluator - INFO - [level1_97_CosineSimilarityLoss] verify_plus request success
2025-08-12 18:18:25,360 - openevolve.RemoteSpeedupEvaluator - INFO - [level1_97_CosineSimilarityLoss] verify_plus response: {"id":"level1_97_CosineSimilarityLoss","result":{"compiled":true,"correctness":true,"metadata":{"hardware":"NVIDIA L20Y","device":"cuda:6","correctness_trials":"(5 / 5)","reference_timing_ms":0.082,"speed_up":1.565,"custom_timing":0.0524},"runtime":0.0524,"runtime_stats":{"mean":0.0524,"std":0.00206,"min":0.0498,"max":0.0648,"num_trials":100,"hardware":"NVIDIA L20Y","device":"cuda:6"}}}
2025-08-12 18:18:25,360 - openevolve.RemoteSpeedupEvaluator - INFO - [level1_97_CosineSimilarityLoss] âœ” success | speed_up=1.565  score=76.50
2025-08-12 18:18:25,360 - openevolve.evaluator - INFO - Evaluated program b93ccf55-afbd-41ba-9f3f-825e55caf75d in 3.36s: compiled=1.0000, correctness=1.0000, stage=success, passed=1.0000, score=76.5000, speed_up=1.5650, runtime_ms=0.0524, meta={'hardware': 'NVIDIA L20Y', 'device': 'cuda:6', 'correctness_trials': '(5 / 5)', 'reference_timing_ms': 0.082, 'speed_up': 1.565, 'custom_timing': 0.0524}
2025-08-12 18:18:25,363 - openevolve.database - INFO - MAP-Elites cell improved: {'score': 9, 'complexity': 2} (fitness: 10.000 -> 76.500)
2025-08-12 18:18:25,364 - openevolve.database - INFO - Population size (26) exceeds limit (25), removing 1 programs
2025-08-12 18:18:25,364 - openevolve.database - INFO - Population size after cleanup: 25
2025-08-12 18:18:25,371 - openevolve.threaded_parallel - INFO - Iteration 28: Program b93ccf55-afbd-41ba-9f3f-825e55caf75d (parent: 0d11f721-adab-4864-808b-40b214035d0f) completed in 652.15s
2025-08-12 18:18:25,371 - openevolve.threaded_parallel - INFO - Metrics: compiled=1.0000, correctness=1.0000, stage=success, passed=1.0000, score=76.5000, speed_up=1.5650, runtime_ms=0.0524, meta={'hardware': 'NVIDIA L20Y', 'device': 'cuda:6', 'correctness_trials': '(5 / 5)', 'reference_timing_ms': 0.082, 'speed_up': 1.565, 'custom_timing': 0.0524}
2025-08-12 18:19:00,788 - openevolve.RemoteSpeedupEvaluator - INFO - [level1_97_CosineSimilarityLoss] triton key words check pass
2025-08-12 18:19:00,788 - openevolve.RemoteSpeedupEvaluator - INFO - [level1_97_CosineSimilarityLoss] verify_plus payload: reference_code(612 chars) + custom_code(2392 chars)
2025-08-12 18:19:03,955 - openevolve.RemoteSpeedupEvaluator - INFO - [level1_97_CosineSimilarityLoss] verify_plus request success
2025-08-12 18:19:03,955 - openevolve.RemoteSpeedupEvaluator - INFO - [level1_97_CosineSimilarityLoss] verify_plus response: {"id":"level1_97_CosineSimilarityLoss","result":{"compiled":true,"correctness":true,"metadata":{"hardware":"NVIDIA L20Y","device":"cuda:2","correctness_trials":"(5 / 5)","reference_timing_ms":0.082,"speed_up":1.454,"custom_timing":0.0564},"runtime":0.0564,"runtime_stats":{"mean":0.0564,"std":0.00541,"min":0.052,"max":0.0852,"num_trials":100,"hardware":"NVIDIA L20Y","device":"cuda:2"}}}
2025-08-12 18:19:03,955 - openevolve.RemoteSpeedupEvaluator - INFO - [level1_97_CosineSimilarityLoss] âœ” success | speed_up=1.454  score=65.40
2025-08-12 18:19:03,955 - openevolve.evaluator - INFO - Evaluated program db2efb34-6e4c-4966-a398-eb606911adf9 in 3.17s: compiled=1.0000, correctness=1.0000, stage=success, passed=1.0000, score=65.4000, speed_up=1.4540, runtime_ms=0.0564, meta={'hardware': 'NVIDIA L20Y', 'device': 'cuda:2', 'correctness_trials': '(5 / 5)', 'reference_timing_ms': 0.082, 'speed_up': 1.454, 'custom_timing': 0.0564}
2025-08-12 18:19:03,956 - openevolve.database - INFO - New MAP-Elites cell occupied: {'score': 9, 'complexity': 3}
2025-08-12 18:19:03,956 - openevolve.database - INFO - Population size (26) exceeds limit (25), removing 1 programs
2025-08-12 18:19:03,957 - openevolve.database - INFO - Population size after cleanup: 25
2025-08-12 18:19:03,963 - openevolve.threaded_parallel - INFO - Iteration 29: Program db2efb34-6e4c-4966-a398-eb606911adf9 (parent: 4653f1d5-3d26-4df3-8767-d9c775ace8ad) completed in 413.54s
2025-08-12 18:19:03,963 - openevolve.threaded_parallel - INFO - Metrics: compiled=1.0000, correctness=1.0000, stage=success, passed=1.0000, score=65.4000, speed_up=1.4540, runtime_ms=0.0564, meta={'hardware': 'NVIDIA L20Y', 'device': 'cuda:2', 'correctness_trials': '(5 / 5)', 'reference_timing_ms': 0.082, 'speed_up': 1.454, 'custom_timing': 0.0564}
2025-08-12 18:19:03,963 - openevolve.threaded_parallel - INFO - Evolution completed
2025-08-12 18:19:03,976 - openevolve.threaded_parallel - INFO - Stopped thread pool
2025-08-12 18:19:03,976 - openevolve.threaded_parallel - INFO - Stopped improved parallel controller
2025-08-12 18:19:03,976 - openevolve.controller - INFO - Using tracked best program: 87c3da16-44a0-430c-b099-0c08cb062c52
2025-08-12 18:19:03,976 - openevolve.controller - INFO - Evolution complete. Best program has metrics: compiled=1.0000, correctness=1.0000, stage=success, passed=1.0000, score=84.0000, speed_up=1.6400, runtime_ms=0.0500, meta={'hardware': 'NVIDIA L20Y', 'device': 'cuda:7', 'correctness_trials': '(5 / 5)', 'reference_timing_ms': 0.082, 'speed_up': 1.64, 'custom_timing': 0.05}
2025-08-12 18:19:03,989 - openevolve.controller - INFO - Saved best program to openevolve_output/level1_97_CosineSimilarityLoss/best/best_program.py with program info to openevolve_output/level1_97_CosineSimilarityLoss/best/best_program_info.json
2025-08-12 18:19:03,990 - __main__ - INFO - âœ… å®Œæˆ level1_97_CosineSimilarityLoss
2025-08-12 18:19:03,990 - __main__ - INFO - ======================================================================
2025-08-12 18:19:03,990 - __main__ - INFO - ðŸš€ [5/10] å¼€å§‹ level2_33_Gemm_Scale_BatchNorm
2025-08-12 18:19:03,990 - __main__ - INFO - ======================================================================
2025-08-12 18:19:03,991 - __main__ - INFO - âœ… å®Œæˆ level2_33_Gemm_Scale_BatchNorm
2025-08-12 18:19:03,991 - __main__ - INFO - ======================================================================
2025-08-12 18:19:03,991 - __main__ - INFO - ðŸš€ [6/10] å¼€å§‹ level2_60_ConvTranspose3d_Swish_GroupNorm_HardSwish
2025-08-12 18:19:03,991 - __main__ - INFO - ======================================================================
2025-08-12 18:19:03,991 - __main__ - INFO - âœ… å®Œæˆ level2_60_ConvTranspose3d_Swish_GroupNorm_HardSwish
2025-08-12 18:19:03,991 - __main__ - INFO - ======================================================================
2025-08-12 18:19:03,992 - __main__ - INFO - ðŸš€ [7/10] å¼€å§‹ level2_88_Gemm_GroupNorm_Swish_Multiply_Swish
2025-08-12 18:19:03,992 - __main__ - INFO - ======================================================================
2025-08-12 18:19:03,992 - __main__ - INFO - âœ… å®Œæˆ level2_88_Gemm_GroupNorm_Swish_Multiply_Swish
2025-08-12 18:19:03,992 - __main__ - INFO - ======================================================================
2025-08-12 18:19:03,992 - __main__ - INFO - ðŸš€ [8/10] å¼€å§‹ level3_25_ShuffleNetUnit
2025-08-12 18:19:03,992 - __main__ - INFO - ======================================================================
2025-08-12 18:19:03,993 - __main__ - INFO - âœ… å®Œæˆ level3_25_ShuffleNetUnit
2025-08-12 18:19:03,993 - __main__ - INFO - ======================================================================
2025-08-12 18:19:03,993 - __main__ - INFO - ðŸš€ [9/10] å¼€å§‹ level3_6_GoogleNetInceptionModule
2025-08-12 18:19:03,993 - __main__ - INFO - ======================================================================
2025-08-12 18:19:03,994 - __main__ - INFO - âœ… å®Œæˆ level3_6_GoogleNetInceptionModule
2025-08-12 18:19:03,994 - __main__ - INFO - ======================================================================
2025-08-12 18:19:03,994 - __main__ - INFO - ðŸš€ [10/10] å¼€å§‹ level5_2_stablediffusion3_mmdit
2025-08-12 18:19:03,994 - __main__ - INFO - ======================================================================
2025-08-12 18:19:04,030 - openevolve.controller - INFO - Logging to openevolve_output/level5_2_stablediffusion3_mmdit/logs/openevolve_20250812_181904.log
2025-08-12 18:19:04,030 - openevolve.controller - INFO - Set random seed to 42 for reproducibility
2025-08-12 18:19:04,072 - openevolve.llm.ensemble - INFO - Initialized LLM ensemble with models: deepseek (weight: 0.80), deepseek (weight: 0.20)
2025-08-12 18:19:04,112 - openevolve.llm.ensemble - INFO - Initialized LLM ensemble with models: deepseek (weight: 0.80), deepseek (weight: 0.20)
2025-08-12 18:19:04,112 - openevolve.prompt.sampler - INFO - Set custom templates: system=evaluator_system_message, user=None
2025-08-12 18:19:04,112 - openevolve.database - INFO - Initialized program database with 0 programs
2025-08-12 18:19:04,134 - openevolve.evaluator - INFO - Successfully loaded evaluation function from openevolve_output/level5_2_stablediffusion3_mmdit/evaluation.py
2025-08-12 18:19:04,135 - openevolve.evaluator - INFO - Initialized evaluator with openevolve_output/level5_2_stablediffusion3_mmdit/evaluation.py
2025-08-12 18:19:04,135 - openevolve.controller - INFO - Initialized OpenEvolve with /tmp/455ceaeaa232852551e5d8f445bd5a0b.py
2025-08-12 18:19:04,135 - openevolve.controller - INFO - Adding initial program to database
2025-08-12 18:19:04,136 - openevolve.RemoteSpeedupEvaluator - INFO - [level5_2_stablediffusion3_mmdit] verify_plus payload: reference_code(26268 chars) + custom_code(26389 chars)
2025-08-12 18:19:06,582 - openevolve.RemoteSpeedupEvaluator - INFO - [level5_2_stablediffusion3_mmdit] verify_plus request success
2025-08-12 18:19:06,583 - openevolve.RemoteSpeedupEvaluator - INFO - [level5_2_stablediffusion3_mmdit] verify_plus response: {"id":"level5_2_stablediffusion3_mmdit","result":{"error":"No module named 'einops'\nTraceback (most recent call last):\n  File \"/cpfs01/shared/llm_kernel/hujiakai/KernelLLM/validation_api_server/evaluator.py\", line 92, in _measure_perf_worker\n    exec(textwrap.dedent(code_src), temp_module.__dict__)\n  File \"<string>\", line 8, in <module>\nModuleNotFoundError: No module named 'einops'\n"}}
2025-08-12 18:19:06,583 - openevolve.evaluator - WARNING - Evaluation attempt 1/4 failed for program 4110499e-74c1-49d5-9e7b-e03f2dedfbc1: Error: The reference code is not valid or correct. The verify result is: {'error': 'No module named \'einops\'\nTraceback (most recent call last):\n  File "/cpfs01/shared/llm_kernel/hujiakai/KernelLLM/validation_api_server/evaluator.py", line 92, in _measure_perf_worker\n    exec(textwrap.dedent(code_src), temp_module.__dict__)\n  File "<string>", line 8, in <module>\nModuleNotFoundError: No module named \'einops\'\n'}
2025-08-12 18:19:07,588 - openevolve.RemoteSpeedupEvaluator - INFO - [level5_2_stablediffusion3_mmdit] verify_plus payload: reference_code(26268 chars) + custom_code(26389 chars)
2025-08-12 18:19:10,092 - openevolve.RemoteSpeedupEvaluator - INFO - [level5_2_stablediffusion3_mmdit] verify_plus request success
2025-08-12 18:19:10,092 - openevolve.RemoteSpeedupEvaluator - INFO - [level5_2_stablediffusion3_mmdit] verify_plus response: {"id":"level5_2_stablediffusion3_mmdit","result":{"error":"No module named 'einops'\nTraceback (most recent call last):\n  File \"/cpfs01/shared/llm_kernel/hujiakai/KernelLLM/validation_api_server/evaluator.py\", line 92, in _measure_perf_worker\n    exec(textwrap.dedent(code_src), temp_module.__dict__)\n  File \"<string>\", line 8, in <module>\nModuleNotFoundError: No module named 'einops'\n"}}
2025-08-12 18:19:10,092 - openevolve.evaluator - WARNING - Evaluation attempt 2/4 failed for program 4110499e-74c1-49d5-9e7b-e03f2dedfbc1: Error: The reference code is not valid or correct. The verify result is: {'error': 'No module named \'einops\'\nTraceback (most recent call last):\n  File "/cpfs01/shared/llm_kernel/hujiakai/KernelLLM/validation_api_server/evaluator.py", line 92, in _measure_perf_worker\n    exec(textwrap.dedent(code_src), temp_module.__dict__)\n  File "<string>", line 8, in <module>\nModuleNotFoundError: No module named \'einops\'\n'}
2025-08-12 18:19:11,095 - openevolve.RemoteSpeedupEvaluator - INFO - [level5_2_stablediffusion3_mmdit] verify_plus payload: reference_code(26268 chars) + custom_code(26389 chars)
2025-08-12 18:19:13,449 - openevolve.RemoteSpeedupEvaluator - INFO - [level5_2_stablediffusion3_mmdit] verify_plus request success
2025-08-12 18:19:13,449 - openevolve.RemoteSpeedupEvaluator - INFO - [level5_2_stablediffusion3_mmdit] verify_plus response: {"id":"level5_2_stablediffusion3_mmdit","result":{"error":"No module named 'einops'\nTraceback (most recent call last):\n  File \"/cpfs01/shared/llm_kernel/hujiakai/KernelLLM/validation_api_server/evaluator.py\", line 92, in _measure_perf_worker\n    exec(textwrap.dedent(code_src), temp_module.__dict__)\n  File \"<string>\", line 8, in <module>\nModuleNotFoundError: No module named 'einops'\n"}}
2025-08-12 18:19:13,449 - openevolve.evaluator - WARNING - Evaluation attempt 3/4 failed for program 4110499e-74c1-49d5-9e7b-e03f2dedfbc1: Error: The reference code is not valid or correct. The verify result is: {'error': 'No module named \'einops\'\nTraceback (most recent call last):\n  File "/cpfs01/shared/llm_kernel/hujiakai/KernelLLM/validation_api_server/evaluator.py", line 92, in _measure_perf_worker\n    exec(textwrap.dedent(code_src), temp_module.__dict__)\n  File "<string>", line 8, in <module>\nModuleNotFoundError: No module named \'einops\'\n'}
2025-08-12 18:19:14,451 - openevolve.RemoteSpeedupEvaluator - INFO - [level5_2_stablediffusion3_mmdit] verify_plus payload: reference_code(26268 chars) + custom_code(26389 chars)
2025-08-12 18:19:16,885 - openevolve.RemoteSpeedupEvaluator - INFO - [level5_2_stablediffusion3_mmdit] verify_plus request success
2025-08-12 18:19:16,885 - openevolve.RemoteSpeedupEvaluator - INFO - [level5_2_stablediffusion3_mmdit] verify_plus response: {"id":"level5_2_stablediffusion3_mmdit","result":{"error":"No module named 'einops'\nTraceback (most recent call last):\n  File \"/cpfs01/shared/llm_kernel/hujiakai/KernelLLM/validation_api_server/evaluator.py\", line 92, in _measure_perf_worker\n    exec(textwrap.dedent(code_src), temp_module.__dict__)\n  File \"<string>\", line 8, in <module>\nModuleNotFoundError: No module named 'einops'\n"}}
2025-08-12 18:19:16,885 - openevolve.evaluator - WARNING - Evaluation attempt 4/4 failed for program 4110499e-74c1-49d5-9e7b-e03f2dedfbc1: Error: The reference code is not valid or correct. The verify result is: {'error': 'No module named \'einops\'\nTraceback (most recent call last):\n  File "/cpfs01/shared/llm_kernel/hujiakai/KernelLLM/validation_api_server/evaluator.py", line 92, in _measure_perf_worker\n    exec(textwrap.dedent(code_src), temp_module.__dict__)\n  File "<string>", line 8, in <module>\nModuleNotFoundError: No module named \'einops\'\n'}
2025-08-12 18:19:16,886 - openevolve.evaluator - ERROR - All evaluation attempts failed for program 4110499e-74c1-49d5-9e7b-e03f2dedfbc1. Last error: Error: The reference code is not valid or correct. The verify result is: {'error': 'No module named \'einops\'\nTraceback (most recent call last):\n  File "/cpfs01/shared/llm_kernel/hujiakai/KernelLLM/validation_api_server/evaluator.py", line 92, in _measure_perf_worker\n    exec(textwrap.dedent(code_src), temp_module.__dict__)\n  File "<string>", line 8, in <module>\nModuleNotFoundError: No module named \'einops\'\n'}
2025-08-12 18:19:16,887 - __main__ - ERROR - ðŸ’¥ å¤±è´¥ level5_2_stablediffusion3_mmdit: 'score'
2025-08-12 18:19:16,887 - __main__ - INFO - ----------------------------------------------------------------------
2025-08-12 18:19:16,887 - __main__ - INFO - ðŸ“Š è¿›ç¨‹ rank=29 ç»“æŸ | æˆåŠŸ 9 | å¤±è´¥ 1
2025-08-12 18:19:16,887 - __main__ - INFO - ----------------------------------------------------------------------
