2025-08-12 17:02:26,239 - openevolve.controller - INFO - Logging to openevolve_output/level1_8_Matmul_with_irregular_shapes_/logs/openevolve_20250812_170226.log
2025-08-12 17:02:26,239 - openevolve.controller - INFO - Set random seed to 42 for reproducibility
2025-08-12 17:02:26,280 - openevolve.llm.ensemble - INFO - Initialized LLM ensemble with models: deepseek (weight: 0.80), deepseek (weight: 0.20)
2025-08-12 17:02:26,319 - openevolve.llm.ensemble - INFO - Initialized LLM ensemble with models: deepseek (weight: 0.80), deepseek (weight: 0.20)
2025-08-12 17:02:26,319 - openevolve.prompt.sampler - INFO - Set custom templates: system=evaluator_system_message, user=None
2025-08-12 17:02:26,357 - openevolve.database - INFO - Reconstructed islands: restored 0 programs to islands
2025-08-12 17:02:26,357 - openevolve.database - INFO - No island assignments found, distributing programs across islands
2025-08-12 17:02:26,358 - openevolve.database - INFO - Distributed 22 programs across 3 islands
2025-08-12 17:02:26,358 - openevolve.database - INFO - Loaded database with 22 programs from openevolve_output/level1_8_Matmul_with_irregular_shapes_/triton_kernel_evolution
2025-08-12 17:02:26,359 - openevolve.database - INFO - Island Status:
2025-08-12 17:02:26,359 - openevolve.database - INFO -  * Island 0: 8 programs, best=20.0000, avg=12.5000, diversity=85.07, gen=0
2025-08-12 17:02:26,359 - openevolve.database - INFO -    Island 1: 7 programs, best=20.0000, avg=-5.7143, diversity=659.23, gen=0
2025-08-12 17:02:26,359 - openevolve.database - INFO -    Island 2: 7 programs, best=20.0000, avg=-1.4286, diversity=779.97, gen=0
2025-08-12 17:02:26,359 - openevolve.database - INFO - Initialized program database with 22 programs
2025-08-12 17:02:26,382 - openevolve.evaluator - INFO - Successfully loaded evaluation function from openevolve_output/level1_8_Matmul_with_irregular_shapes_/evaluation.py
2025-08-12 17:02:26,382 - openevolve.evaluator - INFO - Initialized evaluator with openevolve_output/level1_8_Matmul_with_irregular_shapes_/evaluation.py
2025-08-12 17:02:26,382 - openevolve.controller - INFO - Initialized OpenEvolve with /tmp/21ed1794b193d065421a97ff94481308.py
2025-08-12 17:02:26,382 - openevolve.controller - INFO - Skipping initial program addition (resuming from iteration 0 with 22 existing programs)
2025-08-12 17:02:26,387 - openevolve.threaded_parallel - INFO - Initializing threaded evaluation pool with 3 workers
2025-08-12 17:02:26,389 - openevolve.threaded_parallel - INFO - Started thread pool with 3 threads
2025-08-12 17:02:26,389 - openevolve.threaded_parallel - INFO - Started improved parallel controller
2025-08-12 17:02:26,389 - openevolve.controller - INFO - Using island-based evolution with 3 islands
2025-08-12 17:02:26,390 - openevolve.database - INFO - Island Status:
2025-08-12 17:02:26,390 - openevolve.database - INFO -  * Island 0: 8 programs, best=20.0000, avg=12.5000, diversity=85.07, gen=0
2025-08-12 17:02:26,390 - openevolve.database - INFO -    Island 1: 7 programs, best=20.0000, avg=-5.7143, diversity=659.23, gen=0
2025-08-12 17:02:26,390 - openevolve.database - INFO -    Island 2: 7 programs, best=20.0000, avg=-1.4286, diversity=779.97, gen=0
2025-08-12 17:02:26,390 - openevolve.threaded_parallel - INFO - Starting improved parallel evolution from iteration 0 for 30 iterations (total: 30)
2025-08-12 17:02:26,548 - openevolve.llm.ensemble - INFO - Initialized LLM ensemble with models: deepseek (weight: 0.80), deepseek (weight: 0.20)
2025-08-12 17:02:26,555 - openevolve.llm.ensemble - INFO - Initialized LLM ensemble with models: deepseek (weight: 0.80), deepseek (weight: 0.20)
2025-08-12 17:02:26,556 - openevolve.llm.ensemble - INFO - Initialized LLM ensemble with models: deepseek (weight: 0.80), deepseek (weight: 0.20)
2025-08-12 17:02:26,790 - openevolve.llm.ensemble - INFO - Initialized LLM ensemble with models: deepseek (weight: 0.80), deepseek (weight: 0.20)
2025-08-12 17:02:26,790 - openevolve.prompt.sampler - INFO - Set custom templates: system=evaluator_system_message, user=None
2025-08-12 17:02:26,792 - openevolve.llm.ensemble - INFO - Initialized LLM ensemble with models: deepseek (weight: 0.80), deepseek (weight: 0.20)
2025-08-12 17:02:26,792 - openevolve.evaluator - INFO - Successfully loaded evaluation function from openevolve_output/level1_8_Matmul_with_irregular_shapes_/evaluation.py
2025-08-12 17:02:26,793 - openevolve.evaluator - INFO - Initialized evaluator with openevolve_output/level1_8_Matmul_with_irregular_shapes_/evaluation.py
2025-08-12 17:02:26,795 - openevolve.prompt.sampler - INFO - Set custom templates: system=evaluator_system_message, user=None
2025-08-12 17:02:26,796 - openevolve.llm.ensemble - INFO - Sampled model: deepseek
2025-08-12 17:02:26,797 - openevolve.llm.ensemble - INFO - Initialized LLM ensemble with models: deepseek (weight: 0.80), deepseek (weight: 0.20)
2025-08-12 17:02:26,797 - openevolve.prompt.sampler - INFO - Set custom templates: system=evaluator_system_message, user=None
2025-08-12 17:02:26,798 - openevolve.evaluator - INFO - Successfully loaded evaluation function from openevolve_output/level1_8_Matmul_with_irregular_shapes_/evaluation.py
2025-08-12 17:02:26,798 - openevolve.evaluator - INFO - Initialized evaluator with openevolve_output/level1_8_Matmul_with_irregular_shapes_/evaluation.py
2025-08-12 17:02:26,801 - openevolve.llm.ensemble - INFO - Sampled model: deepseek
2025-08-12 17:02:26,802 - openevolve.evaluator - INFO - Successfully loaded evaluation function from openevolve_output/level1_8_Matmul_with_irregular_shapes_/evaluation.py
2025-08-12 17:02:26,802 - openevolve.evaluator - INFO - Initialized evaluator with openevolve_output/level1_8_Matmul_with_irregular_shapes_/evaluation.py
2025-08-12 17:02:26,805 - openevolve.llm.ensemble - INFO - Sampled model: deepseek
2025-08-12 17:08:00,735 - openevolve.RemoteSpeedupEvaluator - INFO - [level1_8_Matmul_with_irregular_shapes_] âœ˜ invalid_answer 'import triton' is not found
2025-08-12 17:08:00,735 - openevolve.evaluator - INFO - Evaluated program 261b54dd-5da9-40da-acd5-0dde7be7c79a in 0.00s: compiled=0.0000, correctness=0.0000, score=-100.0000, stage=no_valid_triton_code, feedback=You need to generate real and valid triton code for the core function. The key word 'import triton' is not found.
2025-08-12 17:08:00,740 - openevolve.llm.ensemble - INFO - Sampled model: deepseek
2025-08-12 17:08:00,742 - openevolve.database - INFO - New MAP-Elites cell occupied: {'score': -1000, 'complexity': 3}
2025-08-12 17:08:00,748 - openevolve.threaded_parallel - INFO - Iteration 2: Program 261b54dd-5da9-40da-acd5-0dde7be7c79a (parent: eee2047e-eb77-4988-8339-d15f0d773275) completed in 333.94s
2025-08-12 17:08:00,748 - openevolve.threaded_parallel - INFO - Metrics: compiled=0.0000, correctness=0.0000, score=-100.0000, stage=no_valid_triton_code, feedback=You need to generate real and valid triton code for the core function. The key word 'import triton' is not found.
2025-08-12 17:08:00,748 - openevolve.threaded_parallel - INFO - ðŸŒŸ New best solution found at iteration 2: 261b54dd-5da9-40da-acd5-0dde7be7c79a
2025-08-12 17:08:27,722 - openevolve.RemoteSpeedupEvaluator - INFO - [level1_8_Matmul_with_irregular_shapes_] triton key words check pass
2025-08-12 17:08:27,722 - openevolve.RemoteSpeedupEvaluator - INFO - [level1_8_Matmul_with_irregular_shapes_] verify_plus payload: reference_code(793 chars) + custom_code(3181 chars)
2025-08-12 17:08:38,342 - openevolve.RemoteSpeedupEvaluator - INFO - [level1_8_Matmul_with_irregular_shapes_] verify_plus request success
2025-08-12 17:08:38,343 - openevolve.RemoteSpeedupEvaluator - INFO - [level1_8_Matmul_with_irregular_shapes_] verify_plus response: {"id":"level1_8_Matmul_with_irregular_shapes_","result":{"compiled":true,"correctness":true,"metadata":{"hardware":"NVIDIA L20Y","device":"cuda:2","correctness_trials":"(5 / 5)","reference_timing_ms":0.0214,"speed_up":0.002,"custom_timing":11.8},"runtime":11.8,"runtime_stats":{"mean":11.8,"std":0.103,"min":11.6,"max":12.6,"num_trials":100,"hardware":"NVIDIA L20Y","device":"cuda:2"}}}
2025-08-12 17:08:38,343 - openevolve.RemoteSpeedupEvaluator - INFO - [level1_8_Matmul_with_irregular_shapes_] âœ” success | speed_up=0.002  score=20.00
2025-08-12 17:08:38,344 - openevolve.evaluator - INFO - Evaluated program f741cc21-25be-44b8-a21d-fa452f7e2a58 in 10.62s: compiled=1.0000, correctness=1.0000, stage=success, passed=0.0000, score=20.0000, speed_up=0.0020, runtime_ms=11.8000, meta={'hardware': 'NVIDIA L20Y', 'device': 'cuda:2', 'correctness_trials': '(5 / 5)', 'reference_timing_ms': 0.0214, 'speed_up': 0.002, 'custom_timing': 11.8}
2025-08-12 17:08:38,349 - openevolve.database - INFO - New MAP-Elites cell occupied: {'score': 9, 'complexity': 8}
2025-08-12 17:08:38,349 - openevolve.database - INFO - New best program f741cc21-25be-44b8-a21d-fa452f7e2a58 replaces 261b54dd-5da9-40da-acd5-0dde7be7c79a
2025-08-12 17:08:38,349 - openevolve.llm.ensemble - INFO - Sampled model: deepseek
2025-08-12 17:08:38,360 - openevolve.threaded_parallel - INFO - Iteration 0: Program f741cc21-25be-44b8-a21d-fa452f7e2a58 (parent: 5a344955-b89b-4c8f-9dff-f74aab932955) completed in 371.54s
2025-08-12 17:08:38,360 - openevolve.threaded_parallel - INFO - Metrics: compiled=1.0000, correctness=1.0000, stage=success, passed=0.0000, score=20.0000, speed_up=0.0020, runtime_ms=11.8000, meta={'hardware': 'NVIDIA L20Y', 'device': 'cuda:2', 'correctness_trials': '(5 / 5)', 'reference_timing_ms': 0.0214, 'speed_up': 0.002, 'custom_timing': 11.8}
2025-08-12 17:08:38,360 - openevolve.threaded_parallel - INFO - ðŸŒŸ New best solution found at iteration 0: f741cc21-25be-44b8-a21d-fa452f7e2a58
2025-08-12 17:08:38,360 - openevolve.threaded_parallel - INFO - Checkpoint interval reached at iteration 0
2025-08-12 17:08:38,361 - openevolve.database - INFO - Island Status:
2025-08-12 17:08:38,362 - openevolve.database - INFO -  * Island 0: 10 programs, best=20.0000, avg=2.0000, diversity=482.00, gen=2 (best: f741cc21-25be-44b8-a21d-fa452f7e2a58)
2025-08-12 17:08:38,362 - openevolve.database - INFO -    Island 1: 7 programs, best=20.0000, avg=-5.7143, diversity=659.23, gen=0
2025-08-12 17:08:38,362 - openevolve.database - INFO -    Island 2: 7 programs, best=20.0000, avg=-1.4286, diversity=779.97, gen=0
2025-08-12 17:08:38,593 - openevolve.database - INFO - Saved database with 24 programs to openevolve_output/level1_8_Matmul_with_irregular_shapes_/checkpoints/checkpoint_0
2025-08-12 17:08:38,598 - openevolve.controller - INFO - Saved best program at checkpoint 0 with metrics: compiled=1.0000, correctness=1.0000, stage=success, passed=0.0000, score=20.0000, speed_up=0.0020, runtime_ms=11.8000, meta={'hardware': 'NVIDIA L20Y', 'device': 'cuda:2', 'correctness_trials': '(5 / 5)', 'reference_timing_ms': 0.0214, 'speed_up': 0.002, 'custom_timing': 11.8}
2025-08-12 17:08:38,599 - openevolve.controller - INFO - Saved checkpoint at iteration 0 to openevolve_output/level1_8_Matmul_with_irregular_shapes_/checkpoints/checkpoint_0
2025-08-12 17:09:48,492 - openevolve.RemoteSpeedupEvaluator - INFO - [level1_8_Matmul_with_irregular_shapes_] âœ˜ invalid_answer 'import triton' is not found
2025-08-12 17:09:48,493 - openevolve.evaluator - INFO - Evaluated program 0aa67a77-0e72-4879-baed-a68e664ad353 in 0.00s: compiled=0.0000, correctness=0.0000, score=-100.0000, stage=no_valid_triton_code, feedback=You need to generate real and valid triton code for the core function. The key word 'import triton' is not found.
2025-08-12 17:09:48,498 - openevolve.llm.ensemble - INFO - Sampled model: deepseek
2025-08-12 17:09:48,501 - openevolve.database - INFO - New MAP-Elites cell occupied: {'score': -1000, 'complexity': 5}
2025-08-12 17:09:48,507 - openevolve.threaded_parallel - INFO - Iteration 1: Program 0aa67a77-0e72-4879-baed-a68e664ad353 (parent: 60db7acf-f59a-4f5a-a28c-220604d000d5) completed in 441.69s
2025-08-12 17:09:48,507 - openevolve.threaded_parallel - INFO - Metrics: compiled=0.0000, correctness=0.0000, score=-100.0000, stage=no_valid_triton_code, feedback=You need to generate real and valid triton code for the core function. The key word 'import triton' is not found.
2025-08-12 17:12:14,425 - openevolve.RemoteSpeedupEvaluator - INFO - [level1_8_Matmul_with_irregular_shapes_] triton key words check pass
2025-08-12 17:12:14,426 - openevolve.RemoteSpeedupEvaluator - INFO - [level1_8_Matmul_with_irregular_shapes_] verify_plus payload: reference_code(793 chars) + custom_code(3231 chars)
2025-08-12 17:13:04,191 - openevolve.RemoteSpeedupEvaluator - INFO - [level1_8_Matmul_with_irregular_shapes_] verify_plus request success
2025-08-12 17:13:04,192 - openevolve.RemoteSpeedupEvaluator - INFO - [level1_8_Matmul_with_irregular_shapes_] verify_plus response: {"id":"level1_8_Matmul_with_irregular_shapes_","result":{"compiled":true,"correctness":true,"metadata":{"hardware":"NVIDIA L20Y","device":"cuda:1","correctness_trials":"(5 / 5)","reference_timing_ms":0.0214,"speed_up":0.001,"custom_timing":22.4},"runtime":22.4,"runtime_stats":{"mean":22.4,"std":0.0396,"min":22.3,"max":22.5,"num_trials":100,"hardware":"NVIDIA L20Y","device":"cuda:1"}}}
2025-08-12 17:13:04,192 - openevolve.RemoteSpeedupEvaluator - INFO - [level1_8_Matmul_with_irregular_shapes_] âœ” success | speed_up=0.001  score=20.00
2025-08-12 17:13:04,192 - openevolve.evaluator - INFO - Evaluated program 6251b9b1-e5f5-4db2-ab34-f8208bf0854f in 49.77s: compiled=1.0000, correctness=1.0000, stage=success, passed=0.0000, score=20.0000, speed_up=0.0010, runtime_ms=22.4000, meta={'hardware': 'NVIDIA L20Y', 'device': 'cuda:1', 'correctness_trials': '(5 / 5)', 'reference_timing_ms': 0.0214, 'speed_up': 0.001, 'custom_timing': 22.4}
2025-08-12 17:13:04,196 - openevolve.llm.ensemble - INFO - Sampled model: deepseek
2025-08-12 17:13:04,198 - openevolve.database - INFO - Population size (26) exceeds limit (25), removing 1 programs
2025-08-12 17:13:04,198 - openevolve.database - INFO - Population size after cleanup: 25
2025-08-12 17:13:04,209 - openevolve.threaded_parallel - INFO - Iteration 3: Program 6251b9b1-e5f5-4db2-ab34-f8208bf0854f (parent: 9e7d8c05-a214-4308-8741-106976095347) completed in 303.45s
2025-08-12 17:13:04,210 - openevolve.threaded_parallel - INFO - Metrics: compiled=1.0000, correctness=1.0000, stage=success, passed=0.0000, score=20.0000, speed_up=0.0010, runtime_ms=22.4000, meta={'hardware': 'NVIDIA L20Y', 'device': 'cuda:1', 'correctness_trials': '(5 / 5)', 'reference_timing_ms': 0.0214, 'speed_up': 0.001, 'custom_timing': 22.4}
2025-08-12 17:13:04,210 - openevolve.threaded_parallel - INFO - Checkpoint interval reached at iteration 3
2025-08-12 17:13:04,211 - openevolve.database - INFO - Island Status:
2025-08-12 17:13:04,211 - openevolve.database - INFO -    Island 0: 11 programs, best=20.0000, avg=-7.2727, diversity=492.90, gen=2 (best: f741cc21-25be-44b8-a21d-fa452f7e2a58)
2025-08-12 17:13:04,211 - openevolve.database - INFO -    Island 1: 8 programs, best=20.0000, avg=-2.5000, diversity=669.13, gen=1 (best: 6251b9b1-e5f5-4db2-ab34-f8208bf0854f)
2025-08-12 17:13:04,211 - openevolve.database - INFO -  * Island 2: 6 programs, best=20.0000, avg=15.0000, diversity=164.30, gen=1
2025-08-12 17:13:04,493 - openevolve.database - INFO - Saved database with 25 programs to openevolve_output/level1_8_Matmul_with_irregular_shapes_/checkpoints/checkpoint_3
2025-08-12 17:13:04,499 - openevolve.controller - INFO - Saved best program at checkpoint 3 with metrics: compiled=1.0000, correctness=1.0000, stage=success, passed=0.0000, score=20.0000, speed_up=0.0020, runtime_ms=11.8000, meta={'hardware': 'NVIDIA L20Y', 'device': 'cuda:2', 'correctness_trials': '(5 / 5)', 'reference_timing_ms': 0.0214, 'speed_up': 0.002, 'custom_timing': 11.8}
2025-08-12 17:13:04,499 - openevolve.controller - INFO - Saved checkpoint at iteration 3 to openevolve_output/level1_8_Matmul_with_irregular_shapes_/checkpoints/checkpoint_3
2025-08-12 17:18:49,155 - openevolve.RemoteSpeedupEvaluator - INFO - [level1_8_Matmul_with_irregular_shapes_] triton key words check pass
2025-08-12 17:18:49,156 - openevolve.RemoteSpeedupEvaluator - INFO - [level1_8_Matmul_with_irregular_shapes_] verify_plus payload: reference_code(793 chars) + custom_code(3538 chars)
2025-08-12 17:19:00,833 - openevolve.RemoteSpeedupEvaluator - INFO - [level1_8_Matmul_with_irregular_shapes_] verify_plus request success
2025-08-12 17:19:00,834 - openevolve.RemoteSpeedupEvaluator - INFO - [level1_8_Matmul_with_irregular_shapes_] verify_plus response: {"id":"level1_8_Matmul_with_irregular_shapes_","result":{"compiled":true,"correctness":false,"metadata":{"hardware":"NVIDIA L20Y","device":"cuda:7","max_difference":["0.256012","0.247345","0.240692","0.241516","0.237244"],"avg_difference":["0.033618","0.033604","0.033599","0.033628","0.033622"],"correctness_issue":"Output mismatch","correctness_trials":"(0 / 5)","reference_timing_ms":0.0214,"speed_up":-1.0,"custom_timing":-1.0},"runtime":-1.0,"runtime_stats":{}}}
2025-08-12 17:19:00,834 - openevolve.RemoteSpeedupEvaluator - INFO - [level1_8_Matmul_with_irregular_shapes_] âœ˜ wrong_answer
2025-08-12 17:19:00,834 - openevolve.evaluator - INFO - Evaluated program 935f74ae-57da-4446-b1e8-da4bf21f7b0a in 11.68s: compiled=1.0000, correctness=0.0000, score=10.0000, stage=wrong_answer, verify_payload={'id': 'level1_8_Matmul_with_irregular_shapes_', 'result': {'compiled': True, 'correctness': False, 'metadata': {'hardware': 'NVIDIA L20Y', 'device': 'cuda:7', 'max_difference': ['0.256012', '0.247345', '0.240692', '0.241516', '0.237244'], 'avg_difference': ['0.033618', '0.033604', '0.033599', '0.033628', '0.033622'], 'correctness_issue': 'Output mismatch', 'correctness_trials': '(0 / 5)', 'reference_timing_ms': 0.0214, 'speed_up': -1.0, 'custom_timing': -1.0}, 'runtime': -1.0, 'runtime_stats': {}}}
2025-08-12 17:19:00,840 - openevolve.llm.ensemble - INFO - Sampled model: deepseek
2025-08-12 17:19:00,844 - openevolve.database - INFO - New MAP-Elites cell occupied: {'score': 9, 'complexity': 9}
2025-08-12 17:19:00,844 - openevolve.database - INFO - Population size (26) exceeds limit (25), removing 1 programs
2025-08-12 17:19:00,844 - openevolve.database - INFO - Population size after cleanup: 25
2025-08-12 17:19:00,856 - openevolve.threaded_parallel - INFO - Iteration 4: Program 935f74ae-57da-4446-b1e8-da4bf21f7b0a (parent: 261b54dd-5da9-40da-acd5-0dde7be7c79a) completed in 622.49s
2025-08-12 17:19:00,856 - openevolve.threaded_parallel - INFO - Metrics: compiled=1.0000, correctness=0.0000, score=10.0000, stage=wrong_answer, verify_payload={'id': 'level1_8_Matmul_with_irregular_shapes_', 'result': {'compiled': True, 'correctness': False, 'metadata': {'hardware': 'NVIDIA L20Y', 'device': 'cuda:7', 'max_difference': ['0.256012', '0.247345', '0.240692', '0.241516', '0.237244'], 'avg_difference': ['0.033618', '0.033604', '0.033599', '0.033628', '0.033622'], 'correctness_issue': 'Output mismatch', 'correctness_trials': '(0 / 5)', 'reference_timing_ms': 0.0214, 'speed_up': -1.0, 'custom_timing': -1.0}, 'runtime': -1.0, 'runtime_stats': {}}}
2025-08-12 17:20:07,328 - openevolve.RemoteSpeedupEvaluator - INFO - [level1_8_Matmul_with_irregular_shapes_] triton key words check pass
2025-08-12 17:20:07,328 - openevolve.RemoteSpeedupEvaluator - INFO - [level1_8_Matmul_with_irregular_shapes_] verify_plus payload: reference_code(793 chars) + custom_code(3845 chars)
2025-08-12 17:20:19,466 - openevolve.RemoteSpeedupEvaluator - INFO - [level1_8_Matmul_with_irregular_shapes_] verify_plus request success
2025-08-12 17:20:19,467 - openevolve.RemoteSpeedupEvaluator - INFO - [level1_8_Matmul_with_irregular_shapes_] verify_plus response: {"id":"level1_8_Matmul_with_irregular_shapes_","result":{"compiled":true,"correctness":false,"metadata":{"hardware":"NVIDIA L20Y","device":"cuda:6","max_difference":["0.256012","0.247345","0.240692","0.241516","0.237244"],"avg_difference":["0.033618","0.033604","0.033599","0.033628","0.033622"],"correctness_issue":"Output mismatch","correctness_trials":"(0 / 5)","reference_timing_ms":0.0214,"speed_up":-1.0,"custom_timing":-1.0},"runtime":-1.0,"runtime_stats":{}}}
2025-08-12 17:20:19,467 - openevolve.RemoteSpeedupEvaluator - INFO - [level1_8_Matmul_with_irregular_shapes_] âœ˜ wrong_answer
2025-08-12 17:20:19,468 - openevolve.evaluator - INFO - Evaluated program b3546ef3-c517-4fd8-9a37-ac525a7517e4 in 12.14s: compiled=1.0000, correctness=0.0000, score=10.0000, stage=wrong_answer, verify_payload={'id': 'level1_8_Matmul_with_irregular_shapes_', 'result': {'compiled': True, 'correctness': False, 'metadata': {'hardware': 'NVIDIA L20Y', 'device': 'cuda:6', 'max_difference': ['0.256012', '0.247345', '0.240692', '0.241516', '0.237244'], 'avg_difference': ['0.033618', '0.033604', '0.033599', '0.033628', '0.033622'], 'correctness_issue': 'Output mismatch', 'correctness_trials': '(0 / 5)', 'reference_timing_ms': 0.0214, 'speed_up': -1.0, 'custom_timing': -1.0}, 'runtime': -1.0, 'runtime_stats': {}}}
2025-08-12 17:20:19,471 - openevolve.llm.ensemble - INFO - Sampled model: deepseek
2025-08-12 17:20:19,478 - openevolve.database - INFO - Population size (26) exceeds limit (25), removing 1 programs
2025-08-12 17:20:19,478 - openevolve.database - INFO - Population size after cleanup: 25
2025-08-12 17:20:19,496 - openevolve.threaded_parallel - INFO - Iteration 5: Program b3546ef3-c517-4fd8-9a37-ac525a7517e4 (parent: 261b54dd-5da9-40da-acd5-0dde7be7c79a) completed in 630.97s
2025-08-12 17:20:19,496 - openevolve.threaded_parallel - INFO - Metrics: compiled=1.0000, correctness=0.0000, score=10.0000, stage=wrong_answer, verify_payload={'id': 'level1_8_Matmul_with_irregular_shapes_', 'result': {'compiled': True, 'correctness': False, 'metadata': {'hardware': 'NVIDIA L20Y', 'device': 'cuda:6', 'max_difference': ['0.256012', '0.247345', '0.240692', '0.241516', '0.237244'], 'avg_difference': ['0.033618', '0.033604', '0.033599', '0.033628', '0.033622'], 'correctness_issue': 'Output mismatch', 'correctness_trials': '(0 / 5)', 'reference_timing_ms': 0.0214, 'speed_up': -1.0, 'custom_timing': -1.0}, 'runtime': -1.0, 'runtime_stats': {}}}
2025-08-12 17:20:45,111 - openevolve.RemoteSpeedupEvaluator - INFO - [level1_8_Matmul_with_irregular_shapes_] âœ˜ invalid_answer 'import triton' is not found
2025-08-12 17:20:45,112 - openevolve.evaluator - INFO - Evaluated program cc8dffe9-46d5-4817-aa15-17194905bfcf in 0.00s: compiled=0.0000, correctness=0.0000, score=-100.0000, stage=no_valid_triton_code, feedback=You need to generate real and valid triton code for the core function. The key word 'import triton' is not found.
2025-08-12 17:20:45,116 - openevolve.database - INFO - New MAP-Elites cell occupied: {'score': -1000, 'complexity': 3}
2025-08-12 17:20:45,116 - openevolve.database - INFO - Population size (26) exceeds limit (25), removing 1 programs
2025-08-12 17:20:45,116 - openevolve.database - INFO - Population size after cleanup: 25
2025-08-12 17:20:45,117 - openevolve.llm.ensemble - INFO - Sampled model: deepseek
2025-08-12 17:20:45,123 - openevolve.threaded_parallel - INFO - Iteration 6: Program cc8dffe9-46d5-4817-aa15-17194905bfcf (parent: 261b54dd-5da9-40da-acd5-0dde7be7c79a) completed in 460.92s
2025-08-12 17:20:45,123 - openevolve.threaded_parallel - INFO - Metrics: compiled=0.0000, correctness=0.0000, score=-100.0000, stage=no_valid_triton_code, feedback=You need to generate real and valid triton code for the core function. The key word 'import triton' is not found.
2025-08-12 17:20:45,123 - openevolve.threaded_parallel - INFO - Checkpoint interval reached at iteration 6
2025-08-12 17:20:45,124 - openevolve.database - INFO - Island Status:
2025-08-12 17:20:45,124 - openevolve.database - INFO -    Island 0: 10 programs, best=20.0000, avg=13.0000, diversity=85.07, gen=3 (best: f741cc21-25be-44b8-a21d-fa452f7e2a58)
2025-08-12 17:20:45,124 - openevolve.database - INFO -    Island 1: 8 programs, best=20.0000, avg=-2.5000, diversity=569.57, gen=2 (best: 6251b9b1-e5f5-4db2-ab34-f8208bf0854f)
2025-08-12 17:20:45,124 - openevolve.database - INFO -  * Island 2: 7 programs, best=20.0000, avg=14.2857, diversity=164.30, gen=2 (best: 935f74ae-57da-4446-b1e8-da4bf21f7b0a)
2025-08-12 17:20:45,387 - openevolve.database - INFO - Saved database with 25 programs to openevolve_output/level1_8_Matmul_with_irregular_shapes_/checkpoints/checkpoint_6
2025-08-12 17:20:45,392 - openevolve.controller - INFO - Saved best program at checkpoint 6 with metrics: compiled=1.0000, correctness=1.0000, stage=success, passed=0.0000, score=20.0000, speed_up=0.0020, runtime_ms=11.8000, meta={'hardware': 'NVIDIA L20Y', 'device': 'cuda:2', 'correctness_trials': '(5 / 5)', 'reference_timing_ms': 0.0214, 'speed_up': 0.002, 'custom_timing': 11.8}
2025-08-12 17:20:45,392 - openevolve.controller - INFO - Saved checkpoint at iteration 6 to openevolve_output/level1_8_Matmul_with_irregular_shapes_/checkpoints/checkpoint_6
2025-08-12 17:27:03,594 - openevolve.RemoteSpeedupEvaluator - INFO - [level1_8_Matmul_with_irregular_shapes_] triton key words check pass
2025-08-12 17:27:03,595 - openevolve.RemoteSpeedupEvaluator - INFO - [level1_8_Matmul_with_irregular_shapes_] verify_plus payload: reference_code(793 chars) + custom_code(3462 chars)
2025-08-12 17:27:16,649 - openevolve.RemoteSpeedupEvaluator - INFO - [level1_8_Matmul_with_irregular_shapes_] verify_plus request success
2025-08-12 17:27:16,649 - openevolve.RemoteSpeedupEvaluator - INFO - [level1_8_Matmul_with_irregular_shapes_] verify_plus response: {"id":"level1_8_Matmul_with_irregular_shapes_","result":{"compiled":true,"correctness":false,"metadata":{"hardware":"NVIDIA L20Y","device":"cuda:0","max_difference":["0.256012","0.247345","0.240692","0.241516","0.237244"],"avg_difference":["0.033618","0.033604","0.033599","0.033628","0.033622"],"correctness_issue":"Output mismatch","correctness_trials":"(0 / 5)","reference_timing_ms":0.0214,"speed_up":-1.0,"custom_timing":-1.0},"runtime":-1.0,"runtime_stats":{}}}
2025-08-12 17:27:16,649 - openevolve.RemoteSpeedupEvaluator - INFO - [level1_8_Matmul_with_irregular_shapes_] âœ˜ wrong_answer
2025-08-12 17:27:16,650 - openevolve.evaluator - INFO - Evaluated program ae2625c2-d271-4c3f-89ff-d34638874068 in 13.06s: compiled=1.0000, correctness=0.0000, score=10.0000, stage=wrong_answer, verify_payload={'id': 'level1_8_Matmul_with_irregular_shapes_', 'result': {'compiled': True, 'correctness': False, 'metadata': {'hardware': 'NVIDIA L20Y', 'device': 'cuda:0', 'max_difference': ['0.256012', '0.247345', '0.240692', '0.241516', '0.237244'], 'avg_difference': ['0.033618', '0.033604', '0.033599', '0.033628', '0.033622'], 'correctness_issue': 'Output mismatch', 'correctness_trials': '(0 / 5)', 'reference_timing_ms': 0.0214, 'speed_up': -1.0, 'custom_timing': -1.0}, 'runtime': -1.0, 'runtime_stats': {}}}
2025-08-12 17:27:16,654 - openevolve.llm.ensemble - INFO - Sampled model: deepseek
2025-08-12 17:27:16,659 - openevolve.database - INFO - Population size (26) exceeds limit (25), removing 1 programs
2025-08-12 17:27:16,659 - openevolve.database - INFO - Population size after cleanup: 25
2025-08-12 17:27:16,672 - openevolve.threaded_parallel - INFO - Iteration 7: Program ae2625c2-d271-4c3f-89ff-d34638874068 (parent: 261b54dd-5da9-40da-acd5-0dde7be7c79a) completed in 495.81s
2025-08-12 17:27:16,672 - openevolve.threaded_parallel - INFO - Metrics: compiled=1.0000, correctness=0.0000, score=10.0000, stage=wrong_answer, verify_payload={'id': 'level1_8_Matmul_with_irregular_shapes_', 'result': {'compiled': True, 'correctness': False, 'metadata': {'hardware': 'NVIDIA L20Y', 'device': 'cuda:0', 'max_difference': ['0.256012', '0.247345', '0.240692', '0.241516', '0.237244'], 'avg_difference': ['0.033618', '0.033604', '0.033599', '0.033628', '0.033622'], 'correctness_issue': 'Output mismatch', 'correctness_trials': '(0 / 5)', 'reference_timing_ms': 0.0214, 'speed_up': -1.0, 'custom_timing': -1.0}, 'runtime': -1.0, 'runtime_stats': {}}}
2025-08-12 17:29:53,809 - openevolve.RemoteSpeedupEvaluator - INFO - [level1_8_Matmul_with_irregular_shapes_] triton key words check pass
2025-08-12 17:29:53,810 - openevolve.RemoteSpeedupEvaluator - INFO - [level1_8_Matmul_with_irregular_shapes_] verify_plus payload: reference_code(793 chars) + custom_code(3660 chars)
2025-08-12 17:30:15,522 - openevolve.RemoteSpeedupEvaluator - INFO - [level1_8_Matmul_with_irregular_shapes_] verify_plus request success
2025-08-12 17:30:15,523 - openevolve.RemoteSpeedupEvaluator - INFO - [level1_8_Matmul_with_irregular_shapes_] verify_plus response: {"id":"level1_8_Matmul_with_irregular_shapes_","result":{"compiled":true,"correctness":false,"metadata":{"hardware":"NVIDIA L20Y","device":"cuda:6","max_difference":["0.089016","0.092213","0.088987","0.089535","0.091164"],"avg_difference":["0.012725","0.012723","0.012715","0.012731","0.012732"],"correctness_issue":"Output mismatch","correctness_trials":"(0 / 5)","reference_timing_ms":0.0214,"speed_up":-1.0,"custom_timing":-1.0},"runtime":-1.0,"runtime_stats":{}}}
2025-08-12 17:30:15,523 - openevolve.RemoteSpeedupEvaluator - INFO - [level1_8_Matmul_with_irregular_shapes_] âœ˜ wrong_answer
2025-08-12 17:30:15,523 - openevolve.evaluator - INFO - Evaluated program 3f23a5e1-1a0b-42d0-b923-50f03b42a64d in 21.71s: compiled=1.0000, correctness=0.0000, score=10.0000, stage=wrong_answer, verify_payload={'id': 'level1_8_Matmul_with_irregular_shapes_', 'result': {'compiled': True, 'correctness': False, 'metadata': {'hardware': 'NVIDIA L20Y', 'device': 'cuda:6', 'max_difference': ['0.089016', '0.092213', '0.088987', '0.089535', '0.091164'], 'avg_difference': ['0.012725', '0.012723', '0.012715', '0.012731', '0.012732'], 'correctness_issue': 'Output mismatch', 'correctness_trials': '(0 / 5)', 'reference_timing_ms': 0.0214, 'speed_up': -1.0, 'custom_timing': -1.0}, 'runtime': -1.0, 'runtime_stats': {}}}
2025-08-12 17:30:15,528 - openevolve.llm.ensemble - INFO - Sampled model: deepseek
2025-08-12 17:30:15,529 - openevolve.database - INFO - Population size (26) exceeds limit (25), removing 1 programs
2025-08-12 17:30:15,529 - openevolve.database - INFO - Population size after cleanup: 25
2025-08-12 17:30:15,563 - openevolve.threaded_parallel - INFO - Iteration 8: Program 3f23a5e1-1a0b-42d0-b923-50f03b42a64d (parent: f741cc21-25be-44b8-a21d-fa452f7e2a58) completed in 596.05s
2025-08-12 17:30:15,563 - openevolve.threaded_parallel - INFO - Metrics: compiled=1.0000, correctness=0.0000, score=10.0000, stage=wrong_answer, verify_payload={'id': 'level1_8_Matmul_with_irregular_shapes_', 'result': {'compiled': True, 'correctness': False, 'metadata': {'hardware': 'NVIDIA L20Y', 'device': 'cuda:6', 'max_difference': ['0.089016', '0.092213', '0.088987', '0.089535', '0.091164'], 'avg_difference': ['0.012725', '0.012723', '0.012715', '0.012731', '0.012732'], 'correctness_issue': 'Output mismatch', 'correctness_trials': '(0 / 5)', 'reference_timing_ms': 0.0214, 'speed_up': -1.0, 'custom_timing': -1.0}, 'runtime': -1.0, 'runtime_stats': {}}}
2025-08-12 17:33:11,760 - openevolve.RemoteSpeedupEvaluator - INFO - [level1_8_Matmul_with_irregular_shapes_] triton key words check pass
2025-08-12 17:33:11,761 - openevolve.RemoteSpeedupEvaluator - INFO - [level1_8_Matmul_with_irregular_shapes_] verify_plus payload: reference_code(793 chars) + custom_code(3368 chars)
2025-08-12 17:33:15,162 - openevolve.RemoteSpeedupEvaluator - INFO - [level1_8_Matmul_with_irregular_shapes_] triton key words check pass
2025-08-12 17:33:15,162 - openevolve.RemoteSpeedupEvaluator - INFO - [level1_8_Matmul_with_irregular_shapes_] verify_plus payload: reference_code(793 chars) + custom_code(3536 chars)
2025-08-12 17:33:27,076 - openevolve.RemoteSpeedupEvaluator - INFO - [level1_8_Matmul_with_irregular_shapes_] verify_plus request success
2025-08-12 17:33:27,076 - openevolve.RemoteSpeedupEvaluator - INFO - [level1_8_Matmul_with_irregular_shapes_] verify_plus response: {"id":"level1_8_Matmul_with_irregular_shapes_","result":{"compiled":true,"correctness":false,"metadata":{"hardware":"NVIDIA L20Y","device":"cuda:3","max_difference":["0.089016","0.092213","0.088987","0.089535","0.091164"],"avg_difference":["0.012725","0.012723","0.012715","0.012731","0.012732"],"correctness_issue":"Output mismatch","correctness_trials":"(0 / 5)","reference_timing_ms":0.0214,"speed_up":-1.0,"custom_timing":-1.0},"runtime":-1.0,"runtime_stats":{}}}
2025-08-12 17:33:27,076 - openevolve.RemoteSpeedupEvaluator - INFO - [level1_8_Matmul_with_irregular_shapes_] âœ˜ wrong_answer
2025-08-12 17:33:27,077 - openevolve.evaluator - INFO - Evaluated program 23949475-4603-41d1-aa6b-b647aa8fda3c in 15.32s: compiled=1.0000, correctness=0.0000, score=10.0000, stage=wrong_answer, verify_payload={'id': 'level1_8_Matmul_with_irregular_shapes_', 'result': {'compiled': True, 'correctness': False, 'metadata': {'hardware': 'NVIDIA L20Y', 'device': 'cuda:3', 'max_difference': ['0.089016', '0.092213', '0.088987', '0.089535', '0.091164'], 'avg_difference': ['0.012725', '0.012723', '0.012715', '0.012731', '0.012732'], 'correctness_issue': 'Output mismatch', 'correctness_trials': '(0 / 5)', 'reference_timing_ms': 0.0214, 'speed_up': -1.0, 'custom_timing': -1.0}, 'runtime': -1.0, 'runtime_stats': {}}}
2025-08-12 17:33:27,081 - openevolve.llm.ensemble - INFO - Sampled model: deepseek
2025-08-12 17:33:27,082 - openevolve.database - INFO - New MAP-Elites cell occupied: {'score': 9, 'complexity': 6}
2025-08-12 17:33:27,083 - openevolve.database - INFO - Population size (26) exceeds limit (25), removing 1 programs
2025-08-12 17:33:27,083 - openevolve.database - INFO - Population size after cleanup: 25
2025-08-12 17:33:27,096 - openevolve.threaded_parallel - INFO - Iteration 9: Program 23949475-4603-41d1-aa6b-b647aa8fda3c (parent: 6251b9b1-e5f5-4db2-ab34-f8208bf0854f) completed in 761.96s
2025-08-12 17:33:27,096 - openevolve.threaded_parallel - INFO - Metrics: compiled=1.0000, correctness=0.0000, score=10.0000, stage=wrong_answer, verify_payload={'id': 'level1_8_Matmul_with_irregular_shapes_', 'result': {'compiled': True, 'correctness': False, 'metadata': {'hardware': 'NVIDIA L20Y', 'device': 'cuda:3', 'max_difference': ['0.089016', '0.092213', '0.088987', '0.089535', '0.091164'], 'avg_difference': ['0.012725', '0.012723', '0.012715', '0.012731', '0.012732'], 'correctness_issue': 'Output mismatch', 'correctness_trials': '(0 / 5)', 'reference_timing_ms': 0.0214, 'speed_up': -1.0, 'custom_timing': -1.0}, 'runtime': -1.0, 'runtime_stats': {}}}
2025-08-12 17:33:27,096 - openevolve.threaded_parallel - INFO - Checkpoint interval reached at iteration 9
2025-08-12 17:33:27,097 - openevolve.database - INFO - Island Status:
2025-08-12 17:33:27,097 - openevolve.database - INFO -    Island 0: 10 programs, best=20.0000, avg=13.0000, diversity=152.77, gen=4 (best: f741cc21-25be-44b8-a21d-fa452f7e2a58)
2025-08-12 17:33:27,097 - openevolve.database - INFO -    Island 1: 7 programs, best=20.0000, avg=12.8571, diversity=42.30, gen=3 (best: 6251b9b1-e5f5-4db2-ab34-f8208bf0854f)
2025-08-12 17:33:27,097 - openevolve.database - INFO -  * Island 2: 8 programs, best=20.0000, avg=13.7500, diversity=164.30, gen=3 (best: 935f74ae-57da-4446-b1e8-da4bf21f7b0a)
2025-08-12 17:33:27,330 - openevolve.database - INFO - Saved database with 25 programs to openevolve_output/level1_8_Matmul_with_irregular_shapes_/checkpoints/checkpoint_9
2025-08-12 17:33:27,336 - openevolve.controller - INFO - Saved best program at checkpoint 9 with metrics: compiled=1.0000, correctness=1.0000, stage=success, passed=0.0000, score=20.0000, speed_up=0.0020, runtime_ms=11.8000, meta={'hardware': 'NVIDIA L20Y', 'device': 'cuda:2', 'correctness_trials': '(5 / 5)', 'reference_timing_ms': 0.0214, 'speed_up': 0.002, 'custom_timing': 11.8}
2025-08-12 17:33:27,336 - openevolve.controller - INFO - Saved checkpoint at iteration 9 to openevolve_output/level1_8_Matmul_with_irregular_shapes_/checkpoints/checkpoint_9
2025-08-12 17:33:35,233 - openevolve.RemoteSpeedupEvaluator - INFO - [level1_8_Matmul_with_irregular_shapes_] verify_plus request success
2025-08-12 17:33:35,234 - openevolve.RemoteSpeedupEvaluator - INFO - [level1_8_Matmul_with_irregular_shapes_] verify_plus response: {"id":"level1_8_Matmul_with_irregular_shapes_","result":{"compiled":true,"correctness":true,"metadata":{"hardware":"NVIDIA L20Y","device":"cuda:4","correctness_trials":"(5 / 5)","reference_timing_ms":0.0214,"speed_up":0.002,"custom_timing":9.9},"runtime":9.9,"runtime_stats":{"mean":9.9,"std":0.0275,"min":9.88,"max":10.1,"num_trials":100,"hardware":"NVIDIA L20Y","device":"cuda:4"}}}
2025-08-12 17:33:35,234 - openevolve.RemoteSpeedupEvaluator - INFO - [level1_8_Matmul_with_irregular_shapes_] âœ” success | speed_up=0.002  score=20.00
2025-08-12 17:33:35,234 - openevolve.evaluator - INFO - Evaluated program 66f872b3-7920-44a8-b9ac-a52ce8c8cf4c in 20.07s: compiled=1.0000, correctness=1.0000, stage=success, passed=0.0000, score=20.0000, speed_up=0.0020, runtime_ms=9.9000, meta={'hardware': 'NVIDIA L20Y', 'device': 'cuda:4', 'correctness_trials': '(5 / 5)', 'reference_timing_ms': 0.0214, 'speed_up': 0.002, 'custom_timing': 9.9}
2025-08-12 17:33:35,238 - openevolve.llm.ensemble - INFO - Sampled model: deepseek
2025-08-12 17:33:35,245 - openevolve.database - INFO - New MAP-Elites cell occupied: {'score': 9, 'complexity': 7}
2025-08-12 17:33:35,245 - openevolve.database - INFO - Population size (26) exceeds limit (25), removing 1 programs
2025-08-12 17:33:35,245 - openevolve.database - INFO - Population size after cleanup: 25
2025-08-12 17:33:35,257 - openevolve.threaded_parallel - INFO - Iteration 10: Program 66f872b3-7920-44a8-b9ac-a52ce8c8cf4c (parent: 935f74ae-57da-4446-b1e8-da4bf21f7b0a) completed in 378.58s
2025-08-12 17:33:35,257 - openevolve.threaded_parallel - INFO - Metrics: compiled=1.0000, correctness=1.0000, stage=success, passed=0.0000, score=20.0000, speed_up=0.0020, runtime_ms=9.9000, meta={'hardware': 'NVIDIA L20Y', 'device': 'cuda:4', 'correctness_trials': '(5 / 5)', 'reference_timing_ms': 0.0214, 'speed_up': 0.002, 'custom_timing': 9.9}
2025-08-12 17:35:39,376 - openevolve.RemoteSpeedupEvaluator - INFO - [level1_8_Matmul_with_irregular_shapes_] triton key words check pass
2025-08-12 17:35:39,377 - openevolve.RemoteSpeedupEvaluator - INFO - [level1_8_Matmul_with_irregular_shapes_] verify_plus payload: reference_code(793 chars) + custom_code(3477 chars)
2025-08-12 17:35:57,984 - openevolve.RemoteSpeedupEvaluator - INFO - [level1_8_Matmul_with_irregular_shapes_] verify_plus request success
2025-08-12 17:35:57,985 - openevolve.RemoteSpeedupEvaluator - INFO - [level1_8_Matmul_with_irregular_shapes_] verify_plus response: {"id":"level1_8_Matmul_with_irregular_shapes_","result":{"compiled":true,"correctness":true,"metadata":{"hardware":"NVIDIA L20Y","device":"cuda:1","correctness_trials":"(5 / 5)","reference_timing_ms":0.0214,"speed_up":0.002,"custom_timing":11.3},"runtime":11.3,"runtime_stats":{"mean":11.3,"std":0.0279,"min":11.3,"max":11.6,"num_trials":100,"hardware":"NVIDIA L20Y","device":"cuda:1"}}}
2025-08-12 17:35:57,985 - openevolve.RemoteSpeedupEvaluator - INFO - [level1_8_Matmul_with_irregular_shapes_] âœ” success | speed_up=0.002  score=20.00
2025-08-12 17:35:57,985 - openevolve.evaluator - INFO - Evaluated program b62aa598-b5b1-484d-b622-544385c9cc14 in 18.61s: compiled=1.0000, correctness=1.0000, stage=success, passed=0.0000, score=20.0000, speed_up=0.0020, runtime_ms=11.3000, meta={'hardware': 'NVIDIA L20Y', 'device': 'cuda:1', 'correctness_trials': '(5 / 5)', 'reference_timing_ms': 0.0214, 'speed_up': 0.002, 'custom_timing': 11.3}
2025-08-12 17:35:57,989 - openevolve.llm.ensemble - INFO - Sampled model: deepseek
2025-08-12 17:35:57,994 - openevolve.database - INFO - Population size (26) exceeds limit (25), removing 1 programs
2025-08-12 17:35:57,994 - openevolve.database - INFO - Population size after cleanup: 25
2025-08-12 17:35:58,006 - openevolve.threaded_parallel - INFO - Iteration 11: Program b62aa598-b5b1-484d-b622-544385c9cc14 (parent: b3546ef3-c517-4fd8-9a37-ac525a7517e4) completed in 342.46s
2025-08-12 17:35:58,006 - openevolve.threaded_parallel - INFO - Metrics: compiled=1.0000, correctness=1.0000, stage=success, passed=0.0000, score=20.0000, speed_up=0.0020, runtime_ms=11.3000, meta={'hardware': 'NVIDIA L20Y', 'device': 'cuda:1', 'correctness_trials': '(5 / 5)', 'reference_timing_ms': 0.0214, 'speed_up': 0.002, 'custom_timing': 11.3}
2025-08-12 17:38:24,665 - openevolve.RemoteSpeedupEvaluator - INFO - [level1_8_Matmul_with_irregular_shapes_] triton key words check pass
2025-08-12 17:38:24,666 - openevolve.RemoteSpeedupEvaluator - INFO - [level1_8_Matmul_with_irregular_shapes_] verify_plus payload: reference_code(793 chars) + custom_code(3731 chars)
2025-08-12 17:38:33,851 - openevolve.RemoteSpeedupEvaluator - INFO - [level1_8_Matmul_with_irregular_shapes_] âœ˜ invalid_answer 'import triton' is not found
2025-08-12 17:38:33,852 - openevolve.evaluator - INFO - Evaluated program 5407eb23-b8a2-4cfb-92e0-e80cfd642729 in 0.02s: compiled=0.0000, correctness=0.0000, score=-100.0000, stage=no_valid_triton_code, feedback=You need to generate real and valid triton code for the core function. The key word 'import triton' is not found.
2025-08-12 17:38:33,857 - openevolve.llm.ensemble - INFO - Sampled model: deepseek
2025-08-12 17:38:33,861 - openevolve.database - INFO - New MAP-Elites cell occupied: {'score': -1000, 'complexity': 0}
2025-08-12 17:38:33,861 - openevolve.database - INFO - Population size (26) exceeds limit (25), removing 1 programs
2025-08-12 17:38:33,861 - openevolve.database - INFO - Population size after cleanup: 25
2025-08-12 17:38:33,867 - openevolve.threaded_parallel - INFO - Iteration 12: Program 5407eb23-b8a2-4cfb-92e0-e80cfd642729 (parent: 39c686af-e7bc-4eb6-984a-3a8bea84e1f3) completed in 306.77s
2025-08-12 17:38:33,867 - openevolve.threaded_parallel - INFO - Metrics: compiled=0.0000, correctness=0.0000, score=-100.0000, stage=no_valid_triton_code, feedback=You need to generate real and valid triton code for the core function. The key word 'import triton' is not found.
2025-08-12 17:38:33,867 - openevolve.threaded_parallel - INFO - Checkpoint interval reached at iteration 12
2025-08-12 17:38:33,869 - openevolve.database - INFO - Island Status:
2025-08-12 17:38:33,869 - openevolve.database - INFO -    Island 0: 10 programs, best=20.0000, avg=14.0000, diversity=152.77, gen=5 (best: f741cc21-25be-44b8-a21d-fa452f7e2a58)
2025-08-12 17:38:33,869 - openevolve.database - INFO -    Island 1: 7 programs, best=20.0000, avg=-2.8571, diversity=472.40, gen=4 (best: 6251b9b1-e5f5-4db2-ab34-f8208bf0854f)
2025-08-12 17:38:33,869 - openevolve.database - INFO -  * Island 2: 8 programs, best=20.0000, avg=15.0000, diversity=177.00, gen=4 (best: 66f872b3-7920-44a8-b9ac-a52ce8c8cf4c)
2025-08-12 17:38:34,084 - openevolve.database - INFO - Saved database with 25 programs to openevolve_output/level1_8_Matmul_with_irregular_shapes_/checkpoints/checkpoint_12
2025-08-12 17:38:34,090 - openevolve.controller - INFO - Saved best program at checkpoint 12 with metrics: compiled=1.0000, correctness=1.0000, stage=success, passed=0.0000, score=20.0000, speed_up=0.0020, runtime_ms=11.8000, meta={'hardware': 'NVIDIA L20Y', 'device': 'cuda:2', 'correctness_trials': '(5 / 5)', 'reference_timing_ms': 0.0214, 'speed_up': 0.002, 'custom_timing': 11.8}
2025-08-12 17:38:34,090 - openevolve.controller - INFO - Saved checkpoint at iteration 12 to openevolve_output/level1_8_Matmul_with_irregular_shapes_/checkpoints/checkpoint_12
2025-08-12 17:38:49,513 - openevolve.RemoteSpeedupEvaluator - INFO - [level1_8_Matmul_with_irregular_shapes_] verify_plus request success
2025-08-12 17:38:49,513 - openevolve.RemoteSpeedupEvaluator - INFO - [level1_8_Matmul_with_irregular_shapes_] verify_plus response: {"id":"level1_8_Matmul_with_irregular_shapes_","result":{"compiled":true,"correctness":true,"metadata":{"hardware":"NVIDIA L20Y","device":"cuda:2","correctness_trials":"(5 / 5)","reference_timing_ms":0.0214,"speed_up":0.001,"custom_timing":18.2},"runtime":18.2,"runtime_stats":{"mean":18.2,"std":0.0409,"min":18.2,"max":18.5,"num_trials":100,"hardware":"NVIDIA L20Y","device":"cuda:2"}}}
2025-08-12 17:38:49,513 - openevolve.RemoteSpeedupEvaluator - INFO - [level1_8_Matmul_with_irregular_shapes_] âœ” success | speed_up=0.001  score=20.00
2025-08-12 17:38:49,514 - openevolve.evaluator - INFO - Evaluated program d384984e-4f93-450b-89d0-cce3bc8c5db0 in 24.85s: compiled=1.0000, correctness=1.0000, stage=success, passed=0.0000, score=20.0000, speed_up=0.0010, runtime_ms=18.2000, meta={'hardware': 'NVIDIA L20Y', 'device': 'cuda:2', 'correctness_trials': '(5 / 5)', 'reference_timing_ms': 0.0214, 'speed_up': 0.001, 'custom_timing': 18.2}
2025-08-12 17:38:49,516 - openevolve.database - INFO - MAP-Elites cell improved: {'score': 9, 'complexity': 9} (fitness: 10.000 -> 20.000)
2025-08-12 17:38:49,517 - openevolve.database - INFO - Population size (26) exceeds limit (25), removing 1 programs
2025-08-12 17:38:49,517 - openevolve.database - INFO - Population size after cleanup: 25
2025-08-12 17:38:49,518 - openevolve.llm.ensemble - INFO - Sampled model: deepseek
2025-08-12 17:38:49,528 - openevolve.threaded_parallel - INFO - Iteration 13: Program d384984e-4f93-450b-89d0-cce3bc8c5db0 (parent: ae2625c2-d271-4c3f-89ff-d34638874068) completed in 314.28s
2025-08-12 17:38:49,528 - openevolve.threaded_parallel - INFO - Metrics: compiled=1.0000, correctness=1.0000, stage=success, passed=0.0000, score=20.0000, speed_up=0.0010, runtime_ms=18.2000, meta={'hardware': 'NVIDIA L20Y', 'device': 'cuda:2', 'correctness_trials': '(5 / 5)', 'reference_timing_ms': 0.0214, 'speed_up': 0.001, 'custom_timing': 18.2}
2025-08-12 17:43:58,444 - openevolve.RemoteSpeedupEvaluator - INFO - [level1_8_Matmul_with_irregular_shapes_] triton key words check pass
2025-08-12 17:43:58,445 - openevolve.RemoteSpeedupEvaluator - INFO - [level1_8_Matmul_with_irregular_shapes_] verify_plus payload: reference_code(793 chars) + custom_code(3684 chars)
2025-08-12 17:44:23,672 - openevolve.RemoteSpeedupEvaluator - INFO - [level1_8_Matmul_with_irregular_shapes_] verify_plus request success
2025-08-12 17:44:23,672 - openevolve.RemoteSpeedupEvaluator - INFO - [level1_8_Matmul_with_irregular_shapes_] verify_plus response: {"id":"level1_8_Matmul_with_irregular_shapes_","result":{"compiled":true,"correctness":true,"metadata":{"hardware":"NVIDIA L20Y","device":"cuda:4","correctness_trials":"(5 / 5)","reference_timing_ms":0.0214,"speed_up":0.001,"custom_timing":18.2},"runtime":18.2,"runtime_stats":{"mean":18.2,"std":0.0448,"min":18.1,"max":18.4,"num_trials":100,"hardware":"NVIDIA L20Y","device":"cuda:4"}}}
2025-08-12 17:44:23,672 - openevolve.RemoteSpeedupEvaluator - INFO - [level1_8_Matmul_with_irregular_shapes_] âœ” success | speed_up=0.001  score=20.00
2025-08-12 17:44:23,673 - openevolve.evaluator - INFO - Evaluated program 8d2e1fe4-ebff-4564-aba9-a3dc309c3ffc in 25.23s: compiled=1.0000, correctness=1.0000, stage=success, passed=0.0000, score=20.0000, speed_up=0.0010, runtime_ms=18.2000, meta={'hardware': 'NVIDIA L20Y', 'device': 'cuda:4', 'correctness_trials': '(5 / 5)', 'reference_timing_ms': 0.0214, 'speed_up': 0.001, 'custom_timing': 18.2}
2025-08-12 17:44:23,677 - openevolve.llm.ensemble - INFO - Sampled model: deepseek
2025-08-12 17:44:23,683 - openevolve.database - INFO - Population size (26) exceeds limit (25), removing 1 programs
2025-08-12 17:44:23,684 - openevolve.database - INFO - Population size after cleanup: 25
2025-08-12 17:44:23,695 - openevolve.threaded_parallel - INFO - Iteration 16: Program 8d2e1fe4-ebff-4564-aba9-a3dc309c3ffc (parent: ae2625c2-d271-4c3f-89ff-d34638874068) completed in 334.16s
2025-08-12 17:44:23,695 - openevolve.threaded_parallel - INFO - Metrics: compiled=1.0000, correctness=1.0000, stage=success, passed=0.0000, score=20.0000, speed_up=0.0010, runtime_ms=18.2000, meta={'hardware': 'NVIDIA L20Y', 'device': 'cuda:4', 'correctness_trials': '(5 / 5)', 'reference_timing_ms': 0.0214, 'speed_up': 0.001, 'custom_timing': 18.2}
2025-08-12 17:46:29,924 - openevolve.RemoteSpeedupEvaluator - INFO - [level1_8_Matmul_with_irregular_shapes_] triton key words check pass
2025-08-12 17:46:29,925 - openevolve.RemoteSpeedupEvaluator - INFO - [level1_8_Matmul_with_irregular_shapes_] verify_plus payload: reference_code(793 chars) + custom_code(3955 chars)
2025-08-12 17:46:48,864 - openevolve.RemoteSpeedupEvaluator - INFO - [level1_8_Matmul_with_irregular_shapes_] verify_plus request success
2025-08-12 17:46:48,865 - openevolve.RemoteSpeedupEvaluator - INFO - [level1_8_Matmul_with_irregular_shapes_] verify_plus response: {"id":"level1_8_Matmul_with_irregular_shapes_","result":{"compiled":true,"correctness":true,"metadata":{"hardware":"NVIDIA L20Y","device":"cuda:3","correctness_trials":"(5 / 5)","reference_timing_ms":0.0214,"speed_up":0.002,"custom_timing":10.3},"runtime":10.3,"runtime_stats":{"mean":10.3,"std":0.031,"min":10.3,"max":10.5,"num_trials":100,"hardware":"NVIDIA L20Y","device":"cuda:3"}}}
2025-08-12 17:46:48,865 - openevolve.RemoteSpeedupEvaluator - INFO - [level1_8_Matmul_with_irregular_shapes_] âœ” success | speed_up=0.002  score=20.00
2025-08-12 17:46:48,865 - openevolve.evaluator - INFO - Evaluated program c48ea099-90fc-40e7-832a-759bc03e5461 in 18.94s: compiled=1.0000, correctness=1.0000, stage=success, passed=0.0000, score=20.0000, speed_up=0.0020, runtime_ms=10.3000, meta={'hardware': 'NVIDIA L20Y', 'device': 'cuda:3', 'correctness_trials': '(5 / 5)', 'reference_timing_ms': 0.0214, 'speed_up': 0.002, 'custom_timing': 10.3}
2025-08-12 17:46:48,878 - openevolve.llm.ensemble - INFO - Sampled model: deepseek
2025-08-12 17:46:48,885 - openevolve.database - INFO - Population size (26) exceeds limit (25), removing 1 programs
2025-08-12 17:46:48,885 - openevolve.database - INFO - Population size after cleanup: 25
2025-08-12 17:46:48,899 - openevolve.threaded_parallel - INFO - Iteration 15: Program c48ea099-90fc-40e7-832a-759bc03e5461 (parent: ba395c1a-36ec-48bd-a22a-4ee2d61e5b3f) completed in 495.01s
2025-08-12 17:46:48,899 - openevolve.threaded_parallel - INFO - Metrics: compiled=1.0000, correctness=1.0000, stage=success, passed=0.0000, score=20.0000, speed_up=0.0020, runtime_ms=10.3000, meta={'hardware': 'NVIDIA L20Y', 'device': 'cuda:3', 'correctness_trials': '(5 / 5)', 'reference_timing_ms': 0.0214, 'speed_up': 0.002, 'custom_timing': 10.3}
2025-08-12 17:46:48,899 - openevolve.threaded_parallel - INFO - Checkpoint interval reached at iteration 15
2025-08-12 17:46:48,900 - openevolve.database - INFO - Island Status:
2025-08-12 17:46:48,900 - openevolve.database - INFO -    Island 0: 10 programs, best=20.0000, avg=15.0000, diversity=116.10, gen=6 (best: f741cc21-25be-44b8-a21d-fa452f7e2a58)
2025-08-12 17:46:48,900 - openevolve.database - INFO -    Island 1: 6 programs, best=20.0000, avg=15.0000, diversity=60.20, gen=5 (best: 6251b9b1-e5f5-4db2-ab34-f8208bf0854f)
2025-08-12 17:46:48,900 - openevolve.database - INFO -  * Island 2: 9 programs, best=20.0000, avg=15.5556, diversity=177.00, gen=5 (best: 66f872b3-7920-44a8-b9ac-a52ce8c8cf4c)
2025-08-12 17:46:49,192 - openevolve.database - INFO - Saved database with 25 programs to openevolve_output/level1_8_Matmul_with_irregular_shapes_/checkpoints/checkpoint_15
2025-08-12 17:46:49,199 - openevolve.controller - INFO - Saved best program at checkpoint 15 with metrics: compiled=1.0000, correctness=1.0000, stage=success, passed=0.0000, score=20.0000, speed_up=0.0020, runtime_ms=11.8000, meta={'hardware': 'NVIDIA L20Y', 'device': 'cuda:2', 'correctness_trials': '(5 / 5)', 'reference_timing_ms': 0.0214, 'speed_up': 0.002, 'custom_timing': 11.8}
2025-08-12 17:46:49,199 - openevolve.controller - INFO - Saved checkpoint at iteration 15 to openevolve_output/level1_8_Matmul_with_irregular_shapes_/checkpoints/checkpoint_15
2025-08-12 17:47:09,854 - openevolve.RemoteSpeedupEvaluator - INFO - [level1_8_Matmul_with_irregular_shapes_] triton key words check pass
2025-08-12 17:47:09,854 - openevolve.RemoteSpeedupEvaluator - INFO - [level1_8_Matmul_with_irregular_shapes_] verify_plus payload: reference_code(793 chars) + custom_code(3227 chars)
2025-08-12 17:47:23,371 - openevolve.RemoteSpeedupEvaluator - INFO - [level1_8_Matmul_with_irregular_shapes_] verify_plus request success
2025-08-12 17:47:23,371 - openevolve.RemoteSpeedupEvaluator - INFO - [level1_8_Matmul_with_irregular_shapes_] verify_plus response: {"id":"level1_8_Matmul_with_irregular_shapes_","result":{"compiled":true,"correctness":false,"metadata":{"hardware":"NVIDIA L20Y","device":"cuda:3","max_difference":["0.256012","0.247345","0.240692","0.241516","0.237244"],"avg_difference":["0.033618","0.033604","0.033599","0.033628","0.033622"],"correctness_issue":"Output mismatch","correctness_trials":"(0 / 5)","reference_timing_ms":0.0214,"speed_up":-1.0,"custom_timing":-1.0},"runtime":-1.0,"runtime_stats":{}}}
2025-08-12 17:47:23,371 - openevolve.RemoteSpeedupEvaluator - INFO - [level1_8_Matmul_with_irregular_shapes_] âœ˜ wrong_answer
2025-08-12 17:47:23,372 - openevolve.evaluator - INFO - Evaluated program 0d12000f-a073-4c17-8013-e8352a84c603 in 13.53s: compiled=1.0000, correctness=0.0000, score=10.0000, stage=wrong_answer, verify_payload={'id': 'level1_8_Matmul_with_irregular_shapes_', 'result': {'compiled': True, 'correctness': False, 'metadata': {'hardware': 'NVIDIA L20Y', 'device': 'cuda:3', 'max_difference': ['0.256012', '0.247345', '0.240692', '0.241516', '0.237244'], 'avg_difference': ['0.033618', '0.033604', '0.033599', '0.033628', '0.033622'], 'correctness_issue': 'Output mismatch', 'correctness_trials': '(0 / 5)', 'reference_timing_ms': 0.0214, 'speed_up': -1.0, 'custom_timing': -1.0}, 'runtime': -1.0, 'runtime_stats': {}}}
2025-08-12 17:47:23,377 - openevolve.llm.ensemble - INFO - Sampled model: deepseek
2025-08-12 17:47:23,382 - openevolve.database - INFO - New MAP-Elites cell occupied: {'score': 9, 'complexity': 4}
2025-08-12 17:47:23,382 - openevolve.database - INFO - Population size (26) exceeds limit (25), removing 1 programs
2025-08-12 17:47:23,383 - openevolve.database - INFO - Population size after cleanup: 25
2025-08-12 17:47:23,395 - openevolve.threaded_parallel - INFO - Iteration 14: Program 0d12000f-a073-4c17-8013-e8352a84c603 (parent: f741cc21-25be-44b8-a21d-fa452f7e2a58) completed in 685.38s
2025-08-12 17:47:23,396 - openevolve.threaded_parallel - INFO - Metrics: compiled=1.0000, correctness=0.0000, score=10.0000, stage=wrong_answer, verify_payload={'id': 'level1_8_Matmul_with_irregular_shapes_', 'result': {'compiled': True, 'correctness': False, 'metadata': {'hardware': 'NVIDIA L20Y', 'device': 'cuda:3', 'max_difference': ['0.256012', '0.247345', '0.240692', '0.241516', '0.237244'], 'avg_difference': ['0.033618', '0.033604', '0.033599', '0.033628', '0.033622'], 'correctness_issue': 'Output mismatch', 'correctness_trials': '(0 / 5)', 'reference_timing_ms': 0.0214, 'speed_up': -1.0, 'custom_timing': -1.0}, 'runtime': -1.0, 'runtime_stats': {}}}
2025-08-12 17:49:13,471 - openevolve.RemoteSpeedupEvaluator - INFO - [level1_8_Matmul_with_irregular_shapes_] triton key words check pass
2025-08-12 17:49:13,472 - openevolve.RemoteSpeedupEvaluator - INFO - [level1_8_Matmul_with_irregular_shapes_] verify_plus payload: reference_code(793 chars) + custom_code(3477 chars)
2025-08-12 17:49:20,760 - openevolve.RemoteSpeedupEvaluator - INFO - [level1_8_Matmul_with_irregular_shapes_] verify_plus request success
2025-08-12 17:49:20,761 - openevolve.RemoteSpeedupEvaluator - INFO - [level1_8_Matmul_with_irregular_shapes_] verify_plus response: {"id":"level1_8_Matmul_with_irregular_shapes_","result":{"compiled":true,"correctness":true,"metadata":{"hardware":"NVIDIA L20Y","device":"cuda:1","correctness_trials":"(5 / 5)","reference_timing_ms":0.0214,"speed_up":0.002,"custom_timing":11.3},"runtime":11.3,"runtime_stats":{"mean":11.3,"std":0.0252,"min":11.2,"max":11.4,"num_trials":100,"hardware":"NVIDIA L20Y","device":"cuda:1"}}}
2025-08-12 17:49:20,761 - openevolve.RemoteSpeedupEvaluator - INFO - [level1_8_Matmul_with_irregular_shapes_] âœ” success | speed_up=0.002  score=20.00
2025-08-12 17:49:20,761 - openevolve.evaluator - INFO - Evaluated program 1f6da270-876e-400d-86dc-d673b69bd87a in 7.29s: compiled=1.0000, correctness=1.0000, stage=success, passed=0.0000, score=20.0000, speed_up=0.0020, runtime_ms=11.3000, meta={'hardware': 'NVIDIA L20Y', 'device': 'cuda:1', 'correctness_trials': '(5 / 5)', 'reference_timing_ms': 0.0214, 'speed_up': 0.002, 'custom_timing': 11.3}
2025-08-12 17:49:20,767 - openevolve.database - INFO - MAP-Elites cell improved: {'score': 9, 'complexity': 6} (fitness: 10.000 -> 20.000)
2025-08-12 17:49:20,767 - openevolve.database - INFO - Population size (26) exceeds limit (25), removing 1 programs
2025-08-12 17:49:20,767 - openevolve.database - INFO - Population size after cleanup: 25
2025-08-12 17:49:20,774 - openevolve.llm.ensemble - INFO - Sampled model: deepseek
2025-08-12 17:49:20,790 - openevolve.threaded_parallel - INFO - Iteration 17: Program 1f6da270-876e-400d-86dc-d673b69bd87a (parent: b3546ef3-c517-4fd8-9a37-ac525a7517e4) completed in 297.08s
2025-08-12 17:49:20,790 - openevolve.threaded_parallel - INFO - Metrics: compiled=1.0000, correctness=1.0000, stage=success, passed=0.0000, score=20.0000, speed_up=0.0020, runtime_ms=11.3000, meta={'hardware': 'NVIDIA L20Y', 'device': 'cuda:1', 'correctness_trials': '(5 / 5)', 'reference_timing_ms': 0.0214, 'speed_up': 0.002, 'custom_timing': 11.3}
2025-08-12 17:50:21,755 - openevolve.RemoteSpeedupEvaluator - INFO - [level1_8_Matmul_with_irregular_shapes_] triton key words check pass
2025-08-12 17:50:21,755 - openevolve.RemoteSpeedupEvaluator - INFO - [level1_8_Matmul_with_irregular_shapes_] verify_plus payload: reference_code(793 chars) + custom_code(3237 chars)
2025-08-12 17:51:11,940 - openevolve.RemoteSpeedupEvaluator - INFO - [level1_8_Matmul_with_irregular_shapes_] verify_plus request success
2025-08-12 17:51:11,941 - openevolve.RemoteSpeedupEvaluator - INFO - [level1_8_Matmul_with_irregular_shapes_] verify_plus response: {"id":"level1_8_Matmul_with_irregular_shapes_","result":{"compiled":true,"correctness":true,"metadata":{"hardware":"NVIDIA L20Y","device":"cuda:2","correctness_trials":"(5 / 5)","reference_timing_ms":0.0214,"speed_up":0.001,"custom_timing":22.5},"runtime":22.5,"runtime_stats":{"mean":22.5,"std":0.0349,"min":22.4,"max":22.6,"num_trials":100,"hardware":"NVIDIA L20Y","device":"cuda:2"}}}
2025-08-12 17:51:11,941 - openevolve.RemoteSpeedupEvaluator - INFO - [level1_8_Matmul_with_irregular_shapes_] âœ” success | speed_up=0.001  score=20.00
2025-08-12 17:51:11,942 - openevolve.evaluator - INFO - Evaluated program b452facd-66d9-49ed-82e1-2787c8ac068e in 50.19s: compiled=1.0000, correctness=1.0000, stage=success, passed=0.0000, score=20.0000, speed_up=0.0010, runtime_ms=22.5000, meta={'hardware': 'NVIDIA L20Y', 'device': 'cuda:2', 'correctness_trials': '(5 / 5)', 'reference_timing_ms': 0.0214, 'speed_up': 0.001, 'custom_timing': 22.5}
2025-08-12 17:51:11,946 - openevolve.llm.ensemble - INFO - Sampled model: deepseek
2025-08-12 17:51:11,949 - openevolve.database - INFO - MAP-Elites cell improved: {'score': 9, 'complexity': 4} (fitness: 10.000 -> 20.000)
2025-08-12 17:51:11,949 - openevolve.database - INFO - Population size (26) exceeds limit (25), removing 1 programs
2025-08-12 17:51:11,949 - openevolve.database - INFO - Population size after cleanup: 25
2025-08-12 17:51:11,961 - openevolve.threaded_parallel - INFO - Iteration 18: Program b452facd-66d9-49ed-82e1-2787c8ac068e (parent: 23949475-4603-41d1-aa6b-b647aa8fda3c) completed in 263.06s
2025-08-12 17:51:11,961 - openevolve.threaded_parallel - INFO - Metrics: compiled=1.0000, correctness=1.0000, stage=success, passed=0.0000, score=20.0000, speed_up=0.0010, runtime_ms=22.5000, meta={'hardware': 'NVIDIA L20Y', 'device': 'cuda:2', 'correctness_trials': '(5 / 5)', 'reference_timing_ms': 0.0214, 'speed_up': 0.001, 'custom_timing': 22.5}
2025-08-12 17:51:11,961 - openevolve.threaded_parallel - INFO - Checkpoint interval reached at iteration 18
2025-08-12 17:51:11,963 - openevolve.database - INFO - Island Status:
2025-08-12 17:51:11,963 - openevolve.database - INFO -    Island 0: 10 programs, best=20.0000, avg=16.0000, diversity=106.00, gen=7 (best: f741cc21-25be-44b8-a21d-fa452f7e2a58)
2025-08-12 17:51:11,963 - openevolve.database - INFO -    Island 1: 7 programs, best=20.0000, avg=15.7143, diversity=50.25, gen=6 (best: 6251b9b1-e5f5-4db2-ab34-f8208bf0854f)
2025-08-12 17:51:11,963 - openevolve.database - INFO -  * Island 2: 8 programs, best=20.0000, avg=16.2500, diversity=178.40, gen=6 (best: 66f872b3-7920-44a8-b9ac-a52ce8c8cf4c)
2025-08-12 17:51:12,175 - openevolve.database - INFO - Saved database with 25 programs to openevolve_output/level1_8_Matmul_with_irregular_shapes_/checkpoints/checkpoint_18
2025-08-12 17:51:12,181 - openevolve.controller - INFO - Saved best program at checkpoint 18 with metrics: compiled=1.0000, correctness=1.0000, stage=success, passed=0.0000, score=20.0000, speed_up=0.0020, runtime_ms=11.8000, meta={'hardware': 'NVIDIA L20Y', 'device': 'cuda:2', 'correctness_trials': '(5 / 5)', 'reference_timing_ms': 0.0214, 'speed_up': 0.002, 'custom_timing': 11.8}
2025-08-12 17:51:12,181 - openevolve.controller - INFO - Saved checkpoint at iteration 18 to openevolve_output/level1_8_Matmul_with_irregular_shapes_/checkpoints/checkpoint_18
2025-08-12 17:53:09,007 - openevolve.RemoteSpeedupEvaluator - INFO - [level1_8_Matmul_with_irregular_shapes_] triton key words check pass
2025-08-12 17:53:09,007 - openevolve.RemoteSpeedupEvaluator - INFO - [level1_8_Matmul_with_irregular_shapes_] verify_plus payload: reference_code(793 chars) + custom_code(3757 chars)
2025-08-12 17:53:26,459 - openevolve.RemoteSpeedupEvaluator - INFO - [level1_8_Matmul_with_irregular_shapes_] verify_plus request success
2025-08-12 17:53:26,459 - openevolve.RemoteSpeedupEvaluator - INFO - [level1_8_Matmul_with_irregular_shapes_] verify_plus response: {"id":"level1_8_Matmul_with_irregular_shapes_","result":{"compiled":true,"correctness":true,"metadata":{"hardware":"NVIDIA L20Y","device":"cuda:0","correctness_trials":"(5 / 5)","reference_timing_ms":0.0214,"speed_up":0.002,"custom_timing":9.16},"runtime":9.16,"runtime_stats":{"mean":9.16,"std":0.0178,"min":9.15,"max":9.29,"num_trials":100,"hardware":"NVIDIA L20Y","device":"cuda:0"}}}
2025-08-12 17:53:26,459 - openevolve.RemoteSpeedupEvaluator - INFO - [level1_8_Matmul_with_irregular_shapes_] âœ” success | speed_up=0.002  score=20.00
2025-08-12 17:53:26,460 - openevolve.evaluator - INFO - Evaluated program c5535a4a-92a3-435f-a7fc-8923a3a1bd4b in 17.45s: compiled=1.0000, correctness=1.0000, stage=success, passed=0.0000, score=20.0000, speed_up=0.0020, runtime_ms=9.1600, meta={'hardware': 'NVIDIA L20Y', 'device': 'cuda:0', 'correctness_trials': '(5 / 5)', 'reference_timing_ms': 0.0214, 'speed_up': 0.002, 'custom_timing': 9.16}
2025-08-12 17:53:26,466 - openevolve.llm.ensemble - INFO - Sampled model: deepseek
2025-08-12 17:53:26,469 - openevolve.database - INFO - Population size (26) exceeds limit (25), removing 1 programs
2025-08-12 17:53:26,469 - openevolve.database - INFO - Population size after cleanup: 25
2025-08-12 17:53:26,481 - openevolve.threaded_parallel - INFO - Iteration 20: Program c5535a4a-92a3-435f-a7fc-8923a3a1bd4b (parent: eee2047e-eb77-4988-8339-d15f0d773275) completed in 245.69s
2025-08-12 17:53:26,482 - openevolve.threaded_parallel - INFO - Metrics: compiled=1.0000, correctness=1.0000, stage=success, passed=0.0000, score=20.0000, speed_up=0.0020, runtime_ms=9.1600, meta={'hardware': 'NVIDIA L20Y', 'device': 'cuda:0', 'correctness_trials': '(5 / 5)', 'reference_timing_ms': 0.0214, 'speed_up': 0.002, 'custom_timing': 9.16}
2025-08-12 17:55:20,996 - openevolve.RemoteSpeedupEvaluator - INFO - [level1_8_Matmul_with_irregular_shapes_] triton key words check pass
2025-08-12 17:55:20,997 - openevolve.RemoteSpeedupEvaluator - INFO - [level1_8_Matmul_with_irregular_shapes_] verify_plus payload: reference_code(793 chars) + custom_code(3448 chars)
2025-08-12 17:55:40,562 - openevolve.RemoteSpeedupEvaluator - INFO - [level1_8_Matmul_with_irregular_shapes_] verify_plus request success
2025-08-12 17:55:40,562 - openevolve.RemoteSpeedupEvaluator - INFO - [level1_8_Matmul_with_irregular_shapes_] verify_plus response: {"id":"level1_8_Matmul_with_irregular_shapes_","result":{"compiled":true,"correctness":true,"metadata":{"hardware":"NVIDIA L20Y","device":"cuda:1","correctness_trials":"(5 / 5)","reference_timing_ms":0.0214,"speed_up":0.002,"custom_timing":9.83},"runtime":9.83,"runtime_stats":{"mean":9.83,"std":0.0272,"min":9.81,"max":9.99,"num_trials":100,"hardware":"NVIDIA L20Y","device":"cuda:1"}}}
2025-08-12 17:55:40,562 - openevolve.RemoteSpeedupEvaluator - INFO - [level1_8_Matmul_with_irregular_shapes_] âœ” success | speed_up=0.002  score=20.00
2025-08-12 17:55:40,563 - openevolve.evaluator - INFO - Evaluated program 27a8141b-960e-409a-8cdd-723137f9584f in 19.57s: compiled=1.0000, correctness=1.0000, stage=success, passed=0.0000, score=20.0000, speed_up=0.0020, runtime_ms=9.8300, meta={'hardware': 'NVIDIA L20Y', 'device': 'cuda:1', 'correctness_trials': '(5 / 5)', 'reference_timing_ms': 0.0214, 'speed_up': 0.002, 'custom_timing': 9.83}
2025-08-12 17:55:40,568 - openevolve.llm.ensemble - INFO - Sampled model: deepseek
2025-08-12 17:55:40,572 - openevolve.database - INFO - New MAP-Elites cell occupied: {'score': 9, 'complexity': 5}
2025-08-12 17:55:40,573 - openevolve.database - INFO - Population size (26) exceeds limit (25), removing 1 programs
2025-08-12 17:55:40,573 - openevolve.database - INFO - Population size after cleanup: 25
2025-08-12 17:55:40,585 - openevolve.threaded_parallel - INFO - Iteration 19: Program 27a8141b-960e-409a-8cdd-723137f9584f (parent: 10085a7d-19cb-47d7-9170-b4f2dd3ce247) completed in 497.19s
2025-08-12 17:55:40,585 - openevolve.threaded_parallel - INFO - Metrics: compiled=1.0000, correctness=1.0000, stage=success, passed=0.0000, score=20.0000, speed_up=0.0020, runtime_ms=9.8300, meta={'hardware': 'NVIDIA L20Y', 'device': 'cuda:1', 'correctness_trials': '(5 / 5)', 'reference_timing_ms': 0.0214, 'speed_up': 0.002, 'custom_timing': 9.83}
2025-08-12 18:00:42,764 - openevolve.RemoteSpeedupEvaluator - INFO - [level1_8_Matmul_with_irregular_shapes_] triton key words check pass
2025-08-12 18:00:42,765 - openevolve.RemoteSpeedupEvaluator - INFO - [level1_8_Matmul_with_irregular_shapes_] verify_plus payload: reference_code(793 chars) + custom_code(3564 chars)
2025-08-12 18:00:53,967 - openevolve.RemoteSpeedupEvaluator - INFO - [level1_8_Matmul_with_irregular_shapes_] verify_plus request success
2025-08-12 18:00:53,967 - openevolve.RemoteSpeedupEvaluator - INFO - [level1_8_Matmul_with_irregular_shapes_] verify_plus response: {"id":"level1_8_Matmul_with_irregular_shapes_","result":{"compiled":true,"correctness":false,"metadata":{"hardware":"NVIDIA L20Y","device":"cuda:6","max_difference":["0.089016","0.092213","0.088987","0.089535","0.091164"],"avg_difference":["0.012725","0.012723","0.012715","0.012731","0.012732"],"correctness_issue":"Output mismatch","correctness_trials":"(0 / 5)","reference_timing_ms":0.0214,"speed_up":-1.0,"custom_timing":-1.0},"runtime":-1.0,"runtime_stats":{}}}
2025-08-12 18:00:53,967 - openevolve.RemoteSpeedupEvaluator - INFO - [level1_8_Matmul_with_irregular_shapes_] âœ˜ wrong_answer
2025-08-12 18:00:53,968 - openevolve.evaluator - INFO - Evaluated program b00e3d4c-1b37-4e11-a437-55e89dd1e570 in 11.21s: compiled=1.0000, correctness=0.0000, score=10.0000, stage=wrong_answer, verify_payload={'id': 'level1_8_Matmul_with_irregular_shapes_', 'result': {'compiled': True, 'correctness': False, 'metadata': {'hardware': 'NVIDIA L20Y', 'device': 'cuda:6', 'max_difference': ['0.089016', '0.092213', '0.088987', '0.089535', '0.091164'], 'avg_difference': ['0.012725', '0.012723', '0.012715', '0.012731', '0.012732'], 'correctness_issue': 'Output mismatch', 'correctness_trials': '(0 / 5)', 'reference_timing_ms': 0.0214, 'speed_up': -1.0, 'custom_timing': -1.0}, 'runtime': -1.0, 'runtime_stats': {}}}
2025-08-12 18:00:53,972 - openevolve.llm.ensemble - INFO - Sampled model: deepseek
2025-08-12 18:00:53,975 - openevolve.database - INFO - Population size (26) exceeds limit (25), removing 1 programs
2025-08-12 18:00:53,975 - openevolve.database - INFO - Population size after cleanup: 25
2025-08-12 18:00:53,987 - openevolve.threaded_parallel - INFO - Iteration 21: Program b00e3d4c-1b37-4e11-a437-55e89dd1e570 (parent: 6251b9b1-e5f5-4db2-ab34-f8208bf0854f) completed in 582.02s
2025-08-12 18:00:53,988 - openevolve.threaded_parallel - INFO - Metrics: compiled=1.0000, correctness=0.0000, score=10.0000, stage=wrong_answer, verify_payload={'id': 'level1_8_Matmul_with_irregular_shapes_', 'result': {'compiled': True, 'correctness': False, 'metadata': {'hardware': 'NVIDIA L20Y', 'device': 'cuda:6', 'max_difference': ['0.089016', '0.092213', '0.088987', '0.089535', '0.091164'], 'avg_difference': ['0.012725', '0.012723', '0.012715', '0.012731', '0.012732'], 'correctness_issue': 'Output mismatch', 'correctness_trials': '(0 / 5)', 'reference_timing_ms': 0.0214, 'speed_up': -1.0, 'custom_timing': -1.0}, 'runtime': -1.0, 'runtime_stats': {}}}
2025-08-12 18:00:53,988 - openevolve.threaded_parallel - INFO - Checkpoint interval reached at iteration 21
2025-08-12 18:00:53,989 - openevolve.database - INFO - Island Status:
2025-08-12 18:00:53,989 - openevolve.database - INFO -    Island 0: 10 programs, best=20.0000, avg=17.0000, diversity=80.82, gen=8 (best: f741cc21-25be-44b8-a21d-fa452f7e2a58)
2025-08-12 18:00:53,989 - openevolve.database - INFO -    Island 1: 6 programs, best=20.0000, avg=16.6667, diversity=41.98, gen=7 (best: 6251b9b1-e5f5-4db2-ab34-f8208bf0854f)
2025-08-12 18:00:53,989 - openevolve.database - INFO -  * Island 2: 9 programs, best=20.0000, avg=16.6667, diversity=178.40, gen=7 (best: 66f872b3-7920-44a8-b9ac-a52ce8c8cf4c)
2025-08-12 18:00:54,366 - openevolve.database - INFO - Saved database with 25 programs to openevolve_output/level1_8_Matmul_with_irregular_shapes_/checkpoints/checkpoint_21
2025-08-12 18:00:54,377 - openevolve.controller - INFO - Saved best program at checkpoint 21 with metrics: compiled=1.0000, correctness=1.0000, stage=success, passed=0.0000, score=20.0000, speed_up=0.0020, runtime_ms=11.8000, meta={'hardware': 'NVIDIA L20Y', 'device': 'cuda:2', 'correctness_trials': '(5 / 5)', 'reference_timing_ms': 0.0214, 'speed_up': 0.002, 'custom_timing': 11.8}
2025-08-12 18:00:54,377 - openevolve.controller - INFO - Saved checkpoint at iteration 21 to openevolve_output/level1_8_Matmul_with_irregular_shapes_/checkpoints/checkpoint_21
2025-08-12 18:00:58,801 - openevolve.RemoteSpeedupEvaluator - INFO - [level1_8_Matmul_with_irregular_shapes_] âœ˜ invalid_answer 'import triton' is not found
2025-08-12 18:00:58,802 - openevolve.evaluator - INFO - Evaluated program a7bda535-f887-4967-9108-8e203eabd34c in 0.00s: compiled=0.0000, correctness=0.0000, score=-100.0000, stage=no_valid_triton_code, feedback=You need to generate real and valid triton code for the core function. The key word 'import triton' is not found.
2025-08-12 18:00:58,804 - openevolve.database - INFO - New MAP-Elites cell occupied: {'score': -1000, 'complexity': 0}
2025-08-12 18:00:58,804 - openevolve.database - INFO - Population size (26) exceeds limit (25), removing 1 programs
2025-08-12 18:00:58,804 - openevolve.database - INFO - Population size after cleanup: 25
2025-08-12 18:00:58,806 - openevolve.llm.ensemble - INFO - Sampled model: deepseek
2025-08-12 18:00:58,812 - openevolve.threaded_parallel - INFO - Iteration 22: Program a7bda535-f887-4967-9108-8e203eabd34c (parent: ae2625c2-d271-4c3f-89ff-d34638874068) completed in 452.34s
2025-08-12 18:00:58,812 - openevolve.threaded_parallel - INFO - Metrics: compiled=0.0000, correctness=0.0000, score=-100.0000, stage=no_valid_triton_code, feedback=You need to generate real and valid triton code for the core function. The key word 'import triton' is not found.
2025-08-12 18:05:07,015 - openevolve.RemoteSpeedupEvaluator - INFO - [level1_8_Matmul_with_irregular_shapes_] âœ˜ invalid_answer 'import triton' is not found
2025-08-12 18:05:07,015 - openevolve.evaluator - INFO - Evaluated program 1639e6ef-6766-4362-a484-f2f0c4851094 in 0.00s: compiled=0.0000, correctness=0.0000, score=-100.0000, stage=no_valid_triton_code, feedback=You need to generate real and valid triton code for the core function. The key word 'import triton' is not found.
2025-08-12 18:05:07,018 - openevolve.database - INFO - New MAP-Elites cell occupied: {'score': -1000, 'complexity': 1}
2025-08-12 18:05:07,019 - openevolve.database - INFO - Population size (26) exceeds limit (25), removing 1 programs
2025-08-12 18:05:07,019 - openevolve.database - INFO - Population size after cleanup: 25
2025-08-12 18:05:07,020 - openevolve.llm.ensemble - INFO - Sampled model: deepseek
2025-08-12 18:05:07,025 - openevolve.threaded_parallel - INFO - Iteration 24: Program 1639e6ef-6766-4362-a484-f2f0c4851094 (parent: 6251b9b1-e5f5-4db2-ab34-f8208bf0854f) completed in 253.04s
2025-08-12 18:05:07,025 - openevolve.threaded_parallel - INFO - Metrics: compiled=0.0000, correctness=0.0000, score=-100.0000, stage=no_valid_triton_code, feedback=You need to generate real and valid triton code for the core function. The key word 'import triton' is not found.
2025-08-12 18:05:07,025 - openevolve.threaded_parallel - INFO - Checkpoint interval reached at iteration 24
2025-08-12 18:05:07,026 - openevolve.database - INFO - Island Status:
2025-08-12 18:05:07,026 - openevolve.database - INFO -    Island 0: 10 programs, best=20.0000, avg=6.0000, diversity=787.20, gen=9 (best: f741cc21-25be-44b8-a21d-fa452f7e2a58)
2025-08-12 18:05:07,026 - openevolve.database - INFO -  * Island 1: 6 programs, best=20.0000, avg=16.6667, diversity=41.98, gen=8 (best: 6251b9b1-e5f5-4db2-ab34-f8208bf0854f)
2025-08-12 18:05:07,026 - openevolve.database - INFO -    Island 2: 9 programs, best=20.0000, avg=16.6667, diversity=178.40, gen=7 (best: 66f872b3-7920-44a8-b9ac-a52ce8c8cf4c)
2025-08-12 18:05:07,399 - openevolve.database - INFO - Saved database with 25 programs to openevolve_output/level1_8_Matmul_with_irregular_shapes_/checkpoints/checkpoint_24
2025-08-12 18:05:07,409 - openevolve.controller - INFO - Saved best program at checkpoint 24 with metrics: compiled=1.0000, correctness=1.0000, stage=success, passed=0.0000, score=20.0000, speed_up=0.0020, runtime_ms=11.8000, meta={'hardware': 'NVIDIA L20Y', 'device': 'cuda:2', 'correctness_trials': '(5 / 5)', 'reference_timing_ms': 0.0214, 'speed_up': 0.002, 'custom_timing': 11.8}
2025-08-12 18:05:07,409 - openevolve.controller - INFO - Saved checkpoint at iteration 24 to openevolve_output/level1_8_Matmul_with_irregular_shapes_/checkpoints/checkpoint_24
2025-08-12 18:07:12,441 - openevolve.RemoteSpeedupEvaluator - INFO - [level1_8_Matmul_with_irregular_shapes_] âœ˜ invalid_answer 'import triton' is not found
2025-08-12 18:07:12,442 - openevolve.evaluator - INFO - Evaluated program 0baac6b5-4493-499e-be3f-b21d5c73e713 in 0.00s: compiled=0.0000, correctness=0.0000, score=-100.0000, stage=no_valid_triton_code, feedback=You need to generate real and valid triton code for the core function. The key word 'import triton' is not found.
2025-08-12 18:07:12,445 - openevolve.llm.ensemble - INFO - Sampled model: deepseek
2025-08-12 18:07:12,448 - openevolve.database - INFO - New MAP-Elites cell occupied: {'score': -1000, 'complexity': 0}
2025-08-12 18:07:12,448 - openevolve.database - INFO - Population size (26) exceeds limit (25), removing 1 programs
2025-08-12 18:07:12,448 - openevolve.database - INFO - Population size after cleanup: 25
2025-08-12 18:07:12,455 - openevolve.threaded_parallel - INFO - Iteration 25: Program 0baac6b5-4493-499e-be3f-b21d5c73e713 (parent: 66f872b3-7920-44a8-b9ac-a52ce8c8cf4c) completed in 373.64s
2025-08-12 18:07:12,455 - openevolve.threaded_parallel - INFO - Metrics: compiled=0.0000, correctness=0.0000, score=-100.0000, stage=no_valid_triton_code, feedback=You need to generate real and valid triton code for the core function. The key word 'import triton' is not found.
2025-08-12 18:07:47,467 - openevolve.RemoteSpeedupEvaluator - INFO - [level1_8_Matmul_with_irregular_shapes_] triton key words check pass
2025-08-12 18:07:47,467 - openevolve.RemoteSpeedupEvaluator - INFO - [level1_8_Matmul_with_irregular_shapes_] verify_plus payload: reference_code(793 chars) + custom_code(3594 chars)
2025-08-12 18:08:00,153 - openevolve.RemoteSpeedupEvaluator - INFO - [level1_8_Matmul_with_irregular_shapes_] verify_plus request success
2025-08-12 18:08:00,153 - openevolve.RemoteSpeedupEvaluator - INFO - [level1_8_Matmul_with_irregular_shapes_] verify_plus response: {"id":"level1_8_Matmul_with_irregular_shapes_","result":{"compiled":true,"correctness":false,"metadata":{"hardware":"NVIDIA L20Y","device":"cuda:7","max_difference":["0.256012","0.247345","0.240692","0.241516","0.237244"],"avg_difference":["0.033618","0.033604","0.033599","0.033628","0.033622"],"correctness_issue":"Output mismatch","correctness_trials":"(0 / 5)","reference_timing_ms":0.0214,"speed_up":-1.0,"custom_timing":-1.0},"runtime":-1.0,"runtime_stats":{}}}
2025-08-12 18:08:00,153 - openevolve.RemoteSpeedupEvaluator - INFO - [level1_8_Matmul_with_irregular_shapes_] âœ˜ wrong_answer
2025-08-12 18:08:00,153 - openevolve.evaluator - INFO - Evaluated program fafeff22-0a4a-4fc2-9e57-cc3f2ee9d524 in 12.69s: compiled=1.0000, correctness=0.0000, score=10.0000, stage=wrong_answer, verify_payload={'id': 'level1_8_Matmul_with_irregular_shapes_', 'result': {'compiled': True, 'correctness': False, 'metadata': {'hardware': 'NVIDIA L20Y', 'device': 'cuda:7', 'max_difference': ['0.256012', '0.247345', '0.240692', '0.241516', '0.237244'], 'avg_difference': ['0.033618', '0.033604', '0.033599', '0.033628', '0.033622'], 'correctness_issue': 'Output mismatch', 'correctness_trials': '(0 / 5)', 'reference_timing_ms': 0.0214, 'speed_up': -1.0, 'custom_timing': -1.0}, 'runtime': -1.0, 'runtime_stats': {}}}
2025-08-12 18:08:00,156 - openevolve.llm.ensemble - INFO - Sampled model: deepseek
2025-08-12 18:08:00,157 - openevolve.database - INFO - Population size (26) exceeds limit (25), removing 1 programs
2025-08-12 18:08:00,157 - openevolve.database - INFO - Population size after cleanup: 25
2025-08-12 18:08:00,176 - openevolve.threaded_parallel - INFO - Iteration 23: Program fafeff22-0a4a-4fc2-9e57-cc3f2ee9d524 (parent: 1f6da270-876e-400d-86dc-d673b69bd87a) completed in 739.59s
2025-08-12 18:08:00,176 - openevolve.threaded_parallel - INFO - Metrics: compiled=1.0000, correctness=0.0000, score=10.0000, stage=wrong_answer, verify_payload={'id': 'level1_8_Matmul_with_irregular_shapes_', 'result': {'compiled': True, 'correctness': False, 'metadata': {'hardware': 'NVIDIA L20Y', 'device': 'cuda:7', 'max_difference': ['0.256012', '0.247345', '0.240692', '0.241516', '0.237244'], 'avg_difference': ['0.033618', '0.033604', '0.033599', '0.033628', '0.033622'], 'correctness_issue': 'Output mismatch', 'correctness_trials': '(0 / 5)', 'reference_timing_ms': 0.0214, 'speed_up': -1.0, 'custom_timing': -1.0}, 'runtime': -1.0, 'runtime_stats': {}}}
2025-08-12 18:11:51,289 - openevolve.RemoteSpeedupEvaluator - INFO - [level1_8_Matmul_with_irregular_shapes_] triton key words check pass
2025-08-12 18:11:51,289 - openevolve.RemoteSpeedupEvaluator - INFO - [level1_8_Matmul_with_irregular_shapes_] verify_plus payload: reference_code(793 chars) + custom_code(3564 chars)
2025-08-12 18:11:56,903 - openevolve.RemoteSpeedupEvaluator - INFO - [level1_8_Matmul_with_irregular_shapes_] verify_plus request success
2025-08-12 18:11:56,903 - openevolve.RemoteSpeedupEvaluator - INFO - [level1_8_Matmul_with_irregular_shapes_] verify_plus response: {"id":"level1_8_Matmul_with_irregular_shapes_","result":{"compiled":true,"correctness":false,"metadata":{"hardware":"NVIDIA L20Y","device":"cuda:7","max_difference":["0.089016","0.092213","0.088987","0.089535","0.091164"],"avg_difference":["0.012725","0.012723","0.012715","0.012731","0.012732"],"correctness_issue":"Output mismatch","correctness_trials":"(0 / 5)","reference_timing_ms":0.0214,"speed_up":-1.0,"custom_timing":-1.0},"runtime":-1.0,"runtime_stats":{}}}
2025-08-12 18:11:56,903 - openevolve.RemoteSpeedupEvaluator - INFO - [level1_8_Matmul_with_irregular_shapes_] âœ˜ wrong_answer
2025-08-12 18:11:56,903 - openevolve.evaluator - INFO - Evaluated program 409e03a8-5d13-4645-b09a-a806ba093536 in 5.61s: compiled=1.0000, correctness=0.0000, score=10.0000, stage=wrong_answer, verify_payload={'id': 'level1_8_Matmul_with_irregular_shapes_', 'result': {'compiled': True, 'correctness': False, 'metadata': {'hardware': 'NVIDIA L20Y', 'device': 'cuda:7', 'max_difference': ['0.089016', '0.092213', '0.088987', '0.089535', '0.091164'], 'avg_difference': ['0.012725', '0.012723', '0.012715', '0.012731', '0.012732'], 'correctness_issue': 'Output mismatch', 'correctness_trials': '(0 / 5)', 'reference_timing_ms': 0.0214, 'speed_up': -1.0, 'custom_timing': -1.0}, 'runtime': -1.0, 'runtime_stats': {}}}
2025-08-12 18:11:56,906 - openevolve.database - INFO - Population size (26) exceeds limit (25), removing 1 programs
2025-08-12 18:11:56,906 - openevolve.database - INFO - Population size after cleanup: 25
2025-08-12 18:11:56,907 - openevolve.llm.ensemble - INFO - Sampled model: deepseek
2025-08-12 18:11:56,918 - openevolve.threaded_parallel - INFO - Iteration 27: Program 409e03a8-5d13-4645-b09a-a806ba093536 (parent: b452facd-66d9-49ed-82e1-2787c8ac068e) completed in 284.46s
2025-08-12 18:11:56,918 - openevolve.threaded_parallel - INFO - Metrics: compiled=1.0000, correctness=0.0000, score=10.0000, stage=wrong_answer, verify_payload={'id': 'level1_8_Matmul_with_irregular_shapes_', 'result': {'compiled': True, 'correctness': False, 'metadata': {'hardware': 'NVIDIA L20Y', 'device': 'cuda:7', 'max_difference': ['0.089016', '0.092213', '0.088987', '0.089535', '0.091164'], 'avg_difference': ['0.012725', '0.012723', '0.012715', '0.012731', '0.012732'], 'correctness_issue': 'Output mismatch', 'correctness_trials': '(0 / 5)', 'reference_timing_ms': 0.0214, 'speed_up': -1.0, 'custom_timing': -1.0}, 'runtime': -1.0, 'runtime_stats': {}}}
2025-08-12 18:11:56,918 - openevolve.threaded_parallel - INFO - Checkpoint interval reached at iteration 27
2025-08-12 18:11:56,919 - openevolve.database - INFO - Island Status:
2025-08-12 18:11:56,920 - openevolve.database - INFO -    Island 0: 10 programs, best=20.0000, avg=17.0000, diversity=82.55, gen=10 (best: f741cc21-25be-44b8-a21d-fa452f7e2a58)
2025-08-12 18:11:56,920 - openevolve.database - INFO -  * Island 1: 6 programs, best=20.0000, avg=16.6667, diversity=41.98, gen=9 (best: 6251b9b1-e5f5-4db2-ab34-f8208bf0854f)
2025-08-12 18:11:56,920 - openevolve.database - INFO -    Island 2: 9 programs, best=20.0000, avg=16.6667, diversity=195.47, gen=8 (best: 66f872b3-7920-44a8-b9ac-a52ce8c8cf4c)
2025-08-12 18:11:57,205 - openevolve.database - INFO - Saved database with 25 programs to openevolve_output/level1_8_Matmul_with_irregular_shapes_/checkpoints/checkpoint_27
2025-08-12 18:11:57,215 - openevolve.controller - INFO - Saved best program at checkpoint 27 with metrics: compiled=1.0000, correctness=1.0000, stage=success, passed=0.0000, score=20.0000, speed_up=0.0020, runtime_ms=11.8000, meta={'hardware': 'NVIDIA L20Y', 'device': 'cuda:2', 'correctness_trials': '(5 / 5)', 'reference_timing_ms': 0.0214, 'speed_up': 0.002, 'custom_timing': 11.8}
2025-08-12 18:11:57,215 - openevolve.controller - INFO - Saved checkpoint at iteration 27 to openevolve_output/level1_8_Matmul_with_irregular_shapes_/checkpoints/checkpoint_27
2025-08-12 18:15:59,682 - openevolve.RemoteSpeedupEvaluator - INFO - [level1_8_Matmul_with_irregular_shapes_] âœ˜ invalid_answer 'import triton' is not found
2025-08-12 18:15:59,683 - openevolve.evaluator - INFO - Evaluated program 7c1eb8d7-82f3-48ce-a06d-c11526aec8f1 in 0.00s: compiled=0.0000, correctness=0.0000, score=-100.0000, stage=no_valid_triton_code, feedback=You need to generate real and valid triton code for the core function. The key word 'import triton' is not found.
2025-08-12 18:15:59,691 - openevolve.database - INFO - New MAP-Elites cell occupied: {'score': -1000, 'complexity': 0}
2025-08-12 18:15:59,691 - openevolve.database - INFO - Population size (26) exceeds limit (25), removing 1 programs
2025-08-12 18:15:59,691 - openevolve.database - INFO - Population size after cleanup: 25
2025-08-12 18:15:59,697 - openevolve.threaded_parallel - INFO - Iteration 28: Program 7c1eb8d7-82f3-48ce-a06d-c11526aec8f1 (parent: 66f872b3-7920-44a8-b9ac-a52ce8c8cf4c) completed in 479.53s
2025-08-12 18:15:59,697 - openevolve.threaded_parallel - INFO - Metrics: compiled=0.0000, correctness=0.0000, score=-100.0000, stage=no_valid_triton_code, feedback=You need to generate real and valid triton code for the core function. The key word 'import triton' is not found.
2025-08-12 18:17:40,949 - openevolve.RemoteSpeedupEvaluator - INFO - [level1_8_Matmul_with_irregular_shapes_] triton key words check pass
2025-08-12 18:17:40,950 - openevolve.RemoteSpeedupEvaluator - INFO - [level1_8_Matmul_with_irregular_shapes_] verify_plus payload: reference_code(793 chars) + custom_code(3796 chars)
2025-08-12 18:17:52,626 - openevolve.RemoteSpeedupEvaluator - INFO - [level1_8_Matmul_with_irregular_shapes_] verify_plus request success
2025-08-12 18:17:52,627 - openevolve.RemoteSpeedupEvaluator - INFO - [level1_8_Matmul_with_irregular_shapes_] verify_plus response: {"id":"level1_8_Matmul_with_irregular_shapes_","result":{"compiled":true,"correctness":false,"metadata":{"hardware":"NVIDIA L20Y","device":"cuda:5","max_difference":["0.256012","0.247345","0.240692","0.241516","0.237244"],"avg_difference":["0.033618","0.033604","0.033599","0.033628","0.033622"],"correctness_issue":"Output mismatch","correctness_trials":"(0 / 5)","reference_timing_ms":0.0214,"speed_up":-1.0,"custom_timing":-1.0},"runtime":-1.0,"runtime_stats":{}}}
2025-08-12 18:17:52,627 - openevolve.RemoteSpeedupEvaluator - INFO - [level1_8_Matmul_with_irregular_shapes_] âœ˜ wrong_answer
2025-08-12 18:17:52,627 - openevolve.evaluator - INFO - Evaluated program 4b9091fa-5c78-4933-b834-914a7f103931 in 11.68s: compiled=1.0000, correctness=0.0000, score=10.0000, stage=wrong_answer, verify_payload={'id': 'level1_8_Matmul_with_irregular_shapes_', 'result': {'compiled': True, 'correctness': False, 'metadata': {'hardware': 'NVIDIA L20Y', 'device': 'cuda:5', 'max_difference': ['0.256012', '0.247345', '0.240692', '0.241516', '0.237244'], 'avg_difference': ['0.033618', '0.033604', '0.033599', '0.033628', '0.033622'], 'correctness_issue': 'Output mismatch', 'correctness_trials': '(0 / 5)', 'reference_timing_ms': 0.0214, 'speed_up': -1.0, 'custom_timing': -1.0}, 'runtime': -1.0, 'runtime_stats': {}}}
2025-08-12 18:17:52,636 - openevolve.database - INFO - Population size (26) exceeds limit (25), removing 1 programs
2025-08-12 18:17:52,636 - openevolve.database - INFO - Population size after cleanup: 25
2025-08-12 18:17:52,648 - openevolve.threaded_parallel - INFO - Iteration 26: Program 4b9091fa-5c78-4933-b834-914a7f103931 (parent: b62aa598-b5b1-484d-b622-544385c9cc14) completed in 765.61s
2025-08-12 18:17:52,648 - openevolve.threaded_parallel - INFO - Metrics: compiled=1.0000, correctness=0.0000, score=10.0000, stage=wrong_answer, verify_payload={'id': 'level1_8_Matmul_with_irregular_shapes_', 'result': {'compiled': True, 'correctness': False, 'metadata': {'hardware': 'NVIDIA L20Y', 'device': 'cuda:5', 'max_difference': ['0.256012', '0.247345', '0.240692', '0.241516', '0.237244'], 'avg_difference': ['0.033618', '0.033604', '0.033599', '0.033628', '0.033622'], 'correctness_issue': 'Output mismatch', 'correctness_trials': '(0 / 5)', 'reference_timing_ms': 0.0214, 'speed_up': -1.0, 'custom_timing': -1.0}, 'runtime': -1.0, 'runtime_stats': {}}}
2025-08-12 18:20:57,173 - openevolve.RemoteSpeedupEvaluator - INFO - [level1_8_Matmul_with_irregular_shapes_] âœ˜ invalid_answer 'import triton' is not found
2025-08-12 18:20:57,174 - openevolve.evaluator - INFO - Evaluated program 377df8a2-3eb0-4aa1-9566-70ff40b608b7 in 0.00s: compiled=0.0000, correctness=0.0000, score=-100.0000, stage=no_valid_triton_code, feedback=You need to generate real and valid triton code for the core function. The key word 'import triton' is not found.
2025-08-12 18:20:57,179 - openevolve.database - INFO - New MAP-Elites cell occupied: {'score': -1000, 'complexity': 0}
2025-08-12 18:20:57,179 - openevolve.database - INFO - Population size (26) exceeds limit (25), removing 1 programs
2025-08-12 18:20:57,179 - openevolve.database - INFO - Population size after cleanup: 25
2025-08-12 18:20:57,186 - openevolve.threaded_parallel - INFO - Iteration 29: Program 377df8a2-3eb0-4aa1-9566-70ff40b608b7 (parent: f741cc21-25be-44b8-a21d-fa452f7e2a58) completed in 540.27s
2025-08-12 18:20:57,187 - openevolve.threaded_parallel - INFO - Metrics: compiled=0.0000, correctness=0.0000, score=-100.0000, stage=no_valid_triton_code, feedback=You need to generate real and valid triton code for the core function. The key word 'import triton' is not found.
2025-08-12 18:20:57,187 - openevolve.threaded_parallel - INFO - Evolution completed
2025-08-12 18:20:57,198 - openevolve.threaded_parallel - INFO - Stopped thread pool
2025-08-12 18:20:57,198 - openevolve.threaded_parallel - INFO - Stopped improved parallel controller
2025-08-12 18:20:57,198 - openevolve.controller - INFO - Using tracked best program: f741cc21-25be-44b8-a21d-fa452f7e2a58
2025-08-12 18:20:57,198 - openevolve.controller - INFO - Evolution complete. Best program has metrics: compiled=1.0000, correctness=1.0000, stage=success, passed=0.0000, score=20.0000, speed_up=0.0020, runtime_ms=11.8000, meta={'hardware': 'NVIDIA L20Y', 'device': 'cuda:2', 'correctness_trials': '(5 / 5)', 'reference_timing_ms': 0.0214, 'speed_up': 0.002, 'custom_timing': 11.8}
2025-08-12 18:20:57,212 - openevolve.controller - INFO - Saved best program to openevolve_output/level1_8_Matmul_with_irregular_shapes_/best/best_program.py with program info to openevolve_output/level1_8_Matmul_with_irregular_shapes_/best/best_program_info.json
2025-08-12 18:20:57,212 - __main__ - INFO - âœ… å®Œæˆ level1_8_Matmul_with_irregular_shapes_
2025-08-12 18:20:57,212 - __main__ - INFO - ======================================================================
2025-08-12 18:20:57,212 - __main__ - INFO - ðŸš€ [5/10] å¼€å§‹ level2_26_ConvTranspose3d_Add_HardSwish
2025-08-12 18:20:57,212 - __main__ - INFO - ======================================================================
2025-08-12 18:20:57,213 - __main__ - INFO - âœ… å®Œæˆ level2_26_ConvTranspose3d_Add_HardSwish
2025-08-12 18:20:57,213 - __main__ - INFO - ======================================================================
2025-08-12 18:20:57,213 - __main__ - INFO - ðŸš€ [6/10] å¼€å§‹ level2_53_Gemm_Scaling_Hardtanh_GELU
2025-08-12 18:20:57,213 - __main__ - INFO - ======================================================================
2025-08-12 18:20:57,214 - __main__ - INFO - âœ… å®Œæˆ level2_53_Gemm_Scaling_Hardtanh_GELU
2025-08-12 18:20:57,214 - __main__ - INFO - ======================================================================
2025-08-12 18:20:57,214 - __main__ - INFO - ðŸš€ [7/10] å¼€å§‹ level2_80_Gemm_Max_Subtract_GELU
2025-08-12 18:20:57,214 - __main__ - INFO - ======================================================================
2025-08-12 18:20:57,215 - __main__ - INFO - âœ… å®Œæˆ level2_80_Gemm_Max_Subtract_GELU
2025-08-12 18:20:57,215 - __main__ - INFO - ======================================================================
2025-08-12 18:20:57,215 - __main__ - INFO - ðŸš€ [8/10] å¼€å§‹ level3_18_SqueezeNet
2025-08-12 18:20:57,215 - __main__ - INFO - ======================================================================
2025-08-12 18:20:57,215 - __main__ - INFO - âœ… å®Œæˆ level3_18_SqueezeNet
2025-08-12 18:20:57,215 - __main__ - INFO - ======================================================================
2025-08-12 18:20:57,215 - __main__ - INFO - ðŸš€ [9/10] å¼€å§‹ level3_45_UNetSoftmax
2025-08-12 18:20:57,215 - __main__ - INFO - ======================================================================
2025-08-12 18:20:57,216 - __main__ - INFO - âœ… å®Œæˆ level3_45_UNetSoftmax
2025-08-12 18:20:57,216 - __main__ - INFO - ======================================================================
2025-08-12 18:20:57,216 - __main__ - INFO - ðŸš€ [10/10] å¼€å§‹ level4_8_facebook-opt-1p3b_bs512_seq32
2025-08-12 18:20:57,216 - __main__ - INFO - ======================================================================
2025-08-12 18:20:57,264 - openevolve.controller - INFO - Logging to openevolve_output/level4_8_facebook-opt-1p3b_bs512_seq32/logs/openevolve_20250812_182057.log
2025-08-12 18:20:57,264 - openevolve.controller - INFO - Set random seed to 42 for reproducibility
2025-08-12 18:20:57,306 - openevolve.llm.ensemble - INFO - Initialized LLM ensemble with models: deepseek (weight: 0.80), deepseek (weight: 0.20)
2025-08-12 18:20:57,345 - openevolve.llm.ensemble - INFO - Initialized LLM ensemble with models: deepseek (weight: 0.80), deepseek (weight: 0.20)
2025-08-12 18:20:57,346 - openevolve.prompt.sampler - INFO - Set custom templates: system=evaluator_system_message, user=None
2025-08-12 18:20:57,346 - openevolve.database - INFO - Initialized program database with 0 programs
2025-08-12 18:20:57,368 - openevolve.evaluator - INFO - Successfully loaded evaluation function from openevolve_output/level4_8_facebook-opt-1p3b_bs512_seq32/evaluation.py
2025-08-12 18:20:57,368 - openevolve.evaluator - INFO - Initialized evaluator with openevolve_output/level4_8_facebook-opt-1p3b_bs512_seq32/evaluation.py
2025-08-12 18:20:57,368 - openevolve.controller - INFO - Initialized OpenEvolve with /tmp/e8d72b1593c347183194fffd86c48fa1.py
2025-08-12 18:20:57,368 - openevolve.controller - INFO - Adding initial program to database
2025-08-12 18:20:57,370 - openevolve.RemoteSpeedupEvaluator - INFO - [level4_8_facebook-opt-1p3b_bs512_seq32] verify_plus payload: reference_code(716 chars) + custom_code(837 chars)
2025-08-12 18:21:11,461 - openevolve.RemoteSpeedupEvaluator - INFO - [level4_8_facebook-opt-1p3b_bs512_seq32] verify_plus request success
2025-08-12 18:21:11,462 - openevolve.RemoteSpeedupEvaluator - INFO - [level4_8_facebook-opt-1p3b_bs512_seq32] verify_plus response: {"id":"level4_8_facebook-opt-1p3b_bs512_seq32","result":{"error":"We couldn't connect to 'https://huggingface.co' to load the files, and couldn't find them in the cached files.\nCheck your internet connection or see how to run the library in offline mode at 'https://huggingface.co/docs/transformers/installation#offline-mode'.\nTraceback (most recent call last):\n  File \"/home/lijiaxing/.conda/envs/api/lib/python3.10/site-packages/urllib3/connection.py\", line 198, in _new_conn\n    sock = connection.create_connection(\n  File \"/home/lijiaxing/.conda/envs/api/lib/python3.10/site-packages/urllib3/util/connection.py\", line 85, in create_connection\n    raise err\n  File \"/home/lijiaxing/.conda/envs/api/lib/python3.10/site-packages/urllib3/util/connection.py\", line 73, in create_connectio
2025-08-12 18:21:11,462 - openevolve.evaluator - WARNING - Evaluation attempt 1/4 failed for program e9b8ca42-3a02-4fab-8f8a-bd92a5d9c47f: Error: The reference code is not valid or correct. The verify result is: {'error': 'We couldn\'t connect to \'https://huggingface.co\' to load the files, and couldn\'t find them in the cached files.\nCheck your internet connection or see how to run the library in offline mode at \'https://huggingface.co/docs/transformers/installation#offline-mode\'.\nTraceback (most recent call last):\n  File "/home/lijiaxing/.conda/envs/api/lib/python3.10/site-packages/urllib3/connection.py", line 198, in _new_conn\n    sock = connection.create_connection(\n  File "/home/lijiaxing/.conda/envs/api/lib/python3.10/site-packages/urllib3/util/connection.py", line 85, in create_connection\n    raise err\n  File "/home/lijiaxing/.conda/envs/api/lib/python3.10/site-packages/urllib3/util/connection.py", line 73, in create_connection\n    sock.connect(sa)\nOSError: [Errno 101] Network is unreachable\n\nThe above exception was the direct cause of the following exception:\n\nTraceback (most recent call last):\n  File "/home/lijiaxing/.conda/envs/api/lib/python3.10/site-packages/urllib3/connectionpool.py", line 787, in urlopen\n    response = self._make_request(\n  File "/home/lijiaxing/.conda/envs/api/lib/python3.10/site-packages/urllib3/connectionpool.py", line 488, in _make_request\n    raise new_e\n  File "/home/lijiaxing/.conda/envs/api/lib/python3.10/site-packages/urllib3/connectionpool.py", line 464, in _make_request\n    self._validate_conn(conn)\n  File "/home/lijiaxing/.conda/envs/api/lib/python3.10/site-packages/urllib3/connectionpool.py", line 1093, in _validate_conn\n    conn.connect()\n  File "/home/lijiaxing/.conda/envs/api/lib/python3.10/site-packages/urllib3/connection.py", line 753, in connect\n    self.sock = sock = self._new_conn()\n  File "/home/lijiaxing/.conda/envs/api/lib/python3.10/site-packages/urllib3/connection.py", line 213, in _new_conn\n    raise NewConnectionError(\nurllib3.exceptions.NewConnectionError: <urllib3.connection.HTTPSConnection object at 0x7fcd5f1c9480>: Failed to establish a new connection: [Errno 101] Network is unreachable\n\nThe above exception was the direct cause of the following exception:\n\nTraceback (most recent call last):\n  File "/home/lijiaxing/.conda/envs/api/lib/python3.10/site-packages/requests/adapters.py", line 667, in send\n    resp = conn.urlopen(\n  File "/home/lijiaxing/.conda/envs/api/lib/python3.10/site-packages/urllib3/connectionpool.py", line 841, in urlopen\n    retries = retries.increment(\n  File "/home/lijiaxing/.conda/envs/api/lib/python3.10/site-packages/urllib3/util/retry.py", line 519, in increment\n    raise MaxRetryError(_pool, url, reason) from reason  # type: ignore[arg-type]\nurllib3.exceptions.MaxRetryError: HTTPSConnectionPool(host=\'huggingface.co\', port=443): Max retries exceeded with url: /facebook/opt-1.3b/resolve/main/config.json (Caused by NewConnectionError(\'<urllib3.connection.HTTPSConnection object at 0x7fcd5f1c9480>: Failed to establish a new connection: [Errno 101] Network is unreachable\'))\n\nDuring handling of the above exception, another exception occurred:\n\nTraceback (most recent call last):\n  File "/home/lijiaxing/.conda/envs/api/lib/python3.10/site-packages/huggingface_hub/file_download.py", line 1546, in _get_metadata_or_catch_error\n    metadata = get_hf_file_metadata(\n  File "/home/lijiaxing/.conda/envs/api/lib/python3.10/site-packages/huggingface_hub/utils/_validators.py", line 114, in _inner_fn\n    return fn(*args, **kwargs)\n  File "/home/lijiaxing/.conda/envs/api/lib/python3.10/site-packages/huggingface_hub/file_download.py", line 1463, in get_hf_file_metadata\n    r = _request_wrapper(\n  File "/home/lijiaxing/.conda/envs/api/lib/python3.10/site-packages/huggingface_hub/file_download.py", line 286, in _request_wrapper\n    response = _request_wrapper(\n  File "/home/lijiaxing/.conda/envs/api/lib/python3.10/site-packages/huggingface_hub/file_download.py", line 309, in _request_wrapper\n    response = http_backoff(method=method, url=url, **params, retry_on_exceptions=(), retry_on_status_codes=(429,))\n  File "/home/lijiaxing/.conda/envs/api/lib/python3.10/site-packages/huggingface_hub/utils/_http.py", line 310, in http_backoff\n    response = session.request(method=method, url=url, **kwargs)\n  File "/home/lijiaxing/.conda/envs/api/lib/python3.10/site-packages/requests/sessions.py", line 589, in request\n    resp = self.send(prep, **send_kwargs)\n  File "/home/lijiaxing/.conda/envs/api/lib/python3.10/site-packages/requests/sessions.py", line 703, in send\n    r = adapter.send(request, **kwargs)\n  File "/home/lijiaxing/.conda/envs/api/lib/python3.10/site-packages/huggingface_hub/utils/_http.py", line 96, in send\n    return super().send(request, *args, **kwargs)\n  File "/home/lijiaxing/.conda/envs/api/lib/python3.10/site-packages/requests/adapters.py", line 700, in send\n    raise ConnectionError(e, request=request)\nrequests.exceptions.ConnectionError: (MaxRetryError("HTTPSConnectionPool(host=\'huggingface.co\', port=443): Max retries exceeded with url: /facebook/opt-1.3b/resolve/main/config.json (Caused by NewConnectionError(\'<urllib3.connection.HTTPSConnection object at 0x7fcd5f1c9480>: Failed to establish a new connection: [Errno 101] Network is unreachable\'))"), \'(Request ID: e34cfcf5-69b0-4340-a98c-91d2ab1530b4)\')\n\nThe above exception was the direct cause of the following exception:\n\nTraceback (most recent call last):\n  File "/home/lijiaxing/.conda/envs/api/lib/python3.10/site-packages/transformers/utils/hub.py", line 479, in cached_files\n    hf_hub_download(\n  File "/home/lijiaxing/.conda/envs/api/lib/python3.10/site-packages/huggingface_hub/utils/_validators.py", line 114, in _inner_fn\n    return fn(*args, **kwargs)\n  File "/home/lijiaxing/.conda/envs/api/lib/python3.10/site-packages/huggingface_hub/file_download.py", line 1010, in hf_hub_download\n    return _hf_hub_download_to_cache_dir(\n  File "/home/lijiaxing/.conda/envs/api/lib/python3.10/site-packages/huggingface_hub/file_download.py", line 1117, in _hf_hub_download_to_cache_dir\n    _raise_on_head_call_error(head_call_error, force_download, local_files_only)\n  File "/home/lijiaxing/.conda/envs/api/lib/python3.10/site-packages/huggingface_hub/file_download.py", line 1661, in _raise_on_head_call_error\n    raise LocalEntryNotFoundError(\nhuggingface_hub.errors.LocalEntryNotFoundError: An error happened while trying to locate the file on the Hub and we cannot find the requested files in the local cache. Please check your connection and try again or make sure your Internet connection is on.\n\nThe above exception was the direct cause of the following exception:\n\nTraceback (most recent call last):\n  File "/cpfs01/shared/llm_kernel/hujiakai/KernelLLM/validation_api_server/evaluator.py", line 92, in _measure_perf_worker\n    exec(textwrap.dedent(code_src), temp_module.__dict__)\n  File "<string>", line 16, in <module>\n  File "/home/lijiaxing/.conda/envs/api/lib/python3.10/site-packages/transformers/models/auto/configuration_auto.py", line 1250, in from_pretrained\n    config_dict, unused_kwargs = PretrainedConfig.get_config_dict(pretrained_model_name_or_path, **kwargs)\n  File "/home/lijiaxing/.conda/envs/api/lib/python3.10/site-packages/transformers/configuration_utils.py", line 649, in get_config_dict\n    config_dict, kwargs = cls._get_config_dict(pretrained_model_name_or_path, **kwargs)\n  File "/home/lijiaxing/.conda/envs/api/lib/python3.10/site-packages/transformers/configuration_utils.py", line 708, in _get_config_dict\n    resolved_config_file = cached_file(\n  File "/home/lijiaxing/.conda/envs/api/lib/python3.10/site-packages/transformers/utils/hub.py", line 321, in cached_file\n    file = cached_files(path_or_repo_id=path_or_repo_id, filenames=[filename], **kwargs)\n  File "/home/lijiaxing/.conda/envs/api/lib/python3.10/site-packages/transformers/utils/hub.py", line 553, in cached_files\n    raise OSError(\nOSError: We couldn\'t connect to \'https://huggingface.co\' to load the files, and couldn\'t find them in the cached files.\nCheck your internet connection or see how to run the library in offline mode at \'https://huggingface.co/docs/transformers/installation#offline-mode\'.\n'}
2025-08-12 18:21:12,466 - openevolve.RemoteSpeedupEvaluator - INFO - [level4_8_facebook-opt-1p3b_bs512_seq32] verify_plus payload: reference_code(716 chars) + custom_code(837 chars)
2025-08-12 18:21:26,624 - openevolve.RemoteSpeedupEvaluator - INFO - [level4_8_facebook-opt-1p3b_bs512_seq32] verify_plus request success
2025-08-12 18:21:26,624 - openevolve.RemoteSpeedupEvaluator - INFO - [level4_8_facebook-opt-1p3b_bs512_seq32] verify_plus response: {"id":"level4_8_facebook-opt-1p3b_bs512_seq32","result":{"error":"We couldn't connect to 'https://huggingface.co' to load the files, and couldn't find them in the cached files.\nCheck your internet connection or see how to run the library in offline mode at 'https://huggingface.co/docs/transformers/installation#offline-mode'.\nTraceback (most recent call last):\n  File \"/home/lijiaxing/.conda/envs/api/lib/python3.10/site-packages/urllib3/connection.py\", line 198, in _new_conn\n    sock = connection.create_connection(\n  File \"/home/lijiaxing/.conda/envs/api/lib/python3.10/site-packages/urllib3/util/connection.py\", line 85, in create_connection\n    raise err\n  File \"/home/lijiaxing/.conda/envs/api/lib/python3.10/site-packages/urllib3/util/connection.py\", line 73, in create_connectio
2025-08-12 18:21:26,624 - openevolve.evaluator - WARNING - Evaluation attempt 2/4 failed for program e9b8ca42-3a02-4fab-8f8a-bd92a5d9c47f: Error: The reference code is not valid or correct. The verify result is: {'error': 'We couldn\'t connect to \'https://huggingface.co\' to load the files, and couldn\'t find them in the cached files.\nCheck your internet connection or see how to run the library in offline mode at \'https://huggingface.co/docs/transformers/installation#offline-mode\'.\nTraceback (most recent call last):\n  File "/home/lijiaxing/.conda/envs/api/lib/python3.10/site-packages/urllib3/connection.py", line 198, in _new_conn\n    sock = connection.create_connection(\n  File "/home/lijiaxing/.conda/envs/api/lib/python3.10/site-packages/urllib3/util/connection.py", line 85, in create_connection\n    raise err\n  File "/home/lijiaxing/.conda/envs/api/lib/python3.10/site-packages/urllib3/util/connection.py", line 73, in create_connection\n    sock.connect(sa)\nOSError: [Errno 101] Network is unreachable\n\nThe above exception was the direct cause of the following exception:\n\nTraceback (most recent call last):\n  File "/home/lijiaxing/.conda/envs/api/lib/python3.10/site-packages/urllib3/connectionpool.py", line 787, in urlopen\n    response = self._make_request(\n  File "/home/lijiaxing/.conda/envs/api/lib/python3.10/site-packages/urllib3/connectionpool.py", line 488, in _make_request\n    raise new_e\n  File "/home/lijiaxing/.conda/envs/api/lib/python3.10/site-packages/urllib3/connectionpool.py", line 464, in _make_request\n    self._validate_conn(conn)\n  File "/home/lijiaxing/.conda/envs/api/lib/python3.10/site-packages/urllib3/connectionpool.py", line 1093, in _validate_conn\n    conn.connect()\n  File "/home/lijiaxing/.conda/envs/api/lib/python3.10/site-packages/urllib3/connection.py", line 753, in connect\n    self.sock = sock = self._new_conn()\n  File "/home/lijiaxing/.conda/envs/api/lib/python3.10/site-packages/urllib3/connection.py", line 213, in _new_conn\n    raise NewConnectionError(\nurllib3.exceptions.NewConnectionError: <urllib3.connection.HTTPSConnection object at 0x7f07811cd480>: Failed to establish a new connection: [Errno 101] Network is unreachable\n\nThe above exception was the direct cause of the following exception:\n\nTraceback (most recent call last):\n  File "/home/lijiaxing/.conda/envs/api/lib/python3.10/site-packages/requests/adapters.py", line 667, in send\n    resp = conn.urlopen(\n  File "/home/lijiaxing/.conda/envs/api/lib/python3.10/site-packages/urllib3/connectionpool.py", line 841, in urlopen\n    retries = retries.increment(\n  File "/home/lijiaxing/.conda/envs/api/lib/python3.10/site-packages/urllib3/util/retry.py", line 519, in increment\n    raise MaxRetryError(_pool, url, reason) from reason  # type: ignore[arg-type]\nurllib3.exceptions.MaxRetryError: HTTPSConnectionPool(host=\'huggingface.co\', port=443): Max retries exceeded with url: /facebook/opt-1.3b/resolve/main/config.json (Caused by NewConnectionError(\'<urllib3.connection.HTTPSConnection object at 0x7f07811cd480>: Failed to establish a new connection: [Errno 101] Network is unreachable\'))\n\nDuring handling of the above exception, another exception occurred:\n\nTraceback (most recent call last):\n  File "/home/lijiaxing/.conda/envs/api/lib/python3.10/site-packages/huggingface_hub/file_download.py", line 1546, in _get_metadata_or_catch_error\n    metadata = get_hf_file_metadata(\n  File "/home/lijiaxing/.conda/envs/api/lib/python3.10/site-packages/huggingface_hub/utils/_validators.py", line 114, in _inner_fn\n    return fn(*args, **kwargs)\n  File "/home/lijiaxing/.conda/envs/api/lib/python3.10/site-packages/huggingface_hub/file_download.py", line 1463, in get_hf_file_metadata\n    r = _request_wrapper(\n  File "/home/lijiaxing/.conda/envs/api/lib/python3.10/site-packages/huggingface_hub/file_download.py", line 286, in _request_wrapper\n    response = _request_wrapper(\n  File "/home/lijiaxing/.conda/envs/api/lib/python3.10/site-packages/huggingface_hub/file_download.py", line 309, in _request_wrapper\n    response = http_backoff(method=method, url=url, **params, retry_on_exceptions=(), retry_on_status_codes=(429,))\n  File "/home/lijiaxing/.conda/envs/api/lib/python3.10/site-packages/huggingface_hub/utils/_http.py", line 310, in http_backoff\n    response = session.request(method=method, url=url, **kwargs)\n  File "/home/lijiaxing/.conda/envs/api/lib/python3.10/site-packages/requests/sessions.py", line 589, in request\n    resp = self.send(prep, **send_kwargs)\n  File "/home/lijiaxing/.conda/envs/api/lib/python3.10/site-packages/requests/sessions.py", line 703, in send\n    r = adapter.send(request, **kwargs)\n  File "/home/lijiaxing/.conda/envs/api/lib/python3.10/site-packages/huggingface_hub/utils/_http.py", line 96, in send\n    return super().send(request, *args, **kwargs)\n  File "/home/lijiaxing/.conda/envs/api/lib/python3.10/site-packages/requests/adapters.py", line 700, in send\n    raise ConnectionError(e, request=request)\nrequests.exceptions.ConnectionError: (MaxRetryError("HTTPSConnectionPool(host=\'huggingface.co\', port=443): Max retries exceeded with url: /facebook/opt-1.3b/resolve/main/config.json (Caused by NewConnectionError(\'<urllib3.connection.HTTPSConnection object at 0x7f07811cd480>: Failed to establish a new connection: [Errno 101] Network is unreachable\'))"), \'(Request ID: b31f2952-54c0-4913-bfb2-346dd4c03443)\')\n\nThe above exception was the direct cause of the following exception:\n\nTraceback (most recent call last):\n  File "/home/lijiaxing/.conda/envs/api/lib/python3.10/site-packages/transformers/utils/hub.py", line 479, in cached_files\n    hf_hub_download(\n  File "/home/lijiaxing/.conda/envs/api/lib/python3.10/site-packages/huggingface_hub/utils/_validators.py", line 114, in _inner_fn\n    return fn(*args, **kwargs)\n  File "/home/lijiaxing/.conda/envs/api/lib/python3.10/site-packages/huggingface_hub/file_download.py", line 1010, in hf_hub_download\n    return _hf_hub_download_to_cache_dir(\n  File "/home/lijiaxing/.conda/envs/api/lib/python3.10/site-packages/huggingface_hub/file_download.py", line 1117, in _hf_hub_download_to_cache_dir\n    _raise_on_head_call_error(head_call_error, force_download, local_files_only)\n  File "/home/lijiaxing/.conda/envs/api/lib/python3.10/site-packages/huggingface_hub/file_download.py", line 1661, in _raise_on_head_call_error\n    raise LocalEntryNotFoundError(\nhuggingface_hub.errors.LocalEntryNotFoundError: An error happened while trying to locate the file on the Hub and we cannot find the requested files in the local cache. Please check your connection and try again or make sure your Internet connection is on.\n\nThe above exception was the direct cause of the following exception:\n\nTraceback (most recent call last):\n  File "/cpfs01/shared/llm_kernel/hujiakai/KernelLLM/validation_api_server/evaluator.py", line 92, in _measure_perf_worker\n    exec(textwrap.dedent(code_src), temp_module.__dict__)\n  File "<string>", line 16, in <module>\n  File "/home/lijiaxing/.conda/envs/api/lib/python3.10/site-packages/transformers/models/auto/configuration_auto.py", line 1250, in from_pretrained\n    config_dict, unused_kwargs = PretrainedConfig.get_config_dict(pretrained_model_name_or_path, **kwargs)\n  File "/home/lijiaxing/.conda/envs/api/lib/python3.10/site-packages/transformers/configuration_utils.py", line 649, in get_config_dict\n    config_dict, kwargs = cls._get_config_dict(pretrained_model_name_or_path, **kwargs)\n  File "/home/lijiaxing/.conda/envs/api/lib/python3.10/site-packages/transformers/configuration_utils.py", line 708, in _get_config_dict\n    resolved_config_file = cached_file(\n  File "/home/lijiaxing/.conda/envs/api/lib/python3.10/site-packages/transformers/utils/hub.py", line 321, in cached_file\n    file = cached_files(path_or_repo_id=path_or_repo_id, filenames=[filename], **kwargs)\n  File "/home/lijiaxing/.conda/envs/api/lib/python3.10/site-packages/transformers/utils/hub.py", line 553, in cached_files\n    raise OSError(\nOSError: We couldn\'t connect to \'https://huggingface.co\' to load the files, and couldn\'t find them in the cached files.\nCheck your internet connection or see how to run the library in offline mode at \'https://huggingface.co/docs/transformers/installation#offline-mode\'.\n'}
2025-08-12 18:21:27,626 - openevolve.RemoteSpeedupEvaluator - INFO - [level4_8_facebook-opt-1p3b_bs512_seq32] verify_plus payload: reference_code(716 chars) + custom_code(837 chars)
2025-08-12 18:21:41,760 - openevolve.RemoteSpeedupEvaluator - INFO - [level4_8_facebook-opt-1p3b_bs512_seq32] verify_plus request success
2025-08-12 18:21:41,761 - openevolve.RemoteSpeedupEvaluator - INFO - [level4_8_facebook-opt-1p3b_bs512_seq32] verify_plus response: {"id":"level4_8_facebook-opt-1p3b_bs512_seq32","result":{"error":"We couldn't connect to 'https://huggingface.co' to load the files, and couldn't find them in the cached files.\nCheck your internet connection or see how to run the library in offline mode at 'https://huggingface.co/docs/transformers/installation#offline-mode'.\nTraceback (most recent call last):\n  File \"/home/lijiaxing/.conda/envs/api/lib/python3.10/site-packages/urllib3/connection.py\", line 198, in _new_conn\n    sock = connection.create_connection(\n  File \"/home/lijiaxing/.conda/envs/api/lib/python3.10/site-packages/urllib3/util/connection.py\", line 85, in create_connection\n    raise err\n  File \"/home/lijiaxing/.conda/envs/api/lib/python3.10/site-packages/urllib3/util/connection.py\", line 73, in create_connectio
2025-08-12 18:21:41,761 - openevolve.evaluator - WARNING - Evaluation attempt 3/4 failed for program e9b8ca42-3a02-4fab-8f8a-bd92a5d9c47f: Error: The reference code is not valid or correct. The verify result is: {'error': 'We couldn\'t connect to \'https://huggingface.co\' to load the files, and couldn\'t find them in the cached files.\nCheck your internet connection or see how to run the library in offline mode at \'https://huggingface.co/docs/transformers/installation#offline-mode\'.\nTraceback (most recent call last):\n  File "/home/lijiaxing/.conda/envs/api/lib/python3.10/site-packages/urllib3/connection.py", line 198, in _new_conn\n    sock = connection.create_connection(\n  File "/home/lijiaxing/.conda/envs/api/lib/python3.10/site-packages/urllib3/util/connection.py", line 85, in create_connection\n    raise err\n  File "/home/lijiaxing/.conda/envs/api/lib/python3.10/site-packages/urllib3/util/connection.py", line 73, in create_connection\n    sock.connect(sa)\nOSError: [Errno 101] Network is unreachable\n\nThe above exception was the direct cause of the following exception:\n\nTraceback (most recent call last):\n  File "/home/lijiaxing/.conda/envs/api/lib/python3.10/site-packages/urllib3/connectionpool.py", line 787, in urlopen\n    response = self._make_request(\n  File "/home/lijiaxing/.conda/envs/api/lib/python3.10/site-packages/urllib3/connectionpool.py", line 488, in _make_request\n    raise new_e\n  File "/home/lijiaxing/.conda/envs/api/lib/python3.10/site-packages/urllib3/connectionpool.py", line 464, in _make_request\n    self._validate_conn(conn)\n  File "/home/lijiaxing/.conda/envs/api/lib/python3.10/site-packages/urllib3/connectionpool.py", line 1093, in _validate_conn\n    conn.connect()\n  File "/home/lijiaxing/.conda/envs/api/lib/python3.10/site-packages/urllib3/connection.py", line 753, in connect\n    self.sock = sock = self._new_conn()\n  File "/home/lijiaxing/.conda/envs/api/lib/python3.10/site-packages/urllib3/connection.py", line 213, in _new_conn\n    raise NewConnectionError(\nurllib3.exceptions.NewConnectionError: <urllib3.connection.HTTPSConnection object at 0x7f80b0699480>: Failed to establish a new connection: [Errno 101] Network is unreachable\n\nThe above exception was the direct cause of the following exception:\n\nTraceback (most recent call last):\n  File "/home/lijiaxing/.conda/envs/api/lib/python3.10/site-packages/requests/adapters.py", line 667, in send\n    resp = conn.urlopen(\n  File "/home/lijiaxing/.conda/envs/api/lib/python3.10/site-packages/urllib3/connectionpool.py", line 841, in urlopen\n    retries = retries.increment(\n  File "/home/lijiaxing/.conda/envs/api/lib/python3.10/site-packages/urllib3/util/retry.py", line 519, in increment\n    raise MaxRetryError(_pool, url, reason) from reason  # type: ignore[arg-type]\nurllib3.exceptions.MaxRetryError: HTTPSConnectionPool(host=\'huggingface.co\', port=443): Max retries exceeded with url: /facebook/opt-1.3b/resolve/main/config.json (Caused by NewConnectionError(\'<urllib3.connection.HTTPSConnection object at 0x7f80b0699480>: Failed to establish a new connection: [Errno 101] Network is unreachable\'))\n\nDuring handling of the above exception, another exception occurred:\n\nTraceback (most recent call last):\n  File "/home/lijiaxing/.conda/envs/api/lib/python3.10/site-packages/huggingface_hub/file_download.py", line 1546, in _get_metadata_or_catch_error\n    metadata = get_hf_file_metadata(\n  File "/home/lijiaxing/.conda/envs/api/lib/python3.10/site-packages/huggingface_hub/utils/_validators.py", line 114, in _inner_fn\n    return fn(*args, **kwargs)\n  File "/home/lijiaxing/.conda/envs/api/lib/python3.10/site-packages/huggingface_hub/file_download.py", line 1463, in get_hf_file_metadata\n    r = _request_wrapper(\n  File "/home/lijiaxing/.conda/envs/api/lib/python3.10/site-packages/huggingface_hub/file_download.py", line 286, in _request_wrapper\n    response = _request_wrapper(\n  File "/home/lijiaxing/.conda/envs/api/lib/python3.10/site-packages/huggingface_hub/file_download.py", line 309, in _request_wrapper\n    response = http_backoff(method=method, url=url, **params, retry_on_exceptions=(), retry_on_status_codes=(429,))\n  File "/home/lijiaxing/.conda/envs/api/lib/python3.10/site-packages/huggingface_hub/utils/_http.py", line 310, in http_backoff\n    response = session.request(method=method, url=url, **kwargs)\n  File "/home/lijiaxing/.conda/envs/api/lib/python3.10/site-packages/requests/sessions.py", line 589, in request\n    resp = self.send(prep, **send_kwargs)\n  File "/home/lijiaxing/.conda/envs/api/lib/python3.10/site-packages/requests/sessions.py", line 703, in send\n    r = adapter.send(request, **kwargs)\n  File "/home/lijiaxing/.conda/envs/api/lib/python3.10/site-packages/huggingface_hub/utils/_http.py", line 96, in send\n    return super().send(request, *args, **kwargs)\n  File "/home/lijiaxing/.conda/envs/api/lib/python3.10/site-packages/requests/adapters.py", line 700, in send\n    raise ConnectionError(e, request=request)\nrequests.exceptions.ConnectionError: (MaxRetryError("HTTPSConnectionPool(host=\'huggingface.co\', port=443): Max retries exceeded with url: /facebook/opt-1.3b/resolve/main/config.json (Caused by NewConnectionError(\'<urllib3.connection.HTTPSConnection object at 0x7f80b0699480>: Failed to establish a new connection: [Errno 101] Network is unreachable\'))"), \'(Request ID: c764e15c-3a4c-4ad0-8c5f-eb9abdff4c3e)\')\n\nThe above exception was the direct cause of the following exception:\n\nTraceback (most recent call last):\n  File "/home/lijiaxing/.conda/envs/api/lib/python3.10/site-packages/transformers/utils/hub.py", line 479, in cached_files\n    hf_hub_download(\n  File "/home/lijiaxing/.conda/envs/api/lib/python3.10/site-packages/huggingface_hub/utils/_validators.py", line 114, in _inner_fn\n    return fn(*args, **kwargs)\n  File "/home/lijiaxing/.conda/envs/api/lib/python3.10/site-packages/huggingface_hub/file_download.py", line 1010, in hf_hub_download\n    return _hf_hub_download_to_cache_dir(\n  File "/home/lijiaxing/.conda/envs/api/lib/python3.10/site-packages/huggingface_hub/file_download.py", line 1117, in _hf_hub_download_to_cache_dir\n    _raise_on_head_call_error(head_call_error, force_download, local_files_only)\n  File "/home/lijiaxing/.conda/envs/api/lib/python3.10/site-packages/huggingface_hub/file_download.py", line 1661, in _raise_on_head_call_error\n    raise LocalEntryNotFoundError(\nhuggingface_hub.errors.LocalEntryNotFoundError: An error happened while trying to locate the file on the Hub and we cannot find the requested files in the local cache. Please check your connection and try again or make sure your Internet connection is on.\n\nThe above exception was the direct cause of the following exception:\n\nTraceback (most recent call last):\n  File "/cpfs01/shared/llm_kernel/hujiakai/KernelLLM/validation_api_server/evaluator.py", line 92, in _measure_perf_worker\n    exec(textwrap.dedent(code_src), temp_module.__dict__)\n  File "<string>", line 16, in <module>\n  File "/home/lijiaxing/.conda/envs/api/lib/python3.10/site-packages/transformers/models/auto/configuration_auto.py", line 1250, in from_pretrained\n    config_dict, unused_kwargs = PretrainedConfig.get_config_dict(pretrained_model_name_or_path, **kwargs)\n  File "/home/lijiaxing/.conda/envs/api/lib/python3.10/site-packages/transformers/configuration_utils.py", line 649, in get_config_dict\n    config_dict, kwargs = cls._get_config_dict(pretrained_model_name_or_path, **kwargs)\n  File "/home/lijiaxing/.conda/envs/api/lib/python3.10/site-packages/transformers/configuration_utils.py", line 708, in _get_config_dict\n    resolved_config_file = cached_file(\n  File "/home/lijiaxing/.conda/envs/api/lib/python3.10/site-packages/transformers/utils/hub.py", line 321, in cached_file\n    file = cached_files(path_or_repo_id=path_or_repo_id, filenames=[filename], **kwargs)\n  File "/home/lijiaxing/.conda/envs/api/lib/python3.10/site-packages/transformers/utils/hub.py", line 553, in cached_files\n    raise OSError(\nOSError: We couldn\'t connect to \'https://huggingface.co\' to load the files, and couldn\'t find them in the cached files.\nCheck your internet connection or see how to run the library in offline mode at \'https://huggingface.co/docs/transformers/installation#offline-mode\'.\n'}
2025-08-12 18:21:42,764 - openevolve.RemoteSpeedupEvaluator - INFO - [level4_8_facebook-opt-1p3b_bs512_seq32] verify_plus payload: reference_code(716 chars) + custom_code(837 chars)
2025-08-12 18:21:57,094 - openevolve.RemoteSpeedupEvaluator - INFO - [level4_8_facebook-opt-1p3b_bs512_seq32] verify_plus request success
2025-08-12 18:21:57,094 - openevolve.RemoteSpeedupEvaluator - INFO - [level4_8_facebook-opt-1p3b_bs512_seq32] verify_plus response: {"id":"level4_8_facebook-opt-1p3b_bs512_seq32","result":{"error":"We couldn't connect to 'https://huggingface.co' to load the files, and couldn't find them in the cached files.\nCheck your internet connection or see how to run the library in offline mode at 'https://huggingface.co/docs/transformers/installation#offline-mode'.\nTraceback (most recent call last):\n  File \"/home/lijiaxing/.conda/envs/api/lib/python3.10/site-packages/urllib3/connection.py\", line 198, in _new_conn\n    sock = connection.create_connection(\n  File \"/home/lijiaxing/.conda/envs/api/lib/python3.10/site-packages/urllib3/util/connection.py\", line 85, in create_connection\n    raise err\n  File \"/home/lijiaxing/.conda/envs/api/lib/python3.10/site-packages/urllib3/util/connection.py\", line 73, in create_connectio
2025-08-12 18:21:57,094 - openevolve.evaluator - WARNING - Evaluation attempt 4/4 failed for program e9b8ca42-3a02-4fab-8f8a-bd92a5d9c47f: Error: The reference code is not valid or correct. The verify result is: {'error': 'We couldn\'t connect to \'https://huggingface.co\' to load the files, and couldn\'t find them in the cached files.\nCheck your internet connection or see how to run the library in offline mode at \'https://huggingface.co/docs/transformers/installation#offline-mode\'.\nTraceback (most recent call last):\n  File "/home/lijiaxing/.conda/envs/api/lib/python3.10/site-packages/urllib3/connection.py", line 198, in _new_conn\n    sock = connection.create_connection(\n  File "/home/lijiaxing/.conda/envs/api/lib/python3.10/site-packages/urllib3/util/connection.py", line 85, in create_connection\n    raise err\n  File "/home/lijiaxing/.conda/envs/api/lib/python3.10/site-packages/urllib3/util/connection.py", line 73, in create_connection\n    sock.connect(sa)\nOSError: [Errno 101] Network is unreachable\n\nThe above exception was the direct cause of the following exception:\n\nTraceback (most recent call last):\n  File "/home/lijiaxing/.conda/envs/api/lib/python3.10/site-packages/urllib3/connectionpool.py", line 787, in urlopen\n    response = self._make_request(\n  File "/home/lijiaxing/.conda/envs/api/lib/python3.10/site-packages/urllib3/connectionpool.py", line 488, in _make_request\n    raise new_e\n  File "/home/lijiaxing/.conda/envs/api/lib/python3.10/site-packages/urllib3/connectionpool.py", line 464, in _make_request\n    self._validate_conn(conn)\n  File "/home/lijiaxing/.conda/envs/api/lib/python3.10/site-packages/urllib3/connectionpool.py", line 1093, in _validate_conn\n    conn.connect()\n  File "/home/lijiaxing/.conda/envs/api/lib/python3.10/site-packages/urllib3/connection.py", line 753, in connect\n    self.sock = sock = self._new_conn()\n  File "/home/lijiaxing/.conda/envs/api/lib/python3.10/site-packages/urllib3/connection.py", line 213, in _new_conn\n    raise NewConnectionError(\nurllib3.exceptions.NewConnectionError: <urllib3.connection.HTTPSConnection object at 0x7fc93c5b93c0>: Failed to establish a new connection: [Errno 101] Network is unreachable\n\nThe above exception was the direct cause of the following exception:\n\nTraceback (most recent call last):\n  File "/home/lijiaxing/.conda/envs/api/lib/python3.10/site-packages/requests/adapters.py", line 667, in send\n    resp = conn.urlopen(\n  File "/home/lijiaxing/.conda/envs/api/lib/python3.10/site-packages/urllib3/connectionpool.py", line 841, in urlopen\n    retries = retries.increment(\n  File "/home/lijiaxing/.conda/envs/api/lib/python3.10/site-packages/urllib3/util/retry.py", line 519, in increment\n    raise MaxRetryError(_pool, url, reason) from reason  # type: ignore[arg-type]\nurllib3.exceptions.MaxRetryError: HTTPSConnectionPool(host=\'huggingface.co\', port=443): Max retries exceeded with url: /facebook/opt-1.3b/resolve/main/config.json (Caused by NewConnectionError(\'<urllib3.connection.HTTPSConnection object at 0x7fc93c5b93c0>: Failed to establish a new connection: [Errno 101] Network is unreachable\'))\n\nDuring handling of the above exception, another exception occurred:\n\nTraceback (most recent call last):\n  File "/home/lijiaxing/.conda/envs/api/lib/python3.10/site-packages/huggingface_hub/file_download.py", line 1546, in _get_metadata_or_catch_error\n    metadata = get_hf_file_metadata(\n  File "/home/lijiaxing/.conda/envs/api/lib/python3.10/site-packages/huggingface_hub/utils/_validators.py", line 114, in _inner_fn\n    return fn(*args, **kwargs)\n  File "/home/lijiaxing/.conda/envs/api/lib/python3.10/site-packages/huggingface_hub/file_download.py", line 1463, in get_hf_file_metadata\n    r = _request_wrapper(\n  File "/home/lijiaxing/.conda/envs/api/lib/python3.10/site-packages/huggingface_hub/file_download.py", line 286, in _request_wrapper\n    response = _request_wrapper(\n  File "/home/lijiaxing/.conda/envs/api/lib/python3.10/site-packages/huggingface_hub/file_download.py", line 309, in _request_wrapper\n    response = http_backoff(method=method, url=url, **params, retry_on_exceptions=(), retry_on_status_codes=(429,))\n  File "/home/lijiaxing/.conda/envs/api/lib/python3.10/site-packages/huggingface_hub/utils/_http.py", line 310, in http_backoff\n    response = session.request(method=method, url=url, **kwargs)\n  File "/home/lijiaxing/.conda/envs/api/lib/python3.10/site-packages/requests/sessions.py", line 589, in request\n    resp = self.send(prep, **send_kwargs)\n  File "/home/lijiaxing/.conda/envs/api/lib/python3.10/site-packages/requests/sessions.py", line 703, in send\n    r = adapter.send(request, **kwargs)\n  File "/home/lijiaxing/.conda/envs/api/lib/python3.10/site-packages/huggingface_hub/utils/_http.py", line 96, in send\n    return super().send(request, *args, **kwargs)\n  File "/home/lijiaxing/.conda/envs/api/lib/python3.10/site-packages/requests/adapters.py", line 700, in send\n    raise ConnectionError(e, request=request)\nrequests.exceptions.ConnectionError: (MaxRetryError("HTTPSConnectionPool(host=\'huggingface.co\', port=443): Max retries exceeded with url: /facebook/opt-1.3b/resolve/main/config.json (Caused by NewConnectionError(\'<urllib3.connection.HTTPSConnection object at 0x7fc93c5b93c0>: Failed to establish a new connection: [Errno 101] Network is unreachable\'))"), \'(Request ID: 83d0e02b-ded1-47b4-a1b0-b2beb2b6153d)\')\n\nThe above exception was the direct cause of the following exception:\n\nTraceback (most recent call last):\n  File "/home/lijiaxing/.conda/envs/api/lib/python3.10/site-packages/transformers/utils/hub.py", line 479, in cached_files\n    hf_hub_download(\n  File "/home/lijiaxing/.conda/envs/api/lib/python3.10/site-packages/huggingface_hub/utils/_validators.py", line 114, in _inner_fn\n    return fn(*args, **kwargs)\n  File "/home/lijiaxing/.conda/envs/api/lib/python3.10/site-packages/huggingface_hub/file_download.py", line 1010, in hf_hub_download\n    return _hf_hub_download_to_cache_dir(\n  File "/home/lijiaxing/.conda/envs/api/lib/python3.10/site-packages/huggingface_hub/file_download.py", line 1117, in _hf_hub_download_to_cache_dir\n    _raise_on_head_call_error(head_call_error, force_download, local_files_only)\n  File "/home/lijiaxing/.conda/envs/api/lib/python3.10/site-packages/huggingface_hub/file_download.py", line 1661, in _raise_on_head_call_error\n    raise LocalEntryNotFoundError(\nhuggingface_hub.errors.LocalEntryNotFoundError: An error happened while trying to locate the file on the Hub and we cannot find the requested files in the local cache. Please check your connection and try again or make sure your Internet connection is on.\n\nThe above exception was the direct cause of the following exception:\n\nTraceback (most recent call last):\n  File "/cpfs01/shared/llm_kernel/hujiakai/KernelLLM/validation_api_server/evaluator.py", line 92, in _measure_perf_worker\n    exec(textwrap.dedent(code_src), temp_module.__dict__)\n  File "<string>", line 16, in <module>\n  File "/home/lijiaxing/.conda/envs/api/lib/python3.10/site-packages/transformers/models/auto/configuration_auto.py", line 1250, in from_pretrained\n    config_dict, unused_kwargs = PretrainedConfig.get_config_dict(pretrained_model_name_or_path, **kwargs)\n  File "/home/lijiaxing/.conda/envs/api/lib/python3.10/site-packages/transformers/configuration_utils.py", line 649, in get_config_dict\n    config_dict, kwargs = cls._get_config_dict(pretrained_model_name_or_path, **kwargs)\n  File "/home/lijiaxing/.conda/envs/api/lib/python3.10/site-packages/transformers/configuration_utils.py", line 708, in _get_config_dict\n    resolved_config_file = cached_file(\n  File "/home/lijiaxing/.conda/envs/api/lib/python3.10/site-packages/transformers/utils/hub.py", line 321, in cached_file\n    file = cached_files(path_or_repo_id=path_or_repo_id, filenames=[filename], **kwargs)\n  File "/home/lijiaxing/.conda/envs/api/lib/python3.10/site-packages/transformers/utils/hub.py", line 553, in cached_files\n    raise OSError(\nOSError: We couldn\'t connect to \'https://huggingface.co\' to load the files, and couldn\'t find them in the cached files.\nCheck your internet connection or see how to run the library in offline mode at \'https://huggingface.co/docs/transformers/installation#offline-mode\'.\n'}
2025-08-12 18:21:57,096 - openevolve.evaluator - ERROR - All evaluation attempts failed for program e9b8ca42-3a02-4fab-8f8a-bd92a5d9c47f. Last error: Error: The reference code is not valid or correct. The verify result is: {'error': 'We couldn\'t connect to \'https://huggingface.co\' to load the files, and couldn\'t find them in the cached files.\nCheck your internet connection or see how to run the library in offline mode at \'https://huggingface.co/docs/transformers/installation#offline-mode\'.\nTraceback (most recent call last):\n  File "/home/lijiaxing/.conda/envs/api/lib/python3.10/site-packages/urllib3/connection.py", line 198, in _new_conn\n    sock = connection.create_connection(\n  File "/home/lijiaxing/.conda/envs/api/lib/python3.10/site-packages/urllib3/util/connection.py", line 85, in create_connection\n    raise err\n  File "/home/lijiaxing/.conda/envs/api/lib/python3.10/site-packages/urllib3/util/connection.py", line 73, in create_connection\n    sock.connect(sa)\nOSError: [Errno 101] Network is unreachable\n\nThe above exception was the direct cause of the following exception:\n\nTraceback (most recent call last):\n  File "/home/lijiaxing/.conda/envs/api/lib/python3.10/site-packages/urllib3/connectionpool.py", line 787, in urlopen\n    response = self._make_request(\n  File "/home/lijiaxing/.conda/envs/api/lib/python3.10/site-packages/urllib3/connectionpool.py", line 488, in _make_request\n    raise new_e\n  File "/home/lijiaxing/.conda/envs/api/lib/python3.10/site-packages/urllib3/connectionpool.py", line 464, in _make_request\n    self._validate_conn(conn)\n  File "/home/lijiaxing/.conda/envs/api/lib/python3.10/site-packages/urllib3/connectionpool.py", line 1093, in _validate_conn\n    conn.connect()\n  File "/home/lijiaxing/.conda/envs/api/lib/python3.10/site-packages/urllib3/connection.py", line 753, in connect\n    self.sock = sock = self._new_conn()\n  File "/home/lijiaxing/.conda/envs/api/lib/python3.10/site-packages/urllib3/connection.py", line 213, in _new_conn\n    raise NewConnectionError(\nurllib3.exceptions.NewConnectionError: <urllib3.connection.HTTPSConnection object at 0x7fc93c5b93c0>: Failed to establish a new connection: [Errno 101] Network is unreachable\n\nThe above exception was the direct cause of the following exception:\n\nTraceback (most recent call last):\n  File "/home/lijiaxing/.conda/envs/api/lib/python3.10/site-packages/requests/adapters.py", line 667, in send\n    resp = conn.urlopen(\n  File "/home/lijiaxing/.conda/envs/api/lib/python3.10/site-packages/urllib3/connectionpool.py", line 841, in urlopen\n    retries = retries.increment(\n  File "/home/lijiaxing/.conda/envs/api/lib/python3.10/site-packages/urllib3/util/retry.py", line 519, in increment\n    raise MaxRetryError(_pool, url, reason) from reason  # type: ignore[arg-type]\nurllib3.exceptions.MaxRetryError: HTTPSConnectionPool(host=\'huggingface.co\', port=443): Max retries exceeded with url: /facebook/opt-1.3b/resolve/main/config.json (Caused by NewConnectionError(\'<urllib3.connection.HTTPSConnection object at 0x7fc93c5b93c0>: Failed to establish a new connection: [Errno 101] Network is unreachable\'))\n\nDuring handling of the above exception, another exception occurred:\n\nTraceback (most recent call last):\n  File "/home/lijiaxing/.conda/envs/api/lib/python3.10/site-packages/huggingface_hub/file_download.py", line 1546, in _get_metadata_or_catch_error\n    metadata = get_hf_file_metadata(\n  File "/home/lijiaxing/.conda/envs/api/lib/python3.10/site-packages/huggingface_hub/utils/_validators.py", line 114, in _inner_fn\n    return fn(*args, **kwargs)\n  File "/home/lijiaxing/.conda/envs/api/lib/python3.10/site-packages/huggingface_hub/file_download.py", line 1463, in get_hf_file_metadata\n    r = _request_wrapper(\n  File "/home/lijiaxing/.conda/envs/api/lib/python3.10/site-packages/huggingface_hub/file_download.py", line 286, in _request_wrapper\n    response = _request_wrapper(\n  File "/home/lijiaxing/.conda/envs/api/lib/python3.10/site-packages/huggingface_hub/file_download.py", line 309, in _request_wrapper\n    response = http_backoff(method=method, url=url, **params, retry_on_exceptions=(), retry_on_status_codes=(429,))\n  File "/home/lijiaxing/.conda/envs/api/lib/python3.10/site-packages/huggingface_hub/utils/_http.py", line 310, in http_backoff\n    response = session.request(method=method, url=url, **kwargs)\n  File "/home/lijiaxing/.conda/envs/api/lib/python3.10/site-packages/requests/sessions.py", line 589, in request\n    resp = self.send(prep, **send_kwargs)\n  File "/home/lijiaxing/.conda/envs/api/lib/python3.10/site-packages/requests/sessions.py", line 703, in send\n    r = adapter.send(request, **kwargs)\n  File "/home/lijiaxing/.conda/envs/api/lib/python3.10/site-packages/huggingface_hub/utils/_http.py", line 96, in send\n    return super().send(request, *args, **kwargs)\n  File "/home/lijiaxing/.conda/envs/api/lib/python3.10/site-packages/requests/adapters.py", line 700, in send\n    raise ConnectionError(e, request=request)\nrequests.exceptions.ConnectionError: (MaxRetryError("HTTPSConnectionPool(host=\'huggingface.co\', port=443): Max retries exceeded with url: /facebook/opt-1.3b/resolve/main/config.json (Caused by NewConnectionError(\'<urllib3.connection.HTTPSConnection object at 0x7fc93c5b93c0>: Failed to establish a new connection: [Errno 101] Network is unreachable\'))"), \'(Request ID: 83d0e02b-ded1-47b4-a1b0-b2beb2b6153d)\')\n\nThe above exception was the direct cause of the following exception:\n\nTraceback (most recent call last):\n  File "/home/lijiaxing/.conda/envs/api/lib/python3.10/site-packages/transformers/utils/hub.py", line 479, in cached_files\n    hf_hub_download(\n  File "/home/lijiaxing/.conda/envs/api/lib/python3.10/site-packages/huggingface_hub/utils/_validators.py", line 114, in _inner_fn\n    return fn(*args, **kwargs)\n  File "/home/lijiaxing/.conda/envs/api/lib/python3.10/site-packages/huggingface_hub/file_download.py", line 1010, in hf_hub_download\n    return _hf_hub_download_to_cache_dir(\n  File "/home/lijiaxing/.conda/envs/api/lib/python3.10/site-packages/huggingface_hub/file_download.py", line 1117, in _hf_hub_download_to_cache_dir\n    _raise_on_head_call_error(head_call_error, force_download, local_files_only)\n  File "/home/lijiaxing/.conda/envs/api/lib/python3.10/site-packages/huggingface_hub/file_download.py", line 1661, in _raise_on_head_call_error\n    raise LocalEntryNotFoundError(\nhuggingface_hub.errors.LocalEntryNotFoundError: An error happened while trying to locate the file on the Hub and we cannot find the requested files in the local cache. Please check your connection and try again or make sure your Internet connection is on.\n\nThe above exception was the direct cause of the following exception:\n\nTraceback (most recent call last):\n  File "/cpfs01/shared/llm_kernel/hujiakai/KernelLLM/validation_api_server/evaluator.py", line 92, in _measure_perf_worker\n    exec(textwrap.dedent(code_src), temp_module.__dict__)\n  File "<string>", line 16, in <module>\n  File "/home/lijiaxing/.conda/envs/api/lib/python3.10/site-packages/transformers/models/auto/configuration_auto.py", line 1250, in from_pretrained\n    config_dict, unused_kwargs = PretrainedConfig.get_config_dict(pretrained_model_name_or_path, **kwargs)\n  File "/home/lijiaxing/.conda/envs/api/lib/python3.10/site-packages/transformers/configuration_utils.py", line 649, in get_config_dict\n    config_dict, kwargs = cls._get_config_dict(pretrained_model_name_or_path, **kwargs)\n  File "/home/lijiaxing/.conda/envs/api/lib/python3.10/site-packages/transformers/configuration_utils.py", line 708, in _get_config_dict\n    resolved_config_file = cached_file(\n  File "/home/lijiaxing/.conda/envs/api/lib/python3.10/site-packages/transformers/utils/hub.py", line 321, in cached_file\n    file = cached_files(path_or_repo_id=path_or_repo_id, filenames=[filename], **kwargs)\n  File "/home/lijiaxing/.conda/envs/api/lib/python3.10/site-packages/transformers/utils/hub.py", line 553, in cached_files\n    raise OSError(\nOSError: We couldn\'t connect to \'https://huggingface.co\' to load the files, and couldn\'t find them in the cached files.\nCheck your internet connection or see how to run the library in offline mode at \'https://huggingface.co/docs/transformers/installation#offline-mode\'.\n'}
2025-08-12 18:21:57,097 - __main__ - ERROR - ðŸ’¥ å¤±è´¥ level4_8_facebook-opt-1p3b_bs512_seq32: 'score'
2025-08-12 18:21:57,097 - __main__ - INFO - ----------------------------------------------------------------------
2025-08-12 18:21:57,097 - __main__ - INFO - ðŸ“Š è¿›ç¨‹ rank=21 ç»“æŸ | æˆåŠŸ 9 | å¤±è´¥ 1
2025-08-12 18:21:57,097 - __main__ - INFO - ----------------------------------------------------------------------
